<?xml version="1.0" encoding="UTF-8"?>
<testsuites name="RAD_UI_TestSuite" time="105.608" tests="1" failures="0" errors="0">
   <testsuite name="RAD_UI_TestSuite" tests="1" failures="0" errors="0" time="105.608" skipped="0" timestamp="2021-10-20 00:24:26" hostname="iahmed - DESKTOP-B2QI6NS.govolution.com" id="Test Suites/RAD_TestSuite/RAD_UI_TestSuite">
      <properties>
         <property name="deviceName" value=""/>
         <property name="devicePlatform" value=""/>
         <property name="logFolder" value="E:\\Cloned-Project-Katalon\\VPS-Katalon\\Reports\\20211020_002423\\RAD_TestSuite\\RAD_UI_TestSuite\\20211020_002423"/>
         <property name="logFiles" value="E:\\Cloned-Project-Katalon\\VPS-Katalon\\Reports\\20211020_002423\\RAD_TestSuite\\RAD_UI_TestSuite\\20211020_002423\\execution0.log"/>
         <property name="attachments" value=""/>
         <property name="hostName" value="iahmed - DESKTOP-B2QI6NS.govolution.com"/>
         <property name="os" value="Windows 10 64bit"/>
         <property name="katalonVersion" value="8.0.5.208"/>
         <property name="browser" value="Chrome 94.0.4606.81"/>
         <property name="hostAddress" value="172.30.2.167"/>
         <property name="sessionId" value="bd9afc2a9d662f54f9d2eb1670a82eae"/>
         <property name="seleniumVersion" value="3.141.59"/>
         <property name="proxyInformation" value="ProxyInformation { proxyOption=NO_PROXY, proxyServerType=HTTP, username=, password=********, proxyServerAddress=, proxyServerPort=0, executionList=&quot;&quot;, isApplyToDesiredCapabilities=true }"/>
         <property name="platform" value="Windows 10"/>
      </properties>
      <testcase name="Test Cases/RAD_TestCases/PaymentsHardCoded/Payments_ExistingLiability_HC_TC" time="103.565" classname="Test Cases/RAD_TestCases/PaymentsHardCoded/Payments_ExistingLiability_HC_TC" status="PASSED">
         <system-out><![CDATA[2021-10-20 00:24:27 - [TEST_CASE][PASSED] - Test Cases/RAD_TestCases/PaymentsHardCoded/Payments_ExistingLiability_HC_TC: Test Cases/RAD_TestCases/PaymentsHardCoded/Payments_ExistingLiability_HC_TC

2021-10-20 00:24:27 - [TEST_STEP][PASSED] - resText = "Fail": null

2021-10-20 00:24:27 - [TEST_STEP][PASSED] - resColumn = "Result": null

2021-10-20 00:24:27 - [TEST_STEP][PASSED] - datCloumn = "Date": null

2021-10-20 00:24:27 - [TEST_STEP][PASSED] - fileLoc = "C:\KatalonData\RADTestData\PaymentsELHardCoded.xlsx": null

2021-10-20 00:24:27 - [TEST_STEP][PASSED] - nameSheet = "Sheet1": null

2021-10-20 00:24:27 - [TEST_STEP][PASSED] - dataFile = "RADTestData/PaymentsELHardCoded": null

2021-10-20 00:24:27 - [TEST_STEP][PASSED] - ExecuteTC = <not implemented yet for class: org.codehaus.groovy.ast.expr.EmptyExpression>: null

2021-10-20 00:24:27 - [TEST_STEP][PASSED] - Taxtype = <not implemented yet for class: org.codehaus.groovy.ast.expr.EmptyExpression>: null

2021-10-20 00:24:27 - [TEST_STEP][PASSED] - TaxTypeEL = <not implemented yet for class: org.codehaus.groovy.ast.expr.EmptyExpression>: null

2021-10-20 00:24:27 - [TEST_STEP][PASSED] - FName = <not implemented yet for class: org.codehaus.groovy.ast.expr.EmptyExpression>: null

2021-10-20 00:24:27 - [TEST_STEP][PASSED] - LName = <not implemented yet for class: org.codehaus.groovy.ast.expr.EmptyExpression>: null

2021-10-20 00:24:27 - [TEST_STEP][PASSED] - AL1 = <not implemented yet for class: org.codehaus.groovy.ast.expr.EmptyExpression>: null

2021-10-20 00:24:27 - [TEST_STEP][PASSED] - City = <not implemented yet for class: org.codehaus.groovy.ast.expr.EmptyExpression>: null

2021-10-20 00:24:27 - [TEST_STEP][PASSED] - ZIP = <not implemented yet for class: org.codehaus.groovy.ast.expr.EmptyExpression>: null

2021-10-20 00:24:27 - [TEST_STEP][PASSED] - Amount = <not implemented yet for class: org.codehaus.groovy.ast.expr.EmptyExpression>: null

2021-10-20 00:24:27 - [TEST_STEP][PASSED] - CCNumber = <not implemented yet for class: org.codehaus.groovy.ast.expr.EmptyExpression>: null

2021-10-20 00:24:27 - [TEST_STEP][PASSED] - CVV = <not implemented yet for class: org.codehaus.groovy.ast.expr.EmptyExpression>: null

2021-10-20 00:24:27 - [TEST_STEP][PASSED] - numOfRows = findTestData(dataFile).getRowNumbers(): null

2021-10-20 00:24:28 - [TEST_STEP][PASSED] - println("Number of Records: " + numOfRows): null

2021-10-20 00:24:28 - [TEST_STEP][PASSED] - for ([row = 1, row <= numOfRows, (row++)]): All options with label 'Alcohol Tax' are selected in object 'Object Repository/RAD_Pages/TaxTypeFilingYear_Page/select_TaxType_ExistingLiability' 

2021-10-20 00:24:28 - [TEST_STEP][PASSED] - ExecuteTC = findTestData(dataFile).getValue("Execute", row): null

2021-10-20 00:24:28 - [TEST_STEP][PASSED] - Taxtype = findTestData(dataFile).getValue("TaxType", row): null

2021-10-20 00:24:28 - [TEST_STEP][PASSED] - TaxTypeEL = findTestData(dataFile).getValue("TaxTypeEL", row): null

2021-10-20 00:24:28 - [TEST_STEP][PASSED] - FName = findTestData(dataFile).getValue("Fname", row): null

2021-10-20 00:24:28 - [TEST_STEP][PASSED] - LName = findTestData(dataFile).getValue("Lname", row): null

2021-10-20 00:24:28 - [TEST_STEP][PASSED] - AL1 = findTestData(dataFile).getValue("AL1", row): null

2021-10-20 00:24:28 - [TEST_STEP][PASSED] - City = findTestData(dataFile).getValue("City", row): null

2021-10-20 00:24:28 - [TEST_STEP][PASSED] - ZIP = findTestData(dataFile).getValue("ZIP", row): null

2021-10-20 00:24:29 - [TEST_STEP][PASSED] - Amount = findTestData(dataFile).getValue("Amount", row): null

2021-10-20 00:24:29 - [TEST_STEP][PASSED] - CCNumber = findTestData(dataFile).getValue("CCNumber", row): null

2021-10-20 00:24:29 - [TEST_STEP][PASSED] - CVV = findTestData(dataFile).getValue("CVV", row): null

2021-10-20 00:24:29 - [TEST_STEP][PASSED] - out.println("Value of Execute is : " + ExecuteTC): null

2021-10-20 00:24:29 - [TEST_STEP][PASSED] - if (ExecuteTC.equalsIgnoreCase("Y")): All options with label 'Bay Restoration Fund Tax' are selected in object 'Object Repository/RAD_Pages/TaxTypeFilingYear_Page/select_TaxType_ExistingLiability' 

2021-10-20 00:24:29 - [TEST_STEP][PASSED] - out.println("Begin Record Number: " + row): null

2021-10-20 00:24:29 - [TEST_STEP][PASSED] - today = new java.util.Date(): null

2021-10-20 00:24:29 - [TEST_STEP][PASSED] - println(today): null

2021-10-20 00:24:29 - [TEST_STEP][PASSED] - datText = today: null

2021-10-20 00:24:29 - [TEST_STEP][PASSED] - Taxtype = findTestData(dataFile).getValue("TaxType", row): null

2021-10-20 00:24:29 - [TEST_STEP][PASSED] - out.println("Taxtype value is : " + Taxtype): null

2021-10-20 00:24:29 - [TEST_STEP][PASSED] - openBrowser(""): Browser is opened with url: ''

2021-10-20 00:24:29 - [MESSAGE][INFO] - Starting 'Chrome' driver

2021-10-20 00:24:29 - [MESSAGE][INFO] - User set preference: ['acceptInsecureCerts', 'true']

2021-10-20 00:24:29 - [MESSAGE][INFO] - Action delay is set to 0 milliseconds

2021-10-20 00:24:32 - [MESSAGE][PASSED] - Browser is opened with url: ''

2021-10-20 00:24:32 - [TEST_STEP][PASSED] - maximizeWindow(): Current window maximized

2021-10-20 00:24:33 - [MESSAGE][PASSED] - Current window maximized

2021-10-20 00:24:33 - [TEST_STEP][PASSED] - navigateToUrl(RADurl): Navigate to 'https://qa.velocitypayment.com/client/rad/index.html' successfully

2021-10-20 00:24:34 - [MESSAGE][PASSED] - Navigate to 'https://qa.velocitypayment.com/client/rad/index.html' successfully

2021-10-20 00:24:34 - [TEST_STEP][PASSED] - orPath_Landing = "Object Repository/RAD_Pages/Landing_Page": null

2021-10-20 00:24:34 - [TEST_STEP][PASSED] - orPath_TaxTypeFilingYear = "Object Repository/RAD_Pages/TaxTypeFilingYear_Page": null

2021-10-20 00:24:34 - [TEST_STEP][PASSED] - orPath_TaxPayer = "Object Repository/RAD_Pages/Taxpayer_Page": null

2021-10-20 00:24:34 - [TEST_STEP][PASSED] - orPath_AddressContact = "Object Repository/RAD_Pages/AddressAndContactInfo_Page": null

2021-10-20 00:24:34 - [TEST_STEP][PASSED] - orPath_FilingStatus = "Object Repository/RAD_Pages/FilingStatus_Page": null

2021-10-20 00:24:34 - [TEST_STEP][PASSED] - orPath_Amount = "Object Repository/RAD_Pages/PaymentAmount_Page": null

2021-10-20 00:24:34 - [TEST_STEP][PASSED] - orPath_TaxInfo = "Object Repository/RAD_Pages/TaxInfo_Page": null

2021-10-20 00:24:34 - [TEST_STEP][PASSED] - orPath_Withholding = "Object Repository/RAD_Pages/Withholding_Page": null

2021-10-20 00:24:34 - [TEST_STEP][PASSED] - orPath_Summary = "Object Repository/RAD_Pages/Summary_Page": null

2021-10-20 00:24:34 - [TEST_STEP][PASSED] - orPath_PaymentReady = "Object Repository/RAD_Pages/PaymentReady_Page": null

2021-10-20 00:24:34 - [TEST_STEP][PASSED] - orPath_PaymentEntry = "Object Repository/RAD_Pages/PaymentEntry_Page": null

2021-10-20 00:24:34 - [TEST_STEP][PASSED] - orPath_PaymentConfirmation = "Object Repository/RAD_Pages/PaymentConfirmation_Page": null

2021-10-20 00:24:34 - [TEST_STEP][PASSED] - orPath_ServiceFeesAccept = "Object Repository/RAD_Pages/ServiceFeeAccept_Page": null

2021-10-20 00:24:34 - [TEST_STEP][PASSED] - selectOptionByLabel(findTestObject(orPath_Landing + "/dd_TaxType"), Taxtype, false): All options with label 'Existing Liability' are selected in object 'Object Repository/RAD_Pages/Landing_Page/dd_TaxType' 

2021-10-20 00:24:35 - [MESSAGE][PASSED] - All options with label 'Existing Liability' are selected in object 'Object Repository/RAD_Pages/Landing_Page/dd_TaxType' 

2021-10-20 00:24:35 - [TEST_STEP][PASSED] - delay(3): Delayed 3 second(s)

2021-10-20 00:24:38 - [MESSAGE][PASSED] - Delayed 3 second(s)

2021-10-20 00:24:38 - [TEST_STEP][PASSED] - selectOptionByLabel(findTestObject(orPath_TaxTypeFilingYear + "/select_TaxType_ExistingLiability"), TaxTypeEL, false): All options with label 'Bay Restoration Fund Tax' are selected in object 'Object Repository/RAD_Pages/TaxTypeFilingYear_Page/select_TaxType_ExistingLiability' 

2021-10-20 00:24:39 - [MESSAGE][PASSED] - All options with label 'Bay Restoration Fund Tax' are selected in object 'Object Repository/RAD_Pages/TaxTypeFilingYear_Page/select_TaxType_ExistingLiability' 

2021-10-20 00:24:39 - [TEST_STEP][PASSED] - ExecuteTC = findTestData(dataFile).getValue("Execute", row): null

2021-10-20 00:24:39 - [TEST_STEP][PASSED] - Taxtype = findTestData(dataFile).getValue("TaxType", row): null

2021-10-20 00:24:39 - [TEST_STEP][PASSED] - TaxTypeEL = findTestData(dataFile).getValue("TaxTypeEL", row): null

2021-10-20 00:24:39 - [TEST_STEP][PASSED] - FName = findTestData(dataFile).getValue("Fname", row): null

2021-10-20 00:24:39 - [TEST_STEP][PASSED] - LName = findTestData(dataFile).getValue("Lname", row): null

2021-10-20 00:24:39 - [TEST_STEP][PASSED] - AL1 = findTestData(dataFile).getValue("AL1", row): null

2021-10-20 00:24:39 - [TEST_STEP][PASSED] - City = findTestData(dataFile).getValue("City", row): null

2021-10-20 00:24:39 - [TEST_STEP][PASSED] - ZIP = findTestData(dataFile).getValue("ZIP", row): null

2021-10-20 00:24:39 - [TEST_STEP][PASSED] - Amount = findTestData(dataFile).getValue("Amount", row): null

2021-10-20 00:24:39 - [TEST_STEP][PASSED] - CCNumber = findTestData(dataFile).getValue("CCNumber", row): null

2021-10-20 00:24:39 - [TEST_STEP][PASSED] - CVV = findTestData(dataFile).getValue("CVV", row): null

2021-10-20 00:24:39 - [TEST_STEP][PASSED] - out.println("Value of Execute is : " + ExecuteTC): null

2021-10-20 00:24:39 - [TEST_STEP][PASSED] - if (ExecuteTC.equalsIgnoreCase("Y")): All options with label 'CORP Tax' are selected in object 'Object Repository/RAD_Pages/TaxTypeFilingYear_Page/select_TaxType_ExistingLiability' 

2021-10-20 00:24:39 - [TEST_STEP][PASSED] - out.println("Begin Record Number: " + row): null

2021-10-20 00:24:39 - [TEST_STEP][PASSED] - today = new java.util.Date(): null

2021-10-20 00:24:39 - [TEST_STEP][PASSED] - println(today): null

2021-10-20 00:24:39 - [TEST_STEP][PASSED] - datText = today: null

2021-10-20 00:24:39 - [TEST_STEP][PASSED] - Taxtype = findTestData(dataFile).getValue("TaxType", row): null

2021-10-20 00:24:40 - [TEST_STEP][PASSED] - out.println("Taxtype value is : " + Taxtype): null

2021-10-20 00:24:40 - [TEST_STEP][PASSED] - openBrowser(""): Browser is opened with url: ''

2021-10-20 00:24:40 - [MESSAGE][WARNING] - A browser is already opened. Closing browser and opening a new one

2021-10-20 00:24:40 - [MESSAGE][INFO] - Starting 'Chrome' driver

2021-10-20 00:24:40 - [MESSAGE][INFO] - User set preference: ['acceptInsecureCerts', 'true']

2021-10-20 00:24:40 - [MESSAGE][INFO] - Action delay is set to 0 milliseconds

2021-10-20 00:24:42 - [MESSAGE][PASSED] - Browser is opened with url: ''

2021-10-20 00:24:42 - [TEST_STEP][PASSED] - maximizeWindow(): Current window maximized

2021-10-20 00:24:42 - [MESSAGE][PASSED] - Current window maximized

2021-10-20 00:24:42 - [TEST_STEP][PASSED] - navigateToUrl(RADurl): Navigate to 'https://qa.velocitypayment.com/client/rad/index.html' successfully

2021-10-20 00:24:44 - [MESSAGE][PASSED] - Navigate to 'https://qa.velocitypayment.com/client/rad/index.html' successfully

2021-10-20 00:24:44 - [TEST_STEP][PASSED] - orPath_Landing = "Object Repository/RAD_Pages/Landing_Page": null

2021-10-20 00:24:44 - [TEST_STEP][PASSED] - orPath_TaxTypeFilingYear = "Object Repository/RAD_Pages/TaxTypeFilingYear_Page": null

2021-10-20 00:24:44 - [TEST_STEP][PASSED] - orPath_TaxPayer = "Object Repository/RAD_Pages/Taxpayer_Page": null

2021-10-20 00:24:44 - [TEST_STEP][PASSED] - orPath_AddressContact = "Object Repository/RAD_Pages/AddressAndContactInfo_Page": null

2021-10-20 00:24:44 - [TEST_STEP][PASSED] - orPath_FilingStatus = "Object Repository/RAD_Pages/FilingStatus_Page": null

2021-10-20 00:24:44 - [TEST_STEP][PASSED] - orPath_Amount = "Object Repository/RAD_Pages/PaymentAmount_Page": null

2021-10-20 00:24:44 - [TEST_STEP][PASSED] - orPath_TaxInfo = "Object Repository/RAD_Pages/TaxInfo_Page": null

2021-10-20 00:24:44 - [TEST_STEP][PASSED] - orPath_Withholding = "Object Repository/RAD_Pages/Withholding_Page": null

2021-10-20 00:24:44 - [TEST_STEP][PASSED] - orPath_Summary = "Object Repository/RAD_Pages/Summary_Page": null

2021-10-20 00:24:44 - [TEST_STEP][PASSED] - orPath_PaymentReady = "Object Repository/RAD_Pages/PaymentReady_Page": null

2021-10-20 00:24:44 - [TEST_STEP][PASSED] - orPath_PaymentEntry = "Object Repository/RAD_Pages/PaymentEntry_Page": null

2021-10-20 00:24:44 - [TEST_STEP][PASSED] - orPath_PaymentConfirmation = "Object Repository/RAD_Pages/PaymentConfirmation_Page": null

2021-10-20 00:24:44 - [TEST_STEP][PASSED] - orPath_ServiceFeesAccept = "Object Repository/RAD_Pages/ServiceFeeAccept_Page": null

2021-10-20 00:24:44 - [TEST_STEP][PASSED] - selectOptionByLabel(findTestObject(orPath_Landing + "/dd_TaxType"), Taxtype, false): All options with label 'Existing Liability' are selected in object 'Object Repository/RAD_Pages/Landing_Page/dd_TaxType' 

2021-10-20 00:24:45 - [MESSAGE][PASSED] - All options with label 'Existing Liability' are selected in object 'Object Repository/RAD_Pages/Landing_Page/dd_TaxType' 

2021-10-20 00:24:45 - [TEST_STEP][PASSED] - delay(3): Delayed 3 second(s)

2021-10-20 00:24:48 - [MESSAGE][PASSED] - Delayed 3 second(s)

2021-10-20 00:24:48 - [TEST_STEP][PASSED] - selectOptionByLabel(findTestObject(orPath_TaxTypeFilingYear + "/select_TaxType_ExistingLiability"), TaxTypeEL, false): All options with label 'CORP Tax' are selected in object 'Object Repository/RAD_Pages/TaxTypeFilingYear_Page/select_TaxType_ExistingLiability' 

2021-10-20 00:24:48 - [MESSAGE][PASSED] - All options with label 'CORP Tax' are selected in object 'Object Repository/RAD_Pages/TaxTypeFilingYear_Page/select_TaxType_ExistingLiability' 

2021-10-20 00:24:48 - [TEST_STEP][PASSED] - ExecuteTC = findTestData(dataFile).getValue("Execute", row): null

2021-10-20 00:24:48 - [TEST_STEP][PASSED] - Taxtype = findTestData(dataFile).getValue("TaxType", row): null

2021-10-20 00:24:48 - [TEST_STEP][PASSED] - TaxTypeEL = findTestData(dataFile).getValue("TaxTypeEL", row): null

2021-10-20 00:24:48 - [TEST_STEP][PASSED] - FName = findTestData(dataFile).getValue("Fname", row): null

2021-10-20 00:24:48 - [TEST_STEP][PASSED] - LName = findTestData(dataFile).getValue("Lname", row): null

2021-10-20 00:24:49 - [TEST_STEP][PASSED] - AL1 = findTestData(dataFile).getValue("AL1", row): null

2021-10-20 00:24:49 - [TEST_STEP][PASSED] - City = findTestData(dataFile).getValue("City", row): null

2021-10-20 00:24:49 - [TEST_STEP][PASSED] - ZIP = findTestData(dataFile).getValue("ZIP", row): null

2021-10-20 00:24:49 - [TEST_STEP][PASSED] - Amount = findTestData(dataFile).getValue("Amount", row): null

2021-10-20 00:24:49 - [TEST_STEP][PASSED] - CCNumber = findTestData(dataFile).getValue("CCNumber", row): null

2021-10-20 00:24:49 - [TEST_STEP][PASSED] - CVV = findTestData(dataFile).getValue("CVV", row): null

2021-10-20 00:24:49 - [TEST_STEP][PASSED] - out.println("Value of Execute is : " + ExecuteTC): null

2021-10-20 00:24:49 - [TEST_STEP][PASSED] - if (ExecuteTC.equalsIgnoreCase("Y")): All options with label 'Fiduciary Tax' are selected in object 'Object Repository/RAD_Pages/TaxTypeFilingYear_Page/select_TaxType_ExistingLiability' 

2021-10-20 00:24:49 - [TEST_STEP][PASSED] - out.println("Begin Record Number: " + row): null

2021-10-20 00:24:49 - [TEST_STEP][PASSED] - today = new java.util.Date(): null

2021-10-20 00:24:49 - [TEST_STEP][PASSED] - println(today): null

2021-10-20 00:24:49 - [TEST_STEP][PASSED] - datText = today: null

2021-10-20 00:24:49 - [TEST_STEP][PASSED] - Taxtype = findTestData(dataFile).getValue("TaxType", row): null

2021-10-20 00:24:49 - [TEST_STEP][PASSED] - out.println("Taxtype value is : " + Taxtype): null

2021-10-20 00:24:49 - [TEST_STEP][PASSED] - openBrowser(""): Browser is opened with url: ''

2021-10-20 00:24:49 - [MESSAGE][WARNING] - A browser is already opened. Closing browser and opening a new one

2021-10-20 00:24:50 - [MESSAGE][INFO] - Starting 'Chrome' driver

2021-10-20 00:24:50 - [MESSAGE][INFO] - User set preference: ['acceptInsecureCerts', 'true']

2021-10-20 00:24:50 - [MESSAGE][INFO] - Action delay is set to 0 milliseconds

2021-10-20 00:24:51 - [MESSAGE][PASSED] - Browser is opened with url: ''

2021-10-20 00:24:51 - [TEST_STEP][PASSED] - maximizeWindow(): Current window maximized

2021-10-20 00:24:51 - [MESSAGE][PASSED] - Current window maximized

2021-10-20 00:24:51 - [TEST_STEP][PASSED] - navigateToUrl(RADurl): Navigate to 'https://qa.velocitypayment.com/client/rad/index.html' successfully

2021-10-20 00:24:53 - [MESSAGE][PASSED] - Navigate to 'https://qa.velocitypayment.com/client/rad/index.html' successfully

2021-10-20 00:24:53 - [TEST_STEP][PASSED] - orPath_Landing = "Object Repository/RAD_Pages/Landing_Page": null

2021-10-20 00:24:53 - [TEST_STEP][PASSED] - orPath_TaxTypeFilingYear = "Object Repository/RAD_Pages/TaxTypeFilingYear_Page": null

2021-10-20 00:24:53 - [TEST_STEP][PASSED] - orPath_TaxPayer = "Object Repository/RAD_Pages/Taxpayer_Page": null

2021-10-20 00:24:53 - [TEST_STEP][PASSED] - orPath_AddressContact = "Object Repository/RAD_Pages/AddressAndContactInfo_Page": null

2021-10-20 00:24:53 - [TEST_STEP][PASSED] - orPath_FilingStatus = "Object Repository/RAD_Pages/FilingStatus_Page": null

2021-10-20 00:24:53 - [TEST_STEP][PASSED] - orPath_Amount = "Object Repository/RAD_Pages/PaymentAmount_Page": null

2021-10-20 00:24:53 - [TEST_STEP][PASSED] - orPath_TaxInfo = "Object Repository/RAD_Pages/TaxInfo_Page": null

2021-10-20 00:24:53 - [TEST_STEP][PASSED] - orPath_Withholding = "Object Repository/RAD_Pages/Withholding_Page": null

2021-10-20 00:24:53 - [TEST_STEP][PASSED] - orPath_Summary = "Object Repository/RAD_Pages/Summary_Page": null

2021-10-20 00:24:53 - [TEST_STEP][PASSED] - orPath_PaymentReady = "Object Repository/RAD_Pages/PaymentReady_Page": null

2021-10-20 00:24:53 - [TEST_STEP][PASSED] - orPath_PaymentEntry = "Object Repository/RAD_Pages/PaymentEntry_Page": null

2021-10-20 00:24:53 - [TEST_STEP][PASSED] - orPath_PaymentConfirmation = "Object Repository/RAD_Pages/PaymentConfirmation_Page": null

2021-10-20 00:24:53 - [TEST_STEP][PASSED] - orPath_ServiceFeesAccept = "Object Repository/RAD_Pages/ServiceFeeAccept_Page": null

2021-10-20 00:24:53 - [TEST_STEP][PASSED] - selectOptionByLabel(findTestObject(orPath_Landing + "/dd_TaxType"), Taxtype, false): All options with label 'Existing Liability' are selected in object 'Object Repository/RAD_Pages/Landing_Page/dd_TaxType' 

2021-10-20 00:24:54 - [MESSAGE][PASSED] - All options with label 'Existing Liability' are selected in object 'Object Repository/RAD_Pages/Landing_Page/dd_TaxType' 

2021-10-20 00:24:54 - [TEST_STEP][PASSED] - delay(3): Delayed 3 second(s)

2021-10-20 00:24:57 - [MESSAGE][PASSED] - Delayed 3 second(s)

2021-10-20 00:24:57 - [TEST_STEP][PASSED] - selectOptionByLabel(findTestObject(orPath_TaxTypeFilingYear + "/select_TaxType_ExistingLiability"), TaxTypeEL, false): All options with label 'Fiduciary Tax' are selected in object 'Object Repository/RAD_Pages/TaxTypeFilingYear_Page/select_TaxType_ExistingLiability' 

2021-10-20 00:24:57 - [MESSAGE][PASSED] - All options with label 'Fiduciary Tax' are selected in object 'Object Repository/RAD_Pages/TaxTypeFilingYear_Page/select_TaxType_ExistingLiability' 

2021-10-20 00:24:57 - [TEST_STEP][PASSED] - ExecuteTC = findTestData(dataFile).getValue("Execute", row): null

2021-10-20 00:24:57 - [TEST_STEP][PASSED] - Taxtype = findTestData(dataFile).getValue("TaxType", row): null

2021-10-20 00:24:57 - [TEST_STEP][PASSED] - TaxTypeEL = findTestData(dataFile).getValue("TaxTypeEL", row): null

2021-10-20 00:24:58 - [TEST_STEP][PASSED] - FName = findTestData(dataFile).getValue("Fname", row): null

2021-10-20 00:24:58 - [TEST_STEP][PASSED] - LName = findTestData(dataFile).getValue("Lname", row): null

2021-10-20 00:24:58 - [TEST_STEP][PASSED] - AL1 = findTestData(dataFile).getValue("AL1", row): null

2021-10-20 00:24:58 - [TEST_STEP][PASSED] - City = findTestData(dataFile).getValue("City", row): null

2021-10-20 00:24:58 - [TEST_STEP][PASSED] - ZIP = findTestData(dataFile).getValue("ZIP", row): null

2021-10-20 00:24:58 - [TEST_STEP][PASSED] - Amount = findTestData(dataFile).getValue("Amount", row): null

2021-10-20 00:24:58 - [TEST_STEP][PASSED] - CCNumber = findTestData(dataFile).getValue("CCNumber", row): null

2021-10-20 00:24:58 - [TEST_STEP][PASSED] - CVV = findTestData(dataFile).getValue("CVV", row): null

2021-10-20 00:24:58 - [TEST_STEP][PASSED] - out.println("Value of Execute is : " + ExecuteTC): null

2021-10-20 00:24:58 - [TEST_STEP][PASSED] - if (ExecuteTC.equalsIgnoreCase("Y")): All options with label 'Personal Tax' are selected in object 'Object Repository/RAD_Pages/TaxTypeFilingYear_Page/select_TaxType_ExistingLiability' 

2021-10-20 00:24:58 - [TEST_STEP][PASSED] - out.println("Begin Record Number: " + row): null

2021-10-20 00:24:58 - [TEST_STEP][PASSED] - today = new java.util.Date(): null

2021-10-20 00:24:58 - [TEST_STEP][PASSED] - println(today): null

2021-10-20 00:24:58 - [TEST_STEP][PASSED] - datText = today: null

2021-10-20 00:24:58 - [TEST_STEP][PASSED] - Taxtype = findTestData(dataFile).getValue("TaxType", row): null

2021-10-20 00:24:58 - [TEST_STEP][PASSED] - out.println("Taxtype value is : " + Taxtype): null

2021-10-20 00:24:58 - [TEST_STEP][PASSED] - openBrowser(""): Browser is opened with url: ''

2021-10-20 00:24:58 - [MESSAGE][WARNING] - A browser is already opened. Closing browser and opening a new one

2021-10-20 00:24:59 - [MESSAGE][INFO] - Starting 'Chrome' driver

2021-10-20 00:24:59 - [MESSAGE][INFO] - User set preference: ['acceptInsecureCerts', 'true']

2021-10-20 00:24:59 - [MESSAGE][INFO] - Action delay is set to 0 milliseconds

2021-10-20 00:25:00 - [MESSAGE][PASSED] - Browser is opened with url: ''

2021-10-20 00:25:00 - [TEST_STEP][PASSED] - maximizeWindow(): Current window maximized

2021-10-20 00:25:01 - [MESSAGE][PASSED] - Current window maximized

2021-10-20 00:25:01 - [TEST_STEP][PASSED] - navigateToUrl(RADurl): Navigate to 'https://qa.velocitypayment.com/client/rad/index.html' successfully

2021-10-20 00:25:02 - [MESSAGE][PASSED] - Navigate to 'https://qa.velocitypayment.com/client/rad/index.html' successfully

2021-10-20 00:25:02 - [TEST_STEP][PASSED] - orPath_Landing = "Object Repository/RAD_Pages/Landing_Page": null

2021-10-20 00:25:02 - [TEST_STEP][PASSED] - orPath_TaxTypeFilingYear = "Object Repository/RAD_Pages/TaxTypeFilingYear_Page": null

2021-10-20 00:25:02 - [TEST_STEP][PASSED] - orPath_TaxPayer = "Object Repository/RAD_Pages/Taxpayer_Page": null

2021-10-20 00:25:02 - [TEST_STEP][PASSED] - orPath_AddressContact = "Object Repository/RAD_Pages/AddressAndContactInfo_Page": null

2021-10-20 00:25:02 - [TEST_STEP][PASSED] - orPath_FilingStatus = "Object Repository/RAD_Pages/FilingStatus_Page": null

2021-10-20 00:25:02 - [TEST_STEP][PASSED] - orPath_Amount = "Object Repository/RAD_Pages/PaymentAmount_Page": null

2021-10-20 00:25:02 - [TEST_STEP][PASSED] - orPath_TaxInfo = "Object Repository/RAD_Pages/TaxInfo_Page": null

2021-10-20 00:25:02 - [TEST_STEP][PASSED] - orPath_Withholding = "Object Repository/RAD_Pages/Withholding_Page": null

2021-10-20 00:25:02 - [TEST_STEP][PASSED] - orPath_Summary = "Object Repository/RAD_Pages/Summary_Page": null

2021-10-20 00:25:02 - [TEST_STEP][PASSED] - orPath_PaymentReady = "Object Repository/RAD_Pages/PaymentReady_Page": null

2021-10-20 00:25:02 - [TEST_STEP][PASSED] - orPath_PaymentEntry = "Object Repository/RAD_Pages/PaymentEntry_Page": null

2021-10-20 00:25:02 - [TEST_STEP][PASSED] - orPath_PaymentConfirmation = "Object Repository/RAD_Pages/PaymentConfirmation_Page": null

2021-10-20 00:25:02 - [TEST_STEP][PASSED] - orPath_ServiceFeesAccept = "Object Repository/RAD_Pages/ServiceFeeAccept_Page": null

2021-10-20 00:25:02 - [TEST_STEP][PASSED] - selectOptionByLabel(findTestObject(orPath_Landing + "/dd_TaxType"), Taxtype, false): All options with label 'Existing Liability' are selected in object 'Object Repository/RAD_Pages/Landing_Page/dd_TaxType' 

2021-10-20 00:25:03 - [MESSAGE][PASSED] - All options with label 'Existing Liability' are selected in object 'Object Repository/RAD_Pages/Landing_Page/dd_TaxType' 

2021-10-20 00:25:03 - [TEST_STEP][PASSED] - delay(3): Delayed 3 second(s)

2021-10-20 00:25:06 - [MESSAGE][PASSED] - Delayed 3 second(s)

2021-10-20 00:25:06 - [TEST_STEP][PASSED] - selectOptionByLabel(findTestObject(orPath_TaxTypeFilingYear + "/select_TaxType_ExistingLiability"), TaxTypeEL, false): All options with label 'Personal Tax' are selected in object 'Object Repository/RAD_Pages/TaxTypeFilingYear_Page/select_TaxType_ExistingLiability' 

2021-10-20 00:25:07 - [MESSAGE][PASSED] - All options with label 'Personal Tax' are selected in object 'Object Repository/RAD_Pages/TaxTypeFilingYear_Page/select_TaxType_ExistingLiability' 

2021-10-20 00:25:07 - [TEST_STEP][PASSED] - ExecuteTC = findTestData(dataFile).getValue("Execute", row): null

2021-10-20 00:25:07 - [TEST_STEP][PASSED] - Taxtype = findTestData(dataFile).getValue("TaxType", row): null

2021-10-20 00:25:07 - [TEST_STEP][PASSED] - TaxTypeEL = findTestData(dataFile).getValue("TaxTypeEL", row): null

2021-10-20 00:25:07 - [TEST_STEP][PASSED] - FName = findTestData(dataFile).getValue("Fname", row): null

2021-10-20 00:25:07 - [TEST_STEP][PASSED] - LName = findTestData(dataFile).getValue("Lname", row): null

2021-10-20 00:25:07 - [TEST_STEP][PASSED] - AL1 = findTestData(dataFile).getValue("AL1", row): null

2021-10-20 00:25:07 - [TEST_STEP][PASSED] - City = findTestData(dataFile).getValue("City", row): null

2021-10-20 00:25:07 - [TEST_STEP][PASSED] - ZIP = findTestData(dataFile).getValue("ZIP", row): null

2021-10-20 00:25:07 - [TEST_STEP][PASSED] - Amount = findTestData(dataFile).getValue("Amount", row): null

2021-10-20 00:25:07 - [TEST_STEP][PASSED] - CCNumber = findTestData(dataFile).getValue("CCNumber", row): null

2021-10-20 00:25:07 - [TEST_STEP][PASSED] - CVV = findTestData(dataFile).getValue("CVV", row): null

2021-10-20 00:25:07 - [TEST_STEP][PASSED] - out.println("Value of Execute is : " + ExecuteTC): null

2021-10-20 00:25:07 - [TEST_STEP][PASSED] - if (ExecuteTC.equalsIgnoreCase("Y")): All options with label 'PTE (Partnership)' are selected in object 'Object Repository/RAD_Pages/TaxTypeFilingYear_Page/select_TaxType_ExistingLiability' 

2021-10-20 00:25:07 - [TEST_STEP][PASSED] - out.println("Begin Record Number: " + row): null

2021-10-20 00:25:07 - [TEST_STEP][PASSED] - today = new java.util.Date(): null

2021-10-20 00:25:07 - [TEST_STEP][PASSED] - println(today): null

2021-10-20 00:25:07 - [TEST_STEP][PASSED] - datText = today: null

2021-10-20 00:25:07 - [TEST_STEP][PASSED] - Taxtype = findTestData(dataFile).getValue("TaxType", row): null

2021-10-20 00:25:07 - [TEST_STEP][PASSED] - out.println("Taxtype value is : " + Taxtype): null

2021-10-20 00:25:07 - [TEST_STEP][PASSED] - openBrowser(""): Browser is opened with url: ''

2021-10-20 00:25:07 - [MESSAGE][WARNING] - A browser is already opened. Closing browser and opening a new one

2021-10-20 00:25:08 - [MESSAGE][INFO] - Starting 'Chrome' driver

2021-10-20 00:25:08 - [MESSAGE][INFO] - User set preference: ['acceptInsecureCerts', 'true']

2021-10-20 00:25:08 - [MESSAGE][INFO] - Action delay is set to 0 milliseconds

2021-10-20 00:25:10 - [MESSAGE][PASSED] - Browser is opened with url: ''

2021-10-20 00:25:10 - [TEST_STEP][PASSED] - maximizeWindow(): Current window maximized

2021-10-20 00:25:10 - [MESSAGE][PASSED] - Current window maximized

2021-10-20 00:25:10 - [TEST_STEP][PASSED] - navigateToUrl(RADurl): Navigate to 'https://qa.velocitypayment.com/client/rad/index.html' successfully

2021-10-20 00:25:11 - [MESSAGE][PASSED] - Navigate to 'https://qa.velocitypayment.com/client/rad/index.html' successfully

2021-10-20 00:25:11 - [TEST_STEP][PASSED] - orPath_Landing = "Object Repository/RAD_Pages/Landing_Page": null

2021-10-20 00:25:11 - [TEST_STEP][PASSED] - orPath_TaxTypeFilingYear = "Object Repository/RAD_Pages/TaxTypeFilingYear_Page": null

2021-10-20 00:25:11 - [TEST_STEP][PASSED] - orPath_TaxPayer = "Object Repository/RAD_Pages/Taxpayer_Page": null

2021-10-20 00:25:11 - [TEST_STEP][PASSED] - orPath_AddressContact = "Object Repository/RAD_Pages/AddressAndContactInfo_Page": null

2021-10-20 00:25:11 - [TEST_STEP][PASSED] - orPath_FilingStatus = "Object Repository/RAD_Pages/FilingStatus_Page": null

2021-10-20 00:25:11 - [TEST_STEP][PASSED] - orPath_Amount = "Object Repository/RAD_Pages/PaymentAmount_Page": null

2021-10-20 00:25:11 - [TEST_STEP][PASSED] - orPath_TaxInfo = "Object Repository/RAD_Pages/TaxInfo_Page": null

2021-10-20 00:25:11 - [TEST_STEP][PASSED] - orPath_Withholding = "Object Repository/RAD_Pages/Withholding_Page": null

2021-10-20 00:25:11 - [TEST_STEP][PASSED] - orPath_Summary = "Object Repository/RAD_Pages/Summary_Page": null

2021-10-20 00:25:11 - [TEST_STEP][PASSED] - orPath_PaymentReady = "Object Repository/RAD_Pages/PaymentReady_Page": null

2021-10-20 00:25:11 - [TEST_STEP][PASSED] - orPath_PaymentEntry = "Object Repository/RAD_Pages/PaymentEntry_Page": null

2021-10-20 00:25:11 - [TEST_STEP][PASSED] - orPath_PaymentConfirmation = "Object Repository/RAD_Pages/PaymentConfirmation_Page": null

2021-10-20 00:25:11 - [TEST_STEP][PASSED] - orPath_ServiceFeesAccept = "Object Repository/RAD_Pages/ServiceFeeAccept_Page": null

2021-10-20 00:25:11 - [TEST_STEP][PASSED] - selectOptionByLabel(findTestObject(orPath_Landing + "/dd_TaxType"), Taxtype, false): All options with label 'Existing Liability' are selected in object 'Object Repository/RAD_Pages/Landing_Page/dd_TaxType' 

2021-10-20 00:25:12 - [MESSAGE][PASSED] - All options with label 'Existing Liability' are selected in object 'Object Repository/RAD_Pages/Landing_Page/dd_TaxType' 

2021-10-20 00:25:12 - [TEST_STEP][PASSED] - delay(3): Delayed 3 second(s)

2021-10-20 00:25:15 - [MESSAGE][PASSED] - Delayed 3 second(s)

2021-10-20 00:25:15 - [TEST_STEP][PASSED] - selectOptionByLabel(findTestObject(orPath_TaxTypeFilingYear + "/select_TaxType_ExistingLiability"), TaxTypeEL, false): All options with label 'PTE (Partnership)' are selected in object 'Object Repository/RAD_Pages/TaxTypeFilingYear_Page/select_TaxType_ExistingLiability' 

2021-10-20 00:25:16 - [MESSAGE][PASSED] - All options with label 'PTE (Partnership)' are selected in object 'Object Repository/RAD_Pages/TaxTypeFilingYear_Page/select_TaxType_ExistingLiability' 

2021-10-20 00:25:16 - [TEST_STEP][PASSED] - ExecuteTC = findTestData(dataFile).getValue("Execute", row): null

2021-10-20 00:25:16 - [TEST_STEP][PASSED] - Taxtype = findTestData(dataFile).getValue("TaxType", row): null

2021-10-20 00:25:16 - [TEST_STEP][PASSED] - TaxTypeEL = findTestData(dataFile).getValue("TaxTypeEL", row): null

2021-10-20 00:25:16 - [TEST_STEP][PASSED] - FName = findTestData(dataFile).getValue("Fname", row): null

2021-10-20 00:25:16 - [TEST_STEP][PASSED] - LName = findTestData(dataFile).getValue("Lname", row): null

2021-10-20 00:25:16 - [TEST_STEP][PASSED] - AL1 = findTestData(dataFile).getValue("AL1", row): null

2021-10-20 00:25:16 - [TEST_STEP][PASSED] - City = findTestData(dataFile).getValue("City", row): null

2021-10-20 00:25:16 - [TEST_STEP][PASSED] - ZIP = findTestData(dataFile).getValue("ZIP", row): null

2021-10-20 00:25:16 - [TEST_STEP][PASSED] - Amount = findTestData(dataFile).getValue("Amount", row): null

2021-10-20 00:25:16 - [TEST_STEP][PASSED] - CCNumber = findTestData(dataFile).getValue("CCNumber", row): null

2021-10-20 00:25:16 - [TEST_STEP][PASSED] - CVV = findTestData(dataFile).getValue("CVV", row): null

2021-10-20 00:25:16 - [TEST_STEP][PASSED] - out.println("Value of Execute is : " + ExecuteTC): null

2021-10-20 00:25:16 - [TEST_STEP][PASSED] - if (ExecuteTC.equalsIgnoreCase("Y")): All options with label 'PTE (LLC)' are selected in object 'Object Repository/RAD_Pages/TaxTypeFilingYear_Page/select_TaxType_ExistingLiability' 

2021-10-20 00:25:16 - [TEST_STEP][PASSED] - out.println("Begin Record Number: " + row): null

2021-10-20 00:25:16 - [TEST_STEP][PASSED] - today = new java.util.Date(): null

2021-10-20 00:25:16 - [TEST_STEP][PASSED] - println(today): null

2021-10-20 00:25:16 - [TEST_STEP][PASSED] - datText = today: null

2021-10-20 00:25:16 - [TEST_STEP][PASSED] - Taxtype = findTestData(dataFile).getValue("TaxType", row): null

2021-10-20 00:25:16 - [TEST_STEP][PASSED] - out.println("Taxtype value is : " + Taxtype): null

2021-10-20 00:25:16 - [TEST_STEP][PASSED] - openBrowser(""): Browser is opened with url: ''

2021-10-20 00:25:16 - [MESSAGE][WARNING] - A browser is already opened. Closing browser and opening a new one

2021-10-20 00:25:17 - [MESSAGE][INFO] - Starting 'Chrome' driver

2021-10-20 00:25:17 - [MESSAGE][INFO] - User set preference: ['acceptInsecureCerts', 'true']

2021-10-20 00:25:17 - [MESSAGE][INFO] - Action delay is set to 0 milliseconds

2021-10-20 00:25:19 - [MESSAGE][PASSED] - Browser is opened with url: ''

2021-10-20 00:25:19 - [TEST_STEP][PASSED] - maximizeWindow(): Current window maximized

2021-10-20 00:25:19 - [MESSAGE][PASSED] - Current window maximized

2021-10-20 00:25:19 - [TEST_STEP][PASSED] - navigateToUrl(RADurl): Navigate to 'https://qa.velocitypayment.com/client/rad/index.html' successfully

2021-10-20 00:25:20 - [MESSAGE][PASSED] - Navigate to 'https://qa.velocitypayment.com/client/rad/index.html' successfully

2021-10-20 00:25:20 - [TEST_STEP][PASSED] - orPath_Landing = "Object Repository/RAD_Pages/Landing_Page": null

2021-10-20 00:25:20 - [TEST_STEP][PASSED] - orPath_TaxTypeFilingYear = "Object Repository/RAD_Pages/TaxTypeFilingYear_Page": null

2021-10-20 00:25:20 - [TEST_STEP][PASSED] - orPath_TaxPayer = "Object Repository/RAD_Pages/Taxpayer_Page": null

2021-10-20 00:25:20 - [TEST_STEP][PASSED] - orPath_AddressContact = "Object Repository/RAD_Pages/AddressAndContactInfo_Page": null

2021-10-20 00:25:20 - [TEST_STEP][PASSED] - orPath_FilingStatus = "Object Repository/RAD_Pages/FilingStatus_Page": null

2021-10-20 00:25:20 - [TEST_STEP][PASSED] - orPath_Amount = "Object Repository/RAD_Pages/PaymentAmount_Page": null

2021-10-20 00:25:20 - [TEST_STEP][PASSED] - orPath_TaxInfo = "Object Repository/RAD_Pages/TaxInfo_Page": null

2021-10-20 00:25:20 - [TEST_STEP][PASSED] - orPath_Withholding = "Object Repository/RAD_Pages/Withholding_Page": null

2021-10-20 00:25:20 - [TEST_STEP][PASSED] - orPath_Summary = "Object Repository/RAD_Pages/Summary_Page": null

2021-10-20 00:25:20 - [TEST_STEP][PASSED] - orPath_PaymentReady = "Object Repository/RAD_Pages/PaymentReady_Page": null

2021-10-20 00:25:20 - [TEST_STEP][PASSED] - orPath_PaymentEntry = "Object Repository/RAD_Pages/PaymentEntry_Page": null

2021-10-20 00:25:20 - [TEST_STEP][PASSED] - orPath_PaymentConfirmation = "Object Repository/RAD_Pages/PaymentConfirmation_Page": null

2021-10-20 00:25:20 - [TEST_STEP][PASSED] - orPath_ServiceFeesAccept = "Object Repository/RAD_Pages/ServiceFeeAccept_Page": null

2021-10-20 00:25:20 - [TEST_STEP][PASSED] - selectOptionByLabel(findTestObject(orPath_Landing + "/dd_TaxType"), Taxtype, false): All options with label 'Existing Liability' are selected in object 'Object Repository/RAD_Pages/Landing_Page/dd_TaxType' 

2021-10-20 00:25:21 - [MESSAGE][PASSED] - All options with label 'Existing Liability' are selected in object 'Object Repository/RAD_Pages/Landing_Page/dd_TaxType' 

2021-10-20 00:25:21 - [TEST_STEP][PASSED] - delay(3): Delayed 3 second(s)

2021-10-20 00:25:24 - [MESSAGE][PASSED] - Delayed 3 second(s)

2021-10-20 00:25:24 - [TEST_STEP][PASSED] - selectOptionByLabel(findTestObject(orPath_TaxTypeFilingYear + "/select_TaxType_ExistingLiability"), TaxTypeEL, false): All options with label 'PTE (LLC)' are selected in object 'Object Repository/RAD_Pages/TaxTypeFilingYear_Page/select_TaxType_ExistingLiability' 

2021-10-20 00:25:25 - [MESSAGE][PASSED] - All options with label 'PTE (LLC)' are selected in object 'Object Repository/RAD_Pages/TaxTypeFilingYear_Page/select_TaxType_ExistingLiability' 

2021-10-20 00:25:25 - [TEST_STEP][PASSED] - ExecuteTC = findTestData(dataFile).getValue("Execute", row): null

2021-10-20 00:25:25 - [TEST_STEP][PASSED] - Taxtype = findTestData(dataFile).getValue("TaxType", row): null

2021-10-20 00:25:25 - [TEST_STEP][PASSED] - TaxTypeEL = findTestData(dataFile).getValue("TaxTypeEL", row): null

2021-10-20 00:25:25 - [TEST_STEP][PASSED] - FName = findTestData(dataFile).getValue("Fname", row): null

2021-10-20 00:25:25 - [TEST_STEP][PASSED] - LName = findTestData(dataFile).getValue("Lname", row): null

2021-10-20 00:25:25 - [TEST_STEP][PASSED] - AL1 = findTestData(dataFile).getValue("AL1", row): null

2021-10-20 00:25:25 - [TEST_STEP][PASSED] - City = findTestData(dataFile).getValue("City", row): null

2021-10-20 00:25:25 - [TEST_STEP][PASSED] - ZIP = findTestData(dataFile).getValue("ZIP", row): null

2021-10-20 00:25:25 - [TEST_STEP][PASSED] - Amount = findTestData(dataFile).getValue("Amount", row): null

2021-10-20 00:25:25 - [TEST_STEP][PASSED] - CCNumber = findTestData(dataFile).getValue("CCNumber", row): null

2021-10-20 00:25:26 - [TEST_STEP][PASSED] - CVV = findTestData(dataFile).getValue("CVV", row): null

2021-10-20 00:25:26 - [TEST_STEP][PASSED] - out.println("Value of Execute is : " + ExecuteTC): null

2021-10-20 00:25:26 - [TEST_STEP][PASSED] - if (ExecuteTC.equalsIgnoreCase("Y")): All options with label 'PTE (SCorp)' are selected in object 'Object Repository/RAD_Pages/TaxTypeFilingYear_Page/select_TaxType_ExistingLiability' 

2021-10-20 00:25:26 - [TEST_STEP][PASSED] - out.println("Begin Record Number: " + row): null

2021-10-20 00:25:26 - [TEST_STEP][PASSED] - today = new java.util.Date(): null

2021-10-20 00:25:26 - [TEST_STEP][PASSED] - println(today): null

2021-10-20 00:25:26 - [TEST_STEP][PASSED] - datText = today: null

2021-10-20 00:25:26 - [TEST_STEP][PASSED] - Taxtype = findTestData(dataFile).getValue("TaxType", row): null

2021-10-20 00:25:26 - [TEST_STEP][PASSED] - out.println("Taxtype value is : " + Taxtype): null

2021-10-20 00:25:26 - [TEST_STEP][PASSED] - openBrowser(""): Browser is opened with url: ''

2021-10-20 00:25:26 - [MESSAGE][WARNING] - A browser is already opened. Closing browser and opening a new one

2021-10-20 00:25:27 - [MESSAGE][INFO] - Starting 'Chrome' driver

2021-10-20 00:25:27 - [MESSAGE][INFO] - User set preference: ['acceptInsecureCerts', 'true']

2021-10-20 00:25:27 - [MESSAGE][INFO] - Action delay is set to 0 milliseconds

2021-10-20 00:25:28 - [MESSAGE][PASSED] - Browser is opened with url: ''

2021-10-20 00:25:28 - [TEST_STEP][PASSED] - maximizeWindow(): Current window maximized

2021-10-20 00:25:28 - [MESSAGE][PASSED] - Current window maximized

2021-10-20 00:25:28 - [TEST_STEP][PASSED] - navigateToUrl(RADurl): Navigate to 'https://qa.velocitypayment.com/client/rad/index.html' successfully

2021-10-20 00:25:30 - [MESSAGE][PASSED] - Navigate to 'https://qa.velocitypayment.com/client/rad/index.html' successfully

2021-10-20 00:25:30 - [TEST_STEP][PASSED] - orPath_Landing = "Object Repository/RAD_Pages/Landing_Page": null

2021-10-20 00:25:30 - [TEST_STEP][PASSED] - orPath_TaxTypeFilingYear = "Object Repository/RAD_Pages/TaxTypeFilingYear_Page": null

2021-10-20 00:25:30 - [TEST_STEP][PASSED] - orPath_TaxPayer = "Object Repository/RAD_Pages/Taxpayer_Page": null

2021-10-20 00:25:30 - [TEST_STEP][PASSED] - orPath_AddressContact = "Object Repository/RAD_Pages/AddressAndContactInfo_Page": null

2021-10-20 00:25:30 - [TEST_STEP][PASSED] - orPath_FilingStatus = "Object Repository/RAD_Pages/FilingStatus_Page": null

2021-10-20 00:25:30 - [TEST_STEP][PASSED] - orPath_Amount = "Object Repository/RAD_Pages/PaymentAmount_Page": null

2021-10-20 00:25:30 - [TEST_STEP][PASSED] - orPath_TaxInfo = "Object Repository/RAD_Pages/TaxInfo_Page": null

2021-10-20 00:25:30 - [TEST_STEP][PASSED] - orPath_Withholding = "Object Repository/RAD_Pages/Withholding_Page": null

2021-10-20 00:25:30 - [TEST_STEP][PASSED] - orPath_Summary = "Object Repository/RAD_Pages/Summary_Page": null

2021-10-20 00:25:30 - [TEST_STEP][PASSED] - orPath_PaymentReady = "Object Repository/RAD_Pages/PaymentReady_Page": null

2021-10-20 00:25:30 - [TEST_STEP][PASSED] - orPath_PaymentEntry = "Object Repository/RAD_Pages/PaymentEntry_Page": null

2021-10-20 00:25:30 - [TEST_STEP][PASSED] - orPath_PaymentConfirmation = "Object Repository/RAD_Pages/PaymentConfirmation_Page": null

2021-10-20 00:25:30 - [TEST_STEP][PASSED] - orPath_ServiceFeesAccept = "Object Repository/RAD_Pages/ServiceFeeAccept_Page": null

2021-10-20 00:25:30 - [TEST_STEP][PASSED] - selectOptionByLabel(findTestObject(orPath_Landing + "/dd_TaxType"), Taxtype, false): All options with label 'Existing Liability' are selected in object 'Object Repository/RAD_Pages/Landing_Page/dd_TaxType' 

2021-10-20 00:25:31 - [MESSAGE][PASSED] - All options with label 'Existing Liability' are selected in object 'Object Repository/RAD_Pages/Landing_Page/dd_TaxType' 

2021-10-20 00:25:31 - [TEST_STEP][PASSED] - delay(3): Delayed 3 second(s)

2021-10-20 00:25:34 - [MESSAGE][PASSED] - Delayed 3 second(s)

2021-10-20 00:25:34 - [TEST_STEP][PASSED] - selectOptionByLabel(findTestObject(orPath_TaxTypeFilingYear + "/select_TaxType_ExistingLiability"), TaxTypeEL, false): All options with label 'PTE (SCorp)' are selected in object 'Object Repository/RAD_Pages/TaxTypeFilingYear_Page/select_TaxType_ExistingLiability' 

2021-10-20 00:25:34 - [MESSAGE][PASSED] - All options with label 'PTE (SCorp)' are selected in object 'Object Repository/RAD_Pages/TaxTypeFilingYear_Page/select_TaxType_ExistingLiability' 

2021-10-20 00:25:34 - [TEST_STEP][PASSED] - ExecuteTC = findTestData(dataFile).getValue("Execute", row): null

2021-10-20 00:25:34 - [TEST_STEP][PASSED] - Taxtype = findTestData(dataFile).getValue("TaxType", row): null

2021-10-20 00:25:34 - [TEST_STEP][PASSED] - TaxTypeEL = findTestData(dataFile).getValue("TaxTypeEL", row): null

2021-10-20 00:25:34 - [TEST_STEP][PASSED] - FName = findTestData(dataFile).getValue("Fname", row): null

2021-10-20 00:25:34 - [TEST_STEP][PASSED] - LName = findTestData(dataFile).getValue("Lname", row): null

2021-10-20 00:25:34 - [TEST_STEP][PASSED] - AL1 = findTestData(dataFile).getValue("AL1", row): null

2021-10-20 00:25:35 - [TEST_STEP][PASSED] - City = findTestData(dataFile).getValue("City", row): null

2021-10-20 00:25:35 - [TEST_STEP][PASSED] - ZIP = findTestData(dataFile).getValue("ZIP", row): null

2021-10-20 00:25:35 - [TEST_STEP][PASSED] - Amount = findTestData(dataFile).getValue("Amount", row): null

2021-10-20 00:25:35 - [TEST_STEP][PASSED] - CCNumber = findTestData(dataFile).getValue("CCNumber", row): null

2021-10-20 00:25:35 - [TEST_STEP][PASSED] - CVV = findTestData(dataFile).getValue("CVV", row): null

2021-10-20 00:25:35 - [TEST_STEP][PASSED] - out.println("Value of Execute is : " + ExecuteTC): null

2021-10-20 00:25:35 - [TEST_STEP][PASSED] - if (ExecuteTC.equalsIgnoreCase("Y")): All options with label 'Sales & Use Tax' are selected in object 'Object Repository/RAD_Pages/TaxTypeFilingYear_Page/select_TaxType_ExistingLiability' 

2021-10-20 00:25:35 - [TEST_STEP][PASSED] - out.println("Begin Record Number: " + row): null

2021-10-20 00:25:35 - [TEST_STEP][PASSED] - today = new java.util.Date(): null

2021-10-20 00:25:35 - [TEST_STEP][PASSED] - println(today): null

2021-10-20 00:25:35 - [TEST_STEP][PASSED] - datText = today: null

2021-10-20 00:25:35 - [TEST_STEP][PASSED] - Taxtype = findTestData(dataFile).getValue("TaxType", row): null

2021-10-20 00:25:35 - [TEST_STEP][PASSED] - out.println("Taxtype value is : " + Taxtype): null

2021-10-20 00:25:35 - [TEST_STEP][PASSED] - openBrowser(""): Browser is opened with url: ''

2021-10-20 00:25:35 - [MESSAGE][WARNING] - A browser is already opened. Closing browser and opening a new one

2021-10-20 00:25:36 - [MESSAGE][INFO] - Starting 'Chrome' driver

2021-10-20 00:25:36 - [MESSAGE][INFO] - User set preference: ['acceptInsecureCerts', 'true']

2021-10-20 00:25:36 - [MESSAGE][INFO] - Action delay is set to 0 milliseconds

2021-10-20 00:25:37 - [MESSAGE][PASSED] - Browser is opened with url: ''

2021-10-20 00:25:37 - [TEST_STEP][PASSED] - maximizeWindow(): Current window maximized

2021-10-20 00:25:37 - [MESSAGE][PASSED] - Current window maximized

2021-10-20 00:25:37 - [TEST_STEP][PASSED] - navigateToUrl(RADurl): Navigate to 'https://qa.velocitypayment.com/client/rad/index.html' successfully

2021-10-20 00:25:39 - [MESSAGE][PASSED] - Navigate to 'https://qa.velocitypayment.com/client/rad/index.html' successfully

2021-10-20 00:25:39 - [TEST_STEP][PASSED] - orPath_Landing = "Object Repository/RAD_Pages/Landing_Page": null

2021-10-20 00:25:39 - [TEST_STEP][PASSED] - orPath_TaxTypeFilingYear = "Object Repository/RAD_Pages/TaxTypeFilingYear_Page": null

2021-10-20 00:25:39 - [TEST_STEP][PASSED] - orPath_TaxPayer = "Object Repository/RAD_Pages/Taxpayer_Page": null

2021-10-20 00:25:39 - [TEST_STEP][PASSED] - orPath_AddressContact = "Object Repository/RAD_Pages/AddressAndContactInfo_Page": null

2021-10-20 00:25:39 - [TEST_STEP][PASSED] - orPath_FilingStatus = "Object Repository/RAD_Pages/FilingStatus_Page": null

2021-10-20 00:25:39 - [TEST_STEP][PASSED] - orPath_Amount = "Object Repository/RAD_Pages/PaymentAmount_Page": null

2021-10-20 00:25:39 - [TEST_STEP][PASSED] - orPath_TaxInfo = "Object Repository/RAD_Pages/TaxInfo_Page": null

2021-10-20 00:25:39 - [TEST_STEP][PASSED] - orPath_Withholding = "Object Repository/RAD_Pages/Withholding_Page": null

2021-10-20 00:25:39 - [TEST_STEP][PASSED] - orPath_Summary = "Object Repository/RAD_Pages/Summary_Page": null

2021-10-20 00:25:39 - [TEST_STEP][PASSED] - orPath_PaymentReady = "Object Repository/RAD_Pages/PaymentReady_Page": null

2021-10-20 00:25:39 - [TEST_STEP][PASSED] - orPath_PaymentEntry = "Object Repository/RAD_Pages/PaymentEntry_Page": null

2021-10-20 00:25:39 - [TEST_STEP][PASSED] - orPath_PaymentConfirmation = "Object Repository/RAD_Pages/PaymentConfirmation_Page": null

2021-10-20 00:25:39 - [TEST_STEP][PASSED] - orPath_ServiceFeesAccept = "Object Repository/RAD_Pages/ServiceFeeAccept_Page": null

2021-10-20 00:25:39 - [TEST_STEP][PASSED] - selectOptionByLabel(findTestObject(orPath_Landing + "/dd_TaxType"), Taxtype, false): All options with label 'Existing Liability' are selected in object 'Object Repository/RAD_Pages/Landing_Page/dd_TaxType' 

2021-10-20 00:25:40 - [MESSAGE][PASSED] - All options with label 'Existing Liability' are selected in object 'Object Repository/RAD_Pages/Landing_Page/dd_TaxType' 

2021-10-20 00:25:40 - [TEST_STEP][PASSED] - delay(3): Delayed 3 second(s)

2021-10-20 00:25:43 - [MESSAGE][PASSED] - Delayed 3 second(s)

2021-10-20 00:25:43 - [TEST_STEP][PASSED] - selectOptionByLabel(findTestObject(orPath_TaxTypeFilingYear + "/select_TaxType_ExistingLiability"), TaxTypeEL, false): All options with label 'Sales & Use Tax' are selected in object 'Object Repository/RAD_Pages/TaxTypeFilingYear_Page/select_TaxType_ExistingLiability' 

2021-10-20 00:25:43 - [MESSAGE][PASSED] - All options with label 'Sales & Use Tax' are selected in object 'Object Repository/RAD_Pages/TaxTypeFilingYear_Page/select_TaxType_ExistingLiability' 

2021-10-20 00:25:43 - [TEST_STEP][PASSED] - ExecuteTC = findTestData(dataFile).getValue("Execute", row): null

2021-10-20 00:25:43 - [TEST_STEP][PASSED] - Taxtype = findTestData(dataFile).getValue("TaxType", row): null

2021-10-20 00:25:43 - [TEST_STEP][PASSED] - TaxTypeEL = findTestData(dataFile).getValue("TaxTypeEL", row): null

2021-10-20 00:25:43 - [TEST_STEP][PASSED] - FName = findTestData(dataFile).getValue("Fname", row): null

2021-10-20 00:25:43 - [TEST_STEP][PASSED] - LName = findTestData(dataFile).getValue("Lname", row): null

2021-10-20 00:25:43 - [TEST_STEP][PASSED] - AL1 = findTestData(dataFile).getValue("AL1", row): null

2021-10-20 00:25:43 - [TEST_STEP][PASSED] - City = findTestData(dataFile).getValue("City", row): null

2021-10-20 00:25:43 - [TEST_STEP][PASSED] - ZIP = findTestData(dataFile).getValue("ZIP", row): null

2021-10-20 00:25:43 - [TEST_STEP][PASSED] - Amount = findTestData(dataFile).getValue("Amount", row): null

2021-10-20 00:25:43 - [TEST_STEP][PASSED] - CCNumber = findTestData(dataFile).getValue("CCNumber", row): null

2021-10-20 00:25:44 - [TEST_STEP][PASSED] - CVV = findTestData(dataFile).getValue("CVV", row): null

2021-10-20 00:25:44 - [TEST_STEP][PASSED] - out.println("Value of Execute is : " + ExecuteTC): null

2021-10-20 00:25:44 - [TEST_STEP][PASSED] - if (ExecuteTC.equalsIgnoreCase("Y")): All options with label 'Tire Fee Tax' are selected in object 'Object Repository/RAD_Pages/TaxTypeFilingYear_Page/select_TaxType_ExistingLiability' 

2021-10-20 00:25:44 - [TEST_STEP][PASSED] - out.println("Begin Record Number: " + row): null

2021-10-20 00:25:44 - [TEST_STEP][PASSED] - today = new java.util.Date(): null

2021-10-20 00:25:44 - [TEST_STEP][PASSED] - println(today): null

2021-10-20 00:25:44 - [TEST_STEP][PASSED] - datText = today: null

2021-10-20 00:25:44 - [TEST_STEP][PASSED] - Taxtype = findTestData(dataFile).getValue("TaxType", row): null

2021-10-20 00:25:44 - [TEST_STEP][PASSED] - out.println("Taxtype value is : " + Taxtype): null

2021-10-20 00:25:44 - [TEST_STEP][PASSED] - openBrowser(""): Browser is opened with url: ''

2021-10-20 00:25:44 - [MESSAGE][WARNING] - A browser is already opened. Closing browser and opening a new one

2021-10-20 00:25:44 - [MESSAGE][INFO] - Starting 'Chrome' driver

2021-10-20 00:25:44 - [MESSAGE][INFO] - User set preference: ['acceptInsecureCerts', 'true']

2021-10-20 00:25:44 - [MESSAGE][INFO] - Action delay is set to 0 milliseconds

2021-10-20 00:25:46 - [MESSAGE][PASSED] - Browser is opened with url: ''

2021-10-20 00:25:46 - [TEST_STEP][PASSED] - maximizeWindow(): Current window maximized

2021-10-20 00:25:46 - [MESSAGE][PASSED] - Current window maximized

2021-10-20 00:25:46 - [TEST_STEP][PASSED] - navigateToUrl(RADurl): Navigate to 'https://qa.velocitypayment.com/client/rad/index.html' successfully

2021-10-20 00:25:48 - [MESSAGE][PASSED] - Navigate to 'https://qa.velocitypayment.com/client/rad/index.html' successfully

2021-10-20 00:25:48 - [TEST_STEP][PASSED] - orPath_Landing = "Object Repository/RAD_Pages/Landing_Page": null

2021-10-20 00:25:48 - [TEST_STEP][PASSED] - orPath_TaxTypeFilingYear = "Object Repository/RAD_Pages/TaxTypeFilingYear_Page": null

2021-10-20 00:25:48 - [TEST_STEP][PASSED] - orPath_TaxPayer = "Object Repository/RAD_Pages/Taxpayer_Page": null

2021-10-20 00:25:48 - [TEST_STEP][PASSED] - orPath_AddressContact = "Object Repository/RAD_Pages/AddressAndContactInfo_Page": null

2021-10-20 00:25:48 - [TEST_STEP][PASSED] - orPath_FilingStatus = "Object Repository/RAD_Pages/FilingStatus_Page": null

2021-10-20 00:25:48 - [TEST_STEP][PASSED] - orPath_Amount = "Object Repository/RAD_Pages/PaymentAmount_Page": null

2021-10-20 00:25:48 - [TEST_STEP][PASSED] - orPath_TaxInfo = "Object Repository/RAD_Pages/TaxInfo_Page": null

2021-10-20 00:25:48 - [TEST_STEP][PASSED] - orPath_Withholding = "Object Repository/RAD_Pages/Withholding_Page": null

2021-10-20 00:25:48 - [TEST_STEP][PASSED] - orPath_Summary = "Object Repository/RAD_Pages/Summary_Page": null

2021-10-20 00:25:48 - [TEST_STEP][PASSED] - orPath_PaymentReady = "Object Repository/RAD_Pages/PaymentReady_Page": null

2021-10-20 00:25:48 - [TEST_STEP][PASSED] - orPath_PaymentEntry = "Object Repository/RAD_Pages/PaymentEntry_Page": null

2021-10-20 00:25:48 - [TEST_STEP][PASSED] - orPath_PaymentConfirmation = "Object Repository/RAD_Pages/PaymentConfirmation_Page": null

2021-10-20 00:25:48 - [TEST_STEP][PASSED] - orPath_ServiceFeesAccept = "Object Repository/RAD_Pages/ServiceFeeAccept_Page": null

2021-10-20 00:25:48 - [TEST_STEP][PASSED] - selectOptionByLabel(findTestObject(orPath_Landing + "/dd_TaxType"), Taxtype, false): All options with label 'Existing Liability' are selected in object 'Object Repository/RAD_Pages/Landing_Page/dd_TaxType' 

2021-10-20 00:25:49 - [MESSAGE][PASSED] - All options with label 'Existing Liability' are selected in object 'Object Repository/RAD_Pages/Landing_Page/dd_TaxType' 

2021-10-20 00:25:49 - [TEST_STEP][PASSED] - delay(3): Delayed 3 second(s)

2021-10-20 00:25:52 - [MESSAGE][PASSED] - Delayed 3 second(s)

2021-10-20 00:25:52 - [TEST_STEP][PASSED] - selectOptionByLabel(findTestObject(orPath_TaxTypeFilingYear + "/select_TaxType_ExistingLiability"), TaxTypeEL, false): All options with label 'Tire Fee Tax' are selected in object 'Object Repository/RAD_Pages/TaxTypeFilingYear_Page/select_TaxType_ExistingLiability' 

2021-10-20 00:25:52 - [MESSAGE][PASSED] - All options with label 'Tire Fee Tax' are selected in object 'Object Repository/RAD_Pages/TaxTypeFilingYear_Page/select_TaxType_ExistingLiability' 

2021-10-20 00:25:52 - [TEST_STEP][PASSED] - ExecuteTC = findTestData(dataFile).getValue("Execute", row): null

2021-10-20 00:25:52 - [TEST_STEP][PASSED] - Taxtype = findTestData(dataFile).getValue("TaxType", row): null

2021-10-20 00:25:52 - [TEST_STEP][PASSED] - TaxTypeEL = findTestData(dataFile).getValue("TaxTypeEL", row): null

2021-10-20 00:25:52 - [TEST_STEP][PASSED] - FName = findTestData(dataFile).getValue("Fname", row): null

2021-10-20 00:25:52 - [TEST_STEP][PASSED] - LName = findTestData(dataFile).getValue("Lname", row): null

2021-10-20 00:25:52 - [TEST_STEP][PASSED] - AL1 = findTestData(dataFile).getValue("AL1", row): null

2021-10-20 00:25:52 - [TEST_STEP][PASSED] - City = findTestData(dataFile).getValue("City", row): null

2021-10-20 00:25:52 - [TEST_STEP][PASSED] - ZIP = findTestData(dataFile).getValue("ZIP", row): null

2021-10-20 00:25:52 - [TEST_STEP][PASSED] - Amount = findTestData(dataFile).getValue("Amount", row): null

2021-10-20 00:25:52 - [TEST_STEP][PASSED] - CCNumber = findTestData(dataFile).getValue("CCNumber", row): null

2021-10-20 00:25:52 - [TEST_STEP][PASSED] - CVV = findTestData(dataFile).getValue("CVV", row): null

2021-10-20 00:25:53 - [TEST_STEP][PASSED] - out.println("Value of Execute is : " + ExecuteTC): null

2021-10-20 00:25:53 - [TEST_STEP][PASSED] - if (ExecuteTC.equalsIgnoreCase("Y")): All options with label 'Withholding Tax' are selected in object 'Object Repository/RAD_Pages/TaxTypeFilingYear_Page/select_TaxType_ExistingLiability' 

2021-10-20 00:25:53 - [TEST_STEP][PASSED] - out.println("Begin Record Number: " + row): null

2021-10-20 00:25:53 - [TEST_STEP][PASSED] - today = new java.util.Date(): null

2021-10-20 00:25:53 - [TEST_STEP][PASSED] - println(today): null

2021-10-20 00:25:53 - [TEST_STEP][PASSED] - datText = today: null

2021-10-20 00:25:53 - [TEST_STEP][PASSED] - Taxtype = findTestData(dataFile).getValue("TaxType", row): null

2021-10-20 00:25:53 - [TEST_STEP][PASSED] - out.println("Taxtype value is : " + Taxtype): null

2021-10-20 00:25:53 - [TEST_STEP][PASSED] - openBrowser(""): Browser is opened with url: ''

2021-10-20 00:25:53 - [MESSAGE][WARNING] - A browser is already opened. Closing browser and opening a new one

2021-10-20 00:25:53 - [MESSAGE][INFO] - Starting 'Chrome' driver

2021-10-20 00:25:53 - [MESSAGE][INFO] - User set preference: ['acceptInsecureCerts', 'true']

2021-10-20 00:25:53 - [MESSAGE][INFO] - Action delay is set to 0 milliseconds

2021-10-20 00:25:55 - [MESSAGE][PASSED] - Browser is opened with url: ''

2021-10-20 00:25:55 - [TEST_STEP][PASSED] - maximizeWindow(): Current window maximized

2021-10-20 00:25:55 - [MESSAGE][PASSED] - Current window maximized

2021-10-20 00:25:55 - [TEST_STEP][PASSED] - navigateToUrl(RADurl): Navigate to 'https://qa.velocitypayment.com/client/rad/index.html' successfully

2021-10-20 00:25:57 - [MESSAGE][PASSED] - Navigate to 'https://qa.velocitypayment.com/client/rad/index.html' successfully

2021-10-20 00:25:57 - [TEST_STEP][PASSED] - orPath_Landing = "Object Repository/RAD_Pages/Landing_Page": null

2021-10-20 00:25:57 - [TEST_STEP][PASSED] - orPath_TaxTypeFilingYear = "Object Repository/RAD_Pages/TaxTypeFilingYear_Page": null

2021-10-20 00:25:57 - [TEST_STEP][PASSED] - orPath_TaxPayer = "Object Repository/RAD_Pages/Taxpayer_Page": null

2021-10-20 00:25:57 - [TEST_STEP][PASSED] - orPath_AddressContact = "Object Repository/RAD_Pages/AddressAndContactInfo_Page": null

2021-10-20 00:25:57 - [TEST_STEP][PASSED] - orPath_FilingStatus = "Object Repository/RAD_Pages/FilingStatus_Page": null

2021-10-20 00:25:57 - [TEST_STEP][PASSED] - orPath_Amount = "Object Repository/RAD_Pages/PaymentAmount_Page": null

2021-10-20 00:25:57 - [TEST_STEP][PASSED] - orPath_TaxInfo = "Object Repository/RAD_Pages/TaxInfo_Page": null

2021-10-20 00:25:57 - [TEST_STEP][PASSED] - orPath_Withholding = "Object Repository/RAD_Pages/Withholding_Page": null

2021-10-20 00:25:57 - [TEST_STEP][PASSED] - orPath_Summary = "Object Repository/RAD_Pages/Summary_Page": null

2021-10-20 00:25:57 - [TEST_STEP][PASSED] - orPath_PaymentReady = "Object Repository/RAD_Pages/PaymentReady_Page": null

2021-10-20 00:25:57 - [TEST_STEP][PASSED] - orPath_PaymentEntry = "Object Repository/RAD_Pages/PaymentEntry_Page": null

2021-10-20 00:25:57 - [TEST_STEP][PASSED] - orPath_PaymentConfirmation = "Object Repository/RAD_Pages/PaymentConfirmation_Page": null

2021-10-20 00:25:57 - [TEST_STEP][PASSED] - orPath_ServiceFeesAccept = "Object Repository/RAD_Pages/ServiceFeeAccept_Page": null

2021-10-20 00:25:57 - [TEST_STEP][PASSED] - selectOptionByLabel(findTestObject(orPath_Landing + "/dd_TaxType"), Taxtype, false): All options with label 'Existing Liability' are selected in object 'Object Repository/RAD_Pages/Landing_Page/dd_TaxType' 

2021-10-20 00:25:57 - [MESSAGE][PASSED] - All options with label 'Existing Liability' are selected in object 'Object Repository/RAD_Pages/Landing_Page/dd_TaxType' 

2021-10-20 00:25:57 - [TEST_STEP][PASSED] - delay(3): Delayed 3 second(s)

2021-10-20 00:26:00 - [MESSAGE][PASSED] - Delayed 3 second(s)

2021-10-20 00:26:00 - [TEST_STEP][PASSED] - selectOptionByLabel(findTestObject(orPath_TaxTypeFilingYear + "/select_TaxType_ExistingLiability"), TaxTypeEL, false): All options with label 'Withholding Tax' are selected in object 'Object Repository/RAD_Pages/TaxTypeFilingYear_Page/select_TaxType_ExistingLiability' 

2021-10-20 00:26:01 - [MESSAGE][PASSED] - All options with label 'Withholding Tax' are selected in object 'Object Repository/RAD_Pages/TaxTypeFilingYear_Page/select_TaxType_ExistingLiability' 

2021-10-20 00:26:01 - [TEST_STEP][PASSED] - ExecuteTC = findTestData(dataFile).getValue("Execute", row): null

2021-10-20 00:26:01 - [TEST_STEP][PASSED] - Taxtype = findTestData(dataFile).getValue("TaxType", row): null

2021-10-20 00:26:01 - [TEST_STEP][PASSED] - TaxTypeEL = findTestData(dataFile).getValue("TaxTypeEL", row): null

2021-10-20 00:26:01 - [TEST_STEP][PASSED] - FName = findTestData(dataFile).getValue("Fname", row): null

2021-10-20 00:26:01 - [TEST_STEP][PASSED] - LName = findTestData(dataFile).getValue("Lname", row): null

2021-10-20 00:26:01 - [TEST_STEP][PASSED] - AL1 = findTestData(dataFile).getValue("AL1", row): null

2021-10-20 00:26:01 - [TEST_STEP][PASSED] - City = findTestData(dataFile).getValue("City", row): null

2021-10-20 00:26:01 - [TEST_STEP][PASSED] - ZIP = findTestData(dataFile).getValue("ZIP", row): null

2021-10-20 00:26:01 - [TEST_STEP][PASSED] - Amount = findTestData(dataFile).getValue("Amount", row): null

2021-10-20 00:26:01 - [TEST_STEP][PASSED] - CCNumber = findTestData(dataFile).getValue("CCNumber", row): null

2021-10-20 00:26:01 - [TEST_STEP][PASSED] - CVV = findTestData(dataFile).getValue("CVV", row): null

2021-10-20 00:26:01 - [TEST_STEP][PASSED] - out.println("Value of Execute is : " + ExecuteTC): null

2021-10-20 00:26:01 - [TEST_STEP][PASSED] - if (ExecuteTC.equalsIgnoreCase("Y")): All options with label 'Alcohol Tax' are selected in object 'Object Repository/RAD_Pages/TaxTypeFilingYear_Page/select_TaxType_ExistingLiability' 

2021-10-20 00:26:01 - [TEST_STEP][PASSED] - out.println("Begin Record Number: " + row): null

2021-10-20 00:26:01 - [TEST_STEP][PASSED] - today = new java.util.Date(): null

2021-10-20 00:26:01 - [TEST_STEP][PASSED] - println(today): null

2021-10-20 00:26:01 - [TEST_STEP][PASSED] - datText = today: null

2021-10-20 00:26:01 - [TEST_STEP][PASSED] - Taxtype = findTestData(dataFile).getValue("TaxType", row): null

2021-10-20 00:26:01 - [TEST_STEP][PASSED] - out.println("Taxtype value is : " + Taxtype): null

2021-10-20 00:26:01 - [TEST_STEP][PASSED] - openBrowser(""): Browser is opened with url: ''

2021-10-20 00:26:01 - [MESSAGE][WARNING] - A browser is already opened. Closing browser and opening a new one

2021-10-20 00:26:02 - [MESSAGE][INFO] - Starting 'Chrome' driver

2021-10-20 00:26:02 - [MESSAGE][INFO] - User set preference: ['acceptInsecureCerts', 'true']

2021-10-20 00:26:02 - [MESSAGE][INFO] - Action delay is set to 0 milliseconds

2021-10-20 00:26:04 - [MESSAGE][PASSED] - Browser is opened with url: ''

2021-10-20 00:26:04 - [TEST_STEP][PASSED] - maximizeWindow(): Current window maximized

2021-10-20 00:26:04 - [MESSAGE][PASSED] - Current window maximized

2021-10-20 00:26:04 - [TEST_STEP][PASSED] - navigateToUrl(RADurl): Navigate to 'https://qa.velocitypayment.com/client/rad/index.html' successfully

2021-10-20 00:26:06 - [MESSAGE][PASSED] - Navigate to 'https://qa.velocitypayment.com/client/rad/index.html' successfully

2021-10-20 00:26:06 - [TEST_STEP][PASSED] - orPath_Landing = "Object Repository/RAD_Pages/Landing_Page": null

2021-10-20 00:26:06 - [TEST_STEP][PASSED] - orPath_TaxTypeFilingYear = "Object Repository/RAD_Pages/TaxTypeFilingYear_Page": null

2021-10-20 00:26:06 - [TEST_STEP][PASSED] - orPath_TaxPayer = "Object Repository/RAD_Pages/Taxpayer_Page": null

2021-10-20 00:26:06 - [TEST_STEP][PASSED] - orPath_AddressContact = "Object Repository/RAD_Pages/AddressAndContactInfo_Page": null

2021-10-20 00:26:06 - [TEST_STEP][PASSED] - orPath_FilingStatus = "Object Repository/RAD_Pages/FilingStatus_Page": null

2021-10-20 00:26:06 - [TEST_STEP][PASSED] - orPath_Amount = "Object Repository/RAD_Pages/PaymentAmount_Page": null

2021-10-20 00:26:06 - [TEST_STEP][PASSED] - orPath_TaxInfo = "Object Repository/RAD_Pages/TaxInfo_Page": null

2021-10-20 00:26:06 - [TEST_STEP][PASSED] - orPath_Withholding = "Object Repository/RAD_Pages/Withholding_Page": null

2021-10-20 00:26:06 - [TEST_STEP][PASSED] - orPath_Summary = "Object Repository/RAD_Pages/Summary_Page": null

2021-10-20 00:26:06 - [TEST_STEP][PASSED] - orPath_PaymentReady = "Object Repository/RAD_Pages/PaymentReady_Page": null

2021-10-20 00:26:06 - [TEST_STEP][PASSED] - orPath_PaymentEntry = "Object Repository/RAD_Pages/PaymentEntry_Page": null

2021-10-20 00:26:06 - [TEST_STEP][PASSED] - orPath_PaymentConfirmation = "Object Repository/RAD_Pages/PaymentConfirmation_Page": null

2021-10-20 00:26:06 - [TEST_STEP][PASSED] - orPath_ServiceFeesAccept = "Object Repository/RAD_Pages/ServiceFeeAccept_Page": null

2021-10-20 00:26:06 - [TEST_STEP][PASSED] - selectOptionByLabel(findTestObject(orPath_Landing + "/dd_TaxType"), Taxtype, false): All options with label 'Existing Liability' are selected in object 'Object Repository/RAD_Pages/Landing_Page/dd_TaxType' 

2021-10-20 00:26:07 - [MESSAGE][PASSED] - All options with label 'Existing Liability' are selected in object 'Object Repository/RAD_Pages/Landing_Page/dd_TaxType' 

2021-10-20 00:26:07 - [TEST_STEP][PASSED] - delay(3): Delayed 3 second(s)

2021-10-20 00:26:10 - [MESSAGE][PASSED] - Delayed 3 second(s)

2021-10-20 00:26:10 - [TEST_STEP][PASSED] - selectOptionByLabel(findTestObject(orPath_TaxTypeFilingYear + "/select_TaxType_ExistingLiability"), TaxTypeEL, false): All options with label 'Alcohol Tax' are selected in object 'Object Repository/RAD_Pages/TaxTypeFilingYear_Page/select_TaxType_ExistingLiability' 

2021-10-20 00:26:10 - [MESSAGE][PASSED] - All options with label 'Alcohol Tax' are selected in object 'Object Repository/RAD_Pages/TaxTypeFilingYear_Page/select_TaxType_ExistingLiability']]></system-out>
         <system-err><![CDATA[]]></system-err>
      </testcase>
      <system-out><![CDATA[2021-10-20 00:24:26 - [TEST_SUITE][PASSED] - RAD_UI_TestSuite: Test Cases/RAD_TestCases/PaymentsHardCoded/Payments_ExistingLiability_HC_TC]]></system-out>
      <system-err><![CDATA[]]></system-err>
   </testsuite>
</testsuites>
