<?xml version="1.0" encoding="UTF-8"?>
<testsuites name="QA Smoke Test" time="3468.181" tests="1" failures="1" errors="0">
   <testsuite name="QA Smoke Test" tests="1" failures="1" errors="0" time="3468.181" skipped="0" timestamp="2022-04-18 12:20:02" hostname="imtiaz - DESKTOP-B2QI6NS.govolution.com" id="Test Suites/QA Smoke Test/QA Smoke Test">
      <properties>
         <property name="deviceName" value=""/>
         <property name="devicePlatform" value=""/>
         <property name="logFolder" value="E:\\Cloned-Project-Katalon\\VPS-Katalon\\Reports\\20220418_121956\\QA Smoke Test\\QA Smoke Test\\20220418_121956"/>
         <property name="logFiles" value="E:\\Cloned-Project-Katalon\\VPS-Katalon\\Reports\\20220418_121956\\QA Smoke Test\\QA Smoke Test\\20220418_121956\\execution0.log"/>
         <property name="attachments" value=""/>
         <property name="hostName" value="imtiaz - DESKTOP-B2QI6NS.govolution.com"/>
         <property name="os" value="Windows 10 64bit"/>
         <property name="katalonVersion" value="8.2.5.208"/>
         <property name="browser" value="Chrome 100.0.4896.88"/>
         <property name="hostAddress" value="172.31.253.180"/>
         <property name="sessionId" value="915e248bf18535299b23ab32a6316414"/>
         <property name="seleniumVersion" value="3.141.59"/>
         <property name="proxyInformation" value="ProxyInformation { proxyOption=NO_PROXY, proxyServerType=HTTP, username=, password=********, proxyServerAddress=, proxyServerPort=0, executionList=&quot;&quot;, isApplyToDesiredCapabilities=true }"/>
         <property name="platform" value="Windows 10"/>
      </properties>
      <testcase name="Test Cases/VLink/QA/VLinkSale-Successful" time="3467.788" classname="Test Cases/VLink/QA/VLinkSale-Successful" status="FAILED">
         <failure type="FAILED" message="Test Cases/VLink/QA/VLinkSale-Successful FAILED.
Reason:
com.kms.katalon.core.exception.StepFailedException: Text 'Transaction approved, no errors' is not present on page  using regular expression (Root cause: com.kms.katalon.core.exception.StepFailedException: Text 'Transaction approved, no errors' is not present on page  using regular expression
	at com.kms.katalon.core.webui.keyword.internal.WebUIKeywordMain.stepFailed(WebUIKeywordMain.groovy:64)
	at com.kms.katalon.core.webui.keyword.builtin.VerifyTextPresentKeyword$_verifyTextPresent_closure1.doCall(VerifyTextPresentKeyword.groovy:79)
	at com.kms.katalon.core.webui.keyword.builtin.VerifyTextPresentKeyword$_verifyTextPresent_closure1.call(VerifyTextPresentKeyword.groovy)
	at com.kms.katalon.core.webui.keyword.internal.WebUIKeywordMain.runKeyword(WebUIKeywordMain.groovy:20)
	at com.kms.katalon.core.webui.keyword.builtin.VerifyTextPresentKeyword.verifyTextPresent(VerifyTextPresentKeyword.groovy:83)
	at com.kms.katalon.core.webui.keyword.builtin.VerifyTextPresentKeyword.execute(VerifyTextPresentKeyword.groovy:68)
	at com.kms.katalon.core.keyword.internal.KeywordExecutor.executeKeywordForPlatform(KeywordExecutor.groovy:74)
	at com.kms.katalon.core.webui.keyword.WebUiBuiltInKeywords.verifyTextPresent(WebUiBuiltInKeywords.groovy:1723)
	at com.kms.katalon.core.webui.keyword.WebUiBuiltInKeywords$verifyTextPresent$4.call(Unknown Source)
	at VLinkSale-Successful.run(VLinkSale-Successful:88)
	at com.kms.katalon.core.main.ScriptEngine.run(ScriptEngine.java:194)
	at com.kms.katalon.core.main.ScriptEngine.runScriptAsRawText(ScriptEngine.java:119)
	at com.kms.katalon.core.main.TestCaseExecutor.runScript(TestCaseExecutor.java:442)
	at com.kms.katalon.core.main.TestCaseExecutor.doExecute(TestCaseExecutor.java:433)
	at com.kms.katalon.core.main.TestCaseExecutor.processExecutionPhase(TestCaseExecutor.java:412)
	at com.kms.katalon.core.main.TestCaseExecutor.accessMainPhase(TestCaseExecutor.java:404)
	at com.kms.katalon.core.main.TestCaseExecutor.execute(TestCaseExecutor.java:281)
	at com.kms.katalon.core.main.TestSuiteExecutor.accessTestCaseMainPhase(TestSuiteExecutor.java:202)
	at com.kms.katalon.core.main.TestSuiteExecutor.accessTestSuiteMainPhase(TestSuiteExecutor.java:164)
	at com.kms.katalon.core.main.TestSuiteExecutor.execute(TestSuiteExecutor.java:105)
	at com.kms.katalon.core.main.TestCaseMain.startTestSuite(TestCaseMain.java:185)
	at com.kms.katalon.core.main.TestCaseMain$startTestSuite$0.call(Unknown Source)
	at TempTestSuite1650298796406.run(TempTestSuite1650298796406.groovy:36)
)
	at com.kms.katalon.core.keyword.internal.KeywordMain.stepFailed(KeywordMain.groovy:39)
	at com.kms.katalon.core.webui.keyword.internal.WebUIKeywordMain.stepFailed(WebUIKeywordMain.groovy:64)
	at com.kms.katalon.core.webui.keyword.builtin.VerifyTextPresentKeyword$_verifyTextPresent_closure1.doCall(VerifyTextPresentKeyword.groovy:79)
	at com.kms.katalon.core.webui.keyword.builtin.VerifyTextPresentKeyword$_verifyTextPresent_closure1.call(VerifyTextPresentKeyword.groovy)
	at com.kms.katalon.core.webui.keyword.internal.WebUIKeywordMain.runKeyword(WebUIKeywordMain.groovy:20)
	at com.kms.katalon.core.webui.keyword.builtin.VerifyTextPresentKeyword.verifyTextPresent(VerifyTextPresentKeyword.groovy:83)
	at com.kms.katalon.core.webui.keyword.builtin.VerifyTextPresentKeyword.execute(VerifyTextPresentKeyword.groovy:68)
	at com.kms.katalon.core.keyword.internal.KeywordExecutor.executeKeywordForPlatform(KeywordExecutor.groovy:74)
	at com.kms.katalon.core.webui.keyword.WebUiBuiltInKeywords.verifyTextPresent(WebUiBuiltInKeywords.groovy:1723)
	at com.kms.katalon.core.webui.keyword.WebUiBuiltInKeywords$verifyTextPresent$4.call(Unknown Source)
	at VLinkSale-Successful.run(VLinkSale-Successful:88)
	at com.kms.katalon.core.main.ScriptEngine.run(ScriptEngine.java:194)
	at com.kms.katalon.core.main.ScriptEngine.runScriptAsRawText(ScriptEngine.java:119)
	at com.kms.katalon.core.main.TestCaseExecutor.runScript(TestCaseExecutor.java:442)
	at com.kms.katalon.core.main.TestCaseExecutor.doExecute(TestCaseExecutor.java:433)
	at com.kms.katalon.core.main.TestCaseExecutor.processExecutionPhase(TestCaseExecutor.java:412)
	at com.kms.katalon.core.main.TestCaseExecutor.accessMainPhase(TestCaseExecutor.java:404)
	at com.kms.katalon.core.main.TestCaseExecutor.execute(TestCaseExecutor.java:281)
	at com.kms.katalon.core.main.TestSuiteExecutor.accessTestCaseMainPhase(TestSuiteExecutor.java:202)
	at com.kms.katalon.core.main.TestSuiteExecutor.accessTestSuiteMainPhase(TestSuiteExecutor.java:164)
	at com.kms.katalon.core.main.TestSuiteExecutor.execute(TestSuiteExecutor.java:105)
	at com.kms.katalon.core.main.TestCaseMain.startTestSuite(TestCaseMain.java:185)
	at com.kms.katalon.core.main.TestCaseMain$startTestSuite$0.call(Unknown Source)
	at TempTestSuite1650298796406.run(TempTestSuite1650298796406.groovy:36)
Caused by: com.kms.katalon.core.exception.StepFailedException: Text 'Transaction approved, no errors' is not present on page  using regular expression
	... 23 more
"/>
         <system-out><![CDATA[2022-04-18 12:20:03 - [TEST_CASE][FAILED] - Test Cases/VLink/QA/VLinkSale-Successful: Test Cases/VLink/QA/VLinkSale-Successful FAILED.
Reason:
com.kms.katalon.core.exception.StepFailedException: Text 'Transaction approved, no errors' is not present on page  using regular expression (Root cause: com.kms.katalon.core.exception.StepFailedException: Text 'Transaction approved, no errors' is not present on page  using regular expression
	at com.kms.katalon.core.webui.keyword.internal.WebUIKeywordMain.stepFailed(WebUIKeywordMain.groovy:64)
	at com.kms.katalon.core.webui.keyword.builtin.VerifyTextPresentKeyword$_verifyTextPresent_closure1.doCall(VerifyTextPresentKeyword.groovy:79)
	at com.kms.katalon.core.webui.keyword.builtin.VerifyTextPresentKeyword$_verifyTextPresent_closure1.call(VerifyTextPresentKeyword.groovy)
	at com.kms.katalon.core.webui.keyword.internal.WebUIKeywordMain.runKeyword(WebUIKeywordMain.groovy:20)
	at com.kms.katalon.core.webui.keyword.builtin.VerifyTextPresentKeyword.verifyTextPresent(VerifyTextPresentKeyword.groovy:83)
	at com.kms.katalon.core.webui.keyword.builtin.VerifyTextPresentKeyword.execute(VerifyTextPresentKeyword.groovy:68)
	at com.kms.katalon.core.keyword.internal.KeywordExecutor.executeKeywordForPlatform(KeywordExecutor.groovy:74)
	at com.kms.katalon.core.webui.keyword.WebUiBuiltInKeywords.verifyTextPresent(WebUiBuiltInKeywords.groovy:1723)
	at com.kms.katalon.core.webui.keyword.WebUiBuiltInKeywords$verifyTextPresent$4.call(Unknown Source)
	at VLinkSale-Successful.run(VLinkSale-Successful:88)
	at com.kms.katalon.core.main.ScriptEngine.run(ScriptEngine.java:194)
	at com.kms.katalon.core.main.ScriptEngine.runScriptAsRawText(ScriptEngine.java:119)
	at com.kms.katalon.core.main.TestCaseExecutor.runScript(TestCaseExecutor.java:442)
	at com.kms.katalon.core.main.TestCaseExecutor.doExecute(TestCaseExecutor.java:433)
	at com.kms.katalon.core.main.TestCaseExecutor.processExecutionPhase(TestCaseExecutor.java:412)
	at com.kms.katalon.core.main.TestCaseExecutor.accessMainPhase(TestCaseExecutor.java:404)
	at com.kms.katalon.core.main.TestCaseExecutor.execute(TestCaseExecutor.java:281)
	at com.kms.katalon.core.main.TestSuiteExecutor.accessTestCaseMainPhase(TestSuiteExecutor.java:202)
	at com.kms.katalon.core.main.TestSuiteExecutor.accessTestSuiteMainPhase(TestSuiteExecutor.java:164)
	at com.kms.katalon.core.main.TestSuiteExecutor.execute(TestSuiteExecutor.java:105)
	at com.kms.katalon.core.main.TestCaseMain.startTestSuite(TestCaseMain.java:185)
	at com.kms.katalon.core.main.TestCaseMain$startTestSuite$0.call(Unknown Source)
	at TempTestSuite1650298796406.run(TempTestSuite1650298796406.groovy:36)
)
	at com.kms.katalon.core.keyword.internal.KeywordMain.stepFailed(KeywordMain.groovy:39)
	at com.kms.katalon.core.webui.keyword.internal.WebUIKeywordMain.stepFailed(WebUIKeywordMain.groovy:64)
	at com.kms.katalon.core.webui.keyword.builtin.VerifyTextPresentKeyword$_verifyTextPresent_closure1.doCall(VerifyTextPresentKeyword.groovy:79)
	at com.kms.katalon.core.webui.keyword.builtin.VerifyTextPresentKeyword$_verifyTextPresent_closure1.call(VerifyTextPresentKeyword.groovy)
	at com.kms.katalon.core.webui.keyword.internal.WebUIKeywordMain.runKeyword(WebUIKeywordMain.groovy:20)
	at com.kms.katalon.core.webui.keyword.builtin.VerifyTextPresentKeyword.verifyTextPresent(VerifyTextPresentKeyword.groovy:83)
	at com.kms.katalon.core.webui.keyword.builtin.VerifyTextPresentKeyword.execute(VerifyTextPresentKeyword.groovy:68)
	at com.kms.katalon.core.keyword.internal.KeywordExecutor.executeKeywordForPlatform(KeywordExecutor.groovy:74)
	at com.kms.katalon.core.webui.keyword.WebUiBuiltInKeywords.verifyTextPresent(WebUiBuiltInKeywords.groovy:1723)
	at com.kms.katalon.core.webui.keyword.WebUiBuiltInKeywords$verifyTextPresent$4.call(Unknown Source)
	at VLinkSale-Successful.run(VLinkSale-Successful:88)
	at com.kms.katalon.core.main.ScriptEngine.run(ScriptEngine.java:194)
	at com.kms.katalon.core.main.ScriptEngine.runScriptAsRawText(ScriptEngine.java:119)
	at com.kms.katalon.core.main.TestCaseExecutor.runScript(TestCaseExecutor.java:442)
	at com.kms.katalon.core.main.TestCaseExecutor.doExecute(TestCaseExecutor.java:433)
	at com.kms.katalon.core.main.TestCaseExecutor.processExecutionPhase(TestCaseExecutor.java:412)
	at com.kms.katalon.core.main.TestCaseExecutor.accessMainPhase(TestCaseExecutor.java:404)
	at com.kms.katalon.core.main.TestCaseExecutor.execute(TestCaseExecutor.java:281)
	at com.kms.katalon.core.main.TestSuiteExecutor.accessTestCaseMainPhase(TestSuiteExecutor.java:202)
	at com.kms.katalon.core.main.TestSuiteExecutor.accessTestSuiteMainPhase(TestSuiteExecutor.java:164)
	at com.kms.katalon.core.main.TestSuiteExecutor.execute(TestSuiteExecutor.java:105)
	at com.kms.katalon.core.main.TestCaseMain.startTestSuite(TestCaseMain.java:185)
	at com.kms.katalon.core.main.TestCaseMain$startTestSuite$0.call(Unknown Source)
	at TempTestSuite1650298796406.run(TempTestSuite1650298796406.groovy:36)
Caused by: com.kms.katalon.core.exception.StepFailedException: Text 'Transaction approved, no errors' is not present on page  using regular expression
	... 23 more


2022-04-18 12:20:03 - [TEST_STEP][PASSED] - resText = "Fail": null

2022-04-18 12:20:03 - [TEST_STEP][PASSED] - resColumn = "Result": null

2022-04-18 12:20:03 - [TEST_STEP][PASSED] - datCloumn = "Date": null

2022-04-18 12:20:03 - [TEST_STEP][PASSED] - fileLoc = "C:\KatalonData\VLinkCCTestData.xlsx": null

2022-04-18 12:20:03 - [TEST_STEP][PASSED] - nameSheet = "CCSaleData": null

2022-04-18 12:20:03 - [TEST_STEP][PASSED] - numOfRows = findTestData("QA/VLinkTestData/VLinkCCTestData").getRowNumbers(): null

2022-04-18 12:20:04 - [TEST_STEP][PASSED] - println("Number of Records: " + numOfRows): null

2022-04-18 12:20:04 - [TEST_STEP][PASSED] - dataFile = "QA/VLinkTestData/VLinkCCTestData": null

2022-04-18 12:20:04 - [TEST_STEP][FAILED] - for ([row = 1, row <= numOfRows, (row++)]): null

2022-04-18 12:20:04 - [TEST_STEP][PASSED] - ExecuteTC = findTestData(dataFile).getValue("Execute", row): null

2022-04-18 12:20:04 - [TEST_STEP][PASSED] - out.println("Value of Execute is : " + ExecuteTC): null

2022-04-18 12:20:04 - [TEST_STEP][PASSED] - if (ExecuteTC.equalsIgnoreCase("Y")): Browser is closed

2022-04-18 12:20:04 - [TEST_STEP][PASSED] - out.println("Begin Record Number: " + row): null

2022-04-18 12:20:04 - [TEST_STEP][PASSED] - today = new java.util.Date(): null

2022-04-18 12:20:05 - [TEST_STEP][PASSED] - println(today): null

2022-04-18 12:20:05 - [TEST_STEP][PASSED] - datText = today: null

2022-04-18 12:20:05 - [TEST_STEP][PASSED] - openBrowser(VLinkURL + "authcap.html"): Browser is opened with url: 'https://dev-algorithm.govolution.com/vlinktest/QA/version_2_0/authcap.html'

2022-04-18 12:20:05 - [MESSAGE][INFO] - Starting 'Chrome' driver

2022-04-18 12:20:05 - [MESSAGE][INFO] - User set preference: ['acceptInsecureCerts', 'true']

2022-04-18 12:20:05 - [MESSAGE][INFO] - Action delay is set to 0 milliseconds

2022-04-18 12:20:08 - [MESSAGE][PASSED] - Browser is opened with url: 'https://dev-algorithm.govolution.com/vlinktest/QA/version_2_0/authcap.html'

2022-04-18 12:20:08 - [TEST_STEP][PASSED] - maximizeWindow(): Current window maximized

2022-04-18 12:20:08 - [MESSAGE][PASSED] - Current window maximized

2022-04-18 12:20:08 - [TEST_STEP][PASSED] - vlinkPages.saleCCPage.setDataSCC(row, dataFile): vlinkPages.saleCCPage.setDataSCC is PASSED

2022-04-18 12:20:12 - [MESSAGE][PASSED] - Object 'Object Repository/VLink/Page_CCSale/txt_CardNumber' is present

2022-04-18 12:20:13 - [MESSAGE][PASSED] - Text '104' is set on object 'Object Repository/VLink/Page_CCSale/txt_TransactionType'

2022-04-18 12:20:13 - [MESSAGE][PASSED] - Text '2.0C' is set on object 'Object Repository/VLink/Page_CCSale/txt_MessageVersion'

2022-04-18 12:20:14 - [MESSAGE][PASSED] - Text 'zm1ciIGpc6qT' is set on object 'Object Repository/VLink/Page_CCSale/txt_RemID'

2022-04-18 12:20:15 - [MESSAGE][PASSED] - Text '665' is set on object 'Object Repository/VLink/Page_CCSale/txt_ApplicationId'

2022-04-18 12:20:15 - [MESSAGE][PASSED] - Text 'username' is set on object 'Object Repository/VLink/Page_CCSale/txt_Username'

2022-04-18 12:20:16 - [MESSAGE][PASSED] - Text 'password' is set on object 'Object Repository/VLink/Page_CCSale/txt_Password'

2022-04-18 12:20:17 - [MESSAGE][PASSED] - Text 'fixed_width' is set on object 'Object Repository/VLink/Page_CCSale/txt_ResponseFormat'

2022-04-18 12:20:17 - [MESSAGE][PASSED] - Text 'ECOM' is set on object 'Object Repository/VLink/Page_CCSale/txt_Category'

2022-04-18 12:20:18 - [MESSAGE][PASSED] - Text '' is set on object 'Object Repository/VLink/Page_CCSale/txt_TransactionID'

2022-04-18 12:20:19 - [MESSAGE][PASSED] - Text '' is set on object 'Object Repository/VLink/Page_CCSale/txt_ApprovalCode'

2022-04-18 12:20:19 - [MESSAGE][PASSED] - Text 'Kris Roshan' is set on object 'Object Repository/VLink/Page_CCSale/txt_CardName'

2022-04-18 12:20:20 - [MESSAGE][PASSED] - Text '258 Elm Road' is set on object 'Object Repository/VLink/Page_CCSale/txt_AL1'

2022-04-18 12:20:21 - [MESSAGE][PASSED] - Text 'Suite 56' is set on object 'Object Repository/VLink/Page_CCSale/txt_AL2'

2022-04-18 12:20:21 - [MESSAGE][PASSED] - Text 'Arlington' is set on object 'Object Repository/VLink/Page_CCSale/txt_CardCity'

2022-04-18 12:20:22 - [MESSAGE][PASSED] - Text 'VA' is set on object 'Object Repository/VLink/Page_CCSale/txt_CardState'

2022-04-18 12:20:23 - [MESSAGE][PASSED] - Text '22201' is set on object 'Object Repository/VLink/Page_CCSale/txt_CardZIP'

2022-04-18 12:20:23 - [MESSAGE][PASSED] - Text '840' is set on object 'Object Repository/VLink/Page_CCSale/txt_CountryID'

2022-04-18 12:20:24 - [MESSAGE][PASSED] - Text '1.50' is set on object 'Object Repository/VLink/Page_CCSale/txt_Amount'

2022-04-18 12:20:25 - [MESSAGE][PASSED] - Text '4111111111111111' is set on object 'Object Repository/VLink/Page_CCSale/txt_CardNumber'

2022-04-18 12:20:26 - [MESSAGE][PASSED] - Text '12' is set on object 'Object Repository/VLink/Page_CCSale/txt_ExpMonth'

2022-04-18 12:20:26 - [MESSAGE][PASSED] - Text '2025' is set on object 'Object Repository/VLink/Page_CCSale/txt_ExpYear'

2022-04-18 12:20:27 - [MESSAGE][PASSED] - Text '' is set on object 'Object Repository/VLink/Page_CCSale/txt_CVV'

2022-04-18 12:20:28 - [MESSAGE][PASSED] - Text '' is set on object 'Object Repository/VLink/Page_CCSale/txt_CVVstate'

2022-04-18 12:20:28 - [MESSAGE][PASSED] - Text '' is set on object 'Object Repository/VLink/Page_CCSale/txt_TrackData'

2022-04-18 12:20:29 - [MESSAGE][PASSED] - Text '' is set on object 'Object Repository/VLink/Page_CCSale/txt_Track1Data'

2022-04-18 12:20:30 - [MESSAGE][PASSED] - Text '' is set on object 'Object Repository/VLink/Page_CCSale/txt_Track2Data'

2022-04-18 12:20:30 - [MESSAGE][PASSED] - Text 'manual' is set on object 'Object Repository/VLink/Page_CCSale/txt_POSEntryMode'

2022-04-18 12:20:31 - [MESSAGE][PASSED] - Text 'iahmed@govolution.com' is set on object 'Object Repository/VLink/Page_CCSale/txt_Email'

2022-04-18 12:20:32 - [MESSAGE][PASSED] - Text '2569362' is set on object 'Object Repository/VLink/Page_CCSale/txt_OrderNumber'

2022-04-18 12:20:32 - [MESSAGE][PASSED] - Text '1.15' is set on object 'Object Repository/VLink/Page_CCSale/txt_TaxAmount'

2022-04-18 12:20:33 - [MESSAGE][PASSED] - Text 'Charge Description' is set on object 'Object Repository/VLink/Page_CCSale/txt_ChargeDescription'

2022-04-18 12:20:34 - [MESSAGE][PASSED] - Text '147357' is set on object 'Object Repository/VLink/Page_CCSale/txt_CAN'

2022-04-18 12:20:35 - [MESSAGE][PASSED] - Text '1' is set on object 'Object Repository/VLink/Page_CCSale/txt_BillPaymentIndicator'

2022-04-18 12:20:35 - [MESSAGE][PASSED] - Text 'UDF Data 1' is set on object 'Object Repository/VLink/Page_CCSale/txt_UDF1'

2022-04-18 12:20:36 - [MESSAGE][PASSED] - Text 'UDF Data 2' is set on object 'Object Repository/VLink/Page_CCSale/txt_UDF2'

2022-04-18 12:20:37 - [MESSAGE][PASSED] - Text 'UDF Data 3' is set on object 'Object Repository/VLink/Page_CCSale/txt_UDF3'

2022-04-18 12:20:37 - [MESSAGE][PASSED] - Text 'UDF Data 4' is set on object 'Object Repository/VLink/Page_CCSale/txt_UDF4'

2022-04-18 12:20:38 - [MESSAGE][PASSED] - Text 'UDF Data 5' is set on object 'Object Repository/VLink/Page_CCSale/txt_UDF5'

2022-04-18 12:20:39 - [MESSAGE][PASSED] - Text 'UDF Data 6' is set on object 'Object Repository/VLink/Page_CCSale/txt_UDF6'

2022-04-18 12:20:39 - [MESSAGE][PASSED] - Text 'UDF Data 7' is set on object 'Object Repository/VLink/Page_CCSale/txt_UDF7'

2022-04-18 12:20:40 - [MESSAGE][PASSED] - Text 'UDF Data 8' is set on object 'Object Repository/VLink/Page_CCSale/txt_UDF8'

2022-04-18 12:20:41 - [MESSAGE][PASSED] - Text 'UDF Data 9' is set on object 'Object Repository/VLink/Page_CCSale/txt_UDF9'

2022-04-18 12:20:41 - [MESSAGE][PASSED] - Text 'UDF Data 10' is set on object 'Object Repository/VLink/Page_CCSale/txt_UDF10'

2022-04-18 12:20:42 - [MESSAGE][PASSED] - Text '' is set on object 'Object Repository/VLink/Page_CCSale/txt_CardOnFileIndicator'

2022-04-18 12:20:43 - [MESSAGE][PASSED] - Text '' is set on object 'Object Repository/VLink/Page_CCSale/txt_StoredCredentialIndicator'

2022-04-18 12:20:43 - [MESSAGE][PASSED] - Text '' is set on object 'Object Repository/VLink/Page_CCSale/txt_COFScheduledIndicator'

2022-04-18 12:20:44 - [MESSAGE][PASSED] - Text '' is set on object 'Object Repository/VLink/Page_CCSale/txt_COFTransactionInitiatedBy'

2022-04-18 12:20:48 - [MESSAGE][PASSED] - Object: 'Object Repository/VLink/Page_CCSale/btn_ProcessVLinkTransaction' is clicked on

2022-04-18 12:20:53 - [MESSAGE][PASSED] - vlinkPages.saleCCPage.setDataSCC is PASSED

2022-04-18 12:20:53 - [TEST_STEP][PASSED] - if (verifyTextPresent("Transaction approved, no errors", true)): null

2022-04-18 12:20:54 - [MESSAGE][PASSED] - Text 'Transaction approved, no errors' is present on page  using regular expression

2022-04-18 12:20:54 - [TEST_STEP][PASSED] - println("Transaction Approved, no errors text is present on the Confirmation page"): null

2022-04-18 12:20:54 - [TEST_STEP][PASSED] - out.println("Pass Record Number: " + row): null

2022-04-18 12:20:54 - [TEST_STEP][PASSED] - resText = "Pass": null

2022-04-18 12:20:54 - [TEST_STEP][PASSED] - pages.WriteExcel.demoKey(resText, datText, resColumn, datCloumn, fileLoc, nameSheet, row): pages.WriteExcel.demoKey is PASSED

2022-04-18 12:20:54 - [MESSAGE][PASSED] - pages.WriteExcel.demoKey is PASSED

2022-04-18 12:20:54 - [TEST_STEP][PASSED] - sdfo = getText(findTestObject("Object Repository/Page_VLinkReceipt/pre_STX")): Text of object 'Object Repository/Page_VLinkReceipt/pre_STX' is: '<STX>zm1ciIGpc6qT                  12114882            0  Transaction approved, no errors                   0                                                                                  XXOK8464   <ETX>'

2022-04-18 12:20:54 - [MESSAGE][PASSED] - Text of object 'Object Repository/Page_VLinkReceipt/pre_STX' is: '<STX>zm1ciIGpc6qT                  12114882            0  Transaction approved, no errors                   0                                                                                  XXOK8464   <ETX>'

2022-04-18 12:20:54 - [TEST_STEP][PASSED] - out.println("sdfo: " + sdfo): null

2022-04-18 12:20:54 - [TEST_STEP][PASSED] - remID = substring(5, 35).trim(): null

2022-04-18 12:20:54 - [TEST_STEP][PASSED] - out.println("Remittance ID: " + remID): null

2022-04-18 12:20:54 - [TEST_STEP][PASSED] - traxID = substring(35, 55).trim(): null

2022-04-18 12:20:54 - [TEST_STEP][PASSED] - out.println("Transaction ID: " + traxID): null

2022-04-18 12:20:54 - [TEST_STEP][PASSED] - out.println("End Record Number: " + row): null

2022-04-18 12:20:54 - [TEST_STEP][PASSED] - closeBrowser(): Browser is closed

2022-04-18 12:20:55 - [MESSAGE][PASSED] - Browser is closed

2022-04-18 12:20:55 - [TEST_STEP][PASSED] - ExecuteTC = findTestData(dataFile).getValue("Execute", row): null

2022-04-18 12:20:55 - [TEST_STEP][PASSED] - out.println("Value of Execute is : " + ExecuteTC): null

2022-04-18 12:20:55 - [TEST_STEP][PASSED] - if (ExecuteTC.equalsIgnoreCase("Y")): Browser is closed

2022-04-18 12:20:55 - [TEST_STEP][PASSED] - out.println("Begin Record Number: " + row): null

2022-04-18 12:20:55 - [TEST_STEP][PASSED] - today = new java.util.Date(): null

2022-04-18 12:20:55 - [TEST_STEP][PASSED] - println(today): null

2022-04-18 12:20:55 - [TEST_STEP][PASSED] - datText = today: null

2022-04-18 12:20:55 - [TEST_STEP][PASSED] - openBrowser(VLinkURL + "authcap.html"): Browser is opened with url: 'https://dev-algorithm.govolution.com/vlinktest/QA/version_2_0/authcap.html'

2022-04-18 12:20:55 - [MESSAGE][INFO] - Starting 'Chrome' driver

2022-04-18 12:20:55 - [MESSAGE][INFO] - User set preference: ['acceptInsecureCerts', 'true']

2022-04-18 12:20:55 - [MESSAGE][INFO] - Action delay is set to 0 milliseconds

2022-04-18 12:20:57 - [MESSAGE][PASSED] - Browser is opened with url: 'https://dev-algorithm.govolution.com/vlinktest/QA/version_2_0/authcap.html'

2022-04-18 12:20:57 - [TEST_STEP][PASSED] - maximizeWindow(): Current window maximized

2022-04-18 12:20:57 - [MESSAGE][PASSED] - Current window maximized

2022-04-18 12:20:57 - [TEST_STEP][PASSED] - vlinkPages.saleCCPage.setDataSCC(row, dataFile): vlinkPages.saleCCPage.setDataSCC is PASSED

2022-04-18 12:21:00 - [MESSAGE][PASSED] - Object 'Object Repository/VLink/Page_CCSale/txt_CardNumber' is present

2022-04-18 12:21:01 - [MESSAGE][PASSED] - Text '104' is set on object 'Object Repository/VLink/Page_CCSale/txt_TransactionType'

2022-04-18 12:21:02 - [MESSAGE][PASSED] - Text '2.0C' is set on object 'Object Repository/VLink/Page_CCSale/txt_MessageVersion'

2022-04-18 12:21:02 - [MESSAGE][PASSED] - Text 'pPeIdaCvcEyT' is set on object 'Object Repository/VLink/Page_CCSale/txt_RemID'

2022-04-18 12:21:03 - [MESSAGE][PASSED] - Text '672' is set on object 'Object Repository/VLink/Page_CCSale/txt_ApplicationId'

2022-04-18 12:21:04 - [MESSAGE][PASSED] - Text 'username' is set on object 'Object Repository/VLink/Page_CCSale/txt_Username'

2022-04-18 12:21:04 - [MESSAGE][PASSED] - Text 'password' is set on object 'Object Repository/VLink/Page_CCSale/txt_Password'

2022-04-18 12:21:05 - [MESSAGE][PASSED] - Text 'fixed_width' is set on object 'Object Repository/VLink/Page_CCSale/txt_ResponseFormat'

2022-04-18 12:21:06 - [MESSAGE][PASSED] - Text 'ECOM' is set on object 'Object Repository/VLink/Page_CCSale/txt_Category'

2022-04-18 12:21:06 - [MESSAGE][PASSED] - Text '' is set on object 'Object Repository/VLink/Page_CCSale/txt_TransactionID'

2022-04-18 12:21:07 - [MESSAGE][PASSED] - Text '' is set on object 'Object Repository/VLink/Page_CCSale/txt_ApprovalCode'

2022-04-18 12:21:08 - [MESSAGE][PASSED] - Text 'Arvind Silva' is set on object 'Object Repository/VLink/Page_CCSale/txt_CardName'

2022-04-18 12:21:08 - [MESSAGE][PASSED] - Text '111 Main Ave' is set on object 'Object Repository/VLink/Page_CCSale/txt_AL1'

2022-04-18 12:21:09 - [MESSAGE][PASSED] - Text '' is set on object 'Object Repository/VLink/Page_CCSale/txt_AL2'

2022-04-18 12:21:10 - [MESSAGE][PASSED] - Text 'Arlington' is set on object 'Object Repository/VLink/Page_CCSale/txt_CardCity'

2022-04-18 12:21:11 - [MESSAGE][PASSED] - Text 'VA' is set on object 'Object Repository/VLink/Page_CCSale/txt_CardState'

2022-04-18 12:21:11 - [MESSAGE][PASSED] - Text '22201' is set on object 'Object Repository/VLink/Page_CCSale/txt_CardZIP'

2022-04-18 12:21:12 - [MESSAGE][PASSED] - Text '' is set on object 'Object Repository/VLink/Page_CCSale/txt_CountryID'

2022-04-18 12:21:13 - [MESSAGE][PASSED] - Text '2.50' is set on object 'Object Repository/VLink/Page_CCSale/txt_Amount'

2022-04-18 12:21:13 - [MESSAGE][PASSED] - Text '4111111111111111' is set on object 'Object Repository/VLink/Page_CCSale/txt_CardNumber'

2022-04-18 12:21:14 - [MESSAGE][PASSED] - Text '01' is set on object 'Object Repository/VLink/Page_CCSale/txt_ExpMonth'

2022-04-18 12:21:15 - [MESSAGE][PASSED] - Text '2026' is set on object 'Object Repository/VLink/Page_CCSale/txt_ExpYear'

2022-04-18 12:21:15 - [MESSAGE][PASSED] - Text '' is set on object 'Object Repository/VLink/Page_CCSale/txt_CVV'

2022-04-18 12:21:16 - [MESSAGE][PASSED] - Text '' is set on object 'Object Repository/VLink/Page_CCSale/txt_CVVstate'

2022-04-18 12:21:17 - [MESSAGE][PASSED] - Text '' is set on object 'Object Repository/VLink/Page_CCSale/txt_TrackData'

2022-04-18 12:21:17 - [MESSAGE][PASSED] - Text '' is set on object 'Object Repository/VLink/Page_CCSale/txt_Track1Data'

2022-04-18 12:21:18 - [MESSAGE][PASSED] - Text '' is set on object 'Object Repository/VLink/Page_CCSale/txt_Track2Data'

2022-04-18 12:21:19 - [MESSAGE][PASSED] - Text 'manual' is set on object 'Object Repository/VLink/Page_CCSale/txt_POSEntryMode'

2022-04-18 12:21:20 - [MESSAGE][PASSED] - Text '' is set on object 'Object Repository/VLink/Page_CCSale/txt_Email'

2022-04-18 12:21:20 - [MESSAGE][PASSED] - Text '' is set on object 'Object Repository/VLink/Page_CCSale/txt_OrderNumber'

2022-04-18 12:21:21 - [MESSAGE][PASSED] - Text '' is set on object 'Object Repository/VLink/Page_CCSale/txt_TaxAmount'

2022-04-18 12:21:22 - [MESSAGE][PASSED] - Text '' is set on object 'Object Repository/VLink/Page_CCSale/txt_ChargeDescription'

2022-04-18 12:21:22 - [MESSAGE][PASSED] - Text '' is set on object 'Object Repository/VLink/Page_CCSale/txt_CAN'

2022-04-18 12:21:23 - [MESSAGE][PASSED] - Text '' is set on object 'Object Repository/VLink/Page_CCSale/txt_BillPaymentIndicator'

2022-04-18 12:21:24 - [MESSAGE][PASSED] - Text '' is set on object 'Object Repository/VLink/Page_CCSale/txt_UDF1'

2022-04-18 12:21:24 - [MESSAGE][PASSED] - Text '' is set on object 'Object Repository/VLink/Page_CCSale/txt_UDF2'

2022-04-18 12:21:25 - [MESSAGE][PASSED] - Text '' is set on object 'Object Repository/VLink/Page_CCSale/txt_UDF3'

2022-04-18 12:21:26 - [MESSAGE][PASSED] - Text '' is set on object 'Object Repository/VLink/Page_CCSale/txt_UDF4'

2022-04-18 12:21:26 - [MESSAGE][PASSED] - Text '' is set on object 'Object Repository/VLink/Page_CCSale/txt_UDF5'

2022-04-18 12:21:27 - [MESSAGE][PASSED] - Text '' is set on object 'Object Repository/VLink/Page_CCSale/txt_UDF6'

2022-04-18 12:21:28 - [MESSAGE][PASSED] - Text '' is set on object 'Object Repository/VLink/Page_CCSale/txt_UDF7'

2022-04-18 12:21:28 - [MESSAGE][PASSED] - Text '' is set on object 'Object Repository/VLink/Page_CCSale/txt_UDF8'

2022-04-18 12:21:29 - [MESSAGE][PASSED] - Text '' is set on object 'Object Repository/VLink/Page_CCSale/txt_UDF9'

2022-04-18 12:21:30 - [MESSAGE][PASSED] - Text '' is set on object 'Object Repository/VLink/Page_CCSale/txt_UDF10'

2022-04-18 12:21:30 - [MESSAGE][PASSED] - Text '' is set on object 'Object Repository/VLink/Page_CCSale/txt_CardOnFileIndicator'

2022-04-18 12:21:31 - [MESSAGE][PASSED] - Text '' is set on object 'Object Repository/VLink/Page_CCSale/txt_StoredCredentialIndicator'

2022-04-18 12:21:32 - [MESSAGE][PASSED] - Text '' is set on object 'Object Repository/VLink/Page_CCSale/txt_COFScheduledIndicator'

2022-04-18 12:21:32 - [MESSAGE][PASSED] - Text '' is set on object 'Object Repository/VLink/Page_CCSale/txt_COFTransactionInitiatedBy'

2022-04-18 12:21:35 - [MESSAGE][PASSED] - Object: 'Object Repository/VLink/Page_CCSale/btn_ProcessVLinkTransaction' is clicked on

2022-04-18 12:21:40 - [MESSAGE][PASSED] - vlinkPages.saleCCPage.setDataSCC is PASSED

2022-04-18 12:21:40 - [TEST_STEP][PASSED] - if (verifyTextPresent("Transaction approved, no errors", true)): null

2022-04-18 12:21:40 - [MESSAGE][PASSED] - Text 'Transaction approved, no errors' is present on page  using regular expression

2022-04-18 12:21:40 - [TEST_STEP][PASSED] - println("Transaction Approved, no errors text is present on the Confirmation page"): null

2022-04-18 12:21:40 - [TEST_STEP][PASSED] - out.println("Pass Record Number: " + row): null

2022-04-18 12:21:40 - [TEST_STEP][PASSED] - resText = "Pass": null

2022-04-18 12:21:40 - [TEST_STEP][PASSED] - pages.WriteExcel.demoKey(resText, datText, resColumn, datCloumn, fileLoc, nameSheet, row): pages.WriteExcel.demoKey is PASSED

2022-04-18 12:21:40 - [MESSAGE][PASSED] - pages.WriteExcel.demoKey is PASSED

2022-04-18 12:21:40 - [TEST_STEP][PASSED] - sdfo = getText(findTestObject("Object Repository/Page_VLinkReceipt/pre_STX")): Text of object 'Object Repository/Page_VLinkReceipt/pre_STX' is: '<STX>pPeIdaCvcEyT                  12114883            0  Transaction approved, no errors                   0                                                                                  XXOK9234   <ETX>'

2022-04-18 12:21:41 - [MESSAGE][PASSED] - Text of object 'Object Repository/Page_VLinkReceipt/pre_STX' is: '<STX>pPeIdaCvcEyT                  12114883            0  Transaction approved, no errors                   0                                                                                  XXOK9234   <ETX>'

2022-04-18 12:21:41 - [TEST_STEP][PASSED] - out.println("sdfo: " + sdfo): null

2022-04-18 12:21:41 - [TEST_STEP][PASSED] - remID = substring(5, 35).trim(): null

2022-04-18 12:21:41 - [TEST_STEP][PASSED] - out.println("Remittance ID: " + remID): null

2022-04-18 12:21:41 - [TEST_STEP][PASSED] - traxID = substring(35, 55).trim(): null

2022-04-18 12:21:41 - [TEST_STEP][PASSED] - out.println("Transaction ID: " + traxID): null

2022-04-18 12:21:41 - [TEST_STEP][PASSED] - out.println("End Record Number: " + row): null

2022-04-18 12:21:41 - [TEST_STEP][PASSED] - closeBrowser(): Browser is closed

2022-04-18 12:21:42 - [MESSAGE][PASSED] - Browser is closed

2022-04-18 12:21:42 - [TEST_STEP][PASSED] - ExecuteTC = findTestData(dataFile).getValue("Execute", row): null

2022-04-18 12:21:42 - [TEST_STEP][PASSED] - out.println("Value of Execute is : " + ExecuteTC): null

2022-04-18 12:21:42 - [TEST_STEP][PASSED] - if (ExecuteTC.equalsIgnoreCase("Y")): Browser is closed

2022-04-18 12:21:42 - [TEST_STEP][PASSED] - out.println("Begin Record Number: " + row): null

2022-04-18 12:21:42 - [TEST_STEP][PASSED] - today = new java.util.Date(): null

2022-04-18 12:21:42 - [TEST_STEP][PASSED] - println(today): null

2022-04-18 12:21:42 - [TEST_STEP][PASSED] - datText = today: null

2022-04-18 12:21:42 - [TEST_STEP][PASSED] - openBrowser(VLinkURL + "authcap.html"): Browser is opened with url: 'https://dev-algorithm.govolution.com/vlinktest/QA/version_2_0/authcap.html'

2022-04-18 12:21:42 - [MESSAGE][INFO] - Starting 'Chrome' driver

2022-04-18 12:21:42 - [MESSAGE][INFO] - User set preference: ['acceptInsecureCerts', 'true']

2022-04-18 12:21:42 - [MESSAGE][INFO] - Action delay is set to 0 milliseconds

2022-04-18 12:21:44 - [MESSAGE][PASSED] - Browser is opened with url: 'https://dev-algorithm.govolution.com/vlinktest/QA/version_2_0/authcap.html'

2022-04-18 12:21:44 - [TEST_STEP][PASSED] - maximizeWindow(): Current window maximized

2022-04-18 12:21:44 - [MESSAGE][PASSED] - Current window maximized

2022-04-18 12:21:44 - [TEST_STEP][PASSED] - vlinkPages.saleCCPage.setDataSCC(row, dataFile): vlinkPages.saleCCPage.setDataSCC is PASSED

2022-04-18 12:21:47 - [MESSAGE][PASSED] - Object 'Object Repository/VLink/Page_CCSale/txt_CardNumber' is present

2022-04-18 12:21:47 - [MESSAGE][PASSED] - Text '104' is set on object 'Object Repository/VLink/Page_CCSale/txt_TransactionType'

2022-04-18 12:21:48 - [MESSAGE][PASSED] - Text '2.0C' is set on object 'Object Repository/VLink/Page_CCSale/txt_MessageVersion'

2022-04-18 12:21:49 - [MESSAGE][PASSED] - Text 'OwwSNuouYqAS' is set on object 'Object Repository/VLink/Page_CCSale/txt_RemID'

2022-04-18 12:21:49 - [MESSAGE][PASSED] - Text '677' is set on object 'Object Repository/VLink/Page_CCSale/txt_ApplicationId'

2022-04-18 12:21:50 - [MESSAGE][PASSED] - Text 'username' is set on object 'Object Repository/VLink/Page_CCSale/txt_Username'

2022-04-18 12:21:51 - [MESSAGE][PASSED] - Text 'password' is set on object 'Object Repository/VLink/Page_CCSale/txt_Password'

2022-04-18 12:21:51 - [MESSAGE][PASSED] - Text 'fixed_width' is set on object 'Object Repository/VLink/Page_CCSale/txt_ResponseFormat'

2022-04-18 12:21:52 - [MESSAGE][PASSED] - Text 'ECOM' is set on object 'Object Repository/VLink/Page_CCSale/txt_Category'

2022-04-18 12:21:53 - [MESSAGE][PASSED] - Text '' is set on object 'Object Repository/VLink/Page_CCSale/txt_TransactionID'

2022-04-18 12:21:53 - [MESSAGE][PASSED] - Text '' is set on object 'Object Repository/VLink/Page_CCSale/txt_ApprovalCode'

2022-04-18 12:21:54 - [MESSAGE][PASSED] - Text 'Roshan Maha' is set on object 'Object Repository/VLink/Page_CCSale/txt_CardName'

2022-04-18 12:21:55 - [MESSAGE][PASSED] - Text '12563 Bazaar road' is set on object 'Object Repository/VLink/Page_CCSale/txt_AL1'

2022-04-18 12:21:55 - [MESSAGE][PASSED] - Text '' is set on object 'Object Repository/VLink/Page_CCSale/txt_AL2'

2022-04-18 12:21:56 - [MESSAGE][PASSED] - Text 'Crofton' is set on object 'Object Repository/VLink/Page_CCSale/txt_CardCity'

2022-04-18 12:21:57 - [MESSAGE][PASSED] - Text 'MD' is set on object 'Object Repository/VLink/Page_CCSale/txt_CardState'

2022-04-18 12:21:57 - [MESSAGE][PASSED] - Text '21114' is set on object 'Object Repository/VLink/Page_CCSale/txt_CardZIP'

2022-04-18 12:21:58 - [MESSAGE][PASSED] - Text '' is set on object 'Object Repository/VLink/Page_CCSale/txt_CountryID'

2022-04-18 12:21:59 - [MESSAGE][PASSED] - Text '3.50' is set on object 'Object Repository/VLink/Page_CCSale/txt_Amount'

2022-04-18 12:22:00 - [MESSAGE][PASSED] - Text '4111111111111111' is set on object 'Object Repository/VLink/Page_CCSale/txt_CardNumber'

2022-04-18 12:22:00 - [MESSAGE][PASSED] - Text '01' is set on object 'Object Repository/VLink/Page_CCSale/txt_ExpMonth'

2022-04-18 12:22:01 - [MESSAGE][PASSED] - Text '2026' is set on object 'Object Repository/VLink/Page_CCSale/txt_ExpYear'

2022-04-18 12:22:02 - [MESSAGE][PASSED] - Text '' is set on object 'Object Repository/VLink/Page_CCSale/txt_CVV'

2022-04-18 12:22:02 - [MESSAGE][PASSED] - Text '' is set on object 'Object Repository/VLink/Page_CCSale/txt_CVVstate'

2022-04-18 12:22:03 - [MESSAGE][PASSED] - Text '' is set on object 'Object Repository/VLink/Page_CCSale/txt_TrackData'

2022-04-18 12:22:04 - [MESSAGE][PASSED] - Text '' is set on object 'Object Repository/VLink/Page_CCSale/txt_Track1Data'

2022-04-18 12:22:04 - [MESSAGE][PASSED] - Text '' is set on object 'Object Repository/VLink/Page_CCSale/txt_Track2Data'

2022-04-18 12:22:05 - [MESSAGE][PASSED] - Text 'manual' is set on object 'Object Repository/VLink/Page_CCSale/txt_POSEntryMode'

2022-04-18 12:22:06 - [MESSAGE][PASSED] - Text '' is set on object 'Object Repository/VLink/Page_CCSale/txt_Email'

2022-04-18 12:22:07 - [MESSAGE][PASSED] - Text '' is set on object 'Object Repository/VLink/Page_CCSale/txt_OrderNumber'

2022-04-18 12:22:07 - [MESSAGE][PASSED] - Text '' is set on object 'Object Repository/VLink/Page_CCSale/txt_TaxAmount'

2022-04-18 12:22:08 - [MESSAGE][PASSED] - Text '' is set on object 'Object Repository/VLink/Page_CCSale/txt_ChargeDescription'

2022-04-18 12:22:09 - [MESSAGE][PASSED] - Text '' is set on object 'Object Repository/VLink/Page_CCSale/txt_CAN'

2022-04-18 12:22:09 - [MESSAGE][PASSED] - Text '' is set on object 'Object Repository/VLink/Page_CCSale/txt_BillPaymentIndicator'

2022-04-18 12:22:10 - [MESSAGE][PASSED] - Text '' is set on object 'Object Repository/VLink/Page_CCSale/txt_UDF1'

2022-04-18 12:22:11 - [MESSAGE][PASSED] - Text '' is set on object 'Object Repository/VLink/Page_CCSale/txt_UDF2'

2022-04-18 12:22:11 - [MESSAGE][PASSED] - Text '' is set on object 'Object Repository/VLink/Page_CCSale/txt_UDF3'

2022-04-18 12:22:12 - [MESSAGE][PASSED] - Text '' is set on object 'Object Repository/VLink/Page_CCSale/txt_UDF4'

2022-04-18 12:22:13 - [MESSAGE][PASSED] - Text '' is set on object 'Object Repository/VLink/Page_CCSale/txt_UDF5'

2022-04-18 12:22:13 - [MESSAGE][PASSED] - Text '' is set on object 'Object Repository/VLink/Page_CCSale/txt_UDF6'

2022-04-18 12:22:14 - [MESSAGE][PASSED] - Text '' is set on object 'Object Repository/VLink/Page_CCSale/txt_UDF7'

2022-04-18 12:22:15 - [MESSAGE][PASSED] - Text '' is set on object 'Object Repository/VLink/Page_CCSale/txt_UDF8'

2022-04-18 12:22:16 - [MESSAGE][PASSED] - Text '' is set on object 'Object Repository/VLink/Page_CCSale/txt_UDF9'

2022-04-18 12:22:16 - [MESSAGE][PASSED] - Text '' is set on object 'Object Repository/VLink/Page_CCSale/txt_UDF10'

2022-04-18 12:22:17 - [MESSAGE][PASSED] - Text '' is set on object 'Object Repository/VLink/Page_CCSale/txt_CardOnFileIndicator'

2022-04-18 12:22:18 - [MESSAGE][PASSED] - Text '' is set on object 'Object Repository/VLink/Page_CCSale/txt_StoredCredentialIndicator'

2022-04-18 12:22:18 - [MESSAGE][PASSED] - Text '' is set on object 'Object Repository/VLink/Page_CCSale/txt_COFScheduledIndicator'

2022-04-18 12:22:19 - [MESSAGE][PASSED] - Text '' is set on object 'Object Repository/VLink/Page_CCSale/txt_COFTransactionInitiatedBy'

2022-04-18 12:22:22 - [MESSAGE][PASSED] - Object: 'Object Repository/VLink/Page_CCSale/btn_ProcessVLinkTransaction' is clicked on

2022-04-18 12:22:27 - [MESSAGE][PASSED] - vlinkPages.saleCCPage.setDataSCC is PASSED

2022-04-18 12:22:27 - [TEST_STEP][PASSED] - if (verifyTextPresent("Transaction approved, no errors", true)): null

2022-04-18 12:22:28 - [MESSAGE][PASSED] - Text 'Transaction approved, no errors' is present on page  using regular expression

2022-04-18 12:22:28 - [TEST_STEP][PASSED] - println("Transaction Approved, no errors text is present on the Confirmation page"): null

2022-04-18 12:22:28 - [TEST_STEP][PASSED] - out.println("Pass Record Number: " + row): null

2022-04-18 12:22:28 - [TEST_STEP][PASSED] - resText = "Pass": null

2022-04-18 12:22:28 - [TEST_STEP][PASSED] - pages.WriteExcel.demoKey(resText, datText, resColumn, datCloumn, fileLoc, nameSheet, row): pages.WriteExcel.demoKey is PASSED

2022-04-18 12:22:28 - [MESSAGE][PASSED] - pages.WriteExcel.demoKey is PASSED

2022-04-18 12:22:28 - [TEST_STEP][PASSED] - sdfo = getText(findTestObject("Object Repository/Page_VLinkReceipt/pre_STX")): Text of object 'Object Repository/Page_VLinkReceipt/pre_STX' is: '<STX>OwwSNuouYqAS                  12114884            0  Transaction approved, no errors                   0                                                                                  XXOK9914   <ETX>'

2022-04-18 12:22:28 - [MESSAGE][PASSED] - Text of object 'Object Repository/Page_VLinkReceipt/pre_STX' is: '<STX>OwwSNuouYqAS                  12114884            0  Transaction approved, no errors                   0                                                                                  XXOK9914   <ETX>'

2022-04-18 12:22:28 - [TEST_STEP][PASSED] - out.println("sdfo: " + sdfo): null

2022-04-18 12:22:28 - [TEST_STEP][PASSED] - remID = substring(5, 35).trim(): null

2022-04-18 12:22:28 - [TEST_STEP][PASSED] - out.println("Remittance ID: " + remID): null

2022-04-18 12:22:28 - [TEST_STEP][PASSED] - traxID = substring(35, 55).trim(): null

2022-04-18 12:22:28 - [TEST_STEP][PASSED] - out.println("Transaction ID: " + traxID): null

2022-04-18 12:22:28 - [TEST_STEP][PASSED] - out.println("End Record Number: " + row): null

2022-04-18 12:22:28 - [TEST_STEP][PASSED] - closeBrowser(): Browser is closed

2022-04-18 12:22:29 - [MESSAGE][PASSED] - Browser is closed

2022-04-18 12:22:29 - [TEST_STEP][PASSED] - ExecuteTC = findTestData(dataFile).getValue("Execute", row): null

2022-04-18 12:22:29 - [TEST_STEP][PASSED] - out.println("Value of Execute is : " + ExecuteTC): null

2022-04-18 12:22:29 - [TEST_STEP][PASSED] - if (ExecuteTC.equalsIgnoreCase("Y")): Browser is closed

2022-04-18 12:22:29 - [TEST_STEP][PASSED] - out.println("Begin Record Number: " + row): null

2022-04-18 12:22:29 - [TEST_STEP][PASSED] - today = new java.util.Date(): null

2022-04-18 12:22:29 - [TEST_STEP][PASSED] - println(today): null

2022-04-18 12:22:29 - [TEST_STEP][PASSED] - datText = today: null

2022-04-18 12:22:29 - [TEST_STEP][PASSED] - openBrowser(VLinkURL + "authcap.html"): Browser is opened with url: 'https://dev-algorithm.govolution.com/vlinktest/QA/version_2_0/authcap.html'

2022-04-18 12:22:29 - [MESSAGE][INFO] - Starting 'Chrome' driver

2022-04-18 12:22:29 - [MESSAGE][INFO] - User set preference: ['acceptInsecureCerts', 'true']

2022-04-18 12:22:29 - [MESSAGE][INFO] - Action delay is set to 0 milliseconds

2022-04-18 12:22:31 - [MESSAGE][PASSED] - Browser is opened with url: 'https://dev-algorithm.govolution.com/vlinktest/QA/version_2_0/authcap.html'

2022-04-18 12:22:31 - [TEST_STEP][PASSED] - maximizeWindow(): Current window maximized

2022-04-18 12:22:31 - [MESSAGE][PASSED] - Current window maximized

2022-04-18 12:22:31 - [TEST_STEP][PASSED] - vlinkPages.saleCCPage.setDataSCC(row, dataFile): vlinkPages.saleCCPage.setDataSCC is PASSED

2022-04-18 12:22:34 - [MESSAGE][PASSED] - Object 'Object Repository/VLink/Page_CCSale/txt_CardNumber' is present

2022-04-18 12:22:34 - [MESSAGE][PASSED] - Text '104' is set on object 'Object Repository/VLink/Page_CCSale/txt_TransactionType'

2022-04-18 12:22:35 - [MESSAGE][PASSED] - Text '2.0C' is set on object 'Object Repository/VLink/Page_CCSale/txt_MessageVersion'

2022-04-18 12:22:36 - [MESSAGE][PASSED] - Text 'YsHVI9ymUBMy' is set on object 'Object Repository/VLink/Page_CCSale/txt_RemID'

2022-04-18 12:22:36 - [MESSAGE][PASSED] - Text '665' is set on object 'Object Repository/VLink/Page_CCSale/txt_ApplicationId'

2022-04-18 12:22:37 - [MESSAGE][PASSED] - Text 'username' is set on object 'Object Repository/VLink/Page_CCSale/txt_Username'

2022-04-18 12:22:38 - [MESSAGE][PASSED] - Text 'password' is set on object 'Object Repository/VLink/Page_CCSale/txt_Password'

2022-04-18 12:22:38 - [MESSAGE][PASSED] - Text 'fixed_width' is set on object 'Object Repository/VLink/Page_CCSale/txt_ResponseFormat'

2022-04-18 12:22:39 - [MESSAGE][PASSED] - Text 'ECOM' is set on object 'Object Repository/VLink/Page_CCSale/txt_Category'

2022-04-18 12:22:40 - [MESSAGE][PASSED] - Text '' is set on object 'Object Repository/VLink/Page_CCSale/txt_TransactionID'

2022-04-18 12:22:40 - [MESSAGE][PASSED] - Text '' is set on object 'Object Repository/VLink/Page_CCSale/txt_ApprovalCode'

2022-04-18 12:22:41 - [MESSAGE][PASSED] - Text 'Kris Roshan' is set on object 'Object Repository/VLink/Page_CCSale/txt_CardName'

2022-04-18 12:22:42 - [MESSAGE][PASSED] - Text '258 Elm Road' is set on object 'Object Repository/VLink/Page_CCSale/txt_AL1'

2022-04-18 12:22:42 - [MESSAGE][PASSED] - Text 'Suite 56' is set on object 'Object Repository/VLink/Page_CCSale/txt_AL2'

2022-04-18 12:22:43 - [MESSAGE][PASSED] - Text 'Arlington' is set on object 'Object Repository/VLink/Page_CCSale/txt_CardCity'

2022-04-18 12:22:44 - [MESSAGE][PASSED] - Text 'VA' is set on object 'Object Repository/VLink/Page_CCSale/txt_CardState'

2022-04-18 12:22:44 - [MESSAGE][PASSED] - Text '22201' is set on object 'Object Repository/VLink/Page_CCSale/txt_CardZIP'

2022-04-18 12:22:45 - [MESSAGE][PASSED] - Text '840' is set on object 'Object Repository/VLink/Page_CCSale/txt_CountryID'

2022-04-18 12:22:46 - [MESSAGE][PASSED] - Text '1.50' is set on object 'Object Repository/VLink/Page_CCSale/txt_Amount'

2022-04-18 12:22:46 - [MESSAGE][PASSED] - Text '5424000000000015' is set on object 'Object Repository/VLink/Page_CCSale/txt_CardNumber'

2022-04-18 12:22:47 - [MESSAGE][PASSED] - Text '12' is set on object 'Object Repository/VLink/Page_CCSale/txt_ExpMonth'

2022-04-18 12:22:48 - [MESSAGE][PASSED] - Text '2025' is set on object 'Object Repository/VLink/Page_CCSale/txt_ExpYear'

2022-04-18 12:22:49 - [MESSAGE][PASSED] - Text '' is set on object 'Object Repository/VLink/Page_CCSale/txt_CVV'

2022-04-18 12:22:49 - [MESSAGE][PASSED] - Text '' is set on object 'Object Repository/VLink/Page_CCSale/txt_CVVstate'

2022-04-18 12:22:50 - [MESSAGE][PASSED] - Text '' is set on object 'Object Repository/VLink/Page_CCSale/txt_TrackData'

2022-04-18 12:22:51 - [MESSAGE][PASSED] - Text '' is set on object 'Object Repository/VLink/Page_CCSale/txt_Track1Data'

2022-04-18 12:22:51 - [MESSAGE][PASSED] - Text '' is set on object 'Object Repository/VLink/Page_CCSale/txt_Track2Data'

2022-04-18 12:22:52 - [MESSAGE][PASSED] - Text 'manual' is set on object 'Object Repository/VLink/Page_CCSale/txt_POSEntryMode'

2022-04-18 12:22:53 - [MESSAGE][PASSED] - Text 'iahmed@govolution.com' is set on object 'Object Repository/VLink/Page_CCSale/txt_Email'

2022-04-18 12:22:54 - [MESSAGE][PASSED] - Text '2569362' is set on object 'Object Repository/VLink/Page_CCSale/txt_OrderNumber'

2022-04-18 12:22:54 - [MESSAGE][PASSED] - Text '1.15' is set on object 'Object Repository/VLink/Page_CCSale/txt_TaxAmount'

2022-04-18 12:22:55 - [MESSAGE][PASSED] - Text 'Charge Description' is set on object 'Object Repository/VLink/Page_CCSale/txt_ChargeDescription'

2022-04-18 12:22:56 - [MESSAGE][PASSED] - Text '147357' is set on object 'Object Repository/VLink/Page_CCSale/txt_CAN'

2022-04-18 12:22:56 - [MESSAGE][PASSED] - Text '1' is set on object 'Object Repository/VLink/Page_CCSale/txt_BillPaymentIndicator'

2022-04-18 12:22:57 - [MESSAGE][PASSED] - Text 'UDF Data 1' is set on object 'Object Repository/VLink/Page_CCSale/txt_UDF1'

2022-04-18 12:22:58 - [MESSAGE][PASSED] - Text 'UDF Data 2' is set on object 'Object Repository/VLink/Page_CCSale/txt_UDF2'

2022-04-18 12:22:59 - [MESSAGE][PASSED] - Text 'UDF Data 3' is set on object 'Object Repository/VLink/Page_CCSale/txt_UDF3'

2022-04-18 12:22:59 - [MESSAGE][PASSED] - Text 'UDF Data 4' is set on object 'Object Repository/VLink/Page_CCSale/txt_UDF4'

2022-04-18 12:23:00 - [MESSAGE][PASSED] - Text 'UDF Data 5' is set on object 'Object Repository/VLink/Page_CCSale/txt_UDF5'

2022-04-18 12:23:01 - [MESSAGE][PASSED] - Text 'UDF Data 6' is set on object 'Object Repository/VLink/Page_CCSale/txt_UDF6'

2022-04-18 12:23:01 - [MESSAGE][PASSED] - Text 'UDF Data 7' is set on object 'Object Repository/VLink/Page_CCSale/txt_UDF7'

2022-04-18 12:23:02 - [MESSAGE][PASSED] - Text 'UDF Data 8' is set on object 'Object Repository/VLink/Page_CCSale/txt_UDF8'

2022-04-18 12:23:03 - [MESSAGE][PASSED] - Text 'UDF Data 9' is set on object 'Object Repository/VLink/Page_CCSale/txt_UDF9'

2022-04-18 12:23:04 - [MESSAGE][PASSED] - Text 'UDF Data 10' is set on object 'Object Repository/VLink/Page_CCSale/txt_UDF10'

2022-04-18 12:23:04 - [MESSAGE][PASSED] - Text '' is set on object 'Object Repository/VLink/Page_CCSale/txt_CardOnFileIndicator'

2022-04-18 12:23:05 - [MESSAGE][PASSED] - Text '' is set on object 'Object Repository/VLink/Page_CCSale/txt_StoredCredentialIndicator'

2022-04-18 12:23:06 - [MESSAGE][PASSED] - Text '' is set on object 'Object Repository/VLink/Page_CCSale/txt_COFScheduledIndicator'

2022-04-18 12:23:06 - [MESSAGE][PASSED] - Text '' is set on object 'Object Repository/VLink/Page_CCSale/txt_COFTransactionInitiatedBy'

2022-04-18 12:23:09 - [MESSAGE][PASSED] - Object: 'Object Repository/VLink/Page_CCSale/btn_ProcessVLinkTransaction' is clicked on

2022-04-18 12:23:14 - [MESSAGE][PASSED] - vlinkPages.saleCCPage.setDataSCC is PASSED

2022-04-18 12:23:14 - [TEST_STEP][PASSED] - if (verifyTextPresent("Transaction approved, no errors", true)): null

2022-04-18 12:23:14 - [MESSAGE][PASSED] - Text 'Transaction approved, no errors' is present on page  using regular expression

2022-04-18 12:23:14 - [TEST_STEP][PASSED] - println("Transaction Approved, no errors text is present on the Confirmation page"): null

2022-04-18 12:23:14 - [TEST_STEP][PASSED] - out.println("Pass Record Number: " + row): null

2022-04-18 12:23:14 - [TEST_STEP][PASSED] - resText = "Pass": null

2022-04-18 12:23:14 - [TEST_STEP][PASSED] - pages.WriteExcel.demoKey(resText, datText, resColumn, datCloumn, fileLoc, nameSheet, row): pages.WriteExcel.demoKey is PASSED

2022-04-18 12:23:15 - [MESSAGE][PASSED] - pages.WriteExcel.demoKey is PASSED

2022-04-18 12:23:15 - [TEST_STEP][PASSED] - sdfo = getText(findTestObject("Object Repository/Page_VLinkReceipt/pre_STX")): Text of object 'Object Repository/Page_VLinkReceipt/pre_STX' is: '<STX>YsHVI9ymUBMy                  12114886            0  Transaction approved, no errors                   0                                                                                  XXOK0564   <ETX>'

2022-04-18 12:23:15 - [MESSAGE][PASSED] - Text of object 'Object Repository/Page_VLinkReceipt/pre_STX' is: '<STX>YsHVI9ymUBMy                  12114886            0  Transaction approved, no errors                   0                                                                                  XXOK0564   <ETX>'

2022-04-18 12:23:15 - [TEST_STEP][PASSED] - out.println("sdfo: " + sdfo): null

2022-04-18 12:23:15 - [TEST_STEP][PASSED] - remID = substring(5, 35).trim(): null

2022-04-18 12:23:15 - [TEST_STEP][PASSED] - out.println("Remittance ID: " + remID): null

2022-04-18 12:23:15 - [TEST_STEP][PASSED] - traxID = substring(35, 55).trim(): null

2022-04-18 12:23:15 - [TEST_STEP][PASSED] - out.println("Transaction ID: " + traxID): null

2022-04-18 12:23:15 - [TEST_STEP][PASSED] - out.println("End Record Number: " + row): null

2022-04-18 12:23:15 - [TEST_STEP][PASSED] - closeBrowser(): Browser is closed

2022-04-18 12:23:16 - [MESSAGE][PASSED] - Browser is closed

2022-04-18 12:23:16 - [TEST_STEP][PASSED] - ExecuteTC = findTestData(dataFile).getValue("Execute", row): null

2022-04-18 12:23:16 - [TEST_STEP][PASSED] - out.println("Value of Execute is : " + ExecuteTC): null

2022-04-18 12:23:16 - [TEST_STEP][PASSED] - if (ExecuteTC.equalsIgnoreCase("Y")): Browser is closed

2022-04-18 12:23:16 - [TEST_STEP][PASSED] - out.println("Begin Record Number: " + row): null

2022-04-18 12:23:16 - [TEST_STEP][PASSED] - today = new java.util.Date(): null

2022-04-18 12:23:16 - [TEST_STEP][PASSED] - println(today): null

2022-04-18 12:23:16 - [TEST_STEP][PASSED] - datText = today: null

2022-04-18 12:23:16 - [TEST_STEP][PASSED] - openBrowser(VLinkURL + "authcap.html"): Browser is opened with url: 'https://dev-algorithm.govolution.com/vlinktest/QA/version_2_0/authcap.html'

2022-04-18 12:23:16 - [MESSAGE][INFO] - Starting 'Chrome' driver

2022-04-18 12:23:16 - [MESSAGE][INFO] - User set preference: ['acceptInsecureCerts', 'true']

2022-04-18 12:23:16 - [MESSAGE][INFO] - Action delay is set to 0 milliseconds

2022-04-18 12:23:18 - [MESSAGE][PASSED] - Browser is opened with url: 'https://dev-algorithm.govolution.com/vlinktest/QA/version_2_0/authcap.html'

2022-04-18 12:23:18 - [TEST_STEP][PASSED] - maximizeWindow(): Current window maximized

2022-04-18 12:23:18 - [MESSAGE][PASSED] - Current window maximized

2022-04-18 12:23:18 - [TEST_STEP][PASSED] - vlinkPages.saleCCPage.setDataSCC(row, dataFile): vlinkPages.saleCCPage.setDataSCC is PASSED

2022-04-18 12:23:21 - [MESSAGE][PASSED] - Object 'Object Repository/VLink/Page_CCSale/txt_CardNumber' is present

2022-04-18 12:23:21 - [MESSAGE][PASSED] - Text '104' is set on object 'Object Repository/VLink/Page_CCSale/txt_TransactionType'

2022-04-18 12:23:22 - [MESSAGE][PASSED] - Text '2.0C' is set on object 'Object Repository/VLink/Page_CCSale/txt_MessageVersion'

2022-04-18 12:23:23 - [MESSAGE][PASSED] - Text 'tOMamBS96Acm' is set on object 'Object Repository/VLink/Page_CCSale/txt_RemID'

2022-04-18 12:23:23 - [MESSAGE][PASSED] - Text '672' is set on object 'Object Repository/VLink/Page_CCSale/txt_ApplicationId'

2022-04-18 12:23:24 - [MESSAGE][PASSED] - Text 'username' is set on object 'Object Repository/VLink/Page_CCSale/txt_Username'

2022-04-18 12:23:25 - [MESSAGE][PASSED] - Text 'password' is set on object 'Object Repository/VLink/Page_CCSale/txt_Password'

2022-04-18 12:23:25 - [MESSAGE][PASSED] - Text 'fixed_width' is set on object 'Object Repository/VLink/Page_CCSale/txt_ResponseFormat'

2022-04-18 12:23:26 - [MESSAGE][PASSED] - Text 'ECOM' is set on object 'Object Repository/VLink/Page_CCSale/txt_Category'

2022-04-18 12:23:26 - [MESSAGE][PASSED] - Text '' is set on object 'Object Repository/VLink/Page_CCSale/txt_TransactionID'

2022-04-18 12:23:27 - [MESSAGE][PASSED] - Text '' is set on object 'Object Repository/VLink/Page_CCSale/txt_ApprovalCode'

2022-04-18 12:23:28 - [MESSAGE][PASSED] - Text 'Arvind Silva' is set on object 'Object Repository/VLink/Page_CCSale/txt_CardName'

2022-04-18 12:23:29 - [MESSAGE][PASSED] - Text '111 Main Ave' is set on object 'Object Repository/VLink/Page_CCSale/txt_AL1'

2022-04-18 12:23:29 - [MESSAGE][PASSED] - Text '' is set on object 'Object Repository/VLink/Page_CCSale/txt_AL2'

2022-04-18 12:23:30 - [MESSAGE][PASSED] - Text 'Arlington' is set on object 'Object Repository/VLink/Page_CCSale/txt_CardCity'

2022-04-18 12:23:31 - [MESSAGE][PASSED] - Text 'VA' is set on object 'Object Repository/VLink/Page_CCSale/txt_CardState'

2022-04-18 12:23:31 - [MESSAGE][PASSED] - Text '22201' is set on object 'Object Repository/VLink/Page_CCSale/txt_CardZIP'

2022-04-18 12:23:32 - [MESSAGE][PASSED] - Text '' is set on object 'Object Repository/VLink/Page_CCSale/txt_CountryID'

2022-04-18 12:23:33 - [MESSAGE][PASSED] - Text '2.50' is set on object 'Object Repository/VLink/Page_CCSale/txt_Amount'

2022-04-18 12:23:34 - [MESSAGE][PASSED] - Text '5424000000000015' is set on object 'Object Repository/VLink/Page_CCSale/txt_CardNumber'

2022-04-18 12:23:34 - [MESSAGE][PASSED] - Text '01' is set on object 'Object Repository/VLink/Page_CCSale/txt_ExpMonth'

2022-04-18 12:23:35 - [MESSAGE][PASSED] - Text '2026' is set on object 'Object Repository/VLink/Page_CCSale/txt_ExpYear'

2022-04-18 12:23:36 - [MESSAGE][PASSED] - Text '' is set on object 'Object Repository/VLink/Page_CCSale/txt_CVV'

2022-04-18 12:23:36 - [MESSAGE][PASSED] - Text '' is set on object 'Object Repository/VLink/Page_CCSale/txt_CVVstate'

2022-04-18 12:23:37 - [MESSAGE][PASSED] - Text '' is set on object 'Object Repository/VLink/Page_CCSale/txt_TrackData'

2022-04-18 12:23:38 - [MESSAGE][PASSED] - Text '' is set on object 'Object Repository/VLink/Page_CCSale/txt_Track1Data'

2022-04-18 12:23:38 - [MESSAGE][PASSED] - Text '' is set on object 'Object Repository/VLink/Page_CCSale/txt_Track2Data'

2022-04-18 12:23:39 - [MESSAGE][PASSED] - Text 'manual' is set on object 'Object Repository/VLink/Page_CCSale/txt_POSEntryMode'

2022-04-18 12:23:40 - [MESSAGE][PASSED] - Text '' is set on object 'Object Repository/VLink/Page_CCSale/txt_Email'

2022-04-18 12:23:40 - [MESSAGE][PASSED] - Text '' is set on object 'Object Repository/VLink/Page_CCSale/txt_OrderNumber'

2022-04-18 12:23:41 - [MESSAGE][PASSED] - Text '' is set on object 'Object Repository/VLink/Page_CCSale/txt_TaxAmount'

2022-04-18 12:23:42 - [MESSAGE][PASSED] - Text '' is set on object 'Object Repository/VLink/Page_CCSale/txt_ChargeDescription'

2022-04-18 12:23:42 - [MESSAGE][PASSED] - Text '' is set on object 'Object Repository/VLink/Page_CCSale/txt_CAN'

2022-04-18 12:23:43 - [MESSAGE][PASSED] - Text '' is set on object 'Object Repository/VLink/Page_CCSale/txt_BillPaymentIndicator'

2022-04-18 12:23:44 - [MESSAGE][PASSED] - Text '' is set on object 'Object Repository/VLink/Page_CCSale/txt_UDF1'

2022-04-18 12:23:45 - [MESSAGE][PASSED] - Text '' is set on object 'Object Repository/VLink/Page_CCSale/txt_UDF2'

2022-04-18 12:23:45 - [MESSAGE][PASSED] - Text '' is set on object 'Object Repository/VLink/Page_CCSale/txt_UDF3'

2022-04-18 12:23:46 - [MESSAGE][PASSED] - Text '' is set on object 'Object Repository/VLink/Page_CCSale/txt_UDF4'

2022-04-18 12:23:47 - [MESSAGE][PASSED] - Text '' is set on object 'Object Repository/VLink/Page_CCSale/txt_UDF5'

2022-04-18 12:23:47 - [MESSAGE][PASSED] - Text '' is set on object 'Object Repository/VLink/Page_CCSale/txt_UDF6'

2022-04-18 12:23:48 - [MESSAGE][PASSED] - Text '' is set on object 'Object Repository/VLink/Page_CCSale/txt_UDF7'

2022-04-18 12:23:49 - [MESSAGE][PASSED] - Text '' is set on object 'Object Repository/VLink/Page_CCSale/txt_UDF8'

2022-04-18 12:23:50 - [MESSAGE][PASSED] - Text '' is set on object 'Object Repository/VLink/Page_CCSale/txt_UDF9'

2022-04-18 12:23:50 - [MESSAGE][PASSED] - Text '' is set on object 'Object Repository/VLink/Page_CCSale/txt_UDF10'

2022-04-18 12:23:51 - [MESSAGE][PASSED] - Text '' is set on object 'Object Repository/VLink/Page_CCSale/txt_CardOnFileIndicator'

2022-04-18 12:23:52 - [MESSAGE][PASSED] - Text '' is set on object 'Object Repository/VLink/Page_CCSale/txt_StoredCredentialIndicator'

2022-04-18 12:23:52 - [MESSAGE][PASSED] - Text '' is set on object 'Object Repository/VLink/Page_CCSale/txt_COFScheduledIndicator'

2022-04-18 12:23:53 - [MESSAGE][PASSED] - Text '' is set on object 'Object Repository/VLink/Page_CCSale/txt_COFTransactionInitiatedBy'

2022-04-18 12:23:56 - [MESSAGE][PASSED] - Object: 'Object Repository/VLink/Page_CCSale/btn_ProcessVLinkTransaction' is clicked on

2022-04-18 12:24:01 - [MESSAGE][PASSED] - vlinkPages.saleCCPage.setDataSCC is PASSED

2022-04-18 12:24:01 - [TEST_STEP][PASSED] - if (verifyTextPresent("Transaction approved, no errors", true)): null

2022-04-18 12:24:01 - [MESSAGE][PASSED] - Text 'Transaction approved, no errors' is present on page  using regular expression

2022-04-18 12:24:01 - [TEST_STEP][PASSED] - println("Transaction Approved, no errors text is present on the Confirmation page"): null

2022-04-18 12:24:01 - [TEST_STEP][PASSED] - out.println("Pass Record Number: " + row): null

2022-04-18 12:24:01 - [TEST_STEP][PASSED] - resText = "Pass": null

2022-04-18 12:24:01 - [TEST_STEP][PASSED] - pages.WriteExcel.demoKey(resText, datText, resColumn, datCloumn, fileLoc, nameSheet, row): pages.WriteExcel.demoKey is PASSED

2022-04-18 12:24:01 - [MESSAGE][PASSED] - pages.WriteExcel.demoKey is PASSED

2022-04-18 12:24:01 - [TEST_STEP][PASSED] - sdfo = getText(findTestObject("Object Repository/Page_VLinkReceipt/pre_STX")): Text of object 'Object Repository/Page_VLinkReceipt/pre_STX' is: '<STX>tOMamBS96Acm                  12114887            0  Transaction approved, no errors                   0                                                                                  XXOK1164   <ETX>'

2022-04-18 12:24:01 - [MESSAGE][PASSED] - Text of object 'Object Repository/Page_VLinkReceipt/pre_STX' is: '<STX>tOMamBS96Acm                  12114887            0  Transaction approved, no errors                   0                                                                                  XXOK1164   <ETX>'

2022-04-18 12:24:01 - [TEST_STEP][PASSED] - out.println("sdfo: " + sdfo): null

2022-04-18 12:24:01 - [TEST_STEP][PASSED] - remID = substring(5, 35).trim(): null

2022-04-18 12:24:01 - [TEST_STEP][PASSED] - out.println("Remittance ID: " + remID): null

2022-04-18 12:24:01 - [TEST_STEP][PASSED] - traxID = substring(35, 55).trim(): null

2022-04-18 12:24:01 - [TEST_STEP][PASSED] - out.println("Transaction ID: " + traxID): null

2022-04-18 12:24:01 - [TEST_STEP][PASSED] - out.println("End Record Number: " + row): null

2022-04-18 12:24:01 - [TEST_STEP][PASSED] - closeBrowser(): Browser is closed

2022-04-18 12:24:02 - [MESSAGE][PASSED] - Browser is closed

2022-04-18 12:24:02 - [TEST_STEP][PASSED] - ExecuteTC = findTestData(dataFile).getValue("Execute", row): null

2022-04-18 12:24:02 - [TEST_STEP][PASSED] - out.println("Value of Execute is : " + ExecuteTC): null

2022-04-18 12:24:02 - [TEST_STEP][PASSED] - if (ExecuteTC.equalsIgnoreCase("Y")): Browser is closed

2022-04-18 12:24:02 - [TEST_STEP][PASSED] - out.println("Begin Record Number: " + row): null

2022-04-18 12:24:02 - [TEST_STEP][PASSED] - today = new java.util.Date(): null

2022-04-18 12:24:02 - [TEST_STEP][PASSED] - println(today): null

2022-04-18 12:24:02 - [TEST_STEP][PASSED] - datText = today: null

2022-04-18 12:24:02 - [TEST_STEP][PASSED] - openBrowser(VLinkURL + "authcap.html"): Browser is opened with url: 'https://dev-algorithm.govolution.com/vlinktest/QA/version_2_0/authcap.html'

2022-04-18 12:24:02 - [MESSAGE][INFO] - Starting 'Chrome' driver

2022-04-18 12:24:02 - [MESSAGE][INFO] - User set preference: ['acceptInsecureCerts', 'true']

2022-04-18 12:24:02 - [MESSAGE][INFO] - Action delay is set to 0 milliseconds

2022-04-18 12:24:04 - [MESSAGE][PASSED] - Browser is opened with url: 'https://dev-algorithm.govolution.com/vlinktest/QA/version_2_0/authcap.html'

2022-04-18 12:24:04 - [TEST_STEP][PASSED] - maximizeWindow(): Current window maximized

2022-04-18 12:24:04 - [MESSAGE][PASSED] - Current window maximized

2022-04-18 12:24:04 - [TEST_STEP][PASSED] - vlinkPages.saleCCPage.setDataSCC(row, dataFile): vlinkPages.saleCCPage.setDataSCC is PASSED

2022-04-18 12:24:07 - [MESSAGE][PASSED] - Object 'Object Repository/VLink/Page_CCSale/txt_CardNumber' is present

2022-04-18 12:24:08 - [MESSAGE][PASSED] - Text '104' is set on object 'Object Repository/VLink/Page_CCSale/txt_TransactionType'

2022-04-18 12:24:09 - [MESSAGE][PASSED] - Text '2.0C' is set on object 'Object Repository/VLink/Page_CCSale/txt_MessageVersion'

2022-04-18 12:24:09 - [MESSAGE][PASSED] - Text 'QNjdcs7Hp0xQ' is set on object 'Object Repository/VLink/Page_CCSale/txt_RemID'

2022-04-18 12:24:10 - [MESSAGE][PASSED] - Text '677' is set on object 'Object Repository/VLink/Page_CCSale/txt_ApplicationId'

2022-04-18 12:24:10 - [MESSAGE][PASSED] - Text 'username' is set on object 'Object Repository/VLink/Page_CCSale/txt_Username'

2022-04-18 12:24:11 - [MESSAGE][PASSED] - Text 'password' is set on object 'Object Repository/VLink/Page_CCSale/txt_Password'

2022-04-18 12:24:12 - [MESSAGE][PASSED] - Text 'fixed_width' is set on object 'Object Repository/VLink/Page_CCSale/txt_ResponseFormat'

2022-04-18 12:24:12 - [MESSAGE][PASSED] - Text 'ECOM' is set on object 'Object Repository/VLink/Page_CCSale/txt_Category'

2022-04-18 12:24:13 - [MESSAGE][PASSED] - Text '' is set on object 'Object Repository/VLink/Page_CCSale/txt_TransactionID'

2022-04-18 12:24:14 - [MESSAGE][PASSED] - Text '' is set on object 'Object Repository/VLink/Page_CCSale/txt_ApprovalCode'

2022-04-18 12:24:14 - [MESSAGE][PASSED] - Text 'Roshan Maha' is set on object 'Object Repository/VLink/Page_CCSale/txt_CardName'

2022-04-18 12:24:15 - [MESSAGE][PASSED] - Text '12563 Bazaar road' is set on object 'Object Repository/VLink/Page_CCSale/txt_AL1'

2022-04-18 12:24:16 - [MESSAGE][PASSED] - Text '' is set on object 'Object Repository/VLink/Page_CCSale/txt_AL2'

2022-04-18 12:24:16 - [MESSAGE][PASSED] - Text 'Crofton' is set on object 'Object Repository/VLink/Page_CCSale/txt_CardCity'

2022-04-18 12:24:17 - [MESSAGE][PASSED] - Text 'MD' is set on object 'Object Repository/VLink/Page_CCSale/txt_CardState'

2022-04-18 12:24:18 - [MESSAGE][PASSED] - Text '21114' is set on object 'Object Repository/VLink/Page_CCSale/txt_CardZIP'

2022-04-18 12:24:19 - [MESSAGE][PASSED] - Text '' is set on object 'Object Repository/VLink/Page_CCSale/txt_CountryID'

2022-04-18 12:24:19 - [MESSAGE][PASSED] - Text '3.50' is set on object 'Object Repository/VLink/Page_CCSale/txt_Amount'

2022-04-18 12:24:20 - [MESSAGE][PASSED] - Text '5424000000000015' is set on object 'Object Repository/VLink/Page_CCSale/txt_CardNumber'

2022-04-18 12:24:21 - [MESSAGE][PASSED] - Text '01' is set on object 'Object Repository/VLink/Page_CCSale/txt_ExpMonth'

2022-04-18 12:24:21 - [MESSAGE][PASSED] - Text '2026' is set on object 'Object Repository/VLink/Page_CCSale/txt_ExpYear'

2022-04-18 12:24:22 - [MESSAGE][PASSED] - Text '' is set on object 'Object Repository/VLink/Page_CCSale/txt_CVV'

2022-04-18 12:24:23 - [MESSAGE][PASSED] - Text '' is set on object 'Object Repository/VLink/Page_CCSale/txt_CVVstate'

2022-04-18 12:24:23 - [MESSAGE][PASSED] - Text '' is set on object 'Object Repository/VLink/Page_CCSale/txt_TrackData'

2022-04-18 12:24:24 - [MESSAGE][PASSED] - Text '' is set on object 'Object Repository/VLink/Page_CCSale/txt_Track1Data'

2022-04-18 12:24:25 - [MESSAGE][PASSED] - Text '' is set on object 'Object Repository/VLink/Page_CCSale/txt_Track2Data'

2022-04-18 12:24:26 - [MESSAGE][PASSED] - Text 'manual' is set on object 'Object Repository/VLink/Page_CCSale/txt_POSEntryMode'

2022-04-18 12:24:26 - [MESSAGE][PASSED] - Text '' is set on object 'Object Repository/VLink/Page_CCSale/txt_Email'

2022-04-18 12:24:27 - [MESSAGE][PASSED] - Text '' is set on object 'Object Repository/VLink/Page_CCSale/txt_OrderNumber'

2022-04-18 12:24:28 - [MESSAGE][PASSED] - Text '' is set on object 'Object Repository/VLink/Page_CCSale/txt_TaxAmount'

2022-04-18 12:24:28 - [MESSAGE][PASSED] - Text '' is set on object 'Object Repository/VLink/Page_CCSale/txt_ChargeDescription'

2022-04-18 12:24:29 - [MESSAGE][PASSED] - Text '' is set on object 'Object Repository/VLink/Page_CCSale/txt_CAN'

2022-04-18 12:24:30 - [MESSAGE][PASSED] - Text '' is set on object 'Object Repository/VLink/Page_CCSale/txt_BillPaymentIndicator'

2022-04-18 12:24:30 - [MESSAGE][PASSED] - Text '' is set on object 'Object Repository/VLink/Page_CCSale/txt_UDF1'

2022-04-18 12:24:31 - [MESSAGE][PASSED] - Text '' is set on object 'Object Repository/VLink/Page_CCSale/txt_UDF2'

2022-04-18 12:24:32 - [MESSAGE][PASSED] - Text '' is set on object 'Object Repository/VLink/Page_CCSale/txt_UDF3'

2022-04-18 12:24:32 - [MESSAGE][PASSED] - Text '' is set on object 'Object Repository/VLink/Page_CCSale/txt_UDF4'

2022-04-18 12:24:33 - [MESSAGE][PASSED] - Text '' is set on object 'Object Repository/VLink/Page_CCSale/txt_UDF5'

2022-04-18 12:24:34 - [MESSAGE][PASSED] - Text '' is set on object 'Object Repository/VLink/Page_CCSale/txt_UDF6'

2022-04-18 12:24:35 - [MESSAGE][PASSED] - Text '' is set on object 'Object Repository/VLink/Page_CCSale/txt_UDF7'

2022-04-18 12:24:35 - [MESSAGE][PASSED] - Text '' is set on object 'Object Repository/VLink/Page_CCSale/txt_UDF8'

2022-04-18 12:24:36 - [MESSAGE][PASSED] - Text '' is set on object 'Object Repository/VLink/Page_CCSale/txt_UDF9'

2022-04-18 12:24:37 - [MESSAGE][PASSED] - Text '' is set on object 'Object Repository/VLink/Page_CCSale/txt_UDF10'

2022-04-18 12:24:37 - [MESSAGE][PASSED] - Text '' is set on object 'Object Repository/VLink/Page_CCSale/txt_CardOnFileIndicator'

2022-04-18 12:24:38 - [MESSAGE][PASSED] - Text '' is set on object 'Object Repository/VLink/Page_CCSale/txt_StoredCredentialIndicator'

2022-04-18 12:24:39 - [MESSAGE][PASSED] - Text '' is set on object 'Object Repository/VLink/Page_CCSale/txt_COFScheduledIndicator'

2022-04-18 12:24:39 - [MESSAGE][PASSED] - Text '' is set on object 'Object Repository/VLink/Page_CCSale/txt_COFTransactionInitiatedBy'

2022-04-18 12:24:43 - [MESSAGE][PASSED] - Object: 'Object Repository/VLink/Page_CCSale/btn_ProcessVLinkTransaction' is clicked on

2022-04-18 12:24:48 - [MESSAGE][PASSED] - vlinkPages.saleCCPage.setDataSCC is PASSED

2022-04-18 12:24:48 - [TEST_STEP][PASSED] - if (verifyTextPresent("Transaction approved, no errors", true)): null

2022-04-18 12:24:48 - [MESSAGE][PASSED] - Text 'Transaction approved, no errors' is present on page  using regular expression

2022-04-18 12:24:48 - [TEST_STEP][PASSED] - println("Transaction Approved, no errors text is present on the Confirmation page"): null

2022-04-18 12:24:48 - [TEST_STEP][PASSED] - out.println("Pass Record Number: " + row): null

2022-04-18 12:24:48 - [TEST_STEP][PASSED] - resText = "Pass": null

2022-04-18 12:24:48 - [TEST_STEP][PASSED] - pages.WriteExcel.demoKey(resText, datText, resColumn, datCloumn, fileLoc, nameSheet, row): pages.WriteExcel.demoKey is PASSED

2022-04-18 12:24:48 - [MESSAGE][PASSED] - pages.WriteExcel.demoKey is PASSED

2022-04-18 12:24:48 - [TEST_STEP][PASSED] - sdfo = getText(findTestObject("Object Repository/Page_VLinkReceipt/pre_STX")): Text of object 'Object Repository/Page_VLinkReceipt/pre_STX' is: '<STX>QNjdcs7Hp0xQ                  12114888            0  Transaction approved, no errors                   0                                                                                  XXOK1964   <ETX>'

2022-04-18 12:24:49 - [MESSAGE][PASSED] - Text of object 'Object Repository/Page_VLinkReceipt/pre_STX' is: '<STX>QNjdcs7Hp0xQ                  12114888            0  Transaction approved, no errors                   0                                                                                  XXOK1964   <ETX>'

2022-04-18 12:24:49 - [TEST_STEP][PASSED] - out.println("sdfo: " + sdfo): null

2022-04-18 12:24:49 - [TEST_STEP][PASSED] - remID = substring(5, 35).trim(): null

2022-04-18 12:24:49 - [TEST_STEP][PASSED] - out.println("Remittance ID: " + remID): null

2022-04-18 12:24:49 - [TEST_STEP][PASSED] - traxID = substring(35, 55).trim(): null

2022-04-18 12:24:49 - [TEST_STEP][PASSED] - out.println("Transaction ID: " + traxID): null

2022-04-18 12:24:49 - [TEST_STEP][PASSED] - out.println("End Record Number: " + row): null

2022-04-18 12:24:49 - [TEST_STEP][PASSED] - closeBrowser(): Browser is closed

2022-04-18 12:24:49 - [MESSAGE][PASSED] - Browser is closed

2022-04-18 12:24:49 - [TEST_STEP][PASSED] - ExecuteTC = findTestData(dataFile).getValue("Execute", row): null

2022-04-18 12:24:49 - [TEST_STEP][PASSED] - out.println("Value of Execute is : " + ExecuteTC): null

2022-04-18 12:24:49 - [TEST_STEP][PASSED] - if (ExecuteTC.equalsIgnoreCase("Y")): Browser is closed

2022-04-18 12:24:49 - [TEST_STEP][PASSED] - out.println("Begin Record Number: " + row): null

2022-04-18 12:24:49 - [TEST_STEP][PASSED] - today = new java.util.Date(): null

2022-04-18 12:24:49 - [TEST_STEP][PASSED] - println(today): null

2022-04-18 12:24:49 - [TEST_STEP][PASSED] - datText = today: null

2022-04-18 12:24:49 - [TEST_STEP][PASSED] - openBrowser(VLinkURL + "authcap.html"): Browser is opened with url: 'https://dev-algorithm.govolution.com/vlinktest/QA/version_2_0/authcap.html'

2022-04-18 12:24:49 - [MESSAGE][INFO] - Starting 'Chrome' driver

2022-04-18 12:24:49 - [MESSAGE][INFO] - User set preference: ['acceptInsecureCerts', 'true']

2022-04-18 12:24:49 - [MESSAGE][INFO] - Action delay is set to 0 milliseconds

2022-04-18 12:24:51 - [MESSAGE][PASSED] - Browser is opened with url: 'https://dev-algorithm.govolution.com/vlinktest/QA/version_2_0/authcap.html'

2022-04-18 12:24:51 - [TEST_STEP][PASSED] - maximizeWindow(): Current window maximized

2022-04-18 12:24:51 - [MESSAGE][PASSED] - Current window maximized

2022-04-18 12:24:51 - [TEST_STEP][PASSED] - vlinkPages.saleCCPage.setDataSCC(row, dataFile): vlinkPages.saleCCPage.setDataSCC is PASSED

2022-04-18 12:24:54 - [MESSAGE][PASSED] - Object 'Object Repository/VLink/Page_CCSale/txt_CardNumber' is present

2022-04-18 12:24:55 - [MESSAGE][PASSED] - Text '104' is set on object 'Object Repository/VLink/Page_CCSale/txt_TransactionType'

2022-04-18 12:24:55 - [MESSAGE][PASSED] - Text '2.0C' is set on object 'Object Repository/VLink/Page_CCSale/txt_MessageVersion'

2022-04-18 12:24:56 - [MESSAGE][PASSED] - Text 'aBwCeo3SoFwi' is set on object 'Object Repository/VLink/Page_CCSale/txt_RemID'

2022-04-18 12:24:57 - [MESSAGE][PASSED] - Text '665' is set on object 'Object Repository/VLink/Page_CCSale/txt_ApplicationId'

2022-04-18 12:24:57 - [MESSAGE][PASSED] - Text 'username' is set on object 'Object Repository/VLink/Page_CCSale/txt_Username'

2022-04-18 12:24:58 - [MESSAGE][PASSED] - Text 'password' is set on object 'Object Repository/VLink/Page_CCSale/txt_Password'

2022-04-18 12:24:59 - [MESSAGE][PASSED] - Text 'fixed_width' is set on object 'Object Repository/VLink/Page_CCSale/txt_ResponseFormat'

2022-04-18 12:24:59 - [MESSAGE][PASSED] - Text 'ECOM' is set on object 'Object Repository/VLink/Page_CCSale/txt_Category'

2022-04-18 12:25:00 - [MESSAGE][PASSED] - Text '' is set on object 'Object Repository/VLink/Page_CCSale/txt_TransactionID'

2022-04-18 12:25:00 - [MESSAGE][PASSED] - Text '' is set on object 'Object Repository/VLink/Page_CCSale/txt_ApprovalCode'

2022-04-18 12:25:01 - [MESSAGE][PASSED] - Text 'Kris Roshan' is set on object 'Object Repository/VLink/Page_CCSale/txt_CardName'

2022-04-18 12:25:02 - [MESSAGE][PASSED] - Text '258 Elm Road' is set on object 'Object Repository/VLink/Page_CCSale/txt_AL1'

2022-04-18 12:25:03 - [MESSAGE][PASSED] - Text 'Suite 56' is set on object 'Object Repository/VLink/Page_CCSale/txt_AL2'

2022-04-18 12:25:03 - [MESSAGE][PASSED] - Text 'Arlington' is set on object 'Object Repository/VLink/Page_CCSale/txt_CardCity'

2022-04-18 12:25:04 - [MESSAGE][PASSED] - Text 'VA' is set on object 'Object Repository/VLink/Page_CCSale/txt_CardState'

2022-04-18 12:25:05 - [MESSAGE][PASSED] - Text '22201' is set on object 'Object Repository/VLink/Page_CCSale/txt_CardZIP'

2022-04-18 12:25:05 - [MESSAGE][PASSED] - Text '840' is set on object 'Object Repository/VLink/Page_CCSale/txt_CountryID'

2022-04-18 12:25:06 - [MESSAGE][PASSED] - Text '1.50' is set on object 'Object Repository/VLink/Page_CCSale/txt_Amount'

2022-04-18 12:25:07 - [MESSAGE][PASSED] - Text '370000000000002' is set on object 'Object Repository/VLink/Page_CCSale/txt_CardNumber'

2022-04-18 12:25:07 - [MESSAGE][PASSED] - Text '12' is set on object 'Object Repository/VLink/Page_CCSale/txt_ExpMonth'

2022-04-18 12:25:08 - [MESSAGE][PASSED] - Text '2025' is set on object 'Object Repository/VLink/Page_CCSale/txt_ExpYear'

2022-04-18 12:25:09 - [MESSAGE][PASSED] - Text '' is set on object 'Object Repository/VLink/Page_CCSale/txt_CVV'

2022-04-18 12:25:10 - [MESSAGE][PASSED] - Text '' is set on object 'Object Repository/VLink/Page_CCSale/txt_CVVstate'

2022-04-18 12:25:10 - [MESSAGE][PASSED] - Text '' is set on object 'Object Repository/VLink/Page_CCSale/txt_TrackData'

2022-04-18 12:25:11 - [MESSAGE][PASSED] - Text '' is set on object 'Object Repository/VLink/Page_CCSale/txt_Track1Data'

2022-04-18 12:25:12 - [MESSAGE][PASSED] - Text '' is set on object 'Object Repository/VLink/Page_CCSale/txt_Track2Data'

2022-04-18 12:25:12 - [MESSAGE][PASSED] - Text 'manual' is set on object 'Object Repository/VLink/Page_CCSale/txt_POSEntryMode'

2022-04-18 12:25:13 - [MESSAGE][PASSED] - Text 'iahmed@govolution.com' is set on object 'Object Repository/VLink/Page_CCSale/txt_Email'

2022-04-18 12:25:14 - [MESSAGE][PASSED] - Text '2569362' is set on object 'Object Repository/VLink/Page_CCSale/txt_OrderNumber'

2022-04-18 12:25:14 - [MESSAGE][PASSED] - Text '1.15' is set on object 'Object Repository/VLink/Page_CCSale/txt_TaxAmount'

2022-04-18 12:25:15 - [MESSAGE][PASSED] - Text 'Charge Description' is set on object 'Object Repository/VLink/Page_CCSale/txt_ChargeDescription'

2022-04-18 12:25:16 - [MESSAGE][PASSED] - Text '147357' is set on object 'Object Repository/VLink/Page_CCSale/txt_CAN'

2022-04-18 12:25:17 - [MESSAGE][PASSED] - Text '1' is set on object 'Object Repository/VLink/Page_CCSale/txt_BillPaymentIndicator'

2022-04-18 12:25:17 - [MESSAGE][PASSED] - Text 'UDF Data 1' is set on object 'Object Repository/VLink/Page_CCSale/txt_UDF1'

2022-04-18 12:25:18 - [MESSAGE][PASSED] - Text 'UDF Data 2' is set on object 'Object Repository/VLink/Page_CCSale/txt_UDF2'

2022-04-18 12:25:19 - [MESSAGE][PASSED] - Text 'UDF Data 3' is set on object 'Object Repository/VLink/Page_CCSale/txt_UDF3'

2022-04-18 12:25:19 - [MESSAGE][PASSED] - Text 'UDF Data 4' is set on object 'Object Repository/VLink/Page_CCSale/txt_UDF4'

2022-04-18 12:25:20 - [MESSAGE][PASSED] - Text 'UDF Data 5' is set on object 'Object Repository/VLink/Page_CCSale/txt_UDF5'

2022-04-18 12:25:21 - [MESSAGE][PASSED] - Text 'UDF Data 6' is set on object 'Object Repository/VLink/Page_CCSale/txt_UDF6'

2022-04-18 12:25:22 - [MESSAGE][PASSED] - Text 'UDF Data 7' is set on object 'Object Repository/VLink/Page_CCSale/txt_UDF7'

2022-04-18 12:25:22 - [MESSAGE][PASSED] - Text 'UDF Data 8' is set on object 'Object Repository/VLink/Page_CCSale/txt_UDF8'

2022-04-18 12:25:23 - [MESSAGE][PASSED] - Text 'UDF Data 9' is set on object 'Object Repository/VLink/Page_CCSale/txt_UDF9'

2022-04-18 12:25:24 - [MESSAGE][PASSED] - Text 'UDF Data 10' is set on object 'Object Repository/VLink/Page_CCSale/txt_UDF10'

2022-04-18 12:25:24 - [MESSAGE][PASSED] - Text '' is set on object 'Object Repository/VLink/Page_CCSale/txt_CardOnFileIndicator'

2022-04-18 12:25:25 - [MESSAGE][PASSED] - Text '' is set on object 'Object Repository/VLink/Page_CCSale/txt_StoredCredentialIndicator'

2022-04-18 12:25:26 - [MESSAGE][PASSED] - Text '' is set on object 'Object Repository/VLink/Page_CCSale/txt_COFScheduledIndicator'

2022-04-18 12:25:27 - [MESSAGE][PASSED] - Text '' is set on object 'Object Repository/VLink/Page_CCSale/txt_COFTransactionInitiatedBy'

2022-04-18 12:25:29 - [MESSAGE][PASSED] - Object: 'Object Repository/VLink/Page_CCSale/btn_ProcessVLinkTransaction' is clicked on

2022-04-18 12:25:34 - [MESSAGE][PASSED] - vlinkPages.saleCCPage.setDataSCC is PASSED

2022-04-18 12:25:34 - [TEST_STEP][PASSED] - if (verifyTextPresent("Transaction approved, no errors", true)): null

2022-04-18 12:25:34 - [MESSAGE][PASSED] - Text 'Transaction approved, no errors' is present on page  using regular expression

2022-04-18 12:25:34 - [TEST_STEP][PASSED] - println("Transaction Approved, no errors text is present on the Confirmation page"): null

2022-04-18 12:25:34 - [TEST_STEP][PASSED] - out.println("Pass Record Number: " + row): null

2022-04-18 12:25:34 - [TEST_STEP][PASSED] - resText = "Pass": null

2022-04-18 12:25:34 - [TEST_STEP][PASSED] - pages.WriteExcel.demoKey(resText, datText, resColumn, datCloumn, fileLoc, nameSheet, row): pages.WriteExcel.demoKey is PASSED

2022-04-18 12:25:34 - [MESSAGE][PASSED] - pages.WriteExcel.demoKey is PASSED

2022-04-18 12:25:34 - [TEST_STEP][PASSED] - sdfo = getText(findTestObject("Object Repository/Page_VLinkReceipt/pre_STX")): Text of object 'Object Repository/Page_VLinkReceipt/pre_STX' is: '<STX>aBwCeo3SoFwi                  12114890            0  Transaction approved, no errors                   0                                                                                  X OK2784   <ETX>'

2022-04-18 12:25:35 - [MESSAGE][PASSED] - Text of object 'Object Repository/Page_VLinkReceipt/pre_STX' is: '<STX>aBwCeo3SoFwi                  12114890            0  Transaction approved, no errors                   0                                                                                  X OK2784   <ETX>'

2022-04-18 12:25:35 - [TEST_STEP][PASSED] - out.println("sdfo: " + sdfo): null

2022-04-18 12:25:35 - [TEST_STEP][PASSED] - remID = substring(5, 35).trim(): null

2022-04-18 12:25:35 - [TEST_STEP][PASSED] - out.println("Remittance ID: " + remID): null

2022-04-18 12:25:35 - [TEST_STEP][PASSED] - traxID = substring(35, 55).trim(): null

2022-04-18 12:25:35 - [TEST_STEP][PASSED] - out.println("Transaction ID: " + traxID): null

2022-04-18 12:25:35 - [TEST_STEP][PASSED] - out.println("End Record Number: " + row): null

2022-04-18 12:25:35 - [TEST_STEP][PASSED] - closeBrowser(): Browser is closed

2022-04-18 12:25:36 - [MESSAGE][PASSED] - Browser is closed

2022-04-18 12:25:36 - [TEST_STEP][PASSED] - ExecuteTC = findTestData(dataFile).getValue("Execute", row): null

2022-04-18 12:25:36 - [TEST_STEP][PASSED] - out.println("Value of Execute is : " + ExecuteTC): null

2022-04-18 12:25:36 - [TEST_STEP][PASSED] - if (ExecuteTC.equalsIgnoreCase("Y")): Browser is closed

2022-04-18 12:25:36 - [TEST_STEP][PASSED] - out.println("Begin Record Number: " + row): null

2022-04-18 12:25:36 - [TEST_STEP][PASSED] - today = new java.util.Date(): null

2022-04-18 12:25:36 - [TEST_STEP][PASSED] - println(today): null

2022-04-18 12:25:36 - [TEST_STEP][PASSED] - datText = today: null

2022-04-18 12:25:36 - [TEST_STEP][PASSED] - openBrowser(VLinkURL + "authcap.html"): Browser is opened with url: 'https://dev-algorithm.govolution.com/vlinktest/QA/version_2_0/authcap.html'

2022-04-18 12:25:36 - [MESSAGE][INFO] - Starting 'Chrome' driver

2022-04-18 12:25:36 - [MESSAGE][INFO] - User set preference: ['acceptInsecureCerts', 'true']

2022-04-18 12:25:36 - [MESSAGE][INFO] - Action delay is set to 0 milliseconds

2022-04-18 12:25:38 - [MESSAGE][PASSED] - Browser is opened with url: 'https://dev-algorithm.govolution.com/vlinktest/QA/version_2_0/authcap.html'

2022-04-18 12:25:38 - [TEST_STEP][PASSED] - maximizeWindow(): Current window maximized

2022-04-18 12:25:38 - [MESSAGE][PASSED] - Current window maximized

2022-04-18 12:25:38 - [TEST_STEP][PASSED] - vlinkPages.saleCCPage.setDataSCC(row, dataFile): vlinkPages.saleCCPage.setDataSCC is PASSED

2022-04-18 12:25:41 - [MESSAGE][PASSED] - Object 'Object Repository/VLink/Page_CCSale/txt_CardNumber' is present

2022-04-18 12:25:41 - [MESSAGE][PASSED] - Text '104' is set on object 'Object Repository/VLink/Page_CCSale/txt_TransactionType'

2022-04-18 12:25:42 - [MESSAGE][PASSED] - Text '2.0C' is set on object 'Object Repository/VLink/Page_CCSale/txt_MessageVersion'

2022-04-18 12:25:42 - [MESSAGE][PASSED] - Text 'UZhaExxsRhbw' is set on object 'Object Repository/VLink/Page_CCSale/txt_RemID'

2022-04-18 12:25:43 - [MESSAGE][PASSED] - Text '672' is set on object 'Object Repository/VLink/Page_CCSale/txt_ApplicationId'

2022-04-18 12:25:44 - [MESSAGE][PASSED] - Text 'username' is set on object 'Object Repository/VLink/Page_CCSale/txt_Username'

2022-04-18 12:25:44 - [MESSAGE][PASSED] - Text 'password' is set on object 'Object Repository/VLink/Page_CCSale/txt_Password'

2022-04-18 12:25:45 - [MESSAGE][PASSED] - Text 'fixed_width' is set on object 'Object Repository/VLink/Page_CCSale/txt_ResponseFormat'

2022-04-18 12:25:46 - [MESSAGE][PASSED] - Text 'ECOM' is set on object 'Object Repository/VLink/Page_CCSale/txt_Category'

2022-04-18 12:25:46 - [MESSAGE][PASSED] - Text '' is set on object 'Object Repository/VLink/Page_CCSale/txt_TransactionID'

2022-04-18 12:25:47 - [MESSAGE][PASSED] - Text '' is set on object 'Object Repository/VLink/Page_CCSale/txt_ApprovalCode'

2022-04-18 12:25:48 - [MESSAGE][PASSED] - Text 'Arvind Silva' is set on object 'Object Repository/VLink/Page_CCSale/txt_CardName'

2022-04-18 12:25:48 - [MESSAGE][PASSED] - Text '111 Main Ave' is set on object 'Object Repository/VLink/Page_CCSale/txt_AL1'

2022-04-18 12:25:49 - [MESSAGE][PASSED] - Text '' is set on object 'Object Repository/VLink/Page_CCSale/txt_AL2'

2022-04-18 12:25:50 - [MESSAGE][PASSED] - Text 'Arlington' is set on object 'Object Repository/VLink/Page_CCSale/txt_CardCity'

2022-04-18 12:25:50 - [MESSAGE][PASSED] - Text 'VA' is set on object 'Object Repository/VLink/Page_CCSale/txt_CardState'

2022-04-18 12:25:51 - [MESSAGE][PASSED] - Text '22201' is set on object 'Object Repository/VLink/Page_CCSale/txt_CardZIP'

2022-04-18 12:25:52 - [MESSAGE][PASSED] - Text '' is set on object 'Object Repository/VLink/Page_CCSale/txt_CountryID'

2022-04-18 12:25:53 - [MESSAGE][PASSED] - Text '2.50' is set on object 'Object Repository/VLink/Page_CCSale/txt_Amount'

2022-04-18 12:25:53 - [MESSAGE][PASSED] - Text '370000000000002' is set on object 'Object Repository/VLink/Page_CCSale/txt_CardNumber'

2022-04-18 12:25:54 - [MESSAGE][PASSED] - Text '01' is set on object 'Object Repository/VLink/Page_CCSale/txt_ExpMonth'

2022-04-18 12:25:55 - [MESSAGE][PASSED] - Text '2026' is set on object 'Object Repository/VLink/Page_CCSale/txt_ExpYear'

2022-04-18 12:25:55 - [MESSAGE][PASSED] - Text '' is set on object 'Object Repository/VLink/Page_CCSale/txt_CVV'

2022-04-18 12:25:56 - [MESSAGE][PASSED] - Text '' is set on object 'Object Repository/VLink/Page_CCSale/txt_CVVstate'

2022-04-18 12:25:57 - [MESSAGE][PASSED] - Text '' is set on object 'Object Repository/VLink/Page_CCSale/txt_TrackData'

2022-04-18 12:25:57 - [MESSAGE][PASSED] - Text '' is set on object 'Object Repository/VLink/Page_CCSale/txt_Track1Data'

2022-04-18 12:25:58 - [MESSAGE][PASSED] - Text '' is set on object 'Object Repository/VLink/Page_CCSale/txt_Track2Data'

2022-04-18 12:25:59 - [MESSAGE][PASSED] - Text 'manual' is set on object 'Object Repository/VLink/Page_CCSale/txt_POSEntryMode'

2022-04-18 12:25:59 - [MESSAGE][PASSED] - Text '' is set on object 'Object Repository/VLink/Page_CCSale/txt_Email'

2022-04-18 12:26:00 - [MESSAGE][PASSED] - Text '' is set on object 'Object Repository/VLink/Page_CCSale/txt_OrderNumber'

2022-04-18 12:26:01 - [MESSAGE][PASSED] - Text '' is set on object 'Object Repository/VLink/Page_CCSale/txt_TaxAmount'

2022-04-18 12:26:01 - [MESSAGE][PASSED] - Text '' is set on object 'Object Repository/VLink/Page_CCSale/txt_ChargeDescription'

2022-04-18 12:26:02 - [MESSAGE][PASSED] - Text '' is set on object 'Object Repository/VLink/Page_CCSale/txt_CAN'

2022-04-18 12:26:03 - [MESSAGE][PASSED] - Text '' is set on object 'Object Repository/VLink/Page_CCSale/txt_BillPaymentIndicator'

2022-04-18 12:26:03 - [MESSAGE][PASSED] - Text '' is set on object 'Object Repository/VLink/Page_CCSale/txt_UDF1'

2022-04-18 12:26:04 - [MESSAGE][PASSED] - Text '' is set on object 'Object Repository/VLink/Page_CCSale/txt_UDF2'

2022-04-18 12:26:05 - [MESSAGE][PASSED] - Text '' is set on object 'Object Repository/VLink/Page_CCSale/txt_UDF3'

2022-04-18 12:26:05 - [MESSAGE][PASSED] - Text '' is set on object 'Object Repository/VLink/Page_CCSale/txt_UDF4'

2022-04-18 12:26:06 - [MESSAGE][PASSED] - Text '' is set on object 'Object Repository/VLink/Page_CCSale/txt_UDF5'

2022-04-18 12:26:07 - [MESSAGE][PASSED] - Text '' is set on object 'Object Repository/VLink/Page_CCSale/txt_UDF6'

2022-04-18 12:26:08 - [MESSAGE][PASSED] - Text '' is set on object 'Object Repository/VLink/Page_CCSale/txt_UDF7'

2022-04-18 12:26:08 - [MESSAGE][PASSED] - Text '' is set on object 'Object Repository/VLink/Page_CCSale/txt_UDF8'

2022-04-18 12:26:09 - [MESSAGE][PASSED] - Text '' is set on object 'Object Repository/VLink/Page_CCSale/txt_UDF9'

2022-04-18 12:26:10 - [MESSAGE][PASSED] - Text '' is set on object 'Object Repository/VLink/Page_CCSale/txt_UDF10'

2022-04-18 12:26:10 - [MESSAGE][PASSED] - Text '' is set on object 'Object Repository/VLink/Page_CCSale/txt_CardOnFileIndicator'

2022-04-18 12:26:11 - [MESSAGE][PASSED] - Text '' is set on object 'Object Repository/VLink/Page_CCSale/txt_StoredCredentialIndicator'

2022-04-18 12:26:12 - [MESSAGE][PASSED] - Text '' is set on object 'Object Repository/VLink/Page_CCSale/txt_COFScheduledIndicator'

2022-04-18 12:26:12 - [MESSAGE][PASSED] - Text '' is set on object 'Object Repository/VLink/Page_CCSale/txt_COFTransactionInitiatedBy'

2022-04-18 12:26:15 - [MESSAGE][PASSED] - Object: 'Object Repository/VLink/Page_CCSale/btn_ProcessVLinkTransaction' is clicked on

2022-04-18 12:26:20 - [MESSAGE][PASSED] - vlinkPages.saleCCPage.setDataSCC is PASSED

2022-04-18 12:26:20 - [TEST_STEP][PASSED] - if (verifyTextPresent("Transaction approved, no errors", true)): null

2022-04-18 12:26:20 - [MESSAGE][PASSED] - Text 'Transaction approved, no errors' is present on page  using regular expression

2022-04-18 12:26:20 - [TEST_STEP][PASSED] - println("Transaction Approved, no errors text is present on the Confirmation page"): null

2022-04-18 12:26:20 - [TEST_STEP][PASSED] - out.println("Pass Record Number: " + row): null

2022-04-18 12:26:20 - [TEST_STEP][PASSED] - resText = "Pass": null

2022-04-18 12:26:20 - [TEST_STEP][PASSED] - pages.WriteExcel.demoKey(resText, datText, resColumn, datCloumn, fileLoc, nameSheet, row): pages.WriteExcel.demoKey is PASSED

2022-04-18 12:26:20 - [MESSAGE][PASSED] - pages.WriteExcel.demoKey is PASSED

2022-04-18 12:26:20 - [TEST_STEP][PASSED] - sdfo = getText(findTestObject("Object Repository/Page_VLinkReceipt/pre_STX")): Text of object 'Object Repository/Page_VLinkReceipt/pre_STX' is: '<STX>UZhaExxsRhbw                  12114891            0  Transaction approved, no errors                   0                                                                                  X OK3784   <ETX>'

2022-04-18 12:26:21 - [MESSAGE][PASSED] - Text of object 'Object Repository/Page_VLinkReceipt/pre_STX' is: '<STX>UZhaExxsRhbw                  12114891            0  Transaction approved, no errors                   0                                                                                  X OK3784   <ETX>'

2022-04-18 12:26:21 - [TEST_STEP][PASSED] - out.println("sdfo: " + sdfo): null

2022-04-18 12:26:21 - [TEST_STEP][PASSED] - remID = substring(5, 35).trim(): null

2022-04-18 12:26:21 - [TEST_STEP][PASSED] - out.println("Remittance ID: " + remID): null

2022-04-18 12:26:21 - [TEST_STEP][PASSED] - traxID = substring(35, 55).trim(): null

2022-04-18 12:26:21 - [TEST_STEP][PASSED] - out.println("Transaction ID: " + traxID): null

2022-04-18 12:26:21 - [TEST_STEP][PASSED] - out.println("End Record Number: " + row): null

2022-04-18 12:26:21 - [TEST_STEP][PASSED] - closeBrowser(): Browser is closed

2022-04-18 12:26:22 - [MESSAGE][PASSED] - Browser is closed

2022-04-18 12:26:22 - [TEST_STEP][PASSED] - ExecuteTC = findTestData(dataFile).getValue("Execute", row): null

2022-04-18 12:26:22 - [TEST_STEP][PASSED] - out.println("Value of Execute is : " + ExecuteTC): null

2022-04-18 12:26:22 - [TEST_STEP][PASSED] - if (ExecuteTC.equalsIgnoreCase("Y")): Browser is closed

2022-04-18 12:26:22 - [TEST_STEP][PASSED] - out.println("Begin Record Number: " + row): null

2022-04-18 12:26:22 - [TEST_STEP][PASSED] - today = new java.util.Date(): null

2022-04-18 12:26:22 - [TEST_STEP][PASSED] - println(today): null

2022-04-18 12:26:22 - [TEST_STEP][PASSED] - datText = today: null

2022-04-18 12:26:22 - [TEST_STEP][PASSED] - openBrowser(VLinkURL + "authcap.html"): Browser is opened with url: 'https://dev-algorithm.govolution.com/vlinktest/QA/version_2_0/authcap.html'

2022-04-18 12:26:22 - [MESSAGE][INFO] - Starting 'Chrome' driver

2022-04-18 12:26:22 - [MESSAGE][INFO] - User set preference: ['acceptInsecureCerts', 'true']

2022-04-18 12:26:22 - [MESSAGE][INFO] - Action delay is set to 0 milliseconds

2022-04-18 12:26:24 - [MESSAGE][PASSED] - Browser is opened with url: 'https://dev-algorithm.govolution.com/vlinktest/QA/version_2_0/authcap.html'

2022-04-18 12:26:24 - [TEST_STEP][PASSED] - maximizeWindow(): Current window maximized

2022-04-18 12:26:24 - [MESSAGE][PASSED] - Current window maximized

2022-04-18 12:26:24 - [TEST_STEP][PASSED] - vlinkPages.saleCCPage.setDataSCC(row, dataFile): vlinkPages.saleCCPage.setDataSCC is PASSED

2022-04-18 12:26:27 - [MESSAGE][PASSED] - Object 'Object Repository/VLink/Page_CCSale/txt_CardNumber' is present

2022-04-18 12:26:27 - [MESSAGE][PASSED] - Text '104' is set on object 'Object Repository/VLink/Page_CCSale/txt_TransactionType'

2022-04-18 12:26:28 - [MESSAGE][PASSED] - Text '2.0C' is set on object 'Object Repository/VLink/Page_CCSale/txt_MessageVersion'

2022-04-18 12:26:28 - [MESSAGE][PASSED] - Text 'Sv7FxpLBiJMX' is set on object 'Object Repository/VLink/Page_CCSale/txt_RemID'

2022-04-18 12:26:29 - [MESSAGE][PASSED] - Text '677' is set on object 'Object Repository/VLink/Page_CCSale/txt_ApplicationId'

2022-04-18 12:26:30 - [MESSAGE][PASSED] - Text 'username' is set on object 'Object Repository/VLink/Page_CCSale/txt_Username'

2022-04-18 12:26:30 - [MESSAGE][PASSED] - Text 'password' is set on object 'Object Repository/VLink/Page_CCSale/txt_Password'

2022-04-18 12:26:31 - [MESSAGE][PASSED] - Text 'fixed_width' is set on object 'Object Repository/VLink/Page_CCSale/txt_ResponseFormat'

2022-04-18 12:26:32 - [MESSAGE][PASSED] - Text 'ECOM' is set on object 'Object Repository/VLink/Page_CCSale/txt_Category'

2022-04-18 12:26:32 - [MESSAGE][PASSED] - Text '' is set on object 'Object Repository/VLink/Page_CCSale/txt_TransactionID'

2022-04-18 12:26:33 - [MESSAGE][PASSED] - Text '' is set on object 'Object Repository/VLink/Page_CCSale/txt_ApprovalCode'

2022-04-18 12:26:34 - [MESSAGE][PASSED] - Text 'Roshan Maha' is set on object 'Object Repository/VLink/Page_CCSale/txt_CardName'

2022-04-18 12:26:34 - [MESSAGE][PASSED] - Text '12563 Bazaar road' is set on object 'Object Repository/VLink/Page_CCSale/txt_AL1'

2022-04-18 12:26:35 - [MESSAGE][PASSED] - Text '' is set on object 'Object Repository/VLink/Page_CCSale/txt_AL2'

2022-04-18 12:26:36 - [MESSAGE][PASSED] - Text 'Crofton' is set on object 'Object Repository/VLink/Page_CCSale/txt_CardCity'

2022-04-18 12:26:36 - [MESSAGE][PASSED] - Text 'MD' is set on object 'Object Repository/VLink/Page_CCSale/txt_CardState'

2022-04-18 12:26:37 - [MESSAGE][PASSED] - Text '21114' is set on object 'Object Repository/VLink/Page_CCSale/txt_CardZIP'

2022-04-18 12:26:38 - [MESSAGE][PASSED] - Text '' is set on object 'Object Repository/VLink/Page_CCSale/txt_CountryID'

2022-04-18 12:26:38 - [MESSAGE][PASSED] - Text '3.50' is set on object 'Object Repository/VLink/Page_CCSale/txt_Amount'

2022-04-18 12:26:39 - [MESSAGE][PASSED] - Text '370000000000002' is set on object 'Object Repository/VLink/Page_CCSale/txt_CardNumber'

2022-04-18 12:26:40 - [MESSAGE][PASSED] - Text '01' is set on object 'Object Repository/VLink/Page_CCSale/txt_ExpMonth'

2022-04-18 12:26:41 - [MESSAGE][PASSED] - Text '2026' is set on object 'Object Repository/VLink/Page_CCSale/txt_ExpYear'

2022-04-18 12:26:41 - [MESSAGE][PASSED] - Text '' is set on object 'Object Repository/VLink/Page_CCSale/txt_CVV'

2022-04-18 12:26:42 - [MESSAGE][PASSED] - Text '' is set on object 'Object Repository/VLink/Page_CCSale/txt_CVVstate'

2022-04-18 12:26:43 - [MESSAGE][PASSED] - Text '' is set on object 'Object Repository/VLink/Page_CCSale/txt_TrackData'

2022-04-18 12:26:43 - [MESSAGE][PASSED] - Text '' is set on object 'Object Repository/VLink/Page_CCSale/txt_Track1Data'

2022-04-18 12:26:44 - [MESSAGE][PASSED] - Text '' is set on object 'Object Repository/VLink/Page_CCSale/txt_Track2Data'

2022-04-18 12:26:45 - [MESSAGE][PASSED] - Text 'manual' is set on object 'Object Repository/VLink/Page_CCSale/txt_POSEntryMode'

2022-04-18 12:26:45 - [MESSAGE][PASSED] - Text '' is set on object 'Object Repository/VLink/Page_CCSale/txt_Email'

2022-04-18 12:26:46 - [MESSAGE][PASSED] - Text '' is set on object 'Object Repository/VLink/Page_CCSale/txt_OrderNumber'

2022-04-18 12:26:47 - [MESSAGE][PASSED] - Text '' is set on object 'Object Repository/VLink/Page_CCSale/txt_TaxAmount'

2022-04-18 12:26:48 - [MESSAGE][PASSED] - Text '' is set on object 'Object Repository/VLink/Page_CCSale/txt_ChargeDescription'

2022-04-18 12:26:48 - [MESSAGE][PASSED] - Text '' is set on object 'Object Repository/VLink/Page_CCSale/txt_CAN'

2022-04-18 12:26:49 - [MESSAGE][PASSED] - Text '' is set on object 'Object Repository/VLink/Page_CCSale/txt_BillPaymentIndicator'

2022-04-18 12:26:50 - [MESSAGE][PASSED] - Text '' is set on object 'Object Repository/VLink/Page_CCSale/txt_UDF1'

2022-04-18 12:26:50 - [MESSAGE][PASSED] - Text '' is set on object 'Object Repository/VLink/Page_CCSale/txt_UDF2'

2022-04-18 12:26:51 - [MESSAGE][PASSED] - Text '' is set on object 'Object Repository/VLink/Page_CCSale/txt_UDF3'

2022-04-18 12:26:52 - [MESSAGE][PASSED] - Text '' is set on object 'Object Repository/VLink/Page_CCSale/txt_UDF4'

2022-04-18 12:26:52 - [MESSAGE][PASSED] - Text '' is set on object 'Object Repository/VLink/Page_CCSale/txt_UDF5'

2022-04-18 12:26:53 - [MESSAGE][PASSED] - Text '' is set on object 'Object Repository/VLink/Page_CCSale/txt_UDF6'

2022-04-18 12:26:54 - [MESSAGE][PASSED] - Text '' is set on object 'Object Repository/VLink/Page_CCSale/txt_UDF7'

2022-04-18 12:26:54 - [MESSAGE][PASSED] - Text '' is set on object 'Object Repository/VLink/Page_CCSale/txt_UDF8'

2022-04-18 12:26:55 - [MESSAGE][PASSED] - Text '' is set on object 'Object Repository/VLink/Page_CCSale/txt_UDF9'

2022-04-18 12:26:56 - [MESSAGE][PASSED] - Text '' is set on object 'Object Repository/VLink/Page_CCSale/txt_UDF10'

2022-04-18 12:26:56 - [MESSAGE][PASSED] - Text '' is set on object 'Object Repository/VLink/Page_CCSale/txt_CardOnFileIndicator'

2022-04-18 12:26:57 - [MESSAGE][PASSED] - Text '' is set on object 'Object Repository/VLink/Page_CCSale/txt_StoredCredentialIndicator'

2022-04-18 12:26:58 - [MESSAGE][PASSED] - Text '' is set on object 'Object Repository/VLink/Page_CCSale/txt_COFScheduledIndicator'

2022-04-18 12:26:59 - [MESSAGE][PASSED] - Text '' is set on object 'Object Repository/VLink/Page_CCSale/txt_COFTransactionInitiatedBy'

2022-04-18 12:27:02 - [MESSAGE][PASSED] - Object: 'Object Repository/VLink/Page_CCSale/btn_ProcessVLinkTransaction' is clicked on

2022-04-18 12:27:07 - [MESSAGE][PASSED] - vlinkPages.saleCCPage.setDataSCC is PASSED

2022-04-18 12:27:07 - [TEST_STEP][PASSED] - if (verifyTextPresent("Transaction approved, no errors", true)): null

2022-04-18 12:27:07 - [MESSAGE][PASSED] - Text 'Transaction approved, no errors' is present on page  using regular expression

2022-04-18 12:27:07 - [TEST_STEP][PASSED] - println("Transaction Approved, no errors text is present on the Confirmation page"): null

2022-04-18 12:27:07 - [TEST_STEP][PASSED] - out.println("Pass Record Number: " + row): null

2022-04-18 12:27:07 - [TEST_STEP][PASSED] - resText = "Pass": null

2022-04-18 12:27:07 - [TEST_STEP][PASSED] - pages.WriteExcel.demoKey(resText, datText, resColumn, datCloumn, fileLoc, nameSheet, row): pages.WriteExcel.demoKey is PASSED

2022-04-18 12:27:07 - [MESSAGE][PASSED] - pages.WriteExcel.demoKey is PASSED

2022-04-18 12:27:07 - [TEST_STEP][PASSED] - sdfo = getText(findTestObject("Object Repository/Page_VLinkReceipt/pre_STX")): Text of object 'Object Repository/Page_VLinkReceipt/pre_STX' is: '<STX>Sv7FxpLBiJMX                  12114892            0  Transaction approved, no errors                   0                                                                                  X OK4694   <ETX>'

2022-04-18 12:27:07 - [MESSAGE][PASSED] - Text of object 'Object Repository/Page_VLinkReceipt/pre_STX' is: '<STX>Sv7FxpLBiJMX                  12114892            0  Transaction approved, no errors                   0                                                                                  X OK4694   <ETX>'

2022-04-18 12:27:07 - [TEST_STEP][PASSED] - out.println("sdfo: " + sdfo): null

2022-04-18 12:27:07 - [TEST_STEP][PASSED] - remID = substring(5, 35).trim(): null

2022-04-18 12:27:07 - [TEST_STEP][PASSED] - out.println("Remittance ID: " + remID): null

2022-04-18 12:27:07 - [TEST_STEP][PASSED] - traxID = substring(35, 55).trim(): null

2022-04-18 12:27:07 - [TEST_STEP][PASSED] - out.println("Transaction ID: " + traxID): null

2022-04-18 12:27:07 - [TEST_STEP][PASSED] - out.println("End Record Number: " + row): null

2022-04-18 12:27:07 - [TEST_STEP][PASSED] - closeBrowser(): Browser is closed

2022-04-18 12:27:08 - [MESSAGE][PASSED] - Browser is closed

2022-04-18 12:27:08 - [TEST_STEP][PASSED] - ExecuteTC = findTestData(dataFile).getValue("Execute", row): null

2022-04-18 12:27:08 - [TEST_STEP][PASSED] - out.println("Value of Execute is : " + ExecuteTC): null

2022-04-18 12:27:08 - [TEST_STEP][PASSED] - if (ExecuteTC.equalsIgnoreCase("Y")): Browser is closed

2022-04-18 12:27:08 - [TEST_STEP][PASSED] - out.println("Begin Record Number: " + row): null

2022-04-18 12:27:08 - [TEST_STEP][PASSED] - today = new java.util.Date(): null

2022-04-18 12:27:08 - [TEST_STEP][PASSED] - println(today): null

2022-04-18 12:27:08 - [TEST_STEP][PASSED] - datText = today: null

2022-04-18 12:27:08 - [TEST_STEP][PASSED] - openBrowser(VLinkURL + "authcap.html"): Browser is opened with url: 'https://dev-algorithm.govolution.com/vlinktest/QA/version_2_0/authcap.html'

2022-04-18 12:27:08 - [MESSAGE][INFO] - Starting 'Chrome' driver

2022-04-18 12:27:08 - [MESSAGE][INFO] - User set preference: ['acceptInsecureCerts', 'true']

2022-04-18 12:27:08 - [MESSAGE][INFO] - Action delay is set to 0 milliseconds

2022-04-18 12:27:10 - [MESSAGE][PASSED] - Browser is opened with url: 'https://dev-algorithm.govolution.com/vlinktest/QA/version_2_0/authcap.html'

2022-04-18 12:27:10 - [TEST_STEP][PASSED] - maximizeWindow(): Current window maximized

2022-04-18 12:27:10 - [MESSAGE][PASSED] - Current window maximized

2022-04-18 12:27:10 - [TEST_STEP][PASSED] - vlinkPages.saleCCPage.setDataSCC(row, dataFile): vlinkPages.saleCCPage.setDataSCC is PASSED

2022-04-18 12:27:13 - [MESSAGE][PASSED] - Object 'Object Repository/VLink/Page_CCSale/txt_CardNumber' is present

2022-04-18 12:27:14 - [MESSAGE][PASSED] - Text '104' is set on object 'Object Repository/VLink/Page_CCSale/txt_TransactionType'

2022-04-18 12:27:14 - [MESSAGE][PASSED] - Text '2.0C' is set on object 'Object Repository/VLink/Page_CCSale/txt_MessageVersion'

2022-04-18 12:27:15 - [MESSAGE][PASSED] - Text 'jTAuLR3TcGWV' is set on object 'Object Repository/VLink/Page_CCSale/txt_RemID'

2022-04-18 12:27:16 - [MESSAGE][PASSED] - Text '665' is set on object 'Object Repository/VLink/Page_CCSale/txt_ApplicationId'

2022-04-18 12:27:16 - [MESSAGE][PASSED] - Text 'username' is set on object 'Object Repository/VLink/Page_CCSale/txt_Username'

2022-04-18 12:27:17 - [MESSAGE][PASSED] - Text 'password' is set on object 'Object Repository/VLink/Page_CCSale/txt_Password'

2022-04-18 12:27:17 - [MESSAGE][PASSED] - Text 'fixed_width' is set on object 'Object Repository/VLink/Page_CCSale/txt_ResponseFormat'

2022-04-18 12:27:18 - [MESSAGE][PASSED] - Text 'ECOM' is set on object 'Object Repository/VLink/Page_CCSale/txt_Category'

2022-04-18 12:27:19 - [MESSAGE][PASSED] - Text '' is set on object 'Object Repository/VLink/Page_CCSale/txt_TransactionID'

2022-04-18 12:27:19 - [MESSAGE][PASSED] - Text '' is set on object 'Object Repository/VLink/Page_CCSale/txt_ApprovalCode'

2022-04-18 12:27:20 - [MESSAGE][PASSED] - Text 'Kris Roshan' is set on object 'Object Repository/VLink/Page_CCSale/txt_CardName'

2022-04-18 12:27:21 - [MESSAGE][PASSED] - Text '258 Elm Road' is set on object 'Object Repository/VLink/Page_CCSale/txt_AL1'

2022-04-18 12:27:22 - [MESSAGE][PASSED] - Text 'Suite 56' is set on object 'Object Repository/VLink/Page_CCSale/txt_AL2'

2022-04-18 12:27:22 - [MESSAGE][PASSED] - Text 'Arlington' is set on object 'Object Repository/VLink/Page_CCSale/txt_CardCity'

2022-04-18 12:27:23 - [MESSAGE][PASSED] - Text 'VA' is set on object 'Object Repository/VLink/Page_CCSale/txt_CardState'

2022-04-18 12:27:24 - [MESSAGE][PASSED] - Text '22201' is set on object 'Object Repository/VLink/Page_CCSale/txt_CardZIP'

2022-04-18 12:27:24 - [MESSAGE][PASSED] - Text '840' is set on object 'Object Repository/VLink/Page_CCSale/txt_CountryID'

2022-04-18 12:27:25 - [MESSAGE][PASSED] - Text '1.50' is set on object 'Object Repository/VLink/Page_CCSale/txt_Amount'

2022-04-18 12:27:26 - [MESSAGE][PASSED] - Text '6011000000000004' is set on object 'Object Repository/VLink/Page_CCSale/txt_CardNumber'

2022-04-18 12:27:26 - [MESSAGE][PASSED] - Text '12' is set on object 'Object Repository/VLink/Page_CCSale/txt_ExpMonth'

2022-04-18 12:27:27 - [MESSAGE][PASSED] - Text '2025' is set on object 'Object Repository/VLink/Page_CCSale/txt_ExpYear'

2022-04-18 12:27:28 - [MESSAGE][PASSED] - Text '' is set on object 'Object Repository/VLink/Page_CCSale/txt_CVV'

2022-04-18 12:27:29 - [MESSAGE][PASSED] - Text '' is set on object 'Object Repository/VLink/Page_CCSale/txt_CVVstate'

2022-04-18 12:27:29 - [MESSAGE][PASSED] - Text '' is set on object 'Object Repository/VLink/Page_CCSale/txt_TrackData'

2022-04-18 12:27:30 - [MESSAGE][PASSED] - Text '' is set on object 'Object Repository/VLink/Page_CCSale/txt_Track1Data'

2022-04-18 12:27:31 - [MESSAGE][PASSED] - Text '' is set on object 'Object Repository/VLink/Page_CCSale/txt_Track2Data'

2022-04-18 12:27:31 - [MESSAGE][PASSED] - Text 'manual' is set on object 'Object Repository/VLink/Page_CCSale/txt_POSEntryMode'

2022-04-18 12:27:32 - [MESSAGE][PASSED] - Text 'iahmed@govolution.com' is set on object 'Object Repository/VLink/Page_CCSale/txt_Email'

2022-04-18 12:27:33 - [MESSAGE][PASSED] - Text '2569362' is set on object 'Object Repository/VLink/Page_CCSale/txt_OrderNumber'

2022-04-18 12:27:34 - [MESSAGE][PASSED] - Text '1.15' is set on object 'Object Repository/VLink/Page_CCSale/txt_TaxAmount'

2022-04-18 12:27:34 - [MESSAGE][PASSED] - Text 'Charge Description' is set on object 'Object Repository/VLink/Page_CCSale/txt_ChargeDescription'

2022-04-18 12:27:35 - [MESSAGE][PASSED] - Text '147357' is set on object 'Object Repository/VLink/Page_CCSale/txt_CAN'

2022-04-18 12:27:36 - [MESSAGE][PASSED] - Text '1' is set on object 'Object Repository/VLink/Page_CCSale/txt_BillPaymentIndicator'

2022-04-18 12:27:36 - [MESSAGE][PASSED] - Text 'UDF Data 1' is set on object 'Object Repository/VLink/Page_CCSale/txt_UDF1'

2022-04-18 12:27:37 - [MESSAGE][PASSED] - Text 'UDF Data 2' is set on object 'Object Repository/VLink/Page_CCSale/txt_UDF2'

2022-04-18 12:27:38 - [MESSAGE][PASSED] - Text 'UDF Data 3' is set on object 'Object Repository/VLink/Page_CCSale/txt_UDF3'

2022-04-18 12:27:39 - [MESSAGE][PASSED] - Text 'UDF Data 4' is set on object 'Object Repository/VLink/Page_CCSale/txt_UDF4'

2022-04-18 12:27:39 - [MESSAGE][PASSED] - Text 'UDF Data 5' is set on object 'Object Repository/VLink/Page_CCSale/txt_UDF5'

2022-04-18 12:27:40 - [MESSAGE][PASSED] - Text 'UDF Data 6' is set on object 'Object Repository/VLink/Page_CCSale/txt_UDF6'

2022-04-18 12:27:41 - [MESSAGE][PASSED] - Text 'UDF Data 7' is set on object 'Object Repository/VLink/Page_CCSale/txt_UDF7'

2022-04-18 12:27:41 - [MESSAGE][PASSED] - Text 'UDF Data 8' is set on object 'Object Repository/VLink/Page_CCSale/txt_UDF8'

2022-04-18 12:27:42 - [MESSAGE][PASSED] - Text 'UDF Data 9' is set on object 'Object Repository/VLink/Page_CCSale/txt_UDF9'

2022-04-18 12:27:43 - [MESSAGE][PASSED] - Text 'UDF Data 10' is set on object 'Object Repository/VLink/Page_CCSale/txt_UDF10'

2022-04-18 12:27:44 - [MESSAGE][PASSED] - Text '' is set on object 'Object Repository/VLink/Page_CCSale/txt_CardOnFileIndicator'

2022-04-18 12:27:44 - [MESSAGE][PASSED] - Text '' is set on object 'Object Repository/VLink/Page_CCSale/txt_StoredCredentialIndicator'

2022-04-18 12:27:45 - [MESSAGE][PASSED] - Text '' is set on object 'Object Repository/VLink/Page_CCSale/txt_COFScheduledIndicator'

2022-04-18 12:27:46 - [MESSAGE][PASSED] - Text '' is set on object 'Object Repository/VLink/Page_CCSale/txt_COFTransactionInitiatedBy'

2022-04-18 12:27:48 - [MESSAGE][PASSED] - Object: 'Object Repository/VLink/Page_CCSale/btn_ProcessVLinkTransaction' is clicked on

2022-04-18 12:27:53 - [MESSAGE][PASSED] - vlinkPages.saleCCPage.setDataSCC is PASSED

2022-04-18 12:27:53 - [TEST_STEP][PASSED] - if (verifyTextPresent("Transaction approved, no errors", true)): null

2022-04-18 12:27:54 - [MESSAGE][PASSED] - Text 'Transaction approved, no errors' is present on page  using regular expression

2022-04-18 12:27:54 - [TEST_STEP][PASSED] - println("Transaction Approved, no errors text is present on the Confirmation page"): null

2022-04-18 12:27:54 - [TEST_STEP][PASSED] - out.println("Pass Record Number: " + row): null

2022-04-18 12:27:54 - [TEST_STEP][PASSED] - resText = "Pass": null

2022-04-18 12:27:54 - [TEST_STEP][PASSED] - pages.WriteExcel.demoKey(resText, datText, resColumn, datCloumn, fileLoc, nameSheet, row): pages.WriteExcel.demoKey is PASSED

2022-04-18 12:27:54 - [MESSAGE][PASSED] - pages.WriteExcel.demoKey is PASSED

2022-04-18 12:27:54 - [TEST_STEP][PASSED] - sdfo = getText(findTestObject("Object Repository/Page_VLinkReceipt/pre_STX")): Text of object 'Object Repository/Page_VLinkReceipt/pre_STX' is: '<STX>jTAuLR3TcGWV                  12114894            0  Transaction approved, no errors                   0                                                                                  XXOK5114   <ETX>'

2022-04-18 12:27:54 - [MESSAGE][PASSED] - Text of object 'Object Repository/Page_VLinkReceipt/pre_STX' is: '<STX>jTAuLR3TcGWV                  12114894            0  Transaction approved, no errors                   0                                                                                  XXOK5114   <ETX>'

2022-04-18 12:27:54 - [TEST_STEP][PASSED] - out.println("sdfo: " + sdfo): null

2022-04-18 12:27:54 - [TEST_STEP][PASSED] - remID = substring(5, 35).trim(): null

2022-04-18 12:27:54 - [TEST_STEP][PASSED] - out.println("Remittance ID: " + remID): null

2022-04-18 12:27:54 - [TEST_STEP][PASSED] - traxID = substring(35, 55).trim(): null

2022-04-18 12:27:54 - [TEST_STEP][PASSED] - out.println("Transaction ID: " + traxID): null

2022-04-18 12:27:54 - [TEST_STEP][PASSED] - out.println("End Record Number: " + row): null

2022-04-18 12:27:54 - [TEST_STEP][PASSED] - closeBrowser(): Browser is closed

2022-04-18 12:27:55 - [MESSAGE][PASSED] - Browser is closed

2022-04-18 12:27:55 - [TEST_STEP][PASSED] - ExecuteTC = findTestData(dataFile).getValue("Execute", row): null

2022-04-18 12:27:55 - [TEST_STEP][PASSED] - out.println("Value of Execute is : " + ExecuteTC): null

2022-04-18 12:27:55 - [TEST_STEP][PASSED] - if (ExecuteTC.equalsIgnoreCase("Y")): Browser is closed

2022-04-18 12:27:55 - [TEST_STEP][PASSED] - out.println("Begin Record Number: " + row): null

2022-04-18 12:27:55 - [TEST_STEP][PASSED] - today = new java.util.Date(): null

2022-04-18 12:27:55 - [TEST_STEP][PASSED] - println(today): null

2022-04-18 12:27:55 - [TEST_STEP][PASSED] - datText = today: null

2022-04-18 12:27:55 - [TEST_STEP][PASSED] - openBrowser(VLinkURL + "authcap.html"): Browser is opened with url: 'https://dev-algorithm.govolution.com/vlinktest/QA/version_2_0/authcap.html'

2022-04-18 12:27:55 - [MESSAGE][INFO] - Starting 'Chrome' driver

2022-04-18 12:27:55 - [MESSAGE][INFO] - User set preference: ['acceptInsecureCerts', 'true']

2022-04-18 12:27:55 - [MESSAGE][INFO] - Action delay is set to 0 milliseconds

2022-04-18 12:27:57 - [MESSAGE][PASSED] - Browser is opened with url: 'https://dev-algorithm.govolution.com/vlinktest/QA/version_2_0/authcap.html'

2022-04-18 12:27:57 - [TEST_STEP][PASSED] - maximizeWindow(): Current window maximized

2022-04-18 12:27:57 - [MESSAGE][PASSED] - Current window maximized

2022-04-18 12:27:57 - [TEST_STEP][PASSED] - vlinkPages.saleCCPage.setDataSCC(row, dataFile): vlinkPages.saleCCPage.setDataSCC is PASSED

2022-04-18 12:28:00 - [MESSAGE][PASSED] - Object 'Object Repository/VLink/Page_CCSale/txt_CardNumber' is present

2022-04-18 12:28:01 - [MESSAGE][PASSED] - Text '104' is set on object 'Object Repository/VLink/Page_CCSale/txt_TransactionType'

2022-04-18 12:28:01 - [MESSAGE][PASSED] - Text '2.0C' is set on object 'Object Repository/VLink/Page_CCSale/txt_MessageVersion'

2022-04-18 12:28:02 - [MESSAGE][PASSED] - Text 'nopdEra7q85h' is set on object 'Object Repository/VLink/Page_CCSale/txt_RemID'

2022-04-18 12:28:03 - [MESSAGE][PASSED] - Text '672' is set on object 'Object Repository/VLink/Page_CCSale/txt_ApplicationId'

2022-04-18 12:28:03 - [MESSAGE][PASSED] - Text 'username' is set on object 'Object Repository/VLink/Page_CCSale/txt_Username'

2022-04-18 12:28:04 - [MESSAGE][PASSED] - Text 'password' is set on object 'Object Repository/VLink/Page_CCSale/txt_Password'

2022-04-18 12:28:04 - [MESSAGE][PASSED] - Text 'fixed_width' is set on object 'Object Repository/VLink/Page_CCSale/txt_ResponseFormat'

2022-04-18 12:28:05 - [MESSAGE][PASSED] - Text 'ECOM' is set on object 'Object Repository/VLink/Page_CCSale/txt_Category'

2022-04-18 12:28:06 - [MESSAGE][PASSED] - Text '' is set on object 'Object Repository/VLink/Page_CCSale/txt_TransactionID'

2022-04-18 12:28:06 - [MESSAGE][PASSED] - Text '' is set on object 'Object Repository/VLink/Page_CCSale/txt_ApprovalCode'

2022-04-18 12:28:07 - [MESSAGE][PASSED] - Text 'Arvind Silva' is set on object 'Object Repository/VLink/Page_CCSale/txt_CardName'

2022-04-18 12:28:08 - [MESSAGE][PASSED] - Text '111 Main Ave' is set on object 'Object Repository/VLink/Page_CCSale/txt_AL1'

2022-04-18 12:28:08 - [MESSAGE][PASSED] - Text '' is set on object 'Object Repository/VLink/Page_CCSale/txt_AL2'

2022-04-18 12:28:09 - [MESSAGE][PASSED] - Text 'Arlington' is set on object 'Object Repository/VLink/Page_CCSale/txt_CardCity'

2022-04-18 12:28:10 - [MESSAGE][PASSED] - Text 'VA' is set on object 'Object Repository/VLink/Page_CCSale/txt_CardState'

2022-04-18 12:28:11 - [MESSAGE][PASSED] - Text '22201' is set on object 'Object Repository/VLink/Page_CCSale/txt_CardZIP'

2022-04-18 12:28:11 - [MESSAGE][PASSED] - Text '' is set on object 'Object Repository/VLink/Page_CCSale/txt_CountryID'

2022-04-18 12:28:12 - [MESSAGE][PASSED] - Text '2.50' is set on object 'Object Repository/VLink/Page_CCSale/txt_Amount'

2022-04-18 12:28:13 - [MESSAGE][PASSED] - Text '6011000000000004' is set on object 'Object Repository/VLink/Page_CCSale/txt_CardNumber'

2022-04-18 12:28:13 - [MESSAGE][PASSED] - Text '01' is set on object 'Object Repository/VLink/Page_CCSale/txt_ExpMonth'

2022-04-18 12:28:14 - [MESSAGE][PASSED] - Text '2026' is set on object 'Object Repository/VLink/Page_CCSale/txt_ExpYear'

2022-04-18 12:28:15 - [MESSAGE][PASSED] - Text '' is set on object 'Object Repository/VLink/Page_CCSale/txt_CVV'

2022-04-18 12:28:16 - [MESSAGE][PASSED] - Text '' is set on object 'Object Repository/VLink/Page_CCSale/txt_CVVstate'

2022-04-18 12:28:16 - [MESSAGE][PASSED] - Text '' is set on object 'Object Repository/VLink/Page_CCSale/txt_TrackData'

2022-04-18 12:28:17 - [MESSAGE][PASSED] - Text '' is set on object 'Object Repository/VLink/Page_CCSale/txt_Track1Data'

2022-04-18 12:28:18 - [MESSAGE][PASSED] - Text '' is set on object 'Object Repository/VLink/Page_CCSale/txt_Track2Data'

2022-04-18 12:28:18 - [MESSAGE][PASSED] - Text 'manual' is set on object 'Object Repository/VLink/Page_CCSale/txt_POSEntryMode'

2022-04-18 12:28:19 - [MESSAGE][PASSED] - Text '' is set on object 'Object Repository/VLink/Page_CCSale/txt_Email'

2022-04-18 12:28:20 - [MESSAGE][PASSED] - Text '' is set on object 'Object Repository/VLink/Page_CCSale/txt_OrderNumber'

2022-04-18 12:28:20 - [MESSAGE][PASSED] - Text '' is set on object 'Object Repository/VLink/Page_CCSale/txt_TaxAmount'

2022-04-18 12:28:21 - [MESSAGE][PASSED] - Text '' is set on object 'Object Repository/VLink/Page_CCSale/txt_ChargeDescription'

2022-04-18 12:28:22 - [MESSAGE][PASSED] - Text '' is set on object 'Object Repository/VLink/Page_CCSale/txt_CAN'

2022-04-18 12:28:23 - [MESSAGE][PASSED] - Text '' is set on object 'Object Repository/VLink/Page_CCSale/txt_BillPaymentIndicator'

2022-04-18 12:28:23 - [MESSAGE][PASSED] - Text '' is set on object 'Object Repository/VLink/Page_CCSale/txt_UDF1'

2022-04-18 12:28:24 - [MESSAGE][PASSED] - Text '' is set on object 'Object Repository/VLink/Page_CCSale/txt_UDF2'

2022-04-18 12:28:25 - [MESSAGE][PASSED] - Text '' is set on object 'Object Repository/VLink/Page_CCSale/txt_UDF3'

2022-04-18 12:28:25 - [MESSAGE][PASSED] - Text '' is set on object 'Object Repository/VLink/Page_CCSale/txt_UDF4'

2022-04-18 12:28:26 - [MESSAGE][PASSED] - Text '' is set on object 'Object Repository/VLink/Page_CCSale/txt_UDF5'

2022-04-18 12:28:27 - [MESSAGE][PASSED] - Text '' is set on object 'Object Repository/VLink/Page_CCSale/txt_UDF6'

2022-04-18 12:28:27 - [MESSAGE][PASSED] - Text '' is set on object 'Object Repository/VLink/Page_CCSale/txt_UDF7'

2022-04-18 12:28:28 - [MESSAGE][PASSED] - Text '' is set on object 'Object Repository/VLink/Page_CCSale/txt_UDF8'

2022-04-18 12:28:29 - [MESSAGE][PASSED] - Text '' is set on object 'Object Repository/VLink/Page_CCSale/txt_UDF9'

2022-04-18 12:28:30 - [MESSAGE][PASSED] - Text '' is set on object 'Object Repository/VLink/Page_CCSale/txt_UDF10'

2022-04-18 12:28:30 - [MESSAGE][PASSED] - Text '' is set on object 'Object Repository/VLink/Page_CCSale/txt_CardOnFileIndicator'

2022-04-18 12:28:31 - [MESSAGE][PASSED] - Text '' is set on object 'Object Repository/VLink/Page_CCSale/txt_StoredCredentialIndicator'

2022-04-18 12:28:32 - [MESSAGE][PASSED] - Text '' is set on object 'Object Repository/VLink/Page_CCSale/txt_COFScheduledIndicator'

2022-04-18 12:28:32 - [MESSAGE][PASSED] - Text '' is set on object 'Object Repository/VLink/Page_CCSale/txt_COFTransactionInitiatedBy'

2022-04-18 12:28:35 - [MESSAGE][PASSED] - Object: 'Object Repository/VLink/Page_CCSale/btn_ProcessVLinkTransaction' is clicked on

2022-04-18 12:28:40 - [MESSAGE][PASSED] - vlinkPages.saleCCPage.setDataSCC is PASSED

2022-04-18 12:28:40 - [TEST_STEP][PASSED] - if (verifyTextPresent("Transaction approved, no errors", true)): null

2022-04-18 12:28:40 - [MESSAGE][PASSED] - Text 'Transaction approved, no errors' is present on page  using regular expression

2022-04-18 12:28:40 - [TEST_STEP][PASSED] - println("Transaction Approved, no errors text is present on the Confirmation page"): null

2022-04-18 12:28:40 - [TEST_STEP][PASSED] - out.println("Pass Record Number: " + row): null

2022-04-18 12:28:40 - [TEST_STEP][PASSED] - resText = "Pass": null

2022-04-18 12:28:40 - [TEST_STEP][PASSED] - pages.WriteExcel.demoKey(resText, datText, resColumn, datCloumn, fileLoc, nameSheet, row): pages.WriteExcel.demoKey is PASSED

2022-04-18 12:28:41 - [MESSAGE][PASSED] - pages.WriteExcel.demoKey is PASSED

2022-04-18 12:28:41 - [TEST_STEP][PASSED] - sdfo = getText(findTestObject("Object Repository/Page_VLinkReceipt/pre_STX")): Text of object 'Object Repository/Page_VLinkReceipt/pre_STX' is: '<STX>nopdEra7q85h                  12114895            0  Transaction approved, no errors                   0                                                                                  XXOK5454   <ETX>'

2022-04-18 12:28:41 - [MESSAGE][PASSED] - Text of object 'Object Repository/Page_VLinkReceipt/pre_STX' is: '<STX>nopdEra7q85h                  12114895            0  Transaction approved, no errors                   0                                                                                  XXOK5454   <ETX>'

2022-04-18 12:28:41 - [TEST_STEP][PASSED] - out.println("sdfo: " + sdfo): null

2022-04-18 12:28:41 - [TEST_STEP][PASSED] - remID = substring(5, 35).trim(): null

2022-04-18 12:28:41 - [TEST_STEP][PASSED] - out.println("Remittance ID: " + remID): null

2022-04-18 12:28:41 - [TEST_STEP][PASSED] - traxID = substring(35, 55).trim(): null

2022-04-18 12:28:41 - [TEST_STEP][PASSED] - out.println("Transaction ID: " + traxID): null

2022-04-18 12:28:41 - [TEST_STEP][PASSED] - out.println("End Record Number: " + row): null

2022-04-18 12:28:41 - [TEST_STEP][PASSED] - closeBrowser(): Browser is closed

2022-04-18 12:28:42 - [MESSAGE][PASSED] - Browser is closed

2022-04-18 12:28:42 - [TEST_STEP][PASSED] - ExecuteTC = findTestData(dataFile).getValue("Execute", row): null

2022-04-18 12:28:42 - [TEST_STEP][PASSED] - out.println("Value of Execute is : " + ExecuteTC): null

2022-04-18 12:28:42 - [TEST_STEP][PASSED] - if (ExecuteTC.equalsIgnoreCase("Y")): Browser is closed

2022-04-18 12:28:42 - [TEST_STEP][PASSED] - out.println("Begin Record Number: " + row): null

2022-04-18 12:28:42 - [TEST_STEP][PASSED] - today = new java.util.Date(): null

2022-04-18 12:28:42 - [TEST_STEP][PASSED] - println(today): null

2022-04-18 12:28:42 - [TEST_STEP][PASSED] - datText = today: null

2022-04-18 12:28:42 - [TEST_STEP][PASSED] - openBrowser(VLinkURL + "authcap.html"): Browser is opened with url: 'https://dev-algorithm.govolution.com/vlinktest/QA/version_2_0/authcap.html'

2022-04-18 12:28:42 - [MESSAGE][INFO] - Starting 'Chrome' driver

2022-04-18 12:28:42 - [MESSAGE][INFO] - User set preference: ['acceptInsecureCerts', 'true']

2022-04-18 12:28:42 - [MESSAGE][INFO] - Action delay is set to 0 milliseconds

2022-04-18 12:28:44 - [MESSAGE][PASSED] - Browser is opened with url: 'https://dev-algorithm.govolution.com/vlinktest/QA/version_2_0/authcap.html'

2022-04-18 12:28:44 - [TEST_STEP][PASSED] - maximizeWindow(): Current window maximized

2022-04-18 12:28:44 - [MESSAGE][PASSED] - Current window maximized

2022-04-18 12:28:44 - [TEST_STEP][PASSED] - vlinkPages.saleCCPage.setDataSCC(row, dataFile): vlinkPages.saleCCPage.setDataSCC is PASSED

2022-04-18 12:28:46 - [MESSAGE][PASSED] - Object 'Object Repository/VLink/Page_CCSale/txt_CardNumber' is present

2022-04-18 12:28:47 - [MESSAGE][PASSED] - Text '104' is set on object 'Object Repository/VLink/Page_CCSale/txt_TransactionType'

2022-04-18 12:28:48 - [MESSAGE][PASSED] - Text '2.0C' is set on object 'Object Repository/VLink/Page_CCSale/txt_MessageVersion'

2022-04-18 12:28:48 - [MESSAGE][PASSED] - Text 'g9G9WfIroh3b' is set on object 'Object Repository/VLink/Page_CCSale/txt_RemID'

2022-04-18 12:28:49 - [MESSAGE][PASSED] - Text '677' is set on object 'Object Repository/VLink/Page_CCSale/txt_ApplicationId'

2022-04-18 12:28:50 - [MESSAGE][PASSED] - Text 'username' is set on object 'Object Repository/VLink/Page_CCSale/txt_Username'

2022-04-18 12:28:50 - [MESSAGE][PASSED] - Text 'password' is set on object 'Object Repository/VLink/Page_CCSale/txt_Password'

2022-04-18 12:28:51 - [MESSAGE][PASSED] - Text 'fixed_width' is set on object 'Object Repository/VLink/Page_CCSale/txt_ResponseFormat'

2022-04-18 12:28:52 - [MESSAGE][PASSED] - Text 'ECOM' is set on object 'Object Repository/VLink/Page_CCSale/txt_Category'

2022-04-18 12:28:52 - [MESSAGE][PASSED] - Text '' is set on object 'Object Repository/VLink/Page_CCSale/txt_TransactionID'

2022-04-18 12:28:53 - [MESSAGE][PASSED] - Text '' is set on object 'Object Repository/VLink/Page_CCSale/txt_ApprovalCode'

2022-04-18 12:28:54 - [MESSAGE][PASSED] - Text 'Roshan Maha' is set on object 'Object Repository/VLink/Page_CCSale/txt_CardName'

2022-04-18 12:28:54 - [MESSAGE][PASSED] - Text '12563 Bazaar road' is set on object 'Object Repository/VLink/Page_CCSale/txt_AL1'

2022-04-18 12:28:55 - [MESSAGE][PASSED] - Text '' is set on object 'Object Repository/VLink/Page_CCSale/txt_AL2'

2022-04-18 12:28:56 - [MESSAGE][PASSED] - Text 'Crofton' is set on object 'Object Repository/VLink/Page_CCSale/txt_CardCity'

2022-04-18 12:28:56 - [MESSAGE][PASSED] - Text 'MD' is set on object 'Object Repository/VLink/Page_CCSale/txt_CardState'

2022-04-18 12:28:57 - [MESSAGE][PASSED] - Text '21114' is set on object 'Object Repository/VLink/Page_CCSale/txt_CardZIP'

2022-04-18 12:28:58 - [MESSAGE][PASSED] - Text '' is set on object 'Object Repository/VLink/Page_CCSale/txt_CountryID'

2022-04-18 12:28:58 - [MESSAGE][PASSED] - Text '3.50' is set on object 'Object Repository/VLink/Page_CCSale/txt_Amount'

2022-04-18 12:28:59 - [MESSAGE][PASSED] - Text '6011000000000004' is set on object 'Object Repository/VLink/Page_CCSale/txt_CardNumber'

2022-04-18 12:29:00 - [MESSAGE][PASSED] - Text '01' is set on object 'Object Repository/VLink/Page_CCSale/txt_ExpMonth'

2022-04-18 12:29:00 - [MESSAGE][PASSED] - Text '2026' is set on object 'Object Repository/VLink/Page_CCSale/txt_ExpYear'

2022-04-18 12:29:01 - [MESSAGE][PASSED] - Text '' is set on object 'Object Repository/VLink/Page_CCSale/txt_CVV'

2022-04-18 12:29:02 - [MESSAGE][PASSED] - Text '' is set on object 'Object Repository/VLink/Page_CCSale/txt_CVVstate'

2022-04-18 12:29:03 - [MESSAGE][PASSED] - Text '' is set on object 'Object Repository/VLink/Page_CCSale/txt_TrackData'

2022-04-18 12:29:03 - [MESSAGE][PASSED] - Text '' is set on object 'Object Repository/VLink/Page_CCSale/txt_Track1Data'

2022-04-18 12:29:04 - [MESSAGE][PASSED] - Text '' is set on object 'Object Repository/VLink/Page_CCSale/txt_Track2Data'

2022-04-18 12:29:05 - [MESSAGE][PASSED] - Text 'manual' is set on object 'Object Repository/VLink/Page_CCSale/txt_POSEntryMode'

2022-04-18 12:29:05 - [MESSAGE][PASSED] - Text '' is set on object 'Object Repository/VLink/Page_CCSale/txt_Email'

2022-04-18 12:29:06 - [MESSAGE][PASSED] - Text '' is set on object 'Object Repository/VLink/Page_CCSale/txt_OrderNumber'

2022-04-18 12:29:06 - [MESSAGE][PASSED] - Text '' is set on object 'Object Repository/VLink/Page_CCSale/txt_TaxAmount'

2022-04-18 12:29:07 - [MESSAGE][PASSED] - Text '' is set on object 'Object Repository/VLink/Page_CCSale/txt_ChargeDescription'

2022-04-18 12:29:08 - [MESSAGE][PASSED] - Text '' is set on object 'Object Repository/VLink/Page_CCSale/txt_CAN'

2022-04-18 12:29:08 - [MESSAGE][PASSED] - Text '' is set on object 'Object Repository/VLink/Page_CCSale/txt_BillPaymentIndicator'

2022-04-18 12:29:09 - [MESSAGE][PASSED] - Text '' is set on object 'Object Repository/VLink/Page_CCSale/txt_UDF1'

2022-04-18 12:29:10 - [MESSAGE][PASSED] - Text '' is set on object 'Object Repository/VLink/Page_CCSale/txt_UDF2'

2022-04-18 12:29:11 - [MESSAGE][PASSED] - Text '' is set on object 'Object Repository/VLink/Page_CCSale/txt_UDF3'

2022-04-18 12:29:11 - [MESSAGE][PASSED] - Text '' is set on object 'Object Repository/VLink/Page_CCSale/txt_UDF4'

2022-04-18 12:29:12 - [MESSAGE][PASSED] - Text '' is set on object 'Object Repository/VLink/Page_CCSale/txt_UDF5'

2022-04-18 12:29:13 - [MESSAGE][PASSED] - Text '' is set on object 'Object Repository/VLink/Page_CCSale/txt_UDF6'

2022-04-18 12:29:13 - [MESSAGE][PASSED] - Text '' is set on object 'Object Repository/VLink/Page_CCSale/txt_UDF7'

2022-04-18 12:29:14 - [MESSAGE][PASSED] - Text '' is set on object 'Object Repository/VLink/Page_CCSale/txt_UDF8'

2022-04-18 12:29:15 - [MESSAGE][PASSED] - Text '' is set on object 'Object Repository/VLink/Page_CCSale/txt_UDF9'

2022-04-18 12:29:15 - [MESSAGE][PASSED] - Text '' is set on object 'Object Repository/VLink/Page_CCSale/txt_UDF10'

2022-04-18 12:29:16 - [MESSAGE][PASSED] - Text '' is set on object 'Object Repository/VLink/Page_CCSale/txt_CardOnFileIndicator'

2022-04-18 12:29:17 - [MESSAGE][PASSED] - Text '' is set on object 'Object Repository/VLink/Page_CCSale/txt_StoredCredentialIndicator'

2022-04-18 12:29:17 - [MESSAGE][PASSED] - Text '' is set on object 'Object Repository/VLink/Page_CCSale/txt_COFScheduledIndicator'

2022-04-18 12:29:18 - [MESSAGE][PASSED] - Text '' is set on object 'Object Repository/VLink/Page_CCSale/txt_COFTransactionInitiatedBy'

2022-04-18 12:29:21 - [MESSAGE][PASSED] - Object: 'Object Repository/VLink/Page_CCSale/btn_ProcessVLinkTransaction' is clicked on

2022-04-18 12:29:26 - [MESSAGE][PASSED] - vlinkPages.saleCCPage.setDataSCC is PASSED

2022-04-18 12:29:26 - [TEST_STEP][PASSED] - if (verifyTextPresent("Transaction approved, no errors", true)): null

2022-04-18 12:29:27 - [MESSAGE][PASSED] - Text 'Transaction approved, no errors' is present on page  using regular expression

2022-04-18 12:29:27 - [TEST_STEP][PASSED] - println("Transaction Approved, no errors text is present on the Confirmation page"): null

2022-04-18 12:29:27 - [TEST_STEP][PASSED] - out.println("Pass Record Number: " + row): null

2022-04-18 12:29:27 - [TEST_STEP][PASSED] - resText = "Pass": null

2022-04-18 12:29:27 - [TEST_STEP][PASSED] - pages.WriteExcel.demoKey(resText, datText, resColumn, datCloumn, fileLoc, nameSheet, row): pages.WriteExcel.demoKey is PASSED

2022-04-18 12:29:27 - [MESSAGE][PASSED] - pages.WriteExcel.demoKey is PASSED

2022-04-18 12:29:27 - [TEST_STEP][PASSED] - sdfo = getText(findTestObject("Object Repository/Page_VLinkReceipt/pre_STX")): Text of object 'Object Repository/Page_VLinkReceipt/pre_STX' is: '<STX>g9G9WfIroh3b                  12114896            0  Transaction approved, no errors                   0                                                                                  XXOK5604   <ETX>'

2022-04-18 12:29:27 - [MESSAGE][PASSED] - Text of object 'Object Repository/Page_VLinkReceipt/pre_STX' is: '<STX>g9G9WfIroh3b                  12114896            0  Transaction approved, no errors                   0                                                                                  XXOK5604   <ETX>'

2022-04-18 12:29:27 - [TEST_STEP][PASSED] - out.println("sdfo: " + sdfo): null

2022-04-18 12:29:27 - [TEST_STEP][PASSED] - remID = substring(5, 35).trim(): null

2022-04-18 12:29:27 - [TEST_STEP][PASSED] - out.println("Remittance ID: " + remID): null

2022-04-18 12:29:27 - [TEST_STEP][PASSED] - traxID = substring(35, 55).trim(): null

2022-04-18 12:29:27 - [TEST_STEP][PASSED] - out.println("Transaction ID: " + traxID): null

2022-04-18 12:29:27 - [TEST_STEP][PASSED] - out.println("End Record Number: " + row): null

2022-04-18 12:29:27 - [TEST_STEP][PASSED] - closeBrowser(): Browser is closed

2022-04-18 12:29:28 - [MESSAGE][PASSED] - Browser is closed

2022-04-18 12:29:28 - [TEST_STEP][PASSED] - ExecuteTC = findTestData(dataFile).getValue("Execute", row): null

2022-04-18 12:29:28 - [TEST_STEP][PASSED] - out.println("Value of Execute is : " + ExecuteTC): null

2022-04-18 12:29:28 - [TEST_STEP][PASSED] - if (ExecuteTC.equalsIgnoreCase("Y")): Browser is closed

2022-04-18 12:29:28 - [TEST_STEP][PASSED] - out.println("Begin Record Number: " + row): null

2022-04-18 12:29:28 - [TEST_STEP][PASSED] - today = new java.util.Date(): null

2022-04-18 12:29:28 - [TEST_STEP][PASSED] - println(today): null

2022-04-18 12:29:28 - [TEST_STEP][PASSED] - datText = today: null

2022-04-18 12:29:28 - [TEST_STEP][PASSED] - openBrowser(VLinkURL + "authcap.html"): Browser is opened with url: 'https://dev-algorithm.govolution.com/vlinktest/QA/version_2_0/authcap.html'

2022-04-18 12:29:28 - [MESSAGE][INFO] - Starting 'Chrome' driver

2022-04-18 12:29:28 - [MESSAGE][INFO] - User set preference: ['acceptInsecureCerts', 'true']

2022-04-18 12:29:28 - [MESSAGE][INFO] - Action delay is set to 0 milliseconds

2022-04-18 12:29:30 - [MESSAGE][PASSED] - Browser is opened with url: 'https://dev-algorithm.govolution.com/vlinktest/QA/version_2_0/authcap.html'

2022-04-18 12:29:30 - [TEST_STEP][PASSED] - maximizeWindow(): Current window maximized

2022-04-18 12:29:30 - [MESSAGE][PASSED] - Current window maximized

2022-04-18 12:29:30 - [TEST_STEP][PASSED] - vlinkPages.saleCCPage.setDataSCC(row, dataFile): vlinkPages.saleCCPage.setDataSCC is PASSED

2022-04-18 12:29:33 - [MESSAGE][PASSED] - Object 'Object Repository/VLink/Page_CCSale/txt_CardNumber' is present

2022-04-18 12:29:33 - [MESSAGE][PASSED] - Text '104' is set on object 'Object Repository/VLink/Page_CCSale/txt_TransactionType'

2022-04-18 12:29:34 - [MESSAGE][PASSED] - Text '2.0C' is set on object 'Object Repository/VLink/Page_CCSale/txt_MessageVersion'

2022-04-18 12:29:35 - [MESSAGE][PASSED] - Text 'qvpuzYDIUbrl' is set on object 'Object Repository/VLink/Page_CCSale/txt_RemID'

2022-04-18 12:29:35 - [MESSAGE][PASSED] - Text '665' is set on object 'Object Repository/VLink/Page_CCSale/txt_ApplicationId'

2022-04-18 12:29:36 - [MESSAGE][PASSED] - Text 'username' is set on object 'Object Repository/VLink/Page_CCSale/txt_Username'

2022-04-18 12:29:36 - [MESSAGE][PASSED] - Text 'password' is set on object 'Object Repository/VLink/Page_CCSale/txt_Password'

2022-04-18 12:29:37 - [MESSAGE][PASSED] - Text 'fixed_width' is set on object 'Object Repository/VLink/Page_CCSale/txt_ResponseFormat'

2022-04-18 12:29:38 - [MESSAGE][PASSED] - Text 'MOTO' is set on object 'Object Repository/VLink/Page_CCSale/txt_Category'

2022-04-18 12:29:38 - [MESSAGE][PASSED] - Text '' is set on object 'Object Repository/VLink/Page_CCSale/txt_TransactionID'

2022-04-18 12:29:39 - [MESSAGE][PASSED] - Text '' is set on object 'Object Repository/VLink/Page_CCSale/txt_ApprovalCode'

2022-04-18 12:29:40 - [MESSAGE][PASSED] - Text 'Kris Roshan' is set on object 'Object Repository/VLink/Page_CCSale/txt_CardName'

2022-04-18 12:29:40 - [MESSAGE][PASSED] - Text '258 Elm Road' is set on object 'Object Repository/VLink/Page_CCSale/txt_AL1'

2022-04-18 12:29:41 - [MESSAGE][PASSED] - Text 'Suite 56' is set on object 'Object Repository/VLink/Page_CCSale/txt_AL2'

2022-04-18 12:29:42 - [MESSAGE][PASSED] - Text 'Arlington' is set on object 'Object Repository/VLink/Page_CCSale/txt_CardCity'

2022-04-18 12:29:43 - [MESSAGE][PASSED] - Text 'VA' is set on object 'Object Repository/VLink/Page_CCSale/txt_CardState'

2022-04-18 12:29:43 - [MESSAGE][PASSED] - Text '22201' is set on object 'Object Repository/VLink/Page_CCSale/txt_CardZIP'

2022-04-18 12:29:44 - [MESSAGE][PASSED] - Text '840' is set on object 'Object Repository/VLink/Page_CCSale/txt_CountryID'

2022-04-18 12:29:45 - [MESSAGE][PASSED] - Text '1.50' is set on object 'Object Repository/VLink/Page_CCSale/txt_Amount'

2022-04-18 12:29:45 - [MESSAGE][PASSED] - Text '4111111111111111' is set on object 'Object Repository/VLink/Page_CCSale/txt_CardNumber'

2022-04-18 12:29:46 - [MESSAGE][PASSED] - Text '12' is set on object 'Object Repository/VLink/Page_CCSale/txt_ExpMonth'

2022-04-18 12:29:47 - [MESSAGE][PASSED] - Text '2025' is set on object 'Object Repository/VLink/Page_CCSale/txt_ExpYear'

2022-04-18 12:29:48 - [MESSAGE][PASSED] - Text '' is set on object 'Object Repository/VLink/Page_CCSale/txt_CVV'

2022-04-18 12:29:48 - [MESSAGE][PASSED] - Text '' is set on object 'Object Repository/VLink/Page_CCSale/txt_CVVstate'

2022-04-18 12:29:49 - [MESSAGE][PASSED] - Text '' is set on object 'Object Repository/VLink/Page_CCSale/txt_TrackData'

2022-04-18 12:29:50 - [MESSAGE][PASSED] - Text '' is set on object 'Object Repository/VLink/Page_CCSale/txt_Track1Data'

2022-04-18 12:29:50 - [MESSAGE][PASSED] - Text '' is set on object 'Object Repository/VLink/Page_CCSale/txt_Track2Data'

2022-04-18 12:29:51 - [MESSAGE][PASSED] - Text 'manual' is set on object 'Object Repository/VLink/Page_CCSale/txt_POSEntryMode'

2022-04-18 12:29:52 - [MESSAGE][PASSED] - Text 'iahmed@govolution.com' is set on object 'Object Repository/VLink/Page_CCSale/txt_Email'

2022-04-18 12:29:52 - [MESSAGE][PASSED] - Text '2569362' is set on object 'Object Repository/VLink/Page_CCSale/txt_OrderNumber'

2022-04-18 12:29:53 - [MESSAGE][PASSED] - Text '1.15' is set on object 'Object Repository/VLink/Page_CCSale/txt_TaxAmount'

2022-04-18 12:29:54 - [MESSAGE][PASSED] - Text 'Charge Description' is set on object 'Object Repository/VLink/Page_CCSale/txt_ChargeDescription'

2022-04-18 12:29:55 - [MESSAGE][PASSED] - Text '147357' is set on object 'Object Repository/VLink/Page_CCSale/txt_CAN'

2022-04-18 12:29:55 - [MESSAGE][PASSED] - Text '1' is set on object 'Object Repository/VLink/Page_CCSale/txt_BillPaymentIndicator'

2022-04-18 12:29:56 - [MESSAGE][PASSED] - Text 'UDF Data 1' is set on object 'Object Repository/VLink/Page_CCSale/txt_UDF1'

2022-04-18 12:29:57 - [MESSAGE][PASSED] - Text 'UDF Data 2' is set on object 'Object Repository/VLink/Page_CCSale/txt_UDF2'

2022-04-18 12:29:57 - [MESSAGE][PASSED] - Text 'UDF Data 3' is set on object 'Object Repository/VLink/Page_CCSale/txt_UDF3'

2022-04-18 12:29:58 - [MESSAGE][PASSED] - Text 'UDF Data 4' is set on object 'Object Repository/VLink/Page_CCSale/txt_UDF4'

2022-04-18 12:29:59 - [MESSAGE][PASSED] - Text 'UDF Data 5' is set on object 'Object Repository/VLink/Page_CCSale/txt_UDF5'

2022-04-18 12:30:00 - [MESSAGE][PASSED] - Text 'UDF Data 6' is set on object 'Object Repository/VLink/Page_CCSale/txt_UDF6'

2022-04-18 12:30:00 - [MESSAGE][PASSED] - Text 'UDF Data 7' is set on object 'Object Repository/VLink/Page_CCSale/txt_UDF7'

2022-04-18 12:30:01 - [MESSAGE][PASSED] - Text 'UDF Data 8' is set on object 'Object Repository/VLink/Page_CCSale/txt_UDF8'

2022-04-18 12:30:02 - [MESSAGE][PASSED] - Text 'UDF Data 9' is set on object 'Object Repository/VLink/Page_CCSale/txt_UDF9'

2022-04-18 12:30:02 - [MESSAGE][PASSED] - Text 'UDF Data 10' is set on object 'Object Repository/VLink/Page_CCSale/txt_UDF10'

2022-04-18 12:30:03 - [MESSAGE][PASSED] - Text '' is set on object 'Object Repository/VLink/Page_CCSale/txt_CardOnFileIndicator'

2022-04-18 12:30:04 - [MESSAGE][PASSED] - Text '' is set on object 'Object Repository/VLink/Page_CCSale/txt_StoredCredentialIndicator'

2022-04-18 12:30:04 - [MESSAGE][PASSED] - Text '' is set on object 'Object Repository/VLink/Page_CCSale/txt_COFScheduledIndicator'

2022-04-18 12:30:05 - [MESSAGE][PASSED] - Text '' is set on object 'Object Repository/VLink/Page_CCSale/txt_COFTransactionInitiatedBy'

2022-04-18 12:30:08 - [MESSAGE][PASSED] - Object: 'Object Repository/VLink/Page_CCSale/btn_ProcessVLinkTransaction' is clicked on

2022-04-18 12:30:13 - [MESSAGE][PASSED] - vlinkPages.saleCCPage.setDataSCC is PASSED

2022-04-18 12:30:13 - [TEST_STEP][PASSED] - if (verifyTextPresent("Transaction approved, no errors", true)): null

2022-04-18 12:30:13 - [MESSAGE][PASSED] - Text 'Transaction approved, no errors' is present on page  using regular expression

2022-04-18 12:30:13 - [TEST_STEP][PASSED] - println("Transaction Approved, no errors text is present on the Confirmation page"): null

2022-04-18 12:30:13 - [TEST_STEP][PASSED] - out.println("Pass Record Number: " + row): null

2022-04-18 12:30:13 - [TEST_STEP][PASSED] - resText = "Pass": null

2022-04-18 12:30:13 - [TEST_STEP][PASSED] - pages.WriteExcel.demoKey(resText, datText, resColumn, datCloumn, fileLoc, nameSheet, row): pages.WriteExcel.demoKey is PASSED

2022-04-18 12:30:13 - [MESSAGE][PASSED] - pages.WriteExcel.demoKey is PASSED

2022-04-18 12:30:13 - [TEST_STEP][PASSED] - sdfo = getText(findTestObject("Object Repository/Page_VLinkReceipt/pre_STX")): Text of object 'Object Repository/Page_VLinkReceipt/pre_STX' is: '<STX>qvpuzYDIUbrl                  12114898            0  Transaction approved, no errors                   0                                                                                  XXOK5744   <ETX>'

2022-04-18 12:30:14 - [MESSAGE][PASSED] - Text of object 'Object Repository/Page_VLinkReceipt/pre_STX' is: '<STX>qvpuzYDIUbrl                  12114898            0  Transaction approved, no errors                   0                                                                                  XXOK5744   <ETX>'

2022-04-18 12:30:14 - [TEST_STEP][PASSED] - out.println("sdfo: " + sdfo): null

2022-04-18 12:30:14 - [TEST_STEP][PASSED] - remID = substring(5, 35).trim(): null

2022-04-18 12:30:14 - [TEST_STEP][PASSED] - out.println("Remittance ID: " + remID): null

2022-04-18 12:30:14 - [TEST_STEP][PASSED] - traxID = substring(35, 55).trim(): null

2022-04-18 12:30:14 - [TEST_STEP][PASSED] - out.println("Transaction ID: " + traxID): null

2022-04-18 12:30:14 - [TEST_STEP][PASSED] - out.println("End Record Number: " + row): null

2022-04-18 12:30:14 - [TEST_STEP][PASSED] - closeBrowser(): Browser is closed

2022-04-18 12:30:14 - [MESSAGE][PASSED] - Browser is closed

2022-04-18 12:30:14 - [TEST_STEP][PASSED] - ExecuteTC = findTestData(dataFile).getValue("Execute", row): null

2022-04-18 12:30:14 - [TEST_STEP][PASSED] - out.println("Value of Execute is : " + ExecuteTC): null

2022-04-18 12:30:14 - [TEST_STEP][PASSED] - if (ExecuteTC.equalsIgnoreCase("Y")): Browser is closed

2022-04-18 12:30:14 - [TEST_STEP][PASSED] - out.println("Begin Record Number: " + row): null

2022-04-18 12:30:14 - [TEST_STEP][PASSED] - today = new java.util.Date(): null

2022-04-18 12:30:14 - [TEST_STEP][PASSED] - println(today): null

2022-04-18 12:30:14 - [TEST_STEP][PASSED] - datText = today: null

2022-04-18 12:30:14 - [TEST_STEP][PASSED] - openBrowser(VLinkURL + "authcap.html"): Browser is opened with url: 'https://dev-algorithm.govolution.com/vlinktest/QA/version_2_0/authcap.html'

2022-04-18 12:30:14 - [MESSAGE][INFO] - Starting 'Chrome' driver

2022-04-18 12:30:14 - [MESSAGE][INFO] - User set preference: ['acceptInsecureCerts', 'true']

2022-04-18 12:30:14 - [MESSAGE][INFO] - Action delay is set to 0 milliseconds

2022-04-18 12:30:16 - [MESSAGE][PASSED] - Browser is opened with url: 'https://dev-algorithm.govolution.com/vlinktest/QA/version_2_0/authcap.html'

2022-04-18 12:30:16 - [TEST_STEP][PASSED] - maximizeWindow(): Current window maximized

2022-04-18 12:30:16 - [MESSAGE][PASSED] - Current window maximized

2022-04-18 12:30:16 - [TEST_STEP][PASSED] - vlinkPages.saleCCPage.setDataSCC(row, dataFile): vlinkPages.saleCCPage.setDataSCC is PASSED

2022-04-18 12:30:19 - [MESSAGE][PASSED] - Object 'Object Repository/VLink/Page_CCSale/txt_CardNumber' is present

2022-04-18 12:30:20 - [MESSAGE][PASSED] - Text '104' is set on object 'Object Repository/VLink/Page_CCSale/txt_TransactionType'

2022-04-18 12:30:20 - [MESSAGE][PASSED] - Text '2.0C' is set on object 'Object Repository/VLink/Page_CCSale/txt_MessageVersion'

2022-04-18 12:30:21 - [MESSAGE][PASSED] - Text 'fNC52rv8JQi4' is set on object 'Object Repository/VLink/Page_CCSale/txt_RemID'

2022-04-18 12:30:22 - [MESSAGE][PASSED] - Text '672' is set on object 'Object Repository/VLink/Page_CCSale/txt_ApplicationId'

2022-04-18 12:30:22 - [MESSAGE][PASSED] - Text 'username' is set on object 'Object Repository/VLink/Page_CCSale/txt_Username'

2022-04-18 12:30:23 - [MESSAGE][PASSED] - Text 'password' is set on object 'Object Repository/VLink/Page_CCSale/txt_Password'

2022-04-18 12:30:24 - [MESSAGE][PASSED] - Text 'fixed_width' is set on object 'Object Repository/VLink/Page_CCSale/txt_ResponseFormat'

2022-04-18 12:30:24 - [MESSAGE][PASSED] - Text 'MOTO' is set on object 'Object Repository/VLink/Page_CCSale/txt_Category'

2022-04-18 12:30:25 - [MESSAGE][PASSED] - Text '' is set on object 'Object Repository/VLink/Page_CCSale/txt_TransactionID'

2022-04-18 12:30:25 - [MESSAGE][PASSED] - Text '' is set on object 'Object Repository/VLink/Page_CCSale/txt_ApprovalCode'

2022-04-18 12:30:26 - [MESSAGE][PASSED] - Text 'Arvind Silva' is set on object 'Object Repository/VLink/Page_CCSale/txt_CardName'

2022-04-18 12:30:27 - [MESSAGE][PASSED] - Text '111 Main Ave' is set on object 'Object Repository/VLink/Page_CCSale/txt_AL1'

2022-04-18 12:30:28 - [MESSAGE][PASSED] - Text '' is set on object 'Object Repository/VLink/Page_CCSale/txt_AL2'

2022-04-18 12:30:28 - [MESSAGE][PASSED] - Text 'Arlington' is set on object 'Object Repository/VLink/Page_CCSale/txt_CardCity'

2022-04-18 12:30:29 - [MESSAGE][PASSED] - Text 'VA' is set on object 'Object Repository/VLink/Page_CCSale/txt_CardState'

2022-04-18 12:30:30 - [MESSAGE][PASSED] - Text '22201' is set on object 'Object Repository/VLink/Page_CCSale/txt_CardZIP'

2022-04-18 12:30:30 - [MESSAGE][PASSED] - Text '' is set on object 'Object Repository/VLink/Page_CCSale/txt_CountryID'

2022-04-18 12:30:31 - [MESSAGE][PASSED] - Text '2.50' is set on object 'Object Repository/VLink/Page_CCSale/txt_Amount'

2022-04-18 12:30:32 - [MESSAGE][PASSED] - Text '4111111111111111' is set on object 'Object Repository/VLink/Page_CCSale/txt_CardNumber'

2022-04-18 12:30:33 - [MESSAGE][PASSED] - Text '01' is set on object 'Object Repository/VLink/Page_CCSale/txt_ExpMonth'

2022-04-18 12:30:33 - [MESSAGE][PASSED] - Text '2026' is set on object 'Object Repository/VLink/Page_CCSale/txt_ExpYear'

2022-04-18 12:30:34 - [MESSAGE][PASSED] - Text '' is set on object 'Object Repository/VLink/Page_CCSale/txt_CVV'

2022-04-18 12:30:34 - [MESSAGE][PASSED] - Text '' is set on object 'Object Repository/VLink/Page_CCSale/txt_CVVstate'

2022-04-18 12:30:35 - [MESSAGE][PASSED] - Text '' is set on object 'Object Repository/VLink/Page_CCSale/txt_TrackData'

2022-04-18 12:30:36 - [MESSAGE][PASSED] - Text '' is set on object 'Object Repository/VLink/Page_CCSale/txt_Track1Data'

2022-04-18 12:30:37 - [MESSAGE][PASSED] - Text '' is set on object 'Object Repository/VLink/Page_CCSale/txt_Track2Data'

2022-04-18 12:30:37 - [MESSAGE][PASSED] - Text 'manual' is set on object 'Object Repository/VLink/Page_CCSale/txt_POSEntryMode'

2022-04-18 12:30:38 - [MESSAGE][PASSED] - Text '' is set on object 'Object Repository/VLink/Page_CCSale/txt_Email'

2022-04-18 12:30:39 - [MESSAGE][PASSED] - Text '' is set on object 'Object Repository/VLink/Page_CCSale/txt_OrderNumber'

2022-04-18 12:30:39 - [MESSAGE][PASSED] - Text '' is set on object 'Object Repository/VLink/Page_CCSale/txt_TaxAmount'

2022-04-18 12:30:40 - [MESSAGE][PASSED] - Text '' is set on object 'Object Repository/VLink/Page_CCSale/txt_ChargeDescription'

2022-04-18 12:30:41 - [MESSAGE][PASSED] - Text '' is set on object 'Object Repository/VLink/Page_CCSale/txt_CAN'

2022-04-18 12:30:41 - [MESSAGE][PASSED] - Text '' is set on object 'Object Repository/VLink/Page_CCSale/txt_BillPaymentIndicator'

2022-04-18 12:30:42 - [MESSAGE][PASSED] - Text '' is set on object 'Object Repository/VLink/Page_CCSale/txt_UDF1'

2022-04-18 12:30:43 - [MESSAGE][PASSED] - Text '' is set on object 'Object Repository/VLink/Page_CCSale/txt_UDF2'

2022-04-18 12:30:43 - [MESSAGE][PASSED] - Text '' is set on object 'Object Repository/VLink/Page_CCSale/txt_UDF3'

2022-04-18 12:30:44 - [MESSAGE][PASSED] - Text '' is set on object 'Object Repository/VLink/Page_CCSale/txt_UDF4'

2022-04-18 12:30:45 - [MESSAGE][PASSED] - Text '' is set on object 'Object Repository/VLink/Page_CCSale/txt_UDF5'

2022-04-18 12:30:46 - [MESSAGE][PASSED] - Text '' is set on object 'Object Repository/VLink/Page_CCSale/txt_UDF6'

2022-04-18 12:30:46 - [MESSAGE][PASSED] - Text '' is set on object 'Object Repository/VLink/Page_CCSale/txt_UDF7'

2022-04-18 12:30:47 - [MESSAGE][PASSED] - Text '' is set on object 'Object Repository/VLink/Page_CCSale/txt_UDF8'

2022-04-18 12:30:47 - [MESSAGE][PASSED] - Text '' is set on object 'Object Repository/VLink/Page_CCSale/txt_UDF9'

2022-04-18 12:30:48 - [MESSAGE][PASSED] - Text '' is set on object 'Object Repository/VLink/Page_CCSale/txt_UDF10'

2022-04-18 12:30:49 - [MESSAGE][PASSED] - Text '' is set on object 'Object Repository/VLink/Page_CCSale/txt_CardOnFileIndicator'

2022-04-18 12:30:49 - [MESSAGE][PASSED] - Text '' is set on object 'Object Repository/VLink/Page_CCSale/txt_StoredCredentialIndicator'

2022-04-18 12:30:50 - [MESSAGE][PASSED] - Text '' is set on object 'Object Repository/VLink/Page_CCSale/txt_COFScheduledIndicator'

2022-04-18 12:30:51 - [MESSAGE][PASSED] - Text '' is set on object 'Object Repository/VLink/Page_CCSale/txt_COFTransactionInitiatedBy'

2022-04-18 12:30:53 - [MESSAGE][PASSED] - Object: 'Object Repository/VLink/Page_CCSale/btn_ProcessVLinkTransaction' is clicked on

2022-04-18 12:30:58 - [MESSAGE][PASSED] - vlinkPages.saleCCPage.setDataSCC is PASSED

2022-04-18 12:30:58 - [TEST_STEP][PASSED] - if (verifyTextPresent("Transaction approved, no errors", true)): null

2022-04-18 12:30:59 - [MESSAGE][PASSED] - Text 'Transaction approved, no errors' is present on page  using regular expression

2022-04-18 12:30:59 - [TEST_STEP][PASSED] - println("Transaction Approved, no errors text is present on the Confirmation page"): null

2022-04-18 12:30:59 - [TEST_STEP][PASSED] - out.println("Pass Record Number: " + row): null

2022-04-18 12:30:59 - [TEST_STEP][PASSED] - resText = "Pass": null

2022-04-18 12:30:59 - [TEST_STEP][PASSED] - pages.WriteExcel.demoKey(resText, datText, resColumn, datCloumn, fileLoc, nameSheet, row): pages.WriteExcel.demoKey is PASSED

2022-04-18 12:30:59 - [MESSAGE][PASSED] - pages.WriteExcel.demoKey is PASSED

2022-04-18 12:30:59 - [TEST_STEP][PASSED] - sdfo = getText(findTestObject("Object Repository/Page_VLinkReceipt/pre_STX")): Text of object 'Object Repository/Page_VLinkReceipt/pre_STX' is: '<STX>fNC52rv8JQi4                  12114899            0  Transaction approved, no errors                   0                                                                                  XXOK5874   <ETX>'

2022-04-18 12:30:59 - [MESSAGE][PASSED] - Text of object 'Object Repository/Page_VLinkReceipt/pre_STX' is: '<STX>fNC52rv8JQi4                  12114899            0  Transaction approved, no errors                   0                                                                                  XXOK5874   <ETX>'

2022-04-18 12:30:59 - [TEST_STEP][PASSED] - out.println("sdfo: " + sdfo): null

2022-04-18 12:30:59 - [TEST_STEP][PASSED] - remID = substring(5, 35).trim(): null

2022-04-18 12:30:59 - [TEST_STEP][PASSED] - out.println("Remittance ID: " + remID): null

2022-04-18 12:30:59 - [TEST_STEP][PASSED] - traxID = substring(35, 55).trim(): null

2022-04-18 12:30:59 - [TEST_STEP][PASSED] - out.println("Transaction ID: " + traxID): null

2022-04-18 12:30:59 - [TEST_STEP][PASSED] - out.println("End Record Number: " + row): null

2022-04-18 12:30:59 - [TEST_STEP][PASSED] - closeBrowser(): Browser is closed

2022-04-18 12:31:00 - [MESSAGE][PASSED] - Browser is closed

2022-04-18 12:31:00 - [TEST_STEP][PASSED] - ExecuteTC = findTestData(dataFile).getValue("Execute", row): null

2022-04-18 12:31:00 - [TEST_STEP][PASSED] - out.println("Value of Execute is : " + ExecuteTC): null

2022-04-18 12:31:00 - [TEST_STEP][PASSED] - if (ExecuteTC.equalsIgnoreCase("Y")): Browser is closed

2022-04-18 12:31:00 - [TEST_STEP][PASSED] - out.println("Begin Record Number: " + row): null

2022-04-18 12:31:00 - [TEST_STEP][PASSED] - today = new java.util.Date(): null

2022-04-18 12:31:00 - [TEST_STEP][PASSED] - println(today): null

2022-04-18 12:31:00 - [TEST_STEP][PASSED] - datText = today: null

2022-04-18 12:31:00 - [TEST_STEP][PASSED] - openBrowser(VLinkURL + "authcap.html"): Browser is opened with url: 'https://dev-algorithm.govolution.com/vlinktest/QA/version_2_0/authcap.html'

2022-04-18 12:31:00 - [MESSAGE][INFO] - Starting 'Chrome' driver

2022-04-18 12:31:00 - [MESSAGE][INFO] - User set preference: ['acceptInsecureCerts', 'true']

2022-04-18 12:31:00 - [MESSAGE][INFO] - Action delay is set to 0 milliseconds

2022-04-18 12:31:02 - [MESSAGE][PASSED] - Browser is opened with url: 'https://dev-algorithm.govolution.com/vlinktest/QA/version_2_0/authcap.html'

2022-04-18 12:31:02 - [TEST_STEP][PASSED] - maximizeWindow(): Current window maximized

2022-04-18 12:31:02 - [MESSAGE][PASSED] - Current window maximized

2022-04-18 12:31:02 - [TEST_STEP][PASSED] - vlinkPages.saleCCPage.setDataSCC(row, dataFile): vlinkPages.saleCCPage.setDataSCC is PASSED

2022-04-18 12:31:05 - [MESSAGE][PASSED] - Object 'Object Repository/VLink/Page_CCSale/txt_CardNumber' is present

2022-04-18 12:31:06 - [MESSAGE][PASSED] - Text '104' is set on object 'Object Repository/VLink/Page_CCSale/txt_TransactionType'

2022-04-18 12:31:06 - [MESSAGE][PASSED] - Text '2.0C' is set on object 'Object Repository/VLink/Page_CCSale/txt_MessageVersion'

2022-04-18 12:31:07 - [MESSAGE][PASSED] - Text '7i6kI1pOFVNZ' is set on object 'Object Repository/VLink/Page_CCSale/txt_RemID'

2022-04-18 12:31:08 - [MESSAGE][PASSED] - Text '677' is set on object 'Object Repository/VLink/Page_CCSale/txt_ApplicationId'

2022-04-18 12:31:08 - [MESSAGE][PASSED] - Text 'username' is set on object 'Object Repository/VLink/Page_CCSale/txt_Username'

2022-04-18 12:31:09 - [MESSAGE][PASSED] - Text 'password' is set on object 'Object Repository/VLink/Page_CCSale/txt_Password'

2022-04-18 12:31:09 - [MESSAGE][PASSED] - Text 'fixed_width' is set on object 'Object Repository/VLink/Page_CCSale/txt_ResponseFormat'

2022-04-18 12:31:10 - [MESSAGE][PASSED] - Text 'MOTO' is set on object 'Object Repository/VLink/Page_CCSale/txt_Category'

2022-04-18 12:31:11 - [MESSAGE][PASSED] - Text '' is set on object 'Object Repository/VLink/Page_CCSale/txt_TransactionID'

2022-04-18 12:31:11 - [MESSAGE][PASSED] - Text '' is set on object 'Object Repository/VLink/Page_CCSale/txt_ApprovalCode'

2022-04-18 12:31:12 - [MESSAGE][PASSED] - Text 'Roshan Maha' is set on object 'Object Repository/VLink/Page_CCSale/txt_CardName'

2022-04-18 12:31:13 - [MESSAGE][PASSED] - Text '12563 Bazaar road' is set on object 'Object Repository/VLink/Page_CCSale/txt_AL1'

2022-04-18 12:31:13 - [MESSAGE][PASSED] - Text '' is set on object 'Object Repository/VLink/Page_CCSale/txt_AL2'

2022-04-18 12:31:14 - [MESSAGE][PASSED] - Text 'Crofton' is set on object 'Object Repository/VLink/Page_CCSale/txt_CardCity'

2022-04-18 12:31:15 - [MESSAGE][PASSED] - Text 'MD' is set on object 'Object Repository/VLink/Page_CCSale/txt_CardState'

2022-04-18 12:31:15 - [MESSAGE][PASSED] - Text '21114' is set on object 'Object Repository/VLink/Page_CCSale/txt_CardZIP'

2022-04-18 12:31:16 - [MESSAGE][PASSED] - Text '' is set on object 'Object Repository/VLink/Page_CCSale/txt_CountryID'

2022-04-18 12:31:17 - [MESSAGE][PASSED] - Text '3.50' is set on object 'Object Repository/VLink/Page_CCSale/txt_Amount'

2022-04-18 12:31:17 - [MESSAGE][PASSED] - Text '4111111111111111' is set on object 'Object Repository/VLink/Page_CCSale/txt_CardNumber'

2022-04-18 12:31:18 - [MESSAGE][PASSED] - Text '01' is set on object 'Object Repository/VLink/Page_CCSale/txt_ExpMonth'

2022-04-18 12:31:19 - [MESSAGE][PASSED] - Text '2026' is set on object 'Object Repository/VLink/Page_CCSale/txt_ExpYear'

2022-04-18 12:31:19 - [MESSAGE][PASSED] - Text '' is set on object 'Object Repository/VLink/Page_CCSale/txt_CVV'

2022-04-18 12:31:20 - [MESSAGE][PASSED] - Text '' is set on object 'Object Repository/VLink/Page_CCSale/txt_CVVstate'

2022-04-18 12:31:21 - [MESSAGE][PASSED] - Text '' is set on object 'Object Repository/VLink/Page_CCSale/txt_TrackData'

2022-04-18 12:31:21 - [MESSAGE][PASSED] - Text '' is set on object 'Object Repository/VLink/Page_CCSale/txt_Track1Data'

2022-04-18 12:31:22 - [MESSAGE][PASSED] - Text '' is set on object 'Object Repository/VLink/Page_CCSale/txt_Track2Data'

2022-04-18 12:31:23 - [MESSAGE][PASSED] - Text 'manual' is set on object 'Object Repository/VLink/Page_CCSale/txt_POSEntryMode'

2022-04-18 12:31:23 - [MESSAGE][PASSED] - Text '' is set on object 'Object Repository/VLink/Page_CCSale/txt_Email'

2022-04-18 12:31:24 - [MESSAGE][PASSED] - Text '' is set on object 'Object Repository/VLink/Page_CCSale/txt_OrderNumber'

2022-04-18 12:31:25 - [MESSAGE][PASSED] - Text '' is set on object 'Object Repository/VLink/Page_CCSale/txt_TaxAmount'

2022-04-18 12:31:25 - [MESSAGE][PASSED] - Text '' is set on object 'Object Repository/VLink/Page_CCSale/txt_ChargeDescription'

2022-04-18 12:31:26 - [MESSAGE][PASSED] - Text '' is set on object 'Object Repository/VLink/Page_CCSale/txt_CAN'

2022-04-18 12:31:27 - [MESSAGE][PASSED] - Text '' is set on object 'Object Repository/VLink/Page_CCSale/txt_BillPaymentIndicator'

2022-04-18 12:31:27 - [MESSAGE][PASSED] - Text '' is set on object 'Object Repository/VLink/Page_CCSale/txt_UDF1'

2022-04-18 12:31:28 - [MESSAGE][PASSED] - Text '' is set on object 'Object Repository/VLink/Page_CCSale/txt_UDF2'

2022-04-18 12:31:29 - [MESSAGE][PASSED] - Text '' is set on object 'Object Repository/VLink/Page_CCSale/txt_UDF3'

2022-04-18 12:31:29 - [MESSAGE][PASSED] - Text '' is set on object 'Object Repository/VLink/Page_CCSale/txt_UDF4'

2022-04-18 12:31:30 - [MESSAGE][PASSED] - Text '' is set on object 'Object Repository/VLink/Page_CCSale/txt_UDF5'

2022-04-18 12:31:31 - [MESSAGE][PASSED] - Text '' is set on object 'Object Repository/VLink/Page_CCSale/txt_UDF6'

2022-04-18 12:31:31 - [MESSAGE][PASSED] - Text '' is set on object 'Object Repository/VLink/Page_CCSale/txt_UDF7'

2022-04-18 12:31:32 - [MESSAGE][PASSED] - Text '' is set on object 'Object Repository/VLink/Page_CCSale/txt_UDF8'

2022-04-18 12:31:33 - [MESSAGE][PASSED] - Text '' is set on object 'Object Repository/VLink/Page_CCSale/txt_UDF9'

2022-04-18 12:31:34 - [MESSAGE][PASSED] - Text '' is set on object 'Object Repository/VLink/Page_CCSale/txt_UDF10'

2022-04-18 12:31:34 - [MESSAGE][PASSED] - Text '' is set on object 'Object Repository/VLink/Page_CCSale/txt_CardOnFileIndicator'

2022-04-18 12:31:35 - [MESSAGE][PASSED] - Text '' is set on object 'Object Repository/VLink/Page_CCSale/txt_StoredCredentialIndicator'

2022-04-18 12:31:36 - [MESSAGE][PASSED] - Text '' is set on object 'Object Repository/VLink/Page_CCSale/txt_COFScheduledIndicator'

2022-04-18 12:31:36 - [MESSAGE][PASSED] - Text '' is set on object 'Object Repository/VLink/Page_CCSale/txt_COFTransactionInitiatedBy'

2022-04-18 12:31:40 - [MESSAGE][PASSED] - Object: 'Object Repository/VLink/Page_CCSale/btn_ProcessVLinkTransaction' is clicked on

2022-04-18 12:31:45 - [MESSAGE][PASSED] - vlinkPages.saleCCPage.setDataSCC is PASSED

2022-04-18 12:31:45 - [TEST_STEP][PASSED] - if (verifyTextPresent("Transaction approved, no errors", true)): null

2022-04-18 12:31:45 - [MESSAGE][PASSED] - Text 'Transaction approved, no errors' is present on page  using regular expression

2022-04-18 12:31:45 - [TEST_STEP][PASSED] - println("Transaction Approved, no errors text is present on the Confirmation page"): null

2022-04-18 12:31:45 - [TEST_STEP][PASSED] - out.println("Pass Record Number: " + row): null

2022-04-18 12:31:45 - [TEST_STEP][PASSED] - resText = "Pass": null

2022-04-18 12:31:45 - [TEST_STEP][PASSED] - pages.WriteExcel.demoKey(resText, datText, resColumn, datCloumn, fileLoc, nameSheet, row): pages.WriteExcel.demoKey is PASSED

2022-04-18 12:31:45 - [MESSAGE][PASSED] - pages.WriteExcel.demoKey is PASSED

2022-04-18 12:31:45 - [TEST_STEP][PASSED] - sdfo = getText(findTestObject("Object Repository/Page_VLinkReceipt/pre_STX")): Text of object 'Object Repository/Page_VLinkReceipt/pre_STX' is: '<STX>7i6kI1pOFVNZ                  12114900            0  Transaction approved, no errors                   0                                                                                  XXOK6024   <ETX>'

2022-04-18 12:31:45 - [MESSAGE][PASSED] - Text of object 'Object Repository/Page_VLinkReceipt/pre_STX' is: '<STX>7i6kI1pOFVNZ                  12114900            0  Transaction approved, no errors                   0                                                                                  XXOK6024   <ETX>'

2022-04-18 12:31:45 - [TEST_STEP][PASSED] - out.println("sdfo: " + sdfo): null

2022-04-18 12:31:45 - [TEST_STEP][PASSED] - remID = substring(5, 35).trim(): null

2022-04-18 12:31:45 - [TEST_STEP][PASSED] - out.println("Remittance ID: " + remID): null

2022-04-18 12:31:45 - [TEST_STEP][PASSED] - traxID = substring(35, 55).trim(): null

2022-04-18 12:31:45 - [TEST_STEP][PASSED] - out.println("Transaction ID: " + traxID): null

2022-04-18 12:31:45 - [TEST_STEP][PASSED] - out.println("End Record Number: " + row): null

2022-04-18 12:31:45 - [TEST_STEP][PASSED] - closeBrowser(): Browser is closed

2022-04-18 12:31:46 - [MESSAGE][PASSED] - Browser is closed

2022-04-18 12:31:46 - [TEST_STEP][PASSED] - ExecuteTC = findTestData(dataFile).getValue("Execute", row): null

2022-04-18 12:31:46 - [TEST_STEP][PASSED] - out.println("Value of Execute is : " + ExecuteTC): null

2022-04-18 12:31:46 - [TEST_STEP][PASSED] - if (ExecuteTC.equalsIgnoreCase("Y")): Browser is closed

2022-04-18 12:31:46 - [TEST_STEP][PASSED] - out.println("Begin Record Number: " + row): null

2022-04-18 12:31:46 - [TEST_STEP][PASSED] - today = new java.util.Date(): null

2022-04-18 12:31:46 - [TEST_STEP][PASSED] - println(today): null

2022-04-18 12:31:46 - [TEST_STEP][PASSED] - datText = today: null

2022-04-18 12:31:46 - [TEST_STEP][PASSED] - openBrowser(VLinkURL + "authcap.html"): Browser is opened with url: 'https://dev-algorithm.govolution.com/vlinktest/QA/version_2_0/authcap.html'

2022-04-18 12:31:46 - [MESSAGE][INFO] - Starting 'Chrome' driver

2022-04-18 12:31:46 - [MESSAGE][INFO] - User set preference: ['acceptInsecureCerts', 'true']

2022-04-18 12:31:46 - [MESSAGE][INFO] - Action delay is set to 0 milliseconds

2022-04-18 12:31:48 - [MESSAGE][PASSED] - Browser is opened with url: 'https://dev-algorithm.govolution.com/vlinktest/QA/version_2_0/authcap.html'

2022-04-18 12:31:48 - [TEST_STEP][PASSED] - maximizeWindow(): Current window maximized

2022-04-18 12:31:48 - [MESSAGE][PASSED] - Current window maximized

2022-04-18 12:31:48 - [TEST_STEP][PASSED] - vlinkPages.saleCCPage.setDataSCC(row, dataFile): vlinkPages.saleCCPage.setDataSCC is PASSED

2022-04-18 12:31:51 - [MESSAGE][PASSED] - Object 'Object Repository/VLink/Page_CCSale/txt_CardNumber' is present

2022-04-18 12:31:52 - [MESSAGE][PASSED] - Text '104' is set on object 'Object Repository/VLink/Page_CCSale/txt_TransactionType'

2022-04-18 12:31:52 - [MESSAGE][PASSED] - Text '2.0C' is set on object 'Object Repository/VLink/Page_CCSale/txt_MessageVersion'

2022-04-18 12:31:53 - [MESSAGE][PASSED] - Text 'dP8JCKIfkOg9' is set on object 'Object Repository/VLink/Page_CCSale/txt_RemID'

2022-04-18 12:31:54 - [MESSAGE][PASSED] - Text '665' is set on object 'Object Repository/VLink/Page_CCSale/txt_ApplicationId'

2022-04-18 12:31:54 - [MESSAGE][PASSED] - Text 'username' is set on object 'Object Repository/VLink/Page_CCSale/txt_Username'

2022-04-18 12:31:55 - [MESSAGE][PASSED] - Text 'password' is set on object 'Object Repository/VLink/Page_CCSale/txt_Password'

2022-04-18 12:31:55 - [MESSAGE][PASSED] - Text 'fixed_width' is set on object 'Object Repository/VLink/Page_CCSale/txt_ResponseFormat'

2022-04-18 12:31:56 - [MESSAGE][PASSED] - Text 'MOTO' is set on object 'Object Repository/VLink/Page_CCSale/txt_Category'

2022-04-18 12:31:57 - [MESSAGE][PASSED] - Text '' is set on object 'Object Repository/VLink/Page_CCSale/txt_TransactionID'

2022-04-18 12:31:57 - [MESSAGE][PASSED] - Text '' is set on object 'Object Repository/VLink/Page_CCSale/txt_ApprovalCode'

2022-04-18 12:31:58 - [MESSAGE][PASSED] - Text 'Kris Roshan' is set on object 'Object Repository/VLink/Page_CCSale/txt_CardName'

2022-04-18 12:31:59 - [MESSAGE][PASSED] - Text '258 Elm Road' is set on object 'Object Repository/VLink/Page_CCSale/txt_AL1'

2022-04-18 12:31:59 - [MESSAGE][PASSED] - Text 'Suite 56' is set on object 'Object Repository/VLink/Page_CCSale/txt_AL2'

2022-04-18 12:32:00 - [MESSAGE][PASSED] - Text 'Arlington' is set on object 'Object Repository/VLink/Page_CCSale/txt_CardCity'

2022-04-18 12:32:01 - [MESSAGE][PASSED] - Text 'VA' is set on object 'Object Repository/VLink/Page_CCSale/txt_CardState'

2022-04-18 12:32:01 - [MESSAGE][PASSED] - Text '22201' is set on object 'Object Repository/VLink/Page_CCSale/txt_CardZIP'

2022-04-18 12:32:02 - [MESSAGE][PASSED] - Text '840' is set on object 'Object Repository/VLink/Page_CCSale/txt_CountryID'

2022-04-18 12:32:03 - [MESSAGE][PASSED] - Text '1.50' is set on object 'Object Repository/VLink/Page_CCSale/txt_Amount'

2022-04-18 12:32:04 - [MESSAGE][PASSED] - Text '5424000000000015' is set on object 'Object Repository/VLink/Page_CCSale/txt_CardNumber'

2022-04-18 12:32:04 - [MESSAGE][PASSED] - Text '12' is set on object 'Object Repository/VLink/Page_CCSale/txt_ExpMonth'

2022-04-18 12:32:05 - [MESSAGE][PASSED] - Text '2025' is set on object 'Object Repository/VLink/Page_CCSale/txt_ExpYear'

2022-04-18 12:32:06 - [MESSAGE][PASSED] - Text '' is set on object 'Object Repository/VLink/Page_CCSale/txt_CVV'

2022-04-18 12:32:06 - [MESSAGE][PASSED] - Text '' is set on object 'Object Repository/VLink/Page_CCSale/txt_CVVstate'

2022-04-18 12:32:07 - [MESSAGE][PASSED] - Text '' is set on object 'Object Repository/VLink/Page_CCSale/txt_TrackData'

2022-04-18 12:32:08 - [MESSAGE][PASSED] - Text '' is set on object 'Object Repository/VLink/Page_CCSale/txt_Track1Data'

2022-04-18 12:32:08 - [MESSAGE][PASSED] - Text '' is set on object 'Object Repository/VLink/Page_CCSale/txt_Track2Data'

2022-04-18 12:32:09 - [MESSAGE][PASSED] - Text 'manual' is set on object 'Object Repository/VLink/Page_CCSale/txt_POSEntryMode'

2022-04-18 12:32:10 - [MESSAGE][PASSED] - Text 'iahmed@govolution.com' is set on object 'Object Repository/VLink/Page_CCSale/txt_Email'

2022-04-18 12:32:10 - [MESSAGE][PASSED] - Text '2569362' is set on object 'Object Repository/VLink/Page_CCSale/txt_OrderNumber'

2022-04-18 12:32:11 - [MESSAGE][PASSED] - Text '1.15' is set on object 'Object Repository/VLink/Page_CCSale/txt_TaxAmount'

2022-04-18 12:32:12 - [MESSAGE][PASSED] - Text 'Charge Description' is set on object 'Object Repository/VLink/Page_CCSale/txt_ChargeDescription'

2022-04-18 12:32:12 - [MESSAGE][PASSED] - Text '147357' is set on object 'Object Repository/VLink/Page_CCSale/txt_CAN'

2022-04-18 12:32:13 - [MESSAGE][PASSED] - Text '1' is set on object 'Object Repository/VLink/Page_CCSale/txt_BillPaymentIndicator'

2022-04-18 12:32:14 - [MESSAGE][PASSED] - Text 'UDF Data 1' is set on object 'Object Repository/VLink/Page_CCSale/txt_UDF1'

2022-04-18 12:32:14 - [MESSAGE][PASSED] - Text 'UDF Data 2' is set on object 'Object Repository/VLink/Page_CCSale/txt_UDF2'

2022-04-18 12:32:15 - [MESSAGE][PASSED] - Text 'UDF Data 3' is set on object 'Object Repository/VLink/Page_CCSale/txt_UDF3'

2022-04-18 12:32:16 - [MESSAGE][PASSED] - Text 'UDF Data 4' is set on object 'Object Repository/VLink/Page_CCSale/txt_UDF4'

2022-04-18 12:32:17 - [MESSAGE][PASSED] - Text 'UDF Data 5' is set on object 'Object Repository/VLink/Page_CCSale/txt_UDF5'

2022-04-18 12:32:17 - [MESSAGE][PASSED] - Text 'UDF Data 6' is set on object 'Object Repository/VLink/Page_CCSale/txt_UDF6'

2022-04-18 12:32:18 - [MESSAGE][PASSED] - Text 'UDF Data 7' is set on object 'Object Repository/VLink/Page_CCSale/txt_UDF7'

2022-04-18 12:32:19 - [MESSAGE][PASSED] - Text 'UDF Data 8' is set on object 'Object Repository/VLink/Page_CCSale/txt_UDF8'

2022-04-18 12:32:19 - [MESSAGE][PASSED] - Text 'UDF Data 9' is set on object 'Object Repository/VLink/Page_CCSale/txt_UDF9'

2022-04-18 12:32:20 - [MESSAGE][PASSED] - Text 'UDF Data 10' is set on object 'Object Repository/VLink/Page_CCSale/txt_UDF10'

2022-04-18 12:32:21 - [MESSAGE][PASSED] - Text '' is set on object 'Object Repository/VLink/Page_CCSale/txt_CardOnFileIndicator'

2022-04-18 12:32:21 - [MESSAGE][PASSED] - Text '' is set on object 'Object Repository/VLink/Page_CCSale/txt_StoredCredentialIndicator'

2022-04-18 12:32:22 - [MESSAGE][PASSED] - Text '' is set on object 'Object Repository/VLink/Page_CCSale/txt_COFScheduledIndicator'

2022-04-18 12:32:23 - [MESSAGE][PASSED] - Text '' is set on object 'Object Repository/VLink/Page_CCSale/txt_COFTransactionInitiatedBy'

2022-04-18 12:32:26 - [MESSAGE][PASSED] - Object: 'Object Repository/VLink/Page_CCSale/btn_ProcessVLinkTransaction' is clicked on

2022-04-18 12:32:31 - [MESSAGE][PASSED] - vlinkPages.saleCCPage.setDataSCC is PASSED

2022-04-18 12:32:31 - [TEST_STEP][PASSED] - if (verifyTextPresent("Transaction approved, no errors", true)): null

2022-04-18 12:32:31 - [MESSAGE][PASSED] - Text 'Transaction approved, no errors' is present on page  using regular expression

2022-04-18 12:32:31 - [TEST_STEP][PASSED] - println("Transaction Approved, no errors text is present on the Confirmation page"): null

2022-04-18 12:32:31 - [TEST_STEP][PASSED] - out.println("Pass Record Number: " + row): null

2022-04-18 12:32:31 - [TEST_STEP][PASSED] - resText = "Pass": null

2022-04-18 12:32:31 - [TEST_STEP][PASSED] - pages.WriteExcel.demoKey(resText, datText, resColumn, datCloumn, fileLoc, nameSheet, row): pages.WriteExcel.demoKey is PASSED

2022-04-18 12:32:31 - [MESSAGE][PASSED] - pages.WriteExcel.demoKey is PASSED

2022-04-18 12:32:31 - [TEST_STEP][PASSED] - sdfo = getText(findTestObject("Object Repository/Page_VLinkReceipt/pre_STX")): Text of object 'Object Repository/Page_VLinkReceipt/pre_STX' is: '<STX>dP8JCKIfkOg9                  12114902            0  Transaction approved, no errors                   0                                                                                  XXOK6234   <ETX>'

2022-04-18 12:32:31 - [MESSAGE][PASSED] - Text of object 'Object Repository/Page_VLinkReceipt/pre_STX' is: '<STX>dP8JCKIfkOg9                  12114902            0  Transaction approved, no errors                   0                                                                                  XXOK6234   <ETX>'

2022-04-18 12:32:31 - [TEST_STEP][PASSED] - out.println("sdfo: " + sdfo): null

2022-04-18 12:32:31 - [TEST_STEP][PASSED] - remID = substring(5, 35).trim(): null

2022-04-18 12:32:31 - [TEST_STEP][PASSED] - out.println("Remittance ID: " + remID): null

2022-04-18 12:32:31 - [TEST_STEP][PASSED] - traxID = substring(35, 55).trim(): null

2022-04-18 12:32:31 - [TEST_STEP][PASSED] - out.println("Transaction ID: " + traxID): null

2022-04-18 12:32:31 - [TEST_STEP][PASSED] - out.println("End Record Number: " + row): null

2022-04-18 12:32:31 - [TEST_STEP][PASSED] - closeBrowser(): Browser is closed

2022-04-18 12:32:32 - [MESSAGE][PASSED] - Browser is closed

2022-04-18 12:32:32 - [TEST_STEP][PASSED] - ExecuteTC = findTestData(dataFile).getValue("Execute", row): null

2022-04-18 12:32:32 - [TEST_STEP][PASSED] - out.println("Value of Execute is : " + ExecuteTC): null

2022-04-18 12:32:32 - [TEST_STEP][PASSED] - if (ExecuteTC.equalsIgnoreCase("Y")): Browser is closed

2022-04-18 12:32:32 - [TEST_STEP][PASSED] - out.println("Begin Record Number: " + row): null

2022-04-18 12:32:32 - [TEST_STEP][PASSED] - today = new java.util.Date(): null

2022-04-18 12:32:32 - [TEST_STEP][PASSED] - println(today): null

2022-04-18 12:32:32 - [TEST_STEP][PASSED] - datText = today: null

2022-04-18 12:32:32 - [TEST_STEP][PASSED] - openBrowser(VLinkURL + "authcap.html"): Browser is opened with url: 'https://dev-algorithm.govolution.com/vlinktest/QA/version_2_0/authcap.html'

2022-04-18 12:32:32 - [MESSAGE][INFO] - Starting 'Chrome' driver

2022-04-18 12:32:32 - [MESSAGE][INFO] - User set preference: ['acceptInsecureCerts', 'true']

2022-04-18 12:32:32 - [MESSAGE][INFO] - Action delay is set to 0 milliseconds

2022-04-18 12:32:34 - [MESSAGE][PASSED] - Browser is opened with url: 'https://dev-algorithm.govolution.com/vlinktest/QA/version_2_0/authcap.html'

2022-04-18 12:32:34 - [TEST_STEP][PASSED] - maximizeWindow(): Current window maximized

2022-04-18 12:32:34 - [MESSAGE][PASSED] - Current window maximized

2022-04-18 12:32:34 - [TEST_STEP][PASSED] - vlinkPages.saleCCPage.setDataSCC(row, dataFile): vlinkPages.saleCCPage.setDataSCC is PASSED

2022-04-18 12:32:37 - [MESSAGE][PASSED] - Object 'Object Repository/VLink/Page_CCSale/txt_CardNumber' is present

2022-04-18 12:32:38 - [MESSAGE][PASSED] - Text '104' is set on object 'Object Repository/VLink/Page_CCSale/txt_TransactionType'

2022-04-18 12:32:38 - [MESSAGE][PASSED] - Text '2.0C' is set on object 'Object Repository/VLink/Page_CCSale/txt_MessageVersion'

2022-04-18 12:32:39 - [MESSAGE][PASSED] - Text 'ib8H90PipxgL' is set on object 'Object Repository/VLink/Page_CCSale/txt_RemID'

2022-04-18 12:32:40 - [MESSAGE][PASSED] - Text '672' is set on object 'Object Repository/VLink/Page_CCSale/txt_ApplicationId'

2022-04-18 12:32:40 - [MESSAGE][PASSED] - Text 'username' is set on object 'Object Repository/VLink/Page_CCSale/txt_Username'

2022-04-18 12:32:41 - [MESSAGE][PASSED] - Text 'password' is set on object 'Object Repository/VLink/Page_CCSale/txt_Password'

2022-04-18 12:32:41 - [MESSAGE][PASSED] - Text 'fixed_width' is set on object 'Object Repository/VLink/Page_CCSale/txt_ResponseFormat'

2022-04-18 12:32:42 - [MESSAGE][PASSED] - Text 'MOTO' is set on object 'Object Repository/VLink/Page_CCSale/txt_Category'

2022-04-18 12:32:43 - [MESSAGE][PASSED] - Text '' is set on object 'Object Repository/VLink/Page_CCSale/txt_TransactionID'

2022-04-18 12:32:43 - [MESSAGE][PASSED] - Text '' is set on object 'Object Repository/VLink/Page_CCSale/txt_ApprovalCode'

2022-04-18 12:32:44 - [MESSAGE][PASSED] - Text 'Arvind Silva' is set on object 'Object Repository/VLink/Page_CCSale/txt_CardName'

2022-04-18 12:32:45 - [MESSAGE][PASSED] - Text '111 Main Ave' is set on object 'Object Repository/VLink/Page_CCSale/txt_AL1'

2022-04-18 12:32:45 - [MESSAGE][PASSED] - Text '' is set on object 'Object Repository/VLink/Page_CCSale/txt_AL2'

2022-04-18 12:32:46 - [MESSAGE][PASSED] - Text 'Arlington' is set on object 'Object Repository/VLink/Page_CCSale/txt_CardCity'

2022-04-18 12:32:47 - [MESSAGE][PASSED] - Text 'VA' is set on object 'Object Repository/VLink/Page_CCSale/txt_CardState'

2022-04-18 12:32:47 - [MESSAGE][PASSED] - Text '22201' is set on object 'Object Repository/VLink/Page_CCSale/txt_CardZIP'

2022-04-18 12:32:48 - [MESSAGE][PASSED] - Text '' is set on object 'Object Repository/VLink/Page_CCSale/txt_CountryID'

2022-04-18 12:32:49 - [MESSAGE][PASSED] - Text '2.50' is set on object 'Object Repository/VLink/Page_CCSale/txt_Amount'

2022-04-18 12:32:50 - [MESSAGE][PASSED] - Text '5424000000000015' is set on object 'Object Repository/VLink/Page_CCSale/txt_CardNumber'

2022-04-18 12:32:50 - [MESSAGE][PASSED] - Text '01' is set on object 'Object Repository/VLink/Page_CCSale/txt_ExpMonth'

2022-04-18 12:32:51 - [MESSAGE][PASSED] - Text '2026' is set on object 'Object Repository/VLink/Page_CCSale/txt_ExpYear'

2022-04-18 12:32:52 - [MESSAGE][PASSED] - Text '' is set on object 'Object Repository/VLink/Page_CCSale/txt_CVV'

2022-04-18 12:32:52 - [MESSAGE][PASSED] - Text '' is set on object 'Object Repository/VLink/Page_CCSale/txt_CVVstate'

2022-04-18 12:32:53 - [MESSAGE][PASSED] - Text '' is set on object 'Object Repository/VLink/Page_CCSale/txt_TrackData'

2022-04-18 12:32:54 - [MESSAGE][PASSED] - Text '' is set on object 'Object Repository/VLink/Page_CCSale/txt_Track1Data'

2022-04-18 12:32:54 - [MESSAGE][PASSED] - Text '' is set on object 'Object Repository/VLink/Page_CCSale/txt_Track2Data'

2022-04-18 12:32:55 - [MESSAGE][PASSED] - Text 'manual' is set on object 'Object Repository/VLink/Page_CCSale/txt_POSEntryMode'

2022-04-18 12:32:56 - [MESSAGE][PASSED] - Text '' is set on object 'Object Repository/VLink/Page_CCSale/txt_Email'

2022-04-18 12:32:56 - [MESSAGE][PASSED] - Text '' is set on object 'Object Repository/VLink/Page_CCSale/txt_OrderNumber'

2022-04-18 12:32:57 - [MESSAGE][PASSED] - Text '' is set on object 'Object Repository/VLink/Page_CCSale/txt_TaxAmount'

2022-04-18 12:32:58 - [MESSAGE][PASSED] - Text '' is set on object 'Object Repository/VLink/Page_CCSale/txt_ChargeDescription'

2022-04-18 12:32:59 - [MESSAGE][PASSED] - Text '' is set on object 'Object Repository/VLink/Page_CCSale/txt_CAN'

2022-04-18 12:32:59 - [MESSAGE][PASSED] - Text '' is set on object 'Object Repository/VLink/Page_CCSale/txt_BillPaymentIndicator'

2022-04-18 12:33:00 - [MESSAGE][PASSED] - Text '' is set on object 'Object Repository/VLink/Page_CCSale/txt_UDF1'

2022-04-18 12:33:01 - [MESSAGE][PASSED] - Text '' is set on object 'Object Repository/VLink/Page_CCSale/txt_UDF2'

2022-04-18 12:33:01 - [MESSAGE][PASSED] - Text '' is set on object 'Object Repository/VLink/Page_CCSale/txt_UDF3'

2022-04-18 12:33:02 - [MESSAGE][PASSED] - Text '' is set on object 'Object Repository/VLink/Page_CCSale/txt_UDF4'

2022-04-18 12:33:03 - [MESSAGE][PASSED] - Text '' is set on object 'Object Repository/VLink/Page_CCSale/txt_UDF5'

2022-04-18 12:33:03 - [MESSAGE][PASSED] - Text '' is set on object 'Object Repository/VLink/Page_CCSale/txt_UDF6'

2022-04-18 12:33:04 - [MESSAGE][PASSED] - Text '' is set on object 'Object Repository/VLink/Page_CCSale/txt_UDF7'

2022-04-18 12:33:05 - [MESSAGE][PASSED] - Text '' is set on object 'Object Repository/VLink/Page_CCSale/txt_UDF8'

2022-04-18 12:33:05 - [MESSAGE][PASSED] - Text '' is set on object 'Object Repository/VLink/Page_CCSale/txt_UDF9'

2022-04-18 12:33:06 - [MESSAGE][PASSED] - Text '' is set on object 'Object Repository/VLink/Page_CCSale/txt_UDF10'

2022-04-18 12:33:07 - [MESSAGE][PASSED] - Text '' is set on object 'Object Repository/VLink/Page_CCSale/txt_CardOnFileIndicator'

2022-04-18 12:33:07 - [MESSAGE][PASSED] - Text '' is set on object 'Object Repository/VLink/Page_CCSale/txt_StoredCredentialIndicator'

2022-04-18 12:33:08 - [MESSAGE][PASSED] - Text '' is set on object 'Object Repository/VLink/Page_CCSale/txt_COFScheduledIndicator'

2022-04-18 12:33:09 - [MESSAGE][PASSED] - Text '' is set on object 'Object Repository/VLink/Page_CCSale/txt_COFTransactionInitiatedBy'

2022-04-18 12:33:11 - [MESSAGE][PASSED] - Object: 'Object Repository/VLink/Page_CCSale/btn_ProcessVLinkTransaction' is clicked on

2022-04-18 12:33:16 - [MESSAGE][PASSED] - vlinkPages.saleCCPage.setDataSCC is PASSED

2022-04-18 12:33:16 - [TEST_STEP][PASSED] - if (verifyTextPresent("Transaction approved, no errors", true)): null

2022-04-18 12:33:17 - [MESSAGE][PASSED] - Text 'Transaction approved, no errors' is present on page  using regular expression

2022-04-18 12:33:17 - [TEST_STEP][PASSED] - println("Transaction Approved, no errors text is present on the Confirmation page"): null

2022-04-18 12:33:17 - [TEST_STEP][PASSED] - out.println("Pass Record Number: " + row): null

2022-04-18 12:33:17 - [TEST_STEP][PASSED] - resText = "Pass": null

2022-04-18 12:33:17 - [TEST_STEP][PASSED] - pages.WriteExcel.demoKey(resText, datText, resColumn, datCloumn, fileLoc, nameSheet, row): pages.WriteExcel.demoKey is PASSED

2022-04-18 12:33:17 - [MESSAGE][PASSED] - pages.WriteExcel.demoKey is PASSED

2022-04-18 12:33:17 - [TEST_STEP][PASSED] - sdfo = getText(findTestObject("Object Repository/Page_VLinkReceipt/pre_STX")): Text of object 'Object Repository/Page_VLinkReceipt/pre_STX' is: '<STX>ib8H90PipxgL                  12114903            0  Transaction approved, no errors                   0                                                                                  XXOK6534   <ETX>'

2022-04-18 12:33:17 - [MESSAGE][PASSED] - Text of object 'Object Repository/Page_VLinkReceipt/pre_STX' is: '<STX>ib8H90PipxgL                  12114903            0  Transaction approved, no errors                   0                                                                                  XXOK6534   <ETX>'

2022-04-18 12:33:17 - [TEST_STEP][PASSED] - out.println("sdfo: " + sdfo): null

2022-04-18 12:33:17 - [TEST_STEP][PASSED] - remID = substring(5, 35).trim(): null

2022-04-18 12:33:17 - [TEST_STEP][PASSED] - out.println("Remittance ID: " + remID): null

2022-04-18 12:33:17 - [TEST_STEP][PASSED] - traxID = substring(35, 55).trim(): null

2022-04-18 12:33:17 - [TEST_STEP][PASSED] - out.println("Transaction ID: " + traxID): null

2022-04-18 12:33:17 - [TEST_STEP][PASSED] - out.println("End Record Number: " + row): null

2022-04-18 12:33:17 - [TEST_STEP][PASSED] - closeBrowser(): Browser is closed

2022-04-18 12:33:18 - [MESSAGE][PASSED] - Browser is closed

2022-04-18 12:33:18 - [TEST_STEP][PASSED] - ExecuteTC = findTestData(dataFile).getValue("Execute", row): null

2022-04-18 12:33:18 - [TEST_STEP][PASSED] - out.println("Value of Execute is : " + ExecuteTC): null

2022-04-18 12:33:18 - [TEST_STEP][PASSED] - if (ExecuteTC.equalsIgnoreCase("Y")): Browser is closed

2022-04-18 12:33:18 - [TEST_STEP][PASSED] - out.println("Begin Record Number: " + row): null

2022-04-18 12:33:18 - [TEST_STEP][PASSED] - today = new java.util.Date(): null

2022-04-18 12:33:18 - [TEST_STEP][PASSED] - println(today): null

2022-04-18 12:33:18 - [TEST_STEP][PASSED] - datText = today: null

2022-04-18 12:33:18 - [TEST_STEP][PASSED] - openBrowser(VLinkURL + "authcap.html"): Browser is opened with url: 'https://dev-algorithm.govolution.com/vlinktest/QA/version_2_0/authcap.html'

2022-04-18 12:33:18 - [MESSAGE][INFO] - Starting 'Chrome' driver

2022-04-18 12:33:18 - [MESSAGE][INFO] - User set preference: ['acceptInsecureCerts', 'true']

2022-04-18 12:33:18 - [MESSAGE][INFO] - Action delay is set to 0 milliseconds

2022-04-18 12:33:20 - [MESSAGE][PASSED] - Browser is opened with url: 'https://dev-algorithm.govolution.com/vlinktest/QA/version_2_0/authcap.html'

2022-04-18 12:33:20 - [TEST_STEP][PASSED] - maximizeWindow(): Current window maximized

2022-04-18 12:33:20 - [MESSAGE][PASSED] - Current window maximized

2022-04-18 12:33:20 - [TEST_STEP][PASSED] - vlinkPages.saleCCPage.setDataSCC(row, dataFile): vlinkPages.saleCCPage.setDataSCC is PASSED

2022-04-18 12:33:23 - [MESSAGE][PASSED] - Object 'Object Repository/VLink/Page_CCSale/txt_CardNumber' is present

2022-04-18 12:33:23 - [MESSAGE][PASSED] - Text '104' is set on object 'Object Repository/VLink/Page_CCSale/txt_TransactionType'

2022-04-18 12:33:24 - [MESSAGE][PASSED] - Text '2.0C' is set on object 'Object Repository/VLink/Page_CCSale/txt_MessageVersion'

2022-04-18 12:33:25 - [MESSAGE][PASSED] - Text 'JX0fXBRXIYlZ' is set on object 'Object Repository/VLink/Page_CCSale/txt_RemID'

2022-04-18 12:33:25 - [MESSAGE][PASSED] - Text '677' is set on object 'Object Repository/VLink/Page_CCSale/txt_ApplicationId'

2022-04-18 12:33:26 - [MESSAGE][PASSED] - Text 'username' is set on object 'Object Repository/VLink/Page_CCSale/txt_Username'

2022-04-18 12:33:26 - [MESSAGE][PASSED] - Text 'password' is set on object 'Object Repository/VLink/Page_CCSale/txt_Password'

2022-04-18 12:33:27 - [MESSAGE][PASSED] - Text 'fixed_width' is set on object 'Object Repository/VLink/Page_CCSale/txt_ResponseFormat'

2022-04-18 12:33:28 - [MESSAGE][PASSED] - Text 'MOTO' is set on object 'Object Repository/VLink/Page_CCSale/txt_Category'

2022-04-18 12:33:28 - [MESSAGE][PASSED] - Text '' is set on object 'Object Repository/VLink/Page_CCSale/txt_TransactionID'

2022-04-18 12:33:29 - [MESSAGE][PASSED] - Text '' is set on object 'Object Repository/VLink/Page_CCSale/txt_ApprovalCode'

2022-04-18 12:33:30 - [MESSAGE][PASSED] - Text 'Roshan Maha' is set on object 'Object Repository/VLink/Page_CCSale/txt_CardName'

2022-04-18 12:33:30 - [MESSAGE][PASSED] - Text '12563 Bazaar road' is set on object 'Object Repository/VLink/Page_CCSale/txt_AL1'

2022-04-18 12:33:31 - [MESSAGE][PASSED] - Text '' is set on object 'Object Repository/VLink/Page_CCSale/txt_AL2'

2022-04-18 12:33:32 - [MESSAGE][PASSED] - Text 'Crofton' is set on object 'Object Repository/VLink/Page_CCSale/txt_CardCity'

2022-04-18 12:33:32 - [MESSAGE][PASSED] - Text 'MD' is set on object 'Object Repository/VLink/Page_CCSale/txt_CardState'

2022-04-18 12:33:33 - [MESSAGE][PASSED] - Text '21114' is set on object 'Object Repository/VLink/Page_CCSale/txt_CardZIP'

2022-04-18 12:33:34 - [MESSAGE][PASSED] - Text '' is set on object 'Object Repository/VLink/Page_CCSale/txt_CountryID'

2022-04-18 12:33:35 - [MESSAGE][PASSED] - Text '3.50' is set on object 'Object Repository/VLink/Page_CCSale/txt_Amount'

2022-04-18 12:33:35 - [MESSAGE][PASSED] - Text '5424000000000015' is set on object 'Object Repository/VLink/Page_CCSale/txt_CardNumber'

2022-04-18 12:33:36 - [MESSAGE][PASSED] - Text '01' is set on object 'Object Repository/VLink/Page_CCSale/txt_ExpMonth'

2022-04-18 12:33:37 - [MESSAGE][PASSED] - Text '2026' is set on object 'Object Repository/VLink/Page_CCSale/txt_ExpYear'

2022-04-18 12:33:37 - [MESSAGE][PASSED] - Text '' is set on object 'Object Repository/VLink/Page_CCSale/txt_CVV'

2022-04-18 12:33:38 - [MESSAGE][PASSED] - Text '' is set on object 'Object Repository/VLink/Page_CCSale/txt_CVVstate'

2022-04-18 12:33:39 - [MESSAGE][PASSED] - Text '' is set on object 'Object Repository/VLink/Page_CCSale/txt_TrackData'

2022-04-18 12:33:39 - [MESSAGE][PASSED] - Text '' is set on object 'Object Repository/VLink/Page_CCSale/txt_Track1Data'

2022-04-18 12:33:40 - [MESSAGE][PASSED] - Text '' is set on object 'Object Repository/VLink/Page_CCSale/txt_Track2Data'

2022-04-18 12:33:41 - [MESSAGE][PASSED] - Text 'manual' is set on object 'Object Repository/VLink/Page_CCSale/txt_POSEntryMode'

2022-04-18 12:33:42 - [MESSAGE][PASSED] - Text '' is set on object 'Object Repository/VLink/Page_CCSale/txt_Email'

2022-04-18 12:33:42 - [MESSAGE][PASSED] - Text '' is set on object 'Object Repository/VLink/Page_CCSale/txt_OrderNumber'

2022-04-18 12:33:43 - [MESSAGE][PASSED] - Text '' is set on object 'Object Repository/VLink/Page_CCSale/txt_TaxAmount'

2022-04-18 12:33:44 - [MESSAGE][PASSED] - Text '' is set on object 'Object Repository/VLink/Page_CCSale/txt_ChargeDescription'

2022-04-18 12:33:44 - [MESSAGE][PASSED] - Text '' is set on object 'Object Repository/VLink/Page_CCSale/txt_CAN'

2022-04-18 12:33:45 - [MESSAGE][PASSED] - Text '' is set on object 'Object Repository/VLink/Page_CCSale/txt_BillPaymentIndicator'

2022-04-18 12:33:46 - [MESSAGE][PASSED] - Text '' is set on object 'Object Repository/VLink/Page_CCSale/txt_UDF1'

2022-04-18 12:33:46 - [MESSAGE][PASSED] - Text '' is set on object 'Object Repository/VLink/Page_CCSale/txt_UDF2'

2022-04-18 12:33:47 - [MESSAGE][PASSED] - Text '' is set on object 'Object Repository/VLink/Page_CCSale/txt_UDF3'

2022-04-18 12:33:48 - [MESSAGE][PASSED] - Text '' is set on object 'Object Repository/VLink/Page_CCSale/txt_UDF4'

2022-04-18 12:33:48 - [MESSAGE][PASSED] - Text '' is set on object 'Object Repository/VLink/Page_CCSale/txt_UDF5'

2022-04-18 12:33:49 - [MESSAGE][PASSED] - Text '' is set on object 'Object Repository/VLink/Page_CCSale/txt_UDF6'

2022-04-18 12:33:50 - [MESSAGE][PASSED] - Text '' is set on object 'Object Repository/VLink/Page_CCSale/txt_UDF7'

2022-04-18 12:33:51 - [MESSAGE][PASSED] - Text '' is set on object 'Object Repository/VLink/Page_CCSale/txt_UDF8'

2022-04-18 12:33:51 - [MESSAGE][PASSED] - Text '' is set on object 'Object Repository/VLink/Page_CCSale/txt_UDF9'

2022-04-18 12:33:52 - [MESSAGE][PASSED] - Text '' is set on object 'Object Repository/VLink/Page_CCSale/txt_UDF10'

2022-04-18 12:33:53 - [MESSAGE][PASSED] - Text '' is set on object 'Object Repository/VLink/Page_CCSale/txt_CardOnFileIndicator'

2022-04-18 12:33:53 - [MESSAGE][PASSED] - Text '' is set on object 'Object Repository/VLink/Page_CCSale/txt_StoredCredentialIndicator'

2022-04-18 12:33:54 - [MESSAGE][PASSED] - Text '' is set on object 'Object Repository/VLink/Page_CCSale/txt_COFScheduledIndicator'

2022-04-18 12:33:55 - [MESSAGE][PASSED] - Text '' is set on object 'Object Repository/VLink/Page_CCSale/txt_COFTransactionInitiatedBy'

2022-04-18 12:33:58 - [MESSAGE][PASSED] - Object: 'Object Repository/VLink/Page_CCSale/btn_ProcessVLinkTransaction' is clicked on

2022-04-18 12:34:03 - [MESSAGE][PASSED] - vlinkPages.saleCCPage.setDataSCC is PASSED

2022-04-18 12:34:03 - [TEST_STEP][PASSED] - if (verifyTextPresent("Transaction approved, no errors", true)): null

2022-04-18 12:34:03 - [MESSAGE][PASSED] - Text 'Transaction approved, no errors' is present on page  using regular expression

2022-04-18 12:34:03 - [TEST_STEP][PASSED] - println("Transaction Approved, no errors text is present on the Confirmation page"): null

2022-04-18 12:34:03 - [TEST_STEP][PASSED] - out.println("Pass Record Number: " + row): null

2022-04-18 12:34:03 - [TEST_STEP][PASSED] - resText = "Pass": null

2022-04-18 12:34:03 - [TEST_STEP][PASSED] - pages.WriteExcel.demoKey(resText, datText, resColumn, datCloumn, fileLoc, nameSheet, row): pages.WriteExcel.demoKey is PASSED

2022-04-18 12:34:03 - [MESSAGE][PASSED] - pages.WriteExcel.demoKey is PASSED

2022-04-18 12:34:03 - [TEST_STEP][PASSED] - sdfo = getText(findTestObject("Object Repository/Page_VLinkReceipt/pre_STX")): Text of object 'Object Repository/Page_VLinkReceipt/pre_STX' is: '<STX>JX0fXBRXIYlZ                  12114904            0  Transaction approved, no errors                   0                                                                                  XXOK6674   <ETX>'

2022-04-18 12:34:04 - [MESSAGE][PASSED] - Text of object 'Object Repository/Page_VLinkReceipt/pre_STX' is: '<STX>JX0fXBRXIYlZ                  12114904            0  Transaction approved, no errors                   0                                                                                  XXOK6674   <ETX>'

2022-04-18 12:34:04 - [TEST_STEP][PASSED] - out.println("sdfo: " + sdfo): null

2022-04-18 12:34:04 - [TEST_STEP][PASSED] - remID = substring(5, 35).trim(): null

2022-04-18 12:34:04 - [TEST_STEP][PASSED] - out.println("Remittance ID: " + remID): null

2022-04-18 12:34:04 - [TEST_STEP][PASSED] - traxID = substring(35, 55).trim(): null

2022-04-18 12:34:04 - [TEST_STEP][PASSED] - out.println("Transaction ID: " + traxID): null

2022-04-18 12:34:04 - [TEST_STEP][PASSED] - out.println("End Record Number: " + row): null

2022-04-18 12:34:04 - [TEST_STEP][PASSED] - closeBrowser(): Browser is closed

2022-04-18 12:34:05 - [MESSAGE][PASSED] - Browser is closed

2022-04-18 12:34:05 - [TEST_STEP][PASSED] - ExecuteTC = findTestData(dataFile).getValue("Execute", row): null

2022-04-18 12:34:05 - [TEST_STEP][PASSED] - out.println("Value of Execute is : " + ExecuteTC): null

2022-04-18 12:34:05 - [TEST_STEP][PASSED] - if (ExecuteTC.equalsIgnoreCase("Y")): Browser is closed

2022-04-18 12:34:05 - [TEST_STEP][PASSED] - out.println("Begin Record Number: " + row): null

2022-04-18 12:34:05 - [TEST_STEP][PASSED] - today = new java.util.Date(): null

2022-04-18 12:34:05 - [TEST_STEP][PASSED] - println(today): null

2022-04-18 12:34:05 - [TEST_STEP][PASSED] - datText = today: null

2022-04-18 12:34:05 - [TEST_STEP][PASSED] - openBrowser(VLinkURL + "authcap.html"): Browser is opened with url: 'https://dev-algorithm.govolution.com/vlinktest/QA/version_2_0/authcap.html'

2022-04-18 12:34:05 - [MESSAGE][INFO] - Starting 'Chrome' driver

2022-04-18 12:34:05 - [MESSAGE][INFO] - User set preference: ['acceptInsecureCerts', 'true']

2022-04-18 12:34:05 - [MESSAGE][INFO] - Action delay is set to 0 milliseconds

2022-04-18 12:34:06 - [MESSAGE][PASSED] - Browser is opened with url: 'https://dev-algorithm.govolution.com/vlinktest/QA/version_2_0/authcap.html'

2022-04-18 12:34:06 - [TEST_STEP][PASSED] - maximizeWindow(): Current window maximized

2022-04-18 12:34:07 - [MESSAGE][PASSED] - Current window maximized

2022-04-18 12:34:07 - [TEST_STEP][PASSED] - vlinkPages.saleCCPage.setDataSCC(row, dataFile): vlinkPages.saleCCPage.setDataSCC is PASSED

2022-04-18 12:34:09 - [MESSAGE][PASSED] - Object 'Object Repository/VLink/Page_CCSale/txt_CardNumber' is present

2022-04-18 12:34:10 - [MESSAGE][PASSED] - Text '104' is set on object 'Object Repository/VLink/Page_CCSale/txt_TransactionType'

2022-04-18 12:34:11 - [MESSAGE][PASSED] - Text '2.0C' is set on object 'Object Repository/VLink/Page_CCSale/txt_MessageVersion'

2022-04-18 12:34:11 - [MESSAGE][PASSED] - Text 'QjAg9qkAcZZP' is set on object 'Object Repository/VLink/Page_CCSale/txt_RemID'

2022-04-18 12:34:12 - [MESSAGE][PASSED] - Text '665' is set on object 'Object Repository/VLink/Page_CCSale/txt_ApplicationId'

2022-04-18 12:34:13 - [MESSAGE][PASSED] - Text 'username' is set on object 'Object Repository/VLink/Page_CCSale/txt_Username'

2022-04-18 12:34:13 - [MESSAGE][PASSED] - Text 'password' is set on object 'Object Repository/VLink/Page_CCSale/txt_Password'

2022-04-18 12:34:14 - [MESSAGE][PASSED] - Text 'fixed_width' is set on object 'Object Repository/VLink/Page_CCSale/txt_ResponseFormat'

2022-04-18 12:34:15 - [MESSAGE][PASSED] - Text 'MOTO' is set on object 'Object Repository/VLink/Page_CCSale/txt_Category'

2022-04-18 12:34:15 - [MESSAGE][PASSED] - Text '' is set on object 'Object Repository/VLink/Page_CCSale/txt_TransactionID'

2022-04-18 12:34:16 - [MESSAGE][PASSED] - Text '' is set on object 'Object Repository/VLink/Page_CCSale/txt_ApprovalCode'

2022-04-18 12:34:16 - [MESSAGE][PASSED] - Text 'Kris Roshan' is set on object 'Object Repository/VLink/Page_CCSale/txt_CardName'

2022-04-18 12:34:17 - [MESSAGE][PASSED] - Text '258 Elm Road' is set on object 'Object Repository/VLink/Page_CCSale/txt_AL1'

2022-04-18 12:34:18 - [MESSAGE][PASSED] - Text 'Suite 56' is set on object 'Object Repository/VLink/Page_CCSale/txt_AL2'

2022-04-18 12:34:19 - [MESSAGE][PASSED] - Text 'Arlington' is set on object 'Object Repository/VLink/Page_CCSale/txt_CardCity'

2022-04-18 12:34:19 - [MESSAGE][PASSED] - Text 'VA' is set on object 'Object Repository/VLink/Page_CCSale/txt_CardState'

2022-04-18 12:34:20 - [MESSAGE][PASSED] - Text '22201' is set on object 'Object Repository/VLink/Page_CCSale/txt_CardZIP'

2022-04-18 12:34:21 - [MESSAGE][PASSED] - Text '840' is set on object 'Object Repository/VLink/Page_CCSale/txt_CountryID'

2022-04-18 12:34:21 - [MESSAGE][PASSED] - Text '1.50' is set on object 'Object Repository/VLink/Page_CCSale/txt_Amount'

2022-04-18 12:34:22 - [MESSAGE][PASSED] - Text '370000000000002' is set on object 'Object Repository/VLink/Page_CCSale/txt_CardNumber'

2022-04-18 12:34:23 - [MESSAGE][PASSED] - Text '12' is set on object 'Object Repository/VLink/Page_CCSale/txt_ExpMonth'

2022-04-18 12:34:23 - [MESSAGE][PASSED] - Text '2025' is set on object 'Object Repository/VLink/Page_CCSale/txt_ExpYear'

2022-04-18 12:34:24 - [MESSAGE][PASSED] - Text '' is set on object 'Object Repository/VLink/Page_CCSale/txt_CVV'

2022-04-18 12:34:25 - [MESSAGE][PASSED] - Text '' is set on object 'Object Repository/VLink/Page_CCSale/txt_CVVstate'

2022-04-18 12:34:25 - [MESSAGE][PASSED] - Text '' is set on object 'Object Repository/VLink/Page_CCSale/txt_TrackData'

2022-04-18 12:34:26 - [MESSAGE][PASSED] - Text '' is set on object 'Object Repository/VLink/Page_CCSale/txt_Track1Data'

2022-04-18 12:34:27 - [MESSAGE][PASSED] - Text '' is set on object 'Object Repository/VLink/Page_CCSale/txt_Track2Data'

2022-04-18 12:34:27 - [MESSAGE][PASSED] - Text 'manual' is set on object 'Object Repository/VLink/Page_CCSale/txt_POSEntryMode'

2022-04-18 12:34:28 - [MESSAGE][PASSED] - Text 'iahmed@govolution.com' is set on object 'Object Repository/VLink/Page_CCSale/txt_Email'

2022-04-18 12:34:29 - [MESSAGE][PASSED] - Text '2569362' is set on object 'Object Repository/VLink/Page_CCSale/txt_OrderNumber'

2022-04-18 12:34:29 - [MESSAGE][PASSED] - Text '1.15' is set on object 'Object Repository/VLink/Page_CCSale/txt_TaxAmount'

2022-04-18 12:34:30 - [MESSAGE][PASSED] - Text 'Charge Description' is set on object 'Object Repository/VLink/Page_CCSale/txt_ChargeDescription'

2022-04-18 12:34:31 - [MESSAGE][PASSED] - Text '147357' is set on object 'Object Repository/VLink/Page_CCSale/txt_CAN'

2022-04-18 12:34:31 - [MESSAGE][PASSED] - Text '1' is set on object 'Object Repository/VLink/Page_CCSale/txt_BillPaymentIndicator'

2022-04-18 12:34:32 - [MESSAGE][PASSED] - Text 'UDF Data 1' is set on object 'Object Repository/VLink/Page_CCSale/txt_UDF1'

2022-04-18 12:34:33 - [MESSAGE][PASSED] - Text 'UDF Data 2' is set on object 'Object Repository/VLink/Page_CCSale/txt_UDF2'

2022-04-18 12:34:33 - [MESSAGE][PASSED] - Text 'UDF Data 3' is set on object 'Object Repository/VLink/Page_CCSale/txt_UDF3'

2022-04-18 12:34:34 - [MESSAGE][PASSED] - Text 'UDF Data 4' is set on object 'Object Repository/VLink/Page_CCSale/txt_UDF4'

2022-04-18 12:34:35 - [MESSAGE][PASSED] - Text 'UDF Data 5' is set on object 'Object Repository/VLink/Page_CCSale/txt_UDF5'

2022-04-18 12:34:35 - [MESSAGE][PASSED] - Text 'UDF Data 6' is set on object 'Object Repository/VLink/Page_CCSale/txt_UDF6'

2022-04-18 12:34:36 - [MESSAGE][PASSED] - Text 'UDF Data 7' is set on object 'Object Repository/VLink/Page_CCSale/txt_UDF7'

2022-04-18 12:34:37 - [MESSAGE][PASSED] - Text 'UDF Data 8' is set on object 'Object Repository/VLink/Page_CCSale/txt_UDF8'

2022-04-18 12:34:37 - [MESSAGE][PASSED] - Text 'UDF Data 9' is set on object 'Object Repository/VLink/Page_CCSale/txt_UDF9'

2022-04-18 12:34:38 - [MESSAGE][PASSED] - Text 'UDF Data 10' is set on object 'Object Repository/VLink/Page_CCSale/txt_UDF10'

2022-04-18 12:34:39 - [MESSAGE][PASSED] - Text '' is set on object 'Object Repository/VLink/Page_CCSale/txt_CardOnFileIndicator'

2022-04-18 12:34:40 - [MESSAGE][PASSED] - Text '' is set on object 'Object Repository/VLink/Page_CCSale/txt_StoredCredentialIndicator'

2022-04-18 12:34:40 - [MESSAGE][PASSED] - Text '' is set on object 'Object Repository/VLink/Page_CCSale/txt_COFScheduledIndicator'

2022-04-18 12:34:41 - [MESSAGE][PASSED] - Text '' is set on object 'Object Repository/VLink/Page_CCSale/txt_COFTransactionInitiatedBy'

2022-04-18 12:34:44 - [MESSAGE][PASSED] - Object: 'Object Repository/VLink/Page_CCSale/btn_ProcessVLinkTransaction' is clicked on

2022-04-18 12:34:49 - [MESSAGE][PASSED] - vlinkPages.saleCCPage.setDataSCC is PASSED

2022-04-18 12:34:49 - [TEST_STEP][PASSED] - if (verifyTextPresent("Transaction approved, no errors", true)): null

2022-04-18 12:34:49 - [MESSAGE][PASSED] - Text 'Transaction approved, no errors' is present on page  using regular expression

2022-04-18 12:34:49 - [TEST_STEP][PASSED] - println("Transaction Approved, no errors text is present on the Confirmation page"): null

2022-04-18 12:34:49 - [TEST_STEP][PASSED] - out.println("Pass Record Number: " + row): null

2022-04-18 12:34:49 - [TEST_STEP][PASSED] - resText = "Pass": null

2022-04-18 12:34:49 - [TEST_STEP][PASSED] - pages.WriteExcel.demoKey(resText, datText, resColumn, datCloumn, fileLoc, nameSheet, row): pages.WriteExcel.demoKey is PASSED

2022-04-18 12:34:49 - [MESSAGE][PASSED] - pages.WriteExcel.demoKey is PASSED

2022-04-18 12:34:49 - [TEST_STEP][PASSED] - sdfo = getText(findTestObject("Object Repository/Page_VLinkReceipt/pre_STX")): Text of object 'Object Repository/Page_VLinkReceipt/pre_STX' is: '<STX>QjAg9qkAcZZP                  12114906            0  Transaction approved, no errors                   0                                                                                  X OK7014   <ETX>'

2022-04-18 12:34:49 - [MESSAGE][PASSED] - Text of object 'Object Repository/Page_VLinkReceipt/pre_STX' is: '<STX>QjAg9qkAcZZP                  12114906            0  Transaction approved, no errors                   0                                                                                  X OK7014   <ETX>'

2022-04-18 12:34:49 - [TEST_STEP][PASSED] - out.println("sdfo: " + sdfo): null

2022-04-18 12:34:49 - [TEST_STEP][PASSED] - remID = substring(5, 35).trim(): null

2022-04-18 12:34:49 - [TEST_STEP][PASSED] - out.println("Remittance ID: " + remID): null

2022-04-18 12:34:49 - [TEST_STEP][PASSED] - traxID = substring(35, 55).trim(): null

2022-04-18 12:34:49 - [TEST_STEP][PASSED] - out.println("Transaction ID: " + traxID): null

2022-04-18 12:34:49 - [TEST_STEP][PASSED] - out.println("End Record Number: " + row): null

2022-04-18 12:34:49 - [TEST_STEP][PASSED] - closeBrowser(): Browser is closed

2022-04-18 12:34:50 - [MESSAGE][PASSED] - Browser is closed

2022-04-18 12:34:50 - [TEST_STEP][PASSED] - ExecuteTC = findTestData(dataFile).getValue("Execute", row): null

2022-04-18 12:34:50 - [TEST_STEP][PASSED] - out.println("Value of Execute is : " + ExecuteTC): null

2022-04-18 12:34:50 - [TEST_STEP][PASSED] - if (ExecuteTC.equalsIgnoreCase("Y")): Browser is closed

2022-04-18 12:34:50 - [TEST_STEP][PASSED] - out.println("Begin Record Number: " + row): null

2022-04-18 12:34:50 - [TEST_STEP][PASSED] - today = new java.util.Date(): null

2022-04-18 12:34:50 - [TEST_STEP][PASSED] - println(today): null

2022-04-18 12:34:50 - [TEST_STEP][PASSED] - datText = today: null

2022-04-18 12:34:50 - [TEST_STEP][PASSED] - openBrowser(VLinkURL + "authcap.html"): Browser is opened with url: 'https://dev-algorithm.govolution.com/vlinktest/QA/version_2_0/authcap.html'

2022-04-18 12:34:50 - [MESSAGE][INFO] - Starting 'Chrome' driver

2022-04-18 12:34:50 - [MESSAGE][INFO] - User set preference: ['acceptInsecureCerts', 'true']

2022-04-18 12:34:50 - [MESSAGE][INFO] - Action delay is set to 0 milliseconds

2022-04-18 12:34:52 - [MESSAGE][PASSED] - Browser is opened with url: 'https://dev-algorithm.govolution.com/vlinktest/QA/version_2_0/authcap.html'

2022-04-18 12:34:52 - [TEST_STEP][PASSED] - maximizeWindow(): Current window maximized

2022-04-18 12:34:52 - [MESSAGE][PASSED] - Current window maximized

2022-04-18 12:34:52 - [TEST_STEP][PASSED] - vlinkPages.saleCCPage.setDataSCC(row, dataFile): vlinkPages.saleCCPage.setDataSCC is PASSED

2022-04-18 12:34:55 - [MESSAGE][PASSED] - Object 'Object Repository/VLink/Page_CCSale/txt_CardNumber' is present

2022-04-18 12:34:56 - [MESSAGE][PASSED] - Text '104' is set on object 'Object Repository/VLink/Page_CCSale/txt_TransactionType'

2022-04-18 12:34:56 - [MESSAGE][PASSED] - Text '2.0C' is set on object 'Object Repository/VLink/Page_CCSale/txt_MessageVersion'

2022-04-18 12:34:57 - [MESSAGE][PASSED] - Text 'WlYlFF80VnjF' is set on object 'Object Repository/VLink/Page_CCSale/txt_RemID'

2022-04-18 12:34:58 - [MESSAGE][PASSED] - Text '672' is set on object 'Object Repository/VLink/Page_CCSale/txt_ApplicationId'

2022-04-18 12:34:58 - [MESSAGE][PASSED] - Text 'username' is set on object 'Object Repository/VLink/Page_CCSale/txt_Username'

2022-04-18 12:34:59 - [MESSAGE][PASSED] - Text 'password' is set on object 'Object Repository/VLink/Page_CCSale/txt_Password'

2022-04-18 12:35:00 - [MESSAGE][PASSED] - Text 'fixed_width' is set on object 'Object Repository/VLink/Page_CCSale/txt_ResponseFormat'

2022-04-18 12:35:00 - [MESSAGE][PASSED] - Text 'MOTO' is set on object 'Object Repository/VLink/Page_CCSale/txt_Category'

2022-04-18 12:35:01 - [MESSAGE][PASSED] - Text '' is set on object 'Object Repository/VLink/Page_CCSale/txt_TransactionID'

2022-04-18 12:35:01 - [MESSAGE][PASSED] - Text '' is set on object 'Object Repository/VLink/Page_CCSale/txt_ApprovalCode'

2022-04-18 12:35:02 - [MESSAGE][PASSED] - Text 'Arvind Silva' is set on object 'Object Repository/VLink/Page_CCSale/txt_CardName'

2022-04-18 12:35:03 - [MESSAGE][PASSED] - Text '111 Main Ave' is set on object 'Object Repository/VLink/Page_CCSale/txt_AL1'

2022-04-18 12:35:03 - [MESSAGE][PASSED] - Text '' is set on object 'Object Repository/VLink/Page_CCSale/txt_AL2'

2022-04-18 12:35:04 - [MESSAGE][PASSED] - Text 'Arlington' is set on object 'Object Repository/VLink/Page_CCSale/txt_CardCity'

2022-04-18 12:35:05 - [MESSAGE][PASSED] - Text 'VA' is set on object 'Object Repository/VLink/Page_CCSale/txt_CardState'

2022-04-18 12:35:05 - [MESSAGE][PASSED] - Text '22201' is set on object 'Object Repository/VLink/Page_CCSale/txt_CardZIP'

2022-04-18 12:35:06 - [MESSAGE][PASSED] - Text '' is set on object 'Object Repository/VLink/Page_CCSale/txt_CountryID'

2022-04-18 12:35:07 - [MESSAGE][PASSED] - Text '2.50' is set on object 'Object Repository/VLink/Page_CCSale/txt_Amount'

2022-04-18 12:35:07 - [MESSAGE][PASSED] - Text '370000000000002' is set on object 'Object Repository/VLink/Page_CCSale/txt_CardNumber'

2022-04-18 12:35:08 - [MESSAGE][PASSED] - Text '01' is set on object 'Object Repository/VLink/Page_CCSale/txt_ExpMonth'

2022-04-18 12:35:09 - [MESSAGE][PASSED] - Text '2026' is set on object 'Object Repository/VLink/Page_CCSale/txt_ExpYear'

2022-04-18 12:35:09 - [MESSAGE][PASSED] - Text '' is set on object 'Object Repository/VLink/Page_CCSale/txt_CVV'

2022-04-18 12:35:10 - [MESSAGE][PASSED] - Text '' is set on object 'Object Repository/VLink/Page_CCSale/txt_CVVstate'

2022-04-18 12:35:11 - [MESSAGE][PASSED] - Text '' is set on object 'Object Repository/VLink/Page_CCSale/txt_TrackData'

2022-04-18 12:35:11 - [MESSAGE][PASSED] - Text '' is set on object 'Object Repository/VLink/Page_CCSale/txt_Track1Data'

2022-04-18 12:35:12 - [MESSAGE][PASSED] - Text '' is set on object 'Object Repository/VLink/Page_CCSale/txt_Track2Data'

2022-04-18 12:35:13 - [MESSAGE][PASSED] - Text 'manual' is set on object 'Object Repository/VLink/Page_CCSale/txt_POSEntryMode'

2022-04-18 12:35:13 - [MESSAGE][PASSED] - Text '' is set on object 'Object Repository/VLink/Page_CCSale/txt_Email'

2022-04-18 12:35:14 - [MESSAGE][PASSED] - Text '' is set on object 'Object Repository/VLink/Page_CCSale/txt_OrderNumber'

2022-04-18 12:35:15 - [MESSAGE][PASSED] - Text '' is set on object 'Object Repository/VLink/Page_CCSale/txt_TaxAmount'

2022-04-18 12:35:15 - [MESSAGE][PASSED] - Text '' is set on object 'Object Repository/VLink/Page_CCSale/txt_ChargeDescription'

2022-04-18 12:35:16 - [MESSAGE][PASSED] - Text '' is set on object 'Object Repository/VLink/Page_CCSale/txt_CAN'

2022-04-18 12:35:17 - [MESSAGE][PASSED] - Text '' is set on object 'Object Repository/VLink/Page_CCSale/txt_BillPaymentIndicator'

2022-04-18 12:35:18 - [MESSAGE][PASSED] - Text '' is set on object 'Object Repository/VLink/Page_CCSale/txt_UDF1'

2022-04-18 12:35:18 - [MESSAGE][PASSED] - Text '' is set on object 'Object Repository/VLink/Page_CCSale/txt_UDF2'

2022-04-18 12:35:19 - [MESSAGE][PASSED] - Text '' is set on object 'Object Repository/VLink/Page_CCSale/txt_UDF3'

2022-04-18 12:35:20 - [MESSAGE][PASSED] - Text '' is set on object 'Object Repository/VLink/Page_CCSale/txt_UDF4'

2022-04-18 12:35:20 - [MESSAGE][PASSED] - Text '' is set on object 'Object Repository/VLink/Page_CCSale/txt_UDF5'

2022-04-18 12:35:21 - [MESSAGE][PASSED] - Text '' is set on object 'Object Repository/VLink/Page_CCSale/txt_UDF6'

2022-04-18 12:35:22 - [MESSAGE][PASSED] - Text '' is set on object 'Object Repository/VLink/Page_CCSale/txt_UDF7'

2022-04-18 12:35:22 - [MESSAGE][PASSED] - Text '' is set on object 'Object Repository/VLink/Page_CCSale/txt_UDF8'

2022-04-18 12:35:23 - [MESSAGE][PASSED] - Text '' is set on object 'Object Repository/VLink/Page_CCSale/txt_UDF9'

2022-04-18 12:35:24 - [MESSAGE][PASSED] - Text '' is set on object 'Object Repository/VLink/Page_CCSale/txt_UDF10'

2022-04-18 12:35:24 - [MESSAGE][PASSED] - Text '' is set on object 'Object Repository/VLink/Page_CCSale/txt_CardOnFileIndicator'

2022-04-18 12:35:25 - [MESSAGE][PASSED] - Text '' is set on object 'Object Repository/VLink/Page_CCSale/txt_StoredCredentialIndicator'

2022-04-18 12:35:26 - [MESSAGE][PASSED] - Text '' is set on object 'Object Repository/VLink/Page_CCSale/txt_COFScheduledIndicator'

2022-04-18 12:35:26 - [MESSAGE][PASSED] - Text '' is set on object 'Object Repository/VLink/Page_CCSale/txt_COFTransactionInitiatedBy'

2022-04-18 12:35:29 - [MESSAGE][PASSED] - Object: 'Object Repository/VLink/Page_CCSale/btn_ProcessVLinkTransaction' is clicked on

2022-04-18 12:35:34 - [MESSAGE][PASSED] - vlinkPages.saleCCPage.setDataSCC is PASSED

2022-04-18 12:35:34 - [TEST_STEP][PASSED] - if (verifyTextPresent("Transaction approved, no errors", true)): null

2022-04-18 12:35:34 - [MESSAGE][PASSED] - Text 'Transaction approved, no errors' is present on page  using regular expression

2022-04-18 12:35:34 - [TEST_STEP][PASSED] - println("Transaction Approved, no errors text is present on the Confirmation page"): null

2022-04-18 12:35:34 - [TEST_STEP][PASSED] - out.println("Pass Record Number: " + row): null

2022-04-18 12:35:34 - [TEST_STEP][PASSED] - resText = "Pass": null

2022-04-18 12:35:34 - [TEST_STEP][PASSED] - pages.WriteExcel.demoKey(resText, datText, resColumn, datCloumn, fileLoc, nameSheet, row): pages.WriteExcel.demoKey is PASSED

2022-04-18 12:35:34 - [MESSAGE][PASSED] - pages.WriteExcel.demoKey is PASSED

2022-04-18 12:35:34 - [TEST_STEP][PASSED] - sdfo = getText(findTestObject("Object Repository/Page_VLinkReceipt/pre_STX")): Text of object 'Object Repository/Page_VLinkReceipt/pre_STX' is: '<STX>WlYlFF80VnjF                  12114907            0  Transaction approved, no errors                   0                                                                                  X OK7504   <ETX>'

2022-04-18 12:35:35 - [MESSAGE][PASSED] - Text of object 'Object Repository/Page_VLinkReceipt/pre_STX' is: '<STX>WlYlFF80VnjF                  12114907            0  Transaction approved, no errors                   0                                                                                  X OK7504   <ETX>'

2022-04-18 12:35:35 - [TEST_STEP][PASSED] - out.println("sdfo: " + sdfo): null

2022-04-18 12:35:35 - [TEST_STEP][PASSED] - remID = substring(5, 35).trim(): null

2022-04-18 12:35:35 - [TEST_STEP][PASSED] - out.println("Remittance ID: " + remID): null

2022-04-18 12:35:35 - [TEST_STEP][PASSED] - traxID = substring(35, 55).trim(): null

2022-04-18 12:35:35 - [TEST_STEP][PASSED] - out.println("Transaction ID: " + traxID): null

2022-04-18 12:35:35 - [TEST_STEP][PASSED] - out.println("End Record Number: " + row): null

2022-04-18 12:35:35 - [TEST_STEP][PASSED] - closeBrowser(): Browser is closed

2022-04-18 12:35:35 - [MESSAGE][PASSED] - Browser is closed

2022-04-18 12:35:35 - [TEST_STEP][PASSED] - ExecuteTC = findTestData(dataFile).getValue("Execute", row): null

2022-04-18 12:35:35 - [TEST_STEP][PASSED] - out.println("Value of Execute is : " + ExecuteTC): null

2022-04-18 12:35:35 - [TEST_STEP][PASSED] - if (ExecuteTC.equalsIgnoreCase("Y")): Browser is closed

2022-04-18 12:35:35 - [TEST_STEP][PASSED] - out.println("Begin Record Number: " + row): null

2022-04-18 12:35:35 - [TEST_STEP][PASSED] - today = new java.util.Date(): null

2022-04-18 12:35:35 - [TEST_STEP][PASSED] - println(today): null

2022-04-18 12:35:35 - [TEST_STEP][PASSED] - datText = today: null

2022-04-18 12:35:35 - [TEST_STEP][PASSED] - openBrowser(VLinkURL + "authcap.html"): Browser is opened with url: 'https://dev-algorithm.govolution.com/vlinktest/QA/version_2_0/authcap.html'

2022-04-18 12:35:35 - [MESSAGE][INFO] - Starting 'Chrome' driver

2022-04-18 12:35:35 - [MESSAGE][INFO] - User set preference: ['acceptInsecureCerts', 'true']

2022-04-18 12:35:35 - [MESSAGE][INFO] - Action delay is set to 0 milliseconds

2022-04-18 12:35:37 - [MESSAGE][PASSED] - Browser is opened with url: 'https://dev-algorithm.govolution.com/vlinktest/QA/version_2_0/authcap.html'

2022-04-18 12:35:37 - [TEST_STEP][PASSED] - maximizeWindow(): Current window maximized

2022-04-18 12:35:38 - [MESSAGE][PASSED] - Current window maximized

2022-04-18 12:35:38 - [TEST_STEP][PASSED] - vlinkPages.saleCCPage.setDataSCC(row, dataFile): vlinkPages.saleCCPage.setDataSCC is PASSED

2022-04-18 12:35:40 - [MESSAGE][PASSED] - Object 'Object Repository/VLink/Page_CCSale/txt_CardNumber' is present

2022-04-18 12:35:41 - [MESSAGE][PASSED] - Text '104' is set on object 'Object Repository/VLink/Page_CCSale/txt_TransactionType'

2022-04-18 12:35:42 - [MESSAGE][PASSED] - Text '2.0C' is set on object 'Object Repository/VLink/Page_CCSale/txt_MessageVersion'

2022-04-18 12:35:42 - [MESSAGE][PASSED] - Text 'SwutjAu6FWJ1' is set on object 'Object Repository/VLink/Page_CCSale/txt_RemID'

2022-04-18 12:35:43 - [MESSAGE][PASSED] - Text '677' is set on object 'Object Repository/VLink/Page_CCSale/txt_ApplicationId'

2022-04-18 12:35:43 - [MESSAGE][PASSED] - Text 'username' is set on object 'Object Repository/VLink/Page_CCSale/txt_Username'

2022-04-18 12:35:44 - [MESSAGE][PASSED] - Text 'password' is set on object 'Object Repository/VLink/Page_CCSale/txt_Password'

2022-04-18 12:35:45 - [MESSAGE][PASSED] - Text 'fixed_width' is set on object 'Object Repository/VLink/Page_CCSale/txt_ResponseFormat'

2022-04-18 12:35:45 - [MESSAGE][PASSED] - Text 'MOTO' is set on object 'Object Repository/VLink/Page_CCSale/txt_Category'

2022-04-18 12:35:46 - [MESSAGE][PASSED] - Text '' is set on object 'Object Repository/VLink/Page_CCSale/txt_TransactionID'

2022-04-18 12:35:47 - [MESSAGE][PASSED] - Text '' is set on object 'Object Repository/VLink/Page_CCSale/txt_ApprovalCode'

2022-04-18 12:35:47 - [MESSAGE][PASSED] - Text 'Roshan Maha' is set on object 'Object Repository/VLink/Page_CCSale/txt_CardName'

2022-04-18 12:35:48 - [MESSAGE][PASSED] - Text '12563 Bazaar road' is set on object 'Object Repository/VLink/Page_CCSale/txt_AL1'

2022-04-18 12:35:49 - [MESSAGE][PASSED] - Text '' is set on object 'Object Repository/VLink/Page_CCSale/txt_AL2'

2022-04-18 12:35:49 - [MESSAGE][PASSED] - Text 'Crofton' is set on object 'Object Repository/VLink/Page_CCSale/txt_CardCity'

2022-04-18 12:35:50 - [MESSAGE][PASSED] - Text 'MD' is set on object 'Object Repository/VLink/Page_CCSale/txt_CardState'

2022-04-18 12:35:51 - [MESSAGE][PASSED] - Text '21114' is set on object 'Object Repository/VLink/Page_CCSale/txt_CardZIP'

2022-04-18 12:35:51 - [MESSAGE][PASSED] - Text '' is set on object 'Object Repository/VLink/Page_CCSale/txt_CountryID'

2022-04-18 12:35:52 - [MESSAGE][PASSED] - Text '3.50' is set on object 'Object Repository/VLink/Page_CCSale/txt_Amount'

2022-04-18 12:35:53 - [MESSAGE][PASSED] - Text '370000000000002' is set on object 'Object Repository/VLink/Page_CCSale/txt_CardNumber'

2022-04-18 12:35:54 - [MESSAGE][PASSED] - Text '01' is set on object 'Object Repository/VLink/Page_CCSale/txt_ExpMonth'

2022-04-18 12:35:54 - [MESSAGE][PASSED] - Text '2026' is set on object 'Object Repository/VLink/Page_CCSale/txt_ExpYear'

2022-04-18 12:35:55 - [MESSAGE][PASSED] - Text '' is set on object 'Object Repository/VLink/Page_CCSale/txt_CVV'

2022-04-18 12:35:56 - [MESSAGE][PASSED] - Text '' is set on object 'Object Repository/VLink/Page_CCSale/txt_CVVstate'

2022-04-18 12:35:56 - [MESSAGE][PASSED] - Text '' is set on object 'Object Repository/VLink/Page_CCSale/txt_TrackData'

2022-04-18 12:35:57 - [MESSAGE][PASSED] - Text '' is set on object 'Object Repository/VLink/Page_CCSale/txt_Track1Data'

2022-04-18 12:35:58 - [MESSAGE][PASSED] - Text '' is set on object 'Object Repository/VLink/Page_CCSale/txt_Track2Data'

2022-04-18 12:35:58 - [MESSAGE][PASSED] - Text 'manual' is set on object 'Object Repository/VLink/Page_CCSale/txt_POSEntryMode'

2022-04-18 12:35:59 - [MESSAGE][PASSED] - Text '' is set on object 'Object Repository/VLink/Page_CCSale/txt_Email'

2022-04-18 12:36:00 - [MESSAGE][PASSED] - Text '' is set on object 'Object Repository/VLink/Page_CCSale/txt_OrderNumber'

2022-04-18 12:36:00 - [MESSAGE][PASSED] - Text '' is set on object 'Object Repository/VLink/Page_CCSale/txt_TaxAmount'

2022-04-18 12:36:01 - [MESSAGE][PASSED] - Text '' is set on object 'Object Repository/VLink/Page_CCSale/txt_ChargeDescription'

2022-04-18 12:36:02 - [MESSAGE][PASSED] - Text '' is set on object 'Object Repository/VLink/Page_CCSale/txt_CAN'

2022-04-18 12:36:02 - [MESSAGE][PASSED] - Text '' is set on object 'Object Repository/VLink/Page_CCSale/txt_BillPaymentIndicator'

2022-04-18 12:36:03 - [MESSAGE][PASSED] - Text '' is set on object 'Object Repository/VLink/Page_CCSale/txt_UDF1'

2022-04-18 12:36:04 - [MESSAGE][PASSED] - Text '' is set on object 'Object Repository/VLink/Page_CCSale/txt_UDF2'

2022-04-18 12:36:04 - [MESSAGE][PASSED] - Text '' is set on object 'Object Repository/VLink/Page_CCSale/txt_UDF3'

2022-04-18 12:36:05 - [MESSAGE][PASSED] - Text '' is set on object 'Object Repository/VLink/Page_CCSale/txt_UDF4'

2022-04-18 12:36:06 - [MESSAGE][PASSED] - Text '' is set on object 'Object Repository/VLink/Page_CCSale/txt_UDF5'

2022-04-18 12:36:07 - [MESSAGE][PASSED] - Text '' is set on object 'Object Repository/VLink/Page_CCSale/txt_UDF6'

2022-04-18 12:36:07 - [MESSAGE][PASSED] - Text '' is set on object 'Object Repository/VLink/Page_CCSale/txt_UDF7'

2022-04-18 12:36:08 - [MESSAGE][PASSED] - Text '' is set on object 'Object Repository/VLink/Page_CCSale/txt_UDF8'

2022-04-18 12:36:09 - [MESSAGE][PASSED] - Text '' is set on object 'Object Repository/VLink/Page_CCSale/txt_UDF9'

2022-04-18 12:36:09 - [MESSAGE][PASSED] - Text '' is set on object 'Object Repository/VLink/Page_CCSale/txt_UDF10'

2022-04-18 12:36:10 - [MESSAGE][PASSED] - Text '' is set on object 'Object Repository/VLink/Page_CCSale/txt_CardOnFileIndicator'

2022-04-18 12:36:11 - [MESSAGE][PASSED] - Text '' is set on object 'Object Repository/VLink/Page_CCSale/txt_StoredCredentialIndicator'

2022-04-18 12:36:11 - [MESSAGE][PASSED] - Text '' is set on object 'Object Repository/VLink/Page_CCSale/txt_COFScheduledIndicator'

2022-04-18 12:36:12 - [MESSAGE][PASSED] - Text '' is set on object 'Object Repository/VLink/Page_CCSale/txt_COFTransactionInitiatedBy'

2022-04-18 12:36:15 - [MESSAGE][PASSED] - Object: 'Object Repository/VLink/Page_CCSale/btn_ProcessVLinkTransaction' is clicked on

2022-04-18 12:36:20 - [MESSAGE][PASSED] - vlinkPages.saleCCPage.setDataSCC is PASSED

2022-04-18 12:36:20 - [TEST_STEP][PASSED] - if (verifyTextPresent("Transaction approved, no errors", true)): null

2022-04-18 12:36:21 - [MESSAGE][PASSED] - Text 'Transaction approved, no errors' is present on page  using regular expression

2022-04-18 12:36:21 - [TEST_STEP][PASSED] - println("Transaction Approved, no errors text is present on the Confirmation page"): null

2022-04-18 12:36:21 - [TEST_STEP][PASSED] - out.println("Pass Record Number: " + row): null

2022-04-18 12:36:21 - [TEST_STEP][PASSED] - resText = "Pass": null

2022-04-18 12:36:21 - [TEST_STEP][PASSED] - pages.WriteExcel.demoKey(resText, datText, resColumn, datCloumn, fileLoc, nameSheet, row): pages.WriteExcel.demoKey is PASSED

2022-04-18 12:36:21 - [MESSAGE][PASSED] - pages.WriteExcel.demoKey is PASSED

2022-04-18 12:36:21 - [TEST_STEP][PASSED] - sdfo = getText(findTestObject("Object Repository/Page_VLinkReceipt/pre_STX")): Text of object 'Object Repository/Page_VLinkReceipt/pre_STX' is: '<STX>SwutjAu6FWJ1                  12114908            0  Transaction approved, no errors                   0                                                                                  X OK8164   <ETX>'

2022-04-18 12:36:21 - [MESSAGE][PASSED] - Text of object 'Object Repository/Page_VLinkReceipt/pre_STX' is: '<STX>SwutjAu6FWJ1                  12114908            0  Transaction approved, no errors                   0                                                                                  X OK8164   <ETX>'

2022-04-18 12:36:21 - [TEST_STEP][PASSED] - out.println("sdfo: " + sdfo): null

2022-04-18 12:36:21 - [TEST_STEP][PASSED] - remID = substring(5, 35).trim(): null

2022-04-18 12:36:21 - [TEST_STEP][PASSED] - out.println("Remittance ID: " + remID): null

2022-04-18 12:36:21 - [TEST_STEP][PASSED] - traxID = substring(35, 55).trim(): null

2022-04-18 12:36:21 - [TEST_STEP][PASSED] - out.println("Transaction ID: " + traxID): null

2022-04-18 12:36:21 - [TEST_STEP][PASSED] - out.println("End Record Number: " + row): null

2022-04-18 12:36:21 - [TEST_STEP][PASSED] - closeBrowser(): Browser is closed

2022-04-18 12:36:22 - [MESSAGE][PASSED] - Browser is closed

2022-04-18 12:36:22 - [TEST_STEP][PASSED] - ExecuteTC = findTestData(dataFile).getValue("Execute", row): null

2022-04-18 12:36:22 - [TEST_STEP][PASSED] - out.println("Value of Execute is : " + ExecuteTC): null

2022-04-18 12:36:22 - [TEST_STEP][PASSED] - if (ExecuteTC.equalsIgnoreCase("Y")): Browser is closed

2022-04-18 12:36:22 - [TEST_STEP][PASSED] - out.println("Begin Record Number: " + row): null

2022-04-18 12:36:22 - [TEST_STEP][PASSED] - today = new java.util.Date(): null

2022-04-18 12:36:22 - [TEST_STEP][PASSED] - println(today): null

2022-04-18 12:36:22 - [TEST_STEP][PASSED] - datText = today: null

2022-04-18 12:36:22 - [TEST_STEP][PASSED] - openBrowser(VLinkURL + "authcap.html"): Browser is opened with url: 'https://dev-algorithm.govolution.com/vlinktest/QA/version_2_0/authcap.html'

2022-04-18 12:36:22 - [MESSAGE][INFO] - Starting 'Chrome' driver

2022-04-18 12:36:22 - [MESSAGE][INFO] - User set preference: ['acceptInsecureCerts', 'true']

2022-04-18 12:36:22 - [MESSAGE][INFO] - Action delay is set to 0 milliseconds

2022-04-18 12:36:24 - [MESSAGE][PASSED] - Browser is opened with url: 'https://dev-algorithm.govolution.com/vlinktest/QA/version_2_0/authcap.html'

2022-04-18 12:36:24 - [TEST_STEP][PASSED] - maximizeWindow(): Current window maximized

2022-04-18 12:36:24 - [MESSAGE][PASSED] - Current window maximized

2022-04-18 12:36:24 - [TEST_STEP][PASSED] - vlinkPages.saleCCPage.setDataSCC(row, dataFile): vlinkPages.saleCCPage.setDataSCC is PASSED

2022-04-18 12:36:27 - [MESSAGE][PASSED] - Object 'Object Repository/VLink/Page_CCSale/txt_CardNumber' is present

2022-04-18 12:36:27 - [MESSAGE][PASSED] - Text '104' is set on object 'Object Repository/VLink/Page_CCSale/txt_TransactionType'

2022-04-18 12:36:28 - [MESSAGE][PASSED] - Text '2.0C' is set on object 'Object Repository/VLink/Page_CCSale/txt_MessageVersion'

2022-04-18 12:36:29 - [MESSAGE][PASSED] - Text '1zlnRG1gm08H' is set on object 'Object Repository/VLink/Page_CCSale/txt_RemID'

2022-04-18 12:36:29 - [MESSAGE][PASSED] - Text '665' is set on object 'Object Repository/VLink/Page_CCSale/txt_ApplicationId'

2022-04-18 12:36:30 - [MESSAGE][PASSED] - Text 'username' is set on object 'Object Repository/VLink/Page_CCSale/txt_Username'

2022-04-18 12:36:30 - [MESSAGE][PASSED] - Text 'password' is set on object 'Object Repository/VLink/Page_CCSale/txt_Password'

2022-04-18 12:36:31 - [MESSAGE][PASSED] - Text 'fixed_width' is set on object 'Object Repository/VLink/Page_CCSale/txt_ResponseFormat'

2022-04-18 12:36:32 - [MESSAGE][PASSED] - Text 'MOTO' is set on object 'Object Repository/VLink/Page_CCSale/txt_Category'

2022-04-18 12:36:32 - [MESSAGE][PASSED] - Text '' is set on object 'Object Repository/VLink/Page_CCSale/txt_TransactionID'

2022-04-18 12:36:33 - [MESSAGE][PASSED] - Text '' is set on object 'Object Repository/VLink/Page_CCSale/txt_ApprovalCode'

2022-04-18 12:36:34 - [MESSAGE][PASSED] - Text 'Kris Roshan' is set on object 'Object Repository/VLink/Page_CCSale/txt_CardName'

2022-04-18 12:36:34 - [MESSAGE][PASSED] - Text '258 Elm Road' is set on object 'Object Repository/VLink/Page_CCSale/txt_AL1'

2022-04-18 12:36:35 - [MESSAGE][PASSED] - Text 'Suite 56' is set on object 'Object Repository/VLink/Page_CCSale/txt_AL2'

2022-04-18 12:36:36 - [MESSAGE][PASSED] - Text 'Arlington' is set on object 'Object Repository/VLink/Page_CCSale/txt_CardCity'

2022-04-18 12:36:37 - [MESSAGE][PASSED] - Text 'VA' is set on object 'Object Repository/VLink/Page_CCSale/txt_CardState'

2022-04-18 12:36:37 - [MESSAGE][PASSED] - Text '22201' is set on object 'Object Repository/VLink/Page_CCSale/txt_CardZIP'

2022-04-18 12:36:38 - [MESSAGE][PASSED] - Text '840' is set on object 'Object Repository/VLink/Page_CCSale/txt_CountryID'

2022-04-18 12:36:39 - [MESSAGE][PASSED] - Text '1.50' is set on object 'Object Repository/VLink/Page_CCSale/txt_Amount'

2022-04-18 12:36:39 - [MESSAGE][PASSED] - Text '6011000000000004' is set on object 'Object Repository/VLink/Page_CCSale/txt_CardNumber'

2022-04-18 12:36:40 - [MESSAGE][PASSED] - Text '12' is set on object 'Object Repository/VLink/Page_CCSale/txt_ExpMonth'

2022-04-18 12:36:41 - [MESSAGE][PASSED] - Text '2025' is set on object 'Object Repository/VLink/Page_CCSale/txt_ExpYear'

2022-04-18 12:36:41 - [MESSAGE][PASSED] - Text '' is set on object 'Object Repository/VLink/Page_CCSale/txt_CVV'

2022-04-18 12:36:42 - [MESSAGE][PASSED] - Text '' is set on object 'Object Repository/VLink/Page_CCSale/txt_CVVstate'

2022-04-18 12:36:43 - [MESSAGE][PASSED] - Text '' is set on object 'Object Repository/VLink/Page_CCSale/txt_TrackData'

2022-04-18 12:36:44 - [MESSAGE][PASSED] - Text '' is set on object 'Object Repository/VLink/Page_CCSale/txt_Track1Data'

2022-04-18 12:36:44 - [MESSAGE][PASSED] - Text '' is set on object 'Object Repository/VLink/Page_CCSale/txt_Track2Data'

2022-04-18 12:36:45 - [MESSAGE][PASSED] - Text 'manual' is set on object 'Object Repository/VLink/Page_CCSale/txt_POSEntryMode'

2022-04-18 12:36:46 - [MESSAGE][PASSED] - Text 'iahmed@govolution.com' is set on object 'Object Repository/VLink/Page_CCSale/txt_Email'

2022-04-18 12:36:46 - [MESSAGE][PASSED] - Text '2569362' is set on object 'Object Repository/VLink/Page_CCSale/txt_OrderNumber'

2022-04-18 12:36:47 - [MESSAGE][PASSED] - Text '1.15' is set on object 'Object Repository/VLink/Page_CCSale/txt_TaxAmount'

2022-04-18 12:36:48 - [MESSAGE][PASSED] - Text 'Charge Description' is set on object 'Object Repository/VLink/Page_CCSale/txt_ChargeDescription'

2022-04-18 12:36:49 - [MESSAGE][PASSED] - Text '147357' is set on object 'Object Repository/VLink/Page_CCSale/txt_CAN'

2022-04-18 12:36:49 - [MESSAGE][PASSED] - Text '1' is set on object 'Object Repository/VLink/Page_CCSale/txt_BillPaymentIndicator'

2022-04-18 12:36:50 - [MESSAGE][PASSED] - Text 'UDF Data 1' is set on object 'Object Repository/VLink/Page_CCSale/txt_UDF1'

2022-04-18 12:36:51 - [MESSAGE][PASSED] - Text 'UDF Data 2' is set on object 'Object Repository/VLink/Page_CCSale/txt_UDF2'

2022-04-18 12:36:51 - [MESSAGE][PASSED] - Text 'UDF Data 3' is set on object 'Object Repository/VLink/Page_CCSale/txt_UDF3'

2022-04-18 12:36:52 - [MESSAGE][PASSED] - Text 'UDF Data 4' is set on object 'Object Repository/VLink/Page_CCSale/txt_UDF4'

2022-04-18 12:36:53 - [MESSAGE][PASSED] - Text 'UDF Data 5' is set on object 'Object Repository/VLink/Page_CCSale/txt_UDF5'

2022-04-18 12:36:53 - [MESSAGE][PASSED] - Text 'UDF Data 6' is set on object 'Object Repository/VLink/Page_CCSale/txt_UDF6'

2022-04-18 12:36:54 - [MESSAGE][PASSED] - Text 'UDF Data 7' is set on object 'Object Repository/VLink/Page_CCSale/txt_UDF7'

2022-04-18 12:36:55 - [MESSAGE][PASSED] - Text 'UDF Data 8' is set on object 'Object Repository/VLink/Page_CCSale/txt_UDF8'

2022-04-18 12:36:56 - [MESSAGE][PASSED] - Text 'UDF Data 9' is set on object 'Object Repository/VLink/Page_CCSale/txt_UDF9'

2022-04-18 12:36:56 - [MESSAGE][PASSED] - Text 'UDF Data 10' is set on object 'Object Repository/VLink/Page_CCSale/txt_UDF10'

2022-04-18 12:36:57 - [MESSAGE][PASSED] - Text '' is set on object 'Object Repository/VLink/Page_CCSale/txt_CardOnFileIndicator'

2022-04-18 12:36:58 - [MESSAGE][PASSED] - Text '' is set on object 'Object Repository/VLink/Page_CCSale/txt_StoredCredentialIndicator'

2022-04-18 12:36:58 - [MESSAGE][PASSED] - Text '' is set on object 'Object Repository/VLink/Page_CCSale/txt_COFScheduledIndicator'

2022-04-18 12:36:59 - [MESSAGE][PASSED] - Text '' is set on object 'Object Repository/VLink/Page_CCSale/txt_COFTransactionInitiatedBy'

2022-04-18 12:37:02 - [MESSAGE][PASSED] - Object: 'Object Repository/VLink/Page_CCSale/btn_ProcessVLinkTransaction' is clicked on

2022-04-18 12:37:07 - [MESSAGE][PASSED] - vlinkPages.saleCCPage.setDataSCC is PASSED

2022-04-18 12:37:07 - [TEST_STEP][PASSED] - if (verifyTextPresent("Transaction approved, no errors", true)): null

2022-04-18 12:37:07 - [MESSAGE][PASSED] - Text 'Transaction approved, no errors' is present on page  using regular expression

2022-04-18 12:37:07 - [TEST_STEP][PASSED] - println("Transaction Approved, no errors text is present on the Confirmation page"): null

2022-04-18 12:37:07 - [TEST_STEP][PASSED] - out.println("Pass Record Number: " + row): null

2022-04-18 12:37:07 - [TEST_STEP][PASSED] - resText = "Pass": null

2022-04-18 12:37:07 - [TEST_STEP][PASSED] - pages.WriteExcel.demoKey(resText, datText, resColumn, datCloumn, fileLoc, nameSheet, row): pages.WriteExcel.demoKey is PASSED

2022-04-18 12:37:07 - [MESSAGE][PASSED] - pages.WriteExcel.demoKey is PASSED

2022-04-18 12:37:07 - [TEST_STEP][PASSED] - sdfo = getText(findTestObject("Object Repository/Page_VLinkReceipt/pre_STX")): Text of object 'Object Repository/Page_VLinkReceipt/pre_STX' is: '<STX>1zlnRG1gm08H                  12114910            0  Transaction approved, no errors                   0                                                                                  XXOK9024   <ETX>'

2022-04-18 12:37:07 - [MESSAGE][PASSED] - Text of object 'Object Repository/Page_VLinkReceipt/pre_STX' is: '<STX>1zlnRG1gm08H                  12114910            0  Transaction approved, no errors                   0                                                                                  XXOK9024   <ETX>'

2022-04-18 12:37:07 - [TEST_STEP][PASSED] - out.println("sdfo: " + sdfo): null

2022-04-18 12:37:07 - [TEST_STEP][PASSED] - remID = substring(5, 35).trim(): null

2022-04-18 12:37:07 - [TEST_STEP][PASSED] - out.println("Remittance ID: " + remID): null

2022-04-18 12:37:07 - [TEST_STEP][PASSED] - traxID = substring(35, 55).trim(): null

2022-04-18 12:37:07 - [TEST_STEP][PASSED] - out.println("Transaction ID: " + traxID): null

2022-04-18 12:37:07 - [TEST_STEP][PASSED] - out.println("End Record Number: " + row): null

2022-04-18 12:37:07 - [TEST_STEP][PASSED] - closeBrowser(): Browser is closed

2022-04-18 12:37:08 - [MESSAGE][PASSED] - Browser is closed

2022-04-18 12:37:08 - [TEST_STEP][PASSED] - ExecuteTC = findTestData(dataFile).getValue("Execute", row): null

2022-04-18 12:37:08 - [TEST_STEP][PASSED] - out.println("Value of Execute is : " + ExecuteTC): null

2022-04-18 12:37:08 - [TEST_STEP][PASSED] - if (ExecuteTC.equalsIgnoreCase("Y")): Browser is closed

2022-04-18 12:37:08 - [TEST_STEP][PASSED] - out.println("Begin Record Number: " + row): null

2022-04-18 12:37:08 - [TEST_STEP][PASSED] - today = new java.util.Date(): null

2022-04-18 12:37:08 - [TEST_STEP][PASSED] - println(today): null

2022-04-18 12:37:08 - [TEST_STEP][PASSED] - datText = today: null

2022-04-18 12:37:08 - [TEST_STEP][PASSED] - openBrowser(VLinkURL + "authcap.html"): Browser is opened with url: 'https://dev-algorithm.govolution.com/vlinktest/QA/version_2_0/authcap.html'

2022-04-18 12:37:08 - [MESSAGE][INFO] - Starting 'Chrome' driver

2022-04-18 12:37:08 - [MESSAGE][INFO] - User set preference: ['acceptInsecureCerts', 'true']

2022-04-18 12:37:08 - [MESSAGE][INFO] - Action delay is set to 0 milliseconds

2022-04-18 12:37:10 - [MESSAGE][PASSED] - Browser is opened with url: 'https://dev-algorithm.govolution.com/vlinktest/QA/version_2_0/authcap.html'

2022-04-18 12:37:10 - [TEST_STEP][PASSED] - maximizeWindow(): Current window maximized

2022-04-18 12:37:10 - [MESSAGE][PASSED] - Current window maximized

2022-04-18 12:37:10 - [TEST_STEP][PASSED] - vlinkPages.saleCCPage.setDataSCC(row, dataFile): vlinkPages.saleCCPage.setDataSCC is PASSED

2022-04-18 12:37:13 - [MESSAGE][PASSED] - Object 'Object Repository/VLink/Page_CCSale/txt_CardNumber' is present

2022-04-18 12:37:14 - [MESSAGE][PASSED] - Text '104' is set on object 'Object Repository/VLink/Page_CCSale/txt_TransactionType'

2022-04-18 12:37:14 - [MESSAGE][PASSED] - Text '2.0C' is set on object 'Object Repository/VLink/Page_CCSale/txt_MessageVersion'

2022-04-18 12:37:15 - [MESSAGE][PASSED] - Text 'rXgeE5TGuzU9' is set on object 'Object Repository/VLink/Page_CCSale/txt_RemID'

2022-04-18 12:37:16 - [MESSAGE][PASSED] - Text '672' is set on object 'Object Repository/VLink/Page_CCSale/txt_ApplicationId'

2022-04-18 12:37:16 - [MESSAGE][PASSED] - Text 'username' is set on object 'Object Repository/VLink/Page_CCSale/txt_Username'

2022-04-18 12:37:17 - [MESSAGE][PASSED] - Text 'password' is set on object 'Object Repository/VLink/Page_CCSale/txt_Password'

2022-04-18 12:37:17 - [MESSAGE][PASSED] - Text 'fixed_width' is set on object 'Object Repository/VLink/Page_CCSale/txt_ResponseFormat'

2022-04-18 12:37:18 - [MESSAGE][PASSED] - Text 'MOTO' is set on object 'Object Repository/VLink/Page_CCSale/txt_Category'

2022-04-18 12:37:19 - [MESSAGE][PASSED] - Text '' is set on object 'Object Repository/VLink/Page_CCSale/txt_TransactionID'

2022-04-18 12:37:19 - [MESSAGE][PASSED] - Text '' is set on object 'Object Repository/VLink/Page_CCSale/txt_ApprovalCode'

2022-04-18 12:37:20 - [MESSAGE][PASSED] - Text 'Arvind Silva' is set on object 'Object Repository/VLink/Page_CCSale/txt_CardName'

2022-04-18 12:37:21 - [MESSAGE][PASSED] - Text '111 Main Ave' is set on object 'Object Repository/VLink/Page_CCSale/txt_AL1'

2022-04-18 12:37:21 - [MESSAGE][PASSED] - Text '' is set on object 'Object Repository/VLink/Page_CCSale/txt_AL2'

2022-04-18 12:37:22 - [MESSAGE][PASSED] - Text 'Arlington' is set on object 'Object Repository/VLink/Page_CCSale/txt_CardCity'

2022-04-18 12:37:23 - [MESSAGE][PASSED] - Text 'VA' is set on object 'Object Repository/VLink/Page_CCSale/txt_CardState'

2022-04-18 12:37:23 - [MESSAGE][PASSED] - Text '22201' is set on object 'Object Repository/VLink/Page_CCSale/txt_CardZIP'

2022-04-18 12:37:24 - [MESSAGE][PASSED] - Text '' is set on object 'Object Repository/VLink/Page_CCSale/txt_CountryID'

2022-04-18 12:37:25 - [MESSAGE][PASSED] - Text '2.50' is set on object 'Object Repository/VLink/Page_CCSale/txt_Amount'

2022-04-18 12:37:26 - [MESSAGE][PASSED] - Text '6011000000000004' is set on object 'Object Repository/VLink/Page_CCSale/txt_CardNumber'

2022-04-18 12:37:26 - [MESSAGE][PASSED] - Text '01' is set on object 'Object Repository/VLink/Page_CCSale/txt_ExpMonth'

2022-04-18 12:37:27 - [MESSAGE][PASSED] - Text '2026' is set on object 'Object Repository/VLink/Page_CCSale/txt_ExpYear'

2022-04-18 12:37:28 - [MESSAGE][PASSED] - Text '' is set on object 'Object Repository/VLink/Page_CCSale/txt_CVV'

2022-04-18 12:37:28 - [MESSAGE][PASSED] - Text '' is set on object 'Object Repository/VLink/Page_CCSale/txt_CVVstate'

2022-04-18 12:37:29 - [MESSAGE][PASSED] - Text '' is set on object 'Object Repository/VLink/Page_CCSale/txt_TrackData'

2022-04-18 12:37:30 - [MESSAGE][PASSED] - Text '' is set on object 'Object Repository/VLink/Page_CCSale/txt_Track1Data'

2022-04-18 12:37:30 - [MESSAGE][PASSED] - Text '' is set on object 'Object Repository/VLink/Page_CCSale/txt_Track2Data'

2022-04-18 12:37:31 - [MESSAGE][PASSED] - Text 'manual' is set on object 'Object Repository/VLink/Page_CCSale/txt_POSEntryMode'

2022-04-18 12:37:32 - [MESSAGE][PASSED] - Text '' is set on object 'Object Repository/VLink/Page_CCSale/txt_Email'

2022-04-18 12:37:32 - [MESSAGE][PASSED] - Text '' is set on object 'Object Repository/VLink/Page_CCSale/txt_OrderNumber'

2022-04-18 12:37:33 - [MESSAGE][PASSED] - Text '' is set on object 'Object Repository/VLink/Page_CCSale/txt_TaxAmount'

2022-04-18 12:37:34 - [MESSAGE][PASSED] - Text '' is set on object 'Object Repository/VLink/Page_CCSale/txt_ChargeDescription'

2022-04-18 12:37:34 - [MESSAGE][PASSED] - Text '' is set on object 'Object Repository/VLink/Page_CCSale/txt_CAN'

2022-04-18 12:37:35 - [MESSAGE][PASSED] - Text '' is set on object 'Object Repository/VLink/Page_CCSale/txt_BillPaymentIndicator'

2022-04-18 12:37:36 - [MESSAGE][PASSED] - Text '' is set on object 'Object Repository/VLink/Page_CCSale/txt_UDF1'

2022-04-18 12:37:37 - [MESSAGE][PASSED] - Text '' is set on object 'Object Repository/VLink/Page_CCSale/txt_UDF2'

2022-04-18 12:37:37 - [MESSAGE][PASSED] - Text '' is set on object 'Object Repository/VLink/Page_CCSale/txt_UDF3'

2022-04-18 12:37:38 - [MESSAGE][PASSED] - Text '' is set on object 'Object Repository/VLink/Page_CCSale/txt_UDF4'

2022-04-18 12:37:39 - [MESSAGE][PASSED] - Text '' is set on object 'Object Repository/VLink/Page_CCSale/txt_UDF5'

2022-04-18 12:37:39 - [MESSAGE][PASSED] - Text '' is set on object 'Object Repository/VLink/Page_CCSale/txt_UDF6'

2022-04-18 12:37:40 - [MESSAGE][PASSED] - Text '' is set on object 'Object Repository/VLink/Page_CCSale/txt_UDF7'

2022-04-18 12:37:41 - [MESSAGE][PASSED] - Text '' is set on object 'Object Repository/VLink/Page_CCSale/txt_UDF8'

2022-04-18 12:37:41 - [MESSAGE][PASSED] - Text '' is set on object 'Object Repository/VLink/Page_CCSale/txt_UDF9'

2022-04-18 12:37:42 - [MESSAGE][PASSED] - Text '' is set on object 'Object Repository/VLink/Page_CCSale/txt_UDF10'

2022-04-18 12:37:43 - [MESSAGE][PASSED] - Text '' is set on object 'Object Repository/VLink/Page_CCSale/txt_CardOnFileIndicator'

2022-04-18 12:37:44 - [MESSAGE][PASSED] - Text '' is set on object 'Object Repository/VLink/Page_CCSale/txt_StoredCredentialIndicator'

2022-04-18 12:37:44 - [MESSAGE][PASSED] - Text '' is set on object 'Object Repository/VLink/Page_CCSale/txt_COFScheduledIndicator'

2022-04-18 12:37:45 - [MESSAGE][PASSED] - Text '' is set on object 'Object Repository/VLink/Page_CCSale/txt_COFTransactionInitiatedBy'

2022-04-18 12:37:47 - [MESSAGE][PASSED] - Object: 'Object Repository/VLink/Page_CCSale/btn_ProcessVLinkTransaction' is clicked on

2022-04-18 12:37:52 - [MESSAGE][PASSED] - vlinkPages.saleCCPage.setDataSCC is PASSED

2022-04-18 12:37:52 - [TEST_STEP][PASSED] - if (verifyTextPresent("Transaction approved, no errors", true)): null

2022-04-18 12:37:53 - [MESSAGE][PASSED] - Text 'Transaction approved, no errors' is present on page  using regular expression

2022-04-18 12:37:53 - [TEST_STEP][PASSED] - println("Transaction Approved, no errors text is present on the Confirmation page"): null

2022-04-18 12:37:53 - [TEST_STEP][PASSED] - out.println("Pass Record Number: " + row): null

2022-04-18 12:37:53 - [TEST_STEP][PASSED] - resText = "Pass": null

2022-04-18 12:37:53 - [TEST_STEP][PASSED] - pages.WriteExcel.demoKey(resText, datText, resColumn, datCloumn, fileLoc, nameSheet, row): pages.WriteExcel.demoKey is PASSED

2022-04-18 12:37:53 - [MESSAGE][PASSED] - pages.WriteExcel.demoKey is PASSED

2022-04-18 12:37:53 - [TEST_STEP][PASSED] - sdfo = getText(findTestObject("Object Repository/Page_VLinkReceipt/pre_STX")): Text of object 'Object Repository/Page_VLinkReceipt/pre_STX' is: '<STX>rXgeE5TGuzU9                  12114911            0  Transaction approved, no errors                   0                                                                                  XXOK9864   <ETX>'

2022-04-18 12:37:53 - [MESSAGE][PASSED] - Text of object 'Object Repository/Page_VLinkReceipt/pre_STX' is: '<STX>rXgeE5TGuzU9                  12114911            0  Transaction approved, no errors                   0                                                                                  XXOK9864   <ETX>'

2022-04-18 12:37:53 - [TEST_STEP][PASSED] - out.println("sdfo: " + sdfo): null

2022-04-18 12:37:53 - [TEST_STEP][PASSED] - remID = substring(5, 35).trim(): null

2022-04-18 12:37:53 - [TEST_STEP][PASSED] - out.println("Remittance ID: " + remID): null

2022-04-18 12:37:53 - [TEST_STEP][PASSED] - traxID = substring(35, 55).trim(): null

2022-04-18 12:37:53 - [TEST_STEP][PASSED] - out.println("Transaction ID: " + traxID): null

2022-04-18 12:37:53 - [TEST_STEP][PASSED] - out.println("End Record Number: " + row): null

2022-04-18 12:37:53 - [TEST_STEP][PASSED] - closeBrowser(): Browser is closed

2022-04-18 12:37:54 - [MESSAGE][PASSED] - Browser is closed

2022-04-18 12:37:54 - [TEST_STEP][PASSED] - ExecuteTC = findTestData(dataFile).getValue("Execute", row): null

2022-04-18 12:37:54 - [TEST_STEP][PASSED] - out.println("Value of Execute is : " + ExecuteTC): null

2022-04-18 12:37:54 - [TEST_STEP][PASSED] - if (ExecuteTC.equalsIgnoreCase("Y")): Browser is closed

2022-04-18 12:37:54 - [TEST_STEP][PASSED] - out.println("Begin Record Number: " + row): null

2022-04-18 12:37:54 - [TEST_STEP][PASSED] - today = new java.util.Date(): null

2022-04-18 12:37:54 - [TEST_STEP][PASSED] - println(today): null

2022-04-18 12:37:54 - [TEST_STEP][PASSED] - datText = today: null

2022-04-18 12:37:54 - [TEST_STEP][PASSED] - openBrowser(VLinkURL + "authcap.html"): Browser is opened with url: 'https://dev-algorithm.govolution.com/vlinktest/QA/version_2_0/authcap.html'

2022-04-18 12:37:54 - [MESSAGE][INFO] - Starting 'Chrome' driver

2022-04-18 12:37:54 - [MESSAGE][INFO] - User set preference: ['acceptInsecureCerts', 'true']

2022-04-18 12:37:54 - [MESSAGE][INFO] - Action delay is set to 0 milliseconds

2022-04-18 12:37:56 - [MESSAGE][PASSED] - Browser is opened with url: 'https://dev-algorithm.govolution.com/vlinktest/QA/version_2_0/authcap.html'

2022-04-18 12:37:56 - [TEST_STEP][PASSED] - maximizeWindow(): Current window maximized

2022-04-18 12:37:56 - [MESSAGE][PASSED] - Current window maximized

2022-04-18 12:37:56 - [TEST_STEP][PASSED] - vlinkPages.saleCCPage.setDataSCC(row, dataFile): vlinkPages.saleCCPage.setDataSCC is PASSED

2022-04-18 12:37:59 - [MESSAGE][PASSED] - Object 'Object Repository/VLink/Page_CCSale/txt_CardNumber' is present

2022-04-18 12:37:59 - [MESSAGE][PASSED] - Text '104' is set on object 'Object Repository/VLink/Page_CCSale/txt_TransactionType'

2022-04-18 12:38:00 - [MESSAGE][PASSED] - Text '2.0C' is set on object 'Object Repository/VLink/Page_CCSale/txt_MessageVersion'

2022-04-18 12:38:01 - [MESSAGE][PASSED] - Text '6bjd01Z1QYu9' is set on object 'Object Repository/VLink/Page_CCSale/txt_RemID'

2022-04-18 12:38:01 - [MESSAGE][PASSED] - Text '677' is set on object 'Object Repository/VLink/Page_CCSale/txt_ApplicationId'

2022-04-18 12:38:02 - [MESSAGE][PASSED] - Text 'username' is set on object 'Object Repository/VLink/Page_CCSale/txt_Username'

2022-04-18 12:38:03 - [MESSAGE][PASSED] - Text 'password' is set on object 'Object Repository/VLink/Page_CCSale/txt_Password'

2022-04-18 12:38:03 - [MESSAGE][PASSED] - Text 'fixed_width' is set on object 'Object Repository/VLink/Page_CCSale/txt_ResponseFormat'

2022-04-18 12:38:04 - [MESSAGE][PASSED] - Text 'MOTO' is set on object 'Object Repository/VLink/Page_CCSale/txt_Category'

2022-04-18 12:38:04 - [MESSAGE][PASSED] - Text '' is set on object 'Object Repository/VLink/Page_CCSale/txt_TransactionID'

2022-04-18 12:38:05 - [MESSAGE][PASSED] - Text '' is set on object 'Object Repository/VLink/Page_CCSale/txt_ApprovalCode'

2022-04-18 12:38:06 - [MESSAGE][PASSED] - Text 'Roshan Maha' is set on object 'Object Repository/VLink/Page_CCSale/txt_CardName'

2022-04-18 12:38:06 - [MESSAGE][PASSED] - Text '12563 Bazaar road' is set on object 'Object Repository/VLink/Page_CCSale/txt_AL1'

2022-04-18 12:38:07 - [MESSAGE][PASSED] - Text '' is set on object 'Object Repository/VLink/Page_CCSale/txt_AL2'

2022-04-18 12:38:08 - [MESSAGE][PASSED] - Text 'Crofton' is set on object 'Object Repository/VLink/Page_CCSale/txt_CardCity'

2022-04-18 12:38:09 - [MESSAGE][PASSED] - Text 'MD' is set on object 'Object Repository/VLink/Page_CCSale/txt_CardState'

2022-04-18 12:38:09 - [MESSAGE][PASSED] - Text '21114' is set on object 'Object Repository/VLink/Page_CCSale/txt_CardZIP'

2022-04-18 12:38:10 - [MESSAGE][PASSED] - Text '' is set on object 'Object Repository/VLink/Page_CCSale/txt_CountryID'

2022-04-18 12:38:11 - [MESSAGE][PASSED] - Text '3.50' is set on object 'Object Repository/VLink/Page_CCSale/txt_Amount'

2022-04-18 12:38:11 - [MESSAGE][PASSED] - Text '6011000000000004' is set on object 'Object Repository/VLink/Page_CCSale/txt_CardNumber'

2022-04-18 12:38:12 - [MESSAGE][PASSED] - Text '01' is set on object 'Object Repository/VLink/Page_CCSale/txt_ExpMonth'

2022-04-18 12:38:13 - [MESSAGE][PASSED] - Text '2026' is set on object 'Object Repository/VLink/Page_CCSale/txt_ExpYear'

2022-04-18 12:38:13 - [MESSAGE][PASSED] - Text '' is set on object 'Object Repository/VLink/Page_CCSale/txt_CVV'

2022-04-18 12:38:14 - [MESSAGE][PASSED] - Text '' is set on object 'Object Repository/VLink/Page_CCSale/txt_CVVstate'

2022-04-18 12:38:15 - [MESSAGE][PASSED] - Text '' is set on object 'Object Repository/VLink/Page_CCSale/txt_TrackData'

2022-04-18 12:38:15 - [MESSAGE][PASSED] - Text '' is set on object 'Object Repository/VLink/Page_CCSale/txt_Track1Data'

2022-04-18 12:38:16 - [MESSAGE][PASSED] - Text '' is set on object 'Object Repository/VLink/Page_CCSale/txt_Track2Data'

2022-04-18 12:38:17 - [MESSAGE][PASSED] - Text 'manual' is set on object 'Object Repository/VLink/Page_CCSale/txt_POSEntryMode'

2022-04-18 12:38:18 - [MESSAGE][PASSED] - Text '' is set on object 'Object Repository/VLink/Page_CCSale/txt_Email'

2022-04-18 12:38:18 - [MESSAGE][PASSED] - Text '' is set on object 'Object Repository/VLink/Page_CCSale/txt_OrderNumber'

2022-04-18 12:38:19 - [MESSAGE][PASSED] - Text '' is set on object 'Object Repository/VLink/Page_CCSale/txt_TaxAmount'

2022-04-18 12:38:20 - [MESSAGE][PASSED] - Text '' is set on object 'Object Repository/VLink/Page_CCSale/txt_ChargeDescription'

2022-04-18 12:38:20 - [MESSAGE][PASSED] - Text '' is set on object 'Object Repository/VLink/Page_CCSale/txt_CAN'

2022-04-18 12:38:21 - [MESSAGE][PASSED] - Text '' is set on object 'Object Repository/VLink/Page_CCSale/txt_BillPaymentIndicator'

2022-04-18 12:38:22 - [MESSAGE][PASSED] - Text '' is set on object 'Object Repository/VLink/Page_CCSale/txt_UDF1'

2022-04-18 12:38:22 - [MESSAGE][PASSED] - Text '' is set on object 'Object Repository/VLink/Page_CCSale/txt_UDF2'

2022-04-18 12:38:23 - [MESSAGE][PASSED] - Text '' is set on object 'Object Repository/VLink/Page_CCSale/txt_UDF3'

2022-04-18 12:38:24 - [MESSAGE][PASSED] - Text '' is set on object 'Object Repository/VLink/Page_CCSale/txt_UDF4'

2022-04-18 12:38:24 - [MESSAGE][PASSED] - Text '' is set on object 'Object Repository/VLink/Page_CCSale/txt_UDF5'

2022-04-18 12:38:25 - [MESSAGE][PASSED] - Text '' is set on object 'Object Repository/VLink/Page_CCSale/txt_UDF6'

2022-04-18 12:38:26 - [MESSAGE][PASSED] - Text '' is set on object 'Object Repository/VLink/Page_CCSale/txt_UDF7'

2022-04-18 12:38:26 - [MESSAGE][PASSED] - Text '' is set on object 'Object Repository/VLink/Page_CCSale/txt_UDF8'

2022-04-18 12:38:27 - [MESSAGE][PASSED] - Text '' is set on object 'Object Repository/VLink/Page_CCSale/txt_UDF9'

2022-04-18 12:38:28 - [MESSAGE][PASSED] - Text '' is set on object 'Object Repository/VLink/Page_CCSale/txt_UDF10'

2022-04-18 12:38:29 - [MESSAGE][PASSED] - Text '' is set on object 'Object Repository/VLink/Page_CCSale/txt_CardOnFileIndicator'

2022-04-18 12:38:29 - [MESSAGE][PASSED] - Text '' is set on object 'Object Repository/VLink/Page_CCSale/txt_StoredCredentialIndicator'

2022-04-18 12:38:30 - [MESSAGE][PASSED] - Text '' is set on object 'Object Repository/VLink/Page_CCSale/txt_COFScheduledIndicator'

2022-04-18 12:38:31 - [MESSAGE][PASSED] - Text '' is set on object 'Object Repository/VLink/Page_CCSale/txt_COFTransactionInitiatedBy'

2022-04-18 12:38:34 - [MESSAGE][PASSED] - Object: 'Object Repository/VLink/Page_CCSale/btn_ProcessVLinkTransaction' is clicked on

2022-04-18 12:38:39 - [MESSAGE][PASSED] - vlinkPages.saleCCPage.setDataSCC is PASSED

2022-04-18 12:38:39 - [TEST_STEP][PASSED] - if (verifyTextPresent("Transaction approved, no errors", true)): null

2022-04-18 12:38:39 - [MESSAGE][PASSED] - Text 'Transaction approved, no errors' is present on page  using regular expression

2022-04-18 12:38:39 - [TEST_STEP][PASSED] - println("Transaction Approved, no errors text is present on the Confirmation page"): null

2022-04-18 12:38:39 - [TEST_STEP][PASSED] - out.println("Pass Record Number: " + row): null

2022-04-18 12:38:39 - [TEST_STEP][PASSED] - resText = "Pass": null

2022-04-18 12:38:39 - [TEST_STEP][PASSED] - pages.WriteExcel.demoKey(resText, datText, resColumn, datCloumn, fileLoc, nameSheet, row): pages.WriteExcel.demoKey is PASSED

2022-04-18 12:38:39 - [MESSAGE][PASSED] - pages.WriteExcel.demoKey is PASSED

2022-04-18 12:38:39 - [TEST_STEP][PASSED] - sdfo = getText(findTestObject("Object Repository/Page_VLinkReceipt/pre_STX")): Text of object 'Object Repository/Page_VLinkReceipt/pre_STX' is: '<STX>6bjd01Z1QYu9                  12114912            0  Transaction approved, no errors                   0                                                                                  XXOK0754   <ETX>'

2022-04-18 12:38:40 - [MESSAGE][PASSED] - Text of object 'Object Repository/Page_VLinkReceipt/pre_STX' is: '<STX>6bjd01Z1QYu9                  12114912            0  Transaction approved, no errors                   0                                                                                  XXOK0754   <ETX>'

2022-04-18 12:38:40 - [TEST_STEP][PASSED] - out.println("sdfo: " + sdfo): null

2022-04-18 12:38:40 - [TEST_STEP][PASSED] - remID = substring(5, 35).trim(): null

2022-04-18 12:38:40 - [TEST_STEP][PASSED] - out.println("Remittance ID: " + remID): null

2022-04-18 12:38:40 - [TEST_STEP][PASSED] - traxID = substring(35, 55).trim(): null

2022-04-18 12:38:40 - [TEST_STEP][PASSED] - out.println("Transaction ID: " + traxID): null

2022-04-18 12:38:40 - [TEST_STEP][PASSED] - out.println("End Record Number: " + row): null

2022-04-18 12:38:40 - [TEST_STEP][PASSED] - closeBrowser(): Browser is closed

2022-04-18 12:38:41 - [MESSAGE][PASSED] - Browser is closed

2022-04-18 12:38:41 - [TEST_STEP][PASSED] - ExecuteTC = findTestData(dataFile).getValue("Execute", row): null

2022-04-18 12:38:41 - [TEST_STEP][PASSED] - out.println("Value of Execute is : " + ExecuteTC): null

2022-04-18 12:38:41 - [TEST_STEP][FAILED] - if (ExecuteTC.equalsIgnoreCase("Y")): null

2022-04-18 12:38:41 - [TEST_STEP][PASSED] - out.println("Begin Record Number: " + row): null

2022-04-18 12:38:41 - [TEST_STEP][PASSED] - today = new java.util.Date(): null

2022-04-18 12:38:41 - [TEST_STEP][PASSED] - println(today): null

2022-04-18 12:38:41 - [TEST_STEP][PASSED] - datText = today: null

2022-04-18 12:38:41 - [TEST_STEP][PASSED] - openBrowser(VLinkURL + "authcap.html"): Browser is opened with url: 'https://dev-algorithm.govolution.com/vlinktest/QA/version_2_0/authcap.html'

2022-04-18 12:38:41 - [MESSAGE][INFO] - Starting 'Chrome' driver

2022-04-18 12:38:41 - [MESSAGE][INFO] - User set preference: ['acceptInsecureCerts', 'true']

2022-04-18 12:38:41 - [MESSAGE][INFO] - Action delay is set to 0 milliseconds

2022-04-18 12:38:42 - [MESSAGE][PASSED] - Browser is opened with url: 'https://dev-algorithm.govolution.com/vlinktest/QA/version_2_0/authcap.html'

2022-04-18 12:38:42 - [TEST_STEP][PASSED] - maximizeWindow(): Current window maximized

2022-04-18 12:38:43 - [MESSAGE][PASSED] - Current window maximized

2022-04-18 12:38:43 - [TEST_STEP][PASSED] - vlinkPages.saleCCPage.setDataSCC(row, dataFile): vlinkPages.saleCCPage.setDataSCC is PASSED

2022-04-18 12:38:46 - [MESSAGE][PASSED] - Object 'Object Repository/VLink/Page_CCSale/txt_CardNumber' is present

2022-04-18 12:38:46 - [MESSAGE][PASSED] - Text '104' is set on object 'Object Repository/VLink/Page_CCSale/txt_TransactionType'

2022-04-18 12:38:47 - [MESSAGE][PASSED] - Text '2.0C' is set on object 'Object Repository/VLink/Page_CCSale/txt_MessageVersion'

2022-04-18 12:38:47 - [MESSAGE][PASSED] - Text 'pa9BXKE3NAaw' is set on object 'Object Repository/VLink/Page_CCSale/txt_RemID'

2022-04-18 12:38:48 - [MESSAGE][PASSED] - Text '665' is set on object 'Object Repository/VLink/Page_CCSale/txt_ApplicationId'

2022-04-18 12:38:49 - [MESSAGE][PASSED] - Text 'username' is set on object 'Object Repository/VLink/Page_CCSale/txt_Username'

2022-04-18 12:38:49 - [MESSAGE][PASSED] - Text 'password' is set on object 'Object Repository/VLink/Page_CCSale/txt_Password'

2022-04-18 12:38:50 - [MESSAGE][PASSED] - Text 'fixed_width' is set on object 'Object Repository/VLink/Page_CCSale/txt_ResponseFormat'

2022-04-18 12:38:51 - [MESSAGE][PASSED] - Text 'RETL' is set on object 'Object Repository/VLink/Page_CCSale/txt_Category'

2022-04-18 12:38:51 - [MESSAGE][PASSED] - Text '' is set on object 'Object Repository/VLink/Page_CCSale/txt_TransactionID'

2022-04-18 12:38:52 - [MESSAGE][PASSED] - Text '' is set on object 'Object Repository/VLink/Page_CCSale/txt_ApprovalCode'

2022-04-18 12:38:53 - [MESSAGE][PASSED] - Text 'Kris Roshan' is set on object 'Object Repository/VLink/Page_CCSale/txt_CardName'

2022-04-18 12:38:53 - [MESSAGE][PASSED] - Text '258 Elm Road' is set on object 'Object Repository/VLink/Page_CCSale/txt_AL1'

2022-04-18 12:38:54 - [MESSAGE][PASSED] - Text 'Suite 56' is set on object 'Object Repository/VLink/Page_CCSale/txt_AL2'

2022-04-18 12:38:55 - [MESSAGE][PASSED] - Text 'Arlington' is set on object 'Object Repository/VLink/Page_CCSale/txt_CardCity'

2022-04-18 12:38:55 - [MESSAGE][PASSED] - Text 'VA' is set on object 'Object Repository/VLink/Page_CCSale/txt_CardState'

2022-04-18 12:38:56 - [MESSAGE][PASSED] - Text '22201' is set on object 'Object Repository/VLink/Page_CCSale/txt_CardZIP'

2022-04-18 12:38:57 - [MESSAGE][PASSED] - Text '840' is set on object 'Object Repository/VLink/Page_CCSale/txt_CountryID'

2022-04-18 12:38:58 - [MESSAGE][PASSED] - Text '1.50' is set on object 'Object Repository/VLink/Page_CCSale/txt_Amount'

2022-04-18 12:38:58 - [MESSAGE][PASSED] - Text '4111111111111111' is set on object 'Object Repository/VLink/Page_CCSale/txt_CardNumber'

2022-04-18 12:38:59 - [MESSAGE][PASSED] - Text '12' is set on object 'Object Repository/VLink/Page_CCSale/txt_ExpMonth'

2022-04-18 12:39:00 - [MESSAGE][PASSED] - Text '2025' is set on object 'Object Repository/VLink/Page_CCSale/txt_ExpYear'

2022-04-18 12:39:00 - [MESSAGE][PASSED] - Text '' is set on object 'Object Repository/VLink/Page_CCSale/txt_CVV'

2022-04-18 12:39:01 - [MESSAGE][PASSED] - Text '' is set on object 'Object Repository/VLink/Page_CCSale/txt_CVVstate'

2022-04-18 12:39:02 - [MESSAGE][PASSED] - Text '' is set on object 'Object Repository/VLink/Page_CCSale/txt_TrackData'

2022-04-18 12:39:03 - [MESSAGE][PASSED] - Text '' is set on object 'Object Repository/VLink/Page_CCSale/txt_Track1Data'

2022-04-18 12:39:03 - [MESSAGE][PASSED] - Text '' is set on object 'Object Repository/VLink/Page_CCSale/txt_Track2Data'

2022-04-18 12:39:04 - [MESSAGE][PASSED] - Text 'manual' is set on object 'Object Repository/VLink/Page_CCSale/txt_POSEntryMode'

2022-04-18 12:39:05 - [MESSAGE][PASSED] - Text 'iahmed@govolution.com' is set on object 'Object Repository/VLink/Page_CCSale/txt_Email'

2022-04-18 12:39:05 - [MESSAGE][PASSED] - Text '2569362' is set on object 'Object Repository/VLink/Page_CCSale/txt_OrderNumber'

2022-04-18 12:39:06 - [MESSAGE][PASSED] - Text '1.15' is set on object 'Object Repository/VLink/Page_CCSale/txt_TaxAmount'

2022-04-18 12:39:07 - [MESSAGE][PASSED] - Text 'Charge Description' is set on object 'Object Repository/VLink/Page_CCSale/txt_ChargeDescription'

2022-04-18 12:39:07 - [MESSAGE][PASSED] - Text '147357' is set on object 'Object Repository/VLink/Page_CCSale/txt_CAN'

2022-04-18 12:39:08 - [MESSAGE][PASSED] - Text '1' is set on object 'Object Repository/VLink/Page_CCSale/txt_BillPaymentIndicator'

2022-04-18 12:39:09 - [MESSAGE][PASSED] - Text 'UDF Data 1' is set on object 'Object Repository/VLink/Page_CCSale/txt_UDF1'

2022-04-18 12:39:10 - [MESSAGE][PASSED] - Text 'UDF Data 2' is set on object 'Object Repository/VLink/Page_CCSale/txt_UDF2'

2022-04-18 12:39:10 - [MESSAGE][PASSED] - Text 'UDF Data 3' is set on object 'Object Repository/VLink/Page_CCSale/txt_UDF3'

2022-04-18 12:39:11 - [MESSAGE][PASSED] - Text 'UDF Data 4' is set on object 'Object Repository/VLink/Page_CCSale/txt_UDF4'

2022-04-18 12:39:12 - [MESSAGE][PASSED] - Text 'UDF Data 5' is set on object 'Object Repository/VLink/Page_CCSale/txt_UDF5'

2022-04-18 12:39:12 - [MESSAGE][PASSED] - Text 'UDF Data 6' is set on object 'Object Repository/VLink/Page_CCSale/txt_UDF6'

2022-04-18 12:39:13 - [MESSAGE][PASSED] - Text 'UDF Data 7' is set on object 'Object Repository/VLink/Page_CCSale/txt_UDF7'

2022-04-18 12:39:14 - [MESSAGE][PASSED] - Text 'UDF Data 8' is set on object 'Object Repository/VLink/Page_CCSale/txt_UDF8'

2022-04-18 12:39:15 - [MESSAGE][PASSED] - Text 'UDF Data 9' is set on object 'Object Repository/VLink/Page_CCSale/txt_UDF9'

2022-04-18 12:39:15 - [MESSAGE][PASSED] - Text 'UDF Data 10' is set on object 'Object Repository/VLink/Page_CCSale/txt_UDF10'

2022-04-18 12:39:16 - [MESSAGE][PASSED] - Text '' is set on object 'Object Repository/VLink/Page_CCSale/txt_CardOnFileIndicator'

2022-04-18 12:39:17 - [MESSAGE][PASSED] - Text '' is set on object 'Object Repository/VLink/Page_CCSale/txt_StoredCredentialIndicator'

2022-04-18 12:39:17 - [MESSAGE][PASSED] - Text '' is set on object 'Object Repository/VLink/Page_CCSale/txt_COFScheduledIndicator'

2022-04-18 12:39:18 - [MESSAGE][PASSED] - Text '' is set on object 'Object Repository/VLink/Page_CCSale/txt_COFTransactionInitiatedBy'

2022-04-18 12:39:19 - [MESSAGE][PASSED] - Object: 'Object Repository/VLink/Page_CCSale/btn_ProcessVLinkTransaction' is clicked on

2022-04-18 12:39:24 - [MESSAGE][PASSED] - vlinkPages.saleCCPage.setDataSCC is PASSED

2022-04-18 12:39:24 - [TEST_STEP][FAILED] - if (verifyTextPresent("Transaction approved, no errors", true)): Text 'Transaction approved, no errors' is not present on page  using regular expression (Root cause: com.kms.katalon.core.exception.StepFailedException: Text 'Transaction approved, no errors' is not present on page  using regular expression
	at com.kms.katalon.core.webui.keyword.internal.WebUIKeywordMain.stepFailed(WebUIKeywordMain.groovy:64)
	at com.kms.katalon.core.webui.keyword.builtin.VerifyTextPresentKeyword$_verifyTextPresent_closure1.doCall(VerifyTextPresentKeyword.groovy:79)
	at com.kms.katalon.core.webui.keyword.builtin.VerifyTextPresentKeyword$_verifyTextPresent_closure1.call(VerifyTextPresentKeyword.groovy)
	at com.kms.katalon.core.webui.keyword.internal.WebUIKeywordMain.runKeyword(WebUIKeywordMain.groovy:20)
	at com.kms.katalon.core.webui.keyword.builtin.VerifyTextPresentKeyword.verifyTextPresent(VerifyTextPresentKeyword.groovy:83)
	at com.kms.katalon.core.webui.keyword.builtin.VerifyTextPresentKeyword.execute(VerifyTextPresentKeyword.groovy:68)
	at com.kms.katalon.core.keyword.internal.KeywordExecutor.executeKeywordForPlatform(KeywordExecutor.groovy:74)
	at com.kms.katalon.core.webui.keyword.WebUiBuiltInKeywords.verifyTextPresent(WebUiBuiltInKeywords.groovy:1723)
	at com.kms.katalon.core.webui.keyword.WebUiBuiltInKeywords$verifyTextPresent$4.call(Unknown Source)
	at VLinkSale-Successful.run(VLinkSale-Successful:88)
	at com.kms.katalon.core.main.ScriptEngine.run(ScriptEngine.java:194)
	at com.kms.katalon.core.main.ScriptEngine.runScriptAsRawText(ScriptEngine.java:119)
	at com.kms.katalon.core.main.TestCaseExecutor.runScript(TestCaseExecutor.java:442)
	at com.kms.katalon.core.main.TestCaseExecutor.doExecute(TestCaseExecutor.java:433)
	at com.kms.katalon.core.main.TestCaseExecutor.processExecutionPhase(TestCaseExecutor.java:412)
	at com.kms.katalon.core.main.TestCaseExecutor.accessMainPhase(TestCaseExecutor.java:404)
	at com.kms.katalon.core.main.TestCaseExecutor.execute(TestCaseExecutor.java:281)
	at com.kms.katalon.core.main.TestSuiteExecutor.accessTestCaseMainPhase(TestSuiteExecutor.java:202)
	at com.kms.katalon.core.main.TestSuiteExecutor.accessTestSuiteMainPhase(TestSuiteExecutor.java:164)
	at com.kms.katalon.core.main.TestSuiteExecutor.execute(TestSuiteExecutor.java:105)
	at com.kms.katalon.core.main.TestCaseMain.startTestSuite(TestCaseMain.java:185)
	at com.kms.katalon.core.main.TestCaseMain$startTestSuite$0.call(Unknown Source)
	at TempTestSuite1650298796406.run(TempTestSuite1650298796406.groovy:36)
)

2022-04-18 12:39:24 - [MESSAGE][FAILED] - Text 'Transaction approved, no errors' is not present on page  using regular expression (Root cause: com.kms.katalon.core.exception.StepFailedException: Text 'Transaction approved, no errors' is not present on page  using regular expression
	at com.kms.katalon.core.webui.keyword.internal.WebUIKeywordMain.stepFailed(WebUIKeywordMain.groovy:64)
	at com.kms.katalon.core.webui.keyword.builtin.VerifyTextPresentKeyword$_verifyTextPresent_closure1.doCall(VerifyTextPresentKeyword.groovy:79)
	at com.kms.katalon.core.webui.keyword.builtin.VerifyTextPresentKeyword$_verifyTextPresent_closure1.call(VerifyTextPresentKeyword.groovy)
	at com.kms.katalon.core.webui.keyword.internal.WebUIKeywordMain.runKeyword(WebUIKeywordMain.groovy:20)
	at com.kms.katalon.core.webui.keyword.builtin.VerifyTextPresentKeyword.verifyTextPresent(VerifyTextPresentKeyword.groovy:83)
	at com.kms.katalon.core.webui.keyword.builtin.VerifyTextPresentKeyword.execute(VerifyTextPresentKeyword.groovy:68)
	at com.kms.katalon.core.keyword.internal.KeywordExecutor.executeKeywordForPlatform(KeywordExecutor.groovy:74)
	at com.kms.katalon.core.webui.keyword.WebUiBuiltInKeywords.verifyTextPresent(WebUiBuiltInKeywords.groovy:1723)
	at com.kms.katalon.core.webui.keyword.WebUiBuiltInKeywords$verifyTextPresent$4.call(Unknown Source)
	at VLinkSale-Successful.run(VLinkSale-Successful:88)
	at com.kms.katalon.core.main.ScriptEngine.run(ScriptEngine.java:194)
	at com.kms.katalon.core.main.ScriptEngine.runScriptAsRawText(ScriptEngine.java:119)
	at com.kms.katalon.core.main.TestCaseExecutor.runScript(TestCaseExecutor.java:442)
	at com.kms.katalon.core.main.TestCaseExecutor.doExecute(TestCaseExecutor.java:433)
	at com.kms.katalon.core.main.TestCaseExecutor.processExecutionPhase(TestCaseExecutor.java:412)
	at com.kms.katalon.core.main.TestCaseExecutor.accessMainPhase(TestCaseExecutor.java:404)
	at com.kms.katalon.core.main.TestCaseExecutor.execute(TestCaseExecutor.java:281)
	at com.kms.katalon.core.main.TestSuiteExecutor.accessTestCaseMainPhase(TestSuiteExecutor.java:202)
	at com.kms.katalon.core.main.TestSuiteExecutor.accessTestSuiteMainPhase(TestSuiteExecutor.java:164)
	at com.kms.katalon.core.main.TestSuiteExecutor.execute(TestSuiteExecutor.java:105)
	at com.kms.katalon.core.main.TestCaseMain.startTestSuite(TestCaseMain.java:185)
	at com.kms.katalon.core.main.TestCaseMain$startTestSuite$0.call(Unknown Source)
	at TempTestSuite1650298796406.run(TempTestSuite1650298796406.groovy:36)
)

2022-04-18 12:39:24 - [TEST_STEP][PASSED] - else: pages.WriteExcel.demoKey is PASSED

2022-04-18 12:39:24 - [TEST_STEP][PASSED] - println("Transaction Approved, no errors text is not present on the Confirmation page"): null

2022-04-18 12:39:24 - [TEST_STEP][PASSED] - out.println("Fail Record Number: " + row): null

2022-04-18 12:39:24 - [TEST_STEP][PASSED] - resText = "Fail": null

2022-04-18 12:39:24 - [TEST_STEP][PASSED] - pages.WriteExcel.demoKey(resText, datText, resColumn, datCloumn, fileLoc, nameSheet, row): pages.WriteExcel.demoKey is PASSED

2022-04-18 12:39:24 - [MESSAGE][PASSED] - pages.WriteExcel.demoKey is PASSED

2022-04-18 12:39:24 - [TEST_STEP][PASSED] - sdfo = getText(findTestObject("Object Repository/Page_VLinkReceipt/pre_STX")): Text of object 'Object Repository/Page_VLinkReceipt/pre_STX' is: '<STX>pa9BXKE3NAaw                  12114914            2  Transaction failed                                101Card type not valid                                                                        <ETX>'

2022-04-18 12:39:25 - [MESSAGE][PASSED] - Text of object 'Object Repository/Page_VLinkReceipt/pre_STX' is: '<STX>pa9BXKE3NAaw                  12114914            2  Transaction failed                                101Card type not valid                                                                        <ETX>'

2022-04-18 12:39:25 - [TEST_STEP][PASSED] - out.println("sdfo: " + sdfo): null

2022-04-18 12:39:25 - [TEST_STEP][PASSED] - remID = substring(5, 35).trim(): null

2022-04-18 12:39:25 - [TEST_STEP][PASSED] - out.println("Remittance ID: " + remID): null

2022-04-18 12:39:25 - [TEST_STEP][PASSED] - traxID = substring(35, 55).trim(): null

2022-04-18 12:39:25 - [TEST_STEP][PASSED] - out.println("Transaction ID: " + traxID): null

2022-04-18 12:39:25 - [TEST_STEP][PASSED] - out.println("End Record Number: " + row): null

2022-04-18 12:39:25 - [TEST_STEP][PASSED] - closeBrowser(): Browser is closed

2022-04-18 12:39:26 - [MESSAGE][PASSED] - Browser is closed

2022-04-18 12:39:26 - [TEST_STEP][PASSED] - ExecuteTC = findTestData(dataFile).getValue("Execute", row): null

2022-04-18 12:39:26 - [TEST_STEP][PASSED] - out.println("Value of Execute is : " + ExecuteTC): null

2022-04-18 12:39:26 - [TEST_STEP][PASSED] - if (ExecuteTC.equalsIgnoreCase("Y")): Browser is closed

2022-04-18 12:39:26 - [TEST_STEP][PASSED] - out.println("Begin Record Number: " + row): null

2022-04-18 12:39:26 - [TEST_STEP][PASSED] - today = new java.util.Date(): null

2022-04-18 12:39:26 - [TEST_STEP][PASSED] - println(today): null

2022-04-18 12:39:26 - [TEST_STEP][PASSED] - datText = today: null

2022-04-18 12:39:26 - [TEST_STEP][PASSED] - openBrowser(VLinkURL + "authcap.html"): Browser is opened with url: 'https://dev-algorithm.govolution.com/vlinktest/QA/version_2_0/authcap.html'

2022-04-18 12:39:26 - [MESSAGE][INFO] - Starting 'Chrome' driver

2022-04-18 12:39:26 - [MESSAGE][INFO] - User set preference: ['acceptInsecureCerts', 'true']

2022-04-18 12:39:26 - [MESSAGE][INFO] - Action delay is set to 0 milliseconds

2022-04-18 12:39:28 - [MESSAGE][PASSED] - Browser is opened with url: 'https://dev-algorithm.govolution.com/vlinktest/QA/version_2_0/authcap.html'

2022-04-18 12:39:28 - [TEST_STEP][PASSED] - maximizeWindow(): Current window maximized

2022-04-18 12:39:28 - [MESSAGE][PASSED] - Current window maximized

2022-04-18 12:39:28 - [TEST_STEP][PASSED] - vlinkPages.saleCCPage.setDataSCC(row, dataFile): vlinkPages.saleCCPage.setDataSCC is PASSED

2022-04-18 12:39:31 - [MESSAGE][PASSED] - Object 'Object Repository/VLink/Page_CCSale/txt_CardNumber' is present

2022-04-18 12:39:31 - [MESSAGE][PASSED] - Text '104' is set on object 'Object Repository/VLink/Page_CCSale/txt_TransactionType'

2022-04-18 12:39:32 - [MESSAGE][PASSED] - Text '2.0C' is set on object 'Object Repository/VLink/Page_CCSale/txt_MessageVersion'

2022-04-18 12:39:32 - [MESSAGE][PASSED] - Text 'VCx8C5GZ9GDL' is set on object 'Object Repository/VLink/Page_CCSale/txt_RemID'

2022-04-18 12:39:33 - [MESSAGE][PASSED] - Text '672' is set on object 'Object Repository/VLink/Page_CCSale/txt_ApplicationId'

2022-04-18 12:39:34 - [MESSAGE][PASSED] - Text 'username' is set on object 'Object Repository/VLink/Page_CCSale/txt_Username'

2022-04-18 12:39:34 - [MESSAGE][PASSED] - Text 'password' is set on object 'Object Repository/VLink/Page_CCSale/txt_Password'

2022-04-18 12:39:35 - [MESSAGE][PASSED] - Text 'fixed_width' is set on object 'Object Repository/VLink/Page_CCSale/txt_ResponseFormat'

2022-04-18 12:39:36 - [MESSAGE][PASSED] - Text 'RETL' is set on object 'Object Repository/VLink/Page_CCSale/txt_Category'

2022-04-18 12:39:36 - [MESSAGE][PASSED] - Text '' is set on object 'Object Repository/VLink/Page_CCSale/txt_TransactionID'

2022-04-18 12:39:37 - [MESSAGE][PASSED] - Text '' is set on object 'Object Repository/VLink/Page_CCSale/txt_ApprovalCode'

2022-04-18 12:39:38 - [MESSAGE][PASSED] - Text 'Arvind Silva' is set on object 'Object Repository/VLink/Page_CCSale/txt_CardName'

2022-04-18 12:39:38 - [MESSAGE][PASSED] - Text '111 Main Ave' is set on object 'Object Repository/VLink/Page_CCSale/txt_AL1'

2022-04-18 12:39:39 - [MESSAGE][PASSED] - Text '' is set on object 'Object Repository/VLink/Page_CCSale/txt_AL2'

2022-04-18 12:39:40 - [MESSAGE][PASSED] - Text 'Arlington' is set on object 'Object Repository/VLink/Page_CCSale/txt_CardCity'

2022-04-18 12:39:41 - [MESSAGE][PASSED] - Text 'VA' is set on object 'Object Repository/VLink/Page_CCSale/txt_CardState'

2022-04-18 12:39:41 - [MESSAGE][PASSED] - Text '22201' is set on object 'Object Repository/VLink/Page_CCSale/txt_CardZIP'

2022-04-18 12:39:42 - [MESSAGE][PASSED] - Text '' is set on object 'Object Repository/VLink/Page_CCSale/txt_CountryID'

2022-04-18 12:39:43 - [MESSAGE][PASSED] - Text '2.50' is set on object 'Object Repository/VLink/Page_CCSale/txt_Amount'

2022-04-18 12:39:43 - [MESSAGE][PASSED] - Text '4111111111111111' is set on object 'Object Repository/VLink/Page_CCSale/txt_CardNumber'

2022-04-18 12:39:44 - [MESSAGE][PASSED] - Text '01' is set on object 'Object Repository/VLink/Page_CCSale/txt_ExpMonth'

2022-04-18 12:39:45 - [MESSAGE][PASSED] - Text '2026' is set on object 'Object Repository/VLink/Page_CCSale/txt_ExpYear'

2022-04-18 12:39:46 - [MESSAGE][PASSED] - Text '' is set on object 'Object Repository/VLink/Page_CCSale/txt_CVV'

2022-04-18 12:39:46 - [MESSAGE][PASSED] - Text '' is set on object 'Object Repository/VLink/Page_CCSale/txt_CVVstate'

2022-04-18 12:39:47 - [MESSAGE][PASSED] - Text '' is set on object 'Object Repository/VLink/Page_CCSale/txt_TrackData'

2022-04-18 12:39:48 - [MESSAGE][PASSED] - Text '' is set on object 'Object Repository/VLink/Page_CCSale/txt_Track1Data'

2022-04-18 12:39:48 - [MESSAGE][PASSED] - Text '' is set on object 'Object Repository/VLink/Page_CCSale/txt_Track2Data'

2022-04-18 12:39:49 - [MESSAGE][PASSED] - Text 'manual' is set on object 'Object Repository/VLink/Page_CCSale/txt_POSEntryMode'

2022-04-18 12:39:50 - [MESSAGE][PASSED] - Text '' is set on object 'Object Repository/VLink/Page_CCSale/txt_Email'

2022-04-18 12:39:51 - [MESSAGE][PASSED] - Text '' is set on object 'Object Repository/VLink/Page_CCSale/txt_OrderNumber'

2022-04-18 12:39:51 - [MESSAGE][PASSED] - Text '' is set on object 'Object Repository/VLink/Page_CCSale/txt_TaxAmount'

2022-04-18 12:39:52 - [MESSAGE][PASSED] - Text '' is set on object 'Object Repository/VLink/Page_CCSale/txt_ChargeDescription'

2022-04-18 12:39:53 - [MESSAGE][PASSED] - Text '' is set on object 'Object Repository/VLink/Page_CCSale/txt_CAN'

2022-04-18 12:39:53 - [MESSAGE][PASSED] - Text '' is set on object 'Object Repository/VLink/Page_CCSale/txt_BillPaymentIndicator'

2022-04-18 12:39:54 - [MESSAGE][PASSED] - Text '' is set on object 'Object Repository/VLink/Page_CCSale/txt_UDF1'

2022-04-18 12:39:55 - [MESSAGE][PASSED] - Text '' is set on object 'Object Repository/VLink/Page_CCSale/txt_UDF2'

2022-04-18 12:39:55 - [MESSAGE][PASSED] - Text '' is set on object 'Object Repository/VLink/Page_CCSale/txt_UDF3'

2022-04-18 12:39:56 - [MESSAGE][PASSED] - Text '' is set on object 'Object Repository/VLink/Page_CCSale/txt_UDF4'

2022-04-18 12:39:57 - [MESSAGE][PASSED] - Text '' is set on object 'Object Repository/VLink/Page_CCSale/txt_UDF5'

2022-04-18 12:39:58 - [MESSAGE][PASSED] - Text '' is set on object 'Object Repository/VLink/Page_CCSale/txt_UDF6'

2022-04-18 12:39:58 - [MESSAGE][PASSED] - Text '' is set on object 'Object Repository/VLink/Page_CCSale/txt_UDF7'

2022-04-18 12:39:59 - [MESSAGE][PASSED] - Text '' is set on object 'Object Repository/VLink/Page_CCSale/txt_UDF8'

2022-04-18 12:40:00 - [MESSAGE][PASSED] - Text '' is set on object 'Object Repository/VLink/Page_CCSale/txt_UDF9'

2022-04-18 12:40:00 - [MESSAGE][PASSED] - Text '' is set on object 'Object Repository/VLink/Page_CCSale/txt_UDF10'

2022-04-18 12:40:01 - [MESSAGE][PASSED] - Text '' is set on object 'Object Repository/VLink/Page_CCSale/txt_CardOnFileIndicator'

2022-04-18 12:40:02 - [MESSAGE][PASSED] - Text '' is set on object 'Object Repository/VLink/Page_CCSale/txt_StoredCredentialIndicator'

2022-04-18 12:40:02 - [MESSAGE][PASSED] - Text '' is set on object 'Object Repository/VLink/Page_CCSale/txt_COFScheduledIndicator'

2022-04-18 12:40:03 - [MESSAGE][PASSED] - Text '' is set on object 'Object Repository/VLink/Page_CCSale/txt_COFTransactionInitiatedBy'

2022-04-18 12:40:06 - [MESSAGE][PASSED] - Object: 'Object Repository/VLink/Page_CCSale/btn_ProcessVLinkTransaction' is clicked on

2022-04-18 12:40:11 - [MESSAGE][PASSED] - vlinkPages.saleCCPage.setDataSCC is PASSED

2022-04-18 12:40:11 - [TEST_STEP][PASSED] - if (verifyTextPresent("Transaction approved, no errors", true)): null

2022-04-18 12:40:11 - [MESSAGE][PASSED] - Text 'Transaction approved, no errors' is present on page  using regular expression

2022-04-18 12:40:11 - [TEST_STEP][PASSED] - println("Transaction Approved, no errors text is present on the Confirmation page"): null

2022-04-18 12:40:11 - [TEST_STEP][PASSED] - out.println("Pass Record Number: " + row): null

2022-04-18 12:40:11 - [TEST_STEP][PASSED] - resText = "Pass": null

2022-04-18 12:40:11 - [TEST_STEP][PASSED] - pages.WriteExcel.demoKey(resText, datText, resColumn, datCloumn, fileLoc, nameSheet, row): pages.WriteExcel.demoKey is PASSED

2022-04-18 12:40:11 - [MESSAGE][PASSED] - pages.WriteExcel.demoKey is PASSED

2022-04-18 12:40:11 - [TEST_STEP][PASSED] - sdfo = getText(findTestObject("Object Repository/Page_VLinkReceipt/pre_STX")): Text of object 'Object Repository/Page_VLinkReceipt/pre_STX' is: '<STX>VCx8C5GZ9GDL                  12114915            0  Transaction approved, no errors                   0                                                                                  X OK2254   <ETX>'

2022-04-18 12:40:11 - [MESSAGE][PASSED] - Text of object 'Object Repository/Page_VLinkReceipt/pre_STX' is: '<STX>VCx8C5GZ9GDL                  12114915            0  Transaction approved, no errors                   0                                                                                  X OK2254   <ETX>'

2022-04-18 12:40:11 - [TEST_STEP][PASSED] - out.println("sdfo: " + sdfo): null

2022-04-18 12:40:11 - [TEST_STEP][PASSED] - remID = substring(5, 35).trim(): null

2022-04-18 12:40:11 - [TEST_STEP][PASSED] - out.println("Remittance ID: " + remID): null

2022-04-18 12:40:11 - [TEST_STEP][PASSED] - traxID = substring(35, 55).trim(): null

2022-04-18 12:40:11 - [TEST_STEP][PASSED] - out.println("Transaction ID: " + traxID): null

2022-04-18 12:40:11 - [TEST_STEP][PASSED] - out.println("End Record Number: " + row): null

2022-04-18 12:40:11 - [TEST_STEP][PASSED] - closeBrowser(): Browser is closed

2022-04-18 12:40:12 - [MESSAGE][PASSED] - Browser is closed

2022-04-18 12:40:12 - [TEST_STEP][PASSED] - ExecuteTC = findTestData(dataFile).getValue("Execute", row): null

2022-04-18 12:40:12 - [TEST_STEP][PASSED] - out.println("Value of Execute is : " + ExecuteTC): null

2022-04-18 12:40:12 - [TEST_STEP][PASSED] - if (ExecuteTC.equalsIgnoreCase("Y")): Browser is closed

2022-04-18 12:40:12 - [TEST_STEP][PASSED] - out.println("Begin Record Number: " + row): null

2022-04-18 12:40:12 - [TEST_STEP][PASSED] - today = new java.util.Date(): null

2022-04-18 12:40:12 - [TEST_STEP][PASSED] - println(today): null

2022-04-18 12:40:12 - [TEST_STEP][PASSED] - datText = today: null

2022-04-18 12:40:12 - [TEST_STEP][PASSED] - openBrowser(VLinkURL + "authcap.html"): Browser is opened with url: 'https://dev-algorithm.govolution.com/vlinktest/QA/version_2_0/authcap.html'

2022-04-18 12:40:12 - [MESSAGE][INFO] - Starting 'Chrome' driver

2022-04-18 12:40:12 - [MESSAGE][INFO] - User set preference: ['acceptInsecureCerts', 'true']

2022-04-18 12:40:12 - [MESSAGE][INFO] - Action delay is set to 0 milliseconds

2022-04-18 12:40:14 - [MESSAGE][PASSED] - Browser is opened with url: 'https://dev-algorithm.govolution.com/vlinktest/QA/version_2_0/authcap.html'

2022-04-18 12:40:14 - [TEST_STEP][PASSED] - maximizeWindow(): Current window maximized

2022-04-18 12:40:14 - [MESSAGE][PASSED] - Current window maximized

2022-04-18 12:40:14 - [TEST_STEP][PASSED] - vlinkPages.saleCCPage.setDataSCC(row, dataFile): vlinkPages.saleCCPage.setDataSCC is PASSED

2022-04-18 12:40:17 - [MESSAGE][PASSED] - Object 'Object Repository/VLink/Page_CCSale/txt_CardNumber' is present

2022-04-18 12:40:18 - [MESSAGE][PASSED] - Text '104' is set on object 'Object Repository/VLink/Page_CCSale/txt_TransactionType'

2022-04-18 12:40:18 - [MESSAGE][PASSED] - Text '2.0C' is set on object 'Object Repository/VLink/Page_CCSale/txt_MessageVersion'

2022-04-18 12:40:19 - [MESSAGE][PASSED] - Text 'nJGPkFw3WETs' is set on object 'Object Repository/VLink/Page_CCSale/txt_RemID'

2022-04-18 12:40:20 - [MESSAGE][PASSED] - Text '677' is set on object 'Object Repository/VLink/Page_CCSale/txt_ApplicationId'

2022-04-18 12:40:20 - [MESSAGE][PASSED] - Text 'username' is set on object 'Object Repository/VLink/Page_CCSale/txt_Username'

2022-04-18 12:40:21 - [MESSAGE][PASSED] - Text 'password' is set on object 'Object Repository/VLink/Page_CCSale/txt_Password'

2022-04-18 12:40:21 - [MESSAGE][PASSED] - Text 'fixed_width' is set on object 'Object Repository/VLink/Page_CCSale/txt_ResponseFormat'

2022-04-18 12:40:22 - [MESSAGE][PASSED] - Text 'RETL' is set on object 'Object Repository/VLink/Page_CCSale/txt_Category'

2022-04-18 12:40:23 - [MESSAGE][PASSED] - Text '' is set on object 'Object Repository/VLink/Page_CCSale/txt_TransactionID'

2022-04-18 12:40:23 - [MESSAGE][PASSED] - Text '' is set on object 'Object Repository/VLink/Page_CCSale/txt_ApprovalCode'

2022-04-18 12:40:24 - [MESSAGE][PASSED] - Text 'Roshan Maha' is set on object 'Object Repository/VLink/Page_CCSale/txt_CardName'

2022-04-18 12:40:25 - [MESSAGE][PASSED] - Text '12563 Bazaar road' is set on object 'Object Repository/VLink/Page_CCSale/txt_AL1'

2022-04-18 12:40:26 - [MESSAGE][PASSED] - Text '' is set on object 'Object Repository/VLink/Page_CCSale/txt_AL2'

2022-04-18 12:40:26 - [MESSAGE][PASSED] - Text 'Crofton' is set on object 'Object Repository/VLink/Page_CCSale/txt_CardCity'

2022-04-18 12:40:27 - [MESSAGE][PASSED] - Text 'MD' is set on object 'Object Repository/VLink/Page_CCSale/txt_CardState'

2022-04-18 12:40:28 - [MESSAGE][PASSED] - Text '21114' is set on object 'Object Repository/VLink/Page_CCSale/txt_CardZIP'

2022-04-18 12:40:28 - [MESSAGE][PASSED] - Text '' is set on object 'Object Repository/VLink/Page_CCSale/txt_CountryID'

2022-04-18 12:40:29 - [MESSAGE][PASSED] - Text '3.50' is set on object 'Object Repository/VLink/Page_CCSale/txt_Amount'

2022-04-18 12:40:30 - [MESSAGE][PASSED] - Text '4111111111111111' is set on object 'Object Repository/VLink/Page_CCSale/txt_CardNumber'

2022-04-18 12:40:30 - [MESSAGE][PASSED] - Text '01' is set on object 'Object Repository/VLink/Page_CCSale/txt_ExpMonth'

2022-04-18 12:40:31 - [MESSAGE][PASSED] - Text '2026' is set on object 'Object Repository/VLink/Page_CCSale/txt_ExpYear'

2022-04-18 12:40:32 - [MESSAGE][PASSED] - Text '' is set on object 'Object Repository/VLink/Page_CCSale/txt_CVV'

2022-04-18 12:40:33 - [MESSAGE][PASSED] - Text '' is set on object 'Object Repository/VLink/Page_CCSale/txt_CVVstate'

2022-04-18 12:40:33 - [MESSAGE][PASSED] - Text '' is set on object 'Object Repository/VLink/Page_CCSale/txt_TrackData'

2022-04-18 12:40:34 - [MESSAGE][PASSED] - Text '' is set on object 'Object Repository/VLink/Page_CCSale/txt_Track1Data'

2022-04-18 12:40:35 - [MESSAGE][PASSED] - Text '' is set on object 'Object Repository/VLink/Page_CCSale/txt_Track2Data'

2022-04-18 12:40:35 - [MESSAGE][PASSED] - Text 'manual' is set on object 'Object Repository/VLink/Page_CCSale/txt_POSEntryMode'

2022-04-18 12:40:36 - [MESSAGE][PASSED] - Text '' is set on object 'Object Repository/VLink/Page_CCSale/txt_Email'

2022-04-18 12:40:37 - [MESSAGE][PASSED] - Text '' is set on object 'Object Repository/VLink/Page_CCSale/txt_OrderNumber'

2022-04-18 12:40:37 - [MESSAGE][PASSED] - Text '' is set on object 'Object Repository/VLink/Page_CCSale/txt_TaxAmount'

2022-04-18 12:40:38 - [MESSAGE][PASSED] - Text '' is set on object 'Object Repository/VLink/Page_CCSale/txt_ChargeDescription'

2022-04-18 12:40:39 - [MESSAGE][PASSED] - Text '' is set on object 'Object Repository/VLink/Page_CCSale/txt_CAN'

2022-04-18 12:40:39 - [MESSAGE][PASSED] - Text '' is set on object 'Object Repository/VLink/Page_CCSale/txt_BillPaymentIndicator'

2022-04-18 12:40:40 - [MESSAGE][PASSED] - Text '' is set on object 'Object Repository/VLink/Page_CCSale/txt_UDF1'

2022-04-18 12:40:41 - [MESSAGE][PASSED] - Text '' is set on object 'Object Repository/VLink/Page_CCSale/txt_UDF2'

2022-04-18 12:40:41 - [MESSAGE][PASSED] - Text '' is set on object 'Object Repository/VLink/Page_CCSale/txt_UDF3'

2022-04-18 12:40:42 - [MESSAGE][PASSED] - Text '' is set on object 'Object Repository/VLink/Page_CCSale/txt_UDF4'

2022-04-18 12:40:43 - [MESSAGE][PASSED] - Text '' is set on object 'Object Repository/VLink/Page_CCSale/txt_UDF5'

2022-04-18 12:40:43 - [MESSAGE][PASSED] - Text '' is set on object 'Object Repository/VLink/Page_CCSale/txt_UDF6'

2022-04-18 12:40:44 - [MESSAGE][PASSED] - Text '' is set on object 'Object Repository/VLink/Page_CCSale/txt_UDF7'

2022-04-18 12:40:45 - [MESSAGE][PASSED] - Text '' is set on object 'Object Repository/VLink/Page_CCSale/txt_UDF8'

2022-04-18 12:40:46 - [MESSAGE][PASSED] - Text '' is set on object 'Object Repository/VLink/Page_CCSale/txt_UDF9'

2022-04-18 12:40:46 - [MESSAGE][PASSED] - Text '' is set on object 'Object Repository/VLink/Page_CCSale/txt_UDF10'

2022-04-18 12:40:47 - [MESSAGE][PASSED] - Text '' is set on object 'Object Repository/VLink/Page_CCSale/txt_CardOnFileIndicator'

2022-04-18 12:40:48 - [MESSAGE][PASSED] - Text '' is set on object 'Object Repository/VLink/Page_CCSale/txt_StoredCredentialIndicator'

2022-04-18 12:40:48 - [MESSAGE][PASSED] - Text '' is set on object 'Object Repository/VLink/Page_CCSale/txt_COFScheduledIndicator'

2022-04-18 12:40:49 - [MESSAGE][PASSED] - Text '' is set on object 'Object Repository/VLink/Page_CCSale/txt_COFTransactionInitiatedBy'

2022-04-18 12:40:52 - [MESSAGE][PASSED] - Object: 'Object Repository/VLink/Page_CCSale/btn_ProcessVLinkTransaction' is clicked on

2022-04-18 12:40:57 - [MESSAGE][PASSED] - vlinkPages.saleCCPage.setDataSCC is PASSED

2022-04-18 12:40:57 - [TEST_STEP][PASSED] - if (verifyTextPresent("Transaction approved, no errors", true)): null

2022-04-18 12:40:57 - [MESSAGE][PASSED] - Text 'Transaction approved, no errors' is present on page  using regular expression

2022-04-18 12:40:57 - [TEST_STEP][PASSED] - println("Transaction Approved, no errors text is present on the Confirmation page"): null

2022-04-18 12:40:57 - [TEST_STEP][PASSED] - out.println("Pass Record Number: " + row): null

2022-04-18 12:40:57 - [TEST_STEP][PASSED] - resText = "Pass": null

2022-04-18 12:40:57 - [TEST_STEP][PASSED] - pages.WriteExcel.demoKey(resText, datText, resColumn, datCloumn, fileLoc, nameSheet, row): pages.WriteExcel.demoKey is PASSED

2022-04-18 12:40:57 - [MESSAGE][PASSED] - pages.WriteExcel.demoKey is PASSED

2022-04-18 12:40:57 - [TEST_STEP][PASSED] - sdfo = getText(findTestObject("Object Repository/Page_VLinkReceipt/pre_STX")): Text of object 'Object Repository/Page_VLinkReceipt/pre_STX' is: '<STX>nJGPkFw3WETs                  12114916            0  Transaction approved, no errors                   0                                                                                  X OK2864   <ETX>'

2022-04-18 12:40:58 - [MESSAGE][PASSED] - Text of object 'Object Repository/Page_VLinkReceipt/pre_STX' is: '<STX>nJGPkFw3WETs                  12114916            0  Transaction approved, no errors                   0                                                                                  X OK2864   <ETX>'

2022-04-18 12:40:58 - [TEST_STEP][PASSED] - out.println("sdfo: " + sdfo): null

2022-04-18 12:40:58 - [TEST_STEP][PASSED] - remID = substring(5, 35).trim(): null

2022-04-18 12:40:58 - [TEST_STEP][PASSED] - out.println("Remittance ID: " + remID): null

2022-04-18 12:40:58 - [TEST_STEP][PASSED] - traxID = substring(35, 55).trim(): null

2022-04-18 12:40:58 - [TEST_STEP][PASSED] - out.println("Transaction ID: " + traxID): null

2022-04-18 12:40:58 - [TEST_STEP][PASSED] - out.println("End Record Number: " + row): null

2022-04-18 12:40:58 - [TEST_STEP][PASSED] - closeBrowser(): Browser is closed

2022-04-18 12:40:59 - [MESSAGE][PASSED] - Browser is closed

2022-04-18 12:40:59 - [TEST_STEP][PASSED] - ExecuteTC = findTestData(dataFile).getValue("Execute", row): null

2022-04-18 12:40:59 - [TEST_STEP][PASSED] - out.println("Value of Execute is : " + ExecuteTC): null

2022-04-18 12:40:59 - [TEST_STEP][PASSED] - if (ExecuteTC.equalsIgnoreCase("Y")): Browser is closed

2022-04-18 12:40:59 - [TEST_STEP][PASSED] - out.println("Begin Record Number: " + row): null

2022-04-18 12:40:59 - [TEST_STEP][PASSED] - today = new java.util.Date(): null

2022-04-18 12:40:59 - [TEST_STEP][PASSED] - println(today): null

2022-04-18 12:40:59 - [TEST_STEP][PASSED] - datText = today: null

2022-04-18 12:40:59 - [TEST_STEP][PASSED] - openBrowser(VLinkURL + "authcap.html"): Browser is opened with url: 'https://dev-algorithm.govolution.com/vlinktest/QA/version_2_0/authcap.html'

2022-04-18 12:40:59 - [MESSAGE][INFO] - Starting 'Chrome' driver

2022-04-18 12:40:59 - [MESSAGE][INFO] - User set preference: ['acceptInsecureCerts', 'true']

2022-04-18 12:40:59 - [MESSAGE][INFO] - Action delay is set to 0 milliseconds

2022-04-18 12:41:01 - [MESSAGE][PASSED] - Browser is opened with url: 'https://dev-algorithm.govolution.com/vlinktest/QA/version_2_0/authcap.html'

2022-04-18 12:41:01 - [TEST_STEP][PASSED] - maximizeWindow(): Current window maximized

2022-04-18 12:41:01 - [MESSAGE][PASSED] - Current window maximized

2022-04-18 12:41:01 - [TEST_STEP][PASSED] - vlinkPages.saleCCPage.setDataSCC(row, dataFile): vlinkPages.saleCCPage.setDataSCC is PASSED

2022-04-18 12:41:03 - [MESSAGE][PASSED] - Object 'Object Repository/VLink/Page_CCSale/txt_CardNumber' is present

2022-04-18 12:41:04 - [MESSAGE][PASSED] - Text '104' is set on object 'Object Repository/VLink/Page_CCSale/txt_TransactionType'

2022-04-18 12:41:05 - [MESSAGE][PASSED] - Text '2.0C' is set on object 'Object Repository/VLink/Page_CCSale/txt_MessageVersion'

2022-04-18 12:41:05 - [MESSAGE][PASSED] - Text 'ioBo7OE1oN76' is set on object 'Object Repository/VLink/Page_CCSale/txt_RemID'

2022-04-18 12:41:06 - [MESSAGE][PASSED] - Text '665' is set on object 'Object Repository/VLink/Page_CCSale/txt_ApplicationId'

2022-04-18 12:41:07 - [MESSAGE][PASSED] - Text 'username' is set on object 'Object Repository/VLink/Page_CCSale/txt_Username'

2022-04-18 12:41:07 - [MESSAGE][PASSED] - Text 'password' is set on object 'Object Repository/VLink/Page_CCSale/txt_Password'

2022-04-18 12:41:08 - [MESSAGE][PASSED] - Text 'fixed_width' is set on object 'Object Repository/VLink/Page_CCSale/txt_ResponseFormat'

2022-04-18 12:41:08 - [MESSAGE][PASSED] - Text 'RETL' is set on object 'Object Repository/VLink/Page_CCSale/txt_Category'

2022-04-18 12:41:09 - [MESSAGE][PASSED] - Text '' is set on object 'Object Repository/VLink/Page_CCSale/txt_TransactionID'

2022-04-18 12:41:10 - [MESSAGE][PASSED] - Text '' is set on object 'Object Repository/VLink/Page_CCSale/txt_ApprovalCode'

2022-04-18 12:41:10 - [MESSAGE][PASSED] - Text 'Kris Roshan' is set on object 'Object Repository/VLink/Page_CCSale/txt_CardName'

2022-04-18 12:41:11 - [MESSAGE][PASSED] - Text '258 Elm Road' is set on object 'Object Repository/VLink/Page_CCSale/txt_AL1'

2022-04-18 12:41:12 - [MESSAGE][PASSED] - Text 'Suite 56' is set on object 'Object Repository/VLink/Page_CCSale/txt_AL2'

2022-04-18 12:41:13 - [MESSAGE][PASSED] - Text 'Arlington' is set on object 'Object Repository/VLink/Page_CCSale/txt_CardCity'

2022-04-18 12:41:13 - [MESSAGE][PASSED] - Text 'VA' is set on object 'Object Repository/VLink/Page_CCSale/txt_CardState'

2022-04-18 12:41:14 - [MESSAGE][PASSED] - Text '22201' is set on object 'Object Repository/VLink/Page_CCSale/txt_CardZIP'

2022-04-18 12:41:15 - [MESSAGE][PASSED] - Text '840' is set on object 'Object Repository/VLink/Page_CCSale/txt_CountryID'

2022-04-18 12:41:15 - [MESSAGE][PASSED] - Text '1.50' is set on object 'Object Repository/VLink/Page_CCSale/txt_Amount'

2022-04-18 12:41:16 - [MESSAGE][PASSED] - Text '5424000000000015' is set on object 'Object Repository/VLink/Page_CCSale/txt_CardNumber'

2022-04-18 12:41:17 - [MESSAGE][PASSED] - Text '12' is set on object 'Object Repository/VLink/Page_CCSale/txt_ExpMonth'

2022-04-18 12:41:17 - [MESSAGE][PASSED] - Text '2025' is set on object 'Object Repository/VLink/Page_CCSale/txt_ExpYear'

2022-04-18 12:41:18 - [MESSAGE][PASSED] - Text '' is set on object 'Object Repository/VLink/Page_CCSale/txt_CVV'

2022-04-18 12:41:19 - [MESSAGE][PASSED] - Text '' is set on object 'Object Repository/VLink/Page_CCSale/txt_CVVstate'

2022-04-18 12:41:20 - [MESSAGE][PASSED] - Text '' is set on object 'Object Repository/VLink/Page_CCSale/txt_TrackData'

2022-04-18 12:41:20 - [MESSAGE][PASSED] - Text '' is set on object 'Object Repository/VLink/Page_CCSale/txt_Track1Data'

2022-04-18 12:41:21 - [MESSAGE][PASSED] - Text '' is set on object 'Object Repository/VLink/Page_CCSale/txt_Track2Data'

2022-04-18 12:41:22 - [MESSAGE][PASSED] - Text 'manual' is set on object 'Object Repository/VLink/Page_CCSale/txt_POSEntryMode'

2022-04-18 12:41:22 - [MESSAGE][PASSED] - Text 'iahmed@govolution.com' is set on object 'Object Repository/VLink/Page_CCSale/txt_Email'

2022-04-18 12:41:23 - [MESSAGE][PASSED] - Text '2569362' is set on object 'Object Repository/VLink/Page_CCSale/txt_OrderNumber'

2022-04-18 12:41:24 - [MESSAGE][PASSED] - Text '1.15' is set on object 'Object Repository/VLink/Page_CCSale/txt_TaxAmount'

2022-04-18 12:41:25 - [MESSAGE][PASSED] - Text 'Charge Description' is set on object 'Object Repository/VLink/Page_CCSale/txt_ChargeDescription'

2022-04-18 12:41:25 - [MESSAGE][PASSED] - Text '147357' is set on object 'Object Repository/VLink/Page_CCSale/txt_CAN'

2022-04-18 12:41:26 - [MESSAGE][PASSED] - Text '1' is set on object 'Object Repository/VLink/Page_CCSale/txt_BillPaymentIndicator'

2022-04-18 12:41:27 - [MESSAGE][PASSED] - Text 'UDF Data 1' is set on object 'Object Repository/VLink/Page_CCSale/txt_UDF1'

2022-04-18 12:41:27 - [MESSAGE][PASSED] - Text 'UDF Data 2' is set on object 'Object Repository/VLink/Page_CCSale/txt_UDF2'

2022-04-18 12:41:28 - [MESSAGE][PASSED] - Text 'UDF Data 3' is set on object 'Object Repository/VLink/Page_CCSale/txt_UDF3'

2022-04-18 12:41:29 - [MESSAGE][PASSED] - Text 'UDF Data 4' is set on object 'Object Repository/VLink/Page_CCSale/txt_UDF4'

2022-04-18 12:41:29 - [MESSAGE][PASSED] - Text 'UDF Data 5' is set on object 'Object Repository/VLink/Page_CCSale/txt_UDF5'

2022-04-18 12:41:30 - [MESSAGE][PASSED] - Text 'UDF Data 6' is set on object 'Object Repository/VLink/Page_CCSale/txt_UDF6'

2022-04-18 12:41:31 - [MESSAGE][PASSED] - Text 'UDF Data 7' is set on object 'Object Repository/VLink/Page_CCSale/txt_UDF7'

2022-04-18 12:41:32 - [MESSAGE][PASSED] - Text 'UDF Data 8' is set on object 'Object Repository/VLink/Page_CCSale/txt_UDF8'

2022-04-18 12:41:32 - [MESSAGE][PASSED] - Text 'UDF Data 9' is set on object 'Object Repository/VLink/Page_CCSale/txt_UDF9'

2022-04-18 12:41:33 - [MESSAGE][PASSED] - Text 'UDF Data 10' is set on object 'Object Repository/VLink/Page_CCSale/txt_UDF10'

2022-04-18 12:41:34 - [MESSAGE][PASSED] - Text '' is set on object 'Object Repository/VLink/Page_CCSale/txt_CardOnFileIndicator'

2022-04-18 12:41:34 - [MESSAGE][PASSED] - Text '' is set on object 'Object Repository/VLink/Page_CCSale/txt_StoredCredentialIndicator'

2022-04-18 12:41:35 - [MESSAGE][PASSED] - Text '' is set on object 'Object Repository/VLink/Page_CCSale/txt_COFScheduledIndicator'

2022-04-18 12:41:36 - [MESSAGE][PASSED] - Text '' is set on object 'Object Repository/VLink/Page_CCSale/txt_COFTransactionInitiatedBy'

2022-04-18 12:41:38 - [MESSAGE][PASSED] - Object: 'Object Repository/VLink/Page_CCSale/btn_ProcessVLinkTransaction' is clicked on

2022-04-18 12:41:43 - [MESSAGE][PASSED] - vlinkPages.saleCCPage.setDataSCC is PASSED

2022-04-18 12:41:43 - [TEST_STEP][PASSED] - if (verifyTextPresent("Transaction approved, no errors", true)): null

2022-04-18 12:41:44 - [MESSAGE][PASSED] - Text 'Transaction approved, no errors' is present on page  using regular expression

2022-04-18 12:41:44 - [TEST_STEP][PASSED] - println("Transaction Approved, no errors text is present on the Confirmation page"): null

2022-04-18 12:41:44 - [TEST_STEP][PASSED] - out.println("Pass Record Number: " + row): null

2022-04-18 12:41:44 - [TEST_STEP][PASSED] - resText = "Pass": null

2022-04-18 12:41:44 - [TEST_STEP][PASSED] - pages.WriteExcel.demoKey(resText, datText, resColumn, datCloumn, fileLoc, nameSheet, row): pages.WriteExcel.demoKey is PASSED

2022-04-18 12:41:44 - [MESSAGE][PASSED] - pages.WriteExcel.demoKey is PASSED

2022-04-18 12:41:44 - [TEST_STEP][PASSED] - sdfo = getText(findTestObject("Object Repository/Page_VLinkReceipt/pre_STX")): Text of object 'Object Repository/Page_VLinkReceipt/pre_STX' is: '<STX>ioBo7OE1oN76                  12114918            0  Transaction approved, no errors                   0                                                                                  X OK3544   <ETX>'

2022-04-18 12:41:44 - [MESSAGE][PASSED] - Text of object 'Object Repository/Page_VLinkReceipt/pre_STX' is: '<STX>ioBo7OE1oN76                  12114918            0  Transaction approved, no errors                   0                                                                                  X OK3544   <ETX>'

2022-04-18 12:41:44 - [TEST_STEP][PASSED] - out.println("sdfo: " + sdfo): null

2022-04-18 12:41:44 - [TEST_STEP][PASSED] - remID = substring(5, 35).trim(): null

2022-04-18 12:41:44 - [TEST_STEP][PASSED] - out.println("Remittance ID: " + remID): null

2022-04-18 12:41:44 - [TEST_STEP][PASSED] - traxID = substring(35, 55).trim(): null

2022-04-18 12:41:44 - [TEST_STEP][PASSED] - out.println("Transaction ID: " + traxID): null

2022-04-18 12:41:44 - [TEST_STEP][PASSED] - out.println("End Record Number: " + row): null

2022-04-18 12:41:44 - [TEST_STEP][PASSED] - closeBrowser(): Browser is closed

2022-04-18 12:41:45 - [MESSAGE][PASSED] - Browser is closed

2022-04-18 12:41:45 - [TEST_STEP][PASSED] - ExecuteTC = findTestData(dataFile).getValue("Execute", row): null

2022-04-18 12:41:45 - [TEST_STEP][PASSED] - out.println("Value of Execute is : " + ExecuteTC): null

2022-04-18 12:41:45 - [TEST_STEP][PASSED] - if (ExecuteTC.equalsIgnoreCase("Y")): Browser is closed

2022-04-18 12:41:45 - [TEST_STEP][PASSED] - out.println("Begin Record Number: " + row): null

2022-04-18 12:41:45 - [TEST_STEP][PASSED] - today = new java.util.Date(): null

2022-04-18 12:41:45 - [TEST_STEP][PASSED] - println(today): null

2022-04-18 12:41:45 - [TEST_STEP][PASSED] - datText = today: null

2022-04-18 12:41:45 - [TEST_STEP][PASSED] - openBrowser(VLinkURL + "authcap.html"): Browser is opened with url: 'https://dev-algorithm.govolution.com/vlinktest/QA/version_2_0/authcap.html'

2022-04-18 12:41:45 - [MESSAGE][INFO] - Starting 'Chrome' driver

2022-04-18 12:41:45 - [MESSAGE][INFO] - User set preference: ['acceptInsecureCerts', 'true']

2022-04-18 12:41:45 - [MESSAGE][INFO] - Action delay is set to 0 milliseconds

2022-04-18 12:41:47 - [MESSAGE][PASSED] - Browser is opened with url: 'https://dev-algorithm.govolution.com/vlinktest/QA/version_2_0/authcap.html'

2022-04-18 12:41:47 - [TEST_STEP][PASSED] - maximizeWindow(): Current window maximized

2022-04-18 12:41:47 - [MESSAGE][PASSED] - Current window maximized

2022-04-18 12:41:47 - [TEST_STEP][PASSED] - vlinkPages.saleCCPage.setDataSCC(row, dataFile): vlinkPages.saleCCPage.setDataSCC is PASSED

2022-04-18 12:41:50 - [MESSAGE][PASSED] - Object 'Object Repository/VLink/Page_CCSale/txt_CardNumber' is present

2022-04-18 12:41:50 - [MESSAGE][PASSED] - Text '104' is set on object 'Object Repository/VLink/Page_CCSale/txt_TransactionType'

2022-04-18 12:41:51 - [MESSAGE][PASSED] - Text '2.0C' is set on object 'Object Repository/VLink/Page_CCSale/txt_MessageVersion'

2022-04-18 12:41:51 - [MESSAGE][PASSED] - Text 'jbSoZTFJk4BG' is set on object 'Object Repository/VLink/Page_CCSale/txt_RemID'

2022-04-18 12:41:52 - [MESSAGE][PASSED] - Text '672' is set on object 'Object Repository/VLink/Page_CCSale/txt_ApplicationId'

2022-04-18 12:41:53 - [MESSAGE][PASSED] - Text 'username' is set on object 'Object Repository/VLink/Page_CCSale/txt_Username'

2022-04-18 12:41:53 - [MESSAGE][PASSED] - Text 'password' is set on object 'Object Repository/VLink/Page_CCSale/txt_Password'

2022-04-18 12:41:54 - [MESSAGE][PASSED] - Text 'fixed_width' is set on object 'Object Repository/VLink/Page_CCSale/txt_ResponseFormat'

2022-04-18 12:41:55 - [MESSAGE][PASSED] - Text 'RETL' is set on object 'Object Repository/VLink/Page_CCSale/txt_Category'

2022-04-18 12:41:55 - [MESSAGE][PASSED] - Text '' is set on object 'Object Repository/VLink/Page_CCSale/txt_TransactionID'

2022-04-18 12:41:56 - [MESSAGE][PASSED] - Text '' is set on object 'Object Repository/VLink/Page_CCSale/txt_ApprovalCode'

2022-04-18 12:41:57 - [MESSAGE][PASSED] - Text 'Arvind Silva' is set on object 'Object Repository/VLink/Page_CCSale/txt_CardName'

2022-04-18 12:41:57 - [MESSAGE][PASSED] - Text '111 Main Ave' is set on object 'Object Repository/VLink/Page_CCSale/txt_AL1'

2022-04-18 12:41:58 - [MESSAGE][PASSED] - Text '' is set on object 'Object Repository/VLink/Page_CCSale/txt_AL2'

2022-04-18 12:41:59 - [MESSAGE][PASSED] - Text 'Arlington' is set on object 'Object Repository/VLink/Page_CCSale/txt_CardCity'

2022-04-18 12:41:59 - [MESSAGE][PASSED] - Text 'VA' is set on object 'Object Repository/VLink/Page_CCSale/txt_CardState'

2022-04-18 12:42:00 - [MESSAGE][PASSED] - Text '22201' is set on object 'Object Repository/VLink/Page_CCSale/txt_CardZIP'

2022-04-18 12:42:01 - [MESSAGE][PASSED] - Text '' is set on object 'Object Repository/VLink/Page_CCSale/txt_CountryID'

2022-04-18 12:42:01 - [MESSAGE][PASSED] - Text '2.50' is set on object 'Object Repository/VLink/Page_CCSale/txt_Amount'

2022-04-18 12:42:02 - [MESSAGE][PASSED] - Text '5424000000000015' is set on object 'Object Repository/VLink/Page_CCSale/txt_CardNumber'

2022-04-18 12:42:03 - [MESSAGE][PASSED] - Text '01' is set on object 'Object Repository/VLink/Page_CCSale/txt_ExpMonth'

2022-04-18 12:42:04 - [MESSAGE][PASSED] - Text '2026' is set on object 'Object Repository/VLink/Page_CCSale/txt_ExpYear'

2022-04-18 12:42:04 - [MESSAGE][PASSED] - Text '' is set on object 'Object Repository/VLink/Page_CCSale/txt_CVV'

2022-04-18 12:42:05 - [MESSAGE][PASSED] - Text '' is set on object 'Object Repository/VLink/Page_CCSale/txt_CVVstate'

2022-04-18 12:42:06 - [MESSAGE][PASSED] - Text '' is set on object 'Object Repository/VLink/Page_CCSale/txt_TrackData'

2022-04-18 12:42:06 - [MESSAGE][PASSED] - Text '' is set on object 'Object Repository/VLink/Page_CCSale/txt_Track1Data'

2022-04-18 12:42:07 - [MESSAGE][PASSED] - Text '' is set on object 'Object Repository/VLink/Page_CCSale/txt_Track2Data'

2022-04-18 12:42:08 - [MESSAGE][PASSED] - Text 'manual' is set on object 'Object Repository/VLink/Page_CCSale/txt_POSEntryMode'

2022-04-18 12:42:08 - [MESSAGE][PASSED] - Text '' is set on object 'Object Repository/VLink/Page_CCSale/txt_Email'

2022-04-18 12:42:09 - [MESSAGE][PASSED] - Text '' is set on object 'Object Repository/VLink/Page_CCSale/txt_OrderNumber'

2022-04-18 12:42:10 - [MESSAGE][PASSED] - Text '' is set on object 'Object Repository/VLink/Page_CCSale/txt_TaxAmount'

2022-04-18 12:42:10 - [MESSAGE][PASSED] - Text '' is set on object 'Object Repository/VLink/Page_CCSale/txt_ChargeDescription'

2022-04-18 12:42:11 - [MESSAGE][PASSED] - Text '' is set on object 'Object Repository/VLink/Page_CCSale/txt_CAN'

2022-04-18 12:42:12 - [MESSAGE][PASSED] - Text '' is set on object 'Object Repository/VLink/Page_CCSale/txt_BillPaymentIndicator'

2022-04-18 12:42:12 - [MESSAGE][PASSED] - Text '' is set on object 'Object Repository/VLink/Page_CCSale/txt_UDF1'

2022-04-18 12:42:13 - [MESSAGE][PASSED] - Text '' is set on object 'Object Repository/VLink/Page_CCSale/txt_UDF2'

2022-04-18 12:42:14 - [MESSAGE][PASSED] - Text '' is set on object 'Object Repository/VLink/Page_CCSale/txt_UDF3'

2022-04-18 12:42:14 - [MESSAGE][PASSED] - Text '' is set on object 'Object Repository/VLink/Page_CCSale/txt_UDF4'

2022-04-18 12:42:15 - [MESSAGE][PASSED] - Text '' is set on object 'Object Repository/VLink/Page_CCSale/txt_UDF5'

2022-04-18 12:42:16 - [MESSAGE][PASSED] - Text '' is set on object 'Object Repository/VLink/Page_CCSale/txt_UDF6'

2022-04-18 12:42:17 - [MESSAGE][PASSED] - Text '' is set on object 'Object Repository/VLink/Page_CCSale/txt_UDF7'

2022-04-18 12:42:17 - [MESSAGE][PASSED] - Text '' is set on object 'Object Repository/VLink/Page_CCSale/txt_UDF8'

2022-04-18 12:42:18 - [MESSAGE][PASSED] - Text '' is set on object 'Object Repository/VLink/Page_CCSale/txt_UDF9'

2022-04-18 12:42:19 - [MESSAGE][PASSED] - Text '' is set on object 'Object Repository/VLink/Page_CCSale/txt_UDF10'

2022-04-18 12:42:19 - [MESSAGE][PASSED] - Text '' is set on object 'Object Repository/VLink/Page_CCSale/txt_CardOnFileIndicator'

2022-04-18 12:42:20 - [MESSAGE][PASSED] - Text '' is set on object 'Object Repository/VLink/Page_CCSale/txt_StoredCredentialIndicator'

2022-04-18 12:42:21 - [MESSAGE][PASSED] - Text '' is set on object 'Object Repository/VLink/Page_CCSale/txt_COFScheduledIndicator'

2022-04-18 12:42:21 - [MESSAGE][PASSED] - Text '' is set on object 'Object Repository/VLink/Page_CCSale/txt_COFTransactionInitiatedBy'

2022-04-18 12:42:24 - [MESSAGE][PASSED] - Object: 'Object Repository/VLink/Page_CCSale/btn_ProcessVLinkTransaction' is clicked on

2022-04-18 12:42:29 - [MESSAGE][PASSED] - vlinkPages.saleCCPage.setDataSCC is PASSED

2022-04-18 12:42:29 - [TEST_STEP][PASSED] - if (verifyTextPresent("Transaction approved, no errors", true)): null

2022-04-18 12:42:29 - [MESSAGE][PASSED] - Text 'Transaction approved, no errors' is present on page  using regular expression

2022-04-18 12:42:29 - [TEST_STEP][PASSED] - println("Transaction Approved, no errors text is present on the Confirmation page"): null

2022-04-18 12:42:29 - [TEST_STEP][PASSED] - out.println("Pass Record Number: " + row): null

2022-04-18 12:42:29 - [TEST_STEP][PASSED] - resText = "Pass": null

2022-04-18 12:42:29 - [TEST_STEP][PASSED] - pages.WriteExcel.demoKey(resText, datText, resColumn, datCloumn, fileLoc, nameSheet, row): pages.WriteExcel.demoKey is PASSED

2022-04-18 12:42:30 - [MESSAGE][PASSED] - pages.WriteExcel.demoKey is PASSED

2022-04-18 12:42:30 - [TEST_STEP][PASSED] - sdfo = getText(findTestObject("Object Repository/Page_VLinkReceipt/pre_STX")): Text of object 'Object Repository/Page_VLinkReceipt/pre_STX' is: '<STX>jbSoZTFJk4BG                  12114919            0  Transaction approved, no errors                   0                                                                                  X OK4074   <ETX>'

2022-04-18 12:42:30 - [MESSAGE][PASSED] - Text of object 'Object Repository/Page_VLinkReceipt/pre_STX' is: '<STX>jbSoZTFJk4BG                  12114919            0  Transaction approved, no errors                   0                                                                                  X OK4074   <ETX>'

2022-04-18 12:42:30 - [TEST_STEP][PASSED] - out.println("sdfo: " + sdfo): null

2022-04-18 12:42:30 - [TEST_STEP][PASSED] - remID = substring(5, 35).trim(): null

2022-04-18 12:42:30 - [TEST_STEP][PASSED] - out.println("Remittance ID: " + remID): null

2022-04-18 12:42:30 - [TEST_STEP][PASSED] - traxID = substring(35, 55).trim(): null

2022-04-18 12:42:30 - [TEST_STEP][PASSED] - out.println("Transaction ID: " + traxID): null

2022-04-18 12:42:30 - [TEST_STEP][PASSED] - out.println("End Record Number: " + row): null

2022-04-18 12:42:30 - [TEST_STEP][PASSED] - closeBrowser(): Browser is closed

2022-04-18 12:42:31 - [MESSAGE][PASSED] - Browser is closed

2022-04-18 12:42:31 - [TEST_STEP][PASSED] - ExecuteTC = findTestData(dataFile).getValue("Execute", row): null

2022-04-18 12:42:31 - [TEST_STEP][PASSED] - out.println("Value of Execute is : " + ExecuteTC): null

2022-04-18 12:42:31 - [TEST_STEP][PASSED] - if (ExecuteTC.equalsIgnoreCase("Y")): Browser is closed

2022-04-18 12:42:31 - [TEST_STEP][PASSED] - out.println("Begin Record Number: " + row): null

2022-04-18 12:42:31 - [TEST_STEP][PASSED] - today = new java.util.Date(): null

2022-04-18 12:42:31 - [TEST_STEP][PASSED] - println(today): null

2022-04-18 12:42:31 - [TEST_STEP][PASSED] - datText = today: null

2022-04-18 12:42:31 - [TEST_STEP][PASSED] - openBrowser(VLinkURL + "authcap.html"): Browser is opened with url: 'https://dev-algorithm.govolution.com/vlinktest/QA/version_2_0/authcap.html'

2022-04-18 12:42:31 - [MESSAGE][INFO] - Starting 'Chrome' driver

2022-04-18 12:42:31 - [MESSAGE][INFO] - User set preference: ['acceptInsecureCerts', 'true']

2022-04-18 12:42:31 - [MESSAGE][INFO] - Action delay is set to 0 milliseconds

2022-04-18 12:42:33 - [MESSAGE][PASSED] - Browser is opened with url: 'https://dev-algorithm.govolution.com/vlinktest/QA/version_2_0/authcap.html'

2022-04-18 12:42:33 - [TEST_STEP][PASSED] - maximizeWindow(): Current window maximized

2022-04-18 12:42:33 - [MESSAGE][PASSED] - Current window maximized

2022-04-18 12:42:33 - [TEST_STEP][PASSED] - vlinkPages.saleCCPage.setDataSCC(row, dataFile): vlinkPages.saleCCPage.setDataSCC is PASSED

2022-04-18 12:42:35 - [MESSAGE][PASSED] - Object 'Object Repository/VLink/Page_CCSale/txt_CardNumber' is present

2022-04-18 12:42:36 - [MESSAGE][PASSED] - Text '104' is set on object 'Object Repository/VLink/Page_CCSale/txt_TransactionType'

2022-04-18 12:42:37 - [MESSAGE][PASSED] - Text '2.0C' is set on object 'Object Repository/VLink/Page_CCSale/txt_MessageVersion'

2022-04-18 12:42:37 - [MESSAGE][PASSED] - Text 'iPJykIbXqxCc' is set on object 'Object Repository/VLink/Page_CCSale/txt_RemID'

2022-04-18 12:42:38 - [MESSAGE][PASSED] - Text '677' is set on object 'Object Repository/VLink/Page_CCSale/txt_ApplicationId'

2022-04-18 12:42:39 - [MESSAGE][PASSED] - Text 'username' is set on object 'Object Repository/VLink/Page_CCSale/txt_Username'

2022-04-18 12:42:39 - [MESSAGE][PASSED] - Text 'password' is set on object 'Object Repository/VLink/Page_CCSale/txt_Password'

2022-04-18 12:42:40 - [MESSAGE][PASSED] - Text 'fixed_width' is set on object 'Object Repository/VLink/Page_CCSale/txt_ResponseFormat'

2022-04-18 12:42:40 - [MESSAGE][PASSED] - Text 'RETL' is set on object 'Object Repository/VLink/Page_CCSale/txt_Category'

2022-04-18 12:42:41 - [MESSAGE][PASSED] - Text '' is set on object 'Object Repository/VLink/Page_CCSale/txt_TransactionID'

2022-04-18 12:42:42 - [MESSAGE][PASSED] - Text '' is set on object 'Object Repository/VLink/Page_CCSale/txt_ApprovalCode'

2022-04-18 12:42:42 - [MESSAGE][PASSED] - Text 'Roshan Maha' is set on object 'Object Repository/VLink/Page_CCSale/txt_CardName'

2022-04-18 12:42:43 - [MESSAGE][PASSED] - Text '12563 Bazaar road' is set on object 'Object Repository/VLink/Page_CCSale/txt_AL1'

2022-04-18 12:42:44 - [MESSAGE][PASSED] - Text '' is set on object 'Object Repository/VLink/Page_CCSale/txt_AL2'

2022-04-18 12:42:45 - [MESSAGE][PASSED] - Text 'Crofton' is set on object 'Object Repository/VLink/Page_CCSale/txt_CardCity'

2022-04-18 12:42:45 - [MESSAGE][PASSED] - Text 'MD' is set on object 'Object Repository/VLink/Page_CCSale/txt_CardState'

2022-04-18 12:42:46 - [MESSAGE][PASSED] - Text '21114' is set on object 'Object Repository/VLink/Page_CCSale/txt_CardZIP'

2022-04-18 12:42:47 - [MESSAGE][PASSED] - Text '' is set on object 'Object Repository/VLink/Page_CCSale/txt_CountryID'

2022-04-18 12:42:47 - [MESSAGE][PASSED] - Text '3.50' is set on object 'Object Repository/VLink/Page_CCSale/txt_Amount'

2022-04-18 12:42:48 - [MESSAGE][PASSED] - Text '5424000000000015' is set on object 'Object Repository/VLink/Page_CCSale/txt_CardNumber'

2022-04-18 12:42:49 - [MESSAGE][PASSED] - Text '01' is set on object 'Object Repository/VLink/Page_CCSale/txt_ExpMonth'

2022-04-18 12:42:49 - [MESSAGE][PASSED] - Text '2026' is set on object 'Object Repository/VLink/Page_CCSale/txt_ExpYear'

2022-04-18 12:42:50 - [MESSAGE][PASSED] - Text '' is set on object 'Object Repository/VLink/Page_CCSale/txt_CVV'

2022-04-18 12:42:51 - [MESSAGE][PASSED] - Text '' is set on object 'Object Repository/VLink/Page_CCSale/txt_CVVstate'

2022-04-18 12:42:52 - [MESSAGE][PASSED] - Text '' is set on object 'Object Repository/VLink/Page_CCSale/txt_TrackData'

2022-04-18 12:42:52 - [MESSAGE][PASSED] - Text '' is set on object 'Object Repository/VLink/Page_CCSale/txt_Track1Data'

2022-04-18 12:42:53 - [MESSAGE][PASSED] - Text '' is set on object 'Object Repository/VLink/Page_CCSale/txt_Track2Data'

2022-04-18 12:42:54 - [MESSAGE][PASSED] - Text 'manual' is set on object 'Object Repository/VLink/Page_CCSale/txt_POSEntryMode'

2022-04-18 12:42:54 - [MESSAGE][PASSED] - Text '' is set on object 'Object Repository/VLink/Page_CCSale/txt_Email'

2022-04-18 12:42:55 - [MESSAGE][PASSED] - Text '' is set on object 'Object Repository/VLink/Page_CCSale/txt_OrderNumber'

2022-04-18 12:42:56 - [MESSAGE][PASSED] - Text '' is set on object 'Object Repository/VLink/Page_CCSale/txt_TaxAmount'

2022-04-18 12:42:56 - [MESSAGE][PASSED] - Text '' is set on object 'Object Repository/VLink/Page_CCSale/txt_ChargeDescription'

2022-04-18 12:42:57 - [MESSAGE][PASSED] - Text '' is set on object 'Object Repository/VLink/Page_CCSale/txt_CAN'

2022-04-18 12:42:58 - [MESSAGE][PASSED] - Text '' is set on object 'Object Repository/VLink/Page_CCSale/txt_BillPaymentIndicator'

2022-04-18 12:42:58 - [MESSAGE][PASSED] - Text '' is set on object 'Object Repository/VLink/Page_CCSale/txt_UDF1'

2022-04-18 12:42:59 - [MESSAGE][PASSED] - Text '' is set on object 'Object Repository/VLink/Page_CCSale/txt_UDF2'

2022-04-18 12:43:00 - [MESSAGE][PASSED] - Text '' is set on object 'Object Repository/VLink/Page_CCSale/txt_UDF3'

2022-04-18 12:43:01 - [MESSAGE][PASSED] - Text '' is set on object 'Object Repository/VLink/Page_CCSale/txt_UDF4'

2022-04-18 12:43:01 - [MESSAGE][PASSED] - Text '' is set on object 'Object Repository/VLink/Page_CCSale/txt_UDF5'

2022-04-18 12:43:02 - [MESSAGE][PASSED] - Text '' is set on object 'Object Repository/VLink/Page_CCSale/txt_UDF6'

2022-04-18 12:43:03 - [MESSAGE][PASSED] - Text '' is set on object 'Object Repository/VLink/Page_CCSale/txt_UDF7'

2022-04-18 12:43:03 - [MESSAGE][PASSED] - Text '' is set on object 'Object Repository/VLink/Page_CCSale/txt_UDF8'

2022-04-18 12:43:04 - [MESSAGE][PASSED] - Text '' is set on object 'Object Repository/VLink/Page_CCSale/txt_UDF9'

2022-04-18 12:43:05 - [MESSAGE][PASSED] - Text '' is set on object 'Object Repository/VLink/Page_CCSale/txt_UDF10'

2022-04-18 12:43:05 - [MESSAGE][PASSED] - Text '' is set on object 'Object Repository/VLink/Page_CCSale/txt_CardOnFileIndicator'

2022-04-18 12:43:06 - [MESSAGE][PASSED] - Text '' is set on object 'Object Repository/VLink/Page_CCSale/txt_StoredCredentialIndicator'

2022-04-18 12:43:07 - [MESSAGE][PASSED] - Text '' is set on object 'Object Repository/VLink/Page_CCSale/txt_COFScheduledIndicator'

2022-04-18 12:43:08 - [MESSAGE][PASSED] - Text '' is set on object 'Object Repository/VLink/Page_CCSale/txt_COFTransactionInitiatedBy'

2022-04-18 12:43:10 - [MESSAGE][PASSED] - Object: 'Object Repository/VLink/Page_CCSale/btn_ProcessVLinkTransaction' is clicked on

2022-04-18 12:43:15 - [MESSAGE][PASSED] - vlinkPages.saleCCPage.setDataSCC is PASSED

2022-04-18 12:43:15 - [TEST_STEP][PASSED] - if (verifyTextPresent("Transaction approved, no errors", true)): null

2022-04-18 12:43:16 - [MESSAGE][PASSED] - Text 'Transaction approved, no errors' is present on page  using regular expression

2022-04-18 12:43:16 - [TEST_STEP][PASSED] - println("Transaction Approved, no errors text is present on the Confirmation page"): null

2022-04-18 12:43:16 - [TEST_STEP][PASSED] - out.println("Pass Record Number: " + row): null

2022-04-18 12:43:16 - [TEST_STEP][PASSED] - resText = "Pass": null

2022-04-18 12:43:16 - [TEST_STEP][PASSED] - pages.WriteExcel.demoKey(resText, datText, resColumn, datCloumn, fileLoc, nameSheet, row): pages.WriteExcel.demoKey is PASSED

2022-04-18 12:43:16 - [MESSAGE][PASSED] - pages.WriteExcel.demoKey is PASSED

2022-04-18 12:43:16 - [TEST_STEP][PASSED] - sdfo = getText(findTestObject("Object Repository/Page_VLinkReceipt/pre_STX")): Text of object 'Object Repository/Page_VLinkReceipt/pre_STX' is: '<STX>iPJykIbXqxCc                  12114920            0  Transaction approved, no errors                   0                                                                                  X OK4244   <ETX>'

2022-04-18 12:43:16 - [MESSAGE][PASSED] - Text of object 'Object Repository/Page_VLinkReceipt/pre_STX' is: '<STX>iPJykIbXqxCc                  12114920            0  Transaction approved, no errors                   0                                                                                  X OK4244   <ETX>'

2022-04-18 12:43:16 - [TEST_STEP][PASSED] - out.println("sdfo: " + sdfo): null

2022-04-18 12:43:16 - [TEST_STEP][PASSED] - remID = substring(5, 35).trim(): null

2022-04-18 12:43:16 - [TEST_STEP][PASSED] - out.println("Remittance ID: " + remID): null

2022-04-18 12:43:16 - [TEST_STEP][PASSED] - traxID = substring(35, 55).trim(): null

2022-04-18 12:43:16 - [TEST_STEP][PASSED] - out.println("Transaction ID: " + traxID): null

2022-04-18 12:43:16 - [TEST_STEP][PASSED] - out.println("End Record Number: " + row): null

2022-04-18 12:43:16 - [TEST_STEP][PASSED] - closeBrowser(): Browser is closed

2022-04-18 12:43:17 - [MESSAGE][PASSED] - Browser is closed

2022-04-18 12:43:17 - [TEST_STEP][PASSED] - ExecuteTC = findTestData(dataFile).getValue("Execute", row): null

2022-04-18 12:43:17 - [TEST_STEP][PASSED] - out.println("Value of Execute is : " + ExecuteTC): null

2022-04-18 12:43:17 - [TEST_STEP][PASSED] - if (ExecuteTC.equalsIgnoreCase("Y")): Browser is closed

2022-04-18 12:43:17 - [TEST_STEP][PASSED] - out.println("Begin Record Number: " + row): null

2022-04-18 12:43:17 - [TEST_STEP][PASSED] - today = new java.util.Date(): null

2022-04-18 12:43:17 - [TEST_STEP][PASSED] - println(today): null

2022-04-18 12:43:17 - [TEST_STEP][PASSED] - datText = today: null

2022-04-18 12:43:17 - [TEST_STEP][PASSED] - openBrowser(VLinkURL + "authcap.html"): Browser is opened with url: 'https://dev-algorithm.govolution.com/vlinktest/QA/version_2_0/authcap.html'

2022-04-18 12:43:17 - [MESSAGE][INFO] - Starting 'Chrome' driver

2022-04-18 12:43:17 - [MESSAGE][INFO] - User set preference: ['acceptInsecureCerts', 'true']

2022-04-18 12:43:17 - [MESSAGE][INFO] - Action delay is set to 0 milliseconds

2022-04-18 12:43:19 - [MESSAGE][PASSED] - Browser is opened with url: 'https://dev-algorithm.govolution.com/vlinktest/QA/version_2_0/authcap.html'

2022-04-18 12:43:19 - [TEST_STEP][PASSED] - maximizeWindow(): Current window maximized

2022-04-18 12:43:19 - [MESSAGE][PASSED] - Current window maximized

2022-04-18 12:43:19 - [TEST_STEP][PASSED] - vlinkPages.saleCCPage.setDataSCC(row, dataFile): vlinkPages.saleCCPage.setDataSCC is PASSED

2022-04-18 12:43:22 - [MESSAGE][PASSED] - Object 'Object Repository/VLink/Page_CCSale/txt_CardNumber' is present

2022-04-18 12:43:23 - [MESSAGE][PASSED] - Text '104' is set on object 'Object Repository/VLink/Page_CCSale/txt_TransactionType'

2022-04-18 12:43:23 - [MESSAGE][PASSED] - Text '2.0C' is set on object 'Object Repository/VLink/Page_CCSale/txt_MessageVersion'

2022-04-18 12:43:24 - [MESSAGE][PASSED] - Text 'SlF5T3rznDp5' is set on object 'Object Repository/VLink/Page_CCSale/txt_RemID'

2022-04-18 12:43:25 - [MESSAGE][PASSED] - Text '665' is set on object 'Object Repository/VLink/Page_CCSale/txt_ApplicationId'

2022-04-18 12:43:25 - [MESSAGE][PASSED] - Text 'username' is set on object 'Object Repository/VLink/Page_CCSale/txt_Username'

2022-04-18 12:43:26 - [MESSAGE][PASSED] - Text 'password' is set on object 'Object Repository/VLink/Page_CCSale/txt_Password'

2022-04-18 12:43:26 - [MESSAGE][PASSED] - Text 'fixed_width' is set on object 'Object Repository/VLink/Page_CCSale/txt_ResponseFormat'

2022-04-18 12:43:27 - [MESSAGE][PASSED] - Text 'RETL' is set on object 'Object Repository/VLink/Page_CCSale/txt_Category'

2022-04-18 12:43:28 - [MESSAGE][PASSED] - Text '' is set on object 'Object Repository/VLink/Page_CCSale/txt_TransactionID'

2022-04-18 12:43:28 - [MESSAGE][PASSED] - Text '' is set on object 'Object Repository/VLink/Page_CCSale/txt_ApprovalCode'

2022-04-18 12:43:29 - [MESSAGE][PASSED] - Text 'Kris Roshan' is set on object 'Object Repository/VLink/Page_CCSale/txt_CardName'

2022-04-18 12:43:30 - [MESSAGE][PASSED] - Text '258 Elm Road' is set on object 'Object Repository/VLink/Page_CCSale/txt_AL1'

2022-04-18 12:43:30 - [MESSAGE][PASSED] - Text 'Suite 56' is set on object 'Object Repository/VLink/Page_CCSale/txt_AL2'

2022-04-18 12:43:31 - [MESSAGE][PASSED] - Text 'Arlington' is set on object 'Object Repository/VLink/Page_CCSale/txt_CardCity'

2022-04-18 12:43:32 - [MESSAGE][PASSED] - Text 'VA' is set on object 'Object Repository/VLink/Page_CCSale/txt_CardState'

2022-04-18 12:43:33 - [MESSAGE][PASSED] - Text '22201' is set on object 'Object Repository/VLink/Page_CCSale/txt_CardZIP'

2022-04-18 12:43:33 - [MESSAGE][PASSED] - Text '840' is set on object 'Object Repository/VLink/Page_CCSale/txt_CountryID'

2022-04-18 12:43:34 - [MESSAGE][PASSED] - Text '1.50' is set on object 'Object Repository/VLink/Page_CCSale/txt_Amount'

2022-04-18 12:43:35 - [MESSAGE][PASSED] - Text '370000000000002' is set on object 'Object Repository/VLink/Page_CCSale/txt_CardNumber'

2022-04-18 12:43:35 - [MESSAGE][PASSED] - Text '12' is set on object 'Object Repository/VLink/Page_CCSale/txt_ExpMonth'

2022-04-18 12:43:36 - [MESSAGE][PASSED] - Text '2025' is set on object 'Object Repository/VLink/Page_CCSale/txt_ExpYear'

2022-04-18 12:43:37 - [MESSAGE][PASSED] - Text '' is set on object 'Object Repository/VLink/Page_CCSale/txt_CVV'

2022-04-18 12:43:38 - [MESSAGE][PASSED] - Text '' is set on object 'Object Repository/VLink/Page_CCSale/txt_CVVstate'

2022-04-18 12:43:38 - [MESSAGE][PASSED] - Text '' is set on object 'Object Repository/VLink/Page_CCSale/txt_TrackData'

2022-04-18 12:43:39 - [MESSAGE][PASSED] - Text '' is set on object 'Object Repository/VLink/Page_CCSale/txt_Track1Data'

2022-04-18 12:43:40 - [MESSAGE][PASSED] - Text '' is set on object 'Object Repository/VLink/Page_CCSale/txt_Track2Data'

2022-04-18 12:43:40 - [MESSAGE][PASSED] - Text 'manual' is set on object 'Object Repository/VLink/Page_CCSale/txt_POSEntryMode'

2022-04-18 12:43:41 - [MESSAGE][PASSED] - Text 'iahmed@govolution.com' is set on object 'Object Repository/VLink/Page_CCSale/txt_Email'

2022-04-18 12:43:42 - [MESSAGE][PASSED] - Text '2569362' is set on object 'Object Repository/VLink/Page_CCSale/txt_OrderNumber'

2022-04-18 12:43:42 - [MESSAGE][PASSED] - Text '1.15' is set on object 'Object Repository/VLink/Page_CCSale/txt_TaxAmount'

2022-04-18 12:43:43 - [MESSAGE][PASSED] - Text 'Charge Description' is set on object 'Object Repository/VLink/Page_CCSale/txt_ChargeDescription'

2022-04-18 12:43:44 - [MESSAGE][PASSED] - Text '147357' is set on object 'Object Repository/VLink/Page_CCSale/txt_CAN'

2022-04-18 12:43:44 - [MESSAGE][PASSED] - Text '1' is set on object 'Object Repository/VLink/Page_CCSale/txt_BillPaymentIndicator'

2022-04-18 12:43:45 - [MESSAGE][PASSED] - Text 'UDF Data 1' is set on object 'Object Repository/VLink/Page_CCSale/txt_UDF1'

2022-04-18 12:43:46 - [MESSAGE][PASSED] - Text 'UDF Data 2' is set on object 'Object Repository/VLink/Page_CCSale/txt_UDF2'

2022-04-18 12:43:47 - [MESSAGE][PASSED] - Text 'UDF Data 3' is set on object 'Object Repository/VLink/Page_CCSale/txt_UDF3'

2022-04-18 12:43:47 - [MESSAGE][PASSED] - Text 'UDF Data 4' is set on object 'Object Repository/VLink/Page_CCSale/txt_UDF4'

2022-04-18 12:43:48 - [MESSAGE][PASSED] - Text 'UDF Data 5' is set on object 'Object Repository/VLink/Page_CCSale/txt_UDF5'

2022-04-18 12:43:49 - [MESSAGE][PASSED] - Text 'UDF Data 6' is set on object 'Object Repository/VLink/Page_CCSale/txt_UDF6'

2022-04-18 12:43:49 - [MESSAGE][PASSED] - Text 'UDF Data 7' is set on object 'Object Repository/VLink/Page_CCSale/txt_UDF7'

2022-04-18 12:43:50 - [MESSAGE][PASSED] - Text 'UDF Data 8' is set on object 'Object Repository/VLink/Page_CCSale/txt_UDF8'

2022-04-18 12:43:51 - [MESSAGE][PASSED] - Text 'UDF Data 9' is set on object 'Object Repository/VLink/Page_CCSale/txt_UDF9'

2022-04-18 12:43:52 - [MESSAGE][PASSED] - Text 'UDF Data 10' is set on object 'Object Repository/VLink/Page_CCSale/txt_UDF10'

2022-04-18 12:43:52 - [MESSAGE][PASSED] - Text '' is set on object 'Object Repository/VLink/Page_CCSale/txt_CardOnFileIndicator'

2022-04-18 12:43:53 - [MESSAGE][PASSED] - Text '' is set on object 'Object Repository/VLink/Page_CCSale/txt_StoredCredentialIndicator'

2022-04-18 12:43:54 - [MESSAGE][PASSED] - Text '' is set on object 'Object Repository/VLink/Page_CCSale/txt_COFScheduledIndicator'

2022-04-18 12:43:54 - [MESSAGE][PASSED] - Text '' is set on object 'Object Repository/VLink/Page_CCSale/txt_COFTransactionInitiatedBy'

2022-04-18 12:43:57 - [MESSAGE][PASSED] - Object: 'Object Repository/VLink/Page_CCSale/btn_ProcessVLinkTransaction' is clicked on

2022-04-18 12:44:02 - [MESSAGE][PASSED] - vlinkPages.saleCCPage.setDataSCC is PASSED

2022-04-18 12:44:02 - [TEST_STEP][PASSED] - if (verifyTextPresent("Transaction approved, no errors", true)): null

2022-04-18 12:44:03 - [MESSAGE][PASSED] - Text 'Transaction approved, no errors' is present on page  using regular expression

2022-04-18 12:44:03 - [TEST_STEP][PASSED] - println("Transaction Approved, no errors text is present on the Confirmation page"): null

2022-04-18 12:44:03 - [TEST_STEP][PASSED] - out.println("Pass Record Number: " + row): null

2022-04-18 12:44:03 - [TEST_STEP][PASSED] - resText = "Pass": null

2022-04-18 12:44:03 - [TEST_STEP][PASSED] - pages.WriteExcel.demoKey(resText, datText, resColumn, datCloumn, fileLoc, nameSheet, row): pages.WriteExcel.demoKey is PASSED

2022-04-18 12:44:03 - [MESSAGE][PASSED] - pages.WriteExcel.demoKey is PASSED

2022-04-18 12:44:03 - [TEST_STEP][PASSED] - sdfo = getText(findTestObject("Object Repository/Page_VLinkReceipt/pre_STX")): Text of object 'Object Repository/Page_VLinkReceipt/pre_STX' is: '<STX>SlF5T3rznDp5                  12114922            0  Transaction approved, no errors                   0                                                                                  X OK4314   <ETX>'

2022-04-18 12:44:03 - [MESSAGE][PASSED] - Text of object 'Object Repository/Page_VLinkReceipt/pre_STX' is: '<STX>SlF5T3rznDp5                  12114922            0  Transaction approved, no errors                   0                                                                                  X OK4314   <ETX>'

2022-04-18 12:44:03 - [TEST_STEP][PASSED] - out.println("sdfo: " + sdfo): null

2022-04-18 12:44:03 - [TEST_STEP][PASSED] - remID = substring(5, 35).trim(): null

2022-04-18 12:44:03 - [TEST_STEP][PASSED] - out.println("Remittance ID: " + remID): null

2022-04-18 12:44:03 - [TEST_STEP][PASSED] - traxID = substring(35, 55).trim(): null

2022-04-18 12:44:03 - [TEST_STEP][PASSED] - out.println("Transaction ID: " + traxID): null

2022-04-18 12:44:03 - [TEST_STEP][PASSED] - out.println("End Record Number: " + row): null

2022-04-18 12:44:03 - [TEST_STEP][PASSED] - closeBrowser(): Browser is closed

2022-04-18 12:44:04 - [MESSAGE][PASSED] - Browser is closed

2022-04-18 12:44:04 - [TEST_STEP][PASSED] - ExecuteTC = findTestData(dataFile).getValue("Execute", row): null

2022-04-18 12:44:04 - [TEST_STEP][PASSED] - out.println("Value of Execute is : " + ExecuteTC): null

2022-04-18 12:44:04 - [TEST_STEP][PASSED] - if (ExecuteTC.equalsIgnoreCase("Y")): Browser is closed

2022-04-18 12:44:04 - [TEST_STEP][PASSED] - out.println("Begin Record Number: " + row): null

2022-04-18 12:44:04 - [TEST_STEP][PASSED] - today = new java.util.Date(): null

2022-04-18 12:44:04 - [TEST_STEP][PASSED] - println(today): null

2022-04-18 12:44:04 - [TEST_STEP][PASSED] - datText = today: null

2022-04-18 12:44:04 - [TEST_STEP][PASSED] - openBrowser(VLinkURL + "authcap.html"): Browser is opened with url: 'https://dev-algorithm.govolution.com/vlinktest/QA/version_2_0/authcap.html'

2022-04-18 12:44:04 - [MESSAGE][INFO] - Starting 'Chrome' driver

2022-04-18 12:44:04 - [MESSAGE][INFO] - User set preference: ['acceptInsecureCerts', 'true']

2022-04-18 12:44:04 - [MESSAGE][INFO] - Action delay is set to 0 milliseconds

2022-04-18 12:44:06 - [MESSAGE][PASSED] - Browser is opened with url: 'https://dev-algorithm.govolution.com/vlinktest/QA/version_2_0/authcap.html'

2022-04-18 12:44:06 - [TEST_STEP][PASSED] - maximizeWindow(): Current window maximized

2022-04-18 12:44:06 - [MESSAGE][PASSED] - Current window maximized

2022-04-18 12:44:06 - [TEST_STEP][PASSED] - vlinkPages.saleCCPage.setDataSCC(row, dataFile): vlinkPages.saleCCPage.setDataSCC is PASSED

2022-04-18 12:44:09 - [MESSAGE][PASSED] - Object 'Object Repository/VLink/Page_CCSale/txt_CardNumber' is present

2022-04-18 12:44:09 - [MESSAGE][PASSED] - Text '104' is set on object 'Object Repository/VLink/Page_CCSale/txt_TransactionType'

2022-04-18 12:44:10 - [MESSAGE][PASSED] - Text '2.0C' is set on object 'Object Repository/VLink/Page_CCSale/txt_MessageVersion'

2022-04-18 12:44:10 - [MESSAGE][PASSED] - Text 'j79PjoVPNnMy' is set on object 'Object Repository/VLink/Page_CCSale/txt_RemID'

2022-04-18 12:44:11 - [MESSAGE][PASSED] - Text '672' is set on object 'Object Repository/VLink/Page_CCSale/txt_ApplicationId'

2022-04-18 12:44:12 - [MESSAGE][PASSED] - Text 'username' is set on object 'Object Repository/VLink/Page_CCSale/txt_Username'

2022-04-18 12:44:12 - [MESSAGE][PASSED] - Text 'password' is set on object 'Object Repository/VLink/Page_CCSale/txt_Password'

2022-04-18 12:44:13 - [MESSAGE][PASSED] - Text 'fixed_width' is set on object 'Object Repository/VLink/Page_CCSale/txt_ResponseFormat'

2022-04-18 12:44:14 - [MESSAGE][PASSED] - Text 'RETL' is set on object 'Object Repository/VLink/Page_CCSale/txt_Category'

2022-04-18 12:44:14 - [MESSAGE][PASSED] - Text '' is set on object 'Object Repository/VLink/Page_CCSale/txt_TransactionID'

2022-04-18 12:44:15 - [MESSAGE][PASSED] - Text '' is set on object 'Object Repository/VLink/Page_CCSale/txt_ApprovalCode'

2022-04-18 12:44:16 - [MESSAGE][PASSED] - Text 'Arvind Silva' is set on object 'Object Repository/VLink/Page_CCSale/txt_CardName'

2022-04-18 12:44:16 - [MESSAGE][PASSED] - Text '111 Main Ave' is set on object 'Object Repository/VLink/Page_CCSale/txt_AL1'

2022-04-18 12:44:17 - [MESSAGE][PASSED] - Text '' is set on object 'Object Repository/VLink/Page_CCSale/txt_AL2'

2022-04-18 12:44:18 - [MESSAGE][PASSED] - Text 'Arlington' is set on object 'Object Repository/VLink/Page_CCSale/txt_CardCity'

2022-04-18 12:44:18 - [MESSAGE][PASSED] - Text 'VA' is set on object 'Object Repository/VLink/Page_CCSale/txt_CardState'

2022-04-18 12:44:19 - [MESSAGE][PASSED] - Text '22201' is set on object 'Object Repository/VLink/Page_CCSale/txt_CardZIP'

2022-04-18 12:44:20 - [MESSAGE][PASSED] - Text '' is set on object 'Object Repository/VLink/Page_CCSale/txt_CountryID'

2022-04-18 12:44:20 - [MESSAGE][PASSED] - Text '2.50' is set on object 'Object Repository/VLink/Page_CCSale/txt_Amount'

2022-04-18 12:44:21 - [MESSAGE][PASSED] - Text '370000000000002' is set on object 'Object Repository/VLink/Page_CCSale/txt_CardNumber'

2022-04-18 12:44:22 - [MESSAGE][PASSED] - Text '01' is set on object 'Object Repository/VLink/Page_CCSale/txt_ExpMonth'

2022-04-18 12:44:23 - [MESSAGE][PASSED] - Text '2026' is set on object 'Object Repository/VLink/Page_CCSale/txt_ExpYear'

2022-04-18 12:44:23 - [MESSAGE][PASSED] - Text '' is set on object 'Object Repository/VLink/Page_CCSale/txt_CVV'

2022-04-18 12:44:24 - [MESSAGE][PASSED] - Text '' is set on object 'Object Repository/VLink/Page_CCSale/txt_CVVstate'

2022-04-18 12:44:25 - [MESSAGE][PASSED] - Text '' is set on object 'Object Repository/VLink/Page_CCSale/txt_TrackData'

2022-04-18 12:44:25 - [MESSAGE][PASSED] - Text '' is set on object 'Object Repository/VLink/Page_CCSale/txt_Track1Data'

2022-04-18 12:44:26 - [MESSAGE][PASSED] - Text '' is set on object 'Object Repository/VLink/Page_CCSale/txt_Track2Data'

2022-04-18 12:44:27 - [MESSAGE][PASSED] - Text 'manual' is set on object 'Object Repository/VLink/Page_CCSale/txt_POSEntryMode'

2022-04-18 12:44:27 - [MESSAGE][PASSED] - Text '' is set on object 'Object Repository/VLink/Page_CCSale/txt_Email'

2022-04-18 12:44:28 - [MESSAGE][PASSED] - Text '' is set on object 'Object Repository/VLink/Page_CCSale/txt_OrderNumber'

2022-04-18 12:44:29 - [MESSAGE][PASSED] - Text '' is set on object 'Object Repository/VLink/Page_CCSale/txt_TaxAmount'

2022-04-18 12:44:30 - [MESSAGE][PASSED] - Text '' is set on object 'Object Repository/VLink/Page_CCSale/txt_ChargeDescription'

2022-04-18 12:44:30 - [MESSAGE][PASSED] - Text '' is set on object 'Object Repository/VLink/Page_CCSale/txt_CAN'

2022-04-18 12:44:31 - [MESSAGE][PASSED] - Text '' is set on object 'Object Repository/VLink/Page_CCSale/txt_BillPaymentIndicator'

2022-04-18 12:44:32 - [MESSAGE][PASSED] - Text '' is set on object 'Object Repository/VLink/Page_CCSale/txt_UDF1'

2022-04-18 12:44:32 - [MESSAGE][PASSED] - Text '' is set on object 'Object Repository/VLink/Page_CCSale/txt_UDF2'

2022-04-18 12:44:33 - [MESSAGE][PASSED] - Text '' is set on object 'Object Repository/VLink/Page_CCSale/txt_UDF3'

2022-04-18 12:44:34 - [MESSAGE][PASSED] - Text '' is set on object 'Object Repository/VLink/Page_CCSale/txt_UDF4'

2022-04-18 12:44:34 - [MESSAGE][PASSED] - Text '' is set on object 'Object Repository/VLink/Page_CCSale/txt_UDF5'

2022-04-18 12:44:35 - [MESSAGE][PASSED] - Text '' is set on object 'Object Repository/VLink/Page_CCSale/txt_UDF6'

2022-04-18 12:44:36 - [MESSAGE][PASSED] - Text '' is set on object 'Object Repository/VLink/Page_CCSale/txt_UDF7'

2022-04-18 12:44:36 - [MESSAGE][PASSED] - Text '' is set on object 'Object Repository/VLink/Page_CCSale/txt_UDF8'

2022-04-18 12:44:37 - [MESSAGE][PASSED] - Text '' is set on object 'Object Repository/VLink/Page_CCSale/txt_UDF9'

2022-04-18 12:44:38 - [MESSAGE][PASSED] - Text '' is set on object 'Object Repository/VLink/Page_CCSale/txt_UDF10'

2022-04-18 12:44:39 - [MESSAGE][PASSED] - Text '' is set on object 'Object Repository/VLink/Page_CCSale/txt_CardOnFileIndicator'

2022-04-18 12:44:39 - [MESSAGE][PASSED] - Text '' is set on object 'Object Repository/VLink/Page_CCSale/txt_StoredCredentialIndicator'

2022-04-18 12:44:40 - [MESSAGE][PASSED] - Text '' is set on object 'Object Repository/VLink/Page_CCSale/txt_COFScheduledIndicator'

2022-04-18 12:44:41 - [MESSAGE][PASSED] - Text '' is set on object 'Object Repository/VLink/Page_CCSale/txt_COFTransactionInitiatedBy'

2022-04-18 12:44:43 - [MESSAGE][PASSED] - Object: 'Object Repository/VLink/Page_CCSale/btn_ProcessVLinkTransaction' is clicked on

2022-04-18 12:44:48 - [MESSAGE][PASSED] - vlinkPages.saleCCPage.setDataSCC is PASSED

2022-04-18 12:44:48 - [TEST_STEP][PASSED] - if (verifyTextPresent("Transaction approved, no errors", true)): null

2022-04-18 12:44:48 - [MESSAGE][PASSED] - Text 'Transaction approved, no errors' is present on page  using regular expression

2022-04-18 12:44:48 - [TEST_STEP][PASSED] - println("Transaction Approved, no errors text is present on the Confirmation page"): null

2022-04-18 12:44:48 - [TEST_STEP][PASSED] - out.println("Pass Record Number: " + row): null

2022-04-18 12:44:48 - [TEST_STEP][PASSED] - resText = "Pass": null

2022-04-18 12:44:48 - [TEST_STEP][PASSED] - pages.WriteExcel.demoKey(resText, datText, resColumn, datCloumn, fileLoc, nameSheet, row): pages.WriteExcel.demoKey is PASSED

2022-04-18 12:44:48 - [MESSAGE][PASSED] - pages.WriteExcel.demoKey is PASSED

2022-04-18 12:44:48 - [TEST_STEP][PASSED] - sdfo = getText(findTestObject("Object Repository/Page_VLinkReceipt/pre_STX")): Text of object 'Object Repository/Page_VLinkReceipt/pre_STX' is: '<STX>j79PjoVPNnMy                  12114923            0  Transaction approved, no errors                   0                                                                                  X OK4424   <ETX>'

2022-04-18 12:44:49 - [MESSAGE][PASSED] - Text of object 'Object Repository/Page_VLinkReceipt/pre_STX' is: '<STX>j79PjoVPNnMy                  12114923            0  Transaction approved, no errors                   0                                                                                  X OK4424   <ETX>'

2022-04-18 12:44:49 - [TEST_STEP][PASSED] - out.println("sdfo: " + sdfo): null

2022-04-18 12:44:49 - [TEST_STEP][PASSED] - remID = substring(5, 35).trim(): null

2022-04-18 12:44:49 - [TEST_STEP][PASSED] - out.println("Remittance ID: " + remID): null

2022-04-18 12:44:49 - [TEST_STEP][PASSED] - traxID = substring(35, 55).trim(): null

2022-04-18 12:44:49 - [TEST_STEP][PASSED] - out.println("Transaction ID: " + traxID): null

2022-04-18 12:44:49 - [TEST_STEP][PASSED] - out.println("End Record Number: " + row): null

2022-04-18 12:44:49 - [TEST_STEP][PASSED] - closeBrowser(): Browser is closed

2022-04-18 12:44:50 - [MESSAGE][PASSED] - Browser is closed

2022-04-18 12:44:50 - [TEST_STEP][PASSED] - ExecuteTC = findTestData(dataFile).getValue("Execute", row): null

2022-04-18 12:44:50 - [TEST_STEP][PASSED] - out.println("Value of Execute is : " + ExecuteTC): null

2022-04-18 12:44:50 - [TEST_STEP][PASSED] - if (ExecuteTC.equalsIgnoreCase("Y")): Browser is closed

2022-04-18 12:44:50 - [TEST_STEP][PASSED] - out.println("Begin Record Number: " + row): null

2022-04-18 12:44:50 - [TEST_STEP][PASSED] - today = new java.util.Date(): null

2022-04-18 12:44:50 - [TEST_STEP][PASSED] - println(today): null

2022-04-18 12:44:50 - [TEST_STEP][PASSED] - datText = today: null

2022-04-18 12:44:50 - [TEST_STEP][PASSED] - openBrowser(VLinkURL + "authcap.html"): Browser is opened with url: 'https://dev-algorithm.govolution.com/vlinktest/QA/version_2_0/authcap.html'

2022-04-18 12:44:50 - [MESSAGE][INFO] - Starting 'Chrome' driver

2022-04-18 12:44:50 - [MESSAGE][INFO] - User set preference: ['acceptInsecureCerts', 'true']

2022-04-18 12:44:50 - [MESSAGE][INFO] - Action delay is set to 0 milliseconds

2022-04-18 12:44:52 - [MESSAGE][PASSED] - Browser is opened with url: 'https://dev-algorithm.govolution.com/vlinktest/QA/version_2_0/authcap.html'

2022-04-18 12:44:52 - [TEST_STEP][PASSED] - maximizeWindow(): Current window maximized

2022-04-18 12:44:52 - [MESSAGE][PASSED] - Current window maximized

2022-04-18 12:44:52 - [TEST_STEP][PASSED] - vlinkPages.saleCCPage.setDataSCC(row, dataFile): vlinkPages.saleCCPage.setDataSCC is PASSED

2022-04-18 12:44:54 - [MESSAGE][PASSED] - Object 'Object Repository/VLink/Page_CCSale/txt_CardNumber' is present

2022-04-18 12:44:55 - [MESSAGE][PASSED] - Text '104' is set on object 'Object Repository/VLink/Page_CCSale/txt_TransactionType'

2022-04-18 12:44:56 - [MESSAGE][PASSED] - Text '2.0C' is set on object 'Object Repository/VLink/Page_CCSale/txt_MessageVersion'

2022-04-18 12:44:56 - [MESSAGE][PASSED] - Text 'M1zfkEMpwZUu' is set on object 'Object Repository/VLink/Page_CCSale/txt_RemID'

2022-04-18 12:44:57 - [MESSAGE][PASSED] - Text '677' is set on object 'Object Repository/VLink/Page_CCSale/txt_ApplicationId'

2022-04-18 12:44:58 - [MESSAGE][PASSED] - Text 'username' is set on object 'Object Repository/VLink/Page_CCSale/txt_Username'

2022-04-18 12:44:58 - [MESSAGE][PASSED] - Text 'password' is set on object 'Object Repository/VLink/Page_CCSale/txt_Password'

2022-04-18 12:44:59 - [MESSAGE][PASSED] - Text 'fixed_width' is set on object 'Object Repository/VLink/Page_CCSale/txt_ResponseFormat'

2022-04-18 12:45:00 - [MESSAGE][PASSED] - Text 'RETL' is set on object 'Object Repository/VLink/Page_CCSale/txt_Category'

2022-04-18 12:45:01 - [MESSAGE][PASSED] - Text '' is set on object 'Object Repository/VLink/Page_CCSale/txt_TransactionID'

2022-04-18 12:45:01 - [MESSAGE][PASSED] - Text '' is set on object 'Object Repository/VLink/Page_CCSale/txt_ApprovalCode'

2022-04-18 12:45:02 - [MESSAGE][PASSED] - Text 'Roshan Maha' is set on object 'Object Repository/VLink/Page_CCSale/txt_CardName'

2022-04-18 12:45:03 - [MESSAGE][PASSED] - Text '12563 Bazaar road' is set on object 'Object Repository/VLink/Page_CCSale/txt_AL1'

2022-04-18 12:45:04 - [MESSAGE][PASSED] - Text '' is set on object 'Object Repository/VLink/Page_CCSale/txt_AL2'

2022-04-18 12:45:04 - [MESSAGE][PASSED] - Text 'Crofton' is set on object 'Object Repository/VLink/Page_CCSale/txt_CardCity'

2022-04-18 12:45:05 - [MESSAGE][PASSED] - Text 'MD' is set on object 'Object Repository/VLink/Page_CCSale/txt_CardState'

2022-04-18 12:45:06 - [MESSAGE][PASSED] - Text '21114' is set on object 'Object Repository/VLink/Page_CCSale/txt_CardZIP'

2022-04-18 12:45:07 - [MESSAGE][PASSED] - Text '' is set on object 'Object Repository/VLink/Page_CCSale/txt_CountryID'

2022-04-18 12:45:07 - [MESSAGE][PASSED] - Text '3.50' is set on object 'Object Repository/VLink/Page_CCSale/txt_Amount'

2022-04-18 12:45:08 - [MESSAGE][PASSED] - Text '370000000000002' is set on object 'Object Repository/VLink/Page_CCSale/txt_CardNumber'

2022-04-18 12:45:09 - [MESSAGE][PASSED] - Text '01' is set on object 'Object Repository/VLink/Page_CCSale/txt_ExpMonth'

2022-04-18 12:45:10 - [MESSAGE][PASSED] - Text '2026' is set on object 'Object Repository/VLink/Page_CCSale/txt_ExpYear'

2022-04-18 12:45:10 - [MESSAGE][PASSED] - Text '' is set on object 'Object Repository/VLink/Page_CCSale/txt_CVV'

2022-04-18 12:45:11 - [MESSAGE][PASSED] - Text '' is set on object 'Object Repository/VLink/Page_CCSale/txt_CVVstate'

2022-04-18 12:45:12 - [MESSAGE][PASSED] - Text '' is set on object 'Object Repository/VLink/Page_CCSale/txt_TrackData'

2022-04-18 12:45:13 - [MESSAGE][PASSED] - Text '' is set on object 'Object Repository/VLink/Page_CCSale/txt_Track1Data'

2022-04-18 12:45:13 - [MESSAGE][PASSED] - Text '' is set on object 'Object Repository/VLink/Page_CCSale/txt_Track2Data'

2022-04-18 12:45:14 - [MESSAGE][PASSED] - Text 'manual' is set on object 'Object Repository/VLink/Page_CCSale/txt_POSEntryMode'

2022-04-18 12:45:15 - [MESSAGE][PASSED] - Text '' is set on object 'Object Repository/VLink/Page_CCSale/txt_Email'

2022-04-18 12:45:16 - [MESSAGE][PASSED] - Text '' is set on object 'Object Repository/VLink/Page_CCSale/txt_OrderNumber'

2022-04-18 12:45:16 - [MESSAGE][PASSED] - Text '' is set on object 'Object Repository/VLink/Page_CCSale/txt_TaxAmount'

2022-04-18 12:45:17 - [MESSAGE][PASSED] - Text '' is set on object 'Object Repository/VLink/Page_CCSale/txt_ChargeDescription'

2022-04-18 12:45:18 - [MESSAGE][PASSED] - Text '' is set on object 'Object Repository/VLink/Page_CCSale/txt_CAN'

2022-04-18 12:45:19 - [MESSAGE][PASSED] - Text '' is set on object 'Object Repository/VLink/Page_CCSale/txt_BillPaymentIndicator'

2022-04-18 12:45:19 - [MESSAGE][PASSED] - Text '' is set on object 'Object Repository/VLink/Page_CCSale/txt_UDF1'

2022-04-18 12:45:20 - [MESSAGE][PASSED] - Text '' is set on object 'Object Repository/VLink/Page_CCSale/txt_UDF2'

2022-04-18 12:45:21 - [MESSAGE][PASSED] - Text '' is set on object 'Object Repository/VLink/Page_CCSale/txt_UDF3'

2022-04-18 12:45:22 - [MESSAGE][PASSED] - Text '' is set on object 'Object Repository/VLink/Page_CCSale/txt_UDF4'

2022-04-18 12:45:22 - [MESSAGE][PASSED] - Text '' is set on object 'Object Repository/VLink/Page_CCSale/txt_UDF5'

2022-04-18 12:45:23 - [MESSAGE][PASSED] - Text '' is set on object 'Object Repository/VLink/Page_CCSale/txt_UDF6'

2022-04-18 12:45:24 - [MESSAGE][PASSED] - Text '' is set on object 'Object Repository/VLink/Page_CCSale/txt_UDF7'

2022-04-18 12:45:25 - [MESSAGE][PASSED] - Text '' is set on object 'Object Repository/VLink/Page_CCSale/txt_UDF8'

2022-04-18 12:45:25 - [MESSAGE][PASSED] - Text '' is set on object 'Object Repository/VLink/Page_CCSale/txt_UDF9'

2022-04-18 12:45:26 - [MESSAGE][PASSED] - Text '' is set on object 'Object Repository/VLink/Page_CCSale/txt_UDF10'

2022-04-18 12:45:27 - [MESSAGE][PASSED] - Text '' is set on object 'Object Repository/VLink/Page_CCSale/txt_CardOnFileIndicator'

2022-04-18 12:45:28 - [MESSAGE][PASSED] - Text '' is set on object 'Object Repository/VLink/Page_CCSale/txt_StoredCredentialIndicator'

2022-04-18 12:45:28 - [MESSAGE][PASSED] - Text '' is set on object 'Object Repository/VLink/Page_CCSale/txt_COFScheduledIndicator'

2022-04-18 12:45:29 - [MESSAGE][PASSED] - Text '' is set on object 'Object Repository/VLink/Page_CCSale/txt_COFTransactionInitiatedBy'

2022-04-18 12:45:32 - [MESSAGE][PASSED] - Object: 'Object Repository/VLink/Page_CCSale/btn_ProcessVLinkTransaction' is clicked on

2022-04-18 12:45:37 - [MESSAGE][PASSED] - vlinkPages.saleCCPage.setDataSCC is PASSED

2022-04-18 12:45:37 - [TEST_STEP][PASSED] - if (verifyTextPresent("Transaction approved, no errors", true)): null

2022-04-18 12:45:38 - [MESSAGE][PASSED] - Text 'Transaction approved, no errors' is present on page  using regular expression

2022-04-18 12:45:38 - [TEST_STEP][PASSED] - println("Transaction Approved, no errors text is present on the Confirmation page"): null

2022-04-18 12:45:38 - [TEST_STEP][PASSED] - out.println("Pass Record Number: " + row): null

2022-04-18 12:45:38 - [TEST_STEP][PASSED] - resText = "Pass": null

2022-04-18 12:45:38 - [TEST_STEP][PASSED] - pages.WriteExcel.demoKey(resText, datText, resColumn, datCloumn, fileLoc, nameSheet, row): pages.WriteExcel.demoKey is PASSED

2022-04-18 12:45:38 - [MESSAGE][PASSED] - pages.WriteExcel.demoKey is PASSED

2022-04-18 12:45:38 - [TEST_STEP][PASSED] - sdfo = getText(findTestObject("Object Repository/Page_VLinkReceipt/pre_STX")): Text of object 'Object Repository/Page_VLinkReceipt/pre_STX' is: '<STX>M1zfkEMpwZUu                  12114924            0  Transaction approved, no errors                   0                                                                                  X OK4694   <ETX>'

2022-04-18 12:45:38 - [MESSAGE][PASSED] - Text of object 'Object Repository/Page_VLinkReceipt/pre_STX' is: '<STX>M1zfkEMpwZUu                  12114924            0  Transaction approved, no errors                   0                                                                                  X OK4694   <ETX>'

2022-04-18 12:45:38 - [TEST_STEP][PASSED] - out.println("sdfo: " + sdfo): null

2022-04-18 12:45:38 - [TEST_STEP][PASSED] - remID = substring(5, 35).trim(): null

2022-04-18 12:45:38 - [TEST_STEP][PASSED] - out.println("Remittance ID: " + remID): null

2022-04-18 12:45:38 - [TEST_STEP][PASSED] - traxID = substring(35, 55).trim(): null

2022-04-18 12:45:38 - [TEST_STEP][PASSED] - out.println("Transaction ID: " + traxID): null

2022-04-18 12:45:38 - [TEST_STEP][PASSED] - out.println("End Record Number: " + row): null

2022-04-18 12:45:38 - [TEST_STEP][PASSED] - closeBrowser(): Browser is closed

2022-04-18 12:45:39 - [MESSAGE][PASSED] - Browser is closed

2022-04-18 12:45:39 - [TEST_STEP][PASSED] - ExecuteTC = findTestData(dataFile).getValue("Execute", row): null

2022-04-18 12:45:39 - [TEST_STEP][PASSED] - out.println("Value of Execute is : " + ExecuteTC): null

2022-04-18 12:45:39 - [TEST_STEP][PASSED] - if (ExecuteTC.equalsIgnoreCase("Y")): Browser is closed

2022-04-18 12:45:39 - [TEST_STEP][PASSED] - out.println("Begin Record Number: " + row): null

2022-04-18 12:45:39 - [TEST_STEP][PASSED] - today = new java.util.Date(): null

2022-04-18 12:45:39 - [TEST_STEP][PASSED] - println(today): null

2022-04-18 12:45:39 - [TEST_STEP][PASSED] - datText = today: null

2022-04-18 12:45:39 - [TEST_STEP][PASSED] - openBrowser(VLinkURL + "authcap.html"): Browser is opened with url: 'https://dev-algorithm.govolution.com/vlinktest/QA/version_2_0/authcap.html'

2022-04-18 12:45:39 - [MESSAGE][INFO] - Starting 'Chrome' driver

2022-04-18 12:45:39 - [MESSAGE][INFO] - User set preference: ['acceptInsecureCerts', 'true']

2022-04-18 12:45:39 - [MESSAGE][INFO] - Action delay is set to 0 milliseconds

2022-04-18 12:45:41 - [MESSAGE][PASSED] - Browser is opened with url: 'https://dev-algorithm.govolution.com/vlinktest/QA/version_2_0/authcap.html'

2022-04-18 12:45:41 - [TEST_STEP][PASSED] - maximizeWindow(): Current window maximized

2022-04-18 12:45:41 - [MESSAGE][PASSED] - Current window maximized

2022-04-18 12:45:41 - [TEST_STEP][PASSED] - vlinkPages.saleCCPage.setDataSCC(row, dataFile): vlinkPages.saleCCPage.setDataSCC is PASSED

2022-04-18 12:45:44 - [MESSAGE][PASSED] - Object 'Object Repository/VLink/Page_CCSale/txt_CardNumber' is present

2022-04-18 12:45:44 - [MESSAGE][PASSED] - Text '104' is set on object 'Object Repository/VLink/Page_CCSale/txt_TransactionType'

2022-04-18 12:45:45 - [MESSAGE][PASSED] - Text '2.0C' is set on object 'Object Repository/VLink/Page_CCSale/txt_MessageVersion'

2022-04-18 12:45:46 - [MESSAGE][PASSED] - Text 'd4Cl9QeCQL0j' is set on object 'Object Repository/VLink/Page_CCSale/txt_RemID'

2022-04-18 12:45:46 - [MESSAGE][PASSED] - Text '665' is set on object 'Object Repository/VLink/Page_CCSale/txt_ApplicationId'

2022-04-18 12:45:47 - [MESSAGE][PASSED] - Text 'username' is set on object 'Object Repository/VLink/Page_CCSale/txt_Username'

2022-04-18 12:45:47 - [MESSAGE][PASSED] - Text 'password' is set on object 'Object Repository/VLink/Page_CCSale/txt_Password'

2022-04-18 12:45:48 - [MESSAGE][PASSED] - Text 'fixed_width' is set on object 'Object Repository/VLink/Page_CCSale/txt_ResponseFormat'

2022-04-18 12:45:49 - [MESSAGE][PASSED] - Text 'RETL' is set on object 'Object Repository/VLink/Page_CCSale/txt_Category'

2022-04-18 12:45:49 - [MESSAGE][PASSED] - Text '' is set on object 'Object Repository/VLink/Page_CCSale/txt_TransactionID'

2022-04-18 12:45:50 - [MESSAGE][PASSED] - Text '' is set on object 'Object Repository/VLink/Page_CCSale/txt_ApprovalCode'

2022-04-18 12:45:51 - [MESSAGE][PASSED] - Text 'Kris Roshan' is set on object 'Object Repository/VLink/Page_CCSale/txt_CardName'

2022-04-18 12:45:51 - [MESSAGE][PASSED] - Text '258 Elm Road' is set on object 'Object Repository/VLink/Page_CCSale/txt_AL1'

2022-04-18 12:45:52 - [MESSAGE][PASSED] - Text 'Suite 56' is set on object 'Object Repository/VLink/Page_CCSale/txt_AL2'

2022-04-18 12:45:53 - [MESSAGE][PASSED] - Text 'Arlington' is set on object 'Object Repository/VLink/Page_CCSale/txt_CardCity'

2022-04-18 12:45:53 - [MESSAGE][PASSED] - Text 'VA' is set on object 'Object Repository/VLink/Page_CCSale/txt_CardState'

2022-04-18 12:45:54 - [MESSAGE][PASSED] - Text '22201' is set on object 'Object Repository/VLink/Page_CCSale/txt_CardZIP'

2022-04-18 12:45:55 - [MESSAGE][PASSED] - Text '840' is set on object 'Object Repository/VLink/Page_CCSale/txt_CountryID'

2022-04-18 12:45:56 - [MESSAGE][PASSED] - Text '1.50' is set on object 'Object Repository/VLink/Page_CCSale/txt_Amount'

2022-04-18 12:45:56 - [MESSAGE][PASSED] - Text '6011000000000004' is set on object 'Object Repository/VLink/Page_CCSale/txt_CardNumber'

2022-04-18 12:45:57 - [MESSAGE][PASSED] - Text '12' is set on object 'Object Repository/VLink/Page_CCSale/txt_ExpMonth'

2022-04-18 12:45:58 - [MESSAGE][PASSED] - Text '2025' is set on object 'Object Repository/VLink/Page_CCSale/txt_ExpYear'

2022-04-18 12:45:58 - [MESSAGE][PASSED] - Text '' is set on object 'Object Repository/VLink/Page_CCSale/txt_CVV'

2022-04-18 12:45:59 - [MESSAGE][PASSED] - Text '' is set on object 'Object Repository/VLink/Page_CCSale/txt_CVVstate'

2022-04-18 12:46:00 - [MESSAGE][PASSED] - Text '' is set on object 'Object Repository/VLink/Page_CCSale/txt_TrackData'

2022-04-18 12:46:00 - [MESSAGE][PASSED] - Text '' is set on object 'Object Repository/VLink/Page_CCSale/txt_Track1Data'

2022-04-18 12:46:01 - [MESSAGE][PASSED] - Text '' is set on object 'Object Repository/VLink/Page_CCSale/txt_Track2Data'

2022-04-18 12:46:02 - [MESSAGE][PASSED] - Text 'manual' is set on object 'Object Repository/VLink/Page_CCSale/txt_POSEntryMode'

2022-04-18 12:46:03 - [MESSAGE][PASSED] - Text 'iahmed@govolution.com' is set on object 'Object Repository/VLink/Page_CCSale/txt_Email'

2022-04-18 12:46:03 - [MESSAGE][PASSED] - Text '2569362' is set on object 'Object Repository/VLink/Page_CCSale/txt_OrderNumber'

2022-04-18 12:46:04 - [MESSAGE][PASSED] - Text '1.15' is set on object 'Object Repository/VLink/Page_CCSale/txt_TaxAmount'

2022-04-18 12:46:05 - [MESSAGE][PASSED] - Text 'Charge Description' is set on object 'Object Repository/VLink/Page_CCSale/txt_ChargeDescription'

2022-04-18 12:46:05 - [MESSAGE][PASSED] - Text '147357' is set on object 'Object Repository/VLink/Page_CCSale/txt_CAN'

2022-04-18 12:46:06 - [MESSAGE][PASSED] - Text '1' is set on object 'Object Repository/VLink/Page_CCSale/txt_BillPaymentIndicator'

2022-04-18 12:46:07 - [MESSAGE][PASSED] - Text 'UDF Data 1' is set on object 'Object Repository/VLink/Page_CCSale/txt_UDF1'

2022-04-18 12:46:07 - [MESSAGE][PASSED] - Text 'UDF Data 2' is set on object 'Object Repository/VLink/Page_CCSale/txt_UDF2'

2022-04-18 12:46:08 - [MESSAGE][PASSED] - Text 'UDF Data 3' is set on object 'Object Repository/VLink/Page_CCSale/txt_UDF3'

2022-04-18 12:46:09 - [MESSAGE][PASSED] - Text 'UDF Data 4' is set on object 'Object Repository/VLink/Page_CCSale/txt_UDF4'

2022-04-18 12:46:10 - [MESSAGE][PASSED] - Text 'UDF Data 5' is set on object 'Object Repository/VLink/Page_CCSale/txt_UDF5'

2022-04-18 12:46:10 - [MESSAGE][PASSED] - Text 'UDF Data 6' is set on object 'Object Repository/VLink/Page_CCSale/txt_UDF6'

2022-04-18 12:46:11 - [MESSAGE][PASSED] - Text 'UDF Data 7' is set on object 'Object Repository/VLink/Page_CCSale/txt_UDF7'

2022-04-18 12:46:12 - [MESSAGE][PASSED] - Text 'UDF Data 8' is set on object 'Object Repository/VLink/Page_CCSale/txt_UDF8'

2022-04-18 12:46:12 - [MESSAGE][PASSED] - Text 'UDF Data 9' is set on object 'Object Repository/VLink/Page_CCSale/txt_UDF9'

2022-04-18 12:46:13 - [MESSAGE][PASSED] - Text 'UDF Data 10' is set on object 'Object Repository/VLink/Page_CCSale/txt_UDF10'

2022-04-18 12:46:14 - [MESSAGE][PASSED] - Text '' is set on object 'Object Repository/VLink/Page_CCSale/txt_CardOnFileIndicator'

2022-04-18 12:46:15 - [MESSAGE][PASSED] - Text '' is set on object 'Object Repository/VLink/Page_CCSale/txt_StoredCredentialIndicator'

2022-04-18 12:46:15 - [MESSAGE][PASSED] - Text '' is set on object 'Object Repository/VLink/Page_CCSale/txt_COFScheduledIndicator'

2022-04-18 12:46:16 - [MESSAGE][PASSED] - Text '' is set on object 'Object Repository/VLink/Page_CCSale/txt_COFTransactionInitiatedBy'

2022-04-18 12:46:19 - [MESSAGE][PASSED] - Object: 'Object Repository/VLink/Page_CCSale/btn_ProcessVLinkTransaction' is clicked on

2022-04-18 12:46:24 - [MESSAGE][PASSED] - vlinkPages.saleCCPage.setDataSCC is PASSED

2022-04-18 12:46:24 - [TEST_STEP][PASSED] - if (verifyTextPresent("Transaction approved, no errors", true)): null

2022-04-18 12:46:24 - [MESSAGE][PASSED] - Text 'Transaction approved, no errors' is present on page  using regular expression

2022-04-18 12:46:24 - [TEST_STEP][PASSED] - println("Transaction Approved, no errors text is present on the Confirmation page"): null

2022-04-18 12:46:24 - [TEST_STEP][PASSED] - out.println("Pass Record Number: " + row): null

2022-04-18 12:46:24 - [TEST_STEP][PASSED] - resText = "Pass": null

2022-04-18 12:46:24 - [TEST_STEP][PASSED] - pages.WriteExcel.demoKey(resText, datText, resColumn, datCloumn, fileLoc, nameSheet, row): pages.WriteExcel.demoKey is PASSED

2022-04-18 12:46:24 - [MESSAGE][PASSED] - pages.WriteExcel.demoKey is PASSED

2022-04-18 12:46:24 - [TEST_STEP][PASSED] - sdfo = getText(findTestObject("Object Repository/Page_VLinkReceipt/pre_STX")): Text of object 'Object Repository/Page_VLinkReceipt/pre_STX' is: '<STX>d4Cl9QeCQL0j                  12114926            0  Transaction approved, no errors                   0                                                                                  X OK4884   <ETX>'

2022-04-18 12:46:24 - [MESSAGE][PASSED] - Text of object 'Object Repository/Page_VLinkReceipt/pre_STX' is: '<STX>d4Cl9QeCQL0j                  12114926            0  Transaction approved, no errors                   0                                                                                  X OK4884   <ETX>'

2022-04-18 12:46:24 - [TEST_STEP][PASSED] - out.println("sdfo: " + sdfo): null

2022-04-18 12:46:24 - [TEST_STEP][PASSED] - remID = substring(5, 35).trim(): null

2022-04-18 12:46:24 - [TEST_STEP][PASSED] - out.println("Remittance ID: " + remID): null

2022-04-18 12:46:24 - [TEST_STEP][PASSED] - traxID = substring(35, 55).trim(): null

2022-04-18 12:46:24 - [TEST_STEP][PASSED] - out.println("Transaction ID: " + traxID): null

2022-04-18 12:46:24 - [TEST_STEP][PASSED] - out.println("End Record Number: " + row): null

2022-04-18 12:46:24 - [TEST_STEP][PASSED] - closeBrowser(): Browser is closed

2022-04-18 12:46:25 - [MESSAGE][PASSED] - Browser is closed

2022-04-18 12:46:25 - [TEST_STEP][PASSED] - ExecuteTC = findTestData(dataFile).getValue("Execute", row): null

2022-04-18 12:46:25 - [TEST_STEP][PASSED] - out.println("Value of Execute is : " + ExecuteTC): null

2022-04-18 12:46:25 - [TEST_STEP][PASSED] - if (ExecuteTC.equalsIgnoreCase("Y")): Browser is closed

2022-04-18 12:46:25 - [TEST_STEP][PASSED] - out.println("Begin Record Number: " + row): null

2022-04-18 12:46:25 - [TEST_STEP][PASSED] - today = new java.util.Date(): null

2022-04-18 12:46:25 - [TEST_STEP][PASSED] - println(today): null

2022-04-18 12:46:25 - [TEST_STEP][PASSED] - datText = today: null

2022-04-18 12:46:25 - [TEST_STEP][PASSED] - openBrowser(VLinkURL + "authcap.html"): Browser is opened with url: 'https://dev-algorithm.govolution.com/vlinktest/QA/version_2_0/authcap.html'

2022-04-18 12:46:25 - [MESSAGE][INFO] - Starting 'Chrome' driver

2022-04-18 12:46:25 - [MESSAGE][INFO] - User set preference: ['acceptInsecureCerts', 'true']

2022-04-18 12:46:25 - [MESSAGE][INFO] - Action delay is set to 0 milliseconds

2022-04-18 12:46:27 - [MESSAGE][PASSED] - Browser is opened with url: 'https://dev-algorithm.govolution.com/vlinktest/QA/version_2_0/authcap.html'

2022-04-18 12:46:27 - [TEST_STEP][PASSED] - maximizeWindow(): Current window maximized

2022-04-18 12:46:27 - [MESSAGE][PASSED] - Current window maximized

2022-04-18 12:46:27 - [TEST_STEP][PASSED] - vlinkPages.saleCCPage.setDataSCC(row, dataFile): vlinkPages.saleCCPage.setDataSCC is PASSED

2022-04-18 12:46:30 - [MESSAGE][PASSED] - Object 'Object Repository/VLink/Page_CCSale/txt_CardNumber' is present

2022-04-18 12:46:31 - [MESSAGE][PASSED] - Text '104' is set on object 'Object Repository/VLink/Page_CCSale/txt_TransactionType'

2022-04-18 12:46:31 - [MESSAGE][PASSED] - Text '2.0C' is set on object 'Object Repository/VLink/Page_CCSale/txt_MessageVersion'

2022-04-18 12:46:32 - [MESSAGE][PASSED] - Text 'acqCvYl8IUc1' is set on object 'Object Repository/VLink/Page_CCSale/txt_RemID'

2022-04-18 12:46:32 - [MESSAGE][PASSED] - Text '672' is set on object 'Object Repository/VLink/Page_CCSale/txt_ApplicationId'

2022-04-18 12:46:33 - [MESSAGE][PASSED] - Text 'username' is set on object 'Object Repository/VLink/Page_CCSale/txt_Username'

2022-04-18 12:46:34 - [MESSAGE][PASSED] - Text 'password' is set on object 'Object Repository/VLink/Page_CCSale/txt_Password'

2022-04-18 12:46:34 - [MESSAGE][PASSED] - Text 'fixed_width' is set on object 'Object Repository/VLink/Page_CCSale/txt_ResponseFormat'

2022-04-18 12:46:35 - [MESSAGE][PASSED] - Text 'RETL' is set on object 'Object Repository/VLink/Page_CCSale/txt_Category'

2022-04-18 12:46:36 - [MESSAGE][PASSED] - Text '' is set on object 'Object Repository/VLink/Page_CCSale/txt_TransactionID'

2022-04-18 12:46:36 - [MESSAGE][PASSED] - Text '' is set on object 'Object Repository/VLink/Page_CCSale/txt_ApprovalCode'

2022-04-18 12:46:37 - [MESSAGE][PASSED] - Text 'Arvind Silva' is set on object 'Object Repository/VLink/Page_CCSale/txt_CardName'

2022-04-18 12:46:38 - [MESSAGE][PASSED] - Text '111 Main Ave' is set on object 'Object Repository/VLink/Page_CCSale/txt_AL1'

2022-04-18 12:46:38 - [MESSAGE][PASSED] - Text '' is set on object 'Object Repository/VLink/Page_CCSale/txt_AL2'

2022-04-18 12:46:39 - [MESSAGE][PASSED] - Text 'Arlington' is set on object 'Object Repository/VLink/Page_CCSale/txt_CardCity'

2022-04-18 12:46:40 - [MESSAGE][PASSED] - Text 'VA' is set on object 'Object Repository/VLink/Page_CCSale/txt_CardState'

2022-04-18 12:46:40 - [MESSAGE][PASSED] - Text '22201' is set on object 'Object Repository/VLink/Page_CCSale/txt_CardZIP'

2022-04-18 12:46:41 - [MESSAGE][PASSED] - Text '' is set on object 'Object Repository/VLink/Page_CCSale/txt_CountryID'

2022-04-18 12:46:42 - [MESSAGE][PASSED] - Text '2.50' is set on object 'Object Repository/VLink/Page_CCSale/txt_Amount'

2022-04-18 12:46:42 - [MESSAGE][PASSED] - Text '6011000000000004' is set on object 'Object Repository/VLink/Page_CCSale/txt_CardNumber'

2022-04-18 12:46:43 - [MESSAGE][PASSED] - Text '01' is set on object 'Object Repository/VLink/Page_CCSale/txt_ExpMonth'

2022-04-18 12:46:44 - [MESSAGE][PASSED] - Text '2026' is set on object 'Object Repository/VLink/Page_CCSale/txt_ExpYear'

2022-04-18 12:46:44 - [MESSAGE][PASSED] - Text '' is set on object 'Object Repository/VLink/Page_CCSale/txt_CVV'

2022-04-18 12:46:45 - [MESSAGE][PASSED] - Text '' is set on object 'Object Repository/VLink/Page_CCSale/txt_CVVstate'

2022-04-18 12:46:46 - [MESSAGE][PASSED] - Text '' is set on object 'Object Repository/VLink/Page_CCSale/txt_TrackData'

2022-04-18 12:46:47 - [MESSAGE][PASSED] - Text '' is set on object 'Object Repository/VLink/Page_CCSale/txt_Track1Data'

2022-04-18 12:46:47 - [MESSAGE][PASSED] - Text '' is set on object 'Object Repository/VLink/Page_CCSale/txt_Track2Data'

2022-04-18 12:46:48 - [MESSAGE][PASSED] - Text 'manual' is set on object 'Object Repository/VLink/Page_CCSale/txt_POSEntryMode'

2022-04-18 12:46:49 - [MESSAGE][PASSED] - Text '' is set on object 'Object Repository/VLink/Page_CCSale/txt_Email'

2022-04-18 12:46:49 - [MESSAGE][PASSED] - Text '' is set on object 'Object Repository/VLink/Page_CCSale/txt_OrderNumber'

2022-04-18 12:46:50 - [MESSAGE][PASSED] - Text '' is set on object 'Object Repository/VLink/Page_CCSale/txt_TaxAmount'

2022-04-18 12:46:51 - [MESSAGE][PASSED] - Text '' is set on object 'Object Repository/VLink/Page_CCSale/txt_ChargeDescription'

2022-04-18 12:46:51 - [MESSAGE][PASSED] - Text '' is set on object 'Object Repository/VLink/Page_CCSale/txt_CAN'

2022-04-18 12:46:52 - [MESSAGE][PASSED] - Text '' is set on object 'Object Repository/VLink/Page_CCSale/txt_BillPaymentIndicator'

2022-04-18 12:46:53 - [MESSAGE][PASSED] - Text '' is set on object 'Object Repository/VLink/Page_CCSale/txt_UDF1'

2022-04-18 12:46:53 - [MESSAGE][PASSED] - Text '' is set on object 'Object Repository/VLink/Page_CCSale/txt_UDF2'

2022-04-18 12:46:54 - [MESSAGE][PASSED] - Text '' is set on object 'Object Repository/VLink/Page_CCSale/txt_UDF3'

2022-04-18 12:46:55 - [MESSAGE][PASSED] - Text '' is set on object 'Object Repository/VLink/Page_CCSale/txt_UDF4'

2022-04-18 12:46:55 - [MESSAGE][PASSED] - Text '' is set on object 'Object Repository/VLink/Page_CCSale/txt_UDF5'

2022-04-18 12:46:56 - [MESSAGE][PASSED] - Text '' is set on object 'Object Repository/VLink/Page_CCSale/txt_UDF6'

2022-04-18 12:46:57 - [MESSAGE][PASSED] - Text '' is set on object 'Object Repository/VLink/Page_CCSale/txt_UDF7'

2022-04-18 12:46:58 - [MESSAGE][PASSED] - Text '' is set on object 'Object Repository/VLink/Page_CCSale/txt_UDF8'

2022-04-18 12:46:58 - [MESSAGE][PASSED] - Text '' is set on object 'Object Repository/VLink/Page_CCSale/txt_UDF9'

2022-04-18 12:46:59 - [MESSAGE][PASSED] - Text '' is set on object 'Object Repository/VLink/Page_CCSale/txt_UDF10'

2022-04-18 12:47:00 - [MESSAGE][PASSED] - Text '' is set on object 'Object Repository/VLink/Page_CCSale/txt_CardOnFileIndicator'

2022-04-18 12:47:00 - [MESSAGE][PASSED] - Text '' is set on object 'Object Repository/VLink/Page_CCSale/txt_StoredCredentialIndicator'

2022-04-18 12:47:01 - [MESSAGE][PASSED] - Text '' is set on object 'Object Repository/VLink/Page_CCSale/txt_COFScheduledIndicator'

2022-04-18 12:47:02 - [MESSAGE][PASSED] - Text '' is set on object 'Object Repository/VLink/Page_CCSale/txt_COFTransactionInitiatedBy'

2022-04-18 12:47:05 - [MESSAGE][PASSED] - Object: 'Object Repository/VLink/Page_CCSale/btn_ProcessVLinkTransaction' is clicked on

2022-04-18 12:47:10 - [MESSAGE][PASSED] - vlinkPages.saleCCPage.setDataSCC is PASSED

2022-04-18 12:47:10 - [TEST_STEP][PASSED] - if (verifyTextPresent("Transaction approved, no errors", true)): null

2022-04-18 12:47:10 - [MESSAGE][PASSED] - Text 'Transaction approved, no errors' is present on page  using regular expression

2022-04-18 12:47:10 - [TEST_STEP][PASSED] - println("Transaction Approved, no errors text is present on the Confirmation page"): null

2022-04-18 12:47:10 - [TEST_STEP][PASSED] - out.println("Pass Record Number: " + row): null

2022-04-18 12:47:10 - [TEST_STEP][PASSED] - resText = "Pass": null

2022-04-18 12:47:10 - [TEST_STEP][PASSED] - pages.WriteExcel.demoKey(resText, datText, resColumn, datCloumn, fileLoc, nameSheet, row): pages.WriteExcel.demoKey is PASSED

2022-04-18 12:47:10 - [MESSAGE][PASSED] - pages.WriteExcel.demoKey is PASSED

2022-04-18 12:47:10 - [TEST_STEP][PASSED] - sdfo = getText(findTestObject("Object Repository/Page_VLinkReceipt/pre_STX")): Text of object 'Object Repository/Page_VLinkReceipt/pre_STX' is: '<STX>acqCvYl8IUc1                  12114927            0  Transaction approved, no errors                   0                                                                                  X OK5074   <ETX>'

2022-04-18 12:47:10 - [MESSAGE][PASSED] - Text of object 'Object Repository/Page_VLinkReceipt/pre_STX' is: '<STX>acqCvYl8IUc1                  12114927            0  Transaction approved, no errors                   0                                                                                  X OK5074   <ETX>'

2022-04-18 12:47:10 - [TEST_STEP][PASSED] - out.println("sdfo: " + sdfo): null

2022-04-18 12:47:10 - [TEST_STEP][PASSED] - remID = substring(5, 35).trim(): null

2022-04-18 12:47:10 - [TEST_STEP][PASSED] - out.println("Remittance ID: " + remID): null

2022-04-18 12:47:10 - [TEST_STEP][PASSED] - traxID = substring(35, 55).trim(): null

2022-04-18 12:47:10 - [TEST_STEP][PASSED] - out.println("Transaction ID: " + traxID): null

2022-04-18 12:47:10 - [TEST_STEP][PASSED] - out.println("End Record Number: " + row): null

2022-04-18 12:47:10 - [TEST_STEP][PASSED] - closeBrowser(): Browser is closed

2022-04-18 12:47:11 - [MESSAGE][PASSED] - Browser is closed

2022-04-18 12:47:11 - [TEST_STEP][PASSED] - ExecuteTC = findTestData(dataFile).getValue("Execute", row): null

2022-04-18 12:47:11 - [TEST_STEP][PASSED] - out.println("Value of Execute is : " + ExecuteTC): null

2022-04-18 12:47:11 - [TEST_STEP][PASSED] - if (ExecuteTC.equalsIgnoreCase("Y")): Browser is closed

2022-04-18 12:47:11 - [TEST_STEP][PASSED] - out.println("Begin Record Number: " + row): null

2022-04-18 12:47:11 - [TEST_STEP][PASSED] - today = new java.util.Date(): null

2022-04-18 12:47:11 - [TEST_STEP][PASSED] - println(today): null

2022-04-18 12:47:11 - [TEST_STEP][PASSED] - datText = today: null

2022-04-18 12:47:11 - [TEST_STEP][PASSED] - openBrowser(VLinkURL + "authcap.html"): Browser is opened with url: 'https://dev-algorithm.govolution.com/vlinktest/QA/version_2_0/authcap.html'

2022-04-18 12:47:11 - [MESSAGE][INFO] - Starting 'Chrome' driver

2022-04-18 12:47:11 - [MESSAGE][INFO] - User set preference: ['acceptInsecureCerts', 'true']

2022-04-18 12:47:11 - [MESSAGE][INFO] - Action delay is set to 0 milliseconds

2022-04-18 12:47:13 - [MESSAGE][PASSED] - Browser is opened with url: 'https://dev-algorithm.govolution.com/vlinktest/QA/version_2_0/authcap.html'

2022-04-18 12:47:13 - [TEST_STEP][PASSED] - maximizeWindow(): Current window maximized

2022-04-18 12:47:13 - [MESSAGE][PASSED] - Current window maximized

2022-04-18 12:47:13 - [TEST_STEP][PASSED] - vlinkPages.saleCCPage.setDataSCC(row, dataFile): vlinkPages.saleCCPage.setDataSCC is PASSED

2022-04-18 12:47:16 - [MESSAGE][PASSED] - Object 'Object Repository/VLink/Page_CCSale/txt_CardNumber' is present

2022-04-18 12:47:17 - [MESSAGE][PASSED] - Text '104' is set on object 'Object Repository/VLink/Page_CCSale/txt_TransactionType'

2022-04-18 12:47:17 - [MESSAGE][PASSED] - Text '2.0C' is set on object 'Object Repository/VLink/Page_CCSale/txt_MessageVersion'

2022-04-18 12:47:18 - [MESSAGE][PASSED] - Text 'F80L5UNHHxWR' is set on object 'Object Repository/VLink/Page_CCSale/txt_RemID'

2022-04-18 12:47:18 - [MESSAGE][PASSED] - Text '677' is set on object 'Object Repository/VLink/Page_CCSale/txt_ApplicationId'

2022-04-18 12:47:19 - [MESSAGE][PASSED] - Text 'username' is set on object 'Object Repository/VLink/Page_CCSale/txt_Username'

2022-04-18 12:47:20 - [MESSAGE][PASSED] - Text 'password' is set on object 'Object Repository/VLink/Page_CCSale/txt_Password'

2022-04-18 12:47:20 - [MESSAGE][PASSED] - Text 'fixed_width' is set on object 'Object Repository/VLink/Page_CCSale/txt_ResponseFormat'

2022-04-18 12:47:21 - [MESSAGE][PASSED] - Text 'RETL' is set on object 'Object Repository/VLink/Page_CCSale/txt_Category'

2022-04-18 12:47:21 - [MESSAGE][PASSED] - Text '' is set on object 'Object Repository/VLink/Page_CCSale/txt_TransactionID'

2022-04-18 12:47:22 - [MESSAGE][PASSED] - Text '' is set on object 'Object Repository/VLink/Page_CCSale/txt_ApprovalCode'

2022-04-18 12:47:23 - [MESSAGE][PASSED] - Text 'Roshan Maha' is set on object 'Object Repository/VLink/Page_CCSale/txt_CardName'

2022-04-18 12:47:23 - [MESSAGE][PASSED] - Text '12563 Bazaar road' is set on object 'Object Repository/VLink/Page_CCSale/txt_AL1'

2022-04-18 12:47:24 - [MESSAGE][PASSED] - Text '' is set on object 'Object Repository/VLink/Page_CCSale/txt_AL2'

2022-04-18 12:47:25 - [MESSAGE][PASSED] - Text 'Crofton' is set on object 'Object Repository/VLink/Page_CCSale/txt_CardCity'

2022-04-18 12:47:26 - [MESSAGE][PASSED] - Text 'MD' is set on object 'Object Repository/VLink/Page_CCSale/txt_CardState'

2022-04-18 12:47:26 - [MESSAGE][PASSED] - Text '21114' is set on object 'Object Repository/VLink/Page_CCSale/txt_CardZIP'

2022-04-18 12:47:27 - [MESSAGE][PASSED] - Text '' is set on object 'Object Repository/VLink/Page_CCSale/txt_CountryID'

2022-04-18 12:47:28 - [MESSAGE][PASSED] - Text '3.50' is set on object 'Object Repository/VLink/Page_CCSale/txt_Amount'

2022-04-18 12:47:28 - [MESSAGE][PASSED] - Text '6011000000000004' is set on object 'Object Repository/VLink/Page_CCSale/txt_CardNumber'

2022-04-18 12:47:29 - [MESSAGE][PASSED] - Text '01' is set on object 'Object Repository/VLink/Page_CCSale/txt_ExpMonth'

2022-04-18 12:47:30 - [MESSAGE][PASSED] - Text '2026' is set on object 'Object Repository/VLink/Page_CCSale/txt_ExpYear'

2022-04-18 12:47:30 - [MESSAGE][PASSED] - Text '' is set on object 'Object Repository/VLink/Page_CCSale/txt_CVV'

2022-04-18 12:47:31 - [MESSAGE][PASSED] - Text '' is set on object 'Object Repository/VLink/Page_CCSale/txt_CVVstate'

2022-04-18 12:47:32 - [MESSAGE][PASSED] - Text '' is set on object 'Object Repository/VLink/Page_CCSale/txt_TrackData'

2022-04-18 12:47:32 - [MESSAGE][PASSED] - Text '' is set on object 'Object Repository/VLink/Page_CCSale/txt_Track1Data'

2022-04-18 12:47:33 - [MESSAGE][PASSED] - Text '' is set on object 'Object Repository/VLink/Page_CCSale/txt_Track2Data'

2022-04-18 12:47:34 - [MESSAGE][PASSED] - Text 'manual' is set on object 'Object Repository/VLink/Page_CCSale/txt_POSEntryMode'

2022-04-18 12:47:34 - [MESSAGE][PASSED] - Text '' is set on object 'Object Repository/VLink/Page_CCSale/txt_Email'

2022-04-18 12:47:35 - [MESSAGE][PASSED] - Text '' is set on object 'Object Repository/VLink/Page_CCSale/txt_OrderNumber'

2022-04-18 12:47:36 - [MESSAGE][PASSED] - Text '' is set on object 'Object Repository/VLink/Page_CCSale/txt_TaxAmount'

2022-04-18 12:47:37 - [MESSAGE][PASSED] - Text '' is set on object 'Object Repository/VLink/Page_CCSale/txt_ChargeDescription'

2022-04-18 12:47:37 - [MESSAGE][PASSED] - Text '' is set on object 'Object Repository/VLink/Page_CCSale/txt_CAN'

2022-04-18 12:47:38 - [MESSAGE][PASSED] - Text '' is set on object 'Object Repository/VLink/Page_CCSale/txt_BillPaymentIndicator'

2022-04-18 12:47:39 - [MESSAGE][PASSED] - Text '' is set on object 'Object Repository/VLink/Page_CCSale/txt_UDF1'

2022-04-18 12:47:39 - [MESSAGE][PASSED] - Text '' is set on object 'Object Repository/VLink/Page_CCSale/txt_UDF2'

2022-04-18 12:47:40 - [MESSAGE][PASSED] - Text '' is set on object 'Object Repository/VLink/Page_CCSale/txt_UDF3'

2022-04-18 12:47:41 - [MESSAGE][PASSED] - Text '' is set on object 'Object Repository/VLink/Page_CCSale/txt_UDF4'

2022-04-18 12:47:41 - [MESSAGE][PASSED] - Text '' is set on object 'Object Repository/VLink/Page_CCSale/txt_UDF5'

2022-04-18 12:47:42 - [MESSAGE][PASSED] - Text '' is set on object 'Object Repository/VLink/Page_CCSale/txt_UDF6'

2022-04-18 12:47:43 - [MESSAGE][PASSED] - Text '' is set on object 'Object Repository/VLink/Page_CCSale/txt_UDF7'

2022-04-18 12:47:44 - [MESSAGE][PASSED] - Text '' is set on object 'Object Repository/VLink/Page_CCSale/txt_UDF8'

2022-04-18 12:47:44 - [MESSAGE][PASSED] - Text '' is set on object 'Object Repository/VLink/Page_CCSale/txt_UDF9'

2022-04-18 12:47:45 - [MESSAGE][PASSED] - Text '' is set on object 'Object Repository/VLink/Page_CCSale/txt_UDF10'

2022-04-18 12:47:46 - [MESSAGE][PASSED] - Text '' is set on object 'Object Repository/VLink/Page_CCSale/txt_CardOnFileIndicator'

2022-04-18 12:47:46 - [MESSAGE][PASSED] - Text '' is set on object 'Object Repository/VLink/Page_CCSale/txt_StoredCredentialIndicator'

2022-04-18 12:47:47 - [MESSAGE][PASSED] - Text '' is set on object 'Object Repository/VLink/Page_CCSale/txt_COFScheduledIndicator'

2022-04-18 12:47:48 - [MESSAGE][PASSED] - Text '' is set on object 'Object Repository/VLink/Page_CCSale/txt_COFTransactionInitiatedBy'

2022-04-18 12:47:51 - [MESSAGE][PASSED] - Object: 'Object Repository/VLink/Page_CCSale/btn_ProcessVLinkTransaction' is clicked on

2022-04-18 12:47:56 - [MESSAGE][PASSED] - vlinkPages.saleCCPage.setDataSCC is PASSED

2022-04-18 12:47:56 - [TEST_STEP][PASSED] - if (verifyTextPresent("Transaction approved, no errors", true)): null

2022-04-18 12:47:56 - [MESSAGE][PASSED] - Text 'Transaction approved, no errors' is present on page  using regular expression

2022-04-18 12:47:56 - [TEST_STEP][PASSED] - println("Transaction Approved, no errors text is present on the Confirmation page"): null

2022-04-18 12:47:56 - [TEST_STEP][PASSED] - out.println("Pass Record Number: " + row): null

2022-04-18 12:47:56 - [TEST_STEP][PASSED] - resText = "Pass": null

2022-04-18 12:47:56 - [TEST_STEP][PASSED] - pages.WriteExcel.demoKey(resText, datText, resColumn, datCloumn, fileLoc, nameSheet, row): pages.WriteExcel.demoKey is PASSED

2022-04-18 12:47:56 - [MESSAGE][PASSED] - pages.WriteExcel.demoKey is PASSED

2022-04-18 12:47:56 - [TEST_STEP][PASSED] - sdfo = getText(findTestObject("Object Repository/Page_VLinkReceipt/pre_STX")): Text of object 'Object Repository/Page_VLinkReceipt/pre_STX' is: '<STX>F80L5UNHHxWR                  12114928            0  Transaction approved, no errors                   0                                                                                  X OK5304   <ETX>'

2022-04-18 12:47:57 - [MESSAGE][PASSED] - Text of object 'Object Repository/Page_VLinkReceipt/pre_STX' is: '<STX>F80L5UNHHxWR                  12114928            0  Transaction approved, no errors                   0                                                                                  X OK5304   <ETX>'

2022-04-18 12:47:57 - [TEST_STEP][PASSED] - out.println("sdfo: " + sdfo): null

2022-04-18 12:47:57 - [TEST_STEP][PASSED] - remID = substring(5, 35).trim(): null

2022-04-18 12:47:57 - [TEST_STEP][PASSED] - out.println("Remittance ID: " + remID): null

2022-04-18 12:47:57 - [TEST_STEP][PASSED] - traxID = substring(35, 55).trim(): null

2022-04-18 12:47:57 - [TEST_STEP][PASSED] - out.println("Transaction ID: " + traxID): null

2022-04-18 12:47:57 - [TEST_STEP][PASSED] - out.println("End Record Number: " + row): null

2022-04-18 12:47:57 - [TEST_STEP][PASSED] - closeBrowser(): Browser is closed

2022-04-18 12:47:57 - [MESSAGE][PASSED] - Browser is closed

2022-04-18 12:47:57 - [TEST_STEP][PASSED] - ExecuteTC = findTestData(dataFile).getValue("Execute", row): null

2022-04-18 12:47:58 - [TEST_STEP][PASSED] - out.println("Value of Execute is : " + ExecuteTC): null

2022-04-18 12:47:58 - [TEST_STEP][PASSED] - if (ExecuteTC.equalsIgnoreCase("Y")): null

2022-04-18 12:47:58 - [TEST_STEP][PASSED] - ExecuteTC = findTestData(dataFile).getValue("Execute", row): null

2022-04-18 12:47:58 - [TEST_STEP][PASSED] - out.println("Value of Execute is : " + ExecuteTC): null

2022-04-18 12:47:58 - [TEST_STEP][PASSED] - if (ExecuteTC.equalsIgnoreCase("Y")): null

2022-04-18 12:47:58 - [TEST_STEP][PASSED] - ExecuteTC = findTestData(dataFile).getValue("Execute", row): null

2022-04-18 12:47:58 - [TEST_STEP][PASSED] - out.println("Value of Execute is : " + ExecuteTC): null

2022-04-18 12:47:58 - [TEST_STEP][PASSED] - if (ExecuteTC.equalsIgnoreCase("Y")): null

2022-04-18 12:47:58 - [TEST_STEP][PASSED] - ExecuteTC = findTestData(dataFile).getValue("Execute", row): null

2022-04-18 12:47:58 - [TEST_STEP][PASSED] - out.println("Value of Execute is : " + ExecuteTC): null

2022-04-18 12:47:58 - [TEST_STEP][PASSED] - if (ExecuteTC.equalsIgnoreCase("Y")): null

2022-04-18 12:47:58 - [TEST_STEP][PASSED] - ExecuteTC = findTestData(dataFile).getValue("Execute", row): null

2022-04-18 12:47:58 - [TEST_STEP][PASSED] - out.println("Value of Execute is : " + ExecuteTC): null

2022-04-18 12:47:58 - [TEST_STEP][PASSED] - if (ExecuteTC.equalsIgnoreCase("Y")): null

2022-04-18 12:47:58 - [TEST_STEP][PASSED] - ExecuteTC = findTestData(dataFile).getValue("Execute", row): null

2022-04-18 12:47:58 - [TEST_STEP][PASSED] - out.println("Value of Execute is : " + ExecuteTC): null

2022-04-18 12:47:58 - [TEST_STEP][PASSED] - if (ExecuteTC.equalsIgnoreCase("Y")): null

2022-04-18 12:47:58 - [TEST_STEP][PASSED] - ExecuteTC = findTestData(dataFile).getValue("Execute", row): null

2022-04-18 12:47:58 - [TEST_STEP][PASSED] - out.println("Value of Execute is : " + ExecuteTC): null

2022-04-18 12:47:58 - [TEST_STEP][PASSED] - if (ExecuteTC.equalsIgnoreCase("Y")): null

2022-04-18 12:47:58 - [TEST_STEP][PASSED] - ExecuteTC = findTestData(dataFile).getValue("Execute", row): null

2022-04-18 12:47:58 - [TEST_STEP][PASSED] - out.println("Value of Execute is : " + ExecuteTC): null

2022-04-18 12:47:58 - [TEST_STEP][PASSED] - if (ExecuteTC.equalsIgnoreCase("Y")): null

2022-04-18 12:47:58 - [TEST_STEP][PASSED] - ExecuteTC = findTestData(dataFile).getValue("Execute", row): null

2022-04-18 12:47:58 - [TEST_STEP][PASSED] - out.println("Value of Execute is : " + ExecuteTC): null

2022-04-18 12:47:58 - [TEST_STEP][PASSED] - if (ExecuteTC.equalsIgnoreCase("Y")): null

2022-04-18 12:47:58 - [TEST_STEP][PASSED] - ExecuteTC = findTestData(dataFile).getValue("Execute", row): null

2022-04-18 12:47:58 - [TEST_STEP][PASSED] - out.println("Value of Execute is : " + ExecuteTC): null

2022-04-18 12:47:58 - [TEST_STEP][PASSED] - if (ExecuteTC.equalsIgnoreCase("Y")): null

2022-04-18 12:47:58 - [TEST_STEP][PASSED] - ExecuteTC = findTestData(dataFile).getValue("Execute", row): null

2022-04-18 12:47:58 - [TEST_STEP][PASSED] - out.println("Value of Execute is : " + ExecuteTC): null

2022-04-18 12:47:58 - [TEST_STEP][PASSED] - if (ExecuteTC.equalsIgnoreCase("Y")): null

2022-04-18 12:47:58 - [TEST_STEP][PASSED] - ExecuteTC = findTestData(dataFile).getValue("Execute", row): null

2022-04-18 12:47:58 - [TEST_STEP][PASSED] - out.println("Value of Execute is : " + ExecuteTC): null

2022-04-18 12:47:58 - [TEST_STEP][PASSED] - if (ExecuteTC.equalsIgnoreCase("Y")): null

2022-04-18 12:47:58 - [TEST_STEP][PASSED] - ExecuteTC = findTestData(dataFile).getValue("Execute", row): null

2022-04-18 12:47:58 - [TEST_STEP][PASSED] - out.println("Value of Execute is : " + ExecuteTC): null

2022-04-18 12:47:58 - [TEST_STEP][PASSED] - if (ExecuteTC.equalsIgnoreCase("Y")): Browser is closed

2022-04-18 12:47:58 - [TEST_STEP][PASSED] - out.println("Begin Record Number: " + row): null

2022-04-18 12:47:58 - [TEST_STEP][PASSED] - today = new java.util.Date(): null

2022-04-18 12:47:58 - [TEST_STEP][PASSED] - println(today): null

2022-04-18 12:47:58 - [TEST_STEP][PASSED] - datText = today: null

2022-04-18 12:47:58 - [TEST_STEP][PASSED] - openBrowser(VLinkURL + "authcap.html"): Browser is opened with url: 'https://dev-algorithm.govolution.com/vlinktest/QA/version_2_0/authcap.html'

2022-04-18 12:47:58 - [MESSAGE][INFO] - Starting 'Chrome' driver

2022-04-18 12:47:58 - [MESSAGE][INFO] - User set preference: ['acceptInsecureCerts', 'true']

2022-04-18 12:47:58 - [MESSAGE][INFO] - Action delay is set to 0 milliseconds

2022-04-18 12:48:00 - [MESSAGE][PASSED] - Browser is opened with url: 'https://dev-algorithm.govolution.com/vlinktest/QA/version_2_0/authcap.html'

2022-04-18 12:48:00 - [TEST_STEP][PASSED] - maximizeWindow(): Current window maximized

2022-04-18 12:48:00 - [MESSAGE][PASSED] - Current window maximized

2022-04-18 12:48:00 - [TEST_STEP][PASSED] - vlinkPages.saleCCPage.setDataSCC(row, dataFile): vlinkPages.saleCCPage.setDataSCC is PASSED

2022-04-18 12:48:03 - [MESSAGE][PASSED] - Object 'Object Repository/VLink/Page_CCSale/txt_CardNumber' is present

2022-04-18 12:48:03 - [MESSAGE][PASSED] - Text '104' is set on object 'Object Repository/VLink/Page_CCSale/txt_TransactionType'

2022-04-18 12:48:04 - [MESSAGE][PASSED] - Text '2.0C' is set on object 'Object Repository/VLink/Page_CCSale/txt_MessageVersion'

2022-04-18 12:48:05 - [MESSAGE][PASSED] - Text 'ZlcqUCkOlYSJ' is set on object 'Object Repository/VLink/Page_CCSale/txt_RemID'

2022-04-18 12:48:05 - [MESSAGE][PASSED] - Text '665' is set on object 'Object Repository/VLink/Page_CCSale/txt_ApplicationId'

2022-04-18 12:48:06 - [MESSAGE][PASSED] - Text 'username' is set on object 'Object Repository/VLink/Page_CCSale/txt_Username'

2022-04-18 12:48:07 - [MESSAGE][PASSED] - Text 'password' is set on object 'Object Repository/VLink/Page_CCSale/txt_Password'

2022-04-18 12:48:07 - [MESSAGE][PASSED] - Text 'fixed_width' is set on object 'Object Repository/VLink/Page_CCSale/txt_ResponseFormat'

2022-04-18 12:48:08 - [MESSAGE][PASSED] - Text 'ECOM' is set on object 'Object Repository/VLink/Page_CCSale/txt_Category'

2022-04-18 12:48:08 - [MESSAGE][PASSED] - Text '' is set on object 'Object Repository/VLink/Page_CCSale/txt_TransactionID'

2022-04-18 12:48:09 - [MESSAGE][PASSED] - Text '' is set on object 'Object Repository/VLink/Page_CCSale/txt_ApprovalCode'

2022-04-18 12:48:10 - [MESSAGE][PASSED] - Text 'Roshan Maha' is set on object 'Object Repository/VLink/Page_CCSale/txt_CardName'

2022-04-18 12:48:11 - [MESSAGE][PASSED] - Text '12563 Bazaar road' is set on object 'Object Repository/VLink/Page_CCSale/txt_AL1'

2022-04-18 12:48:11 - [MESSAGE][PASSED] - Text '' is set on object 'Object Repository/VLink/Page_CCSale/txt_AL2'

2022-04-18 12:48:12 - [MESSAGE][PASSED] - Text 'Crofton' is set on object 'Object Repository/VLink/Page_CCSale/txt_CardCity'

2022-04-18 12:48:13 - [MESSAGE][PASSED] - Text 'MD' is set on object 'Object Repository/VLink/Page_CCSale/txt_CardState'

2022-04-18 12:48:13 - [MESSAGE][PASSED] - Text '21114' is set on object 'Object Repository/VLink/Page_CCSale/txt_CardZIP'

2022-04-18 12:48:14 - [MESSAGE][PASSED] - Text '' is set on object 'Object Repository/VLink/Page_CCSale/txt_CountryID'

2022-04-18 12:48:15 - [MESSAGE][PASSED] - Text '3.50' is set on object 'Object Repository/VLink/Page_CCSale/txt_Amount'

2022-04-18 12:48:15 - [MESSAGE][PASSED] - Text '4111111111111111' is set on object 'Object Repository/VLink/Page_CCSale/txt_CardNumber'

2022-04-18 12:48:16 - [MESSAGE][PASSED] - Text '01' is set on object 'Object Repository/VLink/Page_CCSale/txt_ExpMonth'

2022-04-18 12:48:17 - [MESSAGE][PASSED] - Text '2026' is set on object 'Object Repository/VLink/Page_CCSale/txt_ExpYear'

2022-04-18 12:48:17 - [MESSAGE][PASSED] - Text '' is set on object 'Object Repository/VLink/Page_CCSale/txt_CVV'

2022-04-18 12:48:18 - [MESSAGE][PASSED] - Text '' is set on object 'Object Repository/VLink/Page_CCSale/txt_CVVstate'

2022-04-18 12:48:19 - [MESSAGE][PASSED] - Text '' is set on object 'Object Repository/VLink/Page_CCSale/txt_TrackData'

2022-04-18 12:48:20 - [MESSAGE][PASSED] - Text '' is set on object 'Object Repository/VLink/Page_CCSale/txt_Track1Data'

2022-04-18 12:48:20 - [MESSAGE][PASSED] - Text '' is set on object 'Object Repository/VLink/Page_CCSale/txt_Track2Data'

2022-04-18 12:48:21 - [MESSAGE][PASSED] - Text 'manual' is set on object 'Object Repository/VLink/Page_CCSale/txt_POSEntryMode'

2022-04-18 12:48:22 - [MESSAGE][PASSED] - Text '' is set on object 'Object Repository/VLink/Page_CCSale/txt_Email'

2022-04-18 12:48:22 - [MESSAGE][PASSED] - Text '' is set on object 'Object Repository/VLink/Page_CCSale/txt_OrderNumber'

2022-04-18 12:48:23 - [MESSAGE][PASSED] - Text '' is set on object 'Object Repository/VLink/Page_CCSale/txt_TaxAmount'

2022-04-18 12:48:24 - [MESSAGE][PASSED] - Text '' is set on object 'Object Repository/VLink/Page_CCSale/txt_ChargeDescription'

2022-04-18 12:48:25 - [MESSAGE][PASSED] - Text '' is set on object 'Object Repository/VLink/Page_CCSale/txt_CAN'

2022-04-18 12:48:25 - [MESSAGE][PASSED] - Text '' is set on object 'Object Repository/VLink/Page_CCSale/txt_BillPaymentIndicator'

2022-04-18 12:48:26 - [MESSAGE][PASSED] - Text '' is set on object 'Object Repository/VLink/Page_CCSale/txt_UDF1'

2022-04-18 12:48:27 - [MESSAGE][PASSED] - Text '' is set on object 'Object Repository/VLink/Page_CCSale/txt_UDF2'

2022-04-18 12:48:27 - [MESSAGE][PASSED] - Text '' is set on object 'Object Repository/VLink/Page_CCSale/txt_UDF3'

2022-04-18 12:48:28 - [MESSAGE][PASSED] - Text '' is set on object 'Object Repository/VLink/Page_CCSale/txt_UDF4'

2022-04-18 12:48:29 - [MESSAGE][PASSED] - Text '' is set on object 'Object Repository/VLink/Page_CCSale/txt_UDF5'

2022-04-18 12:48:29 - [MESSAGE][PASSED] - Text '' is set on object 'Object Repository/VLink/Page_CCSale/txt_UDF6'

2022-04-18 12:48:30 - [MESSAGE][PASSED] - Text '' is set on object 'Object Repository/VLink/Page_CCSale/txt_UDF7'

2022-04-18 12:48:31 - [MESSAGE][PASSED] - Text '' is set on object 'Object Repository/VLink/Page_CCSale/txt_UDF8'

2022-04-18 12:48:31 - [MESSAGE][PASSED] - Text '' is set on object 'Object Repository/VLink/Page_CCSale/txt_UDF9'

2022-04-18 12:48:32 - [MESSAGE][PASSED] - Text '' is set on object 'Object Repository/VLink/Page_CCSale/txt_UDF10'

2022-04-18 12:48:33 - [MESSAGE][PASSED] - Text '0' is set on object 'Object Repository/VLink/Page_CCSale/txt_CardOnFileIndicator'

2022-04-18 12:48:33 - [MESSAGE][PASSED] - Text 'Initial' is set on object 'Object Repository/VLink/Page_CCSale/txt_StoredCredentialIndicator'

2022-04-18 12:48:34 - [MESSAGE][PASSED] - Text 'Unscheduled' is set on object 'Object Repository/VLink/Page_CCSale/txt_COFScheduledIndicator'

2022-04-18 12:48:35 - [MESSAGE][PASSED] - Text 'Customer' is set on object 'Object Repository/VLink/Page_CCSale/txt_COFTransactionInitiatedBy'

2022-04-18 12:48:37 - [MESSAGE][PASSED] - Object: 'Object Repository/VLink/Page_CCSale/btn_ProcessVLinkTransaction' is clicked on

2022-04-18 12:48:42 - [MESSAGE][PASSED] - vlinkPages.saleCCPage.setDataSCC is PASSED

2022-04-18 12:48:42 - [TEST_STEP][PASSED] - if (verifyTextPresent("Transaction approved, no errors", true)): null

2022-04-18 12:48:43 - [MESSAGE][PASSED] - Text 'Transaction approved, no errors' is present on page  using regular expression

2022-04-18 12:48:43 - [TEST_STEP][PASSED] - println("Transaction Approved, no errors text is present on the Confirmation page"): null

2022-04-18 12:48:43 - [TEST_STEP][PASSED] - out.println("Pass Record Number: " + row): null

2022-04-18 12:48:43 - [TEST_STEP][PASSED] - resText = "Pass": null

2022-04-18 12:48:43 - [TEST_STEP][PASSED] - pages.WriteExcel.demoKey(resText, datText, resColumn, datCloumn, fileLoc, nameSheet, row): pages.WriteExcel.demoKey is PASSED

2022-04-18 12:48:43 - [MESSAGE][PASSED] - pages.WriteExcel.demoKey is PASSED

2022-04-18 12:48:43 - [TEST_STEP][PASSED] - sdfo = getText(findTestObject("Object Repository/Page_VLinkReceipt/pre_STX")): Text of object 'Object Repository/Page_VLinkReceipt/pre_STX' is: '<STX>ZlcqUCkOlYSJ                  12114930            0  Transaction approved, no errors                   0                                                                                  XXOK5534   <ETX>'

2022-04-18 12:48:43 - [MESSAGE][PASSED] - Text of object 'Object Repository/Page_VLinkReceipt/pre_STX' is: '<STX>ZlcqUCkOlYSJ                  12114930            0  Transaction approved, no errors                   0                                                                                  XXOK5534   <ETX>'

2022-04-18 12:48:43 - [TEST_STEP][PASSED] - out.println("sdfo: " + sdfo): null

2022-04-18 12:48:43 - [TEST_STEP][PASSED] - remID = substring(5, 35).trim(): null

2022-04-18 12:48:43 - [TEST_STEP][PASSED] - out.println("Remittance ID: " + remID): null

2022-04-18 12:48:43 - [TEST_STEP][PASSED] - traxID = substring(35, 55).trim(): null

2022-04-18 12:48:43 - [TEST_STEP][PASSED] - out.println("Transaction ID: " + traxID): null

2022-04-18 12:48:43 - [TEST_STEP][PASSED] - out.println("End Record Number: " + row): null

2022-04-18 12:48:43 - [TEST_STEP][PASSED] - closeBrowser(): Browser is closed

2022-04-18 12:48:44 - [MESSAGE][PASSED] - Browser is closed

2022-04-18 12:48:44 - [TEST_STEP][PASSED] - ExecuteTC = findTestData(dataFile).getValue("Execute", row): null

2022-04-18 12:48:44 - [TEST_STEP][PASSED] - out.println("Value of Execute is : " + ExecuteTC): null

2022-04-18 12:48:44 - [TEST_STEP][PASSED] - if (ExecuteTC.equalsIgnoreCase("Y")): Browser is closed

2022-04-18 12:48:44 - [TEST_STEP][PASSED] - out.println("Begin Record Number: " + row): null

2022-04-18 12:48:44 - [TEST_STEP][PASSED] - today = new java.util.Date(): null

2022-04-18 12:48:44 - [TEST_STEP][PASSED] - println(today): null

2022-04-18 12:48:44 - [TEST_STEP][PASSED] - datText = today: null

2022-04-18 12:48:44 - [TEST_STEP][PASSED] - openBrowser(VLinkURL + "authcap.html"): Browser is opened with url: 'https://dev-algorithm.govolution.com/vlinktest/QA/version_2_0/authcap.html'

2022-04-18 12:48:44 - [MESSAGE][INFO] - Starting 'Chrome' driver

2022-04-18 12:48:44 - [MESSAGE][INFO] - User set preference: ['acceptInsecureCerts', 'true']

2022-04-18 12:48:44 - [MESSAGE][INFO] - Action delay is set to 0 milliseconds

2022-04-18 12:48:46 - [MESSAGE][PASSED] - Browser is opened with url: 'https://dev-algorithm.govolution.com/vlinktest/QA/version_2_0/authcap.html'

2022-04-18 12:48:46 - [TEST_STEP][PASSED] - maximizeWindow(): Current window maximized

2022-04-18 12:48:46 - [MESSAGE][PASSED] - Current window maximized

2022-04-18 12:48:46 - [TEST_STEP][PASSED] - vlinkPages.saleCCPage.setDataSCC(row, dataFile): vlinkPages.saleCCPage.setDataSCC is PASSED

2022-04-18 12:48:49 - [MESSAGE][PASSED] - Object 'Object Repository/VLink/Page_CCSale/txt_CardNumber' is present

2022-04-18 12:48:49 - [MESSAGE][PASSED] - Text '104' is set on object 'Object Repository/VLink/Page_CCSale/txt_TransactionType'

2022-04-18 12:48:50 - [MESSAGE][PASSED] - Text '2.0C' is set on object 'Object Repository/VLink/Page_CCSale/txt_MessageVersion'

2022-04-18 12:48:51 - [MESSAGE][PASSED] - Text 'pIlRZHf6ppb1' is set on object 'Object Repository/VLink/Page_CCSale/txt_RemID'

2022-04-18 12:48:51 - [MESSAGE][PASSED] - Text '665' is set on object 'Object Repository/VLink/Page_CCSale/txt_ApplicationId'

2022-04-18 12:48:52 - [MESSAGE][PASSED] - Text 'username' is set on object 'Object Repository/VLink/Page_CCSale/txt_Username'

2022-04-18 12:48:52 - [MESSAGE][PASSED] - Text 'password' is set on object 'Object Repository/VLink/Page_CCSale/txt_Password'

2022-04-18 12:48:53 - [MESSAGE][PASSED] - Text 'fixed_width' is set on object 'Object Repository/VLink/Page_CCSale/txt_ResponseFormat'

2022-04-18 12:48:54 - [MESSAGE][PASSED] - Text 'ECOM' is set on object 'Object Repository/VLink/Page_CCSale/txt_Category'

2022-04-18 12:48:54 - [MESSAGE][PASSED] - Text '' is set on object 'Object Repository/VLink/Page_CCSale/txt_TransactionID'

2022-04-18 12:48:55 - [MESSAGE][PASSED] - Text '' is set on object 'Object Repository/VLink/Page_CCSale/txt_ApprovalCode'

2022-04-18 12:48:56 - [MESSAGE][PASSED] - Text 'Kris Roshan' is set on object 'Object Repository/VLink/Page_CCSale/txt_CardName'

2022-04-18 12:48:56 - [MESSAGE][PASSED] - Text '258 Elm Road' is set on object 'Object Repository/VLink/Page_CCSale/txt_AL1'

2022-04-18 12:48:57 - [MESSAGE][PASSED] - Text 'Suite 56' is set on object 'Object Repository/VLink/Page_CCSale/txt_AL2'

2022-04-18 12:48:58 - [MESSAGE][PASSED] - Text 'Arlington' is set on object 'Object Repository/VLink/Page_CCSale/txt_CardCity'

2022-04-18 12:48:59 - [MESSAGE][PASSED] - Text 'VA' is set on object 'Object Repository/VLink/Page_CCSale/txt_CardState'

2022-04-18 12:48:59 - [MESSAGE][PASSED] - Text '22201' is set on object 'Object Repository/VLink/Page_CCSale/txt_CardZIP'

2022-04-18 12:49:00 - [MESSAGE][PASSED] - Text '840' is set on object 'Object Repository/VLink/Page_CCSale/txt_CountryID'

2022-04-18 12:49:01 - [MESSAGE][PASSED] - Text '1.50' is set on object 'Object Repository/VLink/Page_CCSale/txt_Amount'

2022-04-18 12:49:01 - [MESSAGE][PASSED] - Text '5424000000000015' is set on object 'Object Repository/VLink/Page_CCSale/txt_CardNumber'

2022-04-18 12:49:02 - [MESSAGE][PASSED] - Text '12' is set on object 'Object Repository/VLink/Page_CCSale/txt_ExpMonth'

2022-04-18 12:49:03 - [MESSAGE][PASSED] - Text '2025' is set on object 'Object Repository/VLink/Page_CCSale/txt_ExpYear'

2022-04-18 12:49:04 - [MESSAGE][PASSED] - Text '' is set on object 'Object Repository/VLink/Page_CCSale/txt_CVV'

2022-04-18 12:49:04 - [MESSAGE][PASSED] - Text '' is set on object 'Object Repository/VLink/Page_CCSale/txt_CVVstate'

2022-04-18 12:49:05 - [MESSAGE][PASSED] - Text '' is set on object 'Object Repository/VLink/Page_CCSale/txt_TrackData'

2022-04-18 12:49:06 - [MESSAGE][PASSED] - Text '' is set on object 'Object Repository/VLink/Page_CCSale/txt_Track1Data'

2022-04-18 12:49:06 - [MESSAGE][PASSED] - Text '' is set on object 'Object Repository/VLink/Page_CCSale/txt_Track2Data'

2022-04-18 12:49:07 - [MESSAGE][PASSED] - Text 'manual' is set on object 'Object Repository/VLink/Page_CCSale/txt_POSEntryMode'

2022-04-18 12:49:08 - [MESSAGE][PASSED] - Text 'iahmed@govolution.com' is set on object 'Object Repository/VLink/Page_CCSale/txt_Email'

2022-04-18 12:49:08 - [MESSAGE][PASSED] - Text '2569362' is set on object 'Object Repository/VLink/Page_CCSale/txt_OrderNumber'

2022-04-18 12:49:09 - [MESSAGE][PASSED] - Text '1.15' is set on object 'Object Repository/VLink/Page_CCSale/txt_TaxAmount'

2022-04-18 12:49:10 - [MESSAGE][PASSED] - Text 'Charge Description' is set on object 'Object Repository/VLink/Page_CCSale/txt_ChargeDescription'

2022-04-18 12:49:11 - [MESSAGE][PASSED] - Text '147357' is set on object 'Object Repository/VLink/Page_CCSale/txt_CAN'

2022-04-18 12:49:11 - [MESSAGE][PASSED] - Text '1' is set on object 'Object Repository/VLink/Page_CCSale/txt_BillPaymentIndicator'

2022-04-18 12:49:12 - [MESSAGE][PASSED] - Text 'UDF Data 1' is set on object 'Object Repository/VLink/Page_CCSale/txt_UDF1'

2022-04-18 12:49:13 - [MESSAGE][PASSED] - Text 'UDF Data 2' is set on object 'Object Repository/VLink/Page_CCSale/txt_UDF2'

2022-04-18 12:49:13 - [MESSAGE][PASSED] - Text 'UDF Data 3' is set on object 'Object Repository/VLink/Page_CCSale/txt_UDF3'

2022-04-18 12:49:14 - [MESSAGE][PASSED] - Text 'UDF Data 4' is set on object 'Object Repository/VLink/Page_CCSale/txt_UDF4'

2022-04-18 12:49:15 - [MESSAGE][PASSED] - Text 'UDF Data 5' is set on object 'Object Repository/VLink/Page_CCSale/txt_UDF5'

2022-04-18 12:49:16 - [MESSAGE][PASSED] - Text 'UDF Data 6' is set on object 'Object Repository/VLink/Page_CCSale/txt_UDF6'

2022-04-18 12:49:16 - [MESSAGE][PASSED] - Text 'UDF Data 7' is set on object 'Object Repository/VLink/Page_CCSale/txt_UDF7'

2022-04-18 12:49:17 - [MESSAGE][PASSED] - Text 'UDF Data 8' is set on object 'Object Repository/VLink/Page_CCSale/txt_UDF8'

2022-04-18 12:49:18 - [MESSAGE][PASSED] - Text 'UDF Data 9' is set on object 'Object Repository/VLink/Page_CCSale/txt_UDF9'

2022-04-18 12:49:18 - [MESSAGE][PASSED] - Text 'UDF Data 10' is set on object 'Object Repository/VLink/Page_CCSale/txt_UDF10'

2022-04-18 12:49:19 - [MESSAGE][PASSED] - Text '0' is set on object 'Object Repository/VLink/Page_CCSale/txt_CardOnFileIndicator'

2022-04-18 12:49:20 - [MESSAGE][PASSED] - Text 'Initial' is set on object 'Object Repository/VLink/Page_CCSale/txt_StoredCredentialIndicator'

2022-04-18 12:49:21 - [MESSAGE][PASSED] - Text 'Unscheduled' is set on object 'Object Repository/VLink/Page_CCSale/txt_COFScheduledIndicator'

2022-04-18 12:49:21 - [MESSAGE][PASSED] - Text 'Customer' is set on object 'Object Repository/VLink/Page_CCSale/txt_COFTransactionInitiatedBy'

2022-04-18 12:49:24 - [MESSAGE][PASSED] - Object: 'Object Repository/VLink/Page_CCSale/btn_ProcessVLinkTransaction' is clicked on

2022-04-18 12:49:29 - [MESSAGE][PASSED] - vlinkPages.saleCCPage.setDataSCC is PASSED

2022-04-18 12:49:29 - [TEST_STEP][PASSED] - if (verifyTextPresent("Transaction approved, no errors", true)): null

2022-04-18 12:49:29 - [MESSAGE][PASSED] - Text 'Transaction approved, no errors' is present on page  using regular expression

2022-04-18 12:49:29 - [TEST_STEP][PASSED] - println("Transaction Approved, no errors text is present on the Confirmation page"): null

2022-04-18 12:49:29 - [TEST_STEP][PASSED] - out.println("Pass Record Number: " + row): null

2022-04-18 12:49:29 - [TEST_STEP][PASSED] - resText = "Pass": null

2022-04-18 12:49:29 - [TEST_STEP][PASSED] - pages.WriteExcel.demoKey(resText, datText, resColumn, datCloumn, fileLoc, nameSheet, row): pages.WriteExcel.demoKey is PASSED

2022-04-18 12:49:30 - [MESSAGE][PASSED] - pages.WriteExcel.demoKey is PASSED

2022-04-18 12:49:30 - [TEST_STEP][PASSED] - sdfo = getText(findTestObject("Object Repository/Page_VLinkReceipt/pre_STX")): Text of object 'Object Repository/Page_VLinkReceipt/pre_STX' is: '<STX>pIlRZHf6ppb1                  12114931            0  Transaction approved, no errors                   0                                                                                  XXOK5754   <ETX>'

2022-04-18 12:49:30 - [MESSAGE][PASSED] - Text of object 'Object Repository/Page_VLinkReceipt/pre_STX' is: '<STX>pIlRZHf6ppb1                  12114931            0  Transaction approved, no errors                   0                                                                                  XXOK5754   <ETX>'

2022-04-18 12:49:30 - [TEST_STEP][PASSED] - out.println("sdfo: " + sdfo): null

2022-04-18 12:49:30 - [TEST_STEP][PASSED] - remID = substring(5, 35).trim(): null

2022-04-18 12:49:30 - [TEST_STEP][PASSED] - out.println("Remittance ID: " + remID): null

2022-04-18 12:49:30 - [TEST_STEP][PASSED] - traxID = substring(35, 55).trim(): null

2022-04-18 12:49:30 - [TEST_STEP][PASSED] - out.println("Transaction ID: " + traxID): null

2022-04-18 12:49:30 - [TEST_STEP][PASSED] - out.println("End Record Number: " + row): null

2022-04-18 12:49:30 - [TEST_STEP][PASSED] - closeBrowser(): Browser is closed

2022-04-18 12:49:31 - [MESSAGE][PASSED] - Browser is closed

2022-04-18 12:49:31 - [TEST_STEP][PASSED] - ExecuteTC = findTestData(dataFile).getValue("Execute", row): null

2022-04-18 12:49:31 - [TEST_STEP][PASSED] - out.println("Value of Execute is : " + ExecuteTC): null

2022-04-18 12:49:31 - [TEST_STEP][PASSED] - if (ExecuteTC.equalsIgnoreCase("Y")): Browser is closed

2022-04-18 12:49:31 - [TEST_STEP][PASSED] - out.println("Begin Record Number: " + row): null

2022-04-18 12:49:31 - [TEST_STEP][PASSED] - today = new java.util.Date(): null

2022-04-18 12:49:31 - [TEST_STEP][PASSED] - println(today): null

2022-04-18 12:49:31 - [TEST_STEP][PASSED] - datText = today: null

2022-04-18 12:49:31 - [TEST_STEP][PASSED] - openBrowser(VLinkURL + "authcap.html"): Browser is opened with url: 'https://dev-algorithm.govolution.com/vlinktest/QA/version_2_0/authcap.html'

2022-04-18 12:49:31 - [MESSAGE][INFO] - Starting 'Chrome' driver

2022-04-18 12:49:31 - [MESSAGE][INFO] - User set preference: ['acceptInsecureCerts', 'true']

2022-04-18 12:49:31 - [MESSAGE][INFO] - Action delay is set to 0 milliseconds

2022-04-18 12:49:33 - [MESSAGE][PASSED] - Browser is opened with url: 'https://dev-algorithm.govolution.com/vlinktest/QA/version_2_0/authcap.html'

2022-04-18 12:49:33 - [TEST_STEP][PASSED] - maximizeWindow(): Current window maximized

2022-04-18 12:49:33 - [MESSAGE][PASSED] - Current window maximized

2022-04-18 12:49:33 - [TEST_STEP][PASSED] - vlinkPages.saleCCPage.setDataSCC(row, dataFile): vlinkPages.saleCCPage.setDataSCC is PASSED

2022-04-18 12:49:36 - [MESSAGE][PASSED] - Object 'Object Repository/VLink/Page_CCSale/txt_CardNumber' is present

2022-04-18 12:49:36 - [MESSAGE][PASSED] - Text '104' is set on object 'Object Repository/VLink/Page_CCSale/txt_TransactionType'

2022-04-18 12:49:37 - [MESSAGE][PASSED] - Text '2.0C' is set on object 'Object Repository/VLink/Page_CCSale/txt_MessageVersion'

2022-04-18 12:49:37 - [MESSAGE][PASSED] - Text '1fO1pAQQBida' is set on object 'Object Repository/VLink/Page_CCSale/txt_RemID'

2022-04-18 12:49:38 - [MESSAGE][PASSED] - Text '665' is set on object 'Object Repository/VLink/Page_CCSale/txt_ApplicationId'

2022-04-18 12:49:39 - [MESSAGE][PASSED] - Text 'username' is set on object 'Object Repository/VLink/Page_CCSale/txt_Username'

2022-04-18 12:49:39 - [MESSAGE][PASSED] - Text 'password' is set on object 'Object Repository/VLink/Page_CCSale/txt_Password'

2022-04-18 12:49:40 - [MESSAGE][PASSED] - Text 'fixed_width' is set on object 'Object Repository/VLink/Page_CCSale/txt_ResponseFormat'

2022-04-18 12:49:41 - [MESSAGE][PASSED] - Text 'ECOM' is set on object 'Object Repository/VLink/Page_CCSale/txt_Category'

2022-04-18 12:49:41 - [MESSAGE][PASSED] - Text '' is set on object 'Object Repository/VLink/Page_CCSale/txt_TransactionID'

2022-04-18 12:49:42 - [MESSAGE][PASSED] - Text '' is set on object 'Object Repository/VLink/Page_CCSale/txt_ApprovalCode'

2022-04-18 12:49:43 - [MESSAGE][PASSED] - Text 'Roshan Maha' is set on object 'Object Repository/VLink/Page_CCSale/txt_CardName'

2022-04-18 12:49:43 - [MESSAGE][PASSED] - Text '12563 Bazaar road' is set on object 'Object Repository/VLink/Page_CCSale/txt_AL1'

2022-04-18 12:49:44 - [MESSAGE][PASSED] - Text '' is set on object 'Object Repository/VLink/Page_CCSale/txt_AL2'

2022-04-18 12:49:45 - [MESSAGE][PASSED] - Text 'Crofton' is set on object 'Object Repository/VLink/Page_CCSale/txt_CardCity'

2022-04-18 12:49:45 - [MESSAGE][PASSED] - Text 'MD' is set on object 'Object Repository/VLink/Page_CCSale/txt_CardState'

2022-04-18 12:49:46 - [MESSAGE][PASSED] - Text '21114' is set on object 'Object Repository/VLink/Page_CCSale/txt_CardZIP'

2022-04-18 12:49:47 - [MESSAGE][PASSED] - Text '' is set on object 'Object Repository/VLink/Page_CCSale/txt_CountryID'

2022-04-18 12:49:48 - [MESSAGE][PASSED] - Text '3.50' is set on object 'Object Repository/VLink/Page_CCSale/txt_Amount'

2022-04-18 12:49:48 - [MESSAGE][PASSED] - Text '370000000000002' is set on object 'Object Repository/VLink/Page_CCSale/txt_CardNumber'

2022-04-18 12:49:49 - [MESSAGE][PASSED] - Text '01' is set on object 'Object Repository/VLink/Page_CCSale/txt_ExpMonth'

2022-04-18 12:49:50 - [MESSAGE][PASSED] - Text '2026' is set on object 'Object Repository/VLink/Page_CCSale/txt_ExpYear'

2022-04-18 12:49:50 - [MESSAGE][PASSED] - Text '' is set on object 'Object Repository/VLink/Page_CCSale/txt_CVV'

2022-04-18 12:49:51 - [MESSAGE][PASSED] - Text '' is set on object 'Object Repository/VLink/Page_CCSale/txt_CVVstate'

2022-04-18 12:49:52 - [MESSAGE][PASSED] - Text '' is set on object 'Object Repository/VLink/Page_CCSale/txt_TrackData'

2022-04-18 12:49:52 - [MESSAGE][PASSED] - Text '' is set on object 'Object Repository/VLink/Page_CCSale/txt_Track1Data'

2022-04-18 12:49:53 - [MESSAGE][PASSED] - Text '' is set on object 'Object Repository/VLink/Page_CCSale/txt_Track2Data'

2022-04-18 12:49:54 - [MESSAGE][PASSED] - Text 'manual' is set on object 'Object Repository/VLink/Page_CCSale/txt_POSEntryMode'

2022-04-18 12:49:55 - [MESSAGE][PASSED] - Text '' is set on object 'Object Repository/VLink/Page_CCSale/txt_Email'

2022-04-18 12:49:55 - [MESSAGE][PASSED] - Text '' is set on object 'Object Repository/VLink/Page_CCSale/txt_OrderNumber'

2022-04-18 12:49:56 - [MESSAGE][PASSED] - Text '' is set on object 'Object Repository/VLink/Page_CCSale/txt_TaxAmount'

2022-04-18 12:49:57 - [MESSAGE][PASSED] - Text '' is set on object 'Object Repository/VLink/Page_CCSale/txt_ChargeDescription'

2022-04-18 12:49:57 - [MESSAGE][PASSED] - Text '' is set on object 'Object Repository/VLink/Page_CCSale/txt_CAN'

2022-04-18 12:49:58 - [MESSAGE][PASSED] - Text '' is set on object 'Object Repository/VLink/Page_CCSale/txt_BillPaymentIndicator'

2022-04-18 12:49:59 - [MESSAGE][PASSED] - Text '' is set on object 'Object Repository/VLink/Page_CCSale/txt_UDF1'

2022-04-18 12:49:59 - [MESSAGE][PASSED] - Text '' is set on object 'Object Repository/VLink/Page_CCSale/txt_UDF2'

2022-04-18 12:50:00 - [MESSAGE][PASSED] - Text '' is set on object 'Object Repository/VLink/Page_CCSale/txt_UDF3'

2022-04-18 12:50:01 - [MESSAGE][PASSED] - Text '' is set on object 'Object Repository/VLink/Page_CCSale/txt_UDF4'

2022-04-18 12:50:01 - [MESSAGE][PASSED] - Text '' is set on object 'Object Repository/VLink/Page_CCSale/txt_UDF5'

2022-04-18 12:50:02 - [MESSAGE][PASSED] - Text '' is set on object 'Object Repository/VLink/Page_CCSale/txt_UDF6'

2022-04-18 12:50:03 - [MESSAGE][PASSED] - Text '' is set on object 'Object Repository/VLink/Page_CCSale/txt_UDF7'

2022-04-18 12:50:03 - [MESSAGE][PASSED] - Text '' is set on object 'Object Repository/VLink/Page_CCSale/txt_UDF8'

2022-04-18 12:50:04 - [MESSAGE][PASSED] - Text '' is set on object 'Object Repository/VLink/Page_CCSale/txt_UDF9'

2022-04-18 12:50:05 - [MESSAGE][PASSED] - Text '' is set on object 'Object Repository/VLink/Page_CCSale/txt_UDF10'

2022-04-18 12:50:06 - [MESSAGE][PASSED] - Text '0' is set on object 'Object Repository/VLink/Page_CCSale/txt_CardOnFileIndicator'

2022-04-18 12:50:06 - [MESSAGE][PASSED] - Text 'Initial' is set on object 'Object Repository/VLink/Page_CCSale/txt_StoredCredentialIndicator'

2022-04-18 12:50:07 - [MESSAGE][PASSED] - Text 'Unscheduled' is set on object 'Object Repository/VLink/Page_CCSale/txt_COFScheduledIndicator'

2022-04-18 12:50:08 - [MESSAGE][PASSED] - Text 'Customer' is set on object 'Object Repository/VLink/Page_CCSale/txt_COFTransactionInitiatedBy'

2022-04-18 12:50:10 - [MESSAGE][PASSED] - Object: 'Object Repository/VLink/Page_CCSale/btn_ProcessVLinkTransaction' is clicked on

2022-04-18 12:50:15 - [MESSAGE][PASSED] - vlinkPages.saleCCPage.setDataSCC is PASSED

2022-04-18 12:50:15 - [TEST_STEP][PASSED] - if (verifyTextPresent("Transaction approved, no errors", true)): null

2022-04-18 12:50:16 - [MESSAGE][PASSED] - Text 'Transaction approved, no errors' is present on page  using regular expression

2022-04-18 12:50:16 - [TEST_STEP][PASSED] - println("Transaction Approved, no errors text is present on the Confirmation page"): null

2022-04-18 12:50:16 - [TEST_STEP][PASSED] - out.println("Pass Record Number: " + row): null

2022-04-18 12:50:16 - [TEST_STEP][PASSED] - resText = "Pass": null

2022-04-18 12:50:16 - [TEST_STEP][PASSED] - pages.WriteExcel.demoKey(resText, datText, resColumn, datCloumn, fileLoc, nameSheet, row): pages.WriteExcel.demoKey is PASSED

2022-04-18 12:50:16 - [MESSAGE][PASSED] - pages.WriteExcel.demoKey is PASSED

2022-04-18 12:50:16 - [TEST_STEP][PASSED] - sdfo = getText(findTestObject("Object Repository/Page_VLinkReceipt/pre_STX")): Text of object 'Object Repository/Page_VLinkReceipt/pre_STX' is: '<STX>1fO1pAQQBida                  12114932            0  Transaction approved, no errors                   0                                                                                  X OK5964   <ETX>'

2022-04-18 12:50:16 - [MESSAGE][PASSED] - Text of object 'Object Repository/Page_VLinkReceipt/pre_STX' is: '<STX>1fO1pAQQBida                  12114932            0  Transaction approved, no errors                   0                                                                                  X OK5964   <ETX>'

2022-04-18 12:50:16 - [TEST_STEP][PASSED] - out.println("sdfo: " + sdfo): null

2022-04-18 12:50:16 - [TEST_STEP][PASSED] - remID = substring(5, 35).trim(): null

2022-04-18 12:50:16 - [TEST_STEP][PASSED] - out.println("Remittance ID: " + remID): null

2022-04-18 12:50:16 - [TEST_STEP][PASSED] - traxID = substring(35, 55).trim(): null

2022-04-18 12:50:16 - [TEST_STEP][PASSED] - out.println("Transaction ID: " + traxID): null

2022-04-18 12:50:16 - [TEST_STEP][PASSED] - out.println("End Record Number: " + row): null

2022-04-18 12:50:16 - [TEST_STEP][PASSED] - closeBrowser(): Browser is closed

2022-04-18 12:50:17 - [MESSAGE][PASSED] - Browser is closed

2022-04-18 12:50:17 - [TEST_STEP][PASSED] - ExecuteTC = findTestData(dataFile).getValue("Execute", row): null

2022-04-18 12:50:17 - [TEST_STEP][PASSED] - out.println("Value of Execute is : " + ExecuteTC): null

2022-04-18 12:50:17 - [TEST_STEP][PASSED] - if (ExecuteTC.equalsIgnoreCase("Y")): Browser is closed

2022-04-18 12:50:17 - [TEST_STEP][PASSED] - out.println("Begin Record Number: " + row): null

2022-04-18 12:50:17 - [TEST_STEP][PASSED] - today = new java.util.Date(): null

2022-04-18 12:50:17 - [TEST_STEP][PASSED] - println(today): null

2022-04-18 12:50:17 - [TEST_STEP][PASSED] - datText = today: null

2022-04-18 12:50:17 - [TEST_STEP][PASSED] - openBrowser(VLinkURL + "authcap.html"): Browser is opened with url: 'https://dev-algorithm.govolution.com/vlinktest/QA/version_2_0/authcap.html'

2022-04-18 12:50:17 - [MESSAGE][INFO] - Starting 'Chrome' driver

2022-04-18 12:50:17 - [MESSAGE][INFO] - User set preference: ['acceptInsecureCerts', 'true']

2022-04-18 12:50:17 - [MESSAGE][INFO] - Action delay is set to 0 milliseconds

2022-04-18 12:50:19 - [MESSAGE][PASSED] - Browser is opened with url: 'https://dev-algorithm.govolution.com/vlinktest/QA/version_2_0/authcap.html'

2022-04-18 12:50:19 - [TEST_STEP][PASSED] - maximizeWindow(): Current window maximized

2022-04-18 12:50:19 - [MESSAGE][PASSED] - Current window maximized

2022-04-18 12:50:19 - [TEST_STEP][PASSED] - vlinkPages.saleCCPage.setDataSCC(row, dataFile): vlinkPages.saleCCPage.setDataSCC is PASSED

2022-04-18 12:50:22 - [MESSAGE][PASSED] - Object 'Object Repository/VLink/Page_CCSale/txt_CardNumber' is present

2022-04-18 12:50:22 - [MESSAGE][PASSED] - Text '104' is set on object 'Object Repository/VLink/Page_CCSale/txt_TransactionType'

2022-04-18 12:50:23 - [MESSAGE][PASSED] - Text '2.0C' is set on object 'Object Repository/VLink/Page_CCSale/txt_MessageVersion'

2022-04-18 12:50:23 - [MESSAGE][PASSED] - Text 'XxJFdpErrw6w' is set on object 'Object Repository/VLink/Page_CCSale/txt_RemID'

2022-04-18 12:50:24 - [MESSAGE][PASSED] - Text '665' is set on object 'Object Repository/VLink/Page_CCSale/txt_ApplicationId'

2022-04-18 12:50:25 - [MESSAGE][PASSED] - Text 'username' is set on object 'Object Repository/VLink/Page_CCSale/txt_Username'

2022-04-18 12:50:25 - [MESSAGE][PASSED] - Text 'password' is set on object 'Object Repository/VLink/Page_CCSale/txt_Password'

2022-04-18 12:50:26 - [MESSAGE][PASSED] - Text 'fixed_width' is set on object 'Object Repository/VLink/Page_CCSale/txt_ResponseFormat'

2022-04-18 12:50:27 - [MESSAGE][PASSED] - Text 'ECOM' is set on object 'Object Repository/VLink/Page_CCSale/txt_Category'

2022-04-18 12:50:27 - [MESSAGE][PASSED] - Text '' is set on object 'Object Repository/VLink/Page_CCSale/txt_TransactionID'

2022-04-18 12:50:28 - [MESSAGE][PASSED] - Text '' is set on object 'Object Repository/VLink/Page_CCSale/txt_ApprovalCode'

2022-04-18 12:50:29 - [MESSAGE][PASSED] - Text 'Kris Roshan' is set on object 'Object Repository/VLink/Page_CCSale/txt_CardName'

2022-04-18 12:50:29 - [MESSAGE][PASSED] - Text '258 Elm Road' is set on object 'Object Repository/VLink/Page_CCSale/txt_AL1'

2022-04-18 12:50:30 - [MESSAGE][PASSED] - Text 'Suite 56' is set on object 'Object Repository/VLink/Page_CCSale/txt_AL2'

2022-04-18 12:50:31 - [MESSAGE][PASSED] - Text 'Arlington' is set on object 'Object Repository/VLink/Page_CCSale/txt_CardCity'

2022-04-18 12:50:31 - [MESSAGE][PASSED] - Text 'VA' is set on object 'Object Repository/VLink/Page_CCSale/txt_CardState'

2022-04-18 12:50:32 - [MESSAGE][PASSED] - Text '22201' is set on object 'Object Repository/VLink/Page_CCSale/txt_CardZIP'

2022-04-18 12:50:33 - [MESSAGE][PASSED] - Text '840' is set on object 'Object Repository/VLink/Page_CCSale/txt_CountryID'

2022-04-18 12:50:33 - [MESSAGE][PASSED] - Text '1.50' is set on object 'Object Repository/VLink/Page_CCSale/txt_Amount'

2022-04-18 12:50:34 - [MESSAGE][PASSED] - Text '6011000000000004' is set on object 'Object Repository/VLink/Page_CCSale/txt_CardNumber'

2022-04-18 12:50:35 - [MESSAGE][PASSED] - Text '12' is set on object 'Object Repository/VLink/Page_CCSale/txt_ExpMonth'

2022-04-18 12:50:36 - [MESSAGE][PASSED] - Text '2025' is set on object 'Object Repository/VLink/Page_CCSale/txt_ExpYear'

2022-04-18 12:50:36 - [MESSAGE][PASSED] - Text '' is set on object 'Object Repository/VLink/Page_CCSale/txt_CVV'

2022-04-18 12:50:37 - [MESSAGE][PASSED] - Text '' is set on object 'Object Repository/VLink/Page_CCSale/txt_CVVstate'

2022-04-18 12:50:38 - [MESSAGE][PASSED] - Text '' is set on object 'Object Repository/VLink/Page_CCSale/txt_TrackData'

2022-04-18 12:50:38 - [MESSAGE][PASSED] - Text '' is set on object 'Object Repository/VLink/Page_CCSale/txt_Track1Data'

2022-04-18 12:50:39 - [MESSAGE][PASSED] - Text '' is set on object 'Object Repository/VLink/Page_CCSale/txt_Track2Data'

2022-04-18 12:50:40 - [MESSAGE][PASSED] - Text 'manual' is set on object 'Object Repository/VLink/Page_CCSale/txt_POSEntryMode'

2022-04-18 12:50:40 - [MESSAGE][PASSED] - Text 'iahmed@govolution.com' is set on object 'Object Repository/VLink/Page_CCSale/txt_Email'

2022-04-18 12:50:41 - [MESSAGE][PASSED] - Text '2569362' is set on object 'Object Repository/VLink/Page_CCSale/txt_OrderNumber'

2022-04-18 12:50:42 - [MESSAGE][PASSED] - Text '1.15' is set on object 'Object Repository/VLink/Page_CCSale/txt_TaxAmount'

2022-04-18 12:50:43 - [MESSAGE][PASSED] - Text 'Charge Description' is set on object 'Object Repository/VLink/Page_CCSale/txt_ChargeDescription'

2022-04-18 12:50:43 - [MESSAGE][PASSED] - Text '147357' is set on object 'Object Repository/VLink/Page_CCSale/txt_CAN'

2022-04-18 12:50:44 - [MESSAGE][PASSED] - Text '1' is set on object 'Object Repository/VLink/Page_CCSale/txt_BillPaymentIndicator'

2022-04-18 12:50:45 - [MESSAGE][PASSED] - Text 'UDF Data 1' is set on object 'Object Repository/VLink/Page_CCSale/txt_UDF1'

2022-04-18 12:50:45 - [MESSAGE][PASSED] - Text 'UDF Data 2' is set on object 'Object Repository/VLink/Page_CCSale/txt_UDF2'

2022-04-18 12:50:46 - [MESSAGE][PASSED] - Text 'UDF Data 3' is set on object 'Object Repository/VLink/Page_CCSale/txt_UDF3'

2022-04-18 12:50:47 - [MESSAGE][PASSED] - Text 'UDF Data 4' is set on object 'Object Repository/VLink/Page_CCSale/txt_UDF4'

2022-04-18 12:50:48 - [MESSAGE][PASSED] - Text 'UDF Data 5' is set on object 'Object Repository/VLink/Page_CCSale/txt_UDF5'

2022-04-18 12:50:48 - [MESSAGE][PASSED] - Text 'UDF Data 6' is set on object 'Object Repository/VLink/Page_CCSale/txt_UDF6'

2022-04-18 12:50:49 - [MESSAGE][PASSED] - Text 'UDF Data 7' is set on object 'Object Repository/VLink/Page_CCSale/txt_UDF7'

2022-04-18 12:50:50 - [MESSAGE][PASSED] - Text 'UDF Data 8' is set on object 'Object Repository/VLink/Page_CCSale/txt_UDF8'

2022-04-18 12:50:50 - [MESSAGE][PASSED] - Text 'UDF Data 9' is set on object 'Object Repository/VLink/Page_CCSale/txt_UDF9'

2022-04-18 12:50:51 - [MESSAGE][PASSED] - Text 'UDF Data 10' is set on object 'Object Repository/VLink/Page_CCSale/txt_UDF10'

2022-04-18 12:50:52 - [MESSAGE][PASSED] - Text '0' is set on object 'Object Repository/VLink/Page_CCSale/txt_CardOnFileIndicator'

2022-04-18 12:50:52 - [MESSAGE][PASSED] - Text 'Initial' is set on object 'Object Repository/VLink/Page_CCSale/txt_StoredCredentialIndicator'

2022-04-18 12:50:53 - [MESSAGE][PASSED] - Text 'Unscheduled' is set on object 'Object Repository/VLink/Page_CCSale/txt_COFScheduledIndicator'

2022-04-18 12:50:54 - [MESSAGE][PASSED] - Text 'Customer' is set on object 'Object Repository/VLink/Page_CCSale/txt_COFTransactionInitiatedBy'

2022-04-18 12:50:57 - [MESSAGE][PASSED] - Object: 'Object Repository/VLink/Page_CCSale/btn_ProcessVLinkTransaction' is clicked on

2022-04-18 12:51:02 - [MESSAGE][PASSED] - vlinkPages.saleCCPage.setDataSCC is PASSED

2022-04-18 12:51:02 - [TEST_STEP][PASSED] - if (verifyTextPresent("Transaction approved, no errors", true)): null

2022-04-18 12:51:02 - [MESSAGE][PASSED] - Text 'Transaction approved, no errors' is present on page  using regular expression

2022-04-18 12:51:02 - [TEST_STEP][PASSED] - println("Transaction Approved, no errors text is present on the Confirmation page"): null

2022-04-18 12:51:02 - [TEST_STEP][PASSED] - out.println("Pass Record Number: " + row): null

2022-04-18 12:51:02 - [TEST_STEP][PASSED] - resText = "Pass": null

2022-04-18 12:51:02 - [TEST_STEP][PASSED] - pages.WriteExcel.demoKey(resText, datText, resColumn, datCloumn, fileLoc, nameSheet, row): pages.WriteExcel.demoKey is PASSED

2022-04-18 12:51:02 - [MESSAGE][PASSED] - pages.WriteExcel.demoKey is PASSED

2022-04-18 12:51:02 - [TEST_STEP][PASSED] - sdfo = getText(findTestObject("Object Repository/Page_VLinkReceipt/pre_STX")): Text of object 'Object Repository/Page_VLinkReceipt/pre_STX' is: '<STX>XxJFdpErrw6w                  12114933            0  Transaction approved, no errors                   0                                                                                  XXOK6244   <ETX>'

2022-04-18 12:51:03 - [MESSAGE][PASSED] - Text of object 'Object Repository/Page_VLinkReceipt/pre_STX' is: '<STX>XxJFdpErrw6w                  12114933            0  Transaction approved, no errors                   0                                                                                  XXOK6244   <ETX>'

2022-04-18 12:51:03 - [TEST_STEP][PASSED] - out.println("sdfo: " + sdfo): null

2022-04-18 12:51:03 - [TEST_STEP][PASSED] - remID = substring(5, 35).trim(): null

2022-04-18 12:51:03 - [TEST_STEP][PASSED] - out.println("Remittance ID: " + remID): null

2022-04-18 12:51:03 - [TEST_STEP][PASSED] - traxID = substring(35, 55).trim(): null

2022-04-18 12:51:03 - [TEST_STEP][PASSED] - out.println("Transaction ID: " + traxID): null

2022-04-18 12:51:03 - [TEST_STEP][PASSED] - out.println("End Record Number: " + row): null

2022-04-18 12:51:03 - [TEST_STEP][PASSED] - closeBrowser(): Browser is closed

2022-04-18 12:51:03 - [MESSAGE][PASSED] - Browser is closed

2022-04-18 12:51:03 - [TEST_STEP][PASSED] - ExecuteTC = findTestData(dataFile).getValue("Execute", row): null

2022-04-18 12:51:03 - [TEST_STEP][PASSED] - out.println("Value of Execute is : " + ExecuteTC): null

2022-04-18 12:51:03 - [TEST_STEP][FAILED] - if (ExecuteTC.equalsIgnoreCase("Y")): null

2022-04-18 12:51:03 - [TEST_STEP][PASSED] - out.println("Begin Record Number: " + row): null

2022-04-18 12:51:03 - [TEST_STEP][PASSED] - today = new java.util.Date(): null

2022-04-18 12:51:03 - [TEST_STEP][PASSED] - println(today): null

2022-04-18 12:51:03 - [TEST_STEP][PASSED] - datText = today: null

2022-04-18 12:51:03 - [TEST_STEP][PASSED] - openBrowser(VLinkURL + "authcap.html"): Browser is opened with url: 'https://dev-algorithm.govolution.com/vlinktest/QA/version_2_0/authcap.html'

2022-04-18 12:51:03 - [MESSAGE][INFO] - Starting 'Chrome' driver

2022-04-18 12:51:03 - [MESSAGE][INFO] - User set preference: ['acceptInsecureCerts', 'true']

2022-04-18 12:51:03 - [MESSAGE][INFO] - Action delay is set to 0 milliseconds

2022-04-18 12:51:05 - [MESSAGE][PASSED] - Browser is opened with url: 'https://dev-algorithm.govolution.com/vlinktest/QA/version_2_0/authcap.html'

2022-04-18 12:51:05 - [TEST_STEP][PASSED] - maximizeWindow(): Current window maximized

2022-04-18 12:51:05 - [MESSAGE][PASSED] - Current window maximized

2022-04-18 12:51:05 - [TEST_STEP][PASSED] - vlinkPages.saleCCPage.setDataSCC(row, dataFile): vlinkPages.saleCCPage.setDataSCC is PASSED

2022-04-18 12:51:08 - [MESSAGE][PASSED] - Object 'Object Repository/VLink/Page_CCSale/txt_CardNumber' is present

2022-04-18 12:51:09 - [MESSAGE][PASSED] - Text '104' is set on object 'Object Repository/VLink/Page_CCSale/txt_TransactionType'

2022-04-18 12:51:09 - [MESSAGE][PASSED] - Text '2.0C' is set on object 'Object Repository/VLink/Page_CCSale/txt_MessageVersion'

2022-04-18 12:51:10 - [MESSAGE][PASSED] - Text '2S5atnn6fXpW' is set on object 'Object Repository/VLink/Page_CCSale/txt_RemID'

2022-04-18 12:51:11 - [MESSAGE][PASSED] - Text '665' is set on object 'Object Repository/VLink/Page_CCSale/txt_ApplicationId'

2022-04-18 12:51:11 - [MESSAGE][PASSED] - Text 'username' is set on object 'Object Repository/VLink/Page_CCSale/txt_Username'

2022-04-18 12:51:12 - [MESSAGE][PASSED] - Text 'password' is set on object 'Object Repository/VLink/Page_CCSale/txt_Password'

2022-04-18 12:51:12 - [MESSAGE][PASSED] - Text 'fixed_width' is set on object 'Object Repository/VLink/Page_CCSale/txt_ResponseFormat'

2022-04-18 12:51:13 - [MESSAGE][PASSED] - Text 'MOTO' is set on object 'Object Repository/VLink/Page_CCSale/txt_Category'

2022-04-18 12:51:14 - [MESSAGE][PASSED] - Text '' is set on object 'Object Repository/VLink/Page_CCSale/txt_TransactionID'

2022-04-18 12:51:14 - [MESSAGE][PASSED] - Text '' is set on object 'Object Repository/VLink/Page_CCSale/txt_ApprovalCode'

2022-04-18 12:51:15 - [MESSAGE][PASSED] - Text 'Roshan Maha' is set on object 'Object Repository/VLink/Page_CCSale/txt_CardName'

2022-04-18 12:51:16 - [MESSAGE][PASSED] - Text '12563 Bazaar road' is set on object 'Object Repository/VLink/Page_CCSale/txt_AL1'

2022-04-18 12:51:16 - [MESSAGE][PASSED] - Text '' is set on object 'Object Repository/VLink/Page_CCSale/txt_AL2'

2022-04-18 12:51:17 - [MESSAGE][PASSED] - Text 'Crofton' is set on object 'Object Repository/VLink/Page_CCSale/txt_CardCity'

2022-04-18 12:51:18 - [MESSAGE][PASSED] - Text 'MD' is set on object 'Object Repository/VLink/Page_CCSale/txt_CardState'

2022-04-18 12:51:19 - [MESSAGE][PASSED] - Text '21114' is set on object 'Object Repository/VLink/Page_CCSale/txt_CardZIP'

2022-04-18 12:51:19 - [MESSAGE][PASSED] - Text '' is set on object 'Object Repository/VLink/Page_CCSale/txt_CountryID'

2022-04-18 12:51:20 - [MESSAGE][PASSED] - Text '3.50' is set on object 'Object Repository/VLink/Page_CCSale/txt_Amount'

2022-04-18 12:51:21 - [MESSAGE][PASSED] - Text '4111111111111111' is set on object 'Object Repository/VLink/Page_CCSale/txt_CardNumber'

2022-04-18 12:51:21 - [MESSAGE][PASSED] - Text '01' is set on object 'Object Repository/VLink/Page_CCSale/txt_ExpMonth'

2022-04-18 12:51:22 - [MESSAGE][PASSED] - Text '2026' is set on object 'Object Repository/VLink/Page_CCSale/txt_ExpYear'

2022-04-18 12:51:23 - [MESSAGE][PASSED] - Text '' is set on object 'Object Repository/VLink/Page_CCSale/txt_CVV'

2022-04-18 12:51:23 - [MESSAGE][PASSED] - Text '' is set on object 'Object Repository/VLink/Page_CCSale/txt_CVVstate'

2022-04-18 12:51:24 - [MESSAGE][PASSED] - Text '' is set on object 'Object Repository/VLink/Page_CCSale/txt_TrackData'

2022-04-18 12:51:25 - [MESSAGE][PASSED] - Text '' is set on object 'Object Repository/VLink/Page_CCSale/txt_Track1Data'

2022-04-18 12:51:25 - [MESSAGE][PASSED] - Text '' is set on object 'Object Repository/VLink/Page_CCSale/txt_Track2Data'

2022-04-18 12:51:26 - [MESSAGE][PASSED] - Text 'manual' is set on object 'Object Repository/VLink/Page_CCSale/txt_POSEntryMode'

2022-04-18 12:51:27 - [MESSAGE][PASSED] - Text '' is set on object 'Object Repository/VLink/Page_CCSale/txt_Email'

2022-04-18 12:51:27 - [MESSAGE][PASSED] - Text '' is set on object 'Object Repository/VLink/Page_CCSale/txt_OrderNumber'

2022-04-18 12:51:28 - [MESSAGE][PASSED] - Text '' is set on object 'Object Repository/VLink/Page_CCSale/txt_TaxAmount'

2022-04-18 12:51:29 - [MESSAGE][PASSED] - Text '' is set on object 'Object Repository/VLink/Page_CCSale/txt_ChargeDescription'

2022-04-18 12:51:30 - [MESSAGE][PASSED] - Text '' is set on object 'Object Repository/VLink/Page_CCSale/txt_CAN'

2022-04-18 12:51:30 - [MESSAGE][PASSED] - Text '' is set on object 'Object Repository/VLink/Page_CCSale/txt_BillPaymentIndicator'

2022-04-18 12:51:31 - [MESSAGE][PASSED] - Text '' is set on object 'Object Repository/VLink/Page_CCSale/txt_UDF1'

2022-04-18 12:51:32 - [MESSAGE][PASSED] - Text '' is set on object 'Object Repository/VLink/Page_CCSale/txt_UDF2'

2022-04-18 12:51:32 - [MESSAGE][PASSED] - Text '' is set on object 'Object Repository/VLink/Page_CCSale/txt_UDF3'

2022-04-18 12:51:33 - [MESSAGE][PASSED] - Text '' is set on object 'Object Repository/VLink/Page_CCSale/txt_UDF4'

2022-04-18 12:51:34 - [MESSAGE][PASSED] - Text '' is set on object 'Object Repository/VLink/Page_CCSale/txt_UDF5'

2022-04-18 12:51:34 - [MESSAGE][PASSED] - Text '' is set on object 'Object Repository/VLink/Page_CCSale/txt_UDF6'

2022-04-18 12:51:35 - [MESSAGE][PASSED] - Text '' is set on object 'Object Repository/VLink/Page_CCSale/txt_UDF7'

2022-04-18 12:51:36 - [MESSAGE][PASSED] - Text '' is set on object 'Object Repository/VLink/Page_CCSale/txt_UDF8'

2022-04-18 12:51:36 - [MESSAGE][PASSED] - Text '' is set on object 'Object Repository/VLink/Page_CCSale/txt_UDF9'

2022-04-18 12:51:37 - [MESSAGE][PASSED] - Text '' is set on object 'Object Repository/VLink/Page_CCSale/txt_UDF10'

2022-04-18 12:51:38 - [MESSAGE][PASSED] - Text '0' is set on object 'Object Repository/VLink/Page_CCSale/txt_CardOnFileIndicator'

2022-04-18 12:51:38 - [MESSAGE][PASSED] - Text 'Initial' is set on object 'Object Repository/VLink/Page_CCSale/txt_StoredCredentialIndicator'

2022-04-18 12:51:39 - [MESSAGE][PASSED] - Text 'Unscheduled' is set on object 'Object Repository/VLink/Page_CCSale/txt_COFScheduledIndicator'

2022-04-18 12:51:40 - [MESSAGE][PASSED] - Text 'Customer' is set on object 'Object Repository/VLink/Page_CCSale/txt_COFTransactionInitiatedBy'

2022-04-18 12:51:41 - [MESSAGE][PASSED] - Object: 'Object Repository/VLink/Page_CCSale/btn_ProcessVLinkTransaction' is clicked on

2022-04-18 12:51:46 - [MESSAGE][PASSED] - vlinkPages.saleCCPage.setDataSCC is PASSED

2022-04-18 12:51:46 - [TEST_STEP][FAILED] - if (verifyTextPresent("Transaction approved, no errors", true)): Text 'Transaction approved, no errors' is not present on page  using regular expression (Root cause: com.kms.katalon.core.exception.StepFailedException: Text 'Transaction approved, no errors' is not present on page  using regular expression
	at com.kms.katalon.core.webui.keyword.internal.WebUIKeywordMain.stepFailed(WebUIKeywordMain.groovy:64)
	at com.kms.katalon.core.webui.keyword.builtin.VerifyTextPresentKeyword$_verifyTextPresent_closure1.doCall(VerifyTextPresentKeyword.groovy:79)
	at com.kms.katalon.core.webui.keyword.builtin.VerifyTextPresentKeyword$_verifyTextPresent_closure1.call(VerifyTextPresentKeyword.groovy)
	at com.kms.katalon.core.webui.keyword.internal.WebUIKeywordMain.runKeyword(WebUIKeywordMain.groovy:20)
	at com.kms.katalon.core.webui.keyword.builtin.VerifyTextPresentKeyword.verifyTextPresent(VerifyTextPresentKeyword.groovy:83)
	at com.kms.katalon.core.webui.keyword.builtin.VerifyTextPresentKeyword.execute(VerifyTextPresentKeyword.groovy:68)
	at com.kms.katalon.core.keyword.internal.KeywordExecutor.executeKeywordForPlatform(KeywordExecutor.groovy:74)
	at com.kms.katalon.core.webui.keyword.WebUiBuiltInKeywords.verifyTextPresent(WebUiBuiltInKeywords.groovy:1723)
	at com.kms.katalon.core.webui.keyword.WebUiBuiltInKeywords$verifyTextPresent$4.call(Unknown Source)
	at VLinkSale-Successful.run(VLinkSale-Successful:88)
	at com.kms.katalon.core.main.ScriptEngine.run(ScriptEngine.java:194)
	at com.kms.katalon.core.main.ScriptEngine.runScriptAsRawText(ScriptEngine.java:119)
	at com.kms.katalon.core.main.TestCaseExecutor.runScript(TestCaseExecutor.java:442)
	at com.kms.katalon.core.main.TestCaseExecutor.doExecute(TestCaseExecutor.java:433)
	at com.kms.katalon.core.main.TestCaseExecutor.processExecutionPhase(TestCaseExecutor.java:412)
	at com.kms.katalon.core.main.TestCaseExecutor.accessMainPhase(TestCaseExecutor.java:404)
	at com.kms.katalon.core.main.TestCaseExecutor.execute(TestCaseExecutor.java:281)
	at com.kms.katalon.core.main.TestSuiteExecutor.accessTestCaseMainPhase(TestSuiteExecutor.java:202)
	at com.kms.katalon.core.main.TestSuiteExecutor.accessTestSuiteMainPhase(TestSuiteExecutor.java:164)
	at com.kms.katalon.core.main.TestSuiteExecutor.execute(TestSuiteExecutor.java:105)
	at com.kms.katalon.core.main.TestCaseMain.startTestSuite(TestCaseMain.java:185)
	at com.kms.katalon.core.main.TestCaseMain$startTestSuite$0.call(Unknown Source)
	at TempTestSuite1650298796406.run(TempTestSuite1650298796406.groovy:36)
)

2022-04-18 12:51:46 - [MESSAGE][FAILED] - Text 'Transaction approved, no errors' is not present on page  using regular expression (Root cause: com.kms.katalon.core.exception.StepFailedException: Text 'Transaction approved, no errors' is not present on page  using regular expression
	at com.kms.katalon.core.webui.keyword.internal.WebUIKeywordMain.stepFailed(WebUIKeywordMain.groovy:64)
	at com.kms.katalon.core.webui.keyword.builtin.VerifyTextPresentKeyword$_verifyTextPresent_closure1.doCall(VerifyTextPresentKeyword.groovy:79)
	at com.kms.katalon.core.webui.keyword.builtin.VerifyTextPresentKeyword$_verifyTextPresent_closure1.call(VerifyTextPresentKeyword.groovy)
	at com.kms.katalon.core.webui.keyword.internal.WebUIKeywordMain.runKeyword(WebUIKeywordMain.groovy:20)
	at com.kms.katalon.core.webui.keyword.builtin.VerifyTextPresentKeyword.verifyTextPresent(VerifyTextPresentKeyword.groovy:83)
	at com.kms.katalon.core.webui.keyword.builtin.VerifyTextPresentKeyword.execute(VerifyTextPresentKeyword.groovy:68)
	at com.kms.katalon.core.keyword.internal.KeywordExecutor.executeKeywordForPlatform(KeywordExecutor.groovy:74)
	at com.kms.katalon.core.webui.keyword.WebUiBuiltInKeywords.verifyTextPresent(WebUiBuiltInKeywords.groovy:1723)
	at com.kms.katalon.core.webui.keyword.WebUiBuiltInKeywords$verifyTextPresent$4.call(Unknown Source)
	at VLinkSale-Successful.run(VLinkSale-Successful:88)
	at com.kms.katalon.core.main.ScriptEngine.run(ScriptEngine.java:194)
	at com.kms.katalon.core.main.ScriptEngine.runScriptAsRawText(ScriptEngine.java:119)
	at com.kms.katalon.core.main.TestCaseExecutor.runScript(TestCaseExecutor.java:442)
	at com.kms.katalon.core.main.TestCaseExecutor.doExecute(TestCaseExecutor.java:433)
	at com.kms.katalon.core.main.TestCaseExecutor.processExecutionPhase(TestCaseExecutor.java:412)
	at com.kms.katalon.core.main.TestCaseExecutor.accessMainPhase(TestCaseExecutor.java:404)
	at com.kms.katalon.core.main.TestCaseExecutor.execute(TestCaseExecutor.java:281)
	at com.kms.katalon.core.main.TestSuiteExecutor.accessTestCaseMainPhase(TestSuiteExecutor.java:202)
	at com.kms.katalon.core.main.TestSuiteExecutor.accessTestSuiteMainPhase(TestSuiteExecutor.java:164)
	at com.kms.katalon.core.main.TestSuiteExecutor.execute(TestSuiteExecutor.java:105)
	at com.kms.katalon.core.main.TestCaseMain.startTestSuite(TestCaseMain.java:185)
	at com.kms.katalon.core.main.TestCaseMain$startTestSuite$0.call(Unknown Source)
	at TempTestSuite1650298796406.run(TempTestSuite1650298796406.groovy:36)
)

2022-04-18 12:51:46 - [TEST_STEP][PASSED] - else: pages.WriteExcel.demoKey is PASSED

2022-04-18 12:51:46 - [TEST_STEP][PASSED] - println("Transaction Approved, no errors text is not present on the Confirmation page"): null

2022-04-18 12:51:46 - [TEST_STEP][PASSED] - out.println("Fail Record Number: " + row): null

2022-04-18 12:51:46 - [TEST_STEP][PASSED] - resText = "Fail": null

2022-04-18 12:51:46 - [TEST_STEP][PASSED] - pages.WriteExcel.demoKey(resText, datText, resColumn, datCloumn, fileLoc, nameSheet, row): pages.WriteExcel.demoKey is PASSED

2022-04-18 12:51:47 - [MESSAGE][PASSED] - pages.WriteExcel.demoKey is PASSED

2022-04-18 12:51:47 - [TEST_STEP][PASSED] - sdfo = getText(findTestObject("Object Repository/Page_VLinkReceipt/pre_STX")): Text of object 'Object Repository/Page_VLinkReceipt/pre_STX' is: '<STX>2S5atnn6fXpW                  12114934            2  Transaction failed                                101Card type not valid                                                                        <ETX>'

2022-04-18 12:51:47 - [MESSAGE][PASSED] - Text of object 'Object Repository/Page_VLinkReceipt/pre_STX' is: '<STX>2S5atnn6fXpW                  12114934            2  Transaction failed                                101Card type not valid                                                                        <ETX>'

2022-04-18 12:51:47 - [TEST_STEP][PASSED] - out.println("sdfo: " + sdfo): null

2022-04-18 12:51:47 - [TEST_STEP][PASSED] - remID = substring(5, 35).trim(): null

2022-04-18 12:51:47 - [TEST_STEP][PASSED] - out.println("Remittance ID: " + remID): null

2022-04-18 12:51:47 - [TEST_STEP][PASSED] - traxID = substring(35, 55).trim(): null

2022-04-18 12:51:47 - [TEST_STEP][PASSED] - out.println("Transaction ID: " + traxID): null

2022-04-18 12:51:47 - [TEST_STEP][PASSED] - out.println("End Record Number: " + row): null

2022-04-18 12:51:47 - [TEST_STEP][PASSED] - closeBrowser(): Browser is closed

2022-04-18 12:51:48 - [MESSAGE][PASSED] - Browser is closed

2022-04-18 12:51:48 - [TEST_STEP][PASSED] - ExecuteTC = findTestData(dataFile).getValue("Execute", row): null

2022-04-18 12:51:48 - [TEST_STEP][PASSED] - out.println("Value of Execute is : " + ExecuteTC): null

2022-04-18 12:51:48 - [TEST_STEP][PASSED] - if (ExecuteTC.equalsIgnoreCase("Y")): Browser is closed

2022-04-18 12:51:48 - [TEST_STEP][PASSED] - out.println("Begin Record Number: " + row): null

2022-04-18 12:51:48 - [TEST_STEP][PASSED] - today = new java.util.Date(): null

2022-04-18 12:51:48 - [TEST_STEP][PASSED] - println(today): null

2022-04-18 12:51:48 - [TEST_STEP][PASSED] - datText = today: null

2022-04-18 12:51:48 - [TEST_STEP][PASSED] - openBrowser(VLinkURL + "authcap.html"): Browser is opened with url: 'https://dev-algorithm.govolution.com/vlinktest/QA/version_2_0/authcap.html'

2022-04-18 12:51:48 - [MESSAGE][INFO] - Starting 'Chrome' driver

2022-04-18 12:51:48 - [MESSAGE][INFO] - User set preference: ['acceptInsecureCerts', 'true']

2022-04-18 12:51:48 - [MESSAGE][INFO] - Action delay is set to 0 milliseconds

2022-04-18 12:51:50 - [MESSAGE][PASSED] - Browser is opened with url: 'https://dev-algorithm.govolution.com/vlinktest/QA/version_2_0/authcap.html'

2022-04-18 12:51:50 - [TEST_STEP][PASSED] - maximizeWindow(): Current window maximized

2022-04-18 12:51:50 - [MESSAGE][PASSED] - Current window maximized

2022-04-18 12:51:50 - [TEST_STEP][PASSED] - vlinkPages.saleCCPage.setDataSCC(row, dataFile): vlinkPages.saleCCPage.setDataSCC is PASSED

2022-04-18 12:51:53 - [MESSAGE][PASSED] - Object 'Object Repository/VLink/Page_CCSale/txt_CardNumber' is present

2022-04-18 12:51:53 - [MESSAGE][PASSED] - Text '104' is set on object 'Object Repository/VLink/Page_CCSale/txt_TransactionType'

2022-04-18 12:51:54 - [MESSAGE][PASSED] - Text '2.0C' is set on object 'Object Repository/VLink/Page_CCSale/txt_MessageVersion'

2022-04-18 12:51:55 - [MESSAGE][PASSED] - Text 'GTakxy3hJBNL' is set on object 'Object Repository/VLink/Page_CCSale/txt_RemID'

2022-04-18 12:51:55 - [MESSAGE][PASSED] - Text '665' is set on object 'Object Repository/VLink/Page_CCSale/txt_ApplicationId'

2022-04-18 12:51:56 - [MESSAGE][PASSED] - Text 'username' is set on object 'Object Repository/VLink/Page_CCSale/txt_Username'

2022-04-18 12:51:56 - [MESSAGE][PASSED] - Text 'password' is set on object 'Object Repository/VLink/Page_CCSale/txt_Password'

2022-04-18 12:51:57 - [MESSAGE][PASSED] - Text 'fixed_width' is set on object 'Object Repository/VLink/Page_CCSale/txt_ResponseFormat'

2022-04-18 12:51:58 - [MESSAGE][PASSED] - Text 'MOTO' is set on object 'Object Repository/VLink/Page_CCSale/txt_Category'

2022-04-18 12:51:58 - [MESSAGE][PASSED] - Text '' is set on object 'Object Repository/VLink/Page_CCSale/txt_TransactionID'

2022-04-18 12:51:59 - [MESSAGE][PASSED] - Text '' is set on object 'Object Repository/VLink/Page_CCSale/txt_ApprovalCode'

2022-04-18 12:52:00 - [MESSAGE][PASSED] - Text 'Kris Roshan' is set on object 'Object Repository/VLink/Page_CCSale/txt_CardName'

2022-04-18 12:52:00 - [MESSAGE][PASSED] - Text '258 Elm Road' is set on object 'Object Repository/VLink/Page_CCSale/txt_AL1'

2022-04-18 12:52:01 - [MESSAGE][PASSED] - Text 'Suite 56' is set on object 'Object Repository/VLink/Page_CCSale/txt_AL2'

2022-04-18 12:52:02 - [MESSAGE][PASSED] - Text 'Arlington' is set on object 'Object Repository/VLink/Page_CCSale/txt_CardCity'

2022-04-18 12:52:02 - [MESSAGE][PASSED] - Text 'VA' is set on object 'Object Repository/VLink/Page_CCSale/txt_CardState'

2022-04-18 12:52:03 - [MESSAGE][PASSED] - Text '22201' is set on object 'Object Repository/VLink/Page_CCSale/txt_CardZIP'

2022-04-18 12:52:04 - [MESSAGE][PASSED] - Text '840' is set on object 'Object Repository/VLink/Page_CCSale/txt_CountryID'

2022-04-18 12:52:05 - [MESSAGE][PASSED] - Text '1.50' is set on object 'Object Repository/VLink/Page_CCSale/txt_Amount'

2022-04-18 12:52:05 - [MESSAGE][PASSED] - Text '5424000000000015' is set on object 'Object Repository/VLink/Page_CCSale/txt_CardNumber'

2022-04-18 12:52:06 - [MESSAGE][PASSED] - Text '12' is set on object 'Object Repository/VLink/Page_CCSale/txt_ExpMonth'

2022-04-18 12:52:07 - [MESSAGE][PASSED] - Text '2025' is set on object 'Object Repository/VLink/Page_CCSale/txt_ExpYear'

2022-04-18 12:52:07 - [MESSAGE][PASSED] - Text '' is set on object 'Object Repository/VLink/Page_CCSale/txt_CVV'

2022-04-18 12:52:08 - [MESSAGE][PASSED] - Text '' is set on object 'Object Repository/VLink/Page_CCSale/txt_CVVstate'

2022-04-18 12:52:09 - [MESSAGE][PASSED] - Text '' is set on object 'Object Repository/VLink/Page_CCSale/txt_TrackData'

2022-04-18 12:52:09 - [MESSAGE][PASSED] - Text '' is set on object 'Object Repository/VLink/Page_CCSale/txt_Track1Data'

2022-04-18 12:52:10 - [MESSAGE][PASSED] - Text '' is set on object 'Object Repository/VLink/Page_CCSale/txt_Track2Data'

2022-04-18 12:52:11 - [MESSAGE][PASSED] - Text 'manual' is set on object 'Object Repository/VLink/Page_CCSale/txt_POSEntryMode'

2022-04-18 12:52:12 - [MESSAGE][PASSED] - Text 'iahmed@govolution.com' is set on object 'Object Repository/VLink/Page_CCSale/txt_Email'

2022-04-18 12:52:12 - [MESSAGE][PASSED] - Text '2569362' is set on object 'Object Repository/VLink/Page_CCSale/txt_OrderNumber'

2022-04-18 12:52:13 - [MESSAGE][PASSED] - Text '1.15' is set on object 'Object Repository/VLink/Page_CCSale/txt_TaxAmount'

2022-04-18 12:52:14 - [MESSAGE][PASSED] - Text 'Charge Description' is set on object 'Object Repository/VLink/Page_CCSale/txt_ChargeDescription'

2022-04-18 12:52:14 - [MESSAGE][PASSED] - Text '147357' is set on object 'Object Repository/VLink/Page_CCSale/txt_CAN'

2022-04-18 12:52:15 - [MESSAGE][PASSED] - Text '1' is set on object 'Object Repository/VLink/Page_CCSale/txt_BillPaymentIndicator'

2022-04-18 12:52:16 - [MESSAGE][PASSED] - Text 'UDF Data 1' is set on object 'Object Repository/VLink/Page_CCSale/txt_UDF1'

2022-04-18 12:52:16 - [MESSAGE][PASSED] - Text 'UDF Data 2' is set on object 'Object Repository/VLink/Page_CCSale/txt_UDF2'

2022-04-18 12:52:17 - [MESSAGE][PASSED] - Text 'UDF Data 3' is set on object 'Object Repository/VLink/Page_CCSale/txt_UDF3'

2022-04-18 12:52:18 - [MESSAGE][PASSED] - Text 'UDF Data 4' is set on object 'Object Repository/VLink/Page_CCSale/txt_UDF4'

2022-04-18 12:52:19 - [MESSAGE][PASSED] - Text 'UDF Data 5' is set on object 'Object Repository/VLink/Page_CCSale/txt_UDF5'

2022-04-18 12:52:19 - [MESSAGE][PASSED] - Text 'UDF Data 6' is set on object 'Object Repository/VLink/Page_CCSale/txt_UDF6'

2022-04-18 12:52:20 - [MESSAGE][PASSED] - Text 'UDF Data 7' is set on object 'Object Repository/VLink/Page_CCSale/txt_UDF7'

2022-04-18 12:52:21 - [MESSAGE][PASSED] - Text 'UDF Data 8' is set on object 'Object Repository/VLink/Page_CCSale/txt_UDF8'

2022-04-18 12:52:21 - [MESSAGE][PASSED] - Text 'UDF Data 9' is set on object 'Object Repository/VLink/Page_CCSale/txt_UDF9'

2022-04-18 12:52:22 - [MESSAGE][PASSED] - Text 'UDF Data 10' is set on object 'Object Repository/VLink/Page_CCSale/txt_UDF10'

2022-04-18 12:52:23 - [MESSAGE][PASSED] - Text '0' is set on object 'Object Repository/VLink/Page_CCSale/txt_CardOnFileIndicator'

2022-04-18 12:52:23 - [MESSAGE][PASSED] - Text 'Initial' is set on object 'Object Repository/VLink/Page_CCSale/txt_StoredCredentialIndicator'

2022-04-18 12:52:24 - [MESSAGE][PASSED] - Text 'Unscheduled' is set on object 'Object Repository/VLink/Page_CCSale/txt_COFScheduledIndicator'

2022-04-18 12:52:25 - [MESSAGE][PASSED] - Text 'Customer' is set on object 'Object Repository/VLink/Page_CCSale/txt_COFTransactionInitiatedBy'

2022-04-18 12:52:28 - [MESSAGE][PASSED] - Object: 'Object Repository/VLink/Page_CCSale/btn_ProcessVLinkTransaction' is clicked on

2022-04-18 12:52:33 - [MESSAGE][PASSED] - vlinkPages.saleCCPage.setDataSCC is PASSED

2022-04-18 12:52:33 - [TEST_STEP][PASSED] - if (verifyTextPresent("Transaction approved, no errors", true)): null

2022-04-18 12:52:33 - [MESSAGE][PASSED] - Text 'Transaction approved, no errors' is present on page  using regular expression

2022-04-18 12:52:33 - [TEST_STEP][PASSED] - println("Transaction Approved, no errors text is present on the Confirmation page"): null

2022-04-18 12:52:33 - [TEST_STEP][PASSED] - out.println("Pass Record Number: " + row): null

2022-04-18 12:52:33 - [TEST_STEP][PASSED] - resText = "Pass": null

2022-04-18 12:52:33 - [TEST_STEP][PASSED] - pages.WriteExcel.demoKey(resText, datText, resColumn, datCloumn, fileLoc, nameSheet, row): pages.WriteExcel.demoKey is PASSED

2022-04-18 12:52:33 - [MESSAGE][PASSED] - pages.WriteExcel.demoKey is PASSED

2022-04-18 12:52:33 - [TEST_STEP][PASSED] - sdfo = getText(findTestObject("Object Repository/Page_VLinkReceipt/pre_STX")): Text of object 'Object Repository/Page_VLinkReceipt/pre_STX' is: '<STX>GTakxy3hJBNL                  12114935            0  Transaction approved, no errors                   0                                                                                  XXOK6474   <ETX>'

2022-04-18 12:52:34 - [MESSAGE][PASSED] - Text of object 'Object Repository/Page_VLinkReceipt/pre_STX' is: '<STX>GTakxy3hJBNL                  12114935            0  Transaction approved, no errors                   0                                                                                  XXOK6474   <ETX>'

2022-04-18 12:52:34 - [TEST_STEP][PASSED] - out.println("sdfo: " + sdfo): null

2022-04-18 12:52:34 - [TEST_STEP][PASSED] - remID = substring(5, 35).trim(): null

2022-04-18 12:52:34 - [TEST_STEP][PASSED] - out.println("Remittance ID: " + remID): null

2022-04-18 12:52:34 - [TEST_STEP][PASSED] - traxID = substring(35, 55).trim(): null

2022-04-18 12:52:34 - [TEST_STEP][PASSED] - out.println("Transaction ID: " + traxID): null

2022-04-18 12:52:34 - [TEST_STEP][PASSED] - out.println("End Record Number: " + row): null

2022-04-18 12:52:34 - [TEST_STEP][PASSED] - closeBrowser(): Browser is closed

2022-04-18 12:52:35 - [MESSAGE][PASSED] - Browser is closed

2022-04-18 12:52:35 - [TEST_STEP][PASSED] - ExecuteTC = findTestData(dataFile).getValue("Execute", row): null

2022-04-18 12:52:35 - [TEST_STEP][PASSED] - out.println("Value of Execute is : " + ExecuteTC): null

2022-04-18 12:52:35 - [TEST_STEP][PASSED] - if (ExecuteTC.equalsIgnoreCase("Y")): Browser is closed

2022-04-18 12:52:35 - [TEST_STEP][PASSED] - out.println("Begin Record Number: " + row): null

2022-04-18 12:52:35 - [TEST_STEP][PASSED] - today = new java.util.Date(): null

2022-04-18 12:52:35 - [TEST_STEP][PASSED] - println(today): null

2022-04-18 12:52:35 - [TEST_STEP][PASSED] - datText = today: null

2022-04-18 12:52:35 - [TEST_STEP][PASSED] - openBrowser(VLinkURL + "authcap.html"): Browser is opened with url: 'https://dev-algorithm.govolution.com/vlinktest/QA/version_2_0/authcap.html'

2022-04-18 12:52:35 - [MESSAGE][INFO] - Starting 'Chrome' driver

2022-04-18 12:52:35 - [MESSAGE][INFO] - User set preference: ['acceptInsecureCerts', 'true']

2022-04-18 12:52:35 - [MESSAGE][INFO] - Action delay is set to 0 milliseconds

2022-04-18 12:52:37 - [MESSAGE][PASSED] - Browser is opened with url: 'https://dev-algorithm.govolution.com/vlinktest/QA/version_2_0/authcap.html'

2022-04-18 12:52:37 - [TEST_STEP][PASSED] - maximizeWindow(): Current window maximized

2022-04-18 12:52:37 - [MESSAGE][PASSED] - Current window maximized

2022-04-18 12:52:37 - [TEST_STEP][PASSED] - vlinkPages.saleCCPage.setDataSCC(row, dataFile): vlinkPages.saleCCPage.setDataSCC is PASSED

2022-04-18 12:52:39 - [MESSAGE][PASSED] - Object 'Object Repository/VLink/Page_CCSale/txt_CardNumber' is present

2022-04-18 12:52:40 - [MESSAGE][PASSED] - Text '104' is set on object 'Object Repository/VLink/Page_CCSale/txt_TransactionType'

2022-04-18 12:52:41 - [MESSAGE][PASSED] - Text '2.0C' is set on object 'Object Repository/VLink/Page_CCSale/txt_MessageVersion'

2022-04-18 12:52:41 - [MESSAGE][PASSED] - Text 'FTSrvl1bouKm' is set on object 'Object Repository/VLink/Page_CCSale/txt_RemID'

2022-04-18 12:52:42 - [MESSAGE][PASSED] - Text '665' is set on object 'Object Repository/VLink/Page_CCSale/txt_ApplicationId'

2022-04-18 12:52:43 - [MESSAGE][PASSED] - Text 'username' is set on object 'Object Repository/VLink/Page_CCSale/txt_Username'

2022-04-18 12:52:43 - [MESSAGE][PASSED] - Text 'password' is set on object 'Object Repository/VLink/Page_CCSale/txt_Password'

2022-04-18 12:52:44 - [MESSAGE][PASSED] - Text 'fixed_width' is set on object 'Object Repository/VLink/Page_CCSale/txt_ResponseFormat'

2022-04-18 12:52:44 - [MESSAGE][PASSED] - Text 'MOTO' is set on object 'Object Repository/VLink/Page_CCSale/txt_Category'

2022-04-18 12:52:45 - [MESSAGE][PASSED] - Text '' is set on object 'Object Repository/VLink/Page_CCSale/txt_TransactionID'

2022-04-18 12:52:46 - [MESSAGE][PASSED] - Text '' is set on object 'Object Repository/VLink/Page_CCSale/txt_ApprovalCode'

2022-04-18 12:52:46 - [MESSAGE][PASSED] - Text 'Roshan Maha' is set on object 'Object Repository/VLink/Page_CCSale/txt_CardName'

2022-04-18 12:52:47 - [MESSAGE][PASSED] - Text '12563 Bazaar road' is set on object 'Object Repository/VLink/Page_CCSale/txt_AL1'

2022-04-18 12:52:48 - [MESSAGE][PASSED] - Text '' is set on object 'Object Repository/VLink/Page_CCSale/txt_AL2'

2022-04-18 12:52:48 - [MESSAGE][PASSED] - Text 'Crofton' is set on object 'Object Repository/VLink/Page_CCSale/txt_CardCity'

2022-04-18 12:52:49 - [MESSAGE][PASSED] - Text 'MD' is set on object 'Object Repository/VLink/Page_CCSale/txt_CardState'

2022-04-18 12:52:50 - [MESSAGE][PASSED] - Text '21114' is set on object 'Object Repository/VLink/Page_CCSale/txt_CardZIP'

2022-04-18 12:52:50 - [MESSAGE][PASSED] - Text '' is set on object 'Object Repository/VLink/Page_CCSale/txt_CountryID'

2022-04-18 12:52:51 - [MESSAGE][PASSED] - Text '3.50' is set on object 'Object Repository/VLink/Page_CCSale/txt_Amount'

2022-04-18 12:52:52 - [MESSAGE][PASSED] - Text '370000000000002' is set on object 'Object Repository/VLink/Page_CCSale/txt_CardNumber'

2022-04-18 12:52:53 - [MESSAGE][PASSED] - Text '01' is set on object 'Object Repository/VLink/Page_CCSale/txt_ExpMonth'

2022-04-18 12:52:53 - [MESSAGE][PASSED] - Text '2026' is set on object 'Object Repository/VLink/Page_CCSale/txt_ExpYear'

2022-04-18 12:52:54 - [MESSAGE][PASSED] - Text '' is set on object 'Object Repository/VLink/Page_CCSale/txt_CVV'

2022-04-18 12:52:55 - [MESSAGE][PASSED] - Text '' is set on object 'Object Repository/VLink/Page_CCSale/txt_CVVstate'

2022-04-18 12:52:55 - [MESSAGE][PASSED] - Text '' is set on object 'Object Repository/VLink/Page_CCSale/txt_TrackData'

2022-04-18 12:52:56 - [MESSAGE][PASSED] - Text '' is set on object 'Object Repository/VLink/Page_CCSale/txt_Track1Data'

2022-04-18 12:52:57 - [MESSAGE][PASSED] - Text '' is set on object 'Object Repository/VLink/Page_CCSale/txt_Track2Data'

2022-04-18 12:52:57 - [MESSAGE][PASSED] - Text 'manual' is set on object 'Object Repository/VLink/Page_CCSale/txt_POSEntryMode'

2022-04-18 12:52:58 - [MESSAGE][PASSED] - Text '' is set on object 'Object Repository/VLink/Page_CCSale/txt_Email'

2022-04-18 12:52:59 - [MESSAGE][PASSED] - Text '' is set on object 'Object Repository/VLink/Page_CCSale/txt_OrderNumber'

2022-04-18 12:53:00 - [MESSAGE][PASSED] - Text '' is set on object 'Object Repository/VLink/Page_CCSale/txt_TaxAmount'

2022-04-18 12:53:00 - [MESSAGE][PASSED] - Text '' is set on object 'Object Repository/VLink/Page_CCSale/txt_ChargeDescription'

2022-04-18 12:53:01 - [MESSAGE][PASSED] - Text '' is set on object 'Object Repository/VLink/Page_CCSale/txt_CAN'

2022-04-18 12:53:02 - [MESSAGE][PASSED] - Text '' is set on object 'Object Repository/VLink/Page_CCSale/txt_BillPaymentIndicator'

2022-04-18 12:53:02 - [MESSAGE][PASSED] - Text '' is set on object 'Object Repository/VLink/Page_CCSale/txt_UDF1'

2022-04-18 12:53:03 - [MESSAGE][PASSED] - Text '' is set on object 'Object Repository/VLink/Page_CCSale/txt_UDF2'

2022-04-18 12:53:03 - [MESSAGE][PASSED] - Text '' is set on object 'Object Repository/VLink/Page_CCSale/txt_UDF3'

2022-04-18 12:53:04 - [MESSAGE][PASSED] - Text '' is set on object 'Object Repository/VLink/Page_CCSale/txt_UDF4'

2022-04-18 12:53:05 - [MESSAGE][PASSED] - Text '' is set on object 'Object Repository/VLink/Page_CCSale/txt_UDF5'

2022-04-18 12:53:06 - [MESSAGE][PASSED] - Text '' is set on object 'Object Repository/VLink/Page_CCSale/txt_UDF6'

2022-04-18 12:53:06 - [MESSAGE][PASSED] - Text '' is set on object 'Object Repository/VLink/Page_CCSale/txt_UDF7'

2022-04-18 12:53:07 - [MESSAGE][PASSED] - Text '' is set on object 'Object Repository/VLink/Page_CCSale/txt_UDF8'

2022-04-18 12:53:08 - [MESSAGE][PASSED] - Text '' is set on object 'Object Repository/VLink/Page_CCSale/txt_UDF9'

2022-04-18 12:53:08 - [MESSAGE][PASSED] - Text '' is set on object 'Object Repository/VLink/Page_CCSale/txt_UDF10'

2022-04-18 12:53:09 - [MESSAGE][PASSED] - Text '0' is set on object 'Object Repository/VLink/Page_CCSale/txt_CardOnFileIndicator'

2022-04-18 12:53:10 - [MESSAGE][PASSED] - Text 'Initial' is set on object 'Object Repository/VLink/Page_CCSale/txt_StoredCredentialIndicator'

2022-04-18 12:53:10 - [MESSAGE][PASSED] - Text 'Unscheduled' is set on object 'Object Repository/VLink/Page_CCSale/txt_COFScheduledIndicator'

2022-04-18 12:53:11 - [MESSAGE][PASSED] - Text 'Customer' is set on object 'Object Repository/VLink/Page_CCSale/txt_COFTransactionInitiatedBy'

2022-04-18 12:53:14 - [MESSAGE][PASSED] - Object: 'Object Repository/VLink/Page_CCSale/btn_ProcessVLinkTransaction' is clicked on

2022-04-18 12:53:19 - [MESSAGE][PASSED] - vlinkPages.saleCCPage.setDataSCC is PASSED

2022-04-18 12:53:19 - [TEST_STEP][PASSED] - if (verifyTextPresent("Transaction approved, no errors", true)): null

2022-04-18 12:53:19 - [MESSAGE][PASSED] - Text 'Transaction approved, no errors' is present on page  using regular expression

2022-04-18 12:53:19 - [TEST_STEP][PASSED] - println("Transaction Approved, no errors text is present on the Confirmation page"): null

2022-04-18 12:53:19 - [TEST_STEP][PASSED] - out.println("Pass Record Number: " + row): null

2022-04-18 12:53:19 - [TEST_STEP][PASSED] - resText = "Pass": null

2022-04-18 12:53:19 - [TEST_STEP][PASSED] - pages.WriteExcel.demoKey(resText, datText, resColumn, datCloumn, fileLoc, nameSheet, row): pages.WriteExcel.demoKey is PASSED

2022-04-18 12:53:19 - [MESSAGE][PASSED] - pages.WriteExcel.demoKey is PASSED

2022-04-18 12:53:19 - [TEST_STEP][PASSED] - sdfo = getText(findTestObject("Object Repository/Page_VLinkReceipt/pre_STX")): Text of object 'Object Repository/Page_VLinkReceipt/pre_STX' is: '<STX>FTSrvl1bouKm                  12114936            0  Transaction approved, no errors                   0                                                                                  X OK6724   <ETX>'

2022-04-18 12:53:20 - [MESSAGE][PASSED] - Text of object 'Object Repository/Page_VLinkReceipt/pre_STX' is: '<STX>FTSrvl1bouKm                  12114936            0  Transaction approved, no errors                   0                                                                                  X OK6724   <ETX>'

2022-04-18 12:53:20 - [TEST_STEP][PASSED] - out.println("sdfo: " + sdfo): null

2022-04-18 12:53:20 - [TEST_STEP][PASSED] - remID = substring(5, 35).trim(): null

2022-04-18 12:53:20 - [TEST_STEP][PASSED] - out.println("Remittance ID: " + remID): null

2022-04-18 12:53:20 - [TEST_STEP][PASSED] - traxID = substring(35, 55).trim(): null

2022-04-18 12:53:20 - [TEST_STEP][PASSED] - out.println("Transaction ID: " + traxID): null

2022-04-18 12:53:20 - [TEST_STEP][PASSED] - out.println("End Record Number: " + row): null

2022-04-18 12:53:20 - [TEST_STEP][PASSED] - closeBrowser(): Browser is closed

2022-04-18 12:53:21 - [MESSAGE][PASSED] - Browser is closed

2022-04-18 12:53:21 - [TEST_STEP][PASSED] - ExecuteTC = findTestData(dataFile).getValue("Execute", row): null

2022-04-18 12:53:21 - [TEST_STEP][PASSED] - out.println("Value of Execute is : " + ExecuteTC): null

2022-04-18 12:53:21 - [TEST_STEP][PASSED] - if (ExecuteTC.equalsIgnoreCase("Y")): Browser is closed

2022-04-18 12:53:21 - [TEST_STEP][PASSED] - out.println("Begin Record Number: " + row): null

2022-04-18 12:53:21 - [TEST_STEP][PASSED] - today = new java.util.Date(): null

2022-04-18 12:53:21 - [TEST_STEP][PASSED] - println(today): null

2022-04-18 12:53:21 - [TEST_STEP][PASSED] - datText = today: null

2022-04-18 12:53:21 - [TEST_STEP][PASSED] - openBrowser(VLinkURL + "authcap.html"): Browser is opened with url: 'https://dev-algorithm.govolution.com/vlinktest/QA/version_2_0/authcap.html'

2022-04-18 12:53:21 - [MESSAGE][INFO] - Starting 'Chrome' driver

2022-04-18 12:53:21 - [MESSAGE][INFO] - User set preference: ['acceptInsecureCerts', 'true']

2022-04-18 12:53:21 - [MESSAGE][INFO] - Action delay is set to 0 milliseconds

2022-04-18 12:53:23 - [MESSAGE][PASSED] - Browser is opened with url: 'https://dev-algorithm.govolution.com/vlinktest/QA/version_2_0/authcap.html'

2022-04-18 12:53:23 - [TEST_STEP][PASSED] - maximizeWindow(): Current window maximized

2022-04-18 12:53:23 - [MESSAGE][PASSED] - Current window maximized

2022-04-18 12:53:23 - [TEST_STEP][PASSED] - vlinkPages.saleCCPage.setDataSCC(row, dataFile): vlinkPages.saleCCPage.setDataSCC is PASSED

2022-04-18 12:53:25 - [MESSAGE][PASSED] - Object 'Object Repository/VLink/Page_CCSale/txt_CardNumber' is present

2022-04-18 12:53:26 - [MESSAGE][PASSED] - Text '104' is set on object 'Object Repository/VLink/Page_CCSale/txt_TransactionType'

2022-04-18 12:53:27 - [MESSAGE][PASSED] - Text '2.0C' is set on object 'Object Repository/VLink/Page_CCSale/txt_MessageVersion'

2022-04-18 12:53:27 - [MESSAGE][PASSED] - Text 'vLry65blD52c' is set on object 'Object Repository/VLink/Page_CCSale/txt_RemID'

2022-04-18 12:53:28 - [MESSAGE][PASSED] - Text '665' is set on object 'Object Repository/VLink/Page_CCSale/txt_ApplicationId'

2022-04-18 12:53:29 - [MESSAGE][PASSED] - Text 'username' is set on object 'Object Repository/VLink/Page_CCSale/txt_Username'

2022-04-18 12:53:29 - [MESSAGE][PASSED] - Text 'password' is set on object 'Object Repository/VLink/Page_CCSale/txt_Password'

2022-04-18 12:53:30 - [MESSAGE][PASSED] - Text 'fixed_width' is set on object 'Object Repository/VLink/Page_CCSale/txt_ResponseFormat'

2022-04-18 12:53:30 - [MESSAGE][PASSED] - Text 'MOTO' is set on object 'Object Repository/VLink/Page_CCSale/txt_Category'

2022-04-18 12:53:31 - [MESSAGE][PASSED] - Text '' is set on object 'Object Repository/VLink/Page_CCSale/txt_TransactionID'

2022-04-18 12:53:32 - [MESSAGE][PASSED] - Text '' is set on object 'Object Repository/VLink/Page_CCSale/txt_ApprovalCode'

2022-04-18 12:53:32 - [MESSAGE][PASSED] - Text 'Kris Roshan' is set on object 'Object Repository/VLink/Page_CCSale/txt_CardName'

2022-04-18 12:53:33 - [MESSAGE][PASSED] - Text '258 Elm Road' is set on object 'Object Repository/VLink/Page_CCSale/txt_AL1'

2022-04-18 12:53:34 - [MESSAGE][PASSED] - Text 'Suite 56' is set on object 'Object Repository/VLink/Page_CCSale/txt_AL2'

2022-04-18 12:53:35 - [MESSAGE][PASSED] - Text 'Arlington' is set on object 'Object Repository/VLink/Page_CCSale/txt_CardCity'

2022-04-18 12:53:35 - [MESSAGE][PASSED] - Text 'VA' is set on object 'Object Repository/VLink/Page_CCSale/txt_CardState'

2022-04-18 12:53:36 - [MESSAGE][PASSED] - Text '22201' is set on object 'Object Repository/VLink/Page_CCSale/txt_CardZIP'

2022-04-18 12:53:37 - [MESSAGE][PASSED] - Text '840' is set on object 'Object Repository/VLink/Page_CCSale/txt_CountryID'

2022-04-18 12:53:37 - [MESSAGE][PASSED] - Text '1.50' is set on object 'Object Repository/VLink/Page_CCSale/txt_Amount'

2022-04-18 12:53:38 - [MESSAGE][PASSED] - Text '6011000000000004' is set on object 'Object Repository/VLink/Page_CCSale/txt_CardNumber'

2022-04-18 12:53:39 - [MESSAGE][PASSED] - Text '12' is set on object 'Object Repository/VLink/Page_CCSale/txt_ExpMonth'

2022-04-18 12:53:39 - [MESSAGE][PASSED] - Text '2025' is set on object 'Object Repository/VLink/Page_CCSale/txt_ExpYear'

2022-04-18 12:53:40 - [MESSAGE][PASSED] - Text '' is set on object 'Object Repository/VLink/Page_CCSale/txt_CVV'

2022-04-18 12:53:41 - [MESSAGE][PASSED] - Text '' is set on object 'Object Repository/VLink/Page_CCSale/txt_CVVstate'

2022-04-18 12:53:41 - [MESSAGE][PASSED] - Text '' is set on object 'Object Repository/VLink/Page_CCSale/txt_TrackData'

2022-04-18 12:53:42 - [MESSAGE][PASSED] - Text '' is set on object 'Object Repository/VLink/Page_CCSale/txt_Track1Data'

2022-04-18 12:53:43 - [MESSAGE][PASSED] - Text '' is set on object 'Object Repository/VLink/Page_CCSale/txt_Track2Data'

2022-04-18 12:53:43 - [MESSAGE][PASSED] - Text 'manual' is set on object 'Object Repository/VLink/Page_CCSale/txt_POSEntryMode'

2022-04-18 12:53:44 - [MESSAGE][PASSED] - Text 'iahmed@govolution.com' is set on object 'Object Repository/VLink/Page_CCSale/txt_Email'

2022-04-18 12:53:45 - [MESSAGE][PASSED] - Text '2569362' is set on object 'Object Repository/VLink/Page_CCSale/txt_OrderNumber'

2022-04-18 12:53:46 - [MESSAGE][PASSED] - Text '1.15' is set on object 'Object Repository/VLink/Page_CCSale/txt_TaxAmount'

2022-04-18 12:53:46 - [MESSAGE][PASSED] - Text 'Charge Description' is set on object 'Object Repository/VLink/Page_CCSale/txt_ChargeDescription'

2022-04-18 12:53:47 - [MESSAGE][PASSED] - Text '147357' is set on object 'Object Repository/VLink/Page_CCSale/txt_CAN'

2022-04-18 12:53:48 - [MESSAGE][PASSED] - Text '1' is set on object 'Object Repository/VLink/Page_CCSale/txt_BillPaymentIndicator'

2022-04-18 12:53:48 - [MESSAGE][PASSED] - Text 'UDF Data 1' is set on object 'Object Repository/VLink/Page_CCSale/txt_UDF1'

2022-04-18 12:53:49 - [MESSAGE][PASSED] - Text 'UDF Data 2' is set on object 'Object Repository/VLink/Page_CCSale/txt_UDF2'

2022-04-18 12:53:50 - [MESSAGE][PASSED] - Text 'UDF Data 3' is set on object 'Object Repository/VLink/Page_CCSale/txt_UDF3'

2022-04-18 12:53:51 - [MESSAGE][PASSED] - Text 'UDF Data 4' is set on object 'Object Repository/VLink/Page_CCSale/txt_UDF4'

2022-04-18 12:53:51 - [MESSAGE][PASSED] - Text 'UDF Data 5' is set on object 'Object Repository/VLink/Page_CCSale/txt_UDF5'

2022-04-18 12:53:52 - [MESSAGE][PASSED] - Text 'UDF Data 6' is set on object 'Object Repository/VLink/Page_CCSale/txt_UDF6'

2022-04-18 12:53:53 - [MESSAGE][PASSED] - Text 'UDF Data 7' is set on object 'Object Repository/VLink/Page_CCSale/txt_UDF7'

2022-04-18 12:53:53 - [MESSAGE][PASSED] - Text 'UDF Data 8' is set on object 'Object Repository/VLink/Page_CCSale/txt_UDF8'

2022-04-18 12:53:54 - [MESSAGE][PASSED] - Text 'UDF Data 9' is set on object 'Object Repository/VLink/Page_CCSale/txt_UDF9'

2022-04-18 12:53:55 - [MESSAGE][PASSED] - Text 'UDF Data 10' is set on object 'Object Repository/VLink/Page_CCSale/txt_UDF10'

2022-04-18 12:53:56 - [MESSAGE][PASSED] - Text '0' is set on object 'Object Repository/VLink/Page_CCSale/txt_CardOnFileIndicator'

2022-04-18 12:53:56 - [MESSAGE][PASSED] - Text 'Initial' is set on object 'Object Repository/VLink/Page_CCSale/txt_StoredCredentialIndicator'

2022-04-18 12:53:57 - [MESSAGE][PASSED] - Text 'Unscheduled' is set on object 'Object Repository/VLink/Page_CCSale/txt_COFScheduledIndicator'

2022-04-18 12:53:58 - [MESSAGE][PASSED] - Text 'Customer' is set on object 'Object Repository/VLink/Page_CCSale/txt_COFTransactionInitiatedBy'

2022-04-18 12:54:00 - [MESSAGE][PASSED] - Object: 'Object Repository/VLink/Page_CCSale/btn_ProcessVLinkTransaction' is clicked on

2022-04-18 12:54:05 - [MESSAGE][PASSED] - vlinkPages.saleCCPage.setDataSCC is PASSED

2022-04-18 12:54:05 - [TEST_STEP][PASSED] - if (verifyTextPresent("Transaction approved, no errors", true)): null

2022-04-18 12:54:06 - [MESSAGE][PASSED] - Text 'Transaction approved, no errors' is present on page  using regular expression

2022-04-18 12:54:06 - [TEST_STEP][PASSED] - println("Transaction Approved, no errors text is present on the Confirmation page"): null

2022-04-18 12:54:06 - [TEST_STEP][PASSED] - out.println("Pass Record Number: " + row): null

2022-04-18 12:54:06 - [TEST_STEP][PASSED] - resText = "Pass": null

2022-04-18 12:54:06 - [TEST_STEP][PASSED] - pages.WriteExcel.demoKey(resText, datText, resColumn, datCloumn, fileLoc, nameSheet, row): pages.WriteExcel.demoKey is PASSED

2022-04-18 12:54:06 - [MESSAGE][PASSED] - pages.WriteExcel.demoKey is PASSED

2022-04-18 12:54:06 - [TEST_STEP][PASSED] - sdfo = getText(findTestObject("Object Repository/Page_VLinkReceipt/pre_STX")): Text of object 'Object Repository/Page_VLinkReceipt/pre_STX' is: '<STX>vLry65blD52c                  12114937            0  Transaction approved, no errors                   0                                                                                  XXOK7024   <ETX>'

2022-04-18 12:54:06 - [MESSAGE][PASSED] - Text of object 'Object Repository/Page_VLinkReceipt/pre_STX' is: '<STX>vLry65blD52c                  12114937            0  Transaction approved, no errors                   0                                                                                  XXOK7024   <ETX>'

2022-04-18 12:54:06 - [TEST_STEP][PASSED] - out.println("sdfo: " + sdfo): null

2022-04-18 12:54:06 - [TEST_STEP][PASSED] - remID = substring(5, 35).trim(): null

2022-04-18 12:54:06 - [TEST_STEP][PASSED] - out.println("Remittance ID: " + remID): null

2022-04-18 12:54:06 - [TEST_STEP][PASSED] - traxID = substring(35, 55).trim(): null

2022-04-18 12:54:06 - [TEST_STEP][PASSED] - out.println("Transaction ID: " + traxID): null

2022-04-18 12:54:06 - [TEST_STEP][PASSED] - out.println("End Record Number: " + row): null

2022-04-18 12:54:06 - [TEST_STEP][PASSED] - closeBrowser(): Browser is closed

2022-04-18 12:54:07 - [MESSAGE][PASSED] - Browser is closed

2022-04-18 12:54:07 - [TEST_STEP][PASSED] - ExecuteTC = findTestData(dataFile).getValue("Execute", row): null

2022-04-18 12:54:07 - [TEST_STEP][PASSED] - out.println("Value of Execute is : " + ExecuteTC): null

2022-04-18 12:54:07 - [TEST_STEP][FAILED] - if (ExecuteTC.equalsIgnoreCase("Y")): null

2022-04-18 12:54:07 - [TEST_STEP][PASSED] - out.println("Begin Record Number: " + row): null

2022-04-18 12:54:07 - [TEST_STEP][PASSED] - today = new java.util.Date(): null

2022-04-18 12:54:07 - [TEST_STEP][PASSED] - println(today): null

2022-04-18 12:54:07 - [TEST_STEP][PASSED] - datText = today: null

2022-04-18 12:54:07 - [TEST_STEP][PASSED] - openBrowser(VLinkURL + "authcap.html"): Browser is opened with url: 'https://dev-algorithm.govolution.com/vlinktest/QA/version_2_0/authcap.html'

2022-04-18 12:54:07 - [MESSAGE][INFO] - Starting 'Chrome' driver

2022-04-18 12:54:07 - [MESSAGE][INFO] - User set preference: ['acceptInsecureCerts', 'true']

2022-04-18 12:54:07 - [MESSAGE][INFO] - Action delay is set to 0 milliseconds

2022-04-18 12:54:09 - [MESSAGE][PASSED] - Browser is opened with url: 'https://dev-algorithm.govolution.com/vlinktest/QA/version_2_0/authcap.html'

2022-04-18 12:54:09 - [TEST_STEP][PASSED] - maximizeWindow(): Current window maximized

2022-04-18 12:54:09 - [MESSAGE][PASSED] - Current window maximized

2022-04-18 12:54:09 - [TEST_STEP][PASSED] - vlinkPages.saleCCPage.setDataSCC(row, dataFile): vlinkPages.saleCCPage.setDataSCC is PASSED

2022-04-18 12:54:12 - [MESSAGE][PASSED] - Object 'Object Repository/VLink/Page_CCSale/txt_CardNumber' is present

2022-04-18 12:54:12 - [MESSAGE][PASSED] - Text '104' is set on object 'Object Repository/VLink/Page_CCSale/txt_TransactionType'

2022-04-18 12:54:13 - [MESSAGE][PASSED] - Text '2.0C' is set on object 'Object Repository/VLink/Page_CCSale/txt_MessageVersion'

2022-04-18 12:54:14 - [MESSAGE][PASSED] - Text '6yhhaHWeKorO' is set on object 'Object Repository/VLink/Page_CCSale/txt_RemID'

2022-04-18 12:54:14 - [MESSAGE][PASSED] - Text '665' is set on object 'Object Repository/VLink/Page_CCSale/txt_ApplicationId'

2022-04-18 12:54:15 - [MESSAGE][PASSED] - Text 'username' is set on object 'Object Repository/VLink/Page_CCSale/txt_Username'

2022-04-18 12:54:15 - [MESSAGE][PASSED] - Text 'password' is set on object 'Object Repository/VLink/Page_CCSale/txt_Password'

2022-04-18 12:54:16 - [MESSAGE][PASSED] - Text 'fixed_width' is set on object 'Object Repository/VLink/Page_CCSale/txt_ResponseFormat'

2022-04-18 12:54:17 - [MESSAGE][PASSED] - Text 'RETL' is set on object 'Object Repository/VLink/Page_CCSale/txt_Category'

2022-04-18 12:54:17 - [MESSAGE][PASSED] - Text '' is set on object 'Object Repository/VLink/Page_CCSale/txt_TransactionID'

2022-04-18 12:54:18 - [MESSAGE][PASSED] - Text '' is set on object 'Object Repository/VLink/Page_CCSale/txt_ApprovalCode'

2022-04-18 12:54:19 - [MESSAGE][PASSED] - Text 'Roshan Maha' is set on object 'Object Repository/VLink/Page_CCSale/txt_CardName'

2022-04-18 12:54:20 - [MESSAGE][PASSED] - Text '12563 Bazaar road' is set on object 'Object Repository/VLink/Page_CCSale/txt_AL1'

2022-04-18 12:54:20 - [MESSAGE][PASSED] - Text '' is set on object 'Object Repository/VLink/Page_CCSale/txt_AL2'

2022-04-18 12:54:21 - [MESSAGE][PASSED] - Text 'Crofton' is set on object 'Object Repository/VLink/Page_CCSale/txt_CardCity'

2022-04-18 12:54:22 - [MESSAGE][PASSED] - Text 'MD' is set on object 'Object Repository/VLink/Page_CCSale/txt_CardState'

2022-04-18 12:54:22 - [MESSAGE][PASSED] - Text '21114' is set on object 'Object Repository/VLink/Page_CCSale/txt_CardZIP'

2022-04-18 12:54:23 - [MESSAGE][PASSED] - Text '' is set on object 'Object Repository/VLink/Page_CCSale/txt_CountryID'

2022-04-18 12:54:24 - [MESSAGE][PASSED] - Text '3.50' is set on object 'Object Repository/VLink/Page_CCSale/txt_Amount'

2022-04-18 12:54:24 - [MESSAGE][PASSED] - Text '4111111111111111' is set on object 'Object Repository/VLink/Page_CCSale/txt_CardNumber'

2022-04-18 12:54:25 - [MESSAGE][PASSED] - Text '01' is set on object 'Object Repository/VLink/Page_CCSale/txt_ExpMonth'

2022-04-18 12:54:26 - [MESSAGE][PASSED] - Text '2026' is set on object 'Object Repository/VLink/Page_CCSale/txt_ExpYear'

2022-04-18 12:54:26 - [MESSAGE][PASSED] - Text '' is set on object 'Object Repository/VLink/Page_CCSale/txt_CVV'

2022-04-18 12:54:27 - [MESSAGE][PASSED] - Text '' is set on object 'Object Repository/VLink/Page_CCSale/txt_CVVstate'

2022-04-18 12:54:28 - [MESSAGE][PASSED] - Text '' is set on object 'Object Repository/VLink/Page_CCSale/txt_TrackData'

2022-04-18 12:54:29 - [MESSAGE][PASSED] - Text '' is set on object 'Object Repository/VLink/Page_CCSale/txt_Track1Data'

2022-04-18 12:54:29 - [MESSAGE][PASSED] - Text '' is set on object 'Object Repository/VLink/Page_CCSale/txt_Track2Data'

2022-04-18 12:54:30 - [MESSAGE][PASSED] - Text 'manual' is set on object 'Object Repository/VLink/Page_CCSale/txt_POSEntryMode'

2022-04-18 12:54:31 - [MESSAGE][PASSED] - Text '' is set on object 'Object Repository/VLink/Page_CCSale/txt_Email'

2022-04-18 12:54:31 - [MESSAGE][PASSED] - Text '' is set on object 'Object Repository/VLink/Page_CCSale/txt_OrderNumber'

2022-04-18 12:54:32 - [MESSAGE][PASSED] - Text '' is set on object 'Object Repository/VLink/Page_CCSale/txt_TaxAmount'

2022-04-18 12:54:33 - [MESSAGE][PASSED] - Text '' is set on object 'Object Repository/VLink/Page_CCSale/txt_ChargeDescription'

2022-04-18 12:54:33 - [MESSAGE][PASSED] - Text '' is set on object 'Object Repository/VLink/Page_CCSale/txt_CAN'

2022-04-18 12:54:34 - [MESSAGE][PASSED] - Text '' is set on object 'Object Repository/VLink/Page_CCSale/txt_BillPaymentIndicator'

2022-04-18 12:54:35 - [MESSAGE][PASSED] - Text '' is set on object 'Object Repository/VLink/Page_CCSale/txt_UDF1'

2022-04-18 12:54:35 - [MESSAGE][PASSED] - Text '' is set on object 'Object Repository/VLink/Page_CCSale/txt_UDF2'

2022-04-18 12:54:36 - [MESSAGE][PASSED] - Text '' is set on object 'Object Repository/VLink/Page_CCSale/txt_UDF3'

2022-04-18 12:54:37 - [MESSAGE][PASSED] - Text '' is set on object 'Object Repository/VLink/Page_CCSale/txt_UDF4'

2022-04-18 12:54:37 - [MESSAGE][PASSED] - Text '' is set on object 'Object Repository/VLink/Page_CCSale/txt_UDF5'

2022-04-18 12:54:38 - [MESSAGE][PASSED] - Text '' is set on object 'Object Repository/VLink/Page_CCSale/txt_UDF6'

2022-04-18 12:54:39 - [MESSAGE][PASSED] - Text '' is set on object 'Object Repository/VLink/Page_CCSale/txt_UDF7'

2022-04-18 12:54:39 - [MESSAGE][PASSED] - Text '' is set on object 'Object Repository/VLink/Page_CCSale/txt_UDF8'

2022-04-18 12:54:40 - [MESSAGE][PASSED] - Text '' is set on object 'Object Repository/VLink/Page_CCSale/txt_UDF9'

2022-04-18 12:54:41 - [MESSAGE][PASSED] - Text '' is set on object 'Object Repository/VLink/Page_CCSale/txt_UDF10'

2022-04-18 12:54:42 - [MESSAGE][PASSED] - Text '0' is set on object 'Object Repository/VLink/Page_CCSale/txt_CardOnFileIndicator'

2022-04-18 12:54:42 - [MESSAGE][PASSED] - Text 'Initial' is set on object 'Object Repository/VLink/Page_CCSale/txt_StoredCredentialIndicator'

2022-04-18 12:54:43 - [MESSAGE][PASSED] - Text 'Unscheduled' is set on object 'Object Repository/VLink/Page_CCSale/txt_COFScheduledIndicator'

2022-04-18 12:54:44 - [MESSAGE][PASSED] - Text 'Customer' is set on object 'Object Repository/VLink/Page_CCSale/txt_COFTransactionInitiatedBy'

2022-04-18 12:54:45 - [MESSAGE][PASSED] - Object: 'Object Repository/VLink/Page_CCSale/btn_ProcessVLinkTransaction' is clicked on

2022-04-18 12:54:50 - [MESSAGE][PASSED] - vlinkPages.saleCCPage.setDataSCC is PASSED

2022-04-18 12:54:50 - [TEST_STEP][FAILED] - if (verifyTextPresent("Transaction approved, no errors", true)): Text 'Transaction approved, no errors' is not present on page  using regular expression (Root cause: com.kms.katalon.core.exception.StepFailedException: Text 'Transaction approved, no errors' is not present on page  using regular expression
	at com.kms.katalon.core.webui.keyword.internal.WebUIKeywordMain.stepFailed(WebUIKeywordMain.groovy:64)
	at com.kms.katalon.core.webui.keyword.builtin.VerifyTextPresentKeyword$_verifyTextPresent_closure1.doCall(VerifyTextPresentKeyword.groovy:79)
	at com.kms.katalon.core.webui.keyword.builtin.VerifyTextPresentKeyword$_verifyTextPresent_closure1.call(VerifyTextPresentKeyword.groovy)
	at com.kms.katalon.core.webui.keyword.internal.WebUIKeywordMain.runKeyword(WebUIKeywordMain.groovy:20)
	at com.kms.katalon.core.webui.keyword.builtin.VerifyTextPresentKeyword.verifyTextPresent(VerifyTextPresentKeyword.groovy:83)
	at com.kms.katalon.core.webui.keyword.builtin.VerifyTextPresentKeyword.execute(VerifyTextPresentKeyword.groovy:68)
	at com.kms.katalon.core.keyword.internal.KeywordExecutor.executeKeywordForPlatform(KeywordExecutor.groovy:74)
	at com.kms.katalon.core.webui.keyword.WebUiBuiltInKeywords.verifyTextPresent(WebUiBuiltInKeywords.groovy:1723)
	at com.kms.katalon.core.webui.keyword.WebUiBuiltInKeywords$verifyTextPresent$4.call(Unknown Source)
	at VLinkSale-Successful.run(VLinkSale-Successful:88)
	at com.kms.katalon.core.main.ScriptEngine.run(ScriptEngine.java:194)
	at com.kms.katalon.core.main.ScriptEngine.runScriptAsRawText(ScriptEngine.java:119)
	at com.kms.katalon.core.main.TestCaseExecutor.runScript(TestCaseExecutor.java:442)
	at com.kms.katalon.core.main.TestCaseExecutor.doExecute(TestCaseExecutor.java:433)
	at com.kms.katalon.core.main.TestCaseExecutor.processExecutionPhase(TestCaseExecutor.java:412)
	at com.kms.katalon.core.main.TestCaseExecutor.accessMainPhase(TestCaseExecutor.java:404)
	at com.kms.katalon.core.main.TestCaseExecutor.execute(TestCaseExecutor.java:281)
	at com.kms.katalon.core.main.TestSuiteExecutor.accessTestCaseMainPhase(TestSuiteExecutor.java:202)
	at com.kms.katalon.core.main.TestSuiteExecutor.accessTestSuiteMainPhase(TestSuiteExecutor.java:164)
	at com.kms.katalon.core.main.TestSuiteExecutor.execute(TestSuiteExecutor.java:105)
	at com.kms.katalon.core.main.TestCaseMain.startTestSuite(TestCaseMain.java:185)
	at com.kms.katalon.core.main.TestCaseMain$startTestSuite$0.call(Unknown Source)
	at TempTestSuite1650298796406.run(TempTestSuite1650298796406.groovy:36)
)

2022-04-18 12:54:50 - [MESSAGE][FAILED] - Text 'Transaction approved, no errors' is not present on page  using regular expression (Root cause: com.kms.katalon.core.exception.StepFailedException: Text 'Transaction approved, no errors' is not present on page  using regular expression
	at com.kms.katalon.core.webui.keyword.internal.WebUIKeywordMain.stepFailed(WebUIKeywordMain.groovy:64)
	at com.kms.katalon.core.webui.keyword.builtin.VerifyTextPresentKeyword$_verifyTextPresent_closure1.doCall(VerifyTextPresentKeyword.groovy:79)
	at com.kms.katalon.core.webui.keyword.builtin.VerifyTextPresentKeyword$_verifyTextPresent_closure1.call(VerifyTextPresentKeyword.groovy)
	at com.kms.katalon.core.webui.keyword.internal.WebUIKeywordMain.runKeyword(WebUIKeywordMain.groovy:20)
	at com.kms.katalon.core.webui.keyword.builtin.VerifyTextPresentKeyword.verifyTextPresent(VerifyTextPresentKeyword.groovy:83)
	at com.kms.katalon.core.webui.keyword.builtin.VerifyTextPresentKeyword.execute(VerifyTextPresentKeyword.groovy:68)
	at com.kms.katalon.core.keyword.internal.KeywordExecutor.executeKeywordForPlatform(KeywordExecutor.groovy:74)
	at com.kms.katalon.core.webui.keyword.WebUiBuiltInKeywords.verifyTextPresent(WebUiBuiltInKeywords.groovy:1723)
	at com.kms.katalon.core.webui.keyword.WebUiBuiltInKeywords$verifyTextPresent$4.call(Unknown Source)
	at VLinkSale-Successful.run(VLinkSale-Successful:88)
	at com.kms.katalon.core.main.ScriptEngine.run(ScriptEngine.java:194)
	at com.kms.katalon.core.main.ScriptEngine.runScriptAsRawText(ScriptEngine.java:119)
	at com.kms.katalon.core.main.TestCaseExecutor.runScript(TestCaseExecutor.java:442)
	at com.kms.katalon.core.main.TestCaseExecutor.doExecute(TestCaseExecutor.java:433)
	at com.kms.katalon.core.main.TestCaseExecutor.processExecutionPhase(TestCaseExecutor.java:412)
	at com.kms.katalon.core.main.TestCaseExecutor.accessMainPhase(TestCaseExecutor.java:404)
	at com.kms.katalon.core.main.TestCaseExecutor.execute(TestCaseExecutor.java:281)
	at com.kms.katalon.core.main.TestSuiteExecutor.accessTestCaseMainPhase(TestSuiteExecutor.java:202)
	at com.kms.katalon.core.main.TestSuiteExecutor.accessTestSuiteMainPhase(TestSuiteExecutor.java:164)
	at com.kms.katalon.core.main.TestSuiteExecutor.execute(TestSuiteExecutor.java:105)
	at com.kms.katalon.core.main.TestCaseMain.startTestSuite(TestCaseMain.java:185)
	at com.kms.katalon.core.main.TestCaseMain$startTestSuite$0.call(Unknown Source)
	at TempTestSuite1650298796406.run(TempTestSuite1650298796406.groovy:36)
)

2022-04-18 12:54:50 - [TEST_STEP][PASSED] - else: pages.WriteExcel.demoKey is PASSED

2022-04-18 12:54:50 - [TEST_STEP][PASSED] - println("Transaction Approved, no errors text is not present on the Confirmation page"): null

2022-04-18 12:54:50 - [TEST_STEP][PASSED] - out.println("Fail Record Number: " + row): null

2022-04-18 12:54:50 - [TEST_STEP][PASSED] - resText = "Fail": null

2022-04-18 12:54:50 - [TEST_STEP][PASSED] - pages.WriteExcel.demoKey(resText, datText, resColumn, datCloumn, fileLoc, nameSheet, row): pages.WriteExcel.demoKey is PASSED

2022-04-18 12:54:51 - [MESSAGE][PASSED] - pages.WriteExcel.demoKey is PASSED

2022-04-18 12:54:51 - [TEST_STEP][PASSED] - sdfo = getText(findTestObject("Object Repository/Page_VLinkReceipt/pre_STX")): Text of object 'Object Repository/Page_VLinkReceipt/pre_STX' is: '<STX>6yhhaHWeKorO                  12114938            2  Transaction failed                                101Card type not valid                                                                        <ETX>'

2022-04-18 12:54:51 - [MESSAGE][PASSED] - Text of object 'Object Repository/Page_VLinkReceipt/pre_STX' is: '<STX>6yhhaHWeKorO                  12114938            2  Transaction failed                                101Card type not valid                                                                        <ETX>'

2022-04-18 12:54:51 - [TEST_STEP][PASSED] - out.println("sdfo: " + sdfo): null

2022-04-18 12:54:51 - [TEST_STEP][PASSED] - remID = substring(5, 35).trim(): null

2022-04-18 12:54:51 - [TEST_STEP][PASSED] - out.println("Remittance ID: " + remID): null

2022-04-18 12:54:51 - [TEST_STEP][PASSED] - traxID = substring(35, 55).trim(): null

2022-04-18 12:54:51 - [TEST_STEP][PASSED] - out.println("Transaction ID: " + traxID): null

2022-04-18 12:54:51 - [TEST_STEP][PASSED] - out.println("End Record Number: " + row): null

2022-04-18 12:54:51 - [TEST_STEP][PASSED] - closeBrowser(): Browser is closed

2022-04-18 12:54:52 - [MESSAGE][PASSED] - Browser is closed

2022-04-18 12:54:52 - [TEST_STEP][PASSED] - ExecuteTC = findTestData(dataFile).getValue("Execute", row): null

2022-04-18 12:54:52 - [TEST_STEP][PASSED] - out.println("Value of Execute is : " + ExecuteTC): null

2022-04-18 12:54:52 - [TEST_STEP][PASSED] - if (ExecuteTC.equalsIgnoreCase("Y")): Browser is closed

2022-04-18 12:54:52 - [TEST_STEP][PASSED] - out.println("Begin Record Number: " + row): null

2022-04-18 12:54:52 - [TEST_STEP][PASSED] - today = new java.util.Date(): null

2022-04-18 12:54:52 - [TEST_STEP][PASSED] - println(today): null

2022-04-18 12:54:52 - [TEST_STEP][PASSED] - datText = today: null

2022-04-18 12:54:52 - [TEST_STEP][PASSED] - openBrowser(VLinkURL + "authcap.html"): Browser is opened with url: 'https://dev-algorithm.govolution.com/vlinktest/QA/version_2_0/authcap.html'

2022-04-18 12:54:52 - [MESSAGE][INFO] - Starting 'Chrome' driver

2022-04-18 12:54:52 - [MESSAGE][INFO] - User set preference: ['acceptInsecureCerts', 'true']

2022-04-18 12:54:52 - [MESSAGE][INFO] - Action delay is set to 0 milliseconds

2022-04-18 12:54:54 - [MESSAGE][PASSED] - Browser is opened with url: 'https://dev-algorithm.govolution.com/vlinktest/QA/version_2_0/authcap.html'

2022-04-18 12:54:54 - [TEST_STEP][PASSED] - maximizeWindow(): Current window maximized

2022-04-18 12:54:54 - [MESSAGE][PASSED] - Current window maximized

2022-04-18 12:54:54 - [TEST_STEP][PASSED] - vlinkPages.saleCCPage.setDataSCC(row, dataFile): vlinkPages.saleCCPage.setDataSCC is PASSED

2022-04-18 12:54:56 - [MESSAGE][PASSED] - Object 'Object Repository/VLink/Page_CCSale/txt_CardNumber' is present

2022-04-18 12:54:57 - [MESSAGE][PASSED] - Text '104' is set on object 'Object Repository/VLink/Page_CCSale/txt_TransactionType'

2022-04-18 12:54:58 - [MESSAGE][PASSED] - Text '2.0C' is set on object 'Object Repository/VLink/Page_CCSale/txt_MessageVersion'

2022-04-18 12:54:58 - [MESSAGE][PASSED] - Text '4VhJgRnkZd4E' is set on object 'Object Repository/VLink/Page_CCSale/txt_RemID'

2022-04-18 12:54:59 - [MESSAGE][PASSED] - Text '665' is set on object 'Object Repository/VLink/Page_CCSale/txt_ApplicationId'

2022-04-18 12:55:00 - [MESSAGE][PASSED] - Text 'username' is set on object 'Object Repository/VLink/Page_CCSale/txt_Username'

2022-04-18 12:55:00 - [MESSAGE][PASSED] - Text 'password' is set on object 'Object Repository/VLink/Page_CCSale/txt_Password'

2022-04-18 12:55:01 - [MESSAGE][PASSED] - Text 'fixed_width' is set on object 'Object Repository/VLink/Page_CCSale/txt_ResponseFormat'

2022-04-18 12:55:01 - [MESSAGE][PASSED] - Text 'RETL' is set on object 'Object Repository/VLink/Page_CCSale/txt_Category'

2022-04-18 12:55:02 - [MESSAGE][PASSED] - Text '' is set on object 'Object Repository/VLink/Page_CCSale/txt_TransactionID'

2022-04-18 12:55:03 - [MESSAGE][PASSED] - Text '' is set on object 'Object Repository/VLink/Page_CCSale/txt_ApprovalCode'

2022-04-18 12:55:03 - [MESSAGE][PASSED] - Text 'Kris Roshan' is set on object 'Object Repository/VLink/Page_CCSale/txt_CardName'

2022-04-18 12:55:04 - [MESSAGE][PASSED] - Text '258 Elm Road' is set on object 'Object Repository/VLink/Page_CCSale/txt_AL1'

2022-04-18 12:55:05 - [MESSAGE][PASSED] - Text 'Suite 56' is set on object 'Object Repository/VLink/Page_CCSale/txt_AL2'

2022-04-18 12:55:05 - [MESSAGE][PASSED] - Text 'Arlington' is set on object 'Object Repository/VLink/Page_CCSale/txt_CardCity'

2022-04-18 12:55:06 - [MESSAGE][PASSED] - Text 'VA' is set on object 'Object Repository/VLink/Page_CCSale/txt_CardState'

2022-04-18 12:55:07 - [MESSAGE][PASSED] - Text '22201' is set on object 'Object Repository/VLink/Page_CCSale/txt_CardZIP'

2022-04-18 12:55:08 - [MESSAGE][PASSED] - Text '840' is set on object 'Object Repository/VLink/Page_CCSale/txt_CountryID'

2022-04-18 12:55:08 - [MESSAGE][PASSED] - Text '1.50' is set on object 'Object Repository/VLink/Page_CCSale/txt_Amount'

2022-04-18 12:55:09 - [MESSAGE][PASSED] - Text '5424000000000015' is set on object 'Object Repository/VLink/Page_CCSale/txt_CardNumber'

2022-04-18 12:55:10 - [MESSAGE][PASSED] - Text '12' is set on object 'Object Repository/VLink/Page_CCSale/txt_ExpMonth'

2022-04-18 12:55:10 - [MESSAGE][PASSED] - Text '2025' is set on object 'Object Repository/VLink/Page_CCSale/txt_ExpYear'

2022-04-18 12:55:11 - [MESSAGE][PASSED] - Text '' is set on object 'Object Repository/VLink/Page_CCSale/txt_CVV'

2022-04-18 12:55:12 - [MESSAGE][PASSED] - Text '' is set on object 'Object Repository/VLink/Page_CCSale/txt_CVVstate'

2022-04-18 12:55:12 - [MESSAGE][PASSED] - Text '' is set on object 'Object Repository/VLink/Page_CCSale/txt_TrackData'

2022-04-18 12:55:13 - [MESSAGE][PASSED] - Text '' is set on object 'Object Repository/VLink/Page_CCSale/txt_Track1Data'

2022-04-18 12:55:14 - [MESSAGE][PASSED] - Text '' is set on object 'Object Repository/VLink/Page_CCSale/txt_Track2Data'

2022-04-18 12:55:14 - [MESSAGE][PASSED] - Text 'manual' is set on object 'Object Repository/VLink/Page_CCSale/txt_POSEntryMode'

2022-04-18 12:55:15 - [MESSAGE][PASSED] - Text 'iahmed@govolution.com' is set on object 'Object Repository/VLink/Page_CCSale/txt_Email'

2022-04-18 12:55:16 - [MESSAGE][PASSED] - Text '2569362' is set on object 'Object Repository/VLink/Page_CCSale/txt_OrderNumber'

2022-04-18 12:55:17 - [MESSAGE][PASSED] - Text '1.15' is set on object 'Object Repository/VLink/Page_CCSale/txt_TaxAmount'

2022-04-18 12:55:17 - [MESSAGE][PASSED] - Text 'Charge Description' is set on object 'Object Repository/VLink/Page_CCSale/txt_ChargeDescription'

2022-04-18 12:55:18 - [MESSAGE][PASSED] - Text '147357' is set on object 'Object Repository/VLink/Page_CCSale/txt_CAN'

2022-04-18 12:55:19 - [MESSAGE][PASSED] - Text '1' is set on object 'Object Repository/VLink/Page_CCSale/txt_BillPaymentIndicator'

2022-04-18 12:55:19 - [MESSAGE][PASSED] - Text 'UDF Data 1' is set on object 'Object Repository/VLink/Page_CCSale/txt_UDF1'

2022-04-18 12:55:20 - [MESSAGE][PASSED] - Text 'UDF Data 2' is set on object 'Object Repository/VLink/Page_CCSale/txt_UDF2'

2022-04-18 12:55:21 - [MESSAGE][PASSED] - Text 'UDF Data 3' is set on object 'Object Repository/VLink/Page_CCSale/txt_UDF3'

2022-04-18 12:55:22 - [MESSAGE][PASSED] - Text 'UDF Data 4' is set on object 'Object Repository/VLink/Page_CCSale/txt_UDF4'

2022-04-18 12:55:22 - [MESSAGE][PASSED] - Text 'UDF Data 5' is set on object 'Object Repository/VLink/Page_CCSale/txt_UDF5'

2022-04-18 12:55:23 - [MESSAGE][PASSED] - Text 'UDF Data 6' is set on object 'Object Repository/VLink/Page_CCSale/txt_UDF6'

2022-04-18 12:55:24 - [MESSAGE][PASSED] - Text 'UDF Data 7' is set on object 'Object Repository/VLink/Page_CCSale/txt_UDF7'

2022-04-18 12:55:24 - [MESSAGE][PASSED] - Text 'UDF Data 8' is set on object 'Object Repository/VLink/Page_CCSale/txt_UDF8'

2022-04-18 12:55:25 - [MESSAGE][PASSED] - Text 'UDF Data 9' is set on object 'Object Repository/VLink/Page_CCSale/txt_UDF9'

2022-04-18 12:55:26 - [MESSAGE][PASSED] - Text 'UDF Data 10' is set on object 'Object Repository/VLink/Page_CCSale/txt_UDF10'

2022-04-18 12:55:27 - [MESSAGE][PASSED] - Text '0' is set on object 'Object Repository/VLink/Page_CCSale/txt_CardOnFileIndicator'

2022-04-18 12:55:27 - [MESSAGE][PASSED] - Text 'Initial' is set on object 'Object Repository/VLink/Page_CCSale/txt_StoredCredentialIndicator'

2022-04-18 12:55:28 - [MESSAGE][PASSED] - Text 'Unscheduled' is set on object 'Object Repository/VLink/Page_CCSale/txt_COFScheduledIndicator'

2022-04-18 12:55:29 - [MESSAGE][PASSED] - Text 'Customer' is set on object 'Object Repository/VLink/Page_CCSale/txt_COFTransactionInitiatedBy'

2022-04-18 12:55:32 - [MESSAGE][PASSED] - Object: 'Object Repository/VLink/Page_CCSale/btn_ProcessVLinkTransaction' is clicked on

2022-04-18 12:55:37 - [MESSAGE][PASSED] - vlinkPages.saleCCPage.setDataSCC is PASSED

2022-04-18 12:55:37 - [TEST_STEP][PASSED] - if (verifyTextPresent("Transaction approved, no errors", true)): null

2022-04-18 12:55:37 - [MESSAGE][PASSED] - Text 'Transaction approved, no errors' is present on page  using regular expression

2022-04-18 12:55:37 - [TEST_STEP][PASSED] - println("Transaction Approved, no errors text is present on the Confirmation page"): null

2022-04-18 12:55:37 - [TEST_STEP][PASSED] - out.println("Pass Record Number: " + row): null

2022-04-18 12:55:37 - [TEST_STEP][PASSED] - resText = "Pass": null

2022-04-18 12:55:37 - [TEST_STEP][PASSED] - pages.WriteExcel.demoKey(resText, datText, resColumn, datCloumn, fileLoc, nameSheet, row): pages.WriteExcel.demoKey is PASSED

2022-04-18 12:55:37 - [MESSAGE][PASSED] - pages.WriteExcel.demoKey is PASSED

2022-04-18 12:55:37 - [TEST_STEP][PASSED] - sdfo = getText(findTestObject("Object Repository/Page_VLinkReceipt/pre_STX")): Text of object 'Object Repository/Page_VLinkReceipt/pre_STX' is: '<STX>4VhJgRnkZd4E                  12114939            0  Transaction approved, no errors                   0                                                                                  X OK7394   <ETX>'

2022-04-18 12:55:37 - [MESSAGE][PASSED] - Text of object 'Object Repository/Page_VLinkReceipt/pre_STX' is: '<STX>4VhJgRnkZd4E                  12114939            0  Transaction approved, no errors                   0                                                                                  X OK7394   <ETX>'

2022-04-18 12:55:37 - [TEST_STEP][PASSED] - out.println("sdfo: " + sdfo): null

2022-04-18 12:55:37 - [TEST_STEP][PASSED] - remID = substring(5, 35).trim(): null

2022-04-18 12:55:37 - [TEST_STEP][PASSED] - out.println("Remittance ID: " + remID): null

2022-04-18 12:55:37 - [TEST_STEP][PASSED] - traxID = substring(35, 55).trim(): null

2022-04-18 12:55:37 - [TEST_STEP][PASSED] - out.println("Transaction ID: " + traxID): null

2022-04-18 12:55:37 - [TEST_STEP][PASSED] - out.println("End Record Number: " + row): null

2022-04-18 12:55:37 - [TEST_STEP][PASSED] - closeBrowser(): Browser is closed

2022-04-18 12:55:38 - [MESSAGE][PASSED] - Browser is closed

2022-04-18 12:55:38 - [TEST_STEP][PASSED] - ExecuteTC = findTestData(dataFile).getValue("Execute", row): null

2022-04-18 12:55:38 - [TEST_STEP][PASSED] - out.println("Value of Execute is : " + ExecuteTC): null

2022-04-18 12:55:38 - [TEST_STEP][PASSED] - if (ExecuteTC.equalsIgnoreCase("Y")): Browser is closed

2022-04-18 12:55:38 - [TEST_STEP][PASSED] - out.println("Begin Record Number: " + row): null

2022-04-18 12:55:38 - [TEST_STEP][PASSED] - today = new java.util.Date(): null

2022-04-18 12:55:38 - [TEST_STEP][PASSED] - println(today): null

2022-04-18 12:55:38 - [TEST_STEP][PASSED] - datText = today: null

2022-04-18 12:55:38 - [TEST_STEP][PASSED] - openBrowser(VLinkURL + "authcap.html"): Browser is opened with url: 'https://dev-algorithm.govolution.com/vlinktest/QA/version_2_0/authcap.html'

2022-04-18 12:55:38 - [MESSAGE][INFO] - Starting 'Chrome' driver

2022-04-18 12:55:38 - [MESSAGE][INFO] - User set preference: ['acceptInsecureCerts', 'true']

2022-04-18 12:55:38 - [MESSAGE][INFO] - Action delay is set to 0 milliseconds

2022-04-18 12:55:40 - [MESSAGE][PASSED] - Browser is opened with url: 'https://dev-algorithm.govolution.com/vlinktest/QA/version_2_0/authcap.html'

2022-04-18 12:55:40 - [TEST_STEP][PASSED] - maximizeWindow(): Current window maximized

2022-04-18 12:55:40 - [MESSAGE][PASSED] - Current window maximized

2022-04-18 12:55:40 - [TEST_STEP][PASSED] - vlinkPages.saleCCPage.setDataSCC(row, dataFile): vlinkPages.saleCCPage.setDataSCC is PASSED

2022-04-18 12:55:43 - [MESSAGE][PASSED] - Object 'Object Repository/VLink/Page_CCSale/txt_CardNumber' is present

2022-04-18 12:55:44 - [MESSAGE][PASSED] - Text '104' is set on object 'Object Repository/VLink/Page_CCSale/txt_TransactionType'

2022-04-18 12:55:44 - [MESSAGE][PASSED] - Text '2.0C' is set on object 'Object Repository/VLink/Page_CCSale/txt_MessageVersion'

2022-04-18 12:55:45 - [MESSAGE][PASSED] - Text 'z2A5sVmXZz7X' is set on object 'Object Repository/VLink/Page_CCSale/txt_RemID'

2022-04-18 12:55:46 - [MESSAGE][PASSED] - Text '665' is set on object 'Object Repository/VLink/Page_CCSale/txt_ApplicationId'

2022-04-18 12:55:46 - [MESSAGE][PASSED] - Text 'username' is set on object 'Object Repository/VLink/Page_CCSale/txt_Username'

2022-04-18 12:55:47 - [MESSAGE][PASSED] - Text 'password' is set on object 'Object Repository/VLink/Page_CCSale/txt_Password'

2022-04-18 12:55:47 - [MESSAGE][PASSED] - Text 'fixed_width' is set on object 'Object Repository/VLink/Page_CCSale/txt_ResponseFormat'

2022-04-18 12:55:48 - [MESSAGE][PASSED] - Text 'RETL' is set on object 'Object Repository/VLink/Page_CCSale/txt_Category'

2022-04-18 12:55:49 - [MESSAGE][PASSED] - Text '' is set on object 'Object Repository/VLink/Page_CCSale/txt_TransactionID'

2022-04-18 12:55:49 - [MESSAGE][PASSED] - Text '' is set on object 'Object Repository/VLink/Page_CCSale/txt_ApprovalCode'

2022-04-18 12:55:50 - [MESSAGE][PASSED] - Text 'Roshan Maha' is set on object 'Object Repository/VLink/Page_CCSale/txt_CardName'

2022-04-18 12:55:51 - [MESSAGE][PASSED] - Text '12563 Bazaar road' is set on object 'Object Repository/VLink/Page_CCSale/txt_AL1'

2022-04-18 12:55:51 - [MESSAGE][PASSED] - Text '' is set on object 'Object Repository/VLink/Page_CCSale/txt_AL2'

2022-04-18 12:55:52 - [MESSAGE][PASSED] - Text 'Crofton' is set on object 'Object Repository/VLink/Page_CCSale/txt_CardCity'

2022-04-18 12:55:53 - [MESSAGE][PASSED] - Text 'MD' is set on object 'Object Repository/VLink/Page_CCSale/txt_CardState'

2022-04-18 12:55:54 - [MESSAGE][PASSED] - Text '21114' is set on object 'Object Repository/VLink/Page_CCSale/txt_CardZIP'

2022-04-18 12:55:54 - [MESSAGE][PASSED] - Text '' is set on object 'Object Repository/VLink/Page_CCSale/txt_CountryID'

2022-04-18 12:55:55 - [MESSAGE][PASSED] - Text '3.50' is set on object 'Object Repository/VLink/Page_CCSale/txt_Amount'

2022-04-18 12:55:56 - [MESSAGE][PASSED] - Text '370000000000002' is set on object 'Object Repository/VLink/Page_CCSale/txt_CardNumber'

2022-04-18 12:55:56 - [MESSAGE][PASSED] - Text '01' is set on object 'Object Repository/VLink/Page_CCSale/txt_ExpMonth'

2022-04-18 12:55:57 - [MESSAGE][PASSED] - Text '2026' is set on object 'Object Repository/VLink/Page_CCSale/txt_ExpYear'

2022-04-18 12:55:58 - [MESSAGE][PASSED] - Text '' is set on object 'Object Repository/VLink/Page_CCSale/txt_CVV'

2022-04-18 12:55:58 - [MESSAGE][PASSED] - Text '' is set on object 'Object Repository/VLink/Page_CCSale/txt_CVVstate'

2022-04-18 12:55:59 - [MESSAGE][PASSED] - Text '' is set on object 'Object Repository/VLink/Page_CCSale/txt_TrackData'

2022-04-18 12:56:00 - [MESSAGE][PASSED] - Text '' is set on object 'Object Repository/VLink/Page_CCSale/txt_Track1Data'

2022-04-18 12:56:00 - [MESSAGE][PASSED] - Text '' is set on object 'Object Repository/VLink/Page_CCSale/txt_Track2Data'

2022-04-18 12:56:01 - [MESSAGE][PASSED] - Text 'manual' is set on object 'Object Repository/VLink/Page_CCSale/txt_POSEntryMode'

2022-04-18 12:56:02 - [MESSAGE][PASSED] - Text '' is set on object 'Object Repository/VLink/Page_CCSale/txt_Email'

2022-04-18 12:56:03 - [MESSAGE][PASSED] - Text '' is set on object 'Object Repository/VLink/Page_CCSale/txt_OrderNumber'

2022-04-18 12:56:03 - [MESSAGE][PASSED] - Text '' is set on object 'Object Repository/VLink/Page_CCSale/txt_TaxAmount'

2022-04-18 12:56:04 - [MESSAGE][PASSED] - Text '' is set on object 'Object Repository/VLink/Page_CCSale/txt_ChargeDescription'

2022-04-18 12:56:05 - [MESSAGE][PASSED] - Text '' is set on object 'Object Repository/VLink/Page_CCSale/txt_CAN'

2022-04-18 12:56:05 - [MESSAGE][PASSED] - Text '' is set on object 'Object Repository/VLink/Page_CCSale/txt_BillPaymentIndicator'

2022-04-18 12:56:06 - [MESSAGE][PASSED] - Text '' is set on object 'Object Repository/VLink/Page_CCSale/txt_UDF1'

2022-04-18 12:56:07 - [MESSAGE][PASSED] - Text '' is set on object 'Object Repository/VLink/Page_CCSale/txt_UDF2'

2022-04-18 12:56:07 - [MESSAGE][PASSED] - Text '' is set on object 'Object Repository/VLink/Page_CCSale/txt_UDF3'

2022-04-18 12:56:08 - [MESSAGE][PASSED] - Text '' is set on object 'Object Repository/VLink/Page_CCSale/txt_UDF4'

2022-04-18 12:56:09 - [MESSAGE][PASSED] - Text '' is set on object 'Object Repository/VLink/Page_CCSale/txt_UDF5'

2022-04-18 12:56:09 - [MESSAGE][PASSED] - Text '' is set on object 'Object Repository/VLink/Page_CCSale/txt_UDF6'

2022-04-18 12:56:10 - [MESSAGE][PASSED] - Text '' is set on object 'Object Repository/VLink/Page_CCSale/txt_UDF7'

2022-04-18 12:56:11 - [MESSAGE][PASSED] - Text '' is set on object 'Object Repository/VLink/Page_CCSale/txt_UDF8'

2022-04-18 12:56:12 - [MESSAGE][PASSED] - Text '' is set on object 'Object Repository/VLink/Page_CCSale/txt_UDF9'

2022-04-18 12:56:12 - [MESSAGE][PASSED] - Text '' is set on object 'Object Repository/VLink/Page_CCSale/txt_UDF10'

2022-04-18 12:56:13 - [MESSAGE][PASSED] - Text '0' is set on object 'Object Repository/VLink/Page_CCSale/txt_CardOnFileIndicator'

2022-04-18 12:56:14 - [MESSAGE][PASSED] - Text 'Initial' is set on object 'Object Repository/VLink/Page_CCSale/txt_StoredCredentialIndicator'

2022-04-18 12:56:14 - [MESSAGE][PASSED] - Text 'Unscheduled' is set on object 'Object Repository/VLink/Page_CCSale/txt_COFScheduledIndicator'

2022-04-18 12:56:15 - [MESSAGE][PASSED] - Text 'Customer' is set on object 'Object Repository/VLink/Page_CCSale/txt_COFTransactionInitiatedBy'

2022-04-18 12:56:18 - [MESSAGE][PASSED] - Object: 'Object Repository/VLink/Page_CCSale/btn_ProcessVLinkTransaction' is clicked on

2022-04-18 12:56:23 - [MESSAGE][PASSED] - vlinkPages.saleCCPage.setDataSCC is PASSED

2022-04-18 12:56:23 - [TEST_STEP][PASSED] - if (verifyTextPresent("Transaction approved, no errors", true)): null

2022-04-18 12:56:23 - [MESSAGE][PASSED] - Text 'Transaction approved, no errors' is present on page  using regular expression

2022-04-18 12:56:23 - [TEST_STEP][PASSED] - println("Transaction Approved, no errors text is present on the Confirmation page"): null

2022-04-18 12:56:23 - [TEST_STEP][PASSED] - out.println("Pass Record Number: " + row): null

2022-04-18 12:56:23 - [TEST_STEP][PASSED] - resText = "Pass": null

2022-04-18 12:56:23 - [TEST_STEP][PASSED] - pages.WriteExcel.demoKey(resText, datText, resColumn, datCloumn, fileLoc, nameSheet, row): pages.WriteExcel.demoKey is PASSED

2022-04-18 12:56:23 - [MESSAGE][PASSED] - pages.WriteExcel.demoKey is PASSED

2022-04-18 12:56:23 - [TEST_STEP][PASSED] - sdfo = getText(findTestObject("Object Repository/Page_VLinkReceipt/pre_STX")): Text of object 'Object Repository/Page_VLinkReceipt/pre_STX' is: '<STX>z2A5sVmXZz7X                  12114940            0  Transaction approved, no errors                   0                                                                                  X OK7864   <ETX>'

2022-04-18 12:56:24 - [MESSAGE][PASSED] - Text of object 'Object Repository/Page_VLinkReceipt/pre_STX' is: '<STX>z2A5sVmXZz7X                  12114940            0  Transaction approved, no errors                   0                                                                                  X OK7864   <ETX>'

2022-04-18 12:56:24 - [TEST_STEP][PASSED] - out.println("sdfo: " + sdfo): null

2022-04-18 12:56:24 - [TEST_STEP][PASSED] - remID = substring(5, 35).trim(): null

2022-04-18 12:56:24 - [TEST_STEP][PASSED] - out.println("Remittance ID: " + remID): null

2022-04-18 12:56:24 - [TEST_STEP][PASSED] - traxID = substring(35, 55).trim(): null

2022-04-18 12:56:24 - [TEST_STEP][PASSED] - out.println("Transaction ID: " + traxID): null

2022-04-18 12:56:24 - [TEST_STEP][PASSED] - out.println("End Record Number: " + row): null

2022-04-18 12:56:24 - [TEST_STEP][PASSED] - closeBrowser(): Browser is closed

2022-04-18 12:56:24 - [MESSAGE][PASSED] - Browser is closed

2022-04-18 12:56:24 - [TEST_STEP][PASSED] - ExecuteTC = findTestData(dataFile).getValue("Execute", row): null

2022-04-18 12:56:24 - [TEST_STEP][PASSED] - out.println("Value of Execute is : " + ExecuteTC): null

2022-04-18 12:56:24 - [TEST_STEP][PASSED] - if (ExecuteTC.equalsIgnoreCase("Y")): Browser is closed

2022-04-18 12:56:24 - [TEST_STEP][PASSED] - out.println("Begin Record Number: " + row): null

2022-04-18 12:56:24 - [TEST_STEP][PASSED] - today = new java.util.Date(): null

2022-04-18 12:56:24 - [TEST_STEP][PASSED] - println(today): null

2022-04-18 12:56:24 - [TEST_STEP][PASSED] - datText = today: null

2022-04-18 12:56:24 - [TEST_STEP][PASSED] - openBrowser(VLinkURL + "authcap.html"): Browser is opened with url: 'https://dev-algorithm.govolution.com/vlinktest/QA/version_2_0/authcap.html'

2022-04-18 12:56:24 - [MESSAGE][INFO] - Starting 'Chrome' driver

2022-04-18 12:56:24 - [MESSAGE][INFO] - User set preference: ['acceptInsecureCerts', 'true']

2022-04-18 12:56:24 - [MESSAGE][INFO] - Action delay is set to 0 milliseconds

2022-04-18 12:56:26 - [MESSAGE][PASSED] - Browser is opened with url: 'https://dev-algorithm.govolution.com/vlinktest/QA/version_2_0/authcap.html'

2022-04-18 12:56:26 - [TEST_STEP][PASSED] - maximizeWindow(): Current window maximized

2022-04-18 12:56:27 - [MESSAGE][PASSED] - Current window maximized

2022-04-18 12:56:27 - [TEST_STEP][PASSED] - vlinkPages.saleCCPage.setDataSCC(row, dataFile): vlinkPages.saleCCPage.setDataSCC is PASSED

2022-04-18 12:56:29 - [MESSAGE][PASSED] - Object 'Object Repository/VLink/Page_CCSale/txt_CardNumber' is present

2022-04-18 12:56:30 - [MESSAGE][PASSED] - Text '104' is set on object 'Object Repository/VLink/Page_CCSale/txt_TransactionType'

2022-04-18 12:56:30 - [MESSAGE][PASSED] - Text '2.0C' is set on object 'Object Repository/VLink/Page_CCSale/txt_MessageVersion'

2022-04-18 12:56:31 - [MESSAGE][PASSED] - Text 'AHmLcYyjPw66' is set on object 'Object Repository/VLink/Page_CCSale/txt_RemID'

2022-04-18 12:56:32 - [MESSAGE][PASSED] - Text '665' is set on object 'Object Repository/VLink/Page_CCSale/txt_ApplicationId'

2022-04-18 12:56:32 - [MESSAGE][PASSED] - Text 'username' is set on object 'Object Repository/VLink/Page_CCSale/txt_Username'

2022-04-18 12:56:33 - [MESSAGE][PASSED] - Text 'password' is set on object 'Object Repository/VLink/Page_CCSale/txt_Password'

2022-04-18 12:56:34 - [MESSAGE][PASSED] - Text 'fixed_width' is set on object 'Object Repository/VLink/Page_CCSale/txt_ResponseFormat'

2022-04-18 12:56:34 - [MESSAGE][PASSED] - Text 'RETL' is set on object 'Object Repository/VLink/Page_CCSale/txt_Category'

2022-04-18 12:56:35 - [MESSAGE][PASSED] - Text '' is set on object 'Object Repository/VLink/Page_CCSale/txt_TransactionID'

2022-04-18 12:56:35 - [MESSAGE][PASSED] - Text '' is set on object 'Object Repository/VLink/Page_CCSale/txt_ApprovalCode'

2022-04-18 12:56:36 - [MESSAGE][PASSED] - Text 'Kris Roshan' is set on object 'Object Repository/VLink/Page_CCSale/txt_CardName'

2022-04-18 12:56:37 - [MESSAGE][PASSED] - Text '258 Elm Road' is set on object 'Object Repository/VLink/Page_CCSale/txt_AL1'

2022-04-18 12:56:38 - [MESSAGE][PASSED] - Text 'Suite 56' is set on object 'Object Repository/VLink/Page_CCSale/txt_AL2'

2022-04-18 12:56:38 - [MESSAGE][PASSED] - Text 'Arlington' is set on object 'Object Repository/VLink/Page_CCSale/txt_CardCity'

2022-04-18 12:56:39 - [MESSAGE][PASSED] - Text 'VA' is set on object 'Object Repository/VLink/Page_CCSale/txt_CardState'

2022-04-18 12:56:40 - [MESSAGE][PASSED] - Text '22201' is set on object 'Object Repository/VLink/Page_CCSale/txt_CardZIP'

2022-04-18 12:56:40 - [MESSAGE][PASSED] - Text '840' is set on object 'Object Repository/VLink/Page_CCSale/txt_CountryID'

2022-04-18 12:56:41 - [MESSAGE][PASSED] - Text '1.50' is set on object 'Object Repository/VLink/Page_CCSale/txt_Amount'

2022-04-18 12:56:42 - [MESSAGE][PASSED] - Text '6011000000000004' is set on object 'Object Repository/VLink/Page_CCSale/txt_CardNumber'

2022-04-18 12:56:42 - [MESSAGE][PASSED] - Text '12' is set on object 'Object Repository/VLink/Page_CCSale/txt_ExpMonth'

2022-04-18 12:56:43 - [MESSAGE][PASSED] - Text '2025' is set on object 'Object Repository/VLink/Page_CCSale/txt_ExpYear'

2022-04-18 12:56:44 - [MESSAGE][PASSED] - Text '' is set on object 'Object Repository/VLink/Page_CCSale/txt_CVV'

2022-04-18 12:56:45 - [MESSAGE][PASSED] - Text '' is set on object 'Object Repository/VLink/Page_CCSale/txt_CVVstate'

2022-04-18 12:56:45 - [MESSAGE][PASSED] - Text '' is set on object 'Object Repository/VLink/Page_CCSale/txt_TrackData'

2022-04-18 12:56:46 - [MESSAGE][PASSED] - Text '' is set on object 'Object Repository/VLink/Page_CCSale/txt_Track1Data'

2022-04-18 12:56:47 - [MESSAGE][PASSED] - Text '' is set on object 'Object Repository/VLink/Page_CCSale/txt_Track2Data'

2022-04-18 12:56:47 - [MESSAGE][PASSED] - Text 'manual' is set on object 'Object Repository/VLink/Page_CCSale/txt_POSEntryMode'

2022-04-18 12:56:48 - [MESSAGE][PASSED] - Text 'iahmed@govolution.com' is set on object 'Object Repository/VLink/Page_CCSale/txt_Email'

2022-04-18 12:56:49 - [MESSAGE][PASSED] - Text '2569362' is set on object 'Object Repository/VLink/Page_CCSale/txt_OrderNumber'

2022-04-18 12:56:49 - [MESSAGE][PASSED] - Text '1.15' is set on object 'Object Repository/VLink/Page_CCSale/txt_TaxAmount'

2022-04-18 12:56:50 - [MESSAGE][PASSED] - Text 'Charge Description' is set on object 'Object Repository/VLink/Page_CCSale/txt_ChargeDescription'

2022-04-18 12:56:51 - [MESSAGE][PASSED] - Text '147357' is set on object 'Object Repository/VLink/Page_CCSale/txt_CAN'

2022-04-18 12:56:51 - [MESSAGE][PASSED] - Text '1' is set on object 'Object Repository/VLink/Page_CCSale/txt_BillPaymentIndicator'

2022-04-18 12:56:52 - [MESSAGE][PASSED] - Text 'UDF Data 1' is set on object 'Object Repository/VLink/Page_CCSale/txt_UDF1'

2022-04-18 12:56:53 - [MESSAGE][PASSED] - Text 'UDF Data 2' is set on object 'Object Repository/VLink/Page_CCSale/txt_UDF2'

2022-04-18 12:56:53 - [MESSAGE][PASSED] - Text 'UDF Data 3' is set on object 'Object Repository/VLink/Page_CCSale/txt_UDF3'

2022-04-18 12:56:54 - [MESSAGE][PASSED] - Text 'UDF Data 4' is set on object 'Object Repository/VLink/Page_CCSale/txt_UDF4'

2022-04-18 12:56:55 - [MESSAGE][PASSED] - Text 'UDF Data 5' is set on object 'Object Repository/VLink/Page_CCSale/txt_UDF5'

2022-04-18 12:56:55 - [MESSAGE][PASSED] - Text 'UDF Data 6' is set on object 'Object Repository/VLink/Page_CCSale/txt_UDF6'

2022-04-18 12:56:56 - [MESSAGE][PASSED] - Text 'UDF Data 7' is set on object 'Object Repository/VLink/Page_CCSale/txt_UDF7'

2022-04-18 12:56:57 - [MESSAGE][PASSED] - Text 'UDF Data 8' is set on object 'Object Repository/VLink/Page_CCSale/txt_UDF8'

2022-04-18 12:56:58 - [MESSAGE][PASSED] - Text 'UDF Data 9' is set on object 'Object Repository/VLink/Page_CCSale/txt_UDF9'

2022-04-18 12:56:58 - [MESSAGE][PASSED] - Text 'UDF Data 10' is set on object 'Object Repository/VLink/Page_CCSale/txt_UDF10'

2022-04-18 12:56:59 - [MESSAGE][PASSED] - Text '0' is set on object 'Object Repository/VLink/Page_CCSale/txt_CardOnFileIndicator'

2022-04-18 12:57:00 - [MESSAGE][PASSED] - Text 'Initial' is set on object 'Object Repository/VLink/Page_CCSale/txt_StoredCredentialIndicator'

2022-04-18 12:57:00 - [MESSAGE][PASSED] - Text 'Unscheduled' is set on object 'Object Repository/VLink/Page_CCSale/txt_COFScheduledIndicator'

2022-04-18 12:57:01 - [MESSAGE][PASSED] - Text 'Customer' is set on object 'Object Repository/VLink/Page_CCSale/txt_COFTransactionInitiatedBy'

2022-04-18 12:57:04 - [MESSAGE][PASSED] - Object: 'Object Repository/VLink/Page_CCSale/btn_ProcessVLinkTransaction' is clicked on

2022-04-18 12:57:09 - [MESSAGE][PASSED] - vlinkPages.saleCCPage.setDataSCC is PASSED

2022-04-18 12:57:09 - [TEST_STEP][PASSED] - if (verifyTextPresent("Transaction approved, no errors", true)): null

2022-04-18 12:57:09 - [MESSAGE][PASSED] - Text 'Transaction approved, no errors' is present on page  using regular expression

2022-04-18 12:57:09 - [TEST_STEP][PASSED] - println("Transaction Approved, no errors text is present on the Confirmation page"): null

2022-04-18 12:57:09 - [TEST_STEP][PASSED] - out.println("Pass Record Number: " + row): null

2022-04-18 12:57:09 - [TEST_STEP][PASSED] - resText = "Pass": null

2022-04-18 12:57:09 - [TEST_STEP][PASSED] - pages.WriteExcel.demoKey(resText, datText, resColumn, datCloumn, fileLoc, nameSheet, row): pages.WriteExcel.demoKey is PASSED

2022-04-18 12:57:10 - [MESSAGE][PASSED] - pages.WriteExcel.demoKey is PASSED

2022-04-18 12:57:10 - [TEST_STEP][PASSED] - sdfo = getText(findTestObject("Object Repository/Page_VLinkReceipt/pre_STX")): Text of object 'Object Repository/Page_VLinkReceipt/pre_STX' is: '<STX>AHmLcYyjPw66                  12114941            0  Transaction approved, no errors                   0                                                                                  X OK7934   <ETX>'

2022-04-18 12:57:10 - [MESSAGE][PASSED] - Text of object 'Object Repository/Page_VLinkReceipt/pre_STX' is: '<STX>AHmLcYyjPw66                  12114941            0  Transaction approved, no errors                   0                                                                                  X OK7934   <ETX>'

2022-04-18 12:57:10 - [TEST_STEP][PASSED] - out.println("sdfo: " + sdfo): null

2022-04-18 12:57:10 - [TEST_STEP][PASSED] - remID = substring(5, 35).trim(): null

2022-04-18 12:57:10 - [TEST_STEP][PASSED] - out.println("Remittance ID: " + remID): null

2022-04-18 12:57:10 - [TEST_STEP][PASSED] - traxID = substring(35, 55).trim(): null

2022-04-18 12:57:10 - [TEST_STEP][PASSED] - out.println("Transaction ID: " + traxID): null

2022-04-18 12:57:10 - [TEST_STEP][PASSED] - out.println("End Record Number: " + row): null

2022-04-18 12:57:10 - [TEST_STEP][PASSED] - closeBrowser(): Browser is closed

2022-04-18 12:57:11 - [MESSAGE][PASSED] - Browser is closed

2022-04-18 12:57:11 - [TEST_STEP][PASSED] - ExecuteTC = findTestData(dataFile).getValue("Execute", row): null

2022-04-18 12:57:11 - [TEST_STEP][PASSED] - out.println("Value of Execute is : " + ExecuteTC): null

2022-04-18 12:57:11 - [TEST_STEP][PASSED] - if (ExecuteTC.equalsIgnoreCase("Y")): null

2022-04-18 12:57:11 - [TEST_STEP][PASSED] - ExecuteTC = findTestData(dataFile).getValue("Execute", row): null

2022-04-18 12:57:11 - [TEST_STEP][PASSED] - out.println("Value of Execute is : " + ExecuteTC): null

2022-04-18 12:57:11 - [TEST_STEP][PASSED] - if (ExecuteTC.equalsIgnoreCase("Y")): null

2022-04-18 12:57:11 - [TEST_STEP][PASSED] - ExecuteTC = findTestData(dataFile).getValue("Execute", row): null

2022-04-18 12:57:11 - [TEST_STEP][PASSED] - out.println("Value of Execute is : " + ExecuteTC): null

2022-04-18 12:57:11 - [TEST_STEP][PASSED] - if (ExecuteTC.equalsIgnoreCase("Y")): null

2022-04-18 12:57:11 - [TEST_STEP][PASSED] - ExecuteTC = findTestData(dataFile).getValue("Execute", row): null

2022-04-18 12:57:11 - [TEST_STEP][PASSED] - out.println("Value of Execute is : " + ExecuteTC): null

2022-04-18 12:57:11 - [TEST_STEP][PASSED] - if (ExecuteTC.equalsIgnoreCase("Y")): null

2022-04-18 12:57:11 - [TEST_STEP][PASSED] - ExecuteTC = findTestData(dataFile).getValue("Execute", row): null

2022-04-18 12:57:11 - [TEST_STEP][PASSED] - out.println("Value of Execute is : " + ExecuteTC): null

2022-04-18 12:57:11 - [TEST_STEP][PASSED] - if (ExecuteTC.equalsIgnoreCase("Y")): null

2022-04-18 12:57:11 - [TEST_STEP][PASSED] - ExecuteTC = findTestData(dataFile).getValue("Execute", row): null

2022-04-18 12:57:11 - [TEST_STEP][PASSED] - out.println("Value of Execute is : " + ExecuteTC): null

2022-04-18 12:57:11 - [TEST_STEP][PASSED] - if (ExecuteTC.equalsIgnoreCase("Y")): null

2022-04-18 12:57:11 - [TEST_STEP][PASSED] - ExecuteTC = findTestData(dataFile).getValue("Execute", row): null

2022-04-18 12:57:11 - [TEST_STEP][PASSED] - out.println("Value of Execute is : " + ExecuteTC): null

2022-04-18 12:57:11 - [TEST_STEP][PASSED] - if (ExecuteTC.equalsIgnoreCase("Y")): null

2022-04-18 12:57:11 - [TEST_STEP][PASSED] - ExecuteTC = findTestData(dataFile).getValue("Execute", row): null

2022-04-18 12:57:11 - [TEST_STEP][PASSED] - out.println("Value of Execute is : " + ExecuteTC): null

2022-04-18 12:57:11 - [TEST_STEP][PASSED] - if (ExecuteTC.equalsIgnoreCase("Y")): null

2022-04-18 12:57:11 - [TEST_STEP][PASSED] - ExecuteTC = findTestData(dataFile).getValue("Execute", row): null

2022-04-18 12:57:11 - [TEST_STEP][PASSED] - out.println("Value of Execute is : " + ExecuteTC): null

2022-04-18 12:57:11 - [TEST_STEP][PASSED] - if (ExecuteTC.equalsIgnoreCase("Y")): null

2022-04-18 12:57:11 - [TEST_STEP][PASSED] - ExecuteTC = findTestData(dataFile).getValue("Execute", row): null

2022-04-18 12:57:11 - [TEST_STEP][PASSED] - out.println("Value of Execute is : " + ExecuteTC): null

2022-04-18 12:57:11 - [TEST_STEP][PASSED] - if (ExecuteTC.equalsIgnoreCase("Y")): null

2022-04-18 12:57:11 - [TEST_STEP][PASSED] - ExecuteTC = findTestData(dataFile).getValue("Execute", row): null

2022-04-18 12:57:11 - [TEST_STEP][PASSED] - out.println("Value of Execute is : " + ExecuteTC): null

2022-04-18 12:57:11 - [TEST_STEP][PASSED] - if (ExecuteTC.equalsIgnoreCase("Y")): null

2022-04-18 12:57:11 - [TEST_STEP][PASSED] - ExecuteTC = findTestData(dataFile).getValue("Execute", row): null

2022-04-18 12:57:11 - [TEST_STEP][PASSED] - out.println("Value of Execute is : " + ExecuteTC): null

2022-04-18 12:57:11 - [TEST_STEP][PASSED] - if (ExecuteTC.equalsIgnoreCase("Y")): null

2022-04-18 12:57:11 - [TEST_STEP][PASSED] - ExecuteTC = findTestData(dataFile).getValue("Execute", row): null

2022-04-18 12:57:11 - [TEST_STEP][PASSED] - out.println("Value of Execute is : " + ExecuteTC): null

2022-04-18 12:57:11 - [TEST_STEP][PASSED] - if (ExecuteTC.equalsIgnoreCase("Y")): Browser is closed

2022-04-18 12:57:11 - [TEST_STEP][PASSED] - out.println("Begin Record Number: " + row): null

2022-04-18 12:57:11 - [TEST_STEP][PASSED] - today = new java.util.Date(): null

2022-04-18 12:57:11 - [TEST_STEP][PASSED] - println(today): null

2022-04-18 12:57:11 - [TEST_STEP][PASSED] - datText = today: null

2022-04-18 12:57:11 - [TEST_STEP][PASSED] - openBrowser(VLinkURL + "authcap.html"): Browser is opened with url: 'https://dev-algorithm.govolution.com/vlinktest/QA/version_2_0/authcap.html'

2022-04-18 12:57:11 - [MESSAGE][INFO] - Starting 'Chrome' driver

2022-04-18 12:57:11 - [MESSAGE][INFO] - User set preference: ['acceptInsecureCerts', 'true']

2022-04-18 12:57:11 - [MESSAGE][INFO] - Action delay is set to 0 milliseconds

2022-04-18 12:57:13 - [MESSAGE][PASSED] - Browser is opened with url: 'https://dev-algorithm.govolution.com/vlinktest/QA/version_2_0/authcap.html'

2022-04-18 12:57:13 - [TEST_STEP][PASSED] - maximizeWindow(): Current window maximized

2022-04-18 12:57:13 - [MESSAGE][PASSED] - Current window maximized

2022-04-18 12:57:13 - [TEST_STEP][PASSED] - vlinkPages.saleCCPage.setDataSCC(row, dataFile): vlinkPages.saleCCPage.setDataSCC is PASSED

2022-04-18 12:57:16 - [MESSAGE][PASSED] - Object 'Object Repository/VLink/Page_CCSale/txt_CardNumber' is present

2022-04-18 12:57:17 - [MESSAGE][PASSED] - Text '104' is set on object 'Object Repository/VLink/Page_CCSale/txt_TransactionType'

2022-04-18 12:57:17 - [MESSAGE][PASSED] - Text '2.0C' is set on object 'Object Repository/VLink/Page_CCSale/txt_MessageVersion'

2022-04-18 12:57:18 - [MESSAGE][PASSED] - Text '1nBGDwSualfr' is set on object 'Object Repository/VLink/Page_CCSale/txt_RemID'

2022-04-18 12:57:18 - [MESSAGE][PASSED] - Text '665' is set on object 'Object Repository/VLink/Page_CCSale/txt_ApplicationId'

2022-04-18 12:57:19 - [MESSAGE][PASSED] - Text 'username' is set on object 'Object Repository/VLink/Page_CCSale/txt_Username'

2022-04-18 12:57:20 - [MESSAGE][PASSED] - Text 'password' is set on object 'Object Repository/VLink/Page_CCSale/txt_Password'

2022-04-18 12:57:20 - [MESSAGE][PASSED] - Text 'fixed_width' is set on object 'Object Repository/VLink/Page_CCSale/txt_ResponseFormat'

2022-04-18 12:57:21 - [MESSAGE][PASSED] - Text 'ECOM' is set on object 'Object Repository/VLink/Page_CCSale/txt_Category'

2022-04-18 12:57:22 - [MESSAGE][PASSED] - Text '' is set on object 'Object Repository/VLink/Page_CCSale/txt_TransactionID'

2022-04-18 12:57:22 - [MESSAGE][PASSED] - Text '' is set on object 'Object Repository/VLink/Page_CCSale/txt_ApprovalCode'

2022-04-18 12:57:23 - [MESSAGE][PASSED] - Text 'Roshan Maha' is set on object 'Object Repository/VLink/Page_CCSale/txt_CardName'

2022-04-18 12:57:24 - [MESSAGE][PASSED] - Text '12563 Bazaar road' is set on object 'Object Repository/VLink/Page_CCSale/txt_AL1'

2022-04-18 12:57:24 - [MESSAGE][PASSED] - Text '' is set on object 'Object Repository/VLink/Page_CCSale/txt_AL2'

2022-04-18 12:57:25 - [MESSAGE][PASSED] - Text 'Crofton' is set on object 'Object Repository/VLink/Page_CCSale/txt_CardCity'

2022-04-18 12:57:26 - [MESSAGE][PASSED] - Text 'MD' is set on object 'Object Repository/VLink/Page_CCSale/txt_CardState'

2022-04-18 12:57:26 - [MESSAGE][PASSED] - Text '21114' is set on object 'Object Repository/VLink/Page_CCSale/txt_CardZIP'

2022-04-18 12:57:27 - [MESSAGE][PASSED] - Text '' is set on object 'Object Repository/VLink/Page_CCSale/txt_CountryID'

2022-04-18 12:57:28 - [MESSAGE][PASSED] - Text '3.50' is set on object 'Object Repository/VLink/Page_CCSale/txt_Amount'

2022-04-18 12:57:28 - [MESSAGE][PASSED] - Text '4111111111111111' is set on object 'Object Repository/VLink/Page_CCSale/txt_CardNumber'

2022-04-18 12:57:29 - [MESSAGE][PASSED] - Text '01' is set on object 'Object Repository/VLink/Page_CCSale/txt_ExpMonth'

2022-04-18 12:57:30 - [MESSAGE][PASSED] - Text '2026' is set on object 'Object Repository/VLink/Page_CCSale/txt_ExpYear'

2022-04-18 12:57:30 - [MESSAGE][PASSED] - Text '' is set on object 'Object Repository/VLink/Page_CCSale/txt_CVV'

2022-04-18 12:57:31 - [MESSAGE][PASSED] - Text '' is set on object 'Object Repository/VLink/Page_CCSale/txt_CVVstate'

2022-04-18 12:57:32 - [MESSAGE][PASSED] - Text '' is set on object 'Object Repository/VLink/Page_CCSale/txt_TrackData'

2022-04-18 12:57:32 - [MESSAGE][PASSED] - Text '' is set on object 'Object Repository/VLink/Page_CCSale/txt_Track1Data'

2022-04-18 12:57:33 - [MESSAGE][PASSED] - Text '' is set on object 'Object Repository/VLink/Page_CCSale/txt_Track2Data'

2022-04-18 12:57:34 - [MESSAGE][PASSED] - Text 'manual' is set on object 'Object Repository/VLink/Page_CCSale/txt_POSEntryMode'

2022-04-18 12:57:34 - [MESSAGE][PASSED] - Text '' is set on object 'Object Repository/VLink/Page_CCSale/txt_Email'

2022-04-18 12:57:35 - [MESSAGE][PASSED] - Text '' is set on object 'Object Repository/VLink/Page_CCSale/txt_OrderNumber'

2022-04-18 12:57:36 - [MESSAGE][PASSED] - Text '' is set on object 'Object Repository/VLink/Page_CCSale/txt_TaxAmount'

2022-04-18 12:57:36 - [MESSAGE][PASSED] - Text '' is set on object 'Object Repository/VLink/Page_CCSale/txt_ChargeDescription'

2022-04-18 12:57:37 - [MESSAGE][PASSED] - Text '' is set on object 'Object Repository/VLink/Page_CCSale/txt_CAN'

2022-04-18 12:57:38 - [MESSAGE][PASSED] - Text '' is set on object 'Object Repository/VLink/Page_CCSale/txt_BillPaymentIndicator'

2022-04-18 12:57:39 - [MESSAGE][PASSED] - Text '' is set on object 'Object Repository/VLink/Page_CCSale/txt_UDF1'

2022-04-18 12:57:39 - [MESSAGE][PASSED] - Text '' is set on object 'Object Repository/VLink/Page_CCSale/txt_UDF2'

2022-04-18 12:57:40 - [MESSAGE][PASSED] - Text '' is set on object 'Object Repository/VLink/Page_CCSale/txt_UDF3'

2022-04-18 12:57:41 - [MESSAGE][PASSED] - Text '' is set on object 'Object Repository/VLink/Page_CCSale/txt_UDF4'

2022-04-18 12:57:41 - [MESSAGE][PASSED] - Text '' is set on object 'Object Repository/VLink/Page_CCSale/txt_UDF5'

2022-04-18 12:57:42 - [MESSAGE][PASSED] - Text '' is set on object 'Object Repository/VLink/Page_CCSale/txt_UDF6'

2022-04-18 12:57:43 - [MESSAGE][PASSED] - Text '' is set on object 'Object Repository/VLink/Page_CCSale/txt_UDF7'

2022-04-18 12:57:43 - [MESSAGE][PASSED] - Text '' is set on object 'Object Repository/VLink/Page_CCSale/txt_UDF8'

2022-04-18 12:57:44 - [MESSAGE][PASSED] - Text '' is set on object 'Object Repository/VLink/Page_CCSale/txt_UDF9'

2022-04-18 12:57:45 - [MESSAGE][PASSED] - Text '' is set on object 'Object Repository/VLink/Page_CCSale/txt_UDF10'

2022-04-18 12:57:45 - [MESSAGE][PASSED] - Text '1' is set on object 'Object Repository/VLink/Page_CCSale/txt_CardOnFileIndicator'

2022-04-18 12:57:46 - [MESSAGE][PASSED] - Text 'Subsequent' is set on object 'Object Repository/VLink/Page_CCSale/txt_StoredCredentialIndicator'

2022-04-18 12:57:47 - [MESSAGE][PASSED] - Text 'Scheduled' is set on object 'Object Repository/VLink/Page_CCSale/txt_COFScheduledIndicator'

2022-04-18 12:57:48 - [MESSAGE][PASSED] - Text 'Merchant' is set on object 'Object Repository/VLink/Page_CCSale/txt_COFTransactionInitiatedBy'

2022-04-18 12:57:51 - [MESSAGE][PASSED] - Object: 'Object Repository/VLink/Page_CCSale/btn_ProcessVLinkTransaction' is clicked on

2022-04-18 12:57:56 - [MESSAGE][PASSED] - vlinkPages.saleCCPage.setDataSCC is PASSED

2022-04-18 12:57:56 - [TEST_STEP][PASSED] - if (verifyTextPresent("Transaction approved, no errors", true)): null

2022-04-18 12:57:56 - [MESSAGE][PASSED] - Text 'Transaction approved, no errors' is present on page  using regular expression

2022-04-18 12:57:56 - [TEST_STEP][PASSED] - println("Transaction Approved, no errors text is present on the Confirmation page"): null

2022-04-18 12:57:56 - [TEST_STEP][PASSED] - out.println("Pass Record Number: " + row): null

2022-04-18 12:57:56 - [TEST_STEP][PASSED] - resText = "Pass": null

2022-04-18 12:57:56 - [TEST_STEP][PASSED] - pages.WriteExcel.demoKey(resText, datText, resColumn, datCloumn, fileLoc, nameSheet, row): pages.WriteExcel.demoKey is PASSED

2022-04-18 12:57:56 - [MESSAGE][PASSED] - pages.WriteExcel.demoKey is PASSED

2022-04-18 12:57:56 - [TEST_STEP][PASSED] - sdfo = getText(findTestObject("Object Repository/Page_VLinkReceipt/pre_STX")): Text of object 'Object Repository/Page_VLinkReceipt/pre_STX' is: '<STX>1nBGDwSualfr                  12114942            0  Transaction approved, no errors                   0                                                                                  X OK8074   <ETX>'

2022-04-18 12:57:56 - [MESSAGE][PASSED] - Text of object 'Object Repository/Page_VLinkReceipt/pre_STX' is: '<STX>1nBGDwSualfr                  12114942            0  Transaction approved, no errors                   0                                                                                  X OK8074   <ETX>'

2022-04-18 12:57:56 - [TEST_STEP][PASSED] - out.println("sdfo: " + sdfo): null

2022-04-18 12:57:56 - [TEST_STEP][PASSED] - remID = substring(5, 35).trim(): null

2022-04-18 12:57:56 - [TEST_STEP][PASSED] - out.println("Remittance ID: " + remID): null

2022-04-18 12:57:56 - [TEST_STEP][PASSED] - traxID = substring(35, 55).trim(): null

2022-04-18 12:57:56 - [TEST_STEP][PASSED] - out.println("Transaction ID: " + traxID): null

2022-04-18 12:57:56 - [TEST_STEP][PASSED] - out.println("End Record Number: " + row): null

2022-04-18 12:57:56 - [TEST_STEP][PASSED] - closeBrowser(): Browser is closed

2022-04-18 12:57:57 - [MESSAGE][PASSED] - Browser is closed

2022-04-18 12:57:57 - [TEST_STEP][PASSED] - ExecuteTC = findTestData(dataFile).getValue("Execute", row): null

2022-04-18 12:57:57 - [TEST_STEP][PASSED] - out.println("Value of Execute is : " + ExecuteTC): null

2022-04-18 12:57:57 - [TEST_STEP][PASSED] - if (ExecuteTC.equalsIgnoreCase("Y")): Browser is closed

2022-04-18 12:57:57 - [TEST_STEP][PASSED] - out.println("Begin Record Number: " + row): null

2022-04-18 12:57:57 - [TEST_STEP][PASSED] - today = new java.util.Date(): null

2022-04-18 12:57:57 - [TEST_STEP][PASSED] - println(today): null

2022-04-18 12:57:57 - [TEST_STEP][PASSED] - datText = today: null

2022-04-18 12:57:57 - [TEST_STEP][PASSED] - openBrowser(VLinkURL + "authcap.html"): Browser is opened with url: 'https://dev-algorithm.govolution.com/vlinktest/QA/version_2_0/authcap.html'

2022-04-18 12:57:57 - [MESSAGE][INFO] - Starting 'Chrome' driver

2022-04-18 12:57:57 - [MESSAGE][INFO] - User set preference: ['acceptInsecureCerts', 'true']

2022-04-18 12:57:57 - [MESSAGE][INFO] - Action delay is set to 0 milliseconds

2022-04-18 12:57:59 - [MESSAGE][PASSED] - Browser is opened with url: 'https://dev-algorithm.govolution.com/vlinktest/QA/version_2_0/authcap.html'

2022-04-18 12:57:59 - [TEST_STEP][PASSED] - maximizeWindow(): Current window maximized

2022-04-18 12:57:59 - [MESSAGE][PASSED] - Current window maximized

2022-04-18 12:57:59 - [TEST_STEP][PASSED] - vlinkPages.saleCCPage.setDataSCC(row, dataFile): vlinkPages.saleCCPage.setDataSCC is PASSED

2022-04-18 12:58:02 - [MESSAGE][PASSED] - Object 'Object Repository/VLink/Page_CCSale/txt_CardNumber' is present

2022-04-18 12:58:03 - [MESSAGE][PASSED] - Text '104' is set on object 'Object Repository/VLink/Page_CCSale/txt_TransactionType'

2022-04-18 12:58:03 - [MESSAGE][PASSED] - Text '2.0C' is set on object 'Object Repository/VLink/Page_CCSale/txt_MessageVersion'

2022-04-18 12:58:04 - [MESSAGE][PASSED] - Text 'Rp6NgOL24rgF' is set on object 'Object Repository/VLink/Page_CCSale/txt_RemID'

2022-04-18 12:58:04 - [MESSAGE][PASSED] - Text '665' is set on object 'Object Repository/VLink/Page_CCSale/txt_ApplicationId'

2022-04-18 12:58:05 - [MESSAGE][PASSED] - Text 'username' is set on object 'Object Repository/VLink/Page_CCSale/txt_Username'

2022-04-18 12:58:06 - [MESSAGE][PASSED] - Text 'password' is set on object 'Object Repository/VLink/Page_CCSale/txt_Password'

2022-04-18 12:58:06 - [MESSAGE][PASSED] - Text 'fixed_width' is set on object 'Object Repository/VLink/Page_CCSale/txt_ResponseFormat'

2022-04-18 12:58:07 - [MESSAGE][PASSED] - Text 'ECOM' is set on object 'Object Repository/VLink/Page_CCSale/txt_Category'

2022-04-18 12:58:07 - [MESSAGE][PASSED] - Text '' is set on object 'Object Repository/VLink/Page_CCSale/txt_TransactionID'

2022-04-18 12:58:08 - [MESSAGE][PASSED] - Text '' is set on object 'Object Repository/VLink/Page_CCSale/txt_ApprovalCode'

2022-04-18 12:58:09 - [MESSAGE][PASSED] - Text 'Kris Roshan' is set on object 'Object Repository/VLink/Page_CCSale/txt_CardName'

2022-04-18 12:58:10 - [MESSAGE][PASSED] - Text '258 Elm Road' is set on object 'Object Repository/VLink/Page_CCSale/txt_AL1'

2022-04-18 12:58:10 - [MESSAGE][PASSED] - Text 'Suite 56' is set on object 'Object Repository/VLink/Page_CCSale/txt_AL2'

2022-04-18 12:58:11 - [MESSAGE][PASSED] - Text 'Arlington' is set on object 'Object Repository/VLink/Page_CCSale/txt_CardCity'

2022-04-18 12:58:12 - [MESSAGE][PASSED] - Text 'VA' is set on object 'Object Repository/VLink/Page_CCSale/txt_CardState'

2022-04-18 12:58:12 - [MESSAGE][PASSED] - Text '22201' is set on object 'Object Repository/VLink/Page_CCSale/txt_CardZIP'

2022-04-18 12:58:13 - [MESSAGE][PASSED] - Text '840' is set on object 'Object Repository/VLink/Page_CCSale/txt_CountryID'

2022-04-18 12:58:14 - [MESSAGE][PASSED] - Text '1.50' is set on object 'Object Repository/VLink/Page_CCSale/txt_Amount'

2022-04-18 12:58:14 - [MESSAGE][PASSED] - Text '5424000000000015' is set on object 'Object Repository/VLink/Page_CCSale/txt_CardNumber'

2022-04-18 12:58:15 - [MESSAGE][PASSED] - Text '12' is set on object 'Object Repository/VLink/Page_CCSale/txt_ExpMonth'

2022-04-18 12:58:16 - [MESSAGE][PASSED] - Text '2025' is set on object 'Object Repository/VLink/Page_CCSale/txt_ExpYear'

2022-04-18 12:58:16 - [MESSAGE][PASSED] - Text '' is set on object 'Object Repository/VLink/Page_CCSale/txt_CVV'

2022-04-18 12:58:17 - [MESSAGE][PASSED] - Text '' is set on object 'Object Repository/VLink/Page_CCSale/txt_CVVstate'

2022-04-18 12:58:18 - [MESSAGE][PASSED] - Text '' is set on object 'Object Repository/VLink/Page_CCSale/txt_TrackData'

2022-04-18 12:58:19 - [MESSAGE][PASSED] - Text '' is set on object 'Object Repository/VLink/Page_CCSale/txt_Track1Data'

2022-04-18 12:58:19 - [MESSAGE][PASSED] - Text '' is set on object 'Object Repository/VLink/Page_CCSale/txt_Track2Data'

2022-04-18 12:58:20 - [MESSAGE][PASSED] - Text 'manual' is set on object 'Object Repository/VLink/Page_CCSale/txt_POSEntryMode'

2022-04-18 12:58:21 - [MESSAGE][PASSED] - Text 'iahmed@govolution.com' is set on object 'Object Repository/VLink/Page_CCSale/txt_Email'

2022-04-18 12:58:21 - [MESSAGE][PASSED] - Text '2569362' is set on object 'Object Repository/VLink/Page_CCSale/txt_OrderNumber'

2022-04-18 12:58:22 - [MESSAGE][PASSED] - Text '1.15' is set on object 'Object Repository/VLink/Page_CCSale/txt_TaxAmount'

2022-04-18 12:58:23 - [MESSAGE][PASSED] - Text 'Charge Description' is set on object 'Object Repository/VLink/Page_CCSale/txt_ChargeDescription'

2022-04-18 12:58:24 - [MESSAGE][PASSED] - Text '147357' is set on object 'Object Repository/VLink/Page_CCSale/txt_CAN'

2022-04-18 12:58:24 - [MESSAGE][PASSED] - Text '1' is set on object 'Object Repository/VLink/Page_CCSale/txt_BillPaymentIndicator'

2022-04-18 12:58:25 - [MESSAGE][PASSED] - Text 'UDF Data 1' is set on object 'Object Repository/VLink/Page_CCSale/txt_UDF1'

2022-04-18 12:58:26 - [MESSAGE][PASSED] - Text 'UDF Data 2' is set on object 'Object Repository/VLink/Page_CCSale/txt_UDF2'

2022-04-18 12:58:26 - [MESSAGE][PASSED] - Text 'UDF Data 3' is set on object 'Object Repository/VLink/Page_CCSale/txt_UDF3'

2022-04-18 12:58:27 - [MESSAGE][PASSED] - Text 'UDF Data 4' is set on object 'Object Repository/VLink/Page_CCSale/txt_UDF4'

2022-04-18 12:58:28 - [MESSAGE][PASSED] - Text 'UDF Data 5' is set on object 'Object Repository/VLink/Page_CCSale/txt_UDF5'

2022-04-18 12:58:28 - [MESSAGE][PASSED] - Text 'UDF Data 6' is set on object 'Object Repository/VLink/Page_CCSale/txt_UDF6'

2022-04-18 12:58:29 - [MESSAGE][PASSED] - Text 'UDF Data 7' is set on object 'Object Repository/VLink/Page_CCSale/txt_UDF7'

2022-04-18 12:58:30 - [MESSAGE][PASSED] - Text 'UDF Data 8' is set on object 'Object Repository/VLink/Page_CCSale/txt_UDF8'

2022-04-18 12:58:30 - [MESSAGE][PASSED] - Text 'UDF Data 9' is set on object 'Object Repository/VLink/Page_CCSale/txt_UDF9'

2022-04-18 12:58:31 - [MESSAGE][PASSED] - Text 'UDF Data 10' is set on object 'Object Repository/VLink/Page_CCSale/txt_UDF10'

2022-04-18 12:58:32 - [MESSAGE][PASSED] - Text '1' is set on object 'Object Repository/VLink/Page_CCSale/txt_CardOnFileIndicator'

2022-04-18 12:58:32 - [MESSAGE][PASSED] - Text 'Subsequent' is set on object 'Object Repository/VLink/Page_CCSale/txt_StoredCredentialIndicator'

2022-04-18 12:58:33 - [MESSAGE][PASSED] - Text 'Scheduled' is set on object 'Object Repository/VLink/Page_CCSale/txt_COFScheduledIndicator'

2022-04-18 12:58:34 - [MESSAGE][PASSED] - Text 'Merchant' is set on object 'Object Repository/VLink/Page_CCSale/txt_COFTransactionInitiatedBy'

2022-04-18 12:58:37 - [MESSAGE][PASSED] - Object: 'Object Repository/VLink/Page_CCSale/btn_ProcessVLinkTransaction' is clicked on

2022-04-18 12:58:42 - [MESSAGE][PASSED] - vlinkPages.saleCCPage.setDataSCC is PASSED

2022-04-18 12:58:42 - [TEST_STEP][PASSED] - if (verifyTextPresent("Transaction approved, no errors", true)): null

2022-04-18 12:58:42 - [MESSAGE][PASSED] - Text 'Transaction approved, no errors' is present on page  using regular expression

2022-04-18 12:58:42 - [TEST_STEP][PASSED] - println("Transaction Approved, no errors text is present on the Confirmation page"): null

2022-04-18 12:58:42 - [TEST_STEP][PASSED] - out.println("Pass Record Number: " + row): null

2022-04-18 12:58:42 - [TEST_STEP][PASSED] - resText = "Pass": null

2022-04-18 12:58:42 - [TEST_STEP][PASSED] - pages.WriteExcel.demoKey(resText, datText, resColumn, datCloumn, fileLoc, nameSheet, row): pages.WriteExcel.demoKey is PASSED

2022-04-18 12:58:42 - [MESSAGE][PASSED] - pages.WriteExcel.demoKey is PASSED

2022-04-18 12:58:42 - [TEST_STEP][PASSED] - sdfo = getText(findTestObject("Object Repository/Page_VLinkReceipt/pre_STX")): Text of object 'Object Repository/Page_VLinkReceipt/pre_STX' is: '<STX>Rp6NgOL24rgF                  12114943            0  Transaction approved, no errors                   0                                                                                  X OK8184   <ETX>'

2022-04-18 12:58:42 - [MESSAGE][PASSED] - Text of object 'Object Repository/Page_VLinkReceipt/pre_STX' is: '<STX>Rp6NgOL24rgF                  12114943            0  Transaction approved, no errors                   0                                                                                  X OK8184   <ETX>'

2022-04-18 12:58:42 - [TEST_STEP][PASSED] - out.println("sdfo: " + sdfo): null

2022-04-18 12:58:42 - [TEST_STEP][PASSED] - remID = substring(5, 35).trim(): null

2022-04-18 12:58:42 - [TEST_STEP][PASSED] - out.println("Remittance ID: " + remID): null

2022-04-18 12:58:42 - [TEST_STEP][PASSED] - traxID = substring(35, 55).trim(): null

2022-04-18 12:58:42 - [TEST_STEP][PASSED] - out.println("Transaction ID: " + traxID): null

2022-04-18 12:58:42 - [TEST_STEP][PASSED] - out.println("End Record Number: " + row): null

2022-04-18 12:58:42 - [TEST_STEP][PASSED] - closeBrowser(): Browser is closed

2022-04-18 12:58:43 - [MESSAGE][PASSED] - Browser is closed

2022-04-18 12:58:43 - [TEST_STEP][PASSED] - ExecuteTC = findTestData(dataFile).getValue("Execute", row): null

2022-04-18 12:58:43 - [TEST_STEP][PASSED] - out.println("Value of Execute is : " + ExecuteTC): null

2022-04-18 12:58:43 - [TEST_STEP][PASSED] - if (ExecuteTC.equalsIgnoreCase("Y")): Browser is closed

2022-04-18 12:58:43 - [TEST_STEP][PASSED] - out.println("Begin Record Number: " + row): null

2022-04-18 12:58:43 - [TEST_STEP][PASSED] - today = new java.util.Date(): null

2022-04-18 12:58:43 - [TEST_STEP][PASSED] - println(today): null

2022-04-18 12:58:43 - [TEST_STEP][PASSED] - datText = today: null

2022-04-18 12:58:43 - [TEST_STEP][PASSED] - openBrowser(VLinkURL + "authcap.html"): Browser is opened with url: 'https://dev-algorithm.govolution.com/vlinktest/QA/version_2_0/authcap.html'

2022-04-18 12:58:43 - [MESSAGE][INFO] - Starting 'Chrome' driver

2022-04-18 12:58:43 - [MESSAGE][INFO] - User set preference: ['acceptInsecureCerts', 'true']

2022-04-18 12:58:43 - [MESSAGE][INFO] - Action delay is set to 0 milliseconds

2022-04-18 12:58:45 - [MESSAGE][PASSED] - Browser is opened with url: 'https://dev-algorithm.govolution.com/vlinktest/QA/version_2_0/authcap.html'

2022-04-18 12:58:45 - [TEST_STEP][PASSED] - maximizeWindow(): Current window maximized

2022-04-18 12:58:45 - [MESSAGE][PASSED] - Current window maximized

2022-04-18 12:58:45 - [TEST_STEP][PASSED] - vlinkPages.saleCCPage.setDataSCC(row, dataFile): vlinkPages.saleCCPage.setDataSCC is PASSED

2022-04-18 12:58:48 - [MESSAGE][PASSED] - Object 'Object Repository/VLink/Page_CCSale/txt_CardNumber' is present

2022-04-18 12:58:49 - [MESSAGE][PASSED] - Text '104' is set on object 'Object Repository/VLink/Page_CCSale/txt_TransactionType'

2022-04-18 12:58:49 - [MESSAGE][PASSED] - Text '2.0C' is set on object 'Object Repository/VLink/Page_CCSale/txt_MessageVersion'

2022-04-18 12:58:50 - [MESSAGE][PASSED] - Text 'tjGNQVMXh8gQ' is set on object 'Object Repository/VLink/Page_CCSale/txt_RemID'

2022-04-18 12:58:51 - [MESSAGE][PASSED] - Text '665' is set on object 'Object Repository/VLink/Page_CCSale/txt_ApplicationId'

2022-04-18 12:58:51 - [MESSAGE][PASSED] - Text 'username' is set on object 'Object Repository/VLink/Page_CCSale/txt_Username'

2022-04-18 12:58:52 - [MESSAGE][PASSED] - Text 'password' is set on object 'Object Repository/VLink/Page_CCSale/txt_Password'

2022-04-18 12:58:52 - [MESSAGE][PASSED] - Text 'fixed_width' is set on object 'Object Repository/VLink/Page_CCSale/txt_ResponseFormat'

2022-04-18 12:58:53 - [MESSAGE][PASSED] - Text 'ECOM' is set on object 'Object Repository/VLink/Page_CCSale/txt_Category'

2022-04-18 12:58:54 - [MESSAGE][PASSED] - Text '' is set on object 'Object Repository/VLink/Page_CCSale/txt_TransactionID'

2022-04-18 12:58:54 - [MESSAGE][PASSED] - Text '' is set on object 'Object Repository/VLink/Page_CCSale/txt_ApprovalCode'

2022-04-18 12:58:55 - [MESSAGE][PASSED] - Text 'Roshan Maha' is set on object 'Object Repository/VLink/Page_CCSale/txt_CardName'

2022-04-18 12:58:56 - [MESSAGE][PASSED] - Text '12563 Bazaar road' is set on object 'Object Repository/VLink/Page_CCSale/txt_AL1'

2022-04-18 12:58:56 - [MESSAGE][PASSED] - Text '' is set on object 'Object Repository/VLink/Page_CCSale/txt_AL2'

2022-04-18 12:58:57 - [MESSAGE][PASSED] - Text 'Crofton' is set on object 'Object Repository/VLink/Page_CCSale/txt_CardCity'

2022-04-18 12:58:58 - [MESSAGE][PASSED] - Text 'MD' is set on object 'Object Repository/VLink/Page_CCSale/txt_CardState'

2022-04-18 12:58:58 - [MESSAGE][PASSED] - Text '21114' is set on object 'Object Repository/VLink/Page_CCSale/txt_CardZIP'

2022-04-18 12:58:59 - [MESSAGE][PASSED] - Text '' is set on object 'Object Repository/VLink/Page_CCSale/txt_CountryID'

2022-04-18 12:59:00 - [MESSAGE][PASSED] - Text '3.50' is set on object 'Object Repository/VLink/Page_CCSale/txt_Amount'

2022-04-18 12:59:00 - [MESSAGE][PASSED] - Text '370000000000002' is set on object 'Object Repository/VLink/Page_CCSale/txt_CardNumber'

2022-04-18 12:59:01 - [MESSAGE][PASSED] - Text '01' is set on object 'Object Repository/VLink/Page_CCSale/txt_ExpMonth'

2022-04-18 12:59:02 - [MESSAGE][PASSED] - Text '2026' is set on object 'Object Repository/VLink/Page_CCSale/txt_ExpYear'

2022-04-18 12:59:02 - [MESSAGE][PASSED] - Text '' is set on object 'Object Repository/VLink/Page_CCSale/txt_CVV'

2022-04-18 12:59:03 - [MESSAGE][PASSED] - Text '' is set on object 'Object Repository/VLink/Page_CCSale/txt_CVVstate'

2022-04-18 12:59:03 - [MESSAGE][PASSED] - Text '' is set on object 'Object Repository/VLink/Page_CCSale/txt_TrackData'

2022-04-18 12:59:04 - [MESSAGE][PASSED] - Text '' is set on object 'Object Repository/VLink/Page_CCSale/txt_Track1Data'

2022-04-18 12:59:05 - [MESSAGE][PASSED] - Text '' is set on object 'Object Repository/VLink/Page_CCSale/txt_Track2Data'

2022-04-18 12:59:05 - [MESSAGE][PASSED] - Text 'manual' is set on object 'Object Repository/VLink/Page_CCSale/txt_POSEntryMode'

2022-04-18 12:59:06 - [MESSAGE][PASSED] - Text '' is set on object 'Object Repository/VLink/Page_CCSale/txt_Email'

2022-04-18 12:59:07 - [MESSAGE][PASSED] - Text '' is set on object 'Object Repository/VLink/Page_CCSale/txt_OrderNumber'

2022-04-18 12:59:07 - [MESSAGE][PASSED] - Text '' is set on object 'Object Repository/VLink/Page_CCSale/txt_TaxAmount'

2022-04-18 12:59:08 - [MESSAGE][PASSED] - Text '' is set on object 'Object Repository/VLink/Page_CCSale/txt_ChargeDescription'

2022-04-18 12:59:09 - [MESSAGE][PASSED] - Text '' is set on object 'Object Repository/VLink/Page_CCSale/txt_CAN'

2022-04-18 12:59:09 - [MESSAGE][PASSED] - Text '' is set on object 'Object Repository/VLink/Page_CCSale/txt_BillPaymentIndicator'

2022-04-18 12:59:10 - [MESSAGE][PASSED] - Text '' is set on object 'Object Repository/VLink/Page_CCSale/txt_UDF1'

2022-04-18 12:59:11 - [MESSAGE][PASSED] - Text '' is set on object 'Object Repository/VLink/Page_CCSale/txt_UDF2'

2022-04-18 12:59:11 - [MESSAGE][PASSED] - Text '' is set on object 'Object Repository/VLink/Page_CCSale/txt_UDF3'

2022-04-18 12:59:12 - [MESSAGE][PASSED] - Text '' is set on object 'Object Repository/VLink/Page_CCSale/txt_UDF4'

2022-04-18 12:59:13 - [MESSAGE][PASSED] - Text '' is set on object 'Object Repository/VLink/Page_CCSale/txt_UDF5'

2022-04-18 12:59:13 - [MESSAGE][PASSED] - Text '' is set on object 'Object Repository/VLink/Page_CCSale/txt_UDF6'

2022-04-18 12:59:14 - [MESSAGE][PASSED] - Text '' is set on object 'Object Repository/VLink/Page_CCSale/txt_UDF7'

2022-04-18 12:59:15 - [MESSAGE][PASSED] - Text '' is set on object 'Object Repository/VLink/Page_CCSale/txt_UDF8'

2022-04-18 12:59:15 - [MESSAGE][PASSED] - Text '' is set on object 'Object Repository/VLink/Page_CCSale/txt_UDF9'

2022-04-18 12:59:16 - [MESSAGE][PASSED] - Text '' is set on object 'Object Repository/VLink/Page_CCSale/txt_UDF10'

2022-04-18 12:59:17 - [MESSAGE][PASSED] - Text '1' is set on object 'Object Repository/VLink/Page_CCSale/txt_CardOnFileIndicator'

2022-04-18 12:59:17 - [MESSAGE][PASSED] - Text 'Subsequent' is set on object 'Object Repository/VLink/Page_CCSale/txt_StoredCredentialIndicator'

2022-04-18 12:59:18 - [MESSAGE][PASSED] - Text 'Scheduled' is set on object 'Object Repository/VLink/Page_CCSale/txt_COFScheduledIndicator'

2022-04-18 12:59:19 - [MESSAGE][PASSED] - Text 'Merchant' is set on object 'Object Repository/VLink/Page_CCSale/txt_COFTransactionInitiatedBy'

2022-04-18 12:59:22 - [MESSAGE][PASSED] - Object: 'Object Repository/VLink/Page_CCSale/btn_ProcessVLinkTransaction' is clicked on

2022-04-18 12:59:27 - [MESSAGE][PASSED] - vlinkPages.saleCCPage.setDataSCC is PASSED

2022-04-18 12:59:27 - [TEST_STEP][PASSED] - if (verifyTextPresent("Transaction approved, no errors", true)): null

2022-04-18 12:59:27 - [MESSAGE][PASSED] - Text 'Transaction approved, no errors' is present on page  using regular expression

2022-04-18 12:59:27 - [TEST_STEP][PASSED] - println("Transaction Approved, no errors text is present on the Confirmation page"): null

2022-04-18 12:59:27 - [TEST_STEP][PASSED] - out.println("Pass Record Number: " + row): null

2022-04-18 12:59:27 - [TEST_STEP][PASSED] - resText = "Pass": null

2022-04-18 12:59:27 - [TEST_STEP][PASSED] - pages.WriteExcel.demoKey(resText, datText, resColumn, datCloumn, fileLoc, nameSheet, row): pages.WriteExcel.demoKey is PASSED

2022-04-18 12:59:27 - [MESSAGE][PASSED] - pages.WriteExcel.demoKey is PASSED

2022-04-18 12:59:27 - [TEST_STEP][PASSED] - sdfo = getText(findTestObject("Object Repository/Page_VLinkReceipt/pre_STX")): Text of object 'Object Repository/Page_VLinkReceipt/pre_STX' is: '<STX>tjGNQVMXh8gQ                  12114944            0  Transaction approved, no errors                   0                                                                                  X OK8354   <ETX>'

2022-04-18 12:59:27 - [MESSAGE][PASSED] - Text of object 'Object Repository/Page_VLinkReceipt/pre_STX' is: '<STX>tjGNQVMXh8gQ                  12114944            0  Transaction approved, no errors                   0                                                                                  X OK8354   <ETX>'

2022-04-18 12:59:27 - [TEST_STEP][PASSED] - out.println("sdfo: " + sdfo): null

2022-04-18 12:59:27 - [TEST_STEP][PASSED] - remID = substring(5, 35).trim(): null

2022-04-18 12:59:27 - [TEST_STEP][PASSED] - out.println("Remittance ID: " + remID): null

2022-04-18 12:59:27 - [TEST_STEP][PASSED] - traxID = substring(35, 55).trim(): null

2022-04-18 12:59:27 - [TEST_STEP][PASSED] - out.println("Transaction ID: " + traxID): null

2022-04-18 12:59:27 - [TEST_STEP][PASSED] - out.println("End Record Number: " + row): null

2022-04-18 12:59:27 - [TEST_STEP][PASSED] - closeBrowser(): Browser is closed

2022-04-18 12:59:28 - [MESSAGE][PASSED] - Browser is closed

2022-04-18 12:59:28 - [TEST_STEP][PASSED] - ExecuteTC = findTestData(dataFile).getValue("Execute", row): null

2022-04-18 12:59:28 - [TEST_STEP][PASSED] - out.println("Value of Execute is : " + ExecuteTC): null

2022-04-18 12:59:28 - [TEST_STEP][PASSED] - if (ExecuteTC.equalsIgnoreCase("Y")): Browser is closed

2022-04-18 12:59:28 - [TEST_STEP][PASSED] - out.println("Begin Record Number: " + row): null

2022-04-18 12:59:28 - [TEST_STEP][PASSED] - today = new java.util.Date(): null

2022-04-18 12:59:28 - [TEST_STEP][PASSED] - println(today): null

2022-04-18 12:59:28 - [TEST_STEP][PASSED] - datText = today: null

2022-04-18 12:59:28 - [TEST_STEP][PASSED] - openBrowser(VLinkURL + "authcap.html"): Browser is opened with url: 'https://dev-algorithm.govolution.com/vlinktest/QA/version_2_0/authcap.html'

2022-04-18 12:59:28 - [MESSAGE][INFO] - Starting 'Chrome' driver

2022-04-18 12:59:28 - [MESSAGE][INFO] - User set preference: ['acceptInsecureCerts', 'true']

2022-04-18 12:59:28 - [MESSAGE][INFO] - Action delay is set to 0 milliseconds

2022-04-18 12:59:30 - [MESSAGE][PASSED] - Browser is opened with url: 'https://dev-algorithm.govolution.com/vlinktest/QA/version_2_0/authcap.html'

2022-04-18 12:59:30 - [TEST_STEP][PASSED] - maximizeWindow(): Current window maximized

2022-04-18 12:59:30 - [MESSAGE][PASSED] - Current window maximized

2022-04-18 12:59:30 - [TEST_STEP][PASSED] - vlinkPages.saleCCPage.setDataSCC(row, dataFile): vlinkPages.saleCCPage.setDataSCC is PASSED

2022-04-18 12:59:33 - [MESSAGE][PASSED] - Object 'Object Repository/VLink/Page_CCSale/txt_CardNumber' is present

2022-04-18 12:59:34 - [MESSAGE][PASSED] - Text '104' is set on object 'Object Repository/VLink/Page_CCSale/txt_TransactionType'

2022-04-18 12:59:34 - [MESSAGE][PASSED] - Text '2.0C' is set on object 'Object Repository/VLink/Page_CCSale/txt_MessageVersion'

2022-04-18 12:59:35 - [MESSAGE][PASSED] - Text 'cG7E2lqS4GUh' is set on object 'Object Repository/VLink/Page_CCSale/txt_RemID'

2022-04-18 12:59:36 - [MESSAGE][PASSED] - Text '665' is set on object 'Object Repository/VLink/Page_CCSale/txt_ApplicationId'

2022-04-18 12:59:36 - [MESSAGE][PASSED] - Text 'username' is set on object 'Object Repository/VLink/Page_CCSale/txt_Username'

2022-04-18 12:59:37 - [MESSAGE][PASSED] - Text 'password' is set on object 'Object Repository/VLink/Page_CCSale/txt_Password'

2022-04-18 12:59:38 - [MESSAGE][PASSED] - Text 'fixed_width' is set on object 'Object Repository/VLink/Page_CCSale/txt_ResponseFormat'

2022-04-18 12:59:38 - [MESSAGE][PASSED] - Text 'ECOM' is set on object 'Object Repository/VLink/Page_CCSale/txt_Category'

2022-04-18 12:59:39 - [MESSAGE][PASSED] - Text '' is set on object 'Object Repository/VLink/Page_CCSale/txt_TransactionID'

2022-04-18 12:59:39 - [MESSAGE][PASSED] - Text '' is set on object 'Object Repository/VLink/Page_CCSale/txt_ApprovalCode'

2022-04-18 12:59:40 - [MESSAGE][PASSED] - Text 'Kris Roshan' is set on object 'Object Repository/VLink/Page_CCSale/txt_CardName'

2022-04-18 12:59:41 - [MESSAGE][PASSED] - Text '258 Elm Road' is set on object 'Object Repository/VLink/Page_CCSale/txt_AL1'

2022-04-18 12:59:42 - [MESSAGE][PASSED] - Text 'Suite 56' is set on object 'Object Repository/VLink/Page_CCSale/txt_AL2'

2022-04-18 12:59:42 - [MESSAGE][PASSED] - Text 'Arlington' is set on object 'Object Repository/VLink/Page_CCSale/txt_CardCity'

2022-04-18 12:59:43 - [MESSAGE][PASSED] - Text 'VA' is set on object 'Object Repository/VLink/Page_CCSale/txt_CardState'

2022-04-18 12:59:44 - [MESSAGE][PASSED] - Text '22201' is set on object 'Object Repository/VLink/Page_CCSale/txt_CardZIP'

2022-04-18 12:59:44 - [MESSAGE][PASSED] - Text '840' is set on object 'Object Repository/VLink/Page_CCSale/txt_CountryID'

2022-04-18 12:59:45 - [MESSAGE][PASSED] - Text '1.50' is set on object 'Object Repository/VLink/Page_CCSale/txt_Amount'

2022-04-18 12:59:46 - [MESSAGE][PASSED] - Text '6011000000000004' is set on object 'Object Repository/VLink/Page_CCSale/txt_CardNumber'

2022-04-18 12:59:46 - [MESSAGE][PASSED] - Text '12' is set on object 'Object Repository/VLink/Page_CCSale/txt_ExpMonth'

2022-04-18 12:59:47 - [MESSAGE][PASSED] - Text '2025' is set on object 'Object Repository/VLink/Page_CCSale/txt_ExpYear'

2022-04-18 12:59:48 - [MESSAGE][PASSED] - Text '' is set on object 'Object Repository/VLink/Page_CCSale/txt_CVV'

2022-04-18 12:59:49 - [MESSAGE][PASSED] - Text '' is set on object 'Object Repository/VLink/Page_CCSale/txt_CVVstate'

2022-04-18 12:59:49 - [MESSAGE][PASSED] - Text '' is set on object 'Object Repository/VLink/Page_CCSale/txt_TrackData'

2022-04-18 12:59:50 - [MESSAGE][PASSED] - Text '' is set on object 'Object Repository/VLink/Page_CCSale/txt_Track1Data'

2022-04-18 12:59:51 - [MESSAGE][PASSED] - Text '' is set on object 'Object Repository/VLink/Page_CCSale/txt_Track2Data'

2022-04-18 12:59:51 - [MESSAGE][PASSED] - Text 'manual' is set on object 'Object Repository/VLink/Page_CCSale/txt_POSEntryMode'

2022-04-18 12:59:52 - [MESSAGE][PASSED] - Text 'iahmed@govolution.com' is set on object 'Object Repository/VLink/Page_CCSale/txt_Email'

2022-04-18 12:59:53 - [MESSAGE][PASSED] - Text '2569362' is set on object 'Object Repository/VLink/Page_CCSale/txt_OrderNumber'

2022-04-18 12:59:53 - [MESSAGE][PASSED] - Text '1.15' is set on object 'Object Repository/VLink/Page_CCSale/txt_TaxAmount'

2022-04-18 12:59:54 - [MESSAGE][PASSED] - Text 'Charge Description' is set on object 'Object Repository/VLink/Page_CCSale/txt_ChargeDescription'

2022-04-18 12:59:55 - [MESSAGE][PASSED] - Text '147357' is set on object 'Object Repository/VLink/Page_CCSale/txt_CAN'

2022-04-18 12:59:56 - [MESSAGE][PASSED] - Text '1' is set on object 'Object Repository/VLink/Page_CCSale/txt_BillPaymentIndicator'

2022-04-18 12:59:56 - [MESSAGE][PASSED] - Text 'UDF Data 1' is set on object 'Object Repository/VLink/Page_CCSale/txt_UDF1'

2022-04-18 12:59:57 - [MESSAGE][PASSED] - Text 'UDF Data 2' is set on object 'Object Repository/VLink/Page_CCSale/txt_UDF2'

2022-04-18 12:59:58 - [MESSAGE][PASSED] - Text 'UDF Data 3' is set on object 'Object Repository/VLink/Page_CCSale/txt_UDF3'

2022-04-18 12:59:58 - [MESSAGE][PASSED] - Text 'UDF Data 4' is set on object 'Object Repository/VLink/Page_CCSale/txt_UDF4'

2022-04-18 12:59:59 - [MESSAGE][PASSED] - Text 'UDF Data 5' is set on object 'Object Repository/VLink/Page_CCSale/txt_UDF5'

2022-04-18 13:00:00 - [MESSAGE][PASSED] - Text 'UDF Data 6' is set on object 'Object Repository/VLink/Page_CCSale/txt_UDF6'

2022-04-18 13:00:01 - [MESSAGE][PASSED] - Text 'UDF Data 7' is set on object 'Object Repository/VLink/Page_CCSale/txt_UDF7'

2022-04-18 13:00:01 - [MESSAGE][PASSED] - Text 'UDF Data 8' is set on object 'Object Repository/VLink/Page_CCSale/txt_UDF8'

2022-04-18 13:00:02 - [MESSAGE][PASSED] - Text 'UDF Data 9' is set on object 'Object Repository/VLink/Page_CCSale/txt_UDF9'

2022-04-18 13:00:03 - [MESSAGE][PASSED] - Text 'UDF Data 10' is set on object 'Object Repository/VLink/Page_CCSale/txt_UDF10'

2022-04-18 13:00:03 - [MESSAGE][PASSED] - Text '1' is set on object 'Object Repository/VLink/Page_CCSale/txt_CardOnFileIndicator'

2022-04-18 13:00:04 - [MESSAGE][PASSED] - Text 'Subsequent' is set on object 'Object Repository/VLink/Page_CCSale/txt_StoredCredentialIndicator'

2022-04-18 13:00:05 - [MESSAGE][PASSED] - Text 'Scheduled' is set on object 'Object Repository/VLink/Page_CCSale/txt_COFScheduledIndicator'

2022-04-18 13:00:06 - [MESSAGE][PASSED] - Text 'Merchant' is set on object 'Object Repository/VLink/Page_CCSale/txt_COFTransactionInitiatedBy'

2022-04-18 13:00:08 - [MESSAGE][PASSED] - Object: 'Object Repository/VLink/Page_CCSale/btn_ProcessVLinkTransaction' is clicked on

2022-04-18 13:00:13 - [MESSAGE][PASSED] - vlinkPages.saleCCPage.setDataSCC is PASSED

2022-04-18 13:00:13 - [TEST_STEP][PASSED] - if (verifyTextPresent("Transaction approved, no errors", true)): null

2022-04-18 13:00:14 - [MESSAGE][PASSED] - Text 'Transaction approved, no errors' is present on page  using regular expression

2022-04-18 13:00:14 - [TEST_STEP][PASSED] - println("Transaction Approved, no errors text is present on the Confirmation page"): null

2022-04-18 13:00:14 - [TEST_STEP][PASSED] - out.println("Pass Record Number: " + row): null

2022-04-18 13:00:14 - [TEST_STEP][PASSED] - resText = "Pass": null

2022-04-18 13:00:14 - [TEST_STEP][PASSED] - pages.WriteExcel.demoKey(resText, datText, resColumn, datCloumn, fileLoc, nameSheet, row): pages.WriteExcel.demoKey is PASSED

2022-04-18 13:00:14 - [MESSAGE][PASSED] - pages.WriteExcel.demoKey is PASSED

2022-04-18 13:00:14 - [TEST_STEP][PASSED] - sdfo = getText(findTestObject("Object Repository/Page_VLinkReceipt/pre_STX")): Text of object 'Object Repository/Page_VLinkReceipt/pre_STX' is: '<STX>cG7E2lqS4GUh                  12114945            0  Transaction approved, no errors                   0                                                                                  X OK8564   <ETX>'

2022-04-18 13:00:14 - [MESSAGE][PASSED] - Text of object 'Object Repository/Page_VLinkReceipt/pre_STX' is: '<STX>cG7E2lqS4GUh                  12114945            0  Transaction approved, no errors                   0                                                                                  X OK8564   <ETX>'

2022-04-18 13:00:14 - [TEST_STEP][PASSED] - out.println("sdfo: " + sdfo): null

2022-04-18 13:00:14 - [TEST_STEP][PASSED] - remID = substring(5, 35).trim(): null

2022-04-18 13:00:14 - [TEST_STEP][PASSED] - out.println("Remittance ID: " + remID): null

2022-04-18 13:00:14 - [TEST_STEP][PASSED] - traxID = substring(35, 55).trim(): null

2022-04-18 13:00:14 - [TEST_STEP][PASSED] - out.println("Transaction ID: " + traxID): null

2022-04-18 13:00:14 - [TEST_STEP][PASSED] - out.println("End Record Number: " + row): null

2022-04-18 13:00:14 - [TEST_STEP][PASSED] - closeBrowser(): Browser is closed

2022-04-18 13:00:15 - [MESSAGE][PASSED] - Browser is closed

2022-04-18 13:00:15 - [TEST_STEP][PASSED] - ExecuteTC = findTestData(dataFile).getValue("Execute", row): null

2022-04-18 13:00:15 - [TEST_STEP][PASSED] - out.println("Value of Execute is : " + ExecuteTC): null

2022-04-18 13:00:15 - [TEST_STEP][FAILED] - if (ExecuteTC.equalsIgnoreCase("Y")): null

2022-04-18 13:00:15 - [TEST_STEP][PASSED] - out.println("Begin Record Number: " + row): null

2022-04-18 13:00:15 - [TEST_STEP][PASSED] - today = new java.util.Date(): null

2022-04-18 13:00:15 - [TEST_STEP][PASSED] - println(today): null

2022-04-18 13:00:15 - [TEST_STEP][PASSED] - datText = today: null

2022-04-18 13:00:15 - [TEST_STEP][PASSED] - openBrowser(VLinkURL + "authcap.html"): Browser is opened with url: 'https://dev-algorithm.govolution.com/vlinktest/QA/version_2_0/authcap.html'

2022-04-18 13:00:15 - [MESSAGE][INFO] - Starting 'Chrome' driver

2022-04-18 13:00:15 - [MESSAGE][INFO] - User set preference: ['acceptInsecureCerts', 'true']

2022-04-18 13:00:15 - [MESSAGE][INFO] - Action delay is set to 0 milliseconds

2022-04-18 13:00:17 - [MESSAGE][PASSED] - Browser is opened with url: 'https://dev-algorithm.govolution.com/vlinktest/QA/version_2_0/authcap.html'

2022-04-18 13:00:17 - [TEST_STEP][PASSED] - maximizeWindow(): Current window maximized

2022-04-18 13:00:17 - [MESSAGE][PASSED] - Current window maximized

2022-04-18 13:00:17 - [TEST_STEP][PASSED] - vlinkPages.saleCCPage.setDataSCC(row, dataFile): vlinkPages.saleCCPage.setDataSCC is PASSED

2022-04-18 13:00:20 - [MESSAGE][PASSED] - Object 'Object Repository/VLink/Page_CCSale/txt_CardNumber' is present

2022-04-18 13:00:20 - [MESSAGE][PASSED] - Text '104' is set on object 'Object Repository/VLink/Page_CCSale/txt_TransactionType'

2022-04-18 13:00:21 - [MESSAGE][PASSED] - Text '2.0C' is set on object 'Object Repository/VLink/Page_CCSale/txt_MessageVersion'

2022-04-18 13:00:21 - [MESSAGE][PASSED] - Text 'A3Lmmoiy9QpX' is set on object 'Object Repository/VLink/Page_CCSale/txt_RemID'

2022-04-18 13:00:22 - [MESSAGE][PASSED] - Text '665' is set on object 'Object Repository/VLink/Page_CCSale/txt_ApplicationId'

2022-04-18 13:00:23 - [MESSAGE][PASSED] - Text 'username' is set on object 'Object Repository/VLink/Page_CCSale/txt_Username'

2022-04-18 13:00:23 - [MESSAGE][PASSED] - Text 'password' is set on object 'Object Repository/VLink/Page_CCSale/txt_Password'

2022-04-18 13:00:24 - [MESSAGE][PASSED] - Text 'fixed_width' is set on object 'Object Repository/VLink/Page_CCSale/txt_ResponseFormat'

2022-04-18 13:00:25 - [MESSAGE][PASSED] - Text 'MOTO' is set on object 'Object Repository/VLink/Page_CCSale/txt_Category'

2022-04-18 13:00:25 - [MESSAGE][PASSED] - Text '' is set on object 'Object Repository/VLink/Page_CCSale/txt_TransactionID'

2022-04-18 13:00:26 - [MESSAGE][PASSED] - Text '' is set on object 'Object Repository/VLink/Page_CCSale/txt_ApprovalCode'

2022-04-18 13:00:27 - [MESSAGE][PASSED] - Text 'Roshan Maha' is set on object 'Object Repository/VLink/Page_CCSale/txt_CardName'

2022-04-18 13:00:27 - [MESSAGE][PASSED] - Text '12563 Bazaar road' is set on object 'Object Repository/VLink/Page_CCSale/txt_AL1'

2022-04-18 13:00:28 - [MESSAGE][PASSED] - Text '' is set on object 'Object Repository/VLink/Page_CCSale/txt_AL2'

2022-04-18 13:00:29 - [MESSAGE][PASSED] - Text 'Crofton' is set on object 'Object Repository/VLink/Page_CCSale/txt_CardCity'

2022-04-18 13:00:29 - [MESSAGE][PASSED] - Text 'MD' is set on object 'Object Repository/VLink/Page_CCSale/txt_CardState'

2022-04-18 13:00:30 - [MESSAGE][PASSED] - Text '21114' is set on object 'Object Repository/VLink/Page_CCSale/txt_CardZIP'

2022-04-18 13:00:31 - [MESSAGE][PASSED] - Text '' is set on object 'Object Repository/VLink/Page_CCSale/txt_CountryID'

2022-04-18 13:00:31 - [MESSAGE][PASSED] - Text '3.50' is set on object 'Object Repository/VLink/Page_CCSale/txt_Amount'

2022-04-18 13:00:32 - [MESSAGE][PASSED] - Text '4111111111111111' is set on object 'Object Repository/VLink/Page_CCSale/txt_CardNumber'

2022-04-18 13:00:33 - [MESSAGE][PASSED] - Text '01' is set on object 'Object Repository/VLink/Page_CCSale/txt_ExpMonth'

2022-04-18 13:00:34 - [MESSAGE][PASSED] - Text '2026' is set on object 'Object Repository/VLink/Page_CCSale/txt_ExpYear'

2022-04-18 13:00:34 - [MESSAGE][PASSED] - Text '' is set on object 'Object Repository/VLink/Page_CCSale/txt_CVV'

2022-04-18 13:00:35 - [MESSAGE][PASSED] - Text '' is set on object 'Object Repository/VLink/Page_CCSale/txt_CVVstate'

2022-04-18 13:00:36 - [MESSAGE][PASSED] - Text '' is set on object 'Object Repository/VLink/Page_CCSale/txt_TrackData'

2022-04-18 13:00:36 - [MESSAGE][PASSED] - Text '' is set on object 'Object Repository/VLink/Page_CCSale/txt_Track1Data'

2022-04-18 13:00:37 - [MESSAGE][PASSED] - Text '' is set on object 'Object Repository/VLink/Page_CCSale/txt_Track2Data'

2022-04-18 13:00:38 - [MESSAGE][PASSED] - Text 'manual' is set on object 'Object Repository/VLink/Page_CCSale/txt_POSEntryMode'

2022-04-18 13:00:38 - [MESSAGE][PASSED] - Text '' is set on object 'Object Repository/VLink/Page_CCSale/txt_Email'

2022-04-18 13:00:39 - [MESSAGE][PASSED] - Text '' is set on object 'Object Repository/VLink/Page_CCSale/txt_OrderNumber'

2022-04-18 13:00:40 - [MESSAGE][PASSED] - Text '' is set on object 'Object Repository/VLink/Page_CCSale/txt_TaxAmount'

2022-04-18 13:00:41 - [MESSAGE][PASSED] - Text '' is set on object 'Object Repository/VLink/Page_CCSale/txt_ChargeDescription'

2022-04-18 13:00:41 - [MESSAGE][PASSED] - Text '' is set on object 'Object Repository/VLink/Page_CCSale/txt_CAN'

2022-04-18 13:00:42 - [MESSAGE][PASSED] - Text '' is set on object 'Object Repository/VLink/Page_CCSale/txt_BillPaymentIndicator'

2022-04-18 13:00:43 - [MESSAGE][PASSED] - Text '' is set on object 'Object Repository/VLink/Page_CCSale/txt_UDF1'

2022-04-18 13:00:43 - [MESSAGE][PASSED] - Text '' is set on object 'Object Repository/VLink/Page_CCSale/txt_UDF2'

2022-04-18 13:00:44 - [MESSAGE][PASSED] - Text '' is set on object 'Object Repository/VLink/Page_CCSale/txt_UDF3'

2022-04-18 13:00:45 - [MESSAGE][PASSED] - Text '' is set on object 'Object Repository/VLink/Page_CCSale/txt_UDF4'

2022-04-18 13:00:45 - [MESSAGE][PASSED] - Text '' is set on object 'Object Repository/VLink/Page_CCSale/txt_UDF5'

2022-04-18 13:00:46 - [MESSAGE][PASSED] - Text '' is set on object 'Object Repository/VLink/Page_CCSale/txt_UDF6'

2022-04-18 13:00:47 - [MESSAGE][PASSED] - Text '' is set on object 'Object Repository/VLink/Page_CCSale/txt_UDF7'

2022-04-18 13:00:47 - [MESSAGE][PASSED] - Text '' is set on object 'Object Repository/VLink/Page_CCSale/txt_UDF8'

2022-04-18 13:00:48 - [MESSAGE][PASSED] - Text '' is set on object 'Object Repository/VLink/Page_CCSale/txt_UDF9'

2022-04-18 13:00:49 - [MESSAGE][PASSED] - Text '' is set on object 'Object Repository/VLink/Page_CCSale/txt_UDF10'

2022-04-18 13:00:50 - [MESSAGE][PASSED] - Text '1' is set on object 'Object Repository/VLink/Page_CCSale/txt_CardOnFileIndicator'

2022-04-18 13:00:50 - [MESSAGE][PASSED] - Text 'Subsequent' is set on object 'Object Repository/VLink/Page_CCSale/txt_StoredCredentialIndicator'

2022-04-18 13:00:51 - [MESSAGE][PASSED] - Text 'Scheduled' is set on object 'Object Repository/VLink/Page_CCSale/txt_COFScheduledIndicator'

2022-04-18 13:00:52 - [MESSAGE][PASSED] - Text 'Merchant' is set on object 'Object Repository/VLink/Page_CCSale/txt_COFTransactionInitiatedBy'

2022-04-18 13:00:53 - [MESSAGE][PASSED] - Object: 'Object Repository/VLink/Page_CCSale/btn_ProcessVLinkTransaction' is clicked on

2022-04-18 13:00:58 - [MESSAGE][PASSED] - vlinkPages.saleCCPage.setDataSCC is PASSED

2022-04-18 13:00:58 - [TEST_STEP][FAILED] - if (verifyTextPresent("Transaction approved, no errors", true)): Text 'Transaction approved, no errors' is not present on page  using regular expression (Root cause: com.kms.katalon.core.exception.StepFailedException: Text 'Transaction approved, no errors' is not present on page  using regular expression
	at com.kms.katalon.core.webui.keyword.internal.WebUIKeywordMain.stepFailed(WebUIKeywordMain.groovy:64)
	at com.kms.katalon.core.webui.keyword.builtin.VerifyTextPresentKeyword$_verifyTextPresent_closure1.doCall(VerifyTextPresentKeyword.groovy:79)
	at com.kms.katalon.core.webui.keyword.builtin.VerifyTextPresentKeyword$_verifyTextPresent_closure1.call(VerifyTextPresentKeyword.groovy)
	at com.kms.katalon.core.webui.keyword.internal.WebUIKeywordMain.runKeyword(WebUIKeywordMain.groovy:20)
	at com.kms.katalon.core.webui.keyword.builtin.VerifyTextPresentKeyword.verifyTextPresent(VerifyTextPresentKeyword.groovy:83)
	at com.kms.katalon.core.webui.keyword.builtin.VerifyTextPresentKeyword.execute(VerifyTextPresentKeyword.groovy:68)
	at com.kms.katalon.core.keyword.internal.KeywordExecutor.executeKeywordForPlatform(KeywordExecutor.groovy:74)
	at com.kms.katalon.core.webui.keyword.WebUiBuiltInKeywords.verifyTextPresent(WebUiBuiltInKeywords.groovy:1723)
	at com.kms.katalon.core.webui.keyword.WebUiBuiltInKeywords$verifyTextPresent$4.call(Unknown Source)
	at VLinkSale-Successful.run(VLinkSale-Successful:88)
	at com.kms.katalon.core.main.ScriptEngine.run(ScriptEngine.java:194)
	at com.kms.katalon.core.main.ScriptEngine.runScriptAsRawText(ScriptEngine.java:119)
	at com.kms.katalon.core.main.TestCaseExecutor.runScript(TestCaseExecutor.java:442)
	at com.kms.katalon.core.main.TestCaseExecutor.doExecute(TestCaseExecutor.java:433)
	at com.kms.katalon.core.main.TestCaseExecutor.processExecutionPhase(TestCaseExecutor.java:412)
	at com.kms.katalon.core.main.TestCaseExecutor.accessMainPhase(TestCaseExecutor.java:404)
	at com.kms.katalon.core.main.TestCaseExecutor.execute(TestCaseExecutor.java:281)
	at com.kms.katalon.core.main.TestSuiteExecutor.accessTestCaseMainPhase(TestSuiteExecutor.java:202)
	at com.kms.katalon.core.main.TestSuiteExecutor.accessTestSuiteMainPhase(TestSuiteExecutor.java:164)
	at com.kms.katalon.core.main.TestSuiteExecutor.execute(TestSuiteExecutor.java:105)
	at com.kms.katalon.core.main.TestCaseMain.startTestSuite(TestCaseMain.java:185)
	at com.kms.katalon.core.main.TestCaseMain$startTestSuite$0.call(Unknown Source)
	at TempTestSuite1650298796406.run(TempTestSuite1650298796406.groovy:36)
)

2022-04-18 13:00:58 - [MESSAGE][FAILED] - Text 'Transaction approved, no errors' is not present on page  using regular expression (Root cause: com.kms.katalon.core.exception.StepFailedException: Text 'Transaction approved, no errors' is not present on page  using regular expression
	at com.kms.katalon.core.webui.keyword.internal.WebUIKeywordMain.stepFailed(WebUIKeywordMain.groovy:64)
	at com.kms.katalon.core.webui.keyword.builtin.VerifyTextPresentKeyword$_verifyTextPresent_closure1.doCall(VerifyTextPresentKeyword.groovy:79)
	at com.kms.katalon.core.webui.keyword.builtin.VerifyTextPresentKeyword$_verifyTextPresent_closure1.call(VerifyTextPresentKeyword.groovy)
	at com.kms.katalon.core.webui.keyword.internal.WebUIKeywordMain.runKeyword(WebUIKeywordMain.groovy:20)
	at com.kms.katalon.core.webui.keyword.builtin.VerifyTextPresentKeyword.verifyTextPresent(VerifyTextPresentKeyword.groovy:83)
	at com.kms.katalon.core.webui.keyword.builtin.VerifyTextPresentKeyword.execute(VerifyTextPresentKeyword.groovy:68)
	at com.kms.katalon.core.keyword.internal.KeywordExecutor.executeKeywordForPlatform(KeywordExecutor.groovy:74)
	at com.kms.katalon.core.webui.keyword.WebUiBuiltInKeywords.verifyTextPresent(WebUiBuiltInKeywords.groovy:1723)
	at com.kms.katalon.core.webui.keyword.WebUiBuiltInKeywords$verifyTextPresent$4.call(Unknown Source)
	at VLinkSale-Successful.run(VLinkSale-Successful:88)
	at com.kms.katalon.core.main.ScriptEngine.run(ScriptEngine.java:194)
	at com.kms.katalon.core.main.ScriptEngine.runScriptAsRawText(ScriptEngine.java:119)
	at com.kms.katalon.core.main.TestCaseExecutor.runScript(TestCaseExecutor.java:442)
	at com.kms.katalon.core.main.TestCaseExecutor.doExecute(TestCaseExecutor.java:433)
	at com.kms.katalon.core.main.TestCaseExecutor.processExecutionPhase(TestCaseExecutor.java:412)
	at com.kms.katalon.core.main.TestCaseExecutor.accessMainPhase(TestCaseExecutor.java:404)
	at com.kms.katalon.core.main.TestCaseExecutor.execute(TestCaseExecutor.java:281)
	at com.kms.katalon.core.main.TestSuiteExecutor.accessTestCaseMainPhase(TestSuiteExecutor.java:202)
	at com.kms.katalon.core.main.TestSuiteExecutor.accessTestSuiteMainPhase(TestSuiteExecutor.java:164)
	at com.kms.katalon.core.main.TestSuiteExecutor.execute(TestSuiteExecutor.java:105)
	at com.kms.katalon.core.main.TestCaseMain.startTestSuite(TestCaseMain.java:185)
	at com.kms.katalon.core.main.TestCaseMain$startTestSuite$0.call(Unknown Source)
	at TempTestSuite1650298796406.run(TempTestSuite1650298796406.groovy:36)
)

2022-04-18 13:00:58 - [TEST_STEP][PASSED] - else: pages.WriteExcel.demoKey is PASSED

2022-04-18 13:00:58 - [TEST_STEP][PASSED] - println("Transaction Approved, no errors text is not present on the Confirmation page"): null

2022-04-18 13:00:58 - [TEST_STEP][PASSED] - out.println("Fail Record Number: " + row): null

2022-04-18 13:00:58 - [TEST_STEP][PASSED] - resText = "Fail": null

2022-04-18 13:00:58 - [TEST_STEP][PASSED] - pages.WriteExcel.demoKey(resText, datText, resColumn, datCloumn, fileLoc, nameSheet, row): pages.WriteExcel.demoKey is PASSED

2022-04-18 13:00:58 - [MESSAGE][PASSED] - pages.WriteExcel.demoKey is PASSED

2022-04-18 13:00:58 - [TEST_STEP][PASSED] - sdfo = getText(findTestObject("Object Repository/Page_VLinkReceipt/pre_STX")): Text of object 'Object Repository/Page_VLinkReceipt/pre_STX' is: '<STX>A3Lmmoiy9QpX                  12114946            2  Transaction failed                                101Card type not valid                                                                        <ETX>'

2022-04-18 13:00:59 - [MESSAGE][PASSED] - Text of object 'Object Repository/Page_VLinkReceipt/pre_STX' is: '<STX>A3Lmmoiy9QpX                  12114946            2  Transaction failed                                101Card type not valid                                                                        <ETX>'

2022-04-18 13:00:59 - [TEST_STEP][PASSED] - out.println("sdfo: " + sdfo): null

2022-04-18 13:00:59 - [TEST_STEP][PASSED] - remID = substring(5, 35).trim(): null

2022-04-18 13:00:59 - [TEST_STEP][PASSED] - out.println("Remittance ID: " + remID): null

2022-04-18 13:00:59 - [TEST_STEP][PASSED] - traxID = substring(35, 55).trim(): null

2022-04-18 13:00:59 - [TEST_STEP][PASSED] - out.println("Transaction ID: " + traxID): null

2022-04-18 13:00:59 - [TEST_STEP][PASSED] - out.println("End Record Number: " + row): null

2022-04-18 13:00:59 - [TEST_STEP][PASSED] - closeBrowser(): Browser is closed

2022-04-18 13:00:59 - [MESSAGE][PASSED] - Browser is closed

2022-04-18 13:00:59 - [TEST_STEP][PASSED] - ExecuteTC = findTestData(dataFile).getValue("Execute", row): null

2022-04-18 13:00:59 - [TEST_STEP][PASSED] - out.println("Value of Execute is : " + ExecuteTC): null

2022-04-18 13:00:59 - [TEST_STEP][PASSED] - if (ExecuteTC.equalsIgnoreCase("Y")): Browser is closed

2022-04-18 13:00:59 - [TEST_STEP][PASSED] - out.println("Begin Record Number: " + row): null

2022-04-18 13:00:59 - [TEST_STEP][PASSED] - today = new java.util.Date(): null

2022-04-18 13:00:59 - [TEST_STEP][PASSED] - println(today): null

2022-04-18 13:00:59 - [TEST_STEP][PASSED] - datText = today: null

2022-04-18 13:00:59 - [TEST_STEP][PASSED] - openBrowser(VLinkURL + "authcap.html"): Browser is opened with url: 'https://dev-algorithm.govolution.com/vlinktest/QA/version_2_0/authcap.html'

2022-04-18 13:00:59 - [MESSAGE][INFO] - Starting 'Chrome' driver

2022-04-18 13:00:59 - [MESSAGE][INFO] - User set preference: ['acceptInsecureCerts', 'true']

2022-04-18 13:00:59 - [MESSAGE][INFO] - Action delay is set to 0 milliseconds

2022-04-18 13:01:01 - [MESSAGE][PASSED] - Browser is opened with url: 'https://dev-algorithm.govolution.com/vlinktest/QA/version_2_0/authcap.html'

2022-04-18 13:01:01 - [TEST_STEP][PASSED] - maximizeWindow(): Current window maximized

2022-04-18 13:01:01 - [MESSAGE][PASSED] - Current window maximized

2022-04-18 13:01:01 - [TEST_STEP][PASSED] - vlinkPages.saleCCPage.setDataSCC(row, dataFile): vlinkPages.saleCCPage.setDataSCC is PASSED

2022-04-18 13:01:04 - [MESSAGE][PASSED] - Object 'Object Repository/VLink/Page_CCSale/txt_CardNumber' is present

2022-04-18 13:01:05 - [MESSAGE][PASSED] - Text '104' is set on object 'Object Repository/VLink/Page_CCSale/txt_TransactionType'

2022-04-18 13:01:05 - [MESSAGE][PASSED] - Text '2.0C' is set on object 'Object Repository/VLink/Page_CCSale/txt_MessageVersion'

2022-04-18 13:01:06 - [MESSAGE][PASSED] - Text 'AXMUKHDWXUoK' is set on object 'Object Repository/VLink/Page_CCSale/txt_RemID'

2022-04-18 13:01:07 - [MESSAGE][PASSED] - Text '665' is set on object 'Object Repository/VLink/Page_CCSale/txt_ApplicationId'

2022-04-18 13:01:07 - [MESSAGE][PASSED] - Text 'username' is set on object 'Object Repository/VLink/Page_CCSale/txt_Username'

2022-04-18 13:01:08 - [MESSAGE][PASSED] - Text 'password' is set on object 'Object Repository/VLink/Page_CCSale/txt_Password'

2022-04-18 13:01:08 - [MESSAGE][PASSED] - Text 'fixed_width' is set on object 'Object Repository/VLink/Page_CCSale/txt_ResponseFormat'

2022-04-18 13:01:09 - [MESSAGE][PASSED] - Text 'MOTO' is set on object 'Object Repository/VLink/Page_CCSale/txt_Category'

2022-04-18 13:01:10 - [MESSAGE][PASSED] - Text '' is set on object 'Object Repository/VLink/Page_CCSale/txt_TransactionID'

2022-04-18 13:01:10 - [MESSAGE][PASSED] - Text '' is set on object 'Object Repository/VLink/Page_CCSale/txt_ApprovalCode'

2022-04-18 13:01:11 - [MESSAGE][PASSED] - Text 'Kris Roshan' is set on object 'Object Repository/VLink/Page_CCSale/txt_CardName'

2022-04-18 13:01:12 - [MESSAGE][PASSED] - Text '258 Elm Road' is set on object 'Object Repository/VLink/Page_CCSale/txt_AL1'

2022-04-18 13:01:12 - [MESSAGE][PASSED] - Text 'Suite 56' is set on object 'Object Repository/VLink/Page_CCSale/txt_AL2'

2022-04-18 13:01:13 - [MESSAGE][PASSED] - Text 'Arlington' is set on object 'Object Repository/VLink/Page_CCSale/txt_CardCity'

2022-04-18 13:01:14 - [MESSAGE][PASSED] - Text 'VA' is set on object 'Object Repository/VLink/Page_CCSale/txt_CardState'

2022-04-18 13:01:14 - [MESSAGE][PASSED] - Text '22201' is set on object 'Object Repository/VLink/Page_CCSale/txt_CardZIP'

2022-04-18 13:01:15 - [MESSAGE][PASSED] - Text '840' is set on object 'Object Repository/VLink/Page_CCSale/txt_CountryID'

2022-04-18 13:01:16 - [MESSAGE][PASSED] - Text '1.50' is set on object 'Object Repository/VLink/Page_CCSale/txt_Amount'

2022-04-18 13:01:17 - [MESSAGE][PASSED] - Text '5424000000000015' is set on object 'Object Repository/VLink/Page_CCSale/txt_CardNumber'

2022-04-18 13:01:17 - [MESSAGE][PASSED] - Text '12' is set on object 'Object Repository/VLink/Page_CCSale/txt_ExpMonth'

2022-04-18 13:01:18 - [MESSAGE][PASSED] - Text '2025' is set on object 'Object Repository/VLink/Page_CCSale/txt_ExpYear'

2022-04-18 13:01:19 - [MESSAGE][PASSED] - Text '' is set on object 'Object Repository/VLink/Page_CCSale/txt_CVV'

2022-04-18 13:01:19 - [MESSAGE][PASSED] - Text '' is set on object 'Object Repository/VLink/Page_CCSale/txt_CVVstate'

2022-04-18 13:01:20 - [MESSAGE][PASSED] - Text '' is set on object 'Object Repository/VLink/Page_CCSale/txt_TrackData'

2022-04-18 13:01:21 - [MESSAGE][PASSED] - Text '' is set on object 'Object Repository/VLink/Page_CCSale/txt_Track1Data'

2022-04-18 13:01:22 - [MESSAGE][PASSED] - Text '' is set on object 'Object Repository/VLink/Page_CCSale/txt_Track2Data'

2022-04-18 13:01:22 - [MESSAGE][PASSED] - Text 'manual' is set on object 'Object Repository/VLink/Page_CCSale/txt_POSEntryMode'

2022-04-18 13:01:23 - [MESSAGE][PASSED] - Text 'iahmed@govolution.com' is set on object 'Object Repository/VLink/Page_CCSale/txt_Email'

2022-04-18 13:01:24 - [MESSAGE][PASSED] - Text '2569362' is set on object 'Object Repository/VLink/Page_CCSale/txt_OrderNumber'

2022-04-18 13:01:24 - [MESSAGE][PASSED] - Text '1.15' is set on object 'Object Repository/VLink/Page_CCSale/txt_TaxAmount'

2022-04-18 13:01:25 - [MESSAGE][PASSED] - Text 'Charge Description' is set on object 'Object Repository/VLink/Page_CCSale/txt_ChargeDescription'

2022-04-18 13:01:26 - [MESSAGE][PASSED] - Text '147357' is set on object 'Object Repository/VLink/Page_CCSale/txt_CAN'

2022-04-18 13:01:26 - [MESSAGE][PASSED] - Text '1' is set on object 'Object Repository/VLink/Page_CCSale/txt_BillPaymentIndicator'

2022-04-18 13:01:27 - [MESSAGE][PASSED] - Text 'UDF Data 1' is set on object 'Object Repository/VLink/Page_CCSale/txt_UDF1'

2022-04-18 13:01:28 - [MESSAGE][PASSED] - Text 'UDF Data 2' is set on object 'Object Repository/VLink/Page_CCSale/txt_UDF2'

2022-04-18 13:01:29 - [MESSAGE][PASSED] - Text 'UDF Data 3' is set on object 'Object Repository/VLink/Page_CCSale/txt_UDF3'

2022-04-18 13:01:29 - [MESSAGE][PASSED] - Text 'UDF Data 4' is set on object 'Object Repository/VLink/Page_CCSale/txt_UDF4'

2022-04-18 13:01:30 - [MESSAGE][PASSED] - Text 'UDF Data 5' is set on object 'Object Repository/VLink/Page_CCSale/txt_UDF5'

2022-04-18 13:01:31 - [MESSAGE][PASSED] - Text 'UDF Data 6' is set on object 'Object Repository/VLink/Page_CCSale/txt_UDF6'

2022-04-18 13:01:31 - [MESSAGE][PASSED] - Text 'UDF Data 7' is set on object 'Object Repository/VLink/Page_CCSale/txt_UDF7'

2022-04-18 13:01:32 - [MESSAGE][PASSED] - Text 'UDF Data 8' is set on object 'Object Repository/VLink/Page_CCSale/txt_UDF8'

2022-04-18 13:01:33 - [MESSAGE][PASSED] - Text 'UDF Data 9' is set on object 'Object Repository/VLink/Page_CCSale/txt_UDF9'

2022-04-18 13:01:34 - [MESSAGE][PASSED] - Text 'UDF Data 10' is set on object 'Object Repository/VLink/Page_CCSale/txt_UDF10'

2022-04-18 13:01:34 - [MESSAGE][PASSED] - Text '1' is set on object 'Object Repository/VLink/Page_CCSale/txt_CardOnFileIndicator'

2022-04-18 13:01:35 - [MESSAGE][PASSED] - Text 'Subsequent' is set on object 'Object Repository/VLink/Page_CCSale/txt_StoredCredentialIndicator'

2022-04-18 13:01:36 - [MESSAGE][PASSED] - Text 'Scheduled' is set on object 'Object Repository/VLink/Page_CCSale/txt_COFScheduledIndicator'

2022-04-18 13:01:36 - [MESSAGE][PASSED] - Text 'Merchant' is set on object 'Object Repository/VLink/Page_CCSale/txt_COFTransactionInitiatedBy'

2022-04-18 13:01:39 - [MESSAGE][PASSED] - Object: 'Object Repository/VLink/Page_CCSale/btn_ProcessVLinkTransaction' is clicked on

2022-04-18 13:01:44 - [MESSAGE][PASSED] - vlinkPages.saleCCPage.setDataSCC is PASSED

2022-04-18 13:01:44 - [TEST_STEP][PASSED] - if (verifyTextPresent("Transaction approved, no errors", true)): null

2022-04-18 13:01:44 - [MESSAGE][PASSED] - Text 'Transaction approved, no errors' is present on page  using regular expression

2022-04-18 13:01:44 - [TEST_STEP][PASSED] - println("Transaction Approved, no errors text is present on the Confirmation page"): null

2022-04-18 13:01:44 - [TEST_STEP][PASSED] - out.println("Pass Record Number: " + row): null

2022-04-18 13:01:44 - [TEST_STEP][PASSED] - resText = "Pass": null

2022-04-18 13:01:44 - [TEST_STEP][PASSED] - pages.WriteExcel.demoKey(resText, datText, resColumn, datCloumn, fileLoc, nameSheet, row): pages.WriteExcel.demoKey is PASSED

2022-04-18 13:01:45 - [MESSAGE][PASSED] - pages.WriteExcel.demoKey is PASSED

2022-04-18 13:01:45 - [TEST_STEP][PASSED] - sdfo = getText(findTestObject("Object Repository/Page_VLinkReceipt/pre_STX")): Text of object 'Object Repository/Page_VLinkReceipt/pre_STX' is: '<STX>AXMUKHDWXUoK                  12114947            0  Transaction approved, no errors                   0                                                                                  X OK9594   <ETX>'

2022-04-18 13:01:45 - [MESSAGE][PASSED] - Text of object 'Object Repository/Page_VLinkReceipt/pre_STX' is: '<STX>AXMUKHDWXUoK                  12114947            0  Transaction approved, no errors                   0                                                                                  X OK9594   <ETX>'

2022-04-18 13:01:45 - [TEST_STEP][PASSED] - out.println("sdfo: " + sdfo): null

2022-04-18 13:01:45 - [TEST_STEP][PASSED] - remID = substring(5, 35).trim(): null

2022-04-18 13:01:45 - [TEST_STEP][PASSED] - out.println("Remittance ID: " + remID): null

2022-04-18 13:01:45 - [TEST_STEP][PASSED] - traxID = substring(35, 55).trim(): null

2022-04-18 13:01:45 - [TEST_STEP][PASSED] - out.println("Transaction ID: " + traxID): null

2022-04-18 13:01:45 - [TEST_STEP][PASSED] - out.println("End Record Number: " + row): null

2022-04-18 13:01:45 - [TEST_STEP][PASSED] - closeBrowser(): Browser is closed

2022-04-18 13:01:46 - [MESSAGE][PASSED] - Browser is closed

2022-04-18 13:01:46 - [TEST_STEP][PASSED] - ExecuteTC = findTestData(dataFile).getValue("Execute", row): null

2022-04-18 13:01:46 - [TEST_STEP][PASSED] - out.println("Value of Execute is : " + ExecuteTC): null

2022-04-18 13:01:46 - [TEST_STEP][PASSED] - if (ExecuteTC.equalsIgnoreCase("Y")): Browser is closed

2022-04-18 13:01:46 - [TEST_STEP][PASSED] - out.println("Begin Record Number: " + row): null

2022-04-18 13:01:46 - [TEST_STEP][PASSED] - today = new java.util.Date(): null

2022-04-18 13:01:46 - [TEST_STEP][PASSED] - println(today): null

2022-04-18 13:01:46 - [TEST_STEP][PASSED] - datText = today: null

2022-04-18 13:01:46 - [TEST_STEP][PASSED] - openBrowser(VLinkURL + "authcap.html"): Browser is opened with url: 'https://dev-algorithm.govolution.com/vlinktest/QA/version_2_0/authcap.html'

2022-04-18 13:01:46 - [MESSAGE][INFO] - Starting 'Chrome' driver

2022-04-18 13:01:46 - [MESSAGE][INFO] - User set preference: ['acceptInsecureCerts', 'true']

2022-04-18 13:01:46 - [MESSAGE][INFO] - Action delay is set to 0 milliseconds

2022-04-18 13:01:48 - [MESSAGE][PASSED] - Browser is opened with url: 'https://dev-algorithm.govolution.com/vlinktest/QA/version_2_0/authcap.html'

2022-04-18 13:01:48 - [TEST_STEP][PASSED] - maximizeWindow(): Current window maximized

2022-04-18 13:01:48 - [MESSAGE][PASSED] - Current window maximized

2022-04-18 13:01:48 - [TEST_STEP][PASSED] - vlinkPages.saleCCPage.setDataSCC(row, dataFile): vlinkPages.saleCCPage.setDataSCC is PASSED

2022-04-18 13:01:50 - [MESSAGE][PASSED] - Object 'Object Repository/VLink/Page_CCSale/txt_CardNumber' is present

2022-04-18 13:01:51 - [MESSAGE][PASSED] - Text '104' is set on object 'Object Repository/VLink/Page_CCSale/txt_TransactionType'

2022-04-18 13:01:52 - [MESSAGE][PASSED] - Text '2.0C' is set on object 'Object Repository/VLink/Page_CCSale/txt_MessageVersion'

2022-04-18 13:01:52 - [MESSAGE][PASSED] - Text 'cCl9AO2iRVSE' is set on object 'Object Repository/VLink/Page_CCSale/txt_RemID'

2022-04-18 13:01:53 - [MESSAGE][PASSED] - Text '665' is set on object 'Object Repository/VLink/Page_CCSale/txt_ApplicationId'

2022-04-18 13:01:54 - [MESSAGE][PASSED] - Text 'username' is set on object 'Object Repository/VLink/Page_CCSale/txt_Username'

2022-04-18 13:01:54 - [MESSAGE][PASSED] - Text 'password' is set on object 'Object Repository/VLink/Page_CCSale/txt_Password'

2022-04-18 13:01:55 - [MESSAGE][PASSED] - Text 'fixed_width' is set on object 'Object Repository/VLink/Page_CCSale/txt_ResponseFormat'

2022-04-18 13:01:55 - [MESSAGE][PASSED] - Text 'MOTO' is set on object 'Object Repository/VLink/Page_CCSale/txt_Category'

2022-04-18 13:01:56 - [MESSAGE][PASSED] - Text '' is set on object 'Object Repository/VLink/Page_CCSale/txt_TransactionID'

2022-04-18 13:01:57 - [MESSAGE][PASSED] - Text '' is set on object 'Object Repository/VLink/Page_CCSale/txt_ApprovalCode'

2022-04-18 13:01:57 - [MESSAGE][PASSED] - Text 'Roshan Maha' is set on object 'Object Repository/VLink/Page_CCSale/txt_CardName'

2022-04-18 13:01:58 - [MESSAGE][PASSED] - Text '12563 Bazaar road' is set on object 'Object Repository/VLink/Page_CCSale/txt_AL1'

2022-04-18 13:01:59 - [MESSAGE][PASSED] - Text '' is set on object 'Object Repository/VLink/Page_CCSale/txt_AL2'

2022-04-18 13:01:59 - [MESSAGE][PASSED] - Text 'Crofton' is set on object 'Object Repository/VLink/Page_CCSale/txt_CardCity'

2022-04-18 13:02:00 - [MESSAGE][PASSED] - Text 'MD' is set on object 'Object Repository/VLink/Page_CCSale/txt_CardState'

2022-04-18 13:02:01 - [MESSAGE][PASSED] - Text '21114' is set on object 'Object Repository/VLink/Page_CCSale/txt_CardZIP'

2022-04-18 13:02:01 - [MESSAGE][PASSED] - Text '' is set on object 'Object Repository/VLink/Page_CCSale/txt_CountryID'

2022-04-18 13:02:02 - [MESSAGE][PASSED] - Text '3.50' is set on object 'Object Repository/VLink/Page_CCSale/txt_Amount'

2022-04-18 13:02:03 - [MESSAGE][PASSED] - Text '370000000000002' is set on object 'Object Repository/VLink/Page_CCSale/txt_CardNumber'

2022-04-18 13:02:03 - [MESSAGE][PASSED] - Text '01' is set on object 'Object Repository/VLink/Page_CCSale/txt_ExpMonth'

2022-04-18 13:02:04 - [MESSAGE][PASSED] - Text '2026' is set on object 'Object Repository/VLink/Page_CCSale/txt_ExpYear'

2022-04-18 13:02:05 - [MESSAGE][PASSED] - Text '' is set on object 'Object Repository/VLink/Page_CCSale/txt_CVV'

2022-04-18 13:02:06 - [MESSAGE][PASSED] - Text '' is set on object 'Object Repository/VLink/Page_CCSale/txt_CVVstate'

2022-04-18 13:02:06 - [MESSAGE][PASSED] - Text '' is set on object 'Object Repository/VLink/Page_CCSale/txt_TrackData'

2022-04-18 13:02:07 - [MESSAGE][PASSED] - Text '' is set on object 'Object Repository/VLink/Page_CCSale/txt_Track1Data'

2022-04-18 13:02:08 - [MESSAGE][PASSED] - Text '' is set on object 'Object Repository/VLink/Page_CCSale/txt_Track2Data'

2022-04-18 13:02:08 - [MESSAGE][PASSED] - Text 'manual' is set on object 'Object Repository/VLink/Page_CCSale/txt_POSEntryMode'

2022-04-18 13:02:09 - [MESSAGE][PASSED] - Text '' is set on object 'Object Repository/VLink/Page_CCSale/txt_Email'

2022-04-18 13:02:10 - [MESSAGE][PASSED] - Text '' is set on object 'Object Repository/VLink/Page_CCSale/txt_OrderNumber'

2022-04-18 13:02:10 - [MESSAGE][PASSED] - Text '' is set on object 'Object Repository/VLink/Page_CCSale/txt_TaxAmount'

2022-04-18 13:02:11 - [MESSAGE][PASSED] - Text '' is set on object 'Object Repository/VLink/Page_CCSale/txt_ChargeDescription'

2022-04-18 13:02:12 - [MESSAGE][PASSED] - Text '' is set on object 'Object Repository/VLink/Page_CCSale/txt_CAN'

2022-04-18 13:02:13 - [MESSAGE][PASSED] - Text '' is set on object 'Object Repository/VLink/Page_CCSale/txt_BillPaymentIndicator'

2022-04-18 13:02:13 - [MESSAGE][PASSED] - Text '' is set on object 'Object Repository/VLink/Page_CCSale/txt_UDF1'

2022-04-18 13:02:14 - [MESSAGE][PASSED] - Text '' is set on object 'Object Repository/VLink/Page_CCSale/txt_UDF2'

2022-04-18 13:02:15 - [MESSAGE][PASSED] - Text '' is set on object 'Object Repository/VLink/Page_CCSale/txt_UDF3'

2022-04-18 13:02:15 - [MESSAGE][PASSED] - Text '' is set on object 'Object Repository/VLink/Page_CCSale/txt_UDF4'

2022-04-18 13:02:16 - [MESSAGE][PASSED] - Text '' is set on object 'Object Repository/VLink/Page_CCSale/txt_UDF5'

2022-04-18 13:02:17 - [MESSAGE][PASSED] - Text '' is set on object 'Object Repository/VLink/Page_CCSale/txt_UDF6'

2022-04-18 13:02:17 - [MESSAGE][PASSED] - Text '' is set on object 'Object Repository/VLink/Page_CCSale/txt_UDF7'

2022-04-18 13:02:18 - [MESSAGE][PASSED] - Text '' is set on object 'Object Repository/VLink/Page_CCSale/txt_UDF8'

2022-04-18 13:02:19 - [MESSAGE][PASSED] - Text '' is set on object 'Object Repository/VLink/Page_CCSale/txt_UDF9'

2022-04-18 13:02:20 - [MESSAGE][PASSED] - Text '' is set on object 'Object Repository/VLink/Page_CCSale/txt_UDF10'

2022-04-18 13:02:20 - [MESSAGE][PASSED] - Text '1' is set on object 'Object Repository/VLink/Page_CCSale/txt_CardOnFileIndicator'

2022-04-18 13:02:21 - [MESSAGE][PASSED] - Text 'Subsequent' is set on object 'Object Repository/VLink/Page_CCSale/txt_StoredCredentialIndicator'

2022-04-18 13:02:22 - [MESSAGE][PASSED] - Text 'Scheduled' is set on object 'Object Repository/VLink/Page_CCSale/txt_COFScheduledIndicator'

2022-04-18 13:02:22 - [MESSAGE][PASSED] - Text 'Merchant' is set on object 'Object Repository/VLink/Page_CCSale/txt_COFTransactionInitiatedBy'

2022-04-18 13:02:25 - [MESSAGE][PASSED] - Object: 'Object Repository/VLink/Page_CCSale/btn_ProcessVLinkTransaction' is clicked on

2022-04-18 13:02:30 - [MESSAGE][PASSED] - vlinkPages.saleCCPage.setDataSCC is PASSED

2022-04-18 13:02:30 - [TEST_STEP][PASSED] - if (verifyTextPresent("Transaction approved, no errors", true)): null

2022-04-18 13:02:31 - [MESSAGE][PASSED] - Text 'Transaction approved, no errors' is present on page  using regular expression

2022-04-18 13:02:31 - [TEST_STEP][PASSED] - println("Transaction Approved, no errors text is present on the Confirmation page"): null

2022-04-18 13:02:31 - [TEST_STEP][PASSED] - out.println("Pass Record Number: " + row): null

2022-04-18 13:02:31 - [TEST_STEP][PASSED] - resText = "Pass": null

2022-04-18 13:02:31 - [TEST_STEP][PASSED] - pages.WriteExcel.demoKey(resText, datText, resColumn, datCloumn, fileLoc, nameSheet, row): pages.WriteExcel.demoKey is PASSED

2022-04-18 13:02:31 - [MESSAGE][PASSED] - pages.WriteExcel.demoKey is PASSED

2022-04-18 13:02:31 - [TEST_STEP][PASSED] - sdfo = getText(findTestObject("Object Repository/Page_VLinkReceipt/pre_STX")): Text of object 'Object Repository/Page_VLinkReceipt/pre_STX' is: '<STX>cCl9AO2iRVSE                  12114948            0  Transaction approved, no errors                   0                                                                                  X OK9784   <ETX>'

2022-04-18 13:02:31 - [MESSAGE][PASSED] - Text of object 'Object Repository/Page_VLinkReceipt/pre_STX' is: '<STX>cCl9AO2iRVSE                  12114948            0  Transaction approved, no errors                   0                                                                                  X OK9784   <ETX>'

2022-04-18 13:02:31 - [TEST_STEP][PASSED] - out.println("sdfo: " + sdfo): null

2022-04-18 13:02:31 - [TEST_STEP][PASSED] - remID = substring(5, 35).trim(): null

2022-04-18 13:02:31 - [TEST_STEP][PASSED] - out.println("Remittance ID: " + remID): null

2022-04-18 13:02:31 - [TEST_STEP][PASSED] - traxID = substring(35, 55).trim(): null

2022-04-18 13:02:31 - [TEST_STEP][PASSED] - out.println("Transaction ID: " + traxID): null

2022-04-18 13:02:31 - [TEST_STEP][PASSED] - out.println("End Record Number: " + row): null

2022-04-18 13:02:31 - [TEST_STEP][PASSED] - closeBrowser(): Browser is closed

2022-04-18 13:02:32 - [MESSAGE][PASSED] - Browser is closed

2022-04-18 13:02:32 - [TEST_STEP][PASSED] - ExecuteTC = findTestData(dataFile).getValue("Execute", row): null

2022-04-18 13:02:32 - [TEST_STEP][PASSED] - out.println("Value of Execute is : " + ExecuteTC): null

2022-04-18 13:02:32 - [TEST_STEP][PASSED] - if (ExecuteTC.equalsIgnoreCase("Y")): Browser is closed

2022-04-18 13:02:32 - [TEST_STEP][PASSED] - out.println("Begin Record Number: " + row): null

2022-04-18 13:02:32 - [TEST_STEP][PASSED] - today = new java.util.Date(): null

2022-04-18 13:02:32 - [TEST_STEP][PASSED] - println(today): null

2022-04-18 13:02:32 - [TEST_STEP][PASSED] - datText = today: null

2022-04-18 13:02:32 - [TEST_STEP][PASSED] - openBrowser(VLinkURL + "authcap.html"): Browser is opened with url: 'https://dev-algorithm.govolution.com/vlinktest/QA/version_2_0/authcap.html'

2022-04-18 13:02:32 - [MESSAGE][INFO] - Starting 'Chrome' driver

2022-04-18 13:02:32 - [MESSAGE][INFO] - User set preference: ['acceptInsecureCerts', 'true']

2022-04-18 13:02:32 - [MESSAGE][INFO] - Action delay is set to 0 milliseconds

2022-04-18 13:02:34 - [MESSAGE][PASSED] - Browser is opened with url: 'https://dev-algorithm.govolution.com/vlinktest/QA/version_2_0/authcap.html'

2022-04-18 13:02:34 - [TEST_STEP][PASSED] - maximizeWindow(): Current window maximized

2022-04-18 13:02:34 - [MESSAGE][PASSED] - Current window maximized

2022-04-18 13:02:34 - [TEST_STEP][PASSED] - vlinkPages.saleCCPage.setDataSCC(row, dataFile): vlinkPages.saleCCPage.setDataSCC is PASSED

2022-04-18 13:02:37 - [MESSAGE][PASSED] - Object 'Object Repository/VLink/Page_CCSale/txt_CardNumber' is present

2022-04-18 13:02:37 - [MESSAGE][PASSED] - Text '104' is set on object 'Object Repository/VLink/Page_CCSale/txt_TransactionType'

2022-04-18 13:02:38 - [MESSAGE][PASSED] - Text '2.0C' is set on object 'Object Repository/VLink/Page_CCSale/txt_MessageVersion'

2022-04-18 13:02:39 - [MESSAGE][PASSED] - Text '8WJS4uonR0vY' is set on object 'Object Repository/VLink/Page_CCSale/txt_RemID'

2022-04-18 13:02:39 - [MESSAGE][PASSED] - Text '665' is set on object 'Object Repository/VLink/Page_CCSale/txt_ApplicationId'

2022-04-18 13:02:40 - [MESSAGE][PASSED] - Text 'username' is set on object 'Object Repository/VLink/Page_CCSale/txt_Username'

2022-04-18 13:02:40 - [MESSAGE][PASSED] - Text 'password' is set on object 'Object Repository/VLink/Page_CCSale/txt_Password'

2022-04-18 13:02:41 - [MESSAGE][PASSED] - Text 'fixed_width' is set on object 'Object Repository/VLink/Page_CCSale/txt_ResponseFormat'

2022-04-18 13:02:42 - [MESSAGE][PASSED] - Text 'MOTO' is set on object 'Object Repository/VLink/Page_CCSale/txt_Category'

2022-04-18 13:02:42 - [MESSAGE][PASSED] - Text '' is set on object 'Object Repository/VLink/Page_CCSale/txt_TransactionID'

2022-04-18 13:02:43 - [MESSAGE][PASSED] - Text '' is set on object 'Object Repository/VLink/Page_CCSale/txt_ApprovalCode'

2022-04-18 13:02:44 - [MESSAGE][PASSED] - Text 'Kris Roshan' is set on object 'Object Repository/VLink/Page_CCSale/txt_CardName'

2022-04-18 13:02:44 - [MESSAGE][PASSED] - Text '258 Elm Road' is set on object 'Object Repository/VLink/Page_CCSale/txt_AL1'

2022-04-18 13:02:45 - [MESSAGE][PASSED] - Text 'Suite 56' is set on object 'Object Repository/VLink/Page_CCSale/txt_AL2'

2022-04-18 13:02:46 - [MESSAGE][PASSED] - Text 'Arlington' is set on object 'Object Repository/VLink/Page_CCSale/txt_CardCity'

2022-04-18 13:02:46 - [MESSAGE][PASSED] - Text 'VA' is set on object 'Object Repository/VLink/Page_CCSale/txt_CardState'

2022-04-18 13:02:47 - [MESSAGE][PASSED] - Text '22201' is set on object 'Object Repository/VLink/Page_CCSale/txt_CardZIP'

2022-04-18 13:02:48 - [MESSAGE][PASSED] - Text '840' is set on object 'Object Repository/VLink/Page_CCSale/txt_CountryID'

2022-04-18 13:02:49 - [MESSAGE][PASSED] - Text '1.50' is set on object 'Object Repository/VLink/Page_CCSale/txt_Amount'

2022-04-18 13:02:49 - [MESSAGE][PASSED] - Text '6011000000000004' is set on object 'Object Repository/VLink/Page_CCSale/txt_CardNumber'

2022-04-18 13:02:50 - [MESSAGE][PASSED] - Text '12' is set on object 'Object Repository/VLink/Page_CCSale/txt_ExpMonth'

2022-04-18 13:02:51 - [MESSAGE][PASSED] - Text '2025' is set on object 'Object Repository/VLink/Page_CCSale/txt_ExpYear'

2022-04-18 13:02:51 - [MESSAGE][PASSED] - Text '' is set on object 'Object Repository/VLink/Page_CCSale/txt_CVV'

2022-04-18 13:02:52 - [MESSAGE][PASSED] - Text '' is set on object 'Object Repository/VLink/Page_CCSale/txt_CVVstate'

2022-04-18 13:02:53 - [MESSAGE][PASSED] - Text '' is set on object 'Object Repository/VLink/Page_CCSale/txt_TrackData'

2022-04-18 13:02:53 - [MESSAGE][PASSED] - Text '' is set on object 'Object Repository/VLink/Page_CCSale/txt_Track1Data'

2022-04-18 13:02:54 - [MESSAGE][PASSED] - Text '' is set on object 'Object Repository/VLink/Page_CCSale/txt_Track2Data'

2022-04-18 13:02:55 - [MESSAGE][PASSED] - Text 'manual' is set on object 'Object Repository/VLink/Page_CCSale/txt_POSEntryMode'

2022-04-18 13:02:55 - [MESSAGE][PASSED] - Text 'iahmed@govolution.com' is set on object 'Object Repository/VLink/Page_CCSale/txt_Email'

2022-04-18 13:02:56 - [MESSAGE][PASSED] - Text '2569362' is set on object 'Object Repository/VLink/Page_CCSale/txt_OrderNumber'

2022-04-18 13:02:57 - [MESSAGE][PASSED] - Text '1.15' is set on object 'Object Repository/VLink/Page_CCSale/txt_TaxAmount'

2022-04-18 13:02:58 - [MESSAGE][PASSED] - Text 'Charge Description' is set on object 'Object Repository/VLink/Page_CCSale/txt_ChargeDescription'

2022-04-18 13:02:58 - [MESSAGE][PASSED] - Text '147357' is set on object 'Object Repository/VLink/Page_CCSale/txt_CAN'

2022-04-18 13:02:59 - [MESSAGE][PASSED] - Text '1' is set on object 'Object Repository/VLink/Page_CCSale/txt_BillPaymentIndicator'

2022-04-18 13:03:00 - [MESSAGE][PASSED] - Text 'UDF Data 1' is set on object 'Object Repository/VLink/Page_CCSale/txt_UDF1'

2022-04-18 13:03:00 - [MESSAGE][PASSED] - Text 'UDF Data 2' is set on object 'Object Repository/VLink/Page_CCSale/txt_UDF2'

2022-04-18 13:03:01 - [MESSAGE][PASSED] - Text 'UDF Data 3' is set on object 'Object Repository/VLink/Page_CCSale/txt_UDF3'

2022-04-18 13:03:02 - [MESSAGE][PASSED] - Text 'UDF Data 4' is set on object 'Object Repository/VLink/Page_CCSale/txt_UDF4'

2022-04-18 13:03:03 - [MESSAGE][PASSED] - Text 'UDF Data 5' is set on object 'Object Repository/VLink/Page_CCSale/txt_UDF5'

2022-04-18 13:03:03 - [MESSAGE][PASSED] - Text 'UDF Data 6' is set on object 'Object Repository/VLink/Page_CCSale/txt_UDF6'

2022-04-18 13:03:04 - [MESSAGE][PASSED] - Text 'UDF Data 7' is set on object 'Object Repository/VLink/Page_CCSale/txt_UDF7'

2022-04-18 13:03:05 - [MESSAGE][PASSED] - Text 'UDF Data 8' is set on object 'Object Repository/VLink/Page_CCSale/txt_UDF8'

2022-04-18 13:03:05 - [MESSAGE][PASSED] - Text 'UDF Data 9' is set on object 'Object Repository/VLink/Page_CCSale/txt_UDF9'

2022-04-18 13:03:06 - [MESSAGE][PASSED] - Text 'UDF Data 10' is set on object 'Object Repository/VLink/Page_CCSale/txt_UDF10'

2022-04-18 13:03:07 - [MESSAGE][PASSED] - Text '1' is set on object 'Object Repository/VLink/Page_CCSale/txt_CardOnFileIndicator'

2022-04-18 13:03:07 - [MESSAGE][PASSED] - Text 'Subsequent' is set on object 'Object Repository/VLink/Page_CCSale/txt_StoredCredentialIndicator'

2022-04-18 13:03:08 - [MESSAGE][PASSED] - Text 'Scheduled' is set on object 'Object Repository/VLink/Page_CCSale/txt_COFScheduledIndicator'

2022-04-18 13:03:09 - [MESSAGE][PASSED] - Text 'Merchant' is set on object 'Object Repository/VLink/Page_CCSale/txt_COFTransactionInitiatedBy'

2022-04-18 13:03:12 - [MESSAGE][PASSED] - Object: 'Object Repository/VLink/Page_CCSale/btn_ProcessVLinkTransaction' is clicked on

2022-04-18 13:03:17 - [MESSAGE][PASSED] - vlinkPages.saleCCPage.setDataSCC is PASSED

2022-04-18 13:03:17 - [TEST_STEP][PASSED] - if (verifyTextPresent("Transaction approved, no errors", true)): null

2022-04-18 13:03:17 - [MESSAGE][PASSED] - Text 'Transaction approved, no errors' is present on page  using regular expression

2022-04-18 13:03:17 - [TEST_STEP][PASSED] - println("Transaction Approved, no errors text is present on the Confirmation page"): null

2022-04-18 13:03:17 - [TEST_STEP][PASSED] - out.println("Pass Record Number: " + row): null

2022-04-18 13:03:17 - [TEST_STEP][PASSED] - resText = "Pass": null

2022-04-18 13:03:17 - [TEST_STEP][PASSED] - pages.WriteExcel.demoKey(resText, datText, resColumn, datCloumn, fileLoc, nameSheet, row): pages.WriteExcel.demoKey is PASSED

2022-04-18 13:03:17 - [MESSAGE][PASSED] - pages.WriteExcel.demoKey is PASSED

2022-04-18 13:03:17 - [TEST_STEP][PASSED] - sdfo = getText(findTestObject("Object Repository/Page_VLinkReceipt/pre_STX")): Text of object 'Object Repository/Page_VLinkReceipt/pre_STX' is: '<STX>8WJS4uonR0vY                  12114949            0  Transaction approved, no errors                   0                                                                                  X OK9964   <ETX>'

2022-04-18 13:03:17 - [MESSAGE][PASSED] - Text of object 'Object Repository/Page_VLinkReceipt/pre_STX' is: '<STX>8WJS4uonR0vY                  12114949            0  Transaction approved, no errors                   0                                                                                  X OK9964   <ETX>'

2022-04-18 13:03:17 - [TEST_STEP][PASSED] - out.println("sdfo: " + sdfo): null

2022-04-18 13:03:17 - [TEST_STEP][PASSED] - remID = substring(5, 35).trim(): null

2022-04-18 13:03:17 - [TEST_STEP][PASSED] - out.println("Remittance ID: " + remID): null

2022-04-18 13:03:17 - [TEST_STEP][PASSED] - traxID = substring(35, 55).trim(): null

2022-04-18 13:03:17 - [TEST_STEP][PASSED] - out.println("Transaction ID: " + traxID): null

2022-04-18 13:03:17 - [TEST_STEP][PASSED] - out.println("End Record Number: " + row): null

2022-04-18 13:03:17 - [TEST_STEP][PASSED] - closeBrowser(): Browser is closed

2022-04-18 13:03:18 - [MESSAGE][PASSED] - Browser is closed

2022-04-18 13:03:18 - [TEST_STEP][PASSED] - ExecuteTC = findTestData(dataFile).getValue("Execute", row): null

2022-04-18 13:03:18 - [TEST_STEP][PASSED] - out.println("Value of Execute is : " + ExecuteTC): null

2022-04-18 13:03:18 - [TEST_STEP][FAILED] - if (ExecuteTC.equalsIgnoreCase("Y")): null

2022-04-18 13:03:18 - [TEST_STEP][PASSED] - out.println("Begin Record Number: " + row): null

2022-04-18 13:03:18 - [TEST_STEP][PASSED] - today = new java.util.Date(): null

2022-04-18 13:03:18 - [TEST_STEP][PASSED] - println(today): null

2022-04-18 13:03:18 - [TEST_STEP][PASSED] - datText = today: null

2022-04-18 13:03:18 - [TEST_STEP][PASSED] - openBrowser(VLinkURL + "authcap.html"): Browser is opened with url: 'https://dev-algorithm.govolution.com/vlinktest/QA/version_2_0/authcap.html'

2022-04-18 13:03:18 - [MESSAGE][INFO] - Starting 'Chrome' driver

2022-04-18 13:03:18 - [MESSAGE][INFO] - User set preference: ['acceptInsecureCerts', 'true']

2022-04-18 13:03:18 - [MESSAGE][INFO] - Action delay is set to 0 milliseconds

2022-04-18 13:03:20 - [MESSAGE][PASSED] - Browser is opened with url: 'https://dev-algorithm.govolution.com/vlinktest/QA/version_2_0/authcap.html'

2022-04-18 13:03:20 - [TEST_STEP][PASSED] - maximizeWindow(): Current window maximized

2022-04-18 13:03:20 - [MESSAGE][PASSED] - Current window maximized

2022-04-18 13:03:20 - [TEST_STEP][PASSED] - vlinkPages.saleCCPage.setDataSCC(row, dataFile): vlinkPages.saleCCPage.setDataSCC is PASSED

2022-04-18 13:03:23 - [MESSAGE][PASSED] - Object 'Object Repository/VLink/Page_CCSale/txt_CardNumber' is present

2022-04-18 13:03:24 - [MESSAGE][PASSED] - Text '104' is set on object 'Object Repository/VLink/Page_CCSale/txt_TransactionType'

2022-04-18 13:03:24 - [MESSAGE][PASSED] - Text '2.0C' is set on object 'Object Repository/VLink/Page_CCSale/txt_MessageVersion'

2022-04-18 13:03:25 - [MESSAGE][PASSED] - Text 'G4K4WPyRcWMP' is set on object 'Object Repository/VLink/Page_CCSale/txt_RemID'

2022-04-18 13:03:26 - [MESSAGE][PASSED] - Text '665' is set on object 'Object Repository/VLink/Page_CCSale/txt_ApplicationId'

2022-04-18 13:03:26 - [MESSAGE][PASSED] - Text 'username' is set on object 'Object Repository/VLink/Page_CCSale/txt_Username'

2022-04-18 13:03:27 - [MESSAGE][PASSED] - Text 'password' is set on object 'Object Repository/VLink/Page_CCSale/txt_Password'

2022-04-18 13:03:27 - [MESSAGE][PASSED] - Text 'fixed_width' is set on object 'Object Repository/VLink/Page_CCSale/txt_ResponseFormat'

2022-04-18 13:03:28 - [MESSAGE][PASSED] - Text 'RETL' is set on object 'Object Repository/VLink/Page_CCSale/txt_Category'

2022-04-18 13:03:29 - [MESSAGE][PASSED] - Text '' is set on object 'Object Repository/VLink/Page_CCSale/txt_TransactionID'

2022-04-18 13:03:29 - [MESSAGE][PASSED] - Text '' is set on object 'Object Repository/VLink/Page_CCSale/txt_ApprovalCode'

2022-04-18 13:03:30 - [MESSAGE][PASSED] - Text 'Roshan Maha' is set on object 'Object Repository/VLink/Page_CCSale/txt_CardName'

2022-04-18 13:03:31 - [MESSAGE][PASSED] - Text '12563 Bazaar road' is set on object 'Object Repository/VLink/Page_CCSale/txt_AL1'

2022-04-18 13:03:32 - [MESSAGE][PASSED] - Text '' is set on object 'Object Repository/VLink/Page_CCSale/txt_AL2'

2022-04-18 13:03:32 - [MESSAGE][PASSED] - Text 'Crofton' is set on object 'Object Repository/VLink/Page_CCSale/txt_CardCity'

2022-04-18 13:03:33 - [MESSAGE][PASSED] - Text 'MD' is set on object 'Object Repository/VLink/Page_CCSale/txt_CardState'

2022-04-18 13:03:34 - [MESSAGE][PASSED] - Text '21114' is set on object 'Object Repository/VLink/Page_CCSale/txt_CardZIP'

2022-04-18 13:03:34 - [MESSAGE][PASSED] - Text '' is set on object 'Object Repository/VLink/Page_CCSale/txt_CountryID'

2022-04-18 13:03:35 - [MESSAGE][PASSED] - Text '3.50' is set on object 'Object Repository/VLink/Page_CCSale/txt_Amount'

2022-04-18 13:03:36 - [MESSAGE][PASSED] - Text '4111111111111111' is set on object 'Object Repository/VLink/Page_CCSale/txt_CardNumber'

2022-04-18 13:03:36 - [MESSAGE][PASSED] - Text '01' is set on object 'Object Repository/VLink/Page_CCSale/txt_ExpMonth'

2022-04-18 13:03:37 - [MESSAGE][PASSED] - Text '2026' is set on object 'Object Repository/VLink/Page_CCSale/txt_ExpYear'

2022-04-18 13:03:38 - [MESSAGE][PASSED] - Text '' is set on object 'Object Repository/VLink/Page_CCSale/txt_CVV'

2022-04-18 13:03:38 - [MESSAGE][PASSED] - Text '' is set on object 'Object Repository/VLink/Page_CCSale/txt_CVVstate'

2022-04-18 13:03:39 - [MESSAGE][PASSED] - Text '' is set on object 'Object Repository/VLink/Page_CCSale/txt_TrackData'

2022-04-18 13:03:40 - [MESSAGE][PASSED] - Text '' is set on object 'Object Repository/VLink/Page_CCSale/txt_Track1Data'

2022-04-18 13:03:40 - [MESSAGE][PASSED] - Text '' is set on object 'Object Repository/VLink/Page_CCSale/txt_Track2Data'

2022-04-18 13:03:41 - [MESSAGE][PASSED] - Text 'manual' is set on object 'Object Repository/VLink/Page_CCSale/txt_POSEntryMode'

2022-04-18 13:03:42 - [MESSAGE][PASSED] - Text '' is set on object 'Object Repository/VLink/Page_CCSale/txt_Email'

2022-04-18 13:03:42 - [MESSAGE][PASSED] - Text '' is set on object 'Object Repository/VLink/Page_CCSale/txt_OrderNumber'

2022-04-18 13:03:43 - [MESSAGE][PASSED] - Text '' is set on object 'Object Repository/VLink/Page_CCSale/txt_TaxAmount'

2022-04-18 13:03:44 - [MESSAGE][PASSED] - Text '' is set on object 'Object Repository/VLink/Page_CCSale/txt_ChargeDescription'

2022-04-18 13:03:44 - [MESSAGE][PASSED] - Text '' is set on object 'Object Repository/VLink/Page_CCSale/txt_CAN'

2022-04-18 13:03:45 - [MESSAGE][PASSED] - Text '' is set on object 'Object Repository/VLink/Page_CCSale/txt_BillPaymentIndicator'

2022-04-18 13:03:46 - [MESSAGE][PASSED] - Text '' is set on object 'Object Repository/VLink/Page_CCSale/txt_UDF1'

2022-04-18 13:03:46 - [MESSAGE][PASSED] - Text '' is set on object 'Object Repository/VLink/Page_CCSale/txt_UDF2'

2022-04-18 13:03:47 - [MESSAGE][PASSED] - Text '' is set on object 'Object Repository/VLink/Page_CCSale/txt_UDF3'

2022-04-18 13:03:48 - [MESSAGE][PASSED] - Text '' is set on object 'Object Repository/VLink/Page_CCSale/txt_UDF4'

2022-04-18 13:03:48 - [MESSAGE][PASSED] - Text '' is set on object 'Object Repository/VLink/Page_CCSale/txt_UDF5'

2022-04-18 13:03:49 - [MESSAGE][PASSED] - Text '' is set on object 'Object Repository/VLink/Page_CCSale/txt_UDF6'

2022-04-18 13:03:50 - [MESSAGE][PASSED] - Text '' is set on object 'Object Repository/VLink/Page_CCSale/txt_UDF7'

2022-04-18 13:03:51 - [MESSAGE][PASSED] - Text '' is set on object 'Object Repository/VLink/Page_CCSale/txt_UDF8'

2022-04-18 13:03:51 - [MESSAGE][PASSED] - Text '' is set on object 'Object Repository/VLink/Page_CCSale/txt_UDF9'

2022-04-18 13:03:52 - [MESSAGE][PASSED] - Text '' is set on object 'Object Repository/VLink/Page_CCSale/txt_UDF10'

2022-04-18 13:03:53 - [MESSAGE][PASSED] - Text '1' is set on object 'Object Repository/VLink/Page_CCSale/txt_CardOnFileIndicator'

2022-04-18 13:03:53 - [MESSAGE][PASSED] - Text 'Subsequent' is set on object 'Object Repository/VLink/Page_CCSale/txt_StoredCredentialIndicator'

2022-04-18 13:03:54 - [MESSAGE][PASSED] - Text 'Scheduled' is set on object 'Object Repository/VLink/Page_CCSale/txt_COFScheduledIndicator'

2022-04-18 13:03:55 - [MESSAGE][PASSED] - Text 'Merchant' is set on object 'Object Repository/VLink/Page_CCSale/txt_COFTransactionInitiatedBy'

2022-04-18 13:03:56 - [MESSAGE][PASSED] - Object: 'Object Repository/VLink/Page_CCSale/btn_ProcessVLinkTransaction' is clicked on

2022-04-18 13:04:01 - [MESSAGE][PASSED] - vlinkPages.saleCCPage.setDataSCC is PASSED

2022-04-18 13:04:01 - [TEST_STEP][FAILED] - if (verifyTextPresent("Transaction approved, no errors", true)): Text 'Transaction approved, no errors' is not present on page  using regular expression (Root cause: com.kms.katalon.core.exception.StepFailedException: Text 'Transaction approved, no errors' is not present on page  using regular expression
	at com.kms.katalon.core.webui.keyword.internal.WebUIKeywordMain.stepFailed(WebUIKeywordMain.groovy:64)
	at com.kms.katalon.core.webui.keyword.builtin.VerifyTextPresentKeyword$_verifyTextPresent_closure1.doCall(VerifyTextPresentKeyword.groovy:79)
	at com.kms.katalon.core.webui.keyword.builtin.VerifyTextPresentKeyword$_verifyTextPresent_closure1.call(VerifyTextPresentKeyword.groovy)
	at com.kms.katalon.core.webui.keyword.internal.WebUIKeywordMain.runKeyword(WebUIKeywordMain.groovy:20)
	at com.kms.katalon.core.webui.keyword.builtin.VerifyTextPresentKeyword.verifyTextPresent(VerifyTextPresentKeyword.groovy:83)
	at com.kms.katalon.core.webui.keyword.builtin.VerifyTextPresentKeyword.execute(VerifyTextPresentKeyword.groovy:68)
	at com.kms.katalon.core.keyword.internal.KeywordExecutor.executeKeywordForPlatform(KeywordExecutor.groovy:74)
	at com.kms.katalon.core.webui.keyword.WebUiBuiltInKeywords.verifyTextPresent(WebUiBuiltInKeywords.groovy:1723)
	at com.kms.katalon.core.webui.keyword.WebUiBuiltInKeywords$verifyTextPresent$4.call(Unknown Source)
	at VLinkSale-Successful.run(VLinkSale-Successful:88)
	at com.kms.katalon.core.main.ScriptEngine.run(ScriptEngine.java:194)
	at com.kms.katalon.core.main.ScriptEngine.runScriptAsRawText(ScriptEngine.java:119)
	at com.kms.katalon.core.main.TestCaseExecutor.runScript(TestCaseExecutor.java:442)
	at com.kms.katalon.core.main.TestCaseExecutor.doExecute(TestCaseExecutor.java:433)
	at com.kms.katalon.core.main.TestCaseExecutor.processExecutionPhase(TestCaseExecutor.java:412)
	at com.kms.katalon.core.main.TestCaseExecutor.accessMainPhase(TestCaseExecutor.java:404)
	at com.kms.katalon.core.main.TestCaseExecutor.execute(TestCaseExecutor.java:281)
	at com.kms.katalon.core.main.TestSuiteExecutor.accessTestCaseMainPhase(TestSuiteExecutor.java:202)
	at com.kms.katalon.core.main.TestSuiteExecutor.accessTestSuiteMainPhase(TestSuiteExecutor.java:164)
	at com.kms.katalon.core.main.TestSuiteExecutor.execute(TestSuiteExecutor.java:105)
	at com.kms.katalon.core.main.TestCaseMain.startTestSuite(TestCaseMain.java:185)
	at com.kms.katalon.core.main.TestCaseMain$startTestSuite$0.call(Unknown Source)
	at TempTestSuite1650298796406.run(TempTestSuite1650298796406.groovy:36)
)

2022-04-18 13:04:01 - [MESSAGE][FAILED] - Text 'Transaction approved, no errors' is not present on page  using regular expression (Root cause: com.kms.katalon.core.exception.StepFailedException: Text 'Transaction approved, no errors' is not present on page  using regular expression
	at com.kms.katalon.core.webui.keyword.internal.WebUIKeywordMain.stepFailed(WebUIKeywordMain.groovy:64)
	at com.kms.katalon.core.webui.keyword.builtin.VerifyTextPresentKeyword$_verifyTextPresent_closure1.doCall(VerifyTextPresentKeyword.groovy:79)
	at com.kms.katalon.core.webui.keyword.builtin.VerifyTextPresentKeyword$_verifyTextPresent_closure1.call(VerifyTextPresentKeyword.groovy)
	at com.kms.katalon.core.webui.keyword.internal.WebUIKeywordMain.runKeyword(WebUIKeywordMain.groovy:20)
	at com.kms.katalon.core.webui.keyword.builtin.VerifyTextPresentKeyword.verifyTextPresent(VerifyTextPresentKeyword.groovy:83)
	at com.kms.katalon.core.webui.keyword.builtin.VerifyTextPresentKeyword.execute(VerifyTextPresentKeyword.groovy:68)
	at com.kms.katalon.core.keyword.internal.KeywordExecutor.executeKeywordForPlatform(KeywordExecutor.groovy:74)
	at com.kms.katalon.core.webui.keyword.WebUiBuiltInKeywords.verifyTextPresent(WebUiBuiltInKeywords.groovy:1723)
	at com.kms.katalon.core.webui.keyword.WebUiBuiltInKeywords$verifyTextPresent$4.call(Unknown Source)
	at VLinkSale-Successful.run(VLinkSale-Successful:88)
	at com.kms.katalon.core.main.ScriptEngine.run(ScriptEngine.java:194)
	at com.kms.katalon.core.main.ScriptEngine.runScriptAsRawText(ScriptEngine.java:119)
	at com.kms.katalon.core.main.TestCaseExecutor.runScript(TestCaseExecutor.java:442)
	at com.kms.katalon.core.main.TestCaseExecutor.doExecute(TestCaseExecutor.java:433)
	at com.kms.katalon.core.main.TestCaseExecutor.processExecutionPhase(TestCaseExecutor.java:412)
	at com.kms.katalon.core.main.TestCaseExecutor.accessMainPhase(TestCaseExecutor.java:404)
	at com.kms.katalon.core.main.TestCaseExecutor.execute(TestCaseExecutor.java:281)
	at com.kms.katalon.core.main.TestSuiteExecutor.accessTestCaseMainPhase(TestSuiteExecutor.java:202)
	at com.kms.katalon.core.main.TestSuiteExecutor.accessTestSuiteMainPhase(TestSuiteExecutor.java:164)
	at com.kms.katalon.core.main.TestSuiteExecutor.execute(TestSuiteExecutor.java:105)
	at com.kms.katalon.core.main.TestCaseMain.startTestSuite(TestCaseMain.java:185)
	at com.kms.katalon.core.main.TestCaseMain$startTestSuite$0.call(Unknown Source)
	at TempTestSuite1650298796406.run(TempTestSuite1650298796406.groovy:36)
)

2022-04-18 13:04:01 - [TEST_STEP][PASSED] - else: pages.WriteExcel.demoKey is PASSED

2022-04-18 13:04:01 - [TEST_STEP][PASSED] - println("Transaction Approved, no errors text is not present on the Confirmation page"): null

2022-04-18 13:04:01 - [TEST_STEP][PASSED] - out.println("Fail Record Number: " + row): null

2022-04-18 13:04:01 - [TEST_STEP][PASSED] - resText = "Fail": null

2022-04-18 13:04:01 - [TEST_STEP][PASSED] - pages.WriteExcel.demoKey(resText, datText, resColumn, datCloumn, fileLoc, nameSheet, row): pages.WriteExcel.demoKey is PASSED

2022-04-18 13:04:02 - [MESSAGE][PASSED] - pages.WriteExcel.demoKey is PASSED

2022-04-18 13:04:02 - [TEST_STEP][PASSED] - sdfo = getText(findTestObject("Object Repository/Page_VLinkReceipt/pre_STX")): Text of object 'Object Repository/Page_VLinkReceipt/pre_STX' is: '<STX>G4K4WPyRcWMP                  12114950            2  Transaction failed                                101Card type not valid                                                                        <ETX>'

2022-04-18 13:04:02 - [MESSAGE][PASSED] - Text of object 'Object Repository/Page_VLinkReceipt/pre_STX' is: '<STX>G4K4WPyRcWMP                  12114950            2  Transaction failed                                101Card type not valid                                                                        <ETX>'

2022-04-18 13:04:02 - [TEST_STEP][PASSED] - out.println("sdfo: " + sdfo): null

2022-04-18 13:04:02 - [TEST_STEP][PASSED] - remID = substring(5, 35).trim(): null

2022-04-18 13:04:02 - [TEST_STEP][PASSED] - out.println("Remittance ID: " + remID): null

2022-04-18 13:04:02 - [TEST_STEP][PASSED] - traxID = substring(35, 55).trim(): null

2022-04-18 13:04:02 - [TEST_STEP][PASSED] - out.println("Transaction ID: " + traxID): null

2022-04-18 13:04:02 - [TEST_STEP][PASSED] - out.println("End Record Number: " + row): null

2022-04-18 13:04:02 - [TEST_STEP][PASSED] - closeBrowser(): Browser is closed

2022-04-18 13:04:03 - [MESSAGE][PASSED] - Browser is closed

2022-04-18 13:04:03 - [TEST_STEP][PASSED] - ExecuteTC = findTestData(dataFile).getValue("Execute", row): null

2022-04-18 13:04:03 - [TEST_STEP][PASSED] - out.println("Value of Execute is : " + ExecuteTC): null

2022-04-18 13:04:03 - [TEST_STEP][PASSED] - if (ExecuteTC.equalsIgnoreCase("Y")): Browser is closed

2022-04-18 13:04:03 - [TEST_STEP][PASSED] - out.println("Begin Record Number: " + row): null

2022-04-18 13:04:03 - [TEST_STEP][PASSED] - today = new java.util.Date(): null

2022-04-18 13:04:03 - [TEST_STEP][PASSED] - println(today): null

2022-04-18 13:04:03 - [TEST_STEP][PASSED] - datText = today: null

2022-04-18 13:04:03 - [TEST_STEP][PASSED] - openBrowser(VLinkURL + "authcap.html"): Browser is opened with url: 'https://dev-algorithm.govolution.com/vlinktest/QA/version_2_0/authcap.html'

2022-04-18 13:04:03 - [MESSAGE][INFO] - Starting 'Chrome' driver

2022-04-18 13:04:03 - [MESSAGE][INFO] - User set preference: ['acceptInsecureCerts', 'true']

2022-04-18 13:04:03 - [MESSAGE][INFO] - Action delay is set to 0 milliseconds

2022-04-18 13:04:05 - [MESSAGE][PASSED] - Browser is opened with url: 'https://dev-algorithm.govolution.com/vlinktest/QA/version_2_0/authcap.html'

2022-04-18 13:04:05 - [TEST_STEP][PASSED] - maximizeWindow(): Current window maximized

2022-04-18 13:04:05 - [MESSAGE][PASSED] - Current window maximized

2022-04-18 13:04:05 - [TEST_STEP][PASSED] - vlinkPages.saleCCPage.setDataSCC(row, dataFile): vlinkPages.saleCCPage.setDataSCC is PASSED

2022-04-18 13:04:07 - [MESSAGE][PASSED] - Object 'Object Repository/VLink/Page_CCSale/txt_CardNumber' is present

2022-04-18 13:04:08 - [MESSAGE][PASSED] - Text '104' is set on object 'Object Repository/VLink/Page_CCSale/txt_TransactionType'

2022-04-18 13:04:09 - [MESSAGE][PASSED] - Text '2.0C' is set on object 'Object Repository/VLink/Page_CCSale/txt_MessageVersion'

2022-04-18 13:04:09 - [MESSAGE][PASSED] - Text 'dLHXctaVS9W2' is set on object 'Object Repository/VLink/Page_CCSale/txt_RemID'

2022-04-18 13:04:10 - [MESSAGE][PASSED] - Text '665' is set on object 'Object Repository/VLink/Page_CCSale/txt_ApplicationId'

2022-04-18 13:04:11 - [MESSAGE][PASSED] - Text 'username' is set on object 'Object Repository/VLink/Page_CCSale/txt_Username'

2022-04-18 13:04:11 - [MESSAGE][PASSED] - Text 'password' is set on object 'Object Repository/VLink/Page_CCSale/txt_Password'

2022-04-18 13:04:12 - [MESSAGE][PASSED] - Text 'fixed_width' is set on object 'Object Repository/VLink/Page_CCSale/txt_ResponseFormat'

2022-04-18 13:04:12 - [MESSAGE][PASSED] - Text 'RETL' is set on object 'Object Repository/VLink/Page_CCSale/txt_Category'

2022-04-18 13:04:13 - [MESSAGE][PASSED] - Text '' is set on object 'Object Repository/VLink/Page_CCSale/txt_TransactionID'

2022-04-18 13:04:14 - [MESSAGE][PASSED] - Text '' is set on object 'Object Repository/VLink/Page_CCSale/txt_ApprovalCode'

2022-04-18 13:04:14 - [MESSAGE][PASSED] - Text 'Kris Roshan' is set on object 'Object Repository/VLink/Page_CCSale/txt_CardName'

2022-04-18 13:04:15 - [MESSAGE][PASSED] - Text '258 Elm Road' is set on object 'Object Repository/VLink/Page_CCSale/txt_AL1'

2022-04-18 13:04:16 - [MESSAGE][PASSED] - Text 'Suite 56' is set on object 'Object Repository/VLink/Page_CCSale/txt_AL2'

2022-04-18 13:04:17 - [MESSAGE][PASSED] - Text 'Arlington' is set on object 'Object Repository/VLink/Page_CCSale/txt_CardCity'

2022-04-18 13:04:17 - [MESSAGE][PASSED] - Text 'VA' is set on object 'Object Repository/VLink/Page_CCSale/txt_CardState'

2022-04-18 13:04:18 - [MESSAGE][PASSED] - Text '22201' is set on object 'Object Repository/VLink/Page_CCSale/txt_CardZIP'

2022-04-18 13:04:19 - [MESSAGE][PASSED] - Text '840' is set on object 'Object Repository/VLink/Page_CCSale/txt_CountryID'

2022-04-18 13:04:19 - [MESSAGE][PASSED] - Text '1.50' is set on object 'Object Repository/VLink/Page_CCSale/txt_Amount'

2022-04-18 13:04:20 - [MESSAGE][PASSED] - Text '5424000000000015' is set on object 'Object Repository/VLink/Page_CCSale/txt_CardNumber'

2022-04-18 13:04:21 - [MESSAGE][PASSED] - Text '12' is set on object 'Object Repository/VLink/Page_CCSale/txt_ExpMonth'

2022-04-18 13:04:21 - [MESSAGE][PASSED] - Text '2025' is set on object 'Object Repository/VLink/Page_CCSale/txt_ExpYear'

2022-04-18 13:04:22 - [MESSAGE][PASSED] - Text '' is set on object 'Object Repository/VLink/Page_CCSale/txt_CVV'

2022-04-18 13:04:23 - [MESSAGE][PASSED] - Text '' is set on object 'Object Repository/VLink/Page_CCSale/txt_CVVstate'

2022-04-18 13:04:23 - [MESSAGE][PASSED] - Text '' is set on object 'Object Repository/VLink/Page_CCSale/txt_TrackData'

2022-04-18 13:04:24 - [MESSAGE][PASSED] - Text '' is set on object 'Object Repository/VLink/Page_CCSale/txt_Track1Data'

2022-04-18 13:04:25 - [MESSAGE][PASSED] - Text '' is set on object 'Object Repository/VLink/Page_CCSale/txt_Track2Data'

2022-04-18 13:04:26 - [MESSAGE][PASSED] - Text 'manual' is set on object 'Object Repository/VLink/Page_CCSale/txt_POSEntryMode'

2022-04-18 13:04:26 - [MESSAGE][PASSED] - Text 'iahmed@govolution.com' is set on object 'Object Repository/VLink/Page_CCSale/txt_Email'

2022-04-18 13:04:27 - [MESSAGE][PASSED] - Text '2569362' is set on object 'Object Repository/VLink/Page_CCSale/txt_OrderNumber'

2022-04-18 13:04:28 - [MESSAGE][PASSED] - Text '1.15' is set on object 'Object Repository/VLink/Page_CCSale/txt_TaxAmount'

2022-04-18 13:04:28 - [MESSAGE][PASSED] - Text 'Charge Description' is set on object 'Object Repository/VLink/Page_CCSale/txt_ChargeDescription'

2022-04-18 13:04:29 - [MESSAGE][PASSED] - Text '147357' is set on object 'Object Repository/VLink/Page_CCSale/txt_CAN'

2022-04-18 13:04:30 - [MESSAGE][PASSED] - Text '1' is set on object 'Object Repository/VLink/Page_CCSale/txt_BillPaymentIndicator'

2022-04-18 13:04:31 - [MESSAGE][PASSED] - Text 'UDF Data 1' is set on object 'Object Repository/VLink/Page_CCSale/txt_UDF1'

2022-04-18 13:04:31 - [MESSAGE][PASSED] - Text 'UDF Data 2' is set on object 'Object Repository/VLink/Page_CCSale/txt_UDF2'

2022-04-18 13:04:32 - [MESSAGE][PASSED] - Text 'UDF Data 3' is set on object 'Object Repository/VLink/Page_CCSale/txt_UDF3'

2022-04-18 13:04:33 - [MESSAGE][PASSED] - Text 'UDF Data 4' is set on object 'Object Repository/VLink/Page_CCSale/txt_UDF4'

2022-04-18 13:04:33 - [MESSAGE][PASSED] - Text 'UDF Data 5' is set on object 'Object Repository/VLink/Page_CCSale/txt_UDF5'

2022-04-18 13:04:34 - [MESSAGE][PASSED] - Text 'UDF Data 6' is set on object 'Object Repository/VLink/Page_CCSale/txt_UDF6'

2022-04-18 13:04:35 - [MESSAGE][PASSED] - Text 'UDF Data 7' is set on object 'Object Repository/VLink/Page_CCSale/txt_UDF7'

2022-04-18 13:04:35 - [MESSAGE][PASSED] - Text 'UDF Data 8' is set on object 'Object Repository/VLink/Page_CCSale/txt_UDF8'

2022-04-18 13:04:36 - [MESSAGE][PASSED] - Text 'UDF Data 9' is set on object 'Object Repository/VLink/Page_CCSale/txt_UDF9'

2022-04-18 13:04:37 - [MESSAGE][PASSED] - Text 'UDF Data 10' is set on object 'Object Repository/VLink/Page_CCSale/txt_UDF10'

2022-04-18 13:04:38 - [MESSAGE][PASSED] - Text '1' is set on object 'Object Repository/VLink/Page_CCSale/txt_CardOnFileIndicator'

2022-04-18 13:04:38 - [MESSAGE][PASSED] - Text 'Subsequent' is set on object 'Object Repository/VLink/Page_CCSale/txt_StoredCredentialIndicator'

2022-04-18 13:04:39 - [MESSAGE][PASSED] - Text 'Scheduled' is set on object 'Object Repository/VLink/Page_CCSale/txt_COFScheduledIndicator'

2022-04-18 13:04:40 - [MESSAGE][PASSED] - Text 'Merchant' is set on object 'Object Repository/VLink/Page_CCSale/txt_COFTransactionInitiatedBy'

2022-04-18 13:04:43 - [MESSAGE][PASSED] - Object: 'Object Repository/VLink/Page_CCSale/btn_ProcessVLinkTransaction' is clicked on

2022-04-18 13:04:48 - [MESSAGE][PASSED] - vlinkPages.saleCCPage.setDataSCC is PASSED

2022-04-18 13:04:48 - [TEST_STEP][PASSED] - if (verifyTextPresent("Transaction approved, no errors", true)): null

2022-04-18 13:04:48 - [MESSAGE][PASSED] - Text 'Transaction approved, no errors' is present on page  using regular expression

2022-04-18 13:04:48 - [TEST_STEP][PASSED] - println("Transaction Approved, no errors text is present on the Confirmation page"): null

2022-04-18 13:04:48 - [TEST_STEP][PASSED] - out.println("Pass Record Number: " + row): null

2022-04-18 13:04:48 - [TEST_STEP][PASSED] - resText = "Pass": null

2022-04-18 13:04:48 - [TEST_STEP][PASSED] - pages.WriteExcel.demoKey(resText, datText, resColumn, datCloumn, fileLoc, nameSheet, row): pages.WriteExcel.demoKey is PASSED

2022-04-18 13:04:48 - [MESSAGE][PASSED] - pages.WriteExcel.demoKey is PASSED

2022-04-18 13:04:48 - [TEST_STEP][PASSED] - sdfo = getText(findTestObject("Object Repository/Page_VLinkReceipt/pre_STX")): Text of object 'Object Repository/Page_VLinkReceipt/pre_STX' is: '<STX>dLHXctaVS9W2                  12114951            0  Transaction approved, no errors                   0                                                                                  X OK0324   <ETX>'

2022-04-18 13:04:48 - [MESSAGE][PASSED] - Text of object 'Object Repository/Page_VLinkReceipt/pre_STX' is: '<STX>dLHXctaVS9W2                  12114951            0  Transaction approved, no errors                   0                                                                                  X OK0324   <ETX>'

2022-04-18 13:04:48 - [TEST_STEP][PASSED] - out.println("sdfo: " + sdfo): null

2022-04-18 13:04:48 - [TEST_STEP][PASSED] - remID = substring(5, 35).trim(): null

2022-04-18 13:04:48 - [TEST_STEP][PASSED] - out.println("Remittance ID: " + remID): null

2022-04-18 13:04:48 - [TEST_STEP][PASSED] - traxID = substring(35, 55).trim(): null

2022-04-18 13:04:48 - [TEST_STEP][PASSED] - out.println("Transaction ID: " + traxID): null

2022-04-18 13:04:48 - [TEST_STEP][PASSED] - out.println("End Record Number: " + row): null

2022-04-18 13:04:48 - [TEST_STEP][PASSED] - closeBrowser(): Browser is closed

2022-04-18 13:04:49 - [MESSAGE][PASSED] - Browser is closed

2022-04-18 13:04:49 - [TEST_STEP][PASSED] - ExecuteTC = findTestData(dataFile).getValue("Execute", row): null

2022-04-18 13:04:49 - [TEST_STEP][PASSED] - out.println("Value of Execute is : " + ExecuteTC): null

2022-04-18 13:04:49 - [TEST_STEP][PASSED] - if (ExecuteTC.equalsIgnoreCase("Y")): Browser is closed

2022-04-18 13:04:49 - [TEST_STEP][PASSED] - out.println("Begin Record Number: " + row): null

2022-04-18 13:04:49 - [TEST_STEP][PASSED] - today = new java.util.Date(): null

2022-04-18 13:04:49 - [TEST_STEP][PASSED] - println(today): null

2022-04-18 13:04:49 - [TEST_STEP][PASSED] - datText = today: null

2022-04-18 13:04:49 - [TEST_STEP][PASSED] - openBrowser(VLinkURL + "authcap.html"): Browser is opened with url: 'https://dev-algorithm.govolution.com/vlinktest/QA/version_2_0/authcap.html'

2022-04-18 13:04:49 - [MESSAGE][INFO] - Starting 'Chrome' driver

2022-04-18 13:04:49 - [MESSAGE][INFO] - User set preference: ['acceptInsecureCerts', 'true']

2022-04-18 13:04:49 - [MESSAGE][INFO] - Action delay is set to 0 milliseconds

2022-04-18 13:04:51 - [MESSAGE][PASSED] - Browser is opened with url: 'https://dev-algorithm.govolution.com/vlinktest/QA/version_2_0/authcap.html'

2022-04-18 13:04:51 - [TEST_STEP][PASSED] - maximizeWindow(): Current window maximized

2022-04-18 13:04:51 - [MESSAGE][PASSED] - Current window maximized

2022-04-18 13:04:51 - [TEST_STEP][PASSED] - vlinkPages.saleCCPage.setDataSCC(row, dataFile): vlinkPages.saleCCPage.setDataSCC is PASSED

2022-04-18 13:04:54 - [MESSAGE][PASSED] - Object 'Object Repository/VLink/Page_CCSale/txt_CardNumber' is present

2022-04-18 13:04:54 - [MESSAGE][PASSED] - Text '104' is set on object 'Object Repository/VLink/Page_CCSale/txt_TransactionType'

2022-04-18 13:04:55 - [MESSAGE][PASSED] - Text '2.0C' is set on object 'Object Repository/VLink/Page_CCSale/txt_MessageVersion'

2022-04-18 13:04:56 - [MESSAGE][PASSED] - Text 'bgOyFegb6xX6' is set on object 'Object Repository/VLink/Page_CCSale/txt_RemID'

2022-04-18 13:04:56 - [MESSAGE][PASSED] - Text '665' is set on object 'Object Repository/VLink/Page_CCSale/txt_ApplicationId'

2022-04-18 13:04:57 - [MESSAGE][PASSED] - Text 'username' is set on object 'Object Repository/VLink/Page_CCSale/txt_Username'

2022-04-18 13:04:58 - [MESSAGE][PASSED] - Text 'password' is set on object 'Object Repository/VLink/Page_CCSale/txt_Password'

2022-04-18 13:04:58 - [MESSAGE][PASSED] - Text 'fixed_width' is set on object 'Object Repository/VLink/Page_CCSale/txt_ResponseFormat'

2022-04-18 13:04:59 - [MESSAGE][PASSED] - Text 'RETL' is set on object 'Object Repository/VLink/Page_CCSale/txt_Category'

2022-04-18 13:04:59 - [MESSAGE][PASSED] - Text '' is set on object 'Object Repository/VLink/Page_CCSale/txt_TransactionID'

2022-04-18 13:05:00 - [MESSAGE][PASSED] - Text '' is set on object 'Object Repository/VLink/Page_CCSale/txt_ApprovalCode'

2022-04-18 13:05:01 - [MESSAGE][PASSED] - Text 'Roshan Maha' is set on object 'Object Repository/VLink/Page_CCSale/txt_CardName'

2022-04-18 13:05:02 - [MESSAGE][PASSED] - Text '12563 Bazaar road' is set on object 'Object Repository/VLink/Page_CCSale/txt_AL1'

2022-04-18 13:05:02 - [MESSAGE][PASSED] - Text '' is set on object 'Object Repository/VLink/Page_CCSale/txt_AL2'

2022-04-18 13:05:03 - [MESSAGE][PASSED] - Text 'Crofton' is set on object 'Object Repository/VLink/Page_CCSale/txt_CardCity'

2022-04-18 13:05:04 - [MESSAGE][PASSED] - Text 'MD' is set on object 'Object Repository/VLink/Page_CCSale/txt_CardState'

2022-04-18 13:05:04 - [MESSAGE][PASSED] - Text '21114' is set on object 'Object Repository/VLink/Page_CCSale/txt_CardZIP'

2022-04-18 13:05:05 - [MESSAGE][PASSED] - Text '' is set on object 'Object Repository/VLink/Page_CCSale/txt_CountryID'

2022-04-18 13:05:06 - [MESSAGE][PASSED] - Text '3.50' is set on object 'Object Repository/VLink/Page_CCSale/txt_Amount'

2022-04-18 13:05:06 - [MESSAGE][PASSED] - Text '370000000000002' is set on object 'Object Repository/VLink/Page_CCSale/txt_CardNumber'

2022-04-18 13:05:07 - [MESSAGE][PASSED] - Text '01' is set on object 'Object Repository/VLink/Page_CCSale/txt_ExpMonth'

2022-04-18 13:05:08 - [MESSAGE][PASSED] - Text '2026' is set on object 'Object Repository/VLink/Page_CCSale/txt_ExpYear'

2022-04-18 13:05:08 - [MESSAGE][PASSED] - Text '' is set on object 'Object Repository/VLink/Page_CCSale/txt_CVV'

2022-04-18 13:05:09 - [MESSAGE][PASSED] - Text '' is set on object 'Object Repository/VLink/Page_CCSale/txt_CVVstate'

2022-04-18 13:05:10 - [MESSAGE][PASSED] - Text '' is set on object 'Object Repository/VLink/Page_CCSale/txt_TrackData'

2022-04-18 13:05:11 - [MESSAGE][PASSED] - Text '' is set on object 'Object Repository/VLink/Page_CCSale/txt_Track1Data'

2022-04-18 13:05:11 - [MESSAGE][PASSED] - Text '' is set on object 'Object Repository/VLink/Page_CCSale/txt_Track2Data'

2022-04-18 13:05:12 - [MESSAGE][PASSED] - Text 'manual' is set on object 'Object Repository/VLink/Page_CCSale/txt_POSEntryMode'

2022-04-18 13:05:13 - [MESSAGE][PASSED] - Text '' is set on object 'Object Repository/VLink/Page_CCSale/txt_Email'

2022-04-18 13:05:13 - [MESSAGE][PASSED] - Text '' is set on object 'Object Repository/VLink/Page_CCSale/txt_OrderNumber'

2022-04-18 13:05:14 - [MESSAGE][PASSED] - Text '' is set on object 'Object Repository/VLink/Page_CCSale/txt_TaxAmount'

2022-04-18 13:05:15 - [MESSAGE][PASSED] - Text '' is set on object 'Object Repository/VLink/Page_CCSale/txt_ChargeDescription'

2022-04-18 13:05:15 - [MESSAGE][PASSED] - Text '' is set on object 'Object Repository/VLink/Page_CCSale/txt_CAN'

2022-04-18 13:05:16 - [MESSAGE][PASSED] - Text '' is set on object 'Object Repository/VLink/Page_CCSale/txt_BillPaymentIndicator'

2022-04-18 13:05:17 - [MESSAGE][PASSED] - Text '' is set on object 'Object Repository/VLink/Page_CCSale/txt_UDF1'

2022-04-18 13:05:17 - [MESSAGE][PASSED] - Text '' is set on object 'Object Repository/VLink/Page_CCSale/txt_UDF2'

2022-04-18 13:05:18 - [MESSAGE][PASSED] - Text '' is set on object 'Object Repository/VLink/Page_CCSale/txt_UDF3'

2022-04-18 13:05:19 - [MESSAGE][PASSED] - Text '' is set on object 'Object Repository/VLink/Page_CCSale/txt_UDF4'

2022-04-18 13:05:20 - [MESSAGE][PASSED] - Text '' is set on object 'Object Repository/VLink/Page_CCSale/txt_UDF5'

2022-04-18 13:05:20 - [MESSAGE][PASSED] - Text '' is set on object 'Object Repository/VLink/Page_CCSale/txt_UDF6'

2022-04-18 13:05:21 - [MESSAGE][PASSED] - Text '' is set on object 'Object Repository/VLink/Page_CCSale/txt_UDF7'

2022-04-18 13:05:22 - [MESSAGE][PASSED] - Text '' is set on object 'Object Repository/VLink/Page_CCSale/txt_UDF8'

2022-04-18 13:05:22 - [MESSAGE][PASSED] - Text '' is set on object 'Object Repository/VLink/Page_CCSale/txt_UDF9'

2022-04-18 13:05:23 - [MESSAGE][PASSED] - Text '' is set on object 'Object Repository/VLink/Page_CCSale/txt_UDF10'

2022-04-18 13:05:24 - [MESSAGE][PASSED] - Text '1' is set on object 'Object Repository/VLink/Page_CCSale/txt_CardOnFileIndicator'

2022-04-18 13:05:24 - [MESSAGE][PASSED] - Text 'Subsequent' is set on object 'Object Repository/VLink/Page_CCSale/txt_StoredCredentialIndicator'

2022-04-18 13:05:25 - [MESSAGE][PASSED] - Text 'Scheduled' is set on object 'Object Repository/VLink/Page_CCSale/txt_COFScheduledIndicator'

2022-04-18 13:05:26 - [MESSAGE][PASSED] - Text 'Merchant' is set on object 'Object Repository/VLink/Page_CCSale/txt_COFTransactionInitiatedBy'

2022-04-18 13:05:28 - [MESSAGE][PASSED] - Object: 'Object Repository/VLink/Page_CCSale/btn_ProcessVLinkTransaction' is clicked on

2022-04-18 13:05:33 - [MESSAGE][PASSED] - vlinkPages.saleCCPage.setDataSCC is PASSED

2022-04-18 13:05:33 - [TEST_STEP][PASSED] - if (verifyTextPresent("Transaction approved, no errors", true)): null

2022-04-18 13:05:34 - [MESSAGE][PASSED] - Text 'Transaction approved, no errors' is present on page  using regular expression

2022-04-18 13:05:34 - [TEST_STEP][PASSED] - println("Transaction Approved, no errors text is present on the Confirmation page"): null

2022-04-18 13:05:34 - [TEST_STEP][PASSED] - out.println("Pass Record Number: " + row): null

2022-04-18 13:05:34 - [TEST_STEP][PASSED] - resText = "Pass": null

2022-04-18 13:05:34 - [TEST_STEP][PASSED] - pages.WriteExcel.demoKey(resText, datText, resColumn, datCloumn, fileLoc, nameSheet, row): pages.WriteExcel.demoKey is PASSED

2022-04-18 13:05:34 - [MESSAGE][PASSED] - pages.WriteExcel.demoKey is PASSED

2022-04-18 13:05:34 - [TEST_STEP][PASSED] - sdfo = getText(findTestObject("Object Repository/Page_VLinkReceipt/pre_STX")): Text of object 'Object Repository/Page_VLinkReceipt/pre_STX' is: '<STX>bgOyFegb6xX6                  12114952            0  Transaction approved, no errors                   0                                                                                  X OK0494   <ETX>'

2022-04-18 13:05:34 - [MESSAGE][PASSED] - Text of object 'Object Repository/Page_VLinkReceipt/pre_STX' is: '<STX>bgOyFegb6xX6                  12114952            0  Transaction approved, no errors                   0                                                                                  X OK0494   <ETX>'

2022-04-18 13:05:34 - [TEST_STEP][PASSED] - out.println("sdfo: " + sdfo): null

2022-04-18 13:05:34 - [TEST_STEP][PASSED] - remID = substring(5, 35).trim(): null

2022-04-18 13:05:34 - [TEST_STEP][PASSED] - out.println("Remittance ID: " + remID): null

2022-04-18 13:05:34 - [TEST_STEP][PASSED] - traxID = substring(35, 55).trim(): null

2022-04-18 13:05:34 - [TEST_STEP][PASSED] - out.println("Transaction ID: " + traxID): null

2022-04-18 13:05:34 - [TEST_STEP][PASSED] - out.println("End Record Number: " + row): null

2022-04-18 13:05:34 - [TEST_STEP][PASSED] - closeBrowser(): Browser is closed

2022-04-18 13:05:35 - [MESSAGE][PASSED] - Browser is closed

2022-04-18 13:05:35 - [TEST_STEP][PASSED] - ExecuteTC = findTestData(dataFile).getValue("Execute", row): null

2022-04-18 13:05:35 - [TEST_STEP][PASSED] - out.println("Value of Execute is : " + ExecuteTC): null

2022-04-18 13:05:35 - [TEST_STEP][PASSED] - if (ExecuteTC.equalsIgnoreCase("Y")): Browser is closed

2022-04-18 13:05:35 - [TEST_STEP][PASSED] - out.println("Begin Record Number: " + row): null

2022-04-18 13:05:35 - [TEST_STEP][PASSED] - today = new java.util.Date(): null

2022-04-18 13:05:35 - [TEST_STEP][PASSED] - println(today): null

2022-04-18 13:05:35 - [TEST_STEP][PASSED] - datText = today: null

2022-04-18 13:05:35 - [TEST_STEP][PASSED] - openBrowser(VLinkURL + "authcap.html"): Browser is opened with url: 'https://dev-algorithm.govolution.com/vlinktest/QA/version_2_0/authcap.html'

2022-04-18 13:05:35 - [MESSAGE][INFO] - Starting 'Chrome' driver

2022-04-18 13:05:35 - [MESSAGE][INFO] - User set preference: ['acceptInsecureCerts', 'true']

2022-04-18 13:05:35 - [MESSAGE][INFO] - Action delay is set to 0 milliseconds

2022-04-18 13:05:37 - [MESSAGE][PASSED] - Browser is opened with url: 'https://dev-algorithm.govolution.com/vlinktest/QA/version_2_0/authcap.html'

2022-04-18 13:05:37 - [TEST_STEP][PASSED] - maximizeWindow(): Current window maximized

2022-04-18 13:05:37 - [MESSAGE][PASSED] - Current window maximized

2022-04-18 13:05:37 - [TEST_STEP][PASSED] - vlinkPages.saleCCPage.setDataSCC(row, dataFile): vlinkPages.saleCCPage.setDataSCC is PASSED

2022-04-18 13:05:40 - [MESSAGE][PASSED] - Object 'Object Repository/VLink/Page_CCSale/txt_CardNumber' is present

2022-04-18 13:05:40 - [MESSAGE][PASSED] - Text '104' is set on object 'Object Repository/VLink/Page_CCSale/txt_TransactionType'

2022-04-18 13:05:41 - [MESSAGE][PASSED] - Text '2.0C' is set on object 'Object Repository/VLink/Page_CCSale/txt_MessageVersion'

2022-04-18 13:05:42 - [MESSAGE][PASSED] - Text 'F84Ezl9YY2yY' is set on object 'Object Repository/VLink/Page_CCSale/txt_RemID'

2022-04-18 13:05:42 - [MESSAGE][PASSED] - Text '665' is set on object 'Object Repository/VLink/Page_CCSale/txt_ApplicationId'

2022-04-18 13:05:43 - [MESSAGE][PASSED] - Text 'username' is set on object 'Object Repository/VLink/Page_CCSale/txt_Username'

2022-04-18 13:05:43 - [MESSAGE][PASSED] - Text 'password' is set on object 'Object Repository/VLink/Page_CCSale/txt_Password'

2022-04-18 13:05:44 - [MESSAGE][PASSED] - Text 'fixed_width' is set on object 'Object Repository/VLink/Page_CCSale/txt_ResponseFormat'

2022-04-18 13:05:45 - [MESSAGE][PASSED] - Text 'RETL' is set on object 'Object Repository/VLink/Page_CCSale/txt_Category'

2022-04-18 13:05:45 - [MESSAGE][PASSED] - Text '' is set on object 'Object Repository/VLink/Page_CCSale/txt_TransactionID'

2022-04-18 13:05:46 - [MESSAGE][PASSED] - Text '' is set on object 'Object Repository/VLink/Page_CCSale/txt_ApprovalCode'

2022-04-18 13:05:47 - [MESSAGE][PASSED] - Text 'Kris Roshan' is set on object 'Object Repository/VLink/Page_CCSale/txt_CardName'

2022-04-18 13:05:47 - [MESSAGE][PASSED] - Text '258 Elm Road' is set on object 'Object Repository/VLink/Page_CCSale/txt_AL1'

2022-04-18 13:05:48 - [MESSAGE][PASSED] - Text 'Suite 56' is set on object 'Object Repository/VLink/Page_CCSale/txt_AL2'

2022-04-18 13:05:49 - [MESSAGE][PASSED] - Text 'Arlington' is set on object 'Object Repository/VLink/Page_CCSale/txt_CardCity'

2022-04-18 13:05:49 - [MESSAGE][PASSED] - Text 'VA' is set on object 'Object Repository/VLink/Page_CCSale/txt_CardState'

2022-04-18 13:05:50 - [MESSAGE][PASSED] - Text '22201' is set on object 'Object Repository/VLink/Page_CCSale/txt_CardZIP'

2022-04-18 13:05:51 - [MESSAGE][PASSED] - Text '840' is set on object 'Object Repository/VLink/Page_CCSale/txt_CountryID'

2022-04-18 13:05:52 - [MESSAGE][PASSED] - Text '1.50' is set on object 'Object Repository/VLink/Page_CCSale/txt_Amount'

2022-04-18 13:05:52 - [MESSAGE][PASSED] - Text '6011000000000004' is set on object 'Object Repository/VLink/Page_CCSale/txt_CardNumber'

2022-04-18 13:05:53 - [MESSAGE][PASSED] - Text '12' is set on object 'Object Repository/VLink/Page_CCSale/txt_ExpMonth'

2022-04-18 13:05:54 - [MESSAGE][PASSED] - Text '2025' is set on object 'Object Repository/VLink/Page_CCSale/txt_ExpYear'

2022-04-18 13:05:54 - [MESSAGE][PASSED] - Text '' is set on object 'Object Repository/VLink/Page_CCSale/txt_CVV'

2022-04-18 13:05:55 - [MESSAGE][PASSED] - Text '' is set on object 'Object Repository/VLink/Page_CCSale/txt_CVVstate'

2022-04-18 13:05:56 - [MESSAGE][PASSED] - Text '' is set on object 'Object Repository/VLink/Page_CCSale/txt_TrackData'

2022-04-18 13:05:56 - [MESSAGE][PASSED] - Text '' is set on object 'Object Repository/VLink/Page_CCSale/txt_Track1Data'

2022-04-18 13:05:57 - [MESSAGE][PASSED] - Text '' is set on object 'Object Repository/VLink/Page_CCSale/txt_Track2Data'

2022-04-18 13:05:58 - [MESSAGE][PASSED] - Text 'manual' is set on object 'Object Repository/VLink/Page_CCSale/txt_POSEntryMode'

2022-04-18 13:05:58 - [MESSAGE][PASSED] - Text 'iahmed@govolution.com' is set on object 'Object Repository/VLink/Page_CCSale/txt_Email'

2022-04-18 13:05:59 - [MESSAGE][PASSED] - Text '2569362' is set on object 'Object Repository/VLink/Page_CCSale/txt_OrderNumber'

2022-04-18 13:06:00 - [MESSAGE][PASSED] - Text '1.15' is set on object 'Object Repository/VLink/Page_CCSale/txt_TaxAmount'

2022-04-18 13:06:00 - [MESSAGE][PASSED] - Text 'Charge Description' is set on object 'Object Repository/VLink/Page_CCSale/txt_ChargeDescription'

2022-04-18 13:06:01 - [MESSAGE][PASSED] - Text '147357' is set on object 'Object Repository/VLink/Page_CCSale/txt_CAN'

2022-04-18 13:06:02 - [MESSAGE][PASSED] - Text '1' is set on object 'Object Repository/VLink/Page_CCSale/txt_BillPaymentIndicator'

2022-04-18 13:06:03 - [MESSAGE][PASSED] - Text 'UDF Data 1' is set on object 'Object Repository/VLink/Page_CCSale/txt_UDF1'

2022-04-18 13:06:03 - [MESSAGE][PASSED] - Text 'UDF Data 2' is set on object 'Object Repository/VLink/Page_CCSale/txt_UDF2'

2022-04-18 13:06:04 - [MESSAGE][PASSED] - Text 'UDF Data 3' is set on object 'Object Repository/VLink/Page_CCSale/txt_UDF3'

2022-04-18 13:06:05 - [MESSAGE][PASSED] - Text 'UDF Data 4' is set on object 'Object Repository/VLink/Page_CCSale/txt_UDF4'

2022-04-18 13:06:05 - [MESSAGE][PASSED] - Text 'UDF Data 5' is set on object 'Object Repository/VLink/Page_CCSale/txt_UDF5'

2022-04-18 13:06:06 - [MESSAGE][PASSED] - Text 'UDF Data 6' is set on object 'Object Repository/VLink/Page_CCSale/txt_UDF6'

2022-04-18 13:06:07 - [MESSAGE][PASSED] - Text 'UDF Data 7' is set on object 'Object Repository/VLink/Page_CCSale/txt_UDF7'

2022-04-18 13:06:07 - [MESSAGE][PASSED] - Text 'UDF Data 8' is set on object 'Object Repository/VLink/Page_CCSale/txt_UDF8'

2022-04-18 13:06:08 - [MESSAGE][PASSED] - Text 'UDF Data 9' is set on object 'Object Repository/VLink/Page_CCSale/txt_UDF9'

2022-04-18 13:06:09 - [MESSAGE][PASSED] - Text 'UDF Data 10' is set on object 'Object Repository/VLink/Page_CCSale/txt_UDF10'

2022-04-18 13:06:10 - [MESSAGE][PASSED] - Text '1' is set on object 'Object Repository/VLink/Page_CCSale/txt_CardOnFileIndicator'

2022-04-18 13:06:10 - [MESSAGE][PASSED] - Text 'Subsequent' is set on object 'Object Repository/VLink/Page_CCSale/txt_StoredCredentialIndicator'

2022-04-18 13:06:11 - [MESSAGE][PASSED] - Text 'Scheduled' is set on object 'Object Repository/VLink/Page_CCSale/txt_COFScheduledIndicator'

2022-04-18 13:06:12 - [MESSAGE][PASSED] - Text 'Merchant' is set on object 'Object Repository/VLink/Page_CCSale/txt_COFTransactionInitiatedBy'

2022-04-18 13:06:14 - [MESSAGE][PASSED] - Object: 'Object Repository/VLink/Page_CCSale/btn_ProcessVLinkTransaction' is clicked on

2022-04-18 13:06:19 - [MESSAGE][PASSED] - vlinkPages.saleCCPage.setDataSCC is PASSED

2022-04-18 13:06:19 - [TEST_STEP][PASSED] - if (verifyTextPresent("Transaction approved, no errors", true)): null

2022-04-18 13:06:20 - [MESSAGE][PASSED] - Text 'Transaction approved, no errors' is present on page  using regular expression

2022-04-18 13:06:20 - [TEST_STEP][PASSED] - println("Transaction Approved, no errors text is present on the Confirmation page"): null

2022-04-18 13:06:20 - [TEST_STEP][PASSED] - out.println("Pass Record Number: " + row): null

2022-04-18 13:06:20 - [TEST_STEP][PASSED] - resText = "Pass": null

2022-04-18 13:06:20 - [TEST_STEP][PASSED] - pages.WriteExcel.demoKey(resText, datText, resColumn, datCloumn, fileLoc, nameSheet, row): pages.WriteExcel.demoKey is PASSED

2022-04-18 13:06:20 - [MESSAGE][PASSED] - pages.WriteExcel.demoKey is PASSED

2022-04-18 13:06:20 - [TEST_STEP][PASSED] - sdfo = getText(findTestObject("Object Repository/Page_VLinkReceipt/pre_STX")): Text of object 'Object Repository/Page_VLinkReceipt/pre_STX' is: '<STX>F84Ezl9YY2yY                  12114953            0  Transaction approved, no errors                   0                                                                                  X OK0724   <ETX>'

2022-04-18 13:06:20 - [MESSAGE][PASSED] - Text of object 'Object Repository/Page_VLinkReceipt/pre_STX' is: '<STX>F84Ezl9YY2yY                  12114953            0  Transaction approved, no errors                   0                                                                                  X OK0724   <ETX>'

2022-04-18 13:06:20 - [TEST_STEP][PASSED] - out.println("sdfo: " + sdfo): null

2022-04-18 13:06:20 - [TEST_STEP][PASSED] - remID = substring(5, 35).trim(): null

2022-04-18 13:06:20 - [TEST_STEP][PASSED] - out.println("Remittance ID: " + remID): null

2022-04-18 13:06:20 - [TEST_STEP][PASSED] - traxID = substring(35, 55).trim(): null

2022-04-18 13:06:20 - [TEST_STEP][PASSED] - out.println("Transaction ID: " + traxID): null

2022-04-18 13:06:20 - [TEST_STEP][PASSED] - out.println("End Record Number: " + row): null

2022-04-18 13:06:20 - [TEST_STEP][PASSED] - closeBrowser(): Browser is closed

2022-04-18 13:06:21 - [MESSAGE][PASSED] - Browser is closed

2022-04-18 13:06:21 - [TEST_STEP][PASSED] - ExecuteTC = findTestData(dataFile).getValue("Execute", row): null

2022-04-18 13:06:21 - [TEST_STEP][PASSED] - out.println("Value of Execute is : " + ExecuteTC): null

2022-04-18 13:06:21 - [TEST_STEP][PASSED] - if (ExecuteTC.equalsIgnoreCase("Y")): null

2022-04-18 13:06:21 - [TEST_STEP][PASSED] - ExecuteTC = findTestData(dataFile).getValue("Execute", row): null

2022-04-18 13:06:21 - [TEST_STEP][PASSED] - out.println("Value of Execute is : " + ExecuteTC): null

2022-04-18 13:06:21 - [TEST_STEP][PASSED] - if (ExecuteTC.equalsIgnoreCase("Y")): null

2022-04-18 13:06:21 - [TEST_STEP][PASSED] - ExecuteTC = findTestData(dataFile).getValue("Execute", row): null

2022-04-18 13:06:21 - [TEST_STEP][PASSED] - out.println("Value of Execute is : " + ExecuteTC): null

2022-04-18 13:06:21 - [TEST_STEP][PASSED] - if (ExecuteTC.equalsIgnoreCase("Y")): null

2022-04-18 13:06:21 - [TEST_STEP][PASSED] - ExecuteTC = findTestData(dataFile).getValue("Execute", row): null

2022-04-18 13:06:21 - [TEST_STEP][PASSED] - out.println("Value of Execute is : " + ExecuteTC): null

2022-04-18 13:06:21 - [TEST_STEP][PASSED] - if (ExecuteTC.equalsIgnoreCase("Y")): null

2022-04-18 13:06:21 - [TEST_STEP][PASSED] - ExecuteTC = findTestData(dataFile).getValue("Execute", row): null

2022-04-18 13:06:21 - [TEST_STEP][PASSED] - out.println("Value of Execute is : " + ExecuteTC): null

2022-04-18 13:06:21 - [TEST_STEP][PASSED] - if (ExecuteTC.equalsIgnoreCase("Y")): null

2022-04-18 13:06:21 - [TEST_STEP][PASSED] - ExecuteTC = findTestData(dataFile).getValue("Execute", row): null

2022-04-18 13:06:21 - [TEST_STEP][PASSED] - out.println("Value of Execute is : " + ExecuteTC): null

2022-04-18 13:06:21 - [TEST_STEP][PASSED] - if (ExecuteTC.equalsIgnoreCase("Y")): null

2022-04-18 13:06:21 - [TEST_STEP][PASSED] - ExecuteTC = findTestData(dataFile).getValue("Execute", row): null

2022-04-18 13:06:21 - [TEST_STEP][PASSED] - out.println("Value of Execute is : " + ExecuteTC): null

2022-04-18 13:06:21 - [TEST_STEP][PASSED] - if (ExecuteTC.equalsIgnoreCase("Y")): null

2022-04-18 13:06:21 - [TEST_STEP][PASSED] - ExecuteTC = findTestData(dataFile).getValue("Execute", row): null

2022-04-18 13:06:21 - [TEST_STEP][PASSED] - out.println("Value of Execute is : " + ExecuteTC): null

2022-04-18 13:06:21 - [TEST_STEP][PASSED] - if (ExecuteTC.equalsIgnoreCase("Y")): null

2022-04-18 13:06:21 - [TEST_STEP][PASSED] - ExecuteTC = findTestData(dataFile).getValue("Execute", row): null

2022-04-18 13:06:22 - [TEST_STEP][PASSED] - out.println("Value of Execute is : " + ExecuteTC): null

2022-04-18 13:06:22 - [TEST_STEP][PASSED] - if (ExecuteTC.equalsIgnoreCase("Y")): null

2022-04-18 13:06:22 - [TEST_STEP][PASSED] - ExecuteTC = findTestData(dataFile).getValue("Execute", row): null

2022-04-18 13:06:22 - [TEST_STEP][PASSED] - out.println("Value of Execute is : " + ExecuteTC): null

2022-04-18 13:06:22 - [TEST_STEP][PASSED] - if (ExecuteTC.equalsIgnoreCase("Y")): null

2022-04-18 13:06:22 - [TEST_STEP][PASSED] - ExecuteTC = findTestData(dataFile).getValue("Execute", row): null

2022-04-18 13:06:22 - [TEST_STEP][PASSED] - out.println("Value of Execute is : " + ExecuteTC): null

2022-04-18 13:06:22 - [TEST_STEP][PASSED] - if (ExecuteTC.equalsIgnoreCase("Y")): null

2022-04-18 13:06:22 - [TEST_STEP][PASSED] - ExecuteTC = findTestData(dataFile).getValue("Execute", row): null

2022-04-18 13:06:22 - [TEST_STEP][PASSED] - out.println("Value of Execute is : " + ExecuteTC): null

2022-04-18 13:06:22 - [TEST_STEP][PASSED] - if (ExecuteTC.equalsIgnoreCase("Y")): null

2022-04-18 13:06:22 - [TEST_STEP][PASSED] - ExecuteTC = findTestData(dataFile).getValue("Execute", row): null

2022-04-18 13:06:22 - [TEST_STEP][PASSED] - out.println("Value of Execute is : " + ExecuteTC): null

2022-04-18 13:06:22 - [TEST_STEP][FAILED] - if (ExecuteTC.equalsIgnoreCase("Y")): null

2022-04-18 13:06:22 - [TEST_STEP][PASSED] - out.println("Begin Record Number: " + row): null

2022-04-18 13:06:22 - [TEST_STEP][PASSED] - today = new java.util.Date(): null

2022-04-18 13:06:22 - [TEST_STEP][PASSED] - println(today): null

2022-04-18 13:06:22 - [TEST_STEP][PASSED] - datText = today: null

2022-04-18 13:06:22 - [TEST_STEP][PASSED] - openBrowser(VLinkURL + "authcap.html"): Browser is opened with url: 'https://dev-algorithm.govolution.com/vlinktest/QA/version_2_0/authcap.html'

2022-04-18 13:06:22 - [MESSAGE][INFO] - Starting 'Chrome' driver

2022-04-18 13:06:22 - [MESSAGE][INFO] - User set preference: ['acceptInsecureCerts', 'true']

2022-04-18 13:06:22 - [MESSAGE][INFO] - Action delay is set to 0 milliseconds

2022-04-18 13:06:24 - [MESSAGE][PASSED] - Browser is opened with url: 'https://dev-algorithm.govolution.com/vlinktest/QA/version_2_0/authcap.html'

2022-04-18 13:06:24 - [TEST_STEP][PASSED] - maximizeWindow(): Current window maximized

2022-04-18 13:06:24 - [MESSAGE][PASSED] - Current window maximized

2022-04-18 13:06:24 - [TEST_STEP][PASSED] - vlinkPages.saleCCPage.setDataSCC(row, dataFile): vlinkPages.saleCCPage.setDataSCC is PASSED

2022-04-18 13:06:26 - [MESSAGE][PASSED] - Object 'Object Repository/VLink/Page_CCSale/txt_CardNumber' is present

2022-04-18 13:06:27 - [MESSAGE][PASSED] - Text '104' is set on object 'Object Repository/VLink/Page_CCSale/txt_TransactionType'

2022-04-18 13:06:28 - [MESSAGE][PASSED] - Text '2.0C' is set on object 'Object Repository/VLink/Page_CCSale/txt_MessageVersion'

2022-04-18 13:06:29 - [MESSAGE][PASSED] - Text 'wihGTlK4Sk3a' is set on object 'Object Repository/VLink/Page_CCSale/txt_RemID'

2022-04-18 13:06:29 - [MESSAGE][PASSED] - Text '665' is set on object 'Object Repository/VLink/Page_CCSale/txt_ApplicationId'

2022-04-18 13:06:30 - [MESSAGE][PASSED] - Text 'username' is set on object 'Object Repository/VLink/Page_CCSale/txt_Username'

2022-04-18 13:06:31 - [MESSAGE][PASSED] - Text 'password' is set on object 'Object Repository/VLink/Page_CCSale/txt_Password'

2022-04-18 13:06:31 - [MESSAGE][PASSED] - Text 'fixed_width' is set on object 'Object Repository/VLink/Page_CCSale/txt_ResponseFormat'

2022-04-18 13:06:32 - [MESSAGE][PASSED] - Text 'ECOM' is set on object 'Object Repository/VLink/Page_CCSale/txt_Category'

2022-04-18 13:06:33 - [MESSAGE][PASSED] - Text '' is set on object 'Object Repository/VLink/Page_CCSale/txt_TransactionID'

2022-04-18 13:06:33 - [MESSAGE][PASSED] - Text '' is set on object 'Object Repository/VLink/Page_CCSale/txt_ApprovalCode'

2022-04-18 13:06:34 - [MESSAGE][PASSED] - Text 'Kris Roshan' is set on object 'Object Repository/VLink/Page_CCSale/txt_CardName'

2022-04-18 13:06:35 - [MESSAGE][PASSED] - Text '258 Elm Road' is set on object 'Object Repository/VLink/Page_CCSale/txt_AL1'

2022-04-18 13:06:36 - [MESSAGE][PASSED] - Text '' is set on object 'Object Repository/VLink/Page_CCSale/txt_AL2'

2022-04-18 13:06:36 - [MESSAGE][PASSED] - Text '' is set on object 'Object Repository/VLink/Page_CCSale/txt_CardCity'

2022-04-18 13:06:37 - [MESSAGE][PASSED] - Text '' is set on object 'Object Repository/VLink/Page_CCSale/txt_CardState'

2022-04-18 13:06:38 - [MESSAGE][PASSED] - Text '22201' is set on object 'Object Repository/VLink/Page_CCSale/txt_CardZIP'

2022-04-18 13:06:39 - [MESSAGE][PASSED] - Text '' is set on object 'Object Repository/VLink/Page_CCSale/txt_CountryID'

2022-04-18 13:06:39 - [MESSAGE][PASSED] - Text '1.50' is set on object 'Object Repository/VLink/Page_CCSale/txt_Amount'

2022-04-18 13:06:40 - [MESSAGE][PASSED] - Text '4111111111111111' is set on object 'Object Repository/VLink/Page_CCSale/txt_CardNumber'

2022-04-18 13:06:41 - [MESSAGE][PASSED] - Text '12' is set on object 'Object Repository/VLink/Page_CCSale/txt_ExpMonth'

2022-04-18 13:06:42 - [MESSAGE][PASSED] - Text '2025' is set on object 'Object Repository/VLink/Page_CCSale/txt_ExpYear'

2022-04-18 13:06:42 - [MESSAGE][PASSED] - Text '' is set on object 'Object Repository/VLink/Page_CCSale/txt_CVV'

2022-04-18 13:06:43 - [MESSAGE][PASSED] - Text '' is set on object 'Object Repository/VLink/Page_CCSale/txt_CVVstate'

2022-04-18 13:06:44 - [MESSAGE][PASSED] - Text '' is set on object 'Object Repository/VLink/Page_CCSale/txt_TrackData'

2022-04-18 13:06:45 - [MESSAGE][PASSED] - Text '' is set on object 'Object Repository/VLink/Page_CCSale/txt_Track1Data'

2022-04-18 13:06:46 - [MESSAGE][PASSED] - Text '' is set on object 'Object Repository/VLink/Page_CCSale/txt_Track2Data'

2022-04-18 13:06:46 - [MESSAGE][PASSED] - Text '' is set on object 'Object Repository/VLink/Page_CCSale/txt_POSEntryMode'

2022-04-18 13:06:47 - [MESSAGE][PASSED] - Text '' is set on object 'Object Repository/VLink/Page_CCSale/txt_Email'

2022-04-18 13:06:48 - [MESSAGE][PASSED] - Text '' is set on object 'Object Repository/VLink/Page_CCSale/txt_OrderNumber'

2022-04-18 13:06:49 - [MESSAGE][PASSED] - Text '' is set on object 'Object Repository/VLink/Page_CCSale/txt_TaxAmount'

2022-04-18 13:06:49 - [MESSAGE][PASSED] - Text '' is set on object 'Object Repository/VLink/Page_CCSale/txt_ChargeDescription'

2022-04-18 13:06:50 - [MESSAGE][PASSED] - Text '' is set on object 'Object Repository/VLink/Page_CCSale/txt_CAN'

2022-04-18 13:06:51 - [MESSAGE][PASSED] - Text '' is set on object 'Object Repository/VLink/Page_CCSale/txt_BillPaymentIndicator'

2022-04-18 13:06:51 - [MESSAGE][PASSED] - Text '' is set on object 'Object Repository/VLink/Page_CCSale/txt_UDF1'

2022-04-18 13:06:52 - [MESSAGE][PASSED] - Text '' is set on object 'Object Repository/VLink/Page_CCSale/txt_UDF2'

2022-04-18 13:06:53 - [MESSAGE][PASSED] - Text '' is set on object 'Object Repository/VLink/Page_CCSale/txt_UDF3'

2022-04-18 13:06:54 - [MESSAGE][PASSED] - Text '' is set on object 'Object Repository/VLink/Page_CCSale/txt_UDF4'

2022-04-18 13:06:54 - [MESSAGE][PASSED] - Text '' is set on object 'Object Repository/VLink/Page_CCSale/txt_UDF5'

2022-04-18 13:06:55 - [MESSAGE][PASSED] - Text '' is set on object 'Object Repository/VLink/Page_CCSale/txt_UDF6'

2022-04-18 13:06:56 - [MESSAGE][PASSED] - Text '' is set on object 'Object Repository/VLink/Page_CCSale/txt_UDF7'

2022-04-18 13:06:57 - [MESSAGE][PASSED] - Text '' is set on object 'Object Repository/VLink/Page_CCSale/txt_UDF8'

2022-04-18 13:06:57 - [MESSAGE][PASSED] - Text '' is set on object 'Object Repository/VLink/Page_CCSale/txt_UDF9'

2022-04-18 13:06:58 - [MESSAGE][PASSED] - Text '' is set on object 'Object Repository/VLink/Page_CCSale/txt_UDF10'

2022-04-18 13:06:59 - [MESSAGE][PASSED] - Text '' is set on object 'Object Repository/VLink/Page_CCSale/txt_CardOnFileIndicator'

2022-04-18 13:07:00 - [MESSAGE][PASSED] - Text '' is set on object 'Object Repository/VLink/Page_CCSale/txt_StoredCredentialIndicator'

2022-04-18 13:07:00 - [MESSAGE][PASSED] - Text '' is set on object 'Object Repository/VLink/Page_CCSale/txt_COFScheduledIndicator'

2022-04-18 13:07:01 - [MESSAGE][PASSED] - Text '' is set on object 'Object Repository/VLink/Page_CCSale/txt_COFTransactionInitiatedBy'

2022-04-18 13:07:02 - [MESSAGE][PASSED] - Object: 'Object Repository/VLink/Page_CCSale/btn_ProcessVLinkTransaction' is clicked on

2022-04-18 13:07:07 - [MESSAGE][PASSED] - vlinkPages.saleCCPage.setDataSCC is PASSED

2022-04-18 13:07:07 - [TEST_STEP][FAILED] - if (verifyTextPresent("Transaction approved, no errors", true)): Text 'Transaction approved, no errors' is not present on page  using regular expression (Root cause: com.kms.katalon.core.exception.StepFailedException: Text 'Transaction approved, no errors' is not present on page  using regular expression
	at com.kms.katalon.core.webui.keyword.internal.WebUIKeywordMain.stepFailed(WebUIKeywordMain.groovy:64)
	at com.kms.katalon.core.webui.keyword.builtin.VerifyTextPresentKeyword$_verifyTextPresent_closure1.doCall(VerifyTextPresentKeyword.groovy:79)
	at com.kms.katalon.core.webui.keyword.builtin.VerifyTextPresentKeyword$_verifyTextPresent_closure1.call(VerifyTextPresentKeyword.groovy)
	at com.kms.katalon.core.webui.keyword.internal.WebUIKeywordMain.runKeyword(WebUIKeywordMain.groovy:20)
	at com.kms.katalon.core.webui.keyword.builtin.VerifyTextPresentKeyword.verifyTextPresent(VerifyTextPresentKeyword.groovy:83)
	at com.kms.katalon.core.webui.keyword.builtin.VerifyTextPresentKeyword.execute(VerifyTextPresentKeyword.groovy:68)
	at com.kms.katalon.core.keyword.internal.KeywordExecutor.executeKeywordForPlatform(KeywordExecutor.groovy:74)
	at com.kms.katalon.core.webui.keyword.WebUiBuiltInKeywords.verifyTextPresent(WebUiBuiltInKeywords.groovy:1723)
	at com.kms.katalon.core.webui.keyword.WebUiBuiltInKeywords$verifyTextPresent$4.call(Unknown Source)
	at VLinkSale-Successful.run(VLinkSale-Successful:88)
	at com.kms.katalon.core.main.ScriptEngine.run(ScriptEngine.java:194)
	at com.kms.katalon.core.main.ScriptEngine.runScriptAsRawText(ScriptEngine.java:119)
	at com.kms.katalon.core.main.TestCaseExecutor.runScript(TestCaseExecutor.java:442)
	at com.kms.katalon.core.main.TestCaseExecutor.doExecute(TestCaseExecutor.java:433)
	at com.kms.katalon.core.main.TestCaseExecutor.processExecutionPhase(TestCaseExecutor.java:412)
	at com.kms.katalon.core.main.TestCaseExecutor.accessMainPhase(TestCaseExecutor.java:404)
	at com.kms.katalon.core.main.TestCaseExecutor.execute(TestCaseExecutor.java:281)
	at com.kms.katalon.core.main.TestSuiteExecutor.accessTestCaseMainPhase(TestSuiteExecutor.java:202)
	at com.kms.katalon.core.main.TestSuiteExecutor.accessTestSuiteMainPhase(TestSuiteExecutor.java:164)
	at com.kms.katalon.core.main.TestSuiteExecutor.execute(TestSuiteExecutor.java:105)
	at com.kms.katalon.core.main.TestCaseMain.startTestSuite(TestCaseMain.java:185)
	at com.kms.katalon.core.main.TestCaseMain$startTestSuite$0.call(Unknown Source)
	at TempTestSuite1650298796406.run(TempTestSuite1650298796406.groovy:36)
)

2022-04-18 13:07:08 - [MESSAGE][FAILED] - Text 'Transaction approved, no errors' is not present on page  using regular expression (Root cause: com.kms.katalon.core.exception.StepFailedException: Text 'Transaction approved, no errors' is not present on page  using regular expression
	at com.kms.katalon.core.webui.keyword.internal.WebUIKeywordMain.stepFailed(WebUIKeywordMain.groovy:64)
	at com.kms.katalon.core.webui.keyword.builtin.VerifyTextPresentKeyword$_verifyTextPresent_closure1.doCall(VerifyTextPresentKeyword.groovy:79)
	at com.kms.katalon.core.webui.keyword.builtin.VerifyTextPresentKeyword$_verifyTextPresent_closure1.call(VerifyTextPresentKeyword.groovy)
	at com.kms.katalon.core.webui.keyword.internal.WebUIKeywordMain.runKeyword(WebUIKeywordMain.groovy:20)
	at com.kms.katalon.core.webui.keyword.builtin.VerifyTextPresentKeyword.verifyTextPresent(VerifyTextPresentKeyword.groovy:83)
	at com.kms.katalon.core.webui.keyword.builtin.VerifyTextPresentKeyword.execute(VerifyTextPresentKeyword.groovy:68)
	at com.kms.katalon.core.keyword.internal.KeywordExecutor.executeKeywordForPlatform(KeywordExecutor.groovy:74)
	at com.kms.katalon.core.webui.keyword.WebUiBuiltInKeywords.verifyTextPresent(WebUiBuiltInKeywords.groovy:1723)
	at com.kms.katalon.core.webui.keyword.WebUiBuiltInKeywords$verifyTextPresent$4.call(Unknown Source)
	at VLinkSale-Successful.run(VLinkSale-Successful:88)
	at com.kms.katalon.core.main.ScriptEngine.run(ScriptEngine.java:194)
	at com.kms.katalon.core.main.ScriptEngine.runScriptAsRawText(ScriptEngine.java:119)
	at com.kms.katalon.core.main.TestCaseExecutor.runScript(TestCaseExecutor.java:442)
	at com.kms.katalon.core.main.TestCaseExecutor.doExecute(TestCaseExecutor.java:433)
	at com.kms.katalon.core.main.TestCaseExecutor.processExecutionPhase(TestCaseExecutor.java:412)
	at com.kms.katalon.core.main.TestCaseExecutor.accessMainPhase(TestCaseExecutor.java:404)
	at com.kms.katalon.core.main.TestCaseExecutor.execute(TestCaseExecutor.java:281)
	at com.kms.katalon.core.main.TestSuiteExecutor.accessTestCaseMainPhase(TestSuiteExecutor.java:202)
	at com.kms.katalon.core.main.TestSuiteExecutor.accessTestSuiteMainPhase(TestSuiteExecutor.java:164)
	at com.kms.katalon.core.main.TestSuiteExecutor.execute(TestSuiteExecutor.java:105)
	at com.kms.katalon.core.main.TestCaseMain.startTestSuite(TestCaseMain.java:185)
	at com.kms.katalon.core.main.TestCaseMain$startTestSuite$0.call(Unknown Source)
	at TempTestSuite1650298796406.run(TempTestSuite1650298796406.groovy:36)
)

2022-04-18 13:07:08 - [TEST_STEP][PASSED] - else: pages.WriteExcel.demoKey is PASSED

2022-04-18 13:07:08 - [TEST_STEP][PASSED] - println("Transaction Approved, no errors text is not present on the Confirmation page"): null

2022-04-18 13:07:08 - [TEST_STEP][PASSED] - out.println("Fail Record Number: " + row): null

2022-04-18 13:07:08 - [TEST_STEP][PASSED] - resText = "Fail": null

2022-04-18 13:07:08 - [TEST_STEP][PASSED] - pages.WriteExcel.demoKey(resText, datText, resColumn, datCloumn, fileLoc, nameSheet, row): pages.WriteExcel.demoKey is PASSED

2022-04-18 13:07:08 - [MESSAGE][PASSED] - pages.WriteExcel.demoKey is PASSED

2022-04-18 13:07:08 - [TEST_STEP][PASSED] - sdfo = getText(findTestObject("Object Repository/Page_VLinkReceipt/pre_STX")): Text of object 'Object Repository/Page_VLinkReceipt/pre_STX' is: '<STX>wihGTlK4Sk3a                  12114954            2  Transaction failed                                101Card type not valid                                                                        <ETX>'

2022-04-18 13:07:08 - [MESSAGE][PASSED] - Text of object 'Object Repository/Page_VLinkReceipt/pre_STX' is: '<STX>wihGTlK4Sk3a                  12114954            2  Transaction failed                                101Card type not valid                                                                        <ETX>'

2022-04-18 13:07:08 - [TEST_STEP][PASSED] - out.println("sdfo: " + sdfo): null

2022-04-18 13:07:08 - [TEST_STEP][PASSED] - remID = substring(5, 35).trim(): null

2022-04-18 13:07:08 - [TEST_STEP][PASSED] - out.println("Remittance ID: " + remID): null

2022-04-18 13:07:08 - [TEST_STEP][PASSED] - traxID = substring(35, 55).trim(): null

2022-04-18 13:07:08 - [TEST_STEP][PASSED] - out.println("Transaction ID: " + traxID): null

2022-04-18 13:07:08 - [TEST_STEP][PASSED] - out.println("End Record Number: " + row): null

2022-04-18 13:07:08 - [TEST_STEP][PASSED] - closeBrowser(): Browser is closed

2022-04-18 13:07:09 - [MESSAGE][PASSED] - Browser is closed

2022-04-18 13:07:09 - [TEST_STEP][PASSED] - ExecuteTC = findTestData(dataFile).getValue("Execute", row): null

2022-04-18 13:07:09 - [TEST_STEP][PASSED] - out.println("Value of Execute is : " + ExecuteTC): null

2022-04-18 13:07:09 - [TEST_STEP][PASSED] - if (ExecuteTC.equalsIgnoreCase("Y")): Browser is closed

2022-04-18 13:07:09 - [TEST_STEP][PASSED] - out.println("Begin Record Number: " + row): null

2022-04-18 13:07:09 - [TEST_STEP][PASSED] - today = new java.util.Date(): null

2022-04-18 13:07:09 - [TEST_STEP][PASSED] - println(today): null

2022-04-18 13:07:09 - [TEST_STEP][PASSED] - datText = today: null

2022-04-18 13:07:09 - [TEST_STEP][PASSED] - openBrowser(VLinkURL + "authcap.html"): Browser is opened with url: 'https://dev-algorithm.govolution.com/vlinktest/QA/version_2_0/authcap.html'

2022-04-18 13:07:09 - [MESSAGE][INFO] - Starting 'Chrome' driver

2022-04-18 13:07:09 - [MESSAGE][INFO] - User set preference: ['acceptInsecureCerts', 'true']

2022-04-18 13:07:09 - [MESSAGE][INFO] - Action delay is set to 0 milliseconds

2022-04-18 13:07:11 - [MESSAGE][PASSED] - Browser is opened with url: 'https://dev-algorithm.govolution.com/vlinktest/QA/version_2_0/authcap.html'

2022-04-18 13:07:11 - [TEST_STEP][PASSED] - maximizeWindow(): Current window maximized

2022-04-18 13:07:11 - [MESSAGE][PASSED] - Current window maximized

2022-04-18 13:07:11 - [TEST_STEP][PASSED] - vlinkPages.saleCCPage.setDataSCC(row, dataFile): vlinkPages.saleCCPage.setDataSCC is PASSED

2022-04-18 13:07:14 - [MESSAGE][PASSED] - Object 'Object Repository/VLink/Page_CCSale/txt_CardNumber' is present

2022-04-18 13:07:15 - [MESSAGE][PASSED] - Text '104' is set on object 'Object Repository/VLink/Page_CCSale/txt_TransactionType'

2022-04-18 13:07:15 - [MESSAGE][PASSED] - Text '2.0C' is set on object 'Object Repository/VLink/Page_CCSale/txt_MessageVersion'

2022-04-18 13:07:16 - [MESSAGE][PASSED] - Text 'yd6bOMmk8pf7' is set on object 'Object Repository/VLink/Page_CCSale/txt_RemID'

2022-04-18 13:07:16 - [MESSAGE][PASSED] - Text '665' is set on object 'Object Repository/VLink/Page_CCSale/txt_ApplicationId'

2022-04-18 13:07:17 - [MESSAGE][PASSED] - Text 'username' is set on object 'Object Repository/VLink/Page_CCSale/txt_Username'

2022-04-18 13:07:18 - [MESSAGE][PASSED] - Text 'password' is set on object 'Object Repository/VLink/Page_CCSale/txt_Password'

2022-04-18 13:07:18 - [MESSAGE][PASSED] - Text 'fixed_width' is set on object 'Object Repository/VLink/Page_CCSale/txt_ResponseFormat'

2022-04-18 13:07:19 - [MESSAGE][PASSED] - Text 'MOTO' is set on object 'Object Repository/VLink/Page_CCSale/txt_Category'

2022-04-18 13:07:20 - [MESSAGE][PASSED] - Text '' is set on object 'Object Repository/VLink/Page_CCSale/txt_TransactionID'

2022-04-18 13:07:20 - [MESSAGE][PASSED] - Text '' is set on object 'Object Repository/VLink/Page_CCSale/txt_ApprovalCode'

2022-04-18 13:07:21 - [MESSAGE][PASSED] - Text 'Kris Roshan' is set on object 'Object Repository/VLink/Page_CCSale/txt_CardName'

2022-04-18 13:07:22 - [MESSAGE][PASSED] - Text '258 Elm Road' is set on object 'Object Repository/VLink/Page_CCSale/txt_AL1'

2022-04-18 13:07:22 - [MESSAGE][PASSED] - Text '' is set on object 'Object Repository/VLink/Page_CCSale/txt_AL2'

2022-04-18 13:07:23 - [MESSAGE][PASSED] - Text '' is set on object 'Object Repository/VLink/Page_CCSale/txt_CardCity'

2022-04-18 13:07:24 - [MESSAGE][PASSED] - Text '' is set on object 'Object Repository/VLink/Page_CCSale/txt_CardState'

2022-04-18 13:07:24 - [MESSAGE][PASSED] - Text '22201' is set on object 'Object Repository/VLink/Page_CCSale/txt_CardZIP'

2022-04-18 13:07:25 - [MESSAGE][PASSED] - Text '' is set on object 'Object Repository/VLink/Page_CCSale/txt_CountryID'

2022-04-18 13:07:26 - [MESSAGE][PASSED] - Text '1.50' is set on object 'Object Repository/VLink/Page_CCSale/txt_Amount'

2022-04-18 13:07:26 - [MESSAGE][PASSED] - Text '4111111111111111' is set on object 'Object Repository/VLink/Page_CCSale/txt_CardNumber'

2022-04-18 13:07:27 - [MESSAGE][PASSED] - Text '12' is set on object 'Object Repository/VLink/Page_CCSale/txt_ExpMonth'

2022-04-18 13:07:28 - [MESSAGE][PASSED] - Text '2025' is set on object 'Object Repository/VLink/Page_CCSale/txt_ExpYear'

2022-04-18 13:07:29 - [MESSAGE][PASSED] - Text '' is set on object 'Object Repository/VLink/Page_CCSale/txt_CVV'

2022-04-18 13:07:29 - [MESSAGE][PASSED] - Text '' is set on object 'Object Repository/VLink/Page_CCSale/txt_CVVstate'

2022-04-18 13:07:30 - [MESSAGE][PASSED] - Text '' is set on object 'Object Repository/VLink/Page_CCSale/txt_TrackData'

2022-04-18 13:07:31 - [MESSAGE][PASSED] - Text '' is set on object 'Object Repository/VLink/Page_CCSale/txt_Track1Data'

2022-04-18 13:07:31 - [MESSAGE][PASSED] - Text '' is set on object 'Object Repository/VLink/Page_CCSale/txt_Track2Data'

2022-04-18 13:07:32 - [MESSAGE][PASSED] - Text '' is set on object 'Object Repository/VLink/Page_CCSale/txt_POSEntryMode'

2022-04-18 13:07:33 - [MESSAGE][PASSED] - Text '' is set on object 'Object Repository/VLink/Page_CCSale/txt_Email'

2022-04-18 13:07:33 - [MESSAGE][PASSED] - Text '' is set on object 'Object Repository/VLink/Page_CCSale/txt_OrderNumber'

2022-04-18 13:07:34 - [MESSAGE][PASSED] - Text '' is set on object 'Object Repository/VLink/Page_CCSale/txt_TaxAmount'

2022-04-18 13:07:35 - [MESSAGE][PASSED] - Text '' is set on object 'Object Repository/VLink/Page_CCSale/txt_ChargeDescription'

2022-04-18 13:07:35 - [MESSAGE][PASSED] - Text '' is set on object 'Object Repository/VLink/Page_CCSale/txt_CAN'

2022-04-18 13:07:36 - [MESSAGE][PASSED] - Text '' is set on object 'Object Repository/VLink/Page_CCSale/txt_BillPaymentIndicator'

2022-04-18 13:07:37 - [MESSAGE][PASSED] - Text '' is set on object 'Object Repository/VLink/Page_CCSale/txt_UDF1'

2022-04-18 13:07:37 - [MESSAGE][PASSED] - Text '' is set on object 'Object Repository/VLink/Page_CCSale/txt_UDF2'

2022-04-18 13:07:38 - [MESSAGE][PASSED] - Text '' is set on object 'Object Repository/VLink/Page_CCSale/txt_UDF3'

2022-04-18 13:07:39 - [MESSAGE][PASSED] - Text '' is set on object 'Object Repository/VLink/Page_CCSale/txt_UDF4'

2022-04-18 13:07:40 - [MESSAGE][PASSED] - Text '' is set on object 'Object Repository/VLink/Page_CCSale/txt_UDF5'

2022-04-18 13:07:40 - [MESSAGE][PASSED] - Text '' is set on object 'Object Repository/VLink/Page_CCSale/txt_UDF6'

2022-04-18 13:07:41 - [MESSAGE][PASSED] - Text '' is set on object 'Object Repository/VLink/Page_CCSale/txt_UDF7'

2022-04-18 13:07:42 - [MESSAGE][PASSED] - Text '' is set on object 'Object Repository/VLink/Page_CCSale/txt_UDF8'

2022-04-18 13:07:42 - [MESSAGE][PASSED] - Text '' is set on object 'Object Repository/VLink/Page_CCSale/txt_UDF9'

2022-04-18 13:07:43 - [MESSAGE][PASSED] - Text '' is set on object 'Object Repository/VLink/Page_CCSale/txt_UDF10'

2022-04-18 13:07:44 - [MESSAGE][PASSED] - Text '' is set on object 'Object Repository/VLink/Page_CCSale/txt_CardOnFileIndicator'

2022-04-18 13:07:44 - [MESSAGE][PASSED] - Text '' is set on object 'Object Repository/VLink/Page_CCSale/txt_StoredCredentialIndicator'

2022-04-18 13:07:45 - [MESSAGE][PASSED] - Text '' is set on object 'Object Repository/VLink/Page_CCSale/txt_COFScheduledIndicator'

2022-04-18 13:07:46 - [MESSAGE][PASSED] - Text '' is set on object 'Object Repository/VLink/Page_CCSale/txt_COFTransactionInitiatedBy'

2022-04-18 13:07:48 - [MESSAGE][PASSED] - Object: 'Object Repository/VLink/Page_CCSale/btn_ProcessVLinkTransaction' is clicked on

2022-04-18 13:07:53 - [MESSAGE][PASSED] - vlinkPages.saleCCPage.setDataSCC is PASSED

2022-04-18 13:07:53 - [TEST_STEP][PASSED] - if (verifyTextPresent("Transaction approved, no errors", true)): null

2022-04-18 13:07:54 - [MESSAGE][PASSED] - Text 'Transaction approved, no errors' is present on page  using regular expression

2022-04-18 13:07:54 - [TEST_STEP][PASSED] - println("Transaction Approved, no errors text is present on the Confirmation page"): null

2022-04-18 13:07:54 - [TEST_STEP][PASSED] - out.println("Pass Record Number: " + row): null

2022-04-18 13:07:54 - [TEST_STEP][PASSED] - resText = "Pass": null

2022-04-18 13:07:54 - [TEST_STEP][PASSED] - pages.WriteExcel.demoKey(resText, datText, resColumn, datCloumn, fileLoc, nameSheet, row): pages.WriteExcel.demoKey is PASSED

2022-04-18 13:07:54 - [MESSAGE][PASSED] - pages.WriteExcel.demoKey is PASSED

2022-04-18 13:07:54 - [TEST_STEP][PASSED] - sdfo = getText(findTestObject("Object Repository/Page_VLinkReceipt/pre_STX")): Text of object 'Object Repository/Page_VLinkReceipt/pre_STX' is: '<STX>yd6bOMmk8pf7                  12114955            0  Transaction approved, no errors                   0                                                                                  XXOK1174   <ETX>'

2022-04-18 13:07:54 - [MESSAGE][PASSED] - Text of object 'Object Repository/Page_VLinkReceipt/pre_STX' is: '<STX>yd6bOMmk8pf7                  12114955            0  Transaction approved, no errors                   0                                                                                  XXOK1174   <ETX>'

2022-04-18 13:07:54 - [TEST_STEP][PASSED] - out.println("sdfo: " + sdfo): null

2022-04-18 13:07:54 - [TEST_STEP][PASSED] - remID = substring(5, 35).trim(): null

2022-04-18 13:07:54 - [TEST_STEP][PASSED] - out.println("Remittance ID: " + remID): null

2022-04-18 13:07:54 - [TEST_STEP][PASSED] - traxID = substring(35, 55).trim(): null

2022-04-18 13:07:54 - [TEST_STEP][PASSED] - out.println("Transaction ID: " + traxID): null

2022-04-18 13:07:54 - [TEST_STEP][PASSED] - out.println("End Record Number: " + row): null

2022-04-18 13:07:54 - [TEST_STEP][PASSED] - closeBrowser(): Browser is closed

2022-04-18 13:07:55 - [MESSAGE][PASSED] - Browser is closed

2022-04-18 13:07:55 - [TEST_STEP][PASSED] - ExecuteTC = findTestData(dataFile).getValue("Execute", row): null

2022-04-18 13:07:55 - [TEST_STEP][PASSED] - out.println("Value of Execute is : " + ExecuteTC): null

2022-04-18 13:07:55 - [TEST_STEP][PASSED] - if (ExecuteTC.equalsIgnoreCase("Y")): Browser is closed

2022-04-18 13:07:55 - [TEST_STEP][PASSED] - out.println("Begin Record Number: " + row): null

2022-04-18 13:07:55 - [TEST_STEP][PASSED] - today = new java.util.Date(): null

2022-04-18 13:07:55 - [TEST_STEP][PASSED] - println(today): null

2022-04-18 13:07:55 - [TEST_STEP][PASSED] - datText = today: null

2022-04-18 13:07:55 - [TEST_STEP][PASSED] - openBrowser(VLinkURL + "authcap.html"): Browser is opened with url: 'https://dev-algorithm.govolution.com/vlinktest/QA/version_2_0/authcap.html'

2022-04-18 13:07:55 - [MESSAGE][INFO] - Starting 'Chrome' driver

2022-04-18 13:07:55 - [MESSAGE][INFO] - User set preference: ['acceptInsecureCerts', 'true']

2022-04-18 13:07:55 - [MESSAGE][INFO] - Action delay is set to 0 milliseconds

2022-04-18 13:07:57 - [MESSAGE][PASSED] - Browser is opened with url: 'https://dev-algorithm.govolution.com/vlinktest/QA/version_2_0/authcap.html'

2022-04-18 13:07:57 - [TEST_STEP][PASSED] - maximizeWindow(): Current window maximized

2022-04-18 13:07:57 - [MESSAGE][PASSED] - Current window maximized

2022-04-18 13:07:57 - [TEST_STEP][PASSED] - vlinkPages.saleCCPage.setDataSCC(row, dataFile): vlinkPages.saleCCPage.setDataSCC is PASSED

2022-04-18 13:08:00 - [MESSAGE][PASSED] - Object 'Object Repository/VLink/Page_CCSale/txt_CardNumber' is present

2022-04-18 13:08:00 - [MESSAGE][PASSED] - Text '104' is set on object 'Object Repository/VLink/Page_CCSale/txt_TransactionType'

2022-04-18 13:08:01 - [MESSAGE][PASSED] - Text '2.0C' is set on object 'Object Repository/VLink/Page_CCSale/txt_MessageVersion'

2022-04-18 13:08:01 - [MESSAGE][PASSED] - Text 'nk9zHgNKs2xu' is set on object 'Object Repository/VLink/Page_CCSale/txt_RemID'

2022-04-18 13:08:02 - [MESSAGE][PASSED] - Text '665' is set on object 'Object Repository/VLink/Page_CCSale/txt_ApplicationId'

2022-04-18 13:08:03 - [MESSAGE][PASSED] - Text 'username' is set on object 'Object Repository/VLink/Page_CCSale/txt_Username'

2022-04-18 13:08:03 - [MESSAGE][PASSED] - Text 'password' is set on object 'Object Repository/VLink/Page_CCSale/txt_Password'

2022-04-18 13:08:04 - [MESSAGE][PASSED] - Text 'fixed_width' is set on object 'Object Repository/VLink/Page_CCSale/txt_ResponseFormat'

2022-04-18 13:08:05 - [MESSAGE][PASSED] - Text 'RETL' is set on object 'Object Repository/VLink/Page_CCSale/txt_Category'

2022-04-18 13:08:05 - [MESSAGE][PASSED] - Text '' is set on object 'Object Repository/VLink/Page_CCSale/txt_TransactionID'

2022-04-18 13:08:06 - [MESSAGE][PASSED] - Text '' is set on object 'Object Repository/VLink/Page_CCSale/txt_ApprovalCode'

2022-04-18 13:08:07 - [MESSAGE][PASSED] - Text 'Kris Roshan' is set on object 'Object Repository/VLink/Page_CCSale/txt_CardName'

2022-04-18 13:08:07 - [MESSAGE][PASSED] - Text '258 Elm Road' is set on object 'Object Repository/VLink/Page_CCSale/txt_AL1'

2022-04-18 13:08:08 - [MESSAGE][PASSED] - Text '' is set on object 'Object Repository/VLink/Page_CCSale/txt_AL2'

2022-04-18 13:08:09 - [MESSAGE][PASSED] - Text '' is set on object 'Object Repository/VLink/Page_CCSale/txt_CardCity'

2022-04-18 13:08:09 - [MESSAGE][PASSED] - Text '' is set on object 'Object Repository/VLink/Page_CCSale/txt_CardState'

2022-04-18 13:08:10 - [MESSAGE][PASSED] - Text '22201' is set on object 'Object Repository/VLink/Page_CCSale/txt_CardZIP'

2022-04-18 13:08:11 - [MESSAGE][PASSED] - Text '' is set on object 'Object Repository/VLink/Page_CCSale/txt_CountryID'

2022-04-18 13:08:11 - [MESSAGE][PASSED] - Text '1.50' is set on object 'Object Repository/VLink/Page_CCSale/txt_Amount'

2022-04-18 13:08:12 - [MESSAGE][PASSED] - Text '4111111111111111' is set on object 'Object Repository/VLink/Page_CCSale/txt_CardNumber'

2022-04-18 13:08:13 - [MESSAGE][PASSED] - Text '12' is set on object 'Object Repository/VLink/Page_CCSale/txt_ExpMonth'

2022-04-18 13:08:14 - [MESSAGE][PASSED] - Text '2025' is set on object 'Object Repository/VLink/Page_CCSale/txt_ExpYear'

2022-04-18 13:08:14 - [MESSAGE][PASSED] - Text '' is set on object 'Object Repository/VLink/Page_CCSale/txt_CVV'

2022-04-18 13:08:15 - [MESSAGE][PASSED] - Text '' is set on object 'Object Repository/VLink/Page_CCSale/txt_CVVstate'

2022-04-18 13:08:16 - [MESSAGE][PASSED] - Text '' is set on object 'Object Repository/VLink/Page_CCSale/txt_TrackData'

2022-04-18 13:08:16 - [MESSAGE][PASSED] - Text '' is set on object 'Object Repository/VLink/Page_CCSale/txt_Track1Data'

2022-04-18 13:08:17 - [MESSAGE][PASSED] - Text '' is set on object 'Object Repository/VLink/Page_CCSale/txt_Track2Data'

2022-04-18 13:08:18 - [MESSAGE][PASSED] - Text '' is set on object 'Object Repository/VLink/Page_CCSale/txt_POSEntryMode'

2022-04-18 13:08:18 - [MESSAGE][PASSED] - Text '' is set on object 'Object Repository/VLink/Page_CCSale/txt_Email'

2022-04-18 13:08:19 - [MESSAGE][PASSED] - Text '' is set on object 'Object Repository/VLink/Page_CCSale/txt_OrderNumber'

2022-04-18 13:08:20 - [MESSAGE][PASSED] - Text '' is set on object 'Object Repository/VLink/Page_CCSale/txt_TaxAmount'

2022-04-18 13:08:20 - [MESSAGE][PASSED] - Text '' is set on object 'Object Repository/VLink/Page_CCSale/txt_ChargeDescription'

2022-04-18 13:08:21 - [MESSAGE][PASSED] - Text '' is set on object 'Object Repository/VLink/Page_CCSale/txt_CAN'

2022-04-18 13:08:22 - [MESSAGE][PASSED] - Text '' is set on object 'Object Repository/VLink/Page_CCSale/txt_BillPaymentIndicator'

2022-04-18 13:08:22 - [MESSAGE][PASSED] - Text '' is set on object 'Object Repository/VLink/Page_CCSale/txt_UDF1'

2022-04-18 13:08:23 - [MESSAGE][PASSED] - Text '' is set on object 'Object Repository/VLink/Page_CCSale/txt_UDF2'

2022-04-18 13:08:24 - [MESSAGE][PASSED] - Text '' is set on object 'Object Repository/VLink/Page_CCSale/txt_UDF3'

2022-04-18 13:08:25 - [MESSAGE][PASSED] - Text '' is set on object 'Object Repository/VLink/Page_CCSale/txt_UDF4'

2022-04-18 13:08:25 - [MESSAGE][PASSED] - Text '' is set on object 'Object Repository/VLink/Page_CCSale/txt_UDF5'

2022-04-18 13:08:26 - [MESSAGE][PASSED] - Text '' is set on object 'Object Repository/VLink/Page_CCSale/txt_UDF6'

2022-04-18 13:08:27 - [MESSAGE][PASSED] - Text '' is set on object 'Object Repository/VLink/Page_CCSale/txt_UDF7'

2022-04-18 13:08:27 - [MESSAGE][PASSED] - Text '' is set on object 'Object Repository/VLink/Page_CCSale/txt_UDF8'

2022-04-18 13:08:28 - [MESSAGE][PASSED] - Text '' is set on object 'Object Repository/VLink/Page_CCSale/txt_UDF9'

2022-04-18 13:08:29 - [MESSAGE][PASSED] - Text '' is set on object 'Object Repository/VLink/Page_CCSale/txt_UDF10'

2022-04-18 13:08:29 - [MESSAGE][PASSED] - Text '' is set on object 'Object Repository/VLink/Page_CCSale/txt_CardOnFileIndicator'

2022-04-18 13:08:30 - [MESSAGE][PASSED] - Text '' is set on object 'Object Repository/VLink/Page_CCSale/txt_StoredCredentialIndicator'

2022-04-18 13:08:31 - [MESSAGE][PASSED] - Text '' is set on object 'Object Repository/VLink/Page_CCSale/txt_COFScheduledIndicator'

2022-04-18 13:08:31 - [MESSAGE][PASSED] - Text '' is set on object 'Object Repository/VLink/Page_CCSale/txt_COFTransactionInitiatedBy'

2022-04-18 13:08:34 - [MESSAGE][PASSED] - Object: 'Object Repository/VLink/Page_CCSale/btn_ProcessVLinkTransaction' is clicked on

2022-04-18 13:08:39 - [MESSAGE][PASSED] - vlinkPages.saleCCPage.setDataSCC is PASSED

2022-04-18 13:08:39 - [TEST_STEP][PASSED] - if (verifyTextPresent("Transaction approved, no errors", true)): null

2022-04-18 13:08:39 - [MESSAGE][PASSED] - Text 'Transaction approved, no errors' is present on page  using regular expression

2022-04-18 13:08:39 - [TEST_STEP][PASSED] - println("Transaction Approved, no errors text is present on the Confirmation page"): null

2022-04-18 13:08:39 - [TEST_STEP][PASSED] - out.println("Pass Record Number: " + row): null

2022-04-18 13:08:39 - [TEST_STEP][PASSED] - resText = "Pass": null

2022-04-18 13:08:39 - [TEST_STEP][PASSED] - pages.WriteExcel.demoKey(resText, datText, resColumn, datCloumn, fileLoc, nameSheet, row): pages.WriteExcel.demoKey is PASSED

2022-04-18 13:08:40 - [MESSAGE][PASSED] - pages.WriteExcel.demoKey is PASSED

2022-04-18 13:08:40 - [TEST_STEP][PASSED] - sdfo = getText(findTestObject("Object Repository/Page_VLinkReceipt/pre_STX")): Text of object 'Object Repository/Page_VLinkReceipt/pre_STX' is: '<STX>nk9zHgNKs2xu                  12114956            0  Transaction approved, no errors                   0                                                                                  X OK1424   <ETX>'

2022-04-18 13:08:40 - [MESSAGE][PASSED] - Text of object 'Object Repository/Page_VLinkReceipt/pre_STX' is: '<STX>nk9zHgNKs2xu                  12114956            0  Transaction approved, no errors                   0                                                                                  X OK1424   <ETX>'

2022-04-18 13:08:40 - [TEST_STEP][PASSED] - out.println("sdfo: " + sdfo): null

2022-04-18 13:08:40 - [TEST_STEP][PASSED] - remID = substring(5, 35).trim(): null

2022-04-18 13:08:40 - [TEST_STEP][PASSED] - out.println("Remittance ID: " + remID): null

2022-04-18 13:08:40 - [TEST_STEP][PASSED] - traxID = substring(35, 55).trim(): null

2022-04-18 13:08:40 - [TEST_STEP][PASSED] - out.println("Transaction ID: " + traxID): null

2022-04-18 13:08:40 - [TEST_STEP][PASSED] - out.println("End Record Number: " + row): null

2022-04-18 13:08:40 - [TEST_STEP][PASSED] - closeBrowser(): Browser is closed

2022-04-18 13:08:41 - [MESSAGE][PASSED] - Browser is closed

2022-04-18 13:08:41 - [TEST_STEP][PASSED] - ExecuteTC = findTestData(dataFile).getValue("Execute", row): null

2022-04-18 13:08:41 - [TEST_STEP][PASSED] - out.println("Value of Execute is : " + ExecuteTC): null

2022-04-18 13:08:41 - [TEST_STEP][PASSED] - if (ExecuteTC.equalsIgnoreCase("Y")): null

2022-04-18 13:08:41 - [TEST_STEP][PASSED] - ExecuteTC = findTestData(dataFile).getValue("Execute", row): null

2022-04-18 13:08:41 - [TEST_STEP][PASSED] - out.println("Value of Execute is : " + ExecuteTC): null

2022-04-18 13:08:41 - [TEST_STEP][PASSED] - if (ExecuteTC.equalsIgnoreCase("Y")): null

2022-04-18 13:08:41 - [TEST_STEP][PASSED] - ExecuteTC = findTestData(dataFile).getValue("Execute", row): null

2022-04-18 13:08:41 - [TEST_STEP][PASSED] - out.println("Value of Execute is : " + ExecuteTC): null

2022-04-18 13:08:41 - [TEST_STEP][PASSED] - if (ExecuteTC.equalsIgnoreCase("Y")): null

2022-04-18 13:08:41 - [TEST_STEP][PASSED] - ExecuteTC = findTestData(dataFile).getValue("Execute", row): null

2022-04-18 13:08:41 - [TEST_STEP][PASSED] - out.println("Value of Execute is : " + ExecuteTC): null

2022-04-18 13:08:41 - [TEST_STEP][PASSED] - if (ExecuteTC.equalsIgnoreCase("Y")): Browser is closed

2022-04-18 13:08:41 - [TEST_STEP][PASSED] - out.println("Begin Record Number: " + row): null

2022-04-18 13:08:41 - [TEST_STEP][PASSED] - today = new java.util.Date(): null

2022-04-18 13:08:41 - [TEST_STEP][PASSED] - println(today): null

2022-04-18 13:08:41 - [TEST_STEP][PASSED] - datText = today: null

2022-04-18 13:08:41 - [TEST_STEP][PASSED] - openBrowser(VLinkURL + "authcap.html"): Browser is opened with url: 'https://dev-algorithm.govolution.com/vlinktest/QA/version_2_0/authcap.html'

2022-04-18 13:08:41 - [MESSAGE][INFO] - Starting 'Chrome' driver

2022-04-18 13:08:41 - [MESSAGE][INFO] - User set preference: ['acceptInsecureCerts', 'true']

2022-04-18 13:08:41 - [MESSAGE][INFO] - Action delay is set to 0 milliseconds

2022-04-18 13:08:43 - [MESSAGE][PASSED] - Browser is opened with url: 'https://dev-algorithm.govolution.com/vlinktest/QA/version_2_0/authcap.html'

2022-04-18 13:08:43 - [TEST_STEP][PASSED] - maximizeWindow(): Current window maximized

2022-04-18 13:08:43 - [MESSAGE][PASSED] - Current window maximized

2022-04-18 13:08:43 - [TEST_STEP][PASSED] - vlinkPages.saleCCPage.setDataSCC(row, dataFile): vlinkPages.saleCCPage.setDataSCC is PASSED

2022-04-18 13:08:46 - [MESSAGE][PASSED] - Object 'Object Repository/VLink/Page_CCSale/txt_CardNumber' is present

2022-04-18 13:08:46 - [MESSAGE][PASSED] - Text '104' is set on object 'Object Repository/VLink/Page_CCSale/txt_TransactionType'

2022-04-18 13:08:47 - [MESSAGE][PASSED] - Text '2.0C' is set on object 'Object Repository/VLink/Page_CCSale/txt_MessageVersion'

2022-04-18 13:08:48 - [MESSAGE][PASSED] - Text 'OcioFZNwmOGv' is set on object 'Object Repository/VLink/Page_CCSale/txt_RemID'

2022-04-18 13:08:48 - [MESSAGE][PASSED] - Text '665' is set on object 'Object Repository/VLink/Page_CCSale/txt_ApplicationId'

2022-04-18 13:08:49 - [MESSAGE][PASSED] - Text 'username' is set on object 'Object Repository/VLink/Page_CCSale/txt_Username'

2022-04-18 13:08:49 - [MESSAGE][PASSED] - Text 'password' is set on object 'Object Repository/VLink/Page_CCSale/txt_Password'

2022-04-18 13:08:50 - [MESSAGE][PASSED] - Text 'fixed_width' is set on object 'Object Repository/VLink/Page_CCSale/txt_ResponseFormat'

2022-04-18 13:08:51 - [MESSAGE][PASSED] - Text 'RETL' is set on object 'Object Repository/VLink/Page_CCSale/txt_Category'

2022-04-18 13:08:51 - [MESSAGE][PASSED] - Text '' is set on object 'Object Repository/VLink/Page_CCSale/txt_TransactionID'

2022-04-18 13:08:52 - [MESSAGE][PASSED] - Text '' is set on object 'Object Repository/VLink/Page_CCSale/txt_ApprovalCode'

2022-04-18 13:08:53 - [MESSAGE][PASSED] - Text '' is set on object 'Object Repository/VLink/Page_CCSale/txt_CardName'

2022-04-18 13:08:53 - [MESSAGE][PASSED] - Text '' is set on object 'Object Repository/VLink/Page_CCSale/txt_AL1'

2022-04-18 13:08:54 - [MESSAGE][PASSED] - Text '' is set on object 'Object Repository/VLink/Page_CCSale/txt_AL2'

2022-04-18 13:08:55 - [MESSAGE][PASSED] - Text '' is set on object 'Object Repository/VLink/Page_CCSale/txt_CardCity'

2022-04-18 13:08:55 - [MESSAGE][PASSED] - Text '' is set on object 'Object Repository/VLink/Page_CCSale/txt_CardState'

2022-04-18 13:08:56 - [MESSAGE][PASSED] - Text '' is set on object 'Object Repository/VLink/Page_CCSale/txt_CardZIP'

2022-04-18 13:08:57 - [MESSAGE][PASSED] - Text '' is set on object 'Object Repository/VLink/Page_CCSale/txt_CountryID'

2022-04-18 13:08:57 - [MESSAGE][PASSED] - Text '1.50' is set on object 'Object Repository/VLink/Page_CCSale/txt_Amount'

2022-04-18 13:08:58 - [MESSAGE][PASSED] - Text '' is set on object 'Object Repository/VLink/Page_CCSale/txt_CardNumber'

2022-04-18 13:08:59 - [MESSAGE][PASSED] - Text '' is set on object 'Object Repository/VLink/Page_CCSale/txt_ExpMonth'

2022-04-18 13:09:00 - [MESSAGE][PASSED] - Text '' is set on object 'Object Repository/VLink/Page_CCSale/txt_ExpYear'

2022-04-18 13:09:00 - [MESSAGE][PASSED] - Text '' is set on object 'Object Repository/VLink/Page_CCSale/txt_CVV'

2022-04-18 13:09:01 - [MESSAGE][PASSED] - Text '' is set on object 'Object Repository/VLink/Page_CCSale/txt_CVVstate'

2022-04-18 13:09:02 - [MESSAGE][PASSED] - Text '%B5567080011582646^AHMED/IMTIAZ              ^2303201090200000000000354000015?;5567080011582646=23032010902035400015?' is set on object 'Object Repository/VLink/Page_CCSale/txt_TrackData'

2022-04-18 13:09:02 - [MESSAGE][PASSED] - Text '' is set on object 'Object Repository/VLink/Page_CCSale/txt_Track1Data'

2022-04-18 13:09:03 - [MESSAGE][PASSED] - Text '' is set on object 'Object Repository/VLink/Page_CCSale/txt_Track2Data'

2022-04-18 13:09:04 - [MESSAGE][PASSED] - Text '' is set on object 'Object Repository/VLink/Page_CCSale/txt_POSEntryMode'

2022-04-18 13:09:04 - [MESSAGE][PASSED] - Text '' is set on object 'Object Repository/VLink/Page_CCSale/txt_Email'

2022-04-18 13:09:05 - [MESSAGE][PASSED] - Text '' is set on object 'Object Repository/VLink/Page_CCSale/txt_OrderNumber'

2022-04-18 13:09:06 - [MESSAGE][PASSED] - Text '' is set on object 'Object Repository/VLink/Page_CCSale/txt_TaxAmount'

2022-04-18 13:09:07 - [MESSAGE][PASSED] - Text '' is set on object 'Object Repository/VLink/Page_CCSale/txt_ChargeDescription'

2022-04-18 13:09:07 - [MESSAGE][PASSED] - Text '' is set on object 'Object Repository/VLink/Page_CCSale/txt_CAN'

2022-04-18 13:09:08 - [MESSAGE][PASSED] - Text '' is set on object 'Object Repository/VLink/Page_CCSale/txt_BillPaymentIndicator'

2022-04-18 13:09:09 - [MESSAGE][PASSED] - Text '' is set on object 'Object Repository/VLink/Page_CCSale/txt_UDF1'

2022-04-18 13:09:09 - [MESSAGE][PASSED] - Text '' is set on object 'Object Repository/VLink/Page_CCSale/txt_UDF2'

2022-04-18 13:09:10 - [MESSAGE][PASSED] - Text '' is set on object 'Object Repository/VLink/Page_CCSale/txt_UDF3'

2022-04-18 13:09:11 - [MESSAGE][PASSED] - Text '' is set on object 'Object Repository/VLink/Page_CCSale/txt_UDF4'

2022-04-18 13:09:11 - [MESSAGE][PASSED] - Text '' is set on object 'Object Repository/VLink/Page_CCSale/txt_UDF5'

2022-04-18 13:09:12 - [MESSAGE][PASSED] - Text '' is set on object 'Object Repository/VLink/Page_CCSale/txt_UDF6'

2022-04-18 13:09:13 - [MESSAGE][PASSED] - Text '' is set on object 'Object Repository/VLink/Page_CCSale/txt_UDF7'

2022-04-18 13:09:14 - [MESSAGE][PASSED] - Text '' is set on object 'Object Repository/VLink/Page_CCSale/txt_UDF8'

2022-04-18 13:09:14 - [MESSAGE][PASSED] - Text '' is set on object 'Object Repository/VLink/Page_CCSale/txt_UDF9'

2022-04-18 13:09:15 - [MESSAGE][PASSED] - Text '' is set on object 'Object Repository/VLink/Page_CCSale/txt_UDF10'

2022-04-18 13:09:16 - [MESSAGE][PASSED] - Text '' is set on object 'Object Repository/VLink/Page_CCSale/txt_CardOnFileIndicator'

2022-04-18 13:09:16 - [MESSAGE][PASSED] - Text '' is set on object 'Object Repository/VLink/Page_CCSale/txt_StoredCredentialIndicator'

2022-04-18 13:09:17 - [MESSAGE][PASSED] - Text '' is set on object 'Object Repository/VLink/Page_CCSale/txt_COFScheduledIndicator'

2022-04-18 13:09:18 - [MESSAGE][PASSED] - Text '' is set on object 'Object Repository/VLink/Page_CCSale/txt_COFTransactionInitiatedBy'

2022-04-18 13:09:21 - [MESSAGE][PASSED] - Object: 'Object Repository/VLink/Page_CCSale/btn_ProcessVLinkTransaction' is clicked on

2022-04-18 13:09:26 - [MESSAGE][PASSED] - vlinkPages.saleCCPage.setDataSCC is PASSED

2022-04-18 13:09:26 - [TEST_STEP][PASSED] - if (verifyTextPresent("Transaction approved, no errors", true)): null

2022-04-18 13:09:26 - [MESSAGE][PASSED] - Text 'Transaction approved, no errors' is present on page  using regular expression

2022-04-18 13:09:26 - [TEST_STEP][PASSED] - println("Transaction Approved, no errors text is present on the Confirmation page"): null

2022-04-18 13:09:26 - [TEST_STEP][PASSED] - out.println("Pass Record Number: " + row): null

2022-04-18 13:09:26 - [TEST_STEP][PASSED] - resText = "Pass": null

2022-04-18 13:09:26 - [TEST_STEP][PASSED] - pages.WriteExcel.demoKey(resText, datText, resColumn, datCloumn, fileLoc, nameSheet, row): pages.WriteExcel.demoKey is PASSED

2022-04-18 13:09:26 - [MESSAGE][PASSED] - pages.WriteExcel.demoKey is PASSED

2022-04-18 13:09:26 - [TEST_STEP][PASSED] - sdfo = getText(findTestObject("Object Repository/Page_VLinkReceipt/pre_STX")): Text of object 'Object Repository/Page_VLinkReceipt/pre_STX' is: '<STX>OcioFZNwmOGv                  12114957            0  Transaction approved, no errors                   0                                                                                  R OK1584   <ETX>'

2022-04-18 13:09:27 - [MESSAGE][PASSED] - Text of object 'Object Repository/Page_VLinkReceipt/pre_STX' is: '<STX>OcioFZNwmOGv                  12114957            0  Transaction approved, no errors                   0                                                                                  R OK1584   <ETX>'

2022-04-18 13:09:27 - [TEST_STEP][PASSED] - out.println("sdfo: " + sdfo): null

2022-04-18 13:09:27 - [TEST_STEP][PASSED] - remID = substring(5, 35).trim(): null

2022-04-18 13:09:27 - [TEST_STEP][PASSED] - out.println("Remittance ID: " + remID): null

2022-04-18 13:09:27 - [TEST_STEP][PASSED] - traxID = substring(35, 55).trim(): null

2022-04-18 13:09:27 - [TEST_STEP][PASSED] - out.println("Transaction ID: " + traxID): null

2022-04-18 13:09:27 - [TEST_STEP][PASSED] - out.println("End Record Number: " + row): null

2022-04-18 13:09:27 - [TEST_STEP][PASSED] - closeBrowser(): Browser is closed

2022-04-18 13:09:28 - [MESSAGE][PASSED] - Browser is closed

2022-04-18 13:09:28 - [TEST_STEP][PASSED] - ExecuteTC = findTestData(dataFile).getValue("Execute", row): null

2022-04-18 13:09:28 - [TEST_STEP][PASSED] - out.println("Value of Execute is : " + ExecuteTC): null

2022-04-18 13:09:28 - [TEST_STEP][FAILED] - if (ExecuteTC.equalsIgnoreCase("Y")): null

2022-04-18 13:09:28 - [TEST_STEP][PASSED] - out.println("Begin Record Number: " + row): null

2022-04-18 13:09:28 - [TEST_STEP][PASSED] - today = new java.util.Date(): null

2022-04-18 13:09:28 - [TEST_STEP][PASSED] - println(today): null

2022-04-18 13:09:28 - [TEST_STEP][PASSED] - datText = today: null

2022-04-18 13:09:28 - [TEST_STEP][PASSED] - openBrowser(VLinkURL + "authcap.html"): Browser is opened with url: 'https://dev-algorithm.govolution.com/vlinktest/QA/version_2_0/authcap.html'

2022-04-18 13:09:28 - [MESSAGE][INFO] - Starting 'Chrome' driver

2022-04-18 13:09:28 - [MESSAGE][INFO] - User set preference: ['acceptInsecureCerts', 'true']

2022-04-18 13:09:28 - [MESSAGE][INFO] - Action delay is set to 0 milliseconds

2022-04-18 13:09:30 - [MESSAGE][PASSED] - Browser is opened with url: 'https://dev-algorithm.govolution.com/vlinktest/QA/version_2_0/authcap.html'

2022-04-18 13:09:30 - [TEST_STEP][PASSED] - maximizeWindow(): Current window maximized

2022-04-18 13:09:30 - [MESSAGE][PASSED] - Current window maximized

2022-04-18 13:09:30 - [TEST_STEP][PASSED] - vlinkPages.saleCCPage.setDataSCC(row, dataFile): vlinkPages.saleCCPage.setDataSCC is PASSED

2022-04-18 13:09:32 - [MESSAGE][PASSED] - Object 'Object Repository/VLink/Page_CCSale/txt_CardNumber' is present

2022-04-18 13:09:33 - [MESSAGE][PASSED] - Text '104' is set on object 'Object Repository/VLink/Page_CCSale/txt_TransactionType'

2022-04-18 13:09:34 - [MESSAGE][PASSED] - Text '2.0C' is set on object 'Object Repository/VLink/Page_CCSale/txt_MessageVersion'

2022-04-18 13:09:34 - [MESSAGE][PASSED] - Text 'l7nZhWrqqo5n' is set on object 'Object Repository/VLink/Page_CCSale/txt_RemID'

2022-04-18 13:09:35 - [MESSAGE][PASSED] - Text '665' is set on object 'Object Repository/VLink/Page_CCSale/txt_ApplicationId'

2022-04-18 13:09:35 - [MESSAGE][PASSED] - Text 'username' is set on object 'Object Repository/VLink/Page_CCSale/txt_Username'

2022-04-18 13:09:36 - [MESSAGE][PASSED] - Text 'password' is set on object 'Object Repository/VLink/Page_CCSale/txt_Password'

2022-04-18 13:09:37 - [MESSAGE][PASSED] - Text 'fixed_width' is set on object 'Object Repository/VLink/Page_CCSale/txt_ResponseFormat'

2022-04-18 13:09:37 - [MESSAGE][PASSED] - Text 'RETL' is set on object 'Object Repository/VLink/Page_CCSale/txt_Category'

2022-04-18 13:09:38 - [MESSAGE][PASSED] - Text '' is set on object 'Object Repository/VLink/Page_CCSale/txt_TransactionID'

2022-04-18 13:09:39 - [MESSAGE][PASSED] - Text '' is set on object 'Object Repository/VLink/Page_CCSale/txt_ApprovalCode'

2022-04-18 13:09:39 - [MESSAGE][PASSED] - Text '' is set on object 'Object Repository/VLink/Page_CCSale/txt_CardName'

2022-04-18 13:09:40 - [MESSAGE][PASSED] - Text '' is set on object 'Object Repository/VLink/Page_CCSale/txt_AL1'

2022-04-18 13:09:41 - [MESSAGE][PASSED] - Text '' is set on object 'Object Repository/VLink/Page_CCSale/txt_AL2'

2022-04-18 13:09:41 - [MESSAGE][PASSED] - Text '' is set on object 'Object Repository/VLink/Page_CCSale/txt_CardCity'

2022-04-18 13:09:42 - [MESSAGE][PASSED] - Text '' is set on object 'Object Repository/VLink/Page_CCSale/txt_CardState'

2022-04-18 13:09:43 - [MESSAGE][PASSED] - Text '' is set on object 'Object Repository/VLink/Page_CCSale/txt_CardZIP'

2022-04-18 13:09:43 - [MESSAGE][PASSED] - Text '' is set on object 'Object Repository/VLink/Page_CCSale/txt_CountryID'

2022-04-18 13:09:44 - [MESSAGE][PASSED] - Text '1.50' is set on object 'Object Repository/VLink/Page_CCSale/txt_Amount'

2022-04-18 13:09:45 - [MESSAGE][PASSED] - Text '' is set on object 'Object Repository/VLink/Page_CCSale/txt_CardNumber'

2022-04-18 13:09:45 - [MESSAGE][PASSED] - Text '' is set on object 'Object Repository/VLink/Page_CCSale/txt_ExpMonth'

2022-04-18 13:09:46 - [MESSAGE][PASSED] - Text '' is set on object 'Object Repository/VLink/Page_CCSale/txt_ExpYear'

2022-04-18 13:09:47 - [MESSAGE][PASSED] - Text '' is set on object 'Object Repository/VLink/Page_CCSale/txt_CVV'

2022-04-18 13:09:47 - [MESSAGE][PASSED] - Text '' is set on object 'Object Repository/VLink/Page_CCSale/txt_CVVstate'

2022-04-18 13:09:48 - [MESSAGE][PASSED] - Text '' is set on object 'Object Repository/VLink/Page_CCSale/txt_TrackData'

2022-04-18 13:09:49 - [MESSAGE][PASSED] - Text '%B5567080011582646^AHMED/IMTIAZ              ^2303201090200000000000354000015?' is set on object 'Object Repository/VLink/Page_CCSale/txt_Track1Data'

2022-04-18 13:09:50 - [MESSAGE][PASSED] - Text '' is set on object 'Object Repository/VLink/Page_CCSale/txt_Track2Data'

2022-04-18 13:09:50 - [MESSAGE][PASSED] - Text '' is set on object 'Object Repository/VLink/Page_CCSale/txt_POSEntryMode'

2022-04-18 13:09:51 - [MESSAGE][PASSED] - Text '' is set on object 'Object Repository/VLink/Page_CCSale/txt_Email'

2022-04-18 13:09:52 - [MESSAGE][PASSED] - Text '' is set on object 'Object Repository/VLink/Page_CCSale/txt_OrderNumber'

2022-04-18 13:09:52 - [MESSAGE][PASSED] - Text '' is set on object 'Object Repository/VLink/Page_CCSale/txt_TaxAmount'

2022-04-18 13:09:53 - [MESSAGE][PASSED] - Text '' is set on object 'Object Repository/VLink/Page_CCSale/txt_ChargeDescription'

2022-04-18 13:09:54 - [MESSAGE][PASSED] - Text '' is set on object 'Object Repository/VLink/Page_CCSale/txt_CAN'

2022-04-18 13:09:54 - [MESSAGE][PASSED] - Text '' is set on object 'Object Repository/VLink/Page_CCSale/txt_BillPaymentIndicator'

2022-04-18 13:09:55 - [MESSAGE][PASSED] - Text '' is set on object 'Object Repository/VLink/Page_CCSale/txt_UDF1'

2022-04-18 13:09:56 - [MESSAGE][PASSED] - Text '' is set on object 'Object Repository/VLink/Page_CCSale/txt_UDF2'

2022-04-18 13:09:56 - [MESSAGE][PASSED] - Text '' is set on object 'Object Repository/VLink/Page_CCSale/txt_UDF3'

2022-04-18 13:09:57 - [MESSAGE][PASSED] - Text '' is set on object 'Object Repository/VLink/Page_CCSale/txt_UDF4'

2022-04-18 13:09:58 - [MESSAGE][PASSED] - Text '' is set on object 'Object Repository/VLink/Page_CCSale/txt_UDF5'

2022-04-18 13:09:58 - [MESSAGE][PASSED] - Text '' is set on object 'Object Repository/VLink/Page_CCSale/txt_UDF6'

2022-04-18 13:09:59 - [MESSAGE][PASSED] - Text '' is set on object 'Object Repository/VLink/Page_CCSale/txt_UDF7'

2022-04-18 13:10:00 - [MESSAGE][PASSED] - Text '' is set on object 'Object Repository/VLink/Page_CCSale/txt_UDF8'

2022-04-18 13:10:00 - [MESSAGE][PASSED] - Text '' is set on object 'Object Repository/VLink/Page_CCSale/txt_UDF9'

2022-04-18 13:10:01 - [MESSAGE][PASSED] - Text '' is set on object 'Object Repository/VLink/Page_CCSale/txt_UDF10'

2022-04-18 13:10:02 - [MESSAGE][PASSED] - Text '' is set on object 'Object Repository/VLink/Page_CCSale/txt_CardOnFileIndicator'

2022-04-18 13:10:02 - [MESSAGE][PASSED] - Text '' is set on object 'Object Repository/VLink/Page_CCSale/txt_StoredCredentialIndicator'

2022-04-18 13:10:03 - [MESSAGE][PASSED] - Text '' is set on object 'Object Repository/VLink/Page_CCSale/txt_COFScheduledIndicator'

2022-04-18 13:10:04 - [MESSAGE][PASSED] - Text '' is set on object 'Object Repository/VLink/Page_CCSale/txt_COFTransactionInitiatedBy'

2022-04-18 13:10:05 - [MESSAGE][PASSED] - Object: 'Object Repository/VLink/Page_CCSale/btn_ProcessVLinkTransaction' is clicked on

2022-04-18 13:10:10 - [MESSAGE][PASSED] - vlinkPages.saleCCPage.setDataSCC is PASSED

2022-04-18 13:10:10 - [TEST_STEP][FAILED] - if (verifyTextPresent("Transaction approved, no errors", true)): Text 'Transaction approved, no errors' is not present on page  using regular expression (Root cause: com.kms.katalon.core.exception.StepFailedException: Text 'Transaction approved, no errors' is not present on page  using regular expression
	at com.kms.katalon.core.webui.keyword.internal.WebUIKeywordMain.stepFailed(WebUIKeywordMain.groovy:64)
	at com.kms.katalon.core.webui.keyword.builtin.VerifyTextPresentKeyword$_verifyTextPresent_closure1.doCall(VerifyTextPresentKeyword.groovy:79)
	at com.kms.katalon.core.webui.keyword.builtin.VerifyTextPresentKeyword$_verifyTextPresent_closure1.call(VerifyTextPresentKeyword.groovy)
	at com.kms.katalon.core.webui.keyword.internal.WebUIKeywordMain.runKeyword(WebUIKeywordMain.groovy:20)
	at com.kms.katalon.core.webui.keyword.builtin.VerifyTextPresentKeyword.verifyTextPresent(VerifyTextPresentKeyword.groovy:83)
	at com.kms.katalon.core.webui.keyword.builtin.VerifyTextPresentKeyword.execute(VerifyTextPresentKeyword.groovy:68)
	at com.kms.katalon.core.keyword.internal.KeywordExecutor.executeKeywordForPlatform(KeywordExecutor.groovy:74)
	at com.kms.katalon.core.webui.keyword.WebUiBuiltInKeywords.verifyTextPresent(WebUiBuiltInKeywords.groovy:1723)
	at com.kms.katalon.core.webui.keyword.WebUiBuiltInKeywords$verifyTextPresent$4.call(Unknown Source)
	at VLinkSale-Successful.run(VLinkSale-Successful:88)
	at com.kms.katalon.core.main.ScriptEngine.run(ScriptEngine.java:194)
	at com.kms.katalon.core.main.ScriptEngine.runScriptAsRawText(ScriptEngine.java:119)
	at com.kms.katalon.core.main.TestCaseExecutor.runScript(TestCaseExecutor.java:442)
	at com.kms.katalon.core.main.TestCaseExecutor.doExecute(TestCaseExecutor.java:433)
	at com.kms.katalon.core.main.TestCaseExecutor.processExecutionPhase(TestCaseExecutor.java:412)
	at com.kms.katalon.core.main.TestCaseExecutor.accessMainPhase(TestCaseExecutor.java:404)
	at com.kms.katalon.core.main.TestCaseExecutor.execute(TestCaseExecutor.java:281)
	at com.kms.katalon.core.main.TestSuiteExecutor.accessTestCaseMainPhase(TestSuiteExecutor.java:202)
	at com.kms.katalon.core.main.TestSuiteExecutor.accessTestSuiteMainPhase(TestSuiteExecutor.java:164)
	at com.kms.katalon.core.main.TestSuiteExecutor.execute(TestSuiteExecutor.java:105)
	at com.kms.katalon.core.main.TestCaseMain.startTestSuite(TestCaseMain.java:185)
	at com.kms.katalon.core.main.TestCaseMain$startTestSuite$0.call(Unknown Source)
	at TempTestSuite1650298796406.run(TempTestSuite1650298796406.groovy:36)
)

2022-04-18 13:10:10 - [MESSAGE][FAILED] - Text 'Transaction approved, no errors' is not present on page  using regular expression (Root cause: com.kms.katalon.core.exception.StepFailedException: Text 'Transaction approved, no errors' is not present on page  using regular expression
	at com.kms.katalon.core.webui.keyword.internal.WebUIKeywordMain.stepFailed(WebUIKeywordMain.groovy:64)
	at com.kms.katalon.core.webui.keyword.builtin.VerifyTextPresentKeyword$_verifyTextPresent_closure1.doCall(VerifyTextPresentKeyword.groovy:79)
	at com.kms.katalon.core.webui.keyword.builtin.VerifyTextPresentKeyword$_verifyTextPresent_closure1.call(VerifyTextPresentKeyword.groovy)
	at com.kms.katalon.core.webui.keyword.internal.WebUIKeywordMain.runKeyword(WebUIKeywordMain.groovy:20)
	at com.kms.katalon.core.webui.keyword.builtin.VerifyTextPresentKeyword.verifyTextPresent(VerifyTextPresentKeyword.groovy:83)
	at com.kms.katalon.core.webui.keyword.builtin.VerifyTextPresentKeyword.execute(VerifyTextPresentKeyword.groovy:68)
	at com.kms.katalon.core.keyword.internal.KeywordExecutor.executeKeywordForPlatform(KeywordExecutor.groovy:74)
	at com.kms.katalon.core.webui.keyword.WebUiBuiltInKeywords.verifyTextPresent(WebUiBuiltInKeywords.groovy:1723)
	at com.kms.katalon.core.webui.keyword.WebUiBuiltInKeywords$verifyTextPresent$4.call(Unknown Source)
	at VLinkSale-Successful.run(VLinkSale-Successful:88)
	at com.kms.katalon.core.main.ScriptEngine.run(ScriptEngine.java:194)
	at com.kms.katalon.core.main.ScriptEngine.runScriptAsRawText(ScriptEngine.java:119)
	at com.kms.katalon.core.main.TestCaseExecutor.runScript(TestCaseExecutor.java:442)
	at com.kms.katalon.core.main.TestCaseExecutor.doExecute(TestCaseExecutor.java:433)
	at com.kms.katalon.core.main.TestCaseExecutor.processExecutionPhase(TestCaseExecutor.java:412)
	at com.kms.katalon.core.main.TestCaseExecutor.accessMainPhase(TestCaseExecutor.java:404)
	at com.kms.katalon.core.main.TestCaseExecutor.execute(TestCaseExecutor.java:281)
	at com.kms.katalon.core.main.TestSuiteExecutor.accessTestCaseMainPhase(TestSuiteExecutor.java:202)
	at com.kms.katalon.core.main.TestSuiteExecutor.accessTestSuiteMainPhase(TestSuiteExecutor.java:164)
	at com.kms.katalon.core.main.TestSuiteExecutor.execute(TestSuiteExecutor.java:105)
	at com.kms.katalon.core.main.TestCaseMain.startTestSuite(TestCaseMain.java:185)
	at com.kms.katalon.core.main.TestCaseMain$startTestSuite$0.call(Unknown Source)
	at TempTestSuite1650298796406.run(TempTestSuite1650298796406.groovy:36)
)

2022-04-18 13:10:10 - [TEST_STEP][PASSED] - else: pages.WriteExcel.demoKey is PASSED

2022-04-18 13:10:10 - [TEST_STEP][PASSED] - println("Transaction Approved, no errors text is not present on the Confirmation page"): null

2022-04-18 13:10:10 - [TEST_STEP][PASSED] - out.println("Fail Record Number: " + row): null

2022-04-18 13:10:10 - [TEST_STEP][PASSED] - resText = "Fail": null

2022-04-18 13:10:10 - [TEST_STEP][PASSED] - pages.WriteExcel.demoKey(resText, datText, resColumn, datCloumn, fileLoc, nameSheet, row): pages.WriteExcel.demoKey is PASSED

2022-04-18 13:10:10 - [MESSAGE][PASSED] - pages.WriteExcel.demoKey is PASSED

2022-04-18 13:10:10 - [TEST_STEP][PASSED] - sdfo = getText(findTestObject("Object Repository/Page_VLinkReceipt/pre_STX")): Text of object 'Object Repository/Page_VLinkReceipt/pre_STX' is: '<STX>l7nZhWrqqo5n                  12114958            2  Transaction failed                                1  General platform system error                                                              <ETX>'

2022-04-18 13:10:11 - [MESSAGE][PASSED] - Text of object 'Object Repository/Page_VLinkReceipt/pre_STX' is: '<STX>l7nZhWrqqo5n                  12114958            2  Transaction failed                                1  General platform system error                                                              <ETX>'

2022-04-18 13:10:11 - [TEST_STEP][PASSED] - out.println("sdfo: " + sdfo): null

2022-04-18 13:10:11 - [TEST_STEP][PASSED] - remID = substring(5, 35).trim(): null

2022-04-18 13:10:11 - [TEST_STEP][PASSED] - out.println("Remittance ID: " + remID): null

2022-04-18 13:10:11 - [TEST_STEP][PASSED] - traxID = substring(35, 55).trim(): null

2022-04-18 13:10:11 - [TEST_STEP][PASSED] - out.println("Transaction ID: " + traxID): null

2022-04-18 13:10:11 - [TEST_STEP][PASSED] - out.println("End Record Number: " + row): null

2022-04-18 13:10:11 - [TEST_STEP][PASSED] - closeBrowser(): Browser is closed

2022-04-18 13:10:12 - [MESSAGE][PASSED] - Browser is closed

2022-04-18 13:10:12 - [TEST_STEP][PASSED] - ExecuteTC = findTestData(dataFile).getValue("Execute", row): null

2022-04-18 13:10:12 - [TEST_STEP][PASSED] - out.println("Value of Execute is : " + ExecuteTC): null

2022-04-18 13:10:12 - [TEST_STEP][PASSED] - if (ExecuteTC.equalsIgnoreCase("Y")): Browser is closed

2022-04-18 13:10:12 - [TEST_STEP][PASSED] - out.println("Begin Record Number: " + row): null

2022-04-18 13:10:12 - [TEST_STEP][PASSED] - today = new java.util.Date(): null

2022-04-18 13:10:12 - [TEST_STEP][PASSED] - println(today): null

2022-04-18 13:10:12 - [TEST_STEP][PASSED] - datText = today: null

2022-04-18 13:10:12 - [TEST_STEP][PASSED] - openBrowser(VLinkURL + "authcap.html"): Browser is opened with url: 'https://dev-algorithm.govolution.com/vlinktest/QA/version_2_0/authcap.html'

2022-04-18 13:10:12 - [MESSAGE][INFO] - Starting 'Chrome' driver

2022-04-18 13:10:12 - [MESSAGE][INFO] - User set preference: ['acceptInsecureCerts', 'true']

2022-04-18 13:10:12 - [MESSAGE][INFO] - Action delay is set to 0 milliseconds

2022-04-18 13:10:14 - [MESSAGE][PASSED] - Browser is opened with url: 'https://dev-algorithm.govolution.com/vlinktest/QA/version_2_0/authcap.html'

2022-04-18 13:10:14 - [TEST_STEP][PASSED] - maximizeWindow(): Current window maximized

2022-04-18 13:10:14 - [MESSAGE][PASSED] - Current window maximized

2022-04-18 13:10:14 - [TEST_STEP][PASSED] - vlinkPages.saleCCPage.setDataSCC(row, dataFile): vlinkPages.saleCCPage.setDataSCC is PASSED

2022-04-18 13:10:16 - [MESSAGE][PASSED] - Object 'Object Repository/VLink/Page_CCSale/txt_CardNumber' is present

2022-04-18 13:10:17 - [MESSAGE][PASSED] - Text '104' is set on object 'Object Repository/VLink/Page_CCSale/txt_TransactionType'

2022-04-18 13:10:18 - [MESSAGE][PASSED] - Text '2.0C' is set on object 'Object Repository/VLink/Page_CCSale/txt_MessageVersion'

2022-04-18 13:10:18 - [MESSAGE][PASSED] - Text '0NR38fUSqtT6' is set on object 'Object Repository/VLink/Page_CCSale/txt_RemID'

2022-04-18 13:10:19 - [MESSAGE][PASSED] - Text '665' is set on object 'Object Repository/VLink/Page_CCSale/txt_ApplicationId'

2022-04-18 13:10:20 - [MESSAGE][PASSED] - Text 'username' is set on object 'Object Repository/VLink/Page_CCSale/txt_Username'

2022-04-18 13:10:20 - [MESSAGE][PASSED] - Text 'password' is set on object 'Object Repository/VLink/Page_CCSale/txt_Password'

2022-04-18 13:10:21 - [MESSAGE][PASSED] - Text 'fixed_width' is set on object 'Object Repository/VLink/Page_CCSale/txt_ResponseFormat'

2022-04-18 13:10:21 - [MESSAGE][PASSED] - Text 'RETL' is set on object 'Object Repository/VLink/Page_CCSale/txt_Category'

2022-04-18 13:10:22 - [MESSAGE][PASSED] - Text '' is set on object 'Object Repository/VLink/Page_CCSale/txt_TransactionID'

2022-04-18 13:10:23 - [MESSAGE][PASSED] - Text '' is set on object 'Object Repository/VLink/Page_CCSale/txt_ApprovalCode'

2022-04-18 13:10:23 - [MESSAGE][PASSED] - Text 'Angelo Matt' is set on object 'Object Repository/VLink/Page_CCSale/txt_CardName'

2022-04-18 13:10:24 - [MESSAGE][PASSED] - Text '' is set on object 'Object Repository/VLink/Page_CCSale/txt_AL1'

2022-04-18 13:10:25 - [MESSAGE][PASSED] - Text '' is set on object 'Object Repository/VLink/Page_CCSale/txt_AL2'

2022-04-18 13:10:25 - [MESSAGE][PASSED] - Text '' is set on object 'Object Repository/VLink/Page_CCSale/txt_CardCity'

2022-04-18 13:10:26 - [MESSAGE][PASSED] - Text '' is set on object 'Object Repository/VLink/Page_CCSale/txt_CardState'

2022-04-18 13:10:27 - [MESSAGE][PASSED] - Text '' is set on object 'Object Repository/VLink/Page_CCSale/txt_CardZIP'

2022-04-18 13:10:27 - [MESSAGE][PASSED] - Text '' is set on object 'Object Repository/VLink/Page_CCSale/txt_CountryID'

2022-04-18 13:10:28 - [MESSAGE][PASSED] - Text '1.50' is set on object 'Object Repository/VLink/Page_CCSale/txt_Amount'

2022-04-18 13:10:29 - [MESSAGE][PASSED] - Text '' is set on object 'Object Repository/VLink/Page_CCSale/txt_CardNumber'

2022-04-18 13:10:30 - [MESSAGE][PASSED] - Text '' is set on object 'Object Repository/VLink/Page_CCSale/txt_ExpMonth'

2022-04-18 13:10:30 - [MESSAGE][PASSED] - Text '' is set on object 'Object Repository/VLink/Page_CCSale/txt_ExpYear'

2022-04-18 13:10:31 - [MESSAGE][PASSED] - Text '' is set on object 'Object Repository/VLink/Page_CCSale/txt_CVV'

2022-04-18 13:10:32 - [MESSAGE][PASSED] - Text '' is set on object 'Object Repository/VLink/Page_CCSale/txt_CVVstate'

2022-04-18 13:10:32 - [MESSAGE][PASSED] - Text '' is set on object 'Object Repository/VLink/Page_CCSale/txt_TrackData'

2022-04-18 13:10:33 - [MESSAGE][PASSED] - Text '' is set on object 'Object Repository/VLink/Page_CCSale/txt_Track1Data'

2022-04-18 13:10:34 - [MESSAGE][PASSED] - Text ';5567080011582646=23032010902035400015?' is set on object 'Object Repository/VLink/Page_CCSale/txt_Track2Data'

2022-04-18 13:10:34 - [MESSAGE][PASSED] - Text '' is set on object 'Object Repository/VLink/Page_CCSale/txt_POSEntryMode'

2022-04-18 13:10:35 - [MESSAGE][PASSED] - Text '' is set on object 'Object Repository/VLink/Page_CCSale/txt_Email'

2022-04-18 13:10:36 - [MESSAGE][PASSED] - Text '' is set on object 'Object Repository/VLink/Page_CCSale/txt_OrderNumber'

2022-04-18 13:10:37 - [MESSAGE][PASSED] - Text '' is set on object 'Object Repository/VLink/Page_CCSale/txt_TaxAmount'

2022-04-18 13:10:37 - [MESSAGE][PASSED] - Text '' is set on object 'Object Repository/VLink/Page_CCSale/txt_ChargeDescription'

2022-04-18 13:10:38 - [MESSAGE][PASSED] - Text '' is set on object 'Object Repository/VLink/Page_CCSale/txt_CAN'

2022-04-18 13:10:39 - [MESSAGE][PASSED] - Text '' is set on object 'Object Repository/VLink/Page_CCSale/txt_BillPaymentIndicator'

2022-04-18 13:10:39 - [MESSAGE][PASSED] - Text '' is set on object 'Object Repository/VLink/Page_CCSale/txt_UDF1'

2022-04-18 13:10:40 - [MESSAGE][PASSED] - Text '' is set on object 'Object Repository/VLink/Page_CCSale/txt_UDF2'

2022-04-18 13:10:41 - [MESSAGE][PASSED] - Text '' is set on object 'Object Repository/VLink/Page_CCSale/txt_UDF3'

2022-04-18 13:10:41 - [MESSAGE][PASSED] - Text '' is set on object 'Object Repository/VLink/Page_CCSale/txt_UDF4'

2022-04-18 13:10:42 - [MESSAGE][PASSED] - Text '' is set on object 'Object Repository/VLink/Page_CCSale/txt_UDF5'

2022-04-18 13:10:43 - [MESSAGE][PASSED] - Text '' is set on object 'Object Repository/VLink/Page_CCSale/txt_UDF6'

2022-04-18 13:10:43 - [MESSAGE][PASSED] - Text '' is set on object 'Object Repository/VLink/Page_CCSale/txt_UDF7'

2022-04-18 13:10:44 - [MESSAGE][PASSED] - Text '' is set on object 'Object Repository/VLink/Page_CCSale/txt_UDF8'

2022-04-18 13:10:45 - [MESSAGE][PASSED] - Text '' is set on object 'Object Repository/VLink/Page_CCSale/txt_UDF9'

2022-04-18 13:10:45 - [MESSAGE][PASSED] - Text '' is set on object 'Object Repository/VLink/Page_CCSale/txt_UDF10'

2022-04-18 13:10:46 - [MESSAGE][PASSED] - Text '' is set on object 'Object Repository/VLink/Page_CCSale/txt_CardOnFileIndicator'

2022-04-18 13:10:47 - [MESSAGE][PASSED] - Text '' is set on object 'Object Repository/VLink/Page_CCSale/txt_StoredCredentialIndicator'

2022-04-18 13:10:48 - [MESSAGE][PASSED] - Text '' is set on object 'Object Repository/VLink/Page_CCSale/txt_COFScheduledIndicator'

2022-04-18 13:10:48 - [MESSAGE][PASSED] - Text '' is set on object 'Object Repository/VLink/Page_CCSale/txt_COFTransactionInitiatedBy'

2022-04-18 13:10:51 - [MESSAGE][PASSED] - Object: 'Object Repository/VLink/Page_CCSale/btn_ProcessVLinkTransaction' is clicked on

2022-04-18 13:10:56 - [MESSAGE][PASSED] - vlinkPages.saleCCPage.setDataSCC is PASSED

2022-04-18 13:10:56 - [TEST_STEP][PASSED] - if (verifyTextPresent("Transaction approved, no errors", true)): null

2022-04-18 13:10:56 - [MESSAGE][PASSED] - Text 'Transaction approved, no errors' is present on page  using regular expression

2022-04-18 13:10:56 - [TEST_STEP][PASSED] - println("Transaction Approved, no errors text is present on the Confirmation page"): null

2022-04-18 13:10:56 - [TEST_STEP][PASSED] - out.println("Pass Record Number: " + row): null

2022-04-18 13:10:56 - [TEST_STEP][PASSED] - resText = "Pass": null

2022-04-18 13:10:56 - [TEST_STEP][PASSED] - pages.WriteExcel.demoKey(resText, datText, resColumn, datCloumn, fileLoc, nameSheet, row): pages.WriteExcel.demoKey is PASSED

2022-04-18 13:10:56 - [MESSAGE][PASSED] - pages.WriteExcel.demoKey is PASSED

2022-04-18 13:10:56 - [TEST_STEP][PASSED] - sdfo = getText(findTestObject("Object Repository/Page_VLinkReceipt/pre_STX")): Text of object 'Object Repository/Page_VLinkReceipt/pre_STX' is: '<STX>0NR38fUSqtT6                  12114959            0  Transaction approved, no errors                   0                                                                                  R OK1904   <ETX>'

2022-04-18 13:10:57 - [MESSAGE][PASSED] - Text of object 'Object Repository/Page_VLinkReceipt/pre_STX' is: '<STX>0NR38fUSqtT6                  12114959            0  Transaction approved, no errors                   0                                                                                  R OK1904   <ETX>'

2022-04-18 13:10:57 - [TEST_STEP][PASSED] - out.println("sdfo: " + sdfo): null

2022-04-18 13:10:57 - [TEST_STEP][PASSED] - remID = substring(5, 35).trim(): null

2022-04-18 13:10:57 - [TEST_STEP][PASSED] - out.println("Remittance ID: " + remID): null

2022-04-18 13:10:57 - [TEST_STEP][PASSED] - traxID = substring(35, 55).trim(): null

2022-04-18 13:10:57 - [TEST_STEP][PASSED] - out.println("Transaction ID: " + traxID): null

2022-04-18 13:10:57 - [TEST_STEP][PASSED] - out.println("End Record Number: " + row): null

2022-04-18 13:10:57 - [TEST_STEP][PASSED] - closeBrowser(): Browser is closed

2022-04-18 13:10:57 - [MESSAGE][PASSED] - Browser is closed

2022-04-18 13:10:57 - [TEST_STEP][PASSED] - ExecuteTC = findTestData(dataFile).getValue("Execute", row): null

2022-04-18 13:10:57 - [TEST_STEP][PASSED] - out.println("Value of Execute is : " + ExecuteTC): null

2022-04-18 13:10:57 - [TEST_STEP][PASSED] - if (ExecuteTC.equalsIgnoreCase("Y")): Browser is closed

2022-04-18 13:10:57 - [TEST_STEP][PASSED] - out.println("Begin Record Number: " + row): null

2022-04-18 13:10:57 - [TEST_STEP][PASSED] - today = new java.util.Date(): null

2022-04-18 13:10:57 - [TEST_STEP][PASSED] - println(today): null

2022-04-18 13:10:57 - [TEST_STEP][PASSED] - datText = today: null

2022-04-18 13:10:57 - [TEST_STEP][PASSED] - openBrowser(VLinkURL + "authcap.html"): Browser is opened with url: 'https://dev-algorithm.govolution.com/vlinktest/QA/version_2_0/authcap.html'

2022-04-18 13:10:57 - [MESSAGE][INFO] - Starting 'Chrome' driver

2022-04-18 13:10:57 - [MESSAGE][INFO] - User set preference: ['acceptInsecureCerts', 'true']

2022-04-18 13:10:57 - [MESSAGE][INFO] - Action delay is set to 0 milliseconds

2022-04-18 13:10:59 - [MESSAGE][PASSED] - Browser is opened with url: 'https://dev-algorithm.govolution.com/vlinktest/QA/version_2_0/authcap.html'

2022-04-18 13:10:59 - [TEST_STEP][PASSED] - maximizeWindow(): Current window maximized

2022-04-18 13:10:59 - [MESSAGE][PASSED] - Current window maximized

2022-04-18 13:10:59 - [TEST_STEP][PASSED] - vlinkPages.saleCCPage.setDataSCC(row, dataFile): vlinkPages.saleCCPage.setDataSCC is PASSED

2022-04-18 13:11:02 - [MESSAGE][PASSED] - Object 'Object Repository/VLink/Page_CCSale/txt_CardNumber' is present

2022-04-18 13:11:03 - [MESSAGE][PASSED] - Text '104' is set on object 'Object Repository/VLink/Page_CCSale/txt_TransactionType'

2022-04-18 13:11:03 - [MESSAGE][PASSED] - Text '2.0C' is set on object 'Object Repository/VLink/Page_CCSale/txt_MessageVersion'

2022-04-18 13:11:04 - [MESSAGE][PASSED] - Text 'n3vmBSoKin3I' is set on object 'Object Repository/VLink/Page_CCSale/txt_RemID'

2022-04-18 13:11:05 - [MESSAGE][PASSED] - Text '665' is set on object 'Object Repository/VLink/Page_CCSale/txt_ApplicationId'

2022-04-18 13:11:05 - [MESSAGE][PASSED] - Text 'username' is set on object 'Object Repository/VLink/Page_CCSale/txt_Username'

2022-04-18 13:11:06 - [MESSAGE][PASSED] - Text 'password' is set on object 'Object Repository/VLink/Page_CCSale/txt_Password'

2022-04-18 13:11:06 - [MESSAGE][PASSED] - Text 'fixed_width' is set on object 'Object Repository/VLink/Page_CCSale/txt_ResponseFormat'

2022-04-18 13:11:07 - [MESSAGE][PASSED] - Text 'RETL' is set on object 'Object Repository/VLink/Page_CCSale/txt_Category'

2022-04-18 13:11:08 - [MESSAGE][PASSED] - Text '' is set on object 'Object Repository/VLink/Page_CCSale/txt_TransactionID'

2022-04-18 13:11:08 - [MESSAGE][PASSED] - Text '' is set on object 'Object Repository/VLink/Page_CCSale/txt_ApprovalCode'

2022-04-18 13:11:09 - [MESSAGE][PASSED] - Text '' is set on object 'Object Repository/VLink/Page_CCSale/txt_CardName'

2022-04-18 13:11:10 - [MESSAGE][PASSED] - Text '' is set on object 'Object Repository/VLink/Page_CCSale/txt_AL1'

2022-04-18 13:11:11 - [MESSAGE][PASSED] - Text '' is set on object 'Object Repository/VLink/Page_CCSale/txt_AL2'

2022-04-18 13:11:11 - [MESSAGE][PASSED] - Text '' is set on object 'Object Repository/VLink/Page_CCSale/txt_CardCity'

2022-04-18 13:11:12 - [MESSAGE][PASSED] - Text '' is set on object 'Object Repository/VLink/Page_CCSale/txt_CardState'

2022-04-18 13:11:13 - [MESSAGE][PASSED] - Text '' is set on object 'Object Repository/VLink/Page_CCSale/txt_CardZIP'

2022-04-18 13:11:13 - [MESSAGE][PASSED] - Text '' is set on object 'Object Repository/VLink/Page_CCSale/txt_CountryID'

2022-04-18 13:11:14 - [MESSAGE][PASSED] - Text '1.50' is set on object 'Object Repository/VLink/Page_CCSale/txt_Amount'

2022-04-18 13:11:15 - [MESSAGE][PASSED] - Text '' is set on object 'Object Repository/VLink/Page_CCSale/txt_CardNumber'

2022-04-18 13:11:15 - [MESSAGE][PASSED] - Text '' is set on object 'Object Repository/VLink/Page_CCSale/txt_ExpMonth'

2022-04-18 13:11:16 - [MESSAGE][PASSED] - Text '' is set on object 'Object Repository/VLink/Page_CCSale/txt_ExpYear'

2022-04-18 13:11:17 - [MESSAGE][PASSED] - Text '' is set on object 'Object Repository/VLink/Page_CCSale/txt_CVV'

2022-04-18 13:11:18 - [MESSAGE][PASSED] - Text '' is set on object 'Object Repository/VLink/Page_CCSale/txt_CVVstate'

2022-04-18 13:11:18 - [MESSAGE][PASSED] - Text '' is set on object 'Object Repository/VLink/Page_CCSale/txt_TrackData'

2022-04-18 13:11:19 - [MESSAGE][PASSED] - Text '%B5567080011582646^AHMED/IMTIAZ              ^2303201090200000000000354000015?' is set on object 'Object Repository/VLink/Page_CCSale/txt_Track1Data'

2022-04-18 13:11:20 - [MESSAGE][PASSED] - Text ';5567080011582646=23032010902035400015?' is set on object 'Object Repository/VLink/Page_CCSale/txt_Track2Data'

2022-04-18 13:11:20 - [MESSAGE][PASSED] - Text '' is set on object 'Object Repository/VLink/Page_CCSale/txt_POSEntryMode'

2022-04-18 13:11:21 - [MESSAGE][PASSED] - Text '' is set on object 'Object Repository/VLink/Page_CCSale/txt_Email'

2022-04-18 13:11:22 - [MESSAGE][PASSED] - Text '' is set on object 'Object Repository/VLink/Page_CCSale/txt_OrderNumber'

2022-04-18 13:11:23 - [MESSAGE][PASSED] - Text '' is set on object 'Object Repository/VLink/Page_CCSale/txt_TaxAmount'

2022-04-18 13:11:23 - [MESSAGE][PASSED] - Text '' is set on object 'Object Repository/VLink/Page_CCSale/txt_ChargeDescription'

2022-04-18 13:11:24 - [MESSAGE][PASSED] - Text '' is set on object 'Object Repository/VLink/Page_CCSale/txt_CAN'

2022-04-18 13:11:25 - [MESSAGE][PASSED] - Text '' is set on object 'Object Repository/VLink/Page_CCSale/txt_BillPaymentIndicator'

2022-04-18 13:11:25 - [MESSAGE][PASSED] - Text '' is set on object 'Object Repository/VLink/Page_CCSale/txt_UDF1'

2022-04-18 13:11:26 - [MESSAGE][PASSED] - Text '' is set on object 'Object Repository/VLink/Page_CCSale/txt_UDF2'

2022-04-18 13:11:27 - [MESSAGE][PASSED] - Text '' is set on object 'Object Repository/VLink/Page_CCSale/txt_UDF3'

2022-04-18 13:11:27 - [MESSAGE][PASSED] - Text '' is set on object 'Object Repository/VLink/Page_CCSale/txt_UDF4'

2022-04-18 13:11:28 - [MESSAGE][PASSED] - Text '' is set on object 'Object Repository/VLink/Page_CCSale/txt_UDF5'

2022-04-18 13:11:29 - [MESSAGE][PASSED] - Text '' is set on object 'Object Repository/VLink/Page_CCSale/txt_UDF6'

2022-04-18 13:11:30 - [MESSAGE][PASSED] - Text '' is set on object 'Object Repository/VLink/Page_CCSale/txt_UDF7'

2022-04-18 13:11:30 - [MESSAGE][PASSED] - Text '' is set on object 'Object Repository/VLink/Page_CCSale/txt_UDF8'

2022-04-18 13:11:31 - [MESSAGE][PASSED] - Text '' is set on object 'Object Repository/VLink/Page_CCSale/txt_UDF9'

2022-04-18 13:11:32 - [MESSAGE][PASSED] - Text '' is set on object 'Object Repository/VLink/Page_CCSale/txt_UDF10'

2022-04-18 13:11:32 - [MESSAGE][PASSED] - Text '' is set on object 'Object Repository/VLink/Page_CCSale/txt_CardOnFileIndicator'

2022-04-18 13:11:33 - [MESSAGE][PASSED] - Text '' is set on object 'Object Repository/VLink/Page_CCSale/txt_StoredCredentialIndicator'

2022-04-18 13:11:34 - [MESSAGE][PASSED] - Text '' is set on object 'Object Repository/VLink/Page_CCSale/txt_COFScheduledIndicator'

2022-04-18 13:11:34 - [MESSAGE][PASSED] - Text '' is set on object 'Object Repository/VLink/Page_CCSale/txt_COFTransactionInitiatedBy'

2022-04-18 13:11:37 - [MESSAGE][PASSED] - Object: 'Object Repository/VLink/Page_CCSale/btn_ProcessVLinkTransaction' is clicked on

2022-04-18 13:11:42 - [MESSAGE][PASSED] - vlinkPages.saleCCPage.setDataSCC is PASSED

2022-04-18 13:11:42 - [TEST_STEP][PASSED] - if (verifyTextPresent("Transaction approved, no errors", true)): null

2022-04-18 13:11:43 - [MESSAGE][PASSED] - Text 'Transaction approved, no errors' is present on page  using regular expression

2022-04-18 13:11:43 - [TEST_STEP][PASSED] - println("Transaction Approved, no errors text is present on the Confirmation page"): null

2022-04-18 13:11:43 - [TEST_STEP][PASSED] - out.println("Pass Record Number: " + row): null

2022-04-18 13:11:43 - [TEST_STEP][PASSED] - resText = "Pass": null

2022-04-18 13:11:43 - [TEST_STEP][PASSED] - pages.WriteExcel.demoKey(resText, datText, resColumn, datCloumn, fileLoc, nameSheet, row): pages.WriteExcel.demoKey is PASSED

2022-04-18 13:11:43 - [MESSAGE][PASSED] - pages.WriteExcel.demoKey is PASSED

2022-04-18 13:11:43 - [TEST_STEP][PASSED] - sdfo = getText(findTestObject("Object Repository/Page_VLinkReceipt/pre_STX")): Text of object 'Object Repository/Page_VLinkReceipt/pre_STX' is: '<STX>n3vmBSoKin3I                  12114960            0  Transaction approved, no errors                   0                                                                                  R OK2054   <ETX>'

2022-04-18 13:11:43 - [MESSAGE][PASSED] - Text of object 'Object Repository/Page_VLinkReceipt/pre_STX' is: '<STX>n3vmBSoKin3I                  12114960            0  Transaction approved, no errors                   0                                                                                  R OK2054   <ETX>'

2022-04-18 13:11:43 - [TEST_STEP][PASSED] - out.println("sdfo: " + sdfo): null

2022-04-18 13:11:43 - [TEST_STEP][PASSED] - remID = substring(5, 35).trim(): null

2022-04-18 13:11:43 - [TEST_STEP][PASSED] - out.println("Remittance ID: " + remID): null

2022-04-18 13:11:43 - [TEST_STEP][PASSED] - traxID = substring(35, 55).trim(): null

2022-04-18 13:11:43 - [TEST_STEP][PASSED] - out.println("Transaction ID: " + traxID): null

2022-04-18 13:11:43 - [TEST_STEP][PASSED] - out.println("End Record Number: " + row): null

2022-04-18 13:11:43 - [TEST_STEP][PASSED] - closeBrowser(): Browser is closed

2022-04-18 13:11:44 - [MESSAGE][PASSED] - Browser is closed

2022-04-18 13:11:44 - [TEST_STEP][PASSED] - ExecuteTC = findTestData(dataFile).getValue("Execute", row): null

2022-04-18 13:11:44 - [TEST_STEP][PASSED] - out.println("Value of Execute is : " + ExecuteTC): null

2022-04-18 13:11:44 - [TEST_STEP][PASSED] - if (ExecuteTC.equalsIgnoreCase("Y")): Browser is closed

2022-04-18 13:11:44 - [TEST_STEP][PASSED] - out.println("Begin Record Number: " + row): null

2022-04-18 13:11:44 - [TEST_STEP][PASSED] - today = new java.util.Date(): null

2022-04-18 13:11:44 - [TEST_STEP][PASSED] - println(today): null

2022-04-18 13:11:44 - [TEST_STEP][PASSED] - datText = today: null

2022-04-18 13:11:44 - [TEST_STEP][PASSED] - openBrowser(VLinkURL + "authcap.html"): Browser is opened with url: 'https://dev-algorithm.govolution.com/vlinktest/QA/version_2_0/authcap.html'

2022-04-18 13:11:44 - [MESSAGE][INFO] - Starting 'Chrome' driver

2022-04-18 13:11:44 - [MESSAGE][INFO] - User set preference: ['acceptInsecureCerts', 'true']

2022-04-18 13:11:44 - [MESSAGE][INFO] - Action delay is set to 0 milliseconds

2022-04-18 13:11:46 - [MESSAGE][PASSED] - Browser is opened with url: 'https://dev-algorithm.govolution.com/vlinktest/QA/version_2_0/authcap.html'

2022-04-18 13:11:46 - [TEST_STEP][PASSED] - maximizeWindow(): Current window maximized

2022-04-18 13:11:46 - [MESSAGE][PASSED] - Current window maximized

2022-04-18 13:11:46 - [TEST_STEP][PASSED] - vlinkPages.saleCCPage.setDataSCC(row, dataFile): vlinkPages.saleCCPage.setDataSCC is PASSED

2022-04-18 13:11:49 - [MESSAGE][PASSED] - Object 'Object Repository/VLink/Page_CCSale/txt_CardNumber' is present

2022-04-18 13:11:49 - [MESSAGE][PASSED] - Text '104' is set on object 'Object Repository/VLink/Page_CCSale/txt_TransactionType'

2022-04-18 13:11:50 - [MESSAGE][PASSED] - Text '2.0C' is set on object 'Object Repository/VLink/Page_CCSale/txt_MessageVersion'

2022-04-18 13:11:50 - [MESSAGE][PASSED] - Text 'LZL6hZ9QrGDy' is set on object 'Object Repository/VLink/Page_CCSale/txt_RemID'

2022-04-18 13:11:51 - [MESSAGE][PASSED] - Text '672' is set on object 'Object Repository/VLink/Page_CCSale/txt_ApplicationId'

2022-04-18 13:11:52 - [MESSAGE][PASSED] - Text 'username' is set on object 'Object Repository/VLink/Page_CCSale/txt_Username'

2022-04-18 13:11:52 - [MESSAGE][PASSED] - Text 'password' is set on object 'Object Repository/VLink/Page_CCSale/txt_Password'

2022-04-18 13:11:53 - [MESSAGE][PASSED] - Text 'fixed_width' is set on object 'Object Repository/VLink/Page_CCSale/txt_ResponseFormat'

2022-04-18 13:11:54 - [MESSAGE][PASSED] - Text 'RETL' is set on object 'Object Repository/VLink/Page_CCSale/txt_Category'

2022-04-18 13:11:54 - [MESSAGE][PASSED] - Text '' is set on object 'Object Repository/VLink/Page_CCSale/txt_TransactionID'

2022-04-18 13:11:55 - [MESSAGE][PASSED] - Text '' is set on object 'Object Repository/VLink/Page_CCSale/txt_ApprovalCode'

2022-04-18 13:11:56 - [MESSAGE][PASSED] - Text '' is set on object 'Object Repository/VLink/Page_CCSale/txt_CardName'

2022-04-18 13:11:56 - [MESSAGE][PASSED] - Text '' is set on object 'Object Repository/VLink/Page_CCSale/txt_AL1'

2022-04-18 13:11:57 - [MESSAGE][PASSED] - Text '' is set on object 'Object Repository/VLink/Page_CCSale/txt_AL2'

2022-04-18 13:11:58 - [MESSAGE][PASSED] - Text '' is set on object 'Object Repository/VLink/Page_CCSale/txt_CardCity'

2022-04-18 13:11:58 - [MESSAGE][PASSED] - Text '' is set on object 'Object Repository/VLink/Page_CCSale/txt_CardState'

2022-04-18 13:11:59 - [MESSAGE][PASSED] - Text '' is set on object 'Object Repository/VLink/Page_CCSale/txt_CardZIP'

2022-04-18 13:12:00 - [MESSAGE][PASSED] - Text '' is set on object 'Object Repository/VLink/Page_CCSale/txt_CountryID'

2022-04-18 13:12:00 - [MESSAGE][PASSED] - Text '2.50' is set on object 'Object Repository/VLink/Page_CCSale/txt_Amount'

2022-04-18 13:12:01 - [MESSAGE][PASSED] - Text '' is set on object 'Object Repository/VLink/Page_CCSale/txt_CardNumber'

2022-04-18 13:12:02 - [MESSAGE][PASSED] - Text '' is set on object 'Object Repository/VLink/Page_CCSale/txt_ExpMonth'

2022-04-18 13:12:02 - [MESSAGE][PASSED] - Text '' is set on object 'Object Repository/VLink/Page_CCSale/txt_ExpYear'

2022-04-18 13:12:03 - [MESSAGE][PASSED] - Text '' is set on object 'Object Repository/VLink/Page_CCSale/txt_CVV'

2022-04-18 13:12:04 - [MESSAGE][PASSED] - Text '' is set on object 'Object Repository/VLink/Page_CCSale/txt_CVVstate'

2022-04-18 13:12:05 - [MESSAGE][PASSED] - Text '%B5567080011582646^AHMED/IMTIAZ              ^2303201090200000000000354000015?;5567080011582646=23032010902035400015?' is set on object 'Object Repository/VLink/Page_CCSale/txt_TrackData'

2022-04-18 13:12:05 - [MESSAGE][PASSED] - Text '' is set on object 'Object Repository/VLink/Page_CCSale/txt_Track1Data'

2022-04-18 13:12:06 - [MESSAGE][PASSED] - Text '' is set on object 'Object Repository/VLink/Page_CCSale/txt_Track2Data'

2022-04-18 13:12:07 - [MESSAGE][PASSED] - Text '' is set on object 'Object Repository/VLink/Page_CCSale/txt_POSEntryMode'

2022-04-18 13:12:07 - [MESSAGE][PASSED] - Text '' is set on object 'Object Repository/VLink/Page_CCSale/txt_Email'

2022-04-18 13:12:08 - [MESSAGE][PASSED] - Text '' is set on object 'Object Repository/VLink/Page_CCSale/txt_OrderNumber'

2022-04-18 13:12:09 - [MESSAGE][PASSED] - Text '' is set on object 'Object Repository/VLink/Page_CCSale/txt_TaxAmount'

2022-04-18 13:12:09 - [MESSAGE][PASSED] - Text '' is set on object 'Object Repository/VLink/Page_CCSale/txt_ChargeDescription'

2022-04-18 13:12:10 - [MESSAGE][PASSED] - Text '' is set on object 'Object Repository/VLink/Page_CCSale/txt_CAN'

2022-04-18 13:12:11 - [MESSAGE][PASSED] - Text '' is set on object 'Object Repository/VLink/Page_CCSale/txt_BillPaymentIndicator'

2022-04-18 13:12:12 - [MESSAGE][PASSED] - Text '' is set on object 'Object Repository/VLink/Page_CCSale/txt_UDF1'

2022-04-18 13:12:12 - [MESSAGE][PASSED] - Text '' is set on object 'Object Repository/VLink/Page_CCSale/txt_UDF2'

2022-04-18 13:12:13 - [MESSAGE][PASSED] - Text '' is set on object 'Object Repository/VLink/Page_CCSale/txt_UDF3'

2022-04-18 13:12:14 - [MESSAGE][PASSED] - Text '' is set on object 'Object Repository/VLink/Page_CCSale/txt_UDF4'

2022-04-18 13:12:14 - [MESSAGE][PASSED] - Text '' is set on object 'Object Repository/VLink/Page_CCSale/txt_UDF5'

2022-04-18 13:12:15 - [MESSAGE][PASSED] - Text '' is set on object 'Object Repository/VLink/Page_CCSale/txt_UDF6'

2022-04-18 13:12:16 - [MESSAGE][PASSED] - Text '' is set on object 'Object Repository/VLink/Page_CCSale/txt_UDF7'

2022-04-18 13:12:16 - [MESSAGE][PASSED] - Text '' is set on object 'Object Repository/VLink/Page_CCSale/txt_UDF8'

2022-04-18 13:12:17 - [MESSAGE][PASSED] - Text '' is set on object 'Object Repository/VLink/Page_CCSale/txt_UDF9'

2022-04-18 13:12:18 - [MESSAGE][PASSED] - Text '' is set on object 'Object Repository/VLink/Page_CCSale/txt_UDF10'

2022-04-18 13:12:18 - [MESSAGE][PASSED] - Text '' is set on object 'Object Repository/VLink/Page_CCSale/txt_CardOnFileIndicator'

2022-04-18 13:12:19 - [MESSAGE][PASSED] - Text '' is set on object 'Object Repository/VLink/Page_CCSale/txt_StoredCredentialIndicator'

2022-04-18 13:12:20 - [MESSAGE][PASSED] - Text '' is set on object 'Object Repository/VLink/Page_CCSale/txt_COFScheduledIndicator'

2022-04-18 13:12:21 - [MESSAGE][PASSED] - Text '' is set on object 'Object Repository/VLink/Page_CCSale/txt_COFTransactionInitiatedBy'

2022-04-18 13:12:23 - [MESSAGE][PASSED] - Object: 'Object Repository/VLink/Page_CCSale/btn_ProcessVLinkTransaction' is clicked on

2022-04-18 13:12:28 - [MESSAGE][PASSED] - vlinkPages.saleCCPage.setDataSCC is PASSED

2022-04-18 13:12:28 - [TEST_STEP][PASSED] - if (verifyTextPresent("Transaction approved, no errors", true)): null

2022-04-18 13:12:29 - [MESSAGE][PASSED] - Text 'Transaction approved, no errors' is present on page  using regular expression

2022-04-18 13:12:29 - [TEST_STEP][PASSED] - println("Transaction Approved, no errors text is present on the Confirmation page"): null

2022-04-18 13:12:29 - [TEST_STEP][PASSED] - out.println("Pass Record Number: " + row): null

2022-04-18 13:12:29 - [TEST_STEP][PASSED] - resText = "Pass": null

2022-04-18 13:12:29 - [TEST_STEP][PASSED] - pages.WriteExcel.demoKey(resText, datText, resColumn, datCloumn, fileLoc, nameSheet, row): pages.WriteExcel.demoKey is PASSED

2022-04-18 13:12:29 - [MESSAGE][PASSED] - pages.WriteExcel.demoKey is PASSED

2022-04-18 13:12:29 - [TEST_STEP][PASSED] - sdfo = getText(findTestObject("Object Repository/Page_VLinkReceipt/pre_STX")): Text of object 'Object Repository/Page_VLinkReceipt/pre_STX' is: '<STX>LZL6hZ9QrGDy                  12114961            0  Transaction approved, no errors                   0                                                                                  R OK2184   <ETX>'

2022-04-18 13:12:29 - [MESSAGE][PASSED] - Text of object 'Object Repository/Page_VLinkReceipt/pre_STX' is: '<STX>LZL6hZ9QrGDy                  12114961            0  Transaction approved, no errors                   0                                                                                  R OK2184   <ETX>'

2022-04-18 13:12:29 - [TEST_STEP][PASSED] - out.println("sdfo: " + sdfo): null

2022-04-18 13:12:29 - [TEST_STEP][PASSED] - remID = substring(5, 35).trim(): null

2022-04-18 13:12:29 - [TEST_STEP][PASSED] - out.println("Remittance ID: " + remID): null

2022-04-18 13:12:29 - [TEST_STEP][PASSED] - traxID = substring(35, 55).trim(): null

2022-04-18 13:12:29 - [TEST_STEP][PASSED] - out.println("Transaction ID: " + traxID): null

2022-04-18 13:12:29 - [TEST_STEP][PASSED] - out.println("End Record Number: " + row): null

2022-04-18 13:12:29 - [TEST_STEP][PASSED] - closeBrowser(): Browser is closed

2022-04-18 13:12:30 - [MESSAGE][PASSED] - Browser is closed

2022-04-18 13:12:30 - [TEST_STEP][PASSED] - ExecuteTC = findTestData(dataFile).getValue("Execute", row): null

2022-04-18 13:12:30 - [TEST_STEP][PASSED] - out.println("Value of Execute is : " + ExecuteTC): null

2022-04-18 13:12:30 - [TEST_STEP][FAILED] - if (ExecuteTC.equalsIgnoreCase("Y")): null

2022-04-18 13:12:30 - [TEST_STEP][PASSED] - out.println("Begin Record Number: " + row): null

2022-04-18 13:12:30 - [TEST_STEP][PASSED] - today = new java.util.Date(): null

2022-04-18 13:12:30 - [TEST_STEP][PASSED] - println(today): null

2022-04-18 13:12:30 - [TEST_STEP][PASSED] - datText = today: null

2022-04-18 13:12:30 - [TEST_STEP][PASSED] - openBrowser(VLinkURL + "authcap.html"): Browser is opened with url: 'https://dev-algorithm.govolution.com/vlinktest/QA/version_2_0/authcap.html'

2022-04-18 13:12:30 - [MESSAGE][INFO] - Starting 'Chrome' driver

2022-04-18 13:12:30 - [MESSAGE][INFO] - User set preference: ['acceptInsecureCerts', 'true']

2022-04-18 13:12:30 - [MESSAGE][INFO] - Action delay is set to 0 milliseconds

2022-04-18 13:12:32 - [MESSAGE][PASSED] - Browser is opened with url: 'https://dev-algorithm.govolution.com/vlinktest/QA/version_2_0/authcap.html'

2022-04-18 13:12:32 - [TEST_STEP][PASSED] - maximizeWindow(): Current window maximized

2022-04-18 13:12:32 - [MESSAGE][PASSED] - Current window maximized

2022-04-18 13:12:32 - [TEST_STEP][PASSED] - vlinkPages.saleCCPage.setDataSCC(row, dataFile): vlinkPages.saleCCPage.setDataSCC is PASSED

2022-04-18 13:12:35 - [MESSAGE][PASSED] - Object 'Object Repository/VLink/Page_CCSale/txt_CardNumber' is present

2022-04-18 13:12:35 - [MESSAGE][PASSED] - Text '104' is set on object 'Object Repository/VLink/Page_CCSale/txt_TransactionType'

2022-04-18 13:12:36 - [MESSAGE][PASSED] - Text '2.0C' is set on object 'Object Repository/VLink/Page_CCSale/txt_MessageVersion'

2022-04-18 13:12:37 - [MESSAGE][PASSED] - Text '1J5nF0mjsCC0' is set on object 'Object Repository/VLink/Page_CCSale/txt_RemID'

2022-04-18 13:12:37 - [MESSAGE][PASSED] - Text '672' is set on object 'Object Repository/VLink/Page_CCSale/txt_ApplicationId'

2022-04-18 13:12:38 - [MESSAGE][PASSED] - Text 'username' is set on object 'Object Repository/VLink/Page_CCSale/txt_Username'

2022-04-18 13:12:38 - [MESSAGE][PASSED] - Text 'password' is set on object 'Object Repository/VLink/Page_CCSale/txt_Password'

2022-04-18 13:12:39 - [MESSAGE][PASSED] - Text 'fixed_width' is set on object 'Object Repository/VLink/Page_CCSale/txt_ResponseFormat'

2022-04-18 13:12:40 - [MESSAGE][PASSED] - Text 'RETL' is set on object 'Object Repository/VLink/Page_CCSale/txt_Category'

2022-04-18 13:12:40 - [MESSAGE][PASSED] - Text '' is set on object 'Object Repository/VLink/Page_CCSale/txt_TransactionID'

2022-04-18 13:12:41 - [MESSAGE][PASSED] - Text '' is set on object 'Object Repository/VLink/Page_CCSale/txt_ApprovalCode'

2022-04-18 13:12:42 - [MESSAGE][PASSED] - Text '' is set on object 'Object Repository/VLink/Page_CCSale/txt_CardName'

2022-04-18 13:12:42 - [MESSAGE][PASSED] - Text '' is set on object 'Object Repository/VLink/Page_CCSale/txt_AL1'

2022-04-18 13:12:43 - [MESSAGE][PASSED] - Text '' is set on object 'Object Repository/VLink/Page_CCSale/txt_AL2'

2022-04-18 13:12:44 - [MESSAGE][PASSED] - Text '' is set on object 'Object Repository/VLink/Page_CCSale/txt_CardCity'

2022-04-18 13:12:44 - [MESSAGE][PASSED] - Text '' is set on object 'Object Repository/VLink/Page_CCSale/txt_CardState'

2022-04-18 13:12:45 - [MESSAGE][PASSED] - Text '' is set on object 'Object Repository/VLink/Page_CCSale/txt_CardZIP'

2022-04-18 13:12:46 - [MESSAGE][PASSED] - Text '' is set on object 'Object Repository/VLink/Page_CCSale/txt_CountryID'

2022-04-18 13:12:46 - [MESSAGE][PASSED] - Text '2.50' is set on object 'Object Repository/VLink/Page_CCSale/txt_Amount'

2022-04-18 13:12:47 - [MESSAGE][PASSED] - Text '' is set on object 'Object Repository/VLink/Page_CCSale/txt_CardNumber'

2022-04-18 13:12:48 - [MESSAGE][PASSED] - Text '' is set on object 'Object Repository/VLink/Page_CCSale/txt_ExpMonth'

2022-04-18 13:12:48 - [MESSAGE][PASSED] - Text '' is set on object 'Object Repository/VLink/Page_CCSale/txt_ExpYear'

2022-04-18 13:12:49 - [MESSAGE][PASSED] - Text '' is set on object 'Object Repository/VLink/Page_CCSale/txt_CVV'

2022-04-18 13:12:50 - [MESSAGE][PASSED] - Text '' is set on object 'Object Repository/VLink/Page_CCSale/txt_CVVstate'

2022-04-18 13:12:50 - [MESSAGE][PASSED] - Text '' is set on object 'Object Repository/VLink/Page_CCSale/txt_TrackData'

2022-04-18 13:12:51 - [MESSAGE][PASSED] - Text '%B5567080011582646^AHMED/IMTIAZ              ^2303201090200000000000354000015?' is set on object 'Object Repository/VLink/Page_CCSale/txt_Track1Data'

2022-04-18 13:12:52 - [MESSAGE][PASSED] - Text '' is set on object 'Object Repository/VLink/Page_CCSale/txt_Track2Data'

2022-04-18 13:12:53 - [MESSAGE][PASSED] - Text '' is set on object 'Object Repository/VLink/Page_CCSale/txt_POSEntryMode'

2022-04-18 13:12:53 - [MESSAGE][PASSED] - Text '' is set on object 'Object Repository/VLink/Page_CCSale/txt_Email'

2022-04-18 13:12:54 - [MESSAGE][PASSED] - Text '' is set on object 'Object Repository/VLink/Page_CCSale/txt_OrderNumber'

2022-04-18 13:12:55 - [MESSAGE][PASSED] - Text '' is set on object 'Object Repository/VLink/Page_CCSale/txt_TaxAmount'

2022-04-18 13:12:55 - [MESSAGE][PASSED] - Text '' is set on object 'Object Repository/VLink/Page_CCSale/txt_ChargeDescription'

2022-04-18 13:12:56 - [MESSAGE][PASSED] - Text '' is set on object 'Object Repository/VLink/Page_CCSale/txt_CAN'

2022-04-18 13:12:57 - [MESSAGE][PASSED] - Text '' is set on object 'Object Repository/VLink/Page_CCSale/txt_BillPaymentIndicator'

2022-04-18 13:12:57 - [MESSAGE][PASSED] - Text '' is set on object 'Object Repository/VLink/Page_CCSale/txt_UDF1'

2022-04-18 13:12:58 - [MESSAGE][PASSED] - Text '' is set on object 'Object Repository/VLink/Page_CCSale/txt_UDF2'

2022-04-18 13:12:59 - [MESSAGE][PASSED] - Text '' is set on object 'Object Repository/VLink/Page_CCSale/txt_UDF3'

2022-04-18 13:12:59 - [MESSAGE][PASSED] - Text '' is set on object 'Object Repository/VLink/Page_CCSale/txt_UDF4'

2022-04-18 13:13:00 - [MESSAGE][PASSED] - Text '' is set on object 'Object Repository/VLink/Page_CCSale/txt_UDF5'

2022-04-18 13:13:01 - [MESSAGE][PASSED] - Text '' is set on object 'Object Repository/VLink/Page_CCSale/txt_UDF6'

2022-04-18 13:13:02 - [MESSAGE][PASSED] - Text '' is set on object 'Object Repository/VLink/Page_CCSale/txt_UDF7'

2022-04-18 13:13:02 - [MESSAGE][PASSED] - Text '' is set on object 'Object Repository/VLink/Page_CCSale/txt_UDF8'

2022-04-18 13:13:03 - [MESSAGE][PASSED] - Text '' is set on object 'Object Repository/VLink/Page_CCSale/txt_UDF9'

2022-04-18 13:13:03 - [MESSAGE][PASSED] - Text '' is set on object 'Object Repository/VLink/Page_CCSale/txt_UDF10'

2022-04-18 13:13:04 - [MESSAGE][PASSED] - Text '' is set on object 'Object Repository/VLink/Page_CCSale/txt_CardOnFileIndicator'

2022-04-18 13:13:05 - [MESSAGE][PASSED] - Text '' is set on object 'Object Repository/VLink/Page_CCSale/txt_StoredCredentialIndicator'

2022-04-18 13:13:05 - [MESSAGE][PASSED] - Text '' is set on object 'Object Repository/VLink/Page_CCSale/txt_COFScheduledIndicator'

2022-04-18 13:13:06 - [MESSAGE][PASSED] - Text '' is set on object 'Object Repository/VLink/Page_CCSale/txt_COFTransactionInitiatedBy'

2022-04-18 13:13:08 - [MESSAGE][PASSED] - Object: 'Object Repository/VLink/Page_CCSale/btn_ProcessVLinkTransaction' is clicked on

2022-04-18 13:13:13 - [MESSAGE][PASSED] - vlinkPages.saleCCPage.setDataSCC is PASSED

2022-04-18 13:13:13 - [TEST_STEP][FAILED] - if (verifyTextPresent("Transaction approved, no errors", true)): Text 'Transaction approved, no errors' is not present on page  using regular expression (Root cause: com.kms.katalon.core.exception.StepFailedException: Text 'Transaction approved, no errors' is not present on page  using regular expression
	at com.kms.katalon.core.webui.keyword.internal.WebUIKeywordMain.stepFailed(WebUIKeywordMain.groovy:64)
	at com.kms.katalon.core.webui.keyword.builtin.VerifyTextPresentKeyword$_verifyTextPresent_closure1.doCall(VerifyTextPresentKeyword.groovy:79)
	at com.kms.katalon.core.webui.keyword.builtin.VerifyTextPresentKeyword$_verifyTextPresent_closure1.call(VerifyTextPresentKeyword.groovy)
	at com.kms.katalon.core.webui.keyword.internal.WebUIKeywordMain.runKeyword(WebUIKeywordMain.groovy:20)
	at com.kms.katalon.core.webui.keyword.builtin.VerifyTextPresentKeyword.verifyTextPresent(VerifyTextPresentKeyword.groovy:83)
	at com.kms.katalon.core.webui.keyword.builtin.VerifyTextPresentKeyword.execute(VerifyTextPresentKeyword.groovy:68)
	at com.kms.katalon.core.keyword.internal.KeywordExecutor.executeKeywordForPlatform(KeywordExecutor.groovy:74)
	at com.kms.katalon.core.webui.keyword.WebUiBuiltInKeywords.verifyTextPresent(WebUiBuiltInKeywords.groovy:1723)
	at com.kms.katalon.core.webui.keyword.WebUiBuiltInKeywords$verifyTextPresent$4.call(Unknown Source)
	at VLinkSale-Successful.run(VLinkSale-Successful:88)
	at com.kms.katalon.core.main.ScriptEngine.run(ScriptEngine.java:194)
	at com.kms.katalon.core.main.ScriptEngine.runScriptAsRawText(ScriptEngine.java:119)
	at com.kms.katalon.core.main.TestCaseExecutor.runScript(TestCaseExecutor.java:442)
	at com.kms.katalon.core.main.TestCaseExecutor.doExecute(TestCaseExecutor.java:433)
	at com.kms.katalon.core.main.TestCaseExecutor.processExecutionPhase(TestCaseExecutor.java:412)
	at com.kms.katalon.core.main.TestCaseExecutor.accessMainPhase(TestCaseExecutor.java:404)
	at com.kms.katalon.core.main.TestCaseExecutor.execute(TestCaseExecutor.java:281)
	at com.kms.katalon.core.main.TestSuiteExecutor.accessTestCaseMainPhase(TestSuiteExecutor.java:202)
	at com.kms.katalon.core.main.TestSuiteExecutor.accessTestSuiteMainPhase(TestSuiteExecutor.java:164)
	at com.kms.katalon.core.main.TestSuiteExecutor.execute(TestSuiteExecutor.java:105)
	at com.kms.katalon.core.main.TestCaseMain.startTestSuite(TestCaseMain.java:185)
	at com.kms.katalon.core.main.TestCaseMain$startTestSuite$0.call(Unknown Source)
	at TempTestSuite1650298796406.run(TempTestSuite1650298796406.groovy:36)
)

2022-04-18 13:13:13 - [MESSAGE][FAILED] - Text 'Transaction approved, no errors' is not present on page  using regular expression (Root cause: com.kms.katalon.core.exception.StepFailedException: Text 'Transaction approved, no errors' is not present on page  using regular expression
	at com.kms.katalon.core.webui.keyword.internal.WebUIKeywordMain.stepFailed(WebUIKeywordMain.groovy:64)
	at com.kms.katalon.core.webui.keyword.builtin.VerifyTextPresentKeyword$_verifyTextPresent_closure1.doCall(VerifyTextPresentKeyword.groovy:79)
	at com.kms.katalon.core.webui.keyword.builtin.VerifyTextPresentKeyword$_verifyTextPresent_closure1.call(VerifyTextPresentKeyword.groovy)
	at com.kms.katalon.core.webui.keyword.internal.WebUIKeywordMain.runKeyword(WebUIKeywordMain.groovy:20)
	at com.kms.katalon.core.webui.keyword.builtin.VerifyTextPresentKeyword.verifyTextPresent(VerifyTextPresentKeyword.groovy:83)
	at com.kms.katalon.core.webui.keyword.builtin.VerifyTextPresentKeyword.execute(VerifyTextPresentKeyword.groovy:68)
	at com.kms.katalon.core.keyword.internal.KeywordExecutor.executeKeywordForPlatform(KeywordExecutor.groovy:74)
	at com.kms.katalon.core.webui.keyword.WebUiBuiltInKeywords.verifyTextPresent(WebUiBuiltInKeywords.groovy:1723)
	at com.kms.katalon.core.webui.keyword.WebUiBuiltInKeywords$verifyTextPresent$4.call(Unknown Source)
	at VLinkSale-Successful.run(VLinkSale-Successful:88)
	at com.kms.katalon.core.main.ScriptEngine.run(ScriptEngine.java:194)
	at com.kms.katalon.core.main.ScriptEngine.runScriptAsRawText(ScriptEngine.java:119)
	at com.kms.katalon.core.main.TestCaseExecutor.runScript(TestCaseExecutor.java:442)
	at com.kms.katalon.core.main.TestCaseExecutor.doExecute(TestCaseExecutor.java:433)
	at com.kms.katalon.core.main.TestCaseExecutor.processExecutionPhase(TestCaseExecutor.java:412)
	at com.kms.katalon.core.main.TestCaseExecutor.accessMainPhase(TestCaseExecutor.java:404)
	at com.kms.katalon.core.main.TestCaseExecutor.execute(TestCaseExecutor.java:281)
	at com.kms.katalon.core.main.TestSuiteExecutor.accessTestCaseMainPhase(TestSuiteExecutor.java:202)
	at com.kms.katalon.core.main.TestSuiteExecutor.accessTestSuiteMainPhase(TestSuiteExecutor.java:164)
	at com.kms.katalon.core.main.TestSuiteExecutor.execute(TestSuiteExecutor.java:105)
	at com.kms.katalon.core.main.TestCaseMain.startTestSuite(TestCaseMain.java:185)
	at com.kms.katalon.core.main.TestCaseMain$startTestSuite$0.call(Unknown Source)
	at TempTestSuite1650298796406.run(TempTestSuite1650298796406.groovy:36)
)

2022-04-18 13:13:13 - [TEST_STEP][PASSED] - else: pages.WriteExcel.demoKey is PASSED

2022-04-18 13:13:13 - [TEST_STEP][PASSED] - println("Transaction Approved, no errors text is not present on the Confirmation page"): null

2022-04-18 13:13:13 - [TEST_STEP][PASSED] - out.println("Fail Record Number: " + row): null

2022-04-18 13:13:13 - [TEST_STEP][PASSED] - resText = "Fail": null

2022-04-18 13:13:13 - [TEST_STEP][PASSED] - pages.WriteExcel.demoKey(resText, datText, resColumn, datCloumn, fileLoc, nameSheet, row): pages.WriteExcel.demoKey is PASSED

2022-04-18 13:13:13 - [MESSAGE][PASSED] - pages.WriteExcel.demoKey is PASSED

2022-04-18 13:13:13 - [TEST_STEP][PASSED] - sdfo = getText(findTestObject("Object Repository/Page_VLinkReceipt/pre_STX")): Text of object 'Object Repository/Page_VLinkReceipt/pre_STX' is: '<STX>1J5nF0mjsCC0                  12114962            2  Transaction failed                                1  General platform system error                                                              <ETX>'

2022-04-18 13:13:14 - [MESSAGE][PASSED] - Text of object 'Object Repository/Page_VLinkReceipt/pre_STX' is: '<STX>1J5nF0mjsCC0                  12114962            2  Transaction failed                                1  General platform system error                                                              <ETX>'

2022-04-18 13:13:14 - [TEST_STEP][PASSED] - out.println("sdfo: " + sdfo): null

2022-04-18 13:13:14 - [TEST_STEP][PASSED] - remID = substring(5, 35).trim(): null

2022-04-18 13:13:14 - [TEST_STEP][PASSED] - out.println("Remittance ID: " + remID): null

2022-04-18 13:13:14 - [TEST_STEP][PASSED] - traxID = substring(35, 55).trim(): null

2022-04-18 13:13:14 - [TEST_STEP][PASSED] - out.println("Transaction ID: " + traxID): null

2022-04-18 13:13:14 - [TEST_STEP][PASSED] - out.println("End Record Number: " + row): null

2022-04-18 13:13:14 - [TEST_STEP][PASSED] - closeBrowser(): Browser is closed

2022-04-18 13:13:14 - [MESSAGE][PASSED] - Browser is closed

2022-04-18 13:13:14 - [TEST_STEP][PASSED] - ExecuteTC = findTestData(dataFile).getValue("Execute", row): null

2022-04-18 13:13:14 - [TEST_STEP][PASSED] - out.println("Value of Execute is : " + ExecuteTC): null

2022-04-18 13:13:14 - [TEST_STEP][PASSED] - if (ExecuteTC.equalsIgnoreCase("Y")): Browser is closed

2022-04-18 13:13:14 - [TEST_STEP][PASSED] - out.println("Begin Record Number: " + row): null

2022-04-18 13:13:14 - [TEST_STEP][PASSED] - today = new java.util.Date(): null

2022-04-18 13:13:14 - [TEST_STEP][PASSED] - println(today): null

2022-04-18 13:13:14 - [TEST_STEP][PASSED] - datText = today: null

2022-04-18 13:13:14 - [TEST_STEP][PASSED] - openBrowser(VLinkURL + "authcap.html"): Browser is opened with url: 'https://dev-algorithm.govolution.com/vlinktest/QA/version_2_0/authcap.html'

2022-04-18 13:13:14 - [MESSAGE][INFO] - Starting 'Chrome' driver

2022-04-18 13:13:14 - [MESSAGE][INFO] - User set preference: ['acceptInsecureCerts', 'true']

2022-04-18 13:13:14 - [MESSAGE][INFO] - Action delay is set to 0 milliseconds

2022-04-18 13:13:16 - [MESSAGE][PASSED] - Browser is opened with url: 'https://dev-algorithm.govolution.com/vlinktest/QA/version_2_0/authcap.html'

2022-04-18 13:13:16 - [TEST_STEP][PASSED] - maximizeWindow(): Current window maximized

2022-04-18 13:13:17 - [MESSAGE][PASSED] - Current window maximized

2022-04-18 13:13:17 - [TEST_STEP][PASSED] - vlinkPages.saleCCPage.setDataSCC(row, dataFile): vlinkPages.saleCCPage.setDataSCC is PASSED

2022-04-18 13:13:19 - [MESSAGE][PASSED] - Object 'Object Repository/VLink/Page_CCSale/txt_CardNumber' is present

2022-04-18 13:13:20 - [MESSAGE][PASSED] - Text '104' is set on object 'Object Repository/VLink/Page_CCSale/txt_TransactionType'

2022-04-18 13:13:21 - [MESSAGE][PASSED] - Text '2.0C' is set on object 'Object Repository/VLink/Page_CCSale/txt_MessageVersion'

2022-04-18 13:13:21 - [MESSAGE][PASSED] - Text '3aazk65SWGsN' is set on object 'Object Repository/VLink/Page_CCSale/txt_RemID'

2022-04-18 13:13:22 - [MESSAGE][PASSED] - Text '672' is set on object 'Object Repository/VLink/Page_CCSale/txt_ApplicationId'

2022-04-18 13:13:22 - [MESSAGE][PASSED] - Text 'username' is set on object 'Object Repository/VLink/Page_CCSale/txt_Username'

2022-04-18 13:13:23 - [MESSAGE][PASSED] - Text 'password' is set on object 'Object Repository/VLink/Page_CCSale/txt_Password'

2022-04-18 13:13:24 - [MESSAGE][PASSED] - Text 'fixed_width' is set on object 'Object Repository/VLink/Page_CCSale/txt_ResponseFormat'

2022-04-18 13:13:24 - [MESSAGE][PASSED] - Text 'RETL' is set on object 'Object Repository/VLink/Page_CCSale/txt_Category'

2022-04-18 13:13:25 - [MESSAGE][PASSED] - Text '' is set on object 'Object Repository/VLink/Page_CCSale/txt_TransactionID'

2022-04-18 13:13:26 - [MESSAGE][PASSED] - Text '' is set on object 'Object Repository/VLink/Page_CCSale/txt_ApprovalCode'

2022-04-18 13:13:26 - [MESSAGE][PASSED] - Text 'Angelo Matt' is set on object 'Object Repository/VLink/Page_CCSale/txt_CardName'

2022-04-18 13:13:27 - [MESSAGE][PASSED] - Text '' is set on object 'Object Repository/VLink/Page_CCSale/txt_AL1'

2022-04-18 13:13:28 - [MESSAGE][PASSED] - Text '' is set on object 'Object Repository/VLink/Page_CCSale/txt_AL2'

2022-04-18 13:13:28 - [MESSAGE][PASSED] - Text '' is set on object 'Object Repository/VLink/Page_CCSale/txt_CardCity'

2022-04-18 13:13:29 - [MESSAGE][PASSED] - Text '' is set on object 'Object Repository/VLink/Page_CCSale/txt_CardState'

2022-04-18 13:13:30 - [MESSAGE][PASSED] - Text '' is set on object 'Object Repository/VLink/Page_CCSale/txt_CardZIP'

2022-04-18 13:13:30 - [MESSAGE][PASSED] - Text '' is set on object 'Object Repository/VLink/Page_CCSale/txt_CountryID'

2022-04-18 13:13:31 - [MESSAGE][PASSED] - Text '2.50' is set on object 'Object Repository/VLink/Page_CCSale/txt_Amount'

2022-04-18 13:13:32 - [MESSAGE][PASSED] - Text '' is set on object 'Object Repository/VLink/Page_CCSale/txt_CardNumber'

2022-04-18 13:13:32 - [MESSAGE][PASSED] - Text '' is set on object 'Object Repository/VLink/Page_CCSale/txt_ExpMonth'

2022-04-18 13:13:33 - [MESSAGE][PASSED] - Text '' is set on object 'Object Repository/VLink/Page_CCSale/txt_ExpYear'

2022-04-18 13:13:34 - [MESSAGE][PASSED] - Text '' is set on object 'Object Repository/VLink/Page_CCSale/txt_CVV'

2022-04-18 13:13:35 - [MESSAGE][PASSED] - Text '' is set on object 'Object Repository/VLink/Page_CCSale/txt_CVVstate'

2022-04-18 13:13:35 - [MESSAGE][PASSED] - Text '' is set on object 'Object Repository/VLink/Page_CCSale/txt_TrackData'

2022-04-18 13:13:36 - [MESSAGE][PASSED] - Text '' is set on object 'Object Repository/VLink/Page_CCSale/txt_Track1Data'

2022-04-18 13:13:37 - [MESSAGE][PASSED] - Text ';5567080011582646=23032010902035400015?' is set on object 'Object Repository/VLink/Page_CCSale/txt_Track2Data'

2022-04-18 13:13:37 - [MESSAGE][PASSED] - Text '' is set on object 'Object Repository/VLink/Page_CCSale/txt_POSEntryMode'

2022-04-18 13:13:38 - [MESSAGE][PASSED] - Text '' is set on object 'Object Repository/VLink/Page_CCSale/txt_Email'

2022-04-18 13:13:39 - [MESSAGE][PASSED] - Text '' is set on object 'Object Repository/VLink/Page_CCSale/txt_OrderNumber'

2022-04-18 13:13:39 - [MESSAGE][PASSED] - Text '' is set on object 'Object Repository/VLink/Page_CCSale/txt_TaxAmount'

2022-04-18 13:13:40 - [MESSAGE][PASSED] - Text '' is set on object 'Object Repository/VLink/Page_CCSale/txt_ChargeDescription'

2022-04-18 13:13:41 - [MESSAGE][PASSED] - Text '' is set on object 'Object Repository/VLink/Page_CCSale/txt_CAN'

2022-04-18 13:13:41 - [MESSAGE][PASSED] - Text '' is set on object 'Object Repository/VLink/Page_CCSale/txt_BillPaymentIndicator'

2022-04-18 13:13:42 - [MESSAGE][PASSED] - Text '' is set on object 'Object Repository/VLink/Page_CCSale/txt_UDF1'

2022-04-18 13:13:43 - [MESSAGE][PASSED] - Text '' is set on object 'Object Repository/VLink/Page_CCSale/txt_UDF2'

2022-04-18 13:13:44 - [MESSAGE][PASSED] - Text '' is set on object 'Object Repository/VLink/Page_CCSale/txt_UDF3'

2022-04-18 13:13:44 - [MESSAGE][PASSED] - Text '' is set on object 'Object Repository/VLink/Page_CCSale/txt_UDF4'

2022-04-18 13:13:45 - [MESSAGE][PASSED] - Text '' is set on object 'Object Repository/VLink/Page_CCSale/txt_UDF5'

2022-04-18 13:13:46 - [MESSAGE][PASSED] - Text '' is set on object 'Object Repository/VLink/Page_CCSale/txt_UDF6'

2022-04-18 13:13:46 - [MESSAGE][PASSED] - Text '' is set on object 'Object Repository/VLink/Page_CCSale/txt_UDF7'

2022-04-18 13:13:47 - [MESSAGE][PASSED] - Text '' is set on object 'Object Repository/VLink/Page_CCSale/txt_UDF8'

2022-04-18 13:13:48 - [MESSAGE][PASSED] - Text '' is set on object 'Object Repository/VLink/Page_CCSale/txt_UDF9'

2022-04-18 13:13:48 - [MESSAGE][PASSED] - Text '' is set on object 'Object Repository/VLink/Page_CCSale/txt_UDF10'

2022-04-18 13:13:49 - [MESSAGE][PASSED] - Text '' is set on object 'Object Repository/VLink/Page_CCSale/txt_CardOnFileIndicator'

2022-04-18 13:13:50 - [MESSAGE][PASSED] - Text '' is set on object 'Object Repository/VLink/Page_CCSale/txt_StoredCredentialIndicator'

2022-04-18 13:13:50 - [MESSAGE][PASSED] - Text '' is set on object 'Object Repository/VLink/Page_CCSale/txt_COFScheduledIndicator'

2022-04-18 13:13:51 - [MESSAGE][PASSED] - Text '' is set on object 'Object Repository/VLink/Page_CCSale/txt_COFTransactionInitiatedBy'

2022-04-18 13:13:54 - [MESSAGE][PASSED] - Object: 'Object Repository/VLink/Page_CCSale/btn_ProcessVLinkTransaction' is clicked on

2022-04-18 13:13:59 - [MESSAGE][PASSED] - vlinkPages.saleCCPage.setDataSCC is PASSED

2022-04-18 13:13:59 - [TEST_STEP][PASSED] - if (verifyTextPresent("Transaction approved, no errors", true)): null

2022-04-18 13:13:59 - [MESSAGE][PASSED] - Text 'Transaction approved, no errors' is present on page  using regular expression

2022-04-18 13:13:59 - [TEST_STEP][PASSED] - println("Transaction Approved, no errors text is present on the Confirmation page"): null

2022-04-18 13:13:59 - [TEST_STEP][PASSED] - out.println("Pass Record Number: " + row): null

2022-04-18 13:13:59 - [TEST_STEP][PASSED] - resText = "Pass": null

2022-04-18 13:13:59 - [TEST_STEP][PASSED] - pages.WriteExcel.demoKey(resText, datText, resColumn, datCloumn, fileLoc, nameSheet, row): pages.WriteExcel.demoKey is PASSED

2022-04-18 13:13:59 - [MESSAGE][PASSED] - pages.WriteExcel.demoKey is PASSED

2022-04-18 13:13:59 - [TEST_STEP][PASSED] - sdfo = getText(findTestObject("Object Repository/Page_VLinkReceipt/pre_STX")): Text of object 'Object Repository/Page_VLinkReceipt/pre_STX' is: '<STX>3aazk65SWGsN                  12114963            0  Transaction approved, no errors                   0                                                                                  R OK2464   <ETX>'

2022-04-18 13:14:00 - [MESSAGE][PASSED] - Text of object 'Object Repository/Page_VLinkReceipt/pre_STX' is: '<STX>3aazk65SWGsN                  12114963            0  Transaction approved, no errors                   0                                                                                  R OK2464   <ETX>'

2022-04-18 13:14:00 - [TEST_STEP][PASSED] - out.println("sdfo: " + sdfo): null

2022-04-18 13:14:00 - [TEST_STEP][PASSED] - remID = substring(5, 35).trim(): null

2022-04-18 13:14:00 - [TEST_STEP][PASSED] - out.println("Remittance ID: " + remID): null

2022-04-18 13:14:00 - [TEST_STEP][PASSED] - traxID = substring(35, 55).trim(): null

2022-04-18 13:14:00 - [TEST_STEP][PASSED] - out.println("Transaction ID: " + traxID): null

2022-04-18 13:14:00 - [TEST_STEP][PASSED] - out.println("End Record Number: " + row): null

2022-04-18 13:14:00 - [TEST_STEP][PASSED] - closeBrowser(): Browser is closed

2022-04-18 13:14:01 - [MESSAGE][PASSED] - Browser is closed

2022-04-18 13:14:01 - [TEST_STEP][PASSED] - ExecuteTC = findTestData(dataFile).getValue("Execute", row): null

2022-04-18 13:14:01 - [TEST_STEP][PASSED] - out.println("Value of Execute is : " + ExecuteTC): null

2022-04-18 13:14:01 - [TEST_STEP][PASSED] - if (ExecuteTC.equalsIgnoreCase("Y")): Browser is closed

2022-04-18 13:14:01 - [TEST_STEP][PASSED] - out.println("Begin Record Number: " + row): null

2022-04-18 13:14:01 - [TEST_STEP][PASSED] - today = new java.util.Date(): null

2022-04-18 13:14:01 - [TEST_STEP][PASSED] - println(today): null

2022-04-18 13:14:01 - [TEST_STEP][PASSED] - datText = today: null

2022-04-18 13:14:01 - [TEST_STEP][PASSED] - openBrowser(VLinkURL + "authcap.html"): Browser is opened with url: 'https://dev-algorithm.govolution.com/vlinktest/QA/version_2_0/authcap.html'

2022-04-18 13:14:01 - [MESSAGE][INFO] - Starting 'Chrome' driver

2022-04-18 13:14:01 - [MESSAGE][INFO] - User set preference: ['acceptInsecureCerts', 'true']

2022-04-18 13:14:01 - [MESSAGE][INFO] - Action delay is set to 0 milliseconds

2022-04-18 13:14:03 - [MESSAGE][PASSED] - Browser is opened with url: 'https://dev-algorithm.govolution.com/vlinktest/QA/version_2_0/authcap.html'

2022-04-18 13:14:03 - [TEST_STEP][PASSED] - maximizeWindow(): Current window maximized

2022-04-18 13:14:03 - [MESSAGE][PASSED] - Current window maximized

2022-04-18 13:14:03 - [TEST_STEP][PASSED] - vlinkPages.saleCCPage.setDataSCC(row, dataFile): vlinkPages.saleCCPage.setDataSCC is PASSED

2022-04-18 13:14:05 - [MESSAGE][PASSED] - Object 'Object Repository/VLink/Page_CCSale/txt_CardNumber' is present

2022-04-18 13:14:06 - [MESSAGE][PASSED] - Text '104' is set on object 'Object Repository/VLink/Page_CCSale/txt_TransactionType'

2022-04-18 13:14:07 - [MESSAGE][PASSED] - Text '2.0C' is set on object 'Object Repository/VLink/Page_CCSale/txt_MessageVersion'

2022-04-18 13:14:07 - [MESSAGE][PASSED] - Text 'DoFz1nqcrNqk' is set on object 'Object Repository/VLink/Page_CCSale/txt_RemID'

2022-04-18 13:14:08 - [MESSAGE][PASSED] - Text '672' is set on object 'Object Repository/VLink/Page_CCSale/txt_ApplicationId'

2022-04-18 13:14:08 - [MESSAGE][PASSED] - Text 'username' is set on object 'Object Repository/VLink/Page_CCSale/txt_Username'

2022-04-18 13:14:09 - [MESSAGE][PASSED] - Text 'password' is set on object 'Object Repository/VLink/Page_CCSale/txt_Password'

2022-04-18 13:14:10 - [MESSAGE][PASSED] - Text 'fixed_width' is set on object 'Object Repository/VLink/Page_CCSale/txt_ResponseFormat'

2022-04-18 13:14:10 - [MESSAGE][PASSED] - Text 'RETL' is set on object 'Object Repository/VLink/Page_CCSale/txt_Category'

2022-04-18 13:14:11 - [MESSAGE][PASSED] - Text '' is set on object 'Object Repository/VLink/Page_CCSale/txt_TransactionID'

2022-04-18 13:14:12 - [MESSAGE][PASSED] - Text '' is set on object 'Object Repository/VLink/Page_CCSale/txt_ApprovalCode'

2022-04-18 13:14:12 - [MESSAGE][PASSED] - Text '' is set on object 'Object Repository/VLink/Page_CCSale/txt_CardName'

2022-04-18 13:14:13 - [MESSAGE][PASSED] - Text '' is set on object 'Object Repository/VLink/Page_CCSale/txt_AL1'

2022-04-18 13:14:14 - [MESSAGE][PASSED] - Text '' is set on object 'Object Repository/VLink/Page_CCSale/txt_AL2'

2022-04-18 13:14:14 - [MESSAGE][PASSED] - Text '' is set on object 'Object Repository/VLink/Page_CCSale/txt_CardCity'

2022-04-18 13:14:15 - [MESSAGE][PASSED] - Text '' is set on object 'Object Repository/VLink/Page_CCSale/txt_CardState'

2022-04-18 13:14:16 - [MESSAGE][PASSED] - Text '' is set on object 'Object Repository/VLink/Page_CCSale/txt_CardZIP'

2022-04-18 13:14:16 - [MESSAGE][PASSED] - Text '' is set on object 'Object Repository/VLink/Page_CCSale/txt_CountryID'

2022-04-18 13:14:17 - [MESSAGE][PASSED] - Text '2.50' is set on object 'Object Repository/VLink/Page_CCSale/txt_Amount'

2022-04-18 13:14:18 - [MESSAGE][PASSED] - Text '' is set on object 'Object Repository/VLink/Page_CCSale/txt_CardNumber'

2022-04-18 13:14:19 - [MESSAGE][PASSED] - Text '' is set on object 'Object Repository/VLink/Page_CCSale/txt_ExpMonth'

2022-04-18 13:14:19 - [MESSAGE][PASSED] - Text '' is set on object 'Object Repository/VLink/Page_CCSale/txt_ExpYear'

2022-04-18 13:14:20 - [MESSAGE][PASSED] - Text '' is set on object 'Object Repository/VLink/Page_CCSale/txt_CVV'

2022-04-18 13:14:21 - [MESSAGE][PASSED] - Text '' is set on object 'Object Repository/VLink/Page_CCSale/txt_CVVstate'

2022-04-18 13:14:21 - [MESSAGE][PASSED] - Text '' is set on object 'Object Repository/VLink/Page_CCSale/txt_TrackData'

2022-04-18 13:14:22 - [MESSAGE][PASSED] - Text '%B5567080011582646^AHMED/IMTIAZ              ^2303201090200000000000354000015?' is set on object 'Object Repository/VLink/Page_CCSale/txt_Track1Data'

2022-04-18 13:14:23 - [MESSAGE][PASSED] - Text ';5567080011582646=23032010902035400015?' is set on object 'Object Repository/VLink/Page_CCSale/txt_Track2Data'

2022-04-18 13:14:23 - [MESSAGE][PASSED] - Text '' is set on object 'Object Repository/VLink/Page_CCSale/txt_POSEntryMode'

2022-04-18 13:14:24 - [MESSAGE][PASSED] - Text '' is set on object 'Object Repository/VLink/Page_CCSale/txt_Email'

2022-04-18 13:14:25 - [MESSAGE][PASSED] - Text '' is set on object 'Object Repository/VLink/Page_CCSale/txt_OrderNumber'

2022-04-18 13:14:26 - [MESSAGE][PASSED] - Text '' is set on object 'Object Repository/VLink/Page_CCSale/txt_TaxAmount'

2022-04-18 13:14:26 - [MESSAGE][PASSED] - Text '' is set on object 'Object Repository/VLink/Page_CCSale/txt_ChargeDescription'

2022-04-18 13:14:27 - [MESSAGE][PASSED] - Text '' is set on object 'Object Repository/VLink/Page_CCSale/txt_CAN'

2022-04-18 13:14:28 - [MESSAGE][PASSED] - Text '' is set on object 'Object Repository/VLink/Page_CCSale/txt_BillPaymentIndicator'

2022-04-18 13:14:28 - [MESSAGE][PASSED] - Text '' is set on object 'Object Repository/VLink/Page_CCSale/txt_UDF1'

2022-04-18 13:14:29 - [MESSAGE][PASSED] - Text '' is set on object 'Object Repository/VLink/Page_CCSale/txt_UDF2'

2022-04-18 13:14:30 - [MESSAGE][PASSED] - Text '' is set on object 'Object Repository/VLink/Page_CCSale/txt_UDF3'

2022-04-18 13:14:30 - [MESSAGE][PASSED] - Text '' is set on object 'Object Repository/VLink/Page_CCSale/txt_UDF4'

2022-04-18 13:14:31 - [MESSAGE][PASSED] - Text '' is set on object 'Object Repository/VLink/Page_CCSale/txt_UDF5'

2022-04-18 13:14:32 - [MESSAGE][PASSED] - Text '' is set on object 'Object Repository/VLink/Page_CCSale/txt_UDF6'

2022-04-18 13:14:32 - [MESSAGE][PASSED] - Text '' is set on object 'Object Repository/VLink/Page_CCSale/txt_UDF7'

2022-04-18 13:14:33 - [MESSAGE][PASSED] - Text '' is set on object 'Object Repository/VLink/Page_CCSale/txt_UDF8'

2022-04-18 13:14:34 - [MESSAGE][PASSED] - Text '' is set on object 'Object Repository/VLink/Page_CCSale/txt_UDF9'

2022-04-18 13:14:35 - [MESSAGE][PASSED] - Text '' is set on object 'Object Repository/VLink/Page_CCSale/txt_UDF10'

2022-04-18 13:14:35 - [MESSAGE][PASSED] - Text '' is set on object 'Object Repository/VLink/Page_CCSale/txt_CardOnFileIndicator'

2022-04-18 13:14:36 - [MESSAGE][PASSED] - Text '' is set on object 'Object Repository/VLink/Page_CCSale/txt_StoredCredentialIndicator'

2022-04-18 13:14:37 - [MESSAGE][PASSED] - Text '' is set on object 'Object Repository/VLink/Page_CCSale/txt_COFScheduledIndicator'

2022-04-18 13:14:37 - [MESSAGE][PASSED] - Text '' is set on object 'Object Repository/VLink/Page_CCSale/txt_COFTransactionInitiatedBy'

2022-04-18 13:14:40 - [MESSAGE][PASSED] - Object: 'Object Repository/VLink/Page_CCSale/btn_ProcessVLinkTransaction' is clicked on

2022-04-18 13:14:45 - [MESSAGE][PASSED] - vlinkPages.saleCCPage.setDataSCC is PASSED

2022-04-18 13:14:45 - [TEST_STEP][PASSED] - if (verifyTextPresent("Transaction approved, no errors", true)): null

2022-04-18 13:14:46 - [MESSAGE][PASSED] - Text 'Transaction approved, no errors' is present on page  using regular expression

2022-04-18 13:14:46 - [TEST_STEP][PASSED] - println("Transaction Approved, no errors text is present on the Confirmation page"): null

2022-04-18 13:14:46 - [TEST_STEP][PASSED] - out.println("Pass Record Number: " + row): null

2022-04-18 13:14:46 - [TEST_STEP][PASSED] - resText = "Pass": null

2022-04-18 13:14:46 - [TEST_STEP][PASSED] - pages.WriteExcel.demoKey(resText, datText, resColumn, datCloumn, fileLoc, nameSheet, row): pages.WriteExcel.demoKey is PASSED

2022-04-18 13:14:46 - [MESSAGE][PASSED] - pages.WriteExcel.demoKey is PASSED

2022-04-18 13:14:46 - [TEST_STEP][PASSED] - sdfo = getText(findTestObject("Object Repository/Page_VLinkReceipt/pre_STX")): Text of object 'Object Repository/Page_VLinkReceipt/pre_STX' is: '<STX>DoFz1nqcrNqk                  12114964            0  Transaction approved, no errors                   0                                                                                  R OK2644   <ETX>'

2022-04-18 13:14:46 - [MESSAGE][PASSED] - Text of object 'Object Repository/Page_VLinkReceipt/pre_STX' is: '<STX>DoFz1nqcrNqk                  12114964            0  Transaction approved, no errors                   0                                                                                  R OK2644   <ETX>'

2022-04-18 13:14:46 - [TEST_STEP][PASSED] - out.println("sdfo: " + sdfo): null

2022-04-18 13:14:46 - [TEST_STEP][PASSED] - remID = substring(5, 35).trim(): null

2022-04-18 13:14:46 - [TEST_STEP][PASSED] - out.println("Remittance ID: " + remID): null

2022-04-18 13:14:46 - [TEST_STEP][PASSED] - traxID = substring(35, 55).trim(): null

2022-04-18 13:14:46 - [TEST_STEP][PASSED] - out.println("Transaction ID: " + traxID): null

2022-04-18 13:14:46 - [TEST_STEP][PASSED] - out.println("End Record Number: " + row): null

2022-04-18 13:14:46 - [TEST_STEP][PASSED] - closeBrowser(): Browser is closed

2022-04-18 13:14:47 - [MESSAGE][PASSED] - Browser is closed

2022-04-18 13:14:47 - [TEST_STEP][PASSED] - ExecuteTC = findTestData(dataFile).getValue("Execute", row): null

2022-04-18 13:14:47 - [TEST_STEP][PASSED] - out.println("Value of Execute is : " + ExecuteTC): null

2022-04-18 13:14:47 - [TEST_STEP][PASSED] - if (ExecuteTC.equalsIgnoreCase("Y")): Browser is closed

2022-04-18 13:14:47 - [TEST_STEP][PASSED] - out.println("Begin Record Number: " + row): null

2022-04-18 13:14:47 - [TEST_STEP][PASSED] - today = new java.util.Date(): null

2022-04-18 13:14:47 - [TEST_STEP][PASSED] - println(today): null

2022-04-18 13:14:47 - [TEST_STEP][PASSED] - datText = today: null

2022-04-18 13:14:47 - [TEST_STEP][PASSED] - openBrowser(VLinkURL + "authcap.html"): Browser is opened with url: 'https://dev-algorithm.govolution.com/vlinktest/QA/version_2_0/authcap.html'

2022-04-18 13:14:47 - [MESSAGE][INFO] - Starting 'Chrome' driver

2022-04-18 13:14:47 - [MESSAGE][INFO] - User set preference: ['acceptInsecureCerts', 'true']

2022-04-18 13:14:47 - [MESSAGE][INFO] - Action delay is set to 0 milliseconds

2022-04-18 13:14:49 - [MESSAGE][PASSED] - Browser is opened with url: 'https://dev-algorithm.govolution.com/vlinktest/QA/version_2_0/authcap.html'

2022-04-18 13:14:49 - [TEST_STEP][PASSED] - maximizeWindow(): Current window maximized

2022-04-18 13:14:49 - [MESSAGE][PASSED] - Current window maximized

2022-04-18 13:14:49 - [TEST_STEP][PASSED] - vlinkPages.saleCCPage.setDataSCC(row, dataFile): vlinkPages.saleCCPage.setDataSCC is PASSED

2022-04-18 13:14:52 - [MESSAGE][PASSED] - Object 'Object Repository/VLink/Page_CCSale/txt_CardNumber' is present

2022-04-18 13:14:52 - [MESSAGE][PASSED] - Text '104' is set on object 'Object Repository/VLink/Page_CCSale/txt_TransactionType'

2022-04-18 13:14:53 - [MESSAGE][PASSED] - Text '2.0C' is set on object 'Object Repository/VLink/Page_CCSale/txt_MessageVersion'

2022-04-18 13:14:54 - [MESSAGE][PASSED] - Text 'w3DveuNsFFbf' is set on object 'Object Repository/VLink/Page_CCSale/txt_RemID'

2022-04-18 13:14:54 - [MESSAGE][PASSED] - Text '677' is set on object 'Object Repository/VLink/Page_CCSale/txt_ApplicationId'

2022-04-18 13:14:55 - [MESSAGE][PASSED] - Text 'username' is set on object 'Object Repository/VLink/Page_CCSale/txt_Username'

2022-04-18 13:14:56 - [MESSAGE][PASSED] - Text 'password' is set on object 'Object Repository/VLink/Page_CCSale/txt_Password'

2022-04-18 13:14:56 - [MESSAGE][PASSED] - Text 'fixed_width' is set on object 'Object Repository/VLink/Page_CCSale/txt_ResponseFormat'

2022-04-18 13:14:57 - [MESSAGE][PASSED] - Text 'RETL' is set on object 'Object Repository/VLink/Page_CCSale/txt_Category'

2022-04-18 13:14:57 - [MESSAGE][PASSED] - Text '' is set on object 'Object Repository/VLink/Page_CCSale/txt_TransactionID'

2022-04-18 13:14:58 - [MESSAGE][PASSED] - Text '' is set on object 'Object Repository/VLink/Page_CCSale/txt_ApprovalCode'

2022-04-18 13:14:59 - [MESSAGE][PASSED] - Text '' is set on object 'Object Repository/VLink/Page_CCSale/txt_CardName'

2022-04-18 13:15:00 - [MESSAGE][PASSED] - Text '' is set on object 'Object Repository/VLink/Page_CCSale/txt_AL1'

2022-04-18 13:15:00 - [MESSAGE][PASSED] - Text '' is set on object 'Object Repository/VLink/Page_CCSale/txt_AL2'

2022-04-18 13:15:01 - [MESSAGE][PASSED] - Text '' is set on object 'Object Repository/VLink/Page_CCSale/txt_CardCity'

2022-04-18 13:15:02 - [MESSAGE][PASSED] - Text '' is set on object 'Object Repository/VLink/Page_CCSale/txt_CardState'

2022-04-18 13:15:02 - [MESSAGE][PASSED] - Text '' is set on object 'Object Repository/VLink/Page_CCSale/txt_CardZIP'

2022-04-18 13:15:03 - [MESSAGE][PASSED] - Text '' is set on object 'Object Repository/VLink/Page_CCSale/txt_CountryID'

2022-04-18 13:15:04 - [MESSAGE][PASSED] - Text '3.50' is set on object 'Object Repository/VLink/Page_CCSale/txt_Amount'

2022-04-18 13:15:04 - [MESSAGE][PASSED] - Text '' is set on object 'Object Repository/VLink/Page_CCSale/txt_CardNumber'

2022-04-18 13:15:05 - [MESSAGE][PASSED] - Text '' is set on object 'Object Repository/VLink/Page_CCSale/txt_ExpMonth'

2022-04-18 13:15:06 - [MESSAGE][PASSED] - Text '' is set on object 'Object Repository/VLink/Page_CCSale/txt_ExpYear'

2022-04-18 13:15:06 - [MESSAGE][PASSED] - Text '' is set on object 'Object Repository/VLink/Page_CCSale/txt_CVV'

2022-04-18 13:15:07 - [MESSAGE][PASSED] - Text '' is set on object 'Object Repository/VLink/Page_CCSale/txt_CVVstate'

2022-04-18 13:15:08 - [MESSAGE][PASSED] - Text '%B5567080011582646^AHMED/IMTIAZ              ^2303201090200000000000354000015?;5567080011582646=23032010902035400015?' is set on object 'Object Repository/VLink/Page_CCSale/txt_TrackData'

2022-04-18 13:15:09 - [MESSAGE][PASSED] - Text '' is set on object 'Object Repository/VLink/Page_CCSale/txt_Track1Data'

2022-04-18 13:15:09 - [MESSAGE][PASSED] - Text '' is set on object 'Object Repository/VLink/Page_CCSale/txt_Track2Data'

2022-04-18 13:15:10 - [MESSAGE][PASSED] - Text '' is set on object 'Object Repository/VLink/Page_CCSale/txt_POSEntryMode'

2022-04-18 13:15:11 - [MESSAGE][PASSED] - Text '' is set on object 'Object Repository/VLink/Page_CCSale/txt_Email'

2022-04-18 13:15:11 - [MESSAGE][PASSED] - Text '' is set on object 'Object Repository/VLink/Page_CCSale/txt_OrderNumber'

2022-04-18 13:15:12 - [MESSAGE][PASSED] - Text '' is set on object 'Object Repository/VLink/Page_CCSale/txt_TaxAmount'

2022-04-18 13:15:13 - [MESSAGE][PASSED] - Text '' is set on object 'Object Repository/VLink/Page_CCSale/txt_ChargeDescription'

2022-04-18 13:15:13 - [MESSAGE][PASSED] - Text '' is set on object 'Object Repository/VLink/Page_CCSale/txt_CAN'

2022-04-18 13:15:14 - [MESSAGE][PASSED] - Text '' is set on object 'Object Repository/VLink/Page_CCSale/txt_BillPaymentIndicator'

2022-04-18 13:15:15 - [MESSAGE][PASSED] - Text '' is set on object 'Object Repository/VLink/Page_CCSale/txt_UDF1'

2022-04-18 13:15:15 - [MESSAGE][PASSED] - Text '' is set on object 'Object Repository/VLink/Page_CCSale/txt_UDF2'

2022-04-18 13:15:16 - [MESSAGE][PASSED] - Text '' is set on object 'Object Repository/VLink/Page_CCSale/txt_UDF3'

2022-04-18 13:15:17 - [MESSAGE][PASSED] - Text '' is set on object 'Object Repository/VLink/Page_CCSale/txt_UDF4'

2022-04-18 13:15:18 - [MESSAGE][PASSED] - Text '' is set on object 'Object Repository/VLink/Page_CCSale/txt_UDF5'

2022-04-18 13:15:18 - [MESSAGE][PASSED] - Text '' is set on object 'Object Repository/VLink/Page_CCSale/txt_UDF6'

2022-04-18 13:15:19 - [MESSAGE][PASSED] - Text '' is set on object 'Object Repository/VLink/Page_CCSale/txt_UDF7'

2022-04-18 13:15:20 - [MESSAGE][PASSED] - Text '' is set on object 'Object Repository/VLink/Page_CCSale/txt_UDF8'

2022-04-18 13:15:20 - [MESSAGE][PASSED] - Text '' is set on object 'Object Repository/VLink/Page_CCSale/txt_UDF9'

2022-04-18 13:15:21 - [MESSAGE][PASSED] - Text '' is set on object 'Object Repository/VLink/Page_CCSale/txt_UDF10'

2022-04-18 13:15:22 - [MESSAGE][PASSED] - Text '' is set on object 'Object Repository/VLink/Page_CCSale/txt_CardOnFileIndicator'

2022-04-18 13:15:22 - [MESSAGE][PASSED] - Text '' is set on object 'Object Repository/VLink/Page_CCSale/txt_StoredCredentialIndicator'

2022-04-18 13:15:23 - [MESSAGE][PASSED] - Text '' is set on object 'Object Repository/VLink/Page_CCSale/txt_COFScheduledIndicator'

2022-04-18 13:15:24 - [MESSAGE][PASSED] - Text '' is set on object 'Object Repository/VLink/Page_CCSale/txt_COFTransactionInitiatedBy'

2022-04-18 13:15:27 - [MESSAGE][PASSED] - Object: 'Object Repository/VLink/Page_CCSale/btn_ProcessVLinkTransaction' is clicked on

2022-04-18 13:15:32 - [MESSAGE][PASSED] - vlinkPages.saleCCPage.setDataSCC is PASSED

2022-04-18 13:15:32 - [TEST_STEP][PASSED] - if (verifyTextPresent("Transaction approved, no errors", true)): null

2022-04-18 13:15:32 - [MESSAGE][PASSED] - Text 'Transaction approved, no errors' is present on page  using regular expression

2022-04-18 13:15:32 - [TEST_STEP][PASSED] - println("Transaction Approved, no errors text is present on the Confirmation page"): null

2022-04-18 13:15:32 - [TEST_STEP][PASSED] - out.println("Pass Record Number: " + row): null

2022-04-18 13:15:32 - [TEST_STEP][PASSED] - resText = "Pass": null

2022-04-18 13:15:32 - [TEST_STEP][PASSED] - pages.WriteExcel.demoKey(resText, datText, resColumn, datCloumn, fileLoc, nameSheet, row): pages.WriteExcel.demoKey is PASSED

2022-04-18 13:15:32 - [MESSAGE][PASSED] - pages.WriteExcel.demoKey is PASSED

2022-04-18 13:15:32 - [TEST_STEP][PASSED] - sdfo = getText(findTestObject("Object Repository/Page_VLinkReceipt/pre_STX")): Text of object 'Object Repository/Page_VLinkReceipt/pre_STX' is: '<STX>w3DveuNsFFbf                  12114965            0  Transaction approved, no errors                   0                                                                                  R OK2834   <ETX>'

2022-04-18 13:15:33 - [MESSAGE][PASSED] - Text of object 'Object Repository/Page_VLinkReceipt/pre_STX' is: '<STX>w3DveuNsFFbf                  12114965            0  Transaction approved, no errors                   0                                                                                  R OK2834   <ETX>'

2022-04-18 13:15:33 - [TEST_STEP][PASSED] - out.println("sdfo: " + sdfo): null

2022-04-18 13:15:33 - [TEST_STEP][PASSED] - remID = substring(5, 35).trim(): null

2022-04-18 13:15:33 - [TEST_STEP][PASSED] - out.println("Remittance ID: " + remID): null

2022-04-18 13:15:33 - [TEST_STEP][PASSED] - traxID = substring(35, 55).trim(): null

2022-04-18 13:15:33 - [TEST_STEP][PASSED] - out.println("Transaction ID: " + traxID): null

2022-04-18 13:15:33 - [TEST_STEP][PASSED] - out.println("End Record Number: " + row): null

2022-04-18 13:15:33 - [TEST_STEP][PASSED] - closeBrowser(): Browser is closed

2022-04-18 13:15:33 - [MESSAGE][PASSED] - Browser is closed

2022-04-18 13:15:33 - [TEST_STEP][PASSED] - ExecuteTC = findTestData(dataFile).getValue("Execute", row): null

2022-04-18 13:15:34 - [TEST_STEP][PASSED] - out.println("Value of Execute is : " + ExecuteTC): null

2022-04-18 13:15:34 - [TEST_STEP][FAILED] - if (ExecuteTC.equalsIgnoreCase("Y")): null

2022-04-18 13:15:34 - [TEST_STEP][PASSED] - out.println("Begin Record Number: " + row): null

2022-04-18 13:15:34 - [TEST_STEP][PASSED] - today = new java.util.Date(): null

2022-04-18 13:15:34 - [TEST_STEP][PASSED] - println(today): null

2022-04-18 13:15:34 - [TEST_STEP][PASSED] - datText = today: null

2022-04-18 13:15:34 - [TEST_STEP][PASSED] - openBrowser(VLinkURL + "authcap.html"): Browser is opened with url: 'https://dev-algorithm.govolution.com/vlinktest/QA/version_2_0/authcap.html'

2022-04-18 13:15:34 - [MESSAGE][INFO] - Starting 'Chrome' driver

2022-04-18 13:15:34 - [MESSAGE][INFO] - User set preference: ['acceptInsecureCerts', 'true']

2022-04-18 13:15:34 - [MESSAGE][INFO] - Action delay is set to 0 milliseconds

2022-04-18 13:15:35 - [MESSAGE][PASSED] - Browser is opened with url: 'https://dev-algorithm.govolution.com/vlinktest/QA/version_2_0/authcap.html'

2022-04-18 13:15:35 - [TEST_STEP][PASSED] - maximizeWindow(): Current window maximized

2022-04-18 13:15:36 - [MESSAGE][PASSED] - Current window maximized

2022-04-18 13:15:36 - [TEST_STEP][PASSED] - vlinkPages.saleCCPage.setDataSCC(row, dataFile): vlinkPages.saleCCPage.setDataSCC is PASSED

2022-04-18 13:15:38 - [MESSAGE][PASSED] - Object 'Object Repository/VLink/Page_CCSale/txt_CardNumber' is present

2022-04-18 13:15:39 - [MESSAGE][PASSED] - Text '104' is set on object 'Object Repository/VLink/Page_CCSale/txt_TransactionType'

2022-04-18 13:15:39 - [MESSAGE][PASSED] - Text '2.0C' is set on object 'Object Repository/VLink/Page_CCSale/txt_MessageVersion'

2022-04-18 13:15:40 - [MESSAGE][PASSED] - Text 'VQ641F8kxBsk' is set on object 'Object Repository/VLink/Page_CCSale/txt_RemID'

2022-04-18 13:15:41 - [MESSAGE][PASSED] - Text '677' is set on object 'Object Repository/VLink/Page_CCSale/txt_ApplicationId'

2022-04-18 13:15:41 - [MESSAGE][PASSED] - Text 'username' is set on object 'Object Repository/VLink/Page_CCSale/txt_Username'

2022-04-18 13:15:42 - [MESSAGE][PASSED] - Text 'password' is set on object 'Object Repository/VLink/Page_CCSale/txt_Password'

2022-04-18 13:15:43 - [MESSAGE][PASSED] - Text 'fixed_width' is set on object 'Object Repository/VLink/Page_CCSale/txt_ResponseFormat'

2022-04-18 13:15:43 - [MESSAGE][PASSED] - Text 'RETL' is set on object 'Object Repository/VLink/Page_CCSale/txt_Category'

2022-04-18 13:15:44 - [MESSAGE][PASSED] - Text '' is set on object 'Object Repository/VLink/Page_CCSale/txt_TransactionID'

2022-04-18 13:15:45 - [MESSAGE][PASSED] - Text '' is set on object 'Object Repository/VLink/Page_CCSale/txt_ApprovalCode'

2022-04-18 13:15:45 - [MESSAGE][PASSED] - Text '' is set on object 'Object Repository/VLink/Page_CCSale/txt_CardName'

2022-04-18 13:15:46 - [MESSAGE][PASSED] - Text '' is set on object 'Object Repository/VLink/Page_CCSale/txt_AL1'

2022-04-18 13:15:47 - [MESSAGE][PASSED] - Text '' is set on object 'Object Repository/VLink/Page_CCSale/txt_AL2'

2022-04-18 13:15:47 - [MESSAGE][PASSED] - Text '' is set on object 'Object Repository/VLink/Page_CCSale/txt_CardCity'

2022-04-18 13:15:48 - [MESSAGE][PASSED] - Text '' is set on object 'Object Repository/VLink/Page_CCSale/txt_CardState'

2022-04-18 13:15:49 - [MESSAGE][PASSED] - Text '' is set on object 'Object Repository/VLink/Page_CCSale/txt_CardZIP'

2022-04-18 13:15:49 - [MESSAGE][PASSED] - Text '' is set on object 'Object Repository/VLink/Page_CCSale/txt_CountryID'

2022-04-18 13:15:50 - [MESSAGE][PASSED] - Text '3.50' is set on object 'Object Repository/VLink/Page_CCSale/txt_Amount'

2022-04-18 13:15:51 - [MESSAGE][PASSED] - Text '' is set on object 'Object Repository/VLink/Page_CCSale/txt_CardNumber'

2022-04-18 13:15:51 - [MESSAGE][PASSED] - Text '' is set on object 'Object Repository/VLink/Page_CCSale/txt_ExpMonth'

2022-04-18 13:15:52 - [MESSAGE][PASSED] - Text '' is set on object 'Object Repository/VLink/Page_CCSale/txt_ExpYear'

2022-04-18 13:15:53 - [MESSAGE][PASSED] - Text '' is set on object 'Object Repository/VLink/Page_CCSale/txt_CVV'

2022-04-18 13:15:53 - [MESSAGE][PASSED] - Text '' is set on object 'Object Repository/VLink/Page_CCSale/txt_CVVstate'

2022-04-18 13:15:54 - [MESSAGE][PASSED] - Text '' is set on object 'Object Repository/VLink/Page_CCSale/txt_TrackData'

2022-04-18 13:15:55 - [MESSAGE][PASSED] - Text '%B5567080011582646^AHMED/IMTIAZ              ^2303201090200000000000354000015?' is set on object 'Object Repository/VLink/Page_CCSale/txt_Track1Data'

2022-04-18 13:15:56 - [MESSAGE][PASSED] - Text '' is set on object 'Object Repository/VLink/Page_CCSale/txt_Track2Data'

2022-04-18 13:15:56 - [MESSAGE][PASSED] - Text '' is set on object 'Object Repository/VLink/Page_CCSale/txt_POSEntryMode'

2022-04-18 13:15:57 - [MESSAGE][PASSED] - Text '' is set on object 'Object Repository/VLink/Page_CCSale/txt_Email'

2022-04-18 13:15:58 - [MESSAGE][PASSED] - Text '' is set on object 'Object Repository/VLink/Page_CCSale/txt_OrderNumber'

2022-04-18 13:15:58 - [MESSAGE][PASSED] - Text '' is set on object 'Object Repository/VLink/Page_CCSale/txt_TaxAmount'

2022-04-18 13:15:59 - [MESSAGE][PASSED] - Text '' is set on object 'Object Repository/VLink/Page_CCSale/txt_ChargeDescription'

2022-04-18 13:16:00 - [MESSAGE][PASSED] - Text '' is set on object 'Object Repository/VLink/Page_CCSale/txt_CAN'

2022-04-18 13:16:00 - [MESSAGE][PASSED] - Text '' is set on object 'Object Repository/VLink/Page_CCSale/txt_BillPaymentIndicator'

2022-04-18 13:16:01 - [MESSAGE][PASSED] - Text '' is set on object 'Object Repository/VLink/Page_CCSale/txt_UDF1'

2022-04-18 13:16:02 - [MESSAGE][PASSED] - Text '' is set on object 'Object Repository/VLink/Page_CCSale/txt_UDF2'

2022-04-18 13:16:03 - [MESSAGE][PASSED] - Text '' is set on object 'Object Repository/VLink/Page_CCSale/txt_UDF3'

2022-04-18 13:16:03 - [MESSAGE][PASSED] - Text '' is set on object 'Object Repository/VLink/Page_CCSale/txt_UDF4'

2022-04-18 13:16:04 - [MESSAGE][PASSED] - Text '' is set on object 'Object Repository/VLink/Page_CCSale/txt_UDF5'

2022-04-18 13:16:05 - [MESSAGE][PASSED] - Text '' is set on object 'Object Repository/VLink/Page_CCSale/txt_UDF6'

2022-04-18 13:16:05 - [MESSAGE][PASSED] - Text '' is set on object 'Object Repository/VLink/Page_CCSale/txt_UDF7'

2022-04-18 13:16:06 - [MESSAGE][PASSED] - Text '' is set on object 'Object Repository/VLink/Page_CCSale/txt_UDF8'

2022-04-18 13:16:07 - [MESSAGE][PASSED] - Text '' is set on object 'Object Repository/VLink/Page_CCSale/txt_UDF9'

2022-04-18 13:16:07 - [MESSAGE][PASSED] - Text '' is set on object 'Object Repository/VLink/Page_CCSale/txt_UDF10'

2022-04-18 13:16:08 - [MESSAGE][PASSED] - Text '' is set on object 'Object Repository/VLink/Page_CCSale/txt_CardOnFileIndicator'

2022-04-18 13:16:09 - [MESSAGE][PASSED] - Text '' is set on object 'Object Repository/VLink/Page_CCSale/txt_StoredCredentialIndicator'

2022-04-18 13:16:09 - [MESSAGE][PASSED] - Text '' is set on object 'Object Repository/VLink/Page_CCSale/txt_COFScheduledIndicator'

2022-04-18 13:16:10 - [MESSAGE][PASSED] - Text '' is set on object 'Object Repository/VLink/Page_CCSale/txt_COFTransactionInitiatedBy'

2022-04-18 13:16:11 - [MESSAGE][PASSED] - Object: 'Object Repository/VLink/Page_CCSale/btn_ProcessVLinkTransaction' is clicked on

2022-04-18 13:16:16 - [MESSAGE][PASSED] - vlinkPages.saleCCPage.setDataSCC is PASSED

2022-04-18 13:16:16 - [TEST_STEP][FAILED] - if (verifyTextPresent("Transaction approved, no errors", true)): Text 'Transaction approved, no errors' is not present on page  using regular expression (Root cause: com.kms.katalon.core.exception.StepFailedException: Text 'Transaction approved, no errors' is not present on page  using regular expression
	at com.kms.katalon.core.webui.keyword.internal.WebUIKeywordMain.stepFailed(WebUIKeywordMain.groovy:64)
	at com.kms.katalon.core.webui.keyword.builtin.VerifyTextPresentKeyword$_verifyTextPresent_closure1.doCall(VerifyTextPresentKeyword.groovy:79)
	at com.kms.katalon.core.webui.keyword.builtin.VerifyTextPresentKeyword$_verifyTextPresent_closure1.call(VerifyTextPresentKeyword.groovy)
	at com.kms.katalon.core.webui.keyword.internal.WebUIKeywordMain.runKeyword(WebUIKeywordMain.groovy:20)
	at com.kms.katalon.core.webui.keyword.builtin.VerifyTextPresentKeyword.verifyTextPresent(VerifyTextPresentKeyword.groovy:83)
	at com.kms.katalon.core.webui.keyword.builtin.VerifyTextPresentKeyword.execute(VerifyTextPresentKeyword.groovy:68)
	at com.kms.katalon.core.keyword.internal.KeywordExecutor.executeKeywordForPlatform(KeywordExecutor.groovy:74)
	at com.kms.katalon.core.webui.keyword.WebUiBuiltInKeywords.verifyTextPresent(WebUiBuiltInKeywords.groovy:1723)
	at com.kms.katalon.core.webui.keyword.WebUiBuiltInKeywords$verifyTextPresent$4.call(Unknown Source)
	at VLinkSale-Successful.run(VLinkSale-Successful:88)
	at com.kms.katalon.core.main.ScriptEngine.run(ScriptEngine.java:194)
	at com.kms.katalon.core.main.ScriptEngine.runScriptAsRawText(ScriptEngine.java:119)
	at com.kms.katalon.core.main.TestCaseExecutor.runScript(TestCaseExecutor.java:442)
	at com.kms.katalon.core.main.TestCaseExecutor.doExecute(TestCaseExecutor.java:433)
	at com.kms.katalon.core.main.TestCaseExecutor.processExecutionPhase(TestCaseExecutor.java:412)
	at com.kms.katalon.core.main.TestCaseExecutor.accessMainPhase(TestCaseExecutor.java:404)
	at com.kms.katalon.core.main.TestCaseExecutor.execute(TestCaseExecutor.java:281)
	at com.kms.katalon.core.main.TestSuiteExecutor.accessTestCaseMainPhase(TestSuiteExecutor.java:202)
	at com.kms.katalon.core.main.TestSuiteExecutor.accessTestSuiteMainPhase(TestSuiteExecutor.java:164)
	at com.kms.katalon.core.main.TestSuiteExecutor.execute(TestSuiteExecutor.java:105)
	at com.kms.katalon.core.main.TestCaseMain.startTestSuite(TestCaseMain.java:185)
	at com.kms.katalon.core.main.TestCaseMain$startTestSuite$0.call(Unknown Source)
	at TempTestSuite1650298796406.run(TempTestSuite1650298796406.groovy:36)
)

2022-04-18 13:16:16 - [MESSAGE][FAILED] - Text 'Transaction approved, no errors' is not present on page  using regular expression (Root cause: com.kms.katalon.core.exception.StepFailedException: Text 'Transaction approved, no errors' is not present on page  using regular expression
	at com.kms.katalon.core.webui.keyword.internal.WebUIKeywordMain.stepFailed(WebUIKeywordMain.groovy:64)
	at com.kms.katalon.core.webui.keyword.builtin.VerifyTextPresentKeyword$_verifyTextPresent_closure1.doCall(VerifyTextPresentKeyword.groovy:79)
	at com.kms.katalon.core.webui.keyword.builtin.VerifyTextPresentKeyword$_verifyTextPresent_closure1.call(VerifyTextPresentKeyword.groovy)
	at com.kms.katalon.core.webui.keyword.internal.WebUIKeywordMain.runKeyword(WebUIKeywordMain.groovy:20)
	at com.kms.katalon.core.webui.keyword.builtin.VerifyTextPresentKeyword.verifyTextPresent(VerifyTextPresentKeyword.groovy:83)
	at com.kms.katalon.core.webui.keyword.builtin.VerifyTextPresentKeyword.execute(VerifyTextPresentKeyword.groovy:68)
	at com.kms.katalon.core.keyword.internal.KeywordExecutor.executeKeywordForPlatform(KeywordExecutor.groovy:74)
	at com.kms.katalon.core.webui.keyword.WebUiBuiltInKeywords.verifyTextPresent(WebUiBuiltInKeywords.groovy:1723)
	at com.kms.katalon.core.webui.keyword.WebUiBuiltInKeywords$verifyTextPresent$4.call(Unknown Source)
	at VLinkSale-Successful.run(VLinkSale-Successful:88)
	at com.kms.katalon.core.main.ScriptEngine.run(ScriptEngine.java:194)
	at com.kms.katalon.core.main.ScriptEngine.runScriptAsRawText(ScriptEngine.java:119)
	at com.kms.katalon.core.main.TestCaseExecutor.runScript(TestCaseExecutor.java:442)
	at com.kms.katalon.core.main.TestCaseExecutor.doExecute(TestCaseExecutor.java:433)
	at com.kms.katalon.core.main.TestCaseExecutor.processExecutionPhase(TestCaseExecutor.java:412)
	at com.kms.katalon.core.main.TestCaseExecutor.accessMainPhase(TestCaseExecutor.java:404)
	at com.kms.katalon.core.main.TestCaseExecutor.execute(TestCaseExecutor.java:281)
	at com.kms.katalon.core.main.TestSuiteExecutor.accessTestCaseMainPhase(TestSuiteExecutor.java:202)
	at com.kms.katalon.core.main.TestSuiteExecutor.accessTestSuiteMainPhase(TestSuiteExecutor.java:164)
	at com.kms.katalon.core.main.TestSuiteExecutor.execute(TestSuiteExecutor.java:105)
	at com.kms.katalon.core.main.TestCaseMain.startTestSuite(TestCaseMain.java:185)
	at com.kms.katalon.core.main.TestCaseMain$startTestSuite$0.call(Unknown Source)
	at TempTestSuite1650298796406.run(TempTestSuite1650298796406.groovy:36)
)

2022-04-18 13:16:16 - [TEST_STEP][PASSED] - else: pages.WriteExcel.demoKey is PASSED

2022-04-18 13:16:16 - [TEST_STEP][PASSED] - println("Transaction Approved, no errors text is not present on the Confirmation page"): null

2022-04-18 13:16:16 - [TEST_STEP][PASSED] - out.println("Fail Record Number: " + row): null

2022-04-18 13:16:16 - [TEST_STEP][PASSED] - resText = "Fail": null

2022-04-18 13:16:16 - [TEST_STEP][PASSED] - pages.WriteExcel.demoKey(resText, datText, resColumn, datCloumn, fileLoc, nameSheet, row): pages.WriteExcel.demoKey is PASSED

2022-04-18 13:16:16 - [MESSAGE][PASSED] - pages.WriteExcel.demoKey is PASSED

2022-04-18 13:16:16 - [TEST_STEP][PASSED] - sdfo = getText(findTestObject("Object Repository/Page_VLinkReceipt/pre_STX")): Text of object 'Object Repository/Page_VLinkReceipt/pre_STX' is: '<STX>VQ641F8kxBsk                  12114967            2  Transaction failed                                1  General platform system error                                                              <ETX>'

2022-04-18 13:16:17 - [MESSAGE][PASSED] - Text of object 'Object Repository/Page_VLinkReceipt/pre_STX' is: '<STX>VQ641F8kxBsk                  12114967            2  Transaction failed                                1  General platform system error                                                              <ETX>'

2022-04-18 13:16:17 - [TEST_STEP][PASSED] - out.println("sdfo: " + sdfo): null

2022-04-18 13:16:17 - [TEST_STEP][PASSED] - remID = substring(5, 35).trim(): null

2022-04-18 13:16:17 - [TEST_STEP][PASSED] - out.println("Remittance ID: " + remID): null

2022-04-18 13:16:17 - [TEST_STEP][PASSED] - traxID = substring(35, 55).trim(): null

2022-04-18 13:16:17 - [TEST_STEP][PASSED] - out.println("Transaction ID: " + traxID): null

2022-04-18 13:16:17 - [TEST_STEP][PASSED] - out.println("End Record Number: " + row): null

2022-04-18 13:16:17 - [TEST_STEP][PASSED] - closeBrowser(): Browser is closed

2022-04-18 13:16:18 - [MESSAGE][PASSED] - Browser is closed

2022-04-18 13:16:18 - [TEST_STEP][PASSED] - ExecuteTC = findTestData(dataFile).getValue("Execute", row): null

2022-04-18 13:16:18 - [TEST_STEP][PASSED] - out.println("Value of Execute is : " + ExecuteTC): null

2022-04-18 13:16:18 - [TEST_STEP][PASSED] - if (ExecuteTC.equalsIgnoreCase("Y")): Browser is closed

2022-04-18 13:16:18 - [TEST_STEP][PASSED] - out.println("Begin Record Number: " + row): null

2022-04-18 13:16:18 - [TEST_STEP][PASSED] - today = new java.util.Date(): null

2022-04-18 13:16:18 - [TEST_STEP][PASSED] - println(today): null

2022-04-18 13:16:18 - [TEST_STEP][PASSED] - datText = today: null

2022-04-18 13:16:18 - [TEST_STEP][PASSED] - openBrowser(VLinkURL + "authcap.html"): Browser is opened with url: 'https://dev-algorithm.govolution.com/vlinktest/QA/version_2_0/authcap.html'

2022-04-18 13:16:18 - [MESSAGE][INFO] - Starting 'Chrome' driver

2022-04-18 13:16:18 - [MESSAGE][INFO] - User set preference: ['acceptInsecureCerts', 'true']

2022-04-18 13:16:18 - [MESSAGE][INFO] - Action delay is set to 0 milliseconds

2022-04-18 13:16:20 - [MESSAGE][PASSED] - Browser is opened with url: 'https://dev-algorithm.govolution.com/vlinktest/QA/version_2_0/authcap.html'

2022-04-18 13:16:20 - [TEST_STEP][PASSED] - maximizeWindow(): Current window maximized

2022-04-18 13:16:20 - [MESSAGE][PASSED] - Current window maximized

2022-04-18 13:16:20 - [TEST_STEP][PASSED] - vlinkPages.saleCCPage.setDataSCC(row, dataFile): vlinkPages.saleCCPage.setDataSCC is PASSED

2022-04-18 13:16:22 - [MESSAGE][PASSED] - Object 'Object Repository/VLink/Page_CCSale/txt_CardNumber' is present

2022-04-18 13:16:23 - [MESSAGE][PASSED] - Text '104' is set on object 'Object Repository/VLink/Page_CCSale/txt_TransactionType'

2022-04-18 13:16:24 - [MESSAGE][PASSED] - Text '2.0C' is set on object 'Object Repository/VLink/Page_CCSale/txt_MessageVersion'

2022-04-18 13:16:24 - [MESSAGE][PASSED] - Text 'wCckwYRdg1Yh' is set on object 'Object Repository/VLink/Page_CCSale/txt_RemID'

2022-04-18 13:16:25 - [MESSAGE][PASSED] - Text '677' is set on object 'Object Repository/VLink/Page_CCSale/txt_ApplicationId'

2022-04-18 13:16:26 - [MESSAGE][PASSED] - Text 'username' is set on object 'Object Repository/VLink/Page_CCSale/txt_Username'

2022-04-18 13:16:26 - [MESSAGE][PASSED] - Text 'password' is set on object 'Object Repository/VLink/Page_CCSale/txt_Password'

2022-04-18 13:16:27 - [MESSAGE][PASSED] - Text 'fixed_width' is set on object 'Object Repository/VLink/Page_CCSale/txt_ResponseFormat'

2022-04-18 13:16:27 - [MESSAGE][PASSED] - Text 'RETL' is set on object 'Object Repository/VLink/Page_CCSale/txt_Category'

2022-04-18 13:16:28 - [MESSAGE][PASSED] - Text '' is set on object 'Object Repository/VLink/Page_CCSale/txt_TransactionID'

2022-04-18 13:16:29 - [MESSAGE][PASSED] - Text '' is set on object 'Object Repository/VLink/Page_CCSale/txt_ApprovalCode'

2022-04-18 13:16:29 - [MESSAGE][PASSED] - Text 'Angelo Matt' is set on object 'Object Repository/VLink/Page_CCSale/txt_CardName'

2022-04-18 13:16:30 - [MESSAGE][PASSED] - Text '' is set on object 'Object Repository/VLink/Page_CCSale/txt_AL1'

2022-04-18 13:16:31 - [MESSAGE][PASSED] - Text '' is set on object 'Object Repository/VLink/Page_CCSale/txt_AL2'

2022-04-18 13:16:32 - [MESSAGE][PASSED] - Text '' is set on object 'Object Repository/VLink/Page_CCSale/txt_CardCity'

2022-04-18 13:16:32 - [MESSAGE][PASSED] - Text '' is set on object 'Object Repository/VLink/Page_CCSale/txt_CardState'

2022-04-18 13:16:33 - [MESSAGE][PASSED] - Text '' is set on object 'Object Repository/VLink/Page_CCSale/txt_CardZIP'

2022-04-18 13:16:34 - [MESSAGE][PASSED] - Text '' is set on object 'Object Repository/VLink/Page_CCSale/txt_CountryID'

2022-04-18 13:16:34 - [MESSAGE][PASSED] - Text '3.50' is set on object 'Object Repository/VLink/Page_CCSale/txt_Amount'

2022-04-18 13:16:35 - [MESSAGE][PASSED] - Text '' is set on object 'Object Repository/VLink/Page_CCSale/txt_CardNumber'

2022-04-18 13:16:36 - [MESSAGE][PASSED] - Text '' is set on object 'Object Repository/VLink/Page_CCSale/txt_ExpMonth'

2022-04-18 13:16:36 - [MESSAGE][PASSED] - Text '' is set on object 'Object Repository/VLink/Page_CCSale/txt_ExpYear'

2022-04-18 13:16:37 - [MESSAGE][PASSED] - Text '' is set on object 'Object Repository/VLink/Page_CCSale/txt_CVV'

2022-04-18 13:16:38 - [MESSAGE][PASSED] - Text '' is set on object 'Object Repository/VLink/Page_CCSale/txt_CVVstate'

2022-04-18 13:16:38 - [MESSAGE][PASSED] - Text '' is set on object 'Object Repository/VLink/Page_CCSale/txt_TrackData'

2022-04-18 13:16:39 - [MESSAGE][PASSED] - Text '' is set on object 'Object Repository/VLink/Page_CCSale/txt_Track1Data'

2022-04-18 13:16:40 - [MESSAGE][PASSED] - Text ';5567080011582646=23032010902035400015?' is set on object 'Object Repository/VLink/Page_CCSale/txt_Track2Data'

2022-04-18 13:16:40 - [MESSAGE][PASSED] - Text '' is set on object 'Object Repository/VLink/Page_CCSale/txt_POSEntryMode'

2022-04-18 13:16:41 - [MESSAGE][PASSED] - Text '' is set on object 'Object Repository/VLink/Page_CCSale/txt_Email'

2022-04-18 13:16:42 - [MESSAGE][PASSED] - Text '' is set on object 'Object Repository/VLink/Page_CCSale/txt_OrderNumber'

2022-04-18 13:16:42 - [MESSAGE][PASSED] - Text '' is set on object 'Object Repository/VLink/Page_CCSale/txt_TaxAmount'

2022-04-18 13:16:43 - [MESSAGE][PASSED] - Text '' is set on object 'Object Repository/VLink/Page_CCSale/txt_ChargeDescription'

2022-04-18 13:16:44 - [MESSAGE][PASSED] - Text '' is set on object 'Object Repository/VLink/Page_CCSale/txt_CAN'

2022-04-18 13:16:44 - [MESSAGE][PASSED] - Text '' is set on object 'Object Repository/VLink/Page_CCSale/txt_BillPaymentIndicator'

2022-04-18 13:16:45 - [MESSAGE][PASSED] - Text '' is set on object 'Object Repository/VLink/Page_CCSale/txt_UDF1'

2022-04-18 13:16:46 - [MESSAGE][PASSED] - Text '' is set on object 'Object Repository/VLink/Page_CCSale/txt_UDF2'

2022-04-18 13:16:46 - [MESSAGE][PASSED] - Text '' is set on object 'Object Repository/VLink/Page_CCSale/txt_UDF3'

2022-04-18 13:16:47 - [MESSAGE][PASSED] - Text '' is set on object 'Object Repository/VLink/Page_CCSale/txt_UDF4'

2022-04-18 13:16:48 - [MESSAGE][PASSED] - Text '' is set on object 'Object Repository/VLink/Page_CCSale/txt_UDF5'

2022-04-18 13:16:49 - [MESSAGE][PASSED] - Text '' is set on object 'Object Repository/VLink/Page_CCSale/txt_UDF6'

2022-04-18 13:16:49 - [MESSAGE][PASSED] - Text '' is set on object 'Object Repository/VLink/Page_CCSale/txt_UDF7'

2022-04-18 13:16:50 - [MESSAGE][PASSED] - Text '' is set on object 'Object Repository/VLink/Page_CCSale/txt_UDF8'

2022-04-18 13:16:51 - [MESSAGE][PASSED] - Text '' is set on object 'Object Repository/VLink/Page_CCSale/txt_UDF9'

2022-04-18 13:16:51 - [MESSAGE][PASSED] - Text '' is set on object 'Object Repository/VLink/Page_CCSale/txt_UDF10'

2022-04-18 13:16:52 - [MESSAGE][PASSED] - Text '' is set on object 'Object Repository/VLink/Page_CCSale/txt_CardOnFileIndicator'

2022-04-18 13:16:53 - [MESSAGE][PASSED] - Text '' is set on object 'Object Repository/VLink/Page_CCSale/txt_StoredCredentialIndicator'

2022-04-18 13:16:53 - [MESSAGE][PASSED] - Text '' is set on object 'Object Repository/VLink/Page_CCSale/txt_COFScheduledIndicator'

2022-04-18 13:16:54 - [MESSAGE][PASSED] - Text '' is set on object 'Object Repository/VLink/Page_CCSale/txt_COFTransactionInitiatedBy'

2022-04-18 13:16:58 - [MESSAGE][PASSED] - Object: 'Object Repository/VLink/Page_CCSale/btn_ProcessVLinkTransaction' is clicked on

2022-04-18 13:17:03 - [MESSAGE][PASSED] - vlinkPages.saleCCPage.setDataSCC is PASSED

2022-04-18 13:17:03 - [TEST_STEP][PASSED] - if (verifyTextPresent("Transaction approved, no errors", true)): null

2022-04-18 13:17:03 - [MESSAGE][PASSED] - Text 'Transaction approved, no errors' is present on page  using regular expression

2022-04-18 13:17:03 - [TEST_STEP][PASSED] - println("Transaction Approved, no errors text is present on the Confirmation page"): null

2022-04-18 13:17:03 - [TEST_STEP][PASSED] - out.println("Pass Record Number: " + row): null

2022-04-18 13:17:03 - [TEST_STEP][PASSED] - resText = "Pass": null

2022-04-18 13:17:03 - [TEST_STEP][PASSED] - pages.WriteExcel.demoKey(resText, datText, resColumn, datCloumn, fileLoc, nameSheet, row): pages.WriteExcel.demoKey is PASSED

2022-04-18 13:17:03 - [MESSAGE][PASSED] - pages.WriteExcel.demoKey is PASSED

2022-04-18 13:17:03 - [TEST_STEP][PASSED] - sdfo = getText(findTestObject("Object Repository/Page_VLinkReceipt/pre_STX")): Text of object 'Object Repository/Page_VLinkReceipt/pre_STX' is: '<STX>wCckwYRdg1Yh                  12114968            0  Transaction approved, no errors                   0                                                                                  R OK3444   <ETX>'

2022-04-18 13:17:04 - [MESSAGE][PASSED] - Text of object 'Object Repository/Page_VLinkReceipt/pre_STX' is: '<STX>wCckwYRdg1Yh                  12114968            0  Transaction approved, no errors                   0                                                                                  R OK3444   <ETX>'

2022-04-18 13:17:04 - [TEST_STEP][PASSED] - out.println("sdfo: " + sdfo): null

2022-04-18 13:17:04 - [TEST_STEP][PASSED] - remID = substring(5, 35).trim(): null

2022-04-18 13:17:04 - [TEST_STEP][PASSED] - out.println("Remittance ID: " + remID): null

2022-04-18 13:17:04 - [TEST_STEP][PASSED] - traxID = substring(35, 55).trim(): null

2022-04-18 13:17:04 - [TEST_STEP][PASSED] - out.println("Transaction ID: " + traxID): null

2022-04-18 13:17:04 - [TEST_STEP][PASSED] - out.println("End Record Number: " + row): null

2022-04-18 13:17:04 - [TEST_STEP][PASSED] - closeBrowser(): Browser is closed

2022-04-18 13:17:04 - [MESSAGE][PASSED] - Browser is closed

2022-04-18 13:17:04 - [TEST_STEP][PASSED] - ExecuteTC = findTestData(dataFile).getValue("Execute", row): null

2022-04-18 13:17:04 - [TEST_STEP][PASSED] - out.println("Value of Execute is : " + ExecuteTC): null

2022-04-18 13:17:04 - [TEST_STEP][PASSED] - if (ExecuteTC.equalsIgnoreCase("Y")): Browser is closed

2022-04-18 13:17:04 - [TEST_STEP][PASSED] - out.println("Begin Record Number: " + row): null

2022-04-18 13:17:04 - [TEST_STEP][PASSED] - today = new java.util.Date(): null

2022-04-18 13:17:04 - [TEST_STEP][PASSED] - println(today): null

2022-04-18 13:17:04 - [TEST_STEP][PASSED] - datText = today: null

2022-04-18 13:17:04 - [TEST_STEP][PASSED] - openBrowser(VLinkURL + "authcap.html"): Browser is opened with url: 'https://dev-algorithm.govolution.com/vlinktest/QA/version_2_0/authcap.html'

2022-04-18 13:17:05 - [MESSAGE][INFO] - Starting 'Chrome' driver

2022-04-18 13:17:05 - [MESSAGE][INFO] - User set preference: ['acceptInsecureCerts', 'true']

2022-04-18 13:17:05 - [MESSAGE][INFO] - Action delay is set to 0 milliseconds

2022-04-18 13:17:06 - [MESSAGE][PASSED] - Browser is opened with url: 'https://dev-algorithm.govolution.com/vlinktest/QA/version_2_0/authcap.html'

2022-04-18 13:17:06 - [TEST_STEP][PASSED] - maximizeWindow(): Current window maximized

2022-04-18 13:17:06 - [MESSAGE][PASSED] - Current window maximized

2022-04-18 13:17:06 - [TEST_STEP][PASSED] - vlinkPages.saleCCPage.setDataSCC(row, dataFile): vlinkPages.saleCCPage.setDataSCC is PASSED

2022-04-18 13:17:09 - [MESSAGE][PASSED] - Object 'Object Repository/VLink/Page_CCSale/txt_CardNumber' is present

2022-04-18 13:17:10 - [MESSAGE][PASSED] - Text '104' is set on object 'Object Repository/VLink/Page_CCSale/txt_TransactionType'

2022-04-18 13:17:10 - [MESSAGE][PASSED] - Text '2.0C' is set on object 'Object Repository/VLink/Page_CCSale/txt_MessageVersion'

2022-04-18 13:17:11 - [MESSAGE][PASSED] - Text 'zYQfP10nVIIV' is set on object 'Object Repository/VLink/Page_CCSale/txt_RemID'

2022-04-18 13:17:12 - [MESSAGE][PASSED] - Text '677' is set on object 'Object Repository/VLink/Page_CCSale/txt_ApplicationId'

2022-04-18 13:17:12 - [MESSAGE][PASSED] - Text 'username' is set on object 'Object Repository/VLink/Page_CCSale/txt_Username'

2022-04-18 13:17:13 - [MESSAGE][PASSED] - Text 'password' is set on object 'Object Repository/VLink/Page_CCSale/txt_Password'

2022-04-18 13:17:13 - [MESSAGE][PASSED] - Text 'fixed_width' is set on object 'Object Repository/VLink/Page_CCSale/txt_ResponseFormat'

2022-04-18 13:17:14 - [MESSAGE][PASSED] - Text 'RETL' is set on object 'Object Repository/VLink/Page_CCSale/txt_Category'

2022-04-18 13:17:15 - [MESSAGE][PASSED] - Text '' is set on object 'Object Repository/VLink/Page_CCSale/txt_TransactionID'

2022-04-18 13:17:15 - [MESSAGE][PASSED] - Text '' is set on object 'Object Repository/VLink/Page_CCSale/txt_ApprovalCode'

2022-04-18 13:17:16 - [MESSAGE][PASSED] - Text '' is set on object 'Object Repository/VLink/Page_CCSale/txt_CardName'

2022-04-18 13:17:17 - [MESSAGE][PASSED] - Text '' is set on object 'Object Repository/VLink/Page_CCSale/txt_AL1'

2022-04-18 13:17:17 - [MESSAGE][PASSED] - Text '' is set on object 'Object Repository/VLink/Page_CCSale/txt_AL2'

2022-04-18 13:17:18 - [MESSAGE][PASSED] - Text '' is set on object 'Object Repository/VLink/Page_CCSale/txt_CardCity'

2022-04-18 13:17:19 - [MESSAGE][PASSED] - Text '' is set on object 'Object Repository/VLink/Page_CCSale/txt_CardState'

2022-04-18 13:17:19 - [MESSAGE][PASSED] - Text '' is set on object 'Object Repository/VLink/Page_CCSale/txt_CardZIP'

2022-04-18 13:17:20 - [MESSAGE][PASSED] - Text '' is set on object 'Object Repository/VLink/Page_CCSale/txt_CountryID'

2022-04-18 13:17:21 - [MESSAGE][PASSED] - Text '3.50' is set on object 'Object Repository/VLink/Page_CCSale/txt_Amount'

2022-04-18 13:17:22 - [MESSAGE][PASSED] - Text '' is set on object 'Object Repository/VLink/Page_CCSale/txt_CardNumber'

2022-04-18 13:17:22 - [MESSAGE][PASSED] - Text '' is set on object 'Object Repository/VLink/Page_CCSale/txt_ExpMonth'

2022-04-18 13:17:23 - [MESSAGE][PASSED] - Text '' is set on object 'Object Repository/VLink/Page_CCSale/txt_ExpYear'

2022-04-18 13:17:24 - [MESSAGE][PASSED] - Text '' is set on object 'Object Repository/VLink/Page_CCSale/txt_CVV'

2022-04-18 13:17:24 - [MESSAGE][PASSED] - Text '' is set on object 'Object Repository/VLink/Page_CCSale/txt_CVVstate'

2022-04-18 13:17:25 - [MESSAGE][PASSED] - Text '' is set on object 'Object Repository/VLink/Page_CCSale/txt_TrackData'

2022-04-18 13:17:26 - [MESSAGE][PASSED] - Text '%B5567080011582646^AHMED/IMTIAZ              ^2303201090200000000000354000015?' is set on object 'Object Repository/VLink/Page_CCSale/txt_Track1Data'

2022-04-18 13:17:26 - [MESSAGE][PASSED] - Text ';5567080011582646=23032010902035400015?' is set on object 'Object Repository/VLink/Page_CCSale/txt_Track2Data'

2022-04-18 13:17:27 - [MESSAGE][PASSED] - Text '' is set on object 'Object Repository/VLink/Page_CCSale/txt_POSEntryMode'

2022-04-18 13:17:28 - [MESSAGE][PASSED] - Text '' is set on object 'Object Repository/VLink/Page_CCSale/txt_Email'

2022-04-18 13:17:28 - [MESSAGE][PASSED] - Text '' is set on object 'Object Repository/VLink/Page_CCSale/txt_OrderNumber'

2022-04-18 13:17:29 - [MESSAGE][PASSED] - Text '' is set on object 'Object Repository/VLink/Page_CCSale/txt_TaxAmount'

2022-04-18 13:17:30 - [MESSAGE][PASSED] - Text '' is set on object 'Object Repository/VLink/Page_CCSale/txt_ChargeDescription'

2022-04-18 13:17:30 - [MESSAGE][PASSED] - Text '' is set on object 'Object Repository/VLink/Page_CCSale/txt_CAN'

2022-04-18 13:17:31 - [MESSAGE][PASSED] - Text '' is set on object 'Object Repository/VLink/Page_CCSale/txt_BillPaymentIndicator'

2022-04-18 13:17:32 - [MESSAGE][PASSED] - Text '' is set on object 'Object Repository/VLink/Page_CCSale/txt_UDF1'

2022-04-18 13:17:33 - [MESSAGE][PASSED] - Text '' is set on object 'Object Repository/VLink/Page_CCSale/txt_UDF2'

2022-04-18 13:17:33 - [MESSAGE][PASSED] - Text '' is set on object 'Object Repository/VLink/Page_CCSale/txt_UDF3'

2022-04-18 13:17:34 - [MESSAGE][PASSED] - Text '' is set on object 'Object Repository/VLink/Page_CCSale/txt_UDF4'

2022-04-18 13:17:35 - [MESSAGE][PASSED] - Text '' is set on object 'Object Repository/VLink/Page_CCSale/txt_UDF5'

2022-04-18 13:17:35 - [MESSAGE][PASSED] - Text '' is set on object 'Object Repository/VLink/Page_CCSale/txt_UDF6'

2022-04-18 13:17:36 - [MESSAGE][PASSED] - Text '' is set on object 'Object Repository/VLink/Page_CCSale/txt_UDF7'

2022-04-18 13:17:37 - [MESSAGE][PASSED] - Text '' is set on object 'Object Repository/VLink/Page_CCSale/txt_UDF8'

2022-04-18 13:17:37 - [MESSAGE][PASSED] - Text '' is set on object 'Object Repository/VLink/Page_CCSale/txt_UDF9'

2022-04-18 13:17:38 - [MESSAGE][PASSED] - Text '' is set on object 'Object Repository/VLink/Page_CCSale/txt_UDF10'

2022-04-18 13:17:39 - [MESSAGE][PASSED] - Text '' is set on object 'Object Repository/VLink/Page_CCSale/txt_CardOnFileIndicator'

2022-04-18 13:17:39 - [MESSAGE][PASSED] - Text '' is set on object 'Object Repository/VLink/Page_CCSale/txt_StoredCredentialIndicator'

2022-04-18 13:17:40 - [MESSAGE][PASSED] - Text '' is set on object 'Object Repository/VLink/Page_CCSale/txt_COFScheduledIndicator'

2022-04-18 13:17:41 - [MESSAGE][PASSED] - Text '' is set on object 'Object Repository/VLink/Page_CCSale/txt_COFTransactionInitiatedBy'

2022-04-18 13:17:44 - [MESSAGE][PASSED] - Object: 'Object Repository/VLink/Page_CCSale/btn_ProcessVLinkTransaction' is clicked on

2022-04-18 13:17:49 - [MESSAGE][PASSED] - vlinkPages.saleCCPage.setDataSCC is PASSED

2022-04-18 13:17:49 - [TEST_STEP][PASSED] - if (verifyTextPresent("Transaction approved, no errors", true)): null

2022-04-18 13:17:49 - [MESSAGE][PASSED] - Text 'Transaction approved, no errors' is present on page  using regular expression

2022-04-18 13:17:49 - [TEST_STEP][PASSED] - println("Transaction Approved, no errors text is present on the Confirmation page"): null

2022-04-18 13:17:49 - [TEST_STEP][PASSED] - out.println("Pass Record Number: " + row): null

2022-04-18 13:17:49 - [TEST_STEP][PASSED] - resText = "Pass": null

2022-04-18 13:17:49 - [TEST_STEP][PASSED] - pages.WriteExcel.demoKey(resText, datText, resColumn, datCloumn, fileLoc, nameSheet, row): pages.WriteExcel.demoKey is PASSED

2022-04-18 13:17:49 - [MESSAGE][PASSED] - pages.WriteExcel.demoKey is PASSED

2022-04-18 13:17:49 - [TEST_STEP][PASSED] - sdfo = getText(findTestObject("Object Repository/Page_VLinkReceipt/pre_STX")): Text of object 'Object Repository/Page_VLinkReceipt/pre_STX' is: '<STX>zYQfP10nVIIV                  12114970            0  Transaction approved, no errors                   0                                                                                  R OK4254   <ETX>'

2022-04-18 13:17:50 - [MESSAGE][PASSED] - Text of object 'Object Repository/Page_VLinkReceipt/pre_STX' is: '<STX>zYQfP10nVIIV                  12114970            0  Transaction approved, no errors                   0                                                                                  R OK4254   <ETX>'

2022-04-18 13:17:50 - [TEST_STEP][PASSED] - out.println("sdfo: " + sdfo): null

2022-04-18 13:17:50 - [TEST_STEP][PASSED] - remID = substring(5, 35).trim(): null

2022-04-18 13:17:50 - [TEST_STEP][PASSED] - out.println("Remittance ID: " + remID): null

2022-04-18 13:17:50 - [TEST_STEP][PASSED] - traxID = substring(35, 55).trim(): null

2022-04-18 13:17:50 - [TEST_STEP][PASSED] - out.println("Transaction ID: " + traxID): null

2022-04-18 13:17:50 - [TEST_STEP][PASSED] - out.println("End Record Number: " + row): null

2022-04-18 13:17:50 - [TEST_STEP][PASSED] - closeBrowser(): Browser is closed

2022-04-18 13:17:51 - [MESSAGE][PASSED] - Browser is closed]]></system-out>
         <system-err><![CDATA[2022-04-18 12:20:03 - [TEST_CASE][FAILED] - Test Cases/VLink/QA/VLinkSale-Successful: Test Cases/VLink/QA/VLinkSale-Successful FAILED.
Reason:
com.kms.katalon.core.exception.StepFailedException: Text 'Transaction approved, no errors' is not present on page  using regular expression (Root cause: com.kms.katalon.core.exception.StepFailedException: Text 'Transaction approved, no errors' is not present on page  using regular expression
	at com.kms.katalon.core.webui.keyword.internal.WebUIKeywordMain.stepFailed(WebUIKeywordMain.groovy:64)
	at com.kms.katalon.core.webui.keyword.builtin.VerifyTextPresentKeyword$_verifyTextPresent_closure1.doCall(VerifyTextPresentKeyword.groovy:79)
	at com.kms.katalon.core.webui.keyword.builtin.VerifyTextPresentKeyword$_verifyTextPresent_closure1.call(VerifyTextPresentKeyword.groovy)
	at com.kms.katalon.core.webui.keyword.internal.WebUIKeywordMain.runKeyword(WebUIKeywordMain.groovy:20)
	at com.kms.katalon.core.webui.keyword.builtin.VerifyTextPresentKeyword.verifyTextPresent(VerifyTextPresentKeyword.groovy:83)
	at com.kms.katalon.core.webui.keyword.builtin.VerifyTextPresentKeyword.execute(VerifyTextPresentKeyword.groovy:68)
	at com.kms.katalon.core.keyword.internal.KeywordExecutor.executeKeywordForPlatform(KeywordExecutor.groovy:74)
	at com.kms.katalon.core.webui.keyword.WebUiBuiltInKeywords.verifyTextPresent(WebUiBuiltInKeywords.groovy:1723)
	at com.kms.katalon.core.webui.keyword.WebUiBuiltInKeywords$verifyTextPresent$4.call(Unknown Source)
	at VLinkSale-Successful.run(VLinkSale-Successful:88)
	at com.kms.katalon.core.main.ScriptEngine.run(ScriptEngine.java:194)
	at com.kms.katalon.core.main.ScriptEngine.runScriptAsRawText(ScriptEngine.java:119)
	at com.kms.katalon.core.main.TestCaseExecutor.runScript(TestCaseExecutor.java:442)
	at com.kms.katalon.core.main.TestCaseExecutor.doExecute(TestCaseExecutor.java:433)
	at com.kms.katalon.core.main.TestCaseExecutor.processExecutionPhase(TestCaseExecutor.java:412)
	at com.kms.katalon.core.main.TestCaseExecutor.accessMainPhase(TestCaseExecutor.java:404)
	at com.kms.katalon.core.main.TestCaseExecutor.execute(TestCaseExecutor.java:281)
	at com.kms.katalon.core.main.TestSuiteExecutor.accessTestCaseMainPhase(TestSuiteExecutor.java:202)
	at com.kms.katalon.core.main.TestSuiteExecutor.accessTestSuiteMainPhase(TestSuiteExecutor.java:164)
	at com.kms.katalon.core.main.TestSuiteExecutor.execute(TestSuiteExecutor.java:105)
	at com.kms.katalon.core.main.TestCaseMain.startTestSuite(TestCaseMain.java:185)
	at com.kms.katalon.core.main.TestCaseMain$startTestSuite$0.call(Unknown Source)
	at TempTestSuite1650298796406.run(TempTestSuite1650298796406.groovy:36)
)
	at com.kms.katalon.core.keyword.internal.KeywordMain.stepFailed(KeywordMain.groovy:39)
	at com.kms.katalon.core.webui.keyword.internal.WebUIKeywordMain.stepFailed(WebUIKeywordMain.groovy:64)
	at com.kms.katalon.core.webui.keyword.builtin.VerifyTextPresentKeyword$_verifyTextPresent_closure1.doCall(VerifyTextPresentKeyword.groovy:79)
	at com.kms.katalon.core.webui.keyword.builtin.VerifyTextPresentKeyword$_verifyTextPresent_closure1.call(VerifyTextPresentKeyword.groovy)
	at com.kms.katalon.core.webui.keyword.internal.WebUIKeywordMain.runKeyword(WebUIKeywordMain.groovy:20)
	at com.kms.katalon.core.webui.keyword.builtin.VerifyTextPresentKeyword.verifyTextPresent(VerifyTextPresentKeyword.groovy:83)
	at com.kms.katalon.core.webui.keyword.builtin.VerifyTextPresentKeyword.execute(VerifyTextPresentKeyword.groovy:68)
	at com.kms.katalon.core.keyword.internal.KeywordExecutor.executeKeywordForPlatform(KeywordExecutor.groovy:74)
	at com.kms.katalon.core.webui.keyword.WebUiBuiltInKeywords.verifyTextPresent(WebUiBuiltInKeywords.groovy:1723)
	at com.kms.katalon.core.webui.keyword.WebUiBuiltInKeywords$verifyTextPresent$4.call(Unknown Source)
	at VLinkSale-Successful.run(VLinkSale-Successful:88)
	at com.kms.katalon.core.main.ScriptEngine.run(ScriptEngine.java:194)
	at com.kms.katalon.core.main.ScriptEngine.runScriptAsRawText(ScriptEngine.java:119)
	at com.kms.katalon.core.main.TestCaseExecutor.runScript(TestCaseExecutor.java:442)
	at com.kms.katalon.core.main.TestCaseExecutor.doExecute(TestCaseExecutor.java:433)
	at com.kms.katalon.core.main.TestCaseExecutor.processExecutionPhase(TestCaseExecutor.java:412)
	at com.kms.katalon.core.main.TestCaseExecutor.accessMainPhase(TestCaseExecutor.java:404)
	at com.kms.katalon.core.main.TestCaseExecutor.execute(TestCaseExecutor.java:281)
	at com.kms.katalon.core.main.TestSuiteExecutor.accessTestCaseMainPhase(TestSuiteExecutor.java:202)
	at com.kms.katalon.core.main.TestSuiteExecutor.accessTestSuiteMainPhase(TestSuiteExecutor.java:164)
	at com.kms.katalon.core.main.TestSuiteExecutor.execute(TestSuiteExecutor.java:105)
	at com.kms.katalon.core.main.TestCaseMain.startTestSuite(TestCaseMain.java:185)
	at com.kms.katalon.core.main.TestCaseMain$startTestSuite$0.call(Unknown Source)
	at TempTestSuite1650298796406.run(TempTestSuite1650298796406.groovy:36)
Caused by: com.kms.katalon.core.exception.StepFailedException: Text 'Transaction approved, no errors' is not present on page  using regular expression
	... 23 more]]></system-err>
      </testcase>
      <system-out><![CDATA[2022-04-18 12:20:02 - [TEST_SUITE][FAILED] - QA Smoke Test: Test Cases/VLink/QA/VLinkSale-Successful FAILED.
Reason:
com.kms.katalon.core.exception.StepFailedException: Text 'Transaction approved, no errors' is not present on page  using regular expression (Root cause: com.kms.katalon.core.exception.StepFailedException: Text 'Transaction approved, no errors' is not present on page  using regular expression
	at com.kms.katalon.core.webui.keyword.internal.WebUIKeywordMain.stepFailed(WebUIKeywordMain.groovy:64)
	at com.kms.katalon.core.webui.keyword.builtin.VerifyTextPresentKeyword$_verifyTextPresent_closure1.doCall(VerifyTextPresentKeyword.groovy:79)
	at com.kms.katalon.core.webui.keyword.builtin.VerifyTextPresentKeyword$_verifyTextPresent_closure1.call(VerifyTextPresentKeyword.groovy)
	at com.kms.katalon.core.webui.keyword.internal.WebUIKeywordMain.runKeyword(WebUIKeywordMain.groovy:20)
	at com.kms.katalon.core.webui.keyword.builtin.VerifyTextPresentKeyword.verifyTextPresent(VerifyTextPresentKeyword.groovy:83)
	at com.kms.katalon.core.webui.keyword.builtin.VerifyTextPresentKeyword.execute(VerifyTextPresentKeyword.groovy:68)
	at com.kms.katalon.core.keyword.internal.KeywordExecutor.executeKeywordForPlatform(KeywordExecutor.groovy:74)
	at com.kms.katalon.core.webui.keyword.WebUiBuiltInKeywords.verifyTextPresent(WebUiBuiltInKeywords.groovy:1723)
	at com.kms.katalon.core.webui.keyword.WebUiBuiltInKeywords$verifyTextPresent$4.call(Unknown Source)
	at VLinkSale-Successful.run(VLinkSale-Successful:88)
	at com.kms.katalon.core.main.ScriptEngine.run(ScriptEngine.java:194)
	at com.kms.katalon.core.main.ScriptEngine.runScriptAsRawText(ScriptEngine.java:119)
	at com.kms.katalon.core.main.TestCaseExecutor.runScript(TestCaseExecutor.java:442)
	at com.kms.katalon.core.main.TestCaseExecutor.doExecute(TestCaseExecutor.java:433)
	at com.kms.katalon.core.main.TestCaseExecutor.processExecutionPhase(TestCaseExecutor.java:412)
	at com.kms.katalon.core.main.TestCaseExecutor.accessMainPhase(TestCaseExecutor.java:404)
	at com.kms.katalon.core.main.TestCaseExecutor.execute(TestCaseExecutor.java:281)
	at com.kms.katalon.core.main.TestSuiteExecutor.accessTestCaseMainPhase(TestSuiteExecutor.java:202)
	at com.kms.katalon.core.main.TestSuiteExecutor.accessTestSuiteMainPhase(TestSuiteExecutor.java:164)
	at com.kms.katalon.core.main.TestSuiteExecutor.execute(TestSuiteExecutor.java:105)
	at com.kms.katalon.core.main.TestCaseMain.startTestSuite(TestCaseMain.java:185)
	at com.kms.katalon.core.main.TestCaseMain$startTestSuite$0.call(Unknown Source)
	at TempTestSuite1650298796406.run(TempTestSuite1650298796406.groovy:36)
)
	at com.kms.katalon.core.keyword.internal.KeywordMain.stepFailed(KeywordMain.groovy:39)
	at com.kms.katalon.core.webui.keyword.internal.WebUIKeywordMain.stepFailed(WebUIKeywordMain.groovy:64)
	at com.kms.katalon.core.webui.keyword.builtin.VerifyTextPresentKeyword$_verifyTextPresent_closure1.doCall(VerifyTextPresentKeyword.groovy:79)
	at com.kms.katalon.core.webui.keyword.builtin.VerifyTextPresentKeyword$_verifyTextPresent_closure1.call(VerifyTextPresentKeyword.groovy)
	at com.kms.katalon.core.webui.keyword.internal.WebUIKeywordMain.runKeyword(WebUIKeywordMain.groovy:20)
	at com.kms.katalon.core.webui.keyword.builtin.VerifyTextPresentKeyword.verifyTextPresent(VerifyTextPresentKeyword.groovy:83)
	at com.kms.katalon.core.webui.keyword.builtin.VerifyTextPresentKeyword.execute(VerifyTextPresentKeyword.groovy:68)
	at com.kms.katalon.core.keyword.internal.KeywordExecutor.executeKeywordForPlatform(KeywordExecutor.groovy:74)
	at com.kms.katalon.core.webui.keyword.WebUiBuiltInKeywords.verifyTextPresent(WebUiBuiltInKeywords.groovy:1723)
	at com.kms.katalon.core.webui.keyword.WebUiBuiltInKeywords$verifyTextPresent$4.call(Unknown Source)
	at VLinkSale-Successful.run(VLinkSale-Successful:88)
	at com.kms.katalon.core.main.ScriptEngine.run(ScriptEngine.java:194)
	at com.kms.katalon.core.main.ScriptEngine.runScriptAsRawText(ScriptEngine.java:119)
	at com.kms.katalon.core.main.TestCaseExecutor.runScript(TestCaseExecutor.java:442)
	at com.kms.katalon.core.main.TestCaseExecutor.doExecute(TestCaseExecutor.java:433)
	at com.kms.katalon.core.main.TestCaseExecutor.processExecutionPhase(TestCaseExecutor.java:412)
	at com.kms.katalon.core.main.TestCaseExecutor.accessMainPhase(TestCaseExecutor.java:404)
	at com.kms.katalon.core.main.TestCaseExecutor.execute(TestCaseExecutor.java:281)
	at com.kms.katalon.core.main.TestSuiteExecutor.accessTestCaseMainPhase(TestSuiteExecutor.java:202)
	at com.kms.katalon.core.main.TestSuiteExecutor.accessTestSuiteMainPhase(TestSuiteExecutor.java:164)
	at com.kms.katalon.core.main.TestSuiteExecutor.execute(TestSuiteExecutor.java:105)
	at com.kms.katalon.core.main.TestCaseMain.startTestSuite(TestCaseMain.java:185)
	at com.kms.katalon.core.main.TestCaseMain$startTestSuite$0.call(Unknown Source)
	at TempTestSuite1650298796406.run(TempTestSuite1650298796406.groovy:36)
Caused by: com.kms.katalon.core.exception.StepFailedException: Text 'Transaction approved, no errors' is not present on page  using regular expression
	... 23 more]]></system-out>
      <system-err><![CDATA[2022-04-18 12:20:02 - [TEST_SUITE][FAILED] - QA Smoke Test: Test Cases/VLink/QA/VLinkSale-Successful FAILED.
Reason:
com.kms.katalon.core.exception.StepFailedException: Text 'Transaction approved, no errors' is not present on page  using regular expression (Root cause: com.kms.katalon.core.exception.StepFailedException: Text 'Transaction approved, no errors' is not present on page  using regular expression
	at com.kms.katalon.core.webui.keyword.internal.WebUIKeywordMain.stepFailed(WebUIKeywordMain.groovy:64)
	at com.kms.katalon.core.webui.keyword.builtin.VerifyTextPresentKeyword$_verifyTextPresent_closure1.doCall(VerifyTextPresentKeyword.groovy:79)
	at com.kms.katalon.core.webui.keyword.builtin.VerifyTextPresentKeyword$_verifyTextPresent_closure1.call(VerifyTextPresentKeyword.groovy)
	at com.kms.katalon.core.webui.keyword.internal.WebUIKeywordMain.runKeyword(WebUIKeywordMain.groovy:20)
	at com.kms.katalon.core.webui.keyword.builtin.VerifyTextPresentKeyword.verifyTextPresent(VerifyTextPresentKeyword.groovy:83)
	at com.kms.katalon.core.webui.keyword.builtin.VerifyTextPresentKeyword.execute(VerifyTextPresentKeyword.groovy:68)
	at com.kms.katalon.core.keyword.internal.KeywordExecutor.executeKeywordForPlatform(KeywordExecutor.groovy:74)
	at com.kms.katalon.core.webui.keyword.WebUiBuiltInKeywords.verifyTextPresent(WebUiBuiltInKeywords.groovy:1723)
	at com.kms.katalon.core.webui.keyword.WebUiBuiltInKeywords$verifyTextPresent$4.call(Unknown Source)
	at VLinkSale-Successful.run(VLinkSale-Successful:88)
	at com.kms.katalon.core.main.ScriptEngine.run(ScriptEngine.java:194)
	at com.kms.katalon.core.main.ScriptEngine.runScriptAsRawText(ScriptEngine.java:119)
	at com.kms.katalon.core.main.TestCaseExecutor.runScript(TestCaseExecutor.java:442)
	at com.kms.katalon.core.main.TestCaseExecutor.doExecute(TestCaseExecutor.java:433)
	at com.kms.katalon.core.main.TestCaseExecutor.processExecutionPhase(TestCaseExecutor.java:412)
	at com.kms.katalon.core.main.TestCaseExecutor.accessMainPhase(TestCaseExecutor.java:404)
	at com.kms.katalon.core.main.TestCaseExecutor.execute(TestCaseExecutor.java:281)
	at com.kms.katalon.core.main.TestSuiteExecutor.accessTestCaseMainPhase(TestSuiteExecutor.java:202)
	at com.kms.katalon.core.main.TestSuiteExecutor.accessTestSuiteMainPhase(TestSuiteExecutor.java:164)
	at com.kms.katalon.core.main.TestSuiteExecutor.execute(TestSuiteExecutor.java:105)
	at com.kms.katalon.core.main.TestCaseMain.startTestSuite(TestCaseMain.java:185)
	at com.kms.katalon.core.main.TestCaseMain$startTestSuite$0.call(Unknown Source)
	at TempTestSuite1650298796406.run(TempTestSuite1650298796406.groovy:36)
)
	at com.kms.katalon.core.keyword.internal.KeywordMain.stepFailed(KeywordMain.groovy:39)
	at com.kms.katalon.core.webui.keyword.internal.WebUIKeywordMain.stepFailed(WebUIKeywordMain.groovy:64)
	at com.kms.katalon.core.webui.keyword.builtin.VerifyTextPresentKeyword$_verifyTextPresent_closure1.doCall(VerifyTextPresentKeyword.groovy:79)
	at com.kms.katalon.core.webui.keyword.builtin.VerifyTextPresentKeyword$_verifyTextPresent_closure1.call(VerifyTextPresentKeyword.groovy)
	at com.kms.katalon.core.webui.keyword.internal.WebUIKeywordMain.runKeyword(WebUIKeywordMain.groovy:20)
	at com.kms.katalon.core.webui.keyword.builtin.VerifyTextPresentKeyword.verifyTextPresent(VerifyTextPresentKeyword.groovy:83)
	at com.kms.katalon.core.webui.keyword.builtin.VerifyTextPresentKeyword.execute(VerifyTextPresentKeyword.groovy:68)
	at com.kms.katalon.core.keyword.internal.KeywordExecutor.executeKeywordForPlatform(KeywordExecutor.groovy:74)
	at com.kms.katalon.core.webui.keyword.WebUiBuiltInKeywords.verifyTextPresent(WebUiBuiltInKeywords.groovy:1723)
	at com.kms.katalon.core.webui.keyword.WebUiBuiltInKeywords$verifyTextPresent$4.call(Unknown Source)
	at VLinkSale-Successful.run(VLinkSale-Successful:88)
	at com.kms.katalon.core.main.ScriptEngine.run(ScriptEngine.java:194)
	at com.kms.katalon.core.main.ScriptEngine.runScriptAsRawText(ScriptEngine.java:119)
	at com.kms.katalon.core.main.TestCaseExecutor.runScript(TestCaseExecutor.java:442)
	at com.kms.katalon.core.main.TestCaseExecutor.doExecute(TestCaseExecutor.java:433)
	at com.kms.katalon.core.main.TestCaseExecutor.processExecutionPhase(TestCaseExecutor.java:412)
	at com.kms.katalon.core.main.TestCaseExecutor.accessMainPhase(TestCaseExecutor.java:404)
	at com.kms.katalon.core.main.TestCaseExecutor.execute(TestCaseExecutor.java:281)
	at com.kms.katalon.core.main.TestSuiteExecutor.accessTestCaseMainPhase(TestSuiteExecutor.java:202)
	at com.kms.katalon.core.main.TestSuiteExecutor.accessTestSuiteMainPhase(TestSuiteExecutor.java:164)
	at com.kms.katalon.core.main.TestSuiteExecutor.execute(TestSuiteExecutor.java:105)
	at com.kms.katalon.core.main.TestCaseMain.startTestSuite(TestCaseMain.java:185)
	at com.kms.katalon.core.main.TestCaseMain$startTestSuite$0.call(Unknown Source)
	at TempTestSuite1650298796406.run(TempTestSuite1650298796406.groovy:36)
Caused by: com.kms.katalon.core.exception.StepFailedException: Text 'Transaction approved, no errors' is not present on page  using regular expression
	... 23 more]]></system-err>
   </testsuite>
</testsuites>
