<?xml version="1.0" encoding="UTF-8"?>
<testsuites name="AdminSuiteBootstrap_UI_TestSuite" time="485.822" tests="7" failures="3" errors="0">
   <testsuite name="AdminSuiteBootstrap_UI_TestSuite" tests="7" failures="3" errors="0" time="485.822" skipped="0" timestamp="2022-08-29 15:40:24" hostname="Imtiaz.Ahmed - host.docker.internal" id="Test Suites/QA/VT-Bootstrap/AdminSuiteBootstrap_UI_TestSuite">
      <properties>
         <property name="deviceName" value=""/>
         <property name="devicePlatform" value=""/>
         <property name="logFolder" value="C:\\ClonedVPS\\VPS-Katalon\\Reports\\20220829_154019\\QA\\VT-Bootstrap\\AdminSuiteBootstrap_UI_TestSuite\\20220829_154019"/>
         <property name="logFiles" value="C:\\ClonedVPS\\VPS-Katalon\\Reports\\20220829_154019\\QA\\VT-Bootstrap\\AdminSuiteBootstrap_UI_TestSuite\\20220829_154019\\execution0.log"/>
         <property name="attachments" value="C:\\ClonedVPS\\VPS-Katalon\\Reports\\20220829_154019\\QA\\VT-Bootstrap\\AdminSuiteBootstrap_UI_TestSuite\\20220829_154019\\1661802085034.png, C:\\ClonedVPS\\VPS-Katalon\\Reports\\20220829_154019\\QA\\VT-Bootstrap\\AdminSuiteBootstrap_UI_TestSuite\\20220829_154019\\1661802194836.png, C:\\ClonedVPS\\VPS-Katalon\\Reports\\20220829_154019\\QA\\VT-Bootstrap\\AdminSuiteBootstrap_UI_TestSuite\\20220829_154019\\1661802266372.png, C:\\ClonedVPS\\VPS-Katalon\\Reports\\20220829_154019\\QA\\VT-Bootstrap\\AdminSuiteBootstrap_UI_TestSuite\\20220829_154019\\1661802387708.png"/>
         <property name="hostName" value="Imtiaz.Ahmed - host.docker.internal"/>
         <property name="os" value="Windows 10 64bit"/>
         <property name="katalonVersion" value="8.4.1.208"/>
         <property name="browser" value="Chrome 104.0.5112.102"/>
         <property name="hostAddress" value="192.168.1.230"/>
         <property name="sessionId" value="101b7a8883e10d3adb54302ca3b01a8b"/>
         <property name="seleniumVersion" value="3.141.59"/>
         <property name="proxyInformation" value="ProxyInformation { proxyOption=NO_PROXY, proxyServerType=HTTP, username=, password=********, proxyServerAddress=, proxyServerPort=0, executionList=&quot;&quot;, isApplyToDesiredCapabilities=true }"/>
         <property name="platform" value="Windows 10"/>
      </properties>
      <testcase name="Test Cases/Admin Suite Bootstrap/Dashboard_TestCases/VerifyDashboardLinks_UI_TC" time="92.549" classname="Test Cases/Admin Suite Bootstrap/Dashboard_TestCases/VerifyDashboardLinks_UI_TC" status="FAILED">
         <failure type="FAILED" message="Test Cases/Admin Suite Bootstrap/Dashboard_TestCases/VerifyDashboardLinks_UI_TC FAILED.
Reason:
com.kms.katalon.core.exception.StepFailedException: com.kms.katalon.core.webui.exception.WebElementNotFoundException: Web element with id: 'Object Repository/AdminSuiteBootstrap_Pages/Dashboard_Bootstrap/a_Email Subscription' located by '//*[@href = '/admin/imtiaz/bootstrap/vclerk/index.do?actionType=email' and (text() = 'Email Subscription' or . = 'Email Subscription')]' not found (Root cause: com.kms.katalon.core.exception.StepFailedException: com.kms.katalon.core.webui.exception.WebElementNotFoundException: Web element with id: 'Object Repository/AdminSuiteBootstrap_Pages/Dashboard_Bootstrap/a_Email Subscription' located by '//*[@href = '/admin/imtiaz/bootstrap/vclerk/index.do?actionType=email' and (text() = 'Email Subscription' or . = 'Email Subscription')]' not found
	at com.kms.katalon.core.webui.keyword.internal.WebUIKeywordMain.stepFailed(WebUIKeywordMain.groovy:64)
	at com.kms.katalon.core.webui.keyword.builtin.VerifyElementPresentKeyword$_verifyElementPresent_closure1.doCall(VerifyElementPresentKeyword.groovy:85)
	at com.kms.katalon.core.webui.keyword.builtin.VerifyElementPresentKeyword$_verifyElementPresent_closure1.call(VerifyElementPresentKeyword.groovy)
	at com.kms.katalon.core.webui.keyword.internal.WebUIKeywordMain.runKeyword(WebUIKeywordMain.groovy:20)
	at com.kms.katalon.core.webui.keyword.builtin.VerifyElementPresentKeyword.verifyElementPresent(VerifyElementPresentKeyword.groovy:92)
	at com.kms.katalon.core.webui.keyword.builtin.VerifyElementPresentKeyword.execute(VerifyElementPresentKeyword.groovy:68)
	at com.kms.katalon.core.keyword.internal.KeywordExecutor.executeKeywordForPlatform(KeywordExecutor.groovy:74)
	at com.kms.katalon.core.webui.keyword.WebUiBuiltInKeywords.verifyElementPresent(WebUiBuiltInKeywords.groovy:1464)
	at com.kms.katalon.core.webui.keyword.WebUiBuiltInKeywords$verifyElementPresent$1.call(Unknown Source)
	at VerifyDashboardLinks_UI_TC.run(VerifyDashboardLinks_UI_TC:101)
	at com.kms.katalon.core.main.ScriptEngine.run(ScriptEngine.java:194)
	at com.kms.katalon.core.main.ScriptEngine.runScriptAsRawText(ScriptEngine.java:119)
	at com.kms.katalon.core.main.TestCaseExecutor.runScript(TestCaseExecutor.java:448)
	at com.kms.katalon.core.main.TestCaseExecutor.doExecute(TestCaseExecutor.java:439)
	at com.kms.katalon.core.main.TestCaseExecutor.processExecutionPhase(TestCaseExecutor.java:418)
	at com.kms.katalon.core.main.TestCaseExecutor.accessMainPhase(TestCaseExecutor.java:410)
	at com.kms.katalon.core.main.TestCaseExecutor.execute(TestCaseExecutor.java:285)
	at com.kms.katalon.core.common.CommonExecutor.accessTestCaseMainPhase(CommonExecutor.java:65)
	at com.kms.katalon.core.main.TestSuiteExecutor.accessTestSuiteMainPhase(TestSuiteExecutor.java:144)
	at com.kms.katalon.core.main.TestSuiteExecutor.execute(TestSuiteExecutor.java:106)
	at com.kms.katalon.core.main.TestCaseMain.startTestSuite(TestCaseMain.java:185)
	at com.kms.katalon.core.main.TestCaseMain$startTestSuite$0.call(Unknown Source)
	at TempTestSuite1661802019376.run(TempTestSuite1661802019376.groovy:36)
)
	at com.kms.katalon.core.keyword.internal.KeywordMain.stepFailed(KeywordMain.groovy:39)
	at com.kms.katalon.core.webui.keyword.internal.WebUIKeywordMain.stepFailed(WebUIKeywordMain.groovy:64)
	at com.kms.katalon.core.webui.keyword.builtin.VerifyElementPresentKeyword$_verifyElementPresent_closure1.doCall(VerifyElementPresentKeyword.groovy:85)
	at com.kms.katalon.core.webui.keyword.builtin.VerifyElementPresentKeyword$_verifyElementPresent_closure1.call(VerifyElementPresentKeyword.groovy)
	at com.kms.katalon.core.webui.keyword.internal.WebUIKeywordMain.runKeyword(WebUIKeywordMain.groovy:20)
	at com.kms.katalon.core.webui.keyword.builtin.VerifyElementPresentKeyword.verifyElementPresent(VerifyElementPresentKeyword.groovy:92)
	at com.kms.katalon.core.webui.keyword.builtin.VerifyElementPresentKeyword.execute(VerifyElementPresentKeyword.groovy:68)
	at com.kms.katalon.core.keyword.internal.KeywordExecutor.executeKeywordForPlatform(KeywordExecutor.groovy:74)
	at com.kms.katalon.core.webui.keyword.WebUiBuiltInKeywords.verifyElementPresent(WebUiBuiltInKeywords.groovy:1464)
	at com.kms.katalon.core.webui.keyword.WebUiBuiltInKeywords$verifyElementPresent$1.call(Unknown Source)
	at VerifyDashboardLinks_UI_TC.run(VerifyDashboardLinks_UI_TC:101)
	at com.kms.katalon.core.main.ScriptEngine.run(ScriptEngine.java:194)
	at com.kms.katalon.core.main.ScriptEngine.runScriptAsRawText(ScriptEngine.java:119)
	at com.kms.katalon.core.main.TestCaseExecutor.runScript(TestCaseExecutor.java:448)
	at com.kms.katalon.core.main.TestCaseExecutor.doExecute(TestCaseExecutor.java:439)
	at com.kms.katalon.core.main.TestCaseExecutor.processExecutionPhase(TestCaseExecutor.java:418)
	at com.kms.katalon.core.main.TestCaseExecutor.accessMainPhase(TestCaseExecutor.java:410)
	at com.kms.katalon.core.main.TestCaseExecutor.execute(TestCaseExecutor.java:285)
	at com.kms.katalon.core.common.CommonExecutor.accessTestCaseMainPhase(CommonExecutor.java:65)
	at com.kms.katalon.core.main.TestSuiteExecutor.accessTestSuiteMainPhase(TestSuiteExecutor.java:144)
	at com.kms.katalon.core.main.TestSuiteExecutor.execute(TestSuiteExecutor.java:106)
	at com.kms.katalon.core.main.TestCaseMain.startTestSuite(TestCaseMain.java:185)
	at com.kms.katalon.core.main.TestCaseMain$startTestSuite$0.call(Unknown Source)
	at TempTestSuite1661802019376.run(TempTestSuite1661802019376.groovy:36)
Caused by: com.kms.katalon.core.exception.StepFailedException: com.kms.katalon.core.webui.exception.WebElementNotFoundException: Web element with id: 'Object Repository/AdminSuiteBootstrap_Pages/Dashboard_Bootstrap/a_Email Subscription' located by '//*[@href = '/admin/imtiaz/bootstrap/vclerk/index.do?actionType=email' and (text() = 'Email Subscription' or . = 'Email Subscription')]' not found
	... 23 more
"/>
         <system-out><![CDATA[2022-08-29 15:40:24 - [TEST_CASE][FAILED] - Test Cases/Admin Suite Bootstrap/Dashboard_TestCases/VerifyDashboardLinks_UI_TC: Test Cases/Admin Suite Bootstrap/Dashboard_TestCases/VerifyDashboardLinks_UI_TC FAILED.
Reason:
com.kms.katalon.core.exception.StepFailedException: com.kms.katalon.core.webui.exception.WebElementNotFoundException: Web element with id: 'Object Repository/AdminSuiteBootstrap_Pages/Dashboard_Bootstrap/a_Email Subscription' located by '//*[@href = '/admin/imtiaz/bootstrap/vclerk/index.do?actionType=email' and (text() = 'Email Subscription' or . = 'Email Subscription')]' not found (Root cause: com.kms.katalon.core.exception.StepFailedException: com.kms.katalon.core.webui.exception.WebElementNotFoundException: Web element with id: 'Object Repository/AdminSuiteBootstrap_Pages/Dashboard_Bootstrap/a_Email Subscription' located by '//*[@href = '/admin/imtiaz/bootstrap/vclerk/index.do?actionType=email' and (text() = 'Email Subscription' or . = 'Email Subscription')]' not found
	at com.kms.katalon.core.webui.keyword.internal.WebUIKeywordMain.stepFailed(WebUIKeywordMain.groovy:64)
	at com.kms.katalon.core.webui.keyword.builtin.VerifyElementPresentKeyword$_verifyElementPresent_closure1.doCall(VerifyElementPresentKeyword.groovy:85)
	at com.kms.katalon.core.webui.keyword.builtin.VerifyElementPresentKeyword$_verifyElementPresent_closure1.call(VerifyElementPresentKeyword.groovy)
	at com.kms.katalon.core.webui.keyword.internal.WebUIKeywordMain.runKeyword(WebUIKeywordMain.groovy:20)
	at com.kms.katalon.core.webui.keyword.builtin.VerifyElementPresentKeyword.verifyElementPresent(VerifyElementPresentKeyword.groovy:92)
	at com.kms.katalon.core.webui.keyword.builtin.VerifyElementPresentKeyword.execute(VerifyElementPresentKeyword.groovy:68)
	at com.kms.katalon.core.keyword.internal.KeywordExecutor.executeKeywordForPlatform(KeywordExecutor.groovy:74)
	at com.kms.katalon.core.webui.keyword.WebUiBuiltInKeywords.verifyElementPresent(WebUiBuiltInKeywords.groovy:1464)
	at com.kms.katalon.core.webui.keyword.WebUiBuiltInKeywords$verifyElementPresent$1.call(Unknown Source)
	at VerifyDashboardLinks_UI_TC.run(VerifyDashboardLinks_UI_TC:101)
	at com.kms.katalon.core.main.ScriptEngine.run(ScriptEngine.java:194)
	at com.kms.katalon.core.main.ScriptEngine.runScriptAsRawText(ScriptEngine.java:119)
	at com.kms.katalon.core.main.TestCaseExecutor.runScript(TestCaseExecutor.java:448)
	at com.kms.katalon.core.main.TestCaseExecutor.doExecute(TestCaseExecutor.java:439)
	at com.kms.katalon.core.main.TestCaseExecutor.processExecutionPhase(TestCaseExecutor.java:418)
	at com.kms.katalon.core.main.TestCaseExecutor.accessMainPhase(TestCaseExecutor.java:410)
	at com.kms.katalon.core.main.TestCaseExecutor.execute(TestCaseExecutor.java:285)
	at com.kms.katalon.core.common.CommonExecutor.accessTestCaseMainPhase(CommonExecutor.java:65)
	at com.kms.katalon.core.main.TestSuiteExecutor.accessTestSuiteMainPhase(TestSuiteExecutor.java:144)
	at com.kms.katalon.core.main.TestSuiteExecutor.execute(TestSuiteExecutor.java:106)
	at com.kms.katalon.core.main.TestCaseMain.startTestSuite(TestCaseMain.java:185)
	at com.kms.katalon.core.main.TestCaseMain$startTestSuite$0.call(Unknown Source)
	at TempTestSuite1661802019376.run(TempTestSuite1661802019376.groovy:36)
)
	at com.kms.katalon.core.keyword.internal.KeywordMain.stepFailed(KeywordMain.groovy:39)
	at com.kms.katalon.core.webui.keyword.internal.WebUIKeywordMain.stepFailed(WebUIKeywordMain.groovy:64)
	at com.kms.katalon.core.webui.keyword.builtin.VerifyElementPresentKeyword$_verifyElementPresent_closure1.doCall(VerifyElementPresentKeyword.groovy:85)
	at com.kms.katalon.core.webui.keyword.builtin.VerifyElementPresentKeyword$_verifyElementPresent_closure1.call(VerifyElementPresentKeyword.groovy)
	at com.kms.katalon.core.webui.keyword.internal.WebUIKeywordMain.runKeyword(WebUIKeywordMain.groovy:20)
	at com.kms.katalon.core.webui.keyword.builtin.VerifyElementPresentKeyword.verifyElementPresent(VerifyElementPresentKeyword.groovy:92)
	at com.kms.katalon.core.webui.keyword.builtin.VerifyElementPresentKeyword.execute(VerifyElementPresentKeyword.groovy:68)
	at com.kms.katalon.core.keyword.internal.KeywordExecutor.executeKeywordForPlatform(KeywordExecutor.groovy:74)
	at com.kms.katalon.core.webui.keyword.WebUiBuiltInKeywords.verifyElementPresent(WebUiBuiltInKeywords.groovy:1464)
	at com.kms.katalon.core.webui.keyword.WebUiBuiltInKeywords$verifyElementPresent$1.call(Unknown Source)
	at VerifyDashboardLinks_UI_TC.run(VerifyDashboardLinks_UI_TC:101)
	at com.kms.katalon.core.main.ScriptEngine.run(ScriptEngine.java:194)
	at com.kms.katalon.core.main.ScriptEngine.runScriptAsRawText(ScriptEngine.java:119)
	at com.kms.katalon.core.main.TestCaseExecutor.runScript(TestCaseExecutor.java:448)
	at com.kms.katalon.core.main.TestCaseExecutor.doExecute(TestCaseExecutor.java:439)
	at com.kms.katalon.core.main.TestCaseExecutor.processExecutionPhase(TestCaseExecutor.java:418)
	at com.kms.katalon.core.main.TestCaseExecutor.accessMainPhase(TestCaseExecutor.java:410)
	at com.kms.katalon.core.main.TestCaseExecutor.execute(TestCaseExecutor.java:285)
	at com.kms.katalon.core.common.CommonExecutor.accessTestCaseMainPhase(CommonExecutor.java:65)
	at com.kms.katalon.core.main.TestSuiteExecutor.accessTestSuiteMainPhase(TestSuiteExecutor.java:144)
	at com.kms.katalon.core.main.TestSuiteExecutor.execute(TestSuiteExecutor.java:106)
	at com.kms.katalon.core.main.TestCaseMain.startTestSuite(TestCaseMain.java:185)
	at com.kms.katalon.core.main.TestCaseMain$startTestSuite$0.call(Unknown Source)
	at TempTestSuite1661802019376.run(TempTestSuite1661802019376.groovy:36)
Caused by: com.kms.katalon.core.exception.StepFailedException: com.kms.katalon.core.webui.exception.WebElementNotFoundException: Web element with id: 'Object Repository/AdminSuiteBootstrap_Pages/Dashboard_Bootstrap/a_Email Subscription' located by '//*[@href = '/admin/imtiaz/bootstrap/vclerk/index.do?actionType=email' and (text() = 'Email Subscription' or . = 'Email Subscription')]' not found
	... 23 more


2022-08-29 15:40:24 - [TEST_STEP][PASSED] - path_Dashboard = "Object Repository/AdminSuiteBootstrap_Pages/Dashboard_Bootstrap/": null

2022-08-29 15:40:24 - [TEST_STEP][PASSED] - adminSuiteBootstrap.loginFunctionality.login_AdminSuite(): adminSuiteBootstrap.loginFunctionality.login_AdminSuite is PASSED

2022-08-29 15:40:25 - [MESSAGE][INFO] - Starting 'Chrome' driver

2022-08-29 15:40:25 - [MESSAGE][INFO] - User set preference: ['acceptInsecureCerts', 'true']

2022-08-29 15:40:25 - [MESSAGE][INFO] - Action delay is set to 0 milliseconds

2022-08-29 15:40:32 - [MESSAGE][PASSED] - Browser is opened with url: 'https://qa.velocitypayment.com/admin/imtiaz'

2022-08-29 15:40:32 - [MESSAGE][PASSED] - Current window maximized

2022-08-29 15:40:33 - [MESSAGE][PASSED] - Object 'Object Repository/Login_Page/Login_Username' is present

2022-08-29 15:40:34 - [MESSAGE][PASSED] - Text 'iahmed' is set on object 'Object Repository/Login_Page/Login_Username'

2022-08-29 15:40:34 - [MESSAGE][PASSED] - Text 'hello2222' is set on object 'Object Repository/Login_Page/Login_Password'

2022-08-29 15:40:38 - [MESSAGE][PASSED] - Object: 'Object Repository/Login_Page/Login_Submit' is clicked on

2022-08-29 15:40:38 - [MESSAGE][PASSED] - adminSuiteBootstrap.loginFunctionality.login_AdminSuite is PASSED

2022-08-29 15:40:38 - [TEST_STEP][PASSED] - click(findTestObject(path_Dashboard + "i_imtiaz_fa fa-user fa-lg")): Object: 'Object Repository/AdminSuiteBootstrap_Pages/Dashboard_Bootstrap/i_imtiaz_fa fa-user fa-lg' is clicked on

2022-08-29 15:40:38 - [MESSAGE][PASSED] - Object: 'Object Repository/AdminSuiteBootstrap_Pages/Dashboard_Bootstrap/i_imtiaz_fa fa-user fa-lg' is clicked on

2022-08-29 15:40:38 - [TEST_STEP][PASSED] - verifyElementVisible(findTestObject(path_Dashboard + "span_Imtiaz Ahmed iahmed")): Object 'Object Repository/AdminSuiteBootstrap_Pages/Dashboard_Bootstrap/span_Imtiaz Ahmed iahmed' is visible

2022-08-29 15:40:38 - [MESSAGE][PASSED] - Object 'Object Repository/AdminSuiteBootstrap_Pages/Dashboard_Bootstrap/span_Imtiaz Ahmed iahmed' is visible

2022-08-29 15:40:38 - [TEST_STEP][PASSED] - verifyElementPresent(findTestObject(path_Dashboard + "span_Imtiaz Ahmed iahmed"), 30): Object 'Object Repository/AdminSuiteBootstrap_Pages/Dashboard_Bootstrap/span_Imtiaz Ahmed iahmed' is present

2022-08-29 15:40:39 - [MESSAGE][PASSED] - Object 'Object Repository/AdminSuiteBootstrap_Pages/Dashboard_Bootstrap/span_Imtiaz Ahmed iahmed' is present

2022-08-29 15:40:39 - [TEST_STEP][PASSED] - verifyElementVisible(findTestObject(path_Dashboard + "span_Logout")): Object 'Object Repository/AdminSuiteBootstrap_Pages/Dashboard_Bootstrap/span_Logout' is visible

2022-08-29 15:40:39 - [MESSAGE][PASSED] - Object 'Object Repository/AdminSuiteBootstrap_Pages/Dashboard_Bootstrap/span_Logout' is visible

2022-08-29 15:40:39 - [TEST_STEP][PASSED] - verifyElementPresent(findTestObject(path_Dashboard + "span_Logout"), 30): Object 'Object Repository/AdminSuiteBootstrap_Pages/Dashboard_Bootstrap/span_Logout' is present

2022-08-29 15:40:39 - [MESSAGE][PASSED] - Object 'Object Repository/AdminSuiteBootstrap_Pages/Dashboard_Bootstrap/span_Logout' is present

2022-08-29 15:40:39 - [TEST_STEP][PASSED] - verifyElementVisible(findTestObject(path_Dashboard + "span_My Account")): Object 'Object Repository/AdminSuiteBootstrap_Pages/Dashboard_Bootstrap/span_My Account' is visible

2022-08-29 15:40:40 - [MESSAGE][PASSED] - Object 'Object Repository/AdminSuiteBootstrap_Pages/Dashboard_Bootstrap/span_My Account' is visible

2022-08-29 15:40:40 - [TEST_STEP][PASSED] - verifyElementPresent(findTestObject(path_Dashboard + "span_My Account"), 30): Object 'Object Repository/AdminSuiteBootstrap_Pages/Dashboard_Bootstrap/span_My Account' is present

2022-08-29 15:40:40 - [MESSAGE][PASSED] - Object 'Object Repository/AdminSuiteBootstrap_Pages/Dashboard_Bootstrap/span_My Account' is present

2022-08-29 15:40:40 - [TEST_STEP][PASSED] - verifyElementPresent(findTestObject(path_Dashboard + "span_Call Center"), 30): Object 'Object Repository/AdminSuiteBootstrap_Pages/Dashboard_Bootstrap/span_Call Center' is present

2022-08-29 15:40:41 - [MESSAGE][PASSED] - Object 'Object Repository/AdminSuiteBootstrap_Pages/Dashboard_Bootstrap/span_Call Center' is present

2022-08-29 15:40:41 - [TEST_STEP][PASSED] - verifyElementPresent(findTestObject(path_Dashboard + "span_Payment"), 30): Object 'Object Repository/AdminSuiteBootstrap_Pages/Dashboard_Bootstrap/span_Payment' is present

2022-08-29 15:40:41 - [MESSAGE][PASSED] - Object 'Object Repository/AdminSuiteBootstrap_Pages/Dashboard_Bootstrap/span_Payment' is present

2022-08-29 15:40:41 - [TEST_STEP][PASSED] - verifyElementPresent(findTestObject(path_Dashboard + "span_Reporting"), 30): Object 'Object Repository/AdminSuiteBootstrap_Pages/Dashboard_Bootstrap/span_Reporting' is present

2022-08-29 15:40:41 - [MESSAGE][PASSED] - Object 'Object Repository/AdminSuiteBootstrap_Pages/Dashboard_Bootstrap/span_Reporting' is present

2022-08-29 15:40:41 - [TEST_STEP][PASSED] - verifyElementPresent(findTestObject(path_Dashboard + "span_User Management"), 30): Object 'Object Repository/AdminSuiteBootstrap_Pages/Dashboard_Bootstrap/span_User Management' is present

2022-08-29 15:40:42 - [MESSAGE][PASSED] - Object 'Object Repository/AdminSuiteBootstrap_Pages/Dashboard_Bootstrap/span_User Management' is present

2022-08-29 15:40:42 - [TEST_STEP][PASSED] - verifyElementVisible(findTestObject(path_Dashboard + "span_Call Center")): Object 'Object Repository/AdminSuiteBootstrap_Pages/Dashboard_Bootstrap/span_Call Center' is visible

2022-08-29 15:40:42 - [MESSAGE][PASSED] - Object 'Object Repository/AdminSuiteBootstrap_Pages/Dashboard_Bootstrap/span_Call Center' is visible

2022-08-29 15:40:42 - [TEST_STEP][PASSED] - verifyElementVisible(findTestObject(path_Dashboard + "span_Payment")): Object 'Object Repository/AdminSuiteBootstrap_Pages/Dashboard_Bootstrap/span_Payment' is visible

2022-08-29 15:40:43 - [MESSAGE][PASSED] - Object 'Object Repository/AdminSuiteBootstrap_Pages/Dashboard_Bootstrap/span_Payment' is visible

2022-08-29 15:40:43 - [TEST_STEP][PASSED] - verifyElementVisible(findTestObject(path_Dashboard + "span_Reporting")): Object 'Object Repository/AdminSuiteBootstrap_Pages/Dashboard_Bootstrap/span_Reporting' is visible

2022-08-29 15:40:43 - [MESSAGE][PASSED] - Object 'Object Repository/AdminSuiteBootstrap_Pages/Dashboard_Bootstrap/span_Reporting' is visible

2022-08-29 15:40:43 - [TEST_STEP][PASSED] - verifyElementVisible(findTestObject(path_Dashboard + "span_User Management")): Object 'Object Repository/AdminSuiteBootstrap_Pages/Dashboard_Bootstrap/span_User Management' is visible

2022-08-29 15:40:43 - [MESSAGE][PASSED] - Object 'Object Repository/AdminSuiteBootstrap_Pages/Dashboard_Bootstrap/span_User Management' is visible

2022-08-29 15:40:43 - [TEST_STEP][PASSED] - verifyTextPresent("Velocity Payment System Version 2022-1 - Copyright © 2022 Govolution", true): Text 'Velocity Payment System Version 2022-1 - Copyright © 2022 Govolution' is present on page  using regular expression

2022-08-29 15:40:44 - [MESSAGE][PASSED] - Text 'Velocity Payment System Version 2022-1 - Copyright © 2022 Govolution' is present on page  using regular expression

2022-08-29 15:40:44 - [TEST_STEP][PASSED] - verifyElementPresent(findTestObject(path_Dashboard + "span_CustomerDD"), 30): Object 'Object Repository/AdminSuiteBootstrap_Pages/Dashboard_Bootstrap/span_CustomerDD' is present

2022-08-29 15:40:44 - [MESSAGE][PASSED] - Object 'Object Repository/AdminSuiteBootstrap_Pages/Dashboard_Bootstrap/span_CustomerDD' is present

2022-08-29 15:40:44 - [TEST_STEP][PASSED] - click(findTestObject(path_Dashboard + "span_User Management")): Object: 'Object Repository/AdminSuiteBootstrap_Pages/Dashboard_Bootstrap/span_User Management' is clicked on

2022-08-29 15:40:44 - [MESSAGE][PASSED] - Object: 'Object Repository/AdminSuiteBootstrap_Pages/Dashboard_Bootstrap/span_User Management' is clicked on

2022-08-29 15:40:44 - [TEST_STEP][PASSED] - verifyElementPresent(findTestObject(path_Dashboard + "a_Users"), 30): Object 'Object Repository/AdminSuiteBootstrap_Pages/Dashboard_Bootstrap/a_Users' is present

2022-08-29 15:40:45 - [MESSAGE][PASSED] - Object 'Object Repository/AdminSuiteBootstrap_Pages/Dashboard_Bootstrap/a_Users' is present

2022-08-29 15:40:45 - [TEST_STEP][PASSED] - verifyElementVisible(findTestObject(path_Dashboard + "a_Users")): Object 'Object Repository/AdminSuiteBootstrap_Pages/Dashboard_Bootstrap/a_Users' is visible

2022-08-29 15:40:45 - [MESSAGE][PASSED] - Object 'Object Repository/AdminSuiteBootstrap_Pages/Dashboard_Bootstrap/a_Users' is visible

2022-08-29 15:40:45 - [TEST_STEP][PASSED] - verifyElementPresent(findTestObject(path_Dashboard + "a_Roles"), 30): Object 'Object Repository/AdminSuiteBootstrap_Pages/Dashboard_Bootstrap/a_Roles' is present

2022-08-29 15:40:45 - [MESSAGE][PASSED] - Object 'Object Repository/AdminSuiteBootstrap_Pages/Dashboard_Bootstrap/a_Roles' is present

2022-08-29 15:40:45 - [TEST_STEP][PASSED] - verifyElementVisible(findTestObject(path_Dashboard + "a_Roles")): Object 'Object Repository/AdminSuiteBootstrap_Pages/Dashboard_Bootstrap/a_Roles' is visible

2022-08-29 15:40:46 - [MESSAGE][PASSED] - Object 'Object Repository/AdminSuiteBootstrap_Pages/Dashboard_Bootstrap/a_Roles' is visible

2022-08-29 15:40:46 - [TEST_STEP][PASSED] - verifyElementPresent(findTestObject(path_Dashboard + "a_Products"), 30): Object 'Object Repository/AdminSuiteBootstrap_Pages/Dashboard_Bootstrap/a_Products' is present

2022-08-29 15:40:46 - [MESSAGE][PASSED] - Object 'Object Repository/AdminSuiteBootstrap_Pages/Dashboard_Bootstrap/a_Products' is present

2022-08-29 15:40:46 - [TEST_STEP][PASSED] - verifyElementVisible(findTestObject(path_Dashboard + "a_Products")): Object 'Object Repository/AdminSuiteBootstrap_Pages/Dashboard_Bootstrap/a_Products' is visible

2022-08-29 15:40:47 - [MESSAGE][PASSED] - Object 'Object Repository/AdminSuiteBootstrap_Pages/Dashboard_Bootstrap/a_Products' is visible

2022-08-29 15:40:47 - [TEST_STEP][PASSED] - verifyElementPresent(findTestObject(path_Dashboard + "a_AVS Policy"), 30): Object 'Object Repository/AdminSuiteBootstrap_Pages/Dashboard_Bootstrap/a_AVS Policy' is present

2022-08-29 15:40:47 - [MESSAGE][PASSED] - Object 'Object Repository/AdminSuiteBootstrap_Pages/Dashboard_Bootstrap/a_AVS Policy' is present

2022-08-29 15:40:47 - [TEST_STEP][PASSED] - verifyElementVisible(findTestObject(path_Dashboard + "a_AVS Policy")): Object 'Object Repository/AdminSuiteBootstrap_Pages/Dashboard_Bootstrap/a_AVS Policy' is visible

2022-08-29 15:40:47 - [MESSAGE][PASSED] - Object 'Object Repository/AdminSuiteBootstrap_Pages/Dashboard_Bootstrap/a_AVS Policy' is visible

2022-08-29 15:40:47 - [TEST_STEP][PASSED] - verifyElementPresent(findTestObject(path_Dashboard + "a_CVV Policy"), 30): Object 'Object Repository/AdminSuiteBootstrap_Pages/Dashboard_Bootstrap/a_CVV Policy' is present

2022-08-29 15:40:48 - [MESSAGE][PASSED] - Object 'Object Repository/AdminSuiteBootstrap_Pages/Dashboard_Bootstrap/a_CVV Policy' is present

2022-08-29 15:40:48 - [TEST_STEP][PASSED] - verifyElementVisible(findTestObject(path_Dashboard + "a_CVV Policy")): Object 'Object Repository/AdminSuiteBootstrap_Pages/Dashboard_Bootstrap/a_CVV Policy' is visible

2022-08-29 15:40:48 - [MESSAGE][PASSED] - Object 'Object Repository/AdminSuiteBootstrap_Pages/Dashboard_Bootstrap/a_CVV Policy' is visible

2022-08-29 15:40:48 - [TEST_STEP][PASSED] - verifyElementPresent(findTestObject(path_Dashboard + "a_Email Alerts"), 30): Object 'Object Repository/AdminSuiteBootstrap_Pages/Dashboard_Bootstrap/a_Email Alerts' is present

2022-08-29 15:40:48 - [MESSAGE][PASSED] - Object 'Object Repository/AdminSuiteBootstrap_Pages/Dashboard_Bootstrap/a_Email Alerts' is present

2022-08-29 15:40:48 - [TEST_STEP][PASSED] - verifyElementVisible(findTestObject(path_Dashboard + "a_Email Alerts")): Object 'Object Repository/AdminSuiteBootstrap_Pages/Dashboard_Bootstrap/a_Email Alerts' is visible

2022-08-29 15:40:49 - [MESSAGE][PASSED] - Object 'Object Repository/AdminSuiteBootstrap_Pages/Dashboard_Bootstrap/a_Email Alerts' is visible

2022-08-29 15:40:49 - [TEST_STEP][PASSED] - click(findTestObject(path_Dashboard + "span_Payment")): Object: 'Object Repository/AdminSuiteBootstrap_Pages/Dashboard_Bootstrap/span_Payment' is clicked on

2022-08-29 15:40:49 - [MESSAGE][PASSED] - Object: 'Object Repository/AdminSuiteBootstrap_Pages/Dashboard_Bootstrap/span_Payment' is clicked on

2022-08-29 15:40:49 - [TEST_STEP][PASSED] - verifyElementPresent(findTestObject(path_Dashboard + "a_New Test VRelay"), 30): Object 'Object Repository/AdminSuiteBootstrap_Pages/Dashboard_Bootstrap/a_New Test VRelay' is present

2022-08-29 15:40:50 - [MESSAGE][PASSED] - Object 'Object Repository/AdminSuiteBootstrap_Pages/Dashboard_Bootstrap/a_New Test VRelay' is present

2022-08-29 15:40:50 - [TEST_STEP][PASSED] - verifyElementVisible(findTestObject(path_Dashboard + "a_New Test VRelay")): Object 'Object Repository/AdminSuiteBootstrap_Pages/Dashboard_Bootstrap/a_New Test VRelay' is visible

2022-08-29 15:40:50 - [MESSAGE][PASSED] - Object 'Object Repository/AdminSuiteBootstrap_Pages/Dashboard_Bootstrap/a_New Test VRelay' is visible

2022-08-29 15:40:50 - [TEST_STEP][PASSED] - click(findTestObject(path_Dashboard + "span_Reporting")): Object: 'Object Repository/AdminSuiteBootstrap_Pages/Dashboard_Bootstrap/span_Reporting' is clicked on

2022-08-29 15:40:50 - [MESSAGE][PASSED] - Object: 'Object Repository/AdminSuiteBootstrap_Pages/Dashboard_Bootstrap/span_Reporting' is clicked on

2022-08-29 15:40:50 - [TEST_STEP][PASSED] - verifyElementPresent(findTestObject(path_Dashboard + "a_Operational Reports"), 30): Object 'Object Repository/AdminSuiteBootstrap_Pages/Dashboard_Bootstrap/a_Operational Reports' is present

2022-08-29 15:40:51 - [MESSAGE][PASSED] - Object 'Object Repository/AdminSuiteBootstrap_Pages/Dashboard_Bootstrap/a_Operational Reports' is present

2022-08-29 15:40:51 - [TEST_STEP][PASSED] - verifyElementVisible(findTestObject(path_Dashboard + "a_Operational Reports")): Object 'Object Repository/AdminSuiteBootstrap_Pages/Dashboard_Bootstrap/a_Operational Reports' is visible

2022-08-29 15:40:51 - [MESSAGE][PASSED] - Object 'Object Repository/AdminSuiteBootstrap_Pages/Dashboard_Bootstrap/a_Operational Reports' is visible

2022-08-29 15:40:51 - [TEST_STEP][PASSED] - verifyElementPresent(findTestObject(path_Dashboard + "a_Risk ManagementAudit Reports"), 30): Object 'Object Repository/AdminSuiteBootstrap_Pages/Dashboard_Bootstrap/a_Risk ManagementAudit Reports' is present

2022-08-29 15:40:51 - [MESSAGE][PASSED] - Object 'Object Repository/AdminSuiteBootstrap_Pages/Dashboard_Bootstrap/a_Risk ManagementAudit Reports' is present

2022-08-29 15:40:51 - [TEST_STEP][PASSED] - verifyElementVisible(findTestObject(path_Dashboard + "a_Risk ManagementAudit Reports")): Object 'Object Repository/AdminSuiteBootstrap_Pages/Dashboard_Bootstrap/a_Risk ManagementAudit Reports' is visible

2022-08-29 15:40:52 - [MESSAGE][PASSED] - Object 'Object Repository/AdminSuiteBootstrap_Pages/Dashboard_Bootstrap/a_Risk ManagementAudit Reports' is visible

2022-08-29 15:40:52 - [TEST_STEP][PASSED] - verifyElementPresent(findTestObject(path_Dashboard + "a_User Reports"), 30): Object 'Object Repository/AdminSuiteBootstrap_Pages/Dashboard_Bootstrap/a_User Reports' is present

2022-08-29 15:40:52 - [MESSAGE][PASSED] - Object 'Object Repository/AdminSuiteBootstrap_Pages/Dashboard_Bootstrap/a_User Reports' is present

2022-08-29 15:40:52 - [TEST_STEP][PASSED] - verifyElementVisible(findTestObject(path_Dashboard + "a_User Reports")): Object 'Object Repository/AdminSuiteBootstrap_Pages/Dashboard_Bootstrap/a_User Reports' is visible

2022-08-29 15:40:53 - [MESSAGE][PASSED] - Object 'Object Repository/AdminSuiteBootstrap_Pages/Dashboard_Bootstrap/a_User Reports' is visible

2022-08-29 15:40:53 - [TEST_STEP][PASSED] - verifyElementPresent(findTestObject(path_Dashboard + "a_All Reports"), 30): Object 'Object Repository/AdminSuiteBootstrap_Pages/Dashboard_Bootstrap/a_All Reports' is present

2022-08-29 15:40:53 - [MESSAGE][PASSED] - Object 'Object Repository/AdminSuiteBootstrap_Pages/Dashboard_Bootstrap/a_All Reports' is present

2022-08-29 15:40:53 - [TEST_STEP][PASSED] - verifyElementVisible(findTestObject(path_Dashboard + "a_All Reports")): Object 'Object Repository/AdminSuiteBootstrap_Pages/Dashboard_Bootstrap/a_All Reports' is visible

2022-08-29 15:40:53 - [MESSAGE][PASSED] - Object 'Object Repository/AdminSuiteBootstrap_Pages/Dashboard_Bootstrap/a_All Reports' is visible

2022-08-29 15:40:53 - [TEST_STEP][FAILED] - verifyElementPresent(findTestObject(path_Dashboard + "a_Email Subscription"), 30): com.kms.katalon.core.webui.exception.WebElementNotFoundException: Web element with id: 'Object Repository/AdminSuiteBootstrap_Pages/Dashboard_Bootstrap/a_Email Subscription' located by '//*[@href = '/admin/imtiaz/bootstrap/vclerk/index.do?actionType=email' and (text() = 'Email Subscription' or . = 'Email Subscription')]' not found (Root cause: com.kms.katalon.core.exception.StepFailedException: com.kms.katalon.core.webui.exception.WebElementNotFoundException: Web element with id: 'Object Repository/AdminSuiteBootstrap_Pages/Dashboard_Bootstrap/a_Email Subscription' located by '//*[@href = '/admin/imtiaz/bootstrap/vclerk/index.do?actionType=email' and (text() = 'Email Subscription' or . = 'Email Subscription')]' not found
	at com.kms.katalon.core.webui.keyword.internal.WebUIKeywordMain.stepFailed(WebUIKeywordMain.groovy:64)
	at com.kms.katalon.core.webui.keyword.builtin.VerifyElementPresentKeyword$_verifyElementPresent_closure1.doCall(VerifyElementPresentKeyword.groovy:85)
	at com.kms.katalon.core.webui.keyword.builtin.VerifyElementPresentKeyword$_verifyElementPresent_closure1.call(VerifyElementPresentKeyword.groovy)
	at com.kms.katalon.core.webui.keyword.internal.WebUIKeywordMain.runKeyword(WebUIKeywordMain.groovy:20)
	at com.kms.katalon.core.webui.keyword.builtin.VerifyElementPresentKeyword.verifyElementPresent(VerifyElementPresentKeyword.groovy:92)
	at com.kms.katalon.core.webui.keyword.builtin.VerifyElementPresentKeyword.execute(VerifyElementPresentKeyword.groovy:68)
	at com.kms.katalon.core.keyword.internal.KeywordExecutor.executeKeywordForPlatform(KeywordExecutor.groovy:74)
	at com.kms.katalon.core.webui.keyword.WebUiBuiltInKeywords.verifyElementPresent(WebUiBuiltInKeywords.groovy:1464)
	at com.kms.katalon.core.webui.keyword.WebUiBuiltInKeywords$verifyElementPresent$1.call(Unknown Source)
	at VerifyDashboardLinks_UI_TC.run(VerifyDashboardLinks_UI_TC:101)
	at com.kms.katalon.core.main.ScriptEngine.run(ScriptEngine.java:194)
	at com.kms.katalon.core.main.ScriptEngine.runScriptAsRawText(ScriptEngine.java:119)
	at com.kms.katalon.core.main.TestCaseExecutor.runScript(TestCaseExecutor.java:448)
	at com.kms.katalon.core.main.TestCaseExecutor.doExecute(TestCaseExecutor.java:439)
	at com.kms.katalon.core.main.TestCaseExecutor.processExecutionPhase(TestCaseExecutor.java:418)
	at com.kms.katalon.core.main.TestCaseExecutor.accessMainPhase(TestCaseExecutor.java:410)
	at com.kms.katalon.core.main.TestCaseExecutor.execute(TestCaseExecutor.java:285)
	at com.kms.katalon.core.common.CommonExecutor.accessTestCaseMainPhase(CommonExecutor.java:65)
	at com.kms.katalon.core.main.TestSuiteExecutor.accessTestSuiteMainPhase(TestSuiteExecutor.java:144)
	at com.kms.katalon.core.main.TestSuiteExecutor.execute(TestSuiteExecutor.java:106)
	at com.kms.katalon.core.main.TestCaseMain.startTestSuite(TestCaseMain.java:185)
	at com.kms.katalon.core.main.TestCaseMain$startTestSuite$0.call(Unknown Source)
	at TempTestSuite1661802019376.run(TempTestSuite1661802019376.groovy:36)
)

2022-08-29 15:41:25 - [MESSAGE][INFO] - Unable to find the element located by 'By.xpath: //*[@href = '/admin/imtiaz/bootstrap/vclerk/index.do?actionType=email' and (text() = 'Email Subscription' or . = 'Email Subscription')]'. Please recheck the objects properties to make sure the desired element is located. 

2022-08-29 15:41:25 - [MESSAGE][FAILED] - com.kms.katalon.core.webui.exception.WebElementNotFoundException: Web element with id: 'Object Repository/AdminSuiteBootstrap_Pages/Dashboard_Bootstrap/a_Email Subscription' located by '//*[@href = '/admin/imtiaz/bootstrap/vclerk/index.do?actionType=email' and (text() = 'Email Subscription' or . = 'Email Subscription')]' not found (Root cause: com.kms.katalon.core.exception.StepFailedException: com.kms.katalon.core.webui.exception.WebElementNotFoundException: Web element with id: 'Object Repository/AdminSuiteBootstrap_Pages/Dashboard_Bootstrap/a_Email Subscription' located by '//*[@href = '/admin/imtiaz/bootstrap/vclerk/index.do?actionType=email' and (text() = 'Email Subscription' or . = 'Email Subscription')]' not found
	at com.kms.katalon.core.webui.keyword.internal.WebUIKeywordMain.stepFailed(WebUIKeywordMain.groovy:64)
	at com.kms.katalon.core.webui.keyword.builtin.VerifyElementPresentKeyword$_verifyElementPresent_closure1.doCall(VerifyElementPresentKeyword.groovy:85)
	at com.kms.katalon.core.webui.keyword.builtin.VerifyElementPresentKeyword$_verifyElementPresent_closure1.call(VerifyElementPresentKeyword.groovy)
	at com.kms.katalon.core.webui.keyword.internal.WebUIKeywordMain.runKeyword(WebUIKeywordMain.groovy:20)
	at com.kms.katalon.core.webui.keyword.builtin.VerifyElementPresentKeyword.verifyElementPresent(VerifyElementPresentKeyword.groovy:92)
	at com.kms.katalon.core.webui.keyword.builtin.VerifyElementPresentKeyword.execute(VerifyElementPresentKeyword.groovy:68)
	at com.kms.katalon.core.keyword.internal.KeywordExecutor.executeKeywordForPlatform(KeywordExecutor.groovy:74)
	at com.kms.katalon.core.webui.keyword.WebUiBuiltInKeywords.verifyElementPresent(WebUiBuiltInKeywords.groovy:1464)
	at com.kms.katalon.core.webui.keyword.WebUiBuiltInKeywords$verifyElementPresent$1.call(Unknown Source)
	at VerifyDashboardLinks_UI_TC.run(VerifyDashboardLinks_UI_TC:101)
	at com.kms.katalon.core.main.ScriptEngine.run(ScriptEngine.java:194)
	at com.kms.katalon.core.main.ScriptEngine.runScriptAsRawText(ScriptEngine.java:119)
	at com.kms.katalon.core.main.TestCaseExecutor.runScript(TestCaseExecutor.java:448)
	at com.kms.katalon.core.main.TestCaseExecutor.doExecute(TestCaseExecutor.java:439)
	at com.kms.katalon.core.main.TestCaseExecutor.processExecutionPhase(TestCaseExecutor.java:418)
	at com.kms.katalon.core.main.TestCaseExecutor.accessMainPhase(TestCaseExecutor.java:410)
	at com.kms.katalon.core.main.TestCaseExecutor.execute(TestCaseExecutor.java:285)
	at com.kms.katalon.core.common.CommonExecutor.accessTestCaseMainPhase(CommonExecutor.java:65)
	at com.kms.katalon.core.main.TestSuiteExecutor.accessTestSuiteMainPhase(TestSuiteExecutor.java:144)
	at com.kms.katalon.core.main.TestSuiteExecutor.execute(TestSuiteExecutor.java:106)
	at com.kms.katalon.core.main.TestCaseMain.startTestSuite(TestCaseMain.java:185)
	at com.kms.katalon.core.main.TestCaseMain$startTestSuite$0.call(Unknown Source)
	at TempTestSuite1661802019376.run(TempTestSuite1661802019376.groovy:36)
)
[[ATTACHMENT|C:\\ClonedVPS\\VPS-Katalon\\Reports\\20220829_154019\\QA\\VT-Bootstrap\\AdminSuiteBootstrap_UI_TestSuite\\20220829_154019\\1661802085034.png]]

2022-08-29 15:41:25 - [TEST_STEP][PASSED] - verifyElementVisible(findTestObject(path_Dashboard + "a_Email Subscription")): Object 'Object Repository/AdminSuiteBootstrap_Pages/Dashboard_Bootstrap/a_Email Subscription' is visible

2022-08-29 15:41:56 - [MESSAGE][INFO] - Unable to find the element located by 'By.xpath: //*[@href = '/admin/imtiaz/bootstrap/vclerk/index.do?actionType=email' and (text() = 'Email Subscription' or . = 'Email Subscription')]'. Please recheck the objects properties to make sure the desired element is located. 

2022-08-29 15:41:56 - [MESSAGE][WARNING] - [SELF-HEALING] Failed to find element with id 'Object Repository/AdminSuiteBootstrap_Pages/Dashboard_Bootstrap/a_Email Subscription'. Try using Self-healing.

2022-08-29 15:41:57 - [MESSAGE][INFO] - [SELF-HEALING] Screenshot: C:/ClonedVPS/VPS-Katalon/Reports/Self-healing/Object Repository/AdminSuiteBootstrap_Pages/Dashboard_Bootstrap/a_Email Subscription_XPATH.png

2022-08-29 15:41:57 - [MESSAGE][WARNING] - [SELF-HEALING] The current locator of test object 'Object Repository/AdminSuiteBootstrap_Pages/Dashboard_Bootstrap/a_Email Subscription' was broken. Propose an alternative one: '//a[contains(text(),'Email Subscription')]'.

2022-08-29 15:41:57 - [MESSAGE][PASSED] - Object 'Object Repository/AdminSuiteBootstrap_Pages/Dashboard_Bootstrap/a_Email Subscription' is visible]]></system-out>
         <system-err><![CDATA[2022-08-29 15:40:24 - [TEST_CASE][FAILED] - Test Cases/Admin Suite Bootstrap/Dashboard_TestCases/VerifyDashboardLinks_UI_TC: Test Cases/Admin Suite Bootstrap/Dashboard_TestCases/VerifyDashboardLinks_UI_TC FAILED.
Reason:
com.kms.katalon.core.exception.StepFailedException: com.kms.katalon.core.webui.exception.WebElementNotFoundException: Web element with id: 'Object Repository/AdminSuiteBootstrap_Pages/Dashboard_Bootstrap/a_Email Subscription' located by '//*[@href = '/admin/imtiaz/bootstrap/vclerk/index.do?actionType=email' and (text() = 'Email Subscription' or . = 'Email Subscription')]' not found (Root cause: com.kms.katalon.core.exception.StepFailedException: com.kms.katalon.core.webui.exception.WebElementNotFoundException: Web element with id: 'Object Repository/AdminSuiteBootstrap_Pages/Dashboard_Bootstrap/a_Email Subscription' located by '//*[@href = '/admin/imtiaz/bootstrap/vclerk/index.do?actionType=email' and (text() = 'Email Subscription' or . = 'Email Subscription')]' not found
	at com.kms.katalon.core.webui.keyword.internal.WebUIKeywordMain.stepFailed(WebUIKeywordMain.groovy:64)
	at com.kms.katalon.core.webui.keyword.builtin.VerifyElementPresentKeyword$_verifyElementPresent_closure1.doCall(VerifyElementPresentKeyword.groovy:85)
	at com.kms.katalon.core.webui.keyword.builtin.VerifyElementPresentKeyword$_verifyElementPresent_closure1.call(VerifyElementPresentKeyword.groovy)
	at com.kms.katalon.core.webui.keyword.internal.WebUIKeywordMain.runKeyword(WebUIKeywordMain.groovy:20)
	at com.kms.katalon.core.webui.keyword.builtin.VerifyElementPresentKeyword.verifyElementPresent(VerifyElementPresentKeyword.groovy:92)
	at com.kms.katalon.core.webui.keyword.builtin.VerifyElementPresentKeyword.execute(VerifyElementPresentKeyword.groovy:68)
	at com.kms.katalon.core.keyword.internal.KeywordExecutor.executeKeywordForPlatform(KeywordExecutor.groovy:74)
	at com.kms.katalon.core.webui.keyword.WebUiBuiltInKeywords.verifyElementPresent(WebUiBuiltInKeywords.groovy:1464)
	at com.kms.katalon.core.webui.keyword.WebUiBuiltInKeywords$verifyElementPresent$1.call(Unknown Source)
	at VerifyDashboardLinks_UI_TC.run(VerifyDashboardLinks_UI_TC:101)
	at com.kms.katalon.core.main.ScriptEngine.run(ScriptEngine.java:194)
	at com.kms.katalon.core.main.ScriptEngine.runScriptAsRawText(ScriptEngine.java:119)
	at com.kms.katalon.core.main.TestCaseExecutor.runScript(TestCaseExecutor.java:448)
	at com.kms.katalon.core.main.TestCaseExecutor.doExecute(TestCaseExecutor.java:439)
	at com.kms.katalon.core.main.TestCaseExecutor.processExecutionPhase(TestCaseExecutor.java:418)
	at com.kms.katalon.core.main.TestCaseExecutor.accessMainPhase(TestCaseExecutor.java:410)
	at com.kms.katalon.core.main.TestCaseExecutor.execute(TestCaseExecutor.java:285)
	at com.kms.katalon.core.common.CommonExecutor.accessTestCaseMainPhase(CommonExecutor.java:65)
	at com.kms.katalon.core.main.TestSuiteExecutor.accessTestSuiteMainPhase(TestSuiteExecutor.java:144)
	at com.kms.katalon.core.main.TestSuiteExecutor.execute(TestSuiteExecutor.java:106)
	at com.kms.katalon.core.main.TestCaseMain.startTestSuite(TestCaseMain.java:185)
	at com.kms.katalon.core.main.TestCaseMain$startTestSuite$0.call(Unknown Source)
	at TempTestSuite1661802019376.run(TempTestSuite1661802019376.groovy:36)
)
	at com.kms.katalon.core.keyword.internal.KeywordMain.stepFailed(KeywordMain.groovy:39)
	at com.kms.katalon.core.webui.keyword.internal.WebUIKeywordMain.stepFailed(WebUIKeywordMain.groovy:64)
	at com.kms.katalon.core.webui.keyword.builtin.VerifyElementPresentKeyword$_verifyElementPresent_closure1.doCall(VerifyElementPresentKeyword.groovy:85)
	at com.kms.katalon.core.webui.keyword.builtin.VerifyElementPresentKeyword$_verifyElementPresent_closure1.call(VerifyElementPresentKeyword.groovy)
	at com.kms.katalon.core.webui.keyword.internal.WebUIKeywordMain.runKeyword(WebUIKeywordMain.groovy:20)
	at com.kms.katalon.core.webui.keyword.builtin.VerifyElementPresentKeyword.verifyElementPresent(VerifyElementPresentKeyword.groovy:92)
	at com.kms.katalon.core.webui.keyword.builtin.VerifyElementPresentKeyword.execute(VerifyElementPresentKeyword.groovy:68)
	at com.kms.katalon.core.keyword.internal.KeywordExecutor.executeKeywordForPlatform(KeywordExecutor.groovy:74)
	at com.kms.katalon.core.webui.keyword.WebUiBuiltInKeywords.verifyElementPresent(WebUiBuiltInKeywords.groovy:1464)
	at com.kms.katalon.core.webui.keyword.WebUiBuiltInKeywords$verifyElementPresent$1.call(Unknown Source)
	at VerifyDashboardLinks_UI_TC.run(VerifyDashboardLinks_UI_TC:101)
	at com.kms.katalon.core.main.ScriptEngine.run(ScriptEngine.java:194)
	at com.kms.katalon.core.main.ScriptEngine.runScriptAsRawText(ScriptEngine.java:119)
	at com.kms.katalon.core.main.TestCaseExecutor.runScript(TestCaseExecutor.java:448)
	at com.kms.katalon.core.main.TestCaseExecutor.doExecute(TestCaseExecutor.java:439)
	at com.kms.katalon.core.main.TestCaseExecutor.processExecutionPhase(TestCaseExecutor.java:418)
	at com.kms.katalon.core.main.TestCaseExecutor.accessMainPhase(TestCaseExecutor.java:410)
	at com.kms.katalon.core.main.TestCaseExecutor.execute(TestCaseExecutor.java:285)
	at com.kms.katalon.core.common.CommonExecutor.accessTestCaseMainPhase(CommonExecutor.java:65)
	at com.kms.katalon.core.main.TestSuiteExecutor.accessTestSuiteMainPhase(TestSuiteExecutor.java:144)
	at com.kms.katalon.core.main.TestSuiteExecutor.execute(TestSuiteExecutor.java:106)
	at com.kms.katalon.core.main.TestCaseMain.startTestSuite(TestCaseMain.java:185)
	at com.kms.katalon.core.main.TestCaseMain$startTestSuite$0.call(Unknown Source)
	at TempTestSuite1661802019376.run(TempTestSuite1661802019376.groovy:36)
Caused by: com.kms.katalon.core.exception.StepFailedException: com.kms.katalon.core.webui.exception.WebElementNotFoundException: Web element with id: 'Object Repository/AdminSuiteBootstrap_Pages/Dashboard_Bootstrap/a_Email Subscription' located by '//*[@href = '/admin/imtiaz/bootstrap/vclerk/index.do?actionType=email' and (text() = 'Email Subscription' or . = 'Email Subscription')]' not found
	... 23 more]]></system-err>
      </testcase>
      <testcase name="Test Cases/Admin Suite Bootstrap/VT_TestCases/VerifyIssueTransactionsLinks_UI_TC" time="149.352" classname="Test Cases/Admin Suite Bootstrap/VT_TestCases/VerifyIssueTransactionsLinks_UI_TC" status="FAILED">
         <failure type="FAILED" message="Test Cases/Admin Suite Bootstrap/VT_TestCases/VerifyIssueTransactionsLinks_UI_TC FAILED.
Reason:
com.kms.katalon.core.exception.StepFailedException: com.kms.katalon.core.webui.exception.WebElementNotFoundException: Web element with id: 'Object Repository/AdminSuiteBootstrap_Pages/VT_Bootstrap/IssueTransactions/button_CCCreditOrVoid' located by '//*[@type = 'button' and (text() = '
									 	
										Credit or  Void
									 ' or . = '
									 	
										Credit or  Void
									 ') and @href = '/admin/imtiaz/bootstrap/vpos/255/transactions/CCCreditOrVoidSearch/']' not found (Root cause: com.kms.katalon.core.exception.StepFailedException: com.kms.katalon.core.webui.exception.WebElementNotFoundException: Web element with id: 'Object Repository/AdminSuiteBootstrap_Pages/VT_Bootstrap/IssueTransactions/button_CCCreditOrVoid' located by '//*[@type = 'button' and (text() = '
									 	
										Credit or  Void
									 ' or . = '
									 	
										Credit or  Void
									 ') and @href = '/admin/imtiaz/bootstrap/vpos/255/transactions/CCCreditOrVoidSearch/']' not found
	at com.kms.katalon.core.webui.keyword.internal.WebUIKeywordMain.stepFailed(WebUIKeywordMain.groovy:64)
	at com.kms.katalon.core.webui.keyword.builtin.VerifyElementPresentKeyword$_verifyElementPresent_closure1.doCall(VerifyElementPresentKeyword.groovy:85)
	at com.kms.katalon.core.webui.keyword.builtin.VerifyElementPresentKeyword$_verifyElementPresent_closure1.call(VerifyElementPresentKeyword.groovy)
	at com.kms.katalon.core.webui.keyword.internal.WebUIKeywordMain.runKeyword(WebUIKeywordMain.groovy:20)
	at com.kms.katalon.core.webui.keyword.builtin.VerifyElementPresentKeyword.verifyElementPresent(VerifyElementPresentKeyword.groovy:92)
	at com.kms.katalon.core.webui.keyword.builtin.VerifyElementPresentKeyword.execute(VerifyElementPresentKeyword.groovy:68)
	at com.kms.katalon.core.keyword.internal.KeywordExecutor.executeKeywordForPlatform(KeywordExecutor.groovy:74)
	at com.kms.katalon.core.webui.keyword.WebUiBuiltInKeywords.verifyElementPresent(WebUiBuiltInKeywords.groovy:1464)
	at com.kms.katalon.core.webui.keyword.WebUiBuiltInKeywords$verifyElementPresent$1.call(Unknown Source)
	at VerifyIssueTransactionsLinks_UI_TC.run(VerifyIssueTransactionsLinks_UI_TC:47)
	at com.kms.katalon.core.main.ScriptEngine.run(ScriptEngine.java:194)
	at com.kms.katalon.core.main.ScriptEngine.runScriptAsRawText(ScriptEngine.java:119)
	at com.kms.katalon.core.main.TestCaseExecutor.runScript(TestCaseExecutor.java:448)
	at com.kms.katalon.core.main.TestCaseExecutor.doExecute(TestCaseExecutor.java:439)
	at com.kms.katalon.core.main.TestCaseExecutor.processExecutionPhase(TestCaseExecutor.java:418)
	at com.kms.katalon.core.main.TestCaseExecutor.accessMainPhase(TestCaseExecutor.java:410)
	at com.kms.katalon.core.main.TestCaseExecutor.execute(TestCaseExecutor.java:285)
	at com.kms.katalon.core.common.CommonExecutor.accessTestCaseMainPhase(CommonExecutor.java:65)
	at com.kms.katalon.core.main.TestSuiteExecutor.accessTestSuiteMainPhase(TestSuiteExecutor.java:144)
	at com.kms.katalon.core.main.TestSuiteExecutor.execute(TestSuiteExecutor.java:106)
	at com.kms.katalon.core.main.TestCaseMain.startTestSuite(TestCaseMain.java:185)
	at com.kms.katalon.core.main.TestCaseMain$startTestSuite$0.call(Unknown Source)
	at TempTestSuite1661802019376.run(TempTestSuite1661802019376.groovy:36)
)
	at com.kms.katalon.core.keyword.internal.KeywordMain.stepFailed(KeywordMain.groovy:39)
	at com.kms.katalon.core.webui.keyword.internal.WebUIKeywordMain.stepFailed(WebUIKeywordMain.groovy:64)
	at com.kms.katalon.core.webui.keyword.builtin.VerifyElementPresentKeyword$_verifyElementPresent_closure1.doCall(VerifyElementPresentKeyword.groovy:85)
	at com.kms.katalon.core.webui.keyword.builtin.VerifyElementPresentKeyword$_verifyElementPresent_closure1.call(VerifyElementPresentKeyword.groovy)
	at com.kms.katalon.core.webui.keyword.internal.WebUIKeywordMain.runKeyword(WebUIKeywordMain.groovy:20)
	at com.kms.katalon.core.webui.keyword.builtin.VerifyElementPresentKeyword.verifyElementPresent(VerifyElementPresentKeyword.groovy:92)
	at com.kms.katalon.core.webui.keyword.builtin.VerifyElementPresentKeyword.execute(VerifyElementPresentKeyword.groovy:68)
	at com.kms.katalon.core.keyword.internal.KeywordExecutor.executeKeywordForPlatform(KeywordExecutor.groovy:74)
	at com.kms.katalon.core.webui.keyword.WebUiBuiltInKeywords.verifyElementPresent(WebUiBuiltInKeywords.groovy:1464)
	at com.kms.katalon.core.webui.keyword.WebUiBuiltInKeywords$verifyElementPresent$1.call(Unknown Source)
	at VerifyIssueTransactionsLinks_UI_TC.run(VerifyIssueTransactionsLinks_UI_TC:47)
	at com.kms.katalon.core.main.ScriptEngine.run(ScriptEngine.java:194)
	at com.kms.katalon.core.main.ScriptEngine.runScriptAsRawText(ScriptEngine.java:119)
	at com.kms.katalon.core.main.TestCaseExecutor.runScript(TestCaseExecutor.java:448)
	at com.kms.katalon.core.main.TestCaseExecutor.doExecute(TestCaseExecutor.java:439)
	at com.kms.katalon.core.main.TestCaseExecutor.processExecutionPhase(TestCaseExecutor.java:418)
	at com.kms.katalon.core.main.TestCaseExecutor.accessMainPhase(TestCaseExecutor.java:410)
	at com.kms.katalon.core.main.TestCaseExecutor.execute(TestCaseExecutor.java:285)
	at com.kms.katalon.core.common.CommonExecutor.accessTestCaseMainPhase(CommonExecutor.java:65)
	at com.kms.katalon.core.main.TestSuiteExecutor.accessTestSuiteMainPhase(TestSuiteExecutor.java:144)
	at com.kms.katalon.core.main.TestSuiteExecutor.execute(TestSuiteExecutor.java:106)
	at com.kms.katalon.core.main.TestCaseMain.startTestSuite(TestCaseMain.java:185)
	at com.kms.katalon.core.main.TestCaseMain$startTestSuite$0.call(Unknown Source)
	at TempTestSuite1661802019376.run(TempTestSuite1661802019376.groovy:36)
Caused by: com.kms.katalon.core.exception.StepFailedException: com.kms.katalon.core.webui.exception.WebElementNotFoundException: Web element with id: 'Object Repository/AdminSuiteBootstrap_Pages/VT_Bootstrap/IssueTransactions/button_CCCreditOrVoid' located by '//*[@type = 'button' and (text() = '
									 	
										Credit or  Void
									 ' or . = '
									 	
										Credit or  Void
									 ') and @href = '/admin/imtiaz/bootstrap/vpos/255/transactions/CCCreditOrVoidSearch/']' not found
	... 23 more
"/>
         <system-out><![CDATA[2022-08-29 15:41:57 - [TEST_CASE][FAILED] - Test Cases/Admin Suite Bootstrap/VT_TestCases/VerifyIssueTransactionsLinks_UI_TC: Test Cases/Admin Suite Bootstrap/VT_TestCases/VerifyIssueTransactionsLinks_UI_TC FAILED.
Reason:
com.kms.katalon.core.exception.StepFailedException: com.kms.katalon.core.webui.exception.WebElementNotFoundException: Web element with id: 'Object Repository/AdminSuiteBootstrap_Pages/VT_Bootstrap/IssueTransactions/button_CCCreditOrVoid' located by '//*[@type = 'button' and (text() = '
									 	
										Credit or  Void
									 ' or . = '
									 	
										Credit or  Void
									 ') and @href = '/admin/imtiaz/bootstrap/vpos/255/transactions/CCCreditOrVoidSearch/']' not found (Root cause: com.kms.katalon.core.exception.StepFailedException: com.kms.katalon.core.webui.exception.WebElementNotFoundException: Web element with id: 'Object Repository/AdminSuiteBootstrap_Pages/VT_Bootstrap/IssueTransactions/button_CCCreditOrVoid' located by '//*[@type = 'button' and (text() = '
									 	
										Credit or  Void
									 ' or . = '
									 	
										Credit or  Void
									 ') and @href = '/admin/imtiaz/bootstrap/vpos/255/transactions/CCCreditOrVoidSearch/']' not found
	at com.kms.katalon.core.webui.keyword.internal.WebUIKeywordMain.stepFailed(WebUIKeywordMain.groovy:64)
	at com.kms.katalon.core.webui.keyword.builtin.VerifyElementPresentKeyword$_verifyElementPresent_closure1.doCall(VerifyElementPresentKeyword.groovy:85)
	at com.kms.katalon.core.webui.keyword.builtin.VerifyElementPresentKeyword$_verifyElementPresent_closure1.call(VerifyElementPresentKeyword.groovy)
	at com.kms.katalon.core.webui.keyword.internal.WebUIKeywordMain.runKeyword(WebUIKeywordMain.groovy:20)
	at com.kms.katalon.core.webui.keyword.builtin.VerifyElementPresentKeyword.verifyElementPresent(VerifyElementPresentKeyword.groovy:92)
	at com.kms.katalon.core.webui.keyword.builtin.VerifyElementPresentKeyword.execute(VerifyElementPresentKeyword.groovy:68)
	at com.kms.katalon.core.keyword.internal.KeywordExecutor.executeKeywordForPlatform(KeywordExecutor.groovy:74)
	at com.kms.katalon.core.webui.keyword.WebUiBuiltInKeywords.verifyElementPresent(WebUiBuiltInKeywords.groovy:1464)
	at com.kms.katalon.core.webui.keyword.WebUiBuiltInKeywords$verifyElementPresent$1.call(Unknown Source)
	at VerifyIssueTransactionsLinks_UI_TC.run(VerifyIssueTransactionsLinks_UI_TC:47)
	at com.kms.katalon.core.main.ScriptEngine.run(ScriptEngine.java:194)
	at com.kms.katalon.core.main.ScriptEngine.runScriptAsRawText(ScriptEngine.java:119)
	at com.kms.katalon.core.main.TestCaseExecutor.runScript(TestCaseExecutor.java:448)
	at com.kms.katalon.core.main.TestCaseExecutor.doExecute(TestCaseExecutor.java:439)
	at com.kms.katalon.core.main.TestCaseExecutor.processExecutionPhase(TestCaseExecutor.java:418)
	at com.kms.katalon.core.main.TestCaseExecutor.accessMainPhase(TestCaseExecutor.java:410)
	at com.kms.katalon.core.main.TestCaseExecutor.execute(TestCaseExecutor.java:285)
	at com.kms.katalon.core.common.CommonExecutor.accessTestCaseMainPhase(CommonExecutor.java:65)
	at com.kms.katalon.core.main.TestSuiteExecutor.accessTestSuiteMainPhase(TestSuiteExecutor.java:144)
	at com.kms.katalon.core.main.TestSuiteExecutor.execute(TestSuiteExecutor.java:106)
	at com.kms.katalon.core.main.TestCaseMain.startTestSuite(TestCaseMain.java:185)
	at com.kms.katalon.core.main.TestCaseMain$startTestSuite$0.call(Unknown Source)
	at TempTestSuite1661802019376.run(TempTestSuite1661802019376.groovy:36)
)
	at com.kms.katalon.core.keyword.internal.KeywordMain.stepFailed(KeywordMain.groovy:39)
	at com.kms.katalon.core.webui.keyword.internal.WebUIKeywordMain.stepFailed(WebUIKeywordMain.groovy:64)
	at com.kms.katalon.core.webui.keyword.builtin.VerifyElementPresentKeyword$_verifyElementPresent_closure1.doCall(VerifyElementPresentKeyword.groovy:85)
	at com.kms.katalon.core.webui.keyword.builtin.VerifyElementPresentKeyword$_verifyElementPresent_closure1.call(VerifyElementPresentKeyword.groovy)
	at com.kms.katalon.core.webui.keyword.internal.WebUIKeywordMain.runKeyword(WebUIKeywordMain.groovy:20)
	at com.kms.katalon.core.webui.keyword.builtin.VerifyElementPresentKeyword.verifyElementPresent(VerifyElementPresentKeyword.groovy:92)
	at com.kms.katalon.core.webui.keyword.builtin.VerifyElementPresentKeyword.execute(VerifyElementPresentKeyword.groovy:68)
	at com.kms.katalon.core.keyword.internal.KeywordExecutor.executeKeywordForPlatform(KeywordExecutor.groovy:74)
	at com.kms.katalon.core.webui.keyword.WebUiBuiltInKeywords.verifyElementPresent(WebUiBuiltInKeywords.groovy:1464)
	at com.kms.katalon.core.webui.keyword.WebUiBuiltInKeywords$verifyElementPresent$1.call(Unknown Source)
	at VerifyIssueTransactionsLinks_UI_TC.run(VerifyIssueTransactionsLinks_UI_TC:47)
	at com.kms.katalon.core.main.ScriptEngine.run(ScriptEngine.java:194)
	at com.kms.katalon.core.main.ScriptEngine.runScriptAsRawText(ScriptEngine.java:119)
	at com.kms.katalon.core.main.TestCaseExecutor.runScript(TestCaseExecutor.java:448)
	at com.kms.katalon.core.main.TestCaseExecutor.doExecute(TestCaseExecutor.java:439)
	at com.kms.katalon.core.main.TestCaseExecutor.processExecutionPhase(TestCaseExecutor.java:418)
	at com.kms.katalon.core.main.TestCaseExecutor.accessMainPhase(TestCaseExecutor.java:410)
	at com.kms.katalon.core.main.TestCaseExecutor.execute(TestCaseExecutor.java:285)
	at com.kms.katalon.core.common.CommonExecutor.accessTestCaseMainPhase(CommonExecutor.java:65)
	at com.kms.katalon.core.main.TestSuiteExecutor.accessTestSuiteMainPhase(TestSuiteExecutor.java:144)
	at com.kms.katalon.core.main.TestSuiteExecutor.execute(TestSuiteExecutor.java:106)
	at com.kms.katalon.core.main.TestCaseMain.startTestSuite(TestCaseMain.java:185)
	at com.kms.katalon.core.main.TestCaseMain$startTestSuite$0.call(Unknown Source)
	at TempTestSuite1661802019376.run(TempTestSuite1661802019376.groovy:36)
Caused by: com.kms.katalon.core.exception.StepFailedException: com.kms.katalon.core.webui.exception.WebElementNotFoundException: Web element with id: 'Object Repository/AdminSuiteBootstrap_Pages/VT_Bootstrap/IssueTransactions/button_CCCreditOrVoid' located by '//*[@type = 'button' and (text() = '
									 	
										Credit or  Void
									 ' or . = '
									 	
										Credit or  Void
									 ') and @href = '/admin/imtiaz/bootstrap/vpos/255/transactions/CCCreditOrVoidSearch/']' not found
	... 23 more


2022-08-29 15:41:57 - [TEST_STEP][PASSED] - path_Dashboard = "Object Repository/AdminSuiteBootstrap_Pages/Dashboard_Bootstrap/": null

2022-08-29 15:41:57 - [TEST_STEP][PASSED] - path_VT = "Object Repository/AdminSuiteBootstrap_Pages/VT_Bootstrap/IssueTransactions/": null

2022-08-29 15:41:57 - [TEST_STEP][PASSED] - adminSuiteBootstrap.loginFunctionality.login_AdminSuite(): adminSuiteBootstrap.loginFunctionality.login_AdminSuite is PASSED

2022-08-29 15:41:57 - [MESSAGE][WARNING] - A browser is already opened. Closing browser and opening a new one

2022-08-29 15:41:58 - [MESSAGE][INFO] - Starting 'Chrome' driver

2022-08-29 15:41:58 - [MESSAGE][INFO] - User set preference: ['acceptInsecureCerts', 'true']

2022-08-29 15:41:58 - [MESSAGE][INFO] - Action delay is set to 0 milliseconds

2022-08-29 15:42:01 - [MESSAGE][PASSED] - Browser is opened with url: 'https://qa.velocitypayment.com/admin/imtiaz'

2022-08-29 15:42:01 - [MESSAGE][PASSED] - Current window maximized

2022-08-29 15:42:01 - [MESSAGE][PASSED] - Object 'Object Repository/Login_Page/Login_Username' is present

2022-08-29 15:42:02 - [MESSAGE][PASSED] - Text 'iahmed' is set on object 'Object Repository/Login_Page/Login_Username'

2022-08-29 15:42:02 - [MESSAGE][PASSED] - Text 'hello2222' is set on object 'Object Repository/Login_Page/Login_Password'

2022-08-29 15:42:06 - [MESSAGE][PASSED] - Object: 'Object Repository/Login_Page/Login_Submit' is clicked on

2022-08-29 15:42:06 - [MESSAGE][PASSED] - adminSuiteBootstrap.loginFunctionality.login_AdminSuite is PASSED

2022-08-29 15:42:06 - [TEST_STEP][PASSED] - click(findTestObject(path_Dashboard + "span_Payment")): Object: 'Object Repository/AdminSuiteBootstrap_Pages/Dashboard_Bootstrap/span_Payment' is clicked on

2022-08-29 15:42:06 - [MESSAGE][PASSED] - Object: 'Object Repository/AdminSuiteBootstrap_Pages/Dashboard_Bootstrap/span_Payment' is clicked on

2022-08-29 15:42:06 - [TEST_STEP][PASSED] - click(findTestObject(path_Dashboard + "a_New Test VRelay")): Object: 'Object Repository/AdminSuiteBootstrap_Pages/Dashboard_Bootstrap/a_New Test VRelay' is clicked on

2022-08-29 15:42:07 - [MESSAGE][PASSED] - Object: 'Object Repository/AdminSuiteBootstrap_Pages/Dashboard_Bootstrap/a_New Test VRelay' is clicked on

2022-08-29 15:42:07 - [TEST_STEP][PASSED] - verifyTextPresent("Credit Card", true): Text 'Credit Card' is present on page  using regular expression

2022-08-29 15:42:08 - [MESSAGE][PASSED] - Text 'Credit Card' is present on page  using regular expression

2022-08-29 15:42:08 - [TEST_STEP][PASSED] - verifyTextPresent("On-line Check", true): Text 'On-line Check' is present on page  using regular expression

2022-08-29 15:42:08 - [MESSAGE][PASSED] - Text 'On-line Check' is present on page  using regular expression

2022-08-29 15:42:08 - [TEST_STEP][PASSED] - verifyElementVisible(findTestObject(path_VT + "a_Issue Transactions")): Object 'Object Repository/AdminSuiteBootstrap_Pages/VT_Bootstrap/IssueTransactions/a_Issue Transactions' is visible

2022-08-29 15:42:08 - [MESSAGE][PASSED] - Object 'Object Repository/AdminSuiteBootstrap_Pages/VT_Bootstrap/IssueTransactions/a_Issue Transactions' is visible

2022-08-29 15:42:08 - [TEST_STEP][PASSED] - verifyElementPresent(findTestObject(path_VT + "a_Issue Transactions"), 30): Object 'Object Repository/AdminSuiteBootstrap_Pages/VT_Bootstrap/IssueTransactions/a_Issue Transactions' is present

2022-08-29 15:42:09 - [MESSAGE][PASSED] - Object 'Object Repository/AdminSuiteBootstrap_Pages/VT_Bootstrap/IssueTransactions/a_Issue Transactions' is present

2022-08-29 15:42:09 - [TEST_STEP][PASSED] - verifyElementVisible(findTestObject(path_VT + "a_Search Transactions")): Object 'Object Repository/AdminSuiteBootstrap_Pages/VT_Bootstrap/IssueTransactions/a_Search Transactions' is visible

2022-08-29 15:42:09 - [MESSAGE][PASSED] - Object 'Object Repository/AdminSuiteBootstrap_Pages/VT_Bootstrap/IssueTransactions/a_Search Transactions' is visible

2022-08-29 15:42:09 - [TEST_STEP][PASSED] - verifyElementPresent(findTestObject(path_VT + "a_Search Transactions"), 30): Object 'Object Repository/AdminSuiteBootstrap_Pages/VT_Bootstrap/IssueTransactions/a_Search Transactions' is present

2022-08-29 15:42:10 - [MESSAGE][PASSED] - Object 'Object Repository/AdminSuiteBootstrap_Pages/VT_Bootstrap/IssueTransactions/a_Search Transactions' is present

2022-08-29 15:42:10 - [TEST_STEP][PASSED] - verifyElementVisible(findTestObject(path_VT + "button_Authorization  Capture (Sale)")): Object 'Object Repository/AdminSuiteBootstrap_Pages/VT_Bootstrap/IssueTransactions/button_Authorization  Capture (Sale)' is visible

2022-08-29 15:42:10 - [MESSAGE][PASSED] - Object 'Object Repository/AdminSuiteBootstrap_Pages/VT_Bootstrap/IssueTransactions/button_Authorization  Capture (Sale)' is visible

2022-08-29 15:42:10 - [TEST_STEP][PASSED] - verifyElementPresent(findTestObject(path_VT + "button_Authorization  Capture (Sale)"), 30): Object 'Object Repository/AdminSuiteBootstrap_Pages/VT_Bootstrap/IssueTransactions/button_Authorization  Capture (Sale)' is present

2022-08-29 15:42:10 - [MESSAGE][PASSED] - Object 'Object Repository/AdminSuiteBootstrap_Pages/VT_Bootstrap/IssueTransactions/button_Authorization  Capture (Sale)' is present

2022-08-29 15:42:10 - [TEST_STEP][PASSED] - verifyElementVisible(findTestObject(path_VT + "button_Authorization Only")): Object 'Object Repository/AdminSuiteBootstrap_Pages/VT_Bootstrap/IssueTransactions/button_Authorization Only' is visible

2022-08-29 15:42:11 - [MESSAGE][PASSED] - Object 'Object Repository/AdminSuiteBootstrap_Pages/VT_Bootstrap/IssueTransactions/button_Authorization Only' is visible

2022-08-29 15:42:11 - [TEST_STEP][PASSED] - verifyElementPresent(findTestObject(path_VT + "button_Authorization Only"), 30): Object 'Object Repository/AdminSuiteBootstrap_Pages/VT_Bootstrap/IssueTransactions/button_Authorization Only' is present

2022-08-29 15:42:11 - [MESSAGE][PASSED] - Object 'Object Repository/AdminSuiteBootstrap_Pages/VT_Bootstrap/IssueTransactions/button_Authorization Only' is present

2022-08-29 15:42:11 - [TEST_STEP][PASSED] - verifyElementVisible(findTestObject(path_VT + "button_CCCreditOrVoid")): Object 'Object Repository/AdminSuiteBootstrap_Pages/VT_Bootstrap/IssueTransactions/button_CCCreditOrVoid' is visible

2022-08-29 15:42:43 - [MESSAGE][INFO] - Unable to find the element located by 'By.xpath: //*[@type = 'button' and (text() = '
									 	
										Credit or  Void
									 ' or . = '
									 	
										Credit or  Void
									 ') and @href = '/admin/imtiaz/bootstrap/vpos/255/transactions/CCCreditOrVoidSearch/']'. Please recheck the objects properties to make sure the desired element is located. 

2022-08-29 15:42:43 - [MESSAGE][WARNING] - [SELF-HEALING] Failed to find element with id 'Object Repository/AdminSuiteBootstrap_Pages/VT_Bootstrap/IssueTransactions/button_CCCreditOrVoid'. Try using Self-healing.

2022-08-29 15:42:43 - [MESSAGE][INFO] - [SELF-HEALING] Screenshot: C:/ClonedVPS/VPS-Katalon/Reports/Self-healing/Object Repository/AdminSuiteBootstrap_Pages/VT_Bootstrap/IssueTransactions/button_CCCreditOrVoid_XPATH.png

2022-08-29 15:42:43 - [MESSAGE][WARNING] - [SELF-HEALING] The current locator of test object 'Object Repository/AdminSuiteBootstrap_Pages/VT_Bootstrap/IssueTransactions/button_CCCreditOrVoid' was broken. Propose an alternative one: '(//button[@type='button'])[9]'.

2022-08-29 15:42:43 - [MESSAGE][PASSED] - Object 'Object Repository/AdminSuiteBootstrap_Pages/VT_Bootstrap/IssueTransactions/button_CCCreditOrVoid' is visible

2022-08-29 15:42:43 - [TEST_STEP][FAILED] - verifyElementPresent(findTestObject(path_VT + "button_CCCreditOrVoid"), 30): com.kms.katalon.core.webui.exception.WebElementNotFoundException: Web element with id: 'Object Repository/AdminSuiteBootstrap_Pages/VT_Bootstrap/IssueTransactions/button_CCCreditOrVoid' located by '//*[@type = 'button' and (text() = '
									 	
										Credit or  Void
									 ' or . = '
									 	
										Credit or  Void
									 ') and @href = '/admin/imtiaz/bootstrap/vpos/255/transactions/CCCreditOrVoidSearch/']' not found (Root cause: com.kms.katalon.core.exception.StepFailedException: com.kms.katalon.core.webui.exception.WebElementNotFoundException: Web element with id: 'Object Repository/AdminSuiteBootstrap_Pages/VT_Bootstrap/IssueTransactions/button_CCCreditOrVoid' located by '//*[@type = 'button' and (text() = '
									 	
										Credit or  Void
									 ' or . = '
									 	
										Credit or  Void
									 ') and @href = '/admin/imtiaz/bootstrap/vpos/255/transactions/CCCreditOrVoidSearch/']' not found
	at com.kms.katalon.core.webui.keyword.internal.WebUIKeywordMain.stepFailed(WebUIKeywordMain.groovy:64)
	at com.kms.katalon.core.webui.keyword.builtin.VerifyElementPresentKeyword$_verifyElementPresent_closure1.doCall(VerifyElementPresentKeyword.groovy:85)
	at com.kms.katalon.core.webui.keyword.builtin.VerifyElementPresentKeyword$_verifyElementPresent_closure1.call(VerifyElementPresentKeyword.groovy)
	at com.kms.katalon.core.webui.keyword.internal.WebUIKeywordMain.runKeyword(WebUIKeywordMain.groovy:20)
	at com.kms.katalon.core.webui.keyword.builtin.VerifyElementPresentKeyword.verifyElementPresent(VerifyElementPresentKeyword.groovy:92)
	at com.kms.katalon.core.webui.keyword.builtin.VerifyElementPresentKeyword.execute(VerifyElementPresentKeyword.groovy:68)
	at com.kms.katalon.core.keyword.internal.KeywordExecutor.executeKeywordForPlatform(KeywordExecutor.groovy:74)
	at com.kms.katalon.core.webui.keyword.WebUiBuiltInKeywords.verifyElementPresent(WebUiBuiltInKeywords.groovy:1464)
	at com.kms.katalon.core.webui.keyword.WebUiBuiltInKeywords$verifyElementPresent$1.call(Unknown Source)
	at VerifyIssueTransactionsLinks_UI_TC.run(VerifyIssueTransactionsLinks_UI_TC:47)
	at com.kms.katalon.core.main.ScriptEngine.run(ScriptEngine.java:194)
	at com.kms.katalon.core.main.ScriptEngine.runScriptAsRawText(ScriptEngine.java:119)
	at com.kms.katalon.core.main.TestCaseExecutor.runScript(TestCaseExecutor.java:448)
	at com.kms.katalon.core.main.TestCaseExecutor.doExecute(TestCaseExecutor.java:439)
	at com.kms.katalon.core.main.TestCaseExecutor.processExecutionPhase(TestCaseExecutor.java:418)
	at com.kms.katalon.core.main.TestCaseExecutor.accessMainPhase(TestCaseExecutor.java:410)
	at com.kms.katalon.core.main.TestCaseExecutor.execute(TestCaseExecutor.java:285)
	at com.kms.katalon.core.common.CommonExecutor.accessTestCaseMainPhase(CommonExecutor.java:65)
	at com.kms.katalon.core.main.TestSuiteExecutor.accessTestSuiteMainPhase(TestSuiteExecutor.java:144)
	at com.kms.katalon.core.main.TestSuiteExecutor.execute(TestSuiteExecutor.java:106)
	at com.kms.katalon.core.main.TestCaseMain.startTestSuite(TestCaseMain.java:185)
	at com.kms.katalon.core.main.TestCaseMain$startTestSuite$0.call(Unknown Source)
	at TempTestSuite1661802019376.run(TempTestSuite1661802019376.groovy:36)
)

2022-08-29 15:43:14 - [MESSAGE][INFO] - Unable to find the element located by 'By.xpath: //*[@type = 'button' and (text() = '
									 	
										Credit or  Void
									 ' or . = '
									 	
										Credit or  Void
									 ') and @href = '/admin/imtiaz/bootstrap/vpos/255/transactions/CCCreditOrVoidSearch/']'. Please recheck the objects properties to make sure the desired element is located. 

2022-08-29 15:43:14 - [MESSAGE][FAILED] - com.kms.katalon.core.webui.exception.WebElementNotFoundException: Web element with id: 'Object Repository/AdminSuiteBootstrap_Pages/VT_Bootstrap/IssueTransactions/button_CCCreditOrVoid' located by '//*[@type = 'button' and (text() = '
									 	
										Credit or  Void
									 ' or . = '
									 	
										Credit or  Void
									 ') and @href = '/admin/imtiaz/bootstrap/vpos/255/transactions/CCCreditOrVoidSearch/']' not found (Root cause: com.kms.katalon.core.exception.StepFailedException: com.kms.katalon.core.webui.exception.WebElementNotFoundException: Web element with id: 'Object Repository/AdminSuiteBootstrap_Pages/VT_Bootstrap/IssueTransactions/button_CCCreditOrVoid' located by '//*[@type = 'button' and (text() = '
									 	
										Credit or  Void
									 ' or . = '
									 	
										Credit or  Void
									 ') and @href = '/admin/imtiaz/bootstrap/vpos/255/transactions/CCCreditOrVoidSearch/']' not found
	at com.kms.katalon.core.webui.keyword.internal.WebUIKeywordMain.stepFailed(WebUIKeywordMain.groovy:64)
	at com.kms.katalon.core.webui.keyword.builtin.VerifyElementPresentKeyword$_verifyElementPresent_closure1.doCall(VerifyElementPresentKeyword.groovy:85)
	at com.kms.katalon.core.webui.keyword.builtin.VerifyElementPresentKeyword$_verifyElementPresent_closure1.call(VerifyElementPresentKeyword.groovy)
	at com.kms.katalon.core.webui.keyword.internal.WebUIKeywordMain.runKeyword(WebUIKeywordMain.groovy:20)
	at com.kms.katalon.core.webui.keyword.builtin.VerifyElementPresentKeyword.verifyElementPresent(VerifyElementPresentKeyword.groovy:92)
	at com.kms.katalon.core.webui.keyword.builtin.VerifyElementPresentKeyword.execute(VerifyElementPresentKeyword.groovy:68)
	at com.kms.katalon.core.keyword.internal.KeywordExecutor.executeKeywordForPlatform(KeywordExecutor.groovy:74)
	at com.kms.katalon.core.webui.keyword.WebUiBuiltInKeywords.verifyElementPresent(WebUiBuiltInKeywords.groovy:1464)
	at com.kms.katalon.core.webui.keyword.WebUiBuiltInKeywords$verifyElementPresent$1.call(Unknown Source)
	at VerifyIssueTransactionsLinks_UI_TC.run(VerifyIssueTransactionsLinks_UI_TC:47)
	at com.kms.katalon.core.main.ScriptEngine.run(ScriptEngine.java:194)
	at com.kms.katalon.core.main.ScriptEngine.runScriptAsRawText(ScriptEngine.java:119)
	at com.kms.katalon.core.main.TestCaseExecutor.runScript(TestCaseExecutor.java:448)
	at com.kms.katalon.core.main.TestCaseExecutor.doExecute(TestCaseExecutor.java:439)
	at com.kms.katalon.core.main.TestCaseExecutor.processExecutionPhase(TestCaseExecutor.java:418)
	at com.kms.katalon.core.main.TestCaseExecutor.accessMainPhase(TestCaseExecutor.java:410)
	at com.kms.katalon.core.main.TestCaseExecutor.execute(TestCaseExecutor.java:285)
	at com.kms.katalon.core.common.CommonExecutor.accessTestCaseMainPhase(CommonExecutor.java:65)
	at com.kms.katalon.core.main.TestSuiteExecutor.accessTestSuiteMainPhase(TestSuiteExecutor.java:144)
	at com.kms.katalon.core.main.TestSuiteExecutor.execute(TestSuiteExecutor.java:106)
	at com.kms.katalon.core.main.TestCaseMain.startTestSuite(TestCaseMain.java:185)
	at com.kms.katalon.core.main.TestCaseMain$startTestSuite$0.call(Unknown Source)
	at TempTestSuite1661802019376.run(TempTestSuite1661802019376.groovy:36)
)
[[ATTACHMENT|C:\\ClonedVPS\\VPS-Katalon\\Reports\\20220829_154019\\QA\\VT-Bootstrap\\AdminSuiteBootstrap_UI_TestSuite\\20220829_154019\\1661802194836.png]]

2022-08-29 15:43:14 - [TEST_STEP][PASSED] - verifyElementVisible(findTestObject(path_VT + "button_Capture an Authorization")): Object 'Object Repository/AdminSuiteBootstrap_Pages/VT_Bootstrap/IssueTransactions/button_Capture an Authorization' is visible

2022-08-29 15:43:15 - [MESSAGE][PASSED] - Object 'Object Repository/AdminSuiteBootstrap_Pages/VT_Bootstrap/IssueTransactions/button_Capture an Authorization' is visible

2022-08-29 15:43:15 - [TEST_STEP][PASSED] - verifyElementPresent(findTestObject(path_VT + "button_Capture an Authorization"), 30): Object 'Object Repository/AdminSuiteBootstrap_Pages/VT_Bootstrap/IssueTransactions/button_Capture an Authorization' is present

2022-08-29 15:43:15 - [MESSAGE][PASSED] - Object 'Object Repository/AdminSuiteBootstrap_Pages/VT_Bootstrap/IssueTransactions/button_Capture an Authorization' is present

2022-08-29 15:43:15 - [TEST_STEP][PASSED] - verifyElementVisible(findTestObject(path_VT + "button_Manual Authorization")): Object 'Object Repository/AdminSuiteBootstrap_Pages/VT_Bootstrap/IssueTransactions/button_Manual Authorization' is visible

2022-08-29 15:43:16 - [MESSAGE][PASSED] - Object 'Object Repository/AdminSuiteBootstrap_Pages/VT_Bootstrap/IssueTransactions/button_Manual Authorization' is visible

2022-08-29 15:43:16 - [TEST_STEP][PASSED] - verifyElementPresent(findTestObject(path_VT + "button_Manual Authorization"), 30): Object 'Object Repository/AdminSuiteBootstrap_Pages/VT_Bootstrap/IssueTransactions/button_Manual Authorization' is present

2022-08-29 15:43:16 - [MESSAGE][PASSED] - Object 'Object Repository/AdminSuiteBootstrap_Pages/VT_Bootstrap/IssueTransactions/button_Manual Authorization' is present

2022-08-29 15:43:16 - [TEST_STEP][PASSED] - verifyElementVisible(findTestObject(path_VT + "button_Debit")): Object 'Object Repository/AdminSuiteBootstrap_Pages/VT_Bootstrap/IssueTransactions/button_Debit' is visible

2022-08-29 15:43:16 - [MESSAGE][PASSED] - Object 'Object Repository/AdminSuiteBootstrap_Pages/VT_Bootstrap/IssueTransactions/button_Debit' is visible

2022-08-29 15:43:16 - [TEST_STEP][PASSED] - verifyElementPresent(findTestObject(path_VT + "button_Debit"), 30): Object 'Object Repository/AdminSuiteBootstrap_Pages/VT_Bootstrap/IssueTransactions/button_Debit' is present

2022-08-29 15:43:17 - [MESSAGE][PASSED] - Object 'Object Repository/AdminSuiteBootstrap_Pages/VT_Bootstrap/IssueTransactions/button_Debit' is present

2022-08-29 15:43:17 - [TEST_STEP][PASSED] - click(findTestObject(path_VT + "button_Authorization Only")): Object: 'Object Repository/AdminSuiteBootstrap_Pages/VT_Bootstrap/IssueTransactions/button_Authorization Only' is clicked on

2022-08-29 15:43:17 - [MESSAGE][PASSED] - Object: 'Object Repository/AdminSuiteBootstrap_Pages/VT_Bootstrap/IssueTransactions/button_Authorization Only' is clicked on

2022-08-29 15:43:17 - [TEST_STEP][PASSED] - verifyElementVisible(findTestObject(path_VT + "a_KeyboardEntry_Auth")): Object 'Object Repository/AdminSuiteBootstrap_Pages/VT_Bootstrap/IssueTransactions/a_KeyboardEntry_Auth' is visible

2022-08-29 15:43:18 - [MESSAGE][PASSED] - Object 'Object Repository/AdminSuiteBootstrap_Pages/VT_Bootstrap/IssueTransactions/a_KeyboardEntry_Auth' is visible

2022-08-29 15:43:18 - [TEST_STEP][PASSED] - verifyElementPresent(findTestObject(path_VT + "a_KeyboardEntry_Auth"), 30): Object 'Object Repository/AdminSuiteBootstrap_Pages/VT_Bootstrap/IssueTransactions/a_KeyboardEntry_Auth' is present

2022-08-29 15:43:18 - [MESSAGE][PASSED] - Object 'Object Repository/AdminSuiteBootstrap_Pages/VT_Bootstrap/IssueTransactions/a_KeyboardEntry_Auth' is present

2022-08-29 15:43:18 - [TEST_STEP][PASSED] - verifyElementVisible(findTestObject(path_VT + "a_PINPadEntry_Auth")): Object 'Object Repository/AdminSuiteBootstrap_Pages/VT_Bootstrap/IssueTransactions/a_PINPadEntry_Auth' is visible

2022-08-29 15:43:18 - [MESSAGE][PASSED] - Object 'Object Repository/AdminSuiteBootstrap_Pages/VT_Bootstrap/IssueTransactions/a_PINPadEntry_Auth' is visible

2022-08-29 15:43:18 - [TEST_STEP][PASSED] - verifyElementPresent(findTestObject(path_VT + "a_PINPadEntry_Auth"), 30): Object 'Object Repository/AdminSuiteBootstrap_Pages/VT_Bootstrap/IssueTransactions/a_PINPadEntry_Auth' is present

2022-08-29 15:43:19 - [MESSAGE][PASSED] - Object 'Object Repository/AdminSuiteBootstrap_Pages/VT_Bootstrap/IssueTransactions/a_PINPadEntry_Auth' is present

2022-08-29 15:43:19 - [TEST_STEP][PASSED] - verifyElementVisible(findTestObject(path_VT + "a_Swipe_Auth")): Object 'Object Repository/AdminSuiteBootstrap_Pages/VT_Bootstrap/IssueTransactions/a_Swipe_Auth' is visible

2022-08-29 15:43:19 - [MESSAGE][PASSED] - Object 'Object Repository/AdminSuiteBootstrap_Pages/VT_Bootstrap/IssueTransactions/a_Swipe_Auth' is visible

2022-08-29 15:43:19 - [TEST_STEP][PASSED] - verifyElementPresent(findTestObject(path_VT + "a_Swipe_Auth"), 30): Object 'Object Repository/AdminSuiteBootstrap_Pages/VT_Bootstrap/IssueTransactions/a_Swipe_Auth' is present

2022-08-29 15:43:20 - [MESSAGE][PASSED] - Object 'Object Repository/AdminSuiteBootstrap_Pages/VT_Bootstrap/IssueTransactions/a_Swipe_Auth' is present

2022-08-29 15:43:20 - [TEST_STEP][PASSED] - verifyElementVisible(findTestObject(path_VT + "a_IngenicoKeypadEntry_Auth")): Object 'Object Repository/AdminSuiteBootstrap_Pages/VT_Bootstrap/IssueTransactions/a_IngenicoKeypadEntry_Auth' is visible

2022-08-29 15:43:20 - [MESSAGE][PASSED] - Object 'Object Repository/AdminSuiteBootstrap_Pages/VT_Bootstrap/IssueTransactions/a_IngenicoKeypadEntry_Auth' is visible

2022-08-29 15:43:20 - [TEST_STEP][PASSED] - verifyElementPresent(findTestObject(path_VT + "a_IngenicoKeypadEntry_Auth"), 30): Object 'Object Repository/AdminSuiteBootstrap_Pages/VT_Bootstrap/IssueTransactions/a_IngenicoKeypadEntry_Auth' is present

2022-08-29 15:43:20 - [MESSAGE][PASSED] - Object 'Object Repository/AdminSuiteBootstrap_Pages/VT_Bootstrap/IssueTransactions/a_IngenicoKeypadEntry_Auth' is present

2022-08-29 15:43:20 - [TEST_STEP][PASSED] - click(findTestObject(path_VT + "button_Authorization  Capture (Sale)")): Object: 'Object Repository/AdminSuiteBootstrap_Pages/VT_Bootstrap/IssueTransactions/button_Authorization  Capture (Sale)' is clicked on

2022-08-29 15:43:21 - [MESSAGE][PASSED] - Object: 'Object Repository/AdminSuiteBootstrap_Pages/VT_Bootstrap/IssueTransactions/button_Authorization  Capture (Sale)' is clicked on

2022-08-29 15:43:21 - [TEST_STEP][PASSED] - verifyElementVisible(findTestObject(path_VT + "a_KeyboardEntry_Sale")): Object 'Object Repository/AdminSuiteBootstrap_Pages/VT_Bootstrap/IssueTransactions/a_KeyboardEntry_Sale' is visible

2022-08-29 15:43:21 - [MESSAGE][PASSED] - Object 'Object Repository/AdminSuiteBootstrap_Pages/VT_Bootstrap/IssueTransactions/a_KeyboardEntry_Sale' is visible

2022-08-29 15:43:21 - [TEST_STEP][PASSED] - verifyElementPresent(findTestObject(path_VT + "a_KeyboardEntry_Sale"), 30): Object 'Object Repository/AdminSuiteBootstrap_Pages/VT_Bootstrap/IssueTransactions/a_KeyboardEntry_Sale' is present

2022-08-29 15:43:22 - [MESSAGE][PASSED] - Object 'Object Repository/AdminSuiteBootstrap_Pages/VT_Bootstrap/IssueTransactions/a_KeyboardEntry_Sale' is present

2022-08-29 15:43:22 - [TEST_STEP][PASSED] - verifyElementVisible(findTestObject(path_VT + "a_PINPadEntry_Sale")): Object 'Object Repository/AdminSuiteBootstrap_Pages/VT_Bootstrap/IssueTransactions/a_PINPadEntry_Sale' is visible

2022-08-29 15:43:22 - [MESSAGE][PASSED] - Object 'Object Repository/AdminSuiteBootstrap_Pages/VT_Bootstrap/IssueTransactions/a_PINPadEntry_Sale' is visible

2022-08-29 15:43:22 - [TEST_STEP][PASSED] - verifyElementPresent(findTestObject(path_VT + "a_PINPadEntry_Sale"), 30): Object 'Object Repository/AdminSuiteBootstrap_Pages/VT_Bootstrap/IssueTransactions/a_PINPadEntry_Sale' is present

2022-08-29 15:43:22 - [MESSAGE][PASSED] - Object 'Object Repository/AdminSuiteBootstrap_Pages/VT_Bootstrap/IssueTransactions/a_PINPadEntry_Sale' is present

2022-08-29 15:43:22 - [TEST_STEP][PASSED] - verifyElementVisible(findTestObject(path_VT + "a_Swipe_Sale")): Object 'Object Repository/AdminSuiteBootstrap_Pages/VT_Bootstrap/IssueTransactions/a_Swipe_Sale' is visible

2022-08-29 15:43:23 - [MESSAGE][PASSED] - Object 'Object Repository/AdminSuiteBootstrap_Pages/VT_Bootstrap/IssueTransactions/a_Swipe_Sale' is visible

2022-08-29 15:43:23 - [TEST_STEP][PASSED] - verifyElementPresent(findTestObject(path_VT + "a_Swipe_Sale"), 30): Object 'Object Repository/AdminSuiteBootstrap_Pages/VT_Bootstrap/IssueTransactions/a_Swipe_Sale' is present

2022-08-29 15:43:23 - [MESSAGE][PASSED] - Object 'Object Repository/AdminSuiteBootstrap_Pages/VT_Bootstrap/IssueTransactions/a_Swipe_Sale' is present

2022-08-29 15:43:23 - [TEST_STEP][PASSED] - verifyElementVisible(findTestObject(path_VT + "a_IngenicoKeypadEntry_Sale")): Object 'Object Repository/AdminSuiteBootstrap_Pages/VT_Bootstrap/IssueTransactions/a_IngenicoKeypadEntry_Sale' is visible

2022-08-29 15:43:54 - [MESSAGE][INFO] - Unable to find the element located by 'By.xpath: //*[@href = concat("javascript:checkSession(" , "'" , "auth" , "'" , "," , "'" , "/admin/imtiaz/bootstrap/vpos/411/emvtransactions/AuthCapForm/" , "'" , "," , "'" , "K" , "'" , ")") and (text() = 'Ingenico Keypad Entry' or . = 'Ingenico Keypad Entry')]'. Please recheck the objects properties to make sure the desired element is located. 

2022-08-29 15:43:54 - [MESSAGE][WARNING] - [SELF-HEALING] Failed to find element with id 'Object Repository/AdminSuiteBootstrap_Pages/VT_Bootstrap/IssueTransactions/a_IngenicoKeypadEntry_Sale'. Try using Self-healing.

2022-08-29 15:43:55 - [MESSAGE][INFO] - [SELF-HEALING] Screenshot: C:/ClonedVPS/VPS-Katalon/Reports/Self-healing/Object Repository/AdminSuiteBootstrap_Pages/VT_Bootstrap/IssueTransactions/a_IngenicoKeypadEntry_Sale_XPATH.png

2022-08-29 15:43:55 - [MESSAGE][WARNING] - [SELF-HEALING] The current locator of test object 'Object Repository/AdminSuiteBootstrap_Pages/VT_Bootstrap/IssueTransactions/a_IngenicoKeypadEntry_Sale' was broken. Propose an alternative one: '//span[@id='authIngenicoKeypad']/a'.

2022-08-29 15:43:55 - [MESSAGE][PASSED] - Object 'Object Repository/AdminSuiteBootstrap_Pages/VT_Bootstrap/IssueTransactions/a_IngenicoKeypadEntry_Sale' is visible

2022-08-29 15:43:55 - [TEST_STEP][FAILED] - verifyElementPresent(findTestObject(path_VT + "a_IngenicoKeypadEntry_Sale"), 30): com.kms.katalon.core.webui.exception.WebElementNotFoundException: Web element with id: 'Object Repository/AdminSuiteBootstrap_Pages/VT_Bootstrap/IssueTransactions/a_IngenicoKeypadEntry_Sale' located by '//*[@href = concat("javascript:checkSession(" , "'" , "auth" , "'" , "," , "'" , "/admin/imtiaz/bootstrap/vpos/411/emvtransactions/AuthCapForm/" , "'" , "," , "'" , "K" , "'" , ")") and (text() = 'Ingenico Keypad Entry' or . = 'Ingenico Keypad Entry')]' not found (Root cause: com.kms.katalon.core.exception.StepFailedException: com.kms.katalon.core.webui.exception.WebElementNotFoundException: Web element with id: 'Object Repository/AdminSuiteBootstrap_Pages/VT_Bootstrap/IssueTransactions/a_IngenicoKeypadEntry_Sale' located by '//*[@href = concat("javascript:checkSession(" , "'" , "auth" , "'" , "," , "'" , "/admin/imtiaz/bootstrap/vpos/411/emvtransactions/AuthCapForm/" , "'" , "," , "'" , "K" , "'" , ")") and (text() = 'Ingenico Keypad Entry' or . = 'Ingenico Keypad Entry')]' not found
	at com.kms.katalon.core.webui.keyword.internal.WebUIKeywordMain.stepFailed(WebUIKeywordMain.groovy:64)
	at com.kms.katalon.core.webui.keyword.builtin.VerifyElementPresentKeyword$_verifyElementPresent_closure1.doCall(VerifyElementPresentKeyword.groovy:85)
	at com.kms.katalon.core.webui.keyword.builtin.VerifyElementPresentKeyword$_verifyElementPresent_closure1.call(VerifyElementPresentKeyword.groovy)
	at com.kms.katalon.core.webui.keyword.internal.WebUIKeywordMain.runKeyword(WebUIKeywordMain.groovy:20)
	at com.kms.katalon.core.webui.keyword.builtin.VerifyElementPresentKeyword.verifyElementPresent(VerifyElementPresentKeyword.groovy:92)
	at com.kms.katalon.core.webui.keyword.builtin.VerifyElementPresentKeyword.execute(VerifyElementPresentKeyword.groovy:68)
	at com.kms.katalon.core.keyword.internal.KeywordExecutor.executeKeywordForPlatform(KeywordExecutor.groovy:74)
	at com.kms.katalon.core.webui.keyword.WebUiBuiltInKeywords.verifyElementPresent(WebUiBuiltInKeywords.groovy:1464)
	at com.kms.katalon.core.webui.keyword.WebUiBuiltInKeywords$verifyElementPresent$1.call(Unknown Source)
	at VerifyIssueTransactionsLinks_UI_TC.run(VerifyIssueTransactionsLinks_UI_TC:91)
	at com.kms.katalon.core.main.ScriptEngine.run(ScriptEngine.java:194)
	at com.kms.katalon.core.main.ScriptEngine.runScriptAsRawText(ScriptEngine.java:119)
	at com.kms.katalon.core.main.TestCaseExecutor.runScript(TestCaseExecutor.java:448)
	at com.kms.katalon.core.main.TestCaseExecutor.doExecute(TestCaseExecutor.java:439)
	at com.kms.katalon.core.main.TestCaseExecutor.processExecutionPhase(TestCaseExecutor.java:418)
	at com.kms.katalon.core.main.TestCaseExecutor.accessMainPhase(TestCaseExecutor.java:410)
	at com.kms.katalon.core.main.TestCaseExecutor.execute(TestCaseExecutor.java:285)
	at com.kms.katalon.core.common.CommonExecutor.accessTestCaseMainPhase(CommonExecutor.java:65)
	at com.kms.katalon.core.main.TestSuiteExecutor.accessTestSuiteMainPhase(TestSuiteExecutor.java:144)
	at com.kms.katalon.core.main.TestSuiteExecutor.execute(TestSuiteExecutor.java:106)
	at com.kms.katalon.core.main.TestCaseMain.startTestSuite(TestCaseMain.java:185)
	at com.kms.katalon.core.main.TestCaseMain$startTestSuite$0.call(Unknown Source)
	at TempTestSuite1661802019376.run(TempTestSuite1661802019376.groovy:36)
)

2022-08-29 15:44:26 - [MESSAGE][INFO] - Unable to find the element located by 'By.xpath: //*[@href = concat("javascript:checkSession(" , "'" , "auth" , "'" , "," , "'" , "/admin/imtiaz/bootstrap/vpos/411/emvtransactions/AuthCapForm/" , "'" , "," , "'" , "K" , "'" , ")") and (text() = 'Ingenico Keypad Entry' or . = 'Ingenico Keypad Entry')]'. Please recheck the objects properties to make sure the desired element is located. 

2022-08-29 15:44:26 - [MESSAGE][FAILED] - com.kms.katalon.core.webui.exception.WebElementNotFoundException: Web element with id: 'Object Repository/AdminSuiteBootstrap_Pages/VT_Bootstrap/IssueTransactions/a_IngenicoKeypadEntry_Sale' located by '//*[@href = concat("javascript:checkSession(" , "'" , "auth" , "'" , "," , "'" , "/admin/imtiaz/bootstrap/vpos/411/emvtransactions/AuthCapForm/" , "'" , "," , "'" , "K" , "'" , ")") and (text() = 'Ingenico Keypad Entry' or . = 'Ingenico Keypad Entry')]' not found (Root cause: com.kms.katalon.core.exception.StepFailedException: com.kms.katalon.core.webui.exception.WebElementNotFoundException: Web element with id: 'Object Repository/AdminSuiteBootstrap_Pages/VT_Bootstrap/IssueTransactions/a_IngenicoKeypadEntry_Sale' located by '//*[@href = concat("javascript:checkSession(" , "'" , "auth" , "'" , "," , "'" , "/admin/imtiaz/bootstrap/vpos/411/emvtransactions/AuthCapForm/" , "'" , "," , "'" , "K" , "'" , ")") and (text() = 'Ingenico Keypad Entry' or . = 'Ingenico Keypad Entry')]' not found
	at com.kms.katalon.core.webui.keyword.internal.WebUIKeywordMain.stepFailed(WebUIKeywordMain.groovy:64)
	at com.kms.katalon.core.webui.keyword.builtin.VerifyElementPresentKeyword$_verifyElementPresent_closure1.doCall(VerifyElementPresentKeyword.groovy:85)
	at com.kms.katalon.core.webui.keyword.builtin.VerifyElementPresentKeyword$_verifyElementPresent_closure1.call(VerifyElementPresentKeyword.groovy)
	at com.kms.katalon.core.webui.keyword.internal.WebUIKeywordMain.runKeyword(WebUIKeywordMain.groovy:20)
	at com.kms.katalon.core.webui.keyword.builtin.VerifyElementPresentKeyword.verifyElementPresent(VerifyElementPresentKeyword.groovy:92)
	at com.kms.katalon.core.webui.keyword.builtin.VerifyElementPresentKeyword.execute(VerifyElementPresentKeyword.groovy:68)
	at com.kms.katalon.core.keyword.internal.KeywordExecutor.executeKeywordForPlatform(KeywordExecutor.groovy:74)
	at com.kms.katalon.core.webui.keyword.WebUiBuiltInKeywords.verifyElementPresent(WebUiBuiltInKeywords.groovy:1464)
	at com.kms.katalon.core.webui.keyword.WebUiBuiltInKeywords$verifyElementPresent$1.call(Unknown Source)
	at VerifyIssueTransactionsLinks_UI_TC.run(VerifyIssueTransactionsLinks_UI_TC:91)
	at com.kms.katalon.core.main.ScriptEngine.run(ScriptEngine.java:194)
	at com.kms.katalon.core.main.ScriptEngine.runScriptAsRawText(ScriptEngine.java:119)
	at com.kms.katalon.core.main.TestCaseExecutor.runScript(TestCaseExecutor.java:448)
	at com.kms.katalon.core.main.TestCaseExecutor.doExecute(TestCaseExecutor.java:439)
	at com.kms.katalon.core.main.TestCaseExecutor.processExecutionPhase(TestCaseExecutor.java:418)
	at com.kms.katalon.core.main.TestCaseExecutor.accessMainPhase(TestCaseExecutor.java:410)
	at com.kms.katalon.core.main.TestCaseExecutor.execute(TestCaseExecutor.java:285)
	at com.kms.katalon.core.common.CommonExecutor.accessTestCaseMainPhase(CommonExecutor.java:65)
	at com.kms.katalon.core.main.TestSuiteExecutor.accessTestSuiteMainPhase(TestSuiteExecutor.java:144)
	at com.kms.katalon.core.main.TestSuiteExecutor.execute(TestSuiteExecutor.java:106)
	at com.kms.katalon.core.main.TestCaseMain.startTestSuite(TestCaseMain.java:185)
	at com.kms.katalon.core.main.TestCaseMain$startTestSuite$0.call(Unknown Source)
	at TempTestSuite1661802019376.run(TempTestSuite1661802019376.groovy:36)
)
[[ATTACHMENT|C:\\ClonedVPS\\VPS-Katalon\\Reports\\20220829_154019\\QA\\VT-Bootstrap\\AdminSuiteBootstrap_UI_TestSuite\\20220829_154019\\1661802266372.png]]]]></system-out>
         <system-err><![CDATA[2022-08-29 15:41:57 - [TEST_CASE][FAILED] - Test Cases/Admin Suite Bootstrap/VT_TestCases/VerifyIssueTransactionsLinks_UI_TC: Test Cases/Admin Suite Bootstrap/VT_TestCases/VerifyIssueTransactionsLinks_UI_TC FAILED.
Reason:
com.kms.katalon.core.exception.StepFailedException: com.kms.katalon.core.webui.exception.WebElementNotFoundException: Web element with id: 'Object Repository/AdminSuiteBootstrap_Pages/VT_Bootstrap/IssueTransactions/button_CCCreditOrVoid' located by '//*[@type = 'button' and (text() = '
									 	
										Credit or  Void
									 ' or . = '
									 	
										Credit or  Void
									 ') and @href = '/admin/imtiaz/bootstrap/vpos/255/transactions/CCCreditOrVoidSearch/']' not found (Root cause: com.kms.katalon.core.exception.StepFailedException: com.kms.katalon.core.webui.exception.WebElementNotFoundException: Web element with id: 'Object Repository/AdminSuiteBootstrap_Pages/VT_Bootstrap/IssueTransactions/button_CCCreditOrVoid' located by '//*[@type = 'button' and (text() = '
									 	
										Credit or  Void
									 ' or . = '
									 	
										Credit or  Void
									 ') and @href = '/admin/imtiaz/bootstrap/vpos/255/transactions/CCCreditOrVoidSearch/']' not found
	at com.kms.katalon.core.webui.keyword.internal.WebUIKeywordMain.stepFailed(WebUIKeywordMain.groovy:64)
	at com.kms.katalon.core.webui.keyword.builtin.VerifyElementPresentKeyword$_verifyElementPresent_closure1.doCall(VerifyElementPresentKeyword.groovy:85)
	at com.kms.katalon.core.webui.keyword.builtin.VerifyElementPresentKeyword$_verifyElementPresent_closure1.call(VerifyElementPresentKeyword.groovy)
	at com.kms.katalon.core.webui.keyword.internal.WebUIKeywordMain.runKeyword(WebUIKeywordMain.groovy:20)
	at com.kms.katalon.core.webui.keyword.builtin.VerifyElementPresentKeyword.verifyElementPresent(VerifyElementPresentKeyword.groovy:92)
	at com.kms.katalon.core.webui.keyword.builtin.VerifyElementPresentKeyword.execute(VerifyElementPresentKeyword.groovy:68)
	at com.kms.katalon.core.keyword.internal.KeywordExecutor.executeKeywordForPlatform(KeywordExecutor.groovy:74)
	at com.kms.katalon.core.webui.keyword.WebUiBuiltInKeywords.verifyElementPresent(WebUiBuiltInKeywords.groovy:1464)
	at com.kms.katalon.core.webui.keyword.WebUiBuiltInKeywords$verifyElementPresent$1.call(Unknown Source)
	at VerifyIssueTransactionsLinks_UI_TC.run(VerifyIssueTransactionsLinks_UI_TC:47)
	at com.kms.katalon.core.main.ScriptEngine.run(ScriptEngine.java:194)
	at com.kms.katalon.core.main.ScriptEngine.runScriptAsRawText(ScriptEngine.java:119)
	at com.kms.katalon.core.main.TestCaseExecutor.runScript(TestCaseExecutor.java:448)
	at com.kms.katalon.core.main.TestCaseExecutor.doExecute(TestCaseExecutor.java:439)
	at com.kms.katalon.core.main.TestCaseExecutor.processExecutionPhase(TestCaseExecutor.java:418)
	at com.kms.katalon.core.main.TestCaseExecutor.accessMainPhase(TestCaseExecutor.java:410)
	at com.kms.katalon.core.main.TestCaseExecutor.execute(TestCaseExecutor.java:285)
	at com.kms.katalon.core.common.CommonExecutor.accessTestCaseMainPhase(CommonExecutor.java:65)
	at com.kms.katalon.core.main.TestSuiteExecutor.accessTestSuiteMainPhase(TestSuiteExecutor.java:144)
	at com.kms.katalon.core.main.TestSuiteExecutor.execute(TestSuiteExecutor.java:106)
	at com.kms.katalon.core.main.TestCaseMain.startTestSuite(TestCaseMain.java:185)
	at com.kms.katalon.core.main.TestCaseMain$startTestSuite$0.call(Unknown Source)
	at TempTestSuite1661802019376.run(TempTestSuite1661802019376.groovy:36)
)
	at com.kms.katalon.core.keyword.internal.KeywordMain.stepFailed(KeywordMain.groovy:39)
	at com.kms.katalon.core.webui.keyword.internal.WebUIKeywordMain.stepFailed(WebUIKeywordMain.groovy:64)
	at com.kms.katalon.core.webui.keyword.builtin.VerifyElementPresentKeyword$_verifyElementPresent_closure1.doCall(VerifyElementPresentKeyword.groovy:85)
	at com.kms.katalon.core.webui.keyword.builtin.VerifyElementPresentKeyword$_verifyElementPresent_closure1.call(VerifyElementPresentKeyword.groovy)
	at com.kms.katalon.core.webui.keyword.internal.WebUIKeywordMain.runKeyword(WebUIKeywordMain.groovy:20)
	at com.kms.katalon.core.webui.keyword.builtin.VerifyElementPresentKeyword.verifyElementPresent(VerifyElementPresentKeyword.groovy:92)
	at com.kms.katalon.core.webui.keyword.builtin.VerifyElementPresentKeyword.execute(VerifyElementPresentKeyword.groovy:68)
	at com.kms.katalon.core.keyword.internal.KeywordExecutor.executeKeywordForPlatform(KeywordExecutor.groovy:74)
	at com.kms.katalon.core.webui.keyword.WebUiBuiltInKeywords.verifyElementPresent(WebUiBuiltInKeywords.groovy:1464)
	at com.kms.katalon.core.webui.keyword.WebUiBuiltInKeywords$verifyElementPresent$1.call(Unknown Source)
	at VerifyIssueTransactionsLinks_UI_TC.run(VerifyIssueTransactionsLinks_UI_TC:47)
	at com.kms.katalon.core.main.ScriptEngine.run(ScriptEngine.java:194)
	at com.kms.katalon.core.main.ScriptEngine.runScriptAsRawText(ScriptEngine.java:119)
	at com.kms.katalon.core.main.TestCaseExecutor.runScript(TestCaseExecutor.java:448)
	at com.kms.katalon.core.main.TestCaseExecutor.doExecute(TestCaseExecutor.java:439)
	at com.kms.katalon.core.main.TestCaseExecutor.processExecutionPhase(TestCaseExecutor.java:418)
	at com.kms.katalon.core.main.TestCaseExecutor.accessMainPhase(TestCaseExecutor.java:410)
	at com.kms.katalon.core.main.TestCaseExecutor.execute(TestCaseExecutor.java:285)
	at com.kms.katalon.core.common.CommonExecutor.accessTestCaseMainPhase(CommonExecutor.java:65)
	at com.kms.katalon.core.main.TestSuiteExecutor.accessTestSuiteMainPhase(TestSuiteExecutor.java:144)
	at com.kms.katalon.core.main.TestSuiteExecutor.execute(TestSuiteExecutor.java:106)
	at com.kms.katalon.core.main.TestCaseMain.startTestSuite(TestCaseMain.java:185)
	at com.kms.katalon.core.main.TestCaseMain$startTestSuite$0.call(Unknown Source)
	at TempTestSuite1661802019376.run(TempTestSuite1661802019376.groovy:36)
Caused by: com.kms.katalon.core.exception.StepFailedException: com.kms.katalon.core.webui.exception.WebElementNotFoundException: Web element with id: 'Object Repository/AdminSuiteBootstrap_Pages/VT_Bootstrap/IssueTransactions/button_CCCreditOrVoid' located by '//*[@type = 'button' and (text() = '
									 	
										Credit or  Void
									 ' or . = '
									 	
										Credit or  Void
									 ') and @href = '/admin/imtiaz/bootstrap/vpos/255/transactions/CCCreditOrVoidSearch/']' not found
	... 23 more]]></system-err>
      </testcase>
      <testcase name="Test Cases/Admin Suite Bootstrap/UM_TestCases/Users/VerifyUsersLinks_UI_TC" time="20.639" classname="Test Cases/Admin Suite Bootstrap/UM_TestCases/Users/VerifyUsersLinks_UI_TC" status="PASSED">
         <system-out><![CDATA[2022-08-29 15:44:26 - [TEST_CASE][PASSED] - Test Cases/Admin Suite Bootstrap/UM_TestCases/Users/VerifyUsersLinks_UI_TC: Test Cases/Admin Suite Bootstrap/UM_TestCases/Users/VerifyUsersLinks_UI_TC

2022-08-29 15:44:27 - [TEST_STEP][PASSED] - path_Dashboard = "Object Repository/AdminSuiteBootstrap_Pages/Dashboard_Bootstrap/": null

2022-08-29 15:44:27 - [TEST_STEP][PASSED] - path_VT = "Object Repository/AdminSuiteBootstrap_Pages/VT_Bootstrap/": null

2022-08-29 15:44:27 - [TEST_STEP][PASSED] - path_UM = "Object Repository/AdminSuiteBootstrap_Pages/UM_Bootstrap/": null

2022-08-29 15:44:27 - [TEST_STEP][PASSED] - adminSuiteBootstrap.loginFunctionality.login_AdminSuite(): adminSuiteBootstrap.loginFunctionality.login_AdminSuite is PASSED

2022-08-29 15:44:27 - [MESSAGE][WARNING] - A browser is already opened. Closing browser and opening a new one

2022-08-29 15:44:27 - [MESSAGE][INFO] - Starting 'Chrome' driver

2022-08-29 15:44:27 - [MESSAGE][INFO] - User set preference: ['acceptInsecureCerts', 'true']

2022-08-29 15:44:27 - [MESSAGE][INFO] - Action delay is set to 0 milliseconds

2022-08-29 15:44:30 - [MESSAGE][PASSED] - Browser is opened with url: 'https://qa.velocitypayment.com/admin/imtiaz'

2022-08-29 15:44:31 - [MESSAGE][PASSED] - Current window maximized

2022-08-29 15:44:31 - [MESSAGE][PASSED] - Object 'Object Repository/Login_Page/Login_Username' is present

2022-08-29 15:44:32 - [MESSAGE][PASSED] - Text 'iahmed' is set on object 'Object Repository/Login_Page/Login_Username'

2022-08-29 15:44:32 - [MESSAGE][PASSED] - Text 'hello2222' is set on object 'Object Repository/Login_Page/Login_Password'

2022-08-29 15:44:36 - [MESSAGE][PASSED] - Object: 'Object Repository/Login_Page/Login_Submit' is clicked on

2022-08-29 15:44:36 - [MESSAGE][PASSED] - adminSuiteBootstrap.loginFunctionality.login_AdminSuite is PASSED

2022-08-29 15:44:36 - [TEST_STEP][PASSED] - click(findTestObject(path_Dashboard + "span_User Management")): Object: 'Object Repository/AdminSuiteBootstrap_Pages/Dashboard_Bootstrap/span_User Management' is clicked on

2022-08-29 15:44:37 - [MESSAGE][PASSED] - Object: 'Object Repository/AdminSuiteBootstrap_Pages/Dashboard_Bootstrap/span_User Management' is clicked on

2022-08-29 15:44:37 - [TEST_STEP][PASSED] - click(findTestObject(path_Dashboard + "a_Users")): Object: 'Object Repository/AdminSuiteBootstrap_Pages/Dashboard_Bootstrap/a_Users' is clicked on

2022-08-29 15:44:38 - [MESSAGE][PASSED] - Object: 'Object Repository/AdminSuiteBootstrap_Pages/Dashboard_Bootstrap/a_Users' is clicked on

2022-08-29 15:44:38 - [TEST_STEP][PASSED] - verifyTextPresent("Users", true): Text 'Users' is present on page  using regular expression

2022-08-29 15:44:38 - [MESSAGE][PASSED] - Text 'Users' is present on page  using regular expression

2022-08-29 15:44:38 - [TEST_STEP][PASSED] - verifyTextPresent("Total Users", true): Text 'Total Users' is present on page  using regular expression

2022-08-29 15:44:39 - [MESSAGE][PASSED] - Text 'Total Users' is present on page  using regular expression

2022-08-29 15:44:39 - [TEST_STEP][PASSED] - verifyTextPresent("User Name", true): Text 'User Name' is present on page  using regular expression

2022-08-29 15:44:39 - [MESSAGE][PASSED] - Text 'User Name' is present on page  using regular expression

2022-08-29 15:44:39 - [TEST_STEP][PASSED] - verifyTextPresent("User ID", true): Text 'User ID' is present on page  using regular expression

2022-08-29 15:44:39 - [MESSAGE][PASSED] - Text 'User ID' is present on page  using regular expression

2022-08-29 15:44:39 - [TEST_STEP][PASSED] - verifyElementVisible(findTestObject(path_UM + "button_Export")): Object 'Object Repository/AdminSuiteBootstrap_Pages/UM_Bootstrap/button_Export' is visible

2022-08-29 15:44:40 - [MESSAGE][PASSED] - Object 'Object Repository/AdminSuiteBootstrap_Pages/UM_Bootstrap/button_Export' is visible

2022-08-29 15:44:40 - [TEST_STEP][PASSED] - verifyElementPresent(findTestObject(path_UM + "button_Export"), 30): Object 'Object Repository/AdminSuiteBootstrap_Pages/UM_Bootstrap/button_Export' is present

2022-08-29 15:44:40 - [MESSAGE][PASSED] - Object 'Object Repository/AdminSuiteBootstrap_Pages/UM_Bootstrap/button_Export' is present

2022-08-29 15:44:40 - [TEST_STEP][PASSED] - verifyElementVisible(findTestObject(path_UM + "a_Find User")): Object 'Object Repository/AdminSuiteBootstrap_Pages/UM_Bootstrap/a_Find User' is visible

2022-08-29 15:44:40 - [MESSAGE][PASSED] - Object 'Object Repository/AdminSuiteBootstrap_Pages/UM_Bootstrap/a_Find User' is visible

2022-08-29 15:44:40 - [TEST_STEP][PASSED] - verifyElementPresent(findTestObject(path_UM + "a_Find User"), 30): Object 'Object Repository/AdminSuiteBootstrap_Pages/UM_Bootstrap/a_Find User' is present

2022-08-29 15:44:41 - [MESSAGE][PASSED] - Object 'Object Repository/AdminSuiteBootstrap_Pages/UM_Bootstrap/a_Find User' is present

2022-08-29 15:44:41 - [TEST_STEP][PASSED] - verifyElementVisible(findTestObject(path_UM + "a_Add User")): Object 'Object Repository/AdminSuiteBootstrap_Pages/UM_Bootstrap/a_Add User' is visible

2022-08-29 15:44:41 - [MESSAGE][PASSED] - Object 'Object Repository/AdminSuiteBootstrap_Pages/UM_Bootstrap/a_Add User' is visible

2022-08-29 15:44:41 - [TEST_STEP][PASSED] - verifyElementPresent(findTestObject(path_UM + "a_Add User"), 30): Object 'Object Repository/AdminSuiteBootstrap_Pages/UM_Bootstrap/a_Add User' is present

2022-08-29 15:44:41 - [MESSAGE][PASSED] - Object 'Object Repository/AdminSuiteBootstrap_Pages/UM_Bootstrap/a_Add User' is present

2022-08-29 15:44:42 - [TEST_STEP][PASSED] - verifyElementVisible(findTestObject(path_UM + "a_charu")): Object 'Object Repository/AdminSuiteBootstrap_Pages/UM_Bootstrap/a_charu' is visible

2022-08-29 15:44:42 - [MESSAGE][PASSED] - Object 'Object Repository/AdminSuiteBootstrap_Pages/UM_Bootstrap/a_charu' is visible

2022-08-29 15:44:42 - [TEST_STEP][PASSED] - verifyElementPresent(findTestObject(path_UM + "a_charu"), 30): Object 'Object Repository/AdminSuiteBootstrap_Pages/UM_Bootstrap/a_charu' is present

2022-08-29 15:44:42 - [MESSAGE][PASSED] - Object 'Object Repository/AdminSuiteBootstrap_Pages/UM_Bootstrap/a_charu' is present

2022-08-29 15:44:42 - [TEST_STEP][PASSED] - verifyElementVisible(findTestObject(path_UM + "li_First")): Object 'Object Repository/AdminSuiteBootstrap_Pages/UM_Bootstrap/li_First' is visible

2022-08-29 15:44:43 - [MESSAGE][PASSED] - Object 'Object Repository/AdminSuiteBootstrap_Pages/UM_Bootstrap/li_First' is visible

2022-08-29 15:44:43 - [TEST_STEP][PASSED] - verifyElementPresent(findTestObject(path_UM + "li_First"), 30): Object 'Object Repository/AdminSuiteBootstrap_Pages/UM_Bootstrap/li_First' is present

2022-08-29 15:44:43 - [MESSAGE][PASSED] - Object 'Object Repository/AdminSuiteBootstrap_Pages/UM_Bootstrap/li_First' is present

2022-08-29 15:44:43 - [TEST_STEP][PASSED] - verifyElementVisible(findTestObject(path_UM + "li_Prev")): Object 'Object Repository/AdminSuiteBootstrap_Pages/UM_Bootstrap/li_Prev' is visible

2022-08-29 15:44:43 - [MESSAGE][PASSED] - Object 'Object Repository/AdminSuiteBootstrap_Pages/UM_Bootstrap/li_Prev' is visible

2022-08-29 15:44:43 - [TEST_STEP][PASSED] - verifyElementPresent(findTestObject(path_UM + "li_Prev"), 30): Object 'Object Repository/AdminSuiteBootstrap_Pages/UM_Bootstrap/li_Prev' is present

2022-08-29 15:44:44 - [MESSAGE][PASSED] - Object 'Object Repository/AdminSuiteBootstrap_Pages/UM_Bootstrap/li_Prev' is present

2022-08-29 15:44:44 - [TEST_STEP][PASSED] - verifyElementVisible(findTestObject(path_UM + "a_1")): Object 'Object Repository/AdminSuiteBootstrap_Pages/UM_Bootstrap/a_1' is visible

2022-08-29 15:44:44 - [MESSAGE][PASSED] - Object 'Object Repository/AdminSuiteBootstrap_Pages/UM_Bootstrap/a_1' is visible

2022-08-29 15:44:44 - [TEST_STEP][PASSED] - verifyElementPresent(findTestObject(path_UM + "a_1"), 30): Object 'Object Repository/AdminSuiteBootstrap_Pages/UM_Bootstrap/a_1' is present

2022-08-29 15:44:44 - [MESSAGE][PASSED] - Object 'Object Repository/AdminSuiteBootstrap_Pages/UM_Bootstrap/a_1' is present

2022-08-29 15:44:44 - [TEST_STEP][PASSED] - verifyElementVisible(findTestObject(path_UM + "a_2")): Object 'Object Repository/AdminSuiteBootstrap_Pages/UM_Bootstrap/a_2' is visible

2022-08-29 15:44:45 - [MESSAGE][PASSED] - Object 'Object Repository/AdminSuiteBootstrap_Pages/UM_Bootstrap/a_2' is visible

2022-08-29 15:44:45 - [TEST_STEP][PASSED] - verifyElementPresent(findTestObject(path_UM + "a_2"), 30): Object 'Object Repository/AdminSuiteBootstrap_Pages/UM_Bootstrap/a_2' is present

2022-08-29 15:44:45 - [MESSAGE][PASSED] - Object 'Object Repository/AdminSuiteBootstrap_Pages/UM_Bootstrap/a_2' is present

2022-08-29 15:44:45 - [TEST_STEP][PASSED] - verifyElementVisible(findTestObject(path_UM + "a_Next")): Object 'Object Repository/AdminSuiteBootstrap_Pages/UM_Bootstrap/a_Next' is visible

2022-08-29 15:44:46 - [MESSAGE][PASSED] - Object 'Object Repository/AdminSuiteBootstrap_Pages/UM_Bootstrap/a_Next' is visible

2022-08-29 15:44:46 - [TEST_STEP][PASSED] - verifyElementPresent(findTestObject(path_UM + "a_Next"), 30): Object 'Object Repository/AdminSuiteBootstrap_Pages/UM_Bootstrap/a_Next' is present

2022-08-29 15:44:46 - [MESSAGE][PASSED] - Object 'Object Repository/AdminSuiteBootstrap_Pages/UM_Bootstrap/a_Next' is present

2022-08-29 15:44:46 - [TEST_STEP][PASSED] - verifyElementVisible(findTestObject(path_UM + "a_Last")): Object 'Object Repository/AdminSuiteBootstrap_Pages/UM_Bootstrap/a_Last' is visible

2022-08-29 15:44:46 - [MESSAGE][PASSED] - Object 'Object Repository/AdminSuiteBootstrap_Pages/UM_Bootstrap/a_Last' is visible

2022-08-29 15:44:46 - [TEST_STEP][PASSED] - verifyElementPresent(findTestObject(path_UM + "a_Last"), 30): Object 'Object Repository/AdminSuiteBootstrap_Pages/UM_Bootstrap/a_Last' is present

2022-08-29 15:44:47 - [MESSAGE][PASSED] - Object 'Object Repository/AdminSuiteBootstrap_Pages/UM_Bootstrap/a_Last' is present]]></system-out>
         <system-err><![CDATA[]]></system-err>
      </testcase>
      <testcase name="Test Cases/Admin Suite Bootstrap/VT_TestCases/VerifySaleKeyboard_UI_1_TC" time="100.681" classname="Test Cases/Admin Suite Bootstrap/VT_TestCases/VerifySaleKeyboard_UI_1_TC" status="FAILED">
         <failure type="FAILED" message="Test Cases/Admin Suite Bootstrap/VT_TestCases/VerifySaleKeyboard_UI_1_TC FAILED.
Reason:
com.kms.katalon.core.exception.StepFailedException: com.kms.katalon.core.webui.exception.WebElementNotFoundException: Web element with id: 'Object Repository/AdminSuiteBootstrap_Pages/VT_Bootstrap/SaleKeyboard/button_Reset' located by '//*[@type = 'submit' and @name = 'submit' and @id = 'reset' and (text() = 'Reset' or . = 'Reset')]' not found (Root cause: com.kms.katalon.core.exception.StepFailedException: com.kms.katalon.core.webui.exception.WebElementNotFoundException: Web element with id: 'Object Repository/AdminSuiteBootstrap_Pages/VT_Bootstrap/SaleKeyboard/button_Reset' located by '//*[@type = 'submit' and @name = 'submit' and @id = 'reset' and (text() = 'Reset' or . = 'Reset')]' not found
	at com.kms.katalon.core.webui.keyword.internal.WebUIKeywordMain.stepFailed(WebUIKeywordMain.groovy:64)
	at com.kms.katalon.core.webui.keyword.builtin.VerifyElementPresentKeyword$_verifyElementPresent_closure1.doCall(VerifyElementPresentKeyword.groovy:85)
	at com.kms.katalon.core.webui.keyword.builtin.VerifyElementPresentKeyword$_verifyElementPresent_closure1.call(VerifyElementPresentKeyword.groovy)
	at com.kms.katalon.core.webui.keyword.internal.WebUIKeywordMain.runKeyword(WebUIKeywordMain.groovy:20)
	at com.kms.katalon.core.webui.keyword.builtin.VerifyElementPresentKeyword.verifyElementPresent(VerifyElementPresentKeyword.groovy:92)
	at com.kms.katalon.core.webui.keyword.builtin.VerifyElementPresentKeyword.execute(VerifyElementPresentKeyword.groovy:68)
	at com.kms.katalon.core.keyword.internal.KeywordExecutor.executeKeywordForPlatform(KeywordExecutor.groovy:74)
	at com.kms.katalon.core.webui.keyword.WebUiBuiltInKeywords.verifyElementPresent(WebUiBuiltInKeywords.groovy:1464)
	at com.kms.katalon.core.webui.keyword.WebUiBuiltInKeywords$verifyElementPresent$1.call(Unknown Source)
	at VerifySaleKeyboard_UI_1_TC.run(VerifySaleKeyboard_UI_1_TC:141)
	at com.kms.katalon.core.main.ScriptEngine.run(ScriptEngine.java:194)
	at com.kms.katalon.core.main.ScriptEngine.runScriptAsRawText(ScriptEngine.java:119)
	at com.kms.katalon.core.main.TestCaseExecutor.runScript(TestCaseExecutor.java:448)
	at com.kms.katalon.core.main.TestCaseExecutor.doExecute(TestCaseExecutor.java:439)
	at com.kms.katalon.core.main.TestCaseExecutor.processExecutionPhase(TestCaseExecutor.java:418)
	at com.kms.katalon.core.main.TestCaseExecutor.accessMainPhase(TestCaseExecutor.java:410)
	at com.kms.katalon.core.main.TestCaseExecutor.execute(TestCaseExecutor.java:285)
	at com.kms.katalon.core.common.CommonExecutor.accessTestCaseMainPhase(CommonExecutor.java:65)
	at com.kms.katalon.core.main.TestSuiteExecutor.accessTestSuiteMainPhase(TestSuiteExecutor.java:144)
	at com.kms.katalon.core.main.TestSuiteExecutor.execute(TestSuiteExecutor.java:106)
	at com.kms.katalon.core.main.TestCaseMain.startTestSuite(TestCaseMain.java:185)
	at com.kms.katalon.core.main.TestCaseMain$startTestSuite$0.call(Unknown Source)
	at TempTestSuite1661802019376.run(TempTestSuite1661802019376.groovy:36)
)
	at com.kms.katalon.core.keyword.internal.KeywordMain.stepFailed(KeywordMain.groovy:39)
	at com.kms.katalon.core.webui.keyword.internal.WebUIKeywordMain.stepFailed(WebUIKeywordMain.groovy:64)
	at com.kms.katalon.core.webui.keyword.builtin.VerifyElementPresentKeyword$_verifyElementPresent_closure1.doCall(VerifyElementPresentKeyword.groovy:85)
	at com.kms.katalon.core.webui.keyword.builtin.VerifyElementPresentKeyword$_verifyElementPresent_closure1.call(VerifyElementPresentKeyword.groovy)
	at com.kms.katalon.core.webui.keyword.internal.WebUIKeywordMain.runKeyword(WebUIKeywordMain.groovy:20)
	at com.kms.katalon.core.webui.keyword.builtin.VerifyElementPresentKeyword.verifyElementPresent(VerifyElementPresentKeyword.groovy:92)
	at com.kms.katalon.core.webui.keyword.builtin.VerifyElementPresentKeyword.execute(VerifyElementPresentKeyword.groovy:68)
	at com.kms.katalon.core.keyword.internal.KeywordExecutor.executeKeywordForPlatform(KeywordExecutor.groovy:74)
	at com.kms.katalon.core.webui.keyword.WebUiBuiltInKeywords.verifyElementPresent(WebUiBuiltInKeywords.groovy:1464)
	at com.kms.katalon.core.webui.keyword.WebUiBuiltInKeywords$verifyElementPresent$1.call(Unknown Source)
	at VerifySaleKeyboard_UI_1_TC.run(VerifySaleKeyboard_UI_1_TC:141)
	at com.kms.katalon.core.main.ScriptEngine.run(ScriptEngine.java:194)
	at com.kms.katalon.core.main.ScriptEngine.runScriptAsRawText(ScriptEngine.java:119)
	at com.kms.katalon.core.main.TestCaseExecutor.runScript(TestCaseExecutor.java:448)
	at com.kms.katalon.core.main.TestCaseExecutor.doExecute(TestCaseExecutor.java:439)
	at com.kms.katalon.core.main.TestCaseExecutor.processExecutionPhase(TestCaseExecutor.java:418)
	at com.kms.katalon.core.main.TestCaseExecutor.accessMainPhase(TestCaseExecutor.java:410)
	at com.kms.katalon.core.main.TestCaseExecutor.execute(TestCaseExecutor.java:285)
	at com.kms.katalon.core.common.CommonExecutor.accessTestCaseMainPhase(CommonExecutor.java:65)
	at com.kms.katalon.core.main.TestSuiteExecutor.accessTestSuiteMainPhase(TestSuiteExecutor.java:144)
	at com.kms.katalon.core.main.TestSuiteExecutor.execute(TestSuiteExecutor.java:106)
	at com.kms.katalon.core.main.TestCaseMain.startTestSuite(TestCaseMain.java:185)
	at com.kms.katalon.core.main.TestCaseMain$startTestSuite$0.call(Unknown Source)
	at TempTestSuite1661802019376.run(TempTestSuite1661802019376.groovy:36)
Caused by: com.kms.katalon.core.exception.StepFailedException: com.kms.katalon.core.webui.exception.WebElementNotFoundException: Web element with id: 'Object Repository/AdminSuiteBootstrap_Pages/VT_Bootstrap/SaleKeyboard/button_Reset' located by '//*[@type = 'submit' and @name = 'submit' and @id = 'reset' and (text() = 'Reset' or . = 'Reset')]' not found
	... 23 more
"/>
         <system-out><![CDATA[2022-08-29 15:44:47 - [TEST_CASE][FAILED] - Test Cases/Admin Suite Bootstrap/VT_TestCases/VerifySaleKeyboard_UI_1_TC: Test Cases/Admin Suite Bootstrap/VT_TestCases/VerifySaleKeyboard_UI_1_TC FAILED.
Reason:
com.kms.katalon.core.exception.StepFailedException: com.kms.katalon.core.webui.exception.WebElementNotFoundException: Web element with id: 'Object Repository/AdminSuiteBootstrap_Pages/VT_Bootstrap/SaleKeyboard/button_Reset' located by '//*[@type = 'submit' and @name = 'submit' and @id = 'reset' and (text() = 'Reset' or . = 'Reset')]' not found (Root cause: com.kms.katalon.core.exception.StepFailedException: com.kms.katalon.core.webui.exception.WebElementNotFoundException: Web element with id: 'Object Repository/AdminSuiteBootstrap_Pages/VT_Bootstrap/SaleKeyboard/button_Reset' located by '//*[@type = 'submit' and @name = 'submit' and @id = 'reset' and (text() = 'Reset' or . = 'Reset')]' not found
	at com.kms.katalon.core.webui.keyword.internal.WebUIKeywordMain.stepFailed(WebUIKeywordMain.groovy:64)
	at com.kms.katalon.core.webui.keyword.builtin.VerifyElementPresentKeyword$_verifyElementPresent_closure1.doCall(VerifyElementPresentKeyword.groovy:85)
	at com.kms.katalon.core.webui.keyword.builtin.VerifyElementPresentKeyword$_verifyElementPresent_closure1.call(VerifyElementPresentKeyword.groovy)
	at com.kms.katalon.core.webui.keyword.internal.WebUIKeywordMain.runKeyword(WebUIKeywordMain.groovy:20)
	at com.kms.katalon.core.webui.keyword.builtin.VerifyElementPresentKeyword.verifyElementPresent(VerifyElementPresentKeyword.groovy:92)
	at com.kms.katalon.core.webui.keyword.builtin.VerifyElementPresentKeyword.execute(VerifyElementPresentKeyword.groovy:68)
	at com.kms.katalon.core.keyword.internal.KeywordExecutor.executeKeywordForPlatform(KeywordExecutor.groovy:74)
	at com.kms.katalon.core.webui.keyword.WebUiBuiltInKeywords.verifyElementPresent(WebUiBuiltInKeywords.groovy:1464)
	at com.kms.katalon.core.webui.keyword.WebUiBuiltInKeywords$verifyElementPresent$1.call(Unknown Source)
	at VerifySaleKeyboard_UI_1_TC.run(VerifySaleKeyboard_UI_1_TC:141)
	at com.kms.katalon.core.main.ScriptEngine.run(ScriptEngine.java:194)
	at com.kms.katalon.core.main.ScriptEngine.runScriptAsRawText(ScriptEngine.java:119)
	at com.kms.katalon.core.main.TestCaseExecutor.runScript(TestCaseExecutor.java:448)
	at com.kms.katalon.core.main.TestCaseExecutor.doExecute(TestCaseExecutor.java:439)
	at com.kms.katalon.core.main.TestCaseExecutor.processExecutionPhase(TestCaseExecutor.java:418)
	at com.kms.katalon.core.main.TestCaseExecutor.accessMainPhase(TestCaseExecutor.java:410)
	at com.kms.katalon.core.main.TestCaseExecutor.execute(TestCaseExecutor.java:285)
	at com.kms.katalon.core.common.CommonExecutor.accessTestCaseMainPhase(CommonExecutor.java:65)
	at com.kms.katalon.core.main.TestSuiteExecutor.accessTestSuiteMainPhase(TestSuiteExecutor.java:144)
	at com.kms.katalon.core.main.TestSuiteExecutor.execute(TestSuiteExecutor.java:106)
	at com.kms.katalon.core.main.TestCaseMain.startTestSuite(TestCaseMain.java:185)
	at com.kms.katalon.core.main.TestCaseMain$startTestSuite$0.call(Unknown Source)
	at TempTestSuite1661802019376.run(TempTestSuite1661802019376.groovy:36)
)
	at com.kms.katalon.core.keyword.internal.KeywordMain.stepFailed(KeywordMain.groovy:39)
	at com.kms.katalon.core.webui.keyword.internal.WebUIKeywordMain.stepFailed(WebUIKeywordMain.groovy:64)
	at com.kms.katalon.core.webui.keyword.builtin.VerifyElementPresentKeyword$_verifyElementPresent_closure1.doCall(VerifyElementPresentKeyword.groovy:85)
	at com.kms.katalon.core.webui.keyword.builtin.VerifyElementPresentKeyword$_verifyElementPresent_closure1.call(VerifyElementPresentKeyword.groovy)
	at com.kms.katalon.core.webui.keyword.internal.WebUIKeywordMain.runKeyword(WebUIKeywordMain.groovy:20)
	at com.kms.katalon.core.webui.keyword.builtin.VerifyElementPresentKeyword.verifyElementPresent(VerifyElementPresentKeyword.groovy:92)
	at com.kms.katalon.core.webui.keyword.builtin.VerifyElementPresentKeyword.execute(VerifyElementPresentKeyword.groovy:68)
	at com.kms.katalon.core.keyword.internal.KeywordExecutor.executeKeywordForPlatform(KeywordExecutor.groovy:74)
	at com.kms.katalon.core.webui.keyword.WebUiBuiltInKeywords.verifyElementPresent(WebUiBuiltInKeywords.groovy:1464)
	at com.kms.katalon.core.webui.keyword.WebUiBuiltInKeywords$verifyElementPresent$1.call(Unknown Source)
	at VerifySaleKeyboard_UI_1_TC.run(VerifySaleKeyboard_UI_1_TC:141)
	at com.kms.katalon.core.main.ScriptEngine.run(ScriptEngine.java:194)
	at com.kms.katalon.core.main.ScriptEngine.runScriptAsRawText(ScriptEngine.java:119)
	at com.kms.katalon.core.main.TestCaseExecutor.runScript(TestCaseExecutor.java:448)
	at com.kms.katalon.core.main.TestCaseExecutor.doExecute(TestCaseExecutor.java:439)
	at com.kms.katalon.core.main.TestCaseExecutor.processExecutionPhase(TestCaseExecutor.java:418)
	at com.kms.katalon.core.main.TestCaseExecutor.accessMainPhase(TestCaseExecutor.java:410)
	at com.kms.katalon.core.main.TestCaseExecutor.execute(TestCaseExecutor.java:285)
	at com.kms.katalon.core.common.CommonExecutor.accessTestCaseMainPhase(CommonExecutor.java:65)
	at com.kms.katalon.core.main.TestSuiteExecutor.accessTestSuiteMainPhase(TestSuiteExecutor.java:144)
	at com.kms.katalon.core.main.TestSuiteExecutor.execute(TestSuiteExecutor.java:106)
	at com.kms.katalon.core.main.TestCaseMain.startTestSuite(TestCaseMain.java:185)
	at com.kms.katalon.core.main.TestCaseMain$startTestSuite$0.call(Unknown Source)
	at TempTestSuite1661802019376.run(TempTestSuite1661802019376.groovy:36)
Caused by: com.kms.katalon.core.exception.StepFailedException: com.kms.katalon.core.webui.exception.WebElementNotFoundException: Web element with id: 'Object Repository/AdminSuiteBootstrap_Pages/VT_Bootstrap/SaleKeyboard/button_Reset' located by '//*[@type = 'submit' and @name = 'submit' and @id = 'reset' and (text() = 'Reset' or . = 'Reset')]' not found
	... 23 more


2022-08-29 15:44:47 - [TEST_STEP][PASSED] - path_Dashboard = "Object Repository/AdminSuiteBootstrap_Pages/Dashboard_Bootstrap/": null

2022-08-29 15:44:47 - [TEST_STEP][PASSED] - path_VT = "Object Repository/AdminSuiteBootstrap_Pages/VT_Bootstrap/IssueTransactions/": null

2022-08-29 15:44:47 - [TEST_STEP][PASSED] - path_SaleKB = "Object Repository/AdminSuiteBootstrap_Pages/VT_Bootstrap/SaleKeyboard/": null

2022-08-29 15:44:47 - [TEST_STEP][PASSED] - appliID = "238": null

2022-08-29 15:44:47 - [TEST_STEP][PASSED] - li_1 = "/admin/imtiaz/bootstrap/vpos/": null

2022-08-29 15:44:47 - [TEST_STEP][PASSED] - li_2 = "/transactions/AuthCapForm/": null

2022-08-29 15:44:47 - [TEST_STEP][PASSED] - hrefAppID = li_1 + appliID + li_2: null

2022-08-29 15:44:47 - [TEST_STEP][PASSED] - out.println("hrefID is : " + hrefAppID): null

2022-08-29 15:44:47 - [TEST_STEP][PASSED] - adminSuiteBootstrap.loginFunctionality.login_AdminSuite(): adminSuiteBootstrap.loginFunctionality.login_AdminSuite is PASSED

2022-08-29 15:44:47 - [MESSAGE][WARNING] - A browser is already opened. Closing browser and opening a new one

2022-08-29 15:44:48 - [MESSAGE][INFO] - Starting 'Chrome' driver

2022-08-29 15:44:48 - [MESSAGE][INFO] - User set preference: ['acceptInsecureCerts', 'true']

2022-08-29 15:44:48 - [MESSAGE][INFO] - Action delay is set to 0 milliseconds

2022-08-29 15:44:51 - [MESSAGE][PASSED] - Browser is opened with url: 'https://qa.velocitypayment.com/admin/imtiaz'

2022-08-29 15:44:51 - [MESSAGE][PASSED] - Current window maximized

2022-08-29 15:44:52 - [MESSAGE][PASSED] - Object 'Object Repository/Login_Page/Login_Username' is present

2022-08-29 15:44:52 - [MESSAGE][PASSED] - Text 'iahmed' is set on object 'Object Repository/Login_Page/Login_Username'

2022-08-29 15:44:53 - [MESSAGE][PASSED] - Text 'hello2222' is set on object 'Object Repository/Login_Page/Login_Password'

2022-08-29 15:44:57 - [MESSAGE][PASSED] - Object: 'Object Repository/Login_Page/Login_Submit' is clicked on

2022-08-29 15:44:57 - [MESSAGE][PASSED] - adminSuiteBootstrap.loginFunctionality.login_AdminSuite is PASSED

2022-08-29 15:44:57 - [TEST_STEP][PASSED] - click(findTestObject(path_Dashboard + "span_Payment")): Object: 'Object Repository/AdminSuiteBootstrap_Pages/Dashboard_Bootstrap/span_Payment' is clicked on

2022-08-29 15:44:57 - [MESSAGE][PASSED] - Object: 'Object Repository/AdminSuiteBootstrap_Pages/Dashboard_Bootstrap/span_Payment' is clicked on

2022-08-29 15:44:57 - [TEST_STEP][PASSED] - click(findTestObject(path_Dashboard + "a_HelloWorld3")): Object: 'Object Repository/AdminSuiteBootstrap_Pages/Dashboard_Bootstrap/a_HelloWorld3' is clicked on

2022-08-29 15:44:58 - [MESSAGE][PASSED] - Object: 'Object Repository/AdminSuiteBootstrap_Pages/Dashboard_Bootstrap/a_HelloWorld3' is clicked on

2022-08-29 15:44:58 - [TEST_STEP][PASSED] - click(findTestObject(path_VT + "button_Authorization  Capture (Sale)")): Object: 'Object Repository/AdminSuiteBootstrap_Pages/VT_Bootstrap/IssueTransactions/button_Authorization  Capture (Sale)' is clicked on

2022-08-29 15:44:59 - [MESSAGE][PASSED] - Object: 'Object Repository/AdminSuiteBootstrap_Pages/VT_Bootstrap/IssueTransactions/button_Authorization  Capture (Sale)' is clicked on

2022-08-29 15:44:59 - [TEST_STEP][PASSED] - saleKeyboardEntryLink = modifyObjectProperty(findTestObject(path_VT + "a_KeyboardEntry_Sale"), "href", "equals", hrefAppID, true): Modify property of object successfully

2022-08-29 15:44:59 - [MESSAGE][PASSED] - Modify property of object successfully

2022-08-29 15:44:59 - [TEST_STEP][PASSED] - click(saleKeyboardEntryLink): Object: 'Object Repository/AdminSuiteBootstrap_Pages/VT_Bootstrap/IssueTransactions/a_KeyboardEntry_Sale' is clicked on

2022-08-29 15:45:00 - [MESSAGE][PASSED] - Object: 'Object Repository/AdminSuiteBootstrap_Pages/VT_Bootstrap/IssueTransactions/a_KeyboardEntry_Sale' is clicked on

2022-08-29 15:45:00 - [TEST_STEP][PASSED] - verifyTextPresent("Issue Transactions", true): Text 'Issue Transactions' is present on page  using regular expression

2022-08-29 15:45:01 - [MESSAGE][PASSED] - Text 'Issue Transactions' is present on page  using regular expression

2022-08-29 15:45:01 - [TEST_STEP][PASSED] - verifyTextPresent("Credit Card Authorization Capture", true): Text 'Credit Card Authorization Capture' is present on page  using regular expression

2022-08-29 15:45:01 - [MESSAGE][PASSED] - Text 'Credit Card Authorization Capture' is present on page  using regular expression

2022-08-29 15:45:01 - [TEST_STEP][PASSED] - verifyTextPresent("Required fields are highlighted with an asterisk", true): Text 'Required fields are highlighted with an asterisk' is present on page  using regular expression

2022-08-29 15:45:01 - [MESSAGE][PASSED] - Text 'Required fields are highlighted with an asterisk' is present on page  using regular expression

2022-08-29 15:45:01 - [TEST_STEP][PASSED] - verifyTextPresent("Remittance ID", true): Text 'Remittance ID' is present on page  using regular expression

2022-08-29 15:45:02 - [MESSAGE][PASSED] - Text 'Remittance ID' is present on page  using regular expression

2022-08-29 15:45:02 - [TEST_STEP][PASSED] - verifyTextPresent("Bill/Invoice Information", true): Text 'Bill/Invoice Information' is present on page  using regular expression

2022-08-29 15:45:02 - [MESSAGE][PASSED] - Text 'Bill/Invoice Information' is present on page  using regular expression

2022-08-29 15:45:02 - [TEST_STEP][PASSED] - verifyTextPresent("Application: Hello World3", true): Text 'Application: Hello World3' is present on page  using regular expression

2022-08-29 15:45:02 - [MESSAGE][PASSED] - Text 'Application: Hello World3' is present on page  using regular expression

2022-08-29 15:45:02 - [TEST_STEP][PASSED] - verifyElementVisible(findTestObject(path_SaleKB + "input_cardName")): Object 'Object Repository/AdminSuiteBootstrap_Pages/VT_Bootstrap/SaleKeyboard/input_cardName' is visible

2022-08-29 15:45:03 - [MESSAGE][PASSED] - Object 'Object Repository/AdminSuiteBootstrap_Pages/VT_Bootstrap/SaleKeyboard/input_cardName' is visible

2022-08-29 15:45:03 - [TEST_STEP][PASSED] - verifyElementPresent(findTestObject(path_SaleKB + "input_cardName"), 30): Object 'Object Repository/AdminSuiteBootstrap_Pages/VT_Bootstrap/SaleKeyboard/input_cardName' is present

2022-08-29 15:45:03 - [MESSAGE][PASSED] - Object 'Object Repository/AdminSuiteBootstrap_Pages/VT_Bootstrap/SaleKeyboard/input_cardName' is present

2022-08-29 15:45:03 - [TEST_STEP][PASSED] - verifyElementVisible(findTestObject(path_SaleKB + "select_transactionCategory")): Object 'Object Repository/AdminSuiteBootstrap_Pages/VT_Bootstrap/SaleKeyboard/select_transactionCategory' is visible

2022-08-29 15:45:03 - [MESSAGE][PASSED] - Object 'Object Repository/AdminSuiteBootstrap_Pages/VT_Bootstrap/SaleKeyboard/select_transactionCategory' is visible

2022-08-29 15:45:03 - [TEST_STEP][PASSED] - verifyElementPresent(findTestObject(path_SaleKB + "select_transactionCategory"), 30): Object 'Object Repository/AdminSuiteBootstrap_Pages/VT_Bootstrap/SaleKeyboard/select_transactionCategory' is present

2022-08-29 15:45:04 - [MESSAGE][PASSED] - Object 'Object Repository/AdminSuiteBootstrap_Pages/VT_Bootstrap/SaleKeyboard/select_transactionCategory' is present

2022-08-29 15:45:04 - [TEST_STEP][PASSED] - verifyElementPresent(findTestObject(path_SaleKB + "input__cardNumber"), 30): Object 'Object Repository/AdminSuiteBootstrap_Pages/VT_Bootstrap/SaleKeyboard/input__cardNumber' is present

2022-08-29 15:45:04 - [MESSAGE][PASSED] - Object 'Object Repository/AdminSuiteBootstrap_Pages/VT_Bootstrap/SaleKeyboard/input__cardNumber' is present

2022-08-29 15:45:04 - [TEST_STEP][PASSED] - verifyElementPresent(findTestObject(path_SaleKB + "input__cvv"), 30): Object 'Object Repository/AdminSuiteBootstrap_Pages/VT_Bootstrap/SaleKeyboard/input__cvv' is present

2022-08-29 15:45:05 - [MESSAGE][PASSED] - Object 'Object Repository/AdminSuiteBootstrap_Pages/VT_Bootstrap/SaleKeyboard/input__cvv' is present

2022-08-29 15:45:05 - [TEST_STEP][PASSED] - verifyElementVisible(findTestObject(path_SaleKB + "select_MM")): Object 'Object Repository/AdminSuiteBootstrap_Pages/VT_Bootstrap/SaleKeyboard/select_MM' is visible

2022-08-29 15:45:05 - [MESSAGE][PASSED] - Object 'Object Repository/AdminSuiteBootstrap_Pages/VT_Bootstrap/SaleKeyboard/select_MM' is visible

2022-08-29 15:45:05 - [TEST_STEP][PASSED] - verifyElementPresent(findTestObject(path_SaleKB + "select_MM"), 30): Object 'Object Repository/AdminSuiteBootstrap_Pages/VT_Bootstrap/SaleKeyboard/select_MM' is present

2022-08-29 15:45:05 - [MESSAGE][PASSED] - Object 'Object Repository/AdminSuiteBootstrap_Pages/VT_Bootstrap/SaleKeyboard/select_MM' is present

2022-08-29 15:45:05 - [TEST_STEP][PASSED] - verifyElementVisible(findTestObject(path_SaleKB + "select_YYYY")): Object 'Object Repository/AdminSuiteBootstrap_Pages/VT_Bootstrap/SaleKeyboard/select_YYYY' is visible

2022-08-29 15:45:06 - [MESSAGE][PASSED] - Object 'Object Repository/AdminSuiteBootstrap_Pages/VT_Bootstrap/SaleKeyboard/select_YYYY' is visible

2022-08-29 15:45:06 - [TEST_STEP][PASSED] - verifyElementPresent(findTestObject(path_SaleKB + "select_YYYY"), 30): Object 'Object Repository/AdminSuiteBootstrap_Pages/VT_Bootstrap/SaleKeyboard/select_YYYY' is present

2022-08-29 15:45:06 - [MESSAGE][PASSED] - Object 'Object Repository/AdminSuiteBootstrap_Pages/VT_Bootstrap/SaleKeyboard/select_YYYY' is present

2022-08-29 15:45:06 - [TEST_STEP][PASSED] - verifyElementVisible(findTestObject(path_SaleKB + "input__address")): Object 'Object Repository/AdminSuiteBootstrap_Pages/VT_Bootstrap/SaleKeyboard/input__address' is visible

2022-08-29 15:45:07 - [MESSAGE][PASSED] - Object 'Object Repository/AdminSuiteBootstrap_Pages/VT_Bootstrap/SaleKeyboard/input__address' is visible

2022-08-29 15:45:07 - [TEST_STEP][PASSED] - verifyElementPresent(findTestObject(path_SaleKB + "input__address"), 30): Object 'Object Repository/AdminSuiteBootstrap_Pages/VT_Bootstrap/SaleKeyboard/input__address' is present

2022-08-29 15:45:07 - [MESSAGE][PASSED] - Object 'Object Repository/AdminSuiteBootstrap_Pages/VT_Bootstrap/SaleKeyboard/input__address' is present

2022-08-29 15:45:07 - [TEST_STEP][PASSED] - verifyElementVisible(findTestObject(path_SaleKB + "input__address2")): Object 'Object Repository/AdminSuiteBootstrap_Pages/VT_Bootstrap/SaleKeyboard/input__address2' is visible

2022-08-29 15:45:07 - [MESSAGE][PASSED] - Object 'Object Repository/AdminSuiteBootstrap_Pages/VT_Bootstrap/SaleKeyboard/input__address2' is visible

2022-08-29 15:45:07 - [TEST_STEP][PASSED] - verifyElementPresent(findTestObject(path_SaleKB + "input__address2"), 30): Object 'Object Repository/AdminSuiteBootstrap_Pages/VT_Bootstrap/SaleKeyboard/input__address2' is present

2022-08-29 15:45:08 - [MESSAGE][PASSED] - Object 'Object Repository/AdminSuiteBootstrap_Pages/VT_Bootstrap/SaleKeyboard/input__address2' is present

2022-08-29 15:45:08 - [TEST_STEP][PASSED] - verifyElementVisible(findTestObject(path_SaleKB + "select_Country")): Object 'Object Repository/AdminSuiteBootstrap_Pages/VT_Bootstrap/SaleKeyboard/select_Country' is visible

2022-08-29 15:45:08 - [MESSAGE][PASSED] - Object 'Object Repository/AdminSuiteBootstrap_Pages/VT_Bootstrap/SaleKeyboard/select_Country' is visible

2022-08-29 15:45:08 - [TEST_STEP][PASSED] - verifyElementPresent(findTestObject(path_SaleKB + "select_Country"), 30): Object 'Object Repository/AdminSuiteBootstrap_Pages/VT_Bootstrap/SaleKeyboard/select_Country' is present

2022-08-29 15:45:09 - [MESSAGE][PASSED] - Object 'Object Repository/AdminSuiteBootstrap_Pages/VT_Bootstrap/SaleKeyboard/select_Country' is present

2022-08-29 15:45:09 - [TEST_STEP][PASSED] - verifyElementVisible(findTestObject(path_SaleKB + "input__zip")): Object 'Object Repository/AdminSuiteBootstrap_Pages/VT_Bootstrap/SaleKeyboard/input__zip' is visible

2022-08-29 15:45:09 - [MESSAGE][PASSED] - Object 'Object Repository/AdminSuiteBootstrap_Pages/VT_Bootstrap/SaleKeyboard/input__zip' is visible

2022-08-29 15:45:09 - [TEST_STEP][PASSED] - verifyElementPresent(findTestObject(path_SaleKB + "input__zip"), 30): Object 'Object Repository/AdminSuiteBootstrap_Pages/VT_Bootstrap/SaleKeyboard/input__zip' is present

2022-08-29 15:45:09 - [MESSAGE][PASSED] - Object 'Object Repository/AdminSuiteBootstrap_Pages/VT_Bootstrap/SaleKeyboard/input__zip' is present

2022-08-29 15:45:09 - [TEST_STEP][PASSED] - verifyElementVisible(findTestObject(path_SaleKB + "input__city")): Object 'Object Repository/AdminSuiteBootstrap_Pages/VT_Bootstrap/SaleKeyboard/input__city' is visible

2022-08-29 15:45:10 - [MESSAGE][PASSED] - Object 'Object Repository/AdminSuiteBootstrap_Pages/VT_Bootstrap/SaleKeyboard/input__city' is visible

2022-08-29 15:45:10 - [TEST_STEP][PASSED] - verifyElementPresent(findTestObject(path_SaleKB + "input__city"), 30): Object 'Object Repository/AdminSuiteBootstrap_Pages/VT_Bootstrap/SaleKeyboard/input__city' is present

2022-08-29 15:45:10 - [MESSAGE][PASSED] - Object 'Object Repository/AdminSuiteBootstrap_Pages/VT_Bootstrap/SaleKeyboard/input__city' is present

2022-08-29 15:45:10 - [TEST_STEP][PASSED] - verifyElementVisible(findTestObject(path_SaleKB + "select_State")): Object 'Object Repository/AdminSuiteBootstrap_Pages/VT_Bootstrap/SaleKeyboard/select_State' is visible

2022-08-29 15:45:10 - [MESSAGE][PASSED] - Object 'Object Repository/AdminSuiteBootstrap_Pages/VT_Bootstrap/SaleKeyboard/select_State' is visible

2022-08-29 15:45:10 - [TEST_STEP][PASSED] - verifyElementPresent(findTestObject(path_SaleKB + "select_State"), 30): Object 'Object Repository/AdminSuiteBootstrap_Pages/VT_Bootstrap/SaleKeyboard/select_State' is present

2022-08-29 15:45:11 - [MESSAGE][PASSED] - Object 'Object Repository/AdminSuiteBootstrap_Pages/VT_Bootstrap/SaleKeyboard/select_State' is present

2022-08-29 15:45:11 - [TEST_STEP][PASSED] - verifyElementVisible(findTestObject(path_SaleKB + "input_emailAddress")): Object 'Object Repository/AdminSuiteBootstrap_Pages/VT_Bootstrap/SaleKeyboard/input_emailAddress' is visible

2022-08-29 15:45:11 - [MESSAGE][PASSED] - Object 'Object Repository/AdminSuiteBootstrap_Pages/VT_Bootstrap/SaleKeyboard/input_emailAddress' is visible

2022-08-29 15:45:11 - [TEST_STEP][PASSED] - verifyElementPresent(findTestObject(path_SaleKB + "input_emailAddress"), 30): Object 'Object Repository/AdminSuiteBootstrap_Pages/VT_Bootstrap/SaleKeyboard/input_emailAddress' is present

2022-08-29 15:45:12 - [MESSAGE][PASSED] - Object 'Object Repository/AdminSuiteBootstrap_Pages/VT_Bootstrap/SaleKeyboard/input_emailAddress' is present

2022-08-29 15:45:12 - [TEST_STEP][PASSED] - verifyElementVisible(findTestObject(path_SaleKB + "input_smsNumber")): Object 'Object Repository/AdminSuiteBootstrap_Pages/VT_Bootstrap/SaleKeyboard/input_smsNumber' is visible

2022-08-29 15:45:12 - [MESSAGE][PASSED] - Object 'Object Repository/AdminSuiteBootstrap_Pages/VT_Bootstrap/SaleKeyboard/input_smsNumber' is visible

2022-08-29 15:45:12 - [TEST_STEP][PASSED] - verifyElementPresent(findTestObject(path_SaleKB + "input_smsNumber"), 30): Object 'Object Repository/AdminSuiteBootstrap_Pages/VT_Bootstrap/SaleKeyboard/input_smsNumber' is present

2022-08-29 15:45:13 - [MESSAGE][PASSED] - Object 'Object Repository/AdminSuiteBootstrap_Pages/VT_Bootstrap/SaleKeyboard/input_smsNumber' is present

2022-08-29 15:45:13 - [TEST_STEP][PASSED] - verifyElementVisible(findTestObject(path_SaleKB + "input_amount")): Object 'Object Repository/AdminSuiteBootstrap_Pages/VT_Bootstrap/SaleKeyboard/input_amount' is visible

2022-08-29 15:45:13 - [MESSAGE][PASSED] - Object 'Object Repository/AdminSuiteBootstrap_Pages/VT_Bootstrap/SaleKeyboard/input_amount' is visible

2022-08-29 15:45:13 - [TEST_STEP][PASSED] - verifyElementPresent(findTestObject(path_SaleKB + "input_amount"), 30): Object 'Object Repository/AdminSuiteBootstrap_Pages/VT_Bootstrap/SaleKeyboard/input_amount' is present

2022-08-29 15:45:13 - [MESSAGE][PASSED] - Object 'Object Repository/AdminSuiteBootstrap_Pages/VT_Bootstrap/SaleKeyboard/input_amount' is present

2022-08-29 15:45:13 - [TEST_STEP][PASSED] - verifyElementVisible(findTestObject(path_SaleKB + "input_convenienceFee")): Object 'Object Repository/AdminSuiteBootstrap_Pages/VT_Bootstrap/SaleKeyboard/input_convenienceFee' is visible

2022-08-29 15:45:14 - [MESSAGE][PASSED] - Object 'Object Repository/AdminSuiteBootstrap_Pages/VT_Bootstrap/SaleKeyboard/input_convenienceFee' is visible

2022-08-29 15:45:14 - [TEST_STEP][PASSED] - verifyElementPresent(findTestObject(path_SaleKB + "input_convenienceFee"), 30): Object 'Object Repository/AdminSuiteBootstrap_Pages/VT_Bootstrap/SaleKeyboard/input_convenienceFee' is present

2022-08-29 15:45:14 - [MESSAGE][PASSED] - Object 'Object Repository/AdminSuiteBootstrap_Pages/VT_Bootstrap/SaleKeyboard/input_convenienceFee' is present

2022-08-29 15:45:14 - [TEST_STEP][PASSED] - verifyElementVisible(findTestObject(path_SaleKB + "input_convenienceFeeType")): Object 'Object Repository/AdminSuiteBootstrap_Pages/VT_Bootstrap/SaleKeyboard/input_convenienceFeeType' is visible

2022-08-29 15:45:15 - [MESSAGE][PASSED] - Object 'Object Repository/AdminSuiteBootstrap_Pages/VT_Bootstrap/SaleKeyboard/input_convenienceFeeType' is visible

2022-08-29 15:45:15 - [TEST_STEP][PASSED] - verifyElementPresent(findTestObject(path_SaleKB + "input_convenienceFeeType"), 30): Object 'Object Repository/AdminSuiteBootstrap_Pages/VT_Bootstrap/SaleKeyboard/input_convenienceFeeType' is present

2022-08-29 15:45:15 - [MESSAGE][PASSED] - Object 'Object Repository/AdminSuiteBootstrap_Pages/VT_Bootstrap/SaleKeyboard/input_convenienceFeeType' is present

2022-08-29 15:45:15 - [TEST_STEP][PASSED] - verifyElementVisible(findTestObject(path_SaleKB + "input_totalAmount")): Object 'Object Repository/AdminSuiteBootstrap_Pages/VT_Bootstrap/SaleKeyboard/input_totalAmount' is visible

2022-08-29 15:45:15 - [MESSAGE][PASSED] - Object 'Object Repository/AdminSuiteBootstrap_Pages/VT_Bootstrap/SaleKeyboard/input_totalAmount' is visible

2022-08-29 15:45:15 - [TEST_STEP][PASSED] - verifyElementPresent(findTestObject(path_SaleKB + "input_totalAmount"), 30): Object 'Object Repository/AdminSuiteBootstrap_Pages/VT_Bootstrap/SaleKeyboard/input_totalAmount' is present

2022-08-29 15:45:16 - [MESSAGE][PASSED] - Object 'Object Repository/AdminSuiteBootstrap_Pages/VT_Bootstrap/SaleKeyboard/input_totalAmount' is present

2022-08-29 15:45:16 - [TEST_STEP][PASSED] - verifyElementVisible(findTestObject(path_SaleKB + "input_userDefined1")): Object 'Object Repository/AdminSuiteBootstrap_Pages/VT_Bootstrap/SaleKeyboard/input_userDefined1' is visible

2022-08-29 15:45:16 - [MESSAGE][PASSED] - Object 'Object Repository/AdminSuiteBootstrap_Pages/VT_Bootstrap/SaleKeyboard/input_userDefined1' is visible

2022-08-29 15:45:16 - [TEST_STEP][PASSED] - verifyElementPresent(findTestObject(path_SaleKB + "input_userDefined1"), 30): Object 'Object Repository/AdminSuiteBootstrap_Pages/VT_Bootstrap/SaleKeyboard/input_userDefined1' is present

2022-08-29 15:45:16 - [MESSAGE][PASSED] - Object 'Object Repository/AdminSuiteBootstrap_Pages/VT_Bootstrap/SaleKeyboard/input_userDefined1' is present

2022-08-29 15:45:16 - [TEST_STEP][PASSED] - verifyElementVisible(findTestObject(path_SaleKB + "input_userDefined2")): Object 'Object Repository/AdminSuiteBootstrap_Pages/VT_Bootstrap/SaleKeyboard/input_userDefined2' is visible

2022-08-29 15:45:17 - [MESSAGE][PASSED] - Object 'Object Repository/AdminSuiteBootstrap_Pages/VT_Bootstrap/SaleKeyboard/input_userDefined2' is visible

2022-08-29 15:45:17 - [TEST_STEP][PASSED] - verifyElementPresent(findTestObject(path_SaleKB + "input_userDefined2"), 30): Object 'Object Repository/AdminSuiteBootstrap_Pages/VT_Bootstrap/SaleKeyboard/input_userDefined2' is present

2022-08-29 15:45:17 - [MESSAGE][PASSED] - Object 'Object Repository/AdminSuiteBootstrap_Pages/VT_Bootstrap/SaleKeyboard/input_userDefined2' is present

2022-08-29 15:45:17 - [TEST_STEP][PASSED] - verifyElementVisible(findTestObject(path_SaleKB + "input_userDefined3")): Object 'Object Repository/AdminSuiteBootstrap_Pages/VT_Bootstrap/SaleKeyboard/input_userDefined3' is visible

2022-08-29 15:45:18 - [MESSAGE][PASSED] - Object 'Object Repository/AdminSuiteBootstrap_Pages/VT_Bootstrap/SaleKeyboard/input_userDefined3' is visible

2022-08-29 15:45:18 - [TEST_STEP][PASSED] - verifyElementPresent(findTestObject(path_SaleKB + "input_userDefined3"), 30): Object 'Object Repository/AdminSuiteBootstrap_Pages/VT_Bootstrap/SaleKeyboard/input_userDefined3' is present

2022-08-29 15:45:18 - [MESSAGE][PASSED] - Object 'Object Repository/AdminSuiteBootstrap_Pages/VT_Bootstrap/SaleKeyboard/input_userDefined3' is present

2022-08-29 15:45:18 - [TEST_STEP][PASSED] - verifyElementVisible(findTestObject(path_SaleKB + "input_userDefined4")): Object 'Object Repository/AdminSuiteBootstrap_Pages/VT_Bootstrap/SaleKeyboard/input_userDefined4' is visible

2022-08-29 15:45:18 - [MESSAGE][PASSED] - Object 'Object Repository/AdminSuiteBootstrap_Pages/VT_Bootstrap/SaleKeyboard/input_userDefined4' is visible

2022-08-29 15:45:18 - [TEST_STEP][PASSED] - verifyElementPresent(findTestObject(path_SaleKB + "input_userDefined4"), 30): Object 'Object Repository/AdminSuiteBootstrap_Pages/VT_Bootstrap/SaleKeyboard/input_userDefined4' is present

2022-08-29 15:45:19 - [MESSAGE][PASSED] - Object 'Object Repository/AdminSuiteBootstrap_Pages/VT_Bootstrap/SaleKeyboard/input_userDefined4' is present

2022-08-29 15:45:19 - [TEST_STEP][PASSED] - verifyElementVisible(findTestObject(path_SaleKB + "select_UDF5_DropDown")): Object 'Object Repository/AdminSuiteBootstrap_Pages/VT_Bootstrap/SaleKeyboard/select_UDF5_DropDown' is visible

2022-08-29 15:45:19 - [MESSAGE][PASSED] - Object 'Object Repository/AdminSuiteBootstrap_Pages/VT_Bootstrap/SaleKeyboard/select_UDF5_DropDown' is visible

2022-08-29 15:45:19 - [TEST_STEP][PASSED] - verifyElementPresent(findTestObject(path_SaleKB + "select_UDF5_DropDown"), 30): Object 'Object Repository/AdminSuiteBootstrap_Pages/VT_Bootstrap/SaleKeyboard/select_UDF5_DropDown' is present

2022-08-29 15:45:20 - [MESSAGE][PASSED] - Object 'Object Repository/AdminSuiteBootstrap_Pages/VT_Bootstrap/SaleKeyboard/select_UDF5_DropDown' is present

2022-08-29 15:45:20 - [TEST_STEP][PASSED] - verifyElementVisible(findTestObject(path_SaleKB + "select_UDF6_DropDown")): Object 'Object Repository/AdminSuiteBootstrap_Pages/VT_Bootstrap/SaleKeyboard/select_UDF6_DropDown' is visible

2022-08-29 15:45:20 - [MESSAGE][PASSED] - Object 'Object Repository/AdminSuiteBootstrap_Pages/VT_Bootstrap/SaleKeyboard/select_UDF6_DropDown' is visible

2022-08-29 15:45:20 - [TEST_STEP][PASSED] - verifyElementPresent(findTestObject(path_SaleKB + "select_UDF6_DropDown"), 30): Object 'Object Repository/AdminSuiteBootstrap_Pages/VT_Bootstrap/SaleKeyboard/select_UDF6_DropDown' is present

2022-08-29 15:45:20 - [MESSAGE][PASSED] - Object 'Object Repository/AdminSuiteBootstrap_Pages/VT_Bootstrap/SaleKeyboard/select_UDF6_DropDown' is present

2022-08-29 15:45:20 - [TEST_STEP][PASSED] - verifyElementVisible(findTestObject(path_SaleKB + "input_userDefined7")): Object 'Object Repository/AdminSuiteBootstrap_Pages/VT_Bootstrap/SaleKeyboard/input_userDefined7' is visible

2022-08-29 15:45:21 - [MESSAGE][PASSED] - Object 'Object Repository/AdminSuiteBootstrap_Pages/VT_Bootstrap/SaleKeyboard/input_userDefined7' is visible

2022-08-29 15:45:21 - [TEST_STEP][PASSED] - verifyElementPresent(findTestObject(path_SaleKB + "input_userDefined7"), 30): Object 'Object Repository/AdminSuiteBootstrap_Pages/VT_Bootstrap/SaleKeyboard/input_userDefined7' is present

2022-08-29 15:45:21 - [MESSAGE][PASSED] - Object 'Object Repository/AdminSuiteBootstrap_Pages/VT_Bootstrap/SaleKeyboard/input_userDefined7' is present

2022-08-29 15:45:21 - [TEST_STEP][PASSED] - verifyElementVisible(findTestObject(path_SaleKB + "input_userDefined8")): Object 'Object Repository/AdminSuiteBootstrap_Pages/VT_Bootstrap/SaleKeyboard/input_userDefined8' is visible

2022-08-29 15:45:22 - [MESSAGE][PASSED] - Object 'Object Repository/AdminSuiteBootstrap_Pages/VT_Bootstrap/SaleKeyboard/input_userDefined8' is visible

2022-08-29 15:45:22 - [TEST_STEP][PASSED] - verifyElementPresent(findTestObject(path_SaleKB + "input_userDefined8"), 30): Object 'Object Repository/AdminSuiteBootstrap_Pages/VT_Bootstrap/SaleKeyboard/input_userDefined8' is present

2022-08-29 15:45:22 - [MESSAGE][PASSED] - Object 'Object Repository/AdminSuiteBootstrap_Pages/VT_Bootstrap/SaleKeyboard/input_userDefined8' is present

2022-08-29 15:45:22 - [TEST_STEP][PASSED] - verifyElementVisible(findTestObject(path_SaleKB + "input_userDefined9")): Object 'Object Repository/AdminSuiteBootstrap_Pages/VT_Bootstrap/SaleKeyboard/input_userDefined9' is visible

2022-08-29 15:45:22 - [MESSAGE][PASSED] - Object 'Object Repository/AdminSuiteBootstrap_Pages/VT_Bootstrap/SaleKeyboard/input_userDefined9' is visible

2022-08-29 15:45:22 - [TEST_STEP][PASSED] - verifyElementPresent(findTestObject(path_SaleKB + "input_userDefined9"), 30): Object 'Object Repository/AdminSuiteBootstrap_Pages/VT_Bootstrap/SaleKeyboard/input_userDefined9' is present

2022-08-29 15:45:23 - [MESSAGE][PASSED] - Object 'Object Repository/AdminSuiteBootstrap_Pages/VT_Bootstrap/SaleKeyboard/input_userDefined9' is present

2022-08-29 15:45:23 - [TEST_STEP][PASSED] - verifyElementVisible(findTestObject(path_SaleKB + "input_userDefined10")): Object 'Object Repository/AdminSuiteBootstrap_Pages/VT_Bootstrap/SaleKeyboard/input_userDefined10' is visible

2022-08-29 15:45:23 - [MESSAGE][PASSED] - Object 'Object Repository/AdminSuiteBootstrap_Pages/VT_Bootstrap/SaleKeyboard/input_userDefined10' is visible

2022-08-29 15:45:23 - [TEST_STEP][PASSED] - verifyElementPresent(findTestObject(path_SaleKB + "input_userDefined10"), 30): Object 'Object Repository/AdminSuiteBootstrap_Pages/VT_Bootstrap/SaleKeyboard/input_userDefined10' is present

2022-08-29 15:45:24 - [MESSAGE][PASSED] - Object 'Object Repository/AdminSuiteBootstrap_Pages/VT_Bootstrap/SaleKeyboard/input_userDefined10' is present

2022-08-29 15:45:24 - [TEST_STEP][PASSED] - verifyElementVisible(findTestObject(path_SaleKB + "button_Submit")): Object 'Object Repository/AdminSuiteBootstrap_Pages/VT_Bootstrap/SaleKeyboard/button_Submit' is visible

2022-08-29 15:45:24 - [MESSAGE][PASSED] - Object 'Object Repository/AdminSuiteBootstrap_Pages/VT_Bootstrap/SaleKeyboard/button_Submit' is visible

2022-08-29 15:45:24 - [TEST_STEP][PASSED] - verifyElementPresent(findTestObject(path_SaleKB + "button_Submit"), 30): Object 'Object Repository/AdminSuiteBootstrap_Pages/VT_Bootstrap/SaleKeyboard/button_Submit' is present

2022-08-29 15:45:24 - [MESSAGE][PASSED] - Object 'Object Repository/AdminSuiteBootstrap_Pages/VT_Bootstrap/SaleKeyboard/button_Submit' is present

2022-08-29 15:45:24 - [TEST_STEP][PASSED] - verifyElementVisible(findTestObject(path_SaleKB + "button_Reset")): Object 'Object Repository/AdminSuiteBootstrap_Pages/VT_Bootstrap/SaleKeyboard/button_Reset' is visible

2022-08-29 15:45:55 - [MESSAGE][INFO] - Unable to find the element located by 'By.xpath: //*[@type = 'submit' and @name = 'submit' and @id = 'reset' and (text() = 'Reset' or . = 'Reset')]'. Please recheck the objects properties to make sure the desired element is located. 

2022-08-29 15:45:55 - [MESSAGE][WARNING] - [SELF-HEALING] Failed to find element with id 'Object Repository/AdminSuiteBootstrap_Pages/VT_Bootstrap/SaleKeyboard/button_Reset'. Try using Self-healing.

2022-08-29 15:45:56 - [MESSAGE][INFO] - [SELF-HEALING] Screenshot: C:/ClonedVPS/VPS-Katalon/Reports/Self-healing/Object Repository/AdminSuiteBootstrap_Pages/VT_Bootstrap/SaleKeyboard/button_Reset_XPATH.png

2022-08-29 15:45:56 - [MESSAGE][WARNING] - [SELF-HEALING] The current locator of test object 'Object Repository/AdminSuiteBootstrap_Pages/VT_Bootstrap/SaleKeyboard/button_Reset' was broken. Propose an alternative one: '//button[@id='reset']'.

2022-08-29 15:45:56 - [MESSAGE][PASSED] - Object 'Object Repository/AdminSuiteBootstrap_Pages/VT_Bootstrap/SaleKeyboard/button_Reset' is visible

2022-08-29 15:45:56 - [TEST_STEP][FAILED] - verifyElementPresent(findTestObject(path_SaleKB + "button_Reset"), 30): com.kms.katalon.core.webui.exception.WebElementNotFoundException: Web element with id: 'Object Repository/AdminSuiteBootstrap_Pages/VT_Bootstrap/SaleKeyboard/button_Reset' located by '//*[@type = 'submit' and @name = 'submit' and @id = 'reset' and (text() = 'Reset' or . = 'Reset')]' not found (Root cause: com.kms.katalon.core.exception.StepFailedException: com.kms.katalon.core.webui.exception.WebElementNotFoundException: Web element with id: 'Object Repository/AdminSuiteBootstrap_Pages/VT_Bootstrap/SaleKeyboard/button_Reset' located by '//*[@type = 'submit' and @name = 'submit' and @id = 'reset' and (text() = 'Reset' or . = 'Reset')]' not found
	at com.kms.katalon.core.webui.keyword.internal.WebUIKeywordMain.stepFailed(WebUIKeywordMain.groovy:64)
	at com.kms.katalon.core.webui.keyword.builtin.VerifyElementPresentKeyword$_verifyElementPresent_closure1.doCall(VerifyElementPresentKeyword.groovy:85)
	at com.kms.katalon.core.webui.keyword.builtin.VerifyElementPresentKeyword$_verifyElementPresent_closure1.call(VerifyElementPresentKeyword.groovy)
	at com.kms.katalon.core.webui.keyword.internal.WebUIKeywordMain.runKeyword(WebUIKeywordMain.groovy:20)
	at com.kms.katalon.core.webui.keyword.builtin.VerifyElementPresentKeyword.verifyElementPresent(VerifyElementPresentKeyword.groovy:92)
	at com.kms.katalon.core.webui.keyword.builtin.VerifyElementPresentKeyword.execute(VerifyElementPresentKeyword.groovy:68)
	at com.kms.katalon.core.keyword.internal.KeywordExecutor.executeKeywordForPlatform(KeywordExecutor.groovy:74)
	at com.kms.katalon.core.webui.keyword.WebUiBuiltInKeywords.verifyElementPresent(WebUiBuiltInKeywords.groovy:1464)
	at com.kms.katalon.core.webui.keyword.WebUiBuiltInKeywords$verifyElementPresent$1.call(Unknown Source)
	at VerifySaleKeyboard_UI_1_TC.run(VerifySaleKeyboard_UI_1_TC:141)
	at com.kms.katalon.core.main.ScriptEngine.run(ScriptEngine.java:194)
	at com.kms.katalon.core.main.ScriptEngine.runScriptAsRawText(ScriptEngine.java:119)
	at com.kms.katalon.core.main.TestCaseExecutor.runScript(TestCaseExecutor.java:448)
	at com.kms.katalon.core.main.TestCaseExecutor.doExecute(TestCaseExecutor.java:439)
	at com.kms.katalon.core.main.TestCaseExecutor.processExecutionPhase(TestCaseExecutor.java:418)
	at com.kms.katalon.core.main.TestCaseExecutor.accessMainPhase(TestCaseExecutor.java:410)
	at com.kms.katalon.core.main.TestCaseExecutor.execute(TestCaseExecutor.java:285)
	at com.kms.katalon.core.common.CommonExecutor.accessTestCaseMainPhase(CommonExecutor.java:65)
	at com.kms.katalon.core.main.TestSuiteExecutor.accessTestSuiteMainPhase(TestSuiteExecutor.java:144)
	at com.kms.katalon.core.main.TestSuiteExecutor.execute(TestSuiteExecutor.java:106)
	at com.kms.katalon.core.main.TestCaseMain.startTestSuite(TestCaseMain.java:185)
	at com.kms.katalon.core.main.TestCaseMain$startTestSuite$0.call(Unknown Source)
	at TempTestSuite1661802019376.run(TempTestSuite1661802019376.groovy:36)
)

2022-08-29 15:46:27 - [MESSAGE][INFO] - Unable to find the element located by 'By.xpath: //*[@type = 'submit' and @name = 'submit' and @id = 'reset' and (text() = 'Reset' or . = 'Reset')]'. Please recheck the objects properties to make sure the desired element is located. 

2022-08-29 15:46:27 - [MESSAGE][FAILED] - com.kms.katalon.core.webui.exception.WebElementNotFoundException: Web element with id: 'Object Repository/AdminSuiteBootstrap_Pages/VT_Bootstrap/SaleKeyboard/button_Reset' located by '//*[@type = 'submit' and @name = 'submit' and @id = 'reset' and (text() = 'Reset' or . = 'Reset')]' not found (Root cause: com.kms.katalon.core.exception.StepFailedException: com.kms.katalon.core.webui.exception.WebElementNotFoundException: Web element with id: 'Object Repository/AdminSuiteBootstrap_Pages/VT_Bootstrap/SaleKeyboard/button_Reset' located by '//*[@type = 'submit' and @name = 'submit' and @id = 'reset' and (text() = 'Reset' or . = 'Reset')]' not found
	at com.kms.katalon.core.webui.keyword.internal.WebUIKeywordMain.stepFailed(WebUIKeywordMain.groovy:64)
	at com.kms.katalon.core.webui.keyword.builtin.VerifyElementPresentKeyword$_verifyElementPresent_closure1.doCall(VerifyElementPresentKeyword.groovy:85)
	at com.kms.katalon.core.webui.keyword.builtin.VerifyElementPresentKeyword$_verifyElementPresent_closure1.call(VerifyElementPresentKeyword.groovy)
	at com.kms.katalon.core.webui.keyword.internal.WebUIKeywordMain.runKeyword(WebUIKeywordMain.groovy:20)
	at com.kms.katalon.core.webui.keyword.builtin.VerifyElementPresentKeyword.verifyElementPresent(VerifyElementPresentKeyword.groovy:92)
	at com.kms.katalon.core.webui.keyword.builtin.VerifyElementPresentKeyword.execute(VerifyElementPresentKeyword.groovy:68)
	at com.kms.katalon.core.keyword.internal.KeywordExecutor.executeKeywordForPlatform(KeywordExecutor.groovy:74)
	at com.kms.katalon.core.webui.keyword.WebUiBuiltInKeywords.verifyElementPresent(WebUiBuiltInKeywords.groovy:1464)
	at com.kms.katalon.core.webui.keyword.WebUiBuiltInKeywords$verifyElementPresent$1.call(Unknown Source)
	at VerifySaleKeyboard_UI_1_TC.run(VerifySaleKeyboard_UI_1_TC:141)
	at com.kms.katalon.core.main.ScriptEngine.run(ScriptEngine.java:194)
	at com.kms.katalon.core.main.ScriptEngine.runScriptAsRawText(ScriptEngine.java:119)
	at com.kms.katalon.core.main.TestCaseExecutor.runScript(TestCaseExecutor.java:448)
	at com.kms.katalon.core.main.TestCaseExecutor.doExecute(TestCaseExecutor.java:439)
	at com.kms.katalon.core.main.TestCaseExecutor.processExecutionPhase(TestCaseExecutor.java:418)
	at com.kms.katalon.core.main.TestCaseExecutor.accessMainPhase(TestCaseExecutor.java:410)
	at com.kms.katalon.core.main.TestCaseExecutor.execute(TestCaseExecutor.java:285)
	at com.kms.katalon.core.common.CommonExecutor.accessTestCaseMainPhase(CommonExecutor.java:65)
	at com.kms.katalon.core.main.TestSuiteExecutor.accessTestSuiteMainPhase(TestSuiteExecutor.java:144)
	at com.kms.katalon.core.main.TestSuiteExecutor.execute(TestSuiteExecutor.java:106)
	at com.kms.katalon.core.main.TestCaseMain.startTestSuite(TestCaseMain.java:185)
	at com.kms.katalon.core.main.TestCaseMain$startTestSuite$0.call(Unknown Source)
	at TempTestSuite1661802019376.run(TempTestSuite1661802019376.groovy:36)
)
[[ATTACHMENT|C:\\ClonedVPS\\VPS-Katalon\\Reports\\20220829_154019\\QA\\VT-Bootstrap\\AdminSuiteBootstrap_UI_TestSuite\\20220829_154019\\1661802387708.png]]]]></system-out>
         <system-err><![CDATA[2022-08-29 15:44:47 - [TEST_CASE][FAILED] - Test Cases/Admin Suite Bootstrap/VT_TestCases/VerifySaleKeyboard_UI_1_TC: Test Cases/Admin Suite Bootstrap/VT_TestCases/VerifySaleKeyboard_UI_1_TC FAILED.
Reason:
com.kms.katalon.core.exception.StepFailedException: com.kms.katalon.core.webui.exception.WebElementNotFoundException: Web element with id: 'Object Repository/AdminSuiteBootstrap_Pages/VT_Bootstrap/SaleKeyboard/button_Reset' located by '//*[@type = 'submit' and @name = 'submit' and @id = 'reset' and (text() = 'Reset' or . = 'Reset')]' not found (Root cause: com.kms.katalon.core.exception.StepFailedException: com.kms.katalon.core.webui.exception.WebElementNotFoundException: Web element with id: 'Object Repository/AdminSuiteBootstrap_Pages/VT_Bootstrap/SaleKeyboard/button_Reset' located by '//*[@type = 'submit' and @name = 'submit' and @id = 'reset' and (text() = 'Reset' or . = 'Reset')]' not found
	at com.kms.katalon.core.webui.keyword.internal.WebUIKeywordMain.stepFailed(WebUIKeywordMain.groovy:64)
	at com.kms.katalon.core.webui.keyword.builtin.VerifyElementPresentKeyword$_verifyElementPresent_closure1.doCall(VerifyElementPresentKeyword.groovy:85)
	at com.kms.katalon.core.webui.keyword.builtin.VerifyElementPresentKeyword$_verifyElementPresent_closure1.call(VerifyElementPresentKeyword.groovy)
	at com.kms.katalon.core.webui.keyword.internal.WebUIKeywordMain.runKeyword(WebUIKeywordMain.groovy:20)
	at com.kms.katalon.core.webui.keyword.builtin.VerifyElementPresentKeyword.verifyElementPresent(VerifyElementPresentKeyword.groovy:92)
	at com.kms.katalon.core.webui.keyword.builtin.VerifyElementPresentKeyword.execute(VerifyElementPresentKeyword.groovy:68)
	at com.kms.katalon.core.keyword.internal.KeywordExecutor.executeKeywordForPlatform(KeywordExecutor.groovy:74)
	at com.kms.katalon.core.webui.keyword.WebUiBuiltInKeywords.verifyElementPresent(WebUiBuiltInKeywords.groovy:1464)
	at com.kms.katalon.core.webui.keyword.WebUiBuiltInKeywords$verifyElementPresent$1.call(Unknown Source)
	at VerifySaleKeyboard_UI_1_TC.run(VerifySaleKeyboard_UI_1_TC:141)
	at com.kms.katalon.core.main.ScriptEngine.run(ScriptEngine.java:194)
	at com.kms.katalon.core.main.ScriptEngine.runScriptAsRawText(ScriptEngine.java:119)
	at com.kms.katalon.core.main.TestCaseExecutor.runScript(TestCaseExecutor.java:448)
	at com.kms.katalon.core.main.TestCaseExecutor.doExecute(TestCaseExecutor.java:439)
	at com.kms.katalon.core.main.TestCaseExecutor.processExecutionPhase(TestCaseExecutor.java:418)
	at com.kms.katalon.core.main.TestCaseExecutor.accessMainPhase(TestCaseExecutor.java:410)
	at com.kms.katalon.core.main.TestCaseExecutor.execute(TestCaseExecutor.java:285)
	at com.kms.katalon.core.common.CommonExecutor.accessTestCaseMainPhase(CommonExecutor.java:65)
	at com.kms.katalon.core.main.TestSuiteExecutor.accessTestSuiteMainPhase(TestSuiteExecutor.java:144)
	at com.kms.katalon.core.main.TestSuiteExecutor.execute(TestSuiteExecutor.java:106)
	at com.kms.katalon.core.main.TestCaseMain.startTestSuite(TestCaseMain.java:185)
	at com.kms.katalon.core.main.TestCaseMain$startTestSuite$0.call(Unknown Source)
	at TempTestSuite1661802019376.run(TempTestSuite1661802019376.groovy:36)
)
	at com.kms.katalon.core.keyword.internal.KeywordMain.stepFailed(KeywordMain.groovy:39)
	at com.kms.katalon.core.webui.keyword.internal.WebUIKeywordMain.stepFailed(WebUIKeywordMain.groovy:64)
	at com.kms.katalon.core.webui.keyword.builtin.VerifyElementPresentKeyword$_verifyElementPresent_closure1.doCall(VerifyElementPresentKeyword.groovy:85)
	at com.kms.katalon.core.webui.keyword.builtin.VerifyElementPresentKeyword$_verifyElementPresent_closure1.call(VerifyElementPresentKeyword.groovy)
	at com.kms.katalon.core.webui.keyword.internal.WebUIKeywordMain.runKeyword(WebUIKeywordMain.groovy:20)
	at com.kms.katalon.core.webui.keyword.builtin.VerifyElementPresentKeyword.verifyElementPresent(VerifyElementPresentKeyword.groovy:92)
	at com.kms.katalon.core.webui.keyword.builtin.VerifyElementPresentKeyword.execute(VerifyElementPresentKeyword.groovy:68)
	at com.kms.katalon.core.keyword.internal.KeywordExecutor.executeKeywordForPlatform(KeywordExecutor.groovy:74)
	at com.kms.katalon.core.webui.keyword.WebUiBuiltInKeywords.verifyElementPresent(WebUiBuiltInKeywords.groovy:1464)
	at com.kms.katalon.core.webui.keyword.WebUiBuiltInKeywords$verifyElementPresent$1.call(Unknown Source)
	at VerifySaleKeyboard_UI_1_TC.run(VerifySaleKeyboard_UI_1_TC:141)
	at com.kms.katalon.core.main.ScriptEngine.run(ScriptEngine.java:194)
	at com.kms.katalon.core.main.ScriptEngine.runScriptAsRawText(ScriptEngine.java:119)
	at com.kms.katalon.core.main.TestCaseExecutor.runScript(TestCaseExecutor.java:448)
	at com.kms.katalon.core.main.TestCaseExecutor.doExecute(TestCaseExecutor.java:439)
	at com.kms.katalon.core.main.TestCaseExecutor.processExecutionPhase(TestCaseExecutor.java:418)
	at com.kms.katalon.core.main.TestCaseExecutor.accessMainPhase(TestCaseExecutor.java:410)
	at com.kms.katalon.core.main.TestCaseExecutor.execute(TestCaseExecutor.java:285)
	at com.kms.katalon.core.common.CommonExecutor.accessTestCaseMainPhase(CommonExecutor.java:65)
	at com.kms.katalon.core.main.TestSuiteExecutor.accessTestSuiteMainPhase(TestSuiteExecutor.java:144)
	at com.kms.katalon.core.main.TestSuiteExecutor.execute(TestSuiteExecutor.java:106)
	at com.kms.katalon.core.main.TestCaseMain.startTestSuite(TestCaseMain.java:185)
	at com.kms.katalon.core.main.TestCaseMain$startTestSuite$0.call(Unknown Source)
	at TempTestSuite1661802019376.run(TempTestSuite1661802019376.groovy:36)
Caused by: com.kms.katalon.core.exception.StepFailedException: com.kms.katalon.core.webui.exception.WebElementNotFoundException: Web element with id: 'Object Repository/AdminSuiteBootstrap_Pages/VT_Bootstrap/SaleKeyboard/button_Reset' located by '//*[@type = 'submit' and @name = 'submit' and @id = 'reset' and (text() = 'Reset' or . = 'Reset')]' not found
	... 23 more]]></system-err>
      </testcase>
      <testcase name="Test Cases/Admin Suite Bootstrap/VT_TestCases/VerifyAuthOnlyKeyboard_UI_1_TC" time="36.124" classname="Test Cases/Admin Suite Bootstrap/VT_TestCases/VerifyAuthOnlyKeyboard_UI_1_TC" status="PASSED">
         <system-out><![CDATA[2022-08-29 15:46:27 - [TEST_CASE][PASSED] - Test Cases/Admin Suite Bootstrap/VT_TestCases/VerifyAuthOnlyKeyboard_UI_1_TC: Test Cases/Admin Suite Bootstrap/VT_TestCases/VerifyAuthOnlyKeyboard_UI_1_TC

2022-08-29 15:46:28 - [TEST_STEP][PASSED] - path_Dashboard = "Object Repository/AdminSuiteBootstrap_Pages/Dashboard_Bootstrap/": null

2022-08-29 15:46:28 - [TEST_STEP][PASSED] - path_VT = "Object Repository/AdminSuiteBootstrap_Pages/VT_Bootstrap/IssueTransactions/": null

2022-08-29 15:46:28 - [TEST_STEP][PASSED] - path_SaleKB = "Object Repository/AdminSuiteBootstrap_Pages/VT_Bootstrap/SaleKeyboard/": null

2022-08-29 15:46:28 - [TEST_STEP][PASSED] - appliID = "238": null

2022-08-29 15:46:28 - [TEST_STEP][PASSED] - li_1 = "/admin/imtiaz/bootstrap/vpos/": null

2022-08-29 15:46:28 - [TEST_STEP][PASSED] - li_2 = "/transactions/AuthOnlyForm/": null

2022-08-29 15:46:28 - [TEST_STEP][PASSED] - hrefAppID = li_1 + appliID + li_2: null

2022-08-29 15:46:28 - [TEST_STEP][PASSED] - out.println("hrefID is : " + hrefAppID): null

2022-08-29 15:46:28 - [TEST_STEP][PASSED] - adminSuiteBootstrap.loginFunctionality.login_AdminSuite(): adminSuiteBootstrap.loginFunctionality.login_AdminSuite is PASSED

2022-08-29 15:46:28 - [MESSAGE][WARNING] - A browser is already opened. Closing browser and opening a new one

2022-08-29 15:46:28 - [MESSAGE][INFO] - Starting 'Chrome' driver

2022-08-29 15:46:28 - [MESSAGE][INFO] - User set preference: ['acceptInsecureCerts', 'true']

2022-08-29 15:46:28 - [MESSAGE][INFO] - Action delay is set to 0 milliseconds

2022-08-29 15:46:31 - [MESSAGE][PASSED] - Browser is opened with url: 'https://qa.velocitypayment.com/admin/imtiaz'

2022-08-29 15:46:31 - [MESSAGE][PASSED] - Current window maximized

2022-08-29 15:46:32 - [MESSAGE][PASSED] - Object 'Object Repository/Login_Page/Login_Username' is present

2022-08-29 15:46:32 - [MESSAGE][PASSED] - Text 'iahmed' is set on object 'Object Repository/Login_Page/Login_Username'

2022-08-29 15:46:33 - [MESSAGE][PASSED] - Text 'hello2222' is set on object 'Object Repository/Login_Page/Login_Password'

2022-08-29 15:46:37 - [MESSAGE][PASSED] - Object: 'Object Repository/Login_Page/Login_Submit' is clicked on

2022-08-29 15:46:37 - [MESSAGE][PASSED] - adminSuiteBootstrap.loginFunctionality.login_AdminSuite is PASSED

2022-08-29 15:46:37 - [TEST_STEP][PASSED] - click(findTestObject(path_Dashboard + "span_Payment")): Object: 'Object Repository/AdminSuiteBootstrap_Pages/Dashboard_Bootstrap/span_Payment' is clicked on

2022-08-29 15:46:37 - [MESSAGE][PASSED] - Object: 'Object Repository/AdminSuiteBootstrap_Pages/Dashboard_Bootstrap/span_Payment' is clicked on

2022-08-29 15:46:37 - [TEST_STEP][PASSED] - click(findTestObject(path_Dashboard + "a_HelloWorld3")): Object: 'Object Repository/AdminSuiteBootstrap_Pages/Dashboard_Bootstrap/a_HelloWorld3' is clicked on

2022-08-29 15:46:38 - [MESSAGE][PASSED] - Object: 'Object Repository/AdminSuiteBootstrap_Pages/Dashboard_Bootstrap/a_HelloWorld3' is clicked on

2022-08-29 15:46:38 - [TEST_STEP][PASSED] - click(findTestObject(path_VT + "button_Authorization Only")): Object: 'Object Repository/AdminSuiteBootstrap_Pages/VT_Bootstrap/IssueTransactions/button_Authorization Only' is clicked on

2022-08-29 15:46:38 - [MESSAGE][PASSED] - Object: 'Object Repository/AdminSuiteBootstrap_Pages/VT_Bootstrap/IssueTransactions/button_Authorization Only' is clicked on

2022-08-29 15:46:38 - [TEST_STEP][PASSED] - authOnlyKeyboardEntryLink = modifyObjectProperty(findTestObject(path_VT + "a_KeyboardEntry_Sale"), "href", "equals", hrefAppID, true): Modify property of object successfully

2022-08-29 15:46:38 - [MESSAGE][PASSED] - Modify property of object successfully

2022-08-29 15:46:38 - [TEST_STEP][PASSED] - click(authOnlyKeyboardEntryLink): Object: 'Object Repository/AdminSuiteBootstrap_Pages/VT_Bootstrap/IssueTransactions/a_KeyboardEntry_Sale' is clicked on

2022-08-29 15:46:39 - [MESSAGE][PASSED] - Object: 'Object Repository/AdminSuiteBootstrap_Pages/VT_Bootstrap/IssueTransactions/a_KeyboardEntry_Sale' is clicked on

2022-08-29 15:46:39 - [TEST_STEP][PASSED] - verifyTextPresent("Issue Transactions", true): Text 'Issue Transactions' is present on page  using regular expression

2022-08-29 15:46:40 - [MESSAGE][PASSED] - Text 'Issue Transactions' is present on page  using regular expression

2022-08-29 15:46:40 - [TEST_STEP][PASSED] - verifyTextPresent("Credit Card Authorization", true): Text 'Credit Card Authorization' is present on page  using regular expression

2022-08-29 15:46:40 - [MESSAGE][PASSED] - Text 'Credit Card Authorization' is present on page  using regular expression

2022-08-29 15:46:40 - [TEST_STEP][PASSED] - verifyTextPresent("Required fields are highlighted with an asterisk", true): Text 'Required fields are highlighted with an asterisk' is present on page  using regular expression

2022-08-29 15:46:41 - [MESSAGE][PASSED] - Text 'Required fields are highlighted with an asterisk' is present on page  using regular expression

2022-08-29 15:46:41 - [TEST_STEP][PASSED] - verifyTextPresent("Remittance ID", true): Text 'Remittance ID' is present on page  using regular expression

2022-08-29 15:46:41 - [MESSAGE][PASSED] - Text 'Remittance ID' is present on page  using regular expression

2022-08-29 15:46:41 - [TEST_STEP][PASSED] - verifyTextPresent("Bill/Invoice Information", true): Text 'Bill/Invoice Information' is present on page  using regular expression

2022-08-29 15:46:41 - [MESSAGE][PASSED] - Text 'Bill/Invoice Information' is present on page  using regular expression

2022-08-29 15:46:41 - [TEST_STEP][PASSED] - verifyTextPresent("Application: Hello World3", true): Text 'Application: Hello World3' is present on page  using regular expression

2022-08-29 15:46:42 - [MESSAGE][PASSED] - Text 'Application: Hello World3' is present on page  using regular expression

2022-08-29 15:46:42 - [TEST_STEP][PASSED] - verifyElementVisible(findTestObject(path_SaleKB + "input_cardName")): Object 'Object Repository/AdminSuiteBootstrap_Pages/VT_Bootstrap/SaleKeyboard/input_cardName' is visible

2022-08-29 15:46:42 - [MESSAGE][PASSED] - Object 'Object Repository/AdminSuiteBootstrap_Pages/VT_Bootstrap/SaleKeyboard/input_cardName' is visible

2022-08-29 15:46:42 - [TEST_STEP][PASSED] - verifyElementPresent(findTestObject(path_SaleKB + "input_cardName"), 30): Object 'Object Repository/AdminSuiteBootstrap_Pages/VT_Bootstrap/SaleKeyboard/input_cardName' is present

2022-08-29 15:46:43 - [MESSAGE][PASSED] - Object 'Object Repository/AdminSuiteBootstrap_Pages/VT_Bootstrap/SaleKeyboard/input_cardName' is present

2022-08-29 15:46:43 - [TEST_STEP][PASSED] - verifyElementVisible(findTestObject(path_SaleKB + "select_transactionCategory")): Object 'Object Repository/AdminSuiteBootstrap_Pages/VT_Bootstrap/SaleKeyboard/select_transactionCategory' is visible

2022-08-29 15:46:43 - [MESSAGE][PASSED] - Object 'Object Repository/AdminSuiteBootstrap_Pages/VT_Bootstrap/SaleKeyboard/select_transactionCategory' is visible

2022-08-29 15:46:43 - [TEST_STEP][PASSED] - verifyElementPresent(findTestObject(path_SaleKB + "select_transactionCategory"), 30): Object 'Object Repository/AdminSuiteBootstrap_Pages/VT_Bootstrap/SaleKeyboard/select_transactionCategory' is present

2022-08-29 15:46:43 - [MESSAGE][PASSED] - Object 'Object Repository/AdminSuiteBootstrap_Pages/VT_Bootstrap/SaleKeyboard/select_transactionCategory' is present

2022-08-29 15:46:43 - [TEST_STEP][PASSED] - verifyElementPresent(findTestObject(path_SaleKB + "input__cardNumber"), 30): Object 'Object Repository/AdminSuiteBootstrap_Pages/VT_Bootstrap/SaleKeyboard/input__cardNumber' is present

2022-08-29 15:46:44 - [MESSAGE][PASSED] - Object 'Object Repository/AdminSuiteBootstrap_Pages/VT_Bootstrap/SaleKeyboard/input__cardNumber' is present

2022-08-29 15:46:44 - [TEST_STEP][PASSED] - verifyElementPresent(findTestObject(path_SaleKB + "input__cvv"), 30): Object 'Object Repository/AdminSuiteBootstrap_Pages/VT_Bootstrap/SaleKeyboard/input__cvv' is present

2022-08-29 15:46:44 - [MESSAGE][PASSED] - Object 'Object Repository/AdminSuiteBootstrap_Pages/VT_Bootstrap/SaleKeyboard/input__cvv' is present

2022-08-29 15:46:44 - [TEST_STEP][PASSED] - verifyElementVisible(findTestObject(path_SaleKB + "select_MM")): Object 'Object Repository/AdminSuiteBootstrap_Pages/VT_Bootstrap/SaleKeyboard/select_MM' is visible

2022-08-29 15:46:44 - [MESSAGE][PASSED] - Object 'Object Repository/AdminSuiteBootstrap_Pages/VT_Bootstrap/SaleKeyboard/select_MM' is visible

2022-08-29 15:46:44 - [TEST_STEP][PASSED] - verifyElementPresent(findTestObject(path_SaleKB + "select_MM"), 30): Object 'Object Repository/AdminSuiteBootstrap_Pages/VT_Bootstrap/SaleKeyboard/select_MM' is present

2022-08-29 15:46:45 - [MESSAGE][PASSED] - Object 'Object Repository/AdminSuiteBootstrap_Pages/VT_Bootstrap/SaleKeyboard/select_MM' is present

2022-08-29 15:46:45 - [TEST_STEP][PASSED] - verifyElementVisible(findTestObject(path_SaleKB + "select_YYYY")): Object 'Object Repository/AdminSuiteBootstrap_Pages/VT_Bootstrap/SaleKeyboard/select_YYYY' is visible

2022-08-29 15:46:45 - [MESSAGE][PASSED] - Object 'Object Repository/AdminSuiteBootstrap_Pages/VT_Bootstrap/SaleKeyboard/select_YYYY' is visible

2022-08-29 15:46:45 - [TEST_STEP][PASSED] - verifyElementPresent(findTestObject(path_SaleKB + "select_YYYY"), 30): Object 'Object Repository/AdminSuiteBootstrap_Pages/VT_Bootstrap/SaleKeyboard/select_YYYY' is present

2022-08-29 15:46:45 - [MESSAGE][PASSED] - Object 'Object Repository/AdminSuiteBootstrap_Pages/VT_Bootstrap/SaleKeyboard/select_YYYY' is present

2022-08-29 15:46:45 - [TEST_STEP][PASSED] - verifyElementVisible(findTestObject(path_SaleKB + "input__address")): Object 'Object Repository/AdminSuiteBootstrap_Pages/VT_Bootstrap/SaleKeyboard/input__address' is visible

2022-08-29 15:46:46 - [MESSAGE][PASSED] - Object 'Object Repository/AdminSuiteBootstrap_Pages/VT_Bootstrap/SaleKeyboard/input__address' is visible

2022-08-29 15:46:46 - [TEST_STEP][PASSED] - verifyElementPresent(findTestObject(path_SaleKB + "input__address"), 30): Object 'Object Repository/AdminSuiteBootstrap_Pages/VT_Bootstrap/SaleKeyboard/input__address' is present

2022-08-29 15:46:46 - [MESSAGE][PASSED] - Object 'Object Repository/AdminSuiteBootstrap_Pages/VT_Bootstrap/SaleKeyboard/input__address' is present

2022-08-29 15:46:46 - [TEST_STEP][PASSED] - verifyElementVisible(findTestObject(path_SaleKB + "input__address2")): Object 'Object Repository/AdminSuiteBootstrap_Pages/VT_Bootstrap/SaleKeyboard/input__address2' is visible

2022-08-29 15:46:46 - [MESSAGE][PASSED] - Object 'Object Repository/AdminSuiteBootstrap_Pages/VT_Bootstrap/SaleKeyboard/input__address2' is visible

2022-08-29 15:46:46 - [TEST_STEP][PASSED] - verifyElementPresent(findTestObject(path_SaleKB + "input__address2"), 30): Object 'Object Repository/AdminSuiteBootstrap_Pages/VT_Bootstrap/SaleKeyboard/input__address2' is present

2022-08-29 15:46:47 - [MESSAGE][PASSED] - Object 'Object Repository/AdminSuiteBootstrap_Pages/VT_Bootstrap/SaleKeyboard/input__address2' is present

2022-08-29 15:46:47 - [TEST_STEP][PASSED] - verifyElementVisible(findTestObject(path_SaleKB + "select_Country")): Object 'Object Repository/AdminSuiteBootstrap_Pages/VT_Bootstrap/SaleKeyboard/select_Country' is visible

2022-08-29 15:46:47 - [MESSAGE][PASSED] - Object 'Object Repository/AdminSuiteBootstrap_Pages/VT_Bootstrap/SaleKeyboard/select_Country' is visible

2022-08-29 15:46:47 - [TEST_STEP][PASSED] - verifyElementPresent(findTestObject(path_SaleKB + "select_Country"), 30): Object 'Object Repository/AdminSuiteBootstrap_Pages/VT_Bootstrap/SaleKeyboard/select_Country' is present

2022-08-29 15:46:48 - [MESSAGE][PASSED] - Object 'Object Repository/AdminSuiteBootstrap_Pages/VT_Bootstrap/SaleKeyboard/select_Country' is present

2022-08-29 15:46:48 - [TEST_STEP][PASSED] - verifyElementVisible(findTestObject(path_SaleKB + "input__zip")): Object 'Object Repository/AdminSuiteBootstrap_Pages/VT_Bootstrap/SaleKeyboard/input__zip' is visible

2022-08-29 15:46:48 - [MESSAGE][PASSED] - Object 'Object Repository/AdminSuiteBootstrap_Pages/VT_Bootstrap/SaleKeyboard/input__zip' is visible

2022-08-29 15:46:48 - [TEST_STEP][PASSED] - verifyElementPresent(findTestObject(path_SaleKB + "input__zip"), 30): Object 'Object Repository/AdminSuiteBootstrap_Pages/VT_Bootstrap/SaleKeyboard/input__zip' is present

2022-08-29 15:46:48 - [MESSAGE][PASSED] - Object 'Object Repository/AdminSuiteBootstrap_Pages/VT_Bootstrap/SaleKeyboard/input__zip' is present

2022-08-29 15:46:48 - [TEST_STEP][PASSED] - verifyElementVisible(findTestObject(path_SaleKB + "input__city")): Object 'Object Repository/AdminSuiteBootstrap_Pages/VT_Bootstrap/SaleKeyboard/input__city' is visible

2022-08-29 15:46:49 - [MESSAGE][PASSED] - Object 'Object Repository/AdminSuiteBootstrap_Pages/VT_Bootstrap/SaleKeyboard/input__city' is visible

2022-08-29 15:46:49 - [TEST_STEP][PASSED] - verifyElementPresent(findTestObject(path_SaleKB + "input__city"), 30): Object 'Object Repository/AdminSuiteBootstrap_Pages/VT_Bootstrap/SaleKeyboard/input__city' is present

2022-08-29 15:46:49 - [MESSAGE][PASSED] - Object 'Object Repository/AdminSuiteBootstrap_Pages/VT_Bootstrap/SaleKeyboard/input__city' is present

2022-08-29 15:46:49 - [TEST_STEP][PASSED] - verifyElementVisible(findTestObject(path_SaleKB + "select_State")): Object 'Object Repository/AdminSuiteBootstrap_Pages/VT_Bootstrap/SaleKeyboard/select_State' is visible

2022-08-29 15:46:49 - [MESSAGE][PASSED] - Object 'Object Repository/AdminSuiteBootstrap_Pages/VT_Bootstrap/SaleKeyboard/select_State' is visible

2022-08-29 15:46:49 - [TEST_STEP][PASSED] - verifyElementPresent(findTestObject(path_SaleKB + "select_State"), 30): Object 'Object Repository/AdminSuiteBootstrap_Pages/VT_Bootstrap/SaleKeyboard/select_State' is present

2022-08-29 15:46:50 - [MESSAGE][PASSED] - Object 'Object Repository/AdminSuiteBootstrap_Pages/VT_Bootstrap/SaleKeyboard/select_State' is present

2022-08-29 15:46:50 - [TEST_STEP][PASSED] - verifyElementVisible(findTestObject(path_SaleKB + "input_emailAddress")): Object 'Object Repository/AdminSuiteBootstrap_Pages/VT_Bootstrap/SaleKeyboard/input_emailAddress' is visible

2022-08-29 15:46:50 - [MESSAGE][PASSED] - Object 'Object Repository/AdminSuiteBootstrap_Pages/VT_Bootstrap/SaleKeyboard/input_emailAddress' is visible

2022-08-29 15:46:50 - [TEST_STEP][PASSED] - verifyElementPresent(findTestObject(path_SaleKB + "input_emailAddress"), 30): Object 'Object Repository/AdminSuiteBootstrap_Pages/VT_Bootstrap/SaleKeyboard/input_emailAddress' is present

2022-08-29 15:46:50 - [MESSAGE][PASSED] - Object 'Object Repository/AdminSuiteBootstrap_Pages/VT_Bootstrap/SaleKeyboard/input_emailAddress' is present

2022-08-29 15:46:50 - [TEST_STEP][PASSED] - verifyElementVisible(findTestObject(path_SaleKB + "input_smsNumber")): Object 'Object Repository/AdminSuiteBootstrap_Pages/VT_Bootstrap/SaleKeyboard/input_smsNumber' is visible

2022-08-29 15:46:51 - [MESSAGE][PASSED] - Object 'Object Repository/AdminSuiteBootstrap_Pages/VT_Bootstrap/SaleKeyboard/input_smsNumber' is visible

2022-08-29 15:46:51 - [TEST_STEP][PASSED] - verifyElementPresent(findTestObject(path_SaleKB + "input_smsNumber"), 30): Object 'Object Repository/AdminSuiteBootstrap_Pages/VT_Bootstrap/SaleKeyboard/input_smsNumber' is present

2022-08-29 15:46:51 - [MESSAGE][PASSED] - Object 'Object Repository/AdminSuiteBootstrap_Pages/VT_Bootstrap/SaleKeyboard/input_smsNumber' is present

2022-08-29 15:46:51 - [TEST_STEP][PASSED] - verifyElementVisible(findTestObject(path_SaleKB + "input_amount")): Object 'Object Repository/AdminSuiteBootstrap_Pages/VT_Bootstrap/SaleKeyboard/input_amount' is visible

2022-08-29 15:46:52 - [MESSAGE][PASSED] - Object 'Object Repository/AdminSuiteBootstrap_Pages/VT_Bootstrap/SaleKeyboard/input_amount' is visible

2022-08-29 15:46:52 - [TEST_STEP][PASSED] - verifyElementPresent(findTestObject(path_SaleKB + "input_amount"), 30): Object 'Object Repository/AdminSuiteBootstrap_Pages/VT_Bootstrap/SaleKeyboard/input_amount' is present

2022-08-29 15:46:52 - [MESSAGE][PASSED] - Object 'Object Repository/AdminSuiteBootstrap_Pages/VT_Bootstrap/SaleKeyboard/input_amount' is present

2022-08-29 15:46:52 - [TEST_STEP][PASSED] - verifyElementVisible(findTestObject(path_SaleKB + "input_convenienceFee")): Object 'Object Repository/AdminSuiteBootstrap_Pages/VT_Bootstrap/SaleKeyboard/input_convenienceFee' is visible

2022-08-29 15:46:52 - [MESSAGE][PASSED] - Object 'Object Repository/AdminSuiteBootstrap_Pages/VT_Bootstrap/SaleKeyboard/input_convenienceFee' is visible

2022-08-29 15:46:52 - [TEST_STEP][PASSED] - verifyElementPresent(findTestObject(path_SaleKB + "input_convenienceFee"), 30): Object 'Object Repository/AdminSuiteBootstrap_Pages/VT_Bootstrap/SaleKeyboard/input_convenienceFee' is present

2022-08-29 15:46:53 - [MESSAGE][PASSED] - Object 'Object Repository/AdminSuiteBootstrap_Pages/VT_Bootstrap/SaleKeyboard/input_convenienceFee' is present

2022-08-29 15:46:53 - [TEST_STEP][PASSED] - verifyElementVisible(findTestObject(path_SaleKB + "input_convenienceFeeType")): Object 'Object Repository/AdminSuiteBootstrap_Pages/VT_Bootstrap/SaleKeyboard/input_convenienceFeeType' is visible

2022-08-29 15:46:53 - [MESSAGE][PASSED] - Object 'Object Repository/AdminSuiteBootstrap_Pages/VT_Bootstrap/SaleKeyboard/input_convenienceFeeType' is visible

2022-08-29 15:46:53 - [TEST_STEP][PASSED] - verifyElementPresent(findTestObject(path_SaleKB + "input_convenienceFeeType"), 30): Object 'Object Repository/AdminSuiteBootstrap_Pages/VT_Bootstrap/SaleKeyboard/input_convenienceFeeType' is present

2022-08-29 15:46:54 - [MESSAGE][PASSED] - Object 'Object Repository/AdminSuiteBootstrap_Pages/VT_Bootstrap/SaleKeyboard/input_convenienceFeeType' is present

2022-08-29 15:46:54 - [TEST_STEP][PASSED] - verifyElementVisible(findTestObject(path_SaleKB + "input_totalAmount")): Object 'Object Repository/AdminSuiteBootstrap_Pages/VT_Bootstrap/SaleKeyboard/input_totalAmount' is visible

2022-08-29 15:46:54 - [MESSAGE][PASSED] - Object 'Object Repository/AdminSuiteBootstrap_Pages/VT_Bootstrap/SaleKeyboard/input_totalAmount' is visible

2022-08-29 15:46:54 - [TEST_STEP][PASSED] - verifyElementPresent(findTestObject(path_SaleKB + "input_totalAmount"), 30): Object 'Object Repository/AdminSuiteBootstrap_Pages/VT_Bootstrap/SaleKeyboard/input_totalAmount' is present

2022-08-29 15:46:54 - [MESSAGE][PASSED] - Object 'Object Repository/AdminSuiteBootstrap_Pages/VT_Bootstrap/SaleKeyboard/input_totalAmount' is present

2022-08-29 15:46:54 - [TEST_STEP][PASSED] - verifyElementVisible(findTestObject(path_SaleKB + "input_userDefined1")): Object 'Object Repository/AdminSuiteBootstrap_Pages/VT_Bootstrap/SaleKeyboard/input_userDefined1' is visible

2022-08-29 15:46:55 - [MESSAGE][PASSED] - Object 'Object Repository/AdminSuiteBootstrap_Pages/VT_Bootstrap/SaleKeyboard/input_userDefined1' is visible

2022-08-29 15:46:55 - [TEST_STEP][PASSED] - verifyElementPresent(findTestObject(path_SaleKB + "input_userDefined1"), 30): Object 'Object Repository/AdminSuiteBootstrap_Pages/VT_Bootstrap/SaleKeyboard/input_userDefined1' is present

2022-08-29 15:46:55 - [MESSAGE][PASSED] - Object 'Object Repository/AdminSuiteBootstrap_Pages/VT_Bootstrap/SaleKeyboard/input_userDefined1' is present

2022-08-29 15:46:55 - [TEST_STEP][PASSED] - verifyElementVisible(findTestObject(path_SaleKB + "input_userDefined2")): Object 'Object Repository/AdminSuiteBootstrap_Pages/VT_Bootstrap/SaleKeyboard/input_userDefined2' is visible

2022-08-29 15:46:56 - [MESSAGE][PASSED] - Object 'Object Repository/AdminSuiteBootstrap_Pages/VT_Bootstrap/SaleKeyboard/input_userDefined2' is visible

2022-08-29 15:46:56 - [TEST_STEP][PASSED] - verifyElementPresent(findTestObject(path_SaleKB + "input_userDefined2"), 30): Object 'Object Repository/AdminSuiteBootstrap_Pages/VT_Bootstrap/SaleKeyboard/input_userDefined2' is present

2022-08-29 15:46:56 - [MESSAGE][PASSED] - Object 'Object Repository/AdminSuiteBootstrap_Pages/VT_Bootstrap/SaleKeyboard/input_userDefined2' is present

2022-08-29 15:46:56 - [TEST_STEP][PASSED] - verifyElementVisible(findTestObject(path_SaleKB + "input_userDefined3")): Object 'Object Repository/AdminSuiteBootstrap_Pages/VT_Bootstrap/SaleKeyboard/input_userDefined3' is visible

2022-08-29 15:46:56 - [MESSAGE][PASSED] - Object 'Object Repository/AdminSuiteBootstrap_Pages/VT_Bootstrap/SaleKeyboard/input_userDefined3' is visible

2022-08-29 15:46:56 - [TEST_STEP][PASSED] - verifyElementPresent(findTestObject(path_SaleKB + "input_userDefined3"), 30): Object 'Object Repository/AdminSuiteBootstrap_Pages/VT_Bootstrap/SaleKeyboard/input_userDefined3' is present

2022-08-29 15:46:57 - [MESSAGE][PASSED] - Object 'Object Repository/AdminSuiteBootstrap_Pages/VT_Bootstrap/SaleKeyboard/input_userDefined3' is present

2022-08-29 15:46:57 - [TEST_STEP][PASSED] - verifyElementVisible(findTestObject(path_SaleKB + "input_userDefined4")): Object 'Object Repository/AdminSuiteBootstrap_Pages/VT_Bootstrap/SaleKeyboard/input_userDefined4' is visible

2022-08-29 15:46:57 - [MESSAGE][PASSED] - Object 'Object Repository/AdminSuiteBootstrap_Pages/VT_Bootstrap/SaleKeyboard/input_userDefined4' is visible

2022-08-29 15:46:57 - [TEST_STEP][PASSED] - verifyElementPresent(findTestObject(path_SaleKB + "input_userDefined4"), 30): Object 'Object Repository/AdminSuiteBootstrap_Pages/VT_Bootstrap/SaleKeyboard/input_userDefined4' is present

2022-08-29 15:46:57 - [MESSAGE][PASSED] - Object 'Object Repository/AdminSuiteBootstrap_Pages/VT_Bootstrap/SaleKeyboard/input_userDefined4' is present

2022-08-29 15:46:57 - [TEST_STEP][PASSED] - verifyElementVisible(findTestObject(path_SaleKB + "select_UDF5_DropDown")): Object 'Object Repository/AdminSuiteBootstrap_Pages/VT_Bootstrap/SaleKeyboard/select_UDF5_DropDown' is visible

2022-08-29 15:46:58 - [MESSAGE][PASSED] - Object 'Object Repository/AdminSuiteBootstrap_Pages/VT_Bootstrap/SaleKeyboard/select_UDF5_DropDown' is visible

2022-08-29 15:46:58 - [TEST_STEP][PASSED] - verifyElementPresent(findTestObject(path_SaleKB + "select_UDF5_DropDown"), 30): Object 'Object Repository/AdminSuiteBootstrap_Pages/VT_Bootstrap/SaleKeyboard/select_UDF5_DropDown' is present

2022-08-29 15:46:58 - [MESSAGE][PASSED] - Object 'Object Repository/AdminSuiteBootstrap_Pages/VT_Bootstrap/SaleKeyboard/select_UDF5_DropDown' is present

2022-08-29 15:46:58 - [TEST_STEP][PASSED] - verifyElementVisible(findTestObject(path_SaleKB + "select_UDF6_DropDown")): Object 'Object Repository/AdminSuiteBootstrap_Pages/VT_Bootstrap/SaleKeyboard/select_UDF6_DropDown' is visible

2022-08-29 15:46:59 - [MESSAGE][PASSED] - Object 'Object Repository/AdminSuiteBootstrap_Pages/VT_Bootstrap/SaleKeyboard/select_UDF6_DropDown' is visible

2022-08-29 15:46:59 - [TEST_STEP][PASSED] - verifyElementPresent(findTestObject(path_SaleKB + "select_UDF6_DropDown"), 30): Object 'Object Repository/AdminSuiteBootstrap_Pages/VT_Bootstrap/SaleKeyboard/select_UDF6_DropDown' is present

2022-08-29 15:46:59 - [MESSAGE][PASSED] - Object 'Object Repository/AdminSuiteBootstrap_Pages/VT_Bootstrap/SaleKeyboard/select_UDF6_DropDown' is present

2022-08-29 15:46:59 - [TEST_STEP][PASSED] - verifyElementVisible(findTestObject(path_SaleKB + "input_userDefined7")): Object 'Object Repository/AdminSuiteBootstrap_Pages/VT_Bootstrap/SaleKeyboard/input_userDefined7' is visible

2022-08-29 15:46:59 - [MESSAGE][PASSED] - Object 'Object Repository/AdminSuiteBootstrap_Pages/VT_Bootstrap/SaleKeyboard/input_userDefined7' is visible

2022-08-29 15:46:59 - [TEST_STEP][PASSED] - verifyElementPresent(findTestObject(path_SaleKB + "input_userDefined7"), 30): Object 'Object Repository/AdminSuiteBootstrap_Pages/VT_Bootstrap/SaleKeyboard/input_userDefined7' is present

2022-08-29 15:47:00 - [MESSAGE][PASSED] - Object 'Object Repository/AdminSuiteBootstrap_Pages/VT_Bootstrap/SaleKeyboard/input_userDefined7' is present

2022-08-29 15:47:00 - [TEST_STEP][PASSED] - verifyElementVisible(findTestObject(path_SaleKB + "input_userDefined8")): Object 'Object Repository/AdminSuiteBootstrap_Pages/VT_Bootstrap/SaleKeyboard/input_userDefined8' is visible

2022-08-29 15:47:00 - [MESSAGE][PASSED] - Object 'Object Repository/AdminSuiteBootstrap_Pages/VT_Bootstrap/SaleKeyboard/input_userDefined8' is visible

2022-08-29 15:47:00 - [TEST_STEP][PASSED] - verifyElementPresent(findTestObject(path_SaleKB + "input_userDefined8"), 30): Object 'Object Repository/AdminSuiteBootstrap_Pages/VT_Bootstrap/SaleKeyboard/input_userDefined8' is present

2022-08-29 15:47:00 - [MESSAGE][PASSED] - Object 'Object Repository/AdminSuiteBootstrap_Pages/VT_Bootstrap/SaleKeyboard/input_userDefined8' is present

2022-08-29 15:47:00 - [TEST_STEP][PASSED] - verifyElementVisible(findTestObject(path_SaleKB + "input_userDefined9")): Object 'Object Repository/AdminSuiteBootstrap_Pages/VT_Bootstrap/SaleKeyboard/input_userDefined9' is visible

2022-08-29 15:47:01 - [MESSAGE][PASSED] - Object 'Object Repository/AdminSuiteBootstrap_Pages/VT_Bootstrap/SaleKeyboard/input_userDefined9' is visible

2022-08-29 15:47:01 - [TEST_STEP][PASSED] - verifyElementPresent(findTestObject(path_SaleKB + "input_userDefined9"), 30): Object 'Object Repository/AdminSuiteBootstrap_Pages/VT_Bootstrap/SaleKeyboard/input_userDefined9' is present

2022-08-29 15:47:01 - [MESSAGE][PASSED] - Object 'Object Repository/AdminSuiteBootstrap_Pages/VT_Bootstrap/SaleKeyboard/input_userDefined9' is present

2022-08-29 15:47:01 - [TEST_STEP][PASSED] - verifyElementVisible(findTestObject(path_SaleKB + "input_userDefined10")): Object 'Object Repository/AdminSuiteBootstrap_Pages/VT_Bootstrap/SaleKeyboard/input_userDefined10' is visible

2022-08-29 15:47:02 - [MESSAGE][PASSED] - Object 'Object Repository/AdminSuiteBootstrap_Pages/VT_Bootstrap/SaleKeyboard/input_userDefined10' is visible

2022-08-29 15:47:02 - [TEST_STEP][PASSED] - verifyElementPresent(findTestObject(path_SaleKB + "input_userDefined10"), 30): Object 'Object Repository/AdminSuiteBootstrap_Pages/VT_Bootstrap/SaleKeyboard/input_userDefined10' is present

2022-08-29 15:47:02 - [MESSAGE][PASSED] - Object 'Object Repository/AdminSuiteBootstrap_Pages/VT_Bootstrap/SaleKeyboard/input_userDefined10' is present

2022-08-29 15:47:02 - [TEST_STEP][PASSED] - verifyElementVisible(findTestObject(path_SaleKB + "button_Submit")): Object 'Object Repository/AdminSuiteBootstrap_Pages/VT_Bootstrap/SaleKeyboard/button_Submit' is visible

2022-08-29 15:47:02 - [MESSAGE][PASSED] - Object 'Object Repository/AdminSuiteBootstrap_Pages/VT_Bootstrap/SaleKeyboard/button_Submit' is visible

2022-08-29 15:47:02 - [TEST_STEP][PASSED] - verifyElementPresent(findTestObject(path_SaleKB + "button_Submit"), 30): Object 'Object Repository/AdminSuiteBootstrap_Pages/VT_Bootstrap/SaleKeyboard/button_Submit' is present

2022-08-29 15:47:03 - [MESSAGE][PASSED] - Object 'Object Repository/AdminSuiteBootstrap_Pages/VT_Bootstrap/SaleKeyboard/button_Submit' is present

2022-08-29 15:47:03 - [TEST_STEP][PASSED] - verifyElementVisible(findTestObject(path_SaleKB + "button_Reset")): Object 'Object Repository/AdminSuiteBootstrap_Pages/VT_Bootstrap/SaleKeyboard/button_Reset' is visible

2022-08-29 15:47:03 - [MESSAGE][PASSED] - Object 'Object Repository/AdminSuiteBootstrap_Pages/VT_Bootstrap/SaleKeyboard/button_Reset' is visible

2022-08-29 15:47:03 - [TEST_STEP][PASSED] - verifyElementPresent(findTestObject(path_SaleKB + "button_Reset"), 30): Object 'Object Repository/AdminSuiteBootstrap_Pages/VT_Bootstrap/SaleKeyboard/button_Reset' is present

2022-08-29 15:47:03 - [MESSAGE][PASSED] - Object 'Object Repository/AdminSuiteBootstrap_Pages/VT_Bootstrap/SaleKeyboard/button_Reset' is present]]></system-out>
         <system-err><![CDATA[]]></system-err>
      </testcase>
      <testcase name="Test Cases/Admin Suite Bootstrap/VT_SearchTransaction_TestCases/VerifySearchTransactions_UI_TC" time="25.784" classname="Test Cases/Admin Suite Bootstrap/VT_SearchTransaction_TestCases/VerifySearchTransactions_UI_TC" status="PASSED">
         <system-out><![CDATA[2022-08-29 15:47:03 - [TEST_CASE][PASSED] - Test Cases/Admin Suite Bootstrap/VT_SearchTransaction_TestCases/VerifySearchTransactions_UI_TC: Test Cases/Admin Suite Bootstrap/VT_SearchTransaction_TestCases/VerifySearchTransactions_UI_TC

2022-08-29 15:47:04 - [TEST_STEP][PASSED] - path_Dashboard = "Object Repository/AdminSuiteBootstrap_Pages/Dashboard_Bootstrap/": null

2022-08-29 15:47:04 - [TEST_STEP][PASSED] - path_VT = "Object Repository/AdminSuiteBootstrap_Pages/VT_Bootstrap/IssueTransactions/": null

2022-08-29 15:47:04 - [TEST_STEP][PASSED] - path_SaleKB = "Object Repository/AdminSuiteBootstrap_Pages/VT_Bootstrap/SaleKeyboard/": null

2022-08-29 15:47:04 - [TEST_STEP][PASSED] - path_TestMinus = "Object Repository/Page_TestMinusAndAtSigns/": null

2022-08-29 15:47:04 - [TEST_STEP][PASSED] - path_Receipt = "Object Repository/AdminSuiteBootstrap_Pages/VT_Bootstrap/Receipt/": null

2022-08-29 15:47:04 - [TEST_STEP][PASSED] - path_CCSearch = "Object Repository/AdminSuiteBootstrap_Pages/VT_Bootstrap/CCCreditOrVoidSearch/": null

2022-08-29 15:47:04 - [TEST_STEP][PASSED] - path_SearchResults = "Object Repository/AdminSuiteBootstrap_Pages/VT_Bootstrap/SearchResults/": null

2022-08-29 15:47:04 - [TEST_STEP][PASSED] - path_TranxDetails = "Object Repository/AdminSuiteBootstrap_Pages/VT_Bootstrap/TransactionDetails/": null

2022-08-29 15:47:04 - [TEST_STEP][PASSED] - executionProfile = getExecutionProfile(): null

2022-08-29 15:47:04 - [TEST_STEP][PASSED] - out.println("executionProfile : " + executionProfile): null

2022-08-29 15:47:04 - [TEST_STEP][PASSED] - appName = <not implemented yet for class: org.codehaus.groovy.ast.expr.EmptyExpression>: null

2022-08-29 15:47:04 - [TEST_STEP][PASSED] - appID = <not implemented yet for class: org.codehaus.groovy.ast.expr.EmptyExpression>: null

2022-08-29 15:47:04 - [TEST_STEP][PASSED] - cardNameV = <not implemented yet for class: org.codehaus.groovy.ast.expr.EmptyExpression>: null

2022-08-29 15:47:04 - [TEST_STEP][PASSED] - al1V = <not implemented yet for class: org.codehaus.groovy.ast.expr.EmptyExpression>: null

2022-08-29 15:47:04 - [TEST_STEP][PASSED] - al2V = <not implemented yet for class: org.codehaus.groovy.ast.expr.EmptyExpression>: null

2022-08-29 15:47:04 - [TEST_STEP][PASSED] - zipV = <not implemented yet for class: org.codehaus.groovy.ast.expr.EmptyExpression>: null

2022-08-29 15:47:04 - [TEST_STEP][PASSED] - cardTypeV = <not implemented yet for class: org.codehaus.groovy.ast.expr.EmptyExpression>: null

2022-08-29 15:47:04 - [TEST_STEP][PASSED] - last4V = <not implemented yet for class: org.codehaus.groovy.ast.expr.EmptyExpression>: null

2022-08-29 15:47:04 - [TEST_STEP][PASSED] - numOfRows = <not implemented yet for class: org.codehaus.groovy.ast.expr.EmptyExpression>: null

2022-08-29 15:47:04 - [TEST_STEP][PASSED] - dataFile = <not implemented yet for class: org.codehaus.groovy.ast.expr.EmptyExpression>: null

2022-08-29 15:47:04 - [TEST_STEP][PASSED] - nameSheet = <not implemented yet for class: org.codehaus.groovy.ast.expr.EmptyExpression>: null

2022-08-29 15:47:04 - [TEST_STEP][PASSED] - numOfRows = findTestData("QA/Bootstrap/VT-SearchTransactions-TestData/VT-SearchTransactions").getRowNumbers(): null

2022-08-29 15:47:05 - [TEST_STEP][PASSED] - println("Number of Records: " + numOfRows): null

2022-08-29 15:47:05 - [TEST_STEP][PASSED] - dataFile = "QA/Bootstrap/VT-SearchTransactions-TestData/VT-SearchTransactions": null

2022-08-29 15:47:05 - [TEST_STEP][PASSED] - for ([row = 1, row <= numOfRows, (row++)]): Object 'Object Repository/AdminSuiteBootstrap_Pages/VT_Bootstrap/CCCreditOrVoidSearch/button_Submit' is present

2022-08-29 15:47:05 - [TEST_STEP][PASSED] - switch (executionProfile): null

2022-08-29 15:47:05 - [TEST_STEP][PASSED] - case "QAProfile":: null

2022-08-29 15:47:05 - [TEST_STEP][PASSED] - appName = findTestData(dataFile).getValue("AppNameQA", row): null

2022-08-29 15:47:06 - [TEST_STEP][PASSED] - appID = findTestData(dataFile).getValue("AppIDQA", row): null

2022-08-29 15:47:06 - [TEST_STEP][PASSED] - break: null

2022-08-29 15:47:06 - [TEST_STEP][PASSED] - adminSuiteBootstrap.loginFunctionality.login_AdminSuite(): adminSuiteBootstrap.loginFunctionality.login_AdminSuite is PASSED

2022-08-29 15:47:06 - [MESSAGE][WARNING] - A browser is already opened. Closing browser and opening a new one

2022-08-29 15:47:06 - [MESSAGE][INFO] - Starting 'Chrome' driver

2022-08-29 15:47:06 - [MESSAGE][INFO] - User set preference: ['acceptInsecureCerts', 'true']

2022-08-29 15:47:06 - [MESSAGE][INFO] - Action delay is set to 0 milliseconds

2022-08-29 15:47:09 - [MESSAGE][PASSED] - Browser is opened with url: 'https://qa.velocitypayment.com/admin/imtiaz'

2022-08-29 15:47:09 - [MESSAGE][PASSED] - Current window maximized

2022-08-29 15:47:10 - [MESSAGE][PASSED] - Object 'Object Repository/Login_Page/Login_Username' is present

2022-08-29 15:47:10 - [MESSAGE][PASSED] - Text 'iahmed' is set on object 'Object Repository/Login_Page/Login_Username'

2022-08-29 15:47:11 - [MESSAGE][PASSED] - Text 'hello2222' is set on object 'Object Repository/Login_Page/Login_Password'

2022-08-29 15:47:14 - [MESSAGE][PASSED] - Object: 'Object Repository/Login_Page/Login_Submit' is clicked on

2022-08-29 15:47:14 - [MESSAGE][PASSED] - adminSuiteBootstrap.loginFunctionality.login_AdminSuite is PASSED

2022-08-29 15:47:14 - [TEST_STEP][PASSED] - click(findTestObject(path_Dashboard + appName)): Object: 'Object Repository/AdminSuiteBootstrap_Pages/Dashboard_Bootstrap/a_Access AutoNoCFtp' is clicked on

2022-08-29 15:47:15 - [MESSAGE][PASSED] - Object: 'Object Repository/AdminSuiteBootstrap_Pages/Dashboard_Bootstrap/a_Access AutoNoCFtp' is clicked on

2022-08-29 15:47:15 - [TEST_STEP][PASSED] - click(findTestObject(path_VT + "a_Search Transactions")): Object: 'Object Repository/AdminSuiteBootstrap_Pages/VT_Bootstrap/IssueTransactions/a_Search Transactions' is clicked on

2022-08-29 15:47:16 - [MESSAGE][PASSED] - Object: 'Object Repository/AdminSuiteBootstrap_Pages/VT_Bootstrap/IssueTransactions/a_Search Transactions' is clicked on

2022-08-29 15:47:16 - [TEST_STEP][PASSED] - verifyTextPresent("Transaction Search", true): Text 'Transaction Search' is present on page  using regular expression

2022-08-29 15:47:17 - [MESSAGE][PASSED] - Text 'Transaction Search' is present on page  using regular expression

2022-08-29 15:47:17 - [TEST_STEP][PASSED] - verifyTextPresent("Select the search date range, not to exceed 30 days", true): Text 'Select the search date range, not to exceed 30 days' is present on page  using regular expression

2022-08-29 15:47:17 - [MESSAGE][PASSED] - Text 'Select the search date range, not to exceed 30 days' is present on page  using regular expression

2022-08-29 15:47:17 - [TEST_STEP][PASSED] - verifyTextPresent("Time Zone : Eastern Standard Time", true): Text 'Time Zone : Eastern Standard Time' is present on page  using regular expression

2022-08-29 15:47:18 - [MESSAGE][PASSED] - Text 'Time Zone : Eastern Standard Time' is present on page  using regular expression

2022-08-29 15:47:18 - [TEST_STEP][PASSED] - verifyTextPresent("Credit Card Transactions", true): Text 'Credit Card Transactions' is present on page  using regular expression

2022-08-29 15:47:18 - [MESSAGE][PASSED] - Text 'Credit Card Transactions' is present on page  using regular expression

2022-08-29 15:47:18 - [TEST_STEP][PASSED] - verifyTextPresent("On-Line Check Transactions", true): Text 'On-Line Check Transactions' is present on page  using regular expression

2022-08-29 15:47:18 - [MESSAGE][PASSED] - Text 'On-Line Check Transactions' is present on page  using regular expression

2022-08-29 15:47:18 - [TEST_STEP][PASSED] - verifyTextPresent("Pinless Debit Transactions", true): Text 'Pinless Debit Transactions' is present on page  using regular expression

2022-08-29 15:47:18 - [MESSAGE][PASSED] - Text 'Pinless Debit Transactions' is present on page  using regular expression

2022-08-29 15:47:18 - [TEST_STEP][PASSED] - verifyTextPresent("Show Only Successful Transactions", true): Text 'Show Only Successful Transactions' is present on page  using regular expression

2022-08-29 15:47:19 - [MESSAGE][PASSED] - Text 'Show Only Successful Transactions' is present on page  using regular expression

2022-08-29 15:47:19 - [TEST_STEP][PASSED] - verifyTextPresent("Show Only Failure Transactions", true): Text 'Show Only Failure Transactions' is present on page  using regular expression

2022-08-29 15:47:19 - [MESSAGE][PASSED] - Text 'Show Only Failure Transactions' is present on page  using regular expression

2022-08-29 15:47:19 - [TEST_STEP][PASSED] - verifyOptionsPresent(findTestObject(path_CCSearch + "select_SearchBy"), ["Remittance ID", "Payment ID", "CC last 4 digit", "ACH last 4 digit"]): Options [Remittance ID, Payment ID, CC last 4 digit, ACH last 4 digit] present.

2022-08-29 15:47:20 - [MESSAGE][PASSED] - Options [Remittance ID, Payment ID, CC last 4 digit, ACH last 4 digit] present.

2022-08-29 15:47:20 - [TEST_STEP][PASSED] - verifyOptionsPresent(findTestObject(path_CCSearch + "select_SearchBy"), ["Email Address", "Amount", "Payer Name", "Client Account Number"]): Options [Email Address, Amount, Payer Name, Client Account Number] present.

2022-08-29 15:47:21 - [MESSAGE][PASSED] - Options [Email Address, Amount, Payer Name, Client Account Number] present.

2022-08-29 15:47:21 - [TEST_STEP][PASSED] - verifyOptionsPresent(findTestObject(path_CCSearch + "select_SearchBy"), ["UDF Label: UDF1", "UDF Label: UDF2", "UDF Label: UDF3", "UDF Label: UDF4", "UDF Label: UDF5"]): Options [UDF Label: UDF1, UDF Label: UDF2, UDF Label: UDF3, UDF Label: UDF4, UDF Label: UDF5] present.

2022-08-29 15:47:21 - [MESSAGE][PASSED] - Options [UDF Label: UDF1, UDF Label: UDF2, UDF Label: UDF3, UDF Label: UDF4, UDF Label: UDF5] present.

2022-08-29 15:47:21 - [TEST_STEP][PASSED] - verifyOptionsPresent(findTestObject(path_CCSearch + "select_SearchBy"), ["UDF Label: UDF6", "UDF Label: UDF7", "UDF Label: UDF8", "UDF Label: UDF9", "UDF Label: UDF 10"]): Options [UDF Label: UDF6, UDF Label: UDF7, UDF Label: UDF8, UDF Label: UDF9, UDF Label: UDF 10] present.

2022-08-29 15:47:22 - [MESSAGE][PASSED] - Options [UDF Label: UDF6, UDF Label: UDF7, UDF Label: UDF8, UDF Label: UDF9, UDF Label: UDF 10] present.

2022-08-29 15:47:22 - [TEST_STEP][PASSED] - verifyElementPresent(findTestObject(path_CCSearch + "input_Search By_searchValue"), 10): Object 'Object Repository/AdminSuiteBootstrap_Pages/VT_Bootstrap/CCCreditOrVoidSearch/input_Search By_searchValue' is present

2022-08-29 15:47:23 - [MESSAGE][PASSED] - Object 'Object Repository/AdminSuiteBootstrap_Pages/VT_Bootstrap/CCCreditOrVoidSearch/input_Search By_searchValue' is present

2022-08-29 15:47:23 - [TEST_STEP][PASSED] - verifyTextPresent("Advanced Search", true): Text 'Advanced Search' is present on page  using regular expression

2022-08-29 15:47:23 - [MESSAGE][PASSED] - Text 'Advanced Search' is present on page  using regular expression

2022-08-29 15:47:23 - [TEST_STEP][PASSED] - verifyElementPresent(findTestObject(path_CCSearch + "input_Search Value_wildcard"), 10): Object 'Object Repository/AdminSuiteBootstrap_Pages/VT_Bootstrap/CCCreditOrVoidSearch/input_Search Value_wildcard' is present

2022-08-29 15:47:23 - [MESSAGE][PASSED] - Object 'Object Repository/AdminSuiteBootstrap_Pages/VT_Bootstrap/CCCreditOrVoidSearch/input_Search Value_wildcard' is present

2022-08-29 15:47:23 - [TEST_STEP][PASSED] - verifyElementPresent(findTestObject(path_CCSearch + "input_StartCalendar"), 10): Object 'Object Repository/AdminSuiteBootstrap_Pages/VT_Bootstrap/CCCreditOrVoidSearch/input_StartCalendar' is present

2022-08-29 15:47:24 - [MESSAGE][PASSED] - Object 'Object Repository/AdminSuiteBootstrap_Pages/VT_Bootstrap/CCCreditOrVoidSearch/input_StartCalendar' is present

2022-08-29 15:47:24 - [TEST_STEP][PASSED] - verifyElementPresent(findTestObject(path_CCSearch + "input_EndCalendar"), 10): Object 'Object Repository/AdminSuiteBootstrap_Pages/VT_Bootstrap/CCCreditOrVoidSearch/input_EndCalendar' is present

2022-08-29 15:47:24 - [MESSAGE][PASSED] - Object 'Object Repository/AdminSuiteBootstrap_Pages/VT_Bootstrap/CCCreditOrVoidSearch/input_EndCalendar' is present

2022-08-29 15:47:24 - [TEST_STEP][PASSED] - verifyElementPresent(findTestObject(path_CCSearch + "option_TransType"), 10): Object 'Object Repository/AdminSuiteBootstrap_Pages/VT_Bootstrap/CCCreditOrVoidSearch/option_TransType' is present

2022-08-29 15:47:24 - [MESSAGE][PASSED] - Object 'Object Repository/AdminSuiteBootstrap_Pages/VT_Bootstrap/CCCreditOrVoidSearch/option_TransType' is present

2022-08-29 15:47:24 - [TEST_STEP][PASSED] - verifyElementPresent(findTestObject(path_CCSearch + "option_Credit_CC"), 10): Object 'Object Repository/AdminSuiteBootstrap_Pages/VT_Bootstrap/CCCreditOrVoidSearch/option_Credit_CC' is present

2022-08-29 15:47:25 - [MESSAGE][PASSED] - Object 'Object Repository/AdminSuiteBootstrap_Pages/VT_Bootstrap/CCCreditOrVoidSearch/option_Credit_CC' is present

2022-08-29 15:47:25 - [TEST_STEP][PASSED] - verifyElementPresent(findTestObject(path_CCSearch + "option_Capture (Sale)"), 10): Object 'Object Repository/AdminSuiteBootstrap_Pages/VT_Bootstrap/CCCreditOrVoidSearch/option_Capture (Sale)' is present

2022-08-29 15:47:25 - [MESSAGE][PASSED] - Object 'Object Repository/AdminSuiteBootstrap_Pages/VT_Bootstrap/CCCreditOrVoidSearch/option_Capture (Sale)' is present

2022-08-29 15:47:25 - [TEST_STEP][PASSED] - verifyElementPresent(findTestObject(path_CCSearch + "option_Void_CC"), 10): Object 'Object Repository/AdminSuiteBootstrap_Pages/VT_Bootstrap/CCCreditOrVoidSearch/option_Void_CC' is present

2022-08-29 15:47:25 - [MESSAGE][PASSED] - Object 'Object Repository/AdminSuiteBootstrap_Pages/VT_Bootstrap/CCCreditOrVoidSearch/option_Void_CC' is present

2022-08-29 15:47:25 - [TEST_STEP][PASSED] - verifyElementPresent(findTestObject(path_CCSearch + "option_Authorization"), 10): Object 'Object Repository/AdminSuiteBootstrap_Pages/VT_Bootstrap/CCCreditOrVoidSearch/option_Authorization' is present

2022-08-29 15:47:26 - [MESSAGE][PASSED] - Object 'Object Repository/AdminSuiteBootstrap_Pages/VT_Bootstrap/CCCreditOrVoidSearch/option_Authorization' is present

2022-08-29 15:47:26 - [TEST_STEP][PASSED] - verifyElementPresent(findTestObject(path_CCSearch + "option_Manual Authorization"), 10): Object 'Object Repository/AdminSuiteBootstrap_Pages/VT_Bootstrap/CCCreditOrVoidSearch/option_Manual Authorization' is present

2022-08-29 15:47:26 - [MESSAGE][PASSED] - Object 'Object Repository/AdminSuiteBootstrap_Pages/VT_Bootstrap/CCCreditOrVoidSearch/option_Manual Authorization' is present

2022-08-29 15:47:26 - [TEST_STEP][PASSED] - verifyElementPresent(findTestObject(path_CCSearch + "option_Debit"), 10): Object 'Object Repository/AdminSuiteBootstrap_Pages/VT_Bootstrap/CCCreditOrVoidSearch/option_Debit' is present

2022-08-29 15:47:27 - [MESSAGE][PASSED] - Object 'Object Repository/AdminSuiteBootstrap_Pages/VT_Bootstrap/CCCreditOrVoidSearch/option_Debit' is present

2022-08-29 15:47:27 - [TEST_STEP][PASSED] - verifyElementPresent(findTestObject(path_CCSearch + "option_Credit_ACH"), 10): Object 'Object Repository/AdminSuiteBootstrap_Pages/VT_Bootstrap/CCCreditOrVoidSearch/option_Credit_ACH' is present

2022-08-29 15:47:27 - [MESSAGE][PASSED] - Object 'Object Repository/AdminSuiteBootstrap_Pages/VT_Bootstrap/CCCreditOrVoidSearch/option_Credit_ACH' is present

2022-08-29 15:47:27 - [TEST_STEP][PASSED] - verifyElementPresent(findTestObject(path_CCSearch + "option_Void_ACH"), 10): Object 'Object Repository/AdminSuiteBootstrap_Pages/VT_Bootstrap/CCCreditOrVoidSearch/option_Void_ACH' is present

2022-08-29 15:47:27 - [MESSAGE][PASSED] - Object 'Object Repository/AdminSuiteBootstrap_Pages/VT_Bootstrap/CCCreditOrVoidSearch/option_Void_ACH' is present

2022-08-29 15:47:27 - [TEST_STEP][PASSED] - verifyElementPresent(findTestObject(path_CCSearch + "option_Pinless Debit"), 10): Object 'Object Repository/AdminSuiteBootstrap_Pages/VT_Bootstrap/CCCreditOrVoidSearch/option_Pinless Debit' is present

2022-08-29 15:47:28 - [MESSAGE][PASSED] - Object 'Object Repository/AdminSuiteBootstrap_Pages/VT_Bootstrap/CCCreditOrVoidSearch/option_Pinless Debit' is present

2022-08-29 15:47:28 - [TEST_STEP][PASSED] - verifyElementPresent(findTestObject(path_CCSearch + "option_Pinless Credit"), 10): Object 'Object Repository/AdminSuiteBootstrap_Pages/VT_Bootstrap/CCCreditOrVoidSearch/option_Pinless Credit' is present

2022-08-29 15:47:28 - [MESSAGE][PASSED] - Object 'Object Repository/AdminSuiteBootstrap_Pages/VT_Bootstrap/CCCreditOrVoidSearch/option_Pinless Credit' is present

2022-08-29 15:47:28 - [TEST_STEP][PASSED] - verifyElementPresent(findTestObject(path_CCSearch + "input_ShowOnlySuccessfulTransactions"), 10): Object 'Object Repository/AdminSuiteBootstrap_Pages/VT_Bootstrap/CCCreditOrVoidSearch/input_ShowOnlySuccessfulTransactions' is present

2022-08-29 15:47:28 - [MESSAGE][PASSED] - Object 'Object Repository/AdminSuiteBootstrap_Pages/VT_Bootstrap/CCCreditOrVoidSearch/input_ShowOnlySuccessfulTransactions' is present

2022-08-29 15:47:28 - [TEST_STEP][PASSED] - verifyElementPresent(findTestObject(path_CCSearch + "input_ShowOnlyFailureTransactions"), 10): Object 'Object Repository/AdminSuiteBootstrap_Pages/VT_Bootstrap/CCCreditOrVoidSearch/input_ShowOnlyFailureTransactions' is present

2022-08-29 15:47:29 - [MESSAGE][PASSED] - Object 'Object Repository/AdminSuiteBootstrap_Pages/VT_Bootstrap/CCCreditOrVoidSearch/input_ShowOnlyFailureTransactions' is present

2022-08-29 15:47:29 - [TEST_STEP][PASSED] - verifyElementPresent(findTestObject(path_CCSearch + "button_Submit"), 10): Object 'Object Repository/AdminSuiteBootstrap_Pages/VT_Bootstrap/CCCreditOrVoidSearch/button_Submit' is present

2022-08-29 15:47:29 - [MESSAGE][PASSED] - Object 'Object Repository/AdminSuiteBootstrap_Pages/VT_Bootstrap/CCCreditOrVoidSearch/button_Submit' is present]]></system-out>
         <system-err><![CDATA[]]></system-err>
      </testcase>
      <testcase name="Test Cases/Admin Suite Bootstrap/VT_SearchTransaction_TestCases/Sale_SearchTransaction_Generic_TC" time="60.387" classname="Test Cases/Admin Suite Bootstrap/VT_SearchTransaction_TestCases/Sale_SearchTransaction_Generic_TC" status="PASSED">
         <system-out><![CDATA[2022-08-29 15:47:29 - [TEST_CASE][PASSED] - Test Cases/Admin Suite Bootstrap/VT_SearchTransaction_TestCases/Sale_SearchTransaction_Generic_TC: Test Cases/Admin Suite Bootstrap/VT_SearchTransaction_TestCases/Sale_SearchTransaction_Generic_TC

2022-08-29 15:47:30 - [TEST_STEP][PASSED] - path_Dashboard = "Object Repository/AdminSuiteBootstrap_Pages/Dashboard_Bootstrap/": null

2022-08-29 15:47:30 - [TEST_STEP][PASSED] - path_VT = "Object Repository/AdminSuiteBootstrap_Pages/VT_Bootstrap/IssueTransactions/": null

2022-08-29 15:47:30 - [TEST_STEP][PASSED] - path_SaleKB = "Object Repository/AdminSuiteBootstrap_Pages/VT_Bootstrap/SaleKeyboard/": null

2022-08-29 15:47:30 - [TEST_STEP][PASSED] - path_TestMinus = "Object Repository/Page_TestMinusAndAtSigns/": null

2022-08-29 15:47:30 - [TEST_STEP][PASSED] - path_Receipt = "Object Repository/AdminSuiteBootstrap_Pages/VT_Bootstrap/Receipt/": null

2022-08-29 15:47:30 - [TEST_STEP][PASSED] - path_CCSearch = "Object Repository/AdminSuiteBootstrap_Pages/VT_Bootstrap/CCCreditOrVoidSearch/": null

2022-08-29 15:47:30 - [TEST_STEP][PASSED] - path_SearchResults = "Object Repository/AdminSuiteBootstrap_Pages/VT_Bootstrap/SearchResults/": null

2022-08-29 15:47:30 - [TEST_STEP][PASSED] - path_TranxDetails = "Object Repository/AdminSuiteBootstrap_Pages/VT_Bootstrap/TransactionDetails/": null

2022-08-29 15:47:30 - [TEST_STEP][PASSED] - li_1 = vpos_Prefix: null

2022-08-29 15:47:30 - [TEST_STEP][PASSED] - li_2 = "/transactions/AuthCapForm/": null

2022-08-29 15:47:30 - [TEST_STEP][PASSED] - executionProfile = getExecutionProfile(): null

2022-08-29 15:47:30 - [TEST_STEP][PASSED] - out.println("executionProfile : " + executionProfile): null

2022-08-29 15:47:30 - [TEST_STEP][PASSED] - appName = <not implemented yet for class: org.codehaus.groovy.ast.expr.EmptyExpression>: null

2022-08-29 15:47:30 - [TEST_STEP][PASSED] - appID = <not implemented yet for class: org.codehaus.groovy.ast.expr.EmptyExpression>: null

2022-08-29 15:47:30 - [TEST_STEP][PASSED] - cardNameV = <not implemented yet for class: org.codehaus.groovy.ast.expr.EmptyExpression>: null

2022-08-29 15:47:30 - [TEST_STEP][PASSED] - al1V = <not implemented yet for class: org.codehaus.groovy.ast.expr.EmptyExpression>: null

2022-08-29 15:47:30 - [TEST_STEP][PASSED] - al2V = <not implemented yet for class: org.codehaus.groovy.ast.expr.EmptyExpression>: null

2022-08-29 15:47:30 - [TEST_STEP][PASSED] - zipV = <not implemented yet for class: org.codehaus.groovy.ast.expr.EmptyExpression>: null

2022-08-29 15:47:30 - [TEST_STEP][PASSED] - cardTypeV = <not implemented yet for class: org.codehaus.groovy.ast.expr.EmptyExpression>: null

2022-08-29 15:47:30 - [TEST_STEP][PASSED] - last4V = <not implemented yet for class: org.codehaus.groovy.ast.expr.EmptyExpression>: null

2022-08-29 15:47:30 - [TEST_STEP][PASSED] - resText = "Fail": null

2022-08-29 15:47:30 - [TEST_STEP][PASSED] - resColumn = "Result": null

2022-08-29 15:47:30 - [TEST_STEP][PASSED] - datCloumn = "Date": null

2022-08-29 15:47:30 - [TEST_STEP][PASSED] - fileLoc = "C:\KatalonData\Bootstrap\VT-Misc-Data.xlsx": null

2022-08-29 15:47:30 - [TEST_STEP][PASSED] - numOfRows = <not implemented yet for class: org.codehaus.groovy.ast.expr.EmptyExpression>: null

2022-08-29 15:47:30 - [TEST_STEP][PASSED] - dataFile = <not implemented yet for class: org.codehaus.groovy.ast.expr.EmptyExpression>: null

2022-08-29 15:47:30 - [TEST_STEP][PASSED] - nameSheet = <not implemented yet for class: org.codehaus.groovy.ast.expr.EmptyExpression>: null

2022-08-29 15:47:30 - [TEST_STEP][PASSED] - nameSheet = "SaleSearchTransactions": null

2022-08-29 15:47:30 - [TEST_STEP][PASSED] - numOfRows = findTestData("QA/Bootstrap/VT-SearchTransactions-TestData/VT-SaleSearchTransactions").getRowNumbers(): null

2022-08-29 15:47:30 - [TEST_STEP][PASSED] - println("Number of Records: " + numOfRows): null

2022-08-29 15:47:30 - [TEST_STEP][PASSED] - dataFile = "QA/Bootstrap/VT-SearchTransactions-TestData/VT-SaleSearchTransactions": null

2022-08-29 15:47:30 - [TEST_STEP][PASSED] - for ([row = 1, row <= numOfRows, (row++)]): null

2022-08-29 15:47:30 - [TEST_STEP][PASSED] - ExecuteTC = findTestData(dataFile).getValue("Execute", row): null

2022-08-29 15:47:30 - [TEST_STEP][PASSED] - out.println("Value of Execute is : " + ExecuteTC): null

2022-08-29 15:47:30 - [TEST_STEP][PASSED] - switch (executionProfile): null

2022-08-29 15:47:30 - [TEST_STEP][PASSED] - case "QAProfile":: null

2022-08-29 15:47:30 - [TEST_STEP][PASSED] - appName = findTestData(dataFile).getValue("AppNameQA", row): null

2022-08-29 15:47:30 - [TEST_STEP][PASSED] - appID = findTestData(dataFile).getValue("AppIDQA", row): null

2022-08-29 15:47:30 - [TEST_STEP][PASSED] - break: null

2022-08-29 15:47:30 - [TEST_STEP][PASSED] - hrefAppID = li_1 + appID + li_2: null

2022-08-29 15:47:30 - [TEST_STEP][PASSED] - hrefApp = li_1 + appID + "/": null

2022-08-29 15:47:30 - [TEST_STEP][PASSED] - println("hrefApp : " + hrefApp): null

2022-08-29 15:47:30 - [TEST_STEP][PASSED] - if (ExecuteTC.equalsIgnoreCase("Y")): null

2022-08-29 15:47:30 - [TEST_STEP][PASSED] - ExecuteTC = findTestData(dataFile).getValue("Execute", row): null

2022-08-29 15:47:30 - [TEST_STEP][PASSED] - out.println("Value of Execute is : " + ExecuteTC): null

2022-08-29 15:47:30 - [TEST_STEP][PASSED] - switch (executionProfile): null

2022-08-29 15:47:30 - [TEST_STEP][PASSED] - case "QAProfile":: null

2022-08-29 15:47:30 - [TEST_STEP][PASSED] - appName = findTestData(dataFile).getValue("AppNameQA", row): null

2022-08-29 15:47:31 - [TEST_STEP][PASSED] - appID = findTestData(dataFile).getValue("AppIDQA", row): null

2022-08-29 15:47:31 - [TEST_STEP][PASSED] - break: null

2022-08-29 15:47:31 - [TEST_STEP][PASSED] - hrefAppID = li_1 + appID + li_2: null

2022-08-29 15:47:31 - [TEST_STEP][PASSED] - hrefApp = li_1 + appID + "/": null

2022-08-29 15:47:31 - [TEST_STEP][PASSED] - println("hrefApp : " + hrefApp): null

2022-08-29 15:47:31 - [TEST_STEP][PASSED] - if (ExecuteTC.equalsIgnoreCase("Y")): null

2022-08-29 15:47:31 - [TEST_STEP][PASSED] - ExecuteTC = findTestData(dataFile).getValue("Execute", row): null

2022-08-29 15:47:31 - [TEST_STEP][PASSED] - out.println("Value of Execute is : " + ExecuteTC): null

2022-08-29 15:47:31 - [TEST_STEP][PASSED] - switch (executionProfile): null

2022-08-29 15:47:31 - [TEST_STEP][PASSED] - case "QAProfile":: null

2022-08-29 15:47:31 - [TEST_STEP][PASSED] - appName = findTestData(dataFile).getValue("AppNameQA", row): null

2022-08-29 15:47:31 - [TEST_STEP][PASSED] - appID = findTestData(dataFile).getValue("AppIDQA", row): null

2022-08-29 15:47:31 - [TEST_STEP][PASSED] - break: null

2022-08-29 15:47:31 - [TEST_STEP][PASSED] - hrefAppID = li_1 + appID + li_2: null

2022-08-29 15:47:31 - [TEST_STEP][PASSED] - hrefApp = li_1 + appID + "/": null

2022-08-29 15:47:31 - [TEST_STEP][PASSED] - println("hrefApp : " + hrefApp): null

2022-08-29 15:47:31 - [TEST_STEP][PASSED] - if (ExecuteTC.equalsIgnoreCase("Y")): null

2022-08-29 15:47:31 - [TEST_STEP][PASSED] - ExecuteTC = findTestData(dataFile).getValue("Execute", row): null

2022-08-29 15:47:31 - [TEST_STEP][PASSED] - out.println("Value of Execute is : " + ExecuteTC): null

2022-08-29 15:47:31 - [TEST_STEP][PASSED] - switch (executionProfile): null

2022-08-29 15:47:31 - [TEST_STEP][PASSED] - case "QAProfile":: null

2022-08-29 15:47:31 - [TEST_STEP][PASSED] - appName = findTestData(dataFile).getValue("AppNameQA", row): null

2022-08-29 15:47:31 - [TEST_STEP][PASSED] - appID = findTestData(dataFile).getValue("AppIDQA", row): null

2022-08-29 15:47:31 - [TEST_STEP][PASSED] - break: null

2022-08-29 15:47:31 - [TEST_STEP][PASSED] - hrefAppID = li_1 + appID + li_2: null

2022-08-29 15:47:31 - [TEST_STEP][PASSED] - hrefApp = li_1 + appID + "/": null

2022-08-29 15:47:31 - [TEST_STEP][PASSED] - println("hrefApp : " + hrefApp): null

2022-08-29 15:47:31 - [TEST_STEP][PASSED] - if (ExecuteTC.equalsIgnoreCase("Y")): null

2022-08-29 15:47:31 - [TEST_STEP][PASSED] - ExecuteTC = findTestData(dataFile).getValue("Execute", row): null

2022-08-29 15:47:31 - [TEST_STEP][PASSED] - out.println("Value of Execute is : " + ExecuteTC): null

2022-08-29 15:47:31 - [TEST_STEP][PASSED] - switch (executionProfile): null

2022-08-29 15:47:31 - [TEST_STEP][PASSED] - case "QAProfile":: null

2022-08-29 15:47:31 - [TEST_STEP][PASSED] - appName = findTestData(dataFile).getValue("AppNameQA", row): null

2022-08-29 15:47:32 - [TEST_STEP][PASSED] - appID = findTestData(dataFile).getValue("AppIDQA", row): null

2022-08-29 15:47:32 - [TEST_STEP][PASSED] - break: null

2022-08-29 15:47:32 - [TEST_STEP][PASSED] - hrefAppID = li_1 + appID + li_2: null

2022-08-29 15:47:32 - [TEST_STEP][PASSED] - hrefApp = li_1 + appID + "/": null

2022-08-29 15:47:32 - [TEST_STEP][PASSED] - println("hrefApp : " + hrefApp): null

2022-08-29 15:47:32 - [TEST_STEP][PASSED] - if (ExecuteTC.equalsIgnoreCase("Y")): null

2022-08-29 15:47:32 - [TEST_STEP][PASSED] - ExecuteTC = findTestData(dataFile).getValue("Execute", row): null

2022-08-29 15:47:32 - [TEST_STEP][PASSED] - out.println("Value of Execute is : " + ExecuteTC): null

2022-08-29 15:47:32 - [TEST_STEP][PASSED] - switch (executionProfile): null

2022-08-29 15:47:32 - [TEST_STEP][PASSED] - case "QAProfile":: null

2022-08-29 15:47:32 - [TEST_STEP][PASSED] - appName = findTestData(dataFile).getValue("AppNameQA", row): null

2022-08-29 15:47:32 - [TEST_STEP][PASSED] - appID = findTestData(dataFile).getValue("AppIDQA", row): null

2022-08-29 15:47:32 - [TEST_STEP][PASSED] - break: null

2022-08-29 15:47:32 - [TEST_STEP][PASSED] - hrefAppID = li_1 + appID + li_2: null

2022-08-29 15:47:32 - [TEST_STEP][PASSED] - hrefApp = li_1 + appID + "/": null

2022-08-29 15:47:32 - [TEST_STEP][PASSED] - println("hrefApp : " + hrefApp): null

2022-08-29 15:47:32 - [TEST_STEP][PASSED] - if (ExecuteTC.equalsIgnoreCase("Y")): null

2022-08-29 15:47:32 - [TEST_STEP][PASSED] - ExecuteTC = findTestData(dataFile).getValue("Execute", row): null

2022-08-29 15:47:32 - [TEST_STEP][PASSED] - out.println("Value of Execute is : " + ExecuteTC): null

2022-08-29 15:47:32 - [TEST_STEP][PASSED] - switch (executionProfile): null

2022-08-29 15:47:32 - [TEST_STEP][PASSED] - case "QAProfile":: null

2022-08-29 15:47:32 - [TEST_STEP][PASSED] - appName = findTestData(dataFile).getValue("AppNameQA", row): null

2022-08-29 15:47:32 - [TEST_STEP][PASSED] - appID = findTestData(dataFile).getValue("AppIDQA", row): null

2022-08-29 15:47:32 - [TEST_STEP][PASSED] - break: null

2022-08-29 15:47:32 - [TEST_STEP][PASSED] - hrefAppID = li_1 + appID + li_2: null

2022-08-29 15:47:32 - [TEST_STEP][PASSED] - hrefApp = li_1 + appID + "/": null

2022-08-29 15:47:32 - [TEST_STEP][PASSED] - println("hrefApp : " + hrefApp): null

2022-08-29 15:47:32 - [TEST_STEP][PASSED] - if (ExecuteTC.equalsIgnoreCase("Y")): null

2022-08-29 15:47:32 - [TEST_STEP][PASSED] - ExecuteTC = findTestData(dataFile).getValue("Execute", row): null

2022-08-29 15:47:33 - [TEST_STEP][PASSED] - out.println("Value of Execute is : " + ExecuteTC): null

2022-08-29 15:47:33 - [TEST_STEP][PASSED] - switch (executionProfile): null

2022-08-29 15:47:33 - [TEST_STEP][PASSED] - case "QAProfile":: null

2022-08-29 15:47:33 - [TEST_STEP][PASSED] - appName = findTestData(dataFile).getValue("AppNameQA", row): null

2022-08-29 15:47:33 - [TEST_STEP][PASSED] - appID = findTestData(dataFile).getValue("AppIDQA", row): null

2022-08-29 15:47:33 - [TEST_STEP][PASSED] - break: null

2022-08-29 15:47:33 - [TEST_STEP][PASSED] - hrefAppID = li_1 + appID + li_2: null

2022-08-29 15:47:33 - [TEST_STEP][PASSED] - hrefApp = li_1 + appID + "/": null

2022-08-29 15:47:33 - [TEST_STEP][PASSED] - println("hrefApp : " + hrefApp): null

2022-08-29 15:47:33 - [TEST_STEP][PASSED] - if (ExecuteTC.equalsIgnoreCase("Y")): null

2022-08-29 15:47:33 - [TEST_STEP][PASSED] - ExecuteTC = findTestData(dataFile).getValue("Execute", row): null

2022-08-29 15:47:33 - [TEST_STEP][PASSED] - out.println("Value of Execute is : " + ExecuteTC): null

2022-08-29 15:47:33 - [TEST_STEP][PASSED] - switch (executionProfile): null

2022-08-29 15:47:33 - [TEST_STEP][PASSED] - case "QAProfile":: null

2022-08-29 15:47:33 - [TEST_STEP][PASSED] - appName = findTestData(dataFile).getValue("AppNameQA", row): null

2022-08-29 15:47:33 - [TEST_STEP][PASSED] - appID = findTestData(dataFile).getValue("AppIDQA", row): null

2022-08-29 15:47:33 - [TEST_STEP][PASSED] - break: null

2022-08-29 15:47:33 - [TEST_STEP][PASSED] - hrefAppID = li_1 + appID + li_2: null

2022-08-29 15:47:33 - [TEST_STEP][PASSED] - hrefApp = li_1 + appID + "/": null

2022-08-29 15:47:33 - [TEST_STEP][PASSED] - println("hrefApp : " + hrefApp): null

2022-08-29 15:47:33 - [TEST_STEP][PASSED] - if (ExecuteTC.equalsIgnoreCase("Y")): null

2022-08-29 15:47:33 - [TEST_STEP][PASSED] - ExecuteTC = findTestData(dataFile).getValue("Execute", row): null

2022-08-29 15:47:33 - [TEST_STEP][PASSED] - out.println("Value of Execute is : " + ExecuteTC): null

2022-08-29 15:47:33 - [TEST_STEP][PASSED] - switch (executionProfile): null

2022-08-29 15:47:33 - [TEST_STEP][PASSED] - case "QAProfile":: null

2022-08-29 15:47:33 - [TEST_STEP][PASSED] - appName = findTestData(dataFile).getValue("AppNameQA", row): null

2022-08-29 15:47:33 - [TEST_STEP][PASSED] - appID = findTestData(dataFile).getValue("AppIDQA", row): null

2022-08-29 15:47:33 - [TEST_STEP][PASSED] - break: null

2022-08-29 15:47:33 - [TEST_STEP][PASSED] - hrefAppID = li_1 + appID + li_2: null

2022-08-29 15:47:33 - [TEST_STEP][PASSED] - hrefApp = li_1 + appID + "/": null

2022-08-29 15:47:33 - [TEST_STEP][PASSED] - println("hrefApp : " + hrefApp): null

2022-08-29 15:47:33 - [TEST_STEP][PASSED] - if (ExecuteTC.equalsIgnoreCase("Y")): null

2022-08-29 15:47:33 - [TEST_STEP][PASSED] - ExecuteTC = findTestData(dataFile).getValue("Execute", row): null

2022-08-29 15:47:33 - [TEST_STEP][PASSED] - out.println("Value of Execute is : " + ExecuteTC): null

2022-08-29 15:47:33 - [TEST_STEP][PASSED] - switch (executionProfile): null

2022-08-29 15:47:33 - [TEST_STEP][PASSED] - case "QAProfile":: null

2022-08-29 15:47:33 - [TEST_STEP][PASSED] - appName = findTestData(dataFile).getValue("AppNameQA", row): null

2022-08-29 15:47:33 - [TEST_STEP][PASSED] - appID = findTestData(dataFile).getValue("AppIDQA", row): null

2022-08-29 15:47:34 - [TEST_STEP][PASSED] - break: null

2022-08-29 15:47:34 - [TEST_STEP][PASSED] - hrefAppID = li_1 + appID + li_2: null

2022-08-29 15:47:34 - [TEST_STEP][PASSED] - hrefApp = li_1 + appID + "/": null

2022-08-29 15:47:34 - [TEST_STEP][PASSED] - println("hrefApp : " + hrefApp): null

2022-08-29 15:47:34 - [TEST_STEP][PASSED] - if (ExecuteTC.equalsIgnoreCase("Y")): null

2022-08-29 15:47:34 - [TEST_STEP][PASSED] - ExecuteTC = findTestData(dataFile).getValue("Execute", row): null

2022-08-29 15:47:34 - [TEST_STEP][PASSED] - out.println("Value of Execute is : " + ExecuteTC): null

2022-08-29 15:47:34 - [TEST_STEP][PASSED] - switch (executionProfile): null

2022-08-29 15:47:34 - [TEST_STEP][PASSED] - case "QAProfile":: null

2022-08-29 15:47:34 - [TEST_STEP][PASSED] - appName = findTestData(dataFile).getValue("AppNameQA", row): null

2022-08-29 15:47:34 - [TEST_STEP][PASSED] - appID = findTestData(dataFile).getValue("AppIDQA", row): null

2022-08-29 15:47:34 - [TEST_STEP][PASSED] - break: null

2022-08-29 15:47:34 - [TEST_STEP][PASSED] - hrefAppID = li_1 + appID + li_2: null

2022-08-29 15:47:34 - [TEST_STEP][PASSED] - hrefApp = li_1 + appID + "/": null

2022-08-29 15:47:34 - [TEST_STEP][PASSED] - println("hrefApp : " + hrefApp): null

2022-08-29 15:47:34 - [TEST_STEP][PASSED] - if (ExecuteTC.equalsIgnoreCase("Y")): Browser is closed

2022-08-29 15:47:34 - [TEST_STEP][PASSED] - out.println("Begin Record Number: " + row): null

2022-08-29 15:47:34 - [TEST_STEP][PASSED] - today = new java.util.Date(): null

2022-08-29 15:47:34 - [TEST_STEP][PASSED] - println(today): null

2022-08-29 15:47:34 - [TEST_STEP][PASSED] - datText = today: null

2022-08-29 15:47:34 - [TEST_STEP][PASSED] - adminSuiteBootstrap.loginFunctionality.login_AdminSuite(): adminSuiteBootstrap.loginFunctionality.login_AdminSuite is PASSED

2022-08-29 15:47:34 - [MESSAGE][WARNING] - A browser is already opened. Closing browser and opening a new one

2022-08-29 15:47:35 - [MESSAGE][INFO] - Starting 'Chrome' driver

2022-08-29 15:47:35 - [MESSAGE][INFO] - User set preference: ['acceptInsecureCerts', 'true']

2022-08-29 15:47:35 - [MESSAGE][INFO] - Action delay is set to 0 milliseconds

2022-08-29 15:47:38 - [MESSAGE][PASSED] - Browser is opened with url: 'https://qa.velocitypayment.com/admin/imtiaz'

2022-08-29 15:47:38 - [MESSAGE][PASSED] - Current window maximized

2022-08-29 15:47:38 - [MESSAGE][PASSED] - Object 'Object Repository/Login_Page/Login_Username' is present

2022-08-29 15:47:39 - [MESSAGE][PASSED] - Text 'iahmed' is set on object 'Object Repository/Login_Page/Login_Username'

2022-08-29 15:47:39 - [MESSAGE][PASSED] - Text 'hello2222' is set on object 'Object Repository/Login_Page/Login_Password'

2022-08-29 15:47:42 - [MESSAGE][PASSED] - Object: 'Object Repository/Login_Page/Login_Submit' is clicked on

2022-08-29 15:47:42 - [MESSAGE][PASSED] - adminSuiteBootstrap.loginFunctionality.login_AdminSuite is PASSED

2022-08-29 15:47:42 - [TEST_STEP][PASSED] - click(findTestObject(path_Dashboard + appName)): Object: 'Object Repository/AdminSuiteBootstrap_Pages/Dashboard_Bootstrap/a_Access AutoNoCFtp' is clicked on

2022-08-29 15:47:43 - [MESSAGE][PASSED] - Object: 'Object Repository/AdminSuiteBootstrap_Pages/Dashboard_Bootstrap/a_Access AutoNoCFtp' is clicked on

2022-08-29 15:47:43 - [TEST_STEP][PASSED] - click(findTestObject(path_VT + "button_Authorization  Capture (Sale)")): Object: 'Object Repository/AdminSuiteBootstrap_Pages/VT_Bootstrap/IssueTransactions/button_Authorization  Capture (Sale)' is clicked on

2022-08-29 15:47:44 - [MESSAGE][PASSED] - Object: 'Object Repository/AdminSuiteBootstrap_Pages/VT_Bootstrap/IssueTransactions/button_Authorization  Capture (Sale)' is clicked on

2022-08-29 15:47:44 - [TEST_STEP][PASSED] - saleKeyboardEntryLink = modifyObjectProperty(findTestObject(path_VT + "a_KeyboardEntry_Sale"), "href", "equals", hrefAppID, true): Modify property of object successfully

2022-08-29 15:47:44 - [MESSAGE][PASSED] - Modify property of object successfully

2022-08-29 15:47:44 - [TEST_STEP][PASSED] - click(saleKeyboardEntryLink): Object: 'Object Repository/AdminSuiteBootstrap_Pages/VT_Bootstrap/IssueTransactions/a_KeyboardEntry_Sale' is clicked on

2022-08-29 15:47:45 - [MESSAGE][PASSED] - Object: 'Object Repository/AdminSuiteBootstrap_Pages/VT_Bootstrap/IssueTransactions/a_KeyboardEntry_Sale' is clicked on

2022-08-29 15:47:45 - [TEST_STEP][PASSED] - adminSuiteBootstrap.virtualTerminalSetData.saleKeyboard_DataDriven(row, dataFile): adminSuiteBootstrap.virtualTerminalSetData.saleKeyboard_DataDriven is PASSED

2022-08-29 15:47:47 - [MESSAGE][PASSED] - Text 'Mithun Chakravarthy' is set on object 'Object Repository/AdminSuiteBootstrap_Pages/VT_Bootstrap/SaleKeyboard/input_cardName'

2022-08-29 15:47:48 - [MESSAGE][PASSED] - All options with value 'MOTO' are selected in object 'Object Repository/AdminSuiteBootstrap_Pages/VT_Bootstrap/SaleKeyboard/select_transactionCategory'  using regular expression

2022-08-29 15:47:49 - [MESSAGE][PASSED] - Execute JavaScript 'arguments[0].value ='6011000993026909' ' successfully

2022-08-29 15:47:49 - [MESSAGE][PASSED] - Execute JavaScript 'arguments[0].value ='123' ' successfully

2022-08-29 15:47:51 - [MESSAGE][PASSED] - All options with value '12' are selected in object 'Object Repository/AdminSuiteBootstrap_Pages/VT_Bootstrap/SaleKeyboard/select_MM'  using regular expression

2022-08-29 15:47:52 - [MESSAGE][PASSED] - All options with value '2025' are selected in object 'Object Repository/AdminSuiteBootstrap_Pages/VT_Bootstrap/SaleKeyboard/select_YYYY'  using regular expression

2022-08-29 15:47:53 - [MESSAGE][PASSED] - Text '6565 Jhilmil Palace' is set on object 'Object Repository/AdminSuiteBootstrap_Pages/VT_Bootstrap/SaleKeyboard/input__address'

2022-08-29 15:47:53 - [MESSAGE][PASSED] - Text 'Suite 500' is set on object 'Object Repository/AdminSuiteBootstrap_Pages/VT_Bootstrap/SaleKeyboard/input__address2'

2022-08-29 15:47:54 - [MESSAGE][PASSED] - Text '21093' is set on object 'Object Repository/AdminSuiteBootstrap_Pages/VT_Bootstrap/SaleKeyboard/input__zip'

2022-08-29 15:47:55 - [MESSAGE][PASSED] - Text '' is set on object 'Object Repository/AdminSuiteBootstrap_Pages/VT_Bootstrap/SaleKeyboard/input_emailAddress'

2022-08-29 15:47:57 - [MESSAGE][PASSED] - Text '' is set on object 'Object Repository/AdminSuiteBootstrap_Pages/VT_Bootstrap/SaleKeyboard/input_smsNumber'

2022-08-29 15:47:57 - [MESSAGE][PASSED] - Text '10.50' is set on object 'Object Repository/AdminSuiteBootstrap_Pages/VT_Bootstrap/SaleKeyboard/input_amount'

2022-08-29 15:47:58 - [MESSAGE][PASSED] - Text 'Yaad aa raha hai' is set on object 'Object Repository/AdminSuiteBootstrap_Pages/VT_Bootstrap/SaleKeyboard/input_userDefined1'

2022-08-29 15:47:59 - [MESSAGE][PASSED] - Text 'Tera Pyar' is set on object 'Object Repository/AdminSuiteBootstrap_Pages/VT_Bootstrap/SaleKeyboard/input_userDefined2'

2022-08-29 15:47:59 - [MESSAGE][PASSED] - Text 'Yaron Main to' is set on object 'Object Repository/AdminSuiteBootstrap_Pages/VT_Bootstrap/SaleKeyboard/input_userDefined3'

2022-08-29 15:48:00 - [MESSAGE][PASSED] - Text 'Yahan Jeeta raha' is set on object 'Object Repository/AdminSuiteBootstrap_Pages/VT_Bootstrap/SaleKeyboard/input_userDefined4'

2022-08-29 15:48:01 - [MESSAGE][PASSED] - All options with label 'Orange' are selected in object 'Object Repository/AdminSuiteBootstrap_Pages/VT_Bootstrap/SaleKeyboard/select_UDF5_DropDown'  using regular expression

2022-08-29 15:48:02 - [MESSAGE][PASSED] - All options with label 'Yellow' are selected in object 'Object Repository/AdminSuiteBootstrap_Pages/VT_Bootstrap/SaleKeyboard/select_UDF6_DropDown'  using regular expression

2022-08-29 15:48:03 - [MESSAGE][PASSED] - Text 'Saare Ghum' is set on object 'Object Repository/AdminSuiteBootstrap_Pages/VT_Bootstrap/SaleKeyboard/input_userDefined7'

2022-08-29 15:48:04 - [MESSAGE][PASSED] - Text 'Apne Bhula ke' is set on object 'Object Repository/AdminSuiteBootstrap_Pages/VT_Bootstrap/SaleKeyboard/input_userDefined8'

2022-08-29 15:48:04 - [MESSAGE][PASSED] - Text 'Yaad aa raha hai' is set on object 'Object Repository/AdminSuiteBootstrap_Pages/VT_Bootstrap/SaleKeyboard/input_userDefined9'

2022-08-29 15:48:05 - [MESSAGE][PASSED] - Text 'Tera Pyar' is set on object 'Object Repository/AdminSuiteBootstrap_Pages/VT_Bootstrap/SaleKeyboard/input_userDefined10'

2022-08-29 15:48:07 - [MESSAGE][PASSED] - Object: 'Object Repository/AdminSuiteBootstrap_Pages/VT_Bootstrap/SaleKeyboard/button_Submit' is clicked on

2022-08-29 15:48:07 - [MESSAGE][PASSED] - adminSuiteBootstrap.virtualTerminalSetData.saleKeyboard_DataDriven is PASSED

2022-08-29 15:48:07 - [TEST_STEP][PASSED] - if (verifyTextPresent("Transaction Successful", true)): null

2022-08-29 15:48:08 - [MESSAGE][PASSED] - Text 'Transaction Successful' is present on page  using regular expression

2022-08-29 15:48:08 - [TEST_STEP][PASSED] - sdf = getText(findTestObject(path_Receipt + "td_AutoNoC031622113752957Ahm")): Text of object 'Object Repository/AdminSuiteBootstrap_Pages/VT_Bootstrap/Receipt/td_AutoNoC031622113752957Ahm' is: 'AutoNoC082922154744984Ahm'

2022-08-29 15:48:08 - [MESSAGE][PASSED] - Text of object 'Object Repository/AdminSuiteBootstrap_Pages/VT_Bootstrap/Receipt/td_AutoNoC031622113752957Ahm' is: 'AutoNoC082922154744984Ahm'

2022-08-29 15:48:08 - [TEST_STEP][PASSED] - out.println("sdf: " + sdf): null

2022-08-29 15:48:08 - [TEST_STEP][PASSED] - remID = sdf: null

2022-08-29 15:48:08 - [TEST_STEP][PASSED] - out.println("remID: " + remID): null

2022-08-29 15:48:08 - [TEST_STEP][PASSED] - click(findTestObject(path_Receipt + "button_Continue")): Object: 'Object Repository/AdminSuiteBootstrap_Pages/VT_Bootstrap/Receipt/button_Continue' is clicked on

2022-08-29 15:48:10 - [MESSAGE][PASSED] - Object: 'Object Repository/AdminSuiteBootstrap_Pages/VT_Bootstrap/Receipt/button_Continue' is clicked on

2022-08-29 15:48:10 - [TEST_STEP][PASSED] - click(findTestObject(path_VT + "a_Search Transactions")): Object: 'Object Repository/AdminSuiteBootstrap_Pages/VT_Bootstrap/IssueTransactions/a_Search Transactions' is clicked on

2022-08-29 15:48:11 - [MESSAGE][PASSED] - Object: 'Object Repository/AdminSuiteBootstrap_Pages/VT_Bootstrap/IssueTransactions/a_Search Transactions' is clicked on

2022-08-29 15:48:11 - [TEST_STEP][PASSED] - setText(findTestObject(path_CCSearch + "input_Search By_searchValue"), remID): Text 'AutoNoC082922154744984Ahm' is set on object 'Object Repository/AdminSuiteBootstrap_Pages/VT_Bootstrap/CCCreditOrVoidSearch/input_Search By_searchValue'

2022-08-29 15:48:12 - [MESSAGE][PASSED] - Text 'AutoNoC082922154744984Ahm' is set on object 'Object Repository/AdminSuiteBootstrap_Pages/VT_Bootstrap/CCCreditOrVoidSearch/input_Search By_searchValue'

2022-08-29 15:48:12 - [TEST_STEP][PASSED] - click(findTestObject(path_CCSearch + "button_Submit")): Object: 'Object Repository/AdminSuiteBootstrap_Pages/VT_Bootstrap/CCCreditOrVoidSearch/button_Submit' is clicked on

2022-08-29 15:48:13 - [MESSAGE][PASSED] - Object: 'Object Repository/AdminSuiteBootstrap_Pages/VT_Bootstrap/CCCreditOrVoidSearch/button_Submit' is clicked on

2022-08-29 15:48:13 - [TEST_STEP][PASSED] - fgr = getText(findTestObject(path_SearchResults + "div_Payment ID")): Text of object 'Object Repository/AdminSuiteBootstrap_Pages/VT_Bootstrap/SearchResults/div_Payment ID' is: 'Payment ID
Payment Type
Transaction Type
Remittance ID
Name
Total Amount
End Date
Status
12118480 Credit Card Authorization and Capture AutoNoC082922154744984Ahm Mithun Chakravarthy $10.50 08/29/2022 Success'

2022-08-29 15:48:14 - [MESSAGE][PASSED] - Text of object 'Object Repository/AdminSuiteBootstrap_Pages/VT_Bootstrap/SearchResults/div_Payment ID' is: 'Payment ID
Payment Type
Transaction Type
Remittance ID
Name
Total Amount
End Date
Status
12118480 Credit Card Authorization and Capture AutoNoC082922154744984Ahm Mithun Chakravarthy $10.50 08/29/2022 Success'

2022-08-29 15:48:14 - [TEST_STEP][PASSED] - payID = substring(89, 98).trim(): null

2022-08-29 15:48:14 - [TEST_STEP][PASSED] - out.println("payID: " + payID): null

2022-08-29 15:48:14 - [TEST_STEP][PASSED] - click(findTestObject(path_SearchResults + "button_Modify Search Criteria")): Object: 'Object Repository/AdminSuiteBootstrap_Pages/VT_Bootstrap/SearchResults/button_Modify Search Criteria' is clicked on

2022-08-29 15:48:15 - [MESSAGE][PASSED] - Object: 'Object Repository/AdminSuiteBootstrap_Pages/VT_Bootstrap/SearchResults/button_Modify Search Criteria' is clicked on

2022-08-29 15:48:15 - [TEST_STEP][PASSED] - adminSuiteBootstrap.searchTransactions.searchTransactions_DataDriven(row, dataFile, remID, payID): adminSuiteBootstrap.searchTransactions.searchTransactions_DataDriven is PASSED

2022-08-29 15:48:16 - [MESSAGE][PASSED] - All options with label 'UDF Label: UDF5' are selected in object 'Object Repository/AdminSuiteBootstrap_Pages/VT_Bootstrap/CCCreditOrVoidSearch/select_SearchBy' 

2022-08-29 15:48:16 - [MESSAGE][PASSED] - Text 'Orange Recorded' is set on object 'Object Repository/AdminSuiteBootstrap_Pages/VT_Bootstrap/CCCreditOrVoidSearch/input_Search By_searchValue'

2022-08-29 15:48:18 - [MESSAGE][PASSED] - Object: 'Object Repository/AdminSuiteBootstrap_Pages/VT_Bootstrap/CCCreditOrVoidSearch/button_Submit' is clicked on

2022-08-29 15:48:18 - [MESSAGE][PASSED] - adminSuiteBootstrap.searchTransactions.searchTransactions_DataDriven is PASSED

2022-08-29 15:48:18 - [TEST_STEP][PASSED] - verifyTextPresent("Transactions Matching Search Criteria", true): Text 'Transactions Matching Search Criteria' is present on page  using regular expression

2022-08-29 15:48:18 - [MESSAGE][PASSED] - Text 'Transactions Matching Search Criteria' is present on page  using regular expression

2022-08-29 15:48:18 - [TEST_STEP][PASSED] - verifyTextPresent("Payment ID", true): Text 'Payment ID' is present on page  using regular expression

2022-08-29 15:48:18 - [MESSAGE][PASSED] - Text 'Payment ID' is present on page  using regular expression

2022-08-29 15:48:18 - [TEST_STEP][PASSED] - verifyTextPresent("Payment Type", true): Text 'Payment Type' is present on page  using regular expression

2022-08-29 15:48:19 - [MESSAGE][PASSED] - Text 'Payment Type' is present on page  using regular expression

2022-08-29 15:48:19 - [TEST_STEP][PASSED] - verifyTextPresent("Transaction Type", true): Text 'Transaction Type' is present on page  using regular expression

2022-08-29 15:48:19 - [MESSAGE][PASSED] - Text 'Transaction Type' is present on page  using regular expression

2022-08-29 15:48:19 - [TEST_STEP][PASSED] - verifyTextPresent("Remittance ID", true): Text 'Remittance ID' is present on page  using regular expression

2022-08-29 15:48:19 - [MESSAGE][PASSED] - Text 'Remittance ID' is present on page  using regular expression

2022-08-29 15:48:19 - [TEST_STEP][PASSED] - verifyTextPresent("Name", true): Text 'Name' is present on page  using regular expression

2022-08-29 15:48:20 - [MESSAGE][PASSED] - Text 'Name' is present on page  using regular expression

2022-08-29 15:48:20 - [TEST_STEP][PASSED] - verifyTextPresent("Total Amount", true): Text 'Total Amount' is present on page  using regular expression

2022-08-29 15:48:20 - [MESSAGE][PASSED] - Text 'Total Amount' is present on page  using regular expression

2022-08-29 15:48:20 - [TEST_STEP][PASSED] - verifyTextPresent("End Date", true): Text 'End Date' is present on page  using regular expression

2022-08-29 15:48:20 - [MESSAGE][PASSED] - Text 'End Date' is present on page  using regular expression

2022-08-29 15:48:20 - [TEST_STEP][PASSED] - verifyTextPresent("Status", true): Text 'Status' is present on page  using regular expression

2022-08-29 15:48:21 - [MESSAGE][PASSED] - Text 'Status' is present on page  using regular expression

2022-08-29 15:48:21 - [TEST_STEP][PASSED] - verifyTextPresent("Credit Card", true): Text 'Credit Card' is present on page  using regular expression

2022-08-29 15:48:21 - [MESSAGE][PASSED] - Text 'Credit Card' is present on page  using regular expression

2022-08-29 15:48:21 - [TEST_STEP][PASSED] - verifyTextPresent("Authorization and Capture", true): Text 'Authorization and Capture' is present on page  using regular expression

2022-08-29 15:48:21 - [MESSAGE][PASSED] - Text 'Authorization and Capture' is present on page  using regular expression

2022-08-29 15:48:21 - [TEST_STEP][PASSED] - verifyTextPresent("Mithun Chakravarthy", true): Text 'Mithun Chakravarthy' is present on page  using regular expression

2022-08-29 15:48:22 - [MESSAGE][PASSED] - Text 'Mithun Chakravarthy' is present on page  using regular expression

2022-08-29 15:48:22 - [TEST_STEP][PASSED] - verifyTextPresent("Success", true): Text 'Success' is present on page  using regular expression

2022-08-29 15:48:22 - [MESSAGE][PASSED] - Text 'Success' is present on page  using regular expression

2022-08-29 15:48:22 - [TEST_STEP][PASSED] - verifyTextPresent(remID, true): Text 'AutoNoC082922154744984Ahm' is present on page  using regular expression

2022-08-29 15:48:22 - [MESSAGE][PASSED] - Text 'AutoNoC082922154744984Ahm' is present on page  using regular expression

2022-08-29 15:48:22 - [TEST_STEP][PASSED] - verifyElementPresent(findTestObject(path_SearchResults + "button_PaymentID"), 10): Object 'Object Repository/AdminSuiteBootstrap_Pages/VT_Bootstrap/SearchResults/button_PaymentID' is present

2022-08-29 15:48:23 - [MESSAGE][PASSED] - Object 'Object Repository/AdminSuiteBootstrap_Pages/VT_Bootstrap/SearchResults/button_PaymentID' is present

2022-08-29 15:48:23 - [TEST_STEP][PASSED] - click(findTestObject(path_SearchResults + "button_PaymentID")): Object: 'Object Repository/AdminSuiteBootstrap_Pages/VT_Bootstrap/SearchResults/button_PaymentID' is clicked on

2022-08-29 15:48:24 - [MESSAGE][PASSED] - Object: 'Object Repository/AdminSuiteBootstrap_Pages/VT_Bootstrap/SearchResults/button_PaymentID' is clicked on

2022-08-29 15:48:24 - [TEST_STEP][PASSED] - click(findTestObject(path_TranxDetails + "a_Void this transaction")): Object: 'Object Repository/AdminSuiteBootstrap_Pages/VT_Bootstrap/TransactionDetails/a_Void this transaction' is clicked on

2022-08-29 15:48:26 - [MESSAGE][PASSED] - Object: 'Object Repository/AdminSuiteBootstrap_Pages/VT_Bootstrap/TransactionDetails/a_Void this transaction' is clicked on

2022-08-29 15:48:26 - [TEST_STEP][PASSED] - click(findTestObject(path_TranxDetails + "button_Submit")): Object: 'Object Repository/AdminSuiteBootstrap_Pages/VT_Bootstrap/TransactionDetails/button_Submit' is clicked on

2022-08-29 15:48:28 - [MESSAGE][PASSED] - Object: 'Object Repository/AdminSuiteBootstrap_Pages/VT_Bootstrap/TransactionDetails/button_Submit' is clicked on

2022-08-29 15:48:28 - [TEST_STEP][PASSED] - verifyTextPresent("Transaction Successful", true): Text 'Transaction Successful' is present on page  using regular expression

2022-08-29 15:48:28 - [MESSAGE][PASSED] - Text 'Transaction Successful' is present on page  using regular expression

2022-08-29 15:48:28 - [TEST_STEP][PASSED] - closeBrowser(): Browser is closed

2022-08-29 15:48:29 - [MESSAGE][PASSED] - Browser is closed

2022-08-29 15:48:29 - [TEST_STEP][PASSED] - ExecuteTC = findTestData(dataFile).getValue("Execute", row): null

2022-08-29 15:48:29 - [TEST_STEP][PASSED] - out.println("Value of Execute is : " + ExecuteTC): null

2022-08-29 15:48:29 - [TEST_STEP][PASSED] - switch (executionProfile): null

2022-08-29 15:48:29 - [TEST_STEP][PASSED] - case "QAProfile":: null

2022-08-29 15:48:29 - [TEST_STEP][PASSED] - appName = findTestData(dataFile).getValue("AppNameQA", row): null

2022-08-29 15:48:29 - [TEST_STEP][PASSED] - appID = findTestData(dataFile).getValue("AppIDQA", row): null

2022-08-29 15:48:29 - [TEST_STEP][PASSED] - break: null

2022-08-29 15:48:29 - [TEST_STEP][PASSED] - hrefAppID = li_1 + appID + li_2: null

2022-08-29 15:48:29 - [TEST_STEP][PASSED] - hrefApp = li_1 + appID + "/": null

2022-08-29 15:48:29 - [TEST_STEP][PASSED] - println("hrefApp : " + hrefApp): null

2022-08-29 15:48:29 - [TEST_STEP][PASSED] - if (ExecuteTC.equalsIgnoreCase("Y")): null

2022-08-29 15:48:29 - [TEST_STEP][PASSED] - ExecuteTC = findTestData(dataFile).getValue("Execute", row): null

2022-08-29 15:48:29 - [TEST_STEP][PASSED] - out.println("Value of Execute is : " + ExecuteTC): null

2022-08-29 15:48:29 - [TEST_STEP][PASSED] - switch (executionProfile): null

2022-08-29 15:48:29 - [TEST_STEP][PASSED] - case "QAProfile":: null

2022-08-29 15:48:29 - [TEST_STEP][PASSED] - appName = findTestData(dataFile).getValue("AppNameQA", row): null

2022-08-29 15:48:29 - [TEST_STEP][PASSED] - appID = findTestData(dataFile).getValue("AppIDQA", row): null

2022-08-29 15:48:29 - [TEST_STEP][PASSED] - break: null

2022-08-29 15:48:29 - [TEST_STEP][PASSED] - hrefAppID = li_1 + appID + li_2: null

2022-08-29 15:48:29 - [TEST_STEP][PASSED] - hrefApp = li_1 + appID + "/": null

2022-08-29 15:48:29 - [TEST_STEP][PASSED] - println("hrefApp : " + hrefApp): null

2022-08-29 15:48:29 - [TEST_STEP][PASSED] - if (ExecuteTC.equalsIgnoreCase("Y")): null

2022-08-29 15:48:29 - [TEST_STEP][PASSED] - ExecuteTC = findTestData(dataFile).getValue("Execute", row): null

2022-08-29 15:48:29 - [TEST_STEP][PASSED] - out.println("Value of Execute is : " + ExecuteTC): null

2022-08-29 15:48:29 - [TEST_STEP][PASSED] - switch (executionProfile): null

2022-08-29 15:48:29 - [TEST_STEP][PASSED] - case "QAProfile":: null

2022-08-29 15:48:29 - [TEST_STEP][PASSED] - appName = findTestData(dataFile).getValue("AppNameQA", row): null

2022-08-29 15:48:29 - [TEST_STEP][PASSED] - appID = findTestData(dataFile).getValue("AppIDQA", row): null

2022-08-29 15:48:29 - [TEST_STEP][PASSED] - break: null

2022-08-29 15:48:29 - [TEST_STEP][PASSED] - hrefAppID = li_1 + appID + li_2: null

2022-08-29 15:48:29 - [TEST_STEP][PASSED] - hrefApp = li_1 + appID + "/": null

2022-08-29 15:48:29 - [TEST_STEP][PASSED] - println("hrefApp : " + hrefApp): null

2022-08-29 15:48:29 - [TEST_STEP][PASSED] - if (ExecuteTC.equalsIgnoreCase("Y")): null

2022-08-29 15:48:29 - [TEST_STEP][PASSED] - ExecuteTC = findTestData(dataFile).getValue("Execute", row): null

2022-08-29 15:48:29 - [TEST_STEP][PASSED] - out.println("Value of Execute is : " + ExecuteTC): null

2022-08-29 15:48:29 - [TEST_STEP][PASSED] - switch (executionProfile): null

2022-08-29 15:48:29 - [TEST_STEP][PASSED] - case "QAProfile":: null

2022-08-29 15:48:29 - [TEST_STEP][PASSED] - appName = findTestData(dataFile).getValue("AppNameQA", row): null

2022-08-29 15:48:29 - [TEST_STEP][PASSED] - appID = findTestData(dataFile).getValue("AppIDQA", row): null

2022-08-29 15:48:29 - [TEST_STEP][PASSED] - break: null

2022-08-29 15:48:29 - [TEST_STEP][PASSED] - hrefAppID = li_1 + appID + li_2: null

2022-08-29 15:48:29 - [TEST_STEP][PASSED] - hrefApp = li_1 + appID + "/": null

2022-08-29 15:48:29 - [TEST_STEP][PASSED] - println("hrefApp : " + hrefApp): null

2022-08-29 15:48:29 - [TEST_STEP][PASSED] - if (ExecuteTC.equalsIgnoreCase("Y")): null

2022-08-29 15:48:29 - [TEST_STEP][PASSED] - ExecuteTC = findTestData(dataFile).getValue("Execute", row): null

2022-08-29 15:48:30 - [TEST_STEP][PASSED] - out.println("Value of Execute is : " + ExecuteTC): null

2022-08-29 15:48:30 - [TEST_STEP][PASSED] - switch (executionProfile): null

2022-08-29 15:48:30 - [TEST_STEP][PASSED] - case "QAProfile":: null

2022-08-29 15:48:30 - [TEST_STEP][PASSED] - appName = findTestData(dataFile).getValue("AppNameQA", row): null

2022-08-29 15:48:30 - [TEST_STEP][PASSED] - appID = findTestData(dataFile).getValue("AppIDQA", row): null

2022-08-29 15:48:30 - [TEST_STEP][PASSED] - break: null

2022-08-29 15:48:30 - [TEST_STEP][PASSED] - hrefAppID = li_1 + appID + li_2: null

2022-08-29 15:48:30 - [TEST_STEP][PASSED] - hrefApp = li_1 + appID + "/": null

2022-08-29 15:48:30 - [TEST_STEP][PASSED] - println("hrefApp : " + hrefApp): null

2022-08-29 15:48:30 - [TEST_STEP][PASSED] - if (ExecuteTC.equalsIgnoreCase("Y")): null]]></system-out>
         <system-err><![CDATA[]]></system-err>
      </testcase>
      <system-out><![CDATA[2022-08-29 15:40:24 - [TEST_SUITE][FAILED] - AdminSuiteBootstrap_UI_TestSuite: Test Cases/Admin Suite Bootstrap/Dashboard_TestCases/VerifyDashboardLinks_UI_TC FAILED.
Reason:
com.kms.katalon.core.exception.StepFailedException: com.kms.katalon.core.webui.exception.WebElementNotFoundException: Web element with id: 'Object Repository/AdminSuiteBootstrap_Pages/Dashboard_Bootstrap/a_Email Subscription' located by '//*[@href = '/admin/imtiaz/bootstrap/vclerk/index.do?actionType=email' and (text() = 'Email Subscription' or . = 'Email Subscription')]' not found (Root cause: com.kms.katalon.core.exception.StepFailedException: com.kms.katalon.core.webui.exception.WebElementNotFoundException: Web element with id: 'Object Repository/AdminSuiteBootstrap_Pages/Dashboard_Bootstrap/a_Email Subscription' located by '//*[@href = '/admin/imtiaz/bootstrap/vclerk/index.do?actionType=email' and (text() = 'Email Subscription' or . = 'Email Subscription')]' not found
	at com.kms.katalon.core.webui.keyword.internal.WebUIKeywordMain.stepFailed(WebUIKeywordMain.groovy:64)
	at com.kms.katalon.core.webui.keyword.builtin.VerifyElementPresentKeyword$_verifyElementPresent_closure1.doCall(VerifyElementPresentKeyword.groovy:85)
	at com.kms.katalon.core.webui.keyword.builtin.VerifyElementPresentKeyword$_verifyElementPresent_closure1.call(VerifyElementPresentKeyword.groovy)
	at com.kms.katalon.core.webui.keyword.internal.WebUIKeywordMain.runKeyword(WebUIKeywordMain.groovy:20)
	at com.kms.katalon.core.webui.keyword.builtin.VerifyElementPresentKeyword.verifyElementPresent(VerifyElementPresentKeyword.groovy:92)
	at com.kms.katalon.core.webui.keyword.builtin.VerifyElementPresentKeyword.execute(VerifyElementPresentKeyword.groovy:68)
	at com.kms.katalon.core.keyword.internal.KeywordExecutor.executeKeywordForPlatform(KeywordExecutor.groovy:74)
	at com.kms.katalon.core.webui.keyword.WebUiBuiltInKeywords.verifyElementPresent(WebUiBuiltInKeywords.groovy:1464)
	at com.kms.katalon.core.webui.keyword.WebUiBuiltInKeywords$verifyElementPresent$1.call(Unknown Source)
	at VerifyDashboardLinks_UI_TC.run(VerifyDashboardLinks_UI_TC:101)
	at com.kms.katalon.core.main.ScriptEngine.run(ScriptEngine.java:194)
	at com.kms.katalon.core.main.ScriptEngine.runScriptAsRawText(ScriptEngine.java:119)
	at com.kms.katalon.core.main.TestCaseExecutor.runScript(TestCaseExecutor.java:448)
	at com.kms.katalon.core.main.TestCaseExecutor.doExecute(TestCaseExecutor.java:439)
	at com.kms.katalon.core.main.TestCaseExecutor.processExecutionPhase(TestCaseExecutor.java:418)
	at com.kms.katalon.core.main.TestCaseExecutor.accessMainPhase(TestCaseExecutor.java:410)
	at com.kms.katalon.core.main.TestCaseExecutor.execute(TestCaseExecutor.java:285)
	at com.kms.katalon.core.common.CommonExecutor.accessTestCaseMainPhase(CommonExecutor.java:65)
	at com.kms.katalon.core.main.TestSuiteExecutor.accessTestSuiteMainPhase(TestSuiteExecutor.java:144)
	at com.kms.katalon.core.main.TestSuiteExecutor.execute(TestSuiteExecutor.java:106)
	at com.kms.katalon.core.main.TestCaseMain.startTestSuite(TestCaseMain.java:185)
	at com.kms.katalon.core.main.TestCaseMain$startTestSuite$0.call(Unknown Source)
	at TempTestSuite1661802019376.run(TempTestSuite1661802019376.groovy:36)
)
	at com.kms.katalon.core.keyword.internal.KeywordMain.stepFailed(KeywordMain.groovy:39)
	at com.kms.katalon.core.webui.keyword.internal.WebUIKeywordMain.stepFailed(WebUIKeywordMain.groovy:64)
	at com.kms.katalon.core.webui.keyword.builtin.VerifyElementPresentKeyword$_verifyElementPresent_closure1.doCall(VerifyElementPresentKeyword.groovy:85)
	at com.kms.katalon.core.webui.keyword.builtin.VerifyElementPresentKeyword$_verifyElementPresent_closure1.call(VerifyElementPresentKeyword.groovy)
	at com.kms.katalon.core.webui.keyword.internal.WebUIKeywordMain.runKeyword(WebUIKeywordMain.groovy:20)
	at com.kms.katalon.core.webui.keyword.builtin.VerifyElementPresentKeyword.verifyElementPresent(VerifyElementPresentKeyword.groovy:92)
	at com.kms.katalon.core.webui.keyword.builtin.VerifyElementPresentKeyword.execute(VerifyElementPresentKeyword.groovy:68)
	at com.kms.katalon.core.keyword.internal.KeywordExecutor.executeKeywordForPlatform(KeywordExecutor.groovy:74)
	at com.kms.katalon.core.webui.keyword.WebUiBuiltInKeywords.verifyElementPresent(WebUiBuiltInKeywords.groovy:1464)
	at com.kms.katalon.core.webui.keyword.WebUiBuiltInKeywords$verifyElementPresent$1.call(Unknown Source)
	at VerifyDashboardLinks_UI_TC.run(VerifyDashboardLinks_UI_TC:101)
	at com.kms.katalon.core.main.ScriptEngine.run(ScriptEngine.java:194)
	at com.kms.katalon.core.main.ScriptEngine.runScriptAsRawText(ScriptEngine.java:119)
	at com.kms.katalon.core.main.TestCaseExecutor.runScript(TestCaseExecutor.java:448)
	at com.kms.katalon.core.main.TestCaseExecutor.doExecute(TestCaseExecutor.java:439)
	at com.kms.katalon.core.main.TestCaseExecutor.processExecutionPhase(TestCaseExecutor.java:418)
	at com.kms.katalon.core.main.TestCaseExecutor.accessMainPhase(TestCaseExecutor.java:410)
	at com.kms.katalon.core.main.TestCaseExecutor.execute(TestCaseExecutor.java:285)
	at com.kms.katalon.core.common.CommonExecutor.accessTestCaseMainPhase(CommonExecutor.java:65)
	at com.kms.katalon.core.main.TestSuiteExecutor.accessTestSuiteMainPhase(TestSuiteExecutor.java:144)
	at com.kms.katalon.core.main.TestSuiteExecutor.execute(TestSuiteExecutor.java:106)
	at com.kms.katalon.core.main.TestCaseMain.startTestSuite(TestCaseMain.java:185)
	at com.kms.katalon.core.main.TestCaseMain$startTestSuite$0.call(Unknown Source)
	at TempTestSuite1661802019376.run(TempTestSuite1661802019376.groovy:36)
Caused by: com.kms.katalon.core.exception.StepFailedException: com.kms.katalon.core.webui.exception.WebElementNotFoundException: Web element with id: 'Object Repository/AdminSuiteBootstrap_Pages/Dashboard_Bootstrap/a_Email Subscription' located by '//*[@href = '/admin/imtiaz/bootstrap/vclerk/index.do?actionType=email' and (text() = 'Email Subscription' or . = 'Email Subscription')]' not found
	... 23 more]]></system-out>
      <system-err><![CDATA[2022-08-29 15:40:24 - [TEST_SUITE][FAILED] - AdminSuiteBootstrap_UI_TestSuite: Test Cases/Admin Suite Bootstrap/Dashboard_TestCases/VerifyDashboardLinks_UI_TC FAILED.
Reason:
com.kms.katalon.core.exception.StepFailedException: com.kms.katalon.core.webui.exception.WebElementNotFoundException: Web element with id: 'Object Repository/AdminSuiteBootstrap_Pages/Dashboard_Bootstrap/a_Email Subscription' located by '//*[@href = '/admin/imtiaz/bootstrap/vclerk/index.do?actionType=email' and (text() = 'Email Subscription' or . = 'Email Subscription')]' not found (Root cause: com.kms.katalon.core.exception.StepFailedException: com.kms.katalon.core.webui.exception.WebElementNotFoundException: Web element with id: 'Object Repository/AdminSuiteBootstrap_Pages/Dashboard_Bootstrap/a_Email Subscription' located by '//*[@href = '/admin/imtiaz/bootstrap/vclerk/index.do?actionType=email' and (text() = 'Email Subscription' or . = 'Email Subscription')]' not found
	at com.kms.katalon.core.webui.keyword.internal.WebUIKeywordMain.stepFailed(WebUIKeywordMain.groovy:64)
	at com.kms.katalon.core.webui.keyword.builtin.VerifyElementPresentKeyword$_verifyElementPresent_closure1.doCall(VerifyElementPresentKeyword.groovy:85)
	at com.kms.katalon.core.webui.keyword.builtin.VerifyElementPresentKeyword$_verifyElementPresent_closure1.call(VerifyElementPresentKeyword.groovy)
	at com.kms.katalon.core.webui.keyword.internal.WebUIKeywordMain.runKeyword(WebUIKeywordMain.groovy:20)
	at com.kms.katalon.core.webui.keyword.builtin.VerifyElementPresentKeyword.verifyElementPresent(VerifyElementPresentKeyword.groovy:92)
	at com.kms.katalon.core.webui.keyword.builtin.VerifyElementPresentKeyword.execute(VerifyElementPresentKeyword.groovy:68)
	at com.kms.katalon.core.keyword.internal.KeywordExecutor.executeKeywordForPlatform(KeywordExecutor.groovy:74)
	at com.kms.katalon.core.webui.keyword.WebUiBuiltInKeywords.verifyElementPresent(WebUiBuiltInKeywords.groovy:1464)
	at com.kms.katalon.core.webui.keyword.WebUiBuiltInKeywords$verifyElementPresent$1.call(Unknown Source)
	at VerifyDashboardLinks_UI_TC.run(VerifyDashboardLinks_UI_TC:101)
	at com.kms.katalon.core.main.ScriptEngine.run(ScriptEngine.java:194)
	at com.kms.katalon.core.main.ScriptEngine.runScriptAsRawText(ScriptEngine.java:119)
	at com.kms.katalon.core.main.TestCaseExecutor.runScript(TestCaseExecutor.java:448)
	at com.kms.katalon.core.main.TestCaseExecutor.doExecute(TestCaseExecutor.java:439)
	at com.kms.katalon.core.main.TestCaseExecutor.processExecutionPhase(TestCaseExecutor.java:418)
	at com.kms.katalon.core.main.TestCaseExecutor.accessMainPhase(TestCaseExecutor.java:410)
	at com.kms.katalon.core.main.TestCaseExecutor.execute(TestCaseExecutor.java:285)
	at com.kms.katalon.core.common.CommonExecutor.accessTestCaseMainPhase(CommonExecutor.java:65)
	at com.kms.katalon.core.main.TestSuiteExecutor.accessTestSuiteMainPhase(TestSuiteExecutor.java:144)
	at com.kms.katalon.core.main.TestSuiteExecutor.execute(TestSuiteExecutor.java:106)
	at com.kms.katalon.core.main.TestCaseMain.startTestSuite(TestCaseMain.java:185)
	at com.kms.katalon.core.main.TestCaseMain$startTestSuite$0.call(Unknown Source)
	at TempTestSuite1661802019376.run(TempTestSuite1661802019376.groovy:36)
)
	at com.kms.katalon.core.keyword.internal.KeywordMain.stepFailed(KeywordMain.groovy:39)
	at com.kms.katalon.core.webui.keyword.internal.WebUIKeywordMain.stepFailed(WebUIKeywordMain.groovy:64)
	at com.kms.katalon.core.webui.keyword.builtin.VerifyElementPresentKeyword$_verifyElementPresent_closure1.doCall(VerifyElementPresentKeyword.groovy:85)
	at com.kms.katalon.core.webui.keyword.builtin.VerifyElementPresentKeyword$_verifyElementPresent_closure1.call(VerifyElementPresentKeyword.groovy)
	at com.kms.katalon.core.webui.keyword.internal.WebUIKeywordMain.runKeyword(WebUIKeywordMain.groovy:20)
	at com.kms.katalon.core.webui.keyword.builtin.VerifyElementPresentKeyword.verifyElementPresent(VerifyElementPresentKeyword.groovy:92)
	at com.kms.katalon.core.webui.keyword.builtin.VerifyElementPresentKeyword.execute(VerifyElementPresentKeyword.groovy:68)
	at com.kms.katalon.core.keyword.internal.KeywordExecutor.executeKeywordForPlatform(KeywordExecutor.groovy:74)
	at com.kms.katalon.core.webui.keyword.WebUiBuiltInKeywords.verifyElementPresent(WebUiBuiltInKeywords.groovy:1464)
	at com.kms.katalon.core.webui.keyword.WebUiBuiltInKeywords$verifyElementPresent$1.call(Unknown Source)
	at VerifyDashboardLinks_UI_TC.run(VerifyDashboardLinks_UI_TC:101)
	at com.kms.katalon.core.main.ScriptEngine.run(ScriptEngine.java:194)
	at com.kms.katalon.core.main.ScriptEngine.runScriptAsRawText(ScriptEngine.java:119)
	at com.kms.katalon.core.main.TestCaseExecutor.runScript(TestCaseExecutor.java:448)
	at com.kms.katalon.core.main.TestCaseExecutor.doExecute(TestCaseExecutor.java:439)
	at com.kms.katalon.core.main.TestCaseExecutor.processExecutionPhase(TestCaseExecutor.java:418)
	at com.kms.katalon.core.main.TestCaseExecutor.accessMainPhase(TestCaseExecutor.java:410)
	at com.kms.katalon.core.main.TestCaseExecutor.execute(TestCaseExecutor.java:285)
	at com.kms.katalon.core.common.CommonExecutor.accessTestCaseMainPhase(CommonExecutor.java:65)
	at com.kms.katalon.core.main.TestSuiteExecutor.accessTestSuiteMainPhase(TestSuiteExecutor.java:144)
	at com.kms.katalon.core.main.TestSuiteExecutor.execute(TestSuiteExecutor.java:106)
	at com.kms.katalon.core.main.TestCaseMain.startTestSuite(TestCaseMain.java:185)
	at com.kms.katalon.core.main.TestCaseMain$startTestSuite$0.call(Unknown Source)
	at TempTestSuite1661802019376.run(TempTestSuite1661802019376.groovy:36)
Caused by: com.kms.katalon.core.exception.StepFailedException: com.kms.katalon.core.webui.exception.WebElementNotFoundException: Web element with id: 'Object Repository/AdminSuiteBootstrap_Pages/Dashboard_Bootstrap/a_Email Subscription' located by '//*[@href = '/admin/imtiaz/bootstrap/vclerk/index.do?actionType=email' and (text() = 'Email Subscription' or . = 'Email Subscription')]' not found
	... 23 more]]></system-err>
   </testsuite>
</testsuites>
