<?xml version="1.0" encoding="UTF-8"?>
<testsuites name="AdminSuiteBootstrap_Payments_TestSuite" time="10251.12" tests="39" failures="0" errors="0">
   <testsuite name="AdminSuiteBootstrap_Payments_TestSuite" tests="39" failures="0" errors="0" time="10251.12" skipped="0" timestamp="2024-07-12 21:41:14" hostname="imtiaz - DESKTOP-B2QI6NS.govolution.com" id="Test Suites/QA/VT-Bootstrap/AdminSuiteBootstrap_Payments_TestSuite">
      <properties>
         <property name="deviceName" value=""/>
         <property name="devicePlatform" value=""/>
         <property name="logFolder" value="E:\\Cloned-Project-Katalon\\VPS-Katalon\\Reports\\20240712_214106\\QA\\VT-Bootstrap\\AdminSuiteBootstrap_Payments_TestSuite\\20240712_214106"/>
         <property name="logFiles" value="E:\\Cloned-Project-Katalon\\VPS-Katalon\\Reports\\20240712_214106\\QA\\VT-Bootstrap\\AdminSuiteBootstrap_Payments_TestSuite\\20240712_214106\\execution0.log, E:\\Cloned-Project-Katalon\\VPS-Katalon\\Reports\\20240712_214106\\QA\\VT-Bootstrap\\AdminSuiteBootstrap_Payments_TestSuite\\20240712_214106\\execution1.log"/>
         <property name="attachments" value=""/>
         <property name="hostName" value="imtiaz - DESKTOP-B2QI6NS.govolution.com"/>
         <property name="os" value="Windows 10 64bit"/>
         <property name="katalonVersion" value="8.6.9.208"/>
         <property name="browser" value="Chrome 126.0.0.0"/>
         <property name="hostAddress" value="172.31.253.185"/>
         <property name="sessionId" value="b4ae7e123d797b92cf2bdfbbd4e5e302"/>
         <property name="seleniumVersion" value="3.141.59"/>
         <property name="proxyInformation" value="ProxyInformation { proxyOption=NO_PROXY, proxyServerType=HTTP, username=, password=********, proxyServerAddress=, proxyServerPort=0, executionList=&quot;&quot;, isApplyToDesiredCapabilities=true }"/>
         <property name="platform" value="Windows 10"/>
      </properties>
      <testcase name="Test Cases/Admin Suite Bootstrap/VT_TestCases/SaleKeyboard_TP_DualCF_Generic_Payment_TC" time="475.061" classname="Test Cases/Admin Suite Bootstrap/VT_TestCases/SaleKeyboard_TP_DualCF_Generic_Payment_TC" status="PASSED">
         <system-out><![CDATA[2024-07-12 21:41:14 - [TEST_CASE][PASSED] - Test Cases/Admin Suite Bootstrap/VT_TestCases/SaleKeyboard_TP_DualCF_Generic_Payment_TC: Test Cases/Admin Suite Bootstrap/VT_TestCases/SaleKeyboard_TP_DualCF_Generic_Payment_TC

2024-07-12 21:41:15 - [TEST_STEP][PASSED] - path_Dashboard = "Object Repository/AdminSuiteBootstrap_Pages/Dashboard_Bootstrap/": null

2024-07-12 21:41:15 - [TEST_STEP][PASSED] - path_VT = "Object Repository/AdminSuiteBootstrap_Pages/VT_Bootstrap/IssueTransactions/": null

2024-07-12 21:41:15 - [TEST_STEP][PASSED] - path_SaleKB = "Object Repository/AdminSuiteBootstrap_Pages/VT_Bootstrap/SaleKeyboard/": null

2024-07-12 21:41:15 - [TEST_STEP][PASSED] - path_TestMinus = "Object Repository/Page_TestMinusAndAtSigns/": null

2024-07-12 21:41:15 - [TEST_STEP][PASSED] - li_1 = vpos_Prefix: null

2024-07-12 21:41:15 - [TEST_STEP][PASSED] - li_2 = "/transactions/AuthCapForm/": null

2024-07-12 21:41:15 - [TEST_STEP][PASSED] - executionProfile = getExecutionProfile(): null

2024-07-12 21:41:15 - [TEST_STEP][PASSED] - out.println("executionProfile : " + executionProfile): null

2024-07-12 21:41:15 - [TEST_STEP][PASSED] - appName = <not implemented yet for class: org.codehaus.groovy.ast.expr.EmptyExpression>: null

2024-07-12 21:41:15 - [TEST_STEP][PASSED] - appID = <not implemented yet for class: org.codehaus.groovy.ast.expr.EmptyExpression>: null

2024-07-12 21:41:15 - [TEST_STEP][PASSED] - cardNameV = <not implemented yet for class: org.codehaus.groovy.ast.expr.EmptyExpression>: null

2024-07-12 21:41:15 - [TEST_STEP][PASSED] - al1V = <not implemented yet for class: org.codehaus.groovy.ast.expr.EmptyExpression>: null

2024-07-12 21:41:15 - [TEST_STEP][PASSED] - al2V = <not implemented yet for class: org.codehaus.groovy.ast.expr.EmptyExpression>: null

2024-07-12 21:41:15 - [TEST_STEP][PASSED] - zipV = <not implemented yet for class: org.codehaus.groovy.ast.expr.EmptyExpression>: null

2024-07-12 21:41:15 - [TEST_STEP][PASSED] - cardTypeV = <not implemented yet for class: org.codehaus.groovy.ast.expr.EmptyExpression>: null

2024-07-12 21:41:15 - [TEST_STEP][PASSED] - last4V = <not implemented yet for class: org.codehaus.groovy.ast.expr.EmptyExpression>: null

2024-07-12 21:41:15 - [TEST_STEP][PASSED] - resText = "Fail": null

2024-07-12 21:41:15 - [TEST_STEP][PASSED] - resColumn = "Result": null

2024-07-12 21:41:15 - [TEST_STEP][PASSED] - datCloumn = "Date": null

2024-07-12 21:41:15 - [TEST_STEP][PASSED] - fileLoc = "C:\KatalonData\Bootstrap\VT-Data.xlsx": null

2024-07-12 21:41:15 - [TEST_STEP][PASSED] - numOfRows = <not implemented yet for class: org.codehaus.groovy.ast.expr.EmptyExpression>: null

2024-07-12 21:41:15 - [TEST_STEP][PASSED] - dataFile = <not implemented yet for class: org.codehaus.groovy.ast.expr.EmptyExpression>: null

2024-07-12 21:41:15 - [TEST_STEP][PASSED] - nameSheet = <not implemented yet for class: org.codehaus.groovy.ast.expr.EmptyExpression>: null

2024-07-12 21:41:15 - [TEST_STEP][PASSED] - nameSheet = "VT-Sale-DualCF-Generic": null

2024-07-12 21:41:15 - [TEST_STEP][PASSED] - numOfRows = findTestData("QA/Bootstrap/VT-TestData/VT-SaleData-DualCF-Generic").getRowNumbers(): null

2024-07-12 21:41:17 - [TEST_STEP][PASSED] - println("Number of Records: " + numOfRows): null

2024-07-12 21:41:17 - [TEST_STEP][PASSED] - dataFile = "QA/Bootstrap/VT-TestData/VT-SaleData-DualCF-Generic": null

2024-07-12 21:41:17 - [TEST_STEP][PASSED] - for ([row = 1, row <= numOfRows, (row++)]): Browser is closed

2024-07-12 21:41:17 - [TEST_STEP][PASSED] - ExecuteTC = findTestData(dataFile).getValue("Execute", row): null

2024-07-12 21:41:17 - [TEST_STEP][PASSED] - out.println("Value of Execute is : " + ExecuteTC): null

2024-07-12 21:41:17 - [TEST_STEP][PASSED] - switch (executionProfile): null

2024-07-12 21:41:17 - [TEST_STEP][PASSED] - case "QA2Profile":: null

2024-07-12 21:41:17 - [TEST_STEP][PASSED] - appName = findTestData(dataFile).getValue("AppNameQA", row): null

2024-07-12 21:41:17 - [TEST_STEP][PASSED] - appID = findTestData(dataFile).getValue("AppIDQA", row): null

2024-07-12 21:41:17 - [TEST_STEP][PASSED] - break: null

2024-07-12 21:41:17 - [TEST_STEP][PASSED] - hrefAppID = li_1 + appID + li_2: null

2024-07-12 21:41:17 - [TEST_STEP][PASSED] - hrefApp = li_1 + appID + "/": null

2024-07-12 21:41:17 - [TEST_STEP][PASSED] - println("hrefApp : " + hrefApp): null

2024-07-12 21:41:17 - [TEST_STEP][PASSED] - if (ExecuteTC.equalsIgnoreCase("Y")): Browser is closed

2024-07-12 21:41:17 - [TEST_STEP][PASSED] - out.println("Begin Record Number: " + row): null

2024-07-12 21:41:17 - [TEST_STEP][PASSED] - today = new java.util.Date(): null

2024-07-12 21:41:17 - [TEST_STEP][PASSED] - println(today): null

2024-07-12 21:41:17 - [TEST_STEP][PASSED] - datText = today: null

2024-07-12 21:41:17 - [TEST_STEP][PASSED] - adminSuiteBootstrap.loginFunctionality.login_AdminSuite(): adminSuiteBootstrap.loginFunctionality.login_AdminSuite is PASSED

2024-07-12 21:41:18 - [MESSAGE][INFO] - Starting 'Chrome' driver

2024-07-12 21:41:18 - [MESSAGE][INFO] - User set preference: ['acceptInsecureCerts', 'true']

2024-07-12 21:41:18 - [MESSAGE][INFO] - Action delay is set to 0 milliseconds

2024-07-12 21:41:21 - [MESSAGE][PASSED] - Browser is opened with url: 'https://qa2.velocitypayment.com/admin/imtiaz'

2024-07-12 21:41:22 - [MESSAGE][PASSED] - Current window maximized

2024-07-12 21:41:23 - [MESSAGE][PASSED] - Object 'Object Repository/Login_Page/Login_Username_Okta' is present

2024-07-12 21:41:24 - [MESSAGE][PASSED] - Text 'iahmed' is set on object 'Object Repository/Login_Page/Login_Username_Okta'

2024-07-12 21:41:24 - [MESSAGE][PASSED] - Text 'Hello!6666666' is set on object 'Object Repository/Login_Page/Login_Password_Okta'

2024-07-12 21:41:25 - [MESSAGE][PASSED] - Object: 'Object Repository/Login_Page/Login_Submit_Okta' is clicked on

2024-07-12 21:41:25 - [MESSAGE][PASSED] - adminSuiteBootstrap.loginFunctionality.login_AdminSuite is PASSED

2024-07-12 21:41:25 - [TEST_STEP][PASSED] - click(findTestObject(path_Dashboard + appName)): Object: 'Object Repository/AdminSuiteBootstrap_Pages/Dashboard_Bootstrap/a_Access AutoDualCFtpQA' is clicked on

2024-07-12 21:41:35 - [MESSAGE][PASSED] - Object: 'Object Repository/AdminSuiteBootstrap_Pages/Dashboard_Bootstrap/a_Access AutoDualCFtpQA' is clicked on

2024-07-12 21:41:35 - [TEST_STEP][PASSED] - click(findTestObject(path_VT + "button_Authorization  Capture (Sale)")): Object: 'Object Repository/AdminSuiteBootstrap_Pages/VT_Bootstrap/IssueTransactions/button_Authorization  Capture (Sale)' is clicked on

2024-07-12 21:41:36 - [MESSAGE][PASSED] - Object: 'Object Repository/AdminSuiteBootstrap_Pages/VT_Bootstrap/IssueTransactions/button_Authorization  Capture (Sale)' is clicked on

2024-07-12 21:41:36 - [TEST_STEP][PASSED] - saleKeyboardEntryLink = modifyObjectProperty(findTestObject(path_VT + "a_KeyboardEntry_Sale"), "href", "equals", hrefAppID, true): Modify property of object successfully

2024-07-12 21:41:36 - [MESSAGE][PASSED] - Modify property of object successfully

2024-07-12 21:41:36 - [TEST_STEP][PASSED] - click(saleKeyboardEntryLink): Object: 'Object Repository/AdminSuiteBootstrap_Pages/VT_Bootstrap/IssueTransactions/a_KeyboardEntry_Sale' is clicked on

2024-07-12 21:41:37 - [MESSAGE][PASSED] - Object: 'Object Repository/AdminSuiteBootstrap_Pages/VT_Bootstrap/IssueTransactions/a_KeyboardEntry_Sale' is clicked on

2024-07-12 21:41:37 - [TEST_STEP][PASSED] - adminSuiteBootstrap.virtualTerminalSetData.saleKeyboard_DataDriven(row, dataFile): adminSuiteBootstrap.virtualTerminalSetData.saleKeyboard_DataDriven is PASSED

2024-07-12 21:41:41 - [MESSAGE][PASSED] - Text 'Tulsi Raman' is set on object 'Object Repository/AdminSuiteBootstrap_Pages/VT_Bootstrap/SaleKeyboard/input_cardName'

2024-07-12 21:41:42 - [MESSAGE][PASSED] - All options with value 'RETL' are selected in object 'Object Repository/AdminSuiteBootstrap_Pages/VT_Bootstrap/SaleKeyboard/select_transactionCategory'  using regular expression

2024-07-12 21:41:43 - [MESSAGE][PASSED] - Execute JavaScript 'arguments[0].value ='4012000098765439' ' successfully

2024-07-12 21:41:43 - [MESSAGE][PASSED] - Execute JavaScript 'arguments[0].value ='123' ' successfully

2024-07-12 21:41:44 - [MESSAGE][PASSED] - All options with value '12' are selected in object 'Object Repository/AdminSuiteBootstrap_Pages/VT_Bootstrap/SaleKeyboard/select_MM'  using regular expression

2024-07-12 21:41:45 - [MESSAGE][PASSED] - All options with value '2025' are selected in object 'Object Repository/AdminSuiteBootstrap_Pages/VT_Bootstrap/SaleKeyboard/select_YYYY'  using regular expression

2024-07-12 21:41:46 - [MESSAGE][PASSED] - Text '36 Cornor Road' is set on object 'Object Repository/AdminSuiteBootstrap_Pages/VT_Bootstrap/SaleKeyboard/input__address'

2024-07-12 21:41:47 - [MESSAGE][PASSED] - Text 'Suite 500' is set on object 'Object Repository/AdminSuiteBootstrap_Pages/VT_Bootstrap/SaleKeyboard/input__address2'

2024-07-12 21:41:48 - [MESSAGE][PASSED] - Text '22201' is set on object 'Object Repository/AdminSuiteBootstrap_Pages/VT_Bootstrap/SaleKeyboard/input__zip'

2024-07-12 21:41:48 - [MESSAGE][PASSED] - Text '' is set on object 'Object Repository/AdminSuiteBootstrap_Pages/VT_Bootstrap/SaleKeyboard/input_emailAddress'

2024-07-12 21:41:50 - [MESSAGE][PASSED] - Text '' is set on object 'Object Repository/AdminSuiteBootstrap_Pages/VT_Bootstrap/SaleKeyboard/input_smsNumber'

2024-07-12 21:41:50 - [MESSAGE][PASSED] - Text '10.50' is set on object 'Object Repository/AdminSuiteBootstrap_Pages/VT_Bootstrap/SaleKeyboard/input_amount'

2024-07-12 21:41:52 - [MESSAGE][PASSED] - Text 'Australia' is set on object 'Object Repository/AdminSuiteBootstrap_Pages/VT_Bootstrap/SaleKeyboard/input_userDefined1'

2024-07-12 21:41:52 - [MESSAGE][PASSED] - Text 'Denmark' is set on object 'Object Repository/AdminSuiteBootstrap_Pages/VT_Bootstrap/SaleKeyboard/input_userDefined2'

2024-07-12 21:41:53 - [MESSAGE][PASSED] - Text 'Sweden' is set on object 'Object Repository/AdminSuiteBootstrap_Pages/VT_Bootstrap/SaleKeyboard/input_userDefined3'

2024-07-12 21:41:54 - [MESSAGE][PASSED] - Text 'Austria' is set on object 'Object Repository/AdminSuiteBootstrap_Pages/VT_Bootstrap/SaleKeyboard/input_userDefined4'

2024-07-12 21:41:55 - [MESSAGE][PASSED] - All options with label 'Orange' are selected in object 'Object Repository/AdminSuiteBootstrap_Pages/VT_Bootstrap/SaleKeyboard/select_UDF5_DropDown'  using regular expression

2024-07-12 21:41:56 - [MESSAGE][PASSED] - All options with label 'Yellow' are selected in object 'Object Repository/AdminSuiteBootstrap_Pages/VT_Bootstrap/SaleKeyboard/select_UDF6_DropDown'  using regular expression

2024-07-12 21:41:57 - [MESSAGE][PASSED] - Text 'Norway' is set on object 'Object Repository/AdminSuiteBootstrap_Pages/VT_Bootstrap/SaleKeyboard/input_userDefined7'

2024-07-12 21:41:57 - [MESSAGE][PASSED] - Text 'Netherlands' is set on object 'Object Repository/AdminSuiteBootstrap_Pages/VT_Bootstrap/SaleKeyboard/input_userDefined8'

2024-07-12 21:41:58 - [MESSAGE][PASSED] - Text 'Switzerland' is set on object 'Object Repository/AdminSuiteBootstrap_Pages/VT_Bootstrap/SaleKeyboard/input_userDefined9'

2024-07-12 21:41:59 - [MESSAGE][PASSED] - Text 'France' is set on object 'Object Repository/AdminSuiteBootstrap_Pages/VT_Bootstrap/SaleKeyboard/input_userDefined10'

2024-07-12 21:42:01 - [MESSAGE][PASSED] - Object: 'Object Repository/AdminSuiteBootstrap_Pages/VT_Bootstrap/SaleKeyboard/button_Submit' is clicked on

2024-07-12 21:42:01 - [MESSAGE][PASSED] - adminSuiteBootstrap.virtualTerminalSetData.saleKeyboard_DataDriven is PASSED

2024-07-12 21:42:01 - [TEST_STEP][PASSED] - verifyTextPresent("Transaction Successful", true): Text 'Transaction Successful' is present on page  using regular expression

2024-07-12 21:42:02 - [MESSAGE][PASSED] - Text 'Transaction Successful' is present on page  using regular expression

2024-07-12 21:42:02 - [TEST_STEP][PASSED] - verifyElementVisible(findTestObject("Object Repository/AdminSuiteBootstrap_Pages/VT_Bootstrap/Receipt/button_Continue")): Object 'Object Repository/AdminSuiteBootstrap_Pages/VT_Bootstrap/Receipt/button_Continue' is visible

2024-07-12 21:42:02 - [MESSAGE][PASSED] - Object 'Object Repository/AdminSuiteBootstrap_Pages/VT_Bootstrap/Receipt/button_Continue' is visible

2024-07-12 21:42:02 - [TEST_STEP][PASSED] - verifyElementPresent(findTestObject("Object Repository/AdminSuiteBootstrap_Pages/VT_Bootstrap/Receipt/button_Continue"), 20): Object 'Object Repository/AdminSuiteBootstrap_Pages/VT_Bootstrap/Receipt/button_Continue' is present

2024-07-12 21:42:02 - [MESSAGE][PASSED] - Object 'Object Repository/AdminSuiteBootstrap_Pages/VT_Bootstrap/Receipt/button_Continue' is present

2024-07-12 21:42:02 - [TEST_STEP][PASSED] - verifyElementVisible(findTestObject("Object Repository/AdminSuiteBootstrap_Pages/VT_Bootstrap/Receipt/button_Print")): Object 'Object Repository/AdminSuiteBootstrap_Pages/VT_Bootstrap/Receipt/button_Print' is visible

2024-07-12 21:42:03 - [MESSAGE][PASSED] - Object 'Object Repository/AdminSuiteBootstrap_Pages/VT_Bootstrap/Receipt/button_Print' is visible

2024-07-12 21:42:03 - [TEST_STEP][PASSED] - verifyElementPresent(findTestObject("Object Repository/AdminSuiteBootstrap_Pages/VT_Bootstrap/Receipt/button_Print"), 20): Object 'Object Repository/AdminSuiteBootstrap_Pages/VT_Bootstrap/Receipt/button_Print' is present

2024-07-12 21:42:03 - [MESSAGE][PASSED] - Object 'Object Repository/AdminSuiteBootstrap_Pages/VT_Bootstrap/Receipt/button_Print' is present

2024-07-12 21:42:03 - [TEST_STEP][PASSED] - verifyTextPresent("Remittance ID", true): Text 'Remittance ID' is present on page  using regular expression

2024-07-12 21:42:03 - [MESSAGE][PASSED] - Text 'Remittance ID' is present on page  using regular expression

2024-07-12 21:42:03 - [TEST_STEP][PASSED] - verifyTextPresent("Received", true): Text 'Received' is present on page  using regular expression

2024-07-12 21:42:04 - [MESSAGE][PASSED] - Text 'Received' is present on page  using regular expression

2024-07-12 21:42:04 - [TEST_STEP][PASSED] - verifyTextPresent("UDF1", true): Text 'UDF1' is present on page  using regular expression

2024-07-12 21:42:04 - [MESSAGE][PASSED] - Text 'UDF1' is present on page  using regular expression

2024-07-12 21:42:04 - [TEST_STEP][PASSED] - verifyTextPresent("UDF2", true): Text 'UDF2' is present on page  using regular expression

2024-07-12 21:42:04 - [MESSAGE][PASSED] - Text 'UDF2' is present on page  using regular expression

2024-07-12 21:42:04 - [TEST_STEP][PASSED] - verifyTextPresent("UDF3", true): Text 'UDF3' is present on page  using regular expression

2024-07-12 21:42:05 - [MESSAGE][PASSED] - Text 'UDF3' is present on page  using regular expression

2024-07-12 21:42:05 - [TEST_STEP][PASSED] - verifyTextPresent("UDF4", true): Text 'UDF4' is present on page  using regular expression

2024-07-12 21:42:05 - [MESSAGE][PASSED] - Text 'UDF4' is present on page  using regular expression

2024-07-12 21:42:05 - [TEST_STEP][PASSED] - verifyTextPresent("UDF5", true): Text 'UDF5' is present on page  using regular expression

2024-07-12 21:42:05 - [MESSAGE][PASSED] - Text 'UDF5' is present on page  using regular expression

2024-07-12 21:42:05 - [TEST_STEP][PASSED] - verifyTextPresent("UDF6", true): Text 'UDF6' is present on page  using regular expression

2024-07-12 21:42:06 - [MESSAGE][PASSED] - Text 'UDF6' is present on page  using regular expression

2024-07-12 21:42:06 - [TEST_STEP][PASSED] - verifyTextPresent("UDF7", true): Text 'UDF7' is present on page  using regular expression

2024-07-12 21:42:06 - [MESSAGE][PASSED] - Text 'UDF7' is present on page  using regular expression

2024-07-12 21:42:06 - [TEST_STEP][PASSED] - verifyTextPresent("UDF8", true): Text 'UDF8' is present on page  using regular expression

2024-07-12 21:42:06 - [MESSAGE][PASSED] - Text 'UDF8' is present on page  using regular expression

2024-07-12 21:42:06 - [TEST_STEP][PASSED] - verifyTextPresent("UDF9", true): Text 'UDF9' is present on page  using regular expression

2024-07-12 21:42:07 - [MESSAGE][PASSED] - Text 'UDF9' is present on page  using regular expression

2024-07-12 21:42:07 - [TEST_STEP][PASSED] - verifyTextPresent("UDF 10", true): Text 'UDF 10' is present on page  using regular expression

2024-07-12 21:42:07 - [MESSAGE][PASSED] - Text 'UDF 10' is present on page  using regular expression

2024-07-12 21:42:07 - [TEST_STEP][PASSED] - verifyTextPresent("Australia", true): Text 'Australia' is present on page  using regular expression

2024-07-12 21:42:07 - [MESSAGE][PASSED] - Text 'Australia' is present on page  using regular expression

2024-07-12 21:42:07 - [TEST_STEP][PASSED] - verifyTextPresent("Denmark", true): Text 'Denmark' is present on page  using regular expression

2024-07-12 21:42:08 - [MESSAGE][PASSED] - Text 'Denmark' is present on page  using regular expression

2024-07-12 21:42:08 - [TEST_STEP][PASSED] - verifyTextPresent("Sweden", true): Text 'Sweden' is present on page  using regular expression

2024-07-12 21:42:08 - [MESSAGE][PASSED] - Text 'Sweden' is present on page  using regular expression

2024-07-12 21:42:08 - [TEST_STEP][PASSED] - verifyTextPresent("Austria", true): Text 'Austria' is present on page  using regular expression

2024-07-12 21:42:08 - [MESSAGE][PASSED] - Text 'Austria' is present on page  using regular expression

2024-07-12 21:42:08 - [TEST_STEP][PASSED] - verifyTextPresent("Orange Recorded", true): Text 'Orange Recorded' is present on page  using regular expression

2024-07-12 21:42:09 - [MESSAGE][PASSED] - Text 'Orange Recorded' is present on page  using regular expression

2024-07-12 21:42:09 - [TEST_STEP][PASSED] - verifyTextPresent("Yellow Recorded", true): Text 'Yellow Recorded' is present on page  using regular expression

2024-07-12 21:42:09 - [MESSAGE][PASSED] - Text 'Yellow Recorded' is present on page  using regular expression

2024-07-12 21:42:09 - [TEST_STEP][PASSED] - verifyTextPresent("Norway", true): Text 'Norway' is present on page  using regular expression

2024-07-12 21:42:09 - [MESSAGE][PASSED] - Text 'Norway' is present on page  using regular expression

2024-07-12 21:42:09 - [TEST_STEP][PASSED] - verifyTextPresent("Netherlands", true): Text 'Netherlands' is present on page  using regular expression

2024-07-12 21:42:10 - [MESSAGE][PASSED] - Text 'Netherlands' is present on page  using regular expression

2024-07-12 21:42:10 - [TEST_STEP][PASSED] - verifyTextPresent("Switzerland", true): Text 'Switzerland' is present on page  using regular expression

2024-07-12 21:42:10 - [MESSAGE][PASSED] - Text 'Switzerland' is present on page  using regular expression

2024-07-12 21:42:10 - [TEST_STEP][PASSED] - verifyTextPresent("France", true): Text 'France' is present on page  using regular expression

2024-07-12 21:42:10 - [MESSAGE][PASSED] - Text 'France' is present on page  using regular expression

2024-07-12 21:42:10 - [TEST_STEP][PASSED] - verifyTextPresent("Card Information", true): Text 'Card Information' is present on page  using regular expression

2024-07-12 21:42:11 - [MESSAGE][PASSED] - Text 'Card Information' is present on page  using regular expression

2024-07-12 21:42:11 - [TEST_STEP][PASSED] - verifyTextPresent("Amount", true): Text 'Amount' is present on page  using regular expression

2024-07-12 21:42:11 - [MESSAGE][PASSED] - Text 'Amount' is present on page  using regular expression

2024-07-12 21:42:11 - [TEST_STEP][PASSED] - verifyTextPresent("Service Fee", true): Text 'Service Fee' is present on page  using regular expression

2024-07-12 21:42:11 - [MESSAGE][PASSED] - Text 'Service Fee' is present on page  using regular expression

2024-07-12 21:42:11 - [TEST_STEP][PASSED] - verifyTextPresent("Service Fee Type", true): Text 'Service Fee Type' is present on page  using regular expression

2024-07-12 21:42:12 - [MESSAGE][PASSED] - Text 'Service Fee Type' is present on page  using regular expression

2024-07-12 21:42:12 - [TEST_STEP][PASSED] - verifyTextPresent("Total Amount", true): Text 'Total Amount' is present on page  using regular expression

2024-07-12 21:42:12 - [MESSAGE][PASSED] - Text 'Total Amount' is present on page  using regular expression

2024-07-12 21:42:12 - [TEST_STEP][PASSED] - verifyTextPresent("Transaction Type", true): Text 'Transaction Type' is present on page  using regular expression

2024-07-12 21:42:12 - [MESSAGE][PASSED] - Text 'Transaction Type' is present on page  using regular expression

2024-07-12 21:42:12 - [TEST_STEP][PASSED] - verifyTextPresent("10.50", true): Text '10.50' is present on page  using regular expression

2024-07-12 21:42:13 - [MESSAGE][PASSED] - Text '10.50' is present on page  using regular expression

2024-07-12 21:42:13 - [TEST_STEP][PASSED] - verifyTextPresent("5.00", true): Text '5.00' is present on page  using regular expression

2024-07-12 21:42:13 - [MESSAGE][PASSED] - Text '5.00' is present on page  using regular expression

2024-07-12 21:42:13 - [TEST_STEP][PASSED] - verifyTextPresent("Dual Transaction", true): Text 'Dual Transaction' is present on page  using regular expression

2024-07-12 21:42:13 - [MESSAGE][PASSED] - Text 'Dual Transaction' is present on page  using regular expression

2024-07-12 21:42:13 - [TEST_STEP][PASSED] - verifyTextPresent("15.50", true): Text '15.50' is present on page  using regular expression

2024-07-12 21:42:14 - [MESSAGE][PASSED] - Text '15.50' is present on page  using regular expression

2024-07-12 21:42:14 - [TEST_STEP][PASSED] - verifyTextPresent("Authorization and Capture", true): Text 'Authorization and Capture' is present on page  using regular expression

2024-07-12 21:42:14 - [MESSAGE][PASSED] - Text 'Authorization and Capture' is present on page  using regular expression

2024-07-12 21:42:14 - [TEST_STEP][PASSED] - cardNameV = findTestData(dataFile).getValue("CardNameV", row): null

2024-07-12 21:42:14 - [TEST_STEP][PASSED] - al1V = findTestData(dataFile).getValue("AL1", row): null

2024-07-12 21:42:14 - [TEST_STEP][PASSED] - al2V = findTestData(dataFile).getValue("AL2", row): null

2024-07-12 21:42:14 - [TEST_STEP][PASSED] - zipV = findTestData(dataFile).getValue("ZIP", row): null

2024-07-12 21:42:14 - [TEST_STEP][PASSED] - cardTypeV = findTestData(dataFile).getValue("CardType", row): null

2024-07-12 21:42:15 - [TEST_STEP][PASSED] - last4V = findTestData(dataFile).getValue("Last4", row): null

2024-07-12 21:42:15 - [TEST_STEP][PASSED] - verifyTextPresent(cardNameV, true): Text 'TULSI RAMAN' is present on page  using regular expression

2024-07-12 21:42:15 - [MESSAGE][PASSED] - Text 'TULSI RAMAN' is present on page  using regular expression

2024-07-12 21:42:15 - [TEST_STEP][PASSED] - verifyTextPresent("Address Line 1", true): Text 'Address Line 1' is present on page  using regular expression

2024-07-12 21:42:15 - [MESSAGE][PASSED] - Text 'Address Line 1' is present on page  using regular expression

2024-07-12 21:42:15 - [TEST_STEP][PASSED] - verifyTextPresent("Address Line 2", true): Text 'Address Line 2' is present on page  using regular expression

2024-07-12 21:42:16 - [MESSAGE][PASSED] - Text 'Address Line 2' is present on page  using regular expression

2024-07-12 21:42:16 - [TEST_STEP][PASSED] - verifyTextPresent("Country", true): Text 'Country' is present on page  using regular expression

2024-07-12 21:42:16 - [MESSAGE][PASSED] - Text 'Country' is present on page  using regular expression

2024-07-12 21:42:16 - [TEST_STEP][PASSED] - verifyTextPresent("City", true): Text 'City' is present on page  using regular expression

2024-07-12 21:42:16 - [MESSAGE][PASSED] - Text 'City' is present on page  using regular expression

2024-07-12 21:42:16 - [TEST_STEP][PASSED] - verifyTextPresent("State", true): Text 'State' is present on page  using regular expression

2024-07-12 21:42:17 - [MESSAGE][PASSED] - Text 'State' is present on page  using regular expression

2024-07-12 21:42:17 - [TEST_STEP][PASSED] - verifyTextPresent("ZIP Code", true): Text 'ZIP Code' is present on page  using regular expression

2024-07-12 21:42:17 - [MESSAGE][PASSED] - Text 'ZIP Code' is present on page  using regular expression

2024-07-12 21:42:17 - [TEST_STEP][PASSED] - verifyTextPresent(al1V, true): Text '36 Cornor Road' is present on page  using regular expression

2024-07-12 21:42:17 - [MESSAGE][PASSED] - Text '36 Cornor Road' is present on page  using regular expression

2024-07-12 21:42:17 - [TEST_STEP][PASSED] - verifyTextPresent(al2V, true): Text 'Suite 500' is present on page  using regular expression

2024-07-12 21:42:18 - [MESSAGE][PASSED] - Text 'Suite 500' is present on page  using regular expression

2024-07-12 21:42:18 - [TEST_STEP][PASSED] - verifyTextPresent("United States", true): Text 'United States' is present on page  using regular expression

2024-07-12 21:42:18 - [MESSAGE][PASSED] - Text 'United States' is present on page  using regular expression

2024-07-12 21:42:18 - [TEST_STEP][PASSED] - verifyTextPresent("ARLINGTON", true): Text 'ARLINGTON' is present on page  using regular expression

2024-07-12 21:42:18 - [MESSAGE][PASSED] - Text 'ARLINGTON' is present on page  using regular expression

2024-07-12 21:42:18 - [TEST_STEP][PASSED] - verifyTextPresent("Virginia", true): Text 'Virginia' is present on page  using regular expression

2024-07-12 21:42:19 - [MESSAGE][PASSED] - Text 'Virginia' is present on page  using regular expression

2024-07-12 21:42:19 - [TEST_STEP][PASSED] - verifyTextPresent(zipV, true): Text '22201' is present on page  using regular expression

2024-07-12 21:42:19 - [MESSAGE][PASSED] - Text '22201' is present on page  using regular expression

2024-07-12 21:42:19 - [TEST_STEP][PASSED] - verifyTextPresent(cardTypeV, true): Text 'Visa' is present on page  using regular expression

2024-07-12 21:42:19 - [MESSAGE][PASSED] - Text 'Visa' is present on page  using regular expression

2024-07-12 21:42:19 - [TEST_STEP][PASSED] - verifyTextPresent(last4V, true): Text '5439' is present on page  using regular expression

2024-07-12 21:42:20 - [MESSAGE][PASSED] - Text '5439' is present on page  using regular expression

2024-07-12 21:42:20 - [TEST_STEP][PASSED] - closeBrowser(): Browser is closed

2024-07-12 21:42:21 - [MESSAGE][PASSED] - Browser is closed

2024-07-12 21:42:21 - [TEST_STEP][PASSED] - ExecuteTC = findTestData(dataFile).getValue("Execute", row): null

2024-07-12 21:42:21 - [TEST_STEP][PASSED] - out.println("Value of Execute is : " + ExecuteTC): null

2024-07-12 21:42:21 - [TEST_STEP][PASSED] - switch (executionProfile): null

2024-07-12 21:42:21 - [TEST_STEP][PASSED] - case "QA2Profile":: null

2024-07-12 21:42:21 - [TEST_STEP][PASSED] - appName = findTestData(dataFile).getValue("AppNameQA", row): null

2024-07-12 21:42:21 - [TEST_STEP][PASSED] - appID = findTestData(dataFile).getValue("AppIDQA", row): null

2024-07-12 21:42:21 - [TEST_STEP][PASSED] - break: null

2024-07-12 21:42:21 - [TEST_STEP][PASSED] - hrefAppID = li_1 + appID + li_2: null

2024-07-12 21:42:21 - [TEST_STEP][PASSED] - hrefApp = li_1 + appID + "/": null

2024-07-12 21:42:21 - [TEST_STEP][PASSED] - println("hrefApp : " + hrefApp): null

2024-07-12 21:42:21 - [TEST_STEP][PASSED] - if (ExecuteTC.equalsIgnoreCase("Y")): Browser is closed

2024-07-12 21:42:21 - [TEST_STEP][PASSED] - out.println("Begin Record Number: " + row): null

2024-07-12 21:42:21 - [TEST_STEP][PASSED] - today = new java.util.Date(): null

2024-07-12 21:42:21 - [TEST_STEP][PASSED] - println(today): null

2024-07-12 21:42:21 - [TEST_STEP][PASSED] - datText = today: null

2024-07-12 21:42:21 - [TEST_STEP][PASSED] - adminSuiteBootstrap.loginFunctionality.login_AdminSuite(): adminSuiteBootstrap.loginFunctionality.login_AdminSuite is PASSED

2024-07-12 21:42:21 - [MESSAGE][INFO] - Starting 'Chrome' driver

2024-07-12 21:42:21 - [MESSAGE][INFO] - User set preference: ['acceptInsecureCerts', 'true']

2024-07-12 21:42:21 - [MESSAGE][INFO] - Action delay is set to 0 milliseconds

2024-07-12 21:42:23 - [MESSAGE][PASSED] - Browser is opened with url: 'https://qa2.velocitypayment.com/admin/imtiaz'

2024-07-12 21:42:24 - [MESSAGE][PASSED] - Current window maximized

2024-07-12 21:42:25 - [MESSAGE][PASSED] - Object 'Object Repository/Login_Page/Login_Username_Okta' is present

2024-07-12 21:42:26 - [MESSAGE][PASSED] - Text 'iahmed' is set on object 'Object Repository/Login_Page/Login_Username_Okta'

2024-07-12 21:42:27 - [MESSAGE][PASSED] - Text 'Hello!6666666' is set on object 'Object Repository/Login_Page/Login_Password_Okta'

2024-07-12 21:42:27 - [MESSAGE][PASSED] - Object: 'Object Repository/Login_Page/Login_Submit_Okta' is clicked on

2024-07-12 21:42:27 - [MESSAGE][PASSED] - adminSuiteBootstrap.loginFunctionality.login_AdminSuite is PASSED

2024-07-12 21:42:27 - [TEST_STEP][PASSED] - click(findTestObject(path_Dashboard + appName)): Object: 'Object Repository/AdminSuiteBootstrap_Pages/Dashboard_Bootstrap/a_Access AutoDualCFtpQA' is clicked on

2024-07-12 21:42:36 - [MESSAGE][PASSED] - Object: 'Object Repository/AdminSuiteBootstrap_Pages/Dashboard_Bootstrap/a_Access AutoDualCFtpQA' is clicked on

2024-07-12 21:42:36 - [TEST_STEP][PASSED] - click(findTestObject(path_VT + "button_Authorization  Capture (Sale)")): Object: 'Object Repository/AdminSuiteBootstrap_Pages/VT_Bootstrap/IssueTransactions/button_Authorization  Capture (Sale)' is clicked on

2024-07-12 21:42:37 - [MESSAGE][PASSED] - Object: 'Object Repository/AdminSuiteBootstrap_Pages/VT_Bootstrap/IssueTransactions/button_Authorization  Capture (Sale)' is clicked on

2024-07-12 21:42:37 - [TEST_STEP][PASSED] - saleKeyboardEntryLink = modifyObjectProperty(findTestObject(path_VT + "a_KeyboardEntry_Sale"), "href", "equals", hrefAppID, true): Modify property of object successfully

2024-07-12 21:42:37 - [MESSAGE][PASSED] - Modify property of object successfully

2024-07-12 21:42:37 - [TEST_STEP][PASSED] - click(saleKeyboardEntryLink): Object: 'Object Repository/AdminSuiteBootstrap_Pages/VT_Bootstrap/IssueTransactions/a_KeyboardEntry_Sale' is clicked on

2024-07-12 21:42:37 - [MESSAGE][PASSED] - Object: 'Object Repository/AdminSuiteBootstrap_Pages/VT_Bootstrap/IssueTransactions/a_KeyboardEntry_Sale' is clicked on

2024-07-12 21:42:38 - [TEST_STEP][PASSED] - adminSuiteBootstrap.virtualTerminalSetData.saleKeyboard_DataDriven(row, dataFile): adminSuiteBootstrap.virtualTerminalSetData.saleKeyboard_DataDriven is PASSED

2024-07-12 21:42:41 - [MESSAGE][PASSED] - Text 'Tulsi Raman' is set on object 'Object Repository/AdminSuiteBootstrap_Pages/VT_Bootstrap/SaleKeyboard/input_cardName'

2024-07-12 21:42:42 - [MESSAGE][PASSED] - All options with value 'RETL' are selected in object 'Object Repository/AdminSuiteBootstrap_Pages/VT_Bootstrap/SaleKeyboard/select_transactionCategory'  using regular expression

2024-07-12 21:42:42 - [MESSAGE][PASSED] - Execute JavaScript 'arguments[0].value ='5146312200000035' ' successfully

2024-07-12 21:42:43 - [MESSAGE][PASSED] - Execute JavaScript 'arguments[0].value ='123' ' successfully

2024-07-12 21:42:44 - [MESSAGE][PASSED] - All options with value '12' are selected in object 'Object Repository/AdminSuiteBootstrap_Pages/VT_Bootstrap/SaleKeyboard/select_MM'  using regular expression

2024-07-12 21:42:45 - [MESSAGE][PASSED] - All options with value '2025' are selected in object 'Object Repository/AdminSuiteBootstrap_Pages/VT_Bootstrap/SaleKeyboard/select_YYYY'  using regular expression

2024-07-12 21:42:46 - [MESSAGE][PASSED] - Text '1478 Jhatka Palace' is set on object 'Object Repository/AdminSuiteBootstrap_Pages/VT_Bootstrap/SaleKeyboard/input__address'

2024-07-12 21:42:47 - [MESSAGE][PASSED] - Text 'Suite 500' is set on object 'Object Repository/AdminSuiteBootstrap_Pages/VT_Bootstrap/SaleKeyboard/input__address2'

2024-07-12 21:42:47 - [MESSAGE][PASSED] - Text '22201' is set on object 'Object Repository/AdminSuiteBootstrap_Pages/VT_Bootstrap/SaleKeyboard/input__zip'

2024-07-12 21:42:48 - [MESSAGE][PASSED] - Text '' is set on object 'Object Repository/AdminSuiteBootstrap_Pages/VT_Bootstrap/SaleKeyboard/input_emailAddress'

2024-07-12 21:42:49 - [MESSAGE][PASSED] - Text '' is set on object 'Object Repository/AdminSuiteBootstrap_Pages/VT_Bootstrap/SaleKeyboard/input_smsNumber'

2024-07-12 21:42:50 - [MESSAGE][PASSED] - Text '10.50' is set on object 'Object Repository/AdminSuiteBootstrap_Pages/VT_Bootstrap/SaleKeyboard/input_amount'

2024-07-12 21:42:51 - [MESSAGE][PASSED] - Text 'Australia' is set on object 'Object Repository/AdminSuiteBootstrap_Pages/VT_Bootstrap/SaleKeyboard/input_userDefined1'

2024-07-12 21:42:52 - [MESSAGE][PASSED] - Text 'Denmark' is set on object 'Object Repository/AdminSuiteBootstrap_Pages/VT_Bootstrap/SaleKeyboard/input_userDefined2'

2024-07-12 21:42:53 - [MESSAGE][PASSED] - Text 'Sweden' is set on object 'Object Repository/AdminSuiteBootstrap_Pages/VT_Bootstrap/SaleKeyboard/input_userDefined3'

2024-07-12 21:42:54 - [MESSAGE][PASSED] - Text 'Austria' is set on object 'Object Repository/AdminSuiteBootstrap_Pages/VT_Bootstrap/SaleKeyboard/input_userDefined4'

2024-07-12 21:42:54 - [MESSAGE][PASSED] - All options with label 'Orange' are selected in object 'Object Repository/AdminSuiteBootstrap_Pages/VT_Bootstrap/SaleKeyboard/select_UDF5_DropDown'  using regular expression

2024-07-12 21:42:55 - [MESSAGE][PASSED] - All options with label 'Yellow' are selected in object 'Object Repository/AdminSuiteBootstrap_Pages/VT_Bootstrap/SaleKeyboard/select_UDF6_DropDown'  using regular expression

2024-07-12 21:42:56 - [MESSAGE][PASSED] - Text 'Norway' is set on object 'Object Repository/AdminSuiteBootstrap_Pages/VT_Bootstrap/SaleKeyboard/input_userDefined7'

2024-07-12 21:42:57 - [MESSAGE][PASSED] - Text 'Netherlands' is set on object 'Object Repository/AdminSuiteBootstrap_Pages/VT_Bootstrap/SaleKeyboard/input_userDefined8'

2024-07-12 21:42:58 - [MESSAGE][PASSED] - Text 'Switzerland' is set on object 'Object Repository/AdminSuiteBootstrap_Pages/VT_Bootstrap/SaleKeyboard/input_userDefined9'

2024-07-12 21:42:58 - [MESSAGE][PASSED] - Text 'France' is set on object 'Object Repository/AdminSuiteBootstrap_Pages/VT_Bootstrap/SaleKeyboard/input_userDefined10'

2024-07-12 21:43:00 - [MESSAGE][PASSED] - Object: 'Object Repository/AdminSuiteBootstrap_Pages/VT_Bootstrap/SaleKeyboard/button_Submit' is clicked on

2024-07-12 21:43:00 - [MESSAGE][PASSED] - adminSuiteBootstrap.virtualTerminalSetData.saleKeyboard_DataDriven is PASSED

2024-07-12 21:43:00 - [TEST_STEP][PASSED] - verifyTextPresent("Transaction Successful", true): Text 'Transaction Successful' is present on page  using regular expression

2024-07-12 21:43:01 - [MESSAGE][PASSED] - Text 'Transaction Successful' is present on page  using regular expression

2024-07-12 21:43:01 - [TEST_STEP][PASSED] - verifyElementVisible(findTestObject("Object Repository/AdminSuiteBootstrap_Pages/VT_Bootstrap/Receipt/button_Continue")): Object 'Object Repository/AdminSuiteBootstrap_Pages/VT_Bootstrap/Receipt/button_Continue' is visible

2024-07-12 21:43:01 - [MESSAGE][PASSED] - Object 'Object Repository/AdminSuiteBootstrap_Pages/VT_Bootstrap/Receipt/button_Continue' is visible

2024-07-12 21:43:01 - [TEST_STEP][PASSED] - verifyElementPresent(findTestObject("Object Repository/AdminSuiteBootstrap_Pages/VT_Bootstrap/Receipt/button_Continue"), 20): Object 'Object Repository/AdminSuiteBootstrap_Pages/VT_Bootstrap/Receipt/button_Continue' is present

2024-07-12 21:43:01 - [MESSAGE][PASSED] - Object 'Object Repository/AdminSuiteBootstrap_Pages/VT_Bootstrap/Receipt/button_Continue' is present

2024-07-12 21:43:01 - [TEST_STEP][PASSED] - verifyElementVisible(findTestObject("Object Repository/AdminSuiteBootstrap_Pages/VT_Bootstrap/Receipt/button_Print")): Object 'Object Repository/AdminSuiteBootstrap_Pages/VT_Bootstrap/Receipt/button_Print' is visible

2024-07-12 21:43:02 - [MESSAGE][PASSED] - Object 'Object Repository/AdminSuiteBootstrap_Pages/VT_Bootstrap/Receipt/button_Print' is visible

2024-07-12 21:43:02 - [TEST_STEP][PASSED] - verifyElementPresent(findTestObject("Object Repository/AdminSuiteBootstrap_Pages/VT_Bootstrap/Receipt/button_Print"), 20): Object 'Object Repository/AdminSuiteBootstrap_Pages/VT_Bootstrap/Receipt/button_Print' is present

2024-07-12 21:43:02 - [MESSAGE][PASSED] - Object 'Object Repository/AdminSuiteBootstrap_Pages/VT_Bootstrap/Receipt/button_Print' is present

2024-07-12 21:43:02 - [TEST_STEP][PASSED] - verifyTextPresent("Remittance ID", true): Text 'Remittance ID' is present on page  using regular expression

2024-07-12 21:43:02 - [MESSAGE][PASSED] - Text 'Remittance ID' is present on page  using regular expression

2024-07-12 21:43:02 - [TEST_STEP][PASSED] - verifyTextPresent("Received", true): Text 'Received' is present on page  using regular expression

2024-07-12 21:43:03 - [MESSAGE][PASSED] - Text 'Received' is present on page  using regular expression

2024-07-12 21:43:03 - [TEST_STEP][PASSED] - verifyTextPresent("UDF1", true): Text 'UDF1' is present on page  using regular expression

2024-07-12 21:43:03 - [MESSAGE][PASSED] - Text 'UDF1' is present on page  using regular expression

2024-07-12 21:43:03 - [TEST_STEP][PASSED] - verifyTextPresent("UDF2", true): Text 'UDF2' is present on page  using regular expression

2024-07-12 21:43:03 - [MESSAGE][PASSED] - Text 'UDF2' is present on page  using regular expression

2024-07-12 21:43:03 - [TEST_STEP][PASSED] - verifyTextPresent("UDF3", true): Text 'UDF3' is present on page  using regular expression

2024-07-12 21:43:04 - [MESSAGE][PASSED] - Text 'UDF3' is present on page  using regular expression

2024-07-12 21:43:04 - [TEST_STEP][PASSED] - verifyTextPresent("UDF4", true): Text 'UDF4' is present on page  using regular expression

2024-07-12 21:43:04 - [MESSAGE][PASSED] - Text 'UDF4' is present on page  using regular expression

2024-07-12 21:43:04 - [TEST_STEP][PASSED] - verifyTextPresent("UDF5", true): Text 'UDF5' is present on page  using regular expression

2024-07-12 21:43:04 - [MESSAGE][PASSED] - Text 'UDF5' is present on page  using regular expression

2024-07-12 21:43:04 - [TEST_STEP][PASSED] - verifyTextPresent("UDF6", true): Text 'UDF6' is present on page  using regular expression

2024-07-12 21:43:05 - [MESSAGE][PASSED] - Text 'UDF6' is present on page  using regular expression

2024-07-12 21:43:05 - [TEST_STEP][PASSED] - verifyTextPresent("UDF7", true): Text 'UDF7' is present on page  using regular expression

2024-07-12 21:43:05 - [MESSAGE][PASSED] - Text 'UDF7' is present on page  using regular expression

2024-07-12 21:43:05 - [TEST_STEP][PASSED] - verifyTextPresent("UDF8", true): Text 'UDF8' is present on page  using regular expression

2024-07-12 21:43:05 - [MESSAGE][PASSED] - Text 'UDF8' is present on page  using regular expression

2024-07-12 21:43:05 - [TEST_STEP][PASSED] - verifyTextPresent("UDF9", true): Text 'UDF9' is present on page  using regular expression

2024-07-12 21:43:06 - [MESSAGE][PASSED] - Text 'UDF9' is present on page  using regular expression

2024-07-12 21:43:06 - [TEST_STEP][PASSED] - verifyTextPresent("UDF 10", true): Text 'UDF 10' is present on page  using regular expression

2024-07-12 21:43:06 - [MESSAGE][PASSED] - Text 'UDF 10' is present on page  using regular expression

2024-07-12 21:43:06 - [TEST_STEP][PASSED] - verifyTextPresent("Australia", true): Text 'Australia' is present on page  using regular expression

2024-07-12 21:43:06 - [MESSAGE][PASSED] - Text 'Australia' is present on page  using regular expression

2024-07-12 21:43:06 - [TEST_STEP][PASSED] - verifyTextPresent("Denmark", true): Text 'Denmark' is present on page  using regular expression

2024-07-12 21:43:07 - [MESSAGE][PASSED] - Text 'Denmark' is present on page  using regular expression

2024-07-12 21:43:07 - [TEST_STEP][PASSED] - verifyTextPresent("Sweden", true): Text 'Sweden' is present on page  using regular expression

2024-07-12 21:43:07 - [MESSAGE][PASSED] - Text 'Sweden' is present on page  using regular expression

2024-07-12 21:43:07 - [TEST_STEP][PASSED] - verifyTextPresent("Austria", true): Text 'Austria' is present on page  using regular expression

2024-07-12 21:43:07 - [MESSAGE][PASSED] - Text 'Austria' is present on page  using regular expression

2024-07-12 21:43:07 - [TEST_STEP][PASSED] - verifyTextPresent("Orange Recorded", true): Text 'Orange Recorded' is present on page  using regular expression

2024-07-12 21:43:08 - [MESSAGE][PASSED] - Text 'Orange Recorded' is present on page  using regular expression

2024-07-12 21:43:08 - [TEST_STEP][PASSED] - verifyTextPresent("Yellow Recorded", true): Text 'Yellow Recorded' is present on page  using regular expression

2024-07-12 21:43:08 - [MESSAGE][PASSED] - Text 'Yellow Recorded' is present on page  using regular expression

2024-07-12 21:43:08 - [TEST_STEP][PASSED] - verifyTextPresent("Norway", true): Text 'Norway' is present on page  using regular expression

2024-07-12 21:43:08 - [MESSAGE][PASSED] - Text 'Norway' is present on page  using regular expression

2024-07-12 21:43:08 - [TEST_STEP][PASSED] - verifyTextPresent("Netherlands", true): Text 'Netherlands' is present on page  using regular expression

2024-07-12 21:43:09 - [MESSAGE][PASSED] - Text 'Netherlands' is present on page  using regular expression

2024-07-12 21:43:09 - [TEST_STEP][PASSED] - verifyTextPresent("Switzerland", true): Text 'Switzerland' is present on page  using regular expression

2024-07-12 21:43:09 - [MESSAGE][PASSED] - Text 'Switzerland' is present on page  using regular expression

2024-07-12 21:43:09 - [TEST_STEP][PASSED] - verifyTextPresent("France", true): Text 'France' is present on page  using regular expression

2024-07-12 21:43:09 - [MESSAGE][PASSED] - Text 'France' is present on page  using regular expression

2024-07-12 21:43:09 - [TEST_STEP][PASSED] - verifyTextPresent("Card Information", true): Text 'Card Information' is present on page  using regular expression

2024-07-12 21:43:10 - [MESSAGE][PASSED] - Text 'Card Information' is present on page  using regular expression

2024-07-12 21:43:10 - [TEST_STEP][PASSED] - verifyTextPresent("Amount", true): Text 'Amount' is present on page  using regular expression

2024-07-12 21:43:10 - [MESSAGE][PASSED] - Text 'Amount' is present on page  using regular expression

2024-07-12 21:43:10 - [TEST_STEP][PASSED] - verifyTextPresent("Service Fee", true): Text 'Service Fee' is present on page  using regular expression

2024-07-12 21:43:10 - [MESSAGE][PASSED] - Text 'Service Fee' is present on page  using regular expression

2024-07-12 21:43:10 - [TEST_STEP][PASSED] - verifyTextPresent("Service Fee Type", true): Text 'Service Fee Type' is present on page  using regular expression

2024-07-12 21:43:11 - [MESSAGE][PASSED] - Text 'Service Fee Type' is present on page  using regular expression

2024-07-12 21:43:11 - [TEST_STEP][PASSED] - verifyTextPresent("Total Amount", true): Text 'Total Amount' is present on page  using regular expression

2024-07-12 21:43:11 - [MESSAGE][PASSED] - Text 'Total Amount' is present on page  using regular expression

2024-07-12 21:43:11 - [TEST_STEP][PASSED] - verifyTextPresent("Transaction Type", true): Text 'Transaction Type' is present on page  using regular expression

2024-07-12 21:43:11 - [MESSAGE][PASSED] - Text 'Transaction Type' is present on page  using regular expression

2024-07-12 21:43:11 - [TEST_STEP][PASSED] - verifyTextPresent("10.50", true): Text '10.50' is present on page  using regular expression

2024-07-12 21:43:12 - [MESSAGE][PASSED] - Text '10.50' is present on page  using regular expression

2024-07-12 21:43:12 - [TEST_STEP][PASSED] - verifyTextPresent("5.00", true): Text '5.00' is present on page  using regular expression

2024-07-12 21:43:12 - [MESSAGE][PASSED] - Text '5.00' is present on page  using regular expression

2024-07-12 21:43:12 - [TEST_STEP][PASSED] - verifyTextPresent("Dual Transaction", true): Text 'Dual Transaction' is present on page  using regular expression

2024-07-12 21:43:12 - [MESSAGE][PASSED] - Text 'Dual Transaction' is present on page  using regular expression

2024-07-12 21:43:12 - [TEST_STEP][PASSED] - verifyTextPresent("15.50", true): Text '15.50' is present on page  using regular expression

2024-07-12 21:43:13 - [MESSAGE][PASSED] - Text '15.50' is present on page  using regular expression

2024-07-12 21:43:13 - [TEST_STEP][PASSED] - verifyTextPresent("Authorization and Capture", true): Text 'Authorization and Capture' is present on page  using regular expression

2024-07-12 21:43:13 - [MESSAGE][PASSED] - Text 'Authorization and Capture' is present on page  using regular expression

2024-07-12 21:43:13 - [TEST_STEP][PASSED] - cardNameV = findTestData(dataFile).getValue("CardNameV", row): null

2024-07-12 21:43:13 - [TEST_STEP][PASSED] - al1V = findTestData(dataFile).getValue("AL1", row): null

2024-07-12 21:43:13 - [TEST_STEP][PASSED] - al2V = findTestData(dataFile).getValue("AL2", row): null

2024-07-12 21:43:13 - [TEST_STEP][PASSED] - zipV = findTestData(dataFile).getValue("ZIP", row): null

2024-07-12 21:43:14 - [TEST_STEP][PASSED] - cardTypeV = findTestData(dataFile).getValue("CardType", row): null

2024-07-12 21:43:14 - [TEST_STEP][PASSED] - last4V = findTestData(dataFile).getValue("Last4", row): null

2024-07-12 21:43:14 - [TEST_STEP][PASSED] - verifyTextPresent(cardNameV, true): Text 'TULSI RAMAN' is present on page  using regular expression

2024-07-12 21:43:14 - [MESSAGE][PASSED] - Text 'TULSI RAMAN' is present on page  using regular expression

2024-07-12 21:43:14 - [TEST_STEP][PASSED] - verifyTextPresent("Address Line 1", true): Text 'Address Line 1' is present on page  using regular expression

2024-07-12 21:43:14 - [MESSAGE][PASSED] - Text 'Address Line 1' is present on page  using regular expression

2024-07-12 21:43:14 - [TEST_STEP][PASSED] - verifyTextPresent("Address Line 2", true): Text 'Address Line 2' is present on page  using regular expression

2024-07-12 21:43:15 - [MESSAGE][PASSED] - Text 'Address Line 2' is present on page  using regular expression

2024-07-12 21:43:15 - [TEST_STEP][PASSED] - verifyTextPresent("Country", true): Text 'Country' is present on page  using regular expression

2024-07-12 21:43:15 - [MESSAGE][PASSED] - Text 'Country' is present on page  using regular expression

2024-07-12 21:43:15 - [TEST_STEP][PASSED] - verifyTextPresent("City", true): Text 'City' is present on page  using regular expression

2024-07-12 21:43:16 - [MESSAGE][PASSED] - Text 'City' is present on page  using regular expression

2024-07-12 21:43:16 - [TEST_STEP][PASSED] - verifyTextPresent("State", true): Text 'State' is present on page  using regular expression

2024-07-12 21:43:16 - [MESSAGE][PASSED] - Text 'State' is present on page  using regular expression

2024-07-12 21:43:16 - [TEST_STEP][PASSED] - verifyTextPresent("ZIP Code", true): Text 'ZIP Code' is present on page  using regular expression

2024-07-12 21:43:16 - [MESSAGE][PASSED] - Text 'ZIP Code' is present on page  using regular expression

2024-07-12 21:43:16 - [TEST_STEP][PASSED] - verifyTextPresent(al1V, true): Text '1478 Jhatka Palace' is present on page  using regular expression

2024-07-12 21:43:17 - [MESSAGE][PASSED] - Text '1478 Jhatka Palace' is present on page  using regular expression

2024-07-12 21:43:17 - [TEST_STEP][PASSED] - verifyTextPresent(al2V, true): Text 'Suite 500' is present on page  using regular expression

2024-07-12 21:43:17 - [MESSAGE][PASSED] - Text 'Suite 500' is present on page  using regular expression

2024-07-12 21:43:17 - [TEST_STEP][PASSED] - verifyTextPresent("United States", true): Text 'United States' is present on page  using regular expression

2024-07-12 21:43:17 - [MESSAGE][PASSED] - Text 'United States' is present on page  using regular expression

2024-07-12 21:43:17 - [TEST_STEP][PASSED] - verifyTextPresent("ARLINGTON", true): Text 'ARLINGTON' is present on page  using regular expression

2024-07-12 21:43:18 - [MESSAGE][PASSED] - Text 'ARLINGTON' is present on page  using regular expression

2024-07-12 21:43:18 - [TEST_STEP][PASSED] - verifyTextPresent("Virginia", true): Text 'Virginia' is present on page  using regular expression

2024-07-12 21:43:18 - [MESSAGE][PASSED] - Text 'Virginia' is present on page  using regular expression

2024-07-12 21:43:18 - [TEST_STEP][PASSED] - verifyTextPresent(zipV, true): Text '22201' is present on page  using regular expression

2024-07-12 21:43:18 - [MESSAGE][PASSED] - Text '22201' is present on page  using regular expression

2024-07-12 21:43:18 - [TEST_STEP][PASSED] - verifyTextPresent(cardTypeV, true): Text 'MasterCard' is present on page  using regular expression

2024-07-12 21:43:19 - [MESSAGE][PASSED] - Text 'MasterCard' is present on page  using regular expression

2024-07-12 21:43:19 - [TEST_STEP][PASSED] - verifyTextPresent(last4V, true): Text '0035' is present on page  using regular expression

2024-07-12 21:43:19 - [MESSAGE][PASSED] - Text '0035' is present on page  using regular expression

2024-07-12 21:43:19 - [TEST_STEP][PASSED] - closeBrowser(): Browser is closed

2024-07-12 21:43:20 - [MESSAGE][PASSED] - Browser is closed

2024-07-12 21:43:20 - [TEST_STEP][PASSED] - ExecuteTC = findTestData(dataFile).getValue("Execute", row): null

2024-07-12 21:43:20 - [TEST_STEP][PASSED] - out.println("Value of Execute is : " + ExecuteTC): null

2024-07-12 21:43:20 - [TEST_STEP][PASSED] - switch (executionProfile): null

2024-07-12 21:43:20 - [TEST_STEP][PASSED] - case "QA2Profile":: null

2024-07-12 21:43:20 - [TEST_STEP][PASSED] - appName = findTestData(dataFile).getValue("AppNameQA", row): null

2024-07-12 21:43:20 - [TEST_STEP][PASSED] - appID = findTestData(dataFile).getValue("AppIDQA", row): null

2024-07-12 21:43:20 - [TEST_STEP][PASSED] - break: null

2024-07-12 21:43:20 - [TEST_STEP][PASSED] - hrefAppID = li_1 + appID + li_2: null

2024-07-12 21:43:20 - [TEST_STEP][PASSED] - hrefApp = li_1 + appID + "/": null

2024-07-12 21:43:20 - [TEST_STEP][PASSED] - println("hrefApp : " + hrefApp): null

2024-07-12 21:43:20 - [TEST_STEP][PASSED] - if (ExecuteTC.equalsIgnoreCase("Y")): Browser is closed

2024-07-12 21:43:20 - [TEST_STEP][PASSED] - out.println("Begin Record Number: " + row): null

2024-07-12 21:43:20 - [TEST_STEP][PASSED] - today = new java.util.Date(): null

2024-07-12 21:43:20 - [TEST_STEP][PASSED] - println(today): null

2024-07-12 21:43:20 - [TEST_STEP][PASSED] - datText = today: null

2024-07-12 21:43:20 - [TEST_STEP][PASSED] - adminSuiteBootstrap.loginFunctionality.login_AdminSuite(): adminSuiteBootstrap.loginFunctionality.login_AdminSuite is PASSED

2024-07-12 21:43:20 - [MESSAGE][INFO] - Starting 'Chrome' driver

2024-07-12 21:43:20 - [MESSAGE][INFO] - User set preference: ['acceptInsecureCerts', 'true']

2024-07-12 21:43:20 - [MESSAGE][INFO] - Action delay is set to 0 milliseconds

2024-07-12 21:43:23 - [MESSAGE][PASSED] - Browser is opened with url: 'https://qa2.velocitypayment.com/admin/imtiaz'

2024-07-12 21:43:24 - [MESSAGE][PASSED] - Current window maximized

2024-07-12 21:43:24 - [MESSAGE][PASSED] - Object 'Object Repository/Login_Page/Login_Username_Okta' is present

2024-07-12 21:43:25 - [MESSAGE][PASSED] - Text 'iahmed' is set on object 'Object Repository/Login_Page/Login_Username_Okta'

2024-07-12 21:43:26 - [MESSAGE][PASSED] - Text 'Hello!6666666' is set on object 'Object Repository/Login_Page/Login_Password_Okta'

2024-07-12 21:43:27 - [MESSAGE][PASSED] - Object: 'Object Repository/Login_Page/Login_Submit_Okta' is clicked on

2024-07-12 21:43:27 - [MESSAGE][PASSED] - adminSuiteBootstrap.loginFunctionality.login_AdminSuite is PASSED

2024-07-12 21:43:27 - [TEST_STEP][PASSED] - click(findTestObject(path_Dashboard + appName)): Object: 'Object Repository/AdminSuiteBootstrap_Pages/Dashboard_Bootstrap/a_Access AutoDualCFtpQA' is clicked on

2024-07-12 21:43:34 - [MESSAGE][PASSED] - Object: 'Object Repository/AdminSuiteBootstrap_Pages/Dashboard_Bootstrap/a_Access AutoDualCFtpQA' is clicked on

2024-07-12 21:43:34 - [TEST_STEP][PASSED] - click(findTestObject(path_VT + "button_Authorization  Capture (Sale)")): Object: 'Object Repository/AdminSuiteBootstrap_Pages/VT_Bootstrap/IssueTransactions/button_Authorization  Capture (Sale)' is clicked on

2024-07-12 21:43:35 - [MESSAGE][PASSED] - Object: 'Object Repository/AdminSuiteBootstrap_Pages/VT_Bootstrap/IssueTransactions/button_Authorization  Capture (Sale)' is clicked on

2024-07-12 21:43:35 - [TEST_STEP][PASSED] - saleKeyboardEntryLink = modifyObjectProperty(findTestObject(path_VT + "a_KeyboardEntry_Sale"), "href", "equals", hrefAppID, true): Modify property of object successfully

2024-07-12 21:43:35 - [MESSAGE][PASSED] - Modify property of object successfully

2024-07-12 21:43:35 - [TEST_STEP][PASSED] - click(saleKeyboardEntryLink): Object: 'Object Repository/AdminSuiteBootstrap_Pages/VT_Bootstrap/IssueTransactions/a_KeyboardEntry_Sale' is clicked on

2024-07-12 21:43:36 - [MESSAGE][PASSED] - Object: 'Object Repository/AdminSuiteBootstrap_Pages/VT_Bootstrap/IssueTransactions/a_KeyboardEntry_Sale' is clicked on

2024-07-12 21:43:36 - [TEST_STEP][PASSED] - adminSuiteBootstrap.virtualTerminalSetData.saleKeyboard_DataDriven(row, dataFile): adminSuiteBootstrap.virtualTerminalSetData.saleKeyboard_DataDriven is PASSED

2024-07-12 21:43:40 - [MESSAGE][PASSED] - Text 'Tulsi Raman' is set on object 'Object Repository/AdminSuiteBootstrap_Pages/VT_Bootstrap/SaleKeyboard/input_cardName'

2024-07-12 21:43:41 - [MESSAGE][PASSED] - All options with value 'RETL' are selected in object 'Object Repository/AdminSuiteBootstrap_Pages/VT_Bootstrap/SaleKeyboard/select_transactionCategory'  using regular expression

2024-07-12 21:43:41 - [MESSAGE][PASSED] - Execute JavaScript 'arguments[0].value ='371449635392376' ' successfully

2024-07-12 21:43:42 - [MESSAGE][PASSED] - Execute JavaScript 'arguments[0].value ='123' ' successfully

2024-07-12 21:43:43 - [MESSAGE][PASSED] - All options with value '12' are selected in object 'Object Repository/AdminSuiteBootstrap_Pages/VT_Bootstrap/SaleKeyboard/select_MM'  using regular expression

2024-07-12 21:43:44 - [MESSAGE][PASSED] - All options with value '2025' are selected in object 'Object Repository/AdminSuiteBootstrap_Pages/VT_Bootstrap/SaleKeyboard/select_YYYY'  using regular expression

2024-07-12 21:43:45 - [MESSAGE][PASSED] - Text '550 Swan Lake' is set on object 'Object Repository/AdminSuiteBootstrap_Pages/VT_Bootstrap/SaleKeyboard/input__address'

2024-07-12 21:43:45 - [MESSAGE][PASSED] - Text 'Suite 500' is set on object 'Object Repository/AdminSuiteBootstrap_Pages/VT_Bootstrap/SaleKeyboard/input__address2'

2024-07-12 21:43:46 - [MESSAGE][PASSED] - Text '22201' is set on object 'Object Repository/AdminSuiteBootstrap_Pages/VT_Bootstrap/SaleKeyboard/input__zip'

2024-07-12 21:43:47 - [MESSAGE][PASSED] - Text '' is set on object 'Object Repository/AdminSuiteBootstrap_Pages/VT_Bootstrap/SaleKeyboard/input_emailAddress'

2024-07-12 21:43:48 - [MESSAGE][PASSED] - Text '' is set on object 'Object Repository/AdminSuiteBootstrap_Pages/VT_Bootstrap/SaleKeyboard/input_smsNumber'

2024-07-12 21:43:49 - [MESSAGE][PASSED] - Text '10.50' is set on object 'Object Repository/AdminSuiteBootstrap_Pages/VT_Bootstrap/SaleKeyboard/input_amount'

2024-07-12 21:43:50 - [MESSAGE][PASSED] - Text 'Australia' is set on object 'Object Repository/AdminSuiteBootstrap_Pages/VT_Bootstrap/SaleKeyboard/input_userDefined1'

2024-07-12 21:43:51 - [MESSAGE][PASSED] - Text 'Denmark' is set on object 'Object Repository/AdminSuiteBootstrap_Pages/VT_Bootstrap/SaleKeyboard/input_userDefined2'

2024-07-12 21:43:52 - [MESSAGE][PASSED] - Text 'Sweden' is set on object 'Object Repository/AdminSuiteBootstrap_Pages/VT_Bootstrap/SaleKeyboard/input_userDefined3'

2024-07-12 21:43:52 - [MESSAGE][PASSED] - Text 'Austria' is set on object 'Object Repository/AdminSuiteBootstrap_Pages/VT_Bootstrap/SaleKeyboard/input_userDefined4'

2024-07-12 21:43:53 - [MESSAGE][PASSED] - All options with label 'Orange' are selected in object 'Object Repository/AdminSuiteBootstrap_Pages/VT_Bootstrap/SaleKeyboard/select_UDF5_DropDown'  using regular expression

2024-07-12 21:43:54 - [MESSAGE][PASSED] - All options with label 'Yellow' are selected in object 'Object Repository/AdminSuiteBootstrap_Pages/VT_Bootstrap/SaleKeyboard/select_UDF6_DropDown'  using regular expression

2024-07-12 21:43:55 - [MESSAGE][PASSED] - Text 'Norway' is set on object 'Object Repository/AdminSuiteBootstrap_Pages/VT_Bootstrap/SaleKeyboard/input_userDefined7'

2024-07-12 21:43:56 - [MESSAGE][PASSED] - Text 'Netherlands' is set on object 'Object Repository/AdminSuiteBootstrap_Pages/VT_Bootstrap/SaleKeyboard/input_userDefined8'

2024-07-12 21:43:56 - [MESSAGE][PASSED] - Text 'Switzerland' is set on object 'Object Repository/AdminSuiteBootstrap_Pages/VT_Bootstrap/SaleKeyboard/input_userDefined9'

2024-07-12 21:43:57 - [MESSAGE][PASSED] - Text 'France' is set on object 'Object Repository/AdminSuiteBootstrap_Pages/VT_Bootstrap/SaleKeyboard/input_userDefined10'

2024-07-12 21:43:59 - [MESSAGE][PASSED] - Object: 'Object Repository/AdminSuiteBootstrap_Pages/VT_Bootstrap/SaleKeyboard/button_Submit' is clicked on

2024-07-12 21:43:59 - [MESSAGE][PASSED] - adminSuiteBootstrap.virtualTerminalSetData.saleKeyboard_DataDriven is PASSED

2024-07-12 21:43:59 - [TEST_STEP][PASSED] - verifyTextPresent("Transaction Successful", true): Text 'Transaction Successful' is present on page  using regular expression

2024-07-12 21:43:59 - [MESSAGE][PASSED] - Text 'Transaction Successful' is present on page  using regular expression

2024-07-12 21:43:59 - [TEST_STEP][PASSED] - verifyElementVisible(findTestObject("Object Repository/AdminSuiteBootstrap_Pages/VT_Bootstrap/Receipt/button_Continue")): Object 'Object Repository/AdminSuiteBootstrap_Pages/VT_Bootstrap/Receipt/button_Continue' is visible

2024-07-12 21:44:00 - [MESSAGE][PASSED] - Object 'Object Repository/AdminSuiteBootstrap_Pages/VT_Bootstrap/Receipt/button_Continue' is visible

2024-07-12 21:44:00 - [TEST_STEP][PASSED] - verifyElementPresent(findTestObject("Object Repository/AdminSuiteBootstrap_Pages/VT_Bootstrap/Receipt/button_Continue"), 20): Object 'Object Repository/AdminSuiteBootstrap_Pages/VT_Bootstrap/Receipt/button_Continue' is present

2024-07-12 21:44:00 - [MESSAGE][PASSED] - Object 'Object Repository/AdminSuiteBootstrap_Pages/VT_Bootstrap/Receipt/button_Continue' is present

2024-07-12 21:44:00 - [TEST_STEP][PASSED] - verifyElementVisible(findTestObject("Object Repository/AdminSuiteBootstrap_Pages/VT_Bootstrap/Receipt/button_Print")): Object 'Object Repository/AdminSuiteBootstrap_Pages/VT_Bootstrap/Receipt/button_Print' is visible

2024-07-12 21:44:00 - [MESSAGE][PASSED] - Object 'Object Repository/AdminSuiteBootstrap_Pages/VT_Bootstrap/Receipt/button_Print' is visible

2024-07-12 21:44:00 - [TEST_STEP][PASSED] - verifyElementPresent(findTestObject("Object Repository/AdminSuiteBootstrap_Pages/VT_Bootstrap/Receipt/button_Print"), 20): Object 'Object Repository/AdminSuiteBootstrap_Pages/VT_Bootstrap/Receipt/button_Print' is present

2024-07-12 21:44:01 - [MESSAGE][PASSED] - Object 'Object Repository/AdminSuiteBootstrap_Pages/VT_Bootstrap/Receipt/button_Print' is present

2024-07-12 21:44:01 - [TEST_STEP][PASSED] - verifyTextPresent("Remittance ID", true): Text 'Remittance ID' is present on page  using regular expression

2024-07-12 21:44:01 - [MESSAGE][PASSED] - Text 'Remittance ID' is present on page  using regular expression

2024-07-12 21:44:01 - [TEST_STEP][PASSED] - verifyTextPresent("Received", true): Text 'Received' is present on page  using regular expression

2024-07-12 21:44:01 - [MESSAGE][PASSED] - Text 'Received' is present on page  using regular expression

2024-07-12 21:44:01 - [TEST_STEP][PASSED] - verifyTextPresent("UDF1", true): Text 'UDF1' is present on page  using regular expression

2024-07-12 21:44:02 - [MESSAGE][PASSED] - Text 'UDF1' is present on page  using regular expression

2024-07-12 21:44:02 - [TEST_STEP][PASSED] - verifyTextPresent("UDF2", true): Text 'UDF2' is present on page  using regular expression

2024-07-12 21:44:02 - [MESSAGE][PASSED] - Text 'UDF2' is present on page  using regular expression

2024-07-12 21:44:02 - [TEST_STEP][PASSED] - verifyTextPresent("UDF3", true): Text 'UDF3' is present on page  using regular expression

2024-07-12 21:44:02 - [MESSAGE][PASSED] - Text 'UDF3' is present on page  using regular expression

2024-07-12 21:44:02 - [TEST_STEP][PASSED] - verifyTextPresent("UDF4", true): Text 'UDF4' is present on page  using regular expression

2024-07-12 21:44:03 - [MESSAGE][PASSED] - Text 'UDF4' is present on page  using regular expression

2024-07-12 21:44:03 - [TEST_STEP][PASSED] - verifyTextPresent("UDF5", true): Text 'UDF5' is present on page  using regular expression

2024-07-12 21:44:03 - [MESSAGE][PASSED] - Text 'UDF5' is present on page  using regular expression

2024-07-12 21:44:03 - [TEST_STEP][PASSED] - verifyTextPresent("UDF6", true): Text 'UDF6' is present on page  using regular expression

2024-07-12 21:44:03 - [MESSAGE][PASSED] - Text 'UDF6' is present on page  using regular expression

2024-07-12 21:44:03 - [TEST_STEP][PASSED] - verifyTextPresent("UDF7", true): Text 'UDF7' is present on page  using regular expression

2024-07-12 21:44:04 - [MESSAGE][PASSED] - Text 'UDF7' is present on page  using regular expression

2024-07-12 21:44:04 - [TEST_STEP][PASSED] - verifyTextPresent("UDF8", true): Text 'UDF8' is present on page  using regular expression

2024-07-12 21:44:04 - [MESSAGE][PASSED] - Text 'UDF8' is present on page  using regular expression

2024-07-12 21:44:04 - [TEST_STEP][PASSED] - verifyTextPresent("UDF9", true): Text 'UDF9' is present on page  using regular expression

2024-07-12 21:44:04 - [MESSAGE][PASSED] - Text 'UDF9' is present on page  using regular expression

2024-07-12 21:44:04 - [TEST_STEP][PASSED] - verifyTextPresent("UDF 10", true): Text 'UDF 10' is present on page  using regular expression

2024-07-12 21:44:05 - [MESSAGE][PASSED] - Text 'UDF 10' is present on page  using regular expression

2024-07-12 21:44:05 - [TEST_STEP][PASSED] - verifyTextPresent("Australia", true): Text 'Australia' is present on page  using regular expression

2024-07-12 21:44:05 - [MESSAGE][PASSED] - Text 'Australia' is present on page  using regular expression

2024-07-12 21:44:05 - [TEST_STEP][PASSED] - verifyTextPresent("Denmark", true): Text 'Denmark' is present on page  using regular expression

2024-07-12 21:44:05 - [MESSAGE][PASSED] - Text 'Denmark' is present on page  using regular expression

2024-07-12 21:44:05 - [TEST_STEP][PASSED] - verifyTextPresent("Sweden", true): Text 'Sweden' is present on page  using regular expression

2024-07-12 21:44:06 - [MESSAGE][PASSED] - Text 'Sweden' is present on page  using regular expression

2024-07-12 21:44:06 - [TEST_STEP][PASSED] - verifyTextPresent("Austria", true): Text 'Austria' is present on page  using regular expression

2024-07-12 21:44:06 - [MESSAGE][PASSED] - Text 'Austria' is present on page  using regular expression

2024-07-12 21:44:06 - [TEST_STEP][PASSED] - verifyTextPresent("Orange Recorded", true): Text 'Orange Recorded' is present on page  using regular expression

2024-07-12 21:44:07 - [MESSAGE][PASSED] - Text 'Orange Recorded' is present on page  using regular expression

2024-07-12 21:44:07 - [TEST_STEP][PASSED] - verifyTextPresent("Yellow Recorded", true): Text 'Yellow Recorded' is present on page  using regular expression

2024-07-12 21:44:07 - [MESSAGE][PASSED] - Text 'Yellow Recorded' is present on page  using regular expression

2024-07-12 21:44:07 - [TEST_STEP][PASSED] - verifyTextPresent("Norway", true): Text 'Norway' is present on page  using regular expression

2024-07-12 21:44:07 - [MESSAGE][PASSED] - Text 'Norway' is present on page  using regular expression

2024-07-12 21:44:07 - [TEST_STEP][PASSED] - verifyTextPresent("Netherlands", true): Text 'Netherlands' is present on page  using regular expression

2024-07-12 21:44:07 - [MESSAGE][PASSED] - Text 'Netherlands' is present on page  using regular expression

2024-07-12 21:44:07 - [TEST_STEP][PASSED] - verifyTextPresent("Switzerland", true): Text 'Switzerland' is present on page  using regular expression

2024-07-12 21:44:08 - [MESSAGE][PASSED] - Text 'Switzerland' is present on page  using regular expression

2024-07-12 21:44:08 - [TEST_STEP][PASSED] - verifyTextPresent("France", true): Text 'France' is present on page  using regular expression

2024-07-12 21:44:08 - [MESSAGE][PASSED] - Text 'France' is present on page  using regular expression

2024-07-12 21:44:08 - [TEST_STEP][PASSED] - verifyTextPresent("Card Information", true): Text 'Card Information' is present on page  using regular expression

2024-07-12 21:44:08 - [MESSAGE][PASSED] - Text 'Card Information' is present on page  using regular expression

2024-07-12 21:44:08 - [TEST_STEP][PASSED] - verifyTextPresent("Amount", true): Text 'Amount' is present on page  using regular expression

2024-07-12 21:44:09 - [MESSAGE][PASSED] - Text 'Amount' is present on page  using regular expression

2024-07-12 21:44:09 - [TEST_STEP][PASSED] - verifyTextPresent("Service Fee", true): Text 'Service Fee' is present on page  using regular expression

2024-07-12 21:44:09 - [MESSAGE][PASSED] - Text 'Service Fee' is present on page  using regular expression

2024-07-12 21:44:09 - [TEST_STEP][PASSED] - verifyTextPresent("Service Fee Type", true): Text 'Service Fee Type' is present on page  using regular expression

2024-07-12 21:44:10 - [MESSAGE][PASSED] - Text 'Service Fee Type' is present on page  using regular expression

2024-07-12 21:44:10 - [TEST_STEP][PASSED] - verifyTextPresent("Total Amount", true): Text 'Total Amount' is present on page  using regular expression

2024-07-12 21:44:10 - [MESSAGE][PASSED] - Text 'Total Amount' is present on page  using regular expression

2024-07-12 21:44:10 - [TEST_STEP][PASSED] - verifyTextPresent("Transaction Type", true): Text 'Transaction Type' is present on page  using regular expression

2024-07-12 21:44:10 - [MESSAGE][PASSED] - Text 'Transaction Type' is present on page  using regular expression

2024-07-12 21:44:10 - [TEST_STEP][PASSED] - verifyTextPresent("10.50", true): Text '10.50' is present on page  using regular expression

2024-07-12 21:44:11 - [MESSAGE][PASSED] - Text '10.50' is present on page  using regular expression

2024-07-12 21:44:11 - [TEST_STEP][PASSED] - verifyTextPresent("5.00", true): Text '5.00' is present on page  using regular expression

2024-07-12 21:44:11 - [MESSAGE][PASSED] - Text '5.00' is present on page  using regular expression

2024-07-12 21:44:11 - [TEST_STEP][PASSED] - verifyTextPresent("Dual Transaction", true): Text 'Dual Transaction' is present on page  using regular expression

2024-07-12 21:44:11 - [MESSAGE][PASSED] - Text 'Dual Transaction' is present on page  using regular expression

2024-07-12 21:44:11 - [TEST_STEP][PASSED] - verifyTextPresent("15.50", true): Text '15.50' is present on page  using regular expression

2024-07-12 21:44:12 - [MESSAGE][PASSED] - Text '15.50' is present on page  using regular expression

2024-07-12 21:44:12 - [TEST_STEP][PASSED] - verifyTextPresent("Authorization and Capture", true): Text 'Authorization and Capture' is present on page  using regular expression

2024-07-12 21:44:12 - [MESSAGE][PASSED] - Text 'Authorization and Capture' is present on page  using regular expression

2024-07-12 21:44:12 - [TEST_STEP][PASSED] - cardNameV = findTestData(dataFile).getValue("CardNameV", row): null

2024-07-12 21:44:12 - [TEST_STEP][PASSED] - al1V = findTestData(dataFile).getValue("AL1", row): null

2024-07-12 21:44:12 - [TEST_STEP][PASSED] - al2V = findTestData(dataFile).getValue("AL2", row): null

2024-07-12 21:44:12 - [TEST_STEP][PASSED] - zipV = findTestData(dataFile).getValue("ZIP", row): null

2024-07-12 21:44:12 - [TEST_STEP][PASSED] - cardTypeV = findTestData(dataFile).getValue("CardType", row): null

2024-07-12 21:44:13 - [TEST_STEP][PASSED] - last4V = findTestData(dataFile).getValue("Last4", row): null

2024-07-12 21:44:13 - [TEST_STEP][PASSED] - verifyTextPresent(cardNameV, true): Text 'TULSI RAMAN' is present on page  using regular expression

2024-07-12 21:44:13 - [MESSAGE][PASSED] - Text 'TULSI RAMAN' is present on page  using regular expression

2024-07-12 21:44:13 - [TEST_STEP][PASSED] - verifyTextPresent("Address Line 1", true): Text 'Address Line 1' is present on page  using regular expression

2024-07-12 21:44:13 - [MESSAGE][PASSED] - Text 'Address Line 1' is present on page  using regular expression

2024-07-12 21:44:13 - [TEST_STEP][PASSED] - verifyTextPresent("Address Line 2", true): Text 'Address Line 2' is present on page  using regular expression

2024-07-12 21:44:14 - [MESSAGE][PASSED] - Text 'Address Line 2' is present on page  using regular expression

2024-07-12 21:44:14 - [TEST_STEP][PASSED] - verifyTextPresent("Country", true): Text 'Country' is present on page  using regular expression

2024-07-12 21:44:14 - [MESSAGE][PASSED] - Text 'Country' is present on page  using regular expression

2024-07-12 21:44:14 - [TEST_STEP][PASSED] - verifyTextPresent("City", true): Text 'City' is present on page  using regular expression

2024-07-12 21:44:14 - [MESSAGE][PASSED] - Text 'City' is present on page  using regular expression

2024-07-12 21:44:14 - [TEST_STEP][PASSED] - verifyTextPresent("State", true): Text 'State' is present on page  using regular expression

2024-07-12 21:44:15 - [MESSAGE][PASSED] - Text 'State' is present on page  using regular expression

2024-07-12 21:44:15 - [TEST_STEP][PASSED] - verifyTextPresent("ZIP Code", true): Text 'ZIP Code' is present on page  using regular expression

2024-07-12 21:44:15 - [MESSAGE][PASSED] - Text 'ZIP Code' is present on page  using regular expression

2024-07-12 21:44:15 - [TEST_STEP][PASSED] - verifyTextPresent(al1V, true): Text '550 Swan Lake' is present on page  using regular expression

2024-07-12 21:44:15 - [MESSAGE][PASSED] - Text '550 Swan Lake' is present on page  using regular expression

2024-07-12 21:44:15 - [TEST_STEP][PASSED] - verifyTextPresent(al2V, true): Text 'Suite 500' is present on page  using regular expression

2024-07-12 21:44:16 - [MESSAGE][PASSED] - Text 'Suite 500' is present on page  using regular expression

2024-07-12 21:44:16 - [TEST_STEP][PASSED] - verifyTextPresent("United States", true): Text 'United States' is present on page  using regular expression

2024-07-12 21:44:16 - [MESSAGE][PASSED] - Text 'United States' is present on page  using regular expression

2024-07-12 21:44:16 - [TEST_STEP][PASSED] - verifyTextPresent("ARLINGTON", true): Text 'ARLINGTON' is present on page  using regular expression

2024-07-12 21:44:16 - [MESSAGE][PASSED] - Text 'ARLINGTON' is present on page  using regular expression

2024-07-12 21:44:16 - [TEST_STEP][PASSED] - verifyTextPresent("Virginia", true): Text 'Virginia' is present on page  using regular expression

2024-07-12 21:44:17 - [MESSAGE][PASSED] - Text 'Virginia' is present on page  using regular expression

2024-07-12 21:44:17 - [TEST_STEP][PASSED] - verifyTextPresent(zipV, true): Text '22201' is present on page  using regular expression

2024-07-12 21:44:17 - [MESSAGE][PASSED] - Text '22201' is present on page  using regular expression

2024-07-12 21:44:17 - [TEST_STEP][PASSED] - verifyTextPresent(cardTypeV, true): Text 'American Express' is present on page  using regular expression

2024-07-12 21:44:17 - [MESSAGE][PASSED] - Text 'American Express' is present on page  using regular expression

2024-07-12 21:44:17 - [TEST_STEP][PASSED] - verifyTextPresent(last4V, true): Text '2376' is present on page  using regular expression

2024-07-12 21:44:18 - [MESSAGE][PASSED] - Text '2376' is present on page  using regular expression

2024-07-12 21:44:18 - [TEST_STEP][PASSED] - closeBrowser(): Browser is closed

2024-07-12 21:44:19 - [MESSAGE][PASSED] - Browser is closed

2024-07-12 21:44:19 - [TEST_STEP][PASSED] - ExecuteTC = findTestData(dataFile).getValue("Execute", row): null

2024-07-12 21:44:19 - [TEST_STEP][PASSED] - out.println("Value of Execute is : " + ExecuteTC): null

2024-07-12 21:44:19 - [TEST_STEP][PASSED] - switch (executionProfile): null

2024-07-12 21:44:19 - [TEST_STEP][PASSED] - case "QA2Profile":: null

2024-07-12 21:44:19 - [TEST_STEP][PASSED] - appName = findTestData(dataFile).getValue("AppNameQA", row): null

2024-07-12 21:44:19 - [TEST_STEP][PASSED] - appID = findTestData(dataFile).getValue("AppIDQA", row): null

2024-07-12 21:44:19 - [TEST_STEP][PASSED] - break: null

2024-07-12 21:44:19 - [TEST_STEP][PASSED] - hrefAppID = li_1 + appID + li_2: null

2024-07-12 21:44:19 - [TEST_STEP][PASSED] - hrefApp = li_1 + appID + "/": null

2024-07-12 21:44:19 - [TEST_STEP][PASSED] - println("hrefApp : " + hrefApp): null

2024-07-12 21:44:19 - [TEST_STEP][PASSED] - if (ExecuteTC.equalsIgnoreCase("Y")): Browser is closed

2024-07-12 21:44:19 - [TEST_STEP][PASSED] - out.println("Begin Record Number: " + row): null

2024-07-12 21:44:19 - [TEST_STEP][PASSED] - today = new java.util.Date(): null

2024-07-12 21:44:19 - [TEST_STEP][PASSED] - println(today): null

2024-07-12 21:44:19 - [TEST_STEP][PASSED] - datText = today: null

2024-07-12 21:44:19 - [TEST_STEP][PASSED] - adminSuiteBootstrap.loginFunctionality.login_AdminSuite(): adminSuiteBootstrap.loginFunctionality.login_AdminSuite is PASSED

2024-07-12 21:44:19 - [MESSAGE][INFO] - Starting 'Chrome' driver

2024-07-12 21:44:19 - [MESSAGE][INFO] - User set preference: ['acceptInsecureCerts', 'true']

2024-07-12 21:44:19 - [MESSAGE][INFO] - Action delay is set to 0 milliseconds

2024-07-12 21:44:21 - [MESSAGE][PASSED] - Browser is opened with url: 'https://qa2.velocitypayment.com/admin/imtiaz'

2024-07-12 21:44:22 - [MESSAGE][PASSED] - Current window maximized

2024-07-12 21:44:23 - [MESSAGE][PASSED] - Object 'Object Repository/Login_Page/Login_Username_Okta' is present

2024-07-12 21:44:23 - [MESSAGE][PASSED] - Text 'iahmed' is set on object 'Object Repository/Login_Page/Login_Username_Okta'

2024-07-12 21:44:24 - [MESSAGE][PASSED] - Text 'Hello!6666666' is set on object 'Object Repository/Login_Page/Login_Password_Okta'

2024-07-12 21:44:25 - [MESSAGE][PASSED] - Object: 'Object Repository/Login_Page/Login_Submit_Okta' is clicked on

2024-07-12 21:44:25 - [MESSAGE][PASSED] - adminSuiteBootstrap.loginFunctionality.login_AdminSuite is PASSED

2024-07-12 21:44:25 - [TEST_STEP][PASSED] - click(findTestObject(path_Dashboard + appName)): Object: 'Object Repository/AdminSuiteBootstrap_Pages/Dashboard_Bootstrap/a_Access AutoDualCFtpQA' is clicked on

2024-07-12 21:44:33 - [MESSAGE][PASSED] - Object: 'Object Repository/AdminSuiteBootstrap_Pages/Dashboard_Bootstrap/a_Access AutoDualCFtpQA' is clicked on

2024-07-12 21:44:33 - [TEST_STEP][PASSED] - click(findTestObject(path_VT + "button_Authorization  Capture (Sale)")): Object: 'Object Repository/AdminSuiteBootstrap_Pages/VT_Bootstrap/IssueTransactions/button_Authorization  Capture (Sale)' is clicked on

2024-07-12 21:44:33 - [MESSAGE][PASSED] - Object: 'Object Repository/AdminSuiteBootstrap_Pages/VT_Bootstrap/IssueTransactions/button_Authorization  Capture (Sale)' is clicked on

2024-07-12 21:44:33 - [TEST_STEP][PASSED] - saleKeyboardEntryLink = modifyObjectProperty(findTestObject(path_VT + "a_KeyboardEntry_Sale"), "href", "equals", hrefAppID, true): Modify property of object successfully

2024-07-12 21:44:34 - [MESSAGE][PASSED] - Modify property of object successfully

2024-07-12 21:44:34 - [TEST_STEP][PASSED] - click(saleKeyboardEntryLink): Object: 'Object Repository/AdminSuiteBootstrap_Pages/VT_Bootstrap/IssueTransactions/a_KeyboardEntry_Sale' is clicked on

2024-07-12 21:44:34 - [MESSAGE][PASSED] - Object: 'Object Repository/AdminSuiteBootstrap_Pages/VT_Bootstrap/IssueTransactions/a_KeyboardEntry_Sale' is clicked on

2024-07-12 21:44:34 - [TEST_STEP][PASSED] - adminSuiteBootstrap.virtualTerminalSetData.saleKeyboard_DataDriven(row, dataFile): adminSuiteBootstrap.virtualTerminalSetData.saleKeyboard_DataDriven is PASSED

2024-07-12 21:44:38 - [MESSAGE][PASSED] - Text 'Tulsi Raman' is set on object 'Object Repository/AdminSuiteBootstrap_Pages/VT_Bootstrap/SaleKeyboard/input_cardName'

2024-07-12 21:44:39 - [MESSAGE][PASSED] - All options with value 'RETL' are selected in object 'Object Repository/AdminSuiteBootstrap_Pages/VT_Bootstrap/SaleKeyboard/select_transactionCategory'  using regular expression

2024-07-12 21:44:39 - [MESSAGE][PASSED] - Execute JavaScript 'arguments[0].value ='6011000993026909' ' successfully

2024-07-12 21:44:40 - [MESSAGE][PASSED] - Execute JavaScript 'arguments[0].value ='123' ' successfully

2024-07-12 21:44:41 - [MESSAGE][PASSED] - All options with value '12' are selected in object 'Object Repository/AdminSuiteBootstrap_Pages/VT_Bootstrap/SaleKeyboard/select_MM'  using regular expression

2024-07-12 21:44:42 - [MESSAGE][PASSED] - All options with value '2025' are selected in object 'Object Repository/AdminSuiteBootstrap_Pages/VT_Bootstrap/SaleKeyboard/select_YYYY'  using regular expression

2024-07-12 21:44:43 - [MESSAGE][PASSED] - Text '25987 Hill Top' is set on object 'Object Repository/AdminSuiteBootstrap_Pages/VT_Bootstrap/SaleKeyboard/input__address'

2024-07-12 21:44:43 - [MESSAGE][PASSED] - Text 'Suite 500' is set on object 'Object Repository/AdminSuiteBootstrap_Pages/VT_Bootstrap/SaleKeyboard/input__address2'

2024-07-12 21:44:44 - [MESSAGE][PASSED] - Text '22201' is set on object 'Object Repository/AdminSuiteBootstrap_Pages/VT_Bootstrap/SaleKeyboard/input__zip'

2024-07-12 21:44:45 - [MESSAGE][PASSED] - Text '' is set on object 'Object Repository/AdminSuiteBootstrap_Pages/VT_Bootstrap/SaleKeyboard/input_emailAddress'

2024-07-12 21:44:46 - [MESSAGE][PASSED] - Text '' is set on object 'Object Repository/AdminSuiteBootstrap_Pages/VT_Bootstrap/SaleKeyboard/input_smsNumber'

2024-07-12 21:44:47 - [MESSAGE][PASSED] - Text '10.50' is set on object 'Object Repository/AdminSuiteBootstrap_Pages/VT_Bootstrap/SaleKeyboard/input_amount'

2024-07-12 21:44:48 - [MESSAGE][PASSED] - Text 'Australia' is set on object 'Object Repository/AdminSuiteBootstrap_Pages/VT_Bootstrap/SaleKeyboard/input_userDefined1'

2024-07-12 21:44:49 - [MESSAGE][PASSED] - Text 'Denmark' is set on object 'Object Repository/AdminSuiteBootstrap_Pages/VT_Bootstrap/SaleKeyboard/input_userDefined2'

2024-07-12 21:44:50 - [MESSAGE][PASSED] - Text 'Sweden' is set on object 'Object Repository/AdminSuiteBootstrap_Pages/VT_Bootstrap/SaleKeyboard/input_userDefined3'

2024-07-12 21:44:50 - [MESSAGE][PASSED] - Text 'Austria' is set on object 'Object Repository/AdminSuiteBootstrap_Pages/VT_Bootstrap/SaleKeyboard/input_userDefined4'

2024-07-12 21:44:51 - [MESSAGE][PASSED] - All options with label 'Orange' are selected in object 'Object Repository/AdminSuiteBootstrap_Pages/VT_Bootstrap/SaleKeyboard/select_UDF5_DropDown'  using regular expression

2024-07-12 21:44:52 - [MESSAGE][PASSED] - All options with label 'Yellow' are selected in object 'Object Repository/AdminSuiteBootstrap_Pages/VT_Bootstrap/SaleKeyboard/select_UDF6_DropDown'  using regular expression

2024-07-12 21:44:53 - [MESSAGE][PASSED] - Text 'Norway' is set on object 'Object Repository/AdminSuiteBootstrap_Pages/VT_Bootstrap/SaleKeyboard/input_userDefined7'

2024-07-12 21:44:54 - [MESSAGE][PASSED] - Text 'Netherlands' is set on object 'Object Repository/AdminSuiteBootstrap_Pages/VT_Bootstrap/SaleKeyboard/input_userDefined8'

2024-07-12 21:44:55 - [MESSAGE][PASSED] - Text 'Switzerland' is set on object 'Object Repository/AdminSuiteBootstrap_Pages/VT_Bootstrap/SaleKeyboard/input_userDefined9'

2024-07-12 21:44:55 - [MESSAGE][PASSED] - Text 'France' is set on object 'Object Repository/AdminSuiteBootstrap_Pages/VT_Bootstrap/SaleKeyboard/input_userDefined10'

2024-07-12 21:44:57 - [MESSAGE][PASSED] - Object: 'Object Repository/AdminSuiteBootstrap_Pages/VT_Bootstrap/SaleKeyboard/button_Submit' is clicked on

2024-07-12 21:44:57 - [MESSAGE][PASSED] - adminSuiteBootstrap.virtualTerminalSetData.saleKeyboard_DataDriven is PASSED

2024-07-12 21:44:57 - [TEST_STEP][PASSED] - verifyTextPresent("Transaction Successful", true): Text 'Transaction Successful' is present on page  using regular expression

2024-07-12 21:44:57 - [MESSAGE][PASSED] - Text 'Transaction Successful' is present on page  using regular expression

2024-07-12 21:44:57 - [TEST_STEP][PASSED] - verifyElementVisible(findTestObject("Object Repository/AdminSuiteBootstrap_Pages/VT_Bootstrap/Receipt/button_Continue")): Object 'Object Repository/AdminSuiteBootstrap_Pages/VT_Bootstrap/Receipt/button_Continue' is visible

2024-07-12 21:44:58 - [MESSAGE][PASSED] - Object 'Object Repository/AdminSuiteBootstrap_Pages/VT_Bootstrap/Receipt/button_Continue' is visible

2024-07-12 21:44:58 - [TEST_STEP][PASSED] - verifyElementPresent(findTestObject("Object Repository/AdminSuiteBootstrap_Pages/VT_Bootstrap/Receipt/button_Continue"), 20): Object 'Object Repository/AdminSuiteBootstrap_Pages/VT_Bootstrap/Receipt/button_Continue' is present

2024-07-12 21:44:58 - [MESSAGE][PASSED] - Object 'Object Repository/AdminSuiteBootstrap_Pages/VT_Bootstrap/Receipt/button_Continue' is present

2024-07-12 21:44:58 - [TEST_STEP][PASSED] - verifyElementVisible(findTestObject("Object Repository/AdminSuiteBootstrap_Pages/VT_Bootstrap/Receipt/button_Print")): Object 'Object Repository/AdminSuiteBootstrap_Pages/VT_Bootstrap/Receipt/button_Print' is visible

2024-07-12 21:44:58 - [MESSAGE][PASSED] - Object 'Object Repository/AdminSuiteBootstrap_Pages/VT_Bootstrap/Receipt/button_Print' is visible

2024-07-12 21:44:58 - [TEST_STEP][PASSED] - verifyElementPresent(findTestObject("Object Repository/AdminSuiteBootstrap_Pages/VT_Bootstrap/Receipt/button_Print"), 20): Object 'Object Repository/AdminSuiteBootstrap_Pages/VT_Bootstrap/Receipt/button_Print' is present

2024-07-12 21:44:59 - [MESSAGE][PASSED] - Object 'Object Repository/AdminSuiteBootstrap_Pages/VT_Bootstrap/Receipt/button_Print' is present

2024-07-12 21:44:59 - [TEST_STEP][PASSED] - verifyTextPresent("Remittance ID", true): Text 'Remittance ID' is present on page  using regular expression

2024-07-12 21:44:59 - [MESSAGE][PASSED] - Text 'Remittance ID' is present on page  using regular expression

2024-07-12 21:44:59 - [TEST_STEP][PASSED] - verifyTextPresent("Received", true): Text 'Received' is present on page  using regular expression

2024-07-12 21:44:59 - [MESSAGE][PASSED] - Text 'Received' is present on page  using regular expression

2024-07-12 21:44:59 - [TEST_STEP][PASSED] - verifyTextPresent("UDF1", true): Text 'UDF1' is present on page  using regular expression

2024-07-12 21:45:00 - [MESSAGE][PASSED] - Text 'UDF1' is present on page  using regular expression

2024-07-12 21:45:00 - [TEST_STEP][PASSED] - verifyTextPresent("UDF2", true): Text 'UDF2' is present on page  using regular expression

2024-07-12 21:45:00 - [MESSAGE][PASSED] - Text 'UDF2' is present on page  using regular expression

2024-07-12 21:45:00 - [TEST_STEP][PASSED] - verifyTextPresent("UDF3", true): Text 'UDF3' is present on page  using regular expression

2024-07-12 21:45:00 - [MESSAGE][PASSED] - Text 'UDF3' is present on page  using regular expression

2024-07-12 21:45:00 - [TEST_STEP][PASSED] - verifyTextPresent("UDF4", true): Text 'UDF4' is present on page  using regular expression

2024-07-12 21:45:01 - [MESSAGE][PASSED] - Text 'UDF4' is present on page  using regular expression

2024-07-12 21:45:01 - [TEST_STEP][PASSED] - verifyTextPresent("UDF5", true): Text 'UDF5' is present on page  using regular expression

2024-07-12 21:45:01 - [MESSAGE][PASSED] - Text 'UDF5' is present on page  using regular expression

2024-07-12 21:45:01 - [TEST_STEP][PASSED] - verifyTextPresent("UDF6", true): Text 'UDF6' is present on page  using regular expression

2024-07-12 21:45:01 - [MESSAGE][PASSED] - Text 'UDF6' is present on page  using regular expression

2024-07-12 21:45:01 - [TEST_STEP][PASSED] - verifyTextPresent("UDF7", true): Text 'UDF7' is present on page  using regular expression

2024-07-12 21:45:02 - [MESSAGE][PASSED] - Text 'UDF7' is present on page  using regular expression

2024-07-12 21:45:02 - [TEST_STEP][PASSED] - verifyTextPresent("UDF8", true): Text 'UDF8' is present on page  using regular expression

2024-07-12 21:45:02 - [MESSAGE][PASSED] - Text 'UDF8' is present on page  using regular expression

2024-07-12 21:45:02 - [TEST_STEP][PASSED] - verifyTextPresent("UDF9", true): Text 'UDF9' is present on page  using regular expression

2024-07-12 21:45:02 - [MESSAGE][PASSED] - Text 'UDF9' is present on page  using regular expression

2024-07-12 21:45:02 - [TEST_STEP][PASSED] - verifyTextPresent("UDF 10", true): Text 'UDF 10' is present on page  using regular expression

2024-07-12 21:45:03 - [MESSAGE][PASSED] - Text 'UDF 10' is present on page  using regular expression

2024-07-12 21:45:03 - [TEST_STEP][PASSED] - verifyTextPresent("Australia", true): Text 'Australia' is present on page  using regular expression

2024-07-12 21:45:03 - [MESSAGE][PASSED] - Text 'Australia' is present on page  using regular expression

2024-07-12 21:45:03 - [TEST_STEP][PASSED] - verifyTextPresent("Denmark", true): Text 'Denmark' is present on page  using regular expression

2024-07-12 21:45:04 - [MESSAGE][PASSED] - Text 'Denmark' is present on page  using regular expression

2024-07-12 21:45:04 - [TEST_STEP][PASSED] - verifyTextPresent("Sweden", true): Text 'Sweden' is present on page  using regular expression

2024-07-12 21:45:04 - [MESSAGE][PASSED] - Text 'Sweden' is present on page  using regular expression

2024-07-12 21:45:04 - [TEST_STEP][PASSED] - verifyTextPresent("Austria", true): Text 'Austria' is present on page  using regular expression

2024-07-12 21:45:04 - [MESSAGE][PASSED] - Text 'Austria' is present on page  using regular expression

2024-07-12 21:45:04 - [TEST_STEP][PASSED] - verifyTextPresent("Orange Recorded", true): Text 'Orange Recorded' is present on page  using regular expression

2024-07-12 21:45:05 - [MESSAGE][PASSED] - Text 'Orange Recorded' is present on page  using regular expression

2024-07-12 21:45:05 - [TEST_STEP][PASSED] - verifyTextPresent("Yellow Recorded", true): Text 'Yellow Recorded' is present on page  using regular expression

2024-07-12 21:45:05 - [MESSAGE][PASSED] - Text 'Yellow Recorded' is present on page  using regular expression

2024-07-12 21:45:05 - [TEST_STEP][PASSED] - verifyTextPresent("Norway", true): Text 'Norway' is present on page  using regular expression

2024-07-12 21:45:05 - [MESSAGE][PASSED] - Text 'Norway' is present on page  using regular expression

2024-07-12 21:45:05 - [TEST_STEP][PASSED] - verifyTextPresent("Netherlands", true): Text 'Netherlands' is present on page  using regular expression

2024-07-12 21:45:06 - [MESSAGE][PASSED] - Text 'Netherlands' is present on page  using regular expression

2024-07-12 21:45:06 - [TEST_STEP][PASSED] - verifyTextPresent("Switzerland", true): Text 'Switzerland' is present on page  using regular expression

2024-07-12 21:45:06 - [MESSAGE][PASSED] - Text 'Switzerland' is present on page  using regular expression

2024-07-12 21:45:06 - [TEST_STEP][PASSED] - verifyTextPresent("France", true): Text 'France' is present on page  using regular expression

2024-07-12 21:45:06 - [MESSAGE][PASSED] - Text 'France' is present on page  using regular expression

2024-07-12 21:45:06 - [TEST_STEP][PASSED] - verifyTextPresent("Card Information", true): Text 'Card Information' is present on page  using regular expression

2024-07-12 21:45:07 - [MESSAGE][PASSED] - Text 'Card Information' is present on page  using regular expression

2024-07-12 21:45:07 - [TEST_STEP][PASSED] - verifyTextPresent("Amount", true): Text 'Amount' is present on page  using regular expression

2024-07-12 21:45:07 - [MESSAGE][PASSED] - Text 'Amount' is present on page  using regular expression

2024-07-12 21:45:07 - [TEST_STEP][PASSED] - verifyTextPresent("Service Fee", true): Text 'Service Fee' is present on page  using regular expression

2024-07-12 21:45:07 - [MESSAGE][PASSED] - Text 'Service Fee' is present on page  using regular expression

2024-07-12 21:45:07 - [TEST_STEP][PASSED] - verifyTextPresent("Service Fee Type", true): Text 'Service Fee Type' is present on page  using regular expression

2024-07-12 21:45:08 - [MESSAGE][PASSED] - Text 'Service Fee Type' is present on page  using regular expression

2024-07-12 21:45:08 - [TEST_STEP][PASSED] - verifyTextPresent("Total Amount", true): Text 'Total Amount' is present on page  using regular expression

2024-07-12 21:45:08 - [MESSAGE][PASSED] - Text 'Total Amount' is present on page  using regular expression

2024-07-12 21:45:08 - [TEST_STEP][PASSED] - verifyTextPresent("Transaction Type", true): Text 'Transaction Type' is present on page  using regular expression

2024-07-12 21:45:08 - [MESSAGE][PASSED] - Text 'Transaction Type' is present on page  using regular expression

2024-07-12 21:45:08 - [TEST_STEP][PASSED] - verifyTextPresent("10.50", true): Text '10.50' is present on page  using regular expression

2024-07-12 21:45:08 - [MESSAGE][PASSED] - Text '10.50' is present on page  using regular expression

2024-07-12 21:45:08 - [TEST_STEP][PASSED] - verifyTextPresent("5.00", true): Text '5.00' is present on page  using regular expression

2024-07-12 21:45:09 - [MESSAGE][PASSED] - Text '5.00' is present on page  using regular expression

2024-07-12 21:45:09 - [TEST_STEP][PASSED] - verifyTextPresent("Dual Transaction", true): Text 'Dual Transaction' is present on page  using regular expression

2024-07-12 21:45:09 - [MESSAGE][PASSED] - Text 'Dual Transaction' is present on page  using regular expression

2024-07-12 21:45:09 - [TEST_STEP][PASSED] - verifyTextPresent("15.50", true): Text '15.50' is present on page  using regular expression

2024-07-12 21:45:10 - [MESSAGE][PASSED] - Text '15.50' is present on page  using regular expression

2024-07-12 21:45:10 - [TEST_STEP][PASSED] - verifyTextPresent("Authorization and Capture", true): Text 'Authorization and Capture' is present on page  using regular expression

2024-07-12 21:45:10 - [MESSAGE][PASSED] - Text 'Authorization and Capture' is present on page  using regular expression

2024-07-12 21:45:10 - [TEST_STEP][PASSED] - cardNameV = findTestData(dataFile).getValue("CardNameV", row): null

2024-07-12 21:45:10 - [TEST_STEP][PASSED] - al1V = findTestData(dataFile).getValue("AL1", row): null

2024-07-12 21:45:10 - [TEST_STEP][PASSED] - al2V = findTestData(dataFile).getValue("AL2", row): null

2024-07-12 21:45:10 - [TEST_STEP][PASSED] - zipV = findTestData(dataFile).getValue("ZIP", row): null

2024-07-12 21:45:10 - [TEST_STEP][PASSED] - cardTypeV = findTestData(dataFile).getValue("CardType", row): null

2024-07-12 21:45:10 - [TEST_STEP][PASSED] - last4V = findTestData(dataFile).getValue("Last4", row): null

2024-07-12 21:45:11 - [TEST_STEP][PASSED] - verifyTextPresent(cardNameV, true): Text 'TULSI RAMAN' is present on page  using regular expression

2024-07-12 21:45:11 - [MESSAGE][PASSED] - Text 'TULSI RAMAN' is present on page  using regular expression

2024-07-12 21:45:11 - [TEST_STEP][PASSED] - verifyTextPresent("Address Line 1", true): Text 'Address Line 1' is present on page  using regular expression

2024-07-12 21:45:11 - [MESSAGE][PASSED] - Text 'Address Line 1' is present on page  using regular expression

2024-07-12 21:45:11 - [TEST_STEP][PASSED] - verifyTextPresent("Address Line 2", true): Text 'Address Line 2' is present on page  using regular expression

2024-07-12 21:45:12 - [MESSAGE][PASSED] - Text 'Address Line 2' is present on page  using regular expression

2024-07-12 21:45:12 - [TEST_STEP][PASSED] - verifyTextPresent("Country", true): Text 'Country' is present on page  using regular expression

2024-07-12 21:45:12 - [MESSAGE][PASSED] - Text 'Country' is present on page  using regular expression

2024-07-12 21:45:12 - [TEST_STEP][PASSED] - verifyTextPresent("City", true): Text 'City' is present on page  using regular expression

2024-07-12 21:45:12 - [MESSAGE][PASSED] - Text 'City' is present on page  using regular expression

2024-07-12 21:45:12 - [TEST_STEP][PASSED] - verifyTextPresent("State", true): Text 'State' is present on page  using regular expression

2024-07-12 21:45:13 - [MESSAGE][PASSED] - Text 'State' is present on page  using regular expression

2024-07-12 21:45:13 - [TEST_STEP][PASSED] - verifyTextPresent("ZIP Code", true): Text 'ZIP Code' is present on page  using regular expression

2024-07-12 21:45:13 - [MESSAGE][PASSED] - Text 'ZIP Code' is present on page  using regular expression

2024-07-12 21:45:13 - [TEST_STEP][PASSED] - verifyTextPresent(al1V, true): Text '25987 Hill Top' is present on page  using regular expression

2024-07-12 21:45:13 - [MESSAGE][PASSED] - Text '25987 Hill Top' is present on page  using regular expression

2024-07-12 21:45:13 - [TEST_STEP][PASSED] - verifyTextPresent(al2V, true): Text 'Suite 500' is present on page  using regular expression

2024-07-12 21:45:14 - [MESSAGE][PASSED] - Text 'Suite 500' is present on page  using regular expression

2024-07-12 21:45:14 - [TEST_STEP][PASSED] - verifyTextPresent("United States", true): Text 'United States' is present on page  using regular expression

2024-07-12 21:45:14 - [MESSAGE][PASSED] - Text 'United States' is present on page  using regular expression

2024-07-12 21:45:14 - [TEST_STEP][PASSED] - verifyTextPresent("ARLINGTON", true): Text 'ARLINGTON' is present on page  using regular expression

2024-07-12 21:45:14 - [MESSAGE][PASSED] - Text 'ARLINGTON' is present on page  using regular expression

2024-07-12 21:45:14 - [TEST_STEP][PASSED] - verifyTextPresent("Virginia", true): Text 'Virginia' is present on page  using regular expression

2024-07-12 21:45:15 - [MESSAGE][PASSED] - Text 'Virginia' is present on page  using regular expression

2024-07-12 21:45:15 - [TEST_STEP][PASSED] - verifyTextPresent(zipV, true): Text '22201' is present on page  using regular expression

2024-07-12 21:45:15 - [MESSAGE][PASSED] - Text '22201' is present on page  using regular expression

2024-07-12 21:45:15 - [TEST_STEP][PASSED] - verifyTextPresent(cardTypeV, true): Text 'Discover' is present on page  using regular expression

2024-07-12 21:45:15 - [MESSAGE][PASSED] - Text 'Discover' is present on page  using regular expression

2024-07-12 21:45:15 - [TEST_STEP][PASSED] - verifyTextPresent(last4V, true): Text '6909' is present on page  using regular expression

2024-07-12 21:45:16 - [MESSAGE][PASSED] - Text '6909' is present on page  using regular expression

2024-07-12 21:45:16 - [TEST_STEP][PASSED] - closeBrowser(): Browser is closed

2024-07-12 21:45:17 - [MESSAGE][PASSED] - Browser is closed

2024-07-12 21:45:17 - [TEST_STEP][PASSED] - ExecuteTC = findTestData(dataFile).getValue("Execute", row): null

2024-07-12 21:45:17 - [TEST_STEP][PASSED] - out.println("Value of Execute is : " + ExecuteTC): null

2024-07-12 21:45:17 - [TEST_STEP][PASSED] - switch (executionProfile): null

2024-07-12 21:45:17 - [TEST_STEP][PASSED] - case "QA2Profile":: null

2024-07-12 21:45:17 - [TEST_STEP][PASSED] - appName = findTestData(dataFile).getValue("AppNameQA", row): null

2024-07-12 21:45:17 - [TEST_STEP][PASSED] - appID = findTestData(dataFile).getValue("AppIDQA", row): null

2024-07-12 21:45:17 - [TEST_STEP][PASSED] - break: null

2024-07-12 21:45:17 - [TEST_STEP][PASSED] - hrefAppID = li_1 + appID + li_2: null

2024-07-12 21:45:17 - [TEST_STEP][PASSED] - hrefApp = li_1 + appID + "/": null

2024-07-12 21:45:17 - [TEST_STEP][PASSED] - println("hrefApp : " + hrefApp): null

2024-07-12 21:45:17 - [TEST_STEP][PASSED] - if (ExecuteTC.equalsIgnoreCase("Y")): Browser is closed

2024-07-12 21:45:17 - [TEST_STEP][PASSED] - out.println("Begin Record Number: " + row): null

2024-07-12 21:45:17 - [TEST_STEP][PASSED] - today = new java.util.Date(): null

2024-07-12 21:45:17 - [TEST_STEP][PASSED] - println(today): null

2024-07-12 21:45:17 - [TEST_STEP][PASSED] - datText = today: null

2024-07-12 21:45:17 - [TEST_STEP][PASSED] - adminSuiteBootstrap.loginFunctionality.login_AdminSuite(): adminSuiteBootstrap.loginFunctionality.login_AdminSuite is PASSED

2024-07-12 21:45:17 - [MESSAGE][INFO] - Starting 'Chrome' driver

2024-07-12 21:45:17 - [MESSAGE][INFO] - User set preference: ['acceptInsecureCerts', 'true']

2024-07-12 21:45:17 - [MESSAGE][INFO] - Action delay is set to 0 milliseconds

2024-07-12 21:45:20 - [MESSAGE][PASSED] - Browser is opened with url: 'https://qa2.velocitypayment.com/admin/imtiaz'

2024-07-12 21:45:20 - [MESSAGE][PASSED] - Current window maximized

2024-07-12 21:45:21 - [MESSAGE][PASSED] - Object 'Object Repository/Login_Page/Login_Username_Okta' is present

2024-07-12 21:45:21 - [MESSAGE][PASSED] - Text 'iahmed' is set on object 'Object Repository/Login_Page/Login_Username_Okta'

2024-07-12 21:45:22 - [MESSAGE][PASSED] - Text 'Hello!6666666' is set on object 'Object Repository/Login_Page/Login_Password_Okta'

2024-07-12 21:45:23 - [MESSAGE][PASSED] - Object: 'Object Repository/Login_Page/Login_Submit_Okta' is clicked on

2024-07-12 21:45:23 - [MESSAGE][PASSED] - adminSuiteBootstrap.loginFunctionality.login_AdminSuite is PASSED

2024-07-12 21:45:23 - [TEST_STEP][PASSED] - click(findTestObject(path_Dashboard + appName)): Object: 'Object Repository/AdminSuiteBootstrap_Pages/Dashboard_Bootstrap/a_Access AutoDualCFtpQA' is clicked on

2024-07-12 21:45:31 - [MESSAGE][PASSED] - Object: 'Object Repository/AdminSuiteBootstrap_Pages/Dashboard_Bootstrap/a_Access AutoDualCFtpQA' is clicked on

2024-07-12 21:45:31 - [TEST_STEP][PASSED] - click(findTestObject(path_VT + "button_Authorization  Capture (Sale)")): Object: 'Object Repository/AdminSuiteBootstrap_Pages/VT_Bootstrap/IssueTransactions/button_Authorization  Capture (Sale)' is clicked on

2024-07-12 21:45:32 - [MESSAGE][PASSED] - Object: 'Object Repository/AdminSuiteBootstrap_Pages/VT_Bootstrap/IssueTransactions/button_Authorization  Capture (Sale)' is clicked on

2024-07-12 21:45:32 - [TEST_STEP][PASSED] - saleKeyboardEntryLink = modifyObjectProperty(findTestObject(path_VT + "a_KeyboardEntry_Sale"), "href", "equals", hrefAppID, true): Modify property of object successfully

2024-07-12 21:45:32 - [MESSAGE][PASSED] - Modify property of object successfully

2024-07-12 21:45:32 - [TEST_STEP][PASSED] - click(saleKeyboardEntryLink): Object: 'Object Repository/AdminSuiteBootstrap_Pages/VT_Bootstrap/IssueTransactions/a_KeyboardEntry_Sale' is clicked on

2024-07-12 21:45:33 - [MESSAGE][PASSED] - Object: 'Object Repository/AdminSuiteBootstrap_Pages/VT_Bootstrap/IssueTransactions/a_KeyboardEntry_Sale' is clicked on

2024-07-12 21:45:33 - [TEST_STEP][PASSED] - adminSuiteBootstrap.virtualTerminalSetData.saleKeyboard_DataDriven(row, dataFile): adminSuiteBootstrap.virtualTerminalSetData.saleKeyboard_DataDriven is PASSED

2024-07-12 21:45:36 - [MESSAGE][PASSED] - Text 'Janaki James' is set on object 'Object Repository/AdminSuiteBootstrap_Pages/VT_Bootstrap/SaleKeyboard/input_cardName'

2024-07-12 21:45:37 - [MESSAGE][PASSED] - All options with value 'MOTO' are selected in object 'Object Repository/AdminSuiteBootstrap_Pages/VT_Bootstrap/SaleKeyboard/select_transactionCategory'  using regular expression

2024-07-12 21:45:37 - [MESSAGE][PASSED] - Execute JavaScript 'arguments[0].value ='4012000098765439' ' successfully

2024-07-12 21:45:38 - [MESSAGE][PASSED] - Execute JavaScript 'arguments[0].value ='123' ' successfully

2024-07-12 21:45:39 - [MESSAGE][PASSED] - All options with value '12' are selected in object 'Object Repository/AdminSuiteBootstrap_Pages/VT_Bootstrap/SaleKeyboard/select_MM'  using regular expression

2024-07-12 21:45:40 - [MESSAGE][PASSED] - All options with value '2025' are selected in object 'Object Repository/AdminSuiteBootstrap_Pages/VT_Bootstrap/SaleKeyboard/select_YYYY'  using regular expression

2024-07-12 21:45:41 - [MESSAGE][PASSED] - Text '36 Cornor Road' is set on object 'Object Repository/AdminSuiteBootstrap_Pages/VT_Bootstrap/SaleKeyboard/input__address'

2024-07-12 21:45:42 - [MESSAGE][PASSED] - Text 'Suite 500' is set on object 'Object Repository/AdminSuiteBootstrap_Pages/VT_Bootstrap/SaleKeyboard/input__address2'

2024-07-12 21:45:42 - [MESSAGE][PASSED] - Text '22201' is set on object 'Object Repository/AdminSuiteBootstrap_Pages/VT_Bootstrap/SaleKeyboard/input__zip'

2024-07-12 21:45:43 - [MESSAGE][PASSED] - Text '' is set on object 'Object Repository/AdminSuiteBootstrap_Pages/VT_Bootstrap/SaleKeyboard/input_emailAddress'

2024-07-12 21:45:44 - [MESSAGE][PASSED] - Text '' is set on object 'Object Repository/AdminSuiteBootstrap_Pages/VT_Bootstrap/SaleKeyboard/input_smsNumber'

2024-07-12 21:45:45 - [MESSAGE][PASSED] - Text '10.50' is set on object 'Object Repository/AdminSuiteBootstrap_Pages/VT_Bootstrap/SaleKeyboard/input_amount'

2024-07-12 21:45:46 - [MESSAGE][PASSED] - Text 'Australia' is set on object 'Object Repository/AdminSuiteBootstrap_Pages/VT_Bootstrap/SaleKeyboard/input_userDefined1'

2024-07-12 21:45:47 - [MESSAGE][PASSED] - Text 'Denmark' is set on object 'Object Repository/AdminSuiteBootstrap_Pages/VT_Bootstrap/SaleKeyboard/input_userDefined2'

2024-07-12 21:45:48 - [MESSAGE][PASSED] - Text 'Sweden' is set on object 'Object Repository/AdminSuiteBootstrap_Pages/VT_Bootstrap/SaleKeyboard/input_userDefined3'

2024-07-12 21:45:48 - [MESSAGE][PASSED] - Text 'Austria' is set on object 'Object Repository/AdminSuiteBootstrap_Pages/VT_Bootstrap/SaleKeyboard/input_userDefined4'

2024-07-12 21:45:49 - [MESSAGE][PASSED] - All options with label 'Orange' are selected in object 'Object Repository/AdminSuiteBootstrap_Pages/VT_Bootstrap/SaleKeyboard/select_UDF5_DropDown'  using regular expression

2024-07-12 21:45:50 - [MESSAGE][PASSED] - All options with label 'Yellow' are selected in object 'Object Repository/AdminSuiteBootstrap_Pages/VT_Bootstrap/SaleKeyboard/select_UDF6_DropDown'  using regular expression

2024-07-12 21:45:51 - [MESSAGE][PASSED] - Text 'Norway' is set on object 'Object Repository/AdminSuiteBootstrap_Pages/VT_Bootstrap/SaleKeyboard/input_userDefined7'

2024-07-12 21:45:52 - [MESSAGE][PASSED] - Text 'Netherlands' is set on object 'Object Repository/AdminSuiteBootstrap_Pages/VT_Bootstrap/SaleKeyboard/input_userDefined8'

2024-07-12 21:45:53 - [MESSAGE][PASSED] - Text 'Switzerland' is set on object 'Object Repository/AdminSuiteBootstrap_Pages/VT_Bootstrap/SaleKeyboard/input_userDefined9'

2024-07-12 21:45:53 - [MESSAGE][PASSED] - Text 'France' is set on object 'Object Repository/AdminSuiteBootstrap_Pages/VT_Bootstrap/SaleKeyboard/input_userDefined10'

2024-07-12 21:45:55 - [MESSAGE][PASSED] - Object: 'Object Repository/AdminSuiteBootstrap_Pages/VT_Bootstrap/SaleKeyboard/button_Submit' is clicked on

2024-07-12 21:45:55 - [MESSAGE][PASSED] - adminSuiteBootstrap.virtualTerminalSetData.saleKeyboard_DataDriven is PASSED

2024-07-12 21:45:55 - [TEST_STEP][PASSED] - verifyTextPresent("Transaction Successful", true): Text 'Transaction Successful' is present on page  using regular expression

2024-07-12 21:45:56 - [MESSAGE][PASSED] - Text 'Transaction Successful' is present on page  using regular expression

2024-07-12 21:45:56 - [TEST_STEP][PASSED] - verifyElementVisible(findTestObject("Object Repository/AdminSuiteBootstrap_Pages/VT_Bootstrap/Receipt/button_Continue")): Object 'Object Repository/AdminSuiteBootstrap_Pages/VT_Bootstrap/Receipt/button_Continue' is visible

2024-07-12 21:45:56 - [MESSAGE][PASSED] - Object 'Object Repository/AdminSuiteBootstrap_Pages/VT_Bootstrap/Receipt/button_Continue' is visible

2024-07-12 21:45:56 - [TEST_STEP][PASSED] - verifyElementPresent(findTestObject("Object Repository/AdminSuiteBootstrap_Pages/VT_Bootstrap/Receipt/button_Continue"), 20): Object 'Object Repository/AdminSuiteBootstrap_Pages/VT_Bootstrap/Receipt/button_Continue' is present

2024-07-12 21:45:56 - [MESSAGE][PASSED] - Object 'Object Repository/AdminSuiteBootstrap_Pages/VT_Bootstrap/Receipt/button_Continue' is present

2024-07-12 21:45:56 - [TEST_STEP][PASSED] - verifyElementVisible(findTestObject("Object Repository/AdminSuiteBootstrap_Pages/VT_Bootstrap/Receipt/button_Print")): Object 'Object Repository/AdminSuiteBootstrap_Pages/VT_Bootstrap/Receipt/button_Print' is visible

2024-07-12 21:45:57 - [MESSAGE][PASSED] - Object 'Object Repository/AdminSuiteBootstrap_Pages/VT_Bootstrap/Receipt/button_Print' is visible

2024-07-12 21:45:57 - [TEST_STEP][PASSED] - verifyElementPresent(findTestObject("Object Repository/AdminSuiteBootstrap_Pages/VT_Bootstrap/Receipt/button_Print"), 20): Object 'Object Repository/AdminSuiteBootstrap_Pages/VT_Bootstrap/Receipt/button_Print' is present

2024-07-12 21:45:57 - [MESSAGE][PASSED] - Object 'Object Repository/AdminSuiteBootstrap_Pages/VT_Bootstrap/Receipt/button_Print' is present

2024-07-12 21:45:57 - [TEST_STEP][PASSED] - verifyTextPresent("Remittance ID", true): Text 'Remittance ID' is present on page  using regular expression

2024-07-12 21:45:57 - [MESSAGE][PASSED] - Text 'Remittance ID' is present on page  using regular expression

2024-07-12 21:45:57 - [TEST_STEP][PASSED] - verifyTextPresent("Received", true): Text 'Received' is present on page  using regular expression

2024-07-12 21:45:58 - [MESSAGE][PASSED] - Text 'Received' is present on page  using regular expression

2024-07-12 21:45:58 - [TEST_STEP][PASSED] - verifyTextPresent("UDF1", true): Text 'UDF1' is present on page  using regular expression

2024-07-12 21:45:58 - [MESSAGE][PASSED] - Text 'UDF1' is present on page  using regular expression

2024-07-12 21:45:58 - [TEST_STEP][PASSED] - verifyTextPresent("UDF2", true): Text 'UDF2' is present on page  using regular expression

2024-07-12 21:45:58 - [MESSAGE][PASSED] - Text 'UDF2' is present on page  using regular expression

2024-07-12 21:45:58 - [TEST_STEP][PASSED] - verifyTextPresent("UDF3", true): Text 'UDF3' is present on page  using regular expression

2024-07-12 21:45:59 - [MESSAGE][PASSED] - Text 'UDF3' is present on page  using regular expression

2024-07-12 21:45:59 - [TEST_STEP][PASSED] - verifyTextPresent("UDF4", true): Text 'UDF4' is present on page  using regular expression

2024-07-12 21:45:59 - [MESSAGE][PASSED] - Text 'UDF4' is present on page  using regular expression

2024-07-12 21:45:59 - [TEST_STEP][PASSED] - verifyTextPresent("UDF5", true): Text 'UDF5' is present on page  using regular expression

2024-07-12 21:45:59 - [MESSAGE][PASSED] - Text 'UDF5' is present on page  using regular expression

2024-07-12 21:45:59 - [TEST_STEP][PASSED] - verifyTextPresent("UDF6", true): Text 'UDF6' is present on page  using regular expression

2024-07-12 21:46:00 - [MESSAGE][PASSED] - Text 'UDF6' is present on page  using regular expression

2024-07-12 21:46:00 - [TEST_STEP][PASSED] - verifyTextPresent("UDF7", true): Text 'UDF7' is present on page  using regular expression

2024-07-12 21:46:00 - [MESSAGE][PASSED] - Text 'UDF7' is present on page  using regular expression

2024-07-12 21:46:00 - [TEST_STEP][PASSED] - verifyTextPresent("UDF8", true): Text 'UDF8' is present on page  using regular expression

2024-07-12 21:46:00 - [MESSAGE][PASSED] - Text 'UDF8' is present on page  using regular expression

2024-07-12 21:46:00 - [TEST_STEP][PASSED] - verifyTextPresent("UDF9", true): Text 'UDF9' is present on page  using regular expression

2024-07-12 21:46:01 - [MESSAGE][PASSED] - Text 'UDF9' is present on page  using regular expression

2024-07-12 21:46:01 - [TEST_STEP][PASSED] - verifyTextPresent("UDF 10", true): Text 'UDF 10' is present on page  using regular expression

2024-07-12 21:46:01 - [MESSAGE][PASSED] - Text 'UDF 10' is present on page  using regular expression

2024-07-12 21:46:01 - [TEST_STEP][PASSED] - verifyTextPresent("Australia", true): Text 'Australia' is present on page  using regular expression

2024-07-12 21:46:01 - [MESSAGE][PASSED] - Text 'Australia' is present on page  using regular expression

2024-07-12 21:46:01 - [TEST_STEP][PASSED] - verifyTextPresent("Denmark", true): Text 'Denmark' is present on page  using regular expression

2024-07-12 21:46:02 - [MESSAGE][PASSED] - Text 'Denmark' is present on page  using regular expression

2024-07-12 21:46:02 - [TEST_STEP][PASSED] - verifyTextPresent("Sweden", true): Text 'Sweden' is present on page  using regular expression

2024-07-12 21:46:02 - [MESSAGE][PASSED] - Text 'Sweden' is present on page  using regular expression

2024-07-12 21:46:02 - [TEST_STEP][PASSED] - verifyTextPresent("Austria", true): Text 'Austria' is present on page  using regular expression

2024-07-12 21:46:02 - [MESSAGE][PASSED] - Text 'Austria' is present on page  using regular expression

2024-07-12 21:46:02 - [TEST_STEP][PASSED] - verifyTextPresent("Orange Recorded", true): Text 'Orange Recorded' is present on page  using regular expression

2024-07-12 21:46:03 - [MESSAGE][PASSED] - Text 'Orange Recorded' is present on page  using regular expression

2024-07-12 21:46:03 - [TEST_STEP][PASSED] - verifyTextPresent("Yellow Recorded", true): Text 'Yellow Recorded' is present on page  using regular expression

2024-07-12 21:46:03 - [MESSAGE][PASSED] - Text 'Yellow Recorded' is present on page  using regular expression

2024-07-12 21:46:03 - [TEST_STEP][PASSED] - verifyTextPresent("Norway", true): Text 'Norway' is present on page  using regular expression

2024-07-12 21:46:03 - [MESSAGE][PASSED] - Text 'Norway' is present on page  using regular expression

2024-07-12 21:46:03 - [TEST_STEP][PASSED] - verifyTextPresent("Netherlands", true): Text 'Netherlands' is present on page  using regular expression

2024-07-12 21:46:04 - [MESSAGE][PASSED] - Text 'Netherlands' is present on page  using regular expression

2024-07-12 21:46:04 - [TEST_STEP][PASSED] - verifyTextPresent("Switzerland", true): Text 'Switzerland' is present on page  using regular expression

2024-07-12 21:46:04 - [MESSAGE][PASSED] - Text 'Switzerland' is present on page  using regular expression

2024-07-12 21:46:04 - [TEST_STEP][PASSED] - verifyTextPresent("France", true): Text 'France' is present on page  using regular expression

2024-07-12 21:46:04 - [MESSAGE][PASSED] - Text 'France' is present on page  using regular expression

2024-07-12 21:46:04 - [TEST_STEP][PASSED] - verifyTextPresent("Card Information", true): Text 'Card Information' is present on page  using regular expression

2024-07-12 21:46:05 - [MESSAGE][PASSED] - Text 'Card Information' is present on page  using regular expression

2024-07-12 21:46:05 - [TEST_STEP][PASSED] - verifyTextPresent("Amount", true): Text 'Amount' is present on page  using regular expression

2024-07-12 21:46:05 - [MESSAGE][PASSED] - Text 'Amount' is present on page  using regular expression

2024-07-12 21:46:05 - [TEST_STEP][PASSED] - verifyTextPresent("Service Fee", true): Text 'Service Fee' is present on page  using regular expression

2024-07-12 21:46:05 - [MESSAGE][PASSED] - Text 'Service Fee' is present on page  using regular expression

2024-07-12 21:46:05 - [TEST_STEP][PASSED] - verifyTextPresent("Service Fee Type", true): Text 'Service Fee Type' is present on page  using regular expression

2024-07-12 21:46:06 - [MESSAGE][PASSED] - Text 'Service Fee Type' is present on page  using regular expression

2024-07-12 21:46:06 - [TEST_STEP][PASSED] - verifyTextPresent("Total Amount", true): Text 'Total Amount' is present on page  using regular expression

2024-07-12 21:46:06 - [MESSAGE][PASSED] - Text 'Total Amount' is present on page  using regular expression

2024-07-12 21:46:06 - [TEST_STEP][PASSED] - verifyTextPresent("Transaction Type", true): Text 'Transaction Type' is present on page  using regular expression

2024-07-12 21:46:06 - [MESSAGE][PASSED] - Text 'Transaction Type' is present on page  using regular expression

2024-07-12 21:46:06 - [TEST_STEP][PASSED] - verifyTextPresent("10.50", true): Text '10.50' is present on page  using regular expression

2024-07-12 21:46:07 - [MESSAGE][PASSED] - Text '10.50' is present on page  using regular expression

2024-07-12 21:46:07 - [TEST_STEP][PASSED] - verifyTextPresent("5.00", true): Text '5.00' is present on page  using regular expression

2024-07-12 21:46:07 - [MESSAGE][PASSED] - Text '5.00' is present on page  using regular expression

2024-07-12 21:46:07 - [TEST_STEP][PASSED] - verifyTextPresent("Dual Transaction", true): Text 'Dual Transaction' is present on page  using regular expression

2024-07-12 21:46:07 - [MESSAGE][PASSED] - Text 'Dual Transaction' is present on page  using regular expression

2024-07-12 21:46:07 - [TEST_STEP][PASSED] - verifyTextPresent("15.50", true): Text '15.50' is present on page  using regular expression

2024-07-12 21:46:08 - [MESSAGE][PASSED] - Text '15.50' is present on page  using regular expression

2024-07-12 21:46:08 - [TEST_STEP][PASSED] - verifyTextPresent("Authorization and Capture", true): Text 'Authorization and Capture' is present on page  using regular expression

2024-07-12 21:46:08 - [MESSAGE][PASSED] - Text 'Authorization and Capture' is present on page  using regular expression

2024-07-12 21:46:08 - [TEST_STEP][PASSED] - cardNameV = findTestData(dataFile).getValue("CardNameV", row): null

2024-07-12 21:46:08 - [TEST_STEP][PASSED] - al1V = findTestData(dataFile).getValue("AL1", row): null

2024-07-12 21:46:08 - [TEST_STEP][PASSED] - al2V = findTestData(dataFile).getValue("AL2", row): null

2024-07-12 21:46:08 - [TEST_STEP][PASSED] - zipV = findTestData(dataFile).getValue("ZIP", row): null

2024-07-12 21:46:08 - [TEST_STEP][PASSED] - cardTypeV = findTestData(dataFile).getValue("CardType", row): null

2024-07-12 21:46:09 - [TEST_STEP][PASSED] - last4V = findTestData(dataFile).getValue("Last4", row): null

2024-07-12 21:46:09 - [TEST_STEP][PASSED] - verifyTextPresent(cardNameV, true): Text 'JANAKI JAMES' is present on page  using regular expression

2024-07-12 21:46:09 - [MESSAGE][PASSED] - Text 'JANAKI JAMES' is present on page  using regular expression

2024-07-12 21:46:09 - [TEST_STEP][PASSED] - verifyTextPresent("Address Line 1", true): Text 'Address Line 1' is present on page  using regular expression

2024-07-12 21:46:09 - [MESSAGE][PASSED] - Text 'Address Line 1' is present on page  using regular expression

2024-07-12 21:46:09 - [TEST_STEP][PASSED] - verifyTextPresent("Address Line 2", true): Text 'Address Line 2' is present on page  using regular expression

2024-07-12 21:46:10 - [MESSAGE][PASSED] - Text 'Address Line 2' is present on page  using regular expression

2024-07-12 21:46:10 - [TEST_STEP][PASSED] - verifyTextPresent("Country", true): Text 'Country' is present on page  using regular expression

2024-07-12 21:46:10 - [MESSAGE][PASSED] - Text 'Country' is present on page  using regular expression

2024-07-12 21:46:10 - [TEST_STEP][PASSED] - verifyTextPresent("City", true): Text 'City' is present on page  using regular expression

2024-07-12 21:46:10 - [MESSAGE][PASSED] - Text 'City' is present on page  using regular expression

2024-07-12 21:46:10 - [TEST_STEP][PASSED] - verifyTextPresent("State", true): Text 'State' is present on page  using regular expression

2024-07-12 21:46:11 - [MESSAGE][PASSED] - Text 'State' is present on page  using regular expression

2024-07-12 21:46:11 - [TEST_STEP][PASSED] - verifyTextPresent("ZIP Code", true): Text 'ZIP Code' is present on page  using regular expression

2024-07-12 21:46:11 - [MESSAGE][PASSED] - Text 'ZIP Code' is present on page  using regular expression

2024-07-12 21:46:11 - [TEST_STEP][PASSED] - verifyTextPresent(al1V, true): Text '36 Cornor Road' is present on page  using regular expression

2024-07-12 21:46:11 - [MESSAGE][PASSED] - Text '36 Cornor Road' is present on page  using regular expression

2024-07-12 21:46:11 - [TEST_STEP][PASSED] - verifyTextPresent(al2V, true): Text 'Suite 500' is present on page  using regular expression

2024-07-12 21:46:12 - [MESSAGE][PASSED] - Text 'Suite 500' is present on page  using regular expression

2024-07-12 21:46:12 - [TEST_STEP][PASSED] - verifyTextPresent("United States", true): Text 'United States' is present on page  using regular expression

2024-07-12 21:46:12 - [MESSAGE][PASSED] - Text 'United States' is present on page  using regular expression

2024-07-12 21:46:12 - [TEST_STEP][PASSED] - verifyTextPresent("ARLINGTON", true): Text 'ARLINGTON' is present on page  using regular expression

2024-07-12 21:46:12 - [MESSAGE][PASSED] - Text 'ARLINGTON' is present on page  using regular expression

2024-07-12 21:46:12 - [TEST_STEP][PASSED] - verifyTextPresent("Virginia", true): Text 'Virginia' is present on page  using regular expression

2024-07-12 21:46:13 - [MESSAGE][PASSED] - Text 'Virginia' is present on page  using regular expression

2024-07-12 21:46:13 - [TEST_STEP][PASSED] - verifyTextPresent(zipV, true): Text '22201' is present on page  using regular expression

2024-07-12 21:46:13 - [MESSAGE][PASSED] - Text '22201' is present on page  using regular expression

2024-07-12 21:46:13 - [TEST_STEP][PASSED] - verifyTextPresent(cardTypeV, true): Text 'Visa' is present on page  using regular expression

2024-07-12 21:46:13 - [MESSAGE][PASSED] - Text 'Visa' is present on page  using regular expression

2024-07-12 21:46:13 - [TEST_STEP][PASSED] - verifyTextPresent(last4V, true): Text '5439' is present on page  using regular expression

2024-07-12 21:46:14 - [MESSAGE][PASSED] - Text '5439' is present on page  using regular expression

2024-07-12 21:46:14 - [TEST_STEP][PASSED] - closeBrowser(): Browser is closed

2024-07-12 21:46:15 - [MESSAGE][PASSED] - Browser is closed

2024-07-12 21:46:15 - [TEST_STEP][PASSED] - ExecuteTC = findTestData(dataFile).getValue("Execute", row): null

2024-07-12 21:46:15 - [TEST_STEP][PASSED] - out.println("Value of Execute is : " + ExecuteTC): null

2024-07-12 21:46:15 - [TEST_STEP][PASSED] - switch (executionProfile): null

2024-07-12 21:46:15 - [TEST_STEP][PASSED] - case "QA2Profile":: null

2024-07-12 21:46:15 - [TEST_STEP][PASSED] - appName = findTestData(dataFile).getValue("AppNameQA", row): null

2024-07-12 21:46:15 - [TEST_STEP][PASSED] - appID = findTestData(dataFile).getValue("AppIDQA", row): null

2024-07-12 21:46:15 - [TEST_STEP][PASSED] - break: null

2024-07-12 21:46:15 - [TEST_STEP][PASSED] - hrefAppID = li_1 + appID + li_2: null

2024-07-12 21:46:15 - [TEST_STEP][PASSED] - hrefApp = li_1 + appID + "/": null

2024-07-12 21:46:15 - [TEST_STEP][PASSED] - println("hrefApp : " + hrefApp): null

2024-07-12 21:46:15 - [TEST_STEP][PASSED] - if (ExecuteTC.equalsIgnoreCase("Y")): Browser is closed

2024-07-12 21:46:15 - [TEST_STEP][PASSED] - out.println("Begin Record Number: " + row): null

2024-07-12 21:46:15 - [TEST_STEP][PASSED] - today = new java.util.Date(): null

2024-07-12 21:46:15 - [TEST_STEP][PASSED] - println(today): null

2024-07-12 21:46:15 - [TEST_STEP][PASSED] - datText = today: null

2024-07-12 21:46:15 - [TEST_STEP][PASSED] - adminSuiteBootstrap.loginFunctionality.login_AdminSuite(): adminSuiteBootstrap.loginFunctionality.login_AdminSuite is PASSED

2024-07-12 21:46:15 - [MESSAGE][INFO] - Starting 'Chrome' driver

2024-07-12 21:46:15 - [MESSAGE][INFO] - User set preference: ['acceptInsecureCerts', 'true']

2024-07-12 21:46:15 - [MESSAGE][INFO] - Action delay is set to 0 milliseconds

2024-07-12 21:46:17 - [MESSAGE][PASSED] - Browser is opened with url: 'https://qa2.velocitypayment.com/admin/imtiaz'

2024-07-12 21:46:18 - [MESSAGE][PASSED] - Current window maximized

2024-07-12 21:46:19 - [MESSAGE][PASSED] - Object 'Object Repository/Login_Page/Login_Username_Okta' is present

2024-07-12 21:46:20 - [MESSAGE][PASSED] - Text 'iahmed' is set on object 'Object Repository/Login_Page/Login_Username_Okta'

2024-07-12 21:46:20 - [MESSAGE][PASSED] - Text 'Hello!6666666' is set on object 'Object Repository/Login_Page/Login_Password_Okta'

2024-07-12 21:46:21 - [MESSAGE][PASSED] - Object: 'Object Repository/Login_Page/Login_Submit_Okta' is clicked on

2024-07-12 21:46:21 - [MESSAGE][PASSED] - adminSuiteBootstrap.loginFunctionality.login_AdminSuite is PASSED

2024-07-12 21:46:21 - [TEST_STEP][PASSED] - click(findTestObject(path_Dashboard + appName)): Object: 'Object Repository/AdminSuiteBootstrap_Pages/Dashboard_Bootstrap/a_Access AutoDualCFtpQA' is clicked on

2024-07-12 21:46:29 - [MESSAGE][PASSED] - Object: 'Object Repository/AdminSuiteBootstrap_Pages/Dashboard_Bootstrap/a_Access AutoDualCFtpQA' is clicked on

2024-07-12 21:46:29 - [TEST_STEP][PASSED] - click(findTestObject(path_VT + "button_Authorization  Capture (Sale)")): Object: 'Object Repository/AdminSuiteBootstrap_Pages/VT_Bootstrap/IssueTransactions/button_Authorization  Capture (Sale)' is clicked on

2024-07-12 21:46:30 - [MESSAGE][PASSED] - Object: 'Object Repository/AdminSuiteBootstrap_Pages/VT_Bootstrap/IssueTransactions/button_Authorization  Capture (Sale)' is clicked on

2024-07-12 21:46:30 - [TEST_STEP][PASSED] - saleKeyboardEntryLink = modifyObjectProperty(findTestObject(path_VT + "a_KeyboardEntry_Sale"), "href", "equals", hrefAppID, true): Modify property of object successfully

2024-07-12 21:46:30 - [MESSAGE][PASSED] - Modify property of object successfully

2024-07-12 21:46:30 - [TEST_STEP][PASSED] - click(saleKeyboardEntryLink): Object: 'Object Repository/AdminSuiteBootstrap_Pages/VT_Bootstrap/IssueTransactions/a_KeyboardEntry_Sale' is clicked on

2024-07-12 21:46:31 - [MESSAGE][PASSED] - Object: 'Object Repository/AdminSuiteBootstrap_Pages/VT_Bootstrap/IssueTransactions/a_KeyboardEntry_Sale' is clicked on

2024-07-12 21:46:31 - [TEST_STEP][PASSED] - adminSuiteBootstrap.virtualTerminalSetData.saleKeyboard_DataDriven(row, dataFile): adminSuiteBootstrap.virtualTerminalSetData.saleKeyboard_DataDriven is PASSED

2024-07-12 21:46:34 - [MESSAGE][PASSED] - Text 'Janaki James' is set on object 'Object Repository/AdminSuiteBootstrap_Pages/VT_Bootstrap/SaleKeyboard/input_cardName'

2024-07-12 21:46:35 - [MESSAGE][PASSED] - All options with value 'MOTO' are selected in object 'Object Repository/AdminSuiteBootstrap_Pages/VT_Bootstrap/SaleKeyboard/select_transactionCategory'  using regular expression

2024-07-12 21:46:35 - [MESSAGE][PASSED] - Execute JavaScript 'arguments[0].value ='5146312200000035' ' successfully

2024-07-12 21:46:36 - [MESSAGE][PASSED] - Execute JavaScript 'arguments[0].value ='123' ' successfully

2024-07-12 21:46:37 - [MESSAGE][PASSED] - All options with value '12' are selected in object 'Object Repository/AdminSuiteBootstrap_Pages/VT_Bootstrap/SaleKeyboard/select_MM'  using regular expression

2024-07-12 21:46:38 - [MESSAGE][PASSED] - All options with value '2025' are selected in object 'Object Repository/AdminSuiteBootstrap_Pages/VT_Bootstrap/SaleKeyboard/select_YYYY'  using regular expression

2024-07-12 21:46:39 - [MESSAGE][PASSED] - Text '1478 Jhatka Palace' is set on object 'Object Repository/AdminSuiteBootstrap_Pages/VT_Bootstrap/SaleKeyboard/input__address'

2024-07-12 21:46:40 - [MESSAGE][PASSED] - Text 'Suite 500' is set on object 'Object Repository/AdminSuiteBootstrap_Pages/VT_Bootstrap/SaleKeyboard/input__address2'

2024-07-12 21:46:40 - [MESSAGE][PASSED] - Text '22201' is set on object 'Object Repository/AdminSuiteBootstrap_Pages/VT_Bootstrap/SaleKeyboard/input__zip'

2024-07-12 21:46:41 - [MESSAGE][PASSED] - Text '' is set on object 'Object Repository/AdminSuiteBootstrap_Pages/VT_Bootstrap/SaleKeyboard/input_emailAddress'

2024-07-12 21:46:42 - [MESSAGE][PASSED] - Text '' is set on object 'Object Repository/AdminSuiteBootstrap_Pages/VT_Bootstrap/SaleKeyboard/input_smsNumber'

2024-07-12 21:46:43 - [MESSAGE][PASSED] - Text '10.50' is set on object 'Object Repository/AdminSuiteBootstrap_Pages/VT_Bootstrap/SaleKeyboard/input_amount'

2024-07-12 21:46:44 - [MESSAGE][PASSED] - Text 'Australia' is set on object 'Object Repository/AdminSuiteBootstrap_Pages/VT_Bootstrap/SaleKeyboard/input_userDefined1'

2024-07-12 21:46:45 - [MESSAGE][PASSED] - Text 'Denmark' is set on object 'Object Repository/AdminSuiteBootstrap_Pages/VT_Bootstrap/SaleKeyboard/input_userDefined2'

2024-07-12 21:46:46 - [MESSAGE][PASSED] - Text 'Sweden' is set on object 'Object Repository/AdminSuiteBootstrap_Pages/VT_Bootstrap/SaleKeyboard/input_userDefined3'

2024-07-12 21:46:46 - [MESSAGE][PASSED] - Text 'Austria' is set on object 'Object Repository/AdminSuiteBootstrap_Pages/VT_Bootstrap/SaleKeyboard/input_userDefined4'

2024-07-12 21:46:47 - [MESSAGE][PASSED] - All options with label 'Orange' are selected in object 'Object Repository/AdminSuiteBootstrap_Pages/VT_Bootstrap/SaleKeyboard/select_UDF5_DropDown'  using regular expression

2024-07-12 21:46:48 - [MESSAGE][PASSED] - All options with label 'Yellow' are selected in object 'Object Repository/AdminSuiteBootstrap_Pages/VT_Bootstrap/SaleKeyboard/select_UDF6_DropDown'  using regular expression

2024-07-12 21:46:49 - [MESSAGE][PASSED] - Text 'Norway' is set on object 'Object Repository/AdminSuiteBootstrap_Pages/VT_Bootstrap/SaleKeyboard/input_userDefined7'

2024-07-12 21:46:50 - [MESSAGE][PASSED] - Text 'Netherlands' is set on object 'Object Repository/AdminSuiteBootstrap_Pages/VT_Bootstrap/SaleKeyboard/input_userDefined8'

2024-07-12 21:46:50 - [MESSAGE][PASSED] - Text 'Switzerland' is set on object 'Object Repository/AdminSuiteBootstrap_Pages/VT_Bootstrap/SaleKeyboard/input_userDefined9'

2024-07-12 21:46:51 - [MESSAGE][PASSED] - Text 'France' is set on object 'Object Repository/AdminSuiteBootstrap_Pages/VT_Bootstrap/SaleKeyboard/input_userDefined10'

2024-07-12 21:46:53 - [MESSAGE][PASSED] - Object: 'Object Repository/AdminSuiteBootstrap_Pages/VT_Bootstrap/SaleKeyboard/button_Submit' is clicked on

2024-07-12 21:46:53 - [MESSAGE][PASSED] - adminSuiteBootstrap.virtualTerminalSetData.saleKeyboard_DataDriven is PASSED

2024-07-12 21:46:53 - [TEST_STEP][PASSED] - verifyTextPresent("Transaction Successful", true): Text 'Transaction Successful' is present on page  using regular expression

2024-07-12 21:46:53 - [MESSAGE][PASSED] - Text 'Transaction Successful' is present on page  using regular expression

2024-07-12 21:46:53 - [TEST_STEP][PASSED] - verifyElementVisible(findTestObject("Object Repository/AdminSuiteBootstrap_Pages/VT_Bootstrap/Receipt/button_Continue")): Object 'Object Repository/AdminSuiteBootstrap_Pages/VT_Bootstrap/Receipt/button_Continue' is visible

2024-07-12 21:46:54 - [MESSAGE][PASSED] - Object 'Object Repository/AdminSuiteBootstrap_Pages/VT_Bootstrap/Receipt/button_Continue' is visible

2024-07-12 21:46:54 - [TEST_STEP][PASSED] - verifyElementPresent(findTestObject("Object Repository/AdminSuiteBootstrap_Pages/VT_Bootstrap/Receipt/button_Continue"), 20): Object 'Object Repository/AdminSuiteBootstrap_Pages/VT_Bootstrap/Receipt/button_Continue' is present

2024-07-12 21:46:54 - [MESSAGE][PASSED] - Object 'Object Repository/AdminSuiteBootstrap_Pages/VT_Bootstrap/Receipt/button_Continue' is present

2024-07-12 21:46:54 - [TEST_STEP][PASSED] - verifyElementVisible(findTestObject("Object Repository/AdminSuiteBootstrap_Pages/VT_Bootstrap/Receipt/button_Print")): Object 'Object Repository/AdminSuiteBootstrap_Pages/VT_Bootstrap/Receipt/button_Print' is visible

2024-07-12 21:46:55 - [MESSAGE][PASSED] - Object 'Object Repository/AdminSuiteBootstrap_Pages/VT_Bootstrap/Receipt/button_Print' is visible

2024-07-12 21:46:55 - [TEST_STEP][PASSED] - verifyElementPresent(findTestObject("Object Repository/AdminSuiteBootstrap_Pages/VT_Bootstrap/Receipt/button_Print"), 20): Object 'Object Repository/AdminSuiteBootstrap_Pages/VT_Bootstrap/Receipt/button_Print' is present

2024-07-12 21:46:55 - [MESSAGE][PASSED] - Object 'Object Repository/AdminSuiteBootstrap_Pages/VT_Bootstrap/Receipt/button_Print' is present

2024-07-12 21:46:55 - [TEST_STEP][PASSED] - verifyTextPresent("Remittance ID", true): Text 'Remittance ID' is present on page  using regular expression

2024-07-12 21:46:55 - [MESSAGE][PASSED] - Text 'Remittance ID' is present on page  using regular expression

2024-07-12 21:46:55 - [TEST_STEP][PASSED] - verifyTextPresent("Received", true): Text 'Received' is present on page  using regular expression

2024-07-12 21:46:56 - [MESSAGE][PASSED] - Text 'Received' is present on page  using regular expression

2024-07-12 21:46:56 - [TEST_STEP][PASSED] - verifyTextPresent("UDF1", true): Text 'UDF1' is present on page  using regular expression

2024-07-12 21:46:56 - [MESSAGE][PASSED] - Text 'UDF1' is present on page  using regular expression

2024-07-12 21:46:56 - [TEST_STEP][PASSED] - verifyTextPresent("UDF2", true): Text 'UDF2' is present on page  using regular expression

2024-07-12 21:46:56 - [MESSAGE][PASSED] - Text 'UDF2' is present on page  using regular expression

2024-07-12 21:46:56 - [TEST_STEP][PASSED] - verifyTextPresent("UDF3", true): Text 'UDF3' is present on page  using regular expression

2024-07-12 21:46:57 - [MESSAGE][PASSED] - Text 'UDF3' is present on page  using regular expression

2024-07-12 21:46:57 - [TEST_STEP][PASSED] - verifyTextPresent("UDF4", true): Text 'UDF4' is present on page  using regular expression

2024-07-12 21:46:57 - [MESSAGE][PASSED] - Text 'UDF4' is present on page  using regular expression

2024-07-12 21:46:57 - [TEST_STEP][PASSED] - verifyTextPresent("UDF5", true): Text 'UDF5' is present on page  using regular expression

2024-07-12 21:46:57 - [MESSAGE][PASSED] - Text 'UDF5' is present on page  using regular expression

2024-07-12 21:46:57 - [TEST_STEP][PASSED] - verifyTextPresent("UDF6", true): Text 'UDF6' is present on page  using regular expression

2024-07-12 21:46:58 - [MESSAGE][PASSED] - Text 'UDF6' is present on page  using regular expression

2024-07-12 21:46:58 - [TEST_STEP][PASSED] - verifyTextPresent("UDF7", true): Text 'UDF7' is present on page  using regular expression

2024-07-12 21:46:58 - [MESSAGE][PASSED] - Text 'UDF7' is present on page  using regular expression

2024-07-12 21:46:58 - [TEST_STEP][PASSED] - verifyTextPresent("UDF8", true): Text 'UDF8' is present on page  using regular expression

2024-07-12 21:46:58 - [MESSAGE][PASSED] - Text 'UDF8' is present on page  using regular expression

2024-07-12 21:46:58 - [TEST_STEP][PASSED] - verifyTextPresent("UDF9", true): Text 'UDF9' is present on page  using regular expression

2024-07-12 21:46:59 - [MESSAGE][PASSED] - Text 'UDF9' is present on page  using regular expression

2024-07-12 21:46:59 - [TEST_STEP][PASSED] - verifyTextPresent("UDF 10", true): Text 'UDF 10' is present on page  using regular expression

2024-07-12 21:46:59 - [MESSAGE][PASSED] - Text 'UDF 10' is present on page  using regular expression

2024-07-12 21:46:59 - [TEST_STEP][PASSED] - verifyTextPresent("Australia", true): Text 'Australia' is present on page  using regular expression

2024-07-12 21:46:59 - [MESSAGE][PASSED] - Text 'Australia' is present on page  using regular expression

2024-07-12 21:46:59 - [TEST_STEP][PASSED] - verifyTextPresent("Denmark", true): Text 'Denmark' is present on page  using regular expression

2024-07-12 21:47:00 - [MESSAGE][PASSED] - Text 'Denmark' is present on page  using regular expression

2024-07-12 21:47:00 - [TEST_STEP][PASSED] - verifyTextPresent("Sweden", true): Text 'Sweden' is present on page  using regular expression

2024-07-12 21:47:00 - [MESSAGE][PASSED] - Text 'Sweden' is present on page  using regular expression

2024-07-12 21:47:00 - [TEST_STEP][PASSED] - verifyTextPresent("Austria", true): Text 'Austria' is present on page  using regular expression

2024-07-12 21:47:00 - [MESSAGE][PASSED] - Text 'Austria' is present on page  using regular expression

2024-07-12 21:47:00 - [TEST_STEP][PASSED] - verifyTextPresent("Orange Recorded", true): Text 'Orange Recorded' is present on page  using regular expression

2024-07-12 21:47:01 - [MESSAGE][PASSED] - Text 'Orange Recorded' is present on page  using regular expression

2024-07-12 21:47:01 - [TEST_STEP][PASSED] - verifyTextPresent("Yellow Recorded", true): Text 'Yellow Recorded' is present on page  using regular expression

2024-07-12 21:47:01 - [MESSAGE][PASSED] - Text 'Yellow Recorded' is present on page  using regular expression

2024-07-12 21:47:01 - [TEST_STEP][PASSED] - verifyTextPresent("Norway", true): Text 'Norway' is present on page  using regular expression

2024-07-12 21:47:01 - [MESSAGE][PASSED] - Text 'Norway' is present on page  using regular expression

2024-07-12 21:47:01 - [TEST_STEP][PASSED] - verifyTextPresent("Netherlands", true): Text 'Netherlands' is present on page  using regular expression

2024-07-12 21:47:02 - [MESSAGE][PASSED] - Text 'Netherlands' is present on page  using regular expression

2024-07-12 21:47:02 - [TEST_STEP][PASSED] - verifyTextPresent("Switzerland", true): Text 'Switzerland' is present on page  using regular expression

2024-07-12 21:47:02 - [MESSAGE][PASSED] - Text 'Switzerland' is present on page  using regular expression

2024-07-12 21:47:02 - [TEST_STEP][PASSED] - verifyTextPresent("France", true): Text 'France' is present on page  using regular expression

2024-07-12 21:47:02 - [MESSAGE][PASSED] - Text 'France' is present on page  using regular expression

2024-07-12 21:47:02 - [TEST_STEP][PASSED] - verifyTextPresent("Card Information", true): Text 'Card Information' is present on page  using regular expression

2024-07-12 21:47:03 - [MESSAGE][PASSED] - Text 'Card Information' is present on page  using regular expression

2024-07-12 21:47:03 - [TEST_STEP][PASSED] - verifyTextPresent("Amount", true): Text 'Amount' is present on page  using regular expression

2024-07-12 21:47:03 - [MESSAGE][PASSED] - Text 'Amount' is present on page  using regular expression

2024-07-12 21:47:03 - [TEST_STEP][PASSED] - verifyTextPresent("Service Fee", true): Text 'Service Fee' is present on page  using regular expression

2024-07-12 21:47:03 - [MESSAGE][PASSED] - Text 'Service Fee' is present on page  using regular expression

2024-07-12 21:47:03 - [TEST_STEP][PASSED] - verifyTextPresent("Service Fee Type", true): Text 'Service Fee Type' is present on page  using regular expression

2024-07-12 21:47:04 - [MESSAGE][PASSED] - Text 'Service Fee Type' is present on page  using regular expression

2024-07-12 21:47:04 - [TEST_STEP][PASSED] - verifyTextPresent("Total Amount", true): Text 'Total Amount' is present on page  using regular expression

2024-07-12 21:47:04 - [MESSAGE][PASSED] - Text 'Total Amount' is present on page  using regular expression

2024-07-12 21:47:04 - [TEST_STEP][PASSED] - verifyTextPresent("Transaction Type", true): Text 'Transaction Type' is present on page  using regular expression

2024-07-12 21:47:04 - [MESSAGE][PASSED] - Text 'Transaction Type' is present on page  using regular expression

2024-07-12 21:47:04 - [TEST_STEP][PASSED] - verifyTextPresent("10.50", true): Text '10.50' is present on page  using regular expression

2024-07-12 21:47:05 - [MESSAGE][PASSED] - Text '10.50' is present on page  using regular expression

2024-07-12 21:47:05 - [TEST_STEP][PASSED] - verifyTextPresent("5.00", true): Text '5.00' is present on page  using regular expression

2024-07-12 21:47:05 - [MESSAGE][PASSED] - Text '5.00' is present on page  using regular expression

2024-07-12 21:47:05 - [TEST_STEP][PASSED] - verifyTextPresent("Dual Transaction", true): Text 'Dual Transaction' is present on page  using regular expression

2024-07-12 21:47:05 - [MESSAGE][PASSED] - Text 'Dual Transaction' is present on page  using regular expression

2024-07-12 21:47:05 - [TEST_STEP][PASSED] - verifyTextPresent("15.50", true): Text '15.50' is present on page  using regular expression

2024-07-12 21:47:06 - [MESSAGE][PASSED] - Text '15.50' is present on page  using regular expression

2024-07-12 21:47:06 - [TEST_STEP][PASSED] - verifyTextPresent("Authorization and Capture", true): Text 'Authorization and Capture' is present on page  using regular expression

2024-07-12 21:47:06 - [MESSAGE][PASSED] - Text 'Authorization and Capture' is present on page  using regular expression

2024-07-12 21:47:06 - [TEST_STEP][PASSED] - cardNameV = findTestData(dataFile).getValue("CardNameV", row): null

2024-07-12 21:47:06 - [TEST_STEP][PASSED] - al1V = findTestData(dataFile).getValue("AL1", row): null

2024-07-12 21:47:06 - [TEST_STEP][PASSED] - al2V = findTestData(dataFile).getValue("AL2", row): null

2024-07-12 21:47:06 - [TEST_STEP][PASSED] - zipV = findTestData(dataFile).getValue("ZIP", row): null

2024-07-12 21:47:06 - [TEST_STEP][PASSED] - cardTypeV = findTestData(dataFile).getValue("CardType", row): null

2024-07-12 21:47:06 - [TEST_STEP][PASSED] - last4V = findTestData(dataFile).getValue("Last4", row): null

2024-07-12 21:47:07 - [TEST_STEP][PASSED] - verifyTextPresent(cardNameV, true): Text 'JANAKI JAMES' is present on page  using regular expression

2024-07-12 21:47:07 - [MESSAGE][PASSED] - Text 'JANAKI JAMES' is present on page  using regular expression

2024-07-12 21:47:07 - [TEST_STEP][PASSED] - verifyTextPresent("Address Line 1", true): Text 'Address Line 1' is present on page  using regular expression

2024-07-12 21:47:07 - [MESSAGE][PASSED] - Text 'Address Line 1' is present on page  using regular expression

2024-07-12 21:47:07 - [TEST_STEP][PASSED] - verifyTextPresent("Address Line 2", true): Text 'Address Line 2' is present on page  using regular expression

2024-07-12 21:47:07 - [MESSAGE][PASSED] - Text 'Address Line 2' is present on page  using regular expression

2024-07-12 21:47:07 - [TEST_STEP][PASSED] - verifyTextPresent("Country", true): Text 'Country' is present on page  using regular expression

2024-07-12 21:47:08 - [MESSAGE][PASSED] - Text 'Country' is present on page  using regular expression

2024-07-12 21:47:08 - [TEST_STEP][PASSED] - verifyTextPresent("City", true): Text 'City' is present on page  using regular expression

2024-07-12 21:47:08 - [MESSAGE][PASSED] - Text 'City' is present on page  using regular expression

2024-07-12 21:47:08 - [TEST_STEP][PASSED] - verifyTextPresent("State", true): Text 'State' is present on page  using regular expression

2024-07-12 21:47:08 - [MESSAGE][PASSED] - Text 'State' is present on page  using regular expression

2024-07-12 21:47:08 - [TEST_STEP][PASSED] - verifyTextPresent("ZIP Code", true): Text 'ZIP Code' is present on page  using regular expression

2024-07-12 21:47:09 - [MESSAGE][PASSED] - Text 'ZIP Code' is present on page  using regular expression

2024-07-12 21:47:09 - [TEST_STEP][PASSED] - verifyTextPresent(al1V, true): Text '1478 Jhatka Palace' is present on page  using regular expression

2024-07-12 21:47:09 - [MESSAGE][PASSED] - Text '1478 Jhatka Palace' is present on page  using regular expression

2024-07-12 21:47:09 - [TEST_STEP][PASSED] - verifyTextPresent(al2V, true): Text 'Suite 500' is present on page  using regular expression

2024-07-12 21:47:09 - [MESSAGE][PASSED] - Text 'Suite 500' is present on page  using regular expression

2024-07-12 21:47:09 - [TEST_STEP][PASSED] - verifyTextPresent("United States", true): Text 'United States' is present on page  using regular expression

2024-07-12 21:47:10 - [MESSAGE][PASSED] - Text 'United States' is present on page  using regular expression

2024-07-12 21:47:10 - [TEST_STEP][PASSED] - verifyTextPresent("ARLINGTON", true): Text 'ARLINGTON' is present on page  using regular expression

2024-07-12 21:47:10 - [MESSAGE][PASSED] - Text 'ARLINGTON' is present on page  using regular expression

2024-07-12 21:47:10 - [TEST_STEP][PASSED] - verifyTextPresent("Virginia", true): Text 'Virginia' is present on page  using regular expression

2024-07-12 21:47:10 - [MESSAGE][PASSED] - Text 'Virginia' is present on page  using regular expression

2024-07-12 21:47:10 - [TEST_STEP][PASSED] - verifyTextPresent(zipV, true): Text '22201' is present on page  using regular expression

2024-07-12 21:47:11 - [MESSAGE][PASSED] - Text '22201' is present on page  using regular expression

2024-07-12 21:47:11 - [TEST_STEP][PASSED] - verifyTextPresent(cardTypeV, true): Text 'MasterCard' is present on page  using regular expression

2024-07-12 21:47:11 - [MESSAGE][PASSED] - Text 'MasterCard' is present on page  using regular expression

2024-07-12 21:47:11 - [TEST_STEP][PASSED] - verifyTextPresent(last4V, true): Text '0035' is present on page  using regular expression

2024-07-12 21:47:11 - [MESSAGE][PASSED] - Text '0035' is present on page  using regular expression

2024-07-12 21:47:11 - [TEST_STEP][PASSED] - closeBrowser(): Browser is closed

2024-07-12 21:47:13 - [MESSAGE][PASSED] - Browser is closed

2024-07-12 21:47:13 - [TEST_STEP][PASSED] - ExecuteTC = findTestData(dataFile).getValue("Execute", row): null

2024-07-12 21:47:13 - [TEST_STEP][PASSED] - out.println("Value of Execute is : " + ExecuteTC): null

2024-07-12 21:47:13 - [TEST_STEP][PASSED] - switch (executionProfile): null

2024-07-12 21:47:13 - [TEST_STEP][PASSED] - case "QA2Profile":: null

2024-07-12 21:47:13 - [TEST_STEP][PASSED] - appName = findTestData(dataFile).getValue("AppNameQA", row): null

2024-07-12 21:47:13 - [TEST_STEP][PASSED] - appID = findTestData(dataFile).getValue("AppIDQA", row): null

2024-07-12 21:47:13 - [TEST_STEP][PASSED] - break: null

2024-07-12 21:47:13 - [TEST_STEP][PASSED] - hrefAppID = li_1 + appID + li_2: null

2024-07-12 21:47:13 - [TEST_STEP][PASSED] - hrefApp = li_1 + appID + "/": null

2024-07-12 21:47:13 - [TEST_STEP][PASSED] - println("hrefApp : " + hrefApp): null

2024-07-12 21:47:13 - [TEST_STEP][PASSED] - if (ExecuteTC.equalsIgnoreCase("Y")): Browser is closed

2024-07-12 21:47:13 - [TEST_STEP][PASSED] - out.println("Begin Record Number: " + row): null

2024-07-12 21:47:13 - [TEST_STEP][PASSED] - today = new java.util.Date(): null

2024-07-12 21:47:13 - [TEST_STEP][PASSED] - println(today): null

2024-07-12 21:47:13 - [TEST_STEP][PASSED] - datText = today: null

2024-07-12 21:47:13 - [TEST_STEP][PASSED] - adminSuiteBootstrap.loginFunctionality.login_AdminSuite(): adminSuiteBootstrap.loginFunctionality.login_AdminSuite is PASSED

2024-07-12 21:47:13 - [MESSAGE][INFO] - Starting 'Chrome' driver

2024-07-12 21:47:13 - [MESSAGE][INFO] - User set preference: ['acceptInsecureCerts', 'true']

2024-07-12 21:47:13 - [MESSAGE][INFO] - Action delay is set to 0 milliseconds

2024-07-12 21:47:16 - [MESSAGE][PASSED] - Browser is opened with url: 'https://qa2.velocitypayment.com/admin/imtiaz'

2024-07-12 21:47:16 - [MESSAGE][PASSED] - Current window maximized

2024-07-12 21:47:17 - [MESSAGE][PASSED] - Object 'Object Repository/Login_Page/Login_Username_Okta' is present

2024-07-12 21:47:17 - [MESSAGE][PASSED] - Text 'iahmed' is set on object 'Object Repository/Login_Page/Login_Username_Okta'

2024-07-12 21:47:18 - [MESSAGE][PASSED] - Text 'Hello!6666666' is set on object 'Object Repository/Login_Page/Login_Password_Okta'

2024-07-12 21:47:19 - [MESSAGE][PASSED] - Object: 'Object Repository/Login_Page/Login_Submit_Okta' is clicked on

2024-07-12 21:47:19 - [MESSAGE][PASSED] - adminSuiteBootstrap.loginFunctionality.login_AdminSuite is PASSED

2024-07-12 21:47:19 - [TEST_STEP][PASSED] - click(findTestObject(path_Dashboard + appName)): Object: 'Object Repository/AdminSuiteBootstrap_Pages/Dashboard_Bootstrap/a_Access AutoDualCFtpQA' is clicked on

2024-07-12 21:47:27 - [MESSAGE][PASSED] - Object: 'Object Repository/AdminSuiteBootstrap_Pages/Dashboard_Bootstrap/a_Access AutoDualCFtpQA' is clicked on

2024-07-12 21:47:27 - [TEST_STEP][PASSED] - click(findTestObject(path_VT + "button_Authorization  Capture (Sale)")): Object: 'Object Repository/AdminSuiteBootstrap_Pages/VT_Bootstrap/IssueTransactions/button_Authorization  Capture (Sale)' is clicked on

2024-07-12 21:47:28 - [MESSAGE][PASSED] - Object: 'Object Repository/AdminSuiteBootstrap_Pages/VT_Bootstrap/IssueTransactions/button_Authorization  Capture (Sale)' is clicked on

2024-07-12 21:47:28 - [TEST_STEP][PASSED] - saleKeyboardEntryLink = modifyObjectProperty(findTestObject(path_VT + "a_KeyboardEntry_Sale"), "href", "equals", hrefAppID, true): Modify property of object successfully

2024-07-12 21:47:28 - [MESSAGE][PASSED] - Modify property of object successfully

2024-07-12 21:47:28 - [TEST_STEP][PASSED] - click(saleKeyboardEntryLink): Object: 'Object Repository/AdminSuiteBootstrap_Pages/VT_Bootstrap/IssueTransactions/a_KeyboardEntry_Sale' is clicked on

2024-07-12 21:47:28 - [MESSAGE][PASSED] - Object: 'Object Repository/AdminSuiteBootstrap_Pages/VT_Bootstrap/IssueTransactions/a_KeyboardEntry_Sale' is clicked on

2024-07-12 21:47:28 - [TEST_STEP][PASSED] - adminSuiteBootstrap.virtualTerminalSetData.saleKeyboard_DataDriven(row, dataFile): adminSuiteBootstrap.virtualTerminalSetData.saleKeyboard_DataDriven is PASSED

2024-07-12 21:47:32 - [MESSAGE][PASSED] - Text 'Janaki James' is set on object 'Object Repository/AdminSuiteBootstrap_Pages/VT_Bootstrap/SaleKeyboard/input_cardName'

2024-07-12 21:47:33 - [MESSAGE][PASSED] - All options with value 'MOTO' are selected in object 'Object Repository/AdminSuiteBootstrap_Pages/VT_Bootstrap/SaleKeyboard/select_transactionCategory'  using regular expression

2024-07-12 21:47:33 - [MESSAGE][PASSED] - Execute JavaScript 'arguments[0].value ='371449635392376' ' successfully

2024-07-12 21:47:34 - [MESSAGE][PASSED] - Execute JavaScript 'arguments[0].value ='123' ' successfully

2024-07-12 21:47:35 - [MESSAGE][PASSED] - All options with value '12' are selected in object 'Object Repository/AdminSuiteBootstrap_Pages/VT_Bootstrap/SaleKeyboard/select_MM'  using regular expression

2024-07-12 21:47:36 - [MESSAGE][PASSED] - All options with value '2025' are selected in object 'Object Repository/AdminSuiteBootstrap_Pages/VT_Bootstrap/SaleKeyboard/select_YYYY'  using regular expression

2024-07-12 21:47:37 - [MESSAGE][PASSED] - Text '550 Swan Lake' is set on object 'Object Repository/AdminSuiteBootstrap_Pages/VT_Bootstrap/SaleKeyboard/input__address'

2024-07-12 21:47:37 - [MESSAGE][PASSED] - Text 'Suite 500' is set on object 'Object Repository/AdminSuiteBootstrap_Pages/VT_Bootstrap/SaleKeyboard/input__address2'

2024-07-12 21:47:38 - [MESSAGE][PASSED] - Text '22201' is set on object 'Object Repository/AdminSuiteBootstrap_Pages/VT_Bootstrap/SaleKeyboard/input__zip'

2024-07-12 21:47:39 - [MESSAGE][PASSED] - Text '' is set on object 'Object Repository/AdminSuiteBootstrap_Pages/VT_Bootstrap/SaleKeyboard/input_emailAddress'

2024-07-12 21:47:40 - [MESSAGE][PASSED] - Text '' is set on object 'Object Repository/AdminSuiteBootstrap_Pages/VT_Bootstrap/SaleKeyboard/input_smsNumber'

2024-07-12 21:47:41 - [MESSAGE][PASSED] - Text '10.50' is set on object 'Object Repository/AdminSuiteBootstrap_Pages/VT_Bootstrap/SaleKeyboard/input_amount'

2024-07-12 21:47:42 - [MESSAGE][PASSED] - Text 'Australia' is set on object 'Object Repository/AdminSuiteBootstrap_Pages/VT_Bootstrap/SaleKeyboard/input_userDefined1'

2024-07-12 21:47:43 - [MESSAGE][PASSED] - Text 'Denmark' is set on object 'Object Repository/AdminSuiteBootstrap_Pages/VT_Bootstrap/SaleKeyboard/input_userDefined2'

2024-07-12 21:47:43 - [MESSAGE][PASSED] - Text 'Sweden' is set on object 'Object Repository/AdminSuiteBootstrap_Pages/VT_Bootstrap/SaleKeyboard/input_userDefined3'

2024-07-12 21:47:44 - [MESSAGE][PASSED] - Text 'Austria' is set on object 'Object Repository/AdminSuiteBootstrap_Pages/VT_Bootstrap/SaleKeyboard/input_userDefined4'

2024-07-12 21:47:45 - [MESSAGE][PASSED] - All options with label 'Orange' are selected in object 'Object Repository/AdminSuiteBootstrap_Pages/VT_Bootstrap/SaleKeyboard/select_UDF5_DropDown'  using regular expression

2024-07-12 21:47:46 - [MESSAGE][PASSED] - All options with label 'Yellow' are selected in object 'Object Repository/AdminSuiteBootstrap_Pages/VT_Bootstrap/SaleKeyboard/select_UDF6_DropDown'  using regular expression

2024-07-12 21:47:47 - [MESSAGE][PASSED] - Text 'Norway' is set on object 'Object Repository/AdminSuiteBootstrap_Pages/VT_Bootstrap/SaleKeyboard/input_userDefined7'

2024-07-12 21:47:48 - [MESSAGE][PASSED] - Text 'Netherlands' is set on object 'Object Repository/AdminSuiteBootstrap_Pages/VT_Bootstrap/SaleKeyboard/input_userDefined8'

2024-07-12 21:47:48 - [MESSAGE][PASSED] - Text 'Switzerland' is set on object 'Object Repository/AdminSuiteBootstrap_Pages/VT_Bootstrap/SaleKeyboard/input_userDefined9'

2024-07-12 21:47:49 - [MESSAGE][PASSED] - Text 'France' is set on object 'Object Repository/AdminSuiteBootstrap_Pages/VT_Bootstrap/SaleKeyboard/input_userDefined10'

2024-07-12 21:47:51 - [MESSAGE][PASSED] - Object: 'Object Repository/AdminSuiteBootstrap_Pages/VT_Bootstrap/SaleKeyboard/button_Submit' is clicked on

2024-07-12 21:47:51 - [MESSAGE][PASSED] - adminSuiteBootstrap.virtualTerminalSetData.saleKeyboard_DataDriven is PASSED

2024-07-12 21:47:51 - [TEST_STEP][PASSED] - verifyTextPresent("Transaction Successful", true): Text 'Transaction Successful' is present on page  using regular expression

2024-07-12 21:47:51 - [MESSAGE][PASSED] - Text 'Transaction Successful' is present on page  using regular expression

2024-07-12 21:47:51 - [TEST_STEP][PASSED] - verifyElementVisible(findTestObject("Object Repository/AdminSuiteBootstrap_Pages/VT_Bootstrap/Receipt/button_Continue")): Object 'Object Repository/AdminSuiteBootstrap_Pages/VT_Bootstrap/Receipt/button_Continue' is visible

2024-07-12 21:47:52 - [MESSAGE][PASSED] - Object 'Object Repository/AdminSuiteBootstrap_Pages/VT_Bootstrap/Receipt/button_Continue' is visible

2024-07-12 21:47:52 - [TEST_STEP][PASSED] - verifyElementPresent(findTestObject("Object Repository/AdminSuiteBootstrap_Pages/VT_Bootstrap/Receipt/button_Continue"), 20): Object 'Object Repository/AdminSuiteBootstrap_Pages/VT_Bootstrap/Receipt/button_Continue' is present

2024-07-12 21:47:52 - [MESSAGE][PASSED] - Object 'Object Repository/AdminSuiteBootstrap_Pages/VT_Bootstrap/Receipt/button_Continue' is present

2024-07-12 21:47:52 - [TEST_STEP][PASSED] - verifyElementVisible(findTestObject("Object Repository/AdminSuiteBootstrap_Pages/VT_Bootstrap/Receipt/button_Print")): Object 'Object Repository/AdminSuiteBootstrap_Pages/VT_Bootstrap/Receipt/button_Print' is visible

2024-07-12 21:47:52 - [MESSAGE][PASSED] - Object 'Object Repository/AdminSuiteBootstrap_Pages/VT_Bootstrap/Receipt/button_Print' is visible

2024-07-12 21:47:52 - [TEST_STEP][PASSED] - verifyElementPresent(findTestObject("Object Repository/AdminSuiteBootstrap_Pages/VT_Bootstrap/Receipt/button_Print"), 20): Object 'Object Repository/AdminSuiteBootstrap_Pages/VT_Bootstrap/Receipt/button_Print' is present

2024-07-12 21:47:53 - [MESSAGE][PASSED] - Object 'Object Repository/AdminSuiteBootstrap_Pages/VT_Bootstrap/Receipt/button_Print' is present

2024-07-12 21:47:53 - [TEST_STEP][PASSED] - verifyTextPresent("Remittance ID", true): Text 'Remittance ID' is present on page  using regular expression

2024-07-12 21:47:53 - [MESSAGE][PASSED] - Text 'Remittance ID' is present on page  using regular expression

2024-07-12 21:47:53 - [TEST_STEP][PASSED] - verifyTextPresent("Received", true): Text 'Received' is present on page  using regular expression

2024-07-12 21:47:53 - [MESSAGE][PASSED] - Text 'Received' is present on page  using regular expression

2024-07-12 21:47:53 - [TEST_STEP][PASSED] - verifyTextPresent("UDF1", true): Text 'UDF1' is present on page  using regular expression

2024-07-12 21:47:54 - [MESSAGE][PASSED] - Text 'UDF1' is present on page  using regular expression

2024-07-12 21:47:54 - [TEST_STEP][PASSED] - verifyTextPresent("UDF2", true): Text 'UDF2' is present on page  using regular expression

2024-07-12 21:47:54 - [MESSAGE][PASSED] - Text 'UDF2' is present on page  using regular expression

2024-07-12 21:47:54 - [TEST_STEP][PASSED] - verifyTextPresent("UDF3", true): Text 'UDF3' is present on page  using regular expression

2024-07-12 21:47:54 - [MESSAGE][PASSED] - Text 'UDF3' is present on page  using regular expression

2024-07-12 21:47:54 - [TEST_STEP][PASSED] - verifyTextPresent("UDF4", true): Text 'UDF4' is present on page  using regular expression

2024-07-12 21:47:55 - [MESSAGE][PASSED] - Text 'UDF4' is present on page  using regular expression

2024-07-12 21:47:55 - [TEST_STEP][PASSED] - verifyTextPresent("UDF5", true): Text 'UDF5' is present on page  using regular expression

2024-07-12 21:47:55 - [MESSAGE][PASSED] - Text 'UDF5' is present on page  using regular expression

2024-07-12 21:47:55 - [TEST_STEP][PASSED] - verifyTextPresent("UDF6", true): Text 'UDF6' is present on page  using regular expression

2024-07-12 21:47:55 - [MESSAGE][PASSED] - Text 'UDF6' is present on page  using regular expression

2024-07-12 21:47:55 - [TEST_STEP][PASSED] - verifyTextPresent("UDF7", true): Text 'UDF7' is present on page  using regular expression

2024-07-12 21:47:56 - [MESSAGE][PASSED] - Text 'UDF7' is present on page  using regular expression

2024-07-12 21:47:56 - [TEST_STEP][PASSED] - verifyTextPresent("UDF8", true): Text 'UDF8' is present on page  using regular expression

2024-07-12 21:47:56 - [MESSAGE][PASSED] - Text 'UDF8' is present on page  using regular expression

2024-07-12 21:47:56 - [TEST_STEP][PASSED] - verifyTextPresent("UDF9", true): Text 'UDF9' is present on page  using regular expression

2024-07-12 21:47:57 - [MESSAGE][PASSED] - Text 'UDF9' is present on page  using regular expression

2024-07-12 21:47:57 - [TEST_STEP][PASSED] - verifyTextPresent("UDF 10", true): Text 'UDF 10' is present on page  using regular expression

2024-07-12 21:47:57 - [MESSAGE][PASSED] - Text 'UDF 10' is present on page  using regular expression

2024-07-12 21:47:57 - [TEST_STEP][PASSED] - verifyTextPresent("Australia", true): Text 'Australia' is present on page  using regular expression

2024-07-12 21:47:57 - [MESSAGE][PASSED] - Text 'Australia' is present on page  using regular expression

2024-07-12 21:47:57 - [TEST_STEP][PASSED] - verifyTextPresent("Denmark", true): Text 'Denmark' is present on page  using regular expression

2024-07-12 21:47:57 - [MESSAGE][PASSED] - Text 'Denmark' is present on page  using regular expression

2024-07-12 21:47:57 - [TEST_STEP][PASSED] - verifyTextPresent("Sweden", true): Text 'Sweden' is present on page  using regular expression

2024-07-12 21:47:58 - [MESSAGE][PASSED] - Text 'Sweden' is present on page  using regular expression

2024-07-12 21:47:58 - [TEST_STEP][PASSED] - verifyTextPresent("Austria", true): Text 'Austria' is present on page  using regular expression

2024-07-12 21:47:58 - [MESSAGE][PASSED] - Text 'Austria' is present on page  using regular expression

2024-07-12 21:47:58 - [TEST_STEP][PASSED] - verifyTextPresent("Orange Recorded", true): Text 'Orange Recorded' is present on page  using regular expression

2024-07-12 21:47:59 - [MESSAGE][PASSED] - Text 'Orange Recorded' is present on page  using regular expression

2024-07-12 21:47:59 - [TEST_STEP][PASSED] - verifyTextPresent("Yellow Recorded", true): Text 'Yellow Recorded' is present on page  using regular expression

2024-07-12 21:47:59 - [MESSAGE][PASSED] - Text 'Yellow Recorded' is present on page  using regular expression

2024-07-12 21:47:59 - [TEST_STEP][PASSED] - verifyTextPresent("Norway", true): Text 'Norway' is present on page  using regular expression

2024-07-12 21:47:59 - [MESSAGE][PASSED] - Text 'Norway' is present on page  using regular expression

2024-07-12 21:47:59 - [TEST_STEP][PASSED] - verifyTextPresent("Netherlands", true): Text 'Netherlands' is present on page  using regular expression

2024-07-12 21:47:59 - [MESSAGE][PASSED] - Text 'Netherlands' is present on page  using regular expression

2024-07-12 21:47:59 - [TEST_STEP][PASSED] - verifyTextPresent("Switzerland", true): Text 'Switzerland' is present on page  using regular expression

2024-07-12 21:48:00 - [MESSAGE][PASSED] - Text 'Switzerland' is present on page  using regular expression

2024-07-12 21:48:00 - [TEST_STEP][PASSED] - verifyTextPresent("France", true): Text 'France' is present on page  using regular expression

2024-07-12 21:48:00 - [MESSAGE][PASSED] - Text 'France' is present on page  using regular expression

2024-07-12 21:48:00 - [TEST_STEP][PASSED] - verifyTextPresent("Card Information", true): Text 'Card Information' is present on page  using regular expression

2024-07-12 21:48:01 - [MESSAGE][PASSED] - Text 'Card Information' is present on page  using regular expression

2024-07-12 21:48:01 - [TEST_STEP][PASSED] - verifyTextPresent("Amount", true): Text 'Amount' is present on page  using regular expression

2024-07-12 21:48:01 - [MESSAGE][PASSED] - Text 'Amount' is present on page  using regular expression

2024-07-12 21:48:01 - [TEST_STEP][PASSED] - verifyTextPresent("Service Fee", true): Text 'Service Fee' is present on page  using regular expression

2024-07-12 21:48:01 - [MESSAGE][PASSED] - Text 'Service Fee' is present on page  using regular expression

2024-07-12 21:48:01 - [TEST_STEP][PASSED] - verifyTextPresent("Service Fee Type", true): Text 'Service Fee Type' is present on page  using regular expression

2024-07-12 21:48:02 - [MESSAGE][PASSED] - Text 'Service Fee Type' is present on page  using regular expression

2024-07-12 21:48:02 - [TEST_STEP][PASSED] - verifyTextPresent("Total Amount", true): Text 'Total Amount' is present on page  using regular expression

2024-07-12 21:48:02 - [MESSAGE][PASSED] - Text 'Total Amount' is present on page  using regular expression

2024-07-12 21:48:02 - [TEST_STEP][PASSED] - verifyTextPresent("Transaction Type", true): Text 'Transaction Type' is present on page  using regular expression

2024-07-12 21:48:02 - [MESSAGE][PASSED] - Text 'Transaction Type' is present on page  using regular expression

2024-07-12 21:48:02 - [TEST_STEP][PASSED] - verifyTextPresent("10.50", true): Text '10.50' is present on page  using regular expression

2024-07-12 21:48:03 - [MESSAGE][PASSED] - Text '10.50' is present on page  using regular expression

2024-07-12 21:48:03 - [TEST_STEP][PASSED] - verifyTextPresent("5.00", true): Text '5.00' is present on page  using regular expression

2024-07-12 21:48:03 - [MESSAGE][PASSED] - Text '5.00' is present on page  using regular expression

2024-07-12 21:48:03 - [TEST_STEP][PASSED] - verifyTextPresent("Dual Transaction", true): Text 'Dual Transaction' is present on page  using regular expression

2024-07-12 21:48:03 - [MESSAGE][PASSED] - Text 'Dual Transaction' is present on page  using regular expression

2024-07-12 21:48:03 - [TEST_STEP][PASSED] - verifyTextPresent("15.50", true): Text '15.50' is present on page  using regular expression

2024-07-12 21:48:04 - [MESSAGE][PASSED] - Text '15.50' is present on page  using regular expression

2024-07-12 21:48:04 - [TEST_STEP][PASSED] - verifyTextPresent("Authorization and Capture", true): Text 'Authorization and Capture' is present on page  using regular expression

2024-07-12 21:48:04 - [MESSAGE][PASSED] - Text 'Authorization and Capture' is present on page  using regular expression

2024-07-12 21:48:04 - [TEST_STEP][PASSED] - cardNameV = findTestData(dataFile).getValue("CardNameV", row): null

2024-07-12 21:48:04 - [TEST_STEP][PASSED] - al1V = findTestData(dataFile).getValue("AL1", row): null

2024-07-12 21:48:04 - [TEST_STEP][PASSED] - al2V = findTestData(dataFile).getValue("AL2", row): null

2024-07-12 21:48:04 - [TEST_STEP][PASSED] - zipV = findTestData(dataFile).getValue("ZIP", row): null

2024-07-12 21:48:04 - [TEST_STEP][PASSED] - cardTypeV = findTestData(dataFile).getValue("CardType", row): null

2024-07-12 21:48:04 - [TEST_STEP][PASSED] - last4V = findTestData(dataFile).getValue("Last4", row): null

2024-07-12 21:48:05 - [TEST_STEP][PASSED] - verifyTextPresent(cardNameV, true): Text 'JANAKI JAMES' is present on page  using regular expression

2024-07-12 21:48:05 - [MESSAGE][PASSED] - Text 'JANAKI JAMES' is present on page  using regular expression

2024-07-12 21:48:05 - [TEST_STEP][PASSED] - verifyTextPresent("Address Line 1", true): Text 'Address Line 1' is present on page  using regular expression

2024-07-12 21:48:05 - [MESSAGE][PASSED] - Text 'Address Line 1' is present on page  using regular expression

2024-07-12 21:48:05 - [TEST_STEP][PASSED] - verifyTextPresent("Address Line 2", true): Text 'Address Line 2' is present on page  using regular expression

2024-07-12 21:48:06 - [MESSAGE][PASSED] - Text 'Address Line 2' is present on page  using regular expression

2024-07-12 21:48:06 - [TEST_STEP][PASSED] - verifyTextPresent("Country", true): Text 'Country' is present on page  using regular expression

2024-07-12 21:48:06 - [MESSAGE][PASSED] - Text 'Country' is present on page  using regular expression

2024-07-12 21:48:06 - [TEST_STEP][PASSED] - verifyTextPresent("City", true): Text 'City' is present on page  using regular expression

2024-07-12 21:48:06 - [MESSAGE][PASSED] - Text 'City' is present on page  using regular expression

2024-07-12 21:48:06 - [TEST_STEP][PASSED] - verifyTextPresent("State", true): Text 'State' is present on page  using regular expression

2024-07-12 21:48:07 - [MESSAGE][PASSED] - Text 'State' is present on page  using regular expression

2024-07-12 21:48:07 - [TEST_STEP][PASSED] - verifyTextPresent("ZIP Code", true): Text 'ZIP Code' is present on page  using regular expression

2024-07-12 21:48:07 - [MESSAGE][PASSED] - Text 'ZIP Code' is present on page  using regular expression

2024-07-12 21:48:07 - [TEST_STEP][PASSED] - verifyTextPresent(al1V, true): Text '550 Swan Lake' is present on page  using regular expression

2024-07-12 21:48:07 - [MESSAGE][PASSED] - Text '550 Swan Lake' is present on page  using regular expression

2024-07-12 21:48:07 - [TEST_STEP][PASSED] - verifyTextPresent(al2V, true): Text 'Suite 500' is present on page  using regular expression

2024-07-12 21:48:08 - [MESSAGE][PASSED] - Text 'Suite 500' is present on page  using regular expression

2024-07-12 21:48:08 - [TEST_STEP][PASSED] - verifyTextPresent("United States", true): Text 'United States' is present on page  using regular expression

2024-07-12 21:48:08 - [MESSAGE][PASSED] - Text 'United States' is present on page  using regular expression

2024-07-12 21:48:08 - [TEST_STEP][PASSED] - verifyTextPresent("ARLINGTON", true): Text 'ARLINGTON' is present on page  using regular expression

2024-07-12 21:48:08 - [MESSAGE][PASSED] - Text 'ARLINGTON' is present on page  using regular expression

2024-07-12 21:48:08 - [TEST_STEP][PASSED] - verifyTextPresent("Virginia", true): Text 'Virginia' is present on page  using regular expression

2024-07-12 21:48:09 - [MESSAGE][PASSED] - Text 'Virginia' is present on page  using regular expression

2024-07-12 21:48:09 - [TEST_STEP][PASSED] - verifyTextPresent(zipV, true): Text '22201' is present on page  using regular expression

2024-07-12 21:48:09 - [MESSAGE][PASSED] - Text '22201' is present on page  using regular expression

2024-07-12 21:48:09 - [TEST_STEP][PASSED] - verifyTextPresent(cardTypeV, true): Text 'American Express' is present on page  using regular expression

2024-07-12 21:48:09 - [MESSAGE][PASSED] - Text 'American Express' is present on page  using regular expression

2024-07-12 21:48:09 - [TEST_STEP][PASSED] - verifyTextPresent(last4V, true): Text '2376' is present on page  using regular expression

2024-07-12 21:48:10 - [MESSAGE][PASSED] - Text '2376' is present on page  using regular expression

2024-07-12 21:48:10 - [TEST_STEP][PASSED] - closeBrowser(): Browser is closed

2024-07-12 21:48:11 - [MESSAGE][PASSED] - Browser is closed

2024-07-12 21:48:11 - [TEST_STEP][PASSED] - ExecuteTC = findTestData(dataFile).getValue("Execute", row): null

2024-07-12 21:48:11 - [TEST_STEP][PASSED] - out.println("Value of Execute is : " + ExecuteTC): null

2024-07-12 21:48:11 - [TEST_STEP][PASSED] - switch (executionProfile): null

2024-07-12 21:48:11 - [TEST_STEP][PASSED] - case "QA2Profile":: null

2024-07-12 21:48:11 - [TEST_STEP][PASSED] - appName = findTestData(dataFile).getValue("AppNameQA", row): null

2024-07-12 21:48:11 - [TEST_STEP][PASSED] - appID = findTestData(dataFile).getValue("AppIDQA", row): null

2024-07-12 21:48:11 - [TEST_STEP][PASSED] - break: null

2024-07-12 21:48:11 - [TEST_STEP][PASSED] - hrefAppID = li_1 + appID + li_2: null

2024-07-12 21:48:11 - [TEST_STEP][PASSED] - hrefApp = li_1 + appID + "/": null

2024-07-12 21:48:11 - [TEST_STEP][PASSED] - println("hrefApp : " + hrefApp): null

2024-07-12 21:48:11 - [TEST_STEP][PASSED] - if (ExecuteTC.equalsIgnoreCase("Y")): Browser is closed

2024-07-12 21:48:11 - [TEST_STEP][PASSED] - out.println("Begin Record Number: " + row): null

2024-07-12 21:48:11 - [TEST_STEP][PASSED] - today = new java.util.Date(): null

2024-07-12 21:48:11 - [TEST_STEP][PASSED] - println(today): null

2024-07-12 21:48:11 - [TEST_STEP][PASSED] - datText = today: null

2024-07-12 21:48:11 - [TEST_STEP][PASSED] - adminSuiteBootstrap.loginFunctionality.login_AdminSuite(): adminSuiteBootstrap.loginFunctionality.login_AdminSuite is PASSED

2024-07-12 21:48:11 - [MESSAGE][INFO] - Starting 'Chrome' driver

2024-07-12 21:48:11 - [MESSAGE][INFO] - User set preference: ['acceptInsecureCerts', 'true']

2024-07-12 21:48:11 - [MESSAGE][INFO] - Action delay is set to 0 milliseconds

2024-07-12 21:48:13 - [MESSAGE][PASSED] - Browser is opened with url: 'https://qa2.velocitypayment.com/admin/imtiaz'

2024-07-12 21:48:14 - [MESSAGE][PASSED] - Current window maximized

2024-07-12 21:48:15 - [MESSAGE][PASSED] - Object 'Object Repository/Login_Page/Login_Username_Okta' is present

2024-07-12 21:48:15 - [MESSAGE][PASSED] - Text 'iahmed' is set on object 'Object Repository/Login_Page/Login_Username_Okta'

2024-07-12 21:48:16 - [MESSAGE][PASSED] - Text 'Hello!6666666' is set on object 'Object Repository/Login_Page/Login_Password_Okta'

2024-07-12 21:48:17 - [MESSAGE][PASSED] - Object: 'Object Repository/Login_Page/Login_Submit_Okta' is clicked on

2024-07-12 21:48:17 - [MESSAGE][PASSED] - adminSuiteBootstrap.loginFunctionality.login_AdminSuite is PASSED

2024-07-12 21:48:17 - [TEST_STEP][PASSED] - click(findTestObject(path_Dashboard + appName)): Object: 'Object Repository/AdminSuiteBootstrap_Pages/Dashboard_Bootstrap/a_Access AutoDualCFtpQA' is clicked on

2024-07-12 21:48:25 - [MESSAGE][PASSED] - Object: 'Object Repository/AdminSuiteBootstrap_Pages/Dashboard_Bootstrap/a_Access AutoDualCFtpQA' is clicked on

2024-07-12 21:48:25 - [TEST_STEP][PASSED] - click(findTestObject(path_VT + "button_Authorization  Capture (Sale)")): Object: 'Object Repository/AdminSuiteBootstrap_Pages/VT_Bootstrap/IssueTransactions/button_Authorization  Capture (Sale)' is clicked on

2024-07-12 21:48:26 - [MESSAGE][PASSED] - Object: 'Object Repository/AdminSuiteBootstrap_Pages/VT_Bootstrap/IssueTransactions/button_Authorization  Capture (Sale)' is clicked on

2024-07-12 21:48:26 - [TEST_STEP][PASSED] - saleKeyboardEntryLink = modifyObjectProperty(findTestObject(path_VT + "a_KeyboardEntry_Sale"), "href", "equals", hrefAppID, true): Modify property of object successfully

2024-07-12 21:48:26 - [MESSAGE][PASSED] - Modify property of object successfully

2024-07-12 21:48:26 - [TEST_STEP][PASSED] - click(saleKeyboardEntryLink): Object: 'Object Repository/AdminSuiteBootstrap_Pages/VT_Bootstrap/IssueTransactions/a_KeyboardEntry_Sale' is clicked on

2024-07-12 21:48:27 - [MESSAGE][PASSED] - Object: 'Object Repository/AdminSuiteBootstrap_Pages/VT_Bootstrap/IssueTransactions/a_KeyboardEntry_Sale' is clicked on

2024-07-12 21:48:27 - [TEST_STEP][PASSED] - adminSuiteBootstrap.virtualTerminalSetData.saleKeyboard_DataDriven(row, dataFile): adminSuiteBootstrap.virtualTerminalSetData.saleKeyboard_DataDriven is PASSED

2024-07-12 21:48:30 - [MESSAGE][PASSED] - Text 'Janaki James' is set on object 'Object Repository/AdminSuiteBootstrap_Pages/VT_Bootstrap/SaleKeyboard/input_cardName'

2024-07-12 21:48:31 - [MESSAGE][PASSED] - All options with value 'MOTO' are selected in object 'Object Repository/AdminSuiteBootstrap_Pages/VT_Bootstrap/SaleKeyboard/select_transactionCategory'  using regular expression

2024-07-12 21:48:32 - [MESSAGE][PASSED] - Execute JavaScript 'arguments[0].value ='6011000993026909' ' successfully

2024-07-12 21:48:32 - [MESSAGE][PASSED] - Execute JavaScript 'arguments[0].value ='123' ' successfully

2024-07-12 21:48:33 - [MESSAGE][PASSED] - All options with value '12' are selected in object 'Object Repository/AdminSuiteBootstrap_Pages/VT_Bootstrap/SaleKeyboard/select_MM'  using regular expression

2024-07-12 21:48:34 - [MESSAGE][PASSED] - All options with value '2025' are selected in object 'Object Repository/AdminSuiteBootstrap_Pages/VT_Bootstrap/SaleKeyboard/select_YYYY'  using regular expression

2024-07-12 21:48:35 - [MESSAGE][PASSED] - Text '25987 Hill Top' is set on object 'Object Repository/AdminSuiteBootstrap_Pages/VT_Bootstrap/SaleKeyboard/input__address'

2024-07-12 21:48:36 - [MESSAGE][PASSED] - Text 'Suite 500' is set on object 'Object Repository/AdminSuiteBootstrap_Pages/VT_Bootstrap/SaleKeyboard/input__address2'

2024-07-12 21:48:37 - [MESSAGE][PASSED] - Text '22201' is set on object 'Object Repository/AdminSuiteBootstrap_Pages/VT_Bootstrap/SaleKeyboard/input__zip'

2024-07-12 21:48:37 - [MESSAGE][PASSED] - Text '' is set on object 'Object Repository/AdminSuiteBootstrap_Pages/VT_Bootstrap/SaleKeyboard/input_emailAddress'

2024-07-12 21:48:39 - [MESSAGE][PASSED] - Text '' is set on object 'Object Repository/AdminSuiteBootstrap_Pages/VT_Bootstrap/SaleKeyboard/input_smsNumber'

2024-07-12 21:48:39 - [MESSAGE][PASSED] - Text '10.50' is set on object 'Object Repository/AdminSuiteBootstrap_Pages/VT_Bootstrap/SaleKeyboard/input_amount'

2024-07-12 21:48:40 - [MESSAGE][PASSED] - Text 'Australia' is set on object 'Object Repository/AdminSuiteBootstrap_Pages/VT_Bootstrap/SaleKeyboard/input_userDefined1'

2024-07-12 21:48:41 - [MESSAGE][PASSED] - Text 'Denmark' is set on object 'Object Repository/AdminSuiteBootstrap_Pages/VT_Bootstrap/SaleKeyboard/input_userDefined2'

2024-07-12 21:48:42 - [MESSAGE][PASSED] - Text 'Sweden' is set on object 'Object Repository/AdminSuiteBootstrap_Pages/VT_Bootstrap/SaleKeyboard/input_userDefined3'

2024-07-12 21:48:43 - [MESSAGE][PASSED] - Text 'Austria' is set on object 'Object Repository/AdminSuiteBootstrap_Pages/VT_Bootstrap/SaleKeyboard/input_userDefined4'

2024-07-12 21:48:44 - [MESSAGE][PASSED] - All options with label 'Orange' are selected in object 'Object Repository/AdminSuiteBootstrap_Pages/VT_Bootstrap/SaleKeyboard/select_UDF5_DropDown'  using regular expression

2024-07-12 21:48:45 - [MESSAGE][PASSED] - All options with label 'Yellow' are selected in object 'Object Repository/AdminSuiteBootstrap_Pages/VT_Bootstrap/SaleKeyboard/select_UDF6_DropDown'  using regular expression

2024-07-12 21:48:45 - [MESSAGE][PASSED] - Text 'Norway' is set on object 'Object Repository/AdminSuiteBootstrap_Pages/VT_Bootstrap/SaleKeyboard/input_userDefined7'

2024-07-12 21:48:46 - [MESSAGE][PASSED] - Text 'Netherlands' is set on object 'Object Repository/AdminSuiteBootstrap_Pages/VT_Bootstrap/SaleKeyboard/input_userDefined8'

2024-07-12 21:48:47 - [MESSAGE][PASSED] - Text 'Switzerland' is set on object 'Object Repository/AdminSuiteBootstrap_Pages/VT_Bootstrap/SaleKeyboard/input_userDefined9'

2024-07-12 21:48:47 - [MESSAGE][PASSED] - Text 'France' is set on object 'Object Repository/AdminSuiteBootstrap_Pages/VT_Bootstrap/SaleKeyboard/input_userDefined10'

2024-07-12 21:48:49 - [MESSAGE][PASSED] - Object: 'Object Repository/AdminSuiteBootstrap_Pages/VT_Bootstrap/SaleKeyboard/button_Submit' is clicked on

2024-07-12 21:48:49 - [MESSAGE][PASSED] - adminSuiteBootstrap.virtualTerminalSetData.saleKeyboard_DataDriven is PASSED

2024-07-12 21:48:49 - [TEST_STEP][PASSED] - verifyTextPresent("Transaction Successful", true): Text 'Transaction Successful' is present on page  using regular expression

2024-07-12 21:48:50 - [MESSAGE][PASSED] - Text 'Transaction Successful' is present on page  using regular expression

2024-07-12 21:48:50 - [TEST_STEP][PASSED] - verifyElementVisible(findTestObject("Object Repository/AdminSuiteBootstrap_Pages/VT_Bootstrap/Receipt/button_Continue")): Object 'Object Repository/AdminSuiteBootstrap_Pages/VT_Bootstrap/Receipt/button_Continue' is visible

2024-07-12 21:48:50 - [MESSAGE][PASSED] - Object 'Object Repository/AdminSuiteBootstrap_Pages/VT_Bootstrap/Receipt/button_Continue' is visible

2024-07-12 21:48:50 - [TEST_STEP][PASSED] - verifyElementPresent(findTestObject("Object Repository/AdminSuiteBootstrap_Pages/VT_Bootstrap/Receipt/button_Continue"), 20): Object 'Object Repository/AdminSuiteBootstrap_Pages/VT_Bootstrap/Receipt/button_Continue' is present

2024-07-12 21:48:50 - [MESSAGE][PASSED] - Object 'Object Repository/AdminSuiteBootstrap_Pages/VT_Bootstrap/Receipt/button_Continue' is present

2024-07-12 21:48:50 - [TEST_STEP][PASSED] - verifyElementVisible(findTestObject("Object Repository/AdminSuiteBootstrap_Pages/VT_Bootstrap/Receipt/button_Print")): Object 'Object Repository/AdminSuiteBootstrap_Pages/VT_Bootstrap/Receipt/button_Print' is visible

2024-07-12 21:48:51 - [MESSAGE][PASSED] - Object 'Object Repository/AdminSuiteBootstrap_Pages/VT_Bootstrap/Receipt/button_Print' is visible

2024-07-12 21:48:51 - [TEST_STEP][PASSED] - verifyElementPresent(findTestObject("Object Repository/AdminSuiteBootstrap_Pages/VT_Bootstrap/Receipt/button_Print"), 20): Object 'Object Repository/AdminSuiteBootstrap_Pages/VT_Bootstrap/Receipt/button_Print' is present

2024-07-12 21:48:51 - [MESSAGE][PASSED] - Object 'Object Repository/AdminSuiteBootstrap_Pages/VT_Bootstrap/Receipt/button_Print' is present

2024-07-12 21:48:51 - [TEST_STEP][PASSED] - verifyTextPresent("Remittance ID", true): Text 'Remittance ID' is present on page  using regular expression

2024-07-12 21:48:51 - [MESSAGE][PASSED] - Text 'Remittance ID' is present on page  using regular expression

2024-07-12 21:48:51 - [TEST_STEP][PASSED] - verifyTextPresent("Received", true): Text 'Received' is present on page  using regular expression

2024-07-12 21:48:52 - [MESSAGE][PASSED] - Text 'Received' is present on page  using regular expression

2024-07-12 21:48:52 - [TEST_STEP][PASSED] - verifyTextPresent("UDF1", true): Text 'UDF1' is present on page  using regular expression

2024-07-12 21:48:52 - [MESSAGE][PASSED] - Text 'UDF1' is present on page  using regular expression

2024-07-12 21:48:52 - [TEST_STEP][PASSED] - verifyTextPresent("UDF2", true): Text 'UDF2' is present on page  using regular expression

2024-07-12 21:48:52 - [MESSAGE][PASSED] - Text 'UDF2' is present on page  using regular expression

2024-07-12 21:48:52 - [TEST_STEP][PASSED] - verifyTextPresent("UDF3", true): Text 'UDF3' is present on page  using regular expression

2024-07-12 21:48:53 - [MESSAGE][PASSED] - Text 'UDF3' is present on page  using regular expression

2024-07-12 21:48:53 - [TEST_STEP][PASSED] - verifyTextPresent("UDF4", true): Text 'UDF4' is present on page  using regular expression

2024-07-12 21:48:53 - [MESSAGE][PASSED] - Text 'UDF4' is present on page  using regular expression

2024-07-12 21:48:53 - [TEST_STEP][PASSED] - verifyTextPresent("UDF5", true): Text 'UDF5' is present on page  using regular expression

2024-07-12 21:48:53 - [MESSAGE][PASSED] - Text 'UDF5' is present on page  using regular expression

2024-07-12 21:48:53 - [TEST_STEP][PASSED] - verifyTextPresent("UDF6", true): Text 'UDF6' is present on page  using regular expression

2024-07-12 21:48:54 - [MESSAGE][PASSED] - Text 'UDF6' is present on page  using regular expression

2024-07-12 21:48:54 - [TEST_STEP][PASSED] - verifyTextPresent("UDF7", true): Text 'UDF7' is present on page  using regular expression

2024-07-12 21:48:54 - [MESSAGE][PASSED] - Text 'UDF7' is present on page  using regular expression

2024-07-12 21:48:54 - [TEST_STEP][PASSED] - verifyTextPresent("UDF8", true): Text 'UDF8' is present on page  using regular expression

2024-07-12 21:48:54 - [MESSAGE][PASSED] - Text 'UDF8' is present on page  using regular expression

2024-07-12 21:48:54 - [TEST_STEP][PASSED] - verifyTextPresent("UDF9", true): Text 'UDF9' is present on page  using regular expression

2024-07-12 21:48:55 - [MESSAGE][PASSED] - Text 'UDF9' is present on page  using regular expression

2024-07-12 21:48:55 - [TEST_STEP][PASSED] - verifyTextPresent("UDF 10", true): Text 'UDF 10' is present on page  using regular expression

2024-07-12 21:48:55 - [MESSAGE][PASSED] - Text 'UDF 10' is present on page  using regular expression

2024-07-12 21:48:55 - [TEST_STEP][PASSED] - verifyTextPresent("Australia", true): Text 'Australia' is present on page  using regular expression

2024-07-12 21:48:55 - [MESSAGE][PASSED] - Text 'Australia' is present on page  using regular expression

2024-07-12 21:48:55 - [TEST_STEP][PASSED] - verifyTextPresent("Denmark", true): Text 'Denmark' is present on page  using regular expression

2024-07-12 21:48:56 - [MESSAGE][PASSED] - Text 'Denmark' is present on page  using regular expression

2024-07-12 21:48:56 - [TEST_STEP][PASSED] - verifyTextPresent("Sweden", true): Text 'Sweden' is present on page  using regular expression

2024-07-12 21:48:56 - [MESSAGE][PASSED] - Text 'Sweden' is present on page  using regular expression

2024-07-12 21:48:56 - [TEST_STEP][PASSED] - verifyTextPresent("Austria", true): Text 'Austria' is present on page  using regular expression

2024-07-12 21:48:56 - [MESSAGE][PASSED] - Text 'Austria' is present on page  using regular expression

2024-07-12 21:48:56 - [TEST_STEP][PASSED] - verifyTextPresent("Orange Recorded", true): Text 'Orange Recorded' is present on page  using regular expression

2024-07-12 21:48:57 - [MESSAGE][PASSED] - Text 'Orange Recorded' is present on page  using regular expression

2024-07-12 21:48:57 - [TEST_STEP][PASSED] - verifyTextPresent("Yellow Recorded", true): Text 'Yellow Recorded' is present on page  using regular expression

2024-07-12 21:48:57 - [MESSAGE][PASSED] - Text 'Yellow Recorded' is present on page  using regular expression

2024-07-12 21:48:57 - [TEST_STEP][PASSED] - verifyTextPresent("Norway", true): Text 'Norway' is present on page  using regular expression

2024-07-12 21:48:57 - [MESSAGE][PASSED] - Text 'Norway' is present on page  using regular expression

2024-07-12 21:48:57 - [TEST_STEP][PASSED] - verifyTextPresent("Netherlands", true): Text 'Netherlands' is present on page  using regular expression

2024-07-12 21:48:58 - [MESSAGE][PASSED] - Text 'Netherlands' is present on page  using regular expression

2024-07-12 21:48:58 - [TEST_STEP][PASSED] - verifyTextPresent("Switzerland", true): Text 'Switzerland' is present on page  using regular expression

2024-07-12 21:48:58 - [MESSAGE][PASSED] - Text 'Switzerland' is present on page  using regular expression

2024-07-12 21:48:58 - [TEST_STEP][PASSED] - verifyTextPresent("France", true): Text 'France' is present on page  using regular expression

2024-07-12 21:48:58 - [MESSAGE][PASSED] - Text 'France' is present on page  using regular expression

2024-07-12 21:48:58 - [TEST_STEP][PASSED] - verifyTextPresent("Card Information", true): Text 'Card Information' is present on page  using regular expression

2024-07-12 21:48:59 - [MESSAGE][PASSED] - Text 'Card Information' is present on page  using regular expression

2024-07-12 21:48:59 - [TEST_STEP][PASSED] - verifyTextPresent("Amount", true): Text 'Amount' is present on page  using regular expression

2024-07-12 21:48:59 - [MESSAGE][PASSED] - Text 'Amount' is present on page  using regular expression

2024-07-12 21:48:59 - [TEST_STEP][PASSED] - verifyTextPresent("Service Fee", true): Text 'Service Fee' is present on page  using regular expression

2024-07-12 21:48:59 - [MESSAGE][PASSED] - Text 'Service Fee' is present on page  using regular expression

2024-07-12 21:48:59 - [TEST_STEP][PASSED] - verifyTextPresent("Service Fee Type", true): Text 'Service Fee Type' is present on page  using regular expression

2024-07-12 21:49:00 - [MESSAGE][PASSED] - Text 'Service Fee Type' is present on page  using regular expression

2024-07-12 21:49:00 - [TEST_STEP][PASSED] - verifyTextPresent("Total Amount", true): Text 'Total Amount' is present on page  using regular expression

2024-07-12 21:49:00 - [MESSAGE][PASSED] - Text 'Total Amount' is present on page  using regular expression

2024-07-12 21:49:00 - [TEST_STEP][PASSED] - verifyTextPresent("Transaction Type", true): Text 'Transaction Type' is present on page  using regular expression

2024-07-12 21:49:00 - [MESSAGE][PASSED] - Text 'Transaction Type' is present on page  using regular expression

2024-07-12 21:49:00 - [TEST_STEP][PASSED] - verifyTextPresent("10.50", true): Text '10.50' is present on page  using regular expression

2024-07-12 21:49:01 - [MESSAGE][PASSED] - Text '10.50' is present on page  using regular expression

2024-07-12 21:49:01 - [TEST_STEP][PASSED] - verifyTextPresent("5.00", true): Text '5.00' is present on page  using regular expression

2024-07-12 21:49:01 - [MESSAGE][PASSED] - Text '5.00' is present on page  using regular expression

2024-07-12 21:49:01 - [TEST_STEP][PASSED] - verifyTextPresent("Dual Transaction", true): Text 'Dual Transaction' is present on page  using regular expression

2024-07-12 21:49:02 - [MESSAGE][PASSED] - Text 'Dual Transaction' is present on page  using regular expression

2024-07-12 21:49:02 - [TEST_STEP][PASSED] - verifyTextPresent("15.50", true): Text '15.50' is present on page  using regular expression

2024-07-12 21:49:02 - [MESSAGE][PASSED] - Text '15.50' is present on page  using regular expression

2024-07-12 21:49:02 - [TEST_STEP][PASSED] - verifyTextPresent("Authorization and Capture", true): Text 'Authorization and Capture' is present on page  using regular expression

2024-07-12 21:49:02 - [MESSAGE][PASSED] - Text 'Authorization and Capture' is present on page  using regular expression

2024-07-12 21:49:02 - [TEST_STEP][PASSED] - cardNameV = findTestData(dataFile).getValue("CardNameV", row): null

2024-07-12 21:49:02 - [TEST_STEP][PASSED] - al1V = findTestData(dataFile).getValue("AL1", row): null

2024-07-12 21:49:02 - [TEST_STEP][PASSED] - al2V = findTestData(dataFile).getValue("AL2", row): null

2024-07-12 21:49:03 - [TEST_STEP][PASSED] - zipV = findTestData(dataFile).getValue("ZIP", row): null

2024-07-12 21:49:03 - [TEST_STEP][PASSED] - cardTypeV = findTestData(dataFile).getValue("CardType", row): null

2024-07-12 21:49:03 - [TEST_STEP][PASSED] - last4V = findTestData(dataFile).getValue("Last4", row): null

2024-07-12 21:49:03 - [TEST_STEP][PASSED] - verifyTextPresent(cardNameV, true): Text 'JANAKI JAMES' is present on page  using regular expression

2024-07-12 21:49:03 - [MESSAGE][PASSED] - Text 'JANAKI JAMES' is present on page  using regular expression

2024-07-12 21:49:03 - [TEST_STEP][PASSED] - verifyTextPresent("Address Line 1", true): Text 'Address Line 1' is present on page  using regular expression

2024-07-12 21:49:04 - [MESSAGE][PASSED] - Text 'Address Line 1' is present on page  using regular expression

2024-07-12 21:49:04 - [TEST_STEP][PASSED] - verifyTextPresent("Address Line 2", true): Text 'Address Line 2' is present on page  using regular expression

2024-07-12 21:49:04 - [MESSAGE][PASSED] - Text 'Address Line 2' is present on page  using regular expression

2024-07-12 21:49:04 - [TEST_STEP][PASSED] - verifyTextPresent("Country", true): Text 'Country' is present on page  using regular expression

2024-07-12 21:49:04 - [MESSAGE][PASSED] - Text 'Country' is present on page  using regular expression

2024-07-12 21:49:04 - [TEST_STEP][PASSED] - verifyTextPresent("City", true): Text 'City' is present on page  using regular expression

2024-07-12 21:49:05 - [MESSAGE][PASSED] - Text 'City' is present on page  using regular expression

2024-07-12 21:49:05 - [TEST_STEP][PASSED] - verifyTextPresent("State", true): Text 'State' is present on page  using regular expression

2024-07-12 21:49:05 - [MESSAGE][PASSED] - Text 'State' is present on page  using regular expression

2024-07-12 21:49:05 - [TEST_STEP][PASSED] - verifyTextPresent("ZIP Code", true): Text 'ZIP Code' is present on page  using regular expression

2024-07-12 21:49:05 - [MESSAGE][PASSED] - Text 'ZIP Code' is present on page  using regular expression

2024-07-12 21:49:05 - [TEST_STEP][PASSED] - verifyTextPresent(al1V, true): Text '25987 Hill Top' is present on page  using regular expression

2024-07-12 21:49:06 - [MESSAGE][PASSED] - Text '25987 Hill Top' is present on page  using regular expression

2024-07-12 21:49:06 - [TEST_STEP][PASSED] - verifyTextPresent(al2V, true): Text 'Suite 500' is present on page  using regular expression

2024-07-12 21:49:06 - [MESSAGE][PASSED] - Text 'Suite 500' is present on page  using regular expression

2024-07-12 21:49:06 - [TEST_STEP][PASSED] - verifyTextPresent("United States", true): Text 'United States' is present on page  using regular expression

2024-07-12 21:49:06 - [MESSAGE][PASSED] - Text 'United States' is present on page  using regular expression

2024-07-12 21:49:06 - [TEST_STEP][PASSED] - verifyTextPresent("ARLINGTON", true): Text 'ARLINGTON' is present on page  using regular expression

2024-07-12 21:49:07 - [MESSAGE][PASSED] - Text 'ARLINGTON' is present on page  using regular expression

2024-07-12 21:49:07 - [TEST_STEP][PASSED] - verifyTextPresent("Virginia", true): Text 'Virginia' is present on page  using regular expression

2024-07-12 21:49:07 - [MESSAGE][PASSED] - Text 'Virginia' is present on page  using regular expression

2024-07-12 21:49:07 - [TEST_STEP][PASSED] - verifyTextPresent(zipV, true): Text '22201' is present on page  using regular expression

2024-07-12 21:49:07 - [MESSAGE][PASSED] - Text '22201' is present on page  using regular expression

2024-07-12 21:49:07 - [TEST_STEP][PASSED] - verifyTextPresent(cardTypeV, true): Text 'Discover' is present on page  using regular expression

2024-07-12 21:49:08 - [MESSAGE][PASSED] - Text 'Discover' is present on page  using regular expression

2024-07-12 21:49:08 - [TEST_STEP][PASSED] - verifyTextPresent(last4V, true): Text '6909' is present on page  using regular expression

2024-07-12 21:49:08 - [MESSAGE][PASSED] - Text '6909' is present on page  using regular expression

2024-07-12 21:49:08 - [TEST_STEP][PASSED] - closeBrowser(): Browser is closed

2024-07-12 21:49:09 - [MESSAGE][PASSED] - Browser is closed]]></system-out>
         <system-err><![CDATA[]]></system-err>
      </testcase>
      <testcase name="Test Cases/Admin Suite Bootstrap/VT_TestCases/SaleKeyboard_TP_NoCF_Generic_Payment_TC" time="447.562" classname="Test Cases/Admin Suite Bootstrap/VT_TestCases/SaleKeyboard_TP_NoCF_Generic_Payment_TC" status="PASSED">
         <system-out><![CDATA[2024-07-12 21:49:09 - [TEST_CASE][PASSED] - Test Cases/Admin Suite Bootstrap/VT_TestCases/SaleKeyboard_TP_NoCF_Generic_Payment_TC: Test Cases/Admin Suite Bootstrap/VT_TestCases/SaleKeyboard_TP_NoCF_Generic_Payment_TC

2024-07-12 21:49:10 - [TEST_STEP][PASSED] - path_Dashboard = "Object Repository/AdminSuiteBootstrap_Pages/Dashboard_Bootstrap/": null

2024-07-12 21:49:10 - [TEST_STEP][PASSED] - path_VT = "Object Repository/AdminSuiteBootstrap_Pages/VT_Bootstrap/IssueTransactions/": null

2024-07-12 21:49:10 - [TEST_STEP][PASSED] - path_SaleKB = "Object Repository/AdminSuiteBootstrap_Pages/VT_Bootstrap/SaleKeyboard/": null

2024-07-12 21:49:10 - [TEST_STEP][PASSED] - path_TestMinus = "Object Repository/Page_TestMinusAndAtSigns/": null

2024-07-12 21:49:10 - [TEST_STEP][PASSED] - li_1 = vpos_Prefix: null

2024-07-12 21:49:10 - [TEST_STEP][PASSED] - li_2 = "/transactions/AuthCapForm/": null

2024-07-12 21:49:10 - [TEST_STEP][PASSED] - executionProfile = getExecutionProfile(): null

2024-07-12 21:49:10 - [TEST_STEP][PASSED] - out.println("executionProfile : " + executionProfile): null

2024-07-12 21:49:10 - [TEST_STEP][PASSED] - appName = <not implemented yet for class: org.codehaus.groovy.ast.expr.EmptyExpression>: null

2024-07-12 21:49:10 - [TEST_STEP][PASSED] - appID = <not implemented yet for class: org.codehaus.groovy.ast.expr.EmptyExpression>: null

2024-07-12 21:49:10 - [TEST_STEP][PASSED] - cardNameV = <not implemented yet for class: org.codehaus.groovy.ast.expr.EmptyExpression>: null

2024-07-12 21:49:10 - [TEST_STEP][PASSED] - al1V = <not implemented yet for class: org.codehaus.groovy.ast.expr.EmptyExpression>: null

2024-07-12 21:49:10 - [TEST_STEP][PASSED] - al2V = <not implemented yet for class: org.codehaus.groovy.ast.expr.EmptyExpression>: null

2024-07-12 21:49:10 - [TEST_STEP][PASSED] - zipV = <not implemented yet for class: org.codehaus.groovy.ast.expr.EmptyExpression>: null

2024-07-12 21:49:10 - [TEST_STEP][PASSED] - cardTypeV = <not implemented yet for class: org.codehaus.groovy.ast.expr.EmptyExpression>: null

2024-07-12 21:49:10 - [TEST_STEP][PASSED] - last4V = <not implemented yet for class: org.codehaus.groovy.ast.expr.EmptyExpression>: null

2024-07-12 21:49:10 - [TEST_STEP][PASSED] - resText = "Fail": null

2024-07-12 21:49:10 - [TEST_STEP][PASSED] - resColumn = "Result": null

2024-07-12 21:49:10 - [TEST_STEP][PASSED] - datCloumn = "Date": null

2024-07-12 21:49:10 - [TEST_STEP][PASSED] - fileLoc = "C:\KatalonData\Bootstrap\VT-Data.xlsx": null

2024-07-12 21:49:10 - [TEST_STEP][PASSED] - numOfRows = <not implemented yet for class: org.codehaus.groovy.ast.expr.EmptyExpression>: null

2024-07-12 21:49:10 - [TEST_STEP][PASSED] - dataFile = <not implemented yet for class: org.codehaus.groovy.ast.expr.EmptyExpression>: null

2024-07-12 21:49:10 - [TEST_STEP][PASSED] - nameSheet = <not implemented yet for class: org.codehaus.groovy.ast.expr.EmptyExpression>: null

2024-07-12 21:49:10 - [TEST_STEP][PASSED] - nameSheet = "VT-Sale-NoCF-Generic": null

2024-07-12 21:49:10 - [TEST_STEP][PASSED] - numOfRows = findTestData("QA/Bootstrap/VT-TestData/VT-SaleData-NoCF-Generic").getRowNumbers(): null

2024-07-12 21:49:10 - [TEST_STEP][PASSED] - println("Number of Records: " + numOfRows): null

2024-07-12 21:49:10 - [TEST_STEP][PASSED] - dataFile = "QA/Bootstrap/VT-TestData/VT-SaleData-NoCF-Generic": null

2024-07-12 21:49:10 - [TEST_STEP][PASSED] - for ([row = 1, row <= numOfRows, (row++)]): Browser is closed

2024-07-12 21:49:10 - [TEST_STEP][PASSED] - ExecuteTC = findTestData(dataFile).getValue("Execute", row): null

2024-07-12 21:49:10 - [TEST_STEP][PASSED] - out.println("Value of Execute is : " + ExecuteTC): null

2024-07-12 21:49:10 - [TEST_STEP][PASSED] - switch (executionProfile): null

2024-07-12 21:49:10 - [TEST_STEP][PASSED] - case "QA2Profile":: null

2024-07-12 21:49:10 - [TEST_STEP][PASSED] - appName = findTestData(dataFile).getValue("AppNameQA", row): null

2024-07-12 21:49:10 - [TEST_STEP][PASSED] - appID = findTestData(dataFile).getValue("AppIDQA", row): null

2024-07-12 21:49:10 - [TEST_STEP][PASSED] - break: null

2024-07-12 21:49:10 - [TEST_STEP][PASSED] - hrefAppID = li_1 + appID + li_2: null

2024-07-12 21:49:10 - [TEST_STEP][PASSED] - hrefApp = li_1 + appID + "/": null

2024-07-12 21:49:10 - [TEST_STEP][PASSED] - println("hrefApp : " + hrefApp): null

2024-07-12 21:49:10 - [TEST_STEP][PASSED] - if (ExecuteTC.equalsIgnoreCase("Y")): Browser is closed

2024-07-12 21:49:10 - [TEST_STEP][PASSED] - out.println("Begin Record Number: " + row): null

2024-07-12 21:49:10 - [TEST_STEP][PASSED] - today = new java.util.Date(): null

2024-07-12 21:49:10 - [TEST_STEP][PASSED] - println(today): null

2024-07-12 21:49:10 - [TEST_STEP][PASSED] - datText = today: null

2024-07-12 21:49:10 - [TEST_STEP][PASSED] - adminSuiteBootstrap.loginFunctionality.login_AdminSuite(): adminSuiteBootstrap.loginFunctionality.login_AdminSuite is PASSED

2024-07-12 21:49:10 - [MESSAGE][INFO] - Starting 'Chrome' driver

2024-07-12 21:49:10 - [MESSAGE][INFO] - User set preference: ['acceptInsecureCerts', 'true']

2024-07-12 21:49:10 - [MESSAGE][INFO] - Action delay is set to 0 milliseconds

2024-07-12 21:49:12 - [MESSAGE][PASSED] - Browser is opened with url: 'https://qa2.velocitypayment.com/admin/imtiaz'

2024-07-12 21:49:13 - [MESSAGE][PASSED] - Current window maximized

2024-07-12 21:49:14 - [MESSAGE][PASSED] - Object 'Object Repository/Login_Page/Login_Username_Okta' is present

2024-07-12 21:49:14 - [MESSAGE][PASSED] - Text 'iahmed' is set on object 'Object Repository/Login_Page/Login_Username_Okta'

2024-07-12 21:49:15 - [MESSAGE][PASSED] - Text 'Hello!6666666' is set on object 'Object Repository/Login_Page/Login_Password_Okta'

2024-07-12 21:49:16 - [MESSAGE][PASSED] - Object: 'Object Repository/Login_Page/Login_Submit_Okta' is clicked on

2024-07-12 21:49:16 - [MESSAGE][PASSED] - adminSuiteBootstrap.loginFunctionality.login_AdminSuite is PASSED

2024-07-12 21:49:16 - [TEST_STEP][PASSED] - click(findTestObject(path_Dashboard + appName)): Object: 'Object Repository/AdminSuiteBootstrap_Pages/Dashboard_Bootstrap/a_Access AutoNoCFtp' is clicked on

2024-07-12 21:49:24 - [MESSAGE][PASSED] - Object: 'Object Repository/AdminSuiteBootstrap_Pages/Dashboard_Bootstrap/a_Access AutoNoCFtp' is clicked on

2024-07-12 21:49:24 - [TEST_STEP][PASSED] - click(findTestObject(path_VT + "button_Authorization  Capture (Sale)")): Object: 'Object Repository/AdminSuiteBootstrap_Pages/VT_Bootstrap/IssueTransactions/button_Authorization  Capture (Sale)' is clicked on

2024-07-12 21:49:24 - [MESSAGE][PASSED] - Object: 'Object Repository/AdminSuiteBootstrap_Pages/VT_Bootstrap/IssueTransactions/button_Authorization  Capture (Sale)' is clicked on

2024-07-12 21:49:24 - [TEST_STEP][PASSED] - saleKeyboardEntryLink = modifyObjectProperty(findTestObject(path_VT + "a_KeyboardEntry_Sale"), "href", "equals", hrefAppID, true): Modify property of object successfully

2024-07-12 21:49:24 - [MESSAGE][PASSED] - Modify property of object successfully

2024-07-12 21:49:24 - [TEST_STEP][PASSED] - click(saleKeyboardEntryLink): Object: 'Object Repository/AdminSuiteBootstrap_Pages/VT_Bootstrap/IssueTransactions/a_KeyboardEntry_Sale' is clicked on

2024-07-12 21:49:25 - [MESSAGE][PASSED] - Object: 'Object Repository/AdminSuiteBootstrap_Pages/VT_Bootstrap/IssueTransactions/a_KeyboardEntry_Sale' is clicked on

2024-07-12 21:49:25 - [TEST_STEP][PASSED] - adminSuiteBootstrap.virtualTerminalSetData.saleKeyboard_DataDriven(row, dataFile): adminSuiteBootstrap.virtualTerminalSetData.saleKeyboard_DataDriven is PASSED

2024-07-12 21:49:28 - [MESSAGE][PASSED] - Text 'Tulsi Raman' is set on object 'Object Repository/AdminSuiteBootstrap_Pages/VT_Bootstrap/SaleKeyboard/input_cardName'

2024-07-12 21:49:29 - [MESSAGE][PASSED] - All options with value 'RETL' are selected in object 'Object Repository/AdminSuiteBootstrap_Pages/VT_Bootstrap/SaleKeyboard/select_transactionCategory'  using regular expression

2024-07-12 21:49:30 - [MESSAGE][PASSED] - Execute JavaScript 'arguments[0].value ='4012000098765439' ' successfully

2024-07-12 21:49:30 - [MESSAGE][PASSED] - Execute JavaScript 'arguments[0].value ='123' ' successfully

2024-07-12 21:49:31 - [MESSAGE][PASSED] - All options with value '12' are selected in object 'Object Repository/AdminSuiteBootstrap_Pages/VT_Bootstrap/SaleKeyboard/select_MM'  using regular expression

2024-07-12 21:49:33 - [MESSAGE][PASSED] - All options with value '2025' are selected in object 'Object Repository/AdminSuiteBootstrap_Pages/VT_Bootstrap/SaleKeyboard/select_YYYY'  using regular expression

2024-07-12 21:49:33 - [MESSAGE][PASSED] - Text '36 Cornor Road' is set on object 'Object Repository/AdminSuiteBootstrap_Pages/VT_Bootstrap/SaleKeyboard/input__address'

2024-07-12 21:49:34 - [MESSAGE][PASSED] - Text 'Suite 500' is set on object 'Object Repository/AdminSuiteBootstrap_Pages/VT_Bootstrap/SaleKeyboard/input__address2'

2024-07-12 21:49:35 - [MESSAGE][PASSED] - Text '22201' is set on object 'Object Repository/AdminSuiteBootstrap_Pages/VT_Bootstrap/SaleKeyboard/input__zip'

2024-07-12 21:49:35 - [MESSAGE][PASSED] - Text '' is set on object 'Object Repository/AdminSuiteBootstrap_Pages/VT_Bootstrap/SaleKeyboard/input_emailAddress'

2024-07-12 21:49:37 - [MESSAGE][PASSED] - Text '' is set on object 'Object Repository/AdminSuiteBootstrap_Pages/VT_Bootstrap/SaleKeyboard/input_smsNumber'

2024-07-12 21:49:37 - [MESSAGE][PASSED] - Text '10.50' is set on object 'Object Repository/AdminSuiteBootstrap_Pages/VT_Bootstrap/SaleKeyboard/input_amount'

2024-07-12 21:49:38 - [MESSAGE][PASSED] - Text 'Australia' is set on object 'Object Repository/AdminSuiteBootstrap_Pages/VT_Bootstrap/SaleKeyboard/input_userDefined1'

2024-07-12 21:49:39 - [MESSAGE][PASSED] - Text 'Denmark' is set on object 'Object Repository/AdminSuiteBootstrap_Pages/VT_Bootstrap/SaleKeyboard/input_userDefined2'

2024-07-12 21:49:40 - [MESSAGE][PASSED] - Text 'Sweden' is set on object 'Object Repository/AdminSuiteBootstrap_Pages/VT_Bootstrap/SaleKeyboard/input_userDefined3'

2024-07-12 21:49:40 - [MESSAGE][PASSED] - Text 'Austria' is set on object 'Object Repository/AdminSuiteBootstrap_Pages/VT_Bootstrap/SaleKeyboard/input_userDefined4'

2024-07-12 21:49:41 - [MESSAGE][PASSED] - All options with label 'Orange' are selected in object 'Object Repository/AdminSuiteBootstrap_Pages/VT_Bootstrap/SaleKeyboard/select_UDF5_DropDown'  using regular expression

2024-07-12 21:49:42 - [MESSAGE][PASSED] - All options with label 'Yellow' are selected in object 'Object Repository/AdminSuiteBootstrap_Pages/VT_Bootstrap/SaleKeyboard/select_UDF6_DropDown'  using regular expression

2024-07-12 21:49:43 - [MESSAGE][PASSED] - Text 'Norway' is set on object 'Object Repository/AdminSuiteBootstrap_Pages/VT_Bootstrap/SaleKeyboard/input_userDefined7'

2024-07-12 21:49:44 - [MESSAGE][PASSED] - Text 'Netherlands' is set on object 'Object Repository/AdminSuiteBootstrap_Pages/VT_Bootstrap/SaleKeyboard/input_userDefined8'

2024-07-12 21:49:45 - [MESSAGE][PASSED] - Text 'Switzerland' is set on object 'Object Repository/AdminSuiteBootstrap_Pages/VT_Bootstrap/SaleKeyboard/input_userDefined9'

2024-07-12 21:49:45 - [MESSAGE][PASSED] - Text 'France' is set on object 'Object Repository/AdminSuiteBootstrap_Pages/VT_Bootstrap/SaleKeyboard/input_userDefined10'

2024-07-12 21:49:47 - [MESSAGE][PASSED] - Object: 'Object Repository/AdminSuiteBootstrap_Pages/VT_Bootstrap/SaleKeyboard/button_Submit' is clicked on

2024-07-12 21:49:47 - [MESSAGE][PASSED] - adminSuiteBootstrap.virtualTerminalSetData.saleKeyboard_DataDriven is PASSED

2024-07-12 21:49:47 - [TEST_STEP][PASSED] - verifyTextPresent("Transaction Successful", true): Text 'Transaction Successful' is present on page  using regular expression

2024-07-12 21:49:47 - [MESSAGE][PASSED] - Text 'Transaction Successful' is present on page  using regular expression

2024-07-12 21:49:47 - [TEST_STEP][PASSED] - verifyElementVisible(findTestObject("Object Repository/AdminSuiteBootstrap_Pages/VT_Bootstrap/Receipt/button_Continue")): Object 'Object Repository/AdminSuiteBootstrap_Pages/VT_Bootstrap/Receipt/button_Continue' is visible

2024-07-12 21:49:48 - [MESSAGE][PASSED] - Object 'Object Repository/AdminSuiteBootstrap_Pages/VT_Bootstrap/Receipt/button_Continue' is visible

2024-07-12 21:49:48 - [TEST_STEP][PASSED] - verifyElementPresent(findTestObject("Object Repository/AdminSuiteBootstrap_Pages/VT_Bootstrap/Receipt/button_Continue"), 20): Object 'Object Repository/AdminSuiteBootstrap_Pages/VT_Bootstrap/Receipt/button_Continue' is present

2024-07-12 21:49:48 - [MESSAGE][PASSED] - Object 'Object Repository/AdminSuiteBootstrap_Pages/VT_Bootstrap/Receipt/button_Continue' is present

2024-07-12 21:49:48 - [TEST_STEP][PASSED] - verifyElementVisible(findTestObject("Object Repository/AdminSuiteBootstrap_Pages/VT_Bootstrap/Receipt/button_Print")): Object 'Object Repository/AdminSuiteBootstrap_Pages/VT_Bootstrap/Receipt/button_Print' is visible

2024-07-12 21:49:48 - [MESSAGE][PASSED] - Object 'Object Repository/AdminSuiteBootstrap_Pages/VT_Bootstrap/Receipt/button_Print' is visible

2024-07-12 21:49:48 - [TEST_STEP][PASSED] - verifyElementPresent(findTestObject("Object Repository/AdminSuiteBootstrap_Pages/VT_Bootstrap/Receipt/button_Print"), 20): Object 'Object Repository/AdminSuiteBootstrap_Pages/VT_Bootstrap/Receipt/button_Print' is present

2024-07-12 21:49:49 - [MESSAGE][PASSED] - Object 'Object Repository/AdminSuiteBootstrap_Pages/VT_Bootstrap/Receipt/button_Print' is present

2024-07-12 21:49:49 - [TEST_STEP][PASSED] - verifyTextPresent("Remittance ID", true): Text 'Remittance ID' is present on page  using regular expression

2024-07-12 21:49:49 - [MESSAGE][PASSED] - Text 'Remittance ID' is present on page  using regular expression

2024-07-12 21:49:49 - [TEST_STEP][PASSED] - verifyTextPresent("Received", true): Text 'Received' is present on page  using regular expression

2024-07-12 21:49:49 - [MESSAGE][PASSED] - Text 'Received' is present on page  using regular expression

2024-07-12 21:49:49 - [TEST_STEP][PASSED] - verifyTextPresent("UDF1", true): Text 'UDF1' is present on page  using regular expression

2024-07-12 21:49:50 - [MESSAGE][PASSED] - Text 'UDF1' is present on page  using regular expression

2024-07-12 21:49:50 - [TEST_STEP][PASSED] - verifyTextPresent("UDF2", true): Text 'UDF2' is present on page  using regular expression

2024-07-12 21:49:50 - [MESSAGE][PASSED] - Text 'UDF2' is present on page  using regular expression

2024-07-12 21:49:50 - [TEST_STEP][PASSED] - verifyTextPresent("UDF3", true): Text 'UDF3' is present on page  using regular expression

2024-07-12 21:49:50 - [MESSAGE][PASSED] - Text 'UDF3' is present on page  using regular expression

2024-07-12 21:49:50 - [TEST_STEP][PASSED] - verifyTextPresent("UDF4", true): Text 'UDF4' is present on page  using regular expression

2024-07-12 21:49:51 - [MESSAGE][PASSED] - Text 'UDF4' is present on page  using regular expression

2024-07-12 21:49:51 - [TEST_STEP][PASSED] - verifyTextPresent("UDF5", true): Text 'UDF5' is present on page  using regular expression

2024-07-12 21:49:51 - [MESSAGE][PASSED] - Text 'UDF5' is present on page  using regular expression

2024-07-12 21:49:51 - [TEST_STEP][PASSED] - verifyTextPresent("UDF6", true): Text 'UDF6' is present on page  using regular expression

2024-07-12 21:49:51 - [MESSAGE][PASSED] - Text 'UDF6' is present on page  using regular expression

2024-07-12 21:49:51 - [TEST_STEP][PASSED] - verifyTextPresent("UDF7", true): Text 'UDF7' is present on page  using regular expression

2024-07-12 21:49:52 - [MESSAGE][PASSED] - Text 'UDF7' is present on page  using regular expression

2024-07-12 21:49:52 - [TEST_STEP][PASSED] - verifyTextPresent("UDF8", true): Text 'UDF8' is present on page  using regular expression

2024-07-12 21:49:52 - [MESSAGE][PASSED] - Text 'UDF8' is present on page  using regular expression

2024-07-12 21:49:52 - [TEST_STEP][PASSED] - verifyTextPresent("UDF9", true): Text 'UDF9' is present on page  using regular expression

2024-07-12 21:49:52 - [MESSAGE][PASSED] - Text 'UDF9' is present on page  using regular expression

2024-07-12 21:49:52 - [TEST_STEP][PASSED] - verifyTextPresent("UDF 10", true): Text 'UDF 10' is present on page  using regular expression

2024-07-12 21:49:53 - [MESSAGE][PASSED] - Text 'UDF 10' is present on page  using regular expression

2024-07-12 21:49:53 - [TEST_STEP][PASSED] - verifyTextPresent("Australia", true): Text 'Australia' is present on page  using regular expression

2024-07-12 21:49:53 - [MESSAGE][PASSED] - Text 'Australia' is present on page  using regular expression

2024-07-12 21:49:53 - [TEST_STEP][PASSED] - verifyTextPresent("Denmark", true): Text 'Denmark' is present on page  using regular expression

2024-07-12 21:49:53 - [MESSAGE][PASSED] - Text 'Denmark' is present on page  using regular expression

2024-07-12 21:49:53 - [TEST_STEP][PASSED] - verifyTextPresent("Sweden", true): Text 'Sweden' is present on page  using regular expression

2024-07-12 21:49:54 - [MESSAGE][PASSED] - Text 'Sweden' is present on page  using regular expression

2024-07-12 21:49:54 - [TEST_STEP][PASSED] - verifyTextPresent("Austria", true): Text 'Austria' is present on page  using regular expression

2024-07-12 21:49:54 - [MESSAGE][PASSED] - Text 'Austria' is present on page  using regular expression

2024-07-12 21:49:54 - [TEST_STEP][PASSED] - verifyTextPresent("Orange Recorded", true): Text 'Orange Recorded' is present on page  using regular expression

2024-07-12 21:49:54 - [MESSAGE][PASSED] - Text 'Orange Recorded' is present on page  using regular expression

2024-07-12 21:49:54 - [TEST_STEP][PASSED] - verifyTextPresent("Yellow Recorded", true): Text 'Yellow Recorded' is present on page  using regular expression

2024-07-12 21:49:55 - [MESSAGE][PASSED] - Text 'Yellow Recorded' is present on page  using regular expression

2024-07-12 21:49:55 - [TEST_STEP][PASSED] - verifyTextPresent("Norway", true): Text 'Norway' is present on page  using regular expression

2024-07-12 21:49:55 - [MESSAGE][PASSED] - Text 'Norway' is present on page  using regular expression

2024-07-12 21:49:55 - [TEST_STEP][PASSED] - verifyTextPresent("Netherlands", true): Text 'Netherlands' is present on page  using regular expression

2024-07-12 21:49:55 - [MESSAGE][PASSED] - Text 'Netherlands' is present on page  using regular expression

2024-07-12 21:49:55 - [TEST_STEP][PASSED] - verifyTextPresent("Switzerland", true): Text 'Switzerland' is present on page  using regular expression

2024-07-12 21:49:56 - [MESSAGE][PASSED] - Text 'Switzerland' is present on page  using regular expression

2024-07-12 21:49:56 - [TEST_STEP][PASSED] - verifyTextPresent("France", true): Text 'France' is present on page  using regular expression

2024-07-12 21:49:56 - [MESSAGE][PASSED] - Text 'France' is present on page  using regular expression

2024-07-12 21:49:56 - [TEST_STEP][PASSED] - verifyTextPresent("Amount", true): Text 'Amount' is present on page  using regular expression

2024-07-12 21:49:56 - [MESSAGE][PASSED] - Text 'Amount' is present on page  using regular expression

2024-07-12 21:49:56 - [TEST_STEP][PASSED] - verifyTextPresent("Total Amount", true): Text 'Total Amount' is present on page  using regular expression

2024-07-12 21:49:56 - [MESSAGE][PASSED] - Text 'Total Amount' is present on page  using regular expression

2024-07-12 21:49:56 - [TEST_STEP][PASSED] - verifyTextPresent("Transaction Type", true): Text 'Transaction Type' is present on page  using regular expression

2024-07-12 21:49:57 - [MESSAGE][PASSED] - Text 'Transaction Type' is present on page  using regular expression

2024-07-12 21:49:57 - [TEST_STEP][PASSED] - verifyTextPresent("10.50", true): Text '10.50' is present on page  using regular expression

2024-07-12 21:49:57 - [MESSAGE][PASSED] - Text '10.50' is present on page  using regular expression

2024-07-12 21:49:57 - [TEST_STEP][PASSED] - verifyTextPresent("Authorization and Capture", true): Text 'Authorization and Capture' is present on page  using regular expression

2024-07-12 21:49:57 - [MESSAGE][PASSED] - Text 'Authorization and Capture' is present on page  using regular expression

2024-07-12 21:49:57 - [TEST_STEP][PASSED] - verifyTextPresent("Card Information", true): Text 'Card Information' is present on page  using regular expression

2024-07-12 21:49:58 - [MESSAGE][PASSED] - Text 'Card Information' is present on page  using regular expression

2024-07-12 21:49:58 - [TEST_STEP][PASSED] - cardNameV = findTestData(dataFile).getValue("CardNameV", row): null

2024-07-12 21:49:58 - [TEST_STEP][PASSED] - al1V = findTestData(dataFile).getValue("AL1", row): null

2024-07-12 21:49:58 - [TEST_STEP][PASSED] - al2V = findTestData(dataFile).getValue("AL2", row): null

2024-07-12 21:49:58 - [TEST_STEP][PASSED] - zipV = findTestData(dataFile).getValue("ZIP", row): null

2024-07-12 21:49:58 - [TEST_STEP][PASSED] - cardTypeV = findTestData(dataFile).getValue("CardType", row): null

2024-07-12 21:49:58 - [TEST_STEP][PASSED] - last4V = findTestData(dataFile).getValue("Last4", row): null

2024-07-12 21:49:58 - [TEST_STEP][PASSED] - verifyTextPresent(cardNameV, true): Text 'TULSI RAMAN' is present on page  using regular expression

2024-07-12 21:49:59 - [MESSAGE][PASSED] - Text 'TULSI RAMAN' is present on page  using regular expression

2024-07-12 21:49:59 - [TEST_STEP][PASSED] - verifyTextPresent("Address Line 1", true): Text 'Address Line 1' is present on page  using regular expression

2024-07-12 21:49:59 - [MESSAGE][PASSED] - Text 'Address Line 1' is present on page  using regular expression

2024-07-12 21:49:59 - [TEST_STEP][PASSED] - verifyTextPresent("Address Line 2", true): Text 'Address Line 2' is present on page  using regular expression

2024-07-12 21:49:59 - [MESSAGE][PASSED] - Text 'Address Line 2' is present on page  using regular expression

2024-07-12 21:49:59 - [TEST_STEP][PASSED] - verifyTextPresent("Country", true): Text 'Country' is present on page  using regular expression

2024-07-12 21:50:00 - [MESSAGE][PASSED] - Text 'Country' is present on page  using regular expression

2024-07-12 21:50:00 - [TEST_STEP][PASSED] - verifyTextPresent("City", true): Text 'City' is present on page  using regular expression

2024-07-12 21:50:00 - [MESSAGE][PASSED] - Text 'City' is present on page  using regular expression

2024-07-12 21:50:00 - [TEST_STEP][PASSED] - verifyTextPresent("State", true): Text 'State' is present on page  using regular expression

2024-07-12 21:50:00 - [MESSAGE][PASSED] - Text 'State' is present on page  using regular expression

2024-07-12 21:50:00 - [TEST_STEP][PASSED] - verifyTextPresent("ZIP Code", true): Text 'ZIP Code' is present on page  using regular expression

2024-07-12 21:50:01 - [MESSAGE][PASSED] - Text 'ZIP Code' is present on page  using regular expression

2024-07-12 21:50:01 - [TEST_STEP][PASSED] - verifyTextPresent(al1V, true): Text '36 Cornor Road' is present on page  using regular expression

2024-07-12 21:50:01 - [MESSAGE][PASSED] - Text '36 Cornor Road' is present on page  using regular expression

2024-07-12 21:50:01 - [TEST_STEP][PASSED] - verifyTextPresent(al2V, true): Text 'Suite 500' is present on page  using regular expression

2024-07-12 21:50:01 - [MESSAGE][PASSED] - Text 'Suite 500' is present on page  using regular expression

2024-07-12 21:50:01 - [TEST_STEP][PASSED] - verifyTextPresent("United States", true): Text 'United States' is present on page  using regular expression

2024-07-12 21:50:02 - [MESSAGE][PASSED] - Text 'United States' is present on page  using regular expression

2024-07-12 21:50:02 - [TEST_STEP][PASSED] - verifyTextPresent("ARLINGTON", true): Text 'ARLINGTON' is present on page  using regular expression

2024-07-12 21:50:02 - [MESSAGE][PASSED] - Text 'ARLINGTON' is present on page  using regular expression

2024-07-12 21:50:02 - [TEST_STEP][PASSED] - verifyTextPresent("Virginia", true): Text 'Virginia' is present on page  using regular expression

2024-07-12 21:50:02 - [MESSAGE][PASSED] - Text 'Virginia' is present on page  using regular expression

2024-07-12 21:50:02 - [TEST_STEP][PASSED] - verifyTextPresent(zipV, true): Text '22201' is present on page  using regular expression

2024-07-12 21:50:03 - [MESSAGE][PASSED] - Text '22201' is present on page  using regular expression

2024-07-12 21:50:03 - [TEST_STEP][PASSED] - verifyTextPresent(cardTypeV, true): Text 'Visa' is present on page  using regular expression

2024-07-12 21:50:03 - [MESSAGE][PASSED] - Text 'Visa' is present on page  using regular expression

2024-07-12 21:50:03 - [TEST_STEP][PASSED] - verifyTextPresent(last4V, true): Text '5439' is present on page  using regular expression

2024-07-12 21:50:03 - [MESSAGE][PASSED] - Text '5439' is present on page  using regular expression

2024-07-12 21:50:03 - [TEST_STEP][PASSED] - closeBrowser(): Browser is closed

2024-07-12 21:50:05 - [MESSAGE][PASSED] - Browser is closed

2024-07-12 21:50:05 - [TEST_STEP][PASSED] - ExecuteTC = findTestData(dataFile).getValue("Execute", row): null

2024-07-12 21:50:05 - [TEST_STEP][PASSED] - out.println("Value of Execute is : " + ExecuteTC): null

2024-07-12 21:50:05 - [TEST_STEP][PASSED] - switch (executionProfile): null

2024-07-12 21:50:05 - [TEST_STEP][PASSED] - case "QA2Profile":: null

2024-07-12 21:50:05 - [TEST_STEP][PASSED] - appName = findTestData(dataFile).getValue("AppNameQA", row): null

2024-07-12 21:50:05 - [TEST_STEP][PASSED] - appID = findTestData(dataFile).getValue("AppIDQA", row): null

2024-07-12 21:50:05 - [TEST_STEP][PASSED] - break: null

2024-07-12 21:50:05 - [TEST_STEP][PASSED] - hrefAppID = li_1 + appID + li_2: null

2024-07-12 21:50:05 - [TEST_STEP][PASSED] - hrefApp = li_1 + appID + "/": null

2024-07-12 21:50:05 - [TEST_STEP][PASSED] - println("hrefApp : " + hrefApp): null

2024-07-12 21:50:05 - [TEST_STEP][PASSED] - if (ExecuteTC.equalsIgnoreCase("Y")): Browser is closed

2024-07-12 21:50:05 - [TEST_STEP][PASSED] - out.println("Begin Record Number: " + row): null

2024-07-12 21:50:05 - [TEST_STEP][PASSED] - today = new java.util.Date(): null

2024-07-12 21:50:05 - [TEST_STEP][PASSED] - println(today): null

2024-07-12 21:50:05 - [TEST_STEP][PASSED] - datText = today: null

2024-07-12 21:50:05 - [TEST_STEP][PASSED] - adminSuiteBootstrap.loginFunctionality.login_AdminSuite(): adminSuiteBootstrap.loginFunctionality.login_AdminSuite is PASSED

2024-07-12 21:50:05 - [MESSAGE][INFO] - Starting 'Chrome' driver

2024-07-12 21:50:05 - [MESSAGE][INFO] - User set preference: ['acceptInsecureCerts', 'true']

2024-07-12 21:50:05 - [MESSAGE][INFO] - Action delay is set to 0 milliseconds

2024-07-12 21:50:08 - [MESSAGE][PASSED] - Browser is opened with url: 'https://qa2.velocitypayment.com/admin/imtiaz'

2024-07-12 21:50:08 - [MESSAGE][PASSED] - Current window maximized

2024-07-12 21:50:08 - [MESSAGE][PASSED] - Object 'Object Repository/Login_Page/Login_Username_Okta' is present

2024-07-12 21:50:09 - [MESSAGE][PASSED] - Text 'iahmed' is set on object 'Object Repository/Login_Page/Login_Username_Okta'

2024-07-12 21:50:10 - [MESSAGE][PASSED] - Text 'Hello!6666666' is set on object 'Object Repository/Login_Page/Login_Password_Okta'

2024-07-12 21:50:10 - [MESSAGE][PASSED] - Object: 'Object Repository/Login_Page/Login_Submit_Okta' is clicked on

2024-07-12 21:50:10 - [MESSAGE][PASSED] - adminSuiteBootstrap.loginFunctionality.login_AdminSuite is PASSED

2024-07-12 21:50:10 - [TEST_STEP][PASSED] - click(findTestObject(path_Dashboard + appName)): Object: 'Object Repository/AdminSuiteBootstrap_Pages/Dashboard_Bootstrap/a_Access AutoNoCFtp' is clicked on

2024-07-12 21:50:18 - [MESSAGE][PASSED] - Object: 'Object Repository/AdminSuiteBootstrap_Pages/Dashboard_Bootstrap/a_Access AutoNoCFtp' is clicked on

2024-07-12 21:50:18 - [TEST_STEP][PASSED] - click(findTestObject(path_VT + "button_Authorization  Capture (Sale)")): Object: 'Object Repository/AdminSuiteBootstrap_Pages/VT_Bootstrap/IssueTransactions/button_Authorization  Capture (Sale)' is clicked on

2024-07-12 21:50:19 - [MESSAGE][PASSED] - Object: 'Object Repository/AdminSuiteBootstrap_Pages/VT_Bootstrap/IssueTransactions/button_Authorization  Capture (Sale)' is clicked on

2024-07-12 21:50:19 - [TEST_STEP][PASSED] - saleKeyboardEntryLink = modifyObjectProperty(findTestObject(path_VT + "a_KeyboardEntry_Sale"), "href", "equals", hrefAppID, true): Modify property of object successfully

2024-07-12 21:50:19 - [MESSAGE][PASSED] - Modify property of object successfully

2024-07-12 21:50:19 - [TEST_STEP][PASSED] - click(saleKeyboardEntryLink): Object: 'Object Repository/AdminSuiteBootstrap_Pages/VT_Bootstrap/IssueTransactions/a_KeyboardEntry_Sale' is clicked on

2024-07-12 21:50:20 - [MESSAGE][PASSED] - Object: 'Object Repository/AdminSuiteBootstrap_Pages/VT_Bootstrap/IssueTransactions/a_KeyboardEntry_Sale' is clicked on

2024-07-12 21:50:20 - [TEST_STEP][PASSED] - adminSuiteBootstrap.virtualTerminalSetData.saleKeyboard_DataDriven(row, dataFile): adminSuiteBootstrap.virtualTerminalSetData.saleKeyboard_DataDriven is PASSED

2024-07-12 21:50:24 - [MESSAGE][PASSED] - Text 'Tulsi Raman' is set on object 'Object Repository/AdminSuiteBootstrap_Pages/VT_Bootstrap/SaleKeyboard/input_cardName'

2024-07-12 21:50:25 - [MESSAGE][PASSED] - All options with value 'RETL' are selected in object 'Object Repository/AdminSuiteBootstrap_Pages/VT_Bootstrap/SaleKeyboard/select_transactionCategory'  using regular expression

2024-07-12 21:50:25 - [MESSAGE][PASSED] - Execute JavaScript 'arguments[0].value ='5146312200000035' ' successfully

2024-07-12 21:50:25 - [MESSAGE][PASSED] - Execute JavaScript 'arguments[0].value ='123' ' successfully

2024-07-12 21:50:27 - [MESSAGE][PASSED] - All options with value '12' are selected in object 'Object Repository/AdminSuiteBootstrap_Pages/VT_Bootstrap/SaleKeyboard/select_MM'  using regular expression

2024-07-12 21:50:28 - [MESSAGE][PASSED] - All options with value '2025' are selected in object 'Object Repository/AdminSuiteBootstrap_Pages/VT_Bootstrap/SaleKeyboard/select_YYYY'  using regular expression

2024-07-12 21:50:29 - [MESSAGE][PASSED] - Text '1478 Jhatka Palace' is set on object 'Object Repository/AdminSuiteBootstrap_Pages/VT_Bootstrap/SaleKeyboard/input__address'

2024-07-12 21:50:29 - [MESSAGE][PASSED] - Text 'Suite 500' is set on object 'Object Repository/AdminSuiteBootstrap_Pages/VT_Bootstrap/SaleKeyboard/input__address2'

2024-07-12 21:50:30 - [MESSAGE][PASSED] - Text '22201' is set on object 'Object Repository/AdminSuiteBootstrap_Pages/VT_Bootstrap/SaleKeyboard/input__zip'

2024-07-12 21:50:31 - [MESSAGE][PASSED] - Text '' is set on object 'Object Repository/AdminSuiteBootstrap_Pages/VT_Bootstrap/SaleKeyboard/input_emailAddress'

2024-07-12 21:50:32 - [MESSAGE][PASSED] - Text '' is set on object 'Object Repository/AdminSuiteBootstrap_Pages/VT_Bootstrap/SaleKeyboard/input_smsNumber'

2024-07-12 21:50:33 - [MESSAGE][PASSED] - Text '10.50' is set on object 'Object Repository/AdminSuiteBootstrap_Pages/VT_Bootstrap/SaleKeyboard/input_amount'

2024-07-12 21:50:34 - [MESSAGE][PASSED] - Text 'Australia' is set on object 'Object Repository/AdminSuiteBootstrap_Pages/VT_Bootstrap/SaleKeyboard/input_userDefined1'

2024-07-12 21:50:34 - [MESSAGE][PASSED] - Text 'Denmark' is set on object 'Object Repository/AdminSuiteBootstrap_Pages/VT_Bootstrap/SaleKeyboard/input_userDefined2'

2024-07-12 21:50:35 - [MESSAGE][PASSED] - Text 'Sweden' is set on object 'Object Repository/AdminSuiteBootstrap_Pages/VT_Bootstrap/SaleKeyboard/input_userDefined3'

2024-07-12 21:50:36 - [MESSAGE][PASSED] - Text 'Austria' is set on object 'Object Repository/AdminSuiteBootstrap_Pages/VT_Bootstrap/SaleKeyboard/input_userDefined4'

2024-07-12 21:50:37 - [MESSAGE][PASSED] - All options with label 'Orange' are selected in object 'Object Repository/AdminSuiteBootstrap_Pages/VT_Bootstrap/SaleKeyboard/select_UDF5_DropDown'  using regular expression

2024-07-12 21:50:38 - [MESSAGE][PASSED] - All options with label 'Yellow' are selected in object 'Object Repository/AdminSuiteBootstrap_Pages/VT_Bootstrap/SaleKeyboard/select_UDF6_DropDown'  using regular expression

2024-07-12 21:50:39 - [MESSAGE][PASSED] - Text 'Norway' is set on object 'Object Repository/AdminSuiteBootstrap_Pages/VT_Bootstrap/SaleKeyboard/input_userDefined7'

2024-07-12 21:50:39 - [MESSAGE][PASSED] - Text 'Netherlands' is set on object 'Object Repository/AdminSuiteBootstrap_Pages/VT_Bootstrap/SaleKeyboard/input_userDefined8'

2024-07-12 21:50:40 - [MESSAGE][PASSED] - Text 'Switzerland' is set on object 'Object Repository/AdminSuiteBootstrap_Pages/VT_Bootstrap/SaleKeyboard/input_userDefined9'

2024-07-12 21:50:41 - [MESSAGE][PASSED] - Text 'France' is set on object 'Object Repository/AdminSuiteBootstrap_Pages/VT_Bootstrap/SaleKeyboard/input_userDefined10'

2024-07-12 21:50:42 - [MESSAGE][PASSED] - Object: 'Object Repository/AdminSuiteBootstrap_Pages/VT_Bootstrap/SaleKeyboard/button_Submit' is clicked on

2024-07-12 21:50:42 - [MESSAGE][PASSED] - adminSuiteBootstrap.virtualTerminalSetData.saleKeyboard_DataDriven is PASSED

2024-07-12 21:50:42 - [TEST_STEP][PASSED] - verifyTextPresent("Transaction Successful", true): Text 'Transaction Successful' is present on page  using regular expression

2024-07-12 21:50:43 - [MESSAGE][PASSED] - Text 'Transaction Successful' is present on page  using regular expression

2024-07-12 21:50:43 - [TEST_STEP][PASSED] - verifyElementVisible(findTestObject("Object Repository/AdminSuiteBootstrap_Pages/VT_Bootstrap/Receipt/button_Continue")): Object 'Object Repository/AdminSuiteBootstrap_Pages/VT_Bootstrap/Receipt/button_Continue' is visible

2024-07-12 21:50:43 - [MESSAGE][PASSED] - Object 'Object Repository/AdminSuiteBootstrap_Pages/VT_Bootstrap/Receipt/button_Continue' is visible

2024-07-12 21:50:43 - [TEST_STEP][PASSED] - verifyElementPresent(findTestObject("Object Repository/AdminSuiteBootstrap_Pages/VT_Bootstrap/Receipt/button_Continue"), 20): Object 'Object Repository/AdminSuiteBootstrap_Pages/VT_Bootstrap/Receipt/button_Continue' is present

2024-07-12 21:50:44 - [MESSAGE][PASSED] - Object 'Object Repository/AdminSuiteBootstrap_Pages/VT_Bootstrap/Receipt/button_Continue' is present

2024-07-12 21:50:44 - [TEST_STEP][PASSED] - verifyElementVisible(findTestObject("Object Repository/AdminSuiteBootstrap_Pages/VT_Bootstrap/Receipt/button_Print")): Object 'Object Repository/AdminSuiteBootstrap_Pages/VT_Bootstrap/Receipt/button_Print' is visible

2024-07-12 21:50:44 - [MESSAGE][PASSED] - Object 'Object Repository/AdminSuiteBootstrap_Pages/VT_Bootstrap/Receipt/button_Print' is visible

2024-07-12 21:50:44 - [TEST_STEP][PASSED] - verifyElementPresent(findTestObject("Object Repository/AdminSuiteBootstrap_Pages/VT_Bootstrap/Receipt/button_Print"), 20): Object 'Object Repository/AdminSuiteBootstrap_Pages/VT_Bootstrap/Receipt/button_Print' is present

2024-07-12 21:50:44 - [MESSAGE][PASSED] - Object 'Object Repository/AdminSuiteBootstrap_Pages/VT_Bootstrap/Receipt/button_Print' is present

2024-07-12 21:50:44 - [TEST_STEP][PASSED] - verifyTextPresent("Remittance ID", true): Text 'Remittance ID' is present on page  using regular expression

2024-07-12 21:50:45 - [MESSAGE][PASSED] - Text 'Remittance ID' is present on page  using regular expression

2024-07-12 21:50:45 - [TEST_STEP][PASSED] - verifyTextPresent("Received", true): Text 'Received' is present on page  using regular expression

2024-07-12 21:50:45 - [MESSAGE][PASSED] - Text 'Received' is present on page  using regular expression

2024-07-12 21:50:45 - [TEST_STEP][PASSED] - verifyTextPresent("UDF1", true): Text 'UDF1' is present on page  using regular expression

2024-07-12 21:50:45 - [MESSAGE][PASSED] - Text 'UDF1' is present on page  using regular expression

2024-07-12 21:50:45 - [TEST_STEP][PASSED] - verifyTextPresent("UDF2", true): Text 'UDF2' is present on page  using regular expression

2024-07-12 21:50:46 - [MESSAGE][PASSED] - Text 'UDF2' is present on page  using regular expression

2024-07-12 21:50:46 - [TEST_STEP][PASSED] - verifyTextPresent("UDF3", true): Text 'UDF3' is present on page  using regular expression

2024-07-12 21:50:46 - [MESSAGE][PASSED] - Text 'UDF3' is present on page  using regular expression

2024-07-12 21:50:46 - [TEST_STEP][PASSED] - verifyTextPresent("UDF4", true): Text 'UDF4' is present on page  using regular expression

2024-07-12 21:50:46 - [MESSAGE][PASSED] - Text 'UDF4' is present on page  using regular expression

2024-07-12 21:50:46 - [TEST_STEP][PASSED] - verifyTextPresent("UDF5", true): Text 'UDF5' is present on page  using regular expression

2024-07-12 21:50:47 - [MESSAGE][PASSED] - Text 'UDF5' is present on page  using regular expression

2024-07-12 21:50:47 - [TEST_STEP][PASSED] - verifyTextPresent("UDF6", true): Text 'UDF6' is present on page  using regular expression

2024-07-12 21:50:47 - [MESSAGE][PASSED] - Text 'UDF6' is present on page  using regular expression

2024-07-12 21:50:47 - [TEST_STEP][PASSED] - verifyTextPresent("UDF7", true): Text 'UDF7' is present on page  using regular expression

2024-07-12 21:50:47 - [MESSAGE][PASSED] - Text 'UDF7' is present on page  using regular expression

2024-07-12 21:50:47 - [TEST_STEP][PASSED] - verifyTextPresent("UDF8", true): Text 'UDF8' is present on page  using regular expression

2024-07-12 21:50:48 - [MESSAGE][PASSED] - Text 'UDF8' is present on page  using regular expression

2024-07-12 21:50:48 - [TEST_STEP][PASSED] - verifyTextPresent("UDF9", true): Text 'UDF9' is present on page  using regular expression

2024-07-12 21:50:48 - [MESSAGE][PASSED] - Text 'UDF9' is present on page  using regular expression

2024-07-12 21:50:48 - [TEST_STEP][PASSED] - verifyTextPresent("UDF 10", true): Text 'UDF 10' is present on page  using regular expression

2024-07-12 21:50:48 - [MESSAGE][PASSED] - Text 'UDF 10' is present on page  using regular expression

2024-07-12 21:50:48 - [TEST_STEP][PASSED] - verifyTextPresent("Australia", true): Text 'Australia' is present on page  using regular expression

2024-07-12 21:50:49 - [MESSAGE][PASSED] - Text 'Australia' is present on page  using regular expression

2024-07-12 21:50:49 - [TEST_STEP][PASSED] - verifyTextPresent("Denmark", true): Text 'Denmark' is present on page  using regular expression

2024-07-12 21:50:49 - [MESSAGE][PASSED] - Text 'Denmark' is present on page  using regular expression

2024-07-12 21:50:49 - [TEST_STEP][PASSED] - verifyTextPresent("Sweden", true): Text 'Sweden' is present on page  using regular expression

2024-07-12 21:50:49 - [MESSAGE][PASSED] - Text 'Sweden' is present on page  using regular expression

2024-07-12 21:50:49 - [TEST_STEP][PASSED] - verifyTextPresent("Austria", true): Text 'Austria' is present on page  using regular expression

2024-07-12 21:50:50 - [MESSAGE][PASSED] - Text 'Austria' is present on page  using regular expression

2024-07-12 21:50:50 - [TEST_STEP][PASSED] - verifyTextPresent("Orange Recorded", true): Text 'Orange Recorded' is present on page  using regular expression

2024-07-12 21:50:50 - [MESSAGE][PASSED] - Text 'Orange Recorded' is present on page  using regular expression

2024-07-12 21:50:50 - [TEST_STEP][PASSED] - verifyTextPresent("Yellow Recorded", true): Text 'Yellow Recorded' is present on page  using regular expression

2024-07-12 21:50:50 - [MESSAGE][PASSED] - Text 'Yellow Recorded' is present on page  using regular expression

2024-07-12 21:50:50 - [TEST_STEP][PASSED] - verifyTextPresent("Norway", true): Text 'Norway' is present on page  using regular expression

2024-07-12 21:50:51 - [MESSAGE][PASSED] - Text 'Norway' is present on page  using regular expression

2024-07-12 21:50:51 - [TEST_STEP][PASSED] - verifyTextPresent("Netherlands", true): Text 'Netherlands' is present on page  using regular expression

2024-07-12 21:50:51 - [MESSAGE][PASSED] - Text 'Netherlands' is present on page  using regular expression

2024-07-12 21:50:51 - [TEST_STEP][PASSED] - verifyTextPresent("Switzerland", true): Text 'Switzerland' is present on page  using regular expression

2024-07-12 21:50:51 - [MESSAGE][PASSED] - Text 'Switzerland' is present on page  using regular expression

2024-07-12 21:50:51 - [TEST_STEP][PASSED] - verifyTextPresent("France", true): Text 'France' is present on page  using regular expression

2024-07-12 21:50:52 - [MESSAGE][PASSED] - Text 'France' is present on page  using regular expression

2024-07-12 21:50:52 - [TEST_STEP][PASSED] - verifyTextPresent("Amount", true): Text 'Amount' is present on page  using regular expression

2024-07-12 21:50:52 - [MESSAGE][PASSED] - Text 'Amount' is present on page  using regular expression

2024-07-12 21:50:52 - [TEST_STEP][PASSED] - verifyTextPresent("Total Amount", true): Text 'Total Amount' is present on page  using regular expression

2024-07-12 21:50:52 - [MESSAGE][PASSED] - Text 'Total Amount' is present on page  using regular expression

2024-07-12 21:50:52 - [TEST_STEP][PASSED] - verifyTextPresent("Transaction Type", true): Text 'Transaction Type' is present on page  using regular expression

2024-07-12 21:50:53 - [MESSAGE][PASSED] - Text 'Transaction Type' is present on page  using regular expression

2024-07-12 21:50:53 - [TEST_STEP][PASSED] - verifyTextPresent("10.50", true): Text '10.50' is present on page  using regular expression

2024-07-12 21:50:53 - [MESSAGE][PASSED] - Text '10.50' is present on page  using regular expression

2024-07-12 21:50:53 - [TEST_STEP][PASSED] - verifyTextPresent("Authorization and Capture", true): Text 'Authorization and Capture' is present on page  using regular expression

2024-07-12 21:50:53 - [MESSAGE][PASSED] - Text 'Authorization and Capture' is present on page  using regular expression

2024-07-12 21:50:53 - [TEST_STEP][PASSED] - verifyTextPresent("Card Information", true): Text 'Card Information' is present on page  using regular expression

2024-07-12 21:50:54 - [MESSAGE][PASSED] - Text 'Card Information' is present on page  using regular expression

2024-07-12 21:50:54 - [TEST_STEP][PASSED] - cardNameV = findTestData(dataFile).getValue("CardNameV", row): null

2024-07-12 21:50:54 - [TEST_STEP][PASSED] - al1V = findTestData(dataFile).getValue("AL1", row): null

2024-07-12 21:50:54 - [TEST_STEP][PASSED] - al2V = findTestData(dataFile).getValue("AL2", row): null

2024-07-12 21:50:54 - [TEST_STEP][PASSED] - zipV = findTestData(dataFile).getValue("ZIP", row): null

2024-07-12 21:50:54 - [TEST_STEP][PASSED] - cardTypeV = findTestData(dataFile).getValue("CardType", row): null

2024-07-12 21:50:54 - [TEST_STEP][PASSED] - last4V = findTestData(dataFile).getValue("Last4", row): null

2024-07-12 21:50:54 - [TEST_STEP][PASSED] - verifyTextPresent(cardNameV, true): Text 'TULSI RAMAN' is present on page  using regular expression

2024-07-12 21:50:55 - [MESSAGE][PASSED] - Text 'TULSI RAMAN' is present on page  using regular expression

2024-07-12 21:50:55 - [TEST_STEP][PASSED] - verifyTextPresent("Address Line 1", true): Text 'Address Line 1' is present on page  using regular expression

2024-07-12 21:50:55 - [MESSAGE][PASSED] - Text 'Address Line 1' is present on page  using regular expression

2024-07-12 21:50:55 - [TEST_STEP][PASSED] - verifyTextPresent("Address Line 2", true): Text 'Address Line 2' is present on page  using regular expression

2024-07-12 21:50:55 - [MESSAGE][PASSED] - Text 'Address Line 2' is present on page  using regular expression

2024-07-12 21:50:55 - [TEST_STEP][PASSED] - verifyTextPresent("Country", true): Text 'Country' is present on page  using regular expression

2024-07-12 21:50:56 - [MESSAGE][PASSED] - Text 'Country' is present on page  using regular expression

2024-07-12 21:50:56 - [TEST_STEP][PASSED] - verifyTextPresent("City", true): Text 'City' is present on page  using regular expression

2024-07-12 21:50:56 - [MESSAGE][PASSED] - Text 'City' is present on page  using regular expression

2024-07-12 21:50:56 - [TEST_STEP][PASSED] - verifyTextPresent("State", true): Text 'State' is present on page  using regular expression

2024-07-12 21:50:56 - [MESSAGE][PASSED] - Text 'State' is present on page  using regular expression

2024-07-12 21:50:56 - [TEST_STEP][PASSED] - verifyTextPresent("ZIP Code", true): Text 'ZIP Code' is present on page  using regular expression

2024-07-12 21:50:57 - [MESSAGE][PASSED] - Text 'ZIP Code' is present on page  using regular expression

2024-07-12 21:50:57 - [TEST_STEP][PASSED] - verifyTextPresent(al1V, true): Text '1478 Jhatka Palace' is present on page  using regular expression

2024-07-12 21:50:57 - [MESSAGE][PASSED] - Text '1478 Jhatka Palace' is present on page  using regular expression

2024-07-12 21:50:57 - [TEST_STEP][PASSED] - verifyTextPresent(al2V, true): Text 'Suite 500' is present on page  using regular expression

2024-07-12 21:50:57 - [MESSAGE][PASSED] - Text 'Suite 500' is present on page  using regular expression

2024-07-12 21:50:57 - [TEST_STEP][PASSED] - verifyTextPresent("United States", true): Text 'United States' is present on page  using regular expression

2024-07-12 21:50:58 - [MESSAGE][PASSED] - Text 'United States' is present on page  using regular expression

2024-07-12 21:50:58 - [TEST_STEP][PASSED] - verifyTextPresent("ARLINGTON", true): Text 'ARLINGTON' is present on page  using regular expression

2024-07-12 21:50:58 - [MESSAGE][PASSED] - Text 'ARLINGTON' is present on page  using regular expression

2024-07-12 21:50:58 - [TEST_STEP][PASSED] - verifyTextPresent("Virginia", true): Text 'Virginia' is present on page  using regular expression

2024-07-12 21:50:58 - [MESSAGE][PASSED] - Text 'Virginia' is present on page  using regular expression

2024-07-12 21:50:58 - [TEST_STEP][PASSED] - verifyTextPresent(zipV, true): Text '22201' is present on page  using regular expression

2024-07-12 21:50:59 - [MESSAGE][PASSED] - Text '22201' is present on page  using regular expression

2024-07-12 21:50:59 - [TEST_STEP][PASSED] - verifyTextPresent(cardTypeV, true): Text 'MasterCard' is present on page  using regular expression

2024-07-12 21:50:59 - [MESSAGE][PASSED] - Text 'MasterCard' is present on page  using regular expression

2024-07-12 21:50:59 - [TEST_STEP][PASSED] - verifyTextPresent(last4V, true): Text '0035' is present on page  using regular expression

2024-07-12 21:50:59 - [MESSAGE][PASSED] - Text '0035' is present on page  using regular expression

2024-07-12 21:50:59 - [TEST_STEP][PASSED] - closeBrowser(): Browser is closed

2024-07-12 21:51:01 - [MESSAGE][PASSED] - Browser is closed

2024-07-12 21:51:01 - [TEST_STEP][PASSED] - ExecuteTC = findTestData(dataFile).getValue("Execute", row): null

2024-07-12 21:51:01 - [TEST_STEP][PASSED] - out.println("Value of Execute is : " + ExecuteTC): null

2024-07-12 21:51:01 - [TEST_STEP][PASSED] - switch (executionProfile): null

2024-07-12 21:51:01 - [TEST_STEP][PASSED] - case "QA2Profile":: null

2024-07-12 21:51:01 - [TEST_STEP][PASSED] - appName = findTestData(dataFile).getValue("AppNameQA", row): null

2024-07-12 21:51:01 - [TEST_STEP][PASSED] - appID = findTestData(dataFile).getValue("AppIDQA", row): null

2024-07-12 21:51:01 - [TEST_STEP][PASSED] - break: null

2024-07-12 21:51:01 - [TEST_STEP][PASSED] - hrefAppID = li_1 + appID + li_2: null

2024-07-12 21:51:01 - [TEST_STEP][PASSED] - hrefApp = li_1 + appID + "/": null

2024-07-12 21:51:01 - [TEST_STEP][PASSED] - println("hrefApp : " + hrefApp): null

2024-07-12 21:51:01 - [TEST_STEP][PASSED] - if (ExecuteTC.equalsIgnoreCase("Y")): Browser is closed

2024-07-12 21:51:01 - [TEST_STEP][PASSED] - out.println("Begin Record Number: " + row): null

2024-07-12 21:51:01 - [TEST_STEP][PASSED] - today = new java.util.Date(): null

2024-07-12 21:51:01 - [TEST_STEP][PASSED] - println(today): null

2024-07-12 21:51:01 - [TEST_STEP][PASSED] - datText = today: null

2024-07-12 21:51:01 - [TEST_STEP][PASSED] - adminSuiteBootstrap.loginFunctionality.login_AdminSuite(): adminSuiteBootstrap.loginFunctionality.login_AdminSuite is PASSED

2024-07-12 21:51:01 - [MESSAGE][INFO] - Starting 'Chrome' driver

2024-07-12 21:51:01 - [MESSAGE][INFO] - User set preference: ['acceptInsecureCerts', 'true']

2024-07-12 21:51:01 - [MESSAGE][INFO] - Action delay is set to 0 milliseconds

2024-07-12 21:51:04 - [MESSAGE][PASSED] - Browser is opened with url: 'https://qa2.velocitypayment.com/admin/imtiaz'

2024-07-12 21:51:04 - [MESSAGE][PASSED] - Current window maximized

2024-07-12 21:51:04 - [MESSAGE][PASSED] - Object 'Object Repository/Login_Page/Login_Username_Okta' is present

2024-07-12 21:51:05 - [MESSAGE][PASSED] - Text 'iahmed' is set on object 'Object Repository/Login_Page/Login_Username_Okta'

2024-07-12 21:51:06 - [MESSAGE][PASSED] - Text 'Hello!6666666' is set on object 'Object Repository/Login_Page/Login_Password_Okta'

2024-07-12 21:51:07 - [MESSAGE][PASSED] - Object: 'Object Repository/Login_Page/Login_Submit_Okta' is clicked on

2024-07-12 21:51:07 - [MESSAGE][PASSED] - adminSuiteBootstrap.loginFunctionality.login_AdminSuite is PASSED

2024-07-12 21:51:07 - [TEST_STEP][PASSED] - click(findTestObject(path_Dashboard + appName)): Object: 'Object Repository/AdminSuiteBootstrap_Pages/Dashboard_Bootstrap/a_Access AutoNoCFtp' is clicked on

2024-07-12 21:51:15 - [MESSAGE][PASSED] - Object: 'Object Repository/AdminSuiteBootstrap_Pages/Dashboard_Bootstrap/a_Access AutoNoCFtp' is clicked on

2024-07-12 21:51:15 - [TEST_STEP][PASSED] - click(findTestObject(path_VT + "button_Authorization  Capture (Sale)")): Object: 'Object Repository/AdminSuiteBootstrap_Pages/VT_Bootstrap/IssueTransactions/button_Authorization  Capture (Sale)' is clicked on

2024-07-12 21:51:15 - [MESSAGE][PASSED] - Object: 'Object Repository/AdminSuiteBootstrap_Pages/VT_Bootstrap/IssueTransactions/button_Authorization  Capture (Sale)' is clicked on

2024-07-12 21:51:15 - [TEST_STEP][PASSED] - saleKeyboardEntryLink = modifyObjectProperty(findTestObject(path_VT + "a_KeyboardEntry_Sale"), "href", "equals", hrefAppID, true): Modify property of object successfully

2024-07-12 21:51:15 - [MESSAGE][PASSED] - Modify property of object successfully

2024-07-12 21:51:15 - [TEST_STEP][PASSED] - click(saleKeyboardEntryLink): Object: 'Object Repository/AdminSuiteBootstrap_Pages/VT_Bootstrap/IssueTransactions/a_KeyboardEntry_Sale' is clicked on

2024-07-12 21:51:16 - [MESSAGE][PASSED] - Object: 'Object Repository/AdminSuiteBootstrap_Pages/VT_Bootstrap/IssueTransactions/a_KeyboardEntry_Sale' is clicked on

2024-07-12 21:51:16 - [TEST_STEP][PASSED] - adminSuiteBootstrap.virtualTerminalSetData.saleKeyboard_DataDriven(row, dataFile): adminSuiteBootstrap.virtualTerminalSetData.saleKeyboard_DataDriven is PASSED

2024-07-12 21:51:20 - [MESSAGE][PASSED] - Text 'Tulsi Raman' is set on object 'Object Repository/AdminSuiteBootstrap_Pages/VT_Bootstrap/SaleKeyboard/input_cardName'

2024-07-12 21:51:21 - [MESSAGE][PASSED] - All options with value 'RETL' are selected in object 'Object Repository/AdminSuiteBootstrap_Pages/VT_Bootstrap/SaleKeyboard/select_transactionCategory'  using regular expression

2024-07-12 21:51:21 - [MESSAGE][PASSED] - Execute JavaScript 'arguments[0].value ='371449635392376' ' successfully

2024-07-12 21:51:21 - [MESSAGE][PASSED] - Execute JavaScript 'arguments[0].value ='123' ' successfully

2024-07-12 21:51:23 - [MESSAGE][PASSED] - All options with value '12' are selected in object 'Object Repository/AdminSuiteBootstrap_Pages/VT_Bootstrap/SaleKeyboard/select_MM'  using regular expression

2024-07-12 21:51:24 - [MESSAGE][PASSED] - All options with value '2025' are selected in object 'Object Repository/AdminSuiteBootstrap_Pages/VT_Bootstrap/SaleKeyboard/select_YYYY'  using regular expression

2024-07-12 21:51:24 - [MESSAGE][PASSED] - Text '550 Swan Lake' is set on object 'Object Repository/AdminSuiteBootstrap_Pages/VT_Bootstrap/SaleKeyboard/input__address'

2024-07-12 21:51:25 - [MESSAGE][PASSED] - Text 'Suite 500' is set on object 'Object Repository/AdminSuiteBootstrap_Pages/VT_Bootstrap/SaleKeyboard/input__address2'

2024-07-12 21:51:26 - [MESSAGE][PASSED] - Text '22201' is set on object 'Object Repository/AdminSuiteBootstrap_Pages/VT_Bootstrap/SaleKeyboard/input__zip'

2024-07-12 21:51:26 - [MESSAGE][PASSED] - Text '' is set on object 'Object Repository/AdminSuiteBootstrap_Pages/VT_Bootstrap/SaleKeyboard/input_emailAddress'

2024-07-12 21:51:28 - [MESSAGE][PASSED] - Text '' is set on object 'Object Repository/AdminSuiteBootstrap_Pages/VT_Bootstrap/SaleKeyboard/input_smsNumber'

2024-07-12 21:51:28 - [MESSAGE][PASSED] - Text '10.50' is set on object 'Object Repository/AdminSuiteBootstrap_Pages/VT_Bootstrap/SaleKeyboard/input_amount'

2024-07-12 21:51:29 - [MESSAGE][PASSED] - Text 'Australia' is set on object 'Object Repository/AdminSuiteBootstrap_Pages/VT_Bootstrap/SaleKeyboard/input_userDefined1'

2024-07-12 21:51:30 - [MESSAGE][PASSED] - Text 'Denmark' is set on object 'Object Repository/AdminSuiteBootstrap_Pages/VT_Bootstrap/SaleKeyboard/input_userDefined2'

2024-07-12 21:51:31 - [MESSAGE][PASSED] - Text 'Sweden' is set on object 'Object Repository/AdminSuiteBootstrap_Pages/VT_Bootstrap/SaleKeyboard/input_userDefined3'

2024-07-12 21:51:31 - [MESSAGE][PASSED] - Text 'Austria' is set on object 'Object Repository/AdminSuiteBootstrap_Pages/VT_Bootstrap/SaleKeyboard/input_userDefined4'

2024-07-12 21:51:32 - [MESSAGE][PASSED] - All options with label 'Orange' are selected in object 'Object Repository/AdminSuiteBootstrap_Pages/VT_Bootstrap/SaleKeyboard/select_UDF5_DropDown'  using regular expression

2024-07-12 21:51:33 - [MESSAGE][PASSED] - All options with label 'Yellow' are selected in object 'Object Repository/AdminSuiteBootstrap_Pages/VT_Bootstrap/SaleKeyboard/select_UDF6_DropDown'  using regular expression

2024-07-12 21:51:34 - [MESSAGE][PASSED] - Text 'Norway' is set on object 'Object Repository/AdminSuiteBootstrap_Pages/VT_Bootstrap/SaleKeyboard/input_userDefined7'

2024-07-12 21:51:35 - [MESSAGE][PASSED] - Text 'Netherlands' is set on object 'Object Repository/AdminSuiteBootstrap_Pages/VT_Bootstrap/SaleKeyboard/input_userDefined8'

2024-07-12 21:51:35 - [MESSAGE][PASSED] - Text 'Switzerland' is set on object 'Object Repository/AdminSuiteBootstrap_Pages/VT_Bootstrap/SaleKeyboard/input_userDefined9'

2024-07-12 21:51:36 - [MESSAGE][PASSED] - Text 'France' is set on object 'Object Repository/AdminSuiteBootstrap_Pages/VT_Bootstrap/SaleKeyboard/input_userDefined10'

2024-07-12 21:51:38 - [MESSAGE][PASSED] - Object: 'Object Repository/AdminSuiteBootstrap_Pages/VT_Bootstrap/SaleKeyboard/button_Submit' is clicked on

2024-07-12 21:51:38 - [MESSAGE][PASSED] - adminSuiteBootstrap.virtualTerminalSetData.saleKeyboard_DataDriven is PASSED

2024-07-12 21:51:38 - [TEST_STEP][PASSED] - verifyTextPresent("Transaction Successful", true): Text 'Transaction Successful' is present on page  using regular expression

2024-07-12 21:51:38 - [MESSAGE][PASSED] - Text 'Transaction Successful' is present on page  using regular expression

2024-07-12 21:51:38 - [TEST_STEP][PASSED] - verifyElementVisible(findTestObject("Object Repository/AdminSuiteBootstrap_Pages/VT_Bootstrap/Receipt/button_Continue")): Object 'Object Repository/AdminSuiteBootstrap_Pages/VT_Bootstrap/Receipt/button_Continue' is visible

2024-07-12 21:51:38 - [MESSAGE][PASSED] - Object 'Object Repository/AdminSuiteBootstrap_Pages/VT_Bootstrap/Receipt/button_Continue' is visible

2024-07-12 21:51:38 - [TEST_STEP][PASSED] - verifyElementPresent(findTestObject("Object Repository/AdminSuiteBootstrap_Pages/VT_Bootstrap/Receipt/button_Continue"), 20): Object 'Object Repository/AdminSuiteBootstrap_Pages/VT_Bootstrap/Receipt/button_Continue' is present

2024-07-12 21:51:39 - [MESSAGE][PASSED] - Object 'Object Repository/AdminSuiteBootstrap_Pages/VT_Bootstrap/Receipt/button_Continue' is present

2024-07-12 21:51:39 - [TEST_STEP][PASSED] - verifyElementVisible(findTestObject("Object Repository/AdminSuiteBootstrap_Pages/VT_Bootstrap/Receipt/button_Print")): Object 'Object Repository/AdminSuiteBootstrap_Pages/VT_Bootstrap/Receipt/button_Print' is visible

2024-07-12 21:51:39 - [MESSAGE][PASSED] - Object 'Object Repository/AdminSuiteBootstrap_Pages/VT_Bootstrap/Receipt/button_Print' is visible

2024-07-12 21:51:39 - [TEST_STEP][PASSED] - verifyElementPresent(findTestObject("Object Repository/AdminSuiteBootstrap_Pages/VT_Bootstrap/Receipt/button_Print"), 20): Object 'Object Repository/AdminSuiteBootstrap_Pages/VT_Bootstrap/Receipt/button_Print' is present

2024-07-12 21:51:40 - [MESSAGE][PASSED] - Object 'Object Repository/AdminSuiteBootstrap_Pages/VT_Bootstrap/Receipt/button_Print' is present

2024-07-12 21:51:40 - [TEST_STEP][PASSED] - verifyTextPresent("Remittance ID", true): Text 'Remittance ID' is present on page  using regular expression

2024-07-12 21:51:40 - [MESSAGE][PASSED] - Text 'Remittance ID' is present on page  using regular expression

2024-07-12 21:51:40 - [TEST_STEP][PASSED] - verifyTextPresent("Received", true): Text 'Received' is present on page  using regular expression

2024-07-12 21:51:40 - [MESSAGE][PASSED] - Text 'Received' is present on page  using regular expression

2024-07-12 21:51:40 - [TEST_STEP][PASSED] - verifyTextPresent("UDF1", true): Text 'UDF1' is present on page  using regular expression

2024-07-12 21:51:41 - [MESSAGE][PASSED] - Text 'UDF1' is present on page  using regular expression

2024-07-12 21:51:41 - [TEST_STEP][PASSED] - verifyTextPresent("UDF2", true): Text 'UDF2' is present on page  using regular expression

2024-07-12 21:51:41 - [MESSAGE][PASSED] - Text 'UDF2' is present on page  using regular expression

2024-07-12 21:51:41 - [TEST_STEP][PASSED] - verifyTextPresent("UDF3", true): Text 'UDF3' is present on page  using regular expression

2024-07-12 21:51:41 - [MESSAGE][PASSED] - Text 'UDF3' is present on page  using regular expression

2024-07-12 21:51:41 - [TEST_STEP][PASSED] - verifyTextPresent("UDF4", true): Text 'UDF4' is present on page  using regular expression

2024-07-12 21:51:42 - [MESSAGE][PASSED] - Text 'UDF4' is present on page  using regular expression

2024-07-12 21:51:42 - [TEST_STEP][PASSED] - verifyTextPresent("UDF5", true): Text 'UDF5' is present on page  using regular expression

2024-07-12 21:51:42 - [MESSAGE][PASSED] - Text 'UDF5' is present on page  using regular expression

2024-07-12 21:51:42 - [TEST_STEP][PASSED] - verifyTextPresent("UDF6", true): Text 'UDF6' is present on page  using regular expression

2024-07-12 21:51:42 - [MESSAGE][PASSED] - Text 'UDF6' is present on page  using regular expression

2024-07-12 21:51:42 - [TEST_STEP][PASSED] - verifyTextPresent("UDF7", true): Text 'UDF7' is present on page  using regular expression

2024-07-12 21:51:43 - [MESSAGE][PASSED] - Text 'UDF7' is present on page  using regular expression

2024-07-12 21:51:43 - [TEST_STEP][PASSED] - verifyTextPresent("UDF8", true): Text 'UDF8' is present on page  using regular expression

2024-07-12 21:51:43 - [MESSAGE][PASSED] - Text 'UDF8' is present on page  using regular expression

2024-07-12 21:51:43 - [TEST_STEP][PASSED] - verifyTextPresent("UDF9", true): Text 'UDF9' is present on page  using regular expression

2024-07-12 21:51:43 - [MESSAGE][PASSED] - Text 'UDF9' is present on page  using regular expression

2024-07-12 21:51:43 - [TEST_STEP][PASSED] - verifyTextPresent("UDF 10", true): Text 'UDF 10' is present on page  using regular expression

2024-07-12 21:51:44 - [MESSAGE][PASSED] - Text 'UDF 10' is present on page  using regular expression

2024-07-12 21:51:44 - [TEST_STEP][PASSED] - verifyTextPresent("Australia", true): Text 'Australia' is present on page  using regular expression

2024-07-12 21:51:44 - [MESSAGE][PASSED] - Text 'Australia' is present on page  using regular expression

2024-07-12 21:51:44 - [TEST_STEP][PASSED] - verifyTextPresent("Denmark", true): Text 'Denmark' is present on page  using regular expression

2024-07-12 21:51:44 - [MESSAGE][PASSED] - Text 'Denmark' is present on page  using regular expression

2024-07-12 21:51:44 - [TEST_STEP][PASSED] - verifyTextPresent("Sweden", true): Text 'Sweden' is present on page  using regular expression

2024-07-12 21:51:45 - [MESSAGE][PASSED] - Text 'Sweden' is present on page  using regular expression

2024-07-12 21:51:45 - [TEST_STEP][PASSED] - verifyTextPresent("Austria", true): Text 'Austria' is present on page  using regular expression

2024-07-12 21:51:45 - [MESSAGE][PASSED] - Text 'Austria' is present on page  using regular expression

2024-07-12 21:51:45 - [TEST_STEP][PASSED] - verifyTextPresent("Orange Recorded", true): Text 'Orange Recorded' is present on page  using regular expression

2024-07-12 21:51:45 - [MESSAGE][PASSED] - Text 'Orange Recorded' is present on page  using regular expression

2024-07-12 21:51:45 - [TEST_STEP][PASSED] - verifyTextPresent("Yellow Recorded", true): Text 'Yellow Recorded' is present on page  using regular expression

2024-07-12 21:51:46 - [MESSAGE][PASSED] - Text 'Yellow Recorded' is present on page  using regular expression

2024-07-12 21:51:46 - [TEST_STEP][PASSED] - verifyTextPresent("Norway", true): Text 'Norway' is present on page  using regular expression

2024-07-12 21:51:46 - [MESSAGE][PASSED] - Text 'Norway' is present on page  using regular expression

2024-07-12 21:51:46 - [TEST_STEP][PASSED] - verifyTextPresent("Netherlands", true): Text 'Netherlands' is present on page  using regular expression

2024-07-12 21:51:46 - [MESSAGE][PASSED] - Text 'Netherlands' is present on page  using regular expression

2024-07-12 21:51:46 - [TEST_STEP][PASSED] - verifyTextPresent("Switzerland", true): Text 'Switzerland' is present on page  using regular expression

2024-07-12 21:51:47 - [MESSAGE][PASSED] - Text 'Switzerland' is present on page  using regular expression

2024-07-12 21:51:47 - [TEST_STEP][PASSED] - verifyTextPresent("France", true): Text 'France' is present on page  using regular expression

2024-07-12 21:51:47 - [MESSAGE][PASSED] - Text 'France' is present on page  using regular expression

2024-07-12 21:51:47 - [TEST_STEP][PASSED] - verifyTextPresent("Amount", true): Text 'Amount' is present on page  using regular expression

2024-07-12 21:51:47 - [MESSAGE][PASSED] - Text 'Amount' is present on page  using regular expression

2024-07-12 21:51:47 - [TEST_STEP][PASSED] - verifyTextPresent("Total Amount", true): Text 'Total Amount' is present on page  using regular expression

2024-07-12 21:51:48 - [MESSAGE][PASSED] - Text 'Total Amount' is present on page  using regular expression

2024-07-12 21:51:48 - [TEST_STEP][PASSED] - verifyTextPresent("Transaction Type", true): Text 'Transaction Type' is present on page  using regular expression

2024-07-12 21:51:48 - [MESSAGE][PASSED] - Text 'Transaction Type' is present on page  using regular expression

2024-07-12 21:51:48 - [TEST_STEP][PASSED] - verifyTextPresent("10.50", true): Text '10.50' is present on page  using regular expression

2024-07-12 21:51:48 - [MESSAGE][PASSED] - Text '10.50' is present on page  using regular expression

2024-07-12 21:51:48 - [TEST_STEP][PASSED] - verifyTextPresent("Authorization and Capture", true): Text 'Authorization and Capture' is present on page  using regular expression

2024-07-12 21:51:49 - [MESSAGE][PASSED] - Text 'Authorization and Capture' is present on page  using regular expression

2024-07-12 21:51:49 - [TEST_STEP][PASSED] - verifyTextPresent("Card Information", true): Text 'Card Information' is present on page  using regular expression

2024-07-12 21:51:49 - [MESSAGE][PASSED] - Text 'Card Information' is present on page  using regular expression

2024-07-12 21:51:49 - [TEST_STEP][PASSED] - cardNameV = findTestData(dataFile).getValue("CardNameV", row): null

2024-07-12 21:51:49 - [TEST_STEP][PASSED] - al1V = findTestData(dataFile).getValue("AL1", row): null

2024-07-12 21:51:49 - [TEST_STEP][PASSED] - al2V = findTestData(dataFile).getValue("AL2", row): null

2024-07-12 21:51:49 - [TEST_STEP][PASSED] - zipV = findTestData(dataFile).getValue("ZIP", row): null

2024-07-12 21:51:49 - [TEST_STEP][PASSED] - cardTypeV = findTestData(dataFile).getValue("CardType", row): null

2024-07-12 21:51:49 - [TEST_STEP][PASSED] - last4V = findTestData(dataFile).getValue("Last4", row): null

2024-07-12 21:51:50 - [TEST_STEP][PASSED] - verifyTextPresent(cardNameV, true): Text 'TULSI RAMAN' is present on page  using regular expression

2024-07-12 21:51:50 - [MESSAGE][PASSED] - Text 'TULSI RAMAN' is present on page  using regular expression

2024-07-12 21:51:50 - [TEST_STEP][PASSED] - verifyTextPresent("Address Line 1", true): Text 'Address Line 1' is present on page  using regular expression

2024-07-12 21:51:50 - [MESSAGE][PASSED] - Text 'Address Line 1' is present on page  using regular expression

2024-07-12 21:51:50 - [TEST_STEP][PASSED] - verifyTextPresent("Address Line 2", true): Text 'Address Line 2' is present on page  using regular expression

2024-07-12 21:51:50 - [MESSAGE][PASSED] - Text 'Address Line 2' is present on page  using regular expression

2024-07-12 21:51:50 - [TEST_STEP][PASSED] - verifyTextPresent("Country", true): Text 'Country' is present on page  using regular expression

2024-07-12 21:51:51 - [MESSAGE][PASSED] - Text 'Country' is present on page  using regular expression

2024-07-12 21:51:51 - [TEST_STEP][PASSED] - verifyTextPresent("City", true): Text 'City' is present on page  using regular expression

2024-07-12 21:51:51 - [MESSAGE][PASSED] - Text 'City' is present on page  using regular expression

2024-07-12 21:51:51 - [TEST_STEP][PASSED] - verifyTextPresent("State", true): Text 'State' is present on page  using regular expression

2024-07-12 21:51:51 - [MESSAGE][PASSED] - Text 'State' is present on page  using regular expression

2024-07-12 21:51:51 - [TEST_STEP][PASSED] - verifyTextPresent("ZIP Code", true): Text 'ZIP Code' is present on page  using regular expression

2024-07-12 21:51:52 - [MESSAGE][PASSED] - Text 'ZIP Code' is present on page  using regular expression

2024-07-12 21:51:52 - [TEST_STEP][PASSED] - verifyTextPresent(al1V, true): Text '550 Swan Lake' is present on page  using regular expression

2024-07-12 21:51:52 - [MESSAGE][PASSED] - Text '550 Swan Lake' is present on page  using regular expression

2024-07-12 21:51:52 - [TEST_STEP][PASSED] - verifyTextPresent(al2V, true): Text 'Suite 500' is present on page  using regular expression

2024-07-12 21:51:52 - [MESSAGE][PASSED] - Text 'Suite 500' is present on page  using regular expression

2024-07-12 21:51:52 - [TEST_STEP][PASSED] - verifyTextPresent("United States", true): Text 'United States' is present on page  using regular expression

2024-07-12 21:51:53 - [MESSAGE][PASSED] - Text 'United States' is present on page  using regular expression

2024-07-12 21:51:53 - [TEST_STEP][PASSED] - verifyTextPresent("ARLINGTON", true): Text 'ARLINGTON' is present on page  using regular expression

2024-07-12 21:51:53 - [MESSAGE][PASSED] - Text 'ARLINGTON' is present on page  using regular expression

2024-07-12 21:51:53 - [TEST_STEP][PASSED] - verifyTextPresent("Virginia", true): Text 'Virginia' is present on page  using regular expression

2024-07-12 21:51:53 - [MESSAGE][PASSED] - Text 'Virginia' is present on page  using regular expression

2024-07-12 21:51:53 - [TEST_STEP][PASSED] - verifyTextPresent(zipV, true): Text '22201' is present on page  using regular expression

2024-07-12 21:51:54 - [MESSAGE][PASSED] - Text '22201' is present on page  using regular expression

2024-07-12 21:51:54 - [TEST_STEP][PASSED] - verifyTextPresent(cardTypeV, true): Text 'American Express' is present on page  using regular expression

2024-07-12 21:51:54 - [MESSAGE][PASSED] - Text 'American Express' is present on page  using regular expression

2024-07-12 21:51:54 - [TEST_STEP][PASSED] - verifyTextPresent(last4V, true): Text '2376' is present on page  using regular expression

2024-07-12 21:51:54 - [MESSAGE][PASSED] - Text '2376' is present on page  using regular expression

2024-07-12 21:51:54 - [TEST_STEP][PASSED] - closeBrowser(): Browser is closed

2024-07-12 21:51:56 - [MESSAGE][PASSED] - Browser is closed

2024-07-12 21:51:56 - [TEST_STEP][PASSED] - ExecuteTC = findTestData(dataFile).getValue("Execute", row): null

2024-07-12 21:51:56 - [TEST_STEP][PASSED] - out.println("Value of Execute is : " + ExecuteTC): null

2024-07-12 21:51:56 - [TEST_STEP][PASSED] - switch (executionProfile): null

2024-07-12 21:51:56 - [TEST_STEP][PASSED] - case "QA2Profile":: null

2024-07-12 21:51:56 - [TEST_STEP][PASSED] - appName = findTestData(dataFile).getValue("AppNameQA", row): null

2024-07-12 21:51:56 - [TEST_STEP][PASSED] - appID = findTestData(dataFile).getValue("AppIDQA", row): null

2024-07-12 21:51:56 - [TEST_STEP][PASSED] - break: null

2024-07-12 21:51:56 - [TEST_STEP][PASSED] - hrefAppID = li_1 + appID + li_2: null

2024-07-12 21:51:56 - [TEST_STEP][PASSED] - hrefApp = li_1 + appID + "/": null

2024-07-12 21:51:56 - [TEST_STEP][PASSED] - println("hrefApp : " + hrefApp): null

2024-07-12 21:51:56 - [TEST_STEP][PASSED] - if (ExecuteTC.equalsIgnoreCase("Y")): Browser is closed

2024-07-12 21:51:56 - [TEST_STEP][PASSED] - out.println("Begin Record Number: " + row): null

2024-07-12 21:51:56 - [TEST_STEP][PASSED] - today = new java.util.Date(): null

2024-07-12 21:51:56 - [TEST_STEP][PASSED] - println(today): null

2024-07-12 21:51:56 - [TEST_STEP][PASSED] - datText = today: null

2024-07-12 21:51:56 - [TEST_STEP][PASSED] - adminSuiteBootstrap.loginFunctionality.login_AdminSuite(): adminSuiteBootstrap.loginFunctionality.login_AdminSuite is PASSED

2024-07-12 21:51:56 - [MESSAGE][INFO] - Starting 'Chrome' driver

2024-07-12 21:51:56 - [MESSAGE][INFO] - User set preference: ['acceptInsecureCerts', 'true']

2024-07-12 21:51:56 - [MESSAGE][INFO] - Action delay is set to 0 milliseconds

2024-07-12 21:51:59 - [MESSAGE][PASSED] - Browser is opened with url: 'https://qa2.velocitypayment.com/admin/imtiaz'

2024-07-12 21:51:59 - [MESSAGE][PASSED] - Current window maximized

2024-07-12 21:51:59 - [MESSAGE][PASSED] - Object 'Object Repository/Login_Page/Login_Username_Okta' is present

2024-07-12 21:52:00 - [MESSAGE][PASSED] - Text 'iahmed' is set on object 'Object Repository/Login_Page/Login_Username_Okta'

2024-07-12 21:52:01 - [MESSAGE][PASSED] - Text 'Hello!6666666' is set on object 'Object Repository/Login_Page/Login_Password_Okta'

2024-07-12 21:52:02 - [MESSAGE][PASSED] - Object: 'Object Repository/Login_Page/Login_Submit_Okta' is clicked on

2024-07-12 21:52:02 - [MESSAGE][PASSED] - adminSuiteBootstrap.loginFunctionality.login_AdminSuite is PASSED

2024-07-12 21:52:02 - [TEST_STEP][PASSED] - click(findTestObject(path_Dashboard + appName)): Object: 'Object Repository/AdminSuiteBootstrap_Pages/Dashboard_Bootstrap/a_Access AutoNoCFtp' is clicked on

2024-07-12 21:52:13 - [MESSAGE][PASSED] - Object: 'Object Repository/AdminSuiteBootstrap_Pages/Dashboard_Bootstrap/a_Access AutoNoCFtp' is clicked on

2024-07-12 21:52:13 - [TEST_STEP][PASSED] - click(findTestObject(path_VT + "button_Authorization  Capture (Sale)")): Object: 'Object Repository/AdminSuiteBootstrap_Pages/VT_Bootstrap/IssueTransactions/button_Authorization  Capture (Sale)' is clicked on

2024-07-12 21:52:13 - [MESSAGE][PASSED] - Object: 'Object Repository/AdminSuiteBootstrap_Pages/VT_Bootstrap/IssueTransactions/button_Authorization  Capture (Sale)' is clicked on

2024-07-12 21:52:13 - [TEST_STEP][PASSED] - saleKeyboardEntryLink = modifyObjectProperty(findTestObject(path_VT + "a_KeyboardEntry_Sale"), "href", "equals", hrefAppID, true): Modify property of object successfully

2024-07-12 21:52:13 - [MESSAGE][PASSED] - Modify property of object successfully

2024-07-12 21:52:13 - [TEST_STEP][PASSED] - click(saleKeyboardEntryLink): Object: 'Object Repository/AdminSuiteBootstrap_Pages/VT_Bootstrap/IssueTransactions/a_KeyboardEntry_Sale' is clicked on

2024-07-12 21:52:14 - [MESSAGE][PASSED] - Object: 'Object Repository/AdminSuiteBootstrap_Pages/VT_Bootstrap/IssueTransactions/a_KeyboardEntry_Sale' is clicked on

2024-07-12 21:52:14 - [TEST_STEP][PASSED] - adminSuiteBootstrap.virtualTerminalSetData.saleKeyboard_DataDriven(row, dataFile): adminSuiteBootstrap.virtualTerminalSetData.saleKeyboard_DataDriven is PASSED

2024-07-12 21:52:17 - [MESSAGE][PASSED] - Text 'Tulsi Raman' is set on object 'Object Repository/AdminSuiteBootstrap_Pages/VT_Bootstrap/SaleKeyboard/input_cardName'

2024-07-12 21:52:18 - [MESSAGE][PASSED] - All options with value 'RETL' are selected in object 'Object Repository/AdminSuiteBootstrap_Pages/VT_Bootstrap/SaleKeyboard/select_transactionCategory'  using regular expression

2024-07-12 21:52:19 - [MESSAGE][PASSED] - Execute JavaScript 'arguments[0].value ='6011000993026909' ' successfully

2024-07-12 21:52:19 - [MESSAGE][PASSED] - Execute JavaScript 'arguments[0].value ='123' ' successfully

2024-07-12 21:52:20 - [MESSAGE][PASSED] - All options with value '12' are selected in object 'Object Repository/AdminSuiteBootstrap_Pages/VT_Bootstrap/SaleKeyboard/select_MM'  using regular expression

2024-07-12 21:52:21 - [MESSAGE][PASSED] - All options with value '2025' are selected in object 'Object Repository/AdminSuiteBootstrap_Pages/VT_Bootstrap/SaleKeyboard/select_YYYY'  using regular expression

2024-07-12 21:52:22 - [MESSAGE][PASSED] - Text '25987 Hill Top' is set on object 'Object Repository/AdminSuiteBootstrap_Pages/VT_Bootstrap/SaleKeyboard/input__address'

2024-07-12 21:52:23 - [MESSAGE][PASSED] - Text 'Suite 500' is set on object 'Object Repository/AdminSuiteBootstrap_Pages/VT_Bootstrap/SaleKeyboard/input__address2'

2024-07-12 21:52:24 - [MESSAGE][PASSED] - Text '22201' is set on object 'Object Repository/AdminSuiteBootstrap_Pages/VT_Bootstrap/SaleKeyboard/input__zip'

2024-07-12 21:52:24 - [MESSAGE][PASSED] - Text '' is set on object 'Object Repository/AdminSuiteBootstrap_Pages/VT_Bootstrap/SaleKeyboard/input_emailAddress'

2024-07-12 21:52:26 - [MESSAGE][PASSED] - Text '' is set on object 'Object Repository/AdminSuiteBootstrap_Pages/VT_Bootstrap/SaleKeyboard/input_smsNumber'

2024-07-12 21:52:26 - [MESSAGE][PASSED] - Text '10.50' is set on object 'Object Repository/AdminSuiteBootstrap_Pages/VT_Bootstrap/SaleKeyboard/input_amount'

2024-07-12 21:52:27 - [MESSAGE][PASSED] - Text 'Australia' is set on object 'Object Repository/AdminSuiteBootstrap_Pages/VT_Bootstrap/SaleKeyboard/input_userDefined1'

2024-07-12 21:52:28 - [MESSAGE][PASSED] - Text 'Denmark' is set on object 'Object Repository/AdminSuiteBootstrap_Pages/VT_Bootstrap/SaleKeyboard/input_userDefined2'

2024-07-12 21:52:28 - [MESSAGE][PASSED] - Text 'Sweden' is set on object 'Object Repository/AdminSuiteBootstrap_Pages/VT_Bootstrap/SaleKeyboard/input_userDefined3'

2024-07-12 21:52:29 - [MESSAGE][PASSED] - Text 'Austria' is set on object 'Object Repository/AdminSuiteBootstrap_Pages/VT_Bootstrap/SaleKeyboard/input_userDefined4'

2024-07-12 21:52:30 - [MESSAGE][PASSED] - All options with label 'Orange' are selected in object 'Object Repository/AdminSuiteBootstrap_Pages/VT_Bootstrap/SaleKeyboard/select_UDF5_DropDown'  using regular expression

2024-07-12 21:52:31 - [MESSAGE][PASSED] - All options with label 'Yellow' are selected in object 'Object Repository/AdminSuiteBootstrap_Pages/VT_Bootstrap/SaleKeyboard/select_UDF6_DropDown'  using regular expression

2024-07-12 21:52:32 - [MESSAGE][PASSED] - Text 'Norway' is set on object 'Object Repository/AdminSuiteBootstrap_Pages/VT_Bootstrap/SaleKeyboard/input_userDefined7'

2024-07-12 21:52:32 - [MESSAGE][PASSED] - Text 'Netherlands' is set on object 'Object Repository/AdminSuiteBootstrap_Pages/VT_Bootstrap/SaleKeyboard/input_userDefined8'

2024-07-12 21:52:33 - [MESSAGE][PASSED] - Text 'Switzerland' is set on object 'Object Repository/AdminSuiteBootstrap_Pages/VT_Bootstrap/SaleKeyboard/input_userDefined9'

2024-07-12 21:52:34 - [MESSAGE][PASSED] - Text 'France' is set on object 'Object Repository/AdminSuiteBootstrap_Pages/VT_Bootstrap/SaleKeyboard/input_userDefined10'

2024-07-12 21:52:35 - [MESSAGE][PASSED] - Object: 'Object Repository/AdminSuiteBootstrap_Pages/VT_Bootstrap/SaleKeyboard/button_Submit' is clicked on

2024-07-12 21:52:35 - [MESSAGE][PASSED] - adminSuiteBootstrap.virtualTerminalSetData.saleKeyboard_DataDriven is PASSED

2024-07-12 21:52:35 - [TEST_STEP][PASSED] - verifyTextPresent("Transaction Successful", true): Text 'Transaction Successful' is present on page  using regular expression

2024-07-12 21:52:36 - [MESSAGE][PASSED] - Text 'Transaction Successful' is present on page  using regular expression

2024-07-12 21:52:36 - [TEST_STEP][PASSED] - verifyElementVisible(findTestObject("Object Repository/AdminSuiteBootstrap_Pages/VT_Bootstrap/Receipt/button_Continue")): Object 'Object Repository/AdminSuiteBootstrap_Pages/VT_Bootstrap/Receipt/button_Continue' is visible

2024-07-12 21:52:36 - [MESSAGE][PASSED] - Object 'Object Repository/AdminSuiteBootstrap_Pages/VT_Bootstrap/Receipt/button_Continue' is visible

2024-07-12 21:52:36 - [TEST_STEP][PASSED] - verifyElementPresent(findTestObject("Object Repository/AdminSuiteBootstrap_Pages/VT_Bootstrap/Receipt/button_Continue"), 20): Object 'Object Repository/AdminSuiteBootstrap_Pages/VT_Bootstrap/Receipt/button_Continue' is present

2024-07-12 21:52:36 - [MESSAGE][PASSED] - Object 'Object Repository/AdminSuiteBootstrap_Pages/VT_Bootstrap/Receipt/button_Continue' is present

2024-07-12 21:52:36 - [TEST_STEP][PASSED] - verifyElementVisible(findTestObject("Object Repository/AdminSuiteBootstrap_Pages/VT_Bootstrap/Receipt/button_Print")): Object 'Object Repository/AdminSuiteBootstrap_Pages/VT_Bootstrap/Receipt/button_Print' is visible

2024-07-12 21:52:37 - [MESSAGE][PASSED] - Object 'Object Repository/AdminSuiteBootstrap_Pages/VT_Bootstrap/Receipt/button_Print' is visible

2024-07-12 21:52:37 - [TEST_STEP][PASSED] - verifyElementPresent(findTestObject("Object Repository/AdminSuiteBootstrap_Pages/VT_Bootstrap/Receipt/button_Print"), 20): Object 'Object Repository/AdminSuiteBootstrap_Pages/VT_Bootstrap/Receipt/button_Print' is present

2024-07-12 21:52:37 - [MESSAGE][PASSED] - Object 'Object Repository/AdminSuiteBootstrap_Pages/VT_Bootstrap/Receipt/button_Print' is present

2024-07-12 21:52:37 - [TEST_STEP][PASSED] - verifyTextPresent("Remittance ID", true): Text 'Remittance ID' is present on page  using regular expression

2024-07-12 21:52:37 - [MESSAGE][PASSED] - Text 'Remittance ID' is present on page  using regular expression

2024-07-12 21:52:37 - [TEST_STEP][PASSED] - verifyTextPresent("Received", true): Text 'Received' is present on page  using regular expression

2024-07-12 21:52:37 - [MESSAGE][PASSED] - Text 'Received' is present on page  using regular expression

2024-07-12 21:52:37 - [TEST_STEP][PASSED] - verifyTextPresent("UDF1", true): Text 'UDF1' is present on page  using regular expression

2024-07-12 21:52:38 - [MESSAGE][PASSED] - Text 'UDF1' is present on page  using regular expression

2024-07-12 21:52:38 - [TEST_STEP][PASSED] - verifyTextPresent("UDF2", true): Text 'UDF2' is present on page  using regular expression

2024-07-12 21:52:38 - [MESSAGE][PASSED] - Text 'UDF2' is present on page  using regular expression

2024-07-12 21:52:38 - [TEST_STEP][PASSED] - verifyTextPresent("UDF3", true): Text 'UDF3' is present on page  using regular expression

2024-07-12 21:52:38 - [MESSAGE][PASSED] - Text 'UDF3' is present on page  using regular expression

2024-07-12 21:52:38 - [TEST_STEP][PASSED] - verifyTextPresent("UDF4", true): Text 'UDF4' is present on page  using regular expression

2024-07-12 21:52:39 - [MESSAGE][PASSED] - Text 'UDF4' is present on page  using regular expression

2024-07-12 21:52:39 - [TEST_STEP][PASSED] - verifyTextPresent("UDF5", true): Text 'UDF5' is present on page  using regular expression

2024-07-12 21:52:39 - [MESSAGE][PASSED] - Text 'UDF5' is present on page  using regular expression

2024-07-12 21:52:39 - [TEST_STEP][PASSED] - verifyTextPresent("UDF6", true): Text 'UDF6' is present on page  using regular expression

2024-07-12 21:52:39 - [MESSAGE][PASSED] - Text 'UDF6' is present on page  using regular expression

2024-07-12 21:52:39 - [TEST_STEP][PASSED] - verifyTextPresent("UDF7", true): Text 'UDF7' is present on page  using regular expression

2024-07-12 21:52:40 - [MESSAGE][PASSED] - Text 'UDF7' is present on page  using regular expression

2024-07-12 21:52:40 - [TEST_STEP][PASSED] - verifyTextPresent("UDF8", true): Text 'UDF8' is present on page  using regular expression

2024-07-12 21:52:40 - [MESSAGE][PASSED] - Text 'UDF8' is present on page  using regular expression

2024-07-12 21:52:40 - [TEST_STEP][PASSED] - verifyTextPresent("UDF9", true): Text 'UDF9' is present on page  using regular expression

2024-07-12 21:52:40 - [MESSAGE][PASSED] - Text 'UDF9' is present on page  using regular expression

2024-07-12 21:52:40 - [TEST_STEP][PASSED] - verifyTextPresent("UDF 10", true): Text 'UDF 10' is present on page  using regular expression

2024-07-12 21:52:41 - [MESSAGE][PASSED] - Text 'UDF 10' is present on page  using regular expression

2024-07-12 21:52:41 - [TEST_STEP][PASSED] - verifyTextPresent("Australia", true): Text 'Australia' is present on page  using regular expression

2024-07-12 21:52:41 - [MESSAGE][PASSED] - Text 'Australia' is present on page  using regular expression

2024-07-12 21:52:41 - [TEST_STEP][PASSED] - verifyTextPresent("Denmark", true): Text 'Denmark' is present on page  using regular expression

2024-07-12 21:52:41 - [MESSAGE][PASSED] - Text 'Denmark' is present on page  using regular expression

2024-07-12 21:52:41 - [TEST_STEP][PASSED] - verifyTextPresent("Sweden", true): Text 'Sweden' is present on page  using regular expression

2024-07-12 21:52:42 - [MESSAGE][PASSED] - Text 'Sweden' is present on page  using regular expression

2024-07-12 21:52:42 - [TEST_STEP][PASSED] - verifyTextPresent("Austria", true): Text 'Austria' is present on page  using regular expression

2024-07-12 21:52:42 - [MESSAGE][PASSED] - Text 'Austria' is present on page  using regular expression

2024-07-12 21:52:42 - [TEST_STEP][PASSED] - verifyTextPresent("Orange Recorded", true): Text 'Orange Recorded' is present on page  using regular expression

2024-07-12 21:52:42 - [MESSAGE][PASSED] - Text 'Orange Recorded' is present on page  using regular expression

2024-07-12 21:52:42 - [TEST_STEP][PASSED] - verifyTextPresent("Yellow Recorded", true): Text 'Yellow Recorded' is present on page  using regular expression

2024-07-12 21:52:43 - [MESSAGE][PASSED] - Text 'Yellow Recorded' is present on page  using regular expression

2024-07-12 21:52:43 - [TEST_STEP][PASSED] - verifyTextPresent("Norway", true): Text 'Norway' is present on page  using regular expression

2024-07-12 21:52:43 - [MESSAGE][PASSED] - Text 'Norway' is present on page  using regular expression

2024-07-12 21:52:43 - [TEST_STEP][PASSED] - verifyTextPresent("Netherlands", true): Text 'Netherlands' is present on page  using regular expression

2024-07-12 21:52:43 - [MESSAGE][PASSED] - Text 'Netherlands' is present on page  using regular expression

2024-07-12 21:52:43 - [TEST_STEP][PASSED] - verifyTextPresent("Switzerland", true): Text 'Switzerland' is present on page  using regular expression

2024-07-12 21:52:44 - [MESSAGE][PASSED] - Text 'Switzerland' is present on page  using regular expression

2024-07-12 21:52:44 - [TEST_STEP][PASSED] - verifyTextPresent("France", true): Text 'France' is present on page  using regular expression

2024-07-12 21:52:44 - [MESSAGE][PASSED] - Text 'France' is present on page  using regular expression

2024-07-12 21:52:44 - [TEST_STEP][PASSED] - verifyTextPresent("Amount", true): Text 'Amount' is present on page  using regular expression

2024-07-12 21:52:44 - [MESSAGE][PASSED] - Text 'Amount' is present on page  using regular expression

2024-07-12 21:52:44 - [TEST_STEP][PASSED] - verifyTextPresent("Total Amount", true): Text 'Total Amount' is present on page  using regular expression

2024-07-12 21:52:45 - [MESSAGE][PASSED] - Text 'Total Amount' is present on page  using regular expression

2024-07-12 21:52:45 - [TEST_STEP][PASSED] - verifyTextPresent("Transaction Type", true): Text 'Transaction Type' is present on page  using regular expression

2024-07-12 21:52:45 - [MESSAGE][PASSED] - Text 'Transaction Type' is present on page  using regular expression

2024-07-12 21:52:45 - [TEST_STEP][PASSED] - verifyTextPresent("10.50", true): Text '10.50' is present on page  using regular expression

2024-07-12 21:52:45 - [MESSAGE][PASSED] - Text '10.50' is present on page  using regular expression

2024-07-12 21:52:45 - [TEST_STEP][PASSED] - verifyTextPresent("Authorization and Capture", true): Text 'Authorization and Capture' is present on page  using regular expression

2024-07-12 21:52:46 - [MESSAGE][PASSED] - Text 'Authorization and Capture' is present on page  using regular expression

2024-07-12 21:52:46 - [TEST_STEP][PASSED] - verifyTextPresent("Card Information", true): Text 'Card Information' is present on page  using regular expression

2024-07-12 21:52:46 - [MESSAGE][PASSED] - Text 'Card Information' is present on page  using regular expression

2024-07-12 21:52:46 - [TEST_STEP][PASSED] - cardNameV = findTestData(dataFile).getValue("CardNameV", row): null

2024-07-12 21:52:46 - [TEST_STEP][PASSED] - al1V = findTestData(dataFile).getValue("AL1", row): null

2024-07-12 21:52:46 - [TEST_STEP][PASSED] - al2V = findTestData(dataFile).getValue("AL2", row): null

2024-07-12 21:52:46 - [TEST_STEP][PASSED] - zipV = findTestData(dataFile).getValue("ZIP", row): null

2024-07-12 21:52:46 - [TEST_STEP][PASSED] - cardTypeV = findTestData(dataFile).getValue("CardType", row): null

2024-07-12 21:52:47 - [TEST_STEP][PASSED] - last4V = findTestData(dataFile).getValue("Last4", row): null

2024-07-12 21:52:47 - [TEST_STEP][PASSED] - verifyTextPresent(cardNameV, true): Text 'TULSI RAMAN' is present on page  using regular expression

2024-07-12 21:52:47 - [MESSAGE][PASSED] - Text 'TULSI RAMAN' is present on page  using regular expression

2024-07-12 21:52:47 - [TEST_STEP][PASSED] - verifyTextPresent("Address Line 1", true): Text 'Address Line 1' is present on page  using regular expression

2024-07-12 21:52:47 - [MESSAGE][PASSED] - Text 'Address Line 1' is present on page  using regular expression

2024-07-12 21:52:47 - [TEST_STEP][PASSED] - verifyTextPresent("Address Line 2", true): Text 'Address Line 2' is present on page  using regular expression

2024-07-12 21:52:48 - [MESSAGE][PASSED] - Text 'Address Line 2' is present on page  using regular expression

2024-07-12 21:52:48 - [TEST_STEP][PASSED] - verifyTextPresent("Country", true): Text 'Country' is present on page  using regular expression

2024-07-12 21:52:48 - [MESSAGE][PASSED] - Text 'Country' is present on page  using regular expression

2024-07-12 21:52:48 - [TEST_STEP][PASSED] - verifyTextPresent("City", true): Text 'City' is present on page  using regular expression

2024-07-12 21:52:48 - [MESSAGE][PASSED] - Text 'City' is present on page  using regular expression

2024-07-12 21:52:48 - [TEST_STEP][PASSED] - verifyTextPresent("State", true): Text 'State' is present on page  using regular expression

2024-07-12 21:52:49 - [MESSAGE][PASSED] - Text 'State' is present on page  using regular expression

2024-07-12 21:52:49 - [TEST_STEP][PASSED] - verifyTextPresent("ZIP Code", true): Text 'ZIP Code' is present on page  using regular expression

2024-07-12 21:52:49 - [MESSAGE][PASSED] - Text 'ZIP Code' is present on page  using regular expression

2024-07-12 21:52:49 - [TEST_STEP][PASSED] - verifyTextPresent(al1V, true): Text '25987 Hill Top' is present on page  using regular expression

2024-07-12 21:52:49 - [MESSAGE][PASSED] - Text '25987 Hill Top' is present on page  using regular expression

2024-07-12 21:52:49 - [TEST_STEP][PASSED] - verifyTextPresent(al2V, true): Text 'Suite 500' is present on page  using regular expression

2024-07-12 21:52:50 - [MESSAGE][PASSED] - Text 'Suite 500' is present on page  using regular expression

2024-07-12 21:52:50 - [TEST_STEP][PASSED] - verifyTextPresent("United States", true): Text 'United States' is present on page  using regular expression

2024-07-12 21:52:50 - [MESSAGE][PASSED] - Text 'United States' is present on page  using regular expression

2024-07-12 21:52:50 - [TEST_STEP][PASSED] - verifyTextPresent("ARLINGTON", true): Text 'ARLINGTON' is present on page  using regular expression

2024-07-12 21:52:50 - [MESSAGE][PASSED] - Text 'ARLINGTON' is present on page  using regular expression

2024-07-12 21:52:50 - [TEST_STEP][PASSED] - verifyTextPresent("Virginia", true): Text 'Virginia' is present on page  using regular expression

2024-07-12 21:52:51 - [MESSAGE][PASSED] - Text 'Virginia' is present on page  using regular expression

2024-07-12 21:52:51 - [TEST_STEP][PASSED] - verifyTextPresent(zipV, true): Text '22201' is present on page  using regular expression

2024-07-12 21:52:51 - [MESSAGE][PASSED] - Text '22201' is present on page  using regular expression

2024-07-12 21:52:51 - [TEST_STEP][PASSED] - verifyTextPresent(cardTypeV, true): Text 'Discover' is present on page  using regular expression

2024-07-12 21:52:51 - [MESSAGE][PASSED] - Text 'Discover' is present on page  using regular expression

2024-07-12 21:52:51 - [TEST_STEP][PASSED] - verifyTextPresent(last4V, true): Text '6909' is present on page  using regular expression

2024-07-12 21:52:52 - [MESSAGE][PASSED] - Text '6909' is present on page  using regular expression

2024-07-12 21:52:52 - [TEST_STEP][PASSED] - closeBrowser(): Browser is closed

2024-07-12 21:52:53 - [MESSAGE][PASSED] - Browser is closed

2024-07-12 21:52:53 - [TEST_STEP][PASSED] - ExecuteTC = findTestData(dataFile).getValue("Execute", row): null

2024-07-12 21:52:53 - [TEST_STEP][PASSED] - out.println("Value of Execute is : " + ExecuteTC): null

2024-07-12 21:52:53 - [TEST_STEP][PASSED] - switch (executionProfile): null

2024-07-12 21:52:53 - [TEST_STEP][PASSED] - case "QA2Profile":: null

2024-07-12 21:52:53 - [TEST_STEP][PASSED] - appName = findTestData(dataFile).getValue("AppNameQA", row): null

2024-07-12 21:52:53 - [TEST_STEP][PASSED] - appID = findTestData(dataFile).getValue("AppIDQA", row): null

2024-07-12 21:52:53 - [TEST_STEP][PASSED] - break: null

2024-07-12 21:52:53 - [TEST_STEP][PASSED] - hrefAppID = li_1 + appID + li_2: null

2024-07-12 21:52:53 - [TEST_STEP][PASSED] - hrefApp = li_1 + appID + "/": null

2024-07-12 21:52:53 - [TEST_STEP][PASSED] - println("hrefApp : " + hrefApp): null

2024-07-12 21:52:53 - [TEST_STEP][PASSED] - if (ExecuteTC.equalsIgnoreCase("Y")): Browser is closed

2024-07-12 21:52:53 - [TEST_STEP][PASSED] - out.println("Begin Record Number: " + row): null

2024-07-12 21:52:53 - [TEST_STEP][PASSED] - today = new java.util.Date(): null

2024-07-12 21:52:53 - [TEST_STEP][PASSED] - println(today): null

2024-07-12 21:52:53 - [TEST_STEP][PASSED] - datText = today: null

2024-07-12 21:52:53 - [TEST_STEP][PASSED] - adminSuiteBootstrap.loginFunctionality.login_AdminSuite(): adminSuiteBootstrap.loginFunctionality.login_AdminSuite is PASSED

2024-07-12 21:52:53 - [MESSAGE][INFO] - Starting 'Chrome' driver

2024-07-12 21:52:53 - [MESSAGE][INFO] - User set preference: ['acceptInsecureCerts', 'true']

2024-07-12 21:52:53 - [MESSAGE][INFO] - Action delay is set to 0 milliseconds

2024-07-12 21:52:55 - [MESSAGE][PASSED] - Browser is opened with url: 'https://qa2.velocitypayment.com/admin/imtiaz'

2024-07-12 21:52:56 - [MESSAGE][PASSED] - Current window maximized

2024-07-12 21:52:57 - [MESSAGE][PASSED] - Object 'Object Repository/Login_Page/Login_Username_Okta' is present

2024-07-12 21:52:57 - [MESSAGE][PASSED] - Text 'iahmed' is set on object 'Object Repository/Login_Page/Login_Username_Okta'

2024-07-12 21:52:58 - [MESSAGE][PASSED] - Text 'Hello!6666666' is set on object 'Object Repository/Login_Page/Login_Password_Okta'

2024-07-12 21:52:59 - [MESSAGE][PASSED] - Object: 'Object Repository/Login_Page/Login_Submit_Okta' is clicked on

2024-07-12 21:52:59 - [MESSAGE][PASSED] - adminSuiteBootstrap.loginFunctionality.login_AdminSuite is PASSED

2024-07-12 21:52:59 - [TEST_STEP][PASSED] - click(findTestObject(path_Dashboard + appName)): Object: 'Object Repository/AdminSuiteBootstrap_Pages/Dashboard_Bootstrap/a_Access AutoNoCFtp' is clicked on

2024-07-12 21:53:07 - [MESSAGE][PASSED] - Object: 'Object Repository/AdminSuiteBootstrap_Pages/Dashboard_Bootstrap/a_Access AutoNoCFtp' is clicked on

2024-07-12 21:53:07 - [TEST_STEP][PASSED] - click(findTestObject(path_VT + "button_Authorization  Capture (Sale)")): Object: 'Object Repository/AdminSuiteBootstrap_Pages/VT_Bootstrap/IssueTransactions/button_Authorization  Capture (Sale)' is clicked on

2024-07-12 21:53:08 - [MESSAGE][PASSED] - Object: 'Object Repository/AdminSuiteBootstrap_Pages/VT_Bootstrap/IssueTransactions/button_Authorization  Capture (Sale)' is clicked on

2024-07-12 21:53:08 - [TEST_STEP][PASSED] - saleKeyboardEntryLink = modifyObjectProperty(findTestObject(path_VT + "a_KeyboardEntry_Sale"), "href", "equals", hrefAppID, true): Modify property of object successfully

2024-07-12 21:53:08 - [MESSAGE][PASSED] - Modify property of object successfully

2024-07-12 21:53:08 - [TEST_STEP][PASSED] - click(saleKeyboardEntryLink): Object: 'Object Repository/AdminSuiteBootstrap_Pages/VT_Bootstrap/IssueTransactions/a_KeyboardEntry_Sale' is clicked on

2024-07-12 21:53:09 - [MESSAGE][PASSED] - Object: 'Object Repository/AdminSuiteBootstrap_Pages/VT_Bootstrap/IssueTransactions/a_KeyboardEntry_Sale' is clicked on

2024-07-12 21:53:09 - [TEST_STEP][PASSED] - adminSuiteBootstrap.virtualTerminalSetData.saleKeyboard_DataDriven(row, dataFile): adminSuiteBootstrap.virtualTerminalSetData.saleKeyboard_DataDriven is PASSED

2024-07-12 21:53:12 - [MESSAGE][PASSED] - Text 'Janaki James' is set on object 'Object Repository/AdminSuiteBootstrap_Pages/VT_Bootstrap/SaleKeyboard/input_cardName'

2024-07-12 21:53:13 - [MESSAGE][PASSED] - All options with value 'MOTO' are selected in object 'Object Repository/AdminSuiteBootstrap_Pages/VT_Bootstrap/SaleKeyboard/select_transactionCategory'  using regular expression

2024-07-12 21:53:13 - [MESSAGE][PASSED] - Execute JavaScript 'arguments[0].value ='4012000098765439' ' successfully

2024-07-12 21:53:14 - [MESSAGE][PASSED] - Execute JavaScript 'arguments[0].value ='123' ' successfully

2024-07-12 21:53:15 - [MESSAGE][PASSED] - All options with value '12' are selected in object 'Object Repository/AdminSuiteBootstrap_Pages/VT_Bootstrap/SaleKeyboard/select_MM'  using regular expression

2024-07-12 21:53:16 - [MESSAGE][PASSED] - All options with value '2025' are selected in object 'Object Repository/AdminSuiteBootstrap_Pages/VT_Bootstrap/SaleKeyboard/select_YYYY'  using regular expression

2024-07-12 21:53:17 - [MESSAGE][PASSED] - Text '36 Cornor Road' is set on object 'Object Repository/AdminSuiteBootstrap_Pages/VT_Bootstrap/SaleKeyboard/input__address'

2024-07-12 21:53:17 - [MESSAGE][PASSED] - Text 'Suite 500' is set on object 'Object Repository/AdminSuiteBootstrap_Pages/VT_Bootstrap/SaleKeyboard/input__address2'

2024-07-12 21:53:18 - [MESSAGE][PASSED] - Text '22201' is set on object 'Object Repository/AdminSuiteBootstrap_Pages/VT_Bootstrap/SaleKeyboard/input__zip'

2024-07-12 21:53:19 - [MESSAGE][PASSED] - Text '' is set on object 'Object Repository/AdminSuiteBootstrap_Pages/VT_Bootstrap/SaleKeyboard/input_emailAddress'

2024-07-12 21:53:20 - [MESSAGE][PASSED] - Text '' is set on object 'Object Repository/AdminSuiteBootstrap_Pages/VT_Bootstrap/SaleKeyboard/input_smsNumber'

2024-07-12 21:53:21 - [MESSAGE][PASSED] - Text '10.50' is set on object 'Object Repository/AdminSuiteBootstrap_Pages/VT_Bootstrap/SaleKeyboard/input_amount'

2024-07-12 21:53:22 - [MESSAGE][PASSED] - Text 'Australia' is set on object 'Object Repository/AdminSuiteBootstrap_Pages/VT_Bootstrap/SaleKeyboard/input_userDefined1'

2024-07-12 21:53:22 - [MESSAGE][PASSED] - Text 'Denmark' is set on object 'Object Repository/AdminSuiteBootstrap_Pages/VT_Bootstrap/SaleKeyboard/input_userDefined2'

2024-07-12 21:53:23 - [MESSAGE][PASSED] - Text 'Sweden' is set on object 'Object Repository/AdminSuiteBootstrap_Pages/VT_Bootstrap/SaleKeyboard/input_userDefined3'

2024-07-12 21:53:24 - [MESSAGE][PASSED] - Text 'Austria' is set on object 'Object Repository/AdminSuiteBootstrap_Pages/VT_Bootstrap/SaleKeyboard/input_userDefined4'

2024-07-12 21:53:25 - [MESSAGE][PASSED] - All options with label 'Orange' are selected in object 'Object Repository/AdminSuiteBootstrap_Pages/VT_Bootstrap/SaleKeyboard/select_UDF5_DropDown'  using regular expression

2024-07-12 21:53:26 - [MESSAGE][PASSED] - All options with label 'Yellow' are selected in object 'Object Repository/AdminSuiteBootstrap_Pages/VT_Bootstrap/SaleKeyboard/select_UDF6_DropDown'  using regular expression

2024-07-12 21:53:26 - [MESSAGE][PASSED] - Text 'Norway' is set on object 'Object Repository/AdminSuiteBootstrap_Pages/VT_Bootstrap/SaleKeyboard/input_userDefined7'

2024-07-12 21:53:27 - [MESSAGE][PASSED] - Text 'Netherlands' is set on object 'Object Repository/AdminSuiteBootstrap_Pages/VT_Bootstrap/SaleKeyboard/input_userDefined8'

2024-07-12 21:53:28 - [MESSAGE][PASSED] - Text 'Switzerland' is set on object 'Object Repository/AdminSuiteBootstrap_Pages/VT_Bootstrap/SaleKeyboard/input_userDefined9'

2024-07-12 21:53:29 - [MESSAGE][PASSED] - Text 'France' is set on object 'Object Repository/AdminSuiteBootstrap_Pages/VT_Bootstrap/SaleKeyboard/input_userDefined10'

2024-07-12 21:53:30 - [MESSAGE][PASSED] - Object: 'Object Repository/AdminSuiteBootstrap_Pages/VT_Bootstrap/SaleKeyboard/button_Submit' is clicked on

2024-07-12 21:53:30 - [MESSAGE][PASSED] - adminSuiteBootstrap.virtualTerminalSetData.saleKeyboard_DataDriven is PASSED

2024-07-12 21:53:30 - [TEST_STEP][PASSED] - verifyTextPresent("Transaction Successful", true): Text 'Transaction Successful' is present on page  using regular expression

2024-07-12 21:53:30 - [MESSAGE][PASSED] - Text 'Transaction Successful' is present on page  using regular expression

2024-07-12 21:53:30 - [TEST_STEP][PASSED] - verifyElementVisible(findTestObject("Object Repository/AdminSuiteBootstrap_Pages/VT_Bootstrap/Receipt/button_Continue")): Object 'Object Repository/AdminSuiteBootstrap_Pages/VT_Bootstrap/Receipt/button_Continue' is visible

2024-07-12 21:53:31 - [MESSAGE][PASSED] - Object 'Object Repository/AdminSuiteBootstrap_Pages/VT_Bootstrap/Receipt/button_Continue' is visible

2024-07-12 21:53:31 - [TEST_STEP][PASSED] - verifyElementPresent(findTestObject("Object Repository/AdminSuiteBootstrap_Pages/VT_Bootstrap/Receipt/button_Continue"), 20): Object 'Object Repository/AdminSuiteBootstrap_Pages/VT_Bootstrap/Receipt/button_Continue' is present

2024-07-12 21:53:31 - [MESSAGE][PASSED] - Object 'Object Repository/AdminSuiteBootstrap_Pages/VT_Bootstrap/Receipt/button_Continue' is present

2024-07-12 21:53:31 - [TEST_STEP][PASSED] - verifyElementVisible(findTestObject("Object Repository/AdminSuiteBootstrap_Pages/VT_Bootstrap/Receipt/button_Print")): Object 'Object Repository/AdminSuiteBootstrap_Pages/VT_Bootstrap/Receipt/button_Print' is visible

2024-07-12 21:53:32 - [MESSAGE][PASSED] - Object 'Object Repository/AdminSuiteBootstrap_Pages/VT_Bootstrap/Receipt/button_Print' is visible

2024-07-12 21:53:32 - [TEST_STEP][PASSED] - verifyElementPresent(findTestObject("Object Repository/AdminSuiteBootstrap_Pages/VT_Bootstrap/Receipt/button_Print"), 20): Object 'Object Repository/AdminSuiteBootstrap_Pages/VT_Bootstrap/Receipt/button_Print' is present

2024-07-12 21:53:32 - [MESSAGE][PASSED] - Object 'Object Repository/AdminSuiteBootstrap_Pages/VT_Bootstrap/Receipt/button_Print' is present

2024-07-12 21:53:32 - [TEST_STEP][PASSED] - verifyTextPresent("Remittance ID", true): Text 'Remittance ID' is present on page  using regular expression

2024-07-12 21:53:32 - [MESSAGE][PASSED] - Text 'Remittance ID' is present on page  using regular expression

2024-07-12 21:53:32 - [TEST_STEP][PASSED] - verifyTextPresent("Received", true): Text 'Received' is present on page  using regular expression

2024-07-12 21:53:33 - [MESSAGE][PASSED] - Text 'Received' is present on page  using regular expression

2024-07-12 21:53:33 - [TEST_STEP][PASSED] - verifyTextPresent("UDF1", true): Text 'UDF1' is present on page  using regular expression

2024-07-12 21:53:33 - [MESSAGE][PASSED] - Text 'UDF1' is present on page  using regular expression

2024-07-12 21:53:33 - [TEST_STEP][PASSED] - verifyTextPresent("UDF2", true): Text 'UDF2' is present on page  using regular expression

2024-07-12 21:53:33 - [MESSAGE][PASSED] - Text 'UDF2' is present on page  using regular expression

2024-07-12 21:53:33 - [TEST_STEP][PASSED] - verifyTextPresent("UDF3", true): Text 'UDF3' is present on page  using regular expression

2024-07-12 21:53:34 - [MESSAGE][PASSED] - Text 'UDF3' is present on page  using regular expression

2024-07-12 21:53:34 - [TEST_STEP][PASSED] - verifyTextPresent("UDF4", true): Text 'UDF4' is present on page  using regular expression

2024-07-12 21:53:34 - [MESSAGE][PASSED] - Text 'UDF4' is present on page  using regular expression

2024-07-12 21:53:34 - [TEST_STEP][PASSED] - verifyTextPresent("UDF5", true): Text 'UDF5' is present on page  using regular expression

2024-07-12 21:53:34 - [MESSAGE][PASSED] - Text 'UDF5' is present on page  using regular expression

2024-07-12 21:53:34 - [TEST_STEP][PASSED] - verifyTextPresent("UDF6", true): Text 'UDF6' is present on page  using regular expression

2024-07-12 21:53:35 - [MESSAGE][PASSED] - Text 'UDF6' is present on page  using regular expression

2024-07-12 21:53:35 - [TEST_STEP][PASSED] - verifyTextPresent("UDF7", true): Text 'UDF7' is present on page  using regular expression

2024-07-12 21:53:35 - [MESSAGE][PASSED] - Text 'UDF7' is present on page  using regular expression

2024-07-12 21:53:35 - [TEST_STEP][PASSED] - verifyTextPresent("UDF8", true): Text 'UDF8' is present on page  using regular expression

2024-07-12 21:53:35 - [MESSAGE][PASSED] - Text 'UDF8' is present on page  using regular expression

2024-07-12 21:53:35 - [TEST_STEP][PASSED] - verifyTextPresent("UDF9", true): Text 'UDF9' is present on page  using regular expression

2024-07-12 21:53:35 - [MESSAGE][PASSED] - Text 'UDF9' is present on page  using regular expression

2024-07-12 21:53:35 - [TEST_STEP][PASSED] - verifyTextPresent("UDF 10", true): Text 'UDF 10' is present on page  using regular expression

2024-07-12 21:53:36 - [MESSAGE][PASSED] - Text 'UDF 10' is present on page  using regular expression

2024-07-12 21:53:36 - [TEST_STEP][PASSED] - verifyTextPresent("Australia", true): Text 'Australia' is present on page  using regular expression

2024-07-12 21:53:36 - [MESSAGE][PASSED] - Text 'Australia' is present on page  using regular expression

2024-07-12 21:53:36 - [TEST_STEP][PASSED] - verifyTextPresent("Denmark", true): Text 'Denmark' is present on page  using regular expression

2024-07-12 21:53:36 - [MESSAGE][PASSED] - Text 'Denmark' is present on page  using regular expression

2024-07-12 21:53:36 - [TEST_STEP][PASSED] - verifyTextPresent("Sweden", true): Text 'Sweden' is present on page  using regular expression

2024-07-12 21:53:37 - [MESSAGE][PASSED] - Text 'Sweden' is present on page  using regular expression

2024-07-12 21:53:37 - [TEST_STEP][PASSED] - verifyTextPresent("Austria", true): Text 'Austria' is present on page  using regular expression

2024-07-12 21:53:37 - [MESSAGE][PASSED] - Text 'Austria' is present on page  using regular expression

2024-07-12 21:53:37 - [TEST_STEP][PASSED] - verifyTextPresent("Orange Recorded", true): Text 'Orange Recorded' is present on page  using regular expression

2024-07-12 21:53:38 - [MESSAGE][PASSED] - Text 'Orange Recorded' is present on page  using regular expression

2024-07-12 21:53:38 - [TEST_STEP][PASSED] - verifyTextPresent("Yellow Recorded", true): Text 'Yellow Recorded' is present on page  using regular expression

2024-07-12 21:53:38 - [MESSAGE][PASSED] - Text 'Yellow Recorded' is present on page  using regular expression

2024-07-12 21:53:38 - [TEST_STEP][PASSED] - verifyTextPresent("Norway", true): Text 'Norway' is present on page  using regular expression

2024-07-12 21:53:38 - [MESSAGE][PASSED] - Text 'Norway' is present on page  using regular expression

2024-07-12 21:53:38 - [TEST_STEP][PASSED] - verifyTextPresent("Netherlands", true): Text 'Netherlands' is present on page  using regular expression

2024-07-12 21:53:38 - [MESSAGE][PASSED] - Text 'Netherlands' is present on page  using regular expression

2024-07-12 21:53:38 - [TEST_STEP][PASSED] - verifyTextPresent("Switzerland", true): Text 'Switzerland' is present on page  using regular expression

2024-07-12 21:53:39 - [MESSAGE][PASSED] - Text 'Switzerland' is present on page  using regular expression

2024-07-12 21:53:39 - [TEST_STEP][PASSED] - verifyTextPresent("France", true): Text 'France' is present on page  using regular expression

2024-07-12 21:53:39 - [MESSAGE][PASSED] - Text 'France' is present on page  using regular expression

2024-07-12 21:53:39 - [TEST_STEP][PASSED] - verifyTextPresent("Amount", true): Text 'Amount' is present on page  using regular expression

2024-07-12 21:53:39 - [MESSAGE][PASSED] - Text 'Amount' is present on page  using regular expression

2024-07-12 21:53:39 - [TEST_STEP][PASSED] - verifyTextPresent("Total Amount", true): Text 'Total Amount' is present on page  using regular expression

2024-07-12 21:53:40 - [MESSAGE][PASSED] - Text 'Total Amount' is present on page  using regular expression

2024-07-12 21:53:40 - [TEST_STEP][PASSED] - verifyTextPresent("Transaction Type", true): Text 'Transaction Type' is present on page  using regular expression

2024-07-12 21:53:40 - [MESSAGE][PASSED] - Text 'Transaction Type' is present on page  using regular expression

2024-07-12 21:53:40 - [TEST_STEP][PASSED] - verifyTextPresent("10.50", true): Text '10.50' is present on page  using regular expression

2024-07-12 21:53:40 - [MESSAGE][PASSED] - Text '10.50' is present on page  using regular expression

2024-07-12 21:53:40 - [TEST_STEP][PASSED] - verifyTextPresent("Authorization and Capture", true): Text 'Authorization and Capture' is present on page  using regular expression

2024-07-12 21:53:41 - [MESSAGE][PASSED] - Text 'Authorization and Capture' is present on page  using regular expression

2024-07-12 21:53:41 - [TEST_STEP][PASSED] - verifyTextPresent("Card Information", true): Text 'Card Information' is present on page  using regular expression

2024-07-12 21:53:41 - [MESSAGE][PASSED] - Text 'Card Information' is present on page  using regular expression

2024-07-12 21:53:41 - [TEST_STEP][PASSED] - cardNameV = findTestData(dataFile).getValue("CardNameV", row): null

2024-07-12 21:53:41 - [TEST_STEP][PASSED] - al1V = findTestData(dataFile).getValue("AL1", row): null

2024-07-12 21:53:41 - [TEST_STEP][PASSED] - al2V = findTestData(dataFile).getValue("AL2", row): null

2024-07-12 21:53:41 - [TEST_STEP][PASSED] - zipV = findTestData(dataFile).getValue("ZIP", row): null

2024-07-12 21:53:42 - [TEST_STEP][PASSED] - cardTypeV = findTestData(dataFile).getValue("CardType", row): null

2024-07-12 21:53:42 - [TEST_STEP][PASSED] - last4V = findTestData(dataFile).getValue("Last4", row): null

2024-07-12 21:53:42 - [TEST_STEP][PASSED] - verifyTextPresent(cardNameV, true): Text 'JANAKI JAMES' is present on page  using regular expression

2024-07-12 21:53:42 - [MESSAGE][PASSED] - Text 'JANAKI JAMES' is present on page  using regular expression

2024-07-12 21:53:42 - [TEST_STEP][PASSED] - verifyTextPresent("Address Line 1", true): Text 'Address Line 1' is present on page  using regular expression

2024-07-12 21:53:42 - [MESSAGE][PASSED] - Text 'Address Line 1' is present on page  using regular expression

2024-07-12 21:53:42 - [TEST_STEP][PASSED] - verifyTextPresent("Address Line 2", true): Text 'Address Line 2' is present on page  using regular expression

2024-07-12 21:53:43 - [MESSAGE][PASSED] - Text 'Address Line 2' is present on page  using regular expression

2024-07-12 21:53:43 - [TEST_STEP][PASSED] - verifyTextPresent("Country", true): Text 'Country' is present on page  using regular expression

2024-07-12 21:53:43 - [MESSAGE][PASSED] - Text 'Country' is present on page  using regular expression

2024-07-12 21:53:43 - [TEST_STEP][PASSED] - verifyTextPresent("City", true): Text 'City' is present on page  using regular expression

2024-07-12 21:53:43 - [MESSAGE][PASSED] - Text 'City' is present on page  using regular expression

2024-07-12 21:53:43 - [TEST_STEP][PASSED] - verifyTextPresent("State", true): Text 'State' is present on page  using regular expression

2024-07-12 21:53:44 - [MESSAGE][PASSED] - Text 'State' is present on page  using regular expression

2024-07-12 21:53:44 - [TEST_STEP][PASSED] - verifyTextPresent("ZIP Code", true): Text 'ZIP Code' is present on page  using regular expression

2024-07-12 21:53:44 - [MESSAGE][PASSED] - Text 'ZIP Code' is present on page  using regular expression

2024-07-12 21:53:44 - [TEST_STEP][PASSED] - verifyTextPresent(al1V, true): Text '36 Cornor Road' is present on page  using regular expression

2024-07-12 21:53:44 - [MESSAGE][PASSED] - Text '36 Cornor Road' is present on page  using regular expression

2024-07-12 21:53:44 - [TEST_STEP][PASSED] - verifyTextPresent(al2V, true): Text 'Suite 500' is present on page  using regular expression

2024-07-12 21:53:45 - [MESSAGE][PASSED] - Text 'Suite 500' is present on page  using regular expression

2024-07-12 21:53:45 - [TEST_STEP][PASSED] - verifyTextPresent("United States", true): Text 'United States' is present on page  using regular expression

2024-07-12 21:53:45 - [MESSAGE][PASSED] - Text 'United States' is present on page  using regular expression

2024-07-12 21:53:45 - [TEST_STEP][PASSED] - verifyTextPresent("ARLINGTON", true): Text 'ARLINGTON' is present on page  using regular expression

2024-07-12 21:53:45 - [MESSAGE][PASSED] - Text 'ARLINGTON' is present on page  using regular expression

2024-07-12 21:53:45 - [TEST_STEP][PASSED] - verifyTextPresent("Virginia", true): Text 'Virginia' is present on page  using regular expression

2024-07-12 21:53:46 - [MESSAGE][PASSED] - Text 'Virginia' is present on page  using regular expression

2024-07-12 21:53:46 - [TEST_STEP][PASSED] - verifyTextPresent(zipV, true): Text '22201' is present on page  using regular expression

2024-07-12 21:53:46 - [MESSAGE][PASSED] - Text '22201' is present on page  using regular expression

2024-07-12 21:53:46 - [TEST_STEP][PASSED] - verifyTextPresent(cardTypeV, true): Text 'Visa' is present on page  using regular expression

2024-07-12 21:53:46 - [MESSAGE][PASSED] - Text 'Visa' is present on page  using regular expression

2024-07-12 21:53:46 - [TEST_STEP][PASSED] - verifyTextPresent(last4V, true): Text '5439' is present on page  using regular expression

2024-07-12 21:53:47 - [MESSAGE][PASSED] - Text '5439' is present on page  using regular expression

2024-07-12 21:53:47 - [TEST_STEP][PASSED] - closeBrowser(): Browser is closed

2024-07-12 21:53:48 - [MESSAGE][PASSED] - Browser is closed

2024-07-12 21:53:48 - [TEST_STEP][PASSED] - ExecuteTC = findTestData(dataFile).getValue("Execute", row): null

2024-07-12 21:53:48 - [TEST_STEP][PASSED] - out.println("Value of Execute is : " + ExecuteTC): null

2024-07-12 21:53:48 - [TEST_STEP][PASSED] - switch (executionProfile): null

2024-07-12 21:53:48 - [TEST_STEP][PASSED] - case "QA2Profile":: null

2024-07-12 21:53:48 - [TEST_STEP][PASSED] - appName = findTestData(dataFile).getValue("AppNameQA", row): null

2024-07-12 21:53:48 - [TEST_STEP][PASSED] - appID = findTestData(dataFile).getValue("AppIDQA", row): null

2024-07-12 21:53:48 - [TEST_STEP][PASSED] - break: null

2024-07-12 21:53:48 - [TEST_STEP][PASSED] - hrefAppID = li_1 + appID + li_2: null

2024-07-12 21:53:48 - [TEST_STEP][PASSED] - hrefApp = li_1 + appID + "/": null

2024-07-12 21:53:48 - [TEST_STEP][PASSED] - println("hrefApp : " + hrefApp): null

2024-07-12 21:53:48 - [TEST_STEP][PASSED] - if (ExecuteTC.equalsIgnoreCase("Y")): Browser is closed

2024-07-12 21:53:48 - [TEST_STEP][PASSED] - out.println("Begin Record Number: " + row): null

2024-07-12 21:53:48 - [TEST_STEP][PASSED] - today = new java.util.Date(): null

2024-07-12 21:53:48 - [TEST_STEP][PASSED] - println(today): null

2024-07-12 21:53:48 - [TEST_STEP][PASSED] - datText = today: null

2024-07-12 21:53:48 - [TEST_STEP][PASSED] - adminSuiteBootstrap.loginFunctionality.login_AdminSuite(): adminSuiteBootstrap.loginFunctionality.login_AdminSuite is PASSED

2024-07-12 21:53:48 - [MESSAGE][INFO] - Starting 'Chrome' driver

2024-07-12 21:53:48 - [MESSAGE][INFO] - User set preference: ['acceptInsecureCerts', 'true']

2024-07-12 21:53:48 - [MESSAGE][INFO] - Action delay is set to 0 milliseconds

2024-07-12 21:53:51 - [MESSAGE][PASSED] - Browser is opened with url: 'https://qa2.velocitypayment.com/admin/imtiaz'

2024-07-12 21:53:51 - [MESSAGE][PASSED] - Current window maximized

2024-07-12 21:53:52 - [MESSAGE][PASSED] - Object 'Object Repository/Login_Page/Login_Username_Okta' is present

2024-07-12 21:53:52 - [MESSAGE][PASSED] - Text 'iahmed' is set on object 'Object Repository/Login_Page/Login_Username_Okta'

2024-07-12 21:53:53 - [MESSAGE][PASSED] - Text 'Hello!6666666' is set on object 'Object Repository/Login_Page/Login_Password_Okta'

2024-07-12 21:53:54 - [MESSAGE][PASSED] - Object: 'Object Repository/Login_Page/Login_Submit_Okta' is clicked on

2024-07-12 21:53:54 - [MESSAGE][PASSED] - adminSuiteBootstrap.loginFunctionality.login_AdminSuite is PASSED

2024-07-12 21:53:54 - [TEST_STEP][PASSED] - click(findTestObject(path_Dashboard + appName)): Object: 'Object Repository/AdminSuiteBootstrap_Pages/Dashboard_Bootstrap/a_Access AutoNoCFtp' is clicked on

2024-07-12 21:54:04 - [MESSAGE][PASSED] - Object: 'Object Repository/AdminSuiteBootstrap_Pages/Dashboard_Bootstrap/a_Access AutoNoCFtp' is clicked on

2024-07-12 21:54:04 - [TEST_STEP][PASSED] - click(findTestObject(path_VT + "button_Authorization  Capture (Sale)")): Object: 'Object Repository/AdminSuiteBootstrap_Pages/VT_Bootstrap/IssueTransactions/button_Authorization  Capture (Sale)' is clicked on

2024-07-12 21:54:05 - [MESSAGE][PASSED] - Object: 'Object Repository/AdminSuiteBootstrap_Pages/VT_Bootstrap/IssueTransactions/button_Authorization  Capture (Sale)' is clicked on

2024-07-12 21:54:05 - [TEST_STEP][PASSED] - saleKeyboardEntryLink = modifyObjectProperty(findTestObject(path_VT + "a_KeyboardEntry_Sale"), "href", "equals", hrefAppID, true): Modify property of object successfully

2024-07-12 21:54:05 - [MESSAGE][PASSED] - Modify property of object successfully

2024-07-12 21:54:05 - [TEST_STEP][PASSED] - click(saleKeyboardEntryLink): Object: 'Object Repository/AdminSuiteBootstrap_Pages/VT_Bootstrap/IssueTransactions/a_KeyboardEntry_Sale' is clicked on

2024-07-12 21:54:06 - [MESSAGE][PASSED] - Object: 'Object Repository/AdminSuiteBootstrap_Pages/VT_Bootstrap/IssueTransactions/a_KeyboardEntry_Sale' is clicked on

2024-07-12 21:54:06 - [TEST_STEP][PASSED] - adminSuiteBootstrap.virtualTerminalSetData.saleKeyboard_DataDriven(row, dataFile): adminSuiteBootstrap.virtualTerminalSetData.saleKeyboard_DataDriven is PASSED

2024-07-12 21:54:09 - [MESSAGE][PASSED] - Text 'Janaki James' is set on object 'Object Repository/AdminSuiteBootstrap_Pages/VT_Bootstrap/SaleKeyboard/input_cardName'

2024-07-12 21:54:10 - [MESSAGE][PASSED] - All options with value 'MOTO' are selected in object 'Object Repository/AdminSuiteBootstrap_Pages/VT_Bootstrap/SaleKeyboard/select_transactionCategory'  using regular expression

2024-07-12 21:54:10 - [MESSAGE][PASSED] - Execute JavaScript 'arguments[0].value ='5146312200000035' ' successfully

2024-07-12 21:54:11 - [MESSAGE][PASSED] - Execute JavaScript 'arguments[0].value ='123' ' successfully

2024-07-12 21:54:12 - [MESSAGE][PASSED] - All options with value '12' are selected in object 'Object Repository/AdminSuiteBootstrap_Pages/VT_Bootstrap/SaleKeyboard/select_MM'  using regular expression

2024-07-12 21:54:13 - [MESSAGE][PASSED] - All options with value '2025' are selected in object 'Object Repository/AdminSuiteBootstrap_Pages/VT_Bootstrap/SaleKeyboard/select_YYYY'  using regular expression

2024-07-12 21:54:14 - [MESSAGE][PASSED] - Text '1478 Jhatka Palace' is set on object 'Object Repository/AdminSuiteBootstrap_Pages/VT_Bootstrap/SaleKeyboard/input__address'

2024-07-12 21:54:14 - [MESSAGE][PASSED] - Text 'Suite 500' is set on object 'Object Repository/AdminSuiteBootstrap_Pages/VT_Bootstrap/SaleKeyboard/input__address2'

2024-07-12 21:54:15 - [MESSAGE][PASSED] - Text '22201' is set on object 'Object Repository/AdminSuiteBootstrap_Pages/VT_Bootstrap/SaleKeyboard/input__zip'

2024-07-12 21:54:16 - [MESSAGE][PASSED] - Text '' is set on object 'Object Repository/AdminSuiteBootstrap_Pages/VT_Bootstrap/SaleKeyboard/input_emailAddress'

2024-07-12 21:54:17 - [MESSAGE][PASSED] - Text '' is set on object 'Object Repository/AdminSuiteBootstrap_Pages/VT_Bootstrap/SaleKeyboard/input_smsNumber'

2024-07-12 21:54:18 - [MESSAGE][PASSED] - Text '10.50' is set on object 'Object Repository/AdminSuiteBootstrap_Pages/VT_Bootstrap/SaleKeyboard/input_amount'

2024-07-12 21:54:19 - [MESSAGE][PASSED] - Text 'Australia' is set on object 'Object Repository/AdminSuiteBootstrap_Pages/VT_Bootstrap/SaleKeyboard/input_userDefined1'

2024-07-12 21:54:19 - [MESSAGE][PASSED] - Text 'Denmark' is set on object 'Object Repository/AdminSuiteBootstrap_Pages/VT_Bootstrap/SaleKeyboard/input_userDefined2'

2024-07-12 21:54:20 - [MESSAGE][PASSED] - Text 'Sweden' is set on object 'Object Repository/AdminSuiteBootstrap_Pages/VT_Bootstrap/SaleKeyboard/input_userDefined3'

2024-07-12 21:54:21 - [MESSAGE][PASSED] - Text 'Austria' is set on object 'Object Repository/AdminSuiteBootstrap_Pages/VT_Bootstrap/SaleKeyboard/input_userDefined4'

2024-07-12 21:54:22 - [MESSAGE][PASSED] - All options with label 'Orange' are selected in object 'Object Repository/AdminSuiteBootstrap_Pages/VT_Bootstrap/SaleKeyboard/select_UDF5_DropDown'  using regular expression

2024-07-12 21:54:23 - [MESSAGE][PASSED] - All options with label 'Yellow' are selected in object 'Object Repository/AdminSuiteBootstrap_Pages/VT_Bootstrap/SaleKeyboard/select_UDF6_DropDown'  using regular expression

2024-07-12 21:54:23 - [MESSAGE][PASSED] - Text 'Norway' is set on object 'Object Repository/AdminSuiteBootstrap_Pages/VT_Bootstrap/SaleKeyboard/input_userDefined7'

2024-07-12 21:54:24 - [MESSAGE][PASSED] - Text 'Netherlands' is set on object 'Object Repository/AdminSuiteBootstrap_Pages/VT_Bootstrap/SaleKeyboard/input_userDefined8'

2024-07-12 21:54:25 - [MESSAGE][PASSED] - Text 'Switzerland' is set on object 'Object Repository/AdminSuiteBootstrap_Pages/VT_Bootstrap/SaleKeyboard/input_userDefined9'

2024-07-12 21:54:26 - [MESSAGE][PASSED] - Text 'France' is set on object 'Object Repository/AdminSuiteBootstrap_Pages/VT_Bootstrap/SaleKeyboard/input_userDefined10'

2024-07-12 21:54:27 - [MESSAGE][PASSED] - Object: 'Object Repository/AdminSuiteBootstrap_Pages/VT_Bootstrap/SaleKeyboard/button_Submit' is clicked on

2024-07-12 21:54:27 - [MESSAGE][PASSED] - adminSuiteBootstrap.virtualTerminalSetData.saleKeyboard_DataDriven is PASSED

2024-07-12 21:54:27 - [TEST_STEP][PASSED] - verifyTextPresent("Transaction Successful", true): Text 'Transaction Successful' is present on page  using regular expression

2024-07-12 21:54:27 - [MESSAGE][PASSED] - Text 'Transaction Successful' is present on page  using regular expression

2024-07-12 21:54:27 - [TEST_STEP][PASSED] - verifyElementVisible(findTestObject("Object Repository/AdminSuiteBootstrap_Pages/VT_Bootstrap/Receipt/button_Continue")): Object 'Object Repository/AdminSuiteBootstrap_Pages/VT_Bootstrap/Receipt/button_Continue' is visible

2024-07-12 21:54:28 - [MESSAGE][PASSED] - Object 'Object Repository/AdminSuiteBootstrap_Pages/VT_Bootstrap/Receipt/button_Continue' is visible

2024-07-12 21:54:28 - [TEST_STEP][PASSED] - verifyElementPresent(findTestObject("Object Repository/AdminSuiteBootstrap_Pages/VT_Bootstrap/Receipt/button_Continue"), 20): Object 'Object Repository/AdminSuiteBootstrap_Pages/VT_Bootstrap/Receipt/button_Continue' is present

2024-07-12 21:54:28 - [MESSAGE][PASSED] - Object 'Object Repository/AdminSuiteBootstrap_Pages/VT_Bootstrap/Receipt/button_Continue' is present

2024-07-12 21:54:28 - [TEST_STEP][PASSED] - verifyElementVisible(findTestObject("Object Repository/AdminSuiteBootstrap_Pages/VT_Bootstrap/Receipt/button_Print")): Object 'Object Repository/AdminSuiteBootstrap_Pages/VT_Bootstrap/Receipt/button_Print' is visible

2024-07-12 21:54:28 - [MESSAGE][PASSED] - Object 'Object Repository/AdminSuiteBootstrap_Pages/VT_Bootstrap/Receipt/button_Print' is visible

2024-07-12 21:54:28 - [TEST_STEP][PASSED] - verifyElementPresent(findTestObject("Object Repository/AdminSuiteBootstrap_Pages/VT_Bootstrap/Receipt/button_Print"), 20): Object 'Object Repository/AdminSuiteBootstrap_Pages/VT_Bootstrap/Receipt/button_Print' is present

2024-07-12 21:54:29 - [MESSAGE][PASSED] - Object 'Object Repository/AdminSuiteBootstrap_Pages/VT_Bootstrap/Receipt/button_Print' is present

2024-07-12 21:54:29 - [TEST_STEP][PASSED] - verifyTextPresent("Remittance ID", true): Text 'Remittance ID' is present on page  using regular expression

2024-07-12 21:54:29 - [MESSAGE][PASSED] - Text 'Remittance ID' is present on page  using regular expression

2024-07-12 21:54:29 - [TEST_STEP][PASSED] - verifyTextPresent("Received", true): Text 'Received' is present on page  using regular expression

2024-07-12 21:54:29 - [MESSAGE][PASSED] - Text 'Received' is present on page  using regular expression

2024-07-12 21:54:29 - [TEST_STEP][PASSED] - verifyTextPresent("UDF1", true): Text 'UDF1' is present on page  using regular expression

2024-07-12 21:54:30 - [MESSAGE][PASSED] - Text 'UDF1' is present on page  using regular expression

2024-07-12 21:54:30 - [TEST_STEP][PASSED] - verifyTextPresent("UDF2", true): Text 'UDF2' is present on page  using regular expression

2024-07-12 21:54:30 - [MESSAGE][PASSED] - Text 'UDF2' is present on page  using regular expression

2024-07-12 21:54:30 - [TEST_STEP][PASSED] - verifyTextPresent("UDF3", true): Text 'UDF3' is present on page  using regular expression

2024-07-12 21:54:30 - [MESSAGE][PASSED] - Text 'UDF3' is present on page  using regular expression

2024-07-12 21:54:30 - [TEST_STEP][PASSED] - verifyTextPresent("UDF4", true): Text 'UDF4' is present on page  using regular expression

2024-07-12 21:54:31 - [MESSAGE][PASSED] - Text 'UDF4' is present on page  using regular expression

2024-07-12 21:54:31 - [TEST_STEP][PASSED] - verifyTextPresent("UDF5", true): Text 'UDF5' is present on page  using regular expression

2024-07-12 21:54:31 - [MESSAGE][PASSED] - Text 'UDF5' is present on page  using regular expression

2024-07-12 21:54:31 - [TEST_STEP][PASSED] - verifyTextPresent("UDF6", true): Text 'UDF6' is present on page  using regular expression

2024-07-12 21:54:31 - [MESSAGE][PASSED] - Text 'UDF6' is present on page  using regular expression

2024-07-12 21:54:31 - [TEST_STEP][PASSED] - verifyTextPresent("UDF7", true): Text 'UDF7' is present on page  using regular expression

2024-07-12 21:54:32 - [MESSAGE][PASSED] - Text 'UDF7' is present on page  using regular expression

2024-07-12 21:54:32 - [TEST_STEP][PASSED] - verifyTextPresent("UDF8", true): Text 'UDF8' is present on page  using regular expression

2024-07-12 21:54:32 - [MESSAGE][PASSED] - Text 'UDF8' is present on page  using regular expression

2024-07-12 21:54:32 - [TEST_STEP][PASSED] - verifyTextPresent("UDF9", true): Text 'UDF9' is present on page  using regular expression

2024-07-12 21:54:32 - [MESSAGE][PASSED] - Text 'UDF9' is present on page  using regular expression

2024-07-12 21:54:32 - [TEST_STEP][PASSED] - verifyTextPresent("UDF 10", true): Text 'UDF 10' is present on page  using regular expression

2024-07-12 21:54:33 - [MESSAGE][PASSED] - Text 'UDF 10' is present on page  using regular expression

2024-07-12 21:54:33 - [TEST_STEP][PASSED] - verifyTextPresent("Australia", true): Text 'Australia' is present on page  using regular expression

2024-07-12 21:54:33 - [MESSAGE][PASSED] - Text 'Australia' is present on page  using regular expression

2024-07-12 21:54:33 - [TEST_STEP][PASSED] - verifyTextPresent("Denmark", true): Text 'Denmark' is present on page  using regular expression

2024-07-12 21:54:33 - [MESSAGE][PASSED] - Text 'Denmark' is present on page  using regular expression

2024-07-12 21:54:33 - [TEST_STEP][PASSED] - verifyTextPresent("Sweden", true): Text 'Sweden' is present on page  using regular expression

2024-07-12 21:54:34 - [MESSAGE][PASSED] - Text 'Sweden' is present on page  using regular expression

2024-07-12 21:54:34 - [TEST_STEP][PASSED] - verifyTextPresent("Austria", true): Text 'Austria' is present on page  using regular expression

2024-07-12 21:54:34 - [MESSAGE][PASSED] - Text 'Austria' is present on page  using regular expression

2024-07-12 21:54:34 - [TEST_STEP][PASSED] - verifyTextPresent("Orange Recorded", true): Text 'Orange Recorded' is present on page  using regular expression

2024-07-12 21:54:34 - [MESSAGE][PASSED] - Text 'Orange Recorded' is present on page  using regular expression

2024-07-12 21:54:34 - [TEST_STEP][PASSED] - verifyTextPresent("Yellow Recorded", true): Text 'Yellow Recorded' is present on page  using regular expression

2024-07-12 21:54:35 - [MESSAGE][PASSED] - Text 'Yellow Recorded' is present on page  using regular expression

2024-07-12 21:54:35 - [TEST_STEP][PASSED] - verifyTextPresent("Norway", true): Text 'Norway' is present on page  using regular expression

2024-07-12 21:54:35 - [MESSAGE][PASSED] - Text 'Norway' is present on page  using regular expression

2024-07-12 21:54:35 - [TEST_STEP][PASSED] - verifyTextPresent("Netherlands", true): Text 'Netherlands' is present on page  using regular expression

2024-07-12 21:54:35 - [MESSAGE][PASSED] - Text 'Netherlands' is present on page  using regular expression

2024-07-12 21:54:35 - [TEST_STEP][PASSED] - verifyTextPresent("Switzerland", true): Text 'Switzerland' is present on page  using regular expression

2024-07-12 21:54:36 - [MESSAGE][PASSED] - Text 'Switzerland' is present on page  using regular expression

2024-07-12 21:54:36 - [TEST_STEP][PASSED] - verifyTextPresent("France", true): Text 'France' is present on page  using regular expression

2024-07-12 21:54:36 - [MESSAGE][PASSED] - Text 'France' is present on page  using regular expression

2024-07-12 21:54:36 - [TEST_STEP][PASSED] - verifyTextPresent("Amount", true): Text 'Amount' is present on page  using regular expression

2024-07-12 21:54:36 - [MESSAGE][PASSED] - Text 'Amount' is present on page  using regular expression

2024-07-12 21:54:36 - [TEST_STEP][PASSED] - verifyTextPresent("Total Amount", true): Text 'Total Amount' is present on page  using regular expression

2024-07-12 21:54:37 - [MESSAGE][PASSED] - Text 'Total Amount' is present on page  using regular expression

2024-07-12 21:54:37 - [TEST_STEP][PASSED] - verifyTextPresent("Transaction Type", true): Text 'Transaction Type' is present on page  using regular expression

2024-07-12 21:54:37 - [MESSAGE][PASSED] - Text 'Transaction Type' is present on page  using regular expression

2024-07-12 21:54:37 - [TEST_STEP][PASSED] - verifyTextPresent("10.50", true): Text '10.50' is present on page  using regular expression

2024-07-12 21:54:37 - [MESSAGE][PASSED] - Text '10.50' is present on page  using regular expression

2024-07-12 21:54:37 - [TEST_STEP][PASSED] - verifyTextPresent("Authorization and Capture", true): Text 'Authorization and Capture' is present on page  using regular expression

2024-07-12 21:54:38 - [MESSAGE][PASSED] - Text 'Authorization and Capture' is present on page  using regular expression

2024-07-12 21:54:38 - [TEST_STEP][PASSED] - verifyTextPresent("Card Information", true): Text 'Card Information' is present on page  using regular expression

2024-07-12 21:54:38 - [MESSAGE][PASSED] - Text 'Card Information' is present on page  using regular expression

2024-07-12 21:54:38 - [TEST_STEP][PASSED] - cardNameV = findTestData(dataFile).getValue("CardNameV", row): null

2024-07-12 21:54:38 - [TEST_STEP][PASSED] - al1V = findTestData(dataFile).getValue("AL1", row): null

2024-07-12 21:54:38 - [TEST_STEP][PASSED] - al2V = findTestData(dataFile).getValue("AL2", row): null

2024-07-12 21:54:38 - [TEST_STEP][PASSED] - zipV = findTestData(dataFile).getValue("ZIP", row): null

2024-07-12 21:54:39 - [TEST_STEP][PASSED] - cardTypeV = findTestData(dataFile).getValue("CardType", row): null

2024-07-12 21:54:39 - [TEST_STEP][PASSED] - last4V = findTestData(dataFile).getValue("Last4", row): null

2024-07-12 21:54:39 - [TEST_STEP][PASSED] - verifyTextPresent(cardNameV, true): Text 'JANAKI JAMES' is present on page  using regular expression

2024-07-12 21:54:39 - [MESSAGE][PASSED] - Text 'JANAKI JAMES' is present on page  using regular expression

2024-07-12 21:54:39 - [TEST_STEP][PASSED] - verifyTextPresent("Address Line 1", true): Text 'Address Line 1' is present on page  using regular expression

2024-07-12 21:54:39 - [MESSAGE][PASSED] - Text 'Address Line 1' is present on page  using regular expression

2024-07-12 21:54:39 - [TEST_STEP][PASSED] - verifyTextPresent("Address Line 2", true): Text 'Address Line 2' is present on page  using regular expression

2024-07-12 21:54:40 - [MESSAGE][PASSED] - Text 'Address Line 2' is present on page  using regular expression

2024-07-12 21:54:40 - [TEST_STEP][PASSED] - verifyTextPresent("Country", true): Text 'Country' is present on page  using regular expression

2024-07-12 21:54:40 - [MESSAGE][PASSED] - Text 'Country' is present on page  using regular expression

2024-07-12 21:54:40 - [TEST_STEP][PASSED] - verifyTextPresent("City", true): Text 'City' is present on page  using regular expression

2024-07-12 21:54:40 - [MESSAGE][PASSED] - Text 'City' is present on page  using regular expression

2024-07-12 21:54:40 - [TEST_STEP][PASSED] - verifyTextPresent("State", true): Text 'State' is present on page  using regular expression

2024-07-12 21:54:41 - [MESSAGE][PASSED] - Text 'State' is present on page  using regular expression

2024-07-12 21:54:41 - [TEST_STEP][PASSED] - verifyTextPresent("ZIP Code", true): Text 'ZIP Code' is present on page  using regular expression

2024-07-12 21:54:41 - [MESSAGE][PASSED] - Text 'ZIP Code' is present on page  using regular expression

2024-07-12 21:54:41 - [TEST_STEP][PASSED] - verifyTextPresent(al1V, true): Text '1478 Jhatka Palace' is present on page  using regular expression

2024-07-12 21:54:41 - [MESSAGE][PASSED] - Text '1478 Jhatka Palace' is present on page  using regular expression

2024-07-12 21:54:41 - [TEST_STEP][PASSED] - verifyTextPresent(al2V, true): Text 'Suite 500' is present on page  using regular expression

2024-07-12 21:54:42 - [MESSAGE][PASSED] - Text 'Suite 500' is present on page  using regular expression

2024-07-12 21:54:42 - [TEST_STEP][PASSED] - verifyTextPresent("United States", true): Text 'United States' is present on page  using regular expression

2024-07-12 21:54:42 - [MESSAGE][PASSED] - Text 'United States' is present on page  using regular expression

2024-07-12 21:54:42 - [TEST_STEP][PASSED] - verifyTextPresent("ARLINGTON", true): Text 'ARLINGTON' is present on page  using regular expression

2024-07-12 21:54:43 - [MESSAGE][PASSED] - Text 'ARLINGTON' is present on page  using regular expression

2024-07-12 21:54:43 - [TEST_STEP][PASSED] - verifyTextPresent("Virginia", true): Text 'Virginia' is present on page  using regular expression

2024-07-12 21:54:43 - [MESSAGE][PASSED] - Text 'Virginia' is present on page  using regular expression

2024-07-12 21:54:43 - [TEST_STEP][PASSED] - verifyTextPresent(zipV, true): Text '22201' is present on page  using regular expression

2024-07-12 21:54:43 - [MESSAGE][PASSED] - Text '22201' is present on page  using regular expression

2024-07-12 21:54:43 - [TEST_STEP][PASSED] - verifyTextPresent(cardTypeV, true): Text 'MasterCard' is present on page  using regular expression

2024-07-12 21:54:44 - [MESSAGE][PASSED] - Text 'MasterCard' is present on page  using regular expression

2024-07-12 21:54:44 - [TEST_STEP][PASSED] - verifyTextPresent(last4V, true): Text '0035' is present on page  using regular expression

2024-07-12 21:54:44 - [MESSAGE][PASSED] - Text '0035' is present on page  using regular expression

2024-07-12 21:54:44 - [TEST_STEP][PASSED] - closeBrowser(): Browser is closed

2024-07-12 21:54:45 - [MESSAGE][PASSED] - Browser is closed

2024-07-12 21:54:45 - [TEST_STEP][PASSED] - ExecuteTC = findTestData(dataFile).getValue("Execute", row): null

2024-07-12 21:54:45 - [TEST_STEP][PASSED] - out.println("Value of Execute is : " + ExecuteTC): null

2024-07-12 21:54:45 - [TEST_STEP][PASSED] - switch (executionProfile): null

2024-07-12 21:54:45 - [TEST_STEP][PASSED] - case "QA2Profile":: null

2024-07-12 21:54:45 - [TEST_STEP][PASSED] - appName = findTestData(dataFile).getValue("AppNameQA", row): null

2024-07-12 21:54:45 - [TEST_STEP][PASSED] - appID = findTestData(dataFile).getValue("AppIDQA", row): null

2024-07-12 21:54:45 - [TEST_STEP][PASSED] - break: null

2024-07-12 21:54:45 - [TEST_STEP][PASSED] - hrefAppID = li_1 + appID + li_2: null

2024-07-12 21:54:45 - [TEST_STEP][PASSED] - hrefApp = li_1 + appID + "/": null

2024-07-12 21:54:45 - [TEST_STEP][PASSED] - println("hrefApp : " + hrefApp): null

2024-07-12 21:54:45 - [TEST_STEP][PASSED] - if (ExecuteTC.equalsIgnoreCase("Y")): Browser is closed

2024-07-12 21:54:45 - [TEST_STEP][PASSED] - out.println("Begin Record Number: " + row): null

2024-07-12 21:54:45 - [TEST_STEP][PASSED] - today = new java.util.Date(): null

2024-07-12 21:54:45 - [TEST_STEP][PASSED] - println(today): null

2024-07-12 21:54:45 - [TEST_STEP][PASSED] - datText = today: null

2024-07-12 21:54:45 - [TEST_STEP][PASSED] - adminSuiteBootstrap.loginFunctionality.login_AdminSuite(): adminSuiteBootstrap.loginFunctionality.login_AdminSuite is PASSED

2024-07-12 21:54:45 - [MESSAGE][INFO] - Starting 'Chrome' driver

2024-07-12 21:54:45 - [MESSAGE][INFO] - User set preference: ['acceptInsecureCerts', 'true']

2024-07-12 21:54:45 - [MESSAGE][INFO] - Action delay is set to 0 milliseconds

2024-07-12 21:54:48 - [MESSAGE][PASSED] - Browser is opened with url: 'https://qa2.velocitypayment.com/admin/imtiaz'

2024-07-12 21:54:48 - [MESSAGE][PASSED] - Current window maximized

2024-07-12 21:54:49 - [MESSAGE][PASSED] - Object 'Object Repository/Login_Page/Login_Username_Okta' is present

2024-07-12 21:54:50 - [MESSAGE][PASSED] - Text 'iahmed' is set on object 'Object Repository/Login_Page/Login_Username_Okta'

2024-07-12 21:54:50 - [MESSAGE][PASSED] - Text 'Hello!6666666' is set on object 'Object Repository/Login_Page/Login_Password_Okta'

2024-07-12 21:54:51 - [MESSAGE][PASSED] - Object: 'Object Repository/Login_Page/Login_Submit_Okta' is clicked on

2024-07-12 21:54:51 - [MESSAGE][PASSED] - adminSuiteBootstrap.loginFunctionality.login_AdminSuite is PASSED

2024-07-12 21:54:51 - [TEST_STEP][PASSED] - click(findTestObject(path_Dashboard + appName)): Object: 'Object Repository/AdminSuiteBootstrap_Pages/Dashboard_Bootstrap/a_Access AutoNoCFtp' is clicked on

2024-07-12 21:54:59 - [MESSAGE][PASSED] - Object: 'Object Repository/AdminSuiteBootstrap_Pages/Dashboard_Bootstrap/a_Access AutoNoCFtp' is clicked on

2024-07-12 21:54:59 - [TEST_STEP][PASSED] - click(findTestObject(path_VT + "button_Authorization  Capture (Sale)")): Object: 'Object Repository/AdminSuiteBootstrap_Pages/VT_Bootstrap/IssueTransactions/button_Authorization  Capture (Sale)' is clicked on

2024-07-12 21:55:00 - [MESSAGE][PASSED] - Object: 'Object Repository/AdminSuiteBootstrap_Pages/VT_Bootstrap/IssueTransactions/button_Authorization  Capture (Sale)' is clicked on

2024-07-12 21:55:00 - [TEST_STEP][PASSED] - saleKeyboardEntryLink = modifyObjectProperty(findTestObject(path_VT + "a_KeyboardEntry_Sale"), "href", "equals", hrefAppID, true): Modify property of object successfully

2024-07-12 21:55:00 - [MESSAGE][PASSED] - Modify property of object successfully

2024-07-12 21:55:00 - [TEST_STEP][PASSED] - click(saleKeyboardEntryLink): Object: 'Object Repository/AdminSuiteBootstrap_Pages/VT_Bootstrap/IssueTransactions/a_KeyboardEntry_Sale' is clicked on

2024-07-12 21:55:01 - [MESSAGE][PASSED] - Object: 'Object Repository/AdminSuiteBootstrap_Pages/VT_Bootstrap/IssueTransactions/a_KeyboardEntry_Sale' is clicked on

2024-07-12 21:55:01 - [TEST_STEP][PASSED] - adminSuiteBootstrap.virtualTerminalSetData.saleKeyboard_DataDriven(row, dataFile): adminSuiteBootstrap.virtualTerminalSetData.saleKeyboard_DataDriven is PASSED

2024-07-12 21:55:04 - [MESSAGE][PASSED] - Text 'Janaki James' is set on object 'Object Repository/AdminSuiteBootstrap_Pages/VT_Bootstrap/SaleKeyboard/input_cardName'

2024-07-12 21:55:05 - [MESSAGE][PASSED] - All options with value 'MOTO' are selected in object 'Object Repository/AdminSuiteBootstrap_Pages/VT_Bootstrap/SaleKeyboard/select_transactionCategory'  using regular expression

2024-07-12 21:55:06 - [MESSAGE][PASSED] - Execute JavaScript 'arguments[0].value ='371449635392376' ' successfully

2024-07-12 21:55:06 - [MESSAGE][PASSED] - Execute JavaScript 'arguments[0].value ='123' ' successfully

2024-07-12 21:55:07 - [MESSAGE][PASSED] - All options with value '12' are selected in object 'Object Repository/AdminSuiteBootstrap_Pages/VT_Bootstrap/SaleKeyboard/select_MM'  using regular expression

2024-07-12 21:55:08 - [MESSAGE][PASSED] - All options with value '2025' are selected in object 'Object Repository/AdminSuiteBootstrap_Pages/VT_Bootstrap/SaleKeyboard/select_YYYY'  using regular expression

2024-07-12 21:55:09 - [MESSAGE][PASSED] - Text '550 Swan Lake' is set on object 'Object Repository/AdminSuiteBootstrap_Pages/VT_Bootstrap/SaleKeyboard/input__address'

2024-07-12 21:55:10 - [MESSAGE][PASSED] - Text 'Suite 500' is set on object 'Object Repository/AdminSuiteBootstrap_Pages/VT_Bootstrap/SaleKeyboard/input__address2'

2024-07-12 21:55:10 - [MESSAGE][PASSED] - Text '22201' is set on object 'Object Repository/AdminSuiteBootstrap_Pages/VT_Bootstrap/SaleKeyboard/input__zip'

2024-07-12 21:55:11 - [MESSAGE][PASSED] - Text '' is set on object 'Object Repository/AdminSuiteBootstrap_Pages/VT_Bootstrap/SaleKeyboard/input_emailAddress'

2024-07-12 21:55:13 - [MESSAGE][PASSED] - Text '' is set on object 'Object Repository/AdminSuiteBootstrap_Pages/VT_Bootstrap/SaleKeyboard/input_smsNumber'

2024-07-12 21:55:13 - [MESSAGE][PASSED] - Text '10.50' is set on object 'Object Repository/AdminSuiteBootstrap_Pages/VT_Bootstrap/SaleKeyboard/input_amount'

2024-07-12 21:55:14 - [MESSAGE][PASSED] - Text 'Australia' is set on object 'Object Repository/AdminSuiteBootstrap_Pages/VT_Bootstrap/SaleKeyboard/input_userDefined1'

2024-07-12 21:55:15 - [MESSAGE][PASSED] - Text 'Denmark' is set on object 'Object Repository/AdminSuiteBootstrap_Pages/VT_Bootstrap/SaleKeyboard/input_userDefined2'

2024-07-12 21:55:15 - [MESSAGE][PASSED] - Text 'Sweden' is set on object 'Object Repository/AdminSuiteBootstrap_Pages/VT_Bootstrap/SaleKeyboard/input_userDefined3'

2024-07-12 21:55:16 - [MESSAGE][PASSED] - Text 'Austria' is set on object 'Object Repository/AdminSuiteBootstrap_Pages/VT_Bootstrap/SaleKeyboard/input_userDefined4'

2024-07-12 21:55:17 - [MESSAGE][PASSED] - All options with label 'Orange' are selected in object 'Object Repository/AdminSuiteBootstrap_Pages/VT_Bootstrap/SaleKeyboard/select_UDF5_DropDown'  using regular expression

2024-07-12 21:55:18 - [MESSAGE][PASSED] - All options with label 'Yellow' are selected in object 'Object Repository/AdminSuiteBootstrap_Pages/VT_Bootstrap/SaleKeyboard/select_UDF6_DropDown'  using regular expression

2024-07-12 21:55:19 - [MESSAGE][PASSED] - Text 'Norway' is set on object 'Object Repository/AdminSuiteBootstrap_Pages/VT_Bootstrap/SaleKeyboard/input_userDefined7'

2024-07-12 21:55:19 - [MESSAGE][PASSED] - Text 'Netherlands' is set on object 'Object Repository/AdminSuiteBootstrap_Pages/VT_Bootstrap/SaleKeyboard/input_userDefined8'

2024-07-12 21:55:20 - [MESSAGE][PASSED] - Text 'Switzerland' is set on object 'Object Repository/AdminSuiteBootstrap_Pages/VT_Bootstrap/SaleKeyboard/input_userDefined9'

2024-07-12 21:55:21 - [MESSAGE][PASSED] - Text 'France' is set on object 'Object Repository/AdminSuiteBootstrap_Pages/VT_Bootstrap/SaleKeyboard/input_userDefined10'

2024-07-12 21:55:22 - [MESSAGE][PASSED] - Object: 'Object Repository/AdminSuiteBootstrap_Pages/VT_Bootstrap/SaleKeyboard/button_Submit' is clicked on

2024-07-12 21:55:22 - [MESSAGE][PASSED] - adminSuiteBootstrap.virtualTerminalSetData.saleKeyboard_DataDriven is PASSED

2024-07-12 21:55:22 - [TEST_STEP][PASSED] - verifyTextPresent("Transaction Successful", true): Text 'Transaction Successful' is present on page  using regular expression

2024-07-12 21:55:23 - [MESSAGE][PASSED] - Text 'Transaction Successful' is present on page  using regular expression

2024-07-12 21:55:23 - [TEST_STEP][PASSED] - verifyElementVisible(findTestObject("Object Repository/AdminSuiteBootstrap_Pages/VT_Bootstrap/Receipt/button_Continue")): Object 'Object Repository/AdminSuiteBootstrap_Pages/VT_Bootstrap/Receipt/button_Continue' is visible

2024-07-12 21:55:23 - [MESSAGE][PASSED] - Object 'Object Repository/AdminSuiteBootstrap_Pages/VT_Bootstrap/Receipt/button_Continue' is visible

2024-07-12 21:55:23 - [TEST_STEP][PASSED] - verifyElementPresent(findTestObject("Object Repository/AdminSuiteBootstrap_Pages/VT_Bootstrap/Receipt/button_Continue"), 20): Object 'Object Repository/AdminSuiteBootstrap_Pages/VT_Bootstrap/Receipt/button_Continue' is present

2024-07-12 21:55:24 - [MESSAGE][PASSED] - Object 'Object Repository/AdminSuiteBootstrap_Pages/VT_Bootstrap/Receipt/button_Continue' is present

2024-07-12 21:55:24 - [TEST_STEP][PASSED] - verifyElementVisible(findTestObject("Object Repository/AdminSuiteBootstrap_Pages/VT_Bootstrap/Receipt/button_Print")): Object 'Object Repository/AdminSuiteBootstrap_Pages/VT_Bootstrap/Receipt/button_Print' is visible

2024-07-12 21:55:24 - [MESSAGE][PASSED] - Object 'Object Repository/AdminSuiteBootstrap_Pages/VT_Bootstrap/Receipt/button_Print' is visible

2024-07-12 21:55:24 - [TEST_STEP][PASSED] - verifyElementPresent(findTestObject("Object Repository/AdminSuiteBootstrap_Pages/VT_Bootstrap/Receipt/button_Print"), 20): Object 'Object Repository/AdminSuiteBootstrap_Pages/VT_Bootstrap/Receipt/button_Print' is present

2024-07-12 21:55:24 - [MESSAGE][PASSED] - Object 'Object Repository/AdminSuiteBootstrap_Pages/VT_Bootstrap/Receipt/button_Print' is present

2024-07-12 21:55:24 - [TEST_STEP][PASSED] - verifyTextPresent("Remittance ID", true): Text 'Remittance ID' is present on page  using regular expression

2024-07-12 21:55:25 - [MESSAGE][PASSED] - Text 'Remittance ID' is present on page  using regular expression

2024-07-12 21:55:25 - [TEST_STEP][PASSED] - verifyTextPresent("Received", true): Text 'Received' is present on page  using regular expression

2024-07-12 21:55:25 - [MESSAGE][PASSED] - Text 'Received' is present on page  using regular expression

2024-07-12 21:55:25 - [TEST_STEP][PASSED] - verifyTextPresent("UDF1", true): Text 'UDF1' is present on page  using regular expression

2024-07-12 21:55:25 - [MESSAGE][PASSED] - Text 'UDF1' is present on page  using regular expression

2024-07-12 21:55:25 - [TEST_STEP][PASSED] - verifyTextPresent("UDF2", true): Text 'UDF2' is present on page  using regular expression

2024-07-12 21:55:26 - [MESSAGE][PASSED] - Text 'UDF2' is present on page  using regular expression

2024-07-12 21:55:26 - [TEST_STEP][PASSED] - verifyTextPresent("UDF3", true): Text 'UDF3' is present on page  using regular expression

2024-07-12 21:55:26 - [MESSAGE][PASSED] - Text 'UDF3' is present on page  using regular expression

2024-07-12 21:55:26 - [TEST_STEP][PASSED] - verifyTextPresent("UDF4", true): Text 'UDF4' is present on page  using regular expression

2024-07-12 21:55:26 - [MESSAGE][PASSED] - Text 'UDF4' is present on page  using regular expression

2024-07-12 21:55:26 - [TEST_STEP][PASSED] - verifyTextPresent("UDF5", true): Text 'UDF5' is present on page  using regular expression

2024-07-12 21:55:27 - [MESSAGE][PASSED] - Text 'UDF5' is present on page  using regular expression

2024-07-12 21:55:27 - [TEST_STEP][PASSED] - verifyTextPresent("UDF6", true): Text 'UDF6' is present on page  using regular expression

2024-07-12 21:55:27 - [MESSAGE][PASSED] - Text 'UDF6' is present on page  using regular expression

2024-07-12 21:55:27 - [TEST_STEP][PASSED] - verifyTextPresent("UDF7", true): Text 'UDF7' is present on page  using regular expression

2024-07-12 21:55:27 - [MESSAGE][PASSED] - Text 'UDF7' is present on page  using regular expression

2024-07-12 21:55:27 - [TEST_STEP][PASSED] - verifyTextPresent("UDF8", true): Text 'UDF8' is present on page  using regular expression

2024-07-12 21:55:28 - [MESSAGE][PASSED] - Text 'UDF8' is present on page  using regular expression

2024-07-12 21:55:28 - [TEST_STEP][PASSED] - verifyTextPresent("UDF9", true): Text 'UDF9' is present on page  using regular expression

2024-07-12 21:55:28 - [MESSAGE][PASSED] - Text 'UDF9' is present on page  using regular expression

2024-07-12 21:55:28 - [TEST_STEP][PASSED] - verifyTextPresent("UDF 10", true): Text 'UDF 10' is present on page  using regular expression

2024-07-12 21:55:28 - [MESSAGE][PASSED] - Text 'UDF 10' is present on page  using regular expression

2024-07-12 21:55:28 - [TEST_STEP][PASSED] - verifyTextPresent("Australia", true): Text 'Australia' is present on page  using regular expression

2024-07-12 21:55:28 - [MESSAGE][PASSED] - Text 'Australia' is present on page  using regular expression

2024-07-12 21:55:28 - [TEST_STEP][PASSED] - verifyTextPresent("Denmark", true): Text 'Denmark' is present on page  using regular expression

2024-07-12 21:55:29 - [MESSAGE][PASSED] - Text 'Denmark' is present on page  using regular expression

2024-07-12 21:55:29 - [TEST_STEP][PASSED] - verifyTextPresent("Sweden", true): Text 'Sweden' is present on page  using regular expression

2024-07-12 21:55:29 - [MESSAGE][PASSED] - Text 'Sweden' is present on page  using regular expression

2024-07-12 21:55:29 - [TEST_STEP][PASSED] - verifyTextPresent("Austria", true): Text 'Austria' is present on page  using regular expression

2024-07-12 21:55:29 - [MESSAGE][PASSED] - Text 'Austria' is present on page  using regular expression

2024-07-12 21:55:29 - [TEST_STEP][PASSED] - verifyTextPresent("Orange Recorded", true): Text 'Orange Recorded' is present on page  using regular expression

2024-07-12 21:55:30 - [MESSAGE][PASSED] - Text 'Orange Recorded' is present on page  using regular expression

2024-07-12 21:55:30 - [TEST_STEP][PASSED] - verifyTextPresent("Yellow Recorded", true): Text 'Yellow Recorded' is present on page  using regular expression

2024-07-12 21:55:30 - [MESSAGE][PASSED] - Text 'Yellow Recorded' is present on page  using regular expression

2024-07-12 21:55:30 - [TEST_STEP][PASSED] - verifyTextPresent("Norway", true): Text 'Norway' is present on page  using regular expression

2024-07-12 21:55:30 - [MESSAGE][PASSED] - Text 'Norway' is present on page  using regular expression

2024-07-12 21:55:30 - [TEST_STEP][PASSED] - verifyTextPresent("Netherlands", true): Text 'Netherlands' is present on page  using regular expression

2024-07-12 21:55:30 - [MESSAGE][PASSED] - Text 'Netherlands' is present on page  using regular expression

2024-07-12 21:55:30 - [TEST_STEP][PASSED] - verifyTextPresent("Switzerland", true): Text 'Switzerland' is present on page  using regular expression

2024-07-12 21:55:31 - [MESSAGE][PASSED] - Text 'Switzerland' is present on page  using regular expression

2024-07-12 21:55:31 - [TEST_STEP][PASSED] - verifyTextPresent("France", true): Text 'France' is present on page  using regular expression

2024-07-12 21:55:31 - [MESSAGE][PASSED] - Text 'France' is present on page  using regular expression

2024-07-12 21:55:31 - [TEST_STEP][PASSED] - verifyTextPresent("Amount", true): Text 'Amount' is present on page  using regular expression

2024-07-12 21:55:31 - [MESSAGE][PASSED] - Text 'Amount' is present on page  using regular expression

2024-07-12 21:55:31 - [TEST_STEP][PASSED] - verifyTextPresent("Total Amount", true): Text 'Total Amount' is present on page  using regular expression

2024-07-12 21:55:32 - [MESSAGE][PASSED] - Text 'Total Amount' is present on page  using regular expression

2024-07-12 21:55:32 - [TEST_STEP][PASSED] - verifyTextPresent("Transaction Type", true): Text 'Transaction Type' is present on page  using regular expression

2024-07-12 21:55:32 - [MESSAGE][PASSED] - Text 'Transaction Type' is present on page  using regular expression

2024-07-12 21:55:32 - [TEST_STEP][PASSED] - verifyTextPresent("10.50", true): Text '10.50' is present on page  using regular expression

2024-07-12 21:55:32 - [MESSAGE][PASSED] - Text '10.50' is present on page  using regular expression

2024-07-12 21:55:32 - [TEST_STEP][PASSED] - verifyTextPresent("Authorization and Capture", true): Text 'Authorization and Capture' is present on page  using regular expression

2024-07-12 21:55:33 - [MESSAGE][PASSED] - Text 'Authorization and Capture' is present on page  using regular expression

2024-07-12 21:55:33 - [TEST_STEP][PASSED] - verifyTextPresent("Card Information", true): Text 'Card Information' is present on page  using regular expression

2024-07-12 21:55:33 - [MESSAGE][PASSED] - Text 'Card Information' is present on page  using regular expression

2024-07-12 21:55:33 - [TEST_STEP][PASSED] - cardNameV = findTestData(dataFile).getValue("CardNameV", row): null

2024-07-12 21:55:33 - [TEST_STEP][PASSED] - al1V = findTestData(dataFile).getValue("AL1", row): null

2024-07-12 21:55:33 - [TEST_STEP][PASSED] - al2V = findTestData(dataFile).getValue("AL2", row): null

2024-07-12 21:55:33 - [TEST_STEP][PASSED] - zipV = findTestData(dataFile).getValue("ZIP", row): null

2024-07-12 21:55:33 - [TEST_STEP][PASSED] - cardTypeV = findTestData(dataFile).getValue("CardType", row): null

2024-07-12 21:55:33 - [TEST_STEP][PASSED] - last4V = findTestData(dataFile).getValue("Last4", row): null

2024-07-12 21:55:34 - [TEST_STEP][PASSED] - verifyTextPresent(cardNameV, true): Text 'JANAKI JAMES' is present on page  using regular expression

2024-07-12 21:55:34 - [MESSAGE][PASSED] - Text 'JANAKI JAMES' is present on page  using regular expression

2024-07-12 21:55:34 - [TEST_STEP][PASSED] - verifyTextPresent("Address Line 1", true): Text 'Address Line 1' is present on page  using regular expression

2024-07-12 21:55:34 - [MESSAGE][PASSED] - Text 'Address Line 1' is present on page  using regular expression

2024-07-12 21:55:34 - [TEST_STEP][PASSED] - verifyTextPresent("Address Line 2", true): Text 'Address Line 2' is present on page  using regular expression

2024-07-12 21:55:35 - [MESSAGE][PASSED] - Text 'Address Line 2' is present on page  using regular expression

2024-07-12 21:55:35 - [TEST_STEP][PASSED] - verifyTextPresent("Country", true): Text 'Country' is present on page  using regular expression

2024-07-12 21:55:35 - [MESSAGE][PASSED] - Text 'Country' is present on page  using regular expression

2024-07-12 21:55:35 - [TEST_STEP][PASSED] - verifyTextPresent("City", true): Text 'City' is present on page  using regular expression

2024-07-12 21:55:35 - [MESSAGE][PASSED] - Text 'City' is present on page  using regular expression

2024-07-12 21:55:35 - [TEST_STEP][PASSED] - verifyTextPresent("State", true): Text 'State' is present on page  using regular expression

2024-07-12 21:55:36 - [MESSAGE][PASSED] - Text 'State' is present on page  using regular expression

2024-07-12 21:55:36 - [TEST_STEP][PASSED] - verifyTextPresent("ZIP Code", true): Text 'ZIP Code' is present on page  using regular expression

2024-07-12 21:55:36 - [MESSAGE][PASSED] - Text 'ZIP Code' is present on page  using regular expression

2024-07-12 21:55:36 - [TEST_STEP][PASSED] - verifyTextPresent(al1V, true): Text '550 Swan Lake' is present on page  using regular expression

2024-07-12 21:55:36 - [MESSAGE][PASSED] - Text '550 Swan Lake' is present on page  using regular expression

2024-07-12 21:55:36 - [TEST_STEP][PASSED] - verifyTextPresent(al2V, true): Text 'Suite 500' is present on page  using regular expression

2024-07-12 21:55:37 - [MESSAGE][PASSED] - Text 'Suite 500' is present on page  using regular expression

2024-07-12 21:55:37 - [TEST_STEP][PASSED] - verifyTextPresent("United States", true): Text 'United States' is present on page  using regular expression

2024-07-12 21:55:37 - [MESSAGE][PASSED] - Text 'United States' is present on page  using regular expression

2024-07-12 21:55:37 - [TEST_STEP][PASSED] - verifyTextPresent("ARLINGTON", true): Text 'ARLINGTON' is present on page  using regular expression

2024-07-12 21:55:37 - [MESSAGE][PASSED] - Text 'ARLINGTON' is present on page  using regular expression

2024-07-12 21:55:37 - [TEST_STEP][PASSED] - verifyTextPresent("Virginia", true): Text 'Virginia' is present on page  using regular expression

2024-07-12 21:55:38 - [MESSAGE][PASSED] - Text 'Virginia' is present on page  using regular expression

2024-07-12 21:55:38 - [TEST_STEP][PASSED] - verifyTextPresent(zipV, true): Text '22201' is present on page  using regular expression

2024-07-12 21:55:38 - [MESSAGE][PASSED] - Text '22201' is present on page  using regular expression

2024-07-12 21:55:38 - [TEST_STEP][PASSED] - verifyTextPresent(cardTypeV, true): Text 'American Express' is present on page  using regular expression

2024-07-12 21:55:38 - [MESSAGE][PASSED] - Text 'American Express' is present on page  using regular expression

2024-07-12 21:55:38 - [TEST_STEP][PASSED] - verifyTextPresent(last4V, true): Text '2376' is present on page  using regular expression

2024-07-12 21:55:39 - [MESSAGE][PASSED] - Text '2376' is present on page  using regular expression

2024-07-12 21:55:39 - [TEST_STEP][PASSED] - closeBrowser(): Browser is closed

2024-07-12 21:55:40 - [MESSAGE][PASSED] - Browser is closed

2024-07-12 21:55:40 - [TEST_STEP][PASSED] - ExecuteTC = findTestData(dataFile).getValue("Execute", row): null

2024-07-12 21:55:40 - [TEST_STEP][PASSED] - out.println("Value of Execute is : " + ExecuteTC): null

2024-07-12 21:55:40 - [TEST_STEP][PASSED] - switch (executionProfile): null

2024-07-12 21:55:40 - [TEST_STEP][PASSED] - case "QA2Profile":: null

2024-07-12 21:55:40 - [TEST_STEP][PASSED] - appName = findTestData(dataFile).getValue("AppNameQA", row): null

2024-07-12 21:55:40 - [TEST_STEP][PASSED] - appID = findTestData(dataFile).getValue("AppIDQA", row): null

2024-07-12 21:55:40 - [TEST_STEP][PASSED] - break: null

2024-07-12 21:55:40 - [TEST_STEP][PASSED] - hrefAppID = li_1 + appID + li_2: null

2024-07-12 21:55:40 - [TEST_STEP][PASSED] - hrefApp = li_1 + appID + "/": null

2024-07-12 21:55:40 - [TEST_STEP][PASSED] - println("hrefApp : " + hrefApp): null

2024-07-12 21:55:40 - [TEST_STEP][PASSED] - if (ExecuteTC.equalsIgnoreCase("Y")): Browser is closed

2024-07-12 21:55:40 - [TEST_STEP][PASSED] - out.println("Begin Record Number: " + row): null

2024-07-12 21:55:40 - [TEST_STEP][PASSED] - today = new java.util.Date(): null

2024-07-12 21:55:40 - [TEST_STEP][PASSED] - println(today): null

2024-07-12 21:55:40 - [TEST_STEP][PASSED] - datText = today: null

2024-07-12 21:55:40 - [TEST_STEP][PASSED] - adminSuiteBootstrap.loginFunctionality.login_AdminSuite(): adminSuiteBootstrap.loginFunctionality.login_AdminSuite is PASSED

2024-07-12 21:55:40 - [MESSAGE][INFO] - Starting 'Chrome' driver

2024-07-12 21:55:40 - [MESSAGE][INFO] - User set preference: ['acceptInsecureCerts', 'true']

2024-07-12 21:55:40 - [MESSAGE][INFO] - Action delay is set to 0 milliseconds

2024-07-12 21:55:42 - [MESSAGE][PASSED] - Browser is opened with url: 'https://qa2.velocitypayment.com/admin/imtiaz'

2024-07-12 21:55:43 - [MESSAGE][PASSED] - Current window maximized

2024-07-12 21:55:44 - [MESSAGE][PASSED] - Object 'Object Repository/Login_Page/Login_Username_Okta' is present

2024-07-12 21:55:44 - [MESSAGE][PASSED] - Text 'iahmed' is set on object 'Object Repository/Login_Page/Login_Username_Okta'

2024-07-12 21:55:45 - [MESSAGE][PASSED] - Text 'Hello!6666666' is set on object 'Object Repository/Login_Page/Login_Password_Okta'

2024-07-12 21:55:46 - [MESSAGE][PASSED] - Object: 'Object Repository/Login_Page/Login_Submit_Okta' is clicked on

2024-07-12 21:55:46 - [MESSAGE][PASSED] - adminSuiteBootstrap.loginFunctionality.login_AdminSuite is PASSED

2024-07-12 21:55:46 - [TEST_STEP][PASSED] - click(findTestObject(path_Dashboard + appName)): Object: 'Object Repository/AdminSuiteBootstrap_Pages/Dashboard_Bootstrap/a_Access AutoNoCFtp' is clicked on

2024-07-12 21:55:55 - [MESSAGE][PASSED] - Object: 'Object Repository/AdminSuiteBootstrap_Pages/Dashboard_Bootstrap/a_Access AutoNoCFtp' is clicked on

2024-07-12 21:55:55 - [TEST_STEP][PASSED] - click(findTestObject(path_VT + "button_Authorization  Capture (Sale)")): Object: 'Object Repository/AdminSuiteBootstrap_Pages/VT_Bootstrap/IssueTransactions/button_Authorization  Capture (Sale)' is clicked on

2024-07-12 21:55:55 - [MESSAGE][PASSED] - Object: 'Object Repository/AdminSuiteBootstrap_Pages/VT_Bootstrap/IssueTransactions/button_Authorization  Capture (Sale)' is clicked on

2024-07-12 21:55:55 - [TEST_STEP][PASSED] - saleKeyboardEntryLink = modifyObjectProperty(findTestObject(path_VT + "a_KeyboardEntry_Sale"), "href", "equals", hrefAppID, true): Modify property of object successfully

2024-07-12 21:55:55 - [MESSAGE][PASSED] - Modify property of object successfully

2024-07-12 21:55:55 - [TEST_STEP][PASSED] - click(saleKeyboardEntryLink): Object: 'Object Repository/AdminSuiteBootstrap_Pages/VT_Bootstrap/IssueTransactions/a_KeyboardEntry_Sale' is clicked on

2024-07-12 21:55:56 - [MESSAGE][PASSED] - Object: 'Object Repository/AdminSuiteBootstrap_Pages/VT_Bootstrap/IssueTransactions/a_KeyboardEntry_Sale' is clicked on

2024-07-12 21:55:56 - [TEST_STEP][PASSED] - adminSuiteBootstrap.virtualTerminalSetData.saleKeyboard_DataDriven(row, dataFile): adminSuiteBootstrap.virtualTerminalSetData.saleKeyboard_DataDriven is PASSED

2024-07-12 21:55:59 - [MESSAGE][PASSED] - Text 'Janaki James' is set on object 'Object Repository/AdminSuiteBootstrap_Pages/VT_Bootstrap/SaleKeyboard/input_cardName'

2024-07-12 21:56:00 - [MESSAGE][PASSED] - All options with value 'MOTO' are selected in object 'Object Repository/AdminSuiteBootstrap_Pages/VT_Bootstrap/SaleKeyboard/select_transactionCategory'  using regular expression

2024-07-12 21:56:01 - [MESSAGE][PASSED] - Execute JavaScript 'arguments[0].value ='6011000993026909' ' successfully

2024-07-12 21:56:01 - [MESSAGE][PASSED] - Execute JavaScript 'arguments[0].value ='123' ' successfully

2024-07-12 21:56:03 - [MESSAGE][PASSED] - All options with value '12' are selected in object 'Object Repository/AdminSuiteBootstrap_Pages/VT_Bootstrap/SaleKeyboard/select_MM'  using regular expression

2024-07-12 21:56:04 - [MESSAGE][PASSED] - All options with value '2025' are selected in object 'Object Repository/AdminSuiteBootstrap_Pages/VT_Bootstrap/SaleKeyboard/select_YYYY'  using regular expression

2024-07-12 21:56:04 - [MESSAGE][PASSED] - Text '25987 Hill Top' is set on object 'Object Repository/AdminSuiteBootstrap_Pages/VT_Bootstrap/SaleKeyboard/input__address'

2024-07-12 21:56:05 - [MESSAGE][PASSED] - Text 'Suite 500' is set on object 'Object Repository/AdminSuiteBootstrap_Pages/VT_Bootstrap/SaleKeyboard/input__address2'

2024-07-12 21:56:06 - [MESSAGE][PASSED] - Text '22201' is set on object 'Object Repository/AdminSuiteBootstrap_Pages/VT_Bootstrap/SaleKeyboard/input__zip'

2024-07-12 21:56:06 - [MESSAGE][PASSED] - Text '' is set on object 'Object Repository/AdminSuiteBootstrap_Pages/VT_Bootstrap/SaleKeyboard/input_emailAddress'

2024-07-12 21:56:08 - [MESSAGE][PASSED] - Text '' is set on object 'Object Repository/AdminSuiteBootstrap_Pages/VT_Bootstrap/SaleKeyboard/input_smsNumber'

2024-07-12 21:56:08 - [MESSAGE][PASSED] - Text '10.50' is set on object 'Object Repository/AdminSuiteBootstrap_Pages/VT_Bootstrap/SaleKeyboard/input_amount'

2024-07-12 21:56:09 - [MESSAGE][PASSED] - Text 'Australia' is set on object 'Object Repository/AdminSuiteBootstrap_Pages/VT_Bootstrap/SaleKeyboard/input_userDefined1'

2024-07-12 21:56:10 - [MESSAGE][PASSED] - Text 'Denmark' is set on object 'Object Repository/AdminSuiteBootstrap_Pages/VT_Bootstrap/SaleKeyboard/input_userDefined2'

2024-07-12 21:56:11 - [MESSAGE][PASSED] - Text 'Sweden' is set on object 'Object Repository/AdminSuiteBootstrap_Pages/VT_Bootstrap/SaleKeyboard/input_userDefined3'

2024-07-12 21:56:11 - [MESSAGE][PASSED] - Text 'Austria' is set on object 'Object Repository/AdminSuiteBootstrap_Pages/VT_Bootstrap/SaleKeyboard/input_userDefined4'

2024-07-12 21:56:12 - [MESSAGE][PASSED] - All options with label 'Orange' are selected in object 'Object Repository/AdminSuiteBootstrap_Pages/VT_Bootstrap/SaleKeyboard/select_UDF5_DropDown'  using regular expression

2024-07-12 21:56:13 - [MESSAGE][PASSED] - All options with label 'Yellow' are selected in object 'Object Repository/AdminSuiteBootstrap_Pages/VT_Bootstrap/SaleKeyboard/select_UDF6_DropDown'  using regular expression

2024-07-12 21:56:14 - [MESSAGE][PASSED] - Text 'Norway' is set on object 'Object Repository/AdminSuiteBootstrap_Pages/VT_Bootstrap/SaleKeyboard/input_userDefined7'

2024-07-12 21:56:15 - [MESSAGE][PASSED] - Text 'Netherlands' is set on object 'Object Repository/AdminSuiteBootstrap_Pages/VT_Bootstrap/SaleKeyboard/input_userDefined8'

2024-07-12 21:56:15 - [MESSAGE][PASSED] - Text 'Switzerland' is set on object 'Object Repository/AdminSuiteBootstrap_Pages/VT_Bootstrap/SaleKeyboard/input_userDefined9'

2024-07-12 21:56:16 - [MESSAGE][PASSED] - Text 'France' is set on object 'Object Repository/AdminSuiteBootstrap_Pages/VT_Bootstrap/SaleKeyboard/input_userDefined10'

2024-07-12 21:56:18 - [MESSAGE][PASSED] - Object: 'Object Repository/AdminSuiteBootstrap_Pages/VT_Bootstrap/SaleKeyboard/button_Submit' is clicked on

2024-07-12 21:56:18 - [MESSAGE][PASSED] - adminSuiteBootstrap.virtualTerminalSetData.saleKeyboard_DataDriven is PASSED

2024-07-12 21:56:18 - [TEST_STEP][PASSED] - verifyTextPresent("Transaction Successful", true): Text 'Transaction Successful' is present on page  using regular expression

2024-07-12 21:56:19 - [MESSAGE][PASSED] - Text 'Transaction Successful' is present on page  using regular expression

2024-07-12 21:56:19 - [TEST_STEP][PASSED] - verifyElementVisible(findTestObject("Object Repository/AdminSuiteBootstrap_Pages/VT_Bootstrap/Receipt/button_Continue")): Object 'Object Repository/AdminSuiteBootstrap_Pages/VT_Bootstrap/Receipt/button_Continue' is visible

2024-07-12 21:56:19 - [MESSAGE][PASSED] - Object 'Object Repository/AdminSuiteBootstrap_Pages/VT_Bootstrap/Receipt/button_Continue' is visible

2024-07-12 21:56:19 - [TEST_STEP][PASSED] - verifyElementPresent(findTestObject("Object Repository/AdminSuiteBootstrap_Pages/VT_Bootstrap/Receipt/button_Continue"), 20): Object 'Object Repository/AdminSuiteBootstrap_Pages/VT_Bootstrap/Receipt/button_Continue' is present

2024-07-12 21:56:20 - [MESSAGE][PASSED] - Object 'Object Repository/AdminSuiteBootstrap_Pages/VT_Bootstrap/Receipt/button_Continue' is present

2024-07-12 21:56:20 - [TEST_STEP][PASSED] - verifyElementVisible(findTestObject("Object Repository/AdminSuiteBootstrap_Pages/VT_Bootstrap/Receipt/button_Print")): Object 'Object Repository/AdminSuiteBootstrap_Pages/VT_Bootstrap/Receipt/button_Print' is visible

2024-07-12 21:56:20 - [MESSAGE][PASSED] - Object 'Object Repository/AdminSuiteBootstrap_Pages/VT_Bootstrap/Receipt/button_Print' is visible

2024-07-12 21:56:20 - [TEST_STEP][PASSED] - verifyElementPresent(findTestObject("Object Repository/AdminSuiteBootstrap_Pages/VT_Bootstrap/Receipt/button_Print"), 20): Object 'Object Repository/AdminSuiteBootstrap_Pages/VT_Bootstrap/Receipt/button_Print' is present

2024-07-12 21:56:20 - [MESSAGE][PASSED] - Object 'Object Repository/AdminSuiteBootstrap_Pages/VT_Bootstrap/Receipt/button_Print' is present

2024-07-12 21:56:20 - [TEST_STEP][PASSED] - verifyTextPresent("Remittance ID", true): Text 'Remittance ID' is present on page  using regular expression

2024-07-12 21:56:21 - [MESSAGE][PASSED] - Text 'Remittance ID' is present on page  using regular expression

2024-07-12 21:56:21 - [TEST_STEP][PASSED] - verifyTextPresent("Received", true): Text 'Received' is present on page  using regular expression

2024-07-12 21:56:21 - [MESSAGE][PASSED] - Text 'Received' is present on page  using regular expression

2024-07-12 21:56:21 - [TEST_STEP][PASSED] - verifyTextPresent("UDF1", true): Text 'UDF1' is present on page  using regular expression

2024-07-12 21:56:21 - [MESSAGE][PASSED] - Text 'UDF1' is present on page  using regular expression

2024-07-12 21:56:21 - [TEST_STEP][PASSED] - verifyTextPresent("UDF2", true): Text 'UDF2' is present on page  using regular expression

2024-07-12 21:56:22 - [MESSAGE][PASSED] - Text 'UDF2' is present on page  using regular expression

2024-07-12 21:56:22 - [TEST_STEP][PASSED] - verifyTextPresent("UDF3", true): Text 'UDF3' is present on page  using regular expression

2024-07-12 21:56:22 - [MESSAGE][PASSED] - Text 'UDF3' is present on page  using regular expression

2024-07-12 21:56:22 - [TEST_STEP][PASSED] - verifyTextPresent("UDF4", true): Text 'UDF4' is present on page  using regular expression

2024-07-12 21:56:22 - [MESSAGE][PASSED] - Text 'UDF4' is present on page  using regular expression

2024-07-12 21:56:22 - [TEST_STEP][PASSED] - verifyTextPresent("UDF5", true): Text 'UDF5' is present on page  using regular expression

2024-07-12 21:56:23 - [MESSAGE][PASSED] - Text 'UDF5' is present on page  using regular expression

2024-07-12 21:56:23 - [TEST_STEP][PASSED] - verifyTextPresent("UDF6", true): Text 'UDF6' is present on page  using regular expression

2024-07-12 21:56:23 - [MESSAGE][PASSED] - Text 'UDF6' is present on page  using regular expression

2024-07-12 21:56:23 - [TEST_STEP][PASSED] - verifyTextPresent("UDF7", true): Text 'UDF7' is present on page  using regular expression

2024-07-12 21:56:23 - [MESSAGE][PASSED] - Text 'UDF7' is present on page  using regular expression

2024-07-12 21:56:23 - [TEST_STEP][PASSED] - verifyTextPresent("UDF8", true): Text 'UDF8' is present on page  using regular expression

2024-07-12 21:56:24 - [MESSAGE][PASSED] - Text 'UDF8' is present on page  using regular expression

2024-07-12 21:56:24 - [TEST_STEP][PASSED] - verifyTextPresent("UDF9", true): Text 'UDF9' is present on page  using regular expression

2024-07-12 21:56:24 - [MESSAGE][PASSED] - Text 'UDF9' is present on page  using regular expression

2024-07-12 21:56:24 - [TEST_STEP][PASSED] - verifyTextPresent("UDF 10", true): Text 'UDF 10' is present on page  using regular expression

2024-07-12 21:56:24 - [MESSAGE][PASSED] - Text 'UDF 10' is present on page  using regular expression

2024-07-12 21:56:24 - [TEST_STEP][PASSED] - verifyTextPresent("Australia", true): Text 'Australia' is present on page  using regular expression

2024-07-12 21:56:25 - [MESSAGE][PASSED] - Text 'Australia' is present on page  using regular expression

2024-07-12 21:56:25 - [TEST_STEP][PASSED] - verifyTextPresent("Denmark", true): Text 'Denmark' is present on page  using regular expression

2024-07-12 21:56:25 - [MESSAGE][PASSED] - Text 'Denmark' is present on page  using regular expression

2024-07-12 21:56:25 - [TEST_STEP][PASSED] - verifyTextPresent("Sweden", true): Text 'Sweden' is present on page  using regular expression

2024-07-12 21:56:25 - [MESSAGE][PASSED] - Text 'Sweden' is present on page  using regular expression

2024-07-12 21:56:25 - [TEST_STEP][PASSED] - verifyTextPresent("Austria", true): Text 'Austria' is present on page  using regular expression

2024-07-12 21:56:26 - [MESSAGE][PASSED] - Text 'Austria' is present on page  using regular expression

2024-07-12 21:56:26 - [TEST_STEP][PASSED] - verifyTextPresent("Orange Recorded", true): Text 'Orange Recorded' is present on page  using regular expression

2024-07-12 21:56:26 - [MESSAGE][PASSED] - Text 'Orange Recorded' is present on page  using regular expression

2024-07-12 21:56:26 - [TEST_STEP][PASSED] - verifyTextPresent("Yellow Recorded", true): Text 'Yellow Recorded' is present on page  using regular expression

2024-07-12 21:56:26 - [MESSAGE][PASSED] - Text 'Yellow Recorded' is present on page  using regular expression

2024-07-12 21:56:26 - [TEST_STEP][PASSED] - verifyTextPresent("Norway", true): Text 'Norway' is present on page  using regular expression

2024-07-12 21:56:27 - [MESSAGE][PASSED] - Text 'Norway' is present on page  using regular expression

2024-07-12 21:56:27 - [TEST_STEP][PASSED] - verifyTextPresent("Netherlands", true): Text 'Netherlands' is present on page  using regular expression

2024-07-12 21:56:27 - [MESSAGE][PASSED] - Text 'Netherlands' is present on page  using regular expression

2024-07-12 21:56:27 - [TEST_STEP][PASSED] - verifyTextPresent("Switzerland", true): Text 'Switzerland' is present on page  using regular expression

2024-07-12 21:56:27 - [MESSAGE][PASSED] - Text 'Switzerland' is present on page  using regular expression

2024-07-12 21:56:27 - [TEST_STEP][PASSED] - verifyTextPresent("France", true): Text 'France' is present on page  using regular expression

2024-07-12 21:56:28 - [MESSAGE][PASSED] - Text 'France' is present on page  using regular expression

2024-07-12 21:56:28 - [TEST_STEP][PASSED] - verifyTextPresent("Amount", true): Text 'Amount' is present on page  using regular expression

2024-07-12 21:56:28 - [MESSAGE][PASSED] - Text 'Amount' is present on page  using regular expression

2024-07-12 21:56:28 - [TEST_STEP][PASSED] - verifyTextPresent("Total Amount", true): Text 'Total Amount' is present on page  using regular expression

2024-07-12 21:56:28 - [MESSAGE][PASSED] - Text 'Total Amount' is present on page  using regular expression

2024-07-12 21:56:28 - [TEST_STEP][PASSED] - verifyTextPresent("Transaction Type", true): Text 'Transaction Type' is present on page  using regular expression

2024-07-12 21:56:29 - [MESSAGE][PASSED] - Text 'Transaction Type' is present on page  using regular expression

2024-07-12 21:56:29 - [TEST_STEP][PASSED] - verifyTextPresent("10.50", true): Text '10.50' is present on page  using regular expression

2024-07-12 21:56:29 - [MESSAGE][PASSED] - Text '10.50' is present on page  using regular expression

2024-07-12 21:56:29 - [TEST_STEP][PASSED] - verifyTextPresent("Authorization and Capture", true): Text 'Authorization and Capture' is present on page  using regular expression

2024-07-12 21:56:29 - [MESSAGE][PASSED] - Text 'Authorization and Capture' is present on page  using regular expression

2024-07-12 21:56:29 - [TEST_STEP][PASSED] - verifyTextPresent("Card Information", true): Text 'Card Information' is present on page  using regular expression

2024-07-12 21:56:30 - [MESSAGE][PASSED] - Text 'Card Information' is present on page  using regular expression

2024-07-12 21:56:30 - [TEST_STEP][PASSED] - cardNameV = findTestData(dataFile).getValue("CardNameV", row): null

2024-07-12 21:56:30 - [TEST_STEP][PASSED] - al1V = findTestData(dataFile).getValue("AL1", row): null

2024-07-12 21:56:30 - [TEST_STEP][PASSED] - al2V = findTestData(dataFile).getValue("AL2", row): null

2024-07-12 21:56:30 - [TEST_STEP][PASSED] - zipV = findTestData(dataFile).getValue("ZIP", row): null

2024-07-12 21:56:30 - [TEST_STEP][PASSED] - cardTypeV = findTestData(dataFile).getValue("CardType", row): null

2024-07-12 21:56:30 - [TEST_STEP][PASSED] - last4V = findTestData(dataFile).getValue("Last4", row): null

2024-07-12 21:56:30 - [TEST_STEP][PASSED] - verifyTextPresent(cardNameV, true): Text 'JANAKI JAMES' is present on page  using regular expression

2024-07-12 21:56:31 - [MESSAGE][PASSED] - Text 'JANAKI JAMES' is present on page  using regular expression

2024-07-12 21:56:31 - [TEST_STEP][PASSED] - verifyTextPresent("Address Line 1", true): Text 'Address Line 1' is present on page  using regular expression

2024-07-12 21:56:31 - [MESSAGE][PASSED] - Text 'Address Line 1' is present on page  using regular expression

2024-07-12 21:56:31 - [TEST_STEP][PASSED] - verifyTextPresent("Address Line 2", true): Text 'Address Line 2' is present on page  using regular expression

2024-07-12 21:56:31 - [MESSAGE][PASSED] - Text 'Address Line 2' is present on page  using regular expression

2024-07-12 21:56:31 - [TEST_STEP][PASSED] - verifyTextPresent("Country", true): Text 'Country' is present on page  using regular expression

2024-07-12 21:56:32 - [MESSAGE][PASSED] - Text 'Country' is present on page  using regular expression

2024-07-12 21:56:32 - [TEST_STEP][PASSED] - verifyTextPresent("City", true): Text 'City' is present on page  using regular expression

2024-07-12 21:56:32 - [MESSAGE][PASSED] - Text 'City' is present on page  using regular expression

2024-07-12 21:56:32 - [TEST_STEP][PASSED] - verifyTextPresent("State", true): Text 'State' is present on page  using regular expression

2024-07-12 21:56:32 - [MESSAGE][PASSED] - Text 'State' is present on page  using regular expression

2024-07-12 21:56:32 - [TEST_STEP][PASSED] - verifyTextPresent("ZIP Code", true): Text 'ZIP Code' is present on page  using regular expression

2024-07-12 21:56:33 - [MESSAGE][PASSED] - Text 'ZIP Code' is present on page  using regular expression

2024-07-12 21:56:33 - [TEST_STEP][PASSED] - verifyTextPresent(al1V, true): Text '25987 Hill Top' is present on page  using regular expression

2024-07-12 21:56:33 - [MESSAGE][PASSED] - Text '25987 Hill Top' is present on page  using regular expression

2024-07-12 21:56:33 - [TEST_STEP][PASSED] - verifyTextPresent(al2V, true): Text 'Suite 500' is present on page  using regular expression

2024-07-12 21:56:33 - [MESSAGE][PASSED] - Text 'Suite 500' is present on page  using regular expression

2024-07-12 21:56:33 - [TEST_STEP][PASSED] - verifyTextPresent("United States", true): Text 'United States' is present on page  using regular expression

2024-07-12 21:56:34 - [MESSAGE][PASSED] - Text 'United States' is present on page  using regular expression

2024-07-12 21:56:34 - [TEST_STEP][PASSED] - verifyTextPresent("ARLINGTON", true): Text 'ARLINGTON' is present on page  using regular expression

2024-07-12 21:56:34 - [MESSAGE][PASSED] - Text 'ARLINGTON' is present on page  using regular expression

2024-07-12 21:56:34 - [TEST_STEP][PASSED] - verifyTextPresent("Virginia", true): Text 'Virginia' is present on page  using regular expression

2024-07-12 21:56:34 - [MESSAGE][PASSED] - Text 'Virginia' is present on page  using regular expression

2024-07-12 21:56:34 - [TEST_STEP][PASSED] - verifyTextPresent(zipV, true): Text '22201' is present on page  using regular expression

2024-07-12 21:56:35 - [MESSAGE][PASSED] - Text '22201' is present on page  using regular expression

2024-07-12 21:56:35 - [TEST_STEP][PASSED] - verifyTextPresent(cardTypeV, true): Text 'Discover' is present on page  using regular expression

2024-07-12 21:56:35 - [MESSAGE][PASSED] - Text 'Discover' is present on page  using regular expression

2024-07-12 21:56:35 - [TEST_STEP][PASSED] - verifyTextPresent(last4V, true): Text '6909' is present on page  using regular expression

2024-07-12 21:56:35 - [MESSAGE][PASSED] - Text '6909' is present on page  using regular expression

2024-07-12 21:56:35 - [TEST_STEP][PASSED] - closeBrowser(): Browser is closed

2024-07-12 21:56:37 - [MESSAGE][PASSED] - Browser is closed]]></system-out>
         <system-err><![CDATA[]]></system-err>
      </testcase>
      <testcase name="Test Cases/Admin Suite Bootstrap/VT_TestCases/SaleKeyboard_TP_SingleCF_Generic_Payment_TC" time="460.976" classname="Test Cases/Admin Suite Bootstrap/VT_TestCases/SaleKeyboard_TP_SingleCF_Generic_Payment_TC" status="PASSED">
         <system-out><![CDATA[2024-07-12 21:56:37 - [TEST_CASE][PASSED] - Test Cases/Admin Suite Bootstrap/VT_TestCases/SaleKeyboard_TP_SingleCF_Generic_Payment_TC: Test Cases/Admin Suite Bootstrap/VT_TestCases/SaleKeyboard_TP_SingleCF_Generic_Payment_TC

2024-07-12 21:56:37 - [TEST_STEP][PASSED] - path_Dashboard = "Object Repository/AdminSuiteBootstrap_Pages/Dashboard_Bootstrap/": null

2024-07-12 21:56:37 - [TEST_STEP][PASSED] - path_VT = "Object Repository/AdminSuiteBootstrap_Pages/VT_Bootstrap/IssueTransactions/": null

2024-07-12 21:56:37 - [TEST_STEP][PASSED] - path_SaleKB = "Object Repository/AdminSuiteBootstrap_Pages/VT_Bootstrap/SaleKeyboard/": null

2024-07-12 21:56:37 - [TEST_STEP][PASSED] - path_TestMinus = "Object Repository/Page_TestMinusAndAtSigns/": null

2024-07-12 21:56:37 - [TEST_STEP][PASSED] - li_1 = vpos_Prefix: null

2024-07-12 21:56:37 - [TEST_STEP][PASSED] - li_2 = "/transactions/AuthCapForm/": null

2024-07-12 21:56:37 - [TEST_STEP][PASSED] - executionProfile = getExecutionProfile(): null

2024-07-12 21:56:37 - [TEST_STEP][PASSED] - out.println("executionProfile : " + executionProfile): null

2024-07-12 21:56:37 - [TEST_STEP][PASSED] - appName = <not implemented yet for class: org.codehaus.groovy.ast.expr.EmptyExpression>: null

2024-07-12 21:56:37 - [TEST_STEP][PASSED] - appID = <not implemented yet for class: org.codehaus.groovy.ast.expr.EmptyExpression>: null

2024-07-12 21:56:37 - [TEST_STEP][PASSED] - cardNameV = <not implemented yet for class: org.codehaus.groovy.ast.expr.EmptyExpression>: null

2024-07-12 21:56:37 - [TEST_STEP][PASSED] - al1V = <not implemented yet for class: org.codehaus.groovy.ast.expr.EmptyExpression>: null

2024-07-12 21:56:37 - [TEST_STEP][PASSED] - al2V = <not implemented yet for class: org.codehaus.groovy.ast.expr.EmptyExpression>: null

2024-07-12 21:56:37 - [TEST_STEP][PASSED] - zipV = <not implemented yet for class: org.codehaus.groovy.ast.expr.EmptyExpression>: null

2024-07-12 21:56:37 - [TEST_STEP][PASSED] - cardTypeV = <not implemented yet for class: org.codehaus.groovy.ast.expr.EmptyExpression>: null

2024-07-12 21:56:37 - [TEST_STEP][PASSED] - last4V = <not implemented yet for class: org.codehaus.groovy.ast.expr.EmptyExpression>: null

2024-07-12 21:56:37 - [TEST_STEP][PASSED] - resText = "Fail": null

2024-07-12 21:56:37 - [TEST_STEP][PASSED] - resColumn = "Result": null

2024-07-12 21:56:37 - [TEST_STEP][PASSED] - datCloumn = "Date": null

2024-07-12 21:56:37 - [TEST_STEP][PASSED] - fileLoc = "C:\KatalonData\Bootstrap\VT-Data.xlsx": null

2024-07-12 21:56:37 - [TEST_STEP][PASSED] - numOfRows = <not implemented yet for class: org.codehaus.groovy.ast.expr.EmptyExpression>: null

2024-07-12 21:56:37 - [TEST_STEP][PASSED] - dataFile = <not implemented yet for class: org.codehaus.groovy.ast.expr.EmptyExpression>: null

2024-07-12 21:56:37 - [TEST_STEP][PASSED] - nameSheet = <not implemented yet for class: org.codehaus.groovy.ast.expr.EmptyExpression>: null

2024-07-12 21:56:37 - [TEST_STEP][PASSED] - nameSheet = "VT-Sale-SingleCF-Generic": null

2024-07-12 21:56:37 - [TEST_STEP][PASSED] - numOfRows = findTestData("QA/Bootstrap/VT-TestData/VT-SaleData-SingleCF-Generic").getRowNumbers(): null

2024-07-12 21:56:37 - [TEST_STEP][PASSED] - println("Number of Records: " + numOfRows): null

2024-07-12 21:56:37 - [TEST_STEP][PASSED] - dataFile = "QA/Bootstrap/VT-TestData/VT-SaleData-SingleCF-Generic": null

2024-07-12 21:56:37 - [TEST_STEP][PASSED] - for ([row = 1, row <= numOfRows, (row++)]): Browser is closed

2024-07-12 21:56:37 - [TEST_STEP][PASSED] - ExecuteTC = findTestData(dataFile).getValue("Execute", row): null

2024-07-12 21:56:37 - [TEST_STEP][PASSED] - out.println("Value of Execute is : " + ExecuteTC): null

2024-07-12 21:56:37 - [TEST_STEP][PASSED] - switch (executionProfile): null

2024-07-12 21:56:37 - [TEST_STEP][PASSED] - case "QA2Profile":: null

2024-07-12 21:56:37 - [TEST_STEP][PASSED] - appName = findTestData(dataFile).getValue("AppNameQA", row): null

2024-07-12 21:56:38 - [TEST_STEP][PASSED] - appID = findTestData(dataFile).getValue("AppIDQA", row): null

2024-07-12 21:56:38 - [TEST_STEP][PASSED] - break: null

2024-07-12 21:56:38 - [TEST_STEP][PASSED] - hrefAppID = li_1 + appID + li_2: null

2024-07-12 21:56:38 - [TEST_STEP][PASSED] - hrefApp = li_1 + appID + "/": null

2024-07-12 21:56:38 - [TEST_STEP][PASSED] - println("hrefApp : " + hrefApp): null

2024-07-12 21:56:38 - [TEST_STEP][PASSED] - if (ExecuteTC.equalsIgnoreCase("Y")): Browser is closed

2024-07-12 21:56:38 - [TEST_STEP][PASSED] - out.println("Begin Record Number: " + row): null

2024-07-12 21:56:38 - [TEST_STEP][PASSED] - today = new java.util.Date(): null

2024-07-12 21:56:38 - [TEST_STEP][PASSED] - println(today): null

2024-07-12 21:56:38 - [TEST_STEP][PASSED] - datText = today: null

2024-07-12 21:56:38 - [TEST_STEP][PASSED] - adminSuiteBootstrap.loginFunctionality.login_AdminSuite(): adminSuiteBootstrap.loginFunctionality.login_AdminSuite is PASSED

2024-07-12 21:56:38 - [MESSAGE][INFO] - Starting 'Chrome' driver

2024-07-12 21:56:38 - [MESSAGE][INFO] - User set preference: ['acceptInsecureCerts', 'true']

2024-07-12 21:56:38 - [MESSAGE][INFO] - Action delay is set to 0 milliseconds

2024-07-12 21:56:40 - [MESSAGE][PASSED] - Browser is opened with url: 'https://qa2.velocitypayment.com/admin/imtiaz'

2024-07-12 21:56:40 - [MESSAGE][PASSED] - Current window maximized

2024-07-12 21:56:41 - [MESSAGE][PASSED] - Object 'Object Repository/Login_Page/Login_Username_Okta' is present

2024-07-12 21:56:42 - [MESSAGE][PASSED] - Text 'iahmed' is set on object 'Object Repository/Login_Page/Login_Username_Okta'

2024-07-12 21:56:43 - [MESSAGE][PASSED] - Text 'Hello!6666666' is set on object 'Object Repository/Login_Page/Login_Password_Okta'

2024-07-12 21:56:43 - [MESSAGE][PASSED] - Object: 'Object Repository/Login_Page/Login_Submit_Okta' is clicked on

2024-07-12 21:56:43 - [MESSAGE][PASSED] - adminSuiteBootstrap.loginFunctionality.login_AdminSuite is PASSED

2024-07-12 21:56:43 - [TEST_STEP][PASSED] - click(findTestObject(path_Dashboard + appName)): Object: 'Object Repository/AdminSuiteBootstrap_Pages/Dashboard_Bootstrap/a_Access AutoSingleCFtpQA' is clicked on

2024-07-12 21:56:52 - [MESSAGE][PASSED] - Object: 'Object Repository/AdminSuiteBootstrap_Pages/Dashboard_Bootstrap/a_Access AutoSingleCFtpQA' is clicked on

2024-07-12 21:56:52 - [TEST_STEP][PASSED] - click(findTestObject(path_VT + "button_Authorization  Capture (Sale)")): Object: 'Object Repository/AdminSuiteBootstrap_Pages/VT_Bootstrap/IssueTransactions/button_Authorization  Capture (Sale)' is clicked on

2024-07-12 21:56:52 - [MESSAGE][PASSED] - Object: 'Object Repository/AdminSuiteBootstrap_Pages/VT_Bootstrap/IssueTransactions/button_Authorization  Capture (Sale)' is clicked on

2024-07-12 21:56:52 - [TEST_STEP][PASSED] - saleKeyboardEntryLink = modifyObjectProperty(findTestObject(path_VT + "a_KeyboardEntry_Sale"), "href", "equals", hrefAppID, true): Modify property of object successfully

2024-07-12 21:56:52 - [MESSAGE][PASSED] - Modify property of object successfully

2024-07-12 21:56:52 - [TEST_STEP][PASSED] - click(saleKeyboardEntryLink): Object: 'Object Repository/AdminSuiteBootstrap_Pages/VT_Bootstrap/IssueTransactions/a_KeyboardEntry_Sale' is clicked on

2024-07-12 21:56:53 - [MESSAGE][PASSED] - Object: 'Object Repository/AdminSuiteBootstrap_Pages/VT_Bootstrap/IssueTransactions/a_KeyboardEntry_Sale' is clicked on

2024-07-12 21:56:53 - [TEST_STEP][PASSED] - adminSuiteBootstrap.virtualTerminalSetData.saleKeyboard_DataDriven(row, dataFile): adminSuiteBootstrap.virtualTerminalSetData.saleKeyboard_DataDriven is PASSED

2024-07-12 21:56:57 - [MESSAGE][PASSED] - Text 'Tulsi Raman' is set on object 'Object Repository/AdminSuiteBootstrap_Pages/VT_Bootstrap/SaleKeyboard/input_cardName'

2024-07-12 21:56:58 - [MESSAGE][PASSED] - All options with value 'RETL' are selected in object 'Object Repository/AdminSuiteBootstrap_Pages/VT_Bootstrap/SaleKeyboard/select_transactionCategory'  using regular expression

2024-07-12 21:56:58 - [MESSAGE][PASSED] - Execute JavaScript 'arguments[0].value ='4012000098765439' ' successfully

2024-07-12 21:56:58 - [MESSAGE][PASSED] - Execute JavaScript 'arguments[0].value ='123' ' successfully

2024-07-12 21:57:00 - [MESSAGE][PASSED] - All options with value '12' are selected in object 'Object Repository/AdminSuiteBootstrap_Pages/VT_Bootstrap/SaleKeyboard/select_MM'  using regular expression

2024-07-12 21:57:01 - [MESSAGE][PASSED] - All options with value '2025' are selected in object 'Object Repository/AdminSuiteBootstrap_Pages/VT_Bootstrap/SaleKeyboard/select_YYYY'  using regular expression

2024-07-12 21:57:01 - [MESSAGE][PASSED] - Text '36 Cornor Road' is set on object 'Object Repository/AdminSuiteBootstrap_Pages/VT_Bootstrap/SaleKeyboard/input__address'

2024-07-12 21:57:02 - [MESSAGE][PASSED] - Text 'Suite 500' is set on object 'Object Repository/AdminSuiteBootstrap_Pages/VT_Bootstrap/SaleKeyboard/input__address2'

2024-07-12 21:57:03 - [MESSAGE][PASSED] - Text '22201' is set on object 'Object Repository/AdminSuiteBootstrap_Pages/VT_Bootstrap/SaleKeyboard/input__zip'

2024-07-12 21:57:03 - [MESSAGE][PASSED] - Text '' is set on object 'Object Repository/AdminSuiteBootstrap_Pages/VT_Bootstrap/SaleKeyboard/input_emailAddress'

2024-07-12 21:57:05 - [MESSAGE][PASSED] - Text '' is set on object 'Object Repository/AdminSuiteBootstrap_Pages/VT_Bootstrap/SaleKeyboard/input_smsNumber'

2024-07-12 21:57:05 - [MESSAGE][PASSED] - Text '10.50' is set on object 'Object Repository/AdminSuiteBootstrap_Pages/VT_Bootstrap/SaleKeyboard/input_amount'

2024-07-12 21:57:07 - [MESSAGE][PASSED] - Text 'Australia' is set on object 'Object Repository/AdminSuiteBootstrap_Pages/VT_Bootstrap/SaleKeyboard/input_userDefined1'

2024-07-12 21:57:07 - [MESSAGE][PASSED] - Text 'Denmark' is set on object 'Object Repository/AdminSuiteBootstrap_Pages/VT_Bootstrap/SaleKeyboard/input_userDefined2'

2024-07-12 21:57:08 - [MESSAGE][PASSED] - Text 'Sweden' is set on object 'Object Repository/AdminSuiteBootstrap_Pages/VT_Bootstrap/SaleKeyboard/input_userDefined3'

2024-07-12 21:57:09 - [MESSAGE][PASSED] - Text 'Austria' is set on object 'Object Repository/AdminSuiteBootstrap_Pages/VT_Bootstrap/SaleKeyboard/input_userDefined4'

2024-07-12 21:57:10 - [MESSAGE][PASSED] - All options with label 'Orange' are selected in object 'Object Repository/AdminSuiteBootstrap_Pages/VT_Bootstrap/SaleKeyboard/select_UDF5_DropDown'  using regular expression

2024-07-12 21:57:11 - [MESSAGE][PASSED] - All options with label 'Yellow' are selected in object 'Object Repository/AdminSuiteBootstrap_Pages/VT_Bootstrap/SaleKeyboard/select_UDF6_DropDown'  using regular expression

2024-07-12 21:57:11 - [MESSAGE][PASSED] - Text 'Norway' is set on object 'Object Repository/AdminSuiteBootstrap_Pages/VT_Bootstrap/SaleKeyboard/input_userDefined7'

2024-07-12 21:57:12 - [MESSAGE][PASSED] - Text 'Netherlands' is set on object 'Object Repository/AdminSuiteBootstrap_Pages/VT_Bootstrap/SaleKeyboard/input_userDefined8'

2024-07-12 21:57:13 - [MESSAGE][PASSED] - Text 'Switzerland' is set on object 'Object Repository/AdminSuiteBootstrap_Pages/VT_Bootstrap/SaleKeyboard/input_userDefined9'

2024-07-12 21:57:14 - [MESSAGE][PASSED] - Text 'France' is set on object 'Object Repository/AdminSuiteBootstrap_Pages/VT_Bootstrap/SaleKeyboard/input_userDefined10'

2024-07-12 21:57:15 - [MESSAGE][PASSED] - Object: 'Object Repository/AdminSuiteBootstrap_Pages/VT_Bootstrap/SaleKeyboard/button_Submit' is clicked on

2024-07-12 21:57:15 - [MESSAGE][PASSED] - adminSuiteBootstrap.virtualTerminalSetData.saleKeyboard_DataDriven is PASSED

2024-07-12 21:57:15 - [TEST_STEP][PASSED] - verifyTextPresent("Transaction Successful", true): Text 'Transaction Successful' is present on page  using regular expression

2024-07-12 21:57:16 - [MESSAGE][PASSED] - Text 'Transaction Successful' is present on page  using regular expression

2024-07-12 21:57:16 - [TEST_STEP][PASSED] - verifyElementVisible(findTestObject("Object Repository/AdminSuiteBootstrap_Pages/VT_Bootstrap/Receipt/button_Continue")): Object 'Object Repository/AdminSuiteBootstrap_Pages/VT_Bootstrap/Receipt/button_Continue' is visible

2024-07-12 21:57:16 - [MESSAGE][PASSED] - Object 'Object Repository/AdminSuiteBootstrap_Pages/VT_Bootstrap/Receipt/button_Continue' is visible

2024-07-12 21:57:16 - [TEST_STEP][PASSED] - verifyElementPresent(findTestObject("Object Repository/AdminSuiteBootstrap_Pages/VT_Bootstrap/Receipt/button_Continue"), 20): Object 'Object Repository/AdminSuiteBootstrap_Pages/VT_Bootstrap/Receipt/button_Continue' is present

2024-07-12 21:57:16 - [MESSAGE][PASSED] - Object 'Object Repository/AdminSuiteBootstrap_Pages/VT_Bootstrap/Receipt/button_Continue' is present

2024-07-12 21:57:16 - [TEST_STEP][PASSED] - verifyElementVisible(findTestObject("Object Repository/AdminSuiteBootstrap_Pages/VT_Bootstrap/Receipt/button_Print")): Object 'Object Repository/AdminSuiteBootstrap_Pages/VT_Bootstrap/Receipt/button_Print' is visible

2024-07-12 21:57:17 - [MESSAGE][PASSED] - Object 'Object Repository/AdminSuiteBootstrap_Pages/VT_Bootstrap/Receipt/button_Print' is visible

2024-07-12 21:57:17 - [TEST_STEP][PASSED] - verifyElementPresent(findTestObject("Object Repository/AdminSuiteBootstrap_Pages/VT_Bootstrap/Receipt/button_Print"), 20): Object 'Object Repository/AdminSuiteBootstrap_Pages/VT_Bootstrap/Receipt/button_Print' is present

2024-07-12 21:57:17 - [MESSAGE][PASSED] - Object 'Object Repository/AdminSuiteBootstrap_Pages/VT_Bootstrap/Receipt/button_Print' is present

2024-07-12 21:57:17 - [TEST_STEP][PASSED] - verifyTextPresent("Remittance ID", true): Text 'Remittance ID' is present on page  using regular expression

2024-07-12 21:57:17 - [MESSAGE][PASSED] - Text 'Remittance ID' is present on page  using regular expression

2024-07-12 21:57:17 - [TEST_STEP][PASSED] - verifyTextPresent("Received", true): Text 'Received' is present on page  using regular expression

2024-07-12 21:57:18 - [MESSAGE][PASSED] - Text 'Received' is present on page  using regular expression

2024-07-12 21:57:18 - [TEST_STEP][PASSED] - verifyTextPresent("UDF1", true): Text 'UDF1' is present on page  using regular expression

2024-07-12 21:57:18 - [MESSAGE][PASSED] - Text 'UDF1' is present on page  using regular expression

2024-07-12 21:57:18 - [TEST_STEP][PASSED] - verifyTextPresent("UDF2", true): Text 'UDF2' is present on page  using regular expression

2024-07-12 21:57:18 - [MESSAGE][PASSED] - Text 'UDF2' is present on page  using regular expression

2024-07-12 21:57:18 - [TEST_STEP][PASSED] - verifyTextPresent("UDF3", true): Text 'UDF3' is present on page  using regular expression

2024-07-12 21:57:19 - [MESSAGE][PASSED] - Text 'UDF3' is present on page  using regular expression

2024-07-12 21:57:19 - [TEST_STEP][PASSED] - verifyTextPresent("UDF4", true): Text 'UDF4' is present on page  using regular expression

2024-07-12 21:57:19 - [MESSAGE][PASSED] - Text 'UDF4' is present on page  using regular expression

2024-07-12 21:57:19 - [TEST_STEP][PASSED] - verifyTextPresent("UDF5", true): Text 'UDF5' is present on page  using regular expression

2024-07-12 21:57:19 - [MESSAGE][PASSED] - Text 'UDF5' is present on page  using regular expression

2024-07-12 21:57:19 - [TEST_STEP][PASSED] - verifyTextPresent("UDF6", true): Text 'UDF6' is present on page  using regular expression

2024-07-12 21:57:20 - [MESSAGE][PASSED] - Text 'UDF6' is present on page  using regular expression

2024-07-12 21:57:20 - [TEST_STEP][PASSED] - verifyTextPresent("UDF7", true): Text 'UDF7' is present on page  using regular expression

2024-07-12 21:57:20 - [MESSAGE][PASSED] - Text 'UDF7' is present on page  using regular expression

2024-07-12 21:57:20 - [TEST_STEP][PASSED] - verifyTextPresent("UDF8", true): Text 'UDF8' is present on page  using regular expression

2024-07-12 21:57:20 - [MESSAGE][PASSED] - Text 'UDF8' is present on page  using regular expression

2024-07-12 21:57:20 - [TEST_STEP][PASSED] - verifyTextPresent("UDF9", true): Text 'UDF9' is present on page  using regular expression

2024-07-12 21:57:21 - [MESSAGE][PASSED] - Text 'UDF9' is present on page  using regular expression

2024-07-12 21:57:21 - [TEST_STEP][PASSED] - verifyTextPresent("UDF 10", true): Text 'UDF 10' is present on page  using regular expression

2024-07-12 21:57:21 - [MESSAGE][PASSED] - Text 'UDF 10' is present on page  using regular expression

2024-07-12 21:57:21 - [TEST_STEP][PASSED] - verifyTextPresent("Australia", true): Text 'Australia' is present on page  using regular expression

2024-07-12 21:57:21 - [MESSAGE][PASSED] - Text 'Australia' is present on page  using regular expression

2024-07-12 21:57:21 - [TEST_STEP][PASSED] - verifyTextPresent("Denmark", true): Text 'Denmark' is present on page  using regular expression

2024-07-12 21:57:22 - [MESSAGE][PASSED] - Text 'Denmark' is present on page  using regular expression

2024-07-12 21:57:22 - [TEST_STEP][PASSED] - verifyTextPresent("Sweden", true): Text 'Sweden' is present on page  using regular expression

2024-07-12 21:57:22 - [MESSAGE][PASSED] - Text 'Sweden' is present on page  using regular expression

2024-07-12 21:57:22 - [TEST_STEP][PASSED] - verifyTextPresent("Austria", true): Text 'Austria' is present on page  using regular expression

2024-07-12 21:57:22 - [MESSAGE][PASSED] - Text 'Austria' is present on page  using regular expression

2024-07-12 21:57:22 - [TEST_STEP][PASSED] - verifyTextPresent("Orange Recorded", true): Text 'Orange Recorded' is present on page  using regular expression

2024-07-12 21:57:23 - [MESSAGE][PASSED] - Text 'Orange Recorded' is present on page  using regular expression

2024-07-12 21:57:23 - [TEST_STEP][PASSED] - verifyTextPresent("Yellow Recorded", true): Text 'Yellow Recorded' is present on page  using regular expression

2024-07-12 21:57:23 - [MESSAGE][PASSED] - Text 'Yellow Recorded' is present on page  using regular expression

2024-07-12 21:57:23 - [TEST_STEP][PASSED] - verifyTextPresent("Norway", true): Text 'Norway' is present on page  using regular expression

2024-07-12 21:57:23 - [MESSAGE][PASSED] - Text 'Norway' is present on page  using regular expression

2024-07-12 21:57:23 - [TEST_STEP][PASSED] - verifyTextPresent("Netherlands", true): Text 'Netherlands' is present on page  using regular expression

2024-07-12 21:57:24 - [MESSAGE][PASSED] - Text 'Netherlands' is present on page  using regular expression

2024-07-12 21:57:24 - [TEST_STEP][PASSED] - verifyTextPresent("Switzerland", true): Text 'Switzerland' is present on page  using regular expression

2024-07-12 21:57:24 - [MESSAGE][PASSED] - Text 'Switzerland' is present on page  using regular expression

2024-07-12 21:57:24 - [TEST_STEP][PASSED] - verifyTextPresent("France", true): Text 'France' is present on page  using regular expression

2024-07-12 21:57:24 - [MESSAGE][PASSED] - Text 'France' is present on page  using regular expression

2024-07-12 21:57:24 - [TEST_STEP][PASSED] - verifyTextPresent("Card Information", true): Text 'Card Information' is present on page  using regular expression

2024-07-12 21:57:25 - [MESSAGE][PASSED] - Text 'Card Information' is present on page  using regular expression

2024-07-12 21:57:25 - [TEST_STEP][PASSED] - verifyTextPresent("Amount", true): Text 'Amount' is present on page  using regular expression

2024-07-12 21:57:25 - [MESSAGE][PASSED] - Text 'Amount' is present on page  using regular expression

2024-07-12 21:57:25 - [TEST_STEP][PASSED] - verifyTextPresent("Service Fee", true): Text 'Service Fee' is present on page  using regular expression

2024-07-12 21:57:25 - [MESSAGE][PASSED] - Text 'Service Fee' is present on page  using regular expression

2024-07-12 21:57:25 - [TEST_STEP][PASSED] - verifyTextPresent("Service Fee Type", true): Text 'Service Fee Type' is present on page  using regular expression

2024-07-12 21:57:26 - [MESSAGE][PASSED] - Text 'Service Fee Type' is present on page  using regular expression

2024-07-12 21:57:26 - [TEST_STEP][PASSED] - verifyTextPresent("Total Amount", true): Text 'Total Amount' is present on page  using regular expression

2024-07-12 21:57:26 - [MESSAGE][PASSED] - Text 'Total Amount' is present on page  using regular expression

2024-07-12 21:57:26 - [TEST_STEP][PASSED] - verifyTextPresent("Transaction Type", true): Text 'Transaction Type' is present on page  using regular expression

2024-07-12 21:57:26 - [MESSAGE][PASSED] - Text 'Transaction Type' is present on page  using regular expression

2024-07-12 21:57:26 - [TEST_STEP][PASSED] - verifyTextPresent("10.50", true): Text '10.50' is present on page  using regular expression

2024-07-12 21:57:27 - [MESSAGE][PASSED] - Text '10.50' is present on page  using regular expression

2024-07-12 21:57:27 - [TEST_STEP][PASSED] - verifyTextPresent("5.00", true): Text '5.00' is present on page  using regular expression

2024-07-12 21:57:27 - [MESSAGE][PASSED] - Text '5.00' is present on page  using regular expression

2024-07-12 21:57:27 - [TEST_STEP][PASSED] - verifyTextPresent("Single Transaction", true): Text 'Single Transaction' is present on page  using regular expression

2024-07-12 21:57:27 - [MESSAGE][PASSED] - Text 'Single Transaction' is present on page  using regular expression

2024-07-12 21:57:27 - [TEST_STEP][PASSED] - verifyTextPresent("15.50", true): Text '15.50' is present on page  using regular expression

2024-07-12 21:57:28 - [MESSAGE][PASSED] - Text '15.50' is present on page  using regular expression

2024-07-12 21:57:28 - [TEST_STEP][PASSED] - verifyTextPresent("Authorization and Capture", true): Text 'Authorization and Capture' is present on page  using regular expression

2024-07-12 21:57:28 - [MESSAGE][PASSED] - Text 'Authorization and Capture' is present on page  using regular expression

2024-07-12 21:57:28 - [TEST_STEP][PASSED] - cardNameV = findTestData(dataFile).getValue("CardNameV", row): null

2024-07-12 21:57:28 - [TEST_STEP][PASSED] - al1V = findTestData(dataFile).getValue("AL1", row): null

2024-07-12 21:57:28 - [TEST_STEP][PASSED] - al2V = findTestData(dataFile).getValue("AL2", row): null

2024-07-12 21:57:28 - [TEST_STEP][PASSED] - zipV = findTestData(dataFile).getValue("ZIP", row): null

2024-07-12 21:57:29 - [TEST_STEP][PASSED] - cardTypeV = findTestData(dataFile).getValue("CardType", row): null

2024-07-12 21:57:29 - [TEST_STEP][PASSED] - last4V = findTestData(dataFile).getValue("Last4", row): null

2024-07-12 21:57:29 - [TEST_STEP][PASSED] - verifyTextPresent(cardNameV, true): Text 'TULSI RAMAN' is present on page  using regular expression

2024-07-12 21:57:29 - [MESSAGE][PASSED] - Text 'TULSI RAMAN' is present on page  using regular expression

2024-07-12 21:57:29 - [TEST_STEP][PASSED] - verifyTextPresent("Address Line 1", true): Text 'Address Line 1' is present on page  using regular expression

2024-07-12 21:57:29 - [MESSAGE][PASSED] - Text 'Address Line 1' is present on page  using regular expression

2024-07-12 21:57:29 - [TEST_STEP][PASSED] - verifyTextPresent("Address Line 2", true): Text 'Address Line 2' is present on page  using regular expression

2024-07-12 21:57:30 - [MESSAGE][PASSED] - Text 'Address Line 2' is present on page  using regular expression

2024-07-12 21:57:30 - [TEST_STEP][PASSED] - verifyTextPresent("Country", true): Text 'Country' is present on page  using regular expression

2024-07-12 21:57:30 - [MESSAGE][PASSED] - Text 'Country' is present on page  using regular expression

2024-07-12 21:57:30 - [TEST_STEP][PASSED] - verifyTextPresent("City", true): Text 'City' is present on page  using regular expression

2024-07-12 21:57:30 - [MESSAGE][PASSED] - Text 'City' is present on page  using regular expression

2024-07-12 21:57:30 - [TEST_STEP][PASSED] - verifyTextPresent("State", true): Text 'State' is present on page  using regular expression

2024-07-12 21:57:31 - [MESSAGE][PASSED] - Text 'State' is present on page  using regular expression

2024-07-12 21:57:31 - [TEST_STEP][PASSED] - verifyTextPresent("ZIP Code", true): Text 'ZIP Code' is present on page  using regular expression

2024-07-12 21:57:31 - [MESSAGE][PASSED] - Text 'ZIP Code' is present on page  using regular expression

2024-07-12 21:57:31 - [TEST_STEP][PASSED] - verifyTextPresent(al1V, true): Text '36 Cornor Road' is present on page  using regular expression

2024-07-12 21:57:31 - [MESSAGE][PASSED] - Text '36 Cornor Road' is present on page  using regular expression

2024-07-12 21:57:31 - [TEST_STEP][PASSED] - verifyTextPresent(al2V, true): Text 'Suite 500' is present on page  using regular expression

2024-07-12 21:57:32 - [MESSAGE][PASSED] - Text 'Suite 500' is present on page  using regular expression

2024-07-12 21:57:32 - [TEST_STEP][PASSED] - verifyTextPresent("United States", true): Text 'United States' is present on page  using regular expression

2024-07-12 21:57:32 - [MESSAGE][PASSED] - Text 'United States' is present on page  using regular expression

2024-07-12 21:57:32 - [TEST_STEP][PASSED] - verifyTextPresent("ARLINGTON", true): Text 'ARLINGTON' is present on page  using regular expression

2024-07-12 21:57:32 - [MESSAGE][PASSED] - Text 'ARLINGTON' is present on page  using regular expression

2024-07-12 21:57:32 - [TEST_STEP][PASSED] - verifyTextPresent("Virginia", true): Text 'Virginia' is present on page  using regular expression

2024-07-12 21:57:33 - [MESSAGE][PASSED] - Text 'Virginia' is present on page  using regular expression

2024-07-12 21:57:33 - [TEST_STEP][PASSED] - verifyTextPresent(zipV, true): Text '22201' is present on page  using regular expression

2024-07-12 21:57:33 - [MESSAGE][PASSED] - Text '22201' is present on page  using regular expression

2024-07-12 21:57:33 - [TEST_STEP][PASSED] - verifyTextPresent(cardTypeV, true): Text 'Visa' is present on page  using regular expression

2024-07-12 21:57:33 - [MESSAGE][PASSED] - Text 'Visa' is present on page  using regular expression

2024-07-12 21:57:33 - [TEST_STEP][PASSED] - verifyTextPresent(last4V, true): Text '5439' is present on page  using regular expression

2024-07-12 21:57:34 - [MESSAGE][PASSED] - Text '5439' is present on page  using regular expression

2024-07-12 21:57:34 - [TEST_STEP][PASSED] - closeBrowser(): Browser is closed

2024-07-12 21:57:35 - [MESSAGE][PASSED] - Browser is closed

2024-07-12 21:57:35 - [TEST_STEP][PASSED] - ExecuteTC = findTestData(dataFile).getValue("Execute", row): null

2024-07-12 21:57:35 - [TEST_STEP][PASSED] - out.println("Value of Execute is : " + ExecuteTC): null

2024-07-12 21:57:35 - [TEST_STEP][PASSED] - switch (executionProfile): null

2024-07-12 21:57:35 - [TEST_STEP][PASSED] - case "QA2Profile":: null

2024-07-12 21:57:35 - [TEST_STEP][PASSED] - appName = findTestData(dataFile).getValue("AppNameQA", row): null

2024-07-12 21:57:35 - [TEST_STEP][PASSED] - appID = findTestData(dataFile).getValue("AppIDQA", row): null

2024-07-12 21:57:35 - [TEST_STEP][PASSED] - break: null

2024-07-12 21:57:35 - [TEST_STEP][PASSED] - hrefAppID = li_1 + appID + li_2: null

2024-07-12 21:57:35 - [TEST_STEP][PASSED] - hrefApp = li_1 + appID + "/": null

2024-07-12 21:57:35 - [TEST_STEP][PASSED] - println("hrefApp : " + hrefApp): null

2024-07-12 21:57:35 - [TEST_STEP][PASSED] - if (ExecuteTC.equalsIgnoreCase("Y")): Browser is closed

2024-07-12 21:57:35 - [TEST_STEP][PASSED] - out.println("Begin Record Number: " + row): null

2024-07-12 21:57:35 - [TEST_STEP][PASSED] - today = new java.util.Date(): null

2024-07-12 21:57:35 - [TEST_STEP][PASSED] - println(today): null

2024-07-12 21:57:35 - [TEST_STEP][PASSED] - datText = today: null

2024-07-12 21:57:35 - [TEST_STEP][PASSED] - adminSuiteBootstrap.loginFunctionality.login_AdminSuite(): adminSuiteBootstrap.loginFunctionality.login_AdminSuite is PASSED

2024-07-12 21:57:35 - [MESSAGE][INFO] - Starting 'Chrome' driver

2024-07-12 21:57:35 - [MESSAGE][INFO] - User set preference: ['acceptInsecureCerts', 'true']

2024-07-12 21:57:35 - [MESSAGE][INFO] - Action delay is set to 0 milliseconds

2024-07-12 21:57:38 - [MESSAGE][PASSED] - Browser is opened with url: 'https://qa2.velocitypayment.com/admin/imtiaz'

2024-07-12 21:57:38 - [MESSAGE][PASSED] - Current window maximized

2024-07-12 21:57:39 - [MESSAGE][PASSED] - Object 'Object Repository/Login_Page/Login_Username_Okta' is present

2024-07-12 21:57:39 - [MESSAGE][PASSED] - Text 'iahmed' is set on object 'Object Repository/Login_Page/Login_Username_Okta'

2024-07-12 21:57:40 - [MESSAGE][PASSED] - Text 'Hello!6666666' is set on object 'Object Repository/Login_Page/Login_Password_Okta'

2024-07-12 21:57:41 - [MESSAGE][PASSED] - Object: 'Object Repository/Login_Page/Login_Submit_Okta' is clicked on

2024-07-12 21:57:41 - [MESSAGE][PASSED] - adminSuiteBootstrap.loginFunctionality.login_AdminSuite is PASSED

2024-07-12 21:57:41 - [TEST_STEP][PASSED] - click(findTestObject(path_Dashboard + appName)): Object: 'Object Repository/AdminSuiteBootstrap_Pages/Dashboard_Bootstrap/a_Access AutoSingleCFtpQA' is clicked on

2024-07-12 21:57:49 - [MESSAGE][PASSED] - Object: 'Object Repository/AdminSuiteBootstrap_Pages/Dashboard_Bootstrap/a_Access AutoSingleCFtpQA' is clicked on

2024-07-12 21:57:49 - [TEST_STEP][PASSED] - click(findTestObject(path_VT + "button_Authorization  Capture (Sale)")): Object: 'Object Repository/AdminSuiteBootstrap_Pages/VT_Bootstrap/IssueTransactions/button_Authorization  Capture (Sale)' is clicked on

2024-07-12 21:57:50 - [MESSAGE][PASSED] - Object: 'Object Repository/AdminSuiteBootstrap_Pages/VT_Bootstrap/IssueTransactions/button_Authorization  Capture (Sale)' is clicked on

2024-07-12 21:57:50 - [TEST_STEP][PASSED] - saleKeyboardEntryLink = modifyObjectProperty(findTestObject(path_VT + "a_KeyboardEntry_Sale"), "href", "equals", hrefAppID, true): Modify property of object successfully

2024-07-12 21:57:50 - [MESSAGE][PASSED] - Modify property of object successfully

2024-07-12 21:57:50 - [TEST_STEP][PASSED] - click(saleKeyboardEntryLink): Object: 'Object Repository/AdminSuiteBootstrap_Pages/VT_Bootstrap/IssueTransactions/a_KeyboardEntry_Sale' is clicked on

2024-07-12 21:57:51 - [MESSAGE][PASSED] - Object: 'Object Repository/AdminSuiteBootstrap_Pages/VT_Bootstrap/IssueTransactions/a_KeyboardEntry_Sale' is clicked on

2024-07-12 21:57:51 - [TEST_STEP][PASSED] - adminSuiteBootstrap.virtualTerminalSetData.saleKeyboard_DataDriven(row, dataFile): adminSuiteBootstrap.virtualTerminalSetData.saleKeyboard_DataDriven is PASSED

2024-07-12 21:57:54 - [MESSAGE][PASSED] - Text 'Tulsi Raman' is set on object 'Object Repository/AdminSuiteBootstrap_Pages/VT_Bootstrap/SaleKeyboard/input_cardName'

2024-07-12 21:57:55 - [MESSAGE][PASSED] - All options with value 'RETL' are selected in object 'Object Repository/AdminSuiteBootstrap_Pages/VT_Bootstrap/SaleKeyboard/select_transactionCategory'  using regular expression

2024-07-12 21:57:55 - [MESSAGE][PASSED] - Execute JavaScript 'arguments[0].value ='5146312200000035' ' successfully

2024-07-12 21:57:56 - [MESSAGE][PASSED] - Execute JavaScript 'arguments[0].value ='123' ' successfully

2024-07-12 21:57:57 - [MESSAGE][PASSED] - All options with value '12' are selected in object 'Object Repository/AdminSuiteBootstrap_Pages/VT_Bootstrap/SaleKeyboard/select_MM'  using regular expression

2024-07-12 21:57:58 - [MESSAGE][PASSED] - All options with value '2025' are selected in object 'Object Repository/AdminSuiteBootstrap_Pages/VT_Bootstrap/SaleKeyboard/select_YYYY'  using regular expression

2024-07-12 21:57:59 - [MESSAGE][PASSED] - Text '1478 Jhatka Palace' is set on object 'Object Repository/AdminSuiteBootstrap_Pages/VT_Bootstrap/SaleKeyboard/input__address'

2024-07-12 21:58:00 - [MESSAGE][PASSED] - Text 'Suite 500' is set on object 'Object Repository/AdminSuiteBootstrap_Pages/VT_Bootstrap/SaleKeyboard/input__address2'

2024-07-12 21:58:00 - [MESSAGE][PASSED] - Text '22201' is set on object 'Object Repository/AdminSuiteBootstrap_Pages/VT_Bootstrap/SaleKeyboard/input__zip'

2024-07-12 21:58:01 - [MESSAGE][PASSED] - Text '' is set on object 'Object Repository/AdminSuiteBootstrap_Pages/VT_Bootstrap/SaleKeyboard/input_emailAddress'

2024-07-12 21:58:02 - [MESSAGE][PASSED] - Text '' is set on object 'Object Repository/AdminSuiteBootstrap_Pages/VT_Bootstrap/SaleKeyboard/input_smsNumber'

2024-07-12 21:58:03 - [MESSAGE][PASSED] - Text '10.50' is set on object 'Object Repository/AdminSuiteBootstrap_Pages/VT_Bootstrap/SaleKeyboard/input_amount'

2024-07-12 21:58:04 - [MESSAGE][PASSED] - Text 'Australia' is set on object 'Object Repository/AdminSuiteBootstrap_Pages/VT_Bootstrap/SaleKeyboard/input_userDefined1'

2024-07-12 21:58:05 - [MESSAGE][PASSED] - Text 'Denmark' is set on object 'Object Repository/AdminSuiteBootstrap_Pages/VT_Bootstrap/SaleKeyboard/input_userDefined2'

2024-07-12 21:58:06 - [MESSAGE][PASSED] - Text 'Sweden' is set on object 'Object Repository/AdminSuiteBootstrap_Pages/VT_Bootstrap/SaleKeyboard/input_userDefined3'

2024-07-12 21:58:07 - [MESSAGE][PASSED] - Text 'Austria' is set on object 'Object Repository/AdminSuiteBootstrap_Pages/VT_Bootstrap/SaleKeyboard/input_userDefined4'

2024-07-12 21:58:07 - [MESSAGE][PASSED] - All options with label 'Orange' are selected in object 'Object Repository/AdminSuiteBootstrap_Pages/VT_Bootstrap/SaleKeyboard/select_UDF5_DropDown'  using regular expression

2024-07-12 21:58:08 - [MESSAGE][PASSED] - All options with label 'Yellow' are selected in object 'Object Repository/AdminSuiteBootstrap_Pages/VT_Bootstrap/SaleKeyboard/select_UDF6_DropDown'  using regular expression

2024-07-12 21:58:09 - [MESSAGE][PASSED] - Text 'Norway' is set on object 'Object Repository/AdminSuiteBootstrap_Pages/VT_Bootstrap/SaleKeyboard/input_userDefined7'

2024-07-12 21:58:10 - [MESSAGE][PASSED] - Text 'Netherlands' is set on object 'Object Repository/AdminSuiteBootstrap_Pages/VT_Bootstrap/SaleKeyboard/input_userDefined8'

2024-07-12 21:58:11 - [MESSAGE][PASSED] - Text 'Switzerland' is set on object 'Object Repository/AdminSuiteBootstrap_Pages/VT_Bootstrap/SaleKeyboard/input_userDefined9'

2024-07-12 21:58:11 - [MESSAGE][PASSED] - Text 'France' is set on object 'Object Repository/AdminSuiteBootstrap_Pages/VT_Bootstrap/SaleKeyboard/input_userDefined10'

2024-07-12 21:58:13 - [MESSAGE][PASSED] - Object: 'Object Repository/AdminSuiteBootstrap_Pages/VT_Bootstrap/SaleKeyboard/button_Submit' is clicked on

2024-07-12 21:58:13 - [MESSAGE][PASSED] - adminSuiteBootstrap.virtualTerminalSetData.saleKeyboard_DataDriven is PASSED

2024-07-12 21:58:13 - [TEST_STEP][PASSED] - verifyTextPresent("Transaction Successful", true): Text 'Transaction Successful' is present on page  using regular expression

2024-07-12 21:58:13 - [MESSAGE][PASSED] - Text 'Transaction Successful' is present on page  using regular expression

2024-07-12 21:58:13 - [TEST_STEP][PASSED] - verifyElementVisible(findTestObject("Object Repository/AdminSuiteBootstrap_Pages/VT_Bootstrap/Receipt/button_Continue")): Object 'Object Repository/AdminSuiteBootstrap_Pages/VT_Bootstrap/Receipt/button_Continue' is visible

2024-07-12 21:58:14 - [MESSAGE][PASSED] - Object 'Object Repository/AdminSuiteBootstrap_Pages/VT_Bootstrap/Receipt/button_Continue' is visible

2024-07-12 21:58:14 - [TEST_STEP][PASSED] - verifyElementPresent(findTestObject("Object Repository/AdminSuiteBootstrap_Pages/VT_Bootstrap/Receipt/button_Continue"), 20): Object 'Object Repository/AdminSuiteBootstrap_Pages/VT_Bootstrap/Receipt/button_Continue' is present

2024-07-12 21:58:14 - [MESSAGE][PASSED] - Object 'Object Repository/AdminSuiteBootstrap_Pages/VT_Bootstrap/Receipt/button_Continue' is present

2024-07-12 21:58:14 - [TEST_STEP][PASSED] - verifyElementVisible(findTestObject("Object Repository/AdminSuiteBootstrap_Pages/VT_Bootstrap/Receipt/button_Print")): Object 'Object Repository/AdminSuiteBootstrap_Pages/VT_Bootstrap/Receipt/button_Print' is visible

2024-07-12 21:58:14 - [MESSAGE][PASSED] - Object 'Object Repository/AdminSuiteBootstrap_Pages/VT_Bootstrap/Receipt/button_Print' is visible

2024-07-12 21:58:14 - [TEST_STEP][PASSED] - verifyElementPresent(findTestObject("Object Repository/AdminSuiteBootstrap_Pages/VT_Bootstrap/Receipt/button_Print"), 20): Object 'Object Repository/AdminSuiteBootstrap_Pages/VT_Bootstrap/Receipt/button_Print' is present

2024-07-12 21:58:15 - [MESSAGE][PASSED] - Object 'Object Repository/AdminSuiteBootstrap_Pages/VT_Bootstrap/Receipt/button_Print' is present

2024-07-12 21:58:15 - [TEST_STEP][PASSED] - verifyTextPresent("Remittance ID", true): Text 'Remittance ID' is present on page  using regular expression

2024-07-12 21:58:15 - [MESSAGE][PASSED] - Text 'Remittance ID' is present on page  using regular expression

2024-07-12 21:58:15 - [TEST_STEP][PASSED] - verifyTextPresent("Received", true): Text 'Received' is present on page  using regular expression

2024-07-12 21:58:15 - [MESSAGE][PASSED] - Text 'Received' is present on page  using regular expression

2024-07-12 21:58:15 - [TEST_STEP][PASSED] - verifyTextPresent("UDF1", true): Text 'UDF1' is present on page  using regular expression

2024-07-12 21:58:16 - [MESSAGE][PASSED] - Text 'UDF1' is present on page  using regular expression

2024-07-12 21:58:16 - [TEST_STEP][PASSED] - verifyTextPresent("UDF2", true): Text 'UDF2' is present on page  using regular expression

2024-07-12 21:58:16 - [MESSAGE][PASSED] - Text 'UDF2' is present on page  using regular expression

2024-07-12 21:58:16 - [TEST_STEP][PASSED] - verifyTextPresent("UDF3", true): Text 'UDF3' is present on page  using regular expression

2024-07-12 21:58:16 - [MESSAGE][PASSED] - Text 'UDF3' is present on page  using regular expression

2024-07-12 21:58:16 - [TEST_STEP][PASSED] - verifyTextPresent("UDF4", true): Text 'UDF4' is present on page  using regular expression

2024-07-12 21:58:17 - [MESSAGE][PASSED] - Text 'UDF4' is present on page  using regular expression

2024-07-12 21:58:17 - [TEST_STEP][PASSED] - verifyTextPresent("UDF5", true): Text 'UDF5' is present on page  using regular expression

2024-07-12 21:58:17 - [MESSAGE][PASSED] - Text 'UDF5' is present on page  using regular expression

2024-07-12 21:58:17 - [TEST_STEP][PASSED] - verifyTextPresent("UDF6", true): Text 'UDF6' is present on page  using regular expression

2024-07-12 21:58:17 - [MESSAGE][PASSED] - Text 'UDF6' is present on page  using regular expression

2024-07-12 21:58:17 - [TEST_STEP][PASSED] - verifyTextPresent("UDF7", true): Text 'UDF7' is present on page  using regular expression

2024-07-12 21:58:18 - [MESSAGE][PASSED] - Text 'UDF7' is present on page  using regular expression

2024-07-12 21:58:18 - [TEST_STEP][PASSED] - verifyTextPresent("UDF8", true): Text 'UDF8' is present on page  using regular expression

2024-07-12 21:58:18 - [MESSAGE][PASSED] - Text 'UDF8' is present on page  using regular expression

2024-07-12 21:58:18 - [TEST_STEP][PASSED] - verifyTextPresent("UDF9", true): Text 'UDF9' is present on page  using regular expression

2024-07-12 21:58:18 - [MESSAGE][PASSED] - Text 'UDF9' is present on page  using regular expression

2024-07-12 21:58:18 - [TEST_STEP][PASSED] - verifyTextPresent("UDF 10", true): Text 'UDF 10' is present on page  using regular expression

2024-07-12 21:58:19 - [MESSAGE][PASSED] - Text 'UDF 10' is present on page  using regular expression

2024-07-12 21:58:19 - [TEST_STEP][PASSED] - verifyTextPresent("Australia", true): Text 'Australia' is present on page  using regular expression

2024-07-12 21:58:19 - [MESSAGE][PASSED] - Text 'Australia' is present on page  using regular expression

2024-07-12 21:58:19 - [TEST_STEP][PASSED] - verifyTextPresent("Denmark", true): Text 'Denmark' is present on page  using regular expression

2024-07-12 21:58:19 - [MESSAGE][PASSED] - Text 'Denmark' is present on page  using regular expression

2024-07-12 21:58:19 - [TEST_STEP][PASSED] - verifyTextPresent("Sweden", true): Text 'Sweden' is present on page  using regular expression

2024-07-12 21:58:20 - [MESSAGE][PASSED] - Text 'Sweden' is present on page  using regular expression

2024-07-12 21:58:20 - [TEST_STEP][PASSED] - verifyTextPresent("Austria", true): Text 'Austria' is present on page  using regular expression

2024-07-12 21:58:20 - [MESSAGE][PASSED] - Text 'Austria' is present on page  using regular expression

2024-07-12 21:58:20 - [TEST_STEP][PASSED] - verifyTextPresent("Orange Recorded", true): Text 'Orange Recorded' is present on page  using regular expression

2024-07-12 21:58:20 - [MESSAGE][PASSED] - Text 'Orange Recorded' is present on page  using regular expression

2024-07-12 21:58:20 - [TEST_STEP][PASSED] - verifyTextPresent("Yellow Recorded", true): Text 'Yellow Recorded' is present on page  using regular expression

2024-07-12 21:58:21 - [MESSAGE][PASSED] - Text 'Yellow Recorded' is present on page  using regular expression

2024-07-12 21:58:21 - [TEST_STEP][PASSED] - verifyTextPresent("Norway", true): Text 'Norway' is present on page  using regular expression

2024-07-12 21:58:21 - [MESSAGE][PASSED] - Text 'Norway' is present on page  using regular expression

2024-07-12 21:58:21 - [TEST_STEP][PASSED] - verifyTextPresent("Netherlands", true): Text 'Netherlands' is present on page  using regular expression

2024-07-12 21:58:21 - [MESSAGE][PASSED] - Text 'Netherlands' is present on page  using regular expression

2024-07-12 21:58:21 - [TEST_STEP][PASSED] - verifyTextPresent("Switzerland", true): Text 'Switzerland' is present on page  using regular expression

2024-07-12 21:58:22 - [MESSAGE][PASSED] - Text 'Switzerland' is present on page  using regular expression

2024-07-12 21:58:22 - [TEST_STEP][PASSED] - verifyTextPresent("France", true): Text 'France' is present on page  using regular expression

2024-07-12 21:58:22 - [MESSAGE][PASSED] - Text 'France' is present on page  using regular expression

2024-07-12 21:58:22 - [TEST_STEP][PASSED] - verifyTextPresent("Card Information", true): Text 'Card Information' is present on page  using regular expression

2024-07-12 21:58:22 - [MESSAGE][PASSED] - Text 'Card Information' is present on page  using regular expression

2024-07-12 21:58:22 - [TEST_STEP][PASSED] - verifyTextPresent("Amount", true): Text 'Amount' is present on page  using regular expression

2024-07-12 21:58:23 - [MESSAGE][PASSED] - Text 'Amount' is present on page  using regular expression

2024-07-12 21:58:23 - [TEST_STEP][PASSED] - verifyTextPresent("Service Fee", true): Text 'Service Fee' is present on page  using regular expression

2024-07-12 21:58:23 - [MESSAGE][PASSED] - Text 'Service Fee' is present on page  using regular expression

2024-07-12 21:58:23 - [TEST_STEP][PASSED] - verifyTextPresent("Service Fee Type", true): Text 'Service Fee Type' is present on page  using regular expression

2024-07-12 21:58:23 - [MESSAGE][PASSED] - Text 'Service Fee Type' is present on page  using regular expression

2024-07-12 21:58:23 - [TEST_STEP][PASSED] - verifyTextPresent("Total Amount", true): Text 'Total Amount' is present on page  using regular expression

2024-07-12 21:58:24 - [MESSAGE][PASSED] - Text 'Total Amount' is present on page  using regular expression

2024-07-12 21:58:24 - [TEST_STEP][PASSED] - verifyTextPresent("Transaction Type", true): Text 'Transaction Type' is present on page  using regular expression

2024-07-12 21:58:24 - [MESSAGE][PASSED] - Text 'Transaction Type' is present on page  using regular expression

2024-07-12 21:58:24 - [TEST_STEP][PASSED] - verifyTextPresent("10.50", true): Text '10.50' is present on page  using regular expression

2024-07-12 21:58:24 - [MESSAGE][PASSED] - Text '10.50' is present on page  using regular expression

2024-07-12 21:58:24 - [TEST_STEP][PASSED] - verifyTextPresent("5.00", true): Text '5.00' is present on page  using regular expression

2024-07-12 21:58:25 - [MESSAGE][PASSED] - Text '5.00' is present on page  using regular expression

2024-07-12 21:58:25 - [TEST_STEP][PASSED] - verifyTextPresent("Single Transaction", true): Text 'Single Transaction' is present on page  using regular expression

2024-07-12 21:58:25 - [MESSAGE][PASSED] - Text 'Single Transaction' is present on page  using regular expression

2024-07-12 21:58:25 - [TEST_STEP][PASSED] - verifyTextPresent("15.50", true): Text '15.50' is present on page  using regular expression

2024-07-12 21:58:25 - [MESSAGE][PASSED] - Text '15.50' is present on page  using regular expression

2024-07-12 21:58:25 - [TEST_STEP][PASSED] - verifyTextPresent("Authorization and Capture", true): Text 'Authorization and Capture' is present on page  using regular expression

2024-07-12 21:58:26 - [MESSAGE][PASSED] - Text 'Authorization and Capture' is present on page  using regular expression

2024-07-12 21:58:26 - [TEST_STEP][PASSED] - cardNameV = findTestData(dataFile).getValue("CardNameV", row): null

2024-07-12 21:58:26 - [TEST_STEP][PASSED] - al1V = findTestData(dataFile).getValue("AL1", row): null

2024-07-12 21:58:26 - [TEST_STEP][PASSED] - al2V = findTestData(dataFile).getValue("AL2", row): null

2024-07-12 21:58:26 - [TEST_STEP][PASSED] - zipV = findTestData(dataFile).getValue("ZIP", row): null

2024-07-12 21:58:26 - [TEST_STEP][PASSED] - cardTypeV = findTestData(dataFile).getValue("CardType", row): null

2024-07-12 21:58:26 - [TEST_STEP][PASSED] - last4V = findTestData(dataFile).getValue("Last4", row): null

2024-07-12 21:58:26 - [TEST_STEP][PASSED] - verifyTextPresent(cardNameV, true): Text 'TULSI RAMAN' is present on page  using regular expression

2024-07-12 21:58:27 - [MESSAGE][PASSED] - Text 'TULSI RAMAN' is present on page  using regular expression

2024-07-12 21:58:27 - [TEST_STEP][PASSED] - verifyTextPresent("Address Line 1", true): Text 'Address Line 1' is present on page  using regular expression

2024-07-12 21:58:27 - [MESSAGE][PASSED] - Text 'Address Line 1' is present on page  using regular expression

2024-07-12 21:58:27 - [TEST_STEP][PASSED] - verifyTextPresent("Address Line 2", true): Text 'Address Line 2' is present on page  using regular expression

2024-07-12 21:58:27 - [MESSAGE][PASSED] - Text 'Address Line 2' is present on page  using regular expression

2024-07-12 21:58:27 - [TEST_STEP][PASSED] - verifyTextPresent("Country", true): Text 'Country' is present on page  using regular expression

2024-07-12 21:58:28 - [MESSAGE][PASSED] - Text 'Country' is present on page  using regular expression

2024-07-12 21:58:28 - [TEST_STEP][PASSED] - verifyTextPresent("City", true): Text 'City' is present on page  using regular expression

2024-07-12 21:58:28 - [MESSAGE][PASSED] - Text 'City' is present on page  using regular expression

2024-07-12 21:58:28 - [TEST_STEP][PASSED] - verifyTextPresent("State", true): Text 'State' is present on page  using regular expression

2024-07-12 21:58:28 - [MESSAGE][PASSED] - Text 'State' is present on page  using regular expression

2024-07-12 21:58:28 - [TEST_STEP][PASSED] - verifyTextPresent("ZIP Code", true): Text 'ZIP Code' is present on page  using regular expression

2024-07-12 21:58:29 - [MESSAGE][PASSED] - Text 'ZIP Code' is present on page  using regular expression

2024-07-12 21:58:29 - [TEST_STEP][PASSED] - verifyTextPresent(al1V, true): Text '1478 Jhatka Palace' is present on page  using regular expression

2024-07-12 21:58:29 - [MESSAGE][PASSED] - Text '1478 Jhatka Palace' is present on page  using regular expression

2024-07-12 21:58:29 - [TEST_STEP][PASSED] - verifyTextPresent(al2V, true): Text 'Suite 500' is present on page  using regular expression

2024-07-12 21:58:29 - [MESSAGE][PASSED] - Text 'Suite 500' is present on page  using regular expression

2024-07-12 21:58:29 - [TEST_STEP][PASSED] - verifyTextPresent("United States", true): Text 'United States' is present on page  using regular expression

2024-07-12 21:58:30 - [MESSAGE][PASSED] - Text 'United States' is present on page  using regular expression

2024-07-12 21:58:30 - [TEST_STEP][PASSED] - verifyTextPresent("ARLINGTON", true): Text 'ARLINGTON' is present on page  using regular expression

2024-07-12 21:58:30 - [MESSAGE][PASSED] - Text 'ARLINGTON' is present on page  using regular expression

2024-07-12 21:58:30 - [TEST_STEP][PASSED] - verifyTextPresent("Virginia", true): Text 'Virginia' is present on page  using regular expression

2024-07-12 21:58:30 - [MESSAGE][PASSED] - Text 'Virginia' is present on page  using regular expression

2024-07-12 21:58:30 - [TEST_STEP][PASSED] - verifyTextPresent(zipV, true): Text '22201' is present on page  using regular expression

2024-07-12 21:58:31 - [MESSAGE][PASSED] - Text '22201' is present on page  using regular expression

2024-07-12 21:58:31 - [TEST_STEP][PASSED] - verifyTextPresent(cardTypeV, true): Text 'MasterCard' is present on page  using regular expression

2024-07-12 21:58:31 - [MESSAGE][PASSED] - Text 'MasterCard' is present on page  using regular expression

2024-07-12 21:58:31 - [TEST_STEP][PASSED] - verifyTextPresent(last4V, true): Text '0035' is present on page  using regular expression

2024-07-12 21:58:31 - [MESSAGE][PASSED] - Text '0035' is present on page  using regular expression

2024-07-12 21:58:31 - [TEST_STEP][PASSED] - closeBrowser(): Browser is closed

2024-07-12 21:58:33 - [MESSAGE][PASSED] - Browser is closed

2024-07-12 21:58:33 - [TEST_STEP][PASSED] - ExecuteTC = findTestData(dataFile).getValue("Execute", row): null

2024-07-12 21:58:33 - [TEST_STEP][PASSED] - out.println("Value of Execute is : " + ExecuteTC): null

2024-07-12 21:58:33 - [TEST_STEP][PASSED] - switch (executionProfile): null

2024-07-12 21:58:33 - [TEST_STEP][PASSED] - case "QA2Profile":: null

2024-07-12 21:58:33 - [TEST_STEP][PASSED] - appName = findTestData(dataFile).getValue("AppNameQA", row): null

2024-07-12 21:58:33 - [TEST_STEP][PASSED] - appID = findTestData(dataFile).getValue("AppIDQA", row): null

2024-07-12 21:58:33 - [TEST_STEP][PASSED] - break: null

2024-07-12 21:58:33 - [TEST_STEP][PASSED] - hrefAppID = li_1 + appID + li_2: null

2024-07-12 21:58:33 - [TEST_STEP][PASSED] - hrefApp = li_1 + appID + "/": null

2024-07-12 21:58:33 - [TEST_STEP][PASSED] - println("hrefApp : " + hrefApp): null

2024-07-12 21:58:33 - [TEST_STEP][PASSED] - if (ExecuteTC.equalsIgnoreCase("Y")): Browser is closed

2024-07-12 21:58:33 - [TEST_STEP][PASSED] - out.println("Begin Record Number: " + row): null

2024-07-12 21:58:33 - [TEST_STEP][PASSED] - today = new java.util.Date(): null

2024-07-12 21:58:33 - [TEST_STEP][PASSED] - println(today): null

2024-07-12 21:58:33 - [TEST_STEP][PASSED] - datText = today: null

2024-07-12 21:58:33 - [TEST_STEP][PASSED] - adminSuiteBootstrap.loginFunctionality.login_AdminSuite(): adminSuiteBootstrap.loginFunctionality.login_AdminSuite is PASSED

2024-07-12 21:58:33 - [MESSAGE][INFO] - Starting 'Chrome' driver

2024-07-12 21:58:33 - [MESSAGE][INFO] - User set preference: ['acceptInsecureCerts', 'true']

2024-07-12 21:58:33 - [MESSAGE][INFO] - Action delay is set to 0 milliseconds

2024-07-12 21:58:36 - [MESSAGE][PASSED] - Browser is opened with url: 'https://qa2.velocitypayment.com/admin/imtiaz'

2024-07-12 21:58:36 - [MESSAGE][PASSED] - Current window maximized

2024-07-12 21:58:37 - [MESSAGE][PASSED] - Object 'Object Repository/Login_Page/Login_Username_Okta' is present

2024-07-12 21:58:37 - [MESSAGE][PASSED] - Text 'iahmed' is set on object 'Object Repository/Login_Page/Login_Username_Okta'

2024-07-12 21:58:38 - [MESSAGE][PASSED] - Text 'Hello!6666666' is set on object 'Object Repository/Login_Page/Login_Password_Okta'

2024-07-12 21:58:39 - [MESSAGE][PASSED] - Object: 'Object Repository/Login_Page/Login_Submit_Okta' is clicked on

2024-07-12 21:58:39 - [MESSAGE][PASSED] - adminSuiteBootstrap.loginFunctionality.login_AdminSuite is PASSED

2024-07-12 21:58:39 - [TEST_STEP][PASSED] - click(findTestObject(path_Dashboard + appName)): Object: 'Object Repository/AdminSuiteBootstrap_Pages/Dashboard_Bootstrap/a_Access AutoSingleCFtpQA' is clicked on

2024-07-12 21:58:47 - [MESSAGE][PASSED] - Object: 'Object Repository/AdminSuiteBootstrap_Pages/Dashboard_Bootstrap/a_Access AutoSingleCFtpQA' is clicked on

2024-07-12 21:58:47 - [TEST_STEP][PASSED] - click(findTestObject(path_VT + "button_Authorization  Capture (Sale)")): Object: 'Object Repository/AdminSuiteBootstrap_Pages/VT_Bootstrap/IssueTransactions/button_Authorization  Capture (Sale)' is clicked on

2024-07-12 21:58:48 - [MESSAGE][PASSED] - Object: 'Object Repository/AdminSuiteBootstrap_Pages/VT_Bootstrap/IssueTransactions/button_Authorization  Capture (Sale)' is clicked on

2024-07-12 21:58:48 - [TEST_STEP][PASSED] - saleKeyboardEntryLink = modifyObjectProperty(findTestObject(path_VT + "a_KeyboardEntry_Sale"), "href", "equals", hrefAppID, true): Modify property of object successfully

2024-07-12 21:58:48 - [MESSAGE][PASSED] - Modify property of object successfully

2024-07-12 21:58:48 - [TEST_STEP][PASSED] - click(saleKeyboardEntryLink): Object: 'Object Repository/AdminSuiteBootstrap_Pages/VT_Bootstrap/IssueTransactions/a_KeyboardEntry_Sale' is clicked on

2024-07-12 21:58:49 - [MESSAGE][PASSED] - Object: 'Object Repository/AdminSuiteBootstrap_Pages/VT_Bootstrap/IssueTransactions/a_KeyboardEntry_Sale' is clicked on

2024-07-12 21:58:49 - [TEST_STEP][PASSED] - adminSuiteBootstrap.virtualTerminalSetData.saleKeyboard_DataDriven(row, dataFile): adminSuiteBootstrap.virtualTerminalSetData.saleKeyboard_DataDriven is PASSED

2024-07-12 21:58:52 - [MESSAGE][PASSED] - Text 'Tulsi Raman' is set on object 'Object Repository/AdminSuiteBootstrap_Pages/VT_Bootstrap/SaleKeyboard/input_cardName'

2024-07-12 21:58:53 - [MESSAGE][PASSED] - All options with value 'RETL' are selected in object 'Object Repository/AdminSuiteBootstrap_Pages/VT_Bootstrap/SaleKeyboard/select_transactionCategory'  using regular expression

2024-07-12 21:58:53 - [MESSAGE][PASSED] - Execute JavaScript 'arguments[0].value ='371449635392376' ' successfully

2024-07-12 21:58:54 - [MESSAGE][PASSED] - Execute JavaScript 'arguments[0].value ='123' ' successfully

2024-07-12 21:58:55 - [MESSAGE][PASSED] - All options with value '12' are selected in object 'Object Repository/AdminSuiteBootstrap_Pages/VT_Bootstrap/SaleKeyboard/select_MM'  using regular expression

2024-07-12 21:58:56 - [MESSAGE][PASSED] - All options with value '2025' are selected in object 'Object Repository/AdminSuiteBootstrap_Pages/VT_Bootstrap/SaleKeyboard/select_YYYY'  using regular expression

2024-07-12 21:58:57 - [MESSAGE][PASSED] - Text '550 Swan Lake' is set on object 'Object Repository/AdminSuiteBootstrap_Pages/VT_Bootstrap/SaleKeyboard/input__address'

2024-07-12 21:58:57 - [MESSAGE][PASSED] - Text 'Suite 500' is set on object 'Object Repository/AdminSuiteBootstrap_Pages/VT_Bootstrap/SaleKeyboard/input__address2'

2024-07-12 21:58:58 - [MESSAGE][PASSED] - Text '22201' is set on object 'Object Repository/AdminSuiteBootstrap_Pages/VT_Bootstrap/SaleKeyboard/input__zip'

2024-07-12 21:58:59 - [MESSAGE][PASSED] - Text '' is set on object 'Object Repository/AdminSuiteBootstrap_Pages/VT_Bootstrap/SaleKeyboard/input_emailAddress'

2024-07-12 21:59:00 - [MESSAGE][PASSED] - Text '' is set on object 'Object Repository/AdminSuiteBootstrap_Pages/VT_Bootstrap/SaleKeyboard/input_smsNumber'

2024-07-12 21:59:01 - [MESSAGE][PASSED] - Text '10.50' is set on object 'Object Repository/AdminSuiteBootstrap_Pages/VT_Bootstrap/SaleKeyboard/input_amount'

2024-07-12 21:59:02 - [MESSAGE][PASSED] - Text 'Australia' is set on object 'Object Repository/AdminSuiteBootstrap_Pages/VT_Bootstrap/SaleKeyboard/input_userDefined1'

2024-07-12 21:59:03 - [MESSAGE][PASSED] - Text 'Denmark' is set on object 'Object Repository/AdminSuiteBootstrap_Pages/VT_Bootstrap/SaleKeyboard/input_userDefined2'

2024-07-12 21:59:03 - [MESSAGE][PASSED] - Text 'Sweden' is set on object 'Object Repository/AdminSuiteBootstrap_Pages/VT_Bootstrap/SaleKeyboard/input_userDefined3'

2024-07-12 21:59:04 - [MESSAGE][PASSED] - Text 'Austria' is set on object 'Object Repository/AdminSuiteBootstrap_Pages/VT_Bootstrap/SaleKeyboard/input_userDefined4'

2024-07-12 21:59:05 - [MESSAGE][PASSED] - All options with label 'Orange' are selected in object 'Object Repository/AdminSuiteBootstrap_Pages/VT_Bootstrap/SaleKeyboard/select_UDF5_DropDown'  using regular expression

2024-07-12 21:59:06 - [MESSAGE][PASSED] - All options with label 'Yellow' are selected in object 'Object Repository/AdminSuiteBootstrap_Pages/VT_Bootstrap/SaleKeyboard/select_UDF6_DropDown'  using regular expression

2024-07-12 21:59:07 - [MESSAGE][PASSED] - Text 'Norway' is set on object 'Object Repository/AdminSuiteBootstrap_Pages/VT_Bootstrap/SaleKeyboard/input_userDefined7'

2024-07-12 21:59:08 - [MESSAGE][PASSED] - Text 'Netherlands' is set on object 'Object Repository/AdminSuiteBootstrap_Pages/VT_Bootstrap/SaleKeyboard/input_userDefined8'

2024-07-12 21:59:08 - [MESSAGE][PASSED] - Text 'Switzerland' is set on object 'Object Repository/AdminSuiteBootstrap_Pages/VT_Bootstrap/SaleKeyboard/input_userDefined9'

2024-07-12 21:59:09 - [MESSAGE][PASSED] - Text 'France' is set on object 'Object Repository/AdminSuiteBootstrap_Pages/VT_Bootstrap/SaleKeyboard/input_userDefined10'

2024-07-12 21:59:11 - [MESSAGE][PASSED] - Object: 'Object Repository/AdminSuiteBootstrap_Pages/VT_Bootstrap/SaleKeyboard/button_Submit' is clicked on

2024-07-12 21:59:11 - [MESSAGE][PASSED] - adminSuiteBootstrap.virtualTerminalSetData.saleKeyboard_DataDriven is PASSED

2024-07-12 21:59:11 - [TEST_STEP][PASSED] - verifyTextPresent("Transaction Successful", true): Text 'Transaction Successful' is present on page  using regular expression

2024-07-12 21:59:11 - [MESSAGE][PASSED] - Text 'Transaction Successful' is present on page  using regular expression

2024-07-12 21:59:11 - [TEST_STEP][PASSED] - verifyElementVisible(findTestObject("Object Repository/AdminSuiteBootstrap_Pages/VT_Bootstrap/Receipt/button_Continue")): Object 'Object Repository/AdminSuiteBootstrap_Pages/VT_Bootstrap/Receipt/button_Continue' is visible

2024-07-12 21:59:12 - [MESSAGE][PASSED] - Object 'Object Repository/AdminSuiteBootstrap_Pages/VT_Bootstrap/Receipt/button_Continue' is visible

2024-07-12 21:59:12 - [TEST_STEP][PASSED] - verifyElementPresent(findTestObject("Object Repository/AdminSuiteBootstrap_Pages/VT_Bootstrap/Receipt/button_Continue"), 20): Object 'Object Repository/AdminSuiteBootstrap_Pages/VT_Bootstrap/Receipt/button_Continue' is present

2024-07-12 21:59:12 - [MESSAGE][PASSED] - Object 'Object Repository/AdminSuiteBootstrap_Pages/VT_Bootstrap/Receipt/button_Continue' is present

2024-07-12 21:59:12 - [TEST_STEP][PASSED] - verifyElementVisible(findTestObject("Object Repository/AdminSuiteBootstrap_Pages/VT_Bootstrap/Receipt/button_Print")): Object 'Object Repository/AdminSuiteBootstrap_Pages/VT_Bootstrap/Receipt/button_Print' is visible

2024-07-12 21:59:12 - [MESSAGE][PASSED] - Object 'Object Repository/AdminSuiteBootstrap_Pages/VT_Bootstrap/Receipt/button_Print' is visible

2024-07-12 21:59:12 - [TEST_STEP][PASSED] - verifyElementPresent(findTestObject("Object Repository/AdminSuiteBootstrap_Pages/VT_Bootstrap/Receipt/button_Print"), 20): Object 'Object Repository/AdminSuiteBootstrap_Pages/VT_Bootstrap/Receipt/button_Print' is present

2024-07-12 21:59:13 - [MESSAGE][PASSED] - Object 'Object Repository/AdminSuiteBootstrap_Pages/VT_Bootstrap/Receipt/button_Print' is present

2024-07-12 21:59:13 - [TEST_STEP][PASSED] - verifyTextPresent("Remittance ID", true): Text 'Remittance ID' is present on page  using regular expression

2024-07-12 21:59:13 - [MESSAGE][PASSED] - Text 'Remittance ID' is present on page  using regular expression

2024-07-12 21:59:13 - [TEST_STEP][PASSED] - verifyTextPresent("Received", true): Text 'Received' is present on page  using regular expression

2024-07-12 21:59:13 - [MESSAGE][PASSED] - Text 'Received' is present on page  using regular expression

2024-07-12 21:59:13 - [TEST_STEP][PASSED] - verifyTextPresent("UDF1", true): Text 'UDF1' is present on page  using regular expression

2024-07-12 21:59:14 - [MESSAGE][PASSED] - Text 'UDF1' is present on page  using regular expression

2024-07-12 21:59:14 - [TEST_STEP][PASSED] - verifyTextPresent("UDF2", true): Text 'UDF2' is present on page  using regular expression

2024-07-12 21:59:14 - [MESSAGE][PASSED] - Text 'UDF2' is present on page  using regular expression

2024-07-12 21:59:14 - [TEST_STEP][PASSED] - verifyTextPresent("UDF3", true): Text 'UDF3' is present on page  using regular expression

2024-07-12 21:59:14 - [MESSAGE][PASSED] - Text 'UDF3' is present on page  using regular expression

2024-07-12 21:59:14 - [TEST_STEP][PASSED] - verifyTextPresent("UDF4", true): Text 'UDF4' is present on page  using regular expression

2024-07-12 21:59:15 - [MESSAGE][PASSED] - Text 'UDF4' is present on page  using regular expression

2024-07-12 21:59:15 - [TEST_STEP][PASSED] - verifyTextPresent("UDF5", true): Text 'UDF5' is present on page  using regular expression

2024-07-12 21:59:15 - [MESSAGE][PASSED] - Text 'UDF5' is present on page  using regular expression

2024-07-12 21:59:15 - [TEST_STEP][PASSED] - verifyTextPresent("UDF6", true): Text 'UDF6' is present on page  using regular expression

2024-07-12 21:59:15 - [MESSAGE][PASSED] - Text 'UDF6' is present on page  using regular expression

2024-07-12 21:59:15 - [TEST_STEP][PASSED] - verifyTextPresent("UDF7", true): Text 'UDF7' is present on page  using regular expression

2024-07-12 21:59:16 - [MESSAGE][PASSED] - Text 'UDF7' is present on page  using regular expression

2024-07-12 21:59:16 - [TEST_STEP][PASSED] - verifyTextPresent("UDF8", true): Text 'UDF8' is present on page  using regular expression

2024-07-12 21:59:16 - [MESSAGE][PASSED] - Text 'UDF8' is present on page  using regular expression

2024-07-12 21:59:16 - [TEST_STEP][PASSED] - verifyTextPresent("UDF9", true): Text 'UDF9' is present on page  using regular expression

2024-07-12 21:59:16 - [MESSAGE][PASSED] - Text 'UDF9' is present on page  using regular expression

2024-07-12 21:59:16 - [TEST_STEP][PASSED] - verifyTextPresent("UDF 10", true): Text 'UDF 10' is present on page  using regular expression

2024-07-12 21:59:17 - [MESSAGE][PASSED] - Text 'UDF 10' is present on page  using regular expression

2024-07-12 21:59:17 - [TEST_STEP][PASSED] - verifyTextPresent("Australia", true): Text 'Australia' is present on page  using regular expression

2024-07-12 21:59:17 - [MESSAGE][PASSED] - Text 'Australia' is present on page  using regular expression

2024-07-12 21:59:17 - [TEST_STEP][PASSED] - verifyTextPresent("Denmark", true): Text 'Denmark' is present on page  using regular expression

2024-07-12 21:59:17 - [MESSAGE][PASSED] - Text 'Denmark' is present on page  using regular expression

2024-07-12 21:59:17 - [TEST_STEP][PASSED] - verifyTextPresent("Sweden", true): Text 'Sweden' is present on page  using regular expression

2024-07-12 21:59:18 - [MESSAGE][PASSED] - Text 'Sweden' is present on page  using regular expression

2024-07-12 21:59:18 - [TEST_STEP][PASSED] - verifyTextPresent("Austria", true): Text 'Austria' is present on page  using regular expression

2024-07-12 21:59:18 - [MESSAGE][PASSED] - Text 'Austria' is present on page  using regular expression

2024-07-12 21:59:18 - [TEST_STEP][PASSED] - verifyTextPresent("Orange Recorded", true): Text 'Orange Recorded' is present on page  using regular expression

2024-07-12 21:59:18 - [MESSAGE][PASSED] - Text 'Orange Recorded' is present on page  using regular expression

2024-07-12 21:59:18 - [TEST_STEP][PASSED] - verifyTextPresent("Yellow Recorded", true): Text 'Yellow Recorded' is present on page  using regular expression

2024-07-12 21:59:19 - [MESSAGE][PASSED] - Text 'Yellow Recorded' is present on page  using regular expression

2024-07-12 21:59:19 - [TEST_STEP][PASSED] - verifyTextPresent("Norway", true): Text 'Norway' is present on page  using regular expression

2024-07-12 21:59:19 - [MESSAGE][PASSED] - Text 'Norway' is present on page  using regular expression

2024-07-12 21:59:19 - [TEST_STEP][PASSED] - verifyTextPresent("Netherlands", true): Text 'Netherlands' is present on page  using regular expression

2024-07-12 21:59:19 - [MESSAGE][PASSED] - Text 'Netherlands' is present on page  using regular expression

2024-07-12 21:59:19 - [TEST_STEP][PASSED] - verifyTextPresent("Switzerland", true): Text 'Switzerland' is present on page  using regular expression

2024-07-12 21:59:20 - [MESSAGE][PASSED] - Text 'Switzerland' is present on page  using regular expression

2024-07-12 21:59:20 - [TEST_STEP][PASSED] - verifyTextPresent("France", true): Text 'France' is present on page  using regular expression

2024-07-12 21:59:20 - [MESSAGE][PASSED] - Text 'France' is present on page  using regular expression

2024-07-12 21:59:20 - [TEST_STEP][PASSED] - verifyTextPresent("Card Information", true): Text 'Card Information' is present on page  using regular expression

2024-07-12 21:59:20 - [MESSAGE][PASSED] - Text 'Card Information' is present on page  using regular expression

2024-07-12 21:59:20 - [TEST_STEP][PASSED] - verifyTextPresent("Amount", true): Text 'Amount' is present on page  using regular expression

2024-07-12 21:59:21 - [MESSAGE][PASSED] - Text 'Amount' is present on page  using regular expression

2024-07-12 21:59:21 - [TEST_STEP][PASSED] - verifyTextPresent("Service Fee", true): Text 'Service Fee' is present on page  using regular expression

2024-07-12 21:59:21 - [MESSAGE][PASSED] - Text 'Service Fee' is present on page  using regular expression

2024-07-12 21:59:21 - [TEST_STEP][PASSED] - verifyTextPresent("Service Fee Type", true): Text 'Service Fee Type' is present on page  using regular expression

2024-07-12 21:59:21 - [MESSAGE][PASSED] - Text 'Service Fee Type' is present on page  using regular expression

2024-07-12 21:59:21 - [TEST_STEP][PASSED] - verifyTextPresent("Total Amount", true): Text 'Total Amount' is present on page  using regular expression

2024-07-12 21:59:22 - [MESSAGE][PASSED] - Text 'Total Amount' is present on page  using regular expression

2024-07-12 21:59:22 - [TEST_STEP][PASSED] - verifyTextPresent("Transaction Type", true): Text 'Transaction Type' is present on page  using regular expression

2024-07-12 21:59:22 - [MESSAGE][PASSED] - Text 'Transaction Type' is present on page  using regular expression

2024-07-12 21:59:22 - [TEST_STEP][PASSED] - verifyTextPresent("10.50", true): Text '10.50' is present on page  using regular expression

2024-07-12 21:59:22 - [MESSAGE][PASSED] - Text '10.50' is present on page  using regular expression

2024-07-12 21:59:22 - [TEST_STEP][PASSED] - verifyTextPresent("5.00", true): Text '5.00' is present on page  using regular expression

2024-07-12 21:59:23 - [MESSAGE][PASSED] - Text '5.00' is present on page  using regular expression

2024-07-12 21:59:23 - [TEST_STEP][PASSED] - verifyTextPresent("Single Transaction", true): Text 'Single Transaction' is present on page  using regular expression

2024-07-12 21:59:23 - [MESSAGE][PASSED] - Text 'Single Transaction' is present on page  using regular expression

2024-07-12 21:59:23 - [TEST_STEP][PASSED] - verifyTextPresent("15.50", true): Text '15.50' is present on page  using regular expression

2024-07-12 21:59:23 - [MESSAGE][PASSED] - Text '15.50' is present on page  using regular expression

2024-07-12 21:59:23 - [TEST_STEP][PASSED] - verifyTextPresent("Authorization and Capture", true): Text 'Authorization and Capture' is present on page  using regular expression

2024-07-12 21:59:24 - [MESSAGE][PASSED] - Text 'Authorization and Capture' is present on page  using regular expression

2024-07-12 21:59:24 - [TEST_STEP][PASSED] - cardNameV = findTestData(dataFile).getValue("CardNameV", row): null

2024-07-12 21:59:24 - [TEST_STEP][PASSED] - al1V = findTestData(dataFile).getValue("AL1", row): null

2024-07-12 21:59:24 - [TEST_STEP][PASSED] - al2V = findTestData(dataFile).getValue("AL2", row): null

2024-07-12 21:59:24 - [TEST_STEP][PASSED] - zipV = findTestData(dataFile).getValue("ZIP", row): null

2024-07-12 21:59:24 - [TEST_STEP][PASSED] - cardTypeV = findTestData(dataFile).getValue("CardType", row): null

2024-07-12 21:59:24 - [TEST_STEP][PASSED] - last4V = findTestData(dataFile).getValue("Last4", row): null

2024-07-12 21:59:24 - [TEST_STEP][PASSED] - verifyTextPresent(cardNameV, true): Text 'TULSI RAMAN' is present on page  using regular expression

2024-07-12 21:59:25 - [MESSAGE][PASSED] - Text 'TULSI RAMAN' is present on page  using regular expression

2024-07-12 21:59:25 - [TEST_STEP][PASSED] - verifyTextPresent("Address Line 1", true): Text 'Address Line 1' is present on page  using regular expression

2024-07-12 21:59:25 - [MESSAGE][PASSED] - Text 'Address Line 1' is present on page  using regular expression

2024-07-12 21:59:25 - [TEST_STEP][PASSED] - verifyTextPresent("Address Line 2", true): Text 'Address Line 2' is present on page  using regular expression

2024-07-12 21:59:25 - [MESSAGE][PASSED] - Text 'Address Line 2' is present on page  using regular expression

2024-07-12 21:59:25 - [TEST_STEP][PASSED] - verifyTextPresent("Country", true): Text 'Country' is present on page  using regular expression

2024-07-12 21:59:26 - [MESSAGE][PASSED] - Text 'Country' is present on page  using regular expression

2024-07-12 21:59:26 - [TEST_STEP][PASSED] - verifyTextPresent("City", true): Text 'City' is present on page  using regular expression

2024-07-12 21:59:26 - [MESSAGE][PASSED] - Text 'City' is present on page  using regular expression

2024-07-12 21:59:26 - [TEST_STEP][PASSED] - verifyTextPresent("State", true): Text 'State' is present on page  using regular expression

2024-07-12 21:59:26 - [MESSAGE][PASSED] - Text 'State' is present on page  using regular expression

2024-07-12 21:59:26 - [TEST_STEP][PASSED] - verifyTextPresent("ZIP Code", true): Text 'ZIP Code' is present on page  using regular expression

2024-07-12 21:59:27 - [MESSAGE][PASSED] - Text 'ZIP Code' is present on page  using regular expression

2024-07-12 21:59:27 - [TEST_STEP][PASSED] - verifyTextPresent(al1V, true): Text '550 Swan Lake' is present on page  using regular expression

2024-07-12 21:59:27 - [MESSAGE][PASSED] - Text '550 Swan Lake' is present on page  using regular expression

2024-07-12 21:59:27 - [TEST_STEP][PASSED] - verifyTextPresent(al2V, true): Text 'Suite 500' is present on page  using regular expression

2024-07-12 21:59:27 - [MESSAGE][PASSED] - Text 'Suite 500' is present on page  using regular expression

2024-07-12 21:59:27 - [TEST_STEP][PASSED] - verifyTextPresent("United States", true): Text 'United States' is present on page  using regular expression

2024-07-12 21:59:28 - [MESSAGE][PASSED] - Text 'United States' is present on page  using regular expression

2024-07-12 21:59:28 - [TEST_STEP][PASSED] - verifyTextPresent("ARLINGTON", true): Text 'ARLINGTON' is present on page  using regular expression

2024-07-12 21:59:28 - [MESSAGE][PASSED] - Text 'ARLINGTON' is present on page  using regular expression

2024-07-12 21:59:28 - [TEST_STEP][PASSED] - verifyTextPresent("Virginia", true): Text 'Virginia' is present on page  using regular expression

2024-07-12 21:59:28 - [MESSAGE][PASSED] - Text 'Virginia' is present on page  using regular expression

2024-07-12 21:59:28 - [TEST_STEP][PASSED] - verifyTextPresent(zipV, true): Text '22201' is present on page  using regular expression

2024-07-12 21:59:29 - [MESSAGE][PASSED] - Text '22201' is present on page  using regular expression

2024-07-12 21:59:29 - [TEST_STEP][PASSED] - verifyTextPresent(cardTypeV, true): Text 'American Express' is present on page  using regular expression

2024-07-12 21:59:29 - [MESSAGE][PASSED] - Text 'American Express' is present on page  using regular expression

2024-07-12 21:59:29 - [TEST_STEP][PASSED] - verifyTextPresent(last4V, true): Text '2376' is present on page  using regular expression

2024-07-12 21:59:29 - [MESSAGE][PASSED] - Text '2376' is present on page  using regular expression

2024-07-12 21:59:29 - [TEST_STEP][PASSED] - closeBrowser(): Browser is closed

2024-07-12 21:59:30 - [MESSAGE][PASSED] - Browser is closed

2024-07-12 21:59:30 - [TEST_STEP][PASSED] - ExecuteTC = findTestData(dataFile).getValue("Execute", row): null

2024-07-12 21:59:30 - [TEST_STEP][PASSED] - out.println("Value of Execute is : " + ExecuteTC): null

2024-07-12 21:59:30 - [TEST_STEP][PASSED] - switch (executionProfile): null

2024-07-12 21:59:30 - [TEST_STEP][PASSED] - case "QA2Profile":: null

2024-07-12 21:59:30 - [TEST_STEP][PASSED] - appName = findTestData(dataFile).getValue("AppNameQA", row): null

2024-07-12 21:59:31 - [TEST_STEP][PASSED] - appID = findTestData(dataFile).getValue("AppIDQA", row): null

2024-07-12 21:59:31 - [TEST_STEP][PASSED] - break: null

2024-07-12 21:59:31 - [TEST_STEP][PASSED] - hrefAppID = li_1 + appID + li_2: null

2024-07-12 21:59:31 - [TEST_STEP][PASSED] - hrefApp = li_1 + appID + "/": null

2024-07-12 21:59:31 - [TEST_STEP][PASSED] - println("hrefApp : " + hrefApp): null

2024-07-12 21:59:31 - [TEST_STEP][PASSED] - if (ExecuteTC.equalsIgnoreCase("Y")): Browser is closed

2024-07-12 21:59:31 - [TEST_STEP][PASSED] - out.println("Begin Record Number: " + row): null

2024-07-12 21:59:31 - [TEST_STEP][PASSED] - today = new java.util.Date(): null

2024-07-12 21:59:31 - [TEST_STEP][PASSED] - println(today): null

2024-07-12 21:59:31 - [TEST_STEP][PASSED] - datText = today: null

2024-07-12 21:59:31 - [TEST_STEP][PASSED] - adminSuiteBootstrap.loginFunctionality.login_AdminSuite(): adminSuiteBootstrap.loginFunctionality.login_AdminSuite is PASSED

2024-07-12 21:59:31 - [MESSAGE][INFO] - Starting 'Chrome' driver

2024-07-12 21:59:31 - [MESSAGE][INFO] - User set preference: ['acceptInsecureCerts', 'true']

2024-07-12 21:59:31 - [MESSAGE][INFO] - Action delay is set to 0 milliseconds

2024-07-12 21:59:34 - [MESSAGE][PASSED] - Browser is opened with url: 'https://qa2.velocitypayment.com/admin/imtiaz'

2024-07-12 21:59:34 - [MESSAGE][PASSED] - Current window maximized

2024-07-12 21:59:35 - [MESSAGE][PASSED] - Object 'Object Repository/Login_Page/Login_Username_Okta' is present

2024-07-12 21:59:35 - [MESSAGE][PASSED] - Text 'iahmed' is set on object 'Object Repository/Login_Page/Login_Username_Okta'

2024-07-12 21:59:36 - [MESSAGE][PASSED] - Text 'Hello!6666666' is set on object 'Object Repository/Login_Page/Login_Password_Okta'

2024-07-12 21:59:37 - [MESSAGE][PASSED] - Object: 'Object Repository/Login_Page/Login_Submit_Okta' is clicked on

2024-07-12 21:59:37 - [MESSAGE][PASSED] - adminSuiteBootstrap.loginFunctionality.login_AdminSuite is PASSED

2024-07-12 21:59:37 - [TEST_STEP][PASSED] - click(findTestObject(path_Dashboard + appName)): Object: 'Object Repository/AdminSuiteBootstrap_Pages/Dashboard_Bootstrap/a_Access AutoSingleCFtpQA' is clicked on

2024-07-12 21:59:45 - [MESSAGE][PASSED] - Object: 'Object Repository/AdminSuiteBootstrap_Pages/Dashboard_Bootstrap/a_Access AutoSingleCFtpQA' is clicked on

2024-07-12 21:59:45 - [TEST_STEP][PASSED] - click(findTestObject(path_VT + "button_Authorization  Capture (Sale)")): Object: 'Object Repository/AdminSuiteBootstrap_Pages/VT_Bootstrap/IssueTransactions/button_Authorization  Capture (Sale)' is clicked on

2024-07-12 21:59:45 - [MESSAGE][PASSED] - Object: 'Object Repository/AdminSuiteBootstrap_Pages/VT_Bootstrap/IssueTransactions/button_Authorization  Capture (Sale)' is clicked on

2024-07-12 21:59:45 - [TEST_STEP][PASSED] - saleKeyboardEntryLink = modifyObjectProperty(findTestObject(path_VT + "a_KeyboardEntry_Sale"), "href", "equals", hrefAppID, true): Modify property of object successfully

2024-07-12 21:59:45 - [MESSAGE][PASSED] - Modify property of object successfully

2024-07-12 21:59:45 - [TEST_STEP][PASSED] - click(saleKeyboardEntryLink): Object: 'Object Repository/AdminSuiteBootstrap_Pages/VT_Bootstrap/IssueTransactions/a_KeyboardEntry_Sale' is clicked on

2024-07-12 21:59:46 - [MESSAGE][PASSED] - Object: 'Object Repository/AdminSuiteBootstrap_Pages/VT_Bootstrap/IssueTransactions/a_KeyboardEntry_Sale' is clicked on

2024-07-12 21:59:46 - [TEST_STEP][PASSED] - adminSuiteBootstrap.virtualTerminalSetData.saleKeyboard_DataDriven(row, dataFile): adminSuiteBootstrap.virtualTerminalSetData.saleKeyboard_DataDriven is PASSED

2024-07-12 21:59:49 - [MESSAGE][PASSED] - Text 'Tulsi Raman' is set on object 'Object Repository/AdminSuiteBootstrap_Pages/VT_Bootstrap/SaleKeyboard/input_cardName'

2024-07-12 21:59:50 - [MESSAGE][PASSED] - All options with value 'RETL' are selected in object 'Object Repository/AdminSuiteBootstrap_Pages/VT_Bootstrap/SaleKeyboard/select_transactionCategory'  using regular expression

2024-07-12 21:59:51 - [MESSAGE][PASSED] - Execute JavaScript 'arguments[0].value ='6011000993026909' ' successfully

2024-07-12 21:59:51 - [MESSAGE][PASSED] - Execute JavaScript 'arguments[0].value ='123' ' successfully

2024-07-12 21:59:52 - [MESSAGE][PASSED] - All options with value '12' are selected in object 'Object Repository/AdminSuiteBootstrap_Pages/VT_Bootstrap/SaleKeyboard/select_MM'  using regular expression

2024-07-12 21:59:54 - [MESSAGE][PASSED] - All options with value '2025' are selected in object 'Object Repository/AdminSuiteBootstrap_Pages/VT_Bootstrap/SaleKeyboard/select_YYYY'  using regular expression

2024-07-12 21:59:54 - [MESSAGE][PASSED] - Text '25987 Hill Top' is set on object 'Object Repository/AdminSuiteBootstrap_Pages/VT_Bootstrap/SaleKeyboard/input__address'

2024-07-12 21:59:55 - [MESSAGE][PASSED] - Text 'Suite 500' is set on object 'Object Repository/AdminSuiteBootstrap_Pages/VT_Bootstrap/SaleKeyboard/input__address2'

2024-07-12 21:59:56 - [MESSAGE][PASSED] - Text '22201' is set on object 'Object Repository/AdminSuiteBootstrap_Pages/VT_Bootstrap/SaleKeyboard/input__zip'

2024-07-12 21:59:57 - [MESSAGE][PASSED] - Text '' is set on object 'Object Repository/AdminSuiteBootstrap_Pages/VT_Bootstrap/SaleKeyboard/input_emailAddress'

2024-07-12 21:59:58 - [MESSAGE][PASSED] - Text '' is set on object 'Object Repository/AdminSuiteBootstrap_Pages/VT_Bootstrap/SaleKeyboard/input_smsNumber'

2024-07-12 21:59:59 - [MESSAGE][PASSED] - Text '10.50' is set on object 'Object Repository/AdminSuiteBootstrap_Pages/VT_Bootstrap/SaleKeyboard/input_amount'

2024-07-12 22:00:00 - [MESSAGE][PASSED] - Text 'Australia' is set on object 'Object Repository/AdminSuiteBootstrap_Pages/VT_Bootstrap/SaleKeyboard/input_userDefined1'

2024-07-12 22:00:00 - [MESSAGE][PASSED] - Text 'Denmark' is set on object 'Object Repository/AdminSuiteBootstrap_Pages/VT_Bootstrap/SaleKeyboard/input_userDefined2'

2024-07-12 22:00:01 - [MESSAGE][PASSED] - Text 'Sweden' is set on object 'Object Repository/AdminSuiteBootstrap_Pages/VT_Bootstrap/SaleKeyboard/input_userDefined3'

2024-07-12 22:00:02 - [MESSAGE][PASSED] - Text 'Austria' is set on object 'Object Repository/AdminSuiteBootstrap_Pages/VT_Bootstrap/SaleKeyboard/input_userDefined4'

2024-07-12 22:00:03 - [MESSAGE][PASSED] - All options with label 'Orange' are selected in object 'Object Repository/AdminSuiteBootstrap_Pages/VT_Bootstrap/SaleKeyboard/select_UDF5_DropDown'  using regular expression

2024-07-12 22:00:04 - [MESSAGE][PASSED] - All options with label 'Yellow' are selected in object 'Object Repository/AdminSuiteBootstrap_Pages/VT_Bootstrap/SaleKeyboard/select_UDF6_DropDown'  using regular expression

2024-07-12 22:00:05 - [MESSAGE][PASSED] - Text 'Norway' is set on object 'Object Repository/AdminSuiteBootstrap_Pages/VT_Bootstrap/SaleKeyboard/input_userDefined7'

2024-07-12 22:00:05 - [MESSAGE][PASSED] - Text 'Netherlands' is set on object 'Object Repository/AdminSuiteBootstrap_Pages/VT_Bootstrap/SaleKeyboard/input_userDefined8'

2024-07-12 22:00:06 - [MESSAGE][PASSED] - Text 'Switzerland' is set on object 'Object Repository/AdminSuiteBootstrap_Pages/VT_Bootstrap/SaleKeyboard/input_userDefined9'

2024-07-12 22:00:07 - [MESSAGE][PASSED] - Text 'France' is set on object 'Object Repository/AdminSuiteBootstrap_Pages/VT_Bootstrap/SaleKeyboard/input_userDefined10'

2024-07-12 22:00:08 - [MESSAGE][PASSED] - Object: 'Object Repository/AdminSuiteBootstrap_Pages/VT_Bootstrap/SaleKeyboard/button_Submit' is clicked on

2024-07-12 22:00:08 - [MESSAGE][PASSED] - adminSuiteBootstrap.virtualTerminalSetData.saleKeyboard_DataDriven is PASSED

2024-07-12 22:00:08 - [TEST_STEP][PASSED] - verifyTextPresent("Transaction Successful", true): Text 'Transaction Successful' is present on page  using regular expression

2024-07-12 22:00:09 - [MESSAGE][PASSED] - Text 'Transaction Successful' is present on page  using regular expression

2024-07-12 22:00:09 - [TEST_STEP][PASSED] - verifyElementVisible(findTestObject("Object Repository/AdminSuiteBootstrap_Pages/VT_Bootstrap/Receipt/button_Continue")): Object 'Object Repository/AdminSuiteBootstrap_Pages/VT_Bootstrap/Receipt/button_Continue' is visible

2024-07-12 22:00:09 - [MESSAGE][PASSED] - Object 'Object Repository/AdminSuiteBootstrap_Pages/VT_Bootstrap/Receipt/button_Continue' is visible

2024-07-12 22:00:09 - [TEST_STEP][PASSED] - verifyElementPresent(findTestObject("Object Repository/AdminSuiteBootstrap_Pages/VT_Bootstrap/Receipt/button_Continue"), 20): Object 'Object Repository/AdminSuiteBootstrap_Pages/VT_Bootstrap/Receipt/button_Continue' is present

2024-07-12 22:00:09 - [MESSAGE][PASSED] - Object 'Object Repository/AdminSuiteBootstrap_Pages/VT_Bootstrap/Receipt/button_Continue' is present

2024-07-12 22:00:09 - [TEST_STEP][PASSED] - verifyElementVisible(findTestObject("Object Repository/AdminSuiteBootstrap_Pages/VT_Bootstrap/Receipt/button_Print")): Object 'Object Repository/AdminSuiteBootstrap_Pages/VT_Bootstrap/Receipt/button_Print' is visible

2024-07-12 22:00:10 - [MESSAGE][PASSED] - Object 'Object Repository/AdminSuiteBootstrap_Pages/VT_Bootstrap/Receipt/button_Print' is visible

2024-07-12 22:00:10 - [TEST_STEP][PASSED] - verifyElementPresent(findTestObject("Object Repository/AdminSuiteBootstrap_Pages/VT_Bootstrap/Receipt/button_Print"), 20): Object 'Object Repository/AdminSuiteBootstrap_Pages/VT_Bootstrap/Receipt/button_Print' is present

2024-07-12 22:00:10 - [MESSAGE][PASSED] - Object 'Object Repository/AdminSuiteBootstrap_Pages/VT_Bootstrap/Receipt/button_Print' is present

2024-07-12 22:00:10 - [TEST_STEP][PASSED] - verifyTextPresent("Remittance ID", true): Text 'Remittance ID' is present on page  using regular expression

2024-07-12 22:00:10 - [MESSAGE][PASSED] - Text 'Remittance ID' is present on page  using regular expression

2024-07-12 22:00:10 - [TEST_STEP][PASSED] - verifyTextPresent("Received", true): Text 'Received' is present on page  using regular expression

2024-07-12 22:00:11 - [MESSAGE][PASSED] - Text 'Received' is present on page  using regular expression

2024-07-12 22:00:11 - [TEST_STEP][PASSED] - verifyTextPresent("UDF1", true): Text 'UDF1' is present on page  using regular expression

2024-07-12 22:00:11 - [MESSAGE][PASSED] - Text 'UDF1' is present on page  using regular expression

2024-07-12 22:00:11 - [TEST_STEP][PASSED] - verifyTextPresent("UDF2", true): Text 'UDF2' is present on page  using regular expression

2024-07-12 22:00:11 - [MESSAGE][PASSED] - Text 'UDF2' is present on page  using regular expression

2024-07-12 22:00:11 - [TEST_STEP][PASSED] - verifyTextPresent("UDF3", true): Text 'UDF3' is present on page  using regular expression

2024-07-12 22:00:12 - [MESSAGE][PASSED] - Text 'UDF3' is present on page  using regular expression

2024-07-12 22:00:12 - [TEST_STEP][PASSED] - verifyTextPresent("UDF4", true): Text 'UDF4' is present on page  using regular expression

2024-07-12 22:00:12 - [MESSAGE][PASSED] - Text 'UDF4' is present on page  using regular expression

2024-07-12 22:00:12 - [TEST_STEP][PASSED] - verifyTextPresent("UDF5", true): Text 'UDF5' is present on page  using regular expression

2024-07-12 22:00:12 - [MESSAGE][PASSED] - Text 'UDF5' is present on page  using regular expression

2024-07-12 22:00:12 - [TEST_STEP][PASSED] - verifyTextPresent("UDF6", true): Text 'UDF6' is present on page  using regular expression

2024-07-12 22:00:13 - [MESSAGE][PASSED] - Text 'UDF6' is present on page  using regular expression

2024-07-12 22:00:13 - [TEST_STEP][PASSED] - verifyTextPresent("UDF7", true): Text 'UDF7' is present on page  using regular expression

2024-07-12 22:00:13 - [MESSAGE][PASSED] - Text 'UDF7' is present on page  using regular expression

2024-07-12 22:00:13 - [TEST_STEP][PASSED] - verifyTextPresent("UDF8", true): Text 'UDF8' is present on page  using regular expression

2024-07-12 22:00:13 - [MESSAGE][PASSED] - Text 'UDF8' is present on page  using regular expression

2024-07-12 22:00:13 - [TEST_STEP][PASSED] - verifyTextPresent("UDF9", true): Text 'UDF9' is present on page  using regular expression

2024-07-12 22:00:14 - [MESSAGE][PASSED] - Text 'UDF9' is present on page  using regular expression

2024-07-12 22:00:14 - [TEST_STEP][PASSED] - verifyTextPresent("UDF 10", true): Text 'UDF 10' is present on page  using regular expression

2024-07-12 22:00:14 - [MESSAGE][PASSED] - Text 'UDF 10' is present on page  using regular expression

2024-07-12 22:00:14 - [TEST_STEP][PASSED] - verifyTextPresent("Australia", true): Text 'Australia' is present on page  using regular expression

2024-07-12 22:00:14 - [MESSAGE][PASSED] - Text 'Australia' is present on page  using regular expression

2024-07-12 22:00:14 - [TEST_STEP][PASSED] - verifyTextPresent("Denmark", true): Text 'Denmark' is present on page  using regular expression

2024-07-12 22:00:15 - [MESSAGE][PASSED] - Text 'Denmark' is present on page  using regular expression

2024-07-12 22:00:15 - [TEST_STEP][PASSED] - verifyTextPresent("Sweden", true): Text 'Sweden' is present on page  using regular expression

2024-07-12 22:00:15 - [MESSAGE][PASSED] - Text 'Sweden' is present on page  using regular expression

2024-07-12 22:00:15 - [TEST_STEP][PASSED] - verifyTextPresent("Austria", true): Text 'Austria' is present on page  using regular expression

2024-07-12 22:00:15 - [MESSAGE][PASSED] - Text 'Austria' is present on page  using regular expression

2024-07-12 22:00:15 - [TEST_STEP][PASSED] - verifyTextPresent("Orange Recorded", true): Text 'Orange Recorded' is present on page  using regular expression

2024-07-12 22:00:16 - [MESSAGE][PASSED] - Text 'Orange Recorded' is present on page  using regular expression

2024-07-12 22:00:16 - [TEST_STEP][PASSED] - verifyTextPresent("Yellow Recorded", true): Text 'Yellow Recorded' is present on page  using regular expression

2024-07-12 22:00:16 - [MESSAGE][PASSED] - Text 'Yellow Recorded' is present on page  using regular expression

2024-07-12 22:00:16 - [TEST_STEP][PASSED] - verifyTextPresent("Norway", true): Text 'Norway' is present on page  using regular expression

2024-07-12 22:00:16 - [MESSAGE][PASSED] - Text 'Norway' is present on page  using regular expression

2024-07-12 22:00:16 - [TEST_STEP][PASSED] - verifyTextPresent("Netherlands", true): Text 'Netherlands' is present on page  using regular expression

2024-07-12 22:00:17 - [MESSAGE][PASSED] - Text 'Netherlands' is present on page  using regular expression

2024-07-12 22:00:17 - [TEST_STEP][PASSED] - verifyTextPresent("Switzerland", true): Text 'Switzerland' is present on page  using regular expression

2024-07-12 22:00:17 - [MESSAGE][PASSED] - Text 'Switzerland' is present on page  using regular expression

2024-07-12 22:00:17 - [TEST_STEP][PASSED] - verifyTextPresent("France", true): Text 'France' is present on page  using regular expression

2024-07-12 22:00:17 - [MESSAGE][PASSED] - Text 'France' is present on page  using regular expression

2024-07-12 22:00:17 - [TEST_STEP][PASSED] - verifyTextPresent("Card Information", true): Text 'Card Information' is present on page  using regular expression

2024-07-12 22:00:18 - [MESSAGE][PASSED] - Text 'Card Information' is present on page  using regular expression

2024-07-12 22:00:18 - [TEST_STEP][PASSED] - verifyTextPresent("Amount", true): Text 'Amount' is present on page  using regular expression

2024-07-12 22:00:18 - [MESSAGE][PASSED] - Text 'Amount' is present on page  using regular expression

2024-07-12 22:00:18 - [TEST_STEP][PASSED] - verifyTextPresent("Service Fee", true): Text 'Service Fee' is present on page  using regular expression

2024-07-12 22:00:18 - [MESSAGE][PASSED] - Text 'Service Fee' is present on page  using regular expression

2024-07-12 22:00:18 - [TEST_STEP][PASSED] - verifyTextPresent("Service Fee Type", true): Text 'Service Fee Type' is present on page  using regular expression

2024-07-12 22:00:19 - [MESSAGE][PASSED] - Text 'Service Fee Type' is present on page  using regular expression

2024-07-12 22:00:19 - [TEST_STEP][PASSED] - verifyTextPresent("Total Amount", true): Text 'Total Amount' is present on page  using regular expression

2024-07-12 22:00:19 - [MESSAGE][PASSED] - Text 'Total Amount' is present on page  using regular expression

2024-07-12 22:00:19 - [TEST_STEP][PASSED] - verifyTextPresent("Transaction Type", true): Text 'Transaction Type' is present on page  using regular expression

2024-07-12 22:00:19 - [MESSAGE][PASSED] - Text 'Transaction Type' is present on page  using regular expression

2024-07-12 22:00:19 - [TEST_STEP][PASSED] - verifyTextPresent("10.50", true): Text '10.50' is present on page  using regular expression

2024-07-12 22:00:20 - [MESSAGE][PASSED] - Text '10.50' is present on page  using regular expression

2024-07-12 22:00:20 - [TEST_STEP][PASSED] - verifyTextPresent("5.00", true): Text '5.00' is present on page  using regular expression

2024-07-12 22:00:20 - [MESSAGE][PASSED] - Text '5.00' is present on page  using regular expression

2024-07-12 22:00:20 - [TEST_STEP][PASSED] - verifyTextPresent("Single Transaction", true): Text 'Single Transaction' is present on page  using regular expression

2024-07-12 22:00:20 - [MESSAGE][PASSED] - Text 'Single Transaction' is present on page  using regular expression

2024-07-12 22:00:20 - [TEST_STEP][PASSED] - verifyTextPresent("15.50", true): Text '15.50' is present on page  using regular expression

2024-07-12 22:00:21 - [MESSAGE][PASSED] - Text '15.50' is present on page  using regular expression

2024-07-12 22:00:21 - [TEST_STEP][PASSED] - verifyTextPresent("Authorization and Capture", true): Text 'Authorization and Capture' is present on page  using regular expression

2024-07-12 22:00:21 - [MESSAGE][PASSED] - Text 'Authorization and Capture' is present on page  using regular expression

2024-07-12 22:00:21 - [TEST_STEP][PASSED] - cardNameV = findTestData(dataFile).getValue("CardNameV", row): null

2024-07-12 22:00:21 - [TEST_STEP][PASSED] - al1V = findTestData(dataFile).getValue("AL1", row): null

2024-07-12 22:00:21 - [TEST_STEP][PASSED] - al2V = findTestData(dataFile).getValue("AL2", row): null

2024-07-12 22:00:21 - [TEST_STEP][PASSED] - zipV = findTestData(dataFile).getValue("ZIP", row): null

2024-07-12 22:00:22 - [TEST_STEP][PASSED] - cardTypeV = findTestData(dataFile).getValue("CardType", row): null

2024-07-12 22:00:22 - [TEST_STEP][PASSED] - last4V = findTestData(dataFile).getValue("Last4", row): null

2024-07-12 22:00:22 - [TEST_STEP][PASSED] - verifyTextPresent(cardNameV, true): Text 'TULSI RAMAN' is present on page  using regular expression

2024-07-12 22:00:22 - [MESSAGE][PASSED] - Text 'TULSI RAMAN' is present on page  using regular expression

2024-07-12 22:00:22 - [TEST_STEP][PASSED] - verifyTextPresent("Address Line 1", true): Text 'Address Line 1' is present on page  using regular expression

2024-07-12 22:00:22 - [MESSAGE][PASSED] - Text 'Address Line 1' is present on page  using regular expression

2024-07-12 22:00:22 - [TEST_STEP][PASSED] - verifyTextPresent("Address Line 2", true): Text 'Address Line 2' is present on page  using regular expression

2024-07-12 22:00:23 - [MESSAGE][PASSED] - Text 'Address Line 2' is present on page  using regular expression

2024-07-12 22:00:23 - [TEST_STEP][PASSED] - verifyTextPresent("Country", true): Text 'Country' is present on page  using regular expression

2024-07-12 22:00:23 - [MESSAGE][PASSED] - Text 'Country' is present on page  using regular expression

2024-07-12 22:00:23 - [TEST_STEP][PASSED] - verifyTextPresent("City", true): Text 'City' is present on page  using regular expression

2024-07-12 22:00:23 - [MESSAGE][PASSED] - Text 'City' is present on page  using regular expression

2024-07-12 22:00:23 - [TEST_STEP][PASSED] - verifyTextPresent("State", true): Text 'State' is present on page  using regular expression

2024-07-12 22:00:24 - [MESSAGE][PASSED] - Text 'State' is present on page  using regular expression

2024-07-12 22:00:24 - [TEST_STEP][PASSED] - verifyTextPresent("ZIP Code", true): Text 'ZIP Code' is present on page  using regular expression

2024-07-12 22:00:24 - [MESSAGE][PASSED] - Text 'ZIP Code' is present on page  using regular expression

2024-07-12 22:00:24 - [TEST_STEP][PASSED] - verifyTextPresent(al1V, true): Text '25987 Hill Top' is present on page  using regular expression

2024-07-12 22:00:24 - [MESSAGE][PASSED] - Text '25987 Hill Top' is present on page  using regular expression

2024-07-12 22:00:24 - [TEST_STEP][PASSED] - verifyTextPresent(al2V, true): Text 'Suite 500' is present on page  using regular expression

2024-07-12 22:00:25 - [MESSAGE][PASSED] - Text 'Suite 500' is present on page  using regular expression

2024-07-12 22:00:25 - [TEST_STEP][PASSED] - verifyTextPresent("United States", true): Text 'United States' is present on page  using regular expression

2024-07-12 22:00:25 - [MESSAGE][PASSED] - Text 'United States' is present on page  using regular expression

2024-07-12 22:00:25 - [TEST_STEP][PASSED] - verifyTextPresent("ARLINGTON", true): Text 'ARLINGTON' is present on page  using regular expression

2024-07-12 22:00:25 - [MESSAGE][PASSED] - Text 'ARLINGTON' is present on page  using regular expression

2024-07-12 22:00:25 - [TEST_STEP][PASSED] - verifyTextPresent("Virginia", true): Text 'Virginia' is present on page  using regular expression

2024-07-12 22:00:26 - [MESSAGE][PASSED] - Text 'Virginia' is present on page  using regular expression

2024-07-12 22:00:26 - [TEST_STEP][PASSED] - verifyTextPresent(zipV, true): Text '22201' is present on page  using regular expression

2024-07-12 22:00:26 - [MESSAGE][PASSED] - Text '22201' is present on page  using regular expression

2024-07-12 22:00:26 - [TEST_STEP][PASSED] - verifyTextPresent(cardTypeV, true): Text 'Discover' is present on page  using regular expression

2024-07-12 22:00:26 - [MESSAGE][PASSED] - Text 'Discover' is present on page  using regular expression

2024-07-12 22:00:26 - [TEST_STEP][PASSED] - verifyTextPresent(last4V, true): Text '6909' is present on page  using regular expression

2024-07-12 22:00:27 - [MESSAGE][PASSED] - Text '6909' is present on page  using regular expression

2024-07-12 22:00:27 - [TEST_STEP][PASSED] - closeBrowser(): Browser is closed

2024-07-12 22:00:28 - [MESSAGE][PASSED] - Browser is closed

2024-07-12 22:00:28 - [TEST_STEP][PASSED] - ExecuteTC = findTestData(dataFile).getValue("Execute", row): null

2024-07-12 22:00:28 - [TEST_STEP][PASSED] - out.println("Value of Execute is : " + ExecuteTC): null

2024-07-12 22:00:28 - [TEST_STEP][PASSED] - switch (executionProfile): null

2024-07-12 22:00:28 - [TEST_STEP][PASSED] - case "QA2Profile":: null

2024-07-12 22:00:28 - [TEST_STEP][PASSED] - appName = findTestData(dataFile).getValue("AppNameQA", row): null

2024-07-12 22:00:28 - [TEST_STEP][PASSED] - appID = findTestData(dataFile).getValue("AppIDQA", row): null

2024-07-12 22:00:28 - [TEST_STEP][PASSED] - break: null

2024-07-12 22:00:28 - [TEST_STEP][PASSED] - hrefAppID = li_1 + appID + li_2: null

2024-07-12 22:00:28 - [TEST_STEP][PASSED] - hrefApp = li_1 + appID + "/": null

2024-07-12 22:00:28 - [TEST_STEP][PASSED] - println("hrefApp : " + hrefApp): null

2024-07-12 22:00:28 - [TEST_STEP][PASSED] - if (ExecuteTC.equalsIgnoreCase("Y")): Browser is closed

2024-07-12 22:00:28 - [TEST_STEP][PASSED] - out.println("Begin Record Number: " + row): null

2024-07-12 22:00:28 - [TEST_STEP][PASSED] - today = new java.util.Date(): null

2024-07-12 22:00:28 - [TEST_STEP][PASSED] - println(today): null

2024-07-12 22:00:28 - [TEST_STEP][PASSED] - datText = today: null

2024-07-12 22:00:28 - [TEST_STEP][PASSED] - adminSuiteBootstrap.loginFunctionality.login_AdminSuite(): adminSuiteBootstrap.loginFunctionality.login_AdminSuite is PASSED

2024-07-12 22:00:28 - [MESSAGE][INFO] - Starting 'Chrome' driver

2024-07-12 22:00:28 - [MESSAGE][INFO] - User set preference: ['acceptInsecureCerts', 'true']

2024-07-12 22:00:28 - [MESSAGE][INFO] - Action delay is set to 0 milliseconds

2024-07-12 22:00:30 - [MESSAGE][PASSED] - Browser is opened with url: 'https://qa2.velocitypayment.com/admin/imtiaz'

2024-07-12 22:00:31 - [MESSAGE][PASSED] - Current window maximized

2024-07-12 22:00:32 - [MESSAGE][PASSED] - Object 'Object Repository/Login_Page/Login_Username_Okta' is present

2024-07-12 22:00:32 - [MESSAGE][PASSED] - Text 'iahmed' is set on object 'Object Repository/Login_Page/Login_Username_Okta'

2024-07-12 22:00:33 - [MESSAGE][PASSED] - Text 'Hello!6666666' is set on object 'Object Repository/Login_Page/Login_Password_Okta'

2024-07-12 22:00:34 - [MESSAGE][PASSED] - Object: 'Object Repository/Login_Page/Login_Submit_Okta' is clicked on

2024-07-12 22:00:34 - [MESSAGE][PASSED] - adminSuiteBootstrap.loginFunctionality.login_AdminSuite is PASSED

2024-07-12 22:00:34 - [TEST_STEP][PASSED] - click(findTestObject(path_Dashboard + appName)): Object: 'Object Repository/AdminSuiteBootstrap_Pages/Dashboard_Bootstrap/a_Access AutoSingleCFtpQA' is clicked on

2024-07-12 22:00:42 - [MESSAGE][PASSED] - Object: 'Object Repository/AdminSuiteBootstrap_Pages/Dashboard_Bootstrap/a_Access AutoSingleCFtpQA' is clicked on

2024-07-12 22:00:42 - [TEST_STEP][PASSED] - click(findTestObject(path_VT + "button_Authorization  Capture (Sale)")): Object: 'Object Repository/AdminSuiteBootstrap_Pages/VT_Bootstrap/IssueTransactions/button_Authorization  Capture (Sale)' is clicked on

2024-07-12 22:00:43 - [MESSAGE][PASSED] - Object: 'Object Repository/AdminSuiteBootstrap_Pages/VT_Bootstrap/IssueTransactions/button_Authorization  Capture (Sale)' is clicked on

2024-07-12 22:00:43 - [TEST_STEP][PASSED] - saleKeyboardEntryLink = modifyObjectProperty(findTestObject(path_VT + "a_KeyboardEntry_Sale"), "href", "equals", hrefAppID, true): Modify property of object successfully

2024-07-12 22:00:43 - [MESSAGE][PASSED] - Modify property of object successfully

2024-07-12 22:00:43 - [TEST_STEP][PASSED] - click(saleKeyboardEntryLink): Object: 'Object Repository/AdminSuiteBootstrap_Pages/VT_Bootstrap/IssueTransactions/a_KeyboardEntry_Sale' is clicked on

2024-07-12 22:00:43 - [MESSAGE][PASSED] - Object: 'Object Repository/AdminSuiteBootstrap_Pages/VT_Bootstrap/IssueTransactions/a_KeyboardEntry_Sale' is clicked on

2024-07-12 22:00:43 - [TEST_STEP][PASSED] - adminSuiteBootstrap.virtualTerminalSetData.saleKeyboard_DataDriven(row, dataFile): adminSuiteBootstrap.virtualTerminalSetData.saleKeyboard_DataDriven is PASSED

2024-07-12 22:00:47 - [MESSAGE][PASSED] - Text 'Janaki James' is set on object 'Object Repository/AdminSuiteBootstrap_Pages/VT_Bootstrap/SaleKeyboard/input_cardName'

2024-07-12 22:00:48 - [MESSAGE][PASSED] - All options with value 'MOTO' are selected in object 'Object Repository/AdminSuiteBootstrap_Pages/VT_Bootstrap/SaleKeyboard/select_transactionCategory'  using regular expression

2024-07-12 22:00:48 - [MESSAGE][PASSED] - Execute JavaScript 'arguments[0].value ='4012000098765439' ' successfully

2024-07-12 22:00:49 - [MESSAGE][PASSED] - Execute JavaScript 'arguments[0].value ='123' ' successfully

2024-07-12 22:00:50 - [MESSAGE][PASSED] - All options with value '12' are selected in object 'Object Repository/AdminSuiteBootstrap_Pages/VT_Bootstrap/SaleKeyboard/select_MM'  using regular expression

2024-07-12 22:00:51 - [MESSAGE][PASSED] - All options with value '2025' are selected in object 'Object Repository/AdminSuiteBootstrap_Pages/VT_Bootstrap/SaleKeyboard/select_YYYY'  using regular expression

2024-07-12 22:00:52 - [MESSAGE][PASSED] - Text '36 Cornor Road' is set on object 'Object Repository/AdminSuiteBootstrap_Pages/VT_Bootstrap/SaleKeyboard/input__address'

2024-07-12 22:00:52 - [MESSAGE][PASSED] - Text 'Suite 500' is set on object 'Object Repository/AdminSuiteBootstrap_Pages/VT_Bootstrap/SaleKeyboard/input__address2'

2024-07-12 22:00:53 - [MESSAGE][PASSED] - Text '22201' is set on object 'Object Repository/AdminSuiteBootstrap_Pages/VT_Bootstrap/SaleKeyboard/input__zip'

2024-07-12 22:00:54 - [MESSAGE][PASSED] - Text '' is set on object 'Object Repository/AdminSuiteBootstrap_Pages/VT_Bootstrap/SaleKeyboard/input_emailAddress'

2024-07-12 22:00:55 - [MESSAGE][PASSED] - Text '' is set on object 'Object Repository/AdminSuiteBootstrap_Pages/VT_Bootstrap/SaleKeyboard/input_smsNumber'

2024-07-12 22:00:56 - [MESSAGE][PASSED] - Text '10.50' is set on object 'Object Repository/AdminSuiteBootstrap_Pages/VT_Bootstrap/SaleKeyboard/input_amount'

2024-07-12 22:00:57 - [MESSAGE][PASSED] - Text 'Australia' is set on object 'Object Repository/AdminSuiteBootstrap_Pages/VT_Bootstrap/SaleKeyboard/input_userDefined1'

2024-07-12 22:00:58 - [MESSAGE][PASSED] - Text 'Denmark' is set on object 'Object Repository/AdminSuiteBootstrap_Pages/VT_Bootstrap/SaleKeyboard/input_userDefined2'

2024-07-12 22:00:58 - [MESSAGE][PASSED] - Text 'Sweden' is set on object 'Object Repository/AdminSuiteBootstrap_Pages/VT_Bootstrap/SaleKeyboard/input_userDefined3'

2024-07-12 22:00:59 - [MESSAGE][PASSED] - Text 'Austria' is set on object 'Object Repository/AdminSuiteBootstrap_Pages/VT_Bootstrap/SaleKeyboard/input_userDefined4'

2024-07-12 22:01:00 - [MESSAGE][PASSED] - All options with label 'Orange' are selected in object 'Object Repository/AdminSuiteBootstrap_Pages/VT_Bootstrap/SaleKeyboard/select_UDF5_DropDown'  using regular expression

2024-07-12 22:01:01 - [MESSAGE][PASSED] - All options with label 'Yellow' are selected in object 'Object Repository/AdminSuiteBootstrap_Pages/VT_Bootstrap/SaleKeyboard/select_UDF6_DropDown'  using regular expression

2024-07-12 22:01:02 - [MESSAGE][PASSED] - Text 'Norway' is set on object 'Object Repository/AdminSuiteBootstrap_Pages/VT_Bootstrap/SaleKeyboard/input_userDefined7'

2024-07-12 22:01:03 - [MESSAGE][PASSED] - Text 'Netherlands' is set on object 'Object Repository/AdminSuiteBootstrap_Pages/VT_Bootstrap/SaleKeyboard/input_userDefined8'

2024-07-12 22:01:03 - [MESSAGE][PASSED] - Text 'Switzerland' is set on object 'Object Repository/AdminSuiteBootstrap_Pages/VT_Bootstrap/SaleKeyboard/input_userDefined9'

2024-07-12 22:01:04 - [MESSAGE][PASSED] - Text 'France' is set on object 'Object Repository/AdminSuiteBootstrap_Pages/VT_Bootstrap/SaleKeyboard/input_userDefined10'

2024-07-12 22:01:05 - [MESSAGE][PASSED] - Object: 'Object Repository/AdminSuiteBootstrap_Pages/VT_Bootstrap/SaleKeyboard/button_Submit' is clicked on

2024-07-12 22:01:05 - [MESSAGE][PASSED] - adminSuiteBootstrap.virtualTerminalSetData.saleKeyboard_DataDriven is PASSED

2024-07-12 22:01:05 - [TEST_STEP][PASSED] - verifyTextPresent("Transaction Successful", true): Text 'Transaction Successful' is present on page  using regular expression

2024-07-12 22:01:06 - [MESSAGE][PASSED] - Text 'Transaction Successful' is present on page  using regular expression

2024-07-12 22:01:06 - [TEST_STEP][PASSED] - verifyElementVisible(findTestObject("Object Repository/AdminSuiteBootstrap_Pages/VT_Bootstrap/Receipt/button_Continue")): Object 'Object Repository/AdminSuiteBootstrap_Pages/VT_Bootstrap/Receipt/button_Continue' is visible

2024-07-12 22:01:06 - [MESSAGE][PASSED] - Object 'Object Repository/AdminSuiteBootstrap_Pages/VT_Bootstrap/Receipt/button_Continue' is visible

2024-07-12 22:01:06 - [TEST_STEP][PASSED] - verifyElementPresent(findTestObject("Object Repository/AdminSuiteBootstrap_Pages/VT_Bootstrap/Receipt/button_Continue"), 20): Object 'Object Repository/AdminSuiteBootstrap_Pages/VT_Bootstrap/Receipt/button_Continue' is present

2024-07-12 22:01:07 - [MESSAGE][PASSED] - Object 'Object Repository/AdminSuiteBootstrap_Pages/VT_Bootstrap/Receipt/button_Continue' is present

2024-07-12 22:01:07 - [TEST_STEP][PASSED] - verifyElementVisible(findTestObject("Object Repository/AdminSuiteBootstrap_Pages/VT_Bootstrap/Receipt/button_Print")): Object 'Object Repository/AdminSuiteBootstrap_Pages/VT_Bootstrap/Receipt/button_Print' is visible

2024-07-12 22:01:07 - [MESSAGE][PASSED] - Object 'Object Repository/AdminSuiteBootstrap_Pages/VT_Bootstrap/Receipt/button_Print' is visible

2024-07-12 22:01:07 - [TEST_STEP][PASSED] - verifyElementPresent(findTestObject("Object Repository/AdminSuiteBootstrap_Pages/VT_Bootstrap/Receipt/button_Print"), 20): Object 'Object Repository/AdminSuiteBootstrap_Pages/VT_Bootstrap/Receipt/button_Print' is present

2024-07-12 22:01:07 - [MESSAGE][PASSED] - Object 'Object Repository/AdminSuiteBootstrap_Pages/VT_Bootstrap/Receipt/button_Print' is present

2024-07-12 22:01:07 - [TEST_STEP][PASSED] - verifyTextPresent("Remittance ID", true): Text 'Remittance ID' is present on page  using regular expression

2024-07-12 22:01:08 - [MESSAGE][PASSED] - Text 'Remittance ID' is present on page  using regular expression

2024-07-12 22:01:08 - [TEST_STEP][PASSED] - verifyTextPresent("Received", true): Text 'Received' is present on page  using regular expression

2024-07-12 22:01:08 - [MESSAGE][PASSED] - Text 'Received' is present on page  using regular expression

2024-07-12 22:01:08 - [TEST_STEP][PASSED] - verifyTextPresent("UDF1", true): Text 'UDF1' is present on page  using regular expression

2024-07-12 22:01:08 - [MESSAGE][PASSED] - Text 'UDF1' is present on page  using regular expression

2024-07-12 22:01:08 - [TEST_STEP][PASSED] - verifyTextPresent("UDF2", true): Text 'UDF2' is present on page  using regular expression

2024-07-12 22:01:09 - [MESSAGE][PASSED] - Text 'UDF2' is present on page  using regular expression

2024-07-12 22:01:09 - [TEST_STEP][PASSED] - verifyTextPresent("UDF3", true): Text 'UDF3' is present on page  using regular expression

2024-07-12 22:01:09 - [MESSAGE][PASSED] - Text 'UDF3' is present on page  using regular expression

2024-07-12 22:01:09 - [TEST_STEP][PASSED] - verifyTextPresent("UDF4", true): Text 'UDF4' is present on page  using regular expression

2024-07-12 22:01:09 - [MESSAGE][PASSED] - Text 'UDF4' is present on page  using regular expression

2024-07-12 22:01:09 - [TEST_STEP][PASSED] - verifyTextPresent("UDF5", true): Text 'UDF5' is present on page  using regular expression

2024-07-12 22:01:10 - [MESSAGE][PASSED] - Text 'UDF5' is present on page  using regular expression

2024-07-12 22:01:10 - [TEST_STEP][PASSED] - verifyTextPresent("UDF6", true): Text 'UDF6' is present on page  using regular expression

2024-07-12 22:01:10 - [MESSAGE][PASSED] - Text 'UDF6' is present on page  using regular expression

2024-07-12 22:01:10 - [TEST_STEP][PASSED] - verifyTextPresent("UDF7", true): Text 'UDF7' is present on page  using regular expression

2024-07-12 22:01:11 - [MESSAGE][PASSED] - Text 'UDF7' is present on page  using regular expression

2024-07-12 22:01:11 - [TEST_STEP][PASSED] - verifyTextPresent("UDF8", true): Text 'UDF8' is present on page  using regular expression

2024-07-12 22:01:11 - [MESSAGE][PASSED] - Text 'UDF8' is present on page  using regular expression

2024-07-12 22:01:11 - [TEST_STEP][PASSED] - verifyTextPresent("UDF9", true): Text 'UDF9' is present on page  using regular expression

2024-07-12 22:01:11 - [MESSAGE][PASSED] - Text 'UDF9' is present on page  using regular expression

2024-07-12 22:01:11 - [TEST_STEP][PASSED] - verifyTextPresent("UDF 10", true): Text 'UDF 10' is present on page  using regular expression

2024-07-12 22:01:12 - [MESSAGE][PASSED] - Text 'UDF 10' is present on page  using regular expression

2024-07-12 22:01:12 - [TEST_STEP][PASSED] - verifyTextPresent("Australia", true): Text 'Australia' is present on page  using regular expression

2024-07-12 22:01:12 - [MESSAGE][PASSED] - Text 'Australia' is present on page  using regular expression

2024-07-12 22:01:12 - [TEST_STEP][PASSED] - verifyTextPresent("Denmark", true): Text 'Denmark' is present on page  using regular expression

2024-07-12 22:01:12 - [MESSAGE][PASSED] - Text 'Denmark' is present on page  using regular expression

2024-07-12 22:01:12 - [TEST_STEP][PASSED] - verifyTextPresent("Sweden", true): Text 'Sweden' is present on page  using regular expression

2024-07-12 22:01:13 - [MESSAGE][PASSED] - Text 'Sweden' is present on page  using regular expression

2024-07-12 22:01:13 - [TEST_STEP][PASSED] - verifyTextPresent("Austria", true): Text 'Austria' is present on page  using regular expression

2024-07-12 22:01:13 - [MESSAGE][PASSED] - Text 'Austria' is present on page  using regular expression

2024-07-12 22:01:13 - [TEST_STEP][PASSED] - verifyTextPresent("Orange Recorded", true): Text 'Orange Recorded' is present on page  using regular expression

2024-07-12 22:01:13 - [MESSAGE][PASSED] - Text 'Orange Recorded' is present on page  using regular expression

2024-07-12 22:01:13 - [TEST_STEP][PASSED] - verifyTextPresent("Yellow Recorded", true): Text 'Yellow Recorded' is present on page  using regular expression

2024-07-12 22:01:14 - [MESSAGE][PASSED] - Text 'Yellow Recorded' is present on page  using regular expression

2024-07-12 22:01:14 - [TEST_STEP][PASSED] - verifyTextPresent("Norway", true): Text 'Norway' is present on page  using regular expression

2024-07-12 22:01:14 - [MESSAGE][PASSED] - Text 'Norway' is present on page  using regular expression

2024-07-12 22:01:14 - [TEST_STEP][PASSED] - verifyTextPresent("Netherlands", true): Text 'Netherlands' is present on page  using regular expression

2024-07-12 22:01:14 - [MESSAGE][PASSED] - Text 'Netherlands' is present on page  using regular expression

2024-07-12 22:01:14 - [TEST_STEP][PASSED] - verifyTextPresent("Switzerland", true): Text 'Switzerland' is present on page  using regular expression

2024-07-12 22:01:15 - [MESSAGE][PASSED] - Text 'Switzerland' is present on page  using regular expression

2024-07-12 22:01:15 - [TEST_STEP][PASSED] - verifyTextPresent("France", true): Text 'France' is present on page  using regular expression

2024-07-12 22:01:15 - [MESSAGE][PASSED] - Text 'France' is present on page  using regular expression

2024-07-12 22:01:15 - [TEST_STEP][PASSED] - verifyTextPresent("Card Information", true): Text 'Card Information' is present on page  using regular expression

2024-07-12 22:01:15 - [MESSAGE][PASSED] - Text 'Card Information' is present on page  using regular expression

2024-07-12 22:01:15 - [TEST_STEP][PASSED] - verifyTextPresent("Amount", true): Text 'Amount' is present on page  using regular expression

2024-07-12 22:01:15 - [MESSAGE][PASSED] - Text 'Amount' is present on page  using regular expression

2024-07-12 22:01:15 - [TEST_STEP][PASSED] - verifyTextPresent("Service Fee", true): Text 'Service Fee' is present on page  using regular expression

2024-07-12 22:01:16 - [MESSAGE][PASSED] - Text 'Service Fee' is present on page  using regular expression

2024-07-12 22:01:16 - [TEST_STEP][PASSED] - verifyTextPresent("Service Fee Type", true): Text 'Service Fee Type' is present on page  using regular expression

2024-07-12 22:01:16 - [MESSAGE][PASSED] - Text 'Service Fee Type' is present on page  using regular expression

2024-07-12 22:01:16 - [TEST_STEP][PASSED] - verifyTextPresent("Total Amount", true): Text 'Total Amount' is present on page  using regular expression

2024-07-12 22:01:16 - [MESSAGE][PASSED] - Text 'Total Amount' is present on page  using regular expression

2024-07-12 22:01:16 - [TEST_STEP][PASSED] - verifyTextPresent("Transaction Type", true): Text 'Transaction Type' is present on page  using regular expression

2024-07-12 22:01:17 - [MESSAGE][PASSED] - Text 'Transaction Type' is present on page  using regular expression

2024-07-12 22:01:17 - [TEST_STEP][PASSED] - verifyTextPresent("10.50", true): Text '10.50' is present on page  using regular expression

2024-07-12 22:01:17 - [MESSAGE][PASSED] - Text '10.50' is present on page  using regular expression

2024-07-12 22:01:17 - [TEST_STEP][PASSED] - verifyTextPresent("5.00", true): Text '5.00' is present on page  using regular expression

2024-07-12 22:01:17 - [MESSAGE][PASSED] - Text '5.00' is present on page  using regular expression

2024-07-12 22:01:17 - [TEST_STEP][PASSED] - verifyTextPresent("Single Transaction", true): Text 'Single Transaction' is present on page  using regular expression

2024-07-12 22:01:18 - [MESSAGE][PASSED] - Text 'Single Transaction' is present on page  using regular expression

2024-07-12 22:01:18 - [TEST_STEP][PASSED] - verifyTextPresent("15.50", true): Text '15.50' is present on page  using regular expression

2024-07-12 22:01:18 - [MESSAGE][PASSED] - Text '15.50' is present on page  using regular expression

2024-07-12 22:01:18 - [TEST_STEP][PASSED] - verifyTextPresent("Authorization and Capture", true): Text 'Authorization and Capture' is present on page  using regular expression

2024-07-12 22:01:19 - [MESSAGE][PASSED] - Text 'Authorization and Capture' is present on page  using regular expression

2024-07-12 22:01:19 - [TEST_STEP][PASSED] - cardNameV = findTestData(dataFile).getValue("CardNameV", row): null

2024-07-12 22:01:19 - [TEST_STEP][PASSED] - al1V = findTestData(dataFile).getValue("AL1", row): null

2024-07-12 22:01:19 - [TEST_STEP][PASSED] - al2V = findTestData(dataFile).getValue("AL2", row): null

2024-07-12 22:01:19 - [TEST_STEP][PASSED] - zipV = findTestData(dataFile).getValue("ZIP", row): null

2024-07-12 22:01:19 - [TEST_STEP][PASSED] - cardTypeV = findTestData(dataFile).getValue("CardType", row): null

2024-07-12 22:01:19 - [TEST_STEP][PASSED] - last4V = findTestData(dataFile).getValue("Last4", row): null

2024-07-12 22:01:19 - [TEST_STEP][PASSED] - verifyTextPresent(cardNameV, true): Text 'JANAKI JAMES' is present on page  using regular expression

2024-07-12 22:01:19 - [MESSAGE][PASSED] - Text 'JANAKI JAMES' is present on page  using regular expression

2024-07-12 22:01:19 - [TEST_STEP][PASSED] - verifyTextPresent("Address Line 1", true): Text 'Address Line 1' is present on page  using regular expression

2024-07-12 22:01:20 - [MESSAGE][PASSED] - Text 'Address Line 1' is present on page  using regular expression

2024-07-12 22:01:20 - [TEST_STEP][PASSED] - verifyTextPresent("Address Line 2", true): Text 'Address Line 2' is present on page  using regular expression

2024-07-12 22:01:20 - [MESSAGE][PASSED] - Text 'Address Line 2' is present on page  using regular expression

2024-07-12 22:01:20 - [TEST_STEP][PASSED] - verifyTextPresent("Country", true): Text 'Country' is present on page  using regular expression

2024-07-12 22:01:20 - [MESSAGE][PASSED] - Text 'Country' is present on page  using regular expression

2024-07-12 22:01:20 - [TEST_STEP][PASSED] - verifyTextPresent("City", true): Text 'City' is present on page  using regular expression

2024-07-12 22:01:21 - [MESSAGE][PASSED] - Text 'City' is present on page  using regular expression

2024-07-12 22:01:21 - [TEST_STEP][PASSED] - verifyTextPresent("State", true): Text 'State' is present on page  using regular expression

2024-07-12 22:01:21 - [MESSAGE][PASSED] - Text 'State' is present on page  using regular expression

2024-07-12 22:01:21 - [TEST_STEP][PASSED] - verifyTextPresent("ZIP Code", true): Text 'ZIP Code' is present on page  using regular expression

2024-07-12 22:01:21 - [MESSAGE][PASSED] - Text 'ZIP Code' is present on page  using regular expression

2024-07-12 22:01:21 - [TEST_STEP][PASSED] - verifyTextPresent(al1V, true): Text '36 Cornor Road' is present on page  using regular expression

2024-07-12 22:01:22 - [MESSAGE][PASSED] - Text '36 Cornor Road' is present on page  using regular expression

2024-07-12 22:01:22 - [TEST_STEP][PASSED] - verifyTextPresent(al2V, true): Text 'Suite 500' is present on page  using regular expression

2024-07-12 22:01:22 - [MESSAGE][PASSED] - Text 'Suite 500' is present on page  using regular expression

2024-07-12 22:01:22 - [TEST_STEP][PASSED] - verifyTextPresent("United States", true): Text 'United States' is present on page  using regular expression

2024-07-12 22:01:22 - [MESSAGE][PASSED] - Text 'United States' is present on page  using regular expression

2024-07-12 22:01:22 - [TEST_STEP][PASSED] - verifyTextPresent("ARLINGTON", true): Text 'ARLINGTON' is present on page  using regular expression

2024-07-12 22:01:23 - [MESSAGE][PASSED] - Text 'ARLINGTON' is present on page  using regular expression

2024-07-12 22:01:23 - [TEST_STEP][PASSED] - verifyTextPresent("Virginia", true): Text 'Virginia' is present on page  using regular expression

2024-07-12 22:01:23 - [MESSAGE][PASSED] - Text 'Virginia' is present on page  using regular expression

2024-07-12 22:01:23 - [TEST_STEP][PASSED] - verifyTextPresent(zipV, true): Text '22201' is present on page  using regular expression

2024-07-12 22:01:24 - [MESSAGE][PASSED] - Text '22201' is present on page  using regular expression

2024-07-12 22:01:24 - [TEST_STEP][PASSED] - verifyTextPresent(cardTypeV, true): Text 'Visa' is present on page  using regular expression

2024-07-12 22:01:24 - [MESSAGE][PASSED] - Text 'Visa' is present on page  using regular expression

2024-07-12 22:01:24 - [TEST_STEP][PASSED] - verifyTextPresent(last4V, true): Text '5439' is present on page  using regular expression

2024-07-12 22:01:24 - [MESSAGE][PASSED] - Text '5439' is present on page  using regular expression

2024-07-12 22:01:24 - [TEST_STEP][PASSED] - closeBrowser(): Browser is closed

2024-07-12 22:01:25 - [MESSAGE][PASSED] - Browser is closed

2024-07-12 22:01:25 - [TEST_STEP][PASSED] - ExecuteTC = findTestData(dataFile).getValue("Execute", row): null

2024-07-12 22:01:25 - [TEST_STEP][PASSED] - out.println("Value of Execute is : " + ExecuteTC): null

2024-07-12 22:01:25 - [TEST_STEP][PASSED] - switch (executionProfile): null

2024-07-12 22:01:25 - [TEST_STEP][PASSED] - case "QA2Profile":: null

2024-07-12 22:01:25 - [TEST_STEP][PASSED] - appName = findTestData(dataFile).getValue("AppNameQA", row): null

2024-07-12 22:01:26 - [TEST_STEP][PASSED] - appID = findTestData(dataFile).getValue("AppIDQA", row): null

2024-07-12 22:01:26 - [TEST_STEP][PASSED] - break: null

2024-07-12 22:01:26 - [TEST_STEP][PASSED] - hrefAppID = li_1 + appID + li_2: null

2024-07-12 22:01:26 - [TEST_STEP][PASSED] - hrefApp = li_1 + appID + "/": null

2024-07-12 22:01:26 - [TEST_STEP][PASSED] - println("hrefApp : " + hrefApp): null

2024-07-12 22:01:26 - [TEST_STEP][PASSED] - if (ExecuteTC.equalsIgnoreCase("Y")): Browser is closed

2024-07-12 22:01:26 - [TEST_STEP][PASSED] - out.println("Begin Record Number: " + row): null

2024-07-12 22:01:26 - [TEST_STEP][PASSED] - today = new java.util.Date(): null

2024-07-12 22:01:26 - [TEST_STEP][PASSED] - println(today): null

2024-07-12 22:01:26 - [TEST_STEP][PASSED] - datText = today: null

2024-07-12 22:01:26 - [TEST_STEP][PASSED] - adminSuiteBootstrap.loginFunctionality.login_AdminSuite(): adminSuiteBootstrap.loginFunctionality.login_AdminSuite is PASSED

2024-07-12 22:01:26 - [MESSAGE][INFO] - Starting 'Chrome' driver

2024-07-12 22:01:26 - [MESSAGE][INFO] - User set preference: ['acceptInsecureCerts', 'true']

2024-07-12 22:01:26 - [MESSAGE][INFO] - Action delay is set to 0 milliseconds

2024-07-12 22:01:29 - [MESSAGE][PASSED] - Browser is opened with url: 'https://qa2.velocitypayment.com/admin/imtiaz'

2024-07-12 22:01:29 - [MESSAGE][PASSED] - Current window maximized

2024-07-12 22:01:29 - [MESSAGE][PASSED] - Object 'Object Repository/Login_Page/Login_Username_Okta' is present

2024-07-12 22:01:30 - [MESSAGE][PASSED] - Text 'iahmed' is set on object 'Object Repository/Login_Page/Login_Username_Okta'

2024-07-12 22:01:31 - [MESSAGE][PASSED] - Text 'Hello!6666666' is set on object 'Object Repository/Login_Page/Login_Password_Okta'

2024-07-12 22:01:32 - [MESSAGE][PASSED] - Object: 'Object Repository/Login_Page/Login_Submit_Okta' is clicked on

2024-07-12 22:01:32 - [MESSAGE][PASSED] - adminSuiteBootstrap.loginFunctionality.login_AdminSuite is PASSED

2024-07-12 22:01:32 - [TEST_STEP][PASSED] - click(findTestObject(path_Dashboard + appName)): Object: 'Object Repository/AdminSuiteBootstrap_Pages/Dashboard_Bootstrap/a_Access AutoSingleCFtpQA' is clicked on

2024-07-12 22:01:39 - [MESSAGE][PASSED] - Object: 'Object Repository/AdminSuiteBootstrap_Pages/Dashboard_Bootstrap/a_Access AutoSingleCFtpQA' is clicked on

2024-07-12 22:01:39 - [TEST_STEP][PASSED] - click(findTestObject(path_VT + "button_Authorization  Capture (Sale)")): Object: 'Object Repository/AdminSuiteBootstrap_Pages/VT_Bootstrap/IssueTransactions/button_Authorization  Capture (Sale)' is clicked on

2024-07-12 22:01:40 - [MESSAGE][PASSED] - Object: 'Object Repository/AdminSuiteBootstrap_Pages/VT_Bootstrap/IssueTransactions/button_Authorization  Capture (Sale)' is clicked on

2024-07-12 22:01:40 - [TEST_STEP][PASSED] - saleKeyboardEntryLink = modifyObjectProperty(findTestObject(path_VT + "a_KeyboardEntry_Sale"), "href", "equals", hrefAppID, true): Modify property of object successfully

2024-07-12 22:01:40 - [MESSAGE][PASSED] - Modify property of object successfully

2024-07-12 22:01:40 - [TEST_STEP][PASSED] - click(saleKeyboardEntryLink): Object: 'Object Repository/AdminSuiteBootstrap_Pages/VT_Bootstrap/IssueTransactions/a_KeyboardEntry_Sale' is clicked on

2024-07-12 22:01:41 - [MESSAGE][PASSED] - Object: 'Object Repository/AdminSuiteBootstrap_Pages/VT_Bootstrap/IssueTransactions/a_KeyboardEntry_Sale' is clicked on

2024-07-12 22:01:41 - [TEST_STEP][PASSED] - adminSuiteBootstrap.virtualTerminalSetData.saleKeyboard_DataDriven(row, dataFile): adminSuiteBootstrap.virtualTerminalSetData.saleKeyboard_DataDriven is PASSED

2024-07-12 22:01:44 - [MESSAGE][PASSED] - Text 'Janaki James' is set on object 'Object Repository/AdminSuiteBootstrap_Pages/VT_Bootstrap/SaleKeyboard/input_cardName'

2024-07-12 22:01:45 - [MESSAGE][PASSED] - All options with value 'MOTO' are selected in object 'Object Repository/AdminSuiteBootstrap_Pages/VT_Bootstrap/SaleKeyboard/select_transactionCategory'  using regular expression

2024-07-12 22:01:46 - [MESSAGE][PASSED] - Execute JavaScript 'arguments[0].value ='5146312200000035' ' successfully

2024-07-12 22:01:46 - [MESSAGE][PASSED] - Execute JavaScript 'arguments[0].value ='123' ' successfully

2024-07-12 22:01:47 - [MESSAGE][PASSED] - All options with value '12' are selected in object 'Object Repository/AdminSuiteBootstrap_Pages/VT_Bootstrap/SaleKeyboard/select_MM'  using regular expression

2024-07-12 22:01:48 - [MESSAGE][PASSED] - All options with value '2025' are selected in object 'Object Repository/AdminSuiteBootstrap_Pages/VT_Bootstrap/SaleKeyboard/select_YYYY'  using regular expression

2024-07-12 22:01:49 - [MESSAGE][PASSED] - Text '1478 Jhatka Palace' is set on object 'Object Repository/AdminSuiteBootstrap_Pages/VT_Bootstrap/SaleKeyboard/input__address'

2024-07-12 22:01:50 - [MESSAGE][PASSED] - Text 'Suite 500' is set on object 'Object Repository/AdminSuiteBootstrap_Pages/VT_Bootstrap/SaleKeyboard/input__address2'

2024-07-12 22:01:50 - [MESSAGE][PASSED] - Text '22201' is set on object 'Object Repository/AdminSuiteBootstrap_Pages/VT_Bootstrap/SaleKeyboard/input__zip'

2024-07-12 22:01:51 - [MESSAGE][PASSED] - Text '' is set on object 'Object Repository/AdminSuiteBootstrap_Pages/VT_Bootstrap/SaleKeyboard/input_emailAddress'

2024-07-12 22:01:52 - [MESSAGE][PASSED] - Text '' is set on object 'Object Repository/AdminSuiteBootstrap_Pages/VT_Bootstrap/SaleKeyboard/input_smsNumber'

2024-07-12 22:01:53 - [MESSAGE][PASSED] - Text '10.50' is set on object 'Object Repository/AdminSuiteBootstrap_Pages/VT_Bootstrap/SaleKeyboard/input_amount'

2024-07-12 22:01:54 - [MESSAGE][PASSED] - Text 'Australia' is set on object 'Object Repository/AdminSuiteBootstrap_Pages/VT_Bootstrap/SaleKeyboard/input_userDefined1'

2024-07-12 22:01:55 - [MESSAGE][PASSED] - Text 'Denmark' is set on object 'Object Repository/AdminSuiteBootstrap_Pages/VT_Bootstrap/SaleKeyboard/input_userDefined2'

2024-07-12 22:01:56 - [MESSAGE][PASSED] - Text 'Sweden' is set on object 'Object Repository/AdminSuiteBootstrap_Pages/VT_Bootstrap/SaleKeyboard/input_userDefined3'

2024-07-12 22:01:56 - [MESSAGE][PASSED] - Text 'Austria' is set on object 'Object Repository/AdminSuiteBootstrap_Pages/VT_Bootstrap/SaleKeyboard/input_userDefined4'

2024-07-12 22:01:57 - [MESSAGE][PASSED] - All options with label 'Orange' are selected in object 'Object Repository/AdminSuiteBootstrap_Pages/VT_Bootstrap/SaleKeyboard/select_UDF5_DropDown'  using regular expression

2024-07-12 22:01:58 - [MESSAGE][PASSED] - All options with label 'Yellow' are selected in object 'Object Repository/AdminSuiteBootstrap_Pages/VT_Bootstrap/SaleKeyboard/select_UDF6_DropDown'  using regular expression

2024-07-12 22:01:59 - [MESSAGE][PASSED] - Text 'Norway' is set on object 'Object Repository/AdminSuiteBootstrap_Pages/VT_Bootstrap/SaleKeyboard/input_userDefined7'

2024-07-12 22:02:00 - [MESSAGE][PASSED] - Text 'Netherlands' is set on object 'Object Repository/AdminSuiteBootstrap_Pages/VT_Bootstrap/SaleKeyboard/input_userDefined8'

2024-07-12 22:02:00 - [MESSAGE][PASSED] - Text 'Switzerland' is set on object 'Object Repository/AdminSuiteBootstrap_Pages/VT_Bootstrap/SaleKeyboard/input_userDefined9'

2024-07-12 22:02:01 - [MESSAGE][PASSED] - Text 'France' is set on object 'Object Repository/AdminSuiteBootstrap_Pages/VT_Bootstrap/SaleKeyboard/input_userDefined10'

2024-07-12 22:02:03 - [MESSAGE][PASSED] - Object: 'Object Repository/AdminSuiteBootstrap_Pages/VT_Bootstrap/SaleKeyboard/button_Submit' is clicked on

2024-07-12 22:02:03 - [MESSAGE][PASSED] - adminSuiteBootstrap.virtualTerminalSetData.saleKeyboard_DataDriven is PASSED

2024-07-12 22:02:03 - [TEST_STEP][PASSED] - verifyTextPresent("Transaction Successful", true): Text 'Transaction Successful' is present on page  using regular expression

2024-07-12 22:02:03 - [MESSAGE][PASSED] - Text 'Transaction Successful' is present on page  using regular expression

2024-07-12 22:02:03 - [TEST_STEP][PASSED] - verifyElementVisible(findTestObject("Object Repository/AdminSuiteBootstrap_Pages/VT_Bootstrap/Receipt/button_Continue")): Object 'Object Repository/AdminSuiteBootstrap_Pages/VT_Bootstrap/Receipt/button_Continue' is visible

2024-07-12 22:02:04 - [MESSAGE][PASSED] - Object 'Object Repository/AdminSuiteBootstrap_Pages/VT_Bootstrap/Receipt/button_Continue' is visible

2024-07-12 22:02:04 - [TEST_STEP][PASSED] - verifyElementPresent(findTestObject("Object Repository/AdminSuiteBootstrap_Pages/VT_Bootstrap/Receipt/button_Continue"), 20): Object 'Object Repository/AdminSuiteBootstrap_Pages/VT_Bootstrap/Receipt/button_Continue' is present

2024-07-12 22:02:04 - [MESSAGE][PASSED] - Object 'Object Repository/AdminSuiteBootstrap_Pages/VT_Bootstrap/Receipt/button_Continue' is present

2024-07-12 22:02:04 - [TEST_STEP][PASSED] - verifyElementVisible(findTestObject("Object Repository/AdminSuiteBootstrap_Pages/VT_Bootstrap/Receipt/button_Print")): Object 'Object Repository/AdminSuiteBootstrap_Pages/VT_Bootstrap/Receipt/button_Print' is visible

2024-07-12 22:02:04 - [MESSAGE][PASSED] - Object 'Object Repository/AdminSuiteBootstrap_Pages/VT_Bootstrap/Receipt/button_Print' is visible

2024-07-12 22:02:04 - [TEST_STEP][PASSED] - verifyElementPresent(findTestObject("Object Repository/AdminSuiteBootstrap_Pages/VT_Bootstrap/Receipt/button_Print"), 20): Object 'Object Repository/AdminSuiteBootstrap_Pages/VT_Bootstrap/Receipt/button_Print' is present

2024-07-12 22:02:05 - [MESSAGE][PASSED] - Object 'Object Repository/AdminSuiteBootstrap_Pages/VT_Bootstrap/Receipt/button_Print' is present

2024-07-12 22:02:05 - [TEST_STEP][PASSED] - verifyTextPresent("Remittance ID", true): Text 'Remittance ID' is present on page  using regular expression

2024-07-12 22:02:05 - [MESSAGE][PASSED] - Text 'Remittance ID' is present on page  using regular expression

2024-07-12 22:02:05 - [TEST_STEP][PASSED] - verifyTextPresent("Received", true): Text 'Received' is present on page  using regular expression

2024-07-12 22:02:06 - [MESSAGE][PASSED] - Text 'Received' is present on page  using regular expression

2024-07-12 22:02:06 - [TEST_STEP][PASSED] - verifyTextPresent("UDF1", true): Text 'UDF1' is present on page  using regular expression

2024-07-12 22:02:06 - [MESSAGE][PASSED] - Text 'UDF1' is present on page  using regular expression

2024-07-12 22:02:06 - [TEST_STEP][PASSED] - verifyTextPresent("UDF2", true): Text 'UDF2' is present on page  using regular expression

2024-07-12 22:02:06 - [MESSAGE][PASSED] - Text 'UDF2' is present on page  using regular expression

2024-07-12 22:02:06 - [TEST_STEP][PASSED] - verifyTextPresent("UDF3", true): Text 'UDF3' is present on page  using regular expression

2024-07-12 22:02:07 - [MESSAGE][PASSED] - Text 'UDF3' is present on page  using regular expression

2024-07-12 22:02:07 - [TEST_STEP][PASSED] - verifyTextPresent("UDF4", true): Text 'UDF4' is present on page  using regular expression

2024-07-12 22:02:07 - [MESSAGE][PASSED] - Text 'UDF4' is present on page  using regular expression

2024-07-12 22:02:07 - [TEST_STEP][PASSED] - verifyTextPresent("UDF5", true): Text 'UDF5' is present on page  using regular expression

2024-07-12 22:02:07 - [MESSAGE][PASSED] - Text 'UDF5' is present on page  using regular expression

2024-07-12 22:02:07 - [TEST_STEP][PASSED] - verifyTextPresent("UDF6", true): Text 'UDF6' is present on page  using regular expression

2024-07-12 22:02:07 - [MESSAGE][PASSED] - Text 'UDF6' is present on page  using regular expression

2024-07-12 22:02:07 - [TEST_STEP][PASSED] - verifyTextPresent("UDF7", true): Text 'UDF7' is present on page  using regular expression

2024-07-12 22:02:08 - [MESSAGE][PASSED] - Text 'UDF7' is present on page  using regular expression

2024-07-12 22:02:08 - [TEST_STEP][PASSED] - verifyTextPresent("UDF8", true): Text 'UDF8' is present on page  using regular expression

2024-07-12 22:02:08 - [MESSAGE][PASSED] - Text 'UDF8' is present on page  using regular expression

2024-07-12 22:02:08 - [TEST_STEP][PASSED] - verifyTextPresent("UDF9", true): Text 'UDF9' is present on page  using regular expression

2024-07-12 22:02:09 - [MESSAGE][PASSED] - Text 'UDF9' is present on page  using regular expression

2024-07-12 22:02:09 - [TEST_STEP][PASSED] - verifyTextPresent("UDF 10", true): Text 'UDF 10' is present on page  using regular expression

2024-07-12 22:02:09 - [MESSAGE][PASSED] - Text 'UDF 10' is present on page  using regular expression

2024-07-12 22:02:09 - [TEST_STEP][PASSED] - verifyTextPresent("Australia", true): Text 'Australia' is present on page  using regular expression

2024-07-12 22:02:09 - [MESSAGE][PASSED] - Text 'Australia' is present on page  using regular expression

2024-07-12 22:02:09 - [TEST_STEP][PASSED] - verifyTextPresent("Denmark", true): Text 'Denmark' is present on page  using regular expression

2024-07-12 22:02:10 - [MESSAGE][PASSED] - Text 'Denmark' is present on page  using regular expression

2024-07-12 22:02:10 - [TEST_STEP][PASSED] - verifyTextPresent("Sweden", true): Text 'Sweden' is present on page  using regular expression

2024-07-12 22:02:10 - [MESSAGE][PASSED] - Text 'Sweden' is present on page  using regular expression

2024-07-12 22:02:10 - [TEST_STEP][PASSED] - verifyTextPresent("Austria", true): Text 'Austria' is present on page  using regular expression

2024-07-12 22:02:10 - [MESSAGE][PASSED] - Text 'Austria' is present on page  using regular expression

2024-07-12 22:02:10 - [TEST_STEP][PASSED] - verifyTextPresent("Orange Recorded", true): Text 'Orange Recorded' is present on page  using regular expression

2024-07-12 22:02:11 - [MESSAGE][PASSED] - Text 'Orange Recorded' is present on page  using regular expression

2024-07-12 22:02:11 - [TEST_STEP][PASSED] - verifyTextPresent("Yellow Recorded", true): Text 'Yellow Recorded' is present on page  using regular expression

2024-07-12 22:02:11 - [MESSAGE][PASSED] - Text 'Yellow Recorded' is present on page  using regular expression

2024-07-12 22:02:11 - [TEST_STEP][PASSED] - verifyTextPresent("Norway", true): Text 'Norway' is present on page  using regular expression

2024-07-12 22:02:11 - [MESSAGE][PASSED] - Text 'Norway' is present on page  using regular expression

2024-07-12 22:02:11 - [TEST_STEP][PASSED] - verifyTextPresent("Netherlands", true): Text 'Netherlands' is present on page  using regular expression

2024-07-12 22:02:12 - [MESSAGE][PASSED] - Text 'Netherlands' is present on page  using regular expression

2024-07-12 22:02:12 - [TEST_STEP][PASSED] - verifyTextPresent("Switzerland", true): Text 'Switzerland' is present on page  using regular expression

2024-07-12 22:02:12 - [MESSAGE][PASSED] - Text 'Switzerland' is present on page  using regular expression

2024-07-12 22:02:12 - [TEST_STEP][PASSED] - verifyTextPresent("France", true): Text 'France' is present on page  using regular expression

2024-07-12 22:02:12 - [MESSAGE][PASSED] - Text 'France' is present on page  using regular expression

2024-07-12 22:02:12 - [TEST_STEP][PASSED] - verifyTextPresent("Card Information", true): Text 'Card Information' is present on page  using regular expression

2024-07-12 22:02:13 - [MESSAGE][PASSED] - Text 'Card Information' is present on page  using regular expression

2024-07-12 22:02:13 - [TEST_STEP][PASSED] - verifyTextPresent("Amount", true): Text 'Amount' is present on page  using regular expression

2024-07-12 22:02:13 - [MESSAGE][PASSED] - Text 'Amount' is present on page  using regular expression

2024-07-12 22:02:13 - [TEST_STEP][PASSED] - verifyTextPresent("Service Fee", true): Text 'Service Fee' is present on page  using regular expression

2024-07-12 22:02:13 - [MESSAGE][PASSED] - Text 'Service Fee' is present on page  using regular expression

2024-07-12 22:02:13 - [TEST_STEP][PASSED] - verifyTextPresent("Service Fee Type", true): Text 'Service Fee Type' is present on page  using regular expression

2024-07-12 22:02:14 - [MESSAGE][PASSED] - Text 'Service Fee Type' is present on page  using regular expression

2024-07-12 22:02:14 - [TEST_STEP][PASSED] - verifyTextPresent("Total Amount", true): Text 'Total Amount' is present on page  using regular expression

2024-07-12 22:02:14 - [MESSAGE][PASSED] - Text 'Total Amount' is present on page  using regular expression

2024-07-12 22:02:14 - [TEST_STEP][PASSED] - verifyTextPresent("Transaction Type", true): Text 'Transaction Type' is present on page  using regular expression

2024-07-12 22:02:14 - [MESSAGE][PASSED] - Text 'Transaction Type' is present on page  using regular expression

2024-07-12 22:02:14 - [TEST_STEP][PASSED] - verifyTextPresent("10.50", true): Text '10.50' is present on page  using regular expression

2024-07-12 22:02:15 - [MESSAGE][PASSED] - Text '10.50' is present on page  using regular expression

2024-07-12 22:02:15 - [TEST_STEP][PASSED] - verifyTextPresent("5.00", true): Text '5.00' is present on page  using regular expression

2024-07-12 22:02:15 - [MESSAGE][PASSED] - Text '5.00' is present on page  using regular expression

2024-07-12 22:02:15 - [TEST_STEP][PASSED] - verifyTextPresent("Single Transaction", true): Text 'Single Transaction' is present on page  using regular expression

2024-07-12 22:02:15 - [MESSAGE][PASSED] - Text 'Single Transaction' is present on page  using regular expression

2024-07-12 22:02:15 - [TEST_STEP][PASSED] - verifyTextPresent("15.50", true): Text '15.50' is present on page  using regular expression

2024-07-12 22:02:16 - [MESSAGE][PASSED] - Text '15.50' is present on page  using regular expression

2024-07-12 22:02:16 - [TEST_STEP][PASSED] - verifyTextPresent("Authorization and Capture", true): Text 'Authorization and Capture' is present on page  using regular expression

2024-07-12 22:02:16 - [MESSAGE][PASSED] - Text 'Authorization and Capture' is present on page  using regular expression

2024-07-12 22:02:16 - [TEST_STEP][PASSED] - cardNameV = findTestData(dataFile).getValue("CardNameV", row): null

2024-07-12 22:02:16 - [TEST_STEP][PASSED] - al1V = findTestData(dataFile).getValue("AL1", row): null

2024-07-12 22:02:16 - [TEST_STEP][PASSED] - al2V = findTestData(dataFile).getValue("AL2", row): null

2024-07-12 22:02:16 - [TEST_STEP][PASSED] - zipV = findTestData(dataFile).getValue("ZIP", row): null

2024-07-12 22:02:16 - [TEST_STEP][PASSED] - cardTypeV = findTestData(dataFile).getValue("CardType", row): null

2024-07-12 22:02:16 - [TEST_STEP][PASSED] - last4V = findTestData(dataFile).getValue("Last4", row): null

2024-07-12 22:02:16 - [TEST_STEP][PASSED] - verifyTextPresent(cardNameV, true): Text 'JANAKI JAMES' is present on page  using regular expression

2024-07-12 22:02:17 - [MESSAGE][PASSED] - Text 'JANAKI JAMES' is present on page  using regular expression

2024-07-12 22:02:17 - [TEST_STEP][PASSED] - verifyTextPresent("Address Line 1", true): Text 'Address Line 1' is present on page  using regular expression

2024-07-12 22:02:17 - [MESSAGE][PASSED] - Text 'Address Line 1' is present on page  using regular expression

2024-07-12 22:02:17 - [TEST_STEP][PASSED] - verifyTextPresent("Address Line 2", true): Text 'Address Line 2' is present on page  using regular expression

2024-07-12 22:02:17 - [MESSAGE][PASSED] - Text 'Address Line 2' is present on page  using regular expression

2024-07-12 22:02:17 - [TEST_STEP][PASSED] - verifyTextPresent("Country", true): Text 'Country' is present on page  using regular expression

2024-07-12 22:02:18 - [MESSAGE][PASSED] - Text 'Country' is present on page  using regular expression

2024-07-12 22:02:18 - [TEST_STEP][PASSED] - verifyTextPresent("City", true): Text 'City' is present on page  using regular expression

2024-07-12 22:02:18 - [MESSAGE][PASSED] - Text 'City' is present on page  using regular expression

2024-07-12 22:02:18 - [TEST_STEP][PASSED] - verifyTextPresent("State", true): Text 'State' is present on page  using regular expression

2024-07-12 22:02:19 - [MESSAGE][PASSED] - Text 'State' is present on page  using regular expression

2024-07-12 22:02:19 - [TEST_STEP][PASSED] - verifyTextPresent("ZIP Code", true): Text 'ZIP Code' is present on page  using regular expression

2024-07-12 22:02:19 - [MESSAGE][PASSED] - Text 'ZIP Code' is present on page  using regular expression

2024-07-12 22:02:19 - [TEST_STEP][PASSED] - verifyTextPresent(al1V, true): Text '1478 Jhatka Palace' is present on page  using regular expression

2024-07-12 22:02:19 - [MESSAGE][PASSED] - Text '1478 Jhatka Palace' is present on page  using regular expression

2024-07-12 22:02:19 - [TEST_STEP][PASSED] - verifyTextPresent(al2V, true): Text 'Suite 500' is present on page  using regular expression

2024-07-12 22:02:20 - [MESSAGE][PASSED] - Text 'Suite 500' is present on page  using regular expression

2024-07-12 22:02:20 - [TEST_STEP][PASSED] - verifyTextPresent("United States", true): Text 'United States' is present on page  using regular expression

2024-07-12 22:02:20 - [MESSAGE][PASSED] - Text 'United States' is present on page  using regular expression

2024-07-12 22:02:20 - [TEST_STEP][PASSED] - verifyTextPresent("ARLINGTON", true): Text 'ARLINGTON' is present on page  using regular expression

2024-07-12 22:02:20 - [MESSAGE][PASSED] - Text 'ARLINGTON' is present on page  using regular expression

2024-07-12 22:02:20 - [TEST_STEP][PASSED] - verifyTextPresent("Virginia", true): Text 'Virginia' is present on page  using regular expression

2024-07-12 22:02:21 - [MESSAGE][PASSED] - Text 'Virginia' is present on page  using regular expression

2024-07-12 22:02:21 - [TEST_STEP][PASSED] - verifyTextPresent(zipV, true): Text '22201' is present on page  using regular expression

2024-07-12 22:02:21 - [MESSAGE][PASSED] - Text '22201' is present on page  using regular expression

2024-07-12 22:02:21 - [TEST_STEP][PASSED] - verifyTextPresent(cardTypeV, true): Text 'MasterCard' is present on page  using regular expression

2024-07-12 22:02:21 - [MESSAGE][PASSED] - Text 'MasterCard' is present on page  using regular expression

2024-07-12 22:02:21 - [TEST_STEP][PASSED] - verifyTextPresent(last4V, true): Text '0035' is present on page  using regular expression

2024-07-12 22:02:22 - [MESSAGE][PASSED] - Text '0035' is present on page  using regular expression

2024-07-12 22:02:22 - [TEST_STEP][PASSED] - closeBrowser(): Browser is closed

2024-07-12 22:02:23 - [MESSAGE][PASSED] - Browser is closed

2024-07-12 22:02:23 - [TEST_STEP][PASSED] - ExecuteTC = findTestData(dataFile).getValue("Execute", row): null

2024-07-12 22:02:23 - [TEST_STEP][PASSED] - out.println("Value of Execute is : " + ExecuteTC): null

2024-07-12 22:02:23 - [TEST_STEP][PASSED] - switch (executionProfile): null

2024-07-12 22:02:23 - [TEST_STEP][PASSED] - case "QA2Profile":: null

2024-07-12 22:02:23 - [TEST_STEP][PASSED] - appName = findTestData(dataFile).getValue("AppNameQA", row): null

2024-07-12 22:02:23 - [TEST_STEP][PASSED] - appID = findTestData(dataFile).getValue("AppIDQA", row): null

2024-07-12 22:02:23 - [TEST_STEP][PASSED] - break: null

2024-07-12 22:02:23 - [TEST_STEP][PASSED] - hrefAppID = li_1 + appID + li_2: null

2024-07-12 22:02:23 - [TEST_STEP][PASSED] - hrefApp = li_1 + appID + "/": null

2024-07-12 22:02:23 - [TEST_STEP][PASSED] - println("hrefApp : " + hrefApp): null

2024-07-12 22:02:23 - [TEST_STEP][PASSED] - if (ExecuteTC.equalsIgnoreCase("Y")): Browser is closed

2024-07-12 22:02:23 - [TEST_STEP][PASSED] - out.println("Begin Record Number: " + row): null

2024-07-12 22:02:23 - [TEST_STEP][PASSED] - today = new java.util.Date(): null

2024-07-12 22:02:23 - [TEST_STEP][PASSED] - println(today): null

2024-07-12 22:02:23 - [TEST_STEP][PASSED] - datText = today: null

2024-07-12 22:02:23 - [TEST_STEP][PASSED] - adminSuiteBootstrap.loginFunctionality.login_AdminSuite(): adminSuiteBootstrap.loginFunctionality.login_AdminSuite is PASSED

2024-07-12 22:02:23 - [MESSAGE][INFO] - Starting 'Chrome' driver

2024-07-12 22:02:23 - [MESSAGE][INFO] - User set preference: ['acceptInsecureCerts', 'true']

2024-07-12 22:02:23 - [MESSAGE][INFO] - Action delay is set to 0 milliseconds

2024-07-12 22:02:25 - [MESSAGE][PASSED] - Browser is opened with url: 'https://qa2.velocitypayment.com/admin/imtiaz'

2024-07-12 22:02:26 - [MESSAGE][PASSED] - Current window maximized

2024-07-12 22:02:26 - [MESSAGE][PASSED] - Object 'Object Repository/Login_Page/Login_Username_Okta' is present

2024-07-12 22:02:27 - [MESSAGE][PASSED] - Text 'iahmed' is set on object 'Object Repository/Login_Page/Login_Username_Okta'

2024-07-12 22:02:28 - [MESSAGE][PASSED] - Text 'Hello!6666666' is set on object 'Object Repository/Login_Page/Login_Password_Okta'

2024-07-12 22:02:29 - [MESSAGE][PASSED] - Object: 'Object Repository/Login_Page/Login_Submit_Okta' is clicked on

2024-07-12 22:02:29 - [MESSAGE][PASSED] - adminSuiteBootstrap.loginFunctionality.login_AdminSuite is PASSED

2024-07-12 22:02:29 - [TEST_STEP][PASSED] - click(findTestObject(path_Dashboard + appName)): Object: 'Object Repository/AdminSuiteBootstrap_Pages/Dashboard_Bootstrap/a_Access AutoSingleCFtpQA' is clicked on

2024-07-12 22:02:37 - [MESSAGE][PASSED] - Object: 'Object Repository/AdminSuiteBootstrap_Pages/Dashboard_Bootstrap/a_Access AutoSingleCFtpQA' is clicked on

2024-07-12 22:02:37 - [TEST_STEP][PASSED] - click(findTestObject(path_VT + "button_Authorization  Capture (Sale)")): Object: 'Object Repository/AdminSuiteBootstrap_Pages/VT_Bootstrap/IssueTransactions/button_Authorization  Capture (Sale)' is clicked on

2024-07-12 22:02:37 - [MESSAGE][PASSED] - Object: 'Object Repository/AdminSuiteBootstrap_Pages/VT_Bootstrap/IssueTransactions/button_Authorization  Capture (Sale)' is clicked on

2024-07-12 22:02:37 - [TEST_STEP][PASSED] - saleKeyboardEntryLink = modifyObjectProperty(findTestObject(path_VT + "a_KeyboardEntry_Sale"), "href", "equals", hrefAppID, true): Modify property of object successfully

2024-07-12 22:02:37 - [MESSAGE][PASSED] - Modify property of object successfully

2024-07-12 22:02:37 - [TEST_STEP][PASSED] - click(saleKeyboardEntryLink): Object: 'Object Repository/AdminSuiteBootstrap_Pages/VT_Bootstrap/IssueTransactions/a_KeyboardEntry_Sale' is clicked on

2024-07-12 22:02:38 - [MESSAGE][PASSED] - Object: 'Object Repository/AdminSuiteBootstrap_Pages/VT_Bootstrap/IssueTransactions/a_KeyboardEntry_Sale' is clicked on

2024-07-12 22:02:38 - [TEST_STEP][PASSED] - adminSuiteBootstrap.virtualTerminalSetData.saleKeyboard_DataDriven(row, dataFile): adminSuiteBootstrap.virtualTerminalSetData.saleKeyboard_DataDriven is PASSED

2024-07-12 22:02:42 - [MESSAGE][PASSED] - Text 'Janaki James' is set on object 'Object Repository/AdminSuiteBootstrap_Pages/VT_Bootstrap/SaleKeyboard/input_cardName'

2024-07-12 22:02:43 - [MESSAGE][PASSED] - All options with value 'MOTO' are selected in object 'Object Repository/AdminSuiteBootstrap_Pages/VT_Bootstrap/SaleKeyboard/select_transactionCategory'  using regular expression

2024-07-12 22:02:43 - [MESSAGE][PASSED] - Execute JavaScript 'arguments[0].value ='371449635392376' ' successfully

2024-07-12 22:02:44 - [MESSAGE][PASSED] - Execute JavaScript 'arguments[0].value ='123' ' successfully

2024-07-12 22:02:45 - [MESSAGE][PASSED] - All options with value '12' are selected in object 'Object Repository/AdminSuiteBootstrap_Pages/VT_Bootstrap/SaleKeyboard/select_MM'  using regular expression

2024-07-12 22:02:46 - [MESSAGE][PASSED] - All options with value '2025' are selected in object 'Object Repository/AdminSuiteBootstrap_Pages/VT_Bootstrap/SaleKeyboard/select_YYYY'  using regular expression

2024-07-12 22:02:47 - [MESSAGE][PASSED] - Text '550 Swan Lake' is set on object 'Object Repository/AdminSuiteBootstrap_Pages/VT_Bootstrap/SaleKeyboard/input__address'

2024-07-12 22:02:47 - [MESSAGE][PASSED] - Text 'Suite 500' is set on object 'Object Repository/AdminSuiteBootstrap_Pages/VT_Bootstrap/SaleKeyboard/input__address2'

2024-07-12 22:02:48 - [MESSAGE][PASSED] - Text '22201' is set on object 'Object Repository/AdminSuiteBootstrap_Pages/VT_Bootstrap/SaleKeyboard/input__zip'

2024-07-12 22:02:49 - [MESSAGE][PASSED] - Text '' is set on object 'Object Repository/AdminSuiteBootstrap_Pages/VT_Bootstrap/SaleKeyboard/input_emailAddress'

2024-07-12 22:02:50 - [MESSAGE][PASSED] - Text '' is set on object 'Object Repository/AdminSuiteBootstrap_Pages/VT_Bootstrap/SaleKeyboard/input_smsNumber'

2024-07-12 22:02:51 - [MESSAGE][PASSED] - Text '10.50' is set on object 'Object Repository/AdminSuiteBootstrap_Pages/VT_Bootstrap/SaleKeyboard/input_amount'

2024-07-12 22:02:52 - [MESSAGE][PASSED] - Text 'Australia' is set on object 'Object Repository/AdminSuiteBootstrap_Pages/VT_Bootstrap/SaleKeyboard/input_userDefined1'

2024-07-12 22:02:53 - [MESSAGE][PASSED] - Text 'Denmark' is set on object 'Object Repository/AdminSuiteBootstrap_Pages/VT_Bootstrap/SaleKeyboard/input_userDefined2'

2024-07-12 22:02:53 - [MESSAGE][PASSED] - Text 'Sweden' is set on object 'Object Repository/AdminSuiteBootstrap_Pages/VT_Bootstrap/SaleKeyboard/input_userDefined3'

2024-07-12 22:02:54 - [MESSAGE][PASSED] - Text 'Austria' is set on object 'Object Repository/AdminSuiteBootstrap_Pages/VT_Bootstrap/SaleKeyboard/input_userDefined4'

2024-07-12 22:02:55 - [MESSAGE][PASSED] - All options with label 'Orange' are selected in object 'Object Repository/AdminSuiteBootstrap_Pages/VT_Bootstrap/SaleKeyboard/select_UDF5_DropDown'  using regular expression

2024-07-12 22:02:56 - [MESSAGE][PASSED] - All options with label 'Yellow' are selected in object 'Object Repository/AdminSuiteBootstrap_Pages/VT_Bootstrap/SaleKeyboard/select_UDF6_DropDown'  using regular expression

2024-07-12 22:02:57 - [MESSAGE][PASSED] - Text 'Norway' is set on object 'Object Repository/AdminSuiteBootstrap_Pages/VT_Bootstrap/SaleKeyboard/input_userDefined7'

2024-07-12 22:02:58 - [MESSAGE][PASSED] - Text 'Netherlands' is set on object 'Object Repository/AdminSuiteBootstrap_Pages/VT_Bootstrap/SaleKeyboard/input_userDefined8'

2024-07-12 22:02:58 - [MESSAGE][PASSED] - Text 'Switzerland' is set on object 'Object Repository/AdminSuiteBootstrap_Pages/VT_Bootstrap/SaleKeyboard/input_userDefined9'

2024-07-12 22:02:59 - [MESSAGE][PASSED] - Text 'France' is set on object 'Object Repository/AdminSuiteBootstrap_Pages/VT_Bootstrap/SaleKeyboard/input_userDefined10'

2024-07-12 22:03:00 - [MESSAGE][PASSED] - Object: 'Object Repository/AdminSuiteBootstrap_Pages/VT_Bootstrap/SaleKeyboard/button_Submit' is clicked on

2024-07-12 22:03:00 - [MESSAGE][PASSED] - adminSuiteBootstrap.virtualTerminalSetData.saleKeyboard_DataDriven is PASSED

2024-07-12 22:03:00 - [TEST_STEP][PASSED] - verifyTextPresent("Transaction Successful", true): Text 'Transaction Successful' is present on page  using regular expression

2024-07-12 22:03:01 - [MESSAGE][PASSED] - Text 'Transaction Successful' is present on page  using regular expression

2024-07-12 22:03:01 - [TEST_STEP][PASSED] - verifyElementVisible(findTestObject("Object Repository/AdminSuiteBootstrap_Pages/VT_Bootstrap/Receipt/button_Continue")): Object 'Object Repository/AdminSuiteBootstrap_Pages/VT_Bootstrap/Receipt/button_Continue' is visible

2024-07-12 22:03:01 - [MESSAGE][PASSED] - Object 'Object Repository/AdminSuiteBootstrap_Pages/VT_Bootstrap/Receipt/button_Continue' is visible

2024-07-12 22:03:01 - [TEST_STEP][PASSED] - verifyElementPresent(findTestObject("Object Repository/AdminSuiteBootstrap_Pages/VT_Bootstrap/Receipt/button_Continue"), 20): Object 'Object Repository/AdminSuiteBootstrap_Pages/VT_Bootstrap/Receipt/button_Continue' is present

2024-07-12 22:03:02 - [MESSAGE][PASSED] - Object 'Object Repository/AdminSuiteBootstrap_Pages/VT_Bootstrap/Receipt/button_Continue' is present

2024-07-12 22:03:02 - [TEST_STEP][PASSED] - verifyElementVisible(findTestObject("Object Repository/AdminSuiteBootstrap_Pages/VT_Bootstrap/Receipt/button_Print")): Object 'Object Repository/AdminSuiteBootstrap_Pages/VT_Bootstrap/Receipt/button_Print' is visible

2024-07-12 22:03:02 - [MESSAGE][PASSED] - Object 'Object Repository/AdminSuiteBootstrap_Pages/VT_Bootstrap/Receipt/button_Print' is visible

2024-07-12 22:03:02 - [TEST_STEP][PASSED] - verifyElementPresent(findTestObject("Object Repository/AdminSuiteBootstrap_Pages/VT_Bootstrap/Receipt/button_Print"), 20): Object 'Object Repository/AdminSuiteBootstrap_Pages/VT_Bootstrap/Receipt/button_Print' is present

2024-07-12 22:03:02 - [MESSAGE][PASSED] - Object 'Object Repository/AdminSuiteBootstrap_Pages/VT_Bootstrap/Receipt/button_Print' is present

2024-07-12 22:03:02 - [TEST_STEP][PASSED] - verifyTextPresent("Remittance ID", true): Text 'Remittance ID' is present on page  using regular expression

2024-07-12 22:03:03 - [MESSAGE][PASSED] - Text 'Remittance ID' is present on page  using regular expression

2024-07-12 22:03:03 - [TEST_STEP][PASSED] - verifyTextPresent("Received", true): Text 'Received' is present on page  using regular expression

2024-07-12 22:03:03 - [MESSAGE][PASSED] - Text 'Received' is present on page  using regular expression

2024-07-12 22:03:03 - [TEST_STEP][PASSED] - verifyTextPresent("UDF1", true): Text 'UDF1' is present on page  using regular expression

2024-07-12 22:03:03 - [MESSAGE][PASSED] - Text 'UDF1' is present on page  using regular expression

2024-07-12 22:03:03 - [TEST_STEP][PASSED] - verifyTextPresent("UDF2", true): Text 'UDF2' is present on page  using regular expression

2024-07-12 22:03:04 - [MESSAGE][PASSED] - Text 'UDF2' is present on page  using regular expression

2024-07-12 22:03:04 - [TEST_STEP][PASSED] - verifyTextPresent("UDF3", true): Text 'UDF3' is present on page  using regular expression

2024-07-12 22:03:04 - [MESSAGE][PASSED] - Text 'UDF3' is present on page  using regular expression

2024-07-12 22:03:04 - [TEST_STEP][PASSED] - verifyTextPresent("UDF4", true): Text 'UDF4' is present on page  using regular expression

2024-07-12 22:03:04 - [MESSAGE][PASSED] - Text 'UDF4' is present on page  using regular expression

2024-07-12 22:03:04 - [TEST_STEP][PASSED] - verifyTextPresent("UDF5", true): Text 'UDF5' is present on page  using regular expression

2024-07-12 22:03:05 - [MESSAGE][PASSED] - Text 'UDF5' is present on page  using regular expression

2024-07-12 22:03:05 - [TEST_STEP][PASSED] - verifyTextPresent("UDF6", true): Text 'UDF6' is present on page  using regular expression

2024-07-12 22:03:05 - [MESSAGE][PASSED] - Text 'UDF6' is present on page  using regular expression

2024-07-12 22:03:05 - [TEST_STEP][PASSED] - verifyTextPresent("UDF7", true): Text 'UDF7' is present on page  using regular expression

2024-07-12 22:03:05 - [MESSAGE][PASSED] - Text 'UDF7' is present on page  using regular expression

2024-07-12 22:03:05 - [TEST_STEP][PASSED] - verifyTextPresent("UDF8", true): Text 'UDF8' is present on page  using regular expression

2024-07-12 22:03:06 - [MESSAGE][PASSED] - Text 'UDF8' is present on page  using regular expression

2024-07-12 22:03:06 - [TEST_STEP][PASSED] - verifyTextPresent("UDF9", true): Text 'UDF9' is present on page  using regular expression

2024-07-12 22:03:06 - [MESSAGE][PASSED] - Text 'UDF9' is present on page  using regular expression

2024-07-12 22:03:06 - [TEST_STEP][PASSED] - verifyTextPresent("UDF 10", true): Text 'UDF 10' is present on page  using regular expression

2024-07-12 22:03:06 - [MESSAGE][PASSED] - Text 'UDF 10' is present on page  using regular expression

2024-07-12 22:03:06 - [TEST_STEP][PASSED] - verifyTextPresent("Australia", true): Text 'Australia' is present on page  using regular expression

2024-07-12 22:03:07 - [MESSAGE][PASSED] - Text 'Australia' is present on page  using regular expression

2024-07-12 22:03:07 - [TEST_STEP][PASSED] - verifyTextPresent("Denmark", true): Text 'Denmark' is present on page  using regular expression

2024-07-12 22:03:07 - [MESSAGE][PASSED] - Text 'Denmark' is present on page  using regular expression

2024-07-12 22:03:07 - [TEST_STEP][PASSED] - verifyTextPresent("Sweden", true): Text 'Sweden' is present on page  using regular expression

2024-07-12 22:03:07 - [MESSAGE][PASSED] - Text 'Sweden' is present on page  using regular expression

2024-07-12 22:03:07 - [TEST_STEP][PASSED] - verifyTextPresent("Austria", true): Text 'Austria' is present on page  using regular expression

2024-07-12 22:03:08 - [MESSAGE][PASSED] - Text 'Austria' is present on page  using regular expression

2024-07-12 22:03:08 - [TEST_STEP][PASSED] - verifyTextPresent("Orange Recorded", true): Text 'Orange Recorded' is present on page  using regular expression

2024-07-12 22:03:08 - [MESSAGE][PASSED] - Text 'Orange Recorded' is present on page  using regular expression

2024-07-12 22:03:08 - [TEST_STEP][PASSED] - verifyTextPresent("Yellow Recorded", true): Text 'Yellow Recorded' is present on page  using regular expression

2024-07-12 22:03:08 - [MESSAGE][PASSED] - Text 'Yellow Recorded' is present on page  using regular expression

2024-07-12 22:03:08 - [TEST_STEP][PASSED] - verifyTextPresent("Norway", true): Text 'Norway' is present on page  using regular expression

2024-07-12 22:03:09 - [MESSAGE][PASSED] - Text 'Norway' is present on page  using regular expression

2024-07-12 22:03:09 - [TEST_STEP][PASSED] - verifyTextPresent("Netherlands", true): Text 'Netherlands' is present on page  using regular expression

2024-07-12 22:03:09 - [MESSAGE][PASSED] - Text 'Netherlands' is present on page  using regular expression

2024-07-12 22:03:09 - [TEST_STEP][PASSED] - verifyTextPresent("Switzerland", true): Text 'Switzerland' is present on page  using regular expression

2024-07-12 22:03:09 - [MESSAGE][PASSED] - Text 'Switzerland' is present on page  using regular expression

2024-07-12 22:03:09 - [TEST_STEP][PASSED] - verifyTextPresent("France", true): Text 'France' is present on page  using regular expression

2024-07-12 22:03:10 - [MESSAGE][PASSED] - Text 'France' is present on page  using regular expression

2024-07-12 22:03:10 - [TEST_STEP][PASSED] - verifyTextPresent("Card Information", true): Text 'Card Information' is present on page  using regular expression

2024-07-12 22:03:10 - [MESSAGE][PASSED] - Text 'Card Information' is present on page  using regular expression

2024-07-12 22:03:10 - [TEST_STEP][PASSED] - verifyTextPresent("Amount", true): Text 'Amount' is present on page  using regular expression

2024-07-12 22:03:10 - [MESSAGE][PASSED] - Text 'Amount' is present on page  using regular expression

2024-07-12 22:03:10 - [TEST_STEP][PASSED] - verifyTextPresent("Service Fee", true): Text 'Service Fee' is present on page  using regular expression

2024-07-12 22:03:11 - [MESSAGE][PASSED] - Text 'Service Fee' is present on page  using regular expression

2024-07-12 22:03:11 - [TEST_STEP][PASSED] - verifyTextPresent("Service Fee Type", true): Text 'Service Fee Type' is present on page  using regular expression

2024-07-12 22:03:11 - [MESSAGE][PASSED] - Text 'Service Fee Type' is present on page  using regular expression

2024-07-12 22:03:11 - [TEST_STEP][PASSED] - verifyTextPresent("Total Amount", true): Text 'Total Amount' is present on page  using regular expression

2024-07-12 22:03:11 - [MESSAGE][PASSED] - Text 'Total Amount' is present on page  using regular expression

2024-07-12 22:03:11 - [TEST_STEP][PASSED] - verifyTextPresent("Transaction Type", true): Text 'Transaction Type' is present on page  using regular expression

2024-07-12 22:03:12 - [MESSAGE][PASSED] - Text 'Transaction Type' is present on page  using regular expression

2024-07-12 22:03:12 - [TEST_STEP][PASSED] - verifyTextPresent("10.50", true): Text '10.50' is present on page  using regular expression

2024-07-12 22:03:12 - [MESSAGE][PASSED] - Text '10.50' is present on page  using regular expression

2024-07-12 22:03:12 - [TEST_STEP][PASSED] - verifyTextPresent("5.00", true): Text '5.00' is present on page  using regular expression

2024-07-12 22:03:12 - [MESSAGE][PASSED] - Text '5.00' is present on page  using regular expression

2024-07-12 22:03:12 - [TEST_STEP][PASSED] - verifyTextPresent("Single Transaction", true): Text 'Single Transaction' is present on page  using regular expression

2024-07-12 22:03:13 - [MESSAGE][PASSED] - Text 'Single Transaction' is present on page  using regular expression

2024-07-12 22:03:13 - [TEST_STEP][PASSED] - verifyTextPresent("15.50", true): Text '15.50' is present on page  using regular expression

2024-07-12 22:03:13 - [MESSAGE][PASSED] - Text '15.50' is present on page  using regular expression

2024-07-12 22:03:13 - [TEST_STEP][PASSED] - verifyTextPresent("Authorization and Capture", true): Text 'Authorization and Capture' is present on page  using regular expression

2024-07-12 22:03:13 - [MESSAGE][PASSED] - Text 'Authorization and Capture' is present on page  using regular expression

2024-07-12 22:03:13 - [TEST_STEP][PASSED] - cardNameV = findTestData(dataFile).getValue("CardNameV", row): null

2024-07-12 22:03:14 - [TEST_STEP][PASSED] - al1V = findTestData(dataFile).getValue("AL1", row): null

2024-07-12 22:03:14 - [TEST_STEP][PASSED] - al2V = findTestData(dataFile).getValue("AL2", row): null

2024-07-12 22:03:14 - [TEST_STEP][PASSED] - zipV = findTestData(dataFile).getValue("ZIP", row): null

2024-07-12 22:03:14 - [TEST_STEP][PASSED] - cardTypeV = findTestData(dataFile).getValue("CardType", row): null

2024-07-12 22:03:14 - [TEST_STEP][PASSED] - last4V = findTestData(dataFile).getValue("Last4", row): null

2024-07-12 22:03:14 - [TEST_STEP][PASSED] - verifyTextPresent(cardNameV, true): Text 'JANAKI JAMES' is present on page  using regular expression

2024-07-12 22:03:14 - [MESSAGE][PASSED] - Text 'JANAKI JAMES' is present on page  using regular expression

2024-07-12 22:03:14 - [TEST_STEP][PASSED] - verifyTextPresent("Address Line 1", true): Text 'Address Line 1' is present on page  using regular expression

2024-07-12 22:03:15 - [MESSAGE][PASSED] - Text 'Address Line 1' is present on page  using regular expression

2024-07-12 22:03:15 - [TEST_STEP][PASSED] - verifyTextPresent("Address Line 2", true): Text 'Address Line 2' is present on page  using regular expression

2024-07-12 22:03:15 - [MESSAGE][PASSED] - Text 'Address Line 2' is present on page  using regular expression

2024-07-12 22:03:15 - [TEST_STEP][PASSED] - verifyTextPresent("Country", true): Text 'Country' is present on page  using regular expression

2024-07-12 22:03:15 - [MESSAGE][PASSED] - Text 'Country' is present on page  using regular expression

2024-07-12 22:03:15 - [TEST_STEP][PASSED] - verifyTextPresent("City", true): Text 'City' is present on page  using regular expression

2024-07-12 22:03:16 - [MESSAGE][PASSED] - Text 'City' is present on page  using regular expression

2024-07-12 22:03:16 - [TEST_STEP][PASSED] - verifyTextPresent("State", true): Text 'State' is present on page  using regular expression

2024-07-12 22:03:16 - [MESSAGE][PASSED] - Text 'State' is present on page  using regular expression

2024-07-12 22:03:16 - [TEST_STEP][PASSED] - verifyTextPresent("ZIP Code", true): Text 'ZIP Code' is present on page  using regular expression

2024-07-12 22:03:16 - [MESSAGE][PASSED] - Text 'ZIP Code' is present on page  using regular expression

2024-07-12 22:03:16 - [TEST_STEP][PASSED] - verifyTextPresent(al1V, true): Text '550 Swan Lake' is present on page  using regular expression

2024-07-12 22:03:17 - [MESSAGE][PASSED] - Text '550 Swan Lake' is present on page  using regular expression

2024-07-12 22:03:17 - [TEST_STEP][PASSED] - verifyTextPresent(al2V, true): Text 'Suite 500' is present on page  using regular expression

2024-07-12 22:03:17 - [MESSAGE][PASSED] - Text 'Suite 500' is present on page  using regular expression

2024-07-12 22:03:17 - [TEST_STEP][PASSED] - verifyTextPresent("United States", true): Text 'United States' is present on page  using regular expression

2024-07-12 22:03:17 - [MESSAGE][PASSED] - Text 'United States' is present on page  using regular expression

2024-07-12 22:03:17 - [TEST_STEP][PASSED] - verifyTextPresent("ARLINGTON", true): Text 'ARLINGTON' is present on page  using regular expression

2024-07-12 22:03:18 - [MESSAGE][PASSED] - Text 'ARLINGTON' is present on page  using regular expression

2024-07-12 22:03:18 - [TEST_STEP][PASSED] - verifyTextPresent("Virginia", true): Text 'Virginia' is present on page  using regular expression

2024-07-12 22:03:18 - [MESSAGE][PASSED] - Text 'Virginia' is present on page  using regular expression

2024-07-12 22:03:18 - [TEST_STEP][PASSED] - verifyTextPresent(zipV, true): Text '22201' is present on page  using regular expression

2024-07-12 22:03:18 - [MESSAGE][PASSED] - Text '22201' is present on page  using regular expression

2024-07-12 22:03:18 - [TEST_STEP][PASSED] - verifyTextPresent(cardTypeV, true): Text 'American Express' is present on page  using regular expression

2024-07-12 22:03:19 - [MESSAGE][PASSED] - Text 'American Express' is present on page  using regular expression

2024-07-12 22:03:19 - [TEST_STEP][PASSED] - verifyTextPresent(last4V, true): Text '2376' is present on page  using regular expression

2024-07-12 22:03:19 - [MESSAGE][PASSED] - Text '2376' is present on page  using regular expression

2024-07-12 22:03:19 - [TEST_STEP][PASSED] - closeBrowser(): Browser is closed

2024-07-12 22:03:20 - [MESSAGE][PASSED] - Browser is closed

2024-07-12 22:03:20 - [TEST_STEP][PASSED] - ExecuteTC = findTestData(dataFile).getValue("Execute", row): null

2024-07-12 22:03:20 - [TEST_STEP][PASSED] - out.println("Value of Execute is : " + ExecuteTC): null

2024-07-12 22:03:20 - [TEST_STEP][PASSED] - switch (executionProfile): null

2024-07-12 22:03:20 - [TEST_STEP][PASSED] - case "QA2Profile":: null

2024-07-12 22:03:20 - [TEST_STEP][PASSED] - appName = findTestData(dataFile).getValue("AppNameQA", row): null

2024-07-12 22:03:21 - [TEST_STEP][PASSED] - appID = findTestData(dataFile).getValue("AppIDQA", row): null

2024-07-12 22:03:21 - [TEST_STEP][PASSED] - break: null

2024-07-12 22:03:21 - [TEST_STEP][PASSED] - hrefAppID = li_1 + appID + li_2: null

2024-07-12 22:03:21 - [TEST_STEP][PASSED] - hrefApp = li_1 + appID + "/": null

2024-07-12 22:03:21 - [TEST_STEP][PASSED] - println("hrefApp : " + hrefApp): null

2024-07-12 22:03:21 - [TEST_STEP][PASSED] - if (ExecuteTC.equalsIgnoreCase("Y")): Browser is closed

2024-07-12 22:03:21 - [TEST_STEP][PASSED] - out.println("Begin Record Number: " + row): null

2024-07-12 22:03:21 - [TEST_STEP][PASSED] - today = new java.util.Date(): null

2024-07-12 22:03:21 - [TEST_STEP][PASSED] - println(today): null

2024-07-12 22:03:21 - [TEST_STEP][PASSED] - datText = today: null

2024-07-12 22:03:21 - [TEST_STEP][PASSED] - adminSuiteBootstrap.loginFunctionality.login_AdminSuite(): adminSuiteBootstrap.loginFunctionality.login_AdminSuite is PASSED

2024-07-12 22:03:21 - [MESSAGE][INFO] - Starting 'Chrome' driver

2024-07-12 22:03:21 - [MESSAGE][INFO] - User set preference: ['acceptInsecureCerts', 'true']

2024-07-12 22:03:21 - [MESSAGE][INFO] - Action delay is set to 0 milliseconds

2024-07-12 22:03:22 - [MESSAGE][PASSED] - Browser is opened with url: 'https://qa2.velocitypayment.com/admin/imtiaz'

2024-07-12 22:03:23 - [MESSAGE][PASSED] - Current window maximized

2024-07-12 22:03:24 - [MESSAGE][PASSED] - Object 'Object Repository/Login_Page/Login_Username_Okta' is present

2024-07-12 22:03:25 - [MESSAGE][PASSED] - Text 'iahmed' is set on object 'Object Repository/Login_Page/Login_Username_Okta'

2024-07-12 22:03:26 - [MESSAGE][PASSED] - Text 'Hello!6666666' is set on object 'Object Repository/Login_Page/Login_Password_Okta'

2024-07-12 22:03:26 - [MESSAGE][PASSED] - Object: 'Object Repository/Login_Page/Login_Submit_Okta' is clicked on

2024-07-12 22:03:26 - [MESSAGE][PASSED] - adminSuiteBootstrap.loginFunctionality.login_AdminSuite is PASSED

2024-07-12 22:03:26 - [TEST_STEP][PASSED] - click(findTestObject(path_Dashboard + appName)): Object: 'Object Repository/AdminSuiteBootstrap_Pages/Dashboard_Bootstrap/a_Access AutoSingleCFtpQA' is clicked on

2024-07-12 22:03:34 - [MESSAGE][PASSED] - Object: 'Object Repository/AdminSuiteBootstrap_Pages/Dashboard_Bootstrap/a_Access AutoSingleCFtpQA' is clicked on

2024-07-12 22:03:34 - [TEST_STEP][PASSED] - click(findTestObject(path_VT + "button_Authorization  Capture (Sale)")): Object: 'Object Repository/AdminSuiteBootstrap_Pages/VT_Bootstrap/IssueTransactions/button_Authorization  Capture (Sale)' is clicked on

2024-07-12 22:03:35 - [MESSAGE][PASSED] - Object: 'Object Repository/AdminSuiteBootstrap_Pages/VT_Bootstrap/IssueTransactions/button_Authorization  Capture (Sale)' is clicked on

2024-07-12 22:03:35 - [TEST_STEP][PASSED] - saleKeyboardEntryLink = modifyObjectProperty(findTestObject(path_VT + "a_KeyboardEntry_Sale"), "href", "equals", hrefAppID, true): Modify property of object successfully

2024-07-12 22:03:35 - [MESSAGE][PASSED] - Modify property of object successfully

2024-07-12 22:03:35 - [TEST_STEP][PASSED] - click(saleKeyboardEntryLink): Object: 'Object Repository/AdminSuiteBootstrap_Pages/VT_Bootstrap/IssueTransactions/a_KeyboardEntry_Sale' is clicked on

2024-07-12 22:03:36 - [MESSAGE][PASSED] - Object: 'Object Repository/AdminSuiteBootstrap_Pages/VT_Bootstrap/IssueTransactions/a_KeyboardEntry_Sale' is clicked on

2024-07-12 22:03:36 - [TEST_STEP][PASSED] - adminSuiteBootstrap.virtualTerminalSetData.saleKeyboard_DataDriven(row, dataFile): adminSuiteBootstrap.virtualTerminalSetData.saleKeyboard_DataDriven is PASSED

2024-07-12 22:03:39 - [MESSAGE][PASSED] - Text 'Janaki James' is set on object 'Object Repository/AdminSuiteBootstrap_Pages/VT_Bootstrap/SaleKeyboard/input_cardName'

2024-07-12 22:03:40 - [MESSAGE][PASSED] - All options with value 'MOTO' are selected in object 'Object Repository/AdminSuiteBootstrap_Pages/VT_Bootstrap/SaleKeyboard/select_transactionCategory'  using regular expression

2024-07-12 22:03:41 - [MESSAGE][PASSED] - Execute JavaScript 'arguments[0].value ='6011000993026909' ' successfully

2024-07-12 22:03:41 - [MESSAGE][PASSED] - Execute JavaScript 'arguments[0].value ='123' ' successfully

2024-07-12 22:03:42 - [MESSAGE][PASSED] - All options with value '12' are selected in object 'Object Repository/AdminSuiteBootstrap_Pages/VT_Bootstrap/SaleKeyboard/select_MM'  using regular expression

2024-07-12 22:03:43 - [MESSAGE][PASSED] - All options with value '2025' are selected in object 'Object Repository/AdminSuiteBootstrap_Pages/VT_Bootstrap/SaleKeyboard/select_YYYY'  using regular expression

2024-07-12 22:03:44 - [MESSAGE][PASSED] - Text '25987 Hill Top' is set on object 'Object Repository/AdminSuiteBootstrap_Pages/VT_Bootstrap/SaleKeyboard/input__address'

2024-07-12 22:03:45 - [MESSAGE][PASSED] - Text 'Suite 500' is set on object 'Object Repository/AdminSuiteBootstrap_Pages/VT_Bootstrap/SaleKeyboard/input__address2'

2024-07-12 22:03:46 - [MESSAGE][PASSED] - Text '22201' is set on object 'Object Repository/AdminSuiteBootstrap_Pages/VT_Bootstrap/SaleKeyboard/input__zip'

2024-07-12 22:03:46 - [MESSAGE][PASSED] - Text '' is set on object 'Object Repository/AdminSuiteBootstrap_Pages/VT_Bootstrap/SaleKeyboard/input_emailAddress'

2024-07-12 22:03:48 - [MESSAGE][PASSED] - Text '' is set on object 'Object Repository/AdminSuiteBootstrap_Pages/VT_Bootstrap/SaleKeyboard/input_smsNumber'

2024-07-12 22:03:48 - [MESSAGE][PASSED] - Text '10.50' is set on object 'Object Repository/AdminSuiteBootstrap_Pages/VT_Bootstrap/SaleKeyboard/input_amount'

2024-07-12 22:03:49 - [MESSAGE][PASSED] - Text 'Australia' is set on object 'Object Repository/AdminSuiteBootstrap_Pages/VT_Bootstrap/SaleKeyboard/input_userDefined1'

2024-07-12 22:03:50 - [MESSAGE][PASSED] - Text 'Denmark' is set on object 'Object Repository/AdminSuiteBootstrap_Pages/VT_Bootstrap/SaleKeyboard/input_userDefined2'

2024-07-12 22:03:51 - [MESSAGE][PASSED] - Text 'Sweden' is set on object 'Object Repository/AdminSuiteBootstrap_Pages/VT_Bootstrap/SaleKeyboard/input_userDefined3'

2024-07-12 22:03:52 - [MESSAGE][PASSED] - Text 'Austria' is set on object 'Object Repository/AdminSuiteBootstrap_Pages/VT_Bootstrap/SaleKeyboard/input_userDefined4'

2024-07-12 22:03:53 - [MESSAGE][PASSED] - All options with label 'Orange' are selected in object 'Object Repository/AdminSuiteBootstrap_Pages/VT_Bootstrap/SaleKeyboard/select_UDF5_DropDown'  using regular expression

2024-07-12 22:03:54 - [MESSAGE][PASSED] - All options with label 'Yellow' are selected in object 'Object Repository/AdminSuiteBootstrap_Pages/VT_Bootstrap/SaleKeyboard/select_UDF6_DropDown'  using regular expression

2024-07-12 22:03:54 - [MESSAGE][PASSED] - Text 'Norway' is set on object 'Object Repository/AdminSuiteBootstrap_Pages/VT_Bootstrap/SaleKeyboard/input_userDefined7'

2024-07-12 22:03:55 - [MESSAGE][PASSED] - Text 'Netherlands' is set on object 'Object Repository/AdminSuiteBootstrap_Pages/VT_Bootstrap/SaleKeyboard/input_userDefined8'

2024-07-12 22:03:56 - [MESSAGE][PASSED] - Text 'Switzerland' is set on object 'Object Repository/AdminSuiteBootstrap_Pages/VT_Bootstrap/SaleKeyboard/input_userDefined9'

2024-07-12 22:03:57 - [MESSAGE][PASSED] - Text 'France' is set on object 'Object Repository/AdminSuiteBootstrap_Pages/VT_Bootstrap/SaleKeyboard/input_userDefined10'

2024-07-12 22:03:58 - [MESSAGE][PASSED] - Object: 'Object Repository/AdminSuiteBootstrap_Pages/VT_Bootstrap/SaleKeyboard/button_Submit' is clicked on

2024-07-12 22:03:58 - [MESSAGE][PASSED] - adminSuiteBootstrap.virtualTerminalSetData.saleKeyboard_DataDriven is PASSED

2024-07-12 22:03:58 - [TEST_STEP][PASSED] - verifyTextPresent("Transaction Successful", true): Text 'Transaction Successful' is present on page  using regular expression

2024-07-12 22:03:59 - [MESSAGE][PASSED] - Text 'Transaction Successful' is present on page  using regular expression

2024-07-12 22:03:59 - [TEST_STEP][PASSED] - verifyElementVisible(findTestObject("Object Repository/AdminSuiteBootstrap_Pages/VT_Bootstrap/Receipt/button_Continue")): Object 'Object Repository/AdminSuiteBootstrap_Pages/VT_Bootstrap/Receipt/button_Continue' is visible

2024-07-12 22:03:59 - [MESSAGE][PASSED] - Object 'Object Repository/AdminSuiteBootstrap_Pages/VT_Bootstrap/Receipt/button_Continue' is visible

2024-07-12 22:03:59 - [TEST_STEP][PASSED] - verifyElementPresent(findTestObject("Object Repository/AdminSuiteBootstrap_Pages/VT_Bootstrap/Receipt/button_Continue"), 20): Object 'Object Repository/AdminSuiteBootstrap_Pages/VT_Bootstrap/Receipt/button_Continue' is present

2024-07-12 22:03:59 - [MESSAGE][PASSED] - Object 'Object Repository/AdminSuiteBootstrap_Pages/VT_Bootstrap/Receipt/button_Continue' is present

2024-07-12 22:03:59 - [TEST_STEP][PASSED] - verifyElementVisible(findTestObject("Object Repository/AdminSuiteBootstrap_Pages/VT_Bootstrap/Receipt/button_Print")): Object 'Object Repository/AdminSuiteBootstrap_Pages/VT_Bootstrap/Receipt/button_Print' is visible

2024-07-12 22:04:00 - [MESSAGE][PASSED] - Object 'Object Repository/AdminSuiteBootstrap_Pages/VT_Bootstrap/Receipt/button_Print' is visible

2024-07-12 22:04:00 - [TEST_STEP][PASSED] - verifyElementPresent(findTestObject("Object Repository/AdminSuiteBootstrap_Pages/VT_Bootstrap/Receipt/button_Print"), 20): Object 'Object Repository/AdminSuiteBootstrap_Pages/VT_Bootstrap/Receipt/button_Print' is present

2024-07-12 22:04:00 - [MESSAGE][PASSED] - Object 'Object Repository/AdminSuiteBootstrap_Pages/VT_Bootstrap/Receipt/button_Print' is present

2024-07-12 22:04:00 - [TEST_STEP][PASSED] - verifyTextPresent("Remittance ID", true): Text 'Remittance ID' is present on page  using regular expression

2024-07-12 22:04:00 - [MESSAGE][PASSED] - Text 'Remittance ID' is present on page  using regular expression

2024-07-12 22:04:00 - [TEST_STEP][PASSED] - verifyTextPresent("Received", true): Text 'Received' is present on page  using regular expression

2024-07-12 22:04:01 - [MESSAGE][PASSED] - Text 'Received' is present on page  using regular expression

2024-07-12 22:04:01 - [TEST_STEP][PASSED] - verifyTextPresent("UDF1", true): Text 'UDF1' is present on page  using regular expression

2024-07-12 22:04:01 - [MESSAGE][PASSED] - Text 'UDF1' is present on page  using regular expression

2024-07-12 22:04:01 - [TEST_STEP][PASSED] - verifyTextPresent("UDF2", true): Text 'UDF2' is present on page  using regular expression

2024-07-12 22:04:01 - [MESSAGE][PASSED] - Text 'UDF2' is present on page  using regular expression

2024-07-12 22:04:01 - [TEST_STEP][PASSED] - verifyTextPresent("UDF3", true): Text 'UDF3' is present on page  using regular expression

2024-07-12 22:04:02 - [MESSAGE][PASSED] - Text 'UDF3' is present on page  using regular expression

2024-07-12 22:04:02 - [TEST_STEP][PASSED] - verifyTextPresent("UDF4", true): Text 'UDF4' is present on page  using regular expression

2024-07-12 22:04:02 - [MESSAGE][PASSED] - Text 'UDF4' is present on page  using regular expression

2024-07-12 22:04:02 - [TEST_STEP][PASSED] - verifyTextPresent("UDF5", true): Text 'UDF5' is present on page  using regular expression

2024-07-12 22:04:02 - [MESSAGE][PASSED] - Text 'UDF5' is present on page  using regular expression

2024-07-12 22:04:02 - [TEST_STEP][PASSED] - verifyTextPresent("UDF6", true): Text 'UDF6' is present on page  using regular expression

2024-07-12 22:04:03 - [MESSAGE][PASSED] - Text 'UDF6' is present on page  using regular expression

2024-07-12 22:04:03 - [TEST_STEP][PASSED] - verifyTextPresent("UDF7", true): Text 'UDF7' is present on page  using regular expression

2024-07-12 22:04:03 - [MESSAGE][PASSED] - Text 'UDF7' is present on page  using regular expression

2024-07-12 22:04:03 - [TEST_STEP][PASSED] - verifyTextPresent("UDF8", true): Text 'UDF8' is present on page  using regular expression

2024-07-12 22:04:03 - [MESSAGE][PASSED] - Text 'UDF8' is present on page  using regular expression

2024-07-12 22:04:03 - [TEST_STEP][PASSED] - verifyTextPresent("UDF9", true): Text 'UDF9' is present on page  using regular expression

2024-07-12 22:04:03 - [MESSAGE][PASSED] - Text 'UDF9' is present on page  using regular expression

2024-07-12 22:04:03 - [TEST_STEP][PASSED] - verifyTextPresent("UDF 10", true): Text 'UDF 10' is present on page  using regular expression

2024-07-12 22:04:04 - [MESSAGE][PASSED] - Text 'UDF 10' is present on page  using regular expression

2024-07-12 22:04:04 - [TEST_STEP][PASSED] - verifyTextPresent("Australia", true): Text 'Australia' is present on page  using regular expression

2024-07-12 22:04:04 - [MESSAGE][PASSED] - Text 'Australia' is present on page  using regular expression

2024-07-12 22:04:04 - [TEST_STEP][PASSED] - verifyTextPresent("Denmark", true): Text 'Denmark' is present on page  using regular expression

2024-07-12 22:04:04 - [MESSAGE][PASSED] - Text 'Denmark' is present on page  using regular expression

2024-07-12 22:04:04 - [TEST_STEP][PASSED] - verifyTextPresent("Sweden", true): Text 'Sweden' is present on page  using regular expression

2024-07-12 22:04:05 - [MESSAGE][PASSED] - Text 'Sweden' is present on page  using regular expression

2024-07-12 22:04:05 - [TEST_STEP][PASSED] - verifyTextPresent("Austria", true): Text 'Austria' is present on page  using regular expression

2024-07-12 22:04:05 - [MESSAGE][PASSED] - Text 'Austria' is present on page  using regular expression

2024-07-12 22:04:05 - [TEST_STEP][PASSED] - verifyTextPresent("Orange Recorded", true): Text 'Orange Recorded' is present on page  using regular expression

2024-07-12 22:04:05 - [MESSAGE][PASSED] - Text 'Orange Recorded' is present on page  using regular expression

2024-07-12 22:04:05 - [TEST_STEP][PASSED] - verifyTextPresent("Yellow Recorded", true): Text 'Yellow Recorded' is present on page  using regular expression

2024-07-12 22:04:06 - [MESSAGE][PASSED] - Text 'Yellow Recorded' is present on page  using regular expression

2024-07-12 22:04:06 - [TEST_STEP][PASSED] - verifyTextPresent("Norway", true): Text 'Norway' is present on page  using regular expression

2024-07-12 22:04:06 - [MESSAGE][PASSED] - Text 'Norway' is present on page  using regular expression

2024-07-12 22:04:06 - [TEST_STEP][PASSED] - verifyTextPresent("Netherlands", true): Text 'Netherlands' is present on page  using regular expression

2024-07-12 22:04:06 - [MESSAGE][PASSED] - Text 'Netherlands' is present on page  using regular expression

2024-07-12 22:04:06 - [TEST_STEP][PASSED] - verifyTextPresent("Switzerland", true): Text 'Switzerland' is present on page  using regular expression

2024-07-12 22:04:07 - [MESSAGE][PASSED] - Text 'Switzerland' is present on page  using regular expression

2024-07-12 22:04:07 - [TEST_STEP][PASSED] - verifyTextPresent("France", true): Text 'France' is present on page  using regular expression

2024-07-12 22:04:07 - [MESSAGE][PASSED] - Text 'France' is present on page  using regular expression

2024-07-12 22:04:07 - [TEST_STEP][PASSED] - verifyTextPresent("Card Information", true): Text 'Card Information' is present on page  using regular expression

2024-07-12 22:04:07 - [MESSAGE][PASSED] - Text 'Card Information' is present on page  using regular expression

2024-07-12 22:04:07 - [TEST_STEP][PASSED] - verifyTextPresent("Amount", true): Text 'Amount' is present on page  using regular expression

2024-07-12 22:04:08 - [MESSAGE][PASSED] - Text 'Amount' is present on page  using regular expression

2024-07-12 22:04:08 - [TEST_STEP][PASSED] - verifyTextPresent("Service Fee", true): Text 'Service Fee' is present on page  using regular expression

2024-07-12 22:04:08 - [MESSAGE][PASSED] - Text 'Service Fee' is present on page  using regular expression

2024-07-12 22:04:08 - [TEST_STEP][PASSED] - verifyTextPresent("Service Fee Type", true): Text 'Service Fee Type' is present on page  using regular expression

2024-07-12 22:04:08 - [MESSAGE][PASSED] - Text 'Service Fee Type' is present on page  using regular expression

2024-07-12 22:04:08 - [TEST_STEP][PASSED] - verifyTextPresent("Total Amount", true): Text 'Total Amount' is present on page  using regular expression

2024-07-12 22:04:09 - [MESSAGE][PASSED] - Text 'Total Amount' is present on page  using regular expression

2024-07-12 22:04:09 - [TEST_STEP][PASSED] - verifyTextPresent("Transaction Type", true): Text 'Transaction Type' is present on page  using regular expression

2024-07-12 22:04:09 - [MESSAGE][PASSED] - Text 'Transaction Type' is present on page  using regular expression

2024-07-12 22:04:09 - [TEST_STEP][PASSED] - verifyTextPresent("10.50", true): Text '10.50' is present on page  using regular expression

2024-07-12 22:04:09 - [MESSAGE][PASSED] - Text '10.50' is present on page  using regular expression

2024-07-12 22:04:09 - [TEST_STEP][PASSED] - verifyTextPresent("5.00", true): Text '5.00' is present on page  using regular expression

2024-07-12 22:04:10 - [MESSAGE][PASSED] - Text '5.00' is present on page  using regular expression

2024-07-12 22:04:10 - [TEST_STEP][PASSED] - verifyTextPresent("Single Transaction", true): Text 'Single Transaction' is present on page  using regular expression

2024-07-12 22:04:10 - [MESSAGE][PASSED] - Text 'Single Transaction' is present on page  using regular expression

2024-07-12 22:04:10 - [TEST_STEP][PASSED] - verifyTextPresent("15.50", true): Text '15.50' is present on page  using regular expression

2024-07-12 22:04:10 - [MESSAGE][PASSED] - Text '15.50' is present on page  using regular expression

2024-07-12 22:04:10 - [TEST_STEP][PASSED] - verifyTextPresent("Authorization and Capture", true): Text 'Authorization and Capture' is present on page  using regular expression

2024-07-12 22:04:11 - [MESSAGE][PASSED] - Text 'Authorization and Capture' is present on page  using regular expression

2024-07-12 22:04:11 - [TEST_STEP][PASSED] - cardNameV = findTestData(dataFile).getValue("CardNameV", row): null

2024-07-12 22:04:11 - [TEST_STEP][PASSED] - al1V = findTestData(dataFile).getValue("AL1", row): null

2024-07-12 22:04:11 - [TEST_STEP][PASSED] - al2V = findTestData(dataFile).getValue("AL2", row): null

2024-07-12 22:04:11 - [TEST_STEP][PASSED] - zipV = findTestData(dataFile).getValue("ZIP", row): null

2024-07-12 22:04:11 - [TEST_STEP][PASSED] - cardTypeV = findTestData(dataFile).getValue("CardType", row): null

2024-07-12 22:04:11 - [TEST_STEP][PASSED] - last4V = findTestData(dataFile).getValue("Last4", row): null

2024-07-12 22:04:11 - [TEST_STEP][PASSED] - verifyTextPresent(cardNameV, true): Text 'JANAKI JAMES' is present on page  using regular expression

2024-07-12 22:04:12 - [MESSAGE][PASSED] - Text 'JANAKI JAMES' is present on page  using regular expression

2024-07-12 22:04:12 - [TEST_STEP][PASSED] - verifyTextPresent("Address Line 1", true): Text 'Address Line 1' is present on page  using regular expression

2024-07-12 22:04:12 - [MESSAGE][PASSED] - Text 'Address Line 1' is present on page  using regular expression

2024-07-12 22:04:12 - [TEST_STEP][PASSED] - verifyTextPresent("Address Line 2", true): Text 'Address Line 2' is present on page  using regular expression

2024-07-12 22:04:12 - [MESSAGE][PASSED] - Text 'Address Line 2' is present on page  using regular expression

2024-07-12 22:04:12 - [TEST_STEP][PASSED] - verifyTextPresent("Country", true): Text 'Country' is present on page  using regular expression

2024-07-12 22:04:13 - [MESSAGE][PASSED] - Text 'Country' is present on page  using regular expression

2024-07-12 22:04:13 - [TEST_STEP][PASSED] - verifyTextPresent("City", true): Text 'City' is present on page  using regular expression

2024-07-12 22:04:13 - [MESSAGE][PASSED] - Text 'City' is present on page  using regular expression

2024-07-12 22:04:13 - [TEST_STEP][PASSED] - verifyTextPresent("State", true): Text 'State' is present on page  using regular expression

2024-07-12 22:04:13 - [MESSAGE][PASSED] - Text 'State' is present on page  using regular expression

2024-07-12 22:04:13 - [TEST_STEP][PASSED] - verifyTextPresent("ZIP Code", true): Text 'ZIP Code' is present on page  using regular expression

2024-07-12 22:04:14 - [MESSAGE][PASSED] - Text 'ZIP Code' is present on page  using regular expression

2024-07-12 22:04:14 - [TEST_STEP][PASSED] - verifyTextPresent(al1V, true): Text '25987 Hill Top' is present on page  using regular expression

2024-07-12 22:04:14 - [MESSAGE][PASSED] - Text '25987 Hill Top' is present on page  using regular expression

2024-07-12 22:04:14 - [TEST_STEP][PASSED] - verifyTextPresent(al2V, true): Text 'Suite 500' is present on page  using regular expression

2024-07-12 22:04:14 - [MESSAGE][PASSED] - Text 'Suite 500' is present on page  using regular expression

2024-07-12 22:04:14 - [TEST_STEP][PASSED] - verifyTextPresent("United States", true): Text 'United States' is present on page  using regular expression

2024-07-12 22:04:15 - [MESSAGE][PASSED] - Text 'United States' is present on page  using regular expression

2024-07-12 22:04:15 - [TEST_STEP][PASSED] - verifyTextPresent("ARLINGTON", true): Text 'ARLINGTON' is present on page  using regular expression

2024-07-12 22:04:15 - [MESSAGE][PASSED] - Text 'ARLINGTON' is present on page  using regular expression

2024-07-12 22:04:15 - [TEST_STEP][PASSED] - verifyTextPresent("Virginia", true): Text 'Virginia' is present on page  using regular expression

2024-07-12 22:04:15 - [MESSAGE][PASSED] - Text 'Virginia' is present on page  using regular expression

2024-07-12 22:04:15 - [TEST_STEP][PASSED] - verifyTextPresent(zipV, true): Text '22201' is present on page  using regular expression

2024-07-12 22:04:16 - [MESSAGE][PASSED] - Text '22201' is present on page  using regular expression

2024-07-12 22:04:16 - [TEST_STEP][PASSED] - verifyTextPresent(cardTypeV, true): Text 'Discover' is present on page  using regular expression

2024-07-12 22:04:16 - [MESSAGE][PASSED] - Text 'Discover' is present on page  using regular expression

2024-07-12 22:04:16 - [TEST_STEP][PASSED] - verifyTextPresent(last4V, true): Text '6909' is present on page  using regular expression

2024-07-12 22:04:16 - [MESSAGE][PASSED] - Text '6909' is present on page  using regular expression

2024-07-12 22:04:16 - [TEST_STEP][PASSED] - closeBrowser(): Browser is closed

2024-07-12 22:04:18 - [MESSAGE][PASSED] - Browser is closed]]></system-out>
         <system-err><![CDATA[]]></system-err>
      </testcase>
      <testcase name="Test Cases/Admin Suite Bootstrap/VT_TestCases/AuthKeyboard_TP_DualCF_Generic_Payment_TC" time="469.138" classname="Test Cases/Admin Suite Bootstrap/VT_TestCases/AuthKeyboard_TP_DualCF_Generic_Payment_TC" status="PASSED">
         <system-out><![CDATA[2024-07-12 22:04:18 - [TEST_CASE][PASSED] - Test Cases/Admin Suite Bootstrap/VT_TestCases/AuthKeyboard_TP_DualCF_Generic_Payment_TC: Test Cases/Admin Suite Bootstrap/VT_TestCases/AuthKeyboard_TP_DualCF_Generic_Payment_TC

2024-07-12 22:04:18 - [TEST_STEP][PASSED] - path_Dashboard = "Object Repository/AdminSuiteBootstrap_Pages/Dashboard_Bootstrap/": null

2024-07-12 22:04:18 - [TEST_STEP][PASSED] - path_VT = "Object Repository/AdminSuiteBootstrap_Pages/VT_Bootstrap/IssueTransactions/": null

2024-07-12 22:04:18 - [TEST_STEP][PASSED] - path_SaleKB = "Object Repository/AdminSuiteBootstrap_Pages/VT_Bootstrap/SaleKeyboard/": null

2024-07-12 22:04:18 - [TEST_STEP][PASSED] - path_TestMinus = "Object Repository/Page_TestMinusAndAtSigns/": null

2024-07-12 22:04:18 - [TEST_STEP][PASSED] - li_1 = vpos_Prefix: null

2024-07-12 22:04:18 - [TEST_STEP][PASSED] - li_2 = "/transactions/AuthOnlyForm/": null

2024-07-12 22:04:18 - [TEST_STEP][PASSED] - executionProfile = getExecutionProfile(): null

2024-07-12 22:04:18 - [TEST_STEP][PASSED] - out.println("executionProfile : " + executionProfile): null

2024-07-12 22:04:18 - [TEST_STEP][PASSED] - appName = <not implemented yet for class: org.codehaus.groovy.ast.expr.EmptyExpression>: null

2024-07-12 22:04:18 - [TEST_STEP][PASSED] - appID = <not implemented yet for class: org.codehaus.groovy.ast.expr.EmptyExpression>: null

2024-07-12 22:04:18 - [TEST_STEP][PASSED] - cardNameV = <not implemented yet for class: org.codehaus.groovy.ast.expr.EmptyExpression>: null

2024-07-12 22:04:18 - [TEST_STEP][PASSED] - al1V = <not implemented yet for class: org.codehaus.groovy.ast.expr.EmptyExpression>: null

2024-07-12 22:04:18 - [TEST_STEP][PASSED] - al2V = <not implemented yet for class: org.codehaus.groovy.ast.expr.EmptyExpression>: null

2024-07-12 22:04:18 - [TEST_STEP][PASSED] - zipV = <not implemented yet for class: org.codehaus.groovy.ast.expr.EmptyExpression>: null

2024-07-12 22:04:18 - [TEST_STEP][PASSED] - cardTypeV = <not implemented yet for class: org.codehaus.groovy.ast.expr.EmptyExpression>: null

2024-07-12 22:04:18 - [TEST_STEP][PASSED] - last4V = <not implemented yet for class: org.codehaus.groovy.ast.expr.EmptyExpression>: null

2024-07-12 22:04:18 - [TEST_STEP][PASSED] - resText = "Fail": null

2024-07-12 22:04:18 - [TEST_STEP][PASSED] - resColumn = "Result": null

2024-07-12 22:04:18 - [TEST_STEP][PASSED] - datCloumn = "Date": null

2024-07-12 22:04:18 - [TEST_STEP][PASSED] - fileLoc = "C:\KatalonData\Bootstrap\VT-Data.xlsx": null

2024-07-12 22:04:18 - [TEST_STEP][PASSED] - numOfRows = <not implemented yet for class: org.codehaus.groovy.ast.expr.EmptyExpression>: null

2024-07-12 22:04:18 - [TEST_STEP][PASSED] - dataFile = <not implemented yet for class: org.codehaus.groovy.ast.expr.EmptyExpression>: null

2024-07-12 22:04:18 - [TEST_STEP][PASSED] - nameSheet = <not implemented yet for class: org.codehaus.groovy.ast.expr.EmptyExpression>: null

2024-07-12 22:04:18 - [TEST_STEP][PASSED] - nameSheet = "VT-Auth-DualCF-Generic": null

2024-07-12 22:04:18 - [TEST_STEP][PASSED] - numOfRows = findTestData("QA/Bootstrap/VT-TestData/VT-AuthData-DualCF-Generic").getRowNumbers(): null

2024-07-12 22:04:18 - [TEST_STEP][PASSED] - println("Number of Records: " + numOfRows): null

2024-07-12 22:04:18 - [TEST_STEP][PASSED] - dataFile = "QA/Bootstrap/VT-TestData/VT-AuthData-DualCF-Generic": null

2024-07-12 22:04:18 - [TEST_STEP][PASSED] - for ([row = 1, row <= numOfRows, (row++)]): Browser is closed

2024-07-12 22:04:18 - [TEST_STEP][PASSED] - ExecuteTC = findTestData(dataFile).getValue("Execute", row): null

2024-07-12 22:04:18 - [TEST_STEP][PASSED] - out.println("Value of Execute is : " + ExecuteTC): null

2024-07-12 22:04:18 - [TEST_STEP][PASSED] - switch (executionProfile): null

2024-07-12 22:04:18 - [TEST_STEP][PASSED] - case "QA2Profile":: null

2024-07-12 22:04:18 - [TEST_STEP][PASSED] - appName = findTestData(dataFile).getValue("AppNameQA", row): null

2024-07-12 22:04:18 - [TEST_STEP][PASSED] - appID = findTestData(dataFile).getValue("AppIDQA", row): null

2024-07-12 22:04:19 - [TEST_STEP][PASSED] - break: null

2024-07-12 22:04:19 - [TEST_STEP][PASSED] - hrefAppID = li_1 + appID + li_2: null

2024-07-12 22:04:19 - [TEST_STEP][PASSED] - hrefApp = li_1 + appID + "/": null

2024-07-12 22:04:19 - [TEST_STEP][PASSED] - println("hrefApp : " + hrefApp): null

2024-07-12 22:04:19 - [TEST_STEP][PASSED] - if (ExecuteTC.equalsIgnoreCase("Y")): Browser is closed

2024-07-12 22:04:19 - [TEST_STEP][PASSED] - out.println("Begin Record Number: " + row): null

2024-07-12 22:04:19 - [TEST_STEP][PASSED] - today = new java.util.Date(): null

2024-07-12 22:04:19 - [TEST_STEP][PASSED] - println(today): null

2024-07-12 22:04:19 - [TEST_STEP][PASSED] - datText = today: null

2024-07-12 22:04:19 - [TEST_STEP][PASSED] - adminSuiteBootstrap.loginFunctionality.login_AdminSuite(): adminSuiteBootstrap.loginFunctionality.login_AdminSuite is PASSED

2024-07-12 22:04:19 - [MESSAGE][INFO] - Starting 'Chrome' driver

2024-07-12 22:04:19 - [MESSAGE][INFO] - User set preference: ['acceptInsecureCerts', 'true']

2024-07-12 22:04:19 - [MESSAGE][INFO] - Action delay is set to 0 milliseconds

2024-07-12 22:04:21 - [MESSAGE][PASSED] - Browser is opened with url: 'https://qa2.velocitypayment.com/admin/imtiaz'

2024-07-12 22:04:21 - [MESSAGE][PASSED] - Current window maximized

2024-07-12 22:04:22 - [MESSAGE][PASSED] - Object 'Object Repository/Login_Page/Login_Username_Okta' is present

2024-07-12 22:04:23 - [MESSAGE][PASSED] - Text 'iahmed' is set on object 'Object Repository/Login_Page/Login_Username_Okta'

2024-07-12 22:04:24 - [MESSAGE][PASSED] - Text 'Hello!6666666' is set on object 'Object Repository/Login_Page/Login_Password_Okta'

2024-07-12 22:04:24 - [MESSAGE][PASSED] - Object: 'Object Repository/Login_Page/Login_Submit_Okta' is clicked on

2024-07-12 22:04:24 - [MESSAGE][PASSED] - adminSuiteBootstrap.loginFunctionality.login_AdminSuite is PASSED

2024-07-12 22:04:24 - [TEST_STEP][PASSED] - click(findTestObject(path_Dashboard + appName)): Object: 'Object Repository/AdminSuiteBootstrap_Pages/Dashboard_Bootstrap/a_Access AutoDualCFtpQA' is clicked on

2024-07-12 22:04:32 - [MESSAGE][PASSED] - Object: 'Object Repository/AdminSuiteBootstrap_Pages/Dashboard_Bootstrap/a_Access AutoDualCFtpQA' is clicked on

2024-07-12 22:04:32 - [TEST_STEP][PASSED] - click(findTestObject(path_VT + "button_Authorization Only")): Object: 'Object Repository/AdminSuiteBootstrap_Pages/VT_Bootstrap/IssueTransactions/button_Authorization Only' is clicked on

2024-07-12 22:04:33 - [MESSAGE][PASSED] - Object: 'Object Repository/AdminSuiteBootstrap_Pages/VT_Bootstrap/IssueTransactions/button_Authorization Only' is clicked on

2024-07-12 22:04:33 - [TEST_STEP][PASSED] - authOnlyKeyboardEntryLink = modifyObjectProperty(findTestObject(path_VT + "a_KeyboardEntry_Sale"), "href", "equals", hrefAppID, true): Modify property of object successfully

2024-07-12 22:04:33 - [MESSAGE][PASSED] - Modify property of object successfully

2024-07-12 22:04:33 - [TEST_STEP][PASSED] - click(authOnlyKeyboardEntryLink): Object: 'Object Repository/AdminSuiteBootstrap_Pages/VT_Bootstrap/IssueTransactions/a_KeyboardEntry_Sale' is clicked on

2024-07-12 22:04:34 - [MESSAGE][PASSED] - Object: 'Object Repository/AdminSuiteBootstrap_Pages/VT_Bootstrap/IssueTransactions/a_KeyboardEntry_Sale' is clicked on

2024-07-12 22:04:34 - [TEST_STEP][PASSED] - adminSuiteBootstrap.virtualTerminalSetData.saleKeyboard_DataDriven(row, dataFile): adminSuiteBootstrap.virtualTerminalSetData.saleKeyboard_DataDriven is PASSED

2024-07-12 22:04:37 - [MESSAGE][PASSED] - Text 'Tulsi Raman' is set on object 'Object Repository/AdminSuiteBootstrap_Pages/VT_Bootstrap/SaleKeyboard/input_cardName'

2024-07-12 22:04:38 - [MESSAGE][PASSED] - All options with value 'RETL' are selected in object 'Object Repository/AdminSuiteBootstrap_Pages/VT_Bootstrap/SaleKeyboard/select_transactionCategory'  using regular expression

2024-07-12 22:04:39 - [MESSAGE][PASSED] - Execute JavaScript 'arguments[0].value ='4012000098765439' ' successfully

2024-07-12 22:04:39 - [MESSAGE][PASSED] - Execute JavaScript 'arguments[0].value ='123' ' successfully

2024-07-12 22:04:40 - [MESSAGE][PASSED] - All options with value '12' are selected in object 'Object Repository/AdminSuiteBootstrap_Pages/VT_Bootstrap/SaleKeyboard/select_MM'  using regular expression

2024-07-12 22:04:42 - [MESSAGE][PASSED] - All options with value '2025' are selected in object 'Object Repository/AdminSuiteBootstrap_Pages/VT_Bootstrap/SaleKeyboard/select_YYYY'  using regular expression

2024-07-12 22:04:42 - [MESSAGE][PASSED] - Text '36 Cornor Road' is set on object 'Object Repository/AdminSuiteBootstrap_Pages/VT_Bootstrap/SaleKeyboard/input__address'

2024-07-12 22:04:43 - [MESSAGE][PASSED] - Text 'Suite 500' is set on object 'Object Repository/AdminSuiteBootstrap_Pages/VT_Bootstrap/SaleKeyboard/input__address2'

2024-07-12 22:04:44 - [MESSAGE][PASSED] - Text '22201' is set on object 'Object Repository/AdminSuiteBootstrap_Pages/VT_Bootstrap/SaleKeyboard/input__zip'

2024-07-12 22:04:44 - [MESSAGE][PASSED] - Text '' is set on object 'Object Repository/AdminSuiteBootstrap_Pages/VT_Bootstrap/SaleKeyboard/input_emailAddress'

2024-07-12 22:04:46 - [MESSAGE][PASSED] - Text '' is set on object 'Object Repository/AdminSuiteBootstrap_Pages/VT_Bootstrap/SaleKeyboard/input_smsNumber'

2024-07-12 22:04:47 - [MESSAGE][PASSED] - Text '10.50' is set on object 'Object Repository/AdminSuiteBootstrap_Pages/VT_Bootstrap/SaleKeyboard/input_amount'

2024-07-12 22:04:48 - [MESSAGE][PASSED] - Text 'Australia' is set on object 'Object Repository/AdminSuiteBootstrap_Pages/VT_Bootstrap/SaleKeyboard/input_userDefined1'

2024-07-12 22:04:48 - [MESSAGE][PASSED] - Text 'Denmark' is set on object 'Object Repository/AdminSuiteBootstrap_Pages/VT_Bootstrap/SaleKeyboard/input_userDefined2'

2024-07-12 22:04:49 - [MESSAGE][PASSED] - Text 'Sweden' is set on object 'Object Repository/AdminSuiteBootstrap_Pages/VT_Bootstrap/SaleKeyboard/input_userDefined3'

2024-07-12 22:04:50 - [MESSAGE][PASSED] - Text 'Austria' is set on object 'Object Repository/AdminSuiteBootstrap_Pages/VT_Bootstrap/SaleKeyboard/input_userDefined4'

2024-07-12 22:04:51 - [MESSAGE][PASSED] - All options with label 'Orange' are selected in object 'Object Repository/AdminSuiteBootstrap_Pages/VT_Bootstrap/SaleKeyboard/select_UDF5_DropDown'  using regular expression

2024-07-12 22:04:52 - [MESSAGE][PASSED] - All options with label 'Yellow' are selected in object 'Object Repository/AdminSuiteBootstrap_Pages/VT_Bootstrap/SaleKeyboard/select_UDF6_DropDown'  using regular expression

2024-07-12 22:04:52 - [MESSAGE][PASSED] - Text 'Norway' is set on object 'Object Repository/AdminSuiteBootstrap_Pages/VT_Bootstrap/SaleKeyboard/input_userDefined7'

2024-07-12 22:04:53 - [MESSAGE][PASSED] - Text 'Netherlands' is set on object 'Object Repository/AdminSuiteBootstrap_Pages/VT_Bootstrap/SaleKeyboard/input_userDefined8'

2024-07-12 22:04:54 - [MESSAGE][PASSED] - Text 'Switzerland' is set on object 'Object Repository/AdminSuiteBootstrap_Pages/VT_Bootstrap/SaleKeyboard/input_userDefined9'

2024-07-12 22:04:55 - [MESSAGE][PASSED] - Text 'France' is set on object 'Object Repository/AdminSuiteBootstrap_Pages/VT_Bootstrap/SaleKeyboard/input_userDefined10'

2024-07-12 22:04:56 - [MESSAGE][PASSED] - Object: 'Object Repository/AdminSuiteBootstrap_Pages/VT_Bootstrap/SaleKeyboard/button_Submit' is clicked on

2024-07-12 22:04:56 - [MESSAGE][PASSED] - adminSuiteBootstrap.virtualTerminalSetData.saleKeyboard_DataDriven is PASSED

2024-07-12 22:04:56 - [TEST_STEP][PASSED] - verifyTextPresent("Transaction Successful", true): Text 'Transaction Successful' is present on page  using regular expression

2024-07-12 22:04:57 - [MESSAGE][PASSED] - Text 'Transaction Successful' is present on page  using regular expression

2024-07-12 22:04:57 - [TEST_STEP][PASSED] - verifyElementVisible(findTestObject("Object Repository/AdminSuiteBootstrap_Pages/VT_Bootstrap/Receipt/button_Continue")): Object 'Object Repository/AdminSuiteBootstrap_Pages/VT_Bootstrap/Receipt/button_Continue' is visible

2024-07-12 22:04:57 - [MESSAGE][PASSED] - Object 'Object Repository/AdminSuiteBootstrap_Pages/VT_Bootstrap/Receipt/button_Continue' is visible

2024-07-12 22:04:57 - [TEST_STEP][PASSED] - verifyElementPresent(findTestObject("Object Repository/AdminSuiteBootstrap_Pages/VT_Bootstrap/Receipt/button_Continue"), 20): Object 'Object Repository/AdminSuiteBootstrap_Pages/VT_Bootstrap/Receipt/button_Continue' is present

2024-07-12 22:04:58 - [MESSAGE][PASSED] - Object 'Object Repository/AdminSuiteBootstrap_Pages/VT_Bootstrap/Receipt/button_Continue' is present

2024-07-12 22:04:58 - [TEST_STEP][PASSED] - verifyElementVisible(findTestObject("Object Repository/AdminSuiteBootstrap_Pages/VT_Bootstrap/Receipt/button_Print")): Object 'Object Repository/AdminSuiteBootstrap_Pages/VT_Bootstrap/Receipt/button_Print' is visible

2024-07-12 22:04:58 - [MESSAGE][PASSED] - Object 'Object Repository/AdminSuiteBootstrap_Pages/VT_Bootstrap/Receipt/button_Print' is visible

2024-07-12 22:04:58 - [TEST_STEP][PASSED] - verifyElementPresent(findTestObject("Object Repository/AdminSuiteBootstrap_Pages/VT_Bootstrap/Receipt/button_Print"), 20): Object 'Object Repository/AdminSuiteBootstrap_Pages/VT_Bootstrap/Receipt/button_Print' is present

2024-07-12 22:04:58 - [MESSAGE][PASSED] - Object 'Object Repository/AdminSuiteBootstrap_Pages/VT_Bootstrap/Receipt/button_Print' is present

2024-07-12 22:04:58 - [TEST_STEP][PASSED] - verifyTextPresent("Remittance ID", true): Text 'Remittance ID' is present on page  using regular expression

2024-07-12 22:04:59 - [MESSAGE][PASSED] - Text 'Remittance ID' is present on page  using regular expression

2024-07-12 22:04:59 - [TEST_STEP][PASSED] - verifyTextPresent("Received", true): Text 'Received' is present on page  using regular expression

2024-07-12 22:04:59 - [MESSAGE][PASSED] - Text 'Received' is present on page  using regular expression

2024-07-12 22:04:59 - [TEST_STEP][PASSED] - verifyTextPresent("UDF1", true): Text 'UDF1' is present on page  using regular expression

2024-07-12 22:04:59 - [MESSAGE][PASSED] - Text 'UDF1' is present on page  using regular expression

2024-07-12 22:04:59 - [TEST_STEP][PASSED] - verifyTextPresent("UDF2", true): Text 'UDF2' is present on page  using regular expression

2024-07-12 22:05:00 - [MESSAGE][PASSED] - Text 'UDF2' is present on page  using regular expression

2024-07-12 22:05:00 - [TEST_STEP][PASSED] - verifyTextPresent("UDF3", true): Text 'UDF3' is present on page  using regular expression

2024-07-12 22:05:00 - [MESSAGE][PASSED] - Text 'UDF3' is present on page  using regular expression

2024-07-12 22:05:00 - [TEST_STEP][PASSED] - verifyTextPresent("UDF4", true): Text 'UDF4' is present on page  using regular expression

2024-07-12 22:05:00 - [MESSAGE][PASSED] - Text 'UDF4' is present on page  using regular expression

2024-07-12 22:05:00 - [TEST_STEP][PASSED] - verifyTextPresent("UDF5", true): Text 'UDF5' is present on page  using regular expression

2024-07-12 22:05:01 - [MESSAGE][PASSED] - Text 'UDF5' is present on page  using regular expression

2024-07-12 22:05:01 - [TEST_STEP][PASSED] - verifyTextPresent("UDF6", true): Text 'UDF6' is present on page  using regular expression

2024-07-12 22:05:01 - [MESSAGE][PASSED] - Text 'UDF6' is present on page  using regular expression

2024-07-12 22:05:01 - [TEST_STEP][PASSED] - verifyTextPresent("UDF7", true): Text 'UDF7' is present on page  using regular expression

2024-07-12 22:05:01 - [MESSAGE][PASSED] - Text 'UDF7' is present on page  using regular expression

2024-07-12 22:05:01 - [TEST_STEP][PASSED] - verifyTextPresent("UDF8", true): Text 'UDF8' is present on page  using regular expression

2024-07-12 22:05:02 - [MESSAGE][PASSED] - Text 'UDF8' is present on page  using regular expression

2024-07-12 22:05:02 - [TEST_STEP][PASSED] - verifyTextPresent("UDF9", true): Text 'UDF9' is present on page  using regular expression

2024-07-12 22:05:02 - [MESSAGE][PASSED] - Text 'UDF9' is present on page  using regular expression

2024-07-12 22:05:02 - [TEST_STEP][PASSED] - verifyTextPresent("UDF 10", true): Text 'UDF 10' is present on page  using regular expression

2024-07-12 22:05:02 - [MESSAGE][PASSED] - Text 'UDF 10' is present on page  using regular expression

2024-07-12 22:05:02 - [TEST_STEP][PASSED] - verifyTextPresent("Australia", true): Text 'Australia' is present on page  using regular expression

2024-07-12 22:05:03 - [MESSAGE][PASSED] - Text 'Australia' is present on page  using regular expression

2024-07-12 22:05:03 - [TEST_STEP][PASSED] - verifyTextPresent("Denmark", true): Text 'Denmark' is present on page  using regular expression

2024-07-12 22:05:03 - [MESSAGE][PASSED] - Text 'Denmark' is present on page  using regular expression

2024-07-12 22:05:03 - [TEST_STEP][PASSED] - verifyTextPresent("Sweden", true): Text 'Sweden' is present on page  using regular expression

2024-07-12 22:05:03 - [MESSAGE][PASSED] - Text 'Sweden' is present on page  using regular expression

2024-07-12 22:05:03 - [TEST_STEP][PASSED] - verifyTextPresent("Austria", true): Text 'Austria' is present on page  using regular expression

2024-07-12 22:05:04 - [MESSAGE][PASSED] - Text 'Austria' is present on page  using regular expression

2024-07-12 22:05:04 - [TEST_STEP][PASSED] - verifyTextPresent("Orange Recorded", true): Text 'Orange Recorded' is present on page  using regular expression

2024-07-12 22:05:04 - [MESSAGE][PASSED] - Text 'Orange Recorded' is present on page  using regular expression

2024-07-12 22:05:04 - [TEST_STEP][PASSED] - verifyTextPresent("Yellow Recorded", true): Text 'Yellow Recorded' is present on page  using regular expression

2024-07-12 22:05:04 - [MESSAGE][PASSED] - Text 'Yellow Recorded' is present on page  using regular expression

2024-07-12 22:05:04 - [TEST_STEP][PASSED] - verifyTextPresent("Norway", true): Text 'Norway' is present on page  using regular expression

2024-07-12 22:05:05 - [MESSAGE][PASSED] - Text 'Norway' is present on page  using regular expression

2024-07-12 22:05:05 - [TEST_STEP][PASSED] - verifyTextPresent("Netherlands", true): Text 'Netherlands' is present on page  using regular expression

2024-07-12 22:05:05 - [MESSAGE][PASSED] - Text 'Netherlands' is present on page  using regular expression

2024-07-12 22:05:05 - [TEST_STEP][PASSED] - verifyTextPresent("Switzerland", true): Text 'Switzerland' is present on page  using regular expression

2024-07-12 22:05:05 - [MESSAGE][PASSED] - Text 'Switzerland' is present on page  using regular expression

2024-07-12 22:05:05 - [TEST_STEP][PASSED] - verifyTextPresent("France", true): Text 'France' is present on page  using regular expression

2024-07-12 22:05:06 - [MESSAGE][PASSED] - Text 'France' is present on page  using regular expression

2024-07-12 22:05:06 - [TEST_STEP][PASSED] - verifyTextPresent("Amount", true): Text 'Amount' is present on page  using regular expression

2024-07-12 22:05:06 - [MESSAGE][PASSED] - Text 'Amount' is present on page  using regular expression

2024-07-12 22:05:06 - [TEST_STEP][PASSED] - verifyTextPresent("Service Fee", true): Text 'Service Fee' is present on page  using regular expression

2024-07-12 22:05:06 - [MESSAGE][PASSED] - Text 'Service Fee' is present on page  using regular expression

2024-07-12 22:05:06 - [TEST_STEP][PASSED] - verifyTextPresent("Service Fee Type", true): Text 'Service Fee Type' is present on page  using regular expression

2024-07-12 22:05:07 - [MESSAGE][PASSED] - Text 'Service Fee Type' is present on page  using regular expression

2024-07-12 22:05:07 - [TEST_STEP][PASSED] - verifyTextPresent("Total Amount", true): Text 'Total Amount' is present on page  using regular expression

2024-07-12 22:05:07 - [MESSAGE][PASSED] - Text 'Total Amount' is present on page  using regular expression

2024-07-12 22:05:07 - [TEST_STEP][PASSED] - verifyTextPresent("Transaction Type", true): Text 'Transaction Type' is present on page  using regular expression

2024-07-12 22:05:07 - [MESSAGE][PASSED] - Text 'Transaction Type' is present on page  using regular expression

2024-07-12 22:05:07 - [TEST_STEP][PASSED] - verifyTextPresent("10.50", true): Text '10.50' is present on page  using regular expression

2024-07-12 22:05:08 - [MESSAGE][PASSED] - Text '10.50' is present on page  using regular expression

2024-07-12 22:05:08 - [TEST_STEP][PASSED] - verifyTextPresent("5.00", true): Text '5.00' is present on page  using regular expression

2024-07-12 22:05:08 - [MESSAGE][PASSED] - Text '5.00' is present on page  using regular expression

2024-07-12 22:05:08 - [TEST_STEP][PASSED] - verifyTextPresent("Dual Transaction", true): Text 'Dual Transaction' is present on page  using regular expression

2024-07-12 22:05:08 - [MESSAGE][PASSED] - Text 'Dual Transaction' is present on page  using regular expression

2024-07-12 22:05:08 - [TEST_STEP][PASSED] - verifyTextPresent("15.50", true): Text '15.50' is present on page  using regular expression

2024-07-12 22:05:09 - [MESSAGE][PASSED] - Text '15.50' is present on page  using regular expression

2024-07-12 22:05:09 - [TEST_STEP][PASSED] - verifyTextPresent("Authorization", true): Text 'Authorization' is present on page  using regular expression

2024-07-12 22:05:09 - [MESSAGE][PASSED] - Text 'Authorization' is present on page  using regular expression

2024-07-12 22:05:09 - [TEST_STEP][PASSED] - verifyTextPresent("Card Information", true): Text 'Card Information' is present on page  using regular expression

2024-07-12 22:05:09 - [MESSAGE][PASSED] - Text 'Card Information' is present on page  using regular expression

2024-07-12 22:05:09 - [TEST_STEP][PASSED] - cardNameV = findTestData(dataFile).getValue("CardNameV", row): null

2024-07-12 22:05:09 - [TEST_STEP][PASSED] - al1V = findTestData(dataFile).getValue("AL1", row): null

2024-07-12 22:05:10 - [TEST_STEP][PASSED] - al2V = findTestData(dataFile).getValue("AL2", row): null

2024-07-12 22:05:10 - [TEST_STEP][PASSED] - zipV = findTestData(dataFile).getValue("ZIP", row): null

2024-07-12 22:05:10 - [TEST_STEP][PASSED] - cardTypeV = findTestData(dataFile).getValue("CardType", row): null

2024-07-12 22:05:10 - [TEST_STEP][PASSED] - last4V = findTestData(dataFile).getValue("Last4", row): null

2024-07-12 22:05:10 - [TEST_STEP][PASSED] - verifyTextPresent(cardNameV, true): Text 'TULSI RAMAN' is present on page  using regular expression

2024-07-12 22:05:10 - [MESSAGE][PASSED] - Text 'TULSI RAMAN' is present on page  using regular expression

2024-07-12 22:05:10 - [TEST_STEP][PASSED] - verifyTextPresent("Address Line 1", true): Text 'Address Line 1' is present on page  using regular expression

2024-07-12 22:05:11 - [MESSAGE][PASSED] - Text 'Address Line 1' is present on page  using regular expression

2024-07-12 22:05:11 - [TEST_STEP][PASSED] - verifyTextPresent("Address Line 2", true): Text 'Address Line 2' is present on page  using regular expression

2024-07-12 22:05:11 - [MESSAGE][PASSED] - Text 'Address Line 2' is present on page  using regular expression

2024-07-12 22:05:11 - [TEST_STEP][PASSED] - verifyTextPresent("Country", true): Text 'Country' is present on page  using regular expression

2024-07-12 22:05:11 - [MESSAGE][PASSED] - Text 'Country' is present on page  using regular expression

2024-07-12 22:05:11 - [TEST_STEP][PASSED] - verifyTextPresent("City", true): Text 'City' is present on page  using regular expression

2024-07-12 22:05:12 - [MESSAGE][PASSED] - Text 'City' is present on page  using regular expression

2024-07-12 22:05:12 - [TEST_STEP][PASSED] - verifyTextPresent("State", true): Text 'State' is present on page  using regular expression

2024-07-12 22:05:12 - [MESSAGE][PASSED] - Text 'State' is present on page  using regular expression

2024-07-12 22:05:12 - [TEST_STEP][PASSED] - verifyTextPresent("ZIP Code", true): Text 'ZIP Code' is present on page  using regular expression

2024-07-12 22:05:12 - [MESSAGE][PASSED] - Text 'ZIP Code' is present on page  using regular expression

2024-07-12 22:05:12 - [TEST_STEP][PASSED] - verifyTextPresent(al1V, true): Text '36 Cornor Road' is present on page  using regular expression

2024-07-12 22:05:13 - [MESSAGE][PASSED] - Text '36 Cornor Road' is present on page  using regular expression

2024-07-12 22:05:13 - [TEST_STEP][PASSED] - verifyTextPresent(al2V, true): Text 'Suite 500' is present on page  using regular expression

2024-07-12 22:05:13 - [MESSAGE][PASSED] - Text 'Suite 500' is present on page  using regular expression

2024-07-12 22:05:13 - [TEST_STEP][PASSED] - verifyTextPresent("United States", true): Text 'United States' is present on page  using regular expression

2024-07-12 22:05:13 - [MESSAGE][PASSED] - Text 'United States' is present on page  using regular expression

2024-07-12 22:05:13 - [TEST_STEP][PASSED] - verifyTextPresent("ARLINGTON", true): Text 'ARLINGTON' is present on page  using regular expression

2024-07-12 22:05:14 - [MESSAGE][PASSED] - Text 'ARLINGTON' is present on page  using regular expression

2024-07-12 22:05:14 - [TEST_STEP][PASSED] - verifyTextPresent("Virginia", true): Text 'Virginia' is present on page  using regular expression

2024-07-12 22:05:14 - [MESSAGE][PASSED] - Text 'Virginia' is present on page  using regular expression

2024-07-12 22:05:14 - [TEST_STEP][PASSED] - verifyTextPresent(zipV, true): Text '22201' is present on page  using regular expression

2024-07-12 22:05:14 - [MESSAGE][PASSED] - Text '22201' is present on page  using regular expression

2024-07-12 22:05:14 - [TEST_STEP][PASSED] - verifyTextPresent(cardTypeV, true): Text 'Visa' is present on page  using regular expression

2024-07-12 22:05:15 - [MESSAGE][PASSED] - Text 'Visa' is present on page  using regular expression

2024-07-12 22:05:15 - [TEST_STEP][PASSED] - verifyTextPresent(last4V, true): Text '5439' is present on page  using regular expression

2024-07-12 22:05:15 - [MESSAGE][PASSED] - Text '5439' is present on page  using regular expression

2024-07-12 22:05:15 - [TEST_STEP][PASSED] - closeBrowser(): Browser is closed

2024-07-12 22:05:16 - [MESSAGE][PASSED] - Browser is closed

2024-07-12 22:05:16 - [TEST_STEP][PASSED] - ExecuteTC = findTestData(dataFile).getValue("Execute", row): null

2024-07-12 22:05:16 - [TEST_STEP][PASSED] - out.println("Value of Execute is : " + ExecuteTC): null

2024-07-12 22:05:16 - [TEST_STEP][PASSED] - switch (executionProfile): null

2024-07-12 22:05:16 - [TEST_STEP][PASSED] - case "QA2Profile":: null

2024-07-12 22:05:16 - [TEST_STEP][PASSED] - appName = findTestData(dataFile).getValue("AppNameQA", row): null

2024-07-12 22:05:16 - [TEST_STEP][PASSED] - appID = findTestData(dataFile).getValue("AppIDQA", row): null

2024-07-12 22:05:17 - [TEST_STEP][PASSED] - break: null

2024-07-12 22:05:17 - [TEST_STEP][PASSED] - hrefAppID = li_1 + appID + li_2: null

2024-07-12 22:05:17 - [TEST_STEP][PASSED] - hrefApp = li_1 + appID + "/": null

2024-07-12 22:05:17 - [TEST_STEP][PASSED] - println("hrefApp : " + hrefApp): null

2024-07-12 22:05:17 - [TEST_STEP][PASSED] - if (ExecuteTC.equalsIgnoreCase("Y")): Browser is closed

2024-07-12 22:05:17 - [TEST_STEP][PASSED] - out.println("Begin Record Number: " + row): null

2024-07-12 22:05:17 - [TEST_STEP][PASSED] - today = new java.util.Date(): null

2024-07-12 22:05:17 - [TEST_STEP][PASSED] - println(today): null

2024-07-12 22:05:17 - [TEST_STEP][PASSED] - datText = today: null

2024-07-12 22:05:17 - [TEST_STEP][PASSED] - adminSuiteBootstrap.loginFunctionality.login_AdminSuite(): adminSuiteBootstrap.loginFunctionality.login_AdminSuite is PASSED

2024-07-12 22:05:17 - [MESSAGE][INFO] - Starting 'Chrome' driver

2024-07-12 22:05:17 - [MESSAGE][INFO] - User set preference: ['acceptInsecureCerts', 'true']

2024-07-12 22:05:17 - [MESSAGE][INFO] - Action delay is set to 0 milliseconds

2024-07-12 22:05:20 - [MESSAGE][PASSED] - Browser is opened with url: 'https://qa2.velocitypayment.com/admin/imtiaz'

2024-07-12 22:05:20 - [MESSAGE][PASSED] - Current window maximized

2024-07-12 22:05:20 - [MESSAGE][PASSED] - Object 'Object Repository/Login_Page/Login_Username_Okta' is present

2024-07-12 22:05:21 - [MESSAGE][PASSED] - Text 'iahmed' is set on object 'Object Repository/Login_Page/Login_Username_Okta'

2024-07-12 22:05:22 - [MESSAGE][PASSED] - Text 'Hello!6666666' is set on object 'Object Repository/Login_Page/Login_Password_Okta'

2024-07-12 22:05:23 - [MESSAGE][PASSED] - Object: 'Object Repository/Login_Page/Login_Submit_Okta' is clicked on

2024-07-12 22:05:23 - [MESSAGE][PASSED] - adminSuiteBootstrap.loginFunctionality.login_AdminSuite is PASSED

2024-07-12 22:05:23 - [TEST_STEP][PASSED] - click(findTestObject(path_Dashboard + appName)): Object: 'Object Repository/AdminSuiteBootstrap_Pages/Dashboard_Bootstrap/a_Access AutoDualCFtpQA' is clicked on

2024-07-12 22:05:31 - [MESSAGE][PASSED] - Object: 'Object Repository/AdminSuiteBootstrap_Pages/Dashboard_Bootstrap/a_Access AutoDualCFtpQA' is clicked on

2024-07-12 22:05:31 - [TEST_STEP][PASSED] - click(findTestObject(path_VT + "button_Authorization Only")): Object: 'Object Repository/AdminSuiteBootstrap_Pages/VT_Bootstrap/IssueTransactions/button_Authorization Only' is clicked on

2024-07-12 22:05:32 - [MESSAGE][PASSED] - Object: 'Object Repository/AdminSuiteBootstrap_Pages/VT_Bootstrap/IssueTransactions/button_Authorization Only' is clicked on

2024-07-12 22:05:32 - [TEST_STEP][PASSED] - authOnlyKeyboardEntryLink = modifyObjectProperty(findTestObject(path_VT + "a_KeyboardEntry_Sale"), "href", "equals", hrefAppID, true): Modify property of object successfully

2024-07-12 22:05:32 - [MESSAGE][PASSED] - Modify property of object successfully

2024-07-12 22:05:32 - [TEST_STEP][PASSED] - click(authOnlyKeyboardEntryLink): Object: 'Object Repository/AdminSuiteBootstrap_Pages/VT_Bootstrap/IssueTransactions/a_KeyboardEntry_Sale' is clicked on

2024-07-12 22:05:33 - [MESSAGE][PASSED] - Object: 'Object Repository/AdminSuiteBootstrap_Pages/VT_Bootstrap/IssueTransactions/a_KeyboardEntry_Sale' is clicked on

2024-07-12 22:05:33 - [TEST_STEP][PASSED] - adminSuiteBootstrap.virtualTerminalSetData.saleKeyboard_DataDriven(row, dataFile): adminSuiteBootstrap.virtualTerminalSetData.saleKeyboard_DataDriven is PASSED

2024-07-12 22:05:36 - [MESSAGE][PASSED] - Text 'Tulsi Raman' is set on object 'Object Repository/AdminSuiteBootstrap_Pages/VT_Bootstrap/SaleKeyboard/input_cardName'

2024-07-12 22:05:37 - [MESSAGE][PASSED] - All options with value 'RETL' are selected in object 'Object Repository/AdminSuiteBootstrap_Pages/VT_Bootstrap/SaleKeyboard/select_transactionCategory'  using regular expression

2024-07-12 22:05:37 - [MESSAGE][PASSED] - Execute JavaScript 'arguments[0].value ='5146312200000035' ' successfully

2024-07-12 22:05:38 - [MESSAGE][PASSED] - Execute JavaScript 'arguments[0].value ='123' ' successfully

2024-07-12 22:05:39 - [MESSAGE][PASSED] - All options with value '12' are selected in object 'Object Repository/AdminSuiteBootstrap_Pages/VT_Bootstrap/SaleKeyboard/select_MM'  using regular expression

2024-07-12 22:05:40 - [MESSAGE][PASSED] - All options with value '2025' are selected in object 'Object Repository/AdminSuiteBootstrap_Pages/VT_Bootstrap/SaleKeyboard/select_YYYY'  using regular expression

2024-07-12 22:05:41 - [MESSAGE][PASSED] - Text '1478 Jhatka Palace' is set on object 'Object Repository/AdminSuiteBootstrap_Pages/VT_Bootstrap/SaleKeyboard/input__address'

2024-07-12 22:05:41 - [MESSAGE][PASSED] - Text 'Suite 500' is set on object 'Object Repository/AdminSuiteBootstrap_Pages/VT_Bootstrap/SaleKeyboard/input__address2'

2024-07-12 22:05:42 - [MESSAGE][PASSED] - Text '22201' is set on object 'Object Repository/AdminSuiteBootstrap_Pages/VT_Bootstrap/SaleKeyboard/input__zip'

2024-07-12 22:05:43 - [MESSAGE][PASSED] - Text '' is set on object 'Object Repository/AdminSuiteBootstrap_Pages/VT_Bootstrap/SaleKeyboard/input_emailAddress'

2024-07-12 22:05:44 - [MESSAGE][PASSED] - Text '' is set on object 'Object Repository/AdminSuiteBootstrap_Pages/VT_Bootstrap/SaleKeyboard/input_smsNumber'

2024-07-12 22:05:45 - [MESSAGE][PASSED] - Text '10.50' is set on object 'Object Repository/AdminSuiteBootstrap_Pages/VT_Bootstrap/SaleKeyboard/input_amount'

2024-07-12 22:05:46 - [MESSAGE][PASSED] - Text 'Australia' is set on object 'Object Repository/AdminSuiteBootstrap_Pages/VT_Bootstrap/SaleKeyboard/input_userDefined1'

2024-07-12 22:05:47 - [MESSAGE][PASSED] - Text 'Denmark' is set on object 'Object Repository/AdminSuiteBootstrap_Pages/VT_Bootstrap/SaleKeyboard/input_userDefined2'

2024-07-12 22:05:48 - [MESSAGE][PASSED] - Text 'Sweden' is set on object 'Object Repository/AdminSuiteBootstrap_Pages/VT_Bootstrap/SaleKeyboard/input_userDefined3'

2024-07-12 22:05:48 - [MESSAGE][PASSED] - Text 'Austria' is set on object 'Object Repository/AdminSuiteBootstrap_Pages/VT_Bootstrap/SaleKeyboard/input_userDefined4'

2024-07-12 22:05:49 - [MESSAGE][PASSED] - All options with label 'Orange' are selected in object 'Object Repository/AdminSuiteBootstrap_Pages/VT_Bootstrap/SaleKeyboard/select_UDF5_DropDown'  using regular expression

2024-07-12 22:05:50 - [MESSAGE][PASSED] - All options with label 'Yellow' are selected in object 'Object Repository/AdminSuiteBootstrap_Pages/VT_Bootstrap/SaleKeyboard/select_UDF6_DropDown'  using regular expression

2024-07-12 22:05:51 - [MESSAGE][PASSED] - Text 'Norway' is set on object 'Object Repository/AdminSuiteBootstrap_Pages/VT_Bootstrap/SaleKeyboard/input_userDefined7'

2024-07-12 22:05:52 - [MESSAGE][PASSED] - Text 'Netherlands' is set on object 'Object Repository/AdminSuiteBootstrap_Pages/VT_Bootstrap/SaleKeyboard/input_userDefined8'

2024-07-12 22:05:52 - [MESSAGE][PASSED] - Text 'Switzerland' is set on object 'Object Repository/AdminSuiteBootstrap_Pages/VT_Bootstrap/SaleKeyboard/input_userDefined9'

2024-07-12 22:05:53 - [MESSAGE][PASSED] - Text 'France' is set on object 'Object Repository/AdminSuiteBootstrap_Pages/VT_Bootstrap/SaleKeyboard/input_userDefined10'

2024-07-12 22:05:55 - [MESSAGE][PASSED] - Object: 'Object Repository/AdminSuiteBootstrap_Pages/VT_Bootstrap/SaleKeyboard/button_Submit' is clicked on

2024-07-12 22:05:55 - [MESSAGE][PASSED] - adminSuiteBootstrap.virtualTerminalSetData.saleKeyboard_DataDriven is PASSED

2024-07-12 22:05:55 - [TEST_STEP][PASSED] - verifyTextPresent("Transaction Successful", true): Text 'Transaction Successful' is present on page  using regular expression

2024-07-12 22:05:55 - [MESSAGE][PASSED] - Text 'Transaction Successful' is present on page  using regular expression

2024-07-12 22:05:55 - [TEST_STEP][PASSED] - verifyElementVisible(findTestObject("Object Repository/AdminSuiteBootstrap_Pages/VT_Bootstrap/Receipt/button_Continue")): Object 'Object Repository/AdminSuiteBootstrap_Pages/VT_Bootstrap/Receipt/button_Continue' is visible

2024-07-12 22:05:56 - [MESSAGE][PASSED] - Object 'Object Repository/AdminSuiteBootstrap_Pages/VT_Bootstrap/Receipt/button_Continue' is visible

2024-07-12 22:05:56 - [TEST_STEP][PASSED] - verifyElementPresent(findTestObject("Object Repository/AdminSuiteBootstrap_Pages/VT_Bootstrap/Receipt/button_Continue"), 20): Object 'Object Repository/AdminSuiteBootstrap_Pages/VT_Bootstrap/Receipt/button_Continue' is present

2024-07-12 22:05:56 - [MESSAGE][PASSED] - Object 'Object Repository/AdminSuiteBootstrap_Pages/VT_Bootstrap/Receipt/button_Continue' is present

2024-07-12 22:05:56 - [TEST_STEP][PASSED] - verifyElementVisible(findTestObject("Object Repository/AdminSuiteBootstrap_Pages/VT_Bootstrap/Receipt/button_Print")): Object 'Object Repository/AdminSuiteBootstrap_Pages/VT_Bootstrap/Receipt/button_Print' is visible

2024-07-12 22:05:56 - [MESSAGE][PASSED] - Object 'Object Repository/AdminSuiteBootstrap_Pages/VT_Bootstrap/Receipt/button_Print' is visible

2024-07-12 22:05:56 - [TEST_STEP][PASSED] - verifyElementPresent(findTestObject("Object Repository/AdminSuiteBootstrap_Pages/VT_Bootstrap/Receipt/button_Print"), 20): Object 'Object Repository/AdminSuiteBootstrap_Pages/VT_Bootstrap/Receipt/button_Print' is present

2024-07-12 22:05:57 - [MESSAGE][PASSED] - Object 'Object Repository/AdminSuiteBootstrap_Pages/VT_Bootstrap/Receipt/button_Print' is present

2024-07-12 22:05:57 - [TEST_STEP][PASSED] - verifyTextPresent("Remittance ID", true): Text 'Remittance ID' is present on page  using regular expression

2024-07-12 22:05:57 - [MESSAGE][PASSED] - Text 'Remittance ID' is present on page  using regular expression

2024-07-12 22:05:57 - [TEST_STEP][PASSED] - verifyTextPresent("Received", true): Text 'Received' is present on page  using regular expression

2024-07-12 22:05:57 - [MESSAGE][PASSED] - Text 'Received' is present on page  using regular expression

2024-07-12 22:05:57 - [TEST_STEP][PASSED] - verifyTextPresent("UDF1", true): Text 'UDF1' is present on page  using regular expression

2024-07-12 22:05:58 - [MESSAGE][PASSED] - Text 'UDF1' is present on page  using regular expression

2024-07-12 22:05:58 - [TEST_STEP][PASSED] - verifyTextPresent("UDF2", true): Text 'UDF2' is present on page  using regular expression

2024-07-12 22:05:58 - [MESSAGE][PASSED] - Text 'UDF2' is present on page  using regular expression

2024-07-12 22:05:58 - [TEST_STEP][PASSED] - verifyTextPresent("UDF3", true): Text 'UDF3' is present on page  using regular expression

2024-07-12 22:05:58 - [MESSAGE][PASSED] - Text 'UDF3' is present on page  using regular expression

2024-07-12 22:05:58 - [TEST_STEP][PASSED] - verifyTextPresent("UDF4", true): Text 'UDF4' is present on page  using regular expression

2024-07-12 22:05:59 - [MESSAGE][PASSED] - Text 'UDF4' is present on page  using regular expression

2024-07-12 22:05:59 - [TEST_STEP][PASSED] - verifyTextPresent("UDF5", true): Text 'UDF5' is present on page  using regular expression

2024-07-12 22:05:59 - [MESSAGE][PASSED] - Text 'UDF5' is present on page  using regular expression

2024-07-12 22:05:59 - [TEST_STEP][PASSED] - verifyTextPresent("UDF6", true): Text 'UDF6' is present on page  using regular expression

2024-07-12 22:05:59 - [MESSAGE][PASSED] - Text 'UDF6' is present on page  using regular expression

2024-07-12 22:05:59 - [TEST_STEP][PASSED] - verifyTextPresent("UDF7", true): Text 'UDF7' is present on page  using regular expression

2024-07-12 22:06:00 - [MESSAGE][PASSED] - Text 'UDF7' is present on page  using regular expression

2024-07-12 22:06:00 - [TEST_STEP][PASSED] - verifyTextPresent("UDF8", true): Text 'UDF8' is present on page  using regular expression

2024-07-12 22:06:00 - [MESSAGE][PASSED] - Text 'UDF8' is present on page  using regular expression

2024-07-12 22:06:00 - [TEST_STEP][PASSED] - verifyTextPresent("UDF9", true): Text 'UDF9' is present on page  using regular expression

2024-07-12 22:06:00 - [MESSAGE][PASSED] - Text 'UDF9' is present on page  using regular expression

2024-07-12 22:06:00 - [TEST_STEP][PASSED] - verifyTextPresent("UDF 10", true): Text 'UDF 10' is present on page  using regular expression

2024-07-12 22:06:01 - [MESSAGE][PASSED] - Text 'UDF 10' is present on page  using regular expression

2024-07-12 22:06:01 - [TEST_STEP][PASSED] - verifyTextPresent("Australia", true): Text 'Australia' is present on page  using regular expression

2024-07-12 22:06:01 - [MESSAGE][PASSED] - Text 'Australia' is present on page  using regular expression

2024-07-12 22:06:01 - [TEST_STEP][PASSED] - verifyTextPresent("Denmark", true): Text 'Denmark' is present on page  using regular expression

2024-07-12 22:06:01 - [MESSAGE][PASSED] - Text 'Denmark' is present on page  using regular expression

2024-07-12 22:06:01 - [TEST_STEP][PASSED] - verifyTextPresent("Sweden", true): Text 'Sweden' is present on page  using regular expression

2024-07-12 22:06:02 - [MESSAGE][PASSED] - Text 'Sweden' is present on page  using regular expression

2024-07-12 22:06:02 - [TEST_STEP][PASSED] - verifyTextPresent("Austria", true): Text 'Austria' is present on page  using regular expression

2024-07-12 22:06:02 - [MESSAGE][PASSED] - Text 'Austria' is present on page  using regular expression

2024-07-12 22:06:02 - [TEST_STEP][PASSED] - verifyTextPresent("Orange Recorded", true): Text 'Orange Recorded' is present on page  using regular expression

2024-07-12 22:06:02 - [MESSAGE][PASSED] - Text 'Orange Recorded' is present on page  using regular expression

2024-07-12 22:06:02 - [TEST_STEP][PASSED] - verifyTextPresent("Yellow Recorded", true): Text 'Yellow Recorded' is present on page  using regular expression

2024-07-12 22:06:03 - [MESSAGE][PASSED] - Text 'Yellow Recorded' is present on page  using regular expression

2024-07-12 22:06:03 - [TEST_STEP][PASSED] - verifyTextPresent("Norway", true): Text 'Norway' is present on page  using regular expression

2024-07-12 22:06:03 - [MESSAGE][PASSED] - Text 'Norway' is present on page  using regular expression

2024-07-12 22:06:03 - [TEST_STEP][PASSED] - verifyTextPresent("Netherlands", true): Text 'Netherlands' is present on page  using regular expression

2024-07-12 22:06:03 - [MESSAGE][PASSED] - Text 'Netherlands' is present on page  using regular expression

2024-07-12 22:06:03 - [TEST_STEP][PASSED] - verifyTextPresent("Switzerland", true): Text 'Switzerland' is present on page  using regular expression

2024-07-12 22:06:04 - [MESSAGE][PASSED] - Text 'Switzerland' is present on page  using regular expression

2024-07-12 22:06:04 - [TEST_STEP][PASSED] - verifyTextPresent("France", true): Text 'France' is present on page  using regular expression

2024-07-12 22:06:04 - [MESSAGE][PASSED] - Text 'France' is present on page  using regular expression

2024-07-12 22:06:04 - [TEST_STEP][PASSED] - verifyTextPresent("Amount", true): Text 'Amount' is present on page  using regular expression

2024-07-12 22:06:04 - [MESSAGE][PASSED] - Text 'Amount' is present on page  using regular expression

2024-07-12 22:06:04 - [TEST_STEP][PASSED] - verifyTextPresent("Service Fee", true): Text 'Service Fee' is present on page  using regular expression

2024-07-12 22:06:05 - [MESSAGE][PASSED] - Text 'Service Fee' is present on page  using regular expression

2024-07-12 22:06:05 - [TEST_STEP][PASSED] - verifyTextPresent("Service Fee Type", true): Text 'Service Fee Type' is present on page  using regular expression

2024-07-12 22:06:05 - [MESSAGE][PASSED] - Text 'Service Fee Type' is present on page  using regular expression

2024-07-12 22:06:05 - [TEST_STEP][PASSED] - verifyTextPresent("Total Amount", true): Text 'Total Amount' is present on page  using regular expression

2024-07-12 22:06:05 - [MESSAGE][PASSED] - Text 'Total Amount' is present on page  using regular expression

2024-07-12 22:06:05 - [TEST_STEP][PASSED] - verifyTextPresent("Transaction Type", true): Text 'Transaction Type' is present on page  using regular expression

2024-07-12 22:06:06 - [MESSAGE][PASSED] - Text 'Transaction Type' is present on page  using regular expression

2024-07-12 22:06:06 - [TEST_STEP][PASSED] - verifyTextPresent("10.50", true): Text '10.50' is present on page  using regular expression

2024-07-12 22:06:06 - [MESSAGE][PASSED] - Text '10.50' is present on page  using regular expression

2024-07-12 22:06:06 - [TEST_STEP][PASSED] - verifyTextPresent("5.00", true): Text '5.00' is present on page  using regular expression

2024-07-12 22:06:06 - [MESSAGE][PASSED] - Text '5.00' is present on page  using regular expression

2024-07-12 22:06:06 - [TEST_STEP][PASSED] - verifyTextPresent("Dual Transaction", true): Text 'Dual Transaction' is present on page  using regular expression

2024-07-12 22:06:07 - [MESSAGE][PASSED] - Text 'Dual Transaction' is present on page  using regular expression

2024-07-12 22:06:07 - [TEST_STEP][PASSED] - verifyTextPresent("15.50", true): Text '15.50' is present on page  using regular expression

2024-07-12 22:06:07 - [MESSAGE][PASSED] - Text '15.50' is present on page  using regular expression

2024-07-12 22:06:07 - [TEST_STEP][PASSED] - verifyTextPresent("Authorization", true): Text 'Authorization' is present on page  using regular expression

2024-07-12 22:06:07 - [MESSAGE][PASSED] - Text 'Authorization' is present on page  using regular expression

2024-07-12 22:06:07 - [TEST_STEP][PASSED] - verifyTextPresent("Card Information", true): Text 'Card Information' is present on page  using regular expression

2024-07-12 22:06:08 - [MESSAGE][PASSED] - Text 'Card Information' is present on page  using regular expression

2024-07-12 22:06:08 - [TEST_STEP][PASSED] - cardNameV = findTestData(dataFile).getValue("CardNameV", row): null

2024-07-12 22:06:08 - [TEST_STEP][PASSED] - al1V = findTestData(dataFile).getValue("AL1", row): null

2024-07-12 22:06:08 - [TEST_STEP][PASSED] - al2V = findTestData(dataFile).getValue("AL2", row): null

2024-07-12 22:06:08 - [TEST_STEP][PASSED] - zipV = findTestData(dataFile).getValue("ZIP", row): null

2024-07-12 22:06:08 - [TEST_STEP][PASSED] - cardTypeV = findTestData(dataFile).getValue("CardType", row): null

2024-07-12 22:06:08 - [TEST_STEP][PASSED] - last4V = findTestData(dataFile).getValue("Last4", row): null

2024-07-12 22:06:08 - [TEST_STEP][PASSED] - verifyTextPresent(cardNameV, true): Text 'TULSI RAMAN' is present on page  using regular expression

2024-07-12 22:06:09 - [MESSAGE][PASSED] - Text 'TULSI RAMAN' is present on page  using regular expression

2024-07-12 22:06:09 - [TEST_STEP][PASSED] - verifyTextPresent("Address Line 1", true): Text 'Address Line 1' is present on page  using regular expression

2024-07-12 22:06:09 - [MESSAGE][PASSED] - Text 'Address Line 1' is present on page  using regular expression

2024-07-12 22:06:09 - [TEST_STEP][PASSED] - verifyTextPresent("Address Line 2", true): Text 'Address Line 2' is present on page  using regular expression

2024-07-12 22:06:09 - [MESSAGE][PASSED] - Text 'Address Line 2' is present on page  using regular expression

2024-07-12 22:06:09 - [TEST_STEP][PASSED] - verifyTextPresent("Country", true): Text 'Country' is present on page  using regular expression

2024-07-12 22:06:10 - [MESSAGE][PASSED] - Text 'Country' is present on page  using regular expression

2024-07-12 22:06:10 - [TEST_STEP][PASSED] - verifyTextPresent("City", true): Text 'City' is present on page  using regular expression

2024-07-12 22:06:10 - [MESSAGE][PASSED] - Text 'City' is present on page  using regular expression

2024-07-12 22:06:10 - [TEST_STEP][PASSED] - verifyTextPresent("State", true): Text 'State' is present on page  using regular expression

2024-07-12 22:06:10 - [MESSAGE][PASSED] - Text 'State' is present on page  using regular expression

2024-07-12 22:06:10 - [TEST_STEP][PASSED] - verifyTextPresent("ZIP Code", true): Text 'ZIP Code' is present on page  using regular expression

2024-07-12 22:06:11 - [MESSAGE][PASSED] - Text 'ZIP Code' is present on page  using regular expression

2024-07-12 22:06:11 - [TEST_STEP][PASSED] - verifyTextPresent(al1V, true): Text '1478 Jhatka Palace' is present on page  using regular expression

2024-07-12 22:06:11 - [MESSAGE][PASSED] - Text '1478 Jhatka Palace' is present on page  using regular expression

2024-07-12 22:06:11 - [TEST_STEP][PASSED] - verifyTextPresent(al2V, true): Text 'Suite 500' is present on page  using regular expression

2024-07-12 22:06:11 - [MESSAGE][PASSED] - Text 'Suite 500' is present on page  using regular expression

2024-07-12 22:06:11 - [TEST_STEP][PASSED] - verifyTextPresent("United States", true): Text 'United States' is present on page  using regular expression

2024-07-12 22:06:12 - [MESSAGE][PASSED] - Text 'United States' is present on page  using regular expression

2024-07-12 22:06:12 - [TEST_STEP][PASSED] - verifyTextPresent("ARLINGTON", true): Text 'ARLINGTON' is present on page  using regular expression

2024-07-12 22:06:12 - [MESSAGE][PASSED] - Text 'ARLINGTON' is present on page  using regular expression

2024-07-12 22:06:12 - [TEST_STEP][PASSED] - verifyTextPresent("Virginia", true): Text 'Virginia' is present on page  using regular expression

2024-07-12 22:06:12 - [MESSAGE][PASSED] - Text 'Virginia' is present on page  using regular expression

2024-07-12 22:06:12 - [TEST_STEP][PASSED] - verifyTextPresent(zipV, true): Text '22201' is present on page  using regular expression

2024-07-12 22:06:13 - [MESSAGE][PASSED] - Text '22201' is present on page  using regular expression

2024-07-12 22:06:13 - [TEST_STEP][PASSED] - verifyTextPresent(cardTypeV, true): Text 'MasterCard' is present on page  using regular expression

2024-07-12 22:06:13 - [MESSAGE][PASSED] - Text 'MasterCard' is present on page  using regular expression

2024-07-12 22:06:13 - [TEST_STEP][PASSED] - verifyTextPresent(last4V, true): Text '0035' is present on page  using regular expression

2024-07-12 22:06:13 - [MESSAGE][PASSED] - Text '0035' is present on page  using regular expression

2024-07-12 22:06:13 - [TEST_STEP][PASSED] - closeBrowser(): Browser is closed

2024-07-12 22:06:15 - [MESSAGE][PASSED] - Browser is closed

2024-07-12 22:06:15 - [TEST_STEP][PASSED] - ExecuteTC = findTestData(dataFile).getValue("Execute", row): null

2024-07-12 22:06:15 - [TEST_STEP][PASSED] - out.println("Value of Execute is : " + ExecuteTC): null

2024-07-12 22:06:15 - [TEST_STEP][PASSED] - switch (executionProfile): null

2024-07-12 22:06:15 - [TEST_STEP][PASSED] - case "QA2Profile":: null

2024-07-12 22:06:15 - [TEST_STEP][PASSED] - appName = findTestData(dataFile).getValue("AppNameQA", row): null

2024-07-12 22:06:15 - [TEST_STEP][PASSED] - appID = findTestData(dataFile).getValue("AppIDQA", row): null

2024-07-12 22:06:15 - [TEST_STEP][PASSED] - break: null

2024-07-12 22:06:15 - [TEST_STEP][PASSED] - hrefAppID = li_1 + appID + li_2: null

2024-07-12 22:06:15 - [TEST_STEP][PASSED] - hrefApp = li_1 + appID + "/": null

2024-07-12 22:06:15 - [TEST_STEP][PASSED] - println("hrefApp : " + hrefApp): null

2024-07-12 22:06:15 - [TEST_STEP][PASSED] - if (ExecuteTC.equalsIgnoreCase("Y")): Browser is closed

2024-07-12 22:06:15 - [TEST_STEP][PASSED] - out.println("Begin Record Number: " + row): null

2024-07-12 22:06:15 - [TEST_STEP][PASSED] - today = new java.util.Date(): null

2024-07-12 22:06:15 - [TEST_STEP][PASSED] - println(today): null

2024-07-12 22:06:15 - [TEST_STEP][PASSED] - datText = today: null

2024-07-12 22:06:15 - [TEST_STEP][PASSED] - adminSuiteBootstrap.loginFunctionality.login_AdminSuite(): adminSuiteBootstrap.loginFunctionality.login_AdminSuite is PASSED

2024-07-12 22:06:15 - [MESSAGE][INFO] - Starting 'Chrome' driver

2024-07-12 22:06:15 - [MESSAGE][INFO] - User set preference: ['acceptInsecureCerts', 'true']

2024-07-12 22:06:15 - [MESSAGE][INFO] - Action delay is set to 0 milliseconds

2024-07-12 22:06:18 - [MESSAGE][PASSED] - Browser is opened with url: 'https://qa2.velocitypayment.com/admin/imtiaz'

2024-07-12 22:06:18 - [MESSAGE][PASSED] - Current window maximized

2024-07-12 22:06:18 - [MESSAGE][PASSED] - Object 'Object Repository/Login_Page/Login_Username_Okta' is present

2024-07-12 22:06:19 - [MESSAGE][PASSED] - Text 'iahmed' is set on object 'Object Repository/Login_Page/Login_Username_Okta'

2024-07-12 22:06:20 - [MESSAGE][PASSED] - Text 'Hello!6666666' is set on object 'Object Repository/Login_Page/Login_Password_Okta'

2024-07-12 22:06:21 - [MESSAGE][PASSED] - Object: 'Object Repository/Login_Page/Login_Submit_Okta' is clicked on

2024-07-12 22:06:21 - [MESSAGE][PASSED] - adminSuiteBootstrap.loginFunctionality.login_AdminSuite is PASSED

2024-07-12 22:06:21 - [TEST_STEP][PASSED] - click(findTestObject(path_Dashboard + appName)): Object: 'Object Repository/AdminSuiteBootstrap_Pages/Dashboard_Bootstrap/a_Access AutoDualCFtpQA' is clicked on

2024-07-12 22:06:31 - [MESSAGE][PASSED] - Object: 'Object Repository/AdminSuiteBootstrap_Pages/Dashboard_Bootstrap/a_Access AutoDualCFtpQA' is clicked on

2024-07-12 22:06:31 - [TEST_STEP][PASSED] - click(findTestObject(path_VT + "button_Authorization Only")): Object: 'Object Repository/AdminSuiteBootstrap_Pages/VT_Bootstrap/IssueTransactions/button_Authorization Only' is clicked on

2024-07-12 22:06:31 - [MESSAGE][PASSED] - Object: 'Object Repository/AdminSuiteBootstrap_Pages/VT_Bootstrap/IssueTransactions/button_Authorization Only' is clicked on

2024-07-12 22:06:31 - [TEST_STEP][PASSED] - authOnlyKeyboardEntryLink = modifyObjectProperty(findTestObject(path_VT + "a_KeyboardEntry_Sale"), "href", "equals", hrefAppID, true): Modify property of object successfully

2024-07-12 22:06:31 - [MESSAGE][PASSED] - Modify property of object successfully

2024-07-12 22:06:31 - [TEST_STEP][PASSED] - click(authOnlyKeyboardEntryLink): Object: 'Object Repository/AdminSuiteBootstrap_Pages/VT_Bootstrap/IssueTransactions/a_KeyboardEntry_Sale' is clicked on

2024-07-12 22:06:32 - [MESSAGE][PASSED] - Object: 'Object Repository/AdminSuiteBootstrap_Pages/VT_Bootstrap/IssueTransactions/a_KeyboardEntry_Sale' is clicked on

2024-07-12 22:06:32 - [TEST_STEP][PASSED] - adminSuiteBootstrap.virtualTerminalSetData.saleKeyboard_DataDriven(row, dataFile): adminSuiteBootstrap.virtualTerminalSetData.saleKeyboard_DataDriven is PASSED

2024-07-12 22:06:35 - [MESSAGE][PASSED] - Text 'Tulsi Raman' is set on object 'Object Repository/AdminSuiteBootstrap_Pages/VT_Bootstrap/SaleKeyboard/input_cardName'

2024-07-12 22:06:36 - [MESSAGE][PASSED] - All options with value 'RETL' are selected in object 'Object Repository/AdminSuiteBootstrap_Pages/VT_Bootstrap/SaleKeyboard/select_transactionCategory'  using regular expression

2024-07-12 22:06:37 - [MESSAGE][PASSED] - Execute JavaScript 'arguments[0].value ='371449635392376' ' successfully

2024-07-12 22:06:37 - [MESSAGE][PASSED] - Execute JavaScript 'arguments[0].value ='123' ' successfully

2024-07-12 22:06:38 - [MESSAGE][PASSED] - All options with value '12' are selected in object 'Object Repository/AdminSuiteBootstrap_Pages/VT_Bootstrap/SaleKeyboard/select_MM'  using regular expression

2024-07-12 22:06:39 - [MESSAGE][PASSED] - All options with value '2025' are selected in object 'Object Repository/AdminSuiteBootstrap_Pages/VT_Bootstrap/SaleKeyboard/select_YYYY'  using regular expression

2024-07-12 22:06:40 - [MESSAGE][PASSED] - Text '550 Swan Lake' is set on object 'Object Repository/AdminSuiteBootstrap_Pages/VT_Bootstrap/SaleKeyboard/input__address'

2024-07-12 22:06:41 - [MESSAGE][PASSED] - Text 'Suite 500' is set on object 'Object Repository/AdminSuiteBootstrap_Pages/VT_Bootstrap/SaleKeyboard/input__address2'

2024-07-12 22:06:42 - [MESSAGE][PASSED] - Text '22201' is set on object 'Object Repository/AdminSuiteBootstrap_Pages/VT_Bootstrap/SaleKeyboard/input__zip'

2024-07-12 22:06:42 - [MESSAGE][PASSED] - Text '' is set on object 'Object Repository/AdminSuiteBootstrap_Pages/VT_Bootstrap/SaleKeyboard/input_emailAddress'

2024-07-12 22:06:44 - [MESSAGE][PASSED] - Text '' is set on object 'Object Repository/AdminSuiteBootstrap_Pages/VT_Bootstrap/SaleKeyboard/input_smsNumber'

2024-07-12 22:06:44 - [MESSAGE][PASSED] - Text '10.50' is set on object 'Object Repository/AdminSuiteBootstrap_Pages/VT_Bootstrap/SaleKeyboard/input_amount'

2024-07-12 22:06:45 - [MESSAGE][PASSED] - Text 'Australia' is set on object 'Object Repository/AdminSuiteBootstrap_Pages/VT_Bootstrap/SaleKeyboard/input_userDefined1'

2024-07-12 22:06:46 - [MESSAGE][PASSED] - Text 'Denmark' is set on object 'Object Repository/AdminSuiteBootstrap_Pages/VT_Bootstrap/SaleKeyboard/input_userDefined2'

2024-07-12 22:06:47 - [MESSAGE][PASSED] - Text 'Sweden' is set on object 'Object Repository/AdminSuiteBootstrap_Pages/VT_Bootstrap/SaleKeyboard/input_userDefined3'

2024-07-12 22:06:48 - [MESSAGE][PASSED] - Text 'Austria' is set on object 'Object Repository/AdminSuiteBootstrap_Pages/VT_Bootstrap/SaleKeyboard/input_userDefined4'

2024-07-12 22:06:49 - [MESSAGE][PASSED] - All options with label 'Orange' are selected in object 'Object Repository/AdminSuiteBootstrap_Pages/VT_Bootstrap/SaleKeyboard/select_UDF5_DropDown'  using regular expression

2024-07-12 22:06:50 - [MESSAGE][PASSED] - All options with label 'Yellow' are selected in object 'Object Repository/AdminSuiteBootstrap_Pages/VT_Bootstrap/SaleKeyboard/select_UDF6_DropDown'  using regular expression

2024-07-12 22:06:50 - [MESSAGE][PASSED] - Text 'Norway' is set on object 'Object Repository/AdminSuiteBootstrap_Pages/VT_Bootstrap/SaleKeyboard/input_userDefined7'

2024-07-12 22:06:51 - [MESSAGE][PASSED] - Text 'Netherlands' is set on object 'Object Repository/AdminSuiteBootstrap_Pages/VT_Bootstrap/SaleKeyboard/input_userDefined8'

2024-07-12 22:06:52 - [MESSAGE][PASSED] - Text 'Switzerland' is set on object 'Object Repository/AdminSuiteBootstrap_Pages/VT_Bootstrap/SaleKeyboard/input_userDefined9'

2024-07-12 22:06:52 - [MESSAGE][PASSED] - Text 'France' is set on object 'Object Repository/AdminSuiteBootstrap_Pages/VT_Bootstrap/SaleKeyboard/input_userDefined10'

2024-07-12 22:06:54 - [MESSAGE][PASSED] - Object: 'Object Repository/AdminSuiteBootstrap_Pages/VT_Bootstrap/SaleKeyboard/button_Submit' is clicked on

2024-07-12 22:06:54 - [MESSAGE][PASSED] - adminSuiteBootstrap.virtualTerminalSetData.saleKeyboard_DataDriven is PASSED

2024-07-12 22:06:54 - [TEST_STEP][PASSED] - verifyTextPresent("Transaction Successful", true): Text 'Transaction Successful' is present on page  using regular expression

2024-07-12 22:06:55 - [MESSAGE][PASSED] - Text 'Transaction Successful' is present on page  using regular expression

2024-07-12 22:06:55 - [TEST_STEP][PASSED] - verifyElementVisible(findTestObject("Object Repository/AdminSuiteBootstrap_Pages/VT_Bootstrap/Receipt/button_Continue")): Object 'Object Repository/AdminSuiteBootstrap_Pages/VT_Bootstrap/Receipt/button_Continue' is visible

2024-07-12 22:06:55 - [MESSAGE][PASSED] - Object 'Object Repository/AdminSuiteBootstrap_Pages/VT_Bootstrap/Receipt/button_Continue' is visible

2024-07-12 22:06:55 - [TEST_STEP][PASSED] - verifyElementPresent(findTestObject("Object Repository/AdminSuiteBootstrap_Pages/VT_Bootstrap/Receipt/button_Continue"), 20): Object 'Object Repository/AdminSuiteBootstrap_Pages/VT_Bootstrap/Receipt/button_Continue' is present

2024-07-12 22:06:55 - [MESSAGE][PASSED] - Object 'Object Repository/AdminSuiteBootstrap_Pages/VT_Bootstrap/Receipt/button_Continue' is present

2024-07-12 22:06:55 - [TEST_STEP][PASSED] - verifyElementVisible(findTestObject("Object Repository/AdminSuiteBootstrap_Pages/VT_Bootstrap/Receipt/button_Print")): Object 'Object Repository/AdminSuiteBootstrap_Pages/VT_Bootstrap/Receipt/button_Print' is visible

2024-07-12 22:06:56 - [MESSAGE][PASSED] - Object 'Object Repository/AdminSuiteBootstrap_Pages/VT_Bootstrap/Receipt/button_Print' is visible

2024-07-12 22:06:56 - [TEST_STEP][PASSED] - verifyElementPresent(findTestObject("Object Repository/AdminSuiteBootstrap_Pages/VT_Bootstrap/Receipt/button_Print"), 20): Object 'Object Repository/AdminSuiteBootstrap_Pages/VT_Bootstrap/Receipt/button_Print' is present

2024-07-12 22:06:56 - [MESSAGE][PASSED] - Object 'Object Repository/AdminSuiteBootstrap_Pages/VT_Bootstrap/Receipt/button_Print' is present

2024-07-12 22:06:56 - [TEST_STEP][PASSED] - verifyTextPresent("Remittance ID", true): Text 'Remittance ID' is present on page  using regular expression

2024-07-12 22:06:56 - [MESSAGE][PASSED] - Text 'Remittance ID' is present on page  using regular expression

2024-07-12 22:06:56 - [TEST_STEP][PASSED] - verifyTextPresent("Received", true): Text 'Received' is present on page  using regular expression

2024-07-12 22:06:57 - [MESSAGE][PASSED] - Text 'Received' is present on page  using regular expression

2024-07-12 22:06:57 - [TEST_STEP][PASSED] - verifyTextPresent("UDF1", true): Text 'UDF1' is present on page  using regular expression

2024-07-12 22:06:57 - [MESSAGE][PASSED] - Text 'UDF1' is present on page  using regular expression

2024-07-12 22:06:57 - [TEST_STEP][PASSED] - verifyTextPresent("UDF2", true): Text 'UDF2' is present on page  using regular expression

2024-07-12 22:06:57 - [MESSAGE][PASSED] - Text 'UDF2' is present on page  using regular expression

2024-07-12 22:06:57 - [TEST_STEP][PASSED] - verifyTextPresent("UDF3", true): Text 'UDF3' is present on page  using regular expression

2024-07-12 22:06:58 - [MESSAGE][PASSED] - Text 'UDF3' is present on page  using regular expression

2024-07-12 22:06:58 - [TEST_STEP][PASSED] - verifyTextPresent("UDF4", true): Text 'UDF4' is present on page  using regular expression

2024-07-12 22:06:58 - [MESSAGE][PASSED] - Text 'UDF4' is present on page  using regular expression

2024-07-12 22:06:58 - [TEST_STEP][PASSED] - verifyTextPresent("UDF5", true): Text 'UDF5' is present on page  using regular expression

2024-07-12 22:06:58 - [MESSAGE][PASSED] - Text 'UDF5' is present on page  using regular expression

2024-07-12 22:06:58 - [TEST_STEP][PASSED] - verifyTextPresent("UDF6", true): Text 'UDF6' is present on page  using regular expression

2024-07-12 22:06:59 - [MESSAGE][PASSED] - Text 'UDF6' is present on page  using regular expression

2024-07-12 22:06:59 - [TEST_STEP][PASSED] - verifyTextPresent("UDF7", true): Text 'UDF7' is present on page  using regular expression

2024-07-12 22:06:59 - [MESSAGE][PASSED] - Text 'UDF7' is present on page  using regular expression

2024-07-12 22:06:59 - [TEST_STEP][PASSED] - verifyTextPresent("UDF8", true): Text 'UDF8' is present on page  using regular expression

2024-07-12 22:06:59 - [MESSAGE][PASSED] - Text 'UDF8' is present on page  using regular expression

2024-07-12 22:06:59 - [TEST_STEP][PASSED] - verifyTextPresent("UDF9", true): Text 'UDF9' is present on page  using regular expression

2024-07-12 22:07:00 - [MESSAGE][PASSED] - Text 'UDF9' is present on page  using regular expression

2024-07-12 22:07:00 - [TEST_STEP][PASSED] - verifyTextPresent("UDF 10", true): Text 'UDF 10' is present on page  using regular expression

2024-07-12 22:07:00 - [MESSAGE][PASSED] - Text 'UDF 10' is present on page  using regular expression

2024-07-12 22:07:00 - [TEST_STEP][PASSED] - verifyTextPresent("Australia", true): Text 'Australia' is present on page  using regular expression

2024-07-12 22:07:00 - [MESSAGE][PASSED] - Text 'Australia' is present on page  using regular expression

2024-07-12 22:07:00 - [TEST_STEP][PASSED] - verifyTextPresent("Denmark", true): Text 'Denmark' is present on page  using regular expression

2024-07-12 22:07:01 - [MESSAGE][PASSED] - Text 'Denmark' is present on page  using regular expression

2024-07-12 22:07:01 - [TEST_STEP][PASSED] - verifyTextPresent("Sweden", true): Text 'Sweden' is present on page  using regular expression

2024-07-12 22:07:01 - [MESSAGE][PASSED] - Text 'Sweden' is present on page  using regular expression

2024-07-12 22:07:01 - [TEST_STEP][PASSED] - verifyTextPresent("Austria", true): Text 'Austria' is present on page  using regular expression

2024-07-12 22:07:01 - [MESSAGE][PASSED] - Text 'Austria' is present on page  using regular expression

2024-07-12 22:07:01 - [TEST_STEP][PASSED] - verifyTextPresent("Orange Recorded", true): Text 'Orange Recorded' is present on page  using regular expression

2024-07-12 22:07:02 - [MESSAGE][PASSED] - Text 'Orange Recorded' is present on page  using regular expression

2024-07-12 22:07:02 - [TEST_STEP][PASSED] - verifyTextPresent("Yellow Recorded", true): Text 'Yellow Recorded' is present on page  using regular expression

2024-07-12 22:07:02 - [MESSAGE][PASSED] - Text 'Yellow Recorded' is present on page  using regular expression

2024-07-12 22:07:02 - [TEST_STEP][PASSED] - verifyTextPresent("Norway", true): Text 'Norway' is present on page  using regular expression

2024-07-12 22:07:02 - [MESSAGE][PASSED] - Text 'Norway' is present on page  using regular expression

2024-07-12 22:07:02 - [TEST_STEP][PASSED] - verifyTextPresent("Netherlands", true): Text 'Netherlands' is present on page  using regular expression

2024-07-12 22:07:03 - [MESSAGE][PASSED] - Text 'Netherlands' is present on page  using regular expression

2024-07-12 22:07:03 - [TEST_STEP][PASSED] - verifyTextPresent("Switzerland", true): Text 'Switzerland' is present on page  using regular expression

2024-07-12 22:07:03 - [MESSAGE][PASSED] - Text 'Switzerland' is present on page  using regular expression

2024-07-12 22:07:03 - [TEST_STEP][PASSED] - verifyTextPresent("France", true): Text 'France' is present on page  using regular expression

2024-07-12 22:07:03 - [MESSAGE][PASSED] - Text 'France' is present on page  using regular expression

2024-07-12 22:07:03 - [TEST_STEP][PASSED] - verifyTextPresent("Amount", true): Text 'Amount' is present on page  using regular expression

2024-07-12 22:07:04 - [MESSAGE][PASSED] - Text 'Amount' is present on page  using regular expression

2024-07-12 22:07:04 - [TEST_STEP][PASSED] - verifyTextPresent("Service Fee", true): Text 'Service Fee' is present on page  using regular expression

2024-07-12 22:07:04 - [MESSAGE][PASSED] - Text 'Service Fee' is present on page  using regular expression

2024-07-12 22:07:04 - [TEST_STEP][PASSED] - verifyTextPresent("Service Fee Type", true): Text 'Service Fee Type' is present on page  using regular expression

2024-07-12 22:07:04 - [MESSAGE][PASSED] - Text 'Service Fee Type' is present on page  using regular expression

2024-07-12 22:07:04 - [TEST_STEP][PASSED] - verifyTextPresent("Total Amount", true): Text 'Total Amount' is present on page  using regular expression

2024-07-12 22:07:05 - [MESSAGE][PASSED] - Text 'Total Amount' is present on page  using regular expression

2024-07-12 22:07:05 - [TEST_STEP][PASSED] - verifyTextPresent("Transaction Type", true): Text 'Transaction Type' is present on page  using regular expression

2024-07-12 22:07:05 - [MESSAGE][PASSED] - Text 'Transaction Type' is present on page  using regular expression

2024-07-12 22:07:05 - [TEST_STEP][PASSED] - verifyTextPresent("10.50", true): Text '10.50' is present on page  using regular expression

2024-07-12 22:07:05 - [MESSAGE][PASSED] - Text '10.50' is present on page  using regular expression

2024-07-12 22:07:05 - [TEST_STEP][PASSED] - verifyTextPresent("5.00", true): Text '5.00' is present on page  using regular expression

2024-07-12 22:07:06 - [MESSAGE][PASSED] - Text '5.00' is present on page  using regular expression

2024-07-12 22:07:06 - [TEST_STEP][PASSED] - verifyTextPresent("Dual Transaction", true): Text 'Dual Transaction' is present on page  using regular expression

2024-07-12 22:07:06 - [MESSAGE][PASSED] - Text 'Dual Transaction' is present on page  using regular expression

2024-07-12 22:07:06 - [TEST_STEP][PASSED] - verifyTextPresent("15.50", true): Text '15.50' is present on page  using regular expression

2024-07-12 22:07:06 - [MESSAGE][PASSED] - Text '15.50' is present on page  using regular expression

2024-07-12 22:07:06 - [TEST_STEP][PASSED] - verifyTextPresent("Authorization", true): Text 'Authorization' is present on page  using regular expression

2024-07-12 22:07:07 - [MESSAGE][PASSED] - Text 'Authorization' is present on page  using regular expression

2024-07-12 22:07:07 - [TEST_STEP][PASSED] - verifyTextPresent("Card Information", true): Text 'Card Information' is present on page  using regular expression

2024-07-12 22:07:07 - [MESSAGE][PASSED] - Text 'Card Information' is present on page  using regular expression

2024-07-12 22:07:07 - [TEST_STEP][PASSED] - cardNameV = findTestData(dataFile).getValue("CardNameV", row): null

2024-07-12 22:07:07 - [TEST_STEP][PASSED] - al1V = findTestData(dataFile).getValue("AL1", row): null

2024-07-12 22:07:07 - [TEST_STEP][PASSED] - al2V = findTestData(dataFile).getValue("AL2", row): null

2024-07-12 22:07:07 - [TEST_STEP][PASSED] - zipV = findTestData(dataFile).getValue("ZIP", row): null

2024-07-12 22:07:07 - [TEST_STEP][PASSED] - cardTypeV = findTestData(dataFile).getValue("CardType", row): null

2024-07-12 22:07:07 - [TEST_STEP][PASSED] - last4V = findTestData(dataFile).getValue("Last4", row): null

2024-07-12 22:07:08 - [TEST_STEP][PASSED] - verifyTextPresent(cardNameV, true): Text 'TULSI RAMAN' is present on page  using regular expression

2024-07-12 22:07:08 - [MESSAGE][PASSED] - Text 'TULSI RAMAN' is present on page  using regular expression

2024-07-12 22:07:08 - [TEST_STEP][PASSED] - verifyTextPresent("Address Line 1", true): Text 'Address Line 1' is present on page  using regular expression

2024-07-12 22:07:08 - [MESSAGE][PASSED] - Text 'Address Line 1' is present on page  using regular expression

2024-07-12 22:07:08 - [TEST_STEP][PASSED] - verifyTextPresent("Address Line 2", true): Text 'Address Line 2' is present on page  using regular expression

2024-07-12 22:07:09 - [MESSAGE][PASSED] - Text 'Address Line 2' is present on page  using regular expression

2024-07-12 22:07:09 - [TEST_STEP][PASSED] - verifyTextPresent("Country", true): Text 'Country' is present on page  using regular expression

2024-07-12 22:07:09 - [MESSAGE][PASSED] - Text 'Country' is present on page  using regular expression

2024-07-12 22:07:09 - [TEST_STEP][PASSED] - verifyTextPresent("City", true): Text 'City' is present on page  using regular expression

2024-07-12 22:07:09 - [MESSAGE][PASSED] - Text 'City' is present on page  using regular expression

2024-07-12 22:07:09 - [TEST_STEP][PASSED] - verifyTextPresent("State", true): Text 'State' is present on page  using regular expression

2024-07-12 22:07:10 - [MESSAGE][PASSED] - Text 'State' is present on page  using regular expression

2024-07-12 22:07:10 - [TEST_STEP][PASSED] - verifyTextPresent("ZIP Code", true): Text 'ZIP Code' is present on page  using regular expression

2024-07-12 22:07:10 - [MESSAGE][PASSED] - Text 'ZIP Code' is present on page  using regular expression

2024-07-12 22:07:10 - [TEST_STEP][PASSED] - verifyTextPresent(al1V, true): Text '550 Swan Lake' is present on page  using regular expression

2024-07-12 22:07:10 - [MESSAGE][PASSED] - Text '550 Swan Lake' is present on page  using regular expression

2024-07-12 22:07:10 - [TEST_STEP][PASSED] - verifyTextPresent(al2V, true): Text 'Suite 500' is present on page  using regular expression

2024-07-12 22:07:11 - [MESSAGE][PASSED] - Text 'Suite 500' is present on page  using regular expression

2024-07-12 22:07:11 - [TEST_STEP][PASSED] - verifyTextPresent("United States", true): Text 'United States' is present on page  using regular expression

2024-07-12 22:07:11 - [MESSAGE][PASSED] - Text 'United States' is present on page  using regular expression

2024-07-12 22:07:11 - [TEST_STEP][PASSED] - verifyTextPresent("ARLINGTON", true): Text 'ARLINGTON' is present on page  using regular expression

2024-07-12 22:07:11 - [MESSAGE][PASSED] - Text 'ARLINGTON' is present on page  using regular expression

2024-07-12 22:07:11 - [TEST_STEP][PASSED] - verifyTextPresent("Virginia", true): Text 'Virginia' is present on page  using regular expression

2024-07-12 22:07:12 - [MESSAGE][PASSED] - Text 'Virginia' is present on page  using regular expression

2024-07-12 22:07:12 - [TEST_STEP][PASSED] - verifyTextPresent(zipV, true): Text '22201' is present on page  using regular expression

2024-07-12 22:07:12 - [MESSAGE][PASSED] - Text '22201' is present on page  using regular expression

2024-07-12 22:07:12 - [TEST_STEP][PASSED] - verifyTextPresent(cardTypeV, true): Text 'American Express' is present on page  using regular expression

2024-07-12 22:07:12 - [MESSAGE][PASSED] - Text 'American Express' is present on page  using regular expression

2024-07-12 22:07:12 - [TEST_STEP][PASSED] - verifyTextPresent(last4V, true): Text '2376' is present on page  using regular expression

2024-07-12 22:07:13 - [MESSAGE][PASSED] - Text '2376' is present on page  using regular expression

2024-07-12 22:07:13 - [TEST_STEP][PASSED] - closeBrowser(): Browser is closed

2024-07-12 22:07:14 - [MESSAGE][PASSED] - Browser is closed

2024-07-12 22:07:14 - [TEST_STEP][PASSED] - ExecuteTC = findTestData(dataFile).getValue("Execute", row): null

2024-07-12 22:07:14 - [TEST_STEP][PASSED] - out.println("Value of Execute is : " + ExecuteTC): null

2024-07-12 22:07:14 - [TEST_STEP][PASSED] - switch (executionProfile): null

2024-07-12 22:07:14 - [TEST_STEP][PASSED] - case "QA2Profile":: null

2024-07-12 22:07:14 - [TEST_STEP][PASSED] - appName = findTestData(dataFile).getValue("AppNameQA", row): null

2024-07-12 22:07:14 - [TEST_STEP][PASSED] - appID = findTestData(dataFile).getValue("AppIDQA", row): null

2024-07-12 22:07:14 - [TEST_STEP][PASSED] - break: null

2024-07-12 22:07:14 - [TEST_STEP][PASSED] - hrefAppID = li_1 + appID + li_2: null

2024-07-12 22:07:14 - [TEST_STEP][PASSED] - hrefApp = li_1 + appID + "/": null

2024-07-12 22:07:14 - [TEST_STEP][PASSED] - println("hrefApp : " + hrefApp): null

2024-07-12 22:07:14 - [TEST_STEP][PASSED] - if (ExecuteTC.equalsIgnoreCase("Y")): Browser is closed

2024-07-12 22:07:14 - [TEST_STEP][PASSED] - out.println("Begin Record Number: " + row): null

2024-07-12 22:07:14 - [TEST_STEP][PASSED] - today = new java.util.Date(): null

2024-07-12 22:07:14 - [TEST_STEP][PASSED] - println(today): null

2024-07-12 22:07:14 - [TEST_STEP][PASSED] - datText = today: null

2024-07-12 22:07:14 - [TEST_STEP][PASSED] - adminSuiteBootstrap.loginFunctionality.login_AdminSuite(): adminSuiteBootstrap.loginFunctionality.login_AdminSuite is PASSED

2024-07-12 22:07:14 - [MESSAGE][INFO] - Starting 'Chrome' driver

2024-07-12 22:07:14 - [MESSAGE][INFO] - User set preference: ['acceptInsecureCerts', 'true']

2024-07-12 22:07:14 - [MESSAGE][INFO] - Action delay is set to 0 milliseconds

2024-07-12 22:07:16 - [MESSAGE][PASSED] - Browser is opened with url: 'https://qa2.velocitypayment.com/admin/imtiaz'

2024-07-12 22:07:17 - [MESSAGE][PASSED] - Current window maximized

2024-07-12 22:07:18 - [MESSAGE][PASSED] - Object 'Object Repository/Login_Page/Login_Username_Okta' is present

2024-07-12 22:07:18 - [MESSAGE][PASSED] - Text 'iahmed' is set on object 'Object Repository/Login_Page/Login_Username_Okta'

2024-07-12 22:07:19 - [MESSAGE][PASSED] - Text 'Hello!6666666' is set on object 'Object Repository/Login_Page/Login_Password_Okta'

2024-07-12 22:07:20 - [MESSAGE][PASSED] - Object: 'Object Repository/Login_Page/Login_Submit_Okta' is clicked on

2024-07-12 22:07:20 - [MESSAGE][PASSED] - adminSuiteBootstrap.loginFunctionality.login_AdminSuite is PASSED

2024-07-12 22:07:20 - [TEST_STEP][PASSED] - click(findTestObject(path_Dashboard + appName)): Object: 'Object Repository/AdminSuiteBootstrap_Pages/Dashboard_Bootstrap/a_Access AutoDualCFtpQA' is clicked on

2024-07-12 22:07:28 - [MESSAGE][PASSED] - Object: 'Object Repository/AdminSuiteBootstrap_Pages/Dashboard_Bootstrap/a_Access AutoDualCFtpQA' is clicked on

2024-07-12 22:07:28 - [TEST_STEP][PASSED] - click(findTestObject(path_VT + "button_Authorization Only")): Object: 'Object Repository/AdminSuiteBootstrap_Pages/VT_Bootstrap/IssueTransactions/button_Authorization Only' is clicked on

2024-07-12 22:07:29 - [MESSAGE][PASSED] - Object: 'Object Repository/AdminSuiteBootstrap_Pages/VT_Bootstrap/IssueTransactions/button_Authorization Only' is clicked on

2024-07-12 22:07:29 - [TEST_STEP][PASSED] - authOnlyKeyboardEntryLink = modifyObjectProperty(findTestObject(path_VT + "a_KeyboardEntry_Sale"), "href", "equals", hrefAppID, true): Modify property of object successfully

2024-07-12 22:07:29 - [MESSAGE][PASSED] - Modify property of object successfully

2024-07-12 22:07:29 - [TEST_STEP][PASSED] - click(authOnlyKeyboardEntryLink): Object: 'Object Repository/AdminSuiteBootstrap_Pages/VT_Bootstrap/IssueTransactions/a_KeyboardEntry_Sale' is clicked on

2024-07-12 22:07:30 - [MESSAGE][PASSED] - Object: 'Object Repository/AdminSuiteBootstrap_Pages/VT_Bootstrap/IssueTransactions/a_KeyboardEntry_Sale' is clicked on

2024-07-12 22:07:30 - [TEST_STEP][PASSED] - adminSuiteBootstrap.virtualTerminalSetData.saleKeyboard_DataDriven(row, dataFile): adminSuiteBootstrap.virtualTerminalSetData.saleKeyboard_DataDriven is PASSED

2024-07-12 22:07:33 - [MESSAGE][PASSED] - Text 'Tulsi Raman' is set on object 'Object Repository/AdminSuiteBootstrap_Pages/VT_Bootstrap/SaleKeyboard/input_cardName'

2024-07-12 22:07:34 - [MESSAGE][PASSED] - All options with value 'RETL' are selected in object 'Object Repository/AdminSuiteBootstrap_Pages/VT_Bootstrap/SaleKeyboard/select_transactionCategory'  using regular expression

2024-07-12 22:07:35 - [MESSAGE][PASSED] - Execute JavaScript 'arguments[0].value ='6011000993026909' ' successfully

2024-07-12 22:07:35 - [MESSAGE][PASSED] - Execute JavaScript 'arguments[0].value ='123' ' successfully

2024-07-12 22:07:36 - [MESSAGE][PASSED] - All options with value '12' are selected in object 'Object Repository/AdminSuiteBootstrap_Pages/VT_Bootstrap/SaleKeyboard/select_MM'  using regular expression

2024-07-12 22:07:38 - [MESSAGE][PASSED] - All options with value '2025' are selected in object 'Object Repository/AdminSuiteBootstrap_Pages/VT_Bootstrap/SaleKeyboard/select_YYYY'  using regular expression

2024-07-12 22:07:38 - [MESSAGE][PASSED] - Text '25987 Hill Top' is set on object 'Object Repository/AdminSuiteBootstrap_Pages/VT_Bootstrap/SaleKeyboard/input__address'

2024-07-12 22:07:39 - [MESSAGE][PASSED] - Text 'Suite 500' is set on object 'Object Repository/AdminSuiteBootstrap_Pages/VT_Bootstrap/SaleKeyboard/input__address2'

2024-07-12 22:07:40 - [MESSAGE][PASSED] - Text '22201' is set on object 'Object Repository/AdminSuiteBootstrap_Pages/VT_Bootstrap/SaleKeyboard/input__zip'

2024-07-12 22:07:41 - [MESSAGE][PASSED] - Text '' is set on object 'Object Repository/AdminSuiteBootstrap_Pages/VT_Bootstrap/SaleKeyboard/input_emailAddress'

2024-07-12 22:07:42 - [MESSAGE][PASSED] - Text '' is set on object 'Object Repository/AdminSuiteBootstrap_Pages/VT_Bootstrap/SaleKeyboard/input_smsNumber'

2024-07-12 22:07:43 - [MESSAGE][PASSED] - Text '10.50' is set on object 'Object Repository/AdminSuiteBootstrap_Pages/VT_Bootstrap/SaleKeyboard/input_amount'

2024-07-12 22:07:44 - [MESSAGE][PASSED] - Text 'Australia' is set on object 'Object Repository/AdminSuiteBootstrap_Pages/VT_Bootstrap/SaleKeyboard/input_userDefined1'

2024-07-12 22:07:44 - [MESSAGE][PASSED] - Text 'Denmark' is set on object 'Object Repository/AdminSuiteBootstrap_Pages/VT_Bootstrap/SaleKeyboard/input_userDefined2'

2024-07-12 22:07:45 - [MESSAGE][PASSED] - Text 'Sweden' is set on object 'Object Repository/AdminSuiteBootstrap_Pages/VT_Bootstrap/SaleKeyboard/input_userDefined3'

2024-07-12 22:07:46 - [MESSAGE][PASSED] - Text 'Austria' is set on object 'Object Repository/AdminSuiteBootstrap_Pages/VT_Bootstrap/SaleKeyboard/input_userDefined4'

2024-07-12 22:07:47 - [MESSAGE][PASSED] - All options with label 'Orange' are selected in object 'Object Repository/AdminSuiteBootstrap_Pages/VT_Bootstrap/SaleKeyboard/select_UDF5_DropDown'  using regular expression

2024-07-12 22:07:48 - [MESSAGE][PASSED] - All options with label 'Yellow' are selected in object 'Object Repository/AdminSuiteBootstrap_Pages/VT_Bootstrap/SaleKeyboard/select_UDF6_DropDown'  using regular expression

2024-07-12 22:07:48 - [MESSAGE][PASSED] - Text 'Norway' is set on object 'Object Repository/AdminSuiteBootstrap_Pages/VT_Bootstrap/SaleKeyboard/input_userDefined7'

2024-07-12 22:07:49 - [MESSAGE][PASSED] - Text 'Netherlands' is set on object 'Object Repository/AdminSuiteBootstrap_Pages/VT_Bootstrap/SaleKeyboard/input_userDefined8'

2024-07-12 22:07:50 - [MESSAGE][PASSED] - Text 'Switzerland' is set on object 'Object Repository/AdminSuiteBootstrap_Pages/VT_Bootstrap/SaleKeyboard/input_userDefined9'

2024-07-12 22:07:50 - [MESSAGE][PASSED] - Text 'France' is set on object 'Object Repository/AdminSuiteBootstrap_Pages/VT_Bootstrap/SaleKeyboard/input_userDefined10'

2024-07-12 22:07:52 - [MESSAGE][PASSED] - Object: 'Object Repository/AdminSuiteBootstrap_Pages/VT_Bootstrap/SaleKeyboard/button_Submit' is clicked on

2024-07-12 22:07:52 - [MESSAGE][PASSED] - adminSuiteBootstrap.virtualTerminalSetData.saleKeyboard_DataDriven is PASSED

2024-07-12 22:07:52 - [TEST_STEP][PASSED] - verifyTextPresent("Transaction Successful", true): Text 'Transaction Successful' is present on page  using regular expression

2024-07-12 22:07:53 - [MESSAGE][PASSED] - Text 'Transaction Successful' is present on page  using regular expression

2024-07-12 22:07:53 - [TEST_STEP][PASSED] - verifyElementVisible(findTestObject("Object Repository/AdminSuiteBootstrap_Pages/VT_Bootstrap/Receipt/button_Continue")): Object 'Object Repository/AdminSuiteBootstrap_Pages/VT_Bootstrap/Receipt/button_Continue' is visible

2024-07-12 22:07:53 - [MESSAGE][PASSED] - Object 'Object Repository/AdminSuiteBootstrap_Pages/VT_Bootstrap/Receipt/button_Continue' is visible

2024-07-12 22:07:53 - [TEST_STEP][PASSED] - verifyElementPresent(findTestObject("Object Repository/AdminSuiteBootstrap_Pages/VT_Bootstrap/Receipt/button_Continue"), 20): Object 'Object Repository/AdminSuiteBootstrap_Pages/VT_Bootstrap/Receipt/button_Continue' is present

2024-07-12 22:07:53 - [MESSAGE][PASSED] - Object 'Object Repository/AdminSuiteBootstrap_Pages/VT_Bootstrap/Receipt/button_Continue' is present

2024-07-12 22:07:53 - [TEST_STEP][PASSED] - verifyElementVisible(findTestObject("Object Repository/AdminSuiteBootstrap_Pages/VT_Bootstrap/Receipt/button_Print")): Object 'Object Repository/AdminSuiteBootstrap_Pages/VT_Bootstrap/Receipt/button_Print' is visible

2024-07-12 22:07:54 - [MESSAGE][PASSED] - Object 'Object Repository/AdminSuiteBootstrap_Pages/VT_Bootstrap/Receipt/button_Print' is visible

2024-07-12 22:07:54 - [TEST_STEP][PASSED] - verifyElementPresent(findTestObject("Object Repository/AdminSuiteBootstrap_Pages/VT_Bootstrap/Receipt/button_Print"), 20): Object 'Object Repository/AdminSuiteBootstrap_Pages/VT_Bootstrap/Receipt/button_Print' is present

2024-07-12 22:07:54 - [MESSAGE][PASSED] - Object 'Object Repository/AdminSuiteBootstrap_Pages/VT_Bootstrap/Receipt/button_Print' is present

2024-07-12 22:07:54 - [TEST_STEP][PASSED] - verifyTextPresent("Remittance ID", true): Text 'Remittance ID' is present on page  using regular expression

2024-07-12 22:07:54 - [MESSAGE][PASSED] - Text 'Remittance ID' is present on page  using regular expression

2024-07-12 22:07:54 - [TEST_STEP][PASSED] - verifyTextPresent("Received", true): Text 'Received' is present on page  using regular expression

2024-07-12 22:07:55 - [MESSAGE][PASSED] - Text 'Received' is present on page  using regular expression

2024-07-12 22:07:55 - [TEST_STEP][PASSED] - verifyTextPresent("UDF1", true): Text 'UDF1' is present on page  using regular expression

2024-07-12 22:07:55 - [MESSAGE][PASSED] - Text 'UDF1' is present on page  using regular expression

2024-07-12 22:07:55 - [TEST_STEP][PASSED] - verifyTextPresent("UDF2", true): Text 'UDF2' is present on page  using regular expression

2024-07-12 22:07:55 - [MESSAGE][PASSED] - Text 'UDF2' is present on page  using regular expression

2024-07-12 22:07:55 - [TEST_STEP][PASSED] - verifyTextPresent("UDF3", true): Text 'UDF3' is present on page  using regular expression

2024-07-12 22:07:56 - [MESSAGE][PASSED] - Text 'UDF3' is present on page  using regular expression

2024-07-12 22:07:56 - [TEST_STEP][PASSED] - verifyTextPresent("UDF4", true): Text 'UDF4' is present on page  using regular expression

2024-07-12 22:07:56 - [MESSAGE][PASSED] - Text 'UDF4' is present on page  using regular expression

2024-07-12 22:07:56 - [TEST_STEP][PASSED] - verifyTextPresent("UDF5", true): Text 'UDF5' is present on page  using regular expression

2024-07-12 22:07:56 - [MESSAGE][PASSED] - Text 'UDF5' is present on page  using regular expression

2024-07-12 22:07:56 - [TEST_STEP][PASSED] - verifyTextPresent("UDF6", true): Text 'UDF6' is present on page  using regular expression

2024-07-12 22:07:57 - [MESSAGE][PASSED] - Text 'UDF6' is present on page  using regular expression

2024-07-12 22:07:57 - [TEST_STEP][PASSED] - verifyTextPresent("UDF7", true): Text 'UDF7' is present on page  using regular expression

2024-07-12 22:07:57 - [MESSAGE][PASSED] - Text 'UDF7' is present on page  using regular expression

2024-07-12 22:07:57 - [TEST_STEP][PASSED] - verifyTextPresent("UDF8", true): Text 'UDF8' is present on page  using regular expression

2024-07-12 22:07:57 - [MESSAGE][PASSED] - Text 'UDF8' is present on page  using regular expression

2024-07-12 22:07:57 - [TEST_STEP][PASSED] - verifyTextPresent("UDF9", true): Text 'UDF9' is present on page  using regular expression

2024-07-12 22:07:58 - [MESSAGE][PASSED] - Text 'UDF9' is present on page  using regular expression

2024-07-12 22:07:58 - [TEST_STEP][PASSED] - verifyTextPresent("UDF 10", true): Text 'UDF 10' is present on page  using regular expression

2024-07-12 22:07:58 - [MESSAGE][PASSED] - Text 'UDF 10' is present on page  using regular expression

2024-07-12 22:07:58 - [TEST_STEP][PASSED] - verifyTextPresent("Australia", true): Text 'Australia' is present on page  using regular expression

2024-07-12 22:07:58 - [MESSAGE][PASSED] - Text 'Australia' is present on page  using regular expression

2024-07-12 22:07:58 - [TEST_STEP][PASSED] - verifyTextPresent("Denmark", true): Text 'Denmark' is present on page  using regular expression

2024-07-12 22:07:59 - [MESSAGE][PASSED] - Text 'Denmark' is present on page  using regular expression

2024-07-12 22:07:59 - [TEST_STEP][PASSED] - verifyTextPresent("Sweden", true): Text 'Sweden' is present on page  using regular expression

2024-07-12 22:07:59 - [MESSAGE][PASSED] - Text 'Sweden' is present on page  using regular expression

2024-07-12 22:07:59 - [TEST_STEP][PASSED] - verifyTextPresent("Austria", true): Text 'Austria' is present on page  using regular expression

2024-07-12 22:07:59 - [MESSAGE][PASSED] - Text 'Austria' is present on page  using regular expression

2024-07-12 22:07:59 - [TEST_STEP][PASSED] - verifyTextPresent("Orange Recorded", true): Text 'Orange Recorded' is present on page  using regular expression

2024-07-12 22:08:00 - [MESSAGE][PASSED] - Text 'Orange Recorded' is present on page  using regular expression

2024-07-12 22:08:00 - [TEST_STEP][PASSED] - verifyTextPresent("Yellow Recorded", true): Text 'Yellow Recorded' is present on page  using regular expression

2024-07-12 22:08:00 - [MESSAGE][PASSED] - Text 'Yellow Recorded' is present on page  using regular expression

2024-07-12 22:08:00 - [TEST_STEP][PASSED] - verifyTextPresent("Norway", true): Text 'Norway' is present on page  using regular expression

2024-07-12 22:08:00 - [MESSAGE][PASSED] - Text 'Norway' is present on page  using regular expression

2024-07-12 22:08:00 - [TEST_STEP][PASSED] - verifyTextPresent("Netherlands", true): Text 'Netherlands' is present on page  using regular expression

2024-07-12 22:08:01 - [MESSAGE][PASSED] - Text 'Netherlands' is present on page  using regular expression

2024-07-12 22:08:01 - [TEST_STEP][PASSED] - verifyTextPresent("Switzerland", true): Text 'Switzerland' is present on page  using regular expression

2024-07-12 22:08:01 - [MESSAGE][PASSED] - Text 'Switzerland' is present on page  using regular expression

2024-07-12 22:08:01 - [TEST_STEP][PASSED] - verifyTextPresent("France", true): Text 'France' is present on page  using regular expression

2024-07-12 22:08:01 - [MESSAGE][PASSED] - Text 'France' is present on page  using regular expression

2024-07-12 22:08:01 - [TEST_STEP][PASSED] - verifyTextPresent("Amount", true): Text 'Amount' is present on page  using regular expression

2024-07-12 22:08:02 - [MESSAGE][PASSED] - Text 'Amount' is present on page  using regular expression

2024-07-12 22:08:02 - [TEST_STEP][PASSED] - verifyTextPresent("Service Fee", true): Text 'Service Fee' is present on page  using regular expression

2024-07-12 22:08:02 - [MESSAGE][PASSED] - Text 'Service Fee' is present on page  using regular expression

2024-07-12 22:08:02 - [TEST_STEP][PASSED] - verifyTextPresent("Service Fee Type", true): Text 'Service Fee Type' is present on page  using regular expression

2024-07-12 22:08:02 - [MESSAGE][PASSED] - Text 'Service Fee Type' is present on page  using regular expression

2024-07-12 22:08:02 - [TEST_STEP][PASSED] - verifyTextPresent("Total Amount", true): Text 'Total Amount' is present on page  using regular expression

2024-07-12 22:08:03 - [MESSAGE][PASSED] - Text 'Total Amount' is present on page  using regular expression

2024-07-12 22:08:03 - [TEST_STEP][PASSED] - verifyTextPresent("Transaction Type", true): Text 'Transaction Type' is present on page  using regular expression

2024-07-12 22:08:03 - [MESSAGE][PASSED] - Text 'Transaction Type' is present on page  using regular expression

2024-07-12 22:08:03 - [TEST_STEP][PASSED] - verifyTextPresent("10.50", true): Text '10.50' is present on page  using regular expression

2024-07-12 22:08:03 - [MESSAGE][PASSED] - Text '10.50' is present on page  using regular expression

2024-07-12 22:08:03 - [TEST_STEP][PASSED] - verifyTextPresent("5.00", true): Text '5.00' is present on page  using regular expression

2024-07-12 22:08:04 - [MESSAGE][PASSED] - Text '5.00' is present on page  using regular expression

2024-07-12 22:08:04 - [TEST_STEP][PASSED] - verifyTextPresent("Dual Transaction", true): Text 'Dual Transaction' is present on page  using regular expression

2024-07-12 22:08:04 - [MESSAGE][PASSED] - Text 'Dual Transaction' is present on page  using regular expression

2024-07-12 22:08:04 - [TEST_STEP][PASSED] - verifyTextPresent("15.50", true): Text '15.50' is present on page  using regular expression

2024-07-12 22:08:04 - [MESSAGE][PASSED] - Text '15.50' is present on page  using regular expression

2024-07-12 22:08:04 - [TEST_STEP][PASSED] - verifyTextPresent("Authorization", true): Text 'Authorization' is present on page  using regular expression

2024-07-12 22:08:05 - [MESSAGE][PASSED] - Text 'Authorization' is present on page  using regular expression

2024-07-12 22:08:05 - [TEST_STEP][PASSED] - verifyTextPresent("Card Information", true): Text 'Card Information' is present on page  using regular expression

2024-07-12 22:08:05 - [MESSAGE][PASSED] - Text 'Card Information' is present on page  using regular expression

2024-07-12 22:08:05 - [TEST_STEP][PASSED] - cardNameV = findTestData(dataFile).getValue("CardNameV", row): null

2024-07-12 22:08:05 - [TEST_STEP][PASSED] - al1V = findTestData(dataFile).getValue("AL1", row): null

2024-07-12 22:08:05 - [TEST_STEP][PASSED] - al2V = findTestData(dataFile).getValue("AL2", row): null

2024-07-12 22:08:05 - [TEST_STEP][PASSED] - zipV = findTestData(dataFile).getValue("ZIP", row): null

2024-07-12 22:08:05 - [TEST_STEP][PASSED] - cardTypeV = findTestData(dataFile).getValue("CardType", row): null

2024-07-12 22:08:05 - [TEST_STEP][PASSED] - last4V = findTestData(dataFile).getValue("Last4", row): null

2024-07-12 22:08:06 - [TEST_STEP][PASSED] - verifyTextPresent(cardNameV, true): Text 'TULSI RAMAN' is present on page  using regular expression

2024-07-12 22:08:06 - [MESSAGE][PASSED] - Text 'TULSI RAMAN' is present on page  using regular expression

2024-07-12 22:08:06 - [TEST_STEP][PASSED] - verifyTextPresent("Address Line 1", true): Text 'Address Line 1' is present on page  using regular expression

2024-07-12 22:08:06 - [MESSAGE][PASSED] - Text 'Address Line 1' is present on page  using regular expression

2024-07-12 22:08:06 - [TEST_STEP][PASSED] - verifyTextPresent("Address Line 2", true): Text 'Address Line 2' is present on page  using regular expression

2024-07-12 22:08:07 - [MESSAGE][PASSED] - Text 'Address Line 2' is present on page  using regular expression

2024-07-12 22:08:07 - [TEST_STEP][PASSED] - verifyTextPresent("Country", true): Text 'Country' is present on page  using regular expression

2024-07-12 22:08:07 - [MESSAGE][PASSED] - Text 'Country' is present on page  using regular expression

2024-07-12 22:08:07 - [TEST_STEP][PASSED] - verifyTextPresent("City", true): Text 'City' is present on page  using regular expression

2024-07-12 22:08:07 - [MESSAGE][PASSED] - Text 'City' is present on page  using regular expression

2024-07-12 22:08:07 - [TEST_STEP][PASSED] - verifyTextPresent("State", true): Text 'State' is present on page  using regular expression

2024-07-12 22:08:08 - [MESSAGE][PASSED] - Text 'State' is present on page  using regular expression

2024-07-12 22:08:08 - [TEST_STEP][PASSED] - verifyTextPresent("ZIP Code", true): Text 'ZIP Code' is present on page  using regular expression

2024-07-12 22:08:08 - [MESSAGE][PASSED] - Text 'ZIP Code' is present on page  using regular expression

2024-07-12 22:08:08 - [TEST_STEP][PASSED] - verifyTextPresent(al1V, true): Text '25987 Hill Top' is present on page  using regular expression

2024-07-12 22:08:08 - [MESSAGE][PASSED] - Text '25987 Hill Top' is present on page  using regular expression

2024-07-12 22:08:08 - [TEST_STEP][PASSED] - verifyTextPresent(al2V, true): Text 'Suite 500' is present on page  using regular expression

2024-07-12 22:08:09 - [MESSAGE][PASSED] - Text 'Suite 500' is present on page  using regular expression

2024-07-12 22:08:09 - [TEST_STEP][PASSED] - verifyTextPresent("United States", true): Text 'United States' is present on page  using regular expression

2024-07-12 22:08:09 - [MESSAGE][PASSED] - Text 'United States' is present on page  using regular expression

2024-07-12 22:08:09 - [TEST_STEP][PASSED] - verifyTextPresent("ARLINGTON", true): Text 'ARLINGTON' is present on page  using regular expression

2024-07-12 22:08:09 - [MESSAGE][PASSED] - Text 'ARLINGTON' is present on page  using regular expression

2024-07-12 22:08:09 - [TEST_STEP][PASSED] - verifyTextPresent("Virginia", true): Text 'Virginia' is present on page  using regular expression

2024-07-12 22:08:10 - [MESSAGE][PASSED] - Text 'Virginia' is present on page  using regular expression

2024-07-12 22:08:10 - [TEST_STEP][PASSED] - verifyTextPresent(zipV, true): Text '22201' is present on page  using regular expression

2024-07-12 22:08:10 - [MESSAGE][PASSED] - Text '22201' is present on page  using regular expression

2024-07-12 22:08:10 - [TEST_STEP][PASSED] - verifyTextPresent(cardTypeV, true): Text 'Discover' is present on page  using regular expression

2024-07-12 22:08:10 - [MESSAGE][PASSED] - Text 'Discover' is present on page  using regular expression

2024-07-12 22:08:10 - [TEST_STEP][PASSED] - verifyTextPresent(last4V, true): Text '6909' is present on page  using regular expression

2024-07-12 22:08:11 - [MESSAGE][PASSED] - Text '6909' is present on page  using regular expression

2024-07-12 22:08:11 - [TEST_STEP][PASSED] - closeBrowser(): Browser is closed

2024-07-12 22:08:12 - [MESSAGE][PASSED] - Browser is closed

2024-07-12 22:08:12 - [TEST_STEP][PASSED] - ExecuteTC = findTestData(dataFile).getValue("Execute", row): null

2024-07-12 22:08:12 - [TEST_STEP][PASSED] - out.println("Value of Execute is : " + ExecuteTC): null

2024-07-12 22:08:12 - [TEST_STEP][PASSED] - switch (executionProfile): null

2024-07-12 22:08:12 - [TEST_STEP][PASSED] - case "QA2Profile":: null

2024-07-12 22:08:12 - [TEST_STEP][PASSED] - appName = findTestData(dataFile).getValue("AppNameQA", row): null

2024-07-12 22:08:12 - [TEST_STEP][PASSED] - appID = findTestData(dataFile).getValue("AppIDQA", row): null

2024-07-12 22:08:12 - [TEST_STEP][PASSED] - break: null

2024-07-12 22:08:12 - [TEST_STEP][PASSED] - hrefAppID = li_1 + appID + li_2: null

2024-07-12 22:08:12 - [TEST_STEP][PASSED] - hrefApp = li_1 + appID + "/": null

2024-07-12 22:08:12 - [TEST_STEP][PASSED] - println("hrefApp : " + hrefApp): null

2024-07-12 22:08:12 - [TEST_STEP][PASSED] - if (ExecuteTC.equalsIgnoreCase("Y")): Browser is closed

2024-07-12 22:08:12 - [TEST_STEP][PASSED] - out.println("Begin Record Number: " + row): null

2024-07-12 22:08:12 - [TEST_STEP][PASSED] - today = new java.util.Date(): null

2024-07-12 22:08:12 - [TEST_STEP][PASSED] - println(today): null

2024-07-12 22:08:12 - [TEST_STEP][PASSED] - datText = today: null

2024-07-12 22:08:12 - [TEST_STEP][PASSED] - adminSuiteBootstrap.loginFunctionality.login_AdminSuite(): adminSuiteBootstrap.loginFunctionality.login_AdminSuite is PASSED

2024-07-12 22:08:12 - [MESSAGE][INFO] - Starting 'Chrome' driver

2024-07-12 22:08:12 - [MESSAGE][INFO] - User set preference: ['acceptInsecureCerts', 'true']

2024-07-12 22:08:12 - [MESSAGE][INFO] - Action delay is set to 0 milliseconds

2024-07-12 22:08:14 - [MESSAGE][PASSED] - Browser is opened with url: 'https://qa2.velocitypayment.com/admin/imtiaz'

2024-07-12 22:08:15 - [MESSAGE][PASSED] - Current window maximized

2024-07-12 22:08:16 - [MESSAGE][PASSED] - Object 'Object Repository/Login_Page/Login_Username_Okta' is present

2024-07-12 22:08:17 - [MESSAGE][PASSED] - Text 'iahmed' is set on object 'Object Repository/Login_Page/Login_Username_Okta'

2024-07-12 22:08:18 - [MESSAGE][PASSED] - Text 'Hello!6666666' is set on object 'Object Repository/Login_Page/Login_Password_Okta'

2024-07-12 22:08:18 - [MESSAGE][PASSED] - Object: 'Object Repository/Login_Page/Login_Submit_Okta' is clicked on

2024-07-12 22:08:18 - [MESSAGE][PASSED] - adminSuiteBootstrap.loginFunctionality.login_AdminSuite is PASSED

2024-07-12 22:08:18 - [TEST_STEP][PASSED] - click(findTestObject(path_Dashboard + appName)): Object: 'Object Repository/AdminSuiteBootstrap_Pages/Dashboard_Bootstrap/a_Access AutoDualCFtpQA' is clicked on

2024-07-12 22:08:27 - [MESSAGE][PASSED] - Object: 'Object Repository/AdminSuiteBootstrap_Pages/Dashboard_Bootstrap/a_Access AutoDualCFtpQA' is clicked on

2024-07-12 22:08:27 - [TEST_STEP][PASSED] - click(findTestObject(path_VT + "button_Authorization Only")): Object: 'Object Repository/AdminSuiteBootstrap_Pages/VT_Bootstrap/IssueTransactions/button_Authorization Only' is clicked on

2024-07-12 22:08:28 - [MESSAGE][PASSED] - Object: 'Object Repository/AdminSuiteBootstrap_Pages/VT_Bootstrap/IssueTransactions/button_Authorization Only' is clicked on

2024-07-12 22:08:28 - [TEST_STEP][PASSED] - authOnlyKeyboardEntryLink = modifyObjectProperty(findTestObject(path_VT + "a_KeyboardEntry_Sale"), "href", "equals", hrefAppID, true): Modify property of object successfully

2024-07-12 22:08:28 - [MESSAGE][PASSED] - Modify property of object successfully

2024-07-12 22:08:28 - [TEST_STEP][PASSED] - click(authOnlyKeyboardEntryLink): Object: 'Object Repository/AdminSuiteBootstrap_Pages/VT_Bootstrap/IssueTransactions/a_KeyboardEntry_Sale' is clicked on

2024-07-12 22:08:29 - [MESSAGE][PASSED] - Object: 'Object Repository/AdminSuiteBootstrap_Pages/VT_Bootstrap/IssueTransactions/a_KeyboardEntry_Sale' is clicked on

2024-07-12 22:08:29 - [TEST_STEP][PASSED] - adminSuiteBootstrap.virtualTerminalSetData.saleKeyboard_DataDriven(row, dataFile): adminSuiteBootstrap.virtualTerminalSetData.saleKeyboard_DataDriven is PASSED

2024-07-12 22:08:32 - [MESSAGE][PASSED] - Text 'Janaki James' is set on object 'Object Repository/AdminSuiteBootstrap_Pages/VT_Bootstrap/SaleKeyboard/input_cardName'

2024-07-12 22:08:33 - [MESSAGE][PASSED] - All options with value 'MOTO' are selected in object 'Object Repository/AdminSuiteBootstrap_Pages/VT_Bootstrap/SaleKeyboard/select_transactionCategory'  using regular expression

2024-07-12 22:08:34 - [MESSAGE][PASSED] - Execute JavaScript 'arguments[0].value ='4012000098765439' ' successfully

2024-07-12 22:08:34 - [MESSAGE][PASSED] - Execute JavaScript 'arguments[0].value ='123' ' successfully

2024-07-12 22:08:35 - [MESSAGE][PASSED] - All options with value '12' are selected in object 'Object Repository/AdminSuiteBootstrap_Pages/VT_Bootstrap/SaleKeyboard/select_MM'  using regular expression

2024-07-12 22:08:36 - [MESSAGE][PASSED] - All options with value '2025' are selected in object 'Object Repository/AdminSuiteBootstrap_Pages/VT_Bootstrap/SaleKeyboard/select_YYYY'  using regular expression

2024-07-12 22:08:37 - [MESSAGE][PASSED] - Text '36 Cornor Road' is set on object 'Object Repository/AdminSuiteBootstrap_Pages/VT_Bootstrap/SaleKeyboard/input__address'

2024-07-12 22:08:38 - [MESSAGE][PASSED] - Text 'Suite 500' is set on object 'Object Repository/AdminSuiteBootstrap_Pages/VT_Bootstrap/SaleKeyboard/input__address2'

2024-07-12 22:08:38 - [MESSAGE][PASSED] - Text '22201' is set on object 'Object Repository/AdminSuiteBootstrap_Pages/VT_Bootstrap/SaleKeyboard/input__zip'

2024-07-12 22:08:39 - [MESSAGE][PASSED] - Text '' is set on object 'Object Repository/AdminSuiteBootstrap_Pages/VT_Bootstrap/SaleKeyboard/input_emailAddress'

2024-07-12 22:08:40 - [MESSAGE][PASSED] - Text '' is set on object 'Object Repository/AdminSuiteBootstrap_Pages/VT_Bootstrap/SaleKeyboard/input_smsNumber'

2024-07-12 22:08:41 - [MESSAGE][PASSED] - Text '10.50' is set on object 'Object Repository/AdminSuiteBootstrap_Pages/VT_Bootstrap/SaleKeyboard/input_amount'

2024-07-12 22:08:42 - [MESSAGE][PASSED] - Text 'Australia' is set on object 'Object Repository/AdminSuiteBootstrap_Pages/VT_Bootstrap/SaleKeyboard/input_userDefined1'

2024-07-12 22:08:43 - [MESSAGE][PASSED] - Text 'Denmark' is set on object 'Object Repository/AdminSuiteBootstrap_Pages/VT_Bootstrap/SaleKeyboard/input_userDefined2'

2024-07-12 22:08:44 - [MESSAGE][PASSED] - Text 'Sweden' is set on object 'Object Repository/AdminSuiteBootstrap_Pages/VT_Bootstrap/SaleKeyboard/input_userDefined3'

2024-07-12 22:08:44 - [MESSAGE][PASSED] - Text 'Austria' is set on object 'Object Repository/AdminSuiteBootstrap_Pages/VT_Bootstrap/SaleKeyboard/input_userDefined4'

2024-07-12 22:08:45 - [MESSAGE][PASSED] - All options with label 'Orange' are selected in object 'Object Repository/AdminSuiteBootstrap_Pages/VT_Bootstrap/SaleKeyboard/select_UDF5_DropDown'  using regular expression

2024-07-12 22:08:46 - [MESSAGE][PASSED] - All options with label 'Yellow' are selected in object 'Object Repository/AdminSuiteBootstrap_Pages/VT_Bootstrap/SaleKeyboard/select_UDF6_DropDown'  using regular expression

2024-07-12 22:08:47 - [MESSAGE][PASSED] - Text 'Norway' is set on object 'Object Repository/AdminSuiteBootstrap_Pages/VT_Bootstrap/SaleKeyboard/input_userDefined7'

2024-07-12 22:08:48 - [MESSAGE][PASSED] - Text 'Netherlands' is set on object 'Object Repository/AdminSuiteBootstrap_Pages/VT_Bootstrap/SaleKeyboard/input_userDefined8'

2024-07-12 22:08:49 - [MESSAGE][PASSED] - Text 'Switzerland' is set on object 'Object Repository/AdminSuiteBootstrap_Pages/VT_Bootstrap/SaleKeyboard/input_userDefined9'

2024-07-12 22:08:49 - [MESSAGE][PASSED] - Text 'France' is set on object 'Object Repository/AdminSuiteBootstrap_Pages/VT_Bootstrap/SaleKeyboard/input_userDefined10'

2024-07-12 22:08:51 - [MESSAGE][PASSED] - Object: 'Object Repository/AdminSuiteBootstrap_Pages/VT_Bootstrap/SaleKeyboard/button_Submit' is clicked on

2024-07-12 22:08:51 - [MESSAGE][PASSED] - adminSuiteBootstrap.virtualTerminalSetData.saleKeyboard_DataDriven is PASSED

2024-07-12 22:08:51 - [TEST_STEP][PASSED] - verifyTextPresent("Transaction Successful", true): Text 'Transaction Successful' is present on page  using regular expression

2024-07-12 22:08:52 - [MESSAGE][PASSED] - Text 'Transaction Successful' is present on page  using regular expression

2024-07-12 22:08:52 - [TEST_STEP][PASSED] - verifyElementVisible(findTestObject("Object Repository/AdminSuiteBootstrap_Pages/VT_Bootstrap/Receipt/button_Continue")): Object 'Object Repository/AdminSuiteBootstrap_Pages/VT_Bootstrap/Receipt/button_Continue' is visible

2024-07-12 22:08:52 - [MESSAGE][PASSED] - Object 'Object Repository/AdminSuiteBootstrap_Pages/VT_Bootstrap/Receipt/button_Continue' is visible

2024-07-12 22:08:52 - [TEST_STEP][PASSED] - verifyElementPresent(findTestObject("Object Repository/AdminSuiteBootstrap_Pages/VT_Bootstrap/Receipt/button_Continue"), 20): Object 'Object Repository/AdminSuiteBootstrap_Pages/VT_Bootstrap/Receipt/button_Continue' is present

2024-07-12 22:08:52 - [MESSAGE][PASSED] - Object 'Object Repository/AdminSuiteBootstrap_Pages/VT_Bootstrap/Receipt/button_Continue' is present

2024-07-12 22:08:52 - [TEST_STEP][PASSED] - verifyElementVisible(findTestObject("Object Repository/AdminSuiteBootstrap_Pages/VT_Bootstrap/Receipt/button_Print")): Object 'Object Repository/AdminSuiteBootstrap_Pages/VT_Bootstrap/Receipt/button_Print' is visible

2024-07-12 22:08:53 - [MESSAGE][PASSED] - Object 'Object Repository/AdminSuiteBootstrap_Pages/VT_Bootstrap/Receipt/button_Print' is visible

2024-07-12 22:08:53 - [TEST_STEP][PASSED] - verifyElementPresent(findTestObject("Object Repository/AdminSuiteBootstrap_Pages/VT_Bootstrap/Receipt/button_Print"), 20): Object 'Object Repository/AdminSuiteBootstrap_Pages/VT_Bootstrap/Receipt/button_Print' is present

2024-07-12 22:08:53 - [MESSAGE][PASSED] - Object 'Object Repository/AdminSuiteBootstrap_Pages/VT_Bootstrap/Receipt/button_Print' is present

2024-07-12 22:08:53 - [TEST_STEP][PASSED] - verifyTextPresent("Remittance ID", true): Text 'Remittance ID' is present on page  using regular expression

2024-07-12 22:08:53 - [MESSAGE][PASSED] - Text 'Remittance ID' is present on page  using regular expression

2024-07-12 22:08:53 - [TEST_STEP][PASSED] - verifyTextPresent("Received", true): Text 'Received' is present on page  using regular expression

2024-07-12 22:08:54 - [MESSAGE][PASSED] - Text 'Received' is present on page  using regular expression

2024-07-12 22:08:54 - [TEST_STEP][PASSED] - verifyTextPresent("UDF1", true): Text 'UDF1' is present on page  using regular expression

2024-07-12 22:08:54 - [MESSAGE][PASSED] - Text 'UDF1' is present on page  using regular expression

2024-07-12 22:08:54 - [TEST_STEP][PASSED] - verifyTextPresent("UDF2", true): Text 'UDF2' is present on page  using regular expression

2024-07-12 22:08:54 - [MESSAGE][PASSED] - Text 'UDF2' is present on page  using regular expression

2024-07-12 22:08:54 - [TEST_STEP][PASSED] - verifyTextPresent("UDF3", true): Text 'UDF3' is present on page  using regular expression

2024-07-12 22:08:55 - [MESSAGE][PASSED] - Text 'UDF3' is present on page  using regular expression

2024-07-12 22:08:55 - [TEST_STEP][PASSED] - verifyTextPresent("UDF4", true): Text 'UDF4' is present on page  using regular expression

2024-07-12 22:08:55 - [MESSAGE][PASSED] - Text 'UDF4' is present on page  using regular expression

2024-07-12 22:08:55 - [TEST_STEP][PASSED] - verifyTextPresent("UDF5", true): Text 'UDF5' is present on page  using regular expression

2024-07-12 22:08:55 - [MESSAGE][PASSED] - Text 'UDF5' is present on page  using regular expression

2024-07-12 22:08:55 - [TEST_STEP][PASSED] - verifyTextPresent("UDF6", true): Text 'UDF6' is present on page  using regular expression

2024-07-12 22:08:56 - [MESSAGE][PASSED] - Text 'UDF6' is present on page  using regular expression

2024-07-12 22:08:56 - [TEST_STEP][PASSED] - verifyTextPresent("UDF7", true): Text 'UDF7' is present on page  using regular expression

2024-07-12 22:08:56 - [MESSAGE][PASSED] - Text 'UDF7' is present on page  using regular expression

2024-07-12 22:08:56 - [TEST_STEP][PASSED] - verifyTextPresent("UDF8", true): Text 'UDF8' is present on page  using regular expression

2024-07-12 22:08:56 - [MESSAGE][PASSED] - Text 'UDF8' is present on page  using regular expression

2024-07-12 22:08:56 - [TEST_STEP][PASSED] - verifyTextPresent("UDF9", true): Text 'UDF9' is present on page  using regular expression

2024-07-12 22:08:57 - [MESSAGE][PASSED] - Text 'UDF9' is present on page  using regular expression

2024-07-12 22:08:57 - [TEST_STEP][PASSED] - verifyTextPresent("UDF 10", true): Text 'UDF 10' is present on page  using regular expression

2024-07-12 22:08:57 - [MESSAGE][PASSED] - Text 'UDF 10' is present on page  using regular expression

2024-07-12 22:08:57 - [TEST_STEP][PASSED] - verifyTextPresent("Australia", true): Text 'Australia' is present on page  using regular expression

2024-07-12 22:08:57 - [MESSAGE][PASSED] - Text 'Australia' is present on page  using regular expression

2024-07-12 22:08:57 - [TEST_STEP][PASSED] - verifyTextPresent("Denmark", true): Text 'Denmark' is present on page  using regular expression

2024-07-12 22:08:58 - [MESSAGE][PASSED] - Text 'Denmark' is present on page  using regular expression

2024-07-12 22:08:58 - [TEST_STEP][PASSED] - verifyTextPresent("Sweden", true): Text 'Sweden' is present on page  using regular expression

2024-07-12 22:08:58 - [MESSAGE][PASSED] - Text 'Sweden' is present on page  using regular expression

2024-07-12 22:08:58 - [TEST_STEP][PASSED] - verifyTextPresent("Austria", true): Text 'Austria' is present on page  using regular expression

2024-07-12 22:08:58 - [MESSAGE][PASSED] - Text 'Austria' is present on page  using regular expression

2024-07-12 22:08:58 - [TEST_STEP][PASSED] - verifyTextPresent("Orange Recorded", true): Text 'Orange Recorded' is present on page  using regular expression

2024-07-12 22:08:59 - [MESSAGE][PASSED] - Text 'Orange Recorded' is present on page  using regular expression

2024-07-12 22:08:59 - [TEST_STEP][PASSED] - verifyTextPresent("Yellow Recorded", true): Text 'Yellow Recorded' is present on page  using regular expression

2024-07-12 22:08:59 - [MESSAGE][PASSED] - Text 'Yellow Recorded' is present on page  using regular expression

2024-07-12 22:08:59 - [TEST_STEP][PASSED] - verifyTextPresent("Norway", true): Text 'Norway' is present on page  using regular expression

2024-07-12 22:08:59 - [MESSAGE][PASSED] - Text 'Norway' is present on page  using regular expression

2024-07-12 22:08:59 - [TEST_STEP][PASSED] - verifyTextPresent("Netherlands", true): Text 'Netherlands' is present on page  using regular expression

2024-07-12 22:09:00 - [MESSAGE][PASSED] - Text 'Netherlands' is present on page  using regular expression

2024-07-12 22:09:00 - [TEST_STEP][PASSED] - verifyTextPresent("Switzerland", true): Text 'Switzerland' is present on page  using regular expression

2024-07-12 22:09:00 - [MESSAGE][PASSED] - Text 'Switzerland' is present on page  using regular expression

2024-07-12 22:09:00 - [TEST_STEP][PASSED] - verifyTextPresent("France", true): Text 'France' is present on page  using regular expression

2024-07-12 22:09:00 - [MESSAGE][PASSED] - Text 'France' is present on page  using regular expression

2024-07-12 22:09:00 - [TEST_STEP][PASSED] - verifyTextPresent("Amount", true): Text 'Amount' is present on page  using regular expression

2024-07-12 22:09:01 - [MESSAGE][PASSED] - Text 'Amount' is present on page  using regular expression

2024-07-12 22:09:01 - [TEST_STEP][PASSED] - verifyTextPresent("Service Fee", true): Text 'Service Fee' is present on page  using regular expression

2024-07-12 22:09:01 - [MESSAGE][PASSED] - Text 'Service Fee' is present on page  using regular expression

2024-07-12 22:09:01 - [TEST_STEP][PASSED] - verifyTextPresent("Service Fee Type", true): Text 'Service Fee Type' is present on page  using regular expression

2024-07-12 22:09:01 - [MESSAGE][PASSED] - Text 'Service Fee Type' is present on page  using regular expression

2024-07-12 22:09:01 - [TEST_STEP][PASSED] - verifyTextPresent("Total Amount", true): Text 'Total Amount' is present on page  using regular expression

2024-07-12 22:09:02 - [MESSAGE][PASSED] - Text 'Total Amount' is present on page  using regular expression

2024-07-12 22:09:02 - [TEST_STEP][PASSED] - verifyTextPresent("Transaction Type", true): Text 'Transaction Type' is present on page  using regular expression

2024-07-12 22:09:02 - [MESSAGE][PASSED] - Text 'Transaction Type' is present on page  using regular expression

2024-07-12 22:09:02 - [TEST_STEP][PASSED] - verifyTextPresent("10.50", true): Text '10.50' is present on page  using regular expression

2024-07-12 22:09:02 - [MESSAGE][PASSED] - Text '10.50' is present on page  using regular expression

2024-07-12 22:09:02 - [TEST_STEP][PASSED] - verifyTextPresent("5.00", true): Text '5.00' is present on page  using regular expression

2024-07-12 22:09:03 - [MESSAGE][PASSED] - Text '5.00' is present on page  using regular expression

2024-07-12 22:09:03 - [TEST_STEP][PASSED] - verifyTextPresent("Dual Transaction", true): Text 'Dual Transaction' is present on page  using regular expression

2024-07-12 22:09:03 - [MESSAGE][PASSED] - Text 'Dual Transaction' is present on page  using regular expression

2024-07-12 22:09:03 - [TEST_STEP][PASSED] - verifyTextPresent("15.50", true): Text '15.50' is present on page  using regular expression

2024-07-12 22:09:03 - [MESSAGE][PASSED] - Text '15.50' is present on page  using regular expression

2024-07-12 22:09:03 - [TEST_STEP][PASSED] - verifyTextPresent("Authorization", true): Text 'Authorization' is present on page  using regular expression

2024-07-12 22:09:04 - [MESSAGE][PASSED] - Text 'Authorization' is present on page  using regular expression

2024-07-12 22:09:04 - [TEST_STEP][PASSED] - verifyTextPresent("Card Information", true): Text 'Card Information' is present on page  using regular expression

2024-07-12 22:09:04 - [MESSAGE][PASSED] - Text 'Card Information' is present on page  using regular expression

2024-07-12 22:09:04 - [TEST_STEP][PASSED] - cardNameV = findTestData(dataFile).getValue("CardNameV", row): null

2024-07-12 22:09:04 - [TEST_STEP][PASSED] - al1V = findTestData(dataFile).getValue("AL1", row): null

2024-07-12 22:09:04 - [TEST_STEP][PASSED] - al2V = findTestData(dataFile).getValue("AL2", row): null

2024-07-12 22:09:04 - [TEST_STEP][PASSED] - zipV = findTestData(dataFile).getValue("ZIP", row): null

2024-07-12 22:09:04 - [TEST_STEP][PASSED] - cardTypeV = findTestData(dataFile).getValue("CardType", row): null

2024-07-12 22:09:05 - [TEST_STEP][PASSED] - last4V = findTestData(dataFile).getValue("Last4", row): null

2024-07-12 22:09:05 - [TEST_STEP][PASSED] - verifyTextPresent(cardNameV, true): Text 'JANAKI JAMES' is present on page  using regular expression

2024-07-12 22:09:05 - [MESSAGE][PASSED] - Text 'JANAKI JAMES' is present on page  using regular expression

2024-07-12 22:09:05 - [TEST_STEP][PASSED] - verifyTextPresent("Address Line 1", true): Text 'Address Line 1' is present on page  using regular expression

2024-07-12 22:09:05 - [MESSAGE][PASSED] - Text 'Address Line 1' is present on page  using regular expression

2024-07-12 22:09:05 - [TEST_STEP][PASSED] - verifyTextPresent("Address Line 2", true): Text 'Address Line 2' is present on page  using regular expression

2024-07-12 22:09:06 - [MESSAGE][PASSED] - Text 'Address Line 2' is present on page  using regular expression

2024-07-12 22:09:06 - [TEST_STEP][PASSED] - verifyTextPresent("Country", true): Text 'Country' is present on page  using regular expression

2024-07-12 22:09:06 - [MESSAGE][PASSED] - Text 'Country' is present on page  using regular expression

2024-07-12 22:09:06 - [TEST_STEP][PASSED] - verifyTextPresent("City", true): Text 'City' is present on page  using regular expression

2024-07-12 22:09:06 - [MESSAGE][PASSED] - Text 'City' is present on page  using regular expression

2024-07-12 22:09:06 - [TEST_STEP][PASSED] - verifyTextPresent("State", true): Text 'State' is present on page  using regular expression

2024-07-12 22:09:07 - [MESSAGE][PASSED] - Text 'State' is present on page  using regular expression

2024-07-12 22:09:07 - [TEST_STEP][PASSED] - verifyTextPresent("ZIP Code", true): Text 'ZIP Code' is present on page  using regular expression

2024-07-12 22:09:07 - [MESSAGE][PASSED] - Text 'ZIP Code' is present on page  using regular expression

2024-07-12 22:09:07 - [TEST_STEP][PASSED] - verifyTextPresent(al1V, true): Text '36 Cornor Road' is present on page  using regular expression

2024-07-12 22:09:07 - [MESSAGE][PASSED] - Text '36 Cornor Road' is present on page  using regular expression

2024-07-12 22:09:07 - [TEST_STEP][PASSED] - verifyTextPresent(al2V, true): Text 'Suite 500' is present on page  using regular expression

2024-07-12 22:09:08 - [MESSAGE][PASSED] - Text 'Suite 500' is present on page  using regular expression

2024-07-12 22:09:08 - [TEST_STEP][PASSED] - verifyTextPresent("United States", true): Text 'United States' is present on page  using regular expression

2024-07-12 22:09:08 - [MESSAGE][PASSED] - Text 'United States' is present on page  using regular expression

2024-07-12 22:09:08 - [TEST_STEP][PASSED] - verifyTextPresent("ARLINGTON", true): Text 'ARLINGTON' is present on page  using regular expression

2024-07-12 22:09:08 - [MESSAGE][PASSED] - Text 'ARLINGTON' is present on page  using regular expression

2024-07-12 22:09:08 - [TEST_STEP][PASSED] - verifyTextPresent("Virginia", true): Text 'Virginia' is present on page  using regular expression

2024-07-12 22:09:09 - [MESSAGE][PASSED] - Text 'Virginia' is present on page  using regular expression

2024-07-12 22:09:09 - [TEST_STEP][PASSED] - verifyTextPresent(zipV, true): Text '22201' is present on page  using regular expression

2024-07-12 22:09:09 - [MESSAGE][PASSED] - Text '22201' is present on page  using regular expression

2024-07-12 22:09:09 - [TEST_STEP][PASSED] - verifyTextPresent(cardTypeV, true): Text 'Visa' is present on page  using regular expression

2024-07-12 22:09:09 - [MESSAGE][PASSED] - Text 'Visa' is present on page  using regular expression

2024-07-12 22:09:09 - [TEST_STEP][PASSED] - verifyTextPresent(last4V, true): Text '5439' is present on page  using regular expression

2024-07-12 22:09:10 - [MESSAGE][PASSED] - Text '5439' is present on page  using regular expression

2024-07-12 22:09:10 - [TEST_STEP][PASSED] - closeBrowser(): Browser is closed

2024-07-12 22:09:11 - [MESSAGE][PASSED] - Browser is closed

2024-07-12 22:09:11 - [TEST_STEP][PASSED] - ExecuteTC = findTestData(dataFile).getValue("Execute", row): null

2024-07-12 22:09:11 - [TEST_STEP][PASSED] - out.println("Value of Execute is : " + ExecuteTC): null

2024-07-12 22:09:11 - [TEST_STEP][PASSED] - switch (executionProfile): null

2024-07-12 22:09:11 - [TEST_STEP][PASSED] - case "QA2Profile":: null

2024-07-12 22:09:11 - [TEST_STEP][PASSED] - appName = findTestData(dataFile).getValue("AppNameQA", row): null

2024-07-12 22:09:11 - [TEST_STEP][PASSED] - appID = findTestData(dataFile).getValue("AppIDQA", row): null

2024-07-12 22:09:11 - [TEST_STEP][PASSED] - break: null

2024-07-12 22:09:11 - [TEST_STEP][PASSED] - hrefAppID = li_1 + appID + li_2: null

2024-07-12 22:09:11 - [TEST_STEP][PASSED] - hrefApp = li_1 + appID + "/": null

2024-07-12 22:09:11 - [TEST_STEP][PASSED] - println("hrefApp : " + hrefApp): null

2024-07-12 22:09:11 - [TEST_STEP][PASSED] - if (ExecuteTC.equalsIgnoreCase("Y")): Browser is closed

2024-07-12 22:09:11 - [TEST_STEP][PASSED] - out.println("Begin Record Number: " + row): null

2024-07-12 22:09:11 - [TEST_STEP][PASSED] - today = new java.util.Date(): null

2024-07-12 22:09:11 - [TEST_STEP][PASSED] - println(today): null

2024-07-12 22:09:11 - [TEST_STEP][PASSED] - datText = today: null

2024-07-12 22:09:11 - [TEST_STEP][PASSED] - adminSuiteBootstrap.loginFunctionality.login_AdminSuite(): adminSuiteBootstrap.loginFunctionality.login_AdminSuite is PASSED

2024-07-12 22:09:11 - [MESSAGE][INFO] - Starting 'Chrome' driver

2024-07-12 22:09:11 - [MESSAGE][INFO] - User set preference: ['acceptInsecureCerts', 'true']

2024-07-12 22:09:11 - [MESSAGE][INFO] - Action delay is set to 0 milliseconds

2024-07-12 22:09:14 - [MESSAGE][PASSED] - Browser is opened with url: 'https://qa2.velocitypayment.com/admin/imtiaz'

2024-07-12 22:09:14 - [MESSAGE][PASSED] - Current window maximized

2024-07-12 22:09:15 - [MESSAGE][PASSED] - Object 'Object Repository/Login_Page/Login_Username_Okta' is present

2024-07-12 22:09:15 - [MESSAGE][PASSED] - Text 'iahmed' is set on object 'Object Repository/Login_Page/Login_Username_Okta'

2024-07-12 22:09:16 - [MESSAGE][PASSED] - Text 'Hello!6666666' is set on object 'Object Repository/Login_Page/Login_Password_Okta'

2024-07-12 22:09:17 - [MESSAGE][PASSED] - Object: 'Object Repository/Login_Page/Login_Submit_Okta' is clicked on

2024-07-12 22:09:17 - [MESSAGE][PASSED] - adminSuiteBootstrap.loginFunctionality.login_AdminSuite is PASSED

2024-07-12 22:09:17 - [TEST_STEP][PASSED] - click(findTestObject(path_Dashboard + appName)): Object: 'Object Repository/AdminSuiteBootstrap_Pages/Dashboard_Bootstrap/a_Access AutoDualCFtpQA' is clicked on

2024-07-12 22:09:24 - [MESSAGE][PASSED] - Object: 'Object Repository/AdminSuiteBootstrap_Pages/Dashboard_Bootstrap/a_Access AutoDualCFtpQA' is clicked on

2024-07-12 22:09:24 - [TEST_STEP][PASSED] - click(findTestObject(path_VT + "button_Authorization Only")): Object: 'Object Repository/AdminSuiteBootstrap_Pages/VT_Bootstrap/IssueTransactions/button_Authorization Only' is clicked on

2024-07-12 22:09:25 - [MESSAGE][PASSED] - Object: 'Object Repository/AdminSuiteBootstrap_Pages/VT_Bootstrap/IssueTransactions/button_Authorization Only' is clicked on

2024-07-12 22:09:25 - [TEST_STEP][PASSED] - authOnlyKeyboardEntryLink = modifyObjectProperty(findTestObject(path_VT + "a_KeyboardEntry_Sale"), "href", "equals", hrefAppID, true): Modify property of object successfully

2024-07-12 22:09:25 - [MESSAGE][PASSED] - Modify property of object successfully

2024-07-12 22:09:25 - [TEST_STEP][PASSED] - click(authOnlyKeyboardEntryLink): Object: 'Object Repository/AdminSuiteBootstrap_Pages/VT_Bootstrap/IssueTransactions/a_KeyboardEntry_Sale' is clicked on

2024-07-12 22:09:26 - [MESSAGE][PASSED] - Object: 'Object Repository/AdminSuiteBootstrap_Pages/VT_Bootstrap/IssueTransactions/a_KeyboardEntry_Sale' is clicked on

2024-07-12 22:09:26 - [TEST_STEP][PASSED] - adminSuiteBootstrap.virtualTerminalSetData.saleKeyboard_DataDriven(row, dataFile): adminSuiteBootstrap.virtualTerminalSetData.saleKeyboard_DataDriven is PASSED

2024-07-12 22:09:30 - [MESSAGE][PASSED] - Text 'Janaki James' is set on object 'Object Repository/AdminSuiteBootstrap_Pages/VT_Bootstrap/SaleKeyboard/input_cardName'

2024-07-12 22:09:31 - [MESSAGE][PASSED] - All options with value 'MOTO' are selected in object 'Object Repository/AdminSuiteBootstrap_Pages/VT_Bootstrap/SaleKeyboard/select_transactionCategory'  using regular expression

2024-07-12 22:09:31 - [MESSAGE][PASSED] - Execute JavaScript 'arguments[0].value ='5146312200000035' ' successfully

2024-07-12 22:09:31 - [MESSAGE][PASSED] - Execute JavaScript 'arguments[0].value ='123' ' successfully

2024-07-12 22:09:33 - [MESSAGE][PASSED] - All options with value '12' are selected in object 'Object Repository/AdminSuiteBootstrap_Pages/VT_Bootstrap/SaleKeyboard/select_MM'  using regular expression

2024-07-12 22:09:34 - [MESSAGE][PASSED] - All options with value '2025' are selected in object 'Object Repository/AdminSuiteBootstrap_Pages/VT_Bootstrap/SaleKeyboard/select_YYYY'  using regular expression

2024-07-12 22:09:34 - [MESSAGE][PASSED] - Text '1478 Jhatka Palace' is set on object 'Object Repository/AdminSuiteBootstrap_Pages/VT_Bootstrap/SaleKeyboard/input__address'

2024-07-12 22:09:35 - [MESSAGE][PASSED] - Text 'Suite 500' is set on object 'Object Repository/AdminSuiteBootstrap_Pages/VT_Bootstrap/SaleKeyboard/input__address2'

2024-07-12 22:09:36 - [MESSAGE][PASSED] - Text '22201' is set on object 'Object Repository/AdminSuiteBootstrap_Pages/VT_Bootstrap/SaleKeyboard/input__zip'

2024-07-12 22:09:37 - [MESSAGE][PASSED] - Text '' is set on object 'Object Repository/AdminSuiteBootstrap_Pages/VT_Bootstrap/SaleKeyboard/input_emailAddress'

2024-07-12 22:09:38 - [MESSAGE][PASSED] - Text '' is set on object 'Object Repository/AdminSuiteBootstrap_Pages/VT_Bootstrap/SaleKeyboard/input_smsNumber'

2024-07-12 22:09:39 - [MESSAGE][PASSED] - Text '10.50' is set on object 'Object Repository/AdminSuiteBootstrap_Pages/VT_Bootstrap/SaleKeyboard/input_amount'

2024-07-12 22:09:40 - [MESSAGE][PASSED] - Text 'Australia' is set on object 'Object Repository/AdminSuiteBootstrap_Pages/VT_Bootstrap/SaleKeyboard/input_userDefined1'

2024-07-12 22:09:40 - [MESSAGE][PASSED] - Text 'Denmark' is set on object 'Object Repository/AdminSuiteBootstrap_Pages/VT_Bootstrap/SaleKeyboard/input_userDefined2'

2024-07-12 22:09:41 - [MESSAGE][PASSED] - Text 'Sweden' is set on object 'Object Repository/AdminSuiteBootstrap_Pages/VT_Bootstrap/SaleKeyboard/input_userDefined3'

2024-07-12 22:09:42 - [MESSAGE][PASSED] - Text 'Austria' is set on object 'Object Repository/AdminSuiteBootstrap_Pages/VT_Bootstrap/SaleKeyboard/input_userDefined4'

2024-07-12 22:09:43 - [MESSAGE][PASSED] - All options with label 'Orange' are selected in object 'Object Repository/AdminSuiteBootstrap_Pages/VT_Bootstrap/SaleKeyboard/select_UDF5_DropDown'  using regular expression

2024-07-12 22:09:44 - [MESSAGE][PASSED] - All options with label 'Yellow' are selected in object 'Object Repository/AdminSuiteBootstrap_Pages/VT_Bootstrap/SaleKeyboard/select_UDF6_DropDown'  using regular expression

2024-07-12 22:09:45 - [MESSAGE][PASSED] - Text 'Norway' is set on object 'Object Repository/AdminSuiteBootstrap_Pages/VT_Bootstrap/SaleKeyboard/input_userDefined7'

2024-07-12 22:09:45 - [MESSAGE][PASSED] - Text 'Netherlands' is set on object 'Object Repository/AdminSuiteBootstrap_Pages/VT_Bootstrap/SaleKeyboard/input_userDefined8'

2024-07-12 22:09:46 - [MESSAGE][PASSED] - Text 'Switzerland' is set on object 'Object Repository/AdminSuiteBootstrap_Pages/VT_Bootstrap/SaleKeyboard/input_userDefined9'

2024-07-12 22:09:47 - [MESSAGE][PASSED] - Text 'France' is set on object 'Object Repository/AdminSuiteBootstrap_Pages/VT_Bootstrap/SaleKeyboard/input_userDefined10'

2024-07-12 22:09:49 - [MESSAGE][PASSED] - Object: 'Object Repository/AdminSuiteBootstrap_Pages/VT_Bootstrap/SaleKeyboard/button_Submit' is clicked on

2024-07-12 22:09:49 - [MESSAGE][PASSED] - adminSuiteBootstrap.virtualTerminalSetData.saleKeyboard_DataDriven is PASSED

2024-07-12 22:09:49 - [TEST_STEP][PASSED] - verifyTextPresent("Transaction Successful", true): Text 'Transaction Successful' is present on page  using regular expression

2024-07-12 22:09:49 - [MESSAGE][PASSED] - Text 'Transaction Successful' is present on page  using regular expression

2024-07-12 22:09:49 - [TEST_STEP][PASSED] - verifyElementVisible(findTestObject("Object Repository/AdminSuiteBootstrap_Pages/VT_Bootstrap/Receipt/button_Continue")): Object 'Object Repository/AdminSuiteBootstrap_Pages/VT_Bootstrap/Receipt/button_Continue' is visible

2024-07-12 22:09:49 - [MESSAGE][PASSED] - Object 'Object Repository/AdminSuiteBootstrap_Pages/VT_Bootstrap/Receipt/button_Continue' is visible

2024-07-12 22:09:49 - [TEST_STEP][PASSED] - verifyElementPresent(findTestObject("Object Repository/AdminSuiteBootstrap_Pages/VT_Bootstrap/Receipt/button_Continue"), 20): Object 'Object Repository/AdminSuiteBootstrap_Pages/VT_Bootstrap/Receipt/button_Continue' is present

2024-07-12 22:09:50 - [MESSAGE][PASSED] - Object 'Object Repository/AdminSuiteBootstrap_Pages/VT_Bootstrap/Receipt/button_Continue' is present

2024-07-12 22:09:50 - [TEST_STEP][PASSED] - verifyElementVisible(findTestObject("Object Repository/AdminSuiteBootstrap_Pages/VT_Bootstrap/Receipt/button_Print")): Object 'Object Repository/AdminSuiteBootstrap_Pages/VT_Bootstrap/Receipt/button_Print' is visible

2024-07-12 22:09:50 - [MESSAGE][PASSED] - Object 'Object Repository/AdminSuiteBootstrap_Pages/VT_Bootstrap/Receipt/button_Print' is visible

2024-07-12 22:09:50 - [TEST_STEP][PASSED] - verifyElementPresent(findTestObject("Object Repository/AdminSuiteBootstrap_Pages/VT_Bootstrap/Receipt/button_Print"), 20): Object 'Object Repository/AdminSuiteBootstrap_Pages/VT_Bootstrap/Receipt/button_Print' is present

2024-07-12 22:09:50 - [MESSAGE][PASSED] - Object 'Object Repository/AdminSuiteBootstrap_Pages/VT_Bootstrap/Receipt/button_Print' is present

2024-07-12 22:09:50 - [TEST_STEP][PASSED] - verifyTextPresent("Remittance ID", true): Text 'Remittance ID' is present on page  using regular expression

2024-07-12 22:09:51 - [MESSAGE][PASSED] - Text 'Remittance ID' is present on page  using regular expression

2024-07-12 22:09:51 - [TEST_STEP][PASSED] - verifyTextPresent("Received", true): Text 'Received' is present on page  using regular expression

2024-07-12 22:09:51 - [MESSAGE][PASSED] - Text 'Received' is present on page  using regular expression

2024-07-12 22:09:51 - [TEST_STEP][PASSED] - verifyTextPresent("UDF1", true): Text 'UDF1' is present on page  using regular expression

2024-07-12 22:09:51 - [MESSAGE][PASSED] - Text 'UDF1' is present on page  using regular expression

2024-07-12 22:09:51 - [TEST_STEP][PASSED] - verifyTextPresent("UDF2", true): Text 'UDF2' is present on page  using regular expression

2024-07-12 22:09:52 - [MESSAGE][PASSED] - Text 'UDF2' is present on page  using regular expression

2024-07-12 22:09:52 - [TEST_STEP][PASSED] - verifyTextPresent("UDF3", true): Text 'UDF3' is present on page  using regular expression

2024-07-12 22:09:52 - [MESSAGE][PASSED] - Text 'UDF3' is present on page  using regular expression

2024-07-12 22:09:52 - [TEST_STEP][PASSED] - verifyTextPresent("UDF4", true): Text 'UDF4' is present on page  using regular expression

2024-07-12 22:09:52 - [MESSAGE][PASSED] - Text 'UDF4' is present on page  using regular expression

2024-07-12 22:09:52 - [TEST_STEP][PASSED] - verifyTextPresent("UDF5", true): Text 'UDF5' is present on page  using regular expression

2024-07-12 22:09:53 - [MESSAGE][PASSED] - Text 'UDF5' is present on page  using regular expression

2024-07-12 22:09:53 - [TEST_STEP][PASSED] - verifyTextPresent("UDF6", true): Text 'UDF6' is present on page  using regular expression

2024-07-12 22:09:53 - [MESSAGE][PASSED] - Text 'UDF6' is present on page  using regular expression

2024-07-12 22:09:53 - [TEST_STEP][PASSED] - verifyTextPresent("UDF7", true): Text 'UDF7' is present on page  using regular expression

2024-07-12 22:09:53 - [MESSAGE][PASSED] - Text 'UDF7' is present on page  using regular expression

2024-07-12 22:09:53 - [TEST_STEP][PASSED] - verifyTextPresent("UDF8", true): Text 'UDF8' is present on page  using regular expression

2024-07-12 22:09:54 - [MESSAGE][PASSED] - Text 'UDF8' is present on page  using regular expression

2024-07-12 22:09:54 - [TEST_STEP][PASSED] - verifyTextPresent("UDF9", true): Text 'UDF9' is present on page  using regular expression

2024-07-12 22:09:54 - [MESSAGE][PASSED] - Text 'UDF9' is present on page  using regular expression

2024-07-12 22:09:54 - [TEST_STEP][PASSED] - verifyTextPresent("UDF 10", true): Text 'UDF 10' is present on page  using regular expression

2024-07-12 22:09:54 - [MESSAGE][PASSED] - Text 'UDF 10' is present on page  using regular expression

2024-07-12 22:09:54 - [TEST_STEP][PASSED] - verifyTextPresent("Australia", true): Text 'Australia' is present on page  using regular expression

2024-07-12 22:09:55 - [MESSAGE][PASSED] - Text 'Australia' is present on page  using regular expression

2024-07-12 22:09:55 - [TEST_STEP][PASSED] - verifyTextPresent("Denmark", true): Text 'Denmark' is present on page  using regular expression

2024-07-12 22:09:55 - [MESSAGE][PASSED] - Text 'Denmark' is present on page  using regular expression

2024-07-12 22:09:55 - [TEST_STEP][PASSED] - verifyTextPresent("Sweden", true): Text 'Sweden' is present on page  using regular expression

2024-07-12 22:09:55 - [MESSAGE][PASSED] - Text 'Sweden' is present on page  using regular expression

2024-07-12 22:09:55 - [TEST_STEP][PASSED] - verifyTextPresent("Austria", true): Text 'Austria' is present on page  using regular expression

2024-07-12 22:09:56 - [MESSAGE][PASSED] - Text 'Austria' is present on page  using regular expression

2024-07-12 22:09:56 - [TEST_STEP][PASSED] - verifyTextPresent("Orange Recorded", true): Text 'Orange Recorded' is present on page  using regular expression

2024-07-12 22:09:56 - [MESSAGE][PASSED] - Text 'Orange Recorded' is present on page  using regular expression

2024-07-12 22:09:56 - [TEST_STEP][PASSED] - verifyTextPresent("Yellow Recorded", true): Text 'Yellow Recorded' is present on page  using regular expression

2024-07-12 22:09:56 - [MESSAGE][PASSED] - Text 'Yellow Recorded' is present on page  using regular expression

2024-07-12 22:09:56 - [TEST_STEP][PASSED] - verifyTextPresent("Norway", true): Text 'Norway' is present on page  using regular expression

2024-07-12 22:09:57 - [MESSAGE][PASSED] - Text 'Norway' is present on page  using regular expression

2024-07-12 22:09:57 - [TEST_STEP][PASSED] - verifyTextPresent("Netherlands", true): Text 'Netherlands' is present on page  using regular expression

2024-07-12 22:09:57 - [MESSAGE][PASSED] - Text 'Netherlands' is present on page  using regular expression

2024-07-12 22:09:57 - [TEST_STEP][PASSED] - verifyTextPresent("Switzerland", true): Text 'Switzerland' is present on page  using regular expression

2024-07-12 22:09:57 - [MESSAGE][PASSED] - Text 'Switzerland' is present on page  using regular expression

2024-07-12 22:09:57 - [TEST_STEP][PASSED] - verifyTextPresent("France", true): Text 'France' is present on page  using regular expression

2024-07-12 22:09:58 - [MESSAGE][PASSED] - Text 'France' is present on page  using regular expression

2024-07-12 22:09:58 - [TEST_STEP][PASSED] - verifyTextPresent("Amount", true): Text 'Amount' is present on page  using regular expression

2024-07-12 22:09:58 - [MESSAGE][PASSED] - Text 'Amount' is present on page  using regular expression

2024-07-12 22:09:58 - [TEST_STEP][PASSED] - verifyTextPresent("Service Fee", true): Text 'Service Fee' is present on page  using regular expression

2024-07-12 22:09:58 - [MESSAGE][PASSED] - Text 'Service Fee' is present on page  using regular expression

2024-07-12 22:09:58 - [TEST_STEP][PASSED] - verifyTextPresent("Service Fee Type", true): Text 'Service Fee Type' is present on page  using regular expression

2024-07-12 22:09:59 - [MESSAGE][PASSED] - Text 'Service Fee Type' is present on page  using regular expression

2024-07-12 22:09:59 - [TEST_STEP][PASSED] - verifyTextPresent("Total Amount", true): Text 'Total Amount' is present on page  using regular expression

2024-07-12 22:09:59 - [MESSAGE][PASSED] - Text 'Total Amount' is present on page  using regular expression

2024-07-12 22:09:59 - [TEST_STEP][PASSED] - verifyTextPresent("Transaction Type", true): Text 'Transaction Type' is present on page  using regular expression

2024-07-12 22:09:59 - [MESSAGE][PASSED] - Text 'Transaction Type' is present on page  using regular expression

2024-07-12 22:09:59 - [TEST_STEP][PASSED] - verifyTextPresent("10.50", true): Text '10.50' is present on page  using regular expression

2024-07-12 22:10:00 - [MESSAGE][PASSED] - Text '10.50' is present on page  using regular expression

2024-07-12 22:10:00 - [TEST_STEP][PASSED] - verifyTextPresent("5.00", true): Text '5.00' is present on page  using regular expression

2024-07-12 22:10:00 - [MESSAGE][PASSED] - Text '5.00' is present on page  using regular expression

2024-07-12 22:10:00 - [TEST_STEP][PASSED] - verifyTextPresent("Dual Transaction", true): Text 'Dual Transaction' is present on page  using regular expression

2024-07-12 22:10:00 - [MESSAGE][PASSED] - Text 'Dual Transaction' is present on page  using regular expression

2024-07-12 22:10:00 - [TEST_STEP][PASSED] - verifyTextPresent("15.50", true): Text '15.50' is present on page  using regular expression

2024-07-12 22:10:01 - [MESSAGE][PASSED] - Text '15.50' is present on page  using regular expression

2024-07-12 22:10:01 - [TEST_STEP][PASSED] - verifyTextPresent("Authorization", true): Text 'Authorization' is present on page  using regular expression

2024-07-12 22:10:01 - [MESSAGE][PASSED] - Text 'Authorization' is present on page  using regular expression

2024-07-12 22:10:01 - [TEST_STEP][PASSED] - verifyTextPresent("Card Information", true): Text 'Card Information' is present on page  using regular expression

2024-07-12 22:10:01 - [MESSAGE][PASSED] - Text 'Card Information' is present on page  using regular expression

2024-07-12 22:10:01 - [TEST_STEP][PASSED] - cardNameV = findTestData(dataFile).getValue("CardNameV", row): null

2024-07-12 22:10:02 - [TEST_STEP][PASSED] - al1V = findTestData(dataFile).getValue("AL1", row): null

2024-07-12 22:10:02 - [TEST_STEP][PASSED] - al2V = findTestData(dataFile).getValue("AL2", row): null

2024-07-12 22:10:02 - [TEST_STEP][PASSED] - zipV = findTestData(dataFile).getValue("ZIP", row): null

2024-07-12 22:10:02 - [TEST_STEP][PASSED] - cardTypeV = findTestData(dataFile).getValue("CardType", row): null

2024-07-12 22:10:02 - [TEST_STEP][PASSED] - last4V = findTestData(dataFile).getValue("Last4", row): null

2024-07-12 22:10:02 - [TEST_STEP][PASSED] - verifyTextPresent(cardNameV, true): Text 'JANAKI JAMES' is present on page  using regular expression

2024-07-12 22:10:03 - [MESSAGE][PASSED] - Text 'JANAKI JAMES' is present on page  using regular expression

2024-07-12 22:10:03 - [TEST_STEP][PASSED] - verifyTextPresent("Address Line 1", true): Text 'Address Line 1' is present on page  using regular expression

2024-07-12 22:10:03 - [MESSAGE][PASSED] - Text 'Address Line 1' is present on page  using regular expression

2024-07-12 22:10:03 - [TEST_STEP][PASSED] - verifyTextPresent("Address Line 2", true): Text 'Address Line 2' is present on page  using regular expression

2024-07-12 22:10:03 - [MESSAGE][PASSED] - Text 'Address Line 2' is present on page  using regular expression

2024-07-12 22:10:03 - [TEST_STEP][PASSED] - verifyTextPresent("Country", true): Text 'Country' is present on page  using regular expression

2024-07-12 22:10:04 - [MESSAGE][PASSED] - Text 'Country' is present on page  using regular expression

2024-07-12 22:10:04 - [TEST_STEP][PASSED] - verifyTextPresent("City", true): Text 'City' is present on page  using regular expression

2024-07-12 22:10:04 - [MESSAGE][PASSED] - Text 'City' is present on page  using regular expression

2024-07-12 22:10:04 - [TEST_STEP][PASSED] - verifyTextPresent("State", true): Text 'State' is present on page  using regular expression

2024-07-12 22:10:04 - [MESSAGE][PASSED] - Text 'State' is present on page  using regular expression

2024-07-12 22:10:04 - [TEST_STEP][PASSED] - verifyTextPresent("ZIP Code", true): Text 'ZIP Code' is present on page  using regular expression

2024-07-12 22:10:05 - [MESSAGE][PASSED] - Text 'ZIP Code' is present on page  using regular expression

2024-07-12 22:10:05 - [TEST_STEP][PASSED] - verifyTextPresent(al1V, true): Text '1478 Jhatka Palace' is present on page  using regular expression

2024-07-12 22:10:05 - [MESSAGE][PASSED] - Text '1478 Jhatka Palace' is present on page  using regular expression

2024-07-12 22:10:05 - [TEST_STEP][PASSED] - verifyTextPresent(al2V, true): Text 'Suite 500' is present on page  using regular expression

2024-07-12 22:10:05 - [MESSAGE][PASSED] - Text 'Suite 500' is present on page  using regular expression

2024-07-12 22:10:05 - [TEST_STEP][PASSED] - verifyTextPresent("United States", true): Text 'United States' is present on page  using regular expression

2024-07-12 22:10:06 - [MESSAGE][PASSED] - Text 'United States' is present on page  using regular expression

2024-07-12 22:10:06 - [TEST_STEP][PASSED] - verifyTextPresent("ARLINGTON", true): Text 'ARLINGTON' is present on page  using regular expression

2024-07-12 22:10:06 - [MESSAGE][PASSED] - Text 'ARLINGTON' is present on page  using regular expression

2024-07-12 22:10:06 - [TEST_STEP][PASSED] - verifyTextPresent("Virginia", true): Text 'Virginia' is present on page  using regular expression

2024-07-12 22:10:06 - [MESSAGE][PASSED] - Text 'Virginia' is present on page  using regular expression

2024-07-12 22:10:06 - [TEST_STEP][PASSED] - verifyTextPresent(zipV, true): Text '22201' is present on page  using regular expression

2024-07-12 22:10:07 - [MESSAGE][PASSED] - Text '22201' is present on page  using regular expression

2024-07-12 22:10:07 - [TEST_STEP][PASSED] - verifyTextPresent(cardTypeV, true): Text 'MasterCard' is present on page  using regular expression

2024-07-12 22:10:07 - [MESSAGE][PASSED] - Text 'MasterCard' is present on page  using regular expression

2024-07-12 22:10:07 - [TEST_STEP][PASSED] - verifyTextPresent(last4V, true): Text '0035' is present on page  using regular expression

2024-07-12 22:10:07 - [MESSAGE][PASSED] - Text '0035' is present on page  using regular expression

2024-07-12 22:10:07 - [TEST_STEP][PASSED] - closeBrowser(): Browser is closed

2024-07-12 22:10:09 - [MESSAGE][PASSED] - Browser is closed

2024-07-12 22:10:09 - [TEST_STEP][PASSED] - ExecuteTC = findTestData(dataFile).getValue("Execute", row): null

2024-07-12 22:10:09 - [TEST_STEP][PASSED] - out.println("Value of Execute is : " + ExecuteTC): null

2024-07-12 22:10:09 - [TEST_STEP][PASSED] - switch (executionProfile): null

2024-07-12 22:10:09 - [TEST_STEP][PASSED] - case "QA2Profile":: null

2024-07-12 22:10:09 - [TEST_STEP][PASSED] - appName = findTestData(dataFile).getValue("AppNameQA", row): null

2024-07-12 22:10:09 - [TEST_STEP][PASSED] - appID = findTestData(dataFile).getValue("AppIDQA", row): null

2024-07-12 22:10:09 - [TEST_STEP][PASSED] - break: null

2024-07-12 22:10:09 - [TEST_STEP][PASSED] - hrefAppID = li_1 + appID + li_2: null

2024-07-12 22:10:09 - [TEST_STEP][PASSED] - hrefApp = li_1 + appID + "/": null

2024-07-12 22:10:09 - [TEST_STEP][PASSED] - println("hrefApp : " + hrefApp): null

2024-07-12 22:10:09 - [TEST_STEP][PASSED] - if (ExecuteTC.equalsIgnoreCase("Y")): Browser is closed

2024-07-12 22:10:09 - [TEST_STEP][PASSED] - out.println("Begin Record Number: " + row): null

2024-07-12 22:10:09 - [TEST_STEP][PASSED] - today = new java.util.Date(): null

2024-07-12 22:10:09 - [TEST_STEP][PASSED] - println(today): null

2024-07-12 22:10:09 - [TEST_STEP][PASSED] - datText = today: null

2024-07-12 22:10:09 - [TEST_STEP][PASSED] - adminSuiteBootstrap.loginFunctionality.login_AdminSuite(): adminSuiteBootstrap.loginFunctionality.login_AdminSuite is PASSED

2024-07-12 22:10:09 - [MESSAGE][INFO] - Starting 'Chrome' driver

2024-07-12 22:10:09 - [MESSAGE][INFO] - User set preference: ['acceptInsecureCerts', 'true']

2024-07-12 22:10:09 - [MESSAGE][INFO] - Action delay is set to 0 milliseconds

2024-07-12 22:10:12 - [MESSAGE][PASSED] - Browser is opened with url: 'https://qa2.velocitypayment.com/admin/imtiaz'

2024-07-12 22:10:12 - [MESSAGE][PASSED] - Current window maximized

2024-07-12 22:10:13 - [MESSAGE][PASSED] - Object 'Object Repository/Login_Page/Login_Username_Okta' is present

2024-07-12 22:10:13 - [MESSAGE][PASSED] - Text 'iahmed' is set on object 'Object Repository/Login_Page/Login_Username_Okta'

2024-07-12 22:10:14 - [MESSAGE][PASSED] - Text 'Hello!6666666' is set on object 'Object Repository/Login_Page/Login_Password_Okta'

2024-07-12 22:10:15 - [MESSAGE][PASSED] - Object: 'Object Repository/Login_Page/Login_Submit_Okta' is clicked on

2024-07-12 22:10:15 - [MESSAGE][PASSED] - adminSuiteBootstrap.loginFunctionality.login_AdminSuite is PASSED

2024-07-12 22:10:15 - [TEST_STEP][PASSED] - click(findTestObject(path_Dashboard + appName)): Object: 'Object Repository/AdminSuiteBootstrap_Pages/Dashboard_Bootstrap/a_Access AutoDualCFtpQA' is clicked on

2024-07-12 22:10:22 - [MESSAGE][PASSED] - Object: 'Object Repository/AdminSuiteBootstrap_Pages/Dashboard_Bootstrap/a_Access AutoDualCFtpQA' is clicked on

2024-07-12 22:10:22 - [TEST_STEP][PASSED] - click(findTestObject(path_VT + "button_Authorization Only")): Object: 'Object Repository/AdminSuiteBootstrap_Pages/VT_Bootstrap/IssueTransactions/button_Authorization Only' is clicked on

2024-07-12 22:10:23 - [MESSAGE][PASSED] - Object: 'Object Repository/AdminSuiteBootstrap_Pages/VT_Bootstrap/IssueTransactions/button_Authorization Only' is clicked on

2024-07-12 22:10:23 - [TEST_STEP][PASSED] - authOnlyKeyboardEntryLink = modifyObjectProperty(findTestObject(path_VT + "a_KeyboardEntry_Sale"), "href", "equals", hrefAppID, true): Modify property of object successfully

2024-07-12 22:10:23 - [MESSAGE][PASSED] - Modify property of object successfully

2024-07-12 22:10:23 - [TEST_STEP][PASSED] - click(authOnlyKeyboardEntryLink): Object: 'Object Repository/AdminSuiteBootstrap_Pages/VT_Bootstrap/IssueTransactions/a_KeyboardEntry_Sale' is clicked on

2024-07-12 22:10:24 - [MESSAGE][PASSED] - Object: 'Object Repository/AdminSuiteBootstrap_Pages/VT_Bootstrap/IssueTransactions/a_KeyboardEntry_Sale' is clicked on

2024-07-12 22:10:24 - [TEST_STEP][PASSED] - adminSuiteBootstrap.virtualTerminalSetData.saleKeyboard_DataDriven(row, dataFile): adminSuiteBootstrap.virtualTerminalSetData.saleKeyboard_DataDriven is PASSED

2024-07-12 22:10:27 - [MESSAGE][PASSED] - Text 'Janaki James' is set on object 'Object Repository/AdminSuiteBootstrap_Pages/VT_Bootstrap/SaleKeyboard/input_cardName'

2024-07-12 22:10:28 - [MESSAGE][PASSED] - All options with value 'MOTO' are selected in object 'Object Repository/AdminSuiteBootstrap_Pages/VT_Bootstrap/SaleKeyboard/select_transactionCategory'  using regular expression

2024-07-12 22:10:29 - [MESSAGE][PASSED] - Execute JavaScript 'arguments[0].value ='371449635392376' ' successfully

2024-07-12 22:10:29 - [MESSAGE][PASSED] - Execute JavaScript 'arguments[0].value ='123' ' successfully

2024-07-12 22:10:30 - [MESSAGE][PASSED] - All options with value '12' are selected in object 'Object Repository/AdminSuiteBootstrap_Pages/VT_Bootstrap/SaleKeyboard/select_MM'  using regular expression

2024-07-12 22:10:31 - [MESSAGE][PASSED] - All options with value '2025' are selected in object 'Object Repository/AdminSuiteBootstrap_Pages/VT_Bootstrap/SaleKeyboard/select_YYYY'  using regular expression

2024-07-12 22:10:32 - [MESSAGE][PASSED] - Text '550 Swan Lake' is set on object 'Object Repository/AdminSuiteBootstrap_Pages/VT_Bootstrap/SaleKeyboard/input__address'

2024-07-12 22:10:33 - [MESSAGE][PASSED] - Text 'Suite 500' is set on object 'Object Repository/AdminSuiteBootstrap_Pages/VT_Bootstrap/SaleKeyboard/input__address2'

2024-07-12 22:10:34 - [MESSAGE][PASSED] - Text '22201' is set on object 'Object Repository/AdminSuiteBootstrap_Pages/VT_Bootstrap/SaleKeyboard/input__zip'

2024-07-12 22:10:34 - [MESSAGE][PASSED] - Text '' is set on object 'Object Repository/AdminSuiteBootstrap_Pages/VT_Bootstrap/SaleKeyboard/input_emailAddress'

2024-07-12 22:10:36 - [MESSAGE][PASSED] - Text '' is set on object 'Object Repository/AdminSuiteBootstrap_Pages/VT_Bootstrap/SaleKeyboard/input_smsNumber'

2024-07-12 22:10:37 - [MESSAGE][PASSED] - Text '10.50' is set on object 'Object Repository/AdminSuiteBootstrap_Pages/VT_Bootstrap/SaleKeyboard/input_amount'

2024-07-12 22:10:38 - [MESSAGE][PASSED] - Text 'Australia' is set on object 'Object Repository/AdminSuiteBootstrap_Pages/VT_Bootstrap/SaleKeyboard/input_userDefined1'

2024-07-12 22:10:38 - [MESSAGE][PASSED] - Text 'Denmark' is set on object 'Object Repository/AdminSuiteBootstrap_Pages/VT_Bootstrap/SaleKeyboard/input_userDefined2'

2024-07-12 22:10:39 - [MESSAGE][PASSED] - Text 'Sweden' is set on object 'Object Repository/AdminSuiteBootstrap_Pages/VT_Bootstrap/SaleKeyboard/input_userDefined3'

2024-07-12 22:10:40 - [MESSAGE][PASSED] - Text 'Austria' is set on object 'Object Repository/AdminSuiteBootstrap_Pages/VT_Bootstrap/SaleKeyboard/input_userDefined4'

2024-07-12 22:10:41 - [MESSAGE][PASSED] - All options with label 'Orange' are selected in object 'Object Repository/AdminSuiteBootstrap_Pages/VT_Bootstrap/SaleKeyboard/select_UDF5_DropDown'  using regular expression

2024-07-12 22:10:42 - [MESSAGE][PASSED] - All options with label 'Yellow' are selected in object 'Object Repository/AdminSuiteBootstrap_Pages/VT_Bootstrap/SaleKeyboard/select_UDF6_DropDown'  using regular expression

2024-07-12 22:10:43 - [MESSAGE][PASSED] - Text 'Norway' is set on object 'Object Repository/AdminSuiteBootstrap_Pages/VT_Bootstrap/SaleKeyboard/input_userDefined7'

2024-07-12 22:10:43 - [MESSAGE][PASSED] - Text 'Netherlands' is set on object 'Object Repository/AdminSuiteBootstrap_Pages/VT_Bootstrap/SaleKeyboard/input_userDefined8'

2024-07-12 22:10:44 - [MESSAGE][PASSED] - Text 'Switzerland' is set on object 'Object Repository/AdminSuiteBootstrap_Pages/VT_Bootstrap/SaleKeyboard/input_userDefined9'

2024-07-12 22:10:45 - [MESSAGE][PASSED] - Text 'France' is set on object 'Object Repository/AdminSuiteBootstrap_Pages/VT_Bootstrap/SaleKeyboard/input_userDefined10'

2024-07-12 22:10:47 - [MESSAGE][PASSED] - Object: 'Object Repository/AdminSuiteBootstrap_Pages/VT_Bootstrap/SaleKeyboard/button_Submit' is clicked on

2024-07-12 22:10:47 - [MESSAGE][PASSED] - adminSuiteBootstrap.virtualTerminalSetData.saleKeyboard_DataDriven is PASSED

2024-07-12 22:10:47 - [TEST_STEP][PASSED] - verifyTextPresent("Transaction Successful", true): Text 'Transaction Successful' is present on page  using regular expression

2024-07-12 22:10:47 - [MESSAGE][PASSED] - Text 'Transaction Successful' is present on page  using regular expression

2024-07-12 22:10:47 - [TEST_STEP][PASSED] - verifyElementVisible(findTestObject("Object Repository/AdminSuiteBootstrap_Pages/VT_Bootstrap/Receipt/button_Continue")): Object 'Object Repository/AdminSuiteBootstrap_Pages/VT_Bootstrap/Receipt/button_Continue' is visible

2024-07-12 22:10:48 - [MESSAGE][PASSED] - Object 'Object Repository/AdminSuiteBootstrap_Pages/VT_Bootstrap/Receipt/button_Continue' is visible

2024-07-12 22:10:48 - [TEST_STEP][PASSED] - verifyElementPresent(findTestObject("Object Repository/AdminSuiteBootstrap_Pages/VT_Bootstrap/Receipt/button_Continue"), 20): Object 'Object Repository/AdminSuiteBootstrap_Pages/VT_Bootstrap/Receipt/button_Continue' is present

2024-07-12 22:10:48 - [MESSAGE][PASSED] - Object 'Object Repository/AdminSuiteBootstrap_Pages/VT_Bootstrap/Receipt/button_Continue' is present

2024-07-12 22:10:48 - [TEST_STEP][PASSED] - verifyElementVisible(findTestObject("Object Repository/AdminSuiteBootstrap_Pages/VT_Bootstrap/Receipt/button_Print")): Object 'Object Repository/AdminSuiteBootstrap_Pages/VT_Bootstrap/Receipt/button_Print' is visible

2024-07-12 22:10:48 - [MESSAGE][PASSED] - Object 'Object Repository/AdminSuiteBootstrap_Pages/VT_Bootstrap/Receipt/button_Print' is visible

2024-07-12 22:10:48 - [TEST_STEP][PASSED] - verifyElementPresent(findTestObject("Object Repository/AdminSuiteBootstrap_Pages/VT_Bootstrap/Receipt/button_Print"), 20): Object 'Object Repository/AdminSuiteBootstrap_Pages/VT_Bootstrap/Receipt/button_Print' is present

2024-07-12 22:10:49 - [MESSAGE][PASSED] - Object 'Object Repository/AdminSuiteBootstrap_Pages/VT_Bootstrap/Receipt/button_Print' is present

2024-07-12 22:10:49 - [TEST_STEP][PASSED] - verifyTextPresent("Remittance ID", true): Text 'Remittance ID' is present on page  using regular expression

2024-07-12 22:10:49 - [MESSAGE][PASSED] - Text 'Remittance ID' is present on page  using regular expression

2024-07-12 22:10:49 - [TEST_STEP][PASSED] - verifyTextPresent("Received", true): Text 'Received' is present on page  using regular expression

2024-07-12 22:10:49 - [MESSAGE][PASSED] - Text 'Received' is present on page  using regular expression

2024-07-12 22:10:49 - [TEST_STEP][PASSED] - verifyTextPresent("UDF1", true): Text 'UDF1' is present on page  using regular expression

2024-07-12 22:10:50 - [MESSAGE][PASSED] - Text 'UDF1' is present on page  using regular expression

2024-07-12 22:10:50 - [TEST_STEP][PASSED] - verifyTextPresent("UDF2", true): Text 'UDF2' is present on page  using regular expression

2024-07-12 22:10:50 - [MESSAGE][PASSED] - Text 'UDF2' is present on page  using regular expression

2024-07-12 22:10:50 - [TEST_STEP][PASSED] - verifyTextPresent("UDF3", true): Text 'UDF3' is present on page  using regular expression

2024-07-12 22:10:50 - [MESSAGE][PASSED] - Text 'UDF3' is present on page  using regular expression

2024-07-12 22:10:50 - [TEST_STEP][PASSED] - verifyTextPresent("UDF4", true): Text 'UDF4' is present on page  using regular expression

2024-07-12 22:10:51 - [MESSAGE][PASSED] - Text 'UDF4' is present on page  using regular expression

2024-07-12 22:10:51 - [TEST_STEP][PASSED] - verifyTextPresent("UDF5", true): Text 'UDF5' is present on page  using regular expression

2024-07-12 22:10:51 - [MESSAGE][PASSED] - Text 'UDF5' is present on page  using regular expression

2024-07-12 22:10:51 - [TEST_STEP][PASSED] - verifyTextPresent("UDF6", true): Text 'UDF6' is present on page  using regular expression

2024-07-12 22:10:51 - [MESSAGE][PASSED] - Text 'UDF6' is present on page  using regular expression

2024-07-12 22:10:51 - [TEST_STEP][PASSED] - verifyTextPresent("UDF7", true): Text 'UDF7' is present on page  using regular expression

2024-07-12 22:10:52 - [MESSAGE][PASSED] - Text 'UDF7' is present on page  using regular expression

2024-07-12 22:10:52 - [TEST_STEP][PASSED] - verifyTextPresent("UDF8", true): Text 'UDF8' is present on page  using regular expression

2024-07-12 22:10:52 - [MESSAGE][PASSED] - Text 'UDF8' is present on page  using regular expression

2024-07-12 22:10:52 - [TEST_STEP][PASSED] - verifyTextPresent("UDF9", true): Text 'UDF9' is present on page  using regular expression

2024-07-12 22:10:52 - [MESSAGE][PASSED] - Text 'UDF9' is present on page  using regular expression

2024-07-12 22:10:52 - [TEST_STEP][PASSED] - verifyTextPresent("UDF 10", true): Text 'UDF 10' is present on page  using regular expression

2024-07-12 22:10:53 - [MESSAGE][PASSED] - Text 'UDF 10' is present on page  using regular expression

2024-07-12 22:10:53 - [TEST_STEP][PASSED] - verifyTextPresent("Australia", true): Text 'Australia' is present on page  using regular expression

2024-07-12 22:10:53 - [MESSAGE][PASSED] - Text 'Australia' is present on page  using regular expression

2024-07-12 22:10:53 - [TEST_STEP][PASSED] - verifyTextPresent("Denmark", true): Text 'Denmark' is present on page  using regular expression

2024-07-12 22:10:53 - [MESSAGE][PASSED] - Text 'Denmark' is present on page  using regular expression

2024-07-12 22:10:53 - [TEST_STEP][PASSED] - verifyTextPresent("Sweden", true): Text 'Sweden' is present on page  using regular expression

2024-07-12 22:10:54 - [MESSAGE][PASSED] - Text 'Sweden' is present on page  using regular expression

2024-07-12 22:10:54 - [TEST_STEP][PASSED] - verifyTextPresent("Austria", true): Text 'Austria' is present on page  using regular expression

2024-07-12 22:10:54 - [MESSAGE][PASSED] - Text 'Austria' is present on page  using regular expression

2024-07-12 22:10:54 - [TEST_STEP][PASSED] - verifyTextPresent("Orange Recorded", true): Text 'Orange Recorded' is present on page  using regular expression

2024-07-12 22:10:54 - [MESSAGE][PASSED] - Text 'Orange Recorded' is present on page  using regular expression

2024-07-12 22:10:54 - [TEST_STEP][PASSED] - verifyTextPresent("Yellow Recorded", true): Text 'Yellow Recorded' is present on page  using regular expression

2024-07-12 22:10:55 - [MESSAGE][PASSED] - Text 'Yellow Recorded' is present on page  using regular expression

2024-07-12 22:10:55 - [TEST_STEP][PASSED] - verifyTextPresent("Norway", true): Text 'Norway' is present on page  using regular expression

2024-07-12 22:10:55 - [MESSAGE][PASSED] - Text 'Norway' is present on page  using regular expression

2024-07-12 22:10:55 - [TEST_STEP][PASSED] - verifyTextPresent("Netherlands", true): Text 'Netherlands' is present on page  using regular expression

2024-07-12 22:10:55 - [MESSAGE][PASSED] - Text 'Netherlands' is present on page  using regular expression

2024-07-12 22:10:55 - [TEST_STEP][PASSED] - verifyTextPresent("Switzerland", true): Text 'Switzerland' is present on page  using regular expression

2024-07-12 22:10:56 - [MESSAGE][PASSED] - Text 'Switzerland' is present on page  using regular expression

2024-07-12 22:10:56 - [TEST_STEP][PASSED] - verifyTextPresent("France", true): Text 'France' is present on page  using regular expression

2024-07-12 22:10:56 - [MESSAGE][PASSED] - Text 'France' is present on page  using regular expression

2024-07-12 22:10:56 - [TEST_STEP][PASSED] - verifyTextPresent("Amount", true): Text 'Amount' is present on page  using regular expression

2024-07-12 22:10:56 - [MESSAGE][PASSED] - Text 'Amount' is present on page  using regular expression

2024-07-12 22:10:56 - [TEST_STEP][PASSED] - verifyTextPresent("Service Fee", true): Text 'Service Fee' is present on page  using regular expression

2024-07-12 22:10:57 - [MESSAGE][PASSED] - Text 'Service Fee' is present on page  using regular expression

2024-07-12 22:10:57 - [TEST_STEP][PASSED] - verifyTextPresent("Service Fee Type", true): Text 'Service Fee Type' is present on page  using regular expression

2024-07-12 22:10:57 - [MESSAGE][PASSED] - Text 'Service Fee Type' is present on page  using regular expression

2024-07-12 22:10:57 - [TEST_STEP][PASSED] - verifyTextPresent("Total Amount", true): Text 'Total Amount' is present on page  using regular expression

2024-07-12 22:10:57 - [MESSAGE][PASSED] - Text 'Total Amount' is present on page  using regular expression

2024-07-12 22:10:57 - [TEST_STEP][PASSED] - verifyTextPresent("Transaction Type", true): Text 'Transaction Type' is present on page  using regular expression

2024-07-12 22:10:58 - [MESSAGE][PASSED] - Text 'Transaction Type' is present on page  using regular expression

2024-07-12 22:10:58 - [TEST_STEP][PASSED] - verifyTextPresent("10.50", true): Text '10.50' is present on page  using regular expression

2024-07-12 22:10:58 - [MESSAGE][PASSED] - Text '10.50' is present on page  using regular expression

2024-07-12 22:10:58 - [TEST_STEP][PASSED] - verifyTextPresent("5.00", true): Text '5.00' is present on page  using regular expression

2024-07-12 22:10:58 - [MESSAGE][PASSED] - Text '5.00' is present on page  using regular expression

2024-07-12 22:10:58 - [TEST_STEP][PASSED] - verifyTextPresent("Dual Transaction", true): Text 'Dual Transaction' is present on page  using regular expression

2024-07-12 22:10:59 - [MESSAGE][PASSED] - Text 'Dual Transaction' is present on page  using regular expression

2024-07-12 22:10:59 - [TEST_STEP][PASSED] - verifyTextPresent("15.50", true): Text '15.50' is present on page  using regular expression

2024-07-12 22:10:59 - [MESSAGE][PASSED] - Text '15.50' is present on page  using regular expression

2024-07-12 22:10:59 - [TEST_STEP][PASSED] - verifyTextPresent("Authorization", true): Text 'Authorization' is present on page  using regular expression

2024-07-12 22:10:59 - [MESSAGE][PASSED] - Text 'Authorization' is present on page  using regular expression

2024-07-12 22:10:59 - [TEST_STEP][PASSED] - verifyTextPresent("Card Information", true): Text 'Card Information' is present on page  using regular expression

2024-07-12 22:11:00 - [MESSAGE][PASSED] - Text 'Card Information' is present on page  using regular expression

2024-07-12 22:11:00 - [TEST_STEP][PASSED] - cardNameV = findTestData(dataFile).getValue("CardNameV", row): null

2024-07-12 22:11:00 - [TEST_STEP][PASSED] - al1V = findTestData(dataFile).getValue("AL1", row): null

2024-07-12 22:11:00 - [TEST_STEP][PASSED] - al2V = findTestData(dataFile).getValue("AL2", row): null

2024-07-12 22:11:00 - [TEST_STEP][PASSED] - zipV = findTestData(dataFile).getValue("ZIP", row): null

2024-07-12 22:11:00 - [TEST_STEP][PASSED] - cardTypeV = findTestData(dataFile).getValue("CardType", row): null

2024-07-12 22:11:00 - [TEST_STEP][PASSED] - last4V = findTestData(dataFile).getValue("Last4", row): null

2024-07-12 22:11:00 - [TEST_STEP][PASSED] - verifyTextPresent(cardNameV, true): Text 'JANAKI JAMES' is present on page  using regular expression

2024-07-12 22:11:01 - [MESSAGE][PASSED] - Text 'JANAKI JAMES' is present on page  using regular expression

2024-07-12 22:11:01 - [TEST_STEP][PASSED] - verifyTextPresent("Address Line 1", true): Text 'Address Line 1' is present on page  using regular expression

2024-07-12 22:11:01 - [MESSAGE][PASSED] - Text 'Address Line 1' is present on page  using regular expression

2024-07-12 22:11:01 - [TEST_STEP][PASSED] - verifyTextPresent("Address Line 2", true): Text 'Address Line 2' is present on page  using regular expression

2024-07-12 22:11:01 - [MESSAGE][PASSED] - Text 'Address Line 2' is present on page  using regular expression

2024-07-12 22:11:01 - [TEST_STEP][PASSED] - verifyTextPresent("Country", true): Text 'Country' is present on page  using regular expression

2024-07-12 22:11:02 - [MESSAGE][PASSED] - Text 'Country' is present on page  using regular expression

2024-07-12 22:11:02 - [TEST_STEP][PASSED] - verifyTextPresent("City", true): Text 'City' is present on page  using regular expression

2024-07-12 22:11:02 - [MESSAGE][PASSED] - Text 'City' is present on page  using regular expression

2024-07-12 22:11:02 - [TEST_STEP][PASSED] - verifyTextPresent("State", true): Text 'State' is present on page  using regular expression

2024-07-12 22:11:02 - [MESSAGE][PASSED] - Text 'State' is present on page  using regular expression

2024-07-12 22:11:02 - [TEST_STEP][PASSED] - verifyTextPresent("ZIP Code", true): Text 'ZIP Code' is present on page  using regular expression

2024-07-12 22:11:03 - [MESSAGE][PASSED] - Text 'ZIP Code' is present on page  using regular expression

2024-07-12 22:11:03 - [TEST_STEP][PASSED] - verifyTextPresent(al1V, true): Text '550 Swan Lake' is present on page  using regular expression

2024-07-12 22:11:03 - [MESSAGE][PASSED] - Text '550 Swan Lake' is present on page  using regular expression

2024-07-12 22:11:03 - [TEST_STEP][PASSED] - verifyTextPresent(al2V, true): Text 'Suite 500' is present on page  using regular expression

2024-07-12 22:11:03 - [MESSAGE][PASSED] - Text 'Suite 500' is present on page  using regular expression

2024-07-12 22:11:03 - [TEST_STEP][PASSED] - verifyTextPresent("United States", true): Text 'United States' is present on page  using regular expression

2024-07-12 22:11:04 - [MESSAGE][PASSED] - Text 'United States' is present on page  using regular expression

2024-07-12 22:11:04 - [TEST_STEP][PASSED] - verifyTextPresent("ARLINGTON", true): Text 'ARLINGTON' is present on page  using regular expression

2024-07-12 22:11:04 - [MESSAGE][PASSED] - Text 'ARLINGTON' is present on page  using regular expression

2024-07-12 22:11:04 - [TEST_STEP][PASSED] - verifyTextPresent("Virginia", true): Text 'Virginia' is present on page  using regular expression

2024-07-12 22:11:04 - [MESSAGE][PASSED] - Text 'Virginia' is present on page  using regular expression

2024-07-12 22:11:04 - [TEST_STEP][PASSED] - verifyTextPresent(zipV, true): Text '22201' is present on page  using regular expression

2024-07-12 22:11:05 - [MESSAGE][PASSED] - Text '22201' is present on page  using regular expression

2024-07-12 22:11:05 - [TEST_STEP][PASSED] - verifyTextPresent(cardTypeV, true): Text 'American Express' is present on page  using regular expression

2024-07-12 22:11:05 - [MESSAGE][PASSED] - Text 'American Express' is present on page  using regular expression

2024-07-12 22:11:05 - [TEST_STEP][PASSED] - verifyTextPresent(last4V, true): Text '2376' is present on page  using regular expression

2024-07-12 22:11:05 - [MESSAGE][PASSED] - Text '2376' is present on page  using regular expression

2024-07-12 22:11:05 - [TEST_STEP][PASSED] - closeBrowser(): Browser is closed

2024-07-12 22:11:07 - [MESSAGE][PASSED] - Browser is closed

2024-07-12 22:11:07 - [TEST_STEP][PASSED] - ExecuteTC = findTestData(dataFile).getValue("Execute", row): null

2024-07-12 22:11:07 - [TEST_STEP][PASSED] - out.println("Value of Execute is : " + ExecuteTC): null

2024-07-12 22:11:07 - [TEST_STEP][PASSED] - switch (executionProfile): null

2024-07-12 22:11:07 - [TEST_STEP][PASSED] - case "QA2Profile":: null

2024-07-12 22:11:07 - [TEST_STEP][PASSED] - appName = findTestData(dataFile).getValue("AppNameQA", row): null

2024-07-12 22:11:07 - [TEST_STEP][PASSED] - appID = findTestData(dataFile).getValue("AppIDQA", row): null

2024-07-12 22:11:07 - [TEST_STEP][PASSED] - break: null

2024-07-12 22:11:07 - [TEST_STEP][PASSED] - hrefAppID = li_1 + appID + li_2: null

2024-07-12 22:11:07 - [TEST_STEP][PASSED] - hrefApp = li_1 + appID + "/": null

2024-07-12 22:11:07 - [TEST_STEP][PASSED] - println("hrefApp : " + hrefApp): null

2024-07-12 22:11:07 - [TEST_STEP][PASSED] - if (ExecuteTC.equalsIgnoreCase("Y")): Browser is closed

2024-07-12 22:11:07 - [TEST_STEP][PASSED] - out.println("Begin Record Number: " + row): null

2024-07-12 22:11:07 - [TEST_STEP][PASSED] - today = new java.util.Date(): null

2024-07-12 22:11:07 - [TEST_STEP][PASSED] - println(today): null

2024-07-12 22:11:07 - [TEST_STEP][PASSED] - datText = today: null

2024-07-12 22:11:07 - [TEST_STEP][PASSED] - adminSuiteBootstrap.loginFunctionality.login_AdminSuite(): adminSuiteBootstrap.loginFunctionality.login_AdminSuite is PASSED

2024-07-12 22:11:07 - [MESSAGE][INFO] - Starting 'Chrome' driver

2024-07-12 22:11:07 - [MESSAGE][INFO] - User set preference: ['acceptInsecureCerts', 'true']

2024-07-12 22:11:07 - [MESSAGE][INFO] - Action delay is set to 0 milliseconds

2024-07-12 22:11:09 - [MESSAGE][PASSED] - Browser is opened with url: 'https://qa2.velocitypayment.com/admin/imtiaz'

2024-07-12 22:11:10 - [MESSAGE][PASSED] - Current window maximized

2024-07-12 22:11:11 - [MESSAGE][PASSED] - Object 'Object Repository/Login_Page/Login_Username_Okta' is present

2024-07-12 22:11:11 - [MESSAGE][PASSED] - Text 'iahmed' is set on object 'Object Repository/Login_Page/Login_Username_Okta'

2024-07-12 22:11:12 - [MESSAGE][PASSED] - Text 'Hello!6666666' is set on object 'Object Repository/Login_Page/Login_Password_Okta'

2024-07-12 22:11:13 - [MESSAGE][PASSED] - Object: 'Object Repository/Login_Page/Login_Submit_Okta' is clicked on

2024-07-12 22:11:13 - [MESSAGE][PASSED] - adminSuiteBootstrap.loginFunctionality.login_AdminSuite is PASSED

2024-07-12 22:11:13 - [TEST_STEP][PASSED] - click(findTestObject(path_Dashboard + appName)): Object: 'Object Repository/AdminSuiteBootstrap_Pages/Dashboard_Bootstrap/a_Access AutoDualCFtpQA' is clicked on

2024-07-12 22:11:23 - [MESSAGE][PASSED] - Object: 'Object Repository/AdminSuiteBootstrap_Pages/Dashboard_Bootstrap/a_Access AutoDualCFtpQA' is clicked on

2024-07-12 22:11:23 - [TEST_STEP][PASSED] - click(findTestObject(path_VT + "button_Authorization Only")): Object: 'Object Repository/AdminSuiteBootstrap_Pages/VT_Bootstrap/IssueTransactions/button_Authorization Only' is clicked on

2024-07-12 22:11:24 - [MESSAGE][PASSED] - Object: 'Object Repository/AdminSuiteBootstrap_Pages/VT_Bootstrap/IssueTransactions/button_Authorization Only' is clicked on

2024-07-12 22:11:24 - [TEST_STEP][PASSED] - authOnlyKeyboardEntryLink = modifyObjectProperty(findTestObject(path_VT + "a_KeyboardEntry_Sale"), "href", "equals", hrefAppID, true): Modify property of object successfully

2024-07-12 22:11:24 - [MESSAGE][PASSED] - Modify property of object successfully

2024-07-12 22:11:24 - [TEST_STEP][PASSED] - click(authOnlyKeyboardEntryLink): Object: 'Object Repository/AdminSuiteBootstrap_Pages/VT_Bootstrap/IssueTransactions/a_KeyboardEntry_Sale' is clicked on

2024-07-12 22:11:25 - [MESSAGE][PASSED] - Object: 'Object Repository/AdminSuiteBootstrap_Pages/VT_Bootstrap/IssueTransactions/a_KeyboardEntry_Sale' is clicked on

2024-07-12 22:11:25 - [TEST_STEP][PASSED] - adminSuiteBootstrap.virtualTerminalSetData.saleKeyboard_DataDriven(row, dataFile): adminSuiteBootstrap.virtualTerminalSetData.saleKeyboard_DataDriven is PASSED

2024-07-12 22:11:28 - [MESSAGE][PASSED] - Text 'Janaki James' is set on object 'Object Repository/AdminSuiteBootstrap_Pages/VT_Bootstrap/SaleKeyboard/input_cardName'

2024-07-12 22:11:29 - [MESSAGE][PASSED] - All options with value 'MOTO' are selected in object 'Object Repository/AdminSuiteBootstrap_Pages/VT_Bootstrap/SaleKeyboard/select_transactionCategory'  using regular expression

2024-07-12 22:11:30 - [MESSAGE][PASSED] - Execute JavaScript 'arguments[0].value ='6011000993026909' ' successfully

2024-07-12 22:11:30 - [MESSAGE][PASSED] - Execute JavaScript 'arguments[0].value ='123' ' successfully

2024-07-12 22:11:31 - [MESSAGE][PASSED] - All options with value '12' are selected in object 'Object Repository/AdminSuiteBootstrap_Pages/VT_Bootstrap/SaleKeyboard/select_MM'  using regular expression

2024-07-12 22:11:32 - [MESSAGE][PASSED] - All options with value '2025' are selected in object 'Object Repository/AdminSuiteBootstrap_Pages/VT_Bootstrap/SaleKeyboard/select_YYYY'  using regular expression

2024-07-12 22:11:33 - [MESSAGE][PASSED] - Text '25987 Hill Top' is set on object 'Object Repository/AdminSuiteBootstrap_Pages/VT_Bootstrap/SaleKeyboard/input__address'

2024-07-12 22:11:34 - [MESSAGE][PASSED] - Text 'Suite 500' is set on object 'Object Repository/AdminSuiteBootstrap_Pages/VT_Bootstrap/SaleKeyboard/input__address2'

2024-07-12 22:11:34 - [MESSAGE][PASSED] - Text '22201' is set on object 'Object Repository/AdminSuiteBootstrap_Pages/VT_Bootstrap/SaleKeyboard/input__zip'

2024-07-12 22:11:35 - [MESSAGE][PASSED] - Text '' is set on object 'Object Repository/AdminSuiteBootstrap_Pages/VT_Bootstrap/SaleKeyboard/input_emailAddress'

2024-07-12 22:11:36 - [MESSAGE][PASSED] - Text '' is set on object 'Object Repository/AdminSuiteBootstrap_Pages/VT_Bootstrap/SaleKeyboard/input_smsNumber'

2024-07-12 22:11:37 - [MESSAGE][PASSED] - Text '10.50' is set on object 'Object Repository/AdminSuiteBootstrap_Pages/VT_Bootstrap/SaleKeyboard/input_amount'

2024-07-12 22:11:38 - [MESSAGE][PASSED] - Text 'Australia' is set on object 'Object Repository/AdminSuiteBootstrap_Pages/VT_Bootstrap/SaleKeyboard/input_userDefined1'

2024-07-12 22:11:39 - [MESSAGE][PASSED] - Text 'Denmark' is set on object 'Object Repository/AdminSuiteBootstrap_Pages/VT_Bootstrap/SaleKeyboard/input_userDefined2'

2024-07-12 22:11:40 - [MESSAGE][PASSED] - Text 'Sweden' is set on object 'Object Repository/AdminSuiteBootstrap_Pages/VT_Bootstrap/SaleKeyboard/input_userDefined3'

2024-07-12 22:11:40 - [MESSAGE][PASSED] - Text 'Austria' is set on object 'Object Repository/AdminSuiteBootstrap_Pages/VT_Bootstrap/SaleKeyboard/input_userDefined4'

2024-07-12 22:11:41 - [MESSAGE][PASSED] - All options with label 'Orange' are selected in object 'Object Repository/AdminSuiteBootstrap_Pages/VT_Bootstrap/SaleKeyboard/select_UDF5_DropDown'  using regular expression

2024-07-12 22:11:42 - [MESSAGE][PASSED] - All options with label 'Yellow' are selected in object 'Object Repository/AdminSuiteBootstrap_Pages/VT_Bootstrap/SaleKeyboard/select_UDF6_DropDown'  using regular expression

2024-07-12 22:11:43 - [MESSAGE][PASSED] - Text 'Norway' is set on object 'Object Repository/AdminSuiteBootstrap_Pages/VT_Bootstrap/SaleKeyboard/input_userDefined7'

2024-07-12 22:11:44 - [MESSAGE][PASSED] - Text 'Netherlands' is set on object 'Object Repository/AdminSuiteBootstrap_Pages/VT_Bootstrap/SaleKeyboard/input_userDefined8'

2024-07-12 22:11:45 - [MESSAGE][PASSED] - Text 'Switzerland' is set on object 'Object Repository/AdminSuiteBootstrap_Pages/VT_Bootstrap/SaleKeyboard/input_userDefined9'

2024-07-12 22:11:45 - [MESSAGE][PASSED] - Text 'France' is set on object 'Object Repository/AdminSuiteBootstrap_Pages/VT_Bootstrap/SaleKeyboard/input_userDefined10'

2024-07-12 22:11:47 - [MESSAGE][PASSED] - Object: 'Object Repository/AdminSuiteBootstrap_Pages/VT_Bootstrap/SaleKeyboard/button_Submit' is clicked on

2024-07-12 22:11:47 - [MESSAGE][PASSED] - adminSuiteBootstrap.virtualTerminalSetData.saleKeyboard_DataDriven is PASSED

2024-07-12 22:11:47 - [TEST_STEP][PASSED] - verifyTextPresent("Transaction Successful", true): Text 'Transaction Successful' is present on page  using regular expression

2024-07-12 22:11:47 - [MESSAGE][PASSED] - Text 'Transaction Successful' is present on page  using regular expression

2024-07-12 22:11:47 - [TEST_STEP][PASSED] - verifyElementVisible(findTestObject("Object Repository/AdminSuiteBootstrap_Pages/VT_Bootstrap/Receipt/button_Continue")): Object 'Object Repository/AdminSuiteBootstrap_Pages/VT_Bootstrap/Receipt/button_Continue' is visible

2024-07-12 22:11:48 - [MESSAGE][PASSED] - Object 'Object Repository/AdminSuiteBootstrap_Pages/VT_Bootstrap/Receipt/button_Continue' is visible

2024-07-12 22:11:48 - [TEST_STEP][PASSED] - verifyElementPresent(findTestObject("Object Repository/AdminSuiteBootstrap_Pages/VT_Bootstrap/Receipt/button_Continue"), 20): Object 'Object Repository/AdminSuiteBootstrap_Pages/VT_Bootstrap/Receipt/button_Continue' is present

2024-07-12 22:11:48 - [MESSAGE][PASSED] - Object 'Object Repository/AdminSuiteBootstrap_Pages/VT_Bootstrap/Receipt/button_Continue' is present

2024-07-12 22:11:48 - [TEST_STEP][PASSED] - verifyElementVisible(findTestObject("Object Repository/AdminSuiteBootstrap_Pages/VT_Bootstrap/Receipt/button_Print")): Object 'Object Repository/AdminSuiteBootstrap_Pages/VT_Bootstrap/Receipt/button_Print' is visible

2024-07-12 22:11:49 - [MESSAGE][PASSED] - Object 'Object Repository/AdminSuiteBootstrap_Pages/VT_Bootstrap/Receipt/button_Print' is visible

2024-07-12 22:11:49 - [TEST_STEP][PASSED] - verifyElementPresent(findTestObject("Object Repository/AdminSuiteBootstrap_Pages/VT_Bootstrap/Receipt/button_Print"), 20): Object 'Object Repository/AdminSuiteBootstrap_Pages/VT_Bootstrap/Receipt/button_Print' is present

2024-07-12 22:11:49 - [MESSAGE][PASSED] - Object 'Object Repository/AdminSuiteBootstrap_Pages/VT_Bootstrap/Receipt/button_Print' is present

2024-07-12 22:11:49 - [TEST_STEP][PASSED] - verifyTextPresent("Remittance ID", true): Text 'Remittance ID' is present on page  using regular expression

2024-07-12 22:11:49 - [MESSAGE][PASSED] - Text 'Remittance ID' is present on page  using regular expression

2024-07-12 22:11:49 - [TEST_STEP][PASSED] - verifyTextPresent("Received", true): Text 'Received' is present on page  using regular expression

2024-07-12 22:11:50 - [MESSAGE][PASSED] - Text 'Received' is present on page  using regular expression

2024-07-12 22:11:50 - [TEST_STEP][PASSED] - verifyTextPresent("UDF1", true): Text 'UDF1' is present on page  using regular expression

2024-07-12 22:11:50 - [MESSAGE][PASSED] - Text 'UDF1' is present on page  using regular expression

2024-07-12 22:11:50 - [TEST_STEP][PASSED] - verifyTextPresent("UDF2", true): Text 'UDF2' is present on page  using regular expression

2024-07-12 22:11:50 - [MESSAGE][PASSED] - Text 'UDF2' is present on page  using regular expression

2024-07-12 22:11:50 - [TEST_STEP][PASSED] - verifyTextPresent("UDF3", true): Text 'UDF3' is present on page  using regular expression

2024-07-12 22:11:51 - [MESSAGE][PASSED] - Text 'UDF3' is present on page  using regular expression

2024-07-12 22:11:51 - [TEST_STEP][PASSED] - verifyTextPresent("UDF4", true): Text 'UDF4' is present on page  using regular expression

2024-07-12 22:11:51 - [MESSAGE][PASSED] - Text 'UDF4' is present on page  using regular expression

2024-07-12 22:11:51 - [TEST_STEP][PASSED] - verifyTextPresent("UDF5", true): Text 'UDF5' is present on page  using regular expression

2024-07-12 22:11:51 - [MESSAGE][PASSED] - Text 'UDF5' is present on page  using regular expression

2024-07-12 22:11:51 - [TEST_STEP][PASSED] - verifyTextPresent("UDF6", true): Text 'UDF6' is present on page  using regular expression

2024-07-12 22:11:52 - [MESSAGE][PASSED] - Text 'UDF6' is present on page  using regular expression

2024-07-12 22:11:52 - [TEST_STEP][PASSED] - verifyTextPresent("UDF7", true): Text 'UDF7' is present on page  using regular expression

2024-07-12 22:11:52 - [MESSAGE][PASSED] - Text 'UDF7' is present on page  using regular expression

2024-07-12 22:11:52 - [TEST_STEP][PASSED] - verifyTextPresent("UDF8", true): Text 'UDF8' is present on page  using regular expression

2024-07-12 22:11:52 - [MESSAGE][PASSED] - Text 'UDF8' is present on page  using regular expression

2024-07-12 22:11:52 - [TEST_STEP][PASSED] - verifyTextPresent("UDF9", true): Text 'UDF9' is present on page  using regular expression

2024-07-12 22:11:53 - [MESSAGE][PASSED] - Text 'UDF9' is present on page  using regular expression

2024-07-12 22:11:53 - [TEST_STEP][PASSED] - verifyTextPresent("UDF 10", true): Text 'UDF 10' is present on page  using regular expression

2024-07-12 22:11:53 - [MESSAGE][PASSED] - Text 'UDF 10' is present on page  using regular expression

2024-07-12 22:11:53 - [TEST_STEP][PASSED] - verifyTextPresent("Australia", true): Text 'Australia' is present on page  using regular expression

2024-07-12 22:11:53 - [MESSAGE][PASSED] - Text 'Australia' is present on page  using regular expression

2024-07-12 22:11:53 - [TEST_STEP][PASSED] - verifyTextPresent("Denmark", true): Text 'Denmark' is present on page  using regular expression

2024-07-12 22:11:54 - [MESSAGE][PASSED] - Text 'Denmark' is present on page  using regular expression

2024-07-12 22:11:54 - [TEST_STEP][PASSED] - verifyTextPresent("Sweden", true): Text 'Sweden' is present on page  using regular expression

2024-07-12 22:11:54 - [MESSAGE][PASSED] - Text 'Sweden' is present on page  using regular expression

2024-07-12 22:11:54 - [TEST_STEP][PASSED] - verifyTextPresent("Austria", true): Text 'Austria' is present on page  using regular expression

2024-07-12 22:11:54 - [MESSAGE][PASSED] - Text 'Austria' is present on page  using regular expression

2024-07-12 22:11:54 - [TEST_STEP][PASSED] - verifyTextPresent("Orange Recorded", true): Text 'Orange Recorded' is present on page  using regular expression

2024-07-12 22:11:55 - [MESSAGE][PASSED] - Text 'Orange Recorded' is present on page  using regular expression

2024-07-12 22:11:55 - [TEST_STEP][PASSED] - verifyTextPresent("Yellow Recorded", true): Text 'Yellow Recorded' is present on page  using regular expression

2024-07-12 22:11:55 - [MESSAGE][PASSED] - Text 'Yellow Recorded' is present on page  using regular expression

2024-07-12 22:11:55 - [TEST_STEP][PASSED] - verifyTextPresent("Norway", true): Text 'Norway' is present on page  using regular expression

2024-07-12 22:11:55 - [MESSAGE][PASSED] - Text 'Norway' is present on page  using regular expression

2024-07-12 22:11:55 - [TEST_STEP][PASSED] - verifyTextPresent("Netherlands", true): Text 'Netherlands' is present on page  using regular expression

2024-07-12 22:11:56 - [MESSAGE][PASSED] - Text 'Netherlands' is present on page  using regular expression

2024-07-12 22:11:56 - [TEST_STEP][PASSED] - verifyTextPresent("Switzerland", true): Text 'Switzerland' is present on page  using regular expression

2024-07-12 22:11:56 - [MESSAGE][PASSED] - Text 'Switzerland' is present on page  using regular expression

2024-07-12 22:11:56 - [TEST_STEP][PASSED] - verifyTextPresent("France", true): Text 'France' is present on page  using regular expression

2024-07-12 22:11:56 - [MESSAGE][PASSED] - Text 'France' is present on page  using regular expression

2024-07-12 22:11:56 - [TEST_STEP][PASSED] - verifyTextPresent("Amount", true): Text 'Amount' is present on page  using regular expression

2024-07-12 22:11:57 - [MESSAGE][PASSED] - Text 'Amount' is present on page  using regular expression

2024-07-12 22:11:57 - [TEST_STEP][PASSED] - verifyTextPresent("Service Fee", true): Text 'Service Fee' is present on page  using regular expression

2024-07-12 22:11:57 - [MESSAGE][PASSED] - Text 'Service Fee' is present on page  using regular expression

2024-07-12 22:11:57 - [TEST_STEP][PASSED] - verifyTextPresent("Service Fee Type", true): Text 'Service Fee Type' is present on page  using regular expression

2024-07-12 22:11:57 - [MESSAGE][PASSED] - Text 'Service Fee Type' is present on page  using regular expression

2024-07-12 22:11:57 - [TEST_STEP][PASSED] - verifyTextPresent("Total Amount", true): Text 'Total Amount' is present on page  using regular expression

2024-07-12 22:11:58 - [MESSAGE][PASSED] - Text 'Total Amount' is present on page  using regular expression

2024-07-12 22:11:58 - [TEST_STEP][PASSED] - verifyTextPresent("Transaction Type", true): Text 'Transaction Type' is present on page  using regular expression

2024-07-12 22:11:58 - [MESSAGE][PASSED] - Text 'Transaction Type' is present on page  using regular expression

2024-07-12 22:11:58 - [TEST_STEP][PASSED] - verifyTextPresent("10.50", true): Text '10.50' is present on page  using regular expression

2024-07-12 22:11:58 - [MESSAGE][PASSED] - Text '10.50' is present on page  using regular expression

2024-07-12 22:11:58 - [TEST_STEP][PASSED] - verifyTextPresent("5.00", true): Text '5.00' is present on page  using regular expression

2024-07-12 22:11:59 - [MESSAGE][PASSED] - Text '5.00' is present on page  using regular expression

2024-07-12 22:11:59 - [TEST_STEP][PASSED] - verifyTextPresent("Dual Transaction", true): Text 'Dual Transaction' is present on page  using regular expression

2024-07-12 22:11:59 - [MESSAGE][PASSED] - Text 'Dual Transaction' is present on page  using regular expression

2024-07-12 22:11:59 - [TEST_STEP][PASSED] - verifyTextPresent("15.50", true): Text '15.50' is present on page  using regular expression

2024-07-12 22:11:59 - [MESSAGE][PASSED] - Text '15.50' is present on page  using regular expression

2024-07-12 22:11:59 - [TEST_STEP][PASSED] - verifyTextPresent("Authorization", true): Text 'Authorization' is present on page  using regular expression

2024-07-12 22:12:00 - [MESSAGE][PASSED] - Text 'Authorization' is present on page  using regular expression

2024-07-12 22:12:00 - [TEST_STEP][PASSED] - verifyTextPresent("Card Information", true): Text 'Card Information' is present on page  using regular expression

2024-07-12 22:12:00 - [MESSAGE][PASSED] - Text 'Card Information' is present on page  using regular expression

2024-07-12 22:12:00 - [TEST_STEP][PASSED] - cardNameV = findTestData(dataFile).getValue("CardNameV", row): null

2024-07-12 22:12:00 - [TEST_STEP][PASSED] - al1V = findTestData(dataFile).getValue("AL1", row): null

2024-07-12 22:12:00 - [TEST_STEP][PASSED] - al2V = findTestData(dataFile).getValue("AL2", row): null

2024-07-12 22:12:00 - [TEST_STEP][PASSED] - zipV = findTestData(dataFile).getValue("ZIP", row): null

2024-07-12 22:12:00 - [TEST_STEP][PASSED] - cardTypeV = findTestData(dataFile).getValue("CardType", row): null

2024-07-12 22:12:00 - [TEST_STEP][PASSED] - last4V = findTestData(dataFile).getValue("Last4", row): null

2024-07-12 22:12:01 - [TEST_STEP][PASSED] - verifyTextPresent(cardNameV, true): Text 'JANAKI JAMES' is present on page  using regular expression

2024-07-12 22:12:01 - [MESSAGE][PASSED] - Text 'JANAKI JAMES' is present on page  using regular expression

2024-07-12 22:12:01 - [TEST_STEP][PASSED] - verifyTextPresent("Address Line 1", true): Text 'Address Line 1' is present on page  using regular expression

2024-07-12 22:12:01 - [MESSAGE][PASSED] - Text 'Address Line 1' is present on page  using regular expression

2024-07-12 22:12:01 - [TEST_STEP][PASSED] - verifyTextPresent("Address Line 2", true): Text 'Address Line 2' is present on page  using regular expression

2024-07-12 22:12:02 - [MESSAGE][PASSED] - Text 'Address Line 2' is present on page  using regular expression

2024-07-12 22:12:02 - [TEST_STEP][PASSED] - verifyTextPresent("Country", true): Text 'Country' is present on page  using regular expression

2024-07-12 22:12:02 - [MESSAGE][PASSED] - Text 'Country' is present on page  using regular expression

2024-07-12 22:12:02 - [TEST_STEP][PASSED] - verifyTextPresent("City", true): Text 'City' is present on page  using regular expression

2024-07-12 22:12:02 - [MESSAGE][PASSED] - Text 'City' is present on page  using regular expression

2024-07-12 22:12:02 - [TEST_STEP][PASSED] - verifyTextPresent("State", true): Text 'State' is present on page  using regular expression

2024-07-12 22:12:03 - [MESSAGE][PASSED] - Text 'State' is present on page  using regular expression

2024-07-12 22:12:03 - [TEST_STEP][PASSED] - verifyTextPresent("ZIP Code", true): Text 'ZIP Code' is present on page  using regular expression

2024-07-12 22:12:03 - [MESSAGE][PASSED] - Text 'ZIP Code' is present on page  using regular expression

2024-07-12 22:12:03 - [TEST_STEP][PASSED] - verifyTextPresent(al1V, true): Text '25987 Hill Top' is present on page  using regular expression

2024-07-12 22:12:03 - [MESSAGE][PASSED] - Text '25987 Hill Top' is present on page  using regular expression

2024-07-12 22:12:03 - [TEST_STEP][PASSED] - verifyTextPresent(al2V, true): Text 'Suite 500' is present on page  using regular expression

2024-07-12 22:12:04 - [MESSAGE][PASSED] - Text 'Suite 500' is present on page  using regular expression

2024-07-12 22:12:04 - [TEST_STEP][PASSED] - verifyTextPresent("United States", true): Text 'United States' is present on page  using regular expression

2024-07-12 22:12:04 - [MESSAGE][PASSED] - Text 'United States' is present on page  using regular expression

2024-07-12 22:12:04 - [TEST_STEP][PASSED] - verifyTextPresent("ARLINGTON", true): Text 'ARLINGTON' is present on page  using regular expression

2024-07-12 22:12:04 - [MESSAGE][PASSED] - Text 'ARLINGTON' is present on page  using regular expression

2024-07-12 22:12:04 - [TEST_STEP][PASSED] - verifyTextPresent("Virginia", true): Text 'Virginia' is present on page  using regular expression

2024-07-12 22:12:05 - [MESSAGE][PASSED] - Text 'Virginia' is present on page  using regular expression

2024-07-12 22:12:05 - [TEST_STEP][PASSED] - verifyTextPresent(zipV, true): Text '22201' is present on page  using regular expression

2024-07-12 22:12:05 - [MESSAGE][PASSED] - Text '22201' is present on page  using regular expression

2024-07-12 22:12:05 - [TEST_STEP][PASSED] - verifyTextPresent(cardTypeV, true): Text 'Discover' is present on page  using regular expression

2024-07-12 22:12:05 - [MESSAGE][PASSED] - Text 'Discover' is present on page  using regular expression

2024-07-12 22:12:05 - [TEST_STEP][PASSED] - verifyTextPresent(last4V, true): Text '6909' is present on page  using regular expression

2024-07-12 22:12:06 - [MESSAGE][PASSED] - Text '6909' is present on page  using regular expression

2024-07-12 22:12:06 - [TEST_STEP][PASSED] - closeBrowser(): Browser is closed

2024-07-12 22:12:07 - [MESSAGE][PASSED] - Browser is closed]]></system-out>
         <system-err><![CDATA[]]></system-err>
      </testcase>
      <testcase name="Test Cases/Admin Suite Bootstrap/VT_TestCases/AuthKeyboard_TP_NoCF_Generic_Payment_TC" time="447.46" classname="Test Cases/Admin Suite Bootstrap/VT_TestCases/AuthKeyboard_TP_NoCF_Generic_Payment_TC" status="PASSED">
         <system-out><![CDATA[2024-07-12 22:12:07 - [TEST_CASE][PASSED] - Test Cases/Admin Suite Bootstrap/VT_TestCases/AuthKeyboard_TP_NoCF_Generic_Payment_TC: Test Cases/Admin Suite Bootstrap/VT_TestCases/AuthKeyboard_TP_NoCF_Generic_Payment_TC

2024-07-12 22:12:07 - [TEST_STEP][PASSED] - path_Dashboard = "Object Repository/AdminSuiteBootstrap_Pages/Dashboard_Bootstrap/": null

2024-07-12 22:12:07 - [TEST_STEP][PASSED] - path_VT = "Object Repository/AdminSuiteBootstrap_Pages/VT_Bootstrap/IssueTransactions/": null

2024-07-12 22:12:07 - [TEST_STEP][PASSED] - path_SaleKB = "Object Repository/AdminSuiteBootstrap_Pages/VT_Bootstrap/SaleKeyboard/": null

2024-07-12 22:12:07 - [TEST_STEP][PASSED] - path_TestMinus = "Object Repository/Page_TestMinusAndAtSigns/": null

2024-07-12 22:12:07 - [TEST_STEP][PASSED] - li_1 = vpos_Prefix: null

2024-07-12 22:12:07 - [TEST_STEP][PASSED] - li_2 = "/transactions/AuthOnlyForm/": null

2024-07-12 22:12:07 - [TEST_STEP][PASSED] - executionProfile = getExecutionProfile(): null

2024-07-12 22:12:07 - [TEST_STEP][PASSED] - out.println("executionProfile : " + executionProfile): null

2024-07-12 22:12:07 - [TEST_STEP][PASSED] - appName = <not implemented yet for class: org.codehaus.groovy.ast.expr.EmptyExpression>: null

2024-07-12 22:12:07 - [TEST_STEP][PASSED] - appID = <not implemented yet for class: org.codehaus.groovy.ast.expr.EmptyExpression>: null

2024-07-12 22:12:07 - [TEST_STEP][PASSED] - cardNameV = <not implemented yet for class: org.codehaus.groovy.ast.expr.EmptyExpression>: null

2024-07-12 22:12:07 - [TEST_STEP][PASSED] - al1V = <not implemented yet for class: org.codehaus.groovy.ast.expr.EmptyExpression>: null

2024-07-12 22:12:07 - [TEST_STEP][PASSED] - al2V = <not implemented yet for class: org.codehaus.groovy.ast.expr.EmptyExpression>: null

2024-07-12 22:12:07 - [TEST_STEP][PASSED] - zipV = <not implemented yet for class: org.codehaus.groovy.ast.expr.EmptyExpression>: null

2024-07-12 22:12:07 - [TEST_STEP][PASSED] - cardTypeV = <not implemented yet for class: org.codehaus.groovy.ast.expr.EmptyExpression>: null

2024-07-12 22:12:07 - [TEST_STEP][PASSED] - last4V = <not implemented yet for class: org.codehaus.groovy.ast.expr.EmptyExpression>: null

2024-07-12 22:12:07 - [TEST_STEP][PASSED] - resText = "Fail": null

2024-07-12 22:12:07 - [TEST_STEP][PASSED] - resColumn = "Result": null

2024-07-12 22:12:07 - [TEST_STEP][PASSED] - datCloumn = "Date": null

2024-07-12 22:12:07 - [TEST_STEP][PASSED] - fileLoc = "C:\KatalonData\Bootstrap\VT-Data.xlsx": null

2024-07-12 22:12:07 - [TEST_STEP][PASSED] - numOfRows = <not implemented yet for class: org.codehaus.groovy.ast.expr.EmptyExpression>: null

2024-07-12 22:12:07 - [TEST_STEP][PASSED] - dataFile = <not implemented yet for class: org.codehaus.groovy.ast.expr.EmptyExpression>: null

2024-07-12 22:12:07 - [TEST_STEP][PASSED] - nameSheet = <not implemented yet for class: org.codehaus.groovy.ast.expr.EmptyExpression>: null

2024-07-12 22:12:07 - [TEST_STEP][PASSED] - nameSheet = "VT-Auth-NoCF-Generic": null

2024-07-12 22:12:07 - [TEST_STEP][PASSED] - numOfRows = findTestData("QA/Bootstrap/VT-TestData/VT-AuthData-NoCF-Generic").getRowNumbers(): null

2024-07-12 22:12:07 - [TEST_STEP][PASSED] - println("Number of Records: " + numOfRows): null

2024-07-12 22:12:07 - [TEST_STEP][PASSED] - dataFile = "QA/Bootstrap/VT-TestData/VT-AuthData-NoCF-Generic": null

2024-07-12 22:12:07 - [TEST_STEP][PASSED] - for ([row = 1, row <= numOfRows, (row++)]): Browser is closed

2024-07-12 22:12:07 - [TEST_STEP][PASSED] - ExecuteTC = findTestData(dataFile).getValue("Execute", row): null

2024-07-12 22:12:08 - [TEST_STEP][PASSED] - out.println("Value of Execute is : " + ExecuteTC): null

2024-07-12 22:12:08 - [TEST_STEP][PASSED] - switch (executionProfile): null

2024-07-12 22:12:08 - [TEST_STEP][PASSED] - case "QA2Profile":: null

2024-07-12 22:12:08 - [TEST_STEP][PASSED] - appName = findTestData(dataFile).getValue("AppNameQA", row): null

2024-07-12 22:12:08 - [TEST_STEP][PASSED] - appID = findTestData(dataFile).getValue("AppIDQA", row): null

2024-07-12 22:12:08 - [TEST_STEP][PASSED] - break: null

2024-07-12 22:12:08 - [TEST_STEP][PASSED] - hrefAppID = li_1 + appID + li_2: null

2024-07-12 22:12:08 - [TEST_STEP][PASSED] - hrefApp = li_1 + appID + "/": null

2024-07-12 22:12:08 - [TEST_STEP][PASSED] - println("hrefApp : " + hrefApp): null

2024-07-12 22:12:08 - [TEST_STEP][PASSED] - if (ExecuteTC.equalsIgnoreCase("Y")): Browser is closed

2024-07-12 22:12:08 - [TEST_STEP][PASSED] - out.println("Begin Record Number: " + row): null

2024-07-12 22:12:08 - [TEST_STEP][PASSED] - today = new java.util.Date(): null

2024-07-12 22:12:08 - [TEST_STEP][PASSED] - println(today): null

2024-07-12 22:12:08 - [TEST_STEP][PASSED] - datText = today: null

2024-07-12 22:12:08 - [TEST_STEP][PASSED] - adminSuiteBootstrap.loginFunctionality.login_AdminSuite(): adminSuiteBootstrap.loginFunctionality.login_AdminSuite is PASSED

2024-07-12 22:12:08 - [MESSAGE][INFO] - Starting 'Chrome' driver

2024-07-12 22:12:08 - [MESSAGE][INFO] - User set preference: ['acceptInsecureCerts', 'true']

2024-07-12 22:12:08 - [MESSAGE][INFO] - Action delay is set to 0 milliseconds

2024-07-12 22:12:11 - [MESSAGE][PASSED] - Browser is opened with url: 'https://qa2.velocitypayment.com/admin/imtiaz'

2024-07-12 22:12:11 - [MESSAGE][PASSED] - Current window maximized

2024-07-12 22:12:11 - [MESSAGE][PASSED] - Object 'Object Repository/Login_Page/Login_Username_Okta' is present

2024-07-12 22:12:12 - [MESSAGE][PASSED] - Text 'iahmed' is set on object 'Object Repository/Login_Page/Login_Username_Okta'

2024-07-12 22:12:13 - [MESSAGE][PASSED] - Text 'Hello!6666666' is set on object 'Object Repository/Login_Page/Login_Password_Okta'

2024-07-12 22:12:13 - [MESSAGE][PASSED] - Object: 'Object Repository/Login_Page/Login_Submit_Okta' is clicked on

2024-07-12 22:12:13 - [MESSAGE][PASSED] - adminSuiteBootstrap.loginFunctionality.login_AdminSuite is PASSED

2024-07-12 22:12:13 - [TEST_STEP][PASSED] - click(findTestObject(path_Dashboard + appName)): Object: 'Object Repository/AdminSuiteBootstrap_Pages/Dashboard_Bootstrap/a_Access AutoNoCFtp' is clicked on

2024-07-12 22:12:21 - [MESSAGE][PASSED] - Object: 'Object Repository/AdminSuiteBootstrap_Pages/Dashboard_Bootstrap/a_Access AutoNoCFtp' is clicked on

2024-07-12 22:12:21 - [TEST_STEP][PASSED] - click(findTestObject(path_VT + "button_Authorization Only")): Object: 'Object Repository/AdminSuiteBootstrap_Pages/VT_Bootstrap/IssueTransactions/button_Authorization Only' is clicked on

2024-07-12 22:12:22 - [MESSAGE][PASSED] - Object: 'Object Repository/AdminSuiteBootstrap_Pages/VT_Bootstrap/IssueTransactions/button_Authorization Only' is clicked on

2024-07-12 22:12:22 - [TEST_STEP][PASSED] - authOnlyKeyboardEntryLink = modifyObjectProperty(findTestObject(path_VT + "a_KeyboardEntry_Sale"), "href", "equals", hrefAppID, true): Modify property of object successfully

2024-07-12 22:12:22 - [MESSAGE][PASSED] - Modify property of object successfully

2024-07-12 22:12:22 - [TEST_STEP][PASSED] - click(authOnlyKeyboardEntryLink): Object: 'Object Repository/AdminSuiteBootstrap_Pages/VT_Bootstrap/IssueTransactions/a_KeyboardEntry_Sale' is clicked on

2024-07-12 22:12:23 - [MESSAGE][PASSED] - Object: 'Object Repository/AdminSuiteBootstrap_Pages/VT_Bootstrap/IssueTransactions/a_KeyboardEntry_Sale' is clicked on

2024-07-12 22:12:23 - [TEST_STEP][PASSED] - adminSuiteBootstrap.virtualTerminalSetData.saleKeyboard_DataDriven(row, dataFile): adminSuiteBootstrap.virtualTerminalSetData.saleKeyboard_DataDriven is PASSED

2024-07-12 22:12:26 - [MESSAGE][PASSED] - Text 'Tulsi Raman' is set on object 'Object Repository/AdminSuiteBootstrap_Pages/VT_Bootstrap/SaleKeyboard/input_cardName'

2024-07-12 22:12:27 - [MESSAGE][PASSED] - All options with value 'RETL' are selected in object 'Object Repository/AdminSuiteBootstrap_Pages/VT_Bootstrap/SaleKeyboard/select_transactionCategory'  using regular expression

2024-07-12 22:12:28 - [MESSAGE][PASSED] - Execute JavaScript 'arguments[0].value ='4012000098765439' ' successfully

2024-07-12 22:12:28 - [MESSAGE][PASSED] - Execute JavaScript 'arguments[0].value ='123' ' successfully

2024-07-12 22:12:29 - [MESSAGE][PASSED] - All options with value '12' are selected in object 'Object Repository/AdminSuiteBootstrap_Pages/VT_Bootstrap/SaleKeyboard/select_MM'  using regular expression

2024-07-12 22:12:30 - [MESSAGE][PASSED] - All options with value '2025' are selected in object 'Object Repository/AdminSuiteBootstrap_Pages/VT_Bootstrap/SaleKeyboard/select_YYYY'  using regular expression

2024-07-12 22:12:31 - [MESSAGE][PASSED] - Text '36 Cornor Road' is set on object 'Object Repository/AdminSuiteBootstrap_Pages/VT_Bootstrap/SaleKeyboard/input__address'

2024-07-12 22:12:32 - [MESSAGE][PASSED] - Text 'Suite 500' is set on object 'Object Repository/AdminSuiteBootstrap_Pages/VT_Bootstrap/SaleKeyboard/input__address2'

2024-07-12 22:12:33 - [MESSAGE][PASSED] - Text '22201' is set on object 'Object Repository/AdminSuiteBootstrap_Pages/VT_Bootstrap/SaleKeyboard/input__zip'

2024-07-12 22:12:33 - [MESSAGE][PASSED] - Text '' is set on object 'Object Repository/AdminSuiteBootstrap_Pages/VT_Bootstrap/SaleKeyboard/input_emailAddress'

2024-07-12 22:12:35 - [MESSAGE][PASSED] - Text '' is set on object 'Object Repository/AdminSuiteBootstrap_Pages/VT_Bootstrap/SaleKeyboard/input_smsNumber'

2024-07-12 22:12:35 - [MESSAGE][PASSED] - Text '10.50' is set on object 'Object Repository/AdminSuiteBootstrap_Pages/VT_Bootstrap/SaleKeyboard/input_amount'

2024-07-12 22:12:36 - [MESSAGE][PASSED] - Text 'Australia' is set on object 'Object Repository/AdminSuiteBootstrap_Pages/VT_Bootstrap/SaleKeyboard/input_userDefined1'

2024-07-12 22:12:37 - [MESSAGE][PASSED] - Text 'Denmark' is set on object 'Object Repository/AdminSuiteBootstrap_Pages/VT_Bootstrap/SaleKeyboard/input_userDefined2'

2024-07-12 22:12:38 - [MESSAGE][PASSED] - Text 'Sweden' is set on object 'Object Repository/AdminSuiteBootstrap_Pages/VT_Bootstrap/SaleKeyboard/input_userDefined3'

2024-07-12 22:12:38 - [MESSAGE][PASSED] - Text 'Austria' is set on object 'Object Repository/AdminSuiteBootstrap_Pages/VT_Bootstrap/SaleKeyboard/input_userDefined4'

2024-07-12 22:12:39 - [MESSAGE][PASSED] - All options with label 'Orange' are selected in object 'Object Repository/AdminSuiteBootstrap_Pages/VT_Bootstrap/SaleKeyboard/select_UDF5_DropDown'  using regular expression

2024-07-12 22:12:40 - [MESSAGE][PASSED] - All options with label 'Yellow' are selected in object 'Object Repository/AdminSuiteBootstrap_Pages/VT_Bootstrap/SaleKeyboard/select_UDF6_DropDown'  using regular expression

2024-07-12 22:12:41 - [MESSAGE][PASSED] - Text 'Norway' is set on object 'Object Repository/AdminSuiteBootstrap_Pages/VT_Bootstrap/SaleKeyboard/input_userDefined7'

2024-07-12 22:12:42 - [MESSAGE][PASSED] - Text 'Netherlands' is set on object 'Object Repository/AdminSuiteBootstrap_Pages/VT_Bootstrap/SaleKeyboard/input_userDefined8'

2024-07-12 22:12:43 - [MESSAGE][PASSED] - Text 'Switzerland' is set on object 'Object Repository/AdminSuiteBootstrap_Pages/VT_Bootstrap/SaleKeyboard/input_userDefined9'

2024-07-12 22:12:43 - [MESSAGE][PASSED] - Text 'France' is set on object 'Object Repository/AdminSuiteBootstrap_Pages/VT_Bootstrap/SaleKeyboard/input_userDefined10'

2024-07-12 22:12:45 - [MESSAGE][PASSED] - Object: 'Object Repository/AdminSuiteBootstrap_Pages/VT_Bootstrap/SaleKeyboard/button_Submit' is clicked on

2024-07-12 22:12:45 - [MESSAGE][PASSED] - adminSuiteBootstrap.virtualTerminalSetData.saleKeyboard_DataDriven is PASSED

2024-07-12 22:12:45 - [TEST_STEP][PASSED] - verifyTextPresent("Transaction Successful", true): Text 'Transaction Successful' is present on page  using regular expression

2024-07-12 22:12:45 - [MESSAGE][PASSED] - Text 'Transaction Successful' is present on page  using regular expression

2024-07-12 22:12:45 - [TEST_STEP][PASSED] - verifyElementVisible(findTestObject("Object Repository/AdminSuiteBootstrap_Pages/VT_Bootstrap/Receipt/button_Continue")): Object 'Object Repository/AdminSuiteBootstrap_Pages/VT_Bootstrap/Receipt/button_Continue' is visible

2024-07-12 22:12:46 - [MESSAGE][PASSED] - Object 'Object Repository/AdminSuiteBootstrap_Pages/VT_Bootstrap/Receipt/button_Continue' is visible

2024-07-12 22:12:46 - [TEST_STEP][PASSED] - verifyElementPresent(findTestObject("Object Repository/AdminSuiteBootstrap_Pages/VT_Bootstrap/Receipt/button_Continue"), 20): Object 'Object Repository/AdminSuiteBootstrap_Pages/VT_Bootstrap/Receipt/button_Continue' is present

2024-07-12 22:12:46 - [MESSAGE][PASSED] - Object 'Object Repository/AdminSuiteBootstrap_Pages/VT_Bootstrap/Receipt/button_Continue' is present

2024-07-12 22:12:46 - [TEST_STEP][PASSED] - verifyElementVisible(findTestObject("Object Repository/AdminSuiteBootstrap_Pages/VT_Bootstrap/Receipt/button_Print")): Object 'Object Repository/AdminSuiteBootstrap_Pages/VT_Bootstrap/Receipt/button_Print' is visible

2024-07-12 22:12:46 - [MESSAGE][PASSED] - Object 'Object Repository/AdminSuiteBootstrap_Pages/VT_Bootstrap/Receipt/button_Print' is visible

2024-07-12 22:12:46 - [TEST_STEP][PASSED] - verifyElementPresent(findTestObject("Object Repository/AdminSuiteBootstrap_Pages/VT_Bootstrap/Receipt/button_Print"), 20): Object 'Object Repository/AdminSuiteBootstrap_Pages/VT_Bootstrap/Receipt/button_Print' is present

2024-07-12 22:12:47 - [MESSAGE][PASSED] - Object 'Object Repository/AdminSuiteBootstrap_Pages/VT_Bootstrap/Receipt/button_Print' is present

2024-07-12 22:12:47 - [TEST_STEP][PASSED] - verifyTextPresent("Remittance ID", true): Text 'Remittance ID' is present on page  using regular expression

2024-07-12 22:12:47 - [MESSAGE][PASSED] - Text 'Remittance ID' is present on page  using regular expression

2024-07-12 22:12:47 - [TEST_STEP][PASSED] - verifyTextPresent("Received", true): Text 'Received' is present on page  using regular expression

2024-07-12 22:12:47 - [MESSAGE][PASSED] - Text 'Received' is present on page  using regular expression

2024-07-12 22:12:47 - [TEST_STEP][PASSED] - verifyTextPresent("UDF1", true): Text 'UDF1' is present on page  using regular expression

2024-07-12 22:12:48 - [MESSAGE][PASSED] - Text 'UDF1' is present on page  using regular expression

2024-07-12 22:12:48 - [TEST_STEP][PASSED] - verifyTextPresent("UDF2", true): Text 'UDF2' is present on page  using regular expression

2024-07-12 22:12:48 - [MESSAGE][PASSED] - Text 'UDF2' is present on page  using regular expression

2024-07-12 22:12:48 - [TEST_STEP][PASSED] - verifyTextPresent("UDF3", true): Text 'UDF3' is present on page  using regular expression

2024-07-12 22:12:48 - [MESSAGE][PASSED] - Text 'UDF3' is present on page  using regular expression

2024-07-12 22:12:48 - [TEST_STEP][PASSED] - verifyTextPresent("UDF4", true): Text 'UDF4' is present on page  using regular expression

2024-07-12 22:12:49 - [MESSAGE][PASSED] - Text 'UDF4' is present on page  using regular expression

2024-07-12 22:12:49 - [TEST_STEP][PASSED] - verifyTextPresent("UDF5", true): Text 'UDF5' is present on page  using regular expression

2024-07-12 22:12:49 - [MESSAGE][PASSED] - Text 'UDF5' is present on page  using regular expression

2024-07-12 22:12:49 - [TEST_STEP][PASSED] - verifyTextPresent("UDF6", true): Text 'UDF6' is present on page  using regular expression

2024-07-12 22:12:49 - [MESSAGE][PASSED] - Text 'UDF6' is present on page  using regular expression

2024-07-12 22:12:49 - [TEST_STEP][PASSED] - verifyTextPresent("UDF7", true): Text 'UDF7' is present on page  using regular expression

2024-07-12 22:12:50 - [MESSAGE][PASSED] - Text 'UDF7' is present on page  using regular expression

2024-07-12 22:12:50 - [TEST_STEP][PASSED] - verifyTextPresent("UDF8", true): Text 'UDF8' is present on page  using regular expression

2024-07-12 22:12:50 - [MESSAGE][PASSED] - Text 'UDF8' is present on page  using regular expression

2024-07-12 22:12:50 - [TEST_STEP][PASSED] - verifyTextPresent("UDF9", true): Text 'UDF9' is present on page  using regular expression

2024-07-12 22:12:50 - [MESSAGE][PASSED] - Text 'UDF9' is present on page  using regular expression

2024-07-12 22:12:50 - [TEST_STEP][PASSED] - verifyTextPresent("UDF 10", true): Text 'UDF 10' is present on page  using regular expression

2024-07-12 22:12:51 - [MESSAGE][PASSED] - Text 'UDF 10' is present on page  using regular expression

2024-07-12 22:12:51 - [TEST_STEP][PASSED] - verifyTextPresent("Australia", true): Text 'Australia' is present on page  using regular expression

2024-07-12 22:12:51 - [MESSAGE][PASSED] - Text 'Australia' is present on page  using regular expression

2024-07-12 22:12:51 - [TEST_STEP][PASSED] - verifyTextPresent("Denmark", true): Text 'Denmark' is present on page  using regular expression

2024-07-12 22:12:51 - [MESSAGE][PASSED] - Text 'Denmark' is present on page  using regular expression

2024-07-12 22:12:51 - [TEST_STEP][PASSED] - verifyTextPresent("Sweden", true): Text 'Sweden' is present on page  using regular expression

2024-07-12 22:12:51 - [MESSAGE][PASSED] - Text 'Sweden' is present on page  using regular expression

2024-07-12 22:12:51 - [TEST_STEP][PASSED] - verifyTextPresent("Austria", true): Text 'Austria' is present on page  using regular expression

2024-07-12 22:12:52 - [MESSAGE][PASSED] - Text 'Austria' is present on page  using regular expression

2024-07-12 22:12:52 - [TEST_STEP][PASSED] - verifyTextPresent("Orange Recorded", true): Text 'Orange Recorded' is present on page  using regular expression

2024-07-12 22:12:52 - [MESSAGE][PASSED] - Text 'Orange Recorded' is present on page  using regular expression

2024-07-12 22:12:52 - [TEST_STEP][PASSED] - verifyTextPresent("Yellow Recorded", true): Text 'Yellow Recorded' is present on page  using regular expression

2024-07-12 22:12:52 - [MESSAGE][PASSED] - Text 'Yellow Recorded' is present on page  using regular expression

2024-07-12 22:12:52 - [TEST_STEP][PASSED] - verifyTextPresent("Norway", true): Text 'Norway' is present on page  using regular expression

2024-07-12 22:12:53 - [MESSAGE][PASSED] - Text 'Norway' is present on page  using regular expression

2024-07-12 22:12:53 - [TEST_STEP][PASSED] - verifyTextPresent("Netherlands", true): Text 'Netherlands' is present on page  using regular expression

2024-07-12 22:12:53 - [MESSAGE][PASSED] - Text 'Netherlands' is present on page  using regular expression

2024-07-12 22:12:53 - [TEST_STEP][PASSED] - verifyTextPresent("Switzerland", true): Text 'Switzerland' is present on page  using regular expression

2024-07-12 22:12:53 - [MESSAGE][PASSED] - Text 'Switzerland' is present on page  using regular expression

2024-07-12 22:12:53 - [TEST_STEP][PASSED] - verifyTextPresent("France", true): Text 'France' is present on page  using regular expression

2024-07-12 22:12:54 - [MESSAGE][PASSED] - Text 'France' is present on page  using regular expression

2024-07-12 22:12:54 - [TEST_STEP][PASSED] - verifyTextPresent("Amount", true): Text 'Amount' is present on page  using regular expression

2024-07-12 22:12:54 - [MESSAGE][PASSED] - Text 'Amount' is present on page  using regular expression

2024-07-12 22:12:54 - [TEST_STEP][PASSED] - verifyTextPresent("Total Amount", true): Text 'Total Amount' is present on page  using regular expression

2024-07-12 22:12:54 - [MESSAGE][PASSED] - Text 'Total Amount' is present on page  using regular expression

2024-07-12 22:12:54 - [TEST_STEP][PASSED] - verifyTextPresent("Transaction Type", true): Text 'Transaction Type' is present on page  using regular expression

2024-07-12 22:12:55 - [MESSAGE][PASSED] - Text 'Transaction Type' is present on page  using regular expression

2024-07-12 22:12:55 - [TEST_STEP][PASSED] - verifyTextPresent("10.50", true): Text '10.50' is present on page  using regular expression

2024-07-12 22:12:55 - [MESSAGE][PASSED] - Text '10.50' is present on page  using regular expression

2024-07-12 22:12:55 - [TEST_STEP][PASSED] - verifyTextPresent("Authorization", true): Text 'Authorization' is present on page  using regular expression

2024-07-12 22:12:55 - [MESSAGE][PASSED] - Text 'Authorization' is present on page  using regular expression

2024-07-12 22:12:55 - [TEST_STEP][PASSED] - verifyTextPresent("Card Information", true): Text 'Card Information' is present on page  using regular expression

2024-07-12 22:12:55 - [MESSAGE][PASSED] - Text 'Card Information' is present on page  using regular expression

2024-07-12 22:12:55 - [TEST_STEP][PASSED] - cardNameV = findTestData(dataFile).getValue("CardNameV", row): null

2024-07-12 22:12:56 - [TEST_STEP][PASSED] - al1V = findTestData(dataFile).getValue("AL1", row): null

2024-07-12 22:12:56 - [TEST_STEP][PASSED] - al2V = findTestData(dataFile).getValue("AL2", row): null

2024-07-12 22:12:56 - [TEST_STEP][PASSED] - zipV = findTestData(dataFile).getValue("ZIP", row): null

2024-07-12 22:12:56 - [TEST_STEP][PASSED] - cardTypeV = findTestData(dataFile).getValue("CardType", row): null

2024-07-12 22:12:56 - [TEST_STEP][PASSED] - last4V = findTestData(dataFile).getValue("Last4", row): null

2024-07-12 22:12:56 - [TEST_STEP][PASSED] - verifyTextPresent(cardNameV, true): Text 'TULSI RAMAN' is present on page  using regular expression

2024-07-12 22:12:57 - [MESSAGE][PASSED] - Text 'TULSI RAMAN' is present on page  using regular expression

2024-07-12 22:12:57 - [TEST_STEP][PASSED] - verifyTextPresent("Address Line 1", true): Text 'Address Line 1' is present on page  using regular expression

2024-07-12 22:12:57 - [MESSAGE][PASSED] - Text 'Address Line 1' is present on page  using regular expression

2024-07-12 22:12:57 - [TEST_STEP][PASSED] - verifyTextPresent("Address Line 2", true): Text 'Address Line 2' is present on page  using regular expression

2024-07-12 22:12:57 - [MESSAGE][PASSED] - Text 'Address Line 2' is present on page  using regular expression

2024-07-12 22:12:57 - [TEST_STEP][PASSED] - verifyTextPresent("Country", true): Text 'Country' is present on page  using regular expression

2024-07-12 22:12:58 - [MESSAGE][PASSED] - Text 'Country' is present on page  using regular expression

2024-07-12 22:12:58 - [TEST_STEP][PASSED] - verifyTextPresent("City", true): Text 'City' is present on page  using regular expression

2024-07-12 22:12:58 - [MESSAGE][PASSED] - Text 'City' is present on page  using regular expression

2024-07-12 22:12:58 - [TEST_STEP][PASSED] - verifyTextPresent("State", true): Text 'State' is present on page  using regular expression

2024-07-12 22:12:58 - [MESSAGE][PASSED] - Text 'State' is present on page  using regular expression

2024-07-12 22:12:58 - [TEST_STEP][PASSED] - verifyTextPresent("ZIP Code", true): Text 'ZIP Code' is present on page  using regular expression

2024-07-12 22:12:59 - [MESSAGE][PASSED] - Text 'ZIP Code' is present on page  using regular expression

2024-07-12 22:12:59 - [TEST_STEP][PASSED] - verifyTextPresent(al1V, true): Text '36 Cornor Road' is present on page  using regular expression

2024-07-12 22:12:59 - [MESSAGE][PASSED] - Text '36 Cornor Road' is present on page  using regular expression

2024-07-12 22:12:59 - [TEST_STEP][PASSED] - verifyTextPresent(al2V, true): Text 'Suite 500' is present on page  using regular expression

2024-07-12 22:12:59 - [MESSAGE][PASSED] - Text 'Suite 500' is present on page  using regular expression

2024-07-12 22:12:59 - [TEST_STEP][PASSED] - verifyTextPresent("United States", true): Text 'United States' is present on page  using regular expression

2024-07-12 22:13:00 - [MESSAGE][PASSED] - Text 'United States' is present on page  using regular expression

2024-07-12 22:13:00 - [TEST_STEP][PASSED] - verifyTextPresent("ARLINGTON", true): Text 'ARLINGTON' is present on page  using regular expression

2024-07-12 22:13:00 - [MESSAGE][PASSED] - Text 'ARLINGTON' is present on page  using regular expression

2024-07-12 22:13:00 - [TEST_STEP][PASSED] - verifyTextPresent("Virginia", true): Text 'Virginia' is present on page  using regular expression

2024-07-12 22:13:00 - [MESSAGE][PASSED] - Text 'Virginia' is present on page  using regular expression

2024-07-12 22:13:00 - [TEST_STEP][PASSED] - verifyTextPresent(zipV, true): Text '22201' is present on page  using regular expression

2024-07-12 22:13:01 - [MESSAGE][PASSED] - Text '22201' is present on page  using regular expression

2024-07-12 22:13:01 - [TEST_STEP][PASSED] - verifyTextPresent(cardTypeV, true): Text 'Visa' is present on page  using regular expression

2024-07-12 22:13:01 - [MESSAGE][PASSED] - Text 'Visa' is present on page  using regular expression

2024-07-12 22:13:01 - [TEST_STEP][PASSED] - verifyTextPresent(last4V, true): Text '5439' is present on page  using regular expression

2024-07-12 22:13:01 - [MESSAGE][PASSED] - Text '5439' is present on page  using regular expression

2024-07-12 22:13:01 - [TEST_STEP][PASSED] - closeBrowser(): Browser is closed

2024-07-12 22:13:02 - [MESSAGE][PASSED] - Browser is closed

2024-07-12 22:13:02 - [TEST_STEP][PASSED] - ExecuteTC = findTestData(dataFile).getValue("Execute", row): null

2024-07-12 22:13:03 - [TEST_STEP][PASSED] - out.println("Value of Execute is : " + ExecuteTC): null

2024-07-12 22:13:03 - [TEST_STEP][PASSED] - switch (executionProfile): null

2024-07-12 22:13:03 - [TEST_STEP][PASSED] - case "QA2Profile":: null

2024-07-12 22:13:03 - [TEST_STEP][PASSED] - appName = findTestData(dataFile).getValue("AppNameQA", row): null

2024-07-12 22:13:03 - [TEST_STEP][PASSED] - appID = findTestData(dataFile).getValue("AppIDQA", row): null

2024-07-12 22:13:03 - [TEST_STEP][PASSED] - break: null

2024-07-12 22:13:03 - [TEST_STEP][PASSED] - hrefAppID = li_1 + appID + li_2: null

2024-07-12 22:13:03 - [TEST_STEP][PASSED] - hrefApp = li_1 + appID + "/": null

2024-07-12 22:13:03 - [TEST_STEP][PASSED] - println("hrefApp : " + hrefApp): null

2024-07-12 22:13:03 - [TEST_STEP][PASSED] - if (ExecuteTC.equalsIgnoreCase("Y")): Browser is closed

2024-07-12 22:13:03 - [TEST_STEP][PASSED] - out.println("Begin Record Number: " + row): null

2024-07-12 22:13:03 - [TEST_STEP][PASSED] - today = new java.util.Date(): null

2024-07-12 22:13:03 - [TEST_STEP][PASSED] - println(today): null

2024-07-12 22:13:03 - [TEST_STEP][PASSED] - datText = today: null

2024-07-12 22:13:03 - [TEST_STEP][PASSED] - adminSuiteBootstrap.loginFunctionality.login_AdminSuite(): adminSuiteBootstrap.loginFunctionality.login_AdminSuite is PASSED

2024-07-12 22:13:03 - [MESSAGE][INFO] - Starting 'Chrome' driver

2024-07-12 22:13:03 - [MESSAGE][INFO] - User set preference: ['acceptInsecureCerts', 'true']

2024-07-12 22:13:03 - [MESSAGE][INFO] - Action delay is set to 0 milliseconds

2024-07-12 22:13:06 - [MESSAGE][PASSED] - Browser is opened with url: 'https://qa2.velocitypayment.com/admin/imtiaz'

2024-07-12 22:13:06 - [MESSAGE][PASSED] - Current window maximized

2024-07-12 22:13:06 - [MESSAGE][PASSED] - Object 'Object Repository/Login_Page/Login_Username_Okta' is present

2024-07-12 22:13:07 - [MESSAGE][PASSED] - Text 'iahmed' is set on object 'Object Repository/Login_Page/Login_Username_Okta'

2024-07-12 22:13:08 - [MESSAGE][PASSED] - Text 'Hello!6666666' is set on object 'Object Repository/Login_Page/Login_Password_Okta'

2024-07-12 22:13:09 - [MESSAGE][PASSED] - Object: 'Object Repository/Login_Page/Login_Submit_Okta' is clicked on

2024-07-12 22:13:09 - [MESSAGE][PASSED] - adminSuiteBootstrap.loginFunctionality.login_AdminSuite is PASSED

2024-07-12 22:13:09 - [TEST_STEP][PASSED] - click(findTestObject(path_Dashboard + appName)): Object: 'Object Repository/AdminSuiteBootstrap_Pages/Dashboard_Bootstrap/a_Access AutoNoCFtp' is clicked on

2024-07-12 22:13:16 - [MESSAGE][PASSED] - Object: 'Object Repository/AdminSuiteBootstrap_Pages/Dashboard_Bootstrap/a_Access AutoNoCFtp' is clicked on

2024-07-12 22:13:16 - [TEST_STEP][PASSED] - click(findTestObject(path_VT + "button_Authorization Only")): Object: 'Object Repository/AdminSuiteBootstrap_Pages/VT_Bootstrap/IssueTransactions/button_Authorization Only' is clicked on

2024-07-12 22:13:17 - [MESSAGE][PASSED] - Object: 'Object Repository/AdminSuiteBootstrap_Pages/VT_Bootstrap/IssueTransactions/button_Authorization Only' is clicked on

2024-07-12 22:13:17 - [TEST_STEP][PASSED] - authOnlyKeyboardEntryLink = modifyObjectProperty(findTestObject(path_VT + "a_KeyboardEntry_Sale"), "href", "equals", hrefAppID, true): Modify property of object successfully

2024-07-12 22:13:17 - [MESSAGE][PASSED] - Modify property of object successfully

2024-07-12 22:13:17 - [TEST_STEP][PASSED] - click(authOnlyKeyboardEntryLink): Object: 'Object Repository/AdminSuiteBootstrap_Pages/VT_Bootstrap/IssueTransactions/a_KeyboardEntry_Sale' is clicked on

2024-07-12 22:13:18 - [MESSAGE][PASSED] - Object: 'Object Repository/AdminSuiteBootstrap_Pages/VT_Bootstrap/IssueTransactions/a_KeyboardEntry_Sale' is clicked on

2024-07-12 22:13:18 - [TEST_STEP][PASSED] - adminSuiteBootstrap.virtualTerminalSetData.saleKeyboard_DataDriven(row, dataFile): adminSuiteBootstrap.virtualTerminalSetData.saleKeyboard_DataDriven is PASSED

2024-07-12 22:13:21 - [MESSAGE][PASSED] - Text 'Tulsi Raman' is set on object 'Object Repository/AdminSuiteBootstrap_Pages/VT_Bootstrap/SaleKeyboard/input_cardName'

2024-07-12 22:13:22 - [MESSAGE][PASSED] - All options with value 'RETL' are selected in object 'Object Repository/AdminSuiteBootstrap_Pages/VT_Bootstrap/SaleKeyboard/select_transactionCategory'  using regular expression

2024-07-12 22:13:23 - [MESSAGE][PASSED] - Execute JavaScript 'arguments[0].value ='5146312200000035' ' successfully

2024-07-12 22:13:23 - [MESSAGE][PASSED] - Execute JavaScript 'arguments[0].value ='123' ' successfully

2024-07-12 22:13:24 - [MESSAGE][PASSED] - All options with value '12' are selected in object 'Object Repository/AdminSuiteBootstrap_Pages/VT_Bootstrap/SaleKeyboard/select_MM'  using regular expression

2024-07-12 22:13:26 - [MESSAGE][PASSED] - All options with value '2025' are selected in object 'Object Repository/AdminSuiteBootstrap_Pages/VT_Bootstrap/SaleKeyboard/select_YYYY'  using regular expression

2024-07-12 22:13:26 - [MESSAGE][PASSED] - Text '1478 Jhatka Palace' is set on object 'Object Repository/AdminSuiteBootstrap_Pages/VT_Bootstrap/SaleKeyboard/input__address'

2024-07-12 22:13:27 - [MESSAGE][PASSED] - Text 'Suite 500' is set on object 'Object Repository/AdminSuiteBootstrap_Pages/VT_Bootstrap/SaleKeyboard/input__address2'

2024-07-12 22:13:28 - [MESSAGE][PASSED] - Text '22201' is set on object 'Object Repository/AdminSuiteBootstrap_Pages/VT_Bootstrap/SaleKeyboard/input__zip'

2024-07-12 22:13:28 - [MESSAGE][PASSED] - Text '' is set on object 'Object Repository/AdminSuiteBootstrap_Pages/VT_Bootstrap/SaleKeyboard/input_emailAddress'

2024-07-12 22:13:30 - [MESSAGE][PASSED] - Text '' is set on object 'Object Repository/AdminSuiteBootstrap_Pages/VT_Bootstrap/SaleKeyboard/input_smsNumber'

2024-07-12 22:13:31 - [MESSAGE][PASSED] - Text '10.50' is set on object 'Object Repository/AdminSuiteBootstrap_Pages/VT_Bootstrap/SaleKeyboard/input_amount'

2024-07-12 22:13:31 - [MESSAGE][PASSED] - Text 'Australia' is set on object 'Object Repository/AdminSuiteBootstrap_Pages/VT_Bootstrap/SaleKeyboard/input_userDefined1'

2024-07-12 22:13:32 - [MESSAGE][PASSED] - Text 'Denmark' is set on object 'Object Repository/AdminSuiteBootstrap_Pages/VT_Bootstrap/SaleKeyboard/input_userDefined2'

2024-07-12 22:13:33 - [MESSAGE][PASSED] - Text 'Sweden' is set on object 'Object Repository/AdminSuiteBootstrap_Pages/VT_Bootstrap/SaleKeyboard/input_userDefined3'

2024-07-12 22:13:33 - [MESSAGE][PASSED] - Text 'Austria' is set on object 'Object Repository/AdminSuiteBootstrap_Pages/VT_Bootstrap/SaleKeyboard/input_userDefined4'

2024-07-12 22:13:34 - [MESSAGE][PASSED] - All options with label 'Orange' are selected in object 'Object Repository/AdminSuiteBootstrap_Pages/VT_Bootstrap/SaleKeyboard/select_UDF5_DropDown'  using regular expression

2024-07-12 22:13:35 - [MESSAGE][PASSED] - All options with label 'Yellow' are selected in object 'Object Repository/AdminSuiteBootstrap_Pages/VT_Bootstrap/SaleKeyboard/select_UDF6_DropDown'  using regular expression

2024-07-12 22:13:36 - [MESSAGE][PASSED] - Text 'Norway' is set on object 'Object Repository/AdminSuiteBootstrap_Pages/VT_Bootstrap/SaleKeyboard/input_userDefined7'

2024-07-12 22:13:37 - [MESSAGE][PASSED] - Text 'Netherlands' is set on object 'Object Repository/AdminSuiteBootstrap_Pages/VT_Bootstrap/SaleKeyboard/input_userDefined8'

2024-07-12 22:13:38 - [MESSAGE][PASSED] - Text 'Switzerland' is set on object 'Object Repository/AdminSuiteBootstrap_Pages/VT_Bootstrap/SaleKeyboard/input_userDefined9'

2024-07-12 22:13:38 - [MESSAGE][PASSED] - Text 'France' is set on object 'Object Repository/AdminSuiteBootstrap_Pages/VT_Bootstrap/SaleKeyboard/input_userDefined10'

2024-07-12 22:13:40 - [MESSAGE][PASSED] - Object: 'Object Repository/AdminSuiteBootstrap_Pages/VT_Bootstrap/SaleKeyboard/button_Submit' is clicked on

2024-07-12 22:13:40 - [MESSAGE][PASSED] - adminSuiteBootstrap.virtualTerminalSetData.saleKeyboard_DataDriven is PASSED

2024-07-12 22:13:40 - [TEST_STEP][PASSED] - verifyTextPresent("Transaction Successful", true): Text 'Transaction Successful' is present on page  using regular expression

2024-07-12 22:13:41 - [MESSAGE][PASSED] - Text 'Transaction Successful' is present on page  using regular expression

2024-07-12 22:13:41 - [TEST_STEP][PASSED] - verifyElementVisible(findTestObject("Object Repository/AdminSuiteBootstrap_Pages/VT_Bootstrap/Receipt/button_Continue")): Object 'Object Repository/AdminSuiteBootstrap_Pages/VT_Bootstrap/Receipt/button_Continue' is visible

2024-07-12 22:13:41 - [MESSAGE][PASSED] - Object 'Object Repository/AdminSuiteBootstrap_Pages/VT_Bootstrap/Receipt/button_Continue' is visible

2024-07-12 22:13:41 - [TEST_STEP][PASSED] - verifyElementPresent(findTestObject("Object Repository/AdminSuiteBootstrap_Pages/VT_Bootstrap/Receipt/button_Continue"), 20): Object 'Object Repository/AdminSuiteBootstrap_Pages/VT_Bootstrap/Receipt/button_Continue' is present

2024-07-12 22:13:41 - [MESSAGE][PASSED] - Object 'Object Repository/AdminSuiteBootstrap_Pages/VT_Bootstrap/Receipt/button_Continue' is present

2024-07-12 22:13:41 - [TEST_STEP][PASSED] - verifyElementVisible(findTestObject("Object Repository/AdminSuiteBootstrap_Pages/VT_Bootstrap/Receipt/button_Print")): Object 'Object Repository/AdminSuiteBootstrap_Pages/VT_Bootstrap/Receipt/button_Print' is visible

2024-07-12 22:13:42 - [MESSAGE][PASSED] - Object 'Object Repository/AdminSuiteBootstrap_Pages/VT_Bootstrap/Receipt/button_Print' is visible

2024-07-12 22:13:42 - [TEST_STEP][PASSED] - verifyElementPresent(findTestObject("Object Repository/AdminSuiteBootstrap_Pages/VT_Bootstrap/Receipt/button_Print"), 20): Object 'Object Repository/AdminSuiteBootstrap_Pages/VT_Bootstrap/Receipt/button_Print' is present

2024-07-12 22:13:42 - [MESSAGE][PASSED] - Object 'Object Repository/AdminSuiteBootstrap_Pages/VT_Bootstrap/Receipt/button_Print' is present

2024-07-12 22:13:42 - [TEST_STEP][PASSED] - verifyTextPresent("Remittance ID", true): Text 'Remittance ID' is present on page  using regular expression

2024-07-12 22:13:42 - [MESSAGE][PASSED] - Text 'Remittance ID' is present on page  using regular expression

2024-07-12 22:13:42 - [TEST_STEP][PASSED] - verifyTextPresent("Received", true): Text 'Received' is present on page  using regular expression

2024-07-12 22:13:43 - [MESSAGE][PASSED] - Text 'Received' is present on page  using regular expression

2024-07-12 22:13:43 - [TEST_STEP][PASSED] - verifyTextPresent("UDF1", true): Text 'UDF1' is present on page  using regular expression

2024-07-12 22:13:43 - [MESSAGE][PASSED] - Text 'UDF1' is present on page  using regular expression

2024-07-12 22:13:43 - [TEST_STEP][PASSED] - verifyTextPresent("UDF2", true): Text 'UDF2' is present on page  using regular expression

2024-07-12 22:13:43 - [MESSAGE][PASSED] - Text 'UDF2' is present on page  using regular expression

2024-07-12 22:13:43 - [TEST_STEP][PASSED] - verifyTextPresent("UDF3", true): Text 'UDF3' is present on page  using regular expression

2024-07-12 22:13:44 - [MESSAGE][PASSED] - Text 'UDF3' is present on page  using regular expression

2024-07-12 22:13:44 - [TEST_STEP][PASSED] - verifyTextPresent("UDF4", true): Text 'UDF4' is present on page  using regular expression

2024-07-12 22:13:44 - [MESSAGE][PASSED] - Text 'UDF4' is present on page  using regular expression

2024-07-12 22:13:44 - [TEST_STEP][PASSED] - verifyTextPresent("UDF5", true): Text 'UDF5' is present on page  using regular expression

2024-07-12 22:13:44 - [MESSAGE][PASSED] - Text 'UDF5' is present on page  using regular expression

2024-07-12 22:13:44 - [TEST_STEP][PASSED] - verifyTextPresent("UDF6", true): Text 'UDF6' is present on page  using regular expression

2024-07-12 22:13:45 - [MESSAGE][PASSED] - Text 'UDF6' is present on page  using regular expression

2024-07-12 22:13:45 - [TEST_STEP][PASSED] - verifyTextPresent("UDF7", true): Text 'UDF7' is present on page  using regular expression

2024-07-12 22:13:45 - [MESSAGE][PASSED] - Text 'UDF7' is present on page  using regular expression

2024-07-12 22:13:45 - [TEST_STEP][PASSED] - verifyTextPresent("UDF8", true): Text 'UDF8' is present on page  using regular expression

2024-07-12 22:13:45 - [MESSAGE][PASSED] - Text 'UDF8' is present on page  using regular expression

2024-07-12 22:13:45 - [TEST_STEP][PASSED] - verifyTextPresent("UDF9", true): Text 'UDF9' is present on page  using regular expression

2024-07-12 22:13:46 - [MESSAGE][PASSED] - Text 'UDF9' is present on page  using regular expression

2024-07-12 22:13:46 - [TEST_STEP][PASSED] - verifyTextPresent("UDF 10", true): Text 'UDF 10' is present on page  using regular expression

2024-07-12 22:13:46 - [MESSAGE][PASSED] - Text 'UDF 10' is present on page  using regular expression

2024-07-12 22:13:46 - [TEST_STEP][PASSED] - verifyTextPresent("Australia", true): Text 'Australia' is present on page  using regular expression

2024-07-12 22:13:46 - [MESSAGE][PASSED] - Text 'Australia' is present on page  using regular expression

2024-07-12 22:13:46 - [TEST_STEP][PASSED] - verifyTextPresent("Denmark", true): Text 'Denmark' is present on page  using regular expression

2024-07-12 22:13:47 - [MESSAGE][PASSED] - Text 'Denmark' is present on page  using regular expression

2024-07-12 22:13:47 - [TEST_STEP][PASSED] - verifyTextPresent("Sweden", true): Text 'Sweden' is present on page  using regular expression

2024-07-12 22:13:47 - [MESSAGE][PASSED] - Text 'Sweden' is present on page  using regular expression

2024-07-12 22:13:47 - [TEST_STEP][PASSED] - verifyTextPresent("Austria", true): Text 'Austria' is present on page  using regular expression

2024-07-12 22:13:47 - [MESSAGE][PASSED] - Text 'Austria' is present on page  using regular expression

2024-07-12 22:13:47 - [TEST_STEP][PASSED] - verifyTextPresent("Orange Recorded", true): Text 'Orange Recorded' is present on page  using regular expression

2024-07-12 22:13:48 - [MESSAGE][PASSED] - Text 'Orange Recorded' is present on page  using regular expression

2024-07-12 22:13:48 - [TEST_STEP][PASSED] - verifyTextPresent("Yellow Recorded", true): Text 'Yellow Recorded' is present on page  using regular expression

2024-07-12 22:13:48 - [MESSAGE][PASSED] - Text 'Yellow Recorded' is present on page  using regular expression

2024-07-12 22:13:48 - [TEST_STEP][PASSED] - verifyTextPresent("Norway", true): Text 'Norway' is present on page  using regular expression

2024-07-12 22:13:48 - [MESSAGE][PASSED] - Text 'Norway' is present on page  using regular expression

2024-07-12 22:13:48 - [TEST_STEP][PASSED] - verifyTextPresent("Netherlands", true): Text 'Netherlands' is present on page  using regular expression

2024-07-12 22:13:49 - [MESSAGE][PASSED] - Text 'Netherlands' is present on page  using regular expression

2024-07-12 22:13:49 - [TEST_STEP][PASSED] - verifyTextPresent("Switzerland", true): Text 'Switzerland' is present on page  using regular expression

2024-07-12 22:13:49 - [MESSAGE][PASSED] - Text 'Switzerland' is present on page  using regular expression

2024-07-12 22:13:49 - [TEST_STEP][PASSED] - verifyTextPresent("France", true): Text 'France' is present on page  using regular expression

2024-07-12 22:13:49 - [MESSAGE][PASSED] - Text 'France' is present on page  using regular expression

2024-07-12 22:13:49 - [TEST_STEP][PASSED] - verifyTextPresent("Amount", true): Text 'Amount' is present on page  using regular expression

2024-07-12 22:13:50 - [MESSAGE][PASSED] - Text 'Amount' is present on page  using regular expression

2024-07-12 22:13:50 - [TEST_STEP][PASSED] - verifyTextPresent("Total Amount", true): Text 'Total Amount' is present on page  using regular expression

2024-07-12 22:13:50 - [MESSAGE][PASSED] - Text 'Total Amount' is present on page  using regular expression

2024-07-12 22:13:50 - [TEST_STEP][PASSED] - verifyTextPresent("Transaction Type", true): Text 'Transaction Type' is present on page  using regular expression

2024-07-12 22:13:50 - [MESSAGE][PASSED] - Text 'Transaction Type' is present on page  using regular expression

2024-07-12 22:13:50 - [TEST_STEP][PASSED] - verifyTextPresent("10.50", true): Text '10.50' is present on page  using regular expression

2024-07-12 22:13:51 - [MESSAGE][PASSED] - Text '10.50' is present on page  using regular expression

2024-07-12 22:13:51 - [TEST_STEP][PASSED] - verifyTextPresent("Authorization", true): Text 'Authorization' is present on page  using regular expression

2024-07-12 22:13:51 - [MESSAGE][PASSED] - Text 'Authorization' is present on page  using regular expression

2024-07-12 22:13:51 - [TEST_STEP][PASSED] - verifyTextPresent("Card Information", true): Text 'Card Information' is present on page  using regular expression

2024-07-12 22:13:51 - [MESSAGE][PASSED] - Text 'Card Information' is present on page  using regular expression

2024-07-12 22:13:51 - [TEST_STEP][PASSED] - cardNameV = findTestData(dataFile).getValue("CardNameV", row): null

2024-07-12 22:13:51 - [TEST_STEP][PASSED] - al1V = findTestData(dataFile).getValue("AL1", row): null

2024-07-12 22:13:52 - [TEST_STEP][PASSED] - al2V = findTestData(dataFile).getValue("AL2", row): null

2024-07-12 22:13:52 - [TEST_STEP][PASSED] - zipV = findTestData(dataFile).getValue("ZIP", row): null

2024-07-12 22:13:52 - [TEST_STEP][PASSED] - cardTypeV = findTestData(dataFile).getValue("CardType", row): null

2024-07-12 22:13:52 - [TEST_STEP][PASSED] - last4V = findTestData(dataFile).getValue("Last4", row): null

2024-07-12 22:13:52 - [TEST_STEP][PASSED] - verifyTextPresent(cardNameV, true): Text 'TULSI RAMAN' is present on page  using regular expression

2024-07-12 22:13:52 - [MESSAGE][PASSED] - Text 'TULSI RAMAN' is present on page  using regular expression

2024-07-12 22:13:52 - [TEST_STEP][PASSED] - verifyTextPresent("Address Line 1", true): Text 'Address Line 1' is present on page  using regular expression

2024-07-12 22:13:53 - [MESSAGE][PASSED] - Text 'Address Line 1' is present on page  using regular expression

2024-07-12 22:13:53 - [TEST_STEP][PASSED] - verifyTextPresent("Address Line 2", true): Text 'Address Line 2' is present on page  using regular expression

2024-07-12 22:13:53 - [MESSAGE][PASSED] - Text 'Address Line 2' is present on page  using regular expression

2024-07-12 22:13:53 - [TEST_STEP][PASSED] - verifyTextPresent("Country", true): Text 'Country' is present on page  using regular expression

2024-07-12 22:13:53 - [MESSAGE][PASSED] - Text 'Country' is present on page  using regular expression

2024-07-12 22:13:53 - [TEST_STEP][PASSED] - verifyTextPresent("City", true): Text 'City' is present on page  using regular expression

2024-07-12 22:13:54 - [MESSAGE][PASSED] - Text 'City' is present on page  using regular expression

2024-07-12 22:13:54 - [TEST_STEP][PASSED] - verifyTextPresent("State", true): Text 'State' is present on page  using regular expression

2024-07-12 22:13:54 - [MESSAGE][PASSED] - Text 'State' is present on page  using regular expression

2024-07-12 22:13:54 - [TEST_STEP][PASSED] - verifyTextPresent("ZIP Code", true): Text 'ZIP Code' is present on page  using regular expression

2024-07-12 22:13:54 - [MESSAGE][PASSED] - Text 'ZIP Code' is present on page  using regular expression

2024-07-12 22:13:54 - [TEST_STEP][PASSED] - verifyTextPresent(al1V, true): Text '1478 Jhatka Palace' is present on page  using regular expression

2024-07-12 22:13:55 - [MESSAGE][PASSED] - Text '1478 Jhatka Palace' is present on page  using regular expression

2024-07-12 22:13:55 - [TEST_STEP][PASSED] - verifyTextPresent(al2V, true): Text 'Suite 500' is present on page  using regular expression

2024-07-12 22:13:55 - [MESSAGE][PASSED] - Text 'Suite 500' is present on page  using regular expression

2024-07-12 22:13:55 - [TEST_STEP][PASSED] - verifyTextPresent("United States", true): Text 'United States' is present on page  using regular expression

2024-07-12 22:13:55 - [MESSAGE][PASSED] - Text 'United States' is present on page  using regular expression

2024-07-12 22:13:55 - [TEST_STEP][PASSED] - verifyTextPresent("ARLINGTON", true): Text 'ARLINGTON' is present on page  using regular expression

2024-07-12 22:13:56 - [MESSAGE][PASSED] - Text 'ARLINGTON' is present on page  using regular expression

2024-07-12 22:13:56 - [TEST_STEP][PASSED] - verifyTextPresent("Virginia", true): Text 'Virginia' is present on page  using regular expression

2024-07-12 22:13:56 - [MESSAGE][PASSED] - Text 'Virginia' is present on page  using regular expression

2024-07-12 22:13:56 - [TEST_STEP][PASSED] - verifyTextPresent(zipV, true): Text '22201' is present on page  using regular expression

2024-07-12 22:13:56 - [MESSAGE][PASSED] - Text '22201' is present on page  using regular expression

2024-07-12 22:13:56 - [TEST_STEP][PASSED] - verifyTextPresent(cardTypeV, true): Text 'MasterCard' is present on page  using regular expression

2024-07-12 22:13:57 - [MESSAGE][PASSED] - Text 'MasterCard' is present on page  using regular expression

2024-07-12 22:13:57 - [TEST_STEP][PASSED] - verifyTextPresent(last4V, true): Text '0035' is present on page  using regular expression

2024-07-12 22:13:57 - [MESSAGE][PASSED] - Text '0035' is present on page  using regular expression

2024-07-12 22:13:57 - [TEST_STEP][PASSED] - closeBrowser(): Browser is closed

2024-07-12 22:13:58 - [MESSAGE][PASSED] - Browser is closed

2024-07-12 22:13:58 - [TEST_STEP][PASSED] - ExecuteTC = findTestData(dataFile).getValue("Execute", row): null

2024-07-12 22:13:58 - [TEST_STEP][PASSED] - out.println("Value of Execute is : " + ExecuteTC): null

2024-07-12 22:13:58 - [TEST_STEP][PASSED] - switch (executionProfile): null

2024-07-12 22:13:58 - [TEST_STEP][PASSED] - case "QA2Profile":: null

2024-07-12 22:13:58 - [TEST_STEP][PASSED] - appName = findTestData(dataFile).getValue("AppNameQA", row): null

2024-07-12 22:13:58 - [TEST_STEP][PASSED] - appID = findTestData(dataFile).getValue("AppIDQA", row): null

2024-07-12 22:13:59 - [TEST_STEP][PASSED] - break: null

2024-07-12 22:13:59 - [TEST_STEP][PASSED] - hrefAppID = li_1 + appID + li_2: null

2024-07-12 22:13:59 - [TEST_STEP][PASSED] - hrefApp = li_1 + appID + "/": null

2024-07-12 22:13:59 - [TEST_STEP][PASSED] - println("hrefApp : " + hrefApp): null

2024-07-12 22:13:59 - [TEST_STEP][PASSED] - if (ExecuteTC.equalsIgnoreCase("Y")): Browser is closed

2024-07-12 22:13:59 - [TEST_STEP][PASSED] - out.println("Begin Record Number: " + row): null

2024-07-12 22:13:59 - [TEST_STEP][PASSED] - today = new java.util.Date(): null

2024-07-12 22:13:59 - [TEST_STEP][PASSED] - println(today): null

2024-07-12 22:13:59 - [TEST_STEP][PASSED] - datText = today: null

2024-07-12 22:13:59 - [TEST_STEP][PASSED] - adminSuiteBootstrap.loginFunctionality.login_AdminSuite(): adminSuiteBootstrap.loginFunctionality.login_AdminSuite is PASSED

2024-07-12 22:13:59 - [MESSAGE][INFO] - Starting 'Chrome' driver

2024-07-12 22:13:59 - [MESSAGE][INFO] - User set preference: ['acceptInsecureCerts', 'true']

2024-07-12 22:13:59 - [MESSAGE][INFO] - Action delay is set to 0 milliseconds

2024-07-12 22:14:00 - [MESSAGE][PASSED] - Browser is opened with url: 'https://qa2.velocitypayment.com/admin/imtiaz'

2024-07-12 22:14:01 - [MESSAGE][PASSED] - Current window maximized

2024-07-12 22:14:02 - [MESSAGE][PASSED] - Object 'Object Repository/Login_Page/Login_Username_Okta' is present

2024-07-12 22:14:03 - [MESSAGE][PASSED] - Text 'iahmed' is set on object 'Object Repository/Login_Page/Login_Username_Okta'

2024-07-12 22:14:04 - [MESSAGE][PASSED] - Text 'Hello!6666666' is set on object 'Object Repository/Login_Page/Login_Password_Okta'

2024-07-12 22:14:04 - [MESSAGE][PASSED] - Object: 'Object Repository/Login_Page/Login_Submit_Okta' is clicked on

2024-07-12 22:14:04 - [MESSAGE][PASSED] - adminSuiteBootstrap.loginFunctionality.login_AdminSuite is PASSED

2024-07-12 22:14:04 - [TEST_STEP][PASSED] - click(findTestObject(path_Dashboard + appName)): Object: 'Object Repository/AdminSuiteBootstrap_Pages/Dashboard_Bootstrap/a_Access AutoNoCFtp' is clicked on

2024-07-12 22:14:13 - [MESSAGE][PASSED] - Object: 'Object Repository/AdminSuiteBootstrap_Pages/Dashboard_Bootstrap/a_Access AutoNoCFtp' is clicked on

2024-07-12 22:14:13 - [TEST_STEP][PASSED] - click(findTestObject(path_VT + "button_Authorization Only")): Object: 'Object Repository/AdminSuiteBootstrap_Pages/VT_Bootstrap/IssueTransactions/button_Authorization Only' is clicked on

2024-07-12 22:14:14 - [MESSAGE][PASSED] - Object: 'Object Repository/AdminSuiteBootstrap_Pages/VT_Bootstrap/IssueTransactions/button_Authorization Only' is clicked on

2024-07-12 22:14:14 - [TEST_STEP][PASSED] - authOnlyKeyboardEntryLink = modifyObjectProperty(findTestObject(path_VT + "a_KeyboardEntry_Sale"), "href", "equals", hrefAppID, true): Modify property of object successfully

2024-07-12 22:14:14 - [MESSAGE][PASSED] - Modify property of object successfully

2024-07-12 22:14:14 - [TEST_STEP][PASSED] - click(authOnlyKeyboardEntryLink): Object: 'Object Repository/AdminSuiteBootstrap_Pages/VT_Bootstrap/IssueTransactions/a_KeyboardEntry_Sale' is clicked on

2024-07-12 22:14:15 - [MESSAGE][PASSED] - Object: 'Object Repository/AdminSuiteBootstrap_Pages/VT_Bootstrap/IssueTransactions/a_KeyboardEntry_Sale' is clicked on

2024-07-12 22:14:15 - [TEST_STEP][PASSED] - adminSuiteBootstrap.virtualTerminalSetData.saleKeyboard_DataDriven(row, dataFile): adminSuiteBootstrap.virtualTerminalSetData.saleKeyboard_DataDriven is PASSED

2024-07-12 22:14:18 - [MESSAGE][PASSED] - Text 'Tulsi Raman' is set on object 'Object Repository/AdminSuiteBootstrap_Pages/VT_Bootstrap/SaleKeyboard/input_cardName'

2024-07-12 22:14:19 - [MESSAGE][PASSED] - All options with value 'RETL' are selected in object 'Object Repository/AdminSuiteBootstrap_Pages/VT_Bootstrap/SaleKeyboard/select_transactionCategory'  using regular expression

2024-07-12 22:14:19 - [MESSAGE][PASSED] - Execute JavaScript 'arguments[0].value ='371449635392376' ' successfully

2024-07-12 22:14:20 - [MESSAGE][PASSED] - Execute JavaScript 'arguments[0].value ='123' ' successfully

2024-07-12 22:14:21 - [MESSAGE][PASSED] - All options with value '12' are selected in object 'Object Repository/AdminSuiteBootstrap_Pages/VT_Bootstrap/SaleKeyboard/select_MM'  using regular expression

2024-07-12 22:14:22 - [MESSAGE][PASSED] - All options with value '2025' are selected in object 'Object Repository/AdminSuiteBootstrap_Pages/VT_Bootstrap/SaleKeyboard/select_YYYY'  using regular expression

2024-07-12 22:14:23 - [MESSAGE][PASSED] - Text '550 Swan Lake' is set on object 'Object Repository/AdminSuiteBootstrap_Pages/VT_Bootstrap/SaleKeyboard/input__address'

2024-07-12 22:14:23 - [MESSAGE][PASSED] - Text 'Suite 500' is set on object 'Object Repository/AdminSuiteBootstrap_Pages/VT_Bootstrap/SaleKeyboard/input__address2'

2024-07-12 22:14:24 - [MESSAGE][PASSED] - Text '22201' is set on object 'Object Repository/AdminSuiteBootstrap_Pages/VT_Bootstrap/SaleKeyboard/input__zip'

2024-07-12 22:14:25 - [MESSAGE][PASSED] - Text '' is set on object 'Object Repository/AdminSuiteBootstrap_Pages/VT_Bootstrap/SaleKeyboard/input_emailAddress'

2024-07-12 22:14:26 - [MESSAGE][PASSED] - Text '' is set on object 'Object Repository/AdminSuiteBootstrap_Pages/VT_Bootstrap/SaleKeyboard/input_smsNumber'

2024-07-12 22:14:27 - [MESSAGE][PASSED] - Text '10.50' is set on object 'Object Repository/AdminSuiteBootstrap_Pages/VT_Bootstrap/SaleKeyboard/input_amount'

2024-07-12 22:14:28 - [MESSAGE][PASSED] - Text 'Australia' is set on object 'Object Repository/AdminSuiteBootstrap_Pages/VT_Bootstrap/SaleKeyboard/input_userDefined1'

2024-07-12 22:14:28 - [MESSAGE][PASSED] - Text 'Denmark' is set on object 'Object Repository/AdminSuiteBootstrap_Pages/VT_Bootstrap/SaleKeyboard/input_userDefined2'

2024-07-12 22:14:29 - [MESSAGE][PASSED] - Text 'Sweden' is set on object 'Object Repository/AdminSuiteBootstrap_Pages/VT_Bootstrap/SaleKeyboard/input_userDefined3'

2024-07-12 22:14:30 - [MESSAGE][PASSED] - Text 'Austria' is set on object 'Object Repository/AdminSuiteBootstrap_Pages/VT_Bootstrap/SaleKeyboard/input_userDefined4'

2024-07-12 22:14:31 - [MESSAGE][PASSED] - All options with label 'Orange' are selected in object 'Object Repository/AdminSuiteBootstrap_Pages/VT_Bootstrap/SaleKeyboard/select_UDF5_DropDown'  using regular expression

2024-07-12 22:14:32 - [MESSAGE][PASSED] - All options with label 'Yellow' are selected in object 'Object Repository/AdminSuiteBootstrap_Pages/VT_Bootstrap/SaleKeyboard/select_UDF6_DropDown'  using regular expression

2024-07-12 22:14:33 - [MESSAGE][PASSED] - Text 'Norway' is set on object 'Object Repository/AdminSuiteBootstrap_Pages/VT_Bootstrap/SaleKeyboard/input_userDefined7'

2024-07-12 22:14:33 - [MESSAGE][PASSED] - Text 'Netherlands' is set on object 'Object Repository/AdminSuiteBootstrap_Pages/VT_Bootstrap/SaleKeyboard/input_userDefined8'

2024-07-12 22:14:34 - [MESSAGE][PASSED] - Text 'Switzerland' is set on object 'Object Repository/AdminSuiteBootstrap_Pages/VT_Bootstrap/SaleKeyboard/input_userDefined9'

2024-07-12 22:14:35 - [MESSAGE][PASSED] - Text 'France' is set on object 'Object Repository/AdminSuiteBootstrap_Pages/VT_Bootstrap/SaleKeyboard/input_userDefined10'

2024-07-12 22:14:36 - [MESSAGE][PASSED] - Object: 'Object Repository/AdminSuiteBootstrap_Pages/VT_Bootstrap/SaleKeyboard/button_Submit' is clicked on

2024-07-12 22:14:36 - [MESSAGE][PASSED] - adminSuiteBootstrap.virtualTerminalSetData.saleKeyboard_DataDriven is PASSED

2024-07-12 22:14:36 - [TEST_STEP][PASSED] - verifyTextPresent("Transaction Successful", true): Text 'Transaction Successful' is present on page  using regular expression

2024-07-12 22:14:37 - [MESSAGE][PASSED] - Text 'Transaction Successful' is present on page  using regular expression

2024-07-12 22:14:37 - [TEST_STEP][PASSED] - verifyElementVisible(findTestObject("Object Repository/AdminSuiteBootstrap_Pages/VT_Bootstrap/Receipt/button_Continue")): Object 'Object Repository/AdminSuiteBootstrap_Pages/VT_Bootstrap/Receipt/button_Continue' is visible

2024-07-12 22:14:37 - [MESSAGE][PASSED] - Object 'Object Repository/AdminSuiteBootstrap_Pages/VT_Bootstrap/Receipt/button_Continue' is visible

2024-07-12 22:14:37 - [TEST_STEP][PASSED] - verifyElementPresent(findTestObject("Object Repository/AdminSuiteBootstrap_Pages/VT_Bootstrap/Receipt/button_Continue"), 20): Object 'Object Repository/AdminSuiteBootstrap_Pages/VT_Bootstrap/Receipt/button_Continue' is present

2024-07-12 22:14:37 - [MESSAGE][PASSED] - Object 'Object Repository/AdminSuiteBootstrap_Pages/VT_Bootstrap/Receipt/button_Continue' is present

2024-07-12 22:14:37 - [TEST_STEP][PASSED] - verifyElementVisible(findTestObject("Object Repository/AdminSuiteBootstrap_Pages/VT_Bootstrap/Receipt/button_Print")): Object 'Object Repository/AdminSuiteBootstrap_Pages/VT_Bootstrap/Receipt/button_Print' is visible

2024-07-12 22:14:38 - [MESSAGE][PASSED] - Object 'Object Repository/AdminSuiteBootstrap_Pages/VT_Bootstrap/Receipt/button_Print' is visible

2024-07-12 22:14:38 - [TEST_STEP][PASSED] - verifyElementPresent(findTestObject("Object Repository/AdminSuiteBootstrap_Pages/VT_Bootstrap/Receipt/button_Print"), 20): Object 'Object Repository/AdminSuiteBootstrap_Pages/VT_Bootstrap/Receipt/button_Print' is present

2024-07-12 22:14:38 - [MESSAGE][PASSED] - Object 'Object Repository/AdminSuiteBootstrap_Pages/VT_Bootstrap/Receipt/button_Print' is present

2024-07-12 22:14:38 - [TEST_STEP][PASSED] - verifyTextPresent("Remittance ID", true): Text 'Remittance ID' is present on page  using regular expression

2024-07-12 22:14:38 - [MESSAGE][PASSED] - Text 'Remittance ID' is present on page  using regular expression

2024-07-12 22:14:38 - [TEST_STEP][PASSED] - verifyTextPresent("Received", true): Text 'Received' is present on page  using regular expression

2024-07-12 22:14:39 - [MESSAGE][PASSED] - Text 'Received' is present on page  using regular expression

2024-07-12 22:14:39 - [TEST_STEP][PASSED] - verifyTextPresent("UDF1", true): Text 'UDF1' is present on page  using regular expression

2024-07-12 22:14:39 - [MESSAGE][PASSED] - Text 'UDF1' is present on page  using regular expression

2024-07-12 22:14:39 - [TEST_STEP][PASSED] - verifyTextPresent("UDF2", true): Text 'UDF2' is present on page  using regular expression

2024-07-12 22:14:39 - [MESSAGE][PASSED] - Text 'UDF2' is present on page  using regular expression

2024-07-12 22:14:39 - [TEST_STEP][PASSED] - verifyTextPresent("UDF3", true): Text 'UDF3' is present on page  using regular expression

2024-07-12 22:14:40 - [MESSAGE][PASSED] - Text 'UDF3' is present on page  using regular expression

2024-07-12 22:14:40 - [TEST_STEP][PASSED] - verifyTextPresent("UDF4", true): Text 'UDF4' is present on page  using regular expression

2024-07-12 22:14:40 - [MESSAGE][PASSED] - Text 'UDF4' is present on page  using regular expression

2024-07-12 22:14:40 - [TEST_STEP][PASSED] - verifyTextPresent("UDF5", true): Text 'UDF5' is present on page  using regular expression

2024-07-12 22:14:40 - [MESSAGE][PASSED] - Text 'UDF5' is present on page  using regular expression

2024-07-12 22:14:40 - [TEST_STEP][PASSED] - verifyTextPresent("UDF6", true): Text 'UDF6' is present on page  using regular expression

2024-07-12 22:14:41 - [MESSAGE][PASSED] - Text 'UDF6' is present on page  using regular expression

2024-07-12 22:14:41 - [TEST_STEP][PASSED] - verifyTextPresent("UDF7", true): Text 'UDF7' is present on page  using regular expression

2024-07-12 22:14:41 - [MESSAGE][PASSED] - Text 'UDF7' is present on page  using regular expression

2024-07-12 22:14:41 - [TEST_STEP][PASSED] - verifyTextPresent("UDF8", true): Text 'UDF8' is present on page  using regular expression

2024-07-12 22:14:41 - [MESSAGE][PASSED] - Text 'UDF8' is present on page  using regular expression

2024-07-12 22:14:41 - [TEST_STEP][PASSED] - verifyTextPresent("UDF9", true): Text 'UDF9' is present on page  using regular expression

2024-07-12 22:14:42 - [MESSAGE][PASSED] - Text 'UDF9' is present on page  using regular expression

2024-07-12 22:14:42 - [TEST_STEP][PASSED] - verifyTextPresent("UDF 10", true): Text 'UDF 10' is present on page  using regular expression

2024-07-12 22:14:42 - [MESSAGE][PASSED] - Text 'UDF 10' is present on page  using regular expression

2024-07-12 22:14:42 - [TEST_STEP][PASSED] - verifyTextPresent("Australia", true): Text 'Australia' is present on page  using regular expression

2024-07-12 22:14:42 - [MESSAGE][PASSED] - Text 'Australia' is present on page  using regular expression

2024-07-12 22:14:42 - [TEST_STEP][PASSED] - verifyTextPresent("Denmark", true): Text 'Denmark' is present on page  using regular expression

2024-07-12 22:14:43 - [MESSAGE][PASSED] - Text 'Denmark' is present on page  using regular expression

2024-07-12 22:14:43 - [TEST_STEP][PASSED] - verifyTextPresent("Sweden", true): Text 'Sweden' is present on page  using regular expression

2024-07-12 22:14:43 - [MESSAGE][PASSED] - Text 'Sweden' is present on page  using regular expression

2024-07-12 22:14:43 - [TEST_STEP][PASSED] - verifyTextPresent("Austria", true): Text 'Austria' is present on page  using regular expression

2024-07-12 22:14:43 - [MESSAGE][PASSED] - Text 'Austria' is present on page  using regular expression

2024-07-12 22:14:43 - [TEST_STEP][PASSED] - verifyTextPresent("Orange Recorded", true): Text 'Orange Recorded' is present on page  using regular expression

2024-07-12 22:14:44 - [MESSAGE][PASSED] - Text 'Orange Recorded' is present on page  using regular expression

2024-07-12 22:14:44 - [TEST_STEP][PASSED] - verifyTextPresent("Yellow Recorded", true): Text 'Yellow Recorded' is present on page  using regular expression

2024-07-12 22:14:44 - [MESSAGE][PASSED] - Text 'Yellow Recorded' is present on page  using regular expression

2024-07-12 22:14:44 - [TEST_STEP][PASSED] - verifyTextPresent("Norway", true): Text 'Norway' is present on page  using regular expression

2024-07-12 22:14:44 - [MESSAGE][PASSED] - Text 'Norway' is present on page  using regular expression

2024-07-12 22:14:44 - [TEST_STEP][PASSED] - verifyTextPresent("Netherlands", true): Text 'Netherlands' is present on page  using regular expression

2024-07-12 22:14:45 - [MESSAGE][PASSED] - Text 'Netherlands' is present on page  using regular expression

2024-07-12 22:14:45 - [TEST_STEP][PASSED] - verifyTextPresent("Switzerland", true): Text 'Switzerland' is present on page  using regular expression

2024-07-12 22:14:45 - [MESSAGE][PASSED] - Text 'Switzerland' is present on page  using regular expression

2024-07-12 22:14:45 - [TEST_STEP][PASSED] - verifyTextPresent("France", true): Text 'France' is present on page  using regular expression

2024-07-12 22:14:45 - [MESSAGE][PASSED] - Text 'France' is present on page  using regular expression

2024-07-12 22:14:45 - [TEST_STEP][PASSED] - verifyTextPresent("Amount", true): Text 'Amount' is present on page  using regular expression

2024-07-12 22:14:46 - [MESSAGE][PASSED] - Text 'Amount' is present on page  using regular expression

2024-07-12 22:14:46 - [TEST_STEP][PASSED] - verifyTextPresent("Total Amount", true): Text 'Total Amount' is present on page  using regular expression

2024-07-12 22:14:46 - [MESSAGE][PASSED] - Text 'Total Amount' is present on page  using regular expression

2024-07-12 22:14:46 - [TEST_STEP][PASSED] - verifyTextPresent("Transaction Type", true): Text 'Transaction Type' is present on page  using regular expression

2024-07-12 22:14:46 - [MESSAGE][PASSED] - Text 'Transaction Type' is present on page  using regular expression

2024-07-12 22:14:46 - [TEST_STEP][PASSED] - verifyTextPresent("10.50", true): Text '10.50' is present on page  using regular expression

2024-07-12 22:14:47 - [MESSAGE][PASSED] - Text '10.50' is present on page  using regular expression

2024-07-12 22:14:47 - [TEST_STEP][PASSED] - verifyTextPresent("Authorization", true): Text 'Authorization' is present on page  using regular expression

2024-07-12 22:14:47 - [MESSAGE][PASSED] - Text 'Authorization' is present on page  using regular expression

2024-07-12 22:14:47 - [TEST_STEP][PASSED] - verifyTextPresent("Card Information", true): Text 'Card Information' is present on page  using regular expression

2024-07-12 22:14:47 - [MESSAGE][PASSED] - Text 'Card Information' is present on page  using regular expression

2024-07-12 22:14:47 - [TEST_STEP][PASSED] - cardNameV = findTestData(dataFile).getValue("CardNameV", row): null

2024-07-12 22:14:47 - [TEST_STEP][PASSED] - al1V = findTestData(dataFile).getValue("AL1", row): null

2024-07-12 22:14:48 - [TEST_STEP][PASSED] - al2V = findTestData(dataFile).getValue("AL2", row): null

2024-07-12 22:14:48 - [TEST_STEP][PASSED] - zipV = findTestData(dataFile).getValue("ZIP", row): null

2024-07-12 22:14:48 - [TEST_STEP][PASSED] - cardTypeV = findTestData(dataFile).getValue("CardType", row): null

2024-07-12 22:14:48 - [TEST_STEP][PASSED] - last4V = findTestData(dataFile).getValue("Last4", row): null

2024-07-12 22:14:48 - [TEST_STEP][PASSED] - verifyTextPresent(cardNameV, true): Text 'TULSI RAMAN' is present on page  using regular expression

2024-07-12 22:14:48 - [MESSAGE][PASSED] - Text 'TULSI RAMAN' is present on page  using regular expression

2024-07-12 22:14:48 - [TEST_STEP][PASSED] - verifyTextPresent("Address Line 1", true): Text 'Address Line 1' is present on page  using regular expression

2024-07-12 22:14:49 - [MESSAGE][PASSED] - Text 'Address Line 1' is present on page  using regular expression

2024-07-12 22:14:49 - [TEST_STEP][PASSED] - verifyTextPresent("Address Line 2", true): Text 'Address Line 2' is present on page  using regular expression

2024-07-12 22:14:49 - [MESSAGE][PASSED] - Text 'Address Line 2' is present on page  using regular expression

2024-07-12 22:14:49 - [TEST_STEP][PASSED] - verifyTextPresent("Country", true): Text 'Country' is present on page  using regular expression

2024-07-12 22:14:49 - [MESSAGE][PASSED] - Text 'Country' is present on page  using regular expression

2024-07-12 22:14:49 - [TEST_STEP][PASSED] - verifyTextPresent("City", true): Text 'City' is present on page  using regular expression

2024-07-12 22:14:50 - [MESSAGE][PASSED] - Text 'City' is present on page  using regular expression

2024-07-12 22:14:50 - [TEST_STEP][PASSED] - verifyTextPresent("State", true): Text 'State' is present on page  using regular expression

2024-07-12 22:14:50 - [MESSAGE][PASSED] - Text 'State' is present on page  using regular expression

2024-07-12 22:14:50 - [TEST_STEP][PASSED] - verifyTextPresent("ZIP Code", true): Text 'ZIP Code' is present on page  using regular expression

2024-07-12 22:14:50 - [MESSAGE][PASSED] - Text 'ZIP Code' is present on page  using regular expression

2024-07-12 22:14:50 - [TEST_STEP][PASSED] - verifyTextPresent(al1V, true): Text '550 Swan Lake' is present on page  using regular expression

2024-07-12 22:14:51 - [MESSAGE][PASSED] - Text '550 Swan Lake' is present on page  using regular expression

2024-07-12 22:14:51 - [TEST_STEP][PASSED] - verifyTextPresent(al2V, true): Text 'Suite 500' is present on page  using regular expression

2024-07-12 22:14:51 - [MESSAGE][PASSED] - Text 'Suite 500' is present on page  using regular expression

2024-07-12 22:14:51 - [TEST_STEP][PASSED] - verifyTextPresent("United States", true): Text 'United States' is present on page  using regular expression

2024-07-12 22:14:51 - [MESSAGE][PASSED] - Text 'United States' is present on page  using regular expression

2024-07-12 22:14:51 - [TEST_STEP][PASSED] - verifyTextPresent("ARLINGTON", true): Text 'ARLINGTON' is present on page  using regular expression

2024-07-12 22:14:52 - [MESSAGE][PASSED] - Text 'ARLINGTON' is present on page  using regular expression

2024-07-12 22:14:52 - [TEST_STEP][PASSED] - verifyTextPresent("Virginia", true): Text 'Virginia' is present on page  using regular expression

2024-07-12 22:14:52 - [MESSAGE][PASSED] - Text 'Virginia' is present on page  using regular expression

2024-07-12 22:14:52 - [TEST_STEP][PASSED] - verifyTextPresent(zipV, true): Text '22201' is present on page  using regular expression

2024-07-12 22:14:52 - [MESSAGE][PASSED] - Text '22201' is present on page  using regular expression

2024-07-12 22:14:52 - [TEST_STEP][PASSED] - verifyTextPresent(cardTypeV, true): Text 'American Express' is present on page  using regular expression

2024-07-12 22:14:53 - [MESSAGE][PASSED] - Text 'American Express' is present on page  using regular expression

2024-07-12 22:14:53 - [TEST_STEP][PASSED] - verifyTextPresent(last4V, true): Text '2376' is present on page  using regular expression

2024-07-12 22:14:53 - [MESSAGE][PASSED] - Text '2376' is present on page  using regular expression

2024-07-12 22:14:53 - [TEST_STEP][PASSED] - closeBrowser(): Browser is closed

2024-07-12 22:14:54 - [MESSAGE][PASSED] - Browser is closed

2024-07-12 22:14:54 - [TEST_STEP][PASSED] - ExecuteTC = findTestData(dataFile).getValue("Execute", row): null

2024-07-12 22:14:54 - [TEST_STEP][PASSED] - out.println("Value of Execute is : " + ExecuteTC): null

2024-07-12 22:14:54 - [TEST_STEP][PASSED] - switch (executionProfile): null

2024-07-12 22:14:54 - [TEST_STEP][PASSED] - case "QA2Profile":: null

2024-07-12 22:14:54 - [TEST_STEP][PASSED] - appName = findTestData(dataFile).getValue("AppNameQA", row): null

2024-07-12 22:14:55 - [TEST_STEP][PASSED] - appID = findTestData(dataFile).getValue("AppIDQA", row): null

2024-07-12 22:14:55 - [TEST_STEP][PASSED] - break: null

2024-07-12 22:14:55 - [TEST_STEP][PASSED] - hrefAppID = li_1 + appID + li_2: null

2024-07-12 22:14:55 - [TEST_STEP][PASSED] - hrefApp = li_1 + appID + "/": null

2024-07-12 22:14:55 - [TEST_STEP][PASSED] - println("hrefApp : " + hrefApp): null

2024-07-12 22:14:55 - [TEST_STEP][PASSED] - if (ExecuteTC.equalsIgnoreCase("Y")): Browser is closed

2024-07-12 22:14:55 - [TEST_STEP][PASSED] - out.println("Begin Record Number: " + row): null

2024-07-12 22:14:55 - [TEST_STEP][PASSED] - today = new java.util.Date(): null

2024-07-12 22:14:55 - [TEST_STEP][PASSED] - println(today): null

2024-07-12 22:14:55 - [TEST_STEP][PASSED] - datText = today: null

2024-07-12 22:14:55 - [TEST_STEP][PASSED] - adminSuiteBootstrap.loginFunctionality.login_AdminSuite(): adminSuiteBootstrap.loginFunctionality.login_AdminSuite is PASSED

2024-07-12 22:14:55 - [MESSAGE][INFO] - Starting 'Chrome' driver

2024-07-12 22:14:55 - [MESSAGE][INFO] - User set preference: ['acceptInsecureCerts', 'true']

2024-07-12 22:14:55 - [MESSAGE][INFO] - Action delay is set to 0 milliseconds

2024-07-12 22:14:57 - [MESSAGE][PASSED] - Browser is opened with url: 'https://qa2.velocitypayment.com/admin/imtiaz'

2024-07-12 22:14:58 - [MESSAGE][PASSED] - Current window maximized

2024-07-12 22:14:58 - [MESSAGE][PASSED] - Object 'Object Repository/Login_Page/Login_Username_Okta' is present

2024-07-12 22:14:59 - [MESSAGE][PASSED] - Text 'iahmed' is set on object 'Object Repository/Login_Page/Login_Username_Okta'

2024-07-12 22:15:00 - [MESSAGE][PASSED] - Text 'Hello!6666666' is set on object 'Object Repository/Login_Page/Login_Password_Okta'

2024-07-12 22:15:00 - [MESSAGE][PASSED] - Object: 'Object Repository/Login_Page/Login_Submit_Okta' is clicked on

2024-07-12 22:15:00 - [MESSAGE][PASSED] - adminSuiteBootstrap.loginFunctionality.login_AdminSuite is PASSED

2024-07-12 22:15:00 - [TEST_STEP][PASSED] - click(findTestObject(path_Dashboard + appName)): Object: 'Object Repository/AdminSuiteBootstrap_Pages/Dashboard_Bootstrap/a_Access AutoNoCFtp' is clicked on

2024-07-12 22:15:09 - [MESSAGE][PASSED] - Object: 'Object Repository/AdminSuiteBootstrap_Pages/Dashboard_Bootstrap/a_Access AutoNoCFtp' is clicked on

2024-07-12 22:15:09 - [TEST_STEP][PASSED] - click(findTestObject(path_VT + "button_Authorization Only")): Object: 'Object Repository/AdminSuiteBootstrap_Pages/VT_Bootstrap/IssueTransactions/button_Authorization Only' is clicked on

2024-07-12 22:15:09 - [MESSAGE][PASSED] - Object: 'Object Repository/AdminSuiteBootstrap_Pages/VT_Bootstrap/IssueTransactions/button_Authorization Only' is clicked on

2024-07-12 22:15:09 - [TEST_STEP][PASSED] - authOnlyKeyboardEntryLink = modifyObjectProperty(findTestObject(path_VT + "a_KeyboardEntry_Sale"), "href", "equals", hrefAppID, true): Modify property of object successfully

2024-07-12 22:15:10 - [MESSAGE][PASSED] - Modify property of object successfully

2024-07-12 22:15:10 - [TEST_STEP][PASSED] - click(authOnlyKeyboardEntryLink): Object: 'Object Repository/AdminSuiteBootstrap_Pages/VT_Bootstrap/IssueTransactions/a_KeyboardEntry_Sale' is clicked on

2024-07-12 22:15:10 - [MESSAGE][PASSED] - Object: 'Object Repository/AdminSuiteBootstrap_Pages/VT_Bootstrap/IssueTransactions/a_KeyboardEntry_Sale' is clicked on

2024-07-12 22:15:10 - [TEST_STEP][PASSED] - adminSuiteBootstrap.virtualTerminalSetData.saleKeyboard_DataDriven(row, dataFile): adminSuiteBootstrap.virtualTerminalSetData.saleKeyboard_DataDriven is PASSED

2024-07-12 22:15:14 - [MESSAGE][PASSED] - Text 'Tulsi Raman' is set on object 'Object Repository/AdminSuiteBootstrap_Pages/VT_Bootstrap/SaleKeyboard/input_cardName'

2024-07-12 22:15:15 - [MESSAGE][PASSED] - All options with value 'RETL' are selected in object 'Object Repository/AdminSuiteBootstrap_Pages/VT_Bootstrap/SaleKeyboard/select_transactionCategory'  using regular expression

2024-07-12 22:15:15 - [MESSAGE][PASSED] - Execute JavaScript 'arguments[0].value ='6011000993026909' ' successfully

2024-07-12 22:15:16 - [MESSAGE][PASSED] - Execute JavaScript 'arguments[0].value ='123' ' successfully

2024-07-12 22:15:17 - [MESSAGE][PASSED] - All options with value '12' are selected in object 'Object Repository/AdminSuiteBootstrap_Pages/VT_Bootstrap/SaleKeyboard/select_MM'  using regular expression

2024-07-12 22:15:18 - [MESSAGE][PASSED] - All options with value '2025' are selected in object 'Object Repository/AdminSuiteBootstrap_Pages/VT_Bootstrap/SaleKeyboard/select_YYYY'  using regular expression

2024-07-12 22:15:19 - [MESSAGE][PASSED] - Text '25987 Hill Top' is set on object 'Object Repository/AdminSuiteBootstrap_Pages/VT_Bootstrap/SaleKeyboard/input__address'

2024-07-12 22:15:19 - [MESSAGE][PASSED] - Text 'Suite 500' is set on object 'Object Repository/AdminSuiteBootstrap_Pages/VT_Bootstrap/SaleKeyboard/input__address2'

2024-07-12 22:15:20 - [MESSAGE][PASSED] - Text '22201' is set on object 'Object Repository/AdminSuiteBootstrap_Pages/VT_Bootstrap/SaleKeyboard/input__zip'

2024-07-12 22:15:21 - [MESSAGE][PASSED] - Text '' is set on object 'Object Repository/AdminSuiteBootstrap_Pages/VT_Bootstrap/SaleKeyboard/input_emailAddress'

2024-07-12 22:15:22 - [MESSAGE][PASSED] - Text '' is set on object 'Object Repository/AdminSuiteBootstrap_Pages/VT_Bootstrap/SaleKeyboard/input_smsNumber'

2024-07-12 22:15:23 - [MESSAGE][PASSED] - Text '10.50' is set on object 'Object Repository/AdminSuiteBootstrap_Pages/VT_Bootstrap/SaleKeyboard/input_amount'

2024-07-12 22:15:24 - [MESSAGE][PASSED] - Text 'Australia' is set on object 'Object Repository/AdminSuiteBootstrap_Pages/VT_Bootstrap/SaleKeyboard/input_userDefined1'

2024-07-12 22:15:24 - [MESSAGE][PASSED] - Text 'Denmark' is set on object 'Object Repository/AdminSuiteBootstrap_Pages/VT_Bootstrap/SaleKeyboard/input_userDefined2'

2024-07-12 22:15:25 - [MESSAGE][PASSED] - Text 'Sweden' is set on object 'Object Repository/AdminSuiteBootstrap_Pages/VT_Bootstrap/SaleKeyboard/input_userDefined3'

2024-07-12 22:15:26 - [MESSAGE][PASSED] - Text 'Austria' is set on object 'Object Repository/AdminSuiteBootstrap_Pages/VT_Bootstrap/SaleKeyboard/input_userDefined4'

2024-07-12 22:15:27 - [MESSAGE][PASSED] - All options with label 'Orange' are selected in object 'Object Repository/AdminSuiteBootstrap_Pages/VT_Bootstrap/SaleKeyboard/select_UDF5_DropDown'  using regular expression

2024-07-12 22:15:28 - [MESSAGE][PASSED] - All options with label 'Yellow' are selected in object 'Object Repository/AdminSuiteBootstrap_Pages/VT_Bootstrap/SaleKeyboard/select_UDF6_DropDown'  using regular expression

2024-07-12 22:15:28 - [MESSAGE][PASSED] - Text 'Norway' is set on object 'Object Repository/AdminSuiteBootstrap_Pages/VT_Bootstrap/SaleKeyboard/input_userDefined7'

2024-07-12 22:15:29 - [MESSAGE][PASSED] - Text 'Netherlands' is set on object 'Object Repository/AdminSuiteBootstrap_Pages/VT_Bootstrap/SaleKeyboard/input_userDefined8'

2024-07-12 22:15:30 - [MESSAGE][PASSED] - Text 'Switzerland' is set on object 'Object Repository/AdminSuiteBootstrap_Pages/VT_Bootstrap/SaleKeyboard/input_userDefined9'

2024-07-12 22:15:31 - [MESSAGE][PASSED] - Text 'France' is set on object 'Object Repository/AdminSuiteBootstrap_Pages/VT_Bootstrap/SaleKeyboard/input_userDefined10'

2024-07-12 22:15:32 - [MESSAGE][PASSED] - Object: 'Object Repository/AdminSuiteBootstrap_Pages/VT_Bootstrap/SaleKeyboard/button_Submit' is clicked on

2024-07-12 22:15:32 - [MESSAGE][PASSED] - adminSuiteBootstrap.virtualTerminalSetData.saleKeyboard_DataDriven is PASSED

2024-07-12 22:15:32 - [TEST_STEP][PASSED] - verifyTextPresent("Transaction Successful", true): Text 'Transaction Successful' is present on page  using regular expression

2024-07-12 22:15:33 - [MESSAGE][PASSED] - Text 'Transaction Successful' is present on page  using regular expression

2024-07-12 22:15:33 - [TEST_STEP][PASSED] - verifyElementVisible(findTestObject("Object Repository/AdminSuiteBootstrap_Pages/VT_Bootstrap/Receipt/button_Continue")): Object 'Object Repository/AdminSuiteBootstrap_Pages/VT_Bootstrap/Receipt/button_Continue' is visible

2024-07-12 22:15:33 - [MESSAGE][PASSED] - Object 'Object Repository/AdminSuiteBootstrap_Pages/VT_Bootstrap/Receipt/button_Continue' is visible

2024-07-12 22:15:33 - [TEST_STEP][PASSED] - verifyElementPresent(findTestObject("Object Repository/AdminSuiteBootstrap_Pages/VT_Bootstrap/Receipt/button_Continue"), 20): Object 'Object Repository/AdminSuiteBootstrap_Pages/VT_Bootstrap/Receipt/button_Continue' is present

2024-07-12 22:15:34 - [MESSAGE][PASSED] - Object 'Object Repository/AdminSuiteBootstrap_Pages/VT_Bootstrap/Receipt/button_Continue' is present

2024-07-12 22:15:34 - [TEST_STEP][PASSED] - verifyElementVisible(findTestObject("Object Repository/AdminSuiteBootstrap_Pages/VT_Bootstrap/Receipt/button_Print")): Object 'Object Repository/AdminSuiteBootstrap_Pages/VT_Bootstrap/Receipt/button_Print' is visible

2024-07-12 22:15:34 - [MESSAGE][PASSED] - Object 'Object Repository/AdminSuiteBootstrap_Pages/VT_Bootstrap/Receipt/button_Print' is visible

2024-07-12 22:15:34 - [TEST_STEP][PASSED] - verifyElementPresent(findTestObject("Object Repository/AdminSuiteBootstrap_Pages/VT_Bootstrap/Receipt/button_Print"), 20): Object 'Object Repository/AdminSuiteBootstrap_Pages/VT_Bootstrap/Receipt/button_Print' is present

2024-07-12 22:15:34 - [MESSAGE][PASSED] - Object 'Object Repository/AdminSuiteBootstrap_Pages/VT_Bootstrap/Receipt/button_Print' is present

2024-07-12 22:15:34 - [TEST_STEP][PASSED] - verifyTextPresent("Remittance ID", true): Text 'Remittance ID' is present on page  using regular expression

2024-07-12 22:15:35 - [MESSAGE][PASSED] - Text 'Remittance ID' is present on page  using regular expression

2024-07-12 22:15:35 - [TEST_STEP][PASSED] - verifyTextPresent("Received", true): Text 'Received' is present on page  using regular expression

2024-07-12 22:15:35 - [MESSAGE][PASSED] - Text 'Received' is present on page  using regular expression

2024-07-12 22:15:35 - [TEST_STEP][PASSED] - verifyTextPresent("UDF1", true): Text 'UDF1' is present on page  using regular expression

2024-07-12 22:15:35 - [MESSAGE][PASSED] - Text 'UDF1' is present on page  using regular expression

2024-07-12 22:15:35 - [TEST_STEP][PASSED] - verifyTextPresent("UDF2", true): Text 'UDF2' is present on page  using regular expression

2024-07-12 22:15:36 - [MESSAGE][PASSED] - Text 'UDF2' is present on page  using regular expression

2024-07-12 22:15:36 - [TEST_STEP][PASSED] - verifyTextPresent("UDF3", true): Text 'UDF3' is present on page  using regular expression

2024-07-12 22:15:36 - [MESSAGE][PASSED] - Text 'UDF3' is present on page  using regular expression

2024-07-12 22:15:36 - [TEST_STEP][PASSED] - verifyTextPresent("UDF4", true): Text 'UDF4' is present on page  using regular expression

2024-07-12 22:15:36 - [MESSAGE][PASSED] - Text 'UDF4' is present on page  using regular expression

2024-07-12 22:15:36 - [TEST_STEP][PASSED] - verifyTextPresent("UDF5", true): Text 'UDF5' is present on page  using regular expression

2024-07-12 22:15:37 - [MESSAGE][PASSED] - Text 'UDF5' is present on page  using regular expression

2024-07-12 22:15:37 - [TEST_STEP][PASSED] - verifyTextPresent("UDF6", true): Text 'UDF6' is present on page  using regular expression

2024-07-12 22:15:37 - [MESSAGE][PASSED] - Text 'UDF6' is present on page  using regular expression

2024-07-12 22:15:37 - [TEST_STEP][PASSED] - verifyTextPresent("UDF7", true): Text 'UDF7' is present on page  using regular expression

2024-07-12 22:15:37 - [MESSAGE][PASSED] - Text 'UDF7' is present on page  using regular expression

2024-07-12 22:15:37 - [TEST_STEP][PASSED] - verifyTextPresent("UDF8", true): Text 'UDF8' is present on page  using regular expression

2024-07-12 22:15:38 - [MESSAGE][PASSED] - Text 'UDF8' is present on page  using regular expression

2024-07-12 22:15:38 - [TEST_STEP][PASSED] - verifyTextPresent("UDF9", true): Text 'UDF9' is present on page  using regular expression

2024-07-12 22:15:38 - [MESSAGE][PASSED] - Text 'UDF9' is present on page  using regular expression

2024-07-12 22:15:38 - [TEST_STEP][PASSED] - verifyTextPresent("UDF 10", true): Text 'UDF 10' is present on page  using regular expression

2024-07-12 22:15:38 - [MESSAGE][PASSED] - Text 'UDF 10' is present on page  using regular expression

2024-07-12 22:15:38 - [TEST_STEP][PASSED] - verifyTextPresent("Australia", true): Text 'Australia' is present on page  using regular expression

2024-07-12 22:15:39 - [MESSAGE][PASSED] - Text 'Australia' is present on page  using regular expression

2024-07-12 22:15:39 - [TEST_STEP][PASSED] - verifyTextPresent("Denmark", true): Text 'Denmark' is present on page  using regular expression

2024-07-12 22:15:39 - [MESSAGE][PASSED] - Text 'Denmark' is present on page  using regular expression

2024-07-12 22:15:39 - [TEST_STEP][PASSED] - verifyTextPresent("Sweden", true): Text 'Sweden' is present on page  using regular expression

2024-07-12 22:15:39 - [MESSAGE][PASSED] - Text 'Sweden' is present on page  using regular expression

2024-07-12 22:15:39 - [TEST_STEP][PASSED] - verifyTextPresent("Austria", true): Text 'Austria' is present on page  using regular expression

2024-07-12 22:15:40 - [MESSAGE][PASSED] - Text 'Austria' is present on page  using regular expression

2024-07-12 22:15:40 - [TEST_STEP][PASSED] - verifyTextPresent("Orange Recorded", true): Text 'Orange Recorded' is present on page  using regular expression

2024-07-12 22:15:40 - [MESSAGE][PASSED] - Text 'Orange Recorded' is present on page  using regular expression

2024-07-12 22:15:40 - [TEST_STEP][PASSED] - verifyTextPresent("Yellow Recorded", true): Text 'Yellow Recorded' is present on page  using regular expression

2024-07-12 22:15:40 - [MESSAGE][PASSED] - Text 'Yellow Recorded' is present on page  using regular expression

2024-07-12 22:15:40 - [TEST_STEP][PASSED] - verifyTextPresent("Norway", true): Text 'Norway' is present on page  using regular expression

2024-07-12 22:15:41 - [MESSAGE][PASSED] - Text 'Norway' is present on page  using regular expression

2024-07-12 22:15:41 - [TEST_STEP][PASSED] - verifyTextPresent("Netherlands", true): Text 'Netherlands' is present on page  using regular expression

2024-07-12 22:15:41 - [MESSAGE][PASSED] - Text 'Netherlands' is present on page  using regular expression

2024-07-12 22:15:41 - [TEST_STEP][PASSED] - verifyTextPresent("Switzerland", true): Text 'Switzerland' is present on page  using regular expression

2024-07-12 22:15:41 - [MESSAGE][PASSED] - Text 'Switzerland' is present on page  using regular expression

2024-07-12 22:15:41 - [TEST_STEP][PASSED] - verifyTextPresent("France", true): Text 'France' is present on page  using regular expression

2024-07-12 22:15:42 - [MESSAGE][PASSED] - Text 'France' is present on page  using regular expression

2024-07-12 22:15:42 - [TEST_STEP][PASSED] - verifyTextPresent("Amount", true): Text 'Amount' is present on page  using regular expression

2024-07-12 22:15:42 - [MESSAGE][PASSED] - Text 'Amount' is present on page  using regular expression

2024-07-12 22:15:42 - [TEST_STEP][PASSED] - verifyTextPresent("Total Amount", true): Text 'Total Amount' is present on page  using regular expression

2024-07-12 22:15:42 - [MESSAGE][PASSED] - Text 'Total Amount' is present on page  using regular expression

2024-07-12 22:15:42 - [TEST_STEP][PASSED] - verifyTextPresent("Transaction Type", true): Text 'Transaction Type' is present on page  using regular expression

2024-07-12 22:15:43 - [MESSAGE][PASSED] - Text 'Transaction Type' is present on page  using regular expression

2024-07-12 22:15:43 - [TEST_STEP][PASSED] - verifyTextPresent("10.50", true): Text '10.50' is present on page  using regular expression

2024-07-12 22:15:43 - [MESSAGE][PASSED] - Text '10.50' is present on page  using regular expression

2024-07-12 22:15:43 - [TEST_STEP][PASSED] - verifyTextPresent("Authorization", true): Text 'Authorization' is present on page  using regular expression

2024-07-12 22:15:43 - [MESSAGE][PASSED] - Text 'Authorization' is present on page  using regular expression

2024-07-12 22:15:43 - [TEST_STEP][PASSED] - verifyTextPresent("Card Information", true): Text 'Card Information' is present on page  using regular expression

2024-07-12 22:15:44 - [MESSAGE][PASSED] - Text 'Card Information' is present on page  using regular expression

2024-07-12 22:15:44 - [TEST_STEP][PASSED] - cardNameV = findTestData(dataFile).getValue("CardNameV", row): null

2024-07-12 22:15:44 - [TEST_STEP][PASSED] - al1V = findTestData(dataFile).getValue("AL1", row): null

2024-07-12 22:15:44 - [TEST_STEP][PASSED] - al2V = findTestData(dataFile).getValue("AL2", row): null

2024-07-12 22:15:44 - [TEST_STEP][PASSED] - zipV = findTestData(dataFile).getValue("ZIP", row): null

2024-07-12 22:15:44 - [TEST_STEP][PASSED] - cardTypeV = findTestData(dataFile).getValue("CardType", row): null

2024-07-12 22:15:44 - [TEST_STEP][PASSED] - last4V = findTestData(dataFile).getValue("Last4", row): null

2024-07-12 22:15:44 - [TEST_STEP][PASSED] - verifyTextPresent(cardNameV, true): Text 'TULSI RAMAN' is present on page  using regular expression

2024-07-12 22:15:45 - [MESSAGE][PASSED] - Text 'TULSI RAMAN' is present on page  using regular expression

2024-07-12 22:15:45 - [TEST_STEP][PASSED] - verifyTextPresent("Address Line 1", true): Text 'Address Line 1' is present on page  using regular expression

2024-07-12 22:15:45 - [MESSAGE][PASSED] - Text 'Address Line 1' is present on page  using regular expression

2024-07-12 22:15:45 - [TEST_STEP][PASSED] - verifyTextPresent("Address Line 2", true): Text 'Address Line 2' is present on page  using regular expression

2024-07-12 22:15:45 - [MESSAGE][PASSED] - Text 'Address Line 2' is present on page  using regular expression

2024-07-12 22:15:45 - [TEST_STEP][PASSED] - verifyTextPresent("Country", true): Text 'Country' is present on page  using regular expression

2024-07-12 22:15:46 - [MESSAGE][PASSED] - Text 'Country' is present on page  using regular expression

2024-07-12 22:15:46 - [TEST_STEP][PASSED] - verifyTextPresent("City", true): Text 'City' is present on page  using regular expression

2024-07-12 22:15:46 - [MESSAGE][PASSED] - Text 'City' is present on page  using regular expression

2024-07-12 22:15:46 - [TEST_STEP][PASSED] - verifyTextPresent("State", true): Text 'State' is present on page  using regular expression

2024-07-12 22:15:46 - [MESSAGE][PASSED] - Text 'State' is present on page  using regular expression

2024-07-12 22:15:46 - [TEST_STEP][PASSED] - verifyTextPresent("ZIP Code", true): Text 'ZIP Code' is present on page  using regular expression

2024-07-12 22:15:47 - [MESSAGE][PASSED] - Text 'ZIP Code' is present on page  using regular expression

2024-07-12 22:15:47 - [TEST_STEP][PASSED] - verifyTextPresent(al1V, true): Text '25987 Hill Top' is present on page  using regular expression

2024-07-12 22:15:47 - [MESSAGE][PASSED] - Text '25987 Hill Top' is present on page  using regular expression

2024-07-12 22:15:47 - [TEST_STEP][PASSED] - verifyTextPresent(al2V, true): Text 'Suite 500' is present on page  using regular expression

2024-07-12 22:15:47 - [MESSAGE][PASSED] - Text 'Suite 500' is present on page  using regular expression

2024-07-12 22:15:47 - [TEST_STEP][PASSED] - verifyTextPresent("United States", true): Text 'United States' is present on page  using regular expression

2024-07-12 22:15:48 - [MESSAGE][PASSED] - Text 'United States' is present on page  using regular expression

2024-07-12 22:15:48 - [TEST_STEP][PASSED] - verifyTextPresent("ARLINGTON", true): Text 'ARLINGTON' is present on page  using regular expression

2024-07-12 22:15:48 - [MESSAGE][PASSED] - Text 'ARLINGTON' is present on page  using regular expression

2024-07-12 22:15:48 - [TEST_STEP][PASSED] - verifyTextPresent("Virginia", true): Text 'Virginia' is present on page  using regular expression

2024-07-12 22:15:48 - [MESSAGE][PASSED] - Text 'Virginia' is present on page  using regular expression

2024-07-12 22:15:48 - [TEST_STEP][PASSED] - verifyTextPresent(zipV, true): Text '22201' is present on page  using regular expression

2024-07-12 22:15:49 - [MESSAGE][PASSED] - Text '22201' is present on page  using regular expression

2024-07-12 22:15:49 - [TEST_STEP][PASSED] - verifyTextPresent(cardTypeV, true): Text 'Discover' is present on page  using regular expression

2024-07-12 22:15:49 - [MESSAGE][PASSED] - Text 'Discover' is present on page  using regular expression

2024-07-12 22:15:49 - [TEST_STEP][PASSED] - verifyTextPresent(last4V, true): Text '6909' is present on page  using regular expression

2024-07-12 22:15:49 - [MESSAGE][PASSED] - Text '6909' is present on page  using regular expression

2024-07-12 22:15:49 - [TEST_STEP][PASSED] - closeBrowser(): Browser is closed

2024-07-12 22:15:51 - [MESSAGE][PASSED] - Browser is closed

2024-07-12 22:15:51 - [TEST_STEP][PASSED] - ExecuteTC = findTestData(dataFile).getValue("Execute", row): null

2024-07-12 22:15:51 - [TEST_STEP][PASSED] - out.println("Value of Execute is : " + ExecuteTC): null

2024-07-12 22:15:51 - [TEST_STEP][PASSED] - switch (executionProfile): null

2024-07-12 22:15:51 - [TEST_STEP][PASSED] - case "QA2Profile":: null

2024-07-12 22:15:51 - [TEST_STEP][PASSED] - appName = findTestData(dataFile).getValue("AppNameQA", row): null

2024-07-12 22:15:51 - [TEST_STEP][PASSED] - appID = findTestData(dataFile).getValue("AppIDQA", row): null

2024-07-12 22:15:51 - [TEST_STEP][PASSED] - break: null

2024-07-12 22:15:51 - [TEST_STEP][PASSED] - hrefAppID = li_1 + appID + li_2: null

2024-07-12 22:15:51 - [TEST_STEP][PASSED] - hrefApp = li_1 + appID + "/": null

2024-07-12 22:15:51 - [TEST_STEP][PASSED] - println("hrefApp : " + hrefApp): null

2024-07-12 22:15:51 - [TEST_STEP][PASSED] - if (ExecuteTC.equalsIgnoreCase("Y")): Browser is closed

2024-07-12 22:15:51 - [TEST_STEP][PASSED] - out.println("Begin Record Number: " + row): null

2024-07-12 22:15:51 - [TEST_STEP][PASSED] - today = new java.util.Date(): null

2024-07-12 22:15:51 - [TEST_STEP][PASSED] - println(today): null

2024-07-12 22:15:51 - [TEST_STEP][PASSED] - datText = today: null

2024-07-12 22:15:51 - [TEST_STEP][PASSED] - adminSuiteBootstrap.loginFunctionality.login_AdminSuite(): adminSuiteBootstrap.loginFunctionality.login_AdminSuite is PASSED

2024-07-12 22:15:51 - [MESSAGE][INFO] - Starting 'Chrome' driver

2024-07-12 22:15:51 - [MESSAGE][INFO] - User set preference: ['acceptInsecureCerts', 'true']

2024-07-12 22:15:51 - [MESSAGE][INFO] - Action delay is set to 0 milliseconds

2024-07-12 22:15:53 - [MESSAGE][PASSED] - Browser is opened with url: 'https://qa2.velocitypayment.com/admin/imtiaz'

2024-07-12 22:15:54 - [MESSAGE][PASSED] - Current window maximized

2024-07-12 22:15:54 - [MESSAGE][PASSED] - Object 'Object Repository/Login_Page/Login_Username_Okta' is present

2024-07-12 22:15:55 - [MESSAGE][PASSED] - Text 'iahmed' is set on object 'Object Repository/Login_Page/Login_Username_Okta'

2024-07-12 22:15:56 - [MESSAGE][PASSED] - Text 'Hello!6666666' is set on object 'Object Repository/Login_Page/Login_Password_Okta'

2024-07-12 22:15:56 - [MESSAGE][PASSED] - Object: 'Object Repository/Login_Page/Login_Submit_Okta' is clicked on

2024-07-12 22:15:56 - [MESSAGE][PASSED] - adminSuiteBootstrap.loginFunctionality.login_AdminSuite is PASSED

2024-07-12 22:15:56 - [TEST_STEP][PASSED] - click(findTestObject(path_Dashboard + appName)): Object: 'Object Repository/AdminSuiteBootstrap_Pages/Dashboard_Bootstrap/a_Access AutoNoCFtp' is clicked on

2024-07-12 22:16:04 - [MESSAGE][PASSED] - Object: 'Object Repository/AdminSuiteBootstrap_Pages/Dashboard_Bootstrap/a_Access AutoNoCFtp' is clicked on

2024-07-12 22:16:04 - [TEST_STEP][PASSED] - click(findTestObject(path_VT + "button_Authorization Only")): Object: 'Object Repository/AdminSuiteBootstrap_Pages/VT_Bootstrap/IssueTransactions/button_Authorization Only' is clicked on

2024-07-12 22:16:05 - [MESSAGE][PASSED] - Object: 'Object Repository/AdminSuiteBootstrap_Pages/VT_Bootstrap/IssueTransactions/button_Authorization Only' is clicked on

2024-07-12 22:16:05 - [TEST_STEP][PASSED] - authOnlyKeyboardEntryLink = modifyObjectProperty(findTestObject(path_VT + "a_KeyboardEntry_Sale"), "href", "equals", hrefAppID, true): Modify property of object successfully

2024-07-12 22:16:05 - [MESSAGE][PASSED] - Modify property of object successfully

2024-07-12 22:16:05 - [TEST_STEP][PASSED] - click(authOnlyKeyboardEntryLink): Object: 'Object Repository/AdminSuiteBootstrap_Pages/VT_Bootstrap/IssueTransactions/a_KeyboardEntry_Sale' is clicked on

2024-07-12 22:16:06 - [MESSAGE][PASSED] - Object: 'Object Repository/AdminSuiteBootstrap_Pages/VT_Bootstrap/IssueTransactions/a_KeyboardEntry_Sale' is clicked on

2024-07-12 22:16:06 - [TEST_STEP][PASSED] - adminSuiteBootstrap.virtualTerminalSetData.saleKeyboard_DataDriven(row, dataFile): adminSuiteBootstrap.virtualTerminalSetData.saleKeyboard_DataDriven is PASSED

2024-07-12 22:16:09 - [MESSAGE][PASSED] - Text 'Janaki James' is set on object 'Object Repository/AdminSuiteBootstrap_Pages/VT_Bootstrap/SaleKeyboard/input_cardName'

2024-07-12 22:16:10 - [MESSAGE][PASSED] - All options with value 'MOTO' are selected in object 'Object Repository/AdminSuiteBootstrap_Pages/VT_Bootstrap/SaleKeyboard/select_transactionCategory'  using regular expression

2024-07-12 22:16:11 - [MESSAGE][PASSED] - Execute JavaScript 'arguments[0].value ='4012000098765439' ' successfully

2024-07-12 22:16:11 - [MESSAGE][PASSED] - Execute JavaScript 'arguments[0].value ='123' ' successfully

2024-07-12 22:16:12 - [MESSAGE][PASSED] - All options with value '12' are selected in object 'Object Repository/AdminSuiteBootstrap_Pages/VT_Bootstrap/SaleKeyboard/select_MM'  using regular expression

2024-07-12 22:16:13 - [MESSAGE][PASSED] - All options with value '2025' are selected in object 'Object Repository/AdminSuiteBootstrap_Pages/VT_Bootstrap/SaleKeyboard/select_YYYY'  using regular expression

2024-07-12 22:16:14 - [MESSAGE][PASSED] - Text '36 Cornor Road' is set on object 'Object Repository/AdminSuiteBootstrap_Pages/VT_Bootstrap/SaleKeyboard/input__address'

2024-07-12 22:16:15 - [MESSAGE][PASSED] - Text 'Suite 500' is set on object 'Object Repository/AdminSuiteBootstrap_Pages/VT_Bootstrap/SaleKeyboard/input__address2'

2024-07-12 22:16:15 - [MESSAGE][PASSED] - Text '22201' is set on object 'Object Repository/AdminSuiteBootstrap_Pages/VT_Bootstrap/SaleKeyboard/input__zip'

2024-07-12 22:16:16 - [MESSAGE][PASSED] - Text '' is set on object 'Object Repository/AdminSuiteBootstrap_Pages/VT_Bootstrap/SaleKeyboard/input_emailAddress'

2024-07-12 22:16:18 - [MESSAGE][PASSED] - Text '' is set on object 'Object Repository/AdminSuiteBootstrap_Pages/VT_Bootstrap/SaleKeyboard/input_smsNumber'

2024-07-12 22:16:18 - [MESSAGE][PASSED] - Text '10.50' is set on object 'Object Repository/AdminSuiteBootstrap_Pages/VT_Bootstrap/SaleKeyboard/input_amount'

2024-07-12 22:16:19 - [MESSAGE][PASSED] - Text 'Australia' is set on object 'Object Repository/AdminSuiteBootstrap_Pages/VT_Bootstrap/SaleKeyboard/input_userDefined1'

2024-07-12 22:16:20 - [MESSAGE][PASSED] - Text 'Denmark' is set on object 'Object Repository/AdminSuiteBootstrap_Pages/VT_Bootstrap/SaleKeyboard/input_userDefined2'

2024-07-12 22:16:21 - [MESSAGE][PASSED] - Text 'Sweden' is set on object 'Object Repository/AdminSuiteBootstrap_Pages/VT_Bootstrap/SaleKeyboard/input_userDefined3'

2024-07-12 22:16:21 - [MESSAGE][PASSED] - Text 'Austria' is set on object 'Object Repository/AdminSuiteBootstrap_Pages/VT_Bootstrap/SaleKeyboard/input_userDefined4'

2024-07-12 22:16:22 - [MESSAGE][PASSED] - All options with label 'Orange' are selected in object 'Object Repository/AdminSuiteBootstrap_Pages/VT_Bootstrap/SaleKeyboard/select_UDF5_DropDown'  using regular expression

2024-07-12 22:16:23 - [MESSAGE][PASSED] - All options with label 'Yellow' are selected in object 'Object Repository/AdminSuiteBootstrap_Pages/VT_Bootstrap/SaleKeyboard/select_UDF6_DropDown'  using regular expression

2024-07-12 22:16:24 - [MESSAGE][PASSED] - Text 'Norway' is set on object 'Object Repository/AdminSuiteBootstrap_Pages/VT_Bootstrap/SaleKeyboard/input_userDefined7'

2024-07-12 22:16:25 - [MESSAGE][PASSED] - Text 'Netherlands' is set on object 'Object Repository/AdminSuiteBootstrap_Pages/VT_Bootstrap/SaleKeyboard/input_userDefined8'

2024-07-12 22:16:26 - [MESSAGE][PASSED] - Text 'Switzerland' is set on object 'Object Repository/AdminSuiteBootstrap_Pages/VT_Bootstrap/SaleKeyboard/input_userDefined9'

2024-07-12 22:16:26 - [MESSAGE][PASSED] - Text 'France' is set on object 'Object Repository/AdminSuiteBootstrap_Pages/VT_Bootstrap/SaleKeyboard/input_userDefined10'

2024-07-12 22:16:28 - [MESSAGE][PASSED] - Object: 'Object Repository/AdminSuiteBootstrap_Pages/VT_Bootstrap/SaleKeyboard/button_Submit' is clicked on

2024-07-12 22:16:28 - [MESSAGE][PASSED] - adminSuiteBootstrap.virtualTerminalSetData.saleKeyboard_DataDriven is PASSED

2024-07-12 22:16:28 - [TEST_STEP][PASSED] - verifyTextPresent("Transaction Successful", true): Text 'Transaction Successful' is present on page  using regular expression

2024-07-12 22:16:28 - [MESSAGE][PASSED] - Text 'Transaction Successful' is present on page  using regular expression

2024-07-12 22:16:28 - [TEST_STEP][PASSED] - verifyElementVisible(findTestObject("Object Repository/AdminSuiteBootstrap_Pages/VT_Bootstrap/Receipt/button_Continue")): Object 'Object Repository/AdminSuiteBootstrap_Pages/VT_Bootstrap/Receipt/button_Continue' is visible

2024-07-12 22:16:29 - [MESSAGE][PASSED] - Object 'Object Repository/AdminSuiteBootstrap_Pages/VT_Bootstrap/Receipt/button_Continue' is visible

2024-07-12 22:16:29 - [TEST_STEP][PASSED] - verifyElementPresent(findTestObject("Object Repository/AdminSuiteBootstrap_Pages/VT_Bootstrap/Receipt/button_Continue"), 20): Object 'Object Repository/AdminSuiteBootstrap_Pages/VT_Bootstrap/Receipt/button_Continue' is present

2024-07-12 22:16:29 - [MESSAGE][PASSED] - Object 'Object Repository/AdminSuiteBootstrap_Pages/VT_Bootstrap/Receipt/button_Continue' is present

2024-07-12 22:16:29 - [TEST_STEP][PASSED] - verifyElementVisible(findTestObject("Object Repository/AdminSuiteBootstrap_Pages/VT_Bootstrap/Receipt/button_Print")): Object 'Object Repository/AdminSuiteBootstrap_Pages/VT_Bootstrap/Receipt/button_Print' is visible

2024-07-12 22:16:29 - [MESSAGE][PASSED] - Object 'Object Repository/AdminSuiteBootstrap_Pages/VT_Bootstrap/Receipt/button_Print' is visible

2024-07-12 22:16:29 - [TEST_STEP][PASSED] - verifyElementPresent(findTestObject("Object Repository/AdminSuiteBootstrap_Pages/VT_Bootstrap/Receipt/button_Print"), 20): Object 'Object Repository/AdminSuiteBootstrap_Pages/VT_Bootstrap/Receipt/button_Print' is present

2024-07-12 22:16:30 - [MESSAGE][PASSED] - Object 'Object Repository/AdminSuiteBootstrap_Pages/VT_Bootstrap/Receipt/button_Print' is present

2024-07-12 22:16:30 - [TEST_STEP][PASSED] - verifyTextPresent("Remittance ID", true): Text 'Remittance ID' is present on page  using regular expression

2024-07-12 22:16:30 - [MESSAGE][PASSED] - Text 'Remittance ID' is present on page  using regular expression

2024-07-12 22:16:30 - [TEST_STEP][PASSED] - verifyTextPresent("Received", true): Text 'Received' is present on page  using regular expression

2024-07-12 22:16:30 - [MESSAGE][PASSED] - Text 'Received' is present on page  using regular expression

2024-07-12 22:16:30 - [TEST_STEP][PASSED] - verifyTextPresent("UDF1", true): Text 'UDF1' is present on page  using regular expression

2024-07-12 22:16:31 - [MESSAGE][PASSED] - Text 'UDF1' is present on page  using regular expression

2024-07-12 22:16:31 - [TEST_STEP][PASSED] - verifyTextPresent("UDF2", true): Text 'UDF2' is present on page  using regular expression

2024-07-12 22:16:31 - [MESSAGE][PASSED] - Text 'UDF2' is present on page  using regular expression

2024-07-12 22:16:31 - [TEST_STEP][PASSED] - verifyTextPresent("UDF3", true): Text 'UDF3' is present on page  using regular expression

2024-07-12 22:16:31 - [MESSAGE][PASSED] - Text 'UDF3' is present on page  using regular expression

2024-07-12 22:16:31 - [TEST_STEP][PASSED] - verifyTextPresent("UDF4", true): Text 'UDF4' is present on page  using regular expression

2024-07-12 22:16:32 - [MESSAGE][PASSED] - Text 'UDF4' is present on page  using regular expression

2024-07-12 22:16:32 - [TEST_STEP][PASSED] - verifyTextPresent("UDF5", true): Text 'UDF5' is present on page  using regular expression

2024-07-12 22:16:32 - [MESSAGE][PASSED] - Text 'UDF5' is present on page  using regular expression

2024-07-12 22:16:32 - [TEST_STEP][PASSED] - verifyTextPresent("UDF6", true): Text 'UDF6' is present on page  using regular expression

2024-07-12 22:16:32 - [MESSAGE][PASSED] - Text 'UDF6' is present on page  using regular expression

2024-07-12 22:16:32 - [TEST_STEP][PASSED] - verifyTextPresent("UDF7", true): Text 'UDF7' is present on page  using regular expression

2024-07-12 22:16:33 - [MESSAGE][PASSED] - Text 'UDF7' is present on page  using regular expression

2024-07-12 22:16:33 - [TEST_STEP][PASSED] - verifyTextPresent("UDF8", true): Text 'UDF8' is present on page  using regular expression

2024-07-12 22:16:33 - [MESSAGE][PASSED] - Text 'UDF8' is present on page  using regular expression

2024-07-12 22:16:33 - [TEST_STEP][PASSED] - verifyTextPresent("UDF9", true): Text 'UDF9' is present on page  using regular expression

2024-07-12 22:16:33 - [MESSAGE][PASSED] - Text 'UDF9' is present on page  using regular expression

2024-07-12 22:16:33 - [TEST_STEP][PASSED] - verifyTextPresent("UDF 10", true): Text 'UDF 10' is present on page  using regular expression

2024-07-12 22:16:34 - [MESSAGE][PASSED] - Text 'UDF 10' is present on page  using regular expression

2024-07-12 22:16:34 - [TEST_STEP][PASSED] - verifyTextPresent("Australia", true): Text 'Australia' is present on page  using regular expression

2024-07-12 22:16:34 - [MESSAGE][PASSED] - Text 'Australia' is present on page  using regular expression

2024-07-12 22:16:34 - [TEST_STEP][PASSED] - verifyTextPresent("Denmark", true): Text 'Denmark' is present on page  using regular expression

2024-07-12 22:16:34 - [MESSAGE][PASSED] - Text 'Denmark' is present on page  using regular expression

2024-07-12 22:16:34 - [TEST_STEP][PASSED] - verifyTextPresent("Sweden", true): Text 'Sweden' is present on page  using regular expression

2024-07-12 22:16:35 - [MESSAGE][PASSED] - Text 'Sweden' is present on page  using regular expression

2024-07-12 22:16:35 - [TEST_STEP][PASSED] - verifyTextPresent("Austria", true): Text 'Austria' is present on page  using regular expression

2024-07-12 22:16:35 - [MESSAGE][PASSED] - Text 'Austria' is present on page  using regular expression

2024-07-12 22:16:35 - [TEST_STEP][PASSED] - verifyTextPresent("Orange Recorded", true): Text 'Orange Recorded' is present on page  using regular expression

2024-07-12 22:16:35 - [MESSAGE][PASSED] - Text 'Orange Recorded' is present on page  using regular expression

2024-07-12 22:16:35 - [TEST_STEP][PASSED] - verifyTextPresent("Yellow Recorded", true): Text 'Yellow Recorded' is present on page  using regular expression

2024-07-12 22:16:36 - [MESSAGE][PASSED] - Text 'Yellow Recorded' is present on page  using regular expression

2024-07-12 22:16:36 - [TEST_STEP][PASSED] - verifyTextPresent("Norway", true): Text 'Norway' is present on page  using regular expression

2024-07-12 22:16:36 - [MESSAGE][PASSED] - Text 'Norway' is present on page  using regular expression

2024-07-12 22:16:36 - [TEST_STEP][PASSED] - verifyTextPresent("Netherlands", true): Text 'Netherlands' is present on page  using regular expression

2024-07-12 22:16:36 - [MESSAGE][PASSED] - Text 'Netherlands' is present on page  using regular expression

2024-07-12 22:16:36 - [TEST_STEP][PASSED] - verifyTextPresent("Switzerland", true): Text 'Switzerland' is present on page  using regular expression

2024-07-12 22:16:37 - [MESSAGE][PASSED] - Text 'Switzerland' is present on page  using regular expression

2024-07-12 22:16:37 - [TEST_STEP][PASSED] - verifyTextPresent("France", true): Text 'France' is present on page  using regular expression

2024-07-12 22:16:37 - [MESSAGE][PASSED] - Text 'France' is present on page  using regular expression

2024-07-12 22:16:37 - [TEST_STEP][PASSED] - verifyTextPresent("Amount", true): Text 'Amount' is present on page  using regular expression

2024-07-12 22:16:37 - [MESSAGE][PASSED] - Text 'Amount' is present on page  using regular expression

2024-07-12 22:16:37 - [TEST_STEP][PASSED] - verifyTextPresent("Total Amount", true): Text 'Total Amount' is present on page  using regular expression

2024-07-12 22:16:38 - [MESSAGE][PASSED] - Text 'Total Amount' is present on page  using regular expression

2024-07-12 22:16:38 - [TEST_STEP][PASSED] - verifyTextPresent("Transaction Type", true): Text 'Transaction Type' is present on page  using regular expression

2024-07-12 22:16:38 - [MESSAGE][PASSED] - Text 'Transaction Type' is present on page  using regular expression

2024-07-12 22:16:38 - [TEST_STEP][PASSED] - verifyTextPresent("10.50", true): Text '10.50' is present on page  using regular expression

2024-07-12 22:16:38 - [MESSAGE][PASSED] - Text '10.50' is present on page  using regular expression

2024-07-12 22:16:38 - [TEST_STEP][PASSED] - verifyTextPresent("Authorization", true): Text 'Authorization' is present on page  using regular expression

2024-07-12 22:16:39 - [MESSAGE][PASSED] - Text 'Authorization' is present on page  using regular expression

2024-07-12 22:16:39 - [TEST_STEP][PASSED] - verifyTextPresent("Card Information", true): Text 'Card Information' is present on page  using regular expression

2024-07-12 22:16:39 - [MESSAGE][PASSED] - Text 'Card Information' is present on page  using regular expression

2024-07-12 22:16:39 - [TEST_STEP][PASSED] - cardNameV = findTestData(dataFile).getValue("CardNameV", row): null

2024-07-12 22:16:39 - [TEST_STEP][PASSED] - al1V = findTestData(dataFile).getValue("AL1", row): null

2024-07-12 22:16:39 - [TEST_STEP][PASSED] - al2V = findTestData(dataFile).getValue("AL2", row): null

2024-07-12 22:16:39 - [TEST_STEP][PASSED] - zipV = findTestData(dataFile).getValue("ZIP", row): null

2024-07-12 22:16:39 - [TEST_STEP][PASSED] - cardTypeV = findTestData(dataFile).getValue("CardType", row): null

2024-07-12 22:16:40 - [TEST_STEP][PASSED] - last4V = findTestData(dataFile).getValue("Last4", row): null

2024-07-12 22:16:40 - [TEST_STEP][PASSED] - verifyTextPresent(cardNameV, true): Text 'JANAKI JAMES' is present on page  using regular expression

2024-07-12 22:16:40 - [MESSAGE][PASSED] - Text 'JANAKI JAMES' is present on page  using regular expression

2024-07-12 22:16:40 - [TEST_STEP][PASSED] - verifyTextPresent("Address Line 1", true): Text 'Address Line 1' is present on page  using regular expression

2024-07-12 22:16:40 - [MESSAGE][PASSED] - Text 'Address Line 1' is present on page  using regular expression

2024-07-12 22:16:40 - [TEST_STEP][PASSED] - verifyTextPresent("Address Line 2", true): Text 'Address Line 2' is present on page  using regular expression

2024-07-12 22:16:41 - [MESSAGE][PASSED] - Text 'Address Line 2' is present on page  using regular expression

2024-07-12 22:16:41 - [TEST_STEP][PASSED] - verifyTextPresent("Country", true): Text 'Country' is present on page  using regular expression

2024-07-12 22:16:41 - [MESSAGE][PASSED] - Text 'Country' is present on page  using regular expression

2024-07-12 22:16:41 - [TEST_STEP][PASSED] - verifyTextPresent("City", true): Text 'City' is present on page  using regular expression

2024-07-12 22:16:41 - [MESSAGE][PASSED] - Text 'City' is present on page  using regular expression

2024-07-12 22:16:41 - [TEST_STEP][PASSED] - verifyTextPresent("State", true): Text 'State' is present on page  using regular expression

2024-07-12 22:16:42 - [MESSAGE][PASSED] - Text 'State' is present on page  using regular expression

2024-07-12 22:16:42 - [TEST_STEP][PASSED] - verifyTextPresent("ZIP Code", true): Text 'ZIP Code' is present on page  using regular expression

2024-07-12 22:16:42 - [MESSAGE][PASSED] - Text 'ZIP Code' is present on page  using regular expression

2024-07-12 22:16:42 - [TEST_STEP][PASSED] - verifyTextPresent(al1V, true): Text '36 Cornor Road' is present on page  using regular expression

2024-07-12 22:16:42 - [MESSAGE][PASSED] - Text '36 Cornor Road' is present on page  using regular expression

2024-07-12 22:16:42 - [TEST_STEP][PASSED] - verifyTextPresent(al2V, true): Text 'Suite 500' is present on page  using regular expression

2024-07-12 22:16:43 - [MESSAGE][PASSED] - Text 'Suite 500' is present on page  using regular expression

2024-07-12 22:16:43 - [TEST_STEP][PASSED] - verifyTextPresent("United States", true): Text 'United States' is present on page  using regular expression

2024-07-12 22:16:43 - [MESSAGE][PASSED] - Text 'United States' is present on page  using regular expression

2024-07-12 22:16:43 - [TEST_STEP][PASSED] - verifyTextPresent("ARLINGTON", true): Text 'ARLINGTON' is present on page  using regular expression

2024-07-12 22:16:43 - [MESSAGE][PASSED] - Text 'ARLINGTON' is present on page  using regular expression

2024-07-12 22:16:43 - [TEST_STEP][PASSED] - verifyTextPresent("Virginia", true): Text 'Virginia' is present on page  using regular expression

2024-07-12 22:16:44 - [MESSAGE][PASSED] - Text 'Virginia' is present on page  using regular expression

2024-07-12 22:16:44 - [TEST_STEP][PASSED] - verifyTextPresent(zipV, true): Text '22201' is present on page  using regular expression

2024-07-12 22:16:44 - [MESSAGE][PASSED] - Text '22201' is present on page  using regular expression

2024-07-12 22:16:44 - [TEST_STEP][PASSED] - verifyTextPresent(cardTypeV, true): Text 'Visa' is present on page  using regular expression

2024-07-12 22:16:44 - [MESSAGE][PASSED] - Text 'Visa' is present on page  using regular expression

2024-07-12 22:16:44 - [TEST_STEP][PASSED] - verifyTextPresent(last4V, true): Text '5439' is present on page  using regular expression

2024-07-12 22:16:45 - [MESSAGE][PASSED] - Text '5439' is present on page  using regular expression

2024-07-12 22:16:45 - [TEST_STEP][PASSED] - closeBrowser(): Browser is closed

2024-07-12 22:16:46 - [MESSAGE][PASSED] - Browser is closed

2024-07-12 22:16:46 - [TEST_STEP][PASSED] - ExecuteTC = findTestData(dataFile).getValue("Execute", row): null

2024-07-12 22:16:46 - [TEST_STEP][PASSED] - out.println("Value of Execute is : " + ExecuteTC): null

2024-07-12 22:16:46 - [TEST_STEP][PASSED] - switch (executionProfile): null

2024-07-12 22:16:46 - [TEST_STEP][PASSED] - case "QA2Profile":: null

2024-07-12 22:16:46 - [TEST_STEP][PASSED] - appName = findTestData(dataFile).getValue("AppNameQA", row): null

2024-07-12 22:16:46 - [TEST_STEP][PASSED] - appID = findTestData(dataFile).getValue("AppIDQA", row): null

2024-07-12 22:16:46 - [TEST_STEP][PASSED] - break: null

2024-07-12 22:16:46 - [TEST_STEP][PASSED] - hrefAppID = li_1 + appID + li_2: null

2024-07-12 22:16:46 - [TEST_STEP][PASSED] - hrefApp = li_1 + appID + "/": null

2024-07-12 22:16:46 - [TEST_STEP][PASSED] - println("hrefApp : " + hrefApp): null

2024-07-12 22:16:46 - [TEST_STEP][PASSED] - if (ExecuteTC.equalsIgnoreCase("Y")): Browser is closed

2024-07-12 22:16:46 - [TEST_STEP][PASSED] - out.println("Begin Record Number: " + row): null

2024-07-12 22:16:46 - [TEST_STEP][PASSED] - today = new java.util.Date(): null

2024-07-12 22:16:46 - [TEST_STEP][PASSED] - println(today): null

2024-07-12 22:16:46 - [TEST_STEP][PASSED] - datText = today: null

2024-07-12 22:16:46 - [TEST_STEP][PASSED] - adminSuiteBootstrap.loginFunctionality.login_AdminSuite(): adminSuiteBootstrap.loginFunctionality.login_AdminSuite is PASSED

2024-07-12 22:16:46 - [MESSAGE][INFO] - Starting 'Chrome' driver

2024-07-12 22:16:46 - [MESSAGE][INFO] - User set preference: ['acceptInsecureCerts', 'true']

2024-07-12 22:16:46 - [MESSAGE][INFO] - Action delay is set to 0 milliseconds

2024-07-12 22:16:48 - [MESSAGE][PASSED] - Browser is opened with url: 'https://qa2.velocitypayment.com/admin/imtiaz'

2024-07-12 22:16:49 - [MESSAGE][PASSED] - Current window maximized

2024-07-12 22:16:50 - [MESSAGE][PASSED] - Object 'Object Repository/Login_Page/Login_Username_Okta' is present

2024-07-12 22:16:51 - [MESSAGE][PASSED] - Text 'iahmed' is set on object 'Object Repository/Login_Page/Login_Username_Okta'

2024-07-12 22:16:51 - [MESSAGE][PASSED] - Text 'Hello!6666666' is set on object 'Object Repository/Login_Page/Login_Password_Okta'

2024-07-12 22:16:52 - [MESSAGE][PASSED] - Object: 'Object Repository/Login_Page/Login_Submit_Okta' is clicked on

2024-07-12 22:16:52 - [MESSAGE][PASSED] - adminSuiteBootstrap.loginFunctionality.login_AdminSuite is PASSED

2024-07-12 22:16:52 - [TEST_STEP][PASSED] - click(findTestObject(path_Dashboard + appName)): Object: 'Object Repository/AdminSuiteBootstrap_Pages/Dashboard_Bootstrap/a_Access AutoNoCFtp' is clicked on

2024-07-12 22:17:00 - [MESSAGE][PASSED] - Object: 'Object Repository/AdminSuiteBootstrap_Pages/Dashboard_Bootstrap/a_Access AutoNoCFtp' is clicked on

2024-07-12 22:17:00 - [TEST_STEP][PASSED] - click(findTestObject(path_VT + "button_Authorization Only")): Object: 'Object Repository/AdminSuiteBootstrap_Pages/VT_Bootstrap/IssueTransactions/button_Authorization Only' is clicked on

2024-07-12 22:17:01 - [MESSAGE][PASSED] - Object: 'Object Repository/AdminSuiteBootstrap_Pages/VT_Bootstrap/IssueTransactions/button_Authorization Only' is clicked on

2024-07-12 22:17:01 - [TEST_STEP][PASSED] - authOnlyKeyboardEntryLink = modifyObjectProperty(findTestObject(path_VT + "a_KeyboardEntry_Sale"), "href", "equals", hrefAppID, true): Modify property of object successfully

2024-07-12 22:17:01 - [MESSAGE][PASSED] - Modify property of object successfully

2024-07-12 22:17:01 - [TEST_STEP][PASSED] - click(authOnlyKeyboardEntryLink): Object: 'Object Repository/AdminSuiteBootstrap_Pages/VT_Bootstrap/IssueTransactions/a_KeyboardEntry_Sale' is clicked on

2024-07-12 22:17:02 - [MESSAGE][PASSED] - Object: 'Object Repository/AdminSuiteBootstrap_Pages/VT_Bootstrap/IssueTransactions/a_KeyboardEntry_Sale' is clicked on

2024-07-12 22:17:02 - [TEST_STEP][PASSED] - adminSuiteBootstrap.virtualTerminalSetData.saleKeyboard_DataDriven(row, dataFile): adminSuiteBootstrap.virtualTerminalSetData.saleKeyboard_DataDriven is PASSED

2024-07-12 22:17:05 - [MESSAGE][PASSED] - Text 'Janaki James' is set on object 'Object Repository/AdminSuiteBootstrap_Pages/VT_Bootstrap/SaleKeyboard/input_cardName'

2024-07-12 22:17:06 - [MESSAGE][PASSED] - All options with value 'MOTO' are selected in object 'Object Repository/AdminSuiteBootstrap_Pages/VT_Bootstrap/SaleKeyboard/select_transactionCategory'  using regular expression

2024-07-12 22:17:07 - [MESSAGE][PASSED] - Execute JavaScript 'arguments[0].value ='5146312200000035' ' successfully

2024-07-12 22:17:07 - [MESSAGE][PASSED] - Execute JavaScript 'arguments[0].value ='123' ' successfully

2024-07-12 22:17:08 - [MESSAGE][PASSED] - All options with value '12' are selected in object 'Object Repository/AdminSuiteBootstrap_Pages/VT_Bootstrap/SaleKeyboard/select_MM'  using regular expression

2024-07-12 22:17:09 - [MESSAGE][PASSED] - All options with value '2025' are selected in object 'Object Repository/AdminSuiteBootstrap_Pages/VT_Bootstrap/SaleKeyboard/select_YYYY'  using regular expression

2024-07-12 22:17:10 - [MESSAGE][PASSED] - Text '1478 Jhatka Palace' is set on object 'Object Repository/AdminSuiteBootstrap_Pages/VT_Bootstrap/SaleKeyboard/input__address'

2024-07-12 22:17:11 - [MESSAGE][PASSED] - Text 'Suite 500' is set on object 'Object Repository/AdminSuiteBootstrap_Pages/VT_Bootstrap/SaleKeyboard/input__address2'

2024-07-12 22:17:11 - [MESSAGE][PASSED] - Text '22201' is set on object 'Object Repository/AdminSuiteBootstrap_Pages/VT_Bootstrap/SaleKeyboard/input__zip'

2024-07-12 22:17:12 - [MESSAGE][PASSED] - Text '' is set on object 'Object Repository/AdminSuiteBootstrap_Pages/VT_Bootstrap/SaleKeyboard/input_emailAddress'

2024-07-12 22:17:13 - [MESSAGE][PASSED] - Text '' is set on object 'Object Repository/AdminSuiteBootstrap_Pages/VT_Bootstrap/SaleKeyboard/input_smsNumber'

2024-07-12 22:17:14 - [MESSAGE][PASSED] - Text '10.50' is set on object 'Object Repository/AdminSuiteBootstrap_Pages/VT_Bootstrap/SaleKeyboard/input_amount'

2024-07-12 22:17:15 - [MESSAGE][PASSED] - Text 'Australia' is set on object 'Object Repository/AdminSuiteBootstrap_Pages/VT_Bootstrap/SaleKeyboard/input_userDefined1'

2024-07-12 22:17:16 - [MESSAGE][PASSED] - Text 'Denmark' is set on object 'Object Repository/AdminSuiteBootstrap_Pages/VT_Bootstrap/SaleKeyboard/input_userDefined2'

2024-07-12 22:17:16 - [MESSAGE][PASSED] - Text 'Sweden' is set on object 'Object Repository/AdminSuiteBootstrap_Pages/VT_Bootstrap/SaleKeyboard/input_userDefined3'

2024-07-12 22:17:17 - [MESSAGE][PASSED] - Text 'Austria' is set on object 'Object Repository/AdminSuiteBootstrap_Pages/VT_Bootstrap/SaleKeyboard/input_userDefined4'

2024-07-12 22:17:18 - [MESSAGE][PASSED] - All options with label 'Orange' are selected in object 'Object Repository/AdminSuiteBootstrap_Pages/VT_Bootstrap/SaleKeyboard/select_UDF5_DropDown'  using regular expression

2024-07-12 22:17:19 - [MESSAGE][PASSED] - All options with label 'Yellow' are selected in object 'Object Repository/AdminSuiteBootstrap_Pages/VT_Bootstrap/SaleKeyboard/select_UDF6_DropDown'  using regular expression

2024-07-12 22:17:20 - [MESSAGE][PASSED] - Text 'Norway' is set on object 'Object Repository/AdminSuiteBootstrap_Pages/VT_Bootstrap/SaleKeyboard/input_userDefined7'

2024-07-12 22:17:21 - [MESSAGE][PASSED] - Text 'Netherlands' is set on object 'Object Repository/AdminSuiteBootstrap_Pages/VT_Bootstrap/SaleKeyboard/input_userDefined8'

2024-07-12 22:17:21 - [MESSAGE][PASSED] - Text 'Switzerland' is set on object 'Object Repository/AdminSuiteBootstrap_Pages/VT_Bootstrap/SaleKeyboard/input_userDefined9'

2024-07-12 22:17:22 - [MESSAGE][PASSED] - Text 'France' is set on object 'Object Repository/AdminSuiteBootstrap_Pages/VT_Bootstrap/SaleKeyboard/input_userDefined10'

2024-07-12 22:17:24 - [MESSAGE][PASSED] - Object: 'Object Repository/AdminSuiteBootstrap_Pages/VT_Bootstrap/SaleKeyboard/button_Submit' is clicked on

2024-07-12 22:17:24 - [MESSAGE][PASSED] - adminSuiteBootstrap.virtualTerminalSetData.saleKeyboard_DataDriven is PASSED

2024-07-12 22:17:24 - [TEST_STEP][PASSED] - verifyTextPresent("Transaction Successful", true): Text 'Transaction Successful' is present on page  using regular expression

2024-07-12 22:17:24 - [MESSAGE][PASSED] - Text 'Transaction Successful' is present on page  using regular expression

2024-07-12 22:17:24 - [TEST_STEP][PASSED] - verifyElementVisible(findTestObject("Object Repository/AdminSuiteBootstrap_Pages/VT_Bootstrap/Receipt/button_Continue")): Object 'Object Repository/AdminSuiteBootstrap_Pages/VT_Bootstrap/Receipt/button_Continue' is visible

2024-07-12 22:17:25 - [MESSAGE][PASSED] - Object 'Object Repository/AdminSuiteBootstrap_Pages/VT_Bootstrap/Receipt/button_Continue' is visible

2024-07-12 22:17:25 - [TEST_STEP][PASSED] - verifyElementPresent(findTestObject("Object Repository/AdminSuiteBootstrap_Pages/VT_Bootstrap/Receipt/button_Continue"), 20): Object 'Object Repository/AdminSuiteBootstrap_Pages/VT_Bootstrap/Receipt/button_Continue' is present

2024-07-12 22:17:25 - [MESSAGE][PASSED] - Object 'Object Repository/AdminSuiteBootstrap_Pages/VT_Bootstrap/Receipt/button_Continue' is present

2024-07-12 22:17:25 - [TEST_STEP][PASSED] - verifyElementVisible(findTestObject("Object Repository/AdminSuiteBootstrap_Pages/VT_Bootstrap/Receipt/button_Print")): Object 'Object Repository/AdminSuiteBootstrap_Pages/VT_Bootstrap/Receipt/button_Print' is visible

2024-07-12 22:17:25 - [MESSAGE][PASSED] - Object 'Object Repository/AdminSuiteBootstrap_Pages/VT_Bootstrap/Receipt/button_Print' is visible

2024-07-12 22:17:25 - [TEST_STEP][PASSED] - verifyElementPresent(findTestObject("Object Repository/AdminSuiteBootstrap_Pages/VT_Bootstrap/Receipt/button_Print"), 20): Object 'Object Repository/AdminSuiteBootstrap_Pages/VT_Bootstrap/Receipt/button_Print' is present

2024-07-12 22:17:26 - [MESSAGE][PASSED] - Object 'Object Repository/AdminSuiteBootstrap_Pages/VT_Bootstrap/Receipt/button_Print' is present

2024-07-12 22:17:26 - [TEST_STEP][PASSED] - verifyTextPresent("Remittance ID", true): Text 'Remittance ID' is present on page  using regular expression

2024-07-12 22:17:26 - [MESSAGE][PASSED] - Text 'Remittance ID' is present on page  using regular expression

2024-07-12 22:17:26 - [TEST_STEP][PASSED] - verifyTextPresent("Received", true): Text 'Received' is present on page  using regular expression

2024-07-12 22:17:26 - [MESSAGE][PASSED] - Text 'Received' is present on page  using regular expression

2024-07-12 22:17:26 - [TEST_STEP][PASSED] - verifyTextPresent("UDF1", true): Text 'UDF1' is present on page  using regular expression

2024-07-12 22:17:27 - [MESSAGE][PASSED] - Text 'UDF1' is present on page  using regular expression

2024-07-12 22:17:27 - [TEST_STEP][PASSED] - verifyTextPresent("UDF2", true): Text 'UDF2' is present on page  using regular expression

2024-07-12 22:17:27 - [MESSAGE][PASSED] - Text 'UDF2' is present on page  using regular expression

2024-07-12 22:17:27 - [TEST_STEP][PASSED] - verifyTextPresent("UDF3", true): Text 'UDF3' is present on page  using regular expression

2024-07-12 22:17:27 - [MESSAGE][PASSED] - Text 'UDF3' is present on page  using regular expression

2024-07-12 22:17:27 - [TEST_STEP][PASSED] - verifyTextPresent("UDF4", true): Text 'UDF4' is present on page  using regular expression

2024-07-12 22:17:28 - [MESSAGE][PASSED] - Text 'UDF4' is present on page  using regular expression

2024-07-12 22:17:28 - [TEST_STEP][PASSED] - verifyTextPresent("UDF5", true): Text 'UDF5' is present on page  using regular expression

2024-07-12 22:17:28 - [MESSAGE][PASSED] - Text 'UDF5' is present on page  using regular expression

2024-07-12 22:17:28 - [TEST_STEP][PASSED] - verifyTextPresent("UDF6", true): Text 'UDF6' is present on page  using regular expression

2024-07-12 22:17:28 - [MESSAGE][PASSED] - Text 'UDF6' is present on page  using regular expression

2024-07-12 22:17:28 - [TEST_STEP][PASSED] - verifyTextPresent("UDF7", true): Text 'UDF7' is present on page  using regular expression

2024-07-12 22:17:29 - [MESSAGE][PASSED] - Text 'UDF7' is present on page  using regular expression

2024-07-12 22:17:29 - [TEST_STEP][PASSED] - verifyTextPresent("UDF8", true): Text 'UDF8' is present on page  using regular expression

2024-07-12 22:17:29 - [MESSAGE][PASSED] - Text 'UDF8' is present on page  using regular expression

2024-07-12 22:17:29 - [TEST_STEP][PASSED] - verifyTextPresent("UDF9", true): Text 'UDF9' is present on page  using regular expression

2024-07-12 22:17:29 - [MESSAGE][PASSED] - Text 'UDF9' is present on page  using regular expression

2024-07-12 22:17:29 - [TEST_STEP][PASSED] - verifyTextPresent("UDF 10", true): Text 'UDF 10' is present on page  using regular expression

2024-07-12 22:17:30 - [MESSAGE][PASSED] - Text 'UDF 10' is present on page  using regular expression

2024-07-12 22:17:30 - [TEST_STEP][PASSED] - verifyTextPresent("Australia", true): Text 'Australia' is present on page  using regular expression

2024-07-12 22:17:30 - [MESSAGE][PASSED] - Text 'Australia' is present on page  using regular expression

2024-07-12 22:17:30 - [TEST_STEP][PASSED] - verifyTextPresent("Denmark", true): Text 'Denmark' is present on page  using regular expression

2024-07-12 22:17:30 - [MESSAGE][PASSED] - Text 'Denmark' is present on page  using regular expression

2024-07-12 22:17:30 - [TEST_STEP][PASSED] - verifyTextPresent("Sweden", true): Text 'Sweden' is present on page  using regular expression

2024-07-12 22:17:31 - [MESSAGE][PASSED] - Text 'Sweden' is present on page  using regular expression

2024-07-12 22:17:31 - [TEST_STEP][PASSED] - verifyTextPresent("Austria", true): Text 'Austria' is present on page  using regular expression

2024-07-12 22:17:31 - [MESSAGE][PASSED] - Text 'Austria' is present on page  using regular expression

2024-07-12 22:17:31 - [TEST_STEP][PASSED] - verifyTextPresent("Orange Recorded", true): Text 'Orange Recorded' is present on page  using regular expression

2024-07-12 22:17:31 - [MESSAGE][PASSED] - Text 'Orange Recorded' is present on page  using regular expression

2024-07-12 22:17:31 - [TEST_STEP][PASSED] - verifyTextPresent("Yellow Recorded", true): Text 'Yellow Recorded' is present on page  using regular expression

2024-07-12 22:17:32 - [MESSAGE][PASSED] - Text 'Yellow Recorded' is present on page  using regular expression

2024-07-12 22:17:32 - [TEST_STEP][PASSED] - verifyTextPresent("Norway", true): Text 'Norway' is present on page  using regular expression

2024-07-12 22:17:32 - [MESSAGE][PASSED] - Text 'Norway' is present on page  using regular expression

2024-07-12 22:17:32 - [TEST_STEP][PASSED] - verifyTextPresent("Netherlands", true): Text 'Netherlands' is present on page  using regular expression

2024-07-12 22:17:32 - [MESSAGE][PASSED] - Text 'Netherlands' is present on page  using regular expression

2024-07-12 22:17:32 - [TEST_STEP][PASSED] - verifyTextPresent("Switzerland", true): Text 'Switzerland' is present on page  using regular expression

2024-07-12 22:17:33 - [MESSAGE][PASSED] - Text 'Switzerland' is present on page  using regular expression

2024-07-12 22:17:33 - [TEST_STEP][PASSED] - verifyTextPresent("France", true): Text 'France' is present on page  using regular expression

2024-07-12 22:17:33 - [MESSAGE][PASSED] - Text 'France' is present on page  using regular expression

2024-07-12 22:17:33 - [TEST_STEP][PASSED] - verifyTextPresent("Amount", true): Text 'Amount' is present on page  using regular expression

2024-07-12 22:17:33 - [MESSAGE][PASSED] - Text 'Amount' is present on page  using regular expression

2024-07-12 22:17:33 - [TEST_STEP][PASSED] - verifyTextPresent("Total Amount", true): Text 'Total Amount' is present on page  using regular expression

2024-07-12 22:17:34 - [MESSAGE][PASSED] - Text 'Total Amount' is present on page  using regular expression

2024-07-12 22:17:34 - [TEST_STEP][PASSED] - verifyTextPresent("Transaction Type", true): Text 'Transaction Type' is present on page  using regular expression

2024-07-12 22:17:34 - [MESSAGE][PASSED] - Text 'Transaction Type' is present on page  using regular expression

2024-07-12 22:17:34 - [TEST_STEP][PASSED] - verifyTextPresent("10.50", true): Text '10.50' is present on page  using regular expression

2024-07-12 22:17:34 - [MESSAGE][PASSED] - Text '10.50' is present on page  using regular expression

2024-07-12 22:17:34 - [TEST_STEP][PASSED] - verifyTextPresent("Authorization", true): Text 'Authorization' is present on page  using regular expression

2024-07-12 22:17:35 - [MESSAGE][PASSED] - Text 'Authorization' is present on page  using regular expression

2024-07-12 22:17:35 - [TEST_STEP][PASSED] - verifyTextPresent("Card Information", true): Text 'Card Information' is present on page  using regular expression

2024-07-12 22:17:35 - [MESSAGE][PASSED] - Text 'Card Information' is present on page  using regular expression

2024-07-12 22:17:35 - [TEST_STEP][PASSED] - cardNameV = findTestData(dataFile).getValue("CardNameV", row): null

2024-07-12 22:17:35 - [TEST_STEP][PASSED] - al1V = findTestData(dataFile).getValue("AL1", row): null

2024-07-12 22:17:35 - [TEST_STEP][PASSED] - al2V = findTestData(dataFile).getValue("AL2", row): null

2024-07-12 22:17:35 - [TEST_STEP][PASSED] - zipV = findTestData(dataFile).getValue("ZIP", row): null

2024-07-12 22:17:35 - [TEST_STEP][PASSED] - cardTypeV = findTestData(dataFile).getValue("CardType", row): null

2024-07-12 22:17:35 - [TEST_STEP][PASSED] - last4V = findTestData(dataFile).getValue("Last4", row): null

2024-07-12 22:17:36 - [TEST_STEP][PASSED] - verifyTextPresent(cardNameV, true): Text 'JANAKI JAMES' is present on page  using regular expression

2024-07-12 22:17:36 - [MESSAGE][PASSED] - Text 'JANAKI JAMES' is present on page  using regular expression

2024-07-12 22:17:36 - [TEST_STEP][PASSED] - verifyTextPresent("Address Line 1", true): Text 'Address Line 1' is present on page  using regular expression

2024-07-12 22:17:36 - [MESSAGE][PASSED] - Text 'Address Line 1' is present on page  using regular expression

2024-07-12 22:17:36 - [TEST_STEP][PASSED] - verifyTextPresent("Address Line 2", true): Text 'Address Line 2' is present on page  using regular expression

2024-07-12 22:17:37 - [MESSAGE][PASSED] - Text 'Address Line 2' is present on page  using regular expression

2024-07-12 22:17:37 - [TEST_STEP][PASSED] - verifyTextPresent("Country", true): Text 'Country' is present on page  using regular expression

2024-07-12 22:17:37 - [MESSAGE][PASSED] - Text 'Country' is present on page  using regular expression

2024-07-12 22:17:37 - [TEST_STEP][PASSED] - verifyTextPresent("City", true): Text 'City' is present on page  using regular expression

2024-07-12 22:17:37 - [MESSAGE][PASSED] - Text 'City' is present on page  using regular expression

2024-07-12 22:17:37 - [TEST_STEP][PASSED] - verifyTextPresent("State", true): Text 'State' is present on page  using regular expression

2024-07-12 22:17:38 - [MESSAGE][PASSED] - Text 'State' is present on page  using regular expression

2024-07-12 22:17:38 - [TEST_STEP][PASSED] - verifyTextPresent("ZIP Code", true): Text 'ZIP Code' is present on page  using regular expression

2024-07-12 22:17:38 - [MESSAGE][PASSED] - Text 'ZIP Code' is present on page  using regular expression

2024-07-12 22:17:38 - [TEST_STEP][PASSED] - verifyTextPresent(al1V, true): Text '1478 Jhatka Palace' is present on page  using regular expression

2024-07-12 22:17:38 - [MESSAGE][PASSED] - Text '1478 Jhatka Palace' is present on page  using regular expression

2024-07-12 22:17:38 - [TEST_STEP][PASSED] - verifyTextPresent(al2V, true): Text 'Suite 500' is present on page  using regular expression

2024-07-12 22:17:39 - [MESSAGE][PASSED] - Text 'Suite 500' is present on page  using regular expression

2024-07-12 22:17:39 - [TEST_STEP][PASSED] - verifyTextPresent("United States", true): Text 'United States' is present on page  using regular expression

2024-07-12 22:17:39 - [MESSAGE][PASSED] - Text 'United States' is present on page  using regular expression

2024-07-12 22:17:39 - [TEST_STEP][PASSED] - verifyTextPresent("ARLINGTON", true): Text 'ARLINGTON' is present on page  using regular expression

2024-07-12 22:17:39 - [MESSAGE][PASSED] - Text 'ARLINGTON' is present on page  using regular expression

2024-07-12 22:17:39 - [TEST_STEP][PASSED] - verifyTextPresent("Virginia", true): Text 'Virginia' is present on page  using regular expression

2024-07-12 22:17:40 - [MESSAGE][PASSED] - Text 'Virginia' is present on page  using regular expression

2024-07-12 22:17:40 - [TEST_STEP][PASSED] - verifyTextPresent(zipV, true): Text '22201' is present on page  using regular expression

2024-07-12 22:17:40 - [MESSAGE][PASSED] - Text '22201' is present on page  using regular expression

2024-07-12 22:17:40 - [TEST_STEP][PASSED] - verifyTextPresent(cardTypeV, true): Text 'MasterCard' is present on page  using regular expression

2024-07-12 22:17:40 - [MESSAGE][PASSED] - Text 'MasterCard' is present on page  using regular expression

2024-07-12 22:17:40 - [TEST_STEP][PASSED] - verifyTextPresent(last4V, true): Text '0035' is present on page  using regular expression

2024-07-12 22:17:41 - [MESSAGE][PASSED] - Text '0035' is present on page  using regular expression

2024-07-12 22:17:41 - [TEST_STEP][PASSED] - closeBrowser(): Browser is closed

2024-07-12 22:17:42 - [MESSAGE][PASSED] - Browser is closed

2024-07-12 22:17:42 - [TEST_STEP][PASSED] - ExecuteTC = findTestData(dataFile).getValue("Execute", row): null

2024-07-12 22:17:42 - [TEST_STEP][PASSED] - out.println("Value of Execute is : " + ExecuteTC): null

2024-07-12 22:17:42 - [TEST_STEP][PASSED] - switch (executionProfile): null

2024-07-12 22:17:42 - [TEST_STEP][PASSED] - case "QA2Profile":: null

2024-07-12 22:17:42 - [TEST_STEP][PASSED] - appName = findTestData(dataFile).getValue("AppNameQA", row): null

2024-07-12 22:17:42 - [TEST_STEP][PASSED] - appID = findTestData(dataFile).getValue("AppIDQA", row): null

2024-07-12 22:17:42 - [TEST_STEP][PASSED] - break: null

2024-07-12 22:17:42 - [TEST_STEP][PASSED] - hrefAppID = li_1 + appID + li_2: null

2024-07-12 22:17:42 - [TEST_STEP][PASSED] - hrefApp = li_1 + appID + "/": null

2024-07-12 22:17:42 - [TEST_STEP][PASSED] - println("hrefApp : " + hrefApp): null

2024-07-12 22:17:42 - [TEST_STEP][PASSED] - if (ExecuteTC.equalsIgnoreCase("Y")): Browser is closed

2024-07-12 22:17:42 - [TEST_STEP][PASSED] - out.println("Begin Record Number: " + row): null

2024-07-12 22:17:42 - [TEST_STEP][PASSED] - today = new java.util.Date(): null

2024-07-12 22:17:42 - [TEST_STEP][PASSED] - println(today): null

2024-07-12 22:17:42 - [TEST_STEP][PASSED] - datText = today: null

2024-07-12 22:17:42 - [TEST_STEP][PASSED] - adminSuiteBootstrap.loginFunctionality.login_AdminSuite(): adminSuiteBootstrap.loginFunctionality.login_AdminSuite is PASSED

2024-07-12 22:17:42 - [MESSAGE][INFO] - Starting 'Chrome' driver

2024-07-12 22:17:42 - [MESSAGE][INFO] - User set preference: ['acceptInsecureCerts', 'true']

2024-07-12 22:17:42 - [MESSAGE][INFO] - Action delay is set to 0 milliseconds

2024-07-12 22:17:45 - [MESSAGE][PASSED] - Browser is opened with url: 'https://qa2.velocitypayment.com/admin/imtiaz'

2024-07-12 22:17:45 - [MESSAGE][PASSED] - Current window maximized

2024-07-12 22:17:45 - [MESSAGE][PASSED] - Object 'Object Repository/Login_Page/Login_Username_Okta' is present

2024-07-12 22:17:46 - [MESSAGE][PASSED] - Text 'iahmed' is set on object 'Object Repository/Login_Page/Login_Username_Okta'

2024-07-12 22:17:47 - [MESSAGE][PASSED] - Text 'Hello!6666666' is set on object 'Object Repository/Login_Page/Login_Password_Okta'

2024-07-12 22:17:48 - [MESSAGE][PASSED] - Object: 'Object Repository/Login_Page/Login_Submit_Okta' is clicked on

2024-07-12 22:17:48 - [MESSAGE][PASSED] - adminSuiteBootstrap.loginFunctionality.login_AdminSuite is PASSED

2024-07-12 22:17:48 - [TEST_STEP][PASSED] - click(findTestObject(path_Dashboard + appName)): Object: 'Object Repository/AdminSuiteBootstrap_Pages/Dashboard_Bootstrap/a_Access AutoNoCFtp' is clicked on

2024-07-12 22:17:57 - [MESSAGE][PASSED] - Object: 'Object Repository/AdminSuiteBootstrap_Pages/Dashboard_Bootstrap/a_Access AutoNoCFtp' is clicked on

2024-07-12 22:17:57 - [TEST_STEP][PASSED] - click(findTestObject(path_VT + "button_Authorization Only")): Object: 'Object Repository/AdminSuiteBootstrap_Pages/VT_Bootstrap/IssueTransactions/button_Authorization Only' is clicked on

2024-07-12 22:17:57 - [MESSAGE][PASSED] - Object: 'Object Repository/AdminSuiteBootstrap_Pages/VT_Bootstrap/IssueTransactions/button_Authorization Only' is clicked on

2024-07-12 22:17:57 - [TEST_STEP][PASSED] - authOnlyKeyboardEntryLink = modifyObjectProperty(findTestObject(path_VT + "a_KeyboardEntry_Sale"), "href", "equals", hrefAppID, true): Modify property of object successfully

2024-07-12 22:17:57 - [MESSAGE][PASSED] - Modify property of object successfully

2024-07-12 22:17:58 - [TEST_STEP][PASSED] - click(authOnlyKeyboardEntryLink): Object: 'Object Repository/AdminSuiteBootstrap_Pages/VT_Bootstrap/IssueTransactions/a_KeyboardEntry_Sale' is clicked on

2024-07-12 22:17:58 - [MESSAGE][PASSED] - Object: 'Object Repository/AdminSuiteBootstrap_Pages/VT_Bootstrap/IssueTransactions/a_KeyboardEntry_Sale' is clicked on

2024-07-12 22:17:58 - [TEST_STEP][PASSED] - adminSuiteBootstrap.virtualTerminalSetData.saleKeyboard_DataDriven(row, dataFile): adminSuiteBootstrap.virtualTerminalSetData.saleKeyboard_DataDriven is PASSED

2024-07-12 22:18:02 - [MESSAGE][PASSED] - Text 'Janaki James' is set on object 'Object Repository/AdminSuiteBootstrap_Pages/VT_Bootstrap/SaleKeyboard/input_cardName'

2024-07-12 22:18:03 - [MESSAGE][PASSED] - All options with value 'MOTO' are selected in object 'Object Repository/AdminSuiteBootstrap_Pages/VT_Bootstrap/SaleKeyboard/select_transactionCategory'  using regular expression

2024-07-12 22:18:03 - [MESSAGE][PASSED] - Execute JavaScript 'arguments[0].value ='371449635392376' ' successfully

2024-07-12 22:18:03 - [MESSAGE][PASSED] - Execute JavaScript 'arguments[0].value ='123' ' successfully

2024-07-12 22:18:05 - [MESSAGE][PASSED] - All options with value '12' are selected in object 'Object Repository/AdminSuiteBootstrap_Pages/VT_Bootstrap/SaleKeyboard/select_MM'  using regular expression

2024-07-12 22:18:06 - [MESSAGE][PASSED] - All options with value '2025' are selected in object 'Object Repository/AdminSuiteBootstrap_Pages/VT_Bootstrap/SaleKeyboard/select_YYYY'  using regular expression

2024-07-12 22:18:06 - [MESSAGE][PASSED] - Text '550 Swan Lake' is set on object 'Object Repository/AdminSuiteBootstrap_Pages/VT_Bootstrap/SaleKeyboard/input__address'

2024-07-12 22:18:07 - [MESSAGE][PASSED] - Text 'Suite 500' is set on object 'Object Repository/AdminSuiteBootstrap_Pages/VT_Bootstrap/SaleKeyboard/input__address2'

2024-07-12 22:18:08 - [MESSAGE][PASSED] - Text '22201' is set on object 'Object Repository/AdminSuiteBootstrap_Pages/VT_Bootstrap/SaleKeyboard/input__zip'

2024-07-12 22:18:09 - [MESSAGE][PASSED] - Text '' is set on object 'Object Repository/AdminSuiteBootstrap_Pages/VT_Bootstrap/SaleKeyboard/input_emailAddress'

2024-07-12 22:18:10 - [MESSAGE][PASSED] - Text '' is set on object 'Object Repository/AdminSuiteBootstrap_Pages/VT_Bootstrap/SaleKeyboard/input_smsNumber'

2024-07-12 22:18:11 - [MESSAGE][PASSED] - Text '10.50' is set on object 'Object Repository/AdminSuiteBootstrap_Pages/VT_Bootstrap/SaleKeyboard/input_amount'

2024-07-12 22:18:12 - [MESSAGE][PASSED] - Text 'Australia' is set on object 'Object Repository/AdminSuiteBootstrap_Pages/VT_Bootstrap/SaleKeyboard/input_userDefined1'

2024-07-12 22:18:12 - [MESSAGE][PASSED] - Text 'Denmark' is set on object 'Object Repository/AdminSuiteBootstrap_Pages/VT_Bootstrap/SaleKeyboard/input_userDefined2'

2024-07-12 22:18:13 - [MESSAGE][PASSED] - Text 'Sweden' is set on object 'Object Repository/AdminSuiteBootstrap_Pages/VT_Bootstrap/SaleKeyboard/input_userDefined3'

2024-07-12 22:18:14 - [MESSAGE][PASSED] - Text 'Austria' is set on object 'Object Repository/AdminSuiteBootstrap_Pages/VT_Bootstrap/SaleKeyboard/input_userDefined4'

2024-07-12 22:18:14 - [MESSAGE][PASSED] - All options with label 'Orange' are selected in object 'Object Repository/AdminSuiteBootstrap_Pages/VT_Bootstrap/SaleKeyboard/select_UDF5_DropDown'  using regular expression

2024-07-12 22:18:15 - [MESSAGE][PASSED] - All options with label 'Yellow' are selected in object 'Object Repository/AdminSuiteBootstrap_Pages/VT_Bootstrap/SaleKeyboard/select_UDF6_DropDown'  using regular expression

2024-07-12 22:18:16 - [MESSAGE][PASSED] - Text 'Norway' is set on object 'Object Repository/AdminSuiteBootstrap_Pages/VT_Bootstrap/SaleKeyboard/input_userDefined7'

2024-07-12 22:18:17 - [MESSAGE][PASSED] - Text 'Netherlands' is set on object 'Object Repository/AdminSuiteBootstrap_Pages/VT_Bootstrap/SaleKeyboard/input_userDefined8'

2024-07-12 22:18:18 - [MESSAGE][PASSED] - Text 'Switzerland' is set on object 'Object Repository/AdminSuiteBootstrap_Pages/VT_Bootstrap/SaleKeyboard/input_userDefined9'

2024-07-12 22:18:18 - [MESSAGE][PASSED] - Text 'France' is set on object 'Object Repository/AdminSuiteBootstrap_Pages/VT_Bootstrap/SaleKeyboard/input_userDefined10'

2024-07-12 22:18:20 - [MESSAGE][PASSED] - Object: 'Object Repository/AdminSuiteBootstrap_Pages/VT_Bootstrap/SaleKeyboard/button_Submit' is clicked on

2024-07-12 22:18:20 - [MESSAGE][PASSED] - adminSuiteBootstrap.virtualTerminalSetData.saleKeyboard_DataDriven is PASSED

2024-07-12 22:18:20 - [TEST_STEP][PASSED] - verifyTextPresent("Transaction Successful", true): Text 'Transaction Successful' is present on page  using regular expression

2024-07-12 22:18:21 - [MESSAGE][PASSED] - Text 'Transaction Successful' is present on page  using regular expression

2024-07-12 22:18:21 - [TEST_STEP][PASSED] - verifyElementVisible(findTestObject("Object Repository/AdminSuiteBootstrap_Pages/VT_Bootstrap/Receipt/button_Continue")): Object 'Object Repository/AdminSuiteBootstrap_Pages/VT_Bootstrap/Receipt/button_Continue' is visible

2024-07-12 22:18:21 - [MESSAGE][PASSED] - Object 'Object Repository/AdminSuiteBootstrap_Pages/VT_Bootstrap/Receipt/button_Continue' is visible

2024-07-12 22:18:21 - [TEST_STEP][PASSED] - verifyElementPresent(findTestObject("Object Repository/AdminSuiteBootstrap_Pages/VT_Bootstrap/Receipt/button_Continue"), 20): Object 'Object Repository/AdminSuiteBootstrap_Pages/VT_Bootstrap/Receipt/button_Continue' is present

2024-07-12 22:18:21 - [MESSAGE][PASSED] - Object 'Object Repository/AdminSuiteBootstrap_Pages/VT_Bootstrap/Receipt/button_Continue' is present

2024-07-12 22:18:21 - [TEST_STEP][PASSED] - verifyElementVisible(findTestObject("Object Repository/AdminSuiteBootstrap_Pages/VT_Bootstrap/Receipt/button_Print")): Object 'Object Repository/AdminSuiteBootstrap_Pages/VT_Bootstrap/Receipt/button_Print' is visible

2024-07-12 22:18:22 - [MESSAGE][PASSED] - Object 'Object Repository/AdminSuiteBootstrap_Pages/VT_Bootstrap/Receipt/button_Print' is visible

2024-07-12 22:18:22 - [TEST_STEP][PASSED] - verifyElementPresent(findTestObject("Object Repository/AdminSuiteBootstrap_Pages/VT_Bootstrap/Receipt/button_Print"), 20): Object 'Object Repository/AdminSuiteBootstrap_Pages/VT_Bootstrap/Receipt/button_Print' is present

2024-07-12 22:18:22 - [MESSAGE][PASSED] - Object 'Object Repository/AdminSuiteBootstrap_Pages/VT_Bootstrap/Receipt/button_Print' is present

2024-07-12 22:18:22 - [TEST_STEP][PASSED] - verifyTextPresent("Remittance ID", true): Text 'Remittance ID' is present on page  using regular expression

2024-07-12 22:18:22 - [MESSAGE][PASSED] - Text 'Remittance ID' is present on page  using regular expression

2024-07-12 22:18:22 - [TEST_STEP][PASSED] - verifyTextPresent("Received", true): Text 'Received' is present on page  using regular expression

2024-07-12 22:18:23 - [MESSAGE][PASSED] - Text 'Received' is present on page  using regular expression

2024-07-12 22:18:23 - [TEST_STEP][PASSED] - verifyTextPresent("UDF1", true): Text 'UDF1' is present on page  using regular expression

2024-07-12 22:18:23 - [MESSAGE][PASSED] - Text 'UDF1' is present on page  using regular expression

2024-07-12 22:18:23 - [TEST_STEP][PASSED] - verifyTextPresent("UDF2", true): Text 'UDF2' is present on page  using regular expression

2024-07-12 22:18:23 - [MESSAGE][PASSED] - Text 'UDF2' is present on page  using regular expression

2024-07-12 22:18:23 - [TEST_STEP][PASSED] - verifyTextPresent("UDF3", true): Text 'UDF3' is present on page  using regular expression

2024-07-12 22:18:24 - [MESSAGE][PASSED] - Text 'UDF3' is present on page  using regular expression

2024-07-12 22:18:24 - [TEST_STEP][PASSED] - verifyTextPresent("UDF4", true): Text 'UDF4' is present on page  using regular expression

2024-07-12 22:18:24 - [MESSAGE][PASSED] - Text 'UDF4' is present on page  using regular expression

2024-07-12 22:18:24 - [TEST_STEP][PASSED] - verifyTextPresent("UDF5", true): Text 'UDF5' is present on page  using regular expression

2024-07-12 22:18:24 - [MESSAGE][PASSED] - Text 'UDF5' is present on page  using regular expression

2024-07-12 22:18:24 - [TEST_STEP][PASSED] - verifyTextPresent("UDF6", true): Text 'UDF6' is present on page  using regular expression

2024-07-12 22:18:25 - [MESSAGE][PASSED] - Text 'UDF6' is present on page  using regular expression

2024-07-12 22:18:25 - [TEST_STEP][PASSED] - verifyTextPresent("UDF7", true): Text 'UDF7' is present on page  using regular expression

2024-07-12 22:18:25 - [MESSAGE][PASSED] - Text 'UDF7' is present on page  using regular expression

2024-07-12 22:18:25 - [TEST_STEP][PASSED] - verifyTextPresent("UDF8", true): Text 'UDF8' is present on page  using regular expression

2024-07-12 22:18:25 - [MESSAGE][PASSED] - Text 'UDF8' is present on page  using regular expression

2024-07-12 22:18:25 - [TEST_STEP][PASSED] - verifyTextPresent("UDF9", true): Text 'UDF9' is present on page  using regular expression

2024-07-12 22:18:26 - [MESSAGE][PASSED] - Text 'UDF9' is present on page  using regular expression

2024-07-12 22:18:26 - [TEST_STEP][PASSED] - verifyTextPresent("UDF 10", true): Text 'UDF 10' is present on page  using regular expression

2024-07-12 22:18:26 - [MESSAGE][PASSED] - Text 'UDF 10' is present on page  using regular expression

2024-07-12 22:18:26 - [TEST_STEP][PASSED] - verifyTextPresent("Australia", true): Text 'Australia' is present on page  using regular expression

2024-07-12 22:18:26 - [MESSAGE][PASSED] - Text 'Australia' is present on page  using regular expression

2024-07-12 22:18:26 - [TEST_STEP][PASSED] - verifyTextPresent("Denmark", true): Text 'Denmark' is present on page  using regular expression

2024-07-12 22:18:27 - [MESSAGE][PASSED] - Text 'Denmark' is present on page  using regular expression

2024-07-12 22:18:27 - [TEST_STEP][PASSED] - verifyTextPresent("Sweden", true): Text 'Sweden' is present on page  using regular expression

2024-07-12 22:18:27 - [MESSAGE][PASSED] - Text 'Sweden' is present on page  using regular expression

2024-07-12 22:18:27 - [TEST_STEP][PASSED] - verifyTextPresent("Austria", true): Text 'Austria' is present on page  using regular expression

2024-07-12 22:18:27 - [MESSAGE][PASSED] - Text 'Austria' is present on page  using regular expression

2024-07-12 22:18:27 - [TEST_STEP][PASSED] - verifyTextPresent("Orange Recorded", true): Text 'Orange Recorded' is present on page  using regular expression

2024-07-12 22:18:28 - [MESSAGE][PASSED] - Text 'Orange Recorded' is present on page  using regular expression

2024-07-12 22:18:28 - [TEST_STEP][PASSED] - verifyTextPresent("Yellow Recorded", true): Text 'Yellow Recorded' is present on page  using regular expression

2024-07-12 22:18:28 - [MESSAGE][PASSED] - Text 'Yellow Recorded' is present on page  using regular expression

2024-07-12 22:18:28 - [TEST_STEP][PASSED] - verifyTextPresent("Norway", true): Text 'Norway' is present on page  using regular expression

2024-07-12 22:18:28 - [MESSAGE][PASSED] - Text 'Norway' is present on page  using regular expression

2024-07-12 22:18:28 - [TEST_STEP][PASSED] - verifyTextPresent("Netherlands", true): Text 'Netherlands' is present on page  using regular expression

2024-07-12 22:18:29 - [MESSAGE][PASSED] - Text 'Netherlands' is present on page  using regular expression

2024-07-12 22:18:29 - [TEST_STEP][PASSED] - verifyTextPresent("Switzerland", true): Text 'Switzerland' is present on page  using regular expression

2024-07-12 22:18:29 - [MESSAGE][PASSED] - Text 'Switzerland' is present on page  using regular expression

2024-07-12 22:18:29 - [TEST_STEP][PASSED] - verifyTextPresent("France", true): Text 'France' is present on page  using regular expression

2024-07-12 22:18:29 - [MESSAGE][PASSED] - Text 'France' is present on page  using regular expression

2024-07-12 22:18:29 - [TEST_STEP][PASSED] - verifyTextPresent("Amount", true): Text 'Amount' is present on page  using regular expression

2024-07-12 22:18:30 - [MESSAGE][PASSED] - Text 'Amount' is present on page  using regular expression

2024-07-12 22:18:30 - [TEST_STEP][PASSED] - verifyTextPresent("Total Amount", true): Text 'Total Amount' is present on page  using regular expression

2024-07-12 22:18:30 - [MESSAGE][PASSED] - Text 'Total Amount' is present on page  using regular expression

2024-07-12 22:18:30 - [TEST_STEP][PASSED] - verifyTextPresent("Transaction Type", true): Text 'Transaction Type' is present on page  using regular expression

2024-07-12 22:18:30 - [MESSAGE][PASSED] - Text 'Transaction Type' is present on page  using regular expression

2024-07-12 22:18:30 - [TEST_STEP][PASSED] - verifyTextPresent("10.50", true): Text '10.50' is present on page  using regular expression

2024-07-12 22:18:31 - [MESSAGE][PASSED] - Text '10.50' is present on page  using regular expression

2024-07-12 22:18:31 - [TEST_STEP][PASSED] - verifyTextPresent("Authorization", true): Text 'Authorization' is present on page  using regular expression

2024-07-12 22:18:31 - [MESSAGE][PASSED] - Text 'Authorization' is present on page  using regular expression

2024-07-12 22:18:31 - [TEST_STEP][PASSED] - verifyTextPresent("Card Information", true): Text 'Card Information' is present on page  using regular expression

2024-07-12 22:18:31 - [MESSAGE][PASSED] - Text 'Card Information' is present on page  using regular expression

2024-07-12 22:18:31 - [TEST_STEP][PASSED] - cardNameV = findTestData(dataFile).getValue("CardNameV", row): null

2024-07-12 22:18:31 - [TEST_STEP][PASSED] - al1V = findTestData(dataFile).getValue("AL1", row): null

2024-07-12 22:18:32 - [TEST_STEP][PASSED] - al2V = findTestData(dataFile).getValue("AL2", row): null

2024-07-12 22:18:32 - [TEST_STEP][PASSED] - zipV = findTestData(dataFile).getValue("ZIP", row): null

2024-07-12 22:18:32 - [TEST_STEP][PASSED] - cardTypeV = findTestData(dataFile).getValue("CardType", row): null

2024-07-12 22:18:32 - [TEST_STEP][PASSED] - last4V = findTestData(dataFile).getValue("Last4", row): null

2024-07-12 22:18:32 - [TEST_STEP][PASSED] - verifyTextPresent(cardNameV, true): Text 'JANAKI JAMES' is present on page  using regular expression

2024-07-12 22:18:32 - [MESSAGE][PASSED] - Text 'JANAKI JAMES' is present on page  using regular expression

2024-07-12 22:18:32 - [TEST_STEP][PASSED] - verifyTextPresent("Address Line 1", true): Text 'Address Line 1' is present on page  using regular expression

2024-07-12 22:18:33 - [MESSAGE][PASSED] - Text 'Address Line 1' is present on page  using regular expression

2024-07-12 22:18:33 - [TEST_STEP][PASSED] - verifyTextPresent("Address Line 2", true): Text 'Address Line 2' is present on page  using regular expression

2024-07-12 22:18:33 - [MESSAGE][PASSED] - Text 'Address Line 2' is present on page  using regular expression

2024-07-12 22:18:33 - [TEST_STEP][PASSED] - verifyTextPresent("Country", true): Text 'Country' is present on page  using regular expression

2024-07-12 22:18:33 - [MESSAGE][PASSED] - Text 'Country' is present on page  using regular expression

2024-07-12 22:18:33 - [TEST_STEP][PASSED] - verifyTextPresent("City", true): Text 'City' is present on page  using regular expression

2024-07-12 22:18:34 - [MESSAGE][PASSED] - Text 'City' is present on page  using regular expression

2024-07-12 22:18:34 - [TEST_STEP][PASSED] - verifyTextPresent("State", true): Text 'State' is present on page  using regular expression

2024-07-12 22:18:34 - [MESSAGE][PASSED] - Text 'State' is present on page  using regular expression

2024-07-12 22:18:34 - [TEST_STEP][PASSED] - verifyTextPresent("ZIP Code", true): Text 'ZIP Code' is present on page  using regular expression

2024-07-12 22:18:34 - [MESSAGE][PASSED] - Text 'ZIP Code' is present on page  using regular expression

2024-07-12 22:18:34 - [TEST_STEP][PASSED] - verifyTextPresent(al1V, true): Text '550 Swan Lake' is present on page  using regular expression

2024-07-12 22:18:35 - [MESSAGE][PASSED] - Text '550 Swan Lake' is present on page  using regular expression

2024-07-12 22:18:35 - [TEST_STEP][PASSED] - verifyTextPresent(al2V, true): Text 'Suite 500' is present on page  using regular expression

2024-07-12 22:18:35 - [MESSAGE][PASSED] - Text 'Suite 500' is present on page  using regular expression

2024-07-12 22:18:35 - [TEST_STEP][PASSED] - verifyTextPresent("United States", true): Text 'United States' is present on page  using regular expression

2024-07-12 22:18:35 - [MESSAGE][PASSED] - Text 'United States' is present on page  using regular expression

2024-07-12 22:18:35 - [TEST_STEP][PASSED] - verifyTextPresent("ARLINGTON", true): Text 'ARLINGTON' is present on page  using regular expression

2024-07-12 22:18:36 - [MESSAGE][PASSED] - Text 'ARLINGTON' is present on page  using regular expression

2024-07-12 22:18:36 - [TEST_STEP][PASSED] - verifyTextPresent("Virginia", true): Text 'Virginia' is present on page  using regular expression

2024-07-12 22:18:36 - [MESSAGE][PASSED] - Text 'Virginia' is present on page  using regular expression

2024-07-12 22:18:36 - [TEST_STEP][PASSED] - verifyTextPresent(zipV, true): Text '22201' is present on page  using regular expression

2024-07-12 22:18:36 - [MESSAGE][PASSED] - Text '22201' is present on page  using regular expression

2024-07-12 22:18:36 - [TEST_STEP][PASSED] - verifyTextPresent(cardTypeV, true): Text 'American Express' is present on page  using regular expression

2024-07-12 22:18:37 - [MESSAGE][PASSED] - Text 'American Express' is present on page  using regular expression

2024-07-12 22:18:37 - [TEST_STEP][PASSED] - verifyTextPresent(last4V, true): Text '2376' is present on page  using regular expression

2024-07-12 22:18:37 - [MESSAGE][PASSED] - Text '2376' is present on page  using regular expression

2024-07-12 22:18:37 - [TEST_STEP][PASSED] - closeBrowser(): Browser is closed

2024-07-12 22:18:38 - [MESSAGE][PASSED] - Browser is closed

2024-07-12 22:18:38 - [TEST_STEP][PASSED] - ExecuteTC = findTestData(dataFile).getValue("Execute", row): null

2024-07-12 22:18:38 - [TEST_STEP][PASSED] - out.println("Value of Execute is : " + ExecuteTC): null

2024-07-12 22:18:38 - [TEST_STEP][PASSED] - switch (executionProfile): null

2024-07-12 22:18:38 - [TEST_STEP][PASSED] - case "QA2Profile":: null

2024-07-12 22:18:38 - [TEST_STEP][PASSED] - appName = findTestData(dataFile).getValue("AppNameQA", row): null

2024-07-12 22:18:38 - [TEST_STEP][PASSED] - appID = findTestData(dataFile).getValue("AppIDQA", row): null

2024-07-12 22:18:39 - [TEST_STEP][PASSED] - break: null

2024-07-12 22:18:39 - [TEST_STEP][PASSED] - hrefAppID = li_1 + appID + li_2: null

2024-07-12 22:18:39 - [TEST_STEP][PASSED] - hrefApp = li_1 + appID + "/": null

2024-07-12 22:18:39 - [TEST_STEP][PASSED] - println("hrefApp : " + hrefApp): null

2024-07-12 22:18:39 - [TEST_STEP][PASSED] - if (ExecuteTC.equalsIgnoreCase("Y")): Browser is closed

2024-07-12 22:18:39 - [TEST_STEP][PASSED] - out.println("Begin Record Number: " + row): null

2024-07-12 22:18:39 - [TEST_STEP][PASSED] - today = new java.util.Date(): null

2024-07-12 22:18:39 - [TEST_STEP][PASSED] - println(today): null

2024-07-12 22:18:39 - [TEST_STEP][PASSED] - datText = today: null

2024-07-12 22:18:39 - [TEST_STEP][PASSED] - adminSuiteBootstrap.loginFunctionality.login_AdminSuite(): adminSuiteBootstrap.loginFunctionality.login_AdminSuite is PASSED

2024-07-12 22:18:39 - [MESSAGE][INFO] - Starting 'Chrome' driver

2024-07-12 22:18:39 - [MESSAGE][INFO] - User set preference: ['acceptInsecureCerts', 'true']

2024-07-12 22:18:39 - [MESSAGE][INFO] - Action delay is set to 0 milliseconds

2024-07-12 22:18:41 - [MESSAGE][PASSED] - Browser is opened with url: 'https://qa2.velocitypayment.com/admin/imtiaz'

2024-07-12 22:18:41 - [MESSAGE][PASSED] - Current window maximized

2024-07-12 22:18:42 - [MESSAGE][PASSED] - Object 'Object Repository/Login_Page/Login_Username_Okta' is present

2024-07-12 22:18:43 - [MESSAGE][PASSED] - Text 'iahmed' is set on object 'Object Repository/Login_Page/Login_Username_Okta'

2024-07-12 22:18:44 - [MESSAGE][PASSED] - Text 'Hello!6666666' is set on object 'Object Repository/Login_Page/Login_Password_Okta'

2024-07-12 22:18:44 - [MESSAGE][PASSED] - Object: 'Object Repository/Login_Page/Login_Submit_Okta' is clicked on

2024-07-12 22:18:44 - [MESSAGE][PASSED] - adminSuiteBootstrap.loginFunctionality.login_AdminSuite is PASSED

2024-07-12 22:18:44 - [TEST_STEP][PASSED] - click(findTestObject(path_Dashboard + appName)): Object: 'Object Repository/AdminSuiteBootstrap_Pages/Dashboard_Bootstrap/a_Access AutoNoCFtp' is clicked on

2024-07-12 22:18:53 - [MESSAGE][PASSED] - Object: 'Object Repository/AdminSuiteBootstrap_Pages/Dashboard_Bootstrap/a_Access AutoNoCFtp' is clicked on

2024-07-12 22:18:53 - [TEST_STEP][PASSED] - click(findTestObject(path_VT + "button_Authorization Only")): Object: 'Object Repository/AdminSuiteBootstrap_Pages/VT_Bootstrap/IssueTransactions/button_Authorization Only' is clicked on

2024-07-12 22:18:54 - [MESSAGE][PASSED] - Object: 'Object Repository/AdminSuiteBootstrap_Pages/VT_Bootstrap/IssueTransactions/button_Authorization Only' is clicked on

2024-07-12 22:18:54 - [TEST_STEP][PASSED] - authOnlyKeyboardEntryLink = modifyObjectProperty(findTestObject(path_VT + "a_KeyboardEntry_Sale"), "href", "equals", hrefAppID, true): Modify property of object successfully

2024-07-12 22:18:54 - [MESSAGE][PASSED] - Modify property of object successfully

2024-07-12 22:18:54 - [TEST_STEP][PASSED] - click(authOnlyKeyboardEntryLink): Object: 'Object Repository/AdminSuiteBootstrap_Pages/VT_Bootstrap/IssueTransactions/a_KeyboardEntry_Sale' is clicked on

2024-07-12 22:18:55 - [MESSAGE][PASSED] - Object: 'Object Repository/AdminSuiteBootstrap_Pages/VT_Bootstrap/IssueTransactions/a_KeyboardEntry_Sale' is clicked on

2024-07-12 22:18:55 - [TEST_STEP][PASSED] - adminSuiteBootstrap.virtualTerminalSetData.saleKeyboard_DataDriven(row, dataFile): adminSuiteBootstrap.virtualTerminalSetData.saleKeyboard_DataDriven is PASSED

2024-07-12 22:18:58 - [MESSAGE][PASSED] - Text 'Janaki James' is set on object 'Object Repository/AdminSuiteBootstrap_Pages/VT_Bootstrap/SaleKeyboard/input_cardName'

2024-07-12 22:18:59 - [MESSAGE][PASSED] - All options with value 'MOTO' are selected in object 'Object Repository/AdminSuiteBootstrap_Pages/VT_Bootstrap/SaleKeyboard/select_transactionCategory'  using regular expression

2024-07-12 22:18:59 - [MESSAGE][PASSED] - Execute JavaScript 'arguments[0].value ='6011000993026909' ' successfully

2024-07-12 22:19:00 - [MESSAGE][PASSED] - Execute JavaScript 'arguments[0].value ='123' ' successfully

2024-07-12 22:19:01 - [MESSAGE][PASSED] - All options with value '12' are selected in object 'Object Repository/AdminSuiteBootstrap_Pages/VT_Bootstrap/SaleKeyboard/select_MM'  using regular expression

2024-07-12 22:19:02 - [MESSAGE][PASSED] - All options with value '2025' are selected in object 'Object Repository/AdminSuiteBootstrap_Pages/VT_Bootstrap/SaleKeyboard/select_YYYY'  using regular expression

2024-07-12 22:19:03 - [MESSAGE][PASSED] - Text '25987 Hill Top' is set on object 'Object Repository/AdminSuiteBootstrap_Pages/VT_Bootstrap/SaleKeyboard/input__address'

2024-07-12 22:19:03 - [MESSAGE][PASSED] - Text 'Suite 500' is set on object 'Object Repository/AdminSuiteBootstrap_Pages/VT_Bootstrap/SaleKeyboard/input__address2'

2024-07-12 22:19:04 - [MESSAGE][PASSED] - Text '22201' is set on object 'Object Repository/AdminSuiteBootstrap_Pages/VT_Bootstrap/SaleKeyboard/input__zip'

2024-07-12 22:19:05 - [MESSAGE][PASSED] - Text '' is set on object 'Object Repository/AdminSuiteBootstrap_Pages/VT_Bootstrap/SaleKeyboard/input_emailAddress'

2024-07-12 22:19:06 - [MESSAGE][PASSED] - Text '' is set on object 'Object Repository/AdminSuiteBootstrap_Pages/VT_Bootstrap/SaleKeyboard/input_smsNumber'

2024-07-12 22:19:07 - [MESSAGE][PASSED] - Text '10.50' is set on object 'Object Repository/AdminSuiteBootstrap_Pages/VT_Bootstrap/SaleKeyboard/input_amount'

2024-07-12 22:19:08 - [MESSAGE][PASSED] - Text 'Australia' is set on object 'Object Repository/AdminSuiteBootstrap_Pages/VT_Bootstrap/SaleKeyboard/input_userDefined1'

2024-07-12 22:19:08 - [MESSAGE][PASSED] - Text 'Denmark' is set on object 'Object Repository/AdminSuiteBootstrap_Pages/VT_Bootstrap/SaleKeyboard/input_userDefined2'

2024-07-12 22:19:09 - [MESSAGE][PASSED] - Text 'Sweden' is set on object 'Object Repository/AdminSuiteBootstrap_Pages/VT_Bootstrap/SaleKeyboard/input_userDefined3'

2024-07-12 22:19:10 - [MESSAGE][PASSED] - Text 'Austria' is set on object 'Object Repository/AdminSuiteBootstrap_Pages/VT_Bootstrap/SaleKeyboard/input_userDefined4'

2024-07-12 22:19:11 - [MESSAGE][PASSED] - All options with label 'Orange' are selected in object 'Object Repository/AdminSuiteBootstrap_Pages/VT_Bootstrap/SaleKeyboard/select_UDF5_DropDown'  using regular expression

2024-07-12 22:19:12 - [MESSAGE][PASSED] - All options with label 'Yellow' are selected in object 'Object Repository/AdminSuiteBootstrap_Pages/VT_Bootstrap/SaleKeyboard/select_UDF6_DropDown'  using regular expression

2024-07-12 22:19:12 - [MESSAGE][PASSED] - Text 'Norway' is set on object 'Object Repository/AdminSuiteBootstrap_Pages/VT_Bootstrap/SaleKeyboard/input_userDefined7'

2024-07-12 22:19:13 - [MESSAGE][PASSED] - Text 'Netherlands' is set on object 'Object Repository/AdminSuiteBootstrap_Pages/VT_Bootstrap/SaleKeyboard/input_userDefined8'

2024-07-12 22:19:14 - [MESSAGE][PASSED] - Text 'Switzerland' is set on object 'Object Repository/AdminSuiteBootstrap_Pages/VT_Bootstrap/SaleKeyboard/input_userDefined9'

2024-07-12 22:19:15 - [MESSAGE][PASSED] - Text 'France' is set on object 'Object Repository/AdminSuiteBootstrap_Pages/VT_Bootstrap/SaleKeyboard/input_userDefined10'

2024-07-12 22:19:16 - [MESSAGE][PASSED] - Object: 'Object Repository/AdminSuiteBootstrap_Pages/VT_Bootstrap/SaleKeyboard/button_Submit' is clicked on

2024-07-12 22:19:16 - [MESSAGE][PASSED] - adminSuiteBootstrap.virtualTerminalSetData.saleKeyboard_DataDriven is PASSED

2024-07-12 22:19:16 - [TEST_STEP][PASSED] - verifyTextPresent("Transaction Successful", true): Text 'Transaction Successful' is present on page  using regular expression

2024-07-12 22:19:17 - [MESSAGE][PASSED] - Text 'Transaction Successful' is present on page  using regular expression

2024-07-12 22:19:17 - [TEST_STEP][PASSED] - verifyElementVisible(findTestObject("Object Repository/AdminSuiteBootstrap_Pages/VT_Bootstrap/Receipt/button_Continue")): Object 'Object Repository/AdminSuiteBootstrap_Pages/VT_Bootstrap/Receipt/button_Continue' is visible

2024-07-12 22:19:17 - [MESSAGE][PASSED] - Object 'Object Repository/AdminSuiteBootstrap_Pages/VT_Bootstrap/Receipt/button_Continue' is visible

2024-07-12 22:19:17 - [TEST_STEP][PASSED] - verifyElementPresent(findTestObject("Object Repository/AdminSuiteBootstrap_Pages/VT_Bootstrap/Receipt/button_Continue"), 20): Object 'Object Repository/AdminSuiteBootstrap_Pages/VT_Bootstrap/Receipt/button_Continue' is present

2024-07-12 22:19:17 - [MESSAGE][PASSED] - Object 'Object Repository/AdminSuiteBootstrap_Pages/VT_Bootstrap/Receipt/button_Continue' is present

2024-07-12 22:19:17 - [TEST_STEP][PASSED] - verifyElementVisible(findTestObject("Object Repository/AdminSuiteBootstrap_Pages/VT_Bootstrap/Receipt/button_Print")): Object 'Object Repository/AdminSuiteBootstrap_Pages/VT_Bootstrap/Receipt/button_Print' is visible

2024-07-12 22:19:18 - [MESSAGE][PASSED] - Object 'Object Repository/AdminSuiteBootstrap_Pages/VT_Bootstrap/Receipt/button_Print' is visible

2024-07-12 22:19:18 - [TEST_STEP][PASSED] - verifyElementPresent(findTestObject("Object Repository/AdminSuiteBootstrap_Pages/VT_Bootstrap/Receipt/button_Print"), 20): Object 'Object Repository/AdminSuiteBootstrap_Pages/VT_Bootstrap/Receipt/button_Print' is present

2024-07-12 22:19:18 - [MESSAGE][PASSED] - Object 'Object Repository/AdminSuiteBootstrap_Pages/VT_Bootstrap/Receipt/button_Print' is present

2024-07-12 22:19:18 - [TEST_STEP][PASSED] - verifyTextPresent("Remittance ID", true): Text 'Remittance ID' is present on page  using regular expression

2024-07-12 22:19:18 - [MESSAGE][PASSED] - Text 'Remittance ID' is present on page  using regular expression

2024-07-12 22:19:18 - [TEST_STEP][PASSED] - verifyTextPresent("Received", true): Text 'Received' is present on page  using regular expression

2024-07-12 22:19:19 - [MESSAGE][PASSED] - Text 'Received' is present on page  using regular expression

2024-07-12 22:19:19 - [TEST_STEP][PASSED] - verifyTextPresent("UDF1", true): Text 'UDF1' is present on page  using regular expression

2024-07-12 22:19:19 - [MESSAGE][PASSED] - Text 'UDF1' is present on page  using regular expression

2024-07-12 22:19:19 - [TEST_STEP][PASSED] - verifyTextPresent("UDF2", true): Text 'UDF2' is present on page  using regular expression

2024-07-12 22:19:19 - [MESSAGE][PASSED] - Text 'UDF2' is present on page  using regular expression

2024-07-12 22:19:19 - [TEST_STEP][PASSED] - verifyTextPresent("UDF3", true): Text 'UDF3' is present on page  using regular expression

2024-07-12 22:19:20 - [MESSAGE][PASSED] - Text 'UDF3' is present on page  using regular expression

2024-07-12 22:19:20 - [TEST_STEP][PASSED] - verifyTextPresent("UDF4", true): Text 'UDF4' is present on page  using regular expression

2024-07-12 22:19:20 - [MESSAGE][PASSED] - Text 'UDF4' is present on page  using regular expression

2024-07-12 22:19:20 - [TEST_STEP][PASSED] - verifyTextPresent("UDF5", true): Text 'UDF5' is present on page  using regular expression

2024-07-12 22:19:20 - [MESSAGE][PASSED] - Text 'UDF5' is present on page  using regular expression

2024-07-12 22:19:20 - [TEST_STEP][PASSED] - verifyTextPresent("UDF6", true): Text 'UDF6' is present on page  using regular expression

2024-07-12 22:19:21 - [MESSAGE][PASSED] - Text 'UDF6' is present on page  using regular expression

2024-07-12 22:19:21 - [TEST_STEP][PASSED] - verifyTextPresent("UDF7", true): Text 'UDF7' is present on page  using regular expression

2024-07-12 22:19:21 - [MESSAGE][PASSED] - Text 'UDF7' is present on page  using regular expression

2024-07-12 22:19:21 - [TEST_STEP][PASSED] - verifyTextPresent("UDF8", true): Text 'UDF8' is present on page  using regular expression

2024-07-12 22:19:21 - [MESSAGE][PASSED] - Text 'UDF8' is present on page  using regular expression

2024-07-12 22:19:21 - [TEST_STEP][PASSED] - verifyTextPresent("UDF9", true): Text 'UDF9' is present on page  using regular expression

2024-07-12 22:19:22 - [MESSAGE][PASSED] - Text 'UDF9' is present on page  using regular expression

2024-07-12 22:19:22 - [TEST_STEP][PASSED] - verifyTextPresent("UDF 10", true): Text 'UDF 10' is present on page  using regular expression

2024-07-12 22:19:22 - [MESSAGE][PASSED] - Text 'UDF 10' is present on page  using regular expression

2024-07-12 22:19:22 - [TEST_STEP][PASSED] - verifyTextPresent("Australia", true): Text 'Australia' is present on page  using regular expression

2024-07-12 22:19:22 - [MESSAGE][PASSED] - Text 'Australia' is present on page  using regular expression

2024-07-12 22:19:22 - [TEST_STEP][PASSED] - verifyTextPresent("Denmark", true): Text 'Denmark' is present on page  using regular expression

2024-07-12 22:19:23 - [MESSAGE][PASSED] - Text 'Denmark' is present on page  using regular expression

2024-07-12 22:19:23 - [TEST_STEP][PASSED] - verifyTextPresent("Sweden", true): Text 'Sweden' is present on page  using regular expression

2024-07-12 22:19:23 - [MESSAGE][PASSED] - Text 'Sweden' is present on page  using regular expression

2024-07-12 22:19:23 - [TEST_STEP][PASSED] - verifyTextPresent("Austria", true): Text 'Austria' is present on page  using regular expression

2024-07-12 22:19:23 - [MESSAGE][PASSED] - Text 'Austria' is present on page  using regular expression

2024-07-12 22:19:23 - [TEST_STEP][PASSED] - verifyTextPresent("Orange Recorded", true): Text 'Orange Recorded' is present on page  using regular expression

2024-07-12 22:19:24 - [MESSAGE][PASSED] - Text 'Orange Recorded' is present on page  using regular expression

2024-07-12 22:19:24 - [TEST_STEP][PASSED] - verifyTextPresent("Yellow Recorded", true): Text 'Yellow Recorded' is present on page  using regular expression

2024-07-12 22:19:24 - [MESSAGE][PASSED] - Text 'Yellow Recorded' is present on page  using regular expression

2024-07-12 22:19:24 - [TEST_STEP][PASSED] - verifyTextPresent("Norway", true): Text 'Norway' is present on page  using regular expression

2024-07-12 22:19:24 - [MESSAGE][PASSED] - Text 'Norway' is present on page  using regular expression

2024-07-12 22:19:24 - [TEST_STEP][PASSED] - verifyTextPresent("Netherlands", true): Text 'Netherlands' is present on page  using regular expression

2024-07-12 22:19:25 - [MESSAGE][PASSED] - Text 'Netherlands' is present on page  using regular expression

2024-07-12 22:19:25 - [TEST_STEP][PASSED] - verifyTextPresent("Switzerland", true): Text 'Switzerland' is present on page  using regular expression

2024-07-12 22:19:25 - [MESSAGE][PASSED] - Text 'Switzerland' is present on page  using regular expression

2024-07-12 22:19:25 - [TEST_STEP][PASSED] - verifyTextPresent("France", true): Text 'France' is present on page  using regular expression

2024-07-12 22:19:25 - [MESSAGE][PASSED] - Text 'France' is present on page  using regular expression

2024-07-12 22:19:25 - [TEST_STEP][PASSED] - verifyTextPresent("Amount", true): Text 'Amount' is present on page  using regular expression

2024-07-12 22:19:26 - [MESSAGE][PASSED] - Text 'Amount' is present on page  using regular expression

2024-07-12 22:19:26 - [TEST_STEP][PASSED] - verifyTextPresent("Total Amount", true): Text 'Total Amount' is present on page  using regular expression

2024-07-12 22:19:26 - [MESSAGE][PASSED] - Text 'Total Amount' is present on page  using regular expression

2024-07-12 22:19:26 - [TEST_STEP][PASSED] - verifyTextPresent("Transaction Type", true): Text 'Transaction Type' is present on page  using regular expression

2024-07-12 22:19:26 - [MESSAGE][PASSED] - Text 'Transaction Type' is present on page  using regular expression

2024-07-12 22:19:26 - [TEST_STEP][PASSED] - verifyTextPresent("10.50", true): Text '10.50' is present on page  using regular expression

2024-07-12 22:19:27 - [MESSAGE][PASSED] - Text '10.50' is present on page  using regular expression

2024-07-12 22:19:27 - [TEST_STEP][PASSED] - verifyTextPresent("Authorization", true): Text 'Authorization' is present on page  using regular expression

2024-07-12 22:19:27 - [MESSAGE][PASSED] - Text 'Authorization' is present on page  using regular expression

2024-07-12 22:19:27 - [TEST_STEP][PASSED] - verifyTextPresent("Card Information", true): Text 'Card Information' is present on page  using regular expression

2024-07-12 22:19:27 - [MESSAGE][PASSED] - Text 'Card Information' is present on page  using regular expression

2024-07-12 22:19:27 - [TEST_STEP][PASSED] - cardNameV = findTestData(dataFile).getValue("CardNameV", row): null

2024-07-12 22:19:28 - [TEST_STEP][PASSED] - al1V = findTestData(dataFile).getValue("AL1", row): null

2024-07-12 22:19:28 - [TEST_STEP][PASSED] - al2V = findTestData(dataFile).getValue("AL2", row): null

2024-07-12 22:19:28 - [TEST_STEP][PASSED] - zipV = findTestData(dataFile).getValue("ZIP", row): null

2024-07-12 22:19:28 - [TEST_STEP][PASSED] - cardTypeV = findTestData(dataFile).getValue("CardType", row): null

2024-07-12 22:19:28 - [TEST_STEP][PASSED] - last4V = findTestData(dataFile).getValue("Last4", row): null

2024-07-12 22:19:28 - [TEST_STEP][PASSED] - verifyTextPresent(cardNameV, true): Text 'JANAKI JAMES' is present on page  using regular expression

2024-07-12 22:19:28 - [MESSAGE][PASSED] - Text 'JANAKI JAMES' is present on page  using regular expression

2024-07-12 22:19:28 - [TEST_STEP][PASSED] - verifyTextPresent("Address Line 1", true): Text 'Address Line 1' is present on page  using regular expression

2024-07-12 22:19:29 - [MESSAGE][PASSED] - Text 'Address Line 1' is present on page  using regular expression

2024-07-12 22:19:29 - [TEST_STEP][PASSED] - verifyTextPresent("Address Line 2", true): Text 'Address Line 2' is present on page  using regular expression

2024-07-12 22:19:29 - [MESSAGE][PASSED] - Text 'Address Line 2' is present on page  using regular expression

2024-07-12 22:19:29 - [TEST_STEP][PASSED] - verifyTextPresent("Country", true): Text 'Country' is present on page  using regular expression

2024-07-12 22:19:29 - [MESSAGE][PASSED] - Text 'Country' is present on page  using regular expression

2024-07-12 22:19:29 - [TEST_STEP][PASSED] - verifyTextPresent("City", true): Text 'City' is present on page  using regular expression

2024-07-12 22:19:30 - [MESSAGE][PASSED] - Text 'City' is present on page  using regular expression

2024-07-12 22:19:30 - [TEST_STEP][PASSED] - verifyTextPresent("State", true): Text 'State' is present on page  using regular expression

2024-07-12 22:19:30 - [MESSAGE][PASSED] - Text 'State' is present on page  using regular expression

2024-07-12 22:19:30 - [TEST_STEP][PASSED] - verifyTextPresent("ZIP Code", true): Text 'ZIP Code' is present on page  using regular expression

2024-07-12 22:19:30 - [MESSAGE][PASSED] - Text 'ZIP Code' is present on page  using regular expression

2024-07-12 22:19:30 - [TEST_STEP][PASSED] - verifyTextPresent(al1V, true): Text '25987 Hill Top' is present on page  using regular expression

2024-07-12 22:19:31 - [MESSAGE][PASSED] - Text '25987 Hill Top' is present on page  using regular expression

2024-07-12 22:19:31 - [TEST_STEP][PASSED] - verifyTextPresent(al2V, true): Text 'Suite 500' is present on page  using regular expression

2024-07-12 22:19:31 - [MESSAGE][PASSED] - Text 'Suite 500' is present on page  using regular expression

2024-07-12 22:19:31 - [TEST_STEP][PASSED] - verifyTextPresent("United States", true): Text 'United States' is present on page  using regular expression

2024-07-12 22:19:31 - [MESSAGE][PASSED] - Text 'United States' is present on page  using regular expression

2024-07-12 22:19:31 - [TEST_STEP][PASSED] - verifyTextPresent("ARLINGTON", true): Text 'ARLINGTON' is present on page  using regular expression

2024-07-12 22:19:32 - [MESSAGE][PASSED] - Text 'ARLINGTON' is present on page  using regular expression

2024-07-12 22:19:32 - [TEST_STEP][PASSED] - verifyTextPresent("Virginia", true): Text 'Virginia' is present on page  using regular expression

2024-07-12 22:19:32 - [MESSAGE][PASSED] - Text 'Virginia' is present on page  using regular expression

2024-07-12 22:19:32 - [TEST_STEP][PASSED] - verifyTextPresent(zipV, true): Text '22201' is present on page  using regular expression

2024-07-12 22:19:32 - [MESSAGE][PASSED] - Text '22201' is present on page  using regular expression

2024-07-12 22:19:32 - [TEST_STEP][PASSED] - verifyTextPresent(cardTypeV, true): Text 'Discover' is present on page  using regular expression

2024-07-12 22:19:33 - [MESSAGE][PASSED] - Text 'Discover' is present on page  using regular expression

2024-07-12 22:19:33 - [TEST_STEP][PASSED] - verifyTextPresent(last4V, true): Text '6909' is present on page  using regular expression

2024-07-12 22:19:33 - [MESSAGE][PASSED] - Text '6909' is present on page  using regular expression

2024-07-12 22:19:33 - [TEST_STEP][PASSED] - closeBrowser(): Browser is closed

2024-07-12 22:19:34 - [MESSAGE][PASSED] - Browser is closed]]></system-out>
         <system-err><![CDATA[]]></system-err>
      </testcase>
      <testcase name="Test Cases/Admin Suite Bootstrap/VT_TestCases/AuthKeyboard_TP_SingleCF_Generic_Payment_TC" time="466.625" classname="Test Cases/Admin Suite Bootstrap/VT_TestCases/AuthKeyboard_TP_SingleCF_Generic_Payment_TC" status="PASSED">
         <system-out><![CDATA[2024-07-12 22:19:34 - [TEST_CASE][PASSED] - Test Cases/Admin Suite Bootstrap/VT_TestCases/AuthKeyboard_TP_SingleCF_Generic_Payment_TC: Test Cases/Admin Suite Bootstrap/VT_TestCases/AuthKeyboard_TP_SingleCF_Generic_Payment_TC

2024-07-12 22:19:35 - [TEST_STEP][PASSED] - path_Dashboard = "Object Repository/AdminSuiteBootstrap_Pages/Dashboard_Bootstrap/": null

2024-07-12 22:19:35 - [TEST_STEP][PASSED] - path_VT = "Object Repository/AdminSuiteBootstrap_Pages/VT_Bootstrap/IssueTransactions/": null

2024-07-12 22:19:35 - [TEST_STEP][PASSED] - path_SaleKB = "Object Repository/AdminSuiteBootstrap_Pages/VT_Bootstrap/SaleKeyboard/": null

2024-07-12 22:19:35 - [TEST_STEP][PASSED] - path_TestMinus = "Object Repository/Page_TestMinusAndAtSigns/": null

2024-07-12 22:19:35 - [TEST_STEP][PASSED] - li_1 = vpos_Prefix: null

2024-07-12 22:19:35 - [TEST_STEP][PASSED] - li_2 = "/transactions/AuthOnlyForm/": null

2024-07-12 22:19:35 - [TEST_STEP][PASSED] - executionProfile = getExecutionProfile(): null

2024-07-12 22:19:35 - [TEST_STEP][PASSED] - out.println("executionProfile : " + executionProfile): null

2024-07-12 22:19:35 - [TEST_STEP][PASSED] - appName = <not implemented yet for class: org.codehaus.groovy.ast.expr.EmptyExpression>: null

2024-07-12 22:19:35 - [TEST_STEP][PASSED] - appID = <not implemented yet for class: org.codehaus.groovy.ast.expr.EmptyExpression>: null

2024-07-12 22:19:35 - [TEST_STEP][PASSED] - cardNameV = <not implemented yet for class: org.codehaus.groovy.ast.expr.EmptyExpression>: null

2024-07-12 22:19:35 - [TEST_STEP][PASSED] - al1V = <not implemented yet for class: org.codehaus.groovy.ast.expr.EmptyExpression>: null

2024-07-12 22:19:35 - [TEST_STEP][PASSED] - al2V = <not implemented yet for class: org.codehaus.groovy.ast.expr.EmptyExpression>: null

2024-07-12 22:19:35 - [TEST_STEP][PASSED] - zipV = <not implemented yet for class: org.codehaus.groovy.ast.expr.EmptyExpression>: null

2024-07-12 22:19:35 - [TEST_STEP][PASSED] - cardTypeV = <not implemented yet for class: org.codehaus.groovy.ast.expr.EmptyExpression>: null

2024-07-12 22:19:35 - [TEST_STEP][PASSED] - last4V = <not implemented yet for class: org.codehaus.groovy.ast.expr.EmptyExpression>: null

2024-07-12 22:19:35 - [TEST_STEP][PASSED] - resText = "Fail": null

2024-07-12 22:19:35 - [TEST_STEP][PASSED] - resColumn = "Result": null

2024-07-12 22:19:35 - [TEST_STEP][PASSED] - datCloumn = "Date": null

2024-07-12 22:19:35 - [TEST_STEP][PASSED] - fileLoc = "C:\KatalonData\Bootstrap\VT-Data.xlsx": null

2024-07-12 22:19:35 - [TEST_STEP][PASSED] - numOfRows = <not implemented yet for class: org.codehaus.groovy.ast.expr.EmptyExpression>: null

2024-07-12 22:19:35 - [TEST_STEP][PASSED] - dataFile = <not implemented yet for class: org.codehaus.groovy.ast.expr.EmptyExpression>: null

2024-07-12 22:19:35 - [TEST_STEP][PASSED] - nameSheet = <not implemented yet for class: org.codehaus.groovy.ast.expr.EmptyExpression>: null

2024-07-12 22:19:35 - [TEST_STEP][PASSED] - nameSheet = "VT-Auth-SingleCF-Generic": null

2024-07-12 22:19:35 - [TEST_STEP][PASSED] - numOfRows = findTestData("QA/Bootstrap/VT-TestData/VT-AuthData-SingleCF-Generic").getRowNumbers(): null

2024-07-12 22:19:35 - [TEST_STEP][PASSED] - println("Number of Records: " + numOfRows): null

2024-07-12 22:19:35 - [TEST_STEP][PASSED] - dataFile = "QA/Bootstrap/VT-TestData/VT-AuthData-SingleCF-Generic": null

2024-07-12 22:19:35 - [TEST_STEP][PASSED] - for ([row = 1, row <= numOfRows, (row++)]): Browser is closed

2024-07-12 22:19:35 - [TEST_STEP][PASSED] - ExecuteTC = findTestData(dataFile).getValue("Execute", row): null

2024-07-12 22:19:35 - [TEST_STEP][PASSED] - out.println("Value of Execute is : " + ExecuteTC): null

2024-07-12 22:19:35 - [TEST_STEP][PASSED] - switch (executionProfile): null

2024-07-12 22:19:35 - [TEST_STEP][PASSED] - case "QA2Profile":: null

2024-07-12 22:19:35 - [TEST_STEP][PASSED] - appName = findTestData(dataFile).getValue("AppNameQA", row): null

2024-07-12 22:19:35 - [TEST_STEP][PASSED] - appID = findTestData(dataFile).getValue("AppIDQA", row): null

2024-07-12 22:19:35 - [TEST_STEP][PASSED] - break: null

2024-07-12 22:19:35 - [TEST_STEP][PASSED] - hrefAppID = li_1 + appID + li_2: null

2024-07-12 22:19:35 - [TEST_STEP][PASSED] - hrefApp = li_1 + appID + "/": null

2024-07-12 22:19:35 - [TEST_STEP][PASSED] - println("hrefApp : " + hrefApp): null

2024-07-12 22:19:35 - [TEST_STEP][PASSED] - if (ExecuteTC.equalsIgnoreCase("Y")): Browser is closed

2024-07-12 22:19:35 - [TEST_STEP][PASSED] - out.println("Begin Record Number: " + row): null

2024-07-12 22:19:35 - [TEST_STEP][PASSED] - today = new java.util.Date(): null

2024-07-12 22:19:35 - [TEST_STEP][PASSED] - println(today): null

2024-07-12 22:19:35 - [TEST_STEP][PASSED] - datText = today: null

2024-07-12 22:19:35 - [TEST_STEP][PASSED] - adminSuiteBootstrap.loginFunctionality.login_AdminSuite(): adminSuiteBootstrap.loginFunctionality.login_AdminSuite is PASSED

2024-07-12 22:19:35 - [MESSAGE][INFO] - Starting 'Chrome' driver

2024-07-12 22:19:35 - [MESSAGE][INFO] - User set preference: ['acceptInsecureCerts', 'true']

2024-07-12 22:19:35 - [MESSAGE][INFO] - Action delay is set to 0 milliseconds

2024-07-12 22:19:38 - [MESSAGE][PASSED] - Browser is opened with url: 'https://qa2.velocitypayment.com/admin/imtiaz'

2024-07-12 22:19:38 - [MESSAGE][PASSED] - Current window maximized

2024-07-12 22:19:39 - [MESSAGE][PASSED] - Object 'Object Repository/Login_Page/Login_Username_Okta' is present

2024-07-12 22:19:40 - [MESSAGE][PASSED] - Text 'iahmed' is set on object 'Object Repository/Login_Page/Login_Username_Okta'

2024-07-12 22:19:41 - [MESSAGE][PASSED] - Text 'Hello!6666666' is set on object 'Object Repository/Login_Page/Login_Password_Okta'

2024-07-12 22:19:41 - [MESSAGE][PASSED] - Object: 'Object Repository/Login_Page/Login_Submit_Okta' is clicked on

2024-07-12 22:19:41 - [MESSAGE][PASSED] - adminSuiteBootstrap.loginFunctionality.login_AdminSuite is PASSED

2024-07-12 22:19:41 - [TEST_STEP][PASSED] - click(findTestObject(path_Dashboard + appName)): Object: 'Object Repository/AdminSuiteBootstrap_Pages/Dashboard_Bootstrap/a_Access AutoSingleCFtpQA' is clicked on

2024-07-12 22:19:49 - [MESSAGE][PASSED] - Object: 'Object Repository/AdminSuiteBootstrap_Pages/Dashboard_Bootstrap/a_Access AutoSingleCFtpQA' is clicked on

2024-07-12 22:19:49 - [TEST_STEP][PASSED] - click(findTestObject(path_VT + "button_Authorization Only")): Object: 'Object Repository/AdminSuiteBootstrap_Pages/VT_Bootstrap/IssueTransactions/button_Authorization Only' is clicked on

2024-07-12 22:19:50 - [MESSAGE][PASSED] - Object: 'Object Repository/AdminSuiteBootstrap_Pages/VT_Bootstrap/IssueTransactions/button_Authorization Only' is clicked on

2024-07-12 22:19:50 - [TEST_STEP][PASSED] - authOnlyKeyboardEntryLink = modifyObjectProperty(findTestObject(path_VT + "a_KeyboardEntry_Sale"), "href", "equals", hrefAppID, true): Modify property of object successfully

2024-07-12 22:19:50 - [MESSAGE][PASSED] - Modify property of object successfully

2024-07-12 22:19:50 - [TEST_STEP][PASSED] - click(authOnlyKeyboardEntryLink): Object: 'Object Repository/AdminSuiteBootstrap_Pages/VT_Bootstrap/IssueTransactions/a_KeyboardEntry_Sale' is clicked on

2024-07-12 22:19:51 - [MESSAGE][PASSED] - Object: 'Object Repository/AdminSuiteBootstrap_Pages/VT_Bootstrap/IssueTransactions/a_KeyboardEntry_Sale' is clicked on

2024-07-12 22:19:51 - [TEST_STEP][PASSED] - adminSuiteBootstrap.virtualTerminalSetData.saleKeyboard_DataDriven(row, dataFile): adminSuiteBootstrap.virtualTerminalSetData.saleKeyboard_DataDriven is PASSED

2024-07-12 22:19:54 - [MESSAGE][PASSED] - Text 'Tulsi Raman' is set on object 'Object Repository/AdminSuiteBootstrap_Pages/VT_Bootstrap/SaleKeyboard/input_cardName'

2024-07-12 22:19:55 - [MESSAGE][PASSED] - All options with value 'RETL' are selected in object 'Object Repository/AdminSuiteBootstrap_Pages/VT_Bootstrap/SaleKeyboard/select_transactionCategory'  using regular expression

2024-07-12 22:19:56 - [MESSAGE][PASSED] - Execute JavaScript 'arguments[0].value ='4012000098765439' ' successfully

2024-07-12 22:19:56 - [MESSAGE][PASSED] - Execute JavaScript 'arguments[0].value ='123' ' successfully

2024-07-12 22:19:57 - [MESSAGE][PASSED] - All options with value '12' are selected in object 'Object Repository/AdminSuiteBootstrap_Pages/VT_Bootstrap/SaleKeyboard/select_MM'  using regular expression

2024-07-12 22:19:59 - [MESSAGE][PASSED] - All options with value '2025' are selected in object 'Object Repository/AdminSuiteBootstrap_Pages/VT_Bootstrap/SaleKeyboard/select_YYYY'  using regular expression

2024-07-12 22:19:59 - [MESSAGE][PASSED] - Text '36 Cornor Road' is set on object 'Object Repository/AdminSuiteBootstrap_Pages/VT_Bootstrap/SaleKeyboard/input__address'

2024-07-12 22:20:00 - [MESSAGE][PASSED] - Text 'Suite 500' is set on object 'Object Repository/AdminSuiteBootstrap_Pages/VT_Bootstrap/SaleKeyboard/input__address2'

2024-07-12 22:20:01 - [MESSAGE][PASSED] - Text '22201' is set on object 'Object Repository/AdminSuiteBootstrap_Pages/VT_Bootstrap/SaleKeyboard/input__zip'

2024-07-12 22:20:01 - [MESSAGE][PASSED] - Text '' is set on object 'Object Repository/AdminSuiteBootstrap_Pages/VT_Bootstrap/SaleKeyboard/input_emailAddress'

2024-07-12 22:20:03 - [MESSAGE][PASSED] - Text '' is set on object 'Object Repository/AdminSuiteBootstrap_Pages/VT_Bootstrap/SaleKeyboard/input_smsNumber'

2024-07-12 22:20:03 - [MESSAGE][PASSED] - Text '10.50' is set on object 'Object Repository/AdminSuiteBootstrap_Pages/VT_Bootstrap/SaleKeyboard/input_amount'

2024-07-12 22:20:05 - [MESSAGE][PASSED] - Text 'Australia' is set on object 'Object Repository/AdminSuiteBootstrap_Pages/VT_Bootstrap/SaleKeyboard/input_userDefined1'

2024-07-12 22:20:05 - [MESSAGE][PASSED] - Text 'Denmark' is set on object 'Object Repository/AdminSuiteBootstrap_Pages/VT_Bootstrap/SaleKeyboard/input_userDefined2'

2024-07-12 22:20:06 - [MESSAGE][PASSED] - Text 'Sweden' is set on object 'Object Repository/AdminSuiteBootstrap_Pages/VT_Bootstrap/SaleKeyboard/input_userDefined3'

2024-07-12 22:20:07 - [MESSAGE][PASSED] - Text 'Austria' is set on object 'Object Repository/AdminSuiteBootstrap_Pages/VT_Bootstrap/SaleKeyboard/input_userDefined4'

2024-07-12 22:20:08 - [MESSAGE][PASSED] - All options with label 'Orange' are selected in object 'Object Repository/AdminSuiteBootstrap_Pages/VT_Bootstrap/SaleKeyboard/select_UDF5_DropDown'  using regular expression

2024-07-12 22:20:09 - [MESSAGE][PASSED] - All options with label 'Yellow' are selected in object 'Object Repository/AdminSuiteBootstrap_Pages/VT_Bootstrap/SaleKeyboard/select_UDF6_DropDown'  using regular expression

2024-07-12 22:20:10 - [MESSAGE][PASSED] - Text 'Norway' is set on object 'Object Repository/AdminSuiteBootstrap_Pages/VT_Bootstrap/SaleKeyboard/input_userDefined7'

2024-07-12 22:20:10 - [MESSAGE][PASSED] - Text 'Netherlands' is set on object 'Object Repository/AdminSuiteBootstrap_Pages/VT_Bootstrap/SaleKeyboard/input_userDefined8'

2024-07-12 22:20:11 - [MESSAGE][PASSED] - Text 'Switzerland' is set on object 'Object Repository/AdminSuiteBootstrap_Pages/VT_Bootstrap/SaleKeyboard/input_userDefined9'

2024-07-12 22:20:12 - [MESSAGE][PASSED] - Text 'France' is set on object 'Object Repository/AdminSuiteBootstrap_Pages/VT_Bootstrap/SaleKeyboard/input_userDefined10'

2024-07-12 22:20:13 - [MESSAGE][PASSED] - Object: 'Object Repository/AdminSuiteBootstrap_Pages/VT_Bootstrap/SaleKeyboard/button_Submit' is clicked on

2024-07-12 22:20:13 - [MESSAGE][PASSED] - adminSuiteBootstrap.virtualTerminalSetData.saleKeyboard_DataDriven is PASSED

2024-07-12 22:20:13 - [TEST_STEP][PASSED] - verifyTextPresent("Transaction Successful", true): Text 'Transaction Successful' is present on page  using regular expression

2024-07-12 22:20:14 - [MESSAGE][PASSED] - Text 'Transaction Successful' is present on page  using regular expression

2024-07-12 22:20:14 - [TEST_STEP][PASSED] - verifyElementVisible(findTestObject("Object Repository/AdminSuiteBootstrap_Pages/VT_Bootstrap/Receipt/button_Continue")): Object 'Object Repository/AdminSuiteBootstrap_Pages/VT_Bootstrap/Receipt/button_Continue' is visible

2024-07-12 22:20:14 - [MESSAGE][PASSED] - Object 'Object Repository/AdminSuiteBootstrap_Pages/VT_Bootstrap/Receipt/button_Continue' is visible

2024-07-12 22:20:14 - [TEST_STEP][PASSED] - verifyElementPresent(findTestObject("Object Repository/AdminSuiteBootstrap_Pages/VT_Bootstrap/Receipt/button_Continue"), 20): Object 'Object Repository/AdminSuiteBootstrap_Pages/VT_Bootstrap/Receipt/button_Continue' is present

2024-07-12 22:20:14 - [MESSAGE][PASSED] - Object 'Object Repository/AdminSuiteBootstrap_Pages/VT_Bootstrap/Receipt/button_Continue' is present

2024-07-12 22:20:14 - [TEST_STEP][PASSED] - verifyElementVisible(findTestObject("Object Repository/AdminSuiteBootstrap_Pages/VT_Bootstrap/Receipt/button_Print")): Object 'Object Repository/AdminSuiteBootstrap_Pages/VT_Bootstrap/Receipt/button_Print' is visible

2024-07-12 22:20:15 - [MESSAGE][PASSED] - Object 'Object Repository/AdminSuiteBootstrap_Pages/VT_Bootstrap/Receipt/button_Print' is visible

2024-07-12 22:20:15 - [TEST_STEP][PASSED] - verifyElementPresent(findTestObject("Object Repository/AdminSuiteBootstrap_Pages/VT_Bootstrap/Receipt/button_Print"), 20): Object 'Object Repository/AdminSuiteBootstrap_Pages/VT_Bootstrap/Receipt/button_Print' is present

2024-07-12 22:20:15 - [MESSAGE][PASSED] - Object 'Object Repository/AdminSuiteBootstrap_Pages/VT_Bootstrap/Receipt/button_Print' is present

2024-07-12 22:20:15 - [TEST_STEP][PASSED] - verifyTextPresent("Remittance ID", true): Text 'Remittance ID' is present on page  using regular expression

2024-07-12 22:20:15 - [MESSAGE][PASSED] - Text 'Remittance ID' is present on page  using regular expression

2024-07-12 22:20:15 - [TEST_STEP][PASSED] - verifyTextPresent("Received", true): Text 'Received' is present on page  using regular expression

2024-07-12 22:20:16 - [MESSAGE][PASSED] - Text 'Received' is present on page  using regular expression

2024-07-12 22:20:16 - [TEST_STEP][PASSED] - verifyTextPresent("UDF1", true): Text 'UDF1' is present on page  using regular expression

2024-07-12 22:20:16 - [MESSAGE][PASSED] - Text 'UDF1' is present on page  using regular expression

2024-07-12 22:20:16 - [TEST_STEP][PASSED] - verifyTextPresent("UDF2", true): Text 'UDF2' is present on page  using regular expression

2024-07-12 22:20:17 - [MESSAGE][PASSED] - Text 'UDF2' is present on page  using regular expression

2024-07-12 22:20:17 - [TEST_STEP][PASSED] - verifyTextPresent("UDF3", true): Text 'UDF3' is present on page  using regular expression

2024-07-12 22:20:17 - [MESSAGE][PASSED] - Text 'UDF3' is present on page  using regular expression

2024-07-12 22:20:17 - [TEST_STEP][PASSED] - verifyTextPresent("UDF4", true): Text 'UDF4' is present on page  using regular expression

2024-07-12 22:20:17 - [MESSAGE][PASSED] - Text 'UDF4' is present on page  using regular expression

2024-07-12 22:20:17 - [TEST_STEP][PASSED] - verifyTextPresent("UDF5", true): Text 'UDF5' is present on page  using regular expression

2024-07-12 22:20:17 - [MESSAGE][PASSED] - Text 'UDF5' is present on page  using regular expression

2024-07-12 22:20:17 - [TEST_STEP][PASSED] - verifyTextPresent("UDF6", true): Text 'UDF6' is present on page  using regular expression

2024-07-12 22:20:18 - [MESSAGE][PASSED] - Text 'UDF6' is present on page  using regular expression

2024-07-12 22:20:18 - [TEST_STEP][PASSED] - verifyTextPresent("UDF7", true): Text 'UDF7' is present on page  using regular expression

2024-07-12 22:20:18 - [MESSAGE][PASSED] - Text 'UDF7' is present on page  using regular expression

2024-07-12 22:20:18 - [TEST_STEP][PASSED] - verifyTextPresent("UDF8", true): Text 'UDF8' is present on page  using regular expression

2024-07-12 22:20:18 - [MESSAGE][PASSED] - Text 'UDF8' is present on page  using regular expression

2024-07-12 22:20:18 - [TEST_STEP][PASSED] - verifyTextPresent("UDF9", true): Text 'UDF9' is present on page  using regular expression

2024-07-12 22:20:19 - [MESSAGE][PASSED] - Text 'UDF9' is present on page  using regular expression

2024-07-12 22:20:19 - [TEST_STEP][PASSED] - verifyTextPresent("UDF 10", true): Text 'UDF 10' is present on page  using regular expression

2024-07-12 22:20:19 - [MESSAGE][PASSED] - Text 'UDF 10' is present on page  using regular expression

2024-07-12 22:20:19 - [TEST_STEP][PASSED] - verifyTextPresent("Australia", true): Text 'Australia' is present on page  using regular expression

2024-07-12 22:20:19 - [MESSAGE][PASSED] - Text 'Australia' is present on page  using regular expression

2024-07-12 22:20:19 - [TEST_STEP][PASSED] - verifyTextPresent("Denmark", true): Text 'Denmark' is present on page  using regular expression

2024-07-12 22:20:20 - [MESSAGE][PASSED] - Text 'Denmark' is present on page  using regular expression

2024-07-12 22:20:20 - [TEST_STEP][PASSED] - verifyTextPresent("Sweden", true): Text 'Sweden' is present on page  using regular expression

2024-07-12 22:20:20 - [MESSAGE][PASSED] - Text 'Sweden' is present on page  using regular expression

2024-07-12 22:20:20 - [TEST_STEP][PASSED] - verifyTextPresent("Austria", true): Text 'Austria' is present on page  using regular expression

2024-07-12 22:20:20 - [MESSAGE][PASSED] - Text 'Austria' is present on page  using regular expression

2024-07-12 22:20:20 - [TEST_STEP][PASSED] - verifyTextPresent("Orange Recorded", true): Text 'Orange Recorded' is present on page  using regular expression

2024-07-12 22:20:21 - [MESSAGE][PASSED] - Text 'Orange Recorded' is present on page  using regular expression

2024-07-12 22:20:21 - [TEST_STEP][PASSED] - verifyTextPresent("Yellow Recorded", true): Text 'Yellow Recorded' is present on page  using regular expression

2024-07-12 22:20:21 - [MESSAGE][PASSED] - Text 'Yellow Recorded' is present on page  using regular expression

2024-07-12 22:20:21 - [TEST_STEP][PASSED] - verifyTextPresent("Norway", true): Text 'Norway' is present on page  using regular expression

2024-07-12 22:20:21 - [MESSAGE][PASSED] - Text 'Norway' is present on page  using regular expression

2024-07-12 22:20:21 - [TEST_STEP][PASSED] - verifyTextPresent("Netherlands", true): Text 'Netherlands' is present on page  using regular expression

2024-07-12 22:20:22 - [MESSAGE][PASSED] - Text 'Netherlands' is present on page  using regular expression

2024-07-12 22:20:22 - [TEST_STEP][PASSED] - verifyTextPresent("Switzerland", true): Text 'Switzerland' is present on page  using regular expression

2024-07-12 22:20:22 - [MESSAGE][PASSED] - Text 'Switzerland' is present on page  using regular expression

2024-07-12 22:20:22 - [TEST_STEP][PASSED] - verifyTextPresent("France", true): Text 'France' is present on page  using regular expression

2024-07-12 22:20:22 - [MESSAGE][PASSED] - Text 'France' is present on page  using regular expression

2024-07-12 22:20:22 - [TEST_STEP][PASSED] - verifyTextPresent("Amount", true): Text 'Amount' is present on page  using regular expression

2024-07-12 22:20:23 - [MESSAGE][PASSED] - Text 'Amount' is present on page  using regular expression

2024-07-12 22:20:23 - [TEST_STEP][PASSED] - verifyTextPresent("Service Fee", true): Text 'Service Fee' is present on page  using regular expression

2024-07-12 22:20:23 - [MESSAGE][PASSED] - Text 'Service Fee' is present on page  using regular expression

2024-07-12 22:20:23 - [TEST_STEP][PASSED] - verifyTextPresent("Service Fee Type", true): Text 'Service Fee Type' is present on page  using regular expression

2024-07-12 22:20:23 - [MESSAGE][PASSED] - Text 'Service Fee Type' is present on page  using regular expression

2024-07-12 22:20:23 - [TEST_STEP][PASSED] - verifyTextPresent("Total Amount", true): Text 'Total Amount' is present on page  using regular expression

2024-07-12 22:20:24 - [MESSAGE][PASSED] - Text 'Total Amount' is present on page  using regular expression

2024-07-12 22:20:24 - [TEST_STEP][PASSED] - verifyTextPresent("Transaction Type", true): Text 'Transaction Type' is present on page  using regular expression

2024-07-12 22:20:24 - [MESSAGE][PASSED] - Text 'Transaction Type' is present on page  using regular expression

2024-07-12 22:20:24 - [TEST_STEP][PASSED] - verifyTextPresent("10.50", true): Text '10.50' is present on page  using regular expression

2024-07-12 22:20:24 - [MESSAGE][PASSED] - Text '10.50' is present on page  using regular expression

2024-07-12 22:20:24 - [TEST_STEP][PASSED] - verifyTextPresent("5.00", true): Text '5.00' is present on page  using regular expression

2024-07-12 22:20:25 - [MESSAGE][PASSED] - Text '5.00' is present on page  using regular expression

2024-07-12 22:20:25 - [TEST_STEP][PASSED] - verifyTextPresent("Single Transaction", true): Text 'Single Transaction' is present on page  using regular expression

2024-07-12 22:20:25 - [MESSAGE][PASSED] - Text 'Single Transaction' is present on page  using regular expression

2024-07-12 22:20:25 - [TEST_STEP][PASSED] - verifyTextPresent("15.50", true): Text '15.50' is present on page  using regular expression

2024-07-12 22:20:25 - [MESSAGE][PASSED] - Text '15.50' is present on page  using regular expression

2024-07-12 22:20:25 - [TEST_STEP][PASSED] - verifyTextPresent("Authorization", true): Text 'Authorization' is present on page  using regular expression

2024-07-12 22:20:26 - [MESSAGE][PASSED] - Text 'Authorization' is present on page  using regular expression

2024-07-12 22:20:26 - [TEST_STEP][PASSED] - verifyTextPresent("Card Information", true): Text 'Card Information' is present on page  using regular expression

2024-07-12 22:20:26 - [MESSAGE][PASSED] - Text 'Card Information' is present on page  using regular expression

2024-07-12 22:20:26 - [TEST_STEP][PASSED] - cardNameV = findTestData(dataFile).getValue("CardNameV", row): null

2024-07-12 22:20:26 - [TEST_STEP][PASSED] - al1V = findTestData(dataFile).getValue("AL1", row): null

2024-07-12 22:20:26 - [TEST_STEP][PASSED] - al2V = findTestData(dataFile).getValue("AL2", row): null

2024-07-12 22:20:26 - [TEST_STEP][PASSED] - zipV = findTestData(dataFile).getValue("ZIP", row): null

2024-07-12 22:20:27 - [TEST_STEP][PASSED] - cardTypeV = findTestData(dataFile).getValue("CardType", row): null

2024-07-12 22:20:27 - [TEST_STEP][PASSED] - last4V = findTestData(dataFile).getValue("Last4", row): null

2024-07-12 22:20:27 - [TEST_STEP][PASSED] - verifyTextPresent(cardNameV, true): Text 'TULSI RAMAN' is present on page  using regular expression

2024-07-12 22:20:27 - [MESSAGE][PASSED] - Text 'TULSI RAMAN' is present on page  using regular expression

2024-07-12 22:20:27 - [TEST_STEP][PASSED] - verifyTextPresent("Address Line 1", true): Text 'Address Line 1' is present on page  using regular expression

2024-07-12 22:20:27 - [MESSAGE][PASSED] - Text 'Address Line 1' is present on page  using regular expression

2024-07-12 22:20:27 - [TEST_STEP][PASSED] - verifyTextPresent("Address Line 2", true): Text 'Address Line 2' is present on page  using regular expression

2024-07-12 22:20:28 - [MESSAGE][PASSED] - Text 'Address Line 2' is present on page  using regular expression

2024-07-12 22:20:28 - [TEST_STEP][PASSED] - verifyTextPresent("Country", true): Text 'Country' is present on page  using regular expression

2024-07-12 22:20:28 - [MESSAGE][PASSED] - Text 'Country' is present on page  using regular expression

2024-07-12 22:20:28 - [TEST_STEP][PASSED] - verifyTextPresent("City", true): Text 'City' is present on page  using regular expression

2024-07-12 22:20:28 - [MESSAGE][PASSED] - Text 'City' is present on page  using regular expression

2024-07-12 22:20:28 - [TEST_STEP][PASSED] - verifyTextPresent("State", true): Text 'State' is present on page  using regular expression

2024-07-12 22:20:29 - [MESSAGE][PASSED] - Text 'State' is present on page  using regular expression

2024-07-12 22:20:29 - [TEST_STEP][PASSED] - verifyTextPresent("ZIP Code", true): Text 'ZIP Code' is present on page  using regular expression

2024-07-12 22:20:29 - [MESSAGE][PASSED] - Text 'ZIP Code' is present on page  using regular expression

2024-07-12 22:20:29 - [TEST_STEP][PASSED] - verifyTextPresent(al1V, true): Text '36 Cornor Road' is present on page  using regular expression

2024-07-12 22:20:29 - [MESSAGE][PASSED] - Text '36 Cornor Road' is present on page  using regular expression

2024-07-12 22:20:29 - [TEST_STEP][PASSED] - verifyTextPresent(al2V, true): Text 'Suite 500' is present on page  using regular expression

2024-07-12 22:20:30 - [MESSAGE][PASSED] - Text 'Suite 500' is present on page  using regular expression

2024-07-12 22:20:30 - [TEST_STEP][PASSED] - verifyTextPresent("United States", true): Text 'United States' is present on page  using regular expression

2024-07-12 22:20:30 - [MESSAGE][PASSED] - Text 'United States' is present on page  using regular expression

2024-07-12 22:20:30 - [TEST_STEP][PASSED] - verifyTextPresent("ARLINGTON", true): Text 'ARLINGTON' is present on page  using regular expression

2024-07-12 22:20:30 - [MESSAGE][PASSED] - Text 'ARLINGTON' is present on page  using regular expression

2024-07-12 22:20:30 - [TEST_STEP][PASSED] - verifyTextPresent("Virginia", true): Text 'Virginia' is present on page  using regular expression

2024-07-12 22:20:31 - [MESSAGE][PASSED] - Text 'Virginia' is present on page  using regular expression

2024-07-12 22:20:31 - [TEST_STEP][PASSED] - verifyTextPresent(zipV, true): Text '22201' is present on page  using regular expression

2024-07-12 22:20:31 - [MESSAGE][PASSED] - Text '22201' is present on page  using regular expression

2024-07-12 22:20:31 - [TEST_STEP][PASSED] - verifyTextPresent(cardTypeV, true): Text 'Visa' is present on page  using regular expression

2024-07-12 22:20:31 - [MESSAGE][PASSED] - Text 'Visa' is present on page  using regular expression

2024-07-12 22:20:31 - [TEST_STEP][PASSED] - verifyTextPresent(last4V, true): Text '5439' is present on page  using regular expression

2024-07-12 22:20:32 - [MESSAGE][PASSED] - Text '5439' is present on page  using regular expression

2024-07-12 22:20:32 - [TEST_STEP][PASSED] - closeBrowser(): Browser is closed

2024-07-12 22:20:33 - [MESSAGE][PASSED] - Browser is closed

2024-07-12 22:20:33 - [TEST_STEP][PASSED] - ExecuteTC = findTestData(dataFile).getValue("Execute", row): null

2024-07-12 22:20:33 - [TEST_STEP][PASSED] - out.println("Value of Execute is : " + ExecuteTC): null

2024-07-12 22:20:33 - [TEST_STEP][PASSED] - switch (executionProfile): null

2024-07-12 22:20:33 - [TEST_STEP][PASSED] - case "QA2Profile":: null

2024-07-12 22:20:33 - [TEST_STEP][PASSED] - appName = findTestData(dataFile).getValue("AppNameQA", row): null

2024-07-12 22:20:33 - [TEST_STEP][PASSED] - appID = findTestData(dataFile).getValue("AppIDQA", row): null

2024-07-12 22:20:33 - [TEST_STEP][PASSED] - break: null

2024-07-12 22:20:33 - [TEST_STEP][PASSED] - hrefAppID = li_1 + appID + li_2: null

2024-07-12 22:20:33 - [TEST_STEP][PASSED] - hrefApp = li_1 + appID + "/": null

2024-07-12 22:20:33 - [TEST_STEP][PASSED] - println("hrefApp : " + hrefApp): null

2024-07-12 22:20:33 - [TEST_STEP][PASSED] - if (ExecuteTC.equalsIgnoreCase("Y")): Browser is closed

2024-07-12 22:20:33 - [TEST_STEP][PASSED] - out.println("Begin Record Number: " + row): null

2024-07-12 22:20:33 - [TEST_STEP][PASSED] - today = new java.util.Date(): null

2024-07-12 22:20:33 - [TEST_STEP][PASSED] - println(today): null

2024-07-12 22:20:33 - [TEST_STEP][PASSED] - datText = today: null

2024-07-12 22:20:33 - [TEST_STEP][PASSED] - adminSuiteBootstrap.loginFunctionality.login_AdminSuite(): adminSuiteBootstrap.loginFunctionality.login_AdminSuite is PASSED

2024-07-12 22:20:33 - [MESSAGE][INFO] - Starting 'Chrome' driver

2024-07-12 22:20:33 - [MESSAGE][INFO] - User set preference: ['acceptInsecureCerts', 'true']

2024-07-12 22:20:33 - [MESSAGE][INFO] - Action delay is set to 0 milliseconds

2024-07-12 22:20:36 - [MESSAGE][PASSED] - Browser is opened with url: 'https://qa2.velocitypayment.com/admin/imtiaz'

2024-07-12 22:20:36 - [MESSAGE][PASSED] - Current window maximized

2024-07-12 22:20:37 - [MESSAGE][PASSED] - Object 'Object Repository/Login_Page/Login_Username_Okta' is present

2024-07-12 22:20:38 - [MESSAGE][PASSED] - Text 'iahmed' is set on object 'Object Repository/Login_Page/Login_Username_Okta'

2024-07-12 22:20:39 - [MESSAGE][PASSED] - Text 'Hello!6666666' is set on object 'Object Repository/Login_Page/Login_Password_Okta'

2024-07-12 22:20:39 - [MESSAGE][PASSED] - Object: 'Object Repository/Login_Page/Login_Submit_Okta' is clicked on

2024-07-12 22:20:39 - [MESSAGE][PASSED] - adminSuiteBootstrap.loginFunctionality.login_AdminSuite is PASSED

2024-07-12 22:20:39 - [TEST_STEP][PASSED] - click(findTestObject(path_Dashboard + appName)): Object: 'Object Repository/AdminSuiteBootstrap_Pages/Dashboard_Bootstrap/a_Access AutoSingleCFtpQA' is clicked on

2024-07-12 22:20:48 - [MESSAGE][PASSED] - Object: 'Object Repository/AdminSuiteBootstrap_Pages/Dashboard_Bootstrap/a_Access AutoSingleCFtpQA' is clicked on

2024-07-12 22:20:48 - [TEST_STEP][PASSED] - click(findTestObject(path_VT + "button_Authorization Only")): Object: 'Object Repository/AdminSuiteBootstrap_Pages/VT_Bootstrap/IssueTransactions/button_Authorization Only' is clicked on

2024-07-12 22:20:48 - [MESSAGE][PASSED] - Object: 'Object Repository/AdminSuiteBootstrap_Pages/VT_Bootstrap/IssueTransactions/button_Authorization Only' is clicked on

2024-07-12 22:20:48 - [TEST_STEP][PASSED] - authOnlyKeyboardEntryLink = modifyObjectProperty(findTestObject(path_VT + "a_KeyboardEntry_Sale"), "href", "equals", hrefAppID, true): Modify property of object successfully

2024-07-12 22:20:48 - [MESSAGE][PASSED] - Modify property of object successfully

2024-07-12 22:20:48 - [TEST_STEP][PASSED] - click(authOnlyKeyboardEntryLink): Object: 'Object Repository/AdminSuiteBootstrap_Pages/VT_Bootstrap/IssueTransactions/a_KeyboardEntry_Sale' is clicked on

2024-07-12 22:20:49 - [MESSAGE][PASSED] - Object: 'Object Repository/AdminSuiteBootstrap_Pages/VT_Bootstrap/IssueTransactions/a_KeyboardEntry_Sale' is clicked on

2024-07-12 22:20:49 - [TEST_STEP][PASSED] - adminSuiteBootstrap.virtualTerminalSetData.saleKeyboard_DataDriven(row, dataFile): adminSuiteBootstrap.virtualTerminalSetData.saleKeyboard_DataDriven is PASSED

2024-07-12 22:20:52 - [MESSAGE][PASSED] - Text 'Tulsi Raman' is set on object 'Object Repository/AdminSuiteBootstrap_Pages/VT_Bootstrap/SaleKeyboard/input_cardName'

2024-07-12 22:20:53 - [MESSAGE][PASSED] - All options with value 'RETL' are selected in object 'Object Repository/AdminSuiteBootstrap_Pages/VT_Bootstrap/SaleKeyboard/select_transactionCategory'  using regular expression

2024-07-12 22:20:54 - [MESSAGE][PASSED] - Execute JavaScript 'arguments[0].value ='5146312200000035' ' successfully

2024-07-12 22:20:54 - [MESSAGE][PASSED] - Execute JavaScript 'arguments[0].value ='123' ' successfully

2024-07-12 22:20:55 - [MESSAGE][PASSED] - All options with value '12' are selected in object 'Object Repository/AdminSuiteBootstrap_Pages/VT_Bootstrap/SaleKeyboard/select_MM'  using regular expression

2024-07-12 22:20:57 - [MESSAGE][PASSED] - All options with value '2025' are selected in object 'Object Repository/AdminSuiteBootstrap_Pages/VT_Bootstrap/SaleKeyboard/select_YYYY'  using regular expression

2024-07-12 22:20:57 - [MESSAGE][PASSED] - Text '1478 Jhatka Palace' is set on object 'Object Repository/AdminSuiteBootstrap_Pages/VT_Bootstrap/SaleKeyboard/input__address'

2024-07-12 22:20:58 - [MESSAGE][PASSED] - Text 'Suite 500' is set on object 'Object Repository/AdminSuiteBootstrap_Pages/VT_Bootstrap/SaleKeyboard/input__address2'

2024-07-12 22:20:59 - [MESSAGE][PASSED] - Text '22201' is set on object 'Object Repository/AdminSuiteBootstrap_Pages/VT_Bootstrap/SaleKeyboard/input__zip'

2024-07-12 22:20:59 - [MESSAGE][PASSED] - Text '' is set on object 'Object Repository/AdminSuiteBootstrap_Pages/VT_Bootstrap/SaleKeyboard/input_emailAddress'

2024-07-12 22:21:01 - [MESSAGE][PASSED] - Text '' is set on object 'Object Repository/AdminSuiteBootstrap_Pages/VT_Bootstrap/SaleKeyboard/input_smsNumber'

2024-07-12 22:21:02 - [MESSAGE][PASSED] - Text '10.50' is set on object 'Object Repository/AdminSuiteBootstrap_Pages/VT_Bootstrap/SaleKeyboard/input_amount'

2024-07-12 22:21:03 - [MESSAGE][PASSED] - Text 'Australia' is set on object 'Object Repository/AdminSuiteBootstrap_Pages/VT_Bootstrap/SaleKeyboard/input_userDefined1'

2024-07-12 22:21:03 - [MESSAGE][PASSED] - Text 'Denmark' is set on object 'Object Repository/AdminSuiteBootstrap_Pages/VT_Bootstrap/SaleKeyboard/input_userDefined2'

2024-07-12 22:21:04 - [MESSAGE][PASSED] - Text 'Sweden' is set on object 'Object Repository/AdminSuiteBootstrap_Pages/VT_Bootstrap/SaleKeyboard/input_userDefined3'

2024-07-12 22:21:05 - [MESSAGE][PASSED] - Text 'Austria' is set on object 'Object Repository/AdminSuiteBootstrap_Pages/VT_Bootstrap/SaleKeyboard/input_userDefined4'

2024-07-12 22:21:06 - [MESSAGE][PASSED] - All options with label 'Orange' are selected in object 'Object Repository/AdminSuiteBootstrap_Pages/VT_Bootstrap/SaleKeyboard/select_UDF5_DropDown'  using regular expression

2024-07-12 22:21:07 - [MESSAGE][PASSED] - All options with label 'Yellow' are selected in object 'Object Repository/AdminSuiteBootstrap_Pages/VT_Bootstrap/SaleKeyboard/select_UDF6_DropDown'  using regular expression

2024-07-12 22:21:08 - [MESSAGE][PASSED] - Text 'Norway' is set on object 'Object Repository/AdminSuiteBootstrap_Pages/VT_Bootstrap/SaleKeyboard/input_userDefined7'

2024-07-12 22:21:08 - [MESSAGE][PASSED] - Text 'Netherlands' is set on object 'Object Repository/AdminSuiteBootstrap_Pages/VT_Bootstrap/SaleKeyboard/input_userDefined8'

2024-07-12 22:21:09 - [MESSAGE][PASSED] - Text 'Switzerland' is set on object 'Object Repository/AdminSuiteBootstrap_Pages/VT_Bootstrap/SaleKeyboard/input_userDefined9'

2024-07-12 22:21:10 - [MESSAGE][PASSED] - Text 'France' is set on object 'Object Repository/AdminSuiteBootstrap_Pages/VT_Bootstrap/SaleKeyboard/input_userDefined10'

2024-07-12 22:21:12 - [MESSAGE][PASSED] - Object: 'Object Repository/AdminSuiteBootstrap_Pages/VT_Bootstrap/SaleKeyboard/button_Submit' is clicked on

2024-07-12 22:21:12 - [MESSAGE][PASSED] - adminSuiteBootstrap.virtualTerminalSetData.saleKeyboard_DataDriven is PASSED

2024-07-12 22:21:12 - [TEST_STEP][PASSED] - verifyTextPresent("Transaction Successful", true): Text 'Transaction Successful' is present on page  using regular expression

2024-07-12 22:21:12 - [MESSAGE][PASSED] - Text 'Transaction Successful' is present on page  using regular expression

2024-07-12 22:21:12 - [TEST_STEP][PASSED] - verifyElementVisible(findTestObject("Object Repository/AdminSuiteBootstrap_Pages/VT_Bootstrap/Receipt/button_Continue")): Object 'Object Repository/AdminSuiteBootstrap_Pages/VT_Bootstrap/Receipt/button_Continue' is visible

2024-07-12 22:21:12 - [MESSAGE][PASSED] - Object 'Object Repository/AdminSuiteBootstrap_Pages/VT_Bootstrap/Receipt/button_Continue' is visible

2024-07-12 22:21:12 - [TEST_STEP][PASSED] - verifyElementPresent(findTestObject("Object Repository/AdminSuiteBootstrap_Pages/VT_Bootstrap/Receipt/button_Continue"), 20): Object 'Object Repository/AdminSuiteBootstrap_Pages/VT_Bootstrap/Receipt/button_Continue' is present

2024-07-12 22:21:13 - [MESSAGE][PASSED] - Object 'Object Repository/AdminSuiteBootstrap_Pages/VT_Bootstrap/Receipt/button_Continue' is present

2024-07-12 22:21:13 - [TEST_STEP][PASSED] - verifyElementVisible(findTestObject("Object Repository/AdminSuiteBootstrap_Pages/VT_Bootstrap/Receipt/button_Print")): Object 'Object Repository/AdminSuiteBootstrap_Pages/VT_Bootstrap/Receipt/button_Print' is visible

2024-07-12 22:21:13 - [MESSAGE][PASSED] - Object 'Object Repository/AdminSuiteBootstrap_Pages/VT_Bootstrap/Receipt/button_Print' is visible

2024-07-12 22:21:13 - [TEST_STEP][PASSED] - verifyElementPresent(findTestObject("Object Repository/AdminSuiteBootstrap_Pages/VT_Bootstrap/Receipt/button_Print"), 20): Object 'Object Repository/AdminSuiteBootstrap_Pages/VT_Bootstrap/Receipt/button_Print' is present

2024-07-12 22:21:13 - [MESSAGE][PASSED] - Object 'Object Repository/AdminSuiteBootstrap_Pages/VT_Bootstrap/Receipt/button_Print' is present

2024-07-12 22:21:13 - [TEST_STEP][PASSED] - verifyTextPresent("Remittance ID", true): Text 'Remittance ID' is present on page  using regular expression

2024-07-12 22:21:14 - [MESSAGE][PASSED] - Text 'Remittance ID' is present on page  using regular expression

2024-07-12 22:21:14 - [TEST_STEP][PASSED] - verifyTextPresent("Received", true): Text 'Received' is present on page  using regular expression

2024-07-12 22:21:14 - [MESSAGE][PASSED] - Text 'Received' is present on page  using regular expression

2024-07-12 22:21:14 - [TEST_STEP][PASSED] - verifyTextPresent("UDF1", true): Text 'UDF1' is present on page  using regular expression

2024-07-12 22:21:14 - [MESSAGE][PASSED] - Text 'UDF1' is present on page  using regular expression

2024-07-12 22:21:14 - [TEST_STEP][PASSED] - verifyTextPresent("UDF2", true): Text 'UDF2' is present on page  using regular expression

2024-07-12 22:21:15 - [MESSAGE][PASSED] - Text 'UDF2' is present on page  using regular expression

2024-07-12 22:21:15 - [TEST_STEP][PASSED] - verifyTextPresent("UDF3", true): Text 'UDF3' is present on page  using regular expression

2024-07-12 22:21:15 - [MESSAGE][PASSED] - Text 'UDF3' is present on page  using regular expression

2024-07-12 22:21:15 - [TEST_STEP][PASSED] - verifyTextPresent("UDF4", true): Text 'UDF4' is present on page  using regular expression

2024-07-12 22:21:15 - [MESSAGE][PASSED] - Text 'UDF4' is present on page  using regular expression

2024-07-12 22:21:15 - [TEST_STEP][PASSED] - verifyTextPresent("UDF5", true): Text 'UDF5' is present on page  using regular expression

2024-07-12 22:21:16 - [MESSAGE][PASSED] - Text 'UDF5' is present on page  using regular expression

2024-07-12 22:21:16 - [TEST_STEP][PASSED] - verifyTextPresent("UDF6", true): Text 'UDF6' is present on page  using regular expression

2024-07-12 22:21:16 - [MESSAGE][PASSED] - Text 'UDF6' is present on page  using regular expression

2024-07-12 22:21:16 - [TEST_STEP][PASSED] - verifyTextPresent("UDF7", true): Text 'UDF7' is present on page  using regular expression

2024-07-12 22:21:16 - [MESSAGE][PASSED] - Text 'UDF7' is present on page  using regular expression

2024-07-12 22:21:16 - [TEST_STEP][PASSED] - verifyTextPresent("UDF8", true): Text 'UDF8' is present on page  using regular expression

2024-07-12 22:21:17 - [MESSAGE][PASSED] - Text 'UDF8' is present on page  using regular expression

2024-07-12 22:21:17 - [TEST_STEP][PASSED] - verifyTextPresent("UDF9", true): Text 'UDF9' is present on page  using regular expression

2024-07-12 22:21:17 - [MESSAGE][PASSED] - Text 'UDF9' is present on page  using regular expression

2024-07-12 22:21:17 - [TEST_STEP][PASSED] - verifyTextPresent("UDF 10", true): Text 'UDF 10' is present on page  using regular expression

2024-07-12 22:21:17 - [MESSAGE][PASSED] - Text 'UDF 10' is present on page  using regular expression

2024-07-12 22:21:17 - [TEST_STEP][PASSED] - verifyTextPresent("Australia", true): Text 'Australia' is present on page  using regular expression

2024-07-12 22:21:18 - [MESSAGE][PASSED] - Text 'Australia' is present on page  using regular expression

2024-07-12 22:21:18 - [TEST_STEP][PASSED] - verifyTextPresent("Denmark", true): Text 'Denmark' is present on page  using regular expression

2024-07-12 22:21:18 - [MESSAGE][PASSED] - Text 'Denmark' is present on page  using regular expression

2024-07-12 22:21:18 - [TEST_STEP][PASSED] - verifyTextPresent("Sweden", true): Text 'Sweden' is present on page  using regular expression

2024-07-12 22:21:18 - [MESSAGE][PASSED] - Text 'Sweden' is present on page  using regular expression

2024-07-12 22:21:18 - [TEST_STEP][PASSED] - verifyTextPresent("Austria", true): Text 'Austria' is present on page  using regular expression

2024-07-12 22:21:19 - [MESSAGE][PASSED] - Text 'Austria' is present on page  using regular expression

2024-07-12 22:21:19 - [TEST_STEP][PASSED] - verifyTextPresent("Orange Recorded", true): Text 'Orange Recorded' is present on page  using regular expression

2024-07-12 22:21:19 - [MESSAGE][PASSED] - Text 'Orange Recorded' is present on page  using regular expression

2024-07-12 22:21:19 - [TEST_STEP][PASSED] - verifyTextPresent("Yellow Recorded", true): Text 'Yellow Recorded' is present on page  using regular expression

2024-07-12 22:21:19 - [MESSAGE][PASSED] - Text 'Yellow Recorded' is present on page  using regular expression

2024-07-12 22:21:19 - [TEST_STEP][PASSED] - verifyTextPresent("Norway", true): Text 'Norway' is present on page  using regular expression

2024-07-12 22:21:20 - [MESSAGE][PASSED] - Text 'Norway' is present on page  using regular expression

2024-07-12 22:21:20 - [TEST_STEP][PASSED] - verifyTextPresent("Netherlands", true): Text 'Netherlands' is present on page  using regular expression

2024-07-12 22:21:20 - [MESSAGE][PASSED] - Text 'Netherlands' is present on page  using regular expression

2024-07-12 22:21:20 - [TEST_STEP][PASSED] - verifyTextPresent("Switzerland", true): Text 'Switzerland' is present on page  using regular expression

2024-07-12 22:21:20 - [MESSAGE][PASSED] - Text 'Switzerland' is present on page  using regular expression

2024-07-12 22:21:20 - [TEST_STEP][PASSED] - verifyTextPresent("France", true): Text 'France' is present on page  using regular expression

2024-07-12 22:21:21 - [MESSAGE][PASSED] - Text 'France' is present on page  using regular expression

2024-07-12 22:21:21 - [TEST_STEP][PASSED] - verifyTextPresent("Amount", true): Text 'Amount' is present on page  using regular expression

2024-07-12 22:21:21 - [MESSAGE][PASSED] - Text 'Amount' is present on page  using regular expression

2024-07-12 22:21:21 - [TEST_STEP][PASSED] - verifyTextPresent("Service Fee", true): Text 'Service Fee' is present on page  using regular expression

2024-07-12 22:21:21 - [MESSAGE][PASSED] - Text 'Service Fee' is present on page  using regular expression

2024-07-12 22:21:21 - [TEST_STEP][PASSED] - verifyTextPresent("Service Fee Type", true): Text 'Service Fee Type' is present on page  using regular expression

2024-07-12 22:21:22 - [MESSAGE][PASSED] - Text 'Service Fee Type' is present on page  using regular expression

2024-07-12 22:21:22 - [TEST_STEP][PASSED] - verifyTextPresent("Total Amount", true): Text 'Total Amount' is present on page  using regular expression

2024-07-12 22:21:22 - [MESSAGE][PASSED] - Text 'Total Amount' is present on page  using regular expression

2024-07-12 22:21:22 - [TEST_STEP][PASSED] - verifyTextPresent("Transaction Type", true): Text 'Transaction Type' is present on page  using regular expression

2024-07-12 22:21:22 - [MESSAGE][PASSED] - Text 'Transaction Type' is present on page  using regular expression

2024-07-12 22:21:22 - [TEST_STEP][PASSED] - verifyTextPresent("10.50", true): Text '10.50' is present on page  using regular expression

2024-07-12 22:21:23 - [MESSAGE][PASSED] - Text '10.50' is present on page  using regular expression

2024-07-12 22:21:23 - [TEST_STEP][PASSED] - verifyTextPresent("5.00", true): Text '5.00' is present on page  using regular expression

2024-07-12 22:21:23 - [MESSAGE][PASSED] - Text '5.00' is present on page  using regular expression

2024-07-12 22:21:23 - [TEST_STEP][PASSED] - verifyTextPresent("Single Transaction", true): Text 'Single Transaction' is present on page  using regular expression

2024-07-12 22:21:23 - [MESSAGE][PASSED] - Text 'Single Transaction' is present on page  using regular expression

2024-07-12 22:21:23 - [TEST_STEP][PASSED] - verifyTextPresent("15.50", true): Text '15.50' is present on page  using regular expression

2024-07-12 22:21:24 - [MESSAGE][PASSED] - Text '15.50' is present on page  using regular expression

2024-07-12 22:21:24 - [TEST_STEP][PASSED] - verifyTextPresent("Authorization", true): Text 'Authorization' is present on page  using regular expression

2024-07-12 22:21:24 - [MESSAGE][PASSED] - Text 'Authorization' is present on page  using regular expression

2024-07-12 22:21:24 - [TEST_STEP][PASSED] - verifyTextPresent("Card Information", true): Text 'Card Information' is present on page  using regular expression

2024-07-12 22:21:25 - [MESSAGE][PASSED] - Text 'Card Information' is present on page  using regular expression

2024-07-12 22:21:25 - [TEST_STEP][PASSED] - cardNameV = findTestData(dataFile).getValue("CardNameV", row): null

2024-07-12 22:21:25 - [TEST_STEP][PASSED] - al1V = findTestData(dataFile).getValue("AL1", row): null

2024-07-12 22:21:25 - [TEST_STEP][PASSED] - al2V = findTestData(dataFile).getValue("AL2", row): null

2024-07-12 22:21:25 - [TEST_STEP][PASSED] - zipV = findTestData(dataFile).getValue("ZIP", row): null

2024-07-12 22:21:25 - [TEST_STEP][PASSED] - cardTypeV = findTestData(dataFile).getValue("CardType", row): null

2024-07-12 22:21:25 - [TEST_STEP][PASSED] - last4V = findTestData(dataFile).getValue("Last4", row): null

2024-07-12 22:21:25 - [TEST_STEP][PASSED] - verifyTextPresent(cardNameV, true): Text 'TULSI RAMAN' is present on page  using regular expression

2024-07-12 22:21:26 - [MESSAGE][PASSED] - Text 'TULSI RAMAN' is present on page  using regular expression

2024-07-12 22:21:26 - [TEST_STEP][PASSED] - verifyTextPresent("Address Line 1", true): Text 'Address Line 1' is present on page  using regular expression

2024-07-12 22:21:26 - [MESSAGE][PASSED] - Text 'Address Line 1' is present on page  using regular expression

2024-07-12 22:21:26 - [TEST_STEP][PASSED] - verifyTextPresent("Address Line 2", true): Text 'Address Line 2' is present on page  using regular expression

2024-07-12 22:21:26 - [MESSAGE][PASSED] - Text 'Address Line 2' is present on page  using regular expression

2024-07-12 22:21:26 - [TEST_STEP][PASSED] - verifyTextPresent("Country", true): Text 'Country' is present on page  using regular expression

2024-07-12 22:21:27 - [MESSAGE][PASSED] - Text 'Country' is present on page  using regular expression

2024-07-12 22:21:27 - [TEST_STEP][PASSED] - verifyTextPresent("City", true): Text 'City' is present on page  using regular expression

2024-07-12 22:21:27 - [MESSAGE][PASSED] - Text 'City' is present on page  using regular expression

2024-07-12 22:21:27 - [TEST_STEP][PASSED] - verifyTextPresent("State", true): Text 'State' is present on page  using regular expression

2024-07-12 22:21:27 - [MESSAGE][PASSED] - Text 'State' is present on page  using regular expression

2024-07-12 22:21:27 - [TEST_STEP][PASSED] - verifyTextPresent("ZIP Code", true): Text 'ZIP Code' is present on page  using regular expression

2024-07-12 22:21:28 - [MESSAGE][PASSED] - Text 'ZIP Code' is present on page  using regular expression

2024-07-12 22:21:28 - [TEST_STEP][PASSED] - verifyTextPresent(al1V, true): Text '1478 Jhatka Palace' is present on page  using regular expression

2024-07-12 22:21:28 - [MESSAGE][PASSED] - Text '1478 Jhatka Palace' is present on page  using regular expression

2024-07-12 22:21:28 - [TEST_STEP][PASSED] - verifyTextPresent(al2V, true): Text 'Suite 500' is present on page  using regular expression

2024-07-12 22:21:28 - [MESSAGE][PASSED] - Text 'Suite 500' is present on page  using regular expression

2024-07-12 22:21:28 - [TEST_STEP][PASSED] - verifyTextPresent("United States", true): Text 'United States' is present on page  using regular expression

2024-07-12 22:21:28 - [MESSAGE][PASSED] - Text 'United States' is present on page  using regular expression

2024-07-12 22:21:28 - [TEST_STEP][PASSED] - verifyTextPresent("ARLINGTON", true): Text 'ARLINGTON' is present on page  using regular expression

2024-07-12 22:21:29 - [MESSAGE][PASSED] - Text 'ARLINGTON' is present on page  using regular expression

2024-07-12 22:21:29 - [TEST_STEP][PASSED] - verifyTextPresent("Virginia", true): Text 'Virginia' is present on page  using regular expression

2024-07-12 22:21:29 - [MESSAGE][PASSED] - Text 'Virginia' is present on page  using regular expression

2024-07-12 22:21:29 - [TEST_STEP][PASSED] - verifyTextPresent(zipV, true): Text '22201' is present on page  using regular expression

2024-07-12 22:21:30 - [MESSAGE][PASSED] - Text '22201' is present on page  using regular expression

2024-07-12 22:21:30 - [TEST_STEP][PASSED] - verifyTextPresent(cardTypeV, true): Text 'MasterCard' is present on page  using regular expression

2024-07-12 22:21:30 - [MESSAGE][PASSED] - Text 'MasterCard' is present on page  using regular expression

2024-07-12 22:21:30 - [TEST_STEP][PASSED] - verifyTextPresent(last4V, true): Text '0035' is present on page  using regular expression

2024-07-12 22:21:30 - [MESSAGE][PASSED] - Text '0035' is present on page  using regular expression

2024-07-12 22:21:30 - [TEST_STEP][PASSED] - closeBrowser(): Browser is closed

2024-07-12 22:21:31 - [MESSAGE][PASSED] - Browser is closed

2024-07-12 22:21:31 - [TEST_STEP][PASSED] - ExecuteTC = findTestData(dataFile).getValue("Execute", row): null

2024-07-12 22:21:32 - [TEST_STEP][PASSED] - out.println("Value of Execute is : " + ExecuteTC): null

2024-07-12 22:21:32 - [TEST_STEP][PASSED] - switch (executionProfile): null

2024-07-12 22:21:32 - [TEST_STEP][PASSED] - case "QA2Profile":: null

2024-07-12 22:21:32 - [TEST_STEP][PASSED] - appName = findTestData(dataFile).getValue("AppNameQA", row): null

2024-07-12 22:21:32 - [TEST_STEP][PASSED] - appID = findTestData(dataFile).getValue("AppIDQA", row): null

2024-07-12 22:21:32 - [TEST_STEP][PASSED] - break: null

2024-07-12 22:21:32 - [TEST_STEP][PASSED] - hrefAppID = li_1 + appID + li_2: null

2024-07-12 22:21:32 - [TEST_STEP][PASSED] - hrefApp = li_1 + appID + "/": null

2024-07-12 22:21:32 - [TEST_STEP][PASSED] - println("hrefApp : " + hrefApp): null

2024-07-12 22:21:32 - [TEST_STEP][PASSED] - if (ExecuteTC.equalsIgnoreCase("Y")): Browser is closed

2024-07-12 22:21:32 - [TEST_STEP][PASSED] - out.println("Begin Record Number: " + row): null

2024-07-12 22:21:32 - [TEST_STEP][PASSED] - today = new java.util.Date(): null

2024-07-12 22:21:32 - [TEST_STEP][PASSED] - println(today): null

2024-07-12 22:21:32 - [TEST_STEP][PASSED] - datText = today: null

2024-07-12 22:21:32 - [TEST_STEP][PASSED] - adminSuiteBootstrap.loginFunctionality.login_AdminSuite(): adminSuiteBootstrap.loginFunctionality.login_AdminSuite is PASSED

2024-07-12 22:21:32 - [MESSAGE][INFO] - Starting 'Chrome' driver

2024-07-12 22:21:32 - [MESSAGE][INFO] - User set preference: ['acceptInsecureCerts', 'true']

2024-07-12 22:21:32 - [MESSAGE][INFO] - Action delay is set to 0 milliseconds

2024-07-12 22:21:35 - [MESSAGE][PASSED] - Browser is opened with url: 'https://qa2.velocitypayment.com/admin/imtiaz'

2024-07-12 22:21:35 - [MESSAGE][PASSED] - Current window maximized

2024-07-12 22:21:35 - [MESSAGE][PASSED] - Object 'Object Repository/Login_Page/Login_Username_Okta' is present

2024-07-12 22:21:36 - [MESSAGE][PASSED] - Text 'iahmed' is set on object 'Object Repository/Login_Page/Login_Username_Okta'

2024-07-12 22:21:37 - [MESSAGE][PASSED] - Text 'Hello!6666666' is set on object 'Object Repository/Login_Page/Login_Password_Okta'

2024-07-12 22:21:37 - [MESSAGE][PASSED] - Object: 'Object Repository/Login_Page/Login_Submit_Okta' is clicked on

2024-07-12 22:21:37 - [MESSAGE][PASSED] - adminSuiteBootstrap.loginFunctionality.login_AdminSuite is PASSED

2024-07-12 22:21:37 - [TEST_STEP][PASSED] - click(findTestObject(path_Dashboard + appName)): Object: 'Object Repository/AdminSuiteBootstrap_Pages/Dashboard_Bootstrap/a_Access AutoSingleCFtpQA' is clicked on

2024-07-12 22:21:45 - [MESSAGE][PASSED] - Object: 'Object Repository/AdminSuiteBootstrap_Pages/Dashboard_Bootstrap/a_Access AutoSingleCFtpQA' is clicked on

2024-07-12 22:21:45 - [TEST_STEP][PASSED] - click(findTestObject(path_VT + "button_Authorization Only")): Object: 'Object Repository/AdminSuiteBootstrap_Pages/VT_Bootstrap/IssueTransactions/button_Authorization Only' is clicked on

2024-07-12 22:21:46 - [MESSAGE][PASSED] - Object: 'Object Repository/AdminSuiteBootstrap_Pages/VT_Bootstrap/IssueTransactions/button_Authorization Only' is clicked on

2024-07-12 22:21:46 - [TEST_STEP][PASSED] - authOnlyKeyboardEntryLink = modifyObjectProperty(findTestObject(path_VT + "a_KeyboardEntry_Sale"), "href", "equals", hrefAppID, true): Modify property of object successfully

2024-07-12 22:21:46 - [MESSAGE][PASSED] - Modify property of object successfully

2024-07-12 22:21:46 - [TEST_STEP][PASSED] - click(authOnlyKeyboardEntryLink): Object: 'Object Repository/AdminSuiteBootstrap_Pages/VT_Bootstrap/IssueTransactions/a_KeyboardEntry_Sale' is clicked on

2024-07-12 22:21:47 - [MESSAGE][PASSED] - Object: 'Object Repository/AdminSuiteBootstrap_Pages/VT_Bootstrap/IssueTransactions/a_KeyboardEntry_Sale' is clicked on

2024-07-12 22:21:47 - [TEST_STEP][PASSED] - adminSuiteBootstrap.virtualTerminalSetData.saleKeyboard_DataDriven(row, dataFile): adminSuiteBootstrap.virtualTerminalSetData.saleKeyboard_DataDriven is PASSED

2024-07-12 22:21:50 - [MESSAGE][PASSED] - Text 'Tulsi Raman' is set on object 'Object Repository/AdminSuiteBootstrap_Pages/VT_Bootstrap/SaleKeyboard/input_cardName'

2024-07-12 22:21:51 - [MESSAGE][PASSED] - All options with value 'RETL' are selected in object 'Object Repository/AdminSuiteBootstrap_Pages/VT_Bootstrap/SaleKeyboard/select_transactionCategory'  using regular expression

2024-07-12 22:21:51 - [MESSAGE][PASSED] - Execute JavaScript 'arguments[0].value ='371449635392376' ' successfully

2024-07-12 22:21:52 - [MESSAGE][PASSED] - Execute JavaScript 'arguments[0].value ='123' ' successfully

2024-07-12 22:21:53 - [MESSAGE][PASSED] - All options with value '12' are selected in object 'Object Repository/AdminSuiteBootstrap_Pages/VT_Bootstrap/SaleKeyboard/select_MM'  using regular expression

2024-07-12 22:21:54 - [MESSAGE][PASSED] - All options with value '2025' are selected in object 'Object Repository/AdminSuiteBootstrap_Pages/VT_Bootstrap/SaleKeyboard/select_YYYY'  using regular expression

2024-07-12 22:21:55 - [MESSAGE][PASSED] - Text '550 Swan Lake' is set on object 'Object Repository/AdminSuiteBootstrap_Pages/VT_Bootstrap/SaleKeyboard/input__address'

2024-07-12 22:21:56 - [MESSAGE][PASSED] - Text 'Suite 500' is set on object 'Object Repository/AdminSuiteBootstrap_Pages/VT_Bootstrap/SaleKeyboard/input__address2'

2024-07-12 22:21:56 - [MESSAGE][PASSED] - Text '22201' is set on object 'Object Repository/AdminSuiteBootstrap_Pages/VT_Bootstrap/SaleKeyboard/input__zip'

2024-07-12 22:21:57 - [MESSAGE][PASSED] - Text '' is set on object 'Object Repository/AdminSuiteBootstrap_Pages/VT_Bootstrap/SaleKeyboard/input_emailAddress'

2024-07-12 22:21:58 - [MESSAGE][PASSED] - Text '' is set on object 'Object Repository/AdminSuiteBootstrap_Pages/VT_Bootstrap/SaleKeyboard/input_smsNumber'

2024-07-12 22:21:59 - [MESSAGE][PASSED] - Text '10.50' is set on object 'Object Repository/AdminSuiteBootstrap_Pages/VT_Bootstrap/SaleKeyboard/input_amount'

2024-07-12 22:22:00 - [MESSAGE][PASSED] - Text 'Australia' is set on object 'Object Repository/AdminSuiteBootstrap_Pages/VT_Bootstrap/SaleKeyboard/input_userDefined1'

2024-07-12 22:22:01 - [MESSAGE][PASSED] - Text 'Denmark' is set on object 'Object Repository/AdminSuiteBootstrap_Pages/VT_Bootstrap/SaleKeyboard/input_userDefined2'

2024-07-12 22:22:02 - [MESSAGE][PASSED] - Text 'Sweden' is set on object 'Object Repository/AdminSuiteBootstrap_Pages/VT_Bootstrap/SaleKeyboard/input_userDefined3'

2024-07-12 22:22:02 - [MESSAGE][PASSED] - Text 'Austria' is set on object 'Object Repository/AdminSuiteBootstrap_Pages/VT_Bootstrap/SaleKeyboard/input_userDefined4'

2024-07-12 22:22:03 - [MESSAGE][PASSED] - All options with label 'Orange' are selected in object 'Object Repository/AdminSuiteBootstrap_Pages/VT_Bootstrap/SaleKeyboard/select_UDF5_DropDown'  using regular expression

2024-07-12 22:22:04 - [MESSAGE][PASSED] - All options with label 'Yellow' are selected in object 'Object Repository/AdminSuiteBootstrap_Pages/VT_Bootstrap/SaleKeyboard/select_UDF6_DropDown'  using regular expression

2024-07-12 22:22:05 - [MESSAGE][PASSED] - Text 'Norway' is set on object 'Object Repository/AdminSuiteBootstrap_Pages/VT_Bootstrap/SaleKeyboard/input_userDefined7'

2024-07-12 22:22:06 - [MESSAGE][PASSED] - Text 'Netherlands' is set on object 'Object Repository/AdminSuiteBootstrap_Pages/VT_Bootstrap/SaleKeyboard/input_userDefined8'

2024-07-12 22:22:06 - [MESSAGE][PASSED] - Text 'Switzerland' is set on object 'Object Repository/AdminSuiteBootstrap_Pages/VT_Bootstrap/SaleKeyboard/input_userDefined9'

2024-07-12 22:22:07 - [MESSAGE][PASSED] - Text 'France' is set on object 'Object Repository/AdminSuiteBootstrap_Pages/VT_Bootstrap/SaleKeyboard/input_userDefined10'

2024-07-12 22:22:08 - [MESSAGE][PASSED] - Object: 'Object Repository/AdminSuiteBootstrap_Pages/VT_Bootstrap/SaleKeyboard/button_Submit' is clicked on

2024-07-12 22:22:08 - [MESSAGE][PASSED] - adminSuiteBootstrap.virtualTerminalSetData.saleKeyboard_DataDriven is PASSED

2024-07-12 22:22:08 - [TEST_STEP][PASSED] - verifyTextPresent("Transaction Successful", true): Text 'Transaction Successful' is present on page  using regular expression

2024-07-12 22:22:09 - [MESSAGE][PASSED] - Text 'Transaction Successful' is present on page  using regular expression

2024-07-12 22:22:09 - [TEST_STEP][PASSED] - verifyElementVisible(findTestObject("Object Repository/AdminSuiteBootstrap_Pages/VT_Bootstrap/Receipt/button_Continue")): Object 'Object Repository/AdminSuiteBootstrap_Pages/VT_Bootstrap/Receipt/button_Continue' is visible

2024-07-12 22:22:09 - [MESSAGE][PASSED] - Object 'Object Repository/AdminSuiteBootstrap_Pages/VT_Bootstrap/Receipt/button_Continue' is visible

2024-07-12 22:22:09 - [TEST_STEP][PASSED] - verifyElementPresent(findTestObject("Object Repository/AdminSuiteBootstrap_Pages/VT_Bootstrap/Receipt/button_Continue"), 20): Object 'Object Repository/AdminSuiteBootstrap_Pages/VT_Bootstrap/Receipt/button_Continue' is present

2024-07-12 22:22:10 - [MESSAGE][PASSED] - Object 'Object Repository/AdminSuiteBootstrap_Pages/VT_Bootstrap/Receipt/button_Continue' is present

2024-07-12 22:22:10 - [TEST_STEP][PASSED] - verifyElementVisible(findTestObject("Object Repository/AdminSuiteBootstrap_Pages/VT_Bootstrap/Receipt/button_Print")): Object 'Object Repository/AdminSuiteBootstrap_Pages/VT_Bootstrap/Receipt/button_Print' is visible

2024-07-12 22:22:10 - [MESSAGE][PASSED] - Object 'Object Repository/AdminSuiteBootstrap_Pages/VT_Bootstrap/Receipt/button_Print' is visible

2024-07-12 22:22:10 - [TEST_STEP][PASSED] - verifyElementPresent(findTestObject("Object Repository/AdminSuiteBootstrap_Pages/VT_Bootstrap/Receipt/button_Print"), 20): Object 'Object Repository/AdminSuiteBootstrap_Pages/VT_Bootstrap/Receipt/button_Print' is present

2024-07-12 22:22:10 - [MESSAGE][PASSED] - Object 'Object Repository/AdminSuiteBootstrap_Pages/VT_Bootstrap/Receipt/button_Print' is present

2024-07-12 22:22:10 - [TEST_STEP][PASSED] - verifyTextPresent("Remittance ID", true): Text 'Remittance ID' is present on page  using regular expression

2024-07-12 22:22:11 - [MESSAGE][PASSED] - Text 'Remittance ID' is present on page  using regular expression

2024-07-12 22:22:11 - [TEST_STEP][PASSED] - verifyTextPresent("Received", true): Text 'Received' is present on page  using regular expression

2024-07-12 22:22:11 - [MESSAGE][PASSED] - Text 'Received' is present on page  using regular expression

2024-07-12 22:22:11 - [TEST_STEP][PASSED] - verifyTextPresent("UDF1", true): Text 'UDF1' is present on page  using regular expression

2024-07-12 22:22:11 - [MESSAGE][PASSED] - Text 'UDF1' is present on page  using regular expression

2024-07-12 22:22:11 - [TEST_STEP][PASSED] - verifyTextPresent("UDF2", true): Text 'UDF2' is present on page  using regular expression

2024-07-12 22:22:12 - [MESSAGE][PASSED] - Text 'UDF2' is present on page  using regular expression

2024-07-12 22:22:12 - [TEST_STEP][PASSED] - verifyTextPresent("UDF3", true): Text 'UDF3' is present on page  using regular expression

2024-07-12 22:22:12 - [MESSAGE][PASSED] - Text 'UDF3' is present on page  using regular expression

2024-07-12 22:22:12 - [TEST_STEP][PASSED] - verifyTextPresent("UDF4", true): Text 'UDF4' is present on page  using regular expression

2024-07-12 22:22:13 - [MESSAGE][PASSED] - Text 'UDF4' is present on page  using regular expression

2024-07-12 22:22:13 - [TEST_STEP][PASSED] - verifyTextPresent("UDF5", true): Text 'UDF5' is present on page  using regular expression

2024-07-12 22:22:13 - [MESSAGE][PASSED] - Text 'UDF5' is present on page  using regular expression

2024-07-12 22:22:13 - [TEST_STEP][PASSED] - verifyTextPresent("UDF6", true): Text 'UDF6' is present on page  using regular expression

2024-07-12 22:22:13 - [MESSAGE][PASSED] - Text 'UDF6' is present on page  using regular expression

2024-07-12 22:22:13 - [TEST_STEP][PASSED] - verifyTextPresent("UDF7", true): Text 'UDF7' is present on page  using regular expression

2024-07-12 22:22:14 - [MESSAGE][PASSED] - Text 'UDF7' is present on page  using regular expression

2024-07-12 22:22:14 - [TEST_STEP][PASSED] - verifyTextPresent("UDF8", true): Text 'UDF8' is present on page  using regular expression

2024-07-12 22:22:14 - [MESSAGE][PASSED] - Text 'UDF8' is present on page  using regular expression

2024-07-12 22:22:14 - [TEST_STEP][PASSED] - verifyTextPresent("UDF9", true): Text 'UDF9' is present on page  using regular expression

2024-07-12 22:22:14 - [MESSAGE][PASSED] - Text 'UDF9' is present on page  using regular expression

2024-07-12 22:22:14 - [TEST_STEP][PASSED] - verifyTextPresent("UDF 10", true): Text 'UDF 10' is present on page  using regular expression

2024-07-12 22:22:15 - [MESSAGE][PASSED] - Text 'UDF 10' is present on page  using regular expression

2024-07-12 22:22:15 - [TEST_STEP][PASSED] - verifyTextPresent("Australia", true): Text 'Australia' is present on page  using regular expression

2024-07-12 22:22:15 - [MESSAGE][PASSED] - Text 'Australia' is present on page  using regular expression

2024-07-12 22:22:15 - [TEST_STEP][PASSED] - verifyTextPresent("Denmark", true): Text 'Denmark' is present on page  using regular expression

2024-07-12 22:22:15 - [MESSAGE][PASSED] - Text 'Denmark' is present on page  using regular expression

2024-07-12 22:22:15 - [TEST_STEP][PASSED] - verifyTextPresent("Sweden", true): Text 'Sweden' is present on page  using regular expression

2024-07-12 22:22:16 - [MESSAGE][PASSED] - Text 'Sweden' is present on page  using regular expression

2024-07-12 22:22:16 - [TEST_STEP][PASSED] - verifyTextPresent("Austria", true): Text 'Austria' is present on page  using regular expression

2024-07-12 22:22:16 - [MESSAGE][PASSED] - Text 'Austria' is present on page  using regular expression

2024-07-12 22:22:16 - [TEST_STEP][PASSED] - verifyTextPresent("Orange Recorded", true): Text 'Orange Recorded' is present on page  using regular expression

2024-07-12 22:22:16 - [MESSAGE][PASSED] - Text 'Orange Recorded' is present on page  using regular expression

2024-07-12 22:22:16 - [TEST_STEP][PASSED] - verifyTextPresent("Yellow Recorded", true): Text 'Yellow Recorded' is present on page  using regular expression

2024-07-12 22:22:17 - [MESSAGE][PASSED] - Text 'Yellow Recorded' is present on page  using regular expression

2024-07-12 22:22:17 - [TEST_STEP][PASSED] - verifyTextPresent("Norway", true): Text 'Norway' is present on page  using regular expression

2024-07-12 22:22:17 - [MESSAGE][PASSED] - Text 'Norway' is present on page  using regular expression

2024-07-12 22:22:17 - [TEST_STEP][PASSED] - verifyTextPresent("Netherlands", true): Text 'Netherlands' is present on page  using regular expression

2024-07-12 22:22:17 - [MESSAGE][PASSED] - Text 'Netherlands' is present on page  using regular expression

2024-07-12 22:22:17 - [TEST_STEP][PASSED] - verifyTextPresent("Switzerland", true): Text 'Switzerland' is present on page  using regular expression

2024-07-12 22:22:18 - [MESSAGE][PASSED] - Text 'Switzerland' is present on page  using regular expression

2024-07-12 22:22:18 - [TEST_STEP][PASSED] - verifyTextPresent("France", true): Text 'France' is present on page  using regular expression

2024-07-12 22:22:18 - [MESSAGE][PASSED] - Text 'France' is present on page  using regular expression

2024-07-12 22:22:18 - [TEST_STEP][PASSED] - verifyTextPresent("Amount", true): Text 'Amount' is present on page  using regular expression

2024-07-12 22:22:18 - [MESSAGE][PASSED] - Text 'Amount' is present on page  using regular expression

2024-07-12 22:22:18 - [TEST_STEP][PASSED] - verifyTextPresent("Service Fee", true): Text 'Service Fee' is present on page  using regular expression

2024-07-12 22:22:18 - [MESSAGE][PASSED] - Text 'Service Fee' is present on page  using regular expression

2024-07-12 22:22:18 - [TEST_STEP][PASSED] - verifyTextPresent("Service Fee Type", true): Text 'Service Fee Type' is present on page  using regular expression

2024-07-12 22:22:19 - [MESSAGE][PASSED] - Text 'Service Fee Type' is present on page  using regular expression

2024-07-12 22:22:19 - [TEST_STEP][PASSED] - verifyTextPresent("Total Amount", true): Text 'Total Amount' is present on page  using regular expression

2024-07-12 22:22:19 - [MESSAGE][PASSED] - Text 'Total Amount' is present on page  using regular expression

2024-07-12 22:22:19 - [TEST_STEP][PASSED] - verifyTextPresent("Transaction Type", true): Text 'Transaction Type' is present on page  using regular expression

2024-07-12 22:22:20 - [MESSAGE][PASSED] - Text 'Transaction Type' is present on page  using regular expression

2024-07-12 22:22:20 - [TEST_STEP][PASSED] - verifyTextPresent("10.50", true): Text '10.50' is present on page  using regular expression

2024-07-12 22:22:20 - [MESSAGE][PASSED] - Text '10.50' is present on page  using regular expression

2024-07-12 22:22:20 - [TEST_STEP][PASSED] - verifyTextPresent("5.00", true): Text '5.00' is present on page  using regular expression

2024-07-12 22:22:20 - [MESSAGE][PASSED] - Text '5.00' is present on page  using regular expression

2024-07-12 22:22:20 - [TEST_STEP][PASSED] - verifyTextPresent("Single Transaction", true): Text 'Single Transaction' is present on page  using regular expression

2024-07-12 22:22:21 - [MESSAGE][PASSED] - Text 'Single Transaction' is present on page  using regular expression

2024-07-12 22:22:21 - [TEST_STEP][PASSED] - verifyTextPresent("15.50", true): Text '15.50' is present on page  using regular expression

2024-07-12 22:22:21 - [MESSAGE][PASSED] - Text '15.50' is present on page  using regular expression

2024-07-12 22:22:21 - [TEST_STEP][PASSED] - verifyTextPresent("Authorization", true): Text 'Authorization' is present on page  using regular expression

2024-07-12 22:22:21 - [MESSAGE][PASSED] - Text 'Authorization' is present on page  using regular expression

2024-07-12 22:22:21 - [TEST_STEP][PASSED] - verifyTextPresent("Card Information", true): Text 'Card Information' is present on page  using regular expression

2024-07-12 22:22:22 - [MESSAGE][PASSED] - Text 'Card Information' is present on page  using regular expression

2024-07-12 22:22:22 - [TEST_STEP][PASSED] - cardNameV = findTestData(dataFile).getValue("CardNameV", row): null

2024-07-12 22:22:22 - [TEST_STEP][PASSED] - al1V = findTestData(dataFile).getValue("AL1", row): null

2024-07-12 22:22:22 - [TEST_STEP][PASSED] - al2V = findTestData(dataFile).getValue("AL2", row): null

2024-07-12 22:22:22 - [TEST_STEP][PASSED] - zipV = findTestData(dataFile).getValue("ZIP", row): null

2024-07-12 22:22:22 - [TEST_STEP][PASSED] - cardTypeV = findTestData(dataFile).getValue("CardType", row): null

2024-07-12 22:22:22 - [TEST_STEP][PASSED] - last4V = findTestData(dataFile).getValue("Last4", row): null

2024-07-12 22:22:22 - [TEST_STEP][PASSED] - verifyTextPresent(cardNameV, true): Text 'TULSI RAMAN' is present on page  using regular expression

2024-07-12 22:22:23 - [MESSAGE][PASSED] - Text 'TULSI RAMAN' is present on page  using regular expression

2024-07-12 22:22:23 - [TEST_STEP][PASSED] - verifyTextPresent("Address Line 1", true): Text 'Address Line 1' is present on page  using regular expression

2024-07-12 22:22:23 - [MESSAGE][PASSED] - Text 'Address Line 1' is present on page  using regular expression

2024-07-12 22:22:23 - [TEST_STEP][PASSED] - verifyTextPresent("Address Line 2", true): Text 'Address Line 2' is present on page  using regular expression

2024-07-12 22:22:23 - [MESSAGE][PASSED] - Text 'Address Line 2' is present on page  using regular expression

2024-07-12 22:22:23 - [TEST_STEP][PASSED] - verifyTextPresent("Country", true): Text 'Country' is present on page  using regular expression

2024-07-12 22:22:24 - [MESSAGE][PASSED] - Text 'Country' is present on page  using regular expression

2024-07-12 22:22:24 - [TEST_STEP][PASSED] - verifyTextPresent("City", true): Text 'City' is present on page  using regular expression

2024-07-12 22:22:24 - [MESSAGE][PASSED] - Text 'City' is present on page  using regular expression

2024-07-12 22:22:24 - [TEST_STEP][PASSED] - verifyTextPresent("State", true): Text 'State' is present on page  using regular expression

2024-07-12 22:22:24 - [MESSAGE][PASSED] - Text 'State' is present on page  using regular expression

2024-07-12 22:22:24 - [TEST_STEP][PASSED] - verifyTextPresent("ZIP Code", true): Text 'ZIP Code' is present on page  using regular expression

2024-07-12 22:22:25 - [MESSAGE][PASSED] - Text 'ZIP Code' is present on page  using regular expression

2024-07-12 22:22:25 - [TEST_STEP][PASSED] - verifyTextPresent(al1V, true): Text '550 Swan Lake' is present on page  using regular expression

2024-07-12 22:22:25 - [MESSAGE][PASSED] - Text '550 Swan Lake' is present on page  using regular expression

2024-07-12 22:22:25 - [TEST_STEP][PASSED] - verifyTextPresent(al2V, true): Text 'Suite 500' is present on page  using regular expression

2024-07-12 22:22:25 - [MESSAGE][PASSED] - Text 'Suite 500' is present on page  using regular expression

2024-07-12 22:22:25 - [TEST_STEP][PASSED] - verifyTextPresent("United States", true): Text 'United States' is present on page  using regular expression

2024-07-12 22:22:26 - [MESSAGE][PASSED] - Text 'United States' is present on page  using regular expression

2024-07-12 22:22:26 - [TEST_STEP][PASSED] - verifyTextPresent("ARLINGTON", true): Text 'ARLINGTON' is present on page  using regular expression

2024-07-12 22:22:26 - [MESSAGE][PASSED] - Text 'ARLINGTON' is present on page  using regular expression

2024-07-12 22:22:26 - [TEST_STEP][PASSED] - verifyTextPresent("Virginia", true): Text 'Virginia' is present on page  using regular expression

2024-07-12 22:22:26 - [MESSAGE][PASSED] - Text 'Virginia' is present on page  using regular expression

2024-07-12 22:22:26 - [TEST_STEP][PASSED] - verifyTextPresent(zipV, true): Text '22201' is present on page  using regular expression

2024-07-12 22:22:27 - [MESSAGE][PASSED] - Text '22201' is present on page  using regular expression

2024-07-12 22:22:27 - [TEST_STEP][PASSED] - verifyTextPresent(cardTypeV, true): Text 'American Express' is present on page  using regular expression

2024-07-12 22:22:27 - [MESSAGE][PASSED] - Text 'American Express' is present on page  using regular expression

2024-07-12 22:22:27 - [TEST_STEP][PASSED] - verifyTextPresent(last4V, true): Text '2376' is present on page  using regular expression

2024-07-12 22:22:27 - [MESSAGE][PASSED] - Text '2376' is present on page  using regular expression

2024-07-12 22:22:27 - [TEST_STEP][PASSED] - closeBrowser(): Browser is closed

2024-07-12 22:22:28 - [MESSAGE][PASSED] - Browser is closed

2024-07-12 22:22:28 - [TEST_STEP][PASSED] - ExecuteTC = findTestData(dataFile).getValue("Execute", row): null

2024-07-12 22:22:29 - [TEST_STEP][PASSED] - out.println("Value of Execute is : " + ExecuteTC): null

2024-07-12 22:22:29 - [TEST_STEP][PASSED] - switch (executionProfile): null

2024-07-12 22:22:29 - [TEST_STEP][PASSED] - case "QA2Profile":: null

2024-07-12 22:22:29 - [TEST_STEP][PASSED] - appName = findTestData(dataFile).getValue("AppNameQA", row): null

2024-07-12 22:22:29 - [TEST_STEP][PASSED] - appID = findTestData(dataFile).getValue("AppIDQA", row): null

2024-07-12 22:22:29 - [TEST_STEP][PASSED] - break: null

2024-07-12 22:22:29 - [TEST_STEP][PASSED] - hrefAppID = li_1 + appID + li_2: null

2024-07-12 22:22:29 - [TEST_STEP][PASSED] - hrefApp = li_1 + appID + "/": null

2024-07-12 22:22:29 - [TEST_STEP][PASSED] - println("hrefApp : " + hrefApp): null

2024-07-12 22:22:29 - [TEST_STEP][PASSED] - if (ExecuteTC.equalsIgnoreCase("Y")): Browser is closed

2024-07-12 22:22:29 - [TEST_STEP][PASSED] - out.println("Begin Record Number: " + row): null

2024-07-12 22:22:29 - [TEST_STEP][PASSED] - today = new java.util.Date(): null

2024-07-12 22:22:29 - [TEST_STEP][PASSED] - println(today): null

2024-07-12 22:22:29 - [TEST_STEP][PASSED] - datText = today: null

2024-07-12 22:22:29 - [TEST_STEP][PASSED] - adminSuiteBootstrap.loginFunctionality.login_AdminSuite(): adminSuiteBootstrap.loginFunctionality.login_AdminSuite is PASSED

2024-07-12 22:22:29 - [MESSAGE][INFO] - Starting 'Chrome' driver

2024-07-12 22:22:29 - [MESSAGE][INFO] - User set preference: ['acceptInsecureCerts', 'true']

2024-07-12 22:22:29 - [MESSAGE][INFO] - Action delay is set to 0 milliseconds

2024-07-12 22:22:32 - [MESSAGE][PASSED] - Browser is opened with url: 'https://qa2.velocitypayment.com/admin/imtiaz'

2024-07-12 22:22:32 - [MESSAGE][PASSED] - Current window maximized

2024-07-12 22:22:32 - [MESSAGE][PASSED] - Object 'Object Repository/Login_Page/Login_Username_Okta' is present

2024-07-12 22:22:33 - [MESSAGE][PASSED] - Text 'iahmed' is set on object 'Object Repository/Login_Page/Login_Username_Okta'

2024-07-12 22:22:34 - [MESSAGE][PASSED] - Text 'Hello!6666666' is set on object 'Object Repository/Login_Page/Login_Password_Okta'

2024-07-12 22:22:34 - [MESSAGE][PASSED] - Object: 'Object Repository/Login_Page/Login_Submit_Okta' is clicked on

2024-07-12 22:22:34 - [MESSAGE][PASSED] - adminSuiteBootstrap.loginFunctionality.login_AdminSuite is PASSED

2024-07-12 22:22:34 - [TEST_STEP][PASSED] - click(findTestObject(path_Dashboard + appName)): Object: 'Object Repository/AdminSuiteBootstrap_Pages/Dashboard_Bootstrap/a_Access AutoSingleCFtpQA' is clicked on

2024-07-12 22:22:44 - [MESSAGE][PASSED] - Object: 'Object Repository/AdminSuiteBootstrap_Pages/Dashboard_Bootstrap/a_Access AutoSingleCFtpQA' is clicked on

2024-07-12 22:22:44 - [TEST_STEP][PASSED] - click(findTestObject(path_VT + "button_Authorization Only")): Object: 'Object Repository/AdminSuiteBootstrap_Pages/VT_Bootstrap/IssueTransactions/button_Authorization Only' is clicked on

2024-07-12 22:22:44 - [MESSAGE][PASSED] - Object: 'Object Repository/AdminSuiteBootstrap_Pages/VT_Bootstrap/IssueTransactions/button_Authorization Only' is clicked on

2024-07-12 22:22:44 - [TEST_STEP][PASSED] - authOnlyKeyboardEntryLink = modifyObjectProperty(findTestObject(path_VT + "a_KeyboardEntry_Sale"), "href", "equals", hrefAppID, true): Modify property of object successfully

2024-07-12 22:22:44 - [MESSAGE][PASSED] - Modify property of object successfully

2024-07-12 22:22:44 - [TEST_STEP][PASSED] - click(authOnlyKeyboardEntryLink): Object: 'Object Repository/AdminSuiteBootstrap_Pages/VT_Bootstrap/IssueTransactions/a_KeyboardEntry_Sale' is clicked on

2024-07-12 22:22:45 - [MESSAGE][PASSED] - Object: 'Object Repository/AdminSuiteBootstrap_Pages/VT_Bootstrap/IssueTransactions/a_KeyboardEntry_Sale' is clicked on

2024-07-12 22:22:45 - [TEST_STEP][PASSED] - adminSuiteBootstrap.virtualTerminalSetData.saleKeyboard_DataDriven(row, dataFile): adminSuiteBootstrap.virtualTerminalSetData.saleKeyboard_DataDriven is PASSED

2024-07-12 22:22:48 - [MESSAGE][PASSED] - Text 'Tulsi Raman' is set on object 'Object Repository/AdminSuiteBootstrap_Pages/VT_Bootstrap/SaleKeyboard/input_cardName'

2024-07-12 22:22:49 - [MESSAGE][PASSED] - All options with value 'RETL' are selected in object 'Object Repository/AdminSuiteBootstrap_Pages/VT_Bootstrap/SaleKeyboard/select_transactionCategory'  using regular expression

2024-07-12 22:22:50 - [MESSAGE][PASSED] - Execute JavaScript 'arguments[0].value ='6011000993026909' ' successfully

2024-07-12 22:22:50 - [MESSAGE][PASSED] - Execute JavaScript 'arguments[0].value ='123' ' successfully

2024-07-12 22:22:51 - [MESSAGE][PASSED] - All options with value '12' are selected in object 'Object Repository/AdminSuiteBootstrap_Pages/VT_Bootstrap/SaleKeyboard/select_MM'  using regular expression

2024-07-12 22:22:52 - [MESSAGE][PASSED] - All options with value '2025' are selected in object 'Object Repository/AdminSuiteBootstrap_Pages/VT_Bootstrap/SaleKeyboard/select_YYYY'  using regular expression

2024-07-12 22:22:53 - [MESSAGE][PASSED] - Text '25987 Hill Top' is set on object 'Object Repository/AdminSuiteBootstrap_Pages/VT_Bootstrap/SaleKeyboard/input__address'

2024-07-12 22:22:54 - [MESSAGE][PASSED] - Text 'Suite 500' is set on object 'Object Repository/AdminSuiteBootstrap_Pages/VT_Bootstrap/SaleKeyboard/input__address2'

2024-07-12 22:22:54 - [MESSAGE][PASSED] - Text '22201' is set on object 'Object Repository/AdminSuiteBootstrap_Pages/VT_Bootstrap/SaleKeyboard/input__zip'

2024-07-12 22:22:55 - [MESSAGE][PASSED] - Text '' is set on object 'Object Repository/AdminSuiteBootstrap_Pages/VT_Bootstrap/SaleKeyboard/input_emailAddress'

2024-07-12 22:22:56 - [MESSAGE][PASSED] - Text '' is set on object 'Object Repository/AdminSuiteBootstrap_Pages/VT_Bootstrap/SaleKeyboard/input_smsNumber'

2024-07-12 22:22:57 - [MESSAGE][PASSED] - Text '10.50' is set on object 'Object Repository/AdminSuiteBootstrap_Pages/VT_Bootstrap/SaleKeyboard/input_amount'

2024-07-12 22:22:58 - [MESSAGE][PASSED] - Text 'Australia' is set on object 'Object Repository/AdminSuiteBootstrap_Pages/VT_Bootstrap/SaleKeyboard/input_userDefined1'

2024-07-12 22:22:59 - [MESSAGE][PASSED] - Text 'Denmark' is set on object 'Object Repository/AdminSuiteBootstrap_Pages/VT_Bootstrap/SaleKeyboard/input_userDefined2'

2024-07-12 22:23:00 - [MESSAGE][PASSED] - Text 'Sweden' is set on object 'Object Repository/AdminSuiteBootstrap_Pages/VT_Bootstrap/SaleKeyboard/input_userDefined3'

2024-07-12 22:23:00 - [MESSAGE][PASSED] - Text 'Austria' is set on object 'Object Repository/AdminSuiteBootstrap_Pages/VT_Bootstrap/SaleKeyboard/input_userDefined4'

2024-07-12 22:23:01 - [MESSAGE][PASSED] - All options with label 'Orange' are selected in object 'Object Repository/AdminSuiteBootstrap_Pages/VT_Bootstrap/SaleKeyboard/select_UDF5_DropDown'  using regular expression

2024-07-12 22:23:02 - [MESSAGE][PASSED] - All options with label 'Yellow' are selected in object 'Object Repository/AdminSuiteBootstrap_Pages/VT_Bootstrap/SaleKeyboard/select_UDF6_DropDown'  using regular expression

2024-07-12 22:23:03 - [MESSAGE][PASSED] - Text 'Norway' is set on object 'Object Repository/AdminSuiteBootstrap_Pages/VT_Bootstrap/SaleKeyboard/input_userDefined7'

2024-07-12 22:23:04 - [MESSAGE][PASSED] - Text 'Netherlands' is set on object 'Object Repository/AdminSuiteBootstrap_Pages/VT_Bootstrap/SaleKeyboard/input_userDefined8'

2024-07-12 22:23:04 - [MESSAGE][PASSED] - Text 'Switzerland' is set on object 'Object Repository/AdminSuiteBootstrap_Pages/VT_Bootstrap/SaleKeyboard/input_userDefined9'

2024-07-12 22:23:05 - [MESSAGE][PASSED] - Text 'France' is set on object 'Object Repository/AdminSuiteBootstrap_Pages/VT_Bootstrap/SaleKeyboard/input_userDefined10'

2024-07-12 22:23:07 - [MESSAGE][PASSED] - Object: 'Object Repository/AdminSuiteBootstrap_Pages/VT_Bootstrap/SaleKeyboard/button_Submit' is clicked on

2024-07-12 22:23:07 - [MESSAGE][PASSED] - adminSuiteBootstrap.virtualTerminalSetData.saleKeyboard_DataDriven is PASSED

2024-07-12 22:23:07 - [TEST_STEP][PASSED] - verifyTextPresent("Transaction Successful", true): Text 'Transaction Successful' is present on page  using regular expression

2024-07-12 22:23:07 - [MESSAGE][PASSED] - Text 'Transaction Successful' is present on page  using regular expression

2024-07-12 22:23:07 - [TEST_STEP][PASSED] - verifyElementVisible(findTestObject("Object Repository/AdminSuiteBootstrap_Pages/VT_Bootstrap/Receipt/button_Continue")): Object 'Object Repository/AdminSuiteBootstrap_Pages/VT_Bootstrap/Receipt/button_Continue' is visible

2024-07-12 22:23:08 - [MESSAGE][PASSED] - Object 'Object Repository/AdminSuiteBootstrap_Pages/VT_Bootstrap/Receipt/button_Continue' is visible

2024-07-12 22:23:08 - [TEST_STEP][PASSED] - verifyElementPresent(findTestObject("Object Repository/AdminSuiteBootstrap_Pages/VT_Bootstrap/Receipt/button_Continue"), 20): Object 'Object Repository/AdminSuiteBootstrap_Pages/VT_Bootstrap/Receipt/button_Continue' is present

2024-07-12 22:23:08 - [MESSAGE][PASSED] - Object 'Object Repository/AdminSuiteBootstrap_Pages/VT_Bootstrap/Receipt/button_Continue' is present

2024-07-12 22:23:08 - [TEST_STEP][PASSED] - verifyElementVisible(findTestObject("Object Repository/AdminSuiteBootstrap_Pages/VT_Bootstrap/Receipt/button_Print")): Object 'Object Repository/AdminSuiteBootstrap_Pages/VT_Bootstrap/Receipt/button_Print' is visible

2024-07-12 22:23:08 - [MESSAGE][PASSED] - Object 'Object Repository/AdminSuiteBootstrap_Pages/VT_Bootstrap/Receipt/button_Print' is visible

2024-07-12 22:23:08 - [TEST_STEP][PASSED] - verifyElementPresent(findTestObject("Object Repository/AdminSuiteBootstrap_Pages/VT_Bootstrap/Receipt/button_Print"), 20): Object 'Object Repository/AdminSuiteBootstrap_Pages/VT_Bootstrap/Receipt/button_Print' is present

2024-07-12 22:23:09 - [MESSAGE][PASSED] - Object 'Object Repository/AdminSuiteBootstrap_Pages/VT_Bootstrap/Receipt/button_Print' is present

2024-07-12 22:23:09 - [TEST_STEP][PASSED] - verifyTextPresent("Remittance ID", true): Text 'Remittance ID' is present on page  using regular expression

2024-07-12 22:23:09 - [MESSAGE][PASSED] - Text 'Remittance ID' is present on page  using regular expression

2024-07-12 22:23:09 - [TEST_STEP][PASSED] - verifyTextPresent("Received", true): Text 'Received' is present on page  using regular expression

2024-07-12 22:23:09 - [MESSAGE][PASSED] - Text 'Received' is present on page  using regular expression

2024-07-12 22:23:09 - [TEST_STEP][PASSED] - verifyTextPresent("UDF1", true): Text 'UDF1' is present on page  using regular expression

2024-07-12 22:23:10 - [MESSAGE][PASSED] - Text 'UDF1' is present on page  using regular expression

2024-07-12 22:23:10 - [TEST_STEP][PASSED] - verifyTextPresent("UDF2", true): Text 'UDF2' is present on page  using regular expression

2024-07-12 22:23:10 - [MESSAGE][PASSED] - Text 'UDF2' is present on page  using regular expression

2024-07-12 22:23:10 - [TEST_STEP][PASSED] - verifyTextPresent("UDF3", true): Text 'UDF3' is present on page  using regular expression

2024-07-12 22:23:10 - [MESSAGE][PASSED] - Text 'UDF3' is present on page  using regular expression

2024-07-12 22:23:10 - [TEST_STEP][PASSED] - verifyTextPresent("UDF4", true): Text 'UDF4' is present on page  using regular expression

2024-07-12 22:23:11 - [MESSAGE][PASSED] - Text 'UDF4' is present on page  using regular expression

2024-07-12 22:23:11 - [TEST_STEP][PASSED] - verifyTextPresent("UDF5", true): Text 'UDF5' is present on page  using regular expression

2024-07-12 22:23:11 - [MESSAGE][PASSED] - Text 'UDF5' is present on page  using regular expression

2024-07-12 22:23:11 - [TEST_STEP][PASSED] - verifyTextPresent("UDF6", true): Text 'UDF6' is present on page  using regular expression

2024-07-12 22:23:11 - [MESSAGE][PASSED] - Text 'UDF6' is present on page  using regular expression

2024-07-12 22:23:11 - [TEST_STEP][PASSED] - verifyTextPresent("UDF7", true): Text 'UDF7' is present on page  using regular expression

2024-07-12 22:23:12 - [MESSAGE][PASSED] - Text 'UDF7' is present on page  using regular expression

2024-07-12 22:23:12 - [TEST_STEP][PASSED] - verifyTextPresent("UDF8", true): Text 'UDF8' is present on page  using regular expression

2024-07-12 22:23:12 - [MESSAGE][PASSED] - Text 'UDF8' is present on page  using regular expression

2024-07-12 22:23:12 - [TEST_STEP][PASSED] - verifyTextPresent("UDF9", true): Text 'UDF9' is present on page  using regular expression

2024-07-12 22:23:12 - [MESSAGE][PASSED] - Text 'UDF9' is present on page  using regular expression

2024-07-12 22:23:12 - [TEST_STEP][PASSED] - verifyTextPresent("UDF 10", true): Text 'UDF 10' is present on page  using regular expression

2024-07-12 22:23:13 - [MESSAGE][PASSED] - Text 'UDF 10' is present on page  using regular expression

2024-07-12 22:23:13 - [TEST_STEP][PASSED] - verifyTextPresent("Australia", true): Text 'Australia' is present on page  using regular expression

2024-07-12 22:23:13 - [MESSAGE][PASSED] - Text 'Australia' is present on page  using regular expression

2024-07-12 22:23:13 - [TEST_STEP][PASSED] - verifyTextPresent("Denmark", true): Text 'Denmark' is present on page  using regular expression

2024-07-12 22:23:13 - [MESSAGE][PASSED] - Text 'Denmark' is present on page  using regular expression

2024-07-12 22:23:13 - [TEST_STEP][PASSED] - verifyTextPresent("Sweden", true): Text 'Sweden' is present on page  using regular expression

2024-07-12 22:23:14 - [MESSAGE][PASSED] - Text 'Sweden' is present on page  using regular expression

2024-07-12 22:23:14 - [TEST_STEP][PASSED] - verifyTextPresent("Austria", true): Text 'Austria' is present on page  using regular expression

2024-07-12 22:23:14 - [MESSAGE][PASSED] - Text 'Austria' is present on page  using regular expression

2024-07-12 22:23:14 - [TEST_STEP][PASSED] - verifyTextPresent("Orange Recorded", true): Text 'Orange Recorded' is present on page  using regular expression

2024-07-12 22:23:14 - [MESSAGE][PASSED] - Text 'Orange Recorded' is present on page  using regular expression

2024-07-12 22:23:14 - [TEST_STEP][PASSED] - verifyTextPresent("Yellow Recorded", true): Text 'Yellow Recorded' is present on page  using regular expression

2024-07-12 22:23:15 - [MESSAGE][PASSED] - Text 'Yellow Recorded' is present on page  using regular expression

2024-07-12 22:23:15 - [TEST_STEP][PASSED] - verifyTextPresent("Norway", true): Text 'Norway' is present on page  using regular expression

2024-07-12 22:23:15 - [MESSAGE][PASSED] - Text 'Norway' is present on page  using regular expression

2024-07-12 22:23:15 - [TEST_STEP][PASSED] - verifyTextPresent("Netherlands", true): Text 'Netherlands' is present on page  using regular expression

2024-07-12 22:23:15 - [MESSAGE][PASSED] - Text 'Netherlands' is present on page  using regular expression

2024-07-12 22:23:15 - [TEST_STEP][PASSED] - verifyTextPresent("Switzerland", true): Text 'Switzerland' is present on page  using regular expression

2024-07-12 22:23:16 - [MESSAGE][PASSED] - Text 'Switzerland' is present on page  using regular expression

2024-07-12 22:23:16 - [TEST_STEP][PASSED] - verifyTextPresent("France", true): Text 'France' is present on page  using regular expression

2024-07-12 22:23:16 - [MESSAGE][PASSED] - Text 'France' is present on page  using regular expression

2024-07-12 22:23:16 - [TEST_STEP][PASSED] - verifyTextPresent("Amount", true): Text 'Amount' is present on page  using regular expression

2024-07-12 22:23:16 - [MESSAGE][PASSED] - Text 'Amount' is present on page  using regular expression

2024-07-12 22:23:16 - [TEST_STEP][PASSED] - verifyTextPresent("Service Fee", true): Text 'Service Fee' is present on page  using regular expression

2024-07-12 22:23:17 - [MESSAGE][PASSED] - Text 'Service Fee' is present on page  using regular expression

2024-07-12 22:23:17 - [TEST_STEP][PASSED] - verifyTextPresent("Service Fee Type", true): Text 'Service Fee Type' is present on page  using regular expression

2024-07-12 22:23:17 - [MESSAGE][PASSED] - Text 'Service Fee Type' is present on page  using regular expression

2024-07-12 22:23:17 - [TEST_STEP][PASSED] - verifyTextPresent("Total Amount", true): Text 'Total Amount' is present on page  using regular expression

2024-07-12 22:23:17 - [MESSAGE][PASSED] - Text 'Total Amount' is present on page  using regular expression

2024-07-12 22:23:17 - [TEST_STEP][PASSED] - verifyTextPresent("Transaction Type", true): Text 'Transaction Type' is present on page  using regular expression

2024-07-12 22:23:18 - [MESSAGE][PASSED] - Text 'Transaction Type' is present on page  using regular expression

2024-07-12 22:23:18 - [TEST_STEP][PASSED] - verifyTextPresent("10.50", true): Text '10.50' is present on page  using regular expression

2024-07-12 22:23:18 - [MESSAGE][PASSED] - Text '10.50' is present on page  using regular expression

2024-07-12 22:23:18 - [TEST_STEP][PASSED] - verifyTextPresent("5.00", true): Text '5.00' is present on page  using regular expression

2024-07-12 22:23:18 - [MESSAGE][PASSED] - Text '5.00' is present on page  using regular expression

2024-07-12 22:23:18 - [TEST_STEP][PASSED] - verifyTextPresent("Single Transaction", true): Text 'Single Transaction' is present on page  using regular expression

2024-07-12 22:23:19 - [MESSAGE][PASSED] - Text 'Single Transaction' is present on page  using regular expression

2024-07-12 22:23:19 - [TEST_STEP][PASSED] - verifyTextPresent("15.50", true): Text '15.50' is present on page  using regular expression

2024-07-12 22:23:19 - [MESSAGE][PASSED] - Text '15.50' is present on page  using regular expression

2024-07-12 22:23:19 - [TEST_STEP][PASSED] - verifyTextPresent("Authorization", true): Text 'Authorization' is present on page  using regular expression

2024-07-12 22:23:19 - [MESSAGE][PASSED] - Text 'Authorization' is present on page  using regular expression

2024-07-12 22:23:19 - [TEST_STEP][PASSED] - verifyTextPresent("Card Information", true): Text 'Card Information' is present on page  using regular expression

2024-07-12 22:23:20 - [MESSAGE][PASSED] - Text 'Card Information' is present on page  using regular expression

2024-07-12 22:23:20 - [TEST_STEP][PASSED] - cardNameV = findTestData(dataFile).getValue("CardNameV", row): null

2024-07-12 22:23:20 - [TEST_STEP][PASSED] - al1V = findTestData(dataFile).getValue("AL1", row): null

2024-07-12 22:23:20 - [TEST_STEP][PASSED] - al2V = findTestData(dataFile).getValue("AL2", row): null

2024-07-12 22:23:20 - [TEST_STEP][PASSED] - zipV = findTestData(dataFile).getValue("ZIP", row): null

2024-07-12 22:23:20 - [TEST_STEP][PASSED] - cardTypeV = findTestData(dataFile).getValue("CardType", row): null

2024-07-12 22:23:20 - [TEST_STEP][PASSED] - last4V = findTestData(dataFile).getValue("Last4", row): null

2024-07-12 22:23:20 - [TEST_STEP][PASSED] - verifyTextPresent(cardNameV, true): Text 'TULSI RAMAN' is present on page  using regular expression

2024-07-12 22:23:21 - [MESSAGE][PASSED] - Text 'TULSI RAMAN' is present on page  using regular expression

2024-07-12 22:23:21 - [TEST_STEP][PASSED] - verifyTextPresent("Address Line 1", true): Text 'Address Line 1' is present on page  using regular expression

2024-07-12 22:23:21 - [MESSAGE][PASSED] - Text 'Address Line 1' is present on page  using regular expression

2024-07-12 22:23:21 - [TEST_STEP][PASSED] - verifyTextPresent("Address Line 2", true): Text 'Address Line 2' is present on page  using regular expression

2024-07-12 22:23:21 - [MESSAGE][PASSED] - Text 'Address Line 2' is present on page  using regular expression

2024-07-12 22:23:21 - [TEST_STEP][PASSED] - verifyTextPresent("Country", true): Text 'Country' is present on page  using regular expression

2024-07-12 22:23:22 - [MESSAGE][PASSED] - Text 'Country' is present on page  using regular expression

2024-07-12 22:23:22 - [TEST_STEP][PASSED] - verifyTextPresent("City", true): Text 'City' is present on page  using regular expression

2024-07-12 22:23:22 - [MESSAGE][PASSED] - Text 'City' is present on page  using regular expression

2024-07-12 22:23:22 - [TEST_STEP][PASSED] - verifyTextPresent("State", true): Text 'State' is present on page  using regular expression

2024-07-12 22:23:22 - [MESSAGE][PASSED] - Text 'State' is present on page  using regular expression

2024-07-12 22:23:22 - [TEST_STEP][PASSED] - verifyTextPresent("ZIP Code", true): Text 'ZIP Code' is present on page  using regular expression

2024-07-12 22:23:23 - [MESSAGE][PASSED] - Text 'ZIP Code' is present on page  using regular expression

2024-07-12 22:23:23 - [TEST_STEP][PASSED] - verifyTextPresent(al1V, true): Text '25987 Hill Top' is present on page  using regular expression

2024-07-12 22:23:23 - [MESSAGE][PASSED] - Text '25987 Hill Top' is present on page  using regular expression

2024-07-12 22:23:23 - [TEST_STEP][PASSED] - verifyTextPresent(al2V, true): Text 'Suite 500' is present on page  using regular expression

2024-07-12 22:23:23 - [MESSAGE][PASSED] - Text 'Suite 500' is present on page  using regular expression

2024-07-12 22:23:23 - [TEST_STEP][PASSED] - verifyTextPresent("United States", true): Text 'United States' is present on page  using regular expression

2024-07-12 22:23:24 - [MESSAGE][PASSED] - Text 'United States' is present on page  using regular expression

2024-07-12 22:23:24 - [TEST_STEP][PASSED] - verifyTextPresent("ARLINGTON", true): Text 'ARLINGTON' is present on page  using regular expression

2024-07-12 22:23:24 - [MESSAGE][PASSED] - Text 'ARLINGTON' is present on page  using regular expression

2024-07-12 22:23:24 - [TEST_STEP][PASSED] - verifyTextPresent("Virginia", true): Text 'Virginia' is present on page  using regular expression

2024-07-12 22:23:24 - [MESSAGE][PASSED] - Text 'Virginia' is present on page  using regular expression

2024-07-12 22:23:24 - [TEST_STEP][PASSED] - verifyTextPresent(zipV, true): Text '22201' is present on page  using regular expression

2024-07-12 22:23:25 - [MESSAGE][PASSED] - Text '22201' is present on page  using regular expression

2024-07-12 22:23:25 - [TEST_STEP][PASSED] - verifyTextPresent(cardTypeV, true): Text 'Discover' is present on page  using regular expression

2024-07-12 22:23:25 - [MESSAGE][PASSED] - Text 'Discover' is present on page  using regular expression

2024-07-12 22:23:25 - [TEST_STEP][PASSED] - verifyTextPresent(last4V, true): Text '6909' is present on page  using regular expression

2024-07-12 22:23:25 - [MESSAGE][PASSED] - Text '6909' is present on page  using regular expression

2024-07-12 22:23:25 - [TEST_STEP][PASSED] - closeBrowser(): Browser is closed

2024-07-12 22:23:27 - [MESSAGE][PASSED] - Browser is closed

2024-07-12 22:23:27 - [TEST_STEP][PASSED] - ExecuteTC = findTestData(dataFile).getValue("Execute", row): null

2024-07-12 22:23:27 - [TEST_STEP][PASSED] - out.println("Value of Execute is : " + ExecuteTC): null

2024-07-12 22:23:27 - [TEST_STEP][PASSED] - switch (executionProfile): null

2024-07-12 22:23:27 - [TEST_STEP][PASSED] - case "QA2Profile":: null

2024-07-12 22:23:27 - [TEST_STEP][PASSED] - appName = findTestData(dataFile).getValue("AppNameQA", row): null

2024-07-12 22:23:27 - [TEST_STEP][PASSED] - appID = findTestData(dataFile).getValue("AppIDQA", row): null

2024-07-12 22:23:27 - [TEST_STEP][PASSED] - break: null

2024-07-12 22:23:27 - [TEST_STEP][PASSED] - hrefAppID = li_1 + appID + li_2: null

2024-07-12 22:23:27 - [TEST_STEP][PASSED] - hrefApp = li_1 + appID + "/": null

2024-07-12 22:23:27 - [TEST_STEP][PASSED] - println("hrefApp : " + hrefApp): null

2024-07-12 22:23:27 - [TEST_STEP][PASSED] - if (ExecuteTC.equalsIgnoreCase("Y")): Browser is closed

2024-07-12 22:23:27 - [TEST_STEP][PASSED] - out.println("Begin Record Number: " + row): null

2024-07-12 22:23:27 - [TEST_STEP][PASSED] - today = new java.util.Date(): null

2024-07-12 22:23:27 - [TEST_STEP][PASSED] - println(today): null

2024-07-12 22:23:27 - [TEST_STEP][PASSED] - datText = today: null

2024-07-12 22:23:27 - [TEST_STEP][PASSED] - adminSuiteBootstrap.loginFunctionality.login_AdminSuite(): adminSuiteBootstrap.loginFunctionality.login_AdminSuite is PASSED

2024-07-12 22:23:27 - [MESSAGE][INFO] - Starting 'Chrome' driver

2024-07-12 22:23:27 - [MESSAGE][INFO] - User set preference: ['acceptInsecureCerts', 'true']

2024-07-12 22:23:27 - [MESSAGE][INFO] - Action delay is set to 0 milliseconds

2024-07-12 22:23:30 - [MESSAGE][PASSED] - Browser is opened with url: 'https://qa2.velocitypayment.com/admin/imtiaz'

2024-07-12 22:23:30 - [MESSAGE][PASSED] - Current window maximized

2024-07-12 22:23:31 - [MESSAGE][PASSED] - Object 'Object Repository/Login_Page/Login_Username_Okta' is present

2024-07-12 22:23:31 - [MESSAGE][PASSED] - Text 'iahmed' is set on object 'Object Repository/Login_Page/Login_Username_Okta'

2024-07-12 22:23:32 - [MESSAGE][PASSED] - Text 'Hello!6666666' is set on object 'Object Repository/Login_Page/Login_Password_Okta'

2024-07-12 22:23:33 - [MESSAGE][PASSED] - Object: 'Object Repository/Login_Page/Login_Submit_Okta' is clicked on

2024-07-12 22:23:33 - [MESSAGE][PASSED] - adminSuiteBootstrap.loginFunctionality.login_AdminSuite is PASSED

2024-07-12 22:23:33 - [TEST_STEP][PASSED] - click(findTestObject(path_Dashboard + appName)): Object: 'Object Repository/AdminSuiteBootstrap_Pages/Dashboard_Bootstrap/a_Access AutoSingleCFtpQA' is clicked on

2024-07-12 22:23:42 - [MESSAGE][PASSED] - Object: 'Object Repository/AdminSuiteBootstrap_Pages/Dashboard_Bootstrap/a_Access AutoSingleCFtpQA' is clicked on

2024-07-12 22:23:42 - [TEST_STEP][PASSED] - click(findTestObject(path_VT + "button_Authorization Only")): Object: 'Object Repository/AdminSuiteBootstrap_Pages/VT_Bootstrap/IssueTransactions/button_Authorization Only' is clicked on

2024-07-12 22:23:43 - [MESSAGE][PASSED] - Object: 'Object Repository/AdminSuiteBootstrap_Pages/VT_Bootstrap/IssueTransactions/button_Authorization Only' is clicked on

2024-07-12 22:23:43 - [TEST_STEP][PASSED] - authOnlyKeyboardEntryLink = modifyObjectProperty(findTestObject(path_VT + "a_KeyboardEntry_Sale"), "href", "equals", hrefAppID, true): Modify property of object successfully

2024-07-12 22:23:43 - [MESSAGE][PASSED] - Modify property of object successfully

2024-07-12 22:23:43 - [TEST_STEP][PASSED] - click(authOnlyKeyboardEntryLink): Object: 'Object Repository/AdminSuiteBootstrap_Pages/VT_Bootstrap/IssueTransactions/a_KeyboardEntry_Sale' is clicked on

2024-07-12 22:23:44 - [MESSAGE][PASSED] - Object: 'Object Repository/AdminSuiteBootstrap_Pages/VT_Bootstrap/IssueTransactions/a_KeyboardEntry_Sale' is clicked on

2024-07-12 22:23:44 - [TEST_STEP][PASSED] - adminSuiteBootstrap.virtualTerminalSetData.saleKeyboard_DataDriven(row, dataFile): adminSuiteBootstrap.virtualTerminalSetData.saleKeyboard_DataDriven is PASSED

2024-07-12 22:23:47 - [MESSAGE][PASSED] - Text 'Janaki James' is set on object 'Object Repository/AdminSuiteBootstrap_Pages/VT_Bootstrap/SaleKeyboard/input_cardName'

2024-07-12 22:23:48 - [MESSAGE][PASSED] - All options with value 'MOTO' are selected in object 'Object Repository/AdminSuiteBootstrap_Pages/VT_Bootstrap/SaleKeyboard/select_transactionCategory'  using regular expression

2024-07-12 22:23:48 - [MESSAGE][PASSED] - Execute JavaScript 'arguments[0].value ='4012000098765439' ' successfully

2024-07-12 22:23:49 - [MESSAGE][PASSED] - Execute JavaScript 'arguments[0].value ='123' ' successfully

2024-07-12 22:23:50 - [MESSAGE][PASSED] - All options with value '12' are selected in object 'Object Repository/AdminSuiteBootstrap_Pages/VT_Bootstrap/SaleKeyboard/select_MM'  using regular expression

2024-07-12 22:23:51 - [MESSAGE][PASSED] - All options with value '2025' are selected in object 'Object Repository/AdminSuiteBootstrap_Pages/VT_Bootstrap/SaleKeyboard/select_YYYY'  using regular expression

2024-07-12 22:23:52 - [MESSAGE][PASSED] - Text '36 Cornor Road' is set on object 'Object Repository/AdminSuiteBootstrap_Pages/VT_Bootstrap/SaleKeyboard/input__address'

2024-07-12 22:23:52 - [MESSAGE][PASSED] - Text 'Suite 500' is set on object 'Object Repository/AdminSuiteBootstrap_Pages/VT_Bootstrap/SaleKeyboard/input__address2'

2024-07-12 22:23:53 - [MESSAGE][PASSED] - Text '22201' is set on object 'Object Repository/AdminSuiteBootstrap_Pages/VT_Bootstrap/SaleKeyboard/input__zip'

2024-07-12 22:23:54 - [MESSAGE][PASSED] - Text '' is set on object 'Object Repository/AdminSuiteBootstrap_Pages/VT_Bootstrap/SaleKeyboard/input_emailAddress'

2024-07-12 22:23:55 - [MESSAGE][PASSED] - Text '' is set on object 'Object Repository/AdminSuiteBootstrap_Pages/VT_Bootstrap/SaleKeyboard/input_smsNumber'

2024-07-12 22:23:56 - [MESSAGE][PASSED] - Text '10.50' is set on object 'Object Repository/AdminSuiteBootstrap_Pages/VT_Bootstrap/SaleKeyboard/input_amount'

2024-07-12 22:23:57 - [MESSAGE][PASSED] - Text 'Australia' is set on object 'Object Repository/AdminSuiteBootstrap_Pages/VT_Bootstrap/SaleKeyboard/input_userDefined1'

2024-07-12 22:23:58 - [MESSAGE][PASSED] - Text 'Denmark' is set on object 'Object Repository/AdminSuiteBootstrap_Pages/VT_Bootstrap/SaleKeyboard/input_userDefined2'

2024-07-12 22:23:58 - [MESSAGE][PASSED] - Text 'Sweden' is set on object 'Object Repository/AdminSuiteBootstrap_Pages/VT_Bootstrap/SaleKeyboard/input_userDefined3'

2024-07-12 22:23:59 - [MESSAGE][PASSED] - Text 'Austria' is set on object 'Object Repository/AdminSuiteBootstrap_Pages/VT_Bootstrap/SaleKeyboard/input_userDefined4'

2024-07-12 22:24:00 - [MESSAGE][PASSED] - All options with label 'Orange' are selected in object 'Object Repository/AdminSuiteBootstrap_Pages/VT_Bootstrap/SaleKeyboard/select_UDF5_DropDown'  using regular expression

2024-07-12 22:24:01 - [MESSAGE][PASSED] - All options with label 'Yellow' are selected in object 'Object Repository/AdminSuiteBootstrap_Pages/VT_Bootstrap/SaleKeyboard/select_UDF6_DropDown'  using regular expression

2024-07-12 22:24:02 - [MESSAGE][PASSED] - Text 'Norway' is set on object 'Object Repository/AdminSuiteBootstrap_Pages/VT_Bootstrap/SaleKeyboard/input_userDefined7'

2024-07-12 22:24:02 - [MESSAGE][PASSED] - Text 'Netherlands' is set on object 'Object Repository/AdminSuiteBootstrap_Pages/VT_Bootstrap/SaleKeyboard/input_userDefined8'

2024-07-12 22:24:03 - [MESSAGE][PASSED] - Text 'Switzerland' is set on object 'Object Repository/AdminSuiteBootstrap_Pages/VT_Bootstrap/SaleKeyboard/input_userDefined9'

2024-07-12 22:24:04 - [MESSAGE][PASSED] - Text 'France' is set on object 'Object Repository/AdminSuiteBootstrap_Pages/VT_Bootstrap/SaleKeyboard/input_userDefined10'

2024-07-12 22:24:05 - [MESSAGE][PASSED] - Object: 'Object Repository/AdminSuiteBootstrap_Pages/VT_Bootstrap/SaleKeyboard/button_Submit' is clicked on

2024-07-12 22:24:05 - [MESSAGE][PASSED] - adminSuiteBootstrap.virtualTerminalSetData.saleKeyboard_DataDriven is PASSED

2024-07-12 22:24:05 - [TEST_STEP][PASSED] - verifyTextPresent("Transaction Successful", true): Text 'Transaction Successful' is present on page  using regular expression

2024-07-12 22:24:06 - [MESSAGE][PASSED] - Text 'Transaction Successful' is present on page  using regular expression

2024-07-12 22:24:06 - [TEST_STEP][PASSED] - verifyElementVisible(findTestObject("Object Repository/AdminSuiteBootstrap_Pages/VT_Bootstrap/Receipt/button_Continue")): Object 'Object Repository/AdminSuiteBootstrap_Pages/VT_Bootstrap/Receipt/button_Continue' is visible

2024-07-12 22:24:06 - [MESSAGE][PASSED] - Object 'Object Repository/AdminSuiteBootstrap_Pages/VT_Bootstrap/Receipt/button_Continue' is visible

2024-07-12 22:24:06 - [TEST_STEP][PASSED] - verifyElementPresent(findTestObject("Object Repository/AdminSuiteBootstrap_Pages/VT_Bootstrap/Receipt/button_Continue"), 20): Object 'Object Repository/AdminSuiteBootstrap_Pages/VT_Bootstrap/Receipt/button_Continue' is present

2024-07-12 22:24:06 - [MESSAGE][PASSED] - Object 'Object Repository/AdminSuiteBootstrap_Pages/VT_Bootstrap/Receipt/button_Continue' is present

2024-07-12 22:24:06 - [TEST_STEP][PASSED] - verifyElementVisible(findTestObject("Object Repository/AdminSuiteBootstrap_Pages/VT_Bootstrap/Receipt/button_Print")): Object 'Object Repository/AdminSuiteBootstrap_Pages/VT_Bootstrap/Receipt/button_Print' is visible

2024-07-12 22:24:07 - [MESSAGE][PASSED] - Object 'Object Repository/AdminSuiteBootstrap_Pages/VT_Bootstrap/Receipt/button_Print' is visible

2024-07-12 22:24:07 - [TEST_STEP][PASSED] - verifyElementPresent(findTestObject("Object Repository/AdminSuiteBootstrap_Pages/VT_Bootstrap/Receipt/button_Print"), 20): Object 'Object Repository/AdminSuiteBootstrap_Pages/VT_Bootstrap/Receipt/button_Print' is present

2024-07-12 22:24:07 - [MESSAGE][PASSED] - Object 'Object Repository/AdminSuiteBootstrap_Pages/VT_Bootstrap/Receipt/button_Print' is present

2024-07-12 22:24:07 - [TEST_STEP][PASSED] - verifyTextPresent("Remittance ID", true): Text 'Remittance ID' is present on page  using regular expression

2024-07-12 22:24:07 - [MESSAGE][PASSED] - Text 'Remittance ID' is present on page  using regular expression

2024-07-12 22:24:07 - [TEST_STEP][PASSED] - verifyTextPresent("Received", true): Text 'Received' is present on page  using regular expression

2024-07-12 22:24:08 - [MESSAGE][PASSED] - Text 'Received' is present on page  using regular expression

2024-07-12 22:24:08 - [TEST_STEP][PASSED] - verifyTextPresent("UDF1", true): Text 'UDF1' is present on page  using regular expression

2024-07-12 22:24:08 - [MESSAGE][PASSED] - Text 'UDF1' is present on page  using regular expression

2024-07-12 22:24:08 - [TEST_STEP][PASSED] - verifyTextPresent("UDF2", true): Text 'UDF2' is present on page  using regular expression

2024-07-12 22:24:08 - [MESSAGE][PASSED] - Text 'UDF2' is present on page  using regular expression

2024-07-12 22:24:08 - [TEST_STEP][PASSED] - verifyTextPresent("UDF3", true): Text 'UDF3' is present on page  using regular expression

2024-07-12 22:24:09 - [MESSAGE][PASSED] - Text 'UDF3' is present on page  using regular expression

2024-07-12 22:24:09 - [TEST_STEP][PASSED] - verifyTextPresent("UDF4", true): Text 'UDF4' is present on page  using regular expression

2024-07-12 22:24:09 - [MESSAGE][PASSED] - Text 'UDF4' is present on page  using regular expression

2024-07-12 22:24:09 - [TEST_STEP][PASSED] - verifyTextPresent("UDF5", true): Text 'UDF5' is present on page  using regular expression

2024-07-12 22:24:09 - [MESSAGE][PASSED] - Text 'UDF5' is present on page  using regular expression

2024-07-12 22:24:09 - [TEST_STEP][PASSED] - verifyTextPresent("UDF6", true): Text 'UDF6' is present on page  using regular expression

2024-07-12 22:24:10 - [MESSAGE][PASSED] - Text 'UDF6' is present on page  using regular expression

2024-07-12 22:24:10 - [TEST_STEP][PASSED] - verifyTextPresent("UDF7", true): Text 'UDF7' is present on page  using regular expression

2024-07-12 22:24:10 - [MESSAGE][PASSED] - Text 'UDF7' is present on page  using regular expression

2024-07-12 22:24:10 - [TEST_STEP][PASSED] - verifyTextPresent("UDF8", true): Text 'UDF8' is present on page  using regular expression

2024-07-12 22:24:10 - [MESSAGE][PASSED] - Text 'UDF8' is present on page  using regular expression

2024-07-12 22:24:10 - [TEST_STEP][PASSED] - verifyTextPresent("UDF9", true): Text 'UDF9' is present on page  using regular expression

2024-07-12 22:24:11 - [MESSAGE][PASSED] - Text 'UDF9' is present on page  using regular expression

2024-07-12 22:24:11 - [TEST_STEP][PASSED] - verifyTextPresent("UDF 10", true): Text 'UDF 10' is present on page  using regular expression

2024-07-12 22:24:11 - [MESSAGE][PASSED] - Text 'UDF 10' is present on page  using regular expression

2024-07-12 22:24:11 - [TEST_STEP][PASSED] - verifyTextPresent("Australia", true): Text 'Australia' is present on page  using regular expression

2024-07-12 22:24:11 - [MESSAGE][PASSED] - Text 'Australia' is present on page  using regular expression

2024-07-12 22:24:11 - [TEST_STEP][PASSED] - verifyTextPresent("Denmark", true): Text 'Denmark' is present on page  using regular expression

2024-07-12 22:24:12 - [MESSAGE][PASSED] - Text 'Denmark' is present on page  using regular expression

2024-07-12 22:24:12 - [TEST_STEP][PASSED] - verifyTextPresent("Sweden", true): Text 'Sweden' is present on page  using regular expression

2024-07-12 22:24:12 - [MESSAGE][PASSED] - Text 'Sweden' is present on page  using regular expression

2024-07-12 22:24:12 - [TEST_STEP][PASSED] - verifyTextPresent("Austria", true): Text 'Austria' is present on page  using regular expression

2024-07-12 22:24:12 - [MESSAGE][PASSED] - Text 'Austria' is present on page  using regular expression

2024-07-12 22:24:12 - [TEST_STEP][PASSED] - verifyTextPresent("Orange Recorded", true): Text 'Orange Recorded' is present on page  using regular expression

2024-07-12 22:24:13 - [MESSAGE][PASSED] - Text 'Orange Recorded' is present on page  using regular expression

2024-07-12 22:24:13 - [TEST_STEP][PASSED] - verifyTextPresent("Yellow Recorded", true): Text 'Yellow Recorded' is present on page  using regular expression

2024-07-12 22:24:13 - [MESSAGE][PASSED] - Text 'Yellow Recorded' is present on page  using regular expression

2024-07-12 22:24:13 - [TEST_STEP][PASSED] - verifyTextPresent("Norway", true): Text 'Norway' is present on page  using regular expression

2024-07-12 22:24:13 - [MESSAGE][PASSED] - Text 'Norway' is present on page  using regular expression

2024-07-12 22:24:13 - [TEST_STEP][PASSED] - verifyTextPresent("Netherlands", true): Text 'Netherlands' is present on page  using regular expression

2024-07-12 22:24:14 - [MESSAGE][PASSED] - Text 'Netherlands' is present on page  using regular expression

2024-07-12 22:24:14 - [TEST_STEP][PASSED] - verifyTextPresent("Switzerland", true): Text 'Switzerland' is present on page  using regular expression

2024-07-12 22:24:14 - [MESSAGE][PASSED] - Text 'Switzerland' is present on page  using regular expression

2024-07-12 22:24:14 - [TEST_STEP][PASSED] - verifyTextPresent("France", true): Text 'France' is present on page  using regular expression

2024-07-12 22:24:14 - [MESSAGE][PASSED] - Text 'France' is present on page  using regular expression

2024-07-12 22:24:14 - [TEST_STEP][PASSED] - verifyTextPresent("Amount", true): Text 'Amount' is present on page  using regular expression

2024-07-12 22:24:15 - [MESSAGE][PASSED] - Text 'Amount' is present on page  using regular expression

2024-07-12 22:24:15 - [TEST_STEP][PASSED] - verifyTextPresent("Service Fee", true): Text 'Service Fee' is present on page  using regular expression

2024-07-12 22:24:15 - [MESSAGE][PASSED] - Text 'Service Fee' is present on page  using regular expression

2024-07-12 22:24:15 - [TEST_STEP][PASSED] - verifyTextPresent("Service Fee Type", true): Text 'Service Fee Type' is present on page  using regular expression

2024-07-12 22:24:15 - [MESSAGE][PASSED] - Text 'Service Fee Type' is present on page  using regular expression

2024-07-12 22:24:15 - [TEST_STEP][PASSED] - verifyTextPresent("Total Amount", true): Text 'Total Amount' is present on page  using regular expression

2024-07-12 22:24:16 - [MESSAGE][PASSED] - Text 'Total Amount' is present on page  using regular expression

2024-07-12 22:24:16 - [TEST_STEP][PASSED] - verifyTextPresent("Transaction Type", true): Text 'Transaction Type' is present on page  using regular expression

2024-07-12 22:24:16 - [MESSAGE][PASSED] - Text 'Transaction Type' is present on page  using regular expression

2024-07-12 22:24:16 - [TEST_STEP][PASSED] - verifyTextPresent("10.50", true): Text '10.50' is present on page  using regular expression

2024-07-12 22:24:16 - [MESSAGE][PASSED] - Text '10.50' is present on page  using regular expression

2024-07-12 22:24:16 - [TEST_STEP][PASSED] - verifyTextPresent("5.00", true): Text '5.00' is present on page  using regular expression

2024-07-12 22:24:17 - [MESSAGE][PASSED] - Text '5.00' is present on page  using regular expression

2024-07-12 22:24:17 - [TEST_STEP][PASSED] - verifyTextPresent("Single Transaction", true): Text 'Single Transaction' is present on page  using regular expression

2024-07-12 22:24:17 - [MESSAGE][PASSED] - Text 'Single Transaction' is present on page  using regular expression

2024-07-12 22:24:17 - [TEST_STEP][PASSED] - verifyTextPresent("15.50", true): Text '15.50' is present on page  using regular expression

2024-07-12 22:24:17 - [MESSAGE][PASSED] - Text '15.50' is present on page  using regular expression

2024-07-12 22:24:17 - [TEST_STEP][PASSED] - verifyTextPresent("Authorization", true): Text 'Authorization' is present on page  using regular expression

2024-07-12 22:24:18 - [MESSAGE][PASSED] - Text 'Authorization' is present on page  using regular expression

2024-07-12 22:24:18 - [TEST_STEP][PASSED] - verifyTextPresent("Card Information", true): Text 'Card Information' is present on page  using regular expression

2024-07-12 22:24:18 - [MESSAGE][PASSED] - Text 'Card Information' is present on page  using regular expression

2024-07-12 22:24:18 - [TEST_STEP][PASSED] - cardNameV = findTestData(dataFile).getValue("CardNameV", row): null

2024-07-12 22:24:18 - [TEST_STEP][PASSED] - al1V = findTestData(dataFile).getValue("AL1", row): null

2024-07-12 22:24:18 - [TEST_STEP][PASSED] - al2V = findTestData(dataFile).getValue("AL2", row): null

2024-07-12 22:24:18 - [TEST_STEP][PASSED] - zipV = findTestData(dataFile).getValue("ZIP", row): null

2024-07-12 22:24:18 - [TEST_STEP][PASSED] - cardTypeV = findTestData(dataFile).getValue("CardType", row): null

2024-07-12 22:24:19 - [TEST_STEP][PASSED] - last4V = findTestData(dataFile).getValue("Last4", row): null

2024-07-12 22:24:19 - [TEST_STEP][PASSED] - verifyTextPresent(cardNameV, true): Text 'JANAKI JAMES' is present on page  using regular expression

2024-07-12 22:24:19 - [MESSAGE][PASSED] - Text 'JANAKI JAMES' is present on page  using regular expression

2024-07-12 22:24:19 - [TEST_STEP][PASSED] - verifyTextPresent("Address Line 1", true): Text 'Address Line 1' is present on page  using regular expression

2024-07-12 22:24:19 - [MESSAGE][PASSED] - Text 'Address Line 1' is present on page  using regular expression

2024-07-12 22:24:19 - [TEST_STEP][PASSED] - verifyTextPresent("Address Line 2", true): Text 'Address Line 2' is present on page  using regular expression

2024-07-12 22:24:20 - [MESSAGE][PASSED] - Text 'Address Line 2' is present on page  using regular expression

2024-07-12 22:24:20 - [TEST_STEP][PASSED] - verifyTextPresent("Country", true): Text 'Country' is present on page  using regular expression

2024-07-12 22:24:20 - [MESSAGE][PASSED] - Text 'Country' is present on page  using regular expression

2024-07-12 22:24:20 - [TEST_STEP][PASSED] - verifyTextPresent("City", true): Text 'City' is present on page  using regular expression

2024-07-12 22:24:20 - [MESSAGE][PASSED] - Text 'City' is present on page  using regular expression

2024-07-12 22:24:20 - [TEST_STEP][PASSED] - verifyTextPresent("State", true): Text 'State' is present on page  using regular expression

2024-07-12 22:24:21 - [MESSAGE][PASSED] - Text 'State' is present on page  using regular expression

2024-07-12 22:24:21 - [TEST_STEP][PASSED] - verifyTextPresent("ZIP Code", true): Text 'ZIP Code' is present on page  using regular expression

2024-07-12 22:24:21 - [MESSAGE][PASSED] - Text 'ZIP Code' is present on page  using regular expression

2024-07-12 22:24:21 - [TEST_STEP][PASSED] - verifyTextPresent(al1V, true): Text '36 Cornor Road' is present on page  using regular expression

2024-07-12 22:24:21 - [MESSAGE][PASSED] - Text '36 Cornor Road' is present on page  using regular expression

2024-07-12 22:24:21 - [TEST_STEP][PASSED] - verifyTextPresent(al2V, true): Text 'Suite 500' is present on page  using regular expression

2024-07-12 22:24:22 - [MESSAGE][PASSED] - Text 'Suite 500' is present on page  using regular expression

2024-07-12 22:24:22 - [TEST_STEP][PASSED] - verifyTextPresent("United States", true): Text 'United States' is present on page  using regular expression

2024-07-12 22:24:22 - [MESSAGE][PASSED] - Text 'United States' is present on page  using regular expression

2024-07-12 22:24:22 - [TEST_STEP][PASSED] - verifyTextPresent("ARLINGTON", true): Text 'ARLINGTON' is present on page  using regular expression

2024-07-12 22:24:22 - [MESSAGE][PASSED] - Text 'ARLINGTON' is present on page  using regular expression

2024-07-12 22:24:22 - [TEST_STEP][PASSED] - verifyTextPresent("Virginia", true): Text 'Virginia' is present on page  using regular expression

2024-07-12 22:24:23 - [MESSAGE][PASSED] - Text 'Virginia' is present on page  using regular expression

2024-07-12 22:24:23 - [TEST_STEP][PASSED] - verifyTextPresent(zipV, true): Text '22201' is present on page  using regular expression

2024-07-12 22:24:23 - [MESSAGE][PASSED] - Text '22201' is present on page  using regular expression

2024-07-12 22:24:23 - [TEST_STEP][PASSED] - verifyTextPresent(cardTypeV, true): Text 'Visa' is present on page  using regular expression

2024-07-12 22:24:23 - [MESSAGE][PASSED] - Text 'Visa' is present on page  using regular expression

2024-07-12 22:24:23 - [TEST_STEP][PASSED] - verifyTextPresent(last4V, true): Text '5439' is present on page  using regular expression

2024-07-12 22:24:24 - [MESSAGE][PASSED] - Text '5439' is present on page  using regular expression

2024-07-12 22:24:24 - [TEST_STEP][PASSED] - closeBrowser(): Browser is closed

2024-07-12 22:24:25 - [MESSAGE][PASSED] - Browser is closed

2024-07-12 22:24:25 - [TEST_STEP][PASSED] - ExecuteTC = findTestData(dataFile).getValue("Execute", row): null

2024-07-12 22:24:25 - [TEST_STEP][PASSED] - out.println("Value of Execute is : " + ExecuteTC): null

2024-07-12 22:24:25 - [TEST_STEP][PASSED] - switch (executionProfile): null

2024-07-12 22:24:25 - [TEST_STEP][PASSED] - case "QA2Profile":: null

2024-07-12 22:24:25 - [TEST_STEP][PASSED] - appName = findTestData(dataFile).getValue("AppNameQA", row): null

2024-07-12 22:24:25 - [TEST_STEP][PASSED] - appID = findTestData(dataFile).getValue("AppIDQA", row): null

2024-07-12 22:24:25 - [TEST_STEP][PASSED] - break: null

2024-07-12 22:24:25 - [TEST_STEP][PASSED] - hrefAppID = li_1 + appID + li_2: null

2024-07-12 22:24:25 - [TEST_STEP][PASSED] - hrefApp = li_1 + appID + "/": null

2024-07-12 22:24:25 - [TEST_STEP][PASSED] - println("hrefApp : " + hrefApp): null

2024-07-12 22:24:25 - [TEST_STEP][PASSED] - if (ExecuteTC.equalsIgnoreCase("Y")): Browser is closed

2024-07-12 22:24:25 - [TEST_STEP][PASSED] - out.println("Begin Record Number: " + row): null

2024-07-12 22:24:25 - [TEST_STEP][PASSED] - today = new java.util.Date(): null

2024-07-12 22:24:25 - [TEST_STEP][PASSED] - println(today): null

2024-07-12 22:24:25 - [TEST_STEP][PASSED] - datText = today: null

2024-07-12 22:24:25 - [TEST_STEP][PASSED] - adminSuiteBootstrap.loginFunctionality.login_AdminSuite(): adminSuiteBootstrap.loginFunctionality.login_AdminSuite is PASSED

2024-07-12 22:24:25 - [MESSAGE][INFO] - Starting 'Chrome' driver

2024-07-12 22:24:25 - [MESSAGE][INFO] - User set preference: ['acceptInsecureCerts', 'true']

2024-07-12 22:24:25 - [MESSAGE][INFO] - Action delay is set to 0 milliseconds

2024-07-12 22:24:28 - [MESSAGE][PASSED] - Browser is opened with url: 'https://qa2.velocitypayment.com/admin/imtiaz'

2024-07-12 22:24:28 - [MESSAGE][PASSED] - Current window maximized

2024-07-12 22:24:29 - [MESSAGE][PASSED] - Object 'Object Repository/Login_Page/Login_Username_Okta' is present

2024-07-12 22:24:29 - [MESSAGE][PASSED] - Text 'iahmed' is set on object 'Object Repository/Login_Page/Login_Username_Okta'

2024-07-12 22:24:30 - [MESSAGE][PASSED] - Text 'Hello!6666666' is set on object 'Object Repository/Login_Page/Login_Password_Okta'

2024-07-12 22:24:31 - [MESSAGE][PASSED] - Object: 'Object Repository/Login_Page/Login_Submit_Okta' is clicked on

2024-07-12 22:24:31 - [MESSAGE][PASSED] - adminSuiteBootstrap.loginFunctionality.login_AdminSuite is PASSED

2024-07-12 22:24:31 - [TEST_STEP][PASSED] - click(findTestObject(path_Dashboard + appName)): Object: 'Object Repository/AdminSuiteBootstrap_Pages/Dashboard_Bootstrap/a_Access AutoSingleCFtpQA' is clicked on

2024-07-12 22:24:38 - [MESSAGE][PASSED] - Object: 'Object Repository/AdminSuiteBootstrap_Pages/Dashboard_Bootstrap/a_Access AutoSingleCFtpQA' is clicked on

2024-07-12 22:24:38 - [TEST_STEP][PASSED] - click(findTestObject(path_VT + "button_Authorization Only")): Object: 'Object Repository/AdminSuiteBootstrap_Pages/VT_Bootstrap/IssueTransactions/button_Authorization Only' is clicked on

2024-07-12 22:24:39 - [MESSAGE][PASSED] - Object: 'Object Repository/AdminSuiteBootstrap_Pages/VT_Bootstrap/IssueTransactions/button_Authorization Only' is clicked on

2024-07-12 22:24:39 - [TEST_STEP][PASSED] - authOnlyKeyboardEntryLink = modifyObjectProperty(findTestObject(path_VT + "a_KeyboardEntry_Sale"), "href", "equals", hrefAppID, true): Modify property of object successfully

2024-07-12 22:24:39 - [MESSAGE][PASSED] - Modify property of object successfully

2024-07-12 22:24:39 - [TEST_STEP][PASSED] - click(authOnlyKeyboardEntryLink): Object: 'Object Repository/AdminSuiteBootstrap_Pages/VT_Bootstrap/IssueTransactions/a_KeyboardEntry_Sale' is clicked on

2024-07-12 22:24:40 - [MESSAGE][PASSED] - Object: 'Object Repository/AdminSuiteBootstrap_Pages/VT_Bootstrap/IssueTransactions/a_KeyboardEntry_Sale' is clicked on

2024-07-12 22:24:40 - [TEST_STEP][PASSED] - adminSuiteBootstrap.virtualTerminalSetData.saleKeyboard_DataDriven(row, dataFile): adminSuiteBootstrap.virtualTerminalSetData.saleKeyboard_DataDriven is PASSED

2024-07-12 22:24:43 - [MESSAGE][PASSED] - Text 'Janaki James' is set on object 'Object Repository/AdminSuiteBootstrap_Pages/VT_Bootstrap/SaleKeyboard/input_cardName'

2024-07-12 22:24:44 - [MESSAGE][PASSED] - All options with value 'MOTO' are selected in object 'Object Repository/AdminSuiteBootstrap_Pages/VT_Bootstrap/SaleKeyboard/select_transactionCategory'  using regular expression

2024-07-12 22:24:45 - [MESSAGE][PASSED] - Execute JavaScript 'arguments[0].value ='5146312200000035' ' successfully

2024-07-12 22:24:45 - [MESSAGE][PASSED] - Execute JavaScript 'arguments[0].value ='123' ' successfully

2024-07-12 22:24:46 - [MESSAGE][PASSED] - All options with value '12' are selected in object 'Object Repository/AdminSuiteBootstrap_Pages/VT_Bootstrap/SaleKeyboard/select_MM'  using regular expression

2024-07-12 22:24:47 - [MESSAGE][PASSED] - All options with value '2025' are selected in object 'Object Repository/AdminSuiteBootstrap_Pages/VT_Bootstrap/SaleKeyboard/select_YYYY'  using regular expression

2024-07-12 22:24:48 - [MESSAGE][PASSED] - Text '1478 Jhatka Palace' is set on object 'Object Repository/AdminSuiteBootstrap_Pages/VT_Bootstrap/SaleKeyboard/input__address'

2024-07-12 22:24:49 - [MESSAGE][PASSED] - Text 'Suite 500' is set on object 'Object Repository/AdminSuiteBootstrap_Pages/VT_Bootstrap/SaleKeyboard/input__address2'

2024-07-12 22:24:50 - [MESSAGE][PASSED] - Text '22201' is set on object 'Object Repository/AdminSuiteBootstrap_Pages/VT_Bootstrap/SaleKeyboard/input__zip'

2024-07-12 22:24:50 - [MESSAGE][PASSED] - Text '' is set on object 'Object Repository/AdminSuiteBootstrap_Pages/VT_Bootstrap/SaleKeyboard/input_emailAddress'

2024-07-12 22:24:52 - [MESSAGE][PASSED] - Text '' is set on object 'Object Repository/AdminSuiteBootstrap_Pages/VT_Bootstrap/SaleKeyboard/input_smsNumber'

2024-07-12 22:24:53 - [MESSAGE][PASSED] - Text '10.50' is set on object 'Object Repository/AdminSuiteBootstrap_Pages/VT_Bootstrap/SaleKeyboard/input_amount'

2024-07-12 22:24:54 - [MESSAGE][PASSED] - Text 'Australia' is set on object 'Object Repository/AdminSuiteBootstrap_Pages/VT_Bootstrap/SaleKeyboard/input_userDefined1'

2024-07-12 22:24:54 - [MESSAGE][PASSED] - Text 'Denmark' is set on object 'Object Repository/AdminSuiteBootstrap_Pages/VT_Bootstrap/SaleKeyboard/input_userDefined2'

2024-07-12 22:24:55 - [MESSAGE][PASSED] - Text 'Sweden' is set on object 'Object Repository/AdminSuiteBootstrap_Pages/VT_Bootstrap/SaleKeyboard/input_userDefined3'

2024-07-12 22:24:56 - [MESSAGE][PASSED] - Text 'Austria' is set on object 'Object Repository/AdminSuiteBootstrap_Pages/VT_Bootstrap/SaleKeyboard/input_userDefined4'

2024-07-12 22:24:57 - [MESSAGE][PASSED] - All options with label 'Orange' are selected in object 'Object Repository/AdminSuiteBootstrap_Pages/VT_Bootstrap/SaleKeyboard/select_UDF5_DropDown'  using regular expression

2024-07-12 22:24:58 - [MESSAGE][PASSED] - All options with label 'Yellow' are selected in object 'Object Repository/AdminSuiteBootstrap_Pages/VT_Bootstrap/SaleKeyboard/select_UDF6_DropDown'  using regular expression

2024-07-12 22:24:59 - [MESSAGE][PASSED] - Text 'Norway' is set on object 'Object Repository/AdminSuiteBootstrap_Pages/VT_Bootstrap/SaleKeyboard/input_userDefined7'

2024-07-12 22:24:59 - [MESSAGE][PASSED] - Text 'Netherlands' is set on object 'Object Repository/AdminSuiteBootstrap_Pages/VT_Bootstrap/SaleKeyboard/input_userDefined8'

2024-07-12 22:25:00 - [MESSAGE][PASSED] - Text 'Switzerland' is set on object 'Object Repository/AdminSuiteBootstrap_Pages/VT_Bootstrap/SaleKeyboard/input_userDefined9'

2024-07-12 22:25:01 - [MESSAGE][PASSED] - Text 'France' is set on object 'Object Repository/AdminSuiteBootstrap_Pages/VT_Bootstrap/SaleKeyboard/input_userDefined10'

2024-07-12 22:25:02 - [MESSAGE][PASSED] - Object: 'Object Repository/AdminSuiteBootstrap_Pages/VT_Bootstrap/SaleKeyboard/button_Submit' is clicked on

2024-07-12 22:25:02 - [MESSAGE][PASSED] - adminSuiteBootstrap.virtualTerminalSetData.saleKeyboard_DataDriven is PASSED

2024-07-12 22:25:02 - [TEST_STEP][PASSED] - verifyTextPresent("Transaction Successful", true): Text 'Transaction Successful' is present on page  using regular expression

2024-07-12 22:25:03 - [MESSAGE][PASSED] - Text 'Transaction Successful' is present on page  using regular expression

2024-07-12 22:25:03 - [TEST_STEP][PASSED] - verifyElementVisible(findTestObject("Object Repository/AdminSuiteBootstrap_Pages/VT_Bootstrap/Receipt/button_Continue")): Object 'Object Repository/AdminSuiteBootstrap_Pages/VT_Bootstrap/Receipt/button_Continue' is visible

2024-07-12 22:25:03 - [MESSAGE][PASSED] - Object 'Object Repository/AdminSuiteBootstrap_Pages/VT_Bootstrap/Receipt/button_Continue' is visible

2024-07-12 22:25:03 - [TEST_STEP][PASSED] - verifyElementPresent(findTestObject("Object Repository/AdminSuiteBootstrap_Pages/VT_Bootstrap/Receipt/button_Continue"), 20): Object 'Object Repository/AdminSuiteBootstrap_Pages/VT_Bootstrap/Receipt/button_Continue' is present

2024-07-12 22:25:04 - [MESSAGE][PASSED] - Object 'Object Repository/AdminSuiteBootstrap_Pages/VT_Bootstrap/Receipt/button_Continue' is present

2024-07-12 22:25:04 - [TEST_STEP][PASSED] - verifyElementVisible(findTestObject("Object Repository/AdminSuiteBootstrap_Pages/VT_Bootstrap/Receipt/button_Print")): Object 'Object Repository/AdminSuiteBootstrap_Pages/VT_Bootstrap/Receipt/button_Print' is visible

2024-07-12 22:25:04 - [MESSAGE][PASSED] - Object 'Object Repository/AdminSuiteBootstrap_Pages/VT_Bootstrap/Receipt/button_Print' is visible

2024-07-12 22:25:04 - [TEST_STEP][PASSED] - verifyElementPresent(findTestObject("Object Repository/AdminSuiteBootstrap_Pages/VT_Bootstrap/Receipt/button_Print"), 20): Object 'Object Repository/AdminSuiteBootstrap_Pages/VT_Bootstrap/Receipt/button_Print' is present

2024-07-12 22:25:04 - [MESSAGE][PASSED] - Object 'Object Repository/AdminSuiteBootstrap_Pages/VT_Bootstrap/Receipt/button_Print' is present

2024-07-12 22:25:04 - [TEST_STEP][PASSED] - verifyTextPresent("Remittance ID", true): Text 'Remittance ID' is present on page  using regular expression

2024-07-12 22:25:05 - [MESSAGE][PASSED] - Text 'Remittance ID' is present on page  using regular expression

2024-07-12 22:25:05 - [TEST_STEP][PASSED] - verifyTextPresent("Received", true): Text 'Received' is present on page  using regular expression

2024-07-12 22:25:05 - [MESSAGE][PASSED] - Text 'Received' is present on page  using regular expression

2024-07-12 22:25:05 - [TEST_STEP][PASSED] - verifyTextPresent("UDF1", true): Text 'UDF1' is present on page  using regular expression

2024-07-12 22:25:05 - [MESSAGE][PASSED] - Text 'UDF1' is present on page  using regular expression

2024-07-12 22:25:05 - [TEST_STEP][PASSED] - verifyTextPresent("UDF2", true): Text 'UDF2' is present on page  using regular expression

2024-07-12 22:25:06 - [MESSAGE][PASSED] - Text 'UDF2' is present on page  using regular expression

2024-07-12 22:25:06 - [TEST_STEP][PASSED] - verifyTextPresent("UDF3", true): Text 'UDF3' is present on page  using regular expression

2024-07-12 22:25:06 - [MESSAGE][PASSED] - Text 'UDF3' is present on page  using regular expression

2024-07-12 22:25:06 - [TEST_STEP][PASSED] - verifyTextPresent("UDF4", true): Text 'UDF4' is present on page  using regular expression

2024-07-12 22:25:06 - [MESSAGE][PASSED] - Text 'UDF4' is present on page  using regular expression

2024-07-12 22:25:06 - [TEST_STEP][PASSED] - verifyTextPresent("UDF5", true): Text 'UDF5' is present on page  using regular expression

2024-07-12 22:25:07 - [MESSAGE][PASSED] - Text 'UDF5' is present on page  using regular expression

2024-07-12 22:25:07 - [TEST_STEP][PASSED] - verifyTextPresent("UDF6", true): Text 'UDF6' is present on page  using regular expression

2024-07-12 22:25:07 - [MESSAGE][PASSED] - Text 'UDF6' is present on page  using regular expression

2024-07-12 22:25:07 - [TEST_STEP][PASSED] - verifyTextPresent("UDF7", true): Text 'UDF7' is present on page  using regular expression

2024-07-12 22:25:07 - [MESSAGE][PASSED] - Text 'UDF7' is present on page  using regular expression

2024-07-12 22:25:07 - [TEST_STEP][PASSED] - verifyTextPresent("UDF8", true): Text 'UDF8' is present on page  using regular expression

2024-07-12 22:25:08 - [MESSAGE][PASSED] - Text 'UDF8' is present on page  using regular expression

2024-07-12 22:25:08 - [TEST_STEP][PASSED] - verifyTextPresent("UDF9", true): Text 'UDF9' is present on page  using regular expression

2024-07-12 22:25:08 - [MESSAGE][PASSED] - Text 'UDF9' is present on page  using regular expression

2024-07-12 22:25:08 - [TEST_STEP][PASSED] - verifyTextPresent("UDF 10", true): Text 'UDF 10' is present on page  using regular expression

2024-07-12 22:25:08 - [MESSAGE][PASSED] - Text 'UDF 10' is present on page  using regular expression

2024-07-12 22:25:08 - [TEST_STEP][PASSED] - verifyTextPresent("Australia", true): Text 'Australia' is present on page  using regular expression

2024-07-12 22:25:09 - [MESSAGE][PASSED] - Text 'Australia' is present on page  using regular expression

2024-07-12 22:25:09 - [TEST_STEP][PASSED] - verifyTextPresent("Denmark", true): Text 'Denmark' is present on page  using regular expression

2024-07-12 22:25:09 - [MESSAGE][PASSED] - Text 'Denmark' is present on page  using regular expression

2024-07-12 22:25:09 - [TEST_STEP][PASSED] - verifyTextPresent("Sweden", true): Text 'Sweden' is present on page  using regular expression

2024-07-12 22:25:09 - [MESSAGE][PASSED] - Text 'Sweden' is present on page  using regular expression

2024-07-12 22:25:09 - [TEST_STEP][PASSED] - verifyTextPresent("Austria", true): Text 'Austria' is present on page  using regular expression

2024-07-12 22:25:10 - [MESSAGE][PASSED] - Text 'Austria' is present on page  using regular expression

2024-07-12 22:25:10 - [TEST_STEP][PASSED] - verifyTextPresent("Orange Recorded", true): Text 'Orange Recorded' is present on page  using regular expression

2024-07-12 22:25:10 - [MESSAGE][PASSED] - Text 'Orange Recorded' is present on page  using regular expression

2024-07-12 22:25:10 - [TEST_STEP][PASSED] - verifyTextPresent("Yellow Recorded", true): Text 'Yellow Recorded' is present on page  using regular expression

2024-07-12 22:25:10 - [MESSAGE][PASSED] - Text 'Yellow Recorded' is present on page  using regular expression

2024-07-12 22:25:10 - [TEST_STEP][PASSED] - verifyTextPresent("Norway", true): Text 'Norway' is present on page  using regular expression

2024-07-12 22:25:11 - [MESSAGE][PASSED] - Text 'Norway' is present on page  using regular expression

2024-07-12 22:25:11 - [TEST_STEP][PASSED] - verifyTextPresent("Netherlands", true): Text 'Netherlands' is present on page  using regular expression

2024-07-12 22:25:11 - [MESSAGE][PASSED] - Text 'Netherlands' is present on page  using regular expression

2024-07-12 22:25:11 - [TEST_STEP][PASSED] - verifyTextPresent("Switzerland", true): Text 'Switzerland' is present on page  using regular expression

2024-07-12 22:25:11 - [MESSAGE][PASSED] - Text 'Switzerland' is present on page  using regular expression

2024-07-12 22:25:11 - [TEST_STEP][PASSED] - verifyTextPresent("France", true): Text 'France' is present on page  using regular expression

2024-07-12 22:25:12 - [MESSAGE][PASSED] - Text 'France' is present on page  using regular expression

2024-07-12 22:25:12 - [TEST_STEP][PASSED] - verifyTextPresent("Amount", true): Text 'Amount' is present on page  using regular expression

2024-07-12 22:25:12 - [MESSAGE][PASSED] - Text 'Amount' is present on page  using regular expression

2024-07-12 22:25:12 - [TEST_STEP][PASSED] - verifyTextPresent("Service Fee", true): Text 'Service Fee' is present on page  using regular expression

2024-07-12 22:25:12 - [MESSAGE][PASSED] - Text 'Service Fee' is present on page  using regular expression

2024-07-12 22:25:12 - [TEST_STEP][PASSED] - verifyTextPresent("Service Fee Type", true): Text 'Service Fee Type' is present on page  using regular expression

2024-07-12 22:25:13 - [MESSAGE][PASSED] - Text 'Service Fee Type' is present on page  using regular expression

2024-07-12 22:25:13 - [TEST_STEP][PASSED] - verifyTextPresent("Total Amount", true): Text 'Total Amount' is present on page  using regular expression

2024-07-12 22:25:13 - [MESSAGE][PASSED] - Text 'Total Amount' is present on page  using regular expression

2024-07-12 22:25:13 - [TEST_STEP][PASSED] - verifyTextPresent("Transaction Type", true): Text 'Transaction Type' is present on page  using regular expression

2024-07-12 22:25:13 - [MESSAGE][PASSED] - Text 'Transaction Type' is present on page  using regular expression

2024-07-12 22:25:13 - [TEST_STEP][PASSED] - verifyTextPresent("10.50", true): Text '10.50' is present on page  using regular expression

2024-07-12 22:25:14 - [MESSAGE][PASSED] - Text '10.50' is present on page  using regular expression

2024-07-12 22:25:14 - [TEST_STEP][PASSED] - verifyTextPresent("5.00", true): Text '5.00' is present on page  using regular expression

2024-07-12 22:25:14 - [MESSAGE][PASSED] - Text '5.00' is present on page  using regular expression

2024-07-12 22:25:14 - [TEST_STEP][PASSED] - verifyTextPresent("Single Transaction", true): Text 'Single Transaction' is present on page  using regular expression

2024-07-12 22:25:14 - [MESSAGE][PASSED] - Text 'Single Transaction' is present on page  using regular expression

2024-07-12 22:25:14 - [TEST_STEP][PASSED] - verifyTextPresent("15.50", true): Text '15.50' is present on page  using regular expression

2024-07-12 22:25:15 - [MESSAGE][PASSED] - Text '15.50' is present on page  using regular expression

2024-07-12 22:25:15 - [TEST_STEP][PASSED] - verifyTextPresent("Authorization", true): Text 'Authorization' is present on page  using regular expression

2024-07-12 22:25:15 - [MESSAGE][PASSED] - Text 'Authorization' is present on page  using regular expression

2024-07-12 22:25:15 - [TEST_STEP][PASSED] - verifyTextPresent("Card Information", true): Text 'Card Information' is present on page  using regular expression

2024-07-12 22:25:15 - [MESSAGE][PASSED] - Text 'Card Information' is present on page  using regular expression

2024-07-12 22:25:15 - [TEST_STEP][PASSED] - cardNameV = findTestData(dataFile).getValue("CardNameV", row): null

2024-07-12 22:25:15 - [TEST_STEP][PASSED] - al1V = findTestData(dataFile).getValue("AL1", row): null

2024-07-12 22:25:16 - [TEST_STEP][PASSED] - al2V = findTestData(dataFile).getValue("AL2", row): null

2024-07-12 22:25:16 - [TEST_STEP][PASSED] - zipV = findTestData(dataFile).getValue("ZIP", row): null

2024-07-12 22:25:16 - [TEST_STEP][PASSED] - cardTypeV = findTestData(dataFile).getValue("CardType", row): null

2024-07-12 22:25:16 - [TEST_STEP][PASSED] - last4V = findTestData(dataFile).getValue("Last4", row): null

2024-07-12 22:25:16 - [TEST_STEP][PASSED] - verifyTextPresent(cardNameV, true): Text 'JANAKI JAMES' is present on page  using regular expression

2024-07-12 22:25:16 - [MESSAGE][PASSED] - Text 'JANAKI JAMES' is present on page  using regular expression

2024-07-12 22:25:16 - [TEST_STEP][PASSED] - verifyTextPresent("Address Line 1", true): Text 'Address Line 1' is present on page  using regular expression

2024-07-12 22:25:17 - [MESSAGE][PASSED] - Text 'Address Line 1' is present on page  using regular expression

2024-07-12 22:25:17 - [TEST_STEP][PASSED] - verifyTextPresent("Address Line 2", true): Text 'Address Line 2' is present on page  using regular expression

2024-07-12 22:25:17 - [MESSAGE][PASSED] - Text 'Address Line 2' is present on page  using regular expression

2024-07-12 22:25:17 - [TEST_STEP][PASSED] - verifyTextPresent("Country", true): Text 'Country' is present on page  using regular expression

2024-07-12 22:25:17 - [MESSAGE][PASSED] - Text 'Country' is present on page  using regular expression

2024-07-12 22:25:17 - [TEST_STEP][PASSED] - verifyTextPresent("City", true): Text 'City' is present on page  using regular expression

2024-07-12 22:25:18 - [MESSAGE][PASSED] - Text 'City' is present on page  using regular expression

2024-07-12 22:25:18 - [TEST_STEP][PASSED] - verifyTextPresent("State", true): Text 'State' is present on page  using regular expression

2024-07-12 22:25:18 - [MESSAGE][PASSED] - Text 'State' is present on page  using regular expression

2024-07-12 22:25:18 - [TEST_STEP][PASSED] - verifyTextPresent("ZIP Code", true): Text 'ZIP Code' is present on page  using regular expression

2024-07-12 22:25:18 - [MESSAGE][PASSED] - Text 'ZIP Code' is present on page  using regular expression

2024-07-12 22:25:18 - [TEST_STEP][PASSED] - verifyTextPresent(al1V, true): Text '1478 Jhatka Palace' is present on page  using regular expression

2024-07-12 22:25:19 - [MESSAGE][PASSED] - Text '1478 Jhatka Palace' is present on page  using regular expression

2024-07-12 22:25:19 - [TEST_STEP][PASSED] - verifyTextPresent(al2V, true): Text 'Suite 500' is present on page  using regular expression

2024-07-12 22:25:19 - [MESSAGE][PASSED] - Text 'Suite 500' is present on page  using regular expression

2024-07-12 22:25:19 - [TEST_STEP][PASSED] - verifyTextPresent("United States", true): Text 'United States' is present on page  using regular expression

2024-07-12 22:25:19 - [MESSAGE][PASSED] - Text 'United States' is present on page  using regular expression

2024-07-12 22:25:19 - [TEST_STEP][PASSED] - verifyTextPresent("ARLINGTON", true): Text 'ARLINGTON' is present on page  using regular expression

2024-07-12 22:25:20 - [MESSAGE][PASSED] - Text 'ARLINGTON' is present on page  using regular expression

2024-07-12 22:25:20 - [TEST_STEP][PASSED] - verifyTextPresent("Virginia", true): Text 'Virginia' is present on page  using regular expression

2024-07-12 22:25:20 - [MESSAGE][PASSED] - Text 'Virginia' is present on page  using regular expression

2024-07-12 22:25:20 - [TEST_STEP][PASSED] - verifyTextPresent(zipV, true): Text '22201' is present on page  using regular expression

2024-07-12 22:25:20 - [MESSAGE][PASSED] - Text '22201' is present on page  using regular expression

2024-07-12 22:25:20 - [TEST_STEP][PASSED] - verifyTextPresent(cardTypeV, true): Text 'MasterCard' is present on page  using regular expression

2024-07-12 22:25:21 - [MESSAGE][PASSED] - Text 'MasterCard' is present on page  using regular expression

2024-07-12 22:25:21 - [TEST_STEP][PASSED] - verifyTextPresent(last4V, true): Text '0035' is present on page  using regular expression

2024-07-12 22:25:21 - [MESSAGE][PASSED] - Text '0035' is present on page  using regular expression

2024-07-12 22:25:21 - [TEST_STEP][PASSED] - closeBrowser(): Browser is closed

2024-07-12 22:25:22 - [MESSAGE][PASSED] - Browser is closed

2024-07-12 22:25:22 - [TEST_STEP][PASSED] - ExecuteTC = findTestData(dataFile).getValue("Execute", row): null

2024-07-12 22:25:22 - [TEST_STEP][PASSED] - out.println("Value of Execute is : " + ExecuteTC): null

2024-07-12 22:25:22 - [TEST_STEP][PASSED] - switch (executionProfile): null

2024-07-12 22:25:22 - [TEST_STEP][PASSED] - case "QA2Profile":: null

2024-07-12 22:25:22 - [TEST_STEP][PASSED] - appName = findTestData(dataFile).getValue("AppNameQA", row): null

2024-07-12 22:25:22 - [TEST_STEP][PASSED] - appID = findTestData(dataFile).getValue("AppIDQA", row): null

2024-07-12 22:25:23 - [TEST_STEP][PASSED] - break: null

2024-07-12 22:25:23 - [TEST_STEP][PASSED] - hrefAppID = li_1 + appID + li_2: null

2024-07-12 22:25:23 - [TEST_STEP][PASSED] - hrefApp = li_1 + appID + "/": null

2024-07-12 22:25:23 - [TEST_STEP][PASSED] - println("hrefApp : " + hrefApp): null

2024-07-12 22:25:23 - [TEST_STEP][PASSED] - if (ExecuteTC.equalsIgnoreCase("Y")): Browser is closed

2024-07-12 22:25:23 - [TEST_STEP][PASSED] - out.println("Begin Record Number: " + row): null

2024-07-12 22:25:23 - [TEST_STEP][PASSED] - today = new java.util.Date(): null

2024-07-12 22:25:23 - [TEST_STEP][PASSED] - println(today): null

2024-07-12 22:25:23 - [TEST_STEP][PASSED] - datText = today: null

2024-07-12 22:25:23 - [TEST_STEP][PASSED] - adminSuiteBootstrap.loginFunctionality.login_AdminSuite(): adminSuiteBootstrap.loginFunctionality.login_AdminSuite is PASSED

2024-07-12 22:25:23 - [MESSAGE][INFO] - Starting 'Chrome' driver

2024-07-12 22:25:23 - [MESSAGE][INFO] - User set preference: ['acceptInsecureCerts', 'true']

2024-07-12 22:25:23 - [MESSAGE][INFO] - Action delay is set to 0 milliseconds

2024-07-12 22:25:25 - [MESSAGE][PASSED] - Browser is opened with url: 'https://qa2.velocitypayment.com/admin/imtiaz'

2024-07-12 22:25:25 - [MESSAGE][PASSED] - Current window maximized

2024-07-12 22:25:26 - [MESSAGE][PASSED] - Object 'Object Repository/Login_Page/Login_Username_Okta' is present

2024-07-12 22:25:27 - [MESSAGE][PASSED] - Text 'iahmed' is set on object 'Object Repository/Login_Page/Login_Username_Okta'

2024-07-12 22:25:28 - [MESSAGE][PASSED] - Text 'Hello!6666666' is set on object 'Object Repository/Login_Page/Login_Password_Okta'

2024-07-12 22:25:28 - [MESSAGE][PASSED] - Object: 'Object Repository/Login_Page/Login_Submit_Okta' is clicked on

2024-07-12 22:25:28 - [MESSAGE][PASSED] - adminSuiteBootstrap.loginFunctionality.login_AdminSuite is PASSED

2024-07-12 22:25:28 - [TEST_STEP][PASSED] - click(findTestObject(path_Dashboard + appName)): Object: 'Object Repository/AdminSuiteBootstrap_Pages/Dashboard_Bootstrap/a_Access AutoSingleCFtpQA' is clicked on

2024-07-12 22:25:37 - [MESSAGE][PASSED] - Object: 'Object Repository/AdminSuiteBootstrap_Pages/Dashboard_Bootstrap/a_Access AutoSingleCFtpQA' is clicked on

2024-07-12 22:25:37 - [TEST_STEP][PASSED] - click(findTestObject(path_VT + "button_Authorization Only")): Object: 'Object Repository/AdminSuiteBootstrap_Pages/VT_Bootstrap/IssueTransactions/button_Authorization Only' is clicked on

2024-07-12 22:25:37 - [MESSAGE][PASSED] - Object: 'Object Repository/AdminSuiteBootstrap_Pages/VT_Bootstrap/IssueTransactions/button_Authorization Only' is clicked on

2024-07-12 22:25:37 - [TEST_STEP][PASSED] - authOnlyKeyboardEntryLink = modifyObjectProperty(findTestObject(path_VT + "a_KeyboardEntry_Sale"), "href", "equals", hrefAppID, true): Modify property of object successfully

2024-07-12 22:25:37 - [MESSAGE][PASSED] - Modify property of object successfully

2024-07-12 22:25:37 - [TEST_STEP][PASSED] - click(authOnlyKeyboardEntryLink): Object: 'Object Repository/AdminSuiteBootstrap_Pages/VT_Bootstrap/IssueTransactions/a_KeyboardEntry_Sale' is clicked on

2024-07-12 22:25:38 - [MESSAGE][PASSED] - Object: 'Object Repository/AdminSuiteBootstrap_Pages/VT_Bootstrap/IssueTransactions/a_KeyboardEntry_Sale' is clicked on

2024-07-12 22:25:38 - [TEST_STEP][PASSED] - adminSuiteBootstrap.virtualTerminalSetData.saleKeyboard_DataDriven(row, dataFile): adminSuiteBootstrap.virtualTerminalSetData.saleKeyboard_DataDriven is PASSED

2024-07-12 22:25:42 - [MESSAGE][PASSED] - Text 'Janaki James' is set on object 'Object Repository/AdminSuiteBootstrap_Pages/VT_Bootstrap/SaleKeyboard/input_cardName'

2024-07-12 22:25:43 - [MESSAGE][PASSED] - All options with value 'MOTO' are selected in object 'Object Repository/AdminSuiteBootstrap_Pages/VT_Bootstrap/SaleKeyboard/select_transactionCategory'  using regular expression

2024-07-12 22:25:43 - [MESSAGE][PASSED] - Execute JavaScript 'arguments[0].value ='371449635392376' ' successfully

2024-07-12 22:25:43 - [MESSAGE][PASSED] - Execute JavaScript 'arguments[0].value ='123' ' successfully

2024-07-12 22:25:45 - [MESSAGE][PASSED] - All options with value '12' are selected in object 'Object Repository/AdminSuiteBootstrap_Pages/VT_Bootstrap/SaleKeyboard/select_MM'  using regular expression

2024-07-12 22:25:46 - [MESSAGE][PASSED] - All options with value '2025' are selected in object 'Object Repository/AdminSuiteBootstrap_Pages/VT_Bootstrap/SaleKeyboard/select_YYYY'  using regular expression

2024-07-12 22:25:46 - [MESSAGE][PASSED] - Text '550 Swan Lake' is set on object 'Object Repository/AdminSuiteBootstrap_Pages/VT_Bootstrap/SaleKeyboard/input__address'

2024-07-12 22:25:47 - [MESSAGE][PASSED] - Text 'Suite 500' is set on object 'Object Repository/AdminSuiteBootstrap_Pages/VT_Bootstrap/SaleKeyboard/input__address2'

2024-07-12 22:25:48 - [MESSAGE][PASSED] - Text '22201' is set on object 'Object Repository/AdminSuiteBootstrap_Pages/VT_Bootstrap/SaleKeyboard/input__zip'

2024-07-12 22:25:49 - [MESSAGE][PASSED] - Text '' is set on object 'Object Repository/AdminSuiteBootstrap_Pages/VT_Bootstrap/SaleKeyboard/input_emailAddress'

2024-07-12 22:25:50 - [MESSAGE][PASSED] - Text '' is set on object 'Object Repository/AdminSuiteBootstrap_Pages/VT_Bootstrap/SaleKeyboard/input_smsNumber'

2024-07-12 22:25:51 - [MESSAGE][PASSED] - Text '10.50' is set on object 'Object Repository/AdminSuiteBootstrap_Pages/VT_Bootstrap/SaleKeyboard/input_amount'

2024-07-12 22:25:52 - [MESSAGE][PASSED] - Text 'Australia' is set on object 'Object Repository/AdminSuiteBootstrap_Pages/VT_Bootstrap/SaleKeyboard/input_userDefined1'

2024-07-12 22:25:53 - [MESSAGE][PASSED] - Text 'Denmark' is set on object 'Object Repository/AdminSuiteBootstrap_Pages/VT_Bootstrap/SaleKeyboard/input_userDefined2'

2024-07-12 22:25:53 - [MESSAGE][PASSED] - Text 'Sweden' is set on object 'Object Repository/AdminSuiteBootstrap_Pages/VT_Bootstrap/SaleKeyboard/input_userDefined3'

2024-07-12 22:25:54 - [MESSAGE][PASSED] - Text 'Austria' is set on object 'Object Repository/AdminSuiteBootstrap_Pages/VT_Bootstrap/SaleKeyboard/input_userDefined4'

2024-07-12 22:25:55 - [MESSAGE][PASSED] - All options with label 'Orange' are selected in object 'Object Repository/AdminSuiteBootstrap_Pages/VT_Bootstrap/SaleKeyboard/select_UDF5_DropDown'  using regular expression

2024-07-12 22:25:56 - [MESSAGE][PASSED] - All options with label 'Yellow' are selected in object 'Object Repository/AdminSuiteBootstrap_Pages/VT_Bootstrap/SaleKeyboard/select_UDF6_DropDown'  using regular expression

2024-07-12 22:25:57 - [MESSAGE][PASSED] - Text 'Norway' is set on object 'Object Repository/AdminSuiteBootstrap_Pages/VT_Bootstrap/SaleKeyboard/input_userDefined7'

2024-07-12 22:25:58 - [MESSAGE][PASSED] - Text 'Netherlands' is set on object 'Object Repository/AdminSuiteBootstrap_Pages/VT_Bootstrap/SaleKeyboard/input_userDefined8'

2024-07-12 22:25:58 - [MESSAGE][PASSED] - Text 'Switzerland' is set on object 'Object Repository/AdminSuiteBootstrap_Pages/VT_Bootstrap/SaleKeyboard/input_userDefined9'

2024-07-12 22:25:59 - [MESSAGE][PASSED] - Text 'France' is set on object 'Object Repository/AdminSuiteBootstrap_Pages/VT_Bootstrap/SaleKeyboard/input_userDefined10'

2024-07-12 22:26:00 - [MESSAGE][PASSED] - Object: 'Object Repository/AdminSuiteBootstrap_Pages/VT_Bootstrap/SaleKeyboard/button_Submit' is clicked on

2024-07-12 22:26:00 - [MESSAGE][PASSED] - adminSuiteBootstrap.virtualTerminalSetData.saleKeyboard_DataDriven is PASSED

2024-07-12 22:26:00 - [TEST_STEP][PASSED] - verifyTextPresent("Transaction Successful", true): Text 'Transaction Successful' is present on page  using regular expression

2024-07-12 22:26:01 - [MESSAGE][PASSED] - Text 'Transaction Successful' is present on page  using regular expression

2024-07-12 22:26:01 - [TEST_STEP][PASSED] - verifyElementVisible(findTestObject("Object Repository/AdminSuiteBootstrap_Pages/VT_Bootstrap/Receipt/button_Continue")): Object 'Object Repository/AdminSuiteBootstrap_Pages/VT_Bootstrap/Receipt/button_Continue' is visible

2024-07-12 22:26:01 - [MESSAGE][PASSED] - Object 'Object Repository/AdminSuiteBootstrap_Pages/VT_Bootstrap/Receipt/button_Continue' is visible

2024-07-12 22:26:01 - [TEST_STEP][PASSED] - verifyElementPresent(findTestObject("Object Repository/AdminSuiteBootstrap_Pages/VT_Bootstrap/Receipt/button_Continue"), 20): Object 'Object Repository/AdminSuiteBootstrap_Pages/VT_Bootstrap/Receipt/button_Continue' is present

2024-07-12 22:26:02 - [MESSAGE][PASSED] - Object 'Object Repository/AdminSuiteBootstrap_Pages/VT_Bootstrap/Receipt/button_Continue' is present

2024-07-12 22:26:02 - [TEST_STEP][PASSED] - verifyElementVisible(findTestObject("Object Repository/AdminSuiteBootstrap_Pages/VT_Bootstrap/Receipt/button_Print")): Object 'Object Repository/AdminSuiteBootstrap_Pages/VT_Bootstrap/Receipt/button_Print' is visible

2024-07-12 22:26:02 - [MESSAGE][PASSED] - Object 'Object Repository/AdminSuiteBootstrap_Pages/VT_Bootstrap/Receipt/button_Print' is visible

2024-07-12 22:26:02 - [TEST_STEP][PASSED] - verifyElementPresent(findTestObject("Object Repository/AdminSuiteBootstrap_Pages/VT_Bootstrap/Receipt/button_Print"), 20): Object 'Object Repository/AdminSuiteBootstrap_Pages/VT_Bootstrap/Receipt/button_Print' is present

2024-07-12 22:26:02 - [MESSAGE][PASSED] - Object 'Object Repository/AdminSuiteBootstrap_Pages/VT_Bootstrap/Receipt/button_Print' is present

2024-07-12 22:26:02 - [TEST_STEP][PASSED] - verifyTextPresent("Remittance ID", true): Text 'Remittance ID' is present on page  using regular expression

2024-07-12 22:26:03 - [MESSAGE][PASSED] - Text 'Remittance ID' is present on page  using regular expression

2024-07-12 22:26:03 - [TEST_STEP][PASSED] - verifyTextPresent("Received", true): Text 'Received' is present on page  using regular expression

2024-07-12 22:26:03 - [MESSAGE][PASSED] - Text 'Received' is present on page  using regular expression

2024-07-12 22:26:03 - [TEST_STEP][PASSED] - verifyTextPresent("UDF1", true): Text 'UDF1' is present on page  using regular expression

2024-07-12 22:26:03 - [MESSAGE][PASSED] - Text 'UDF1' is present on page  using regular expression

2024-07-12 22:26:03 - [TEST_STEP][PASSED] - verifyTextPresent("UDF2", true): Text 'UDF2' is present on page  using regular expression

2024-07-12 22:26:04 - [MESSAGE][PASSED] - Text 'UDF2' is present on page  using regular expression

2024-07-12 22:26:04 - [TEST_STEP][PASSED] - verifyTextPresent("UDF3", true): Text 'UDF3' is present on page  using regular expression

2024-07-12 22:26:04 - [MESSAGE][PASSED] - Text 'UDF3' is present on page  using regular expression

2024-07-12 22:26:04 - [TEST_STEP][PASSED] - verifyTextPresent("UDF4", true): Text 'UDF4' is present on page  using regular expression

2024-07-12 22:26:04 - [MESSAGE][PASSED] - Text 'UDF4' is present on page  using regular expression

2024-07-12 22:26:04 - [TEST_STEP][PASSED] - verifyTextPresent("UDF5", true): Text 'UDF5' is present on page  using regular expression

2024-07-12 22:26:05 - [MESSAGE][PASSED] - Text 'UDF5' is present on page  using regular expression

2024-07-12 22:26:05 - [TEST_STEP][PASSED] - verifyTextPresent("UDF6", true): Text 'UDF6' is present on page  using regular expression

2024-07-12 22:26:05 - [MESSAGE][PASSED] - Text 'UDF6' is present on page  using regular expression

2024-07-12 22:26:05 - [TEST_STEP][PASSED] - verifyTextPresent("UDF7", true): Text 'UDF7' is present on page  using regular expression

2024-07-12 22:26:05 - [MESSAGE][PASSED] - Text 'UDF7' is present on page  using regular expression

2024-07-12 22:26:05 - [TEST_STEP][PASSED] - verifyTextPresent("UDF8", true): Text 'UDF8' is present on page  using regular expression

2024-07-12 22:26:06 - [MESSAGE][PASSED] - Text 'UDF8' is present on page  using regular expression

2024-07-12 22:26:06 - [TEST_STEP][PASSED] - verifyTextPresent("UDF9", true): Text 'UDF9' is present on page  using regular expression

2024-07-12 22:26:06 - [MESSAGE][PASSED] - Text 'UDF9' is present on page  using regular expression

2024-07-12 22:26:06 - [TEST_STEP][PASSED] - verifyTextPresent("UDF 10", true): Text 'UDF 10' is present on page  using regular expression

2024-07-12 22:26:06 - [MESSAGE][PASSED] - Text 'UDF 10' is present on page  using regular expression

2024-07-12 22:26:06 - [TEST_STEP][PASSED] - verifyTextPresent("Australia", true): Text 'Australia' is present on page  using regular expression

2024-07-12 22:26:07 - [MESSAGE][PASSED] - Text 'Australia' is present on page  using regular expression

2024-07-12 22:26:07 - [TEST_STEP][PASSED] - verifyTextPresent("Denmark", true): Text 'Denmark' is present on page  using regular expression

2024-07-12 22:26:07 - [MESSAGE][PASSED] - Text 'Denmark' is present on page  using regular expression

2024-07-12 22:26:07 - [TEST_STEP][PASSED] - verifyTextPresent("Sweden", true): Text 'Sweden' is present on page  using regular expression

2024-07-12 22:26:07 - [MESSAGE][PASSED] - Text 'Sweden' is present on page  using regular expression

2024-07-12 22:26:07 - [TEST_STEP][PASSED] - verifyTextPresent("Austria", true): Text 'Austria' is present on page  using regular expression

2024-07-12 22:26:08 - [MESSAGE][PASSED] - Text 'Austria' is present on page  using regular expression

2024-07-12 22:26:08 - [TEST_STEP][PASSED] - verifyTextPresent("Orange Recorded", true): Text 'Orange Recorded' is present on page  using regular expression

2024-07-12 22:26:08 - [MESSAGE][PASSED] - Text 'Orange Recorded' is present on page  using regular expression

2024-07-12 22:26:08 - [TEST_STEP][PASSED] - verifyTextPresent("Yellow Recorded", true): Text 'Yellow Recorded' is present on page  using regular expression

2024-07-12 22:26:08 - [MESSAGE][PASSED] - Text 'Yellow Recorded' is present on page  using regular expression

2024-07-12 22:26:08 - [TEST_STEP][PASSED] - verifyTextPresent("Norway", true): Text 'Norway' is present on page  using regular expression

2024-07-12 22:26:09 - [MESSAGE][PASSED] - Text 'Norway' is present on page  using regular expression

2024-07-12 22:26:09 - [TEST_STEP][PASSED] - verifyTextPresent("Netherlands", true): Text 'Netherlands' is present on page  using regular expression

2024-07-12 22:26:09 - [MESSAGE][PASSED] - Text 'Netherlands' is present on page  using regular expression

2024-07-12 22:26:09 - [TEST_STEP][PASSED] - verifyTextPresent("Switzerland", true): Text 'Switzerland' is present on page  using regular expression

2024-07-12 22:26:09 - [MESSAGE][PASSED] - Text 'Switzerland' is present on page  using regular expression

2024-07-12 22:26:09 - [TEST_STEP][PASSED] - verifyTextPresent("France", true): Text 'France' is present on page  using regular expression

2024-07-12 22:26:10 - [MESSAGE][PASSED] - Text 'France' is present on page  using regular expression

2024-07-12 22:26:10 - [TEST_STEP][PASSED] - verifyTextPresent("Amount", true): Text 'Amount' is present on page  using regular expression

2024-07-12 22:26:10 - [MESSAGE][PASSED] - Text 'Amount' is present on page  using regular expression

2024-07-12 22:26:10 - [TEST_STEP][PASSED] - verifyTextPresent("Service Fee", true): Text 'Service Fee' is present on page  using regular expression

2024-07-12 22:26:10 - [MESSAGE][PASSED] - Text 'Service Fee' is present on page  using regular expression

2024-07-12 22:26:10 - [TEST_STEP][PASSED] - verifyTextPresent("Service Fee Type", true): Text 'Service Fee Type' is present on page  using regular expression

2024-07-12 22:26:11 - [MESSAGE][PASSED] - Text 'Service Fee Type' is present on page  using regular expression

2024-07-12 22:26:11 - [TEST_STEP][PASSED] - verifyTextPresent("Total Amount", true): Text 'Total Amount' is present on page  using regular expression

2024-07-12 22:26:11 - [MESSAGE][PASSED] - Text 'Total Amount' is present on page  using regular expression

2024-07-12 22:26:11 - [TEST_STEP][PASSED] - verifyTextPresent("Transaction Type", true): Text 'Transaction Type' is present on page  using regular expression

2024-07-12 22:26:11 - [MESSAGE][PASSED] - Text 'Transaction Type' is present on page  using regular expression

2024-07-12 22:26:11 - [TEST_STEP][PASSED] - verifyTextPresent("10.50", true): Text '10.50' is present on page  using regular expression

2024-07-12 22:26:12 - [MESSAGE][PASSED] - Text '10.50' is present on page  using regular expression

2024-07-12 22:26:12 - [TEST_STEP][PASSED] - verifyTextPresent("5.00", true): Text '5.00' is present on page  using regular expression

2024-07-12 22:26:12 - [MESSAGE][PASSED] - Text '5.00' is present on page  using regular expression

2024-07-12 22:26:12 - [TEST_STEP][PASSED] - verifyTextPresent("Single Transaction", true): Text 'Single Transaction' is present on page  using regular expression

2024-07-12 22:26:12 - [MESSAGE][PASSED] - Text 'Single Transaction' is present on page  using regular expression

2024-07-12 22:26:12 - [TEST_STEP][PASSED] - verifyTextPresent("15.50", true): Text '15.50' is present on page  using regular expression

2024-07-12 22:26:13 - [MESSAGE][PASSED] - Text '15.50' is present on page  using regular expression

2024-07-12 22:26:13 - [TEST_STEP][PASSED] - verifyTextPresent("Authorization", true): Text 'Authorization' is present on page  using regular expression

2024-07-12 22:26:13 - [MESSAGE][PASSED] - Text 'Authorization' is present on page  using regular expression

2024-07-12 22:26:13 - [TEST_STEP][PASSED] - verifyTextPresent("Card Information", true): Text 'Card Information' is present on page  using regular expression

2024-07-12 22:26:13 - [MESSAGE][PASSED] - Text 'Card Information' is present on page  using regular expression

2024-07-12 22:26:13 - [TEST_STEP][PASSED] - cardNameV = findTestData(dataFile).getValue("CardNameV", row): null

2024-07-12 22:26:13 - [TEST_STEP][PASSED] - al1V = findTestData(dataFile).getValue("AL1", row): null

2024-07-12 22:26:14 - [TEST_STEP][PASSED] - al2V = findTestData(dataFile).getValue("AL2", row): null

2024-07-12 22:26:14 - [TEST_STEP][PASSED] - zipV = findTestData(dataFile).getValue("ZIP", row): null

2024-07-12 22:26:14 - [TEST_STEP][PASSED] - cardTypeV = findTestData(dataFile).getValue("CardType", row): null

2024-07-12 22:26:14 - [TEST_STEP][PASSED] - last4V = findTestData(dataFile).getValue("Last4", row): null

2024-07-12 22:26:14 - [TEST_STEP][PASSED] - verifyTextPresent(cardNameV, true): Text 'JANAKI JAMES' is present on page  using regular expression

2024-07-12 22:26:14 - [MESSAGE][PASSED] - Text 'JANAKI JAMES' is present on page  using regular expression

2024-07-12 22:26:14 - [TEST_STEP][PASSED] - verifyTextPresent("Address Line 1", true): Text 'Address Line 1' is present on page  using regular expression

2024-07-12 22:26:15 - [MESSAGE][PASSED] - Text 'Address Line 1' is present on page  using regular expression

2024-07-12 22:26:15 - [TEST_STEP][PASSED] - verifyTextPresent("Address Line 2", true): Text 'Address Line 2' is present on page  using regular expression

2024-07-12 22:26:15 - [MESSAGE][PASSED] - Text 'Address Line 2' is present on page  using regular expression

2024-07-12 22:26:15 - [TEST_STEP][PASSED] - verifyTextPresent("Country", true): Text 'Country' is present on page  using regular expression

2024-07-12 22:26:15 - [MESSAGE][PASSED] - Text 'Country' is present on page  using regular expression

2024-07-12 22:26:15 - [TEST_STEP][PASSED] - verifyTextPresent("City", true): Text 'City' is present on page  using regular expression

2024-07-12 22:26:16 - [MESSAGE][PASSED] - Text 'City' is present on page  using regular expression

2024-07-12 22:26:16 - [TEST_STEP][PASSED] - verifyTextPresent("State", true): Text 'State' is present on page  using regular expression

2024-07-12 22:26:16 - [MESSAGE][PASSED] - Text 'State' is present on page  using regular expression

2024-07-12 22:26:16 - [TEST_STEP][PASSED] - verifyTextPresent("ZIP Code", true): Text 'ZIP Code' is present on page  using regular expression

2024-07-12 22:26:16 - [MESSAGE][PASSED] - Text 'ZIP Code' is present on page  using regular expression

2024-07-12 22:26:16 - [TEST_STEP][PASSED] - verifyTextPresent(al1V, true): Text '550 Swan Lake' is present on page  using regular expression

2024-07-12 22:26:17 - [MESSAGE][PASSED] - Text '550 Swan Lake' is present on page  using regular expression

2024-07-12 22:26:17 - [TEST_STEP][PASSED] - verifyTextPresent(al2V, true): Text 'Suite 500' is present on page  using regular expression

2024-07-12 22:26:17 - [MESSAGE][PASSED] - Text 'Suite 500' is present on page  using regular expression

2024-07-12 22:26:17 - [TEST_STEP][PASSED] - verifyTextPresent("United States", true): Text 'United States' is present on page  using regular expression

2024-07-12 22:26:17 - [MESSAGE][PASSED] - Text 'United States' is present on page  using regular expression

2024-07-12 22:26:17 - [TEST_STEP][PASSED] - verifyTextPresent("ARLINGTON", true): Text 'ARLINGTON' is present on page  using regular expression

2024-07-12 22:26:18 - [MESSAGE][PASSED] - Text 'ARLINGTON' is present on page  using regular expression

2024-07-12 22:26:18 - [TEST_STEP][PASSED] - verifyTextPresent("Virginia", true): Text 'Virginia' is present on page  using regular expression

2024-07-12 22:26:18 - [MESSAGE][PASSED] - Text 'Virginia' is present on page  using regular expression

2024-07-12 22:26:18 - [TEST_STEP][PASSED] - verifyTextPresent(zipV, true): Text '22201' is present on page  using regular expression

2024-07-12 22:26:18 - [MESSAGE][PASSED] - Text '22201' is present on page  using regular expression

2024-07-12 22:26:18 - [TEST_STEP][PASSED] - verifyTextPresent(cardTypeV, true): Text 'American Express' is present on page  using regular expression

2024-07-12 22:26:19 - [MESSAGE][PASSED] - Text 'American Express' is present on page  using regular expression

2024-07-12 22:26:19 - [TEST_STEP][PASSED] - verifyTextPresent(last4V, true): Text '2376' is present on page  using regular expression

2024-07-12 22:26:19 - [MESSAGE][PASSED] - Text '2376' is present on page  using regular expression

2024-07-12 22:26:19 - [TEST_STEP][PASSED] - closeBrowser(): Browser is closed

2024-07-12 22:26:20 - [MESSAGE][PASSED] - Browser is closed

2024-07-12 22:26:20 - [TEST_STEP][PASSED] - ExecuteTC = findTestData(dataFile).getValue("Execute", row): null

2024-07-12 22:26:20 - [TEST_STEP][PASSED] - out.println("Value of Execute is : " + ExecuteTC): null

2024-07-12 22:26:20 - [TEST_STEP][PASSED] - switch (executionProfile): null

2024-07-12 22:26:20 - [TEST_STEP][PASSED] - case "QA2Profile":: null

2024-07-12 22:26:20 - [TEST_STEP][PASSED] - appName = findTestData(dataFile).getValue("AppNameQA", row): null

2024-07-12 22:26:20 - [TEST_STEP][PASSED] - appID = findTestData(dataFile).getValue("AppIDQA", row): null

2024-07-12 22:26:20 - [TEST_STEP][PASSED] - break: null

2024-07-12 22:26:20 - [TEST_STEP][PASSED] - hrefAppID = li_1 + appID + li_2: null

2024-07-12 22:26:20 - [TEST_STEP][PASSED] - hrefApp = li_1 + appID + "/": null

2024-07-12 22:26:20 - [TEST_STEP][PASSED] - println("hrefApp : " + hrefApp): null

2024-07-12 22:26:20 - [TEST_STEP][PASSED] - if (ExecuteTC.equalsIgnoreCase("Y")): Browser is closed

2024-07-12 22:26:20 - [TEST_STEP][PASSED] - out.println("Begin Record Number: " + row): null

2024-07-12 22:26:20 - [TEST_STEP][PASSED] - today = new java.util.Date(): null

2024-07-12 22:26:20 - [TEST_STEP][PASSED] - println(today): null

2024-07-12 22:26:20 - [TEST_STEP][PASSED] - datText = today: null

2024-07-12 22:26:20 - [TEST_STEP][PASSED] - adminSuiteBootstrap.loginFunctionality.login_AdminSuite(): adminSuiteBootstrap.loginFunctionality.login_AdminSuite is PASSED

2024-07-12 22:26:21 - [MESSAGE][INFO] - Starting 'Chrome' driver

2024-07-12 22:26:21 - [MESSAGE][INFO] - User set preference: ['acceptInsecureCerts', 'true']

2024-07-12 22:26:21 - [MESSAGE][INFO] - Action delay is set to 0 milliseconds

2024-07-12 22:26:23 - [MESSAGE][PASSED] - Browser is opened with url: 'https://qa2.velocitypayment.com/admin/imtiaz'

2024-07-12 22:26:23 - [MESSAGE][PASSED] - Current window maximized

2024-07-12 22:26:24 - [MESSAGE][PASSED] - Object 'Object Repository/Login_Page/Login_Username_Okta' is present

2024-07-12 22:26:25 - [MESSAGE][PASSED] - Text 'iahmed' is set on object 'Object Repository/Login_Page/Login_Username_Okta'

2024-07-12 22:26:25 - [MESSAGE][PASSED] - Text 'Hello!6666666' is set on object 'Object Repository/Login_Page/Login_Password_Okta'

2024-07-12 22:26:26 - [MESSAGE][PASSED] - Object: 'Object Repository/Login_Page/Login_Submit_Okta' is clicked on

2024-07-12 22:26:26 - [MESSAGE][PASSED] - adminSuiteBootstrap.loginFunctionality.login_AdminSuite is PASSED

2024-07-12 22:26:26 - [TEST_STEP][PASSED] - click(findTestObject(path_Dashboard + appName)): Object: 'Object Repository/AdminSuiteBootstrap_Pages/Dashboard_Bootstrap/a_Access AutoSingleCFtpQA' is clicked on

2024-07-12 22:26:38 - [MESSAGE][PASSED] - Object: 'Object Repository/AdminSuiteBootstrap_Pages/Dashboard_Bootstrap/a_Access AutoSingleCFtpQA' is clicked on

2024-07-12 22:26:38 - [TEST_STEP][PASSED] - click(findTestObject(path_VT + "button_Authorization Only")): Object: 'Object Repository/AdminSuiteBootstrap_Pages/VT_Bootstrap/IssueTransactions/button_Authorization Only' is clicked on

2024-07-12 22:26:38 - [MESSAGE][PASSED] - Object: 'Object Repository/AdminSuiteBootstrap_Pages/VT_Bootstrap/IssueTransactions/button_Authorization Only' is clicked on

2024-07-12 22:26:38 - [TEST_STEP][PASSED] - authOnlyKeyboardEntryLink = modifyObjectProperty(findTestObject(path_VT + "a_KeyboardEntry_Sale"), "href", "equals", hrefAppID, true): Modify property of object successfully

2024-07-12 22:26:38 - [MESSAGE][PASSED] - Modify property of object successfully

2024-07-12 22:26:38 - [TEST_STEP][PASSED] - click(authOnlyKeyboardEntryLink): Object: 'Object Repository/AdminSuiteBootstrap_Pages/VT_Bootstrap/IssueTransactions/a_KeyboardEntry_Sale' is clicked on

2024-07-12 22:26:39 - [MESSAGE][PASSED] - Object: 'Object Repository/AdminSuiteBootstrap_Pages/VT_Bootstrap/IssueTransactions/a_KeyboardEntry_Sale' is clicked on

2024-07-12 22:26:39 - [TEST_STEP][PASSED] - adminSuiteBootstrap.virtualTerminalSetData.saleKeyboard_DataDriven(row, dataFile): adminSuiteBootstrap.virtualTerminalSetData.saleKeyboard_DataDriven is PASSED

2024-07-12 22:26:42 - [MESSAGE][PASSED] - Text 'Janaki James' is set on object 'Object Repository/AdminSuiteBootstrap_Pages/VT_Bootstrap/SaleKeyboard/input_cardName'

2024-07-12 22:26:43 - [MESSAGE][PASSED] - All options with value 'MOTO' are selected in object 'Object Repository/AdminSuiteBootstrap_Pages/VT_Bootstrap/SaleKeyboard/select_transactionCategory'  using regular expression

2024-07-12 22:26:44 - [MESSAGE][PASSED] - Execute JavaScript 'arguments[0].value ='6011000993026909' ' successfully

2024-07-12 22:26:44 - [MESSAGE][PASSED] - Execute JavaScript 'arguments[0].value ='123' ' successfully

2024-07-12 22:26:45 - [MESSAGE][PASSED] - All options with value '12' are selected in object 'Object Repository/AdminSuiteBootstrap_Pages/VT_Bootstrap/SaleKeyboard/select_MM'  using regular expression

2024-07-12 22:26:46 - [MESSAGE][PASSED] - All options with value '2025' are selected in object 'Object Repository/AdminSuiteBootstrap_Pages/VT_Bootstrap/SaleKeyboard/select_YYYY'  using regular expression

2024-07-12 22:26:47 - [MESSAGE][PASSED] - Text '25987 Hill Top' is set on object 'Object Repository/AdminSuiteBootstrap_Pages/VT_Bootstrap/SaleKeyboard/input__address'

2024-07-12 22:26:48 - [MESSAGE][PASSED] - Text 'Suite 500' is set on object 'Object Repository/AdminSuiteBootstrap_Pages/VT_Bootstrap/SaleKeyboard/input__address2'

2024-07-12 22:26:49 - [MESSAGE][PASSED] - Text '22201' is set on object 'Object Repository/AdminSuiteBootstrap_Pages/VT_Bootstrap/SaleKeyboard/input__zip'

2024-07-12 22:26:49 - [MESSAGE][PASSED] - Text '' is set on object 'Object Repository/AdminSuiteBootstrap_Pages/VT_Bootstrap/SaleKeyboard/input_emailAddress'

2024-07-12 22:26:51 - [MESSAGE][PASSED] - Text '' is set on object 'Object Repository/AdminSuiteBootstrap_Pages/VT_Bootstrap/SaleKeyboard/input_smsNumber'

2024-07-12 22:26:51 - [MESSAGE][PASSED] - Text '10.50' is set on object 'Object Repository/AdminSuiteBootstrap_Pages/VT_Bootstrap/SaleKeyboard/input_amount'

2024-07-12 22:26:52 - [MESSAGE][PASSED] - Text 'Australia' is set on object 'Object Repository/AdminSuiteBootstrap_Pages/VT_Bootstrap/SaleKeyboard/input_userDefined1'

2024-07-12 22:26:53 - [MESSAGE][PASSED] - Text 'Denmark' is set on object 'Object Repository/AdminSuiteBootstrap_Pages/VT_Bootstrap/SaleKeyboard/input_userDefined2'

2024-07-12 22:26:54 - [MESSAGE][PASSED] - Text 'Sweden' is set on object 'Object Repository/AdminSuiteBootstrap_Pages/VT_Bootstrap/SaleKeyboard/input_userDefined3'

2024-07-12 22:26:55 - [MESSAGE][PASSED] - Text 'Austria' is set on object 'Object Repository/AdminSuiteBootstrap_Pages/VT_Bootstrap/SaleKeyboard/input_userDefined4'

2024-07-12 22:26:56 - [MESSAGE][PASSED] - All options with label 'Orange' are selected in object 'Object Repository/AdminSuiteBootstrap_Pages/VT_Bootstrap/SaleKeyboard/select_UDF5_DropDown'  using regular expression

2024-07-12 22:26:57 - [MESSAGE][PASSED] - All options with label 'Yellow' are selected in object 'Object Repository/AdminSuiteBootstrap_Pages/VT_Bootstrap/SaleKeyboard/select_UDF6_DropDown'  using regular expression

2024-07-12 22:26:57 - [MESSAGE][PASSED] - Text 'Norway' is set on object 'Object Repository/AdminSuiteBootstrap_Pages/VT_Bootstrap/SaleKeyboard/input_userDefined7'

2024-07-12 22:26:58 - [MESSAGE][PASSED] - Text 'Netherlands' is set on object 'Object Repository/AdminSuiteBootstrap_Pages/VT_Bootstrap/SaleKeyboard/input_userDefined8'

2024-07-12 22:26:59 - [MESSAGE][PASSED] - Text 'Switzerland' is set on object 'Object Repository/AdminSuiteBootstrap_Pages/VT_Bootstrap/SaleKeyboard/input_userDefined9'

2024-07-12 22:27:00 - [MESSAGE][PASSED] - Text 'France' is set on object 'Object Repository/AdminSuiteBootstrap_Pages/VT_Bootstrap/SaleKeyboard/input_userDefined10'

2024-07-12 22:27:01 - [MESSAGE][PASSED] - Object: 'Object Repository/AdminSuiteBootstrap_Pages/VT_Bootstrap/SaleKeyboard/button_Submit' is clicked on

2024-07-12 22:27:01 - [MESSAGE][PASSED] - adminSuiteBootstrap.virtualTerminalSetData.saleKeyboard_DataDriven is PASSED

2024-07-12 22:27:01 - [TEST_STEP][PASSED] - verifyTextPresent("Transaction Successful", true): Text 'Transaction Successful' is present on page  using regular expression

2024-07-12 22:27:01 - [MESSAGE][PASSED] - Text 'Transaction Successful' is present on page  using regular expression

2024-07-12 22:27:01 - [TEST_STEP][PASSED] - verifyElementVisible(findTestObject("Object Repository/AdminSuiteBootstrap_Pages/VT_Bootstrap/Receipt/button_Continue")): Object 'Object Repository/AdminSuiteBootstrap_Pages/VT_Bootstrap/Receipt/button_Continue' is visible

2024-07-12 22:27:02 - [MESSAGE][PASSED] - Object 'Object Repository/AdminSuiteBootstrap_Pages/VT_Bootstrap/Receipt/button_Continue' is visible

2024-07-12 22:27:02 - [TEST_STEP][PASSED] - verifyElementPresent(findTestObject("Object Repository/AdminSuiteBootstrap_Pages/VT_Bootstrap/Receipt/button_Continue"), 20): Object 'Object Repository/AdminSuiteBootstrap_Pages/VT_Bootstrap/Receipt/button_Continue' is present

2024-07-12 22:27:02 - [MESSAGE][PASSED] - Object 'Object Repository/AdminSuiteBootstrap_Pages/VT_Bootstrap/Receipt/button_Continue' is present

2024-07-12 22:27:02 - [TEST_STEP][PASSED] - verifyElementVisible(findTestObject("Object Repository/AdminSuiteBootstrap_Pages/VT_Bootstrap/Receipt/button_Print")): Object 'Object Repository/AdminSuiteBootstrap_Pages/VT_Bootstrap/Receipt/button_Print' is visible

2024-07-12 22:27:03 - [MESSAGE][PASSED] - Object 'Object Repository/AdminSuiteBootstrap_Pages/VT_Bootstrap/Receipt/button_Print' is visible

2024-07-12 22:27:03 - [TEST_STEP][PASSED] - verifyElementPresent(findTestObject("Object Repository/AdminSuiteBootstrap_Pages/VT_Bootstrap/Receipt/button_Print"), 20): Object 'Object Repository/AdminSuiteBootstrap_Pages/VT_Bootstrap/Receipt/button_Print' is present

2024-07-12 22:27:03 - [MESSAGE][PASSED] - Object 'Object Repository/AdminSuiteBootstrap_Pages/VT_Bootstrap/Receipt/button_Print' is present

2024-07-12 22:27:03 - [TEST_STEP][PASSED] - verifyTextPresent("Remittance ID", true): Text 'Remittance ID' is present on page  using regular expression

2024-07-12 22:27:03 - [MESSAGE][PASSED] - Text 'Remittance ID' is present on page  using regular expression

2024-07-12 22:27:03 - [TEST_STEP][PASSED] - verifyTextPresent("Received", true): Text 'Received' is present on page  using regular expression

2024-07-12 22:27:04 - [MESSAGE][PASSED] - Text 'Received' is present on page  using regular expression

2024-07-12 22:27:04 - [TEST_STEP][PASSED] - verifyTextPresent("UDF1", true): Text 'UDF1' is present on page  using regular expression

2024-07-12 22:27:04 - [MESSAGE][PASSED] - Text 'UDF1' is present on page  using regular expression

2024-07-12 22:27:04 - [TEST_STEP][PASSED] - verifyTextPresent("UDF2", true): Text 'UDF2' is present on page  using regular expression

2024-07-12 22:27:04 - [MESSAGE][PASSED] - Text 'UDF2' is present on page  using regular expression

2024-07-12 22:27:04 - [TEST_STEP][PASSED] - verifyTextPresent("UDF3", true): Text 'UDF3' is present on page  using regular expression

2024-07-12 22:27:05 - [MESSAGE][PASSED] - Text 'UDF3' is present on page  using regular expression

2024-07-12 22:27:05 - [TEST_STEP][PASSED] - verifyTextPresent("UDF4", true): Text 'UDF4' is present on page  using regular expression

2024-07-12 22:27:05 - [MESSAGE][PASSED] - Text 'UDF4' is present on page  using regular expression

2024-07-12 22:27:05 - [TEST_STEP][PASSED] - verifyTextPresent("UDF5", true): Text 'UDF5' is present on page  using regular expression

2024-07-12 22:27:05 - [MESSAGE][PASSED] - Text 'UDF5' is present on page  using regular expression

2024-07-12 22:27:05 - [TEST_STEP][PASSED] - verifyTextPresent("UDF6", true): Text 'UDF6' is present on page  using regular expression

2024-07-12 22:27:06 - [MESSAGE][PASSED] - Text 'UDF6' is present on page  using regular expression

2024-07-12 22:27:06 - [TEST_STEP][PASSED] - verifyTextPresent("UDF7", true): Text 'UDF7' is present on page  using regular expression

2024-07-12 22:27:06 - [MESSAGE][PASSED] - Text 'UDF7' is present on page  using regular expression

2024-07-12 22:27:06 - [TEST_STEP][PASSED] - verifyTextPresent("UDF8", true): Text 'UDF8' is present on page  using regular expression

2024-07-12 22:27:06 - [MESSAGE][PASSED] - Text 'UDF8' is present on page  using regular expression

2024-07-12 22:27:06 - [TEST_STEP][PASSED] - verifyTextPresent("UDF9", true): Text 'UDF9' is present on page  using regular expression

2024-07-12 22:27:06 - [MESSAGE][PASSED] - Text 'UDF9' is present on page  using regular expression

2024-07-12 22:27:06 - [TEST_STEP][PASSED] - verifyTextPresent("UDF 10", true): Text 'UDF 10' is present on page  using regular expression

2024-07-12 22:27:07 - [MESSAGE][PASSED] - Text 'UDF 10' is present on page  using regular expression

2024-07-12 22:27:07 - [TEST_STEP][PASSED] - verifyTextPresent("Australia", true): Text 'Australia' is present on page  using regular expression

2024-07-12 22:27:07 - [MESSAGE][PASSED] - Text 'Australia' is present on page  using regular expression

2024-07-12 22:27:07 - [TEST_STEP][PASSED] - verifyTextPresent("Denmark", true): Text 'Denmark' is present on page  using regular expression

2024-07-12 22:27:08 - [MESSAGE][PASSED] - Text 'Denmark' is present on page  using regular expression

2024-07-12 22:27:08 - [TEST_STEP][PASSED] - verifyTextPresent("Sweden", true): Text 'Sweden' is present on page  using regular expression

2024-07-12 22:27:08 - [MESSAGE][PASSED] - Text 'Sweden' is present on page  using regular expression

2024-07-12 22:27:08 - [TEST_STEP][PASSED] - verifyTextPresent("Austria", true): Text 'Austria' is present on page  using regular expression

2024-07-12 22:27:08 - [MESSAGE][PASSED] - Text 'Austria' is present on page  using regular expression

2024-07-12 22:27:08 - [TEST_STEP][PASSED] - verifyTextPresent("Orange Recorded", true): Text 'Orange Recorded' is present on page  using regular expression

2024-07-12 22:27:08 - [MESSAGE][PASSED] - Text 'Orange Recorded' is present on page  using regular expression

2024-07-12 22:27:08 - [TEST_STEP][PASSED] - verifyTextPresent("Yellow Recorded", true): Text 'Yellow Recorded' is present on page  using regular expression

2024-07-12 22:27:09 - [MESSAGE][PASSED] - Text 'Yellow Recorded' is present on page  using regular expression

2024-07-12 22:27:09 - [TEST_STEP][PASSED] - verifyTextPresent("Norway", true): Text 'Norway' is present on page  using regular expression

2024-07-12 22:27:09 - [MESSAGE][PASSED] - Text 'Norway' is present on page  using regular expression

2024-07-12 22:27:09 - [TEST_STEP][PASSED] - verifyTextPresent("Netherlands", true): Text 'Netherlands' is present on page  using regular expression

2024-07-12 22:27:10 - [MESSAGE][PASSED] - Text 'Netherlands' is present on page  using regular expression

2024-07-12 22:27:10 - [TEST_STEP][PASSED] - verifyTextPresent("Switzerland", true): Text 'Switzerland' is present on page  using regular expression

2024-07-12 22:27:10 - [MESSAGE][PASSED] - Text 'Switzerland' is present on page  using regular expression

2024-07-12 22:27:10 - [TEST_STEP][PASSED] - verifyTextPresent("France", true): Text 'France' is present on page  using regular expression

2024-07-12 22:27:10 - [MESSAGE][PASSED] - Text 'France' is present on page  using regular expression

2024-07-12 22:27:10 - [TEST_STEP][PASSED] - verifyTextPresent("Amount", true): Text 'Amount' is present on page  using regular expression

2024-07-12 22:27:11 - [MESSAGE][PASSED] - Text 'Amount' is present on page  using regular expression

2024-07-12 22:27:11 - [TEST_STEP][PASSED] - verifyTextPresent("Service Fee", true): Text 'Service Fee' is present on page  using regular expression

2024-07-12 22:27:11 - [MESSAGE][PASSED] - Text 'Service Fee' is present on page  using regular expression

2024-07-12 22:27:11 - [TEST_STEP][PASSED] - verifyTextPresent("Service Fee Type", true): Text 'Service Fee Type' is present on page  using regular expression

2024-07-12 22:27:11 - [MESSAGE][PASSED] - Text 'Service Fee Type' is present on page  using regular expression

2024-07-12 22:27:11 - [TEST_STEP][PASSED] - verifyTextPresent("Total Amount", true): Text 'Total Amount' is present on page  using regular expression

2024-07-12 22:27:12 - [MESSAGE][PASSED] - Text 'Total Amount' is present on page  using regular expression

2024-07-12 22:27:12 - [TEST_STEP][PASSED] - verifyTextPresent("Transaction Type", true): Text 'Transaction Type' is present on page  using regular expression

2024-07-12 22:27:12 - [MESSAGE][PASSED] - Text 'Transaction Type' is present on page  using regular expression

2024-07-12 22:27:12 - [TEST_STEP][PASSED] - verifyTextPresent("10.50", true): Text '10.50' is present on page  using regular expression

2024-07-12 22:27:12 - [MESSAGE][PASSED] - Text '10.50' is present on page  using regular expression

2024-07-12 22:27:12 - [TEST_STEP][PASSED] - verifyTextPresent("5.00", true): Text '5.00' is present on page  using regular expression

2024-07-12 22:27:12 - [MESSAGE][PASSED] - Text '5.00' is present on page  using regular expression

2024-07-12 22:27:12 - [TEST_STEP][PASSED] - verifyTextPresent("Single Transaction", true): Text 'Single Transaction' is present on page  using regular expression

2024-07-12 22:27:13 - [MESSAGE][PASSED] - Text 'Single Transaction' is present on page  using regular expression

2024-07-12 22:27:13 - [TEST_STEP][PASSED] - verifyTextPresent("15.50", true): Text '15.50' is present on page  using regular expression

2024-07-12 22:27:13 - [MESSAGE][PASSED] - Text '15.50' is present on page  using regular expression

2024-07-12 22:27:13 - [TEST_STEP][PASSED] - verifyTextPresent("Authorization", true): Text 'Authorization' is present on page  using regular expression

2024-07-12 22:27:13 - [MESSAGE][PASSED] - Text 'Authorization' is present on page  using regular expression

2024-07-12 22:27:13 - [TEST_STEP][PASSED] - verifyTextPresent("Card Information", true): Text 'Card Information' is present on page  using regular expression

2024-07-12 22:27:14 - [MESSAGE][PASSED] - Text 'Card Information' is present on page  using regular expression

2024-07-12 22:27:14 - [TEST_STEP][PASSED] - cardNameV = findTestData(dataFile).getValue("CardNameV", row): null

2024-07-12 22:27:14 - [TEST_STEP][PASSED] - al1V = findTestData(dataFile).getValue("AL1", row): null

2024-07-12 22:27:14 - [TEST_STEP][PASSED] - al2V = findTestData(dataFile).getValue("AL2", row): null

2024-07-12 22:27:14 - [TEST_STEP][PASSED] - zipV = findTestData(dataFile).getValue("ZIP", row): null

2024-07-12 22:27:14 - [TEST_STEP][PASSED] - cardTypeV = findTestData(dataFile).getValue("CardType", row): null

2024-07-12 22:27:14 - [TEST_STEP][PASSED] - last4V = findTestData(dataFile).getValue("Last4", row): null

2024-07-12 22:27:15 - [TEST_STEP][PASSED] - verifyTextPresent(cardNameV, true): Text 'JANAKI JAMES' is present on page  using regular expression

2024-07-12 22:27:15 - [MESSAGE][PASSED] - Text 'JANAKI JAMES' is present on page  using regular expression

2024-07-12 22:27:15 - [TEST_STEP][PASSED] - verifyTextPresent("Address Line 1", true): Text 'Address Line 1' is present on page  using regular expression

2024-07-12 22:27:15 - [MESSAGE][PASSED] - Text 'Address Line 1' is present on page  using regular expression

2024-07-12 22:27:15 - [TEST_STEP][PASSED] - verifyTextPresent("Address Line 2", true): Text 'Address Line 2' is present on page  using regular expression

2024-07-12 22:27:16 - [MESSAGE][PASSED] - Text 'Address Line 2' is present on page  using regular expression

2024-07-12 22:27:16 - [TEST_STEP][PASSED] - verifyTextPresent("Country", true): Text 'Country' is present on page  using regular expression

2024-07-12 22:27:16 - [MESSAGE][PASSED] - Text 'Country' is present on page  using regular expression

2024-07-12 22:27:16 - [TEST_STEP][PASSED] - verifyTextPresent("City", true): Text 'City' is present on page  using regular expression

2024-07-12 22:27:16 - [MESSAGE][PASSED] - Text 'City' is present on page  using regular expression

2024-07-12 22:27:16 - [TEST_STEP][PASSED] - verifyTextPresent("State", true): Text 'State' is present on page  using regular expression

2024-07-12 22:27:17 - [MESSAGE][PASSED] - Text 'State' is present on page  using regular expression

2024-07-12 22:27:17 - [TEST_STEP][PASSED] - verifyTextPresent("ZIP Code", true): Text 'ZIP Code' is present on page  using regular expression

2024-07-12 22:27:17 - [MESSAGE][PASSED] - Text 'ZIP Code' is present on page  using regular expression

2024-07-12 22:27:17 - [TEST_STEP][PASSED] - verifyTextPresent(al1V, true): Text '25987 Hill Top' is present on page  using regular expression

2024-07-12 22:27:17 - [MESSAGE][PASSED] - Text '25987 Hill Top' is present on page  using regular expression

2024-07-12 22:27:17 - [TEST_STEP][PASSED] - verifyTextPresent(al2V, true): Text 'Suite 500' is present on page  using regular expression

2024-07-12 22:27:18 - [MESSAGE][PASSED] - Text 'Suite 500' is present on page  using regular expression

2024-07-12 22:27:18 - [TEST_STEP][PASSED] - verifyTextPresent("United States", true): Text 'United States' is present on page  using regular expression

2024-07-12 22:27:18 - [MESSAGE][PASSED] - Text 'United States' is present on page  using regular expression

2024-07-12 22:27:18 - [TEST_STEP][PASSED] - verifyTextPresent("ARLINGTON", true): Text 'ARLINGTON' is present on page  using regular expression

2024-07-12 22:27:18 - [MESSAGE][PASSED] - Text 'ARLINGTON' is present on page  using regular expression

2024-07-12 22:27:18 - [TEST_STEP][PASSED] - verifyTextPresent("Virginia", true): Text 'Virginia' is present on page  using regular expression

2024-07-12 22:27:19 - [MESSAGE][PASSED] - Text 'Virginia' is present on page  using regular expression

2024-07-12 22:27:19 - [TEST_STEP][PASSED] - verifyTextPresent(zipV, true): Text '22201' is present on page  using regular expression

2024-07-12 22:27:19 - [MESSAGE][PASSED] - Text '22201' is present on page  using regular expression

2024-07-12 22:27:19 - [TEST_STEP][PASSED] - verifyTextPresent(cardTypeV, true): Text 'Discover' is present on page  using regular expression

2024-07-12 22:27:19 - [MESSAGE][PASSED] - Text 'Discover' is present on page  using regular expression

2024-07-12 22:27:19 - [TEST_STEP][PASSED] - verifyTextPresent(last4V, true): Text '6909' is present on page  using regular expression

2024-07-12 22:27:20 - [MESSAGE][PASSED] - Text '6909' is present on page  using regular expression

2024-07-12 22:27:20 - [TEST_STEP][PASSED] - closeBrowser(): Browser is closed

2024-07-12 22:27:21 - [MESSAGE][PASSED] - Browser is closed]]></system-out>
         <system-err><![CDATA[]]></system-err>
      </testcase>
      <testcase name="Test Cases/Admin Suite Bootstrap/VT_TestCases/SaleAndVoidKeyboard_TP_DualCF_Generic_Payment_TC" time="415.589" classname="Test Cases/Admin Suite Bootstrap/VT_TestCases/SaleAndVoidKeyboard_TP_DualCF_Generic_Payment_TC" status="PASSED">
         <system-out><![CDATA[2024-07-12 22:27:21 - [TEST_CASE][PASSED] - Test Cases/Admin Suite Bootstrap/VT_TestCases/SaleAndVoidKeyboard_TP_DualCF_Generic_Payment_TC: Test Cases/Admin Suite Bootstrap/VT_TestCases/SaleAndVoidKeyboard_TP_DualCF_Generic_Payment_TC

2024-07-12 22:27:22 - [TEST_STEP][PASSED] - path_Dashboard = "Object Repository/AdminSuiteBootstrap_Pages/Dashboard_Bootstrap/": null

2024-07-12 22:27:22 - [TEST_STEP][PASSED] - path_VT = "Object Repository/AdminSuiteBootstrap_Pages/VT_Bootstrap/IssueTransactions/": null

2024-07-12 22:27:22 - [TEST_STEP][PASSED] - path_SaleKB = "Object Repository/AdminSuiteBootstrap_Pages/VT_Bootstrap/SaleKeyboard/": null

2024-07-12 22:27:22 - [TEST_STEP][PASSED] - path_TestMinus = "Object Repository/Page_TestMinusAndAtSigns/": null

2024-07-12 22:27:22 - [TEST_STEP][PASSED] - path_Receipt = "Object Repository/AdminSuiteBootstrap_Pages/VT_Bootstrap/Receipt/": null

2024-07-12 22:27:22 - [TEST_STEP][PASSED] - path_CCSearch = "Object Repository/AdminSuiteBootstrap_Pages/VT_Bootstrap/CCCreditOrVoidSearch/": null

2024-07-12 22:27:22 - [TEST_STEP][PASSED] - path_SearchResults = "Object Repository/AdminSuiteBootstrap_Pages/VT_Bootstrap/SearchResults/": null

2024-07-12 22:27:22 - [TEST_STEP][PASSED] - path_TranxDetails = "Object Repository/AdminSuiteBootstrap_Pages/VT_Bootstrap/TransactionDetails/": null

2024-07-12 22:27:22 - [TEST_STEP][PASSED] - li_1 = vpos_Prefix: null

2024-07-12 22:27:22 - [TEST_STEP][PASSED] - li_2 = "/transactions/AuthCapForm/": null

2024-07-12 22:27:22 - [TEST_STEP][PASSED] - executionProfile = getExecutionProfile(): null

2024-07-12 22:27:22 - [TEST_STEP][PASSED] - out.println("executionProfile : " + executionProfile): null

2024-07-12 22:27:22 - [TEST_STEP][PASSED] - appName = <not implemented yet for class: org.codehaus.groovy.ast.expr.EmptyExpression>: null

2024-07-12 22:27:22 - [TEST_STEP][PASSED] - appID = <not implemented yet for class: org.codehaus.groovy.ast.expr.EmptyExpression>: null

2024-07-12 22:27:22 - [TEST_STEP][PASSED] - cardNameV = <not implemented yet for class: org.codehaus.groovy.ast.expr.EmptyExpression>: null

2024-07-12 22:27:22 - [TEST_STEP][PASSED] - al1V = <not implemented yet for class: org.codehaus.groovy.ast.expr.EmptyExpression>: null

2024-07-12 22:27:22 - [TEST_STEP][PASSED] - al2V = <not implemented yet for class: org.codehaus.groovy.ast.expr.EmptyExpression>: null

2024-07-12 22:27:22 - [TEST_STEP][PASSED] - zipV = <not implemented yet for class: org.codehaus.groovy.ast.expr.EmptyExpression>: null

2024-07-12 22:27:22 - [TEST_STEP][PASSED] - cardTypeV = <not implemented yet for class: org.codehaus.groovy.ast.expr.EmptyExpression>: null

2024-07-12 22:27:22 - [TEST_STEP][PASSED] - last4V = <not implemented yet for class: org.codehaus.groovy.ast.expr.EmptyExpression>: null

2024-07-12 22:27:22 - [TEST_STEP][PASSED] - resText = "Fail": null

2024-07-12 22:27:22 - [TEST_STEP][PASSED] - resColumn = "Result": null

2024-07-12 22:27:22 - [TEST_STEP][PASSED] - datCloumn = "Date": null

2024-07-12 22:27:22 - [TEST_STEP][PASSED] - fileLoc = "C:\KatalonData\Bootstrap\VT-Data.xlsx": null

2024-07-12 22:27:22 - [TEST_STEP][PASSED] - numOfRows = <not implemented yet for class: org.codehaus.groovy.ast.expr.EmptyExpression>: null

2024-07-12 22:27:22 - [TEST_STEP][PASSED] - dataFile = <not implemented yet for class: org.codehaus.groovy.ast.expr.EmptyExpression>: null

2024-07-12 22:27:22 - [TEST_STEP][PASSED] - nameSheet = <not implemented yet for class: org.codehaus.groovy.ast.expr.EmptyExpression>: null

2024-07-12 22:27:22 - [TEST_STEP][PASSED] - nameSheet = "VT-SaleVoid-DualCF-Generic": null

2024-07-12 22:27:22 - [TEST_STEP][PASSED] - numOfRows = findTestData("QA/Bootstrap/VT-TestData/VT-SaleVoidData-DualCF-Generic").getRowNumbers(): null

2024-07-12 22:27:22 - [TEST_STEP][PASSED] - println("Number of Records: " + numOfRows): null

2024-07-12 22:27:22 - [TEST_STEP][PASSED] - dataFile = "QA/Bootstrap/VT-TestData/VT-SaleVoidData-DualCF-Generic": null

2024-07-12 22:27:22 - [TEST_STEP][PASSED] - for ([row = 1, row <= numOfRows, (row++)]): null

2024-07-12 22:27:22 - [TEST_STEP][PASSED] - ExecuteTC = findTestData(dataFile).getValue("Execute", row): null

2024-07-12 22:27:22 - [TEST_STEP][PASSED] - out.println("Value of Execute is : " + ExecuteTC): null

2024-07-12 22:27:22 - [TEST_STEP][PASSED] - switch (executionProfile): null

2024-07-12 22:27:22 - [TEST_STEP][PASSED] - case "QA2Profile":: null

2024-07-12 22:27:22 - [TEST_STEP][PASSED] - appName = findTestData(dataFile).getValue("AppNameQA", row): null

2024-07-12 22:27:22 - [TEST_STEP][PASSED] - appID = findTestData(dataFile).getValue("AppIDQA", row): null

2024-07-12 22:27:22 - [TEST_STEP][PASSED] - break: null

2024-07-12 22:27:22 - [TEST_STEP][PASSED] - hrefAppID = li_1 + appID + li_2: null

2024-07-12 22:27:22 - [TEST_STEP][PASSED] - hrefApp = li_1 + appID + "/": null

2024-07-12 22:27:22 - [TEST_STEP][PASSED] - println("hrefApp : " + hrefApp): null

2024-07-12 22:27:22 - [TEST_STEP][PASSED] - if (ExecuteTC.equalsIgnoreCase("Y")): null

2024-07-12 22:27:22 - [TEST_STEP][PASSED] - out.println("Begin Record Number: " + row): null

2024-07-12 22:27:22 - [TEST_STEP][PASSED] - today = new java.util.Date(): null

2024-07-12 22:27:22 - [TEST_STEP][PASSED] - println(today): null

2024-07-12 22:27:22 - [TEST_STEP][PASSED] - datText = today: null

2024-07-12 22:27:22 - [TEST_STEP][PASSED] - adminSuiteBootstrap.loginFunctionality.login_AdminSuite(): adminSuiteBootstrap.loginFunctionality.login_AdminSuite is PASSED

2024-07-12 22:27:22 - [MESSAGE][INFO] - Starting 'Chrome' driver

2024-07-12 22:27:22 - [MESSAGE][INFO] - User set preference: ['acceptInsecureCerts', 'true']

2024-07-12 22:27:22 - [MESSAGE][INFO] - Action delay is set to 0 milliseconds

2024-07-12 22:27:25 - [MESSAGE][PASSED] - Browser is opened with url: 'https://qa2.velocitypayment.com/admin/imtiaz'

2024-07-12 22:27:25 - [MESSAGE][PASSED] - Current window maximized

2024-07-12 22:27:25 - [MESSAGE][PASSED] - Object 'Object Repository/Login_Page/Login_Username_Okta' is present

2024-07-12 22:27:26 - [MESSAGE][PASSED] - Text 'iahmed' is set on object 'Object Repository/Login_Page/Login_Username_Okta'

2024-07-12 22:27:27 - [MESSAGE][PASSED] - Text 'Hello!6666666' is set on object 'Object Repository/Login_Page/Login_Password_Okta'

2024-07-12 22:27:28 - [MESSAGE][PASSED] - Object: 'Object Repository/Login_Page/Login_Submit_Okta' is clicked on

2024-07-12 22:27:28 - [MESSAGE][PASSED] - adminSuiteBootstrap.loginFunctionality.login_AdminSuite is PASSED

2024-07-12 22:27:28 - [TEST_STEP][PASSED] - click(findTestObject(path_Dashboard + appName)): Object: 'Object Repository/AdminSuiteBootstrap_Pages/Dashboard_Bootstrap/a_Access AutoDualCFtpQA' is clicked on

2024-07-12 22:27:36 - [MESSAGE][PASSED] - Object: 'Object Repository/AdminSuiteBootstrap_Pages/Dashboard_Bootstrap/a_Access AutoDualCFtpQA' is clicked on

2024-07-12 22:27:36 - [TEST_STEP][PASSED] - click(findTestObject(path_VT + "button_Authorization  Capture (Sale)")): Object: 'Object Repository/AdminSuiteBootstrap_Pages/VT_Bootstrap/IssueTransactions/button_Authorization  Capture (Sale)' is clicked on

2024-07-12 22:27:37 - [MESSAGE][PASSED] - Object: 'Object Repository/AdminSuiteBootstrap_Pages/VT_Bootstrap/IssueTransactions/button_Authorization  Capture (Sale)' is clicked on

2024-07-12 22:27:37 - [TEST_STEP][PASSED] - saleKeyboardEntryLink = modifyObjectProperty(findTestObject(path_VT + "a_KeyboardEntry_Sale"), "href", "equals", hrefAppID, true): Modify property of object successfully

2024-07-12 22:27:37 - [MESSAGE][PASSED] - Modify property of object successfully

2024-07-12 22:27:37 - [TEST_STEP][PASSED] - click(saleKeyboardEntryLink): Object: 'Object Repository/AdminSuiteBootstrap_Pages/VT_Bootstrap/IssueTransactions/a_KeyboardEntry_Sale' is clicked on

2024-07-12 22:27:37 - [MESSAGE][PASSED] - Object: 'Object Repository/AdminSuiteBootstrap_Pages/VT_Bootstrap/IssueTransactions/a_KeyboardEntry_Sale' is clicked on

2024-07-12 22:27:37 - [TEST_STEP][PASSED] - adminSuiteBootstrap.virtualTerminalSetData.saleKeyboard_DataDriven(row, dataFile): adminSuiteBootstrap.virtualTerminalSetData.saleKeyboard_DataDriven is PASSED

2024-07-12 22:27:41 - [MESSAGE][PASSED] - Text 'Tulsi Raman' is set on object 'Object Repository/AdminSuiteBootstrap_Pages/VT_Bootstrap/SaleKeyboard/input_cardName'

2024-07-12 22:27:42 - [MESSAGE][PASSED] - All options with value 'RETL' are selected in object 'Object Repository/AdminSuiteBootstrap_Pages/VT_Bootstrap/SaleKeyboard/select_transactionCategory'  using regular expression

2024-07-12 22:27:42 - [MESSAGE][PASSED] - Execute JavaScript 'arguments[0].value ='4012000098765439' ' successfully

2024-07-12 22:27:43 - [MESSAGE][PASSED] - Execute JavaScript 'arguments[0].value ='123' ' successfully

2024-07-12 22:27:44 - [MESSAGE][PASSED] - All options with value '12' are selected in object 'Object Repository/AdminSuiteBootstrap_Pages/VT_Bootstrap/SaleKeyboard/select_MM'  using regular expression

2024-07-12 22:27:45 - [MESSAGE][PASSED] - All options with value '2025' are selected in object 'Object Repository/AdminSuiteBootstrap_Pages/VT_Bootstrap/SaleKeyboard/select_YYYY'  using regular expression

2024-07-12 22:27:46 - [MESSAGE][PASSED] - Text '36 Cornor Road' is set on object 'Object Repository/AdminSuiteBootstrap_Pages/VT_Bootstrap/SaleKeyboard/input__address'

2024-07-12 22:27:46 - [MESSAGE][PASSED] - Text 'Suite 500' is set on object 'Object Repository/AdminSuiteBootstrap_Pages/VT_Bootstrap/SaleKeyboard/input__address2'

2024-07-12 22:27:47 - [MESSAGE][PASSED] - Text '22201' is set on object 'Object Repository/AdminSuiteBootstrap_Pages/VT_Bootstrap/SaleKeyboard/input__zip'

2024-07-12 22:27:48 - [MESSAGE][PASSED] - Text '' is set on object 'Object Repository/AdminSuiteBootstrap_Pages/VT_Bootstrap/SaleKeyboard/input_emailAddress'

2024-07-12 22:27:49 - [MESSAGE][PASSED] - Text '' is set on object 'Object Repository/AdminSuiteBootstrap_Pages/VT_Bootstrap/SaleKeyboard/input_smsNumber'

2024-07-12 22:27:50 - [MESSAGE][PASSED] - Text '10.50' is set on object 'Object Repository/AdminSuiteBootstrap_Pages/VT_Bootstrap/SaleKeyboard/input_amount'

2024-07-12 22:27:51 - [MESSAGE][PASSED] - Text 'Australia' is set on object 'Object Repository/AdminSuiteBootstrap_Pages/VT_Bootstrap/SaleKeyboard/input_userDefined1'

2024-07-12 22:27:52 - [MESSAGE][PASSED] - Text 'Denmark' is set on object 'Object Repository/AdminSuiteBootstrap_Pages/VT_Bootstrap/SaleKeyboard/input_userDefined2'

2024-07-12 22:27:53 - [MESSAGE][PASSED] - Text 'Sweden' is set on object 'Object Repository/AdminSuiteBootstrap_Pages/VT_Bootstrap/SaleKeyboard/input_userDefined3'

2024-07-12 22:27:53 - [MESSAGE][PASSED] - Text 'Austria' is set on object 'Object Repository/AdminSuiteBootstrap_Pages/VT_Bootstrap/SaleKeyboard/input_userDefined4'

2024-07-12 22:27:54 - [MESSAGE][PASSED] - All options with label 'Orange' are selected in object 'Object Repository/AdminSuiteBootstrap_Pages/VT_Bootstrap/SaleKeyboard/select_UDF5_DropDown'  using regular expression

2024-07-12 22:27:55 - [MESSAGE][PASSED] - All options with label 'Yellow' are selected in object 'Object Repository/AdminSuiteBootstrap_Pages/VT_Bootstrap/SaleKeyboard/select_UDF6_DropDown'  using regular expression

2024-07-12 22:27:56 - [MESSAGE][PASSED] - Text 'Norway' is set on object 'Object Repository/AdminSuiteBootstrap_Pages/VT_Bootstrap/SaleKeyboard/input_userDefined7'

2024-07-12 22:27:57 - [MESSAGE][PASSED] - Text 'Netherlands' is set on object 'Object Repository/AdminSuiteBootstrap_Pages/VT_Bootstrap/SaleKeyboard/input_userDefined8'

2024-07-12 22:27:57 - [MESSAGE][PASSED] - Text 'Switzerland' is set on object 'Object Repository/AdminSuiteBootstrap_Pages/VT_Bootstrap/SaleKeyboard/input_userDefined9'

2024-07-12 22:27:58 - [MESSAGE][PASSED] - Text 'France' is set on object 'Object Repository/AdminSuiteBootstrap_Pages/VT_Bootstrap/SaleKeyboard/input_userDefined10'

2024-07-12 22:28:00 - [MESSAGE][PASSED] - Object: 'Object Repository/AdminSuiteBootstrap_Pages/VT_Bootstrap/SaleKeyboard/button_Submit' is clicked on

2024-07-12 22:28:00 - [MESSAGE][PASSED] - adminSuiteBootstrap.virtualTerminalSetData.saleKeyboard_DataDriven is PASSED

2024-07-12 22:28:00 - [TEST_STEP][PASSED] - if (verifyTextPresent("Transaction Successful", true)): null

2024-07-12 22:28:01 - [MESSAGE][PASSED] - Text 'Transaction Successful' is present on page  using regular expression

2024-07-12 22:28:01 - [TEST_STEP][PASSED] - sdf = getText(findTestObject(path_Receipt + "td_AutoNoC031622113752957Ahm")): Text of object 'Object Repository/AdminSuiteBootstrap_Pages/VT_Bootstrap/Receipt/td_AutoNoC031622113752957Ahm' is: 'AutoDua071224222028602Ahm'

2024-07-12 22:28:01 - [MESSAGE][PASSED] - Text of object 'Object Repository/AdminSuiteBootstrap_Pages/VT_Bootstrap/Receipt/td_AutoNoC031622113752957Ahm' is: 'AutoDua071224222028602Ahm'

2024-07-12 22:28:01 - [TEST_STEP][PASSED] - out.println("sdf: " + sdf): null

2024-07-12 22:28:01 - [TEST_STEP][PASSED] - remID = sdf: null

2024-07-12 22:28:01 - [TEST_STEP][PASSED] - out.println("remID: " + remID): null

2024-07-12 22:28:01 - [TEST_STEP][PASSED] - click(findTestObject(path_Receipt + "button_Continue")): Object: 'Object Repository/AdminSuiteBootstrap_Pages/VT_Bootstrap/Receipt/button_Continue' is clicked on

2024-07-12 22:28:02 - [MESSAGE][PASSED] - Object: 'Object Repository/AdminSuiteBootstrap_Pages/VT_Bootstrap/Receipt/button_Continue' is clicked on

2024-07-12 22:28:02 - [TEST_STEP][PASSED] - click(findTestObject(path_VT + "a_Search Transactions")): Object: 'Object Repository/AdminSuiteBootstrap_Pages/VT_Bootstrap/IssueTransactions/a_Search Transactions' is clicked on

2024-07-12 22:28:03 - [MESSAGE][PASSED] - Object: 'Object Repository/AdminSuiteBootstrap_Pages/VT_Bootstrap/IssueTransactions/a_Search Transactions' is clicked on

2024-07-12 22:28:03 - [TEST_STEP][PASSED] - setText(findTestObject(path_CCSearch + "input_Search By_searchValue"), remID): Text 'AutoDua071224222028602Ahm' is set on object 'Object Repository/AdminSuiteBootstrap_Pages/VT_Bootstrap/CCCreditOrVoidSearch/input_Search By_searchValue'

2024-07-12 22:28:04 - [MESSAGE][PASSED] - Text 'AutoDua071224222028602Ahm' is set on object 'Object Repository/AdminSuiteBootstrap_Pages/VT_Bootstrap/CCCreditOrVoidSearch/input_Search By_searchValue'

2024-07-12 22:28:04 - [TEST_STEP][PASSED] - click(findTestObject(path_CCSearch + "button_Submit")): Object: 'Object Repository/AdminSuiteBootstrap_Pages/VT_Bootstrap/CCCreditOrVoidSearch/button_Submit' is clicked on

2024-07-12 22:28:05 - [MESSAGE][PASSED] - Object: 'Object Repository/AdminSuiteBootstrap_Pages/VT_Bootstrap/CCCreditOrVoidSearch/button_Submit' is clicked on

2024-07-12 22:28:05 - [TEST_STEP][PASSED] - fgr = getText(findTestObject(path_SearchResults + "div_Payment ID")): Text of object 'Object Repository/AdminSuiteBootstrap_Pages/VT_Bootstrap/SearchResults/div_Payment ID' is: 'Payment ID
Payment Type
Transaction Type
Remittance ID
Name
Total Amount
End Date
Status
12154736 Credit Card Authorization and Capture AutoDua071224222028602Ahm Tulsi Raman $10.50 07/12/2024 Success'

2024-07-12 22:28:05 - [MESSAGE][PASSED] - Text of object 'Object Repository/AdminSuiteBootstrap_Pages/VT_Bootstrap/SearchResults/div_Payment ID' is: 'Payment ID
Payment Type
Transaction Type
Remittance ID
Name
Total Amount
End Date
Status
12154736 Credit Card Authorization and Capture AutoDua071224222028602Ahm Tulsi Raman $10.50 07/12/2024 Success'

2024-07-12 22:28:05 - [TEST_STEP][PASSED] - payID = substring(89, 98).trim(): null

2024-07-12 22:28:05 - [TEST_STEP][PASSED] - out.println("payID: " + payID): null

2024-07-12 22:28:05 - [TEST_STEP][PASSED] - click(findTestObject(path_SearchResults + "button_PaymentID")): Object: 'Object Repository/AdminSuiteBootstrap_Pages/VT_Bootstrap/SearchResults/button_PaymentID' is clicked on

2024-07-12 22:28:07 - [MESSAGE][PASSED] - Object: 'Object Repository/AdminSuiteBootstrap_Pages/VT_Bootstrap/SearchResults/button_PaymentID' is clicked on

2024-07-12 22:28:07 - [TEST_STEP][PASSED] - verifyTextPresent("Tender Type", true): Text 'Tender Type' is present on page  using regular expression

2024-07-12 22:28:07 - [MESSAGE][PASSED] - Text 'Tender Type' is present on page  using regular expression

2024-07-12 22:28:07 - [TEST_STEP][PASSED] - verifyTextPresent("Credit Card", true): Text 'Credit Card' is present on page  using regular expression

2024-07-12 22:28:08 - [MESSAGE][PASSED] - Text 'Credit Card' is present on page  using regular expression

2024-07-12 22:28:08 - [TEST_STEP][PASSED] - verifyTextPresent("Transaction Type", true): Text 'Transaction Type' is present on page  using regular expression

2024-07-12 22:28:08 - [MESSAGE][PASSED] - Text 'Transaction Type' is present on page  using regular expression

2024-07-12 22:28:08 - [TEST_STEP][PASSED] - verifyTextPresent("Authorization and Capture", true): Text 'Authorization and Capture' is present on page  using regular expression

2024-07-12 22:28:08 - [MESSAGE][PASSED] - Text 'Authorization and Capture' is present on page  using regular expression

2024-07-12 22:28:08 - [TEST_STEP][PASSED] - verifyTextPresent("Transaction Posted by", true): Text 'Transaction Posted by' is present on page  using regular expression

2024-07-12 22:28:09 - [MESSAGE][PASSED] - Text 'Transaction Posted by' is present on page  using regular expression

2024-07-12 22:28:09 - [TEST_STEP][PASSED] - verifyTextPresent("iahmed", true): Text 'iahmed' is present on page  using regular expression

2024-07-12 22:28:09 - [MESSAGE][PASSED] - Text 'iahmed' is present on page  using regular expression

2024-07-12 22:28:09 - [TEST_STEP][PASSED] - click(findTestObject(path_TranxDetails + "a_Void this transaction")): Object: 'Object Repository/AdminSuiteBootstrap_Pages/VT_Bootstrap/TransactionDetails/a_Void this transaction' is clicked on

2024-07-12 22:28:10 - [MESSAGE][PASSED] - Object: 'Object Repository/AdminSuiteBootstrap_Pages/VT_Bootstrap/TransactionDetails/a_Void this transaction' is clicked on

2024-07-12 22:28:10 - [TEST_STEP][PASSED] - verifyTextPresent("The following transaction will be voided", true): Text 'The following transaction will be voided' is present on page  using regular expression

2024-07-12 22:28:11 - [MESSAGE][PASSED] - Text 'The following transaction will be voided' is present on page  using regular expression

2024-07-12 22:28:11 - [TEST_STEP][PASSED] - verifyTextPresent("Please press submit to continue", true): Text 'Please press submit to continue' is present on page  using regular expression

2024-07-12 22:28:11 - [MESSAGE][PASSED] - Text 'Please press submit to continue' is present on page  using regular expression

2024-07-12 22:28:11 - [TEST_STEP][PASSED] - click(findTestObject(path_TranxDetails + "button_Submit")): Object: 'Object Repository/AdminSuiteBootstrap_Pages/VT_Bootstrap/TransactionDetails/button_Submit' is clicked on

2024-07-12 22:28:12 - [MESSAGE][PASSED] - Object: 'Object Repository/AdminSuiteBootstrap_Pages/VT_Bootstrap/TransactionDetails/button_Submit' is clicked on

2024-07-12 22:28:12 - [TEST_STEP][PASSED] - verifyTextPresent("Transaction Successful", true): Text 'Transaction Successful' is present on page  using regular expression

2024-07-12 22:28:13 - [MESSAGE][PASSED] - Text 'Transaction Successful' is present on page  using regular expression

2024-07-12 22:28:13 - [TEST_STEP][PASSED] - verifyTextPresent("Transaction Type", true): Text 'Transaction Type' is present on page  using regular expression

2024-07-12 22:28:13 - [MESSAGE][PASSED] - Text 'Transaction Type' is present on page  using regular expression

2024-07-12 22:28:13 - [TEST_STEP][PASSED] - verifyTextPresent("Void", true): Text 'Void' is present on page  using regular expression

2024-07-12 22:28:13 - [MESSAGE][PASSED] - Text 'Void' is present on page  using regular expression

2024-07-12 22:28:13 - [TEST_STEP][PASSED] - closeBrowser(): Browser is closed

2024-07-12 22:28:15 - [MESSAGE][PASSED] - Browser is closed

2024-07-12 22:28:15 - [TEST_STEP][PASSED] - ExecuteTC = findTestData(dataFile).getValue("Execute", row): null

2024-07-12 22:28:15 - [TEST_STEP][PASSED] - out.println("Value of Execute is : " + ExecuteTC): null

2024-07-12 22:28:15 - [TEST_STEP][PASSED] - switch (executionProfile): null

2024-07-12 22:28:15 - [TEST_STEP][PASSED] - case "QA2Profile":: null

2024-07-12 22:28:15 - [TEST_STEP][PASSED] - appName = findTestData(dataFile).getValue("AppNameQA", row): null

2024-07-12 22:28:15 - [TEST_STEP][PASSED] - appID = findTestData(dataFile).getValue("AppIDQA", row): null

2024-07-12 22:28:15 - [TEST_STEP][PASSED] - break: null

2024-07-12 22:28:15 - [TEST_STEP][PASSED] - hrefAppID = li_1 + appID + li_2: null

2024-07-12 22:28:15 - [TEST_STEP][PASSED] - hrefApp = li_1 + appID + "/": null

2024-07-12 22:28:15 - [TEST_STEP][PASSED] - println("hrefApp : " + hrefApp): null

2024-07-12 22:28:15 - [TEST_STEP][PASSED] - if (ExecuteTC.equalsIgnoreCase("Y")): null

2024-07-12 22:28:15 - [TEST_STEP][PASSED] - out.println("Begin Record Number: " + row): null

2024-07-12 22:28:15 - [TEST_STEP][PASSED] - today = new java.util.Date(): null

2024-07-12 22:28:15 - [TEST_STEP][PASSED] - println(today): null

2024-07-12 22:28:15 - [TEST_STEP][PASSED] - datText = today: null

2024-07-12 22:28:15 - [TEST_STEP][PASSED] - adminSuiteBootstrap.loginFunctionality.login_AdminSuite(): adminSuiteBootstrap.loginFunctionality.login_AdminSuite is PASSED

2024-07-12 22:28:15 - [MESSAGE][INFO] - Starting 'Chrome' driver

2024-07-12 22:28:15 - [MESSAGE][INFO] - User set preference: ['acceptInsecureCerts', 'true']

2024-07-12 22:28:15 - [MESSAGE][INFO] - Action delay is set to 0 milliseconds

2024-07-12 22:28:18 - [MESSAGE][PASSED] - Browser is opened with url: 'https://qa2.velocitypayment.com/admin/imtiaz'

2024-07-12 22:28:18 - [MESSAGE][PASSED] - Current window maximized

2024-07-12 22:28:18 - [MESSAGE][PASSED] - Object 'Object Repository/Login_Page/Login_Username_Okta' is present

2024-07-12 22:28:19 - [MESSAGE][PASSED] - Text 'iahmed' is set on object 'Object Repository/Login_Page/Login_Username_Okta'

2024-07-12 22:28:20 - [MESSAGE][PASSED] - Text 'Hello!6666666' is set on object 'Object Repository/Login_Page/Login_Password_Okta'

2024-07-12 22:28:21 - [MESSAGE][PASSED] - Object: 'Object Repository/Login_Page/Login_Submit_Okta' is clicked on

2024-07-12 22:28:21 - [MESSAGE][PASSED] - adminSuiteBootstrap.loginFunctionality.login_AdminSuite is PASSED

2024-07-12 22:28:21 - [TEST_STEP][PASSED] - click(findTestObject(path_Dashboard + appName)): Object: 'Object Repository/AdminSuiteBootstrap_Pages/Dashboard_Bootstrap/a_Access AutoDualCFtpQA' is clicked on

2024-07-12 22:28:29 - [MESSAGE][PASSED] - Object: 'Object Repository/AdminSuiteBootstrap_Pages/Dashboard_Bootstrap/a_Access AutoDualCFtpQA' is clicked on

2024-07-12 22:28:29 - [TEST_STEP][PASSED] - click(findTestObject(path_VT + "button_Authorization  Capture (Sale)")): Object: 'Object Repository/AdminSuiteBootstrap_Pages/VT_Bootstrap/IssueTransactions/button_Authorization  Capture (Sale)' is clicked on

2024-07-12 22:28:30 - [MESSAGE][PASSED] - Object: 'Object Repository/AdminSuiteBootstrap_Pages/VT_Bootstrap/IssueTransactions/button_Authorization  Capture (Sale)' is clicked on

2024-07-12 22:28:30 - [TEST_STEP][PASSED] - saleKeyboardEntryLink = modifyObjectProperty(findTestObject(path_VT + "a_KeyboardEntry_Sale"), "href", "equals", hrefAppID, true): Modify property of object successfully

2024-07-12 22:28:30 - [MESSAGE][PASSED] - Modify property of object successfully

2024-07-12 22:28:30 - [TEST_STEP][PASSED] - click(saleKeyboardEntryLink): Object: 'Object Repository/AdminSuiteBootstrap_Pages/VT_Bootstrap/IssueTransactions/a_KeyboardEntry_Sale' is clicked on

2024-07-12 22:28:31 - [MESSAGE][PASSED] - Object: 'Object Repository/AdminSuiteBootstrap_Pages/VT_Bootstrap/IssueTransactions/a_KeyboardEntry_Sale' is clicked on

2024-07-12 22:28:31 - [TEST_STEP][PASSED] - adminSuiteBootstrap.virtualTerminalSetData.saleKeyboard_DataDriven(row, dataFile): adminSuiteBootstrap.virtualTerminalSetData.saleKeyboard_DataDriven is PASSED

2024-07-12 22:28:34 - [MESSAGE][PASSED] - Text 'Tulsi Raman' is set on object 'Object Repository/AdminSuiteBootstrap_Pages/VT_Bootstrap/SaleKeyboard/input_cardName'

2024-07-12 22:28:35 - [MESSAGE][PASSED] - All options with value 'RETL' are selected in object 'Object Repository/AdminSuiteBootstrap_Pages/VT_Bootstrap/SaleKeyboard/select_transactionCategory'  using regular expression

2024-07-12 22:28:36 - [MESSAGE][PASSED] - Execute JavaScript 'arguments[0].value ='5146312200000035' ' successfully

2024-07-12 22:28:36 - [MESSAGE][PASSED] - Execute JavaScript 'arguments[0].value ='123' ' successfully

2024-07-12 22:28:37 - [MESSAGE][PASSED] - All options with value '12' are selected in object 'Object Repository/AdminSuiteBootstrap_Pages/VT_Bootstrap/SaleKeyboard/select_MM'  using regular expression

2024-07-12 22:28:39 - [MESSAGE][PASSED] - All options with value '2025' are selected in object 'Object Repository/AdminSuiteBootstrap_Pages/VT_Bootstrap/SaleKeyboard/select_YYYY'  using regular expression

2024-07-12 22:28:39 - [MESSAGE][PASSED] - Text '1478 Jhatka Palace' is set on object 'Object Repository/AdminSuiteBootstrap_Pages/VT_Bootstrap/SaleKeyboard/input__address'

2024-07-12 22:28:40 - [MESSAGE][PASSED] - Text 'Suite 500' is set on object 'Object Repository/AdminSuiteBootstrap_Pages/VT_Bootstrap/SaleKeyboard/input__address2'

2024-07-12 22:28:41 - [MESSAGE][PASSED] - Text '22201' is set on object 'Object Repository/AdminSuiteBootstrap_Pages/VT_Bootstrap/SaleKeyboard/input__zip'

2024-07-12 22:28:41 - [MESSAGE][PASSED] - Text '' is set on object 'Object Repository/AdminSuiteBootstrap_Pages/VT_Bootstrap/SaleKeyboard/input_emailAddress'

2024-07-12 22:28:43 - [MESSAGE][PASSED] - Text '' is set on object 'Object Repository/AdminSuiteBootstrap_Pages/VT_Bootstrap/SaleKeyboard/input_smsNumber'

2024-07-12 22:28:43 - [MESSAGE][PASSED] - Text '10.50' is set on object 'Object Repository/AdminSuiteBootstrap_Pages/VT_Bootstrap/SaleKeyboard/input_amount'

2024-07-12 22:28:45 - [MESSAGE][PASSED] - Text 'Australia' is set on object 'Object Repository/AdminSuiteBootstrap_Pages/VT_Bootstrap/SaleKeyboard/input_userDefined1'

2024-07-12 22:28:45 - [MESSAGE][PASSED] - Text 'Denmark' is set on object 'Object Repository/AdminSuiteBootstrap_Pages/VT_Bootstrap/SaleKeyboard/input_userDefined2'

2024-07-12 22:28:46 - [MESSAGE][PASSED] - Text 'Sweden' is set on object 'Object Repository/AdminSuiteBootstrap_Pages/VT_Bootstrap/SaleKeyboard/input_userDefined3'

2024-07-12 22:28:47 - [MESSAGE][PASSED] - Text 'Austria' is set on object 'Object Repository/AdminSuiteBootstrap_Pages/VT_Bootstrap/SaleKeyboard/input_userDefined4'

2024-07-12 22:28:48 - [MESSAGE][PASSED] - All options with label 'Orange' are selected in object 'Object Repository/AdminSuiteBootstrap_Pages/VT_Bootstrap/SaleKeyboard/select_UDF5_DropDown'  using regular expression

2024-07-12 22:28:49 - [MESSAGE][PASSED] - All options with label 'Yellow' are selected in object 'Object Repository/AdminSuiteBootstrap_Pages/VT_Bootstrap/SaleKeyboard/select_UDF6_DropDown'  using regular expression

2024-07-12 22:28:49 - [MESSAGE][PASSED] - Text 'Norway' is set on object 'Object Repository/AdminSuiteBootstrap_Pages/VT_Bootstrap/SaleKeyboard/input_userDefined7'

2024-07-12 22:28:50 - [MESSAGE][PASSED] - Text 'Netherlands' is set on object 'Object Repository/AdminSuiteBootstrap_Pages/VT_Bootstrap/SaleKeyboard/input_userDefined8'

2024-07-12 22:28:51 - [MESSAGE][PASSED] - Text 'Switzerland' is set on object 'Object Repository/AdminSuiteBootstrap_Pages/VT_Bootstrap/SaleKeyboard/input_userDefined9'

2024-07-12 22:28:52 - [MESSAGE][PASSED] - Text 'France' is set on object 'Object Repository/AdminSuiteBootstrap_Pages/VT_Bootstrap/SaleKeyboard/input_userDefined10'

2024-07-12 22:28:53 - [MESSAGE][PASSED] - Object: 'Object Repository/AdminSuiteBootstrap_Pages/VT_Bootstrap/SaleKeyboard/button_Submit' is clicked on

2024-07-12 22:28:53 - [MESSAGE][PASSED] - adminSuiteBootstrap.virtualTerminalSetData.saleKeyboard_DataDriven is PASSED

2024-07-12 22:28:53 - [TEST_STEP][PASSED] - if (verifyTextPresent("Transaction Successful", true)): null

2024-07-12 22:28:54 - [MESSAGE][PASSED] - Text 'Transaction Successful' is present on page  using regular expression

2024-07-12 22:28:54 - [TEST_STEP][PASSED] - sdf = getText(findTestObject(path_Receipt + "td_AutoNoC031622113752957Ahm")): Text of object 'Object Repository/AdminSuiteBootstrap_Pages/VT_Bootstrap/Receipt/td_AutoNoC031622113752957Ahm' is: 'AutoDua071224222121803Ahm'

2024-07-12 22:28:54 - [MESSAGE][PASSED] - Text of object 'Object Repository/AdminSuiteBootstrap_Pages/VT_Bootstrap/Receipt/td_AutoNoC031622113752957Ahm' is: 'AutoDua071224222121803Ahm'

2024-07-12 22:28:54 - [TEST_STEP][PASSED] - out.println("sdf: " + sdf): null

2024-07-12 22:28:54 - [TEST_STEP][PASSED] - remID = sdf: null

2024-07-12 22:28:54 - [TEST_STEP][PASSED] - out.println("remID: " + remID): null

2024-07-12 22:28:54 - [TEST_STEP][PASSED] - click(findTestObject(path_Receipt + "button_Continue")): Object: 'Object Repository/AdminSuiteBootstrap_Pages/VT_Bootstrap/Receipt/button_Continue' is clicked on

2024-07-12 22:28:55 - [MESSAGE][PASSED] - Object: 'Object Repository/AdminSuiteBootstrap_Pages/VT_Bootstrap/Receipt/button_Continue' is clicked on

2024-07-12 22:28:55 - [TEST_STEP][PASSED] - click(findTestObject(path_VT + "a_Search Transactions")): Object: 'Object Repository/AdminSuiteBootstrap_Pages/VT_Bootstrap/IssueTransactions/a_Search Transactions' is clicked on

2024-07-12 22:28:56 - [MESSAGE][PASSED] - Object: 'Object Repository/AdminSuiteBootstrap_Pages/VT_Bootstrap/IssueTransactions/a_Search Transactions' is clicked on

2024-07-12 22:28:56 - [TEST_STEP][PASSED] - setText(findTestObject(path_CCSearch + "input_Search By_searchValue"), remID): Text 'AutoDua071224222121803Ahm' is set on object 'Object Repository/AdminSuiteBootstrap_Pages/VT_Bootstrap/CCCreditOrVoidSearch/input_Search By_searchValue'

2024-07-12 22:28:57 - [MESSAGE][PASSED] - Text 'AutoDua071224222121803Ahm' is set on object 'Object Repository/AdminSuiteBootstrap_Pages/VT_Bootstrap/CCCreditOrVoidSearch/input_Search By_searchValue'

2024-07-12 22:28:57 - [TEST_STEP][PASSED] - click(findTestObject(path_CCSearch + "button_Submit")): Object: 'Object Repository/AdminSuiteBootstrap_Pages/VT_Bootstrap/CCCreditOrVoidSearch/button_Submit' is clicked on

2024-07-12 22:28:57 - [MESSAGE][PASSED] - Object: 'Object Repository/AdminSuiteBootstrap_Pages/VT_Bootstrap/CCCreditOrVoidSearch/button_Submit' is clicked on

2024-07-12 22:28:57 - [TEST_STEP][PASSED] - fgr = getText(findTestObject(path_SearchResults + "div_Payment ID")): Text of object 'Object Repository/AdminSuiteBootstrap_Pages/VT_Bootstrap/SearchResults/div_Payment ID' is: 'Payment ID
Payment Type
Transaction Type
Remittance ID
Name
Total Amount
End Date
Status
12154739 Credit Card Authorization and Capture AutoDua071224222121803Ahm Tulsi Raman $10.50 07/12/2024 Success'

2024-07-12 22:28:58 - [MESSAGE][PASSED] - Text of object 'Object Repository/AdminSuiteBootstrap_Pages/VT_Bootstrap/SearchResults/div_Payment ID' is: 'Payment ID
Payment Type
Transaction Type
Remittance ID
Name
Total Amount
End Date
Status
12154739 Credit Card Authorization and Capture AutoDua071224222121803Ahm Tulsi Raman $10.50 07/12/2024 Success'

2024-07-12 22:28:58 - [TEST_STEP][PASSED] - payID = substring(89, 98).trim(): null

2024-07-12 22:28:58 - [TEST_STEP][PASSED] - out.println("payID: " + payID): null

2024-07-12 22:28:58 - [TEST_STEP][PASSED] - click(findTestObject(path_SearchResults + "button_PaymentID")): Object: 'Object Repository/AdminSuiteBootstrap_Pages/VT_Bootstrap/SearchResults/button_PaymentID' is clicked on

2024-07-12 22:28:59 - [MESSAGE][PASSED] - Object: 'Object Repository/AdminSuiteBootstrap_Pages/VT_Bootstrap/SearchResults/button_PaymentID' is clicked on

2024-07-12 22:28:59 - [TEST_STEP][PASSED] - verifyTextPresent("Tender Type", true): Text 'Tender Type' is present on page  using regular expression

2024-07-12 22:28:59 - [MESSAGE][PASSED] - Text 'Tender Type' is present on page  using regular expression

2024-07-12 22:28:59 - [TEST_STEP][PASSED] - verifyTextPresent("Credit Card", true): Text 'Credit Card' is present on page  using regular expression

2024-07-12 22:29:00 - [MESSAGE][PASSED] - Text 'Credit Card' is present on page  using regular expression

2024-07-12 22:29:00 - [TEST_STEP][PASSED] - verifyTextPresent("Transaction Type", true): Text 'Transaction Type' is present on page  using regular expression

2024-07-12 22:29:00 - [MESSAGE][PASSED] - Text 'Transaction Type' is present on page  using regular expression

2024-07-12 22:29:00 - [TEST_STEP][PASSED] - verifyTextPresent("Authorization and Capture", true): Text 'Authorization and Capture' is present on page  using regular expression

2024-07-12 22:29:00 - [MESSAGE][PASSED] - Text 'Authorization and Capture' is present on page  using regular expression

2024-07-12 22:29:00 - [TEST_STEP][PASSED] - verifyTextPresent("Transaction Posted by", true): Text 'Transaction Posted by' is present on page  using regular expression

2024-07-12 22:29:01 - [MESSAGE][PASSED] - Text 'Transaction Posted by' is present on page  using regular expression

2024-07-12 22:29:01 - [TEST_STEP][PASSED] - verifyTextPresent("iahmed", true): Text 'iahmed' is present on page  using regular expression

2024-07-12 22:29:01 - [MESSAGE][PASSED] - Text 'iahmed' is present on page  using regular expression

2024-07-12 22:29:01 - [TEST_STEP][PASSED] - click(findTestObject(path_TranxDetails + "a_Void this transaction")): Object: 'Object Repository/AdminSuiteBootstrap_Pages/VT_Bootstrap/TransactionDetails/a_Void this transaction' is clicked on

2024-07-12 22:29:02 - [MESSAGE][PASSED] - Object: 'Object Repository/AdminSuiteBootstrap_Pages/VT_Bootstrap/TransactionDetails/a_Void this transaction' is clicked on

2024-07-12 22:29:02 - [TEST_STEP][PASSED] - verifyTextPresent("The following transaction will be voided", true): Text 'The following transaction will be voided' is present on page  using regular expression

2024-07-12 22:29:02 - [MESSAGE][PASSED] - Text 'The following transaction will be voided' is present on page  using regular expression

2024-07-12 22:29:02 - [TEST_STEP][PASSED] - verifyTextPresent("Please press submit to continue", true): Text 'Please press submit to continue' is present on page  using regular expression

2024-07-12 22:29:03 - [MESSAGE][PASSED] - Text 'Please press submit to continue' is present on page  using regular expression

2024-07-12 22:29:03 - [TEST_STEP][PASSED] - click(findTestObject(path_TranxDetails + "button_Submit")): Object: 'Object Repository/AdminSuiteBootstrap_Pages/VT_Bootstrap/TransactionDetails/button_Submit' is clicked on

2024-07-12 22:29:04 - [MESSAGE][PASSED] - Object: 'Object Repository/AdminSuiteBootstrap_Pages/VT_Bootstrap/TransactionDetails/button_Submit' is clicked on

2024-07-12 22:29:04 - [TEST_STEP][PASSED] - verifyTextPresent("Transaction Successful", true): Text 'Transaction Successful' is present on page  using regular expression

2024-07-12 22:29:04 - [MESSAGE][PASSED] - Text 'Transaction Successful' is present on page  using regular expression

2024-07-12 22:29:04 - [TEST_STEP][PASSED] - verifyTextPresent("Transaction Type", true): Text 'Transaction Type' is present on page  using regular expression

2024-07-12 22:29:05 - [MESSAGE][PASSED] - Text 'Transaction Type' is present on page  using regular expression

2024-07-12 22:29:05 - [TEST_STEP][PASSED] - verifyTextPresent("Void", true): Text 'Void' is present on page  using regular expression

2024-07-12 22:29:05 - [MESSAGE][PASSED] - Text 'Void' is present on page  using regular expression

2024-07-12 22:29:05 - [TEST_STEP][PASSED] - closeBrowser(): Browser is closed

2024-07-12 22:29:06 - [MESSAGE][PASSED] - Browser is closed

2024-07-12 22:29:06 - [TEST_STEP][PASSED] - ExecuteTC = findTestData(dataFile).getValue("Execute", row): null

2024-07-12 22:29:06 - [TEST_STEP][PASSED] - out.println("Value of Execute is : " + ExecuteTC): null

2024-07-12 22:29:06 - [TEST_STEP][PASSED] - switch (executionProfile): null

2024-07-12 22:29:06 - [TEST_STEP][PASSED] - case "QA2Profile":: null

2024-07-12 22:29:06 - [TEST_STEP][PASSED] - appName = findTestData(dataFile).getValue("AppNameQA", row): null

2024-07-12 22:29:06 - [TEST_STEP][PASSED] - appID = findTestData(dataFile).getValue("AppIDQA", row): null

2024-07-12 22:29:06 - [TEST_STEP][PASSED] - break: null

2024-07-12 22:29:06 - [TEST_STEP][PASSED] - hrefAppID = li_1 + appID + li_2: null

2024-07-12 22:29:06 - [TEST_STEP][PASSED] - hrefApp = li_1 + appID + "/": null

2024-07-12 22:29:07 - [TEST_STEP][PASSED] - println("hrefApp : " + hrefApp): null

2024-07-12 22:29:07 - [TEST_STEP][PASSED] - if (ExecuteTC.equalsIgnoreCase("Y")): null

2024-07-12 22:29:07 - [TEST_STEP][PASSED] - out.println("Begin Record Number: " + row): null

2024-07-12 22:29:07 - [TEST_STEP][PASSED] - today = new java.util.Date(): null

2024-07-12 22:29:07 - [TEST_STEP][PASSED] - println(today): null

2024-07-12 22:29:07 - [TEST_STEP][PASSED] - datText = today: null

2024-07-12 22:29:07 - [TEST_STEP][PASSED] - adminSuiteBootstrap.loginFunctionality.login_AdminSuite(): adminSuiteBootstrap.loginFunctionality.login_AdminSuite is PASSED

2024-07-12 22:29:07 - [MESSAGE][INFO] - Starting 'Chrome' driver

2024-07-12 22:29:07 - [MESSAGE][INFO] - User set preference: ['acceptInsecureCerts', 'true']

2024-07-12 22:29:07 - [MESSAGE][INFO] - Action delay is set to 0 milliseconds

2024-07-12 22:29:08 - [MESSAGE][PASSED] - Browser is opened with url: 'https://qa2.velocitypayment.com/admin/imtiaz'

2024-07-12 22:29:09 - [MESSAGE][PASSED] - Current window maximized

2024-07-12 22:29:10 - [MESSAGE][PASSED] - Object 'Object Repository/Login_Page/Login_Username_Okta' is present

2024-07-12 22:29:11 - [MESSAGE][PASSED] - Text 'iahmed' is set on object 'Object Repository/Login_Page/Login_Username_Okta'

2024-07-12 22:29:12 - [MESSAGE][PASSED] - Text 'Hello!6666666' is set on object 'Object Repository/Login_Page/Login_Password_Okta'

2024-07-12 22:29:12 - [MESSAGE][PASSED] - Object: 'Object Repository/Login_Page/Login_Submit_Okta' is clicked on

2024-07-12 22:29:12 - [MESSAGE][PASSED] - adminSuiteBootstrap.loginFunctionality.login_AdminSuite is PASSED

2024-07-12 22:29:12 - [TEST_STEP][PASSED] - click(findTestObject(path_Dashboard + appName)): Object: 'Object Repository/AdminSuiteBootstrap_Pages/Dashboard_Bootstrap/a_Access AutoDualCFtpQA' is clicked on

2024-07-12 22:29:21 - [MESSAGE][PASSED] - Object: 'Object Repository/AdminSuiteBootstrap_Pages/Dashboard_Bootstrap/a_Access AutoDualCFtpQA' is clicked on

2024-07-12 22:29:21 - [TEST_STEP][PASSED] - click(findTestObject(path_VT + "button_Authorization  Capture (Sale)")): Object: 'Object Repository/AdminSuiteBootstrap_Pages/VT_Bootstrap/IssueTransactions/button_Authorization  Capture (Sale)' is clicked on

2024-07-12 22:29:22 - [MESSAGE][PASSED] - Object: 'Object Repository/AdminSuiteBootstrap_Pages/VT_Bootstrap/IssueTransactions/button_Authorization  Capture (Sale)' is clicked on

2024-07-12 22:29:22 - [TEST_STEP][PASSED] - saleKeyboardEntryLink = modifyObjectProperty(findTestObject(path_VT + "a_KeyboardEntry_Sale"), "href", "equals", hrefAppID, true): Modify property of object successfully

2024-07-12 22:29:22 - [MESSAGE][PASSED] - Modify property of object successfully

2024-07-12 22:29:22 - [TEST_STEP][PASSED] - click(saleKeyboardEntryLink): Object: 'Object Repository/AdminSuiteBootstrap_Pages/VT_Bootstrap/IssueTransactions/a_KeyboardEntry_Sale' is clicked on

2024-07-12 22:29:23 - [MESSAGE][PASSED] - Object: 'Object Repository/AdminSuiteBootstrap_Pages/VT_Bootstrap/IssueTransactions/a_KeyboardEntry_Sale' is clicked on

2024-07-12 22:29:23 - [TEST_STEP][PASSED] - adminSuiteBootstrap.virtualTerminalSetData.saleKeyboard_DataDriven(row, dataFile): adminSuiteBootstrap.virtualTerminalSetData.saleKeyboard_DataDriven is PASSED

2024-07-12 22:29:26 - [MESSAGE][PASSED] - Text 'Tulsi Raman' is set on object 'Object Repository/AdminSuiteBootstrap_Pages/VT_Bootstrap/SaleKeyboard/input_cardName'

2024-07-12 22:29:27 - [MESSAGE][PASSED] - All options with value 'RETL' are selected in object 'Object Repository/AdminSuiteBootstrap_Pages/VT_Bootstrap/SaleKeyboard/select_transactionCategory'  using regular expression

2024-07-12 22:29:28 - [MESSAGE][PASSED] - Execute JavaScript 'arguments[0].value ='371449635392376' ' successfully

2024-07-12 22:29:28 - [MESSAGE][PASSED] - Execute JavaScript 'arguments[0].value ='123' ' successfully

2024-07-12 22:29:29 - [MESSAGE][PASSED] - All options with value '12' are selected in object 'Object Repository/AdminSuiteBootstrap_Pages/VT_Bootstrap/SaleKeyboard/select_MM'  using regular expression

2024-07-12 22:29:30 - [MESSAGE][PASSED] - All options with value '2025' are selected in object 'Object Repository/AdminSuiteBootstrap_Pages/VT_Bootstrap/SaleKeyboard/select_YYYY'  using regular expression

2024-07-12 22:29:31 - [MESSAGE][PASSED] - Text '550 Swan Lake' is set on object 'Object Repository/AdminSuiteBootstrap_Pages/VT_Bootstrap/SaleKeyboard/input__address'

2024-07-12 22:29:32 - [MESSAGE][PASSED] - Text 'Suite 500' is set on object 'Object Repository/AdminSuiteBootstrap_Pages/VT_Bootstrap/SaleKeyboard/input__address2'

2024-07-12 22:29:32 - [MESSAGE][PASSED] - Text '22201' is set on object 'Object Repository/AdminSuiteBootstrap_Pages/VT_Bootstrap/SaleKeyboard/input__zip'

2024-07-12 22:29:33 - [MESSAGE][PASSED] - Text '' is set on object 'Object Repository/AdminSuiteBootstrap_Pages/VT_Bootstrap/SaleKeyboard/input_emailAddress'

2024-07-12 22:29:34 - [MESSAGE][PASSED] - Text '' is set on object 'Object Repository/AdminSuiteBootstrap_Pages/VT_Bootstrap/SaleKeyboard/input_smsNumber'

2024-07-12 22:29:35 - [MESSAGE][PASSED] - Text '10.50' is set on object 'Object Repository/AdminSuiteBootstrap_Pages/VT_Bootstrap/SaleKeyboard/input_amount'

2024-07-12 22:29:36 - [MESSAGE][PASSED] - Text 'Australia' is set on object 'Object Repository/AdminSuiteBootstrap_Pages/VT_Bootstrap/SaleKeyboard/input_userDefined1'

2024-07-12 22:29:37 - [MESSAGE][PASSED] - Text 'Denmark' is set on object 'Object Repository/AdminSuiteBootstrap_Pages/VT_Bootstrap/SaleKeyboard/input_userDefined2'

2024-07-12 22:29:38 - [MESSAGE][PASSED] - Text 'Sweden' is set on object 'Object Repository/AdminSuiteBootstrap_Pages/VT_Bootstrap/SaleKeyboard/input_userDefined3'

2024-07-12 22:29:39 - [MESSAGE][PASSED] - Text 'Austria' is set on object 'Object Repository/AdminSuiteBootstrap_Pages/VT_Bootstrap/SaleKeyboard/input_userDefined4'

2024-07-12 22:29:40 - [MESSAGE][PASSED] - All options with label 'Orange' are selected in object 'Object Repository/AdminSuiteBootstrap_Pages/VT_Bootstrap/SaleKeyboard/select_UDF5_DropDown'  using regular expression

2024-07-12 22:29:41 - [MESSAGE][PASSED] - All options with label 'Yellow' are selected in object 'Object Repository/AdminSuiteBootstrap_Pages/VT_Bootstrap/SaleKeyboard/select_UDF6_DropDown'  using regular expression

2024-07-12 22:29:41 - [MESSAGE][PASSED] - Text 'Norway' is set on object 'Object Repository/AdminSuiteBootstrap_Pages/VT_Bootstrap/SaleKeyboard/input_userDefined7'

2024-07-12 22:29:42 - [MESSAGE][PASSED] - Text 'Netherlands' is set on object 'Object Repository/AdminSuiteBootstrap_Pages/VT_Bootstrap/SaleKeyboard/input_userDefined8'

2024-07-12 22:29:43 - [MESSAGE][PASSED] - Text 'Switzerland' is set on object 'Object Repository/AdminSuiteBootstrap_Pages/VT_Bootstrap/SaleKeyboard/input_userDefined9'

2024-07-12 22:29:43 - [MESSAGE][PASSED] - Text 'France' is set on object 'Object Repository/AdminSuiteBootstrap_Pages/VT_Bootstrap/SaleKeyboard/input_userDefined10'

2024-07-12 22:29:45 - [MESSAGE][PASSED] - Object: 'Object Repository/AdminSuiteBootstrap_Pages/VT_Bootstrap/SaleKeyboard/button_Submit' is clicked on

2024-07-12 22:29:45 - [MESSAGE][PASSED] - adminSuiteBootstrap.virtualTerminalSetData.saleKeyboard_DataDriven is PASSED

2024-07-12 22:29:45 - [TEST_STEP][PASSED] - if (verifyTextPresent("Transaction Successful", true)): null

2024-07-12 22:29:46 - [MESSAGE][PASSED] - Text 'Transaction Successful' is present on page  using regular expression

2024-07-12 22:29:46 - [TEST_STEP][PASSED] - sdf = getText(findTestObject(path_Receipt + "td_AutoNoC031622113752957Ahm")): Text of object 'Object Repository/AdminSuiteBootstrap_Pages/VT_Bootstrap/Receipt/td_AutoNoC031622113752957Ahm' is: 'AutoDua071224222213887Ahm'

2024-07-12 22:29:46 - [MESSAGE][PASSED] - Text of object 'Object Repository/AdminSuiteBootstrap_Pages/VT_Bootstrap/Receipt/td_AutoNoC031622113752957Ahm' is: 'AutoDua071224222213887Ahm'

2024-07-12 22:29:46 - [TEST_STEP][PASSED] - out.println("sdf: " + sdf): null

2024-07-12 22:29:46 - [TEST_STEP][PASSED] - remID = sdf: null

2024-07-12 22:29:46 - [TEST_STEP][PASSED] - out.println("remID: " + remID): null

2024-07-12 22:29:46 - [TEST_STEP][PASSED] - click(findTestObject(path_Receipt + "button_Continue")): Object: 'Object Repository/AdminSuiteBootstrap_Pages/VT_Bootstrap/Receipt/button_Continue' is clicked on

2024-07-12 22:29:47 - [MESSAGE][PASSED] - Object: 'Object Repository/AdminSuiteBootstrap_Pages/VT_Bootstrap/Receipt/button_Continue' is clicked on

2024-07-12 22:29:47 - [TEST_STEP][PASSED] - click(findTestObject(path_VT + "a_Search Transactions")): Object: 'Object Repository/AdminSuiteBootstrap_Pages/VT_Bootstrap/IssueTransactions/a_Search Transactions' is clicked on

2024-07-12 22:29:48 - [MESSAGE][PASSED] - Object: 'Object Repository/AdminSuiteBootstrap_Pages/VT_Bootstrap/IssueTransactions/a_Search Transactions' is clicked on

2024-07-12 22:29:48 - [TEST_STEP][PASSED] - setText(findTestObject(path_CCSearch + "input_Search By_searchValue"), remID): Text 'AutoDua071224222213887Ahm' is set on object 'Object Repository/AdminSuiteBootstrap_Pages/VT_Bootstrap/CCCreditOrVoidSearch/input_Search By_searchValue'

2024-07-12 22:29:49 - [MESSAGE][PASSED] - Text 'AutoDua071224222213887Ahm' is set on object 'Object Repository/AdminSuiteBootstrap_Pages/VT_Bootstrap/CCCreditOrVoidSearch/input_Search By_searchValue'

2024-07-12 22:29:49 - [TEST_STEP][PASSED] - click(findTestObject(path_CCSearch + "button_Submit")): Object: 'Object Repository/AdminSuiteBootstrap_Pages/VT_Bootstrap/CCCreditOrVoidSearch/button_Submit' is clicked on

2024-07-12 22:29:50 - [MESSAGE][PASSED] - Object: 'Object Repository/AdminSuiteBootstrap_Pages/VT_Bootstrap/CCCreditOrVoidSearch/button_Submit' is clicked on

2024-07-12 22:29:50 - [TEST_STEP][PASSED] - fgr = getText(findTestObject(path_SearchResults + "div_Payment ID")): Text of object 'Object Repository/AdminSuiteBootstrap_Pages/VT_Bootstrap/SearchResults/div_Payment ID' is: 'Payment ID
Payment Type
Transaction Type
Remittance ID
Name
Total Amount
End Date
Status
12154742 Credit Card Authorization and Capture AutoDua071224222213887Ahm Tulsi Raman $10.50 07/12/2024 Success'

2024-07-12 22:29:50 - [MESSAGE][PASSED] - Text of object 'Object Repository/AdminSuiteBootstrap_Pages/VT_Bootstrap/SearchResults/div_Payment ID' is: 'Payment ID
Payment Type
Transaction Type
Remittance ID
Name
Total Amount
End Date
Status
12154742 Credit Card Authorization and Capture AutoDua071224222213887Ahm Tulsi Raman $10.50 07/12/2024 Success'

2024-07-12 22:29:50 - [TEST_STEP][PASSED] - payID = substring(89, 98).trim(): null

2024-07-12 22:29:50 - [TEST_STEP][PASSED] - out.println("payID: " + payID): null

2024-07-12 22:29:50 - [TEST_STEP][PASSED] - click(findTestObject(path_SearchResults + "button_PaymentID")): Object: 'Object Repository/AdminSuiteBootstrap_Pages/VT_Bootstrap/SearchResults/button_PaymentID' is clicked on

2024-07-12 22:29:51 - [MESSAGE][PASSED] - Object: 'Object Repository/AdminSuiteBootstrap_Pages/VT_Bootstrap/SearchResults/button_PaymentID' is clicked on

2024-07-12 22:29:51 - [TEST_STEP][PASSED] - verifyTextPresent("Tender Type", true): Text 'Tender Type' is present on page  using regular expression

2024-07-12 22:29:52 - [MESSAGE][PASSED] - Text 'Tender Type' is present on page  using regular expression

2024-07-12 22:29:52 - [TEST_STEP][PASSED] - verifyTextPresent("Credit Card", true): Text 'Credit Card' is present on page  using regular expression

2024-07-12 22:29:52 - [MESSAGE][PASSED] - Text 'Credit Card' is present on page  using regular expression

2024-07-12 22:29:52 - [TEST_STEP][PASSED] - verifyTextPresent("Transaction Type", true): Text 'Transaction Type' is present on page  using regular expression

2024-07-12 22:29:52 - [MESSAGE][PASSED] - Text 'Transaction Type' is present on page  using regular expression

2024-07-12 22:29:52 - [TEST_STEP][PASSED] - verifyTextPresent("Authorization and Capture", true): Text 'Authorization and Capture' is present on page  using regular expression

2024-07-12 22:29:53 - [MESSAGE][PASSED] - Text 'Authorization and Capture' is present on page  using regular expression

2024-07-12 22:29:53 - [TEST_STEP][PASSED] - verifyTextPresent("Transaction Posted by", true): Text 'Transaction Posted by' is present on page  using regular expression

2024-07-12 22:29:53 - [MESSAGE][PASSED] - Text 'Transaction Posted by' is present on page  using regular expression

2024-07-12 22:29:53 - [TEST_STEP][PASSED] - verifyTextPresent("iahmed", true): Text 'iahmed' is present on page  using regular expression

2024-07-12 22:29:53 - [MESSAGE][PASSED] - Text 'iahmed' is present on page  using regular expression

2024-07-12 22:29:53 - [TEST_STEP][PASSED] - click(findTestObject(path_TranxDetails + "a_Void this transaction")): Object: 'Object Repository/AdminSuiteBootstrap_Pages/VT_Bootstrap/TransactionDetails/a_Void this transaction' is clicked on

2024-07-12 22:29:54 - [MESSAGE][PASSED] - Object: 'Object Repository/AdminSuiteBootstrap_Pages/VT_Bootstrap/TransactionDetails/a_Void this transaction' is clicked on

2024-07-12 22:29:54 - [TEST_STEP][PASSED] - verifyTextPresent("The following transaction will be voided", true): Text 'The following transaction will be voided' is present on page  using regular expression

2024-07-12 22:29:55 - [MESSAGE][PASSED] - Text 'The following transaction will be voided' is present on page  using regular expression

2024-07-12 22:29:55 - [TEST_STEP][PASSED] - verifyTextPresent("Please press submit to continue", true): Text 'Please press submit to continue' is present on page  using regular expression

2024-07-12 22:29:55 - [MESSAGE][PASSED] - Text 'Please press submit to continue' is present on page  using regular expression

2024-07-12 22:29:55 - [TEST_STEP][PASSED] - click(findTestObject(path_TranxDetails + "button_Submit")): Object: 'Object Repository/AdminSuiteBootstrap_Pages/VT_Bootstrap/TransactionDetails/button_Submit' is clicked on

2024-07-12 22:29:56 - [MESSAGE][PASSED] - Object: 'Object Repository/AdminSuiteBootstrap_Pages/VT_Bootstrap/TransactionDetails/button_Submit' is clicked on

2024-07-12 22:29:56 - [TEST_STEP][PASSED] - verifyTextPresent("Transaction Successful", true): Text 'Transaction Successful' is present on page  using regular expression

2024-07-12 22:29:57 - [MESSAGE][PASSED] - Text 'Transaction Successful' is present on page  using regular expression

2024-07-12 22:29:57 - [TEST_STEP][PASSED] - verifyTextPresent("Transaction Type", true): Text 'Transaction Type' is present on page  using regular expression

2024-07-12 22:29:57 - [MESSAGE][PASSED] - Text 'Transaction Type' is present on page  using regular expression

2024-07-12 22:29:57 - [TEST_STEP][PASSED] - verifyTextPresent("Void", true): Text 'Void' is present on page  using regular expression

2024-07-12 22:29:57 - [MESSAGE][PASSED] - Text 'Void' is present on page  using regular expression

2024-07-12 22:29:57 - [TEST_STEP][PASSED] - closeBrowser(): Browser is closed

2024-07-12 22:29:58 - [MESSAGE][PASSED] - Browser is closed

2024-07-12 22:29:58 - [TEST_STEP][PASSED] - ExecuteTC = findTestData(dataFile).getValue("Execute", row): null

2024-07-12 22:29:59 - [TEST_STEP][PASSED] - out.println("Value of Execute is : " + ExecuteTC): null

2024-07-12 22:29:59 - [TEST_STEP][PASSED] - switch (executionProfile): null

2024-07-12 22:29:59 - [TEST_STEP][PASSED] - case "QA2Profile":: null

2024-07-12 22:29:59 - [TEST_STEP][PASSED] - appName = findTestData(dataFile).getValue("AppNameQA", row): null

2024-07-12 22:29:59 - [TEST_STEP][PASSED] - appID = findTestData(dataFile).getValue("AppIDQA", row): null

2024-07-12 22:29:59 - [TEST_STEP][PASSED] - break: null

2024-07-12 22:29:59 - [TEST_STEP][PASSED] - hrefAppID = li_1 + appID + li_2: null

2024-07-12 22:29:59 - [TEST_STEP][PASSED] - hrefApp = li_1 + appID + "/": null

2024-07-12 22:29:59 - [TEST_STEP][PASSED] - println("hrefApp : " + hrefApp): null

2024-07-12 22:29:59 - [TEST_STEP][PASSED] - if (ExecuteTC.equalsIgnoreCase("Y")): null

2024-07-12 22:29:59 - [TEST_STEP][PASSED] - out.println("Begin Record Number: " + row): null

2024-07-12 22:29:59 - [TEST_STEP][PASSED] - today = new java.util.Date(): null

2024-07-12 22:29:59 - [TEST_STEP][PASSED] - println(today): null

2024-07-12 22:29:59 - [TEST_STEP][PASSED] - datText = today: null

2024-07-12 22:29:59 - [TEST_STEP][PASSED] - adminSuiteBootstrap.loginFunctionality.login_AdminSuite(): adminSuiteBootstrap.loginFunctionality.login_AdminSuite is PASSED

2024-07-12 22:29:59 - [MESSAGE][INFO] - Starting 'Chrome' driver

2024-07-12 22:29:59 - [MESSAGE][INFO] - User set preference: ['acceptInsecureCerts', 'true']

2024-07-12 22:29:59 - [MESSAGE][INFO] - Action delay is set to 0 milliseconds

2024-07-12 22:30:01 - [MESSAGE][PASSED] - Browser is opened with url: 'https://qa2.velocitypayment.com/admin/imtiaz'

2024-07-12 22:30:02 - [MESSAGE][PASSED] - Current window maximized

2024-07-12 22:30:02 - [MESSAGE][PASSED] - Object 'Object Repository/Login_Page/Login_Username_Okta' is present

2024-07-12 22:30:03 - [MESSAGE][PASSED] - Text 'iahmed' is set on object 'Object Repository/Login_Page/Login_Username_Okta'

2024-07-12 22:30:04 - [MESSAGE][PASSED] - Text 'Hello!6666666' is set on object 'Object Repository/Login_Page/Login_Password_Okta'

2024-07-12 22:30:04 - [MESSAGE][PASSED] - Object: 'Object Repository/Login_Page/Login_Submit_Okta' is clicked on

2024-07-12 22:30:04 - [MESSAGE][PASSED] - adminSuiteBootstrap.loginFunctionality.login_AdminSuite is PASSED

2024-07-12 22:30:04 - [TEST_STEP][PASSED] - click(findTestObject(path_Dashboard + appName)): Object: 'Object Repository/AdminSuiteBootstrap_Pages/Dashboard_Bootstrap/a_Access AutoDualCFtpQA' is clicked on

2024-07-12 22:30:12 - [MESSAGE][PASSED] - Object: 'Object Repository/AdminSuiteBootstrap_Pages/Dashboard_Bootstrap/a_Access AutoDualCFtpQA' is clicked on

2024-07-12 22:30:12 - [TEST_STEP][PASSED] - click(findTestObject(path_VT + "button_Authorization  Capture (Sale)")): Object: 'Object Repository/AdminSuiteBootstrap_Pages/VT_Bootstrap/IssueTransactions/button_Authorization  Capture (Sale)' is clicked on

2024-07-12 22:30:13 - [MESSAGE][PASSED] - Object: 'Object Repository/AdminSuiteBootstrap_Pages/VT_Bootstrap/IssueTransactions/button_Authorization  Capture (Sale)' is clicked on

2024-07-12 22:30:13 - [TEST_STEP][PASSED] - saleKeyboardEntryLink = modifyObjectProperty(findTestObject(path_VT + "a_KeyboardEntry_Sale"), "href", "equals", hrefAppID, true): Modify property of object successfully

2024-07-12 22:30:13 - [MESSAGE][PASSED] - Modify property of object successfully

2024-07-12 22:30:13 - [TEST_STEP][PASSED] - click(saleKeyboardEntryLink): Object: 'Object Repository/AdminSuiteBootstrap_Pages/VT_Bootstrap/IssueTransactions/a_KeyboardEntry_Sale' is clicked on

2024-07-12 22:30:14 - [MESSAGE][PASSED] - Object: 'Object Repository/AdminSuiteBootstrap_Pages/VT_Bootstrap/IssueTransactions/a_KeyboardEntry_Sale' is clicked on

2024-07-12 22:30:14 - [TEST_STEP][PASSED] - adminSuiteBootstrap.virtualTerminalSetData.saleKeyboard_DataDriven(row, dataFile): adminSuiteBootstrap.virtualTerminalSetData.saleKeyboard_DataDriven is PASSED

2024-07-12 22:30:17 - [MESSAGE][PASSED] - Text 'Tulsi Raman' is set on object 'Object Repository/AdminSuiteBootstrap_Pages/VT_Bootstrap/SaleKeyboard/input_cardName'

2024-07-12 22:30:18 - [MESSAGE][PASSED] - All options with value 'RETL' are selected in object 'Object Repository/AdminSuiteBootstrap_Pages/VT_Bootstrap/SaleKeyboard/select_transactionCategory'  using regular expression

2024-07-12 22:30:19 - [MESSAGE][PASSED] - Execute JavaScript 'arguments[0].value ='6011000993026909' ' successfully

2024-07-12 22:30:19 - [MESSAGE][PASSED] - Execute JavaScript 'arguments[0].value ='123' ' successfully

2024-07-12 22:30:20 - [MESSAGE][PASSED] - All options with value '12' are selected in object 'Object Repository/AdminSuiteBootstrap_Pages/VT_Bootstrap/SaleKeyboard/select_MM'  using regular expression

2024-07-12 22:30:21 - [MESSAGE][PASSED] - All options with value '2025' are selected in object 'Object Repository/AdminSuiteBootstrap_Pages/VT_Bootstrap/SaleKeyboard/select_YYYY'  using regular expression

2024-07-12 22:30:22 - [MESSAGE][PASSED] - Text '25987 Hill Top' is set on object 'Object Repository/AdminSuiteBootstrap_Pages/VT_Bootstrap/SaleKeyboard/input__address'

2024-07-12 22:30:23 - [MESSAGE][PASSED] - Text 'Suite 500' is set on object 'Object Repository/AdminSuiteBootstrap_Pages/VT_Bootstrap/SaleKeyboard/input__address2'

2024-07-12 22:30:24 - [MESSAGE][PASSED] - Text '22201' is set on object 'Object Repository/AdminSuiteBootstrap_Pages/VT_Bootstrap/SaleKeyboard/input__zip'

2024-07-12 22:30:24 - [MESSAGE][PASSED] - Text '' is set on object 'Object Repository/AdminSuiteBootstrap_Pages/VT_Bootstrap/SaleKeyboard/input_emailAddress'

2024-07-12 22:30:26 - [MESSAGE][PASSED] - Text '' is set on object 'Object Repository/AdminSuiteBootstrap_Pages/VT_Bootstrap/SaleKeyboard/input_smsNumber'

2024-07-12 22:30:26 - [MESSAGE][PASSED] - Text '10.50' is set on object 'Object Repository/AdminSuiteBootstrap_Pages/VT_Bootstrap/SaleKeyboard/input_amount'

2024-07-12 22:30:28 - [MESSAGE][PASSED] - Text 'Australia' is set on object 'Object Repository/AdminSuiteBootstrap_Pages/VT_Bootstrap/SaleKeyboard/input_userDefined1'

2024-07-12 22:30:28 - [MESSAGE][PASSED] - Text 'Denmark' is set on object 'Object Repository/AdminSuiteBootstrap_Pages/VT_Bootstrap/SaleKeyboard/input_userDefined2'

2024-07-12 22:30:29 - [MESSAGE][PASSED] - Text 'Sweden' is set on object 'Object Repository/AdminSuiteBootstrap_Pages/VT_Bootstrap/SaleKeyboard/input_userDefined3'

2024-07-12 22:30:30 - [MESSAGE][PASSED] - Text 'Austria' is set on object 'Object Repository/AdminSuiteBootstrap_Pages/VT_Bootstrap/SaleKeyboard/input_userDefined4'

2024-07-12 22:30:31 - [MESSAGE][PASSED] - All options with label 'Orange' are selected in object 'Object Repository/AdminSuiteBootstrap_Pages/VT_Bootstrap/SaleKeyboard/select_UDF5_DropDown'  using regular expression

2024-07-12 22:30:32 - [MESSAGE][PASSED] - All options with label 'Yellow' are selected in object 'Object Repository/AdminSuiteBootstrap_Pages/VT_Bootstrap/SaleKeyboard/select_UDF6_DropDown'  using regular expression

2024-07-12 22:30:32 - [MESSAGE][PASSED] - Text 'Norway' is set on object 'Object Repository/AdminSuiteBootstrap_Pages/VT_Bootstrap/SaleKeyboard/input_userDefined7'

2024-07-12 22:30:33 - [MESSAGE][PASSED] - Text 'Netherlands' is set on object 'Object Repository/AdminSuiteBootstrap_Pages/VT_Bootstrap/SaleKeyboard/input_userDefined8'

2024-07-12 22:30:34 - [MESSAGE][PASSED] - Text 'Switzerland' is set on object 'Object Repository/AdminSuiteBootstrap_Pages/VT_Bootstrap/SaleKeyboard/input_userDefined9'

2024-07-12 22:30:34 - [MESSAGE][PASSED] - Text 'France' is set on object 'Object Repository/AdminSuiteBootstrap_Pages/VT_Bootstrap/SaleKeyboard/input_userDefined10'

2024-07-12 22:30:36 - [MESSAGE][PASSED] - Object: 'Object Repository/AdminSuiteBootstrap_Pages/VT_Bootstrap/SaleKeyboard/button_Submit' is clicked on

2024-07-12 22:30:36 - [MESSAGE][PASSED] - adminSuiteBootstrap.virtualTerminalSetData.saleKeyboard_DataDriven is PASSED

2024-07-12 22:30:36 - [TEST_STEP][PASSED] - if (verifyTextPresent("Transaction Successful", true)): null

2024-07-12 22:30:37 - [MESSAGE][PASSED] - Text 'Transaction Successful' is present on page  using regular expression

2024-07-12 22:30:37 - [TEST_STEP][PASSED] - sdf = getText(findTestObject(path_Receipt + "td_AutoNoC031622113752957Ahm")): Text of object 'Object Repository/AdminSuiteBootstrap_Pages/VT_Bootstrap/Receipt/td_AutoNoC031622113752957Ahm' is: 'AutoDua071224222305042Ahm'

2024-07-12 22:30:37 - [MESSAGE][PASSED] - Text of object 'Object Repository/AdminSuiteBootstrap_Pages/VT_Bootstrap/Receipt/td_AutoNoC031622113752957Ahm' is: 'AutoDua071224222305042Ahm'

2024-07-12 22:30:37 - [TEST_STEP][PASSED] - out.println("sdf: " + sdf): null

2024-07-12 22:30:37 - [TEST_STEP][PASSED] - remID = sdf: null

2024-07-12 22:30:37 - [TEST_STEP][PASSED] - out.println("remID: " + remID): null

2024-07-12 22:30:37 - [TEST_STEP][PASSED] - click(findTestObject(path_Receipt + "button_Continue")): Object: 'Object Repository/AdminSuiteBootstrap_Pages/VT_Bootstrap/Receipt/button_Continue' is clicked on

2024-07-12 22:30:38 - [MESSAGE][PASSED] - Object: 'Object Repository/AdminSuiteBootstrap_Pages/VT_Bootstrap/Receipt/button_Continue' is clicked on

2024-07-12 22:30:38 - [TEST_STEP][PASSED] - click(findTestObject(path_VT + "a_Search Transactions")): Object: 'Object Repository/AdminSuiteBootstrap_Pages/VT_Bootstrap/IssueTransactions/a_Search Transactions' is clicked on

2024-07-12 22:30:39 - [MESSAGE][PASSED] - Object: 'Object Repository/AdminSuiteBootstrap_Pages/VT_Bootstrap/IssueTransactions/a_Search Transactions' is clicked on

2024-07-12 22:30:39 - [TEST_STEP][PASSED] - setText(findTestObject(path_CCSearch + "input_Search By_searchValue"), remID): Text 'AutoDua071224222305042Ahm' is set on object 'Object Repository/AdminSuiteBootstrap_Pages/VT_Bootstrap/CCCreditOrVoidSearch/input_Search By_searchValue'

2024-07-12 22:30:40 - [MESSAGE][PASSED] - Text 'AutoDua071224222305042Ahm' is set on object 'Object Repository/AdminSuiteBootstrap_Pages/VT_Bootstrap/CCCreditOrVoidSearch/input_Search By_searchValue'

2024-07-12 22:30:40 - [TEST_STEP][PASSED] - click(findTestObject(path_CCSearch + "button_Submit")): Object: 'Object Repository/AdminSuiteBootstrap_Pages/VT_Bootstrap/CCCreditOrVoidSearch/button_Submit' is clicked on

2024-07-12 22:30:40 - [MESSAGE][PASSED] - Object: 'Object Repository/AdminSuiteBootstrap_Pages/VT_Bootstrap/CCCreditOrVoidSearch/button_Submit' is clicked on

2024-07-12 22:30:40 - [TEST_STEP][PASSED] - fgr = getText(findTestObject(path_SearchResults + "div_Payment ID")): Text of object 'Object Repository/AdminSuiteBootstrap_Pages/VT_Bootstrap/SearchResults/div_Payment ID' is: 'Payment ID
Payment Type
Transaction Type
Remittance ID
Name
Total Amount
End Date
Status
12154745 Credit Card Authorization and Capture AutoDua071224222305042Ahm Tulsi Raman $10.50 07/12/2024 Success'

2024-07-12 22:30:41 - [MESSAGE][PASSED] - Text of object 'Object Repository/AdminSuiteBootstrap_Pages/VT_Bootstrap/SearchResults/div_Payment ID' is: 'Payment ID
Payment Type
Transaction Type
Remittance ID
Name
Total Amount
End Date
Status
12154745 Credit Card Authorization and Capture AutoDua071224222305042Ahm Tulsi Raman $10.50 07/12/2024 Success'

2024-07-12 22:30:41 - [TEST_STEP][PASSED] - payID = substring(89, 98).trim(): null

2024-07-12 22:30:41 - [TEST_STEP][PASSED] - out.println("payID: " + payID): null

2024-07-12 22:30:41 - [TEST_STEP][PASSED] - click(findTestObject(path_SearchResults + "button_PaymentID")): Object: 'Object Repository/AdminSuiteBootstrap_Pages/VT_Bootstrap/SearchResults/button_PaymentID' is clicked on

2024-07-12 22:30:41 - [MESSAGE][PASSED] - Object: 'Object Repository/AdminSuiteBootstrap_Pages/VT_Bootstrap/SearchResults/button_PaymentID' is clicked on

2024-07-12 22:30:41 - [TEST_STEP][PASSED] - verifyTextPresent("Tender Type", true): Text 'Tender Type' is present on page  using regular expression

2024-07-12 22:30:42 - [MESSAGE][PASSED] - Text 'Tender Type' is present on page  using regular expression

2024-07-12 22:30:42 - [TEST_STEP][PASSED] - verifyTextPresent("Credit Card", true): Text 'Credit Card' is present on page  using regular expression

2024-07-12 22:30:43 - [MESSAGE][PASSED] - Text 'Credit Card' is present on page  using regular expression

2024-07-12 22:30:43 - [TEST_STEP][PASSED] - verifyTextPresent("Transaction Type", true): Text 'Transaction Type' is present on page  using regular expression

2024-07-12 22:30:43 - [MESSAGE][PASSED] - Text 'Transaction Type' is present on page  using regular expression

2024-07-12 22:30:43 - [TEST_STEP][PASSED] - verifyTextPresent("Authorization and Capture", true): Text 'Authorization and Capture' is present on page  using regular expression

2024-07-12 22:30:43 - [MESSAGE][PASSED] - Text 'Authorization and Capture' is present on page  using regular expression

2024-07-12 22:30:43 - [TEST_STEP][PASSED] - verifyTextPresent("Transaction Posted by", true): Text 'Transaction Posted by' is present on page  using regular expression

2024-07-12 22:30:44 - [MESSAGE][PASSED] - Text 'Transaction Posted by' is present on page  using regular expression

2024-07-12 22:30:44 - [TEST_STEP][PASSED] - verifyTextPresent("iahmed", true): Text 'iahmed' is present on page  using regular expression

2024-07-12 22:30:44 - [MESSAGE][PASSED] - Text 'iahmed' is present on page  using regular expression

2024-07-12 22:30:44 - [TEST_STEP][PASSED] - click(findTestObject(path_TranxDetails + "a_Void this transaction")): Object: 'Object Repository/AdminSuiteBootstrap_Pages/VT_Bootstrap/TransactionDetails/a_Void this transaction' is clicked on

2024-07-12 22:30:45 - [MESSAGE][PASSED] - Object: 'Object Repository/AdminSuiteBootstrap_Pages/VT_Bootstrap/TransactionDetails/a_Void this transaction' is clicked on

2024-07-12 22:30:45 - [TEST_STEP][PASSED] - verifyTextPresent("The following transaction will be voided", true): Text 'The following transaction will be voided' is present on page  using regular expression

2024-07-12 22:30:45 - [MESSAGE][PASSED] - Text 'The following transaction will be voided' is present on page  using regular expression

2024-07-12 22:30:45 - [TEST_STEP][PASSED] - verifyTextPresent("Please press submit to continue", true): Text 'Please press submit to continue' is present on page  using regular expression

2024-07-12 22:30:46 - [MESSAGE][PASSED] - Text 'Please press submit to continue' is present on page  using regular expression

2024-07-12 22:30:46 - [TEST_STEP][PASSED] - click(findTestObject(path_TranxDetails + "button_Submit")): Object: 'Object Repository/AdminSuiteBootstrap_Pages/VT_Bootstrap/TransactionDetails/button_Submit' is clicked on

2024-07-12 22:30:47 - [MESSAGE][PASSED] - Object: 'Object Repository/AdminSuiteBootstrap_Pages/VT_Bootstrap/TransactionDetails/button_Submit' is clicked on

2024-07-12 22:30:47 - [TEST_STEP][PASSED] - verifyTextPresent("Transaction Successful", true): Text 'Transaction Successful' is present on page  using regular expression

2024-07-12 22:30:47 - [MESSAGE][PASSED] - Text 'Transaction Successful' is present on page  using regular expression

2024-07-12 22:30:47 - [TEST_STEP][PASSED] - verifyTextPresent("Transaction Type", true): Text 'Transaction Type' is present on page  using regular expression

2024-07-12 22:30:48 - [MESSAGE][PASSED] - Text 'Transaction Type' is present on page  using regular expression

2024-07-12 22:30:48 - [TEST_STEP][PASSED] - verifyTextPresent("Void", true): Text 'Void' is present on page  using regular expression

2024-07-12 22:30:48 - [MESSAGE][PASSED] - Text 'Void' is present on page  using regular expression

2024-07-12 22:30:48 - [TEST_STEP][PASSED] - closeBrowser(): Browser is closed

2024-07-12 22:30:49 - [MESSAGE][PASSED] - Browser is closed

2024-07-12 22:30:49 - [TEST_STEP][PASSED] - ExecuteTC = findTestData(dataFile).getValue("Execute", row): null

2024-07-12 22:30:49 - [TEST_STEP][PASSED] - out.println("Value of Execute is : " + ExecuteTC): null

2024-07-12 22:30:49 - [TEST_STEP][PASSED] - switch (executionProfile): null

2024-07-12 22:30:49 - [TEST_STEP][PASSED] - case "QA2Profile":: null

2024-07-12 22:30:49 - [TEST_STEP][PASSED] - appName = findTestData(dataFile).getValue("AppNameQA", row): null

2024-07-12 22:30:50 - [TEST_STEP][PASSED] - appID = findTestData(dataFile).getValue("AppIDQA", row): null

2024-07-12 22:30:50 - [TEST_STEP][PASSED] - break: null

2024-07-12 22:30:50 - [TEST_STEP][PASSED] - hrefAppID = li_1 + appID + li_2: null

2024-07-12 22:30:50 - [TEST_STEP][PASSED] - hrefApp = li_1 + appID + "/": null

2024-07-12 22:30:50 - [TEST_STEP][PASSED] - println("hrefApp : " + hrefApp): null

2024-07-12 22:30:50 - [TEST_STEP][PASSED] - if (ExecuteTC.equalsIgnoreCase("Y")): null

2024-07-12 22:30:50 - [TEST_STEP][PASSED] - out.println("Begin Record Number: " + row): null

2024-07-12 22:30:50 - [TEST_STEP][PASSED] - today = new java.util.Date(): null

2024-07-12 22:30:50 - [TEST_STEP][PASSED] - println(today): null

2024-07-12 22:30:50 - [TEST_STEP][PASSED] - datText = today: null

2024-07-12 22:30:50 - [TEST_STEP][PASSED] - adminSuiteBootstrap.loginFunctionality.login_AdminSuite(): adminSuiteBootstrap.loginFunctionality.login_AdminSuite is PASSED

2024-07-12 22:30:50 - [MESSAGE][INFO] - Starting 'Chrome' driver

2024-07-12 22:30:50 - [MESSAGE][INFO] - User set preference: ['acceptInsecureCerts', 'true']

2024-07-12 22:30:50 - [MESSAGE][INFO] - Action delay is set to 0 milliseconds

2024-07-12 22:30:53 - [MESSAGE][PASSED] - Browser is opened with url: 'https://qa2.velocitypayment.com/admin/imtiaz'

2024-07-12 22:30:53 - [MESSAGE][PASSED] - Current window maximized

2024-07-12 22:30:53 - [MESSAGE][PASSED] - Object 'Object Repository/Login_Page/Login_Username_Okta' is present

2024-07-12 22:30:54 - [MESSAGE][PASSED] - Text 'iahmed' is set on object 'Object Repository/Login_Page/Login_Username_Okta'

2024-07-12 22:30:55 - [MESSAGE][PASSED] - Text 'Hello!6666666' is set on object 'Object Repository/Login_Page/Login_Password_Okta'

2024-07-12 22:30:55 - [MESSAGE][PASSED] - Object: 'Object Repository/Login_Page/Login_Submit_Okta' is clicked on

2024-07-12 22:30:55 - [MESSAGE][PASSED] - adminSuiteBootstrap.loginFunctionality.login_AdminSuite is PASSED

2024-07-12 22:30:55 - [TEST_STEP][PASSED] - click(findTestObject(path_Dashboard + appName)): Object: 'Object Repository/AdminSuiteBootstrap_Pages/Dashboard_Bootstrap/a_Access AutoDualCFtpQA' is clicked on

2024-07-12 22:31:04 - [MESSAGE][PASSED] - Object: 'Object Repository/AdminSuiteBootstrap_Pages/Dashboard_Bootstrap/a_Access AutoDualCFtpQA' is clicked on

2024-07-12 22:31:04 - [TEST_STEP][PASSED] - click(findTestObject(path_VT + "button_Authorization  Capture (Sale)")): Object: 'Object Repository/AdminSuiteBootstrap_Pages/VT_Bootstrap/IssueTransactions/button_Authorization  Capture (Sale)' is clicked on

2024-07-12 22:31:04 - [MESSAGE][PASSED] - Object: 'Object Repository/AdminSuiteBootstrap_Pages/VT_Bootstrap/IssueTransactions/button_Authorization  Capture (Sale)' is clicked on

2024-07-12 22:31:04 - [TEST_STEP][PASSED] - saleKeyboardEntryLink = modifyObjectProperty(findTestObject(path_VT + "a_KeyboardEntry_Sale"), "href", "equals", hrefAppID, true): Modify property of object successfully

2024-07-12 22:31:04 - [MESSAGE][PASSED] - Modify property of object successfully

2024-07-12 22:31:04 - [TEST_STEP][PASSED] - click(saleKeyboardEntryLink): Object: 'Object Repository/AdminSuiteBootstrap_Pages/VT_Bootstrap/IssueTransactions/a_KeyboardEntry_Sale' is clicked on

2024-07-12 22:31:05 - [MESSAGE][PASSED] - Object: 'Object Repository/AdminSuiteBootstrap_Pages/VT_Bootstrap/IssueTransactions/a_KeyboardEntry_Sale' is clicked on

2024-07-12 22:31:05 - [TEST_STEP][PASSED] - adminSuiteBootstrap.virtualTerminalSetData.saleKeyboard_DataDriven(row, dataFile): adminSuiteBootstrap.virtualTerminalSetData.saleKeyboard_DataDriven is PASSED

2024-07-12 22:31:08 - [MESSAGE][PASSED] - Text 'Janaki James' is set on object 'Object Repository/AdminSuiteBootstrap_Pages/VT_Bootstrap/SaleKeyboard/input_cardName'

2024-07-12 22:31:10 - [MESSAGE][PASSED] - All options with value 'MOTO' are selected in object 'Object Repository/AdminSuiteBootstrap_Pages/VT_Bootstrap/SaleKeyboard/select_transactionCategory'  using regular expression

2024-07-12 22:31:10 - [MESSAGE][PASSED] - Execute JavaScript 'arguments[0].value ='4012000098765439' ' successfully

2024-07-12 22:31:10 - [MESSAGE][PASSED] - Execute JavaScript 'arguments[0].value ='123' ' successfully

2024-07-12 22:31:12 - [MESSAGE][PASSED] - All options with value '12' are selected in object 'Object Repository/AdminSuiteBootstrap_Pages/VT_Bootstrap/SaleKeyboard/select_MM'  using regular expression

2024-07-12 22:31:13 - [MESSAGE][PASSED] - All options with value '2025' are selected in object 'Object Repository/AdminSuiteBootstrap_Pages/VT_Bootstrap/SaleKeyboard/select_YYYY'  using regular expression

2024-07-12 22:31:13 - [MESSAGE][PASSED] - Text '36 Cornor Road' is set on object 'Object Repository/AdminSuiteBootstrap_Pages/VT_Bootstrap/SaleKeyboard/input__address'

2024-07-12 22:31:14 - [MESSAGE][PASSED] - Text 'Suite 500' is set on object 'Object Repository/AdminSuiteBootstrap_Pages/VT_Bootstrap/SaleKeyboard/input__address2'

2024-07-12 22:31:15 - [MESSAGE][PASSED] - Text '22201' is set on object 'Object Repository/AdminSuiteBootstrap_Pages/VT_Bootstrap/SaleKeyboard/input__zip'

2024-07-12 22:31:16 - [MESSAGE][PASSED] - Text '' is set on object 'Object Repository/AdminSuiteBootstrap_Pages/VT_Bootstrap/SaleKeyboard/input_emailAddress'

2024-07-12 22:31:17 - [MESSAGE][PASSED] - Text '' is set on object 'Object Repository/AdminSuiteBootstrap_Pages/VT_Bootstrap/SaleKeyboard/input_smsNumber'

2024-07-12 22:31:18 - [MESSAGE][PASSED] - Text '10.50' is set on object 'Object Repository/AdminSuiteBootstrap_Pages/VT_Bootstrap/SaleKeyboard/input_amount'

2024-07-12 22:31:19 - [MESSAGE][PASSED] - Text 'Australia' is set on object 'Object Repository/AdminSuiteBootstrap_Pages/VT_Bootstrap/SaleKeyboard/input_userDefined1'

2024-07-12 22:31:20 - [MESSAGE][PASSED] - Text 'Denmark' is set on object 'Object Repository/AdminSuiteBootstrap_Pages/VT_Bootstrap/SaleKeyboard/input_userDefined2'

2024-07-12 22:31:20 - [MESSAGE][PASSED] - Text 'Sweden' is set on object 'Object Repository/AdminSuiteBootstrap_Pages/VT_Bootstrap/SaleKeyboard/input_userDefined3'

2024-07-12 22:31:21 - [MESSAGE][PASSED] - Text 'Austria' is set on object 'Object Repository/AdminSuiteBootstrap_Pages/VT_Bootstrap/SaleKeyboard/input_userDefined4'

2024-07-12 22:31:22 - [MESSAGE][PASSED] - All options with label 'Orange' are selected in object 'Object Repository/AdminSuiteBootstrap_Pages/VT_Bootstrap/SaleKeyboard/select_UDF5_DropDown'  using regular expression

2024-07-12 22:31:23 - [MESSAGE][PASSED] - All options with label 'Yellow' are selected in object 'Object Repository/AdminSuiteBootstrap_Pages/VT_Bootstrap/SaleKeyboard/select_UDF6_DropDown'  using regular expression

2024-07-12 22:31:24 - [MESSAGE][PASSED] - Text 'Norway' is set on object 'Object Repository/AdminSuiteBootstrap_Pages/VT_Bootstrap/SaleKeyboard/input_userDefined7'

2024-07-12 22:31:25 - [MESSAGE][PASSED] - Text 'Netherlands' is set on object 'Object Repository/AdminSuiteBootstrap_Pages/VT_Bootstrap/SaleKeyboard/input_userDefined8'

2024-07-12 22:31:25 - [MESSAGE][PASSED] - Text 'Switzerland' is set on object 'Object Repository/AdminSuiteBootstrap_Pages/VT_Bootstrap/SaleKeyboard/input_userDefined9'

2024-07-12 22:31:26 - [MESSAGE][PASSED] - Text 'France' is set on object 'Object Repository/AdminSuiteBootstrap_Pages/VT_Bootstrap/SaleKeyboard/input_userDefined10'

2024-07-12 22:31:27 - [MESSAGE][PASSED] - Object: 'Object Repository/AdminSuiteBootstrap_Pages/VT_Bootstrap/SaleKeyboard/button_Submit' is clicked on

2024-07-12 22:31:27 - [MESSAGE][PASSED] - adminSuiteBootstrap.virtualTerminalSetData.saleKeyboard_DataDriven is PASSED

2024-07-12 22:31:27 - [TEST_STEP][PASSED] - if (verifyTextPresent("Transaction Successful", true)): null

2024-07-12 22:31:28 - [MESSAGE][PASSED] - Text 'Transaction Successful' is present on page  using regular expression

2024-07-12 22:31:28 - [TEST_STEP][PASSED] - sdf = getText(findTestObject(path_Receipt + "td_AutoNoC031622113752957Ahm")): Text of object 'Object Repository/AdminSuiteBootstrap_Pages/VT_Bootstrap/Receipt/td_AutoNoC031622113752957Ahm' is: 'AutoDua071224222356384Ahm'

2024-07-12 22:31:28 - [MESSAGE][PASSED] - Text of object 'Object Repository/AdminSuiteBootstrap_Pages/VT_Bootstrap/Receipt/td_AutoNoC031622113752957Ahm' is: 'AutoDua071224222356384Ahm'

2024-07-12 22:31:28 - [TEST_STEP][PASSED] - out.println("sdf: " + sdf): null

2024-07-12 22:31:28 - [TEST_STEP][PASSED] - remID = sdf: null

2024-07-12 22:31:28 - [TEST_STEP][PASSED] - out.println("remID: " + remID): null

2024-07-12 22:31:28 - [TEST_STEP][PASSED] - click(findTestObject(path_Receipt + "button_Continue")): Object: 'Object Repository/AdminSuiteBootstrap_Pages/VT_Bootstrap/Receipt/button_Continue' is clicked on

2024-07-12 22:31:29 - [MESSAGE][PASSED] - Object: 'Object Repository/AdminSuiteBootstrap_Pages/VT_Bootstrap/Receipt/button_Continue' is clicked on

2024-07-12 22:31:29 - [TEST_STEP][PASSED] - click(findTestObject(path_VT + "a_Search Transactions")): Object: 'Object Repository/AdminSuiteBootstrap_Pages/VT_Bootstrap/IssueTransactions/a_Search Transactions' is clicked on

2024-07-12 22:31:30 - [MESSAGE][PASSED] - Object: 'Object Repository/AdminSuiteBootstrap_Pages/VT_Bootstrap/IssueTransactions/a_Search Transactions' is clicked on

2024-07-12 22:31:30 - [TEST_STEP][PASSED] - setText(findTestObject(path_CCSearch + "input_Search By_searchValue"), remID): Text 'AutoDua071224222356384Ahm' is set on object 'Object Repository/AdminSuiteBootstrap_Pages/VT_Bootstrap/CCCreditOrVoidSearch/input_Search By_searchValue'

2024-07-12 22:31:31 - [MESSAGE][PASSED] - Text 'AutoDua071224222356384Ahm' is set on object 'Object Repository/AdminSuiteBootstrap_Pages/VT_Bootstrap/CCCreditOrVoidSearch/input_Search By_searchValue'

2024-07-12 22:31:31 - [TEST_STEP][PASSED] - click(findTestObject(path_CCSearch + "button_Submit")): Object: 'Object Repository/AdminSuiteBootstrap_Pages/VT_Bootstrap/CCCreditOrVoidSearch/button_Submit' is clicked on

2024-07-12 22:31:32 - [MESSAGE][PASSED] - Object: 'Object Repository/AdminSuiteBootstrap_Pages/VT_Bootstrap/CCCreditOrVoidSearch/button_Submit' is clicked on

2024-07-12 22:31:32 - [TEST_STEP][PASSED] - fgr = getText(findTestObject(path_SearchResults + "div_Payment ID")): Text of object 'Object Repository/AdminSuiteBootstrap_Pages/VT_Bootstrap/SearchResults/div_Payment ID' is: 'Payment ID
Payment Type
Transaction Type
Remittance ID
Name
Total Amount
End Date
Status
12154748 Credit Card Authorization and Capture AutoDua071224222356384Ahm Janaki James $10.50 07/12/2024 Success'

2024-07-12 22:31:32 - [MESSAGE][PASSED] - Text of object 'Object Repository/AdminSuiteBootstrap_Pages/VT_Bootstrap/SearchResults/div_Payment ID' is: 'Payment ID
Payment Type
Transaction Type
Remittance ID
Name
Total Amount
End Date
Status
12154748 Credit Card Authorization and Capture AutoDua071224222356384Ahm Janaki James $10.50 07/12/2024 Success'

2024-07-12 22:31:32 - [TEST_STEP][PASSED] - payID = substring(89, 98).trim(): null

2024-07-12 22:31:32 - [TEST_STEP][PASSED] - out.println("payID: " + payID): null

2024-07-12 22:31:32 - [TEST_STEP][PASSED] - click(findTestObject(path_SearchResults + "button_PaymentID")): Object: 'Object Repository/AdminSuiteBootstrap_Pages/VT_Bootstrap/SearchResults/button_PaymentID' is clicked on

2024-07-12 22:31:33 - [MESSAGE][PASSED] - Object: 'Object Repository/AdminSuiteBootstrap_Pages/VT_Bootstrap/SearchResults/button_PaymentID' is clicked on

2024-07-12 22:31:33 - [TEST_STEP][PASSED] - verifyTextPresent("Tender Type", true): Text 'Tender Type' is present on page  using regular expression

2024-07-12 22:31:34 - [MESSAGE][PASSED] - Text 'Tender Type' is present on page  using regular expression

2024-07-12 22:31:34 - [TEST_STEP][PASSED] - verifyTextPresent("Credit Card", true): Text 'Credit Card' is present on page  using regular expression

2024-07-12 22:31:34 - [MESSAGE][PASSED] - Text 'Credit Card' is present on page  using regular expression

2024-07-12 22:31:34 - [TEST_STEP][PASSED] - verifyTextPresent("Transaction Type", true): Text 'Transaction Type' is present on page  using regular expression

2024-07-12 22:31:34 - [MESSAGE][PASSED] - Text 'Transaction Type' is present on page  using regular expression

2024-07-12 22:31:34 - [TEST_STEP][PASSED] - verifyTextPresent("Authorization and Capture", true): Text 'Authorization and Capture' is present on page  using regular expression

2024-07-12 22:31:35 - [MESSAGE][PASSED] - Text 'Authorization and Capture' is present on page  using regular expression

2024-07-12 22:31:35 - [TEST_STEP][PASSED] - verifyTextPresent("Transaction Posted by", true): Text 'Transaction Posted by' is present on page  using regular expression

2024-07-12 22:31:35 - [MESSAGE][PASSED] - Text 'Transaction Posted by' is present on page  using regular expression

2024-07-12 22:31:35 - [TEST_STEP][PASSED] - verifyTextPresent("iahmed", true): Text 'iahmed' is present on page  using regular expression

2024-07-12 22:31:35 - [MESSAGE][PASSED] - Text 'iahmed' is present on page  using regular expression

2024-07-12 22:31:35 - [TEST_STEP][PASSED] - click(findTestObject(path_TranxDetails + "a_Void this transaction")): Object: 'Object Repository/AdminSuiteBootstrap_Pages/VT_Bootstrap/TransactionDetails/a_Void this transaction' is clicked on

2024-07-12 22:31:36 - [MESSAGE][PASSED] - Object: 'Object Repository/AdminSuiteBootstrap_Pages/VT_Bootstrap/TransactionDetails/a_Void this transaction' is clicked on

2024-07-12 22:31:36 - [TEST_STEP][PASSED] - verifyTextPresent("The following transaction will be voided", true): Text 'The following transaction will be voided' is present on page  using regular expression

2024-07-12 22:31:37 - [MESSAGE][PASSED] - Text 'The following transaction will be voided' is present on page  using regular expression

2024-07-12 22:31:37 - [TEST_STEP][PASSED] - verifyTextPresent("Please press submit to continue", true): Text 'Please press submit to continue' is present on page  using regular expression

2024-07-12 22:31:37 - [MESSAGE][PASSED] - Text 'Please press submit to continue' is present on page  using regular expression

2024-07-12 22:31:37 - [TEST_STEP][PASSED] - click(findTestObject(path_TranxDetails + "button_Submit")): Object: 'Object Repository/AdminSuiteBootstrap_Pages/VT_Bootstrap/TransactionDetails/button_Submit' is clicked on

2024-07-12 22:31:38 - [MESSAGE][PASSED] - Object: 'Object Repository/AdminSuiteBootstrap_Pages/VT_Bootstrap/TransactionDetails/button_Submit' is clicked on

2024-07-12 22:31:38 - [TEST_STEP][PASSED] - verifyTextPresent("Transaction Successful", true): Text 'Transaction Successful' is present on page  using regular expression

2024-07-12 22:31:39 - [MESSAGE][PASSED] - Text 'Transaction Successful' is present on page  using regular expression

2024-07-12 22:31:39 - [TEST_STEP][PASSED] - verifyTextPresent("Transaction Type", true): Text 'Transaction Type' is present on page  using regular expression

2024-07-12 22:31:39 - [MESSAGE][PASSED] - Text 'Transaction Type' is present on page  using regular expression

2024-07-12 22:31:39 - [TEST_STEP][PASSED] - verifyTextPresent("Void", true): Text 'Void' is present on page  using regular expression

2024-07-12 22:31:39 - [MESSAGE][PASSED] - Text 'Void' is present on page  using regular expression

2024-07-12 22:31:39 - [TEST_STEP][PASSED] - closeBrowser(): Browser is closed

2024-07-12 22:31:40 - [MESSAGE][PASSED] - Browser is closed

2024-07-12 22:31:40 - [TEST_STEP][PASSED] - ExecuteTC = findTestData(dataFile).getValue("Execute", row): null

2024-07-12 22:31:41 - [TEST_STEP][PASSED] - out.println("Value of Execute is : " + ExecuteTC): null

2024-07-12 22:31:41 - [TEST_STEP][PASSED] - switch (executionProfile): null

2024-07-12 22:31:41 - [TEST_STEP][PASSED] - case "QA2Profile":: null

2024-07-12 22:31:41 - [TEST_STEP][PASSED] - appName = findTestData(dataFile).getValue("AppNameQA", row): null

2024-07-12 22:31:41 - [TEST_STEP][PASSED] - appID = findTestData(dataFile).getValue("AppIDQA", row): null

2024-07-12 22:31:41 - [TEST_STEP][PASSED] - break: null

2024-07-12 22:31:41 - [TEST_STEP][PASSED] - hrefAppID = li_1 + appID + li_2: null

2024-07-12 22:31:41 - [TEST_STEP][PASSED] - hrefApp = li_1 + appID + "/": null

2024-07-12 22:31:41 - [TEST_STEP][PASSED] - println("hrefApp : " + hrefApp): null

2024-07-12 22:31:41 - [TEST_STEP][PASSED] - if (ExecuteTC.equalsIgnoreCase("Y")): null

2024-07-12 22:31:41 - [TEST_STEP][PASSED] - out.println("Begin Record Number: " + row): null

2024-07-12 22:31:41 - [TEST_STEP][PASSED] - today = new java.util.Date(): null

2024-07-12 22:31:41 - [TEST_STEP][PASSED] - println(today): null

2024-07-12 22:31:41 - [TEST_STEP][PASSED] - datText = today: null

2024-07-12 22:31:41 - [TEST_STEP][PASSED] - adminSuiteBootstrap.loginFunctionality.login_AdminSuite(): adminSuiteBootstrap.loginFunctionality.login_AdminSuite is PASSED

2024-07-12 22:31:41 - [MESSAGE][INFO] - Starting 'Chrome' driver

2024-07-12 22:31:41 - [MESSAGE][INFO] - User set preference: ['acceptInsecureCerts', 'true']

2024-07-12 22:31:41 - [MESSAGE][INFO] - Action delay is set to 0 milliseconds

2024-07-12 22:31:43 - [MESSAGE][PASSED] - Browser is opened with url: 'https://qa2.velocitypayment.com/admin/imtiaz'

2024-07-12 22:31:44 - [MESSAGE][PASSED] - Current window maximized

2024-07-12 22:31:44 - [MESSAGE][PASSED] - Object 'Object Repository/Login_Page/Login_Username_Okta' is present

2024-07-12 22:31:45 - [MESSAGE][PASSED] - Text 'iahmed' is set on object 'Object Repository/Login_Page/Login_Username_Okta'

2024-07-12 22:31:46 - [MESSAGE][PASSED] - Text 'Hello!6666666' is set on object 'Object Repository/Login_Page/Login_Password_Okta'

2024-07-12 22:31:46 - [MESSAGE][PASSED] - Object: 'Object Repository/Login_Page/Login_Submit_Okta' is clicked on

2024-07-12 22:31:46 - [MESSAGE][PASSED] - adminSuiteBootstrap.loginFunctionality.login_AdminSuite is PASSED

2024-07-12 22:31:46 - [TEST_STEP][PASSED] - click(findTestObject(path_Dashboard + appName)): Object: 'Object Repository/AdminSuiteBootstrap_Pages/Dashboard_Bootstrap/a_Access AutoDualCFtpQA' is clicked on

2024-07-12 22:31:56 - [MESSAGE][PASSED] - Object: 'Object Repository/AdminSuiteBootstrap_Pages/Dashboard_Bootstrap/a_Access AutoDualCFtpQA' is clicked on

2024-07-12 22:31:56 - [TEST_STEP][PASSED] - click(findTestObject(path_VT + "button_Authorization  Capture (Sale)")): Object: 'Object Repository/AdminSuiteBootstrap_Pages/VT_Bootstrap/IssueTransactions/button_Authorization  Capture (Sale)' is clicked on

2024-07-12 22:31:56 - [MESSAGE][PASSED] - Object: 'Object Repository/AdminSuiteBootstrap_Pages/VT_Bootstrap/IssueTransactions/button_Authorization  Capture (Sale)' is clicked on

2024-07-12 22:31:56 - [TEST_STEP][PASSED] - saleKeyboardEntryLink = modifyObjectProperty(findTestObject(path_VT + "a_KeyboardEntry_Sale"), "href", "equals", hrefAppID, true): Modify property of object successfully

2024-07-12 22:31:56 - [MESSAGE][PASSED] - Modify property of object successfully

2024-07-12 22:31:56 - [TEST_STEP][PASSED] - click(saleKeyboardEntryLink): Object: 'Object Repository/AdminSuiteBootstrap_Pages/VT_Bootstrap/IssueTransactions/a_KeyboardEntry_Sale' is clicked on

2024-07-12 22:31:57 - [MESSAGE][PASSED] - Object: 'Object Repository/AdminSuiteBootstrap_Pages/VT_Bootstrap/IssueTransactions/a_KeyboardEntry_Sale' is clicked on

2024-07-12 22:31:57 - [TEST_STEP][PASSED] - adminSuiteBootstrap.virtualTerminalSetData.saleKeyboard_DataDriven(row, dataFile): adminSuiteBootstrap.virtualTerminalSetData.saleKeyboard_DataDriven is PASSED

2024-07-12 22:32:01 - [MESSAGE][PASSED] - Text 'Janaki James' is set on object 'Object Repository/AdminSuiteBootstrap_Pages/VT_Bootstrap/SaleKeyboard/input_cardName'

2024-07-12 22:32:02 - [MESSAGE][PASSED] - All options with value 'MOTO' are selected in object 'Object Repository/AdminSuiteBootstrap_Pages/VT_Bootstrap/SaleKeyboard/select_transactionCategory'  using regular expression

2024-07-12 22:32:02 - [MESSAGE][PASSED] - Execute JavaScript 'arguments[0].value ='5146312200000035' ' successfully

2024-07-12 22:32:02 - [MESSAGE][PASSED] - Execute JavaScript 'arguments[0].value ='123' ' successfully

2024-07-12 22:32:04 - [MESSAGE][PASSED] - All options with value '12' are selected in object 'Object Repository/AdminSuiteBootstrap_Pages/VT_Bootstrap/SaleKeyboard/select_MM'  using regular expression

2024-07-12 22:32:05 - [MESSAGE][PASSED] - All options with value '2025' are selected in object 'Object Repository/AdminSuiteBootstrap_Pages/VT_Bootstrap/SaleKeyboard/select_YYYY'  using regular expression

2024-07-12 22:32:05 - [MESSAGE][PASSED] - Text '1478 Jhatka Palace' is set on object 'Object Repository/AdminSuiteBootstrap_Pages/VT_Bootstrap/SaleKeyboard/input__address'

2024-07-12 22:32:06 - [MESSAGE][PASSED] - Text 'Suite 500' is set on object 'Object Repository/AdminSuiteBootstrap_Pages/VT_Bootstrap/SaleKeyboard/input__address2'

2024-07-12 22:32:07 - [MESSAGE][PASSED] - Text '22201' is set on object 'Object Repository/AdminSuiteBootstrap_Pages/VT_Bootstrap/SaleKeyboard/input__zip'

2024-07-12 22:32:08 - [MESSAGE][PASSED] - Text '' is set on object 'Object Repository/AdminSuiteBootstrap_Pages/VT_Bootstrap/SaleKeyboard/input_emailAddress'

2024-07-12 22:32:09 - [MESSAGE][PASSED] - Text '' is set on object 'Object Repository/AdminSuiteBootstrap_Pages/VT_Bootstrap/SaleKeyboard/input_smsNumber'

2024-07-12 22:32:10 - [MESSAGE][PASSED] - Text '10.50' is set on object 'Object Repository/AdminSuiteBootstrap_Pages/VT_Bootstrap/SaleKeyboard/input_amount'

2024-07-12 22:32:11 - [MESSAGE][PASSED] - Text 'Australia' is set on object 'Object Repository/AdminSuiteBootstrap_Pages/VT_Bootstrap/SaleKeyboard/input_userDefined1'

2024-07-12 22:32:12 - [MESSAGE][PASSED] - Text 'Denmark' is set on object 'Object Repository/AdminSuiteBootstrap_Pages/VT_Bootstrap/SaleKeyboard/input_userDefined2'

2024-07-12 22:32:12 - [MESSAGE][PASSED] - Text 'Sweden' is set on object 'Object Repository/AdminSuiteBootstrap_Pages/VT_Bootstrap/SaleKeyboard/input_userDefined3'

2024-07-12 22:32:13 - [MESSAGE][PASSED] - Text 'Austria' is set on object 'Object Repository/AdminSuiteBootstrap_Pages/VT_Bootstrap/SaleKeyboard/input_userDefined4'

2024-07-12 22:32:14 - [MESSAGE][PASSED] - All options with label 'Orange' are selected in object 'Object Repository/AdminSuiteBootstrap_Pages/VT_Bootstrap/SaleKeyboard/select_UDF5_DropDown'  using regular expression

2024-07-12 22:32:15 - [MESSAGE][PASSED] - All options with label 'Yellow' are selected in object 'Object Repository/AdminSuiteBootstrap_Pages/VT_Bootstrap/SaleKeyboard/select_UDF6_DropDown'  using regular expression

2024-07-12 22:32:16 - [MESSAGE][PASSED] - Text 'Norway' is set on object 'Object Repository/AdminSuiteBootstrap_Pages/VT_Bootstrap/SaleKeyboard/input_userDefined7'

2024-07-12 22:32:16 - [MESSAGE][PASSED] - Text 'Netherlands' is set on object 'Object Repository/AdminSuiteBootstrap_Pages/VT_Bootstrap/SaleKeyboard/input_userDefined8'

2024-07-12 22:32:17 - [MESSAGE][PASSED] - Text 'Switzerland' is set on object 'Object Repository/AdminSuiteBootstrap_Pages/VT_Bootstrap/SaleKeyboard/input_userDefined9'

2024-07-12 22:32:18 - [MESSAGE][PASSED] - Text 'France' is set on object 'Object Repository/AdminSuiteBootstrap_Pages/VT_Bootstrap/SaleKeyboard/input_userDefined10'

2024-07-12 22:32:19 - [MESSAGE][PASSED] - Object: 'Object Repository/AdminSuiteBootstrap_Pages/VT_Bootstrap/SaleKeyboard/button_Submit' is clicked on

2024-07-12 22:32:19 - [MESSAGE][PASSED] - adminSuiteBootstrap.virtualTerminalSetData.saleKeyboard_DataDriven is PASSED

2024-07-12 22:32:19 - [TEST_STEP][PASSED] - if (verifyTextPresent("Transaction Successful", true)): null

2024-07-12 22:32:20 - [MESSAGE][PASSED] - Text 'Transaction Successful' is present on page  using regular expression

2024-07-12 22:32:20 - [TEST_STEP][PASSED] - sdf = getText(findTestObject(path_Receipt + "td_AutoNoC031622113752957Ahm")): Text of object 'Object Repository/AdminSuiteBootstrap_Pages/VT_Bootstrap/Receipt/td_AutoNoC031622113752957Ahm' is: 'AutoDua071224222448357Ahm'

2024-07-12 22:32:20 - [MESSAGE][PASSED] - Text of object 'Object Repository/AdminSuiteBootstrap_Pages/VT_Bootstrap/Receipt/td_AutoNoC031622113752957Ahm' is: 'AutoDua071224222448357Ahm'

2024-07-12 22:32:20 - [TEST_STEP][PASSED] - out.println("sdf: " + sdf): null

2024-07-12 22:32:20 - [TEST_STEP][PASSED] - remID = sdf: null

2024-07-12 22:32:20 - [TEST_STEP][PASSED] - out.println("remID: " + remID): null

2024-07-12 22:32:20 - [TEST_STEP][PASSED] - click(findTestObject(path_Receipt + "button_Continue")): Object: 'Object Repository/AdminSuiteBootstrap_Pages/VT_Bootstrap/Receipt/button_Continue' is clicked on

2024-07-12 22:32:21 - [MESSAGE][PASSED] - Object: 'Object Repository/AdminSuiteBootstrap_Pages/VT_Bootstrap/Receipt/button_Continue' is clicked on

2024-07-12 22:32:21 - [TEST_STEP][PASSED] - click(findTestObject(path_VT + "a_Search Transactions")): Object: 'Object Repository/AdminSuiteBootstrap_Pages/VT_Bootstrap/IssueTransactions/a_Search Transactions' is clicked on

2024-07-12 22:32:22 - [MESSAGE][PASSED] - Object: 'Object Repository/AdminSuiteBootstrap_Pages/VT_Bootstrap/IssueTransactions/a_Search Transactions' is clicked on

2024-07-12 22:32:22 - [TEST_STEP][PASSED] - setText(findTestObject(path_CCSearch + "input_Search By_searchValue"), remID): Text 'AutoDua071224222448357Ahm' is set on object 'Object Repository/AdminSuiteBootstrap_Pages/VT_Bootstrap/CCCreditOrVoidSearch/input_Search By_searchValue'

2024-07-12 22:32:23 - [MESSAGE][PASSED] - Text 'AutoDua071224222448357Ahm' is set on object 'Object Repository/AdminSuiteBootstrap_Pages/VT_Bootstrap/CCCreditOrVoidSearch/input_Search By_searchValue'

2024-07-12 22:32:23 - [TEST_STEP][PASSED] - click(findTestObject(path_CCSearch + "button_Submit")): Object: 'Object Repository/AdminSuiteBootstrap_Pages/VT_Bootstrap/CCCreditOrVoidSearch/button_Submit' is clicked on

2024-07-12 22:32:23 - [MESSAGE][PASSED] - Object: 'Object Repository/AdminSuiteBootstrap_Pages/VT_Bootstrap/CCCreditOrVoidSearch/button_Submit' is clicked on

2024-07-12 22:32:23 - [TEST_STEP][PASSED] - fgr = getText(findTestObject(path_SearchResults + "div_Payment ID")): Text of object 'Object Repository/AdminSuiteBootstrap_Pages/VT_Bootstrap/SearchResults/div_Payment ID' is: 'Payment ID
Payment Type
Transaction Type
Remittance ID
Name
Total Amount
End Date
Status
12154751 Credit Card Authorization and Capture AutoDua071224222448357Ahm Janaki James $10.50 07/12/2024 Success'

2024-07-12 22:32:24 - [MESSAGE][PASSED] - Text of object 'Object Repository/AdminSuiteBootstrap_Pages/VT_Bootstrap/SearchResults/div_Payment ID' is: 'Payment ID
Payment Type
Transaction Type
Remittance ID
Name
Total Amount
End Date
Status
12154751 Credit Card Authorization and Capture AutoDua071224222448357Ahm Janaki James $10.50 07/12/2024 Success'

2024-07-12 22:32:24 - [TEST_STEP][PASSED] - payID = substring(89, 98).trim(): null

2024-07-12 22:32:24 - [TEST_STEP][PASSED] - out.println("payID: " + payID): null

2024-07-12 22:32:24 - [TEST_STEP][PASSED] - click(findTestObject(path_SearchResults + "button_PaymentID")): Object: 'Object Repository/AdminSuiteBootstrap_Pages/VT_Bootstrap/SearchResults/button_PaymentID' is clicked on

2024-07-12 22:32:25 - [MESSAGE][PASSED] - Object: 'Object Repository/AdminSuiteBootstrap_Pages/VT_Bootstrap/SearchResults/button_PaymentID' is clicked on

2024-07-12 22:32:25 - [TEST_STEP][PASSED] - verifyTextPresent("Tender Type", true): Text 'Tender Type' is present on page  using regular expression

2024-07-12 22:32:26 - [MESSAGE][PASSED] - Text 'Tender Type' is present on page  using regular expression

2024-07-12 22:32:26 - [TEST_STEP][PASSED] - verifyTextPresent("Credit Card", true): Text 'Credit Card' is present on page  using regular expression

2024-07-12 22:32:26 - [MESSAGE][PASSED] - Text 'Credit Card' is present on page  using regular expression

2024-07-12 22:32:26 - [TEST_STEP][PASSED] - verifyTextPresent("Transaction Type", true): Text 'Transaction Type' is present on page  using regular expression

2024-07-12 22:32:26 - [MESSAGE][PASSED] - Text 'Transaction Type' is present on page  using regular expression

2024-07-12 22:32:26 - [TEST_STEP][PASSED] - verifyTextPresent("Authorization and Capture", true): Text 'Authorization and Capture' is present on page  using regular expression

2024-07-12 22:32:27 - [MESSAGE][PASSED] - Text 'Authorization and Capture' is present on page  using regular expression

2024-07-12 22:32:27 - [TEST_STEP][PASSED] - verifyTextPresent("Transaction Posted by", true): Text 'Transaction Posted by' is present on page  using regular expression

2024-07-12 22:32:27 - [MESSAGE][PASSED] - Text 'Transaction Posted by' is present on page  using regular expression

2024-07-12 22:32:27 - [TEST_STEP][PASSED] - verifyTextPresent("iahmed", true): Text 'iahmed' is present on page  using regular expression

2024-07-12 22:32:27 - [MESSAGE][PASSED] - Text 'iahmed' is present on page  using regular expression

2024-07-12 22:32:27 - [TEST_STEP][PASSED] - click(findTestObject(path_TranxDetails + "a_Void this transaction")): Object: 'Object Repository/AdminSuiteBootstrap_Pages/VT_Bootstrap/TransactionDetails/a_Void this transaction' is clicked on

2024-07-12 22:32:28 - [MESSAGE][PASSED] - Object: 'Object Repository/AdminSuiteBootstrap_Pages/VT_Bootstrap/TransactionDetails/a_Void this transaction' is clicked on

2024-07-12 22:32:28 - [TEST_STEP][PASSED] - verifyTextPresent("The following transaction will be voided", true): Text 'The following transaction will be voided' is present on page  using regular expression

2024-07-12 22:32:29 - [MESSAGE][PASSED] - Text 'The following transaction will be voided' is present on page  using regular expression

2024-07-12 22:32:29 - [TEST_STEP][PASSED] - verifyTextPresent("Please press submit to continue", true): Text 'Please press submit to continue' is present on page  using regular expression

2024-07-12 22:32:29 - [MESSAGE][PASSED] - Text 'Please press submit to continue' is present on page  using regular expression

2024-07-12 22:32:29 - [TEST_STEP][PASSED] - click(findTestObject(path_TranxDetails + "button_Submit")): Object: 'Object Repository/AdminSuiteBootstrap_Pages/VT_Bootstrap/TransactionDetails/button_Submit' is clicked on

2024-07-12 22:32:30 - [MESSAGE][PASSED] - Object: 'Object Repository/AdminSuiteBootstrap_Pages/VT_Bootstrap/TransactionDetails/button_Submit' is clicked on

2024-07-12 22:32:30 - [TEST_STEP][PASSED] - verifyTextPresent("Transaction Successful", true): Text 'Transaction Successful' is present on page  using regular expression

2024-07-12 22:32:31 - [MESSAGE][PASSED] - Text 'Transaction Successful' is present on page  using regular expression

2024-07-12 22:32:31 - [TEST_STEP][PASSED] - verifyTextPresent("Transaction Type", true): Text 'Transaction Type' is present on page  using regular expression

2024-07-12 22:32:31 - [MESSAGE][PASSED] - Text 'Transaction Type' is present on page  using regular expression

2024-07-12 22:32:31 - [TEST_STEP][PASSED] - verifyTextPresent("Void", true): Text 'Void' is present on page  using regular expression

2024-07-12 22:32:31 - [MESSAGE][PASSED] - Text 'Void' is present on page  using regular expression

2024-07-12 22:32:31 - [TEST_STEP][PASSED] - closeBrowser(): Browser is closed

2024-07-12 22:32:33 - [MESSAGE][PASSED] - Browser is closed

2024-07-12 22:32:33 - [TEST_STEP][PASSED] - ExecuteTC = findTestData(dataFile).getValue("Execute", row): null

2024-07-12 22:32:33 - [TEST_STEP][PASSED] - out.println("Value of Execute is : " + ExecuteTC): null

2024-07-12 22:32:33 - [TEST_STEP][PASSED] - switch (executionProfile): null

2024-07-12 22:32:33 - [TEST_STEP][PASSED] - case "QA2Profile":: null

2024-07-12 22:32:33 - [TEST_STEP][PASSED] - appName = findTestData(dataFile).getValue("AppNameQA", row): null

2024-07-12 22:32:33 - [TEST_STEP][PASSED] - appID = findTestData(dataFile).getValue("AppIDQA", row): null

2024-07-12 22:32:33 - [TEST_STEP][PASSED] - break: null

2024-07-12 22:32:33 - [TEST_STEP][PASSED] - hrefAppID = li_1 + appID + li_2: null

2024-07-12 22:32:33 - [TEST_STEP][PASSED] - hrefApp = li_1 + appID + "/": null

2024-07-12 22:32:33 - [TEST_STEP][PASSED] - println("hrefApp : " + hrefApp): null

2024-07-12 22:32:33 - [TEST_STEP][PASSED] - if (ExecuteTC.equalsIgnoreCase("Y")): null

2024-07-12 22:32:33 - [TEST_STEP][PASSED] - out.println("Begin Record Number: " + row): null

2024-07-12 22:32:33 - [TEST_STEP][PASSED] - today = new java.util.Date(): null

2024-07-12 22:32:33 - [TEST_STEP][PASSED] - println(today): null

2024-07-12 22:32:33 - [TEST_STEP][PASSED] - datText = today: null

2024-07-12 22:32:33 - [TEST_STEP][PASSED] - adminSuiteBootstrap.loginFunctionality.login_AdminSuite(): adminSuiteBootstrap.loginFunctionality.login_AdminSuite is PASSED

2024-07-12 22:32:33 - [MESSAGE][INFO] - Starting 'Chrome' driver

2024-07-12 22:32:33 - [MESSAGE][INFO] - User set preference: ['acceptInsecureCerts', 'true']

2024-07-12 22:32:33 - [MESSAGE][INFO] - Action delay is set to 0 milliseconds

2024-07-12 22:32:35 - [MESSAGE][PASSED] - Browser is opened with url: 'https://qa2.velocitypayment.com/admin/imtiaz'

2024-07-12 22:32:36 - [MESSAGE][PASSED] - Current window maximized

2024-07-12 22:32:36 - [MESSAGE][PASSED] - Object 'Object Repository/Login_Page/Login_Username_Okta' is present

2024-07-12 22:32:37 - [MESSAGE][PASSED] - Text 'iahmed' is set on object 'Object Repository/Login_Page/Login_Username_Okta'

2024-07-12 22:32:38 - [MESSAGE][PASSED] - Text 'Hello!6666666' is set on object 'Object Repository/Login_Page/Login_Password_Okta'

2024-07-12 22:32:39 - [MESSAGE][PASSED] - Object: 'Object Repository/Login_Page/Login_Submit_Okta' is clicked on

2024-07-12 22:32:39 - [MESSAGE][PASSED] - adminSuiteBootstrap.loginFunctionality.login_AdminSuite is PASSED

2024-07-12 22:32:39 - [TEST_STEP][PASSED] - click(findTestObject(path_Dashboard + appName)): Object: 'Object Repository/AdminSuiteBootstrap_Pages/Dashboard_Bootstrap/a_Access AutoDualCFtpQA' is clicked on

2024-07-12 22:32:47 - [MESSAGE][PASSED] - Object: 'Object Repository/AdminSuiteBootstrap_Pages/Dashboard_Bootstrap/a_Access AutoDualCFtpQA' is clicked on

2024-07-12 22:32:47 - [TEST_STEP][PASSED] - click(findTestObject(path_VT + "button_Authorization  Capture (Sale)")): Object: 'Object Repository/AdminSuiteBootstrap_Pages/VT_Bootstrap/IssueTransactions/button_Authorization  Capture (Sale)' is clicked on

2024-07-12 22:32:47 - [MESSAGE][PASSED] - Object: 'Object Repository/AdminSuiteBootstrap_Pages/VT_Bootstrap/IssueTransactions/button_Authorization  Capture (Sale)' is clicked on

2024-07-12 22:32:47 - [TEST_STEP][PASSED] - saleKeyboardEntryLink = modifyObjectProperty(findTestObject(path_VT + "a_KeyboardEntry_Sale"), "href", "equals", hrefAppID, true): Modify property of object successfully

2024-07-12 22:32:47 - [MESSAGE][PASSED] - Modify property of object successfully

2024-07-12 22:32:47 - [TEST_STEP][PASSED] - click(saleKeyboardEntryLink): Object: 'Object Repository/AdminSuiteBootstrap_Pages/VT_Bootstrap/IssueTransactions/a_KeyboardEntry_Sale' is clicked on

2024-07-12 22:32:48 - [MESSAGE][PASSED] - Object: 'Object Repository/AdminSuiteBootstrap_Pages/VT_Bootstrap/IssueTransactions/a_KeyboardEntry_Sale' is clicked on

2024-07-12 22:32:48 - [TEST_STEP][PASSED] - adminSuiteBootstrap.virtualTerminalSetData.saleKeyboard_DataDriven(row, dataFile): adminSuiteBootstrap.virtualTerminalSetData.saleKeyboard_DataDriven is PASSED

2024-07-12 22:32:52 - [MESSAGE][PASSED] - Text 'Janaki James' is set on object 'Object Repository/AdminSuiteBootstrap_Pages/VT_Bootstrap/SaleKeyboard/input_cardName'

2024-07-12 22:32:53 - [MESSAGE][PASSED] - All options with value 'MOTO' are selected in object 'Object Repository/AdminSuiteBootstrap_Pages/VT_Bootstrap/SaleKeyboard/select_transactionCategory'  using regular expression

2024-07-12 22:32:53 - [MESSAGE][PASSED] - Execute JavaScript 'arguments[0].value ='371449635392376' ' successfully

2024-07-12 22:32:53 - [MESSAGE][PASSED] - Execute JavaScript 'arguments[0].value ='123' ' successfully

2024-07-12 22:32:55 - [MESSAGE][PASSED] - All options with value '12' are selected in object 'Object Repository/AdminSuiteBootstrap_Pages/VT_Bootstrap/SaleKeyboard/select_MM'  using regular expression

2024-07-12 22:32:56 - [MESSAGE][PASSED] - All options with value '2025' are selected in object 'Object Repository/AdminSuiteBootstrap_Pages/VT_Bootstrap/SaleKeyboard/select_YYYY'  using regular expression

2024-07-12 22:32:56 - [MESSAGE][PASSED] - Text '550 Swan Lake' is set on object 'Object Repository/AdminSuiteBootstrap_Pages/VT_Bootstrap/SaleKeyboard/input__address'

2024-07-12 22:32:57 - [MESSAGE][PASSED] - Text 'Suite 500' is set on object 'Object Repository/AdminSuiteBootstrap_Pages/VT_Bootstrap/SaleKeyboard/input__address2'

2024-07-12 22:32:58 - [MESSAGE][PASSED] - Text '22201' is set on object 'Object Repository/AdminSuiteBootstrap_Pages/VT_Bootstrap/SaleKeyboard/input__zip'

2024-07-12 22:32:59 - [MESSAGE][PASSED] - Text '' is set on object 'Object Repository/AdminSuiteBootstrap_Pages/VT_Bootstrap/SaleKeyboard/input_emailAddress'

2024-07-12 22:33:00 - [MESSAGE][PASSED] - Text '' is set on object 'Object Repository/AdminSuiteBootstrap_Pages/VT_Bootstrap/SaleKeyboard/input_smsNumber'

2024-07-12 22:33:01 - [MESSAGE][PASSED] - Text '10.50' is set on object 'Object Repository/AdminSuiteBootstrap_Pages/VT_Bootstrap/SaleKeyboard/input_amount'

2024-07-12 22:33:02 - [MESSAGE][PASSED] - Text 'Australia' is set on object 'Object Repository/AdminSuiteBootstrap_Pages/VT_Bootstrap/SaleKeyboard/input_userDefined1'

2024-07-12 22:33:03 - [MESSAGE][PASSED] - Text 'Denmark' is set on object 'Object Repository/AdminSuiteBootstrap_Pages/VT_Bootstrap/SaleKeyboard/input_userDefined2'

2024-07-12 22:33:03 - [MESSAGE][PASSED] - Text 'Sweden' is set on object 'Object Repository/AdminSuiteBootstrap_Pages/VT_Bootstrap/SaleKeyboard/input_userDefined3'

2024-07-12 22:33:04 - [MESSAGE][PASSED] - Text 'Austria' is set on object 'Object Repository/AdminSuiteBootstrap_Pages/VT_Bootstrap/SaleKeyboard/input_userDefined4'

2024-07-12 22:33:05 - [MESSAGE][PASSED] - All options with label 'Orange' are selected in object 'Object Repository/AdminSuiteBootstrap_Pages/VT_Bootstrap/SaleKeyboard/select_UDF5_DropDown'  using regular expression

2024-07-12 22:33:06 - [MESSAGE][PASSED] - All options with label 'Yellow' are selected in object 'Object Repository/AdminSuiteBootstrap_Pages/VT_Bootstrap/SaleKeyboard/select_UDF6_DropDown'  using regular expression

2024-07-12 22:33:07 - [MESSAGE][PASSED] - Text 'Norway' is set on object 'Object Repository/AdminSuiteBootstrap_Pages/VT_Bootstrap/SaleKeyboard/input_userDefined7'

2024-07-12 22:33:07 - [MESSAGE][PASSED] - Text 'Netherlands' is set on object 'Object Repository/AdminSuiteBootstrap_Pages/VT_Bootstrap/SaleKeyboard/input_userDefined8'

2024-07-12 22:33:08 - [MESSAGE][PASSED] - Text 'Switzerland' is set on object 'Object Repository/AdminSuiteBootstrap_Pages/VT_Bootstrap/SaleKeyboard/input_userDefined9'

2024-07-12 22:33:09 - [MESSAGE][PASSED] - Text 'France' is set on object 'Object Repository/AdminSuiteBootstrap_Pages/VT_Bootstrap/SaleKeyboard/input_userDefined10'

2024-07-12 22:33:10 - [MESSAGE][PASSED] - Object: 'Object Repository/AdminSuiteBootstrap_Pages/VT_Bootstrap/SaleKeyboard/button_Submit' is clicked on

2024-07-12 22:33:10 - [MESSAGE][PASSED] - adminSuiteBootstrap.virtualTerminalSetData.saleKeyboard_DataDriven is PASSED

2024-07-12 22:33:10 - [TEST_STEP][PASSED] - if (verifyTextPresent("Transaction Successful", true)): null

2024-07-12 22:33:11 - [MESSAGE][PASSED] - Text 'Transaction Successful' is present on page  using regular expression

2024-07-12 22:33:11 - [TEST_STEP][PASSED] - sdf = getText(findTestObject(path_Receipt + "td_AutoNoC031622113752957Ahm")): Text of object 'Object Repository/AdminSuiteBootstrap_Pages/VT_Bootstrap/Receipt/td_AutoNoC031622113752957Ahm' is: 'AutoDua071224222539332Ahm'

2024-07-12 22:33:11 - [MESSAGE][PASSED] - Text of object 'Object Repository/AdminSuiteBootstrap_Pages/VT_Bootstrap/Receipt/td_AutoNoC031622113752957Ahm' is: 'AutoDua071224222539332Ahm'

2024-07-12 22:33:11 - [TEST_STEP][PASSED] - out.println("sdf: " + sdf): null

2024-07-12 22:33:11 - [TEST_STEP][PASSED] - remID = sdf: null

2024-07-12 22:33:11 - [TEST_STEP][PASSED] - out.println("remID: " + remID): null

2024-07-12 22:33:11 - [TEST_STEP][PASSED] - click(findTestObject(path_Receipt + "button_Continue")): Object: 'Object Repository/AdminSuiteBootstrap_Pages/VT_Bootstrap/Receipt/button_Continue' is clicked on

2024-07-12 22:33:12 - [MESSAGE][PASSED] - Object: 'Object Repository/AdminSuiteBootstrap_Pages/VT_Bootstrap/Receipt/button_Continue' is clicked on

2024-07-12 22:33:12 - [TEST_STEP][PASSED] - click(findTestObject(path_VT + "a_Search Transactions")): Object: 'Object Repository/AdminSuiteBootstrap_Pages/VT_Bootstrap/IssueTransactions/a_Search Transactions' is clicked on

2024-07-12 22:33:13 - [MESSAGE][PASSED] - Object: 'Object Repository/AdminSuiteBootstrap_Pages/VT_Bootstrap/IssueTransactions/a_Search Transactions' is clicked on

2024-07-12 22:33:13 - [TEST_STEP][PASSED] - setText(findTestObject(path_CCSearch + "input_Search By_searchValue"), remID): Text 'AutoDua071224222539332Ahm' is set on object 'Object Repository/AdminSuiteBootstrap_Pages/VT_Bootstrap/CCCreditOrVoidSearch/input_Search By_searchValue'

2024-07-12 22:33:14 - [MESSAGE][PASSED] - Text 'AutoDua071224222539332Ahm' is set on object 'Object Repository/AdminSuiteBootstrap_Pages/VT_Bootstrap/CCCreditOrVoidSearch/input_Search By_searchValue'

2024-07-12 22:33:14 - [TEST_STEP][PASSED] - click(findTestObject(path_CCSearch + "button_Submit")): Object: 'Object Repository/AdminSuiteBootstrap_Pages/VT_Bootstrap/CCCreditOrVoidSearch/button_Submit' is clicked on

2024-07-12 22:33:15 - [MESSAGE][PASSED] - Object: 'Object Repository/AdminSuiteBootstrap_Pages/VT_Bootstrap/CCCreditOrVoidSearch/button_Submit' is clicked on

2024-07-12 22:33:15 - [TEST_STEP][PASSED] - fgr = getText(findTestObject(path_SearchResults + "div_Payment ID")): Text of object 'Object Repository/AdminSuiteBootstrap_Pages/VT_Bootstrap/SearchResults/div_Payment ID' is: 'Payment ID
Payment Type
Transaction Type
Remittance ID
Name
Total Amount
End Date
Status
12154754 Credit Card Authorization and Capture AutoDua071224222539332Ahm Janaki James $10.50 07/12/2024 Success'

2024-07-12 22:33:15 - [MESSAGE][PASSED] - Text of object 'Object Repository/AdminSuiteBootstrap_Pages/VT_Bootstrap/SearchResults/div_Payment ID' is: 'Payment ID
Payment Type
Transaction Type
Remittance ID
Name
Total Amount
End Date
Status
12154754 Credit Card Authorization and Capture AutoDua071224222539332Ahm Janaki James $10.50 07/12/2024 Success'

2024-07-12 22:33:15 - [TEST_STEP][PASSED] - payID = substring(89, 98).trim(): null

2024-07-12 22:33:15 - [TEST_STEP][PASSED] - out.println("payID: " + payID): null

2024-07-12 22:33:15 - [TEST_STEP][PASSED] - click(findTestObject(path_SearchResults + "button_PaymentID")): Object: 'Object Repository/AdminSuiteBootstrap_Pages/VT_Bootstrap/SearchResults/button_PaymentID' is clicked on

2024-07-12 22:33:17 - [MESSAGE][PASSED] - Object: 'Object Repository/AdminSuiteBootstrap_Pages/VT_Bootstrap/SearchResults/button_PaymentID' is clicked on

2024-07-12 22:33:17 - [TEST_STEP][PASSED] - verifyTextPresent("Tender Type", true): Text 'Tender Type' is present on page  using regular expression

2024-07-12 22:33:17 - [MESSAGE][PASSED] - Text 'Tender Type' is present on page  using regular expression

2024-07-12 22:33:17 - [TEST_STEP][PASSED] - verifyTextPresent("Credit Card", true): Text 'Credit Card' is present on page  using regular expression

2024-07-12 22:33:18 - [MESSAGE][PASSED] - Text 'Credit Card' is present on page  using regular expression

2024-07-12 22:33:18 - [TEST_STEP][PASSED] - verifyTextPresent("Transaction Type", true): Text 'Transaction Type' is present on page  using regular expression

2024-07-12 22:33:18 - [MESSAGE][PASSED] - Text 'Transaction Type' is present on page  using regular expression

2024-07-12 22:33:18 - [TEST_STEP][PASSED] - verifyTextPresent("Authorization and Capture", true): Text 'Authorization and Capture' is present on page  using regular expression

2024-07-12 22:33:19 - [MESSAGE][PASSED] - Text 'Authorization and Capture' is present on page  using regular expression

2024-07-12 22:33:19 - [TEST_STEP][PASSED] - verifyTextPresent("Transaction Posted by", true): Text 'Transaction Posted by' is present on page  using regular expression

2024-07-12 22:33:19 - [MESSAGE][PASSED] - Text 'Transaction Posted by' is present on page  using regular expression

2024-07-12 22:33:19 - [TEST_STEP][PASSED] - verifyTextPresent("iahmed", true): Text 'iahmed' is present on page  using regular expression

2024-07-12 22:33:19 - [MESSAGE][PASSED] - Text 'iahmed' is present on page  using regular expression

2024-07-12 22:33:19 - [TEST_STEP][PASSED] - click(findTestObject(path_TranxDetails + "a_Void this transaction")): Object: 'Object Repository/AdminSuiteBootstrap_Pages/VT_Bootstrap/TransactionDetails/a_Void this transaction' is clicked on

2024-07-12 22:33:20 - [MESSAGE][PASSED] - Object: 'Object Repository/AdminSuiteBootstrap_Pages/VT_Bootstrap/TransactionDetails/a_Void this transaction' is clicked on

2024-07-12 22:33:20 - [TEST_STEP][PASSED] - verifyTextPresent("The following transaction will be voided", true): Text 'The following transaction will be voided' is present on page  using regular expression

2024-07-12 22:33:21 - [MESSAGE][PASSED] - Text 'The following transaction will be voided' is present on page  using regular expression

2024-07-12 22:33:21 - [TEST_STEP][PASSED] - verifyTextPresent("Please press submit to continue", true): Text 'Please press submit to continue' is present on page  using regular expression

2024-07-12 22:33:21 - [MESSAGE][PASSED] - Text 'Please press submit to continue' is present on page  using regular expression

2024-07-12 22:33:21 - [TEST_STEP][PASSED] - click(findTestObject(path_TranxDetails + "button_Submit")): Object: 'Object Repository/AdminSuiteBootstrap_Pages/VT_Bootstrap/TransactionDetails/button_Submit' is clicked on

2024-07-12 22:33:22 - [MESSAGE][PASSED] - Object: 'Object Repository/AdminSuiteBootstrap_Pages/VT_Bootstrap/TransactionDetails/button_Submit' is clicked on

2024-07-12 22:33:22 - [TEST_STEP][PASSED] - verifyTextPresent("Transaction Successful", true): Text 'Transaction Successful' is present on page  using regular expression

2024-07-12 22:33:23 - [MESSAGE][PASSED] - Text 'Transaction Successful' is present on page  using regular expression

2024-07-12 22:33:23 - [TEST_STEP][PASSED] - verifyTextPresent("Transaction Type", true): Text 'Transaction Type' is present on page  using regular expression

2024-07-12 22:33:23 - [MESSAGE][PASSED] - Text 'Transaction Type' is present on page  using regular expression

2024-07-12 22:33:23 - [TEST_STEP][PASSED] - verifyTextPresent("Void", true): Text 'Void' is present on page  using regular expression

2024-07-12 22:33:23 - [MESSAGE][PASSED] - Text 'Void' is present on page  using regular expression

2024-07-12 22:33:23 - [TEST_STEP][PASSED] - closeBrowser(): Browser is closed

2024-07-12 22:33:24 - [MESSAGE][PASSED] - Browser is closed

2024-07-12 22:33:24 - [TEST_STEP][PASSED] - ExecuteTC = findTestData(dataFile).getValue("Execute", row): null

2024-07-12 22:33:25 - [TEST_STEP][PASSED] - out.println("Value of Execute is : " + ExecuteTC): null

2024-07-12 22:33:25 - [TEST_STEP][PASSED] - switch (executionProfile): null

2024-07-12 22:33:25 - [TEST_STEP][PASSED] - case "QA2Profile":: null

2024-07-12 22:33:25 - [TEST_STEP][PASSED] - appName = findTestData(dataFile).getValue("AppNameQA", row): null

2024-07-12 22:33:25 - [TEST_STEP][PASSED] - appID = findTestData(dataFile).getValue("AppIDQA", row): null

2024-07-12 22:33:25 - [TEST_STEP][PASSED] - break: null

2024-07-12 22:33:25 - [TEST_STEP][PASSED] - hrefAppID = li_1 + appID + li_2: null

2024-07-12 22:33:25 - [TEST_STEP][PASSED] - hrefApp = li_1 + appID + "/": null

2024-07-12 22:33:25 - [TEST_STEP][PASSED] - println("hrefApp : " + hrefApp): null

2024-07-12 22:33:25 - [TEST_STEP][PASSED] - if (ExecuteTC.equalsIgnoreCase("Y")): null

2024-07-12 22:33:25 - [TEST_STEP][PASSED] - out.println("Begin Record Number: " + row): null

2024-07-12 22:33:25 - [TEST_STEP][PASSED] - today = new java.util.Date(): null

2024-07-12 22:33:25 - [TEST_STEP][PASSED] - println(today): null

2024-07-12 22:33:25 - [TEST_STEP][PASSED] - datText = today: null

2024-07-12 22:33:25 - [TEST_STEP][PASSED] - adminSuiteBootstrap.loginFunctionality.login_AdminSuite(): adminSuiteBootstrap.loginFunctionality.login_AdminSuite is PASSED

2024-07-12 22:33:25 - [MESSAGE][INFO] - Starting 'Chrome' driver

2024-07-12 22:33:25 - [MESSAGE][INFO] - User set preference: ['acceptInsecureCerts', 'true']

2024-07-12 22:33:25 - [MESSAGE][INFO] - Action delay is set to 0 milliseconds

2024-07-12 22:33:27 - [MESSAGE][PASSED] - Browser is opened with url: 'https://qa2.velocitypayment.com/admin/imtiaz'

2024-07-12 22:33:28 - [MESSAGE][PASSED] - Current window maximized

2024-07-12 22:33:28 - [MESSAGE][PASSED] - Object 'Object Repository/Login_Page/Login_Username_Okta' is present

2024-07-12 22:33:29 - [MESSAGE][PASSED] - Text 'iahmed' is set on object 'Object Repository/Login_Page/Login_Username_Okta'

2024-07-12 22:33:30 - [MESSAGE][PASSED] - Text 'Hello!6666666' is set on object 'Object Repository/Login_Page/Login_Password_Okta'

2024-07-12 22:33:30 - [MESSAGE][PASSED] - Object: 'Object Repository/Login_Page/Login_Submit_Okta' is clicked on

2024-07-12 22:33:30 - [MESSAGE][PASSED] - adminSuiteBootstrap.loginFunctionality.login_AdminSuite is PASSED

2024-07-12 22:33:30 - [TEST_STEP][PASSED] - click(findTestObject(path_Dashboard + appName)): Object: 'Object Repository/AdminSuiteBootstrap_Pages/Dashboard_Bootstrap/a_Access AutoDualCFtpQA' is clicked on

2024-07-12 22:33:40 - [MESSAGE][PASSED] - Object: 'Object Repository/AdminSuiteBootstrap_Pages/Dashboard_Bootstrap/a_Access AutoDualCFtpQA' is clicked on

2024-07-12 22:33:40 - [TEST_STEP][PASSED] - click(findTestObject(path_VT + "button_Authorization  Capture (Sale)")): Object: 'Object Repository/AdminSuiteBootstrap_Pages/VT_Bootstrap/IssueTransactions/button_Authorization  Capture (Sale)' is clicked on

2024-07-12 22:33:40 - [MESSAGE][PASSED] - Object: 'Object Repository/AdminSuiteBootstrap_Pages/VT_Bootstrap/IssueTransactions/button_Authorization  Capture (Sale)' is clicked on

2024-07-12 22:33:40 - [TEST_STEP][PASSED] - saleKeyboardEntryLink = modifyObjectProperty(findTestObject(path_VT + "a_KeyboardEntry_Sale"), "href", "equals", hrefAppID, true): Modify property of object successfully

2024-07-12 22:33:40 - [MESSAGE][PASSED] - Modify property of object successfully

2024-07-12 22:33:40 - [TEST_STEP][PASSED] - click(saleKeyboardEntryLink): Object: 'Object Repository/AdminSuiteBootstrap_Pages/VT_Bootstrap/IssueTransactions/a_KeyboardEntry_Sale' is clicked on

2024-07-12 22:33:41 - [MESSAGE][PASSED] - Object: 'Object Repository/AdminSuiteBootstrap_Pages/VT_Bootstrap/IssueTransactions/a_KeyboardEntry_Sale' is clicked on

2024-07-12 22:33:41 - [TEST_STEP][PASSED] - adminSuiteBootstrap.virtualTerminalSetData.saleKeyboard_DataDriven(row, dataFile): adminSuiteBootstrap.virtualTerminalSetData.saleKeyboard_DataDriven is PASSED

2024-07-12 22:33:44 - [MESSAGE][PASSED] - Text 'Janaki James' is set on object 'Object Repository/AdminSuiteBootstrap_Pages/VT_Bootstrap/SaleKeyboard/input_cardName'

2024-07-12 22:33:45 - [MESSAGE][PASSED] - All options with value 'MOTO' are selected in object 'Object Repository/AdminSuiteBootstrap_Pages/VT_Bootstrap/SaleKeyboard/select_transactionCategory'  using regular expression

2024-07-12 22:33:46 - [MESSAGE][PASSED] - Execute JavaScript 'arguments[0].value ='6011000993026909' ' successfully

2024-07-12 22:33:46 - [MESSAGE][PASSED] - Execute JavaScript 'arguments[0].value ='123' ' successfully

2024-07-12 22:33:47 - [MESSAGE][PASSED] - All options with value '12' are selected in object 'Object Repository/AdminSuiteBootstrap_Pages/VT_Bootstrap/SaleKeyboard/select_MM'  using regular expression

2024-07-12 22:33:48 - [MESSAGE][PASSED] - All options with value '2025' are selected in object 'Object Repository/AdminSuiteBootstrap_Pages/VT_Bootstrap/SaleKeyboard/select_YYYY'  using regular expression

2024-07-12 22:33:49 - [MESSAGE][PASSED] - Text '25987 Hill Top' is set on object 'Object Repository/AdminSuiteBootstrap_Pages/VT_Bootstrap/SaleKeyboard/input__address'

2024-07-12 22:33:50 - [MESSAGE][PASSED] - Text 'Suite 500' is set on object 'Object Repository/AdminSuiteBootstrap_Pages/VT_Bootstrap/SaleKeyboard/input__address2'

2024-07-12 22:33:51 - [MESSAGE][PASSED] - Text '22201' is set on object 'Object Repository/AdminSuiteBootstrap_Pages/VT_Bootstrap/SaleKeyboard/input__zip'

2024-07-12 22:33:51 - [MESSAGE][PASSED] - Text '' is set on object 'Object Repository/AdminSuiteBootstrap_Pages/VT_Bootstrap/SaleKeyboard/input_emailAddress'

2024-07-12 22:33:53 - [MESSAGE][PASSED] - Text '' is set on object 'Object Repository/AdminSuiteBootstrap_Pages/VT_Bootstrap/SaleKeyboard/input_smsNumber'

2024-07-12 22:33:53 - [MESSAGE][PASSED] - Text '10.50' is set on object 'Object Repository/AdminSuiteBootstrap_Pages/VT_Bootstrap/SaleKeyboard/input_amount'

2024-07-12 22:33:55 - [MESSAGE][PASSED] - Text 'Australia' is set on object 'Object Repository/AdminSuiteBootstrap_Pages/VT_Bootstrap/SaleKeyboard/input_userDefined1'

2024-07-12 22:33:55 - [MESSAGE][PASSED] - Text 'Denmark' is set on object 'Object Repository/AdminSuiteBootstrap_Pages/VT_Bootstrap/SaleKeyboard/input_userDefined2'

2024-07-12 22:33:56 - [MESSAGE][PASSED] - Text 'Sweden' is set on object 'Object Repository/AdminSuiteBootstrap_Pages/VT_Bootstrap/SaleKeyboard/input_userDefined3'

2024-07-12 22:33:57 - [MESSAGE][PASSED] - Text 'Austria' is set on object 'Object Repository/AdminSuiteBootstrap_Pages/VT_Bootstrap/SaleKeyboard/input_userDefined4'

2024-07-12 22:33:58 - [MESSAGE][PASSED] - All options with label 'Orange' are selected in object 'Object Repository/AdminSuiteBootstrap_Pages/VT_Bootstrap/SaleKeyboard/select_UDF5_DropDown'  using regular expression

2024-07-12 22:33:59 - [MESSAGE][PASSED] - All options with label 'Yellow' are selected in object 'Object Repository/AdminSuiteBootstrap_Pages/VT_Bootstrap/SaleKeyboard/select_UDF6_DropDown'  using regular expression

2024-07-12 22:33:59 - [MESSAGE][PASSED] - Text 'Norway' is set on object 'Object Repository/AdminSuiteBootstrap_Pages/VT_Bootstrap/SaleKeyboard/input_userDefined7'

2024-07-12 22:34:00 - [MESSAGE][PASSED] - Text 'Netherlands' is set on object 'Object Repository/AdminSuiteBootstrap_Pages/VT_Bootstrap/SaleKeyboard/input_userDefined8'

2024-07-12 22:34:01 - [MESSAGE][PASSED] - Text 'Switzerland' is set on object 'Object Repository/AdminSuiteBootstrap_Pages/VT_Bootstrap/SaleKeyboard/input_userDefined9'

2024-07-12 22:34:02 - [MESSAGE][PASSED] - Text 'France' is set on object 'Object Repository/AdminSuiteBootstrap_Pages/VT_Bootstrap/SaleKeyboard/input_userDefined10'

2024-07-12 22:34:03 - [MESSAGE][PASSED] - Object: 'Object Repository/AdminSuiteBootstrap_Pages/VT_Bootstrap/SaleKeyboard/button_Submit' is clicked on

2024-07-12 22:34:03 - [MESSAGE][PASSED] - adminSuiteBootstrap.virtualTerminalSetData.saleKeyboard_DataDriven is PASSED

2024-07-12 22:34:03 - [TEST_STEP][PASSED] - if (verifyTextPresent("Transaction Successful", true)): null

2024-07-12 22:34:04 - [MESSAGE][PASSED] - Text 'Transaction Successful' is present on page  using regular expression

2024-07-12 22:34:04 - [TEST_STEP][PASSED] - sdf = getText(findTestObject(path_Receipt + "td_AutoNoC031622113752957Ahm")): Text of object 'Object Repository/AdminSuiteBootstrap_Pages/VT_Bootstrap/Receipt/td_AutoNoC031622113752957Ahm' is: 'AutoDua071224222632332Ahm'

2024-07-12 22:34:04 - [MESSAGE][PASSED] - Text of object 'Object Repository/AdminSuiteBootstrap_Pages/VT_Bootstrap/Receipt/td_AutoNoC031622113752957Ahm' is: 'AutoDua071224222632332Ahm'

2024-07-12 22:34:04 - [TEST_STEP][PASSED] - out.println("sdf: " + sdf): null

2024-07-12 22:34:04 - [TEST_STEP][PASSED] - remID = sdf: null

2024-07-12 22:34:04 - [TEST_STEP][PASSED] - out.println("remID: " + remID): null

2024-07-12 22:34:04 - [TEST_STEP][PASSED] - click(findTestObject(path_Receipt + "button_Continue")): Object: 'Object Repository/AdminSuiteBootstrap_Pages/VT_Bootstrap/Receipt/button_Continue' is clicked on

2024-07-12 22:34:05 - [MESSAGE][PASSED] - Object: 'Object Repository/AdminSuiteBootstrap_Pages/VT_Bootstrap/Receipt/button_Continue' is clicked on

2024-07-12 22:34:05 - [TEST_STEP][PASSED] - click(findTestObject(path_VT + "a_Search Transactions")): Object: 'Object Repository/AdminSuiteBootstrap_Pages/VT_Bootstrap/IssueTransactions/a_Search Transactions' is clicked on

2024-07-12 22:34:06 - [MESSAGE][PASSED] - Object: 'Object Repository/AdminSuiteBootstrap_Pages/VT_Bootstrap/IssueTransactions/a_Search Transactions' is clicked on

2024-07-12 22:34:06 - [TEST_STEP][PASSED] - setText(findTestObject(path_CCSearch + "input_Search By_searchValue"), remID): Text 'AutoDua071224222632332Ahm' is set on object 'Object Repository/AdminSuiteBootstrap_Pages/VT_Bootstrap/CCCreditOrVoidSearch/input_Search By_searchValue'

2024-07-12 22:34:07 - [MESSAGE][PASSED] - Text 'AutoDua071224222632332Ahm' is set on object 'Object Repository/AdminSuiteBootstrap_Pages/VT_Bootstrap/CCCreditOrVoidSearch/input_Search By_searchValue'

2024-07-12 22:34:07 - [TEST_STEP][PASSED] - click(findTestObject(path_CCSearch + "button_Submit")): Object: 'Object Repository/AdminSuiteBootstrap_Pages/VT_Bootstrap/CCCreditOrVoidSearch/button_Submit' is clicked on

2024-07-12 22:34:08 - [MESSAGE][PASSED] - Object: 'Object Repository/AdminSuiteBootstrap_Pages/VT_Bootstrap/CCCreditOrVoidSearch/button_Submit' is clicked on

2024-07-12 22:34:08 - [TEST_STEP][PASSED] - fgr = getText(findTestObject(path_SearchResults + "div_Payment ID")): Text of object 'Object Repository/AdminSuiteBootstrap_Pages/VT_Bootstrap/SearchResults/div_Payment ID' is: 'Payment ID
Payment Type
Transaction Type
Remittance ID
Name
Total Amount
End Date
Status
12154757 Credit Card Authorization and Capture AutoDua071224222632332Ahm Janaki James $10.50 07/12/2024 Success'

2024-07-12 22:34:08 - [MESSAGE][PASSED] - Text of object 'Object Repository/AdminSuiteBootstrap_Pages/VT_Bootstrap/SearchResults/div_Payment ID' is: 'Payment ID
Payment Type
Transaction Type
Remittance ID
Name
Total Amount
End Date
Status
12154757 Credit Card Authorization and Capture AutoDua071224222632332Ahm Janaki James $10.50 07/12/2024 Success'

2024-07-12 22:34:08 - [TEST_STEP][PASSED] - payID = substring(89, 98).trim(): null

2024-07-12 22:34:08 - [TEST_STEP][PASSED] - out.println("payID: " + payID): null

2024-07-12 22:34:08 - [TEST_STEP][PASSED] - click(findTestObject(path_SearchResults + "button_PaymentID")): Object: 'Object Repository/AdminSuiteBootstrap_Pages/VT_Bootstrap/SearchResults/button_PaymentID' is clicked on

2024-07-12 22:34:09 - [MESSAGE][PASSED] - Object: 'Object Repository/AdminSuiteBootstrap_Pages/VT_Bootstrap/SearchResults/button_PaymentID' is clicked on

2024-07-12 22:34:09 - [TEST_STEP][PASSED] - verifyTextPresent("Tender Type", true): Text 'Tender Type' is present on page  using regular expression

2024-07-12 22:34:10 - [MESSAGE][PASSED] - Text 'Tender Type' is present on page  using regular expression

2024-07-12 22:34:10 - [TEST_STEP][PASSED] - verifyTextPresent("Credit Card", true): Text 'Credit Card' is present on page  using regular expression

2024-07-12 22:34:10 - [MESSAGE][PASSED] - Text 'Credit Card' is present on page  using regular expression

2024-07-12 22:34:10 - [TEST_STEP][PASSED] - verifyTextPresent("Transaction Type", true): Text 'Transaction Type' is present on page  using regular expression

2024-07-12 22:34:10 - [MESSAGE][PASSED] - Text 'Transaction Type' is present on page  using regular expression

2024-07-12 22:34:10 - [TEST_STEP][PASSED] - verifyTextPresent("Authorization and Capture", true): Text 'Authorization and Capture' is present on page  using regular expression

2024-07-12 22:34:11 - [MESSAGE][PASSED] - Text 'Authorization and Capture' is present on page  using regular expression

2024-07-12 22:34:11 - [TEST_STEP][PASSED] - verifyTextPresent("Transaction Posted by", true): Text 'Transaction Posted by' is present on page  using regular expression

2024-07-12 22:34:11 - [MESSAGE][PASSED] - Text 'Transaction Posted by' is present on page  using regular expression

2024-07-12 22:34:11 - [TEST_STEP][PASSED] - verifyTextPresent("iahmed", true): Text 'iahmed' is present on page  using regular expression

2024-07-12 22:34:11 - [MESSAGE][PASSED] - Text 'iahmed' is present on page  using regular expression

2024-07-12 22:34:11 - [TEST_STEP][PASSED] - click(findTestObject(path_TranxDetails + "a_Void this transaction")): Object: 'Object Repository/AdminSuiteBootstrap_Pages/VT_Bootstrap/TransactionDetails/a_Void this transaction' is clicked on

2024-07-12 22:34:12 - [MESSAGE][PASSED] - Object: 'Object Repository/AdminSuiteBootstrap_Pages/VT_Bootstrap/TransactionDetails/a_Void this transaction' is clicked on

2024-07-12 22:34:12 - [TEST_STEP][PASSED] - verifyTextPresent("The following transaction will be voided", true): Text 'The following transaction will be voided' is present on page  using regular expression

2024-07-12 22:34:13 - [MESSAGE][PASSED] - Text 'The following transaction will be voided' is present on page  using regular expression

2024-07-12 22:34:13 - [TEST_STEP][PASSED] - verifyTextPresent("Please press submit to continue", true): Text 'Please press submit to continue' is present on page  using regular expression

2024-07-12 22:34:13 - [MESSAGE][PASSED] - Text 'Please press submit to continue' is present on page  using regular expression

2024-07-12 22:34:13 - [TEST_STEP][PASSED] - click(findTestObject(path_TranxDetails + "button_Submit")): Object: 'Object Repository/AdminSuiteBootstrap_Pages/VT_Bootstrap/TransactionDetails/button_Submit' is clicked on

2024-07-12 22:34:14 - [MESSAGE][PASSED] - Object: 'Object Repository/AdminSuiteBootstrap_Pages/VT_Bootstrap/TransactionDetails/button_Submit' is clicked on

2024-07-12 22:34:14 - [TEST_STEP][PASSED] - verifyTextPresent("Transaction Successful", true): Text 'Transaction Successful' is present on page  using regular expression

2024-07-12 22:34:15 - [MESSAGE][PASSED] - Text 'Transaction Successful' is present on page  using regular expression

2024-07-12 22:34:15 - [TEST_STEP][PASSED] - verifyTextPresent("Transaction Type", true): Text 'Transaction Type' is present on page  using regular expression

2024-07-12 22:34:15 - [MESSAGE][PASSED] - Text 'Transaction Type' is present on page  using regular expression

2024-07-12 22:34:15 - [TEST_STEP][PASSED] - verifyTextPresent("Void", true): Text 'Void' is present on page  using regular expression

2024-07-12 22:34:15 - [MESSAGE][PASSED] - Text 'Void' is present on page  using regular expression

2024-07-12 22:34:15 - [TEST_STEP][PASSED] - closeBrowser(): Browser is closed

2024-07-12 22:34:17 - [MESSAGE][PASSED] - Browser is closed]]></system-out>
         <system-err><![CDATA[]]></system-err>
      </testcase>
      <testcase name="Test Cases/Admin Suite Bootstrap/VT_TestCases/SaleAndVoidKeyboard_TP_NoCF_Generic_Payment_TC" time="407.211" classname="Test Cases/Admin Suite Bootstrap/VT_TestCases/SaleAndVoidKeyboard_TP_NoCF_Generic_Payment_TC" status="PASSED">
         <system-out><![CDATA[2024-07-12 22:34:17 - [TEST_CASE][PASSED] - Test Cases/Admin Suite Bootstrap/VT_TestCases/SaleAndVoidKeyboard_TP_NoCF_Generic_Payment_TC: Test Cases/Admin Suite Bootstrap/VT_TestCases/SaleAndVoidKeyboard_TP_NoCF_Generic_Payment_TC

2024-07-12 22:34:17 - [TEST_STEP][PASSED] - path_Dashboard = "Object Repository/AdminSuiteBootstrap_Pages/Dashboard_Bootstrap/": null

2024-07-12 22:34:17 - [TEST_STEP][PASSED] - path_VT = "Object Repository/AdminSuiteBootstrap_Pages/VT_Bootstrap/IssueTransactions/": null

2024-07-12 22:34:17 - [TEST_STEP][PASSED] - path_SaleKB = "Object Repository/AdminSuiteBootstrap_Pages/VT_Bootstrap/SaleKeyboard/": null

2024-07-12 22:34:17 - [TEST_STEP][PASSED] - path_TestMinus = "Object Repository/Page_TestMinusAndAtSigns/": null

2024-07-12 22:34:17 - [TEST_STEP][PASSED] - path_Receipt = "Object Repository/AdminSuiteBootstrap_Pages/VT_Bootstrap/Receipt/": null

2024-07-12 22:34:17 - [TEST_STEP][PASSED] - path_CCSearch = "Object Repository/AdminSuiteBootstrap_Pages/VT_Bootstrap/CCCreditOrVoidSearch/": null

2024-07-12 22:34:17 - [TEST_STEP][PASSED] - path_SearchResults = "Object Repository/AdminSuiteBootstrap_Pages/VT_Bootstrap/SearchResults/": null

2024-07-12 22:34:17 - [TEST_STEP][PASSED] - path_TranxDetails = "Object Repository/AdminSuiteBootstrap_Pages/VT_Bootstrap/TransactionDetails/": null

2024-07-12 22:34:17 - [TEST_STEP][PASSED] - li_1 = vpos_Prefix: null

2024-07-12 22:34:17 - [TEST_STEP][PASSED] - li_2 = "/transactions/AuthCapForm/": null

2024-07-12 22:34:17 - [TEST_STEP][PASSED] - executionProfile = getExecutionProfile(): null

2024-07-12 22:34:17 - [TEST_STEP][PASSED] - out.println("executionProfile : " + executionProfile): null

2024-07-12 22:34:17 - [TEST_STEP][PASSED] - appName = <not implemented yet for class: org.codehaus.groovy.ast.expr.EmptyExpression>: null

2024-07-12 22:34:17 - [TEST_STEP][PASSED] - appID = <not implemented yet for class: org.codehaus.groovy.ast.expr.EmptyExpression>: null

2024-07-12 22:34:17 - [TEST_STEP][PASSED] - cardNameV = <not implemented yet for class: org.codehaus.groovy.ast.expr.EmptyExpression>: null

2024-07-12 22:34:17 - [TEST_STEP][PASSED] - al1V = <not implemented yet for class: org.codehaus.groovy.ast.expr.EmptyExpression>: null

2024-07-12 22:34:17 - [TEST_STEP][PASSED] - al2V = <not implemented yet for class: org.codehaus.groovy.ast.expr.EmptyExpression>: null

2024-07-12 22:34:17 - [TEST_STEP][PASSED] - zipV = <not implemented yet for class: org.codehaus.groovy.ast.expr.EmptyExpression>: null

2024-07-12 22:34:17 - [TEST_STEP][PASSED] - cardTypeV = <not implemented yet for class: org.codehaus.groovy.ast.expr.EmptyExpression>: null

2024-07-12 22:34:17 - [TEST_STEP][PASSED] - last4V = <not implemented yet for class: org.codehaus.groovy.ast.expr.EmptyExpression>: null

2024-07-12 22:34:17 - [TEST_STEP][PASSED] - resText = "Fail": null

2024-07-12 22:34:17 - [TEST_STEP][PASSED] - resColumn = "Result": null

2024-07-12 22:34:17 - [TEST_STEP][PASSED] - datCloumn = "Date": null

2024-07-12 22:34:17 - [TEST_STEP][PASSED] - fileLoc = "C:\KatalonData\Bootstrap\VT-Data.xlsx": null

2024-07-12 22:34:17 - [TEST_STEP][PASSED] - numOfRows = <not implemented yet for class: org.codehaus.groovy.ast.expr.EmptyExpression>: null

2024-07-12 22:34:17 - [TEST_STEP][PASSED] - dataFile = <not implemented yet for class: org.codehaus.groovy.ast.expr.EmptyExpression>: null

2024-07-12 22:34:17 - [TEST_STEP][PASSED] - nameSheet = <not implemented yet for class: org.codehaus.groovy.ast.expr.EmptyExpression>: null

2024-07-12 22:34:17 - [TEST_STEP][PASSED] - nameSheet = "VT-SaleVoid-NoCF-Generic": null

2024-07-12 22:34:17 - [TEST_STEP][PASSED] - numOfRows = findTestData("QA/Bootstrap/VT-TestData/VT-SaleVoidData-NoCF-Generic").getRowNumbers(): null

2024-07-12 22:34:17 - [TEST_STEP][PASSED] - println("Number of Records: " + numOfRows): null

2024-07-12 22:34:17 - [TEST_STEP][PASSED] - dataFile = "QA/Bootstrap/VT-TestData/VT-SaleVoidData-NoCF-Generic": null

2024-07-12 22:34:17 - [TEST_STEP][PASSED] - for ([row = 1, row <= numOfRows, (row++)]): null

2024-07-12 22:34:17 - [TEST_STEP][PASSED] - ExecuteTC = findTestData(dataFile).getValue("Execute", row): null

2024-07-12 22:34:17 - [TEST_STEP][PASSED] - out.println("Value of Execute is : " + ExecuteTC): null

2024-07-12 22:34:17 - [TEST_STEP][PASSED] - switch (executionProfile): null

2024-07-12 22:34:17 - [TEST_STEP][PASSED] - case "QA2Profile":: null

2024-07-12 22:34:17 - [TEST_STEP][PASSED] - appName = findTestData(dataFile).getValue("AppNameQA", row): null

2024-07-12 22:34:17 - [TEST_STEP][PASSED] - appID = findTestData(dataFile).getValue("AppIDQA", row): null

2024-07-12 22:34:18 - [TEST_STEP][PASSED] - break: null

2024-07-12 22:34:18 - [TEST_STEP][PASSED] - hrefAppID = li_1 + appID + li_2: null

2024-07-12 22:34:18 - [TEST_STEP][PASSED] - hrefApp = li_1 + appID + "/": null

2024-07-12 22:34:18 - [TEST_STEP][PASSED] - println("hrefApp : " + hrefApp): null

2024-07-12 22:34:18 - [TEST_STEP][PASSED] - if (ExecuteTC.equalsIgnoreCase("Y")): null

2024-07-12 22:34:18 - [TEST_STEP][PASSED] - out.println("Begin Record Number: " + row): null

2024-07-12 22:34:18 - [TEST_STEP][PASSED] - today = new java.util.Date(): null

2024-07-12 22:34:18 - [TEST_STEP][PASSED] - println(today): null

2024-07-12 22:34:18 - [TEST_STEP][PASSED] - datText = today: null

2024-07-12 22:34:18 - [TEST_STEP][PASSED] - adminSuiteBootstrap.loginFunctionality.login_AdminSuite(): adminSuiteBootstrap.loginFunctionality.login_AdminSuite is PASSED

2024-07-12 22:34:18 - [MESSAGE][INFO] - Starting 'Chrome' driver

2024-07-12 22:34:18 - [MESSAGE][INFO] - User set preference: ['acceptInsecureCerts', 'true']

2024-07-12 22:34:18 - [MESSAGE][INFO] - Action delay is set to 0 milliseconds

2024-07-12 22:34:20 - [MESSAGE][PASSED] - Browser is opened with url: 'https://qa2.velocitypayment.com/admin/imtiaz'

2024-07-12 22:34:20 - [MESSAGE][PASSED] - Current window maximized

2024-07-12 22:34:21 - [MESSAGE][PASSED] - Object 'Object Repository/Login_Page/Login_Username_Okta' is present

2024-07-12 22:34:22 - [MESSAGE][PASSED] - Text 'iahmed' is set on object 'Object Repository/Login_Page/Login_Username_Okta'

2024-07-12 22:34:23 - [MESSAGE][PASSED] - Text 'Hello!6666666' is set on object 'Object Repository/Login_Page/Login_Password_Okta'

2024-07-12 22:34:23 - [MESSAGE][PASSED] - Object: 'Object Repository/Login_Page/Login_Submit_Okta' is clicked on

2024-07-12 22:34:23 - [MESSAGE][PASSED] - adminSuiteBootstrap.loginFunctionality.login_AdminSuite is PASSED

2024-07-12 22:34:23 - [TEST_STEP][PASSED] - click(findTestObject(path_Dashboard + appName)): Object: 'Object Repository/AdminSuiteBootstrap_Pages/Dashboard_Bootstrap/a_Access AutoNoCFtp' is clicked on

2024-07-12 22:34:31 - [MESSAGE][PASSED] - Object: 'Object Repository/AdminSuiteBootstrap_Pages/Dashboard_Bootstrap/a_Access AutoNoCFtp' is clicked on

2024-07-12 22:34:31 - [TEST_STEP][PASSED] - click(findTestObject(path_VT + "button_Authorization  Capture (Sale)")): Object: 'Object Repository/AdminSuiteBootstrap_Pages/VT_Bootstrap/IssueTransactions/button_Authorization  Capture (Sale)' is clicked on

2024-07-12 22:34:31 - [MESSAGE][PASSED] - Object: 'Object Repository/AdminSuiteBootstrap_Pages/VT_Bootstrap/IssueTransactions/button_Authorization  Capture (Sale)' is clicked on

2024-07-12 22:34:31 - [TEST_STEP][PASSED] - saleKeyboardEntryLink = modifyObjectProperty(findTestObject(path_VT + "a_KeyboardEntry_Sale"), "href", "equals", hrefAppID, true): Modify property of object successfully

2024-07-12 22:34:31 - [MESSAGE][PASSED] - Modify property of object successfully

2024-07-12 22:34:31 - [TEST_STEP][PASSED] - click(saleKeyboardEntryLink): Object: 'Object Repository/AdminSuiteBootstrap_Pages/VT_Bootstrap/IssueTransactions/a_KeyboardEntry_Sale' is clicked on

2024-07-12 22:34:32 - [MESSAGE][PASSED] - Object: 'Object Repository/AdminSuiteBootstrap_Pages/VT_Bootstrap/IssueTransactions/a_KeyboardEntry_Sale' is clicked on

2024-07-12 22:34:32 - [TEST_STEP][PASSED] - adminSuiteBootstrap.virtualTerminalSetData.saleKeyboard_DataDriven(row, dataFile): adminSuiteBootstrap.virtualTerminalSetData.saleKeyboard_DataDriven is PASSED

2024-07-12 22:34:36 - [MESSAGE][PASSED] - Text 'Tulsi Raman' is set on object 'Object Repository/AdminSuiteBootstrap_Pages/VT_Bootstrap/SaleKeyboard/input_cardName'

2024-07-12 22:34:37 - [MESSAGE][PASSED] - All options with value 'RETL' are selected in object 'Object Repository/AdminSuiteBootstrap_Pages/VT_Bootstrap/SaleKeyboard/select_transactionCategory'  using regular expression

2024-07-12 22:34:37 - [MESSAGE][PASSED] - Execute JavaScript 'arguments[0].value ='4012000098765439' ' successfully

2024-07-12 22:34:38 - [MESSAGE][PASSED] - Execute JavaScript 'arguments[0].value ='123' ' successfully

2024-07-12 22:34:39 - [MESSAGE][PASSED] - All options with value '12' are selected in object 'Object Repository/AdminSuiteBootstrap_Pages/VT_Bootstrap/SaleKeyboard/select_MM'  using regular expression

2024-07-12 22:34:40 - [MESSAGE][PASSED] - All options with value '2025' are selected in object 'Object Repository/AdminSuiteBootstrap_Pages/VT_Bootstrap/SaleKeyboard/select_YYYY'  using regular expression

2024-07-12 22:34:41 - [MESSAGE][PASSED] - Text '36 Cornor Road' is set on object 'Object Repository/AdminSuiteBootstrap_Pages/VT_Bootstrap/SaleKeyboard/input__address'

2024-07-12 22:34:41 - [MESSAGE][PASSED] - Text 'Suite 500' is set on object 'Object Repository/AdminSuiteBootstrap_Pages/VT_Bootstrap/SaleKeyboard/input__address2'

2024-07-12 22:34:42 - [MESSAGE][PASSED] - Text '22201' is set on object 'Object Repository/AdminSuiteBootstrap_Pages/VT_Bootstrap/SaleKeyboard/input__zip'

2024-07-12 22:34:43 - [MESSAGE][PASSED] - Text '' is set on object 'Object Repository/AdminSuiteBootstrap_Pages/VT_Bootstrap/SaleKeyboard/input_emailAddress'

2024-07-12 22:34:44 - [MESSAGE][PASSED] - Text '' is set on object 'Object Repository/AdminSuiteBootstrap_Pages/VT_Bootstrap/SaleKeyboard/input_smsNumber'

2024-07-12 22:34:45 - [MESSAGE][PASSED] - Text '10.50' is set on object 'Object Repository/AdminSuiteBootstrap_Pages/VT_Bootstrap/SaleKeyboard/input_amount'

2024-07-12 22:34:46 - [MESSAGE][PASSED] - Text 'Australia' is set on object 'Object Repository/AdminSuiteBootstrap_Pages/VT_Bootstrap/SaleKeyboard/input_userDefined1'

2024-07-12 22:34:46 - [MESSAGE][PASSED] - Text 'Denmark' is set on object 'Object Repository/AdminSuiteBootstrap_Pages/VT_Bootstrap/SaleKeyboard/input_userDefined2'

2024-07-12 22:34:47 - [MESSAGE][PASSED] - Text 'Sweden' is set on object 'Object Repository/AdminSuiteBootstrap_Pages/VT_Bootstrap/SaleKeyboard/input_userDefined3'

2024-07-12 22:34:48 - [MESSAGE][PASSED] - Text 'Austria' is set on object 'Object Repository/AdminSuiteBootstrap_Pages/VT_Bootstrap/SaleKeyboard/input_userDefined4'

2024-07-12 22:34:49 - [MESSAGE][PASSED] - All options with label 'Orange' are selected in object 'Object Repository/AdminSuiteBootstrap_Pages/VT_Bootstrap/SaleKeyboard/select_UDF5_DropDown'  using regular expression

2024-07-12 22:34:50 - [MESSAGE][PASSED] - All options with label 'Yellow' are selected in object 'Object Repository/AdminSuiteBootstrap_Pages/VT_Bootstrap/SaleKeyboard/select_UDF6_DropDown'  using regular expression

2024-07-12 22:34:50 - [MESSAGE][PASSED] - Text 'Norway' is set on object 'Object Repository/AdminSuiteBootstrap_Pages/VT_Bootstrap/SaleKeyboard/input_userDefined7'

2024-07-12 22:34:51 - [MESSAGE][PASSED] - Text 'Netherlands' is set on object 'Object Repository/AdminSuiteBootstrap_Pages/VT_Bootstrap/SaleKeyboard/input_userDefined8'

2024-07-12 22:34:52 - [MESSAGE][PASSED] - Text 'Switzerland' is set on object 'Object Repository/AdminSuiteBootstrap_Pages/VT_Bootstrap/SaleKeyboard/input_userDefined9'

2024-07-12 22:34:53 - [MESSAGE][PASSED] - Text 'France' is set on object 'Object Repository/AdminSuiteBootstrap_Pages/VT_Bootstrap/SaleKeyboard/input_userDefined10'

2024-07-12 22:34:55 - [MESSAGE][PASSED] - Object: 'Object Repository/AdminSuiteBootstrap_Pages/VT_Bootstrap/SaleKeyboard/button_Submit' is clicked on

2024-07-12 22:34:55 - [MESSAGE][PASSED] - adminSuiteBootstrap.virtualTerminalSetData.saleKeyboard_DataDriven is PASSED

2024-07-12 22:34:55 - [TEST_STEP][PASSED] - if (verifyTextPresent("Transaction Successful", true)): null

2024-07-12 22:34:55 - [MESSAGE][PASSED] - Text 'Transaction Successful' is present on page  using regular expression

2024-07-12 22:34:55 - [TEST_STEP][PASSED] - sdf = getText(findTestObject(path_Receipt + "td_AutoNoC031622113752957Ahm")): Text of object 'Object Repository/AdminSuiteBootstrap_Pages/VT_Bootstrap/Receipt/td_AutoNoC031622113752957Ahm' is: 'AutoNoC071224222723518Ahm'

2024-07-12 22:34:55 - [MESSAGE][PASSED] - Text of object 'Object Repository/AdminSuiteBootstrap_Pages/VT_Bootstrap/Receipt/td_AutoNoC031622113752957Ahm' is: 'AutoNoC071224222723518Ahm'

2024-07-12 22:34:55 - [TEST_STEP][PASSED] - out.println("sdf: " + sdf): null

2024-07-12 22:34:55 - [TEST_STEP][PASSED] - remID = sdf: null

2024-07-12 22:34:55 - [TEST_STEP][PASSED] - out.println("remID: " + remID): null

2024-07-12 22:34:55 - [TEST_STEP][PASSED] - click(findTestObject(path_Receipt + "button_Continue")): Object: 'Object Repository/AdminSuiteBootstrap_Pages/VT_Bootstrap/Receipt/button_Continue' is clicked on

2024-07-12 22:34:56 - [MESSAGE][PASSED] - Object: 'Object Repository/AdminSuiteBootstrap_Pages/VT_Bootstrap/Receipt/button_Continue' is clicked on

2024-07-12 22:34:56 - [TEST_STEP][PASSED] - click(findTestObject(path_VT + "a_Search Transactions")): Object: 'Object Repository/AdminSuiteBootstrap_Pages/VT_Bootstrap/IssueTransactions/a_Search Transactions' is clicked on

2024-07-12 22:34:57 - [MESSAGE][PASSED] - Object: 'Object Repository/AdminSuiteBootstrap_Pages/VT_Bootstrap/IssueTransactions/a_Search Transactions' is clicked on

2024-07-12 22:34:57 - [TEST_STEP][PASSED] - setText(findTestObject(path_CCSearch + "input_Search By_searchValue"), remID): Text 'AutoNoC071224222723518Ahm' is set on object 'Object Repository/AdminSuiteBootstrap_Pages/VT_Bootstrap/CCCreditOrVoidSearch/input_Search By_searchValue'

2024-07-12 22:34:58 - [MESSAGE][PASSED] - Text 'AutoNoC071224222723518Ahm' is set on object 'Object Repository/AdminSuiteBootstrap_Pages/VT_Bootstrap/CCCreditOrVoidSearch/input_Search By_searchValue'

2024-07-12 22:34:58 - [TEST_STEP][PASSED] - click(findTestObject(path_CCSearch + "button_Submit")): Object: 'Object Repository/AdminSuiteBootstrap_Pages/VT_Bootstrap/CCCreditOrVoidSearch/button_Submit' is clicked on

2024-07-12 22:34:59 - [MESSAGE][PASSED] - Object: 'Object Repository/AdminSuiteBootstrap_Pages/VT_Bootstrap/CCCreditOrVoidSearch/button_Submit' is clicked on

2024-07-12 22:34:59 - [TEST_STEP][PASSED] - fgr = getText(findTestObject(path_SearchResults + "div_Payment ID")): Text of object 'Object Repository/AdminSuiteBootstrap_Pages/VT_Bootstrap/SearchResults/div_Payment ID' is: 'Payment ID
Payment Type
Transaction Type
Remittance ID
Name
Total Amount
End Date
Status
12154760 Credit Card Authorization and Capture AutoNoC071224222723518Ahm Tulsi Raman $10.50 07/12/2024 Success'

2024-07-12 22:34:59 - [MESSAGE][PASSED] - Text of object 'Object Repository/AdminSuiteBootstrap_Pages/VT_Bootstrap/SearchResults/div_Payment ID' is: 'Payment ID
Payment Type
Transaction Type
Remittance ID
Name
Total Amount
End Date
Status
12154760 Credit Card Authorization and Capture AutoNoC071224222723518Ahm Tulsi Raman $10.50 07/12/2024 Success'

2024-07-12 22:34:59 - [TEST_STEP][PASSED] - payID = substring(89, 98).trim(): null

2024-07-12 22:34:59 - [TEST_STEP][PASSED] - out.println("payID: " + payID): null

2024-07-12 22:34:59 - [TEST_STEP][PASSED] - click(findTestObject(path_SearchResults + "button_PaymentID")): Object: 'Object Repository/AdminSuiteBootstrap_Pages/VT_Bootstrap/SearchResults/button_PaymentID' is clicked on

2024-07-12 22:35:00 - [MESSAGE][PASSED] - Object: 'Object Repository/AdminSuiteBootstrap_Pages/VT_Bootstrap/SearchResults/button_PaymentID' is clicked on

2024-07-12 22:35:00 - [TEST_STEP][PASSED] - verifyTextPresent("Tender Type", true): Text 'Tender Type' is present on page  using regular expression

2024-07-12 22:35:01 - [MESSAGE][PASSED] - Text 'Tender Type' is present on page  using regular expression

2024-07-12 22:35:01 - [TEST_STEP][PASSED] - verifyTextPresent("Credit Card", true): Text 'Credit Card' is present on page  using regular expression

2024-07-12 22:35:01 - [MESSAGE][PASSED] - Text 'Credit Card' is present on page  using regular expression

2024-07-12 22:35:01 - [TEST_STEP][PASSED] - verifyTextPresent("Transaction Type", true): Text 'Transaction Type' is present on page  using regular expression

2024-07-12 22:35:01 - [MESSAGE][PASSED] - Text 'Transaction Type' is present on page  using regular expression

2024-07-12 22:35:01 - [TEST_STEP][PASSED] - verifyTextPresent("Authorization and Capture", true): Text 'Authorization and Capture' is present on page  using regular expression

2024-07-12 22:35:02 - [MESSAGE][PASSED] - Text 'Authorization and Capture' is present on page  using regular expression

2024-07-12 22:35:02 - [TEST_STEP][PASSED] - verifyTextPresent("Transaction Posted by", true): Text 'Transaction Posted by' is present on page  using regular expression

2024-07-12 22:35:02 - [MESSAGE][PASSED] - Text 'Transaction Posted by' is present on page  using regular expression

2024-07-12 22:35:02 - [TEST_STEP][PASSED] - verifyTextPresent("iahmed", true): Text 'iahmed' is present on page  using regular expression

2024-07-12 22:35:02 - [MESSAGE][PASSED] - Text 'iahmed' is present on page  using regular expression

2024-07-12 22:35:02 - [TEST_STEP][PASSED] - click(findTestObject(path_TranxDetails + "a_Void this transaction")): Object: 'Object Repository/AdminSuiteBootstrap_Pages/VT_Bootstrap/TransactionDetails/a_Void this transaction' is clicked on

2024-07-12 22:35:03 - [MESSAGE][PASSED] - Object: 'Object Repository/AdminSuiteBootstrap_Pages/VT_Bootstrap/TransactionDetails/a_Void this transaction' is clicked on

2024-07-12 22:35:03 - [TEST_STEP][PASSED] - verifyTextPresent("The following transaction will be voided", true): Text 'The following transaction will be voided' is present on page  using regular expression

2024-07-12 22:35:04 - [MESSAGE][PASSED] - Text 'The following transaction will be voided' is present on page  using regular expression

2024-07-12 22:35:04 - [TEST_STEP][PASSED] - verifyTextPresent("Please press submit to continue", true): Text 'Please press submit to continue' is present on page  using regular expression

2024-07-12 22:35:04 - [MESSAGE][PASSED] - Text 'Please press submit to continue' is present on page  using regular expression

2024-07-12 22:35:04 - [TEST_STEP][PASSED] - click(findTestObject(path_TranxDetails + "button_Submit")): Object: 'Object Repository/AdminSuiteBootstrap_Pages/VT_Bootstrap/TransactionDetails/button_Submit' is clicked on

2024-07-12 22:35:05 - [MESSAGE][PASSED] - Object: 'Object Repository/AdminSuiteBootstrap_Pages/VT_Bootstrap/TransactionDetails/button_Submit' is clicked on

2024-07-12 22:35:05 - [TEST_STEP][PASSED] - verifyTextPresent("Transaction Successful", true): Text 'Transaction Successful' is present on page  using regular expression

2024-07-12 22:35:06 - [MESSAGE][PASSED] - Text 'Transaction Successful' is present on page  using regular expression

2024-07-12 22:35:06 - [TEST_STEP][PASSED] - verifyTextPresent("Transaction Type", true): Text 'Transaction Type' is present on page  using regular expression

2024-07-12 22:35:06 - [MESSAGE][PASSED] - Text 'Transaction Type' is present on page  using regular expression

2024-07-12 22:35:06 - [TEST_STEP][PASSED] - verifyTextPresent("Void", true): Text 'Void' is present on page  using regular expression

2024-07-12 22:35:07 - [MESSAGE][PASSED] - Text 'Void' is present on page  using regular expression

2024-07-12 22:35:07 - [TEST_STEP][PASSED] - closeBrowser(): Browser is closed

2024-07-12 22:35:08 - [MESSAGE][PASSED] - Browser is closed

2024-07-12 22:35:08 - [TEST_STEP][PASSED] - ExecuteTC = findTestData(dataFile).getValue("Execute", row): null

2024-07-12 22:35:08 - [TEST_STEP][PASSED] - out.println("Value of Execute is : " + ExecuteTC): null

2024-07-12 22:35:08 - [TEST_STEP][PASSED] - switch (executionProfile): null

2024-07-12 22:35:08 - [TEST_STEP][PASSED] - case "QA2Profile":: null

2024-07-12 22:35:08 - [TEST_STEP][PASSED] - appName = findTestData(dataFile).getValue("AppNameQA", row): null

2024-07-12 22:35:08 - [TEST_STEP][PASSED] - appID = findTestData(dataFile).getValue("AppIDQA", row): null

2024-07-12 22:35:08 - [TEST_STEP][PASSED] - break: null

2024-07-12 22:35:08 - [TEST_STEP][PASSED] - hrefAppID = li_1 + appID + li_2: null

2024-07-12 22:35:08 - [TEST_STEP][PASSED] - hrefApp = li_1 + appID + "/": null

2024-07-12 22:35:08 - [TEST_STEP][PASSED] - println("hrefApp : " + hrefApp): null

2024-07-12 22:35:08 - [TEST_STEP][PASSED] - if (ExecuteTC.equalsIgnoreCase("Y")): null

2024-07-12 22:35:08 - [TEST_STEP][PASSED] - out.println("Begin Record Number: " + row): null

2024-07-12 22:35:08 - [TEST_STEP][PASSED] - today = new java.util.Date(): null

2024-07-12 22:35:08 - [TEST_STEP][PASSED] - println(today): null

2024-07-12 22:35:08 - [TEST_STEP][PASSED] - datText = today: null

2024-07-12 22:35:08 - [TEST_STEP][PASSED] - adminSuiteBootstrap.loginFunctionality.login_AdminSuite(): adminSuiteBootstrap.loginFunctionality.login_AdminSuite is PASSED

2024-07-12 22:35:08 - [MESSAGE][INFO] - Starting 'Chrome' driver

2024-07-12 22:35:08 - [MESSAGE][INFO] - User set preference: ['acceptInsecureCerts', 'true']

2024-07-12 22:35:08 - [MESSAGE][INFO] - Action delay is set to 0 milliseconds

2024-07-12 22:35:11 - [MESSAGE][PASSED] - Browser is opened with url: 'https://qa2.velocitypayment.com/admin/imtiaz'

2024-07-12 22:35:11 - [MESSAGE][PASSED] - Current window maximized

2024-07-12 22:35:12 - [MESSAGE][PASSED] - Object 'Object Repository/Login_Page/Login_Username_Okta' is present

2024-07-12 22:35:12 - [MESSAGE][PASSED] - Text 'iahmed' is set on object 'Object Repository/Login_Page/Login_Username_Okta'

2024-07-12 22:35:13 - [MESSAGE][PASSED] - Text 'Hello!6666666' is set on object 'Object Repository/Login_Page/Login_Password_Okta'

2024-07-12 22:35:14 - [MESSAGE][PASSED] - Object: 'Object Repository/Login_Page/Login_Submit_Okta' is clicked on

2024-07-12 22:35:14 - [MESSAGE][PASSED] - adminSuiteBootstrap.loginFunctionality.login_AdminSuite is PASSED

2024-07-12 22:35:14 - [TEST_STEP][PASSED] - click(findTestObject(path_Dashboard + appName)): Object: 'Object Repository/AdminSuiteBootstrap_Pages/Dashboard_Bootstrap/a_Access AutoNoCFtp' is clicked on

2024-07-12 22:35:21 - [MESSAGE][PASSED] - Object: 'Object Repository/AdminSuiteBootstrap_Pages/Dashboard_Bootstrap/a_Access AutoNoCFtp' is clicked on

2024-07-12 22:35:21 - [TEST_STEP][PASSED] - click(findTestObject(path_VT + "button_Authorization  Capture (Sale)")): Object: 'Object Repository/AdminSuiteBootstrap_Pages/VT_Bootstrap/IssueTransactions/button_Authorization  Capture (Sale)' is clicked on

2024-07-12 22:35:22 - [MESSAGE][PASSED] - Object: 'Object Repository/AdminSuiteBootstrap_Pages/VT_Bootstrap/IssueTransactions/button_Authorization  Capture (Sale)' is clicked on

2024-07-12 22:35:22 - [TEST_STEP][PASSED] - saleKeyboardEntryLink = modifyObjectProperty(findTestObject(path_VT + "a_KeyboardEntry_Sale"), "href", "equals", hrefAppID, true): Modify property of object successfully

2024-07-12 22:35:22 - [MESSAGE][PASSED] - Modify property of object successfully

2024-07-12 22:35:22 - [TEST_STEP][PASSED] - click(saleKeyboardEntryLink): Object: 'Object Repository/AdminSuiteBootstrap_Pages/VT_Bootstrap/IssueTransactions/a_KeyboardEntry_Sale' is clicked on

2024-07-12 22:35:23 - [MESSAGE][PASSED] - Object: 'Object Repository/AdminSuiteBootstrap_Pages/VT_Bootstrap/IssueTransactions/a_KeyboardEntry_Sale' is clicked on

2024-07-12 22:35:23 - [TEST_STEP][PASSED] - adminSuiteBootstrap.virtualTerminalSetData.saleKeyboard_DataDriven(row, dataFile): adminSuiteBootstrap.virtualTerminalSetData.saleKeyboard_DataDriven is PASSED

2024-07-12 22:35:26 - [MESSAGE][PASSED] - Text 'Tulsi Raman' is set on object 'Object Repository/AdminSuiteBootstrap_Pages/VT_Bootstrap/SaleKeyboard/input_cardName'

2024-07-12 22:35:27 - [MESSAGE][PASSED] - All options with value 'RETL' are selected in object 'Object Repository/AdminSuiteBootstrap_Pages/VT_Bootstrap/SaleKeyboard/select_transactionCategory'  using regular expression

2024-07-12 22:35:28 - [MESSAGE][PASSED] - Execute JavaScript 'arguments[0].value ='5146312200000035' ' successfully

2024-07-12 22:35:28 - [MESSAGE][PASSED] - Execute JavaScript 'arguments[0].value ='123' ' successfully

2024-07-12 22:35:29 - [MESSAGE][PASSED] - All options with value '12' are selected in object 'Object Repository/AdminSuiteBootstrap_Pages/VT_Bootstrap/SaleKeyboard/select_MM'  using regular expression

2024-07-12 22:35:30 - [MESSAGE][PASSED] - All options with value '2025' are selected in object 'Object Repository/AdminSuiteBootstrap_Pages/VT_Bootstrap/SaleKeyboard/select_YYYY'  using regular expression

2024-07-12 22:35:31 - [MESSAGE][PASSED] - Text '1478 Jhatka Palace' is set on object 'Object Repository/AdminSuiteBootstrap_Pages/VT_Bootstrap/SaleKeyboard/input__address'

2024-07-12 22:35:32 - [MESSAGE][PASSED] - Text 'Suite 500' is set on object 'Object Repository/AdminSuiteBootstrap_Pages/VT_Bootstrap/SaleKeyboard/input__address2'

2024-07-12 22:35:33 - [MESSAGE][PASSED] - Text '22201' is set on object 'Object Repository/AdminSuiteBootstrap_Pages/VT_Bootstrap/SaleKeyboard/input__zip'

2024-07-12 22:35:33 - [MESSAGE][PASSED] - Text '' is set on object 'Object Repository/AdminSuiteBootstrap_Pages/VT_Bootstrap/SaleKeyboard/input_emailAddress'

2024-07-12 22:35:35 - [MESSAGE][PASSED] - Text '' is set on object 'Object Repository/AdminSuiteBootstrap_Pages/VT_Bootstrap/SaleKeyboard/input_smsNumber'

2024-07-12 22:35:35 - [MESSAGE][PASSED] - Text '10.50' is set on object 'Object Repository/AdminSuiteBootstrap_Pages/VT_Bootstrap/SaleKeyboard/input_amount'

2024-07-12 22:35:36 - [MESSAGE][PASSED] - Text 'Australia' is set on object 'Object Repository/AdminSuiteBootstrap_Pages/VT_Bootstrap/SaleKeyboard/input_userDefined1'

2024-07-12 22:35:37 - [MESSAGE][PASSED] - Text 'Denmark' is set on object 'Object Repository/AdminSuiteBootstrap_Pages/VT_Bootstrap/SaleKeyboard/input_userDefined2'

2024-07-12 22:35:38 - [MESSAGE][PASSED] - Text 'Sweden' is set on object 'Object Repository/AdminSuiteBootstrap_Pages/VT_Bootstrap/SaleKeyboard/input_userDefined3'

2024-07-12 22:35:38 - [MESSAGE][PASSED] - Text 'Austria' is set on object 'Object Repository/AdminSuiteBootstrap_Pages/VT_Bootstrap/SaleKeyboard/input_userDefined4'

2024-07-12 22:35:39 - [MESSAGE][PASSED] - All options with label 'Orange' are selected in object 'Object Repository/AdminSuiteBootstrap_Pages/VT_Bootstrap/SaleKeyboard/select_UDF5_DropDown'  using regular expression

2024-07-12 22:35:40 - [MESSAGE][PASSED] - All options with label 'Yellow' are selected in object 'Object Repository/AdminSuiteBootstrap_Pages/VT_Bootstrap/SaleKeyboard/select_UDF6_DropDown'  using regular expression

2024-07-12 22:35:41 - [MESSAGE][PASSED] - Text 'Norway' is set on object 'Object Repository/AdminSuiteBootstrap_Pages/VT_Bootstrap/SaleKeyboard/input_userDefined7'

2024-07-12 22:35:42 - [MESSAGE][PASSED] - Text 'Netherlands' is set on object 'Object Repository/AdminSuiteBootstrap_Pages/VT_Bootstrap/SaleKeyboard/input_userDefined8'

2024-07-12 22:35:43 - [MESSAGE][PASSED] - Text 'Switzerland' is set on object 'Object Repository/AdminSuiteBootstrap_Pages/VT_Bootstrap/SaleKeyboard/input_userDefined9'

2024-07-12 22:35:43 - [MESSAGE][PASSED] - Text 'France' is set on object 'Object Repository/AdminSuiteBootstrap_Pages/VT_Bootstrap/SaleKeyboard/input_userDefined10'

2024-07-12 22:35:45 - [MESSAGE][PASSED] - Object: 'Object Repository/AdminSuiteBootstrap_Pages/VT_Bootstrap/SaleKeyboard/button_Submit' is clicked on

2024-07-12 22:35:45 - [MESSAGE][PASSED] - adminSuiteBootstrap.virtualTerminalSetData.saleKeyboard_DataDriven is PASSED

2024-07-12 22:35:45 - [TEST_STEP][PASSED] - if (verifyTextPresent("Transaction Successful", true)): null

2024-07-12 22:35:45 - [MESSAGE][PASSED] - Text 'Transaction Successful' is present on page  using regular expression

2024-07-12 22:35:45 - [TEST_STEP][PASSED] - sdf = getText(findTestObject(path_Receipt + "td_AutoNoC031622113752957Ahm")): Text of object 'Object Repository/AdminSuiteBootstrap_Pages/VT_Bootstrap/Receipt/td_AutoNoC031622113752957Ahm' is: 'AutoNoC071224222814143Ahm'

2024-07-12 22:35:46 - [MESSAGE][PASSED] - Text of object 'Object Repository/AdminSuiteBootstrap_Pages/VT_Bootstrap/Receipt/td_AutoNoC031622113752957Ahm' is: 'AutoNoC071224222814143Ahm'

2024-07-12 22:35:46 - [TEST_STEP][PASSED] - out.println("sdf: " + sdf): null

2024-07-12 22:35:46 - [TEST_STEP][PASSED] - remID = sdf: null

2024-07-12 22:35:46 - [TEST_STEP][PASSED] - out.println("remID: " + remID): null

2024-07-12 22:35:46 - [TEST_STEP][PASSED] - click(findTestObject(path_Receipt + "button_Continue")): Object: 'Object Repository/AdminSuiteBootstrap_Pages/VT_Bootstrap/Receipt/button_Continue' is clicked on

2024-07-12 22:35:46 - [MESSAGE][PASSED] - Object: 'Object Repository/AdminSuiteBootstrap_Pages/VT_Bootstrap/Receipt/button_Continue' is clicked on

2024-07-12 22:35:46 - [TEST_STEP][PASSED] - click(findTestObject(path_VT + "a_Search Transactions")): Object: 'Object Repository/AdminSuiteBootstrap_Pages/VT_Bootstrap/IssueTransactions/a_Search Transactions' is clicked on

2024-07-12 22:35:47 - [MESSAGE][PASSED] - Object: 'Object Repository/AdminSuiteBootstrap_Pages/VT_Bootstrap/IssueTransactions/a_Search Transactions' is clicked on

2024-07-12 22:35:47 - [TEST_STEP][PASSED] - setText(findTestObject(path_CCSearch + "input_Search By_searchValue"), remID): Text 'AutoNoC071224222814143Ahm' is set on object 'Object Repository/AdminSuiteBootstrap_Pages/VT_Bootstrap/CCCreditOrVoidSearch/input_Search By_searchValue'

2024-07-12 22:35:48 - [MESSAGE][PASSED] - Text 'AutoNoC071224222814143Ahm' is set on object 'Object Repository/AdminSuiteBootstrap_Pages/VT_Bootstrap/CCCreditOrVoidSearch/input_Search By_searchValue'

2024-07-12 22:35:48 - [TEST_STEP][PASSED] - click(findTestObject(path_CCSearch + "button_Submit")): Object: 'Object Repository/AdminSuiteBootstrap_Pages/VT_Bootstrap/CCCreditOrVoidSearch/button_Submit' is clicked on

2024-07-12 22:35:49 - [MESSAGE][PASSED] - Object: 'Object Repository/AdminSuiteBootstrap_Pages/VT_Bootstrap/CCCreditOrVoidSearch/button_Submit' is clicked on

2024-07-12 22:35:49 - [TEST_STEP][PASSED] - fgr = getText(findTestObject(path_SearchResults + "div_Payment ID")): Text of object 'Object Repository/AdminSuiteBootstrap_Pages/VT_Bootstrap/SearchResults/div_Payment ID' is: 'Payment ID
Payment Type
Transaction Type
Remittance ID
Name
Total Amount
End Date
Status
12154762 Credit Card Authorization and Capture AutoNoC071224222814143Ahm Tulsi Raman $10.50 07/12/2024 Success'

2024-07-12 22:35:50 - [MESSAGE][PASSED] - Text of object 'Object Repository/AdminSuiteBootstrap_Pages/VT_Bootstrap/SearchResults/div_Payment ID' is: 'Payment ID
Payment Type
Transaction Type
Remittance ID
Name
Total Amount
End Date
Status
12154762 Credit Card Authorization and Capture AutoNoC071224222814143Ahm Tulsi Raman $10.50 07/12/2024 Success'

2024-07-12 22:35:50 - [TEST_STEP][PASSED] - payID = substring(89, 98).trim(): null

2024-07-12 22:35:50 - [TEST_STEP][PASSED] - out.println("payID: " + payID): null

2024-07-12 22:35:50 - [TEST_STEP][PASSED] - click(findTestObject(path_SearchResults + "button_PaymentID")): Object: 'Object Repository/AdminSuiteBootstrap_Pages/VT_Bootstrap/SearchResults/button_PaymentID' is clicked on

2024-07-12 22:35:50 - [MESSAGE][PASSED] - Object: 'Object Repository/AdminSuiteBootstrap_Pages/VT_Bootstrap/SearchResults/button_PaymentID' is clicked on

2024-07-12 22:35:50 - [TEST_STEP][PASSED] - verifyTextPresent("Tender Type", true): Text 'Tender Type' is present on page  using regular expression

2024-07-12 22:35:51 - [MESSAGE][PASSED] - Text 'Tender Type' is present on page  using regular expression

2024-07-12 22:35:51 - [TEST_STEP][PASSED] - verifyTextPresent("Credit Card", true): Text 'Credit Card' is present on page  using regular expression

2024-07-12 22:35:51 - [MESSAGE][PASSED] - Text 'Credit Card' is present on page  using regular expression

2024-07-12 22:35:51 - [TEST_STEP][PASSED] - verifyTextPresent("Transaction Type", true): Text 'Transaction Type' is present on page  using regular expression

2024-07-12 22:35:52 - [MESSAGE][PASSED] - Text 'Transaction Type' is present on page  using regular expression

2024-07-12 22:35:52 - [TEST_STEP][PASSED] - verifyTextPresent("Authorization and Capture", true): Text 'Authorization and Capture' is present on page  using regular expression

2024-07-12 22:35:52 - [MESSAGE][PASSED] - Text 'Authorization and Capture' is present on page  using regular expression

2024-07-12 22:35:52 - [TEST_STEP][PASSED] - verifyTextPresent("Transaction Posted by", true): Text 'Transaction Posted by' is present on page  using regular expression

2024-07-12 22:35:52 - [MESSAGE][PASSED] - Text 'Transaction Posted by' is present on page  using regular expression

2024-07-12 22:35:52 - [TEST_STEP][PASSED] - verifyTextPresent("iahmed", true): Text 'iahmed' is present on page  using regular expression

2024-07-12 22:35:53 - [MESSAGE][PASSED] - Text 'iahmed' is present on page  using regular expression

2024-07-12 22:35:53 - [TEST_STEP][PASSED] - click(findTestObject(path_TranxDetails + "a_Void this transaction")): Object: 'Object Repository/AdminSuiteBootstrap_Pages/VT_Bootstrap/TransactionDetails/a_Void this transaction' is clicked on

2024-07-12 22:35:54 - [MESSAGE][PASSED] - Object: 'Object Repository/AdminSuiteBootstrap_Pages/VT_Bootstrap/TransactionDetails/a_Void this transaction' is clicked on

2024-07-12 22:35:54 - [TEST_STEP][PASSED] - verifyTextPresent("The following transaction will be voided", true): Text 'The following transaction will be voided' is present on page  using regular expression

2024-07-12 22:35:54 - [MESSAGE][PASSED] - Text 'The following transaction will be voided' is present on page  using regular expression

2024-07-12 22:35:54 - [TEST_STEP][PASSED] - verifyTextPresent("Please press submit to continue", true): Text 'Please press submit to continue' is present on page  using regular expression

2024-07-12 22:35:54 - [MESSAGE][PASSED] - Text 'Please press submit to continue' is present on page  using regular expression

2024-07-12 22:35:54 - [TEST_STEP][PASSED] - click(findTestObject(path_TranxDetails + "button_Submit")): Object: 'Object Repository/AdminSuiteBootstrap_Pages/VT_Bootstrap/TransactionDetails/button_Submit' is clicked on

2024-07-12 22:35:56 - [MESSAGE][PASSED] - Object: 'Object Repository/AdminSuiteBootstrap_Pages/VT_Bootstrap/TransactionDetails/button_Submit' is clicked on

2024-07-12 22:35:56 - [TEST_STEP][PASSED] - verifyTextPresent("Transaction Successful", true): Text 'Transaction Successful' is present on page  using regular expression

2024-07-12 22:35:56 - [MESSAGE][PASSED] - Text 'Transaction Successful' is present on page  using regular expression

2024-07-12 22:35:56 - [TEST_STEP][PASSED] - verifyTextPresent("Transaction Type", true): Text 'Transaction Type' is present on page  using regular expression

2024-07-12 22:35:57 - [MESSAGE][PASSED] - Text 'Transaction Type' is present on page  using regular expression

2024-07-12 22:35:57 - [TEST_STEP][PASSED] - verifyTextPresent("Void", true): Text 'Void' is present on page  using regular expression

2024-07-12 22:35:57 - [MESSAGE][PASSED] - Text 'Void' is present on page  using regular expression

2024-07-12 22:35:57 - [TEST_STEP][PASSED] - closeBrowser(): Browser is closed

2024-07-12 22:35:58 - [MESSAGE][PASSED] - Browser is closed

2024-07-12 22:35:58 - [TEST_STEP][PASSED] - ExecuteTC = findTestData(dataFile).getValue("Execute", row): null

2024-07-12 22:35:58 - [TEST_STEP][PASSED] - out.println("Value of Execute is : " + ExecuteTC): null

2024-07-12 22:35:58 - [TEST_STEP][PASSED] - switch (executionProfile): null

2024-07-12 22:35:58 - [TEST_STEP][PASSED] - case "QA2Profile":: null

2024-07-12 22:35:58 - [TEST_STEP][PASSED] - appName = findTestData(dataFile).getValue("AppNameQA", row): null

2024-07-12 22:35:58 - [TEST_STEP][PASSED] - appID = findTestData(dataFile).getValue("AppIDQA", row): null

2024-07-12 22:35:58 - [TEST_STEP][PASSED] - break: null

2024-07-12 22:35:58 - [TEST_STEP][PASSED] - hrefAppID = li_1 + appID + li_2: null

2024-07-12 22:35:58 - [TEST_STEP][PASSED] - hrefApp = li_1 + appID + "/": null

2024-07-12 22:35:58 - [TEST_STEP][PASSED] - println("hrefApp : " + hrefApp): null

2024-07-12 22:35:58 - [TEST_STEP][PASSED] - if (ExecuteTC.equalsIgnoreCase("Y")): null

2024-07-12 22:35:58 - [TEST_STEP][PASSED] - out.println("Begin Record Number: " + row): null

2024-07-12 22:35:58 - [TEST_STEP][PASSED] - today = new java.util.Date(): null

2024-07-12 22:35:58 - [TEST_STEP][PASSED] - println(today): null

2024-07-12 22:35:58 - [TEST_STEP][PASSED] - datText = today: null

2024-07-12 22:35:58 - [TEST_STEP][PASSED] - adminSuiteBootstrap.loginFunctionality.login_AdminSuite(): adminSuiteBootstrap.loginFunctionality.login_AdminSuite is PASSED

2024-07-12 22:35:58 - [MESSAGE][INFO] - Starting 'Chrome' driver

2024-07-12 22:35:58 - [MESSAGE][INFO] - User set preference: ['acceptInsecureCerts', 'true']

2024-07-12 22:35:58 - [MESSAGE][INFO] - Action delay is set to 0 milliseconds

2024-07-12 22:36:01 - [MESSAGE][PASSED] - Browser is opened with url: 'https://qa2.velocitypayment.com/admin/imtiaz'

2024-07-12 22:36:01 - [MESSAGE][PASSED] - Current window maximized

2024-07-12 22:36:02 - [MESSAGE][PASSED] - Object 'Object Repository/Login_Page/Login_Username_Okta' is present

2024-07-12 22:36:03 - [MESSAGE][PASSED] - Text 'iahmed' is set on object 'Object Repository/Login_Page/Login_Username_Okta'

2024-07-12 22:36:04 - [MESSAGE][PASSED] - Text 'Hello!6666666' is set on object 'Object Repository/Login_Page/Login_Password_Okta'

2024-07-12 22:36:04 - [MESSAGE][PASSED] - Object: 'Object Repository/Login_Page/Login_Submit_Okta' is clicked on

2024-07-12 22:36:04 - [MESSAGE][PASSED] - adminSuiteBootstrap.loginFunctionality.login_AdminSuite is PASSED

2024-07-12 22:36:04 - [TEST_STEP][PASSED] - click(findTestObject(path_Dashboard + appName)): Object: 'Object Repository/AdminSuiteBootstrap_Pages/Dashboard_Bootstrap/a_Access AutoNoCFtp' is clicked on

2024-07-12 22:36:12 - [MESSAGE][PASSED] - Object: 'Object Repository/AdminSuiteBootstrap_Pages/Dashboard_Bootstrap/a_Access AutoNoCFtp' is clicked on

2024-07-12 22:36:12 - [TEST_STEP][PASSED] - click(findTestObject(path_VT + "button_Authorization  Capture (Sale)")): Object: 'Object Repository/AdminSuiteBootstrap_Pages/VT_Bootstrap/IssueTransactions/button_Authorization  Capture (Sale)' is clicked on

2024-07-12 22:36:12 - [MESSAGE][PASSED] - Object: 'Object Repository/AdminSuiteBootstrap_Pages/VT_Bootstrap/IssueTransactions/button_Authorization  Capture (Sale)' is clicked on

2024-07-12 22:36:12 - [TEST_STEP][PASSED] - saleKeyboardEntryLink = modifyObjectProperty(findTestObject(path_VT + "a_KeyboardEntry_Sale"), "href", "equals", hrefAppID, true): Modify property of object successfully

2024-07-12 22:36:12 - [MESSAGE][PASSED] - Modify property of object successfully

2024-07-12 22:36:12 - [TEST_STEP][PASSED] - click(saleKeyboardEntryLink): Object: 'Object Repository/AdminSuiteBootstrap_Pages/VT_Bootstrap/IssueTransactions/a_KeyboardEntry_Sale' is clicked on

2024-07-12 22:36:13 - [MESSAGE][PASSED] - Object: 'Object Repository/AdminSuiteBootstrap_Pages/VT_Bootstrap/IssueTransactions/a_KeyboardEntry_Sale' is clicked on

2024-07-12 22:36:13 - [TEST_STEP][PASSED] - adminSuiteBootstrap.virtualTerminalSetData.saleKeyboard_DataDriven(row, dataFile): adminSuiteBootstrap.virtualTerminalSetData.saleKeyboard_DataDriven is PASSED

2024-07-12 22:36:17 - [MESSAGE][PASSED] - Text 'Tulsi Raman' is set on object 'Object Repository/AdminSuiteBootstrap_Pages/VT_Bootstrap/SaleKeyboard/input_cardName'

2024-07-12 22:36:18 - [MESSAGE][PASSED] - All options with value 'RETL' are selected in object 'Object Repository/AdminSuiteBootstrap_Pages/VT_Bootstrap/SaleKeyboard/select_transactionCategory'  using regular expression

2024-07-12 22:36:18 - [MESSAGE][PASSED] - Execute JavaScript 'arguments[0].value ='371449635392376' ' successfully

2024-07-12 22:36:19 - [MESSAGE][PASSED] - Execute JavaScript 'arguments[0].value ='123' ' successfully

2024-07-12 22:36:20 - [MESSAGE][PASSED] - All options with value '12' are selected in object 'Object Repository/AdminSuiteBootstrap_Pages/VT_Bootstrap/SaleKeyboard/select_MM'  using regular expression

2024-07-12 22:36:21 - [MESSAGE][PASSED] - All options with value '2025' are selected in object 'Object Repository/AdminSuiteBootstrap_Pages/VT_Bootstrap/SaleKeyboard/select_YYYY'  using regular expression

2024-07-12 22:36:22 - [MESSAGE][PASSED] - Text '550 Swan Lake' is set on object 'Object Repository/AdminSuiteBootstrap_Pages/VT_Bootstrap/SaleKeyboard/input__address'

2024-07-12 22:36:22 - [MESSAGE][PASSED] - Text 'Suite 500' is set on object 'Object Repository/AdminSuiteBootstrap_Pages/VT_Bootstrap/SaleKeyboard/input__address2'

2024-07-12 22:36:23 - [MESSAGE][PASSED] - Text '22201' is set on object 'Object Repository/AdminSuiteBootstrap_Pages/VT_Bootstrap/SaleKeyboard/input__zip'

2024-07-12 22:36:24 - [MESSAGE][PASSED] - Text '' is set on object 'Object Repository/AdminSuiteBootstrap_Pages/VT_Bootstrap/SaleKeyboard/input_emailAddress'

2024-07-12 22:36:25 - [MESSAGE][PASSED] - Text '' is set on object 'Object Repository/AdminSuiteBootstrap_Pages/VT_Bootstrap/SaleKeyboard/input_smsNumber'

2024-07-12 22:36:26 - [MESSAGE][PASSED] - Text '10.50' is set on object 'Object Repository/AdminSuiteBootstrap_Pages/VT_Bootstrap/SaleKeyboard/input_amount'

2024-07-12 22:36:26 - [MESSAGE][PASSED] - Text 'Australia' is set on object 'Object Repository/AdminSuiteBootstrap_Pages/VT_Bootstrap/SaleKeyboard/input_userDefined1'

2024-07-12 22:36:27 - [MESSAGE][PASSED] - Text 'Denmark' is set on object 'Object Repository/AdminSuiteBootstrap_Pages/VT_Bootstrap/SaleKeyboard/input_userDefined2'

2024-07-12 22:36:28 - [MESSAGE][PASSED] - Text 'Sweden' is set on object 'Object Repository/AdminSuiteBootstrap_Pages/VT_Bootstrap/SaleKeyboard/input_userDefined3'

2024-07-12 22:36:29 - [MESSAGE][PASSED] - Text 'Austria' is set on object 'Object Repository/AdminSuiteBootstrap_Pages/VT_Bootstrap/SaleKeyboard/input_userDefined4'

2024-07-12 22:36:30 - [MESSAGE][PASSED] - All options with label 'Orange' are selected in object 'Object Repository/AdminSuiteBootstrap_Pages/VT_Bootstrap/SaleKeyboard/select_UDF5_DropDown'  using regular expression

2024-07-12 22:36:31 - [MESSAGE][PASSED] - All options with label 'Yellow' are selected in object 'Object Repository/AdminSuiteBootstrap_Pages/VT_Bootstrap/SaleKeyboard/select_UDF6_DropDown'  using regular expression

2024-07-12 22:36:31 - [MESSAGE][PASSED] - Text 'Norway' is set on object 'Object Repository/AdminSuiteBootstrap_Pages/VT_Bootstrap/SaleKeyboard/input_userDefined7'

2024-07-12 22:36:32 - [MESSAGE][PASSED] - Text 'Netherlands' is set on object 'Object Repository/AdminSuiteBootstrap_Pages/VT_Bootstrap/SaleKeyboard/input_userDefined8'

2024-07-12 22:36:33 - [MESSAGE][PASSED] - Text 'Switzerland' is set on object 'Object Repository/AdminSuiteBootstrap_Pages/VT_Bootstrap/SaleKeyboard/input_userDefined9'

2024-07-12 22:36:33 - [MESSAGE][PASSED] - Text 'France' is set on object 'Object Repository/AdminSuiteBootstrap_Pages/VT_Bootstrap/SaleKeyboard/input_userDefined10'

2024-07-12 22:36:35 - [MESSAGE][PASSED] - Object: 'Object Repository/AdminSuiteBootstrap_Pages/VT_Bootstrap/SaleKeyboard/button_Submit' is clicked on

2024-07-12 22:36:35 - [MESSAGE][PASSED] - adminSuiteBootstrap.virtualTerminalSetData.saleKeyboard_DataDriven is PASSED

2024-07-12 22:36:35 - [TEST_STEP][PASSED] - if (verifyTextPresent("Transaction Successful", true)): null

2024-07-12 22:36:35 - [MESSAGE][PASSED] - Text 'Transaction Successful' is present on page  using regular expression

2024-07-12 22:36:35 - [TEST_STEP][PASSED] - sdf = getText(findTestObject(path_Receipt + "td_AutoNoC031622113752957Ahm")): Text of object 'Object Repository/AdminSuiteBootstrap_Pages/VT_Bootstrap/Receipt/td_AutoNoC031622113752957Ahm' is: 'AutoNoC071224222904458Ahm'

2024-07-12 22:36:36 - [MESSAGE][PASSED] - Text of object 'Object Repository/AdminSuiteBootstrap_Pages/VT_Bootstrap/Receipt/td_AutoNoC031622113752957Ahm' is: 'AutoNoC071224222904458Ahm'

2024-07-12 22:36:36 - [TEST_STEP][PASSED] - out.println("sdf: " + sdf): null

2024-07-12 22:36:36 - [TEST_STEP][PASSED] - remID = sdf: null

2024-07-12 22:36:36 - [TEST_STEP][PASSED] - out.println("remID: " + remID): null

2024-07-12 22:36:36 - [TEST_STEP][PASSED] - click(findTestObject(path_Receipt + "button_Continue")): Object: 'Object Repository/AdminSuiteBootstrap_Pages/VT_Bootstrap/Receipt/button_Continue' is clicked on

2024-07-12 22:36:36 - [MESSAGE][PASSED] - Object: 'Object Repository/AdminSuiteBootstrap_Pages/VT_Bootstrap/Receipt/button_Continue' is clicked on

2024-07-12 22:36:37 - [TEST_STEP][PASSED] - click(findTestObject(path_VT + "a_Search Transactions")): Object: 'Object Repository/AdminSuiteBootstrap_Pages/VT_Bootstrap/IssueTransactions/a_Search Transactions' is clicked on

2024-07-12 22:36:37 - [MESSAGE][PASSED] - Object: 'Object Repository/AdminSuiteBootstrap_Pages/VT_Bootstrap/IssueTransactions/a_Search Transactions' is clicked on

2024-07-12 22:36:37 - [TEST_STEP][PASSED] - setText(findTestObject(path_CCSearch + "input_Search By_searchValue"), remID): Text 'AutoNoC071224222904458Ahm' is set on object 'Object Repository/AdminSuiteBootstrap_Pages/VT_Bootstrap/CCCreditOrVoidSearch/input_Search By_searchValue'

2024-07-12 22:36:38 - [MESSAGE][PASSED] - Text 'AutoNoC071224222904458Ahm' is set on object 'Object Repository/AdminSuiteBootstrap_Pages/VT_Bootstrap/CCCreditOrVoidSearch/input_Search By_searchValue'

2024-07-12 22:36:38 - [TEST_STEP][PASSED] - click(findTestObject(path_CCSearch + "button_Submit")): Object: 'Object Repository/AdminSuiteBootstrap_Pages/VT_Bootstrap/CCCreditOrVoidSearch/button_Submit' is clicked on

2024-07-12 22:36:39 - [MESSAGE][PASSED] - Object: 'Object Repository/AdminSuiteBootstrap_Pages/VT_Bootstrap/CCCreditOrVoidSearch/button_Submit' is clicked on

2024-07-12 22:36:39 - [TEST_STEP][PASSED] - fgr = getText(findTestObject(path_SearchResults + "div_Payment ID")): Text of object 'Object Repository/AdminSuiteBootstrap_Pages/VT_Bootstrap/SearchResults/div_Payment ID' is: 'Payment ID
Payment Type
Transaction Type
Remittance ID
Name
Total Amount
End Date
Status
12154764 Credit Card Authorization and Capture AutoNoC071224222904458Ahm Tulsi Raman $10.50 07/12/2024 Success'

2024-07-12 22:36:40 - [MESSAGE][PASSED] - Text of object 'Object Repository/AdminSuiteBootstrap_Pages/VT_Bootstrap/SearchResults/div_Payment ID' is: 'Payment ID
Payment Type
Transaction Type
Remittance ID
Name
Total Amount
End Date
Status
12154764 Credit Card Authorization and Capture AutoNoC071224222904458Ahm Tulsi Raman $10.50 07/12/2024 Success'

2024-07-12 22:36:40 - [TEST_STEP][PASSED] - payID = substring(89, 98).trim(): null

2024-07-12 22:36:40 - [TEST_STEP][PASSED] - out.println("payID: " + payID): null

2024-07-12 22:36:40 - [TEST_STEP][PASSED] - click(findTestObject(path_SearchResults + "button_PaymentID")): Object: 'Object Repository/AdminSuiteBootstrap_Pages/VT_Bootstrap/SearchResults/button_PaymentID' is clicked on

2024-07-12 22:36:40 - [MESSAGE][PASSED] - Object: 'Object Repository/AdminSuiteBootstrap_Pages/VT_Bootstrap/SearchResults/button_PaymentID' is clicked on

2024-07-12 22:36:40 - [TEST_STEP][PASSED] - verifyTextPresent("Tender Type", true): Text 'Tender Type' is present on page  using regular expression

2024-07-12 22:36:41 - [MESSAGE][PASSED] - Text 'Tender Type' is present on page  using regular expression

2024-07-12 22:36:41 - [TEST_STEP][PASSED] - verifyTextPresent("Credit Card", true): Text 'Credit Card' is present on page  using regular expression

2024-07-12 22:36:41 - [MESSAGE][PASSED] - Text 'Credit Card' is present on page  using regular expression

2024-07-12 22:36:41 - [TEST_STEP][PASSED] - verifyTextPresent("Transaction Type", true): Text 'Transaction Type' is present on page  using regular expression

2024-07-12 22:36:42 - [MESSAGE][PASSED] - Text 'Transaction Type' is present on page  using regular expression

2024-07-12 22:36:42 - [TEST_STEP][PASSED] - verifyTextPresent("Authorization and Capture", true): Text 'Authorization and Capture' is present on page  using regular expression

2024-07-12 22:36:42 - [MESSAGE][PASSED] - Text 'Authorization and Capture' is present on page  using regular expression

2024-07-12 22:36:42 - [TEST_STEP][PASSED] - verifyTextPresent("Transaction Posted by", true): Text 'Transaction Posted by' is present on page  using regular expression

2024-07-12 22:36:42 - [MESSAGE][PASSED] - Text 'Transaction Posted by' is present on page  using regular expression

2024-07-12 22:36:42 - [TEST_STEP][PASSED] - verifyTextPresent("iahmed", true): Text 'iahmed' is present on page  using regular expression

2024-07-12 22:36:43 - [MESSAGE][PASSED] - Text 'iahmed' is present on page  using regular expression

2024-07-12 22:36:43 - [TEST_STEP][PASSED] - click(findTestObject(path_TranxDetails + "a_Void this transaction")): Object: 'Object Repository/AdminSuiteBootstrap_Pages/VT_Bootstrap/TransactionDetails/a_Void this transaction' is clicked on

2024-07-12 22:36:43 - [MESSAGE][PASSED] - Object: 'Object Repository/AdminSuiteBootstrap_Pages/VT_Bootstrap/TransactionDetails/a_Void this transaction' is clicked on

2024-07-12 22:36:43 - [TEST_STEP][PASSED] - verifyTextPresent("The following transaction will be voided", true): Text 'The following transaction will be voided' is present on page  using regular expression

2024-07-12 22:36:44 - [MESSAGE][PASSED] - Text 'The following transaction will be voided' is present on page  using regular expression

2024-07-12 22:36:44 - [TEST_STEP][PASSED] - verifyTextPresent("Please press submit to continue", true): Text 'Please press submit to continue' is present on page  using regular expression

2024-07-12 22:36:44 - [MESSAGE][PASSED] - Text 'Please press submit to continue' is present on page  using regular expression

2024-07-12 22:36:44 - [TEST_STEP][PASSED] - click(findTestObject(path_TranxDetails + "button_Submit")): Object: 'Object Repository/AdminSuiteBootstrap_Pages/VT_Bootstrap/TransactionDetails/button_Submit' is clicked on

2024-07-12 22:36:45 - [MESSAGE][PASSED] - Object: 'Object Repository/AdminSuiteBootstrap_Pages/VT_Bootstrap/TransactionDetails/button_Submit' is clicked on

2024-07-12 22:36:45 - [TEST_STEP][PASSED] - verifyTextPresent("Transaction Successful", true): Text 'Transaction Successful' is present on page  using regular expression

2024-07-12 22:36:46 - [MESSAGE][PASSED] - Text 'Transaction Successful' is present on page  using regular expression

2024-07-12 22:36:46 - [TEST_STEP][PASSED] - verifyTextPresent("Transaction Type", true): Text 'Transaction Type' is present on page  using regular expression

2024-07-12 22:36:46 - [MESSAGE][PASSED] - Text 'Transaction Type' is present on page  using regular expression

2024-07-12 22:36:46 - [TEST_STEP][PASSED] - verifyTextPresent("Void", true): Text 'Void' is present on page  using regular expression

2024-07-12 22:36:47 - [MESSAGE][PASSED] - Text 'Void' is present on page  using regular expression

2024-07-12 22:36:47 - [TEST_STEP][PASSED] - closeBrowser(): Browser is closed

2024-07-12 22:36:48 - [MESSAGE][PASSED] - Browser is closed

2024-07-12 22:36:48 - [TEST_STEP][PASSED] - ExecuteTC = findTestData(dataFile).getValue("Execute", row): null

2024-07-12 22:36:48 - [TEST_STEP][PASSED] - out.println("Value of Execute is : " + ExecuteTC): null

2024-07-12 22:36:48 - [TEST_STEP][PASSED] - switch (executionProfile): null

2024-07-12 22:36:48 - [TEST_STEP][PASSED] - case "QA2Profile":: null

2024-07-12 22:36:48 - [TEST_STEP][PASSED] - appName = findTestData(dataFile).getValue("AppNameQA", row): null

2024-07-12 22:36:48 - [TEST_STEP][PASSED] - appID = findTestData(dataFile).getValue("AppIDQA", row): null

2024-07-12 22:36:48 - [TEST_STEP][PASSED] - break: null

2024-07-12 22:36:48 - [TEST_STEP][PASSED] - hrefAppID = li_1 + appID + li_2: null

2024-07-12 22:36:48 - [TEST_STEP][PASSED] - hrefApp = li_1 + appID + "/": null

2024-07-12 22:36:48 - [TEST_STEP][PASSED] - println("hrefApp : " + hrefApp): null

2024-07-12 22:36:48 - [TEST_STEP][PASSED] - if (ExecuteTC.equalsIgnoreCase("Y")): null

2024-07-12 22:36:48 - [TEST_STEP][PASSED] - out.println("Begin Record Number: " + row): null

2024-07-12 22:36:48 - [TEST_STEP][PASSED] - today = new java.util.Date(): null

2024-07-12 22:36:48 - [TEST_STEP][PASSED] - println(today): null

2024-07-12 22:36:48 - [TEST_STEP][PASSED] - datText = today: null

2024-07-12 22:36:48 - [TEST_STEP][PASSED] - adminSuiteBootstrap.loginFunctionality.login_AdminSuite(): adminSuiteBootstrap.loginFunctionality.login_AdminSuite is PASSED

2024-07-12 22:36:48 - [MESSAGE][INFO] - Starting 'Chrome' driver

2024-07-12 22:36:48 - [MESSAGE][INFO] - User set preference: ['acceptInsecureCerts', 'true']

2024-07-12 22:36:48 - [MESSAGE][INFO] - Action delay is set to 0 milliseconds

2024-07-12 22:36:51 - [MESSAGE][PASSED] - Browser is opened with url: 'https://qa2.velocitypayment.com/admin/imtiaz'

2024-07-12 22:36:51 - [MESSAGE][PASSED] - Current window maximized

2024-07-12 22:36:52 - [MESSAGE][PASSED] - Object 'Object Repository/Login_Page/Login_Username_Okta' is present

2024-07-12 22:36:52 - [MESSAGE][PASSED] - Text 'iahmed' is set on object 'Object Repository/Login_Page/Login_Username_Okta'

2024-07-12 22:36:53 - [MESSAGE][PASSED] - Text 'Hello!6666666' is set on object 'Object Repository/Login_Page/Login_Password_Okta'

2024-07-12 22:36:54 - [MESSAGE][PASSED] - Object: 'Object Repository/Login_Page/Login_Submit_Okta' is clicked on

2024-07-12 22:36:54 - [MESSAGE][PASSED] - adminSuiteBootstrap.loginFunctionality.login_AdminSuite is PASSED

2024-07-12 22:36:54 - [TEST_STEP][PASSED] - click(findTestObject(path_Dashboard + appName)): Object: 'Object Repository/AdminSuiteBootstrap_Pages/Dashboard_Bootstrap/a_Access AutoNoCFtp' is clicked on

2024-07-12 22:37:02 - [MESSAGE][PASSED] - Object: 'Object Repository/AdminSuiteBootstrap_Pages/Dashboard_Bootstrap/a_Access AutoNoCFtp' is clicked on

2024-07-12 22:37:02 - [TEST_STEP][PASSED] - click(findTestObject(path_VT + "button_Authorization  Capture (Sale)")): Object: 'Object Repository/AdminSuiteBootstrap_Pages/VT_Bootstrap/IssueTransactions/button_Authorization  Capture (Sale)' is clicked on

2024-07-12 22:37:02 - [MESSAGE][PASSED] - Object: 'Object Repository/AdminSuiteBootstrap_Pages/VT_Bootstrap/IssueTransactions/button_Authorization  Capture (Sale)' is clicked on

2024-07-12 22:37:02 - [TEST_STEP][PASSED] - saleKeyboardEntryLink = modifyObjectProperty(findTestObject(path_VT + "a_KeyboardEntry_Sale"), "href", "equals", hrefAppID, true): Modify property of object successfully

2024-07-12 22:37:02 - [MESSAGE][PASSED] - Modify property of object successfully

2024-07-12 22:37:02 - [TEST_STEP][PASSED] - click(saleKeyboardEntryLink): Object: 'Object Repository/AdminSuiteBootstrap_Pages/VT_Bootstrap/IssueTransactions/a_KeyboardEntry_Sale' is clicked on

2024-07-12 22:37:03 - [MESSAGE][PASSED] - Object: 'Object Repository/AdminSuiteBootstrap_Pages/VT_Bootstrap/IssueTransactions/a_KeyboardEntry_Sale' is clicked on

2024-07-12 22:37:03 - [TEST_STEP][PASSED] - adminSuiteBootstrap.virtualTerminalSetData.saleKeyboard_DataDriven(row, dataFile): adminSuiteBootstrap.virtualTerminalSetData.saleKeyboard_DataDriven is PASSED

2024-07-12 22:37:07 - [MESSAGE][PASSED] - Text 'Tulsi Raman' is set on object 'Object Repository/AdminSuiteBootstrap_Pages/VT_Bootstrap/SaleKeyboard/input_cardName'

2024-07-12 22:37:08 - [MESSAGE][PASSED] - All options with value 'RETL' are selected in object 'Object Repository/AdminSuiteBootstrap_Pages/VT_Bootstrap/SaleKeyboard/select_transactionCategory'  using regular expression

2024-07-12 22:37:09 - [MESSAGE][PASSED] - Execute JavaScript 'arguments[0].value ='6011000993026909' ' successfully

2024-07-12 22:37:09 - [MESSAGE][PASSED] - Execute JavaScript 'arguments[0].value ='123' ' successfully

2024-07-12 22:37:10 - [MESSAGE][PASSED] - All options with value '12' are selected in object 'Object Repository/AdminSuiteBootstrap_Pages/VT_Bootstrap/SaleKeyboard/select_MM'  using regular expression

2024-07-12 22:37:11 - [MESSAGE][PASSED] - All options with value '2025' are selected in object 'Object Repository/AdminSuiteBootstrap_Pages/VT_Bootstrap/SaleKeyboard/select_YYYY'  using regular expression

2024-07-12 22:37:12 - [MESSAGE][PASSED] - Text '25987 Hill Top' is set on object 'Object Repository/AdminSuiteBootstrap_Pages/VT_Bootstrap/SaleKeyboard/input__address'

2024-07-12 22:37:13 - [MESSAGE][PASSED] - Text 'Suite 500' is set on object 'Object Repository/AdminSuiteBootstrap_Pages/VT_Bootstrap/SaleKeyboard/input__address2'

2024-07-12 22:37:13 - [MESSAGE][PASSED] - Text '22201' is set on object 'Object Repository/AdminSuiteBootstrap_Pages/VT_Bootstrap/SaleKeyboard/input__zip'

2024-07-12 22:37:14 - [MESSAGE][PASSED] - Text '' is set on object 'Object Repository/AdminSuiteBootstrap_Pages/VT_Bootstrap/SaleKeyboard/input_emailAddress'

2024-07-12 22:37:16 - [MESSAGE][PASSED] - Text '' is set on object 'Object Repository/AdminSuiteBootstrap_Pages/VT_Bootstrap/SaleKeyboard/input_smsNumber'

2024-07-12 22:37:16 - [MESSAGE][PASSED] - Text '10.50' is set on object 'Object Repository/AdminSuiteBootstrap_Pages/VT_Bootstrap/SaleKeyboard/input_amount'

2024-07-12 22:37:17 - [MESSAGE][PASSED] - Text 'Australia' is set on object 'Object Repository/AdminSuiteBootstrap_Pages/VT_Bootstrap/SaleKeyboard/input_userDefined1'

2024-07-12 22:37:18 - [MESSAGE][PASSED] - Text 'Denmark' is set on object 'Object Repository/AdminSuiteBootstrap_Pages/VT_Bootstrap/SaleKeyboard/input_userDefined2'

2024-07-12 22:37:18 - [MESSAGE][PASSED] - Text 'Sweden' is set on object 'Object Repository/AdminSuiteBootstrap_Pages/VT_Bootstrap/SaleKeyboard/input_userDefined3'

2024-07-12 22:37:19 - [MESSAGE][PASSED] - Text 'Austria' is set on object 'Object Repository/AdminSuiteBootstrap_Pages/VT_Bootstrap/SaleKeyboard/input_userDefined4'

2024-07-12 22:37:20 - [MESSAGE][PASSED] - All options with label 'Orange' are selected in object 'Object Repository/AdminSuiteBootstrap_Pages/VT_Bootstrap/SaleKeyboard/select_UDF5_DropDown'  using regular expression

2024-07-12 22:37:21 - [MESSAGE][PASSED] - All options with label 'Yellow' are selected in object 'Object Repository/AdminSuiteBootstrap_Pages/VT_Bootstrap/SaleKeyboard/select_UDF6_DropDown'  using regular expression

2024-07-12 22:37:22 - [MESSAGE][PASSED] - Text 'Norway' is set on object 'Object Repository/AdminSuiteBootstrap_Pages/VT_Bootstrap/SaleKeyboard/input_userDefined7'

2024-07-12 22:37:23 - [MESSAGE][PASSED] - Text 'Netherlands' is set on object 'Object Repository/AdminSuiteBootstrap_Pages/VT_Bootstrap/SaleKeyboard/input_userDefined8'

2024-07-12 22:37:23 - [MESSAGE][PASSED] - Text 'Switzerland' is set on object 'Object Repository/AdminSuiteBootstrap_Pages/VT_Bootstrap/SaleKeyboard/input_userDefined9'

2024-07-12 22:37:24 - [MESSAGE][PASSED] - Text 'France' is set on object 'Object Repository/AdminSuiteBootstrap_Pages/VT_Bootstrap/SaleKeyboard/input_userDefined10'

2024-07-12 22:37:25 - [MESSAGE][PASSED] - Object: 'Object Repository/AdminSuiteBootstrap_Pages/VT_Bootstrap/SaleKeyboard/button_Submit' is clicked on

2024-07-12 22:37:25 - [MESSAGE][PASSED] - adminSuiteBootstrap.virtualTerminalSetData.saleKeyboard_DataDriven is PASSED

2024-07-12 22:37:25 - [TEST_STEP][PASSED] - if (verifyTextPresent("Transaction Successful", true)): null

2024-07-12 22:37:26 - [MESSAGE][PASSED] - Text 'Transaction Successful' is present on page  using regular expression

2024-07-12 22:37:26 - [TEST_STEP][PASSED] - sdf = getText(findTestObject(path_Receipt + "td_AutoNoC031622113752957Ahm")): Text of object 'Object Repository/AdminSuiteBootstrap_Pages/VT_Bootstrap/Receipt/td_AutoNoC031622113752957Ahm' is: 'AutoNoC071224222954331Ahm'

2024-07-12 22:37:26 - [MESSAGE][PASSED] - Text of object 'Object Repository/AdminSuiteBootstrap_Pages/VT_Bootstrap/Receipt/td_AutoNoC031622113752957Ahm' is: 'AutoNoC071224222954331Ahm'

2024-07-12 22:37:26 - [TEST_STEP][PASSED] - out.println("sdf: " + sdf): null

2024-07-12 22:37:26 - [TEST_STEP][PASSED] - remID = sdf: null

2024-07-12 22:37:26 - [TEST_STEP][PASSED] - out.println("remID: " + remID): null

2024-07-12 22:37:26 - [TEST_STEP][PASSED] - click(findTestObject(path_Receipt + "button_Continue")): Object: 'Object Repository/AdminSuiteBootstrap_Pages/VT_Bootstrap/Receipt/button_Continue' is clicked on

2024-07-12 22:37:27 - [MESSAGE][PASSED] - Object: 'Object Repository/AdminSuiteBootstrap_Pages/VT_Bootstrap/Receipt/button_Continue' is clicked on

2024-07-12 22:37:27 - [TEST_STEP][PASSED] - click(findTestObject(path_VT + "a_Search Transactions")): Object: 'Object Repository/AdminSuiteBootstrap_Pages/VT_Bootstrap/IssueTransactions/a_Search Transactions' is clicked on

2024-07-12 22:37:28 - [MESSAGE][PASSED] - Object: 'Object Repository/AdminSuiteBootstrap_Pages/VT_Bootstrap/IssueTransactions/a_Search Transactions' is clicked on

2024-07-12 22:37:28 - [TEST_STEP][PASSED] - setText(findTestObject(path_CCSearch + "input_Search By_searchValue"), remID): Text 'AutoNoC071224222954331Ahm' is set on object 'Object Repository/AdminSuiteBootstrap_Pages/VT_Bootstrap/CCCreditOrVoidSearch/input_Search By_searchValue'

2024-07-12 22:37:29 - [MESSAGE][PASSED] - Text 'AutoNoC071224222954331Ahm' is set on object 'Object Repository/AdminSuiteBootstrap_Pages/VT_Bootstrap/CCCreditOrVoidSearch/input_Search By_searchValue'

2024-07-12 22:37:29 - [TEST_STEP][PASSED] - click(findTestObject(path_CCSearch + "button_Submit")): Object: 'Object Repository/AdminSuiteBootstrap_Pages/VT_Bootstrap/CCCreditOrVoidSearch/button_Submit' is clicked on

2024-07-12 22:37:30 - [MESSAGE][PASSED] - Object: 'Object Repository/AdminSuiteBootstrap_Pages/VT_Bootstrap/CCCreditOrVoidSearch/button_Submit' is clicked on

2024-07-12 22:37:30 - [TEST_STEP][PASSED] - fgr = getText(findTestObject(path_SearchResults + "div_Payment ID")): Text of object 'Object Repository/AdminSuiteBootstrap_Pages/VT_Bootstrap/SearchResults/div_Payment ID' is: 'Payment ID
Payment Type
Transaction Type
Remittance ID
Name
Total Amount
End Date
Status
12154766 Credit Card Authorization and Capture AutoNoC071224222954331Ahm Tulsi Raman $10.50 07/12/2024 Success'

2024-07-12 22:37:30 - [MESSAGE][PASSED] - Text of object 'Object Repository/AdminSuiteBootstrap_Pages/VT_Bootstrap/SearchResults/div_Payment ID' is: 'Payment ID
Payment Type
Transaction Type
Remittance ID
Name
Total Amount
End Date
Status
12154766 Credit Card Authorization and Capture AutoNoC071224222954331Ahm Tulsi Raman $10.50 07/12/2024 Success'

2024-07-12 22:37:30 - [TEST_STEP][PASSED] - payID = substring(89, 98).trim(): null

2024-07-12 22:37:30 - [TEST_STEP][PASSED] - out.println("payID: " + payID): null

2024-07-12 22:37:30 - [TEST_STEP][PASSED] - click(findTestObject(path_SearchResults + "button_PaymentID")): Object: 'Object Repository/AdminSuiteBootstrap_Pages/VT_Bootstrap/SearchResults/button_PaymentID' is clicked on

2024-07-12 22:37:31 - [MESSAGE][PASSED] - Object: 'Object Repository/AdminSuiteBootstrap_Pages/VT_Bootstrap/SearchResults/button_PaymentID' is clicked on

2024-07-12 22:37:31 - [TEST_STEP][PASSED] - verifyTextPresent("Tender Type", true): Text 'Tender Type' is present on page  using regular expression

2024-07-12 22:37:32 - [MESSAGE][PASSED] - Text 'Tender Type' is present on page  using regular expression

2024-07-12 22:37:32 - [TEST_STEP][PASSED] - verifyTextPresent("Credit Card", true): Text 'Credit Card' is present on page  using regular expression

2024-07-12 22:37:32 - [MESSAGE][PASSED] - Text 'Credit Card' is present on page  using regular expression

2024-07-12 22:37:32 - [TEST_STEP][PASSED] - verifyTextPresent("Transaction Type", true): Text 'Transaction Type' is present on page  using regular expression

2024-07-12 22:37:32 - [MESSAGE][PASSED] - Text 'Transaction Type' is present on page  using regular expression

2024-07-12 22:37:32 - [TEST_STEP][PASSED] - verifyTextPresent("Authorization and Capture", true): Text 'Authorization and Capture' is present on page  using regular expression

2024-07-12 22:37:33 - [MESSAGE][PASSED] - Text 'Authorization and Capture' is present on page  using regular expression

2024-07-12 22:37:33 - [TEST_STEP][PASSED] - verifyTextPresent("Transaction Posted by", true): Text 'Transaction Posted by' is present on page  using regular expression

2024-07-12 22:37:33 - [MESSAGE][PASSED] - Text 'Transaction Posted by' is present on page  using regular expression

2024-07-12 22:37:33 - [TEST_STEP][PASSED] - verifyTextPresent("iahmed", true): Text 'iahmed' is present on page  using regular expression

2024-07-12 22:37:34 - [MESSAGE][PASSED] - Text 'iahmed' is present on page  using regular expression

2024-07-12 22:37:34 - [TEST_STEP][PASSED] - click(findTestObject(path_TranxDetails + "a_Void this transaction")): Object: 'Object Repository/AdminSuiteBootstrap_Pages/VT_Bootstrap/TransactionDetails/a_Void this transaction' is clicked on

2024-07-12 22:37:34 - [MESSAGE][PASSED] - Object: 'Object Repository/AdminSuiteBootstrap_Pages/VT_Bootstrap/TransactionDetails/a_Void this transaction' is clicked on

2024-07-12 22:37:34 - [TEST_STEP][PASSED] - verifyTextPresent("The following transaction will be voided", true): Text 'The following transaction will be voided' is present on page  using regular expression

2024-07-12 22:37:35 - [MESSAGE][PASSED] - Text 'The following transaction will be voided' is present on page  using regular expression

2024-07-12 22:37:35 - [TEST_STEP][PASSED] - verifyTextPresent("Please press submit to continue", true): Text 'Please press submit to continue' is present on page  using regular expression

2024-07-12 22:37:35 - [MESSAGE][PASSED] - Text 'Please press submit to continue' is present on page  using regular expression

2024-07-12 22:37:35 - [TEST_STEP][PASSED] - click(findTestObject(path_TranxDetails + "button_Submit")): Object: 'Object Repository/AdminSuiteBootstrap_Pages/VT_Bootstrap/TransactionDetails/button_Submit' is clicked on

2024-07-12 22:37:36 - [MESSAGE][PASSED] - Object: 'Object Repository/AdminSuiteBootstrap_Pages/VT_Bootstrap/TransactionDetails/button_Submit' is clicked on

2024-07-12 22:37:36 - [TEST_STEP][PASSED] - verifyTextPresent("Transaction Successful", true): Text 'Transaction Successful' is present on page  using regular expression

2024-07-12 22:37:37 - [MESSAGE][PASSED] - Text 'Transaction Successful' is present on page  using regular expression

2024-07-12 22:37:37 - [TEST_STEP][PASSED] - verifyTextPresent("Transaction Type", true): Text 'Transaction Type' is present on page  using regular expression

2024-07-12 22:37:37 - [MESSAGE][PASSED] - Text 'Transaction Type' is present on page  using regular expression

2024-07-12 22:37:37 - [TEST_STEP][PASSED] - verifyTextPresent("Void", true): Text 'Void' is present on page  using regular expression

2024-07-12 22:37:38 - [MESSAGE][PASSED] - Text 'Void' is present on page  using regular expression

2024-07-12 22:37:38 - [TEST_STEP][PASSED] - closeBrowser(): Browser is closed

2024-07-12 22:37:39 - [MESSAGE][PASSED] - Browser is closed

2024-07-12 22:37:39 - [TEST_STEP][PASSED] - ExecuteTC = findTestData(dataFile).getValue("Execute", row): null

2024-07-12 22:37:39 - [TEST_STEP][PASSED] - out.println("Value of Execute is : " + ExecuteTC): null

2024-07-12 22:37:39 - [TEST_STEP][PASSED] - switch (executionProfile): null

2024-07-12 22:37:39 - [TEST_STEP][PASSED] - case "QA2Profile":: null

2024-07-12 22:37:39 - [TEST_STEP][PASSED] - appName = findTestData(dataFile).getValue("AppNameQA", row): null

2024-07-12 22:37:39 - [TEST_STEP][PASSED] - appID = findTestData(dataFile).getValue("AppIDQA", row): null

2024-07-12 22:37:39 - [TEST_STEP][PASSED] - break: null

2024-07-12 22:37:39 - [TEST_STEP][PASSED] - hrefAppID = li_1 + appID + li_2: null

2024-07-12 22:37:39 - [TEST_STEP][PASSED] - hrefApp = li_1 + appID + "/": null

2024-07-12 22:37:39 - [TEST_STEP][PASSED] - println("hrefApp : " + hrefApp): null

2024-07-12 22:37:39 - [TEST_STEP][PASSED] - if (ExecuteTC.equalsIgnoreCase("Y")): null

2024-07-12 22:37:39 - [TEST_STEP][PASSED] - out.println("Begin Record Number: " + row): null

2024-07-12 22:37:39 - [TEST_STEP][PASSED] - today = new java.util.Date(): null

2024-07-12 22:37:39 - [TEST_STEP][PASSED] - println(today): null

2024-07-12 22:37:39 - [TEST_STEP][PASSED] - datText = today: null

2024-07-12 22:37:39 - [TEST_STEP][PASSED] - adminSuiteBootstrap.loginFunctionality.login_AdminSuite(): adminSuiteBootstrap.loginFunctionality.login_AdminSuite is PASSED

2024-07-12 22:37:39 - [MESSAGE][INFO] - Starting 'Chrome' driver

2024-07-12 22:37:39 - [MESSAGE][INFO] - User set preference: ['acceptInsecureCerts', 'true']

2024-07-12 22:37:39 - [MESSAGE][INFO] - Action delay is set to 0 milliseconds

2024-07-12 22:37:41 - [MESSAGE][PASSED] - Browser is opened with url: 'https://qa2.velocitypayment.com/admin/imtiaz'

2024-07-12 22:37:42 - [MESSAGE][PASSED] - Current window maximized

2024-07-12 22:37:43 - [MESSAGE][PASSED] - Object 'Object Repository/Login_Page/Login_Username_Okta' is present

2024-07-12 22:37:43 - [MESSAGE][PASSED] - Text 'iahmed' is set on object 'Object Repository/Login_Page/Login_Username_Okta'

2024-07-12 22:37:44 - [MESSAGE][PASSED] - Text 'Hello!6666666' is set on object 'Object Repository/Login_Page/Login_Password_Okta'

2024-07-12 22:37:45 - [MESSAGE][PASSED] - Object: 'Object Repository/Login_Page/Login_Submit_Okta' is clicked on

2024-07-12 22:37:45 - [MESSAGE][PASSED] - adminSuiteBootstrap.loginFunctionality.login_AdminSuite is PASSED

2024-07-12 22:37:45 - [TEST_STEP][PASSED] - click(findTestObject(path_Dashboard + appName)): Object: 'Object Repository/AdminSuiteBootstrap_Pages/Dashboard_Bootstrap/a_Access AutoNoCFtp' is clicked on

2024-07-12 22:37:55 - [MESSAGE][PASSED] - Object: 'Object Repository/AdminSuiteBootstrap_Pages/Dashboard_Bootstrap/a_Access AutoNoCFtp' is clicked on

2024-07-12 22:37:55 - [TEST_STEP][PASSED] - click(findTestObject(path_VT + "button_Authorization  Capture (Sale)")): Object: 'Object Repository/AdminSuiteBootstrap_Pages/VT_Bootstrap/IssueTransactions/button_Authorization  Capture (Sale)' is clicked on

2024-07-12 22:37:56 - [MESSAGE][PASSED] - Object: 'Object Repository/AdminSuiteBootstrap_Pages/VT_Bootstrap/IssueTransactions/button_Authorization  Capture (Sale)' is clicked on

2024-07-12 22:37:56 - [TEST_STEP][PASSED] - saleKeyboardEntryLink = modifyObjectProperty(findTestObject(path_VT + "a_KeyboardEntry_Sale"), "href", "equals", hrefAppID, true): Modify property of object successfully

2024-07-12 22:37:56 - [MESSAGE][PASSED] - Modify property of object successfully

2024-07-12 22:37:56 - [TEST_STEP][PASSED] - click(saleKeyboardEntryLink): Object: 'Object Repository/AdminSuiteBootstrap_Pages/VT_Bootstrap/IssueTransactions/a_KeyboardEntry_Sale' is clicked on

2024-07-12 22:37:57 - [MESSAGE][PASSED] - Object: 'Object Repository/AdminSuiteBootstrap_Pages/VT_Bootstrap/IssueTransactions/a_KeyboardEntry_Sale' is clicked on

2024-07-12 22:37:57 - [TEST_STEP][PASSED] - adminSuiteBootstrap.virtualTerminalSetData.saleKeyboard_DataDriven(row, dataFile): adminSuiteBootstrap.virtualTerminalSetData.saleKeyboard_DataDriven is PASSED

2024-07-12 22:38:00 - [MESSAGE][PASSED] - Text 'Janaki James' is set on object 'Object Repository/AdminSuiteBootstrap_Pages/VT_Bootstrap/SaleKeyboard/input_cardName'

2024-07-12 22:38:01 - [MESSAGE][PASSED] - All options with value 'MOTO' are selected in object 'Object Repository/AdminSuiteBootstrap_Pages/VT_Bootstrap/SaleKeyboard/select_transactionCategory'  using regular expression

2024-07-12 22:38:02 - [MESSAGE][PASSED] - Execute JavaScript 'arguments[0].value ='4012000098765439' ' successfully

2024-07-12 22:38:02 - [MESSAGE][PASSED] - Execute JavaScript 'arguments[0].value ='123' ' successfully

2024-07-12 22:38:03 - [MESSAGE][PASSED] - All options with value '12' are selected in object 'Object Repository/AdminSuiteBootstrap_Pages/VT_Bootstrap/SaleKeyboard/select_MM'  using regular expression

2024-07-12 22:38:04 - [MESSAGE][PASSED] - All options with value '2025' are selected in object 'Object Repository/AdminSuiteBootstrap_Pages/VT_Bootstrap/SaleKeyboard/select_YYYY'  using regular expression

2024-07-12 22:38:05 - [MESSAGE][PASSED] - Text '36 Cornor Road' is set on object 'Object Repository/AdminSuiteBootstrap_Pages/VT_Bootstrap/SaleKeyboard/input__address'

2024-07-12 22:38:06 - [MESSAGE][PASSED] - Text 'Suite 500' is set on object 'Object Repository/AdminSuiteBootstrap_Pages/VT_Bootstrap/SaleKeyboard/input__address2'

2024-07-12 22:38:06 - [MESSAGE][PASSED] - Text '22201' is set on object 'Object Repository/AdminSuiteBootstrap_Pages/VT_Bootstrap/SaleKeyboard/input__zip'

2024-07-12 22:38:07 - [MESSAGE][PASSED] - Text '' is set on object 'Object Repository/AdminSuiteBootstrap_Pages/VT_Bootstrap/SaleKeyboard/input_emailAddress'

2024-07-12 22:38:08 - [MESSAGE][PASSED] - Text '' is set on object 'Object Repository/AdminSuiteBootstrap_Pages/VT_Bootstrap/SaleKeyboard/input_smsNumber'

2024-07-12 22:38:09 - [MESSAGE][PASSED] - Text '10.50' is set on object 'Object Repository/AdminSuiteBootstrap_Pages/VT_Bootstrap/SaleKeyboard/input_amount'

2024-07-12 22:38:10 - [MESSAGE][PASSED] - Text 'Australia' is set on object 'Object Repository/AdminSuiteBootstrap_Pages/VT_Bootstrap/SaleKeyboard/input_userDefined1'

2024-07-12 22:38:10 - [MESSAGE][PASSED] - Text 'Denmark' is set on object 'Object Repository/AdminSuiteBootstrap_Pages/VT_Bootstrap/SaleKeyboard/input_userDefined2'

2024-07-12 22:38:11 - [MESSAGE][PASSED] - Text 'Sweden' is set on object 'Object Repository/AdminSuiteBootstrap_Pages/VT_Bootstrap/SaleKeyboard/input_userDefined3'

2024-07-12 22:38:12 - [MESSAGE][PASSED] - Text 'Austria' is set on object 'Object Repository/AdminSuiteBootstrap_Pages/VT_Bootstrap/SaleKeyboard/input_userDefined4'

2024-07-12 22:38:13 - [MESSAGE][PASSED] - All options with label 'Orange' are selected in object 'Object Repository/AdminSuiteBootstrap_Pages/VT_Bootstrap/SaleKeyboard/select_UDF5_DropDown'  using regular expression

2024-07-12 22:38:14 - [MESSAGE][PASSED] - All options with label 'Yellow' are selected in object 'Object Repository/AdminSuiteBootstrap_Pages/VT_Bootstrap/SaleKeyboard/select_UDF6_DropDown'  using regular expression

2024-07-12 22:38:15 - [MESSAGE][PASSED] - Text 'Norway' is set on object 'Object Repository/AdminSuiteBootstrap_Pages/VT_Bootstrap/SaleKeyboard/input_userDefined7'

2024-07-12 22:38:15 - [MESSAGE][PASSED] - Text 'Netherlands' is set on object 'Object Repository/AdminSuiteBootstrap_Pages/VT_Bootstrap/SaleKeyboard/input_userDefined8'

2024-07-12 22:38:16 - [MESSAGE][PASSED] - Text 'Switzerland' is set on object 'Object Repository/AdminSuiteBootstrap_Pages/VT_Bootstrap/SaleKeyboard/input_userDefined9'

2024-07-12 22:38:17 - [MESSAGE][PASSED] - Text 'France' is set on object 'Object Repository/AdminSuiteBootstrap_Pages/VT_Bootstrap/SaleKeyboard/input_userDefined10'

2024-07-12 22:38:18 - [MESSAGE][PASSED] - Object: 'Object Repository/AdminSuiteBootstrap_Pages/VT_Bootstrap/SaleKeyboard/button_Submit' is clicked on

2024-07-12 22:38:18 - [MESSAGE][PASSED] - adminSuiteBootstrap.virtualTerminalSetData.saleKeyboard_DataDriven is PASSED

2024-07-12 22:38:18 - [TEST_STEP][PASSED] - if (verifyTextPresent("Transaction Successful", true)): null

2024-07-12 22:38:19 - [MESSAGE][PASSED] - Text 'Transaction Successful' is present on page  using regular expression

2024-07-12 22:38:19 - [TEST_STEP][PASSED] - sdf = getText(findTestObject(path_Receipt + "td_AutoNoC031622113752957Ahm")): Text of object 'Object Repository/AdminSuiteBootstrap_Pages/VT_Bootstrap/Receipt/td_AutoNoC031622113752957Ahm' is: 'AutoNoC071224223048150Ahm'

2024-07-12 22:38:19 - [MESSAGE][PASSED] - Text of object 'Object Repository/AdminSuiteBootstrap_Pages/VT_Bootstrap/Receipt/td_AutoNoC031622113752957Ahm' is: 'AutoNoC071224223048150Ahm'

2024-07-12 22:38:19 - [TEST_STEP][PASSED] - out.println("sdf: " + sdf): null

2024-07-12 22:38:19 - [TEST_STEP][PASSED] - remID = sdf: null

2024-07-12 22:38:19 - [TEST_STEP][PASSED] - out.println("remID: " + remID): null

2024-07-12 22:38:19 - [TEST_STEP][PASSED] - click(findTestObject(path_Receipt + "button_Continue")): Object: 'Object Repository/AdminSuiteBootstrap_Pages/VT_Bootstrap/Receipt/button_Continue' is clicked on

2024-07-12 22:38:20 - [MESSAGE][PASSED] - Object: 'Object Repository/AdminSuiteBootstrap_Pages/VT_Bootstrap/Receipt/button_Continue' is clicked on

2024-07-12 22:38:20 - [TEST_STEP][PASSED] - click(findTestObject(path_VT + "a_Search Transactions")): Object: 'Object Repository/AdminSuiteBootstrap_Pages/VT_Bootstrap/IssueTransactions/a_Search Transactions' is clicked on

2024-07-12 22:38:21 - [MESSAGE][PASSED] - Object: 'Object Repository/AdminSuiteBootstrap_Pages/VT_Bootstrap/IssueTransactions/a_Search Transactions' is clicked on

2024-07-12 22:38:21 - [TEST_STEP][PASSED] - setText(findTestObject(path_CCSearch + "input_Search By_searchValue"), remID): Text 'AutoNoC071224223048150Ahm' is set on object 'Object Repository/AdminSuiteBootstrap_Pages/VT_Bootstrap/CCCreditOrVoidSearch/input_Search By_searchValue'

2024-07-12 22:38:21 - [MESSAGE][PASSED] - Text 'AutoNoC071224223048150Ahm' is set on object 'Object Repository/AdminSuiteBootstrap_Pages/VT_Bootstrap/CCCreditOrVoidSearch/input_Search By_searchValue'

2024-07-12 22:38:21 - [TEST_STEP][PASSED] - click(findTestObject(path_CCSearch + "button_Submit")): Object: 'Object Repository/AdminSuiteBootstrap_Pages/VT_Bootstrap/CCCreditOrVoidSearch/button_Submit' is clicked on

2024-07-12 22:38:22 - [MESSAGE][PASSED] - Object: 'Object Repository/AdminSuiteBootstrap_Pages/VT_Bootstrap/CCCreditOrVoidSearch/button_Submit' is clicked on

2024-07-12 22:38:22 - [TEST_STEP][PASSED] - fgr = getText(findTestObject(path_SearchResults + "div_Payment ID")): Text of object 'Object Repository/AdminSuiteBootstrap_Pages/VT_Bootstrap/SearchResults/div_Payment ID' is: 'Payment ID
Payment Type
Transaction Type
Remittance ID
Name
Total Amount
End Date
Status
12154768 Credit Card Authorization and Capture AutoNoC071224223048150Ahm Janaki James $10.50 07/12/2024 Success'

2024-07-12 22:38:23 - [MESSAGE][PASSED] - Text of object 'Object Repository/AdminSuiteBootstrap_Pages/VT_Bootstrap/SearchResults/div_Payment ID' is: 'Payment ID
Payment Type
Transaction Type
Remittance ID
Name
Total Amount
End Date
Status
12154768 Credit Card Authorization and Capture AutoNoC071224223048150Ahm Janaki James $10.50 07/12/2024 Success'

2024-07-12 22:38:23 - [TEST_STEP][PASSED] - payID = substring(89, 98).trim(): null

2024-07-12 22:38:23 - [TEST_STEP][PASSED] - out.println("payID: " + payID): null

2024-07-12 22:38:23 - [TEST_STEP][PASSED] - click(findTestObject(path_SearchResults + "button_PaymentID")): Object: 'Object Repository/AdminSuiteBootstrap_Pages/VT_Bootstrap/SearchResults/button_PaymentID' is clicked on

2024-07-12 22:38:23 - [MESSAGE][PASSED] - Object: 'Object Repository/AdminSuiteBootstrap_Pages/VT_Bootstrap/SearchResults/button_PaymentID' is clicked on

2024-07-12 22:38:23 - [TEST_STEP][PASSED] - verifyTextPresent("Tender Type", true): Text 'Tender Type' is present on page  using regular expression

2024-07-12 22:38:24 - [MESSAGE][PASSED] - Text 'Tender Type' is present on page  using regular expression

2024-07-12 22:38:24 - [TEST_STEP][PASSED] - verifyTextPresent("Credit Card", true): Text 'Credit Card' is present on page  using regular expression

2024-07-12 22:38:24 - [MESSAGE][PASSED] - Text 'Credit Card' is present on page  using regular expression

2024-07-12 22:38:24 - [TEST_STEP][PASSED] - verifyTextPresent("Transaction Type", true): Text 'Transaction Type' is present on page  using regular expression

2024-07-12 22:38:25 - [MESSAGE][PASSED] - Text 'Transaction Type' is present on page  using regular expression

2024-07-12 22:38:25 - [TEST_STEP][PASSED] - verifyTextPresent("Authorization and Capture", true): Text 'Authorization and Capture' is present on page  using regular expression

2024-07-12 22:38:25 - [MESSAGE][PASSED] - Text 'Authorization and Capture' is present on page  using regular expression

2024-07-12 22:38:25 - [TEST_STEP][PASSED] - verifyTextPresent("Transaction Posted by", true): Text 'Transaction Posted by' is present on page  using regular expression

2024-07-12 22:38:26 - [MESSAGE][PASSED] - Text 'Transaction Posted by' is present on page  using regular expression

2024-07-12 22:38:26 - [TEST_STEP][PASSED] - verifyTextPresent("iahmed", true): Text 'iahmed' is present on page  using regular expression

2024-07-12 22:38:26 - [MESSAGE][PASSED] - Text 'iahmed' is present on page  using regular expression

2024-07-12 22:38:26 - [TEST_STEP][PASSED] - click(findTestObject(path_TranxDetails + "a_Void this transaction")): Object: 'Object Repository/AdminSuiteBootstrap_Pages/VT_Bootstrap/TransactionDetails/a_Void this transaction' is clicked on

2024-07-12 22:38:27 - [MESSAGE][PASSED] - Object: 'Object Repository/AdminSuiteBootstrap_Pages/VT_Bootstrap/TransactionDetails/a_Void this transaction' is clicked on

2024-07-12 22:38:27 - [TEST_STEP][PASSED] - verifyTextPresent("The following transaction will be voided", true): Text 'The following transaction will be voided' is present on page  using regular expression

2024-07-12 22:38:27 - [MESSAGE][PASSED] - Text 'The following transaction will be voided' is present on page  using regular expression

2024-07-12 22:38:27 - [TEST_STEP][PASSED] - verifyTextPresent("Please press submit to continue", true): Text 'Please press submit to continue' is present on page  using regular expression

2024-07-12 22:38:27 - [MESSAGE][PASSED] - Text 'Please press submit to continue' is present on page  using regular expression

2024-07-12 22:38:27 - [TEST_STEP][PASSED] - click(findTestObject(path_TranxDetails + "button_Submit")): Object: 'Object Repository/AdminSuiteBootstrap_Pages/VT_Bootstrap/TransactionDetails/button_Submit' is clicked on

2024-07-12 22:38:29 - [MESSAGE][PASSED] - Object: 'Object Repository/AdminSuiteBootstrap_Pages/VT_Bootstrap/TransactionDetails/button_Submit' is clicked on

2024-07-12 22:38:29 - [TEST_STEP][PASSED] - verifyTextPresent("Transaction Successful", true): Text 'Transaction Successful' is present on page  using regular expression

2024-07-12 22:38:29 - [MESSAGE][PASSED] - Text 'Transaction Successful' is present on page  using regular expression

2024-07-12 22:38:29 - [TEST_STEP][PASSED] - verifyTextPresent("Transaction Type", true): Text 'Transaction Type' is present on page  using regular expression

2024-07-12 22:38:29 - [MESSAGE][PASSED] - Text 'Transaction Type' is present on page  using regular expression

2024-07-12 22:38:29 - [TEST_STEP][PASSED] - verifyTextPresent("Void", true): Text 'Void' is present on page  using regular expression

2024-07-12 22:38:30 - [MESSAGE][PASSED] - Text 'Void' is present on page  using regular expression

2024-07-12 22:38:30 - [TEST_STEP][PASSED] - closeBrowser(): Browser is closed

2024-07-12 22:38:31 - [MESSAGE][PASSED] - Browser is closed

2024-07-12 22:38:31 - [TEST_STEP][PASSED] - ExecuteTC = findTestData(dataFile).getValue("Execute", row): null

2024-07-12 22:38:31 - [TEST_STEP][PASSED] - out.println("Value of Execute is : " + ExecuteTC): null

2024-07-12 22:38:31 - [TEST_STEP][PASSED] - switch (executionProfile): null

2024-07-12 22:38:31 - [TEST_STEP][PASSED] - case "QA2Profile":: null

2024-07-12 22:38:31 - [TEST_STEP][PASSED] - appName = findTestData(dataFile).getValue("AppNameQA", row): null

2024-07-12 22:38:31 - [TEST_STEP][PASSED] - appID = findTestData(dataFile).getValue("AppIDQA", row): null

2024-07-12 22:38:31 - [TEST_STEP][PASSED] - break: null

2024-07-12 22:38:31 - [TEST_STEP][PASSED] - hrefAppID = li_1 + appID + li_2: null

2024-07-12 22:38:31 - [TEST_STEP][PASSED] - hrefApp = li_1 + appID + "/": null

2024-07-12 22:38:31 - [TEST_STEP][PASSED] - println("hrefApp : " + hrefApp): null

2024-07-12 22:38:31 - [TEST_STEP][PASSED] - if (ExecuteTC.equalsIgnoreCase("Y")): null

2024-07-12 22:38:31 - [TEST_STEP][PASSED] - out.println("Begin Record Number: " + row): null

2024-07-12 22:38:31 - [TEST_STEP][PASSED] - today = new java.util.Date(): null

2024-07-12 22:38:31 - [TEST_STEP][PASSED] - println(today): null

2024-07-12 22:38:31 - [TEST_STEP][PASSED] - datText = today: null

2024-07-12 22:38:31 - [TEST_STEP][PASSED] - adminSuiteBootstrap.loginFunctionality.login_AdminSuite(): adminSuiteBootstrap.loginFunctionality.login_AdminSuite is PASSED

2024-07-12 22:38:31 - [MESSAGE][INFO] - Starting 'Chrome' driver

2024-07-12 22:38:31 - [MESSAGE][INFO] - User set preference: ['acceptInsecureCerts', 'true']

2024-07-12 22:38:31 - [MESSAGE][INFO] - Action delay is set to 0 milliseconds

2024-07-12 22:38:35 - [MESSAGE][PASSED] - Browser is opened with url: 'https://qa2.velocitypayment.com/admin/imtiaz'

2024-07-12 22:38:35 - [MESSAGE][PASSED] - Current window maximized

2024-07-12 22:38:35 - [MESSAGE][PASSED] - Object 'Object Repository/Login_Page/Login_Username_Okta' is present

2024-07-12 22:38:36 - [MESSAGE][PASSED] - Text 'iahmed' is set on object 'Object Repository/Login_Page/Login_Username_Okta'

2024-07-12 22:38:37 - [MESSAGE][PASSED] - Text 'Hello!6666666' is set on object 'Object Repository/Login_Page/Login_Password_Okta'

2024-07-12 22:38:37 - [MESSAGE][PASSED] - Object: 'Object Repository/Login_Page/Login_Submit_Okta' is clicked on

2024-07-12 22:38:37 - [MESSAGE][PASSED] - adminSuiteBootstrap.loginFunctionality.login_AdminSuite is PASSED

2024-07-12 22:38:37 - [TEST_STEP][PASSED] - click(findTestObject(path_Dashboard + appName)): Object: 'Object Repository/AdminSuiteBootstrap_Pages/Dashboard_Bootstrap/a_Access AutoNoCFtp' is clicked on

2024-07-12 22:38:46 - [MESSAGE][PASSED] - Object: 'Object Repository/AdminSuiteBootstrap_Pages/Dashboard_Bootstrap/a_Access AutoNoCFtp' is clicked on

2024-07-12 22:38:46 - [TEST_STEP][PASSED] - click(findTestObject(path_VT + "button_Authorization  Capture (Sale)")): Object: 'Object Repository/AdminSuiteBootstrap_Pages/VT_Bootstrap/IssueTransactions/button_Authorization  Capture (Sale)' is clicked on

2024-07-12 22:38:47 - [MESSAGE][PASSED] - Object: 'Object Repository/AdminSuiteBootstrap_Pages/VT_Bootstrap/IssueTransactions/button_Authorization  Capture (Sale)' is clicked on

2024-07-12 22:38:47 - [TEST_STEP][PASSED] - saleKeyboardEntryLink = modifyObjectProperty(findTestObject(path_VT + "a_KeyboardEntry_Sale"), "href", "equals", hrefAppID, true): Modify property of object successfully

2024-07-12 22:38:47 - [MESSAGE][PASSED] - Modify property of object successfully

2024-07-12 22:38:47 - [TEST_STEP][PASSED] - click(saleKeyboardEntryLink): Object: 'Object Repository/AdminSuiteBootstrap_Pages/VT_Bootstrap/IssueTransactions/a_KeyboardEntry_Sale' is clicked on

2024-07-12 22:38:48 - [MESSAGE][PASSED] - Object: 'Object Repository/AdminSuiteBootstrap_Pages/VT_Bootstrap/IssueTransactions/a_KeyboardEntry_Sale' is clicked on

2024-07-12 22:38:48 - [TEST_STEP][PASSED] - adminSuiteBootstrap.virtualTerminalSetData.saleKeyboard_DataDriven(row, dataFile): adminSuiteBootstrap.virtualTerminalSetData.saleKeyboard_DataDriven is PASSED

2024-07-12 22:38:51 - [MESSAGE][PASSED] - Text 'Janaki James' is set on object 'Object Repository/AdminSuiteBootstrap_Pages/VT_Bootstrap/SaleKeyboard/input_cardName'

2024-07-12 22:38:52 - [MESSAGE][PASSED] - All options with value 'MOTO' are selected in object 'Object Repository/AdminSuiteBootstrap_Pages/VT_Bootstrap/SaleKeyboard/select_transactionCategory'  using regular expression

2024-07-12 22:38:52 - [MESSAGE][PASSED] - Execute JavaScript 'arguments[0].value ='5146312200000035' ' successfully

2024-07-12 22:38:53 - [MESSAGE][PASSED] - Execute JavaScript 'arguments[0].value ='123' ' successfully

2024-07-12 22:38:54 - [MESSAGE][PASSED] - All options with value '12' are selected in object 'Object Repository/AdminSuiteBootstrap_Pages/VT_Bootstrap/SaleKeyboard/select_MM'  using regular expression

2024-07-12 22:38:55 - [MESSAGE][PASSED] - All options with value '2025' are selected in object 'Object Repository/AdminSuiteBootstrap_Pages/VT_Bootstrap/SaleKeyboard/select_YYYY'  using regular expression

2024-07-12 22:38:56 - [MESSAGE][PASSED] - Text '1478 Jhatka Palace' is set on object 'Object Repository/AdminSuiteBootstrap_Pages/VT_Bootstrap/SaleKeyboard/input__address'

2024-07-12 22:38:57 - [MESSAGE][PASSED] - Text 'Suite 500' is set on object 'Object Repository/AdminSuiteBootstrap_Pages/VT_Bootstrap/SaleKeyboard/input__address2'

2024-07-12 22:38:57 - [MESSAGE][PASSED] - Text '22201' is set on object 'Object Repository/AdminSuiteBootstrap_Pages/VT_Bootstrap/SaleKeyboard/input__zip'

2024-07-12 22:38:58 - [MESSAGE][PASSED] - Text '' is set on object 'Object Repository/AdminSuiteBootstrap_Pages/VT_Bootstrap/SaleKeyboard/input_emailAddress'

2024-07-12 22:38:59 - [MESSAGE][PASSED] - Text '' is set on object 'Object Repository/AdminSuiteBootstrap_Pages/VT_Bootstrap/SaleKeyboard/input_smsNumber'

2024-07-12 22:39:00 - [MESSAGE][PASSED] - Text '10.50' is set on object 'Object Repository/AdminSuiteBootstrap_Pages/VT_Bootstrap/SaleKeyboard/input_amount'

2024-07-12 22:39:01 - [MESSAGE][PASSED] - Text 'Australia' is set on object 'Object Repository/AdminSuiteBootstrap_Pages/VT_Bootstrap/SaleKeyboard/input_userDefined1'

2024-07-12 22:39:01 - [MESSAGE][PASSED] - Text 'Denmark' is set on object 'Object Repository/AdminSuiteBootstrap_Pages/VT_Bootstrap/SaleKeyboard/input_userDefined2'

2024-07-12 22:39:02 - [MESSAGE][PASSED] - Text 'Sweden' is set on object 'Object Repository/AdminSuiteBootstrap_Pages/VT_Bootstrap/SaleKeyboard/input_userDefined3'

2024-07-12 22:39:03 - [MESSAGE][PASSED] - Text 'Austria' is set on object 'Object Repository/AdminSuiteBootstrap_Pages/VT_Bootstrap/SaleKeyboard/input_userDefined4'

2024-07-12 22:39:04 - [MESSAGE][PASSED] - All options with label 'Orange' are selected in object 'Object Repository/AdminSuiteBootstrap_Pages/VT_Bootstrap/SaleKeyboard/select_UDF5_DropDown'  using regular expression

2024-07-12 22:39:05 - [MESSAGE][PASSED] - All options with label 'Yellow' are selected in object 'Object Repository/AdminSuiteBootstrap_Pages/VT_Bootstrap/SaleKeyboard/select_UDF6_DropDown'  using regular expression

2024-07-12 22:39:05 - [MESSAGE][PASSED] - Text 'Norway' is set on object 'Object Repository/AdminSuiteBootstrap_Pages/VT_Bootstrap/SaleKeyboard/input_userDefined7'

2024-07-12 22:39:06 - [MESSAGE][PASSED] - Text 'Netherlands' is set on object 'Object Repository/AdminSuiteBootstrap_Pages/VT_Bootstrap/SaleKeyboard/input_userDefined8'

2024-07-12 22:39:07 - [MESSAGE][PASSED] - Text 'Switzerland' is set on object 'Object Repository/AdminSuiteBootstrap_Pages/VT_Bootstrap/SaleKeyboard/input_userDefined9'

2024-07-12 22:39:08 - [MESSAGE][PASSED] - Text 'France' is set on object 'Object Repository/AdminSuiteBootstrap_Pages/VT_Bootstrap/SaleKeyboard/input_userDefined10'

2024-07-12 22:39:09 - [MESSAGE][PASSED] - Object: 'Object Repository/AdminSuiteBootstrap_Pages/VT_Bootstrap/SaleKeyboard/button_Submit' is clicked on

2024-07-12 22:39:09 - [MESSAGE][PASSED] - adminSuiteBootstrap.virtualTerminalSetData.saleKeyboard_DataDriven is PASSED

2024-07-12 22:39:09 - [TEST_STEP][PASSED] - if (verifyTextPresent("Transaction Successful", true)): null

2024-07-12 22:39:10 - [MESSAGE][PASSED] - Text 'Transaction Successful' is present on page  using regular expression

2024-07-12 22:39:10 - [TEST_STEP][PASSED] - sdf = getText(findTestObject(path_Receipt + "td_AutoNoC031622113752957Ahm")): Text of object 'Object Repository/AdminSuiteBootstrap_Pages/VT_Bootstrap/Receipt/td_AutoNoC031622113752957Ahm' is: 'AutoNoC071224223138884Ahm'

2024-07-12 22:39:10 - [MESSAGE][PASSED] - Text of object 'Object Repository/AdminSuiteBootstrap_Pages/VT_Bootstrap/Receipt/td_AutoNoC031622113752957Ahm' is: 'AutoNoC071224223138884Ahm'

2024-07-12 22:39:10 - [TEST_STEP][PASSED] - out.println("sdf: " + sdf): null

2024-07-12 22:39:10 - [TEST_STEP][PASSED] - remID = sdf: null

2024-07-12 22:39:10 - [TEST_STEP][PASSED] - out.println("remID: " + remID): null

2024-07-12 22:39:10 - [TEST_STEP][PASSED] - click(findTestObject(path_Receipt + "button_Continue")): Object: 'Object Repository/AdminSuiteBootstrap_Pages/VT_Bootstrap/Receipt/button_Continue' is clicked on

2024-07-12 22:39:11 - [MESSAGE][PASSED] - Object: 'Object Repository/AdminSuiteBootstrap_Pages/VT_Bootstrap/Receipt/button_Continue' is clicked on

2024-07-12 22:39:11 - [TEST_STEP][PASSED] - click(findTestObject(path_VT + "a_Search Transactions")): Object: 'Object Repository/AdminSuiteBootstrap_Pages/VT_Bootstrap/IssueTransactions/a_Search Transactions' is clicked on

2024-07-12 22:39:12 - [MESSAGE][PASSED] - Object: 'Object Repository/AdminSuiteBootstrap_Pages/VT_Bootstrap/IssueTransactions/a_Search Transactions' is clicked on

2024-07-12 22:39:12 - [TEST_STEP][PASSED] - setText(findTestObject(path_CCSearch + "input_Search By_searchValue"), remID): Text 'AutoNoC071224223138884Ahm' is set on object 'Object Repository/AdminSuiteBootstrap_Pages/VT_Bootstrap/CCCreditOrVoidSearch/input_Search By_searchValue'

2024-07-12 22:39:13 - [MESSAGE][PASSED] - Text 'AutoNoC071224223138884Ahm' is set on object 'Object Repository/AdminSuiteBootstrap_Pages/VT_Bootstrap/CCCreditOrVoidSearch/input_Search By_searchValue'

2024-07-12 22:39:13 - [TEST_STEP][PASSED] - click(findTestObject(path_CCSearch + "button_Submit")): Object: 'Object Repository/AdminSuiteBootstrap_Pages/VT_Bootstrap/CCCreditOrVoidSearch/button_Submit' is clicked on

2024-07-12 22:39:13 - [MESSAGE][PASSED] - Object: 'Object Repository/AdminSuiteBootstrap_Pages/VT_Bootstrap/CCCreditOrVoidSearch/button_Submit' is clicked on

2024-07-12 22:39:13 - [TEST_STEP][PASSED] - fgr = getText(findTestObject(path_SearchResults + "div_Payment ID")): Text of object 'Object Repository/AdminSuiteBootstrap_Pages/VT_Bootstrap/SearchResults/div_Payment ID' is: 'Payment ID
Payment Type
Transaction Type
Remittance ID
Name
Total Amount
End Date
Status
12154770 Credit Card Authorization and Capture AutoNoC071224223138884Ahm Janaki James $10.50 07/12/2024 Success'

2024-07-12 22:39:14 - [MESSAGE][PASSED] - Text of object 'Object Repository/AdminSuiteBootstrap_Pages/VT_Bootstrap/SearchResults/div_Payment ID' is: 'Payment ID
Payment Type
Transaction Type
Remittance ID
Name
Total Amount
End Date
Status
12154770 Credit Card Authorization and Capture AutoNoC071224223138884Ahm Janaki James $10.50 07/12/2024 Success'

2024-07-12 22:39:14 - [TEST_STEP][PASSED] - payID = substring(89, 98).trim(): null

2024-07-12 22:39:14 - [TEST_STEP][PASSED] - out.println("payID: " + payID): null

2024-07-12 22:39:14 - [TEST_STEP][PASSED] - click(findTestObject(path_SearchResults + "button_PaymentID")): Object: 'Object Repository/AdminSuiteBootstrap_Pages/VT_Bootstrap/SearchResults/button_PaymentID' is clicked on

2024-07-12 22:39:15 - [MESSAGE][PASSED] - Object: 'Object Repository/AdminSuiteBootstrap_Pages/VT_Bootstrap/SearchResults/button_PaymentID' is clicked on

2024-07-12 22:39:15 - [TEST_STEP][PASSED] - verifyTextPresent("Tender Type", true): Text 'Tender Type' is present on page  using regular expression

2024-07-12 22:39:15 - [MESSAGE][PASSED] - Text 'Tender Type' is present on page  using regular expression

2024-07-12 22:39:15 - [TEST_STEP][PASSED] - verifyTextPresent("Credit Card", true): Text 'Credit Card' is present on page  using regular expression

2024-07-12 22:39:16 - [MESSAGE][PASSED] - Text 'Credit Card' is present on page  using regular expression

2024-07-12 22:39:16 - [TEST_STEP][PASSED] - verifyTextPresent("Transaction Type", true): Text 'Transaction Type' is present on page  using regular expression

2024-07-12 22:39:16 - [MESSAGE][PASSED] - Text 'Transaction Type' is present on page  using regular expression

2024-07-12 22:39:16 - [TEST_STEP][PASSED] - verifyTextPresent("Authorization and Capture", true): Text 'Authorization and Capture' is present on page  using regular expression

2024-07-12 22:39:16 - [MESSAGE][PASSED] - Text 'Authorization and Capture' is present on page  using regular expression

2024-07-12 22:39:16 - [TEST_STEP][PASSED] - verifyTextPresent("Transaction Posted by", true): Text 'Transaction Posted by' is present on page  using regular expression

2024-07-12 22:39:17 - [MESSAGE][PASSED] - Text 'Transaction Posted by' is present on page  using regular expression

2024-07-12 22:39:17 - [TEST_STEP][PASSED] - verifyTextPresent("iahmed", true): Text 'iahmed' is present on page  using regular expression

2024-07-12 22:39:17 - [MESSAGE][PASSED] - Text 'iahmed' is present on page  using regular expression

2024-07-12 22:39:17 - [TEST_STEP][PASSED] - click(findTestObject(path_TranxDetails + "a_Void this transaction")): Object: 'Object Repository/AdminSuiteBootstrap_Pages/VT_Bootstrap/TransactionDetails/a_Void this transaction' is clicked on

2024-07-12 22:39:18 - [MESSAGE][PASSED] - Object: 'Object Repository/AdminSuiteBootstrap_Pages/VT_Bootstrap/TransactionDetails/a_Void this transaction' is clicked on

2024-07-12 22:39:18 - [TEST_STEP][PASSED] - verifyTextPresent("The following transaction will be voided", true): Text 'The following transaction will be voided' is present on page  using regular expression

2024-07-12 22:39:19 - [MESSAGE][PASSED] - Text 'The following transaction will be voided' is present on page  using regular expression

2024-07-12 22:39:19 - [TEST_STEP][PASSED] - verifyTextPresent("Please press submit to continue", true): Text 'Please press submit to continue' is present on page  using regular expression

2024-07-12 22:39:19 - [MESSAGE][PASSED] - Text 'Please press submit to continue' is present on page  using regular expression

2024-07-12 22:39:19 - [TEST_STEP][PASSED] - click(findTestObject(path_TranxDetails + "button_Submit")): Object: 'Object Repository/AdminSuiteBootstrap_Pages/VT_Bootstrap/TransactionDetails/button_Submit' is clicked on

2024-07-12 22:39:20 - [MESSAGE][PASSED] - Object: 'Object Repository/AdminSuiteBootstrap_Pages/VT_Bootstrap/TransactionDetails/button_Submit' is clicked on

2024-07-12 22:39:20 - [TEST_STEP][PASSED] - verifyTextPresent("Transaction Successful", true): Text 'Transaction Successful' is present on page  using regular expression

2024-07-12 22:39:21 - [MESSAGE][PASSED] - Text 'Transaction Successful' is present on page  using regular expression

2024-07-12 22:39:21 - [TEST_STEP][PASSED] - verifyTextPresent("Transaction Type", true): Text 'Transaction Type' is present on page  using regular expression

2024-07-12 22:39:21 - [MESSAGE][PASSED] - Text 'Transaction Type' is present on page  using regular expression

2024-07-12 22:39:21 - [TEST_STEP][PASSED] - verifyTextPresent("Void", true): Text 'Void' is present on page  using regular expression

2024-07-12 22:39:21 - [MESSAGE][PASSED] - Text 'Void' is present on page  using regular expression

2024-07-12 22:39:21 - [TEST_STEP][PASSED] - closeBrowser(): Browser is closed

2024-07-12 22:39:22 - [MESSAGE][PASSED] - Browser is closed

2024-07-12 22:39:22 - [TEST_STEP][PASSED] - ExecuteTC = findTestData(dataFile).getValue("Execute", row): null

2024-07-12 22:39:23 - [TEST_STEP][PASSED] - out.println("Value of Execute is : " + ExecuteTC): null

2024-07-12 22:39:23 - [TEST_STEP][PASSED] - switch (executionProfile): null

2024-07-12 22:39:23 - [TEST_STEP][PASSED] - case "QA2Profile":: null

2024-07-12 22:39:23 - [TEST_STEP][PASSED] - appName = findTestData(dataFile).getValue("AppNameQA", row): null

2024-07-12 22:39:23 - [TEST_STEP][PASSED] - appID = findTestData(dataFile).getValue("AppIDQA", row): null

2024-07-12 22:39:23 - [TEST_STEP][PASSED] - break: null

2024-07-12 22:39:23 - [TEST_STEP][PASSED] - hrefAppID = li_1 + appID + li_2: null

2024-07-12 22:39:23 - [TEST_STEP][PASSED] - hrefApp = li_1 + appID + "/": null

2024-07-12 22:39:23 - [TEST_STEP][PASSED] - println("hrefApp : " + hrefApp): null

2024-07-12 22:39:23 - [TEST_STEP][PASSED] - if (ExecuteTC.equalsIgnoreCase("Y")): null

2024-07-12 22:39:23 - [TEST_STEP][PASSED] - out.println("Begin Record Number: " + row): null

2024-07-12 22:39:23 - [TEST_STEP][PASSED] - today = new java.util.Date(): null

2024-07-12 22:39:23 - [TEST_STEP][PASSED] - println(today): null

2024-07-12 22:39:23 - [TEST_STEP][PASSED] - datText = today: null

2024-07-12 22:39:23 - [TEST_STEP][PASSED] - adminSuiteBootstrap.loginFunctionality.login_AdminSuite(): adminSuiteBootstrap.loginFunctionality.login_AdminSuite is PASSED

2024-07-12 22:39:23 - [MESSAGE][INFO] - Starting 'Chrome' driver

2024-07-12 22:39:23 - [MESSAGE][INFO] - User set preference: ['acceptInsecureCerts', 'true']

2024-07-12 22:39:23 - [MESSAGE][INFO] - Action delay is set to 0 milliseconds

2024-07-12 22:39:26 - [MESSAGE][PASSED] - Browser is opened with url: 'https://qa2.velocitypayment.com/admin/imtiaz'

2024-07-12 22:39:26 - [MESSAGE][PASSED] - Current window maximized

2024-07-12 22:39:26 - [MESSAGE][PASSED] - Object 'Object Repository/Login_Page/Login_Username_Okta' is present

2024-07-12 22:39:27 - [MESSAGE][PASSED] - Text 'iahmed' is set on object 'Object Repository/Login_Page/Login_Username_Okta'

2024-07-12 22:39:28 - [MESSAGE][PASSED] - Text 'Hello!6666666' is set on object 'Object Repository/Login_Page/Login_Password_Okta'

2024-07-12 22:39:28 - [MESSAGE][PASSED] - Object: 'Object Repository/Login_Page/Login_Submit_Okta' is clicked on

2024-07-12 22:39:28 - [MESSAGE][PASSED] - adminSuiteBootstrap.loginFunctionality.login_AdminSuite is PASSED

2024-07-12 22:39:28 - [TEST_STEP][PASSED] - click(findTestObject(path_Dashboard + appName)): Object: 'Object Repository/AdminSuiteBootstrap_Pages/Dashboard_Bootstrap/a_Access AutoNoCFtp' is clicked on

2024-07-12 22:39:36 - [MESSAGE][PASSED] - Object: 'Object Repository/AdminSuiteBootstrap_Pages/Dashboard_Bootstrap/a_Access AutoNoCFtp' is clicked on

2024-07-12 22:39:36 - [TEST_STEP][PASSED] - click(findTestObject(path_VT + "button_Authorization  Capture (Sale)")): Object: 'Object Repository/AdminSuiteBootstrap_Pages/VT_Bootstrap/IssueTransactions/button_Authorization  Capture (Sale)' is clicked on

2024-07-12 22:39:37 - [MESSAGE][PASSED] - Object: 'Object Repository/AdminSuiteBootstrap_Pages/VT_Bootstrap/IssueTransactions/button_Authorization  Capture (Sale)' is clicked on

2024-07-12 22:39:37 - [TEST_STEP][PASSED] - saleKeyboardEntryLink = modifyObjectProperty(findTestObject(path_VT + "a_KeyboardEntry_Sale"), "href", "equals", hrefAppID, true): Modify property of object successfully

2024-07-12 22:39:37 - [MESSAGE][PASSED] - Modify property of object successfully

2024-07-12 22:39:37 - [TEST_STEP][PASSED] - click(saleKeyboardEntryLink): Object: 'Object Repository/AdminSuiteBootstrap_Pages/VT_Bootstrap/IssueTransactions/a_KeyboardEntry_Sale' is clicked on

2024-07-12 22:39:37 - [MESSAGE][PASSED] - Object: 'Object Repository/AdminSuiteBootstrap_Pages/VT_Bootstrap/IssueTransactions/a_KeyboardEntry_Sale' is clicked on

2024-07-12 22:39:37 - [TEST_STEP][PASSED] - adminSuiteBootstrap.virtualTerminalSetData.saleKeyboard_DataDriven(row, dataFile): adminSuiteBootstrap.virtualTerminalSetData.saleKeyboard_DataDriven is PASSED

2024-07-12 22:39:41 - [MESSAGE][PASSED] - Text 'Janaki James' is set on object 'Object Repository/AdminSuiteBootstrap_Pages/VT_Bootstrap/SaleKeyboard/input_cardName'

2024-07-12 22:39:42 - [MESSAGE][PASSED] - All options with value 'MOTO' are selected in object 'Object Repository/AdminSuiteBootstrap_Pages/VT_Bootstrap/SaleKeyboard/select_transactionCategory'  using regular expression

2024-07-12 22:39:42 - [MESSAGE][PASSED] - Execute JavaScript 'arguments[0].value ='371449635392376' ' successfully

2024-07-12 22:39:43 - [MESSAGE][PASSED] - Execute JavaScript 'arguments[0].value ='123' ' successfully

2024-07-12 22:39:44 - [MESSAGE][PASSED] - All options with value '12' are selected in object 'Object Repository/AdminSuiteBootstrap_Pages/VT_Bootstrap/SaleKeyboard/select_MM'  using regular expression

2024-07-12 22:39:45 - [MESSAGE][PASSED] - All options with value '2025' are selected in object 'Object Repository/AdminSuiteBootstrap_Pages/VT_Bootstrap/SaleKeyboard/select_YYYY'  using regular expression

2024-07-12 22:39:46 - [MESSAGE][PASSED] - Text '550 Swan Lake' is set on object 'Object Repository/AdminSuiteBootstrap_Pages/VT_Bootstrap/SaleKeyboard/input__address'

2024-07-12 22:39:46 - [MESSAGE][PASSED] - Text 'Suite 500' is set on object 'Object Repository/AdminSuiteBootstrap_Pages/VT_Bootstrap/SaleKeyboard/input__address2'

2024-07-12 22:39:47 - [MESSAGE][PASSED] - Text '22201' is set on object 'Object Repository/AdminSuiteBootstrap_Pages/VT_Bootstrap/SaleKeyboard/input__zip'

2024-07-12 22:39:48 - [MESSAGE][PASSED] - Text '' is set on object 'Object Repository/AdminSuiteBootstrap_Pages/VT_Bootstrap/SaleKeyboard/input_emailAddress'

2024-07-12 22:39:49 - [MESSAGE][PASSED] - Text '' is set on object 'Object Repository/AdminSuiteBootstrap_Pages/VT_Bootstrap/SaleKeyboard/input_smsNumber'

2024-07-12 22:39:50 - [MESSAGE][PASSED] - Text '10.50' is set on object 'Object Repository/AdminSuiteBootstrap_Pages/VT_Bootstrap/SaleKeyboard/input_amount'

2024-07-12 22:39:51 - [MESSAGE][PASSED] - Text 'Australia' is set on object 'Object Repository/AdminSuiteBootstrap_Pages/VT_Bootstrap/SaleKeyboard/input_userDefined1'

2024-07-12 22:39:51 - [MESSAGE][PASSED] - Text 'Denmark' is set on object 'Object Repository/AdminSuiteBootstrap_Pages/VT_Bootstrap/SaleKeyboard/input_userDefined2'

2024-07-12 22:39:52 - [MESSAGE][PASSED] - Text 'Sweden' is set on object 'Object Repository/AdminSuiteBootstrap_Pages/VT_Bootstrap/SaleKeyboard/input_userDefined3'

2024-07-12 22:39:53 - [MESSAGE][PASSED] - Text 'Austria' is set on object 'Object Repository/AdminSuiteBootstrap_Pages/VT_Bootstrap/SaleKeyboard/input_userDefined4'

2024-07-12 22:39:54 - [MESSAGE][PASSED] - All options with label 'Orange' are selected in object 'Object Repository/AdminSuiteBootstrap_Pages/VT_Bootstrap/SaleKeyboard/select_UDF5_DropDown'  using regular expression

2024-07-12 22:39:55 - [MESSAGE][PASSED] - All options with label 'Yellow' are selected in object 'Object Repository/AdminSuiteBootstrap_Pages/VT_Bootstrap/SaleKeyboard/select_UDF6_DropDown'  using regular expression

2024-07-12 22:39:56 - [MESSAGE][PASSED] - Text 'Norway' is set on object 'Object Repository/AdminSuiteBootstrap_Pages/VT_Bootstrap/SaleKeyboard/input_userDefined7'

2024-07-12 22:39:57 - [MESSAGE][PASSED] - Text 'Netherlands' is set on object 'Object Repository/AdminSuiteBootstrap_Pages/VT_Bootstrap/SaleKeyboard/input_userDefined8'

2024-07-12 22:39:57 - [MESSAGE][PASSED] - Text 'Switzerland' is set on object 'Object Repository/AdminSuiteBootstrap_Pages/VT_Bootstrap/SaleKeyboard/input_userDefined9'

2024-07-12 22:39:58 - [MESSAGE][PASSED] - Text 'France' is set on object 'Object Repository/AdminSuiteBootstrap_Pages/VT_Bootstrap/SaleKeyboard/input_userDefined10'

2024-07-12 22:39:59 - [MESSAGE][PASSED] - Object: 'Object Repository/AdminSuiteBootstrap_Pages/VT_Bootstrap/SaleKeyboard/button_Submit' is clicked on

2024-07-12 22:39:59 - [MESSAGE][PASSED] - adminSuiteBootstrap.virtualTerminalSetData.saleKeyboard_DataDriven is PASSED

2024-07-12 22:39:59 - [TEST_STEP][PASSED] - if (verifyTextPresent("Transaction Successful", true)): null

2024-07-12 22:40:00 - [MESSAGE][PASSED] - Text 'Transaction Successful' is present on page  using regular expression

2024-07-12 22:40:00 - [TEST_STEP][PASSED] - sdf = getText(findTestObject(path_Receipt + "td_AutoNoC031622113752957Ahm")): Text of object 'Object Repository/AdminSuiteBootstrap_Pages/VT_Bootstrap/Receipt/td_AutoNoC031622113752957Ahm' is: 'AutoNoC071224223228651Ahm'

2024-07-12 22:40:00 - [MESSAGE][PASSED] - Text of object 'Object Repository/AdminSuiteBootstrap_Pages/VT_Bootstrap/Receipt/td_AutoNoC031622113752957Ahm' is: 'AutoNoC071224223228651Ahm'

2024-07-12 22:40:00 - [TEST_STEP][PASSED] - out.println("sdf: " + sdf): null

2024-07-12 22:40:00 - [TEST_STEP][PASSED] - remID = sdf: null

2024-07-12 22:40:00 - [TEST_STEP][PASSED] - out.println("remID: " + remID): null

2024-07-12 22:40:00 - [TEST_STEP][PASSED] - click(findTestObject(path_Receipt + "button_Continue")): Object: 'Object Repository/AdminSuiteBootstrap_Pages/VT_Bootstrap/Receipt/button_Continue' is clicked on

2024-07-12 22:40:01 - [MESSAGE][PASSED] - Object: 'Object Repository/AdminSuiteBootstrap_Pages/VT_Bootstrap/Receipt/button_Continue' is clicked on

2024-07-12 22:40:01 - [TEST_STEP][PASSED] - click(findTestObject(path_VT + "a_Search Transactions")): Object: 'Object Repository/AdminSuiteBootstrap_Pages/VT_Bootstrap/IssueTransactions/a_Search Transactions' is clicked on

2024-07-12 22:40:02 - [MESSAGE][PASSED] - Object: 'Object Repository/AdminSuiteBootstrap_Pages/VT_Bootstrap/IssueTransactions/a_Search Transactions' is clicked on

2024-07-12 22:40:02 - [TEST_STEP][PASSED] - setText(findTestObject(path_CCSearch + "input_Search By_searchValue"), remID): Text 'AutoNoC071224223228651Ahm' is set on object 'Object Repository/AdminSuiteBootstrap_Pages/VT_Bootstrap/CCCreditOrVoidSearch/input_Search By_searchValue'

2024-07-12 22:40:03 - [MESSAGE][PASSED] - Text 'AutoNoC071224223228651Ahm' is set on object 'Object Repository/AdminSuiteBootstrap_Pages/VT_Bootstrap/CCCreditOrVoidSearch/input_Search By_searchValue'

2024-07-12 22:40:03 - [TEST_STEP][PASSED] - click(findTestObject(path_CCSearch + "button_Submit")): Object: 'Object Repository/AdminSuiteBootstrap_Pages/VT_Bootstrap/CCCreditOrVoidSearch/button_Submit' is clicked on

2024-07-12 22:40:04 - [MESSAGE][PASSED] - Object: 'Object Repository/AdminSuiteBootstrap_Pages/VT_Bootstrap/CCCreditOrVoidSearch/button_Submit' is clicked on

2024-07-12 22:40:04 - [TEST_STEP][PASSED] - fgr = getText(findTestObject(path_SearchResults + "div_Payment ID")): Text of object 'Object Repository/AdminSuiteBootstrap_Pages/VT_Bootstrap/SearchResults/div_Payment ID' is: 'Payment ID
Payment Type
Transaction Type
Remittance ID
Name
Total Amount
End Date
Status
12154772 Credit Card Authorization and Capture AutoNoC071224223228651Ahm Janaki James $10.50 07/12/2024 Success'

2024-07-12 22:40:04 - [MESSAGE][PASSED] - Text of object 'Object Repository/AdminSuiteBootstrap_Pages/VT_Bootstrap/SearchResults/div_Payment ID' is: 'Payment ID
Payment Type
Transaction Type
Remittance ID
Name
Total Amount
End Date
Status
12154772 Credit Card Authorization and Capture AutoNoC071224223228651Ahm Janaki James $10.50 07/12/2024 Success'

2024-07-12 22:40:04 - [TEST_STEP][PASSED] - payID = substring(89, 98).trim(): null

2024-07-12 22:40:04 - [TEST_STEP][PASSED] - out.println("payID: " + payID): null

2024-07-12 22:40:04 - [TEST_STEP][PASSED] - click(findTestObject(path_SearchResults + "button_PaymentID")): Object: 'Object Repository/AdminSuiteBootstrap_Pages/VT_Bootstrap/SearchResults/button_PaymentID' is clicked on

2024-07-12 22:40:05 - [MESSAGE][PASSED] - Object: 'Object Repository/AdminSuiteBootstrap_Pages/VT_Bootstrap/SearchResults/button_PaymentID' is clicked on

2024-07-12 22:40:05 - [TEST_STEP][PASSED] - verifyTextPresent("Tender Type", true): Text 'Tender Type' is present on page  using regular expression

2024-07-12 22:40:06 - [MESSAGE][PASSED] - Text 'Tender Type' is present on page  using regular expression

2024-07-12 22:40:06 - [TEST_STEP][PASSED] - verifyTextPresent("Credit Card", true): Text 'Credit Card' is present on page  using regular expression

2024-07-12 22:40:06 - [MESSAGE][PASSED] - Text 'Credit Card' is present on page  using regular expression

2024-07-12 22:40:06 - [TEST_STEP][PASSED] - verifyTextPresent("Transaction Type", true): Text 'Transaction Type' is present on page  using regular expression

2024-07-12 22:40:07 - [MESSAGE][PASSED] - Text 'Transaction Type' is present on page  using regular expression

2024-07-12 22:40:07 - [TEST_STEP][PASSED] - verifyTextPresent("Authorization and Capture", true): Text 'Authorization and Capture' is present on page  using regular expression

2024-07-12 22:40:07 - [MESSAGE][PASSED] - Text 'Authorization and Capture' is present on page  using regular expression

2024-07-12 22:40:07 - [TEST_STEP][PASSED] - verifyTextPresent("Transaction Posted by", true): Text 'Transaction Posted by' is present on page  using regular expression

2024-07-12 22:40:07 - [MESSAGE][PASSED] - Text 'Transaction Posted by' is present on page  using regular expression

2024-07-12 22:40:07 - [TEST_STEP][PASSED] - verifyTextPresent("iahmed", true): Text 'iahmed' is present on page  using regular expression

2024-07-12 22:40:08 - [MESSAGE][PASSED] - Text 'iahmed' is present on page  using regular expression

2024-07-12 22:40:08 - [TEST_STEP][PASSED] - click(findTestObject(path_TranxDetails + "a_Void this transaction")): Object: 'Object Repository/AdminSuiteBootstrap_Pages/VT_Bootstrap/TransactionDetails/a_Void this transaction' is clicked on

2024-07-12 22:40:09 - [MESSAGE][PASSED] - Object: 'Object Repository/AdminSuiteBootstrap_Pages/VT_Bootstrap/TransactionDetails/a_Void this transaction' is clicked on

2024-07-12 22:40:09 - [TEST_STEP][PASSED] - verifyTextPresent("The following transaction will be voided", true): Text 'The following transaction will be voided' is present on page  using regular expression

2024-07-12 22:40:09 - [MESSAGE][PASSED] - Text 'The following transaction will be voided' is present on page  using regular expression

2024-07-12 22:40:09 - [TEST_STEP][PASSED] - verifyTextPresent("Please press submit to continue", true): Text 'Please press submit to continue' is present on page  using regular expression

2024-07-12 22:40:09 - [MESSAGE][PASSED] - Text 'Please press submit to continue' is present on page  using regular expression

2024-07-12 22:40:09 - [TEST_STEP][PASSED] - click(findTestObject(path_TranxDetails + "button_Submit")): Object: 'Object Repository/AdminSuiteBootstrap_Pages/VT_Bootstrap/TransactionDetails/button_Submit' is clicked on

2024-07-12 22:40:11 - [MESSAGE][PASSED] - Object: 'Object Repository/AdminSuiteBootstrap_Pages/VT_Bootstrap/TransactionDetails/button_Submit' is clicked on

2024-07-12 22:40:11 - [TEST_STEP][PASSED] - verifyTextPresent("Transaction Successful", true): Text 'Transaction Successful' is present on page  using regular expression

2024-07-12 22:40:11 - [MESSAGE][PASSED] - Text 'Transaction Successful' is present on page  using regular expression

2024-07-12 22:40:11 - [TEST_STEP][PASSED] - verifyTextPresent("Transaction Type", true): Text 'Transaction Type' is present on page  using regular expression

2024-07-12 22:40:12 - [MESSAGE][PASSED] - Text 'Transaction Type' is present on page  using regular expression

2024-07-12 22:40:12 - [TEST_STEP][PASSED] - verifyTextPresent("Void", true): Text 'Void' is present on page  using regular expression

2024-07-12 22:40:12 - [MESSAGE][PASSED] - Text 'Void' is present on page  using regular expression

2024-07-12 22:40:12 - [TEST_STEP][PASSED] - closeBrowser(): Browser is closed

2024-07-12 22:40:13 - [MESSAGE][PASSED] - Browser is closed

2024-07-12 22:40:13 - [TEST_STEP][PASSED] - ExecuteTC = findTestData(dataFile).getValue("Execute", row): null

2024-07-12 22:40:13 - [TEST_STEP][PASSED] - out.println("Value of Execute is : " + ExecuteTC): null

2024-07-12 22:40:13 - [TEST_STEP][PASSED] - switch (executionProfile): null

2024-07-12 22:40:13 - [TEST_STEP][PASSED] - case "QA2Profile":: null

2024-07-12 22:40:13 - [TEST_STEP][PASSED] - appName = findTestData(dataFile).getValue("AppNameQA", row): null

2024-07-12 22:40:13 - [TEST_STEP][PASSED] - appID = findTestData(dataFile).getValue("AppIDQA", row): null

2024-07-12 22:40:13 - [TEST_STEP][PASSED] - break: null

2024-07-12 22:40:13 - [TEST_STEP][PASSED] - hrefAppID = li_1 + appID + li_2: null

2024-07-12 22:40:13 - [TEST_STEP][PASSED] - hrefApp = li_1 + appID + "/": null

2024-07-12 22:40:13 - [TEST_STEP][PASSED] - println("hrefApp : " + hrefApp): null

2024-07-12 22:40:13 - [TEST_STEP][PASSED] - if (ExecuteTC.equalsIgnoreCase("Y")): null

2024-07-12 22:40:13 - [TEST_STEP][PASSED] - out.println("Begin Record Number: " + row): null

2024-07-12 22:40:13 - [TEST_STEP][PASSED] - today = new java.util.Date(): null

2024-07-12 22:40:13 - [TEST_STEP][PASSED] - println(today): null

2024-07-12 22:40:13 - [TEST_STEP][PASSED] - datText = today: null

2024-07-12 22:40:13 - [TEST_STEP][PASSED] - adminSuiteBootstrap.loginFunctionality.login_AdminSuite(): adminSuiteBootstrap.loginFunctionality.login_AdminSuite is PASSED

2024-07-12 22:40:13 - [MESSAGE][INFO] - Starting 'Chrome' driver

2024-07-12 22:40:13 - [MESSAGE][INFO] - User set preference: ['acceptInsecureCerts', 'true']

2024-07-12 22:40:13 - [MESSAGE][INFO] - Action delay is set to 0 milliseconds

2024-07-12 22:40:16 - [MESSAGE][PASSED] - Browser is opened with url: 'https://qa2.velocitypayment.com/admin/imtiaz'

2024-07-12 22:40:16 - [MESSAGE][PASSED] - Current window maximized

2024-07-12 22:40:17 - [MESSAGE][PASSED] - Object 'Object Repository/Login_Page/Login_Username_Okta' is present

2024-07-12 22:40:18 - [MESSAGE][PASSED] - Text 'iahmed' is set on object 'Object Repository/Login_Page/Login_Username_Okta'

2024-07-12 22:40:18 - [MESSAGE][PASSED] - Text 'Hello!6666666' is set on object 'Object Repository/Login_Page/Login_Password_Okta'

2024-07-12 22:40:19 - [MESSAGE][PASSED] - Object: 'Object Repository/Login_Page/Login_Submit_Okta' is clicked on

2024-07-12 22:40:19 - [MESSAGE][PASSED] - adminSuiteBootstrap.loginFunctionality.login_AdminSuite is PASSED

2024-07-12 22:40:19 - [TEST_STEP][PASSED] - click(findTestObject(path_Dashboard + appName)): Object: 'Object Repository/AdminSuiteBootstrap_Pages/Dashboard_Bootstrap/a_Access AutoNoCFtp' is clicked on

2024-07-12 22:40:27 - [MESSAGE][PASSED] - Object: 'Object Repository/AdminSuiteBootstrap_Pages/Dashboard_Bootstrap/a_Access AutoNoCFtp' is clicked on

2024-07-12 22:40:27 - [TEST_STEP][PASSED] - click(findTestObject(path_VT + "button_Authorization  Capture (Sale)")): Object: 'Object Repository/AdminSuiteBootstrap_Pages/VT_Bootstrap/IssueTransactions/button_Authorization  Capture (Sale)' is clicked on

2024-07-12 22:40:28 - [MESSAGE][PASSED] - Object: 'Object Repository/AdminSuiteBootstrap_Pages/VT_Bootstrap/IssueTransactions/button_Authorization  Capture (Sale)' is clicked on

2024-07-12 22:40:28 - [TEST_STEP][PASSED] - saleKeyboardEntryLink = modifyObjectProperty(findTestObject(path_VT + "a_KeyboardEntry_Sale"), "href", "equals", hrefAppID, true): Modify property of object successfully

2024-07-12 22:40:28 - [MESSAGE][PASSED] - Modify property of object successfully

2024-07-12 22:40:28 - [TEST_STEP][PASSED] - click(saleKeyboardEntryLink): Object: 'Object Repository/AdminSuiteBootstrap_Pages/VT_Bootstrap/IssueTransactions/a_KeyboardEntry_Sale' is clicked on

2024-07-12 22:40:29 - [MESSAGE][PASSED] - Object: 'Object Repository/AdminSuiteBootstrap_Pages/VT_Bootstrap/IssueTransactions/a_KeyboardEntry_Sale' is clicked on

2024-07-12 22:40:29 - [TEST_STEP][PASSED] - adminSuiteBootstrap.virtualTerminalSetData.saleKeyboard_DataDriven(row, dataFile): adminSuiteBootstrap.virtualTerminalSetData.saleKeyboard_DataDriven is PASSED

2024-07-12 22:40:32 - [MESSAGE][PASSED] - Text 'Janaki James' is set on object 'Object Repository/AdminSuiteBootstrap_Pages/VT_Bootstrap/SaleKeyboard/input_cardName'

2024-07-12 22:40:33 - [MESSAGE][PASSED] - All options with value 'MOTO' are selected in object 'Object Repository/AdminSuiteBootstrap_Pages/VT_Bootstrap/SaleKeyboard/select_transactionCategory'  using regular expression

2024-07-12 22:40:34 - [MESSAGE][PASSED] - Execute JavaScript 'arguments[0].value ='6011000993026909' ' successfully

2024-07-12 22:40:34 - [MESSAGE][PASSED] - Execute JavaScript 'arguments[0].value ='123' ' successfully

2024-07-12 22:40:35 - [MESSAGE][PASSED] - All options with value '12' are selected in object 'Object Repository/AdminSuiteBootstrap_Pages/VT_Bootstrap/SaleKeyboard/select_MM'  using regular expression

2024-07-12 22:40:36 - [MESSAGE][PASSED] - All options with value '2025' are selected in object 'Object Repository/AdminSuiteBootstrap_Pages/VT_Bootstrap/SaleKeyboard/select_YYYY'  using regular expression

2024-07-12 22:40:37 - [MESSAGE][PASSED] - Text '25987 Hill Top' is set on object 'Object Repository/AdminSuiteBootstrap_Pages/VT_Bootstrap/SaleKeyboard/input__address'

2024-07-12 22:40:38 - [MESSAGE][PASSED] - Text 'Suite 500' is set on object 'Object Repository/AdminSuiteBootstrap_Pages/VT_Bootstrap/SaleKeyboard/input__address2'

2024-07-12 22:40:38 - [MESSAGE][PASSED] - Text '22201' is set on object 'Object Repository/AdminSuiteBootstrap_Pages/VT_Bootstrap/SaleKeyboard/input__zip'

2024-07-12 22:40:39 - [MESSAGE][PASSED] - Text '' is set on object 'Object Repository/AdminSuiteBootstrap_Pages/VT_Bootstrap/SaleKeyboard/input_emailAddress'

2024-07-12 22:40:40 - [MESSAGE][PASSED] - Text '' is set on object 'Object Repository/AdminSuiteBootstrap_Pages/VT_Bootstrap/SaleKeyboard/input_smsNumber'

2024-07-12 22:40:41 - [MESSAGE][PASSED] - Text '10.50' is set on object 'Object Repository/AdminSuiteBootstrap_Pages/VT_Bootstrap/SaleKeyboard/input_amount'

2024-07-12 22:40:42 - [MESSAGE][PASSED] - Text 'Australia' is set on object 'Object Repository/AdminSuiteBootstrap_Pages/VT_Bootstrap/SaleKeyboard/input_userDefined1'

2024-07-12 22:40:43 - [MESSAGE][PASSED] - Text 'Denmark' is set on object 'Object Repository/AdminSuiteBootstrap_Pages/VT_Bootstrap/SaleKeyboard/input_userDefined2'

2024-07-12 22:40:43 - [MESSAGE][PASSED] - Text 'Sweden' is set on object 'Object Repository/AdminSuiteBootstrap_Pages/VT_Bootstrap/SaleKeyboard/input_userDefined3'

2024-07-12 22:40:44 - [MESSAGE][PASSED] - Text 'Austria' is set on object 'Object Repository/AdminSuiteBootstrap_Pages/VT_Bootstrap/SaleKeyboard/input_userDefined4'

2024-07-12 22:40:45 - [MESSAGE][PASSED] - All options with label 'Orange' are selected in object 'Object Repository/AdminSuiteBootstrap_Pages/VT_Bootstrap/SaleKeyboard/select_UDF5_DropDown'  using regular expression

2024-07-12 22:40:46 - [MESSAGE][PASSED] - All options with label 'Yellow' are selected in object 'Object Repository/AdminSuiteBootstrap_Pages/VT_Bootstrap/SaleKeyboard/select_UDF6_DropDown'  using regular expression

2024-07-12 22:40:47 - [MESSAGE][PASSED] - Text 'Norway' is set on object 'Object Repository/AdminSuiteBootstrap_Pages/VT_Bootstrap/SaleKeyboard/input_userDefined7'

2024-07-12 22:40:48 - [MESSAGE][PASSED] - Text 'Netherlands' is set on object 'Object Repository/AdminSuiteBootstrap_Pages/VT_Bootstrap/SaleKeyboard/input_userDefined8'

2024-07-12 22:40:48 - [MESSAGE][PASSED] - Text 'Switzerland' is set on object 'Object Repository/AdminSuiteBootstrap_Pages/VT_Bootstrap/SaleKeyboard/input_userDefined9'

2024-07-12 22:40:49 - [MESSAGE][PASSED] - Text 'France' is set on object 'Object Repository/AdminSuiteBootstrap_Pages/VT_Bootstrap/SaleKeyboard/input_userDefined10'

2024-07-12 22:40:50 - [MESSAGE][PASSED] - Object: 'Object Repository/AdminSuiteBootstrap_Pages/VT_Bootstrap/SaleKeyboard/button_Submit' is clicked on

2024-07-12 22:40:50 - [MESSAGE][PASSED] - adminSuiteBootstrap.virtualTerminalSetData.saleKeyboard_DataDriven is PASSED

2024-07-12 22:40:50 - [TEST_STEP][PASSED] - if (verifyTextPresent("Transaction Successful", true)): null

2024-07-12 22:40:51 - [MESSAGE][PASSED] - Text 'Transaction Successful' is present on page  using regular expression

2024-07-12 22:40:51 - [TEST_STEP][PASSED] - sdf = getText(findTestObject(path_Receipt + "td_AutoNoC031622113752957Ahm")): Text of object 'Object Repository/AdminSuiteBootstrap_Pages/VT_Bootstrap/Receipt/td_AutoNoC031622113752957Ahm' is: 'AutoNoC071224223319831Ahm'

2024-07-12 22:40:51 - [MESSAGE][PASSED] - Text of object 'Object Repository/AdminSuiteBootstrap_Pages/VT_Bootstrap/Receipt/td_AutoNoC031622113752957Ahm' is: 'AutoNoC071224223319831Ahm'

2024-07-12 22:40:51 - [TEST_STEP][PASSED] - out.println("sdf: " + sdf): null

2024-07-12 22:40:51 - [TEST_STEP][PASSED] - remID = sdf: null

2024-07-12 22:40:51 - [TEST_STEP][PASSED] - out.println("remID: " + remID): null

2024-07-12 22:40:51 - [TEST_STEP][PASSED] - click(findTestObject(path_Receipt + "button_Continue")): Object: 'Object Repository/AdminSuiteBootstrap_Pages/VT_Bootstrap/Receipt/button_Continue' is clicked on

2024-07-12 22:40:52 - [MESSAGE][PASSED] - Object: 'Object Repository/AdminSuiteBootstrap_Pages/VT_Bootstrap/Receipt/button_Continue' is clicked on

2024-07-12 22:40:52 - [TEST_STEP][PASSED] - click(findTestObject(path_VT + "a_Search Transactions")): Object: 'Object Repository/AdminSuiteBootstrap_Pages/VT_Bootstrap/IssueTransactions/a_Search Transactions' is clicked on

2024-07-12 22:40:53 - [MESSAGE][PASSED] - Object: 'Object Repository/AdminSuiteBootstrap_Pages/VT_Bootstrap/IssueTransactions/a_Search Transactions' is clicked on

2024-07-12 22:40:53 - [TEST_STEP][PASSED] - setText(findTestObject(path_CCSearch + "input_Search By_searchValue"), remID): Text 'AutoNoC071224223319831Ahm' is set on object 'Object Repository/AdminSuiteBootstrap_Pages/VT_Bootstrap/CCCreditOrVoidSearch/input_Search By_searchValue'

2024-07-12 22:40:54 - [MESSAGE][PASSED] - Text 'AutoNoC071224223319831Ahm' is set on object 'Object Repository/AdminSuiteBootstrap_Pages/VT_Bootstrap/CCCreditOrVoidSearch/input_Search By_searchValue'

2024-07-12 22:40:54 - [TEST_STEP][PASSED] - click(findTestObject(path_CCSearch + "button_Submit")): Object: 'Object Repository/AdminSuiteBootstrap_Pages/VT_Bootstrap/CCCreditOrVoidSearch/button_Submit' is clicked on

2024-07-12 22:40:55 - [MESSAGE][PASSED] - Object: 'Object Repository/AdminSuiteBootstrap_Pages/VT_Bootstrap/CCCreditOrVoidSearch/button_Submit' is clicked on

2024-07-12 22:40:55 - [TEST_STEP][PASSED] - fgr = getText(findTestObject(path_SearchResults + "div_Payment ID")): Text of object 'Object Repository/AdminSuiteBootstrap_Pages/VT_Bootstrap/SearchResults/div_Payment ID' is: 'Payment ID
Payment Type
Transaction Type
Remittance ID
Name
Total Amount
End Date
Status
12154774 Credit Card Authorization and Capture AutoNoC071224223319831Ahm Janaki James $10.50 07/12/2024 Success'

2024-07-12 22:40:55 - [MESSAGE][PASSED] - Text of object 'Object Repository/AdminSuiteBootstrap_Pages/VT_Bootstrap/SearchResults/div_Payment ID' is: 'Payment ID
Payment Type
Transaction Type
Remittance ID
Name
Total Amount
End Date
Status
12154774 Credit Card Authorization and Capture AutoNoC071224223319831Ahm Janaki James $10.50 07/12/2024 Success'

2024-07-12 22:40:55 - [TEST_STEP][PASSED] - payID = substring(89, 98).trim(): null

2024-07-12 22:40:55 - [TEST_STEP][PASSED] - out.println("payID: " + payID): null

2024-07-12 22:40:55 - [TEST_STEP][PASSED] - click(findTestObject(path_SearchResults + "button_PaymentID")): Object: 'Object Repository/AdminSuiteBootstrap_Pages/VT_Bootstrap/SearchResults/button_PaymentID' is clicked on

2024-07-12 22:40:56 - [MESSAGE][PASSED] - Object: 'Object Repository/AdminSuiteBootstrap_Pages/VT_Bootstrap/SearchResults/button_PaymentID' is clicked on

2024-07-12 22:40:56 - [TEST_STEP][PASSED] - verifyTextPresent("Tender Type", true): Text 'Tender Type' is present on page  using regular expression

2024-07-12 22:40:57 - [MESSAGE][PASSED] - Text 'Tender Type' is present on page  using regular expression

2024-07-12 22:40:57 - [TEST_STEP][PASSED] - verifyTextPresent("Credit Card", true): Text 'Credit Card' is present on page  using regular expression

2024-07-12 22:40:57 - [MESSAGE][PASSED] - Text 'Credit Card' is present on page  using regular expression

2024-07-12 22:40:57 - [TEST_STEP][PASSED] - verifyTextPresent("Transaction Type", true): Text 'Transaction Type' is present on page  using regular expression

2024-07-12 22:40:57 - [MESSAGE][PASSED] - Text 'Transaction Type' is present on page  using regular expression

2024-07-12 22:40:57 - [TEST_STEP][PASSED] - verifyTextPresent("Authorization and Capture", true): Text 'Authorization and Capture' is present on page  using regular expression

2024-07-12 22:40:58 - [MESSAGE][PASSED] - Text 'Authorization and Capture' is present on page  using regular expression

2024-07-12 22:40:58 - [TEST_STEP][PASSED] - verifyTextPresent("Transaction Posted by", true): Text 'Transaction Posted by' is present on page  using regular expression

2024-07-12 22:40:58 - [MESSAGE][PASSED] - Text 'Transaction Posted by' is present on page  using regular expression

2024-07-12 22:40:58 - [TEST_STEP][PASSED] - verifyTextPresent("iahmed", true): Text 'iahmed' is present on page  using regular expression

2024-07-12 22:40:58 - [MESSAGE][PASSED] - Text 'iahmed' is present on page  using regular expression

2024-07-12 22:40:58 - [TEST_STEP][PASSED] - click(findTestObject(path_TranxDetails + "a_Void this transaction")): Object: 'Object Repository/AdminSuiteBootstrap_Pages/VT_Bootstrap/TransactionDetails/a_Void this transaction' is clicked on

2024-07-12 22:40:59 - [MESSAGE][PASSED] - Object: 'Object Repository/AdminSuiteBootstrap_Pages/VT_Bootstrap/TransactionDetails/a_Void this transaction' is clicked on

2024-07-12 22:40:59 - [TEST_STEP][PASSED] - verifyTextPresent("The following transaction will be voided", true): Text 'The following transaction will be voided' is present on page  using regular expression

2024-07-12 22:41:00 - [MESSAGE][PASSED] - Text 'The following transaction will be voided' is present on page  using regular expression

2024-07-12 22:41:00 - [TEST_STEP][PASSED] - verifyTextPresent("Please press submit to continue", true): Text 'Please press submit to continue' is present on page  using regular expression

2024-07-12 22:41:00 - [MESSAGE][PASSED] - Text 'Please press submit to continue' is present on page  using regular expression

2024-07-12 22:41:00 - [TEST_STEP][PASSED] - click(findTestObject(path_TranxDetails + "button_Submit")): Object: 'Object Repository/AdminSuiteBootstrap_Pages/VT_Bootstrap/TransactionDetails/button_Submit' is clicked on

2024-07-12 22:41:01 - [MESSAGE][PASSED] - Object: 'Object Repository/AdminSuiteBootstrap_Pages/VT_Bootstrap/TransactionDetails/button_Submit' is clicked on

2024-07-12 22:41:01 - [TEST_STEP][PASSED] - verifyTextPresent("Transaction Successful", true): Text 'Transaction Successful' is present on page  using regular expression

2024-07-12 22:41:02 - [MESSAGE][PASSED] - Text 'Transaction Successful' is present on page  using regular expression

2024-07-12 22:41:02 - [TEST_STEP][PASSED] - verifyTextPresent("Transaction Type", true): Text 'Transaction Type' is present on page  using regular expression

2024-07-12 22:41:02 - [MESSAGE][PASSED] - Text 'Transaction Type' is present on page  using regular expression

2024-07-12 22:41:02 - [TEST_STEP][PASSED] - verifyTextPresent("Void", true): Text 'Void' is present on page  using regular expression

2024-07-12 22:41:03 - [MESSAGE][PASSED] - Text 'Void' is present on page  using regular expression

2024-07-12 22:41:03 - [TEST_STEP][PASSED] - closeBrowser(): Browser is closed

2024-07-12 22:41:04 - [MESSAGE][PASSED] - Browser is closed]]></system-out>
         <system-err><![CDATA[]]></system-err>
      </testcase>
      <testcase name="Test Cases/Admin Suite Bootstrap/VT_TestCases/SaleAndVoidKeyboard_TP_SingleCF_Generic_Payment_TC" time="410.671" classname="Test Cases/Admin Suite Bootstrap/VT_TestCases/SaleAndVoidKeyboard_TP_SingleCF_Generic_Payment_TC" status="PASSED">
         <system-out><![CDATA[2024-07-12 22:41:04 - [TEST_CASE][PASSED] - Test Cases/Admin Suite Bootstrap/VT_TestCases/SaleAndVoidKeyboard_TP_SingleCF_Generic_Payment_TC: Test Cases/Admin Suite Bootstrap/VT_TestCases/SaleAndVoidKeyboard_TP_SingleCF_Generic_Payment_TC

2024-07-12 22:41:04 - [TEST_STEP][PASSED] - path_Dashboard = "Object Repository/AdminSuiteBootstrap_Pages/Dashboard_Bootstrap/": null

2024-07-12 22:41:04 - [TEST_STEP][PASSED] - path_VT = "Object Repository/AdminSuiteBootstrap_Pages/VT_Bootstrap/IssueTransactions/": null

2024-07-12 22:41:04 - [TEST_STEP][PASSED] - path_SaleKB = "Object Repository/AdminSuiteBootstrap_Pages/VT_Bootstrap/SaleKeyboard/": null

2024-07-12 22:41:04 - [TEST_STEP][PASSED] - path_TestMinus = "Object Repository/Page_TestMinusAndAtSigns/": null

2024-07-12 22:41:04 - [TEST_STEP][PASSED] - path_Receipt = "Object Repository/AdminSuiteBootstrap_Pages/VT_Bootstrap/Receipt/": null

2024-07-12 22:41:04 - [TEST_STEP][PASSED] - path_CCSearch = "Object Repository/AdminSuiteBootstrap_Pages/VT_Bootstrap/CCCreditOrVoidSearch/": null

2024-07-12 22:41:04 - [TEST_STEP][PASSED] - path_SearchResults = "Object Repository/AdminSuiteBootstrap_Pages/VT_Bootstrap/SearchResults/": null

2024-07-12 22:41:04 - [TEST_STEP][PASSED] - path_TranxDetails = "Object Repository/AdminSuiteBootstrap_Pages/VT_Bootstrap/TransactionDetails/": null

2024-07-12 22:41:04 - [TEST_STEP][PASSED] - li_1 = vpos_Prefix: null

2024-07-12 22:41:04 - [TEST_STEP][PASSED] - li_2 = "/transactions/AuthCapForm/": null

2024-07-12 22:41:04 - [TEST_STEP][PASSED] - executionProfile = getExecutionProfile(): null

2024-07-12 22:41:04 - [TEST_STEP][PASSED] - out.println("executionProfile : " + executionProfile): null

2024-07-12 22:41:04 - [TEST_STEP][PASSED] - appName = <not implemented yet for class: org.codehaus.groovy.ast.expr.EmptyExpression>: null

2024-07-12 22:41:04 - [TEST_STEP][PASSED] - appID = <not implemented yet for class: org.codehaus.groovy.ast.expr.EmptyExpression>: null

2024-07-12 22:41:04 - [TEST_STEP][PASSED] - cardNameV = <not implemented yet for class: org.codehaus.groovy.ast.expr.EmptyExpression>: null

2024-07-12 22:41:04 - [TEST_STEP][PASSED] - al1V = <not implemented yet for class: org.codehaus.groovy.ast.expr.EmptyExpression>: null

2024-07-12 22:41:04 - [TEST_STEP][PASSED] - al2V = <not implemented yet for class: org.codehaus.groovy.ast.expr.EmptyExpression>: null

2024-07-12 22:41:04 - [TEST_STEP][PASSED] - zipV = <not implemented yet for class: org.codehaus.groovy.ast.expr.EmptyExpression>: null

2024-07-12 22:41:04 - [TEST_STEP][PASSED] - cardTypeV = <not implemented yet for class: org.codehaus.groovy.ast.expr.EmptyExpression>: null

2024-07-12 22:41:04 - [TEST_STEP][PASSED] - last4V = <not implemented yet for class: org.codehaus.groovy.ast.expr.EmptyExpression>: null

2024-07-12 22:41:04 - [TEST_STEP][PASSED] - resText = "Fail": null

2024-07-12 22:41:04 - [TEST_STEP][PASSED] - resColumn = "Result": null

2024-07-12 22:41:04 - [TEST_STEP][PASSED] - datCloumn = "Date": null

2024-07-12 22:41:04 - [TEST_STEP][PASSED] - fileLoc = "C:\KatalonData\Bootstrap\VT-Data.xlsx": null

2024-07-12 22:41:04 - [TEST_STEP][PASSED] - numOfRows = <not implemented yet for class: org.codehaus.groovy.ast.expr.EmptyExpression>: null

2024-07-12 22:41:04 - [TEST_STEP][PASSED] - dataFile = <not implemented yet for class: org.codehaus.groovy.ast.expr.EmptyExpression>: null

2024-07-12 22:41:04 - [TEST_STEP][PASSED] - nameSheet = <not implemented yet for class: org.codehaus.groovy.ast.expr.EmptyExpression>: null

2024-07-12 22:41:04 - [TEST_STEP][PASSED] - nameSheet = "VT-SaleVoid-SingleCF-Generic": null

2024-07-12 22:41:04 - [TEST_STEP][PASSED] - numOfRows = findTestData("QA/Bootstrap/VT-TestData/VT-SaleVoidData-SingleCF-Generic").getRowNumbers(): null

2024-07-12 22:41:04 - [TEST_STEP][PASSED] - println("Number of Records: " + numOfRows): null

2024-07-12 22:41:04 - [TEST_STEP][PASSED] - dataFile = "QA/Bootstrap/VT-TestData/VT-SaleVoidData-SingleCF-Generic": null

2024-07-12 22:41:04 - [TEST_STEP][PASSED] - for ([row = 1, row <= numOfRows, (row++)]): null

2024-07-12 22:41:04 - [TEST_STEP][PASSED] - ExecuteTC = findTestData(dataFile).getValue("Execute", row): null

2024-07-12 22:41:05 - [TEST_STEP][PASSED] - out.println("Value of Execute is : " + ExecuteTC): null

2024-07-12 22:41:05 - [TEST_STEP][PASSED] - switch (executionProfile): null

2024-07-12 22:41:05 - [TEST_STEP][PASSED] - case "QA2Profile":: null

2024-07-12 22:41:05 - [TEST_STEP][PASSED] - appName = findTestData(dataFile).getValue("AppNameQA", row): null

2024-07-12 22:41:05 - [TEST_STEP][PASSED] - appID = findTestData(dataFile).getValue("AppIDQA", row): null

2024-07-12 22:41:05 - [TEST_STEP][PASSED] - break: null

2024-07-12 22:41:05 - [TEST_STEP][PASSED] - hrefAppID = li_1 + appID + li_2: null

2024-07-12 22:41:05 - [TEST_STEP][PASSED] - hrefApp = li_1 + appID + "/": null

2024-07-12 22:41:05 - [TEST_STEP][PASSED] - println("hrefApp : " + hrefApp): null

2024-07-12 22:41:05 - [TEST_STEP][PASSED] - if (ExecuteTC.equalsIgnoreCase("Y")): null

2024-07-12 22:41:05 - [TEST_STEP][PASSED] - out.println("Begin Record Number: " + row): null

2024-07-12 22:41:05 - [TEST_STEP][PASSED] - today = new java.util.Date(): null

2024-07-12 22:41:05 - [TEST_STEP][PASSED] - println(today): null

2024-07-12 22:41:05 - [TEST_STEP][PASSED] - datText = today: null

2024-07-12 22:41:05 - [TEST_STEP][PASSED] - adminSuiteBootstrap.loginFunctionality.login_AdminSuite(): adminSuiteBootstrap.loginFunctionality.login_AdminSuite is PASSED

2024-07-12 22:41:05 - [MESSAGE][INFO] - Starting 'Chrome' driver

2024-07-12 22:41:05 - [MESSAGE][INFO] - User set preference: ['acceptInsecureCerts', 'true']

2024-07-12 22:41:05 - [MESSAGE][INFO] - Action delay is set to 0 milliseconds

2024-07-12 22:41:08 - [MESSAGE][PASSED] - Browser is opened with url: 'https://qa2.velocitypayment.com/admin/imtiaz'

2024-07-12 22:41:08 - [MESSAGE][PASSED] - Current window maximized

2024-07-12 22:41:08 - [MESSAGE][PASSED] - Object 'Object Repository/Login_Page/Login_Username_Okta' is present

2024-07-12 22:41:09 - [MESSAGE][PASSED] - Text 'iahmed' is set on object 'Object Repository/Login_Page/Login_Username_Okta'

2024-07-12 22:41:10 - [MESSAGE][PASSED] - Text 'Hello!6666666' is set on object 'Object Repository/Login_Page/Login_Password_Okta'

2024-07-12 22:41:11 - [MESSAGE][PASSED] - Object: 'Object Repository/Login_Page/Login_Submit_Okta' is clicked on

2024-07-12 22:41:11 - [MESSAGE][PASSED] - adminSuiteBootstrap.loginFunctionality.login_AdminSuite is PASSED

2024-07-12 22:41:11 - [TEST_STEP][PASSED] - click(findTestObject(path_Dashboard + appName)): Object: 'Object Repository/AdminSuiteBootstrap_Pages/Dashboard_Bootstrap/a_Access AutoSingleCFtpQA' is clicked on

2024-07-12 22:41:18 - [MESSAGE][PASSED] - Object: 'Object Repository/AdminSuiteBootstrap_Pages/Dashboard_Bootstrap/a_Access AutoSingleCFtpQA' is clicked on

2024-07-12 22:41:18 - [TEST_STEP][PASSED] - click(findTestObject(path_VT + "button_Authorization  Capture (Sale)")): Object: 'Object Repository/AdminSuiteBootstrap_Pages/VT_Bootstrap/IssueTransactions/button_Authorization  Capture (Sale)' is clicked on

2024-07-12 22:41:19 - [MESSAGE][PASSED] - Object: 'Object Repository/AdminSuiteBootstrap_Pages/VT_Bootstrap/IssueTransactions/button_Authorization  Capture (Sale)' is clicked on

2024-07-12 22:41:19 - [TEST_STEP][PASSED] - saleKeyboardEntryLink = modifyObjectProperty(findTestObject(path_VT + "a_KeyboardEntry_Sale"), "href", "equals", hrefAppID, true): Modify property of object successfully

2024-07-12 22:41:19 - [MESSAGE][PASSED] - Modify property of object successfully

2024-07-12 22:41:19 - [TEST_STEP][PASSED] - click(saleKeyboardEntryLink): Object: 'Object Repository/AdminSuiteBootstrap_Pages/VT_Bootstrap/IssueTransactions/a_KeyboardEntry_Sale' is clicked on

2024-07-12 22:41:20 - [MESSAGE][PASSED] - Object: 'Object Repository/AdminSuiteBootstrap_Pages/VT_Bootstrap/IssueTransactions/a_KeyboardEntry_Sale' is clicked on

2024-07-12 22:41:20 - [TEST_STEP][PASSED] - adminSuiteBootstrap.virtualTerminalSetData.saleKeyboard_DataDriven(row, dataFile): adminSuiteBootstrap.virtualTerminalSetData.saleKeyboard_DataDriven is PASSED

2024-07-12 22:41:23 - [MESSAGE][PASSED] - Text 'Tulsi Raman' is set on object 'Object Repository/AdminSuiteBootstrap_Pages/VT_Bootstrap/SaleKeyboard/input_cardName'

2024-07-12 22:41:24 - [MESSAGE][PASSED] - All options with value 'RETL' are selected in object 'Object Repository/AdminSuiteBootstrap_Pages/VT_Bootstrap/SaleKeyboard/select_transactionCategory'  using regular expression

2024-07-12 22:41:25 - [MESSAGE][PASSED] - Execute JavaScript 'arguments[0].value ='4012000098765439' ' successfully

2024-07-12 22:41:25 - [MESSAGE][PASSED] - Execute JavaScript 'arguments[0].value ='123' ' successfully

2024-07-12 22:41:26 - [MESSAGE][PASSED] - All options with value '12' are selected in object 'Object Repository/AdminSuiteBootstrap_Pages/VT_Bootstrap/SaleKeyboard/select_MM'  using regular expression

2024-07-12 22:41:27 - [MESSAGE][PASSED] - All options with value '2025' are selected in object 'Object Repository/AdminSuiteBootstrap_Pages/VT_Bootstrap/SaleKeyboard/select_YYYY'  using regular expression

2024-07-12 22:41:28 - [MESSAGE][PASSED] - Text '36 Cornor Road' is set on object 'Object Repository/AdminSuiteBootstrap_Pages/VT_Bootstrap/SaleKeyboard/input__address'

2024-07-12 22:41:29 - [MESSAGE][PASSED] - Text 'Suite 500' is set on object 'Object Repository/AdminSuiteBootstrap_Pages/VT_Bootstrap/SaleKeyboard/input__address2'

2024-07-12 22:41:30 - [MESSAGE][PASSED] - Text '22201' is set on object 'Object Repository/AdminSuiteBootstrap_Pages/VT_Bootstrap/SaleKeyboard/input__zip'

2024-07-12 22:41:30 - [MESSAGE][PASSED] - Text '' is set on object 'Object Repository/AdminSuiteBootstrap_Pages/VT_Bootstrap/SaleKeyboard/input_emailAddress'

2024-07-12 22:41:32 - [MESSAGE][PASSED] - Text '' is set on object 'Object Repository/AdminSuiteBootstrap_Pages/VT_Bootstrap/SaleKeyboard/input_smsNumber'

2024-07-12 22:41:32 - [MESSAGE][PASSED] - Text '10.50' is set on object 'Object Repository/AdminSuiteBootstrap_Pages/VT_Bootstrap/SaleKeyboard/input_amount'

2024-07-12 22:41:34 - [MESSAGE][PASSED] - Text 'Australia' is set on object 'Object Repository/AdminSuiteBootstrap_Pages/VT_Bootstrap/SaleKeyboard/input_userDefined1'

2024-07-12 22:41:34 - [MESSAGE][PASSED] - Text 'Denmark' is set on object 'Object Repository/AdminSuiteBootstrap_Pages/VT_Bootstrap/SaleKeyboard/input_userDefined2'

2024-07-12 22:41:35 - [MESSAGE][PASSED] - Text 'Sweden' is set on object 'Object Repository/AdminSuiteBootstrap_Pages/VT_Bootstrap/SaleKeyboard/input_userDefined3'

2024-07-12 22:41:36 - [MESSAGE][PASSED] - Text 'Austria' is set on object 'Object Repository/AdminSuiteBootstrap_Pages/VT_Bootstrap/SaleKeyboard/input_userDefined4'

2024-07-12 22:41:37 - [MESSAGE][PASSED] - All options with label 'Orange' are selected in object 'Object Repository/AdminSuiteBootstrap_Pages/VT_Bootstrap/SaleKeyboard/select_UDF5_DropDown'  using regular expression

2024-07-12 22:41:38 - [MESSAGE][PASSED] - All options with label 'Yellow' are selected in object 'Object Repository/AdminSuiteBootstrap_Pages/VT_Bootstrap/SaleKeyboard/select_UDF6_DropDown'  using regular expression

2024-07-12 22:41:38 - [MESSAGE][PASSED] - Text 'Norway' is set on object 'Object Repository/AdminSuiteBootstrap_Pages/VT_Bootstrap/SaleKeyboard/input_userDefined7'

2024-07-12 22:41:39 - [MESSAGE][PASSED] - Text 'Netherlands' is set on object 'Object Repository/AdminSuiteBootstrap_Pages/VT_Bootstrap/SaleKeyboard/input_userDefined8'

2024-07-12 22:41:40 - [MESSAGE][PASSED] - Text 'Switzerland' is set on object 'Object Repository/AdminSuiteBootstrap_Pages/VT_Bootstrap/SaleKeyboard/input_userDefined9'

2024-07-12 22:41:40 - [MESSAGE][PASSED] - Text 'France' is set on object 'Object Repository/AdminSuiteBootstrap_Pages/VT_Bootstrap/SaleKeyboard/input_userDefined10'

2024-07-12 22:41:42 - [MESSAGE][PASSED] - Object: 'Object Repository/AdminSuiteBootstrap_Pages/VT_Bootstrap/SaleKeyboard/button_Submit' is clicked on

2024-07-12 22:41:42 - [MESSAGE][PASSED] - adminSuiteBootstrap.virtualTerminalSetData.saleKeyboard_DataDriven is PASSED

2024-07-12 22:41:42 - [TEST_STEP][PASSED] - if (verifyTextPresent("Transaction Successful", true)): null

2024-07-12 22:41:42 - [MESSAGE][PASSED] - Text 'Transaction Successful' is present on page  using regular expression

2024-07-12 22:41:42 - [TEST_STEP][PASSED] - sdf = getText(findTestObject(path_Receipt + "td_AutoNoC031622113752957Ahm")): Text of object 'Object Repository/AdminSuiteBootstrap_Pages/VT_Bootstrap/Receipt/td_AutoNoC031622113752957Ahm' is: 'AutoSin071224223411085Ahm'

2024-07-12 22:41:43 - [MESSAGE][PASSED] - Text of object 'Object Repository/AdminSuiteBootstrap_Pages/VT_Bootstrap/Receipt/td_AutoNoC031622113752957Ahm' is: 'AutoSin071224223411085Ahm'

2024-07-12 22:41:43 - [TEST_STEP][PASSED] - out.println("sdf: " + sdf): null

2024-07-12 22:41:43 - [TEST_STEP][PASSED] - remID = sdf: null

2024-07-12 22:41:43 - [TEST_STEP][PASSED] - out.println("remID: " + remID): null

2024-07-12 22:41:43 - [TEST_STEP][PASSED] - click(findTestObject(path_Receipt + "button_Continue")): Object: 'Object Repository/AdminSuiteBootstrap_Pages/VT_Bootstrap/Receipt/button_Continue' is clicked on

2024-07-12 22:41:44 - [MESSAGE][PASSED] - Object: 'Object Repository/AdminSuiteBootstrap_Pages/VT_Bootstrap/Receipt/button_Continue' is clicked on

2024-07-12 22:41:44 - [TEST_STEP][PASSED] - click(findTestObject(path_VT + "a_Search Transactions")): Object: 'Object Repository/AdminSuiteBootstrap_Pages/VT_Bootstrap/IssueTransactions/a_Search Transactions' is clicked on

2024-07-12 22:41:45 - [MESSAGE][PASSED] - Object: 'Object Repository/AdminSuiteBootstrap_Pages/VT_Bootstrap/IssueTransactions/a_Search Transactions' is clicked on

2024-07-12 22:41:45 - [TEST_STEP][PASSED] - setText(findTestObject(path_CCSearch + "input_Search By_searchValue"), remID): Text 'AutoSin071224223411085Ahm' is set on object 'Object Repository/AdminSuiteBootstrap_Pages/VT_Bootstrap/CCCreditOrVoidSearch/input_Search By_searchValue'

2024-07-12 22:41:45 - [MESSAGE][PASSED] - Text 'AutoSin071224223411085Ahm' is set on object 'Object Repository/AdminSuiteBootstrap_Pages/VT_Bootstrap/CCCreditOrVoidSearch/input_Search By_searchValue'

2024-07-12 22:41:45 - [TEST_STEP][PASSED] - click(findTestObject(path_CCSearch + "button_Submit")): Object: 'Object Repository/AdminSuiteBootstrap_Pages/VT_Bootstrap/CCCreditOrVoidSearch/button_Submit' is clicked on

2024-07-12 22:41:46 - [MESSAGE][PASSED] - Object: 'Object Repository/AdminSuiteBootstrap_Pages/VT_Bootstrap/CCCreditOrVoidSearch/button_Submit' is clicked on

2024-07-12 22:41:46 - [TEST_STEP][PASSED] - fgr = getText(findTestObject(path_SearchResults + "div_Payment ID")): Text of object 'Object Repository/AdminSuiteBootstrap_Pages/VT_Bootstrap/SearchResults/div_Payment ID' is: 'Payment ID
Payment Type
Transaction Type
Remittance ID
Name
Total Amount
End Date
Status
12154776 Credit Card Authorization and Capture AutoSin071224223411085Ahm Tulsi Raman $15.50 07/12/2024 Success'

2024-07-12 22:41:47 - [MESSAGE][PASSED] - Text of object 'Object Repository/AdminSuiteBootstrap_Pages/VT_Bootstrap/SearchResults/div_Payment ID' is: 'Payment ID
Payment Type
Transaction Type
Remittance ID
Name
Total Amount
End Date
Status
12154776 Credit Card Authorization and Capture AutoSin071224223411085Ahm Tulsi Raman $15.50 07/12/2024 Success'

2024-07-12 22:41:47 - [TEST_STEP][PASSED] - payID = substring(89, 98).trim(): null

2024-07-12 22:41:47 - [TEST_STEP][PASSED] - out.println("payID: " + payID): null

2024-07-12 22:41:47 - [TEST_STEP][PASSED] - click(findTestObject(path_SearchResults + "button_PaymentID")): Object: 'Object Repository/AdminSuiteBootstrap_Pages/VT_Bootstrap/SearchResults/button_PaymentID' is clicked on

2024-07-12 22:41:47 - [MESSAGE][PASSED] - Object: 'Object Repository/AdminSuiteBootstrap_Pages/VT_Bootstrap/SearchResults/button_PaymentID' is clicked on

2024-07-12 22:41:47 - [TEST_STEP][PASSED] - verifyTextPresent("Tender Type", true): Text 'Tender Type' is present on page  using regular expression

2024-07-12 22:41:48 - [MESSAGE][PASSED] - Text 'Tender Type' is present on page  using regular expression

2024-07-12 22:41:48 - [TEST_STEP][PASSED] - verifyTextPresent("Credit Card", true): Text 'Credit Card' is present on page  using regular expression

2024-07-12 22:41:48 - [MESSAGE][PASSED] - Text 'Credit Card' is present on page  using regular expression

2024-07-12 22:41:48 - [TEST_STEP][PASSED] - verifyTextPresent("Transaction Type", true): Text 'Transaction Type' is present on page  using regular expression

2024-07-12 22:41:49 - [MESSAGE][PASSED] - Text 'Transaction Type' is present on page  using regular expression

2024-07-12 22:41:49 - [TEST_STEP][PASSED] - verifyTextPresent("Authorization and Capture", true): Text 'Authorization and Capture' is present on page  using regular expression

2024-07-12 22:41:49 - [MESSAGE][PASSED] - Text 'Authorization and Capture' is present on page  using regular expression

2024-07-12 22:41:49 - [TEST_STEP][PASSED] - verifyTextPresent("Transaction Posted by", true): Text 'Transaction Posted by' is present on page  using regular expression

2024-07-12 22:41:49 - [MESSAGE][PASSED] - Text 'Transaction Posted by' is present on page  using regular expression

2024-07-12 22:41:49 - [TEST_STEP][PASSED] - verifyTextPresent("iahmed", true): Text 'iahmed' is present on page  using regular expression

2024-07-12 22:41:50 - [MESSAGE][PASSED] - Text 'iahmed' is present on page  using regular expression

2024-07-12 22:41:50 - [TEST_STEP][PASSED] - click(findTestObject(path_TranxDetails + "a_Void this transaction")): Object: 'Object Repository/AdminSuiteBootstrap_Pages/VT_Bootstrap/TransactionDetails/a_Void this transaction' is clicked on

2024-07-12 22:41:51 - [MESSAGE][PASSED] - Object: 'Object Repository/AdminSuiteBootstrap_Pages/VT_Bootstrap/TransactionDetails/a_Void this transaction' is clicked on

2024-07-12 22:41:51 - [TEST_STEP][PASSED] - verifyTextPresent("The following transaction will be voided", true): Text 'The following transaction will be voided' is present on page  using regular expression

2024-07-12 22:41:51 - [MESSAGE][PASSED] - Text 'The following transaction will be voided' is present on page  using regular expression

2024-07-12 22:41:51 - [TEST_STEP][PASSED] - verifyTextPresent("Please press submit to continue", true): Text 'Please press submit to continue' is present on page  using regular expression

2024-07-12 22:41:51 - [MESSAGE][PASSED] - Text 'Please press submit to continue' is present on page  using regular expression

2024-07-12 22:41:51 - [TEST_STEP][PASSED] - click(findTestObject(path_TranxDetails + "button_Submit")): Object: 'Object Repository/AdminSuiteBootstrap_Pages/VT_Bootstrap/TransactionDetails/button_Submit' is clicked on

2024-07-12 22:41:53 - [MESSAGE][PASSED] - Object: 'Object Repository/AdminSuiteBootstrap_Pages/VT_Bootstrap/TransactionDetails/button_Submit' is clicked on

2024-07-12 22:41:53 - [TEST_STEP][PASSED] - verifyTextPresent("Transaction Successful", true): Text 'Transaction Successful' is present on page  using regular expression

2024-07-12 22:41:53 - [MESSAGE][PASSED] - Text 'Transaction Successful' is present on page  using regular expression

2024-07-12 22:41:53 - [TEST_STEP][PASSED] - verifyTextPresent("Transaction Type", true): Text 'Transaction Type' is present on page  using regular expression

2024-07-12 22:41:54 - [MESSAGE][PASSED] - Text 'Transaction Type' is present on page  using regular expression

2024-07-12 22:41:54 - [TEST_STEP][PASSED] - verifyTextPresent("Void", true): Text 'Void' is present on page  using regular expression

2024-07-12 22:41:54 - [MESSAGE][PASSED] - Text 'Void' is present on page  using regular expression

2024-07-12 22:41:54 - [TEST_STEP][PASSED] - closeBrowser(): Browser is closed

2024-07-12 22:41:55 - [MESSAGE][PASSED] - Browser is closed

2024-07-12 22:41:55 - [TEST_STEP][PASSED] - ExecuteTC = findTestData(dataFile).getValue("Execute", row): null

2024-07-12 22:41:55 - [TEST_STEP][PASSED] - out.println("Value of Execute is : " + ExecuteTC): null

2024-07-12 22:41:55 - [TEST_STEP][PASSED] - switch (executionProfile): null

2024-07-12 22:41:55 - [TEST_STEP][PASSED] - case "QA2Profile":: null

2024-07-12 22:41:55 - [TEST_STEP][PASSED] - appName = findTestData(dataFile).getValue("AppNameQA", row): null

2024-07-12 22:41:55 - [TEST_STEP][PASSED] - appID = findTestData(dataFile).getValue("AppIDQA", row): null

2024-07-12 22:41:55 - [TEST_STEP][PASSED] - break: null

2024-07-12 22:41:55 - [TEST_STEP][PASSED] - hrefAppID = li_1 + appID + li_2: null

2024-07-12 22:41:55 - [TEST_STEP][PASSED] - hrefApp = li_1 + appID + "/": null

2024-07-12 22:41:55 - [TEST_STEP][PASSED] - println("hrefApp : " + hrefApp): null

2024-07-12 22:41:55 - [TEST_STEP][PASSED] - if (ExecuteTC.equalsIgnoreCase("Y")): null

2024-07-12 22:41:55 - [TEST_STEP][PASSED] - out.println("Begin Record Number: " + row): null

2024-07-12 22:41:55 - [TEST_STEP][PASSED] - today = new java.util.Date(): null

2024-07-12 22:41:55 - [TEST_STEP][PASSED] - println(today): null

2024-07-12 22:41:55 - [TEST_STEP][PASSED] - datText = today: null

2024-07-12 22:41:55 - [TEST_STEP][PASSED] - adminSuiteBootstrap.loginFunctionality.login_AdminSuite(): adminSuiteBootstrap.loginFunctionality.login_AdminSuite is PASSED

2024-07-12 22:41:55 - [MESSAGE][INFO] - Starting 'Chrome' driver

2024-07-12 22:41:55 - [MESSAGE][INFO] - User set preference: ['acceptInsecureCerts', 'true']

2024-07-12 22:41:55 - [MESSAGE][INFO] - Action delay is set to 0 milliseconds

2024-07-12 22:41:58 - [MESSAGE][PASSED] - Browser is opened with url: 'https://qa2.velocitypayment.com/admin/imtiaz'

2024-07-12 22:41:58 - [MESSAGE][PASSED] - Current window maximized

2024-07-12 22:41:59 - [MESSAGE][PASSED] - Object 'Object Repository/Login_Page/Login_Username_Okta' is present

2024-07-12 22:42:00 - [MESSAGE][PASSED] - Text 'iahmed' is set on object 'Object Repository/Login_Page/Login_Username_Okta'

2024-07-12 22:42:00 - [MESSAGE][PASSED] - Text 'Hello!6666666' is set on object 'Object Repository/Login_Page/Login_Password_Okta'

2024-07-12 22:42:01 - [MESSAGE][PASSED] - Object: 'Object Repository/Login_Page/Login_Submit_Okta' is clicked on

2024-07-12 22:42:01 - [MESSAGE][PASSED] - adminSuiteBootstrap.loginFunctionality.login_AdminSuite is PASSED

2024-07-12 22:42:01 - [TEST_STEP][PASSED] - click(findTestObject(path_Dashboard + appName)): Object: 'Object Repository/AdminSuiteBootstrap_Pages/Dashboard_Bootstrap/a_Access AutoSingleCFtpQA' is clicked on

2024-07-12 22:42:10 - [MESSAGE][PASSED] - Object: 'Object Repository/AdminSuiteBootstrap_Pages/Dashboard_Bootstrap/a_Access AutoSingleCFtpQA' is clicked on

2024-07-12 22:42:10 - [TEST_STEP][PASSED] - click(findTestObject(path_VT + "button_Authorization  Capture (Sale)")): Object: 'Object Repository/AdminSuiteBootstrap_Pages/VT_Bootstrap/IssueTransactions/button_Authorization  Capture (Sale)' is clicked on

2024-07-12 22:42:11 - [MESSAGE][PASSED] - Object: 'Object Repository/AdminSuiteBootstrap_Pages/VT_Bootstrap/IssueTransactions/button_Authorization  Capture (Sale)' is clicked on

2024-07-12 22:42:11 - [TEST_STEP][PASSED] - saleKeyboardEntryLink = modifyObjectProperty(findTestObject(path_VT + "a_KeyboardEntry_Sale"), "href", "equals", hrefAppID, true): Modify property of object successfully

2024-07-12 22:42:11 - [MESSAGE][PASSED] - Modify property of object successfully

2024-07-12 22:42:11 - [TEST_STEP][PASSED] - click(saleKeyboardEntryLink): Object: 'Object Repository/AdminSuiteBootstrap_Pages/VT_Bootstrap/IssueTransactions/a_KeyboardEntry_Sale' is clicked on

2024-07-12 22:42:12 - [MESSAGE][PASSED] - Object: 'Object Repository/AdminSuiteBootstrap_Pages/VT_Bootstrap/IssueTransactions/a_KeyboardEntry_Sale' is clicked on

2024-07-12 22:42:12 - [TEST_STEP][PASSED] - adminSuiteBootstrap.virtualTerminalSetData.saleKeyboard_DataDriven(row, dataFile): adminSuiteBootstrap.virtualTerminalSetData.saleKeyboard_DataDriven is PASSED

2024-07-12 22:42:15 - [MESSAGE][PASSED] - Text 'Tulsi Raman' is set on object 'Object Repository/AdminSuiteBootstrap_Pages/VT_Bootstrap/SaleKeyboard/input_cardName'

2024-07-12 22:42:16 - [MESSAGE][PASSED] - All options with value 'RETL' are selected in object 'Object Repository/AdminSuiteBootstrap_Pages/VT_Bootstrap/SaleKeyboard/select_transactionCategory'  using regular expression

2024-07-12 22:42:16 - [MESSAGE][PASSED] - Execute JavaScript 'arguments[0].value ='5146312200000035' ' successfully

2024-07-12 22:42:17 - [MESSAGE][PASSED] - Execute JavaScript 'arguments[0].value ='123' ' successfully

2024-07-12 22:42:18 - [MESSAGE][PASSED] - All options with value '12' are selected in object 'Object Repository/AdminSuiteBootstrap_Pages/VT_Bootstrap/SaleKeyboard/select_MM'  using regular expression

2024-07-12 22:42:19 - [MESSAGE][PASSED] - All options with value '2025' are selected in object 'Object Repository/AdminSuiteBootstrap_Pages/VT_Bootstrap/SaleKeyboard/select_YYYY'  using regular expression

2024-07-12 22:42:20 - [MESSAGE][PASSED] - Text '1478 Jhatka Palace' is set on object 'Object Repository/AdminSuiteBootstrap_Pages/VT_Bootstrap/SaleKeyboard/input__address'

2024-07-12 22:42:21 - [MESSAGE][PASSED] - Text 'Suite 500' is set on object 'Object Repository/AdminSuiteBootstrap_Pages/VT_Bootstrap/SaleKeyboard/input__address2'

2024-07-12 22:42:21 - [MESSAGE][PASSED] - Text '22201' is set on object 'Object Repository/AdminSuiteBootstrap_Pages/VT_Bootstrap/SaleKeyboard/input__zip'

2024-07-12 22:42:22 - [MESSAGE][PASSED] - Text '' is set on object 'Object Repository/AdminSuiteBootstrap_Pages/VT_Bootstrap/SaleKeyboard/input_emailAddress'

2024-07-12 22:42:23 - [MESSAGE][PASSED] - Text '' is set on object 'Object Repository/AdminSuiteBootstrap_Pages/VT_Bootstrap/SaleKeyboard/input_smsNumber'

2024-07-12 22:42:24 - [MESSAGE][PASSED] - Text '10.50' is set on object 'Object Repository/AdminSuiteBootstrap_Pages/VT_Bootstrap/SaleKeyboard/input_amount'

2024-07-12 22:42:25 - [MESSAGE][PASSED] - Text 'Australia' is set on object 'Object Repository/AdminSuiteBootstrap_Pages/VT_Bootstrap/SaleKeyboard/input_userDefined1'

2024-07-12 22:42:26 - [MESSAGE][PASSED] - Text 'Denmark' is set on object 'Object Repository/AdminSuiteBootstrap_Pages/VT_Bootstrap/SaleKeyboard/input_userDefined2'

2024-07-12 22:42:27 - [MESSAGE][PASSED] - Text 'Sweden' is set on object 'Object Repository/AdminSuiteBootstrap_Pages/VT_Bootstrap/SaleKeyboard/input_userDefined3'

2024-07-12 22:42:27 - [MESSAGE][PASSED] - Text 'Austria' is set on object 'Object Repository/AdminSuiteBootstrap_Pages/VT_Bootstrap/SaleKeyboard/input_userDefined4'

2024-07-12 22:42:28 - [MESSAGE][PASSED] - All options with label 'Orange' are selected in object 'Object Repository/AdminSuiteBootstrap_Pages/VT_Bootstrap/SaleKeyboard/select_UDF5_DropDown'  using regular expression

2024-07-12 22:42:29 - [MESSAGE][PASSED] - All options with label 'Yellow' are selected in object 'Object Repository/AdminSuiteBootstrap_Pages/VT_Bootstrap/SaleKeyboard/select_UDF6_DropDown'  using regular expression

2024-07-12 22:42:30 - [MESSAGE][PASSED] - Text 'Norway' is set on object 'Object Repository/AdminSuiteBootstrap_Pages/VT_Bootstrap/SaleKeyboard/input_userDefined7'

2024-07-12 22:42:31 - [MESSAGE][PASSED] - Text 'Netherlands' is set on object 'Object Repository/AdminSuiteBootstrap_Pages/VT_Bootstrap/SaleKeyboard/input_userDefined8'

2024-07-12 22:42:32 - [MESSAGE][PASSED] - Text 'Switzerland' is set on object 'Object Repository/AdminSuiteBootstrap_Pages/VT_Bootstrap/SaleKeyboard/input_userDefined9'

2024-07-12 22:42:32 - [MESSAGE][PASSED] - Text 'France' is set on object 'Object Repository/AdminSuiteBootstrap_Pages/VT_Bootstrap/SaleKeyboard/input_userDefined10'

2024-07-12 22:42:34 - [MESSAGE][PASSED] - Object: 'Object Repository/AdminSuiteBootstrap_Pages/VT_Bootstrap/SaleKeyboard/button_Submit' is clicked on

2024-07-12 22:42:34 - [MESSAGE][PASSED] - adminSuiteBootstrap.virtualTerminalSetData.saleKeyboard_DataDriven is PASSED

2024-07-12 22:42:34 - [TEST_STEP][PASSED] - if (verifyTextPresent("Transaction Successful", true)): null

2024-07-12 22:42:34 - [MESSAGE][PASSED] - Text 'Transaction Successful' is present on page  using regular expression

2024-07-12 22:42:34 - [TEST_STEP][PASSED] - sdf = getText(findTestObject(path_Receipt + "td_AutoNoC031622113752957Ahm")): Text of object 'Object Repository/AdminSuiteBootstrap_Pages/VT_Bootstrap/Receipt/td_AutoNoC031622113752957Ahm' is: 'AutoSin071224223502831Ahm'

2024-07-12 22:42:35 - [MESSAGE][PASSED] - Text of object 'Object Repository/AdminSuiteBootstrap_Pages/VT_Bootstrap/Receipt/td_AutoNoC031622113752957Ahm' is: 'AutoSin071224223502831Ahm'

2024-07-12 22:42:35 - [TEST_STEP][PASSED] - out.println("sdf: " + sdf): null

2024-07-12 22:42:35 - [TEST_STEP][PASSED] - remID = sdf: null

2024-07-12 22:42:35 - [TEST_STEP][PASSED] - out.println("remID: " + remID): null

2024-07-12 22:42:35 - [TEST_STEP][PASSED] - click(findTestObject(path_Receipt + "button_Continue")): Object: 'Object Repository/AdminSuiteBootstrap_Pages/VT_Bootstrap/Receipt/button_Continue' is clicked on

2024-07-12 22:42:35 - [MESSAGE][PASSED] - Object: 'Object Repository/AdminSuiteBootstrap_Pages/VT_Bootstrap/Receipt/button_Continue' is clicked on

2024-07-12 22:42:35 - [TEST_STEP][PASSED] - click(findTestObject(path_VT + "a_Search Transactions")): Object: 'Object Repository/AdminSuiteBootstrap_Pages/VT_Bootstrap/IssueTransactions/a_Search Transactions' is clicked on

2024-07-12 22:42:36 - [MESSAGE][PASSED] - Object: 'Object Repository/AdminSuiteBootstrap_Pages/VT_Bootstrap/IssueTransactions/a_Search Transactions' is clicked on

2024-07-12 22:42:36 - [TEST_STEP][PASSED] - setText(findTestObject(path_CCSearch + "input_Search By_searchValue"), remID): Text 'AutoSin071224223502831Ahm' is set on object 'Object Repository/AdminSuiteBootstrap_Pages/VT_Bootstrap/CCCreditOrVoidSearch/input_Search By_searchValue'

2024-07-12 22:42:37 - [MESSAGE][PASSED] - Text 'AutoSin071224223502831Ahm' is set on object 'Object Repository/AdminSuiteBootstrap_Pages/VT_Bootstrap/CCCreditOrVoidSearch/input_Search By_searchValue'

2024-07-12 22:42:37 - [TEST_STEP][PASSED] - click(findTestObject(path_CCSearch + "button_Submit")): Object: 'Object Repository/AdminSuiteBootstrap_Pages/VT_Bootstrap/CCCreditOrVoidSearch/button_Submit' is clicked on

2024-07-12 22:42:38 - [MESSAGE][PASSED] - Object: 'Object Repository/AdminSuiteBootstrap_Pages/VT_Bootstrap/CCCreditOrVoidSearch/button_Submit' is clicked on

2024-07-12 22:42:38 - [TEST_STEP][PASSED] - fgr = getText(findTestObject(path_SearchResults + "div_Payment ID")): Text of object 'Object Repository/AdminSuiteBootstrap_Pages/VT_Bootstrap/SearchResults/div_Payment ID' is: 'Payment ID
Payment Type
Transaction Type
Remittance ID
Name
Total Amount
End Date
Status
12154778 Credit Card Authorization and Capture AutoSin071224223502831Ahm Tulsi Raman $15.50 07/12/2024 Success'

2024-07-12 22:42:39 - [MESSAGE][PASSED] - Text of object 'Object Repository/AdminSuiteBootstrap_Pages/VT_Bootstrap/SearchResults/div_Payment ID' is: 'Payment ID
Payment Type
Transaction Type
Remittance ID
Name
Total Amount
End Date
Status
12154778 Credit Card Authorization and Capture AutoSin071224223502831Ahm Tulsi Raman $15.50 07/12/2024 Success'

2024-07-12 22:42:39 - [TEST_STEP][PASSED] - payID = substring(89, 98).trim(): null

2024-07-12 22:42:39 - [TEST_STEP][PASSED] - out.println("payID: " + payID): null

2024-07-12 22:42:39 - [TEST_STEP][PASSED] - click(findTestObject(path_SearchResults + "button_PaymentID")): Object: 'Object Repository/AdminSuiteBootstrap_Pages/VT_Bootstrap/SearchResults/button_PaymentID' is clicked on

2024-07-12 22:42:39 - [MESSAGE][PASSED] - Object: 'Object Repository/AdminSuiteBootstrap_Pages/VT_Bootstrap/SearchResults/button_PaymentID' is clicked on

2024-07-12 22:42:39 - [TEST_STEP][PASSED] - verifyTextPresent("Tender Type", true): Text 'Tender Type' is present on page  using regular expression

2024-07-12 22:42:40 - [MESSAGE][PASSED] - Text 'Tender Type' is present on page  using regular expression

2024-07-12 22:42:40 - [TEST_STEP][PASSED] - verifyTextPresent("Credit Card", true): Text 'Credit Card' is present on page  using regular expression

2024-07-12 22:42:40 - [MESSAGE][PASSED] - Text 'Credit Card' is present on page  using regular expression

2024-07-12 22:42:40 - [TEST_STEP][PASSED] - verifyTextPresent("Transaction Type", true): Text 'Transaction Type' is present on page  using regular expression

2024-07-12 22:42:41 - [MESSAGE][PASSED] - Text 'Transaction Type' is present on page  using regular expression

2024-07-12 22:42:41 - [TEST_STEP][PASSED] - verifyTextPresent("Authorization and Capture", true): Text 'Authorization and Capture' is present on page  using regular expression

2024-07-12 22:42:41 - [MESSAGE][PASSED] - Text 'Authorization and Capture' is present on page  using regular expression

2024-07-12 22:42:41 - [TEST_STEP][PASSED] - verifyTextPresent("Transaction Posted by", true): Text 'Transaction Posted by' is present on page  using regular expression

2024-07-12 22:42:41 - [MESSAGE][PASSED] - Text 'Transaction Posted by' is present on page  using regular expression

2024-07-12 22:42:41 - [TEST_STEP][PASSED] - verifyTextPresent("iahmed", true): Text 'iahmed' is present on page  using regular expression

2024-07-12 22:42:42 - [MESSAGE][PASSED] - Text 'iahmed' is present on page  using regular expression

2024-07-12 22:42:42 - [TEST_STEP][PASSED] - click(findTestObject(path_TranxDetails + "a_Void this transaction")): Object: 'Object Repository/AdminSuiteBootstrap_Pages/VT_Bootstrap/TransactionDetails/a_Void this transaction' is clicked on

2024-07-12 22:42:43 - [MESSAGE][PASSED] - Object: 'Object Repository/AdminSuiteBootstrap_Pages/VT_Bootstrap/TransactionDetails/a_Void this transaction' is clicked on

2024-07-12 22:42:43 - [TEST_STEP][PASSED] - verifyTextPresent("The following transaction will be voided", true): Text 'The following transaction will be voided' is present on page  using regular expression

2024-07-12 22:42:43 - [MESSAGE][PASSED] - Text 'The following transaction will be voided' is present on page  using regular expression

2024-07-12 22:42:43 - [TEST_STEP][PASSED] - verifyTextPresent("Please press submit to continue", true): Text 'Please press submit to continue' is present on page  using regular expression

2024-07-12 22:42:44 - [MESSAGE][PASSED] - Text 'Please press submit to continue' is present on page  using regular expression

2024-07-12 22:42:44 - [TEST_STEP][PASSED] - click(findTestObject(path_TranxDetails + "button_Submit")): Object: 'Object Repository/AdminSuiteBootstrap_Pages/VT_Bootstrap/TransactionDetails/button_Submit' is clicked on

2024-07-12 22:42:45 - [MESSAGE][PASSED] - Object: 'Object Repository/AdminSuiteBootstrap_Pages/VT_Bootstrap/TransactionDetails/button_Submit' is clicked on

2024-07-12 22:42:45 - [TEST_STEP][PASSED] - verifyTextPresent("Transaction Successful", true): Text 'Transaction Successful' is present on page  using regular expression

2024-07-12 22:42:45 - [MESSAGE][PASSED] - Text 'Transaction Successful' is present on page  using regular expression

2024-07-12 22:42:45 - [TEST_STEP][PASSED] - verifyTextPresent("Transaction Type", true): Text 'Transaction Type' is present on page  using regular expression

2024-07-12 22:42:46 - [MESSAGE][PASSED] - Text 'Transaction Type' is present on page  using regular expression

2024-07-12 22:42:46 - [TEST_STEP][PASSED] - verifyTextPresent("Void", true): Text 'Void' is present on page  using regular expression

2024-07-12 22:42:46 - [MESSAGE][PASSED] - Text 'Void' is present on page  using regular expression

2024-07-12 22:42:46 - [TEST_STEP][PASSED] - closeBrowser(): Browser is closed

2024-07-12 22:42:47 - [MESSAGE][PASSED] - Browser is closed

2024-07-12 22:42:47 - [TEST_STEP][PASSED] - ExecuteTC = findTestData(dataFile).getValue("Execute", row): null

2024-07-12 22:42:47 - [TEST_STEP][PASSED] - out.println("Value of Execute is : " + ExecuteTC): null

2024-07-12 22:42:47 - [TEST_STEP][PASSED] - switch (executionProfile): null

2024-07-12 22:42:47 - [TEST_STEP][PASSED] - case "QA2Profile":: null

2024-07-12 22:42:47 - [TEST_STEP][PASSED] - appName = findTestData(dataFile).getValue("AppNameQA", row): null

2024-07-12 22:42:47 - [TEST_STEP][PASSED] - appID = findTestData(dataFile).getValue("AppIDQA", row): null

2024-07-12 22:42:47 - [TEST_STEP][PASSED] - break: null

2024-07-12 22:42:47 - [TEST_STEP][PASSED] - hrefAppID = li_1 + appID + li_2: null

2024-07-12 22:42:47 - [TEST_STEP][PASSED] - hrefApp = li_1 + appID + "/": null

2024-07-12 22:42:47 - [TEST_STEP][PASSED] - println("hrefApp : " + hrefApp): null

2024-07-12 22:42:47 - [TEST_STEP][PASSED] - if (ExecuteTC.equalsIgnoreCase("Y")): null

2024-07-12 22:42:47 - [TEST_STEP][PASSED] - out.println("Begin Record Number: " + row): null

2024-07-12 22:42:47 - [TEST_STEP][PASSED] - today = new java.util.Date(): null

2024-07-12 22:42:47 - [TEST_STEP][PASSED] - println(today): null

2024-07-12 22:42:47 - [TEST_STEP][PASSED] - datText = today: null

2024-07-12 22:42:47 - [TEST_STEP][PASSED] - adminSuiteBootstrap.loginFunctionality.login_AdminSuite(): adminSuiteBootstrap.loginFunctionality.login_AdminSuite is PASSED

2024-07-12 22:42:47 - [MESSAGE][INFO] - Starting 'Chrome' driver

2024-07-12 22:42:47 - [MESSAGE][INFO] - User set preference: ['acceptInsecureCerts', 'true']

2024-07-12 22:42:47 - [MESSAGE][INFO] - Action delay is set to 0 milliseconds

2024-07-12 22:42:50 - [MESSAGE][PASSED] - Browser is opened with url: 'https://qa2.velocitypayment.com/admin/imtiaz'

2024-07-12 22:42:50 - [MESSAGE][PASSED] - Current window maximized

2024-07-12 22:42:51 - [MESSAGE][PASSED] - Object 'Object Repository/Login_Page/Login_Username_Okta' is present

2024-07-12 22:42:52 - [MESSAGE][PASSED] - Text 'iahmed' is set on object 'Object Repository/Login_Page/Login_Username_Okta'

2024-07-12 22:42:53 - [MESSAGE][PASSED] - Text 'Hello!6666666' is set on object 'Object Repository/Login_Page/Login_Password_Okta'

2024-07-12 22:42:53 - [MESSAGE][PASSED] - Object: 'Object Repository/Login_Page/Login_Submit_Okta' is clicked on

2024-07-12 22:42:53 - [MESSAGE][PASSED] - adminSuiteBootstrap.loginFunctionality.login_AdminSuite is PASSED

2024-07-12 22:42:53 - [TEST_STEP][PASSED] - click(findTestObject(path_Dashboard + appName)): Object: 'Object Repository/AdminSuiteBootstrap_Pages/Dashboard_Bootstrap/a_Access AutoSingleCFtpQA' is clicked on

2024-07-12 22:43:01 - [MESSAGE][PASSED] - Object: 'Object Repository/AdminSuiteBootstrap_Pages/Dashboard_Bootstrap/a_Access AutoSingleCFtpQA' is clicked on

2024-07-12 22:43:01 - [TEST_STEP][PASSED] - click(findTestObject(path_VT + "button_Authorization  Capture (Sale)")): Object: 'Object Repository/AdminSuiteBootstrap_Pages/VT_Bootstrap/IssueTransactions/button_Authorization  Capture (Sale)' is clicked on

2024-07-12 22:43:01 - [MESSAGE][PASSED] - Object: 'Object Repository/AdminSuiteBootstrap_Pages/VT_Bootstrap/IssueTransactions/button_Authorization  Capture (Sale)' is clicked on

2024-07-12 22:43:01 - [TEST_STEP][PASSED] - saleKeyboardEntryLink = modifyObjectProperty(findTestObject(path_VT + "a_KeyboardEntry_Sale"), "href", "equals", hrefAppID, true): Modify property of object successfully

2024-07-12 22:43:01 - [MESSAGE][PASSED] - Modify property of object successfully

2024-07-12 22:43:01 - [TEST_STEP][PASSED] - click(saleKeyboardEntryLink): Object: 'Object Repository/AdminSuiteBootstrap_Pages/VT_Bootstrap/IssueTransactions/a_KeyboardEntry_Sale' is clicked on

2024-07-12 22:43:02 - [MESSAGE][PASSED] - Object: 'Object Repository/AdminSuiteBootstrap_Pages/VT_Bootstrap/IssueTransactions/a_KeyboardEntry_Sale' is clicked on

2024-07-12 22:43:02 - [TEST_STEP][PASSED] - adminSuiteBootstrap.virtualTerminalSetData.saleKeyboard_DataDriven(row, dataFile): adminSuiteBootstrap.virtualTerminalSetData.saleKeyboard_DataDriven is PASSED

2024-07-12 22:43:06 - [MESSAGE][PASSED] - Text 'Tulsi Raman' is set on object 'Object Repository/AdminSuiteBootstrap_Pages/VT_Bootstrap/SaleKeyboard/input_cardName'

2024-07-12 22:43:07 - [MESSAGE][PASSED] - All options with value 'RETL' are selected in object 'Object Repository/AdminSuiteBootstrap_Pages/VT_Bootstrap/SaleKeyboard/select_transactionCategory'  using regular expression

2024-07-12 22:43:07 - [MESSAGE][PASSED] - Execute JavaScript 'arguments[0].value ='371449635392376' ' successfully

2024-07-12 22:43:08 - [MESSAGE][PASSED] - Execute JavaScript 'arguments[0].value ='123' ' successfully

2024-07-12 22:43:09 - [MESSAGE][PASSED] - All options with value '12' are selected in object 'Object Repository/AdminSuiteBootstrap_Pages/VT_Bootstrap/SaleKeyboard/select_MM'  using regular expression

2024-07-12 22:43:10 - [MESSAGE][PASSED] - All options with value '2025' are selected in object 'Object Repository/AdminSuiteBootstrap_Pages/VT_Bootstrap/SaleKeyboard/select_YYYY'  using regular expression

2024-07-12 22:43:11 - [MESSAGE][PASSED] - Text '550 Swan Lake' is set on object 'Object Repository/AdminSuiteBootstrap_Pages/VT_Bootstrap/SaleKeyboard/input__address'

2024-07-12 22:43:11 - [MESSAGE][PASSED] - Text 'Suite 500' is set on object 'Object Repository/AdminSuiteBootstrap_Pages/VT_Bootstrap/SaleKeyboard/input__address2'

2024-07-12 22:43:12 - [MESSAGE][PASSED] - Text '22201' is set on object 'Object Repository/AdminSuiteBootstrap_Pages/VT_Bootstrap/SaleKeyboard/input__zip'

2024-07-12 22:43:13 - [MESSAGE][PASSED] - Text '' is set on object 'Object Repository/AdminSuiteBootstrap_Pages/VT_Bootstrap/SaleKeyboard/input_emailAddress'

2024-07-12 22:43:14 - [MESSAGE][PASSED] - Text '' is set on object 'Object Repository/AdminSuiteBootstrap_Pages/VT_Bootstrap/SaleKeyboard/input_smsNumber'

2024-07-12 22:43:15 - [MESSAGE][PASSED] - Text '10.50' is set on object 'Object Repository/AdminSuiteBootstrap_Pages/VT_Bootstrap/SaleKeyboard/input_amount'

2024-07-12 22:43:17 - [MESSAGE][PASSED] - Text 'Australia' is set on object 'Object Repository/AdminSuiteBootstrap_Pages/VT_Bootstrap/SaleKeyboard/input_userDefined1'

2024-07-12 22:43:18 - [MESSAGE][PASSED] - Text 'Denmark' is set on object 'Object Repository/AdminSuiteBootstrap_Pages/VT_Bootstrap/SaleKeyboard/input_userDefined2'

2024-07-12 22:43:18 - [MESSAGE][PASSED] - Text 'Sweden' is set on object 'Object Repository/AdminSuiteBootstrap_Pages/VT_Bootstrap/SaleKeyboard/input_userDefined3'

2024-07-12 22:43:19 - [MESSAGE][PASSED] - Text 'Austria' is set on object 'Object Repository/AdminSuiteBootstrap_Pages/VT_Bootstrap/SaleKeyboard/input_userDefined4'

2024-07-12 22:43:20 - [MESSAGE][PASSED] - All options with label 'Orange' are selected in object 'Object Repository/AdminSuiteBootstrap_Pages/VT_Bootstrap/SaleKeyboard/select_UDF5_DropDown'  using regular expression

2024-07-12 22:43:21 - [MESSAGE][PASSED] - All options with label 'Yellow' are selected in object 'Object Repository/AdminSuiteBootstrap_Pages/VT_Bootstrap/SaleKeyboard/select_UDF6_DropDown'  using regular expression

2024-07-12 22:43:22 - [MESSAGE][PASSED] - Text 'Norway' is set on object 'Object Repository/AdminSuiteBootstrap_Pages/VT_Bootstrap/SaleKeyboard/input_userDefined7'

2024-07-12 22:43:22 - [MESSAGE][PASSED] - Text 'Netherlands' is set on object 'Object Repository/AdminSuiteBootstrap_Pages/VT_Bootstrap/SaleKeyboard/input_userDefined8'

2024-07-12 22:43:23 - [MESSAGE][PASSED] - Text 'Switzerland' is set on object 'Object Repository/AdminSuiteBootstrap_Pages/VT_Bootstrap/SaleKeyboard/input_userDefined9'

2024-07-12 22:43:24 - [MESSAGE][PASSED] - Text 'France' is set on object 'Object Repository/AdminSuiteBootstrap_Pages/VT_Bootstrap/SaleKeyboard/input_userDefined10'

2024-07-12 22:43:25 - [MESSAGE][PASSED] - Object: 'Object Repository/AdminSuiteBootstrap_Pages/VT_Bootstrap/SaleKeyboard/button_Submit' is clicked on

2024-07-12 22:43:25 - [MESSAGE][PASSED] - adminSuiteBootstrap.virtualTerminalSetData.saleKeyboard_DataDriven is PASSED

2024-07-12 22:43:25 - [TEST_STEP][PASSED] - if (verifyTextPresent("Transaction Successful", true)): null

2024-07-12 22:43:26 - [MESSAGE][PASSED] - Text 'Transaction Successful' is present on page  using regular expression

2024-07-12 22:43:26 - [TEST_STEP][PASSED] - sdf = getText(findTestObject(path_Receipt + "td_AutoNoC031622113752957Ahm")): Text of object 'Object Repository/AdminSuiteBootstrap_Pages/VT_Bootstrap/Receipt/td_AutoNoC031622113752957Ahm' is: 'AutoSin071224223553327Ahm'

2024-07-12 22:43:26 - [MESSAGE][PASSED] - Text of object 'Object Repository/AdminSuiteBootstrap_Pages/VT_Bootstrap/Receipt/td_AutoNoC031622113752957Ahm' is: 'AutoSin071224223553327Ahm'

2024-07-12 22:43:26 - [TEST_STEP][PASSED] - out.println("sdf: " + sdf): null

2024-07-12 22:43:26 - [TEST_STEP][PASSED] - remID = sdf: null

2024-07-12 22:43:26 - [TEST_STEP][PASSED] - out.println("remID: " + remID): null

2024-07-12 22:43:26 - [TEST_STEP][PASSED] - click(findTestObject(path_Receipt + "button_Continue")): Object: 'Object Repository/AdminSuiteBootstrap_Pages/VT_Bootstrap/Receipt/button_Continue' is clicked on

2024-07-12 22:43:27 - [MESSAGE][PASSED] - Object: 'Object Repository/AdminSuiteBootstrap_Pages/VT_Bootstrap/Receipt/button_Continue' is clicked on

2024-07-12 22:43:27 - [TEST_STEP][PASSED] - click(findTestObject(path_VT + "a_Search Transactions")): Object: 'Object Repository/AdminSuiteBootstrap_Pages/VT_Bootstrap/IssueTransactions/a_Search Transactions' is clicked on

2024-07-12 22:43:28 - [MESSAGE][PASSED] - Object: 'Object Repository/AdminSuiteBootstrap_Pages/VT_Bootstrap/IssueTransactions/a_Search Transactions' is clicked on

2024-07-12 22:43:28 - [TEST_STEP][PASSED] - setText(findTestObject(path_CCSearch + "input_Search By_searchValue"), remID): Text 'AutoSin071224223553327Ahm' is set on object 'Object Repository/AdminSuiteBootstrap_Pages/VT_Bootstrap/CCCreditOrVoidSearch/input_Search By_searchValue'

2024-07-12 22:43:29 - [MESSAGE][PASSED] - Text 'AutoSin071224223553327Ahm' is set on object 'Object Repository/AdminSuiteBootstrap_Pages/VT_Bootstrap/CCCreditOrVoidSearch/input_Search By_searchValue'

2024-07-12 22:43:29 - [TEST_STEP][PASSED] - click(findTestObject(path_CCSearch + "button_Submit")): Object: 'Object Repository/AdminSuiteBootstrap_Pages/VT_Bootstrap/CCCreditOrVoidSearch/button_Submit' is clicked on

2024-07-12 22:43:29 - [MESSAGE][PASSED] - Object: 'Object Repository/AdminSuiteBootstrap_Pages/VT_Bootstrap/CCCreditOrVoidSearch/button_Submit' is clicked on

2024-07-12 22:43:29 - [TEST_STEP][PASSED] - fgr = getText(findTestObject(path_SearchResults + "div_Payment ID")): Text of object 'Object Repository/AdminSuiteBootstrap_Pages/VT_Bootstrap/SearchResults/div_Payment ID' is: 'Payment ID
Payment Type
Transaction Type
Remittance ID
Name
Total Amount
End Date
Status
12154780 Credit Card Authorization and Capture AutoSin071224223553327Ahm Tulsi Raman $15.50 07/12/2024 Success'

2024-07-12 22:43:30 - [MESSAGE][PASSED] - Text of object 'Object Repository/AdminSuiteBootstrap_Pages/VT_Bootstrap/SearchResults/div_Payment ID' is: 'Payment ID
Payment Type
Transaction Type
Remittance ID
Name
Total Amount
End Date
Status
12154780 Credit Card Authorization and Capture AutoSin071224223553327Ahm Tulsi Raman $15.50 07/12/2024 Success'

2024-07-12 22:43:30 - [TEST_STEP][PASSED] - payID = substring(89, 98).trim(): null

2024-07-12 22:43:30 - [TEST_STEP][PASSED] - out.println("payID: " + payID): null

2024-07-12 22:43:30 - [TEST_STEP][PASSED] - click(findTestObject(path_SearchResults + "button_PaymentID")): Object: 'Object Repository/AdminSuiteBootstrap_Pages/VT_Bootstrap/SearchResults/button_PaymentID' is clicked on

2024-07-12 22:43:31 - [MESSAGE][PASSED] - Object: 'Object Repository/AdminSuiteBootstrap_Pages/VT_Bootstrap/SearchResults/button_PaymentID' is clicked on

2024-07-12 22:43:31 - [TEST_STEP][PASSED] - verifyTextPresent("Tender Type", true): Text 'Tender Type' is present on page  using regular expression

2024-07-12 22:43:31 - [MESSAGE][PASSED] - Text 'Tender Type' is present on page  using regular expression

2024-07-12 22:43:31 - [TEST_STEP][PASSED] - verifyTextPresent("Credit Card", true): Text 'Credit Card' is present on page  using regular expression

2024-07-12 22:43:32 - [MESSAGE][PASSED] - Text 'Credit Card' is present on page  using regular expression

2024-07-12 22:43:32 - [TEST_STEP][PASSED] - verifyTextPresent("Transaction Type", true): Text 'Transaction Type' is present on page  using regular expression

2024-07-12 22:43:32 - [MESSAGE][PASSED] - Text 'Transaction Type' is present on page  using regular expression

2024-07-12 22:43:32 - [TEST_STEP][PASSED] - verifyTextPresent("Authorization and Capture", true): Text 'Authorization and Capture' is present on page  using regular expression

2024-07-12 22:43:33 - [MESSAGE][PASSED] - Text 'Authorization and Capture' is present on page  using regular expression

2024-07-12 22:43:33 - [TEST_STEP][PASSED] - verifyTextPresent("Transaction Posted by", true): Text 'Transaction Posted by' is present on page  using regular expression

2024-07-12 22:43:33 - [MESSAGE][PASSED] - Text 'Transaction Posted by' is present on page  using regular expression

2024-07-12 22:43:33 - [TEST_STEP][PASSED] - verifyTextPresent("iahmed", true): Text 'iahmed' is present on page  using regular expression

2024-07-12 22:43:33 - [MESSAGE][PASSED] - Text 'iahmed' is present on page  using regular expression

2024-07-12 22:43:33 - [TEST_STEP][PASSED] - click(findTestObject(path_TranxDetails + "a_Void this transaction")): Object: 'Object Repository/AdminSuiteBootstrap_Pages/VT_Bootstrap/TransactionDetails/a_Void this transaction' is clicked on

2024-07-12 22:43:34 - [MESSAGE][PASSED] - Object: 'Object Repository/AdminSuiteBootstrap_Pages/VT_Bootstrap/TransactionDetails/a_Void this transaction' is clicked on

2024-07-12 22:43:34 - [TEST_STEP][PASSED] - verifyTextPresent("The following transaction will be voided", true): Text 'The following transaction will be voided' is present on page  using regular expression

2024-07-12 22:43:35 - [MESSAGE][PASSED] - Text 'The following transaction will be voided' is present on page  using regular expression

2024-07-12 22:43:35 - [TEST_STEP][PASSED] - verifyTextPresent("Please press submit to continue", true): Text 'Please press submit to continue' is present on page  using regular expression

2024-07-12 22:43:35 - [MESSAGE][PASSED] - Text 'Please press submit to continue' is present on page  using regular expression

2024-07-12 22:43:35 - [TEST_STEP][PASSED] - click(findTestObject(path_TranxDetails + "button_Submit")): Object: 'Object Repository/AdminSuiteBootstrap_Pages/VT_Bootstrap/TransactionDetails/button_Submit' is clicked on

2024-07-12 22:43:36 - [MESSAGE][PASSED] - Object: 'Object Repository/AdminSuiteBootstrap_Pages/VT_Bootstrap/TransactionDetails/button_Submit' is clicked on

2024-07-12 22:43:36 - [TEST_STEP][PASSED] - verifyTextPresent("Transaction Successful", true): Text 'Transaction Successful' is present on page  using regular expression

2024-07-12 22:43:37 - [MESSAGE][PASSED] - Text 'Transaction Successful' is present on page  using regular expression

2024-07-12 22:43:37 - [TEST_STEP][PASSED] - verifyTextPresent("Transaction Type", true): Text 'Transaction Type' is present on page  using regular expression

2024-07-12 22:43:37 - [MESSAGE][PASSED] - Text 'Transaction Type' is present on page  using regular expression

2024-07-12 22:43:37 - [TEST_STEP][PASSED] - verifyTextPresent("Void", true): Text 'Void' is present on page  using regular expression

2024-07-12 22:43:37 - [MESSAGE][PASSED] - Text 'Void' is present on page  using regular expression

2024-07-12 22:43:37 - [TEST_STEP][PASSED] - closeBrowser(): Browser is closed

2024-07-12 22:43:39 - [MESSAGE][PASSED] - Browser is closed

2024-07-12 22:43:39 - [TEST_STEP][PASSED] - ExecuteTC = findTestData(dataFile).getValue("Execute", row): null

2024-07-12 22:43:39 - [TEST_STEP][PASSED] - out.println("Value of Execute is : " + ExecuteTC): null

2024-07-12 22:43:39 - [TEST_STEP][PASSED] - switch (executionProfile): null

2024-07-12 22:43:39 - [TEST_STEP][PASSED] - case "QA2Profile":: null

2024-07-12 22:43:39 - [TEST_STEP][PASSED] - appName = findTestData(dataFile).getValue("AppNameQA", row): null

2024-07-12 22:43:39 - [TEST_STEP][PASSED] - appID = findTestData(dataFile).getValue("AppIDQA", row): null

2024-07-12 22:43:39 - [TEST_STEP][PASSED] - break: null

2024-07-12 22:43:39 - [TEST_STEP][PASSED] - hrefAppID = li_1 + appID + li_2: null

2024-07-12 22:43:39 - [TEST_STEP][PASSED] - hrefApp = li_1 + appID + "/": null

2024-07-12 22:43:39 - [TEST_STEP][PASSED] - println("hrefApp : " + hrefApp): null

2024-07-12 22:43:39 - [TEST_STEP][PASSED] - if (ExecuteTC.equalsIgnoreCase("Y")): null

2024-07-12 22:43:39 - [TEST_STEP][PASSED] - out.println("Begin Record Number: " + row): null

2024-07-12 22:43:39 - [TEST_STEP][PASSED] - today = new java.util.Date(): null

2024-07-12 22:43:39 - [TEST_STEP][PASSED] - println(today): null

2024-07-12 22:43:39 - [TEST_STEP][PASSED] - datText = today: null

2024-07-12 22:43:39 - [TEST_STEP][PASSED] - adminSuiteBootstrap.loginFunctionality.login_AdminSuite(): adminSuiteBootstrap.loginFunctionality.login_AdminSuite is PASSED

2024-07-12 22:43:39 - [MESSAGE][INFO] - Starting 'Chrome' driver

2024-07-12 22:43:39 - [MESSAGE][INFO] - User set preference: ['acceptInsecureCerts', 'true']

2024-07-12 22:43:39 - [MESSAGE][INFO] - Action delay is set to 0 milliseconds

2024-07-12 22:43:42 - [MESSAGE][PASSED] - Browser is opened with url: 'https://qa2.velocitypayment.com/admin/imtiaz'

2024-07-12 22:43:42 - [MESSAGE][PASSED] - Current window maximized

2024-07-12 22:43:42 - [MESSAGE][PASSED] - Object 'Object Repository/Login_Page/Login_Username_Okta' is present

2024-07-12 22:43:43 - [MESSAGE][PASSED] - Text 'iahmed' is set on object 'Object Repository/Login_Page/Login_Username_Okta'

2024-07-12 22:43:44 - [MESSAGE][PASSED] - Text 'Hello!6666666' is set on object 'Object Repository/Login_Page/Login_Password_Okta'

2024-07-12 22:43:44 - [MESSAGE][PASSED] - Object: 'Object Repository/Login_Page/Login_Submit_Okta' is clicked on

2024-07-12 22:43:44 - [MESSAGE][PASSED] - adminSuiteBootstrap.loginFunctionality.login_AdminSuite is PASSED

2024-07-12 22:43:44 - [TEST_STEP][PASSED] - click(findTestObject(path_Dashboard + appName)): Object: 'Object Repository/AdminSuiteBootstrap_Pages/Dashboard_Bootstrap/a_Access AutoSingleCFtpQA' is clicked on

2024-07-12 22:43:52 - [MESSAGE][PASSED] - Object: 'Object Repository/AdminSuiteBootstrap_Pages/Dashboard_Bootstrap/a_Access AutoSingleCFtpQA' is clicked on

2024-07-12 22:43:52 - [TEST_STEP][PASSED] - click(findTestObject(path_VT + "button_Authorization  Capture (Sale)")): Object: 'Object Repository/AdminSuiteBootstrap_Pages/VT_Bootstrap/IssueTransactions/button_Authorization  Capture (Sale)' is clicked on

2024-07-12 22:43:53 - [MESSAGE][PASSED] - Object: 'Object Repository/AdminSuiteBootstrap_Pages/VT_Bootstrap/IssueTransactions/button_Authorization  Capture (Sale)' is clicked on

2024-07-12 22:43:53 - [TEST_STEP][PASSED] - saleKeyboardEntryLink = modifyObjectProperty(findTestObject(path_VT + "a_KeyboardEntry_Sale"), "href", "equals", hrefAppID, true): Modify property of object successfully

2024-07-12 22:43:53 - [MESSAGE][PASSED] - Modify property of object successfully

2024-07-12 22:43:53 - [TEST_STEP][PASSED] - click(saleKeyboardEntryLink): Object: 'Object Repository/AdminSuiteBootstrap_Pages/VT_Bootstrap/IssueTransactions/a_KeyboardEntry_Sale' is clicked on

2024-07-12 22:43:54 - [MESSAGE][PASSED] - Object: 'Object Repository/AdminSuiteBootstrap_Pages/VT_Bootstrap/IssueTransactions/a_KeyboardEntry_Sale' is clicked on

2024-07-12 22:43:54 - [TEST_STEP][PASSED] - adminSuiteBootstrap.virtualTerminalSetData.saleKeyboard_DataDriven(row, dataFile): adminSuiteBootstrap.virtualTerminalSetData.saleKeyboard_DataDriven is PASSED

2024-07-12 22:43:57 - [MESSAGE][PASSED] - Text 'Tulsi Raman' is set on object 'Object Repository/AdminSuiteBootstrap_Pages/VT_Bootstrap/SaleKeyboard/input_cardName'

2024-07-12 22:43:59 - [MESSAGE][PASSED] - All options with value 'RETL' are selected in object 'Object Repository/AdminSuiteBootstrap_Pages/VT_Bootstrap/SaleKeyboard/select_transactionCategory'  using regular expression

2024-07-12 22:43:59 - [MESSAGE][PASSED] - Execute JavaScript 'arguments[0].value ='6011000993026909' ' successfully

2024-07-12 22:43:59 - [MESSAGE][PASSED] - Execute JavaScript 'arguments[0].value ='123' ' successfully

2024-07-12 22:44:01 - [MESSAGE][PASSED] - All options with value '12' are selected in object 'Object Repository/AdminSuiteBootstrap_Pages/VT_Bootstrap/SaleKeyboard/select_MM'  using regular expression

2024-07-12 22:44:02 - [MESSAGE][PASSED] - All options with value '2025' are selected in object 'Object Repository/AdminSuiteBootstrap_Pages/VT_Bootstrap/SaleKeyboard/select_YYYY'  using regular expression

2024-07-12 22:44:02 - [MESSAGE][PASSED] - Text '25987 Hill Top' is set on object 'Object Repository/AdminSuiteBootstrap_Pages/VT_Bootstrap/SaleKeyboard/input__address'

2024-07-12 22:44:03 - [MESSAGE][PASSED] - Text 'Suite 500' is set on object 'Object Repository/AdminSuiteBootstrap_Pages/VT_Bootstrap/SaleKeyboard/input__address2'

2024-07-12 22:44:04 - [MESSAGE][PASSED] - Text '22201' is set on object 'Object Repository/AdminSuiteBootstrap_Pages/VT_Bootstrap/SaleKeyboard/input__zip'

2024-07-12 22:44:05 - [MESSAGE][PASSED] - Text '' is set on object 'Object Repository/AdminSuiteBootstrap_Pages/VT_Bootstrap/SaleKeyboard/input_emailAddress'

2024-07-12 22:44:06 - [MESSAGE][PASSED] - Text '' is set on object 'Object Repository/AdminSuiteBootstrap_Pages/VT_Bootstrap/SaleKeyboard/input_smsNumber'

2024-07-12 22:44:07 - [MESSAGE][PASSED] - Text '10.50' is set on object 'Object Repository/AdminSuiteBootstrap_Pages/VT_Bootstrap/SaleKeyboard/input_amount'

2024-07-12 22:44:08 - [MESSAGE][PASSED] - Text 'Australia' is set on object 'Object Repository/AdminSuiteBootstrap_Pages/VT_Bootstrap/SaleKeyboard/input_userDefined1'

2024-07-12 22:44:09 - [MESSAGE][PASSED] - Text 'Denmark' is set on object 'Object Repository/AdminSuiteBootstrap_Pages/VT_Bootstrap/SaleKeyboard/input_userDefined2'

2024-07-12 22:44:09 - [MESSAGE][PASSED] - Text 'Sweden' is set on object 'Object Repository/AdminSuiteBootstrap_Pages/VT_Bootstrap/SaleKeyboard/input_userDefined3'

2024-07-12 22:44:10 - [MESSAGE][PASSED] - Text 'Austria' is set on object 'Object Repository/AdminSuiteBootstrap_Pages/VT_Bootstrap/SaleKeyboard/input_userDefined4'

2024-07-12 22:44:11 - [MESSAGE][PASSED] - All options with label 'Orange' are selected in object 'Object Repository/AdminSuiteBootstrap_Pages/VT_Bootstrap/SaleKeyboard/select_UDF5_DropDown'  using regular expression

2024-07-12 22:44:12 - [MESSAGE][PASSED] - All options with label 'Yellow' are selected in object 'Object Repository/AdminSuiteBootstrap_Pages/VT_Bootstrap/SaleKeyboard/select_UDF6_DropDown'  using regular expression

2024-07-12 22:44:13 - [MESSAGE][PASSED] - Text 'Norway' is set on object 'Object Repository/AdminSuiteBootstrap_Pages/VT_Bootstrap/SaleKeyboard/input_userDefined7'

2024-07-12 22:44:13 - [MESSAGE][PASSED] - Text 'Netherlands' is set on object 'Object Repository/AdminSuiteBootstrap_Pages/VT_Bootstrap/SaleKeyboard/input_userDefined8'

2024-07-12 22:44:14 - [MESSAGE][PASSED] - Text 'Switzerland' is set on object 'Object Repository/AdminSuiteBootstrap_Pages/VT_Bootstrap/SaleKeyboard/input_userDefined9'

2024-07-12 22:44:15 - [MESSAGE][PASSED] - Text 'France' is set on object 'Object Repository/AdminSuiteBootstrap_Pages/VT_Bootstrap/SaleKeyboard/input_userDefined10'

2024-07-12 22:44:16 - [MESSAGE][PASSED] - Object: 'Object Repository/AdminSuiteBootstrap_Pages/VT_Bootstrap/SaleKeyboard/button_Submit' is clicked on

2024-07-12 22:44:16 - [MESSAGE][PASSED] - adminSuiteBootstrap.virtualTerminalSetData.saleKeyboard_DataDriven is PASSED

2024-07-12 22:44:16 - [TEST_STEP][PASSED] - if (verifyTextPresent("Transaction Successful", true)): null

2024-07-12 22:44:17 - [MESSAGE][PASSED] - Text 'Transaction Successful' is present on page  using regular expression

2024-07-12 22:44:17 - [TEST_STEP][PASSED] - sdf = getText(findTestObject(path_Receipt + "td_AutoNoC031622113752957Ahm")): Text of object 'Object Repository/AdminSuiteBootstrap_Pages/VT_Bootstrap/Receipt/td_AutoNoC031622113752957Ahm' is: 'AutoSin071224223645011Ahm'

2024-07-12 22:44:17 - [MESSAGE][PASSED] - Text of object 'Object Repository/AdminSuiteBootstrap_Pages/VT_Bootstrap/Receipt/td_AutoNoC031622113752957Ahm' is: 'AutoSin071224223645011Ahm'

2024-07-12 22:44:17 - [TEST_STEP][PASSED] - out.println("sdf: " + sdf): null

2024-07-12 22:44:17 - [TEST_STEP][PASSED] - remID = sdf: null

2024-07-12 22:44:17 - [TEST_STEP][PASSED] - out.println("remID: " + remID): null

2024-07-12 22:44:17 - [TEST_STEP][PASSED] - click(findTestObject(path_Receipt + "button_Continue")): Object: 'Object Repository/AdminSuiteBootstrap_Pages/VT_Bootstrap/Receipt/button_Continue' is clicked on

2024-07-12 22:44:18 - [MESSAGE][PASSED] - Object: 'Object Repository/AdminSuiteBootstrap_Pages/VT_Bootstrap/Receipt/button_Continue' is clicked on

2024-07-12 22:44:18 - [TEST_STEP][PASSED] - click(findTestObject(path_VT + "a_Search Transactions")): Object: 'Object Repository/AdminSuiteBootstrap_Pages/VT_Bootstrap/IssueTransactions/a_Search Transactions' is clicked on

2024-07-12 22:44:19 - [MESSAGE][PASSED] - Object: 'Object Repository/AdminSuiteBootstrap_Pages/VT_Bootstrap/IssueTransactions/a_Search Transactions' is clicked on

2024-07-12 22:44:19 - [TEST_STEP][PASSED] - setText(findTestObject(path_CCSearch + "input_Search By_searchValue"), remID): Text 'AutoSin071224223645011Ahm' is set on object 'Object Repository/AdminSuiteBootstrap_Pages/VT_Bootstrap/CCCreditOrVoidSearch/input_Search By_searchValue'

2024-07-12 22:44:20 - [MESSAGE][PASSED] - Text 'AutoSin071224223645011Ahm' is set on object 'Object Repository/AdminSuiteBootstrap_Pages/VT_Bootstrap/CCCreditOrVoidSearch/input_Search By_searchValue'

2024-07-12 22:44:20 - [TEST_STEP][PASSED] - click(findTestObject(path_CCSearch + "button_Submit")): Object: 'Object Repository/AdminSuiteBootstrap_Pages/VT_Bootstrap/CCCreditOrVoidSearch/button_Submit' is clicked on

2024-07-12 22:44:20 - [MESSAGE][PASSED] - Object: 'Object Repository/AdminSuiteBootstrap_Pages/VT_Bootstrap/CCCreditOrVoidSearch/button_Submit' is clicked on

2024-07-12 22:44:20 - [TEST_STEP][PASSED] - fgr = getText(findTestObject(path_SearchResults + "div_Payment ID")): Text of object 'Object Repository/AdminSuiteBootstrap_Pages/VT_Bootstrap/SearchResults/div_Payment ID' is: 'Payment ID
Payment Type
Transaction Type
Remittance ID
Name
Total Amount
End Date
Status
12154782 Credit Card Authorization and Capture AutoSin071224223645011Ahm Tulsi Raman $15.50 07/12/2024 Success'

2024-07-12 22:44:21 - [MESSAGE][PASSED] - Text of object 'Object Repository/AdminSuiteBootstrap_Pages/VT_Bootstrap/SearchResults/div_Payment ID' is: 'Payment ID
Payment Type
Transaction Type
Remittance ID
Name
Total Amount
End Date
Status
12154782 Credit Card Authorization and Capture AutoSin071224223645011Ahm Tulsi Raman $15.50 07/12/2024 Success'

2024-07-12 22:44:21 - [TEST_STEP][PASSED] - payID = substring(89, 98).trim(): null

2024-07-12 22:44:21 - [TEST_STEP][PASSED] - out.println("payID: " + payID): null

2024-07-12 22:44:21 - [TEST_STEP][PASSED] - click(findTestObject(path_SearchResults + "button_PaymentID")): Object: 'Object Repository/AdminSuiteBootstrap_Pages/VT_Bootstrap/SearchResults/button_PaymentID' is clicked on

2024-07-12 22:44:22 - [MESSAGE][PASSED] - Object: 'Object Repository/AdminSuiteBootstrap_Pages/VT_Bootstrap/SearchResults/button_PaymentID' is clicked on

2024-07-12 22:44:22 - [TEST_STEP][PASSED] - verifyTextPresent("Tender Type", true): Text 'Tender Type' is present on page  using regular expression

2024-07-12 22:44:22 - [MESSAGE][PASSED] - Text 'Tender Type' is present on page  using regular expression

2024-07-12 22:44:22 - [TEST_STEP][PASSED] - verifyTextPresent("Credit Card", true): Text 'Credit Card' is present on page  using regular expression

2024-07-12 22:44:23 - [MESSAGE][PASSED] - Text 'Credit Card' is present on page  using regular expression

2024-07-12 22:44:23 - [TEST_STEP][PASSED] - verifyTextPresent("Transaction Type", true): Text 'Transaction Type' is present on page  using regular expression

2024-07-12 22:44:23 - [MESSAGE][PASSED] - Text 'Transaction Type' is present on page  using regular expression

2024-07-12 22:44:23 - [TEST_STEP][PASSED] - verifyTextPresent("Authorization and Capture", true): Text 'Authorization and Capture' is present on page  using regular expression

2024-07-12 22:44:23 - [MESSAGE][PASSED] - Text 'Authorization and Capture' is present on page  using regular expression

2024-07-12 22:44:23 - [TEST_STEP][PASSED] - verifyTextPresent("Transaction Posted by", true): Text 'Transaction Posted by' is present on page  using regular expression

2024-07-12 22:44:24 - [MESSAGE][PASSED] - Text 'Transaction Posted by' is present on page  using regular expression

2024-07-12 22:44:24 - [TEST_STEP][PASSED] - verifyTextPresent("iahmed", true): Text 'iahmed' is present on page  using regular expression

2024-07-12 22:44:24 - [MESSAGE][PASSED] - Text 'iahmed' is present on page  using regular expression

2024-07-12 22:44:24 - [TEST_STEP][PASSED] - click(findTestObject(path_TranxDetails + "a_Void this transaction")): Object: 'Object Repository/AdminSuiteBootstrap_Pages/VT_Bootstrap/TransactionDetails/a_Void this transaction' is clicked on

2024-07-12 22:44:25 - [MESSAGE][PASSED] - Object: 'Object Repository/AdminSuiteBootstrap_Pages/VT_Bootstrap/TransactionDetails/a_Void this transaction' is clicked on

2024-07-12 22:44:25 - [TEST_STEP][PASSED] - verifyTextPresent("The following transaction will be voided", true): Text 'The following transaction will be voided' is present on page  using regular expression

2024-07-12 22:44:26 - [MESSAGE][PASSED] - Text 'The following transaction will be voided' is present on page  using regular expression

2024-07-12 22:44:26 - [TEST_STEP][PASSED] - verifyTextPresent("Please press submit to continue", true): Text 'Please press submit to continue' is present on page  using regular expression

2024-07-12 22:44:26 - [MESSAGE][PASSED] - Text 'Please press submit to continue' is present on page  using regular expression

2024-07-12 22:44:26 - [TEST_STEP][PASSED] - click(findTestObject(path_TranxDetails + "button_Submit")): Object: 'Object Repository/AdminSuiteBootstrap_Pages/VT_Bootstrap/TransactionDetails/button_Submit' is clicked on

2024-07-12 22:44:27 - [MESSAGE][PASSED] - Object: 'Object Repository/AdminSuiteBootstrap_Pages/VT_Bootstrap/TransactionDetails/button_Submit' is clicked on

2024-07-12 22:44:27 - [TEST_STEP][PASSED] - verifyTextPresent("Transaction Successful", true): Text 'Transaction Successful' is present on page  using regular expression

2024-07-12 22:44:28 - [MESSAGE][PASSED] - Text 'Transaction Successful' is present on page  using regular expression

2024-07-12 22:44:28 - [TEST_STEP][PASSED] - verifyTextPresent("Transaction Type", true): Text 'Transaction Type' is present on page  using regular expression

2024-07-12 22:44:28 - [MESSAGE][PASSED] - Text 'Transaction Type' is present on page  using regular expression

2024-07-12 22:44:28 - [TEST_STEP][PASSED] - verifyTextPresent("Void", true): Text 'Void' is present on page  using regular expression

2024-07-12 22:44:28 - [MESSAGE][PASSED] - Text 'Void' is present on page  using regular expression

2024-07-12 22:44:28 - [TEST_STEP][PASSED] - closeBrowser(): Browser is closed

2024-07-12 22:44:29 - [MESSAGE][PASSED] - Browser is closed

2024-07-12 22:44:29 - [TEST_STEP][PASSED] - ExecuteTC = findTestData(dataFile).getValue("Execute", row): null

2024-07-12 22:44:30 - [TEST_STEP][PASSED] - out.println("Value of Execute is : " + ExecuteTC): null

2024-07-12 22:44:30 - [TEST_STEP][PASSED] - switch (executionProfile): null

2024-07-12 22:44:30 - [TEST_STEP][PASSED] - case "QA2Profile":: null

2024-07-12 22:44:30 - [TEST_STEP][PASSED] - appName = findTestData(dataFile).getValue("AppNameQA", row): null

2024-07-12 22:44:30 - [TEST_STEP][PASSED] - appID = findTestData(dataFile).getValue("AppIDQA", row): null

2024-07-12 22:44:30 - [TEST_STEP][PASSED] - break: null

2024-07-12 22:44:30 - [TEST_STEP][PASSED] - hrefAppID = li_1 + appID + li_2: null

2024-07-12 22:44:30 - [TEST_STEP][PASSED] - hrefApp = li_1 + appID + "/": null

2024-07-12 22:44:30 - [TEST_STEP][PASSED] - println("hrefApp : " + hrefApp): null

2024-07-12 22:44:30 - [TEST_STEP][PASSED] - if (ExecuteTC.equalsIgnoreCase("Y")): null

2024-07-12 22:44:30 - [TEST_STEP][PASSED] - out.println("Begin Record Number: " + row): null

2024-07-12 22:44:30 - [TEST_STEP][PASSED] - today = new java.util.Date(): null

2024-07-12 22:44:30 - [TEST_STEP][PASSED] - println(today): null

2024-07-12 22:44:30 - [TEST_STEP][PASSED] - datText = today: null

2024-07-12 22:44:30 - [TEST_STEP][PASSED] - adminSuiteBootstrap.loginFunctionality.login_AdminSuite(): adminSuiteBootstrap.loginFunctionality.login_AdminSuite is PASSED

2024-07-12 22:44:30 - [MESSAGE][INFO] - Starting 'Chrome' driver

2024-07-12 22:44:30 - [MESSAGE][INFO] - User set preference: ['acceptInsecureCerts', 'true']

2024-07-12 22:44:30 - [MESSAGE][INFO] - Action delay is set to 0 milliseconds

2024-07-12 22:44:33 - [MESSAGE][PASSED] - Browser is opened with url: 'https://qa2.velocitypayment.com/admin/imtiaz'

2024-07-12 22:44:33 - [MESSAGE][PASSED] - Current window maximized

2024-07-12 22:44:33 - [MESSAGE][PASSED] - Object 'Object Repository/Login_Page/Login_Username_Okta' is present

2024-07-12 22:44:34 - [MESSAGE][PASSED] - Text 'iahmed' is set on object 'Object Repository/Login_Page/Login_Username_Okta'

2024-07-12 22:44:35 - [MESSAGE][PASSED] - Text 'Hello!6666666' is set on object 'Object Repository/Login_Page/Login_Password_Okta'

2024-07-12 22:44:35 - [MESSAGE][PASSED] - Object: 'Object Repository/Login_Page/Login_Submit_Okta' is clicked on

2024-07-12 22:44:35 - [MESSAGE][PASSED] - adminSuiteBootstrap.loginFunctionality.login_AdminSuite is PASSED

2024-07-12 22:44:35 - [TEST_STEP][PASSED] - click(findTestObject(path_Dashboard + appName)): Object: 'Object Repository/AdminSuiteBootstrap_Pages/Dashboard_Bootstrap/a_Access AutoSingleCFtpQA' is clicked on

2024-07-12 22:44:44 - [MESSAGE][PASSED] - Object: 'Object Repository/AdminSuiteBootstrap_Pages/Dashboard_Bootstrap/a_Access AutoSingleCFtpQA' is clicked on

2024-07-12 22:44:44 - [TEST_STEP][PASSED] - click(findTestObject(path_VT + "button_Authorization  Capture (Sale)")): Object: 'Object Repository/AdminSuiteBootstrap_Pages/VT_Bootstrap/IssueTransactions/button_Authorization  Capture (Sale)' is clicked on

2024-07-12 22:44:45 - [MESSAGE][PASSED] - Object: 'Object Repository/AdminSuiteBootstrap_Pages/VT_Bootstrap/IssueTransactions/button_Authorization  Capture (Sale)' is clicked on

2024-07-12 22:44:45 - [TEST_STEP][PASSED] - saleKeyboardEntryLink = modifyObjectProperty(findTestObject(path_VT + "a_KeyboardEntry_Sale"), "href", "equals", hrefAppID, true): Modify property of object successfully

2024-07-12 22:44:45 - [MESSAGE][PASSED] - Modify property of object successfully

2024-07-12 22:44:45 - [TEST_STEP][PASSED] - click(saleKeyboardEntryLink): Object: 'Object Repository/AdminSuiteBootstrap_Pages/VT_Bootstrap/IssueTransactions/a_KeyboardEntry_Sale' is clicked on

2024-07-12 22:44:46 - [MESSAGE][PASSED] - Object: 'Object Repository/AdminSuiteBootstrap_Pages/VT_Bootstrap/IssueTransactions/a_KeyboardEntry_Sale' is clicked on

2024-07-12 22:44:46 - [TEST_STEP][PASSED] - adminSuiteBootstrap.virtualTerminalSetData.saleKeyboard_DataDriven(row, dataFile): adminSuiteBootstrap.virtualTerminalSetData.saleKeyboard_DataDriven is PASSED

2024-07-12 22:44:49 - [MESSAGE][PASSED] - Text 'Janaki James' is set on object 'Object Repository/AdminSuiteBootstrap_Pages/VT_Bootstrap/SaleKeyboard/input_cardName'

2024-07-12 22:44:50 - [MESSAGE][PASSED] - All options with value 'MOTO' are selected in object 'Object Repository/AdminSuiteBootstrap_Pages/VT_Bootstrap/SaleKeyboard/select_transactionCategory'  using regular expression

2024-07-12 22:44:50 - [MESSAGE][PASSED] - Execute JavaScript 'arguments[0].value ='4012000098765439' ' successfully

2024-07-12 22:44:51 - [MESSAGE][PASSED] - Execute JavaScript 'arguments[0].value ='123' ' successfully

2024-07-12 22:44:52 - [MESSAGE][PASSED] - All options with value '12' are selected in object 'Object Repository/AdminSuiteBootstrap_Pages/VT_Bootstrap/SaleKeyboard/select_MM'  using regular expression

2024-07-12 22:44:53 - [MESSAGE][PASSED] - All options with value '2025' are selected in object 'Object Repository/AdminSuiteBootstrap_Pages/VT_Bootstrap/SaleKeyboard/select_YYYY'  using regular expression

2024-07-12 22:44:54 - [MESSAGE][PASSED] - Text '36 Cornor Road' is set on object 'Object Repository/AdminSuiteBootstrap_Pages/VT_Bootstrap/SaleKeyboard/input__address'

2024-07-12 22:44:55 - [MESSAGE][PASSED] - Text 'Suite 500' is set on object 'Object Repository/AdminSuiteBootstrap_Pages/VT_Bootstrap/SaleKeyboard/input__address2'

2024-07-12 22:44:55 - [MESSAGE][PASSED] - Text '22201' is set on object 'Object Repository/AdminSuiteBootstrap_Pages/VT_Bootstrap/SaleKeyboard/input__zip'

2024-07-12 22:44:56 - [MESSAGE][PASSED] - Text '' is set on object 'Object Repository/AdminSuiteBootstrap_Pages/VT_Bootstrap/SaleKeyboard/input_emailAddress'

2024-07-12 22:44:57 - [MESSAGE][PASSED] - Text '' is set on object 'Object Repository/AdminSuiteBootstrap_Pages/VT_Bootstrap/SaleKeyboard/input_smsNumber'

2024-07-12 22:44:58 - [MESSAGE][PASSED] - Text '10.50' is set on object 'Object Repository/AdminSuiteBootstrap_Pages/VT_Bootstrap/SaleKeyboard/input_amount'

2024-07-12 22:44:59 - [MESSAGE][PASSED] - Text 'Australia' is set on object 'Object Repository/AdminSuiteBootstrap_Pages/VT_Bootstrap/SaleKeyboard/input_userDefined1'

2024-07-12 22:45:00 - [MESSAGE][PASSED] - Text 'Denmark' is set on object 'Object Repository/AdminSuiteBootstrap_Pages/VT_Bootstrap/SaleKeyboard/input_userDefined2'

2024-07-12 22:45:01 - [MESSAGE][PASSED] - Text 'Sweden' is set on object 'Object Repository/AdminSuiteBootstrap_Pages/VT_Bootstrap/SaleKeyboard/input_userDefined3'

2024-07-12 22:45:01 - [MESSAGE][PASSED] - Text 'Austria' is set on object 'Object Repository/AdminSuiteBootstrap_Pages/VT_Bootstrap/SaleKeyboard/input_userDefined4'

2024-07-12 22:45:02 - [MESSAGE][PASSED] - All options with label 'Orange' are selected in object 'Object Repository/AdminSuiteBootstrap_Pages/VT_Bootstrap/SaleKeyboard/select_UDF5_DropDown'  using regular expression

2024-07-12 22:45:03 - [MESSAGE][PASSED] - All options with label 'Yellow' are selected in object 'Object Repository/AdminSuiteBootstrap_Pages/VT_Bootstrap/SaleKeyboard/select_UDF6_DropDown'  using regular expression

2024-07-12 22:45:04 - [MESSAGE][PASSED] - Text 'Norway' is set on object 'Object Repository/AdminSuiteBootstrap_Pages/VT_Bootstrap/SaleKeyboard/input_userDefined7'

2024-07-12 22:45:05 - [MESSAGE][PASSED] - Text 'Netherlands' is set on object 'Object Repository/AdminSuiteBootstrap_Pages/VT_Bootstrap/SaleKeyboard/input_userDefined8'

2024-07-12 22:45:06 - [MESSAGE][PASSED] - Text 'Switzerland' is set on object 'Object Repository/AdminSuiteBootstrap_Pages/VT_Bootstrap/SaleKeyboard/input_userDefined9'

2024-07-12 22:45:06 - [MESSAGE][PASSED] - Text 'France' is set on object 'Object Repository/AdminSuiteBootstrap_Pages/VT_Bootstrap/SaleKeyboard/input_userDefined10'

2024-07-12 22:45:08 - [MESSAGE][PASSED] - Object: 'Object Repository/AdminSuiteBootstrap_Pages/VT_Bootstrap/SaleKeyboard/button_Submit' is clicked on

2024-07-12 22:45:08 - [MESSAGE][PASSED] - adminSuiteBootstrap.virtualTerminalSetData.saleKeyboard_DataDriven is PASSED

2024-07-12 22:45:08 - [TEST_STEP][PASSED] - if (verifyTextPresent("Transaction Successful", true)): null

2024-07-12 22:45:08 - [MESSAGE][PASSED] - Text 'Transaction Successful' is present on page  using regular expression

2024-07-12 22:45:08 - [TEST_STEP][PASSED] - sdf = getText(findTestObject(path_Receipt + "td_AutoNoC031622113752957Ahm")): Text of object 'Object Repository/AdminSuiteBootstrap_Pages/VT_Bootstrap/Receipt/td_AutoNoC031622113752957Ahm' is: 'AutoSin071224223736754Ahm'

2024-07-12 22:45:09 - [MESSAGE][PASSED] - Text of object 'Object Repository/AdminSuiteBootstrap_Pages/VT_Bootstrap/Receipt/td_AutoNoC031622113752957Ahm' is: 'AutoSin071224223736754Ahm'

2024-07-12 22:45:09 - [TEST_STEP][PASSED] - out.println("sdf: " + sdf): null

2024-07-12 22:45:09 - [TEST_STEP][PASSED] - remID = sdf: null

2024-07-12 22:45:09 - [TEST_STEP][PASSED] - out.println("remID: " + remID): null

2024-07-12 22:45:09 - [TEST_STEP][PASSED] - click(findTestObject(path_Receipt + "button_Continue")): Object: 'Object Repository/AdminSuiteBootstrap_Pages/VT_Bootstrap/Receipt/button_Continue' is clicked on

2024-07-12 22:45:09 - [MESSAGE][PASSED] - Object: 'Object Repository/AdminSuiteBootstrap_Pages/VT_Bootstrap/Receipt/button_Continue' is clicked on

2024-07-12 22:45:09 - [TEST_STEP][PASSED] - click(findTestObject(path_VT + "a_Search Transactions")): Object: 'Object Repository/AdminSuiteBootstrap_Pages/VT_Bootstrap/IssueTransactions/a_Search Transactions' is clicked on

2024-07-12 22:45:10 - [MESSAGE][PASSED] - Object: 'Object Repository/AdminSuiteBootstrap_Pages/VT_Bootstrap/IssueTransactions/a_Search Transactions' is clicked on

2024-07-12 22:45:10 - [TEST_STEP][PASSED] - setText(findTestObject(path_CCSearch + "input_Search By_searchValue"), remID): Text 'AutoSin071224223736754Ahm' is set on object 'Object Repository/AdminSuiteBootstrap_Pages/VT_Bootstrap/CCCreditOrVoidSearch/input_Search By_searchValue'

2024-07-12 22:45:11 - [MESSAGE][PASSED] - Text 'AutoSin071224223736754Ahm' is set on object 'Object Repository/AdminSuiteBootstrap_Pages/VT_Bootstrap/CCCreditOrVoidSearch/input_Search By_searchValue'

2024-07-12 22:45:11 - [TEST_STEP][PASSED] - click(findTestObject(path_CCSearch + "button_Submit")): Object: 'Object Repository/AdminSuiteBootstrap_Pages/VT_Bootstrap/CCCreditOrVoidSearch/button_Submit' is clicked on

2024-07-12 22:45:12 - [MESSAGE][PASSED] - Object: 'Object Repository/AdminSuiteBootstrap_Pages/VT_Bootstrap/CCCreditOrVoidSearch/button_Submit' is clicked on

2024-07-12 22:45:12 - [TEST_STEP][PASSED] - fgr = getText(findTestObject(path_SearchResults + "div_Payment ID")): Text of object 'Object Repository/AdminSuiteBootstrap_Pages/VT_Bootstrap/SearchResults/div_Payment ID' is: 'Payment ID
Payment Type
Transaction Type
Remittance ID
Name
Total Amount
End Date
Status
12154784 Credit Card Authorization and Capture AutoSin071224223736754Ahm Janaki James $15.50 07/12/2024 Success'

2024-07-12 22:45:13 - [MESSAGE][PASSED] - Text of object 'Object Repository/AdminSuiteBootstrap_Pages/VT_Bootstrap/SearchResults/div_Payment ID' is: 'Payment ID
Payment Type
Transaction Type
Remittance ID
Name
Total Amount
End Date
Status
12154784 Credit Card Authorization and Capture AutoSin071224223736754Ahm Janaki James $15.50 07/12/2024 Success'

2024-07-12 22:45:13 - [TEST_STEP][PASSED] - payID = substring(89, 98).trim(): null

2024-07-12 22:45:13 - [TEST_STEP][PASSED] - out.println("payID: " + payID): null

2024-07-12 22:45:13 - [TEST_STEP][PASSED] - click(findTestObject(path_SearchResults + "button_PaymentID")): Object: 'Object Repository/AdminSuiteBootstrap_Pages/VT_Bootstrap/SearchResults/button_PaymentID' is clicked on

2024-07-12 22:45:13 - [MESSAGE][PASSED] - Object: 'Object Repository/AdminSuiteBootstrap_Pages/VT_Bootstrap/SearchResults/button_PaymentID' is clicked on

2024-07-12 22:45:13 - [TEST_STEP][PASSED] - verifyTextPresent("Tender Type", true): Text 'Tender Type' is present on page  using regular expression

2024-07-12 22:45:14 - [MESSAGE][PASSED] - Text 'Tender Type' is present on page  using regular expression

2024-07-12 22:45:14 - [TEST_STEP][PASSED] - verifyTextPresent("Credit Card", true): Text 'Credit Card' is present on page  using regular expression

2024-07-12 22:45:14 - [MESSAGE][PASSED] - Text 'Credit Card' is present on page  using regular expression

2024-07-12 22:45:14 - [TEST_STEP][PASSED] - verifyTextPresent("Transaction Type", true): Text 'Transaction Type' is present on page  using regular expression

2024-07-12 22:45:15 - [MESSAGE][PASSED] - Text 'Transaction Type' is present on page  using regular expression

2024-07-12 22:45:15 - [TEST_STEP][PASSED] - verifyTextPresent("Authorization and Capture", true): Text 'Authorization and Capture' is present on page  using regular expression

2024-07-12 22:45:15 - [MESSAGE][PASSED] - Text 'Authorization and Capture' is present on page  using regular expression

2024-07-12 22:45:15 - [TEST_STEP][PASSED] - verifyTextPresent("Transaction Posted by", true): Text 'Transaction Posted by' is present on page  using regular expression

2024-07-12 22:45:15 - [MESSAGE][PASSED] - Text 'Transaction Posted by' is present on page  using regular expression

2024-07-12 22:45:15 - [TEST_STEP][PASSED] - verifyTextPresent("iahmed", true): Text 'iahmed' is present on page  using regular expression

2024-07-12 22:45:16 - [MESSAGE][PASSED] - Text 'iahmed' is present on page  using regular expression

2024-07-12 22:45:16 - [TEST_STEP][PASSED] - click(findTestObject(path_TranxDetails + "a_Void this transaction")): Object: 'Object Repository/AdminSuiteBootstrap_Pages/VT_Bootstrap/TransactionDetails/a_Void this transaction' is clicked on

2024-07-12 22:45:16 - [MESSAGE][PASSED] - Object: 'Object Repository/AdminSuiteBootstrap_Pages/VT_Bootstrap/TransactionDetails/a_Void this transaction' is clicked on

2024-07-12 22:45:16 - [TEST_STEP][PASSED] - verifyTextPresent("The following transaction will be voided", true): Text 'The following transaction will be voided' is present on page  using regular expression

2024-07-12 22:45:17 - [MESSAGE][PASSED] - Text 'The following transaction will be voided' is present on page  using regular expression

2024-07-12 22:45:17 - [TEST_STEP][PASSED] - verifyTextPresent("Please press submit to continue", true): Text 'Please press submit to continue' is present on page  using regular expression

2024-07-12 22:45:17 - [MESSAGE][PASSED] - Text 'Please press submit to continue' is present on page  using regular expression

2024-07-12 22:45:17 - [TEST_STEP][PASSED] - click(findTestObject(path_TranxDetails + "button_Submit")): Object: 'Object Repository/AdminSuiteBootstrap_Pages/VT_Bootstrap/TransactionDetails/button_Submit' is clicked on

2024-07-12 22:45:18 - [MESSAGE][PASSED] - Object: 'Object Repository/AdminSuiteBootstrap_Pages/VT_Bootstrap/TransactionDetails/button_Submit' is clicked on

2024-07-12 22:45:18 - [TEST_STEP][PASSED] - verifyTextPresent("Transaction Successful", true): Text 'Transaction Successful' is present on page  using regular expression

2024-07-12 22:45:19 - [MESSAGE][PASSED] - Text 'Transaction Successful' is present on page  using regular expression

2024-07-12 22:45:19 - [TEST_STEP][PASSED] - verifyTextPresent("Transaction Type", true): Text 'Transaction Type' is present on page  using regular expression

2024-07-12 22:45:19 - [MESSAGE][PASSED] - Text 'Transaction Type' is present on page  using regular expression

2024-07-12 22:45:19 - [TEST_STEP][PASSED] - verifyTextPresent("Void", true): Text 'Void' is present on page  using regular expression

2024-07-12 22:45:20 - [MESSAGE][PASSED] - Text 'Void' is present on page  using regular expression

2024-07-12 22:45:20 - [TEST_STEP][PASSED] - closeBrowser(): Browser is closed

2024-07-12 22:45:21 - [MESSAGE][PASSED] - Browser is closed

2024-07-12 22:45:21 - [TEST_STEP][PASSED] - ExecuteTC = findTestData(dataFile).getValue("Execute", row): null

2024-07-12 22:45:21 - [TEST_STEP][PASSED] - out.println("Value of Execute is : " + ExecuteTC): null

2024-07-12 22:45:21 - [TEST_STEP][PASSED] - switch (executionProfile): null

2024-07-12 22:45:21 - [TEST_STEP][PASSED] - case "QA2Profile":: null

2024-07-12 22:45:21 - [TEST_STEP][PASSED] - appName = findTestData(dataFile).getValue("AppNameQA", row): null

2024-07-12 22:45:21 - [TEST_STEP][PASSED] - appID = findTestData(dataFile).getValue("AppIDQA", row): null

2024-07-12 22:45:21 - [TEST_STEP][PASSED] - break: null

2024-07-12 22:45:21 - [TEST_STEP][PASSED] - hrefAppID = li_1 + appID + li_2: null

2024-07-12 22:45:21 - [TEST_STEP][PASSED] - hrefApp = li_1 + appID + "/": null

2024-07-12 22:45:21 - [TEST_STEP][PASSED] - println("hrefApp : " + hrefApp): null

2024-07-12 22:45:21 - [TEST_STEP][PASSED] - if (ExecuteTC.equalsIgnoreCase("Y")): null

2024-07-12 22:45:21 - [TEST_STEP][PASSED] - out.println("Begin Record Number: " + row): null

2024-07-12 22:45:21 - [TEST_STEP][PASSED] - today = new java.util.Date(): null

2024-07-12 22:45:21 - [TEST_STEP][PASSED] - println(today): null

2024-07-12 22:45:21 - [TEST_STEP][PASSED] - datText = today: null

2024-07-12 22:45:21 - [TEST_STEP][PASSED] - adminSuiteBootstrap.loginFunctionality.login_AdminSuite(): adminSuiteBootstrap.loginFunctionality.login_AdminSuite is PASSED

2024-07-12 22:45:21 - [MESSAGE][INFO] - Starting 'Chrome' driver

2024-07-12 22:45:21 - [MESSAGE][INFO] - User set preference: ['acceptInsecureCerts', 'true']

2024-07-12 22:45:21 - [MESSAGE][INFO] - Action delay is set to 0 milliseconds

2024-07-12 22:45:24 - [MESSAGE][PASSED] - Browser is opened with url: 'https://qa2.velocitypayment.com/admin/imtiaz'

2024-07-12 22:45:24 - [MESSAGE][PASSED] - Current window maximized

2024-07-12 22:45:25 - [MESSAGE][PASSED] - Object 'Object Repository/Login_Page/Login_Username_Okta' is present

2024-07-12 22:45:25 - [MESSAGE][PASSED] - Text 'iahmed' is set on object 'Object Repository/Login_Page/Login_Username_Okta'

2024-07-12 22:45:26 - [MESSAGE][PASSED] - Text 'Hello!6666666' is set on object 'Object Repository/Login_Page/Login_Password_Okta'

2024-07-12 22:45:27 - [MESSAGE][PASSED] - Object: 'Object Repository/Login_Page/Login_Submit_Okta' is clicked on

2024-07-12 22:45:27 - [MESSAGE][PASSED] - adminSuiteBootstrap.loginFunctionality.login_AdminSuite is PASSED

2024-07-12 22:45:27 - [TEST_STEP][PASSED] - click(findTestObject(path_Dashboard + appName)): Object: 'Object Repository/AdminSuiteBootstrap_Pages/Dashboard_Bootstrap/a_Access AutoSingleCFtpQA' is clicked on

2024-07-12 22:45:35 - [MESSAGE][PASSED] - Object: 'Object Repository/AdminSuiteBootstrap_Pages/Dashboard_Bootstrap/a_Access AutoSingleCFtpQA' is clicked on

2024-07-12 22:45:35 - [TEST_STEP][PASSED] - click(findTestObject(path_VT + "button_Authorization  Capture (Sale)")): Object: 'Object Repository/AdminSuiteBootstrap_Pages/VT_Bootstrap/IssueTransactions/button_Authorization  Capture (Sale)' is clicked on

2024-07-12 22:45:35 - [MESSAGE][PASSED] - Object: 'Object Repository/AdminSuiteBootstrap_Pages/VT_Bootstrap/IssueTransactions/button_Authorization  Capture (Sale)' is clicked on

2024-07-12 22:45:35 - [TEST_STEP][PASSED] - saleKeyboardEntryLink = modifyObjectProperty(findTestObject(path_VT + "a_KeyboardEntry_Sale"), "href", "equals", hrefAppID, true): Modify property of object successfully

2024-07-12 22:45:35 - [MESSAGE][PASSED] - Modify property of object successfully

2024-07-12 22:45:35 - [TEST_STEP][PASSED] - click(saleKeyboardEntryLink): Object: 'Object Repository/AdminSuiteBootstrap_Pages/VT_Bootstrap/IssueTransactions/a_KeyboardEntry_Sale' is clicked on

2024-07-12 22:45:36 - [MESSAGE][PASSED] - Object: 'Object Repository/AdminSuiteBootstrap_Pages/VT_Bootstrap/IssueTransactions/a_KeyboardEntry_Sale' is clicked on

2024-07-12 22:45:36 - [TEST_STEP][PASSED] - adminSuiteBootstrap.virtualTerminalSetData.saleKeyboard_DataDriven(row, dataFile): adminSuiteBootstrap.virtualTerminalSetData.saleKeyboard_DataDriven is PASSED

2024-07-12 22:45:40 - [MESSAGE][PASSED] - Text 'Janaki James' is set on object 'Object Repository/AdminSuiteBootstrap_Pages/VT_Bootstrap/SaleKeyboard/input_cardName'

2024-07-12 22:45:41 - [MESSAGE][PASSED] - All options with value 'MOTO' are selected in object 'Object Repository/AdminSuiteBootstrap_Pages/VT_Bootstrap/SaleKeyboard/select_transactionCategory'  using regular expression

2024-07-12 22:45:41 - [MESSAGE][PASSED] - Execute JavaScript 'arguments[0].value ='5146312200000035' ' successfully

2024-07-12 22:45:42 - [MESSAGE][PASSED] - Execute JavaScript 'arguments[0].value ='123' ' successfully

2024-07-12 22:45:43 - [MESSAGE][PASSED] - All options with value '12' are selected in object 'Object Repository/AdminSuiteBootstrap_Pages/VT_Bootstrap/SaleKeyboard/select_MM'  using regular expression

2024-07-12 22:45:44 - [MESSAGE][PASSED] - All options with value '2025' are selected in object 'Object Repository/AdminSuiteBootstrap_Pages/VT_Bootstrap/SaleKeyboard/select_YYYY'  using regular expression

2024-07-12 22:45:45 - [MESSAGE][PASSED] - Text '1478 Jhatka Palace' is set on object 'Object Repository/AdminSuiteBootstrap_Pages/VT_Bootstrap/SaleKeyboard/input__address'

2024-07-12 22:45:45 - [MESSAGE][PASSED] - Text 'Suite 500' is set on object 'Object Repository/AdminSuiteBootstrap_Pages/VT_Bootstrap/SaleKeyboard/input__address2'

2024-07-12 22:45:46 - [MESSAGE][PASSED] - Text '22201' is set on object 'Object Repository/AdminSuiteBootstrap_Pages/VT_Bootstrap/SaleKeyboard/input__zip'

2024-07-12 22:45:47 - [MESSAGE][PASSED] - Text '' is set on object 'Object Repository/AdminSuiteBootstrap_Pages/VT_Bootstrap/SaleKeyboard/input_emailAddress'

2024-07-12 22:45:48 - [MESSAGE][PASSED] - Text '' is set on object 'Object Repository/AdminSuiteBootstrap_Pages/VT_Bootstrap/SaleKeyboard/input_smsNumber'

2024-07-12 22:45:49 - [MESSAGE][PASSED] - Text '10.50' is set on object 'Object Repository/AdminSuiteBootstrap_Pages/VT_Bootstrap/SaleKeyboard/input_amount'

2024-07-12 22:45:50 - [MESSAGE][PASSED] - Text 'Australia' is set on object 'Object Repository/AdminSuiteBootstrap_Pages/VT_Bootstrap/SaleKeyboard/input_userDefined1'

2024-07-12 22:45:51 - [MESSAGE][PASSED] - Text 'Denmark' is set on object 'Object Repository/AdminSuiteBootstrap_Pages/VT_Bootstrap/SaleKeyboard/input_userDefined2'

2024-07-12 22:45:52 - [MESSAGE][PASSED] - Text 'Sweden' is set on object 'Object Repository/AdminSuiteBootstrap_Pages/VT_Bootstrap/SaleKeyboard/input_userDefined3'

2024-07-12 22:45:52 - [MESSAGE][PASSED] - Text 'Austria' is set on object 'Object Repository/AdminSuiteBootstrap_Pages/VT_Bootstrap/SaleKeyboard/input_userDefined4'

2024-07-12 22:45:53 - [MESSAGE][PASSED] - All options with label 'Orange' are selected in object 'Object Repository/AdminSuiteBootstrap_Pages/VT_Bootstrap/SaleKeyboard/select_UDF5_DropDown'  using regular expression

2024-07-12 22:45:54 - [MESSAGE][PASSED] - All options with label 'Yellow' are selected in object 'Object Repository/AdminSuiteBootstrap_Pages/VT_Bootstrap/SaleKeyboard/select_UDF6_DropDown'  using regular expression

2024-07-12 22:45:55 - [MESSAGE][PASSED] - Text 'Norway' is set on object 'Object Repository/AdminSuiteBootstrap_Pages/VT_Bootstrap/SaleKeyboard/input_userDefined7'

2024-07-12 22:45:56 - [MESSAGE][PASSED] - Text 'Netherlands' is set on object 'Object Repository/AdminSuiteBootstrap_Pages/VT_Bootstrap/SaleKeyboard/input_userDefined8'

2024-07-12 22:45:56 - [MESSAGE][PASSED] - Text 'Switzerland' is set on object 'Object Repository/AdminSuiteBootstrap_Pages/VT_Bootstrap/SaleKeyboard/input_userDefined9'

2024-07-12 22:45:57 - [MESSAGE][PASSED] - Text 'France' is set on object 'Object Repository/AdminSuiteBootstrap_Pages/VT_Bootstrap/SaleKeyboard/input_userDefined10'

2024-07-12 22:45:58 - [MESSAGE][PASSED] - Object: 'Object Repository/AdminSuiteBootstrap_Pages/VT_Bootstrap/SaleKeyboard/button_Submit' is clicked on

2024-07-12 22:45:58 - [MESSAGE][PASSED] - adminSuiteBootstrap.virtualTerminalSetData.saleKeyboard_DataDriven is PASSED

2024-07-12 22:45:58 - [TEST_STEP][PASSED] - if (verifyTextPresent("Transaction Successful", true)): null

2024-07-12 22:45:59 - [MESSAGE][PASSED] - Text 'Transaction Successful' is present on page  using regular expression

2024-07-12 22:45:59 - [TEST_STEP][PASSED] - sdf = getText(findTestObject(path_Receipt + "td_AutoNoC031622113752957Ahm")): Text of object 'Object Repository/AdminSuiteBootstrap_Pages/VT_Bootstrap/Receipt/td_AutoNoC031622113752957Ahm' is: 'AutoSin071224223827586Ahm'

2024-07-12 22:45:59 - [MESSAGE][PASSED] - Text of object 'Object Repository/AdminSuiteBootstrap_Pages/VT_Bootstrap/Receipt/td_AutoNoC031622113752957Ahm' is: 'AutoSin071224223827586Ahm'

2024-07-12 22:45:59 - [TEST_STEP][PASSED] - out.println("sdf: " + sdf): null

2024-07-12 22:45:59 - [TEST_STEP][PASSED] - remID = sdf: null

2024-07-12 22:45:59 - [TEST_STEP][PASSED] - out.println("remID: " + remID): null

2024-07-12 22:45:59 - [TEST_STEP][PASSED] - click(findTestObject(path_Receipt + "button_Continue")): Object: 'Object Repository/AdminSuiteBootstrap_Pages/VT_Bootstrap/Receipt/button_Continue' is clicked on

2024-07-12 22:46:00 - [MESSAGE][PASSED] - Object: 'Object Repository/AdminSuiteBootstrap_Pages/VT_Bootstrap/Receipt/button_Continue' is clicked on

2024-07-12 22:46:00 - [TEST_STEP][PASSED] - click(findTestObject(path_VT + "a_Search Transactions")): Object: 'Object Repository/AdminSuiteBootstrap_Pages/VT_Bootstrap/IssueTransactions/a_Search Transactions' is clicked on

2024-07-12 22:46:01 - [MESSAGE][PASSED] - Object: 'Object Repository/AdminSuiteBootstrap_Pages/VT_Bootstrap/IssueTransactions/a_Search Transactions' is clicked on

2024-07-12 22:46:01 - [TEST_STEP][PASSED] - setText(findTestObject(path_CCSearch + "input_Search By_searchValue"), remID): Text 'AutoSin071224223827586Ahm' is set on object 'Object Repository/AdminSuiteBootstrap_Pages/VT_Bootstrap/CCCreditOrVoidSearch/input_Search By_searchValue'

2024-07-12 22:46:02 - [MESSAGE][PASSED] - Text 'AutoSin071224223827586Ahm' is set on object 'Object Repository/AdminSuiteBootstrap_Pages/VT_Bootstrap/CCCreditOrVoidSearch/input_Search By_searchValue'

2024-07-12 22:46:02 - [TEST_STEP][PASSED] - click(findTestObject(path_CCSearch + "button_Submit")): Object: 'Object Repository/AdminSuiteBootstrap_Pages/VT_Bootstrap/CCCreditOrVoidSearch/button_Submit' is clicked on

2024-07-12 22:46:03 - [MESSAGE][PASSED] - Object: 'Object Repository/AdminSuiteBootstrap_Pages/VT_Bootstrap/CCCreditOrVoidSearch/button_Submit' is clicked on

2024-07-12 22:46:03 - [TEST_STEP][PASSED] - fgr = getText(findTestObject(path_SearchResults + "div_Payment ID")): Text of object 'Object Repository/AdminSuiteBootstrap_Pages/VT_Bootstrap/SearchResults/div_Payment ID' is: 'Payment ID
Payment Type
Transaction Type
Remittance ID
Name
Total Amount
End Date
Status
12154786 Credit Card Authorization and Capture AutoSin071224223827586Ahm Janaki James $15.50 07/12/2024 Success'

2024-07-12 22:46:03 - [MESSAGE][PASSED] - Text of object 'Object Repository/AdminSuiteBootstrap_Pages/VT_Bootstrap/SearchResults/div_Payment ID' is: 'Payment ID
Payment Type
Transaction Type
Remittance ID
Name
Total Amount
End Date
Status
12154786 Credit Card Authorization and Capture AutoSin071224223827586Ahm Janaki James $15.50 07/12/2024 Success'

2024-07-12 22:46:03 - [TEST_STEP][PASSED] - payID = substring(89, 98).trim(): null

2024-07-12 22:46:03 - [TEST_STEP][PASSED] - out.println("payID: " + payID): null

2024-07-12 22:46:03 - [TEST_STEP][PASSED] - click(findTestObject(path_SearchResults + "button_PaymentID")): Object: 'Object Repository/AdminSuiteBootstrap_Pages/VT_Bootstrap/SearchResults/button_PaymentID' is clicked on

2024-07-12 22:46:04 - [MESSAGE][PASSED] - Object: 'Object Repository/AdminSuiteBootstrap_Pages/VT_Bootstrap/SearchResults/button_PaymentID' is clicked on

2024-07-12 22:46:04 - [TEST_STEP][PASSED] - verifyTextPresent("Tender Type", true): Text 'Tender Type' is present on page  using regular expression

2024-07-12 22:46:05 - [MESSAGE][PASSED] - Text 'Tender Type' is present on page  using regular expression

2024-07-12 22:46:05 - [TEST_STEP][PASSED] - verifyTextPresent("Credit Card", true): Text 'Credit Card' is present on page  using regular expression

2024-07-12 22:46:05 - [MESSAGE][PASSED] - Text 'Credit Card' is present on page  using regular expression

2024-07-12 22:46:05 - [TEST_STEP][PASSED] - verifyTextPresent("Transaction Type", true): Text 'Transaction Type' is present on page  using regular expression

2024-07-12 22:46:05 - [MESSAGE][PASSED] - Text 'Transaction Type' is present on page  using regular expression

2024-07-12 22:46:05 - [TEST_STEP][PASSED] - verifyTextPresent("Authorization and Capture", true): Text 'Authorization and Capture' is present on page  using regular expression

2024-07-12 22:46:06 - [MESSAGE][PASSED] - Text 'Authorization and Capture' is present on page  using regular expression

2024-07-12 22:46:06 - [TEST_STEP][PASSED] - verifyTextPresent("Transaction Posted by", true): Text 'Transaction Posted by' is present on page  using regular expression

2024-07-12 22:46:06 - [MESSAGE][PASSED] - Text 'Transaction Posted by' is present on page  using regular expression

2024-07-12 22:46:06 - [TEST_STEP][PASSED] - verifyTextPresent("iahmed", true): Text 'iahmed' is present on page  using regular expression

2024-07-12 22:46:06 - [MESSAGE][PASSED] - Text 'iahmed' is present on page  using regular expression

2024-07-12 22:46:06 - [TEST_STEP][PASSED] - click(findTestObject(path_TranxDetails + "a_Void this transaction")): Object: 'Object Repository/AdminSuiteBootstrap_Pages/VT_Bootstrap/TransactionDetails/a_Void this transaction' is clicked on

2024-07-12 22:46:07 - [MESSAGE][PASSED] - Object: 'Object Repository/AdminSuiteBootstrap_Pages/VT_Bootstrap/TransactionDetails/a_Void this transaction' is clicked on

2024-07-12 22:46:07 - [TEST_STEP][PASSED] - verifyTextPresent("The following transaction will be voided", true): Text 'The following transaction will be voided' is present on page  using regular expression

2024-07-12 22:46:08 - [MESSAGE][PASSED] - Text 'The following transaction will be voided' is present on page  using regular expression

2024-07-12 22:46:08 - [TEST_STEP][PASSED] - verifyTextPresent("Please press submit to continue", true): Text 'Please press submit to continue' is present on page  using regular expression

2024-07-12 22:46:08 - [MESSAGE][PASSED] - Text 'Please press submit to continue' is present on page  using regular expression

2024-07-12 22:46:08 - [TEST_STEP][PASSED] - click(findTestObject(path_TranxDetails + "button_Submit")): Object: 'Object Repository/AdminSuiteBootstrap_Pages/VT_Bootstrap/TransactionDetails/button_Submit' is clicked on

2024-07-12 22:46:09 - [MESSAGE][PASSED] - Object: 'Object Repository/AdminSuiteBootstrap_Pages/VT_Bootstrap/TransactionDetails/button_Submit' is clicked on

2024-07-12 22:46:09 - [TEST_STEP][PASSED] - verifyTextPresent("Transaction Successful", true): Text 'Transaction Successful' is present on page  using regular expression

2024-07-12 22:46:10 - [MESSAGE][PASSED] - Text 'Transaction Successful' is present on page  using regular expression

2024-07-12 22:46:10 - [TEST_STEP][PASSED] - verifyTextPresent("Transaction Type", true): Text 'Transaction Type' is present on page  using regular expression

2024-07-12 22:46:10 - [MESSAGE][PASSED] - Text 'Transaction Type' is present on page  using regular expression

2024-07-12 22:46:10 - [TEST_STEP][PASSED] - verifyTextPresent("Void", true): Text 'Void' is present on page  using regular expression

2024-07-12 22:46:10 - [MESSAGE][PASSED] - Text 'Void' is present on page  using regular expression

2024-07-12 22:46:10 - [TEST_STEP][PASSED] - closeBrowser(): Browser is closed

2024-07-12 22:46:12 - [MESSAGE][PASSED] - Browser is closed

2024-07-12 22:46:12 - [TEST_STEP][PASSED] - ExecuteTC = findTestData(dataFile).getValue("Execute", row): null

2024-07-12 22:46:12 - [TEST_STEP][PASSED] - out.println("Value of Execute is : " + ExecuteTC): null

2024-07-12 22:46:12 - [TEST_STEP][PASSED] - switch (executionProfile): null

2024-07-12 22:46:12 - [TEST_STEP][PASSED] - case "QA2Profile":: null

2024-07-12 22:46:12 - [TEST_STEP][PASSED] - appName = findTestData(dataFile).getValue("AppNameQA", row): null

2024-07-12 22:46:12 - [TEST_STEP][PASSED] - appID = findTestData(dataFile).getValue("AppIDQA", row): null

2024-07-12 22:46:12 - [TEST_STEP][PASSED] - break: null

2024-07-12 22:46:12 - [TEST_STEP][PASSED] - hrefAppID = li_1 + appID + li_2: null

2024-07-12 22:46:12 - [TEST_STEP][PASSED] - hrefApp = li_1 + appID + "/": null

2024-07-12 22:46:12 - [TEST_STEP][PASSED] - println("hrefApp : " + hrefApp): null

2024-07-12 22:46:12 - [TEST_STEP][PASSED] - if (ExecuteTC.equalsIgnoreCase("Y")): null

2024-07-12 22:46:12 - [TEST_STEP][PASSED] - out.println("Begin Record Number: " + row): null

2024-07-12 22:46:12 - [TEST_STEP][PASSED] - today = new java.util.Date(): null

2024-07-12 22:46:12 - [TEST_STEP][PASSED] - println(today): null

2024-07-12 22:46:12 - [TEST_STEP][PASSED] - datText = today: null

2024-07-12 22:46:12 - [TEST_STEP][PASSED] - adminSuiteBootstrap.loginFunctionality.login_AdminSuite(): adminSuiteBootstrap.loginFunctionality.login_AdminSuite is PASSED

2024-07-12 22:46:12 - [MESSAGE][INFO] - Starting 'Chrome' driver

2024-07-12 22:46:12 - [MESSAGE][INFO] - User set preference: ['acceptInsecureCerts', 'true']

2024-07-12 22:46:12 - [MESSAGE][INFO] - Action delay is set to 0 milliseconds

2024-07-12 22:46:15 - [MESSAGE][PASSED] - Browser is opened with url: 'https://qa2.velocitypayment.com/admin/imtiaz'

2024-07-12 22:46:15 - [MESSAGE][PASSED] - Current window maximized

2024-07-12 22:46:16 - [MESSAGE][PASSED] - Object 'Object Repository/Login_Page/Login_Username_Okta' is present

2024-07-12 22:46:16 - [MESSAGE][PASSED] - Text 'iahmed' is set on object 'Object Repository/Login_Page/Login_Username_Okta'

2024-07-12 22:46:17 - [MESSAGE][PASSED] - Text 'Hello!6666666' is set on object 'Object Repository/Login_Page/Login_Password_Okta'

2024-07-12 22:46:18 - [MESSAGE][PASSED] - Object: 'Object Repository/Login_Page/Login_Submit_Okta' is clicked on

2024-07-12 22:46:18 - [MESSAGE][PASSED] - adminSuiteBootstrap.loginFunctionality.login_AdminSuite is PASSED

2024-07-12 22:46:18 - [TEST_STEP][PASSED] - click(findTestObject(path_Dashboard + appName)): Object: 'Object Repository/AdminSuiteBootstrap_Pages/Dashboard_Bootstrap/a_Access AutoSingleCFtpQA' is clicked on

2024-07-12 22:46:26 - [MESSAGE][PASSED] - Object: 'Object Repository/AdminSuiteBootstrap_Pages/Dashboard_Bootstrap/a_Access AutoSingleCFtpQA' is clicked on

2024-07-12 22:46:26 - [TEST_STEP][PASSED] - click(findTestObject(path_VT + "button_Authorization  Capture (Sale)")): Object: 'Object Repository/AdminSuiteBootstrap_Pages/VT_Bootstrap/IssueTransactions/button_Authorization  Capture (Sale)' is clicked on

2024-07-12 22:46:27 - [MESSAGE][PASSED] - Object: 'Object Repository/AdminSuiteBootstrap_Pages/VT_Bootstrap/IssueTransactions/button_Authorization  Capture (Sale)' is clicked on

2024-07-12 22:46:27 - [TEST_STEP][PASSED] - saleKeyboardEntryLink = modifyObjectProperty(findTestObject(path_VT + "a_KeyboardEntry_Sale"), "href", "equals", hrefAppID, true): Modify property of object successfully

2024-07-12 22:46:27 - [MESSAGE][PASSED] - Modify property of object successfully

2024-07-12 22:46:27 - [TEST_STEP][PASSED] - click(saleKeyboardEntryLink): Object: 'Object Repository/AdminSuiteBootstrap_Pages/VT_Bootstrap/IssueTransactions/a_KeyboardEntry_Sale' is clicked on

2024-07-12 22:46:28 - [MESSAGE][PASSED] - Object: 'Object Repository/AdminSuiteBootstrap_Pages/VT_Bootstrap/IssueTransactions/a_KeyboardEntry_Sale' is clicked on

2024-07-12 22:46:28 - [TEST_STEP][PASSED] - adminSuiteBootstrap.virtualTerminalSetData.saleKeyboard_DataDriven(row, dataFile): adminSuiteBootstrap.virtualTerminalSetData.saleKeyboard_DataDriven is PASSED

2024-07-12 22:46:31 - [MESSAGE][PASSED] - Text 'Janaki James' is set on object 'Object Repository/AdminSuiteBootstrap_Pages/VT_Bootstrap/SaleKeyboard/input_cardName'

2024-07-12 22:46:32 - [MESSAGE][PASSED] - All options with value 'MOTO' are selected in object 'Object Repository/AdminSuiteBootstrap_Pages/VT_Bootstrap/SaleKeyboard/select_transactionCategory'  using regular expression

2024-07-12 22:46:32 - [MESSAGE][PASSED] - Execute JavaScript 'arguments[0].value ='371449635392376' ' successfully

2024-07-12 22:46:33 - [MESSAGE][PASSED] - Execute JavaScript 'arguments[0].value ='123' ' successfully

2024-07-12 22:46:34 - [MESSAGE][PASSED] - All options with value '12' are selected in object 'Object Repository/AdminSuiteBootstrap_Pages/VT_Bootstrap/SaleKeyboard/select_MM'  using regular expression

2024-07-12 22:46:35 - [MESSAGE][PASSED] - All options with value '2025' are selected in object 'Object Repository/AdminSuiteBootstrap_Pages/VT_Bootstrap/SaleKeyboard/select_YYYY'  using regular expression

2024-07-12 22:46:36 - [MESSAGE][PASSED] - Text '550 Swan Lake' is set on object 'Object Repository/AdminSuiteBootstrap_Pages/VT_Bootstrap/SaleKeyboard/input__address'

2024-07-12 22:46:36 - [MESSAGE][PASSED] - Text 'Suite 500' is set on object 'Object Repository/AdminSuiteBootstrap_Pages/VT_Bootstrap/SaleKeyboard/input__address2'

2024-07-12 22:46:37 - [MESSAGE][PASSED] - Text '22201' is set on object 'Object Repository/AdminSuiteBootstrap_Pages/VT_Bootstrap/SaleKeyboard/input__zip'

2024-07-12 22:46:38 - [MESSAGE][PASSED] - Text '' is set on object 'Object Repository/AdminSuiteBootstrap_Pages/VT_Bootstrap/SaleKeyboard/input_emailAddress'

2024-07-12 22:46:39 - [MESSAGE][PASSED] - Text '' is set on object 'Object Repository/AdminSuiteBootstrap_Pages/VT_Bootstrap/SaleKeyboard/input_smsNumber'

2024-07-12 22:46:40 - [MESSAGE][PASSED] - Text '10.50' is set on object 'Object Repository/AdminSuiteBootstrap_Pages/VT_Bootstrap/SaleKeyboard/input_amount'

2024-07-12 22:46:41 - [MESSAGE][PASSED] - Text 'Australia' is set on object 'Object Repository/AdminSuiteBootstrap_Pages/VT_Bootstrap/SaleKeyboard/input_userDefined1'

2024-07-12 22:46:42 - [MESSAGE][PASSED] - Text 'Denmark' is set on object 'Object Repository/AdminSuiteBootstrap_Pages/VT_Bootstrap/SaleKeyboard/input_userDefined2'

2024-07-12 22:46:42 - [MESSAGE][PASSED] - Text 'Sweden' is set on object 'Object Repository/AdminSuiteBootstrap_Pages/VT_Bootstrap/SaleKeyboard/input_userDefined3'

2024-07-12 22:46:43 - [MESSAGE][PASSED] - Text 'Austria' is set on object 'Object Repository/AdminSuiteBootstrap_Pages/VT_Bootstrap/SaleKeyboard/input_userDefined4'

2024-07-12 22:46:44 - [MESSAGE][PASSED] - All options with label 'Orange' are selected in object 'Object Repository/AdminSuiteBootstrap_Pages/VT_Bootstrap/SaleKeyboard/select_UDF5_DropDown'  using regular expression

2024-07-12 22:46:45 - [MESSAGE][PASSED] - All options with label 'Yellow' are selected in object 'Object Repository/AdminSuiteBootstrap_Pages/VT_Bootstrap/SaleKeyboard/select_UDF6_DropDown'  using regular expression

2024-07-12 22:46:46 - [MESSAGE][PASSED] - Text 'Norway' is set on object 'Object Repository/AdminSuiteBootstrap_Pages/VT_Bootstrap/SaleKeyboard/input_userDefined7'

2024-07-12 22:46:47 - [MESSAGE][PASSED] - Text 'Netherlands' is set on object 'Object Repository/AdminSuiteBootstrap_Pages/VT_Bootstrap/SaleKeyboard/input_userDefined8'

2024-07-12 22:46:47 - [MESSAGE][PASSED] - Text 'Switzerland' is set on object 'Object Repository/AdminSuiteBootstrap_Pages/VT_Bootstrap/SaleKeyboard/input_userDefined9'

2024-07-12 22:46:48 - [MESSAGE][PASSED] - Text 'France' is set on object 'Object Repository/AdminSuiteBootstrap_Pages/VT_Bootstrap/SaleKeyboard/input_userDefined10'

2024-07-12 22:46:49 - [MESSAGE][PASSED] - Object: 'Object Repository/AdminSuiteBootstrap_Pages/VT_Bootstrap/SaleKeyboard/button_Submit' is clicked on

2024-07-12 22:46:49 - [MESSAGE][PASSED] - adminSuiteBootstrap.virtualTerminalSetData.saleKeyboard_DataDriven is PASSED

2024-07-12 22:46:49 - [TEST_STEP][PASSED] - if (verifyTextPresent("Transaction Successful", true)): null

2024-07-12 22:46:50 - [MESSAGE][PASSED] - Text 'Transaction Successful' is present on page  using regular expression

2024-07-12 22:46:50 - [TEST_STEP][PASSED] - sdf = getText(findTestObject(path_Receipt + "td_AutoNoC031622113752957Ahm")): Text of object 'Object Repository/AdminSuiteBootstrap_Pages/VT_Bootstrap/Receipt/td_AutoNoC031622113752957Ahm' is: 'AutoSin071224223918737Ahm'

2024-07-12 22:46:50 - [MESSAGE][PASSED] - Text of object 'Object Repository/AdminSuiteBootstrap_Pages/VT_Bootstrap/Receipt/td_AutoNoC031622113752957Ahm' is: 'AutoSin071224223918737Ahm'

2024-07-12 22:46:50 - [TEST_STEP][PASSED] - out.println("sdf: " + sdf): null

2024-07-12 22:46:50 - [TEST_STEP][PASSED] - remID = sdf: null

2024-07-12 22:46:50 - [TEST_STEP][PASSED] - out.println("remID: " + remID): null

2024-07-12 22:46:50 - [TEST_STEP][PASSED] - click(findTestObject(path_Receipt + "button_Continue")): Object: 'Object Repository/AdminSuiteBootstrap_Pages/VT_Bootstrap/Receipt/button_Continue' is clicked on

2024-07-12 22:46:51 - [MESSAGE][PASSED] - Object: 'Object Repository/AdminSuiteBootstrap_Pages/VT_Bootstrap/Receipt/button_Continue' is clicked on

2024-07-12 22:46:51 - [TEST_STEP][PASSED] - click(findTestObject(path_VT + "a_Search Transactions")): Object: 'Object Repository/AdminSuiteBootstrap_Pages/VT_Bootstrap/IssueTransactions/a_Search Transactions' is clicked on

2024-07-12 22:46:52 - [MESSAGE][PASSED] - Object: 'Object Repository/AdminSuiteBootstrap_Pages/VT_Bootstrap/IssueTransactions/a_Search Transactions' is clicked on

2024-07-12 22:46:52 - [TEST_STEP][PASSED] - setText(findTestObject(path_CCSearch + "input_Search By_searchValue"), remID): Text 'AutoSin071224223918737Ahm' is set on object 'Object Repository/AdminSuiteBootstrap_Pages/VT_Bootstrap/CCCreditOrVoidSearch/input_Search By_searchValue'

2024-07-12 22:46:53 - [MESSAGE][PASSED] - Text 'AutoSin071224223918737Ahm' is set on object 'Object Repository/AdminSuiteBootstrap_Pages/VT_Bootstrap/CCCreditOrVoidSearch/input_Search By_searchValue'

2024-07-12 22:46:53 - [TEST_STEP][PASSED] - click(findTestObject(path_CCSearch + "button_Submit")): Object: 'Object Repository/AdminSuiteBootstrap_Pages/VT_Bootstrap/CCCreditOrVoidSearch/button_Submit' is clicked on

2024-07-12 22:46:54 - [MESSAGE][PASSED] - Object: 'Object Repository/AdminSuiteBootstrap_Pages/VT_Bootstrap/CCCreditOrVoidSearch/button_Submit' is clicked on

2024-07-12 22:46:54 - [TEST_STEP][PASSED] - fgr = getText(findTestObject(path_SearchResults + "div_Payment ID")): Text of object 'Object Repository/AdminSuiteBootstrap_Pages/VT_Bootstrap/SearchResults/div_Payment ID' is: 'Payment ID
Payment Type
Transaction Type
Remittance ID
Name
Total Amount
End Date
Status
12154788 Credit Card Authorization and Capture AutoSin071224223918737Ahm Janaki James $15.50 07/12/2024 Success'

2024-07-12 22:46:54 - [MESSAGE][PASSED] - Text of object 'Object Repository/AdminSuiteBootstrap_Pages/VT_Bootstrap/SearchResults/div_Payment ID' is: 'Payment ID
Payment Type
Transaction Type
Remittance ID
Name
Total Amount
End Date
Status
12154788 Credit Card Authorization and Capture AutoSin071224223918737Ahm Janaki James $15.50 07/12/2024 Success'

2024-07-12 22:46:54 - [TEST_STEP][PASSED] - payID = substring(89, 98).trim(): null

2024-07-12 22:46:54 - [TEST_STEP][PASSED] - out.println("payID: " + payID): null

2024-07-12 22:46:54 - [TEST_STEP][PASSED] - click(findTestObject(path_SearchResults + "button_PaymentID")): Object: 'Object Repository/AdminSuiteBootstrap_Pages/VT_Bootstrap/SearchResults/button_PaymentID' is clicked on

2024-07-12 22:46:55 - [MESSAGE][PASSED] - Object: 'Object Repository/AdminSuiteBootstrap_Pages/VT_Bootstrap/SearchResults/button_PaymentID' is clicked on

2024-07-12 22:46:55 - [TEST_STEP][PASSED] - verifyTextPresent("Tender Type", true): Text 'Tender Type' is present on page  using regular expression

2024-07-12 22:46:56 - [MESSAGE][PASSED] - Text 'Tender Type' is present on page  using regular expression

2024-07-12 22:46:56 - [TEST_STEP][PASSED] - verifyTextPresent("Credit Card", true): Text 'Credit Card' is present on page  using regular expression

2024-07-12 22:46:56 - [MESSAGE][PASSED] - Text 'Credit Card' is present on page  using regular expression

2024-07-12 22:46:56 - [TEST_STEP][PASSED] - verifyTextPresent("Transaction Type", true): Text 'Transaction Type' is present on page  using regular expression

2024-07-12 22:46:56 - [MESSAGE][PASSED] - Text 'Transaction Type' is present on page  using regular expression

2024-07-12 22:46:56 - [TEST_STEP][PASSED] - verifyTextPresent("Authorization and Capture", true): Text 'Authorization and Capture' is present on page  using regular expression

2024-07-12 22:46:57 - [MESSAGE][PASSED] - Text 'Authorization and Capture' is present on page  using regular expression

2024-07-12 22:46:57 - [TEST_STEP][PASSED] - verifyTextPresent("Transaction Posted by", true): Text 'Transaction Posted by' is present on page  using regular expression

2024-07-12 22:46:57 - [MESSAGE][PASSED] - Text 'Transaction Posted by' is present on page  using regular expression

2024-07-12 22:46:57 - [TEST_STEP][PASSED] - verifyTextPresent("iahmed", true): Text 'iahmed' is present on page  using regular expression

2024-07-12 22:46:57 - [MESSAGE][PASSED] - Text 'iahmed' is present on page  using regular expression

2024-07-12 22:46:57 - [TEST_STEP][PASSED] - click(findTestObject(path_TranxDetails + "a_Void this transaction")): Object: 'Object Repository/AdminSuiteBootstrap_Pages/VT_Bootstrap/TransactionDetails/a_Void this transaction' is clicked on

2024-07-12 22:46:58 - [MESSAGE][PASSED] - Object: 'Object Repository/AdminSuiteBootstrap_Pages/VT_Bootstrap/TransactionDetails/a_Void this transaction' is clicked on

2024-07-12 22:46:58 - [TEST_STEP][PASSED] - verifyTextPresent("The following transaction will be voided", true): Text 'The following transaction will be voided' is present on page  using regular expression

2024-07-12 22:46:59 - [MESSAGE][PASSED] - Text 'The following transaction will be voided' is present on page  using regular expression

2024-07-12 22:46:59 - [TEST_STEP][PASSED] - verifyTextPresent("Please press submit to continue", true): Text 'Please press submit to continue' is present on page  using regular expression

2024-07-12 22:46:59 - [MESSAGE][PASSED] - Text 'Please press submit to continue' is present on page  using regular expression

2024-07-12 22:46:59 - [TEST_STEP][PASSED] - click(findTestObject(path_TranxDetails + "button_Submit")): Object: 'Object Repository/AdminSuiteBootstrap_Pages/VT_Bootstrap/TransactionDetails/button_Submit' is clicked on

2024-07-12 22:47:00 - [MESSAGE][PASSED] - Object: 'Object Repository/AdminSuiteBootstrap_Pages/VT_Bootstrap/TransactionDetails/button_Submit' is clicked on

2024-07-12 22:47:00 - [TEST_STEP][PASSED] - verifyTextPresent("Transaction Successful", true): Text 'Transaction Successful' is present on page  using regular expression

2024-07-12 22:47:01 - [MESSAGE][PASSED] - Text 'Transaction Successful' is present on page  using regular expression

2024-07-12 22:47:01 - [TEST_STEP][PASSED] - verifyTextPresent("Transaction Type", true): Text 'Transaction Type' is present on page  using regular expression

2024-07-12 22:47:01 - [MESSAGE][PASSED] - Text 'Transaction Type' is present on page  using regular expression

2024-07-12 22:47:01 - [TEST_STEP][PASSED] - verifyTextPresent("Void", true): Text 'Void' is present on page  using regular expression

2024-07-12 22:47:02 - [MESSAGE][PASSED] - Text 'Void' is present on page  using regular expression

2024-07-12 22:47:02 - [TEST_STEP][PASSED] - closeBrowser(): Browser is closed

2024-07-12 22:47:03 - [MESSAGE][PASSED] - Browser is closed

2024-07-12 22:47:03 - [TEST_STEP][PASSED] - ExecuteTC = findTestData(dataFile).getValue("Execute", row): null

2024-07-12 22:47:03 - [TEST_STEP][PASSED] - out.println("Value of Execute is : " + ExecuteTC): null

2024-07-12 22:47:03 - [TEST_STEP][PASSED] - switch (executionProfile): null

2024-07-12 22:47:03 - [TEST_STEP][PASSED] - case "QA2Profile":: null

2024-07-12 22:47:03 - [TEST_STEP][PASSED] - appName = findTestData(dataFile).getValue("AppNameQA", row): null

2024-07-12 22:47:03 - [TEST_STEP][PASSED] - appID = findTestData(dataFile).getValue("AppIDQA", row): null

2024-07-12 22:47:03 - [TEST_STEP][PASSED] - break: null

2024-07-12 22:47:03 - [TEST_STEP][PASSED] - hrefAppID = li_1 + appID + li_2: null

2024-07-12 22:47:03 - [TEST_STEP][PASSED] - hrefApp = li_1 + appID + "/": null

2024-07-12 22:47:03 - [TEST_STEP][PASSED] - println("hrefApp : " + hrefApp): null

2024-07-12 22:47:03 - [TEST_STEP][PASSED] - if (ExecuteTC.equalsIgnoreCase("Y")): null

2024-07-12 22:47:03 - [TEST_STEP][PASSED] - out.println("Begin Record Number: " + row): null

2024-07-12 22:47:03 - [TEST_STEP][PASSED] - today = new java.util.Date(): null

2024-07-12 22:47:03 - [TEST_STEP][PASSED] - println(today): null

2024-07-12 22:47:03 - [TEST_STEP][PASSED] - datText = today: null

2024-07-12 22:47:03 - [TEST_STEP][PASSED] - adminSuiteBootstrap.loginFunctionality.login_AdminSuite(): adminSuiteBootstrap.loginFunctionality.login_AdminSuite is PASSED

2024-07-12 22:47:03 - [MESSAGE][INFO] - Starting 'Chrome' driver

2024-07-12 22:47:03 - [MESSAGE][INFO] - User set preference: ['acceptInsecureCerts', 'true']

2024-07-12 22:47:03 - [MESSAGE][INFO] - Action delay is set to 0 milliseconds

2024-07-12 22:47:05 - [MESSAGE][PASSED] - Browser is opened with url: 'https://qa2.velocitypayment.com/admin/imtiaz'

2024-07-12 22:47:06 - [MESSAGE][PASSED] - Current window maximized

2024-07-12 22:47:07 - [MESSAGE][PASSED] - Object 'Object Repository/Login_Page/Login_Username_Okta' is present

2024-07-12 22:47:07 - [MESSAGE][PASSED] - Text 'iahmed' is set on object 'Object Repository/Login_Page/Login_Username_Okta'

2024-07-12 22:47:08 - [MESSAGE][PASSED] - Text 'Hello!6666666' is set on object 'Object Repository/Login_Page/Login_Password_Okta'

2024-07-12 22:47:09 - [MESSAGE][PASSED] - Object: 'Object Repository/Login_Page/Login_Submit_Okta' is clicked on

2024-07-12 22:47:09 - [MESSAGE][PASSED] - adminSuiteBootstrap.loginFunctionality.login_AdminSuite is PASSED

2024-07-12 22:47:09 - [TEST_STEP][PASSED] - click(findTestObject(path_Dashboard + appName)): Object: 'Object Repository/AdminSuiteBootstrap_Pages/Dashboard_Bootstrap/a_Access AutoSingleCFtpQA' is clicked on

2024-07-12 22:47:17 - [MESSAGE][PASSED] - Object: 'Object Repository/AdminSuiteBootstrap_Pages/Dashboard_Bootstrap/a_Access AutoSingleCFtpQA' is clicked on

2024-07-12 22:47:17 - [TEST_STEP][PASSED] - click(findTestObject(path_VT + "button_Authorization  Capture (Sale)")): Object: 'Object Repository/AdminSuiteBootstrap_Pages/VT_Bootstrap/IssueTransactions/button_Authorization  Capture (Sale)' is clicked on

2024-07-12 22:47:17 - [MESSAGE][PASSED] - Object: 'Object Repository/AdminSuiteBootstrap_Pages/VT_Bootstrap/IssueTransactions/button_Authorization  Capture (Sale)' is clicked on

2024-07-12 22:47:17 - [TEST_STEP][PASSED] - saleKeyboardEntryLink = modifyObjectProperty(findTestObject(path_VT + "a_KeyboardEntry_Sale"), "href", "equals", hrefAppID, true): Modify property of object successfully

2024-07-12 22:47:18 - [MESSAGE][PASSED] - Modify property of object successfully

2024-07-12 22:47:18 - [TEST_STEP][PASSED] - click(saleKeyboardEntryLink): Object: 'Object Repository/AdminSuiteBootstrap_Pages/VT_Bootstrap/IssueTransactions/a_KeyboardEntry_Sale' is clicked on

2024-07-12 22:47:18 - [MESSAGE][PASSED] - Object: 'Object Repository/AdminSuiteBootstrap_Pages/VT_Bootstrap/IssueTransactions/a_KeyboardEntry_Sale' is clicked on

2024-07-12 22:47:18 - [TEST_STEP][PASSED] - adminSuiteBootstrap.virtualTerminalSetData.saleKeyboard_DataDriven(row, dataFile): adminSuiteBootstrap.virtualTerminalSetData.saleKeyboard_DataDriven is PASSED

2024-07-12 22:47:22 - [MESSAGE][PASSED] - Text 'Janaki James' is set on object 'Object Repository/AdminSuiteBootstrap_Pages/VT_Bootstrap/SaleKeyboard/input_cardName'

2024-07-12 22:47:23 - [MESSAGE][PASSED] - All options with value 'MOTO' are selected in object 'Object Repository/AdminSuiteBootstrap_Pages/VT_Bootstrap/SaleKeyboard/select_transactionCategory'  using regular expression

2024-07-12 22:47:23 - [MESSAGE][PASSED] - Execute JavaScript 'arguments[0].value ='6011000993026909' ' successfully

2024-07-12 22:47:24 - [MESSAGE][PASSED] - Execute JavaScript 'arguments[0].value ='123' ' successfully

2024-07-12 22:47:25 - [MESSAGE][PASSED] - All options with value '12' are selected in object 'Object Repository/AdminSuiteBootstrap_Pages/VT_Bootstrap/SaleKeyboard/select_MM'  using regular expression

2024-07-12 22:47:26 - [MESSAGE][PASSED] - All options with value '2025' are selected in object 'Object Repository/AdminSuiteBootstrap_Pages/VT_Bootstrap/SaleKeyboard/select_YYYY'  using regular expression

2024-07-12 22:47:27 - [MESSAGE][PASSED] - Text '25987 Hill Top' is set on object 'Object Repository/AdminSuiteBootstrap_Pages/VT_Bootstrap/SaleKeyboard/input__address'

2024-07-12 22:47:27 - [MESSAGE][PASSED] - Text 'Suite 500' is set on object 'Object Repository/AdminSuiteBootstrap_Pages/VT_Bootstrap/SaleKeyboard/input__address2'

2024-07-12 22:47:28 - [MESSAGE][PASSED] - Text '22201' is set on object 'Object Repository/AdminSuiteBootstrap_Pages/VT_Bootstrap/SaleKeyboard/input__zip'

2024-07-12 22:47:29 - [MESSAGE][PASSED] - Text '' is set on object 'Object Repository/AdminSuiteBootstrap_Pages/VT_Bootstrap/SaleKeyboard/input_emailAddress'

2024-07-12 22:47:30 - [MESSAGE][PASSED] - Text '' is set on object 'Object Repository/AdminSuiteBootstrap_Pages/VT_Bootstrap/SaleKeyboard/input_smsNumber'

2024-07-12 22:47:31 - [MESSAGE][PASSED] - Text '10.50' is set on object 'Object Repository/AdminSuiteBootstrap_Pages/VT_Bootstrap/SaleKeyboard/input_amount'

2024-07-12 22:47:32 - [MESSAGE][PASSED] - Text 'Australia' is set on object 'Object Repository/AdminSuiteBootstrap_Pages/VT_Bootstrap/SaleKeyboard/input_userDefined1'

2024-07-12 22:47:33 - [MESSAGE][PASSED] - Text 'Denmark' is set on object 'Object Repository/AdminSuiteBootstrap_Pages/VT_Bootstrap/SaleKeyboard/input_userDefined2'

2024-07-12 22:47:34 - [MESSAGE][PASSED] - Text 'Sweden' is set on object 'Object Repository/AdminSuiteBootstrap_Pages/VT_Bootstrap/SaleKeyboard/input_userDefined3'

2024-07-12 22:47:34 - [MESSAGE][PASSED] - Text 'Austria' is set on object 'Object Repository/AdminSuiteBootstrap_Pages/VT_Bootstrap/SaleKeyboard/input_userDefined4'

2024-07-12 22:47:35 - [MESSAGE][PASSED] - All options with label 'Orange' are selected in object 'Object Repository/AdminSuiteBootstrap_Pages/VT_Bootstrap/SaleKeyboard/select_UDF5_DropDown'  using regular expression

2024-07-12 22:47:36 - [MESSAGE][PASSED] - All options with label 'Yellow' are selected in object 'Object Repository/AdminSuiteBootstrap_Pages/VT_Bootstrap/SaleKeyboard/select_UDF6_DropDown'  using regular expression

2024-07-12 22:47:37 - [MESSAGE][PASSED] - Text 'Norway' is set on object 'Object Repository/AdminSuiteBootstrap_Pages/VT_Bootstrap/SaleKeyboard/input_userDefined7'

2024-07-12 22:47:38 - [MESSAGE][PASSED] - Text 'Netherlands' is set on object 'Object Repository/AdminSuiteBootstrap_Pages/VT_Bootstrap/SaleKeyboard/input_userDefined8'

2024-07-12 22:47:39 - [MESSAGE][PASSED] - Text 'Switzerland' is set on object 'Object Repository/AdminSuiteBootstrap_Pages/VT_Bootstrap/SaleKeyboard/input_userDefined9'

2024-07-12 22:47:39 - [MESSAGE][PASSED] - Text 'France' is set on object 'Object Repository/AdminSuiteBootstrap_Pages/VT_Bootstrap/SaleKeyboard/input_userDefined10'

2024-07-12 22:47:41 - [MESSAGE][PASSED] - Object: 'Object Repository/AdminSuiteBootstrap_Pages/VT_Bootstrap/SaleKeyboard/button_Submit' is clicked on

2024-07-12 22:47:41 - [MESSAGE][PASSED] - adminSuiteBootstrap.virtualTerminalSetData.saleKeyboard_DataDriven is PASSED

2024-07-12 22:47:41 - [TEST_STEP][PASSED] - if (verifyTextPresent("Transaction Successful", true)): null

2024-07-12 22:47:41 - [MESSAGE][PASSED] - Text 'Transaction Successful' is present on page  using regular expression

2024-07-12 22:47:41 - [TEST_STEP][PASSED] - sdf = getText(findTestObject(path_Receipt + "td_AutoNoC031622113752957Ahm")): Text of object 'Object Repository/AdminSuiteBootstrap_Pages/VT_Bootstrap/Receipt/td_AutoNoC031622113752957Ahm' is: 'AutoSin071224224009634Ahm'

2024-07-12 22:47:42 - [MESSAGE][PASSED] - Text of object 'Object Repository/AdminSuiteBootstrap_Pages/VT_Bootstrap/Receipt/td_AutoNoC031622113752957Ahm' is: 'AutoSin071224224009634Ahm'

2024-07-12 22:47:42 - [TEST_STEP][PASSED] - out.println("sdf: " + sdf): null

2024-07-12 22:47:42 - [TEST_STEP][PASSED] - remID = sdf: null

2024-07-12 22:47:42 - [TEST_STEP][PASSED] - out.println("remID: " + remID): null

2024-07-12 22:47:42 - [TEST_STEP][PASSED] - click(findTestObject(path_Receipt + "button_Continue")): Object: 'Object Repository/AdminSuiteBootstrap_Pages/VT_Bootstrap/Receipt/button_Continue' is clicked on

2024-07-12 22:47:42 - [MESSAGE][PASSED] - Object: 'Object Repository/AdminSuiteBootstrap_Pages/VT_Bootstrap/Receipt/button_Continue' is clicked on

2024-07-12 22:47:42 - [TEST_STEP][PASSED] - click(findTestObject(path_VT + "a_Search Transactions")): Object: 'Object Repository/AdminSuiteBootstrap_Pages/VT_Bootstrap/IssueTransactions/a_Search Transactions' is clicked on

2024-07-12 22:47:43 - [MESSAGE][PASSED] - Object: 'Object Repository/AdminSuiteBootstrap_Pages/VT_Bootstrap/IssueTransactions/a_Search Transactions' is clicked on

2024-07-12 22:47:43 - [TEST_STEP][PASSED] - setText(findTestObject(path_CCSearch + "input_Search By_searchValue"), remID): Text 'AutoSin071224224009634Ahm' is set on object 'Object Repository/AdminSuiteBootstrap_Pages/VT_Bootstrap/CCCreditOrVoidSearch/input_Search By_searchValue'

2024-07-12 22:47:44 - [MESSAGE][PASSED] - Text 'AutoSin071224224009634Ahm' is set on object 'Object Repository/AdminSuiteBootstrap_Pages/VT_Bootstrap/CCCreditOrVoidSearch/input_Search By_searchValue'

2024-07-12 22:47:44 - [TEST_STEP][PASSED] - click(findTestObject(path_CCSearch + "button_Submit")): Object: 'Object Repository/AdminSuiteBootstrap_Pages/VT_Bootstrap/CCCreditOrVoidSearch/button_Submit' is clicked on

2024-07-12 22:47:45 - [MESSAGE][PASSED] - Object: 'Object Repository/AdminSuiteBootstrap_Pages/VT_Bootstrap/CCCreditOrVoidSearch/button_Submit' is clicked on

2024-07-12 22:47:45 - [TEST_STEP][PASSED] - fgr = getText(findTestObject(path_SearchResults + "div_Payment ID")): Text of object 'Object Repository/AdminSuiteBootstrap_Pages/VT_Bootstrap/SearchResults/div_Payment ID' is: 'Payment ID
Payment Type
Transaction Type
Remittance ID
Name
Total Amount
End Date
Status
12154790 Credit Card Authorization and Capture AutoSin071224224009634Ahm Janaki James $15.50 07/12/2024 Success'

2024-07-12 22:47:46 - [MESSAGE][PASSED] - Text of object 'Object Repository/AdminSuiteBootstrap_Pages/VT_Bootstrap/SearchResults/div_Payment ID' is: 'Payment ID
Payment Type
Transaction Type
Remittance ID
Name
Total Amount
End Date
Status
12154790 Credit Card Authorization and Capture AutoSin071224224009634Ahm Janaki James $15.50 07/12/2024 Success'

2024-07-12 22:47:46 - [TEST_STEP][PASSED] - payID = substring(89, 98).trim(): null

2024-07-12 22:47:46 - [TEST_STEP][PASSED] - out.println("payID: " + payID): null

2024-07-12 22:47:46 - [TEST_STEP][PASSED] - click(findTestObject(path_SearchResults + "button_PaymentID")): Object: 'Object Repository/AdminSuiteBootstrap_Pages/VT_Bootstrap/SearchResults/button_PaymentID' is clicked on

2024-07-12 22:47:46 - [MESSAGE][PASSED] - Object: 'Object Repository/AdminSuiteBootstrap_Pages/VT_Bootstrap/SearchResults/button_PaymentID' is clicked on

2024-07-12 22:47:46 - [TEST_STEP][PASSED] - verifyTextPresent("Tender Type", true): Text 'Tender Type' is present on page  using regular expression

2024-07-12 22:47:47 - [MESSAGE][PASSED] - Text 'Tender Type' is present on page  using regular expression

2024-07-12 22:47:47 - [TEST_STEP][PASSED] - verifyTextPresent("Credit Card", true): Text 'Credit Card' is present on page  using regular expression

2024-07-12 22:47:47 - [MESSAGE][PASSED] - Text 'Credit Card' is present on page  using regular expression

2024-07-12 22:47:47 - [TEST_STEP][PASSED] - verifyTextPresent("Transaction Type", true): Text 'Transaction Type' is present on page  using regular expression

2024-07-12 22:47:48 - [MESSAGE][PASSED] - Text 'Transaction Type' is present on page  using regular expression

2024-07-12 22:47:48 - [TEST_STEP][PASSED] - verifyTextPresent("Authorization and Capture", true): Text 'Authorization and Capture' is present on page  using regular expression

2024-07-12 22:47:48 - [MESSAGE][PASSED] - Text 'Authorization and Capture' is present on page  using regular expression

2024-07-12 22:47:48 - [TEST_STEP][PASSED] - verifyTextPresent("Transaction Posted by", true): Text 'Transaction Posted by' is present on page  using regular expression

2024-07-12 22:47:48 - [MESSAGE][PASSED] - Text 'Transaction Posted by' is present on page  using regular expression

2024-07-12 22:47:48 - [TEST_STEP][PASSED] - verifyTextPresent("iahmed", true): Text 'iahmed' is present on page  using regular expression

2024-07-12 22:47:49 - [MESSAGE][PASSED] - Text 'iahmed' is present on page  using regular expression

2024-07-12 22:47:49 - [TEST_STEP][PASSED] - click(findTestObject(path_TranxDetails + "a_Void this transaction")): Object: 'Object Repository/AdminSuiteBootstrap_Pages/VT_Bootstrap/TransactionDetails/a_Void this transaction' is clicked on

2024-07-12 22:47:50 - [MESSAGE][PASSED] - Object: 'Object Repository/AdminSuiteBootstrap_Pages/VT_Bootstrap/TransactionDetails/a_Void this transaction' is clicked on

2024-07-12 22:47:50 - [TEST_STEP][PASSED] - verifyTextPresent("The following transaction will be voided", true): Text 'The following transaction will be voided' is present on page  using regular expression

2024-07-12 22:47:51 - [MESSAGE][PASSED] - Text 'The following transaction will be voided' is present on page  using regular expression

2024-07-12 22:47:51 - [TEST_STEP][PASSED] - verifyTextPresent("Please press submit to continue", true): Text 'Please press submit to continue' is present on page  using regular expression

2024-07-12 22:47:51 - [MESSAGE][PASSED] - Text 'Please press submit to continue' is present on page  using regular expression

2024-07-12 22:47:51 - [TEST_STEP][PASSED] - click(findTestObject(path_TranxDetails + "button_Submit")): Object: 'Object Repository/AdminSuiteBootstrap_Pages/VT_Bootstrap/TransactionDetails/button_Submit' is clicked on

2024-07-12 22:47:52 - [MESSAGE][PASSED] - Object: 'Object Repository/AdminSuiteBootstrap_Pages/VT_Bootstrap/TransactionDetails/button_Submit' is clicked on

2024-07-12 22:47:52 - [TEST_STEP][PASSED] - verifyTextPresent("Transaction Successful", true): Text 'Transaction Successful' is present on page  using regular expression

2024-07-12 22:47:53 - [MESSAGE][PASSED] - Text 'Transaction Successful' is present on page  using regular expression

2024-07-12 22:47:53 - [TEST_STEP][PASSED] - verifyTextPresent("Transaction Type", true): Text 'Transaction Type' is present on page  using regular expression

2024-07-12 22:47:53 - [MESSAGE][PASSED] - Text 'Transaction Type' is present on page  using regular expression

2024-07-12 22:47:53 - [TEST_STEP][PASSED] - verifyTextPresent("Void", true): Text 'Void' is present on page  using regular expression

2024-07-12 22:47:53 - [MESSAGE][PASSED] - Text 'Void' is present on page  using regular expression

2024-07-12 22:47:53 - [TEST_STEP][PASSED] - closeBrowser(): Browser is closed

2024-07-12 22:47:54 - [MESSAGE][PASSED] - Browser is closed]]></system-out>
         <system-err><![CDATA[]]></system-err>
      </testcase>
      <testcase name="Test Cases/Admin Suite Bootstrap/VT_TestCases/SaleAndCreditKeyboard_TP_DualCF_Generic_Payment_TC" time="411.09" classname="Test Cases/Admin Suite Bootstrap/VT_TestCases/SaleAndCreditKeyboard_TP_DualCF_Generic_Payment_TC" status="PASSED">
         <system-out><![CDATA[2024-07-12 22:47:54 - [TEST_CASE][PASSED] - Test Cases/Admin Suite Bootstrap/VT_TestCases/SaleAndCreditKeyboard_TP_DualCF_Generic_Payment_TC: Test Cases/Admin Suite Bootstrap/VT_TestCases/SaleAndCreditKeyboard_TP_DualCF_Generic_Payment_TC

2024-07-12 22:47:55 - [TEST_STEP][PASSED] - path_Dashboard = "Object Repository/AdminSuiteBootstrap_Pages/Dashboard_Bootstrap/": null

2024-07-12 22:47:55 - [TEST_STEP][PASSED] - path_VT = "Object Repository/AdminSuiteBootstrap_Pages/VT_Bootstrap/IssueTransactions/": null

2024-07-12 22:47:55 - [TEST_STEP][PASSED] - path_SaleKB = "Object Repository/AdminSuiteBootstrap_Pages/VT_Bootstrap/SaleKeyboard/": null

2024-07-12 22:47:55 - [TEST_STEP][PASSED] - path_TestMinus = "Object Repository/Page_TestMinusAndAtSigns/": null

2024-07-12 22:47:55 - [TEST_STEP][PASSED] - path_Receipt = "Object Repository/AdminSuiteBootstrap_Pages/VT_Bootstrap/Receipt/": null

2024-07-12 22:47:55 - [TEST_STEP][PASSED] - path_CCSearch = "Object Repository/AdminSuiteBootstrap_Pages/VT_Bootstrap/CCCreditOrVoidSearch/": null

2024-07-12 22:47:55 - [TEST_STEP][PASSED] - path_SearchResults = "Object Repository/AdminSuiteBootstrap_Pages/VT_Bootstrap/SearchResults/": null

2024-07-12 22:47:55 - [TEST_STEP][PASSED] - path_TranxDetails = "Object Repository/AdminSuiteBootstrap_Pages/VT_Bootstrap/TransactionDetails/": null

2024-07-12 22:47:55 - [TEST_STEP][PASSED] - li_1 = vpos_Prefix: null

2024-07-12 22:47:55 - [TEST_STEP][PASSED] - li_2 = "/transactions/AuthCapForm/": null

2024-07-12 22:47:55 - [TEST_STEP][PASSED] - executionProfile = getExecutionProfile(): null

2024-07-12 22:47:55 - [TEST_STEP][PASSED] - out.println("executionProfile : " + executionProfile): null

2024-07-12 22:47:55 - [TEST_STEP][PASSED] - appName = <not implemented yet for class: org.codehaus.groovy.ast.expr.EmptyExpression>: null

2024-07-12 22:47:55 - [TEST_STEP][PASSED] - appID = <not implemented yet for class: org.codehaus.groovy.ast.expr.EmptyExpression>: null

2024-07-12 22:47:55 - [TEST_STEP][PASSED] - cardNameV = <not implemented yet for class: org.codehaus.groovy.ast.expr.EmptyExpression>: null

2024-07-12 22:47:55 - [TEST_STEP][PASSED] - al1V = <not implemented yet for class: org.codehaus.groovy.ast.expr.EmptyExpression>: null

2024-07-12 22:47:55 - [TEST_STEP][PASSED] - al2V = <not implemented yet for class: org.codehaus.groovy.ast.expr.EmptyExpression>: null

2024-07-12 22:47:55 - [TEST_STEP][PASSED] - zipV = <not implemented yet for class: org.codehaus.groovy.ast.expr.EmptyExpression>: null

2024-07-12 22:47:55 - [TEST_STEP][PASSED] - cardTypeV = <not implemented yet for class: org.codehaus.groovy.ast.expr.EmptyExpression>: null

2024-07-12 22:47:55 - [TEST_STEP][PASSED] - last4V = <not implemented yet for class: org.codehaus.groovy.ast.expr.EmptyExpression>: null

2024-07-12 22:47:55 - [TEST_STEP][PASSED] - resText = "Fail": null

2024-07-12 22:47:55 - [TEST_STEP][PASSED] - resColumn = "Result": null

2024-07-12 22:47:55 - [TEST_STEP][PASSED] - datCloumn = "Date": null

2024-07-12 22:47:55 - [TEST_STEP][PASSED] - fileLoc = "C:\KatalonData\Bootstrap\VT-Data.xlsx": null

2024-07-12 22:47:55 - [TEST_STEP][PASSED] - numOfRows = <not implemented yet for class: org.codehaus.groovy.ast.expr.EmptyExpression>: null

2024-07-12 22:47:55 - [TEST_STEP][PASSED] - dataFile = <not implemented yet for class: org.codehaus.groovy.ast.expr.EmptyExpression>: null

2024-07-12 22:47:55 - [TEST_STEP][PASSED] - nameSheet = <not implemented yet for class: org.codehaus.groovy.ast.expr.EmptyExpression>: null

2024-07-12 22:47:55 - [TEST_STEP][PASSED] - nameSheet = "VT-SaleCredit-DualCF-Generic": null

2024-07-12 22:47:55 - [TEST_STEP][PASSED] - numOfRows = findTestData("QA/Bootstrap/VT-TestData/VT-SaleCreditData-DualCF-Generic").getRowNumbers(): null

2024-07-12 22:47:55 - [TEST_STEP][PASSED] - println("Number of Records: " + numOfRows): null

2024-07-12 22:47:55 - [TEST_STEP][PASSED] - dataFile = "QA/Bootstrap/VT-TestData/VT-SaleCreditData-DualCF-Generic": null

2024-07-12 22:47:55 - [TEST_STEP][PASSED] - for ([row = 1, row <= numOfRows, (row++)]): null

2024-07-12 22:47:55 - [TEST_STEP][PASSED] - ExecuteTC = findTestData(dataFile).getValue("Execute", row): null

2024-07-12 22:47:55 - [TEST_STEP][PASSED] - out.println("Value of Execute is : " + ExecuteTC): null

2024-07-12 22:47:55 - [TEST_STEP][PASSED] - switch (executionProfile): null

2024-07-12 22:47:55 - [TEST_STEP][PASSED] - case "QA2Profile":: null

2024-07-12 22:47:55 - [TEST_STEP][PASSED] - appName = findTestData(dataFile).getValue("AppNameQA", row): null

2024-07-12 22:47:55 - [TEST_STEP][PASSED] - appID = findTestData(dataFile).getValue("AppIDQA", row): null

2024-07-12 22:47:55 - [TEST_STEP][PASSED] - break: null

2024-07-12 22:47:55 - [TEST_STEP][PASSED] - hrefAppID = li_1 + appID + li_2: null

2024-07-12 22:47:55 - [TEST_STEP][PASSED] - hrefApp = li_1 + appID + "/": null

2024-07-12 22:47:55 - [TEST_STEP][PASSED] - println("hrefApp : " + hrefApp): null

2024-07-12 22:47:55 - [TEST_STEP][PASSED] - if (ExecuteTC.equalsIgnoreCase("Y")): null

2024-07-12 22:47:55 - [TEST_STEP][PASSED] - out.println("Begin Record Number: " + row): null

2024-07-12 22:47:55 - [TEST_STEP][PASSED] - today = new java.util.Date(): null

2024-07-12 22:47:55 - [TEST_STEP][PASSED] - println(today): null

2024-07-12 22:47:55 - [TEST_STEP][PASSED] - datText = today: null

2024-07-12 22:47:55 - [TEST_STEP][PASSED] - adminSuiteBootstrap.loginFunctionality.login_AdminSuite(): adminSuiteBootstrap.loginFunctionality.login_AdminSuite is PASSED

2024-07-12 22:47:55 - [MESSAGE][INFO] - Starting 'Chrome' driver

2024-07-12 22:47:55 - [MESSAGE][INFO] - User set preference: ['acceptInsecureCerts', 'true']

2024-07-12 22:47:55 - [MESSAGE][INFO] - Action delay is set to 0 milliseconds

2024-07-12 22:47:57 - [MESSAGE][PASSED] - Browser is opened with url: 'https://qa2.velocitypayment.com/admin/imtiaz'

2024-07-12 22:47:58 - [MESSAGE][PASSED] - Current window maximized

2024-07-12 22:47:59 - [MESSAGE][PASSED] - Object 'Object Repository/Login_Page/Login_Username_Okta' is present

2024-07-12 22:48:00 - [MESSAGE][PASSED] - Text 'iahmed' is set on object 'Object Repository/Login_Page/Login_Username_Okta'

2024-07-12 22:48:00 - [MESSAGE][PASSED] - Text 'Hello!6666666' is set on object 'Object Repository/Login_Page/Login_Password_Okta'

2024-07-12 22:48:01 - [MESSAGE][PASSED] - Object: 'Object Repository/Login_Page/Login_Submit_Okta' is clicked on

2024-07-12 22:48:01 - [MESSAGE][PASSED] - adminSuiteBootstrap.loginFunctionality.login_AdminSuite is PASSED

2024-07-12 22:48:01 - [TEST_STEP][PASSED] - click(findTestObject(path_Dashboard + appName)): Object: 'Object Repository/AdminSuiteBootstrap_Pages/Dashboard_Bootstrap/a_Access AutoDualCFtpQA' is clicked on

2024-07-12 22:48:09 - [MESSAGE][PASSED] - Object: 'Object Repository/AdminSuiteBootstrap_Pages/Dashboard_Bootstrap/a_Access AutoDualCFtpQA' is clicked on

2024-07-12 22:48:09 - [TEST_STEP][PASSED] - click(findTestObject(path_VT + "button_Authorization  Capture (Sale)")): Object: 'Object Repository/AdminSuiteBootstrap_Pages/VT_Bootstrap/IssueTransactions/button_Authorization  Capture (Sale)' is clicked on

2024-07-12 22:48:09 - [MESSAGE][PASSED] - Object: 'Object Repository/AdminSuiteBootstrap_Pages/VT_Bootstrap/IssueTransactions/button_Authorization  Capture (Sale)' is clicked on

2024-07-12 22:48:09 - [TEST_STEP][PASSED] - saleKeyboardEntryLink = modifyObjectProperty(findTestObject(path_VT + "a_KeyboardEntry_Sale"), "href", "equals", hrefAppID, true): Modify property of object successfully

2024-07-12 22:48:10 - [MESSAGE][PASSED] - Modify property of object successfully

2024-07-12 22:48:10 - [TEST_STEP][PASSED] - click(saleKeyboardEntryLink): Object: 'Object Repository/AdminSuiteBootstrap_Pages/VT_Bootstrap/IssueTransactions/a_KeyboardEntry_Sale' is clicked on

2024-07-12 22:48:10 - [MESSAGE][PASSED] - Object: 'Object Repository/AdminSuiteBootstrap_Pages/VT_Bootstrap/IssueTransactions/a_KeyboardEntry_Sale' is clicked on

2024-07-12 22:48:10 - [TEST_STEP][PASSED] - adminSuiteBootstrap.virtualTerminalSetData.saleKeyboard_DataDriven(row, dataFile): adminSuiteBootstrap.virtualTerminalSetData.saleKeyboard_DataDriven is PASSED

2024-07-12 22:48:14 - [MESSAGE][PASSED] - Text 'Tulsi Raman' is set on object 'Object Repository/AdminSuiteBootstrap_Pages/VT_Bootstrap/SaleKeyboard/input_cardName'

2024-07-12 22:48:15 - [MESSAGE][PASSED] - All options with value 'RETL' are selected in object 'Object Repository/AdminSuiteBootstrap_Pages/VT_Bootstrap/SaleKeyboard/select_transactionCategory'  using regular expression

2024-07-12 22:48:16 - [MESSAGE][PASSED] - Execute JavaScript 'arguments[0].value ='4012000098765439' ' successfully

2024-07-12 22:48:16 - [MESSAGE][PASSED] - Execute JavaScript 'arguments[0].value ='123' ' successfully

2024-07-12 22:48:17 - [MESSAGE][PASSED] - All options with value '12' are selected in object 'Object Repository/AdminSuiteBootstrap_Pages/VT_Bootstrap/SaleKeyboard/select_MM'  using regular expression

2024-07-12 22:48:18 - [MESSAGE][PASSED] - All options with value '2025' are selected in object 'Object Repository/AdminSuiteBootstrap_Pages/VT_Bootstrap/SaleKeyboard/select_YYYY'  using regular expression

2024-07-12 22:48:19 - [MESSAGE][PASSED] - Text '36 Cornor Road' is set on object 'Object Repository/AdminSuiteBootstrap_Pages/VT_Bootstrap/SaleKeyboard/input__address'

2024-07-12 22:48:20 - [MESSAGE][PASSED] - Text 'Suite 500' is set on object 'Object Repository/AdminSuiteBootstrap_Pages/VT_Bootstrap/SaleKeyboard/input__address2'

2024-07-12 22:48:20 - [MESSAGE][PASSED] - Text '22201' is set on object 'Object Repository/AdminSuiteBootstrap_Pages/VT_Bootstrap/SaleKeyboard/input__zip'

2024-07-12 22:48:21 - [MESSAGE][PASSED] - Text '' is set on object 'Object Repository/AdminSuiteBootstrap_Pages/VT_Bootstrap/SaleKeyboard/input_emailAddress'

2024-07-12 22:48:22 - [MESSAGE][PASSED] - Text '' is set on object 'Object Repository/AdminSuiteBootstrap_Pages/VT_Bootstrap/SaleKeyboard/input_smsNumber'

2024-07-12 22:48:23 - [MESSAGE][PASSED] - Text '10.50' is set on object 'Object Repository/AdminSuiteBootstrap_Pages/VT_Bootstrap/SaleKeyboard/input_amount'

2024-07-12 22:48:24 - [MESSAGE][PASSED] - Text 'Australia' is set on object 'Object Repository/AdminSuiteBootstrap_Pages/VT_Bootstrap/SaleKeyboard/input_userDefined1'

2024-07-12 22:48:25 - [MESSAGE][PASSED] - Text 'Denmark' is set on object 'Object Repository/AdminSuiteBootstrap_Pages/VT_Bootstrap/SaleKeyboard/input_userDefined2'

2024-07-12 22:48:26 - [MESSAGE][PASSED] - Text 'Sweden' is set on object 'Object Repository/AdminSuiteBootstrap_Pages/VT_Bootstrap/SaleKeyboard/input_userDefined3'

2024-07-12 22:48:27 - [MESSAGE][PASSED] - Text 'Austria' is set on object 'Object Repository/AdminSuiteBootstrap_Pages/VT_Bootstrap/SaleKeyboard/input_userDefined4'

2024-07-12 22:48:28 - [MESSAGE][PASSED] - All options with label 'Orange' are selected in object 'Object Repository/AdminSuiteBootstrap_Pages/VT_Bootstrap/SaleKeyboard/select_UDF5_DropDown'  using regular expression

2024-07-12 22:48:28 - [MESSAGE][PASSED] - All options with label 'Yellow' are selected in object 'Object Repository/AdminSuiteBootstrap_Pages/VT_Bootstrap/SaleKeyboard/select_UDF6_DropDown'  using regular expression

2024-07-12 22:48:29 - [MESSAGE][PASSED] - Text 'Norway' is set on object 'Object Repository/AdminSuiteBootstrap_Pages/VT_Bootstrap/SaleKeyboard/input_userDefined7'

2024-07-12 22:48:30 - [MESSAGE][PASSED] - Text 'Netherlands' is set on object 'Object Repository/AdminSuiteBootstrap_Pages/VT_Bootstrap/SaleKeyboard/input_userDefined8'

2024-07-12 22:48:31 - [MESSAGE][PASSED] - Text 'Switzerland' is set on object 'Object Repository/AdminSuiteBootstrap_Pages/VT_Bootstrap/SaleKeyboard/input_userDefined9'

2024-07-12 22:48:31 - [MESSAGE][PASSED] - Text 'France' is set on object 'Object Repository/AdminSuiteBootstrap_Pages/VT_Bootstrap/SaleKeyboard/input_userDefined10'

2024-07-12 22:48:33 - [MESSAGE][PASSED] - Object: 'Object Repository/AdminSuiteBootstrap_Pages/VT_Bootstrap/SaleKeyboard/button_Submit' is clicked on

2024-07-12 22:48:33 - [MESSAGE][PASSED] - adminSuiteBootstrap.virtualTerminalSetData.saleKeyboard_DataDriven is PASSED

2024-07-12 22:48:33 - [TEST_STEP][PASSED] - if (verifyTextPresent("Transaction Successful", true)): null

2024-07-12 22:48:34 - [MESSAGE][PASSED] - Text 'Transaction Successful' is present on page  using regular expression

2024-07-12 22:48:34 - [TEST_STEP][PASSED] - sdf = getText(findTestObject(path_Receipt + "td_AutoNoC031622113752957Ahm")): Text of object 'Object Repository/AdminSuiteBootstrap_Pages/VT_Bootstrap/Receipt/td_AutoNoC031622113752957Ahm' is: 'AutoDua071224224101641Ahm'

2024-07-12 22:48:34 - [MESSAGE][PASSED] - Text of object 'Object Repository/AdminSuiteBootstrap_Pages/VT_Bootstrap/Receipt/td_AutoNoC031622113752957Ahm' is: 'AutoDua071224224101641Ahm'

2024-07-12 22:48:34 - [TEST_STEP][PASSED] - out.println("sdf: " + sdf): null

2024-07-12 22:48:34 - [TEST_STEP][PASSED] - remID = sdf: null

2024-07-12 22:48:34 - [TEST_STEP][PASSED] - out.println("remID: " + remID): null

2024-07-12 22:48:34 - [TEST_STEP][PASSED] - click(findTestObject(path_Receipt + "button_Continue")): Object: 'Object Repository/AdminSuiteBootstrap_Pages/VT_Bootstrap/Receipt/button_Continue' is clicked on

2024-07-12 22:48:35 - [MESSAGE][PASSED] - Object: 'Object Repository/AdminSuiteBootstrap_Pages/VT_Bootstrap/Receipt/button_Continue' is clicked on

2024-07-12 22:48:35 - [TEST_STEP][PASSED] - click(findTestObject(path_VT + "a_Search Transactions")): Object: 'Object Repository/AdminSuiteBootstrap_Pages/VT_Bootstrap/IssueTransactions/a_Search Transactions' is clicked on

2024-07-12 22:48:36 - [MESSAGE][PASSED] - Object: 'Object Repository/AdminSuiteBootstrap_Pages/VT_Bootstrap/IssueTransactions/a_Search Transactions' is clicked on

2024-07-12 22:48:36 - [TEST_STEP][PASSED] - setText(findTestObject(path_CCSearch + "input_Search By_searchValue"), remID): Text 'AutoDua071224224101641Ahm' is set on object 'Object Repository/AdminSuiteBootstrap_Pages/VT_Bootstrap/CCCreditOrVoidSearch/input_Search By_searchValue'

2024-07-12 22:48:37 - [MESSAGE][PASSED] - Text 'AutoDua071224224101641Ahm' is set on object 'Object Repository/AdminSuiteBootstrap_Pages/VT_Bootstrap/CCCreditOrVoidSearch/input_Search By_searchValue'

2024-07-12 22:48:37 - [TEST_STEP][PASSED] - click(findTestObject(path_CCSearch + "button_Submit")): Object: 'Object Repository/AdminSuiteBootstrap_Pages/VT_Bootstrap/CCCreditOrVoidSearch/button_Submit' is clicked on

2024-07-12 22:48:37 - [MESSAGE][PASSED] - Object: 'Object Repository/AdminSuiteBootstrap_Pages/VT_Bootstrap/CCCreditOrVoidSearch/button_Submit' is clicked on

2024-07-12 22:48:37 - [TEST_STEP][PASSED] - fgr = getText(findTestObject(path_SearchResults + "div_Payment ID")): Text of object 'Object Repository/AdminSuiteBootstrap_Pages/VT_Bootstrap/SearchResults/div_Payment ID' is: 'Payment ID
Payment Type
Transaction Type
Remittance ID
Name
Total Amount
End Date
Status
12154792 Credit Card Authorization and Capture AutoDua071224224101641Ahm Tulsi Raman $10.50 07/12/2024 Success'

2024-07-12 22:48:38 - [MESSAGE][PASSED] - Text of object 'Object Repository/AdminSuiteBootstrap_Pages/VT_Bootstrap/SearchResults/div_Payment ID' is: 'Payment ID
Payment Type
Transaction Type
Remittance ID
Name
Total Amount
End Date
Status
12154792 Credit Card Authorization and Capture AutoDua071224224101641Ahm Tulsi Raman $10.50 07/12/2024 Success'

2024-07-12 22:48:38 - [TEST_STEP][PASSED] - payID = substring(89, 98).trim(): null

2024-07-12 22:48:38 - [TEST_STEP][PASSED] - out.println("payID: " + payID): null

2024-07-12 22:48:38 - [TEST_STEP][PASSED] - click(findTestObject(path_SearchResults + "button_PaymentID")): Object: 'Object Repository/AdminSuiteBootstrap_Pages/VT_Bootstrap/SearchResults/button_PaymentID' is clicked on

2024-07-12 22:48:39 - [MESSAGE][PASSED] - Object: 'Object Repository/AdminSuiteBootstrap_Pages/VT_Bootstrap/SearchResults/button_PaymentID' is clicked on

2024-07-12 22:48:39 - [TEST_STEP][PASSED] - verifyTextPresent("Tender Type", true): Text 'Tender Type' is present on page  using regular expression

2024-07-12 22:48:39 - [MESSAGE][PASSED] - Text 'Tender Type' is present on page  using regular expression

2024-07-12 22:48:39 - [TEST_STEP][PASSED] - verifyTextPresent("Credit Card", true): Text 'Credit Card' is present on page  using regular expression

2024-07-12 22:48:40 - [MESSAGE][PASSED] - Text 'Credit Card' is present on page  using regular expression

2024-07-12 22:48:40 - [TEST_STEP][PASSED] - verifyTextPresent("Transaction Type", true): Text 'Transaction Type' is present on page  using regular expression

2024-07-12 22:48:40 - [MESSAGE][PASSED] - Text 'Transaction Type' is present on page  using regular expression

2024-07-12 22:48:40 - [TEST_STEP][PASSED] - verifyTextPresent("Authorization and Capture", true): Text 'Authorization and Capture' is present on page  using regular expression

2024-07-12 22:48:40 - [MESSAGE][PASSED] - Text 'Authorization and Capture' is present on page  using regular expression

2024-07-12 22:48:40 - [TEST_STEP][PASSED] - verifyTextPresent("Transaction Posted by", true): Text 'Transaction Posted by' is present on page  using regular expression

2024-07-12 22:48:41 - [MESSAGE][PASSED] - Text 'Transaction Posted by' is present on page  using regular expression

2024-07-12 22:48:41 - [TEST_STEP][PASSED] - verifyTextPresent("iahmed", true): Text 'iahmed' is present on page  using regular expression

2024-07-12 22:48:41 - [MESSAGE][PASSED] - Text 'iahmed' is present on page  using regular expression

2024-07-12 22:48:41 - [TEST_STEP][PASSED] - click(findTestObject(path_TranxDetails + "a_Credit this transaction")): Object: 'Object Repository/AdminSuiteBootstrap_Pages/VT_Bootstrap/TransactionDetails/a_Credit this transaction' is clicked on

2024-07-12 22:48:42 - [MESSAGE][PASSED] - Object: 'Object Repository/AdminSuiteBootstrap_Pages/VT_Bootstrap/TransactionDetails/a_Credit this transaction' is clicked on

2024-07-12 22:48:42 - [TEST_STEP][PASSED] - verifyTextPresent("Credit Card Credit", true): Text 'Credit Card Credit' is present on page  using regular expression

2024-07-12 22:48:43 - [MESSAGE][PASSED] - Text 'Credit Card Credit' is present on page  using regular expression

2024-07-12 22:48:43 - [TEST_STEP][PASSED] - click(findTestObject(path_TranxDetails + "button_Submit")): Object: 'Object Repository/AdminSuiteBootstrap_Pages/VT_Bootstrap/TransactionDetails/button_Submit' is clicked on

2024-07-12 22:48:45 - [MESSAGE][PASSED] - Object: 'Object Repository/AdminSuiteBootstrap_Pages/VT_Bootstrap/TransactionDetails/button_Submit' is clicked on

2024-07-12 22:48:45 - [TEST_STEP][PASSED] - verifyTextPresent("Transaction Successful", true): Text 'Transaction Successful' is present on page  using regular expression

2024-07-12 22:48:45 - [MESSAGE][PASSED] - Text 'Transaction Successful' is present on page  using regular expression

2024-07-12 22:48:45 - [TEST_STEP][PASSED] - verifyTextPresent("Transaction Type", true): Text 'Transaction Type' is present on page  using regular expression

2024-07-12 22:48:45 - [MESSAGE][PASSED] - Text 'Transaction Type' is present on page  using regular expression

2024-07-12 22:48:45 - [TEST_STEP][PASSED] - verifyTextPresent("Credit", true): Text 'Credit' is present on page  using regular expression

2024-07-12 22:48:46 - [MESSAGE][PASSED] - Text 'Credit' is present on page  using regular expression

2024-07-12 22:48:46 - [TEST_STEP][PASSED] - closeBrowser(): Browser is closed

2024-07-12 22:48:47 - [MESSAGE][PASSED] - Browser is closed

2024-07-12 22:48:47 - [TEST_STEP][PASSED] - ExecuteTC = findTestData(dataFile).getValue("Execute", row): null

2024-07-12 22:48:47 - [TEST_STEP][PASSED] - out.println("Value of Execute is : " + ExecuteTC): null

2024-07-12 22:48:47 - [TEST_STEP][PASSED] - switch (executionProfile): null

2024-07-12 22:48:47 - [TEST_STEP][PASSED] - case "QA2Profile":: null

2024-07-12 22:48:47 - [TEST_STEP][PASSED] - appName = findTestData(dataFile).getValue("AppNameQA", row): null

2024-07-12 22:48:47 - [TEST_STEP][PASSED] - appID = findTestData(dataFile).getValue("AppIDQA", row): null

2024-07-12 22:48:47 - [TEST_STEP][PASSED] - break: null

2024-07-12 22:48:47 - [TEST_STEP][PASSED] - hrefAppID = li_1 + appID + li_2: null

2024-07-12 22:48:47 - [TEST_STEP][PASSED] - hrefApp = li_1 + appID + "/": null

2024-07-12 22:48:47 - [TEST_STEP][PASSED] - println("hrefApp : " + hrefApp): null

2024-07-12 22:48:47 - [TEST_STEP][PASSED] - if (ExecuteTC.equalsIgnoreCase("Y")): null

2024-07-12 22:48:47 - [TEST_STEP][PASSED] - out.println("Begin Record Number: " + row): null

2024-07-12 22:48:47 - [TEST_STEP][PASSED] - today = new java.util.Date(): null

2024-07-12 22:48:47 - [TEST_STEP][PASSED] - println(today): null

2024-07-12 22:48:47 - [TEST_STEP][PASSED] - datText = today: null

2024-07-12 22:48:47 - [TEST_STEP][PASSED] - adminSuiteBootstrap.loginFunctionality.login_AdminSuite(): adminSuiteBootstrap.loginFunctionality.login_AdminSuite is PASSED

2024-07-12 22:48:47 - [MESSAGE][INFO] - Starting 'Chrome' driver

2024-07-12 22:48:47 - [MESSAGE][INFO] - User set preference: ['acceptInsecureCerts', 'true']

2024-07-12 22:48:47 - [MESSAGE][INFO] - Action delay is set to 0 milliseconds

2024-07-12 22:48:50 - [MESSAGE][PASSED] - Browser is opened with url: 'https://qa2.velocitypayment.com/admin/imtiaz'

2024-07-12 22:48:50 - [MESSAGE][PASSED] - Current window maximized

2024-07-12 22:48:51 - [MESSAGE][PASSED] - Object 'Object Repository/Login_Page/Login_Username_Okta' is present

2024-07-12 22:48:52 - [MESSAGE][PASSED] - Text 'iahmed' is set on object 'Object Repository/Login_Page/Login_Username_Okta'

2024-07-12 22:48:52 - [MESSAGE][PASSED] - Text 'Hello!6666666' is set on object 'Object Repository/Login_Page/Login_Password_Okta'

2024-07-12 22:48:53 - [MESSAGE][PASSED] - Object: 'Object Repository/Login_Page/Login_Submit_Okta' is clicked on

2024-07-12 22:48:53 - [MESSAGE][PASSED] - adminSuiteBootstrap.loginFunctionality.login_AdminSuite is PASSED

2024-07-12 22:48:53 - [TEST_STEP][PASSED] - click(findTestObject(path_Dashboard + appName)): Object: 'Object Repository/AdminSuiteBootstrap_Pages/Dashboard_Bootstrap/a_Access AutoDualCFtpQA' is clicked on

2024-07-12 22:49:02 - [MESSAGE][PASSED] - Object: 'Object Repository/AdminSuiteBootstrap_Pages/Dashboard_Bootstrap/a_Access AutoDualCFtpQA' is clicked on

2024-07-12 22:49:02 - [TEST_STEP][PASSED] - click(findTestObject(path_VT + "button_Authorization  Capture (Sale)")): Object: 'Object Repository/AdminSuiteBootstrap_Pages/VT_Bootstrap/IssueTransactions/button_Authorization  Capture (Sale)' is clicked on

2024-07-12 22:49:02 - [MESSAGE][PASSED] - Object: 'Object Repository/AdminSuiteBootstrap_Pages/VT_Bootstrap/IssueTransactions/button_Authorization  Capture (Sale)' is clicked on

2024-07-12 22:49:02 - [TEST_STEP][PASSED] - saleKeyboardEntryLink = modifyObjectProperty(findTestObject(path_VT + "a_KeyboardEntry_Sale"), "href", "equals", hrefAppID, true): Modify property of object successfully

2024-07-12 22:49:02 - [MESSAGE][PASSED] - Modify property of object successfully

2024-07-12 22:49:02 - [TEST_STEP][PASSED] - click(saleKeyboardEntryLink): Object: 'Object Repository/AdminSuiteBootstrap_Pages/VT_Bootstrap/IssueTransactions/a_KeyboardEntry_Sale' is clicked on

2024-07-12 22:49:03 - [MESSAGE][PASSED] - Object: 'Object Repository/AdminSuiteBootstrap_Pages/VT_Bootstrap/IssueTransactions/a_KeyboardEntry_Sale' is clicked on

2024-07-12 22:49:03 - [TEST_STEP][PASSED] - adminSuiteBootstrap.virtualTerminalSetData.saleKeyboard_DataDriven(row, dataFile): adminSuiteBootstrap.virtualTerminalSetData.saleKeyboard_DataDriven is PASSED

2024-07-12 22:49:06 - [MESSAGE][PASSED] - Text 'Tulsi Raman' is set on object 'Object Repository/AdminSuiteBootstrap_Pages/VT_Bootstrap/SaleKeyboard/input_cardName'

2024-07-12 22:49:07 - [MESSAGE][PASSED] - All options with value 'RETL' are selected in object 'Object Repository/AdminSuiteBootstrap_Pages/VT_Bootstrap/SaleKeyboard/select_transactionCategory'  using regular expression

2024-07-12 22:49:08 - [MESSAGE][PASSED] - Execute JavaScript 'arguments[0].value ='5146312200000035' ' successfully

2024-07-12 22:49:08 - [MESSAGE][PASSED] - Execute JavaScript 'arguments[0].value ='123' ' successfully

2024-07-12 22:49:10 - [MESSAGE][PASSED] - All options with value '12' are selected in object 'Object Repository/AdminSuiteBootstrap_Pages/VT_Bootstrap/SaleKeyboard/select_MM'  using regular expression

2024-07-12 22:49:11 - [MESSAGE][PASSED] - All options with value '2025' are selected in object 'Object Repository/AdminSuiteBootstrap_Pages/VT_Bootstrap/SaleKeyboard/select_YYYY'  using regular expression

2024-07-12 22:49:11 - [MESSAGE][PASSED] - Text '1478 Jhatka Palace' is set on object 'Object Repository/AdminSuiteBootstrap_Pages/VT_Bootstrap/SaleKeyboard/input__address'

2024-07-12 22:49:12 - [MESSAGE][PASSED] - Text 'Suite 500' is set on object 'Object Repository/AdminSuiteBootstrap_Pages/VT_Bootstrap/SaleKeyboard/input__address2'

2024-07-12 22:49:13 - [MESSAGE][PASSED] - Text '22201' is set on object 'Object Repository/AdminSuiteBootstrap_Pages/VT_Bootstrap/SaleKeyboard/input__zip'

2024-07-12 22:49:14 - [MESSAGE][PASSED] - Text '' is set on object 'Object Repository/AdminSuiteBootstrap_Pages/VT_Bootstrap/SaleKeyboard/input_emailAddress'

2024-07-12 22:49:15 - [MESSAGE][PASSED] - Text '' is set on object 'Object Repository/AdminSuiteBootstrap_Pages/VT_Bootstrap/SaleKeyboard/input_smsNumber'

2024-07-12 22:49:16 - [MESSAGE][PASSED] - Text '10.50' is set on object 'Object Repository/AdminSuiteBootstrap_Pages/VT_Bootstrap/SaleKeyboard/input_amount'

2024-07-12 22:49:17 - [MESSAGE][PASSED] - Text 'Australia' is set on object 'Object Repository/AdminSuiteBootstrap_Pages/VT_Bootstrap/SaleKeyboard/input_userDefined1'

2024-07-12 22:49:18 - [MESSAGE][PASSED] - Text 'Denmark' is set on object 'Object Repository/AdminSuiteBootstrap_Pages/VT_Bootstrap/SaleKeyboard/input_userDefined2'

2024-07-12 22:49:18 - [MESSAGE][PASSED] - Text 'Sweden' is set on object 'Object Repository/AdminSuiteBootstrap_Pages/VT_Bootstrap/SaleKeyboard/input_userDefined3'

2024-07-12 22:49:19 - [MESSAGE][PASSED] - Text 'Austria' is set on object 'Object Repository/AdminSuiteBootstrap_Pages/VT_Bootstrap/SaleKeyboard/input_userDefined4'

2024-07-12 22:49:20 - [MESSAGE][PASSED] - All options with label 'Orange' are selected in object 'Object Repository/AdminSuiteBootstrap_Pages/VT_Bootstrap/SaleKeyboard/select_UDF5_DropDown'  using regular expression

2024-07-12 22:49:21 - [MESSAGE][PASSED] - All options with label 'Yellow' are selected in object 'Object Repository/AdminSuiteBootstrap_Pages/VT_Bootstrap/SaleKeyboard/select_UDF6_DropDown'  using regular expression

2024-07-12 22:49:22 - [MESSAGE][PASSED] - Text 'Norway' is set on object 'Object Repository/AdminSuiteBootstrap_Pages/VT_Bootstrap/SaleKeyboard/input_userDefined7'

2024-07-12 22:49:22 - [MESSAGE][PASSED] - Text 'Netherlands' is set on object 'Object Repository/AdminSuiteBootstrap_Pages/VT_Bootstrap/SaleKeyboard/input_userDefined8'

2024-07-12 22:49:23 - [MESSAGE][PASSED] - Text 'Switzerland' is set on object 'Object Repository/AdminSuiteBootstrap_Pages/VT_Bootstrap/SaleKeyboard/input_userDefined9'

2024-07-12 22:49:24 - [MESSAGE][PASSED] - Text 'France' is set on object 'Object Repository/AdminSuiteBootstrap_Pages/VT_Bootstrap/SaleKeyboard/input_userDefined10'

2024-07-12 22:49:25 - [MESSAGE][PASSED] - Object: 'Object Repository/AdminSuiteBootstrap_Pages/VT_Bootstrap/SaleKeyboard/button_Submit' is clicked on

2024-07-12 22:49:25 - [MESSAGE][PASSED] - adminSuiteBootstrap.virtualTerminalSetData.saleKeyboard_DataDriven is PASSED

2024-07-12 22:49:25 - [TEST_STEP][PASSED] - if (verifyTextPresent("Transaction Successful", true)): null

2024-07-12 22:49:26 - [MESSAGE][PASSED] - Text 'Transaction Successful' is present on page  using regular expression

2024-07-12 22:49:26 - [TEST_STEP][PASSED] - sdf = getText(findTestObject(path_Receipt + "td_AutoNoC031622113752957Ahm")): Text of object 'Object Repository/AdminSuiteBootstrap_Pages/VT_Bootstrap/Receipt/td_AutoNoC031622113752957Ahm' is: 'AutoDua071224224154385Ahm'

2024-07-12 22:49:26 - [MESSAGE][PASSED] - Text of object 'Object Repository/AdminSuiteBootstrap_Pages/VT_Bootstrap/Receipt/td_AutoNoC031622113752957Ahm' is: 'AutoDua071224224154385Ahm'

2024-07-12 22:49:26 - [TEST_STEP][PASSED] - out.println("sdf: " + sdf): null

2024-07-12 22:49:26 - [TEST_STEP][PASSED] - remID = sdf: null

2024-07-12 22:49:26 - [TEST_STEP][PASSED] - out.println("remID: " + remID): null

2024-07-12 22:49:26 - [TEST_STEP][PASSED] - click(findTestObject(path_Receipt + "button_Continue")): Object: 'Object Repository/AdminSuiteBootstrap_Pages/VT_Bootstrap/Receipt/button_Continue' is clicked on

2024-07-12 22:49:27 - [MESSAGE][PASSED] - Object: 'Object Repository/AdminSuiteBootstrap_Pages/VT_Bootstrap/Receipt/button_Continue' is clicked on

2024-07-12 22:49:27 - [TEST_STEP][PASSED] - click(findTestObject(path_VT + "a_Search Transactions")): Object: 'Object Repository/AdminSuiteBootstrap_Pages/VT_Bootstrap/IssueTransactions/a_Search Transactions' is clicked on

2024-07-12 22:49:28 - [MESSAGE][PASSED] - Object: 'Object Repository/AdminSuiteBootstrap_Pages/VT_Bootstrap/IssueTransactions/a_Search Transactions' is clicked on

2024-07-12 22:49:28 - [TEST_STEP][PASSED] - setText(findTestObject(path_CCSearch + "input_Search By_searchValue"), remID): Text 'AutoDua071224224154385Ahm' is set on object 'Object Repository/AdminSuiteBootstrap_Pages/VT_Bootstrap/CCCreditOrVoidSearch/input_Search By_searchValue'

2024-07-12 22:49:29 - [MESSAGE][PASSED] - Text 'AutoDua071224224154385Ahm' is set on object 'Object Repository/AdminSuiteBootstrap_Pages/VT_Bootstrap/CCCreditOrVoidSearch/input_Search By_searchValue'

2024-07-12 22:49:29 - [TEST_STEP][PASSED] - click(findTestObject(path_CCSearch + "button_Submit")): Object: 'Object Repository/AdminSuiteBootstrap_Pages/VT_Bootstrap/CCCreditOrVoidSearch/button_Submit' is clicked on

2024-07-12 22:49:30 - [MESSAGE][PASSED] - Object: 'Object Repository/AdminSuiteBootstrap_Pages/VT_Bootstrap/CCCreditOrVoidSearch/button_Submit' is clicked on

2024-07-12 22:49:30 - [TEST_STEP][PASSED] - fgr = getText(findTestObject(path_SearchResults + "div_Payment ID")): Text of object 'Object Repository/AdminSuiteBootstrap_Pages/VT_Bootstrap/SearchResults/div_Payment ID' is: 'Payment ID
Payment Type
Transaction Type
Remittance ID
Name
Total Amount
End Date
Status
12154795 Credit Card Authorization and Capture AutoDua071224224154385Ahm Tulsi Raman $10.50 07/12/2024 Success'

2024-07-12 22:49:30 - [MESSAGE][PASSED] - Text of object 'Object Repository/AdminSuiteBootstrap_Pages/VT_Bootstrap/SearchResults/div_Payment ID' is: 'Payment ID
Payment Type
Transaction Type
Remittance ID
Name
Total Amount
End Date
Status
12154795 Credit Card Authorization and Capture AutoDua071224224154385Ahm Tulsi Raman $10.50 07/12/2024 Success'

2024-07-12 22:49:30 - [TEST_STEP][PASSED] - payID = substring(89, 98).trim(): null

2024-07-12 22:49:30 - [TEST_STEP][PASSED] - out.println("payID: " + payID): null

2024-07-12 22:49:30 - [TEST_STEP][PASSED] - click(findTestObject(path_SearchResults + "button_PaymentID")): Object: 'Object Repository/AdminSuiteBootstrap_Pages/VT_Bootstrap/SearchResults/button_PaymentID' is clicked on

2024-07-12 22:49:31 - [MESSAGE][PASSED] - Object: 'Object Repository/AdminSuiteBootstrap_Pages/VT_Bootstrap/SearchResults/button_PaymentID' is clicked on

2024-07-12 22:49:31 - [TEST_STEP][PASSED] - verifyTextPresent("Tender Type", true): Text 'Tender Type' is present on page  using regular expression

2024-07-12 22:49:32 - [MESSAGE][PASSED] - Text 'Tender Type' is present on page  using regular expression

2024-07-12 22:49:32 - [TEST_STEP][PASSED] - verifyTextPresent("Credit Card", true): Text 'Credit Card' is present on page  using regular expression

2024-07-12 22:49:32 - [MESSAGE][PASSED] - Text 'Credit Card' is present on page  using regular expression

2024-07-12 22:49:32 - [TEST_STEP][PASSED] - verifyTextPresent("Transaction Type", true): Text 'Transaction Type' is present on page  using regular expression

2024-07-12 22:49:32 - [MESSAGE][PASSED] - Text 'Transaction Type' is present on page  using regular expression

2024-07-12 22:49:32 - [TEST_STEP][PASSED] - verifyTextPresent("Authorization and Capture", true): Text 'Authorization and Capture' is present on page  using regular expression

2024-07-12 22:49:33 - [MESSAGE][PASSED] - Text 'Authorization and Capture' is present on page  using regular expression

2024-07-12 22:49:33 - [TEST_STEP][PASSED] - verifyTextPresent("Transaction Posted by", true): Text 'Transaction Posted by' is present on page  using regular expression

2024-07-12 22:49:33 - [MESSAGE][PASSED] - Text 'Transaction Posted by' is present on page  using regular expression

2024-07-12 22:49:33 - [TEST_STEP][PASSED] - verifyTextPresent("iahmed", true): Text 'iahmed' is present on page  using regular expression

2024-07-12 22:49:33 - [MESSAGE][PASSED] - Text 'iahmed' is present on page  using regular expression

2024-07-12 22:49:33 - [TEST_STEP][PASSED] - click(findTestObject(path_TranxDetails + "a_Credit this transaction")): Object: 'Object Repository/AdminSuiteBootstrap_Pages/VT_Bootstrap/TransactionDetails/a_Credit this transaction' is clicked on

2024-07-12 22:49:34 - [MESSAGE][PASSED] - Object: 'Object Repository/AdminSuiteBootstrap_Pages/VT_Bootstrap/TransactionDetails/a_Credit this transaction' is clicked on

2024-07-12 22:49:34 - [TEST_STEP][PASSED] - verifyTextPresent("Credit Card Credit", true): Text 'Credit Card Credit' is present on page  using regular expression

2024-07-12 22:49:35 - [MESSAGE][PASSED] - Text 'Credit Card Credit' is present on page  using regular expression

2024-07-12 22:49:35 - [TEST_STEP][PASSED] - click(findTestObject(path_TranxDetails + "button_Submit")): Object: 'Object Repository/AdminSuiteBootstrap_Pages/VT_Bootstrap/TransactionDetails/button_Submit' is clicked on

2024-07-12 22:49:36 - [MESSAGE][PASSED] - Object: 'Object Repository/AdminSuiteBootstrap_Pages/VT_Bootstrap/TransactionDetails/button_Submit' is clicked on

2024-07-12 22:49:36 - [TEST_STEP][PASSED] - verifyTextPresent("Transaction Successful", true): Text 'Transaction Successful' is present on page  using regular expression

2024-07-12 22:49:37 - [MESSAGE][PASSED] - Text 'Transaction Successful' is present on page  using regular expression

2024-07-12 22:49:37 - [TEST_STEP][PASSED] - verifyTextPresent("Transaction Type", true): Text 'Transaction Type' is present on page  using regular expression

2024-07-12 22:49:37 - [MESSAGE][PASSED] - Text 'Transaction Type' is present on page  using regular expression

2024-07-12 22:49:37 - [TEST_STEP][PASSED] - verifyTextPresent("Credit", true): Text 'Credit' is present on page  using regular expression

2024-07-12 22:49:38 - [MESSAGE][PASSED] - Text 'Credit' is present on page  using regular expression

2024-07-12 22:49:38 - [TEST_STEP][PASSED] - closeBrowser(): Browser is closed

2024-07-12 22:49:39 - [MESSAGE][PASSED] - Browser is closed

2024-07-12 22:49:39 - [TEST_STEP][PASSED] - ExecuteTC = findTestData(dataFile).getValue("Execute", row): null

2024-07-12 22:49:39 - [TEST_STEP][PASSED] - out.println("Value of Execute is : " + ExecuteTC): null

2024-07-12 22:49:39 - [TEST_STEP][PASSED] - switch (executionProfile): null

2024-07-12 22:49:39 - [TEST_STEP][PASSED] - case "QA2Profile":: null

2024-07-12 22:49:39 - [TEST_STEP][PASSED] - appName = findTestData(dataFile).getValue("AppNameQA", row): null

2024-07-12 22:49:39 - [TEST_STEP][PASSED] - appID = findTestData(dataFile).getValue("AppIDQA", row): null

2024-07-12 22:49:39 - [TEST_STEP][PASSED] - break: null

2024-07-12 22:49:39 - [TEST_STEP][PASSED] - hrefAppID = li_1 + appID + li_2: null

2024-07-12 22:49:39 - [TEST_STEP][PASSED] - hrefApp = li_1 + appID + "/": null

2024-07-12 22:49:39 - [TEST_STEP][PASSED] - println("hrefApp : " + hrefApp): null

2024-07-12 22:49:39 - [TEST_STEP][PASSED] - if (ExecuteTC.equalsIgnoreCase("Y")): null

2024-07-12 22:49:39 - [TEST_STEP][PASSED] - out.println("Begin Record Number: " + row): null

2024-07-12 22:49:39 - [TEST_STEP][PASSED] - today = new java.util.Date(): null

2024-07-12 22:49:39 - [TEST_STEP][PASSED] - println(today): null

2024-07-12 22:49:39 - [TEST_STEP][PASSED] - datText = today: null

2024-07-12 22:49:39 - [TEST_STEP][PASSED] - adminSuiteBootstrap.loginFunctionality.login_AdminSuite(): adminSuiteBootstrap.loginFunctionality.login_AdminSuite is PASSED

2024-07-12 22:49:39 - [MESSAGE][INFO] - Starting 'Chrome' driver

2024-07-12 22:49:39 - [MESSAGE][INFO] - User set preference: ['acceptInsecureCerts', 'true']

2024-07-12 22:49:39 - [MESSAGE][INFO] - Action delay is set to 0 milliseconds

2024-07-12 22:49:42 - [MESSAGE][PASSED] - Browser is opened with url: 'https://qa2.velocitypayment.com/admin/imtiaz'

2024-07-12 22:49:42 - [MESSAGE][PASSED] - Current window maximized

2024-07-12 22:49:43 - [MESSAGE][PASSED] - Object 'Object Repository/Login_Page/Login_Username_Okta' is present

2024-07-12 22:49:43 - [MESSAGE][PASSED] - Text 'iahmed' is set on object 'Object Repository/Login_Page/Login_Username_Okta'

2024-07-12 22:49:44 - [MESSAGE][PASSED] - Text 'Hello!6666666' is set on object 'Object Repository/Login_Page/Login_Password_Okta'

2024-07-12 22:49:45 - [MESSAGE][PASSED] - Object: 'Object Repository/Login_Page/Login_Submit_Okta' is clicked on

2024-07-12 22:49:45 - [MESSAGE][PASSED] - adminSuiteBootstrap.loginFunctionality.login_AdminSuite is PASSED

2024-07-12 22:49:45 - [TEST_STEP][PASSED] - click(findTestObject(path_Dashboard + appName)): Object: 'Object Repository/AdminSuiteBootstrap_Pages/Dashboard_Bootstrap/a_Access AutoDualCFtpQA' is clicked on

2024-07-12 22:49:53 - [MESSAGE][PASSED] - Object: 'Object Repository/AdminSuiteBootstrap_Pages/Dashboard_Bootstrap/a_Access AutoDualCFtpQA' is clicked on

2024-07-12 22:49:53 - [TEST_STEP][PASSED] - click(findTestObject(path_VT + "button_Authorization  Capture (Sale)")): Object: 'Object Repository/AdminSuiteBootstrap_Pages/VT_Bootstrap/IssueTransactions/button_Authorization  Capture (Sale)' is clicked on

2024-07-12 22:49:53 - [MESSAGE][PASSED] - Object: 'Object Repository/AdminSuiteBootstrap_Pages/VT_Bootstrap/IssueTransactions/button_Authorization  Capture (Sale)' is clicked on

2024-07-12 22:49:53 - [TEST_STEP][PASSED] - saleKeyboardEntryLink = modifyObjectProperty(findTestObject(path_VT + "a_KeyboardEntry_Sale"), "href", "equals", hrefAppID, true): Modify property of object successfully

2024-07-12 22:49:53 - [MESSAGE][PASSED] - Modify property of object successfully

2024-07-12 22:49:53 - [TEST_STEP][PASSED] - click(saleKeyboardEntryLink): Object: 'Object Repository/AdminSuiteBootstrap_Pages/VT_Bootstrap/IssueTransactions/a_KeyboardEntry_Sale' is clicked on

2024-07-12 22:49:54 - [MESSAGE][PASSED] - Object: 'Object Repository/AdminSuiteBootstrap_Pages/VT_Bootstrap/IssueTransactions/a_KeyboardEntry_Sale' is clicked on

2024-07-12 22:49:54 - [TEST_STEP][PASSED] - adminSuiteBootstrap.virtualTerminalSetData.saleKeyboard_DataDriven(row, dataFile): adminSuiteBootstrap.virtualTerminalSetData.saleKeyboard_DataDriven is PASSED

2024-07-12 22:49:58 - [MESSAGE][PASSED] - Text 'Tulsi Raman' is set on object 'Object Repository/AdminSuiteBootstrap_Pages/VT_Bootstrap/SaleKeyboard/input_cardName'

2024-07-12 22:49:59 - [MESSAGE][PASSED] - All options with value 'RETL' are selected in object 'Object Repository/AdminSuiteBootstrap_Pages/VT_Bootstrap/SaleKeyboard/select_transactionCategory'  using regular expression

2024-07-12 22:49:59 - [MESSAGE][PASSED] - Execute JavaScript 'arguments[0].value ='371449635392376' ' successfully

2024-07-12 22:50:00 - [MESSAGE][PASSED] - Execute JavaScript 'arguments[0].value ='123' ' successfully

2024-07-12 22:50:01 - [MESSAGE][PASSED] - All options with value '12' are selected in object 'Object Repository/AdminSuiteBootstrap_Pages/VT_Bootstrap/SaleKeyboard/select_MM'  using regular expression

2024-07-12 22:50:02 - [MESSAGE][PASSED] - All options with value '2025' are selected in object 'Object Repository/AdminSuiteBootstrap_Pages/VT_Bootstrap/SaleKeyboard/select_YYYY'  using regular expression

2024-07-12 22:50:03 - [MESSAGE][PASSED] - Text '550 Swan Lake' is set on object 'Object Repository/AdminSuiteBootstrap_Pages/VT_Bootstrap/SaleKeyboard/input__address'

2024-07-12 22:50:03 - [MESSAGE][PASSED] - Text 'Suite 500' is set on object 'Object Repository/AdminSuiteBootstrap_Pages/VT_Bootstrap/SaleKeyboard/input__address2'

2024-07-12 22:50:04 - [MESSAGE][PASSED] - Text '22201' is set on object 'Object Repository/AdminSuiteBootstrap_Pages/VT_Bootstrap/SaleKeyboard/input__zip'

2024-07-12 22:50:05 - [MESSAGE][PASSED] - Text '' is set on object 'Object Repository/AdminSuiteBootstrap_Pages/VT_Bootstrap/SaleKeyboard/input_emailAddress'

2024-07-12 22:50:06 - [MESSAGE][PASSED] - Text '' is set on object 'Object Repository/AdminSuiteBootstrap_Pages/VT_Bootstrap/SaleKeyboard/input_smsNumber'

2024-07-12 22:50:07 - [MESSAGE][PASSED] - Text '10.50' is set on object 'Object Repository/AdminSuiteBootstrap_Pages/VT_Bootstrap/SaleKeyboard/input_amount'

2024-07-12 22:50:08 - [MESSAGE][PASSED] - Text 'Australia' is set on object 'Object Repository/AdminSuiteBootstrap_Pages/VT_Bootstrap/SaleKeyboard/input_userDefined1'

2024-07-12 22:50:09 - [MESSAGE][PASSED] - Text 'Denmark' is set on object 'Object Repository/AdminSuiteBootstrap_Pages/VT_Bootstrap/SaleKeyboard/input_userDefined2'

2024-07-12 22:50:09 - [MESSAGE][PASSED] - Text 'Sweden' is set on object 'Object Repository/AdminSuiteBootstrap_Pages/VT_Bootstrap/SaleKeyboard/input_userDefined3'

2024-07-12 22:50:10 - [MESSAGE][PASSED] - Text 'Austria' is set on object 'Object Repository/AdminSuiteBootstrap_Pages/VT_Bootstrap/SaleKeyboard/input_userDefined4'

2024-07-12 22:50:11 - [MESSAGE][PASSED] - All options with label 'Orange' are selected in object 'Object Repository/AdminSuiteBootstrap_Pages/VT_Bootstrap/SaleKeyboard/select_UDF5_DropDown'  using regular expression

2024-07-12 22:50:12 - [MESSAGE][PASSED] - All options with label 'Yellow' are selected in object 'Object Repository/AdminSuiteBootstrap_Pages/VT_Bootstrap/SaleKeyboard/select_UDF6_DropDown'  using regular expression

2024-07-12 22:50:13 - [MESSAGE][PASSED] - Text 'Norway' is set on object 'Object Repository/AdminSuiteBootstrap_Pages/VT_Bootstrap/SaleKeyboard/input_userDefined7'

2024-07-12 22:50:14 - [MESSAGE][PASSED] - Text 'Netherlands' is set on object 'Object Repository/AdminSuiteBootstrap_Pages/VT_Bootstrap/SaleKeyboard/input_userDefined8'

2024-07-12 22:50:14 - [MESSAGE][PASSED] - Text 'Switzerland' is set on object 'Object Repository/AdminSuiteBootstrap_Pages/VT_Bootstrap/SaleKeyboard/input_userDefined9'

2024-07-12 22:50:15 - [MESSAGE][PASSED] - Text 'France' is set on object 'Object Repository/AdminSuiteBootstrap_Pages/VT_Bootstrap/SaleKeyboard/input_userDefined10'

2024-07-12 22:50:17 - [MESSAGE][PASSED] - Object: 'Object Repository/AdminSuiteBootstrap_Pages/VT_Bootstrap/SaleKeyboard/button_Submit' is clicked on

2024-07-12 22:50:17 - [MESSAGE][PASSED] - adminSuiteBootstrap.virtualTerminalSetData.saleKeyboard_DataDriven is PASSED

2024-07-12 22:50:17 - [TEST_STEP][PASSED] - if (verifyTextPresent("Transaction Successful", true)): null

2024-07-12 22:50:17 - [MESSAGE][PASSED] - Text 'Transaction Successful' is present on page  using regular expression

2024-07-12 22:50:17 - [TEST_STEP][PASSED] - sdf = getText(findTestObject(path_Receipt + "td_AutoNoC031622113752957Ahm")): Text of object 'Object Repository/AdminSuiteBootstrap_Pages/VT_Bootstrap/Receipt/td_AutoNoC031622113752957Ahm' is: 'AutoDua071224224245480Ahm'

2024-07-12 22:50:18 - [MESSAGE][PASSED] - Text of object 'Object Repository/AdminSuiteBootstrap_Pages/VT_Bootstrap/Receipt/td_AutoNoC031622113752957Ahm' is: 'AutoDua071224224245480Ahm'

2024-07-12 22:50:18 - [TEST_STEP][PASSED] - out.println("sdf: " + sdf): null

2024-07-12 22:50:18 - [TEST_STEP][PASSED] - remID = sdf: null

2024-07-12 22:50:18 - [TEST_STEP][PASSED] - out.println("remID: " + remID): null

2024-07-12 22:50:18 - [TEST_STEP][PASSED] - click(findTestObject(path_Receipt + "button_Continue")): Object: 'Object Repository/AdminSuiteBootstrap_Pages/VT_Bootstrap/Receipt/button_Continue' is clicked on

2024-07-12 22:50:18 - [MESSAGE][PASSED] - Object: 'Object Repository/AdminSuiteBootstrap_Pages/VT_Bootstrap/Receipt/button_Continue' is clicked on

2024-07-12 22:50:18 - [TEST_STEP][PASSED] - click(findTestObject(path_VT + "a_Search Transactions")): Object: 'Object Repository/AdminSuiteBootstrap_Pages/VT_Bootstrap/IssueTransactions/a_Search Transactions' is clicked on

2024-07-12 22:50:20 - [MESSAGE][PASSED] - Object: 'Object Repository/AdminSuiteBootstrap_Pages/VT_Bootstrap/IssueTransactions/a_Search Transactions' is clicked on

2024-07-12 22:50:20 - [TEST_STEP][PASSED] - setText(findTestObject(path_CCSearch + "input_Search By_searchValue"), remID): Text 'AutoDua071224224245480Ahm' is set on object 'Object Repository/AdminSuiteBootstrap_Pages/VT_Bootstrap/CCCreditOrVoidSearch/input_Search By_searchValue'

2024-07-12 22:50:20 - [MESSAGE][PASSED] - Text 'AutoDua071224224245480Ahm' is set on object 'Object Repository/AdminSuiteBootstrap_Pages/VT_Bootstrap/CCCreditOrVoidSearch/input_Search By_searchValue'

2024-07-12 22:50:20 - [TEST_STEP][PASSED] - click(findTestObject(path_CCSearch + "button_Submit")): Object: 'Object Repository/AdminSuiteBootstrap_Pages/VT_Bootstrap/CCCreditOrVoidSearch/button_Submit' is clicked on

2024-07-12 22:50:21 - [MESSAGE][PASSED] - Object: 'Object Repository/AdminSuiteBootstrap_Pages/VT_Bootstrap/CCCreditOrVoidSearch/button_Submit' is clicked on

2024-07-12 22:50:21 - [TEST_STEP][PASSED] - fgr = getText(findTestObject(path_SearchResults + "div_Payment ID")): Text of object 'Object Repository/AdminSuiteBootstrap_Pages/VT_Bootstrap/SearchResults/div_Payment ID' is: 'Payment ID
Payment Type
Transaction Type
Remittance ID
Name
Total Amount
End Date
Status
12154798 Credit Card Authorization and Capture AutoDua071224224245480Ahm Tulsi Raman $10.50 07/12/2024 Success'

2024-07-12 22:50:22 - [MESSAGE][PASSED] - Text of object 'Object Repository/AdminSuiteBootstrap_Pages/VT_Bootstrap/SearchResults/div_Payment ID' is: 'Payment ID
Payment Type
Transaction Type
Remittance ID
Name
Total Amount
End Date
Status
12154798 Credit Card Authorization and Capture AutoDua071224224245480Ahm Tulsi Raman $10.50 07/12/2024 Success'

2024-07-12 22:50:22 - [TEST_STEP][PASSED] - payID = substring(89, 98).trim(): null

2024-07-12 22:50:22 - [TEST_STEP][PASSED] - out.println("payID: " + payID): null

2024-07-12 22:50:22 - [TEST_STEP][PASSED] - click(findTestObject(path_SearchResults + "button_PaymentID")): Object: 'Object Repository/AdminSuiteBootstrap_Pages/VT_Bootstrap/SearchResults/button_PaymentID' is clicked on

2024-07-12 22:50:22 - [MESSAGE][PASSED] - Object: 'Object Repository/AdminSuiteBootstrap_Pages/VT_Bootstrap/SearchResults/button_PaymentID' is clicked on

2024-07-12 22:50:22 - [TEST_STEP][PASSED] - verifyTextPresent("Tender Type", true): Text 'Tender Type' is present on page  using regular expression

2024-07-12 22:50:23 - [MESSAGE][PASSED] - Text 'Tender Type' is present on page  using regular expression

2024-07-12 22:50:23 - [TEST_STEP][PASSED] - verifyTextPresent("Credit Card", true): Text 'Credit Card' is present on page  using regular expression

2024-07-12 22:50:23 - [MESSAGE][PASSED] - Text 'Credit Card' is present on page  using regular expression

2024-07-12 22:50:23 - [TEST_STEP][PASSED] - verifyTextPresent("Transaction Type", true): Text 'Transaction Type' is present on page  using regular expression

2024-07-12 22:50:24 - [MESSAGE][PASSED] - Text 'Transaction Type' is present on page  using regular expression

2024-07-12 22:50:24 - [TEST_STEP][PASSED] - verifyTextPresent("Authorization and Capture", true): Text 'Authorization and Capture' is present on page  using regular expression

2024-07-12 22:50:24 - [MESSAGE][PASSED] - Text 'Authorization and Capture' is present on page  using regular expression

2024-07-12 22:50:24 - [TEST_STEP][PASSED] - verifyTextPresent("Transaction Posted by", true): Text 'Transaction Posted by' is present on page  using regular expression

2024-07-12 22:50:24 - [MESSAGE][PASSED] - Text 'Transaction Posted by' is present on page  using regular expression

2024-07-12 22:50:24 - [TEST_STEP][PASSED] - verifyTextPresent("iahmed", true): Text 'iahmed' is present on page  using regular expression

2024-07-12 22:50:25 - [MESSAGE][PASSED] - Text 'iahmed' is present on page  using regular expression

2024-07-12 22:50:25 - [TEST_STEP][PASSED] - click(findTestObject(path_TranxDetails + "a_Credit this transaction")): Object: 'Object Repository/AdminSuiteBootstrap_Pages/VT_Bootstrap/TransactionDetails/a_Credit this transaction' is clicked on

2024-07-12 22:50:26 - [MESSAGE][PASSED] - Object: 'Object Repository/AdminSuiteBootstrap_Pages/VT_Bootstrap/TransactionDetails/a_Credit this transaction' is clicked on

2024-07-12 22:50:26 - [TEST_STEP][PASSED] - verifyTextPresent("Credit Card Credit", true): Text 'Credit Card Credit' is present on page  using regular expression

2024-07-12 22:50:27 - [MESSAGE][PASSED] - Text 'Credit Card Credit' is present on page  using regular expression

2024-07-12 22:50:27 - [TEST_STEP][PASSED] - click(findTestObject(path_TranxDetails + "button_Submit")): Object: 'Object Repository/AdminSuiteBootstrap_Pages/VT_Bootstrap/TransactionDetails/button_Submit' is clicked on

2024-07-12 22:50:28 - [MESSAGE][PASSED] - Object: 'Object Repository/AdminSuiteBootstrap_Pages/VT_Bootstrap/TransactionDetails/button_Submit' is clicked on

2024-07-12 22:50:28 - [TEST_STEP][PASSED] - verifyTextPresent("Transaction Successful", true): Text 'Transaction Successful' is present on page  using regular expression

2024-07-12 22:50:28 - [MESSAGE][PASSED] - Text 'Transaction Successful' is present on page  using regular expression

2024-07-12 22:50:28 - [TEST_STEP][PASSED] - verifyTextPresent("Transaction Type", true): Text 'Transaction Type' is present on page  using regular expression

2024-07-12 22:50:29 - [MESSAGE][PASSED] - Text 'Transaction Type' is present on page  using regular expression

2024-07-12 22:50:29 - [TEST_STEP][PASSED] - verifyTextPresent("Credit", true): Text 'Credit' is present on page  using regular expression

2024-07-12 22:50:29 - [MESSAGE][PASSED] - Text 'Credit' is present on page  using regular expression

2024-07-12 22:50:29 - [TEST_STEP][PASSED] - closeBrowser(): Browser is closed

2024-07-12 22:50:30 - [MESSAGE][PASSED] - Browser is closed

2024-07-12 22:50:30 - [TEST_STEP][PASSED] - ExecuteTC = findTestData(dataFile).getValue("Execute", row): null

2024-07-12 22:50:30 - [TEST_STEP][PASSED] - out.println("Value of Execute is : " + ExecuteTC): null

2024-07-12 22:50:30 - [TEST_STEP][PASSED] - switch (executionProfile): null

2024-07-12 22:50:30 - [TEST_STEP][PASSED] - case "QA2Profile":: null

2024-07-12 22:50:30 - [TEST_STEP][PASSED] - appName = findTestData(dataFile).getValue("AppNameQA", row): null

2024-07-12 22:50:30 - [TEST_STEP][PASSED] - appID = findTestData(dataFile).getValue("AppIDQA", row): null

2024-07-12 22:50:31 - [TEST_STEP][PASSED] - break: null

2024-07-12 22:50:31 - [TEST_STEP][PASSED] - hrefAppID = li_1 + appID + li_2: null

2024-07-12 22:50:31 - [TEST_STEP][PASSED] - hrefApp = li_1 + appID + "/": null

2024-07-12 22:50:31 - [TEST_STEP][PASSED] - println("hrefApp : " + hrefApp): null

2024-07-12 22:50:31 - [TEST_STEP][PASSED] - if (ExecuteTC.equalsIgnoreCase("Y")): null

2024-07-12 22:50:31 - [TEST_STEP][PASSED] - out.println("Begin Record Number: " + row): null

2024-07-12 22:50:31 - [TEST_STEP][PASSED] - today = new java.util.Date(): null

2024-07-12 22:50:31 - [TEST_STEP][PASSED] - println(today): null

2024-07-12 22:50:31 - [TEST_STEP][PASSED] - datText = today: null

2024-07-12 22:50:31 - [TEST_STEP][PASSED] - adminSuiteBootstrap.loginFunctionality.login_AdminSuite(): adminSuiteBootstrap.loginFunctionality.login_AdminSuite is PASSED

2024-07-12 22:50:31 - [MESSAGE][INFO] - Starting 'Chrome' driver

2024-07-12 22:50:31 - [MESSAGE][INFO] - User set preference: ['acceptInsecureCerts', 'true']

2024-07-12 22:50:31 - [MESSAGE][INFO] - Action delay is set to 0 milliseconds

2024-07-12 22:50:33 - [MESSAGE][PASSED] - Browser is opened with url: 'https://qa2.velocitypayment.com/admin/imtiaz'

2024-07-12 22:50:33 - [MESSAGE][PASSED] - Current window maximized

2024-07-12 22:50:34 - [MESSAGE][PASSED] - Object 'Object Repository/Login_Page/Login_Username_Okta' is present

2024-07-12 22:50:35 - [MESSAGE][PASSED] - Text 'iahmed' is set on object 'Object Repository/Login_Page/Login_Username_Okta'

2024-07-12 22:50:36 - [MESSAGE][PASSED] - Text 'Hello!6666666' is set on object 'Object Repository/Login_Page/Login_Password_Okta'

2024-07-12 22:50:36 - [MESSAGE][PASSED] - Object: 'Object Repository/Login_Page/Login_Submit_Okta' is clicked on

2024-07-12 22:50:36 - [MESSAGE][PASSED] - adminSuiteBootstrap.loginFunctionality.login_AdminSuite is PASSED

2024-07-12 22:50:36 - [TEST_STEP][PASSED] - click(findTestObject(path_Dashboard + appName)): Object: 'Object Repository/AdminSuiteBootstrap_Pages/Dashboard_Bootstrap/a_Access AutoDualCFtpQA' is clicked on

2024-07-12 22:50:44 - [MESSAGE][PASSED] - Object: 'Object Repository/AdminSuiteBootstrap_Pages/Dashboard_Bootstrap/a_Access AutoDualCFtpQA' is clicked on

2024-07-12 22:50:44 - [TEST_STEP][PASSED] - click(findTestObject(path_VT + "button_Authorization  Capture (Sale)")): Object: 'Object Repository/AdminSuiteBootstrap_Pages/VT_Bootstrap/IssueTransactions/button_Authorization  Capture (Sale)' is clicked on

2024-07-12 22:50:45 - [MESSAGE][PASSED] - Object: 'Object Repository/AdminSuiteBootstrap_Pages/VT_Bootstrap/IssueTransactions/button_Authorization  Capture (Sale)' is clicked on

2024-07-12 22:50:45 - [TEST_STEP][PASSED] - saleKeyboardEntryLink = modifyObjectProperty(findTestObject(path_VT + "a_KeyboardEntry_Sale"), "href", "equals", hrefAppID, true): Modify property of object successfully

2024-07-12 22:50:45 - [MESSAGE][PASSED] - Modify property of object successfully

2024-07-12 22:50:45 - [TEST_STEP][PASSED] - click(saleKeyboardEntryLink): Object: 'Object Repository/AdminSuiteBootstrap_Pages/VT_Bootstrap/IssueTransactions/a_KeyboardEntry_Sale' is clicked on

2024-07-12 22:50:46 - [MESSAGE][PASSED] - Object: 'Object Repository/AdminSuiteBootstrap_Pages/VT_Bootstrap/IssueTransactions/a_KeyboardEntry_Sale' is clicked on

2024-07-12 22:50:46 - [TEST_STEP][PASSED] - adminSuiteBootstrap.virtualTerminalSetData.saleKeyboard_DataDriven(row, dataFile): adminSuiteBootstrap.virtualTerminalSetData.saleKeyboard_DataDriven is PASSED

2024-07-12 22:50:49 - [MESSAGE][PASSED] - Text 'Tulsi Raman' is set on object 'Object Repository/AdminSuiteBootstrap_Pages/VT_Bootstrap/SaleKeyboard/input_cardName'

2024-07-12 22:50:50 - [MESSAGE][PASSED] - All options with value 'RETL' are selected in object 'Object Repository/AdminSuiteBootstrap_Pages/VT_Bootstrap/SaleKeyboard/select_transactionCategory'  using regular expression

2024-07-12 22:50:51 - [MESSAGE][PASSED] - Execute JavaScript 'arguments[0].value ='6011000993026909' ' successfully

2024-07-12 22:50:51 - [MESSAGE][PASSED] - Execute JavaScript 'arguments[0].value ='123' ' successfully

2024-07-12 22:50:52 - [MESSAGE][PASSED] - All options with value '12' are selected in object 'Object Repository/AdminSuiteBootstrap_Pages/VT_Bootstrap/SaleKeyboard/select_MM'  using regular expression

2024-07-12 22:50:53 - [MESSAGE][PASSED] - All options with value '2025' are selected in object 'Object Repository/AdminSuiteBootstrap_Pages/VT_Bootstrap/SaleKeyboard/select_YYYY'  using regular expression

2024-07-12 22:50:54 - [MESSAGE][PASSED] - Text '25987 Hill Top' is set on object 'Object Repository/AdminSuiteBootstrap_Pages/VT_Bootstrap/SaleKeyboard/input__address'

2024-07-12 22:50:55 - [MESSAGE][PASSED] - Text 'Suite 500' is set on object 'Object Repository/AdminSuiteBootstrap_Pages/VT_Bootstrap/SaleKeyboard/input__address2'

2024-07-12 22:50:56 - [MESSAGE][PASSED] - Text '22201' is set on object 'Object Repository/AdminSuiteBootstrap_Pages/VT_Bootstrap/SaleKeyboard/input__zip'

2024-07-12 22:50:56 - [MESSAGE][PASSED] - Text '' is set on object 'Object Repository/AdminSuiteBootstrap_Pages/VT_Bootstrap/SaleKeyboard/input_emailAddress'

2024-07-12 22:50:58 - [MESSAGE][PASSED] - Text '' is set on object 'Object Repository/AdminSuiteBootstrap_Pages/VT_Bootstrap/SaleKeyboard/input_smsNumber'

2024-07-12 22:50:58 - [MESSAGE][PASSED] - Text '10.50' is set on object 'Object Repository/AdminSuiteBootstrap_Pages/VT_Bootstrap/SaleKeyboard/input_amount'

2024-07-12 22:50:59 - [MESSAGE][PASSED] - Text 'Australia' is set on object 'Object Repository/AdminSuiteBootstrap_Pages/VT_Bootstrap/SaleKeyboard/input_userDefined1'

2024-07-12 22:51:00 - [MESSAGE][PASSED] - Text 'Denmark' is set on object 'Object Repository/AdminSuiteBootstrap_Pages/VT_Bootstrap/SaleKeyboard/input_userDefined2'

2024-07-12 22:51:01 - [MESSAGE][PASSED] - Text 'Sweden' is set on object 'Object Repository/AdminSuiteBootstrap_Pages/VT_Bootstrap/SaleKeyboard/input_userDefined3'

2024-07-12 22:51:02 - [MESSAGE][PASSED] - Text 'Austria' is set on object 'Object Repository/AdminSuiteBootstrap_Pages/VT_Bootstrap/SaleKeyboard/input_userDefined4'

2024-07-12 22:51:03 - [MESSAGE][PASSED] - All options with label 'Orange' are selected in object 'Object Repository/AdminSuiteBootstrap_Pages/VT_Bootstrap/SaleKeyboard/select_UDF5_DropDown'  using regular expression

2024-07-12 22:51:04 - [MESSAGE][PASSED] - All options with label 'Yellow' are selected in object 'Object Repository/AdminSuiteBootstrap_Pages/VT_Bootstrap/SaleKeyboard/select_UDF6_DropDown'  using regular expression

2024-07-12 22:51:04 - [MESSAGE][PASSED] - Text 'Norway' is set on object 'Object Repository/AdminSuiteBootstrap_Pages/VT_Bootstrap/SaleKeyboard/input_userDefined7'

2024-07-12 22:51:05 - [MESSAGE][PASSED] - Text 'Netherlands' is set on object 'Object Repository/AdminSuiteBootstrap_Pages/VT_Bootstrap/SaleKeyboard/input_userDefined8'

2024-07-12 22:51:06 - [MESSAGE][PASSED] - Text 'Switzerland' is set on object 'Object Repository/AdminSuiteBootstrap_Pages/VT_Bootstrap/SaleKeyboard/input_userDefined9'

2024-07-12 22:51:07 - [MESSAGE][PASSED] - Text 'France' is set on object 'Object Repository/AdminSuiteBootstrap_Pages/VT_Bootstrap/SaleKeyboard/input_userDefined10'

2024-07-12 22:51:08 - [MESSAGE][PASSED] - Object: 'Object Repository/AdminSuiteBootstrap_Pages/VT_Bootstrap/SaleKeyboard/button_Submit' is clicked on

2024-07-12 22:51:08 - [MESSAGE][PASSED] - adminSuiteBootstrap.virtualTerminalSetData.saleKeyboard_DataDriven is PASSED

2024-07-12 22:51:08 - [TEST_STEP][PASSED] - if (verifyTextPresent("Transaction Successful", true)): null

2024-07-12 22:51:09 - [MESSAGE][PASSED] - Text 'Transaction Successful' is present on page  using regular expression

2024-07-12 22:51:09 - [TEST_STEP][PASSED] - sdf = getText(findTestObject(path_Receipt + "td_AutoNoC031622113752957Ahm")): Text of object 'Object Repository/AdminSuiteBootstrap_Pages/VT_Bootstrap/Receipt/td_AutoNoC031622113752957Ahm' is: 'AutoDua071224224336974Ahm'

2024-07-12 22:51:09 - [MESSAGE][PASSED] - Text of object 'Object Repository/AdminSuiteBootstrap_Pages/VT_Bootstrap/Receipt/td_AutoNoC031622113752957Ahm' is: 'AutoDua071224224336974Ahm'

2024-07-12 22:51:09 - [TEST_STEP][PASSED] - out.println("sdf: " + sdf): null

2024-07-12 22:51:09 - [TEST_STEP][PASSED] - remID = sdf: null

2024-07-12 22:51:09 - [TEST_STEP][PASSED] - out.println("remID: " + remID): null

2024-07-12 22:51:09 - [TEST_STEP][PASSED] - click(findTestObject(path_Receipt + "button_Continue")): Object: 'Object Repository/AdminSuiteBootstrap_Pages/VT_Bootstrap/Receipt/button_Continue' is clicked on

2024-07-12 22:51:10 - [MESSAGE][PASSED] - Object: 'Object Repository/AdminSuiteBootstrap_Pages/VT_Bootstrap/Receipt/button_Continue' is clicked on

2024-07-12 22:51:10 - [TEST_STEP][PASSED] - click(findTestObject(path_VT + "a_Search Transactions")): Object: 'Object Repository/AdminSuiteBootstrap_Pages/VT_Bootstrap/IssueTransactions/a_Search Transactions' is clicked on

2024-07-12 22:51:11 - [MESSAGE][PASSED] - Object: 'Object Repository/AdminSuiteBootstrap_Pages/VT_Bootstrap/IssueTransactions/a_Search Transactions' is clicked on

2024-07-12 22:51:11 - [TEST_STEP][PASSED] - setText(findTestObject(path_CCSearch + "input_Search By_searchValue"), remID): Text 'AutoDua071224224336974Ahm' is set on object 'Object Repository/AdminSuiteBootstrap_Pages/VT_Bootstrap/CCCreditOrVoidSearch/input_Search By_searchValue'

2024-07-12 22:51:12 - [MESSAGE][PASSED] - Text 'AutoDua071224224336974Ahm' is set on object 'Object Repository/AdminSuiteBootstrap_Pages/VT_Bootstrap/CCCreditOrVoidSearch/input_Search By_searchValue'

2024-07-12 22:51:12 - [TEST_STEP][PASSED] - click(findTestObject(path_CCSearch + "button_Submit")): Object: 'Object Repository/AdminSuiteBootstrap_Pages/VT_Bootstrap/CCCreditOrVoidSearch/button_Submit' is clicked on

2024-07-12 22:51:12 - [MESSAGE][PASSED] - Object: 'Object Repository/AdminSuiteBootstrap_Pages/VT_Bootstrap/CCCreditOrVoidSearch/button_Submit' is clicked on

2024-07-12 22:51:12 - [TEST_STEP][PASSED] - fgr = getText(findTestObject(path_SearchResults + "div_Payment ID")): Text of object 'Object Repository/AdminSuiteBootstrap_Pages/VT_Bootstrap/SearchResults/div_Payment ID' is: 'Payment ID
Payment Type
Transaction Type
Remittance ID
Name
Total Amount
End Date
Status
12154801 Credit Card Authorization and Capture AutoDua071224224336974Ahm Tulsi Raman $10.50 07/12/2024 Success'

2024-07-12 22:51:13 - [MESSAGE][PASSED] - Text of object 'Object Repository/AdminSuiteBootstrap_Pages/VT_Bootstrap/SearchResults/div_Payment ID' is: 'Payment ID
Payment Type
Transaction Type
Remittance ID
Name
Total Amount
End Date
Status
12154801 Credit Card Authorization and Capture AutoDua071224224336974Ahm Tulsi Raman $10.50 07/12/2024 Success'

2024-07-12 22:51:13 - [TEST_STEP][PASSED] - payID = substring(89, 98).trim(): null

2024-07-12 22:51:13 - [TEST_STEP][PASSED] - out.println("payID: " + payID): null

2024-07-12 22:51:13 - [TEST_STEP][PASSED] - click(findTestObject(path_SearchResults + "button_PaymentID")): Object: 'Object Repository/AdminSuiteBootstrap_Pages/VT_Bootstrap/SearchResults/button_PaymentID' is clicked on

2024-07-12 22:51:14 - [MESSAGE][PASSED] - Object: 'Object Repository/AdminSuiteBootstrap_Pages/VT_Bootstrap/SearchResults/button_PaymentID' is clicked on

2024-07-12 22:51:14 - [TEST_STEP][PASSED] - verifyTextPresent("Tender Type", true): Text 'Tender Type' is present on page  using regular expression

2024-07-12 22:51:14 - [MESSAGE][PASSED] - Text 'Tender Type' is present on page  using regular expression

2024-07-12 22:51:14 - [TEST_STEP][PASSED] - verifyTextPresent("Credit Card", true): Text 'Credit Card' is present on page  using regular expression

2024-07-12 22:51:15 - [MESSAGE][PASSED] - Text 'Credit Card' is present on page  using regular expression

2024-07-12 22:51:15 - [TEST_STEP][PASSED] - verifyTextPresent("Transaction Type", true): Text 'Transaction Type' is present on page  using regular expression

2024-07-12 22:51:15 - [MESSAGE][PASSED] - Text 'Transaction Type' is present on page  using regular expression

2024-07-12 22:51:15 - [TEST_STEP][PASSED] - verifyTextPresent("Authorization and Capture", true): Text 'Authorization and Capture' is present on page  using regular expression

2024-07-12 22:51:15 - [MESSAGE][PASSED] - Text 'Authorization and Capture' is present on page  using regular expression

2024-07-12 22:51:15 - [TEST_STEP][PASSED] - verifyTextPresent("Transaction Posted by", true): Text 'Transaction Posted by' is present on page  using regular expression

2024-07-12 22:51:16 - [MESSAGE][PASSED] - Text 'Transaction Posted by' is present on page  using regular expression

2024-07-12 22:51:16 - [TEST_STEP][PASSED] - verifyTextPresent("iahmed", true): Text 'iahmed' is present on page  using regular expression

2024-07-12 22:51:16 - [MESSAGE][PASSED] - Text 'iahmed' is present on page  using regular expression

2024-07-12 22:51:16 - [TEST_STEP][PASSED] - click(findTestObject(path_TranxDetails + "a_Credit this transaction")): Object: 'Object Repository/AdminSuiteBootstrap_Pages/VT_Bootstrap/TransactionDetails/a_Credit this transaction' is clicked on

2024-07-12 22:51:17 - [MESSAGE][PASSED] - Object: 'Object Repository/AdminSuiteBootstrap_Pages/VT_Bootstrap/TransactionDetails/a_Credit this transaction' is clicked on

2024-07-12 22:51:17 - [TEST_STEP][PASSED] - verifyTextPresent("Credit Card Credit", true): Text 'Credit Card Credit' is present on page  using regular expression

2024-07-12 22:51:18 - [MESSAGE][PASSED] - Text 'Credit Card Credit' is present on page  using regular expression

2024-07-12 22:51:18 - [TEST_STEP][PASSED] - click(findTestObject(path_TranxDetails + "button_Submit")): Object: 'Object Repository/AdminSuiteBootstrap_Pages/VT_Bootstrap/TransactionDetails/button_Submit' is clicked on

2024-07-12 22:51:19 - [MESSAGE][PASSED] - Object: 'Object Repository/AdminSuiteBootstrap_Pages/VT_Bootstrap/TransactionDetails/button_Submit' is clicked on

2024-07-12 22:51:19 - [TEST_STEP][PASSED] - verifyTextPresent("Transaction Successful", true): Text 'Transaction Successful' is present on page  using regular expression

2024-07-12 22:51:20 - [MESSAGE][PASSED] - Text 'Transaction Successful' is present on page  using regular expression

2024-07-12 22:51:20 - [TEST_STEP][PASSED] - verifyTextPresent("Transaction Type", true): Text 'Transaction Type' is present on page  using regular expression

2024-07-12 22:51:20 - [MESSAGE][PASSED] - Text 'Transaction Type' is present on page  using regular expression

2024-07-12 22:51:20 - [TEST_STEP][PASSED] - verifyTextPresent("Credit", true): Text 'Credit' is present on page  using regular expression

2024-07-12 22:51:20 - [MESSAGE][PASSED] - Text 'Credit' is present on page  using regular expression

2024-07-12 22:51:20 - [TEST_STEP][PASSED] - closeBrowser(): Browser is closed

2024-07-12 22:51:21 - [MESSAGE][PASSED] - Browser is closed

2024-07-12 22:51:21 - [TEST_STEP][PASSED] - ExecuteTC = findTestData(dataFile).getValue("Execute", row): null

2024-07-12 22:51:22 - [TEST_STEP][PASSED] - out.println("Value of Execute is : " + ExecuteTC): null

2024-07-12 22:51:22 - [TEST_STEP][PASSED] - switch (executionProfile): null

2024-07-12 22:51:22 - [TEST_STEP][PASSED] - case "QA2Profile":: null

2024-07-12 22:51:22 - [TEST_STEP][PASSED] - appName = findTestData(dataFile).getValue("AppNameQA", row): null

2024-07-12 22:51:22 - [TEST_STEP][PASSED] - appID = findTestData(dataFile).getValue("AppIDQA", row): null

2024-07-12 22:51:22 - [TEST_STEP][PASSED] - break: null

2024-07-12 22:51:22 - [TEST_STEP][PASSED] - hrefAppID = li_1 + appID + li_2: null

2024-07-12 22:51:22 - [TEST_STEP][PASSED] - hrefApp = li_1 + appID + "/": null

2024-07-12 22:51:22 - [TEST_STEP][PASSED] - println("hrefApp : " + hrefApp): null

2024-07-12 22:51:22 - [TEST_STEP][PASSED] - if (ExecuteTC.equalsIgnoreCase("Y")): null

2024-07-12 22:51:22 - [TEST_STEP][PASSED] - out.println("Begin Record Number: " + row): null

2024-07-12 22:51:22 - [TEST_STEP][PASSED] - today = new java.util.Date(): null

2024-07-12 22:51:22 - [TEST_STEP][PASSED] - println(today): null

2024-07-12 22:51:22 - [TEST_STEP][PASSED] - datText = today: null

2024-07-12 22:51:22 - [TEST_STEP][PASSED] - adminSuiteBootstrap.loginFunctionality.login_AdminSuite(): adminSuiteBootstrap.loginFunctionality.login_AdminSuite is PASSED

2024-07-12 22:51:22 - [MESSAGE][INFO] - Starting 'Chrome' driver

2024-07-12 22:51:22 - [MESSAGE][INFO] - User set preference: ['acceptInsecureCerts', 'true']

2024-07-12 22:51:22 - [MESSAGE][INFO] - Action delay is set to 0 milliseconds

2024-07-12 22:51:25 - [MESSAGE][PASSED] - Browser is opened with url: 'https://qa2.velocitypayment.com/admin/imtiaz'

2024-07-12 22:51:25 - [MESSAGE][PASSED] - Current window maximized

2024-07-12 22:51:25 - [MESSAGE][PASSED] - Object 'Object Repository/Login_Page/Login_Username_Okta' is present

2024-07-12 22:51:26 - [MESSAGE][PASSED] - Text 'iahmed' is set on object 'Object Repository/Login_Page/Login_Username_Okta'

2024-07-12 22:51:27 - [MESSAGE][PASSED] - Text 'Hello!6666666' is set on object 'Object Repository/Login_Page/Login_Password_Okta'

2024-07-12 22:51:27 - [MESSAGE][PASSED] - Object: 'Object Repository/Login_Page/Login_Submit_Okta' is clicked on

2024-07-12 22:51:27 - [MESSAGE][PASSED] - adminSuiteBootstrap.loginFunctionality.login_AdminSuite is PASSED

2024-07-12 22:51:27 - [TEST_STEP][PASSED] - click(findTestObject(path_Dashboard + appName)): Object: 'Object Repository/AdminSuiteBootstrap_Pages/Dashboard_Bootstrap/a_Access AutoDualCFtpQA' is clicked on

2024-07-12 22:51:35 - [MESSAGE][PASSED] - Object: 'Object Repository/AdminSuiteBootstrap_Pages/Dashboard_Bootstrap/a_Access AutoDualCFtpQA' is clicked on

2024-07-12 22:51:35 - [TEST_STEP][PASSED] - click(findTestObject(path_VT + "button_Authorization  Capture (Sale)")): Object: 'Object Repository/AdminSuiteBootstrap_Pages/VT_Bootstrap/IssueTransactions/button_Authorization  Capture (Sale)' is clicked on

2024-07-12 22:51:36 - [MESSAGE][PASSED] - Object: 'Object Repository/AdminSuiteBootstrap_Pages/VT_Bootstrap/IssueTransactions/button_Authorization  Capture (Sale)' is clicked on

2024-07-12 22:51:36 - [TEST_STEP][PASSED] - saleKeyboardEntryLink = modifyObjectProperty(findTestObject(path_VT + "a_KeyboardEntry_Sale"), "href", "equals", hrefAppID, true): Modify property of object successfully

2024-07-12 22:51:36 - [MESSAGE][PASSED] - Modify property of object successfully

2024-07-12 22:51:36 - [TEST_STEP][PASSED] - click(saleKeyboardEntryLink): Object: 'Object Repository/AdminSuiteBootstrap_Pages/VT_Bootstrap/IssueTransactions/a_KeyboardEntry_Sale' is clicked on

2024-07-12 22:51:37 - [MESSAGE][PASSED] - Object: 'Object Repository/AdminSuiteBootstrap_Pages/VT_Bootstrap/IssueTransactions/a_KeyboardEntry_Sale' is clicked on

2024-07-12 22:51:37 - [TEST_STEP][PASSED] - adminSuiteBootstrap.virtualTerminalSetData.saleKeyboard_DataDriven(row, dataFile): adminSuiteBootstrap.virtualTerminalSetData.saleKeyboard_DataDriven is PASSED

2024-07-12 22:51:40 - [MESSAGE][PASSED] - Text 'Janaki James' is set on object 'Object Repository/AdminSuiteBootstrap_Pages/VT_Bootstrap/SaleKeyboard/input_cardName'

2024-07-12 22:51:41 - [MESSAGE][PASSED] - All options with value 'MOTO' are selected in object 'Object Repository/AdminSuiteBootstrap_Pages/VT_Bootstrap/SaleKeyboard/select_transactionCategory'  using regular expression

2024-07-12 22:51:42 - [MESSAGE][PASSED] - Execute JavaScript 'arguments[0].value ='4012000098765439' ' successfully

2024-07-12 22:51:42 - [MESSAGE][PASSED] - Execute JavaScript 'arguments[0].value ='123' ' successfully

2024-07-12 22:51:43 - [MESSAGE][PASSED] - All options with value '12' are selected in object 'Object Repository/AdminSuiteBootstrap_Pages/VT_Bootstrap/SaleKeyboard/select_MM'  using regular expression

2024-07-12 22:51:45 - [MESSAGE][PASSED] - All options with value '2025' are selected in object 'Object Repository/AdminSuiteBootstrap_Pages/VT_Bootstrap/SaleKeyboard/select_YYYY'  using regular expression

2024-07-12 22:51:45 - [MESSAGE][PASSED] - Text '36 Cornor Road' is set on object 'Object Repository/AdminSuiteBootstrap_Pages/VT_Bootstrap/SaleKeyboard/input__address'

2024-07-12 22:51:46 - [MESSAGE][PASSED] - Text 'Suite 500' is set on object 'Object Repository/AdminSuiteBootstrap_Pages/VT_Bootstrap/SaleKeyboard/input__address2'

2024-07-12 22:51:47 - [MESSAGE][PASSED] - Text '22201' is set on object 'Object Repository/AdminSuiteBootstrap_Pages/VT_Bootstrap/SaleKeyboard/input__zip'

2024-07-12 22:51:47 - [MESSAGE][PASSED] - Text '' is set on object 'Object Repository/AdminSuiteBootstrap_Pages/VT_Bootstrap/SaleKeyboard/input_emailAddress'

2024-07-12 22:51:49 - [MESSAGE][PASSED] - Text '' is set on object 'Object Repository/AdminSuiteBootstrap_Pages/VT_Bootstrap/SaleKeyboard/input_smsNumber'

2024-07-12 22:51:50 - [MESSAGE][PASSED] - Text '10.50' is set on object 'Object Repository/AdminSuiteBootstrap_Pages/VT_Bootstrap/SaleKeyboard/input_amount'

2024-07-12 22:51:51 - [MESSAGE][PASSED] - Text 'Australia' is set on object 'Object Repository/AdminSuiteBootstrap_Pages/VT_Bootstrap/SaleKeyboard/input_userDefined1'

2024-07-12 22:51:51 - [MESSAGE][PASSED] - Text 'Denmark' is set on object 'Object Repository/AdminSuiteBootstrap_Pages/VT_Bootstrap/SaleKeyboard/input_userDefined2'

2024-07-12 22:51:52 - [MESSAGE][PASSED] - Text 'Sweden' is set on object 'Object Repository/AdminSuiteBootstrap_Pages/VT_Bootstrap/SaleKeyboard/input_userDefined3'

2024-07-12 22:51:53 - [MESSAGE][PASSED] - Text 'Austria' is set on object 'Object Repository/AdminSuiteBootstrap_Pages/VT_Bootstrap/SaleKeyboard/input_userDefined4'

2024-07-12 22:51:54 - [MESSAGE][PASSED] - All options with label 'Orange' are selected in object 'Object Repository/AdminSuiteBootstrap_Pages/VT_Bootstrap/SaleKeyboard/select_UDF5_DropDown'  using regular expression

2024-07-12 22:51:55 - [MESSAGE][PASSED] - All options with label 'Yellow' are selected in object 'Object Repository/AdminSuiteBootstrap_Pages/VT_Bootstrap/SaleKeyboard/select_UDF6_DropDown'  using regular expression

2024-07-12 22:51:55 - [MESSAGE][PASSED] - Text 'Norway' is set on object 'Object Repository/AdminSuiteBootstrap_Pages/VT_Bootstrap/SaleKeyboard/input_userDefined7'

2024-07-12 22:51:56 - [MESSAGE][PASSED] - Text 'Netherlands' is set on object 'Object Repository/AdminSuiteBootstrap_Pages/VT_Bootstrap/SaleKeyboard/input_userDefined8'

2024-07-12 22:51:57 - [MESSAGE][PASSED] - Text 'Switzerland' is set on object 'Object Repository/AdminSuiteBootstrap_Pages/VT_Bootstrap/SaleKeyboard/input_userDefined9'

2024-07-12 22:51:58 - [MESSAGE][PASSED] - Text 'France' is set on object 'Object Repository/AdminSuiteBootstrap_Pages/VT_Bootstrap/SaleKeyboard/input_userDefined10'

2024-07-12 22:51:59 - [MESSAGE][PASSED] - Object: 'Object Repository/AdminSuiteBootstrap_Pages/VT_Bootstrap/SaleKeyboard/button_Submit' is clicked on

2024-07-12 22:51:59 - [MESSAGE][PASSED] - adminSuiteBootstrap.virtualTerminalSetData.saleKeyboard_DataDriven is PASSED

2024-07-12 22:51:59 - [TEST_STEP][PASSED] - if (verifyTextPresent("Transaction Successful", true)): null

2024-07-12 22:52:00 - [MESSAGE][PASSED] - Text 'Transaction Successful' is present on page  using regular expression

2024-07-12 22:52:00 - [TEST_STEP][PASSED] - sdf = getText(findTestObject(path_Receipt + "td_AutoNoC031622113752957Ahm")): Text of object 'Object Repository/AdminSuiteBootstrap_Pages/VT_Bootstrap/Receipt/td_AutoNoC031622113752957Ahm' is: 'AutoDua071224224428003Ahm'

2024-07-12 22:52:00 - [MESSAGE][PASSED] - Text of object 'Object Repository/AdminSuiteBootstrap_Pages/VT_Bootstrap/Receipt/td_AutoNoC031622113752957Ahm' is: 'AutoDua071224224428003Ahm'

2024-07-12 22:52:00 - [TEST_STEP][PASSED] - out.println("sdf: " + sdf): null

2024-07-12 22:52:00 - [TEST_STEP][PASSED] - remID = sdf: null

2024-07-12 22:52:00 - [TEST_STEP][PASSED] - out.println("remID: " + remID): null

2024-07-12 22:52:00 - [TEST_STEP][PASSED] - click(findTestObject(path_Receipt + "button_Continue")): Object: 'Object Repository/AdminSuiteBootstrap_Pages/VT_Bootstrap/Receipt/button_Continue' is clicked on

2024-07-12 22:52:01 - [MESSAGE][PASSED] - Object: 'Object Repository/AdminSuiteBootstrap_Pages/VT_Bootstrap/Receipt/button_Continue' is clicked on

2024-07-12 22:52:01 - [TEST_STEP][PASSED] - click(findTestObject(path_VT + "a_Search Transactions")): Object: 'Object Repository/AdminSuiteBootstrap_Pages/VT_Bootstrap/IssueTransactions/a_Search Transactions' is clicked on

2024-07-12 22:52:02 - [MESSAGE][PASSED] - Object: 'Object Repository/AdminSuiteBootstrap_Pages/VT_Bootstrap/IssueTransactions/a_Search Transactions' is clicked on

2024-07-12 22:52:02 - [TEST_STEP][PASSED] - setText(findTestObject(path_CCSearch + "input_Search By_searchValue"), remID): Text 'AutoDua071224224428003Ahm' is set on object 'Object Repository/AdminSuiteBootstrap_Pages/VT_Bootstrap/CCCreditOrVoidSearch/input_Search By_searchValue'

2024-07-12 22:52:03 - [MESSAGE][PASSED] - Text 'AutoDua071224224428003Ahm' is set on object 'Object Repository/AdminSuiteBootstrap_Pages/VT_Bootstrap/CCCreditOrVoidSearch/input_Search By_searchValue'

2024-07-12 22:52:03 - [TEST_STEP][PASSED] - click(findTestObject(path_CCSearch + "button_Submit")): Object: 'Object Repository/AdminSuiteBootstrap_Pages/VT_Bootstrap/CCCreditOrVoidSearch/button_Submit' is clicked on

2024-07-12 22:52:04 - [MESSAGE][PASSED] - Object: 'Object Repository/AdminSuiteBootstrap_Pages/VT_Bootstrap/CCCreditOrVoidSearch/button_Submit' is clicked on

2024-07-12 22:52:04 - [TEST_STEP][PASSED] - fgr = getText(findTestObject(path_SearchResults + "div_Payment ID")): Text of object 'Object Repository/AdminSuiteBootstrap_Pages/VT_Bootstrap/SearchResults/div_Payment ID' is: 'Payment ID
Payment Type
Transaction Type
Remittance ID
Name
Total Amount
End Date
Status
12154804 Credit Card Authorization and Capture AutoDua071224224428003Ahm Janaki James $10.50 07/12/2024 Success'

2024-07-12 22:52:04 - [MESSAGE][PASSED] - Text of object 'Object Repository/AdminSuiteBootstrap_Pages/VT_Bootstrap/SearchResults/div_Payment ID' is: 'Payment ID
Payment Type
Transaction Type
Remittance ID
Name
Total Amount
End Date
Status
12154804 Credit Card Authorization and Capture AutoDua071224224428003Ahm Janaki James $10.50 07/12/2024 Success'

2024-07-12 22:52:04 - [TEST_STEP][PASSED] - payID = substring(89, 98).trim(): null

2024-07-12 22:52:04 - [TEST_STEP][PASSED] - out.println("payID: " + payID): null

2024-07-12 22:52:04 - [TEST_STEP][PASSED] - click(findTestObject(path_SearchResults + "button_PaymentID")): Object: 'Object Repository/AdminSuiteBootstrap_Pages/VT_Bootstrap/SearchResults/button_PaymentID' is clicked on

2024-07-12 22:52:05 - [MESSAGE][PASSED] - Object: 'Object Repository/AdminSuiteBootstrap_Pages/VT_Bootstrap/SearchResults/button_PaymentID' is clicked on

2024-07-12 22:52:05 - [TEST_STEP][PASSED] - verifyTextPresent("Tender Type", true): Text 'Tender Type' is present on page  using regular expression

2024-07-12 22:52:06 - [MESSAGE][PASSED] - Text 'Tender Type' is present on page  using regular expression

2024-07-12 22:52:06 - [TEST_STEP][PASSED] - verifyTextPresent("Credit Card", true): Text 'Credit Card' is present on page  using regular expression

2024-07-12 22:52:06 - [MESSAGE][PASSED] - Text 'Credit Card' is present on page  using regular expression

2024-07-12 22:52:06 - [TEST_STEP][PASSED] - verifyTextPresent("Transaction Type", true): Text 'Transaction Type' is present on page  using regular expression

2024-07-12 22:52:06 - [MESSAGE][PASSED] - Text 'Transaction Type' is present on page  using regular expression

2024-07-12 22:52:06 - [TEST_STEP][PASSED] - verifyTextPresent("Authorization and Capture", true): Text 'Authorization and Capture' is present on page  using regular expression

2024-07-12 22:52:07 - [MESSAGE][PASSED] - Text 'Authorization and Capture' is present on page  using regular expression

2024-07-12 22:52:07 - [TEST_STEP][PASSED] - verifyTextPresent("Transaction Posted by", true): Text 'Transaction Posted by' is present on page  using regular expression

2024-07-12 22:52:07 - [MESSAGE][PASSED] - Text 'Transaction Posted by' is present on page  using regular expression

2024-07-12 22:52:07 - [TEST_STEP][PASSED] - verifyTextPresent("iahmed", true): Text 'iahmed' is present on page  using regular expression

2024-07-12 22:52:07 - [MESSAGE][PASSED] - Text 'iahmed' is present on page  using regular expression

2024-07-12 22:52:07 - [TEST_STEP][PASSED] - click(findTestObject(path_TranxDetails + "a_Credit this transaction")): Object: 'Object Repository/AdminSuiteBootstrap_Pages/VT_Bootstrap/TransactionDetails/a_Credit this transaction' is clicked on

2024-07-12 22:52:08 - [MESSAGE][PASSED] - Object: 'Object Repository/AdminSuiteBootstrap_Pages/VT_Bootstrap/TransactionDetails/a_Credit this transaction' is clicked on

2024-07-12 22:52:08 - [TEST_STEP][PASSED] - verifyTextPresent("Credit Card Credit", true): Text 'Credit Card Credit' is present on page  using regular expression

2024-07-12 22:52:09 - [MESSAGE][PASSED] - Text 'Credit Card Credit' is present on page  using regular expression

2024-07-12 22:52:09 - [TEST_STEP][PASSED] - click(findTestObject(path_TranxDetails + "button_Submit")): Object: 'Object Repository/AdminSuiteBootstrap_Pages/VT_Bootstrap/TransactionDetails/button_Submit' is clicked on

2024-07-12 22:52:10 - [MESSAGE][PASSED] - Object: 'Object Repository/AdminSuiteBootstrap_Pages/VT_Bootstrap/TransactionDetails/button_Submit' is clicked on

2024-07-12 22:52:10 - [TEST_STEP][PASSED] - verifyTextPresent("Transaction Successful", true): Text 'Transaction Successful' is present on page  using regular expression

2024-07-12 22:52:11 - [MESSAGE][PASSED] - Text 'Transaction Successful' is present on page  using regular expression

2024-07-12 22:52:11 - [TEST_STEP][PASSED] - verifyTextPresent("Transaction Type", true): Text 'Transaction Type' is present on page  using regular expression

2024-07-12 22:52:11 - [MESSAGE][PASSED] - Text 'Transaction Type' is present on page  using regular expression

2024-07-12 22:52:11 - [TEST_STEP][PASSED] - verifyTextPresent("Credit", true): Text 'Credit' is present on page  using regular expression

2024-07-12 22:52:12 - [MESSAGE][PASSED] - Text 'Credit' is present on page  using regular expression

2024-07-12 22:52:12 - [TEST_STEP][PASSED] - closeBrowser(): Browser is closed

2024-07-12 22:52:13 - [MESSAGE][PASSED] - Browser is closed

2024-07-12 22:52:13 - [TEST_STEP][PASSED] - ExecuteTC = findTestData(dataFile).getValue("Execute", row): null

2024-07-12 22:52:13 - [TEST_STEP][PASSED] - out.println("Value of Execute is : " + ExecuteTC): null

2024-07-12 22:52:13 - [TEST_STEP][PASSED] - switch (executionProfile): null

2024-07-12 22:52:13 - [TEST_STEP][PASSED] - case "QA2Profile":: null

2024-07-12 22:52:13 - [TEST_STEP][PASSED] - appName = findTestData(dataFile).getValue("AppNameQA", row): null

2024-07-12 22:52:13 - [TEST_STEP][PASSED] - appID = findTestData(dataFile).getValue("AppIDQA", row): null

2024-07-12 22:52:13 - [TEST_STEP][PASSED] - break: null

2024-07-12 22:52:13 - [TEST_STEP][PASSED] - hrefAppID = li_1 + appID + li_2: null

2024-07-12 22:52:13 - [TEST_STEP][PASSED] - hrefApp = li_1 + appID + "/": null

2024-07-12 22:52:13 - [TEST_STEP][PASSED] - println("hrefApp : " + hrefApp): null

2024-07-12 22:52:13 - [TEST_STEP][PASSED] - if (ExecuteTC.equalsIgnoreCase("Y")): null

2024-07-12 22:52:13 - [TEST_STEP][PASSED] - out.println("Begin Record Number: " + row): null

2024-07-12 22:52:13 - [TEST_STEP][PASSED] - today = new java.util.Date(): null

2024-07-12 22:52:13 - [TEST_STEP][PASSED] - println(today): null

2024-07-12 22:52:13 - [TEST_STEP][PASSED] - datText = today: null

2024-07-12 22:52:13 - [TEST_STEP][PASSED] - adminSuiteBootstrap.loginFunctionality.login_AdminSuite(): adminSuiteBootstrap.loginFunctionality.login_AdminSuite is PASSED

2024-07-12 22:52:13 - [MESSAGE][INFO] - Starting 'Chrome' driver

2024-07-12 22:52:13 - [MESSAGE][INFO] - User set preference: ['acceptInsecureCerts', 'true']

2024-07-12 22:52:13 - [MESSAGE][INFO] - Action delay is set to 0 milliseconds

2024-07-12 22:52:15 - [MESSAGE][PASSED] - Browser is opened with url: 'https://qa2.velocitypayment.com/admin/imtiaz'

2024-07-12 22:52:16 - [MESSAGE][PASSED] - Current window maximized

2024-07-12 22:52:17 - [MESSAGE][PASSED] - Object 'Object Repository/Login_Page/Login_Username_Okta' is present

2024-07-12 22:52:17 - [MESSAGE][PASSED] - Text 'iahmed' is set on object 'Object Repository/Login_Page/Login_Username_Okta'

2024-07-12 22:52:18 - [MESSAGE][PASSED] - Text 'Hello!6666666' is set on object 'Object Repository/Login_Page/Login_Password_Okta'

2024-07-12 22:52:19 - [MESSAGE][PASSED] - Object: 'Object Repository/Login_Page/Login_Submit_Okta' is clicked on

2024-07-12 22:52:19 - [MESSAGE][PASSED] - adminSuiteBootstrap.loginFunctionality.login_AdminSuite is PASSED

2024-07-12 22:52:19 - [TEST_STEP][PASSED] - click(findTestObject(path_Dashboard + appName)): Object: 'Object Repository/AdminSuiteBootstrap_Pages/Dashboard_Bootstrap/a_Access AutoDualCFtpQA' is clicked on

2024-07-12 22:52:27 - [MESSAGE][PASSED] - Object: 'Object Repository/AdminSuiteBootstrap_Pages/Dashboard_Bootstrap/a_Access AutoDualCFtpQA' is clicked on

2024-07-12 22:52:27 - [TEST_STEP][PASSED] - click(findTestObject(path_VT + "button_Authorization  Capture (Sale)")): Object: 'Object Repository/AdminSuiteBootstrap_Pages/VT_Bootstrap/IssueTransactions/button_Authorization  Capture (Sale)' is clicked on

2024-07-12 22:52:27 - [MESSAGE][PASSED] - Object: 'Object Repository/AdminSuiteBootstrap_Pages/VT_Bootstrap/IssueTransactions/button_Authorization  Capture (Sale)' is clicked on

2024-07-12 22:52:27 - [TEST_STEP][PASSED] - saleKeyboardEntryLink = modifyObjectProperty(findTestObject(path_VT + "a_KeyboardEntry_Sale"), "href", "equals", hrefAppID, true): Modify property of object successfully

2024-07-12 22:52:27 - [MESSAGE][PASSED] - Modify property of object successfully

2024-07-12 22:52:27 - [TEST_STEP][PASSED] - click(saleKeyboardEntryLink): Object: 'Object Repository/AdminSuiteBootstrap_Pages/VT_Bootstrap/IssueTransactions/a_KeyboardEntry_Sale' is clicked on

2024-07-12 22:52:28 - [MESSAGE][PASSED] - Object: 'Object Repository/AdminSuiteBootstrap_Pages/VT_Bootstrap/IssueTransactions/a_KeyboardEntry_Sale' is clicked on

2024-07-12 22:52:28 - [TEST_STEP][PASSED] - adminSuiteBootstrap.virtualTerminalSetData.saleKeyboard_DataDriven(row, dataFile): adminSuiteBootstrap.virtualTerminalSetData.saleKeyboard_DataDriven is PASSED

2024-07-12 22:52:32 - [MESSAGE][PASSED] - Text 'Janaki James' is set on object 'Object Repository/AdminSuiteBootstrap_Pages/VT_Bootstrap/SaleKeyboard/input_cardName'

2024-07-12 22:52:33 - [MESSAGE][PASSED] - All options with value 'MOTO' are selected in object 'Object Repository/AdminSuiteBootstrap_Pages/VT_Bootstrap/SaleKeyboard/select_transactionCategory'  using regular expression

2024-07-12 22:52:33 - [MESSAGE][PASSED] - Execute JavaScript 'arguments[0].value ='5146312200000035' ' successfully

2024-07-12 22:52:34 - [MESSAGE][PASSED] - Execute JavaScript 'arguments[0].value ='123' ' successfully

2024-07-12 22:52:35 - [MESSAGE][PASSED] - All options with value '12' are selected in object 'Object Repository/AdminSuiteBootstrap_Pages/VT_Bootstrap/SaleKeyboard/select_MM'  using regular expression

2024-07-12 22:52:36 - [MESSAGE][PASSED] - All options with value '2025' are selected in object 'Object Repository/AdminSuiteBootstrap_Pages/VT_Bootstrap/SaleKeyboard/select_YYYY'  using regular expression

2024-07-12 22:52:37 - [MESSAGE][PASSED] - Text '1478 Jhatka Palace' is set on object 'Object Repository/AdminSuiteBootstrap_Pages/VT_Bootstrap/SaleKeyboard/input__address'

2024-07-12 22:52:37 - [MESSAGE][PASSED] - Text 'Suite 500' is set on object 'Object Repository/AdminSuiteBootstrap_Pages/VT_Bootstrap/SaleKeyboard/input__address2'

2024-07-12 22:52:38 - [MESSAGE][PASSED] - Text '22201' is set on object 'Object Repository/AdminSuiteBootstrap_Pages/VT_Bootstrap/SaleKeyboard/input__zip'

2024-07-12 22:52:39 - [MESSAGE][PASSED] - Text '' is set on object 'Object Repository/AdminSuiteBootstrap_Pages/VT_Bootstrap/SaleKeyboard/input_emailAddress'

2024-07-12 22:52:40 - [MESSAGE][PASSED] - Text '' is set on object 'Object Repository/AdminSuiteBootstrap_Pages/VT_Bootstrap/SaleKeyboard/input_smsNumber'

2024-07-12 22:52:41 - [MESSAGE][PASSED] - Text '10.50' is set on object 'Object Repository/AdminSuiteBootstrap_Pages/VT_Bootstrap/SaleKeyboard/input_amount'

2024-07-12 22:52:42 - [MESSAGE][PASSED] - Text 'Australia' is set on object 'Object Repository/AdminSuiteBootstrap_Pages/VT_Bootstrap/SaleKeyboard/input_userDefined1'

2024-07-12 22:52:43 - [MESSAGE][PASSED] - Text 'Denmark' is set on object 'Object Repository/AdminSuiteBootstrap_Pages/VT_Bootstrap/SaleKeyboard/input_userDefined2'

2024-07-12 22:52:43 - [MESSAGE][PASSED] - Text 'Sweden' is set on object 'Object Repository/AdminSuiteBootstrap_Pages/VT_Bootstrap/SaleKeyboard/input_userDefined3'

2024-07-12 22:52:44 - [MESSAGE][PASSED] - Text 'Austria' is set on object 'Object Repository/AdminSuiteBootstrap_Pages/VT_Bootstrap/SaleKeyboard/input_userDefined4'

2024-07-12 22:52:45 - [MESSAGE][PASSED] - All options with label 'Orange' are selected in object 'Object Repository/AdminSuiteBootstrap_Pages/VT_Bootstrap/SaleKeyboard/select_UDF5_DropDown'  using regular expression

2024-07-12 22:52:46 - [MESSAGE][PASSED] - All options with label 'Yellow' are selected in object 'Object Repository/AdminSuiteBootstrap_Pages/VT_Bootstrap/SaleKeyboard/select_UDF6_DropDown'  using regular expression

2024-07-12 22:52:47 - [MESSAGE][PASSED] - Text 'Norway' is set on object 'Object Repository/AdminSuiteBootstrap_Pages/VT_Bootstrap/SaleKeyboard/input_userDefined7'

2024-07-12 22:52:48 - [MESSAGE][PASSED] - Text 'Netherlands' is set on object 'Object Repository/AdminSuiteBootstrap_Pages/VT_Bootstrap/SaleKeyboard/input_userDefined8'

2024-07-12 22:52:48 - [MESSAGE][PASSED] - Text 'Switzerland' is set on object 'Object Repository/AdminSuiteBootstrap_Pages/VT_Bootstrap/SaleKeyboard/input_userDefined9'

2024-07-12 22:52:49 - [MESSAGE][PASSED] - Text 'France' is set on object 'Object Repository/AdminSuiteBootstrap_Pages/VT_Bootstrap/SaleKeyboard/input_userDefined10'

2024-07-12 22:52:51 - [MESSAGE][PASSED] - Object: 'Object Repository/AdminSuiteBootstrap_Pages/VT_Bootstrap/SaleKeyboard/button_Submit' is clicked on

2024-07-12 22:52:51 - [MESSAGE][PASSED] - adminSuiteBootstrap.virtualTerminalSetData.saleKeyboard_DataDriven is PASSED

2024-07-12 22:52:51 - [TEST_STEP][PASSED] - if (verifyTextPresent("Transaction Successful", true)): null

2024-07-12 22:52:51 - [MESSAGE][PASSED] - Text 'Transaction Successful' is present on page  using regular expression

2024-07-12 22:52:51 - [TEST_STEP][PASSED] - sdf = getText(findTestObject(path_Receipt + "td_AutoNoC031622113752957Ahm")): Text of object 'Object Repository/AdminSuiteBootstrap_Pages/VT_Bootstrap/Receipt/td_AutoNoC031622113752957Ahm' is: 'AutoDua071224224519460Ahm'

2024-07-12 22:52:51 - [MESSAGE][PASSED] - Text of object 'Object Repository/AdminSuiteBootstrap_Pages/VT_Bootstrap/Receipt/td_AutoNoC031622113752957Ahm' is: 'AutoDua071224224519460Ahm'

2024-07-12 22:52:51 - [TEST_STEP][PASSED] - out.println("sdf: " + sdf): null

2024-07-12 22:52:51 - [TEST_STEP][PASSED] - remID = sdf: null

2024-07-12 22:52:51 - [TEST_STEP][PASSED] - out.println("remID: " + remID): null

2024-07-12 22:52:51 - [TEST_STEP][PASSED] - click(findTestObject(path_Receipt + "button_Continue")): Object: 'Object Repository/AdminSuiteBootstrap_Pages/VT_Bootstrap/Receipt/button_Continue' is clicked on

2024-07-12 22:52:52 - [MESSAGE][PASSED] - Object: 'Object Repository/AdminSuiteBootstrap_Pages/VT_Bootstrap/Receipt/button_Continue' is clicked on

2024-07-12 22:52:52 - [TEST_STEP][PASSED] - click(findTestObject(path_VT + "a_Search Transactions")): Object: 'Object Repository/AdminSuiteBootstrap_Pages/VT_Bootstrap/IssueTransactions/a_Search Transactions' is clicked on

2024-07-12 22:52:53 - [MESSAGE][PASSED] - Object: 'Object Repository/AdminSuiteBootstrap_Pages/VT_Bootstrap/IssueTransactions/a_Search Transactions' is clicked on

2024-07-12 22:52:53 - [TEST_STEP][PASSED] - setText(findTestObject(path_CCSearch + "input_Search By_searchValue"), remID): Text 'AutoDua071224224519460Ahm' is set on object 'Object Repository/AdminSuiteBootstrap_Pages/VT_Bootstrap/CCCreditOrVoidSearch/input_Search By_searchValue'

2024-07-12 22:52:54 - [MESSAGE][PASSED] - Text 'AutoDua071224224519460Ahm' is set on object 'Object Repository/AdminSuiteBootstrap_Pages/VT_Bootstrap/CCCreditOrVoidSearch/input_Search By_searchValue'

2024-07-12 22:52:54 - [TEST_STEP][PASSED] - click(findTestObject(path_CCSearch + "button_Submit")): Object: 'Object Repository/AdminSuiteBootstrap_Pages/VT_Bootstrap/CCCreditOrVoidSearch/button_Submit' is clicked on

2024-07-12 22:52:55 - [MESSAGE][PASSED] - Object: 'Object Repository/AdminSuiteBootstrap_Pages/VT_Bootstrap/CCCreditOrVoidSearch/button_Submit' is clicked on

2024-07-12 22:52:55 - [TEST_STEP][PASSED] - fgr = getText(findTestObject(path_SearchResults + "div_Payment ID")): Text of object 'Object Repository/AdminSuiteBootstrap_Pages/VT_Bootstrap/SearchResults/div_Payment ID' is: 'Payment ID
Payment Type
Transaction Type
Remittance ID
Name
Total Amount
End Date
Status
12154807 Credit Card Authorization and Capture AutoDua071224224519460Ahm Janaki James $10.50 07/12/2024 Success'

2024-07-12 22:52:56 - [MESSAGE][PASSED] - Text of object 'Object Repository/AdminSuiteBootstrap_Pages/VT_Bootstrap/SearchResults/div_Payment ID' is: 'Payment ID
Payment Type
Transaction Type
Remittance ID
Name
Total Amount
End Date
Status
12154807 Credit Card Authorization and Capture AutoDua071224224519460Ahm Janaki James $10.50 07/12/2024 Success'

2024-07-12 22:52:56 - [TEST_STEP][PASSED] - payID = substring(89, 98).trim(): null

2024-07-12 22:52:56 - [TEST_STEP][PASSED] - out.println("payID: " + payID): null

2024-07-12 22:52:56 - [TEST_STEP][PASSED] - click(findTestObject(path_SearchResults + "button_PaymentID")): Object: 'Object Repository/AdminSuiteBootstrap_Pages/VT_Bootstrap/SearchResults/button_PaymentID' is clicked on

2024-07-12 22:52:56 - [MESSAGE][PASSED] - Object: 'Object Repository/AdminSuiteBootstrap_Pages/VT_Bootstrap/SearchResults/button_PaymentID' is clicked on

2024-07-12 22:52:56 - [TEST_STEP][PASSED] - verifyTextPresent("Tender Type", true): Text 'Tender Type' is present on page  using regular expression

2024-07-12 22:52:57 - [MESSAGE][PASSED] - Text 'Tender Type' is present on page  using regular expression

2024-07-12 22:52:57 - [TEST_STEP][PASSED] - verifyTextPresent("Credit Card", true): Text 'Credit Card' is present on page  using regular expression

2024-07-12 22:52:57 - [MESSAGE][PASSED] - Text 'Credit Card' is present on page  using regular expression

2024-07-12 22:52:57 - [TEST_STEP][PASSED] - verifyTextPresent("Transaction Type", true): Text 'Transaction Type' is present on page  using regular expression

2024-07-12 22:52:58 - [MESSAGE][PASSED] - Text 'Transaction Type' is present on page  using regular expression

2024-07-12 22:52:58 - [TEST_STEP][PASSED] - verifyTextPresent("Authorization and Capture", true): Text 'Authorization and Capture' is present on page  using regular expression

2024-07-12 22:52:58 - [MESSAGE][PASSED] - Text 'Authorization and Capture' is present on page  using regular expression

2024-07-12 22:52:58 - [TEST_STEP][PASSED] - verifyTextPresent("Transaction Posted by", true): Text 'Transaction Posted by' is present on page  using regular expression

2024-07-12 22:52:58 - [MESSAGE][PASSED] - Text 'Transaction Posted by' is present on page  using regular expression

2024-07-12 22:52:58 - [TEST_STEP][PASSED] - verifyTextPresent("iahmed", true): Text 'iahmed' is present on page  using regular expression

2024-07-12 22:52:59 - [MESSAGE][PASSED] - Text 'iahmed' is present on page  using regular expression

2024-07-12 22:52:59 - [TEST_STEP][PASSED] - click(findTestObject(path_TranxDetails + "a_Credit this transaction")): Object: 'Object Repository/AdminSuiteBootstrap_Pages/VT_Bootstrap/TransactionDetails/a_Credit this transaction' is clicked on

2024-07-12 22:53:00 - [MESSAGE][PASSED] - Object: 'Object Repository/AdminSuiteBootstrap_Pages/VT_Bootstrap/TransactionDetails/a_Credit this transaction' is clicked on

2024-07-12 22:53:00 - [TEST_STEP][PASSED] - verifyTextPresent("Credit Card Credit", true): Text 'Credit Card Credit' is present on page  using regular expression

2024-07-12 22:53:00 - [MESSAGE][PASSED] - Text 'Credit Card Credit' is present on page  using regular expression

2024-07-12 22:53:00 - [TEST_STEP][PASSED] - click(findTestObject(path_TranxDetails + "button_Submit")): Object: 'Object Repository/AdminSuiteBootstrap_Pages/VT_Bootstrap/TransactionDetails/button_Submit' is clicked on

2024-07-12 22:53:02 - [MESSAGE][PASSED] - Object: 'Object Repository/AdminSuiteBootstrap_Pages/VT_Bootstrap/TransactionDetails/button_Submit' is clicked on

2024-07-12 22:53:02 - [TEST_STEP][PASSED] - verifyTextPresent("Transaction Successful", true): Text 'Transaction Successful' is present on page  using regular expression

2024-07-12 22:53:02 - [MESSAGE][PASSED] - Text 'Transaction Successful' is present on page  using regular expression

2024-07-12 22:53:02 - [TEST_STEP][PASSED] - verifyTextPresent("Transaction Type", true): Text 'Transaction Type' is present on page  using regular expression

2024-07-12 22:53:03 - [MESSAGE][PASSED] - Text 'Transaction Type' is present on page  using regular expression

2024-07-12 22:53:03 - [TEST_STEP][PASSED] - verifyTextPresent("Credit", true): Text 'Credit' is present on page  using regular expression

2024-07-12 22:53:03 - [MESSAGE][PASSED] - Text 'Credit' is present on page  using regular expression

2024-07-12 22:53:03 - [TEST_STEP][PASSED] - closeBrowser(): Browser is closed

2024-07-12 22:53:04 - [MESSAGE][PASSED] - Browser is closed

2024-07-12 22:53:04 - [TEST_STEP][PASSED] - ExecuteTC = findTestData(dataFile).getValue("Execute", row): null

2024-07-12 22:53:04 - [TEST_STEP][PASSED] - out.println("Value of Execute is : " + ExecuteTC): null

2024-07-12 22:53:04 - [TEST_STEP][PASSED] - switch (executionProfile): null

2024-07-12 22:53:04 - [TEST_STEP][PASSED] - case "QA2Profile":: null

2024-07-12 22:53:04 - [TEST_STEP][PASSED] - appName = findTestData(dataFile).getValue("AppNameQA", row): null

2024-07-12 22:53:04 - [TEST_STEP][PASSED] - appID = findTestData(dataFile).getValue("AppIDQA", row): null

2024-07-12 22:53:04 - [TEST_STEP][PASSED] - break: null

2024-07-12 22:53:04 - [TEST_STEP][PASSED] - hrefAppID = li_1 + appID + li_2: null

2024-07-12 22:53:04 - [TEST_STEP][PASSED] - hrefApp = li_1 + appID + "/": null

2024-07-12 22:53:04 - [TEST_STEP][PASSED] - println("hrefApp : " + hrefApp): null

2024-07-12 22:53:04 - [TEST_STEP][PASSED] - if (ExecuteTC.equalsIgnoreCase("Y")): null

2024-07-12 22:53:04 - [TEST_STEP][PASSED] - out.println("Begin Record Number: " + row): null

2024-07-12 22:53:04 - [TEST_STEP][PASSED] - today = new java.util.Date(): null

2024-07-12 22:53:04 - [TEST_STEP][PASSED] - println(today): null

2024-07-12 22:53:04 - [TEST_STEP][PASSED] - datText = today: null

2024-07-12 22:53:04 - [TEST_STEP][PASSED] - adminSuiteBootstrap.loginFunctionality.login_AdminSuite(): adminSuiteBootstrap.loginFunctionality.login_AdminSuite is PASSED

2024-07-12 22:53:04 - [MESSAGE][INFO] - Starting 'Chrome' driver

2024-07-12 22:53:04 - [MESSAGE][INFO] - User set preference: ['acceptInsecureCerts', 'true']

2024-07-12 22:53:04 - [MESSAGE][INFO] - Action delay is set to 0 milliseconds

2024-07-12 22:53:07 - [MESSAGE][PASSED] - Browser is opened with url: 'https://qa2.velocitypayment.com/admin/imtiaz'

2024-07-12 22:53:07 - [MESSAGE][PASSED] - Current window maximized

2024-07-12 22:53:08 - [MESSAGE][PASSED] - Object 'Object Repository/Login_Page/Login_Username_Okta' is present

2024-07-12 22:53:09 - [MESSAGE][PASSED] - Text 'iahmed' is set on object 'Object Repository/Login_Page/Login_Username_Okta'

2024-07-12 22:53:09 - [MESSAGE][PASSED] - Text 'Hello!6666666' is set on object 'Object Repository/Login_Page/Login_Password_Okta'

2024-07-12 22:53:10 - [MESSAGE][PASSED] - Object: 'Object Repository/Login_Page/Login_Submit_Okta' is clicked on

2024-07-12 22:53:10 - [MESSAGE][PASSED] - adminSuiteBootstrap.loginFunctionality.login_AdminSuite is PASSED

2024-07-12 22:53:10 - [TEST_STEP][PASSED] - click(findTestObject(path_Dashboard + appName)): Object: 'Object Repository/AdminSuiteBootstrap_Pages/Dashboard_Bootstrap/a_Access AutoDualCFtpQA' is clicked on

2024-07-12 22:53:18 - [MESSAGE][PASSED] - Object: 'Object Repository/AdminSuiteBootstrap_Pages/Dashboard_Bootstrap/a_Access AutoDualCFtpQA' is clicked on

2024-07-12 22:53:18 - [TEST_STEP][PASSED] - click(findTestObject(path_VT + "button_Authorization  Capture (Sale)")): Object: 'Object Repository/AdminSuiteBootstrap_Pages/VT_Bootstrap/IssueTransactions/button_Authorization  Capture (Sale)' is clicked on

2024-07-12 22:53:18 - [MESSAGE][PASSED] - Object: 'Object Repository/AdminSuiteBootstrap_Pages/VT_Bootstrap/IssueTransactions/button_Authorization  Capture (Sale)' is clicked on

2024-07-12 22:53:19 - [TEST_STEP][PASSED] - saleKeyboardEntryLink = modifyObjectProperty(findTestObject(path_VT + "a_KeyboardEntry_Sale"), "href", "equals", hrefAppID, true): Modify property of object successfully

2024-07-12 22:53:19 - [MESSAGE][PASSED] - Modify property of object successfully

2024-07-12 22:53:19 - [TEST_STEP][PASSED] - click(saleKeyboardEntryLink): Object: 'Object Repository/AdminSuiteBootstrap_Pages/VT_Bootstrap/IssueTransactions/a_KeyboardEntry_Sale' is clicked on

2024-07-12 22:53:19 - [MESSAGE][PASSED] - Object: 'Object Repository/AdminSuiteBootstrap_Pages/VT_Bootstrap/IssueTransactions/a_KeyboardEntry_Sale' is clicked on

2024-07-12 22:53:19 - [TEST_STEP][PASSED] - adminSuiteBootstrap.virtualTerminalSetData.saleKeyboard_DataDriven(row, dataFile): adminSuiteBootstrap.virtualTerminalSetData.saleKeyboard_DataDriven is PASSED

2024-07-12 22:53:23 - [MESSAGE][PASSED] - Text 'Janaki James' is set on object 'Object Repository/AdminSuiteBootstrap_Pages/VT_Bootstrap/SaleKeyboard/input_cardName'

2024-07-12 22:53:24 - [MESSAGE][PASSED] - All options with value 'MOTO' are selected in object 'Object Repository/AdminSuiteBootstrap_Pages/VT_Bootstrap/SaleKeyboard/select_transactionCategory'  using regular expression

2024-07-12 22:53:24 - [MESSAGE][PASSED] - Execute JavaScript 'arguments[0].value ='371449635392376' ' successfully

2024-07-12 22:53:25 - [MESSAGE][PASSED] - Execute JavaScript 'arguments[0].value ='123' ' successfully

2024-07-12 22:53:26 - [MESSAGE][PASSED] - All options with value '12' are selected in object 'Object Repository/AdminSuiteBootstrap_Pages/VT_Bootstrap/SaleKeyboard/select_MM'  using regular expression

2024-07-12 22:53:27 - [MESSAGE][PASSED] - All options with value '2025' are selected in object 'Object Repository/AdminSuiteBootstrap_Pages/VT_Bootstrap/SaleKeyboard/select_YYYY'  using regular expression

2024-07-12 22:53:28 - [MESSAGE][PASSED] - Text '550 Swan Lake' is set on object 'Object Repository/AdminSuiteBootstrap_Pages/VT_Bootstrap/SaleKeyboard/input__address'

2024-07-12 22:53:28 - [MESSAGE][PASSED] - Text 'Suite 500' is set on object 'Object Repository/AdminSuiteBootstrap_Pages/VT_Bootstrap/SaleKeyboard/input__address2'

2024-07-12 22:53:29 - [MESSAGE][PASSED] - Text '22201' is set on object 'Object Repository/AdminSuiteBootstrap_Pages/VT_Bootstrap/SaleKeyboard/input__zip'

2024-07-12 22:53:30 - [MESSAGE][PASSED] - Text '' is set on object 'Object Repository/AdminSuiteBootstrap_Pages/VT_Bootstrap/SaleKeyboard/input_emailAddress'

2024-07-12 22:53:31 - [MESSAGE][PASSED] - Text '' is set on object 'Object Repository/AdminSuiteBootstrap_Pages/VT_Bootstrap/SaleKeyboard/input_smsNumber'

2024-07-12 22:53:32 - [MESSAGE][PASSED] - Text '10.50' is set on object 'Object Repository/AdminSuiteBootstrap_Pages/VT_Bootstrap/SaleKeyboard/input_amount'

2024-07-12 22:53:33 - [MESSAGE][PASSED] - Text 'Australia' is set on object 'Object Repository/AdminSuiteBootstrap_Pages/VT_Bootstrap/SaleKeyboard/input_userDefined1'

2024-07-12 22:53:34 - [MESSAGE][PASSED] - Text 'Denmark' is set on object 'Object Repository/AdminSuiteBootstrap_Pages/VT_Bootstrap/SaleKeyboard/input_userDefined2'

2024-07-12 22:53:35 - [MESSAGE][PASSED] - Text 'Sweden' is set on object 'Object Repository/AdminSuiteBootstrap_Pages/VT_Bootstrap/SaleKeyboard/input_userDefined3'

2024-07-12 22:53:35 - [MESSAGE][PASSED] - Text 'Austria' is set on object 'Object Repository/AdminSuiteBootstrap_Pages/VT_Bootstrap/SaleKeyboard/input_userDefined4'

2024-07-12 22:53:36 - [MESSAGE][PASSED] - All options with label 'Orange' are selected in object 'Object Repository/AdminSuiteBootstrap_Pages/VT_Bootstrap/SaleKeyboard/select_UDF5_DropDown'  using regular expression

2024-07-12 22:53:37 - [MESSAGE][PASSED] - All options with label 'Yellow' are selected in object 'Object Repository/AdminSuiteBootstrap_Pages/VT_Bootstrap/SaleKeyboard/select_UDF6_DropDown'  using regular expression

2024-07-12 22:53:38 - [MESSAGE][PASSED] - Text 'Norway' is set on object 'Object Repository/AdminSuiteBootstrap_Pages/VT_Bootstrap/SaleKeyboard/input_userDefined7'

2024-07-12 22:53:39 - [MESSAGE][PASSED] - Text 'Netherlands' is set on object 'Object Repository/AdminSuiteBootstrap_Pages/VT_Bootstrap/SaleKeyboard/input_userDefined8'

2024-07-12 22:53:39 - [MESSAGE][PASSED] - Text 'Switzerland' is set on object 'Object Repository/AdminSuiteBootstrap_Pages/VT_Bootstrap/SaleKeyboard/input_userDefined9'

2024-07-12 22:53:40 - [MESSAGE][PASSED] - Text 'France' is set on object 'Object Repository/AdminSuiteBootstrap_Pages/VT_Bootstrap/SaleKeyboard/input_userDefined10'

2024-07-12 22:53:42 - [MESSAGE][PASSED] - Object: 'Object Repository/AdminSuiteBootstrap_Pages/VT_Bootstrap/SaleKeyboard/button_Submit' is clicked on

2024-07-12 22:53:42 - [MESSAGE][PASSED] - adminSuiteBootstrap.virtualTerminalSetData.saleKeyboard_DataDriven is PASSED

2024-07-12 22:53:42 - [TEST_STEP][PASSED] - if (verifyTextPresent("Transaction Successful", true)): null

2024-07-12 22:53:42 - [MESSAGE][PASSED] - Text 'Transaction Successful' is present on page  using regular expression

2024-07-12 22:53:42 - [TEST_STEP][PASSED] - sdf = getText(findTestObject(path_Receipt + "td_AutoNoC031622113752957Ahm")): Text of object 'Object Repository/AdminSuiteBootstrap_Pages/VT_Bootstrap/Receipt/td_AutoNoC031622113752957Ahm' is: 'AutoDua071224224610629Ahm'

2024-07-12 22:53:43 - [MESSAGE][PASSED] - Text of object 'Object Repository/AdminSuiteBootstrap_Pages/VT_Bootstrap/Receipt/td_AutoNoC031622113752957Ahm' is: 'AutoDua071224224610629Ahm'

2024-07-12 22:53:43 - [TEST_STEP][PASSED] - out.println("sdf: " + sdf): null

2024-07-12 22:53:43 - [TEST_STEP][PASSED] - remID = sdf: null

2024-07-12 22:53:43 - [TEST_STEP][PASSED] - out.println("remID: " + remID): null

2024-07-12 22:53:43 - [TEST_STEP][PASSED] - click(findTestObject(path_Receipt + "button_Continue")): Object: 'Object Repository/AdminSuiteBootstrap_Pages/VT_Bootstrap/Receipt/button_Continue' is clicked on

2024-07-12 22:53:43 - [MESSAGE][PASSED] - Object: 'Object Repository/AdminSuiteBootstrap_Pages/VT_Bootstrap/Receipt/button_Continue' is clicked on

2024-07-12 22:53:43 - [TEST_STEP][PASSED] - click(findTestObject(path_VT + "a_Search Transactions")): Object: 'Object Repository/AdminSuiteBootstrap_Pages/VT_Bootstrap/IssueTransactions/a_Search Transactions' is clicked on

2024-07-12 22:53:44 - [MESSAGE][PASSED] - Object: 'Object Repository/AdminSuiteBootstrap_Pages/VT_Bootstrap/IssueTransactions/a_Search Transactions' is clicked on

2024-07-12 22:53:44 - [TEST_STEP][PASSED] - setText(findTestObject(path_CCSearch + "input_Search By_searchValue"), remID): Text 'AutoDua071224224610629Ahm' is set on object 'Object Repository/AdminSuiteBootstrap_Pages/VT_Bootstrap/CCCreditOrVoidSearch/input_Search By_searchValue'

2024-07-12 22:53:45 - [MESSAGE][PASSED] - Text 'AutoDua071224224610629Ahm' is set on object 'Object Repository/AdminSuiteBootstrap_Pages/VT_Bootstrap/CCCreditOrVoidSearch/input_Search By_searchValue'

2024-07-12 22:53:45 - [TEST_STEP][PASSED] - click(findTestObject(path_CCSearch + "button_Submit")): Object: 'Object Repository/AdminSuiteBootstrap_Pages/VT_Bootstrap/CCCreditOrVoidSearch/button_Submit' is clicked on

2024-07-12 22:53:46 - [MESSAGE][PASSED] - Object: 'Object Repository/AdminSuiteBootstrap_Pages/VT_Bootstrap/CCCreditOrVoidSearch/button_Submit' is clicked on

2024-07-12 22:53:46 - [TEST_STEP][PASSED] - fgr = getText(findTestObject(path_SearchResults + "div_Payment ID")): Text of object 'Object Repository/AdminSuiteBootstrap_Pages/VT_Bootstrap/SearchResults/div_Payment ID' is: 'Payment ID
Payment Type
Transaction Type
Remittance ID
Name
Total Amount
End Date
Status
12154810 Credit Card Authorization and Capture AutoDua071224224610629Ahm Janaki James $10.50 07/12/2024 Success'

2024-07-12 22:53:46 - [MESSAGE][PASSED] - Text of object 'Object Repository/AdminSuiteBootstrap_Pages/VT_Bootstrap/SearchResults/div_Payment ID' is: 'Payment ID
Payment Type
Transaction Type
Remittance ID
Name
Total Amount
End Date
Status
12154810 Credit Card Authorization and Capture AutoDua071224224610629Ahm Janaki James $10.50 07/12/2024 Success'

2024-07-12 22:53:46 - [TEST_STEP][PASSED] - payID = substring(89, 98).trim(): null

2024-07-12 22:53:46 - [TEST_STEP][PASSED] - out.println("payID: " + payID): null

2024-07-12 22:53:46 - [TEST_STEP][PASSED] - click(findTestObject(path_SearchResults + "button_PaymentID")): Object: 'Object Repository/AdminSuiteBootstrap_Pages/VT_Bootstrap/SearchResults/button_PaymentID' is clicked on

2024-07-12 22:53:47 - [MESSAGE][PASSED] - Object: 'Object Repository/AdminSuiteBootstrap_Pages/VT_Bootstrap/SearchResults/button_PaymentID' is clicked on

2024-07-12 22:53:47 - [TEST_STEP][PASSED] - verifyTextPresent("Tender Type", true): Text 'Tender Type' is present on page  using regular expression

2024-07-12 22:53:48 - [MESSAGE][PASSED] - Text 'Tender Type' is present on page  using regular expression

2024-07-12 22:53:48 - [TEST_STEP][PASSED] - verifyTextPresent("Credit Card", true): Text 'Credit Card' is present on page  using regular expression

2024-07-12 22:53:48 - [MESSAGE][PASSED] - Text 'Credit Card' is present on page  using regular expression

2024-07-12 22:53:48 - [TEST_STEP][PASSED] - verifyTextPresent("Transaction Type", true): Text 'Transaction Type' is present on page  using regular expression

2024-07-12 22:53:49 - [MESSAGE][PASSED] - Text 'Transaction Type' is present on page  using regular expression

2024-07-12 22:53:49 - [TEST_STEP][PASSED] - verifyTextPresent("Authorization and Capture", true): Text 'Authorization and Capture' is present on page  using regular expression

2024-07-12 22:53:49 - [MESSAGE][PASSED] - Text 'Authorization and Capture' is present on page  using regular expression

2024-07-12 22:53:49 - [TEST_STEP][PASSED] - verifyTextPresent("Transaction Posted by", true): Text 'Transaction Posted by' is present on page  using regular expression

2024-07-12 22:53:49 - [MESSAGE][PASSED] - Text 'Transaction Posted by' is present on page  using regular expression

2024-07-12 22:53:49 - [TEST_STEP][PASSED] - verifyTextPresent("iahmed", true): Text 'iahmed' is present on page  using regular expression

2024-07-12 22:53:50 - [MESSAGE][PASSED] - Text 'iahmed' is present on page  using regular expression

2024-07-12 22:53:50 - [TEST_STEP][PASSED] - click(findTestObject(path_TranxDetails + "a_Credit this transaction")): Object: 'Object Repository/AdminSuiteBootstrap_Pages/VT_Bootstrap/TransactionDetails/a_Credit this transaction' is clicked on

2024-07-12 22:53:51 - [MESSAGE][PASSED] - Object: 'Object Repository/AdminSuiteBootstrap_Pages/VT_Bootstrap/TransactionDetails/a_Credit this transaction' is clicked on

2024-07-12 22:53:51 - [TEST_STEP][PASSED] - verifyTextPresent("Credit Card Credit", true): Text 'Credit Card Credit' is present on page  using regular expression

2024-07-12 22:53:51 - [MESSAGE][PASSED] - Text 'Credit Card Credit' is present on page  using regular expression

2024-07-12 22:53:51 - [TEST_STEP][PASSED] - click(findTestObject(path_TranxDetails + "button_Submit")): Object: 'Object Repository/AdminSuiteBootstrap_Pages/VT_Bootstrap/TransactionDetails/button_Submit' is clicked on

2024-07-12 22:53:52 - [MESSAGE][PASSED] - Object: 'Object Repository/AdminSuiteBootstrap_Pages/VT_Bootstrap/TransactionDetails/button_Submit' is clicked on

2024-07-12 22:53:52 - [TEST_STEP][PASSED] - verifyTextPresent("Transaction Successful", true): Text 'Transaction Successful' is present on page  using regular expression

2024-07-12 22:53:53 - [MESSAGE][PASSED] - Text 'Transaction Successful' is present on page  using regular expression

2024-07-12 22:53:53 - [TEST_STEP][PASSED] - verifyTextPresent("Transaction Type", true): Text 'Transaction Type' is present on page  using regular expression

2024-07-12 22:53:53 - [MESSAGE][PASSED] - Text 'Transaction Type' is present on page  using regular expression

2024-07-12 22:53:53 - [TEST_STEP][PASSED] - verifyTextPresent("Credit", true): Text 'Credit' is present on page  using regular expression

2024-07-12 22:53:54 - [MESSAGE][PASSED] - Text 'Credit' is present on page  using regular expression

2024-07-12 22:53:54 - [TEST_STEP][PASSED] - closeBrowser(): Browser is closed

2024-07-12 22:53:55 - [MESSAGE][PASSED] - Browser is closed

2024-07-12 22:53:55 - [TEST_STEP][PASSED] - ExecuteTC = findTestData(dataFile).getValue("Execute", row): null

2024-07-12 22:53:55 - [TEST_STEP][PASSED] - out.println("Value of Execute is : " + ExecuteTC): null

2024-07-12 22:53:55 - [TEST_STEP][PASSED] - switch (executionProfile): null

2024-07-12 22:53:55 - [TEST_STEP][PASSED] - case "QA2Profile":: null

2024-07-12 22:53:55 - [TEST_STEP][PASSED] - appName = findTestData(dataFile).getValue("AppNameQA", row): null

2024-07-12 22:53:55 - [TEST_STEP][PASSED] - appID = findTestData(dataFile).getValue("AppIDQA", row): null

2024-07-12 22:53:55 - [TEST_STEP][PASSED] - break: null

2024-07-12 22:53:55 - [TEST_STEP][PASSED] - hrefAppID = li_1 + appID + li_2: null

2024-07-12 22:53:55 - [TEST_STEP][PASSED] - hrefApp = li_1 + appID + "/": null

2024-07-12 22:53:55 - [TEST_STEP][PASSED] - println("hrefApp : " + hrefApp): null

2024-07-12 22:53:55 - [TEST_STEP][PASSED] - if (ExecuteTC.equalsIgnoreCase("Y")): null

2024-07-12 22:53:55 - [TEST_STEP][PASSED] - out.println("Begin Record Number: " + row): null

2024-07-12 22:53:55 - [TEST_STEP][PASSED] - today = new java.util.Date(): null

2024-07-12 22:53:55 - [TEST_STEP][PASSED] - println(today): null

2024-07-12 22:53:55 - [TEST_STEP][PASSED] - datText = today: null

2024-07-12 22:53:55 - [TEST_STEP][PASSED] - adminSuiteBootstrap.loginFunctionality.login_AdminSuite(): adminSuiteBootstrap.loginFunctionality.login_AdminSuite is PASSED

2024-07-12 22:53:55 - [MESSAGE][INFO] - Starting 'Chrome' driver

2024-07-12 22:53:55 - [MESSAGE][INFO] - User set preference: ['acceptInsecureCerts', 'true']

2024-07-12 22:53:55 - [MESSAGE][INFO] - Action delay is set to 0 milliseconds

2024-07-12 22:53:58 - [MESSAGE][PASSED] - Browser is opened with url: 'https://qa2.velocitypayment.com/admin/imtiaz'

2024-07-12 22:53:58 - [MESSAGE][PASSED] - Current window maximized

2024-07-12 22:53:59 - [MESSAGE][PASSED] - Object 'Object Repository/Login_Page/Login_Username_Okta' is present

2024-07-12 22:53:59 - [MESSAGE][PASSED] - Text 'iahmed' is set on object 'Object Repository/Login_Page/Login_Username_Okta'

2024-07-12 22:54:00 - [MESSAGE][PASSED] - Text 'Hello!6666666' is set on object 'Object Repository/Login_Page/Login_Password_Okta'

2024-07-12 22:54:01 - [MESSAGE][PASSED] - Object: 'Object Repository/Login_Page/Login_Submit_Okta' is clicked on

2024-07-12 22:54:01 - [MESSAGE][PASSED] - adminSuiteBootstrap.loginFunctionality.login_AdminSuite is PASSED

2024-07-12 22:54:01 - [TEST_STEP][PASSED] - click(findTestObject(path_Dashboard + appName)): Object: 'Object Repository/AdminSuiteBootstrap_Pages/Dashboard_Bootstrap/a_Access AutoDualCFtpQA' is clicked on

2024-07-12 22:54:09 - [MESSAGE][PASSED] - Object: 'Object Repository/AdminSuiteBootstrap_Pages/Dashboard_Bootstrap/a_Access AutoDualCFtpQA' is clicked on

2024-07-12 22:54:09 - [TEST_STEP][PASSED] - click(findTestObject(path_VT + "button_Authorization  Capture (Sale)")): Object: 'Object Repository/AdminSuiteBootstrap_Pages/VT_Bootstrap/IssueTransactions/button_Authorization  Capture (Sale)' is clicked on

2024-07-12 22:54:09 - [MESSAGE][PASSED] - Object: 'Object Repository/AdminSuiteBootstrap_Pages/VT_Bootstrap/IssueTransactions/button_Authorization  Capture (Sale)' is clicked on

2024-07-12 22:54:09 - [TEST_STEP][PASSED] - saleKeyboardEntryLink = modifyObjectProperty(findTestObject(path_VT + "a_KeyboardEntry_Sale"), "href", "equals", hrefAppID, true): Modify property of object successfully

2024-07-12 22:54:09 - [MESSAGE][PASSED] - Modify property of object successfully

2024-07-12 22:54:09 - [TEST_STEP][PASSED] - click(saleKeyboardEntryLink): Object: 'Object Repository/AdminSuiteBootstrap_Pages/VT_Bootstrap/IssueTransactions/a_KeyboardEntry_Sale' is clicked on

2024-07-12 22:54:10 - [MESSAGE][PASSED] - Object: 'Object Repository/AdminSuiteBootstrap_Pages/VT_Bootstrap/IssueTransactions/a_KeyboardEntry_Sale' is clicked on

2024-07-12 22:54:10 - [TEST_STEP][PASSED] - adminSuiteBootstrap.virtualTerminalSetData.saleKeyboard_DataDriven(row, dataFile): adminSuiteBootstrap.virtualTerminalSetData.saleKeyboard_DataDriven is PASSED

2024-07-12 22:54:13 - [MESSAGE][PASSED] - Text 'Janaki James' is set on object 'Object Repository/AdminSuiteBootstrap_Pages/VT_Bootstrap/SaleKeyboard/input_cardName'

2024-07-12 22:54:14 - [MESSAGE][PASSED] - All options with value 'MOTO' are selected in object 'Object Repository/AdminSuiteBootstrap_Pages/VT_Bootstrap/SaleKeyboard/select_transactionCategory'  using regular expression

2024-07-12 22:54:15 - [MESSAGE][PASSED] - Execute JavaScript 'arguments[0].value ='6011000993026909' ' successfully

2024-07-12 22:54:15 - [MESSAGE][PASSED] - Execute JavaScript 'arguments[0].value ='123' ' successfully

2024-07-12 22:54:16 - [MESSAGE][PASSED] - All options with value '12' are selected in object 'Object Repository/AdminSuiteBootstrap_Pages/VT_Bootstrap/SaleKeyboard/select_MM'  using regular expression

2024-07-12 22:54:18 - [MESSAGE][PASSED] - All options with value '2025' are selected in object 'Object Repository/AdminSuiteBootstrap_Pages/VT_Bootstrap/SaleKeyboard/select_YYYY'  using regular expression

2024-07-12 22:54:18 - [MESSAGE][PASSED] - Text '25987 Hill Top' is set on object 'Object Repository/AdminSuiteBootstrap_Pages/VT_Bootstrap/SaleKeyboard/input__address'

2024-07-12 22:54:19 - [MESSAGE][PASSED] - Text 'Suite 500' is set on object 'Object Repository/AdminSuiteBootstrap_Pages/VT_Bootstrap/SaleKeyboard/input__address2'

2024-07-12 22:54:20 - [MESSAGE][PASSED] - Text '22201' is set on object 'Object Repository/AdminSuiteBootstrap_Pages/VT_Bootstrap/SaleKeyboard/input__zip'

2024-07-12 22:54:20 - [MESSAGE][PASSED] - Text '' is set on object 'Object Repository/AdminSuiteBootstrap_Pages/VT_Bootstrap/SaleKeyboard/input_emailAddress'

2024-07-12 22:54:22 - [MESSAGE][PASSED] - Text '' is set on object 'Object Repository/AdminSuiteBootstrap_Pages/VT_Bootstrap/SaleKeyboard/input_smsNumber'

2024-07-12 22:54:22 - [MESSAGE][PASSED] - Text '10.50' is set on object 'Object Repository/AdminSuiteBootstrap_Pages/VT_Bootstrap/SaleKeyboard/input_amount'

2024-07-12 22:54:24 - [MESSAGE][PASSED] - Text 'Australia' is set on object 'Object Repository/AdminSuiteBootstrap_Pages/VT_Bootstrap/SaleKeyboard/input_userDefined1'

2024-07-12 22:54:24 - [MESSAGE][PASSED] - Text 'Denmark' is set on object 'Object Repository/AdminSuiteBootstrap_Pages/VT_Bootstrap/SaleKeyboard/input_userDefined2'

2024-07-12 22:54:25 - [MESSAGE][PASSED] - Text 'Sweden' is set on object 'Object Repository/AdminSuiteBootstrap_Pages/VT_Bootstrap/SaleKeyboard/input_userDefined3'

2024-07-12 22:54:26 - [MESSAGE][PASSED] - Text 'Austria' is set on object 'Object Repository/AdminSuiteBootstrap_Pages/VT_Bootstrap/SaleKeyboard/input_userDefined4'

2024-07-12 22:54:27 - [MESSAGE][PASSED] - All options with label 'Orange' are selected in object 'Object Repository/AdminSuiteBootstrap_Pages/VT_Bootstrap/SaleKeyboard/select_UDF5_DropDown'  using regular expression

2024-07-12 22:54:28 - [MESSAGE][PASSED] - All options with label 'Yellow' are selected in object 'Object Repository/AdminSuiteBootstrap_Pages/VT_Bootstrap/SaleKeyboard/select_UDF6_DropDown'  using regular expression

2024-07-12 22:54:28 - [MESSAGE][PASSED] - Text 'Norway' is set on object 'Object Repository/AdminSuiteBootstrap_Pages/VT_Bootstrap/SaleKeyboard/input_userDefined7'

2024-07-12 22:54:29 - [MESSAGE][PASSED] - Text 'Netherlands' is set on object 'Object Repository/AdminSuiteBootstrap_Pages/VT_Bootstrap/SaleKeyboard/input_userDefined8'

2024-07-12 22:54:30 - [MESSAGE][PASSED] - Text 'Switzerland' is set on object 'Object Repository/AdminSuiteBootstrap_Pages/VT_Bootstrap/SaleKeyboard/input_userDefined9'

2024-07-12 22:54:31 - [MESSAGE][PASSED] - Text 'France' is set on object 'Object Repository/AdminSuiteBootstrap_Pages/VT_Bootstrap/SaleKeyboard/input_userDefined10'

2024-07-12 22:54:32 - [MESSAGE][PASSED] - Object: 'Object Repository/AdminSuiteBootstrap_Pages/VT_Bootstrap/SaleKeyboard/button_Submit' is clicked on

2024-07-12 22:54:32 - [MESSAGE][PASSED] - adminSuiteBootstrap.virtualTerminalSetData.saleKeyboard_DataDriven is PASSED

2024-07-12 22:54:32 - [TEST_STEP][PASSED] - if (verifyTextPresent("Transaction Successful", true)): null

2024-07-12 22:54:33 - [MESSAGE][PASSED] - Text 'Transaction Successful' is present on page  using regular expression

2024-07-12 22:54:33 - [TEST_STEP][PASSED] - sdf = getText(findTestObject(path_Receipt + "td_AutoNoC031622113752957Ahm")): Text of object 'Object Repository/AdminSuiteBootstrap_Pages/VT_Bootstrap/Receipt/td_AutoNoC031622113752957Ahm' is: 'AutoDua071224224701372Ahm'

2024-07-12 22:54:33 - [MESSAGE][PASSED] - Text of object 'Object Repository/AdminSuiteBootstrap_Pages/VT_Bootstrap/Receipt/td_AutoNoC031622113752957Ahm' is: 'AutoDua071224224701372Ahm'

2024-07-12 22:54:33 - [TEST_STEP][PASSED] - out.println("sdf: " + sdf): null

2024-07-12 22:54:33 - [TEST_STEP][PASSED] - remID = sdf: null

2024-07-12 22:54:33 - [TEST_STEP][PASSED] - out.println("remID: " + remID): null

2024-07-12 22:54:33 - [TEST_STEP][PASSED] - click(findTestObject(path_Receipt + "button_Continue")): Object: 'Object Repository/AdminSuiteBootstrap_Pages/VT_Bootstrap/Receipt/button_Continue' is clicked on

2024-07-12 22:54:34 - [MESSAGE][PASSED] - Object: 'Object Repository/AdminSuiteBootstrap_Pages/VT_Bootstrap/Receipt/button_Continue' is clicked on

2024-07-12 22:54:34 - [TEST_STEP][PASSED] - click(findTestObject(path_VT + "a_Search Transactions")): Object: 'Object Repository/AdminSuiteBootstrap_Pages/VT_Bootstrap/IssueTransactions/a_Search Transactions' is clicked on

2024-07-12 22:54:35 - [MESSAGE][PASSED] - Object: 'Object Repository/AdminSuiteBootstrap_Pages/VT_Bootstrap/IssueTransactions/a_Search Transactions' is clicked on

2024-07-12 22:54:35 - [TEST_STEP][PASSED] - setText(findTestObject(path_CCSearch + "input_Search By_searchValue"), remID): Text 'AutoDua071224224701372Ahm' is set on object 'Object Repository/AdminSuiteBootstrap_Pages/VT_Bootstrap/CCCreditOrVoidSearch/input_Search By_searchValue'

2024-07-12 22:54:36 - [MESSAGE][PASSED] - Text 'AutoDua071224224701372Ahm' is set on object 'Object Repository/AdminSuiteBootstrap_Pages/VT_Bootstrap/CCCreditOrVoidSearch/input_Search By_searchValue'

2024-07-12 22:54:36 - [TEST_STEP][PASSED] - click(findTestObject(path_CCSearch + "button_Submit")): Object: 'Object Repository/AdminSuiteBootstrap_Pages/VT_Bootstrap/CCCreditOrVoidSearch/button_Submit' is clicked on

2024-07-12 22:54:36 - [MESSAGE][PASSED] - Object: 'Object Repository/AdminSuiteBootstrap_Pages/VT_Bootstrap/CCCreditOrVoidSearch/button_Submit' is clicked on

2024-07-12 22:54:36 - [TEST_STEP][PASSED] - fgr = getText(findTestObject(path_SearchResults + "div_Payment ID")): Text of object 'Object Repository/AdminSuiteBootstrap_Pages/VT_Bootstrap/SearchResults/div_Payment ID' is: 'Payment ID
Payment Type
Transaction Type
Remittance ID
Name
Total Amount
End Date
Status
12154813 Credit Card Authorization and Capture AutoDua071224224701372Ahm Janaki James $10.50 07/12/2024 Success'

2024-07-12 22:54:37 - [MESSAGE][PASSED] - Text of object 'Object Repository/AdminSuiteBootstrap_Pages/VT_Bootstrap/SearchResults/div_Payment ID' is: 'Payment ID
Payment Type
Transaction Type
Remittance ID
Name
Total Amount
End Date
Status
12154813 Credit Card Authorization and Capture AutoDua071224224701372Ahm Janaki James $10.50 07/12/2024 Success'

2024-07-12 22:54:37 - [TEST_STEP][PASSED] - payID = substring(89, 98).trim(): null

2024-07-12 22:54:37 - [TEST_STEP][PASSED] - out.println("payID: " + payID): null

2024-07-12 22:54:37 - [TEST_STEP][PASSED] - click(findTestObject(path_SearchResults + "button_PaymentID")): Object: 'Object Repository/AdminSuiteBootstrap_Pages/VT_Bootstrap/SearchResults/button_PaymentID' is clicked on

2024-07-12 22:54:38 - [MESSAGE][PASSED] - Object: 'Object Repository/AdminSuiteBootstrap_Pages/VT_Bootstrap/SearchResults/button_PaymentID' is clicked on

2024-07-12 22:54:38 - [TEST_STEP][PASSED] - verifyTextPresent("Tender Type", true): Text 'Tender Type' is present on page  using regular expression

2024-07-12 22:54:38 - [MESSAGE][PASSED] - Text 'Tender Type' is present on page  using regular expression

2024-07-12 22:54:38 - [TEST_STEP][PASSED] - verifyTextPresent("Credit Card", true): Text 'Credit Card' is present on page  using regular expression

2024-07-12 22:54:39 - [MESSAGE][PASSED] - Text 'Credit Card' is present on page  using regular expression

2024-07-12 22:54:39 - [TEST_STEP][PASSED] - verifyTextPresent("Transaction Type", true): Text 'Transaction Type' is present on page  using regular expression

2024-07-12 22:54:39 - [MESSAGE][PASSED] - Text 'Transaction Type' is present on page  using regular expression

2024-07-12 22:54:39 - [TEST_STEP][PASSED] - verifyTextPresent("Authorization and Capture", true): Text 'Authorization and Capture' is present on page  using regular expression

2024-07-12 22:54:39 - [MESSAGE][PASSED] - Text 'Authorization and Capture' is present on page  using regular expression

2024-07-12 22:54:39 - [TEST_STEP][PASSED] - verifyTextPresent("Transaction Posted by", true): Text 'Transaction Posted by' is present on page  using regular expression

2024-07-12 22:54:40 - [MESSAGE][PASSED] - Text 'Transaction Posted by' is present on page  using regular expression

2024-07-12 22:54:40 - [TEST_STEP][PASSED] - verifyTextPresent("iahmed", true): Text 'iahmed' is present on page  using regular expression

2024-07-12 22:54:40 - [MESSAGE][PASSED] - Text 'iahmed' is present on page  using regular expression

2024-07-12 22:54:40 - [TEST_STEP][PASSED] - click(findTestObject(path_TranxDetails + "a_Credit this transaction")): Object: 'Object Repository/AdminSuiteBootstrap_Pages/VT_Bootstrap/TransactionDetails/a_Credit this transaction' is clicked on

2024-07-12 22:54:41 - [MESSAGE][PASSED] - Object: 'Object Repository/AdminSuiteBootstrap_Pages/VT_Bootstrap/TransactionDetails/a_Credit this transaction' is clicked on

2024-07-12 22:54:41 - [TEST_STEP][PASSED] - verifyTextPresent("Credit Card Credit", true): Text 'Credit Card Credit' is present on page  using regular expression

2024-07-12 22:54:42 - [MESSAGE][PASSED] - Text 'Credit Card Credit' is present on page  using regular expression

2024-07-12 22:54:42 - [TEST_STEP][PASSED] - click(findTestObject(path_TranxDetails + "button_Submit")): Object: 'Object Repository/AdminSuiteBootstrap_Pages/VT_Bootstrap/TransactionDetails/button_Submit' is clicked on

2024-07-12 22:54:43 - [MESSAGE][PASSED] - Object: 'Object Repository/AdminSuiteBootstrap_Pages/VT_Bootstrap/TransactionDetails/button_Submit' is clicked on

2024-07-12 22:54:43 - [TEST_STEP][PASSED] - verifyTextPresent("Transaction Successful", true): Text 'Transaction Successful' is present on page  using regular expression

2024-07-12 22:54:44 - [MESSAGE][PASSED] - Text 'Transaction Successful' is present on page  using regular expression

2024-07-12 22:54:44 - [TEST_STEP][PASSED] - verifyTextPresent("Transaction Type", true): Text 'Transaction Type' is present on page  using regular expression

2024-07-12 22:54:44 - [MESSAGE][PASSED] - Text 'Transaction Type' is present on page  using regular expression

2024-07-12 22:54:44 - [TEST_STEP][PASSED] - verifyTextPresent("Credit", true): Text 'Credit' is present on page  using regular expression

2024-07-12 22:54:44 - [MESSAGE][PASSED] - Text 'Credit' is present on page  using regular expression

2024-07-12 22:54:44 - [TEST_STEP][PASSED] - closeBrowser(): Browser is closed

2024-07-12 22:54:46 - [MESSAGE][PASSED] - Browser is closed]]></system-out>
         <system-err><![CDATA[]]></system-err>
      </testcase>
      <testcase name="Test Cases/Admin Suite Bootstrap/VT_TestCases/SaleAndCreditKeyboard_TP_NoCF_Generic_Payment_TC" time="404.408" classname="Test Cases/Admin Suite Bootstrap/VT_TestCases/SaleAndCreditKeyboard_TP_NoCF_Generic_Payment_TC" status="PASSED">
         <system-out><![CDATA[2024-07-12 22:54:46 - [TEST_CASE][PASSED] - Test Cases/Admin Suite Bootstrap/VT_TestCases/SaleAndCreditKeyboard_TP_NoCF_Generic_Payment_TC: Test Cases/Admin Suite Bootstrap/VT_TestCases/SaleAndCreditKeyboard_TP_NoCF_Generic_Payment_TC

2024-07-12 22:54:46 - [TEST_STEP][PASSED] - path_Dashboard = "Object Repository/AdminSuiteBootstrap_Pages/Dashboard_Bootstrap/": null

2024-07-12 22:54:46 - [TEST_STEP][PASSED] - path_VT = "Object Repository/AdminSuiteBootstrap_Pages/VT_Bootstrap/IssueTransactions/": null

2024-07-12 22:54:46 - [TEST_STEP][PASSED] - path_SaleKB = "Object Repository/AdminSuiteBootstrap_Pages/VT_Bootstrap/SaleKeyboard/": null

2024-07-12 22:54:46 - [TEST_STEP][PASSED] - path_TestMinus = "Object Repository/Page_TestMinusAndAtSigns/": null

2024-07-12 22:54:46 - [TEST_STEP][PASSED] - path_Receipt = "Object Repository/AdminSuiteBootstrap_Pages/VT_Bootstrap/Receipt/": null

2024-07-12 22:54:46 - [TEST_STEP][PASSED] - path_CCSearch = "Object Repository/AdminSuiteBootstrap_Pages/VT_Bootstrap/CCCreditOrVoidSearch/": null

2024-07-12 22:54:46 - [TEST_STEP][PASSED] - path_SearchResults = "Object Repository/AdminSuiteBootstrap_Pages/VT_Bootstrap/SearchResults/": null

2024-07-12 22:54:46 - [TEST_STEP][PASSED] - path_TranxDetails = "Object Repository/AdminSuiteBootstrap_Pages/VT_Bootstrap/TransactionDetails/": null

2024-07-12 22:54:46 - [TEST_STEP][PASSED] - li_1 = vpos_Prefix: null

2024-07-12 22:54:46 - [TEST_STEP][PASSED] - li_2 = "/transactions/AuthCapForm/": null

2024-07-12 22:54:46 - [TEST_STEP][PASSED] - executionProfile = getExecutionProfile(): null

2024-07-12 22:54:46 - [TEST_STEP][PASSED] - out.println("executionProfile : " + executionProfile): null

2024-07-12 22:54:46 - [TEST_STEP][PASSED] - appName = <not implemented yet for class: org.codehaus.groovy.ast.expr.EmptyExpression>: null

2024-07-12 22:54:46 - [TEST_STEP][PASSED] - appID = <not implemented yet for class: org.codehaus.groovy.ast.expr.EmptyExpression>: null

2024-07-12 22:54:46 - [TEST_STEP][PASSED] - cardNameV = <not implemented yet for class: org.codehaus.groovy.ast.expr.EmptyExpression>: null

2024-07-12 22:54:46 - [TEST_STEP][PASSED] - al1V = <not implemented yet for class: org.codehaus.groovy.ast.expr.EmptyExpression>: null

2024-07-12 22:54:46 - [TEST_STEP][PASSED] - al2V = <not implemented yet for class: org.codehaus.groovy.ast.expr.EmptyExpression>: null

2024-07-12 22:54:46 - [TEST_STEP][PASSED] - zipV = <not implemented yet for class: org.codehaus.groovy.ast.expr.EmptyExpression>: null

2024-07-12 22:54:46 - [TEST_STEP][PASSED] - cardTypeV = <not implemented yet for class: org.codehaus.groovy.ast.expr.EmptyExpression>: null

2024-07-12 22:54:46 - [TEST_STEP][PASSED] - last4V = <not implemented yet for class: org.codehaus.groovy.ast.expr.EmptyExpression>: null

2024-07-12 22:54:46 - [TEST_STEP][PASSED] - resText = "Fail": null

2024-07-12 22:54:46 - [TEST_STEP][PASSED] - resColumn = "Result": null

2024-07-12 22:54:46 - [TEST_STEP][PASSED] - datCloumn = "Date": null

2024-07-12 22:54:46 - [TEST_STEP][PASSED] - fileLoc = "C:\KatalonData\Bootstrap\VT-Data.xlsx": null

2024-07-12 22:54:46 - [TEST_STEP][PASSED] - numOfRows = <not implemented yet for class: org.codehaus.groovy.ast.expr.EmptyExpression>: null

2024-07-12 22:54:46 - [TEST_STEP][PASSED] - dataFile = <not implemented yet for class: org.codehaus.groovy.ast.expr.EmptyExpression>: null

2024-07-12 22:54:46 - [TEST_STEP][PASSED] - nameSheet = <not implemented yet for class: org.codehaus.groovy.ast.expr.EmptyExpression>: null

2024-07-12 22:54:46 - [TEST_STEP][PASSED] - nameSheet = "VT-SaleCredit-NoCF-Generic": null

2024-07-12 22:54:46 - [TEST_STEP][PASSED] - numOfRows = findTestData("QA/Bootstrap/VT-TestData/VT-SaleCreditData-NoCF-Generic").getRowNumbers(): null

2024-07-12 22:54:46 - [TEST_STEP][PASSED] - println("Number of Records: " + numOfRows): null

2024-07-12 22:54:46 - [TEST_STEP][PASSED] - dataFile = "QA/Bootstrap/VT-TestData/VT-SaleCreditData-NoCF-Generic": null

2024-07-12 22:54:46 - [TEST_STEP][PASSED] - for ([row = 1, row <= numOfRows, (row++)]): null

2024-07-12 22:54:46 - [TEST_STEP][PASSED] - ExecuteTC = findTestData(dataFile).getValue("Execute", row): null

2024-07-12 22:54:46 - [TEST_STEP][PASSED] - out.println("Value of Execute is : " + ExecuteTC): null

2024-07-12 22:54:46 - [TEST_STEP][PASSED] - switch (executionProfile): null

2024-07-12 22:54:46 - [TEST_STEP][PASSED] - case "QA2Profile":: null

2024-07-12 22:54:46 - [TEST_STEP][PASSED] - appName = findTestData(dataFile).getValue("AppNameQA", row): null

2024-07-12 22:54:46 - [TEST_STEP][PASSED] - appID = findTestData(dataFile).getValue("AppIDQA", row): null

2024-07-12 22:54:47 - [TEST_STEP][PASSED] - break: null

2024-07-12 22:54:47 - [TEST_STEP][PASSED] - hrefAppID = li_1 + appID + li_2: null

2024-07-12 22:54:47 - [TEST_STEP][PASSED] - hrefApp = li_1 + appID + "/": null

2024-07-12 22:54:47 - [TEST_STEP][PASSED] - println("hrefApp : " + hrefApp): null

2024-07-12 22:54:47 - [TEST_STEP][PASSED] - if (ExecuteTC.equalsIgnoreCase("Y")): null

2024-07-12 22:54:47 - [TEST_STEP][PASSED] - out.println("Begin Record Number: " + row): null

2024-07-12 22:54:47 - [TEST_STEP][PASSED] - today = new java.util.Date(): null

2024-07-12 22:54:47 - [TEST_STEP][PASSED] - println(today): null

2024-07-12 22:54:47 - [TEST_STEP][PASSED] - datText = today: null

2024-07-12 22:54:47 - [TEST_STEP][PASSED] - adminSuiteBootstrap.loginFunctionality.login_AdminSuite(): adminSuiteBootstrap.loginFunctionality.login_AdminSuite is PASSED

2024-07-12 22:54:47 - [MESSAGE][INFO] - Starting 'Chrome' driver

2024-07-12 22:54:47 - [MESSAGE][INFO] - User set preference: ['acceptInsecureCerts', 'true']

2024-07-12 22:54:47 - [MESSAGE][INFO] - Action delay is set to 0 milliseconds

2024-07-12 22:54:48 - [MESSAGE][PASSED] - Browser is opened with url: 'https://qa2.velocitypayment.com/admin/imtiaz'

2024-07-12 22:54:50 - [MESSAGE][PASSED] - Current window maximized

2024-07-12 22:54:50 - [MESSAGE][PASSED] - Object 'Object Repository/Login_Page/Login_Username_Okta' is present

2024-07-12 22:54:51 - [MESSAGE][PASSED] - Text 'iahmed' is set on object 'Object Repository/Login_Page/Login_Username_Okta'

2024-07-12 22:54:52 - [MESSAGE][PASSED] - Text 'Hello!6666666' is set on object 'Object Repository/Login_Page/Login_Password_Okta'

2024-07-12 22:54:52 - [MESSAGE][PASSED] - Object: 'Object Repository/Login_Page/Login_Submit_Okta' is clicked on

2024-07-12 22:54:52 - [MESSAGE][PASSED] - adminSuiteBootstrap.loginFunctionality.login_AdminSuite is PASSED

2024-07-12 22:54:52 - [TEST_STEP][PASSED] - click(findTestObject(path_Dashboard + appName)): Object: 'Object Repository/AdminSuiteBootstrap_Pages/Dashboard_Bootstrap/a_Access AutoNoCFtp' is clicked on

2024-07-12 22:55:00 - [MESSAGE][PASSED] - Object: 'Object Repository/AdminSuiteBootstrap_Pages/Dashboard_Bootstrap/a_Access AutoNoCFtp' is clicked on

2024-07-12 22:55:00 - [TEST_STEP][PASSED] - click(findTestObject(path_VT + "button_Authorization  Capture (Sale)")): Object: 'Object Repository/AdminSuiteBootstrap_Pages/VT_Bootstrap/IssueTransactions/button_Authorization  Capture (Sale)' is clicked on

2024-07-12 22:55:01 - [MESSAGE][PASSED] - Object: 'Object Repository/AdminSuiteBootstrap_Pages/VT_Bootstrap/IssueTransactions/button_Authorization  Capture (Sale)' is clicked on

2024-07-12 22:55:01 - [TEST_STEP][PASSED] - saleKeyboardEntryLink = modifyObjectProperty(findTestObject(path_VT + "a_KeyboardEntry_Sale"), "href", "equals", hrefAppID, true): Modify property of object successfully

2024-07-12 22:55:01 - [MESSAGE][PASSED] - Modify property of object successfully

2024-07-12 22:55:01 - [TEST_STEP][PASSED] - click(saleKeyboardEntryLink): Object: 'Object Repository/AdminSuiteBootstrap_Pages/VT_Bootstrap/IssueTransactions/a_KeyboardEntry_Sale' is clicked on

2024-07-12 22:55:02 - [MESSAGE][PASSED] - Object: 'Object Repository/AdminSuiteBootstrap_Pages/VT_Bootstrap/IssueTransactions/a_KeyboardEntry_Sale' is clicked on

2024-07-12 22:55:02 - [TEST_STEP][PASSED] - adminSuiteBootstrap.virtualTerminalSetData.saleKeyboard_DataDriven(row, dataFile): adminSuiteBootstrap.virtualTerminalSetData.saleKeyboard_DataDriven is PASSED

2024-07-12 22:55:05 - [MESSAGE][PASSED] - Text 'Tulsi Raman' is set on object 'Object Repository/AdminSuiteBootstrap_Pages/VT_Bootstrap/SaleKeyboard/input_cardName'

2024-07-12 22:55:06 - [MESSAGE][PASSED] - All options with value 'RETL' are selected in object 'Object Repository/AdminSuiteBootstrap_Pages/VT_Bootstrap/SaleKeyboard/select_transactionCategory'  using regular expression

2024-07-12 22:55:07 - [MESSAGE][PASSED] - Execute JavaScript 'arguments[0].value ='4012000098765439' ' successfully

2024-07-12 22:55:07 - [MESSAGE][PASSED] - Execute JavaScript 'arguments[0].value ='123' ' successfully

2024-07-12 22:55:08 - [MESSAGE][PASSED] - All options with value '12' are selected in object 'Object Repository/AdminSuiteBootstrap_Pages/VT_Bootstrap/SaleKeyboard/select_MM'  using regular expression

2024-07-12 22:55:09 - [MESSAGE][PASSED] - All options with value '2025' are selected in object 'Object Repository/AdminSuiteBootstrap_Pages/VT_Bootstrap/SaleKeyboard/select_YYYY'  using regular expression

2024-07-12 22:55:10 - [MESSAGE][PASSED] - Text '36 Cornor Road' is set on object 'Object Repository/AdminSuiteBootstrap_Pages/VT_Bootstrap/SaleKeyboard/input__address'

2024-07-12 22:55:11 - [MESSAGE][PASSED] - Text 'Suite 500' is set on object 'Object Repository/AdminSuiteBootstrap_Pages/VT_Bootstrap/SaleKeyboard/input__address2'

2024-07-12 22:55:11 - [MESSAGE][PASSED] - Text '22201' is set on object 'Object Repository/AdminSuiteBootstrap_Pages/VT_Bootstrap/SaleKeyboard/input__zip'

2024-07-12 22:55:12 - [MESSAGE][PASSED] - Text '' is set on object 'Object Repository/AdminSuiteBootstrap_Pages/VT_Bootstrap/SaleKeyboard/input_emailAddress'

2024-07-12 22:55:13 - [MESSAGE][PASSED] - Text '' is set on object 'Object Repository/AdminSuiteBootstrap_Pages/VT_Bootstrap/SaleKeyboard/input_smsNumber'

2024-07-12 22:55:14 - [MESSAGE][PASSED] - Text '10.50' is set on object 'Object Repository/AdminSuiteBootstrap_Pages/VT_Bootstrap/SaleKeyboard/input_amount'

2024-07-12 22:55:15 - [MESSAGE][PASSED] - Text 'Australia' is set on object 'Object Repository/AdminSuiteBootstrap_Pages/VT_Bootstrap/SaleKeyboard/input_userDefined1'

2024-07-12 22:55:16 - [MESSAGE][PASSED] - Text 'Denmark' is set on object 'Object Repository/AdminSuiteBootstrap_Pages/VT_Bootstrap/SaleKeyboard/input_userDefined2'

2024-07-12 22:55:16 - [MESSAGE][PASSED] - Text 'Sweden' is set on object 'Object Repository/AdminSuiteBootstrap_Pages/VT_Bootstrap/SaleKeyboard/input_userDefined3'

2024-07-12 22:55:17 - [MESSAGE][PASSED] - Text 'Austria' is set on object 'Object Repository/AdminSuiteBootstrap_Pages/VT_Bootstrap/SaleKeyboard/input_userDefined4'

2024-07-12 22:55:18 - [MESSAGE][PASSED] - All options with label 'Orange' are selected in object 'Object Repository/AdminSuiteBootstrap_Pages/VT_Bootstrap/SaleKeyboard/select_UDF5_DropDown'  using regular expression

2024-07-12 22:55:19 - [MESSAGE][PASSED] - All options with label 'Yellow' are selected in object 'Object Repository/AdminSuiteBootstrap_Pages/VT_Bootstrap/SaleKeyboard/select_UDF6_DropDown'  using regular expression

2024-07-12 22:55:20 - [MESSAGE][PASSED] - Text 'Norway' is set on object 'Object Repository/AdminSuiteBootstrap_Pages/VT_Bootstrap/SaleKeyboard/input_userDefined7'

2024-07-12 22:55:21 - [MESSAGE][PASSED] - Text 'Netherlands' is set on object 'Object Repository/AdminSuiteBootstrap_Pages/VT_Bootstrap/SaleKeyboard/input_userDefined8'

2024-07-12 22:55:21 - [MESSAGE][PASSED] - Text 'Switzerland' is set on object 'Object Repository/AdminSuiteBootstrap_Pages/VT_Bootstrap/SaleKeyboard/input_userDefined9'

2024-07-12 22:55:22 - [MESSAGE][PASSED] - Text 'France' is set on object 'Object Repository/AdminSuiteBootstrap_Pages/VT_Bootstrap/SaleKeyboard/input_userDefined10'

2024-07-12 22:55:24 - [MESSAGE][PASSED] - Object: 'Object Repository/AdminSuiteBootstrap_Pages/VT_Bootstrap/SaleKeyboard/button_Submit' is clicked on

2024-07-12 22:55:24 - [MESSAGE][PASSED] - adminSuiteBootstrap.virtualTerminalSetData.saleKeyboard_DataDriven is PASSED

2024-07-12 22:55:24 - [TEST_STEP][PASSED] - if (verifyTextPresent("Transaction Successful", true)): null

2024-07-12 22:55:24 - [MESSAGE][PASSED] - Text 'Transaction Successful' is present on page  using regular expression

2024-07-12 22:55:24 - [TEST_STEP][PASSED] - sdf = getText(findTestObject(path_Receipt + "td_AutoNoC031622113752957Ahm")): Text of object 'Object Repository/AdminSuiteBootstrap_Pages/VT_Bootstrap/Receipt/td_AutoNoC031622113752957Ahm' is: 'AutoNoC071224224753029Ahm'

2024-07-12 22:55:25 - [MESSAGE][PASSED] - Text of object 'Object Repository/AdminSuiteBootstrap_Pages/VT_Bootstrap/Receipt/td_AutoNoC031622113752957Ahm' is: 'AutoNoC071224224753029Ahm'

2024-07-12 22:55:25 - [TEST_STEP][PASSED] - out.println("sdf: " + sdf): null

2024-07-12 22:55:25 - [TEST_STEP][PASSED] - remID = sdf: null

2024-07-12 22:55:25 - [TEST_STEP][PASSED] - out.println("remID: " + remID): null

2024-07-12 22:55:25 - [TEST_STEP][PASSED] - click(findTestObject(path_Receipt + "button_Continue")): Object: 'Object Repository/AdminSuiteBootstrap_Pages/VT_Bootstrap/Receipt/button_Continue' is clicked on

2024-07-12 22:55:25 - [MESSAGE][PASSED] - Object: 'Object Repository/AdminSuiteBootstrap_Pages/VT_Bootstrap/Receipt/button_Continue' is clicked on

2024-07-12 22:55:25 - [TEST_STEP][PASSED] - click(findTestObject(path_VT + "a_Search Transactions")): Object: 'Object Repository/AdminSuiteBootstrap_Pages/VT_Bootstrap/IssueTransactions/a_Search Transactions' is clicked on

2024-07-12 22:55:26 - [MESSAGE][PASSED] - Object: 'Object Repository/AdminSuiteBootstrap_Pages/VT_Bootstrap/IssueTransactions/a_Search Transactions' is clicked on

2024-07-12 22:55:26 - [TEST_STEP][PASSED] - setText(findTestObject(path_CCSearch + "input_Search By_searchValue"), remID): Text 'AutoNoC071224224753029Ahm' is set on object 'Object Repository/AdminSuiteBootstrap_Pages/VT_Bootstrap/CCCreditOrVoidSearch/input_Search By_searchValue'

2024-07-12 22:55:27 - [MESSAGE][PASSED] - Text 'AutoNoC071224224753029Ahm' is set on object 'Object Repository/AdminSuiteBootstrap_Pages/VT_Bootstrap/CCCreditOrVoidSearch/input_Search By_searchValue'

2024-07-12 22:55:27 - [TEST_STEP][PASSED] - click(findTestObject(path_CCSearch + "button_Submit")): Object: 'Object Repository/AdminSuiteBootstrap_Pages/VT_Bootstrap/CCCreditOrVoidSearch/button_Submit' is clicked on

2024-07-12 22:55:28 - [MESSAGE][PASSED] - Object: 'Object Repository/AdminSuiteBootstrap_Pages/VT_Bootstrap/CCCreditOrVoidSearch/button_Submit' is clicked on

2024-07-12 22:55:28 - [TEST_STEP][PASSED] - fgr = getText(findTestObject(path_SearchResults + "div_Payment ID")): Text of object 'Object Repository/AdminSuiteBootstrap_Pages/VT_Bootstrap/SearchResults/div_Payment ID' is: 'Payment ID
Payment Type
Transaction Type
Remittance ID
Name
Total Amount
End Date
Status
12154816 Credit Card Authorization and Capture AutoNoC071224224753029Ahm Tulsi Raman $10.50 07/12/2024 Success'

2024-07-12 22:55:29 - [MESSAGE][PASSED] - Text of object 'Object Repository/AdminSuiteBootstrap_Pages/VT_Bootstrap/SearchResults/div_Payment ID' is: 'Payment ID
Payment Type
Transaction Type
Remittance ID
Name
Total Amount
End Date
Status
12154816 Credit Card Authorization and Capture AutoNoC071224224753029Ahm Tulsi Raman $10.50 07/12/2024 Success'

2024-07-12 22:55:29 - [TEST_STEP][PASSED] - payID = substring(89, 98).trim(): null

2024-07-12 22:55:29 - [TEST_STEP][PASSED] - out.println("payID: " + payID): null

2024-07-12 22:55:29 - [TEST_STEP][PASSED] - click(findTestObject(path_SearchResults + "button_PaymentID")): Object: 'Object Repository/AdminSuiteBootstrap_Pages/VT_Bootstrap/SearchResults/button_PaymentID' is clicked on

2024-07-12 22:55:29 - [MESSAGE][PASSED] - Object: 'Object Repository/AdminSuiteBootstrap_Pages/VT_Bootstrap/SearchResults/button_PaymentID' is clicked on

2024-07-12 22:55:29 - [TEST_STEP][PASSED] - verifyTextPresent("Tender Type", true): Text 'Tender Type' is present on page  using regular expression

2024-07-12 22:55:30 - [MESSAGE][PASSED] - Text 'Tender Type' is present on page  using regular expression

2024-07-12 22:55:30 - [TEST_STEP][PASSED] - verifyTextPresent("Credit Card", true): Text 'Credit Card' is present on page  using regular expression

2024-07-12 22:55:30 - [MESSAGE][PASSED] - Text 'Credit Card' is present on page  using regular expression

2024-07-12 22:55:30 - [TEST_STEP][PASSED] - verifyTextPresent("Transaction Type", true): Text 'Transaction Type' is present on page  using regular expression

2024-07-12 22:55:31 - [MESSAGE][PASSED] - Text 'Transaction Type' is present on page  using regular expression

2024-07-12 22:55:31 - [TEST_STEP][PASSED] - verifyTextPresent("Authorization and Capture", true): Text 'Authorization and Capture' is present on page  using regular expression

2024-07-12 22:55:31 - [MESSAGE][PASSED] - Text 'Authorization and Capture' is present on page  using regular expression

2024-07-12 22:55:31 - [TEST_STEP][PASSED] - verifyTextPresent("Transaction Posted by", true): Text 'Transaction Posted by' is present on page  using regular expression

2024-07-12 22:55:31 - [MESSAGE][PASSED] - Text 'Transaction Posted by' is present on page  using regular expression

2024-07-12 22:55:31 - [TEST_STEP][PASSED] - verifyTextPresent("iahmed", true): Text 'iahmed' is present on page  using regular expression

2024-07-12 22:55:32 - [MESSAGE][PASSED] - Text 'iahmed' is present on page  using regular expression

2024-07-12 22:55:32 - [TEST_STEP][PASSED] - click(findTestObject(path_TranxDetails + "a_Credit this transaction")): Object: 'Object Repository/AdminSuiteBootstrap_Pages/VT_Bootstrap/TransactionDetails/a_Credit this transaction' is clicked on

2024-07-12 22:55:33 - [MESSAGE][PASSED] - Object: 'Object Repository/AdminSuiteBootstrap_Pages/VT_Bootstrap/TransactionDetails/a_Credit this transaction' is clicked on

2024-07-12 22:55:33 - [TEST_STEP][PASSED] - verifyTextPresent("Credit Card Credit", true): Text 'Credit Card Credit' is present on page  using regular expression

2024-07-12 22:55:33 - [MESSAGE][PASSED] - Text 'Credit Card Credit' is present on page  using regular expression

2024-07-12 22:55:33 - [TEST_STEP][PASSED] - click(findTestObject(path_TranxDetails + "button_Submit")): Object: 'Object Repository/AdminSuiteBootstrap_Pages/VT_Bootstrap/TransactionDetails/button_Submit' is clicked on

2024-07-12 22:55:35 - [MESSAGE][PASSED] - Object: 'Object Repository/AdminSuiteBootstrap_Pages/VT_Bootstrap/TransactionDetails/button_Submit' is clicked on

2024-07-12 22:55:35 - [TEST_STEP][PASSED] - verifyTextPresent("Transaction Successful", true): Text 'Transaction Successful' is present on page  using regular expression

2024-07-12 22:55:35 - [MESSAGE][PASSED] - Text 'Transaction Successful' is present on page  using regular expression

2024-07-12 22:55:35 - [TEST_STEP][PASSED] - verifyTextPresent("Transaction Type", true): Text 'Transaction Type' is present on page  using regular expression

2024-07-12 22:55:36 - [MESSAGE][PASSED] - Text 'Transaction Type' is present on page  using regular expression

2024-07-12 22:55:36 - [TEST_STEP][PASSED] - verifyTextPresent("Credit", true): Text 'Credit' is present on page  using regular expression

2024-07-12 22:55:36 - [MESSAGE][PASSED] - Text 'Credit' is present on page  using regular expression

2024-07-12 22:55:36 - [TEST_STEP][PASSED] - closeBrowser(): Browser is closed

2024-07-12 22:55:37 - [MESSAGE][PASSED] - Browser is closed

2024-07-12 22:55:37 - [TEST_STEP][PASSED] - ExecuteTC = findTestData(dataFile).getValue("Execute", row): null

2024-07-12 22:55:37 - [TEST_STEP][PASSED] - out.println("Value of Execute is : " + ExecuteTC): null

2024-07-12 22:55:37 - [TEST_STEP][PASSED] - switch (executionProfile): null

2024-07-12 22:55:37 - [TEST_STEP][PASSED] - case "QA2Profile":: null

2024-07-12 22:55:37 - [TEST_STEP][PASSED] - appName = findTestData(dataFile).getValue("AppNameQA", row): null

2024-07-12 22:55:37 - [TEST_STEP][PASSED] - appID = findTestData(dataFile).getValue("AppIDQA", row): null

2024-07-12 22:55:38 - [TEST_STEP][PASSED] - break: null

2024-07-12 22:55:38 - [TEST_STEP][PASSED] - hrefAppID = li_1 + appID + li_2: null

2024-07-12 22:55:38 - [TEST_STEP][PASSED] - hrefApp = li_1 + appID + "/": null

2024-07-12 22:55:38 - [TEST_STEP][PASSED] - println("hrefApp : " + hrefApp): null

2024-07-12 22:55:38 - [TEST_STEP][PASSED] - if (ExecuteTC.equalsIgnoreCase("Y")): null

2024-07-12 22:55:38 - [TEST_STEP][PASSED] - out.println("Begin Record Number: " + row): null

2024-07-12 22:55:38 - [TEST_STEP][PASSED] - today = new java.util.Date(): null

2024-07-12 22:55:38 - [TEST_STEP][PASSED] - println(today): null

2024-07-12 22:55:38 - [TEST_STEP][PASSED] - datText = today: null

2024-07-12 22:55:38 - [TEST_STEP][PASSED] - adminSuiteBootstrap.loginFunctionality.login_AdminSuite(): adminSuiteBootstrap.loginFunctionality.login_AdminSuite is PASSED

2024-07-12 22:55:38 - [MESSAGE][INFO] - Starting 'Chrome' driver

2024-07-12 22:55:38 - [MESSAGE][INFO] - User set preference: ['acceptInsecureCerts', 'true']

2024-07-12 22:55:38 - [MESSAGE][INFO] - Action delay is set to 0 milliseconds

2024-07-12 22:55:39 - [MESSAGE][PASSED] - Browser is opened with url: 'https://qa2.velocitypayment.com/admin/imtiaz'

2024-07-12 22:55:40 - [MESSAGE][PASSED] - Current window maximized

2024-07-12 22:55:41 - [MESSAGE][PASSED] - Object 'Object Repository/Login_Page/Login_Username_Okta' is present

2024-07-12 22:55:42 - [MESSAGE][PASSED] - Text 'iahmed' is set on object 'Object Repository/Login_Page/Login_Username_Okta'

2024-07-12 22:55:43 - [MESSAGE][PASSED] - Text 'Hello!6666666' is set on object 'Object Repository/Login_Page/Login_Password_Okta'

2024-07-12 22:55:43 - [MESSAGE][PASSED] - Object: 'Object Repository/Login_Page/Login_Submit_Okta' is clicked on

2024-07-12 22:55:43 - [MESSAGE][PASSED] - adminSuiteBootstrap.loginFunctionality.login_AdminSuite is PASSED

2024-07-12 22:55:43 - [TEST_STEP][PASSED] - click(findTestObject(path_Dashboard + appName)): Object: 'Object Repository/AdminSuiteBootstrap_Pages/Dashboard_Bootstrap/a_Access AutoNoCFtp' is clicked on

2024-07-12 22:55:51 - [MESSAGE][PASSED] - Object: 'Object Repository/AdminSuiteBootstrap_Pages/Dashboard_Bootstrap/a_Access AutoNoCFtp' is clicked on

2024-07-12 22:55:51 - [TEST_STEP][PASSED] - click(findTestObject(path_VT + "button_Authorization  Capture (Sale)")): Object: 'Object Repository/AdminSuiteBootstrap_Pages/VT_Bootstrap/IssueTransactions/button_Authorization  Capture (Sale)' is clicked on

2024-07-12 22:55:51 - [MESSAGE][PASSED] - Object: 'Object Repository/AdminSuiteBootstrap_Pages/VT_Bootstrap/IssueTransactions/button_Authorization  Capture (Sale)' is clicked on

2024-07-12 22:55:51 - [TEST_STEP][PASSED] - saleKeyboardEntryLink = modifyObjectProperty(findTestObject(path_VT + "a_KeyboardEntry_Sale"), "href", "equals", hrefAppID, true): Modify property of object successfully

2024-07-12 22:55:51 - [MESSAGE][PASSED] - Modify property of object successfully

2024-07-12 22:55:51 - [TEST_STEP][PASSED] - click(saleKeyboardEntryLink): Object: 'Object Repository/AdminSuiteBootstrap_Pages/VT_Bootstrap/IssueTransactions/a_KeyboardEntry_Sale' is clicked on

2024-07-12 22:55:52 - [MESSAGE][PASSED] - Object: 'Object Repository/AdminSuiteBootstrap_Pages/VT_Bootstrap/IssueTransactions/a_KeyboardEntry_Sale' is clicked on

2024-07-12 22:55:52 - [TEST_STEP][PASSED] - adminSuiteBootstrap.virtualTerminalSetData.saleKeyboard_DataDriven(row, dataFile): adminSuiteBootstrap.virtualTerminalSetData.saleKeyboard_DataDriven is PASSED

2024-07-12 22:55:56 - [MESSAGE][PASSED] - Text 'Tulsi Raman' is set on object 'Object Repository/AdminSuiteBootstrap_Pages/VT_Bootstrap/SaleKeyboard/input_cardName'

2024-07-12 22:55:57 - [MESSAGE][PASSED] - All options with value 'RETL' are selected in object 'Object Repository/AdminSuiteBootstrap_Pages/VT_Bootstrap/SaleKeyboard/select_transactionCategory'  using regular expression

2024-07-12 22:55:57 - [MESSAGE][PASSED] - Execute JavaScript 'arguments[0].value ='5146312200000035' ' successfully

2024-07-12 22:55:58 - [MESSAGE][PASSED] - Execute JavaScript 'arguments[0].value ='123' ' successfully

2024-07-12 22:55:59 - [MESSAGE][PASSED] - All options with value '12' are selected in object 'Object Repository/AdminSuiteBootstrap_Pages/VT_Bootstrap/SaleKeyboard/select_MM'  using regular expression

2024-07-12 22:56:00 - [MESSAGE][PASSED] - All options with value '2025' are selected in object 'Object Repository/AdminSuiteBootstrap_Pages/VT_Bootstrap/SaleKeyboard/select_YYYY'  using regular expression

2024-07-12 22:56:01 - [MESSAGE][PASSED] - Text '1478 Jhatka Palace' is set on object 'Object Repository/AdminSuiteBootstrap_Pages/VT_Bootstrap/SaleKeyboard/input__address'

2024-07-12 22:56:01 - [MESSAGE][PASSED] - Text 'Suite 500' is set on object 'Object Repository/AdminSuiteBootstrap_Pages/VT_Bootstrap/SaleKeyboard/input__address2'

2024-07-12 22:56:02 - [MESSAGE][PASSED] - Text '22201' is set on object 'Object Repository/AdminSuiteBootstrap_Pages/VT_Bootstrap/SaleKeyboard/input__zip'

2024-07-12 22:56:03 - [MESSAGE][PASSED] - Text '' is set on object 'Object Repository/AdminSuiteBootstrap_Pages/VT_Bootstrap/SaleKeyboard/input_emailAddress'

2024-07-12 22:56:04 - [MESSAGE][PASSED] - Text '' is set on object 'Object Repository/AdminSuiteBootstrap_Pages/VT_Bootstrap/SaleKeyboard/input_smsNumber'

2024-07-12 22:56:05 - [MESSAGE][PASSED] - Text '10.50' is set on object 'Object Repository/AdminSuiteBootstrap_Pages/VT_Bootstrap/SaleKeyboard/input_amount'

2024-07-12 22:56:06 - [MESSAGE][PASSED] - Text 'Australia' is set on object 'Object Repository/AdminSuiteBootstrap_Pages/VT_Bootstrap/SaleKeyboard/input_userDefined1'

2024-07-12 22:56:06 - [MESSAGE][PASSED] - Text 'Denmark' is set on object 'Object Repository/AdminSuiteBootstrap_Pages/VT_Bootstrap/SaleKeyboard/input_userDefined2'

2024-07-12 22:56:07 - [MESSAGE][PASSED] - Text 'Sweden' is set on object 'Object Repository/AdminSuiteBootstrap_Pages/VT_Bootstrap/SaleKeyboard/input_userDefined3'

2024-07-12 22:56:08 - [MESSAGE][PASSED] - Text 'Austria' is set on object 'Object Repository/AdminSuiteBootstrap_Pages/VT_Bootstrap/SaleKeyboard/input_userDefined4'

2024-07-12 22:56:09 - [MESSAGE][PASSED] - All options with label 'Orange' are selected in object 'Object Repository/AdminSuiteBootstrap_Pages/VT_Bootstrap/SaleKeyboard/select_UDF5_DropDown'  using regular expression

2024-07-12 22:56:10 - [MESSAGE][PASSED] - All options with label 'Yellow' are selected in object 'Object Repository/AdminSuiteBootstrap_Pages/VT_Bootstrap/SaleKeyboard/select_UDF6_DropDown'  using regular expression

2024-07-12 22:56:10 - [MESSAGE][PASSED] - Text 'Norway' is set on object 'Object Repository/AdminSuiteBootstrap_Pages/VT_Bootstrap/SaleKeyboard/input_userDefined7'

2024-07-12 22:56:11 - [MESSAGE][PASSED] - Text 'Netherlands' is set on object 'Object Repository/AdminSuiteBootstrap_Pages/VT_Bootstrap/SaleKeyboard/input_userDefined8'

2024-07-12 22:56:12 - [MESSAGE][PASSED] - Text 'Switzerland' is set on object 'Object Repository/AdminSuiteBootstrap_Pages/VT_Bootstrap/SaleKeyboard/input_userDefined9'

2024-07-12 22:56:12 - [MESSAGE][PASSED] - Text 'France' is set on object 'Object Repository/AdminSuiteBootstrap_Pages/VT_Bootstrap/SaleKeyboard/input_userDefined10'

2024-07-12 22:56:14 - [MESSAGE][PASSED] - Object: 'Object Repository/AdminSuiteBootstrap_Pages/VT_Bootstrap/SaleKeyboard/button_Submit' is clicked on

2024-07-12 22:56:14 - [MESSAGE][PASSED] - adminSuiteBootstrap.virtualTerminalSetData.saleKeyboard_DataDriven is PASSED

2024-07-12 22:56:14 - [TEST_STEP][PASSED] - if (verifyTextPresent("Transaction Successful", true)): null

2024-07-12 22:56:14 - [MESSAGE][PASSED] - Text 'Transaction Successful' is present on page  using regular expression

2024-07-12 22:56:14 - [TEST_STEP][PASSED] - sdf = getText(findTestObject(path_Receipt + "td_AutoNoC031622113752957Ahm")): Text of object 'Object Repository/AdminSuiteBootstrap_Pages/VT_Bootstrap/Receipt/td_AutoNoC031622113752957Ahm' is: 'AutoNoC071224224843518Ahm'

2024-07-12 22:56:15 - [MESSAGE][PASSED] - Text of object 'Object Repository/AdminSuiteBootstrap_Pages/VT_Bootstrap/Receipt/td_AutoNoC031622113752957Ahm' is: 'AutoNoC071224224843518Ahm'

2024-07-12 22:56:15 - [TEST_STEP][PASSED] - out.println("sdf: " + sdf): null

2024-07-12 22:56:15 - [TEST_STEP][PASSED] - remID = sdf: null

2024-07-12 22:56:15 - [TEST_STEP][PASSED] - out.println("remID: " + remID): null

2024-07-12 22:56:15 - [TEST_STEP][PASSED] - click(findTestObject(path_Receipt + "button_Continue")): Object: 'Object Repository/AdminSuiteBootstrap_Pages/VT_Bootstrap/Receipt/button_Continue' is clicked on

2024-07-12 22:56:16 - [MESSAGE][PASSED] - Object: 'Object Repository/AdminSuiteBootstrap_Pages/VT_Bootstrap/Receipt/button_Continue' is clicked on

2024-07-12 22:56:16 - [TEST_STEP][PASSED] - click(findTestObject(path_VT + "a_Search Transactions")): Object: 'Object Repository/AdminSuiteBootstrap_Pages/VT_Bootstrap/IssueTransactions/a_Search Transactions' is clicked on

2024-07-12 22:56:16 - [MESSAGE][PASSED] - Object: 'Object Repository/AdminSuiteBootstrap_Pages/VT_Bootstrap/IssueTransactions/a_Search Transactions' is clicked on

2024-07-12 22:56:16 - [TEST_STEP][PASSED] - setText(findTestObject(path_CCSearch + "input_Search By_searchValue"), remID): Text 'AutoNoC071224224843518Ahm' is set on object 'Object Repository/AdminSuiteBootstrap_Pages/VT_Bootstrap/CCCreditOrVoidSearch/input_Search By_searchValue'

2024-07-12 22:56:17 - [MESSAGE][PASSED] - Text 'AutoNoC071224224843518Ahm' is set on object 'Object Repository/AdminSuiteBootstrap_Pages/VT_Bootstrap/CCCreditOrVoidSearch/input_Search By_searchValue'

2024-07-12 22:56:17 - [TEST_STEP][PASSED] - click(findTestObject(path_CCSearch + "button_Submit")): Object: 'Object Repository/AdminSuiteBootstrap_Pages/VT_Bootstrap/CCCreditOrVoidSearch/button_Submit' is clicked on

2024-07-12 22:56:18 - [MESSAGE][PASSED] - Object: 'Object Repository/AdminSuiteBootstrap_Pages/VT_Bootstrap/CCCreditOrVoidSearch/button_Submit' is clicked on

2024-07-12 22:56:18 - [TEST_STEP][PASSED] - fgr = getText(findTestObject(path_SearchResults + "div_Payment ID")): Text of object 'Object Repository/AdminSuiteBootstrap_Pages/VT_Bootstrap/SearchResults/div_Payment ID' is: 'Payment ID
Payment Type
Transaction Type
Remittance ID
Name
Total Amount
End Date
Status
12154818 Credit Card Authorization and Capture AutoNoC071224224843518Ahm Tulsi Raman $10.50 07/12/2024 Success'

2024-07-12 22:56:18 - [MESSAGE][PASSED] - Text of object 'Object Repository/AdminSuiteBootstrap_Pages/VT_Bootstrap/SearchResults/div_Payment ID' is: 'Payment ID
Payment Type
Transaction Type
Remittance ID
Name
Total Amount
End Date
Status
12154818 Credit Card Authorization and Capture AutoNoC071224224843518Ahm Tulsi Raman $10.50 07/12/2024 Success'

2024-07-12 22:56:18 - [TEST_STEP][PASSED] - payID = substring(89, 98).trim(): null

2024-07-12 22:56:18 - [TEST_STEP][PASSED] - out.println("payID: " + payID): null

2024-07-12 22:56:18 - [TEST_STEP][PASSED] - click(findTestObject(path_SearchResults + "button_PaymentID")): Object: 'Object Repository/AdminSuiteBootstrap_Pages/VT_Bootstrap/SearchResults/button_PaymentID' is clicked on

2024-07-12 22:56:19 - [MESSAGE][PASSED] - Object: 'Object Repository/AdminSuiteBootstrap_Pages/VT_Bootstrap/SearchResults/button_PaymentID' is clicked on

2024-07-12 22:56:19 - [TEST_STEP][PASSED] - verifyTextPresent("Tender Type", true): Text 'Tender Type' is present on page  using regular expression

2024-07-12 22:56:20 - [MESSAGE][PASSED] - Text 'Tender Type' is present on page  using regular expression

2024-07-12 22:56:20 - [TEST_STEP][PASSED] - verifyTextPresent("Credit Card", true): Text 'Credit Card' is present on page  using regular expression

2024-07-12 22:56:20 - [MESSAGE][PASSED] - Text 'Credit Card' is present on page  using regular expression

2024-07-12 22:56:20 - [TEST_STEP][PASSED] - verifyTextPresent("Transaction Type", true): Text 'Transaction Type' is present on page  using regular expression

2024-07-12 22:56:21 - [MESSAGE][PASSED] - Text 'Transaction Type' is present on page  using regular expression

2024-07-12 22:56:21 - [TEST_STEP][PASSED] - verifyTextPresent("Authorization and Capture", true): Text 'Authorization and Capture' is present on page  using regular expression

2024-07-12 22:56:21 - [MESSAGE][PASSED] - Text 'Authorization and Capture' is present on page  using regular expression

2024-07-12 22:56:21 - [TEST_STEP][PASSED] - verifyTextPresent("Transaction Posted by", true): Text 'Transaction Posted by' is present on page  using regular expression

2024-07-12 22:56:21 - [MESSAGE][PASSED] - Text 'Transaction Posted by' is present on page  using regular expression

2024-07-12 22:56:21 - [TEST_STEP][PASSED] - verifyTextPresent("iahmed", true): Text 'iahmed' is present on page  using regular expression

2024-07-12 22:56:22 - [MESSAGE][PASSED] - Text 'iahmed' is present on page  using regular expression

2024-07-12 22:56:22 - [TEST_STEP][PASSED] - click(findTestObject(path_TranxDetails + "a_Credit this transaction")): Object: 'Object Repository/AdminSuiteBootstrap_Pages/VT_Bootstrap/TransactionDetails/a_Credit this transaction' is clicked on

2024-07-12 22:56:23 - [MESSAGE][PASSED] - Object: 'Object Repository/AdminSuiteBootstrap_Pages/VT_Bootstrap/TransactionDetails/a_Credit this transaction' is clicked on

2024-07-12 22:56:23 - [TEST_STEP][PASSED] - verifyTextPresent("Credit Card Credit", true): Text 'Credit Card Credit' is present on page  using regular expression

2024-07-12 22:56:23 - [MESSAGE][PASSED] - Text 'Credit Card Credit' is present on page  using regular expression

2024-07-12 22:56:23 - [TEST_STEP][PASSED] - click(findTestObject(path_TranxDetails + "button_Submit")): Object: 'Object Repository/AdminSuiteBootstrap_Pages/VT_Bootstrap/TransactionDetails/button_Submit' is clicked on

2024-07-12 22:56:24 - [MESSAGE][PASSED] - Object: 'Object Repository/AdminSuiteBootstrap_Pages/VT_Bootstrap/TransactionDetails/button_Submit' is clicked on

2024-07-12 22:56:24 - [TEST_STEP][PASSED] - verifyTextPresent("Transaction Successful", true): Text 'Transaction Successful' is present on page  using regular expression

2024-07-12 22:56:25 - [MESSAGE][PASSED] - Text 'Transaction Successful' is present on page  using regular expression

2024-07-12 22:56:25 - [TEST_STEP][PASSED] - verifyTextPresent("Transaction Type", true): Text 'Transaction Type' is present on page  using regular expression

2024-07-12 22:56:25 - [MESSAGE][PASSED] - Text 'Transaction Type' is present on page  using regular expression

2024-07-12 22:56:25 - [TEST_STEP][PASSED] - verifyTextPresent("Credit", true): Text 'Credit' is present on page  using regular expression

2024-07-12 22:56:26 - [MESSAGE][PASSED] - Text 'Credit' is present on page  using regular expression

2024-07-12 22:56:26 - [TEST_STEP][PASSED] - closeBrowser(): Browser is closed

2024-07-12 22:56:27 - [MESSAGE][PASSED] - Browser is closed

2024-07-12 22:56:27 - [TEST_STEP][PASSED] - ExecuteTC = findTestData(dataFile).getValue("Execute", row): null

2024-07-12 22:56:27 - [TEST_STEP][PASSED] - out.println("Value of Execute is : " + ExecuteTC): null

2024-07-12 22:56:27 - [TEST_STEP][PASSED] - switch (executionProfile): null

2024-07-12 22:56:27 - [TEST_STEP][PASSED] - case "QA2Profile":: null

2024-07-12 22:56:27 - [TEST_STEP][PASSED] - appName = findTestData(dataFile).getValue("AppNameQA", row): null

2024-07-12 22:56:27 - [TEST_STEP][PASSED] - appID = findTestData(dataFile).getValue("AppIDQA", row): null

2024-07-12 22:56:27 - [TEST_STEP][PASSED] - break: null

2024-07-12 22:56:27 - [TEST_STEP][PASSED] - hrefAppID = li_1 + appID + li_2: null

2024-07-12 22:56:27 - [TEST_STEP][PASSED] - hrefApp = li_1 + appID + "/": null

2024-07-12 22:56:27 - [TEST_STEP][PASSED] - println("hrefApp : " + hrefApp): null

2024-07-12 22:56:27 - [TEST_STEP][PASSED] - if (ExecuteTC.equalsIgnoreCase("Y")): null

2024-07-12 22:56:27 - [TEST_STEP][PASSED] - out.println("Begin Record Number: " + row): null

2024-07-12 22:56:27 - [TEST_STEP][PASSED] - today = new java.util.Date(): null

2024-07-12 22:56:27 - [TEST_STEP][PASSED] - println(today): null

2024-07-12 22:56:27 - [TEST_STEP][PASSED] - datText = today: null

2024-07-12 22:56:27 - [TEST_STEP][PASSED] - adminSuiteBootstrap.loginFunctionality.login_AdminSuite(): adminSuiteBootstrap.loginFunctionality.login_AdminSuite is PASSED

2024-07-12 22:56:27 - [MESSAGE][INFO] - Starting 'Chrome' driver

2024-07-12 22:56:27 - [MESSAGE][INFO] - User set preference: ['acceptInsecureCerts', 'true']

2024-07-12 22:56:27 - [MESSAGE][INFO] - Action delay is set to 0 milliseconds

2024-07-12 22:56:29 - [MESSAGE][PASSED] - Browser is opened with url: 'https://qa2.velocitypayment.com/admin/imtiaz'

2024-07-12 22:56:30 - [MESSAGE][PASSED] - Current window maximized

2024-07-12 22:56:31 - [MESSAGE][PASSED] - Object 'Object Repository/Login_Page/Login_Username_Okta' is present

2024-07-12 22:56:31 - [MESSAGE][PASSED] - Text 'iahmed' is set on object 'Object Repository/Login_Page/Login_Username_Okta'

2024-07-12 22:56:32 - [MESSAGE][PASSED] - Text 'Hello!6666666' is set on object 'Object Repository/Login_Page/Login_Password_Okta'

2024-07-12 22:56:33 - [MESSAGE][PASSED] - Object: 'Object Repository/Login_Page/Login_Submit_Okta' is clicked on

2024-07-12 22:56:33 - [MESSAGE][PASSED] - adminSuiteBootstrap.loginFunctionality.login_AdminSuite is PASSED

2024-07-12 22:56:33 - [TEST_STEP][PASSED] - click(findTestObject(path_Dashboard + appName)): Object: 'Object Repository/AdminSuiteBootstrap_Pages/Dashboard_Bootstrap/a_Access AutoNoCFtp' is clicked on

2024-07-12 22:56:41 - [MESSAGE][PASSED] - Object: 'Object Repository/AdminSuiteBootstrap_Pages/Dashboard_Bootstrap/a_Access AutoNoCFtp' is clicked on

2024-07-12 22:56:41 - [TEST_STEP][PASSED] - click(findTestObject(path_VT + "button_Authorization  Capture (Sale)")): Object: 'Object Repository/AdminSuiteBootstrap_Pages/VT_Bootstrap/IssueTransactions/button_Authorization  Capture (Sale)' is clicked on

2024-07-12 22:56:42 - [MESSAGE][PASSED] - Object: 'Object Repository/AdminSuiteBootstrap_Pages/VT_Bootstrap/IssueTransactions/button_Authorization  Capture (Sale)' is clicked on

2024-07-12 22:56:42 - [TEST_STEP][PASSED] - saleKeyboardEntryLink = modifyObjectProperty(findTestObject(path_VT + "a_KeyboardEntry_Sale"), "href", "equals", hrefAppID, true): Modify property of object successfully

2024-07-12 22:56:42 - [MESSAGE][PASSED] - Modify property of object successfully

2024-07-12 22:56:42 - [TEST_STEP][PASSED] - click(saleKeyboardEntryLink): Object: 'Object Repository/AdminSuiteBootstrap_Pages/VT_Bootstrap/IssueTransactions/a_KeyboardEntry_Sale' is clicked on

2024-07-12 22:56:42 - [MESSAGE][PASSED] - Object: 'Object Repository/AdminSuiteBootstrap_Pages/VT_Bootstrap/IssueTransactions/a_KeyboardEntry_Sale' is clicked on

2024-07-12 22:56:42 - [TEST_STEP][PASSED] - adminSuiteBootstrap.virtualTerminalSetData.saleKeyboard_DataDriven(row, dataFile): adminSuiteBootstrap.virtualTerminalSetData.saleKeyboard_DataDriven is PASSED

2024-07-12 22:56:46 - [MESSAGE][PASSED] - Text 'Tulsi Raman' is set on object 'Object Repository/AdminSuiteBootstrap_Pages/VT_Bootstrap/SaleKeyboard/input_cardName'

2024-07-12 22:56:47 - [MESSAGE][PASSED] - All options with value 'RETL' are selected in object 'Object Repository/AdminSuiteBootstrap_Pages/VT_Bootstrap/SaleKeyboard/select_transactionCategory'  using regular expression

2024-07-12 22:56:47 - [MESSAGE][PASSED] - Execute JavaScript 'arguments[0].value ='371449635392376' ' successfully

2024-07-12 22:56:48 - [MESSAGE][PASSED] - Execute JavaScript 'arguments[0].value ='123' ' successfully

2024-07-12 22:56:49 - [MESSAGE][PASSED] - All options with value '12' are selected in object 'Object Repository/AdminSuiteBootstrap_Pages/VT_Bootstrap/SaleKeyboard/select_MM'  using regular expression

2024-07-12 22:56:50 - [MESSAGE][PASSED] - All options with value '2025' are selected in object 'Object Repository/AdminSuiteBootstrap_Pages/VT_Bootstrap/SaleKeyboard/select_YYYY'  using regular expression

2024-07-12 22:56:51 - [MESSAGE][PASSED] - Text '550 Swan Lake' is set on object 'Object Repository/AdminSuiteBootstrap_Pages/VT_Bootstrap/SaleKeyboard/input__address'

2024-07-12 22:56:51 - [MESSAGE][PASSED] - Text 'Suite 500' is set on object 'Object Repository/AdminSuiteBootstrap_Pages/VT_Bootstrap/SaleKeyboard/input__address2'

2024-07-12 22:56:52 - [MESSAGE][PASSED] - Text '22201' is set on object 'Object Repository/AdminSuiteBootstrap_Pages/VT_Bootstrap/SaleKeyboard/input__zip'

2024-07-12 22:56:53 - [MESSAGE][PASSED] - Text '' is set on object 'Object Repository/AdminSuiteBootstrap_Pages/VT_Bootstrap/SaleKeyboard/input_emailAddress'

2024-07-12 22:56:54 - [MESSAGE][PASSED] - Text '' is set on object 'Object Repository/AdminSuiteBootstrap_Pages/VT_Bootstrap/SaleKeyboard/input_smsNumber'

2024-07-12 22:56:55 - [MESSAGE][PASSED] - Text '10.50' is set on object 'Object Repository/AdminSuiteBootstrap_Pages/VT_Bootstrap/SaleKeyboard/input_amount'

2024-07-12 22:56:56 - [MESSAGE][PASSED] - Text 'Australia' is set on object 'Object Repository/AdminSuiteBootstrap_Pages/VT_Bootstrap/SaleKeyboard/input_userDefined1'

2024-07-12 22:56:56 - [MESSAGE][PASSED] - Text 'Denmark' is set on object 'Object Repository/AdminSuiteBootstrap_Pages/VT_Bootstrap/SaleKeyboard/input_userDefined2'

2024-07-12 22:56:57 - [MESSAGE][PASSED] - Text 'Sweden' is set on object 'Object Repository/AdminSuiteBootstrap_Pages/VT_Bootstrap/SaleKeyboard/input_userDefined3'

2024-07-12 22:56:58 - [MESSAGE][PASSED] - Text 'Austria' is set on object 'Object Repository/AdminSuiteBootstrap_Pages/VT_Bootstrap/SaleKeyboard/input_userDefined4'

2024-07-12 22:56:59 - [MESSAGE][PASSED] - All options with label 'Orange' are selected in object 'Object Repository/AdminSuiteBootstrap_Pages/VT_Bootstrap/SaleKeyboard/select_UDF5_DropDown'  using regular expression

2024-07-12 22:57:00 - [MESSAGE][PASSED] - All options with label 'Yellow' are selected in object 'Object Repository/AdminSuiteBootstrap_Pages/VT_Bootstrap/SaleKeyboard/select_UDF6_DropDown'  using regular expression

2024-07-12 22:57:00 - [MESSAGE][PASSED] - Text 'Norway' is set on object 'Object Repository/AdminSuiteBootstrap_Pages/VT_Bootstrap/SaleKeyboard/input_userDefined7'

2024-07-12 22:57:01 - [MESSAGE][PASSED] - Text 'Netherlands' is set on object 'Object Repository/AdminSuiteBootstrap_Pages/VT_Bootstrap/SaleKeyboard/input_userDefined8'

2024-07-12 22:57:02 - [MESSAGE][PASSED] - Text 'Switzerland' is set on object 'Object Repository/AdminSuiteBootstrap_Pages/VT_Bootstrap/SaleKeyboard/input_userDefined9'

2024-07-12 22:57:03 - [MESSAGE][PASSED] - Text 'France' is set on object 'Object Repository/AdminSuiteBootstrap_Pages/VT_Bootstrap/SaleKeyboard/input_userDefined10'

2024-07-12 22:57:04 - [MESSAGE][PASSED] - Object: 'Object Repository/AdminSuiteBootstrap_Pages/VT_Bootstrap/SaleKeyboard/button_Submit' is clicked on

2024-07-12 22:57:04 - [MESSAGE][PASSED] - adminSuiteBootstrap.virtualTerminalSetData.saleKeyboard_DataDriven is PASSED

2024-07-12 22:57:04 - [TEST_STEP][PASSED] - if (verifyTextPresent("Transaction Successful", true)): null

2024-07-12 22:57:04 - [MESSAGE][PASSED] - Text 'Transaction Successful' is present on page  using regular expression

2024-07-12 22:57:04 - [TEST_STEP][PASSED] - sdf = getText(findTestObject(path_Receipt + "td_AutoNoC031622113752957Ahm")): Text of object 'Object Repository/AdminSuiteBootstrap_Pages/VT_Bootstrap/Receipt/td_AutoNoC031622113752957Ahm' is: 'AutoNoC071224224933651Ahm'

2024-07-12 22:57:05 - [MESSAGE][PASSED] - Text of object 'Object Repository/AdminSuiteBootstrap_Pages/VT_Bootstrap/Receipt/td_AutoNoC031622113752957Ahm' is: 'AutoNoC071224224933651Ahm'

2024-07-12 22:57:05 - [TEST_STEP][PASSED] - out.println("sdf: " + sdf): null

2024-07-12 22:57:05 - [TEST_STEP][PASSED] - remID = sdf: null

2024-07-12 22:57:05 - [TEST_STEP][PASSED] - out.println("remID: " + remID): null

2024-07-12 22:57:05 - [TEST_STEP][PASSED] - click(findTestObject(path_Receipt + "button_Continue")): Object: 'Object Repository/AdminSuiteBootstrap_Pages/VT_Bootstrap/Receipt/button_Continue' is clicked on

2024-07-12 22:57:06 - [MESSAGE][PASSED] - Object: 'Object Repository/AdminSuiteBootstrap_Pages/VT_Bootstrap/Receipt/button_Continue' is clicked on

2024-07-12 22:57:06 - [TEST_STEP][PASSED] - click(findTestObject(path_VT + "a_Search Transactions")): Object: 'Object Repository/AdminSuiteBootstrap_Pages/VT_Bootstrap/IssueTransactions/a_Search Transactions' is clicked on

2024-07-12 22:57:07 - [MESSAGE][PASSED] - Object: 'Object Repository/AdminSuiteBootstrap_Pages/VT_Bootstrap/IssueTransactions/a_Search Transactions' is clicked on

2024-07-12 22:57:07 - [TEST_STEP][PASSED] - setText(findTestObject(path_CCSearch + "input_Search By_searchValue"), remID): Text 'AutoNoC071224224933651Ahm' is set on object 'Object Repository/AdminSuiteBootstrap_Pages/VT_Bootstrap/CCCreditOrVoidSearch/input_Search By_searchValue'

2024-07-12 22:57:07 - [MESSAGE][PASSED] - Text 'AutoNoC071224224933651Ahm' is set on object 'Object Repository/AdminSuiteBootstrap_Pages/VT_Bootstrap/CCCreditOrVoidSearch/input_Search By_searchValue'

2024-07-12 22:57:07 - [TEST_STEP][PASSED] - click(findTestObject(path_CCSearch + "button_Submit")): Object: 'Object Repository/AdminSuiteBootstrap_Pages/VT_Bootstrap/CCCreditOrVoidSearch/button_Submit' is clicked on

2024-07-12 22:57:08 - [MESSAGE][PASSED] - Object: 'Object Repository/AdminSuiteBootstrap_Pages/VT_Bootstrap/CCCreditOrVoidSearch/button_Submit' is clicked on

2024-07-12 22:57:08 - [TEST_STEP][PASSED] - fgr = getText(findTestObject(path_SearchResults + "div_Payment ID")): Text of object 'Object Repository/AdminSuiteBootstrap_Pages/VT_Bootstrap/SearchResults/div_Payment ID' is: 'Payment ID
Payment Type
Transaction Type
Remittance ID
Name
Total Amount
End Date
Status
12154820 Credit Card Authorization and Capture AutoNoC071224224933651Ahm Tulsi Raman $10.50 07/12/2024 Success'

2024-07-12 22:57:09 - [MESSAGE][PASSED] - Text of object 'Object Repository/AdminSuiteBootstrap_Pages/VT_Bootstrap/SearchResults/div_Payment ID' is: 'Payment ID
Payment Type
Transaction Type
Remittance ID
Name
Total Amount
End Date
Status
12154820 Credit Card Authorization and Capture AutoNoC071224224933651Ahm Tulsi Raman $10.50 07/12/2024 Success'

2024-07-12 22:57:09 - [TEST_STEP][PASSED] - payID = substring(89, 98).trim(): null

2024-07-12 22:57:09 - [TEST_STEP][PASSED] - out.println("payID: " + payID): null

2024-07-12 22:57:09 - [TEST_STEP][PASSED] - click(findTestObject(path_SearchResults + "button_PaymentID")): Object: 'Object Repository/AdminSuiteBootstrap_Pages/VT_Bootstrap/SearchResults/button_PaymentID' is clicked on

2024-07-12 22:57:09 - [MESSAGE][PASSED] - Object: 'Object Repository/AdminSuiteBootstrap_Pages/VT_Bootstrap/SearchResults/button_PaymentID' is clicked on

2024-07-12 22:57:09 - [TEST_STEP][PASSED] - verifyTextPresent("Tender Type", true): Text 'Tender Type' is present on page  using regular expression

2024-07-12 22:57:10 - [MESSAGE][PASSED] - Text 'Tender Type' is present on page  using regular expression

2024-07-12 22:57:10 - [TEST_STEP][PASSED] - verifyTextPresent("Credit Card", true): Text 'Credit Card' is present on page  using regular expression

2024-07-12 22:57:11 - [MESSAGE][PASSED] - Text 'Credit Card' is present on page  using regular expression

2024-07-12 22:57:11 - [TEST_STEP][PASSED] - verifyTextPresent("Transaction Type", true): Text 'Transaction Type' is present on page  using regular expression

2024-07-12 22:57:11 - [MESSAGE][PASSED] - Text 'Transaction Type' is present on page  using regular expression

2024-07-12 22:57:11 - [TEST_STEP][PASSED] - verifyTextPresent("Authorization and Capture", true): Text 'Authorization and Capture' is present on page  using regular expression

2024-07-12 22:57:11 - [MESSAGE][PASSED] - Text 'Authorization and Capture' is present on page  using regular expression

2024-07-12 22:57:11 - [TEST_STEP][PASSED] - verifyTextPresent("Transaction Posted by", true): Text 'Transaction Posted by' is present on page  using regular expression

2024-07-12 22:57:12 - [MESSAGE][PASSED] - Text 'Transaction Posted by' is present on page  using regular expression

2024-07-12 22:57:12 - [TEST_STEP][PASSED] - verifyTextPresent("iahmed", true): Text 'iahmed' is present on page  using regular expression

2024-07-12 22:57:12 - [MESSAGE][PASSED] - Text 'iahmed' is present on page  using regular expression

2024-07-12 22:57:12 - [TEST_STEP][PASSED] - click(findTestObject(path_TranxDetails + "a_Credit this transaction")): Object: 'Object Repository/AdminSuiteBootstrap_Pages/VT_Bootstrap/TransactionDetails/a_Credit this transaction' is clicked on

2024-07-12 22:57:13 - [MESSAGE][PASSED] - Object: 'Object Repository/AdminSuiteBootstrap_Pages/VT_Bootstrap/TransactionDetails/a_Credit this transaction' is clicked on

2024-07-12 22:57:13 - [TEST_STEP][PASSED] - verifyTextPresent("Credit Card Credit", true): Text 'Credit Card Credit' is present on page  using regular expression

2024-07-12 22:57:14 - [MESSAGE][PASSED] - Text 'Credit Card Credit' is present on page  using regular expression

2024-07-12 22:57:14 - [TEST_STEP][PASSED] - click(findTestObject(path_TranxDetails + "button_Submit")): Object: 'Object Repository/AdminSuiteBootstrap_Pages/VT_Bootstrap/TransactionDetails/button_Submit' is clicked on

2024-07-12 22:57:15 - [MESSAGE][PASSED] - Object: 'Object Repository/AdminSuiteBootstrap_Pages/VT_Bootstrap/TransactionDetails/button_Submit' is clicked on

2024-07-12 22:57:15 - [TEST_STEP][PASSED] - verifyTextPresent("Transaction Successful", true): Text 'Transaction Successful' is present on page  using regular expression

2024-07-12 22:57:15 - [MESSAGE][PASSED] - Text 'Transaction Successful' is present on page  using regular expression

2024-07-12 22:57:15 - [TEST_STEP][PASSED] - verifyTextPresent("Transaction Type", true): Text 'Transaction Type' is present on page  using regular expression

2024-07-12 22:57:16 - [MESSAGE][PASSED] - Text 'Transaction Type' is present on page  using regular expression

2024-07-12 22:57:16 - [TEST_STEP][PASSED] - verifyTextPresent("Credit", true): Text 'Credit' is present on page  using regular expression

2024-07-12 22:57:16 - [MESSAGE][PASSED] - Text 'Credit' is present on page  using regular expression

2024-07-12 22:57:16 - [TEST_STEP][PASSED] - closeBrowser(): Browser is closed

2024-07-12 22:57:17 - [MESSAGE][PASSED] - Browser is closed

2024-07-12 22:57:17 - [TEST_STEP][PASSED] - ExecuteTC = findTestData(dataFile).getValue("Execute", row): null

2024-07-12 22:57:17 - [TEST_STEP][PASSED] - out.println("Value of Execute is : " + ExecuteTC): null

2024-07-12 22:57:17 - [TEST_STEP][PASSED] - switch (executionProfile): null

2024-07-12 22:57:17 - [TEST_STEP][PASSED] - case "QA2Profile":: null

2024-07-12 22:57:17 - [TEST_STEP][PASSED] - appName = findTestData(dataFile).getValue("AppNameQA", row): null

2024-07-12 22:57:18 - [TEST_STEP][PASSED] - appID = findTestData(dataFile).getValue("AppIDQA", row): null

2024-07-12 22:57:18 - [TEST_STEP][PASSED] - break: null

2024-07-12 22:57:18 - [TEST_STEP][PASSED] - hrefAppID = li_1 + appID + li_2: null

2024-07-12 22:57:18 - [TEST_STEP][PASSED] - hrefApp = li_1 + appID + "/": null

2024-07-12 22:57:18 - [TEST_STEP][PASSED] - println("hrefApp : " + hrefApp): null

2024-07-12 22:57:18 - [TEST_STEP][PASSED] - if (ExecuteTC.equalsIgnoreCase("Y")): null

2024-07-12 22:57:18 - [TEST_STEP][PASSED] - out.println("Begin Record Number: " + row): null

2024-07-12 22:57:18 - [TEST_STEP][PASSED] - today = new java.util.Date(): null

2024-07-12 22:57:18 - [TEST_STEP][PASSED] - println(today): null

2024-07-12 22:57:18 - [TEST_STEP][PASSED] - datText = today: null

2024-07-12 22:57:18 - [TEST_STEP][PASSED] - adminSuiteBootstrap.loginFunctionality.login_AdminSuite(): adminSuiteBootstrap.loginFunctionality.login_AdminSuite is PASSED

2024-07-12 22:57:18 - [MESSAGE][INFO] - Starting 'Chrome' driver

2024-07-12 22:57:18 - [MESSAGE][INFO] - User set preference: ['acceptInsecureCerts', 'true']

2024-07-12 22:57:18 - [MESSAGE][INFO] - Action delay is set to 0 milliseconds

2024-07-12 22:57:20 - [MESSAGE][PASSED] - Browser is opened with url: 'https://qa2.velocitypayment.com/admin/imtiaz'

2024-07-12 22:57:21 - [MESSAGE][PASSED] - Current window maximized

2024-07-12 22:57:21 - [MESSAGE][PASSED] - Object 'Object Repository/Login_Page/Login_Username_Okta' is present

2024-07-12 22:57:22 - [MESSAGE][PASSED] - Text 'iahmed' is set on object 'Object Repository/Login_Page/Login_Username_Okta'

2024-07-12 22:57:23 - [MESSAGE][PASSED] - Text 'Hello!6666666' is set on object 'Object Repository/Login_Page/Login_Password_Okta'

2024-07-12 22:57:23 - [MESSAGE][PASSED] - Object: 'Object Repository/Login_Page/Login_Submit_Okta' is clicked on

2024-07-12 22:57:23 - [MESSAGE][PASSED] - adminSuiteBootstrap.loginFunctionality.login_AdminSuite is PASSED

2024-07-12 22:57:23 - [TEST_STEP][PASSED] - click(findTestObject(path_Dashboard + appName)): Object: 'Object Repository/AdminSuiteBootstrap_Pages/Dashboard_Bootstrap/a_Access AutoNoCFtp' is clicked on

2024-07-12 22:57:31 - [MESSAGE][PASSED] - Object: 'Object Repository/AdminSuiteBootstrap_Pages/Dashboard_Bootstrap/a_Access AutoNoCFtp' is clicked on

2024-07-12 22:57:31 - [TEST_STEP][PASSED] - click(findTestObject(path_VT + "button_Authorization  Capture (Sale)")): Object: 'Object Repository/AdminSuiteBootstrap_Pages/VT_Bootstrap/IssueTransactions/button_Authorization  Capture (Sale)' is clicked on

2024-07-12 22:57:32 - [MESSAGE][PASSED] - Object: 'Object Repository/AdminSuiteBootstrap_Pages/VT_Bootstrap/IssueTransactions/button_Authorization  Capture (Sale)' is clicked on

2024-07-12 22:57:32 - [TEST_STEP][PASSED] - saleKeyboardEntryLink = modifyObjectProperty(findTestObject(path_VT + "a_KeyboardEntry_Sale"), "href", "equals", hrefAppID, true): Modify property of object successfully

2024-07-12 22:57:32 - [MESSAGE][PASSED] - Modify property of object successfully

2024-07-12 22:57:32 - [TEST_STEP][PASSED] - click(saleKeyboardEntryLink): Object: 'Object Repository/AdminSuiteBootstrap_Pages/VT_Bootstrap/IssueTransactions/a_KeyboardEntry_Sale' is clicked on

2024-07-12 22:57:33 - [MESSAGE][PASSED] - Object: 'Object Repository/AdminSuiteBootstrap_Pages/VT_Bootstrap/IssueTransactions/a_KeyboardEntry_Sale' is clicked on

2024-07-12 22:57:33 - [TEST_STEP][PASSED] - adminSuiteBootstrap.virtualTerminalSetData.saleKeyboard_DataDriven(row, dataFile): adminSuiteBootstrap.virtualTerminalSetData.saleKeyboard_DataDriven is PASSED

2024-07-12 22:57:36 - [MESSAGE][PASSED] - Text 'Tulsi Raman' is set on object 'Object Repository/AdminSuiteBootstrap_Pages/VT_Bootstrap/SaleKeyboard/input_cardName'

2024-07-12 22:57:37 - [MESSAGE][PASSED] - All options with value 'RETL' are selected in object 'Object Repository/AdminSuiteBootstrap_Pages/VT_Bootstrap/SaleKeyboard/select_transactionCategory'  using regular expression

2024-07-12 22:57:38 - [MESSAGE][PASSED] - Execute JavaScript 'arguments[0].value ='6011000993026909' ' successfully

2024-07-12 22:57:38 - [MESSAGE][PASSED] - Execute JavaScript 'arguments[0].value ='123' ' successfully

2024-07-12 22:57:39 - [MESSAGE][PASSED] - All options with value '12' are selected in object 'Object Repository/AdminSuiteBootstrap_Pages/VT_Bootstrap/SaleKeyboard/select_MM'  using regular expression

2024-07-12 22:57:40 - [MESSAGE][PASSED] - All options with value '2025' are selected in object 'Object Repository/AdminSuiteBootstrap_Pages/VT_Bootstrap/SaleKeyboard/select_YYYY'  using regular expression

2024-07-12 22:57:41 - [MESSAGE][PASSED] - Text '25987 Hill Top' is set on object 'Object Repository/AdminSuiteBootstrap_Pages/VT_Bootstrap/SaleKeyboard/input__address'

2024-07-12 22:57:42 - [MESSAGE][PASSED] - Text 'Suite 500' is set on object 'Object Repository/AdminSuiteBootstrap_Pages/VT_Bootstrap/SaleKeyboard/input__address2'

2024-07-12 22:57:43 - [MESSAGE][PASSED] - Text '22201' is set on object 'Object Repository/AdminSuiteBootstrap_Pages/VT_Bootstrap/SaleKeyboard/input__zip'

2024-07-12 22:57:43 - [MESSAGE][PASSED] - Text '' is set on object 'Object Repository/AdminSuiteBootstrap_Pages/VT_Bootstrap/SaleKeyboard/input_emailAddress'

2024-07-12 22:57:45 - [MESSAGE][PASSED] - Text '' is set on object 'Object Repository/AdminSuiteBootstrap_Pages/VT_Bootstrap/SaleKeyboard/input_smsNumber'

2024-07-12 22:57:45 - [MESSAGE][PASSED] - Text '10.50' is set on object 'Object Repository/AdminSuiteBootstrap_Pages/VT_Bootstrap/SaleKeyboard/input_amount'

2024-07-12 22:57:46 - [MESSAGE][PASSED] - Text 'Australia' is set on object 'Object Repository/AdminSuiteBootstrap_Pages/VT_Bootstrap/SaleKeyboard/input_userDefined1'

2024-07-12 22:57:47 - [MESSAGE][PASSED] - Text 'Denmark' is set on object 'Object Repository/AdminSuiteBootstrap_Pages/VT_Bootstrap/SaleKeyboard/input_userDefined2'

2024-07-12 22:57:48 - [MESSAGE][PASSED] - Text 'Sweden' is set on object 'Object Repository/AdminSuiteBootstrap_Pages/VT_Bootstrap/SaleKeyboard/input_userDefined3'

2024-07-12 22:57:48 - [MESSAGE][PASSED] - Text 'Austria' is set on object 'Object Repository/AdminSuiteBootstrap_Pages/VT_Bootstrap/SaleKeyboard/input_userDefined4'

2024-07-12 22:57:49 - [MESSAGE][PASSED] - All options with label 'Orange' are selected in object 'Object Repository/AdminSuiteBootstrap_Pages/VT_Bootstrap/SaleKeyboard/select_UDF5_DropDown'  using regular expression

2024-07-12 22:57:50 - [MESSAGE][PASSED] - All options with label 'Yellow' are selected in object 'Object Repository/AdminSuiteBootstrap_Pages/VT_Bootstrap/SaleKeyboard/select_UDF6_DropDown'  using regular expression

2024-07-12 22:57:51 - [MESSAGE][PASSED] - Text 'Norway' is set on object 'Object Repository/AdminSuiteBootstrap_Pages/VT_Bootstrap/SaleKeyboard/input_userDefined7'

2024-07-12 22:57:52 - [MESSAGE][PASSED] - Text 'Netherlands' is set on object 'Object Repository/AdminSuiteBootstrap_Pages/VT_Bootstrap/SaleKeyboard/input_userDefined8'

2024-07-12 22:57:52 - [MESSAGE][PASSED] - Text 'Switzerland' is set on object 'Object Repository/AdminSuiteBootstrap_Pages/VT_Bootstrap/SaleKeyboard/input_userDefined9'

2024-07-12 22:57:53 - [MESSAGE][PASSED] - Text 'France' is set on object 'Object Repository/AdminSuiteBootstrap_Pages/VT_Bootstrap/SaleKeyboard/input_userDefined10'

2024-07-12 22:57:54 - [MESSAGE][PASSED] - Object: 'Object Repository/AdminSuiteBootstrap_Pages/VT_Bootstrap/SaleKeyboard/button_Submit' is clicked on

2024-07-12 22:57:54 - [MESSAGE][PASSED] - adminSuiteBootstrap.virtualTerminalSetData.saleKeyboard_DataDriven is PASSED

2024-07-12 22:57:54 - [TEST_STEP][PASSED] - if (verifyTextPresent("Transaction Successful", true)): null

2024-07-12 22:57:55 - [MESSAGE][PASSED] - Text 'Transaction Successful' is present on page  using regular expression

2024-07-12 22:57:55 - [TEST_STEP][PASSED] - sdf = getText(findTestObject(path_Receipt + "td_AutoNoC031622113752957Ahm")): Text of object 'Object Repository/AdminSuiteBootstrap_Pages/VT_Bootstrap/Receipt/td_AutoNoC031622113752957Ahm' is: 'AutoNoC071224225024054Ahm'

2024-07-12 22:57:55 - [MESSAGE][PASSED] - Text of object 'Object Repository/AdminSuiteBootstrap_Pages/VT_Bootstrap/Receipt/td_AutoNoC031622113752957Ahm' is: 'AutoNoC071224225024054Ahm'

2024-07-12 22:57:55 - [TEST_STEP][PASSED] - out.println("sdf: " + sdf): null

2024-07-12 22:57:55 - [TEST_STEP][PASSED] - remID = sdf: null

2024-07-12 22:57:55 - [TEST_STEP][PASSED] - out.println("remID: " + remID): null

2024-07-12 22:57:55 - [TEST_STEP][PASSED] - click(findTestObject(path_Receipt + "button_Continue")): Object: 'Object Repository/AdminSuiteBootstrap_Pages/VT_Bootstrap/Receipt/button_Continue' is clicked on

2024-07-12 22:57:56 - [MESSAGE][PASSED] - Object: 'Object Repository/AdminSuiteBootstrap_Pages/VT_Bootstrap/Receipt/button_Continue' is clicked on

2024-07-12 22:57:56 - [TEST_STEP][PASSED] - click(findTestObject(path_VT + "a_Search Transactions")): Object: 'Object Repository/AdminSuiteBootstrap_Pages/VT_Bootstrap/IssueTransactions/a_Search Transactions' is clicked on

2024-07-12 22:57:57 - [MESSAGE][PASSED] - Object: 'Object Repository/AdminSuiteBootstrap_Pages/VT_Bootstrap/IssueTransactions/a_Search Transactions' is clicked on

2024-07-12 22:57:57 - [TEST_STEP][PASSED] - setText(findTestObject(path_CCSearch + "input_Search By_searchValue"), remID): Text 'AutoNoC071224225024054Ahm' is set on object 'Object Repository/AdminSuiteBootstrap_Pages/VT_Bootstrap/CCCreditOrVoidSearch/input_Search By_searchValue'

2024-07-12 22:57:58 - [MESSAGE][PASSED] - Text 'AutoNoC071224225024054Ahm' is set on object 'Object Repository/AdminSuiteBootstrap_Pages/VT_Bootstrap/CCCreditOrVoidSearch/input_Search By_searchValue'

2024-07-12 22:57:58 - [TEST_STEP][PASSED] - click(findTestObject(path_CCSearch + "button_Submit")): Object: 'Object Repository/AdminSuiteBootstrap_Pages/VT_Bootstrap/CCCreditOrVoidSearch/button_Submit' is clicked on

2024-07-12 22:57:59 - [MESSAGE][PASSED] - Object: 'Object Repository/AdminSuiteBootstrap_Pages/VT_Bootstrap/CCCreditOrVoidSearch/button_Submit' is clicked on

2024-07-12 22:57:59 - [TEST_STEP][PASSED] - fgr = getText(findTestObject(path_SearchResults + "div_Payment ID")): Text of object 'Object Repository/AdminSuiteBootstrap_Pages/VT_Bootstrap/SearchResults/div_Payment ID' is: 'Payment ID
Payment Type
Transaction Type
Remittance ID
Name
Total Amount
End Date
Status
12154822 Credit Card Authorization and Capture AutoNoC071224225024054Ahm Tulsi Raman $10.50 07/12/2024 Success'

2024-07-12 22:57:59 - [MESSAGE][PASSED] - Text of object 'Object Repository/AdminSuiteBootstrap_Pages/VT_Bootstrap/SearchResults/div_Payment ID' is: 'Payment ID
Payment Type
Transaction Type
Remittance ID
Name
Total Amount
End Date
Status
12154822 Credit Card Authorization and Capture AutoNoC071224225024054Ahm Tulsi Raman $10.50 07/12/2024 Success'

2024-07-12 22:57:59 - [TEST_STEP][PASSED] - payID = substring(89, 98).trim(): null

2024-07-12 22:57:59 - [TEST_STEP][PASSED] - out.println("payID: " + payID): null

2024-07-12 22:57:59 - [TEST_STEP][PASSED] - click(findTestObject(path_SearchResults + "button_PaymentID")): Object: 'Object Repository/AdminSuiteBootstrap_Pages/VT_Bootstrap/SearchResults/button_PaymentID' is clicked on

2024-07-12 22:58:00 - [MESSAGE][PASSED] - Object: 'Object Repository/AdminSuiteBootstrap_Pages/VT_Bootstrap/SearchResults/button_PaymentID' is clicked on

2024-07-12 22:58:00 - [TEST_STEP][PASSED] - verifyTextPresent("Tender Type", true): Text 'Tender Type' is present on page  using regular expression

2024-07-12 22:58:01 - [MESSAGE][PASSED] - Text 'Tender Type' is present on page  using regular expression

2024-07-12 22:58:01 - [TEST_STEP][PASSED] - verifyTextPresent("Credit Card", true): Text 'Credit Card' is present on page  using regular expression

2024-07-12 22:58:01 - [MESSAGE][PASSED] - Text 'Credit Card' is present on page  using regular expression

2024-07-12 22:58:01 - [TEST_STEP][PASSED] - verifyTextPresent("Transaction Type", true): Text 'Transaction Type' is present on page  using regular expression

2024-07-12 22:58:02 - [MESSAGE][PASSED] - Text 'Transaction Type' is present on page  using regular expression

2024-07-12 22:58:02 - [TEST_STEP][PASSED] - verifyTextPresent("Authorization and Capture", true): Text 'Authorization and Capture' is present on page  using regular expression

2024-07-12 22:58:02 - [MESSAGE][PASSED] - Text 'Authorization and Capture' is present on page  using regular expression

2024-07-12 22:58:02 - [TEST_STEP][PASSED] - verifyTextPresent("Transaction Posted by", true): Text 'Transaction Posted by' is present on page  using regular expression

2024-07-12 22:58:02 - [MESSAGE][PASSED] - Text 'Transaction Posted by' is present on page  using regular expression

2024-07-12 22:58:02 - [TEST_STEP][PASSED] - verifyTextPresent("iahmed", true): Text 'iahmed' is present on page  using regular expression

2024-07-12 22:58:03 - [MESSAGE][PASSED] - Text 'iahmed' is present on page  using regular expression

2024-07-12 22:58:03 - [TEST_STEP][PASSED] - click(findTestObject(path_TranxDetails + "a_Credit this transaction")): Object: 'Object Repository/AdminSuiteBootstrap_Pages/VT_Bootstrap/TransactionDetails/a_Credit this transaction' is clicked on

2024-07-12 22:58:04 - [MESSAGE][PASSED] - Object: 'Object Repository/AdminSuiteBootstrap_Pages/VT_Bootstrap/TransactionDetails/a_Credit this transaction' is clicked on

2024-07-12 22:58:04 - [TEST_STEP][PASSED] - verifyTextPresent("Credit Card Credit", true): Text 'Credit Card Credit' is present on page  using regular expression

2024-07-12 22:58:04 - [MESSAGE][PASSED] - Text 'Credit Card Credit' is present on page  using regular expression

2024-07-12 22:58:04 - [TEST_STEP][PASSED] - click(findTestObject(path_TranxDetails + "button_Submit")): Object: 'Object Repository/AdminSuiteBootstrap_Pages/VT_Bootstrap/TransactionDetails/button_Submit' is clicked on

2024-07-12 22:58:06 - [MESSAGE][PASSED] - Object: 'Object Repository/AdminSuiteBootstrap_Pages/VT_Bootstrap/TransactionDetails/button_Submit' is clicked on

2024-07-12 22:58:06 - [TEST_STEP][PASSED] - verifyTextPresent("Transaction Successful", true): Text 'Transaction Successful' is present on page  using regular expression

2024-07-12 22:58:06 - [MESSAGE][PASSED] - Text 'Transaction Successful' is present on page  using regular expression

2024-07-12 22:58:06 - [TEST_STEP][PASSED] - verifyTextPresent("Transaction Type", true): Text 'Transaction Type' is present on page  using regular expression

2024-07-12 22:58:07 - [MESSAGE][PASSED] - Text 'Transaction Type' is present on page  using regular expression

2024-07-12 22:58:07 - [TEST_STEP][PASSED] - verifyTextPresent("Credit", true): Text 'Credit' is present on page  using regular expression

2024-07-12 22:58:07 - [MESSAGE][PASSED] - Text 'Credit' is present on page  using regular expression

2024-07-12 22:58:07 - [TEST_STEP][PASSED] - closeBrowser(): Browser is closed

2024-07-12 22:58:08 - [MESSAGE][PASSED] - Browser is closed

2024-07-12 22:58:08 - [TEST_STEP][PASSED] - ExecuteTC = findTestData(dataFile).getValue("Execute", row): null

2024-07-12 22:58:08 - [TEST_STEP][PASSED] - out.println("Value of Execute is : " + ExecuteTC): null

2024-07-12 22:58:08 - [TEST_STEP][PASSED] - switch (executionProfile): null

2024-07-12 22:58:08 - [TEST_STEP][PASSED] - case "QA2Profile":: null

2024-07-12 22:58:08 - [TEST_STEP][PASSED] - appName = findTestData(dataFile).getValue("AppNameQA", row): null

2024-07-12 22:58:08 - [TEST_STEP][PASSED] - appID = findTestData(dataFile).getValue("AppIDQA", row): null

2024-07-12 22:58:08 - [TEST_STEP][PASSED] - break: null

2024-07-12 22:58:08 - [TEST_STEP][PASSED] - hrefAppID = li_1 + appID + li_2: null

2024-07-12 22:58:08 - [TEST_STEP][PASSED] - hrefApp = li_1 + appID + "/": null

2024-07-12 22:58:08 - [TEST_STEP][PASSED] - println("hrefApp : " + hrefApp): null

2024-07-12 22:58:08 - [TEST_STEP][PASSED] - if (ExecuteTC.equalsIgnoreCase("Y")): null

2024-07-12 22:58:08 - [TEST_STEP][PASSED] - out.println("Begin Record Number: " + row): null

2024-07-12 22:58:08 - [TEST_STEP][PASSED] - today = new java.util.Date(): null

2024-07-12 22:58:08 - [TEST_STEP][PASSED] - println(today): null

2024-07-12 22:58:08 - [TEST_STEP][PASSED] - datText = today: null

2024-07-12 22:58:08 - [TEST_STEP][PASSED] - adminSuiteBootstrap.loginFunctionality.login_AdminSuite(): adminSuiteBootstrap.loginFunctionality.login_AdminSuite is PASSED

2024-07-12 22:58:08 - [MESSAGE][INFO] - Starting 'Chrome' driver

2024-07-12 22:58:08 - [MESSAGE][INFO] - User set preference: ['acceptInsecureCerts', 'true']

2024-07-12 22:58:08 - [MESSAGE][INFO] - Action delay is set to 0 milliseconds

2024-07-12 22:58:12 - [MESSAGE][PASSED] - Browser is opened with url: 'https://qa2.velocitypayment.com/admin/imtiaz'

2024-07-12 22:58:12 - [MESSAGE][PASSED] - Current window maximized

2024-07-12 22:58:12 - [MESSAGE][PASSED] - Object 'Object Repository/Login_Page/Login_Username_Okta' is present

2024-07-12 22:58:13 - [MESSAGE][PASSED] - Text 'iahmed' is set on object 'Object Repository/Login_Page/Login_Username_Okta'

2024-07-12 22:58:14 - [MESSAGE][PASSED] - Text 'Hello!6666666' is set on object 'Object Repository/Login_Page/Login_Password_Okta'

2024-07-12 22:58:15 - [MESSAGE][PASSED] - Object: 'Object Repository/Login_Page/Login_Submit_Okta' is clicked on

2024-07-12 22:58:15 - [MESSAGE][PASSED] - adminSuiteBootstrap.loginFunctionality.login_AdminSuite is PASSED

2024-07-12 22:58:15 - [TEST_STEP][PASSED] - click(findTestObject(path_Dashboard + appName)): Object: 'Object Repository/AdminSuiteBootstrap_Pages/Dashboard_Bootstrap/a_Access AutoNoCFtp' is clicked on

2024-07-12 22:58:22 - [MESSAGE][PASSED] - Object: 'Object Repository/AdminSuiteBootstrap_Pages/Dashboard_Bootstrap/a_Access AutoNoCFtp' is clicked on

2024-07-12 22:58:22 - [TEST_STEP][PASSED] - click(findTestObject(path_VT + "button_Authorization  Capture (Sale)")): Object: 'Object Repository/AdminSuiteBootstrap_Pages/VT_Bootstrap/IssueTransactions/button_Authorization  Capture (Sale)' is clicked on

2024-07-12 22:58:23 - [MESSAGE][PASSED] - Object: 'Object Repository/AdminSuiteBootstrap_Pages/VT_Bootstrap/IssueTransactions/button_Authorization  Capture (Sale)' is clicked on

2024-07-12 22:58:23 - [TEST_STEP][PASSED] - saleKeyboardEntryLink = modifyObjectProperty(findTestObject(path_VT + "a_KeyboardEntry_Sale"), "href", "equals", hrefAppID, true): Modify property of object successfully

2024-07-12 22:58:23 - [MESSAGE][PASSED] - Modify property of object successfully

2024-07-12 22:58:23 - [TEST_STEP][PASSED] - click(saleKeyboardEntryLink): Object: 'Object Repository/AdminSuiteBootstrap_Pages/VT_Bootstrap/IssueTransactions/a_KeyboardEntry_Sale' is clicked on

2024-07-12 22:58:24 - [MESSAGE][PASSED] - Object: 'Object Repository/AdminSuiteBootstrap_Pages/VT_Bootstrap/IssueTransactions/a_KeyboardEntry_Sale' is clicked on

2024-07-12 22:58:24 - [TEST_STEP][PASSED] - adminSuiteBootstrap.virtualTerminalSetData.saleKeyboard_DataDriven(row, dataFile): adminSuiteBootstrap.virtualTerminalSetData.saleKeyboard_DataDriven is PASSED

2024-07-12 22:58:27 - [MESSAGE][PASSED] - Text 'Janaki James' is set on object 'Object Repository/AdminSuiteBootstrap_Pages/VT_Bootstrap/SaleKeyboard/input_cardName'

2024-07-12 22:58:28 - [MESSAGE][PASSED] - All options with value 'MOTO' are selected in object 'Object Repository/AdminSuiteBootstrap_Pages/VT_Bootstrap/SaleKeyboard/select_transactionCategory'  using regular expression

2024-07-12 22:58:29 - [MESSAGE][PASSED] - Execute JavaScript 'arguments[0].value ='4012000098765439' ' successfully

2024-07-12 22:58:29 - [MESSAGE][PASSED] - Execute JavaScript 'arguments[0].value ='123' ' successfully

2024-07-12 22:58:30 - [MESSAGE][PASSED] - All options with value '12' are selected in object 'Object Repository/AdminSuiteBootstrap_Pages/VT_Bootstrap/SaleKeyboard/select_MM'  using regular expression

2024-07-12 22:58:31 - [MESSAGE][PASSED] - All options with value '2025' are selected in object 'Object Repository/AdminSuiteBootstrap_Pages/VT_Bootstrap/SaleKeyboard/select_YYYY'  using regular expression

2024-07-12 22:58:32 - [MESSAGE][PASSED] - Text '36 Cornor Road' is set on object 'Object Repository/AdminSuiteBootstrap_Pages/VT_Bootstrap/SaleKeyboard/input__address'

2024-07-12 22:58:33 - [MESSAGE][PASSED] - Text 'Suite 500' is set on object 'Object Repository/AdminSuiteBootstrap_Pages/VT_Bootstrap/SaleKeyboard/input__address2'

2024-07-12 22:58:34 - [MESSAGE][PASSED] - Text '22201' is set on object 'Object Repository/AdminSuiteBootstrap_Pages/VT_Bootstrap/SaleKeyboard/input__zip'

2024-07-12 22:58:34 - [MESSAGE][PASSED] - Text '' is set on object 'Object Repository/AdminSuiteBootstrap_Pages/VT_Bootstrap/SaleKeyboard/input_emailAddress'

2024-07-12 22:58:36 - [MESSAGE][PASSED] - Text '' is set on object 'Object Repository/AdminSuiteBootstrap_Pages/VT_Bootstrap/SaleKeyboard/input_smsNumber'

2024-07-12 22:58:36 - [MESSAGE][PASSED] - Text '10.50' is set on object 'Object Repository/AdminSuiteBootstrap_Pages/VT_Bootstrap/SaleKeyboard/input_amount'

2024-07-12 22:58:37 - [MESSAGE][PASSED] - Text 'Australia' is set on object 'Object Repository/AdminSuiteBootstrap_Pages/VT_Bootstrap/SaleKeyboard/input_userDefined1'

2024-07-12 22:58:38 - [MESSAGE][PASSED] - Text 'Denmark' is set on object 'Object Repository/AdminSuiteBootstrap_Pages/VT_Bootstrap/SaleKeyboard/input_userDefined2'

2024-07-12 22:58:39 - [MESSAGE][PASSED] - Text 'Sweden' is set on object 'Object Repository/AdminSuiteBootstrap_Pages/VT_Bootstrap/SaleKeyboard/input_userDefined3'

2024-07-12 22:58:39 - [MESSAGE][PASSED] - Text 'Austria' is set on object 'Object Repository/AdminSuiteBootstrap_Pages/VT_Bootstrap/SaleKeyboard/input_userDefined4'

2024-07-12 22:58:40 - [MESSAGE][PASSED] - All options with label 'Orange' are selected in object 'Object Repository/AdminSuiteBootstrap_Pages/VT_Bootstrap/SaleKeyboard/select_UDF5_DropDown'  using regular expression

2024-07-12 22:58:41 - [MESSAGE][PASSED] - All options with label 'Yellow' are selected in object 'Object Repository/AdminSuiteBootstrap_Pages/VT_Bootstrap/SaleKeyboard/select_UDF6_DropDown'  using regular expression

2024-07-12 22:58:42 - [MESSAGE][PASSED] - Text 'Norway' is set on object 'Object Repository/AdminSuiteBootstrap_Pages/VT_Bootstrap/SaleKeyboard/input_userDefined7'

2024-07-12 22:58:43 - [MESSAGE][PASSED] - Text 'Netherlands' is set on object 'Object Repository/AdminSuiteBootstrap_Pages/VT_Bootstrap/SaleKeyboard/input_userDefined8'

2024-07-12 22:58:43 - [MESSAGE][PASSED] - Text 'Switzerland' is set on object 'Object Repository/AdminSuiteBootstrap_Pages/VT_Bootstrap/SaleKeyboard/input_userDefined9'

2024-07-12 22:58:44 - [MESSAGE][PASSED] - Text 'France' is set on object 'Object Repository/AdminSuiteBootstrap_Pages/VT_Bootstrap/SaleKeyboard/input_userDefined10'

2024-07-12 22:58:46 - [MESSAGE][PASSED] - Object: 'Object Repository/AdminSuiteBootstrap_Pages/VT_Bootstrap/SaleKeyboard/button_Submit' is clicked on

2024-07-12 22:58:46 - [MESSAGE][PASSED] - adminSuiteBootstrap.virtualTerminalSetData.saleKeyboard_DataDriven is PASSED

2024-07-12 22:58:46 - [TEST_STEP][PASSED] - if (verifyTextPresent("Transaction Successful", true)): null

2024-07-12 22:58:46 - [MESSAGE][PASSED] - Text 'Transaction Successful' is present on page  using regular expression

2024-07-12 22:58:46 - [TEST_STEP][PASSED] - sdf = getText(findTestObject(path_Receipt + "td_AutoNoC031622113752957Ahm")): Text of object 'Object Repository/AdminSuiteBootstrap_Pages/VT_Bootstrap/Receipt/td_AutoNoC031622113752957Ahm' is: 'AutoNoC071224225115161Ahm'

2024-07-12 22:58:46 - [MESSAGE][PASSED] - Text of object 'Object Repository/AdminSuiteBootstrap_Pages/VT_Bootstrap/Receipt/td_AutoNoC031622113752957Ahm' is: 'AutoNoC071224225115161Ahm'

2024-07-12 22:58:46 - [TEST_STEP][PASSED] - out.println("sdf: " + sdf): null

2024-07-12 22:58:46 - [TEST_STEP][PASSED] - remID = sdf: null

2024-07-12 22:58:46 - [TEST_STEP][PASSED] - out.println("remID: " + remID): null

2024-07-12 22:58:46 - [TEST_STEP][PASSED] - click(findTestObject(path_Receipt + "button_Continue")): Object: 'Object Repository/AdminSuiteBootstrap_Pages/VT_Bootstrap/Receipt/button_Continue' is clicked on

2024-07-12 22:58:47 - [MESSAGE][PASSED] - Object: 'Object Repository/AdminSuiteBootstrap_Pages/VT_Bootstrap/Receipt/button_Continue' is clicked on

2024-07-12 22:58:47 - [TEST_STEP][PASSED] - click(findTestObject(path_VT + "a_Search Transactions")): Object: 'Object Repository/AdminSuiteBootstrap_Pages/VT_Bootstrap/IssueTransactions/a_Search Transactions' is clicked on

2024-07-12 22:58:48 - [MESSAGE][PASSED] - Object: 'Object Repository/AdminSuiteBootstrap_Pages/VT_Bootstrap/IssueTransactions/a_Search Transactions' is clicked on

2024-07-12 22:58:48 - [TEST_STEP][PASSED] - setText(findTestObject(path_CCSearch + "input_Search By_searchValue"), remID): Text 'AutoNoC071224225115161Ahm' is set on object 'Object Repository/AdminSuiteBootstrap_Pages/VT_Bootstrap/CCCreditOrVoidSearch/input_Search By_searchValue'

2024-07-12 22:58:49 - [MESSAGE][PASSED] - Text 'AutoNoC071224225115161Ahm' is set on object 'Object Repository/AdminSuiteBootstrap_Pages/VT_Bootstrap/CCCreditOrVoidSearch/input_Search By_searchValue'

2024-07-12 22:58:49 - [TEST_STEP][PASSED] - click(findTestObject(path_CCSearch + "button_Submit")): Object: 'Object Repository/AdminSuiteBootstrap_Pages/VT_Bootstrap/CCCreditOrVoidSearch/button_Submit' is clicked on

2024-07-12 22:58:50 - [MESSAGE][PASSED] - Object: 'Object Repository/AdminSuiteBootstrap_Pages/VT_Bootstrap/CCCreditOrVoidSearch/button_Submit' is clicked on

2024-07-12 22:58:50 - [TEST_STEP][PASSED] - fgr = getText(findTestObject(path_SearchResults + "div_Payment ID")): Text of object 'Object Repository/AdminSuiteBootstrap_Pages/VT_Bootstrap/SearchResults/div_Payment ID' is: 'Payment ID
Payment Type
Transaction Type
Remittance ID
Name
Total Amount
End Date
Status
12154824 Credit Card Authorization and Capture AutoNoC071224225115161Ahm Janaki James $10.50 07/12/2024 Success'

2024-07-12 22:58:51 - [MESSAGE][PASSED] - Text of object 'Object Repository/AdminSuiteBootstrap_Pages/VT_Bootstrap/SearchResults/div_Payment ID' is: 'Payment ID
Payment Type
Transaction Type
Remittance ID
Name
Total Amount
End Date
Status
12154824 Credit Card Authorization and Capture AutoNoC071224225115161Ahm Janaki James $10.50 07/12/2024 Success'

2024-07-12 22:58:51 - [TEST_STEP][PASSED] - payID = substring(89, 98).trim(): null

2024-07-12 22:58:51 - [TEST_STEP][PASSED] - out.println("payID: " + payID): null

2024-07-12 22:58:51 - [TEST_STEP][PASSED] - click(findTestObject(path_SearchResults + "button_PaymentID")): Object: 'Object Repository/AdminSuiteBootstrap_Pages/VT_Bootstrap/SearchResults/button_PaymentID' is clicked on

2024-07-12 22:58:51 - [MESSAGE][PASSED] - Object: 'Object Repository/AdminSuiteBootstrap_Pages/VT_Bootstrap/SearchResults/button_PaymentID' is clicked on

2024-07-12 22:58:51 - [TEST_STEP][PASSED] - verifyTextPresent("Tender Type", true): Text 'Tender Type' is present on page  using regular expression

2024-07-12 22:58:52 - [MESSAGE][PASSED] - Text 'Tender Type' is present on page  using regular expression

2024-07-12 22:58:52 - [TEST_STEP][PASSED] - verifyTextPresent("Credit Card", true): Text 'Credit Card' is present on page  using regular expression

2024-07-12 22:58:52 - [MESSAGE][PASSED] - Text 'Credit Card' is present on page  using regular expression

2024-07-12 22:58:52 - [TEST_STEP][PASSED] - verifyTextPresent("Transaction Type", true): Text 'Transaction Type' is present on page  using regular expression

2024-07-12 22:58:53 - [MESSAGE][PASSED] - Text 'Transaction Type' is present on page  using regular expression

2024-07-12 22:58:53 - [TEST_STEP][PASSED] - verifyTextPresent("Authorization and Capture", true): Text 'Authorization and Capture' is present on page  using regular expression

2024-07-12 22:58:53 - [MESSAGE][PASSED] - Text 'Authorization and Capture' is present on page  using regular expression

2024-07-12 22:58:53 - [TEST_STEP][PASSED] - verifyTextPresent("Transaction Posted by", true): Text 'Transaction Posted by' is present on page  using regular expression

2024-07-12 22:58:53 - [MESSAGE][PASSED] - Text 'Transaction Posted by' is present on page  using regular expression

2024-07-12 22:58:53 - [TEST_STEP][PASSED] - verifyTextPresent("iahmed", true): Text 'iahmed' is present on page  using regular expression

2024-07-12 22:58:54 - [MESSAGE][PASSED] - Text 'iahmed' is present on page  using regular expression

2024-07-12 22:58:54 - [TEST_STEP][PASSED] - click(findTestObject(path_TranxDetails + "a_Credit this transaction")): Object: 'Object Repository/AdminSuiteBootstrap_Pages/VT_Bootstrap/TransactionDetails/a_Credit this transaction' is clicked on

2024-07-12 22:58:55 - [MESSAGE][PASSED] - Object: 'Object Repository/AdminSuiteBootstrap_Pages/VT_Bootstrap/TransactionDetails/a_Credit this transaction' is clicked on

2024-07-12 22:58:55 - [TEST_STEP][PASSED] - verifyTextPresent("Credit Card Credit", true): Text 'Credit Card Credit' is present on page  using regular expression

2024-07-12 22:58:55 - [MESSAGE][PASSED] - Text 'Credit Card Credit' is present on page  using regular expression

2024-07-12 22:58:55 - [TEST_STEP][PASSED] - click(findTestObject(path_TranxDetails + "button_Submit")): Object: 'Object Repository/AdminSuiteBootstrap_Pages/VT_Bootstrap/TransactionDetails/button_Submit' is clicked on

2024-07-12 22:58:57 - [MESSAGE][PASSED] - Object: 'Object Repository/AdminSuiteBootstrap_Pages/VT_Bootstrap/TransactionDetails/button_Submit' is clicked on

2024-07-12 22:58:57 - [TEST_STEP][PASSED] - verifyTextPresent("Transaction Successful", true): Text 'Transaction Successful' is present on page  using regular expression

2024-07-12 22:58:57 - [MESSAGE][PASSED] - Text 'Transaction Successful' is present on page  using regular expression

2024-07-12 22:58:57 - [TEST_STEP][PASSED] - verifyTextPresent("Transaction Type", true): Text 'Transaction Type' is present on page  using regular expression

2024-07-12 22:58:58 - [MESSAGE][PASSED] - Text 'Transaction Type' is present on page  using regular expression

2024-07-12 22:58:58 - [TEST_STEP][PASSED] - verifyTextPresent("Credit", true): Text 'Credit' is present on page  using regular expression

2024-07-12 22:58:58 - [MESSAGE][PASSED] - Text 'Credit' is present on page  using regular expression

2024-07-12 22:58:58 - [TEST_STEP][PASSED] - closeBrowser(): Browser is closed

2024-07-12 22:58:59 - [MESSAGE][PASSED] - Browser is closed

2024-07-12 22:58:59 - [TEST_STEP][PASSED] - ExecuteTC = findTestData(dataFile).getValue("Execute", row): null

2024-07-12 22:58:59 - [TEST_STEP][PASSED] - out.println("Value of Execute is : " + ExecuteTC): null

2024-07-12 22:58:59 - [TEST_STEP][PASSED] - switch (executionProfile): null

2024-07-12 22:58:59 - [TEST_STEP][PASSED] - case "QA2Profile":: null

2024-07-12 22:58:59 - [TEST_STEP][PASSED] - appName = findTestData(dataFile).getValue("AppNameQA", row): null

2024-07-12 22:58:59 - [TEST_STEP][PASSED] - appID = findTestData(dataFile).getValue("AppIDQA", row): null

2024-07-12 22:58:59 - [TEST_STEP][PASSED] - break: null

2024-07-12 22:58:59 - [TEST_STEP][PASSED] - hrefAppID = li_1 + appID + li_2: null

2024-07-12 22:58:59 - [TEST_STEP][PASSED] - hrefApp = li_1 + appID + "/": null

2024-07-12 22:58:59 - [TEST_STEP][PASSED] - println("hrefApp : " + hrefApp): null

2024-07-12 22:58:59 - [TEST_STEP][PASSED] - if (ExecuteTC.equalsIgnoreCase("Y")): null

2024-07-12 22:58:59 - [TEST_STEP][PASSED] - out.println("Begin Record Number: " + row): null

2024-07-12 22:58:59 - [TEST_STEP][PASSED] - today = new java.util.Date(): null

2024-07-12 22:58:59 - [TEST_STEP][PASSED] - println(today): null

2024-07-12 22:58:59 - [TEST_STEP][PASSED] - datText = today: null

2024-07-12 22:58:59 - [TEST_STEP][PASSED] - adminSuiteBootstrap.loginFunctionality.login_AdminSuite(): adminSuiteBootstrap.loginFunctionality.login_AdminSuite is PASSED

2024-07-12 22:58:59 - [MESSAGE][INFO] - Starting 'Chrome' driver

2024-07-12 22:58:59 - [MESSAGE][INFO] - User set preference: ['acceptInsecureCerts', 'true']

2024-07-12 22:58:59 - [MESSAGE][INFO] - Action delay is set to 0 milliseconds

2024-07-12 22:59:02 - [MESSAGE][PASSED] - Browser is opened with url: 'https://qa2.velocitypayment.com/admin/imtiaz'

2024-07-12 22:59:02 - [MESSAGE][PASSED] - Current window maximized

2024-07-12 22:59:03 - [MESSAGE][PASSED] - Object 'Object Repository/Login_Page/Login_Username_Okta' is present

2024-07-12 22:59:04 - [MESSAGE][PASSED] - Text 'iahmed' is set on object 'Object Repository/Login_Page/Login_Username_Okta'

2024-07-12 22:59:04 - [MESSAGE][PASSED] - Text 'Hello!6666666' is set on object 'Object Repository/Login_Page/Login_Password_Okta'

2024-07-12 22:59:05 - [MESSAGE][PASSED] - Object: 'Object Repository/Login_Page/Login_Submit_Okta' is clicked on

2024-07-12 22:59:05 - [MESSAGE][PASSED] - adminSuiteBootstrap.loginFunctionality.login_AdminSuite is PASSED

2024-07-12 22:59:05 - [TEST_STEP][PASSED] - click(findTestObject(path_Dashboard + appName)): Object: 'Object Repository/AdminSuiteBootstrap_Pages/Dashboard_Bootstrap/a_Access AutoNoCFtp' is clicked on

2024-07-12 22:59:13 - [MESSAGE][PASSED] - Object: 'Object Repository/AdminSuiteBootstrap_Pages/Dashboard_Bootstrap/a_Access AutoNoCFtp' is clicked on

2024-07-12 22:59:13 - [TEST_STEP][PASSED] - click(findTestObject(path_VT + "button_Authorization  Capture (Sale)")): Object: 'Object Repository/AdminSuiteBootstrap_Pages/VT_Bootstrap/IssueTransactions/button_Authorization  Capture (Sale)' is clicked on

2024-07-12 22:59:14 - [MESSAGE][PASSED] - Object: 'Object Repository/AdminSuiteBootstrap_Pages/VT_Bootstrap/IssueTransactions/button_Authorization  Capture (Sale)' is clicked on

2024-07-12 22:59:14 - [TEST_STEP][PASSED] - saleKeyboardEntryLink = modifyObjectProperty(findTestObject(path_VT + "a_KeyboardEntry_Sale"), "href", "equals", hrefAppID, true): Modify property of object successfully

2024-07-12 22:59:14 - [MESSAGE][PASSED] - Modify property of object successfully

2024-07-12 22:59:14 - [TEST_STEP][PASSED] - click(saleKeyboardEntryLink): Object: 'Object Repository/AdminSuiteBootstrap_Pages/VT_Bootstrap/IssueTransactions/a_KeyboardEntry_Sale' is clicked on

2024-07-12 22:59:15 - [MESSAGE][PASSED] - Object: 'Object Repository/AdminSuiteBootstrap_Pages/VT_Bootstrap/IssueTransactions/a_KeyboardEntry_Sale' is clicked on

2024-07-12 22:59:15 - [TEST_STEP][PASSED] - adminSuiteBootstrap.virtualTerminalSetData.saleKeyboard_DataDriven(row, dataFile): adminSuiteBootstrap.virtualTerminalSetData.saleKeyboard_DataDriven is PASSED

2024-07-12 22:59:18 - [MESSAGE][PASSED] - Text 'Janaki James' is set on object 'Object Repository/AdminSuiteBootstrap_Pages/VT_Bootstrap/SaleKeyboard/input_cardName'

2024-07-12 22:59:19 - [MESSAGE][PASSED] - All options with value 'MOTO' are selected in object 'Object Repository/AdminSuiteBootstrap_Pages/VT_Bootstrap/SaleKeyboard/select_transactionCategory'  using regular expression

2024-07-12 22:59:19 - [MESSAGE][PASSED] - Execute JavaScript 'arguments[0].value ='5146312200000035' ' successfully

2024-07-12 22:59:20 - [MESSAGE][PASSED] - Execute JavaScript 'arguments[0].value ='123' ' successfully

2024-07-12 22:59:21 - [MESSAGE][PASSED] - All options with value '12' are selected in object 'Object Repository/AdminSuiteBootstrap_Pages/VT_Bootstrap/SaleKeyboard/select_MM'  using regular expression

2024-07-12 22:59:22 - [MESSAGE][PASSED] - All options with value '2025' are selected in object 'Object Repository/AdminSuiteBootstrap_Pages/VT_Bootstrap/SaleKeyboard/select_YYYY'  using regular expression

2024-07-12 22:59:23 - [MESSAGE][PASSED] - Text '1478 Jhatka Palace' is set on object 'Object Repository/AdminSuiteBootstrap_Pages/VT_Bootstrap/SaleKeyboard/input__address'

2024-07-12 22:59:24 - [MESSAGE][PASSED] - Text 'Suite 500' is set on object 'Object Repository/AdminSuiteBootstrap_Pages/VT_Bootstrap/SaleKeyboard/input__address2'

2024-07-12 22:59:24 - [MESSAGE][PASSED] - Text '22201' is set on object 'Object Repository/AdminSuiteBootstrap_Pages/VT_Bootstrap/SaleKeyboard/input__zip'

2024-07-12 22:59:25 - [MESSAGE][PASSED] - Text '' is set on object 'Object Repository/AdminSuiteBootstrap_Pages/VT_Bootstrap/SaleKeyboard/input_emailAddress'

2024-07-12 22:59:27 - [MESSAGE][PASSED] - Text '' is set on object 'Object Repository/AdminSuiteBootstrap_Pages/VT_Bootstrap/SaleKeyboard/input_smsNumber'

2024-07-12 22:59:27 - [MESSAGE][PASSED] - Text '10.50' is set on object 'Object Repository/AdminSuiteBootstrap_Pages/VT_Bootstrap/SaleKeyboard/input_amount'

2024-07-12 22:59:28 - [MESSAGE][PASSED] - Text 'Australia' is set on object 'Object Repository/AdminSuiteBootstrap_Pages/VT_Bootstrap/SaleKeyboard/input_userDefined1'

2024-07-12 22:59:29 - [MESSAGE][PASSED] - Text 'Denmark' is set on object 'Object Repository/AdminSuiteBootstrap_Pages/VT_Bootstrap/SaleKeyboard/input_userDefined2'

2024-07-12 22:59:29 - [MESSAGE][PASSED] - Text 'Sweden' is set on object 'Object Repository/AdminSuiteBootstrap_Pages/VT_Bootstrap/SaleKeyboard/input_userDefined3'

2024-07-12 22:59:30 - [MESSAGE][PASSED] - Text 'Austria' is set on object 'Object Repository/AdminSuiteBootstrap_Pages/VT_Bootstrap/SaleKeyboard/input_userDefined4'

2024-07-12 22:59:31 - [MESSAGE][PASSED] - All options with label 'Orange' are selected in object 'Object Repository/AdminSuiteBootstrap_Pages/VT_Bootstrap/SaleKeyboard/select_UDF5_DropDown'  using regular expression

2024-07-12 22:59:32 - [MESSAGE][PASSED] - All options with label 'Yellow' are selected in object 'Object Repository/AdminSuiteBootstrap_Pages/VT_Bootstrap/SaleKeyboard/select_UDF6_DropDown'  using regular expression

2024-07-12 22:59:33 - [MESSAGE][PASSED] - Text 'Norway' is set on object 'Object Repository/AdminSuiteBootstrap_Pages/VT_Bootstrap/SaleKeyboard/input_userDefined7'

2024-07-12 22:59:34 - [MESSAGE][PASSED] - Text 'Netherlands' is set on object 'Object Repository/AdminSuiteBootstrap_Pages/VT_Bootstrap/SaleKeyboard/input_userDefined8'

2024-07-12 22:59:34 - [MESSAGE][PASSED] - Text 'Switzerland' is set on object 'Object Repository/AdminSuiteBootstrap_Pages/VT_Bootstrap/SaleKeyboard/input_userDefined9'

2024-07-12 22:59:35 - [MESSAGE][PASSED] - Text 'France' is set on object 'Object Repository/AdminSuiteBootstrap_Pages/VT_Bootstrap/SaleKeyboard/input_userDefined10'

2024-07-12 22:59:36 - [MESSAGE][PASSED] - Object: 'Object Repository/AdminSuiteBootstrap_Pages/VT_Bootstrap/SaleKeyboard/button_Submit' is clicked on

2024-07-12 22:59:36 - [MESSAGE][PASSED] - adminSuiteBootstrap.virtualTerminalSetData.saleKeyboard_DataDriven is PASSED

2024-07-12 22:59:36 - [TEST_STEP][PASSED] - if (verifyTextPresent("Transaction Successful", true)): null

2024-07-12 22:59:37 - [MESSAGE][PASSED] - Text 'Transaction Successful' is present on page  using regular expression

2024-07-12 22:59:37 - [TEST_STEP][PASSED] - sdf = getText(findTestObject(path_Receipt + "td_AutoNoC031622113752957Ahm")): Text of object 'Object Repository/AdminSuiteBootstrap_Pages/VT_Bootstrap/Receipt/td_AutoNoC031622113752957Ahm' is: 'AutoNoC071224225205739Ahm'

2024-07-12 22:59:37 - [MESSAGE][PASSED] - Text of object 'Object Repository/AdminSuiteBootstrap_Pages/VT_Bootstrap/Receipt/td_AutoNoC031622113752957Ahm' is: 'AutoNoC071224225205739Ahm'

2024-07-12 22:59:37 - [TEST_STEP][PASSED] - out.println("sdf: " + sdf): null

2024-07-12 22:59:37 - [TEST_STEP][PASSED] - remID = sdf: null

2024-07-12 22:59:37 - [TEST_STEP][PASSED] - out.println("remID: " + remID): null

2024-07-12 22:59:37 - [TEST_STEP][PASSED] - click(findTestObject(path_Receipt + "button_Continue")): Object: 'Object Repository/AdminSuiteBootstrap_Pages/VT_Bootstrap/Receipt/button_Continue' is clicked on

2024-07-12 22:59:38 - [MESSAGE][PASSED] - Object: 'Object Repository/AdminSuiteBootstrap_Pages/VT_Bootstrap/Receipt/button_Continue' is clicked on

2024-07-12 22:59:38 - [TEST_STEP][PASSED] - click(findTestObject(path_VT + "a_Search Transactions")): Object: 'Object Repository/AdminSuiteBootstrap_Pages/VT_Bootstrap/IssueTransactions/a_Search Transactions' is clicked on

2024-07-12 22:59:39 - [MESSAGE][PASSED] - Object: 'Object Repository/AdminSuiteBootstrap_Pages/VT_Bootstrap/IssueTransactions/a_Search Transactions' is clicked on

2024-07-12 22:59:39 - [TEST_STEP][PASSED] - setText(findTestObject(path_CCSearch + "input_Search By_searchValue"), remID): Text 'AutoNoC071224225205739Ahm' is set on object 'Object Repository/AdminSuiteBootstrap_Pages/VT_Bootstrap/CCCreditOrVoidSearch/input_Search By_searchValue'

2024-07-12 22:59:40 - [MESSAGE][PASSED] - Text 'AutoNoC071224225205739Ahm' is set on object 'Object Repository/AdminSuiteBootstrap_Pages/VT_Bootstrap/CCCreditOrVoidSearch/input_Search By_searchValue'

2024-07-12 22:59:40 - [TEST_STEP][PASSED] - click(findTestObject(path_CCSearch + "button_Submit")): Object: 'Object Repository/AdminSuiteBootstrap_Pages/VT_Bootstrap/CCCreditOrVoidSearch/button_Submit' is clicked on

2024-07-12 22:59:41 - [MESSAGE][PASSED] - Object: 'Object Repository/AdminSuiteBootstrap_Pages/VT_Bootstrap/CCCreditOrVoidSearch/button_Submit' is clicked on

2024-07-12 22:59:41 - [TEST_STEP][PASSED] - fgr = getText(findTestObject(path_SearchResults + "div_Payment ID")): Text of object 'Object Repository/AdminSuiteBootstrap_Pages/VT_Bootstrap/SearchResults/div_Payment ID' is: 'Payment ID
Payment Type
Transaction Type
Remittance ID
Name
Total Amount
End Date
Status
12154826 Credit Card Authorization and Capture AutoNoC071224225205739Ahm Janaki James $10.50 07/12/2024 Success'

2024-07-12 22:59:41 - [MESSAGE][PASSED] - Text of object 'Object Repository/AdminSuiteBootstrap_Pages/VT_Bootstrap/SearchResults/div_Payment ID' is: 'Payment ID
Payment Type
Transaction Type
Remittance ID
Name
Total Amount
End Date
Status
12154826 Credit Card Authorization and Capture AutoNoC071224225205739Ahm Janaki James $10.50 07/12/2024 Success'

2024-07-12 22:59:41 - [TEST_STEP][PASSED] - payID = substring(89, 98).trim(): null

2024-07-12 22:59:41 - [TEST_STEP][PASSED] - out.println("payID: " + payID): null

2024-07-12 22:59:41 - [TEST_STEP][PASSED] - click(findTestObject(path_SearchResults + "button_PaymentID")): Object: 'Object Repository/AdminSuiteBootstrap_Pages/VT_Bootstrap/SearchResults/button_PaymentID' is clicked on

2024-07-12 22:59:42 - [MESSAGE][PASSED] - Object: 'Object Repository/AdminSuiteBootstrap_Pages/VT_Bootstrap/SearchResults/button_PaymentID' is clicked on

2024-07-12 22:59:42 - [TEST_STEP][PASSED] - verifyTextPresent("Tender Type", true): Text 'Tender Type' is present on page  using regular expression

2024-07-12 22:59:43 - [MESSAGE][PASSED] - Text 'Tender Type' is present on page  using regular expression

2024-07-12 22:59:43 - [TEST_STEP][PASSED] - verifyTextPresent("Credit Card", true): Text 'Credit Card' is present on page  using regular expression

2024-07-12 22:59:43 - [MESSAGE][PASSED] - Text 'Credit Card' is present on page  using regular expression

2024-07-12 22:59:43 - [TEST_STEP][PASSED] - verifyTextPresent("Transaction Type", true): Text 'Transaction Type' is present on page  using regular expression

2024-07-12 22:59:43 - [MESSAGE][PASSED] - Text 'Transaction Type' is present on page  using regular expression

2024-07-12 22:59:43 - [TEST_STEP][PASSED] - verifyTextPresent("Authorization and Capture", true): Text 'Authorization and Capture' is present on page  using regular expression

2024-07-12 22:59:44 - [MESSAGE][PASSED] - Text 'Authorization and Capture' is present on page  using regular expression

2024-07-12 22:59:44 - [TEST_STEP][PASSED] - verifyTextPresent("Transaction Posted by", true): Text 'Transaction Posted by' is present on page  using regular expression

2024-07-12 22:59:44 - [MESSAGE][PASSED] - Text 'Transaction Posted by' is present on page  using regular expression

2024-07-12 22:59:44 - [TEST_STEP][PASSED] - verifyTextPresent("iahmed", true): Text 'iahmed' is present on page  using regular expression

2024-07-12 22:59:45 - [MESSAGE][PASSED] - Text 'iahmed' is present on page  using regular expression

2024-07-12 22:59:45 - [TEST_STEP][PASSED] - click(findTestObject(path_TranxDetails + "a_Credit this transaction")): Object: 'Object Repository/AdminSuiteBootstrap_Pages/VT_Bootstrap/TransactionDetails/a_Credit this transaction' is clicked on

2024-07-12 22:59:45 - [MESSAGE][PASSED] - Object: 'Object Repository/AdminSuiteBootstrap_Pages/VT_Bootstrap/TransactionDetails/a_Credit this transaction' is clicked on

2024-07-12 22:59:45 - [TEST_STEP][PASSED] - verifyTextPresent("Credit Card Credit", true): Text 'Credit Card Credit' is present on page  using regular expression

2024-07-12 22:59:46 - [MESSAGE][PASSED] - Text 'Credit Card Credit' is present on page  using regular expression

2024-07-12 22:59:46 - [TEST_STEP][PASSED] - click(findTestObject(path_TranxDetails + "button_Submit")): Object: 'Object Repository/AdminSuiteBootstrap_Pages/VT_Bootstrap/TransactionDetails/button_Submit' is clicked on

2024-07-12 22:59:47 - [MESSAGE][PASSED] - Object: 'Object Repository/AdminSuiteBootstrap_Pages/VT_Bootstrap/TransactionDetails/button_Submit' is clicked on

2024-07-12 22:59:47 - [TEST_STEP][PASSED] - verifyTextPresent("Transaction Successful", true): Text 'Transaction Successful' is present on page  using regular expression

2024-07-12 22:59:48 - [MESSAGE][PASSED] - Text 'Transaction Successful' is present on page  using regular expression

2024-07-12 22:59:48 - [TEST_STEP][PASSED] - verifyTextPresent("Transaction Type", true): Text 'Transaction Type' is present on page  using regular expression

2024-07-12 22:59:48 - [MESSAGE][PASSED] - Text 'Transaction Type' is present on page  using regular expression

2024-07-12 22:59:48 - [TEST_STEP][PASSED] - verifyTextPresent("Credit", true): Text 'Credit' is present on page  using regular expression

2024-07-12 22:59:49 - [MESSAGE][PASSED] - Text 'Credit' is present on page  using regular expression

2024-07-12 22:59:49 - [TEST_STEP][PASSED] - closeBrowser(): Browser is closed

2024-07-12 22:59:50 - [MESSAGE][PASSED] - Browser is closed

2024-07-12 22:59:50 - [TEST_STEP][PASSED] - ExecuteTC = findTestData(dataFile).getValue("Execute", row): null

2024-07-12 22:59:50 - [TEST_STEP][PASSED] - out.println("Value of Execute is : " + ExecuteTC): null

2024-07-12 22:59:50 - [TEST_STEP][PASSED] - switch (executionProfile): null

2024-07-12 22:59:50 - [TEST_STEP][PASSED] - case "QA2Profile":: null

2024-07-12 22:59:50 - [TEST_STEP][PASSED] - appName = findTestData(dataFile).getValue("AppNameQA", row): null

2024-07-12 22:59:50 - [TEST_STEP][PASSED] - appID = findTestData(dataFile).getValue("AppIDQA", row): null

2024-07-12 22:59:50 - [TEST_STEP][PASSED] - break: null

2024-07-12 22:59:50 - [TEST_STEP][PASSED] - hrefAppID = li_1 + appID + li_2: null

2024-07-12 22:59:50 - [TEST_STEP][PASSED] - hrefApp = li_1 + appID + "/": null

2024-07-12 22:59:50 - [TEST_STEP][PASSED] - println("hrefApp : " + hrefApp): null

2024-07-12 22:59:50 - [TEST_STEP][PASSED] - if (ExecuteTC.equalsIgnoreCase("Y")): null

2024-07-12 22:59:50 - [TEST_STEP][PASSED] - out.println("Begin Record Number: " + row): null

2024-07-12 22:59:50 - [TEST_STEP][PASSED] - today = new java.util.Date(): null

2024-07-12 22:59:50 - [TEST_STEP][PASSED] - println(today): null

2024-07-12 22:59:50 - [TEST_STEP][PASSED] - datText = today: null

2024-07-12 22:59:50 - [TEST_STEP][PASSED] - adminSuiteBootstrap.loginFunctionality.login_AdminSuite(): adminSuiteBootstrap.loginFunctionality.login_AdminSuite is PASSED

2024-07-12 22:59:50 - [MESSAGE][INFO] - Starting 'Chrome' driver

2024-07-12 22:59:50 - [MESSAGE][INFO] - User set preference: ['acceptInsecureCerts', 'true']

2024-07-12 22:59:50 - [MESSAGE][INFO] - Action delay is set to 0 milliseconds

2024-07-12 22:59:53 - [MESSAGE][PASSED] - Browser is opened with url: 'https://qa2.velocitypayment.com/admin/imtiaz'

2024-07-12 22:59:53 - [MESSAGE][PASSED] - Current window maximized

2024-07-12 22:59:54 - [MESSAGE][PASSED] - Object 'Object Repository/Login_Page/Login_Username_Okta' is present

2024-07-12 22:59:54 - [MESSAGE][PASSED] - Text 'iahmed' is set on object 'Object Repository/Login_Page/Login_Username_Okta'

2024-07-12 22:59:55 - [MESSAGE][PASSED] - Text 'Hello!6666666' is set on object 'Object Repository/Login_Page/Login_Password_Okta'

2024-07-12 22:59:56 - [MESSAGE][PASSED] - Object: 'Object Repository/Login_Page/Login_Submit_Okta' is clicked on

2024-07-12 22:59:56 - [MESSAGE][PASSED] - adminSuiteBootstrap.loginFunctionality.login_AdminSuite is PASSED

2024-07-12 22:59:56 - [TEST_STEP][PASSED] - click(findTestObject(path_Dashboard + appName)): Object: 'Object Repository/AdminSuiteBootstrap_Pages/Dashboard_Bootstrap/a_Access AutoNoCFtp' is clicked on

2024-07-12 23:00:03 - [MESSAGE][PASSED] - Object: 'Object Repository/AdminSuiteBootstrap_Pages/Dashboard_Bootstrap/a_Access AutoNoCFtp' is clicked on

2024-07-12 23:00:03 - [TEST_STEP][PASSED] - click(findTestObject(path_VT + "button_Authorization  Capture (Sale)")): Object: 'Object Repository/AdminSuiteBootstrap_Pages/VT_Bootstrap/IssueTransactions/button_Authorization  Capture (Sale)' is clicked on

2024-07-12 23:00:04 - [MESSAGE][PASSED] - Object: 'Object Repository/AdminSuiteBootstrap_Pages/VT_Bootstrap/IssueTransactions/button_Authorization  Capture (Sale)' is clicked on

2024-07-12 23:00:04 - [TEST_STEP][PASSED] - saleKeyboardEntryLink = modifyObjectProperty(findTestObject(path_VT + "a_KeyboardEntry_Sale"), "href", "equals", hrefAppID, true): Modify property of object successfully

2024-07-12 23:00:04 - [MESSAGE][PASSED] - Modify property of object successfully

2024-07-12 23:00:04 - [TEST_STEP][PASSED] - click(saleKeyboardEntryLink): Object: 'Object Repository/AdminSuiteBootstrap_Pages/VT_Bootstrap/IssueTransactions/a_KeyboardEntry_Sale' is clicked on

2024-07-12 23:00:05 - [MESSAGE][PASSED] - Object: 'Object Repository/AdminSuiteBootstrap_Pages/VT_Bootstrap/IssueTransactions/a_KeyboardEntry_Sale' is clicked on

2024-07-12 23:00:05 - [TEST_STEP][PASSED] - adminSuiteBootstrap.virtualTerminalSetData.saleKeyboard_DataDriven(row, dataFile): adminSuiteBootstrap.virtualTerminalSetData.saleKeyboard_DataDriven is PASSED

2024-07-12 23:00:08 - [MESSAGE][PASSED] - Text 'Janaki James' is set on object 'Object Repository/AdminSuiteBootstrap_Pages/VT_Bootstrap/SaleKeyboard/input_cardName'

2024-07-12 23:00:09 - [MESSAGE][PASSED] - All options with value 'MOTO' are selected in object 'Object Repository/AdminSuiteBootstrap_Pages/VT_Bootstrap/SaleKeyboard/select_transactionCategory'  using regular expression

2024-07-12 23:00:10 - [MESSAGE][PASSED] - Execute JavaScript 'arguments[0].value ='371449635392376' ' successfully

2024-07-12 23:00:10 - [MESSAGE][PASSED] - Execute JavaScript 'arguments[0].value ='123' ' successfully

2024-07-12 23:00:11 - [MESSAGE][PASSED] - All options with value '12' are selected in object 'Object Repository/AdminSuiteBootstrap_Pages/VT_Bootstrap/SaleKeyboard/select_MM'  using regular expression

2024-07-12 23:00:12 - [MESSAGE][PASSED] - All options with value '2025' are selected in object 'Object Repository/AdminSuiteBootstrap_Pages/VT_Bootstrap/SaleKeyboard/select_YYYY'  using regular expression

2024-07-12 23:00:13 - [MESSAGE][PASSED] - Text '550 Swan Lake' is set on object 'Object Repository/AdminSuiteBootstrap_Pages/VT_Bootstrap/SaleKeyboard/input__address'

2024-07-12 23:00:14 - [MESSAGE][PASSED] - Text 'Suite 500' is set on object 'Object Repository/AdminSuiteBootstrap_Pages/VT_Bootstrap/SaleKeyboard/input__address2'

2024-07-12 23:00:15 - [MESSAGE][PASSED] - Text '22201' is set on object 'Object Repository/AdminSuiteBootstrap_Pages/VT_Bootstrap/SaleKeyboard/input__zip'

2024-07-12 23:00:15 - [MESSAGE][PASSED] - Text '' is set on object 'Object Repository/AdminSuiteBootstrap_Pages/VT_Bootstrap/SaleKeyboard/input_emailAddress'

2024-07-12 23:00:17 - [MESSAGE][PASSED] - Text '' is set on object 'Object Repository/AdminSuiteBootstrap_Pages/VT_Bootstrap/SaleKeyboard/input_smsNumber'

2024-07-12 23:00:17 - [MESSAGE][PASSED] - Text '10.50' is set on object 'Object Repository/AdminSuiteBootstrap_Pages/VT_Bootstrap/SaleKeyboard/input_amount'

2024-07-12 23:00:18 - [MESSAGE][PASSED] - Text 'Australia' is set on object 'Object Repository/AdminSuiteBootstrap_Pages/VT_Bootstrap/SaleKeyboard/input_userDefined1'

2024-07-12 23:00:19 - [MESSAGE][PASSED] - Text 'Denmark' is set on object 'Object Repository/AdminSuiteBootstrap_Pages/VT_Bootstrap/SaleKeyboard/input_userDefined2'

2024-07-12 23:00:20 - [MESSAGE][PASSED] - Text 'Sweden' is set on object 'Object Repository/AdminSuiteBootstrap_Pages/VT_Bootstrap/SaleKeyboard/input_userDefined3'

2024-07-12 23:00:20 - [MESSAGE][PASSED] - Text 'Austria' is set on object 'Object Repository/AdminSuiteBootstrap_Pages/VT_Bootstrap/SaleKeyboard/input_userDefined4'

2024-07-12 23:00:21 - [MESSAGE][PASSED] - All options with label 'Orange' are selected in object 'Object Repository/AdminSuiteBootstrap_Pages/VT_Bootstrap/SaleKeyboard/select_UDF5_DropDown'  using regular expression

2024-07-12 23:00:22 - [MESSAGE][PASSED] - All options with label 'Yellow' are selected in object 'Object Repository/AdminSuiteBootstrap_Pages/VT_Bootstrap/SaleKeyboard/select_UDF6_DropDown'  using regular expression

2024-07-12 23:00:23 - [MESSAGE][PASSED] - Text 'Norway' is set on object 'Object Repository/AdminSuiteBootstrap_Pages/VT_Bootstrap/SaleKeyboard/input_userDefined7'

2024-07-12 23:00:24 - [MESSAGE][PASSED] - Text 'Netherlands' is set on object 'Object Repository/AdminSuiteBootstrap_Pages/VT_Bootstrap/SaleKeyboard/input_userDefined8'

2024-07-12 23:00:24 - [MESSAGE][PASSED] - Text 'Switzerland' is set on object 'Object Repository/AdminSuiteBootstrap_Pages/VT_Bootstrap/SaleKeyboard/input_userDefined9'

2024-07-12 23:00:25 - [MESSAGE][PASSED] - Text 'France' is set on object 'Object Repository/AdminSuiteBootstrap_Pages/VT_Bootstrap/SaleKeyboard/input_userDefined10'

2024-07-12 23:00:26 - [MESSAGE][PASSED] - Object: 'Object Repository/AdminSuiteBootstrap_Pages/VT_Bootstrap/SaleKeyboard/button_Submit' is clicked on

2024-07-12 23:00:26 - [MESSAGE][PASSED] - adminSuiteBootstrap.virtualTerminalSetData.saleKeyboard_DataDriven is PASSED

2024-07-12 23:00:26 - [TEST_STEP][PASSED] - if (verifyTextPresent("Transaction Successful", true)): null

2024-07-12 23:00:27 - [MESSAGE][PASSED] - Text 'Transaction Successful' is present on page  using regular expression

2024-07-12 23:00:27 - [TEST_STEP][PASSED] - sdf = getText(findTestObject(path_Receipt + "td_AutoNoC031622113752957Ahm")): Text of object 'Object Repository/AdminSuiteBootstrap_Pages/VT_Bootstrap/Receipt/td_AutoNoC031622113752957Ahm' is: 'AutoNoC071224225256010Ahm'

2024-07-12 23:00:27 - [MESSAGE][PASSED] - Text of object 'Object Repository/AdminSuiteBootstrap_Pages/VT_Bootstrap/Receipt/td_AutoNoC031622113752957Ahm' is: 'AutoNoC071224225256010Ahm'

2024-07-12 23:00:27 - [TEST_STEP][PASSED] - out.println("sdf: " + sdf): null

2024-07-12 23:00:27 - [TEST_STEP][PASSED] - remID = sdf: null

2024-07-12 23:00:27 - [TEST_STEP][PASSED] - out.println("remID: " + remID): null

2024-07-12 23:00:27 - [TEST_STEP][PASSED] - click(findTestObject(path_Receipt + "button_Continue")): Object: 'Object Repository/AdminSuiteBootstrap_Pages/VT_Bootstrap/Receipt/button_Continue' is clicked on

2024-07-12 23:00:28 - [MESSAGE][PASSED] - Object: 'Object Repository/AdminSuiteBootstrap_Pages/VT_Bootstrap/Receipt/button_Continue' is clicked on

2024-07-12 23:00:28 - [TEST_STEP][PASSED] - click(findTestObject(path_VT + "a_Search Transactions")): Object: 'Object Repository/AdminSuiteBootstrap_Pages/VT_Bootstrap/IssueTransactions/a_Search Transactions' is clicked on

2024-07-12 23:00:29 - [MESSAGE][PASSED] - Object: 'Object Repository/AdminSuiteBootstrap_Pages/VT_Bootstrap/IssueTransactions/a_Search Transactions' is clicked on

2024-07-12 23:00:29 - [TEST_STEP][PASSED] - setText(findTestObject(path_CCSearch + "input_Search By_searchValue"), remID): Text 'AutoNoC071224225256010Ahm' is set on object 'Object Repository/AdminSuiteBootstrap_Pages/VT_Bootstrap/CCCreditOrVoidSearch/input_Search By_searchValue'

2024-07-12 23:00:30 - [MESSAGE][PASSED] - Text 'AutoNoC071224225256010Ahm' is set on object 'Object Repository/AdminSuiteBootstrap_Pages/VT_Bootstrap/CCCreditOrVoidSearch/input_Search By_searchValue'

2024-07-12 23:00:30 - [TEST_STEP][PASSED] - click(findTestObject(path_CCSearch + "button_Submit")): Object: 'Object Repository/AdminSuiteBootstrap_Pages/VT_Bootstrap/CCCreditOrVoidSearch/button_Submit' is clicked on

2024-07-12 23:00:31 - [MESSAGE][PASSED] - Object: 'Object Repository/AdminSuiteBootstrap_Pages/VT_Bootstrap/CCCreditOrVoidSearch/button_Submit' is clicked on

2024-07-12 23:00:31 - [TEST_STEP][PASSED] - fgr = getText(findTestObject(path_SearchResults + "div_Payment ID")): Text of object 'Object Repository/AdminSuiteBootstrap_Pages/VT_Bootstrap/SearchResults/div_Payment ID' is: 'Payment ID
Payment Type
Transaction Type
Remittance ID
Name
Total Amount
End Date
Status
12154828 Credit Card Authorization and Capture AutoNoC071224225256010Ahm Janaki James $10.50 07/12/2024 Success'

2024-07-12 23:00:31 - [MESSAGE][PASSED] - Text of object 'Object Repository/AdminSuiteBootstrap_Pages/VT_Bootstrap/SearchResults/div_Payment ID' is: 'Payment ID
Payment Type
Transaction Type
Remittance ID
Name
Total Amount
End Date
Status
12154828 Credit Card Authorization and Capture AutoNoC071224225256010Ahm Janaki James $10.50 07/12/2024 Success'

2024-07-12 23:00:31 - [TEST_STEP][PASSED] - payID = substring(89, 98).trim(): null

2024-07-12 23:00:31 - [TEST_STEP][PASSED] - out.println("payID: " + payID): null

2024-07-12 23:00:31 - [TEST_STEP][PASSED] - click(findTestObject(path_SearchResults + "button_PaymentID")): Object: 'Object Repository/AdminSuiteBootstrap_Pages/VT_Bootstrap/SearchResults/button_PaymentID' is clicked on

2024-07-12 23:00:32 - [MESSAGE][PASSED] - Object: 'Object Repository/AdminSuiteBootstrap_Pages/VT_Bootstrap/SearchResults/button_PaymentID' is clicked on

2024-07-12 23:00:32 - [TEST_STEP][PASSED] - verifyTextPresent("Tender Type", true): Text 'Tender Type' is present on page  using regular expression

2024-07-12 23:00:33 - [MESSAGE][PASSED] - Text 'Tender Type' is present on page  using regular expression

2024-07-12 23:00:33 - [TEST_STEP][PASSED] - verifyTextPresent("Credit Card", true): Text 'Credit Card' is present on page  using regular expression

2024-07-12 23:00:33 - [MESSAGE][PASSED] - Text 'Credit Card' is present on page  using regular expression

2024-07-12 23:00:33 - [TEST_STEP][PASSED] - verifyTextPresent("Transaction Type", true): Text 'Transaction Type' is present on page  using regular expression

2024-07-12 23:00:33 - [MESSAGE][PASSED] - Text 'Transaction Type' is present on page  using regular expression

2024-07-12 23:00:33 - [TEST_STEP][PASSED] - verifyTextPresent("Authorization and Capture", true): Text 'Authorization and Capture' is present on page  using regular expression

2024-07-12 23:00:34 - [MESSAGE][PASSED] - Text 'Authorization and Capture' is present on page  using regular expression

2024-07-12 23:00:34 - [TEST_STEP][PASSED] - verifyTextPresent("Transaction Posted by", true): Text 'Transaction Posted by' is present on page  using regular expression

2024-07-12 23:00:34 - [MESSAGE][PASSED] - Text 'Transaction Posted by' is present on page  using regular expression

2024-07-12 23:00:34 - [TEST_STEP][PASSED] - verifyTextPresent("iahmed", true): Text 'iahmed' is present on page  using regular expression

2024-07-12 23:00:34 - [MESSAGE][PASSED] - Text 'iahmed' is present on page  using regular expression

2024-07-12 23:00:34 - [TEST_STEP][PASSED] - click(findTestObject(path_TranxDetails + "a_Credit this transaction")): Object: 'Object Repository/AdminSuiteBootstrap_Pages/VT_Bootstrap/TransactionDetails/a_Credit this transaction' is clicked on

2024-07-12 23:00:35 - [MESSAGE][PASSED] - Object: 'Object Repository/AdminSuiteBootstrap_Pages/VT_Bootstrap/TransactionDetails/a_Credit this transaction' is clicked on

2024-07-12 23:00:35 - [TEST_STEP][PASSED] - verifyTextPresent("Credit Card Credit", true): Text 'Credit Card Credit' is present on page  using regular expression

2024-07-12 23:00:36 - [MESSAGE][PASSED] - Text 'Credit Card Credit' is present on page  using regular expression

2024-07-12 23:00:36 - [TEST_STEP][PASSED] - click(findTestObject(path_TranxDetails + "button_Submit")): Object: 'Object Repository/AdminSuiteBootstrap_Pages/VT_Bootstrap/TransactionDetails/button_Submit' is clicked on

2024-07-12 23:00:37 - [MESSAGE][PASSED] - Object: 'Object Repository/AdminSuiteBootstrap_Pages/VT_Bootstrap/TransactionDetails/button_Submit' is clicked on

2024-07-12 23:00:37 - [TEST_STEP][PASSED] - verifyTextPresent("Transaction Successful", true): Text 'Transaction Successful' is present on page  using regular expression

2024-07-12 23:00:38 - [MESSAGE][PASSED] - Text 'Transaction Successful' is present on page  using regular expression

2024-07-12 23:00:38 - [TEST_STEP][PASSED] - verifyTextPresent("Transaction Type", true): Text 'Transaction Type' is present on page  using regular expression

2024-07-12 23:00:38 - [MESSAGE][PASSED] - Text 'Transaction Type' is present on page  using regular expression

2024-07-12 23:00:38 - [TEST_STEP][PASSED] - verifyTextPresent("Credit", true): Text 'Credit' is present on page  using regular expression

2024-07-12 23:00:39 - [MESSAGE][PASSED] - Text 'Credit' is present on page  using regular expression

2024-07-12 23:00:39 - [TEST_STEP][PASSED] - closeBrowser(): Browser is closed

2024-07-12 23:00:40 - [MESSAGE][PASSED] - Browser is closed

2024-07-12 23:00:40 - [TEST_STEP][PASSED] - ExecuteTC = findTestData(dataFile).getValue("Execute", row): null

2024-07-12 23:00:40 - [TEST_STEP][PASSED] - out.println("Value of Execute is : " + ExecuteTC): null

2024-07-12 23:00:40 - [TEST_STEP][PASSED] - switch (executionProfile): null

2024-07-12 23:00:40 - [TEST_STEP][PASSED] - case "QA2Profile":: null

2024-07-12 23:00:40 - [TEST_STEP][PASSED] - appName = findTestData(dataFile).getValue("AppNameQA", row): null

2024-07-12 23:00:40 - [TEST_STEP][PASSED] - appID = findTestData(dataFile).getValue("AppIDQA", row): null

2024-07-12 23:00:40 - [TEST_STEP][PASSED] - break: null

2024-07-12 23:00:40 - [TEST_STEP][PASSED] - hrefAppID = li_1 + appID + li_2: null

2024-07-12 23:00:40 - [TEST_STEP][PASSED] - hrefApp = li_1 + appID + "/": null

2024-07-12 23:00:40 - [TEST_STEP][PASSED] - println("hrefApp : " + hrefApp): null

2024-07-12 23:00:40 - [TEST_STEP][PASSED] - if (ExecuteTC.equalsIgnoreCase("Y")): null

2024-07-12 23:00:40 - [TEST_STEP][PASSED] - out.println("Begin Record Number: " + row): null

2024-07-12 23:00:40 - [TEST_STEP][PASSED] - today = new java.util.Date(): null

2024-07-12 23:00:40 - [TEST_STEP][PASSED] - println(today): null

2024-07-12 23:00:40 - [TEST_STEP][PASSED] - datText = today: null

2024-07-12 23:00:40 - [TEST_STEP][PASSED] - adminSuiteBootstrap.loginFunctionality.login_AdminSuite(): adminSuiteBootstrap.loginFunctionality.login_AdminSuite is PASSED

2024-07-12 23:00:40 - [MESSAGE][INFO] - Starting 'Chrome' driver

2024-07-12 23:00:40 - [MESSAGE][INFO] - User set preference: ['acceptInsecureCerts', 'true']

2024-07-12 23:00:40 - [MESSAGE][INFO] - Action delay is set to 0 milliseconds

2024-07-12 23:00:43 - [MESSAGE][PASSED] - Browser is opened with url: 'https://qa2.velocitypayment.com/admin/imtiaz'

2024-07-12 23:00:43 - [MESSAGE][PASSED] - Current window maximized

2024-07-12 23:00:44 - [MESSAGE][PASSED] - Object 'Object Repository/Login_Page/Login_Username_Okta' is present

2024-07-12 23:00:44 - [MESSAGE][PASSED] - Text 'iahmed' is set on object 'Object Repository/Login_Page/Login_Username_Okta'

2024-07-12 23:00:45 - [MESSAGE][PASSED] - Text 'Hello!6666666' is set on object 'Object Repository/Login_Page/Login_Password_Okta'

2024-07-12 23:00:46 - [MESSAGE][PASSED] - Object: 'Object Repository/Login_Page/Login_Submit_Okta' is clicked on

2024-07-12 23:00:46 - [MESSAGE][PASSED] - adminSuiteBootstrap.loginFunctionality.login_AdminSuite is PASSED

2024-07-12 23:00:46 - [TEST_STEP][PASSED] - click(findTestObject(path_Dashboard + appName)): Object: 'Object Repository/AdminSuiteBootstrap_Pages/Dashboard_Bootstrap/a_Access AutoNoCFtp' is clicked on

2024-07-12 23:00:53 - [MESSAGE][PASSED] - Object: 'Object Repository/AdminSuiteBootstrap_Pages/Dashboard_Bootstrap/a_Access AutoNoCFtp' is clicked on

2024-07-12 23:00:53 - [TEST_STEP][PASSED] - click(findTestObject(path_VT + "button_Authorization  Capture (Sale)")): Object: 'Object Repository/AdminSuiteBootstrap_Pages/VT_Bootstrap/IssueTransactions/button_Authorization  Capture (Sale)' is clicked on

2024-07-12 23:00:54 - [MESSAGE][PASSED] - Object: 'Object Repository/AdminSuiteBootstrap_Pages/VT_Bootstrap/IssueTransactions/button_Authorization  Capture (Sale)' is clicked on

2024-07-12 23:00:54 - [TEST_STEP][PASSED] - saleKeyboardEntryLink = modifyObjectProperty(findTestObject(path_VT + "a_KeyboardEntry_Sale"), "href", "equals", hrefAppID, true): Modify property of object successfully

2024-07-12 23:00:54 - [MESSAGE][PASSED] - Modify property of object successfully

2024-07-12 23:00:54 - [TEST_STEP][PASSED] - click(saleKeyboardEntryLink): Object: 'Object Repository/AdminSuiteBootstrap_Pages/VT_Bootstrap/IssueTransactions/a_KeyboardEntry_Sale' is clicked on

2024-07-12 23:00:55 - [MESSAGE][PASSED] - Object: 'Object Repository/AdminSuiteBootstrap_Pages/VT_Bootstrap/IssueTransactions/a_KeyboardEntry_Sale' is clicked on

2024-07-12 23:00:55 - [TEST_STEP][PASSED] - adminSuiteBootstrap.virtualTerminalSetData.saleKeyboard_DataDriven(row, dataFile): adminSuiteBootstrap.virtualTerminalSetData.saleKeyboard_DataDriven is PASSED

2024-07-12 23:00:58 - [MESSAGE][PASSED] - Text 'Janaki James' is set on object 'Object Repository/AdminSuiteBootstrap_Pages/VT_Bootstrap/SaleKeyboard/input_cardName'

2024-07-12 23:00:59 - [MESSAGE][PASSED] - All options with value 'MOTO' are selected in object 'Object Repository/AdminSuiteBootstrap_Pages/VT_Bootstrap/SaleKeyboard/select_transactionCategory'  using regular expression

2024-07-12 23:01:00 - [MESSAGE][PASSED] - Execute JavaScript 'arguments[0].value ='6011000993026909' ' successfully

2024-07-12 23:01:00 - [MESSAGE][PASSED] - Execute JavaScript 'arguments[0].value ='123' ' successfully

2024-07-12 23:01:01 - [MESSAGE][PASSED] - All options with value '12' are selected in object 'Object Repository/AdminSuiteBootstrap_Pages/VT_Bootstrap/SaleKeyboard/select_MM'  using regular expression

2024-07-12 23:01:02 - [MESSAGE][PASSED] - All options with value '2025' are selected in object 'Object Repository/AdminSuiteBootstrap_Pages/VT_Bootstrap/SaleKeyboard/select_YYYY'  using regular expression

2024-07-12 23:01:03 - [MESSAGE][PASSED] - Text '25987 Hill Top' is set on object 'Object Repository/AdminSuiteBootstrap_Pages/VT_Bootstrap/SaleKeyboard/input__address'

2024-07-12 23:01:04 - [MESSAGE][PASSED] - Text 'Suite 500' is set on object 'Object Repository/AdminSuiteBootstrap_Pages/VT_Bootstrap/SaleKeyboard/input__address2'

2024-07-12 23:01:05 - [MESSAGE][PASSED] - Text '22201' is set on object 'Object Repository/AdminSuiteBootstrap_Pages/VT_Bootstrap/SaleKeyboard/input__zip'

2024-07-12 23:01:05 - [MESSAGE][PASSED] - Text '' is set on object 'Object Repository/AdminSuiteBootstrap_Pages/VT_Bootstrap/SaleKeyboard/input_emailAddress'

2024-07-12 23:01:07 - [MESSAGE][PASSED] - Text '' is set on object 'Object Repository/AdminSuiteBootstrap_Pages/VT_Bootstrap/SaleKeyboard/input_smsNumber'

2024-07-12 23:01:07 - [MESSAGE][PASSED] - Text '10.50' is set on object 'Object Repository/AdminSuiteBootstrap_Pages/VT_Bootstrap/SaleKeyboard/input_amount'

2024-07-12 23:01:08 - [MESSAGE][PASSED] - Text 'Australia' is set on object 'Object Repository/AdminSuiteBootstrap_Pages/VT_Bootstrap/SaleKeyboard/input_userDefined1'

2024-07-12 23:01:09 - [MESSAGE][PASSED] - Text 'Denmark' is set on object 'Object Repository/AdminSuiteBootstrap_Pages/VT_Bootstrap/SaleKeyboard/input_userDefined2'

2024-07-12 23:01:10 - [MESSAGE][PASSED] - Text 'Sweden' is set on object 'Object Repository/AdminSuiteBootstrap_Pages/VT_Bootstrap/SaleKeyboard/input_userDefined3'

2024-07-12 23:01:10 - [MESSAGE][PASSED] - Text 'Austria' is set on object 'Object Repository/AdminSuiteBootstrap_Pages/VT_Bootstrap/SaleKeyboard/input_userDefined4'

2024-07-12 23:01:11 - [MESSAGE][PASSED] - All options with label 'Orange' are selected in object 'Object Repository/AdminSuiteBootstrap_Pages/VT_Bootstrap/SaleKeyboard/select_UDF5_DropDown'  using regular expression

2024-07-12 23:01:12 - [MESSAGE][PASSED] - All options with label 'Yellow' are selected in object 'Object Repository/AdminSuiteBootstrap_Pages/VT_Bootstrap/SaleKeyboard/select_UDF6_DropDown'  using regular expression

2024-07-12 23:01:13 - [MESSAGE][PASSED] - Text 'Norway' is set on object 'Object Repository/AdminSuiteBootstrap_Pages/VT_Bootstrap/SaleKeyboard/input_userDefined7'

2024-07-12 23:01:14 - [MESSAGE][PASSED] - Text 'Netherlands' is set on object 'Object Repository/AdminSuiteBootstrap_Pages/VT_Bootstrap/SaleKeyboard/input_userDefined8'

2024-07-12 23:01:14 - [MESSAGE][PASSED] - Text 'Switzerland' is set on object 'Object Repository/AdminSuiteBootstrap_Pages/VT_Bootstrap/SaleKeyboard/input_userDefined9'

2024-07-12 23:01:15 - [MESSAGE][PASSED] - Text 'France' is set on object 'Object Repository/AdminSuiteBootstrap_Pages/VT_Bootstrap/SaleKeyboard/input_userDefined10'

2024-07-12 23:01:17 - [MESSAGE][PASSED] - Object: 'Object Repository/AdminSuiteBootstrap_Pages/VT_Bootstrap/SaleKeyboard/button_Submit' is clicked on

2024-07-12 23:01:17 - [MESSAGE][PASSED] - adminSuiteBootstrap.virtualTerminalSetData.saleKeyboard_DataDriven is PASSED

2024-07-12 23:01:17 - [TEST_STEP][PASSED] - if (verifyTextPresent("Transaction Successful", true)): null

2024-07-12 23:01:17 - [MESSAGE][PASSED] - Text 'Transaction Successful' is present on page  using regular expression

2024-07-12 23:01:17 - [TEST_STEP][PASSED] - sdf = getText(findTestObject(path_Receipt + "td_AutoNoC031622113752957Ahm")): Text of object 'Object Repository/AdminSuiteBootstrap_Pages/VT_Bootstrap/Receipt/td_AutoNoC031622113752957Ahm' is: 'AutoNoC071224225346091Ahm'

2024-07-12 23:01:17 - [MESSAGE][PASSED] - Text of object 'Object Repository/AdminSuiteBootstrap_Pages/VT_Bootstrap/Receipt/td_AutoNoC031622113752957Ahm' is: 'AutoNoC071224225346091Ahm'

2024-07-12 23:01:17 - [TEST_STEP][PASSED] - out.println("sdf: " + sdf): null

2024-07-12 23:01:17 - [TEST_STEP][PASSED] - remID = sdf: null

2024-07-12 23:01:17 - [TEST_STEP][PASSED] - out.println("remID: " + remID): null

2024-07-12 23:01:17 - [TEST_STEP][PASSED] - click(findTestObject(path_Receipt + "button_Continue")): Object: 'Object Repository/AdminSuiteBootstrap_Pages/VT_Bootstrap/Receipt/button_Continue' is clicked on

2024-07-12 23:01:18 - [MESSAGE][PASSED] - Object: 'Object Repository/AdminSuiteBootstrap_Pages/VT_Bootstrap/Receipt/button_Continue' is clicked on

2024-07-12 23:01:18 - [TEST_STEP][PASSED] - click(findTestObject(path_VT + "a_Search Transactions")): Object: 'Object Repository/AdminSuiteBootstrap_Pages/VT_Bootstrap/IssueTransactions/a_Search Transactions' is clicked on

2024-07-12 23:01:19 - [MESSAGE][PASSED] - Object: 'Object Repository/AdminSuiteBootstrap_Pages/VT_Bootstrap/IssueTransactions/a_Search Transactions' is clicked on

2024-07-12 23:01:19 - [TEST_STEP][PASSED] - setText(findTestObject(path_CCSearch + "input_Search By_searchValue"), remID): Text 'AutoNoC071224225346091Ahm' is set on object 'Object Repository/AdminSuiteBootstrap_Pages/VT_Bootstrap/CCCreditOrVoidSearch/input_Search By_searchValue'

2024-07-12 23:01:20 - [MESSAGE][PASSED] - Text 'AutoNoC071224225346091Ahm' is set on object 'Object Repository/AdminSuiteBootstrap_Pages/VT_Bootstrap/CCCreditOrVoidSearch/input_Search By_searchValue'

2024-07-12 23:01:20 - [TEST_STEP][PASSED] - click(findTestObject(path_CCSearch + "button_Submit")): Object: 'Object Repository/AdminSuiteBootstrap_Pages/VT_Bootstrap/CCCreditOrVoidSearch/button_Submit' is clicked on

2024-07-12 23:01:21 - [MESSAGE][PASSED] - Object: 'Object Repository/AdminSuiteBootstrap_Pages/VT_Bootstrap/CCCreditOrVoidSearch/button_Submit' is clicked on

2024-07-12 23:01:21 - [TEST_STEP][PASSED] - fgr = getText(findTestObject(path_SearchResults + "div_Payment ID")): Text of object 'Object Repository/AdminSuiteBootstrap_Pages/VT_Bootstrap/SearchResults/div_Payment ID' is: 'Payment ID
Payment Type
Transaction Type
Remittance ID
Name
Total Amount
End Date
Status
12154830 Credit Card Authorization and Capture AutoNoC071224225346091Ahm Janaki James $10.50 07/12/2024 Success'

2024-07-12 23:01:21 - [MESSAGE][PASSED] - Text of object 'Object Repository/AdminSuiteBootstrap_Pages/VT_Bootstrap/SearchResults/div_Payment ID' is: 'Payment ID
Payment Type
Transaction Type
Remittance ID
Name
Total Amount
End Date
Status
12154830 Credit Card Authorization and Capture AutoNoC071224225346091Ahm Janaki James $10.50 07/12/2024 Success'

2024-07-12 23:01:21 - [TEST_STEP][PASSED] - payID = substring(89, 98).trim(): null

2024-07-12 23:01:21 - [TEST_STEP][PASSED] - out.println("payID: " + payID): null

2024-07-12 23:01:21 - [TEST_STEP][PASSED] - click(findTestObject(path_SearchResults + "button_PaymentID")): Object: 'Object Repository/AdminSuiteBootstrap_Pages/VT_Bootstrap/SearchResults/button_PaymentID' is clicked on

2024-07-12 23:01:22 - [MESSAGE][PASSED] - Object: 'Object Repository/AdminSuiteBootstrap_Pages/VT_Bootstrap/SearchResults/button_PaymentID' is clicked on

2024-07-12 23:01:22 - [TEST_STEP][PASSED] - verifyTextPresent("Tender Type", true): Text 'Tender Type' is present on page  using regular expression

2024-07-12 23:01:23 - [MESSAGE][PASSED] - Text 'Tender Type' is present on page  using regular expression

2024-07-12 23:01:23 - [TEST_STEP][PASSED] - verifyTextPresent("Credit Card", true): Text 'Credit Card' is present on page  using regular expression

2024-07-12 23:01:23 - [MESSAGE][PASSED] - Text 'Credit Card' is present on page  using regular expression

2024-07-12 23:01:23 - [TEST_STEP][PASSED] - verifyTextPresent("Transaction Type", true): Text 'Transaction Type' is present on page  using regular expression

2024-07-12 23:01:24 - [MESSAGE][PASSED] - Text 'Transaction Type' is present on page  using regular expression

2024-07-12 23:01:24 - [TEST_STEP][PASSED] - verifyTextPresent("Authorization and Capture", true): Text 'Authorization and Capture' is present on page  using regular expression

2024-07-12 23:01:24 - [MESSAGE][PASSED] - Text 'Authorization and Capture' is present on page  using regular expression

2024-07-12 23:01:24 - [TEST_STEP][PASSED] - verifyTextPresent("Transaction Posted by", true): Text 'Transaction Posted by' is present on page  using regular expression

2024-07-12 23:01:24 - [MESSAGE][PASSED] - Text 'Transaction Posted by' is present on page  using regular expression

2024-07-12 23:01:24 - [TEST_STEP][PASSED] - verifyTextPresent("iahmed", true): Text 'iahmed' is present on page  using regular expression

2024-07-12 23:01:25 - [MESSAGE][PASSED] - Text 'iahmed' is present on page  using regular expression

2024-07-12 23:01:25 - [TEST_STEP][PASSED] - click(findTestObject(path_TranxDetails + "a_Credit this transaction")): Object: 'Object Repository/AdminSuiteBootstrap_Pages/VT_Bootstrap/TransactionDetails/a_Credit this transaction' is clicked on

2024-07-12 23:01:26 - [MESSAGE][PASSED] - Object: 'Object Repository/AdminSuiteBootstrap_Pages/VT_Bootstrap/TransactionDetails/a_Credit this transaction' is clicked on

2024-07-12 23:01:26 - [TEST_STEP][PASSED] - verifyTextPresent("Credit Card Credit", true): Text 'Credit Card Credit' is present on page  using regular expression

2024-07-12 23:01:26 - [MESSAGE][PASSED] - Text 'Credit Card Credit' is present on page  using regular expression

2024-07-12 23:01:26 - [TEST_STEP][PASSED] - click(findTestObject(path_TranxDetails + "button_Submit")): Object: 'Object Repository/AdminSuiteBootstrap_Pages/VT_Bootstrap/TransactionDetails/button_Submit' is clicked on

2024-07-12 23:01:28 - [MESSAGE][PASSED] - Object: 'Object Repository/AdminSuiteBootstrap_Pages/VT_Bootstrap/TransactionDetails/button_Submit' is clicked on

2024-07-12 23:01:28 - [TEST_STEP][PASSED] - verifyTextPresent("Transaction Successful", true): Text 'Transaction Successful' is present on page  using regular expression

2024-07-12 23:01:28 - [MESSAGE][PASSED] - Text 'Transaction Successful' is present on page  using regular expression

2024-07-12 23:01:28 - [TEST_STEP][PASSED] - verifyTextPresent("Transaction Type", true): Text 'Transaction Type' is present on page  using regular expression

2024-07-12 23:01:28 - [MESSAGE][PASSED] - Text 'Transaction Type' is present on page  using regular expression

2024-07-12 23:01:28 - [TEST_STEP][PASSED] - verifyTextPresent("Credit", true): Text 'Credit' is present on page  using regular expression

2024-07-12 23:01:29 - [MESSAGE][PASSED] - Text 'Credit' is present on page  using regular expression

2024-07-12 23:01:29 - [TEST_STEP][PASSED] - closeBrowser(): Browser is closed

2024-07-12 23:01:30 - [MESSAGE][PASSED] - Browser is closed]]></system-out>
         <system-err><![CDATA[]]></system-err>
      </testcase>
      <testcase name="Test Cases/Admin Suite Bootstrap/VT_TestCases/SaleAndCreditKeyboard_TP_SingleCF_Generic_Payment_TC" time="416.656" classname="Test Cases/Admin Suite Bootstrap/VT_TestCases/SaleAndCreditKeyboard_TP_SingleCF_Generic_Payment_TC" status="PASSED">
         <system-out><![CDATA[2024-07-12 23:01:30 - [TEST_CASE][PASSED] - Test Cases/Admin Suite Bootstrap/VT_TestCases/SaleAndCreditKeyboard_TP_SingleCF_Generic_Payment_TC: Test Cases/Admin Suite Bootstrap/VT_TestCases/SaleAndCreditKeyboard_TP_SingleCF_Generic_Payment_TC

2024-07-12 23:01:30 - [TEST_STEP][PASSED] - path_Dashboard = "Object Repository/AdminSuiteBootstrap_Pages/Dashboard_Bootstrap/": null

2024-07-12 23:01:30 - [TEST_STEP][PASSED] - path_VT = "Object Repository/AdminSuiteBootstrap_Pages/VT_Bootstrap/IssueTransactions/": null

2024-07-12 23:01:30 - [TEST_STEP][PASSED] - path_SaleKB = "Object Repository/AdminSuiteBootstrap_Pages/VT_Bootstrap/SaleKeyboard/": null

2024-07-12 23:01:30 - [TEST_STEP][PASSED] - path_TestMinus = "Object Repository/Page_TestMinusAndAtSigns/": null

2024-07-12 23:01:30 - [TEST_STEP][PASSED] - path_Receipt = "Object Repository/AdminSuiteBootstrap_Pages/VT_Bootstrap/Receipt/": null

2024-07-12 23:01:30 - [TEST_STEP][PASSED] - path_CCSearch = "Object Repository/AdminSuiteBootstrap_Pages/VT_Bootstrap/CCCreditOrVoidSearch/": null

2024-07-12 23:01:30 - [TEST_STEP][PASSED] - path_SearchResults = "Object Repository/AdminSuiteBootstrap_Pages/VT_Bootstrap/SearchResults/": null

2024-07-12 23:01:30 - [TEST_STEP][PASSED] - path_TranxDetails = "Object Repository/AdminSuiteBootstrap_Pages/VT_Bootstrap/TransactionDetails/": null

2024-07-12 23:01:30 - [TEST_STEP][PASSED] - li_1 = vpos_Prefix: null

2024-07-12 23:01:30 - [TEST_STEP][PASSED] - li_2 = "/transactions/AuthCapForm/": null

2024-07-12 23:01:30 - [TEST_STEP][PASSED] - executionProfile = getExecutionProfile(): null

2024-07-12 23:01:30 - [TEST_STEP][PASSED] - out.println("executionProfile : " + executionProfile): null

2024-07-12 23:01:30 - [TEST_STEP][PASSED] - appName = <not implemented yet for class: org.codehaus.groovy.ast.expr.EmptyExpression>: null

2024-07-12 23:01:30 - [TEST_STEP][PASSED] - appID = <not implemented yet for class: org.codehaus.groovy.ast.expr.EmptyExpression>: null

2024-07-12 23:01:30 - [TEST_STEP][PASSED] - cardNameV = <not implemented yet for class: org.codehaus.groovy.ast.expr.EmptyExpression>: null

2024-07-12 23:01:30 - [TEST_STEP][PASSED] - al1V = <not implemented yet for class: org.codehaus.groovy.ast.expr.EmptyExpression>: null

2024-07-12 23:01:30 - [TEST_STEP][PASSED] - al2V = <not implemented yet for class: org.codehaus.groovy.ast.expr.EmptyExpression>: null

2024-07-12 23:01:30 - [TEST_STEP][PASSED] - zipV = <not implemented yet for class: org.codehaus.groovy.ast.expr.EmptyExpression>: null

2024-07-12 23:01:30 - [TEST_STEP][PASSED] - cardTypeV = <not implemented yet for class: org.codehaus.groovy.ast.expr.EmptyExpression>: null

2024-07-12 23:01:30 - [TEST_STEP][PASSED] - last4V = <not implemented yet for class: org.codehaus.groovy.ast.expr.EmptyExpression>: null

2024-07-12 23:01:30 - [TEST_STEP][PASSED] - resText = "Fail": null

2024-07-12 23:01:30 - [TEST_STEP][PASSED] - resColumn = "Result": null

2024-07-12 23:01:30 - [TEST_STEP][PASSED] - datCloumn = "Date": null

2024-07-12 23:01:30 - [TEST_STEP][PASSED] - fileLoc = "C:\KatalonData\Bootstrap\VT-Data.xlsx": null

2024-07-12 23:01:30 - [TEST_STEP][PASSED] - numOfRows = <not implemented yet for class: org.codehaus.groovy.ast.expr.EmptyExpression>: null

2024-07-12 23:01:30 - [TEST_STEP][PASSED] - dataFile = <not implemented yet for class: org.codehaus.groovy.ast.expr.EmptyExpression>: null

2024-07-12 23:01:30 - [TEST_STEP][PASSED] - nameSheet = <not implemented yet for class: org.codehaus.groovy.ast.expr.EmptyExpression>: null

2024-07-12 23:01:30 - [TEST_STEP][PASSED] - nameSheet = "VT-SaleCredit-SingleCF-Generic": null

2024-07-12 23:01:30 - [TEST_STEP][PASSED] - numOfRows = findTestData("QA/Bootstrap/VT-TestData/VT-SaleCreditData-SingleCF-Generic").getRowNumbers(): null

2024-07-12 23:01:31 - [TEST_STEP][PASSED] - println("Number of Records: " + numOfRows): null

2024-07-12 23:01:31 - [TEST_STEP][PASSED] - dataFile = "QA/Bootstrap/VT-TestData/VT-SaleCreditData-SingleCF-Generic": null

2024-07-12 23:01:31 - [TEST_STEP][PASSED] - for ([row = 1, row <= numOfRows, (row++)]): null

2024-07-12 23:01:31 - [TEST_STEP][PASSED] - ExecuteTC = findTestData(dataFile).getValue("Execute", row): null

2024-07-12 23:01:31 - [TEST_STEP][PASSED] - out.println("Value of Execute is : " + ExecuteTC): null

2024-07-12 23:01:31 - [TEST_STEP][PASSED] - switch (executionProfile): null

2024-07-12 23:01:31 - [TEST_STEP][PASSED] - case "QA2Profile":: null

2024-07-12 23:01:31 - [TEST_STEP][PASSED] - appName = findTestData(dataFile).getValue("AppNameQA", row): null

2024-07-12 23:01:31 - [TEST_STEP][PASSED] - appID = findTestData(dataFile).getValue("AppIDQA", row): null

2024-07-12 23:01:31 - [TEST_STEP][PASSED] - break: null

2024-07-12 23:01:31 - [TEST_STEP][PASSED] - hrefAppID = li_1 + appID + li_2: null

2024-07-12 23:01:31 - [TEST_STEP][PASSED] - hrefApp = li_1 + appID + "/": null

2024-07-12 23:01:31 - [TEST_STEP][PASSED] - println("hrefApp : " + hrefApp): null

2024-07-12 23:01:31 - [TEST_STEP][PASSED] - if (ExecuteTC.equalsIgnoreCase("Y")): null

2024-07-12 23:01:31 - [TEST_STEP][PASSED] - out.println("Begin Record Number: " + row): null

2024-07-12 23:01:31 - [TEST_STEP][PASSED] - today = new java.util.Date(): null

2024-07-12 23:01:31 - [TEST_STEP][PASSED] - println(today): null

2024-07-12 23:01:31 - [TEST_STEP][PASSED] - datText = today: null

2024-07-12 23:01:31 - [TEST_STEP][PASSED] - adminSuiteBootstrap.loginFunctionality.login_AdminSuite(): adminSuiteBootstrap.loginFunctionality.login_AdminSuite is PASSED

2024-07-12 23:01:31 - [MESSAGE][INFO] - Starting 'Chrome' driver

2024-07-12 23:01:31 - [MESSAGE][INFO] - User set preference: ['acceptInsecureCerts', 'true']

2024-07-12 23:01:31 - [MESSAGE][INFO] - Action delay is set to 0 milliseconds

2024-07-12 23:01:33 - [MESSAGE][PASSED] - Browser is opened with url: 'https://qa2.velocitypayment.com/admin/imtiaz'

2024-07-12 23:01:34 - [MESSAGE][PASSED] - Current window maximized

2024-07-12 23:01:35 - [MESSAGE][PASSED] - Object 'Object Repository/Login_Page/Login_Username_Okta' is present

2024-07-12 23:01:35 - [MESSAGE][PASSED] - Text 'iahmed' is set on object 'Object Repository/Login_Page/Login_Username_Okta'

2024-07-12 23:01:36 - [MESSAGE][PASSED] - Text 'Hello!6666666' is set on object 'Object Repository/Login_Page/Login_Password_Okta'

2024-07-12 23:01:37 - [MESSAGE][PASSED] - Object: 'Object Repository/Login_Page/Login_Submit_Okta' is clicked on

2024-07-12 23:01:37 - [MESSAGE][PASSED] - adminSuiteBootstrap.loginFunctionality.login_AdminSuite is PASSED

2024-07-12 23:01:37 - [TEST_STEP][PASSED] - click(findTestObject(path_Dashboard + appName)): Object: 'Object Repository/AdminSuiteBootstrap_Pages/Dashboard_Bootstrap/a_Access AutoSingleCFtpQA' is clicked on

2024-07-12 23:01:44 - [MESSAGE][PASSED] - Object: 'Object Repository/AdminSuiteBootstrap_Pages/Dashboard_Bootstrap/a_Access AutoSingleCFtpQA' is clicked on

2024-07-12 23:01:44 - [TEST_STEP][PASSED] - click(findTestObject(path_VT + "button_Authorization  Capture (Sale)")): Object: 'Object Repository/AdminSuiteBootstrap_Pages/VT_Bootstrap/IssueTransactions/button_Authorization  Capture (Sale)' is clicked on

2024-07-12 23:01:45 - [MESSAGE][PASSED] - Object: 'Object Repository/AdminSuiteBootstrap_Pages/VT_Bootstrap/IssueTransactions/button_Authorization  Capture (Sale)' is clicked on

2024-07-12 23:01:45 - [TEST_STEP][PASSED] - saleKeyboardEntryLink = modifyObjectProperty(findTestObject(path_VT + "a_KeyboardEntry_Sale"), "href", "equals", hrefAppID, true): Modify property of object successfully

2024-07-12 23:01:45 - [MESSAGE][PASSED] - Modify property of object successfully

2024-07-12 23:01:45 - [TEST_STEP][PASSED] - click(saleKeyboardEntryLink): Object: 'Object Repository/AdminSuiteBootstrap_Pages/VT_Bootstrap/IssueTransactions/a_KeyboardEntry_Sale' is clicked on

2024-07-12 23:01:46 - [MESSAGE][PASSED] - Object: 'Object Repository/AdminSuiteBootstrap_Pages/VT_Bootstrap/IssueTransactions/a_KeyboardEntry_Sale' is clicked on

2024-07-12 23:01:46 - [TEST_STEP][PASSED] - adminSuiteBootstrap.virtualTerminalSetData.saleKeyboard_DataDriven(row, dataFile): adminSuiteBootstrap.virtualTerminalSetData.saleKeyboard_DataDriven is PASSED

2024-07-12 23:01:49 - [MESSAGE][PASSED] - Text 'Tulsi Raman' is set on object 'Object Repository/AdminSuiteBootstrap_Pages/VT_Bootstrap/SaleKeyboard/input_cardName'

2024-07-12 23:01:50 - [MESSAGE][PASSED] - All options with value 'RETL' are selected in object 'Object Repository/AdminSuiteBootstrap_Pages/VT_Bootstrap/SaleKeyboard/select_transactionCategory'  using regular expression

2024-07-12 23:01:51 - [MESSAGE][PASSED] - Execute JavaScript 'arguments[0].value ='4012000098765439' ' successfully

2024-07-12 23:01:51 - [MESSAGE][PASSED] - Execute JavaScript 'arguments[0].value ='123' ' successfully

2024-07-12 23:01:52 - [MESSAGE][PASSED] - All options with value '12' are selected in object 'Object Repository/AdminSuiteBootstrap_Pages/VT_Bootstrap/SaleKeyboard/select_MM'  using regular expression

2024-07-12 23:01:53 - [MESSAGE][PASSED] - All options with value '2025' are selected in object 'Object Repository/AdminSuiteBootstrap_Pages/VT_Bootstrap/SaleKeyboard/select_YYYY'  using regular expression

2024-07-12 23:01:54 - [MESSAGE][PASSED] - Text '36 Cornor Road' is set on object 'Object Repository/AdminSuiteBootstrap_Pages/VT_Bootstrap/SaleKeyboard/input__address'

2024-07-12 23:01:55 - [MESSAGE][PASSED] - Text 'Suite 500' is set on object 'Object Repository/AdminSuiteBootstrap_Pages/VT_Bootstrap/SaleKeyboard/input__address2'

2024-07-12 23:01:55 - [MESSAGE][PASSED] - Text '22201' is set on object 'Object Repository/AdminSuiteBootstrap_Pages/VT_Bootstrap/SaleKeyboard/input__zip'

2024-07-12 23:01:56 - [MESSAGE][PASSED] - Text '' is set on object 'Object Repository/AdminSuiteBootstrap_Pages/VT_Bootstrap/SaleKeyboard/input_emailAddress'

2024-07-12 23:01:57 - [MESSAGE][PASSED] - Text '' is set on object 'Object Repository/AdminSuiteBootstrap_Pages/VT_Bootstrap/SaleKeyboard/input_smsNumber'

2024-07-12 23:01:58 - [MESSAGE][PASSED] - Text '10.50' is set on object 'Object Repository/AdminSuiteBootstrap_Pages/VT_Bootstrap/SaleKeyboard/input_amount'

2024-07-12 23:01:59 - [MESSAGE][PASSED] - Text 'Australia' is set on object 'Object Repository/AdminSuiteBootstrap_Pages/VT_Bootstrap/SaleKeyboard/input_userDefined1'

2024-07-12 23:02:00 - [MESSAGE][PASSED] - Text 'Denmark' is set on object 'Object Repository/AdminSuiteBootstrap_Pages/VT_Bootstrap/SaleKeyboard/input_userDefined2'

2024-07-12 23:02:01 - [MESSAGE][PASSED] - Text 'Sweden' is set on object 'Object Repository/AdminSuiteBootstrap_Pages/VT_Bootstrap/SaleKeyboard/input_userDefined3'

2024-07-12 23:02:02 - [MESSAGE][PASSED] - Text 'Austria' is set on object 'Object Repository/AdminSuiteBootstrap_Pages/VT_Bootstrap/SaleKeyboard/input_userDefined4'

2024-07-12 23:02:03 - [MESSAGE][PASSED] - All options with label 'Orange' are selected in object 'Object Repository/AdminSuiteBootstrap_Pages/VT_Bootstrap/SaleKeyboard/select_UDF5_DropDown'  using regular expression

2024-07-12 23:02:04 - [MESSAGE][PASSED] - All options with label 'Yellow' are selected in object 'Object Repository/AdminSuiteBootstrap_Pages/VT_Bootstrap/SaleKeyboard/select_UDF6_DropDown'  using regular expression

2024-07-12 23:02:04 - [MESSAGE][PASSED] - Text 'Norway' is set on object 'Object Repository/AdminSuiteBootstrap_Pages/VT_Bootstrap/SaleKeyboard/input_userDefined7'

2024-07-12 23:02:05 - [MESSAGE][PASSED] - Text 'Netherlands' is set on object 'Object Repository/AdminSuiteBootstrap_Pages/VT_Bootstrap/SaleKeyboard/input_userDefined8'

2024-07-12 23:02:06 - [MESSAGE][PASSED] - Text 'Switzerland' is set on object 'Object Repository/AdminSuiteBootstrap_Pages/VT_Bootstrap/SaleKeyboard/input_userDefined9'

2024-07-12 23:02:06 - [MESSAGE][PASSED] - Text 'France' is set on object 'Object Repository/AdminSuiteBootstrap_Pages/VT_Bootstrap/SaleKeyboard/input_userDefined10'

2024-07-12 23:02:08 - [MESSAGE][PASSED] - Object: 'Object Repository/AdminSuiteBootstrap_Pages/VT_Bootstrap/SaleKeyboard/button_Submit' is clicked on

2024-07-12 23:02:08 - [MESSAGE][PASSED] - adminSuiteBootstrap.virtualTerminalSetData.saleKeyboard_DataDriven is PASSED

2024-07-12 23:02:08 - [TEST_STEP][PASSED] - if (verifyTextPresent("Transaction Successful", true)): null

2024-07-12 23:02:09 - [MESSAGE][PASSED] - Text 'Transaction Successful' is present on page  using regular expression

2024-07-12 23:02:09 - [TEST_STEP][PASSED] - sdf = getText(findTestObject(path_Receipt + "td_AutoNoC031622113752957Ahm")): Text of object 'Object Repository/AdminSuiteBootstrap_Pages/VT_Bootstrap/Receipt/td_AutoNoC031622113752957Ahm' is: 'AutoSin071224225436752Ahm'

2024-07-12 23:02:09 - [MESSAGE][PASSED] - Text of object 'Object Repository/AdminSuiteBootstrap_Pages/VT_Bootstrap/Receipt/td_AutoNoC031622113752957Ahm' is: 'AutoSin071224225436752Ahm'

2024-07-12 23:02:09 - [TEST_STEP][PASSED] - out.println("sdf: " + sdf): null

2024-07-12 23:02:09 - [TEST_STEP][PASSED] - remID = sdf: null

2024-07-12 23:02:09 - [TEST_STEP][PASSED] - out.println("remID: " + remID): null

2024-07-12 23:02:09 - [TEST_STEP][PASSED] - click(findTestObject(path_Receipt + "button_Continue")): Object: 'Object Repository/AdminSuiteBootstrap_Pages/VT_Bootstrap/Receipt/button_Continue' is clicked on

2024-07-12 23:02:10 - [MESSAGE][PASSED] - Object: 'Object Repository/AdminSuiteBootstrap_Pages/VT_Bootstrap/Receipt/button_Continue' is clicked on

2024-07-12 23:02:10 - [TEST_STEP][PASSED] - click(findTestObject(path_VT + "a_Search Transactions")): Object: 'Object Repository/AdminSuiteBootstrap_Pages/VT_Bootstrap/IssueTransactions/a_Search Transactions' is clicked on

2024-07-12 23:02:11 - [MESSAGE][PASSED] - Object: 'Object Repository/AdminSuiteBootstrap_Pages/VT_Bootstrap/IssueTransactions/a_Search Transactions' is clicked on

2024-07-12 23:02:11 - [TEST_STEP][PASSED] - setText(findTestObject(path_CCSearch + "input_Search By_searchValue"), remID): Text 'AutoSin071224225436752Ahm' is set on object 'Object Repository/AdminSuiteBootstrap_Pages/VT_Bootstrap/CCCreditOrVoidSearch/input_Search By_searchValue'

2024-07-12 23:02:12 - [MESSAGE][PASSED] - Text 'AutoSin071224225436752Ahm' is set on object 'Object Repository/AdminSuiteBootstrap_Pages/VT_Bootstrap/CCCreditOrVoidSearch/input_Search By_searchValue'

2024-07-12 23:02:12 - [TEST_STEP][PASSED] - click(findTestObject(path_CCSearch + "button_Submit")): Object: 'Object Repository/AdminSuiteBootstrap_Pages/VT_Bootstrap/CCCreditOrVoidSearch/button_Submit' is clicked on

2024-07-12 23:02:12 - [MESSAGE][PASSED] - Object: 'Object Repository/AdminSuiteBootstrap_Pages/VT_Bootstrap/CCCreditOrVoidSearch/button_Submit' is clicked on

2024-07-12 23:02:12 - [TEST_STEP][PASSED] - fgr = getText(findTestObject(path_SearchResults + "div_Payment ID")): Text of object 'Object Repository/AdminSuiteBootstrap_Pages/VT_Bootstrap/SearchResults/div_Payment ID' is: 'Payment ID
Payment Type
Transaction Type
Remittance ID
Name
Total Amount
End Date
Status
12154832 Credit Card Authorization and Capture AutoSin071224225436752Ahm Tulsi Raman $15.50 07/12/2024 Success'

2024-07-12 23:02:13 - [MESSAGE][PASSED] - Text of object 'Object Repository/AdminSuiteBootstrap_Pages/VT_Bootstrap/SearchResults/div_Payment ID' is: 'Payment ID
Payment Type
Transaction Type
Remittance ID
Name
Total Amount
End Date
Status
12154832 Credit Card Authorization and Capture AutoSin071224225436752Ahm Tulsi Raman $15.50 07/12/2024 Success'

2024-07-12 23:02:13 - [TEST_STEP][PASSED] - payID = substring(89, 98).trim(): null

2024-07-12 23:02:13 - [TEST_STEP][PASSED] - out.println("payID: " + payID): null

2024-07-12 23:02:13 - [TEST_STEP][PASSED] - click(findTestObject(path_SearchResults + "button_PaymentID")): Object: 'Object Repository/AdminSuiteBootstrap_Pages/VT_Bootstrap/SearchResults/button_PaymentID' is clicked on

2024-07-12 23:02:14 - [MESSAGE][PASSED] - Object: 'Object Repository/AdminSuiteBootstrap_Pages/VT_Bootstrap/SearchResults/button_PaymentID' is clicked on

2024-07-12 23:02:14 - [TEST_STEP][PASSED] - verifyTextPresent("Tender Type", true): Text 'Tender Type' is present on page  using regular expression

2024-07-12 23:02:14 - [MESSAGE][PASSED] - Text 'Tender Type' is present on page  using regular expression

2024-07-12 23:02:14 - [TEST_STEP][PASSED] - verifyTextPresent("Credit Card", true): Text 'Credit Card' is present on page  using regular expression

2024-07-12 23:02:15 - [MESSAGE][PASSED] - Text 'Credit Card' is present on page  using regular expression

2024-07-12 23:02:15 - [TEST_STEP][PASSED] - verifyTextPresent("Transaction Type", true): Text 'Transaction Type' is present on page  using regular expression

2024-07-12 23:02:15 - [MESSAGE][PASSED] - Text 'Transaction Type' is present on page  using regular expression

2024-07-12 23:02:15 - [TEST_STEP][PASSED] - verifyTextPresent("Authorization and Capture", true): Text 'Authorization and Capture' is present on page  using regular expression

2024-07-12 23:02:15 - [MESSAGE][PASSED] - Text 'Authorization and Capture' is present on page  using regular expression

2024-07-12 23:02:15 - [TEST_STEP][PASSED] - verifyTextPresent("Transaction Posted by", true): Text 'Transaction Posted by' is present on page  using regular expression

2024-07-12 23:02:16 - [MESSAGE][PASSED] - Text 'Transaction Posted by' is present on page  using regular expression

2024-07-12 23:02:16 - [TEST_STEP][PASSED] - verifyTextPresent("iahmed", true): Text 'iahmed' is present on page  using regular expression

2024-07-12 23:02:16 - [MESSAGE][PASSED] - Text 'iahmed' is present on page  using regular expression

2024-07-12 23:02:16 - [TEST_STEP][PASSED] - click(findTestObject(path_TranxDetails + "a_Credit this transaction")): Object: 'Object Repository/AdminSuiteBootstrap_Pages/VT_Bootstrap/TransactionDetails/a_Credit this transaction' is clicked on

2024-07-12 23:02:18 - [MESSAGE][PASSED] - Object: 'Object Repository/AdminSuiteBootstrap_Pages/VT_Bootstrap/TransactionDetails/a_Credit this transaction' is clicked on

2024-07-12 23:02:18 - [TEST_STEP][PASSED] - verifyTextPresent("Credit Card Credit", true): Text 'Credit Card Credit' is present on page  using regular expression

2024-07-12 23:02:19 - [MESSAGE][PASSED] - Text 'Credit Card Credit' is present on page  using regular expression

2024-07-12 23:02:19 - [TEST_STEP][PASSED] - partialCardNumber = findTestData(dataFile).getValue("AutoCreditNumber", row): null

2024-07-12 23:02:19 - [TEST_STEP][PASSED] - setText(findTestObject(path_TranxDetails + "input_cardMiddle"), partialCardNumber): Text '1200009876' is set on object 'Object Repository/AdminSuiteBootstrap_Pages/VT_Bootstrap/TransactionDetails/input_cardMiddle'

2024-07-12 23:02:19 - [MESSAGE][PASSED] - Text '1200009876' is set on object 'Object Repository/AdminSuiteBootstrap_Pages/VT_Bootstrap/TransactionDetails/input_cardMiddle'

2024-07-12 23:02:19 - [TEST_STEP][PASSED] - click(findTestObject(path_TranxDetails + "button_Submit")): Object: 'Object Repository/AdminSuiteBootstrap_Pages/VT_Bootstrap/TransactionDetails/button_Submit' is clicked on

2024-07-12 23:02:20 - [MESSAGE][PASSED] - Object: 'Object Repository/AdminSuiteBootstrap_Pages/VT_Bootstrap/TransactionDetails/button_Submit' is clicked on

2024-07-12 23:02:20 - [TEST_STEP][PASSED] - verifyTextPresent("Transaction Successful", true): Text 'Transaction Successful' is present on page  using regular expression

2024-07-12 23:02:21 - [MESSAGE][PASSED] - Text 'Transaction Successful' is present on page  using regular expression

2024-07-12 23:02:21 - [TEST_STEP][PASSED] - verifyTextPresent("Transaction Type", true): Text 'Transaction Type' is present on page  using regular expression

2024-07-12 23:02:21 - [MESSAGE][PASSED] - Text 'Transaction Type' is present on page  using regular expression

2024-07-12 23:02:21 - [TEST_STEP][PASSED] - verifyTextPresent("Credit", true): Text 'Credit' is present on page  using regular expression

2024-07-12 23:02:22 - [MESSAGE][PASSED] - Text 'Credit' is present on page  using regular expression

2024-07-12 23:02:22 - [TEST_STEP][PASSED] - closeBrowser(): Browser is closed

2024-07-12 23:02:23 - [MESSAGE][PASSED] - Browser is closed

2024-07-12 23:02:23 - [TEST_STEP][PASSED] - ExecuteTC = findTestData(dataFile).getValue("Execute", row): null

2024-07-12 23:02:23 - [TEST_STEP][PASSED] - out.println("Value of Execute is : " + ExecuteTC): null

2024-07-12 23:02:23 - [TEST_STEP][PASSED] - switch (executionProfile): null

2024-07-12 23:02:23 - [TEST_STEP][PASSED] - case "QA2Profile":: null

2024-07-12 23:02:23 - [TEST_STEP][PASSED] - appName = findTestData(dataFile).getValue("AppNameQA", row): null

2024-07-12 23:02:23 - [TEST_STEP][PASSED] - appID = findTestData(dataFile).getValue("AppIDQA", row): null

2024-07-12 23:02:23 - [TEST_STEP][PASSED] - break: null

2024-07-12 23:02:23 - [TEST_STEP][PASSED] - hrefAppID = li_1 + appID + li_2: null

2024-07-12 23:02:23 - [TEST_STEP][PASSED] - hrefApp = li_1 + appID + "/": null

2024-07-12 23:02:23 - [TEST_STEP][PASSED] - println("hrefApp : " + hrefApp): null

2024-07-12 23:02:23 - [TEST_STEP][PASSED] - if (ExecuteTC.equalsIgnoreCase("Y")): null

2024-07-12 23:02:23 - [TEST_STEP][PASSED] - out.println("Begin Record Number: " + row): null

2024-07-12 23:02:23 - [TEST_STEP][PASSED] - today = new java.util.Date(): null

2024-07-12 23:02:23 - [TEST_STEP][PASSED] - println(today): null

2024-07-12 23:02:23 - [TEST_STEP][PASSED] - datText = today: null

2024-07-12 23:02:23 - [TEST_STEP][PASSED] - adminSuiteBootstrap.loginFunctionality.login_AdminSuite(): adminSuiteBootstrap.loginFunctionality.login_AdminSuite is PASSED

2024-07-12 23:02:23 - [MESSAGE][INFO] - Starting 'Chrome' driver

2024-07-12 23:02:23 - [MESSAGE][INFO] - User set preference: ['acceptInsecureCerts', 'true']

2024-07-12 23:02:23 - [MESSAGE][INFO] - Action delay is set to 0 milliseconds

2024-07-12 23:02:25 - [MESSAGE][PASSED] - Browser is opened with url: 'https://qa2.velocitypayment.com/admin/imtiaz'

2024-07-12 23:02:26 - [MESSAGE][PASSED] - Current window maximized

2024-07-12 23:02:27 - [MESSAGE][PASSED] - Object 'Object Repository/Login_Page/Login_Username_Okta' is present

2024-07-12 23:02:27 - [MESSAGE][PASSED] - Text 'iahmed' is set on object 'Object Repository/Login_Page/Login_Username_Okta'

2024-07-12 23:02:28 - [MESSAGE][PASSED] - Text 'Hello!6666666' is set on object 'Object Repository/Login_Page/Login_Password_Okta'

2024-07-12 23:02:29 - [MESSAGE][PASSED] - Object: 'Object Repository/Login_Page/Login_Submit_Okta' is clicked on

2024-07-12 23:02:29 - [MESSAGE][PASSED] - adminSuiteBootstrap.loginFunctionality.login_AdminSuite is PASSED

2024-07-12 23:02:29 - [TEST_STEP][PASSED] - click(findTestObject(path_Dashboard + appName)): Object: 'Object Repository/AdminSuiteBootstrap_Pages/Dashboard_Bootstrap/a_Access AutoSingleCFtpQA' is clicked on

2024-07-12 23:02:37 - [MESSAGE][PASSED] - Object: 'Object Repository/AdminSuiteBootstrap_Pages/Dashboard_Bootstrap/a_Access AutoSingleCFtpQA' is clicked on

2024-07-12 23:02:37 - [TEST_STEP][PASSED] - click(findTestObject(path_VT + "button_Authorization  Capture (Sale)")): Object: 'Object Repository/AdminSuiteBootstrap_Pages/VT_Bootstrap/IssueTransactions/button_Authorization  Capture (Sale)' is clicked on

2024-07-12 23:02:37 - [MESSAGE][PASSED] - Object: 'Object Repository/AdminSuiteBootstrap_Pages/VT_Bootstrap/IssueTransactions/button_Authorization  Capture (Sale)' is clicked on

2024-07-12 23:02:37 - [TEST_STEP][PASSED] - saleKeyboardEntryLink = modifyObjectProperty(findTestObject(path_VT + "a_KeyboardEntry_Sale"), "href", "equals", hrefAppID, true): Modify property of object successfully

2024-07-12 23:02:37 - [MESSAGE][PASSED] - Modify property of object successfully

2024-07-12 23:02:37 - [TEST_STEP][PASSED] - click(saleKeyboardEntryLink): Object: 'Object Repository/AdminSuiteBootstrap_Pages/VT_Bootstrap/IssueTransactions/a_KeyboardEntry_Sale' is clicked on

2024-07-12 23:02:38 - [MESSAGE][PASSED] - Object: 'Object Repository/AdminSuiteBootstrap_Pages/VT_Bootstrap/IssueTransactions/a_KeyboardEntry_Sale' is clicked on

2024-07-12 23:02:38 - [TEST_STEP][PASSED] - adminSuiteBootstrap.virtualTerminalSetData.saleKeyboard_DataDriven(row, dataFile): adminSuiteBootstrap.virtualTerminalSetData.saleKeyboard_DataDriven is PASSED

2024-07-12 23:02:41 - [MESSAGE][PASSED] - Text 'Tulsi Raman' is set on object 'Object Repository/AdminSuiteBootstrap_Pages/VT_Bootstrap/SaleKeyboard/input_cardName'

2024-07-12 23:02:42 - [MESSAGE][PASSED] - All options with value 'RETL' are selected in object 'Object Repository/AdminSuiteBootstrap_Pages/VT_Bootstrap/SaleKeyboard/select_transactionCategory'  using regular expression

2024-07-12 23:02:43 - [MESSAGE][PASSED] - Execute JavaScript 'arguments[0].value ='5146312200000035' ' successfully

2024-07-12 23:02:43 - [MESSAGE][PASSED] - Execute JavaScript 'arguments[0].value ='123' ' successfully

2024-07-12 23:02:44 - [MESSAGE][PASSED] - All options with value '12' are selected in object 'Object Repository/AdminSuiteBootstrap_Pages/VT_Bootstrap/SaleKeyboard/select_MM'  using regular expression

2024-07-12 23:02:45 - [MESSAGE][PASSED] - All options with value '2025' are selected in object 'Object Repository/AdminSuiteBootstrap_Pages/VT_Bootstrap/SaleKeyboard/select_YYYY'  using regular expression

2024-07-12 23:02:46 - [MESSAGE][PASSED] - Text '1478 Jhatka Palace' is set on object 'Object Repository/AdminSuiteBootstrap_Pages/VT_Bootstrap/SaleKeyboard/input__address'

2024-07-12 23:02:47 - [MESSAGE][PASSED] - Text 'Suite 500' is set on object 'Object Repository/AdminSuiteBootstrap_Pages/VT_Bootstrap/SaleKeyboard/input__address2'

2024-07-12 23:02:48 - [MESSAGE][PASSED] - Text '22201' is set on object 'Object Repository/AdminSuiteBootstrap_Pages/VT_Bootstrap/SaleKeyboard/input__zip'

2024-07-12 23:02:48 - [MESSAGE][PASSED] - Text '' is set on object 'Object Repository/AdminSuiteBootstrap_Pages/VT_Bootstrap/SaleKeyboard/input_emailAddress'

2024-07-12 23:02:50 - [MESSAGE][PASSED] - Text '' is set on object 'Object Repository/AdminSuiteBootstrap_Pages/VT_Bootstrap/SaleKeyboard/input_smsNumber'

2024-07-12 23:02:50 - [MESSAGE][PASSED] - Text '10.50' is set on object 'Object Repository/AdminSuiteBootstrap_Pages/VT_Bootstrap/SaleKeyboard/input_amount'

2024-07-12 23:02:52 - [MESSAGE][PASSED] - Text 'Australia' is set on object 'Object Repository/AdminSuiteBootstrap_Pages/VT_Bootstrap/SaleKeyboard/input_userDefined1'

2024-07-12 23:02:52 - [MESSAGE][PASSED] - Text 'Denmark' is set on object 'Object Repository/AdminSuiteBootstrap_Pages/VT_Bootstrap/SaleKeyboard/input_userDefined2'

2024-07-12 23:02:53 - [MESSAGE][PASSED] - Text 'Sweden' is set on object 'Object Repository/AdminSuiteBootstrap_Pages/VT_Bootstrap/SaleKeyboard/input_userDefined3'

2024-07-12 23:02:54 - [MESSAGE][PASSED] - Text 'Austria' is set on object 'Object Repository/AdminSuiteBootstrap_Pages/VT_Bootstrap/SaleKeyboard/input_userDefined4'

2024-07-12 23:02:55 - [MESSAGE][PASSED] - All options with label 'Orange' are selected in object 'Object Repository/AdminSuiteBootstrap_Pages/VT_Bootstrap/SaleKeyboard/select_UDF5_DropDown'  using regular expression

2024-07-12 23:02:56 - [MESSAGE][PASSED] - All options with label 'Yellow' are selected in object 'Object Repository/AdminSuiteBootstrap_Pages/VT_Bootstrap/SaleKeyboard/select_UDF6_DropDown'  using regular expression

2024-07-12 23:02:56 - [MESSAGE][PASSED] - Text 'Norway' is set on object 'Object Repository/AdminSuiteBootstrap_Pages/VT_Bootstrap/SaleKeyboard/input_userDefined7'

2024-07-12 23:02:57 - [MESSAGE][PASSED] - Text 'Netherlands' is set on object 'Object Repository/AdminSuiteBootstrap_Pages/VT_Bootstrap/SaleKeyboard/input_userDefined8'

2024-07-12 23:02:58 - [MESSAGE][PASSED] - Text 'Switzerland' is set on object 'Object Repository/AdminSuiteBootstrap_Pages/VT_Bootstrap/SaleKeyboard/input_userDefined9'

2024-07-12 23:02:59 - [MESSAGE][PASSED] - Text 'France' is set on object 'Object Repository/AdminSuiteBootstrap_Pages/VT_Bootstrap/SaleKeyboard/input_userDefined10'

2024-07-12 23:03:00 - [MESSAGE][PASSED] - Object: 'Object Repository/AdminSuiteBootstrap_Pages/VT_Bootstrap/SaleKeyboard/button_Submit' is clicked on

2024-07-12 23:03:00 - [MESSAGE][PASSED] - adminSuiteBootstrap.virtualTerminalSetData.saleKeyboard_DataDriven is PASSED

2024-07-12 23:03:00 - [TEST_STEP][PASSED] - if (verifyTextPresent("Transaction Successful", true)): null

2024-07-12 23:03:00 - [MESSAGE][PASSED] - Text 'Transaction Successful' is present on page  using regular expression

2024-07-12 23:03:00 - [TEST_STEP][PASSED] - sdf = getText(findTestObject(path_Receipt + "td_AutoNoC031622113752957Ahm")): Text of object 'Object Repository/AdminSuiteBootstrap_Pages/VT_Bootstrap/Receipt/td_AutoNoC031622113752957Ahm' is: 'AutoSin071224225529253Ahm'

2024-07-12 23:03:01 - [MESSAGE][PASSED] - Text of object 'Object Repository/AdminSuiteBootstrap_Pages/VT_Bootstrap/Receipt/td_AutoNoC031622113752957Ahm' is: 'AutoSin071224225529253Ahm'

2024-07-12 23:03:01 - [TEST_STEP][PASSED] - out.println("sdf: " + sdf): null

2024-07-12 23:03:01 - [TEST_STEP][PASSED] - remID = sdf: null

2024-07-12 23:03:01 - [TEST_STEP][PASSED] - out.println("remID: " + remID): null

2024-07-12 23:03:01 - [TEST_STEP][PASSED] - click(findTestObject(path_Receipt + "button_Continue")): Object: 'Object Repository/AdminSuiteBootstrap_Pages/VT_Bootstrap/Receipt/button_Continue' is clicked on

2024-07-12 23:03:02 - [MESSAGE][PASSED] - Object: 'Object Repository/AdminSuiteBootstrap_Pages/VT_Bootstrap/Receipt/button_Continue' is clicked on

2024-07-12 23:03:02 - [TEST_STEP][PASSED] - click(findTestObject(path_VT + "a_Search Transactions")): Object: 'Object Repository/AdminSuiteBootstrap_Pages/VT_Bootstrap/IssueTransactions/a_Search Transactions' is clicked on

2024-07-12 23:03:03 - [MESSAGE][PASSED] - Object: 'Object Repository/AdminSuiteBootstrap_Pages/VT_Bootstrap/IssueTransactions/a_Search Transactions' is clicked on

2024-07-12 23:03:03 - [TEST_STEP][PASSED] - setText(findTestObject(path_CCSearch + "input_Search By_searchValue"), remID): Text 'AutoSin071224225529253Ahm' is set on object 'Object Repository/AdminSuiteBootstrap_Pages/VT_Bootstrap/CCCreditOrVoidSearch/input_Search By_searchValue'

2024-07-12 23:03:03 - [MESSAGE][PASSED] - Text 'AutoSin071224225529253Ahm' is set on object 'Object Repository/AdminSuiteBootstrap_Pages/VT_Bootstrap/CCCreditOrVoidSearch/input_Search By_searchValue'

2024-07-12 23:03:03 - [TEST_STEP][PASSED] - click(findTestObject(path_CCSearch + "button_Submit")): Object: 'Object Repository/AdminSuiteBootstrap_Pages/VT_Bootstrap/CCCreditOrVoidSearch/button_Submit' is clicked on

2024-07-12 23:03:04 - [MESSAGE][PASSED] - Object: 'Object Repository/AdminSuiteBootstrap_Pages/VT_Bootstrap/CCCreditOrVoidSearch/button_Submit' is clicked on

2024-07-12 23:03:04 - [TEST_STEP][PASSED] - fgr = getText(findTestObject(path_SearchResults + "div_Payment ID")): Text of object 'Object Repository/AdminSuiteBootstrap_Pages/VT_Bootstrap/SearchResults/div_Payment ID' is: 'Payment ID
Payment Type
Transaction Type
Remittance ID
Name
Total Amount
End Date
Status
12154834 Credit Card Authorization and Capture AutoSin071224225529253Ahm Tulsi Raman $15.50 07/12/2024 Success'

2024-07-12 23:03:05 - [MESSAGE][PASSED] - Text of object 'Object Repository/AdminSuiteBootstrap_Pages/VT_Bootstrap/SearchResults/div_Payment ID' is: 'Payment ID
Payment Type
Transaction Type
Remittance ID
Name
Total Amount
End Date
Status
12154834 Credit Card Authorization and Capture AutoSin071224225529253Ahm Tulsi Raman $15.50 07/12/2024 Success'

2024-07-12 23:03:05 - [TEST_STEP][PASSED] - payID = substring(89, 98).trim(): null

2024-07-12 23:03:05 - [TEST_STEP][PASSED] - out.println("payID: " + payID): null

2024-07-12 23:03:05 - [TEST_STEP][PASSED] - click(findTestObject(path_SearchResults + "button_PaymentID")): Object: 'Object Repository/AdminSuiteBootstrap_Pages/VT_Bootstrap/SearchResults/button_PaymentID' is clicked on

2024-07-12 23:03:06 - [MESSAGE][PASSED] - Object: 'Object Repository/AdminSuiteBootstrap_Pages/VT_Bootstrap/SearchResults/button_PaymentID' is clicked on

2024-07-12 23:03:06 - [TEST_STEP][PASSED] - verifyTextPresent("Tender Type", true): Text 'Tender Type' is present on page  using regular expression

2024-07-12 23:03:06 - [MESSAGE][PASSED] - Text 'Tender Type' is present on page  using regular expression

2024-07-12 23:03:06 - [TEST_STEP][PASSED] - verifyTextPresent("Credit Card", true): Text 'Credit Card' is present on page  using regular expression

2024-07-12 23:03:07 - [MESSAGE][PASSED] - Text 'Credit Card' is present on page  using regular expression

2024-07-12 23:03:07 - [TEST_STEP][PASSED] - verifyTextPresent("Transaction Type", true): Text 'Transaction Type' is present on page  using regular expression

2024-07-12 23:03:07 - [MESSAGE][PASSED] - Text 'Transaction Type' is present on page  using regular expression

2024-07-12 23:03:07 - [TEST_STEP][PASSED] - verifyTextPresent("Authorization and Capture", true): Text 'Authorization and Capture' is present on page  using regular expression

2024-07-12 23:03:07 - [MESSAGE][PASSED] - Text 'Authorization and Capture' is present on page  using regular expression

2024-07-12 23:03:07 - [TEST_STEP][PASSED] - verifyTextPresent("Transaction Posted by", true): Text 'Transaction Posted by' is present on page  using regular expression

2024-07-12 23:03:08 - [MESSAGE][PASSED] - Text 'Transaction Posted by' is present on page  using regular expression

2024-07-12 23:03:08 - [TEST_STEP][PASSED] - verifyTextPresent("iahmed", true): Text 'iahmed' is present on page  using regular expression

2024-07-12 23:03:08 - [MESSAGE][PASSED] - Text 'iahmed' is present on page  using regular expression

2024-07-12 23:03:08 - [TEST_STEP][PASSED] - click(findTestObject(path_TranxDetails + "a_Credit this transaction")): Object: 'Object Repository/AdminSuiteBootstrap_Pages/VT_Bootstrap/TransactionDetails/a_Credit this transaction' is clicked on

2024-07-12 23:03:09 - [MESSAGE][PASSED] - Object: 'Object Repository/AdminSuiteBootstrap_Pages/VT_Bootstrap/TransactionDetails/a_Credit this transaction' is clicked on

2024-07-12 23:03:09 - [TEST_STEP][PASSED] - verifyTextPresent("Credit Card Credit", true): Text 'Credit Card Credit' is present on page  using regular expression

2024-07-12 23:03:10 - [MESSAGE][PASSED] - Text 'Credit Card Credit' is present on page  using regular expression

2024-07-12 23:03:10 - [TEST_STEP][PASSED] - partialCardNumber = findTestData(dataFile).getValue("AutoCreditNumber", row): null

2024-07-12 23:03:10 - [TEST_STEP][PASSED] - setText(findTestObject(path_TranxDetails + "input_cardMiddle"), partialCardNumber): Text '4631220000' is set on object 'Object Repository/AdminSuiteBootstrap_Pages/VT_Bootstrap/TransactionDetails/input_cardMiddle'

2024-07-12 23:03:11 - [MESSAGE][PASSED] - Text '4631220000' is set on object 'Object Repository/AdminSuiteBootstrap_Pages/VT_Bootstrap/TransactionDetails/input_cardMiddle'

2024-07-12 23:03:11 - [TEST_STEP][PASSED] - click(findTestObject(path_TranxDetails + "button_Submit")): Object: 'Object Repository/AdminSuiteBootstrap_Pages/VT_Bootstrap/TransactionDetails/button_Submit' is clicked on

2024-07-12 23:03:12 - [MESSAGE][PASSED] - Object: 'Object Repository/AdminSuiteBootstrap_Pages/VT_Bootstrap/TransactionDetails/button_Submit' is clicked on

2024-07-12 23:03:12 - [TEST_STEP][PASSED] - verifyTextPresent("Transaction Successful", true): Text 'Transaction Successful' is present on page  using regular expression

2024-07-12 23:03:12 - [MESSAGE][PASSED] - Text 'Transaction Successful' is present on page  using regular expression

2024-07-12 23:03:12 - [TEST_STEP][PASSED] - verifyTextPresent("Transaction Type", true): Text 'Transaction Type' is present on page  using regular expression

2024-07-12 23:03:13 - [MESSAGE][PASSED] - Text 'Transaction Type' is present on page  using regular expression

2024-07-12 23:03:13 - [TEST_STEP][PASSED] - verifyTextPresent("Credit", true): Text 'Credit' is present on page  using regular expression

2024-07-12 23:03:13 - [MESSAGE][PASSED] - Text 'Credit' is present on page  using regular expression

2024-07-12 23:03:13 - [TEST_STEP][PASSED] - closeBrowser(): Browser is closed

2024-07-12 23:03:14 - [MESSAGE][PASSED] - Browser is closed

2024-07-12 23:03:14 - [TEST_STEP][PASSED] - ExecuteTC = findTestData(dataFile).getValue("Execute", row): null

2024-07-12 23:03:14 - [TEST_STEP][PASSED] - out.println("Value of Execute is : " + ExecuteTC): null

2024-07-12 23:03:14 - [TEST_STEP][PASSED] - switch (executionProfile): null

2024-07-12 23:03:14 - [TEST_STEP][PASSED] - case "QA2Profile":: null

2024-07-12 23:03:14 - [TEST_STEP][PASSED] - appName = findTestData(dataFile).getValue("AppNameQA", row): null

2024-07-12 23:03:15 - [TEST_STEP][PASSED] - appID = findTestData(dataFile).getValue("AppIDQA", row): null

2024-07-12 23:03:15 - [TEST_STEP][PASSED] - break: null

2024-07-12 23:03:15 - [TEST_STEP][PASSED] - hrefAppID = li_1 + appID + li_2: null

2024-07-12 23:03:15 - [TEST_STEP][PASSED] - hrefApp = li_1 + appID + "/": null

2024-07-12 23:03:15 - [TEST_STEP][PASSED] - println("hrefApp : " + hrefApp): null

2024-07-12 23:03:15 - [TEST_STEP][PASSED] - if (ExecuteTC.equalsIgnoreCase("Y")): null

2024-07-12 23:03:15 - [TEST_STEP][PASSED] - out.println("Begin Record Number: " + row): null

2024-07-12 23:03:15 - [TEST_STEP][PASSED] - today = new java.util.Date(): null

2024-07-12 23:03:15 - [TEST_STEP][PASSED] - println(today): null

2024-07-12 23:03:15 - [TEST_STEP][PASSED] - datText = today: null

2024-07-12 23:03:15 - [TEST_STEP][PASSED] - adminSuiteBootstrap.loginFunctionality.login_AdminSuite(): adminSuiteBootstrap.loginFunctionality.login_AdminSuite is PASSED

2024-07-12 23:03:15 - [MESSAGE][INFO] - Starting 'Chrome' driver

2024-07-12 23:03:15 - [MESSAGE][INFO] - User set preference: ['acceptInsecureCerts', 'true']

2024-07-12 23:03:15 - [MESSAGE][INFO] - Action delay is set to 0 milliseconds

2024-07-12 23:03:16 - [MESSAGE][PASSED] - Browser is opened with url: 'https://qa2.velocitypayment.com/admin/imtiaz'

2024-07-12 23:03:18 - [MESSAGE][PASSED] - Current window maximized

2024-07-12 23:03:18 - [MESSAGE][PASSED] - Object 'Object Repository/Login_Page/Login_Username_Okta' is present

2024-07-12 23:03:19 - [MESSAGE][PASSED] - Text 'iahmed' is set on object 'Object Repository/Login_Page/Login_Username_Okta'

2024-07-12 23:03:20 - [MESSAGE][PASSED] - Text 'Hello!6666666' is set on object 'Object Repository/Login_Page/Login_Password_Okta'

2024-07-12 23:03:20 - [MESSAGE][PASSED] - Object: 'Object Repository/Login_Page/Login_Submit_Okta' is clicked on

2024-07-12 23:03:20 - [MESSAGE][PASSED] - adminSuiteBootstrap.loginFunctionality.login_AdminSuite is PASSED

2024-07-12 23:03:20 - [TEST_STEP][PASSED] - click(findTestObject(path_Dashboard + appName)): Object: 'Object Repository/AdminSuiteBootstrap_Pages/Dashboard_Bootstrap/a_Access AutoSingleCFtpQA' is clicked on

2024-07-12 23:03:28 - [MESSAGE][PASSED] - Object: 'Object Repository/AdminSuiteBootstrap_Pages/Dashboard_Bootstrap/a_Access AutoSingleCFtpQA' is clicked on

2024-07-12 23:03:28 - [TEST_STEP][PASSED] - click(findTestObject(path_VT + "button_Authorization  Capture (Sale)")): Object: 'Object Repository/AdminSuiteBootstrap_Pages/VT_Bootstrap/IssueTransactions/button_Authorization  Capture (Sale)' is clicked on

2024-07-12 23:03:29 - [MESSAGE][PASSED] - Object: 'Object Repository/AdminSuiteBootstrap_Pages/VT_Bootstrap/IssueTransactions/button_Authorization  Capture (Sale)' is clicked on

2024-07-12 23:03:29 - [TEST_STEP][PASSED] - saleKeyboardEntryLink = modifyObjectProperty(findTestObject(path_VT + "a_KeyboardEntry_Sale"), "href", "equals", hrefAppID, true): Modify property of object successfully

2024-07-12 23:03:29 - [MESSAGE][PASSED] - Modify property of object successfully

2024-07-12 23:03:29 - [TEST_STEP][PASSED] - click(saleKeyboardEntryLink): Object: 'Object Repository/AdminSuiteBootstrap_Pages/VT_Bootstrap/IssueTransactions/a_KeyboardEntry_Sale' is clicked on

2024-07-12 23:03:30 - [MESSAGE][PASSED] - Object: 'Object Repository/AdminSuiteBootstrap_Pages/VT_Bootstrap/IssueTransactions/a_KeyboardEntry_Sale' is clicked on

2024-07-12 23:03:30 - [TEST_STEP][PASSED] - adminSuiteBootstrap.virtualTerminalSetData.saleKeyboard_DataDriven(row, dataFile): adminSuiteBootstrap.virtualTerminalSetData.saleKeyboard_DataDriven is PASSED

2024-07-12 23:03:33 - [MESSAGE][PASSED] - Text 'Tulsi Raman' is set on object 'Object Repository/AdminSuiteBootstrap_Pages/VT_Bootstrap/SaleKeyboard/input_cardName'

2024-07-12 23:03:34 - [MESSAGE][PASSED] - All options with value 'RETL' are selected in object 'Object Repository/AdminSuiteBootstrap_Pages/VT_Bootstrap/SaleKeyboard/select_transactionCategory'  using regular expression

2024-07-12 23:03:35 - [MESSAGE][PASSED] - Execute JavaScript 'arguments[0].value ='371449635392376' ' successfully

2024-07-12 23:03:35 - [MESSAGE][PASSED] - Execute JavaScript 'arguments[0].value ='123' ' successfully

2024-07-12 23:03:36 - [MESSAGE][PASSED] - All options with value '12' are selected in object 'Object Repository/AdminSuiteBootstrap_Pages/VT_Bootstrap/SaleKeyboard/select_MM'  using regular expression

2024-07-12 23:03:37 - [MESSAGE][PASSED] - All options with value '2025' are selected in object 'Object Repository/AdminSuiteBootstrap_Pages/VT_Bootstrap/SaleKeyboard/select_YYYY'  using regular expression

2024-07-12 23:03:38 - [MESSAGE][PASSED] - Text '550 Swan Lake' is set on object 'Object Repository/AdminSuiteBootstrap_Pages/VT_Bootstrap/SaleKeyboard/input__address'

2024-07-12 23:03:39 - [MESSAGE][PASSED] - Text 'Suite 500' is set on object 'Object Repository/AdminSuiteBootstrap_Pages/VT_Bootstrap/SaleKeyboard/input__address2'

2024-07-12 23:03:40 - [MESSAGE][PASSED] - Text '22201' is set on object 'Object Repository/AdminSuiteBootstrap_Pages/VT_Bootstrap/SaleKeyboard/input__zip'

2024-07-12 23:03:40 - [MESSAGE][PASSED] - Text '' is set on object 'Object Repository/AdminSuiteBootstrap_Pages/VT_Bootstrap/SaleKeyboard/input_emailAddress'

2024-07-12 23:03:42 - [MESSAGE][PASSED] - Text '' is set on object 'Object Repository/AdminSuiteBootstrap_Pages/VT_Bootstrap/SaleKeyboard/input_smsNumber'

2024-07-12 23:03:42 - [MESSAGE][PASSED] - Text '10.50' is set on object 'Object Repository/AdminSuiteBootstrap_Pages/VT_Bootstrap/SaleKeyboard/input_amount'

2024-07-12 23:03:44 - [MESSAGE][PASSED] - Text 'Australia' is set on object 'Object Repository/AdminSuiteBootstrap_Pages/VT_Bootstrap/SaleKeyboard/input_userDefined1'

2024-07-12 23:03:44 - [MESSAGE][PASSED] - Text 'Denmark' is set on object 'Object Repository/AdminSuiteBootstrap_Pages/VT_Bootstrap/SaleKeyboard/input_userDefined2'

2024-07-12 23:03:45 - [MESSAGE][PASSED] - Text 'Sweden' is set on object 'Object Repository/AdminSuiteBootstrap_Pages/VT_Bootstrap/SaleKeyboard/input_userDefined3'

2024-07-12 23:03:46 - [MESSAGE][PASSED] - Text 'Austria' is set on object 'Object Repository/AdminSuiteBootstrap_Pages/VT_Bootstrap/SaleKeyboard/input_userDefined4'

2024-07-12 23:03:47 - [MESSAGE][PASSED] - All options with label 'Orange' are selected in object 'Object Repository/AdminSuiteBootstrap_Pages/VT_Bootstrap/SaleKeyboard/select_UDF5_DropDown'  using regular expression

2024-07-12 23:03:48 - [MESSAGE][PASSED] - All options with label 'Yellow' are selected in object 'Object Repository/AdminSuiteBootstrap_Pages/VT_Bootstrap/SaleKeyboard/select_UDF6_DropDown'  using regular expression

2024-07-12 23:03:48 - [MESSAGE][PASSED] - Text 'Norway' is set on object 'Object Repository/AdminSuiteBootstrap_Pages/VT_Bootstrap/SaleKeyboard/input_userDefined7'

2024-07-12 23:03:49 - [MESSAGE][PASSED] - Text 'Netherlands' is set on object 'Object Repository/AdminSuiteBootstrap_Pages/VT_Bootstrap/SaleKeyboard/input_userDefined8'

2024-07-12 23:03:50 - [MESSAGE][PASSED] - Text 'Switzerland' is set on object 'Object Repository/AdminSuiteBootstrap_Pages/VT_Bootstrap/SaleKeyboard/input_userDefined9'

2024-07-12 23:03:50 - [MESSAGE][PASSED] - Text 'France' is set on object 'Object Repository/AdminSuiteBootstrap_Pages/VT_Bootstrap/SaleKeyboard/input_userDefined10'

2024-07-12 23:03:52 - [MESSAGE][PASSED] - Object: 'Object Repository/AdminSuiteBootstrap_Pages/VT_Bootstrap/SaleKeyboard/button_Submit' is clicked on

2024-07-12 23:03:52 - [MESSAGE][PASSED] - adminSuiteBootstrap.virtualTerminalSetData.saleKeyboard_DataDriven is PASSED

2024-07-12 23:03:52 - [TEST_STEP][PASSED] - if (verifyTextPresent("Transaction Successful", true)): null

2024-07-12 23:03:52 - [MESSAGE][PASSED] - Text 'Transaction Successful' is present on page  using regular expression

2024-07-12 23:03:52 - [TEST_STEP][PASSED] - sdf = getText(findTestObject(path_Receipt + "td_AutoNoC031622113752957Ahm")): Text of object 'Object Repository/AdminSuiteBootstrap_Pages/VT_Bootstrap/Receipt/td_AutoNoC031622113752957Ahm' is: 'AutoSin071224225620758Ahm'

2024-07-12 23:03:53 - [MESSAGE][PASSED] - Text of object 'Object Repository/AdminSuiteBootstrap_Pages/VT_Bootstrap/Receipt/td_AutoNoC031622113752957Ahm' is: 'AutoSin071224225620758Ahm'

2024-07-12 23:03:53 - [TEST_STEP][PASSED] - out.println("sdf: " + sdf): null

2024-07-12 23:03:53 - [TEST_STEP][PASSED] - remID = sdf: null

2024-07-12 23:03:53 - [TEST_STEP][PASSED] - out.println("remID: " + remID): null

2024-07-12 23:03:53 - [TEST_STEP][PASSED] - click(findTestObject(path_Receipt + "button_Continue")): Object: 'Object Repository/AdminSuiteBootstrap_Pages/VT_Bootstrap/Receipt/button_Continue' is clicked on

2024-07-12 23:03:54 - [MESSAGE][PASSED] - Object: 'Object Repository/AdminSuiteBootstrap_Pages/VT_Bootstrap/Receipt/button_Continue' is clicked on

2024-07-12 23:03:54 - [TEST_STEP][PASSED] - click(findTestObject(path_VT + "a_Search Transactions")): Object: 'Object Repository/AdminSuiteBootstrap_Pages/VT_Bootstrap/IssueTransactions/a_Search Transactions' is clicked on

2024-07-12 23:03:55 - [MESSAGE][PASSED] - Object: 'Object Repository/AdminSuiteBootstrap_Pages/VT_Bootstrap/IssueTransactions/a_Search Transactions' is clicked on

2024-07-12 23:03:55 - [TEST_STEP][PASSED] - setText(findTestObject(path_CCSearch + "input_Search By_searchValue"), remID): Text 'AutoSin071224225620758Ahm' is set on object 'Object Repository/AdminSuiteBootstrap_Pages/VT_Bootstrap/CCCreditOrVoidSearch/input_Search By_searchValue'

2024-07-12 23:03:55 - [MESSAGE][PASSED] - Text 'AutoSin071224225620758Ahm' is set on object 'Object Repository/AdminSuiteBootstrap_Pages/VT_Bootstrap/CCCreditOrVoidSearch/input_Search By_searchValue'

2024-07-12 23:03:55 - [TEST_STEP][PASSED] - click(findTestObject(path_CCSearch + "button_Submit")): Object: 'Object Repository/AdminSuiteBootstrap_Pages/VT_Bootstrap/CCCreditOrVoidSearch/button_Submit' is clicked on

2024-07-12 23:03:56 - [MESSAGE][PASSED] - Object: 'Object Repository/AdminSuiteBootstrap_Pages/VT_Bootstrap/CCCreditOrVoidSearch/button_Submit' is clicked on

2024-07-12 23:03:56 - [TEST_STEP][PASSED] - fgr = getText(findTestObject(path_SearchResults + "div_Payment ID")): Text of object 'Object Repository/AdminSuiteBootstrap_Pages/VT_Bootstrap/SearchResults/div_Payment ID' is: 'Payment ID
Payment Type
Transaction Type
Remittance ID
Name
Total Amount
End Date
Status
12154836 Credit Card Authorization and Capture AutoSin071224225620758Ahm Tulsi Raman $15.50 07/12/2024 Success'

2024-07-12 23:03:57 - [MESSAGE][PASSED] - Text of object 'Object Repository/AdminSuiteBootstrap_Pages/VT_Bootstrap/SearchResults/div_Payment ID' is: 'Payment ID
Payment Type
Transaction Type
Remittance ID
Name
Total Amount
End Date
Status
12154836 Credit Card Authorization and Capture AutoSin071224225620758Ahm Tulsi Raman $15.50 07/12/2024 Success'

2024-07-12 23:03:57 - [TEST_STEP][PASSED] - payID = substring(89, 98).trim(): null

2024-07-12 23:03:57 - [TEST_STEP][PASSED] - out.println("payID: " + payID): null

2024-07-12 23:03:57 - [TEST_STEP][PASSED] - click(findTestObject(path_SearchResults + "button_PaymentID")): Object: 'Object Repository/AdminSuiteBootstrap_Pages/VT_Bootstrap/SearchResults/button_PaymentID' is clicked on

2024-07-12 23:03:57 - [MESSAGE][PASSED] - Object: 'Object Repository/AdminSuiteBootstrap_Pages/VT_Bootstrap/SearchResults/button_PaymentID' is clicked on

2024-07-12 23:03:57 - [TEST_STEP][PASSED] - verifyTextPresent("Tender Type", true): Text 'Tender Type' is present on page  using regular expression

2024-07-12 23:03:58 - [MESSAGE][PASSED] - Text 'Tender Type' is present on page  using regular expression

2024-07-12 23:03:58 - [TEST_STEP][PASSED] - verifyTextPresent("Credit Card", true): Text 'Credit Card' is present on page  using regular expression

2024-07-12 23:03:58 - [MESSAGE][PASSED] - Text 'Credit Card' is present on page  using regular expression

2024-07-12 23:03:58 - [TEST_STEP][PASSED] - verifyTextPresent("Transaction Type", true): Text 'Transaction Type' is present on page  using regular expression

2024-07-12 23:03:59 - [MESSAGE][PASSED] - Text 'Transaction Type' is present on page  using regular expression

2024-07-12 23:03:59 - [TEST_STEP][PASSED] - verifyTextPresent("Authorization and Capture", true): Text 'Authorization and Capture' is present on page  using regular expression

2024-07-12 23:03:59 - [MESSAGE][PASSED] - Text 'Authorization and Capture' is present on page  using regular expression

2024-07-12 23:03:59 - [TEST_STEP][PASSED] - verifyTextPresent("Transaction Posted by", true): Text 'Transaction Posted by' is present on page  using regular expression

2024-07-12 23:03:59 - [MESSAGE][PASSED] - Text 'Transaction Posted by' is present on page  using regular expression

2024-07-12 23:03:59 - [TEST_STEP][PASSED] - verifyTextPresent("iahmed", true): Text 'iahmed' is present on page  using regular expression

2024-07-12 23:04:00 - [MESSAGE][PASSED] - Text 'iahmed' is present on page  using regular expression

2024-07-12 23:04:00 - [TEST_STEP][PASSED] - click(findTestObject(path_TranxDetails + "a_Credit this transaction")): Object: 'Object Repository/AdminSuiteBootstrap_Pages/VT_Bootstrap/TransactionDetails/a_Credit this transaction' is clicked on

2024-07-12 23:04:01 - [MESSAGE][PASSED] - Object: 'Object Repository/AdminSuiteBootstrap_Pages/VT_Bootstrap/TransactionDetails/a_Credit this transaction' is clicked on

2024-07-12 23:04:01 - [TEST_STEP][PASSED] - verifyTextPresent("Credit Card Credit", true): Text 'Credit Card Credit' is present on page  using regular expression

2024-07-12 23:04:02 - [MESSAGE][PASSED] - Text 'Credit Card Credit' is present on page  using regular expression

2024-07-12 23:04:02 - [TEST_STEP][PASSED] - partialCardNumber = findTestData(dataFile).getValue("AutoCreditNumber", row): null

2024-07-12 23:04:02 - [TEST_STEP][PASSED] - setText(findTestObject(path_TranxDetails + "input_cardMiddle"), partialCardNumber): Text '144963539' is set on object 'Object Repository/AdminSuiteBootstrap_Pages/VT_Bootstrap/TransactionDetails/input_cardMiddle'

2024-07-12 23:04:02 - [MESSAGE][PASSED] - Text '144963539' is set on object 'Object Repository/AdminSuiteBootstrap_Pages/VT_Bootstrap/TransactionDetails/input_cardMiddle'

2024-07-12 23:04:02 - [TEST_STEP][PASSED] - click(findTestObject(path_TranxDetails + "button_Submit")): Object: 'Object Repository/AdminSuiteBootstrap_Pages/VT_Bootstrap/TransactionDetails/button_Submit' is clicked on

2024-07-12 23:04:04 - [MESSAGE][PASSED] - Object: 'Object Repository/AdminSuiteBootstrap_Pages/VT_Bootstrap/TransactionDetails/button_Submit' is clicked on

2024-07-12 23:04:04 - [TEST_STEP][PASSED] - verifyTextPresent("Transaction Successful", true): Text 'Transaction Successful' is present on page  using regular expression

2024-07-12 23:04:04 - [MESSAGE][PASSED] - Text 'Transaction Successful' is present on page  using regular expression

2024-07-12 23:04:04 - [TEST_STEP][PASSED] - verifyTextPresent("Transaction Type", true): Text 'Transaction Type' is present on page  using regular expression

2024-07-12 23:04:05 - [MESSAGE][PASSED] - Text 'Transaction Type' is present on page  using regular expression

2024-07-12 23:04:05 - [TEST_STEP][PASSED] - verifyTextPresent("Credit", true): Text 'Credit' is present on page  using regular expression

2024-07-12 23:04:05 - [MESSAGE][PASSED] - Text 'Credit' is present on page  using regular expression

2024-07-12 23:04:05 - [TEST_STEP][PASSED] - closeBrowser(): Browser is closed

2024-07-12 23:04:06 - [MESSAGE][PASSED] - Browser is closed

2024-07-12 23:04:06 - [TEST_STEP][PASSED] - ExecuteTC = findTestData(dataFile).getValue("Execute", row): null

2024-07-12 23:04:06 - [TEST_STEP][PASSED] - out.println("Value of Execute is : " + ExecuteTC): null

2024-07-12 23:04:06 - [TEST_STEP][PASSED] - switch (executionProfile): null

2024-07-12 23:04:06 - [TEST_STEP][PASSED] - case "QA2Profile":: null

2024-07-12 23:04:06 - [TEST_STEP][PASSED] - appName = findTestData(dataFile).getValue("AppNameQA", row): null

2024-07-12 23:04:06 - [TEST_STEP][PASSED] - appID = findTestData(dataFile).getValue("AppIDQA", row): null

2024-07-12 23:04:07 - [TEST_STEP][PASSED] - break: null

2024-07-12 23:04:07 - [TEST_STEP][PASSED] - hrefAppID = li_1 + appID + li_2: null

2024-07-12 23:04:07 - [TEST_STEP][PASSED] - hrefApp = li_1 + appID + "/": null

2024-07-12 23:04:07 - [TEST_STEP][PASSED] - println("hrefApp : " + hrefApp): null

2024-07-12 23:04:07 - [TEST_STEP][PASSED] - if (ExecuteTC.equalsIgnoreCase("Y")): null

2024-07-12 23:04:07 - [TEST_STEP][PASSED] - out.println("Begin Record Number: " + row): null

2024-07-12 23:04:07 - [TEST_STEP][PASSED] - today = new java.util.Date(): null

2024-07-12 23:04:07 - [TEST_STEP][PASSED] - println(today): null

2024-07-12 23:04:07 - [TEST_STEP][PASSED] - datText = today: null

2024-07-12 23:04:07 - [TEST_STEP][PASSED] - adminSuiteBootstrap.loginFunctionality.login_AdminSuite(): adminSuiteBootstrap.loginFunctionality.login_AdminSuite is PASSED

2024-07-12 23:04:07 - [MESSAGE][INFO] - Starting 'Chrome' driver

2024-07-12 23:04:07 - [MESSAGE][INFO] - User set preference: ['acceptInsecureCerts', 'true']

2024-07-12 23:04:07 - [MESSAGE][INFO] - Action delay is set to 0 milliseconds

2024-07-12 23:04:09 - [MESSAGE][PASSED] - Browser is opened with url: 'https://qa2.velocitypayment.com/admin/imtiaz'

2024-07-12 23:04:09 - [MESSAGE][PASSED] - Current window maximized

2024-07-12 23:04:10 - [MESSAGE][PASSED] - Object 'Object Repository/Login_Page/Login_Username_Okta' is present

2024-07-12 23:04:11 - [MESSAGE][PASSED] - Text 'iahmed' is set on object 'Object Repository/Login_Page/Login_Username_Okta'

2024-07-12 23:04:12 - [MESSAGE][PASSED] - Text 'Hello!6666666' is set on object 'Object Repository/Login_Page/Login_Password_Okta'

2024-07-12 23:04:12 - [MESSAGE][PASSED] - Object: 'Object Repository/Login_Page/Login_Submit_Okta' is clicked on

2024-07-12 23:04:12 - [MESSAGE][PASSED] - adminSuiteBootstrap.loginFunctionality.login_AdminSuite is PASSED

2024-07-12 23:04:12 - [TEST_STEP][PASSED] - click(findTestObject(path_Dashboard + appName)): Object: 'Object Repository/AdminSuiteBootstrap_Pages/Dashboard_Bootstrap/a_Access AutoSingleCFtpQA' is clicked on

2024-07-12 23:04:20 - [MESSAGE][PASSED] - Object: 'Object Repository/AdminSuiteBootstrap_Pages/Dashboard_Bootstrap/a_Access AutoSingleCFtpQA' is clicked on

2024-07-12 23:04:20 - [TEST_STEP][PASSED] - click(findTestObject(path_VT + "button_Authorization  Capture (Sale)")): Object: 'Object Repository/AdminSuiteBootstrap_Pages/VT_Bootstrap/IssueTransactions/button_Authorization  Capture (Sale)' is clicked on

2024-07-12 23:04:21 - [MESSAGE][PASSED] - Object: 'Object Repository/AdminSuiteBootstrap_Pages/VT_Bootstrap/IssueTransactions/button_Authorization  Capture (Sale)' is clicked on

2024-07-12 23:04:21 - [TEST_STEP][PASSED] - saleKeyboardEntryLink = modifyObjectProperty(findTestObject(path_VT + "a_KeyboardEntry_Sale"), "href", "equals", hrefAppID, true): Modify property of object successfully

2024-07-12 23:04:21 - [MESSAGE][PASSED] - Modify property of object successfully

2024-07-12 23:04:21 - [TEST_STEP][PASSED] - click(saleKeyboardEntryLink): Object: 'Object Repository/AdminSuiteBootstrap_Pages/VT_Bootstrap/IssueTransactions/a_KeyboardEntry_Sale' is clicked on

2024-07-12 23:04:22 - [MESSAGE][PASSED] - Object: 'Object Repository/AdminSuiteBootstrap_Pages/VT_Bootstrap/IssueTransactions/a_KeyboardEntry_Sale' is clicked on

2024-07-12 23:04:22 - [TEST_STEP][PASSED] - adminSuiteBootstrap.virtualTerminalSetData.saleKeyboard_DataDriven(row, dataFile): adminSuiteBootstrap.virtualTerminalSetData.saleKeyboard_DataDriven is PASSED

2024-07-12 23:04:25 - [MESSAGE][PASSED] - Text 'Tulsi Raman' is set on object 'Object Repository/AdminSuiteBootstrap_Pages/VT_Bootstrap/SaleKeyboard/input_cardName'

2024-07-12 23:04:26 - [MESSAGE][PASSED] - All options with value 'RETL' are selected in object 'Object Repository/AdminSuiteBootstrap_Pages/VT_Bootstrap/SaleKeyboard/select_transactionCategory'  using regular expression

2024-07-12 23:04:27 - [MESSAGE][PASSED] - Execute JavaScript 'arguments[0].value ='6011000993026909' ' successfully

2024-07-12 23:04:27 - [MESSAGE][PASSED] - Execute JavaScript 'arguments[0].value ='123' ' successfully

2024-07-12 23:04:28 - [MESSAGE][PASSED] - All options with value '12' are selected in object 'Object Repository/AdminSuiteBootstrap_Pages/VT_Bootstrap/SaleKeyboard/select_MM'  using regular expression

2024-07-12 23:04:29 - [MESSAGE][PASSED] - All options with value '2025' are selected in object 'Object Repository/AdminSuiteBootstrap_Pages/VT_Bootstrap/SaleKeyboard/select_YYYY'  using regular expression

2024-07-12 23:04:30 - [MESSAGE][PASSED] - Text '25987 Hill Top' is set on object 'Object Repository/AdminSuiteBootstrap_Pages/VT_Bootstrap/SaleKeyboard/input__address'

2024-07-12 23:04:31 - [MESSAGE][PASSED] - Text 'Suite 500' is set on object 'Object Repository/AdminSuiteBootstrap_Pages/VT_Bootstrap/SaleKeyboard/input__address2'

2024-07-12 23:04:32 - [MESSAGE][PASSED] - Text '22201' is set on object 'Object Repository/AdminSuiteBootstrap_Pages/VT_Bootstrap/SaleKeyboard/input__zip'

2024-07-12 23:04:32 - [MESSAGE][PASSED] - Text '' is set on object 'Object Repository/AdminSuiteBootstrap_Pages/VT_Bootstrap/SaleKeyboard/input_emailAddress'

2024-07-12 23:04:34 - [MESSAGE][PASSED] - Text '' is set on object 'Object Repository/AdminSuiteBootstrap_Pages/VT_Bootstrap/SaleKeyboard/input_smsNumber'

2024-07-12 23:04:34 - [MESSAGE][PASSED] - Text '10.50' is set on object 'Object Repository/AdminSuiteBootstrap_Pages/VT_Bootstrap/SaleKeyboard/input_amount'

2024-07-12 23:04:36 - [MESSAGE][PASSED] - Text 'Australia' is set on object 'Object Repository/AdminSuiteBootstrap_Pages/VT_Bootstrap/SaleKeyboard/input_userDefined1'

2024-07-12 23:04:36 - [MESSAGE][PASSED] - Text 'Denmark' is set on object 'Object Repository/AdminSuiteBootstrap_Pages/VT_Bootstrap/SaleKeyboard/input_userDefined2'

2024-07-12 23:04:37 - [MESSAGE][PASSED] - Text 'Sweden' is set on object 'Object Repository/AdminSuiteBootstrap_Pages/VT_Bootstrap/SaleKeyboard/input_userDefined3'

2024-07-12 23:04:38 - [MESSAGE][PASSED] - Text 'Austria' is set on object 'Object Repository/AdminSuiteBootstrap_Pages/VT_Bootstrap/SaleKeyboard/input_userDefined4'

2024-07-12 23:04:39 - [MESSAGE][PASSED] - All options with label 'Orange' are selected in object 'Object Repository/AdminSuiteBootstrap_Pages/VT_Bootstrap/SaleKeyboard/select_UDF5_DropDown'  using regular expression

2024-07-12 23:04:40 - [MESSAGE][PASSED] - All options with label 'Yellow' are selected in object 'Object Repository/AdminSuiteBootstrap_Pages/VT_Bootstrap/SaleKeyboard/select_UDF6_DropDown'  using regular expression

2024-07-12 23:04:40 - [MESSAGE][PASSED] - Text 'Norway' is set on object 'Object Repository/AdminSuiteBootstrap_Pages/VT_Bootstrap/SaleKeyboard/input_userDefined7'

2024-07-12 23:04:41 - [MESSAGE][PASSED] - Text 'Netherlands' is set on object 'Object Repository/AdminSuiteBootstrap_Pages/VT_Bootstrap/SaleKeyboard/input_userDefined8'

2024-07-12 23:04:42 - [MESSAGE][PASSED] - Text 'Switzerland' is set on object 'Object Repository/AdminSuiteBootstrap_Pages/VT_Bootstrap/SaleKeyboard/input_userDefined9'

2024-07-12 23:04:43 - [MESSAGE][PASSED] - Text 'France' is set on object 'Object Repository/AdminSuiteBootstrap_Pages/VT_Bootstrap/SaleKeyboard/input_userDefined10'

2024-07-12 23:04:44 - [MESSAGE][PASSED] - Object: 'Object Repository/AdminSuiteBootstrap_Pages/VT_Bootstrap/SaleKeyboard/button_Submit' is clicked on

2024-07-12 23:04:44 - [MESSAGE][PASSED] - adminSuiteBootstrap.virtualTerminalSetData.saleKeyboard_DataDriven is PASSED

2024-07-12 23:04:44 - [TEST_STEP][PASSED] - if (verifyTextPresent("Transaction Successful", true)): null

2024-07-12 23:04:44 - [MESSAGE][PASSED] - Text 'Transaction Successful' is present on page  using regular expression

2024-07-12 23:04:44 - [TEST_STEP][PASSED] - sdf = getText(findTestObject(path_Receipt + "td_AutoNoC031622113752957Ahm")): Text of object 'Object Repository/AdminSuiteBootstrap_Pages/VT_Bootstrap/Receipt/td_AutoNoC031622113752957Ahm' is: 'AutoSin071224225713098Ahm'

2024-07-12 23:04:45 - [MESSAGE][PASSED] - Text of object 'Object Repository/AdminSuiteBootstrap_Pages/VT_Bootstrap/Receipt/td_AutoNoC031622113752957Ahm' is: 'AutoSin071224225713098Ahm'

2024-07-12 23:04:45 - [TEST_STEP][PASSED] - out.println("sdf: " + sdf): null

2024-07-12 23:04:45 - [TEST_STEP][PASSED] - remID = sdf: null

2024-07-12 23:04:45 - [TEST_STEP][PASSED] - out.println("remID: " + remID): null

2024-07-12 23:04:45 - [TEST_STEP][PASSED] - click(findTestObject(path_Receipt + "button_Continue")): Object: 'Object Repository/AdminSuiteBootstrap_Pages/VT_Bootstrap/Receipt/button_Continue' is clicked on

2024-07-12 23:04:46 - [MESSAGE][PASSED] - Object: 'Object Repository/AdminSuiteBootstrap_Pages/VT_Bootstrap/Receipt/button_Continue' is clicked on

2024-07-12 23:04:46 - [TEST_STEP][PASSED] - click(findTestObject(path_VT + "a_Search Transactions")): Object: 'Object Repository/AdminSuiteBootstrap_Pages/VT_Bootstrap/IssueTransactions/a_Search Transactions' is clicked on

2024-07-12 23:04:47 - [MESSAGE][PASSED] - Object: 'Object Repository/AdminSuiteBootstrap_Pages/VT_Bootstrap/IssueTransactions/a_Search Transactions' is clicked on

2024-07-12 23:04:47 - [TEST_STEP][PASSED] - setText(findTestObject(path_CCSearch + "input_Search By_searchValue"), remID): Text 'AutoSin071224225713098Ahm' is set on object 'Object Repository/AdminSuiteBootstrap_Pages/VT_Bootstrap/CCCreditOrVoidSearch/input_Search By_searchValue'

2024-07-12 23:04:47 - [MESSAGE][PASSED] - Text 'AutoSin071224225713098Ahm' is set on object 'Object Repository/AdminSuiteBootstrap_Pages/VT_Bootstrap/CCCreditOrVoidSearch/input_Search By_searchValue'

2024-07-12 23:04:47 - [TEST_STEP][PASSED] - click(findTestObject(path_CCSearch + "button_Submit")): Object: 'Object Repository/AdminSuiteBootstrap_Pages/VT_Bootstrap/CCCreditOrVoidSearch/button_Submit' is clicked on

2024-07-12 23:04:48 - [MESSAGE][PASSED] - Object: 'Object Repository/AdminSuiteBootstrap_Pages/VT_Bootstrap/CCCreditOrVoidSearch/button_Submit' is clicked on

2024-07-12 23:04:48 - [TEST_STEP][PASSED] - fgr = getText(findTestObject(path_SearchResults + "div_Payment ID")): Text of object 'Object Repository/AdminSuiteBootstrap_Pages/VT_Bootstrap/SearchResults/div_Payment ID' is: 'Payment ID
Payment Type
Transaction Type
Remittance ID
Name
Total Amount
End Date
Status
12154838 Credit Card Authorization and Capture AutoSin071224225713098Ahm Tulsi Raman $15.50 07/12/2024 Success'

2024-07-12 23:04:49 - [MESSAGE][PASSED] - Text of object 'Object Repository/AdminSuiteBootstrap_Pages/VT_Bootstrap/SearchResults/div_Payment ID' is: 'Payment ID
Payment Type
Transaction Type
Remittance ID
Name
Total Amount
End Date
Status
12154838 Credit Card Authorization and Capture AutoSin071224225713098Ahm Tulsi Raman $15.50 07/12/2024 Success'

2024-07-12 23:04:49 - [TEST_STEP][PASSED] - payID = substring(89, 98).trim(): null

2024-07-12 23:04:49 - [TEST_STEP][PASSED] - out.println("payID: " + payID): null

2024-07-12 23:04:49 - [TEST_STEP][PASSED] - click(findTestObject(path_SearchResults + "button_PaymentID")): Object: 'Object Repository/AdminSuiteBootstrap_Pages/VT_Bootstrap/SearchResults/button_PaymentID' is clicked on

2024-07-12 23:04:49 - [MESSAGE][PASSED] - Object: 'Object Repository/AdminSuiteBootstrap_Pages/VT_Bootstrap/SearchResults/button_PaymentID' is clicked on

2024-07-12 23:04:49 - [TEST_STEP][PASSED] - verifyTextPresent("Tender Type", true): Text 'Tender Type' is present on page  using regular expression

2024-07-12 23:04:50 - [MESSAGE][PASSED] - Text 'Tender Type' is present on page  using regular expression

2024-07-12 23:04:50 - [TEST_STEP][PASSED] - verifyTextPresent("Credit Card", true): Text 'Credit Card' is present on page  using regular expression

2024-07-12 23:04:50 - [MESSAGE][PASSED] - Text 'Credit Card' is present on page  using regular expression

2024-07-12 23:04:50 - [TEST_STEP][PASSED] - verifyTextPresent("Transaction Type", true): Text 'Transaction Type' is present on page  using regular expression

2024-07-12 23:04:51 - [MESSAGE][PASSED] - Text 'Transaction Type' is present on page  using regular expression

2024-07-12 23:04:51 - [TEST_STEP][PASSED] - verifyTextPresent("Authorization and Capture", true): Text 'Authorization and Capture' is present on page  using regular expression

2024-07-12 23:04:51 - [MESSAGE][PASSED] - Text 'Authorization and Capture' is present on page  using regular expression

2024-07-12 23:04:51 - [TEST_STEP][PASSED] - verifyTextPresent("Transaction Posted by", true): Text 'Transaction Posted by' is present on page  using regular expression

2024-07-12 23:04:52 - [MESSAGE][PASSED] - Text 'Transaction Posted by' is present on page  using regular expression

2024-07-12 23:04:52 - [TEST_STEP][PASSED] - verifyTextPresent("iahmed", true): Text 'iahmed' is present on page  using regular expression

2024-07-12 23:04:52 - [MESSAGE][PASSED] - Text 'iahmed' is present on page  using regular expression

2024-07-12 23:04:52 - [TEST_STEP][PASSED] - click(findTestObject(path_TranxDetails + "a_Credit this transaction")): Object: 'Object Repository/AdminSuiteBootstrap_Pages/VT_Bootstrap/TransactionDetails/a_Credit this transaction' is clicked on

2024-07-12 23:04:53 - [MESSAGE][PASSED] - Object: 'Object Repository/AdminSuiteBootstrap_Pages/VT_Bootstrap/TransactionDetails/a_Credit this transaction' is clicked on

2024-07-12 23:04:53 - [TEST_STEP][PASSED] - verifyTextPresent("Credit Card Credit", true): Text 'Credit Card Credit' is present on page  using regular expression

2024-07-12 23:04:54 - [MESSAGE][PASSED] - Text 'Credit Card Credit' is present on page  using regular expression

2024-07-12 23:04:54 - [TEST_STEP][PASSED] - partialCardNumber = findTestData(dataFile).getValue("AutoCreditNumber", row): null

2024-07-12 23:04:54 - [TEST_STEP][PASSED] - setText(findTestObject(path_TranxDetails + "input_cardMiddle"), partialCardNumber): Text '1100099302' is set on object 'Object Repository/AdminSuiteBootstrap_Pages/VT_Bootstrap/TransactionDetails/input_cardMiddle'

2024-07-12 23:04:54 - [MESSAGE][PASSED] - Text '1100099302' is set on object 'Object Repository/AdminSuiteBootstrap_Pages/VT_Bootstrap/TransactionDetails/input_cardMiddle'

2024-07-12 23:04:54 - [TEST_STEP][PASSED] - click(findTestObject(path_TranxDetails + "button_Submit")): Object: 'Object Repository/AdminSuiteBootstrap_Pages/VT_Bootstrap/TransactionDetails/button_Submit' is clicked on

2024-07-12 23:04:56 - [MESSAGE][PASSED] - Object: 'Object Repository/AdminSuiteBootstrap_Pages/VT_Bootstrap/TransactionDetails/button_Submit' is clicked on

2024-07-12 23:04:56 - [TEST_STEP][PASSED] - verifyTextPresent("Transaction Successful", true): Text 'Transaction Successful' is present on page  using regular expression

2024-07-12 23:04:56 - [MESSAGE][PASSED] - Text 'Transaction Successful' is present on page  using regular expression

2024-07-12 23:04:56 - [TEST_STEP][PASSED] - verifyTextPresent("Transaction Type", true): Text 'Transaction Type' is present on page  using regular expression

2024-07-12 23:04:57 - [MESSAGE][PASSED] - Text 'Transaction Type' is present on page  using regular expression

2024-07-12 23:04:57 - [TEST_STEP][PASSED] - verifyTextPresent("Credit", true): Text 'Credit' is present on page  using regular expression

2024-07-12 23:04:57 - [MESSAGE][PASSED] - Text 'Credit' is present on page  using regular expression

2024-07-12 23:04:57 - [TEST_STEP][PASSED] - closeBrowser(): Browser is closed

2024-07-12 23:04:58 - [MESSAGE][PASSED] - Browser is closed

2024-07-12 23:04:58 - [TEST_STEP][PASSED] - ExecuteTC = findTestData(dataFile).getValue("Execute", row): null

2024-07-12 23:04:58 - [TEST_STEP][PASSED] - out.println("Value of Execute is : " + ExecuteTC): null

2024-07-12 23:04:58 - [TEST_STEP][PASSED] - switch (executionProfile): null

2024-07-12 23:04:58 - [TEST_STEP][PASSED] - case "QA2Profile":: null

2024-07-12 23:04:58 - [TEST_STEP][PASSED] - appName = findTestData(dataFile).getValue("AppNameQA", row): null

2024-07-12 23:04:58 - [TEST_STEP][PASSED] - appID = findTestData(dataFile).getValue("AppIDQA", row): null

2024-07-12 23:04:59 - [TEST_STEP][PASSED] - break: null

2024-07-12 23:04:59 - [TEST_STEP][PASSED] - hrefAppID = li_1 + appID + li_2: null

2024-07-12 23:04:59 - [TEST_STEP][PASSED] - hrefApp = li_1 + appID + "/": null

2024-07-12 23:04:59 - [TEST_STEP][PASSED] - println("hrefApp : " + hrefApp): null

2024-07-12 23:04:59 - [TEST_STEP][PASSED] - if (ExecuteTC.equalsIgnoreCase("Y")): null

2024-07-12 23:04:59 - [TEST_STEP][PASSED] - out.println("Begin Record Number: " + row): null

2024-07-12 23:04:59 - [TEST_STEP][PASSED] - today = new java.util.Date(): null

2024-07-12 23:04:59 - [TEST_STEP][PASSED] - println(today): null

2024-07-12 23:04:59 - [TEST_STEP][PASSED] - datText = today: null

2024-07-12 23:04:59 - [TEST_STEP][PASSED] - adminSuiteBootstrap.loginFunctionality.login_AdminSuite(): adminSuiteBootstrap.loginFunctionality.login_AdminSuite is PASSED

2024-07-12 23:04:59 - [MESSAGE][INFO] - Starting 'Chrome' driver

2024-07-12 23:04:59 - [MESSAGE][INFO] - User set preference: ['acceptInsecureCerts', 'true']

2024-07-12 23:04:59 - [MESSAGE][INFO] - Action delay is set to 0 milliseconds

2024-07-12 23:05:01 - [MESSAGE][PASSED] - Browser is opened with url: 'https://qa2.velocitypayment.com/admin/imtiaz'

2024-07-12 23:05:01 - [MESSAGE][PASSED] - Current window maximized

2024-07-12 23:05:02 - [MESSAGE][PASSED] - Object 'Object Repository/Login_Page/Login_Username_Okta' is present

2024-07-12 23:05:03 - [MESSAGE][PASSED] - Text 'iahmed' is set on object 'Object Repository/Login_Page/Login_Username_Okta'

2024-07-12 23:05:04 - [MESSAGE][PASSED] - Text 'Hello!6666666' is set on object 'Object Repository/Login_Page/Login_Password_Okta'

2024-07-12 23:05:04 - [MESSAGE][PASSED] - Object: 'Object Repository/Login_Page/Login_Submit_Okta' is clicked on

2024-07-12 23:05:04 - [MESSAGE][PASSED] - adminSuiteBootstrap.loginFunctionality.login_AdminSuite is PASSED

2024-07-12 23:05:04 - [TEST_STEP][PASSED] - click(findTestObject(path_Dashboard + appName)): Object: 'Object Repository/AdminSuiteBootstrap_Pages/Dashboard_Bootstrap/a_Access AutoSingleCFtpQA' is clicked on

2024-07-12 23:05:12 - [MESSAGE][PASSED] - Object: 'Object Repository/AdminSuiteBootstrap_Pages/Dashboard_Bootstrap/a_Access AutoSingleCFtpQA' is clicked on

2024-07-12 23:05:12 - [TEST_STEP][PASSED] - click(findTestObject(path_VT + "button_Authorization  Capture (Sale)")): Object: 'Object Repository/AdminSuiteBootstrap_Pages/VT_Bootstrap/IssueTransactions/button_Authorization  Capture (Sale)' is clicked on

2024-07-12 23:05:13 - [MESSAGE][PASSED] - Object: 'Object Repository/AdminSuiteBootstrap_Pages/VT_Bootstrap/IssueTransactions/button_Authorization  Capture (Sale)' is clicked on

2024-07-12 23:05:13 - [TEST_STEP][PASSED] - saleKeyboardEntryLink = modifyObjectProperty(findTestObject(path_VT + "a_KeyboardEntry_Sale"), "href", "equals", hrefAppID, true): Modify property of object successfully

2024-07-12 23:05:13 - [MESSAGE][PASSED] - Modify property of object successfully

2024-07-12 23:05:13 - [TEST_STEP][PASSED] - click(saleKeyboardEntryLink): Object: 'Object Repository/AdminSuiteBootstrap_Pages/VT_Bootstrap/IssueTransactions/a_KeyboardEntry_Sale' is clicked on

2024-07-12 23:05:14 - [MESSAGE][PASSED] - Object: 'Object Repository/AdminSuiteBootstrap_Pages/VT_Bootstrap/IssueTransactions/a_KeyboardEntry_Sale' is clicked on

2024-07-12 23:05:14 - [TEST_STEP][PASSED] - adminSuiteBootstrap.virtualTerminalSetData.saleKeyboard_DataDriven(row, dataFile): adminSuiteBootstrap.virtualTerminalSetData.saleKeyboard_DataDriven is PASSED

2024-07-12 23:05:17 - [MESSAGE][PASSED] - Text 'Janaki James' is set on object 'Object Repository/AdminSuiteBootstrap_Pages/VT_Bootstrap/SaleKeyboard/input_cardName'

2024-07-12 23:05:18 - [MESSAGE][PASSED] - All options with value 'MOTO' are selected in object 'Object Repository/AdminSuiteBootstrap_Pages/VT_Bootstrap/SaleKeyboard/select_transactionCategory'  using regular expression

2024-07-12 23:05:19 - [MESSAGE][PASSED] - Execute JavaScript 'arguments[0].value ='4012000098765439' ' successfully

2024-07-12 23:05:19 - [MESSAGE][PASSED] - Execute JavaScript 'arguments[0].value ='123' ' successfully

2024-07-12 23:05:20 - [MESSAGE][PASSED] - All options with value '12' are selected in object 'Object Repository/AdminSuiteBootstrap_Pages/VT_Bootstrap/SaleKeyboard/select_MM'  using regular expression

2024-07-12 23:05:21 - [MESSAGE][PASSED] - All options with value '2025' are selected in object 'Object Repository/AdminSuiteBootstrap_Pages/VT_Bootstrap/SaleKeyboard/select_YYYY'  using regular expression

2024-07-12 23:05:22 - [MESSAGE][PASSED] - Text '36 Cornor Road' is set on object 'Object Repository/AdminSuiteBootstrap_Pages/VT_Bootstrap/SaleKeyboard/input__address'

2024-07-12 23:05:23 - [MESSAGE][PASSED] - Text 'Suite 500' is set on object 'Object Repository/AdminSuiteBootstrap_Pages/VT_Bootstrap/SaleKeyboard/input__address2'

2024-07-12 23:05:23 - [MESSAGE][PASSED] - Text '22201' is set on object 'Object Repository/AdminSuiteBootstrap_Pages/VT_Bootstrap/SaleKeyboard/input__zip'

2024-07-12 23:05:24 - [MESSAGE][PASSED] - Text '' is set on object 'Object Repository/AdminSuiteBootstrap_Pages/VT_Bootstrap/SaleKeyboard/input_emailAddress'

2024-07-12 23:05:26 - [MESSAGE][PASSED] - Text '' is set on object 'Object Repository/AdminSuiteBootstrap_Pages/VT_Bootstrap/SaleKeyboard/input_smsNumber'

2024-07-12 23:05:26 - [MESSAGE][PASSED] - Text '10.50' is set on object 'Object Repository/AdminSuiteBootstrap_Pages/VT_Bootstrap/SaleKeyboard/input_amount'

2024-07-12 23:05:27 - [MESSAGE][PASSED] - Text 'Australia' is set on object 'Object Repository/AdminSuiteBootstrap_Pages/VT_Bootstrap/SaleKeyboard/input_userDefined1'

2024-07-12 23:05:28 - [MESSAGE][PASSED] - Text 'Denmark' is set on object 'Object Repository/AdminSuiteBootstrap_Pages/VT_Bootstrap/SaleKeyboard/input_userDefined2'

2024-07-12 23:05:29 - [MESSAGE][PASSED] - Text 'Sweden' is set on object 'Object Repository/AdminSuiteBootstrap_Pages/VT_Bootstrap/SaleKeyboard/input_userDefined3'

2024-07-12 23:05:30 - [MESSAGE][PASSED] - Text 'Austria' is set on object 'Object Repository/AdminSuiteBootstrap_Pages/VT_Bootstrap/SaleKeyboard/input_userDefined4'

2024-07-12 23:05:31 - [MESSAGE][PASSED] - All options with label 'Orange' are selected in object 'Object Repository/AdminSuiteBootstrap_Pages/VT_Bootstrap/SaleKeyboard/select_UDF5_DropDown'  using regular expression

2024-07-12 23:05:32 - [MESSAGE][PASSED] - All options with label 'Yellow' are selected in object 'Object Repository/AdminSuiteBootstrap_Pages/VT_Bootstrap/SaleKeyboard/select_UDF6_DropDown'  using regular expression

2024-07-12 23:05:32 - [MESSAGE][PASSED] - Text 'Norway' is set on object 'Object Repository/AdminSuiteBootstrap_Pages/VT_Bootstrap/SaleKeyboard/input_userDefined7'

2024-07-12 23:05:33 - [MESSAGE][PASSED] - Text 'Netherlands' is set on object 'Object Repository/AdminSuiteBootstrap_Pages/VT_Bootstrap/SaleKeyboard/input_userDefined8'

2024-07-12 23:05:34 - [MESSAGE][PASSED] - Text 'Switzerland' is set on object 'Object Repository/AdminSuiteBootstrap_Pages/VT_Bootstrap/SaleKeyboard/input_userDefined9'

2024-07-12 23:05:34 - [MESSAGE][PASSED] - Text 'France' is set on object 'Object Repository/AdminSuiteBootstrap_Pages/VT_Bootstrap/SaleKeyboard/input_userDefined10'

2024-07-12 23:05:36 - [MESSAGE][PASSED] - Object: 'Object Repository/AdminSuiteBootstrap_Pages/VT_Bootstrap/SaleKeyboard/button_Submit' is clicked on

2024-07-12 23:05:36 - [MESSAGE][PASSED] - adminSuiteBootstrap.virtualTerminalSetData.saleKeyboard_DataDriven is PASSED

2024-07-12 23:05:36 - [TEST_STEP][PASSED] - if (verifyTextPresent("Transaction Successful", true)): null

2024-07-12 23:05:36 - [MESSAGE][PASSED] - Text 'Transaction Successful' is present on page  using regular expression

2024-07-12 23:05:36 - [TEST_STEP][PASSED] - sdf = getText(findTestObject(path_Receipt + "td_AutoNoC031622113752957Ahm")): Text of object 'Object Repository/AdminSuiteBootstrap_Pages/VT_Bootstrap/Receipt/td_AutoNoC031622113752957Ahm' is: 'AutoSin071224225804982Ahm'

2024-07-12 23:05:37 - [MESSAGE][PASSED] - Text of object 'Object Repository/AdminSuiteBootstrap_Pages/VT_Bootstrap/Receipt/td_AutoNoC031622113752957Ahm' is: 'AutoSin071224225804982Ahm'

2024-07-12 23:05:37 - [TEST_STEP][PASSED] - out.println("sdf: " + sdf): null

2024-07-12 23:05:37 - [TEST_STEP][PASSED] - remID = sdf: null

2024-07-12 23:05:37 - [TEST_STEP][PASSED] - out.println("remID: " + remID): null

2024-07-12 23:05:37 - [TEST_STEP][PASSED] - click(findTestObject(path_Receipt + "button_Continue")): Object: 'Object Repository/AdminSuiteBootstrap_Pages/VT_Bootstrap/Receipt/button_Continue' is clicked on

2024-07-12 23:05:38 - [MESSAGE][PASSED] - Object: 'Object Repository/AdminSuiteBootstrap_Pages/VT_Bootstrap/Receipt/button_Continue' is clicked on

2024-07-12 23:05:38 - [TEST_STEP][PASSED] - click(findTestObject(path_VT + "a_Search Transactions")): Object: 'Object Repository/AdminSuiteBootstrap_Pages/VT_Bootstrap/IssueTransactions/a_Search Transactions' is clicked on

2024-07-12 23:05:39 - [MESSAGE][PASSED] - Object: 'Object Repository/AdminSuiteBootstrap_Pages/VT_Bootstrap/IssueTransactions/a_Search Transactions' is clicked on

2024-07-12 23:05:39 - [TEST_STEP][PASSED] - setText(findTestObject(path_CCSearch + "input_Search By_searchValue"), remID): Text 'AutoSin071224225804982Ahm' is set on object 'Object Repository/AdminSuiteBootstrap_Pages/VT_Bootstrap/CCCreditOrVoidSearch/input_Search By_searchValue'

2024-07-12 23:05:39 - [MESSAGE][PASSED] - Text 'AutoSin071224225804982Ahm' is set on object 'Object Repository/AdminSuiteBootstrap_Pages/VT_Bootstrap/CCCreditOrVoidSearch/input_Search By_searchValue'

2024-07-12 23:05:39 - [TEST_STEP][PASSED] - click(findTestObject(path_CCSearch + "button_Submit")): Object: 'Object Repository/AdminSuiteBootstrap_Pages/VT_Bootstrap/CCCreditOrVoidSearch/button_Submit' is clicked on

2024-07-12 23:05:40 - [MESSAGE][PASSED] - Object: 'Object Repository/AdminSuiteBootstrap_Pages/VT_Bootstrap/CCCreditOrVoidSearch/button_Submit' is clicked on

2024-07-12 23:05:40 - [TEST_STEP][PASSED] - fgr = getText(findTestObject(path_SearchResults + "div_Payment ID")): Text of object 'Object Repository/AdminSuiteBootstrap_Pages/VT_Bootstrap/SearchResults/div_Payment ID' is: 'Payment ID
Payment Type
Transaction Type
Remittance ID
Name
Total Amount
End Date
Status
12154840 Credit Card Authorization and Capture AutoSin071224225804982Ahm Janaki James $15.50 07/12/2024 Success'

2024-07-12 23:05:41 - [MESSAGE][PASSED] - Text of object 'Object Repository/AdminSuiteBootstrap_Pages/VT_Bootstrap/SearchResults/div_Payment ID' is: 'Payment ID
Payment Type
Transaction Type
Remittance ID
Name
Total Amount
End Date
Status
12154840 Credit Card Authorization and Capture AutoSin071224225804982Ahm Janaki James $15.50 07/12/2024 Success'

2024-07-12 23:05:41 - [TEST_STEP][PASSED] - payID = substring(89, 98).trim(): null

2024-07-12 23:05:41 - [TEST_STEP][PASSED] - out.println("payID: " + payID): null

2024-07-12 23:05:41 - [TEST_STEP][PASSED] - click(findTestObject(path_SearchResults + "button_PaymentID")): Object: 'Object Repository/AdminSuiteBootstrap_Pages/VT_Bootstrap/SearchResults/button_PaymentID' is clicked on

2024-07-12 23:05:42 - [MESSAGE][PASSED] - Object: 'Object Repository/AdminSuiteBootstrap_Pages/VT_Bootstrap/SearchResults/button_PaymentID' is clicked on

2024-07-12 23:05:42 - [TEST_STEP][PASSED] - verifyTextPresent("Tender Type", true): Text 'Tender Type' is present on page  using regular expression

2024-07-12 23:05:42 - [MESSAGE][PASSED] - Text 'Tender Type' is present on page  using regular expression

2024-07-12 23:05:42 - [TEST_STEP][PASSED] - verifyTextPresent("Credit Card", true): Text 'Credit Card' is present on page  using regular expression

2024-07-12 23:05:43 - [MESSAGE][PASSED] - Text 'Credit Card' is present on page  using regular expression

2024-07-12 23:05:43 - [TEST_STEP][PASSED] - verifyTextPresent("Transaction Type", true): Text 'Transaction Type' is present on page  using regular expression

2024-07-12 23:05:43 - [MESSAGE][PASSED] - Text 'Transaction Type' is present on page  using regular expression

2024-07-12 23:05:43 - [TEST_STEP][PASSED] - verifyTextPresent("Authorization and Capture", true): Text 'Authorization and Capture' is present on page  using regular expression

2024-07-12 23:05:43 - [MESSAGE][PASSED] - Text 'Authorization and Capture' is present on page  using regular expression

2024-07-12 23:05:43 - [TEST_STEP][PASSED] - verifyTextPresent("Transaction Posted by", true): Text 'Transaction Posted by' is present on page  using regular expression

2024-07-12 23:05:44 - [MESSAGE][PASSED] - Text 'Transaction Posted by' is present on page  using regular expression

2024-07-12 23:05:44 - [TEST_STEP][PASSED] - verifyTextPresent("iahmed", true): Text 'iahmed' is present on page  using regular expression

2024-07-12 23:05:44 - [MESSAGE][PASSED] - Text 'iahmed' is present on page  using regular expression

2024-07-12 23:05:44 - [TEST_STEP][PASSED] - click(findTestObject(path_TranxDetails + "a_Credit this transaction")): Object: 'Object Repository/AdminSuiteBootstrap_Pages/VT_Bootstrap/TransactionDetails/a_Credit this transaction' is clicked on

2024-07-12 23:05:45 - [MESSAGE][PASSED] - Object: 'Object Repository/AdminSuiteBootstrap_Pages/VT_Bootstrap/TransactionDetails/a_Credit this transaction' is clicked on

2024-07-12 23:05:45 - [TEST_STEP][PASSED] - verifyTextPresent("Credit Card Credit", true): Text 'Credit Card Credit' is present on page  using regular expression

2024-07-12 23:05:46 - [MESSAGE][PASSED] - Text 'Credit Card Credit' is present on page  using regular expression

2024-07-12 23:05:46 - [TEST_STEP][PASSED] - partialCardNumber = findTestData(dataFile).getValue("AutoCreditNumber", row): null

2024-07-12 23:05:46 - [TEST_STEP][PASSED] - setText(findTestObject(path_TranxDetails + "input_cardMiddle"), partialCardNumber): Text '1200009876' is set on object 'Object Repository/AdminSuiteBootstrap_Pages/VT_Bootstrap/TransactionDetails/input_cardMiddle'

2024-07-12 23:05:47 - [MESSAGE][PASSED] - Text '1200009876' is set on object 'Object Repository/AdminSuiteBootstrap_Pages/VT_Bootstrap/TransactionDetails/input_cardMiddle'

2024-07-12 23:05:47 - [TEST_STEP][PASSED] - click(findTestObject(path_TranxDetails + "button_Submit")): Object: 'Object Repository/AdminSuiteBootstrap_Pages/VT_Bootstrap/TransactionDetails/button_Submit' is clicked on

2024-07-12 23:05:48 - [MESSAGE][PASSED] - Object: 'Object Repository/AdminSuiteBootstrap_Pages/VT_Bootstrap/TransactionDetails/button_Submit' is clicked on

2024-07-12 23:05:48 - [TEST_STEP][PASSED] - verifyTextPresent("Transaction Successful", true): Text 'Transaction Successful' is present on page  using regular expression

2024-07-12 23:05:48 - [MESSAGE][PASSED] - Text 'Transaction Successful' is present on page  using regular expression

2024-07-12 23:05:48 - [TEST_STEP][PASSED] - verifyTextPresent("Transaction Type", true): Text 'Transaction Type' is present on page  using regular expression

2024-07-12 23:05:49 - [MESSAGE][PASSED] - Text 'Transaction Type' is present on page  using regular expression

2024-07-12 23:05:49 - [TEST_STEP][PASSED] - verifyTextPresent("Credit", true): Text 'Credit' is present on page  using regular expression

2024-07-12 23:05:49 - [MESSAGE][PASSED] - Text 'Credit' is present on page  using regular expression

2024-07-12 23:05:49 - [TEST_STEP][PASSED] - closeBrowser(): Browser is closed

2024-07-12 23:05:50 - [MESSAGE][PASSED] - Browser is closed

2024-07-12 23:05:50 - [TEST_STEP][PASSED] - ExecuteTC = findTestData(dataFile).getValue("Execute", row): null

2024-07-12 23:05:50 - [TEST_STEP][PASSED] - out.println("Value of Execute is : " + ExecuteTC): null

2024-07-12 23:05:50 - [TEST_STEP][PASSED] - switch (executionProfile): null

2024-07-12 23:05:50 - [TEST_STEP][PASSED] - case "QA2Profile":: null

2024-07-12 23:05:50 - [TEST_STEP][PASSED] - appName = findTestData(dataFile).getValue("AppNameQA", row): null

2024-07-12 23:05:51 - [TEST_STEP][PASSED] - appID = findTestData(dataFile).getValue("AppIDQA", row): null

2024-07-12 23:05:51 - [TEST_STEP][PASSED] - break: null

2024-07-12 23:05:51 - [TEST_STEP][PASSED] - hrefAppID = li_1 + appID + li_2: null

2024-07-12 23:05:51 - [TEST_STEP][PASSED] - hrefApp = li_1 + appID + "/": null

2024-07-12 23:05:51 - [TEST_STEP][PASSED] - println("hrefApp : " + hrefApp): null

2024-07-12 23:05:51 - [TEST_STEP][PASSED] - if (ExecuteTC.equalsIgnoreCase("Y")): null

2024-07-12 23:05:51 - [TEST_STEP][PASSED] - out.println("Begin Record Number: " + row): null

2024-07-12 23:05:51 - [TEST_STEP][PASSED] - today = new java.util.Date(): null

2024-07-12 23:05:51 - [TEST_STEP][PASSED] - println(today): null

2024-07-12 23:05:51 - [TEST_STEP][PASSED] - datText = today: null

2024-07-12 23:05:51 - [TEST_STEP][PASSED] - adminSuiteBootstrap.loginFunctionality.login_AdminSuite(): adminSuiteBootstrap.loginFunctionality.login_AdminSuite is PASSED

2024-07-12 23:05:51 - [MESSAGE][INFO] - Starting 'Chrome' driver

2024-07-12 23:05:51 - [MESSAGE][INFO] - User set preference: ['acceptInsecureCerts', 'true']

2024-07-12 23:05:51 - [MESSAGE][INFO] - Action delay is set to 0 milliseconds

2024-07-12 23:05:52 - [MESSAGE][PASSED] - Browser is opened with url: 'https://qa2.velocitypayment.com/admin/imtiaz'

2024-07-12 23:05:53 - [MESSAGE][PASSED] - Current window maximized

2024-07-12 23:05:54 - [MESSAGE][PASSED] - Object 'Object Repository/Login_Page/Login_Username_Okta' is present

2024-07-12 23:05:55 - [MESSAGE][PASSED] - Text 'iahmed' is set on object 'Object Repository/Login_Page/Login_Username_Okta'

2024-07-12 23:05:56 - [MESSAGE][PASSED] - Text 'Hello!6666666' is set on object 'Object Repository/Login_Page/Login_Password_Okta'

2024-07-12 23:05:56 - [MESSAGE][PASSED] - Object: 'Object Repository/Login_Page/Login_Submit_Okta' is clicked on

2024-07-12 23:05:56 - [MESSAGE][PASSED] - adminSuiteBootstrap.loginFunctionality.login_AdminSuite is PASSED

2024-07-12 23:05:56 - [TEST_STEP][PASSED] - click(findTestObject(path_Dashboard + appName)): Object: 'Object Repository/AdminSuiteBootstrap_Pages/Dashboard_Bootstrap/a_Access AutoSingleCFtpQA' is clicked on

2024-07-12 23:06:04 - [MESSAGE][PASSED] - Object: 'Object Repository/AdminSuiteBootstrap_Pages/Dashboard_Bootstrap/a_Access AutoSingleCFtpQA' is clicked on

2024-07-12 23:06:04 - [TEST_STEP][PASSED] - click(findTestObject(path_VT + "button_Authorization  Capture (Sale)")): Object: 'Object Repository/AdminSuiteBootstrap_Pages/VT_Bootstrap/IssueTransactions/button_Authorization  Capture (Sale)' is clicked on

2024-07-12 23:06:05 - [MESSAGE][PASSED] - Object: 'Object Repository/AdminSuiteBootstrap_Pages/VT_Bootstrap/IssueTransactions/button_Authorization  Capture (Sale)' is clicked on

2024-07-12 23:06:05 - [TEST_STEP][PASSED] - saleKeyboardEntryLink = modifyObjectProperty(findTestObject(path_VT + "a_KeyboardEntry_Sale"), "href", "equals", hrefAppID, true): Modify property of object successfully

2024-07-12 23:06:05 - [MESSAGE][PASSED] - Modify property of object successfully

2024-07-12 23:06:05 - [TEST_STEP][PASSED] - click(saleKeyboardEntryLink): Object: 'Object Repository/AdminSuiteBootstrap_Pages/VT_Bootstrap/IssueTransactions/a_KeyboardEntry_Sale' is clicked on

2024-07-12 23:06:06 - [MESSAGE][PASSED] - Object: 'Object Repository/AdminSuiteBootstrap_Pages/VT_Bootstrap/IssueTransactions/a_KeyboardEntry_Sale' is clicked on

2024-07-12 23:06:06 - [TEST_STEP][PASSED] - adminSuiteBootstrap.virtualTerminalSetData.saleKeyboard_DataDriven(row, dataFile): adminSuiteBootstrap.virtualTerminalSetData.saleKeyboard_DataDriven is PASSED

2024-07-12 23:06:09 - [MESSAGE][PASSED] - Text 'Janaki James' is set on object 'Object Repository/AdminSuiteBootstrap_Pages/VT_Bootstrap/SaleKeyboard/input_cardName'

2024-07-12 23:06:10 - [MESSAGE][PASSED] - All options with value 'MOTO' are selected in object 'Object Repository/AdminSuiteBootstrap_Pages/VT_Bootstrap/SaleKeyboard/select_transactionCategory'  using regular expression

2024-07-12 23:06:11 - [MESSAGE][PASSED] - Execute JavaScript 'arguments[0].value ='5146312200000035' ' successfully

2024-07-12 23:06:11 - [MESSAGE][PASSED] - Execute JavaScript 'arguments[0].value ='123' ' successfully

2024-07-12 23:06:12 - [MESSAGE][PASSED] - All options with value '12' are selected in object 'Object Repository/AdminSuiteBootstrap_Pages/VT_Bootstrap/SaleKeyboard/select_MM'  using regular expression

2024-07-12 23:06:13 - [MESSAGE][PASSED] - All options with value '2025' are selected in object 'Object Repository/AdminSuiteBootstrap_Pages/VT_Bootstrap/SaleKeyboard/select_YYYY'  using regular expression

2024-07-12 23:06:14 - [MESSAGE][PASSED] - Text '1478 Jhatka Palace' is set on object 'Object Repository/AdminSuiteBootstrap_Pages/VT_Bootstrap/SaleKeyboard/input__address'

2024-07-12 23:06:15 - [MESSAGE][PASSED] - Text 'Suite 500' is set on object 'Object Repository/AdminSuiteBootstrap_Pages/VT_Bootstrap/SaleKeyboard/input__address2'

2024-07-12 23:06:16 - [MESSAGE][PASSED] - Text '22201' is set on object 'Object Repository/AdminSuiteBootstrap_Pages/VT_Bootstrap/SaleKeyboard/input__zip'

2024-07-12 23:06:16 - [MESSAGE][PASSED] - Text '' is set on object 'Object Repository/AdminSuiteBootstrap_Pages/VT_Bootstrap/SaleKeyboard/input_emailAddress'

2024-07-12 23:06:18 - [MESSAGE][PASSED] - Text '' is set on object 'Object Repository/AdminSuiteBootstrap_Pages/VT_Bootstrap/SaleKeyboard/input_smsNumber'

2024-07-12 23:06:18 - [MESSAGE][PASSED] - Text '10.50' is set on object 'Object Repository/AdminSuiteBootstrap_Pages/VT_Bootstrap/SaleKeyboard/input_amount'

2024-07-12 23:06:19 - [MESSAGE][PASSED] - Text 'Australia' is set on object 'Object Repository/AdminSuiteBootstrap_Pages/VT_Bootstrap/SaleKeyboard/input_userDefined1'

2024-07-12 23:06:20 - [MESSAGE][PASSED] - Text 'Denmark' is set on object 'Object Repository/AdminSuiteBootstrap_Pages/VT_Bootstrap/SaleKeyboard/input_userDefined2'

2024-07-12 23:06:21 - [MESSAGE][PASSED] - Text 'Sweden' is set on object 'Object Repository/AdminSuiteBootstrap_Pages/VT_Bootstrap/SaleKeyboard/input_userDefined3'

2024-07-12 23:06:22 - [MESSAGE][PASSED] - Text 'Austria' is set on object 'Object Repository/AdminSuiteBootstrap_Pages/VT_Bootstrap/SaleKeyboard/input_userDefined4'

2024-07-12 23:06:23 - [MESSAGE][PASSED] - All options with label 'Orange' are selected in object 'Object Repository/AdminSuiteBootstrap_Pages/VT_Bootstrap/SaleKeyboard/select_UDF5_DropDown'  using regular expression

2024-07-12 23:06:24 - [MESSAGE][PASSED] - All options with label 'Yellow' are selected in object 'Object Repository/AdminSuiteBootstrap_Pages/VT_Bootstrap/SaleKeyboard/select_UDF6_DropDown'  using regular expression

2024-07-12 23:06:24 - [MESSAGE][PASSED] - Text 'Norway' is set on object 'Object Repository/AdminSuiteBootstrap_Pages/VT_Bootstrap/SaleKeyboard/input_userDefined7'

2024-07-12 23:06:25 - [MESSAGE][PASSED] - Text 'Netherlands' is set on object 'Object Repository/AdminSuiteBootstrap_Pages/VT_Bootstrap/SaleKeyboard/input_userDefined8'

2024-07-12 23:06:26 - [MESSAGE][PASSED] - Text 'Switzerland' is set on object 'Object Repository/AdminSuiteBootstrap_Pages/VT_Bootstrap/SaleKeyboard/input_userDefined9'

2024-07-12 23:06:27 - [MESSAGE][PASSED] - Text 'France' is set on object 'Object Repository/AdminSuiteBootstrap_Pages/VT_Bootstrap/SaleKeyboard/input_userDefined10'

2024-07-12 23:06:28 - [MESSAGE][PASSED] - Object: 'Object Repository/AdminSuiteBootstrap_Pages/VT_Bootstrap/SaleKeyboard/button_Submit' is clicked on

2024-07-12 23:06:28 - [MESSAGE][PASSED] - adminSuiteBootstrap.virtualTerminalSetData.saleKeyboard_DataDriven is PASSED

2024-07-12 23:06:28 - [TEST_STEP][PASSED] - if (verifyTextPresent("Transaction Successful", true)): null

2024-07-12 23:06:28 - [MESSAGE][PASSED] - Text 'Transaction Successful' is present on page  using regular expression

2024-07-12 23:06:28 - [TEST_STEP][PASSED] - sdf = getText(findTestObject(path_Receipt + "td_AutoNoC031622113752957Ahm")): Text of object 'Object Repository/AdminSuiteBootstrap_Pages/VT_Bootstrap/Receipt/td_AutoNoC031622113752957Ahm' is: 'AutoSin071224225856870Ahm'

2024-07-12 23:06:29 - [MESSAGE][PASSED] - Text of object 'Object Repository/AdminSuiteBootstrap_Pages/VT_Bootstrap/Receipt/td_AutoNoC031622113752957Ahm' is: 'AutoSin071224225856870Ahm'

2024-07-12 23:06:29 - [TEST_STEP][PASSED] - out.println("sdf: " + sdf): null

2024-07-12 23:06:29 - [TEST_STEP][PASSED] - remID = sdf: null

2024-07-12 23:06:29 - [TEST_STEP][PASSED] - out.println("remID: " + remID): null

2024-07-12 23:06:29 - [TEST_STEP][PASSED] - click(findTestObject(path_Receipt + "button_Continue")): Object: 'Object Repository/AdminSuiteBootstrap_Pages/VT_Bootstrap/Receipt/button_Continue' is clicked on

2024-07-12 23:06:30 - [MESSAGE][PASSED] - Object: 'Object Repository/AdminSuiteBootstrap_Pages/VT_Bootstrap/Receipt/button_Continue' is clicked on

2024-07-12 23:06:30 - [TEST_STEP][PASSED] - click(findTestObject(path_VT + "a_Search Transactions")): Object: 'Object Repository/AdminSuiteBootstrap_Pages/VT_Bootstrap/IssueTransactions/a_Search Transactions' is clicked on

2024-07-12 23:06:30 - [MESSAGE][PASSED] - Object: 'Object Repository/AdminSuiteBootstrap_Pages/VT_Bootstrap/IssueTransactions/a_Search Transactions' is clicked on

2024-07-12 23:06:30 - [TEST_STEP][PASSED] - setText(findTestObject(path_CCSearch + "input_Search By_searchValue"), remID): Text 'AutoSin071224225856870Ahm' is set on object 'Object Repository/AdminSuiteBootstrap_Pages/VT_Bootstrap/CCCreditOrVoidSearch/input_Search By_searchValue'

2024-07-12 23:06:31 - [MESSAGE][PASSED] - Text 'AutoSin071224225856870Ahm' is set on object 'Object Repository/AdminSuiteBootstrap_Pages/VT_Bootstrap/CCCreditOrVoidSearch/input_Search By_searchValue'

2024-07-12 23:06:31 - [TEST_STEP][PASSED] - click(findTestObject(path_CCSearch + "button_Submit")): Object: 'Object Repository/AdminSuiteBootstrap_Pages/VT_Bootstrap/CCCreditOrVoidSearch/button_Submit' is clicked on

2024-07-12 23:06:32 - [MESSAGE][PASSED] - Object: 'Object Repository/AdminSuiteBootstrap_Pages/VT_Bootstrap/CCCreditOrVoidSearch/button_Submit' is clicked on

2024-07-12 23:06:32 - [TEST_STEP][PASSED] - fgr = getText(findTestObject(path_SearchResults + "div_Payment ID")): Text of object 'Object Repository/AdminSuiteBootstrap_Pages/VT_Bootstrap/SearchResults/div_Payment ID' is: 'Payment ID
Payment Type
Transaction Type
Remittance ID
Name
Total Amount
End Date
Status
12154842 Credit Card Authorization and Capture AutoSin071224225856870Ahm Janaki James $15.50 07/12/2024 Success'

2024-07-12 23:06:33 - [MESSAGE][PASSED] - Text of object 'Object Repository/AdminSuiteBootstrap_Pages/VT_Bootstrap/SearchResults/div_Payment ID' is: 'Payment ID
Payment Type
Transaction Type
Remittance ID
Name
Total Amount
End Date
Status
12154842 Credit Card Authorization and Capture AutoSin071224225856870Ahm Janaki James $15.50 07/12/2024 Success'

2024-07-12 23:06:33 - [TEST_STEP][PASSED] - payID = substring(89, 98).trim(): null

2024-07-12 23:06:33 - [TEST_STEP][PASSED] - out.println("payID: " + payID): null

2024-07-12 23:06:33 - [TEST_STEP][PASSED] - click(findTestObject(path_SearchResults + "button_PaymentID")): Object: 'Object Repository/AdminSuiteBootstrap_Pages/VT_Bootstrap/SearchResults/button_PaymentID' is clicked on

2024-07-12 23:06:33 - [MESSAGE][PASSED] - Object: 'Object Repository/AdminSuiteBootstrap_Pages/VT_Bootstrap/SearchResults/button_PaymentID' is clicked on

2024-07-12 23:06:33 - [TEST_STEP][PASSED] - verifyTextPresent("Tender Type", true): Text 'Tender Type' is present on page  using regular expression

2024-07-12 23:06:34 - [MESSAGE][PASSED] - Text 'Tender Type' is present on page  using regular expression

2024-07-12 23:06:34 - [TEST_STEP][PASSED] - verifyTextPresent("Credit Card", true): Text 'Credit Card' is present on page  using regular expression

2024-07-12 23:06:34 - [MESSAGE][PASSED] - Text 'Credit Card' is present on page  using regular expression

2024-07-12 23:06:34 - [TEST_STEP][PASSED] - verifyTextPresent("Transaction Type", true): Text 'Transaction Type' is present on page  using regular expression

2024-07-12 23:06:35 - [MESSAGE][PASSED] - Text 'Transaction Type' is present on page  using regular expression

2024-07-12 23:06:35 - [TEST_STEP][PASSED] - verifyTextPresent("Authorization and Capture", true): Text 'Authorization and Capture' is present on page  using regular expression

2024-07-12 23:06:35 - [MESSAGE][PASSED] - Text 'Authorization and Capture' is present on page  using regular expression

2024-07-12 23:06:35 - [TEST_STEP][PASSED] - verifyTextPresent("Transaction Posted by", true): Text 'Transaction Posted by' is present on page  using regular expression

2024-07-12 23:06:35 - [MESSAGE][PASSED] - Text 'Transaction Posted by' is present on page  using regular expression

2024-07-12 23:06:35 - [TEST_STEP][PASSED] - verifyTextPresent("iahmed", true): Text 'iahmed' is present on page  using regular expression

2024-07-12 23:06:36 - [MESSAGE][PASSED] - Text 'iahmed' is present on page  using regular expression

2024-07-12 23:06:36 - [TEST_STEP][PASSED] - click(findTestObject(path_TranxDetails + "a_Credit this transaction")): Object: 'Object Repository/AdminSuiteBootstrap_Pages/VT_Bootstrap/TransactionDetails/a_Credit this transaction' is clicked on

2024-07-12 23:06:37 - [MESSAGE][PASSED] - Object: 'Object Repository/AdminSuiteBootstrap_Pages/VT_Bootstrap/TransactionDetails/a_Credit this transaction' is clicked on

2024-07-12 23:06:37 - [TEST_STEP][PASSED] - verifyTextPresent("Credit Card Credit", true): Text 'Credit Card Credit' is present on page  using regular expression

2024-07-12 23:06:37 - [MESSAGE][PASSED] - Text 'Credit Card Credit' is present on page  using regular expression

2024-07-12 23:06:37 - [TEST_STEP][PASSED] - partialCardNumber = findTestData(dataFile).getValue("AutoCreditNumber", row): null

2024-07-12 23:06:38 - [TEST_STEP][PASSED] - setText(findTestObject(path_TranxDetails + "input_cardMiddle"), partialCardNumber): Text '4631220000' is set on object 'Object Repository/AdminSuiteBootstrap_Pages/VT_Bootstrap/TransactionDetails/input_cardMiddle'

2024-07-12 23:06:38 - [MESSAGE][PASSED] - Text '4631220000' is set on object 'Object Repository/AdminSuiteBootstrap_Pages/VT_Bootstrap/TransactionDetails/input_cardMiddle'

2024-07-12 23:06:38 - [TEST_STEP][PASSED] - click(findTestObject(path_TranxDetails + "button_Submit")): Object: 'Object Repository/AdminSuiteBootstrap_Pages/VT_Bootstrap/TransactionDetails/button_Submit' is clicked on

2024-07-12 23:06:40 - [MESSAGE][PASSED] - Object: 'Object Repository/AdminSuiteBootstrap_Pages/VT_Bootstrap/TransactionDetails/button_Submit' is clicked on

2024-07-12 23:06:40 - [TEST_STEP][PASSED] - verifyTextPresent("Transaction Successful", true): Text 'Transaction Successful' is present on page  using regular expression

2024-07-12 23:06:40 - [MESSAGE][PASSED] - Text 'Transaction Successful' is present on page  using regular expression

2024-07-12 23:06:40 - [TEST_STEP][PASSED] - verifyTextPresent("Transaction Type", true): Text 'Transaction Type' is present on page  using regular expression

2024-07-12 23:06:41 - [MESSAGE][PASSED] - Text 'Transaction Type' is present on page  using regular expression

2024-07-12 23:06:41 - [TEST_STEP][PASSED] - verifyTextPresent("Credit", true): Text 'Credit' is present on page  using regular expression

2024-07-12 23:06:41 - [MESSAGE][PASSED] - Text 'Credit' is present on page  using regular expression

2024-07-12 23:06:41 - [TEST_STEP][PASSED] - closeBrowser(): Browser is closed

2024-07-12 23:06:42 - [MESSAGE][PASSED] - Browser is closed

2024-07-12 23:06:42 - [TEST_STEP][PASSED] - ExecuteTC = findTestData(dataFile).getValue("Execute", row): null

2024-07-12 23:06:42 - [TEST_STEP][PASSED] - out.println("Value of Execute is : " + ExecuteTC): null

2024-07-12 23:06:42 - [TEST_STEP][PASSED] - switch (executionProfile): null

2024-07-12 23:06:42 - [TEST_STEP][PASSED] - case "QA2Profile":: null

2024-07-12 23:06:42 - [TEST_STEP][PASSED] - appName = findTestData(dataFile).getValue("AppNameQA", row): null

2024-07-12 23:06:42 - [TEST_STEP][PASSED] - appID = findTestData(dataFile).getValue("AppIDQA", row): null

2024-07-12 23:06:42 - [TEST_STEP][PASSED] - break: null

2024-07-12 23:06:42 - [TEST_STEP][PASSED] - hrefAppID = li_1 + appID + li_2: null

2024-07-12 23:06:42 - [TEST_STEP][PASSED] - hrefApp = li_1 + appID + "/": null

2024-07-12 23:06:42 - [TEST_STEP][PASSED] - println("hrefApp : " + hrefApp): null

2024-07-12 23:06:42 - [TEST_STEP][PASSED] - if (ExecuteTC.equalsIgnoreCase("Y")): null

2024-07-12 23:06:42 - [TEST_STEP][PASSED] - out.println("Begin Record Number: " + row): null

2024-07-12 23:06:42 - [TEST_STEP][PASSED] - today = new java.util.Date(): null

2024-07-12 23:06:42 - [TEST_STEP][PASSED] - println(today): null

2024-07-12 23:06:42 - [TEST_STEP][PASSED] - datText = today: null

2024-07-12 23:06:42 - [TEST_STEP][PASSED] - adminSuiteBootstrap.loginFunctionality.login_AdminSuite(): adminSuiteBootstrap.loginFunctionality.login_AdminSuite is PASSED

2024-07-12 23:06:42 - [MESSAGE][INFO] - Starting 'Chrome' driver

2024-07-12 23:06:42 - [MESSAGE][INFO] - User set preference: ['acceptInsecureCerts', 'true']

2024-07-12 23:06:42 - [MESSAGE][INFO] - Action delay is set to 0 milliseconds

2024-07-12 23:06:45 - [MESSAGE][PASSED] - Browser is opened with url: 'https://qa2.velocitypayment.com/admin/imtiaz'

2024-07-12 23:06:45 - [MESSAGE][PASSED] - Current window maximized

2024-07-12 23:06:46 - [MESSAGE][PASSED] - Object 'Object Repository/Login_Page/Login_Username_Okta' is present

2024-07-12 23:06:47 - [MESSAGE][PASSED] - Text 'iahmed' is set on object 'Object Repository/Login_Page/Login_Username_Okta'

2024-07-12 23:06:47 - [MESSAGE][PASSED] - Text 'Hello!6666666' is set on object 'Object Repository/Login_Page/Login_Password_Okta'

2024-07-12 23:06:48 - [MESSAGE][PASSED] - Object: 'Object Repository/Login_Page/Login_Submit_Okta' is clicked on

2024-07-12 23:06:48 - [MESSAGE][PASSED] - adminSuiteBootstrap.loginFunctionality.login_AdminSuite is PASSED

2024-07-12 23:06:48 - [TEST_STEP][PASSED] - click(findTestObject(path_Dashboard + appName)): Object: 'Object Repository/AdminSuiteBootstrap_Pages/Dashboard_Bootstrap/a_Access AutoSingleCFtpQA' is clicked on

2024-07-12 23:06:56 - [MESSAGE][PASSED] - Object: 'Object Repository/AdminSuiteBootstrap_Pages/Dashboard_Bootstrap/a_Access AutoSingleCFtpQA' is clicked on

2024-07-12 23:06:56 - [TEST_STEP][PASSED] - click(findTestObject(path_VT + "button_Authorization  Capture (Sale)")): Object: 'Object Repository/AdminSuiteBootstrap_Pages/VT_Bootstrap/IssueTransactions/button_Authorization  Capture (Sale)' is clicked on

2024-07-12 23:06:57 - [MESSAGE][PASSED] - Object: 'Object Repository/AdminSuiteBootstrap_Pages/VT_Bootstrap/IssueTransactions/button_Authorization  Capture (Sale)' is clicked on

2024-07-12 23:06:57 - [TEST_STEP][PASSED] - saleKeyboardEntryLink = modifyObjectProperty(findTestObject(path_VT + "a_KeyboardEntry_Sale"), "href", "equals", hrefAppID, true): Modify property of object successfully

2024-07-12 23:06:57 - [MESSAGE][PASSED] - Modify property of object successfully

2024-07-12 23:06:57 - [TEST_STEP][PASSED] - click(saleKeyboardEntryLink): Object: 'Object Repository/AdminSuiteBootstrap_Pages/VT_Bootstrap/IssueTransactions/a_KeyboardEntry_Sale' is clicked on

2024-07-12 23:06:57 - [MESSAGE][PASSED] - Object: 'Object Repository/AdminSuiteBootstrap_Pages/VT_Bootstrap/IssueTransactions/a_KeyboardEntry_Sale' is clicked on

2024-07-12 23:06:57 - [TEST_STEP][PASSED] - adminSuiteBootstrap.virtualTerminalSetData.saleKeyboard_DataDriven(row, dataFile): adminSuiteBootstrap.virtualTerminalSetData.saleKeyboard_DataDriven is PASSED

2024-07-12 23:07:01 - [MESSAGE][PASSED] - Text 'Janaki James' is set on object 'Object Repository/AdminSuiteBootstrap_Pages/VT_Bootstrap/SaleKeyboard/input_cardName'

2024-07-12 23:07:02 - [MESSAGE][PASSED] - All options with value 'MOTO' are selected in object 'Object Repository/AdminSuiteBootstrap_Pages/VT_Bootstrap/SaleKeyboard/select_transactionCategory'  using regular expression

2024-07-12 23:07:02 - [MESSAGE][PASSED] - Execute JavaScript 'arguments[0].value ='371449635392376' ' successfully

2024-07-12 23:07:03 - [MESSAGE][PASSED] - Execute JavaScript 'arguments[0].value ='123' ' successfully

2024-07-12 23:07:04 - [MESSAGE][PASSED] - All options with value '12' are selected in object 'Object Repository/AdminSuiteBootstrap_Pages/VT_Bootstrap/SaleKeyboard/select_MM'  using regular expression

2024-07-12 23:07:05 - [MESSAGE][PASSED] - All options with value '2025' are selected in object 'Object Repository/AdminSuiteBootstrap_Pages/VT_Bootstrap/SaleKeyboard/select_YYYY'  using regular expression

2024-07-12 23:07:06 - [MESSAGE][PASSED] - Text '550 Swan Lake' is set on object 'Object Repository/AdminSuiteBootstrap_Pages/VT_Bootstrap/SaleKeyboard/input__address'

2024-07-12 23:07:07 - [MESSAGE][PASSED] - Text 'Suite 500' is set on object 'Object Repository/AdminSuiteBootstrap_Pages/VT_Bootstrap/SaleKeyboard/input__address2'

2024-07-12 23:07:07 - [MESSAGE][PASSED] - Text '22201' is set on object 'Object Repository/AdminSuiteBootstrap_Pages/VT_Bootstrap/SaleKeyboard/input__zip'

2024-07-12 23:07:08 - [MESSAGE][PASSED] - Text '' is set on object 'Object Repository/AdminSuiteBootstrap_Pages/VT_Bootstrap/SaleKeyboard/input_emailAddress'

2024-07-12 23:07:09 - [MESSAGE][PASSED] - Text '' is set on object 'Object Repository/AdminSuiteBootstrap_Pages/VT_Bootstrap/SaleKeyboard/input_smsNumber'

2024-07-12 23:07:10 - [MESSAGE][PASSED] - Text '10.50' is set on object 'Object Repository/AdminSuiteBootstrap_Pages/VT_Bootstrap/SaleKeyboard/input_amount'

2024-07-12 23:07:11 - [MESSAGE][PASSED] - Text 'Australia' is set on object 'Object Repository/AdminSuiteBootstrap_Pages/VT_Bootstrap/SaleKeyboard/input_userDefined1'

2024-07-12 23:07:12 - [MESSAGE][PASSED] - Text 'Denmark' is set on object 'Object Repository/AdminSuiteBootstrap_Pages/VT_Bootstrap/SaleKeyboard/input_userDefined2'

2024-07-12 23:07:13 - [MESSAGE][PASSED] - Text 'Sweden' is set on object 'Object Repository/AdminSuiteBootstrap_Pages/VT_Bootstrap/SaleKeyboard/input_userDefined3'

2024-07-12 23:07:13 - [MESSAGE][PASSED] - Text 'Austria' is set on object 'Object Repository/AdminSuiteBootstrap_Pages/VT_Bootstrap/SaleKeyboard/input_userDefined4'

2024-07-12 23:07:14 - [MESSAGE][PASSED] - All options with label 'Orange' are selected in object 'Object Repository/AdminSuiteBootstrap_Pages/VT_Bootstrap/SaleKeyboard/select_UDF5_DropDown'  using regular expression

2024-07-12 23:07:15 - [MESSAGE][PASSED] - All options with label 'Yellow' are selected in object 'Object Repository/AdminSuiteBootstrap_Pages/VT_Bootstrap/SaleKeyboard/select_UDF6_DropDown'  using regular expression

2024-07-12 23:07:16 - [MESSAGE][PASSED] - Text 'Norway' is set on object 'Object Repository/AdminSuiteBootstrap_Pages/VT_Bootstrap/SaleKeyboard/input_userDefined7'

2024-07-12 23:07:17 - [MESSAGE][PASSED] - Text 'Netherlands' is set on object 'Object Repository/AdminSuiteBootstrap_Pages/VT_Bootstrap/SaleKeyboard/input_userDefined8'

2024-07-12 23:07:18 - [MESSAGE][PASSED] - Text 'Switzerland' is set on object 'Object Repository/AdminSuiteBootstrap_Pages/VT_Bootstrap/SaleKeyboard/input_userDefined9'

2024-07-12 23:07:18 - [MESSAGE][PASSED] - Text 'France' is set on object 'Object Repository/AdminSuiteBootstrap_Pages/VT_Bootstrap/SaleKeyboard/input_userDefined10'

2024-07-12 23:07:20 - [MESSAGE][PASSED] - Object: 'Object Repository/AdminSuiteBootstrap_Pages/VT_Bootstrap/SaleKeyboard/button_Submit' is clicked on

2024-07-12 23:07:20 - [MESSAGE][PASSED] - adminSuiteBootstrap.virtualTerminalSetData.saleKeyboard_DataDriven is PASSED

2024-07-12 23:07:20 - [TEST_STEP][PASSED] - if (verifyTextPresent("Transaction Successful", true)): null

2024-07-12 23:07:20 - [MESSAGE][PASSED] - Text 'Transaction Successful' is present on page  using regular expression

2024-07-12 23:07:20 - [TEST_STEP][PASSED] - sdf = getText(findTestObject(path_Receipt + "td_AutoNoC031622113752957Ahm")): Text of object 'Object Repository/AdminSuiteBootstrap_Pages/VT_Bootstrap/Receipt/td_AutoNoC031622113752957Ahm' is: 'AutoSin071224225948654Ahm'

2024-07-12 23:07:21 - [MESSAGE][PASSED] - Text of object 'Object Repository/AdminSuiteBootstrap_Pages/VT_Bootstrap/Receipt/td_AutoNoC031622113752957Ahm' is: 'AutoSin071224225948654Ahm'

2024-07-12 23:07:21 - [TEST_STEP][PASSED] - out.println("sdf: " + sdf): null

2024-07-12 23:07:21 - [TEST_STEP][PASSED] - remID = sdf: null

2024-07-12 23:07:21 - [TEST_STEP][PASSED] - out.println("remID: " + remID): null

2024-07-12 23:07:21 - [TEST_STEP][PASSED] - click(findTestObject(path_Receipt + "button_Continue")): Object: 'Object Repository/AdminSuiteBootstrap_Pages/VT_Bootstrap/Receipt/button_Continue' is clicked on

2024-07-12 23:07:21 - [MESSAGE][PASSED] - Object: 'Object Repository/AdminSuiteBootstrap_Pages/VT_Bootstrap/Receipt/button_Continue' is clicked on

2024-07-12 23:07:21 - [TEST_STEP][PASSED] - click(findTestObject(path_VT + "a_Search Transactions")): Object: 'Object Repository/AdminSuiteBootstrap_Pages/VT_Bootstrap/IssueTransactions/a_Search Transactions' is clicked on

2024-07-12 23:07:22 - [MESSAGE][PASSED] - Object: 'Object Repository/AdminSuiteBootstrap_Pages/VT_Bootstrap/IssueTransactions/a_Search Transactions' is clicked on

2024-07-12 23:07:22 - [TEST_STEP][PASSED] - setText(findTestObject(path_CCSearch + "input_Search By_searchValue"), remID): Text 'AutoSin071224225948654Ahm' is set on object 'Object Repository/AdminSuiteBootstrap_Pages/VT_Bootstrap/CCCreditOrVoidSearch/input_Search By_searchValue'

2024-07-12 23:07:23 - [MESSAGE][PASSED] - Text 'AutoSin071224225948654Ahm' is set on object 'Object Repository/AdminSuiteBootstrap_Pages/VT_Bootstrap/CCCreditOrVoidSearch/input_Search By_searchValue'

2024-07-12 23:07:23 - [TEST_STEP][PASSED] - click(findTestObject(path_CCSearch + "button_Submit")): Object: 'Object Repository/AdminSuiteBootstrap_Pages/VT_Bootstrap/CCCreditOrVoidSearch/button_Submit' is clicked on

2024-07-12 23:07:24 - [MESSAGE][PASSED] - Object: 'Object Repository/AdminSuiteBootstrap_Pages/VT_Bootstrap/CCCreditOrVoidSearch/button_Submit' is clicked on

2024-07-12 23:07:24 - [TEST_STEP][PASSED] - fgr = getText(findTestObject(path_SearchResults + "div_Payment ID")): Text of object 'Object Repository/AdminSuiteBootstrap_Pages/VT_Bootstrap/SearchResults/div_Payment ID' is: 'Payment ID
Payment Type
Transaction Type
Remittance ID
Name
Total Amount
End Date
Status
12154844 Credit Card Authorization and Capture AutoSin071224225948654Ahm Janaki James $15.50 07/12/2024 Success'

2024-07-12 23:07:25 - [MESSAGE][PASSED] - Text of object 'Object Repository/AdminSuiteBootstrap_Pages/VT_Bootstrap/SearchResults/div_Payment ID' is: 'Payment ID
Payment Type
Transaction Type
Remittance ID
Name
Total Amount
End Date
Status
12154844 Credit Card Authorization and Capture AutoSin071224225948654Ahm Janaki James $15.50 07/12/2024 Success'

2024-07-12 23:07:25 - [TEST_STEP][PASSED] - payID = substring(89, 98).trim(): null

2024-07-12 23:07:25 - [TEST_STEP][PASSED] - out.println("payID: " + payID): null

2024-07-12 23:07:25 - [TEST_STEP][PASSED] - click(findTestObject(path_SearchResults + "button_PaymentID")): Object: 'Object Repository/AdminSuiteBootstrap_Pages/VT_Bootstrap/SearchResults/button_PaymentID' is clicked on

2024-07-12 23:07:25 - [MESSAGE][PASSED] - Object: 'Object Repository/AdminSuiteBootstrap_Pages/VT_Bootstrap/SearchResults/button_PaymentID' is clicked on

2024-07-12 23:07:25 - [TEST_STEP][PASSED] - verifyTextPresent("Tender Type", true): Text 'Tender Type' is present on page  using regular expression

2024-07-12 23:07:26 - [MESSAGE][PASSED] - Text 'Tender Type' is present on page  using regular expression

2024-07-12 23:07:26 - [TEST_STEP][PASSED] - verifyTextPresent("Credit Card", true): Text 'Credit Card' is present on page  using regular expression

2024-07-12 23:07:26 - [MESSAGE][PASSED] - Text 'Credit Card' is present on page  using regular expression

2024-07-12 23:07:26 - [TEST_STEP][PASSED] - verifyTextPresent("Transaction Type", true): Text 'Transaction Type' is present on page  using regular expression

2024-07-12 23:07:27 - [MESSAGE][PASSED] - Text 'Transaction Type' is present on page  using regular expression

2024-07-12 23:07:27 - [TEST_STEP][PASSED] - verifyTextPresent("Authorization and Capture", true): Text 'Authorization and Capture' is present on page  using regular expression

2024-07-12 23:07:27 - [MESSAGE][PASSED] - Text 'Authorization and Capture' is present on page  using regular expression

2024-07-12 23:07:27 - [TEST_STEP][PASSED] - verifyTextPresent("Transaction Posted by", true): Text 'Transaction Posted by' is present on page  using regular expression

2024-07-12 23:07:27 - [MESSAGE][PASSED] - Text 'Transaction Posted by' is present on page  using regular expression

2024-07-12 23:07:27 - [TEST_STEP][PASSED] - verifyTextPresent("iahmed", true): Text 'iahmed' is present on page  using regular expression

2024-07-12 23:07:28 - [MESSAGE][PASSED] - Text 'iahmed' is present on page  using regular expression

2024-07-12 23:07:28 - [TEST_STEP][PASSED] - click(findTestObject(path_TranxDetails + "a_Credit this transaction")): Object: 'Object Repository/AdminSuiteBootstrap_Pages/VT_Bootstrap/TransactionDetails/a_Credit this transaction' is clicked on

2024-07-12 23:07:29 - [MESSAGE][PASSED] - Object: 'Object Repository/AdminSuiteBootstrap_Pages/VT_Bootstrap/TransactionDetails/a_Credit this transaction' is clicked on

2024-07-12 23:07:29 - [TEST_STEP][PASSED] - verifyTextPresent("Credit Card Credit", true): Text 'Credit Card Credit' is present on page  using regular expression

2024-07-12 23:07:30 - [MESSAGE][PASSED] - Text 'Credit Card Credit' is present on page  using regular expression

2024-07-12 23:07:30 - [TEST_STEP][PASSED] - partialCardNumber = findTestData(dataFile).getValue("AutoCreditNumber", row): null

2024-07-12 23:07:30 - [TEST_STEP][PASSED] - setText(findTestObject(path_TranxDetails + "input_cardMiddle"), partialCardNumber): Text '144963539' is set on object 'Object Repository/AdminSuiteBootstrap_Pages/VT_Bootstrap/TransactionDetails/input_cardMiddle'

2024-07-12 23:07:30 - [MESSAGE][PASSED] - Text '144963539' is set on object 'Object Repository/AdminSuiteBootstrap_Pages/VT_Bootstrap/TransactionDetails/input_cardMiddle'

2024-07-12 23:07:30 - [TEST_STEP][PASSED] - click(findTestObject(path_TranxDetails + "button_Submit")): Object: 'Object Repository/AdminSuiteBootstrap_Pages/VT_Bootstrap/TransactionDetails/button_Submit' is clicked on

2024-07-12 23:07:32 - [MESSAGE][PASSED] - Object: 'Object Repository/AdminSuiteBootstrap_Pages/VT_Bootstrap/TransactionDetails/button_Submit' is clicked on

2024-07-12 23:07:32 - [TEST_STEP][PASSED] - verifyTextPresent("Transaction Successful", true): Text 'Transaction Successful' is present on page  using regular expression

2024-07-12 23:07:32 - [MESSAGE][PASSED] - Text 'Transaction Successful' is present on page  using regular expression

2024-07-12 23:07:32 - [TEST_STEP][PASSED] - verifyTextPresent("Transaction Type", true): Text 'Transaction Type' is present on page  using regular expression

2024-07-12 23:07:32 - [MESSAGE][PASSED] - Text 'Transaction Type' is present on page  using regular expression

2024-07-12 23:07:32 - [TEST_STEP][PASSED] - verifyTextPresent("Credit", true): Text 'Credit' is present on page  using regular expression

2024-07-12 23:07:33 - [MESSAGE][PASSED] - Text 'Credit' is present on page  using regular expression

2024-07-12 23:07:33 - [TEST_STEP][PASSED] - closeBrowser(): Browser is closed

2024-07-12 23:07:34 - [MESSAGE][PASSED] - Browser is closed

2024-07-12 23:07:34 - [TEST_STEP][PASSED] - ExecuteTC = findTestData(dataFile).getValue("Execute", row): null

2024-07-12 23:07:34 - [TEST_STEP][PASSED] - out.println("Value of Execute is : " + ExecuteTC): null

2024-07-12 23:07:34 - [TEST_STEP][PASSED] - switch (executionProfile): null

2024-07-12 23:07:34 - [TEST_STEP][PASSED] - case "QA2Profile":: null

2024-07-12 23:07:34 - [TEST_STEP][PASSED] - appName = findTestData(dataFile).getValue("AppNameQA", row): null

2024-07-12 23:07:34 - [TEST_STEP][PASSED] - appID = findTestData(dataFile).getValue("AppIDQA", row): null

2024-07-12 23:07:34 - [TEST_STEP][PASSED] - break: null

2024-07-12 23:07:34 - [TEST_STEP][PASSED] - hrefAppID = li_1 + appID + li_2: null

2024-07-12 23:07:34 - [TEST_STEP][PASSED] - hrefApp = li_1 + appID + "/": null

2024-07-12 23:07:34 - [TEST_STEP][PASSED] - println("hrefApp : " + hrefApp): null

2024-07-12 23:07:34 - [TEST_STEP][PASSED] - if (ExecuteTC.equalsIgnoreCase("Y")): null

2024-07-12 23:07:34 - [TEST_STEP][PASSED] - out.println("Begin Record Number: " + row): null

2024-07-12 23:07:34 - [TEST_STEP][PASSED] - today = new java.util.Date(): null

2024-07-12 23:07:34 - [TEST_STEP][PASSED] - println(today): null

2024-07-12 23:07:34 - [TEST_STEP][PASSED] - datText = today: null

2024-07-12 23:07:34 - [TEST_STEP][PASSED] - adminSuiteBootstrap.loginFunctionality.login_AdminSuite(): adminSuiteBootstrap.loginFunctionality.login_AdminSuite is PASSED

2024-07-12 23:07:34 - [MESSAGE][INFO] - Starting 'Chrome' driver

2024-07-12 23:07:34 - [MESSAGE][INFO] - User set preference: ['acceptInsecureCerts', 'true']

2024-07-12 23:07:34 - [MESSAGE][INFO] - Action delay is set to 0 milliseconds

2024-07-12 23:07:37 - [MESSAGE][PASSED] - Browser is opened with url: 'https://qa2.velocitypayment.com/admin/imtiaz'

2024-07-12 23:07:37 - [MESSAGE][PASSED] - Current window maximized

2024-07-12 23:07:38 - [MESSAGE][PASSED] - Object 'Object Repository/Login_Page/Login_Username_Okta' is present

2024-07-12 23:07:39 - [MESSAGE][PASSED] - Text 'iahmed' is set on object 'Object Repository/Login_Page/Login_Username_Okta'

2024-07-12 23:07:39 - [MESSAGE][PASSED] - Text 'Hello!6666666' is set on object 'Object Repository/Login_Page/Login_Password_Okta'

2024-07-12 23:07:40 - [MESSAGE][PASSED] - Object: 'Object Repository/Login_Page/Login_Submit_Okta' is clicked on

2024-07-12 23:07:40 - [MESSAGE][PASSED] - adminSuiteBootstrap.loginFunctionality.login_AdminSuite is PASSED

2024-07-12 23:07:40 - [TEST_STEP][PASSED] - click(findTestObject(path_Dashboard + appName)): Object: 'Object Repository/AdminSuiteBootstrap_Pages/Dashboard_Bootstrap/a_Access AutoSingleCFtpQA' is clicked on

2024-07-12 23:07:48 - [MESSAGE][PASSED] - Object: 'Object Repository/AdminSuiteBootstrap_Pages/Dashboard_Bootstrap/a_Access AutoSingleCFtpQA' is clicked on

2024-07-12 23:07:48 - [TEST_STEP][PASSED] - click(findTestObject(path_VT + "button_Authorization  Capture (Sale)")): Object: 'Object Repository/AdminSuiteBootstrap_Pages/VT_Bootstrap/IssueTransactions/button_Authorization  Capture (Sale)' is clicked on

2024-07-12 23:07:49 - [MESSAGE][PASSED] - Object: 'Object Repository/AdminSuiteBootstrap_Pages/VT_Bootstrap/IssueTransactions/button_Authorization  Capture (Sale)' is clicked on

2024-07-12 23:07:49 - [TEST_STEP][PASSED] - saleKeyboardEntryLink = modifyObjectProperty(findTestObject(path_VT + "a_KeyboardEntry_Sale"), "href", "equals", hrefAppID, true): Modify property of object successfully

2024-07-12 23:07:49 - [MESSAGE][PASSED] - Modify property of object successfully

2024-07-12 23:07:49 - [TEST_STEP][PASSED] - click(saleKeyboardEntryLink): Object: 'Object Repository/AdminSuiteBootstrap_Pages/VT_Bootstrap/IssueTransactions/a_KeyboardEntry_Sale' is clicked on

2024-07-12 23:07:50 - [MESSAGE][PASSED] - Object: 'Object Repository/AdminSuiteBootstrap_Pages/VT_Bootstrap/IssueTransactions/a_KeyboardEntry_Sale' is clicked on

2024-07-12 23:07:50 - [TEST_STEP][PASSED] - adminSuiteBootstrap.virtualTerminalSetData.saleKeyboard_DataDriven(row, dataFile): adminSuiteBootstrap.virtualTerminalSetData.saleKeyboard_DataDriven is PASSED

2024-07-12 23:07:53 - [MESSAGE][PASSED] - Text 'Janaki James' is set on object 'Object Repository/AdminSuiteBootstrap_Pages/VT_Bootstrap/SaleKeyboard/input_cardName'

2024-07-12 23:07:54 - [MESSAGE][PASSED] - All options with value 'MOTO' are selected in object 'Object Repository/AdminSuiteBootstrap_Pages/VT_Bootstrap/SaleKeyboard/select_transactionCategory'  using regular expression

2024-07-12 23:07:55 - [MESSAGE][PASSED] - Execute JavaScript 'arguments[0].value ='6011000993026909' ' successfully

2024-07-12 23:07:55 - [MESSAGE][PASSED] - Execute JavaScript 'arguments[0].value ='123' ' successfully

2024-07-12 23:07:56 - [MESSAGE][PASSED] - All options with value '12' are selected in object 'Object Repository/AdminSuiteBootstrap_Pages/VT_Bootstrap/SaleKeyboard/select_MM'  using regular expression

2024-07-12 23:07:57 - [MESSAGE][PASSED] - All options with value '2025' are selected in object 'Object Repository/AdminSuiteBootstrap_Pages/VT_Bootstrap/SaleKeyboard/select_YYYY'  using regular expression

2024-07-12 23:07:58 - [MESSAGE][PASSED] - Text '25987 Hill Top' is set on object 'Object Repository/AdminSuiteBootstrap_Pages/VT_Bootstrap/SaleKeyboard/input__address'

2024-07-12 23:07:59 - [MESSAGE][PASSED] - Text 'Suite 500' is set on object 'Object Repository/AdminSuiteBootstrap_Pages/VT_Bootstrap/SaleKeyboard/input__address2'

2024-07-12 23:08:00 - [MESSAGE][PASSED] - Text '22201' is set on object 'Object Repository/AdminSuiteBootstrap_Pages/VT_Bootstrap/SaleKeyboard/input__zip'

2024-07-12 23:08:00 - [MESSAGE][PASSED] - Text '' is set on object 'Object Repository/AdminSuiteBootstrap_Pages/VT_Bootstrap/SaleKeyboard/input_emailAddress'

2024-07-12 23:08:02 - [MESSAGE][PASSED] - Text '' is set on object 'Object Repository/AdminSuiteBootstrap_Pages/VT_Bootstrap/SaleKeyboard/input_smsNumber'

2024-07-12 23:08:02 - [MESSAGE][PASSED] - Text '10.50' is set on object 'Object Repository/AdminSuiteBootstrap_Pages/VT_Bootstrap/SaleKeyboard/input_amount'

2024-07-12 23:08:03 - [MESSAGE][PASSED] - Text 'Australia' is set on object 'Object Repository/AdminSuiteBootstrap_Pages/VT_Bootstrap/SaleKeyboard/input_userDefined1'

2024-07-12 23:08:04 - [MESSAGE][PASSED] - Text 'Denmark' is set on object 'Object Repository/AdminSuiteBootstrap_Pages/VT_Bootstrap/SaleKeyboard/input_userDefined2'

2024-07-12 23:08:05 - [MESSAGE][PASSED] - Text 'Sweden' is set on object 'Object Repository/AdminSuiteBootstrap_Pages/VT_Bootstrap/SaleKeyboard/input_userDefined3'

2024-07-12 23:08:06 - [MESSAGE][PASSED] - Text 'Austria' is set on object 'Object Repository/AdminSuiteBootstrap_Pages/VT_Bootstrap/SaleKeyboard/input_userDefined4'

2024-07-12 23:08:07 - [MESSAGE][PASSED] - All options with label 'Orange' are selected in object 'Object Repository/AdminSuiteBootstrap_Pages/VT_Bootstrap/SaleKeyboard/select_UDF5_DropDown'  using regular expression

2024-07-12 23:08:08 - [MESSAGE][PASSED] - All options with label 'Yellow' are selected in object 'Object Repository/AdminSuiteBootstrap_Pages/VT_Bootstrap/SaleKeyboard/select_UDF6_DropDown'  using regular expression

2024-07-12 23:08:08 - [MESSAGE][PASSED] - Text 'Norway' is set on object 'Object Repository/AdminSuiteBootstrap_Pages/VT_Bootstrap/SaleKeyboard/input_userDefined7'

2024-07-12 23:08:09 - [MESSAGE][PASSED] - Text 'Netherlands' is set on object 'Object Repository/AdminSuiteBootstrap_Pages/VT_Bootstrap/SaleKeyboard/input_userDefined8'

2024-07-12 23:08:10 - [MESSAGE][PASSED] - Text 'Switzerland' is set on object 'Object Repository/AdminSuiteBootstrap_Pages/VT_Bootstrap/SaleKeyboard/input_userDefined9'

2024-07-12 23:08:10 - [MESSAGE][PASSED] - Text 'France' is set on object 'Object Repository/AdminSuiteBootstrap_Pages/VT_Bootstrap/SaleKeyboard/input_userDefined10'

2024-07-12 23:08:12 - [MESSAGE][PASSED] - Object: 'Object Repository/AdminSuiteBootstrap_Pages/VT_Bootstrap/SaleKeyboard/button_Submit' is clicked on

2024-07-12 23:08:12 - [MESSAGE][PASSED] - adminSuiteBootstrap.virtualTerminalSetData.saleKeyboard_DataDriven is PASSED

2024-07-12 23:08:12 - [TEST_STEP][PASSED] - if (verifyTextPresent("Transaction Successful", true)): null

2024-07-12 23:08:13 - [MESSAGE][PASSED] - Text 'Transaction Successful' is present on page  using regular expression

2024-07-12 23:08:13 - [TEST_STEP][PASSED] - sdf = getText(findTestObject(path_Receipt + "td_AutoNoC031622113752957Ahm")): Text of object 'Object Repository/AdminSuiteBootstrap_Pages/VT_Bootstrap/Receipt/td_AutoNoC031622113752957Ahm' is: 'AutoSin071224230040969Ahm'

2024-07-12 23:08:13 - [MESSAGE][PASSED] - Text of object 'Object Repository/AdminSuiteBootstrap_Pages/VT_Bootstrap/Receipt/td_AutoNoC031622113752957Ahm' is: 'AutoSin071224230040969Ahm'

2024-07-12 23:08:13 - [TEST_STEP][PASSED] - out.println("sdf: " + sdf): null

2024-07-12 23:08:13 - [TEST_STEP][PASSED] - remID = sdf: null

2024-07-12 23:08:13 - [TEST_STEP][PASSED] - out.println("remID: " + remID): null

2024-07-12 23:08:13 - [TEST_STEP][PASSED] - click(findTestObject(path_Receipt + "button_Continue")): Object: 'Object Repository/AdminSuiteBootstrap_Pages/VT_Bootstrap/Receipt/button_Continue' is clicked on

2024-07-12 23:08:14 - [MESSAGE][PASSED] - Object: 'Object Repository/AdminSuiteBootstrap_Pages/VT_Bootstrap/Receipt/button_Continue' is clicked on

2024-07-12 23:08:14 - [TEST_STEP][PASSED] - click(findTestObject(path_VT + "a_Search Transactions")): Object: 'Object Repository/AdminSuiteBootstrap_Pages/VT_Bootstrap/IssueTransactions/a_Search Transactions' is clicked on

2024-07-12 23:08:15 - [MESSAGE][PASSED] - Object: 'Object Repository/AdminSuiteBootstrap_Pages/VT_Bootstrap/IssueTransactions/a_Search Transactions' is clicked on

2024-07-12 23:08:15 - [TEST_STEP][PASSED] - setText(findTestObject(path_CCSearch + "input_Search By_searchValue"), remID): Text 'AutoSin071224230040969Ahm' is set on object 'Object Repository/AdminSuiteBootstrap_Pages/VT_Bootstrap/CCCreditOrVoidSearch/input_Search By_searchValue'

2024-07-12 23:08:16 - [MESSAGE][PASSED] - Text 'AutoSin071224230040969Ahm' is set on object 'Object Repository/AdminSuiteBootstrap_Pages/VT_Bootstrap/CCCreditOrVoidSearch/input_Search By_searchValue'

2024-07-12 23:08:16 - [TEST_STEP][PASSED] - click(findTestObject(path_CCSearch + "button_Submit")): Object: 'Object Repository/AdminSuiteBootstrap_Pages/VT_Bootstrap/CCCreditOrVoidSearch/button_Submit' is clicked on

2024-07-12 23:08:17 - [MESSAGE][PASSED] - Object: 'Object Repository/AdminSuiteBootstrap_Pages/VT_Bootstrap/CCCreditOrVoidSearch/button_Submit' is clicked on

2024-07-12 23:08:17 - [TEST_STEP][PASSED] - fgr = getText(findTestObject(path_SearchResults + "div_Payment ID")): Text of object 'Object Repository/AdminSuiteBootstrap_Pages/VT_Bootstrap/SearchResults/div_Payment ID' is: 'Payment ID
Payment Type
Transaction Type
Remittance ID
Name
Total Amount
End Date
Status
12154846 Credit Card Authorization and Capture AutoSin071224230040969Ahm Janaki James $15.50 07/12/2024 Success'

2024-07-12 23:08:17 - [MESSAGE][PASSED] - Text of object 'Object Repository/AdminSuiteBootstrap_Pages/VT_Bootstrap/SearchResults/div_Payment ID' is: 'Payment ID
Payment Type
Transaction Type
Remittance ID
Name
Total Amount
End Date
Status
12154846 Credit Card Authorization and Capture AutoSin071224230040969Ahm Janaki James $15.50 07/12/2024 Success'

2024-07-12 23:08:17 - [TEST_STEP][PASSED] - payID = substring(89, 98).trim(): null

2024-07-12 23:08:17 - [TEST_STEP][PASSED] - out.println("payID: " + payID): null

2024-07-12 23:08:17 - [TEST_STEP][PASSED] - click(findTestObject(path_SearchResults + "button_PaymentID")): Object: 'Object Repository/AdminSuiteBootstrap_Pages/VT_Bootstrap/SearchResults/button_PaymentID' is clicked on

2024-07-12 23:08:18 - [MESSAGE][PASSED] - Object: 'Object Repository/AdminSuiteBootstrap_Pages/VT_Bootstrap/SearchResults/button_PaymentID' is clicked on

2024-07-12 23:08:18 - [TEST_STEP][PASSED] - verifyTextPresent("Tender Type", true): Text 'Tender Type' is present on page  using regular expression

2024-07-12 23:08:19 - [MESSAGE][PASSED] - Text 'Tender Type' is present on page  using regular expression

2024-07-12 23:08:19 - [TEST_STEP][PASSED] - verifyTextPresent("Credit Card", true): Text 'Credit Card' is present on page  using regular expression

2024-07-12 23:08:19 - [MESSAGE][PASSED] - Text 'Credit Card' is present on page  using regular expression

2024-07-12 23:08:19 - [TEST_STEP][PASSED] - verifyTextPresent("Transaction Type", true): Text 'Transaction Type' is present on page  using regular expression

2024-07-12 23:08:19 - [MESSAGE][PASSED] - Text 'Transaction Type' is present on page  using regular expression

2024-07-12 23:08:19 - [TEST_STEP][PASSED] - verifyTextPresent("Authorization and Capture", true): Text 'Authorization and Capture' is present on page  using regular expression

2024-07-12 23:08:20 - [MESSAGE][PASSED] - Text 'Authorization and Capture' is present on page  using regular expression

2024-07-12 23:08:20 - [TEST_STEP][PASSED] - verifyTextPresent("Transaction Posted by", true): Text 'Transaction Posted by' is present on page  using regular expression

2024-07-12 23:08:20 - [MESSAGE][PASSED] - Text 'Transaction Posted by' is present on page  using regular expression

2024-07-12 23:08:20 - [TEST_STEP][PASSED] - verifyTextPresent("iahmed", true): Text 'iahmed' is present on page  using regular expression

2024-07-12 23:08:20 - [MESSAGE][PASSED] - Text 'iahmed' is present on page  using regular expression

2024-07-12 23:08:20 - [TEST_STEP][PASSED] - click(findTestObject(path_TranxDetails + "a_Credit this transaction")): Object: 'Object Repository/AdminSuiteBootstrap_Pages/VT_Bootstrap/TransactionDetails/a_Credit this transaction' is clicked on

2024-07-12 23:08:21 - [MESSAGE][PASSED] - Object: 'Object Repository/AdminSuiteBootstrap_Pages/VT_Bootstrap/TransactionDetails/a_Credit this transaction' is clicked on

2024-07-12 23:08:21 - [TEST_STEP][PASSED] - verifyTextPresent("Credit Card Credit", true): Text 'Credit Card Credit' is present on page  using regular expression

2024-07-12 23:08:22 - [MESSAGE][PASSED] - Text 'Credit Card Credit' is present on page  using regular expression

2024-07-12 23:08:22 - [TEST_STEP][PASSED] - partialCardNumber = findTestData(dataFile).getValue("AutoCreditNumber", row): null

2024-07-12 23:08:22 - [TEST_STEP][PASSED] - setText(findTestObject(path_TranxDetails + "input_cardMiddle"), partialCardNumber): Text '1100099302' is set on object 'Object Repository/AdminSuiteBootstrap_Pages/VT_Bootstrap/TransactionDetails/input_cardMiddle'

2024-07-12 23:08:23 - [MESSAGE][PASSED] - Text '1100099302' is set on object 'Object Repository/AdminSuiteBootstrap_Pages/VT_Bootstrap/TransactionDetails/input_cardMiddle'

2024-07-12 23:08:23 - [TEST_STEP][PASSED] - click(findTestObject(path_TranxDetails + "button_Submit")): Object: 'Object Repository/AdminSuiteBootstrap_Pages/VT_Bootstrap/TransactionDetails/button_Submit' is clicked on

2024-07-12 23:08:24 - [MESSAGE][PASSED] - Object: 'Object Repository/AdminSuiteBootstrap_Pages/VT_Bootstrap/TransactionDetails/button_Submit' is clicked on

2024-07-12 23:08:24 - [TEST_STEP][PASSED] - verifyTextPresent("Transaction Successful", true): Text 'Transaction Successful' is present on page  using regular expression

2024-07-12 23:08:25 - [MESSAGE][PASSED] - Text 'Transaction Successful' is present on page  using regular expression

2024-07-12 23:08:25 - [TEST_STEP][PASSED] - verifyTextPresent("Transaction Type", true): Text 'Transaction Type' is present on page  using regular expression

2024-07-12 23:08:25 - [MESSAGE][PASSED] - Text 'Transaction Type' is present on page  using regular expression

2024-07-12 23:08:25 - [TEST_STEP][PASSED] - verifyTextPresent("Credit", true): Text 'Credit' is present on page  using regular expression

2024-07-12 23:08:25 - [MESSAGE][PASSED] - Text 'Credit' is present on page  using regular expression

2024-07-12 23:08:25 - [TEST_STEP][PASSED] - closeBrowser(): Browser is closed

2024-07-12 23:08:27 - [MESSAGE][PASSED] - Browser is closed]]></system-out>
         <system-err><![CDATA[]]></system-err>
      </testcase>
      <testcase name="Test Cases/Admin Suite Bootstrap/VT_TestCases/SaleKeyboard_TP_EncryptedUDF_App745_Payment_TC" time="107.274" classname="Test Cases/Admin Suite Bootstrap/VT_TestCases/SaleKeyboard_TP_EncryptedUDF_App745_Payment_TC" status="PASSED">
         <system-out><![CDATA[2024-07-12 23:08:27 - [TEST_CASE][PASSED] - Test Cases/Admin Suite Bootstrap/VT_TestCases/SaleKeyboard_TP_EncryptedUDF_App745_Payment_TC: Test Cases/Admin Suite Bootstrap/VT_TestCases/SaleKeyboard_TP_EncryptedUDF_App745_Payment_TC

2024-07-12 23:08:27 - [TEST_STEP][PASSED] - path_Dashboard = "Object Repository/AdminSuiteBootstrap_Pages/Dashboard_Bootstrap/": null

2024-07-12 23:08:27 - [TEST_STEP][PASSED] - path_VT = "Object Repository/AdminSuiteBootstrap_Pages/VT_Bootstrap/IssueTransactions/": null

2024-07-12 23:08:27 - [TEST_STEP][PASSED] - path_SaleKB = "Object Repository/AdminSuiteBootstrap_Pages/VT_Bootstrap/SaleKeyboard/": null

2024-07-12 23:08:27 - [TEST_STEP][PASSED] - path_TestMinus = "Object Repository/Page_TestMinusAndAtSigns/": null

2024-07-12 23:08:27 - [TEST_STEP][PASSED] - li_1 = vpos_Prefix: null

2024-07-12 23:08:27 - [TEST_STEP][PASSED] - li_2 = "/transactions/AuthCapForm/": null

2024-07-12 23:08:27 - [TEST_STEP][PASSED] - executionProfile = getExecutionProfile(): null

2024-07-12 23:08:27 - [TEST_STEP][PASSED] - out.println("executionProfile : " + executionProfile): null

2024-07-12 23:08:27 - [TEST_STEP][PASSED] - appName = <not implemented yet for class: org.codehaus.groovy.ast.expr.EmptyExpression>: null

2024-07-12 23:08:27 - [TEST_STEP][PASSED] - appID = <not implemented yet for class: org.codehaus.groovy.ast.expr.EmptyExpression>: null

2024-07-12 23:08:27 - [TEST_STEP][PASSED] - cardNameV = <not implemented yet for class: org.codehaus.groovy.ast.expr.EmptyExpression>: null

2024-07-12 23:08:27 - [TEST_STEP][PASSED] - al1V = <not implemented yet for class: org.codehaus.groovy.ast.expr.EmptyExpression>: null

2024-07-12 23:08:27 - [TEST_STEP][PASSED] - al2V = <not implemented yet for class: org.codehaus.groovy.ast.expr.EmptyExpression>: null

2024-07-12 23:08:27 - [TEST_STEP][PASSED] - zipV = <not implemented yet for class: org.codehaus.groovy.ast.expr.EmptyExpression>: null

2024-07-12 23:08:27 - [TEST_STEP][PASSED] - cardTypeV = <not implemented yet for class: org.codehaus.groovy.ast.expr.EmptyExpression>: null

2024-07-12 23:08:27 - [TEST_STEP][PASSED] - last4V = <not implemented yet for class: org.codehaus.groovy.ast.expr.EmptyExpression>: null

2024-07-12 23:08:27 - [TEST_STEP][PASSED] - resText = "Fail": null

2024-07-12 23:08:27 - [TEST_STEP][PASSED] - resColumn = "Result": null

2024-07-12 23:08:27 - [TEST_STEP][PASSED] - datCloumn = "Date": null

2024-07-12 23:08:27 - [TEST_STEP][PASSED] - fileLoc = "C:\KatalonData\Bootstrap\VT-Misc-Data.xlsx": null

2024-07-12 23:08:27 - [TEST_STEP][PASSED] - numOfRows = <not implemented yet for class: org.codehaus.groovy.ast.expr.EmptyExpression>: null

2024-07-12 23:08:27 - [TEST_STEP][PASSED] - dataFile = <not implemented yet for class: org.codehaus.groovy.ast.expr.EmptyExpression>: null

2024-07-12 23:08:27 - [TEST_STEP][PASSED] - nameSheet = <not implemented yet for class: org.codehaus.groovy.ast.expr.EmptyExpression>: null

2024-07-12 23:08:27 - [TEST_STEP][PASSED] - nameSheet = "Sale-EncryptedUDF": null

2024-07-12 23:08:27 - [TEST_STEP][PASSED] - numOfRows = findTestData("QA/Bootstrap/VT-TestData/VT-SaleEncryptedData").getRowNumbers(): null

2024-07-12 23:08:27 - [TEST_STEP][PASSED] - println("Number of Records: " + numOfRows): null

2024-07-12 23:08:27 - [TEST_STEP][PASSED] - dataFile = "QA/Bootstrap/VT-TestData/VT-SaleEncryptedData": null

2024-07-12 23:08:27 - [TEST_STEP][PASSED] - for ([row = 1, row <= numOfRows, (row++)]): Browser is closed

2024-07-12 23:08:27 - [TEST_STEP][PASSED] - ExecuteTC = findTestData(dataFile).getValue("Execute", row): null

2024-07-12 23:08:27 - [TEST_STEP][PASSED] - out.println("Value of Execute is : " + ExecuteTC): null

2024-07-12 23:08:27 - [TEST_STEP][PASSED] - switch (executionProfile): null

2024-07-12 23:08:27 - [TEST_STEP][PASSED] - case "QA2Profile":: null

2024-07-12 23:08:27 - [TEST_STEP][PASSED] - appName = findTestData(dataFile).getValue("AppName", row): null

2024-07-12 23:08:28 - [TEST_STEP][PASSED] - appID = findTestData(dataFile).getValue("AppID", row): null

2024-07-12 23:08:28 - [TEST_STEP][PASSED] - break: null

2024-07-12 23:08:28 - [TEST_STEP][PASSED] - hrefAppID = li_1 + appID + li_2: null

2024-07-12 23:08:28 - [TEST_STEP][PASSED] - hrefApp = li_1 + appID + "/": null

2024-07-12 23:08:28 - [TEST_STEP][PASSED] - println("hrefApp : " + hrefApp): null

2024-07-12 23:08:28 - [TEST_STEP][PASSED] - if (ExecuteTC.equalsIgnoreCase("Y")): Browser is closed

2024-07-12 23:08:28 - [TEST_STEP][PASSED] - out.println("Begin Record Number: " + row): null

2024-07-12 23:08:28 - [TEST_STEP][PASSED] - today = new java.util.Date(): null

2024-07-12 23:08:28 - [TEST_STEP][PASSED] - println(today): null

2024-07-12 23:08:28 - [TEST_STEP][PASSED] - datText = today: null

2024-07-12 23:08:28 - [TEST_STEP][PASSED] - adminSuiteBootstrap.loginFunctionality.login_AdminSuite(): adminSuiteBootstrap.loginFunctionality.login_AdminSuite is PASSED

2024-07-12 23:08:28 - [MESSAGE][INFO] - Starting 'Chrome' driver

2024-07-12 23:08:28 - [MESSAGE][INFO] - User set preference: ['acceptInsecureCerts', 'true']

2024-07-12 23:08:28 - [MESSAGE][INFO] - Action delay is set to 0 milliseconds

2024-07-12 23:08:29 - [MESSAGE][PASSED] - Browser is opened with url: 'https://qa2.velocitypayment.com/admin/imtiaz'

2024-07-12 23:08:31 - [MESSAGE][PASSED] - Current window maximized

2024-07-12 23:08:31 - [MESSAGE][PASSED] - Object 'Object Repository/Login_Page/Login_Username_Okta' is present

2024-07-12 23:08:32 - [MESSAGE][PASSED] - Text 'iahmed' is set on object 'Object Repository/Login_Page/Login_Username_Okta'

2024-07-12 23:08:33 - [MESSAGE][PASSED] - Text 'Hello!6666666' is set on object 'Object Repository/Login_Page/Login_Password_Okta'

2024-07-12 23:08:33 - [MESSAGE][PASSED] - Object: 'Object Repository/Login_Page/Login_Submit_Okta' is clicked on

2024-07-12 23:08:33 - [MESSAGE][PASSED] - adminSuiteBootstrap.loginFunctionality.login_AdminSuite is PASSED

2024-07-12 23:08:33 - [TEST_STEP][PASSED] - click(findTestObject(path_Dashboard + appName)): Object: 'Object Repository/AdminSuiteBootstrap_Pages/Dashboard_Bootstrap/a_Access AutoEncryptedUDF' is clicked on

2024-07-12 23:08:41 - [MESSAGE][PASSED] - Object: 'Object Repository/AdminSuiteBootstrap_Pages/Dashboard_Bootstrap/a_Access AutoEncryptedUDF' is clicked on

2024-07-12 23:08:41 - [TEST_STEP][PASSED] - click(findTestObject(path_VT + "button_Authorization  Capture (Sale)")): Object: 'Object Repository/AdminSuiteBootstrap_Pages/VT_Bootstrap/IssueTransactions/button_Authorization  Capture (Sale)' is clicked on

2024-07-12 23:08:41 - [MESSAGE][PASSED] - Object: 'Object Repository/AdminSuiteBootstrap_Pages/VT_Bootstrap/IssueTransactions/button_Authorization  Capture (Sale)' is clicked on

2024-07-12 23:08:41 - [TEST_STEP][PASSED] - saleKeyboardEntryLink = modifyObjectProperty(findTestObject(path_VT + "a_KeyboardEntry_Sale"), "href", "equals", hrefAppID, true): Modify property of object successfully

2024-07-12 23:08:42 - [MESSAGE][PASSED] - Modify property of object successfully

2024-07-12 23:08:42 - [TEST_STEP][PASSED] - click(saleKeyboardEntryLink): Object: 'Object Repository/AdminSuiteBootstrap_Pages/VT_Bootstrap/IssueTransactions/a_KeyboardEntry_Sale' is clicked on

2024-07-12 23:08:42 - [MESSAGE][PASSED] - Object: 'Object Repository/AdminSuiteBootstrap_Pages/VT_Bootstrap/IssueTransactions/a_KeyboardEntry_Sale' is clicked on

2024-07-12 23:08:42 - [TEST_STEP][PASSED] - canName = findTestData(dataFile).getValue("CAN", row): null

2024-07-12 23:08:43 - [TEST_STEP][PASSED] - setText(findTestObject(path_SaleKB + "input_clientAccountNumber"), canName): Text 'CAN101' is set on object 'Object Repository/AdminSuiteBootstrap_Pages/VT_Bootstrap/SaleKeyboard/input_clientAccountNumber'

2024-07-12 23:08:43 - [MESSAGE][PASSED] - Text 'CAN101' is set on object 'Object Repository/AdminSuiteBootstrap_Pages/VT_Bootstrap/SaleKeyboard/input_clientAccountNumber'

2024-07-12 23:08:43 - [TEST_STEP][PASSED] - adminSuiteBootstrap.virtualTerminalSetData.saleKeyboard_DataDriven(row, dataFile): adminSuiteBootstrap.virtualTerminalSetData.saleKeyboard_DataDriven is PASSED

2024-07-12 23:08:46 - [MESSAGE][PASSED] - Text 'Tulsi Raman' is set on object 'Object Repository/AdminSuiteBootstrap_Pages/VT_Bootstrap/SaleKeyboard/input_cardName'

2024-07-12 23:08:47 - [MESSAGE][PASSED] - All options with value 'RETL' are selected in object 'Object Repository/AdminSuiteBootstrap_Pages/VT_Bootstrap/SaleKeyboard/select_transactionCategory'  using regular expression

2024-07-12 23:08:47 - [MESSAGE][PASSED] - Execute JavaScript 'arguments[0].value ='4012000098765439' ' successfully

2024-07-12 23:08:48 - [MESSAGE][PASSED] - Execute JavaScript 'arguments[0].value ='123' ' successfully

2024-07-12 23:08:49 - [MESSAGE][PASSED] - All options with value '12' are selected in object 'Object Repository/AdminSuiteBootstrap_Pages/VT_Bootstrap/SaleKeyboard/select_MM'  using regular expression

2024-07-12 23:08:50 - [MESSAGE][PASSED] - All options with value '2025' are selected in object 'Object Repository/AdminSuiteBootstrap_Pages/VT_Bootstrap/SaleKeyboard/select_YYYY'  using regular expression

2024-07-12 23:08:51 - [MESSAGE][PASSED] - Text '36 Cornor Road' is set on object 'Object Repository/AdminSuiteBootstrap_Pages/VT_Bootstrap/SaleKeyboard/input__address'

2024-07-12 23:08:51 - [MESSAGE][PASSED] - Text 'Suite 500' is set on object 'Object Repository/AdminSuiteBootstrap_Pages/VT_Bootstrap/SaleKeyboard/input__address2'

2024-07-12 23:08:52 - [MESSAGE][PASSED] - Text '22201' is set on object 'Object Repository/AdminSuiteBootstrap_Pages/VT_Bootstrap/SaleKeyboard/input__zip'

2024-07-12 23:08:53 - [MESSAGE][PASSED] - Text '' is set on object 'Object Repository/AdminSuiteBootstrap_Pages/VT_Bootstrap/SaleKeyboard/input_emailAddress'

2024-07-12 23:08:54 - [MESSAGE][PASSED] - Text '' is set on object 'Object Repository/AdminSuiteBootstrap_Pages/VT_Bootstrap/SaleKeyboard/input_smsNumber'

2024-07-12 23:08:55 - [MESSAGE][PASSED] - Text '10.50' is set on object 'Object Repository/AdminSuiteBootstrap_Pages/VT_Bootstrap/SaleKeyboard/input_amount'

2024-07-12 23:08:56 - [MESSAGE][PASSED] - Text 'Australia' is set on object 'Object Repository/AdminSuiteBootstrap_Pages/VT_Bootstrap/SaleKeyboard/input_userDefined1'

2024-07-12 23:08:56 - [MESSAGE][PASSED] - Text 'Denmark' is set on object 'Object Repository/AdminSuiteBootstrap_Pages/VT_Bootstrap/SaleKeyboard/input_userDefined2'

2024-07-12 23:08:57 - [MESSAGE][PASSED] - Text 'Sweden' is set on object 'Object Repository/AdminSuiteBootstrap_Pages/VT_Bootstrap/SaleKeyboard/input_userDefined3'

2024-07-12 23:08:58 - [MESSAGE][PASSED] - Text 'Austria' is set on object 'Object Repository/AdminSuiteBootstrap_Pages/VT_Bootstrap/SaleKeyboard/input_userDefined4'

2024-07-12 23:08:59 - [MESSAGE][PASSED] - All options with label 'Orange' are selected in object 'Object Repository/AdminSuiteBootstrap_Pages/VT_Bootstrap/SaleKeyboard/select_UDF5_DropDown'  using regular expression

2024-07-12 23:09:00 - [MESSAGE][PASSED] - All options with label 'Yellow' are selected in object 'Object Repository/AdminSuiteBootstrap_Pages/VT_Bootstrap/SaleKeyboard/select_UDF6_DropDown'  using regular expression

2024-07-12 23:09:00 - [MESSAGE][PASSED] - Text 'Norway' is set on object 'Object Repository/AdminSuiteBootstrap_Pages/VT_Bootstrap/SaleKeyboard/input_userDefined7'

2024-07-12 23:09:01 - [MESSAGE][PASSED] - Text 'Netherlands' is set on object 'Object Repository/AdminSuiteBootstrap_Pages/VT_Bootstrap/SaleKeyboard/input_userDefined8'

2024-07-12 23:09:02 - [MESSAGE][PASSED] - Text 'Switzerland' is set on object 'Object Repository/AdminSuiteBootstrap_Pages/VT_Bootstrap/SaleKeyboard/input_userDefined9'

2024-07-12 23:09:03 - [MESSAGE][PASSED] - Text 'France' is set on object 'Object Repository/AdminSuiteBootstrap_Pages/VT_Bootstrap/SaleKeyboard/input_userDefined10'

2024-07-12 23:09:04 - [MESSAGE][PASSED] - Object: 'Object Repository/AdminSuiteBootstrap_Pages/VT_Bootstrap/SaleKeyboard/button_Submit' is clicked on

2024-07-12 23:09:04 - [MESSAGE][PASSED] - adminSuiteBootstrap.virtualTerminalSetData.saleKeyboard_DataDriven is PASSED

2024-07-12 23:09:04 - [TEST_STEP][PASSED] - verifyTextPresent("Transaction Successful", true): Text 'Transaction Successful' is present on page  using regular expression

2024-07-12 23:09:05 - [MESSAGE][PASSED] - Text 'Transaction Successful' is present on page  using regular expression

2024-07-12 23:09:05 - [TEST_STEP][PASSED] - verifyTextPresent("Remittance ID", true): Text 'Remittance ID' is present on page  using regular expression

2024-07-12 23:09:05 - [MESSAGE][PASSED] - Text 'Remittance ID' is present on page  using regular expression

2024-07-12 23:09:05 - [TEST_STEP][PASSED] - verifyTextPresent("Received", true): Text 'Received' is present on page  using regular expression

2024-07-12 23:09:05 - [MESSAGE][PASSED] - Text 'Received' is present on page  using regular expression

2024-07-12 23:09:05 - [TEST_STEP][PASSED] - verifyTextNotPresent("UDF1", true): Text 'UDF1' is not present on page using regular expression

2024-07-12 23:09:06 - [MESSAGE][PASSED] - Text 'UDF1' is not present on page using regular expression

2024-07-12 23:09:06 - [TEST_STEP][PASSED] - verifyTextNotPresent("UDF2", true): Text 'UDF2' is not present on page using regular expression

2024-07-12 23:09:06 - [MESSAGE][PASSED] - Text 'UDF2' is not present on page using regular expression

2024-07-12 23:09:06 - [TEST_STEP][PASSED] - verifyTextPresent("UDF3", true): Text 'UDF3' is present on page  using regular expression

2024-07-12 23:09:06 - [MESSAGE][PASSED] - Text 'UDF3' is present on page  using regular expression

2024-07-12 23:09:06 - [TEST_STEP][PASSED] - verifyTextPresent("UDF4", true): Text 'UDF4' is present on page  using regular expression

2024-07-12 23:09:07 - [MESSAGE][PASSED] - Text 'UDF4' is present on page  using regular expression

2024-07-12 23:09:07 - [TEST_STEP][PASSED] - verifyTextNotPresent("UDF5", true): Text 'UDF5' is not present on page using regular expression

2024-07-12 23:09:07 - [MESSAGE][PASSED] - Text 'UDF5' is not present on page using regular expression

2024-07-12 23:09:07 - [TEST_STEP][PASSED] - verifyTextPresent("UDF6", true): Text 'UDF6' is present on page  using regular expression

2024-07-12 23:09:07 - [MESSAGE][PASSED] - Text 'UDF6' is present on page  using regular expression

2024-07-12 23:09:07 - [TEST_STEP][PASSED] - verifyTextPresent("UDF7", true): Text 'UDF7' is present on page  using regular expression

2024-07-12 23:09:08 - [MESSAGE][PASSED] - Text 'UDF7' is present on page  using regular expression

2024-07-12 23:09:08 - [TEST_STEP][PASSED] - verifyTextPresent("UDF8", true): Text 'UDF8' is present on page  using regular expression

2024-07-12 23:09:08 - [MESSAGE][PASSED] - Text 'UDF8' is present on page  using regular expression

2024-07-12 23:09:08 - [TEST_STEP][PASSED] - verifyTextPresent("UDF9", true): Text 'UDF9' is present on page  using regular expression

2024-07-12 23:09:08 - [MESSAGE][PASSED] - Text 'UDF9' is present on page  using regular expression

2024-07-12 23:09:08 - [TEST_STEP][PASSED] - verifyTextPresent("UDF 10", true): Text 'UDF 10' is present on page  using regular expression

2024-07-12 23:09:09 - [MESSAGE][PASSED] - Text 'UDF 10' is present on page  using regular expression

2024-07-12 23:09:09 - [TEST_STEP][PASSED] - verifyTextNotPresent("Australia", true): Text 'Australia' is not present on page using regular expression

2024-07-12 23:09:09 - [MESSAGE][PASSED] - Text 'Australia' is not present on page using regular expression

2024-07-12 23:09:09 - [TEST_STEP][PASSED] - verifyTextNotPresent("Denmark", true): Text 'Denmark' is not present on page using regular expression

2024-07-12 23:09:09 - [MESSAGE][PASSED] - Text 'Denmark' is not present on page using regular expression

2024-07-12 23:09:09 - [TEST_STEP][PASSED] - verifyTextPresent("Sweden", true): Text 'Sweden' is present on page  using regular expression

2024-07-12 23:09:10 - [MESSAGE][PASSED] - Text 'Sweden' is present on page  using regular expression

2024-07-12 23:09:10 - [TEST_STEP][PASSED] - verifyTextPresent("Austria", true): Text 'Austria' is present on page  using regular expression

2024-07-12 23:09:10 - [MESSAGE][PASSED] - Text 'Austria' is present on page  using regular expression

2024-07-12 23:09:10 - [TEST_STEP][PASSED] - verifyTextNotPresent("Orange Recorded", true): Text 'Orange Recorded' is not present on page using regular expression

2024-07-12 23:09:10 - [MESSAGE][PASSED] - Text 'Orange Recorded' is not present on page using regular expression

2024-07-12 23:09:10 - [TEST_STEP][PASSED] - verifyTextPresent("Yellow Recorded", true): Text 'Yellow Recorded' is present on page  using regular expression

2024-07-12 23:09:11 - [MESSAGE][PASSED] - Text 'Yellow Recorded' is present on page  using regular expression

2024-07-12 23:09:11 - [TEST_STEP][PASSED] - verifyTextPresent("Norway", true): Text 'Norway' is present on page  using regular expression

2024-07-12 23:09:11 - [MESSAGE][PASSED] - Text 'Norway' is present on page  using regular expression

2024-07-12 23:09:11 - [TEST_STEP][PASSED] - verifyTextPresent("Netherlands", true): Text 'Netherlands' is present on page  using regular expression

2024-07-12 23:09:11 - [MESSAGE][PASSED] - Text 'Netherlands' is present on page  using regular expression

2024-07-12 23:09:11 - [TEST_STEP][PASSED] - verifyTextPresent("Switzerland", true): Text 'Switzerland' is present on page  using regular expression

2024-07-12 23:09:12 - [MESSAGE][PASSED] - Text 'Switzerland' is present on page  using regular expression

2024-07-12 23:09:12 - [TEST_STEP][PASSED] - verifyTextPresent("France", true): Text 'France' is present on page  using regular expression

2024-07-12 23:09:12 - [MESSAGE][PASSED] - Text 'France' is present on page  using regular expression

2024-07-12 23:09:12 - [TEST_STEP][PASSED] - verifyTextPresent("Amount", true): Text 'Amount' is present on page  using regular expression

2024-07-12 23:09:12 - [MESSAGE][PASSED] - Text 'Amount' is present on page  using regular expression

2024-07-12 23:09:12 - [TEST_STEP][PASSED] - verifyTextPresent("Total Amount", true): Text 'Total Amount' is present on page  using regular expression

2024-07-12 23:09:13 - [MESSAGE][PASSED] - Text 'Total Amount' is present on page  using regular expression

2024-07-12 23:09:13 - [TEST_STEP][PASSED] - verifyTextPresent("Transaction Type", true): Text 'Transaction Type' is present on page  using regular expression

2024-07-12 23:09:13 - [MESSAGE][PASSED] - Text 'Transaction Type' is present on page  using regular expression

2024-07-12 23:09:13 - [TEST_STEP][PASSED] - verifyTextPresent("10.50", true): Text '10.50' is present on page  using regular expression

2024-07-12 23:09:13 - [MESSAGE][PASSED] - Text '10.50' is present on page  using regular expression

2024-07-12 23:09:13 - [TEST_STEP][PASSED] - verifyTextPresent("Authorization and Capture", true): Text 'Authorization and Capture' is present on page  using regular expression

2024-07-12 23:09:14 - [MESSAGE][PASSED] - Text 'Authorization and Capture' is present on page  using regular expression

2024-07-12 23:09:14 - [TEST_STEP][PASSED] - verifyTextPresent("Card Information", true): Text 'Card Information' is present on page  using regular expression

2024-07-12 23:09:14 - [MESSAGE][PASSED] - Text 'Card Information' is present on page  using regular expression

2024-07-12 23:09:14 - [TEST_STEP][PASSED] - cardNameV = findTestData(dataFile).getValue("CardNameV", row): null

2024-07-12 23:09:14 - [TEST_STEP][PASSED] - al1V = findTestData(dataFile).getValue("AL1", row): null

2024-07-12 23:09:14 - [TEST_STEP][PASSED] - al2V = findTestData(dataFile).getValue("AL2", row): null

2024-07-12 23:09:14 - [TEST_STEP][PASSED] - zipV = findTestData(dataFile).getValue("ZIP", row): null

2024-07-12 23:09:14 - [TEST_STEP][PASSED] - cardTypeV = findTestData(dataFile).getValue("CardType", row): null

2024-07-12 23:09:14 - [TEST_STEP][PASSED] - last4V = findTestData(dataFile).getValue("Last4", row): null

2024-07-12 23:09:14 - [TEST_STEP][PASSED] - verifyTextPresent(cardNameV, true): Text 'TULSI RAMAN' is present on page  using regular expression

2024-07-12 23:09:15 - [MESSAGE][PASSED] - Text 'TULSI RAMAN' is present on page  using regular expression

2024-07-12 23:09:15 - [TEST_STEP][PASSED] - verifyTextPresent("Address Line 1", true): Text 'Address Line 1' is present on page  using regular expression

2024-07-12 23:09:15 - [MESSAGE][PASSED] - Text 'Address Line 1' is present on page  using regular expression

2024-07-12 23:09:15 - [TEST_STEP][PASSED] - verifyTextPresent("Address Line 2", true): Text 'Address Line 2' is present on page  using regular expression

2024-07-12 23:09:15 - [MESSAGE][PASSED] - Text 'Address Line 2' is present on page  using regular expression

2024-07-12 23:09:15 - [TEST_STEP][PASSED] - verifyTextPresent("Country", true): Text 'Country' is present on page  using regular expression

2024-07-12 23:09:16 - [MESSAGE][PASSED] - Text 'Country' is present on page  using regular expression

2024-07-12 23:09:16 - [TEST_STEP][PASSED] - verifyTextPresent("City", true): Text 'City' is present on page  using regular expression

2024-07-12 23:09:16 - [MESSAGE][PASSED] - Text 'City' is present on page  using regular expression

2024-07-12 23:09:16 - [TEST_STEP][PASSED] - verifyTextPresent("State", true): Text 'State' is present on page  using regular expression

2024-07-12 23:09:16 - [MESSAGE][PASSED] - Text 'State' is present on page  using regular expression

2024-07-12 23:09:16 - [TEST_STEP][PASSED] - verifyTextPresent("ZIP Code", true): Text 'ZIP Code' is present on page  using regular expression

2024-07-12 23:09:17 - [MESSAGE][PASSED] - Text 'ZIP Code' is present on page  using regular expression

2024-07-12 23:09:17 - [TEST_STEP][PASSED] - verifyTextPresent(al1V, true): Text '36 Cornor Road' is present on page  using regular expression

2024-07-12 23:09:17 - [MESSAGE][PASSED] - Text '36 Cornor Road' is present on page  using regular expression

2024-07-12 23:09:17 - [TEST_STEP][PASSED] - verifyTextPresent(al2V, true): Text 'Suite 500' is present on page  using regular expression

2024-07-12 23:09:17 - [MESSAGE][PASSED] - Text 'Suite 500' is present on page  using regular expression

2024-07-12 23:09:17 - [TEST_STEP][PASSED] - verifyTextPresent("United States", true): Text 'United States' is present on page  using regular expression

2024-07-12 23:09:18 - [MESSAGE][PASSED] - Text 'United States' is present on page  using regular expression

2024-07-12 23:09:18 - [TEST_STEP][PASSED] - verifyTextPresent("ARLINGTON", true): Text 'ARLINGTON' is present on page  using regular expression

2024-07-12 23:09:18 - [MESSAGE][PASSED] - Text 'ARLINGTON' is present on page  using regular expression

2024-07-12 23:09:18 - [TEST_STEP][PASSED] - verifyTextPresent("Virginia", true): Text 'Virginia' is present on page  using regular expression

2024-07-12 23:09:18 - [MESSAGE][PASSED] - Text 'Virginia' is present on page  using regular expression

2024-07-12 23:09:18 - [TEST_STEP][PASSED] - verifyTextPresent(zipV, true): Text '22201' is present on page  using regular expression

2024-07-12 23:09:19 - [MESSAGE][PASSED] - Text '22201' is present on page  using regular expression

2024-07-12 23:09:19 - [TEST_STEP][PASSED] - verifyTextPresent(cardTypeV, true): Text 'Visa' is present on page  using regular expression

2024-07-12 23:09:19 - [MESSAGE][PASSED] - Text 'Visa' is present on page  using regular expression

2024-07-12 23:09:19 - [TEST_STEP][PASSED] - verifyTextPresent(last4V, true): Text '5439' is present on page  using regular expression

2024-07-12 23:09:19 - [MESSAGE][PASSED] - Text '5439' is present on page  using regular expression

2024-07-12 23:09:19 - [TEST_STEP][PASSED] - closeBrowser(): Browser is closed

2024-07-12 23:09:21 - [MESSAGE][PASSED] - Browser is closed

2024-07-12 23:09:21 - [TEST_STEP][PASSED] - ExecuteTC = findTestData(dataFile).getValue("Execute", row): null

2024-07-12 23:09:21 - [TEST_STEP][PASSED] - out.println("Value of Execute is : " + ExecuteTC): null

2024-07-12 23:09:21 - [TEST_STEP][PASSED] - switch (executionProfile): null

2024-07-12 23:09:21 - [TEST_STEP][PASSED] - case "QA2Profile":: null

2024-07-12 23:09:21 - [TEST_STEP][PASSED] - appName = findTestData(dataFile).getValue("AppName", row): null

2024-07-12 23:09:21 - [TEST_STEP][PASSED] - appID = findTestData(dataFile).getValue("AppID", row): null

2024-07-12 23:09:21 - [TEST_STEP][PASSED] - break: null

2024-07-12 23:09:21 - [TEST_STEP][PASSED] - hrefAppID = li_1 + appID + li_2: null

2024-07-12 23:09:21 - [TEST_STEP][PASSED] - hrefApp = li_1 + appID + "/": null

2024-07-12 23:09:21 - [TEST_STEP][PASSED] - println("hrefApp : " + hrefApp): null

2024-07-12 23:09:21 - [TEST_STEP][PASSED] - if (ExecuteTC.equalsIgnoreCase("Y")): Browser is closed

2024-07-12 23:09:21 - [TEST_STEP][PASSED] - out.println("Begin Record Number: " + row): null

2024-07-12 23:09:21 - [TEST_STEP][PASSED] - today = new java.util.Date(): null

2024-07-12 23:09:21 - [TEST_STEP][PASSED] - println(today): null

2024-07-12 23:09:21 - [TEST_STEP][PASSED] - datText = today: null

2024-07-12 23:09:21 - [TEST_STEP][PASSED] - adminSuiteBootstrap.loginFunctionality.login_AdminSuite(): adminSuiteBootstrap.loginFunctionality.login_AdminSuite is PASSED

2024-07-12 23:09:21 - [MESSAGE][INFO] - Starting 'Chrome' driver

2024-07-12 23:09:21 - [MESSAGE][INFO] - User set preference: ['acceptInsecureCerts', 'true']

2024-07-12 23:09:21 - [MESSAGE][INFO] - Action delay is set to 0 milliseconds

2024-07-12 23:09:23 - [MESSAGE][PASSED] - Browser is opened with url: 'https://qa2.velocitypayment.com/admin/imtiaz'

2024-07-12 23:09:24 - [MESSAGE][PASSED] - Current window maximized

2024-07-12 23:09:24 - [MESSAGE][PASSED] - Object 'Object Repository/Login_Page/Login_Username_Okta' is present

2024-07-12 23:09:25 - [MESSAGE][PASSED] - Text 'iahmed' is set on object 'Object Repository/Login_Page/Login_Username_Okta'

2024-07-12 23:09:26 - [MESSAGE][PASSED] - Text 'Hello!6666666' is set on object 'Object Repository/Login_Page/Login_Password_Okta'

2024-07-12 23:09:26 - [MESSAGE][PASSED] - Object: 'Object Repository/Login_Page/Login_Submit_Okta' is clicked on

2024-07-12 23:09:26 - [MESSAGE][PASSED] - adminSuiteBootstrap.loginFunctionality.login_AdminSuite is PASSED

2024-07-12 23:09:26 - [TEST_STEP][PASSED] - click(findTestObject(path_Dashboard + appName)): Object: 'Object Repository/AdminSuiteBootstrap_Pages/Dashboard_Bootstrap/a_Access AutoEncryptedUDF' is clicked on

2024-07-12 23:09:34 - [MESSAGE][PASSED] - Object: 'Object Repository/AdminSuiteBootstrap_Pages/Dashboard_Bootstrap/a_Access AutoEncryptedUDF' is clicked on

2024-07-12 23:09:34 - [TEST_STEP][PASSED] - click(findTestObject(path_VT + "button_Authorization  Capture (Sale)")): Object: 'Object Repository/AdminSuiteBootstrap_Pages/VT_Bootstrap/IssueTransactions/button_Authorization  Capture (Sale)' is clicked on

2024-07-12 23:09:35 - [MESSAGE][PASSED] - Object: 'Object Repository/AdminSuiteBootstrap_Pages/VT_Bootstrap/IssueTransactions/button_Authorization  Capture (Sale)' is clicked on

2024-07-12 23:09:35 - [TEST_STEP][PASSED] - saleKeyboardEntryLink = modifyObjectProperty(findTestObject(path_VT + "a_KeyboardEntry_Sale"), "href", "equals", hrefAppID, true): Modify property of object successfully

2024-07-12 23:09:35 - [MESSAGE][PASSED] - Modify property of object successfully

2024-07-12 23:09:35 - [TEST_STEP][PASSED] - click(saleKeyboardEntryLink): Object: 'Object Repository/AdminSuiteBootstrap_Pages/VT_Bootstrap/IssueTransactions/a_KeyboardEntry_Sale' is clicked on

2024-07-12 23:09:36 - [MESSAGE][PASSED] - Object: 'Object Repository/AdminSuiteBootstrap_Pages/VT_Bootstrap/IssueTransactions/a_KeyboardEntry_Sale' is clicked on

2024-07-12 23:09:36 - [TEST_STEP][PASSED] - canName = findTestData(dataFile).getValue("CAN", row): null

2024-07-12 23:09:36 - [TEST_STEP][PASSED] - setText(findTestObject(path_SaleKB + "input_clientAccountNumber"), canName): Text '54896547' is set on object 'Object Repository/AdminSuiteBootstrap_Pages/VT_Bootstrap/SaleKeyboard/input_clientAccountNumber'

2024-07-12 23:09:37 - [MESSAGE][PASSED] - Text '54896547' is set on object 'Object Repository/AdminSuiteBootstrap_Pages/VT_Bootstrap/SaleKeyboard/input_clientAccountNumber'

2024-07-12 23:09:37 - [TEST_STEP][PASSED] - adminSuiteBootstrap.virtualTerminalSetData.saleKeyboard_DataDriven(row, dataFile): adminSuiteBootstrap.virtualTerminalSetData.saleKeyboard_DataDriven is PASSED

2024-07-12 23:09:39 - [MESSAGE][PASSED] - Text 'Janaki James' is set on object 'Object Repository/AdminSuiteBootstrap_Pages/VT_Bootstrap/SaleKeyboard/input_cardName'

2024-07-12 23:09:40 - [MESSAGE][PASSED] - All options with value 'MOTO' are selected in object 'Object Repository/AdminSuiteBootstrap_Pages/VT_Bootstrap/SaleKeyboard/select_transactionCategory'  using regular expression

2024-07-12 23:09:41 - [MESSAGE][PASSED] - Execute JavaScript 'arguments[0].value ='4012000098765439' ' successfully

2024-07-12 23:09:41 - [MESSAGE][PASSED] - Execute JavaScript 'arguments[0].value ='123' ' successfully

2024-07-12 23:09:42 - [MESSAGE][PASSED] - All options with value '12' are selected in object 'Object Repository/AdminSuiteBootstrap_Pages/VT_Bootstrap/SaleKeyboard/select_MM'  using regular expression

2024-07-12 23:09:43 - [MESSAGE][PASSED] - All options with value '2025' are selected in object 'Object Repository/AdminSuiteBootstrap_Pages/VT_Bootstrap/SaleKeyboard/select_YYYY'  using regular expression

2024-07-12 23:09:44 - [MESSAGE][PASSED] - Text '36 Cornor Road' is set on object 'Object Repository/AdminSuiteBootstrap_Pages/VT_Bootstrap/SaleKeyboard/input__address'

2024-07-12 23:09:45 - [MESSAGE][PASSED] - Text 'Suite 500' is set on object 'Object Repository/AdminSuiteBootstrap_Pages/VT_Bootstrap/SaleKeyboard/input__address2'

2024-07-12 23:09:46 - [MESSAGE][PASSED] - Text '22201' is set on object 'Object Repository/AdminSuiteBootstrap_Pages/VT_Bootstrap/SaleKeyboard/input__zip'

2024-07-12 23:09:46 - [MESSAGE][PASSED] - Text '' is set on object 'Object Repository/AdminSuiteBootstrap_Pages/VT_Bootstrap/SaleKeyboard/input_emailAddress'

2024-07-12 23:09:48 - [MESSAGE][PASSED] - Text '' is set on object 'Object Repository/AdminSuiteBootstrap_Pages/VT_Bootstrap/SaleKeyboard/input_smsNumber'

2024-07-12 23:09:48 - [MESSAGE][PASSED] - Text '10.50' is set on object 'Object Repository/AdminSuiteBootstrap_Pages/VT_Bootstrap/SaleKeyboard/input_amount'

2024-07-12 23:09:49 - [MESSAGE][PASSED] - Text 'Australia' is set on object 'Object Repository/AdminSuiteBootstrap_Pages/VT_Bootstrap/SaleKeyboard/input_userDefined1'

2024-07-12 23:09:50 - [MESSAGE][PASSED] - Text 'Denmark' is set on object 'Object Repository/AdminSuiteBootstrap_Pages/VT_Bootstrap/SaleKeyboard/input_userDefined2'

2024-07-12 23:09:51 - [MESSAGE][PASSED] - Text 'Sweden' is set on object 'Object Repository/AdminSuiteBootstrap_Pages/VT_Bootstrap/SaleKeyboard/input_userDefined3'

2024-07-12 23:09:51 - [MESSAGE][PASSED] - Text 'Austria' is set on object 'Object Repository/AdminSuiteBootstrap_Pages/VT_Bootstrap/SaleKeyboard/input_userDefined4'

2024-07-12 23:09:52 - [MESSAGE][PASSED] - All options with label 'Orange' are selected in object 'Object Repository/AdminSuiteBootstrap_Pages/VT_Bootstrap/SaleKeyboard/select_UDF5_DropDown'  using regular expression

2024-07-12 23:09:53 - [MESSAGE][PASSED] - All options with label 'Yellow' are selected in object 'Object Repository/AdminSuiteBootstrap_Pages/VT_Bootstrap/SaleKeyboard/select_UDF6_DropDown'  using regular expression

2024-07-12 23:09:54 - [MESSAGE][PASSED] - Text 'Norway' is set on object 'Object Repository/AdminSuiteBootstrap_Pages/VT_Bootstrap/SaleKeyboard/input_userDefined7'

2024-07-12 23:09:55 - [MESSAGE][PASSED] - Text 'Netherlands' is set on object 'Object Repository/AdminSuiteBootstrap_Pages/VT_Bootstrap/SaleKeyboard/input_userDefined8'

2024-07-12 23:09:55 - [MESSAGE][PASSED] - Text 'Switzerland' is set on object 'Object Repository/AdminSuiteBootstrap_Pages/VT_Bootstrap/SaleKeyboard/input_userDefined9'

2024-07-12 23:09:56 - [MESSAGE][PASSED] - Text 'France' is set on object 'Object Repository/AdminSuiteBootstrap_Pages/VT_Bootstrap/SaleKeyboard/input_userDefined10'

2024-07-12 23:09:58 - [MESSAGE][PASSED] - Object: 'Object Repository/AdminSuiteBootstrap_Pages/VT_Bootstrap/SaleKeyboard/button_Submit' is clicked on

2024-07-12 23:09:58 - [MESSAGE][PASSED] - adminSuiteBootstrap.virtualTerminalSetData.saleKeyboard_DataDriven is PASSED

2024-07-12 23:09:58 - [TEST_STEP][PASSED] - verifyTextPresent("Transaction Successful", true): Text 'Transaction Successful' is present on page  using regular expression

2024-07-12 23:09:58 - [MESSAGE][PASSED] - Text 'Transaction Successful' is present on page  using regular expression

2024-07-12 23:09:58 - [TEST_STEP][PASSED] - verifyTextPresent("Remittance ID", true): Text 'Remittance ID' is present on page  using regular expression

2024-07-12 23:09:59 - [MESSAGE][PASSED] - Text 'Remittance ID' is present on page  using regular expression

2024-07-12 23:09:59 - [TEST_STEP][PASSED] - verifyTextPresent("Received", true): Text 'Received' is present on page  using regular expression

2024-07-12 23:09:59 - [MESSAGE][PASSED] - Text 'Received' is present on page  using regular expression

2024-07-12 23:09:59 - [TEST_STEP][PASSED] - verifyTextNotPresent("UDF1", true): Text 'UDF1' is not present on page using regular expression

2024-07-12 23:09:59 - [MESSAGE][PASSED] - Text 'UDF1' is not present on page using regular expression

2024-07-12 23:09:59 - [TEST_STEP][PASSED] - verifyTextNotPresent("UDF2", true): Text 'UDF2' is not present on page using regular expression

2024-07-12 23:10:00 - [MESSAGE][PASSED] - Text 'UDF2' is not present on page using regular expression

2024-07-12 23:10:00 - [TEST_STEP][PASSED] - verifyTextPresent("UDF3", true): Text 'UDF3' is present on page  using regular expression

2024-07-12 23:10:00 - [MESSAGE][PASSED] - Text 'UDF3' is present on page  using regular expression

2024-07-12 23:10:00 - [TEST_STEP][PASSED] - verifyTextPresent("UDF4", true): Text 'UDF4' is present on page  using regular expression

2024-07-12 23:10:00 - [MESSAGE][PASSED] - Text 'UDF4' is present on page  using regular expression

2024-07-12 23:10:00 - [TEST_STEP][PASSED] - verifyTextNotPresent("UDF5", true): Text 'UDF5' is not present on page using regular expression

2024-07-12 23:10:01 - [MESSAGE][PASSED] - Text 'UDF5' is not present on page using regular expression

2024-07-12 23:10:01 - [TEST_STEP][PASSED] - verifyTextPresent("UDF6", true): Text 'UDF6' is present on page  using regular expression

2024-07-12 23:10:01 - [MESSAGE][PASSED] - Text 'UDF6' is present on page  using regular expression

2024-07-12 23:10:01 - [TEST_STEP][PASSED] - verifyTextPresent("UDF7", true): Text 'UDF7' is present on page  using regular expression

2024-07-12 23:10:01 - [MESSAGE][PASSED] - Text 'UDF7' is present on page  using regular expression

2024-07-12 23:10:01 - [TEST_STEP][PASSED] - verifyTextPresent("UDF8", true): Text 'UDF8' is present on page  using regular expression

2024-07-12 23:10:01 - [MESSAGE][PASSED] - Text 'UDF8' is present on page  using regular expression

2024-07-12 23:10:01 - [TEST_STEP][PASSED] - verifyTextPresent("UDF9", true): Text 'UDF9' is present on page  using regular expression

2024-07-12 23:10:02 - [MESSAGE][PASSED] - Text 'UDF9' is present on page  using regular expression

2024-07-12 23:10:02 - [TEST_STEP][PASSED] - verifyTextPresent("UDF 10", true): Text 'UDF 10' is present on page  using regular expression

2024-07-12 23:10:02 - [MESSAGE][PASSED] - Text 'UDF 10' is present on page  using regular expression

2024-07-12 23:10:02 - [TEST_STEP][PASSED] - verifyTextNotPresent("Australia", true): Text 'Australia' is not present on page using regular expression

2024-07-12 23:10:02 - [MESSAGE][PASSED] - Text 'Australia' is not present on page using regular expression

2024-07-12 23:10:02 - [TEST_STEP][PASSED] - verifyTextNotPresent("Denmark", true): Text 'Denmark' is not present on page using regular expression

2024-07-12 23:10:03 - [MESSAGE][PASSED] - Text 'Denmark' is not present on page using regular expression

2024-07-12 23:10:03 - [TEST_STEP][PASSED] - verifyTextPresent("Sweden", true): Text 'Sweden' is present on page  using regular expression

2024-07-12 23:10:03 - [MESSAGE][PASSED] - Text 'Sweden' is present on page  using regular expression

2024-07-12 23:10:03 - [TEST_STEP][PASSED] - verifyTextPresent("Austria", true): Text 'Austria' is present on page  using regular expression

2024-07-12 23:10:03 - [MESSAGE][PASSED] - Text 'Austria' is present on page  using regular expression

2024-07-12 23:10:03 - [TEST_STEP][PASSED] - verifyTextNotPresent("Orange Recorded", true): Text 'Orange Recorded' is not present on page using regular expression

2024-07-12 23:10:04 - [MESSAGE][PASSED] - Text 'Orange Recorded' is not present on page using regular expression

2024-07-12 23:10:04 - [TEST_STEP][PASSED] - verifyTextPresent("Yellow Recorded", true): Text 'Yellow Recorded' is present on page  using regular expression

2024-07-12 23:10:04 - [MESSAGE][PASSED] - Text 'Yellow Recorded' is present on page  using regular expression

2024-07-12 23:10:04 - [TEST_STEP][PASSED] - verifyTextPresent("Norway", true): Text 'Norway' is present on page  using regular expression

2024-07-12 23:10:04 - [MESSAGE][PASSED] - Text 'Norway' is present on page  using regular expression

2024-07-12 23:10:04 - [TEST_STEP][PASSED] - verifyTextPresent("Netherlands", true): Text 'Netherlands' is present on page  using regular expression

2024-07-12 23:10:05 - [MESSAGE][PASSED] - Text 'Netherlands' is present on page  using regular expression

2024-07-12 23:10:05 - [TEST_STEP][PASSED] - verifyTextPresent("Switzerland", true): Text 'Switzerland' is present on page  using regular expression

2024-07-12 23:10:05 - [MESSAGE][PASSED] - Text 'Switzerland' is present on page  using regular expression

2024-07-12 23:10:05 - [TEST_STEP][PASSED] - verifyTextPresent("France", true): Text 'France' is present on page  using regular expression

2024-07-12 23:10:05 - [MESSAGE][PASSED] - Text 'France' is present on page  using regular expression

2024-07-12 23:10:05 - [TEST_STEP][PASSED] - verifyTextPresent("Amount", true): Text 'Amount' is present on page  using regular expression

2024-07-12 23:10:06 - [MESSAGE][PASSED] - Text 'Amount' is present on page  using regular expression

2024-07-12 23:10:06 - [TEST_STEP][PASSED] - verifyTextPresent("Total Amount", true): Text 'Total Amount' is present on page  using regular expression

2024-07-12 23:10:06 - [MESSAGE][PASSED] - Text 'Total Amount' is present on page  using regular expression

2024-07-12 23:10:06 - [TEST_STEP][PASSED] - verifyTextPresent("Transaction Type", true): Text 'Transaction Type' is present on page  using regular expression

2024-07-12 23:10:06 - [MESSAGE][PASSED] - Text 'Transaction Type' is present on page  using regular expression

2024-07-12 23:10:06 - [TEST_STEP][PASSED] - verifyTextPresent("10.50", true): Text '10.50' is present on page  using regular expression

2024-07-12 23:10:07 - [MESSAGE][PASSED] - Text '10.50' is present on page  using regular expression

2024-07-12 23:10:07 - [TEST_STEP][PASSED] - verifyTextPresent("Authorization and Capture", true): Text 'Authorization and Capture' is present on page  using regular expression

2024-07-12 23:10:07 - [MESSAGE][PASSED] - Text 'Authorization and Capture' is present on page  using regular expression

2024-07-12 23:10:07 - [TEST_STEP][PASSED] - verifyTextPresent("Card Information", true): Text 'Card Information' is present on page  using regular expression

2024-07-12 23:10:07 - [MESSAGE][PASSED] - Text 'Card Information' is present on page  using regular expression

2024-07-12 23:10:07 - [TEST_STEP][PASSED] - cardNameV = findTestData(dataFile).getValue("CardNameV", row): null

2024-07-12 23:10:07 - [TEST_STEP][PASSED] - al1V = findTestData(dataFile).getValue("AL1", row): null

2024-07-12 23:10:08 - [TEST_STEP][PASSED] - al2V = findTestData(dataFile).getValue("AL2", row): null

2024-07-12 23:10:08 - [TEST_STEP][PASSED] - zipV = findTestData(dataFile).getValue("ZIP", row): null

2024-07-12 23:10:08 - [TEST_STEP][PASSED] - cardTypeV = findTestData(dataFile).getValue("CardType", row): null

2024-07-12 23:10:08 - [TEST_STEP][PASSED] - last4V = findTestData(dataFile).getValue("Last4", row): null

2024-07-12 23:10:08 - [TEST_STEP][PASSED] - verifyTextPresent(cardNameV, true): Text 'JANAKI JAMES' is present on page  using regular expression

2024-07-12 23:10:08 - [MESSAGE][PASSED] - Text 'JANAKI JAMES' is present on page  using regular expression

2024-07-12 23:10:08 - [TEST_STEP][PASSED] - verifyTextPresent("Address Line 1", true): Text 'Address Line 1' is present on page  using regular expression

2024-07-12 23:10:08 - [MESSAGE][PASSED] - Text 'Address Line 1' is present on page  using regular expression

2024-07-12 23:10:08 - [TEST_STEP][PASSED] - verifyTextPresent("Address Line 2", true): Text 'Address Line 2' is present on page  using regular expression

2024-07-12 23:10:09 - [MESSAGE][PASSED] - Text 'Address Line 2' is present on page  using regular expression

2024-07-12 23:10:09 - [TEST_STEP][PASSED] - verifyTextPresent("Country", true): Text 'Country' is present on page  using regular expression

2024-07-12 23:10:09 - [MESSAGE][PASSED] - Text 'Country' is present on page  using regular expression

2024-07-12 23:10:09 - [TEST_STEP][PASSED] - verifyTextPresent("City", true): Text 'City' is present on page  using regular expression

2024-07-12 23:10:09 - [MESSAGE][PASSED] - Text 'City' is present on page  using regular expression

2024-07-12 23:10:09 - [TEST_STEP][PASSED] - verifyTextPresent("State", true): Text 'State' is present on page  using regular expression

2024-07-12 23:10:10 - [MESSAGE][PASSED] - Text 'State' is present on page  using regular expression

2024-07-12 23:10:10 - [TEST_STEP][PASSED] - verifyTextPresent("ZIP Code", true): Text 'ZIP Code' is present on page  using regular expression

2024-07-12 23:10:10 - [MESSAGE][PASSED] - Text 'ZIP Code' is present on page  using regular expression

2024-07-12 23:10:10 - [TEST_STEP][PASSED] - verifyTextPresent(al1V, true): Text '36 Cornor Road' is present on page  using regular expression

2024-07-12 23:10:10 - [MESSAGE][PASSED] - Text '36 Cornor Road' is present on page  using regular expression

2024-07-12 23:10:10 - [TEST_STEP][PASSED] - verifyTextPresent(al2V, true): Text 'Suite 500' is present on page  using regular expression

2024-07-12 23:10:11 - [MESSAGE][PASSED] - Text 'Suite 500' is present on page  using regular expression

2024-07-12 23:10:11 - [TEST_STEP][PASSED] - verifyTextPresent("United States", true): Text 'United States' is present on page  using regular expression

2024-07-12 23:10:11 - [MESSAGE][PASSED] - Text 'United States' is present on page  using regular expression

2024-07-12 23:10:11 - [TEST_STEP][PASSED] - verifyTextPresent("ARLINGTON", true): Text 'ARLINGTON' is present on page  using regular expression

2024-07-12 23:10:11 - [MESSAGE][PASSED] - Text 'ARLINGTON' is present on page  using regular expression

2024-07-12 23:10:11 - [TEST_STEP][PASSED] - verifyTextPresent("Virginia", true): Text 'Virginia' is present on page  using regular expression

2024-07-12 23:10:12 - [MESSAGE][PASSED] - Text 'Virginia' is present on page  using regular expression

2024-07-12 23:10:12 - [TEST_STEP][PASSED] - verifyTextPresent(zipV, true): Text '22201' is present on page  using regular expression

2024-07-12 23:10:12 - [MESSAGE][PASSED] - Text '22201' is present on page  using regular expression

2024-07-12 23:10:12 - [TEST_STEP][PASSED] - verifyTextPresent(cardTypeV, true): Text 'Visa' is present on page  using regular expression

2024-07-12 23:10:12 - [MESSAGE][PASSED] - Text 'Visa' is present on page  using regular expression

2024-07-12 23:10:12 - [TEST_STEP][PASSED] - verifyTextPresent(last4V, true): Text '5439' is present on page  using regular expression

2024-07-12 23:10:13 - [MESSAGE][PASSED] - Text '5439' is present on page  using regular expression

2024-07-12 23:10:13 - [TEST_STEP][PASSED] - closeBrowser(): Browser is closed

2024-07-12 23:10:14 - [MESSAGE][PASSED] - Browser is closed]]></system-out>
         <system-err><![CDATA[]]></system-err>
      </testcase>
      <testcase name="Test Cases/Admin Suite Bootstrap/VT_TestCases/AuthCaptureKeyboard_TP_DualCF_Generic_Payment_TC" time="447.453" classname="Test Cases/Admin Suite Bootstrap/VT_TestCases/AuthCaptureKeyboard_TP_DualCF_Generic_Payment_TC" status="PASSED">
         <system-out><![CDATA[2024-07-12 23:10:14 - [TEST_CASE][PASSED] - Test Cases/Admin Suite Bootstrap/VT_TestCases/AuthCaptureKeyboard_TP_DualCF_Generic_Payment_TC: Test Cases/Admin Suite Bootstrap/VT_TestCases/AuthCaptureKeyboard_TP_DualCF_Generic_Payment_TC

2024-07-12 23:10:15 - [TEST_STEP][PASSED] - path_Dashboard = "Object Repository/AdminSuiteBootstrap_Pages/Dashboard_Bootstrap/": null

2024-07-12 23:10:15 - [TEST_STEP][PASSED] - path_VT = "Object Repository/AdminSuiteBootstrap_Pages/VT_Bootstrap/IssueTransactions/": null

2024-07-12 23:10:15 - [TEST_STEP][PASSED] - path_SaleKB = "Object Repository/AdminSuiteBootstrap_Pages/VT_Bootstrap/SaleKeyboard/": null

2024-07-12 23:10:15 - [TEST_STEP][PASSED] - path_TestMinus = "Object Repository/Page_TestMinusAndAtSigns/": null

2024-07-12 23:10:15 - [TEST_STEP][PASSED] - path_Receipt = "Object Repository/AdminSuiteBootstrap_Pages/VT_Bootstrap/Receipt/": null

2024-07-12 23:10:15 - [TEST_STEP][PASSED] - path_CCSearch = "Object Repository/AdminSuiteBootstrap_Pages/VT_Bootstrap/CCCreditOrVoidSearch/": null

2024-07-12 23:10:15 - [TEST_STEP][PASSED] - path_SearchResults = "Object Repository/AdminSuiteBootstrap_Pages/VT_Bootstrap/SearchResults/": null

2024-07-12 23:10:15 - [TEST_STEP][PASSED] - path_TranxDetails = "Object Repository/AdminSuiteBootstrap_Pages/VT_Bootstrap/TransactionDetails/": null

2024-07-12 23:10:15 - [TEST_STEP][PASSED] - li_1 = vpos_Prefix: null

2024-07-12 23:10:15 - [TEST_STEP][PASSED] - li_2 = "/transactions/AuthOnlyForm/": null

2024-07-12 23:10:15 - [TEST_STEP][PASSED] - executionProfile = getExecutionProfile(): null

2024-07-12 23:10:15 - [TEST_STEP][PASSED] - out.println("executionProfile : " + executionProfile): null

2024-07-12 23:10:15 - [TEST_STEP][PASSED] - appName = <not implemented yet for class: org.codehaus.groovy.ast.expr.EmptyExpression>: null

2024-07-12 23:10:15 - [TEST_STEP][PASSED] - appID = <not implemented yet for class: org.codehaus.groovy.ast.expr.EmptyExpression>: null

2024-07-12 23:10:15 - [TEST_STEP][PASSED] - cardNameV = <not implemented yet for class: org.codehaus.groovy.ast.expr.EmptyExpression>: null

2024-07-12 23:10:15 - [TEST_STEP][PASSED] - al1V = <not implemented yet for class: org.codehaus.groovy.ast.expr.EmptyExpression>: null

2024-07-12 23:10:15 - [TEST_STEP][PASSED] - al2V = <not implemented yet for class: org.codehaus.groovy.ast.expr.EmptyExpression>: null

2024-07-12 23:10:15 - [TEST_STEP][PASSED] - zipV = <not implemented yet for class: org.codehaus.groovy.ast.expr.EmptyExpression>: null

2024-07-12 23:10:15 - [TEST_STEP][PASSED] - cardTypeV = <not implemented yet for class: org.codehaus.groovy.ast.expr.EmptyExpression>: null

2024-07-12 23:10:15 - [TEST_STEP][PASSED] - last4V = <not implemented yet for class: org.codehaus.groovy.ast.expr.EmptyExpression>: null

2024-07-12 23:10:15 - [TEST_STEP][PASSED] - resText = "Fail": null

2024-07-12 23:10:15 - [TEST_STEP][PASSED] - resColumn = "Result": null

2024-07-12 23:10:15 - [TEST_STEP][PASSED] - datCloumn = "Date": null

2024-07-12 23:10:15 - [TEST_STEP][PASSED] - fileLoc = "C:\KatalonData\Bootstrap\VT-Data.xlsx": null

2024-07-12 23:10:15 - [TEST_STEP][PASSED] - numOfRows = <not implemented yet for class: org.codehaus.groovy.ast.expr.EmptyExpression>: null

2024-07-12 23:10:15 - [TEST_STEP][PASSED] - dataFile = <not implemented yet for class: org.codehaus.groovy.ast.expr.EmptyExpression>: null

2024-07-12 23:10:15 - [TEST_STEP][PASSED] - nameSheet = <not implemented yet for class: org.codehaus.groovy.ast.expr.EmptyExpression>: null

2024-07-12 23:10:15 - [TEST_STEP][PASSED] - nameSheet = "VT-AuthCapture-DualCF-Generic": null

2024-07-12 23:10:15 - [TEST_STEP][PASSED] - numOfRows = findTestData("QA/Bootstrap/VT-TestData/VT-AuthCaptureData-DualCF-Generic").getRowNumbers(): null

2024-07-12 23:10:15 - [TEST_STEP][PASSED] - println("Number of Records: " + numOfRows): null

2024-07-12 23:10:15 - [TEST_STEP][PASSED] - dataFile = "QA/Bootstrap/VT-TestData/VT-AuthCaptureData-DualCF-Generic": null

2024-07-12 23:10:15 - [TEST_STEP][PASSED] - for ([row = 1, row <= numOfRows, (row++)]): null

2024-07-12 23:10:15 - [TEST_STEP][PASSED] - ExecuteTC = findTestData(dataFile).getValue("Execute", row): null

2024-07-12 23:10:15 - [TEST_STEP][PASSED] - out.println("Value of Execute is : " + ExecuteTC): null

2024-07-12 23:10:15 - [TEST_STEP][PASSED] - switch (executionProfile): null

2024-07-12 23:10:15 - [TEST_STEP][PASSED] - case "QA2Profile":: null

2024-07-12 23:10:15 - [TEST_STEP][PASSED] - appName = findTestData(dataFile).getValue("AppNameQA", row): null

2024-07-12 23:10:15 - [TEST_STEP][PASSED] - appID = findTestData(dataFile).getValue("AppIDQA", row): null

2024-07-12 23:10:15 - [TEST_STEP][PASSED] - break: null

2024-07-12 23:10:15 - [TEST_STEP][PASSED] - hrefAppID = li_1 + appID + li_2: null

2024-07-12 23:10:15 - [TEST_STEP][PASSED] - hrefApp = li_1 + appID + "/": null

2024-07-12 23:10:15 - [TEST_STEP][PASSED] - println("hrefApp : " + hrefApp): null

2024-07-12 23:10:15 - [TEST_STEP][PASSED] - if (ExecuteTC.equalsIgnoreCase("Y")): null

2024-07-12 23:10:15 - [TEST_STEP][PASSED] - out.println("Begin Record Number: " + row): null

2024-07-12 23:10:15 - [TEST_STEP][PASSED] - today = new java.util.Date(): null

2024-07-12 23:10:15 - [TEST_STEP][PASSED] - println(today): null

2024-07-12 23:10:15 - [TEST_STEP][PASSED] - datText = today: null

2024-07-12 23:10:15 - [TEST_STEP][PASSED] - adminSuiteBootstrap.loginFunctionality.login_AdminSuite(): adminSuiteBootstrap.loginFunctionality.login_AdminSuite is PASSED

2024-07-12 23:10:15 - [MESSAGE][INFO] - Starting 'Chrome' driver

2024-07-12 23:10:15 - [MESSAGE][INFO] - User set preference: ['acceptInsecureCerts', 'true']

2024-07-12 23:10:15 - [MESSAGE][INFO] - Action delay is set to 0 milliseconds

2024-07-12 23:10:18 - [MESSAGE][PASSED] - Browser is opened with url: 'https://qa2.velocitypayment.com/admin/imtiaz'

2024-07-12 23:10:18 - [MESSAGE][PASSED] - Current window maximized

2024-07-12 23:10:18 - [MESSAGE][PASSED] - Object 'Object Repository/Login_Page/Login_Username_Okta' is present

2024-07-12 23:10:19 - [MESSAGE][PASSED] - Text 'iahmed' is set on object 'Object Repository/Login_Page/Login_Username_Okta'

2024-07-12 23:10:20 - [MESSAGE][PASSED] - Text 'Hello!6666666' is set on object 'Object Repository/Login_Page/Login_Password_Okta'

2024-07-12 23:10:21 - [MESSAGE][PASSED] - Object: 'Object Repository/Login_Page/Login_Submit_Okta' is clicked on

2024-07-12 23:10:21 - [MESSAGE][PASSED] - adminSuiteBootstrap.loginFunctionality.login_AdminSuite is PASSED

2024-07-12 23:10:21 - [TEST_STEP][PASSED] - click(findTestObject(path_Dashboard + appName)): Object: 'Object Repository/AdminSuiteBootstrap_Pages/Dashboard_Bootstrap/a_Access AutoDualCFtpQA' is clicked on

2024-07-12 23:10:29 - [MESSAGE][PASSED] - Object: 'Object Repository/AdminSuiteBootstrap_Pages/Dashboard_Bootstrap/a_Access AutoDualCFtpQA' is clicked on

2024-07-12 23:10:29 - [TEST_STEP][PASSED] - click(findTestObject(path_VT + "button_Authorization Only")): Object: 'Object Repository/AdminSuiteBootstrap_Pages/VT_Bootstrap/IssueTransactions/button_Authorization Only' is clicked on

2024-07-12 23:10:30 - [MESSAGE][PASSED] - Object: 'Object Repository/AdminSuiteBootstrap_Pages/VT_Bootstrap/IssueTransactions/button_Authorization Only' is clicked on

2024-07-12 23:10:30 - [TEST_STEP][PASSED] - authOnlyKeyboardEntryLink = modifyObjectProperty(findTestObject(path_VT + "a_KeyboardEntry_Sale"), "href", "equals", hrefAppID, true): Modify property of object successfully

2024-07-12 23:10:30 - [MESSAGE][PASSED] - Modify property of object successfully

2024-07-12 23:10:30 - [TEST_STEP][PASSED] - click(authOnlyKeyboardEntryLink): Object: 'Object Repository/AdminSuiteBootstrap_Pages/VT_Bootstrap/IssueTransactions/a_KeyboardEntry_Sale' is clicked on

2024-07-12 23:10:31 - [MESSAGE][PASSED] - Object: 'Object Repository/AdminSuiteBootstrap_Pages/VT_Bootstrap/IssueTransactions/a_KeyboardEntry_Sale' is clicked on

2024-07-12 23:10:31 - [TEST_STEP][PASSED] - adminSuiteBootstrap.virtualTerminalSetData.saleKeyboard_DataDriven(row, dataFile): adminSuiteBootstrap.virtualTerminalSetData.saleKeyboard_DataDriven is PASSED

2024-07-12 23:10:34 - [MESSAGE][PASSED] - Text 'Tulsi Raman' is set on object 'Object Repository/AdminSuiteBootstrap_Pages/VT_Bootstrap/SaleKeyboard/input_cardName'

2024-07-12 23:10:35 - [MESSAGE][PASSED] - All options with value 'RETL' are selected in object 'Object Repository/AdminSuiteBootstrap_Pages/VT_Bootstrap/SaleKeyboard/select_transactionCategory'  using regular expression

2024-07-12 23:10:36 - [MESSAGE][PASSED] - Execute JavaScript 'arguments[0].value ='4012000098765439' ' successfully

2024-07-12 23:10:36 - [MESSAGE][PASSED] - Execute JavaScript 'arguments[0].value ='123' ' successfully

2024-07-12 23:10:37 - [MESSAGE][PASSED] - All options with value '12' are selected in object 'Object Repository/AdminSuiteBootstrap_Pages/VT_Bootstrap/SaleKeyboard/select_MM'  using regular expression

2024-07-12 23:10:38 - [MESSAGE][PASSED] - All options with value '2025' are selected in object 'Object Repository/AdminSuiteBootstrap_Pages/VT_Bootstrap/SaleKeyboard/select_YYYY'  using regular expression

2024-07-12 23:10:39 - [MESSAGE][PASSED] - Text '36 Cornor Road' is set on object 'Object Repository/AdminSuiteBootstrap_Pages/VT_Bootstrap/SaleKeyboard/input__address'

2024-07-12 23:10:40 - [MESSAGE][PASSED] - Text 'Suite 500' is set on object 'Object Repository/AdminSuiteBootstrap_Pages/VT_Bootstrap/SaleKeyboard/input__address2'

2024-07-12 23:10:41 - [MESSAGE][PASSED] - Text '22201' is set on object 'Object Repository/AdminSuiteBootstrap_Pages/VT_Bootstrap/SaleKeyboard/input__zip'

2024-07-12 23:10:41 - [MESSAGE][PASSED] - Text '' is set on object 'Object Repository/AdminSuiteBootstrap_Pages/VT_Bootstrap/SaleKeyboard/input_emailAddress'

2024-07-12 23:10:43 - [MESSAGE][PASSED] - Text '' is set on object 'Object Repository/AdminSuiteBootstrap_Pages/VT_Bootstrap/SaleKeyboard/input_smsNumber'

2024-07-12 23:10:43 - [MESSAGE][PASSED] - Text '10.50' is set on object 'Object Repository/AdminSuiteBootstrap_Pages/VT_Bootstrap/SaleKeyboard/input_amount'

2024-07-12 23:10:45 - [MESSAGE][PASSED] - Text 'Australia' is set on object 'Object Repository/AdminSuiteBootstrap_Pages/VT_Bootstrap/SaleKeyboard/input_userDefined1'

2024-07-12 23:10:45 - [MESSAGE][PASSED] - Text 'Denmark' is set on object 'Object Repository/AdminSuiteBootstrap_Pages/VT_Bootstrap/SaleKeyboard/input_userDefined2'

2024-07-12 23:10:46 - [MESSAGE][PASSED] - Text 'Sweden' is set on object 'Object Repository/AdminSuiteBootstrap_Pages/VT_Bootstrap/SaleKeyboard/input_userDefined3'

2024-07-12 23:10:47 - [MESSAGE][PASSED] - Text 'Austria' is set on object 'Object Repository/AdminSuiteBootstrap_Pages/VT_Bootstrap/SaleKeyboard/input_userDefined4'

2024-07-12 23:10:48 - [MESSAGE][PASSED] - All options with label 'Orange' are selected in object 'Object Repository/AdminSuiteBootstrap_Pages/VT_Bootstrap/SaleKeyboard/select_UDF5_DropDown'  using regular expression

2024-07-12 23:10:49 - [MESSAGE][PASSED] - All options with label 'Yellow' are selected in object 'Object Repository/AdminSuiteBootstrap_Pages/VT_Bootstrap/SaleKeyboard/select_UDF6_DropDown'  using regular expression

2024-07-12 23:10:49 - [MESSAGE][PASSED] - Text 'Norway' is set on object 'Object Repository/AdminSuiteBootstrap_Pages/VT_Bootstrap/SaleKeyboard/input_userDefined7'

2024-07-12 23:10:50 - [MESSAGE][PASSED] - Text 'Netherlands' is set on object 'Object Repository/AdminSuiteBootstrap_Pages/VT_Bootstrap/SaleKeyboard/input_userDefined8'

2024-07-12 23:10:51 - [MESSAGE][PASSED] - Text 'Switzerland' is set on object 'Object Repository/AdminSuiteBootstrap_Pages/VT_Bootstrap/SaleKeyboard/input_userDefined9'

2024-07-12 23:10:52 - [MESSAGE][PASSED] - Text 'France' is set on object 'Object Repository/AdminSuiteBootstrap_Pages/VT_Bootstrap/SaleKeyboard/input_userDefined10'

2024-07-12 23:10:53 - [MESSAGE][PASSED] - Object: 'Object Repository/AdminSuiteBootstrap_Pages/VT_Bootstrap/SaleKeyboard/button_Submit' is clicked on

2024-07-12 23:10:53 - [MESSAGE][PASSED] - adminSuiteBootstrap.virtualTerminalSetData.saleKeyboard_DataDriven is PASSED

2024-07-12 23:10:53 - [TEST_STEP][PASSED] - if (verifyTextPresent("Transaction Successful", true)): null

2024-07-12 23:10:54 - [MESSAGE][PASSED] - Text 'Transaction Successful' is present on page  using regular expression

2024-07-12 23:10:54 - [TEST_STEP][PASSED] - sdf = getText(findTestObject(path_Receipt + "td_AutoNoC031622113752957Ahm")): Text of object 'Object Repository/AdminSuiteBootstrap_Pages/VT_Bootstrap/Receipt/td_AutoNoC031622113752957Ahm' is: 'AutoDua071224230322149Ahm'

2024-07-12 23:10:54 - [MESSAGE][PASSED] - Text of object 'Object Repository/AdminSuiteBootstrap_Pages/VT_Bootstrap/Receipt/td_AutoNoC031622113752957Ahm' is: 'AutoDua071224230322149Ahm'

2024-07-12 23:10:54 - [TEST_STEP][PASSED] - out.println("sdf: " + sdf): null

2024-07-12 23:10:54 - [TEST_STEP][PASSED] - remID = sdf: null

2024-07-12 23:10:54 - [TEST_STEP][PASSED] - out.println("remID: " + remID): null

2024-07-12 23:10:54 - [TEST_STEP][PASSED] - click(findTestObject(path_Receipt + "button_Continue")): Object: 'Object Repository/AdminSuiteBootstrap_Pages/VT_Bootstrap/Receipt/button_Continue' is clicked on

2024-07-12 23:10:55 - [MESSAGE][PASSED] - Object: 'Object Repository/AdminSuiteBootstrap_Pages/VT_Bootstrap/Receipt/button_Continue' is clicked on

2024-07-12 23:10:55 - [TEST_STEP][PASSED] - click(findTestObject(path_VT + "a_Search Transactions")): Object: 'Object Repository/AdminSuiteBootstrap_Pages/VT_Bootstrap/IssueTransactions/a_Search Transactions' is clicked on

2024-07-12 23:10:56 - [MESSAGE][PASSED] - Object: 'Object Repository/AdminSuiteBootstrap_Pages/VT_Bootstrap/IssueTransactions/a_Search Transactions' is clicked on

2024-07-12 23:10:56 - [TEST_STEP][PASSED] - setText(findTestObject(path_CCSearch + "input_Search By_searchValue"), remID): Text 'AutoDua071224230322149Ahm' is set on object 'Object Repository/AdminSuiteBootstrap_Pages/VT_Bootstrap/CCCreditOrVoidSearch/input_Search By_searchValue'

2024-07-12 23:10:57 - [MESSAGE][PASSED] - Text 'AutoDua071224230322149Ahm' is set on object 'Object Repository/AdminSuiteBootstrap_Pages/VT_Bootstrap/CCCreditOrVoidSearch/input_Search By_searchValue'

2024-07-12 23:10:57 - [TEST_STEP][PASSED] - click(findTestObject(path_CCSearch + "option_Authorization")): Object: 'Object Repository/AdminSuiteBootstrap_Pages/VT_Bootstrap/CCCreditOrVoidSearch/option_Authorization' is clicked on

2024-07-12 23:10:57 - [MESSAGE][PASSED] - Object: 'Object Repository/AdminSuiteBootstrap_Pages/VT_Bootstrap/CCCreditOrVoidSearch/option_Authorization' is clicked on

2024-07-12 23:10:57 - [TEST_STEP][PASSED] - click(findTestObject(path_CCSearch + "button_Submit")): Object: 'Object Repository/AdminSuiteBootstrap_Pages/VT_Bootstrap/CCCreditOrVoidSearch/button_Submit' is clicked on

2024-07-12 23:10:58 - [MESSAGE][PASSED] - Object: 'Object Repository/AdminSuiteBootstrap_Pages/VT_Bootstrap/CCCreditOrVoidSearch/button_Submit' is clicked on

2024-07-12 23:10:58 - [TEST_STEP][PASSED] - fgr = getText(findTestObject(path_SearchResults + "div_Payment ID")): Text of object 'Object Repository/AdminSuiteBootstrap_Pages/VT_Bootstrap/SearchResults/div_Payment ID' is: 'Payment ID
Payment Type
Transaction Type
Remittance ID
Name
Total Amount
End Date
Status
12154850 Credit Card Authorization AutoDua071224230322149Ahm Tulsi Raman $10.50 07/12/2024 Success'

2024-07-12 23:10:59 - [MESSAGE][PASSED] - Text of object 'Object Repository/AdminSuiteBootstrap_Pages/VT_Bootstrap/SearchResults/div_Payment ID' is: 'Payment ID
Payment Type
Transaction Type
Remittance ID
Name
Total Amount
End Date
Status
12154850 Credit Card Authorization AutoDua071224230322149Ahm Tulsi Raman $10.50 07/12/2024 Success'

2024-07-12 23:10:59 - [TEST_STEP][PASSED] - payID = substring(89, 98).trim(): null

2024-07-12 23:10:59 - [TEST_STEP][PASSED] - out.println("payID: " + payID): null

2024-07-12 23:10:59 - [TEST_STEP][PASSED] - click(findTestObject(path_SearchResults + "button_PaymentID")): Object: 'Object Repository/AdminSuiteBootstrap_Pages/VT_Bootstrap/SearchResults/button_PaymentID' is clicked on

2024-07-12 23:10:59 - [MESSAGE][PASSED] - Object: 'Object Repository/AdminSuiteBootstrap_Pages/VT_Bootstrap/SearchResults/button_PaymentID' is clicked on

2024-07-12 23:10:59 - [TEST_STEP][PASSED] - verifyTextPresent("Tender Type", true): Text 'Tender Type' is present on page  using regular expression

2024-07-12 23:11:00 - [MESSAGE][PASSED] - Text 'Tender Type' is present on page  using regular expression

2024-07-12 23:11:00 - [TEST_STEP][PASSED] - verifyTextPresent("Credit Card", true): Text 'Credit Card' is present on page  using regular expression

2024-07-12 23:11:00 - [MESSAGE][PASSED] - Text 'Credit Card' is present on page  using regular expression

2024-07-12 23:11:00 - [TEST_STEP][PASSED] - verifyTextPresent("Transaction Type", true): Text 'Transaction Type' is present on page  using regular expression

2024-07-12 23:11:01 - [MESSAGE][PASSED] - Text 'Transaction Type' is present on page  using regular expression

2024-07-12 23:11:01 - [TEST_STEP][PASSED] - verifyTextPresent("Authorization", true): Text 'Authorization' is present on page  using regular expression

2024-07-12 23:11:01 - [MESSAGE][PASSED] - Text 'Authorization' is present on page  using regular expression

2024-07-12 23:11:01 - [TEST_STEP][PASSED] - verifyTextPresent("Transaction Posted by", true): Text 'Transaction Posted by' is present on page  using regular expression

2024-07-12 23:11:01 - [MESSAGE][PASSED] - Text 'Transaction Posted by' is present on page  using regular expression

2024-07-12 23:11:01 - [TEST_STEP][PASSED] - verifyTextPresent("iahmed", true): Text 'iahmed' is present on page  using regular expression

2024-07-12 23:11:02 - [MESSAGE][PASSED] - Text 'iahmed' is present on page  using regular expression

2024-07-12 23:11:02 - [TEST_STEP][PASSED] - click(findTestObject(path_TranxDetails + "a_Capture this transaction")): Object: 'Object Repository/AdminSuiteBootstrap_Pages/VT_Bootstrap/TransactionDetails/a_Capture this transaction' is clicked on

2024-07-12 23:11:04 - [MESSAGE][PASSED] - Object: 'Object Repository/AdminSuiteBootstrap_Pages/VT_Bootstrap/TransactionDetails/a_Capture this transaction' is clicked on

2024-07-12 23:11:04 - [TEST_STEP][PASSED] - verifyTextPresent("Credit Card Capture", true): Text 'Credit Card Capture' is present on page  using regular expression

2024-07-12 23:11:04 - [MESSAGE][PASSED] - Text 'Credit Card Capture' is present on page  using regular expression

2024-07-12 23:11:04 - [TEST_STEP][PASSED] - captureAmount = findTestData(dataFile).getValue("CaptureAmount", row): null

2024-07-12 23:11:04 - [TEST_STEP][PASSED] - setText(findTestObject(path_SaleKB + "input_amountCapture"), captureAmount): Text '10.50' is set on object 'Object Repository/AdminSuiteBootstrap_Pages/VT_Bootstrap/SaleKeyboard/input_amountCapture'

2024-07-12 23:11:05 - [MESSAGE][PASSED] - Text '10.50' is set on object 'Object Repository/AdminSuiteBootstrap_Pages/VT_Bootstrap/SaleKeyboard/input_amountCapture'

2024-07-12 23:11:05 - [TEST_STEP][PASSED] - amountWithCF = findTestData(dataFile).getValue("AmountwithCF", row): null

2024-07-12 23:11:05 - [TEST_STEP][PASSED] - click(findTestObject(path_TranxDetails + "button_Submit")): Object: 'Object Repository/AdminSuiteBootstrap_Pages/VT_Bootstrap/TransactionDetails/button_Submit' is clicked on

2024-07-12 23:11:07 - [MESSAGE][PASSED] - Object: 'Object Repository/AdminSuiteBootstrap_Pages/VT_Bootstrap/TransactionDetails/button_Submit' is clicked on

2024-07-12 23:11:07 - [TEST_STEP][PASSED] - verifyTextPresent("Transaction Successful", true): Text 'Transaction Successful' is present on page  using regular expression

2024-07-12 23:11:08 - [MESSAGE][PASSED] - Text 'Transaction Successful' is present on page  using regular expression

2024-07-12 23:11:08 - [TEST_STEP][PASSED] - verifyTextPresent("Transaction Type", true): Text 'Transaction Type' is present on page  using regular expression

2024-07-12 23:11:08 - [MESSAGE][PASSED] - Text 'Transaction Type' is present on page  using regular expression

2024-07-12 23:11:08 - [TEST_STEP][PASSED] - verifyTextPresent("Capture", true): Text 'Capture' is present on page  using regular expression

2024-07-12 23:11:08 - [MESSAGE][PASSED] - Text 'Capture' is present on page  using regular expression

2024-07-12 23:11:08 - [TEST_STEP][PASSED] - verifyTextPresent("Amount", true): Text 'Amount' is present on page  using regular expression

2024-07-12 23:11:09 - [MESSAGE][PASSED] - Text 'Amount' is present on page  using regular expression

2024-07-12 23:11:09 - [TEST_STEP][PASSED] - verifyTextPresent("Service Fee", true): Text 'Service Fee' is present on page  using regular expression

2024-07-12 23:11:09 - [MESSAGE][PASSED] - Text 'Service Fee' is present on page  using regular expression

2024-07-12 23:11:09 - [TEST_STEP][PASSED] - verifyTextPresent("Service Fee Type", true): Text 'Service Fee Type' is present on page  using regular expression

2024-07-12 23:11:09 - [MESSAGE][PASSED] - Text 'Service Fee Type' is present on page  using regular expression

2024-07-12 23:11:09 - [TEST_STEP][PASSED] - verifyTextPresent("Total Amount", true): Text 'Total Amount' is present on page  using regular expression

2024-07-12 23:11:10 - [MESSAGE][PASSED] - Text 'Total Amount' is present on page  using regular expression

2024-07-12 23:11:10 - [TEST_STEP][PASSED] - verifyTextPresent(captureAmount, true): Text '10.50' is present on page  using regular expression

2024-07-12 23:11:10 - [MESSAGE][PASSED] - Text '10.50' is present on page  using regular expression

2024-07-12 23:11:10 - [TEST_STEP][PASSED] - verifyTextPresent("5.00", true): Text '5.00' is present on page  using regular expression

2024-07-12 23:11:10 - [MESSAGE][PASSED] - Text '5.00' is present on page  using regular expression

2024-07-12 23:11:10 - [TEST_STEP][PASSED] - verifyTextPresent("Dual Transaction", true): Text 'Dual Transaction' is present on page  using regular expression

2024-07-12 23:11:11 - [MESSAGE][PASSED] - Text 'Dual Transaction' is present on page  using regular expression

2024-07-12 23:11:11 - [TEST_STEP][PASSED] - verifyTextPresent(amountWithCF, true): Text '15.50' is present on page  using regular expression

2024-07-12 23:11:11 - [MESSAGE][PASSED] - Text '15.50' is present on page  using regular expression

2024-07-12 23:11:11 - [TEST_STEP][PASSED] - closeBrowser(): Browser is closed

2024-07-12 23:11:12 - [MESSAGE][PASSED] - Browser is closed

2024-07-12 23:11:12 - [TEST_STEP][PASSED] - ExecuteTC = findTestData(dataFile).getValue("Execute", row): null

2024-07-12 23:11:12 - [TEST_STEP][PASSED] - out.println("Value of Execute is : " + ExecuteTC): null

2024-07-12 23:11:12 - [TEST_STEP][PASSED] - switch (executionProfile): null

2024-07-12 23:11:12 - [TEST_STEP][PASSED] - case "QA2Profile":: null

2024-07-12 23:11:12 - [TEST_STEP][PASSED] - appName = findTestData(dataFile).getValue("AppNameQA", row): null

2024-07-12 23:11:12 - [TEST_STEP][PASSED] - appID = findTestData(dataFile).getValue("AppIDQA", row): null

2024-07-12 23:11:13 - [TEST_STEP][PASSED] - break: null

2024-07-12 23:11:13 - [TEST_STEP][PASSED] - hrefAppID = li_1 + appID + li_2: null

2024-07-12 23:11:13 - [TEST_STEP][PASSED] - hrefApp = li_1 + appID + "/": null

2024-07-12 23:11:13 - [TEST_STEP][PASSED] - println("hrefApp : " + hrefApp): null

2024-07-12 23:11:13 - [TEST_STEP][PASSED] - if (ExecuteTC.equalsIgnoreCase("Y")): null

2024-07-12 23:11:13 - [TEST_STEP][PASSED] - out.println("Begin Record Number: " + row): null

2024-07-12 23:11:13 - [TEST_STEP][PASSED] - today = new java.util.Date(): null

2024-07-12 23:11:13 - [TEST_STEP][PASSED] - println(today): null

2024-07-12 23:11:13 - [TEST_STEP][PASSED] - datText = today: null

2024-07-12 23:11:13 - [TEST_STEP][PASSED] - adminSuiteBootstrap.loginFunctionality.login_AdminSuite(): adminSuiteBootstrap.loginFunctionality.login_AdminSuite is PASSED

2024-07-12 23:11:13 - [MESSAGE][INFO] - Starting 'Chrome' driver

2024-07-12 23:11:13 - [MESSAGE][INFO] - User set preference: ['acceptInsecureCerts', 'true']

2024-07-12 23:11:13 - [MESSAGE][INFO] - Action delay is set to 0 milliseconds

2024-07-12 23:11:15 - [MESSAGE][PASSED] - Browser is opened with url: 'https://qa2.velocitypayment.com/admin/imtiaz'

2024-07-12 23:11:15 - [MESSAGE][PASSED] - Current window maximized

2024-07-12 23:11:16 - [MESSAGE][PASSED] - Object 'Object Repository/Login_Page/Login_Username_Okta' is present

2024-07-12 23:11:17 - [MESSAGE][PASSED] - Text 'iahmed' is set on object 'Object Repository/Login_Page/Login_Username_Okta'

2024-07-12 23:11:18 - [MESSAGE][PASSED] - Text 'Hello!6666666' is set on object 'Object Repository/Login_Page/Login_Password_Okta'

2024-07-12 23:11:18 - [MESSAGE][PASSED] - Object: 'Object Repository/Login_Page/Login_Submit_Okta' is clicked on

2024-07-12 23:11:18 - [MESSAGE][PASSED] - adminSuiteBootstrap.loginFunctionality.login_AdminSuite is PASSED

2024-07-12 23:11:18 - [TEST_STEP][PASSED] - click(findTestObject(path_Dashboard + appName)): Object: 'Object Repository/AdminSuiteBootstrap_Pages/Dashboard_Bootstrap/a_Access AutoDualCFtpQA' is clicked on

2024-07-12 23:11:26 - [MESSAGE][PASSED] - Object: 'Object Repository/AdminSuiteBootstrap_Pages/Dashboard_Bootstrap/a_Access AutoDualCFtpQA' is clicked on

2024-07-12 23:11:26 - [TEST_STEP][PASSED] - click(findTestObject(path_VT + "button_Authorization Only")): Object: 'Object Repository/AdminSuiteBootstrap_Pages/VT_Bootstrap/IssueTransactions/button_Authorization Only' is clicked on

2024-07-12 23:11:26 - [MESSAGE][PASSED] - Object: 'Object Repository/AdminSuiteBootstrap_Pages/VT_Bootstrap/IssueTransactions/button_Authorization Only' is clicked on

2024-07-12 23:11:26 - [TEST_STEP][PASSED] - authOnlyKeyboardEntryLink = modifyObjectProperty(findTestObject(path_VT + "a_KeyboardEntry_Sale"), "href", "equals", hrefAppID, true): Modify property of object successfully

2024-07-12 23:11:26 - [MESSAGE][PASSED] - Modify property of object successfully

2024-07-12 23:11:26 - [TEST_STEP][PASSED] - click(authOnlyKeyboardEntryLink): Object: 'Object Repository/AdminSuiteBootstrap_Pages/VT_Bootstrap/IssueTransactions/a_KeyboardEntry_Sale' is clicked on

2024-07-12 23:11:27 - [MESSAGE][PASSED] - Object: 'Object Repository/AdminSuiteBootstrap_Pages/VT_Bootstrap/IssueTransactions/a_KeyboardEntry_Sale' is clicked on

2024-07-12 23:11:27 - [TEST_STEP][PASSED] - adminSuiteBootstrap.virtualTerminalSetData.saleKeyboard_DataDriven(row, dataFile): adminSuiteBootstrap.virtualTerminalSetData.saleKeyboard_DataDriven is PASSED

2024-07-12 23:11:31 - [MESSAGE][PASSED] - Text 'Tulsi Raman' is set on object 'Object Repository/AdminSuiteBootstrap_Pages/VT_Bootstrap/SaleKeyboard/input_cardName'

2024-07-12 23:11:32 - [MESSAGE][PASSED] - All options with value 'RETL' are selected in object 'Object Repository/AdminSuiteBootstrap_Pages/VT_Bootstrap/SaleKeyboard/select_transactionCategory'  using regular expression

2024-07-12 23:11:33 - [MESSAGE][PASSED] - Execute JavaScript 'arguments[0].value ='5146312200000035' ' successfully

2024-07-12 23:11:33 - [MESSAGE][PASSED] - Execute JavaScript 'arguments[0].value ='123' ' successfully

2024-07-12 23:11:34 - [MESSAGE][PASSED] - All options with value '12' are selected in object 'Object Repository/AdminSuiteBootstrap_Pages/VT_Bootstrap/SaleKeyboard/select_MM'  using regular expression

2024-07-12 23:11:35 - [MESSAGE][PASSED] - All options with value '2025' are selected in object 'Object Repository/AdminSuiteBootstrap_Pages/VT_Bootstrap/SaleKeyboard/select_YYYY'  using regular expression

2024-07-12 23:11:36 - [MESSAGE][PASSED] - Text '1478 Jhatka Palace' is set on object 'Object Repository/AdminSuiteBootstrap_Pages/VT_Bootstrap/SaleKeyboard/input__address'

2024-07-12 23:11:37 - [MESSAGE][PASSED] - Text 'Suite 500' is set on object 'Object Repository/AdminSuiteBootstrap_Pages/VT_Bootstrap/SaleKeyboard/input__address2'

2024-07-12 23:11:37 - [MESSAGE][PASSED] - Text '22201' is set on object 'Object Repository/AdminSuiteBootstrap_Pages/VT_Bootstrap/SaleKeyboard/input__zip'

2024-07-12 23:11:38 - [MESSAGE][PASSED] - Text '' is set on object 'Object Repository/AdminSuiteBootstrap_Pages/VT_Bootstrap/SaleKeyboard/input_emailAddress'

2024-07-12 23:11:39 - [MESSAGE][PASSED] - Text '' is set on object 'Object Repository/AdminSuiteBootstrap_Pages/VT_Bootstrap/SaleKeyboard/input_smsNumber'

2024-07-12 23:11:40 - [MESSAGE][PASSED] - Text '10.50' is set on object 'Object Repository/AdminSuiteBootstrap_Pages/VT_Bootstrap/SaleKeyboard/input_amount'

2024-07-12 23:11:41 - [MESSAGE][PASSED] - Text 'Australia' is set on object 'Object Repository/AdminSuiteBootstrap_Pages/VT_Bootstrap/SaleKeyboard/input_userDefined1'

2024-07-12 23:11:42 - [MESSAGE][PASSED] - Text 'Denmark' is set on object 'Object Repository/AdminSuiteBootstrap_Pages/VT_Bootstrap/SaleKeyboard/input_userDefined2'

2024-07-12 23:11:43 - [MESSAGE][PASSED] - Text 'Sweden' is set on object 'Object Repository/AdminSuiteBootstrap_Pages/VT_Bootstrap/SaleKeyboard/input_userDefined3'

2024-07-12 23:11:43 - [MESSAGE][PASSED] - Text 'Austria' is set on object 'Object Repository/AdminSuiteBootstrap_Pages/VT_Bootstrap/SaleKeyboard/input_userDefined4'

2024-07-12 23:11:44 - [MESSAGE][PASSED] - All options with label 'Orange' are selected in object 'Object Repository/AdminSuiteBootstrap_Pages/VT_Bootstrap/SaleKeyboard/select_UDF5_DropDown'  using regular expression

2024-07-12 23:11:45 - [MESSAGE][PASSED] - All options with label 'Yellow' are selected in object 'Object Repository/AdminSuiteBootstrap_Pages/VT_Bootstrap/SaleKeyboard/select_UDF6_DropDown'  using regular expression

2024-07-12 23:11:46 - [MESSAGE][PASSED] - Text 'Norway' is set on object 'Object Repository/AdminSuiteBootstrap_Pages/VT_Bootstrap/SaleKeyboard/input_userDefined7'

2024-07-12 23:11:47 - [MESSAGE][PASSED] - Text 'Netherlands' is set on object 'Object Repository/AdminSuiteBootstrap_Pages/VT_Bootstrap/SaleKeyboard/input_userDefined8'

2024-07-12 23:11:48 - [MESSAGE][PASSED] - Text 'Switzerland' is set on object 'Object Repository/AdminSuiteBootstrap_Pages/VT_Bootstrap/SaleKeyboard/input_userDefined9'

2024-07-12 23:11:48 - [MESSAGE][PASSED] - Text 'France' is set on object 'Object Repository/AdminSuiteBootstrap_Pages/VT_Bootstrap/SaleKeyboard/input_userDefined10'

2024-07-12 23:11:50 - [MESSAGE][PASSED] - Object: 'Object Repository/AdminSuiteBootstrap_Pages/VT_Bootstrap/SaleKeyboard/button_Submit' is clicked on

2024-07-12 23:11:50 - [MESSAGE][PASSED] - adminSuiteBootstrap.virtualTerminalSetData.saleKeyboard_DataDriven is PASSED

2024-07-12 23:11:50 - [TEST_STEP][PASSED] - if (verifyTextPresent("Transaction Successful", true)): null

2024-07-12 23:11:51 - [MESSAGE][PASSED] - Text 'Transaction Successful' is present on page  using regular expression

2024-07-12 23:11:51 - [TEST_STEP][PASSED] - sdf = getText(findTestObject(path_Receipt + "td_AutoNoC031622113752957Ahm")): Text of object 'Object Repository/AdminSuiteBootstrap_Pages/VT_Bootstrap/Receipt/td_AutoNoC031622113752957Ahm' is: 'AutoDua071224230418420Ahm'

2024-07-12 23:11:51 - [MESSAGE][PASSED] - Text of object 'Object Repository/AdminSuiteBootstrap_Pages/VT_Bootstrap/Receipt/td_AutoNoC031622113752957Ahm' is: 'AutoDua071224230418420Ahm'

2024-07-12 23:11:51 - [TEST_STEP][PASSED] - out.println("sdf: " + sdf): null

2024-07-12 23:11:51 - [TEST_STEP][PASSED] - remID = sdf: null

2024-07-12 23:11:51 - [TEST_STEP][PASSED] - out.println("remID: " + remID): null

2024-07-12 23:11:51 - [TEST_STEP][PASSED] - click(findTestObject(path_Receipt + "button_Continue")): Object: 'Object Repository/AdminSuiteBootstrap_Pages/VT_Bootstrap/Receipt/button_Continue' is clicked on

2024-07-12 23:11:52 - [MESSAGE][PASSED] - Object: 'Object Repository/AdminSuiteBootstrap_Pages/VT_Bootstrap/Receipt/button_Continue' is clicked on

2024-07-12 23:11:52 - [TEST_STEP][PASSED] - click(findTestObject(path_VT + "a_Search Transactions")): Object: 'Object Repository/AdminSuiteBootstrap_Pages/VT_Bootstrap/IssueTransactions/a_Search Transactions' is clicked on

2024-07-12 23:11:53 - [MESSAGE][PASSED] - Object: 'Object Repository/AdminSuiteBootstrap_Pages/VT_Bootstrap/IssueTransactions/a_Search Transactions' is clicked on

2024-07-12 23:11:53 - [TEST_STEP][PASSED] - setText(findTestObject(path_CCSearch + "input_Search By_searchValue"), remID): Text 'AutoDua071224230418420Ahm' is set on object 'Object Repository/AdminSuiteBootstrap_Pages/VT_Bootstrap/CCCreditOrVoidSearch/input_Search By_searchValue'

2024-07-12 23:11:54 - [MESSAGE][PASSED] - Text 'AutoDua071224230418420Ahm' is set on object 'Object Repository/AdminSuiteBootstrap_Pages/VT_Bootstrap/CCCreditOrVoidSearch/input_Search By_searchValue'

2024-07-12 23:11:54 - [TEST_STEP][PASSED] - click(findTestObject(path_CCSearch + "option_Authorization")): Object: 'Object Repository/AdminSuiteBootstrap_Pages/VT_Bootstrap/CCCreditOrVoidSearch/option_Authorization' is clicked on

2024-07-12 23:11:54 - [MESSAGE][PASSED] - Object: 'Object Repository/AdminSuiteBootstrap_Pages/VT_Bootstrap/CCCreditOrVoidSearch/option_Authorization' is clicked on

2024-07-12 23:11:54 - [TEST_STEP][PASSED] - click(findTestObject(path_CCSearch + "button_Submit")): Object: 'Object Repository/AdminSuiteBootstrap_Pages/VT_Bootstrap/CCCreditOrVoidSearch/button_Submit' is clicked on

2024-07-12 23:11:55 - [MESSAGE][PASSED] - Object: 'Object Repository/AdminSuiteBootstrap_Pages/VT_Bootstrap/CCCreditOrVoidSearch/button_Submit' is clicked on

2024-07-12 23:11:55 - [TEST_STEP][PASSED] - fgr = getText(findTestObject(path_SearchResults + "div_Payment ID")): Text of object 'Object Repository/AdminSuiteBootstrap_Pages/VT_Bootstrap/SearchResults/div_Payment ID' is: 'Payment ID
Payment Type
Transaction Type
Remittance ID
Name
Total Amount
End Date
Status
12154854 Credit Card Authorization AutoDua071224230418420Ahm Tulsi Raman $10.50 07/12/2024 Success'

2024-07-12 23:11:55 - [MESSAGE][PASSED] - Text of object 'Object Repository/AdminSuiteBootstrap_Pages/VT_Bootstrap/SearchResults/div_Payment ID' is: 'Payment ID
Payment Type
Transaction Type
Remittance ID
Name
Total Amount
End Date
Status
12154854 Credit Card Authorization AutoDua071224230418420Ahm Tulsi Raman $10.50 07/12/2024 Success'

2024-07-12 23:11:55 - [TEST_STEP][PASSED] - payID = substring(89, 98).trim(): null

2024-07-12 23:11:55 - [TEST_STEP][PASSED] - out.println("payID: " + payID): null

2024-07-12 23:11:55 - [TEST_STEP][PASSED] - click(findTestObject(path_SearchResults + "button_PaymentID")): Object: 'Object Repository/AdminSuiteBootstrap_Pages/VT_Bootstrap/SearchResults/button_PaymentID' is clicked on

2024-07-12 23:11:56 - [MESSAGE][PASSED] - Object: 'Object Repository/AdminSuiteBootstrap_Pages/VT_Bootstrap/SearchResults/button_PaymentID' is clicked on

2024-07-12 23:11:56 - [TEST_STEP][PASSED] - verifyTextPresent("Tender Type", true): Text 'Tender Type' is present on page  using regular expression

2024-07-12 23:11:57 - [MESSAGE][PASSED] - Text 'Tender Type' is present on page  using regular expression

2024-07-12 23:11:57 - [TEST_STEP][PASSED] - verifyTextPresent("Credit Card", true): Text 'Credit Card' is present on page  using regular expression

2024-07-12 23:11:57 - [MESSAGE][PASSED] - Text 'Credit Card' is present on page  using regular expression

2024-07-12 23:11:57 - [TEST_STEP][PASSED] - verifyTextPresent("Transaction Type", true): Text 'Transaction Type' is present on page  using regular expression

2024-07-12 23:11:57 - [MESSAGE][PASSED] - Text 'Transaction Type' is present on page  using regular expression

2024-07-12 23:11:57 - [TEST_STEP][PASSED] - verifyTextPresent("Authorization", true): Text 'Authorization' is present on page  using regular expression

2024-07-12 23:11:58 - [MESSAGE][PASSED] - Text 'Authorization' is present on page  using regular expression

2024-07-12 23:11:58 - [TEST_STEP][PASSED] - verifyTextPresent("Transaction Posted by", true): Text 'Transaction Posted by' is present on page  using regular expression

2024-07-12 23:11:58 - [MESSAGE][PASSED] - Text 'Transaction Posted by' is present on page  using regular expression

2024-07-12 23:11:58 - [TEST_STEP][PASSED] - verifyTextPresent("iahmed", true): Text 'iahmed' is present on page  using regular expression

2024-07-12 23:11:58 - [MESSAGE][PASSED] - Text 'iahmed' is present on page  using regular expression

2024-07-12 23:11:58 - [TEST_STEP][PASSED] - click(findTestObject(path_TranxDetails + "a_Capture this transaction")): Object: 'Object Repository/AdminSuiteBootstrap_Pages/VT_Bootstrap/TransactionDetails/a_Capture this transaction' is clicked on

2024-07-12 23:11:59 - [MESSAGE][PASSED] - Object: 'Object Repository/AdminSuiteBootstrap_Pages/VT_Bootstrap/TransactionDetails/a_Capture this transaction' is clicked on

2024-07-12 23:11:59 - [TEST_STEP][PASSED] - verifyTextPresent("Credit Card Capture", true): Text 'Credit Card Capture' is present on page  using regular expression

2024-07-12 23:12:00 - [MESSAGE][PASSED] - Text 'Credit Card Capture' is present on page  using regular expression

2024-07-12 23:12:00 - [TEST_STEP][PASSED] - captureAmount = findTestData(dataFile).getValue("CaptureAmount", row): null

2024-07-12 23:12:00 - [TEST_STEP][PASSED] - setText(findTestObject(path_SaleKB + "input_amountCapture"), captureAmount): Text '8.50' is set on object 'Object Repository/AdminSuiteBootstrap_Pages/VT_Bootstrap/SaleKeyboard/input_amountCapture'

2024-07-12 23:12:01 - [MESSAGE][PASSED] - Text '8.50' is set on object 'Object Repository/AdminSuiteBootstrap_Pages/VT_Bootstrap/SaleKeyboard/input_amountCapture'

2024-07-12 23:12:01 - [TEST_STEP][PASSED] - amountWithCF = findTestData(dataFile).getValue("AmountwithCF", row): null

2024-07-12 23:12:01 - [TEST_STEP][PASSED] - click(findTestObject(path_TranxDetails + "button_Submit")): Object: 'Object Repository/AdminSuiteBootstrap_Pages/VT_Bootstrap/TransactionDetails/button_Submit' is clicked on

2024-07-12 23:12:03 - [MESSAGE][PASSED] - Object: 'Object Repository/AdminSuiteBootstrap_Pages/VT_Bootstrap/TransactionDetails/button_Submit' is clicked on

2024-07-12 23:12:03 - [TEST_STEP][PASSED] - verifyTextPresent("Transaction Successful", true): Text 'Transaction Successful' is present on page  using regular expression

2024-07-12 23:12:04 - [MESSAGE][PASSED] - Text 'Transaction Successful' is present on page  using regular expression

2024-07-12 23:12:04 - [TEST_STEP][PASSED] - verifyTextPresent("Transaction Type", true): Text 'Transaction Type' is present on page  using regular expression

2024-07-12 23:12:04 - [MESSAGE][PASSED] - Text 'Transaction Type' is present on page  using regular expression

2024-07-12 23:12:04 - [TEST_STEP][PASSED] - verifyTextPresent("Capture", true): Text 'Capture' is present on page  using regular expression

2024-07-12 23:12:05 - [MESSAGE][PASSED] - Text 'Capture' is present on page  using regular expression

2024-07-12 23:12:05 - [TEST_STEP][PASSED] - verifyTextPresent("Amount", true): Text 'Amount' is present on page  using regular expression

2024-07-12 23:12:05 - [MESSAGE][PASSED] - Text 'Amount' is present on page  using regular expression

2024-07-12 23:12:05 - [TEST_STEP][PASSED] - verifyTextPresent("Service Fee", true): Text 'Service Fee' is present on page  using regular expression

2024-07-12 23:12:05 - [MESSAGE][PASSED] - Text 'Service Fee' is present on page  using regular expression

2024-07-12 23:12:05 - [TEST_STEP][PASSED] - verifyTextPresent("Service Fee Type", true): Text 'Service Fee Type' is present on page  using regular expression

2024-07-12 23:12:06 - [MESSAGE][PASSED] - Text 'Service Fee Type' is present on page  using regular expression

2024-07-12 23:12:06 - [TEST_STEP][PASSED] - verifyTextPresent("Total Amount", true): Text 'Total Amount' is present on page  using regular expression

2024-07-12 23:12:06 - [MESSAGE][PASSED] - Text 'Total Amount' is present on page  using regular expression

2024-07-12 23:12:06 - [TEST_STEP][PASSED] - verifyTextPresent(captureAmount, true): Text '8.50' is present on page  using regular expression

2024-07-12 23:12:06 - [MESSAGE][PASSED] - Text '8.50' is present on page  using regular expression

2024-07-12 23:12:06 - [TEST_STEP][PASSED] - verifyTextPresent("5.00", true): Text '5.00' is present on page  using regular expression

2024-07-12 23:12:07 - [MESSAGE][PASSED] - Text '5.00' is present on page  using regular expression

2024-07-12 23:12:07 - [TEST_STEP][PASSED] - verifyTextPresent("Dual Transaction", true): Text 'Dual Transaction' is present on page  using regular expression

2024-07-12 23:12:07 - [MESSAGE][PASSED] - Text 'Dual Transaction' is present on page  using regular expression

2024-07-12 23:12:07 - [TEST_STEP][PASSED] - verifyTextPresent(amountWithCF, true): Text '13.50' is present on page  using regular expression

2024-07-12 23:12:07 - [MESSAGE][PASSED] - Text '13.50' is present on page  using regular expression

2024-07-12 23:12:07 - [TEST_STEP][PASSED] - closeBrowser(): Browser is closed

2024-07-12 23:12:08 - [MESSAGE][PASSED] - Browser is closed

2024-07-12 23:12:08 - [TEST_STEP][PASSED] - ExecuteTC = findTestData(dataFile).getValue("Execute", row): null

2024-07-12 23:12:09 - [TEST_STEP][PASSED] - out.println("Value of Execute is : " + ExecuteTC): null

2024-07-12 23:12:09 - [TEST_STEP][PASSED] - switch (executionProfile): null

2024-07-12 23:12:09 - [TEST_STEP][PASSED] - case "QA2Profile":: null

2024-07-12 23:12:09 - [TEST_STEP][PASSED] - appName = findTestData(dataFile).getValue("AppNameQA", row): null

2024-07-12 23:12:09 - [TEST_STEP][PASSED] - appID = findTestData(dataFile).getValue("AppIDQA", row): null

2024-07-12 23:12:09 - [TEST_STEP][PASSED] - break: null

2024-07-12 23:12:09 - [TEST_STEP][PASSED] - hrefAppID = li_1 + appID + li_2: null

2024-07-12 23:12:09 - [TEST_STEP][PASSED] - hrefApp = li_1 + appID + "/": null

2024-07-12 23:12:09 - [TEST_STEP][PASSED] - println("hrefApp : " + hrefApp): null

2024-07-12 23:12:09 - [TEST_STEP][PASSED] - if (ExecuteTC.equalsIgnoreCase("Y")): null

2024-07-12 23:12:09 - [TEST_STEP][PASSED] - out.println("Begin Record Number: " + row): null

2024-07-12 23:12:09 - [TEST_STEP][PASSED] - today = new java.util.Date(): null

2024-07-12 23:12:09 - [TEST_STEP][PASSED] - println(today): null

2024-07-12 23:12:09 - [TEST_STEP][PASSED] - datText = today: null

2024-07-12 23:12:09 - [TEST_STEP][PASSED] - adminSuiteBootstrap.loginFunctionality.login_AdminSuite(): adminSuiteBootstrap.loginFunctionality.login_AdminSuite is PASSED

2024-07-12 23:12:09 - [MESSAGE][INFO] - Starting 'Chrome' driver

2024-07-12 23:12:09 - [MESSAGE][INFO] - User set preference: ['acceptInsecureCerts', 'true']

2024-07-12 23:12:09 - [MESSAGE][INFO] - Action delay is set to 0 milliseconds

2024-07-12 23:12:11 - [MESSAGE][PASSED] - Browser is opened with url: 'https://qa2.velocitypayment.com/admin/imtiaz'

2024-07-12 23:12:12 - [MESSAGE][PASSED] - Current window maximized

2024-07-12 23:12:12 - [MESSAGE][PASSED] - Object 'Object Repository/Login_Page/Login_Username_Okta' is present

2024-07-12 23:12:13 - [MESSAGE][PASSED] - Text 'iahmed' is set on object 'Object Repository/Login_Page/Login_Username_Okta'

2024-07-12 23:12:14 - [MESSAGE][PASSED] - Text 'Hello!6666666' is set on object 'Object Repository/Login_Page/Login_Password_Okta'

2024-07-12 23:12:14 - [MESSAGE][PASSED] - Object: 'Object Repository/Login_Page/Login_Submit_Okta' is clicked on

2024-07-12 23:12:14 - [MESSAGE][PASSED] - adminSuiteBootstrap.loginFunctionality.login_AdminSuite is PASSED

2024-07-12 23:12:14 - [TEST_STEP][PASSED] - click(findTestObject(path_Dashboard + appName)): Object: 'Object Repository/AdminSuiteBootstrap_Pages/Dashboard_Bootstrap/a_Access AutoDualCFtpQA' is clicked on

2024-07-12 23:12:22 - [MESSAGE][PASSED] - Object: 'Object Repository/AdminSuiteBootstrap_Pages/Dashboard_Bootstrap/a_Access AutoDualCFtpQA' is clicked on

2024-07-12 23:12:22 - [TEST_STEP][PASSED] - click(findTestObject(path_VT + "button_Authorization Only")): Object: 'Object Repository/AdminSuiteBootstrap_Pages/VT_Bootstrap/IssueTransactions/button_Authorization Only' is clicked on

2024-07-12 23:12:23 - [MESSAGE][PASSED] - Object: 'Object Repository/AdminSuiteBootstrap_Pages/VT_Bootstrap/IssueTransactions/button_Authorization Only' is clicked on

2024-07-12 23:12:23 - [TEST_STEP][PASSED] - authOnlyKeyboardEntryLink = modifyObjectProperty(findTestObject(path_VT + "a_KeyboardEntry_Sale"), "href", "equals", hrefAppID, true): Modify property of object successfully

2024-07-12 23:12:23 - [MESSAGE][PASSED] - Modify property of object successfully

2024-07-12 23:12:23 - [TEST_STEP][PASSED] - click(authOnlyKeyboardEntryLink): Object: 'Object Repository/AdminSuiteBootstrap_Pages/VT_Bootstrap/IssueTransactions/a_KeyboardEntry_Sale' is clicked on

2024-07-12 23:12:24 - [MESSAGE][PASSED] - Object: 'Object Repository/AdminSuiteBootstrap_Pages/VT_Bootstrap/IssueTransactions/a_KeyboardEntry_Sale' is clicked on

2024-07-12 23:12:24 - [TEST_STEP][PASSED] - adminSuiteBootstrap.virtualTerminalSetData.saleKeyboard_DataDriven(row, dataFile): adminSuiteBootstrap.virtualTerminalSetData.saleKeyboard_DataDriven is PASSED

2024-07-12 23:12:27 - [MESSAGE][PASSED] - Text 'Tulsi Raman' is set on object 'Object Repository/AdminSuiteBootstrap_Pages/VT_Bootstrap/SaleKeyboard/input_cardName'

2024-07-12 23:12:28 - [MESSAGE][PASSED] - All options with value 'RETL' are selected in object 'Object Repository/AdminSuiteBootstrap_Pages/VT_Bootstrap/SaleKeyboard/select_transactionCategory'  using regular expression

2024-07-12 23:12:29 - [MESSAGE][PASSED] - Execute JavaScript 'arguments[0].value ='371449635392376' ' successfully

2024-07-12 23:12:29 - [MESSAGE][PASSED] - Execute JavaScript 'arguments[0].value ='123' ' successfully

2024-07-12 23:12:30 - [MESSAGE][PASSED] - All options with value '12' are selected in object 'Object Repository/AdminSuiteBootstrap_Pages/VT_Bootstrap/SaleKeyboard/select_MM'  using regular expression

2024-07-12 23:12:31 - [MESSAGE][PASSED] - All options with value '2025' are selected in object 'Object Repository/AdminSuiteBootstrap_Pages/VT_Bootstrap/SaleKeyboard/select_YYYY'  using regular expression

2024-07-12 23:12:32 - [MESSAGE][PASSED] - Text '550 Swan Lake' is set on object 'Object Repository/AdminSuiteBootstrap_Pages/VT_Bootstrap/SaleKeyboard/input__address'

2024-07-12 23:12:33 - [MESSAGE][PASSED] - Text 'Suite 500' is set on object 'Object Repository/AdminSuiteBootstrap_Pages/VT_Bootstrap/SaleKeyboard/input__address2'

2024-07-12 23:12:34 - [MESSAGE][PASSED] - Text '22201' is set on object 'Object Repository/AdminSuiteBootstrap_Pages/VT_Bootstrap/SaleKeyboard/input__zip'

2024-07-12 23:12:34 - [MESSAGE][PASSED] - Text '' is set on object 'Object Repository/AdminSuiteBootstrap_Pages/VT_Bootstrap/SaleKeyboard/input_emailAddress'

2024-07-12 23:12:36 - [MESSAGE][PASSED] - Text '' is set on object 'Object Repository/AdminSuiteBootstrap_Pages/VT_Bootstrap/SaleKeyboard/input_smsNumber'

2024-07-12 23:12:36 - [MESSAGE][PASSED] - Text '10.50' is set on object 'Object Repository/AdminSuiteBootstrap_Pages/VT_Bootstrap/SaleKeyboard/input_amount'

2024-07-12 23:12:37 - [MESSAGE][PASSED] - Text 'Australia' is set on object 'Object Repository/AdminSuiteBootstrap_Pages/VT_Bootstrap/SaleKeyboard/input_userDefined1'

2024-07-12 23:12:38 - [MESSAGE][PASSED] - Text 'Denmark' is set on object 'Object Repository/AdminSuiteBootstrap_Pages/VT_Bootstrap/SaleKeyboard/input_userDefined2'

2024-07-12 23:12:39 - [MESSAGE][PASSED] - Text 'Sweden' is set on object 'Object Repository/AdminSuiteBootstrap_Pages/VT_Bootstrap/SaleKeyboard/input_userDefined3'

2024-07-12 23:12:40 - [MESSAGE][PASSED] - Text 'Austria' is set on object 'Object Repository/AdminSuiteBootstrap_Pages/VT_Bootstrap/SaleKeyboard/input_userDefined4'

2024-07-12 23:12:41 - [MESSAGE][PASSED] - All options with label 'Orange' are selected in object 'Object Repository/AdminSuiteBootstrap_Pages/VT_Bootstrap/SaleKeyboard/select_UDF5_DropDown'  using regular expression

2024-07-12 23:12:42 - [MESSAGE][PASSED] - All options with label 'Yellow' are selected in object 'Object Repository/AdminSuiteBootstrap_Pages/VT_Bootstrap/SaleKeyboard/select_UDF6_DropDown'  using regular expression

2024-07-12 23:12:42 - [MESSAGE][PASSED] - Text 'Norway' is set on object 'Object Repository/AdminSuiteBootstrap_Pages/VT_Bootstrap/SaleKeyboard/input_userDefined7'

2024-07-12 23:12:43 - [MESSAGE][PASSED] - Text 'Netherlands' is set on object 'Object Repository/AdminSuiteBootstrap_Pages/VT_Bootstrap/SaleKeyboard/input_userDefined8'

2024-07-12 23:12:44 - [MESSAGE][PASSED] - Text 'Switzerland' is set on object 'Object Repository/AdminSuiteBootstrap_Pages/VT_Bootstrap/SaleKeyboard/input_userDefined9'

2024-07-12 23:12:44 - [MESSAGE][PASSED] - Text 'France' is set on object 'Object Repository/AdminSuiteBootstrap_Pages/VT_Bootstrap/SaleKeyboard/input_userDefined10'

2024-07-12 23:12:46 - [MESSAGE][PASSED] - Object: 'Object Repository/AdminSuiteBootstrap_Pages/VT_Bootstrap/SaleKeyboard/button_Submit' is clicked on

2024-07-12 23:12:46 - [MESSAGE][PASSED] - adminSuiteBootstrap.virtualTerminalSetData.saleKeyboard_DataDriven is PASSED

2024-07-12 23:12:46 - [TEST_STEP][PASSED] - if (verifyTextPresent("Transaction Successful", true)): null

2024-07-12 23:12:47 - [MESSAGE][PASSED] - Text 'Transaction Successful' is present on page  using regular expression

2024-07-12 23:12:47 - [TEST_STEP][PASSED] - sdf = getText(findTestObject(path_Receipt + "td_AutoNoC031622113752957Ahm")): Text of object 'Object Repository/AdminSuiteBootstrap_Pages/VT_Bootstrap/Receipt/td_AutoNoC031622113752957Ahm' is: 'AutoDua071224230515016Ahm'

2024-07-12 23:12:47 - [MESSAGE][PASSED] - Text of object 'Object Repository/AdminSuiteBootstrap_Pages/VT_Bootstrap/Receipt/td_AutoNoC031622113752957Ahm' is: 'AutoDua071224230515016Ahm'

2024-07-12 23:12:47 - [TEST_STEP][PASSED] - out.println("sdf: " + sdf): null

2024-07-12 23:12:47 - [TEST_STEP][PASSED] - remID = sdf: null

2024-07-12 23:12:47 - [TEST_STEP][PASSED] - out.println("remID: " + remID): null

2024-07-12 23:12:47 - [TEST_STEP][PASSED] - click(findTestObject(path_Receipt + "button_Continue")): Object: 'Object Repository/AdminSuiteBootstrap_Pages/VT_Bootstrap/Receipt/button_Continue' is clicked on

2024-07-12 23:12:48 - [MESSAGE][PASSED] - Object: 'Object Repository/AdminSuiteBootstrap_Pages/VT_Bootstrap/Receipt/button_Continue' is clicked on

2024-07-12 23:12:48 - [TEST_STEP][PASSED] - click(findTestObject(path_VT + "a_Search Transactions")): Object: 'Object Repository/AdminSuiteBootstrap_Pages/VT_Bootstrap/IssueTransactions/a_Search Transactions' is clicked on

2024-07-12 23:12:49 - [MESSAGE][PASSED] - Object: 'Object Repository/AdminSuiteBootstrap_Pages/VT_Bootstrap/IssueTransactions/a_Search Transactions' is clicked on

2024-07-12 23:12:49 - [TEST_STEP][PASSED] - setText(findTestObject(path_CCSearch + "input_Search By_searchValue"), remID): Text 'AutoDua071224230515016Ahm' is set on object 'Object Repository/AdminSuiteBootstrap_Pages/VT_Bootstrap/CCCreditOrVoidSearch/input_Search By_searchValue'

2024-07-12 23:12:50 - [MESSAGE][PASSED] - Text 'AutoDua071224230515016Ahm' is set on object 'Object Repository/AdminSuiteBootstrap_Pages/VT_Bootstrap/CCCreditOrVoidSearch/input_Search By_searchValue'

2024-07-12 23:12:50 - [TEST_STEP][PASSED] - click(findTestObject(path_CCSearch + "option_Authorization")): Object: 'Object Repository/AdminSuiteBootstrap_Pages/VT_Bootstrap/CCCreditOrVoidSearch/option_Authorization' is clicked on

2024-07-12 23:12:50 - [MESSAGE][PASSED] - Object: 'Object Repository/AdminSuiteBootstrap_Pages/VT_Bootstrap/CCCreditOrVoidSearch/option_Authorization' is clicked on

2024-07-12 23:12:50 - [TEST_STEP][PASSED] - click(findTestObject(path_CCSearch + "button_Submit")): Object: 'Object Repository/AdminSuiteBootstrap_Pages/VT_Bootstrap/CCCreditOrVoidSearch/button_Submit' is clicked on

2024-07-12 23:12:51 - [MESSAGE][PASSED] - Object: 'Object Repository/AdminSuiteBootstrap_Pages/VT_Bootstrap/CCCreditOrVoidSearch/button_Submit' is clicked on

2024-07-12 23:12:51 - [TEST_STEP][PASSED] - fgr = getText(findTestObject(path_SearchResults + "div_Payment ID")): Text of object 'Object Repository/AdminSuiteBootstrap_Pages/VT_Bootstrap/SearchResults/div_Payment ID' is: 'Payment ID
Payment Type
Transaction Type
Remittance ID
Name
Total Amount
End Date
Status
12154858 Credit Card Authorization AutoDua071224230515016Ahm Tulsi Raman $10.50 07/12/2024 Success'

2024-07-12 23:12:51 - [MESSAGE][PASSED] - Text of object 'Object Repository/AdminSuiteBootstrap_Pages/VT_Bootstrap/SearchResults/div_Payment ID' is: 'Payment ID
Payment Type
Transaction Type
Remittance ID
Name
Total Amount
End Date
Status
12154858 Credit Card Authorization AutoDua071224230515016Ahm Tulsi Raman $10.50 07/12/2024 Success'

2024-07-12 23:12:51 - [TEST_STEP][PASSED] - payID = substring(89, 98).trim(): null

2024-07-12 23:12:51 - [TEST_STEP][PASSED] - out.println("payID: " + payID): null

2024-07-12 23:12:51 - [TEST_STEP][PASSED] - click(findTestObject(path_SearchResults + "button_PaymentID")): Object: 'Object Repository/AdminSuiteBootstrap_Pages/VT_Bootstrap/SearchResults/button_PaymentID' is clicked on

2024-07-12 23:12:52 - [MESSAGE][PASSED] - Object: 'Object Repository/AdminSuiteBootstrap_Pages/VT_Bootstrap/SearchResults/button_PaymentID' is clicked on

2024-07-12 23:12:52 - [TEST_STEP][PASSED] - verifyTextPresent("Tender Type", true): Text 'Tender Type' is present on page  using regular expression

2024-07-12 23:12:53 - [MESSAGE][PASSED] - Text 'Tender Type' is present on page  using regular expression

2024-07-12 23:12:53 - [TEST_STEP][PASSED] - verifyTextPresent("Credit Card", true): Text 'Credit Card' is present on page  using regular expression

2024-07-12 23:12:53 - [MESSAGE][PASSED] - Text 'Credit Card' is present on page  using regular expression

2024-07-12 23:12:53 - [TEST_STEP][PASSED] - verifyTextPresent("Transaction Type", true): Text 'Transaction Type' is present on page  using regular expression

2024-07-12 23:12:53 - [MESSAGE][PASSED] - Text 'Transaction Type' is present on page  using regular expression

2024-07-12 23:12:53 - [TEST_STEP][PASSED] - verifyTextPresent("Authorization", true): Text 'Authorization' is present on page  using regular expression

2024-07-12 23:12:54 - [MESSAGE][PASSED] - Text 'Authorization' is present on page  using regular expression

2024-07-12 23:12:54 - [TEST_STEP][PASSED] - verifyTextPresent("Transaction Posted by", true): Text 'Transaction Posted by' is present on page  using regular expression

2024-07-12 23:12:54 - [MESSAGE][PASSED] - Text 'Transaction Posted by' is present on page  using regular expression

2024-07-12 23:12:54 - [TEST_STEP][PASSED] - verifyTextPresent("iahmed", true): Text 'iahmed' is present on page  using regular expression

2024-07-12 23:12:54 - [MESSAGE][PASSED] - Text 'iahmed' is present on page  using regular expression

2024-07-12 23:12:54 - [TEST_STEP][PASSED] - click(findTestObject(path_TranxDetails + "a_Capture this transaction")): Object: 'Object Repository/AdminSuiteBootstrap_Pages/VT_Bootstrap/TransactionDetails/a_Capture this transaction' is clicked on

2024-07-12 23:12:55 - [MESSAGE][PASSED] - Object: 'Object Repository/AdminSuiteBootstrap_Pages/VT_Bootstrap/TransactionDetails/a_Capture this transaction' is clicked on

2024-07-12 23:12:55 - [TEST_STEP][PASSED] - verifyTextPresent("Credit Card Capture", true): Text 'Credit Card Capture' is present on page  using regular expression

2024-07-12 23:12:56 - [MESSAGE][PASSED] - Text 'Credit Card Capture' is present on page  using regular expression

2024-07-12 23:12:56 - [TEST_STEP][PASSED] - captureAmount = findTestData(dataFile).getValue("CaptureAmount", row): null

2024-07-12 23:12:56 - [TEST_STEP][PASSED] - setText(findTestObject(path_SaleKB + "input_amountCapture"), captureAmount): Text '6.50' is set on object 'Object Repository/AdminSuiteBootstrap_Pages/VT_Bootstrap/SaleKeyboard/input_amountCapture'

2024-07-12 23:12:57 - [MESSAGE][PASSED] - Text '6.50' is set on object 'Object Repository/AdminSuiteBootstrap_Pages/VT_Bootstrap/SaleKeyboard/input_amountCapture'

2024-07-12 23:12:57 - [TEST_STEP][PASSED] - amountWithCF = findTestData(dataFile).getValue("AmountwithCF", row): null

2024-07-12 23:12:57 - [TEST_STEP][PASSED] - click(findTestObject(path_TranxDetails + "button_Submit")): Object: 'Object Repository/AdminSuiteBootstrap_Pages/VT_Bootstrap/TransactionDetails/button_Submit' is clicked on

2024-07-12 23:12:59 - [MESSAGE][PASSED] - Object: 'Object Repository/AdminSuiteBootstrap_Pages/VT_Bootstrap/TransactionDetails/button_Submit' is clicked on

2024-07-12 23:12:59 - [TEST_STEP][PASSED] - verifyTextPresent("Transaction Successful", true): Text 'Transaction Successful' is present on page  using regular expression

2024-07-12 23:13:00 - [MESSAGE][PASSED] - Text 'Transaction Successful' is present on page  using regular expression

2024-07-12 23:13:00 - [TEST_STEP][PASSED] - verifyTextPresent("Transaction Type", true): Text 'Transaction Type' is present on page  using regular expression

2024-07-12 23:13:00 - [MESSAGE][PASSED] - Text 'Transaction Type' is present on page  using regular expression

2024-07-12 23:13:00 - [TEST_STEP][PASSED] - verifyTextPresent("Capture", true): Text 'Capture' is present on page  using regular expression

2024-07-12 23:13:00 - [MESSAGE][PASSED] - Text 'Capture' is present on page  using regular expression

2024-07-12 23:13:00 - [TEST_STEP][PASSED] - verifyTextPresent("Amount", true): Text 'Amount' is present on page  using regular expression

2024-07-12 23:13:01 - [MESSAGE][PASSED] - Text 'Amount' is present on page  using regular expression

2024-07-12 23:13:01 - [TEST_STEP][PASSED] - verifyTextPresent("Service Fee", true): Text 'Service Fee' is present on page  using regular expression

2024-07-12 23:13:01 - [MESSAGE][PASSED] - Text 'Service Fee' is present on page  using regular expression

2024-07-12 23:13:01 - [TEST_STEP][PASSED] - verifyTextPresent("Service Fee Type", true): Text 'Service Fee Type' is present on page  using regular expression

2024-07-12 23:13:01 - [MESSAGE][PASSED] - Text 'Service Fee Type' is present on page  using regular expression

2024-07-12 23:13:01 - [TEST_STEP][PASSED] - verifyTextPresent("Total Amount", true): Text 'Total Amount' is present on page  using regular expression

2024-07-12 23:13:02 - [MESSAGE][PASSED] - Text 'Total Amount' is present on page  using regular expression

2024-07-12 23:13:02 - [TEST_STEP][PASSED] - verifyTextPresent(captureAmount, true): Text '6.50' is present on page  using regular expression

2024-07-12 23:13:02 - [MESSAGE][PASSED] - Text '6.50' is present on page  using regular expression

2024-07-12 23:13:02 - [TEST_STEP][PASSED] - verifyTextPresent("5.00", true): Text '5.00' is present on page  using regular expression

2024-07-12 23:13:02 - [MESSAGE][PASSED] - Text '5.00' is present on page  using regular expression

2024-07-12 23:13:02 - [TEST_STEP][PASSED] - verifyTextPresent("Dual Transaction", true): Text 'Dual Transaction' is present on page  using regular expression

2024-07-12 23:13:03 - [MESSAGE][PASSED] - Text 'Dual Transaction' is present on page  using regular expression

2024-07-12 23:13:03 - [TEST_STEP][PASSED] - verifyTextPresent(amountWithCF, true): Text '11.50' is present on page  using regular expression

2024-07-12 23:13:03 - [MESSAGE][PASSED] - Text '11.50' is present on page  using regular expression

2024-07-12 23:13:03 - [TEST_STEP][PASSED] - closeBrowser(): Browser is closed

2024-07-12 23:13:04 - [MESSAGE][PASSED] - Browser is closed

2024-07-12 23:13:04 - [TEST_STEP][PASSED] - ExecuteTC = findTestData(dataFile).getValue("Execute", row): null

2024-07-12 23:13:04 - [TEST_STEP][PASSED] - out.println("Value of Execute is : " + ExecuteTC): null

2024-07-12 23:13:04 - [TEST_STEP][PASSED] - switch (executionProfile): null

2024-07-12 23:13:04 - [TEST_STEP][PASSED] - case "QA2Profile":: null

2024-07-12 23:13:04 - [TEST_STEP][PASSED] - appName = findTestData(dataFile).getValue("AppNameQA", row): null

2024-07-12 23:13:04 - [TEST_STEP][PASSED] - appID = findTestData(dataFile).getValue("AppIDQA", row): null

2024-07-12 23:13:04 - [TEST_STEP][PASSED] - break: null

2024-07-12 23:13:04 - [TEST_STEP][PASSED] - hrefAppID = li_1 + appID + li_2: null

2024-07-12 23:13:04 - [TEST_STEP][PASSED] - hrefApp = li_1 + appID + "/": null

2024-07-12 23:13:04 - [TEST_STEP][PASSED] - println("hrefApp : " + hrefApp): null

2024-07-12 23:13:04 - [TEST_STEP][PASSED] - if (ExecuteTC.equalsIgnoreCase("Y")): null

2024-07-12 23:13:04 - [TEST_STEP][PASSED] - out.println("Begin Record Number: " + row): null

2024-07-12 23:13:04 - [TEST_STEP][PASSED] - today = new java.util.Date(): null

2024-07-12 23:13:04 - [TEST_STEP][PASSED] - println(today): null

2024-07-12 23:13:04 - [TEST_STEP][PASSED] - datText = today: null

2024-07-12 23:13:04 - [TEST_STEP][PASSED] - adminSuiteBootstrap.loginFunctionality.login_AdminSuite(): adminSuiteBootstrap.loginFunctionality.login_AdminSuite is PASSED

2024-07-12 23:13:04 - [MESSAGE][INFO] - Starting 'Chrome' driver

2024-07-12 23:13:04 - [MESSAGE][INFO] - User set preference: ['acceptInsecureCerts', 'true']

2024-07-12 23:13:04 - [MESSAGE][INFO] - Action delay is set to 0 milliseconds

2024-07-12 23:13:07 - [MESSAGE][PASSED] - Browser is opened with url: 'https://qa2.velocitypayment.com/admin/imtiaz'

2024-07-12 23:13:07 - [MESSAGE][PASSED] - Current window maximized

2024-07-12 23:13:08 - [MESSAGE][PASSED] - Object 'Object Repository/Login_Page/Login_Username_Okta' is present

2024-07-12 23:13:09 - [MESSAGE][PASSED] - Text 'iahmed' is set on object 'Object Repository/Login_Page/Login_Username_Okta'

2024-07-12 23:13:10 - [MESSAGE][PASSED] - Text 'Hello!6666666' is set on object 'Object Repository/Login_Page/Login_Password_Okta'

2024-07-12 23:13:10 - [MESSAGE][PASSED] - Object: 'Object Repository/Login_Page/Login_Submit_Okta' is clicked on

2024-07-12 23:13:10 - [MESSAGE][PASSED] - adminSuiteBootstrap.loginFunctionality.login_AdminSuite is PASSED

2024-07-12 23:13:10 - [TEST_STEP][PASSED] - click(findTestObject(path_Dashboard + appName)): Object: 'Object Repository/AdminSuiteBootstrap_Pages/Dashboard_Bootstrap/a_Access AutoDualCFtpQA' is clicked on

2024-07-12 23:13:18 - [MESSAGE][PASSED] - Object: 'Object Repository/AdminSuiteBootstrap_Pages/Dashboard_Bootstrap/a_Access AutoDualCFtpQA' is clicked on

2024-07-12 23:13:18 - [TEST_STEP][PASSED] - click(findTestObject(path_VT + "button_Authorization Only")): Object: 'Object Repository/AdminSuiteBootstrap_Pages/VT_Bootstrap/IssueTransactions/button_Authorization Only' is clicked on

2024-07-12 23:13:18 - [MESSAGE][PASSED] - Object: 'Object Repository/AdminSuiteBootstrap_Pages/VT_Bootstrap/IssueTransactions/button_Authorization Only' is clicked on

2024-07-12 23:13:18 - [TEST_STEP][PASSED] - authOnlyKeyboardEntryLink = modifyObjectProperty(findTestObject(path_VT + "a_KeyboardEntry_Sale"), "href", "equals", hrefAppID, true): Modify property of object successfully

2024-07-12 23:13:19 - [MESSAGE][PASSED] - Modify property of object successfully

2024-07-12 23:13:19 - [TEST_STEP][PASSED] - click(authOnlyKeyboardEntryLink): Object: 'Object Repository/AdminSuiteBootstrap_Pages/VT_Bootstrap/IssueTransactions/a_KeyboardEntry_Sale' is clicked on

2024-07-12 23:13:19 - [MESSAGE][PASSED] - Object: 'Object Repository/AdminSuiteBootstrap_Pages/VT_Bootstrap/IssueTransactions/a_KeyboardEntry_Sale' is clicked on

2024-07-12 23:13:19 - [TEST_STEP][PASSED] - adminSuiteBootstrap.virtualTerminalSetData.saleKeyboard_DataDriven(row, dataFile): adminSuiteBootstrap.virtualTerminalSetData.saleKeyboard_DataDriven is PASSED

2024-07-12 23:13:23 - [MESSAGE][PASSED] - Text 'Tulsi Raman' is set on object 'Object Repository/AdminSuiteBootstrap_Pages/VT_Bootstrap/SaleKeyboard/input_cardName'

2024-07-12 23:13:24 - [MESSAGE][PASSED] - All options with value 'RETL' are selected in object 'Object Repository/AdminSuiteBootstrap_Pages/VT_Bootstrap/SaleKeyboard/select_transactionCategory'  using regular expression

2024-07-12 23:13:24 - [MESSAGE][PASSED] - Execute JavaScript 'arguments[0].value ='6011000993026909' ' successfully

2024-07-12 23:13:25 - [MESSAGE][PASSED] - Execute JavaScript 'arguments[0].value ='123' ' successfully

2024-07-12 23:13:26 - [MESSAGE][PASSED] - All options with value '12' are selected in object 'Object Repository/AdminSuiteBootstrap_Pages/VT_Bootstrap/SaleKeyboard/select_MM'  using regular expression

2024-07-12 23:13:27 - [MESSAGE][PASSED] - All options with value '2025' are selected in object 'Object Repository/AdminSuiteBootstrap_Pages/VT_Bootstrap/SaleKeyboard/select_YYYY'  using regular expression

2024-07-12 23:13:28 - [MESSAGE][PASSED] - Text '25987 Hill Top' is set on object 'Object Repository/AdminSuiteBootstrap_Pages/VT_Bootstrap/SaleKeyboard/input__address'

2024-07-12 23:13:28 - [MESSAGE][PASSED] - Text 'Suite 500' is set on object 'Object Repository/AdminSuiteBootstrap_Pages/VT_Bootstrap/SaleKeyboard/input__address2'

2024-07-12 23:13:29 - [MESSAGE][PASSED] - Text '22201' is set on object 'Object Repository/AdminSuiteBootstrap_Pages/VT_Bootstrap/SaleKeyboard/input__zip'

2024-07-12 23:13:30 - [MESSAGE][PASSED] - Text '' is set on object 'Object Repository/AdminSuiteBootstrap_Pages/VT_Bootstrap/SaleKeyboard/input_emailAddress'

2024-07-12 23:13:31 - [MESSAGE][PASSED] - Text '' is set on object 'Object Repository/AdminSuiteBootstrap_Pages/VT_Bootstrap/SaleKeyboard/input_smsNumber'

2024-07-12 23:13:32 - [MESSAGE][PASSED] - Text '10.50' is set on object 'Object Repository/AdminSuiteBootstrap_Pages/VT_Bootstrap/SaleKeyboard/input_amount'

2024-07-12 23:13:33 - [MESSAGE][PASSED] - Text 'Australia' is set on object 'Object Repository/AdminSuiteBootstrap_Pages/VT_Bootstrap/SaleKeyboard/input_userDefined1'

2024-07-12 23:13:34 - [MESSAGE][PASSED] - Text 'Denmark' is set on object 'Object Repository/AdminSuiteBootstrap_Pages/VT_Bootstrap/SaleKeyboard/input_userDefined2'

2024-07-12 23:13:34 - [MESSAGE][PASSED] - Text 'Sweden' is set on object 'Object Repository/AdminSuiteBootstrap_Pages/VT_Bootstrap/SaleKeyboard/input_userDefined3'

2024-07-12 23:13:35 - [MESSAGE][PASSED] - Text 'Austria' is set on object 'Object Repository/AdminSuiteBootstrap_Pages/VT_Bootstrap/SaleKeyboard/input_userDefined4'

2024-07-12 23:13:36 - [MESSAGE][PASSED] - All options with label 'Orange' are selected in object 'Object Repository/AdminSuiteBootstrap_Pages/VT_Bootstrap/SaleKeyboard/select_UDF5_DropDown'  using regular expression

2024-07-12 23:13:37 - [MESSAGE][PASSED] - All options with label 'Yellow' are selected in object 'Object Repository/AdminSuiteBootstrap_Pages/VT_Bootstrap/SaleKeyboard/select_UDF6_DropDown'  using regular expression

2024-07-12 23:13:38 - [MESSAGE][PASSED] - Text 'Norway' is set on object 'Object Repository/AdminSuiteBootstrap_Pages/VT_Bootstrap/SaleKeyboard/input_userDefined7'

2024-07-12 23:13:38 - [MESSAGE][PASSED] - Text 'Netherlands' is set on object 'Object Repository/AdminSuiteBootstrap_Pages/VT_Bootstrap/SaleKeyboard/input_userDefined8'

2024-07-12 23:13:39 - [MESSAGE][PASSED] - Text 'Switzerland' is set on object 'Object Repository/AdminSuiteBootstrap_Pages/VT_Bootstrap/SaleKeyboard/input_userDefined9'

2024-07-12 23:13:40 - [MESSAGE][PASSED] - Text 'France' is set on object 'Object Repository/AdminSuiteBootstrap_Pages/VT_Bootstrap/SaleKeyboard/input_userDefined10'

2024-07-12 23:13:41 - [MESSAGE][PASSED] - Object: 'Object Repository/AdminSuiteBootstrap_Pages/VT_Bootstrap/SaleKeyboard/button_Submit' is clicked on

2024-07-12 23:13:41 - [MESSAGE][PASSED] - adminSuiteBootstrap.virtualTerminalSetData.saleKeyboard_DataDriven is PASSED

2024-07-12 23:13:41 - [TEST_STEP][PASSED] - if (verifyTextPresent("Transaction Successful", true)): null

2024-07-12 23:13:42 - [MESSAGE][PASSED] - Text 'Transaction Successful' is present on page  using regular expression

2024-07-12 23:13:42 - [TEST_STEP][PASSED] - sdf = getText(findTestObject(path_Receipt + "td_AutoNoC031622113752957Ahm")): Text of object 'Object Repository/AdminSuiteBootstrap_Pages/VT_Bootstrap/Receipt/td_AutoNoC031622113752957Ahm' is: 'AutoDua071224230610579Ahm'

2024-07-12 23:13:42 - [MESSAGE][PASSED] - Text of object 'Object Repository/AdminSuiteBootstrap_Pages/VT_Bootstrap/Receipt/td_AutoNoC031622113752957Ahm' is: 'AutoDua071224230610579Ahm'

2024-07-12 23:13:42 - [TEST_STEP][PASSED] - out.println("sdf: " + sdf): null

2024-07-12 23:13:42 - [TEST_STEP][PASSED] - remID = sdf: null

2024-07-12 23:13:42 - [TEST_STEP][PASSED] - out.println("remID: " + remID): null

2024-07-12 23:13:42 - [TEST_STEP][PASSED] - click(findTestObject(path_Receipt + "button_Continue")): Object: 'Object Repository/AdminSuiteBootstrap_Pages/VT_Bootstrap/Receipt/button_Continue' is clicked on

2024-07-12 23:13:43 - [MESSAGE][PASSED] - Object: 'Object Repository/AdminSuiteBootstrap_Pages/VT_Bootstrap/Receipt/button_Continue' is clicked on

2024-07-12 23:13:43 - [TEST_STEP][PASSED] - click(findTestObject(path_VT + "a_Search Transactions")): Object: 'Object Repository/AdminSuiteBootstrap_Pages/VT_Bootstrap/IssueTransactions/a_Search Transactions' is clicked on

2024-07-12 23:13:44 - [MESSAGE][PASSED] - Object: 'Object Repository/AdminSuiteBootstrap_Pages/VT_Bootstrap/IssueTransactions/a_Search Transactions' is clicked on

2024-07-12 23:13:44 - [TEST_STEP][PASSED] - setText(findTestObject(path_CCSearch + "input_Search By_searchValue"), remID): Text 'AutoDua071224230610579Ahm' is set on object 'Object Repository/AdminSuiteBootstrap_Pages/VT_Bootstrap/CCCreditOrVoidSearch/input_Search By_searchValue'

2024-07-12 23:13:45 - [MESSAGE][PASSED] - Text 'AutoDua071224230610579Ahm' is set on object 'Object Repository/AdminSuiteBootstrap_Pages/VT_Bootstrap/CCCreditOrVoidSearch/input_Search By_searchValue'

2024-07-12 23:13:45 - [TEST_STEP][PASSED] - click(findTestObject(path_CCSearch + "option_Authorization")): Object: 'Object Repository/AdminSuiteBootstrap_Pages/VT_Bootstrap/CCCreditOrVoidSearch/option_Authorization' is clicked on

2024-07-12 23:13:45 - [MESSAGE][PASSED] - Object: 'Object Repository/AdminSuiteBootstrap_Pages/VT_Bootstrap/CCCreditOrVoidSearch/option_Authorization' is clicked on

2024-07-12 23:13:45 - [TEST_STEP][PASSED] - click(findTestObject(path_CCSearch + "button_Submit")): Object: 'Object Repository/AdminSuiteBootstrap_Pages/VT_Bootstrap/CCCreditOrVoidSearch/button_Submit' is clicked on

2024-07-12 23:13:46 - [MESSAGE][PASSED] - Object: 'Object Repository/AdminSuiteBootstrap_Pages/VT_Bootstrap/CCCreditOrVoidSearch/button_Submit' is clicked on

2024-07-12 23:13:46 - [TEST_STEP][PASSED] - fgr = getText(findTestObject(path_SearchResults + "div_Payment ID")): Text of object 'Object Repository/AdminSuiteBootstrap_Pages/VT_Bootstrap/SearchResults/div_Payment ID' is: 'Payment ID
Payment Type
Transaction Type
Remittance ID
Name
Total Amount
End Date
Status
12154862 Credit Card Authorization AutoDua071224230610579Ahm Tulsi Raman $10.50 07/12/2024 Success'

2024-07-12 23:13:47 - [MESSAGE][PASSED] - Text of object 'Object Repository/AdminSuiteBootstrap_Pages/VT_Bootstrap/SearchResults/div_Payment ID' is: 'Payment ID
Payment Type
Transaction Type
Remittance ID
Name
Total Amount
End Date
Status
12154862 Credit Card Authorization AutoDua071224230610579Ahm Tulsi Raman $10.50 07/12/2024 Success'

2024-07-12 23:13:47 - [TEST_STEP][PASSED] - payID = substring(89, 98).trim(): null

2024-07-12 23:13:47 - [TEST_STEP][PASSED] - out.println("payID: " + payID): null

2024-07-12 23:13:47 - [TEST_STEP][PASSED] - click(findTestObject(path_SearchResults + "button_PaymentID")): Object: 'Object Repository/AdminSuiteBootstrap_Pages/VT_Bootstrap/SearchResults/button_PaymentID' is clicked on

2024-07-12 23:13:47 - [MESSAGE][PASSED] - Object: 'Object Repository/AdminSuiteBootstrap_Pages/VT_Bootstrap/SearchResults/button_PaymentID' is clicked on

2024-07-12 23:13:47 - [TEST_STEP][PASSED] - verifyTextPresent("Tender Type", true): Text 'Tender Type' is present on page  using regular expression

2024-07-12 23:13:48 - [MESSAGE][PASSED] - Text 'Tender Type' is present on page  using regular expression

2024-07-12 23:13:48 - [TEST_STEP][PASSED] - verifyTextPresent("Credit Card", true): Text 'Credit Card' is present on page  using regular expression

2024-07-12 23:13:48 - [MESSAGE][PASSED] - Text 'Credit Card' is present on page  using regular expression

2024-07-12 23:13:48 - [TEST_STEP][PASSED] - verifyTextPresent("Transaction Type", true): Text 'Transaction Type' is present on page  using regular expression

2024-07-12 23:13:49 - [MESSAGE][PASSED] - Text 'Transaction Type' is present on page  using regular expression

2024-07-12 23:13:49 - [TEST_STEP][PASSED] - verifyTextPresent("Authorization", true): Text 'Authorization' is present on page  using regular expression

2024-07-12 23:13:49 - [MESSAGE][PASSED] - Text 'Authorization' is present on page  using regular expression

2024-07-12 23:13:49 - [TEST_STEP][PASSED] - verifyTextPresent("Transaction Posted by", true): Text 'Transaction Posted by' is present on page  using regular expression

2024-07-12 23:13:49 - [MESSAGE][PASSED] - Text 'Transaction Posted by' is present on page  using regular expression

2024-07-12 23:13:49 - [TEST_STEP][PASSED] - verifyTextPresent("iahmed", true): Text 'iahmed' is present on page  using regular expression

2024-07-12 23:13:50 - [MESSAGE][PASSED] - Text 'iahmed' is present on page  using regular expression

2024-07-12 23:13:50 - [TEST_STEP][PASSED] - click(findTestObject(path_TranxDetails + "a_Capture this transaction")): Object: 'Object Repository/AdminSuiteBootstrap_Pages/VT_Bootstrap/TransactionDetails/a_Capture this transaction' is clicked on

2024-07-12 23:13:51 - [MESSAGE][PASSED] - Object: 'Object Repository/AdminSuiteBootstrap_Pages/VT_Bootstrap/TransactionDetails/a_Capture this transaction' is clicked on

2024-07-12 23:13:51 - [TEST_STEP][PASSED] - verifyTextPresent("Credit Card Capture", true): Text 'Credit Card Capture' is present on page  using regular expression

2024-07-12 23:13:51 - [MESSAGE][PASSED] - Text 'Credit Card Capture' is present on page  using regular expression

2024-07-12 23:13:51 - [TEST_STEP][PASSED] - captureAmount = findTestData(dataFile).getValue("CaptureAmount", row): null

2024-07-12 23:13:51 - [TEST_STEP][PASSED] - setText(findTestObject(path_SaleKB + "input_amountCapture"), captureAmount): Text '10.00' is set on object 'Object Repository/AdminSuiteBootstrap_Pages/VT_Bootstrap/SaleKeyboard/input_amountCapture'

2024-07-12 23:13:52 - [MESSAGE][PASSED] - Text '10.00' is set on object 'Object Repository/AdminSuiteBootstrap_Pages/VT_Bootstrap/SaleKeyboard/input_amountCapture'

2024-07-12 23:13:52 - [TEST_STEP][PASSED] - amountWithCF = findTestData(dataFile).getValue("AmountwithCF", row): null

2024-07-12 23:13:52 - [TEST_STEP][PASSED] - click(findTestObject(path_TranxDetails + "button_Submit")): Object: 'Object Repository/AdminSuiteBootstrap_Pages/VT_Bootstrap/TransactionDetails/button_Submit' is clicked on

2024-07-12 23:13:54 - [MESSAGE][PASSED] - Object: 'Object Repository/AdminSuiteBootstrap_Pages/VT_Bootstrap/TransactionDetails/button_Submit' is clicked on

2024-07-12 23:13:54 - [TEST_STEP][PASSED] - verifyTextPresent("Transaction Successful", true): Text 'Transaction Successful' is present on page  using regular expression

2024-07-12 23:13:54 - [MESSAGE][PASSED] - Text 'Transaction Successful' is present on page  using regular expression

2024-07-12 23:13:54 - [TEST_STEP][PASSED] - verifyTextPresent("Transaction Type", true): Text 'Transaction Type' is present on page  using regular expression

2024-07-12 23:13:55 - [MESSAGE][PASSED] - Text 'Transaction Type' is present on page  using regular expression

2024-07-12 23:13:55 - [TEST_STEP][PASSED] - verifyTextPresent("Capture", true): Text 'Capture' is present on page  using regular expression

2024-07-12 23:13:55 - [MESSAGE][PASSED] - Text 'Capture' is present on page  using regular expression

2024-07-12 23:13:55 - [TEST_STEP][PASSED] - verifyTextPresent("Amount", true): Text 'Amount' is present on page  using regular expression

2024-07-12 23:13:55 - [MESSAGE][PASSED] - Text 'Amount' is present on page  using regular expression

2024-07-12 23:13:55 - [TEST_STEP][PASSED] - verifyTextPresent("Service Fee", true): Text 'Service Fee' is present on page  using regular expression

2024-07-12 23:13:56 - [MESSAGE][PASSED] - Text 'Service Fee' is present on page  using regular expression

2024-07-12 23:13:56 - [TEST_STEP][PASSED] - verifyTextPresent("Service Fee Type", true): Text 'Service Fee Type' is present on page  using regular expression

2024-07-12 23:13:56 - [MESSAGE][PASSED] - Text 'Service Fee Type' is present on page  using regular expression

2024-07-12 23:13:56 - [TEST_STEP][PASSED] - verifyTextPresent("Total Amount", true): Text 'Total Amount' is present on page  using regular expression

2024-07-12 23:13:56 - [MESSAGE][PASSED] - Text 'Total Amount' is present on page  using regular expression

2024-07-12 23:13:56 - [TEST_STEP][PASSED] - verifyTextPresent(captureAmount, true): Text '10.00' is present on page  using regular expression

2024-07-12 23:13:57 - [MESSAGE][PASSED] - Text '10.00' is present on page  using regular expression

2024-07-12 23:13:57 - [TEST_STEP][PASSED] - verifyTextPresent("5.00", true): Text '5.00' is present on page  using regular expression

2024-07-12 23:13:57 - [MESSAGE][PASSED] - Text '5.00' is present on page  using regular expression

2024-07-12 23:13:57 - [TEST_STEP][PASSED] - verifyTextPresent("Dual Transaction", true): Text 'Dual Transaction' is present on page  using regular expression

2024-07-12 23:13:57 - [MESSAGE][PASSED] - Text 'Dual Transaction' is present on page  using regular expression

2024-07-12 23:13:57 - [TEST_STEP][PASSED] - verifyTextPresent(amountWithCF, true): Text '15.00' is present on page  using regular expression

2024-07-12 23:13:58 - [MESSAGE][PASSED] - Text '15.00' is present on page  using regular expression

2024-07-12 23:13:58 - [TEST_STEP][PASSED] - closeBrowser(): Browser is closed

2024-07-12 23:13:59 - [MESSAGE][PASSED] - Browser is closed

2024-07-12 23:13:59 - [TEST_STEP][PASSED] - ExecuteTC = findTestData(dataFile).getValue("Execute", row): null

2024-07-12 23:13:59 - [TEST_STEP][PASSED] - out.println("Value of Execute is : " + ExecuteTC): null

2024-07-12 23:13:59 - [TEST_STEP][PASSED] - switch (executionProfile): null

2024-07-12 23:13:59 - [TEST_STEP][PASSED] - case "QA2Profile":: null

2024-07-12 23:13:59 - [TEST_STEP][PASSED] - appName = findTestData(dataFile).getValue("AppNameQA", row): null

2024-07-12 23:13:59 - [TEST_STEP][PASSED] - appID = findTestData(dataFile).getValue("AppIDQA", row): null

2024-07-12 23:13:59 - [TEST_STEP][PASSED] - break: null

2024-07-12 23:13:59 - [TEST_STEP][PASSED] - hrefAppID = li_1 + appID + li_2: null

2024-07-12 23:13:59 - [TEST_STEP][PASSED] - hrefApp = li_1 + appID + "/": null

2024-07-12 23:13:59 - [TEST_STEP][PASSED] - println("hrefApp : " + hrefApp): null

2024-07-12 23:13:59 - [TEST_STEP][PASSED] - if (ExecuteTC.equalsIgnoreCase("Y")): null

2024-07-12 23:13:59 - [TEST_STEP][PASSED] - out.println("Begin Record Number: " + row): null

2024-07-12 23:13:59 - [TEST_STEP][PASSED] - today = new java.util.Date(): null

2024-07-12 23:13:59 - [TEST_STEP][PASSED] - println(today): null

2024-07-12 23:13:59 - [TEST_STEP][PASSED] - datText = today: null

2024-07-12 23:13:59 - [TEST_STEP][PASSED] - adminSuiteBootstrap.loginFunctionality.login_AdminSuite(): adminSuiteBootstrap.loginFunctionality.login_AdminSuite is PASSED

2024-07-12 23:13:59 - [MESSAGE][INFO] - Starting 'Chrome' driver

2024-07-12 23:13:59 - [MESSAGE][INFO] - User set preference: ['acceptInsecureCerts', 'true']

2024-07-12 23:13:59 - [MESSAGE][INFO] - Action delay is set to 0 milliseconds

2024-07-12 23:14:02 - [MESSAGE][PASSED] - Browser is opened with url: 'https://qa2.velocitypayment.com/admin/imtiaz'

2024-07-12 23:14:02 - [MESSAGE][PASSED] - Current window maximized

2024-07-12 23:14:03 - [MESSAGE][PASSED] - Object 'Object Repository/Login_Page/Login_Username_Okta' is present

2024-07-12 23:14:04 - [MESSAGE][PASSED] - Text 'iahmed' is set on object 'Object Repository/Login_Page/Login_Username_Okta'

2024-07-12 23:14:04 - [MESSAGE][PASSED] - Text 'Hello!6666666' is set on object 'Object Repository/Login_Page/Login_Password_Okta'

2024-07-12 23:14:05 - [MESSAGE][PASSED] - Object: 'Object Repository/Login_Page/Login_Submit_Okta' is clicked on

2024-07-12 23:14:05 - [MESSAGE][PASSED] - adminSuiteBootstrap.loginFunctionality.login_AdminSuite is PASSED

2024-07-12 23:14:05 - [TEST_STEP][PASSED] - click(findTestObject(path_Dashboard + appName)): Object: 'Object Repository/AdminSuiteBootstrap_Pages/Dashboard_Bootstrap/a_Access AutoDualCFtpQA' is clicked on

2024-07-12 23:14:13 - [MESSAGE][PASSED] - Object: 'Object Repository/AdminSuiteBootstrap_Pages/Dashboard_Bootstrap/a_Access AutoDualCFtpQA' is clicked on

2024-07-12 23:14:13 - [TEST_STEP][PASSED] - click(findTestObject(path_VT + "button_Authorization Only")): Object: 'Object Repository/AdminSuiteBootstrap_Pages/VT_Bootstrap/IssueTransactions/button_Authorization Only' is clicked on

2024-07-12 23:14:13 - [MESSAGE][PASSED] - Object: 'Object Repository/AdminSuiteBootstrap_Pages/VT_Bootstrap/IssueTransactions/button_Authorization Only' is clicked on

2024-07-12 23:14:13 - [TEST_STEP][PASSED] - authOnlyKeyboardEntryLink = modifyObjectProperty(findTestObject(path_VT + "a_KeyboardEntry_Sale"), "href", "equals", hrefAppID, true): Modify property of object successfully

2024-07-12 23:14:13 - [MESSAGE][PASSED] - Modify property of object successfully

2024-07-12 23:14:13 - [TEST_STEP][PASSED] - click(authOnlyKeyboardEntryLink): Object: 'Object Repository/AdminSuiteBootstrap_Pages/VT_Bootstrap/IssueTransactions/a_KeyboardEntry_Sale' is clicked on

2024-07-12 23:14:14 - [MESSAGE][PASSED] - Object: 'Object Repository/AdminSuiteBootstrap_Pages/VT_Bootstrap/IssueTransactions/a_KeyboardEntry_Sale' is clicked on

2024-07-12 23:14:14 - [TEST_STEP][PASSED] - adminSuiteBootstrap.virtualTerminalSetData.saleKeyboard_DataDriven(row, dataFile): adminSuiteBootstrap.virtualTerminalSetData.saleKeyboard_DataDriven is PASSED

2024-07-12 23:14:18 - [MESSAGE][PASSED] - Text 'Janaki James' is set on object 'Object Repository/AdminSuiteBootstrap_Pages/VT_Bootstrap/SaleKeyboard/input_cardName'

2024-07-12 23:14:19 - [MESSAGE][PASSED] - All options with value 'MOTO' are selected in object 'Object Repository/AdminSuiteBootstrap_Pages/VT_Bootstrap/SaleKeyboard/select_transactionCategory'  using regular expression

2024-07-12 23:14:19 - [MESSAGE][PASSED] - Execute JavaScript 'arguments[0].value ='4012000098765439' ' successfully

2024-07-12 23:14:20 - [MESSAGE][PASSED] - Execute JavaScript 'arguments[0].value ='123' ' successfully

2024-07-12 23:14:21 - [MESSAGE][PASSED] - All options with value '12' are selected in object 'Object Repository/AdminSuiteBootstrap_Pages/VT_Bootstrap/SaleKeyboard/select_MM'  using regular expression

2024-07-12 23:14:22 - [MESSAGE][PASSED] - All options with value '2025' are selected in object 'Object Repository/AdminSuiteBootstrap_Pages/VT_Bootstrap/SaleKeyboard/select_YYYY'  using regular expression

2024-07-12 23:14:23 - [MESSAGE][PASSED] - Text '36 Cornor Road' is set on object 'Object Repository/AdminSuiteBootstrap_Pages/VT_Bootstrap/SaleKeyboard/input__address'

2024-07-12 23:14:23 - [MESSAGE][PASSED] - Text 'Suite 500' is set on object 'Object Repository/AdminSuiteBootstrap_Pages/VT_Bootstrap/SaleKeyboard/input__address2'

2024-07-12 23:14:24 - [MESSAGE][PASSED] - Text '22201' is set on object 'Object Repository/AdminSuiteBootstrap_Pages/VT_Bootstrap/SaleKeyboard/input__zip'

2024-07-12 23:14:25 - [MESSAGE][PASSED] - Text '' is set on object 'Object Repository/AdminSuiteBootstrap_Pages/VT_Bootstrap/SaleKeyboard/input_emailAddress'

2024-07-12 23:14:26 - [MESSAGE][PASSED] - Text '' is set on object 'Object Repository/AdminSuiteBootstrap_Pages/VT_Bootstrap/SaleKeyboard/input_smsNumber'

2024-07-12 23:14:27 - [MESSAGE][PASSED] - Text '10.50' is set on object 'Object Repository/AdminSuiteBootstrap_Pages/VT_Bootstrap/SaleKeyboard/input_amount'

2024-07-12 23:14:28 - [MESSAGE][PASSED] - Text 'Australia' is set on object 'Object Repository/AdminSuiteBootstrap_Pages/VT_Bootstrap/SaleKeyboard/input_userDefined1'

2024-07-12 23:14:29 - [MESSAGE][PASSED] - Text 'Denmark' is set on object 'Object Repository/AdminSuiteBootstrap_Pages/VT_Bootstrap/SaleKeyboard/input_userDefined2'

2024-07-12 23:14:29 - [MESSAGE][PASSED] - Text 'Sweden' is set on object 'Object Repository/AdminSuiteBootstrap_Pages/VT_Bootstrap/SaleKeyboard/input_userDefined3'

2024-07-12 23:14:30 - [MESSAGE][PASSED] - Text 'Austria' is set on object 'Object Repository/AdminSuiteBootstrap_Pages/VT_Bootstrap/SaleKeyboard/input_userDefined4'

2024-07-12 23:14:31 - [MESSAGE][PASSED] - All options with label 'Orange' are selected in object 'Object Repository/AdminSuiteBootstrap_Pages/VT_Bootstrap/SaleKeyboard/select_UDF5_DropDown'  using regular expression

2024-07-12 23:14:32 - [MESSAGE][PASSED] - All options with label 'Yellow' are selected in object 'Object Repository/AdminSuiteBootstrap_Pages/VT_Bootstrap/SaleKeyboard/select_UDF6_DropDown'  using regular expression

2024-07-12 23:14:33 - [MESSAGE][PASSED] - Text 'Norway' is set on object 'Object Repository/AdminSuiteBootstrap_Pages/VT_Bootstrap/SaleKeyboard/input_userDefined7'

2024-07-12 23:14:33 - [MESSAGE][PASSED] - Text 'Netherlands' is set on object 'Object Repository/AdminSuiteBootstrap_Pages/VT_Bootstrap/SaleKeyboard/input_userDefined8'

2024-07-12 23:14:34 - [MESSAGE][PASSED] - Text 'Switzerland' is set on object 'Object Repository/AdminSuiteBootstrap_Pages/VT_Bootstrap/SaleKeyboard/input_userDefined9'

2024-07-12 23:14:35 - [MESSAGE][PASSED] - Text 'France' is set on object 'Object Repository/AdminSuiteBootstrap_Pages/VT_Bootstrap/SaleKeyboard/input_userDefined10'

2024-07-12 23:14:36 - [MESSAGE][PASSED] - Object: 'Object Repository/AdminSuiteBootstrap_Pages/VT_Bootstrap/SaleKeyboard/button_Submit' is clicked on

2024-07-12 23:14:36 - [MESSAGE][PASSED] - adminSuiteBootstrap.virtualTerminalSetData.saleKeyboard_DataDriven is PASSED

2024-07-12 23:14:36 - [TEST_STEP][PASSED] - if (verifyTextPresent("Transaction Successful", true)): null

2024-07-12 23:14:37 - [MESSAGE][PASSED] - Text 'Transaction Successful' is present on page  using regular expression

2024-07-12 23:14:37 - [TEST_STEP][PASSED] - sdf = getText(findTestObject(path_Receipt + "td_AutoNoC031622113752957Ahm")): Text of object 'Object Repository/AdminSuiteBootstrap_Pages/VT_Bootstrap/Receipt/td_AutoNoC031622113752957Ahm' is: 'AutoDua071224230705480Ahm'

2024-07-12 23:14:37 - [MESSAGE][PASSED] - Text of object 'Object Repository/AdminSuiteBootstrap_Pages/VT_Bootstrap/Receipt/td_AutoNoC031622113752957Ahm' is: 'AutoDua071224230705480Ahm'

2024-07-12 23:14:37 - [TEST_STEP][PASSED] - out.println("sdf: " + sdf): null

2024-07-12 23:14:37 - [TEST_STEP][PASSED] - remID = sdf: null

2024-07-12 23:14:37 - [TEST_STEP][PASSED] - out.println("remID: " + remID): null

2024-07-12 23:14:37 - [TEST_STEP][PASSED] - click(findTestObject(path_Receipt + "button_Continue")): Object: 'Object Repository/AdminSuiteBootstrap_Pages/VT_Bootstrap/Receipt/button_Continue' is clicked on

2024-07-12 23:14:38 - [MESSAGE][PASSED] - Object: 'Object Repository/AdminSuiteBootstrap_Pages/VT_Bootstrap/Receipt/button_Continue' is clicked on

2024-07-12 23:14:38 - [TEST_STEP][PASSED] - click(findTestObject(path_VT + "a_Search Transactions")): Object: 'Object Repository/AdminSuiteBootstrap_Pages/VT_Bootstrap/IssueTransactions/a_Search Transactions' is clicked on

2024-07-12 23:14:39 - [MESSAGE][PASSED] - Object: 'Object Repository/AdminSuiteBootstrap_Pages/VT_Bootstrap/IssueTransactions/a_Search Transactions' is clicked on

2024-07-12 23:14:39 - [TEST_STEP][PASSED] - setText(findTestObject(path_CCSearch + "input_Search By_searchValue"), remID): Text 'AutoDua071224230705480Ahm' is set on object 'Object Repository/AdminSuiteBootstrap_Pages/VT_Bootstrap/CCCreditOrVoidSearch/input_Search By_searchValue'

2024-07-12 23:14:40 - [MESSAGE][PASSED] - Text 'AutoDua071224230705480Ahm' is set on object 'Object Repository/AdminSuiteBootstrap_Pages/VT_Bootstrap/CCCreditOrVoidSearch/input_Search By_searchValue'

2024-07-12 23:14:40 - [TEST_STEP][PASSED] - click(findTestObject(path_CCSearch + "option_Authorization")): Object: 'Object Repository/AdminSuiteBootstrap_Pages/VT_Bootstrap/CCCreditOrVoidSearch/option_Authorization' is clicked on

2024-07-12 23:14:40 - [MESSAGE][PASSED] - Object: 'Object Repository/AdminSuiteBootstrap_Pages/VT_Bootstrap/CCCreditOrVoidSearch/option_Authorization' is clicked on

2024-07-12 23:14:40 - [TEST_STEP][PASSED] - click(findTestObject(path_CCSearch + "button_Submit")): Object: 'Object Repository/AdminSuiteBootstrap_Pages/VT_Bootstrap/CCCreditOrVoidSearch/button_Submit' is clicked on

2024-07-12 23:14:41 - [MESSAGE][PASSED] - Object: 'Object Repository/AdminSuiteBootstrap_Pages/VT_Bootstrap/CCCreditOrVoidSearch/button_Submit' is clicked on

2024-07-12 23:14:41 - [TEST_STEP][PASSED] - fgr = getText(findTestObject(path_SearchResults + "div_Payment ID")): Text of object 'Object Repository/AdminSuiteBootstrap_Pages/VT_Bootstrap/SearchResults/div_Payment ID' is: 'Payment ID
Payment Type
Transaction Type
Remittance ID
Name
Total Amount
End Date
Status
12154866 Credit Card Authorization AutoDua071224230705480Ahm Janaki James $10.50 07/12/2024 Success'

2024-07-12 23:14:42 - [MESSAGE][PASSED] - Text of object 'Object Repository/AdminSuiteBootstrap_Pages/VT_Bootstrap/SearchResults/div_Payment ID' is: 'Payment ID
Payment Type
Transaction Type
Remittance ID
Name
Total Amount
End Date
Status
12154866 Credit Card Authorization AutoDua071224230705480Ahm Janaki James $10.50 07/12/2024 Success'

2024-07-12 23:14:42 - [TEST_STEP][PASSED] - payID = substring(89, 98).trim(): null

2024-07-12 23:14:42 - [TEST_STEP][PASSED] - out.println("payID: " + payID): null

2024-07-12 23:14:42 - [TEST_STEP][PASSED] - click(findTestObject(path_SearchResults + "button_PaymentID")): Object: 'Object Repository/AdminSuiteBootstrap_Pages/VT_Bootstrap/SearchResults/button_PaymentID' is clicked on

2024-07-12 23:14:42 - [MESSAGE][PASSED] - Object: 'Object Repository/AdminSuiteBootstrap_Pages/VT_Bootstrap/SearchResults/button_PaymentID' is clicked on

2024-07-12 23:14:42 - [TEST_STEP][PASSED] - verifyTextPresent("Tender Type", true): Text 'Tender Type' is present on page  using regular expression

2024-07-12 23:14:43 - [MESSAGE][PASSED] - Text 'Tender Type' is present on page  using regular expression

2024-07-12 23:14:43 - [TEST_STEP][PASSED] - verifyTextPresent("Credit Card", true): Text 'Credit Card' is present on page  using regular expression

2024-07-12 23:14:43 - [MESSAGE][PASSED] - Text 'Credit Card' is present on page  using regular expression

2024-07-12 23:14:43 - [TEST_STEP][PASSED] - verifyTextPresent("Transaction Type", true): Text 'Transaction Type' is present on page  using regular expression

2024-07-12 23:14:44 - [MESSAGE][PASSED] - Text 'Transaction Type' is present on page  using regular expression

2024-07-12 23:14:44 - [TEST_STEP][PASSED] - verifyTextPresent("Authorization", true): Text 'Authorization' is present on page  using regular expression

2024-07-12 23:14:44 - [MESSAGE][PASSED] - Text 'Authorization' is present on page  using regular expression

2024-07-12 23:14:44 - [TEST_STEP][PASSED] - verifyTextPresent("Transaction Posted by", true): Text 'Transaction Posted by' is present on page  using regular expression

2024-07-12 23:14:44 - [MESSAGE][PASSED] - Text 'Transaction Posted by' is present on page  using regular expression

2024-07-12 23:14:44 - [TEST_STEP][PASSED] - verifyTextPresent("iahmed", true): Text 'iahmed' is present on page  using regular expression

2024-07-12 23:14:45 - [MESSAGE][PASSED] - Text 'iahmed' is present on page  using regular expression

2024-07-12 23:14:45 - [TEST_STEP][PASSED] - click(findTestObject(path_TranxDetails + "a_Capture this transaction")): Object: 'Object Repository/AdminSuiteBootstrap_Pages/VT_Bootstrap/TransactionDetails/a_Capture this transaction' is clicked on

2024-07-12 23:14:46 - [MESSAGE][PASSED] - Object: 'Object Repository/AdminSuiteBootstrap_Pages/VT_Bootstrap/TransactionDetails/a_Capture this transaction' is clicked on

2024-07-12 23:14:46 - [TEST_STEP][PASSED] - verifyTextPresent("Credit Card Capture", true): Text 'Credit Card Capture' is present on page  using regular expression

2024-07-12 23:14:46 - [MESSAGE][PASSED] - Text 'Credit Card Capture' is present on page  using regular expression

2024-07-12 23:14:46 - [TEST_STEP][PASSED] - captureAmount = findTestData(dataFile).getValue("CaptureAmount", row): null

2024-07-12 23:14:46 - [TEST_STEP][PASSED] - setText(findTestObject(path_SaleKB + "input_amountCapture"), captureAmount): Text '10.50' is set on object 'Object Repository/AdminSuiteBootstrap_Pages/VT_Bootstrap/SaleKeyboard/input_amountCapture'

2024-07-12 23:14:47 - [MESSAGE][PASSED] - Text '10.50' is set on object 'Object Repository/AdminSuiteBootstrap_Pages/VT_Bootstrap/SaleKeyboard/input_amountCapture'

2024-07-12 23:14:47 - [TEST_STEP][PASSED] - amountWithCF = findTestData(dataFile).getValue("AmountwithCF", row): null

2024-07-12 23:14:47 - [TEST_STEP][PASSED] - click(findTestObject(path_TranxDetails + "button_Submit")): Object: 'Object Repository/AdminSuiteBootstrap_Pages/VT_Bootstrap/TransactionDetails/button_Submit' is clicked on

2024-07-12 23:14:49 - [MESSAGE][PASSED] - Object: 'Object Repository/AdminSuiteBootstrap_Pages/VT_Bootstrap/TransactionDetails/button_Submit' is clicked on

2024-07-12 23:14:49 - [TEST_STEP][PASSED] - verifyTextPresent("Transaction Successful", true): Text 'Transaction Successful' is present on page  using regular expression

2024-07-12 23:14:50 - [MESSAGE][PASSED] - Text 'Transaction Successful' is present on page  using regular expression

2024-07-12 23:14:50 - [TEST_STEP][PASSED] - verifyTextPresent("Transaction Type", true): Text 'Transaction Type' is present on page  using regular expression

2024-07-12 23:14:50 - [MESSAGE][PASSED] - Text 'Transaction Type' is present on page  using regular expression

2024-07-12 23:14:50 - [TEST_STEP][PASSED] - verifyTextPresent("Capture", true): Text 'Capture' is present on page  using regular expression

2024-07-12 23:14:50 - [MESSAGE][PASSED] - Text 'Capture' is present on page  using regular expression

2024-07-12 23:14:50 - [TEST_STEP][PASSED] - verifyTextPresent("Amount", true): Text 'Amount' is present on page  using regular expression

2024-07-12 23:14:51 - [MESSAGE][PASSED] - Text 'Amount' is present on page  using regular expression

2024-07-12 23:14:51 - [TEST_STEP][PASSED] - verifyTextPresent("Service Fee", true): Text 'Service Fee' is present on page  using regular expression

2024-07-12 23:14:51 - [MESSAGE][PASSED] - Text 'Service Fee' is present on page  using regular expression

2024-07-12 23:14:51 - [TEST_STEP][PASSED] - verifyTextPresent("Service Fee Type", true): Text 'Service Fee Type' is present on page  using regular expression

2024-07-12 23:14:51 - [MESSAGE][PASSED] - Text 'Service Fee Type' is present on page  using regular expression

2024-07-12 23:14:51 - [TEST_STEP][PASSED] - verifyTextPresent("Total Amount", true): Text 'Total Amount' is present on page  using regular expression

2024-07-12 23:14:52 - [MESSAGE][PASSED] - Text 'Total Amount' is present on page  using regular expression

2024-07-12 23:14:52 - [TEST_STEP][PASSED] - verifyTextPresent(captureAmount, true): Text '10.50' is present on page  using regular expression

2024-07-12 23:14:52 - [MESSAGE][PASSED] - Text '10.50' is present on page  using regular expression

2024-07-12 23:14:52 - [TEST_STEP][PASSED] - verifyTextPresent("5.00", true): Text '5.00' is present on page  using regular expression

2024-07-12 23:14:52 - [MESSAGE][PASSED] - Text '5.00' is present on page  using regular expression

2024-07-12 23:14:52 - [TEST_STEP][PASSED] - verifyTextPresent("Dual Transaction", true): Text 'Dual Transaction' is present on page  using regular expression

2024-07-12 23:14:53 - [MESSAGE][PASSED] - Text 'Dual Transaction' is present on page  using regular expression

2024-07-12 23:14:53 - [TEST_STEP][PASSED] - verifyTextPresent(amountWithCF, true): Text '15.50' is present on page  using regular expression

2024-07-12 23:14:53 - [MESSAGE][PASSED] - Text '15.50' is present on page  using regular expression

2024-07-12 23:14:53 - [TEST_STEP][PASSED] - closeBrowser(): Browser is closed

2024-07-12 23:14:54 - [MESSAGE][PASSED] - Browser is closed

2024-07-12 23:14:54 - [TEST_STEP][PASSED] - ExecuteTC = findTestData(dataFile).getValue("Execute", row): null

2024-07-12 23:14:54 - [TEST_STEP][PASSED] - out.println("Value of Execute is : " + ExecuteTC): null

2024-07-12 23:14:54 - [TEST_STEP][PASSED] - switch (executionProfile): null

2024-07-12 23:14:54 - [TEST_STEP][PASSED] - case "QA2Profile":: null

2024-07-12 23:14:54 - [TEST_STEP][PASSED] - appName = findTestData(dataFile).getValue("AppNameQA", row): null

2024-07-12 23:14:54 - [TEST_STEP][PASSED] - appID = findTestData(dataFile).getValue("AppIDQA", row): null

2024-07-12 23:14:55 - [TEST_STEP][PASSED] - break: null

2024-07-12 23:14:55 - [TEST_STEP][PASSED] - hrefAppID = li_1 + appID + li_2: null

2024-07-12 23:14:55 - [TEST_STEP][PASSED] - hrefApp = li_1 + appID + "/": null

2024-07-12 23:14:55 - [TEST_STEP][PASSED] - println("hrefApp : " + hrefApp): null

2024-07-12 23:14:55 - [TEST_STEP][PASSED] - if (ExecuteTC.equalsIgnoreCase("Y")): null

2024-07-12 23:14:55 - [TEST_STEP][PASSED] - out.println("Begin Record Number: " + row): null

2024-07-12 23:14:55 - [TEST_STEP][PASSED] - today = new java.util.Date(): null

2024-07-12 23:14:55 - [TEST_STEP][PASSED] - println(today): null

2024-07-12 23:14:55 - [TEST_STEP][PASSED] - datText = today: null

2024-07-12 23:14:55 - [TEST_STEP][PASSED] - adminSuiteBootstrap.loginFunctionality.login_AdminSuite(): adminSuiteBootstrap.loginFunctionality.login_AdminSuite is PASSED

2024-07-12 23:14:55 - [MESSAGE][INFO] - Starting 'Chrome' driver

2024-07-12 23:14:55 - [MESSAGE][INFO] - User set preference: ['acceptInsecureCerts', 'true']

2024-07-12 23:14:55 - [MESSAGE][INFO] - Action delay is set to 0 milliseconds

2024-07-12 23:14:57 - [MESSAGE][PASSED] - Browser is opened with url: 'https://qa2.velocitypayment.com/admin/imtiaz'

2024-07-12 23:14:57 - [MESSAGE][PASSED] - Current window maximized

2024-07-12 23:14:58 - [MESSAGE][PASSED] - Object 'Object Repository/Login_Page/Login_Username_Okta' is present

2024-07-12 23:14:59 - [MESSAGE][PASSED] - Text 'iahmed' is set on object 'Object Repository/Login_Page/Login_Username_Okta'

2024-07-12 23:15:00 - [MESSAGE][PASSED] - Text 'Hello!6666666' is set on object 'Object Repository/Login_Page/Login_Password_Okta'

2024-07-12 23:15:00 - [MESSAGE][PASSED] - Object: 'Object Repository/Login_Page/Login_Submit_Okta' is clicked on

2024-07-12 23:15:00 - [MESSAGE][PASSED] - adminSuiteBootstrap.loginFunctionality.login_AdminSuite is PASSED

2024-07-12 23:15:00 - [TEST_STEP][PASSED] - click(findTestObject(path_Dashboard + appName)): Object: 'Object Repository/AdminSuiteBootstrap_Pages/Dashboard_Bootstrap/a_Access AutoDualCFtpQA' is clicked on

2024-07-12 23:15:08 - [MESSAGE][PASSED] - Object: 'Object Repository/AdminSuiteBootstrap_Pages/Dashboard_Bootstrap/a_Access AutoDualCFtpQA' is clicked on

2024-07-12 23:15:08 - [TEST_STEP][PASSED] - click(findTestObject(path_VT + "button_Authorization Only")): Object: 'Object Repository/AdminSuiteBootstrap_Pages/VT_Bootstrap/IssueTransactions/button_Authorization Only' is clicked on

2024-07-12 23:15:09 - [MESSAGE][PASSED] - Object: 'Object Repository/AdminSuiteBootstrap_Pages/VT_Bootstrap/IssueTransactions/button_Authorization Only' is clicked on

2024-07-12 23:15:09 - [TEST_STEP][PASSED] - authOnlyKeyboardEntryLink = modifyObjectProperty(findTestObject(path_VT + "a_KeyboardEntry_Sale"), "href", "equals", hrefAppID, true): Modify property of object successfully

2024-07-12 23:15:09 - [MESSAGE][PASSED] - Modify property of object successfully

2024-07-12 23:15:09 - [TEST_STEP][PASSED] - click(authOnlyKeyboardEntryLink): Object: 'Object Repository/AdminSuiteBootstrap_Pages/VT_Bootstrap/IssueTransactions/a_KeyboardEntry_Sale' is clicked on

2024-07-12 23:15:10 - [MESSAGE][PASSED] - Object: 'Object Repository/AdminSuiteBootstrap_Pages/VT_Bootstrap/IssueTransactions/a_KeyboardEntry_Sale' is clicked on

2024-07-12 23:15:10 - [TEST_STEP][PASSED] - adminSuiteBootstrap.virtualTerminalSetData.saleKeyboard_DataDriven(row, dataFile): adminSuiteBootstrap.virtualTerminalSetData.saleKeyboard_DataDriven is PASSED

2024-07-12 23:15:13 - [MESSAGE][PASSED] - Text 'Janaki James' is set on object 'Object Repository/AdminSuiteBootstrap_Pages/VT_Bootstrap/SaleKeyboard/input_cardName'

2024-07-12 23:15:14 - [MESSAGE][PASSED] - All options with value 'MOTO' are selected in object 'Object Repository/AdminSuiteBootstrap_Pages/VT_Bootstrap/SaleKeyboard/select_transactionCategory'  using regular expression

2024-07-12 23:15:15 - [MESSAGE][PASSED] - Execute JavaScript 'arguments[0].value ='5146312200000035' ' successfully

2024-07-12 23:15:15 - [MESSAGE][PASSED] - Execute JavaScript 'arguments[0].value ='123' ' successfully

2024-07-12 23:15:16 - [MESSAGE][PASSED] - All options with value '12' are selected in object 'Object Repository/AdminSuiteBootstrap_Pages/VT_Bootstrap/SaleKeyboard/select_MM'  using regular expression

2024-07-12 23:15:17 - [MESSAGE][PASSED] - All options with value '2025' are selected in object 'Object Repository/AdminSuiteBootstrap_Pages/VT_Bootstrap/SaleKeyboard/select_YYYY'  using regular expression

2024-07-12 23:15:18 - [MESSAGE][PASSED] - Text '1478 Jhatka Palace' is set on object 'Object Repository/AdminSuiteBootstrap_Pages/VT_Bootstrap/SaleKeyboard/input__address'

2024-07-12 23:15:19 - [MESSAGE][PASSED] - Text 'Suite 500' is set on object 'Object Repository/AdminSuiteBootstrap_Pages/VT_Bootstrap/SaleKeyboard/input__address2'

2024-07-12 23:15:20 - [MESSAGE][PASSED] - Text '22201' is set on object 'Object Repository/AdminSuiteBootstrap_Pages/VT_Bootstrap/SaleKeyboard/input__zip'

2024-07-12 23:15:20 - [MESSAGE][PASSED] - Text '' is set on object 'Object Repository/AdminSuiteBootstrap_Pages/VT_Bootstrap/SaleKeyboard/input_emailAddress'

2024-07-12 23:15:22 - [MESSAGE][PASSED] - Text '' is set on object 'Object Repository/AdminSuiteBootstrap_Pages/VT_Bootstrap/SaleKeyboard/input_smsNumber'

2024-07-12 23:15:22 - [MESSAGE][PASSED] - Text '10.50' is set on object 'Object Repository/AdminSuiteBootstrap_Pages/VT_Bootstrap/SaleKeyboard/input_amount'

2024-07-12 23:15:23 - [MESSAGE][PASSED] - Text 'Australia' is set on object 'Object Repository/AdminSuiteBootstrap_Pages/VT_Bootstrap/SaleKeyboard/input_userDefined1'

2024-07-12 23:15:24 - [MESSAGE][PASSED] - Text 'Denmark' is set on object 'Object Repository/AdminSuiteBootstrap_Pages/VT_Bootstrap/SaleKeyboard/input_userDefined2'

2024-07-12 23:15:25 - [MESSAGE][PASSED] - Text 'Sweden' is set on object 'Object Repository/AdminSuiteBootstrap_Pages/VT_Bootstrap/SaleKeyboard/input_userDefined3'

2024-07-12 23:15:26 - [MESSAGE][PASSED] - Text 'Austria' is set on object 'Object Repository/AdminSuiteBootstrap_Pages/VT_Bootstrap/SaleKeyboard/input_userDefined4'

2024-07-12 23:15:27 - [MESSAGE][PASSED] - All options with label 'Orange' are selected in object 'Object Repository/AdminSuiteBootstrap_Pages/VT_Bootstrap/SaleKeyboard/select_UDF5_DropDown'  using regular expression

2024-07-12 23:15:28 - [MESSAGE][PASSED] - All options with label 'Yellow' are selected in object 'Object Repository/AdminSuiteBootstrap_Pages/VT_Bootstrap/SaleKeyboard/select_UDF6_DropDown'  using regular expression

2024-07-12 23:15:28 - [MESSAGE][PASSED] - Text 'Norway' is set on object 'Object Repository/AdminSuiteBootstrap_Pages/VT_Bootstrap/SaleKeyboard/input_userDefined7'

2024-07-12 23:15:29 - [MESSAGE][PASSED] - Text 'Netherlands' is set on object 'Object Repository/AdminSuiteBootstrap_Pages/VT_Bootstrap/SaleKeyboard/input_userDefined8'

2024-07-12 23:15:30 - [MESSAGE][PASSED] - Text 'Switzerland' is set on object 'Object Repository/AdminSuiteBootstrap_Pages/VT_Bootstrap/SaleKeyboard/input_userDefined9'

2024-07-12 23:15:31 - [MESSAGE][PASSED] - Text 'France' is set on object 'Object Repository/AdminSuiteBootstrap_Pages/VT_Bootstrap/SaleKeyboard/input_userDefined10'

2024-07-12 23:15:32 - [MESSAGE][PASSED] - Object: 'Object Repository/AdminSuiteBootstrap_Pages/VT_Bootstrap/SaleKeyboard/button_Submit' is clicked on

2024-07-12 23:15:32 - [MESSAGE][PASSED] - adminSuiteBootstrap.virtualTerminalSetData.saleKeyboard_DataDriven is PASSED

2024-07-12 23:15:32 - [TEST_STEP][PASSED] - if (verifyTextPresent("Transaction Successful", true)): null

2024-07-12 23:15:33 - [MESSAGE][PASSED] - Text 'Transaction Successful' is present on page  using regular expression

2024-07-12 23:15:33 - [TEST_STEP][PASSED] - sdf = getText(findTestObject(path_Receipt + "td_AutoNoC031622113752957Ahm")): Text of object 'Object Repository/AdminSuiteBootstrap_Pages/VT_Bootstrap/Receipt/td_AutoNoC031622113752957Ahm' is: 'AutoDua071224230801207Ahm'

2024-07-12 23:15:33 - [MESSAGE][PASSED] - Text of object 'Object Repository/AdminSuiteBootstrap_Pages/VT_Bootstrap/Receipt/td_AutoNoC031622113752957Ahm' is: 'AutoDua071224230801207Ahm'

2024-07-12 23:15:33 - [TEST_STEP][PASSED] - out.println("sdf: " + sdf): null

2024-07-12 23:15:33 - [TEST_STEP][PASSED] - remID = sdf: null

2024-07-12 23:15:33 - [TEST_STEP][PASSED] - out.println("remID: " + remID): null

2024-07-12 23:15:33 - [TEST_STEP][PASSED] - click(findTestObject(path_Receipt + "button_Continue")): Object: 'Object Repository/AdminSuiteBootstrap_Pages/VT_Bootstrap/Receipt/button_Continue' is clicked on

2024-07-12 23:15:34 - [MESSAGE][PASSED] - Object: 'Object Repository/AdminSuiteBootstrap_Pages/VT_Bootstrap/Receipt/button_Continue' is clicked on

2024-07-12 23:15:34 - [TEST_STEP][PASSED] - click(findTestObject(path_VT + "a_Search Transactions")): Object: 'Object Repository/AdminSuiteBootstrap_Pages/VT_Bootstrap/IssueTransactions/a_Search Transactions' is clicked on

2024-07-12 23:15:35 - [MESSAGE][PASSED] - Object: 'Object Repository/AdminSuiteBootstrap_Pages/VT_Bootstrap/IssueTransactions/a_Search Transactions' is clicked on

2024-07-12 23:15:35 - [TEST_STEP][PASSED] - setText(findTestObject(path_CCSearch + "input_Search By_searchValue"), remID): Text 'AutoDua071224230801207Ahm' is set on object 'Object Repository/AdminSuiteBootstrap_Pages/VT_Bootstrap/CCCreditOrVoidSearch/input_Search By_searchValue'

2024-07-12 23:15:36 - [MESSAGE][PASSED] - Text 'AutoDua071224230801207Ahm' is set on object 'Object Repository/AdminSuiteBootstrap_Pages/VT_Bootstrap/CCCreditOrVoidSearch/input_Search By_searchValue'

2024-07-12 23:15:36 - [TEST_STEP][PASSED] - click(findTestObject(path_CCSearch + "option_Authorization")): Object: 'Object Repository/AdminSuiteBootstrap_Pages/VT_Bootstrap/CCCreditOrVoidSearch/option_Authorization' is clicked on

2024-07-12 23:15:36 - [MESSAGE][PASSED] - Object: 'Object Repository/AdminSuiteBootstrap_Pages/VT_Bootstrap/CCCreditOrVoidSearch/option_Authorization' is clicked on

2024-07-12 23:15:36 - [TEST_STEP][PASSED] - click(findTestObject(path_CCSearch + "button_Submit")): Object: 'Object Repository/AdminSuiteBootstrap_Pages/VT_Bootstrap/CCCreditOrVoidSearch/button_Submit' is clicked on

2024-07-12 23:15:37 - [MESSAGE][PASSED] - Object: 'Object Repository/AdminSuiteBootstrap_Pages/VT_Bootstrap/CCCreditOrVoidSearch/button_Submit' is clicked on

2024-07-12 23:15:37 - [TEST_STEP][PASSED] - fgr = getText(findTestObject(path_SearchResults + "div_Payment ID")): Text of object 'Object Repository/AdminSuiteBootstrap_Pages/VT_Bootstrap/SearchResults/div_Payment ID' is: 'Payment ID
Payment Type
Transaction Type
Remittance ID
Name
Total Amount
End Date
Status
12154870 Credit Card Authorization AutoDua071224230801207Ahm Janaki James $10.50 07/12/2024 Success'

2024-07-12 23:15:38 - [MESSAGE][PASSED] - Text of object 'Object Repository/AdminSuiteBootstrap_Pages/VT_Bootstrap/SearchResults/div_Payment ID' is: 'Payment ID
Payment Type
Transaction Type
Remittance ID
Name
Total Amount
End Date
Status
12154870 Credit Card Authorization AutoDua071224230801207Ahm Janaki James $10.50 07/12/2024 Success'

2024-07-12 23:15:38 - [TEST_STEP][PASSED] - payID = substring(89, 98).trim(): null

2024-07-12 23:15:38 - [TEST_STEP][PASSED] - out.println("payID: " + payID): null

2024-07-12 23:15:38 - [TEST_STEP][PASSED] - click(findTestObject(path_SearchResults + "button_PaymentID")): Object: 'Object Repository/AdminSuiteBootstrap_Pages/VT_Bootstrap/SearchResults/button_PaymentID' is clicked on

2024-07-12 23:15:38 - [MESSAGE][PASSED] - Object: 'Object Repository/AdminSuiteBootstrap_Pages/VT_Bootstrap/SearchResults/button_PaymentID' is clicked on

2024-07-12 23:15:38 - [TEST_STEP][PASSED] - verifyTextPresent("Tender Type", true): Text 'Tender Type' is present on page  using regular expression

2024-07-12 23:15:39 - [MESSAGE][PASSED] - Text 'Tender Type' is present on page  using regular expression

2024-07-12 23:15:39 - [TEST_STEP][PASSED] - verifyTextPresent("Credit Card", true): Text 'Credit Card' is present on page  using regular expression

2024-07-12 23:15:39 - [MESSAGE][PASSED] - Text 'Credit Card' is present on page  using regular expression

2024-07-12 23:15:39 - [TEST_STEP][PASSED] - verifyTextPresent("Transaction Type", true): Text 'Transaction Type' is present on page  using regular expression

2024-07-12 23:15:40 - [MESSAGE][PASSED] - Text 'Transaction Type' is present on page  using regular expression

2024-07-12 23:15:40 - [TEST_STEP][PASSED] - verifyTextPresent("Authorization", true): Text 'Authorization' is present on page  using regular expression

2024-07-12 23:15:40 - [MESSAGE][PASSED] - Text 'Authorization' is present on page  using regular expression

2024-07-12 23:15:40 - [TEST_STEP][PASSED] - verifyTextPresent("Transaction Posted by", true): Text 'Transaction Posted by' is present on page  using regular expression

2024-07-12 23:15:40 - [MESSAGE][PASSED] - Text 'Transaction Posted by' is present on page  using regular expression

2024-07-12 23:15:40 - [TEST_STEP][PASSED] - verifyTextPresent("iahmed", true): Text 'iahmed' is present on page  using regular expression

2024-07-12 23:15:41 - [MESSAGE][PASSED] - Text 'iahmed' is present on page  using regular expression

2024-07-12 23:15:41 - [TEST_STEP][PASSED] - click(findTestObject(path_TranxDetails + "a_Capture this transaction")): Object: 'Object Repository/AdminSuiteBootstrap_Pages/VT_Bootstrap/TransactionDetails/a_Capture this transaction' is clicked on

2024-07-12 23:15:42 - [MESSAGE][PASSED] - Object: 'Object Repository/AdminSuiteBootstrap_Pages/VT_Bootstrap/TransactionDetails/a_Capture this transaction' is clicked on

2024-07-12 23:15:42 - [TEST_STEP][PASSED] - verifyTextPresent("Credit Card Capture", true): Text 'Credit Card Capture' is present on page  using regular expression

2024-07-12 23:15:42 - [MESSAGE][PASSED] - Text 'Credit Card Capture' is present on page  using regular expression

2024-07-12 23:15:42 - [TEST_STEP][PASSED] - captureAmount = findTestData(dataFile).getValue("CaptureAmount", row): null

2024-07-12 23:15:42 - [TEST_STEP][PASSED] - setText(findTestObject(path_SaleKB + "input_amountCapture"), captureAmount): Text '8.50' is set on object 'Object Repository/AdminSuiteBootstrap_Pages/VT_Bootstrap/SaleKeyboard/input_amountCapture'

2024-07-12 23:15:43 - [MESSAGE][PASSED] - Text '8.50' is set on object 'Object Repository/AdminSuiteBootstrap_Pages/VT_Bootstrap/SaleKeyboard/input_amountCapture'

2024-07-12 23:15:43 - [TEST_STEP][PASSED] - amountWithCF = findTestData(dataFile).getValue("AmountwithCF", row): null

2024-07-12 23:15:43 - [TEST_STEP][PASSED] - click(findTestObject(path_TranxDetails + "button_Submit")): Object: 'Object Repository/AdminSuiteBootstrap_Pages/VT_Bootstrap/TransactionDetails/button_Submit' is clicked on

2024-07-12 23:15:45 - [MESSAGE][PASSED] - Object: 'Object Repository/AdminSuiteBootstrap_Pages/VT_Bootstrap/TransactionDetails/button_Submit' is clicked on

2024-07-12 23:15:45 - [TEST_STEP][PASSED] - verifyTextPresent("Transaction Successful", true): Text 'Transaction Successful' is present on page  using regular expression

2024-07-12 23:15:45 - [MESSAGE][PASSED] - Text 'Transaction Successful' is present on page  using regular expression

2024-07-12 23:15:45 - [TEST_STEP][PASSED] - verifyTextPresent("Transaction Type", true): Text 'Transaction Type' is present on page  using regular expression

2024-07-12 23:15:46 - [MESSAGE][PASSED] - Text 'Transaction Type' is present on page  using regular expression

2024-07-12 23:15:46 - [TEST_STEP][PASSED] - verifyTextPresent("Capture", true): Text 'Capture' is present on page  using regular expression

2024-07-12 23:15:46 - [MESSAGE][PASSED] - Text 'Capture' is present on page  using regular expression

2024-07-12 23:15:46 - [TEST_STEP][PASSED] - verifyTextPresent("Amount", true): Text 'Amount' is present on page  using regular expression

2024-07-12 23:15:47 - [MESSAGE][PASSED] - Text 'Amount' is present on page  using regular expression

2024-07-12 23:15:47 - [TEST_STEP][PASSED] - verifyTextPresent("Service Fee", true): Text 'Service Fee' is present on page  using regular expression

2024-07-12 23:15:47 - [MESSAGE][PASSED] - Text 'Service Fee' is present on page  using regular expression

2024-07-12 23:15:47 - [TEST_STEP][PASSED] - verifyTextPresent("Service Fee Type", true): Text 'Service Fee Type' is present on page  using regular expression

2024-07-12 23:15:47 - [MESSAGE][PASSED] - Text 'Service Fee Type' is present on page  using regular expression

2024-07-12 23:15:47 - [TEST_STEP][PASSED] - verifyTextPresent("Total Amount", true): Text 'Total Amount' is present on page  using regular expression

2024-07-12 23:15:48 - [MESSAGE][PASSED] - Text 'Total Amount' is present on page  using regular expression

2024-07-12 23:15:48 - [TEST_STEP][PASSED] - verifyTextPresent(captureAmount, true): Text '8.50' is present on page  using regular expression

2024-07-12 23:15:48 - [MESSAGE][PASSED] - Text '8.50' is present on page  using regular expression

2024-07-12 23:15:48 - [TEST_STEP][PASSED] - verifyTextPresent("5.00", true): Text '5.00' is present on page  using regular expression

2024-07-12 23:15:48 - [MESSAGE][PASSED] - Text '5.00' is present on page  using regular expression

2024-07-12 23:15:48 - [TEST_STEP][PASSED] - verifyTextPresent("Dual Transaction", true): Text 'Dual Transaction' is present on page  using regular expression

2024-07-12 23:15:49 - [MESSAGE][PASSED] - Text 'Dual Transaction' is present on page  using regular expression

2024-07-12 23:15:49 - [TEST_STEP][PASSED] - verifyTextPresent(amountWithCF, true): Text '13.50' is present on page  using regular expression

2024-07-12 23:15:49 - [MESSAGE][PASSED] - Text '13.50' is present on page  using regular expression

2024-07-12 23:15:49 - [TEST_STEP][PASSED] - closeBrowser(): Browser is closed

2024-07-12 23:15:50 - [MESSAGE][PASSED] - Browser is closed

2024-07-12 23:15:50 - [TEST_STEP][PASSED] - ExecuteTC = findTestData(dataFile).getValue("Execute", row): null

2024-07-12 23:15:50 - [TEST_STEP][PASSED] - out.println("Value of Execute is : " + ExecuteTC): null

2024-07-12 23:15:50 - [TEST_STEP][PASSED] - switch (executionProfile): null

2024-07-12 23:15:50 - [TEST_STEP][PASSED] - case "QA2Profile":: null

2024-07-12 23:15:50 - [TEST_STEP][PASSED] - appName = findTestData(dataFile).getValue("AppNameQA", row): null

2024-07-12 23:15:50 - [TEST_STEP][PASSED] - appID = findTestData(dataFile).getValue("AppIDQA", row): null

2024-07-12 23:15:50 - [TEST_STEP][PASSED] - break: null

2024-07-12 23:15:50 - [TEST_STEP][PASSED] - hrefAppID = li_1 + appID + li_2: null

2024-07-12 23:15:50 - [TEST_STEP][PASSED] - hrefApp = li_1 + appID + "/": null

2024-07-12 23:15:50 - [TEST_STEP][PASSED] - println("hrefApp : " + hrefApp): null

2024-07-12 23:15:50 - [TEST_STEP][PASSED] - if (ExecuteTC.equalsIgnoreCase("Y")): null

2024-07-12 23:15:50 - [TEST_STEP][PASSED] - out.println("Begin Record Number: " + row): null

2024-07-12 23:15:50 - [TEST_STEP][PASSED] - today = new java.util.Date(): null

2024-07-12 23:15:50 - [TEST_STEP][PASSED] - println(today): null

2024-07-12 23:15:50 - [TEST_STEP][PASSED] - datText = today: null

2024-07-12 23:15:50 - [TEST_STEP][PASSED] - adminSuiteBootstrap.loginFunctionality.login_AdminSuite(): adminSuiteBootstrap.loginFunctionality.login_AdminSuite is PASSED

2024-07-12 23:15:50 - [MESSAGE][INFO] - Starting 'Chrome' driver

2024-07-12 23:15:50 - [MESSAGE][INFO] - User set preference: ['acceptInsecureCerts', 'true']

2024-07-12 23:15:50 - [MESSAGE][INFO] - Action delay is set to 0 milliseconds

2024-07-12 23:15:53 - [MESSAGE][PASSED] - Browser is opened with url: 'https://qa2.velocitypayment.com/admin/imtiaz'

2024-07-12 23:15:53 - [MESSAGE][PASSED] - Current window maximized

2024-07-12 23:15:54 - [MESSAGE][PASSED] - Object 'Object Repository/Login_Page/Login_Username_Okta' is present

2024-07-12 23:15:55 - [MESSAGE][PASSED] - Text 'iahmed' is set on object 'Object Repository/Login_Page/Login_Username_Okta'

2024-07-12 23:15:56 - [MESSAGE][PASSED] - Text 'Hello!6666666' is set on object 'Object Repository/Login_Page/Login_Password_Okta'

2024-07-12 23:15:56 - [MESSAGE][PASSED] - Object: 'Object Repository/Login_Page/Login_Submit_Okta' is clicked on

2024-07-12 23:15:56 - [MESSAGE][PASSED] - adminSuiteBootstrap.loginFunctionality.login_AdminSuite is PASSED

2024-07-12 23:15:56 - [TEST_STEP][PASSED] - click(findTestObject(path_Dashboard + appName)): Object: 'Object Repository/AdminSuiteBootstrap_Pages/Dashboard_Bootstrap/a_Access AutoDualCFtpQA' is clicked on

2024-07-12 23:16:04 - [MESSAGE][PASSED] - Object: 'Object Repository/AdminSuiteBootstrap_Pages/Dashboard_Bootstrap/a_Access AutoDualCFtpQA' is clicked on

2024-07-12 23:16:04 - [TEST_STEP][PASSED] - click(findTestObject(path_VT + "button_Authorization Only")): Object: 'Object Repository/AdminSuiteBootstrap_Pages/VT_Bootstrap/IssueTransactions/button_Authorization Only' is clicked on

2024-07-12 23:16:04 - [MESSAGE][PASSED] - Object: 'Object Repository/AdminSuiteBootstrap_Pages/VT_Bootstrap/IssueTransactions/button_Authorization Only' is clicked on

2024-07-12 23:16:04 - [TEST_STEP][PASSED] - authOnlyKeyboardEntryLink = modifyObjectProperty(findTestObject(path_VT + "a_KeyboardEntry_Sale"), "href", "equals", hrefAppID, true): Modify property of object successfully

2024-07-12 23:16:05 - [MESSAGE][PASSED] - Modify property of object successfully

2024-07-12 23:16:05 - [TEST_STEP][PASSED] - click(authOnlyKeyboardEntryLink): Object: 'Object Repository/AdminSuiteBootstrap_Pages/VT_Bootstrap/IssueTransactions/a_KeyboardEntry_Sale' is clicked on

2024-07-12 23:16:05 - [MESSAGE][PASSED] - Object: 'Object Repository/AdminSuiteBootstrap_Pages/VT_Bootstrap/IssueTransactions/a_KeyboardEntry_Sale' is clicked on

2024-07-12 23:16:05 - [TEST_STEP][PASSED] - adminSuiteBootstrap.virtualTerminalSetData.saleKeyboard_DataDriven(row, dataFile): adminSuiteBootstrap.virtualTerminalSetData.saleKeyboard_DataDriven is PASSED

2024-07-12 23:16:09 - [MESSAGE][PASSED] - Text 'Janaki James' is set on object 'Object Repository/AdminSuiteBootstrap_Pages/VT_Bootstrap/SaleKeyboard/input_cardName'

2024-07-12 23:16:10 - [MESSAGE][PASSED] - All options with value 'MOTO' are selected in object 'Object Repository/AdminSuiteBootstrap_Pages/VT_Bootstrap/SaleKeyboard/select_transactionCategory'  using regular expression

2024-07-12 23:16:10 - [MESSAGE][PASSED] - Execute JavaScript 'arguments[0].value ='371449635392376' ' successfully

2024-07-12 23:16:11 - [MESSAGE][PASSED] - Execute JavaScript 'arguments[0].value ='123' ' successfully

2024-07-12 23:16:12 - [MESSAGE][PASSED] - All options with value '12' are selected in object 'Object Repository/AdminSuiteBootstrap_Pages/VT_Bootstrap/SaleKeyboard/select_MM'  using regular expression

2024-07-12 23:16:13 - [MESSAGE][PASSED] - All options with value '2025' are selected in object 'Object Repository/AdminSuiteBootstrap_Pages/VT_Bootstrap/SaleKeyboard/select_YYYY'  using regular expression

2024-07-12 23:16:14 - [MESSAGE][PASSED] - Text '550 Swan Lake' is set on object 'Object Repository/AdminSuiteBootstrap_Pages/VT_Bootstrap/SaleKeyboard/input__address'

2024-07-12 23:16:14 - [MESSAGE][PASSED] - Text 'Suite 500' is set on object 'Object Repository/AdminSuiteBootstrap_Pages/VT_Bootstrap/SaleKeyboard/input__address2'

2024-07-12 23:16:15 - [MESSAGE][PASSED] - Text '22201' is set on object 'Object Repository/AdminSuiteBootstrap_Pages/VT_Bootstrap/SaleKeyboard/input__zip'

2024-07-12 23:16:16 - [MESSAGE][PASSED] - Text '' is set on object 'Object Repository/AdminSuiteBootstrap_Pages/VT_Bootstrap/SaleKeyboard/input_emailAddress'

2024-07-12 23:16:17 - [MESSAGE][PASSED] - Text '' is set on object 'Object Repository/AdminSuiteBootstrap_Pages/VT_Bootstrap/SaleKeyboard/input_smsNumber'

2024-07-12 23:16:18 - [MESSAGE][PASSED] - Text '10.50' is set on object 'Object Repository/AdminSuiteBootstrap_Pages/VT_Bootstrap/SaleKeyboard/input_amount'

2024-07-12 23:16:19 - [MESSAGE][PASSED] - Text 'Australia' is set on object 'Object Repository/AdminSuiteBootstrap_Pages/VT_Bootstrap/SaleKeyboard/input_userDefined1'

2024-07-12 23:16:20 - [MESSAGE][PASSED] - Text 'Denmark' is set on object 'Object Repository/AdminSuiteBootstrap_Pages/VT_Bootstrap/SaleKeyboard/input_userDefined2'

2024-07-12 23:16:21 - [MESSAGE][PASSED] - Text 'Sweden' is set on object 'Object Repository/AdminSuiteBootstrap_Pages/VT_Bootstrap/SaleKeyboard/input_userDefined3'

2024-07-12 23:16:21 - [MESSAGE][PASSED] - Text 'Austria' is set on object 'Object Repository/AdminSuiteBootstrap_Pages/VT_Bootstrap/SaleKeyboard/input_userDefined4'

2024-07-12 23:16:22 - [MESSAGE][PASSED] - All options with label 'Orange' are selected in object 'Object Repository/AdminSuiteBootstrap_Pages/VT_Bootstrap/SaleKeyboard/select_UDF5_DropDown'  using regular expression

2024-07-12 23:16:23 - [MESSAGE][PASSED] - All options with label 'Yellow' are selected in object 'Object Repository/AdminSuiteBootstrap_Pages/VT_Bootstrap/SaleKeyboard/select_UDF6_DropDown'  using regular expression

2024-07-12 23:16:24 - [MESSAGE][PASSED] - Text 'Norway' is set on object 'Object Repository/AdminSuiteBootstrap_Pages/VT_Bootstrap/SaleKeyboard/input_userDefined7'

2024-07-12 23:16:25 - [MESSAGE][PASSED] - Text 'Netherlands' is set on object 'Object Repository/AdminSuiteBootstrap_Pages/VT_Bootstrap/SaleKeyboard/input_userDefined8'

2024-07-12 23:16:25 - [MESSAGE][PASSED] - Text 'Switzerland' is set on object 'Object Repository/AdminSuiteBootstrap_Pages/VT_Bootstrap/SaleKeyboard/input_userDefined9'

2024-07-12 23:16:26 - [MESSAGE][PASSED] - Text 'France' is set on object 'Object Repository/AdminSuiteBootstrap_Pages/VT_Bootstrap/SaleKeyboard/input_userDefined10'

2024-07-12 23:16:28 - [MESSAGE][PASSED] - Object: 'Object Repository/AdminSuiteBootstrap_Pages/VT_Bootstrap/SaleKeyboard/button_Submit' is clicked on

2024-07-12 23:16:28 - [MESSAGE][PASSED] - adminSuiteBootstrap.virtualTerminalSetData.saleKeyboard_DataDriven is PASSED

2024-07-12 23:16:28 - [TEST_STEP][PASSED] - if (verifyTextPresent("Transaction Successful", true)): null

2024-07-12 23:16:28 - [MESSAGE][PASSED] - Text 'Transaction Successful' is present on page  using regular expression

2024-07-12 23:16:28 - [TEST_STEP][PASSED] - sdf = getText(findTestObject(path_Receipt + "td_AutoNoC031622113752957Ahm")): Text of object 'Object Repository/AdminSuiteBootstrap_Pages/VT_Bootstrap/Receipt/td_AutoNoC031622113752957Ahm' is: 'AutoDua071224230856582Ahm'

2024-07-12 23:16:29 - [MESSAGE][PASSED] - Text of object 'Object Repository/AdminSuiteBootstrap_Pages/VT_Bootstrap/Receipt/td_AutoNoC031622113752957Ahm' is: 'AutoDua071224230856582Ahm'

2024-07-12 23:16:29 - [TEST_STEP][PASSED] - out.println("sdf: " + sdf): null

2024-07-12 23:16:29 - [TEST_STEP][PASSED] - remID = sdf: null

2024-07-12 23:16:29 - [TEST_STEP][PASSED] - out.println("remID: " + remID): null

2024-07-12 23:16:29 - [TEST_STEP][PASSED] - click(findTestObject(path_Receipt + "button_Continue")): Object: 'Object Repository/AdminSuiteBootstrap_Pages/VT_Bootstrap/Receipt/button_Continue' is clicked on

2024-07-12 23:16:29 - [MESSAGE][PASSED] - Object: 'Object Repository/AdminSuiteBootstrap_Pages/VT_Bootstrap/Receipt/button_Continue' is clicked on

2024-07-12 23:16:29 - [TEST_STEP][PASSED] - click(findTestObject(path_VT + "a_Search Transactions")): Object: 'Object Repository/AdminSuiteBootstrap_Pages/VT_Bootstrap/IssueTransactions/a_Search Transactions' is clicked on

2024-07-12 23:16:30 - [MESSAGE][PASSED] - Object: 'Object Repository/AdminSuiteBootstrap_Pages/VT_Bootstrap/IssueTransactions/a_Search Transactions' is clicked on

2024-07-12 23:16:30 - [TEST_STEP][PASSED] - setText(findTestObject(path_CCSearch + "input_Search By_searchValue"), remID): Text 'AutoDua071224230856582Ahm' is set on object 'Object Repository/AdminSuiteBootstrap_Pages/VT_Bootstrap/CCCreditOrVoidSearch/input_Search By_searchValue'

2024-07-12 23:16:31 - [MESSAGE][PASSED] - Text 'AutoDua071224230856582Ahm' is set on object 'Object Repository/AdminSuiteBootstrap_Pages/VT_Bootstrap/CCCreditOrVoidSearch/input_Search By_searchValue'

2024-07-12 23:16:31 - [TEST_STEP][PASSED] - click(findTestObject(path_CCSearch + "option_Authorization")): Object: 'Object Repository/AdminSuiteBootstrap_Pages/VT_Bootstrap/CCCreditOrVoidSearch/option_Authorization' is clicked on

2024-07-12 23:16:32 - [MESSAGE][PASSED] - Object: 'Object Repository/AdminSuiteBootstrap_Pages/VT_Bootstrap/CCCreditOrVoidSearch/option_Authorization' is clicked on

2024-07-12 23:16:32 - [TEST_STEP][PASSED] - click(findTestObject(path_CCSearch + "button_Submit")): Object: 'Object Repository/AdminSuiteBootstrap_Pages/VT_Bootstrap/CCCreditOrVoidSearch/button_Submit' is clicked on

2024-07-12 23:16:32 - [MESSAGE][PASSED] - Object: 'Object Repository/AdminSuiteBootstrap_Pages/VT_Bootstrap/CCCreditOrVoidSearch/button_Submit' is clicked on

2024-07-12 23:16:32 - [TEST_STEP][PASSED] - fgr = getText(findTestObject(path_SearchResults + "div_Payment ID")): Text of object 'Object Repository/AdminSuiteBootstrap_Pages/VT_Bootstrap/SearchResults/div_Payment ID' is: 'Payment ID
Payment Type
Transaction Type
Remittance ID
Name
Total Amount
End Date
Status
12154874 Credit Card Authorization AutoDua071224230856582Ahm Janaki James $10.50 07/12/2024 Success'

2024-07-12 23:16:33 - [MESSAGE][PASSED] - Text of object 'Object Repository/AdminSuiteBootstrap_Pages/VT_Bootstrap/SearchResults/div_Payment ID' is: 'Payment ID
Payment Type
Transaction Type
Remittance ID
Name
Total Amount
End Date
Status
12154874 Credit Card Authorization AutoDua071224230856582Ahm Janaki James $10.50 07/12/2024 Success'

2024-07-12 23:16:33 - [TEST_STEP][PASSED] - payID = substring(89, 98).trim(): null

2024-07-12 23:16:33 - [TEST_STEP][PASSED] - out.println("payID: " + payID): null

2024-07-12 23:16:33 - [TEST_STEP][PASSED] - click(findTestObject(path_SearchResults + "button_PaymentID")): Object: 'Object Repository/AdminSuiteBootstrap_Pages/VT_Bootstrap/SearchResults/button_PaymentID' is clicked on

2024-07-12 23:16:34 - [MESSAGE][PASSED] - Object: 'Object Repository/AdminSuiteBootstrap_Pages/VT_Bootstrap/SearchResults/button_PaymentID' is clicked on

2024-07-12 23:16:34 - [TEST_STEP][PASSED] - verifyTextPresent("Tender Type", true): Text 'Tender Type' is present on page  using regular expression

2024-07-12 23:16:34 - [MESSAGE][PASSED] - Text 'Tender Type' is present on page  using regular expression

2024-07-12 23:16:34 - [TEST_STEP][PASSED] - verifyTextPresent("Credit Card", true): Text 'Credit Card' is present on page  using regular expression

2024-07-12 23:16:35 - [MESSAGE][PASSED] - Text 'Credit Card' is present on page  using regular expression

2024-07-12 23:16:35 - [TEST_STEP][PASSED] - verifyTextPresent("Transaction Type", true): Text 'Transaction Type' is present on page  using regular expression

2024-07-12 23:16:35 - [MESSAGE][PASSED] - Text 'Transaction Type' is present on page  using regular expression

2024-07-12 23:16:35 - [TEST_STEP][PASSED] - verifyTextPresent("Authorization", true): Text 'Authorization' is present on page  using regular expression

2024-07-12 23:16:35 - [MESSAGE][PASSED] - Text 'Authorization' is present on page  using regular expression

2024-07-12 23:16:35 - [TEST_STEP][PASSED] - verifyTextPresent("Transaction Posted by", true): Text 'Transaction Posted by' is present on page  using regular expression

2024-07-12 23:16:36 - [MESSAGE][PASSED] - Text 'Transaction Posted by' is present on page  using regular expression

2024-07-12 23:16:36 - [TEST_STEP][PASSED] - verifyTextPresent("iahmed", true): Text 'iahmed' is present on page  using regular expression

2024-07-12 23:16:36 - [MESSAGE][PASSED] - Text 'iahmed' is present on page  using regular expression

2024-07-12 23:16:36 - [TEST_STEP][PASSED] - click(findTestObject(path_TranxDetails + "a_Capture this transaction")): Object: 'Object Repository/AdminSuiteBootstrap_Pages/VT_Bootstrap/TransactionDetails/a_Capture this transaction' is clicked on

2024-07-12 23:16:37 - [MESSAGE][PASSED] - Object: 'Object Repository/AdminSuiteBootstrap_Pages/VT_Bootstrap/TransactionDetails/a_Capture this transaction' is clicked on

2024-07-12 23:16:37 - [TEST_STEP][PASSED] - verifyTextPresent("Credit Card Capture", true): Text 'Credit Card Capture' is present on page  using regular expression

2024-07-12 23:16:38 - [MESSAGE][PASSED] - Text 'Credit Card Capture' is present on page  using regular expression

2024-07-12 23:16:38 - [TEST_STEP][PASSED] - captureAmount = findTestData(dataFile).getValue("CaptureAmount", row): null

2024-07-12 23:16:38 - [TEST_STEP][PASSED] - setText(findTestObject(path_SaleKB + "input_amountCapture"), captureAmount): Text '6.50' is set on object 'Object Repository/AdminSuiteBootstrap_Pages/VT_Bootstrap/SaleKeyboard/input_amountCapture'

2024-07-12 23:16:39 - [MESSAGE][PASSED] - Text '6.50' is set on object 'Object Repository/AdminSuiteBootstrap_Pages/VT_Bootstrap/SaleKeyboard/input_amountCapture'

2024-07-12 23:16:39 - [TEST_STEP][PASSED] - amountWithCF = findTestData(dataFile).getValue("AmountwithCF", row): null

2024-07-12 23:16:39 - [TEST_STEP][PASSED] - click(findTestObject(path_TranxDetails + "button_Submit")): Object: 'Object Repository/AdminSuiteBootstrap_Pages/VT_Bootstrap/TransactionDetails/button_Submit' is clicked on

2024-07-12 23:16:40 - [MESSAGE][PASSED] - Object: 'Object Repository/AdminSuiteBootstrap_Pages/VT_Bootstrap/TransactionDetails/button_Submit' is clicked on

2024-07-12 23:16:40 - [TEST_STEP][PASSED] - verifyTextPresent("Transaction Successful", true): Text 'Transaction Successful' is present on page  using regular expression

2024-07-12 23:16:41 - [MESSAGE][PASSED] - Text 'Transaction Successful' is present on page  using regular expression

2024-07-12 23:16:41 - [TEST_STEP][PASSED] - verifyTextPresent("Transaction Type", true): Text 'Transaction Type' is present on page  using regular expression

2024-07-12 23:16:41 - [MESSAGE][PASSED] - Text 'Transaction Type' is present on page  using regular expression

2024-07-12 23:16:41 - [TEST_STEP][PASSED] - verifyTextPresent("Capture", true): Text 'Capture' is present on page  using regular expression

2024-07-12 23:16:42 - [MESSAGE][PASSED] - Text 'Capture' is present on page  using regular expression

2024-07-12 23:16:42 - [TEST_STEP][PASSED] - verifyTextPresent("Amount", true): Text 'Amount' is present on page  using regular expression

2024-07-12 23:16:42 - [MESSAGE][PASSED] - Text 'Amount' is present on page  using regular expression

2024-07-12 23:16:42 - [TEST_STEP][PASSED] - verifyTextPresent("Service Fee", true): Text 'Service Fee' is present on page  using regular expression

2024-07-12 23:16:42 - [MESSAGE][PASSED] - Text 'Service Fee' is present on page  using regular expression

2024-07-12 23:16:42 - [TEST_STEP][PASSED] - verifyTextPresent("Service Fee Type", true): Text 'Service Fee Type' is present on page  using regular expression

2024-07-12 23:16:43 - [MESSAGE][PASSED] - Text 'Service Fee Type' is present on page  using regular expression

2024-07-12 23:16:43 - [TEST_STEP][PASSED] - verifyTextPresent("Total Amount", true): Text 'Total Amount' is present on page  using regular expression

2024-07-12 23:16:43 - [MESSAGE][PASSED] - Text 'Total Amount' is present on page  using regular expression

2024-07-12 23:16:43 - [TEST_STEP][PASSED] - verifyTextPresent(captureAmount, true): Text '6.50' is present on page  using regular expression

2024-07-12 23:16:43 - [MESSAGE][PASSED] - Text '6.50' is present on page  using regular expression

2024-07-12 23:16:43 - [TEST_STEP][PASSED] - verifyTextPresent("5.00", true): Text '5.00' is present on page  using regular expression

2024-07-12 23:16:44 - [MESSAGE][PASSED] - Text '5.00' is present on page  using regular expression

2024-07-12 23:16:44 - [TEST_STEP][PASSED] - verifyTextPresent("Dual Transaction", true): Text 'Dual Transaction' is present on page  using regular expression

2024-07-12 23:16:44 - [MESSAGE][PASSED] - Text 'Dual Transaction' is present on page  using regular expression

2024-07-12 23:16:44 - [TEST_STEP][PASSED] - verifyTextPresent(amountWithCF, true): Text '11.50' is present on page  using regular expression

2024-07-12 23:16:44 - [MESSAGE][PASSED] - Text '11.50' is present on page  using regular expression

2024-07-12 23:16:44 - [TEST_STEP][PASSED] - closeBrowser(): Browser is closed

2024-07-12 23:16:45 - [MESSAGE][PASSED] - Browser is closed

2024-07-12 23:16:45 - [TEST_STEP][PASSED] - ExecuteTC = findTestData(dataFile).getValue("Execute", row): null

2024-07-12 23:16:46 - [TEST_STEP][PASSED] - out.println("Value of Execute is : " + ExecuteTC): null

2024-07-12 23:16:46 - [TEST_STEP][PASSED] - switch (executionProfile): null

2024-07-12 23:16:46 - [TEST_STEP][PASSED] - case "QA2Profile":: null

2024-07-12 23:16:46 - [TEST_STEP][PASSED] - appName = findTestData(dataFile).getValue("AppNameQA", row): null

2024-07-12 23:16:46 - [TEST_STEP][PASSED] - appID = findTestData(dataFile).getValue("AppIDQA", row): null

2024-07-12 23:16:46 - [TEST_STEP][PASSED] - break: null

2024-07-12 23:16:46 - [TEST_STEP][PASSED] - hrefAppID = li_1 + appID + li_2: null

2024-07-12 23:16:46 - [TEST_STEP][PASSED] - hrefApp = li_1 + appID + "/": null

2024-07-12 23:16:46 - [TEST_STEP][PASSED] - println("hrefApp : " + hrefApp): null

2024-07-12 23:16:46 - [TEST_STEP][PASSED] - if (ExecuteTC.equalsIgnoreCase("Y")): null

2024-07-12 23:16:46 - [TEST_STEP][PASSED] - out.println("Begin Record Number: " + row): null

2024-07-12 23:16:46 - [TEST_STEP][PASSED] - today = new java.util.Date(): null

2024-07-12 23:16:46 - [TEST_STEP][PASSED] - println(today): null

2024-07-12 23:16:46 - [TEST_STEP][PASSED] - datText = today: null

2024-07-12 23:16:46 - [TEST_STEP][PASSED] - adminSuiteBootstrap.loginFunctionality.login_AdminSuite(): adminSuiteBootstrap.loginFunctionality.login_AdminSuite is PASSED

2024-07-12 23:16:46 - [MESSAGE][INFO] - Starting 'Chrome' driver

2024-07-12 23:16:46 - [MESSAGE][INFO] - User set preference: ['acceptInsecureCerts', 'true']

2024-07-12 23:16:46 - [MESSAGE][INFO] - Action delay is set to 0 milliseconds

2024-07-12 23:16:48 - [MESSAGE][PASSED] - Browser is opened with url: 'https://qa2.velocitypayment.com/admin/imtiaz'

2024-07-12 23:16:49 - [MESSAGE][PASSED] - Current window maximized

2024-07-12 23:16:49 - [MESSAGE][PASSED] - Object 'Object Repository/Login_Page/Login_Username_Okta' is present

2024-07-12 23:16:50 - [MESSAGE][PASSED] - Text 'iahmed' is set on object 'Object Repository/Login_Page/Login_Username_Okta'

2024-07-12 23:16:51 - [MESSAGE][PASSED] - Text 'Hello!6666666' is set on object 'Object Repository/Login_Page/Login_Password_Okta'

2024-07-12 23:16:51 - [MESSAGE][PASSED] - Object: 'Object Repository/Login_Page/Login_Submit_Okta' is clicked on

2024-07-12 23:16:51 - [MESSAGE][PASSED] - adminSuiteBootstrap.loginFunctionality.login_AdminSuite is PASSED

2024-07-12 23:16:51 - [TEST_STEP][PASSED] - click(findTestObject(path_Dashboard + appName)): Object: 'Object Repository/AdminSuiteBootstrap_Pages/Dashboard_Bootstrap/a_Access AutoDualCFtpQA' is clicked on

2024-07-12 23:16:59 - [MESSAGE][PASSED] - Object: 'Object Repository/AdminSuiteBootstrap_Pages/Dashboard_Bootstrap/a_Access AutoDualCFtpQA' is clicked on

2024-07-12 23:16:59 - [TEST_STEP][PASSED] - click(findTestObject(path_VT + "button_Authorization Only")): Object: 'Object Repository/AdminSuiteBootstrap_Pages/VT_Bootstrap/IssueTransactions/button_Authorization Only' is clicked on

2024-07-12 23:17:00 - [MESSAGE][PASSED] - Object: 'Object Repository/AdminSuiteBootstrap_Pages/VT_Bootstrap/IssueTransactions/button_Authorization Only' is clicked on

2024-07-12 23:17:00 - [TEST_STEP][PASSED] - authOnlyKeyboardEntryLink = modifyObjectProperty(findTestObject(path_VT + "a_KeyboardEntry_Sale"), "href", "equals", hrefAppID, true): Modify property of object successfully

2024-07-12 23:17:00 - [MESSAGE][PASSED] - Modify property of object successfully

2024-07-12 23:17:00 - [TEST_STEP][PASSED] - click(authOnlyKeyboardEntryLink): Object: 'Object Repository/AdminSuiteBootstrap_Pages/VT_Bootstrap/IssueTransactions/a_KeyboardEntry_Sale' is clicked on

2024-07-12 23:17:01 - [MESSAGE][PASSED] - Object: 'Object Repository/AdminSuiteBootstrap_Pages/VT_Bootstrap/IssueTransactions/a_KeyboardEntry_Sale' is clicked on

2024-07-12 23:17:01 - [TEST_STEP][PASSED] - adminSuiteBootstrap.virtualTerminalSetData.saleKeyboard_DataDriven(row, dataFile): adminSuiteBootstrap.virtualTerminalSetData.saleKeyboard_DataDriven is PASSED

2024-07-12 23:17:04 - [MESSAGE][PASSED] - Text 'Janaki James' is set on object 'Object Repository/AdminSuiteBootstrap_Pages/VT_Bootstrap/SaleKeyboard/input_cardName'

2024-07-12 23:17:05 - [MESSAGE][PASSED] - All options with value 'MOTO' are selected in object 'Object Repository/AdminSuiteBootstrap_Pages/VT_Bootstrap/SaleKeyboard/select_transactionCategory'  using regular expression

2024-07-12 23:17:06 - [MESSAGE][PASSED] - Execute JavaScript 'arguments[0].value ='6011000993026909' ' successfully

2024-07-12 23:17:06 - [MESSAGE][PASSED] - Execute JavaScript 'arguments[0].value ='123' ' successfully

2024-07-12 23:17:07 - [MESSAGE][PASSED] - All options with value '12' are selected in object 'Object Repository/AdminSuiteBootstrap_Pages/VT_Bootstrap/SaleKeyboard/select_MM'  using regular expression

2024-07-12 23:17:09 - [MESSAGE][PASSED] - All options with value '2025' are selected in object 'Object Repository/AdminSuiteBootstrap_Pages/VT_Bootstrap/SaleKeyboard/select_YYYY'  using regular expression

2024-07-12 23:17:09 - [MESSAGE][PASSED] - Text '25987 Hill Top' is set on object 'Object Repository/AdminSuiteBootstrap_Pages/VT_Bootstrap/SaleKeyboard/input__address'

2024-07-12 23:17:10 - [MESSAGE][PASSED] - Text 'Suite 500' is set on object 'Object Repository/AdminSuiteBootstrap_Pages/VT_Bootstrap/SaleKeyboard/input__address2'

2024-07-12 23:17:11 - [MESSAGE][PASSED] - Text '22201' is set on object 'Object Repository/AdminSuiteBootstrap_Pages/VT_Bootstrap/SaleKeyboard/input__zip'

2024-07-12 23:17:12 - [MESSAGE][PASSED] - Text '' is set on object 'Object Repository/AdminSuiteBootstrap_Pages/VT_Bootstrap/SaleKeyboard/input_emailAddress'

2024-07-12 23:17:13 - [MESSAGE][PASSED] - Text '' is set on object 'Object Repository/AdminSuiteBootstrap_Pages/VT_Bootstrap/SaleKeyboard/input_smsNumber'

2024-07-12 23:17:14 - [MESSAGE][PASSED] - Text '10.50' is set on object 'Object Repository/AdminSuiteBootstrap_Pages/VT_Bootstrap/SaleKeyboard/input_amount'

2024-07-12 23:17:15 - [MESSAGE][PASSED] - Text 'Australia' is set on object 'Object Repository/AdminSuiteBootstrap_Pages/VT_Bootstrap/SaleKeyboard/input_userDefined1'

2024-07-12 23:17:15 - [MESSAGE][PASSED] - Text 'Denmark' is set on object 'Object Repository/AdminSuiteBootstrap_Pages/VT_Bootstrap/SaleKeyboard/input_userDefined2'

2024-07-12 23:17:16 - [MESSAGE][PASSED] - Text 'Sweden' is set on object 'Object Repository/AdminSuiteBootstrap_Pages/VT_Bootstrap/SaleKeyboard/input_userDefined3'

2024-07-12 23:17:17 - [MESSAGE][PASSED] - Text 'Austria' is set on object 'Object Repository/AdminSuiteBootstrap_Pages/VT_Bootstrap/SaleKeyboard/input_userDefined4'

2024-07-12 23:17:18 - [MESSAGE][PASSED] - All options with label 'Orange' are selected in object 'Object Repository/AdminSuiteBootstrap_Pages/VT_Bootstrap/SaleKeyboard/select_UDF5_DropDown'  using regular expression

2024-07-12 23:17:19 - [MESSAGE][PASSED] - All options with label 'Yellow' are selected in object 'Object Repository/AdminSuiteBootstrap_Pages/VT_Bootstrap/SaleKeyboard/select_UDF6_DropDown'  using regular expression

2024-07-12 23:17:20 - [MESSAGE][PASSED] - Text 'Norway' is set on object 'Object Repository/AdminSuiteBootstrap_Pages/VT_Bootstrap/SaleKeyboard/input_userDefined7'

2024-07-12 23:17:20 - [MESSAGE][PASSED] - Text 'Netherlands' is set on object 'Object Repository/AdminSuiteBootstrap_Pages/VT_Bootstrap/SaleKeyboard/input_userDefined8'

2024-07-12 23:17:21 - [MESSAGE][PASSED] - Text 'Switzerland' is set on object 'Object Repository/AdminSuiteBootstrap_Pages/VT_Bootstrap/SaleKeyboard/input_userDefined9'

2024-07-12 23:17:22 - [MESSAGE][PASSED] - Text 'France' is set on object 'Object Repository/AdminSuiteBootstrap_Pages/VT_Bootstrap/SaleKeyboard/input_userDefined10'

2024-07-12 23:17:23 - [MESSAGE][PASSED] - Object: 'Object Repository/AdminSuiteBootstrap_Pages/VT_Bootstrap/SaleKeyboard/button_Submit' is clicked on

2024-07-12 23:17:23 - [MESSAGE][PASSED] - adminSuiteBootstrap.virtualTerminalSetData.saleKeyboard_DataDriven is PASSED

2024-07-12 23:17:23 - [TEST_STEP][PASSED] - if (verifyTextPresent("Transaction Successful", true)): null

2024-07-12 23:17:24 - [MESSAGE][PASSED] - Text 'Transaction Successful' is present on page  using regular expression

2024-07-12 23:17:24 - [TEST_STEP][PASSED] - sdf = getText(findTestObject(path_Receipt + "td_AutoNoC031622113752957Ahm")): Text of object 'Object Repository/AdminSuiteBootstrap_Pages/VT_Bootstrap/Receipt/td_AutoNoC031622113752957Ahm' is: 'AutoDua071224230952060Ahm'

2024-07-12 23:17:24 - [MESSAGE][PASSED] - Text of object 'Object Repository/AdminSuiteBootstrap_Pages/VT_Bootstrap/Receipt/td_AutoNoC031622113752957Ahm' is: 'AutoDua071224230952060Ahm'

2024-07-12 23:17:24 - [TEST_STEP][PASSED] - out.println("sdf: " + sdf): null

2024-07-12 23:17:24 - [TEST_STEP][PASSED] - remID = sdf: null

2024-07-12 23:17:24 - [TEST_STEP][PASSED] - out.println("remID: " + remID): null

2024-07-12 23:17:24 - [TEST_STEP][PASSED] - click(findTestObject(path_Receipt + "button_Continue")): Object: 'Object Repository/AdminSuiteBootstrap_Pages/VT_Bootstrap/Receipt/button_Continue' is clicked on

2024-07-12 23:17:25 - [MESSAGE][PASSED] - Object: 'Object Repository/AdminSuiteBootstrap_Pages/VT_Bootstrap/Receipt/button_Continue' is clicked on

2024-07-12 23:17:25 - [TEST_STEP][PASSED] - click(findTestObject(path_VT + "a_Search Transactions")): Object: 'Object Repository/AdminSuiteBootstrap_Pages/VT_Bootstrap/IssueTransactions/a_Search Transactions' is clicked on

2024-07-12 23:17:26 - [MESSAGE][PASSED] - Object: 'Object Repository/AdminSuiteBootstrap_Pages/VT_Bootstrap/IssueTransactions/a_Search Transactions' is clicked on

2024-07-12 23:17:26 - [TEST_STEP][PASSED] - setText(findTestObject(path_CCSearch + "input_Search By_searchValue"), remID): Text 'AutoDua071224230952060Ahm' is set on object 'Object Repository/AdminSuiteBootstrap_Pages/VT_Bootstrap/CCCreditOrVoidSearch/input_Search By_searchValue'

2024-07-12 23:17:27 - [MESSAGE][PASSED] - Text 'AutoDua071224230952060Ahm' is set on object 'Object Repository/AdminSuiteBootstrap_Pages/VT_Bootstrap/CCCreditOrVoidSearch/input_Search By_searchValue'

2024-07-12 23:17:27 - [TEST_STEP][PASSED] - click(findTestObject(path_CCSearch + "option_Authorization")): Object: 'Object Repository/AdminSuiteBootstrap_Pages/VT_Bootstrap/CCCreditOrVoidSearch/option_Authorization' is clicked on

2024-07-12 23:17:27 - [MESSAGE][PASSED] - Object: 'Object Repository/AdminSuiteBootstrap_Pages/VT_Bootstrap/CCCreditOrVoidSearch/option_Authorization' is clicked on

2024-07-12 23:17:27 - [TEST_STEP][PASSED] - click(findTestObject(path_CCSearch + "button_Submit")): Object: 'Object Repository/AdminSuiteBootstrap_Pages/VT_Bootstrap/CCCreditOrVoidSearch/button_Submit' is clicked on

2024-07-12 23:17:28 - [MESSAGE][PASSED] - Object: 'Object Repository/AdminSuiteBootstrap_Pages/VT_Bootstrap/CCCreditOrVoidSearch/button_Submit' is clicked on

2024-07-12 23:17:28 - [TEST_STEP][PASSED] - fgr = getText(findTestObject(path_SearchResults + "div_Payment ID")): Text of object 'Object Repository/AdminSuiteBootstrap_Pages/VT_Bootstrap/SearchResults/div_Payment ID' is: 'Payment ID
Payment Type
Transaction Type
Remittance ID
Name
Total Amount
End Date
Status
12154878 Credit Card Authorization AutoDua071224230952060Ahm Janaki James $10.50 07/12/2024 Success'

2024-07-12 23:17:29 - [MESSAGE][PASSED] - Text of object 'Object Repository/AdminSuiteBootstrap_Pages/VT_Bootstrap/SearchResults/div_Payment ID' is: 'Payment ID
Payment Type
Transaction Type
Remittance ID
Name
Total Amount
End Date
Status
12154878 Credit Card Authorization AutoDua071224230952060Ahm Janaki James $10.50 07/12/2024 Success'

2024-07-12 23:17:29 - [TEST_STEP][PASSED] - payID = substring(89, 98).trim(): null

2024-07-12 23:17:29 - [TEST_STEP][PASSED] - out.println("payID: " + payID): null

2024-07-12 23:17:29 - [TEST_STEP][PASSED] - click(findTestObject(path_SearchResults + "button_PaymentID")): Object: 'Object Repository/AdminSuiteBootstrap_Pages/VT_Bootstrap/SearchResults/button_PaymentID' is clicked on

2024-07-12 23:17:29 - [MESSAGE][PASSED] - Object: 'Object Repository/AdminSuiteBootstrap_Pages/VT_Bootstrap/SearchResults/button_PaymentID' is clicked on

2024-07-12 23:17:29 - [TEST_STEP][PASSED] - verifyTextPresent("Tender Type", true): Text 'Tender Type' is present on page  using regular expression

2024-07-12 23:17:30 - [MESSAGE][PASSED] - Text 'Tender Type' is present on page  using regular expression

2024-07-12 23:17:30 - [TEST_STEP][PASSED] - verifyTextPresent("Credit Card", true): Text 'Credit Card' is present on page  using regular expression

2024-07-12 23:17:30 - [MESSAGE][PASSED] - Text 'Credit Card' is present on page  using regular expression

2024-07-12 23:17:30 - [TEST_STEP][PASSED] - verifyTextPresent("Transaction Type", true): Text 'Transaction Type' is present on page  using regular expression

2024-07-12 23:17:31 - [MESSAGE][PASSED] - Text 'Transaction Type' is present on page  using regular expression

2024-07-12 23:17:31 - [TEST_STEP][PASSED] - verifyTextPresent("Authorization", true): Text 'Authorization' is present on page  using regular expression

2024-07-12 23:17:31 - [MESSAGE][PASSED] - Text 'Authorization' is present on page  using regular expression

2024-07-12 23:17:31 - [TEST_STEP][PASSED] - verifyTextPresent("Transaction Posted by", true): Text 'Transaction Posted by' is present on page  using regular expression

2024-07-12 23:17:31 - [MESSAGE][PASSED] - Text 'Transaction Posted by' is present on page  using regular expression

2024-07-12 23:17:31 - [TEST_STEP][PASSED] - verifyTextPresent("iahmed", true): Text 'iahmed' is present on page  using regular expression

2024-07-12 23:17:32 - [MESSAGE][PASSED] - Text 'iahmed' is present on page  using regular expression

2024-07-12 23:17:32 - [TEST_STEP][PASSED] - click(findTestObject(path_TranxDetails + "a_Capture this transaction")): Object: 'Object Repository/AdminSuiteBootstrap_Pages/VT_Bootstrap/TransactionDetails/a_Capture this transaction' is clicked on

2024-07-12 23:17:33 - [MESSAGE][PASSED] - Object: 'Object Repository/AdminSuiteBootstrap_Pages/VT_Bootstrap/TransactionDetails/a_Capture this transaction' is clicked on

2024-07-12 23:17:33 - [TEST_STEP][PASSED] - verifyTextPresent("Credit Card Capture", true): Text 'Credit Card Capture' is present on page  using regular expression

2024-07-12 23:17:33 - [MESSAGE][PASSED] - Text 'Credit Card Capture' is present on page  using regular expression

2024-07-12 23:17:33 - [TEST_STEP][PASSED] - captureAmount = findTestData(dataFile).getValue("CaptureAmount", row): null

2024-07-12 23:17:33 - [TEST_STEP][PASSED] - setText(findTestObject(path_SaleKB + "input_amountCapture"), captureAmount): Text '10.00' is set on object 'Object Repository/AdminSuiteBootstrap_Pages/VT_Bootstrap/SaleKeyboard/input_amountCapture'

2024-07-12 23:17:34 - [MESSAGE][PASSED] - Text '10.00' is set on object 'Object Repository/AdminSuiteBootstrap_Pages/VT_Bootstrap/SaleKeyboard/input_amountCapture'

2024-07-12 23:17:34 - [TEST_STEP][PASSED] - amountWithCF = findTestData(dataFile).getValue("AmountwithCF", row): null

2024-07-12 23:17:34 - [TEST_STEP][PASSED] - click(findTestObject(path_TranxDetails + "button_Submit")): Object: 'Object Repository/AdminSuiteBootstrap_Pages/VT_Bootstrap/TransactionDetails/button_Submit' is clicked on

2024-07-12 23:17:36 - [MESSAGE][PASSED] - Object: 'Object Repository/AdminSuiteBootstrap_Pages/VT_Bootstrap/TransactionDetails/button_Submit' is clicked on

2024-07-12 23:17:36 - [TEST_STEP][PASSED] - verifyTextPresent("Transaction Successful", true): Text 'Transaction Successful' is present on page  using regular expression

2024-07-12 23:17:37 - [MESSAGE][PASSED] - Text 'Transaction Successful' is present on page  using regular expression

2024-07-12 23:17:37 - [TEST_STEP][PASSED] - verifyTextPresent("Transaction Type", true): Text 'Transaction Type' is present on page  using regular expression

2024-07-12 23:17:37 - [MESSAGE][PASSED] - Text 'Transaction Type' is present on page  using regular expression

2024-07-12 23:17:37 - [TEST_STEP][PASSED] - verifyTextPresent("Capture", true): Text 'Capture' is present on page  using regular expression

2024-07-12 23:17:37 - [MESSAGE][PASSED] - Text 'Capture' is present on page  using regular expression

2024-07-12 23:17:37 - [TEST_STEP][PASSED] - verifyTextPresent("Amount", true): Text 'Amount' is present on page  using regular expression

2024-07-12 23:17:38 - [MESSAGE][PASSED] - Text 'Amount' is present on page  using regular expression

2024-07-12 23:17:38 - [TEST_STEP][PASSED] - verifyTextPresent("Service Fee", true): Text 'Service Fee' is present on page  using regular expression

2024-07-12 23:17:38 - [MESSAGE][PASSED] - Text 'Service Fee' is present on page  using regular expression

2024-07-12 23:17:38 - [TEST_STEP][PASSED] - verifyTextPresent("Service Fee Type", true): Text 'Service Fee Type' is present on page  using regular expression

2024-07-12 23:17:38 - [MESSAGE][PASSED] - Text 'Service Fee Type' is present on page  using regular expression

2024-07-12 23:17:38 - [TEST_STEP][PASSED] - verifyTextPresent("Total Amount", true): Text 'Total Amount' is present on page  using regular expression

2024-07-12 23:17:39 - [MESSAGE][PASSED] - Text 'Total Amount' is present on page  using regular expression

2024-07-12 23:17:39 - [TEST_STEP][PASSED] - verifyTextPresent(captureAmount, true): Text '10.00' is present on page  using regular expression

2024-07-12 23:17:39 - [MESSAGE][PASSED] - Text '10.00' is present on page  using regular expression

2024-07-12 23:17:39 - [TEST_STEP][PASSED] - verifyTextPresent("5.00", true): Text '5.00' is present on page  using regular expression

2024-07-12 23:17:39 - [MESSAGE][PASSED] - Text '5.00' is present on page  using regular expression

2024-07-12 23:17:39 - [TEST_STEP][PASSED] - verifyTextPresent("Dual Transaction", true): Text 'Dual Transaction' is present on page  using regular expression

2024-07-12 23:17:40 - [MESSAGE][PASSED] - Text 'Dual Transaction' is present on page  using regular expression

2024-07-12 23:17:40 - [TEST_STEP][PASSED] - verifyTextPresent(amountWithCF, true): Text '15.00' is present on page  using regular expression

2024-07-12 23:17:40 - [MESSAGE][PASSED] - Text '15.00' is present on page  using regular expression

2024-07-12 23:17:40 - [TEST_STEP][PASSED] - closeBrowser(): Browser is closed

2024-07-12 23:17:41 - [MESSAGE][PASSED] - Browser is closed]]></system-out>
         <system-err><![CDATA[]]></system-err>
      </testcase>
      <testcase name="Test Cases/Admin Suite Bootstrap/VT_TestCases/AuthCaptureKeyboard_TP_NoCF_Generic_Payment_TC" time="419.144" classname="Test Cases/Admin Suite Bootstrap/VT_TestCases/AuthCaptureKeyboard_TP_NoCF_Generic_Payment_TC" status="PASSED">
         <system-out><![CDATA[2024-07-12 23:17:41 - [TEST_CASE][PASSED] - Test Cases/Admin Suite Bootstrap/VT_TestCases/AuthCaptureKeyboard_TP_NoCF_Generic_Payment_TC: Test Cases/Admin Suite Bootstrap/VT_TestCases/AuthCaptureKeyboard_TP_NoCF_Generic_Payment_TC

2024-07-12 23:17:42 - [TEST_STEP][PASSED] - path_Dashboard = "Object Repository/AdminSuiteBootstrap_Pages/Dashboard_Bootstrap/": null

2024-07-12 23:17:42 - [TEST_STEP][PASSED] - path_VT = "Object Repository/AdminSuiteBootstrap_Pages/VT_Bootstrap/IssueTransactions/": null

2024-07-12 23:17:42 - [TEST_STEP][PASSED] - path_SaleKB = "Object Repository/AdminSuiteBootstrap_Pages/VT_Bootstrap/SaleKeyboard/": null

2024-07-12 23:17:42 - [TEST_STEP][PASSED] - path_TestMinus = "Object Repository/Page_TestMinusAndAtSigns/": null

2024-07-12 23:17:42 - [TEST_STEP][PASSED] - path_Receipt = "Object Repository/AdminSuiteBootstrap_Pages/VT_Bootstrap/Receipt/": null

2024-07-12 23:17:42 - [TEST_STEP][PASSED] - path_CCSearch = "Object Repository/AdminSuiteBootstrap_Pages/VT_Bootstrap/CCCreditOrVoidSearch/": null

2024-07-12 23:17:42 - [TEST_STEP][PASSED] - path_SearchResults = "Object Repository/AdminSuiteBootstrap_Pages/VT_Bootstrap/SearchResults/": null

2024-07-12 23:17:42 - [TEST_STEP][PASSED] - path_TranxDetails = "Object Repository/AdminSuiteBootstrap_Pages/VT_Bootstrap/TransactionDetails/": null

2024-07-12 23:17:42 - [TEST_STEP][PASSED] - li_1 = vpos_Prefix: null

2024-07-12 23:17:42 - [TEST_STEP][PASSED] - li_2 = "/transactions/AuthOnlyForm/": null

2024-07-12 23:17:42 - [TEST_STEP][PASSED] - executionProfile = getExecutionProfile(): null

2024-07-12 23:17:42 - [TEST_STEP][PASSED] - out.println("executionProfile : " + executionProfile): null

2024-07-12 23:17:42 - [TEST_STEP][PASSED] - appName = <not implemented yet for class: org.codehaus.groovy.ast.expr.EmptyExpression>: null

2024-07-12 23:17:42 - [TEST_STEP][PASSED] - appID = <not implemented yet for class: org.codehaus.groovy.ast.expr.EmptyExpression>: null

2024-07-12 23:17:42 - [TEST_STEP][PASSED] - cardNameV = <not implemented yet for class: org.codehaus.groovy.ast.expr.EmptyExpression>: null

2024-07-12 23:17:42 - [TEST_STEP][PASSED] - al1V = <not implemented yet for class: org.codehaus.groovy.ast.expr.EmptyExpression>: null

2024-07-12 23:17:42 - [TEST_STEP][PASSED] - al2V = <not implemented yet for class: org.codehaus.groovy.ast.expr.EmptyExpression>: null

2024-07-12 23:17:42 - [TEST_STEP][PASSED] - zipV = <not implemented yet for class: org.codehaus.groovy.ast.expr.EmptyExpression>: null

2024-07-12 23:17:42 - [TEST_STEP][PASSED] - cardTypeV = <not implemented yet for class: org.codehaus.groovy.ast.expr.EmptyExpression>: null

2024-07-12 23:17:42 - [TEST_STEP][PASSED] - last4V = <not implemented yet for class: org.codehaus.groovy.ast.expr.EmptyExpression>: null

2024-07-12 23:17:42 - [TEST_STEP][PASSED] - resText = "Fail": null

2024-07-12 23:17:42 - [TEST_STEP][PASSED] - resColumn = "Result": null

2024-07-12 23:17:42 - [TEST_STEP][PASSED] - datCloumn = "Date": null

2024-07-12 23:17:42 - [TEST_STEP][PASSED] - fileLoc = "C:\KatalonData\Bootstrap\VT-Data.xlsx": null

2024-07-12 23:17:42 - [TEST_STEP][PASSED] - numOfRows = <not implemented yet for class: org.codehaus.groovy.ast.expr.EmptyExpression>: null

2024-07-12 23:17:42 - [TEST_STEP][PASSED] - dataFile = <not implemented yet for class: org.codehaus.groovy.ast.expr.EmptyExpression>: null

2024-07-12 23:17:42 - [TEST_STEP][PASSED] - nameSheet = <not implemented yet for class: org.codehaus.groovy.ast.expr.EmptyExpression>: null

2024-07-12 23:17:42 - [TEST_STEP][PASSED] - nameSheet = "VT-AuthCapture-NoCF-Generic": null

2024-07-12 23:17:42 - [TEST_STEP][PASSED] - numOfRows = findTestData("QA/Bootstrap/VT-TestData/VT-AuthCaptureData-NoCF-Generic").getRowNumbers(): null

2024-07-12 23:17:42 - [TEST_STEP][PASSED] - println("Number of Records: " + numOfRows): null

2024-07-12 23:17:42 - [TEST_STEP][PASSED] - dataFile = "QA/Bootstrap/VT-TestData/VT-AuthCaptureData-NoCF-Generic": null

2024-07-12 23:17:42 - [TEST_STEP][PASSED] - for ([row = 1, row <= numOfRows, (row++)]): null

2024-07-12 23:17:42 - [TEST_STEP][PASSED] - ExecuteTC = findTestData(dataFile).getValue("Execute", row): null

2024-07-12 23:17:42 - [TEST_STEP][PASSED] - out.println("Value of Execute is : " + ExecuteTC): null

2024-07-12 23:17:42 - [TEST_STEP][PASSED] - switch (executionProfile): null

2024-07-12 23:17:42 - [TEST_STEP][PASSED] - case "QA2Profile":: null

2024-07-12 23:17:42 - [TEST_STEP][PASSED] - appName = findTestData(dataFile).getValue("AppNameQA", row): null

2024-07-12 23:17:42 - [TEST_STEP][PASSED] - appID = findTestData(dataFile).getValue("AppIDQA", row): null

2024-07-12 23:17:42 - [TEST_STEP][PASSED] - break: null

2024-07-12 23:17:42 - [TEST_STEP][PASSED] - hrefAppID = li_1 + appID + li_2: null

2024-07-12 23:17:42 - [TEST_STEP][PASSED] - hrefApp = li_1 + appID + "/": null

2024-07-12 23:17:42 - [TEST_STEP][PASSED] - println("hrefApp : " + hrefApp): null

2024-07-12 23:17:42 - [TEST_STEP][PASSED] - if (ExecuteTC.equalsIgnoreCase("Y")): null

2024-07-12 23:17:42 - [TEST_STEP][PASSED] - out.println("Begin Record Number: " + row): null

2024-07-12 23:17:42 - [TEST_STEP][PASSED] - today = new java.util.Date(): null

2024-07-12 23:17:42 - [TEST_STEP][PASSED] - println(today): null

2024-07-12 23:17:42 - [TEST_STEP][PASSED] - datText = today: null

2024-07-12 23:17:42 - [TEST_STEP][PASSED] - adminSuiteBootstrap.loginFunctionality.login_AdminSuite(): adminSuiteBootstrap.loginFunctionality.login_AdminSuite is PASSED

2024-07-12 23:17:42 - [MESSAGE][INFO] - Starting 'Chrome' driver

2024-07-12 23:17:42 - [MESSAGE][INFO] - User set preference: ['acceptInsecureCerts', 'true']

2024-07-12 23:17:42 - [MESSAGE][INFO] - Action delay is set to 0 milliseconds

2024-07-12 23:17:44 - [MESSAGE][PASSED] - Browser is opened with url: 'https://qa2.velocitypayment.com/admin/imtiaz'

2024-07-12 23:17:45 - [MESSAGE][PASSED] - Current window maximized

2024-07-12 23:17:46 - [MESSAGE][PASSED] - Object 'Object Repository/Login_Page/Login_Username_Okta' is present

2024-07-12 23:17:47 - [MESSAGE][PASSED] - Text 'iahmed' is set on object 'Object Repository/Login_Page/Login_Username_Okta'

2024-07-12 23:17:48 - [MESSAGE][PASSED] - Text 'Hello!6666666' is set on object 'Object Repository/Login_Page/Login_Password_Okta'

2024-07-12 23:17:48 - [MESSAGE][PASSED] - Object: 'Object Repository/Login_Page/Login_Submit_Okta' is clicked on

2024-07-12 23:17:48 - [MESSAGE][PASSED] - adminSuiteBootstrap.loginFunctionality.login_AdminSuite is PASSED

2024-07-12 23:17:48 - [TEST_STEP][PASSED] - click(findTestObject(path_Dashboard + appName)): Object: 'Object Repository/AdminSuiteBootstrap_Pages/Dashboard_Bootstrap/a_Access AutoNoCFtp' is clicked on

2024-07-12 23:17:57 - [MESSAGE][PASSED] - Object: 'Object Repository/AdminSuiteBootstrap_Pages/Dashboard_Bootstrap/a_Access AutoNoCFtp' is clicked on

2024-07-12 23:17:57 - [TEST_STEP][PASSED] - click(findTestObject(path_VT + "button_Authorization Only")): Object: 'Object Repository/AdminSuiteBootstrap_Pages/VT_Bootstrap/IssueTransactions/button_Authorization Only' is clicked on

2024-07-12 23:17:57 - [MESSAGE][PASSED] - Object: 'Object Repository/AdminSuiteBootstrap_Pages/VT_Bootstrap/IssueTransactions/button_Authorization Only' is clicked on

2024-07-12 23:17:57 - [TEST_STEP][PASSED] - authOnlyKeyboardEntryLink = modifyObjectProperty(findTestObject(path_VT + "a_KeyboardEntry_Sale"), "href", "equals", hrefAppID, true): Modify property of object successfully

2024-07-12 23:17:58 - [MESSAGE][PASSED] - Modify property of object successfully

2024-07-12 23:17:58 - [TEST_STEP][PASSED] - click(authOnlyKeyboardEntryLink): Object: 'Object Repository/AdminSuiteBootstrap_Pages/VT_Bootstrap/IssueTransactions/a_KeyboardEntry_Sale' is clicked on

2024-07-12 23:17:59 - [MESSAGE][PASSED] - Object: 'Object Repository/AdminSuiteBootstrap_Pages/VT_Bootstrap/IssueTransactions/a_KeyboardEntry_Sale' is clicked on

2024-07-12 23:17:59 - [TEST_STEP][PASSED] - adminSuiteBootstrap.virtualTerminalSetData.saleKeyboard_DataDriven(row, dataFile): adminSuiteBootstrap.virtualTerminalSetData.saleKeyboard_DataDriven is PASSED

2024-07-12 23:18:02 - [MESSAGE][PASSED] - Text 'Tulsi Raman' is set on object 'Object Repository/AdminSuiteBootstrap_Pages/VT_Bootstrap/SaleKeyboard/input_cardName'

2024-07-12 23:18:03 - [MESSAGE][PASSED] - All options with value 'RETL' are selected in object 'Object Repository/AdminSuiteBootstrap_Pages/VT_Bootstrap/SaleKeyboard/select_transactionCategory'  using regular expression

2024-07-12 23:18:03 - [MESSAGE][PASSED] - Execute JavaScript 'arguments[0].value ='4012000098765439' ' successfully

2024-07-12 23:18:04 - [MESSAGE][PASSED] - Execute JavaScript 'arguments[0].value ='123' ' successfully

2024-07-12 23:18:05 - [MESSAGE][PASSED] - All options with value '12' are selected in object 'Object Repository/AdminSuiteBootstrap_Pages/VT_Bootstrap/SaleKeyboard/select_MM'  using regular expression

2024-07-12 23:18:06 - [MESSAGE][PASSED] - All options with value '2025' are selected in object 'Object Repository/AdminSuiteBootstrap_Pages/VT_Bootstrap/SaleKeyboard/select_YYYY'  using regular expression

2024-07-12 23:18:07 - [MESSAGE][PASSED] - Text '36 Cornor Road' is set on object 'Object Repository/AdminSuiteBootstrap_Pages/VT_Bootstrap/SaleKeyboard/input__address'

2024-07-12 23:18:08 - [MESSAGE][PASSED] - Text 'Suite 500' is set on object 'Object Repository/AdminSuiteBootstrap_Pages/VT_Bootstrap/SaleKeyboard/input__address2'

2024-07-12 23:18:08 - [MESSAGE][PASSED] - Text '22201' is set on object 'Object Repository/AdminSuiteBootstrap_Pages/VT_Bootstrap/SaleKeyboard/input__zip'

2024-07-12 23:18:09 - [MESSAGE][PASSED] - Text '' is set on object 'Object Repository/AdminSuiteBootstrap_Pages/VT_Bootstrap/SaleKeyboard/input_emailAddress'

2024-07-12 23:18:10 - [MESSAGE][PASSED] - Text '' is set on object 'Object Repository/AdminSuiteBootstrap_Pages/VT_Bootstrap/SaleKeyboard/input_smsNumber'

2024-07-12 23:18:11 - [MESSAGE][PASSED] - Text '10.50' is set on object 'Object Repository/AdminSuiteBootstrap_Pages/VT_Bootstrap/SaleKeyboard/input_amount'

2024-07-12 23:18:12 - [MESSAGE][PASSED] - Text 'Australia' is set on object 'Object Repository/AdminSuiteBootstrap_Pages/VT_Bootstrap/SaleKeyboard/input_userDefined1'

2024-07-12 23:18:12 - [MESSAGE][PASSED] - Text 'Denmark' is set on object 'Object Repository/AdminSuiteBootstrap_Pages/VT_Bootstrap/SaleKeyboard/input_userDefined2'

2024-07-12 23:18:13 - [MESSAGE][PASSED] - Text 'Sweden' is set on object 'Object Repository/AdminSuiteBootstrap_Pages/VT_Bootstrap/SaleKeyboard/input_userDefined3'

2024-07-12 23:18:14 - [MESSAGE][PASSED] - Text 'Austria' is set on object 'Object Repository/AdminSuiteBootstrap_Pages/VT_Bootstrap/SaleKeyboard/input_userDefined4'

2024-07-12 23:18:15 - [MESSAGE][PASSED] - All options with label 'Orange' are selected in object 'Object Repository/AdminSuiteBootstrap_Pages/VT_Bootstrap/SaleKeyboard/select_UDF5_DropDown'  using regular expression

2024-07-12 23:18:16 - [MESSAGE][PASSED] - All options with label 'Yellow' are selected in object 'Object Repository/AdminSuiteBootstrap_Pages/VT_Bootstrap/SaleKeyboard/select_UDF6_DropDown'  using regular expression

2024-07-12 23:18:16 - [MESSAGE][PASSED] - Text 'Norway' is set on object 'Object Repository/AdminSuiteBootstrap_Pages/VT_Bootstrap/SaleKeyboard/input_userDefined7'

2024-07-12 23:18:17 - [MESSAGE][PASSED] - Text 'Netherlands' is set on object 'Object Repository/AdminSuiteBootstrap_Pages/VT_Bootstrap/SaleKeyboard/input_userDefined8'

2024-07-12 23:18:18 - [MESSAGE][PASSED] - Text 'Switzerland' is set on object 'Object Repository/AdminSuiteBootstrap_Pages/VT_Bootstrap/SaleKeyboard/input_userDefined9'

2024-07-12 23:18:19 - [MESSAGE][PASSED] - Text 'France' is set on object 'Object Repository/AdminSuiteBootstrap_Pages/VT_Bootstrap/SaleKeyboard/input_userDefined10'

2024-07-12 23:18:20 - [MESSAGE][PASSED] - Object: 'Object Repository/AdminSuiteBootstrap_Pages/VT_Bootstrap/SaleKeyboard/button_Submit' is clicked on

2024-07-12 23:18:20 - [MESSAGE][PASSED] - adminSuiteBootstrap.virtualTerminalSetData.saleKeyboard_DataDriven is PASSED

2024-07-12 23:18:20 - [TEST_STEP][PASSED] - if (verifyTextPresent("Transaction Successful", true)): null

2024-07-12 23:18:21 - [MESSAGE][PASSED] - Text 'Transaction Successful' is present on page  using regular expression

2024-07-12 23:18:21 - [TEST_STEP][PASSED] - sdf = getText(findTestObject(path_Receipt + "td_AutoNoC031622113752957Ahm")): Text of object 'Object Repository/AdminSuiteBootstrap_Pages/VT_Bootstrap/Receipt/td_AutoNoC031622113752957Ahm' is: 'AutoNoC071224231049765Ahm'

2024-07-12 23:18:21 - [MESSAGE][PASSED] - Text of object 'Object Repository/AdminSuiteBootstrap_Pages/VT_Bootstrap/Receipt/td_AutoNoC031622113752957Ahm' is: 'AutoNoC071224231049765Ahm'

2024-07-12 23:18:21 - [TEST_STEP][PASSED] - out.println("sdf: " + sdf): null

2024-07-12 23:18:21 - [TEST_STEP][PASSED] - remID = sdf: null

2024-07-12 23:18:21 - [TEST_STEP][PASSED] - out.println("remID: " + remID): null

2024-07-12 23:18:21 - [TEST_STEP][PASSED] - click(findTestObject(path_Receipt + "button_Continue")): Object: 'Object Repository/AdminSuiteBootstrap_Pages/VT_Bootstrap/Receipt/button_Continue' is clicked on

2024-07-12 23:18:22 - [MESSAGE][PASSED] - Object: 'Object Repository/AdminSuiteBootstrap_Pages/VT_Bootstrap/Receipt/button_Continue' is clicked on

2024-07-12 23:18:22 - [TEST_STEP][PASSED] - click(findTestObject(path_VT + "a_Search Transactions")): Object: 'Object Repository/AdminSuiteBootstrap_Pages/VT_Bootstrap/IssueTransactions/a_Search Transactions' is clicked on

2024-07-12 23:18:23 - [MESSAGE][PASSED] - Object: 'Object Repository/AdminSuiteBootstrap_Pages/VT_Bootstrap/IssueTransactions/a_Search Transactions' is clicked on

2024-07-12 23:18:23 - [TEST_STEP][PASSED] - setText(findTestObject(path_CCSearch + "input_Search By_searchValue"), remID): Text 'AutoNoC071224231049765Ahm' is set on object 'Object Repository/AdminSuiteBootstrap_Pages/VT_Bootstrap/CCCreditOrVoidSearch/input_Search By_searchValue'

2024-07-12 23:18:24 - [MESSAGE][PASSED] - Text 'AutoNoC071224231049765Ahm' is set on object 'Object Repository/AdminSuiteBootstrap_Pages/VT_Bootstrap/CCCreditOrVoidSearch/input_Search By_searchValue'

2024-07-12 23:18:24 - [TEST_STEP][PASSED] - click(findTestObject(path_CCSearch + "option_Authorization")): Object: 'Object Repository/AdminSuiteBootstrap_Pages/VT_Bootstrap/CCCreditOrVoidSearch/option_Authorization' is clicked on

2024-07-12 23:18:24 - [MESSAGE][PASSED] - Object: 'Object Repository/AdminSuiteBootstrap_Pages/VT_Bootstrap/CCCreditOrVoidSearch/option_Authorization' is clicked on

2024-07-12 23:18:24 - [TEST_STEP][PASSED] - click(findTestObject(path_CCSearch + "button_Submit")): Object: 'Object Repository/AdminSuiteBootstrap_Pages/VT_Bootstrap/CCCreditOrVoidSearch/button_Submit' is clicked on

2024-07-12 23:18:25 - [MESSAGE][PASSED] - Object: 'Object Repository/AdminSuiteBootstrap_Pages/VT_Bootstrap/CCCreditOrVoidSearch/button_Submit' is clicked on

2024-07-12 23:18:25 - [TEST_STEP][PASSED] - fgr = getText(findTestObject(path_SearchResults + "div_Payment ID")): Text of object 'Object Repository/AdminSuiteBootstrap_Pages/VT_Bootstrap/SearchResults/div_Payment ID' is: 'Payment ID
Payment Type
Transaction Type
Remittance ID
Name
Total Amount
End Date
Status
12154882 Credit Card Authorization AutoNoC071224231049765Ahm Tulsi Raman $10.50 07/12/2024 Success'

2024-07-12 23:18:25 - [MESSAGE][PASSED] - Text of object 'Object Repository/AdminSuiteBootstrap_Pages/VT_Bootstrap/SearchResults/div_Payment ID' is: 'Payment ID
Payment Type
Transaction Type
Remittance ID
Name
Total Amount
End Date
Status
12154882 Credit Card Authorization AutoNoC071224231049765Ahm Tulsi Raman $10.50 07/12/2024 Success'

2024-07-12 23:18:25 - [TEST_STEP][PASSED] - payID = substring(89, 98).trim(): null

2024-07-12 23:18:25 - [TEST_STEP][PASSED] - out.println("payID: " + payID): null

2024-07-12 23:18:25 - [TEST_STEP][PASSED] - click(findTestObject(path_SearchResults + "button_PaymentID")): Object: 'Object Repository/AdminSuiteBootstrap_Pages/VT_Bootstrap/SearchResults/button_PaymentID' is clicked on

2024-07-12 23:18:26 - [MESSAGE][PASSED] - Object: 'Object Repository/AdminSuiteBootstrap_Pages/VT_Bootstrap/SearchResults/button_PaymentID' is clicked on

2024-07-12 23:18:26 - [TEST_STEP][PASSED] - verifyTextPresent("Tender Type", true): Text 'Tender Type' is present on page  using regular expression

2024-07-12 23:18:27 - [MESSAGE][PASSED] - Text 'Tender Type' is present on page  using regular expression

2024-07-12 23:18:27 - [TEST_STEP][PASSED] - verifyTextPresent("Credit Card", true): Text 'Credit Card' is present on page  using regular expression

2024-07-12 23:18:27 - [MESSAGE][PASSED] - Text 'Credit Card' is present on page  using regular expression

2024-07-12 23:18:27 - [TEST_STEP][PASSED] - verifyTextPresent("Transaction Type", true): Text 'Transaction Type' is present on page  using regular expression

2024-07-12 23:18:28 - [MESSAGE][PASSED] - Text 'Transaction Type' is present on page  using regular expression

2024-07-12 23:18:28 - [TEST_STEP][PASSED] - verifyTextPresent("Authorization", true): Text 'Authorization' is present on page  using regular expression

2024-07-12 23:18:28 - [MESSAGE][PASSED] - Text 'Authorization' is present on page  using regular expression

2024-07-12 23:18:28 - [TEST_STEP][PASSED] - verifyTextPresent("Transaction Posted by", true): Text 'Transaction Posted by' is present on page  using regular expression

2024-07-12 23:18:28 - [MESSAGE][PASSED] - Text 'Transaction Posted by' is present on page  using regular expression

2024-07-12 23:18:28 - [TEST_STEP][PASSED] - verifyTextPresent("iahmed", true): Text 'iahmed' is present on page  using regular expression

2024-07-12 23:18:29 - [MESSAGE][PASSED] - Text 'iahmed' is present on page  using regular expression

2024-07-12 23:18:29 - [TEST_STEP][PASSED] - click(findTestObject(path_TranxDetails + "a_Capture this transaction")): Object: 'Object Repository/AdminSuiteBootstrap_Pages/VT_Bootstrap/TransactionDetails/a_Capture this transaction' is clicked on

2024-07-12 23:18:30 - [MESSAGE][PASSED] - Object: 'Object Repository/AdminSuiteBootstrap_Pages/VT_Bootstrap/TransactionDetails/a_Capture this transaction' is clicked on

2024-07-12 23:18:30 - [TEST_STEP][PASSED] - verifyTextPresent("Credit Card Capture", true): Text 'Credit Card Capture' is present on page  using regular expression

2024-07-12 23:18:30 - [MESSAGE][PASSED] - Text 'Credit Card Capture' is present on page  using regular expression

2024-07-12 23:18:30 - [TEST_STEP][PASSED] - captureAmount = findTestData(dataFile).getValue("CaptureAmount", row): null

2024-07-12 23:18:30 - [TEST_STEP][PASSED] - setText(findTestObject(path_SaleKB + "input_amountCapture"), captureAmount): Text '10.50' is set on object 'Object Repository/AdminSuiteBootstrap_Pages/VT_Bootstrap/SaleKeyboard/input_amountCapture'

2024-07-12 23:18:31 - [MESSAGE][PASSED] - Text '10.50' is set on object 'Object Repository/AdminSuiteBootstrap_Pages/VT_Bootstrap/SaleKeyboard/input_amountCapture'

2024-07-12 23:18:31 - [TEST_STEP][PASSED] - click(findTestObject(path_TranxDetails + "button_Submit")): Object: 'Object Repository/AdminSuiteBootstrap_Pages/VT_Bootstrap/TransactionDetails/button_Submit' is clicked on

2024-07-12 23:18:33 - [MESSAGE][PASSED] - Object: 'Object Repository/AdminSuiteBootstrap_Pages/VT_Bootstrap/TransactionDetails/button_Submit' is clicked on

2024-07-12 23:18:33 - [TEST_STEP][PASSED] - verifyTextPresent("Transaction Successful", true): Text 'Transaction Successful' is present on page  using regular expression

2024-07-12 23:18:33 - [MESSAGE][PASSED] - Text 'Transaction Successful' is present on page  using regular expression

2024-07-12 23:18:33 - [TEST_STEP][PASSED] - verifyTextPresent("Transaction Type", true): Text 'Transaction Type' is present on page  using regular expression

2024-07-12 23:18:33 - [MESSAGE][PASSED] - Text 'Transaction Type' is present on page  using regular expression

2024-07-12 23:18:33 - [TEST_STEP][PASSED] - verifyTextPresent("Capture", true): Text 'Capture' is present on page  using regular expression

2024-07-12 23:18:34 - [MESSAGE][PASSED] - Text 'Capture' is present on page  using regular expression

2024-07-12 23:18:34 - [TEST_STEP][PASSED] - verifyTextPresent("Amount", true): Text 'Amount' is present on page  using regular expression

2024-07-12 23:18:34 - [MESSAGE][PASSED] - Text 'Amount' is present on page  using regular expression

2024-07-12 23:18:34 - [TEST_STEP][PASSED] - verifyTextPresent(captureAmount, true): Text '10.50' is present on page  using regular expression

2024-07-12 23:18:34 - [MESSAGE][PASSED] - Text '10.50' is present on page  using regular expression

2024-07-12 23:18:34 - [TEST_STEP][PASSED] - closeBrowser(): Browser is closed

2024-07-12 23:18:36 - [MESSAGE][PASSED] - Browser is closed

2024-07-12 23:18:36 - [TEST_STEP][PASSED] - ExecuteTC = findTestData(dataFile).getValue("Execute", row): null

2024-07-12 23:18:36 - [TEST_STEP][PASSED] - out.println("Value of Execute is : " + ExecuteTC): null

2024-07-12 23:18:36 - [TEST_STEP][PASSED] - switch (executionProfile): null

2024-07-12 23:18:36 - [TEST_STEP][PASSED] - case "QA2Profile":: null

2024-07-12 23:18:36 - [TEST_STEP][PASSED] - appName = findTestData(dataFile).getValue("AppNameQA", row): null

2024-07-12 23:18:36 - [TEST_STEP][PASSED] - appID = findTestData(dataFile).getValue("AppIDQA", row): null

2024-07-12 23:18:36 - [TEST_STEP][PASSED] - break: null

2024-07-12 23:18:36 - [TEST_STEP][PASSED] - hrefAppID = li_1 + appID + li_2: null

2024-07-12 23:18:36 - [TEST_STEP][PASSED] - hrefApp = li_1 + appID + "/": null

2024-07-12 23:18:36 - [TEST_STEP][PASSED] - println("hrefApp : " + hrefApp): null

2024-07-12 23:18:36 - [TEST_STEP][PASSED] - if (ExecuteTC.equalsIgnoreCase("Y")): null

2024-07-12 23:18:36 - [TEST_STEP][PASSED] - out.println("Begin Record Number: " + row): null

2024-07-12 23:18:36 - [TEST_STEP][PASSED] - today = new java.util.Date(): null

2024-07-12 23:18:36 - [TEST_STEP][PASSED] - println(today): null

2024-07-12 23:18:36 - [TEST_STEP][PASSED] - datText = today: null

2024-07-12 23:18:36 - [TEST_STEP][PASSED] - adminSuiteBootstrap.loginFunctionality.login_AdminSuite(): adminSuiteBootstrap.loginFunctionality.login_AdminSuite is PASSED

2024-07-12 23:18:36 - [MESSAGE][INFO] - Starting 'Chrome' driver

2024-07-12 23:18:36 - [MESSAGE][INFO] - User set preference: ['acceptInsecureCerts', 'true']

2024-07-12 23:18:36 - [MESSAGE][INFO] - Action delay is set to 0 milliseconds

2024-07-12 23:18:39 - [MESSAGE][PASSED] - Browser is opened with url: 'https://qa2.velocitypayment.com/admin/imtiaz'

2024-07-12 23:18:39 - [MESSAGE][PASSED] - Current window maximized

2024-07-12 23:18:39 - [MESSAGE][PASSED] - Object 'Object Repository/Login_Page/Login_Username_Okta' is present

2024-07-12 23:18:40 - [MESSAGE][PASSED] - Text 'iahmed' is set on object 'Object Repository/Login_Page/Login_Username_Okta'

2024-07-12 23:18:41 - [MESSAGE][PASSED] - Text 'Hello!6666666' is set on object 'Object Repository/Login_Page/Login_Password_Okta'

2024-07-12 23:18:42 - [MESSAGE][PASSED] - Object: 'Object Repository/Login_Page/Login_Submit_Okta' is clicked on

2024-07-12 23:18:42 - [MESSAGE][PASSED] - adminSuiteBootstrap.loginFunctionality.login_AdminSuite is PASSED

2024-07-12 23:18:42 - [TEST_STEP][PASSED] - click(findTestObject(path_Dashboard + appName)): Object: 'Object Repository/AdminSuiteBootstrap_Pages/Dashboard_Bootstrap/a_Access AutoNoCFtp' is clicked on

2024-07-12 23:18:50 - [MESSAGE][PASSED] - Object: 'Object Repository/AdminSuiteBootstrap_Pages/Dashboard_Bootstrap/a_Access AutoNoCFtp' is clicked on

2024-07-12 23:18:50 - [TEST_STEP][PASSED] - click(findTestObject(path_VT + "button_Authorization Only")): Object: 'Object Repository/AdminSuiteBootstrap_Pages/VT_Bootstrap/IssueTransactions/button_Authorization Only' is clicked on

2024-07-12 23:18:50 - [MESSAGE][PASSED] - Object: 'Object Repository/AdminSuiteBootstrap_Pages/VT_Bootstrap/IssueTransactions/button_Authorization Only' is clicked on

2024-07-12 23:18:50 - [TEST_STEP][PASSED] - authOnlyKeyboardEntryLink = modifyObjectProperty(findTestObject(path_VT + "a_KeyboardEntry_Sale"), "href", "equals", hrefAppID, true): Modify property of object successfully

2024-07-12 23:18:50 - [MESSAGE][PASSED] - Modify property of object successfully

2024-07-12 23:18:50 - [TEST_STEP][PASSED] - click(authOnlyKeyboardEntryLink): Object: 'Object Repository/AdminSuiteBootstrap_Pages/VT_Bootstrap/IssueTransactions/a_KeyboardEntry_Sale' is clicked on

2024-07-12 23:18:51 - [MESSAGE][PASSED] - Object: 'Object Repository/AdminSuiteBootstrap_Pages/VT_Bootstrap/IssueTransactions/a_KeyboardEntry_Sale' is clicked on

2024-07-12 23:18:51 - [TEST_STEP][PASSED] - adminSuiteBootstrap.virtualTerminalSetData.saleKeyboard_DataDriven(row, dataFile): adminSuiteBootstrap.virtualTerminalSetData.saleKeyboard_DataDriven is PASSED

2024-07-12 23:18:54 - [MESSAGE][PASSED] - Text 'Tulsi Raman' is set on object 'Object Repository/AdminSuiteBootstrap_Pages/VT_Bootstrap/SaleKeyboard/input_cardName'

2024-07-12 23:18:55 - [MESSAGE][PASSED] - All options with value 'RETL' are selected in object 'Object Repository/AdminSuiteBootstrap_Pages/VT_Bootstrap/SaleKeyboard/select_transactionCategory'  using regular expression

2024-07-12 23:18:56 - [MESSAGE][PASSED] - Execute JavaScript 'arguments[0].value ='5146312200000035' ' successfully

2024-07-12 23:18:56 - [MESSAGE][PASSED] - Execute JavaScript 'arguments[0].value ='123' ' successfully

2024-07-12 23:18:57 - [MESSAGE][PASSED] - All options with value '12' are selected in object 'Object Repository/AdminSuiteBootstrap_Pages/VT_Bootstrap/SaleKeyboard/select_MM'  using regular expression

2024-07-12 23:18:58 - [MESSAGE][PASSED] - All options with value '2025' are selected in object 'Object Repository/AdminSuiteBootstrap_Pages/VT_Bootstrap/SaleKeyboard/select_YYYY'  using regular expression

2024-07-12 23:18:59 - [MESSAGE][PASSED] - Text '1478 Jhatka Palace' is set on object 'Object Repository/AdminSuiteBootstrap_Pages/VT_Bootstrap/SaleKeyboard/input__address'

2024-07-12 23:19:00 - [MESSAGE][PASSED] - Text 'Suite 500' is set on object 'Object Repository/AdminSuiteBootstrap_Pages/VT_Bootstrap/SaleKeyboard/input__address2'

2024-07-12 23:19:01 - [MESSAGE][PASSED] - Text '22201' is set on object 'Object Repository/AdminSuiteBootstrap_Pages/VT_Bootstrap/SaleKeyboard/input__zip'

2024-07-12 23:19:01 - [MESSAGE][PASSED] - Text '' is set on object 'Object Repository/AdminSuiteBootstrap_Pages/VT_Bootstrap/SaleKeyboard/input_emailAddress'

2024-07-12 23:19:03 - [MESSAGE][PASSED] - Text '' is set on object 'Object Repository/AdminSuiteBootstrap_Pages/VT_Bootstrap/SaleKeyboard/input_smsNumber'

2024-07-12 23:19:04 - [MESSAGE][PASSED] - Text '10.50' is set on object 'Object Repository/AdminSuiteBootstrap_Pages/VT_Bootstrap/SaleKeyboard/input_amount'

2024-07-12 23:19:04 - [MESSAGE][PASSED] - Text 'Australia' is set on object 'Object Repository/AdminSuiteBootstrap_Pages/VT_Bootstrap/SaleKeyboard/input_userDefined1'

2024-07-12 23:19:05 - [MESSAGE][PASSED] - Text 'Denmark' is set on object 'Object Repository/AdminSuiteBootstrap_Pages/VT_Bootstrap/SaleKeyboard/input_userDefined2'

2024-07-12 23:19:06 - [MESSAGE][PASSED] - Text 'Sweden' is set on object 'Object Repository/AdminSuiteBootstrap_Pages/VT_Bootstrap/SaleKeyboard/input_userDefined3'

2024-07-12 23:19:06 - [MESSAGE][PASSED] - Text 'Austria' is set on object 'Object Repository/AdminSuiteBootstrap_Pages/VT_Bootstrap/SaleKeyboard/input_userDefined4'

2024-07-12 23:19:07 - [MESSAGE][PASSED] - All options with label 'Orange' are selected in object 'Object Repository/AdminSuiteBootstrap_Pages/VT_Bootstrap/SaleKeyboard/select_UDF5_DropDown'  using regular expression

2024-07-12 23:19:08 - [MESSAGE][PASSED] - All options with label 'Yellow' are selected in object 'Object Repository/AdminSuiteBootstrap_Pages/VT_Bootstrap/SaleKeyboard/select_UDF6_DropDown'  using regular expression

2024-07-12 23:19:09 - [MESSAGE][PASSED] - Text 'Norway' is set on object 'Object Repository/AdminSuiteBootstrap_Pages/VT_Bootstrap/SaleKeyboard/input_userDefined7'

2024-07-12 23:19:10 - [MESSAGE][PASSED] - Text 'Netherlands' is set on object 'Object Repository/AdminSuiteBootstrap_Pages/VT_Bootstrap/SaleKeyboard/input_userDefined8'

2024-07-12 23:19:11 - [MESSAGE][PASSED] - Text 'Switzerland' is set on object 'Object Repository/AdminSuiteBootstrap_Pages/VT_Bootstrap/SaleKeyboard/input_userDefined9'

2024-07-12 23:19:11 - [MESSAGE][PASSED] - Text 'France' is set on object 'Object Repository/AdminSuiteBootstrap_Pages/VT_Bootstrap/SaleKeyboard/input_userDefined10'

2024-07-12 23:19:13 - [MESSAGE][PASSED] - Object: 'Object Repository/AdminSuiteBootstrap_Pages/VT_Bootstrap/SaleKeyboard/button_Submit' is clicked on

2024-07-12 23:19:13 - [MESSAGE][PASSED] - adminSuiteBootstrap.virtualTerminalSetData.saleKeyboard_DataDriven is PASSED

2024-07-12 23:19:13 - [TEST_STEP][PASSED] - if (verifyTextPresent("Transaction Successful", true)): null

2024-07-12 23:19:13 - [MESSAGE][PASSED] - Text 'Transaction Successful' is present on page  using regular expression

2024-07-12 23:19:13 - [TEST_STEP][PASSED] - sdf = getText(findTestObject(path_Receipt + "td_AutoNoC031622113752957Ahm")): Text of object 'Object Repository/AdminSuiteBootstrap_Pages/VT_Bootstrap/Receipt/td_AutoNoC031622113752957Ahm' is: 'AutoNoC071224231142294Ahm'

2024-07-12 23:19:14 - [MESSAGE][PASSED] - Text of object 'Object Repository/AdminSuiteBootstrap_Pages/VT_Bootstrap/Receipt/td_AutoNoC031622113752957Ahm' is: 'AutoNoC071224231142294Ahm'

2024-07-12 23:19:14 - [TEST_STEP][PASSED] - out.println("sdf: " + sdf): null

2024-07-12 23:19:14 - [TEST_STEP][PASSED] - remID = sdf: null

2024-07-12 23:19:14 - [TEST_STEP][PASSED] - out.println("remID: " + remID): null

2024-07-12 23:19:14 - [TEST_STEP][PASSED] - click(findTestObject(path_Receipt + "button_Continue")): Object: 'Object Repository/AdminSuiteBootstrap_Pages/VT_Bootstrap/Receipt/button_Continue' is clicked on

2024-07-12 23:19:14 - [MESSAGE][PASSED] - Object: 'Object Repository/AdminSuiteBootstrap_Pages/VT_Bootstrap/Receipt/button_Continue' is clicked on

2024-07-12 23:19:14 - [TEST_STEP][PASSED] - click(findTestObject(path_VT + "a_Search Transactions")): Object: 'Object Repository/AdminSuiteBootstrap_Pages/VT_Bootstrap/IssueTransactions/a_Search Transactions' is clicked on

2024-07-12 23:19:15 - [MESSAGE][PASSED] - Object: 'Object Repository/AdminSuiteBootstrap_Pages/VT_Bootstrap/IssueTransactions/a_Search Transactions' is clicked on

2024-07-12 23:19:15 - [TEST_STEP][PASSED] - setText(findTestObject(path_CCSearch + "input_Search By_searchValue"), remID): Text 'AutoNoC071224231142294Ahm' is set on object 'Object Repository/AdminSuiteBootstrap_Pages/VT_Bootstrap/CCCreditOrVoidSearch/input_Search By_searchValue'

2024-07-12 23:19:16 - [MESSAGE][PASSED] - Text 'AutoNoC071224231142294Ahm' is set on object 'Object Repository/AdminSuiteBootstrap_Pages/VT_Bootstrap/CCCreditOrVoidSearch/input_Search By_searchValue'

2024-07-12 23:19:16 - [TEST_STEP][PASSED] - click(findTestObject(path_CCSearch + "option_Authorization")): Object: 'Object Repository/AdminSuiteBootstrap_Pages/VT_Bootstrap/CCCreditOrVoidSearch/option_Authorization' is clicked on

2024-07-12 23:19:17 - [MESSAGE][PASSED] - Object: 'Object Repository/AdminSuiteBootstrap_Pages/VT_Bootstrap/CCCreditOrVoidSearch/option_Authorization' is clicked on

2024-07-12 23:19:17 - [TEST_STEP][PASSED] - click(findTestObject(path_CCSearch + "button_Submit")): Object: 'Object Repository/AdminSuiteBootstrap_Pages/VT_Bootstrap/CCCreditOrVoidSearch/button_Submit' is clicked on

2024-07-12 23:19:17 - [MESSAGE][PASSED] - Object: 'Object Repository/AdminSuiteBootstrap_Pages/VT_Bootstrap/CCCreditOrVoidSearch/button_Submit' is clicked on

2024-07-12 23:19:17 - [TEST_STEP][PASSED] - fgr = getText(findTestObject(path_SearchResults + "div_Payment ID")): Text of object 'Object Repository/AdminSuiteBootstrap_Pages/VT_Bootstrap/SearchResults/div_Payment ID' is: 'Payment ID
Payment Type
Transaction Type
Remittance ID
Name
Total Amount
End Date
Status
12154884 Credit Card Authorization AutoNoC071224231142294Ahm Tulsi Raman $10.50 07/12/2024 Success'

2024-07-12 23:19:18 - [MESSAGE][PASSED] - Text of object 'Object Repository/AdminSuiteBootstrap_Pages/VT_Bootstrap/SearchResults/div_Payment ID' is: 'Payment ID
Payment Type
Transaction Type
Remittance ID
Name
Total Amount
End Date
Status
12154884 Credit Card Authorization AutoNoC071224231142294Ahm Tulsi Raman $10.50 07/12/2024 Success'

2024-07-12 23:19:18 - [TEST_STEP][PASSED] - payID = substring(89, 98).trim(): null

2024-07-12 23:19:18 - [TEST_STEP][PASSED] - out.println("payID: " + payID): null

2024-07-12 23:19:18 - [TEST_STEP][PASSED] - click(findTestObject(path_SearchResults + "button_PaymentID")): Object: 'Object Repository/AdminSuiteBootstrap_Pages/VT_Bootstrap/SearchResults/button_PaymentID' is clicked on

2024-07-12 23:19:19 - [MESSAGE][PASSED] - Object: 'Object Repository/AdminSuiteBootstrap_Pages/VT_Bootstrap/SearchResults/button_PaymentID' is clicked on

2024-07-12 23:19:19 - [TEST_STEP][PASSED] - verifyTextPresent("Tender Type", true): Text 'Tender Type' is present on page  using regular expression

2024-07-12 23:19:19 - [MESSAGE][PASSED] - Text 'Tender Type' is present on page  using regular expression

2024-07-12 23:19:19 - [TEST_STEP][PASSED] - verifyTextPresent("Credit Card", true): Text 'Credit Card' is present on page  using regular expression

2024-07-12 23:19:20 - [MESSAGE][PASSED] - Text 'Credit Card' is present on page  using regular expression

2024-07-12 23:19:20 - [TEST_STEP][PASSED] - verifyTextPresent("Transaction Type", true): Text 'Transaction Type' is present on page  using regular expression

2024-07-12 23:19:20 - [MESSAGE][PASSED] - Text 'Transaction Type' is present on page  using regular expression

2024-07-12 23:19:20 - [TEST_STEP][PASSED] - verifyTextPresent("Authorization", true): Text 'Authorization' is present on page  using regular expression

2024-07-12 23:19:20 - [MESSAGE][PASSED] - Text 'Authorization' is present on page  using regular expression

2024-07-12 23:19:20 - [TEST_STEP][PASSED] - verifyTextPresent("Transaction Posted by", true): Text 'Transaction Posted by' is present on page  using regular expression

2024-07-12 23:19:21 - [MESSAGE][PASSED] - Text 'Transaction Posted by' is present on page  using regular expression

2024-07-12 23:19:21 - [TEST_STEP][PASSED] - verifyTextPresent("iahmed", true): Text 'iahmed' is present on page  using regular expression

2024-07-12 23:19:21 - [MESSAGE][PASSED] - Text 'iahmed' is present on page  using regular expression

2024-07-12 23:19:21 - [TEST_STEP][PASSED] - click(findTestObject(path_TranxDetails + "a_Capture this transaction")): Object: 'Object Repository/AdminSuiteBootstrap_Pages/VT_Bootstrap/TransactionDetails/a_Capture this transaction' is clicked on

2024-07-12 23:19:22 - [MESSAGE][PASSED] - Object: 'Object Repository/AdminSuiteBootstrap_Pages/VT_Bootstrap/TransactionDetails/a_Capture this transaction' is clicked on

2024-07-12 23:19:22 - [TEST_STEP][PASSED] - verifyTextPresent("Credit Card Capture", true): Text 'Credit Card Capture' is present on page  using regular expression

2024-07-12 23:19:23 - [MESSAGE][PASSED] - Text 'Credit Card Capture' is present on page  using regular expression

2024-07-12 23:19:23 - [TEST_STEP][PASSED] - captureAmount = findTestData(dataFile).getValue("CaptureAmount", row): null

2024-07-12 23:19:23 - [TEST_STEP][PASSED] - setText(findTestObject(path_SaleKB + "input_amountCapture"), captureAmount): Text '8.50' is set on object 'Object Repository/AdminSuiteBootstrap_Pages/VT_Bootstrap/SaleKeyboard/input_amountCapture'

2024-07-12 23:19:23 - [MESSAGE][PASSED] - Text '8.50' is set on object 'Object Repository/AdminSuiteBootstrap_Pages/VT_Bootstrap/SaleKeyboard/input_amountCapture'

2024-07-12 23:19:23 - [TEST_STEP][PASSED] - click(findTestObject(path_TranxDetails + "button_Submit")): Object: 'Object Repository/AdminSuiteBootstrap_Pages/VT_Bootstrap/TransactionDetails/button_Submit' is clicked on

2024-07-12 23:19:25 - [MESSAGE][PASSED] - Object: 'Object Repository/AdminSuiteBootstrap_Pages/VT_Bootstrap/TransactionDetails/button_Submit' is clicked on

2024-07-12 23:19:25 - [TEST_STEP][PASSED] - verifyTextPresent("Transaction Successful", true): Text 'Transaction Successful' is present on page  using regular expression

2024-07-12 23:19:25 - [MESSAGE][PASSED] - Text 'Transaction Successful' is present on page  using regular expression

2024-07-12 23:19:25 - [TEST_STEP][PASSED] - verifyTextPresent("Transaction Type", true): Text 'Transaction Type' is present on page  using regular expression

2024-07-12 23:19:26 - [MESSAGE][PASSED] - Text 'Transaction Type' is present on page  using regular expression

2024-07-12 23:19:26 - [TEST_STEP][PASSED] - verifyTextPresent("Capture", true): Text 'Capture' is present on page  using regular expression

2024-07-12 23:19:26 - [MESSAGE][PASSED] - Text 'Capture' is present on page  using regular expression

2024-07-12 23:19:26 - [TEST_STEP][PASSED] - verifyTextPresent("Amount", true): Text 'Amount' is present on page  using regular expression

2024-07-12 23:19:26 - [MESSAGE][PASSED] - Text 'Amount' is present on page  using regular expression

2024-07-12 23:19:26 - [TEST_STEP][PASSED] - verifyTextPresent(captureAmount, true): Text '8.50' is present on page  using regular expression

2024-07-12 23:19:27 - [MESSAGE][PASSED] - Text '8.50' is present on page  using regular expression

2024-07-12 23:19:27 - [TEST_STEP][PASSED] - closeBrowser(): Browser is closed

2024-07-12 23:19:28 - [MESSAGE][PASSED] - Browser is closed

2024-07-12 23:19:28 - [TEST_STEP][PASSED] - ExecuteTC = findTestData(dataFile).getValue("Execute", row): null

2024-07-12 23:19:28 - [TEST_STEP][PASSED] - out.println("Value of Execute is : " + ExecuteTC): null

2024-07-12 23:19:28 - [TEST_STEP][PASSED] - switch (executionProfile): null

2024-07-12 23:19:28 - [TEST_STEP][PASSED] - case "QA2Profile":: null

2024-07-12 23:19:28 - [TEST_STEP][PASSED] - appName = findTestData(dataFile).getValue("AppNameQA", row): null

2024-07-12 23:19:28 - [TEST_STEP][PASSED] - appID = findTestData(dataFile).getValue("AppIDQA", row): null

2024-07-12 23:19:28 - [TEST_STEP][PASSED] - break: null

2024-07-12 23:19:28 - [TEST_STEP][PASSED] - hrefAppID = li_1 + appID + li_2: null

2024-07-12 23:19:28 - [TEST_STEP][PASSED] - hrefApp = li_1 + appID + "/": null

2024-07-12 23:19:28 - [TEST_STEP][PASSED] - println("hrefApp : " + hrefApp): null

2024-07-12 23:19:28 - [TEST_STEP][PASSED] - if (ExecuteTC.equalsIgnoreCase("Y")): null

2024-07-12 23:19:28 - [TEST_STEP][PASSED] - out.println("Begin Record Number: " + row): null

2024-07-12 23:19:28 - [TEST_STEP][PASSED] - today = new java.util.Date(): null

2024-07-12 23:19:28 - [TEST_STEP][PASSED] - println(today): null

2024-07-12 23:19:28 - [TEST_STEP][PASSED] - datText = today: null

2024-07-12 23:19:28 - [TEST_STEP][PASSED] - adminSuiteBootstrap.loginFunctionality.login_AdminSuite(): adminSuiteBootstrap.loginFunctionality.login_AdminSuite is PASSED

2024-07-12 23:19:28 - [MESSAGE][INFO] - Starting 'Chrome' driver

2024-07-12 23:19:28 - [MESSAGE][INFO] - User set preference: ['acceptInsecureCerts', 'true']

2024-07-12 23:19:28 - [MESSAGE][INFO] - Action delay is set to 0 milliseconds

2024-07-12 23:19:30 - [MESSAGE][PASSED] - Browser is opened with url: 'https://qa2.velocitypayment.com/admin/imtiaz'

2024-07-12 23:19:31 - [MESSAGE][PASSED] - Current window maximized

2024-07-12 23:19:32 - [MESSAGE][PASSED] - Object 'Object Repository/Login_Page/Login_Username_Okta' is present

2024-07-12 23:19:32 - [MESSAGE][PASSED] - Text 'iahmed' is set on object 'Object Repository/Login_Page/Login_Username_Okta'

2024-07-12 23:19:33 - [MESSAGE][PASSED] - Text 'Hello!6666666' is set on object 'Object Repository/Login_Page/Login_Password_Okta'

2024-07-12 23:19:34 - [MESSAGE][PASSED] - Object: 'Object Repository/Login_Page/Login_Submit_Okta' is clicked on

2024-07-12 23:19:34 - [MESSAGE][PASSED] - adminSuiteBootstrap.loginFunctionality.login_AdminSuite is PASSED

2024-07-12 23:19:34 - [TEST_STEP][PASSED] - click(findTestObject(path_Dashboard + appName)): Object: 'Object Repository/AdminSuiteBootstrap_Pages/Dashboard_Bootstrap/a_Access AutoNoCFtp' is clicked on

2024-07-12 23:19:41 - [MESSAGE][PASSED] - Object: 'Object Repository/AdminSuiteBootstrap_Pages/Dashboard_Bootstrap/a_Access AutoNoCFtp' is clicked on

2024-07-12 23:19:41 - [TEST_STEP][PASSED] - click(findTestObject(path_VT + "button_Authorization Only")): Object: 'Object Repository/AdminSuiteBootstrap_Pages/VT_Bootstrap/IssueTransactions/button_Authorization Only' is clicked on

2024-07-12 23:19:42 - [MESSAGE][PASSED] - Object: 'Object Repository/AdminSuiteBootstrap_Pages/VT_Bootstrap/IssueTransactions/button_Authorization Only' is clicked on

2024-07-12 23:19:42 - [TEST_STEP][PASSED] - authOnlyKeyboardEntryLink = modifyObjectProperty(findTestObject(path_VT + "a_KeyboardEntry_Sale"), "href", "equals", hrefAppID, true): Modify property of object successfully

2024-07-12 23:19:42 - [MESSAGE][PASSED] - Modify property of object successfully

2024-07-12 23:19:42 - [TEST_STEP][PASSED] - click(authOnlyKeyboardEntryLink): Object: 'Object Repository/AdminSuiteBootstrap_Pages/VT_Bootstrap/IssueTransactions/a_KeyboardEntry_Sale' is clicked on

2024-07-12 23:19:43 - [MESSAGE][PASSED] - Object: 'Object Repository/AdminSuiteBootstrap_Pages/VT_Bootstrap/IssueTransactions/a_KeyboardEntry_Sale' is clicked on

2024-07-12 23:19:43 - [TEST_STEP][PASSED] - adminSuiteBootstrap.virtualTerminalSetData.saleKeyboard_DataDriven(row, dataFile): adminSuiteBootstrap.virtualTerminalSetData.saleKeyboard_DataDriven is PASSED

2024-07-12 23:19:46 - [MESSAGE][PASSED] - Text 'Tulsi Raman' is set on object 'Object Repository/AdminSuiteBootstrap_Pages/VT_Bootstrap/SaleKeyboard/input_cardName'

2024-07-12 23:19:47 - [MESSAGE][PASSED] - All options with value 'RETL' are selected in object 'Object Repository/AdminSuiteBootstrap_Pages/VT_Bootstrap/SaleKeyboard/select_transactionCategory'  using regular expression

2024-07-12 23:19:48 - [MESSAGE][PASSED] - Execute JavaScript 'arguments[0].value ='371449635392376' ' successfully

2024-07-12 23:19:48 - [MESSAGE][PASSED] - Execute JavaScript 'arguments[0].value ='123' ' successfully

2024-07-12 23:19:49 - [MESSAGE][PASSED] - All options with value '12' are selected in object 'Object Repository/AdminSuiteBootstrap_Pages/VT_Bootstrap/SaleKeyboard/select_MM'  using regular expression

2024-07-12 23:19:50 - [MESSAGE][PASSED] - All options with value '2025' are selected in object 'Object Repository/AdminSuiteBootstrap_Pages/VT_Bootstrap/SaleKeyboard/select_YYYY'  using regular expression

2024-07-12 23:19:51 - [MESSAGE][PASSED] - Text '550 Swan Lake' is set on object 'Object Repository/AdminSuiteBootstrap_Pages/VT_Bootstrap/SaleKeyboard/input__address'

2024-07-12 23:19:52 - [MESSAGE][PASSED] - Text 'Suite 500' is set on object 'Object Repository/AdminSuiteBootstrap_Pages/VT_Bootstrap/SaleKeyboard/input__address2'

2024-07-12 23:19:53 - [MESSAGE][PASSED] - Text '22201' is set on object 'Object Repository/AdminSuiteBootstrap_Pages/VT_Bootstrap/SaleKeyboard/input__zip'

2024-07-12 23:19:53 - [MESSAGE][PASSED] - Text '' is set on object 'Object Repository/AdminSuiteBootstrap_Pages/VT_Bootstrap/SaleKeyboard/input_emailAddress'

2024-07-12 23:19:55 - [MESSAGE][PASSED] - Text '' is set on object 'Object Repository/AdminSuiteBootstrap_Pages/VT_Bootstrap/SaleKeyboard/input_smsNumber'

2024-07-12 23:19:55 - [MESSAGE][PASSED] - Text '10.50' is set on object 'Object Repository/AdminSuiteBootstrap_Pages/VT_Bootstrap/SaleKeyboard/input_amount'

2024-07-12 23:19:56 - [MESSAGE][PASSED] - Text 'Australia' is set on object 'Object Repository/AdminSuiteBootstrap_Pages/VT_Bootstrap/SaleKeyboard/input_userDefined1'

2024-07-12 23:19:57 - [MESSAGE][PASSED] - Text 'Denmark' is set on object 'Object Repository/AdminSuiteBootstrap_Pages/VT_Bootstrap/SaleKeyboard/input_userDefined2'

2024-07-12 23:19:57 - [MESSAGE][PASSED] - Text 'Sweden' is set on object 'Object Repository/AdminSuiteBootstrap_Pages/VT_Bootstrap/SaleKeyboard/input_userDefined3'

2024-07-12 23:19:58 - [MESSAGE][PASSED] - Text 'Austria' is set on object 'Object Repository/AdminSuiteBootstrap_Pages/VT_Bootstrap/SaleKeyboard/input_userDefined4'

2024-07-12 23:19:59 - [MESSAGE][PASSED] - All options with label 'Orange' are selected in object 'Object Repository/AdminSuiteBootstrap_Pages/VT_Bootstrap/SaleKeyboard/select_UDF5_DropDown'  using regular expression

2024-07-12 23:20:00 - [MESSAGE][PASSED] - All options with label 'Yellow' are selected in object 'Object Repository/AdminSuiteBootstrap_Pages/VT_Bootstrap/SaleKeyboard/select_UDF6_DropDown'  using regular expression

2024-07-12 23:20:01 - [MESSAGE][PASSED] - Text 'Norway' is set on object 'Object Repository/AdminSuiteBootstrap_Pages/VT_Bootstrap/SaleKeyboard/input_userDefined7'

2024-07-12 23:20:02 - [MESSAGE][PASSED] - Text 'Netherlands' is set on object 'Object Repository/AdminSuiteBootstrap_Pages/VT_Bootstrap/SaleKeyboard/input_userDefined8'

2024-07-12 23:20:02 - [MESSAGE][PASSED] - Text 'Switzerland' is set on object 'Object Repository/AdminSuiteBootstrap_Pages/VT_Bootstrap/SaleKeyboard/input_userDefined9'

2024-07-12 23:20:03 - [MESSAGE][PASSED] - Text 'France' is set on object 'Object Repository/AdminSuiteBootstrap_Pages/VT_Bootstrap/SaleKeyboard/input_userDefined10'

2024-07-12 23:20:04 - [MESSAGE][PASSED] - Object: 'Object Repository/AdminSuiteBootstrap_Pages/VT_Bootstrap/SaleKeyboard/button_Submit' is clicked on

2024-07-12 23:20:04 - [MESSAGE][PASSED] - adminSuiteBootstrap.virtualTerminalSetData.saleKeyboard_DataDriven is PASSED

2024-07-12 23:20:04 - [TEST_STEP][PASSED] - if (verifyTextPresent("Transaction Successful", true)): null

2024-07-12 23:20:05 - [MESSAGE][PASSED] - Text 'Transaction Successful' is present on page  using regular expression

2024-07-12 23:20:05 - [TEST_STEP][PASSED] - sdf = getText(findTestObject(path_Receipt + "td_AutoNoC031622113752957Ahm")): Text of object 'Object Repository/AdminSuiteBootstrap_Pages/VT_Bootstrap/Receipt/td_AutoNoC031622113752957Ahm' is: 'AutoNoC071224231234030Ahm'

2024-07-12 23:20:05 - [MESSAGE][PASSED] - Text of object 'Object Repository/AdminSuiteBootstrap_Pages/VT_Bootstrap/Receipt/td_AutoNoC031622113752957Ahm' is: 'AutoNoC071224231234030Ahm'

2024-07-12 23:20:05 - [TEST_STEP][PASSED] - out.println("sdf: " + sdf): null

2024-07-12 23:20:05 - [TEST_STEP][PASSED] - remID = sdf: null

2024-07-12 23:20:05 - [TEST_STEP][PASSED] - out.println("remID: " + remID): null

2024-07-12 23:20:05 - [TEST_STEP][PASSED] - click(findTestObject(path_Receipt + "button_Continue")): Object: 'Object Repository/AdminSuiteBootstrap_Pages/VT_Bootstrap/Receipt/button_Continue' is clicked on

2024-07-12 23:20:06 - [MESSAGE][PASSED] - Object: 'Object Repository/AdminSuiteBootstrap_Pages/VT_Bootstrap/Receipt/button_Continue' is clicked on

2024-07-12 23:20:06 - [TEST_STEP][PASSED] - click(findTestObject(path_VT + "a_Search Transactions")): Object: 'Object Repository/AdminSuiteBootstrap_Pages/VT_Bootstrap/IssueTransactions/a_Search Transactions' is clicked on

2024-07-12 23:20:07 - [MESSAGE][PASSED] - Object: 'Object Repository/AdminSuiteBootstrap_Pages/VT_Bootstrap/IssueTransactions/a_Search Transactions' is clicked on

2024-07-12 23:20:07 - [TEST_STEP][PASSED] - setText(findTestObject(path_CCSearch + "input_Search By_searchValue"), remID): Text 'AutoNoC071224231234030Ahm' is set on object 'Object Repository/AdminSuiteBootstrap_Pages/VT_Bootstrap/CCCreditOrVoidSearch/input_Search By_searchValue'

2024-07-12 23:20:08 - [MESSAGE][PASSED] - Text 'AutoNoC071224231234030Ahm' is set on object 'Object Repository/AdminSuiteBootstrap_Pages/VT_Bootstrap/CCCreditOrVoidSearch/input_Search By_searchValue'

2024-07-12 23:20:08 - [TEST_STEP][PASSED] - click(findTestObject(path_CCSearch + "option_Authorization")): Object: 'Object Repository/AdminSuiteBootstrap_Pages/VT_Bootstrap/CCCreditOrVoidSearch/option_Authorization' is clicked on

2024-07-12 23:20:08 - [MESSAGE][PASSED] - Object: 'Object Repository/AdminSuiteBootstrap_Pages/VT_Bootstrap/CCCreditOrVoidSearch/option_Authorization' is clicked on

2024-07-12 23:20:08 - [TEST_STEP][PASSED] - click(findTestObject(path_CCSearch + "button_Submit")): Object: 'Object Repository/AdminSuiteBootstrap_Pages/VT_Bootstrap/CCCreditOrVoidSearch/button_Submit' is clicked on

2024-07-12 23:20:09 - [MESSAGE][PASSED] - Object: 'Object Repository/AdminSuiteBootstrap_Pages/VT_Bootstrap/CCCreditOrVoidSearch/button_Submit' is clicked on

2024-07-12 23:20:09 - [TEST_STEP][PASSED] - fgr = getText(findTestObject(path_SearchResults + "div_Payment ID")): Text of object 'Object Repository/AdminSuiteBootstrap_Pages/VT_Bootstrap/SearchResults/div_Payment ID' is: 'Payment ID
Payment Type
Transaction Type
Remittance ID
Name
Total Amount
End Date
Status
12154886 Credit Card Authorization AutoNoC071224231234030Ahm Tulsi Raman $10.50 07/12/2024 Success'

2024-07-12 23:20:10 - [MESSAGE][PASSED] - Text of object 'Object Repository/AdminSuiteBootstrap_Pages/VT_Bootstrap/SearchResults/div_Payment ID' is: 'Payment ID
Payment Type
Transaction Type
Remittance ID
Name
Total Amount
End Date
Status
12154886 Credit Card Authorization AutoNoC071224231234030Ahm Tulsi Raman $10.50 07/12/2024 Success'

2024-07-12 23:20:10 - [TEST_STEP][PASSED] - payID = substring(89, 98).trim(): null

2024-07-12 23:20:10 - [TEST_STEP][PASSED] - out.println("payID: " + payID): null

2024-07-12 23:20:10 - [TEST_STEP][PASSED] - click(findTestObject(path_SearchResults + "button_PaymentID")): Object: 'Object Repository/AdminSuiteBootstrap_Pages/VT_Bootstrap/SearchResults/button_PaymentID' is clicked on

2024-07-12 23:20:11 - [MESSAGE][PASSED] - Object: 'Object Repository/AdminSuiteBootstrap_Pages/VT_Bootstrap/SearchResults/button_PaymentID' is clicked on

2024-07-12 23:20:11 - [TEST_STEP][PASSED] - verifyTextPresent("Tender Type", true): Text 'Tender Type' is present on page  using regular expression

2024-07-12 23:20:11 - [MESSAGE][PASSED] - Text 'Tender Type' is present on page  using regular expression

2024-07-12 23:20:11 - [TEST_STEP][PASSED] - verifyTextPresent("Credit Card", true): Text 'Credit Card' is present on page  using regular expression

2024-07-12 23:20:12 - [MESSAGE][PASSED] - Text 'Credit Card' is present on page  using regular expression

2024-07-12 23:20:12 - [TEST_STEP][PASSED] - verifyTextPresent("Transaction Type", true): Text 'Transaction Type' is present on page  using regular expression

2024-07-12 23:20:12 - [MESSAGE][PASSED] - Text 'Transaction Type' is present on page  using regular expression

2024-07-12 23:20:12 - [TEST_STEP][PASSED] - verifyTextPresent("Authorization", true): Text 'Authorization' is present on page  using regular expression

2024-07-12 23:20:12 - [MESSAGE][PASSED] - Text 'Authorization' is present on page  using regular expression

2024-07-12 23:20:12 - [TEST_STEP][PASSED] - verifyTextPresent("Transaction Posted by", true): Text 'Transaction Posted by' is present on page  using regular expression

2024-07-12 23:20:12 - [MESSAGE][PASSED] - Text 'Transaction Posted by' is present on page  using regular expression

2024-07-12 23:20:12 - [TEST_STEP][PASSED] - verifyTextPresent("iahmed", true): Text 'iahmed' is present on page  using regular expression

2024-07-12 23:20:13 - [MESSAGE][PASSED] - Text 'iahmed' is present on page  using regular expression

2024-07-12 23:20:13 - [TEST_STEP][PASSED] - click(findTestObject(path_TranxDetails + "a_Capture this transaction")): Object: 'Object Repository/AdminSuiteBootstrap_Pages/VT_Bootstrap/TransactionDetails/a_Capture this transaction' is clicked on

2024-07-12 23:20:14 - [MESSAGE][PASSED] - Object: 'Object Repository/AdminSuiteBootstrap_Pages/VT_Bootstrap/TransactionDetails/a_Capture this transaction' is clicked on

2024-07-12 23:20:14 - [TEST_STEP][PASSED] - verifyTextPresent("Credit Card Capture", true): Text 'Credit Card Capture' is present on page  using regular expression

2024-07-12 23:20:14 - [MESSAGE][PASSED] - Text 'Credit Card Capture' is present on page  using regular expression

2024-07-12 23:20:14 - [TEST_STEP][PASSED] - captureAmount = findTestData(dataFile).getValue("CaptureAmount", row): null

2024-07-12 23:20:14 - [TEST_STEP][PASSED] - setText(findTestObject(path_SaleKB + "input_amountCapture"), captureAmount): Text '6.50' is set on object 'Object Repository/AdminSuiteBootstrap_Pages/VT_Bootstrap/SaleKeyboard/input_amountCapture'

2024-07-12 23:20:15 - [MESSAGE][PASSED] - Text '6.50' is set on object 'Object Repository/AdminSuiteBootstrap_Pages/VT_Bootstrap/SaleKeyboard/input_amountCapture'

2024-07-12 23:20:15 - [TEST_STEP][PASSED] - click(findTestObject(path_TranxDetails + "button_Submit")): Object: 'Object Repository/AdminSuiteBootstrap_Pages/VT_Bootstrap/TransactionDetails/button_Submit' is clicked on

2024-07-12 23:20:16 - [MESSAGE][PASSED] - Object: 'Object Repository/AdminSuiteBootstrap_Pages/VT_Bootstrap/TransactionDetails/button_Submit' is clicked on

2024-07-12 23:20:16 - [TEST_STEP][PASSED] - verifyTextPresent("Transaction Successful", true): Text 'Transaction Successful' is present on page  using regular expression

2024-07-12 23:20:17 - [MESSAGE][PASSED] - Text 'Transaction Successful' is present on page  using regular expression

2024-07-12 23:20:17 - [TEST_STEP][PASSED] - verifyTextPresent("Transaction Type", true): Text 'Transaction Type' is present on page  using regular expression

2024-07-12 23:20:17 - [MESSAGE][PASSED] - Text 'Transaction Type' is present on page  using regular expression

2024-07-12 23:20:17 - [TEST_STEP][PASSED] - verifyTextPresent("Capture", true): Text 'Capture' is present on page  using regular expression

2024-07-12 23:20:18 - [MESSAGE][PASSED] - Text 'Capture' is present on page  using regular expression

2024-07-12 23:20:18 - [TEST_STEP][PASSED] - verifyTextPresent("Amount", true): Text 'Amount' is present on page  using regular expression

2024-07-12 23:20:18 - [MESSAGE][PASSED] - Text 'Amount' is present on page  using regular expression

2024-07-12 23:20:18 - [TEST_STEP][PASSED] - verifyTextPresent(captureAmount, true): Text '6.50' is present on page  using regular expression

2024-07-12 23:20:18 - [MESSAGE][PASSED] - Text '6.50' is present on page  using regular expression

2024-07-12 23:20:18 - [TEST_STEP][PASSED] - closeBrowser(): Browser is closed

2024-07-12 23:20:19 - [MESSAGE][PASSED] - Browser is closed

2024-07-12 23:20:19 - [TEST_STEP][PASSED] - ExecuteTC = findTestData(dataFile).getValue("Execute", row): null

2024-07-12 23:20:20 - [TEST_STEP][PASSED] - out.println("Value of Execute is : " + ExecuteTC): null

2024-07-12 23:20:20 - [TEST_STEP][PASSED] - switch (executionProfile): null

2024-07-12 23:20:20 - [TEST_STEP][PASSED] - case "QA2Profile":: null

2024-07-12 23:20:20 - [TEST_STEP][PASSED] - appName = findTestData(dataFile).getValue("AppNameQA", row): null

2024-07-12 23:20:20 - [TEST_STEP][PASSED] - appID = findTestData(dataFile).getValue("AppIDQA", row): null

2024-07-12 23:20:20 - [TEST_STEP][PASSED] - break: null

2024-07-12 23:20:20 - [TEST_STEP][PASSED] - hrefAppID = li_1 + appID + li_2: null

2024-07-12 23:20:20 - [TEST_STEP][PASSED] - hrefApp = li_1 + appID + "/": null

2024-07-12 23:20:20 - [TEST_STEP][PASSED] - println("hrefApp : " + hrefApp): null

2024-07-12 23:20:20 - [TEST_STEP][PASSED] - if (ExecuteTC.equalsIgnoreCase("Y")): null

2024-07-12 23:20:20 - [TEST_STEP][PASSED] - out.println("Begin Record Number: " + row): null

2024-07-12 23:20:20 - [TEST_STEP][PASSED] - today = new java.util.Date(): null

2024-07-12 23:20:20 - [TEST_STEP][PASSED] - println(today): null

2024-07-12 23:20:20 - [TEST_STEP][PASSED] - datText = today: null

2024-07-12 23:20:20 - [TEST_STEP][PASSED] - adminSuiteBootstrap.loginFunctionality.login_AdminSuite(): adminSuiteBootstrap.loginFunctionality.login_AdminSuite is PASSED

2024-07-12 23:20:20 - [MESSAGE][INFO] - Starting 'Chrome' driver

2024-07-12 23:20:20 - [MESSAGE][INFO] - User set preference: ['acceptInsecureCerts', 'true']

2024-07-12 23:20:20 - [MESSAGE][INFO] - Action delay is set to 0 milliseconds

2024-07-12 23:20:22 - [MESSAGE][PASSED] - Browser is opened with url: 'https://qa2.velocitypayment.com/admin/imtiaz'

2024-07-12 23:20:23 - [MESSAGE][PASSED] - Current window maximized

2024-07-12 23:20:23 - [MESSAGE][PASSED] - Object 'Object Repository/Login_Page/Login_Username_Okta' is present

2024-07-12 23:20:24 - [MESSAGE][PASSED] - Text 'iahmed' is set on object 'Object Repository/Login_Page/Login_Username_Okta'

2024-07-12 23:20:25 - [MESSAGE][PASSED] - Text 'Hello!6666666' is set on object 'Object Repository/Login_Page/Login_Password_Okta'

2024-07-12 23:20:25 - [MESSAGE][PASSED] - Object: 'Object Repository/Login_Page/Login_Submit_Okta' is clicked on

2024-07-12 23:20:25 - [MESSAGE][PASSED] - adminSuiteBootstrap.loginFunctionality.login_AdminSuite is PASSED

2024-07-12 23:20:25 - [TEST_STEP][PASSED] - click(findTestObject(path_Dashboard + appName)): Object: 'Object Repository/AdminSuiteBootstrap_Pages/Dashboard_Bootstrap/a_Access AutoNoCFtp' is clicked on

2024-07-12 23:20:34 - [MESSAGE][PASSED] - Object: 'Object Repository/AdminSuiteBootstrap_Pages/Dashboard_Bootstrap/a_Access AutoNoCFtp' is clicked on

2024-07-12 23:20:34 - [TEST_STEP][PASSED] - click(findTestObject(path_VT + "button_Authorization Only")): Object: 'Object Repository/AdminSuiteBootstrap_Pages/VT_Bootstrap/IssueTransactions/button_Authorization Only' is clicked on

2024-07-12 23:20:34 - [MESSAGE][PASSED] - Object: 'Object Repository/AdminSuiteBootstrap_Pages/VT_Bootstrap/IssueTransactions/button_Authorization Only' is clicked on

2024-07-12 23:20:34 - [TEST_STEP][PASSED] - authOnlyKeyboardEntryLink = modifyObjectProperty(findTestObject(path_VT + "a_KeyboardEntry_Sale"), "href", "equals", hrefAppID, true): Modify property of object successfully

2024-07-12 23:20:34 - [MESSAGE][PASSED] - Modify property of object successfully

2024-07-12 23:20:34 - [TEST_STEP][PASSED] - click(authOnlyKeyboardEntryLink): Object: 'Object Repository/AdminSuiteBootstrap_Pages/VT_Bootstrap/IssueTransactions/a_KeyboardEntry_Sale' is clicked on

2024-07-12 23:20:35 - [MESSAGE][PASSED] - Object: 'Object Repository/AdminSuiteBootstrap_Pages/VT_Bootstrap/IssueTransactions/a_KeyboardEntry_Sale' is clicked on

2024-07-12 23:20:35 - [TEST_STEP][PASSED] - adminSuiteBootstrap.virtualTerminalSetData.saleKeyboard_DataDriven(row, dataFile): adminSuiteBootstrap.virtualTerminalSetData.saleKeyboard_DataDriven is PASSED

2024-07-12 23:20:38 - [MESSAGE][PASSED] - Text 'Tulsi Raman' is set on object 'Object Repository/AdminSuiteBootstrap_Pages/VT_Bootstrap/SaleKeyboard/input_cardName'

2024-07-12 23:20:39 - [MESSAGE][PASSED] - All options with value 'RETL' are selected in object 'Object Repository/AdminSuiteBootstrap_Pages/VT_Bootstrap/SaleKeyboard/select_transactionCategory'  using regular expression

2024-07-12 23:20:40 - [MESSAGE][PASSED] - Execute JavaScript 'arguments[0].value ='6011000993026909' ' successfully

2024-07-12 23:20:40 - [MESSAGE][PASSED] - Execute JavaScript 'arguments[0].value ='123' ' successfully

2024-07-12 23:20:41 - [MESSAGE][PASSED] - All options with value '12' are selected in object 'Object Repository/AdminSuiteBootstrap_Pages/VT_Bootstrap/SaleKeyboard/select_MM'  using regular expression

2024-07-12 23:20:42 - [MESSAGE][PASSED] - All options with value '2025' are selected in object 'Object Repository/AdminSuiteBootstrap_Pages/VT_Bootstrap/SaleKeyboard/select_YYYY'  using regular expression

2024-07-12 23:20:43 - [MESSAGE][PASSED] - Text '25987 Hill Top' is set on object 'Object Repository/AdminSuiteBootstrap_Pages/VT_Bootstrap/SaleKeyboard/input__address'

2024-07-12 23:20:44 - [MESSAGE][PASSED] - Text 'Suite 500' is set on object 'Object Repository/AdminSuiteBootstrap_Pages/VT_Bootstrap/SaleKeyboard/input__address2'

2024-07-12 23:20:45 - [MESSAGE][PASSED] - Text '22201' is set on object 'Object Repository/AdminSuiteBootstrap_Pages/VT_Bootstrap/SaleKeyboard/input__zip'

2024-07-12 23:20:45 - [MESSAGE][PASSED] - Text '' is set on object 'Object Repository/AdminSuiteBootstrap_Pages/VT_Bootstrap/SaleKeyboard/input_emailAddress'

2024-07-12 23:20:47 - [MESSAGE][PASSED] - Text '' is set on object 'Object Repository/AdminSuiteBootstrap_Pages/VT_Bootstrap/SaleKeyboard/input_smsNumber'

2024-07-12 23:20:47 - [MESSAGE][PASSED] - Text '10.50' is set on object 'Object Repository/AdminSuiteBootstrap_Pages/VT_Bootstrap/SaleKeyboard/input_amount'

2024-07-12 23:20:48 - [MESSAGE][PASSED] - Text 'Australia' is set on object 'Object Repository/AdminSuiteBootstrap_Pages/VT_Bootstrap/SaleKeyboard/input_userDefined1'

2024-07-12 23:20:49 - [MESSAGE][PASSED] - Text 'Denmark' is set on object 'Object Repository/AdminSuiteBootstrap_Pages/VT_Bootstrap/SaleKeyboard/input_userDefined2'

2024-07-12 23:20:50 - [MESSAGE][PASSED] - Text 'Sweden' is set on object 'Object Repository/AdminSuiteBootstrap_Pages/VT_Bootstrap/SaleKeyboard/input_userDefined3'

2024-07-12 23:20:50 - [MESSAGE][PASSED] - Text 'Austria' is set on object 'Object Repository/AdminSuiteBootstrap_Pages/VT_Bootstrap/SaleKeyboard/input_userDefined4'

2024-07-12 23:20:51 - [MESSAGE][PASSED] - All options with label 'Orange' are selected in object 'Object Repository/AdminSuiteBootstrap_Pages/VT_Bootstrap/SaleKeyboard/select_UDF5_DropDown'  using regular expression

2024-07-12 23:20:52 - [MESSAGE][PASSED] - All options with label 'Yellow' are selected in object 'Object Repository/AdminSuiteBootstrap_Pages/VT_Bootstrap/SaleKeyboard/select_UDF6_DropDown'  using regular expression

2024-07-12 23:20:53 - [MESSAGE][PASSED] - Text 'Norway' is set on object 'Object Repository/AdminSuiteBootstrap_Pages/VT_Bootstrap/SaleKeyboard/input_userDefined7'

2024-07-12 23:20:54 - [MESSAGE][PASSED] - Text 'Netherlands' is set on object 'Object Repository/AdminSuiteBootstrap_Pages/VT_Bootstrap/SaleKeyboard/input_userDefined8'

2024-07-12 23:20:54 - [MESSAGE][PASSED] - Text 'Switzerland' is set on object 'Object Repository/AdminSuiteBootstrap_Pages/VT_Bootstrap/SaleKeyboard/input_userDefined9'

2024-07-12 23:20:55 - [MESSAGE][PASSED] - Text 'France' is set on object 'Object Repository/AdminSuiteBootstrap_Pages/VT_Bootstrap/SaleKeyboard/input_userDefined10'

2024-07-12 23:20:57 - [MESSAGE][PASSED] - Object: 'Object Repository/AdminSuiteBootstrap_Pages/VT_Bootstrap/SaleKeyboard/button_Submit' is clicked on

2024-07-12 23:20:57 - [MESSAGE][PASSED] - adminSuiteBootstrap.virtualTerminalSetData.saleKeyboard_DataDriven is PASSED

2024-07-12 23:20:57 - [TEST_STEP][PASSED] - if (verifyTextPresent("Transaction Successful", true)): null

2024-07-12 23:20:57 - [MESSAGE][PASSED] - Text 'Transaction Successful' is present on page  using regular expression

2024-07-12 23:20:57 - [TEST_STEP][PASSED] - sdf = getText(findTestObject(path_Receipt + "td_AutoNoC031622113752957Ahm")): Text of object 'Object Repository/AdminSuiteBootstrap_Pages/VT_Bootstrap/Receipt/td_AutoNoC031622113752957Ahm' is: 'AutoNoC071224231326358Ahm'

2024-07-12 23:20:58 - [MESSAGE][PASSED] - Text of object 'Object Repository/AdminSuiteBootstrap_Pages/VT_Bootstrap/Receipt/td_AutoNoC031622113752957Ahm' is: 'AutoNoC071224231326358Ahm'

2024-07-12 23:20:58 - [TEST_STEP][PASSED] - out.println("sdf: " + sdf): null

2024-07-12 23:20:58 - [TEST_STEP][PASSED] - remID = sdf: null

2024-07-12 23:20:58 - [TEST_STEP][PASSED] - out.println("remID: " + remID): null

2024-07-12 23:20:58 - [TEST_STEP][PASSED] - click(findTestObject(path_Receipt + "button_Continue")): Object: 'Object Repository/AdminSuiteBootstrap_Pages/VT_Bootstrap/Receipt/button_Continue' is clicked on

2024-07-12 23:20:58 - [MESSAGE][PASSED] - Object: 'Object Repository/AdminSuiteBootstrap_Pages/VT_Bootstrap/Receipt/button_Continue' is clicked on

2024-07-12 23:20:58 - [TEST_STEP][PASSED] - click(findTestObject(path_VT + "a_Search Transactions")): Object: 'Object Repository/AdminSuiteBootstrap_Pages/VT_Bootstrap/IssueTransactions/a_Search Transactions' is clicked on

2024-07-12 23:20:59 - [MESSAGE][PASSED] - Object: 'Object Repository/AdminSuiteBootstrap_Pages/VT_Bootstrap/IssueTransactions/a_Search Transactions' is clicked on

2024-07-12 23:20:59 - [TEST_STEP][PASSED] - setText(findTestObject(path_CCSearch + "input_Search By_searchValue"), remID): Text 'AutoNoC071224231326358Ahm' is set on object 'Object Repository/AdminSuiteBootstrap_Pages/VT_Bootstrap/CCCreditOrVoidSearch/input_Search By_searchValue'

2024-07-12 23:21:00 - [MESSAGE][PASSED] - Text 'AutoNoC071224231326358Ahm' is set on object 'Object Repository/AdminSuiteBootstrap_Pages/VT_Bootstrap/CCCreditOrVoidSearch/input_Search By_searchValue'

2024-07-12 23:21:00 - [TEST_STEP][PASSED] - click(findTestObject(path_CCSearch + "option_Authorization")): Object: 'Object Repository/AdminSuiteBootstrap_Pages/VT_Bootstrap/CCCreditOrVoidSearch/option_Authorization' is clicked on

2024-07-12 23:21:00 - [MESSAGE][PASSED] - Object: 'Object Repository/AdminSuiteBootstrap_Pages/VT_Bootstrap/CCCreditOrVoidSearch/option_Authorization' is clicked on

2024-07-12 23:21:00 - [TEST_STEP][PASSED] - click(findTestObject(path_CCSearch + "button_Submit")): Object: 'Object Repository/AdminSuiteBootstrap_Pages/VT_Bootstrap/CCCreditOrVoidSearch/button_Submit' is clicked on

2024-07-12 23:21:01 - [MESSAGE][PASSED] - Object: 'Object Repository/AdminSuiteBootstrap_Pages/VT_Bootstrap/CCCreditOrVoidSearch/button_Submit' is clicked on

2024-07-12 23:21:01 - [TEST_STEP][PASSED] - fgr = getText(findTestObject(path_SearchResults + "div_Payment ID")): Text of object 'Object Repository/AdminSuiteBootstrap_Pages/VT_Bootstrap/SearchResults/div_Payment ID' is: 'Payment ID
Payment Type
Transaction Type
Remittance ID
Name
Total Amount
End Date
Status
12154888 Credit Card Authorization AutoNoC071224231326358Ahm Tulsi Raman $10.50 07/12/2024 Success'

2024-07-12 23:21:02 - [MESSAGE][PASSED] - Text of object 'Object Repository/AdminSuiteBootstrap_Pages/VT_Bootstrap/SearchResults/div_Payment ID' is: 'Payment ID
Payment Type
Transaction Type
Remittance ID
Name
Total Amount
End Date
Status
12154888 Credit Card Authorization AutoNoC071224231326358Ahm Tulsi Raman $10.50 07/12/2024 Success'

2024-07-12 23:21:02 - [TEST_STEP][PASSED] - payID = substring(89, 98).trim(): null

2024-07-12 23:21:02 - [TEST_STEP][PASSED] - out.println("payID: " + payID): null

2024-07-12 23:21:02 - [TEST_STEP][PASSED] - click(findTestObject(path_SearchResults + "button_PaymentID")): Object: 'Object Repository/AdminSuiteBootstrap_Pages/VT_Bootstrap/SearchResults/button_PaymentID' is clicked on

2024-07-12 23:21:03 - [MESSAGE][PASSED] - Object: 'Object Repository/AdminSuiteBootstrap_Pages/VT_Bootstrap/SearchResults/button_PaymentID' is clicked on

2024-07-12 23:21:03 - [TEST_STEP][PASSED] - verifyTextPresent("Tender Type", true): Text 'Tender Type' is present on page  using regular expression

2024-07-12 23:21:03 - [MESSAGE][PASSED] - Text 'Tender Type' is present on page  using regular expression

2024-07-12 23:21:03 - [TEST_STEP][PASSED] - verifyTextPresent("Credit Card", true): Text 'Credit Card' is present on page  using regular expression

2024-07-12 23:21:03 - [MESSAGE][PASSED] - Text 'Credit Card' is present on page  using regular expression

2024-07-12 23:21:03 - [TEST_STEP][PASSED] - verifyTextPresent("Transaction Type", true): Text 'Transaction Type' is present on page  using regular expression

2024-07-12 23:21:04 - [MESSAGE][PASSED] - Text 'Transaction Type' is present on page  using regular expression

2024-07-12 23:21:04 - [TEST_STEP][PASSED] - verifyTextPresent("Authorization", true): Text 'Authorization' is present on page  using regular expression

2024-07-12 23:21:04 - [MESSAGE][PASSED] - Text 'Authorization' is present on page  using regular expression

2024-07-12 23:21:04 - [TEST_STEP][PASSED] - verifyTextPresent("Transaction Posted by", true): Text 'Transaction Posted by' is present on page  using regular expression

2024-07-12 23:21:04 - [MESSAGE][PASSED] - Text 'Transaction Posted by' is present on page  using regular expression

2024-07-12 23:21:04 - [TEST_STEP][PASSED] - verifyTextPresent("iahmed", true): Text 'iahmed' is present on page  using regular expression

2024-07-12 23:21:05 - [MESSAGE][PASSED] - Text 'iahmed' is present on page  using regular expression

2024-07-12 23:21:05 - [TEST_STEP][PASSED] - click(findTestObject(path_TranxDetails + "a_Capture this transaction")): Object: 'Object Repository/AdminSuiteBootstrap_Pages/VT_Bootstrap/TransactionDetails/a_Capture this transaction' is clicked on

2024-07-12 23:21:06 - [MESSAGE][PASSED] - Object: 'Object Repository/AdminSuiteBootstrap_Pages/VT_Bootstrap/TransactionDetails/a_Capture this transaction' is clicked on

2024-07-12 23:21:06 - [TEST_STEP][PASSED] - verifyTextPresent("Credit Card Capture", true): Text 'Credit Card Capture' is present on page  using regular expression

2024-07-12 23:21:06 - [MESSAGE][PASSED] - Text 'Credit Card Capture' is present on page  using regular expression

2024-07-12 23:21:06 - [TEST_STEP][PASSED] - captureAmount = findTestData(dataFile).getValue("CaptureAmount", row): null

2024-07-12 23:21:06 - [TEST_STEP][PASSED] - setText(findTestObject(path_SaleKB + "input_amountCapture"), captureAmount): Text '10.00' is set on object 'Object Repository/AdminSuiteBootstrap_Pages/VT_Bootstrap/SaleKeyboard/input_amountCapture'

2024-07-12 23:21:07 - [MESSAGE][PASSED] - Text '10.00' is set on object 'Object Repository/AdminSuiteBootstrap_Pages/VT_Bootstrap/SaleKeyboard/input_amountCapture'

2024-07-12 23:21:07 - [TEST_STEP][PASSED] - click(findTestObject(path_TranxDetails + "button_Submit")): Object: 'Object Repository/AdminSuiteBootstrap_Pages/VT_Bootstrap/TransactionDetails/button_Submit' is clicked on

2024-07-12 23:21:08 - [MESSAGE][PASSED] - Object: 'Object Repository/AdminSuiteBootstrap_Pages/VT_Bootstrap/TransactionDetails/button_Submit' is clicked on

2024-07-12 23:21:08 - [TEST_STEP][PASSED] - verifyTextPresent("Transaction Successful", true): Text 'Transaction Successful' is present on page  using regular expression

2024-07-12 23:21:09 - [MESSAGE][PASSED] - Text 'Transaction Successful' is present on page  using regular expression

2024-07-12 23:21:09 - [TEST_STEP][PASSED] - verifyTextPresent("Transaction Type", true): Text 'Transaction Type' is present on page  using regular expression

2024-07-12 23:21:09 - [MESSAGE][PASSED] - Text 'Transaction Type' is present on page  using regular expression

2024-07-12 23:21:09 - [TEST_STEP][PASSED] - verifyTextPresent("Capture", true): Text 'Capture' is present on page  using regular expression

2024-07-12 23:21:10 - [MESSAGE][PASSED] - Text 'Capture' is present on page  using regular expression

2024-07-12 23:21:10 - [TEST_STEP][PASSED] - verifyTextPresent("Amount", true): Text 'Amount' is present on page  using regular expression

2024-07-12 23:21:10 - [MESSAGE][PASSED] - Text 'Amount' is present on page  using regular expression

2024-07-12 23:21:10 - [TEST_STEP][PASSED] - verifyTextPresent(captureAmount, true): Text '10.00' is present on page  using regular expression

2024-07-12 23:21:10 - [MESSAGE][PASSED] - Text '10.00' is present on page  using regular expression

2024-07-12 23:21:10 - [TEST_STEP][PASSED] - closeBrowser(): Browser is closed

2024-07-12 23:21:11 - [MESSAGE][PASSED] - Browser is closed

2024-07-12 23:21:11 - [TEST_STEP][PASSED] - ExecuteTC = findTestData(dataFile).getValue("Execute", row): null

2024-07-12 23:21:12 - [TEST_STEP][PASSED] - out.println("Value of Execute is : " + ExecuteTC): null

2024-07-12 23:21:12 - [TEST_STEP][PASSED] - switch (executionProfile): null

2024-07-12 23:21:12 - [TEST_STEP][PASSED] - case "QA2Profile":: null

2024-07-12 23:21:12 - [TEST_STEP][PASSED] - appName = findTestData(dataFile).getValue("AppNameQA", row): null

2024-07-12 23:21:12 - [TEST_STEP][PASSED] - appID = findTestData(dataFile).getValue("AppIDQA", row): null

2024-07-12 23:21:12 - [TEST_STEP][PASSED] - break: null

2024-07-12 23:21:12 - [TEST_STEP][PASSED] - hrefAppID = li_1 + appID + li_2: null

2024-07-12 23:21:12 - [TEST_STEP][PASSED] - hrefApp = li_1 + appID + "/": null

2024-07-12 23:21:12 - [TEST_STEP][PASSED] - println("hrefApp : " + hrefApp): null

2024-07-12 23:21:12 - [TEST_STEP][PASSED] - if (ExecuteTC.equalsIgnoreCase("Y")): null

2024-07-12 23:21:12 - [TEST_STEP][PASSED] - out.println("Begin Record Number: " + row): null

2024-07-12 23:21:12 - [TEST_STEP][PASSED] - today = new java.util.Date(): null

2024-07-12 23:21:12 - [TEST_STEP][PASSED] - println(today): null

2024-07-12 23:21:12 - [TEST_STEP][PASSED] - datText = today: null

2024-07-12 23:21:12 - [TEST_STEP][PASSED] - adminSuiteBootstrap.loginFunctionality.login_AdminSuite(): adminSuiteBootstrap.loginFunctionality.login_AdminSuite is PASSED

2024-07-12 23:21:12 - [MESSAGE][INFO] - Starting 'Chrome' driver

2024-07-12 23:21:12 - [MESSAGE][INFO] - User set preference: ['acceptInsecureCerts', 'true']

2024-07-12 23:21:12 - [MESSAGE][INFO] - Action delay is set to 0 milliseconds

2024-07-12 23:21:15 - [MESSAGE][PASSED] - Browser is opened with url: 'https://qa2.velocitypayment.com/admin/imtiaz'

2024-07-12 23:21:15 - [MESSAGE][PASSED] - Current window maximized

2024-07-12 23:21:15 - [MESSAGE][PASSED] - Object 'Object Repository/Login_Page/Login_Username_Okta' is present

2024-07-12 23:21:16 - [MESSAGE][PASSED] - Text 'iahmed' is set on object 'Object Repository/Login_Page/Login_Username_Okta'

2024-07-12 23:21:17 - [MESSAGE][PASSED] - Text 'Hello!6666666' is set on object 'Object Repository/Login_Page/Login_Password_Okta'

2024-07-12 23:21:17 - [MESSAGE][PASSED] - Object: 'Object Repository/Login_Page/Login_Submit_Okta' is clicked on

2024-07-12 23:21:17 - [MESSAGE][PASSED] - adminSuiteBootstrap.loginFunctionality.login_AdminSuite is PASSED

2024-07-12 23:21:17 - [TEST_STEP][PASSED] - click(findTestObject(path_Dashboard + appName)): Object: 'Object Repository/AdminSuiteBootstrap_Pages/Dashboard_Bootstrap/a_Access AutoNoCFtp' is clicked on

2024-07-12 23:21:25 - [MESSAGE][PASSED] - Object: 'Object Repository/AdminSuiteBootstrap_Pages/Dashboard_Bootstrap/a_Access AutoNoCFtp' is clicked on

2024-07-12 23:21:25 - [TEST_STEP][PASSED] - click(findTestObject(path_VT + "button_Authorization Only")): Object: 'Object Repository/AdminSuiteBootstrap_Pages/VT_Bootstrap/IssueTransactions/button_Authorization Only' is clicked on

2024-07-12 23:21:26 - [MESSAGE][PASSED] - Object: 'Object Repository/AdminSuiteBootstrap_Pages/VT_Bootstrap/IssueTransactions/button_Authorization Only' is clicked on

2024-07-12 23:21:26 - [TEST_STEP][PASSED] - authOnlyKeyboardEntryLink = modifyObjectProperty(findTestObject(path_VT + "a_KeyboardEntry_Sale"), "href", "equals", hrefAppID, true): Modify property of object successfully

2024-07-12 23:21:26 - [MESSAGE][PASSED] - Modify property of object successfully

2024-07-12 23:21:26 - [TEST_STEP][PASSED] - click(authOnlyKeyboardEntryLink): Object: 'Object Repository/AdminSuiteBootstrap_Pages/VT_Bootstrap/IssueTransactions/a_KeyboardEntry_Sale' is clicked on

2024-07-12 23:21:27 - [MESSAGE][PASSED] - Object: 'Object Repository/AdminSuiteBootstrap_Pages/VT_Bootstrap/IssueTransactions/a_KeyboardEntry_Sale' is clicked on

2024-07-12 23:21:27 - [TEST_STEP][PASSED] - adminSuiteBootstrap.virtualTerminalSetData.saleKeyboard_DataDriven(row, dataFile): adminSuiteBootstrap.virtualTerminalSetData.saleKeyboard_DataDriven is PASSED

2024-07-12 23:21:30 - [MESSAGE][PASSED] - Text 'Janaki James' is set on object 'Object Repository/AdminSuiteBootstrap_Pages/VT_Bootstrap/SaleKeyboard/input_cardName'

2024-07-12 23:21:31 - [MESSAGE][PASSED] - All options with value 'MOTO' are selected in object 'Object Repository/AdminSuiteBootstrap_Pages/VT_Bootstrap/SaleKeyboard/select_transactionCategory'  using regular expression

2024-07-12 23:21:31 - [MESSAGE][PASSED] - Execute JavaScript 'arguments[0].value ='4012000098765439' ' successfully

2024-07-12 23:21:32 - [MESSAGE][PASSED] - Execute JavaScript 'arguments[0].value ='123' ' successfully

2024-07-12 23:21:33 - [MESSAGE][PASSED] - All options with value '12' are selected in object 'Object Repository/AdminSuiteBootstrap_Pages/VT_Bootstrap/SaleKeyboard/select_MM'  using regular expression

2024-07-12 23:21:34 - [MESSAGE][PASSED] - All options with value '2025' are selected in object 'Object Repository/AdminSuiteBootstrap_Pages/VT_Bootstrap/SaleKeyboard/select_YYYY'  using regular expression

2024-07-12 23:21:35 - [MESSAGE][PASSED] - Text '36 Cornor Road' is set on object 'Object Repository/AdminSuiteBootstrap_Pages/VT_Bootstrap/SaleKeyboard/input__address'

2024-07-12 23:21:35 - [MESSAGE][PASSED] - Text 'Suite 500' is set on object 'Object Repository/AdminSuiteBootstrap_Pages/VT_Bootstrap/SaleKeyboard/input__address2'

2024-07-12 23:21:36 - [MESSAGE][PASSED] - Text '22201' is set on object 'Object Repository/AdminSuiteBootstrap_Pages/VT_Bootstrap/SaleKeyboard/input__zip'

2024-07-12 23:21:37 - [MESSAGE][PASSED] - Text '' is set on object 'Object Repository/AdminSuiteBootstrap_Pages/VT_Bootstrap/SaleKeyboard/input_emailAddress'

2024-07-12 23:21:38 - [MESSAGE][PASSED] - Text '' is set on object 'Object Repository/AdminSuiteBootstrap_Pages/VT_Bootstrap/SaleKeyboard/input_smsNumber'

2024-07-12 23:21:39 - [MESSAGE][PASSED] - Text '10.50' is set on object 'Object Repository/AdminSuiteBootstrap_Pages/VT_Bootstrap/SaleKeyboard/input_amount'

2024-07-12 23:21:40 - [MESSAGE][PASSED] - Text 'Australia' is set on object 'Object Repository/AdminSuiteBootstrap_Pages/VT_Bootstrap/SaleKeyboard/input_userDefined1'

2024-07-12 23:21:40 - [MESSAGE][PASSED] - Text 'Denmark' is set on object 'Object Repository/AdminSuiteBootstrap_Pages/VT_Bootstrap/SaleKeyboard/input_userDefined2'

2024-07-12 23:21:41 - [MESSAGE][PASSED] - Text 'Sweden' is set on object 'Object Repository/AdminSuiteBootstrap_Pages/VT_Bootstrap/SaleKeyboard/input_userDefined3'

2024-07-12 23:21:42 - [MESSAGE][PASSED] - Text 'Austria' is set on object 'Object Repository/AdminSuiteBootstrap_Pages/VT_Bootstrap/SaleKeyboard/input_userDefined4'

2024-07-12 23:21:43 - [MESSAGE][PASSED] - All options with label 'Orange' are selected in object 'Object Repository/AdminSuiteBootstrap_Pages/VT_Bootstrap/SaleKeyboard/select_UDF5_DropDown'  using regular expression

2024-07-12 23:21:44 - [MESSAGE][PASSED] - All options with label 'Yellow' are selected in object 'Object Repository/AdminSuiteBootstrap_Pages/VT_Bootstrap/SaleKeyboard/select_UDF6_DropDown'  using regular expression

2024-07-12 23:21:44 - [MESSAGE][PASSED] - Text 'Norway' is set on object 'Object Repository/AdminSuiteBootstrap_Pages/VT_Bootstrap/SaleKeyboard/input_userDefined7'

2024-07-12 23:21:45 - [MESSAGE][PASSED] - Text 'Netherlands' is set on object 'Object Repository/AdminSuiteBootstrap_Pages/VT_Bootstrap/SaleKeyboard/input_userDefined8'

2024-07-12 23:21:46 - [MESSAGE][PASSED] - Text 'Switzerland' is set on object 'Object Repository/AdminSuiteBootstrap_Pages/VT_Bootstrap/SaleKeyboard/input_userDefined9'

2024-07-12 23:21:47 - [MESSAGE][PASSED] - Text 'France' is set on object 'Object Repository/AdminSuiteBootstrap_Pages/VT_Bootstrap/SaleKeyboard/input_userDefined10'

2024-07-12 23:21:48 - [MESSAGE][PASSED] - Object: 'Object Repository/AdminSuiteBootstrap_Pages/VT_Bootstrap/SaleKeyboard/button_Submit' is clicked on

2024-07-12 23:21:48 - [MESSAGE][PASSED] - adminSuiteBootstrap.virtualTerminalSetData.saleKeyboard_DataDriven is PASSED

2024-07-12 23:21:48 - [TEST_STEP][PASSED] - if (verifyTextPresent("Transaction Successful", true)): null

2024-07-12 23:21:49 - [MESSAGE][PASSED] - Text 'Transaction Successful' is present on page  using regular expression

2024-07-12 23:21:49 - [TEST_STEP][PASSED] - sdf = getText(findTestObject(path_Receipt + "td_AutoNoC031622113752957Ahm")): Text of object 'Object Repository/AdminSuiteBootstrap_Pages/VT_Bootstrap/Receipt/td_AutoNoC031622113752957Ahm' is: 'AutoNoC071224231417774Ahm'

2024-07-12 23:21:49 - [MESSAGE][PASSED] - Text of object 'Object Repository/AdminSuiteBootstrap_Pages/VT_Bootstrap/Receipt/td_AutoNoC031622113752957Ahm' is: 'AutoNoC071224231417774Ahm'

2024-07-12 23:21:49 - [TEST_STEP][PASSED] - out.println("sdf: " + sdf): null

2024-07-12 23:21:49 - [TEST_STEP][PASSED] - remID = sdf: null

2024-07-12 23:21:49 - [TEST_STEP][PASSED] - out.println("remID: " + remID): null

2024-07-12 23:21:49 - [TEST_STEP][PASSED] - click(findTestObject(path_Receipt + "button_Continue")): Object: 'Object Repository/AdminSuiteBootstrap_Pages/VT_Bootstrap/Receipt/button_Continue' is clicked on

2024-07-12 23:21:50 - [MESSAGE][PASSED] - Object: 'Object Repository/AdminSuiteBootstrap_Pages/VT_Bootstrap/Receipt/button_Continue' is clicked on

2024-07-12 23:21:50 - [TEST_STEP][PASSED] - click(findTestObject(path_VT + "a_Search Transactions")): Object: 'Object Repository/AdminSuiteBootstrap_Pages/VT_Bootstrap/IssueTransactions/a_Search Transactions' is clicked on

2024-07-12 23:21:51 - [MESSAGE][PASSED] - Object: 'Object Repository/AdminSuiteBootstrap_Pages/VT_Bootstrap/IssueTransactions/a_Search Transactions' is clicked on

2024-07-12 23:21:51 - [TEST_STEP][PASSED] - setText(findTestObject(path_CCSearch + "input_Search By_searchValue"), remID): Text 'AutoNoC071224231417774Ahm' is set on object 'Object Repository/AdminSuiteBootstrap_Pages/VT_Bootstrap/CCCreditOrVoidSearch/input_Search By_searchValue'

2024-07-12 23:21:52 - [MESSAGE][PASSED] - Text 'AutoNoC071224231417774Ahm' is set on object 'Object Repository/AdminSuiteBootstrap_Pages/VT_Bootstrap/CCCreditOrVoidSearch/input_Search By_searchValue'

2024-07-12 23:21:52 - [TEST_STEP][PASSED] - click(findTestObject(path_CCSearch + "option_Authorization")): Object: 'Object Repository/AdminSuiteBootstrap_Pages/VT_Bootstrap/CCCreditOrVoidSearch/option_Authorization' is clicked on

2024-07-12 23:21:52 - [MESSAGE][PASSED] - Object: 'Object Repository/AdminSuiteBootstrap_Pages/VT_Bootstrap/CCCreditOrVoidSearch/option_Authorization' is clicked on

2024-07-12 23:21:52 - [TEST_STEP][PASSED] - click(findTestObject(path_CCSearch + "button_Submit")): Object: 'Object Repository/AdminSuiteBootstrap_Pages/VT_Bootstrap/CCCreditOrVoidSearch/button_Submit' is clicked on

2024-07-12 23:21:53 - [MESSAGE][PASSED] - Object: 'Object Repository/AdminSuiteBootstrap_Pages/VT_Bootstrap/CCCreditOrVoidSearch/button_Submit' is clicked on

2024-07-12 23:21:53 - [TEST_STEP][PASSED] - fgr = getText(findTestObject(path_SearchResults + "div_Payment ID")): Text of object 'Object Repository/AdminSuiteBootstrap_Pages/VT_Bootstrap/SearchResults/div_Payment ID' is: 'Payment ID
Payment Type
Transaction Type
Remittance ID
Name
Total Amount
End Date
Status
12154890 Credit Card Authorization AutoNoC071224231417774Ahm Janaki James $10.50 07/12/2024 Success'

2024-07-12 23:21:54 - [MESSAGE][PASSED] - Text of object 'Object Repository/AdminSuiteBootstrap_Pages/VT_Bootstrap/SearchResults/div_Payment ID' is: 'Payment ID
Payment Type
Transaction Type
Remittance ID
Name
Total Amount
End Date
Status
12154890 Credit Card Authorization AutoNoC071224231417774Ahm Janaki James $10.50 07/12/2024 Success'

2024-07-12 23:21:54 - [TEST_STEP][PASSED] - payID = substring(89, 98).trim(): null

2024-07-12 23:21:54 - [TEST_STEP][PASSED] - out.println("payID: " + payID): null

2024-07-12 23:21:54 - [TEST_STEP][PASSED] - click(findTestObject(path_SearchResults + "button_PaymentID")): Object: 'Object Repository/AdminSuiteBootstrap_Pages/VT_Bootstrap/SearchResults/button_PaymentID' is clicked on

2024-07-12 23:21:54 - [MESSAGE][PASSED] - Object: 'Object Repository/AdminSuiteBootstrap_Pages/VT_Bootstrap/SearchResults/button_PaymentID' is clicked on

2024-07-12 23:21:54 - [TEST_STEP][PASSED] - verifyTextPresent("Tender Type", true): Text 'Tender Type' is present on page  using regular expression

2024-07-12 23:21:55 - [MESSAGE][PASSED] - Text 'Tender Type' is present on page  using regular expression

2024-07-12 23:21:55 - [TEST_STEP][PASSED] - verifyTextPresent("Credit Card", true): Text 'Credit Card' is present on page  using regular expression

2024-07-12 23:21:55 - [MESSAGE][PASSED] - Text 'Credit Card' is present on page  using regular expression

2024-07-12 23:21:55 - [TEST_STEP][PASSED] - verifyTextPresent("Transaction Type", true): Text 'Transaction Type' is present on page  using regular expression

2024-07-12 23:21:56 - [MESSAGE][PASSED] - Text 'Transaction Type' is present on page  using regular expression

2024-07-12 23:21:56 - [TEST_STEP][PASSED] - verifyTextPresent("Authorization", true): Text 'Authorization' is present on page  using regular expression

2024-07-12 23:21:56 - [MESSAGE][PASSED] - Text 'Authorization' is present on page  using regular expression

2024-07-12 23:21:56 - [TEST_STEP][PASSED] - verifyTextPresent("Transaction Posted by", true): Text 'Transaction Posted by' is present on page  using regular expression

2024-07-12 23:21:56 - [MESSAGE][PASSED] - Text 'Transaction Posted by' is present on page  using regular expression

2024-07-12 23:21:56 - [TEST_STEP][PASSED] - verifyTextPresent("iahmed", true): Text 'iahmed' is present on page  using regular expression

2024-07-12 23:21:57 - [MESSAGE][PASSED] - Text 'iahmed' is present on page  using regular expression

2024-07-12 23:21:57 - [TEST_STEP][PASSED] - click(findTestObject(path_TranxDetails + "a_Capture this transaction")): Object: 'Object Repository/AdminSuiteBootstrap_Pages/VT_Bootstrap/TransactionDetails/a_Capture this transaction' is clicked on

2024-07-12 23:21:58 - [MESSAGE][PASSED] - Object: 'Object Repository/AdminSuiteBootstrap_Pages/VT_Bootstrap/TransactionDetails/a_Capture this transaction' is clicked on

2024-07-12 23:21:58 - [TEST_STEP][PASSED] - verifyTextPresent("Credit Card Capture", true): Text 'Credit Card Capture' is present on page  using regular expression

2024-07-12 23:21:58 - [MESSAGE][PASSED] - Text 'Credit Card Capture' is present on page  using regular expression

2024-07-12 23:21:58 - [TEST_STEP][PASSED] - captureAmount = findTestData(dataFile).getValue("CaptureAmount", row): null

2024-07-12 23:21:58 - [TEST_STEP][PASSED] - setText(findTestObject(path_SaleKB + "input_amountCapture"), captureAmount): Text '10.50' is set on object 'Object Repository/AdminSuiteBootstrap_Pages/VT_Bootstrap/SaleKeyboard/input_amountCapture'

2024-07-12 23:21:59 - [MESSAGE][PASSED] - Text '10.50' is set on object 'Object Repository/AdminSuiteBootstrap_Pages/VT_Bootstrap/SaleKeyboard/input_amountCapture'

2024-07-12 23:21:59 - [TEST_STEP][PASSED] - click(findTestObject(path_TranxDetails + "button_Submit")): Object: 'Object Repository/AdminSuiteBootstrap_Pages/VT_Bootstrap/TransactionDetails/button_Submit' is clicked on

2024-07-12 23:22:01 - [MESSAGE][PASSED] - Object: 'Object Repository/AdminSuiteBootstrap_Pages/VT_Bootstrap/TransactionDetails/button_Submit' is clicked on

2024-07-12 23:22:01 - [TEST_STEP][PASSED] - verifyTextPresent("Transaction Successful", true): Text 'Transaction Successful' is present on page  using regular expression

2024-07-12 23:22:01 - [MESSAGE][PASSED] - Text 'Transaction Successful' is present on page  using regular expression

2024-07-12 23:22:01 - [TEST_STEP][PASSED] - verifyTextPresent("Transaction Type", true): Text 'Transaction Type' is present on page  using regular expression

2024-07-12 23:22:01 - [MESSAGE][PASSED] - Text 'Transaction Type' is present on page  using regular expression

2024-07-12 23:22:01 - [TEST_STEP][PASSED] - verifyTextPresent("Capture", true): Text 'Capture' is present on page  using regular expression

2024-07-12 23:22:02 - [MESSAGE][PASSED] - Text 'Capture' is present on page  using regular expression

2024-07-12 23:22:02 - [TEST_STEP][PASSED] - verifyTextPresent("Amount", true): Text 'Amount' is present on page  using regular expression

2024-07-12 23:22:02 - [MESSAGE][PASSED] - Text 'Amount' is present on page  using regular expression

2024-07-12 23:22:02 - [TEST_STEP][PASSED] - verifyTextPresent(captureAmount, true): Text '10.50' is present on page  using regular expression

2024-07-12 23:22:02 - [MESSAGE][PASSED] - Text '10.50' is present on page  using regular expression

2024-07-12 23:22:02 - [TEST_STEP][PASSED] - closeBrowser(): Browser is closed

2024-07-12 23:22:04 - [MESSAGE][PASSED] - Browser is closed

2024-07-12 23:22:04 - [TEST_STEP][PASSED] - ExecuteTC = findTestData(dataFile).getValue("Execute", row): null

2024-07-12 23:22:04 - [TEST_STEP][PASSED] - out.println("Value of Execute is : " + ExecuteTC): null

2024-07-12 23:22:04 - [TEST_STEP][PASSED] - switch (executionProfile): null

2024-07-12 23:22:04 - [TEST_STEP][PASSED] - case "QA2Profile":: null

2024-07-12 23:22:04 - [TEST_STEP][PASSED] - appName = findTestData(dataFile).getValue("AppNameQA", row): null

2024-07-12 23:22:04 - [TEST_STEP][PASSED] - appID = findTestData(dataFile).getValue("AppIDQA", row): null

2024-07-12 23:22:04 - [TEST_STEP][PASSED] - break: null

2024-07-12 23:22:04 - [TEST_STEP][PASSED] - hrefAppID = li_1 + appID + li_2: null

2024-07-12 23:22:04 - [TEST_STEP][PASSED] - hrefApp = li_1 + appID + "/": null

2024-07-12 23:22:04 - [TEST_STEP][PASSED] - println("hrefApp : " + hrefApp): null

2024-07-12 23:22:04 - [TEST_STEP][PASSED] - if (ExecuteTC.equalsIgnoreCase("Y")): null

2024-07-12 23:22:04 - [TEST_STEP][PASSED] - out.println("Begin Record Number: " + row): null

2024-07-12 23:22:04 - [TEST_STEP][PASSED] - today = new java.util.Date(): null

2024-07-12 23:22:04 - [TEST_STEP][PASSED] - println(today): null

2024-07-12 23:22:04 - [TEST_STEP][PASSED] - datText = today: null

2024-07-12 23:22:04 - [TEST_STEP][PASSED] - adminSuiteBootstrap.loginFunctionality.login_AdminSuite(): adminSuiteBootstrap.loginFunctionality.login_AdminSuite is PASSED

2024-07-12 23:22:04 - [MESSAGE][INFO] - Starting 'Chrome' driver

2024-07-12 23:22:04 - [MESSAGE][INFO] - User set preference: ['acceptInsecureCerts', 'true']

2024-07-12 23:22:04 - [MESSAGE][INFO] - Action delay is set to 0 milliseconds

2024-07-12 23:22:07 - [MESSAGE][PASSED] - Browser is opened with url: 'https://qa2.velocitypayment.com/admin/imtiaz'

2024-07-12 23:22:07 - [MESSAGE][PASSED] - Current window maximized

2024-07-12 23:22:07 - [MESSAGE][PASSED] - Object 'Object Repository/Login_Page/Login_Username_Okta' is present

2024-07-12 23:22:08 - [MESSAGE][PASSED] - Text 'iahmed' is set on object 'Object Repository/Login_Page/Login_Username_Okta'

2024-07-12 23:22:09 - [MESSAGE][PASSED] - Text 'Hello!6666666' is set on object 'Object Repository/Login_Page/Login_Password_Okta'

2024-07-12 23:22:09 - [MESSAGE][PASSED] - Object: 'Object Repository/Login_Page/Login_Submit_Okta' is clicked on

2024-07-12 23:22:09 - [MESSAGE][PASSED] - adminSuiteBootstrap.loginFunctionality.login_AdminSuite is PASSED

2024-07-12 23:22:09 - [TEST_STEP][PASSED] - click(findTestObject(path_Dashboard + appName)): Object: 'Object Repository/AdminSuiteBootstrap_Pages/Dashboard_Bootstrap/a_Access AutoNoCFtp' is clicked on

2024-07-12 23:22:17 - [MESSAGE][PASSED] - Object: 'Object Repository/AdminSuiteBootstrap_Pages/Dashboard_Bootstrap/a_Access AutoNoCFtp' is clicked on

2024-07-12 23:22:17 - [TEST_STEP][PASSED] - click(findTestObject(path_VT + "button_Authorization Only")): Object: 'Object Repository/AdminSuiteBootstrap_Pages/VT_Bootstrap/IssueTransactions/button_Authorization Only' is clicked on

2024-07-12 23:22:18 - [MESSAGE][PASSED] - Object: 'Object Repository/AdminSuiteBootstrap_Pages/VT_Bootstrap/IssueTransactions/button_Authorization Only' is clicked on

2024-07-12 23:22:18 - [TEST_STEP][PASSED] - authOnlyKeyboardEntryLink = modifyObjectProperty(findTestObject(path_VT + "a_KeyboardEntry_Sale"), "href", "equals", hrefAppID, true): Modify property of object successfully

2024-07-12 23:22:18 - [MESSAGE][PASSED] - Modify property of object successfully

2024-07-12 23:22:18 - [TEST_STEP][PASSED] - click(authOnlyKeyboardEntryLink): Object: 'Object Repository/AdminSuiteBootstrap_Pages/VT_Bootstrap/IssueTransactions/a_KeyboardEntry_Sale' is clicked on

2024-07-12 23:22:19 - [MESSAGE][PASSED] - Object: 'Object Repository/AdminSuiteBootstrap_Pages/VT_Bootstrap/IssueTransactions/a_KeyboardEntry_Sale' is clicked on

2024-07-12 23:22:19 - [TEST_STEP][PASSED] - adminSuiteBootstrap.virtualTerminalSetData.saleKeyboard_DataDriven(row, dataFile): adminSuiteBootstrap.virtualTerminalSetData.saleKeyboard_DataDriven is PASSED

2024-07-12 23:22:22 - [MESSAGE][PASSED] - Text 'Janaki James' is set on object 'Object Repository/AdminSuiteBootstrap_Pages/VT_Bootstrap/SaleKeyboard/input_cardName'

2024-07-12 23:22:23 - [MESSAGE][PASSED] - All options with value 'MOTO' are selected in object 'Object Repository/AdminSuiteBootstrap_Pages/VT_Bootstrap/SaleKeyboard/select_transactionCategory'  using regular expression

2024-07-12 23:22:24 - [MESSAGE][PASSED] - Execute JavaScript 'arguments[0].value ='5146312200000035' ' successfully

2024-07-12 23:22:24 - [MESSAGE][PASSED] - Execute JavaScript 'arguments[0].value ='123' ' successfully

2024-07-12 23:22:25 - [MESSAGE][PASSED] - All options with value '12' are selected in object 'Object Repository/AdminSuiteBootstrap_Pages/VT_Bootstrap/SaleKeyboard/select_MM'  using regular expression

2024-07-12 23:22:26 - [MESSAGE][PASSED] - All options with value '2025' are selected in object 'Object Repository/AdminSuiteBootstrap_Pages/VT_Bootstrap/SaleKeyboard/select_YYYY'  using regular expression

2024-07-12 23:22:27 - [MESSAGE][PASSED] - Text '1478 Jhatka Palace' is set on object 'Object Repository/AdminSuiteBootstrap_Pages/VT_Bootstrap/SaleKeyboard/input__address'

2024-07-12 23:22:28 - [MESSAGE][PASSED] - Text 'Suite 500' is set on object 'Object Repository/AdminSuiteBootstrap_Pages/VT_Bootstrap/SaleKeyboard/input__address2'

2024-07-12 23:22:28 - [MESSAGE][PASSED] - Text '22201' is set on object 'Object Repository/AdminSuiteBootstrap_Pages/VT_Bootstrap/SaleKeyboard/input__zip'

2024-07-12 23:22:29 - [MESSAGE][PASSED] - Text '' is set on object 'Object Repository/AdminSuiteBootstrap_Pages/VT_Bootstrap/SaleKeyboard/input_emailAddress'

2024-07-12 23:22:31 - [MESSAGE][PASSED] - Text '' is set on object 'Object Repository/AdminSuiteBootstrap_Pages/VT_Bootstrap/SaleKeyboard/input_smsNumber'

2024-07-12 23:22:31 - [MESSAGE][PASSED] - Text '10.50' is set on object 'Object Repository/AdminSuiteBootstrap_Pages/VT_Bootstrap/SaleKeyboard/input_amount'

2024-07-12 23:22:32 - [MESSAGE][PASSED] - Text 'Australia' is set on object 'Object Repository/AdminSuiteBootstrap_Pages/VT_Bootstrap/SaleKeyboard/input_userDefined1'

2024-07-12 23:22:33 - [MESSAGE][PASSED] - Text 'Denmark' is set on object 'Object Repository/AdminSuiteBootstrap_Pages/VT_Bootstrap/SaleKeyboard/input_userDefined2'

2024-07-12 23:22:33 - [MESSAGE][PASSED] - Text 'Sweden' is set on object 'Object Repository/AdminSuiteBootstrap_Pages/VT_Bootstrap/SaleKeyboard/input_userDefined3'

2024-07-12 23:22:34 - [MESSAGE][PASSED] - Text 'Austria' is set on object 'Object Repository/AdminSuiteBootstrap_Pages/VT_Bootstrap/SaleKeyboard/input_userDefined4'

2024-07-12 23:22:35 - [MESSAGE][PASSED] - All options with label 'Orange' are selected in object 'Object Repository/AdminSuiteBootstrap_Pages/VT_Bootstrap/SaleKeyboard/select_UDF5_DropDown'  using regular expression

2024-07-12 23:22:36 - [MESSAGE][PASSED] - All options with label 'Yellow' are selected in object 'Object Repository/AdminSuiteBootstrap_Pages/VT_Bootstrap/SaleKeyboard/select_UDF6_DropDown'  using regular expression

2024-07-12 23:22:37 - [MESSAGE][PASSED] - Text 'Norway' is set on object 'Object Repository/AdminSuiteBootstrap_Pages/VT_Bootstrap/SaleKeyboard/input_userDefined7'

2024-07-12 23:22:38 - [MESSAGE][PASSED] - Text 'Netherlands' is set on object 'Object Repository/AdminSuiteBootstrap_Pages/VT_Bootstrap/SaleKeyboard/input_userDefined8'

2024-07-12 23:22:38 - [MESSAGE][PASSED] - Text 'Switzerland' is set on object 'Object Repository/AdminSuiteBootstrap_Pages/VT_Bootstrap/SaleKeyboard/input_userDefined9'

2024-07-12 23:22:39 - [MESSAGE][PASSED] - Text 'France' is set on object 'Object Repository/AdminSuiteBootstrap_Pages/VT_Bootstrap/SaleKeyboard/input_userDefined10'

2024-07-12 23:22:40 - [MESSAGE][PASSED] - Object: 'Object Repository/AdminSuiteBootstrap_Pages/VT_Bootstrap/SaleKeyboard/button_Submit' is clicked on

2024-07-12 23:22:40 - [MESSAGE][PASSED] - adminSuiteBootstrap.virtualTerminalSetData.saleKeyboard_DataDriven is PASSED

2024-07-12 23:22:40 - [TEST_STEP][PASSED] - if (verifyTextPresent("Transaction Successful", true)): null

2024-07-12 23:22:41 - [MESSAGE][PASSED] - Text 'Transaction Successful' is present on page  using regular expression

2024-07-12 23:22:41 - [TEST_STEP][PASSED] - sdf = getText(findTestObject(path_Receipt + "td_AutoNoC031622113752957Ahm")): Text of object 'Object Repository/AdminSuiteBootstrap_Pages/VT_Bootstrap/Receipt/td_AutoNoC031622113752957Ahm' is: 'AutoNoC071224231509978Ahm'

2024-07-12 23:22:41 - [MESSAGE][PASSED] - Text of object 'Object Repository/AdminSuiteBootstrap_Pages/VT_Bootstrap/Receipt/td_AutoNoC031622113752957Ahm' is: 'AutoNoC071224231509978Ahm'

2024-07-12 23:22:41 - [TEST_STEP][PASSED] - out.println("sdf: " + sdf): null

2024-07-12 23:22:41 - [TEST_STEP][PASSED] - remID = sdf: null

2024-07-12 23:22:41 - [TEST_STEP][PASSED] - out.println("remID: " + remID): null

2024-07-12 23:22:41 - [TEST_STEP][PASSED] - click(findTestObject(path_Receipt + "button_Continue")): Object: 'Object Repository/AdminSuiteBootstrap_Pages/VT_Bootstrap/Receipt/button_Continue' is clicked on

2024-07-12 23:22:42 - [MESSAGE][PASSED] - Object: 'Object Repository/AdminSuiteBootstrap_Pages/VT_Bootstrap/Receipt/button_Continue' is clicked on

2024-07-12 23:22:42 - [TEST_STEP][PASSED] - click(findTestObject(path_VT + "a_Search Transactions")): Object: 'Object Repository/AdminSuiteBootstrap_Pages/VT_Bootstrap/IssueTransactions/a_Search Transactions' is clicked on

2024-07-12 23:22:43 - [MESSAGE][PASSED] - Object: 'Object Repository/AdminSuiteBootstrap_Pages/VT_Bootstrap/IssueTransactions/a_Search Transactions' is clicked on

2024-07-12 23:22:43 - [TEST_STEP][PASSED] - setText(findTestObject(path_CCSearch + "input_Search By_searchValue"), remID): Text 'AutoNoC071224231509978Ahm' is set on object 'Object Repository/AdminSuiteBootstrap_Pages/VT_Bootstrap/CCCreditOrVoidSearch/input_Search By_searchValue'

2024-07-12 23:22:44 - [MESSAGE][PASSED] - Text 'AutoNoC071224231509978Ahm' is set on object 'Object Repository/AdminSuiteBootstrap_Pages/VT_Bootstrap/CCCreditOrVoidSearch/input_Search By_searchValue'

2024-07-12 23:22:44 - [TEST_STEP][PASSED] - click(findTestObject(path_CCSearch + "option_Authorization")): Object: 'Object Repository/AdminSuiteBootstrap_Pages/VT_Bootstrap/CCCreditOrVoidSearch/option_Authorization' is clicked on

2024-07-12 23:22:44 - [MESSAGE][PASSED] - Object: 'Object Repository/AdminSuiteBootstrap_Pages/VT_Bootstrap/CCCreditOrVoidSearch/option_Authorization' is clicked on

2024-07-12 23:22:44 - [TEST_STEP][PASSED] - click(findTestObject(path_CCSearch + "button_Submit")): Object: 'Object Repository/AdminSuiteBootstrap_Pages/VT_Bootstrap/CCCreditOrVoidSearch/button_Submit' is clicked on

2024-07-12 23:22:45 - [MESSAGE][PASSED] - Object: 'Object Repository/AdminSuiteBootstrap_Pages/VT_Bootstrap/CCCreditOrVoidSearch/button_Submit' is clicked on

2024-07-12 23:22:45 - [TEST_STEP][PASSED] - fgr = getText(findTestObject(path_SearchResults + "div_Payment ID")): Text of object 'Object Repository/AdminSuiteBootstrap_Pages/VT_Bootstrap/SearchResults/div_Payment ID' is: 'Payment ID
Payment Type
Transaction Type
Remittance ID
Name
Total Amount
End Date
Status
12154892 Credit Card Authorization AutoNoC071224231509978Ahm Janaki James $10.50 07/12/2024 Success'

2024-07-12 23:22:46 - [MESSAGE][PASSED] - Text of object 'Object Repository/AdminSuiteBootstrap_Pages/VT_Bootstrap/SearchResults/div_Payment ID' is: 'Payment ID
Payment Type
Transaction Type
Remittance ID
Name
Total Amount
End Date
Status
12154892 Credit Card Authorization AutoNoC071224231509978Ahm Janaki James $10.50 07/12/2024 Success'

2024-07-12 23:22:46 - [TEST_STEP][PASSED] - payID = substring(89, 98).trim(): null

2024-07-12 23:22:46 - [TEST_STEP][PASSED] - out.println("payID: " + payID): null

2024-07-12 23:22:46 - [TEST_STEP][PASSED] - click(findTestObject(path_SearchResults + "button_PaymentID")): Object: 'Object Repository/AdminSuiteBootstrap_Pages/VT_Bootstrap/SearchResults/button_PaymentID' is clicked on

2024-07-12 23:22:46 - [MESSAGE][PASSED] - Object: 'Object Repository/AdminSuiteBootstrap_Pages/VT_Bootstrap/SearchResults/button_PaymentID' is clicked on

2024-07-12 23:22:46 - [TEST_STEP][PASSED] - verifyTextPresent("Tender Type", true): Text 'Tender Type' is present on page  using regular expression

2024-07-12 23:22:47 - [MESSAGE][PASSED] - Text 'Tender Type' is present on page  using regular expression

2024-07-12 23:22:47 - [TEST_STEP][PASSED] - verifyTextPresent("Credit Card", true): Text 'Credit Card' is present on page  using regular expression

2024-07-12 23:22:48 - [MESSAGE][PASSED] - Text 'Credit Card' is present on page  using regular expression

2024-07-12 23:22:48 - [TEST_STEP][PASSED] - verifyTextPresent("Transaction Type", true): Text 'Transaction Type' is present on page  using regular expression

2024-07-12 23:22:48 - [MESSAGE][PASSED] - Text 'Transaction Type' is present on page  using regular expression

2024-07-12 23:22:48 - [TEST_STEP][PASSED] - verifyTextPresent("Authorization", true): Text 'Authorization' is present on page  using regular expression

2024-07-12 23:22:49 - [MESSAGE][PASSED] - Text 'Authorization' is present on page  using regular expression

2024-07-12 23:22:49 - [TEST_STEP][PASSED] - verifyTextPresent("Transaction Posted by", true): Text 'Transaction Posted by' is present on page  using regular expression

2024-07-12 23:22:49 - [MESSAGE][PASSED] - Text 'Transaction Posted by' is present on page  using regular expression

2024-07-12 23:22:49 - [TEST_STEP][PASSED] - verifyTextPresent("iahmed", true): Text 'iahmed' is present on page  using regular expression

2024-07-12 23:22:49 - [MESSAGE][PASSED] - Text 'iahmed' is present on page  using regular expression

2024-07-12 23:22:49 - [TEST_STEP][PASSED] - click(findTestObject(path_TranxDetails + "a_Capture this transaction")): Object: 'Object Repository/AdminSuiteBootstrap_Pages/VT_Bootstrap/TransactionDetails/a_Capture this transaction' is clicked on

2024-07-12 23:22:50 - [MESSAGE][PASSED] - Object: 'Object Repository/AdminSuiteBootstrap_Pages/VT_Bootstrap/TransactionDetails/a_Capture this transaction' is clicked on

2024-07-12 23:22:50 - [TEST_STEP][PASSED] - verifyTextPresent("Credit Card Capture", true): Text 'Credit Card Capture' is present on page  using regular expression

2024-07-12 23:22:51 - [MESSAGE][PASSED] - Text 'Credit Card Capture' is present on page  using regular expression

2024-07-12 23:22:51 - [TEST_STEP][PASSED] - captureAmount = findTestData(dataFile).getValue("CaptureAmount", row): null

2024-07-12 23:22:51 - [TEST_STEP][PASSED] - setText(findTestObject(path_SaleKB + "input_amountCapture"), captureAmount): Text '8.50' is set on object 'Object Repository/AdminSuiteBootstrap_Pages/VT_Bootstrap/SaleKeyboard/input_amountCapture'

2024-07-12 23:22:52 - [MESSAGE][PASSED] - Text '8.50' is set on object 'Object Repository/AdminSuiteBootstrap_Pages/VT_Bootstrap/SaleKeyboard/input_amountCapture'

2024-07-12 23:22:52 - [TEST_STEP][PASSED] - click(findTestObject(path_TranxDetails + "button_Submit")): Object: 'Object Repository/AdminSuiteBootstrap_Pages/VT_Bootstrap/TransactionDetails/button_Submit' is clicked on

2024-07-12 23:22:53 - [MESSAGE][PASSED] - Object: 'Object Repository/AdminSuiteBootstrap_Pages/VT_Bootstrap/TransactionDetails/button_Submit' is clicked on

2024-07-12 23:22:53 - [TEST_STEP][PASSED] - verifyTextPresent("Transaction Successful", true): Text 'Transaction Successful' is present on page  using regular expression

2024-07-12 23:22:54 - [MESSAGE][PASSED] - Text 'Transaction Successful' is present on page  using regular expression

2024-07-12 23:22:54 - [TEST_STEP][PASSED] - verifyTextPresent("Transaction Type", true): Text 'Transaction Type' is present on page  using regular expression

2024-07-12 23:22:54 - [MESSAGE][PASSED] - Text 'Transaction Type' is present on page  using regular expression

2024-07-12 23:22:54 - [TEST_STEP][PASSED] - verifyTextPresent("Capture", true): Text 'Capture' is present on page  using regular expression

2024-07-12 23:22:54 - [MESSAGE][PASSED] - Text 'Capture' is present on page  using regular expression

2024-07-12 23:22:54 - [TEST_STEP][PASSED] - verifyTextPresent("Amount", true): Text 'Amount' is present on page  using regular expression

2024-07-12 23:22:54 - [MESSAGE][PASSED] - Text 'Amount' is present on page  using regular expression

2024-07-12 23:22:54 - [TEST_STEP][PASSED] - verifyTextPresent(captureAmount, true): Text '8.50' is present on page  using regular expression

2024-07-12 23:22:55 - [MESSAGE][PASSED] - Text '8.50' is present on page  using regular expression

2024-07-12 23:22:55 - [TEST_STEP][PASSED] - closeBrowser(): Browser is closed

2024-07-12 23:22:56 - [MESSAGE][PASSED] - Browser is closed

2024-07-12 23:22:56 - [TEST_STEP][PASSED] - ExecuteTC = findTestData(dataFile).getValue("Execute", row): null

2024-07-12 23:22:56 - [TEST_STEP][PASSED] - out.println("Value of Execute is : " + ExecuteTC): null

2024-07-12 23:22:56 - [TEST_STEP][PASSED] - switch (executionProfile): null

2024-07-12 23:22:56 - [TEST_STEP][PASSED] - case "QA2Profile":: null

2024-07-12 23:22:56 - [TEST_STEP][PASSED] - appName = findTestData(dataFile).getValue("AppNameQA", row): null

2024-07-12 23:22:56 - [TEST_STEP][PASSED] - appID = findTestData(dataFile).getValue("AppIDQA", row): null

2024-07-12 23:22:56 - [TEST_STEP][PASSED] - break: null

2024-07-12 23:22:56 - [TEST_STEP][PASSED] - hrefAppID = li_1 + appID + li_2: null

2024-07-12 23:22:56 - [TEST_STEP][PASSED] - hrefApp = li_1 + appID + "/": null

2024-07-12 23:22:56 - [TEST_STEP][PASSED] - println("hrefApp : " + hrefApp): null

2024-07-12 23:22:56 - [TEST_STEP][PASSED] - if (ExecuteTC.equalsIgnoreCase("Y")): null

2024-07-12 23:22:56 - [TEST_STEP][PASSED] - out.println("Begin Record Number: " + row): null

2024-07-12 23:22:56 - [TEST_STEP][PASSED] - today = new java.util.Date(): null

2024-07-12 23:22:56 - [TEST_STEP][PASSED] - println(today): null

2024-07-12 23:22:56 - [TEST_STEP][PASSED] - datText = today: null

2024-07-12 23:22:56 - [TEST_STEP][PASSED] - adminSuiteBootstrap.loginFunctionality.login_AdminSuite(): adminSuiteBootstrap.loginFunctionality.login_AdminSuite is PASSED

2024-07-12 23:22:56 - [MESSAGE][INFO] - Starting 'Chrome' driver

2024-07-12 23:22:56 - [MESSAGE][INFO] - User set preference: ['acceptInsecureCerts', 'true']

2024-07-12 23:22:56 - [MESSAGE][INFO] - Action delay is set to 0 milliseconds

2024-07-12 23:22:59 - [MESSAGE][PASSED] - Browser is opened with url: 'https://qa2.velocitypayment.com/admin/imtiaz'

2024-07-12 23:22:59 - [MESSAGE][PASSED] - Current window maximized

2024-07-12 23:23:00 - [MESSAGE][PASSED] - Object 'Object Repository/Login_Page/Login_Username_Okta' is present

2024-07-12 23:23:01 - [MESSAGE][PASSED] - Text 'iahmed' is set on object 'Object Repository/Login_Page/Login_Username_Okta'

2024-07-12 23:23:01 - [MESSAGE][PASSED] - Text 'Hello!6666666' is set on object 'Object Repository/Login_Page/Login_Password_Okta'

2024-07-12 23:23:02 - [MESSAGE][PASSED] - Object: 'Object Repository/Login_Page/Login_Submit_Okta' is clicked on

2024-07-12 23:23:02 - [MESSAGE][PASSED] - adminSuiteBootstrap.loginFunctionality.login_AdminSuite is PASSED

2024-07-12 23:23:02 - [TEST_STEP][PASSED] - click(findTestObject(path_Dashboard + appName)): Object: 'Object Repository/AdminSuiteBootstrap_Pages/Dashboard_Bootstrap/a_Access AutoNoCFtp' is clicked on

2024-07-12 23:23:11 - [MESSAGE][PASSED] - Object: 'Object Repository/AdminSuiteBootstrap_Pages/Dashboard_Bootstrap/a_Access AutoNoCFtp' is clicked on

2024-07-12 23:23:11 - [TEST_STEP][PASSED] - click(findTestObject(path_VT + "button_Authorization Only")): Object: 'Object Repository/AdminSuiteBootstrap_Pages/VT_Bootstrap/IssueTransactions/button_Authorization Only' is clicked on

2024-07-12 23:23:11 - [MESSAGE][PASSED] - Object: 'Object Repository/AdminSuiteBootstrap_Pages/VT_Bootstrap/IssueTransactions/button_Authorization Only' is clicked on

2024-07-12 23:23:11 - [TEST_STEP][PASSED] - authOnlyKeyboardEntryLink = modifyObjectProperty(findTestObject(path_VT + "a_KeyboardEntry_Sale"), "href", "equals", hrefAppID, true): Modify property of object successfully

2024-07-12 23:23:11 - [MESSAGE][PASSED] - Modify property of object successfully

2024-07-12 23:23:11 - [TEST_STEP][PASSED] - click(authOnlyKeyboardEntryLink): Object: 'Object Repository/AdminSuiteBootstrap_Pages/VT_Bootstrap/IssueTransactions/a_KeyboardEntry_Sale' is clicked on

2024-07-12 23:23:12 - [MESSAGE][PASSED] - Object: 'Object Repository/AdminSuiteBootstrap_Pages/VT_Bootstrap/IssueTransactions/a_KeyboardEntry_Sale' is clicked on

2024-07-12 23:23:12 - [TEST_STEP][PASSED] - adminSuiteBootstrap.virtualTerminalSetData.saleKeyboard_DataDriven(row, dataFile): adminSuiteBootstrap.virtualTerminalSetData.saleKeyboard_DataDriven is PASSED

2024-07-12 23:23:15 - [MESSAGE][PASSED] - Text 'Janaki James' is set on object 'Object Repository/AdminSuiteBootstrap_Pages/VT_Bootstrap/SaleKeyboard/input_cardName'

2024-07-12 23:23:17 - [MESSAGE][PASSED] - All options with value 'MOTO' are selected in object 'Object Repository/AdminSuiteBootstrap_Pages/VT_Bootstrap/SaleKeyboard/select_transactionCategory'  using regular expression

2024-07-12 23:23:17 - [MESSAGE][PASSED] - Execute JavaScript 'arguments[0].value ='371449635392376' ' successfully

2024-07-12 23:23:17 - [MESSAGE][PASSED] - Execute JavaScript 'arguments[0].value ='123' ' successfully

2024-07-12 23:23:18 - [MESSAGE][PASSED] - All options with value '12' are selected in object 'Object Repository/AdminSuiteBootstrap_Pages/VT_Bootstrap/SaleKeyboard/select_MM'  using regular expression

2024-07-12 23:23:20 - [MESSAGE][PASSED] - All options with value '2025' are selected in object 'Object Repository/AdminSuiteBootstrap_Pages/VT_Bootstrap/SaleKeyboard/select_YYYY'  using regular expression

2024-07-12 23:23:20 - [MESSAGE][PASSED] - Text '550 Swan Lake' is set on object 'Object Repository/AdminSuiteBootstrap_Pages/VT_Bootstrap/SaleKeyboard/input__address'

2024-07-12 23:23:21 - [MESSAGE][PASSED] - Text 'Suite 500' is set on object 'Object Repository/AdminSuiteBootstrap_Pages/VT_Bootstrap/SaleKeyboard/input__address2'

2024-07-12 23:23:22 - [MESSAGE][PASSED] - Text '22201' is set on object 'Object Repository/AdminSuiteBootstrap_Pages/VT_Bootstrap/SaleKeyboard/input__zip'

2024-07-12 23:23:22 - [MESSAGE][PASSED] - Text '' is set on object 'Object Repository/AdminSuiteBootstrap_Pages/VT_Bootstrap/SaleKeyboard/input_emailAddress'

2024-07-12 23:23:24 - [MESSAGE][PASSED] - Text '' is set on object 'Object Repository/AdminSuiteBootstrap_Pages/VT_Bootstrap/SaleKeyboard/input_smsNumber'

2024-07-12 23:23:24 - [MESSAGE][PASSED] - Text '10.50' is set on object 'Object Repository/AdminSuiteBootstrap_Pages/VT_Bootstrap/SaleKeyboard/input_amount'

2024-07-12 23:23:25 - [MESSAGE][PASSED] - Text 'Australia' is set on object 'Object Repository/AdminSuiteBootstrap_Pages/VT_Bootstrap/SaleKeyboard/input_userDefined1'

2024-07-12 23:23:26 - [MESSAGE][PASSED] - Text 'Denmark' is set on object 'Object Repository/AdminSuiteBootstrap_Pages/VT_Bootstrap/SaleKeyboard/input_userDefined2'

2024-07-12 23:23:27 - [MESSAGE][PASSED] - Text 'Sweden' is set on object 'Object Repository/AdminSuiteBootstrap_Pages/VT_Bootstrap/SaleKeyboard/input_userDefined3'

2024-07-12 23:23:27 - [MESSAGE][PASSED] - Text 'Austria' is set on object 'Object Repository/AdminSuiteBootstrap_Pages/VT_Bootstrap/SaleKeyboard/input_userDefined4'

2024-07-12 23:23:28 - [MESSAGE][PASSED] - All options with label 'Orange' are selected in object 'Object Repository/AdminSuiteBootstrap_Pages/VT_Bootstrap/SaleKeyboard/select_UDF5_DropDown'  using regular expression

2024-07-12 23:23:29 - [MESSAGE][PASSED] - All options with label 'Yellow' are selected in object 'Object Repository/AdminSuiteBootstrap_Pages/VT_Bootstrap/SaleKeyboard/select_UDF6_DropDown'  using regular expression

2024-07-12 23:23:30 - [MESSAGE][PASSED] - Text 'Norway' is set on object 'Object Repository/AdminSuiteBootstrap_Pages/VT_Bootstrap/SaleKeyboard/input_userDefined7'

2024-07-12 23:23:31 - [MESSAGE][PASSED] - Text 'Netherlands' is set on object 'Object Repository/AdminSuiteBootstrap_Pages/VT_Bootstrap/SaleKeyboard/input_userDefined8'

2024-07-12 23:23:31 - [MESSAGE][PASSED] - Text 'Switzerland' is set on object 'Object Repository/AdminSuiteBootstrap_Pages/VT_Bootstrap/SaleKeyboard/input_userDefined9'

2024-07-12 23:23:32 - [MESSAGE][PASSED] - Text 'France' is set on object 'Object Repository/AdminSuiteBootstrap_Pages/VT_Bootstrap/SaleKeyboard/input_userDefined10'

2024-07-12 23:23:33 - [MESSAGE][PASSED] - Object: 'Object Repository/AdminSuiteBootstrap_Pages/VT_Bootstrap/SaleKeyboard/button_Submit' is clicked on

2024-07-12 23:23:33 - [MESSAGE][PASSED] - adminSuiteBootstrap.virtualTerminalSetData.saleKeyboard_DataDriven is PASSED

2024-07-12 23:23:33 - [TEST_STEP][PASSED] - if (verifyTextPresent("Transaction Successful", true)): null

2024-07-12 23:23:34 - [MESSAGE][PASSED] - Text 'Transaction Successful' is present on page  using regular expression

2024-07-12 23:23:34 - [TEST_STEP][PASSED] - sdf = getText(findTestObject(path_Receipt + "td_AutoNoC031622113752957Ahm")): Text of object 'Object Repository/AdminSuiteBootstrap_Pages/VT_Bootstrap/Receipt/td_AutoNoC031622113752957Ahm' is: 'AutoNoC071224231603335Ahm'

2024-07-12 23:23:34 - [MESSAGE][PASSED] - Text of object 'Object Repository/AdminSuiteBootstrap_Pages/VT_Bootstrap/Receipt/td_AutoNoC031622113752957Ahm' is: 'AutoNoC071224231603335Ahm'

2024-07-12 23:23:34 - [TEST_STEP][PASSED] - out.println("sdf: " + sdf): null

2024-07-12 23:23:34 - [TEST_STEP][PASSED] - remID = sdf: null

2024-07-12 23:23:34 - [TEST_STEP][PASSED] - out.println("remID: " + remID): null

2024-07-12 23:23:34 - [TEST_STEP][PASSED] - click(findTestObject(path_Receipt + "button_Continue")): Object: 'Object Repository/AdminSuiteBootstrap_Pages/VT_Bootstrap/Receipt/button_Continue' is clicked on

2024-07-12 23:23:35 - [MESSAGE][PASSED] - Object: 'Object Repository/AdminSuiteBootstrap_Pages/VT_Bootstrap/Receipt/button_Continue' is clicked on

2024-07-12 23:23:35 - [TEST_STEP][PASSED] - click(findTestObject(path_VT + "a_Search Transactions")): Object: 'Object Repository/AdminSuiteBootstrap_Pages/VT_Bootstrap/IssueTransactions/a_Search Transactions' is clicked on

2024-07-12 23:23:36 - [MESSAGE][PASSED] - Object: 'Object Repository/AdminSuiteBootstrap_Pages/VT_Bootstrap/IssueTransactions/a_Search Transactions' is clicked on

2024-07-12 23:23:36 - [TEST_STEP][PASSED] - setText(findTestObject(path_CCSearch + "input_Search By_searchValue"), remID): Text 'AutoNoC071224231603335Ahm' is set on object 'Object Repository/AdminSuiteBootstrap_Pages/VT_Bootstrap/CCCreditOrVoidSearch/input_Search By_searchValue'

2024-07-12 23:23:37 - [MESSAGE][PASSED] - Text 'AutoNoC071224231603335Ahm' is set on object 'Object Repository/AdminSuiteBootstrap_Pages/VT_Bootstrap/CCCreditOrVoidSearch/input_Search By_searchValue'

2024-07-12 23:23:37 - [TEST_STEP][PASSED] - click(findTestObject(path_CCSearch + "option_Authorization")): Object: 'Object Repository/AdminSuiteBootstrap_Pages/VT_Bootstrap/CCCreditOrVoidSearch/option_Authorization' is clicked on

2024-07-12 23:23:37 - [MESSAGE][PASSED] - Object: 'Object Repository/AdminSuiteBootstrap_Pages/VT_Bootstrap/CCCreditOrVoidSearch/option_Authorization' is clicked on

2024-07-12 23:23:37 - [TEST_STEP][PASSED] - click(findTestObject(path_CCSearch + "button_Submit")): Object: 'Object Repository/AdminSuiteBootstrap_Pages/VT_Bootstrap/CCCreditOrVoidSearch/button_Submit' is clicked on

2024-07-12 23:23:38 - [MESSAGE][PASSED] - Object: 'Object Repository/AdminSuiteBootstrap_Pages/VT_Bootstrap/CCCreditOrVoidSearch/button_Submit' is clicked on

2024-07-12 23:23:38 - [TEST_STEP][PASSED] - fgr = getText(findTestObject(path_SearchResults + "div_Payment ID")): Text of object 'Object Repository/AdminSuiteBootstrap_Pages/VT_Bootstrap/SearchResults/div_Payment ID' is: 'Payment ID
Payment Type
Transaction Type
Remittance ID
Name
Total Amount
End Date
Status
12154894 Credit Card Authorization AutoNoC071224231603335Ahm Janaki James $10.50 07/12/2024 Success'

2024-07-12 23:23:39 - [MESSAGE][PASSED] - Text of object 'Object Repository/AdminSuiteBootstrap_Pages/VT_Bootstrap/SearchResults/div_Payment ID' is: 'Payment ID
Payment Type
Transaction Type
Remittance ID
Name
Total Amount
End Date
Status
12154894 Credit Card Authorization AutoNoC071224231603335Ahm Janaki James $10.50 07/12/2024 Success'

2024-07-12 23:23:39 - [TEST_STEP][PASSED] - payID = substring(89, 98).trim(): null

2024-07-12 23:23:39 - [TEST_STEP][PASSED] - out.println("payID: " + payID): null

2024-07-12 23:23:39 - [TEST_STEP][PASSED] - click(findTestObject(path_SearchResults + "button_PaymentID")): Object: 'Object Repository/AdminSuiteBootstrap_Pages/VT_Bootstrap/SearchResults/button_PaymentID' is clicked on

2024-07-12 23:23:39 - [MESSAGE][PASSED] - Object: 'Object Repository/AdminSuiteBootstrap_Pages/VT_Bootstrap/SearchResults/button_PaymentID' is clicked on

2024-07-12 23:23:39 - [TEST_STEP][PASSED] - verifyTextPresent("Tender Type", true): Text 'Tender Type' is present on page  using regular expression

2024-07-12 23:23:40 - [MESSAGE][PASSED] - Text 'Tender Type' is present on page  using regular expression

2024-07-12 23:23:40 - [TEST_STEP][PASSED] - verifyTextPresent("Credit Card", true): Text 'Credit Card' is present on page  using regular expression

2024-07-12 23:23:40 - [MESSAGE][PASSED] - Text 'Credit Card' is present on page  using regular expression

2024-07-12 23:23:40 - [TEST_STEP][PASSED] - verifyTextPresent("Transaction Type", true): Text 'Transaction Type' is present on page  using regular expression

2024-07-12 23:23:41 - [MESSAGE][PASSED] - Text 'Transaction Type' is present on page  using regular expression

2024-07-12 23:23:41 - [TEST_STEP][PASSED] - verifyTextPresent("Authorization", true): Text 'Authorization' is present on page  using regular expression

2024-07-12 23:23:41 - [MESSAGE][PASSED] - Text 'Authorization' is present on page  using regular expression

2024-07-12 23:23:41 - [TEST_STEP][PASSED] - verifyTextPresent("Transaction Posted by", true): Text 'Transaction Posted by' is present on page  using regular expression

2024-07-12 23:23:41 - [MESSAGE][PASSED] - Text 'Transaction Posted by' is present on page  using regular expression

2024-07-12 23:23:41 - [TEST_STEP][PASSED] - verifyTextPresent("iahmed", true): Text 'iahmed' is present on page  using regular expression

2024-07-12 23:23:42 - [MESSAGE][PASSED] - Text 'iahmed' is present on page  using regular expression

2024-07-12 23:23:42 - [TEST_STEP][PASSED] - click(findTestObject(path_TranxDetails + "a_Capture this transaction")): Object: 'Object Repository/AdminSuiteBootstrap_Pages/VT_Bootstrap/TransactionDetails/a_Capture this transaction' is clicked on

2024-07-12 23:23:43 - [MESSAGE][PASSED] - Object: 'Object Repository/AdminSuiteBootstrap_Pages/VT_Bootstrap/TransactionDetails/a_Capture this transaction' is clicked on

2024-07-12 23:23:43 - [TEST_STEP][PASSED] - verifyTextPresent("Credit Card Capture", true): Text 'Credit Card Capture' is present on page  using regular expression

2024-07-12 23:23:43 - [MESSAGE][PASSED] - Text 'Credit Card Capture' is present on page  using regular expression

2024-07-12 23:23:43 - [TEST_STEP][PASSED] - captureAmount = findTestData(dataFile).getValue("CaptureAmount", row): null

2024-07-12 23:23:43 - [TEST_STEP][PASSED] - setText(findTestObject(path_SaleKB + "input_amountCapture"), captureAmount): Text '6.50' is set on object 'Object Repository/AdminSuiteBootstrap_Pages/VT_Bootstrap/SaleKeyboard/input_amountCapture'

2024-07-12 23:23:44 - [MESSAGE][PASSED] - Text '6.50' is set on object 'Object Repository/AdminSuiteBootstrap_Pages/VT_Bootstrap/SaleKeyboard/input_amountCapture'

2024-07-12 23:23:44 - [TEST_STEP][PASSED] - click(findTestObject(path_TranxDetails + "button_Submit")): Object: 'Object Repository/AdminSuiteBootstrap_Pages/VT_Bootstrap/TransactionDetails/button_Submit' is clicked on

2024-07-12 23:23:45 - [MESSAGE][PASSED] - Object: 'Object Repository/AdminSuiteBootstrap_Pages/VT_Bootstrap/TransactionDetails/button_Submit' is clicked on

2024-07-12 23:23:45 - [TEST_STEP][PASSED] - verifyTextPresent("Transaction Successful", true): Text 'Transaction Successful' is present on page  using regular expression

2024-07-12 23:23:46 - [MESSAGE][PASSED] - Text 'Transaction Successful' is present on page  using regular expression

2024-07-12 23:23:46 - [TEST_STEP][PASSED] - verifyTextPresent("Transaction Type", true): Text 'Transaction Type' is present on page  using regular expression

2024-07-12 23:23:46 - [MESSAGE][PASSED] - Text 'Transaction Type' is present on page  using regular expression

2024-07-12 23:23:46 - [TEST_STEP][PASSED] - verifyTextPresent("Capture", true): Text 'Capture' is present on page  using regular expression

2024-07-12 23:23:47 - [MESSAGE][PASSED] - Text 'Capture' is present on page  using regular expression

2024-07-12 23:23:47 - [TEST_STEP][PASSED] - verifyTextPresent("Amount", true): Text 'Amount' is present on page  using regular expression

2024-07-12 23:23:47 - [MESSAGE][PASSED] - Text 'Amount' is present on page  using regular expression

2024-07-12 23:23:47 - [TEST_STEP][PASSED] - verifyTextPresent(captureAmount, true): Text '6.50' is present on page  using regular expression

2024-07-12 23:23:47 - [MESSAGE][PASSED] - Text '6.50' is present on page  using regular expression

2024-07-12 23:23:47 - [TEST_STEP][PASSED] - closeBrowser(): Browser is closed

2024-07-12 23:23:48 - [MESSAGE][PASSED] - Browser is closed

2024-07-12 23:23:48 - [TEST_STEP][PASSED] - ExecuteTC = findTestData(dataFile).getValue("Execute", row): null

2024-07-12 23:23:49 - [TEST_STEP][PASSED] - out.println("Value of Execute is : " + ExecuteTC): null

2024-07-12 23:23:49 - [TEST_STEP][PASSED] - switch (executionProfile): null

2024-07-12 23:23:49 - [TEST_STEP][PASSED] - case "QA2Profile":: null

2024-07-12 23:23:49 - [TEST_STEP][PASSED] - appName = findTestData(dataFile).getValue("AppNameQA", row): null

2024-07-12 23:23:49 - [TEST_STEP][PASSED] - appID = findTestData(dataFile).getValue("AppIDQA", row): null

2024-07-12 23:23:49 - [TEST_STEP][PASSED] - break: null

2024-07-12 23:23:49 - [TEST_STEP][PASSED] - hrefAppID = li_1 + appID + li_2: null

2024-07-12 23:23:49 - [TEST_STEP][PASSED] - hrefApp = li_1 + appID + "/": null

2024-07-12 23:23:49 - [TEST_STEP][PASSED] - println("hrefApp : " + hrefApp): null

2024-07-12 23:23:49 - [TEST_STEP][PASSED] - if (ExecuteTC.equalsIgnoreCase("Y")): null

2024-07-12 23:23:49 - [TEST_STEP][PASSED] - out.println("Begin Record Number: " + row): null

2024-07-12 23:23:49 - [TEST_STEP][PASSED] - today = new java.util.Date(): null

2024-07-12 23:23:49 - [TEST_STEP][PASSED] - println(today): null

2024-07-12 23:23:49 - [TEST_STEP][PASSED] - datText = today: null

2024-07-12 23:23:49 - [TEST_STEP][PASSED] - adminSuiteBootstrap.loginFunctionality.login_AdminSuite(): adminSuiteBootstrap.loginFunctionality.login_AdminSuite is PASSED

2024-07-12 23:23:49 - [MESSAGE][INFO] - Starting 'Chrome' driver

2024-07-12 23:23:49 - [MESSAGE][INFO] - User set preference: ['acceptInsecureCerts', 'true']

2024-07-12 23:23:49 - [MESSAGE][INFO] - Action delay is set to 0 milliseconds

2024-07-12 23:23:51 - [MESSAGE][PASSED] - Browser is opened with url: 'https://qa2.velocitypayment.com/admin/imtiaz'

2024-07-12 23:23:52 - [MESSAGE][PASSED] - Current window maximized

2024-07-12 23:23:52 - [MESSAGE][PASSED] - Object 'Object Repository/Login_Page/Login_Username_Okta' is present

2024-07-12 23:23:53 - [MESSAGE][PASSED] - Text 'iahmed' is set on object 'Object Repository/Login_Page/Login_Username_Okta'

2024-07-12 23:23:54 - [MESSAGE][PASSED] - Text 'Hello!6666666' is set on object 'Object Repository/Login_Page/Login_Password_Okta'

2024-07-12 23:23:55 - [MESSAGE][PASSED] - Object: 'Object Repository/Login_Page/Login_Submit_Okta' is clicked on

2024-07-12 23:23:55 - [MESSAGE][PASSED] - adminSuiteBootstrap.loginFunctionality.login_AdminSuite is PASSED

2024-07-12 23:23:55 - [TEST_STEP][PASSED] - click(findTestObject(path_Dashboard + appName)): Object: 'Object Repository/AdminSuiteBootstrap_Pages/Dashboard_Bootstrap/a_Access AutoNoCFtp' is clicked on

2024-07-12 23:24:02 - [MESSAGE][PASSED] - Object: 'Object Repository/AdminSuiteBootstrap_Pages/Dashboard_Bootstrap/a_Access AutoNoCFtp' is clicked on

2024-07-12 23:24:02 - [TEST_STEP][PASSED] - click(findTestObject(path_VT + "button_Authorization Only")): Object: 'Object Repository/AdminSuiteBootstrap_Pages/VT_Bootstrap/IssueTransactions/button_Authorization Only' is clicked on

2024-07-12 23:24:03 - [MESSAGE][PASSED] - Object: 'Object Repository/AdminSuiteBootstrap_Pages/VT_Bootstrap/IssueTransactions/button_Authorization Only' is clicked on

2024-07-12 23:24:03 - [TEST_STEP][PASSED] - authOnlyKeyboardEntryLink = modifyObjectProperty(findTestObject(path_VT + "a_KeyboardEntry_Sale"), "href", "equals", hrefAppID, true): Modify property of object successfully

2024-07-12 23:24:03 - [MESSAGE][PASSED] - Modify property of object successfully

2024-07-12 23:24:03 - [TEST_STEP][PASSED] - click(authOnlyKeyboardEntryLink): Object: 'Object Repository/AdminSuiteBootstrap_Pages/VT_Bootstrap/IssueTransactions/a_KeyboardEntry_Sale' is clicked on

2024-07-12 23:24:04 - [MESSAGE][PASSED] - Object: 'Object Repository/AdminSuiteBootstrap_Pages/VT_Bootstrap/IssueTransactions/a_KeyboardEntry_Sale' is clicked on

2024-07-12 23:24:04 - [TEST_STEP][PASSED] - adminSuiteBootstrap.virtualTerminalSetData.saleKeyboard_DataDriven(row, dataFile): adminSuiteBootstrap.virtualTerminalSetData.saleKeyboard_DataDriven is PASSED

2024-07-12 23:24:07 - [MESSAGE][PASSED] - Text 'Janaki James' is set on object 'Object Repository/AdminSuiteBootstrap_Pages/VT_Bootstrap/SaleKeyboard/input_cardName'

2024-07-12 23:24:08 - [MESSAGE][PASSED] - All options with value 'MOTO' are selected in object 'Object Repository/AdminSuiteBootstrap_Pages/VT_Bootstrap/SaleKeyboard/select_transactionCategory'  using regular expression

2024-07-12 23:24:09 - [MESSAGE][PASSED] - Execute JavaScript 'arguments[0].value ='6011000993026909' ' successfully

2024-07-12 23:24:09 - [MESSAGE][PASSED] - Execute JavaScript 'arguments[0].value ='123' ' successfully

2024-07-12 23:24:10 - [MESSAGE][PASSED] - All options with value '12' are selected in object 'Object Repository/AdminSuiteBootstrap_Pages/VT_Bootstrap/SaleKeyboard/select_MM'  using regular expression

2024-07-12 23:24:11 - [MESSAGE][PASSED] - All options with value '2025' are selected in object 'Object Repository/AdminSuiteBootstrap_Pages/VT_Bootstrap/SaleKeyboard/select_YYYY'  using regular expression

2024-07-12 23:24:12 - [MESSAGE][PASSED] - Text '25987 Hill Top' is set on object 'Object Repository/AdminSuiteBootstrap_Pages/VT_Bootstrap/SaleKeyboard/input__address'

2024-07-12 23:24:13 - [MESSAGE][PASSED] - Text 'Suite 500' is set on object 'Object Repository/AdminSuiteBootstrap_Pages/VT_Bootstrap/SaleKeyboard/input__address2'

2024-07-12 23:24:13 - [MESSAGE][PASSED] - Text '22201' is set on object 'Object Repository/AdminSuiteBootstrap_Pages/VT_Bootstrap/SaleKeyboard/input__zip'

2024-07-12 23:24:14 - [MESSAGE][PASSED] - Text '' is set on object 'Object Repository/AdminSuiteBootstrap_Pages/VT_Bootstrap/SaleKeyboard/input_emailAddress'

2024-07-12 23:24:15 - [MESSAGE][PASSED] - Text '' is set on object 'Object Repository/AdminSuiteBootstrap_Pages/VT_Bootstrap/SaleKeyboard/input_smsNumber'

2024-07-12 23:24:16 - [MESSAGE][PASSED] - Text '10.50' is set on object 'Object Repository/AdminSuiteBootstrap_Pages/VT_Bootstrap/SaleKeyboard/input_amount'

2024-07-12 23:24:17 - [MESSAGE][PASSED] - Text 'Australia' is set on object 'Object Repository/AdminSuiteBootstrap_Pages/VT_Bootstrap/SaleKeyboard/input_userDefined1'

2024-07-12 23:24:17 - [MESSAGE][PASSED] - Text 'Denmark' is set on object 'Object Repository/AdminSuiteBootstrap_Pages/VT_Bootstrap/SaleKeyboard/input_userDefined2'

2024-07-12 23:24:18 - [MESSAGE][PASSED] - Text 'Sweden' is set on object 'Object Repository/AdminSuiteBootstrap_Pages/VT_Bootstrap/SaleKeyboard/input_userDefined3'

2024-07-12 23:24:19 - [MESSAGE][PASSED] - Text 'Austria' is set on object 'Object Repository/AdminSuiteBootstrap_Pages/VT_Bootstrap/SaleKeyboard/input_userDefined4'

2024-07-12 23:24:20 - [MESSAGE][PASSED] - All options with label 'Orange' are selected in object 'Object Repository/AdminSuiteBootstrap_Pages/VT_Bootstrap/SaleKeyboard/select_UDF5_DropDown'  using regular expression

2024-07-12 23:24:21 - [MESSAGE][PASSED] - All options with label 'Yellow' are selected in object 'Object Repository/AdminSuiteBootstrap_Pages/VT_Bootstrap/SaleKeyboard/select_UDF6_DropDown'  using regular expression

2024-07-12 23:24:22 - [MESSAGE][PASSED] - Text 'Norway' is set on object 'Object Repository/AdminSuiteBootstrap_Pages/VT_Bootstrap/SaleKeyboard/input_userDefined7'

2024-07-12 23:24:22 - [MESSAGE][PASSED] - Text 'Netherlands' is set on object 'Object Repository/AdminSuiteBootstrap_Pages/VT_Bootstrap/SaleKeyboard/input_userDefined8'

2024-07-12 23:24:23 - [MESSAGE][PASSED] - Text 'Switzerland' is set on object 'Object Repository/AdminSuiteBootstrap_Pages/VT_Bootstrap/SaleKeyboard/input_userDefined9'

2024-07-12 23:24:24 - [MESSAGE][PASSED] - Text 'France' is set on object 'Object Repository/AdminSuiteBootstrap_Pages/VT_Bootstrap/SaleKeyboard/input_userDefined10'

2024-07-12 23:24:25 - [MESSAGE][PASSED] - Object: 'Object Repository/AdminSuiteBootstrap_Pages/VT_Bootstrap/SaleKeyboard/button_Submit' is clicked on

2024-07-12 23:24:25 - [MESSAGE][PASSED] - adminSuiteBootstrap.virtualTerminalSetData.saleKeyboard_DataDriven is PASSED

2024-07-12 23:24:25 - [TEST_STEP][PASSED] - if (verifyTextPresent("Transaction Successful", true)): null

2024-07-12 23:24:26 - [MESSAGE][PASSED] - Text 'Transaction Successful' is present on page  using regular expression

2024-07-12 23:24:26 - [TEST_STEP][PASSED] - sdf = getText(findTestObject(path_Receipt + "td_AutoNoC031622113752957Ahm")): Text of object 'Object Repository/AdminSuiteBootstrap_Pages/VT_Bootstrap/Receipt/td_AutoNoC031622113752957Ahm' is: 'AutoNoC071224231654941Ahm'

2024-07-12 23:24:26 - [MESSAGE][PASSED] - Text of object 'Object Repository/AdminSuiteBootstrap_Pages/VT_Bootstrap/Receipt/td_AutoNoC031622113752957Ahm' is: 'AutoNoC071224231654941Ahm'

2024-07-12 23:24:26 - [TEST_STEP][PASSED] - out.println("sdf: " + sdf): null

2024-07-12 23:24:26 - [TEST_STEP][PASSED] - remID = sdf: null

2024-07-12 23:24:26 - [TEST_STEP][PASSED] - out.println("remID: " + remID): null

2024-07-12 23:24:26 - [TEST_STEP][PASSED] - click(findTestObject(path_Receipt + "button_Continue")): Object: 'Object Repository/AdminSuiteBootstrap_Pages/VT_Bootstrap/Receipt/button_Continue' is clicked on

2024-07-12 23:24:27 - [MESSAGE][PASSED] - Object: 'Object Repository/AdminSuiteBootstrap_Pages/VT_Bootstrap/Receipt/button_Continue' is clicked on

2024-07-12 23:24:27 - [TEST_STEP][PASSED] - click(findTestObject(path_VT + "a_Search Transactions")): Object: 'Object Repository/AdminSuiteBootstrap_Pages/VT_Bootstrap/IssueTransactions/a_Search Transactions' is clicked on

2024-07-12 23:24:28 - [MESSAGE][PASSED] - Object: 'Object Repository/AdminSuiteBootstrap_Pages/VT_Bootstrap/IssueTransactions/a_Search Transactions' is clicked on

2024-07-12 23:24:28 - [TEST_STEP][PASSED] - setText(findTestObject(path_CCSearch + "input_Search By_searchValue"), remID): Text 'AutoNoC071224231654941Ahm' is set on object 'Object Repository/AdminSuiteBootstrap_Pages/VT_Bootstrap/CCCreditOrVoidSearch/input_Search By_searchValue'

2024-07-12 23:24:29 - [MESSAGE][PASSED] - Text 'AutoNoC071224231654941Ahm' is set on object 'Object Repository/AdminSuiteBootstrap_Pages/VT_Bootstrap/CCCreditOrVoidSearch/input_Search By_searchValue'

2024-07-12 23:24:29 - [TEST_STEP][PASSED] - click(findTestObject(path_CCSearch + "option_Authorization")): Object: 'Object Repository/AdminSuiteBootstrap_Pages/VT_Bootstrap/CCCreditOrVoidSearch/option_Authorization' is clicked on

2024-07-12 23:24:29 - [MESSAGE][PASSED] - Object: 'Object Repository/AdminSuiteBootstrap_Pages/VT_Bootstrap/CCCreditOrVoidSearch/option_Authorization' is clicked on

2024-07-12 23:24:29 - [TEST_STEP][PASSED] - click(findTestObject(path_CCSearch + "button_Submit")): Object: 'Object Repository/AdminSuiteBootstrap_Pages/VT_Bootstrap/CCCreditOrVoidSearch/button_Submit' is clicked on

2024-07-12 23:24:30 - [MESSAGE][PASSED] - Object: 'Object Repository/AdminSuiteBootstrap_Pages/VT_Bootstrap/CCCreditOrVoidSearch/button_Submit' is clicked on

2024-07-12 23:24:30 - [TEST_STEP][PASSED] - fgr = getText(findTestObject(path_SearchResults + "div_Payment ID")): Text of object 'Object Repository/AdminSuiteBootstrap_Pages/VT_Bootstrap/SearchResults/div_Payment ID' is: 'Payment ID
Payment Type
Transaction Type
Remittance ID
Name
Total Amount
End Date
Status
12154896 Credit Card Authorization AutoNoC071224231654941Ahm Janaki James $10.50 07/12/2024 Success'

2024-07-12 23:24:30 - [MESSAGE][PASSED] - Text of object 'Object Repository/AdminSuiteBootstrap_Pages/VT_Bootstrap/SearchResults/div_Payment ID' is: 'Payment ID
Payment Type
Transaction Type
Remittance ID
Name
Total Amount
End Date
Status
12154896 Credit Card Authorization AutoNoC071224231654941Ahm Janaki James $10.50 07/12/2024 Success'

2024-07-12 23:24:30 - [TEST_STEP][PASSED] - payID = substring(89, 98).trim(): null

2024-07-12 23:24:30 - [TEST_STEP][PASSED] - out.println("payID: " + payID): null

2024-07-12 23:24:30 - [TEST_STEP][PASSED] - click(findTestObject(path_SearchResults + "button_PaymentID")): Object: 'Object Repository/AdminSuiteBootstrap_Pages/VT_Bootstrap/SearchResults/button_PaymentID' is clicked on

2024-07-12 23:24:31 - [MESSAGE][PASSED] - Object: 'Object Repository/AdminSuiteBootstrap_Pages/VT_Bootstrap/SearchResults/button_PaymentID' is clicked on

2024-07-12 23:24:31 - [TEST_STEP][PASSED] - verifyTextPresent("Tender Type", true): Text 'Tender Type' is present on page  using regular expression

2024-07-12 23:24:32 - [MESSAGE][PASSED] - Text 'Tender Type' is present on page  using regular expression

2024-07-12 23:24:32 - [TEST_STEP][PASSED] - verifyTextPresent("Credit Card", true): Text 'Credit Card' is present on page  using regular expression

2024-07-12 23:24:32 - [MESSAGE][PASSED] - Text 'Credit Card' is present on page  using regular expression

2024-07-12 23:24:32 - [TEST_STEP][PASSED] - verifyTextPresent("Transaction Type", true): Text 'Transaction Type' is present on page  using regular expression

2024-07-12 23:24:32 - [MESSAGE][PASSED] - Text 'Transaction Type' is present on page  using regular expression

2024-07-12 23:24:32 - [TEST_STEP][PASSED] - verifyTextPresent("Authorization", true): Text 'Authorization' is present on page  using regular expression

2024-07-12 23:24:33 - [MESSAGE][PASSED] - Text 'Authorization' is present on page  using regular expression

2024-07-12 23:24:33 - [TEST_STEP][PASSED] - verifyTextPresent("Transaction Posted by", true): Text 'Transaction Posted by' is present on page  using regular expression

2024-07-12 23:24:33 - [MESSAGE][PASSED] - Text 'Transaction Posted by' is present on page  using regular expression

2024-07-12 23:24:33 - [TEST_STEP][PASSED] - verifyTextPresent("iahmed", true): Text 'iahmed' is present on page  using regular expression

2024-07-12 23:24:33 - [MESSAGE][PASSED] - Text 'iahmed' is present on page  using regular expression

2024-07-12 23:24:33 - [TEST_STEP][PASSED] - click(findTestObject(path_TranxDetails + "a_Capture this transaction")): Object: 'Object Repository/AdminSuiteBootstrap_Pages/VT_Bootstrap/TransactionDetails/a_Capture this transaction' is clicked on

2024-07-12 23:24:34 - [MESSAGE][PASSED] - Object: 'Object Repository/AdminSuiteBootstrap_Pages/VT_Bootstrap/TransactionDetails/a_Capture this transaction' is clicked on

2024-07-12 23:24:34 - [TEST_STEP][PASSED] - verifyTextPresent("Credit Card Capture", true): Text 'Credit Card Capture' is present on page  using regular expression

2024-07-12 23:24:35 - [MESSAGE][PASSED] - Text 'Credit Card Capture' is present on page  using regular expression

2024-07-12 23:24:35 - [TEST_STEP][PASSED] - captureAmount = findTestData(dataFile).getValue("CaptureAmount", row): null

2024-07-12 23:24:35 - [TEST_STEP][PASSED] - setText(findTestObject(path_SaleKB + "input_amountCapture"), captureAmount): Text '10.00' is set on object 'Object Repository/AdminSuiteBootstrap_Pages/VT_Bootstrap/SaleKeyboard/input_amountCapture'

2024-07-12 23:24:36 - [MESSAGE][PASSED] - Text '10.00' is set on object 'Object Repository/AdminSuiteBootstrap_Pages/VT_Bootstrap/SaleKeyboard/input_amountCapture'

2024-07-12 23:24:36 - [TEST_STEP][PASSED] - click(findTestObject(path_TranxDetails + "button_Submit")): Object: 'Object Repository/AdminSuiteBootstrap_Pages/VT_Bootstrap/TransactionDetails/button_Submit' is clicked on

2024-07-12 23:24:37 - [MESSAGE][PASSED] - Object: 'Object Repository/AdminSuiteBootstrap_Pages/VT_Bootstrap/TransactionDetails/button_Submit' is clicked on

2024-07-12 23:24:37 - [TEST_STEP][PASSED] - verifyTextPresent("Transaction Successful", true): Text 'Transaction Successful' is present on page  using regular expression

2024-07-12 23:24:38 - [MESSAGE][PASSED] - Text 'Transaction Successful' is present on page  using regular expression

2024-07-12 23:24:38 - [TEST_STEP][PASSED] - verifyTextPresent("Transaction Type", true): Text 'Transaction Type' is present on page  using regular expression

2024-07-12 23:24:38 - [MESSAGE][PASSED] - Text 'Transaction Type' is present on page  using regular expression

2024-07-12 23:24:38 - [TEST_STEP][PASSED] - verifyTextPresent("Capture", true): Text 'Capture' is present on page  using regular expression

2024-07-12 23:24:39 - [MESSAGE][PASSED] - Text 'Capture' is present on page  using regular expression

2024-07-12 23:24:39 - [TEST_STEP][PASSED] - verifyTextPresent("Amount", true): Text 'Amount' is present on page  using regular expression

2024-07-12 23:24:39 - [MESSAGE][PASSED] - Text 'Amount' is present on page  using regular expression

2024-07-12 23:24:39 - [TEST_STEP][PASSED] - verifyTextPresent(captureAmount, true): Text '10.00' is present on page  using regular expression

2024-07-12 23:24:39 - [MESSAGE][PASSED] - Text '10.00' is present on page  using regular expression

2024-07-12 23:24:39 - [TEST_STEP][PASSED] - closeBrowser(): Browser is closed

2024-07-12 23:24:41 - [MESSAGE][PASSED] - Browser is closed]]></system-out>
         <system-err><![CDATA[]]></system-err>
      </testcase>
      <testcase name="Test Cases/Admin Suite Bootstrap/VT_TestCases/ManualAuthCaptureKeyboard_TP_AllCF_Generic_Payment_TC" time="516.53" classname="Test Cases/Admin Suite Bootstrap/VT_TestCases/ManualAuthCaptureKeyboard_TP_AllCF_Generic_Payment_TC" status="PASSED">
         <system-out><![CDATA[2024-07-12 23:24:41 - [TEST_CASE][PASSED] - Test Cases/Admin Suite Bootstrap/VT_TestCases/ManualAuthCaptureKeyboard_TP_AllCF_Generic_Payment_TC: Test Cases/Admin Suite Bootstrap/VT_TestCases/ManualAuthCaptureKeyboard_TP_AllCF_Generic_Payment_TC

2024-07-12 23:24:41 - [TEST_STEP][PASSED] - path_Dashboard = "Object Repository/AdminSuiteBootstrap_Pages/Dashboard_Bootstrap/": null

2024-07-12 23:24:41 - [TEST_STEP][PASSED] - path_VT = "Object Repository/AdminSuiteBootstrap_Pages/VT_Bootstrap/IssueTransactions/": null

2024-07-12 23:24:41 - [TEST_STEP][PASSED] - path_SaleKB = "Object Repository/AdminSuiteBootstrap_Pages/VT_Bootstrap/SaleKeyboard/": null

2024-07-12 23:24:41 - [TEST_STEP][PASSED] - path_TestMinus = "Object Repository/Page_TestMinusAndAtSigns/": null

2024-07-12 23:24:41 - [TEST_STEP][PASSED] - path_Receipt = "Object Repository/AdminSuiteBootstrap_Pages/VT_Bootstrap/Receipt/": null

2024-07-12 23:24:41 - [TEST_STEP][PASSED] - path_CCSearch = "Object Repository/AdminSuiteBootstrap_Pages/VT_Bootstrap/CCCreditOrVoidSearch/": null

2024-07-12 23:24:41 - [TEST_STEP][PASSED] - path_SearchResults = "Object Repository/AdminSuiteBootstrap_Pages/VT_Bootstrap/SearchResults/": null

2024-07-12 23:24:41 - [TEST_STEP][PASSED] - path_TranxDetails = "Object Repository/AdminSuiteBootstrap_Pages/VT_Bootstrap/TransactionDetails/": null

2024-07-12 23:24:41 - [TEST_STEP][PASSED] - path_ManAuth = "Object Repository/AdminSuiteBootstrap_Pages/VT_Bootstrap/ManualAuthKeyboard/": null

2024-07-12 23:24:41 - [TEST_STEP][PASSED] - li_1 = vpos_Prefix: null

2024-07-12 23:24:41 - [TEST_STEP][PASSED] - li_2 = "/transactions/AuthOnlyForm/": null

2024-07-12 23:24:41 - [TEST_STEP][PASSED] - executionProfile = getExecutionProfile(): null

2024-07-12 23:24:41 - [TEST_STEP][PASSED] - out.println("executionProfile : " + executionProfile): null

2024-07-12 23:24:41 - [TEST_STEP][PASSED] - appName = <not implemented yet for class: org.codehaus.groovy.ast.expr.EmptyExpression>: null

2024-07-12 23:24:41 - [TEST_STEP][PASSED] - appID = <not implemented yet for class: org.codehaus.groovy.ast.expr.EmptyExpression>: null

2024-07-12 23:24:41 - [TEST_STEP][PASSED] - cardNameV = <not implemented yet for class: org.codehaus.groovy.ast.expr.EmptyExpression>: null

2024-07-12 23:24:41 - [TEST_STEP][PASSED] - al1V = <not implemented yet for class: org.codehaus.groovy.ast.expr.EmptyExpression>: null

2024-07-12 23:24:41 - [TEST_STEP][PASSED] - al2V = <not implemented yet for class: org.codehaus.groovy.ast.expr.EmptyExpression>: null

2024-07-12 23:24:41 - [TEST_STEP][PASSED] - zipV = <not implemented yet for class: org.codehaus.groovy.ast.expr.EmptyExpression>: null

2024-07-12 23:24:41 - [TEST_STEP][PASSED] - cardTypeV = <not implemented yet for class: org.codehaus.groovy.ast.expr.EmptyExpression>: null

2024-07-12 23:24:41 - [TEST_STEP][PASSED] - last4V = <not implemented yet for class: org.codehaus.groovy.ast.expr.EmptyExpression>: null

2024-07-12 23:24:41 - [TEST_STEP][PASSED] - resText = "Fail": null

2024-07-12 23:24:41 - [TEST_STEP][PASSED] - resColumn = "Result": null

2024-07-12 23:24:41 - [TEST_STEP][PASSED] - datCloumn = "Date": null

2024-07-12 23:24:41 - [TEST_STEP][PASSED] - fileLoc = "C:\KatalonData\Bootstrap\VT-Data.xlsx": null

2024-07-12 23:24:41 - [TEST_STEP][PASSED] - numOfRows = <not implemented yet for class: org.codehaus.groovy.ast.expr.EmptyExpression>: null

2024-07-12 23:24:41 - [TEST_STEP][PASSED] - dataFile = <not implemented yet for class: org.codehaus.groovy.ast.expr.EmptyExpression>: null

2024-07-12 23:24:41 - [TEST_STEP][PASSED] - nameSheet = <not implemented yet for class: org.codehaus.groovy.ast.expr.EmptyExpression>: null

2024-07-12 23:24:41 - [TEST_STEP][PASSED] - nameSheet = "VT-ManualAuthCapture-Generic": null

2024-07-12 23:24:41 - [TEST_STEP][PASSED] - numOfRows = findTestData("QA/Bootstrap/VT-TestData/VT-ManualAuthCaptureData-AllCF-Generic").getRowNumbers(): null

2024-07-12 23:24:41 - [TEST_STEP][PASSED] - println("Number of Records: " + numOfRows): null

2024-07-12 23:24:41 - [TEST_STEP][PASSED] - dataFile = "QA/Bootstrap/VT-TestData/VT-ManualAuthCaptureData-AllCF-Generic": null

2024-07-12 23:24:41 - [TEST_STEP][PASSED] - for ([row = 1, row <= numOfRows, (row++)]): null

2024-07-12 23:24:41 - [TEST_STEP][PASSED] - ExecuteTC = findTestData(dataFile).getValue("Execute", row): null

2024-07-12 23:24:41 - [TEST_STEP][PASSED] - out.println("Value of Execute is : " + ExecuteTC): null

2024-07-12 23:24:41 - [TEST_STEP][PASSED] - switch (executionProfile): null

2024-07-12 23:24:41 - [TEST_STEP][PASSED] - case "QA2Profile":: null

2024-07-12 23:24:41 - [TEST_STEP][PASSED] - appName = findTestData(dataFile).getValue("AppNameQA", row): null

2024-07-12 23:24:41 - [TEST_STEP][PASSED] - appID = findTestData(dataFile).getValue("AppIDQA", row): null

2024-07-12 23:24:42 - [TEST_STEP][PASSED] - break: null

2024-07-12 23:24:42 - [TEST_STEP][PASSED] - hrefAppID = li_1 + appID + li_2: null

2024-07-12 23:24:42 - [TEST_STEP][PASSED] - hrefApp = li_1 + appID + "/": null

2024-07-12 23:24:42 - [TEST_STEP][PASSED] - println("hrefApp : " + hrefApp): null

2024-07-12 23:24:42 - [TEST_STEP][PASSED] - if (ExecuteTC.equalsIgnoreCase("Y")): null

2024-07-12 23:24:42 - [TEST_STEP][PASSED] - out.println("Begin Record Number: " + row): null

2024-07-12 23:24:42 - [TEST_STEP][PASSED] - today = new java.util.Date(): null

2024-07-12 23:24:42 - [TEST_STEP][PASSED] - println(today): null

2024-07-12 23:24:42 - [TEST_STEP][PASSED] - datText = today: null

2024-07-12 23:24:42 - [TEST_STEP][PASSED] - adminSuiteBootstrap.loginFunctionality.login_AdminSuite(): adminSuiteBootstrap.loginFunctionality.login_AdminSuite is PASSED

2024-07-12 23:24:42 - [MESSAGE][INFO] - Starting 'Chrome' driver

2024-07-12 23:24:42 - [MESSAGE][INFO] - User set preference: ['acceptInsecureCerts', 'true']

2024-07-12 23:24:42 - [MESSAGE][INFO] - Action delay is set to 0 milliseconds

2024-07-12 23:24:44 - [MESSAGE][PASSED] - Browser is opened with url: 'https://qa2.velocitypayment.com/admin/imtiaz'

2024-07-12 23:24:44 - [MESSAGE][PASSED] - Current window maximized

2024-07-12 23:24:45 - [MESSAGE][PASSED] - Object 'Object Repository/Login_Page/Login_Username_Okta' is present

2024-07-12 23:24:46 - [MESSAGE][PASSED] - Text 'iahmed' is set on object 'Object Repository/Login_Page/Login_Username_Okta'

2024-07-12 23:24:47 - [MESSAGE][PASSED] - Text 'Hello!6666666' is set on object 'Object Repository/Login_Page/Login_Password_Okta'

2024-07-12 23:24:47 - [MESSAGE][PASSED] - Object: 'Object Repository/Login_Page/Login_Submit_Okta' is clicked on

2024-07-12 23:24:47 - [MESSAGE][PASSED] - adminSuiteBootstrap.loginFunctionality.login_AdminSuite is PASSED

2024-07-12 23:24:47 - [TEST_STEP][PASSED] - click(findTestObject(path_Dashboard + appName)): Object: 'Object Repository/AdminSuiteBootstrap_Pages/Dashboard_Bootstrap/a_Access AutoNoCFtp' is clicked on

2024-07-12 23:24:55 - [MESSAGE][PASSED] - Object: 'Object Repository/AdminSuiteBootstrap_Pages/Dashboard_Bootstrap/a_Access AutoNoCFtp' is clicked on

2024-07-12 23:24:55 - [TEST_STEP][PASSED] - click(findTestObject(path_VT + "button_Authorization Only")): Object: 'Object Repository/AdminSuiteBootstrap_Pages/VT_Bootstrap/IssueTransactions/button_Authorization Only' is clicked on

2024-07-12 23:24:55 - [MESSAGE][PASSED] - Object: 'Object Repository/AdminSuiteBootstrap_Pages/VT_Bootstrap/IssueTransactions/button_Authorization Only' is clicked on

2024-07-12 23:24:56 - [TEST_STEP][PASSED] - click(findTestObject(path_VT + "button_Manual Authorization")): Object: 'Object Repository/AdminSuiteBootstrap_Pages/VT_Bootstrap/IssueTransactions/button_Manual Authorization' is clicked on

2024-07-12 23:24:57 - [MESSAGE][PASSED] - Object: 'Object Repository/AdminSuiteBootstrap_Pages/VT_Bootstrap/IssueTransactions/button_Manual Authorization' is clicked on

2024-07-12 23:24:57 - [TEST_STEP][PASSED] - adminSuiteBootstrap.virtualTerminalSetData.ManualAuthKeyboard_DataDriven(row, dataFile): adminSuiteBootstrap.virtualTerminalSetData.ManualAuthKeyboard_DataDriven is PASSED

2024-07-12 23:25:00 - [MESSAGE][PASSED] - Text 'gP7eBzmREB15' is set on object 'Object Repository/AdminSuiteBootstrap_Pages/VT_Bootstrap/ManualAuthKeyboard/input_RemittanceID'

2024-07-12 23:25:01 - [MESSAGE][PASSED] - Text 'Tulsi Raman' is set on object 'Object Repository/AdminSuiteBootstrap_Pages/VT_Bootstrap/ManualAuthKeyboard/input__cardName'

2024-07-12 23:25:01 - [MESSAGE][PASSED] - Execute JavaScript 'arguments[0].value ='4012000098765439' ' successfully

2024-07-12 23:25:03 - [MESSAGE][PASSED] - All options with value '12' are selected in object 'Object Repository/AdminSuiteBootstrap_Pages/VT_Bootstrap/ManualAuthKeyboard/select_MM'  using regular expression

2024-07-12 23:25:34 - [MESSAGE][INFO] - Unable to find the element located by 'By.xpath: //*[@name = 'cardExpYear' and (text() = '
	                                                                    YYYY
	                                                                    
																		          2022
																		       
																		          2023
																		       
																		          2024
																		       
																		          2025
																		       
																		          2026
																		       
																		          2027
																		       
																		          2028
																		       
																		          2029
																		       
																		          2030
																		       
																		          2031
																		       
																		          2032
																		       
																		          2033
																		       
																		          2034
																		       
																		          2035
																		       
																		          2036
																		       
																		          2037
																		       
	                                                                ' or . = '
	                                                                    YYYY
	                                                                    
																		          2022
																		       
																		          2023
																		       
																		          2024
																		       
																		          2025
																		       
																		          2026
																		       
																		          2027
																		       
																		          2028
																		       
																		          2029
																		       
																		          2030
																		       
																		          2031
																		       
																		          2032
																		       
																		          2033
																		       
																		          2034
																		       
																		          2035
																		       
																		          2036
																		       
																		          2037
																		       
	                                                                ')]'. Please recheck the objects properties to make sure the desired element is located. 

2024-07-12 23:25:34 - [MESSAGE][WARNING] - [SELF-HEALING] Failed to find element with id 'Object Repository/AdminSuiteBootstrap_Pages/VT_Bootstrap/ManualAuthKeyboard/select_YYYY'. Try using Self-healing.

2024-07-12 23:25:34 - [MESSAGE][INFO] - [SELF-HEALING] Screenshot: E:/Cloned-Project-Katalon/VPS-Katalon/Reports/Self-healing/Object Repository/AdminSuiteBootstrap_Pages/VT_Bootstrap/ManualAuthKeyboard/select_YYYY_XPATH.png

2024-07-12 23:25:35 - [MESSAGE][WARNING] - [SELF-HEALING] The current locator of test object 'Object Repository/AdminSuiteBootstrap_Pages/VT_Bootstrap/ManualAuthKeyboard/select_YYYY' was broken. Propose an alternative one: '//select[@name='cardExpYear']'.

2024-07-12 23:25:35 - [MESSAGE][PASSED] - All options with value '2025' are selected in object 'Object Repository/AdminSuiteBootstrap_Pages/VT_Bootstrap/ManualAuthKeyboard/select_YYYY'  using regular expression

2024-07-12 23:25:36 - [MESSAGE][PASSED] - All options with value 'RETL' are selected in object 'Object Repository/AdminSuiteBootstrap_Pages/VT_Bootstrap/ManualAuthKeyboard/select_TransactionCategory'  using regular expression

2024-07-12 23:25:37 - [MESSAGE][PASSED] - Text '123456' is set on object 'Object Repository/AdminSuiteBootstrap_Pages/VT_Bootstrap/ManualAuthKeyboard/input_AuthCode'

2024-07-12 23:25:38 - [MESSAGE][PASSED] - Text '36 Cornor Road' is set on object 'Object Repository/AdminSuiteBootstrap_Pages/VT_Bootstrap/ManualAuthKeyboard/input_Authorization Code_address'

2024-07-12 23:25:39 - [MESSAGE][PASSED] - Text 'Suite 500' is set on object 'Object Repository/AdminSuiteBootstrap_Pages/VT_Bootstrap/ManualAuthKeyboard/input__address2'

2024-07-12 23:25:39 - [MESSAGE][PASSED] - Text '22201' is set on object 'Object Repository/AdminSuiteBootstrap_Pages/VT_Bootstrap/ManualAuthKeyboard/input__zip'

2024-07-12 23:25:40 - [MESSAGE][PASSED] - Text '' is set on object 'Object Repository/AdminSuiteBootstrap_Pages/VT_Bootstrap/ManualAuthKeyboard/input_State_emailAddress'

2024-07-12 23:25:41 - [MESSAGE][PASSED] - Text '' is set on object 'Object Repository/AdminSuiteBootstrap_Pages/VT_Bootstrap/ManualAuthKeyboard/input_smsNumber'

2024-07-12 23:25:42 - [MESSAGE][PASSED] - Text '10.50' is set on object 'Object Repository/AdminSuiteBootstrap_Pages/VT_Bootstrap/ManualAuthKeyboard/input_amount'

2024-07-12 23:25:43 - [MESSAGE][PASSED] - Text 'Australia' is set on object 'Object Repository/AdminSuiteBootstrap_Pages/VT_Bootstrap/ManualAuthKeyboard/input__userDefined1'

2024-07-12 23:25:44 - [MESSAGE][PASSED] - Text 'Denmark' is set on object 'Object Repository/AdminSuiteBootstrap_Pages/VT_Bootstrap/ManualAuthKeyboard/input__userDefined2'

2024-07-12 23:25:44 - [MESSAGE][PASSED] - Text 'Sweden' is set on object 'Object Repository/AdminSuiteBootstrap_Pages/VT_Bootstrap/ManualAuthKeyboard/input_userDefined3'

2024-07-12 23:25:45 - [MESSAGE][PASSED] - Text 'Austria' is set on object 'Object Repository/AdminSuiteBootstrap_Pages/VT_Bootstrap/ManualAuthKeyboard/input_userDefined4'

2024-07-12 23:25:46 - [MESSAGE][PASSED] - All options with label 'Orange' are selected in object 'Object Repository/AdminSuiteBootstrap_Pages/VT_Bootstrap/ManualAuthKeyboard/select_UDF5'  using regular expression

2024-07-12 23:25:47 - [MESSAGE][PASSED] - All options with label 'Yellow' are selected in object 'Object Repository/AdminSuiteBootstrap_Pages/VT_Bootstrap/ManualAuthKeyboard/select_UDF6'  using regular expression

2024-07-12 23:25:48 - [MESSAGE][PASSED] - Text 'Norway' is set on object 'Object Repository/AdminSuiteBootstrap_Pages/VT_Bootstrap/ManualAuthKeyboard/input_userDefined7'

2024-07-12 23:25:48 - [MESSAGE][PASSED] - Text 'Netherlands' is set on object 'Object Repository/AdminSuiteBootstrap_Pages/VT_Bootstrap/ManualAuthKeyboard/input_userDefined8'

2024-07-12 23:25:49 - [MESSAGE][PASSED] - Text 'Switzerland' is set on object 'Object Repository/AdminSuiteBootstrap_Pages/VT_Bootstrap/ManualAuthKeyboard/input_userDefined9'

2024-07-12 23:25:50 - [MESSAGE][PASSED] - Text 'France' is set on object 'Object Repository/AdminSuiteBootstrap_Pages/VT_Bootstrap/ManualAuthKeyboard/input_userDefined10'

2024-07-12 23:25:51 - [MESSAGE][PASSED] - Object: 'Object Repository/AdminSuiteBootstrap_Pages/VT_Bootstrap/ManualAuthKeyboard/button_Submit' is clicked on

2024-07-12 23:25:51 - [MESSAGE][PASSED] - adminSuiteBootstrap.virtualTerminalSetData.ManualAuthKeyboard_DataDriven is PASSED

2024-07-12 23:25:51 - [TEST_STEP][PASSED] - if (verifyTextPresent("Transaction Successful", true)): null

2024-07-12 23:25:52 - [MESSAGE][PASSED] - Text 'Transaction Successful' is present on page  using regular expression

2024-07-12 23:25:52 - [TEST_STEP][PASSED] - verifyTextPresent("Manual Authorization", true): Text 'Manual Authorization' is present on page  using regular expression

2024-07-12 23:25:52 - [MESSAGE][PASSED] - Text 'Manual Authorization' is present on page  using regular expression

2024-07-12 23:25:52 - [TEST_STEP][PASSED] - sdf = getText(findTestObject(path_Receipt + "td_AutoNoC031622113752957Ahm")): Text of object 'Object Repository/AdminSuiteBootstrap_Pages/VT_Bootstrap/Receipt/td_AutoNoC031622113752957Ahm' is: 'gP7eBzmREB15'

2024-07-12 23:25:53 - [MESSAGE][PASSED] - Text of object 'Object Repository/AdminSuiteBootstrap_Pages/VT_Bootstrap/Receipt/td_AutoNoC031622113752957Ahm' is: 'gP7eBzmREB15'

2024-07-12 23:25:53 - [TEST_STEP][PASSED] - out.println("sdf: " + sdf): null

2024-07-12 23:25:53 - [TEST_STEP][PASSED] - remID = sdf: null

2024-07-12 23:25:53 - [TEST_STEP][PASSED] - out.println("remID: " + remID): null

2024-07-12 23:25:53 - [TEST_STEP][PASSED] - click(findTestObject(path_Receipt + "button_Continue")): Object: 'Object Repository/AdminSuiteBootstrap_Pages/VT_Bootstrap/Receipt/button_Continue' is clicked on

2024-07-12 23:25:53 - [MESSAGE][PASSED] - Object: 'Object Repository/AdminSuiteBootstrap_Pages/VT_Bootstrap/Receipt/button_Continue' is clicked on

2024-07-12 23:25:53 - [TEST_STEP][PASSED] - click(findTestObject(path_VT + "a_Search Transactions")): Object: 'Object Repository/AdminSuiteBootstrap_Pages/VT_Bootstrap/IssueTransactions/a_Search Transactions' is clicked on

2024-07-12 23:25:54 - [MESSAGE][PASSED] - Object: 'Object Repository/AdminSuiteBootstrap_Pages/VT_Bootstrap/IssueTransactions/a_Search Transactions' is clicked on

2024-07-12 23:25:54 - [TEST_STEP][PASSED] - setText(findTestObject(path_CCSearch + "input_Search By_searchValue"), remID): Text 'gP7eBzmREB15' is set on object 'Object Repository/AdminSuiteBootstrap_Pages/VT_Bootstrap/CCCreditOrVoidSearch/input_Search By_searchValue'

2024-07-12 23:25:55 - [MESSAGE][PASSED] - Text 'gP7eBzmREB15' is set on object 'Object Repository/AdminSuiteBootstrap_Pages/VT_Bootstrap/CCCreditOrVoidSearch/input_Search By_searchValue'

2024-07-12 23:25:55 - [TEST_STEP][PASSED] - click(findTestObject(path_CCSearch + "option_Manual Authorization")): Object: 'Object Repository/AdminSuiteBootstrap_Pages/VT_Bootstrap/CCCreditOrVoidSearch/option_Manual Authorization' is clicked on

2024-07-12 23:25:56 - [MESSAGE][PASSED] - Object: 'Object Repository/AdminSuiteBootstrap_Pages/VT_Bootstrap/CCCreditOrVoidSearch/option_Manual Authorization' is clicked on

2024-07-12 23:25:56 - [TEST_STEP][PASSED] - click(findTestObject(path_CCSearch + "button_Submit")): Object: 'Object Repository/AdminSuiteBootstrap_Pages/VT_Bootstrap/CCCreditOrVoidSearch/button_Submit' is clicked on

2024-07-12 23:25:56 - [MESSAGE][PASSED] - Object: 'Object Repository/AdminSuiteBootstrap_Pages/VT_Bootstrap/CCCreditOrVoidSearch/button_Submit' is clicked on

2024-07-12 23:25:56 - [TEST_STEP][PASSED] - fgr = getText(findTestObject(path_SearchResults + "div_Payment ID")): Text of object 'Object Repository/AdminSuiteBootstrap_Pages/VT_Bootstrap/SearchResults/div_Payment ID' is: 'Payment ID
Payment Type
Transaction Type
Remittance ID
Name
Total Amount
End Date
Status
12154898 Credit Card Manual Authorization gP7eBzmREB15 Tulsi Raman $10.50 07/12/2024 Success'

2024-07-12 23:25:57 - [MESSAGE][PASSED] - Text of object 'Object Repository/AdminSuiteBootstrap_Pages/VT_Bootstrap/SearchResults/div_Payment ID' is: 'Payment ID
Payment Type
Transaction Type
Remittance ID
Name
Total Amount
End Date
Status
12154898 Credit Card Manual Authorization gP7eBzmREB15 Tulsi Raman $10.50 07/12/2024 Success'

2024-07-12 23:25:57 - [TEST_STEP][PASSED] - payID = substring(89, 98).trim(): null

2024-07-12 23:25:57 - [TEST_STEP][PASSED] - out.println("payID: " + payID): null

2024-07-12 23:25:57 - [TEST_STEP][PASSED] - click(findTestObject(path_SearchResults + "button_PaymentID")): Object: 'Object Repository/AdminSuiteBootstrap_Pages/VT_Bootstrap/SearchResults/button_PaymentID' is clicked on

2024-07-12 23:25:58 - [MESSAGE][PASSED] - Object: 'Object Repository/AdminSuiteBootstrap_Pages/VT_Bootstrap/SearchResults/button_PaymentID' is clicked on

2024-07-12 23:25:58 - [TEST_STEP][PASSED] - verifyTextPresent("Tender Type", true): Text 'Tender Type' is present on page  using regular expression

2024-07-12 23:25:58 - [MESSAGE][PASSED] - Text 'Tender Type' is present on page  using regular expression

2024-07-12 23:25:58 - [TEST_STEP][PASSED] - verifyTextPresent("Credit Card", true): Text 'Credit Card' is present on page  using regular expression

2024-07-12 23:25:59 - [MESSAGE][PASSED] - Text 'Credit Card' is present on page  using regular expression

2024-07-12 23:25:59 - [TEST_STEP][PASSED] - verifyTextPresent("Transaction Type", true): Text 'Transaction Type' is present on page  using regular expression

2024-07-12 23:25:59 - [MESSAGE][PASSED] - Text 'Transaction Type' is present on page  using regular expression

2024-07-12 23:25:59 - [TEST_STEP][PASSED] - verifyTextPresent("Authorization", true): Text 'Authorization' is present on page  using regular expression

2024-07-12 23:25:59 - [MESSAGE][PASSED] - Text 'Authorization' is present on page  using regular expression

2024-07-12 23:25:59 - [TEST_STEP][PASSED] - verifyTextPresent("Transaction Posted by", true): Text 'Transaction Posted by' is present on page  using regular expression

2024-07-12 23:26:00 - [MESSAGE][PASSED] - Text 'Transaction Posted by' is present on page  using regular expression

2024-07-12 23:26:00 - [TEST_STEP][PASSED] - verifyTextPresent("iahmed", true): Text 'iahmed' is present on page  using regular expression

2024-07-12 23:26:00 - [MESSAGE][PASSED] - Text 'iahmed' is present on page  using regular expression

2024-07-12 23:26:00 - [TEST_STEP][PASSED] - click(findTestObject(path_TranxDetails + "a_Capture this transaction")): Object: 'Object Repository/AdminSuiteBootstrap_Pages/VT_Bootstrap/TransactionDetails/a_Capture this transaction' is clicked on

2024-07-12 23:26:01 - [MESSAGE][PASSED] - Object: 'Object Repository/AdminSuiteBootstrap_Pages/VT_Bootstrap/TransactionDetails/a_Capture this transaction' is clicked on

2024-07-12 23:26:01 - [TEST_STEP][PASSED] - verifyTextPresent("Credit Card Capture", true): Text 'Credit Card Capture' is present on page  using regular expression

2024-07-12 23:26:02 - [MESSAGE][PASSED] - Text 'Credit Card Capture' is present on page  using regular expression

2024-07-12 23:26:02 - [TEST_STEP][PASSED] - captureAmount = findTestData(dataFile).getValue("CaptureAmount", row): null

2024-07-12 23:26:02 - [TEST_STEP][PASSED] - setText(findTestObject(path_SaleKB + "input_amountCapture"), captureAmount): Text '10.50' is set on object 'Object Repository/AdminSuiteBootstrap_Pages/VT_Bootstrap/SaleKeyboard/input_amountCapture'

2024-07-12 23:26:02 - [MESSAGE][PASSED] - Text '10.50' is set on object 'Object Repository/AdminSuiteBootstrap_Pages/VT_Bootstrap/SaleKeyboard/input_amountCapture'

2024-07-12 23:26:02 - [TEST_STEP][PASSED] - click(findTestObject(path_TranxDetails + "button_Submit")): Object: 'Object Repository/AdminSuiteBootstrap_Pages/VT_Bootstrap/TransactionDetails/button_Submit' is clicked on

2024-07-12 23:26:04 - [MESSAGE][PASSED] - Object: 'Object Repository/AdminSuiteBootstrap_Pages/VT_Bootstrap/TransactionDetails/button_Submit' is clicked on

2024-07-12 23:26:04 - [TEST_STEP][PASSED] - verifyTextPresent("Transaction Successful", true): Text 'Transaction Successful' is present on page  using regular expression

2024-07-12 23:26:04 - [MESSAGE][PASSED] - Text 'Transaction Successful' is present on page  using regular expression

2024-07-12 23:26:04 - [TEST_STEP][PASSED] - verifyTextPresent("Transaction Type", true): Text 'Transaction Type' is present on page  using regular expression

2024-07-12 23:26:05 - [MESSAGE][PASSED] - Text 'Transaction Type' is present on page  using regular expression

2024-07-12 23:26:05 - [TEST_STEP][PASSED] - verifyTextPresent("Capture", true): Text 'Capture' is present on page  using regular expression

2024-07-12 23:26:05 - [MESSAGE][PASSED] - Text 'Capture' is present on page  using regular expression

2024-07-12 23:26:05 - [TEST_STEP][PASSED] - verifyTextPresent("Amount", true): Text 'Amount' is present on page  using regular expression

2024-07-12 23:26:05 - [MESSAGE][PASSED] - Text 'Amount' is present on page  using regular expression

2024-07-12 23:26:05 - [TEST_STEP][PASSED] - verifyTextPresent(captureAmount, true): Text '10.50' is present on page  using regular expression

2024-07-12 23:26:06 - [MESSAGE][PASSED] - Text '10.50' is present on page  using regular expression

2024-07-12 23:26:06 - [TEST_STEP][PASSED] - closeBrowser(): Browser is closed

2024-07-12 23:26:07 - [MESSAGE][PASSED] - Browser is closed

2024-07-12 23:26:07 - [TEST_STEP][PASSED] - ExecuteTC = findTestData(dataFile).getValue("Execute", row): null

2024-07-12 23:26:07 - [TEST_STEP][PASSED] - out.println("Value of Execute is : " + ExecuteTC): null

2024-07-12 23:26:07 - [TEST_STEP][PASSED] - switch (executionProfile): null

2024-07-12 23:26:07 - [TEST_STEP][PASSED] - case "QA2Profile":: null

2024-07-12 23:26:07 - [TEST_STEP][PASSED] - appName = findTestData(dataFile).getValue("AppNameQA", row): null

2024-07-12 23:26:07 - [TEST_STEP][PASSED] - appID = findTestData(dataFile).getValue("AppIDQA", row): null

2024-07-12 23:26:07 - [TEST_STEP][PASSED] - break: null

2024-07-12 23:26:07 - [TEST_STEP][PASSED] - hrefAppID = li_1 + appID + li_2: null

2024-07-12 23:26:07 - [TEST_STEP][PASSED] - hrefApp = li_1 + appID + "/": null

2024-07-12 23:26:07 - [TEST_STEP][PASSED] - println("hrefApp : " + hrefApp): null

2024-07-12 23:26:07 - [TEST_STEP][PASSED] - if (ExecuteTC.equalsIgnoreCase("Y")): null

2024-07-12 23:26:07 - [TEST_STEP][PASSED] - out.println("Begin Record Number: " + row): null

2024-07-12 23:26:07 - [TEST_STEP][PASSED] - today = new java.util.Date(): null

2024-07-12 23:26:07 - [TEST_STEP][PASSED] - println(today): null

2024-07-12 23:26:07 - [TEST_STEP][PASSED] - datText = today: null

2024-07-12 23:26:07 - [TEST_STEP][PASSED] - adminSuiteBootstrap.loginFunctionality.login_AdminSuite(): adminSuiteBootstrap.loginFunctionality.login_AdminSuite is PASSED

2024-07-12 23:26:07 - [MESSAGE][INFO] - Starting 'Chrome' driver

2024-07-12 23:26:07 - [MESSAGE][INFO] - User set preference: ['acceptInsecureCerts', 'true']

2024-07-12 23:26:07 - [MESSAGE][INFO] - Action delay is set to 0 milliseconds

2024-07-12 23:26:10 - [MESSAGE][PASSED] - Browser is opened with url: 'https://qa2.velocitypayment.com/admin/imtiaz'

2024-07-12 23:26:10 - [MESSAGE][PASSED] - Current window maximized

2024-07-12 23:26:11 - [MESSAGE][PASSED] - Object 'Object Repository/Login_Page/Login_Username_Okta' is present

2024-07-12 23:26:12 - [MESSAGE][PASSED] - Text 'iahmed' is set on object 'Object Repository/Login_Page/Login_Username_Okta'

2024-07-12 23:26:13 - [MESSAGE][PASSED] - Text 'Hello!6666666' is set on object 'Object Repository/Login_Page/Login_Password_Okta'

2024-07-12 23:26:13 - [MESSAGE][PASSED] - Object: 'Object Repository/Login_Page/Login_Submit_Okta' is clicked on

2024-07-12 23:26:13 - [MESSAGE][PASSED] - adminSuiteBootstrap.loginFunctionality.login_AdminSuite is PASSED

2024-07-12 23:26:13 - [TEST_STEP][PASSED] - click(findTestObject(path_Dashboard + appName)): Object: 'Object Repository/AdminSuiteBootstrap_Pages/Dashboard_Bootstrap/a_Access AutoNoCFtp' is clicked on

2024-07-12 23:26:21 - [MESSAGE][PASSED] - Object: 'Object Repository/AdminSuiteBootstrap_Pages/Dashboard_Bootstrap/a_Access AutoNoCFtp' is clicked on

2024-07-12 23:26:21 - [TEST_STEP][PASSED] - click(findTestObject(path_VT + "button_Authorization Only")): Object: 'Object Repository/AdminSuiteBootstrap_Pages/VT_Bootstrap/IssueTransactions/button_Authorization Only' is clicked on

2024-07-12 23:26:22 - [MESSAGE][PASSED] - Object: 'Object Repository/AdminSuiteBootstrap_Pages/VT_Bootstrap/IssueTransactions/button_Authorization Only' is clicked on

2024-07-12 23:26:22 - [TEST_STEP][PASSED] - click(findTestObject(path_VT + "button_Manual Authorization")): Object: 'Object Repository/AdminSuiteBootstrap_Pages/VT_Bootstrap/IssueTransactions/button_Manual Authorization' is clicked on

2024-07-12 23:26:23 - [MESSAGE][PASSED] - Object: 'Object Repository/AdminSuiteBootstrap_Pages/VT_Bootstrap/IssueTransactions/button_Manual Authorization' is clicked on

2024-07-12 23:26:23 - [TEST_STEP][PASSED] - adminSuiteBootstrap.virtualTerminalSetData.ManualAuthKeyboard_DataDriven(row, dataFile): adminSuiteBootstrap.virtualTerminalSetData.ManualAuthKeyboard_DataDriven is PASSED

2024-07-12 23:26:26 - [MESSAGE][PASSED] - Text 'bAlsEYrnYvBU' is set on object 'Object Repository/AdminSuiteBootstrap_Pages/VT_Bootstrap/ManualAuthKeyboard/input_RemittanceID'

2024-07-12 23:26:27 - [MESSAGE][PASSED] - Text 'Janaki James' is set on object 'Object Repository/AdminSuiteBootstrap_Pages/VT_Bootstrap/ManualAuthKeyboard/input__cardName'

2024-07-12 23:26:27 - [MESSAGE][PASSED] - Execute JavaScript 'arguments[0].value ='4012000098765439' ' successfully

2024-07-12 23:26:28 - [MESSAGE][PASSED] - All options with value '12' are selected in object 'Object Repository/AdminSuiteBootstrap_Pages/VT_Bootstrap/ManualAuthKeyboard/select_MM'  using regular expression

2024-07-12 23:27:00 - [MESSAGE][INFO] - Unable to find the element located by 'By.xpath: //*[@name = 'cardExpYear' and (text() = '
	                                                                    YYYY
	                                                                    
																		          2022
																		       
																		          2023
																		       
																		          2024
																		       
																		          2025
																		       
																		          2026
																		       
																		          2027
																		       
																		          2028
																		       
																		          2029
																		       
																		          2030
																		       
																		          2031
																		       
																		          2032
																		       
																		          2033
																		       
																		          2034
																		       
																		          2035
																		       
																		          2036
																		       
																		          2037
																		       
	                                                                ' or . = '
	                                                                    YYYY
	                                                                    
																		          2022
																		       
																		          2023
																		       
																		          2024
																		       
																		          2025
																		       
																		          2026
																		       
																		          2027
																		       
																		          2028
																		       
																		          2029
																		       
																		          2030
																		       
																		          2031
																		       
																		          2032
																		       
																		          2033
																		       
																		          2034
																		       
																		          2035
																		       
																		          2036
																		       
																		          2037
																		       
	                                                                ')]'. Please recheck the objects properties to make sure the desired element is located. 

2024-07-12 23:27:00 - [MESSAGE][WARNING] - [SELF-HEALING] Failed to find element with id 'Object Repository/AdminSuiteBootstrap_Pages/VT_Bootstrap/ManualAuthKeyboard/select_YYYY'. Try using Self-healing.

2024-07-12 23:27:00 - [MESSAGE][WARNING] - [SELF-HEALING] The current locator of test object 'Object Repository/AdminSuiteBootstrap_Pages/VT_Bootstrap/ManualAuthKeyboard/select_YYYY' was broken. Propose an alternative one: '//select[@name='cardExpYear']'.

2024-07-12 23:27:01 - [MESSAGE][PASSED] - All options with value '2025' are selected in object 'Object Repository/AdminSuiteBootstrap_Pages/VT_Bootstrap/ManualAuthKeyboard/select_YYYY'  using regular expression

2024-07-12 23:27:02 - [MESSAGE][PASSED] - All options with value 'MOTO' are selected in object 'Object Repository/AdminSuiteBootstrap_Pages/VT_Bootstrap/ManualAuthKeyboard/select_TransactionCategory'  using regular expression

2024-07-12 23:27:02 - [MESSAGE][PASSED] - Text '123456' is set on object 'Object Repository/AdminSuiteBootstrap_Pages/VT_Bootstrap/ManualAuthKeyboard/input_AuthCode'

2024-07-12 23:27:03 - [MESSAGE][PASSED] - Text '36 Cornor Road' is set on object 'Object Repository/AdminSuiteBootstrap_Pages/VT_Bootstrap/ManualAuthKeyboard/input_Authorization Code_address'

2024-07-12 23:27:04 - [MESSAGE][PASSED] - Text 'Suite 500' is set on object 'Object Repository/AdminSuiteBootstrap_Pages/VT_Bootstrap/ManualAuthKeyboard/input__address2'

2024-07-12 23:27:05 - [MESSAGE][PASSED] - Text '22201' is set on object 'Object Repository/AdminSuiteBootstrap_Pages/VT_Bootstrap/ManualAuthKeyboard/input__zip'

2024-07-12 23:27:05 - [MESSAGE][PASSED] - Text '' is set on object 'Object Repository/AdminSuiteBootstrap_Pages/VT_Bootstrap/ManualAuthKeyboard/input_State_emailAddress'

2024-07-12 23:27:07 - [MESSAGE][PASSED] - Text '' is set on object 'Object Repository/AdminSuiteBootstrap_Pages/VT_Bootstrap/ManualAuthKeyboard/input_smsNumber'

2024-07-12 23:27:07 - [MESSAGE][PASSED] - Text '10.50' is set on object 'Object Repository/AdminSuiteBootstrap_Pages/VT_Bootstrap/ManualAuthKeyboard/input_amount'

2024-07-12 23:27:08 - [MESSAGE][PASSED] - Text 'Australia' is set on object 'Object Repository/AdminSuiteBootstrap_Pages/VT_Bootstrap/ManualAuthKeyboard/input__userDefined1'

2024-07-12 23:27:09 - [MESSAGE][PASSED] - Text 'Denmark' is set on object 'Object Repository/AdminSuiteBootstrap_Pages/VT_Bootstrap/ManualAuthKeyboard/input__userDefined2'

2024-07-12 23:27:10 - [MESSAGE][PASSED] - Text 'Sweden' is set on object 'Object Repository/AdminSuiteBootstrap_Pages/VT_Bootstrap/ManualAuthKeyboard/input_userDefined3'

2024-07-12 23:27:10 - [MESSAGE][PASSED] - Text 'Austria' is set on object 'Object Repository/AdminSuiteBootstrap_Pages/VT_Bootstrap/ManualAuthKeyboard/input_userDefined4'

2024-07-12 23:27:11 - [MESSAGE][PASSED] - All options with label 'Orange' are selected in object 'Object Repository/AdminSuiteBootstrap_Pages/VT_Bootstrap/ManualAuthKeyboard/select_UDF5'  using regular expression

2024-07-12 23:27:12 - [MESSAGE][PASSED] - All options with label 'Yellow' are selected in object 'Object Repository/AdminSuiteBootstrap_Pages/VT_Bootstrap/ManualAuthKeyboard/select_UDF6'  using regular expression

2024-07-12 23:27:13 - [MESSAGE][PASSED] - Text 'Norway' is set on object 'Object Repository/AdminSuiteBootstrap_Pages/VT_Bootstrap/ManualAuthKeyboard/input_userDefined7'

2024-07-12 23:27:14 - [MESSAGE][PASSED] - Text 'Netherlands' is set on object 'Object Repository/AdminSuiteBootstrap_Pages/VT_Bootstrap/ManualAuthKeyboard/input_userDefined8'

2024-07-12 23:27:14 - [MESSAGE][PASSED] - Text 'Switzerland' is set on object 'Object Repository/AdminSuiteBootstrap_Pages/VT_Bootstrap/ManualAuthKeyboard/input_userDefined9'

2024-07-12 23:27:15 - [MESSAGE][PASSED] - Text 'France' is set on object 'Object Repository/AdminSuiteBootstrap_Pages/VT_Bootstrap/ManualAuthKeyboard/input_userDefined10'

2024-07-12 23:27:17 - [MESSAGE][PASSED] - Object: 'Object Repository/AdminSuiteBootstrap_Pages/VT_Bootstrap/ManualAuthKeyboard/button_Submit' is clicked on

2024-07-12 23:27:17 - [MESSAGE][PASSED] - adminSuiteBootstrap.virtualTerminalSetData.ManualAuthKeyboard_DataDriven is PASSED

2024-07-12 23:27:17 - [TEST_STEP][PASSED] - if (verifyTextPresent("Transaction Successful", true)): null

2024-07-12 23:27:17 - [MESSAGE][PASSED] - Text 'Transaction Successful' is present on page  using regular expression

2024-07-12 23:27:17 - [TEST_STEP][PASSED] - verifyTextPresent("Manual Authorization", true): Text 'Manual Authorization' is present on page  using regular expression

2024-07-12 23:27:17 - [MESSAGE][PASSED] - Text 'Manual Authorization' is present on page  using regular expression

2024-07-12 23:27:17 - [TEST_STEP][PASSED] - sdf = getText(findTestObject(path_Receipt + "td_AutoNoC031622113752957Ahm")): Text of object 'Object Repository/AdminSuiteBootstrap_Pages/VT_Bootstrap/Receipt/td_AutoNoC031622113752957Ahm' is: 'bAlsEYrnYvBU'

2024-07-12 23:27:18 - [MESSAGE][PASSED] - Text of object 'Object Repository/AdminSuiteBootstrap_Pages/VT_Bootstrap/Receipt/td_AutoNoC031622113752957Ahm' is: 'bAlsEYrnYvBU'

2024-07-12 23:27:18 - [TEST_STEP][PASSED] - out.println("sdf: " + sdf): null

2024-07-12 23:27:18 - [TEST_STEP][PASSED] - remID = sdf: null

2024-07-12 23:27:18 - [TEST_STEP][PASSED] - out.println("remID: " + remID): null

2024-07-12 23:27:18 - [TEST_STEP][PASSED] - click(findTestObject(path_Receipt + "button_Continue")): Object: 'Object Repository/AdminSuiteBootstrap_Pages/VT_Bootstrap/Receipt/button_Continue' is clicked on

2024-07-12 23:27:19 - [MESSAGE][PASSED] - Object: 'Object Repository/AdminSuiteBootstrap_Pages/VT_Bootstrap/Receipt/button_Continue' is clicked on

2024-07-12 23:27:19 - [TEST_STEP][PASSED] - click(findTestObject(path_VT + "a_Search Transactions")): Object: 'Object Repository/AdminSuiteBootstrap_Pages/VT_Bootstrap/IssueTransactions/a_Search Transactions' is clicked on

2024-07-12 23:27:20 - [MESSAGE][PASSED] - Object: 'Object Repository/AdminSuiteBootstrap_Pages/VT_Bootstrap/IssueTransactions/a_Search Transactions' is clicked on

2024-07-12 23:27:20 - [TEST_STEP][PASSED] - setText(findTestObject(path_CCSearch + "input_Search By_searchValue"), remID): Text 'bAlsEYrnYvBU' is set on object 'Object Repository/AdminSuiteBootstrap_Pages/VT_Bootstrap/CCCreditOrVoidSearch/input_Search By_searchValue'

2024-07-12 23:27:20 - [MESSAGE][PASSED] - Text 'bAlsEYrnYvBU' is set on object 'Object Repository/AdminSuiteBootstrap_Pages/VT_Bootstrap/CCCreditOrVoidSearch/input_Search By_searchValue'

2024-07-12 23:27:20 - [TEST_STEP][PASSED] - click(findTestObject(path_CCSearch + "option_Manual Authorization")): Object: 'Object Repository/AdminSuiteBootstrap_Pages/VT_Bootstrap/CCCreditOrVoidSearch/option_Manual Authorization' is clicked on

2024-07-12 23:27:21 - [MESSAGE][PASSED] - Object: 'Object Repository/AdminSuiteBootstrap_Pages/VT_Bootstrap/CCCreditOrVoidSearch/option_Manual Authorization' is clicked on

2024-07-12 23:27:21 - [TEST_STEP][PASSED] - click(findTestObject(path_CCSearch + "button_Submit")): Object: 'Object Repository/AdminSuiteBootstrap_Pages/VT_Bootstrap/CCCreditOrVoidSearch/button_Submit' is clicked on

2024-07-12 23:27:21 - [MESSAGE][PASSED] - Object: 'Object Repository/AdminSuiteBootstrap_Pages/VT_Bootstrap/CCCreditOrVoidSearch/button_Submit' is clicked on

2024-07-12 23:27:21 - [TEST_STEP][PASSED] - fgr = getText(findTestObject(path_SearchResults + "div_Payment ID")): Text of object 'Object Repository/AdminSuiteBootstrap_Pages/VT_Bootstrap/SearchResults/div_Payment ID' is: 'Payment ID
Payment Type
Transaction Type
Remittance ID
Name
Total Amount
End Date
Status
12154900 Credit Card Manual Authorization bAlsEYrnYvBU Janaki James $10.50 07/12/2024 Success'

2024-07-12 23:27:22 - [MESSAGE][PASSED] - Text of object 'Object Repository/AdminSuiteBootstrap_Pages/VT_Bootstrap/SearchResults/div_Payment ID' is: 'Payment ID
Payment Type
Transaction Type
Remittance ID
Name
Total Amount
End Date
Status
12154900 Credit Card Manual Authorization bAlsEYrnYvBU Janaki James $10.50 07/12/2024 Success'

2024-07-12 23:27:22 - [TEST_STEP][PASSED] - payID = substring(89, 98).trim(): null

2024-07-12 23:27:22 - [TEST_STEP][PASSED] - out.println("payID: " + payID): null

2024-07-12 23:27:22 - [TEST_STEP][PASSED] - click(findTestObject(path_SearchResults + "button_PaymentID")): Object: 'Object Repository/AdminSuiteBootstrap_Pages/VT_Bootstrap/SearchResults/button_PaymentID' is clicked on

2024-07-12 23:27:23 - [MESSAGE][PASSED] - Object: 'Object Repository/AdminSuiteBootstrap_Pages/VT_Bootstrap/SearchResults/button_PaymentID' is clicked on

2024-07-12 23:27:23 - [TEST_STEP][PASSED] - verifyTextPresent("Tender Type", true): Text 'Tender Type' is present on page  using regular expression

2024-07-12 23:27:24 - [MESSAGE][PASSED] - Text 'Tender Type' is present on page  using regular expression

2024-07-12 23:27:24 - [TEST_STEP][PASSED] - verifyTextPresent("Credit Card", true): Text 'Credit Card' is present on page  using regular expression

2024-07-12 23:27:24 - [MESSAGE][PASSED] - Text 'Credit Card' is present on page  using regular expression

2024-07-12 23:27:24 - [TEST_STEP][PASSED] - verifyTextPresent("Transaction Type", true): Text 'Transaction Type' is present on page  using regular expression

2024-07-12 23:27:24 - [MESSAGE][PASSED] - Text 'Transaction Type' is present on page  using regular expression

2024-07-12 23:27:24 - [TEST_STEP][PASSED] - verifyTextPresent("Authorization", true): Text 'Authorization' is present on page  using regular expression

2024-07-12 23:27:25 - [MESSAGE][PASSED] - Text 'Authorization' is present on page  using regular expression

2024-07-12 23:27:25 - [TEST_STEP][PASSED] - verifyTextPresent("Transaction Posted by", true): Text 'Transaction Posted by' is present on page  using regular expression

2024-07-12 23:27:25 - [MESSAGE][PASSED] - Text 'Transaction Posted by' is present on page  using regular expression

2024-07-12 23:27:25 - [TEST_STEP][PASSED] - verifyTextPresent("iahmed", true): Text 'iahmed' is present on page  using regular expression

2024-07-12 23:27:25 - [MESSAGE][PASSED] - Text 'iahmed' is present on page  using regular expression

2024-07-12 23:27:25 - [TEST_STEP][PASSED] - click(findTestObject(path_TranxDetails + "a_Capture this transaction")): Object: 'Object Repository/AdminSuiteBootstrap_Pages/VT_Bootstrap/TransactionDetails/a_Capture this transaction' is clicked on

2024-07-12 23:27:26 - [MESSAGE][PASSED] - Object: 'Object Repository/AdminSuiteBootstrap_Pages/VT_Bootstrap/TransactionDetails/a_Capture this transaction' is clicked on

2024-07-12 23:27:26 - [TEST_STEP][PASSED] - verifyTextPresent("Credit Card Capture", true): Text 'Credit Card Capture' is present on page  using regular expression

2024-07-12 23:27:27 - [MESSAGE][PASSED] - Text 'Credit Card Capture' is present on page  using regular expression

2024-07-12 23:27:27 - [TEST_STEP][PASSED] - captureAmount = findTestData(dataFile).getValue("CaptureAmount", row): null

2024-07-12 23:27:27 - [TEST_STEP][PASSED] - setText(findTestObject(path_SaleKB + "input_amountCapture"), captureAmount): Text '8.50' is set on object 'Object Repository/AdminSuiteBootstrap_Pages/VT_Bootstrap/SaleKeyboard/input_amountCapture'

2024-07-12 23:27:28 - [MESSAGE][PASSED] - Text '8.50' is set on object 'Object Repository/AdminSuiteBootstrap_Pages/VT_Bootstrap/SaleKeyboard/input_amountCapture'

2024-07-12 23:27:28 - [TEST_STEP][PASSED] - click(findTestObject(path_TranxDetails + "button_Submit")): Object: 'Object Repository/AdminSuiteBootstrap_Pages/VT_Bootstrap/TransactionDetails/button_Submit' is clicked on

2024-07-12 23:27:29 - [MESSAGE][PASSED] - Object: 'Object Repository/AdminSuiteBootstrap_Pages/VT_Bootstrap/TransactionDetails/button_Submit' is clicked on

2024-07-12 23:27:29 - [TEST_STEP][PASSED] - verifyTextPresent("Transaction Successful", true): Text 'Transaction Successful' is present on page  using regular expression

2024-07-12 23:27:30 - [MESSAGE][PASSED] - Text 'Transaction Successful' is present on page  using regular expression

2024-07-12 23:27:30 - [TEST_STEP][PASSED] - verifyTextPresent("Transaction Type", true): Text 'Transaction Type' is present on page  using regular expression

2024-07-12 23:27:30 - [MESSAGE][PASSED] - Text 'Transaction Type' is present on page  using regular expression

2024-07-12 23:27:30 - [TEST_STEP][PASSED] - verifyTextPresent("Capture", true): Text 'Capture' is present on page  using regular expression

2024-07-12 23:27:30 - [MESSAGE][PASSED] - Text 'Capture' is present on page  using regular expression

2024-07-12 23:27:30 - [TEST_STEP][PASSED] - verifyTextPresent("Amount", true): Text 'Amount' is present on page  using regular expression

2024-07-12 23:27:31 - [MESSAGE][PASSED] - Text 'Amount' is present on page  using regular expression

2024-07-12 23:27:31 - [TEST_STEP][PASSED] - verifyTextPresent(captureAmount, true): Text '8.50' is present on page  using regular expression

2024-07-12 23:27:31 - [MESSAGE][PASSED] - Text '8.50' is present on page  using regular expression

2024-07-12 23:27:31 - [TEST_STEP][PASSED] - closeBrowser(): Browser is closed

2024-07-12 23:27:32 - [MESSAGE][PASSED] - Browser is closed

2024-07-12 23:27:32 - [TEST_STEP][PASSED] - ExecuteTC = findTestData(dataFile).getValue("Execute", row): null

2024-07-12 23:27:32 - [TEST_STEP][PASSED] - out.println("Value of Execute is : " + ExecuteTC): null

2024-07-12 23:27:32 - [TEST_STEP][PASSED] - switch (executionProfile): null

2024-07-12 23:27:32 - [TEST_STEP][PASSED] - case "QA2Profile":: null

2024-07-12 23:27:32 - [TEST_STEP][PASSED] - appName = findTestData(dataFile).getValue("AppNameQA", row): null

2024-07-12 23:27:32 - [TEST_STEP][PASSED] - appID = findTestData(dataFile).getValue("AppIDQA", row): null

2024-07-12 23:27:33 - [TEST_STEP][PASSED] - break: null

2024-07-12 23:27:33 - [TEST_STEP][PASSED] - hrefAppID = li_1 + appID + li_2: null

2024-07-12 23:27:33 - [TEST_STEP][PASSED] - hrefApp = li_1 + appID + "/": null

2024-07-12 23:27:33 - [TEST_STEP][PASSED] - println("hrefApp : " + hrefApp): null

2024-07-12 23:27:33 - [TEST_STEP][PASSED] - if (ExecuteTC.equalsIgnoreCase("Y")): null

2024-07-12 23:27:33 - [TEST_STEP][PASSED] - out.println("Begin Record Number: " + row): null

2024-07-12 23:27:33 - [TEST_STEP][PASSED] - today = new java.util.Date(): null

2024-07-12 23:27:33 - [TEST_STEP][PASSED] - println(today): null

2024-07-12 23:27:33 - [TEST_STEP][PASSED] - datText = today: null

2024-07-12 23:27:33 - [TEST_STEP][PASSED] - adminSuiteBootstrap.loginFunctionality.login_AdminSuite(): adminSuiteBootstrap.loginFunctionality.login_AdminSuite is PASSED

2024-07-12 23:27:33 - [MESSAGE][INFO] - Starting 'Chrome' driver

2024-07-12 23:27:33 - [MESSAGE][INFO] - User set preference: ['acceptInsecureCerts', 'true']

2024-07-12 23:27:33 - [MESSAGE][INFO] - Action delay is set to 0 milliseconds

2024-07-12 23:27:35 - [MESSAGE][PASSED] - Browser is opened with url: 'https://qa2.velocitypayment.com/admin/imtiaz'

2024-07-12 23:27:35 - [MESSAGE][PASSED] - Current window maximized

2024-07-12 23:27:36 - [MESSAGE][PASSED] - Object 'Object Repository/Login_Page/Login_Username_Okta' is present

2024-07-12 23:27:37 - [MESSAGE][PASSED] - Text 'iahmed' is set on object 'Object Repository/Login_Page/Login_Username_Okta'

2024-07-12 23:27:38 - [MESSAGE][PASSED] - Text 'Hello!6666666' is set on object 'Object Repository/Login_Page/Login_Password_Okta'

2024-07-12 23:27:38 - [MESSAGE][PASSED] - Object: 'Object Repository/Login_Page/Login_Submit_Okta' is clicked on

2024-07-12 23:27:38 - [MESSAGE][PASSED] - adminSuiteBootstrap.loginFunctionality.login_AdminSuite is PASSED

2024-07-12 23:27:38 - [TEST_STEP][PASSED] - click(findTestObject(path_Dashboard + appName)): Object: 'Object Repository/AdminSuiteBootstrap_Pages/Dashboard_Bootstrap/a_Access AutoSingleCFtpQA' is clicked on

2024-07-12 23:27:46 - [MESSAGE][PASSED] - Object: 'Object Repository/AdminSuiteBootstrap_Pages/Dashboard_Bootstrap/a_Access AutoSingleCFtpQA' is clicked on

2024-07-12 23:27:46 - [TEST_STEP][PASSED] - click(findTestObject(path_VT + "button_Authorization Only")): Object: 'Object Repository/AdminSuiteBootstrap_Pages/VT_Bootstrap/IssueTransactions/button_Authorization Only' is clicked on

2024-07-12 23:27:47 - [MESSAGE][PASSED] - Object: 'Object Repository/AdminSuiteBootstrap_Pages/VT_Bootstrap/IssueTransactions/button_Authorization Only' is clicked on

2024-07-12 23:27:47 - [TEST_STEP][PASSED] - click(findTestObject(path_VT + "button_Manual Authorization")): Object: 'Object Repository/AdminSuiteBootstrap_Pages/VT_Bootstrap/IssueTransactions/button_Manual Authorization' is clicked on

2024-07-12 23:27:48 - [MESSAGE][PASSED] - Object: 'Object Repository/AdminSuiteBootstrap_Pages/VT_Bootstrap/IssueTransactions/button_Manual Authorization' is clicked on

2024-07-12 23:27:48 - [TEST_STEP][PASSED] - adminSuiteBootstrap.virtualTerminalSetData.ManualAuthKeyboard_DataDriven(row, dataFile): adminSuiteBootstrap.virtualTerminalSetData.ManualAuthKeyboard_DataDriven is PASSED

2024-07-12 23:27:51 - [MESSAGE][PASSED] - Text 'tNqCnMqYA62G' is set on object 'Object Repository/AdminSuiteBootstrap_Pages/VT_Bootstrap/ManualAuthKeyboard/input_RemittanceID'

2024-07-12 23:27:52 - [MESSAGE][PASSED] - Text 'Tulsi Raman' is set on object 'Object Repository/AdminSuiteBootstrap_Pages/VT_Bootstrap/ManualAuthKeyboard/input__cardName'

2024-07-12 23:27:53 - [MESSAGE][PASSED] - Execute JavaScript 'arguments[0].value ='5146312200000035' ' successfully

2024-07-12 23:27:54 - [MESSAGE][PASSED] - All options with value '12' are selected in object 'Object Repository/AdminSuiteBootstrap_Pages/VT_Bootstrap/ManualAuthKeyboard/select_MM'  using regular expression

2024-07-12 23:28:25 - [MESSAGE][INFO] - Unable to find the element located by 'By.xpath: //*[@name = 'cardExpYear' and (text() = '
	                                                                    YYYY
	                                                                    
																		          2022
																		       
																		          2023
																		       
																		          2024
																		       
																		          2025
																		       
																		          2026
																		       
																		          2027
																		       
																		          2028
																		       
																		          2029
																		       
																		          2030
																		       
																		          2031
																		       
																		          2032
																		       
																		          2033
																		       
																		          2034
																		       
																		          2035
																		       
																		          2036
																		       
																		          2037
																		       
	                                                                ' or . = '
	                                                                    YYYY
	                                                                    
																		          2022
																		       
																		          2023
																		       
																		          2024
																		       
																		          2025
																		       
																		          2026
																		       
																		          2027
																		       
																		          2028
																		       
																		          2029
																		       
																		          2030
																		       
																		          2031
																		       
																		          2032
																		       
																		          2033
																		       
																		          2034
																		       
																		          2035
																		       
																		          2036
																		       
																		          2037
																		       
	                                                                ')]'. Please recheck the objects properties to make sure the desired element is located. 

2024-07-12 23:28:25 - [MESSAGE][WARNING] - [SELF-HEALING] Failed to find element with id 'Object Repository/AdminSuiteBootstrap_Pages/VT_Bootstrap/ManualAuthKeyboard/select_YYYY'. Try using Self-healing.

2024-07-12 23:28:25 - [MESSAGE][WARNING] - [SELF-HEALING] The current locator of test object 'Object Repository/AdminSuiteBootstrap_Pages/VT_Bootstrap/ManualAuthKeyboard/select_YYYY' was broken. Propose an alternative one: '//select[@name='cardExpYear']'.

2024-07-12 23:28:26 - [MESSAGE][PASSED] - All options with value '2025' are selected in object 'Object Repository/AdminSuiteBootstrap_Pages/VT_Bootstrap/ManualAuthKeyboard/select_YYYY'  using regular expression

2024-07-12 23:28:27 - [MESSAGE][PASSED] - All options with value 'RETL' are selected in object 'Object Repository/AdminSuiteBootstrap_Pages/VT_Bootstrap/ManualAuthKeyboard/select_TransactionCategory'  using regular expression

2024-07-12 23:28:28 - [MESSAGE][PASSED] - Text '123456' is set on object 'Object Repository/AdminSuiteBootstrap_Pages/VT_Bootstrap/ManualAuthKeyboard/input_AuthCode'

2024-07-12 23:28:29 - [MESSAGE][PASSED] - Text '1478 Jhatka Palace' is set on object 'Object Repository/AdminSuiteBootstrap_Pages/VT_Bootstrap/ManualAuthKeyboard/input_Authorization Code_address'

2024-07-12 23:28:30 - [MESSAGE][PASSED] - Text 'Suite 500' is set on object 'Object Repository/AdminSuiteBootstrap_Pages/VT_Bootstrap/ManualAuthKeyboard/input__address2'

2024-07-12 23:28:30 - [MESSAGE][PASSED] - Text '22201' is set on object 'Object Repository/AdminSuiteBootstrap_Pages/VT_Bootstrap/ManualAuthKeyboard/input__zip'

2024-07-12 23:28:31 - [MESSAGE][PASSED] - Text '' is set on object 'Object Repository/AdminSuiteBootstrap_Pages/VT_Bootstrap/ManualAuthKeyboard/input_State_emailAddress'

2024-07-12 23:28:32 - [MESSAGE][PASSED] - Text '' is set on object 'Object Repository/AdminSuiteBootstrap_Pages/VT_Bootstrap/ManualAuthKeyboard/input_smsNumber'

2024-07-12 23:28:33 - [MESSAGE][PASSED] - Text '10.50' is set on object 'Object Repository/AdminSuiteBootstrap_Pages/VT_Bootstrap/ManualAuthKeyboard/input_amount'

2024-07-12 23:28:34 - [MESSAGE][PASSED] - Text 'Australia' is set on object 'Object Repository/AdminSuiteBootstrap_Pages/VT_Bootstrap/ManualAuthKeyboard/input__userDefined1'

2024-07-12 23:28:35 - [MESSAGE][PASSED] - Text 'Denmark' is set on object 'Object Repository/AdminSuiteBootstrap_Pages/VT_Bootstrap/ManualAuthKeyboard/input__userDefined2'

2024-07-12 23:28:36 - [MESSAGE][PASSED] - Text 'Sweden' is set on object 'Object Repository/AdminSuiteBootstrap_Pages/VT_Bootstrap/ManualAuthKeyboard/input_userDefined3'

2024-07-12 23:28:37 - [MESSAGE][PASSED] - Text 'Austria' is set on object 'Object Repository/AdminSuiteBootstrap_Pages/VT_Bootstrap/ManualAuthKeyboard/input_userDefined4'

2024-07-12 23:28:38 - [MESSAGE][PASSED] - All options with label 'Orange' are selected in object 'Object Repository/AdminSuiteBootstrap_Pages/VT_Bootstrap/ManualAuthKeyboard/select_UDF5'  using regular expression

2024-07-12 23:28:39 - [MESSAGE][PASSED] - All options with label 'Yellow' are selected in object 'Object Repository/AdminSuiteBootstrap_Pages/VT_Bootstrap/ManualAuthKeyboard/select_UDF6'  using regular expression

2024-07-12 23:28:39 - [MESSAGE][PASSED] - Text 'Norway' is set on object 'Object Repository/AdminSuiteBootstrap_Pages/VT_Bootstrap/ManualAuthKeyboard/input_userDefined7'

2024-07-12 23:28:40 - [MESSAGE][PASSED] - Text 'Netherlands' is set on object 'Object Repository/AdminSuiteBootstrap_Pages/VT_Bootstrap/ManualAuthKeyboard/input_userDefined8'

2024-07-12 23:28:41 - [MESSAGE][PASSED] - Text 'Switzerland' is set on object 'Object Repository/AdminSuiteBootstrap_Pages/VT_Bootstrap/ManualAuthKeyboard/input_userDefined9'

2024-07-12 23:28:41 - [MESSAGE][PASSED] - Text 'France' is set on object 'Object Repository/AdminSuiteBootstrap_Pages/VT_Bootstrap/ManualAuthKeyboard/input_userDefined10'

2024-07-12 23:28:43 - [MESSAGE][PASSED] - Object: 'Object Repository/AdminSuiteBootstrap_Pages/VT_Bootstrap/ManualAuthKeyboard/button_Submit' is clicked on

2024-07-12 23:28:43 - [MESSAGE][PASSED] - adminSuiteBootstrap.virtualTerminalSetData.ManualAuthKeyboard_DataDriven is PASSED

2024-07-12 23:28:43 - [TEST_STEP][PASSED] - if (verifyTextPresent("Transaction Successful", true)): null

2024-07-12 23:28:43 - [MESSAGE][PASSED] - Text 'Transaction Successful' is present on page  using regular expression

2024-07-12 23:28:43 - [TEST_STEP][PASSED] - verifyTextPresent("Manual Authorization", true): Text 'Manual Authorization' is present on page  using regular expression

2024-07-12 23:28:44 - [MESSAGE][PASSED] - Text 'Manual Authorization' is present on page  using regular expression

2024-07-12 23:28:44 - [TEST_STEP][PASSED] - sdf = getText(findTestObject(path_Receipt + "td_AutoNoC031622113752957Ahm")): Text of object 'Object Repository/AdminSuiteBootstrap_Pages/VT_Bootstrap/Receipt/td_AutoNoC031622113752957Ahm' is: 'tNqCnMqYA62G'

2024-07-12 23:28:44 - [MESSAGE][PASSED] - Text of object 'Object Repository/AdminSuiteBootstrap_Pages/VT_Bootstrap/Receipt/td_AutoNoC031622113752957Ahm' is: 'tNqCnMqYA62G'

2024-07-12 23:28:44 - [TEST_STEP][PASSED] - out.println("sdf: " + sdf): null

2024-07-12 23:28:44 - [TEST_STEP][PASSED] - remID = sdf: null

2024-07-12 23:28:44 - [TEST_STEP][PASSED] - out.println("remID: " + remID): null

2024-07-12 23:28:44 - [TEST_STEP][PASSED] - click(findTestObject(path_Receipt + "button_Continue")): Object: 'Object Repository/AdminSuiteBootstrap_Pages/VT_Bootstrap/Receipt/button_Continue' is clicked on

2024-07-12 23:28:45 - [MESSAGE][PASSED] - Object: 'Object Repository/AdminSuiteBootstrap_Pages/VT_Bootstrap/Receipt/button_Continue' is clicked on

2024-07-12 23:28:45 - [TEST_STEP][PASSED] - click(findTestObject(path_VT + "a_Search Transactions")): Object: 'Object Repository/AdminSuiteBootstrap_Pages/VT_Bootstrap/IssueTransactions/a_Search Transactions' is clicked on

2024-07-12 23:28:46 - [MESSAGE][PASSED] - Object: 'Object Repository/AdminSuiteBootstrap_Pages/VT_Bootstrap/IssueTransactions/a_Search Transactions' is clicked on

2024-07-12 23:28:46 - [TEST_STEP][PASSED] - setText(findTestObject(path_CCSearch + "input_Search By_searchValue"), remID): Text 'tNqCnMqYA62G' is set on object 'Object Repository/AdminSuiteBootstrap_Pages/VT_Bootstrap/CCCreditOrVoidSearch/input_Search By_searchValue'

2024-07-12 23:28:47 - [MESSAGE][PASSED] - Text 'tNqCnMqYA62G' is set on object 'Object Repository/AdminSuiteBootstrap_Pages/VT_Bootstrap/CCCreditOrVoidSearch/input_Search By_searchValue'

2024-07-12 23:28:47 - [TEST_STEP][PASSED] - click(findTestObject(path_CCSearch + "option_Manual Authorization")): Object: 'Object Repository/AdminSuiteBootstrap_Pages/VT_Bootstrap/CCCreditOrVoidSearch/option_Manual Authorization' is clicked on

2024-07-12 23:28:47 - [MESSAGE][PASSED] - Object: 'Object Repository/AdminSuiteBootstrap_Pages/VT_Bootstrap/CCCreditOrVoidSearch/option_Manual Authorization' is clicked on

2024-07-12 23:28:47 - [TEST_STEP][PASSED] - click(findTestObject(path_CCSearch + "button_Submit")): Object: 'Object Repository/AdminSuiteBootstrap_Pages/VT_Bootstrap/CCCreditOrVoidSearch/button_Submit' is clicked on

2024-07-12 23:28:48 - [MESSAGE][PASSED] - Object: 'Object Repository/AdminSuiteBootstrap_Pages/VT_Bootstrap/CCCreditOrVoidSearch/button_Submit' is clicked on

2024-07-12 23:28:48 - [TEST_STEP][PASSED] - fgr = getText(findTestObject(path_SearchResults + "div_Payment ID")): Text of object 'Object Repository/AdminSuiteBootstrap_Pages/VT_Bootstrap/SearchResults/div_Payment ID' is: 'Payment ID
Payment Type
Transaction Type
Remittance ID
Name
Total Amount
End Date
Status
12154902 Credit Card Manual Authorization tNqCnMqYA62G Tulsi Raman $15.50 07/12/2024 Success'

2024-07-12 23:28:48 - [MESSAGE][PASSED] - Text of object 'Object Repository/AdminSuiteBootstrap_Pages/VT_Bootstrap/SearchResults/div_Payment ID' is: 'Payment ID
Payment Type
Transaction Type
Remittance ID
Name
Total Amount
End Date
Status
12154902 Credit Card Manual Authorization tNqCnMqYA62G Tulsi Raman $15.50 07/12/2024 Success'

2024-07-12 23:28:48 - [TEST_STEP][PASSED] - payID = substring(89, 98).trim(): null

2024-07-12 23:28:48 - [TEST_STEP][PASSED] - out.println("payID: " + payID): null

2024-07-12 23:28:48 - [TEST_STEP][PASSED] - click(findTestObject(path_SearchResults + "button_PaymentID")): Object: 'Object Repository/AdminSuiteBootstrap_Pages/VT_Bootstrap/SearchResults/button_PaymentID' is clicked on

2024-07-12 23:28:49 - [MESSAGE][PASSED] - Object: 'Object Repository/AdminSuiteBootstrap_Pages/VT_Bootstrap/SearchResults/button_PaymentID' is clicked on

2024-07-12 23:28:49 - [TEST_STEP][PASSED] - verifyTextPresent("Tender Type", true): Text 'Tender Type' is present on page  using regular expression

2024-07-12 23:28:50 - [MESSAGE][PASSED] - Text 'Tender Type' is present on page  using regular expression

2024-07-12 23:28:50 - [TEST_STEP][PASSED] - verifyTextPresent("Credit Card", true): Text 'Credit Card' is present on page  using regular expression

2024-07-12 23:28:50 - [MESSAGE][PASSED] - Text 'Credit Card' is present on page  using regular expression

2024-07-12 23:28:50 - [TEST_STEP][PASSED] - verifyTextPresent("Transaction Type", true): Text 'Transaction Type' is present on page  using regular expression

2024-07-12 23:28:50 - [MESSAGE][PASSED] - Text 'Transaction Type' is present on page  using regular expression

2024-07-12 23:28:50 - [TEST_STEP][PASSED] - verifyTextPresent("Authorization", true): Text 'Authorization' is present on page  using regular expression

2024-07-12 23:28:51 - [MESSAGE][PASSED] - Text 'Authorization' is present on page  using regular expression

2024-07-12 23:28:51 - [TEST_STEP][PASSED] - verifyTextPresent("Transaction Posted by", true): Text 'Transaction Posted by' is present on page  using regular expression

2024-07-12 23:28:51 - [MESSAGE][PASSED] - Text 'Transaction Posted by' is present on page  using regular expression

2024-07-12 23:28:51 - [TEST_STEP][PASSED] - verifyTextPresent("iahmed", true): Text 'iahmed' is present on page  using regular expression

2024-07-12 23:28:51 - [MESSAGE][PASSED] - Text 'iahmed' is present on page  using regular expression

2024-07-12 23:28:51 - [TEST_STEP][PASSED] - click(findTestObject(path_TranxDetails + "a_Capture this transaction")): Object: 'Object Repository/AdminSuiteBootstrap_Pages/VT_Bootstrap/TransactionDetails/a_Capture this transaction' is clicked on

2024-07-12 23:28:52 - [MESSAGE][PASSED] - Object: 'Object Repository/AdminSuiteBootstrap_Pages/VT_Bootstrap/TransactionDetails/a_Capture this transaction' is clicked on

2024-07-12 23:28:52 - [TEST_STEP][PASSED] - verifyTextPresent("Credit Card Capture", true): Text 'Credit Card Capture' is present on page  using regular expression

2024-07-12 23:28:53 - [MESSAGE][PASSED] - Text 'Credit Card Capture' is present on page  using regular expression

2024-07-12 23:28:53 - [TEST_STEP][PASSED] - captureAmount = findTestData(dataFile).getValue("CaptureAmount", row): null

2024-07-12 23:28:53 - [TEST_STEP][PASSED] - setText(findTestObject(path_SaleKB + "input_amountCapture"), captureAmount): Text '10.50' is set on object 'Object Repository/AdminSuiteBootstrap_Pages/VT_Bootstrap/SaleKeyboard/input_amountCapture'

2024-07-12 23:28:54 - [MESSAGE][PASSED] - Text '10.50' is set on object 'Object Repository/AdminSuiteBootstrap_Pages/VT_Bootstrap/SaleKeyboard/input_amountCapture'

2024-07-12 23:28:54 - [TEST_STEP][PASSED] - click(findTestObject(path_TranxDetails + "button_Submit")): Object: 'Object Repository/AdminSuiteBootstrap_Pages/VT_Bootstrap/TransactionDetails/button_Submit' is clicked on

2024-07-12 23:28:55 - [MESSAGE][PASSED] - Object: 'Object Repository/AdminSuiteBootstrap_Pages/VT_Bootstrap/TransactionDetails/button_Submit' is clicked on

2024-07-12 23:28:55 - [TEST_STEP][PASSED] - verifyTextPresent("Transaction Successful", true): Text 'Transaction Successful' is present on page  using regular expression

2024-07-12 23:28:56 - [MESSAGE][PASSED] - Text 'Transaction Successful' is present on page  using regular expression

2024-07-12 23:28:56 - [TEST_STEP][PASSED] - verifyTextPresent("Transaction Type", true): Text 'Transaction Type' is present on page  using regular expression

2024-07-12 23:28:56 - [MESSAGE][PASSED] - Text 'Transaction Type' is present on page  using regular expression

2024-07-12 23:28:56 - [TEST_STEP][PASSED] - verifyTextPresent("Capture", true): Text 'Capture' is present on page  using regular expression

2024-07-12 23:28:56 - [MESSAGE][PASSED] - Text 'Capture' is present on page  using regular expression

2024-07-12 23:28:56 - [TEST_STEP][PASSED] - verifyTextPresent("Amount", true): Text 'Amount' is present on page  using regular expression

2024-07-12 23:28:57 - [MESSAGE][PASSED] - Text 'Amount' is present on page  using regular expression

2024-07-12 23:28:57 - [TEST_STEP][PASSED] - verifyTextPresent(captureAmount, true): Text '10.50' is present on page  using regular expression

2024-07-12 23:28:57 - [MESSAGE][PASSED] - Text '10.50' is present on page  using regular expression

2024-07-12 23:28:57 - [TEST_STEP][PASSED] - closeBrowser(): Browser is closed

2024-07-12 23:28:58 - [MESSAGE][PASSED] - Browser is closed

2024-07-12 23:28:58 - [TEST_STEP][PASSED] - ExecuteTC = findTestData(dataFile).getValue("Execute", row): null

2024-07-12 23:28:59 - [TEST_STEP][PASSED] - out.println("Value of Execute is : " + ExecuteTC): null

2024-07-12 23:28:59 - [TEST_STEP][PASSED] - switch (executionProfile): null

2024-07-12 23:28:59 - [TEST_STEP][PASSED] - case "QA2Profile":: null

2024-07-12 23:28:59 - [TEST_STEP][PASSED] - appName = findTestData(dataFile).getValue("AppNameQA", row): null

2024-07-12 23:28:59 - [TEST_STEP][PASSED] - appID = findTestData(dataFile).getValue("AppIDQA", row): null

2024-07-12 23:28:59 - [TEST_STEP][PASSED] - break: null

2024-07-12 23:28:59 - [TEST_STEP][PASSED] - hrefAppID = li_1 + appID + li_2: null

2024-07-12 23:28:59 - [TEST_STEP][PASSED] - hrefApp = li_1 + appID + "/": null

2024-07-12 23:28:59 - [TEST_STEP][PASSED] - println("hrefApp : " + hrefApp): null

2024-07-12 23:28:59 - [TEST_STEP][PASSED] - if (ExecuteTC.equalsIgnoreCase("Y")): null

2024-07-12 23:28:59 - [TEST_STEP][PASSED] - out.println("Begin Record Number: " + row): null

2024-07-12 23:28:59 - [TEST_STEP][PASSED] - today = new java.util.Date(): null

2024-07-12 23:28:59 - [TEST_STEP][PASSED] - println(today): null

2024-07-12 23:28:59 - [TEST_STEP][PASSED] - datText = today: null

2024-07-12 23:28:59 - [TEST_STEP][PASSED] - adminSuiteBootstrap.loginFunctionality.login_AdminSuite(): adminSuiteBootstrap.loginFunctionality.login_AdminSuite is PASSED

2024-07-12 23:28:59 - [MESSAGE][INFO] - Starting 'Chrome' driver

2024-07-12 23:28:59 - [MESSAGE][INFO] - User set preference: ['acceptInsecureCerts', 'true']

2024-07-12 23:28:59 - [MESSAGE][INFO] - Action delay is set to 0 milliseconds

2024-07-12 23:29:01 - [MESSAGE][PASSED] - Browser is opened with url: 'https://qa2.velocitypayment.com/admin/imtiaz'

2024-07-12 23:29:02 - [MESSAGE][PASSED] - Current window maximized

2024-07-12 23:29:02 - [MESSAGE][PASSED] - Object 'Object Repository/Login_Page/Login_Username_Okta' is present

2024-07-12 23:29:03 - [MESSAGE][PASSED] - Text 'iahmed' is set on object 'Object Repository/Login_Page/Login_Username_Okta'

2024-07-12 23:29:04 - [MESSAGE][PASSED] - Text 'Hello!6666666' is set on object 'Object Repository/Login_Page/Login_Password_Okta'

2024-07-12 23:29:04 - [MESSAGE][PASSED] - Object: 'Object Repository/Login_Page/Login_Submit_Okta' is clicked on

2024-07-12 23:29:04 - [MESSAGE][PASSED] - adminSuiteBootstrap.loginFunctionality.login_AdminSuite is PASSED

2024-07-12 23:29:04 - [TEST_STEP][PASSED] - click(findTestObject(path_Dashboard + appName)): Object: 'Object Repository/AdminSuiteBootstrap_Pages/Dashboard_Bootstrap/a_Access AutoSingleCFtpQA' is clicked on

2024-07-12 23:29:13 - [MESSAGE][PASSED] - Object: 'Object Repository/AdminSuiteBootstrap_Pages/Dashboard_Bootstrap/a_Access AutoSingleCFtpQA' is clicked on

2024-07-12 23:29:13 - [TEST_STEP][PASSED] - click(findTestObject(path_VT + "button_Authorization Only")): Object: 'Object Repository/AdminSuiteBootstrap_Pages/VT_Bootstrap/IssueTransactions/button_Authorization Only' is clicked on

2024-07-12 23:29:13 - [MESSAGE][PASSED] - Object: 'Object Repository/AdminSuiteBootstrap_Pages/VT_Bootstrap/IssueTransactions/button_Authorization Only' is clicked on

2024-07-12 23:29:13 - [TEST_STEP][PASSED] - click(findTestObject(path_VT + "button_Manual Authorization")): Object: 'Object Repository/AdminSuiteBootstrap_Pages/VT_Bootstrap/IssueTransactions/button_Manual Authorization' is clicked on

2024-07-12 23:29:14 - [MESSAGE][PASSED] - Object: 'Object Repository/AdminSuiteBootstrap_Pages/VT_Bootstrap/IssueTransactions/button_Manual Authorization' is clicked on

2024-07-12 23:29:14 - [TEST_STEP][PASSED] - adminSuiteBootstrap.virtualTerminalSetData.ManualAuthKeyboard_DataDriven(row, dataFile): adminSuiteBootstrap.virtualTerminalSetData.ManualAuthKeyboard_DataDriven is PASSED

2024-07-12 23:29:18 - [MESSAGE][PASSED] - Text 'i3ZVK41kbMsh' is set on object 'Object Repository/AdminSuiteBootstrap_Pages/VT_Bootstrap/ManualAuthKeyboard/input_RemittanceID'

2024-07-12 23:29:18 - [MESSAGE][PASSED] - Text 'Janaki James' is set on object 'Object Repository/AdminSuiteBootstrap_Pages/VT_Bootstrap/ManualAuthKeyboard/input__cardName'

2024-07-12 23:29:19 - [MESSAGE][PASSED] - Execute JavaScript 'arguments[0].value ='5146312200000035' ' successfully

2024-07-12 23:29:20 - [MESSAGE][PASSED] - All options with value '12' are selected in object 'Object Repository/AdminSuiteBootstrap_Pages/VT_Bootstrap/ManualAuthKeyboard/select_MM'  using regular expression

2024-07-12 23:29:51 - [MESSAGE][INFO] - Unable to find the element located by 'By.xpath: //*[@name = 'cardExpYear' and (text() = '
	                                                                    YYYY
	                                                                    
																		          2022
																		       
																		          2023
																		       
																		          2024
																		       
																		          2025
																		       
																		          2026
																		       
																		          2027
																		       
																		          2028
																		       
																		          2029
																		       
																		          2030
																		       
																		          2031
																		       
																		          2032
																		       
																		          2033
																		       
																		          2034
																		       
																		          2035
																		       
																		          2036
																		       
																		          2037
																		       
	                                                                ' or . = '
	                                                                    YYYY
	                                                                    
																		          2022
																		       
																		          2023
																		       
																		          2024
																		       
																		          2025
																		       
																		          2026
																		       
																		          2027
																		       
																		          2028
																		       
																		          2029
																		       
																		          2030
																		       
																		          2031
																		       
																		          2032
																		       
																		          2033
																		       
																		          2034
																		       
																		          2035
																		       
																		          2036
																		       
																		          2037
																		       
	                                                                ')]'. Please recheck the objects properties to make sure the desired element is located. 

2024-07-12 23:29:51 - [MESSAGE][WARNING] - [SELF-HEALING] Failed to find element with id 'Object Repository/AdminSuiteBootstrap_Pages/VT_Bootstrap/ManualAuthKeyboard/select_YYYY'. Try using Self-healing.

2024-07-12 23:29:51 - [MESSAGE][WARNING] - [SELF-HEALING] The current locator of test object 'Object Repository/AdminSuiteBootstrap_Pages/VT_Bootstrap/ManualAuthKeyboard/select_YYYY' was broken. Propose an alternative one: '//select[@name='cardExpYear']'.

2024-07-12 23:29:52 - [MESSAGE][PASSED] - All options with value '2025' are selected in object 'Object Repository/AdminSuiteBootstrap_Pages/VT_Bootstrap/ManualAuthKeyboard/select_YYYY'  using regular expression

2024-07-12 23:29:53 - [MESSAGE][PASSED] - All options with value 'MOTO' are selected in object 'Object Repository/AdminSuiteBootstrap_Pages/VT_Bootstrap/ManualAuthKeyboard/select_TransactionCategory'  using regular expression

2024-07-12 23:29:54 - [MESSAGE][PASSED] - Text '123456' is set on object 'Object Repository/AdminSuiteBootstrap_Pages/VT_Bootstrap/ManualAuthKeyboard/input_AuthCode'

2024-07-12 23:29:55 - [MESSAGE][PASSED] - Text '1478 Jhatka Palace' is set on object 'Object Repository/AdminSuiteBootstrap_Pages/VT_Bootstrap/ManualAuthKeyboard/input_Authorization Code_address'

2024-07-12 23:29:56 - [MESSAGE][PASSED] - Text 'Suite 500' is set on object 'Object Repository/AdminSuiteBootstrap_Pages/VT_Bootstrap/ManualAuthKeyboard/input__address2'

2024-07-12 23:29:56 - [MESSAGE][PASSED] - Text '22201' is set on object 'Object Repository/AdminSuiteBootstrap_Pages/VT_Bootstrap/ManualAuthKeyboard/input__zip'

2024-07-12 23:29:57 - [MESSAGE][PASSED] - Text '' is set on object 'Object Repository/AdminSuiteBootstrap_Pages/VT_Bootstrap/ManualAuthKeyboard/input_State_emailAddress'

2024-07-12 23:29:58 - [MESSAGE][PASSED] - Text '' is set on object 'Object Repository/AdminSuiteBootstrap_Pages/VT_Bootstrap/ManualAuthKeyboard/input_smsNumber'

2024-07-12 23:29:59 - [MESSAGE][PASSED] - Text '10.50' is set on object 'Object Repository/AdminSuiteBootstrap_Pages/VT_Bootstrap/ManualAuthKeyboard/input_amount'

2024-07-12 23:30:00 - [MESSAGE][PASSED] - Text 'Australia' is set on object 'Object Repository/AdminSuiteBootstrap_Pages/VT_Bootstrap/ManualAuthKeyboard/input__userDefined1'

2024-07-12 23:30:01 - [MESSAGE][PASSED] - Text 'Denmark' is set on object 'Object Repository/AdminSuiteBootstrap_Pages/VT_Bootstrap/ManualAuthKeyboard/input__userDefined2'

2024-07-12 23:30:02 - [MESSAGE][PASSED] - Text 'Sweden' is set on object 'Object Repository/AdminSuiteBootstrap_Pages/VT_Bootstrap/ManualAuthKeyboard/input_userDefined3'

2024-07-12 23:30:02 - [MESSAGE][PASSED] - Text 'Austria' is set on object 'Object Repository/AdminSuiteBootstrap_Pages/VT_Bootstrap/ManualAuthKeyboard/input_userDefined4'

2024-07-12 23:30:03 - [MESSAGE][PASSED] - All options with label 'Orange' are selected in object 'Object Repository/AdminSuiteBootstrap_Pages/VT_Bootstrap/ManualAuthKeyboard/select_UDF5'  using regular expression

2024-07-12 23:30:04 - [MESSAGE][PASSED] - All options with label 'Yellow' are selected in object 'Object Repository/AdminSuiteBootstrap_Pages/VT_Bootstrap/ManualAuthKeyboard/select_UDF6'  using regular expression

2024-07-12 23:30:05 - [MESSAGE][PASSED] - Text 'Norway' is set on object 'Object Repository/AdminSuiteBootstrap_Pages/VT_Bootstrap/ManualAuthKeyboard/input_userDefined7'

2024-07-12 23:30:06 - [MESSAGE][PASSED] - Text 'Netherlands' is set on object 'Object Repository/AdminSuiteBootstrap_Pages/VT_Bootstrap/ManualAuthKeyboard/input_userDefined8'

2024-07-12 23:30:07 - [MESSAGE][PASSED] - Text 'Switzerland' is set on object 'Object Repository/AdminSuiteBootstrap_Pages/VT_Bootstrap/ManualAuthKeyboard/input_userDefined9'

2024-07-12 23:30:07 - [MESSAGE][PASSED] - Text 'France' is set on object 'Object Repository/AdminSuiteBootstrap_Pages/VT_Bootstrap/ManualAuthKeyboard/input_userDefined10'

2024-07-12 23:30:09 - [MESSAGE][PASSED] - Object: 'Object Repository/AdminSuiteBootstrap_Pages/VT_Bootstrap/ManualAuthKeyboard/button_Submit' is clicked on

2024-07-12 23:30:09 - [MESSAGE][PASSED] - adminSuiteBootstrap.virtualTerminalSetData.ManualAuthKeyboard_DataDriven is PASSED

2024-07-12 23:30:09 - [TEST_STEP][PASSED] - if (verifyTextPresent("Transaction Successful", true)): null

2024-07-12 23:30:10 - [MESSAGE][PASSED] - Text 'Transaction Successful' is present on page  using regular expression

2024-07-12 23:30:10 - [TEST_STEP][PASSED] - verifyTextPresent("Manual Authorization", true): Text 'Manual Authorization' is present on page  using regular expression

2024-07-12 23:30:10 - [MESSAGE][PASSED] - Text 'Manual Authorization' is present on page  using regular expression

2024-07-12 23:30:10 - [TEST_STEP][PASSED] - sdf = getText(findTestObject(path_Receipt + "td_AutoNoC031622113752957Ahm")): Text of object 'Object Repository/AdminSuiteBootstrap_Pages/VT_Bootstrap/Receipt/td_AutoNoC031622113752957Ahm' is: 'i3ZVK41kbMsh'

2024-07-12 23:30:10 - [MESSAGE][PASSED] - Text of object 'Object Repository/AdminSuiteBootstrap_Pages/VT_Bootstrap/Receipt/td_AutoNoC031622113752957Ahm' is: 'i3ZVK41kbMsh'

2024-07-12 23:30:10 - [TEST_STEP][PASSED] - out.println("sdf: " + sdf): null

2024-07-12 23:30:10 - [TEST_STEP][PASSED] - remID = sdf: null

2024-07-12 23:30:10 - [TEST_STEP][PASSED] - out.println("remID: " + remID): null

2024-07-12 23:30:10 - [TEST_STEP][PASSED] - click(findTestObject(path_Receipt + "button_Continue")): Object: 'Object Repository/AdminSuiteBootstrap_Pages/VT_Bootstrap/Receipt/button_Continue' is clicked on

2024-07-12 23:30:11 - [MESSAGE][PASSED] - Object: 'Object Repository/AdminSuiteBootstrap_Pages/VT_Bootstrap/Receipt/button_Continue' is clicked on

2024-07-12 23:30:11 - [TEST_STEP][PASSED] - click(findTestObject(path_VT + "a_Search Transactions")): Object: 'Object Repository/AdminSuiteBootstrap_Pages/VT_Bootstrap/IssueTransactions/a_Search Transactions' is clicked on

2024-07-12 23:30:12 - [MESSAGE][PASSED] - Object: 'Object Repository/AdminSuiteBootstrap_Pages/VT_Bootstrap/IssueTransactions/a_Search Transactions' is clicked on

2024-07-12 23:30:12 - [TEST_STEP][PASSED] - setText(findTestObject(path_CCSearch + "input_Search By_searchValue"), remID): Text 'i3ZVK41kbMsh' is set on object 'Object Repository/AdminSuiteBootstrap_Pages/VT_Bootstrap/CCCreditOrVoidSearch/input_Search By_searchValue'

2024-07-12 23:30:13 - [MESSAGE][PASSED] - Text 'i3ZVK41kbMsh' is set on object 'Object Repository/AdminSuiteBootstrap_Pages/VT_Bootstrap/CCCreditOrVoidSearch/input_Search By_searchValue'

2024-07-12 23:30:13 - [TEST_STEP][PASSED] - click(findTestObject(path_CCSearch + "option_Manual Authorization")): Object: 'Object Repository/AdminSuiteBootstrap_Pages/VT_Bootstrap/CCCreditOrVoidSearch/option_Manual Authorization' is clicked on

2024-07-12 23:30:13 - [MESSAGE][PASSED] - Object: 'Object Repository/AdminSuiteBootstrap_Pages/VT_Bootstrap/CCCreditOrVoidSearch/option_Manual Authorization' is clicked on

2024-07-12 23:30:13 - [TEST_STEP][PASSED] - click(findTestObject(path_CCSearch + "button_Submit")): Object: 'Object Repository/AdminSuiteBootstrap_Pages/VT_Bootstrap/CCCreditOrVoidSearch/button_Submit' is clicked on

2024-07-12 23:30:14 - [MESSAGE][PASSED] - Object: 'Object Repository/AdminSuiteBootstrap_Pages/VT_Bootstrap/CCCreditOrVoidSearch/button_Submit' is clicked on

2024-07-12 23:30:14 - [TEST_STEP][PASSED] - fgr = getText(findTestObject(path_SearchResults + "div_Payment ID")): Text of object 'Object Repository/AdminSuiteBootstrap_Pages/VT_Bootstrap/SearchResults/div_Payment ID' is: 'Payment ID
Payment Type
Transaction Type
Remittance ID
Name
Total Amount
End Date
Status
12154904 Credit Card Manual Authorization i3ZVK41kbMsh Janaki James $15.50 07/12/2024 Success'

2024-07-12 23:30:15 - [MESSAGE][PASSED] - Text of object 'Object Repository/AdminSuiteBootstrap_Pages/VT_Bootstrap/SearchResults/div_Payment ID' is: 'Payment ID
Payment Type
Transaction Type
Remittance ID
Name
Total Amount
End Date
Status
12154904 Credit Card Manual Authorization i3ZVK41kbMsh Janaki James $15.50 07/12/2024 Success'

2024-07-12 23:30:15 - [TEST_STEP][PASSED] - payID = substring(89, 98).trim(): null

2024-07-12 23:30:15 - [TEST_STEP][PASSED] - out.println("payID: " + payID): null

2024-07-12 23:30:15 - [TEST_STEP][PASSED] - click(findTestObject(path_SearchResults + "button_PaymentID")): Object: 'Object Repository/AdminSuiteBootstrap_Pages/VT_Bootstrap/SearchResults/button_PaymentID' is clicked on

2024-07-12 23:30:15 - [MESSAGE][PASSED] - Object: 'Object Repository/AdminSuiteBootstrap_Pages/VT_Bootstrap/SearchResults/button_PaymentID' is clicked on

2024-07-12 23:30:15 - [TEST_STEP][PASSED] - verifyTextPresent("Tender Type", true): Text 'Tender Type' is present on page  using regular expression

2024-07-12 23:30:16 - [MESSAGE][PASSED] - Text 'Tender Type' is present on page  using regular expression

2024-07-12 23:30:16 - [TEST_STEP][PASSED] - verifyTextPresent("Credit Card", true): Text 'Credit Card' is present on page  using regular expression

2024-07-12 23:30:16 - [MESSAGE][PASSED] - Text 'Credit Card' is present on page  using regular expression

2024-07-12 23:30:16 - [TEST_STEP][PASSED] - verifyTextPresent("Transaction Type", true): Text 'Transaction Type' is present on page  using regular expression

2024-07-12 23:30:17 - [MESSAGE][PASSED] - Text 'Transaction Type' is present on page  using regular expression

2024-07-12 23:30:17 - [TEST_STEP][PASSED] - verifyTextPresent("Authorization", true): Text 'Authorization' is present on page  using regular expression

2024-07-12 23:30:17 - [MESSAGE][PASSED] - Text 'Authorization' is present on page  using regular expression

2024-07-12 23:30:17 - [TEST_STEP][PASSED] - verifyTextPresent("Transaction Posted by", true): Text 'Transaction Posted by' is present on page  using regular expression

2024-07-12 23:30:17 - [MESSAGE][PASSED] - Text 'Transaction Posted by' is present on page  using regular expression

2024-07-12 23:30:17 - [TEST_STEP][PASSED] - verifyTextPresent("iahmed", true): Text 'iahmed' is present on page  using regular expression

2024-07-12 23:30:18 - [MESSAGE][PASSED] - Text 'iahmed' is present on page  using regular expression

2024-07-12 23:30:18 - [TEST_STEP][PASSED] - click(findTestObject(path_TranxDetails + "a_Capture this transaction")): Object: 'Object Repository/AdminSuiteBootstrap_Pages/VT_Bootstrap/TransactionDetails/a_Capture this transaction' is clicked on

2024-07-12 23:30:19 - [MESSAGE][PASSED] - Object: 'Object Repository/AdminSuiteBootstrap_Pages/VT_Bootstrap/TransactionDetails/a_Capture this transaction' is clicked on

2024-07-12 23:30:19 - [TEST_STEP][PASSED] - verifyTextPresent("Credit Card Capture", true): Text 'Credit Card Capture' is present on page  using regular expression

2024-07-12 23:30:19 - [MESSAGE][PASSED] - Text 'Credit Card Capture' is present on page  using regular expression

2024-07-12 23:30:19 - [TEST_STEP][PASSED] - captureAmount = findTestData(dataFile).getValue("CaptureAmount", row): null

2024-07-12 23:30:19 - [TEST_STEP][PASSED] - setText(findTestObject(path_SaleKB + "input_amountCapture"), captureAmount): Text '8.50' is set on object 'Object Repository/AdminSuiteBootstrap_Pages/VT_Bootstrap/SaleKeyboard/input_amountCapture'

2024-07-12 23:30:20 - [MESSAGE][PASSED] - Text '8.50' is set on object 'Object Repository/AdminSuiteBootstrap_Pages/VT_Bootstrap/SaleKeyboard/input_amountCapture'

2024-07-12 23:30:20 - [TEST_STEP][PASSED] - click(findTestObject(path_TranxDetails + "button_Submit")): Object: 'Object Repository/AdminSuiteBootstrap_Pages/VT_Bootstrap/TransactionDetails/button_Submit' is clicked on

2024-07-12 23:30:22 - [MESSAGE][PASSED] - Object: 'Object Repository/AdminSuiteBootstrap_Pages/VT_Bootstrap/TransactionDetails/button_Submit' is clicked on

2024-07-12 23:30:22 - [TEST_STEP][PASSED] - verifyTextPresent("Transaction Successful", true): Text 'Transaction Successful' is present on page  using regular expression

2024-07-12 23:30:22 - [MESSAGE][PASSED] - Text 'Transaction Successful' is present on page  using regular expression

2024-07-12 23:30:22 - [TEST_STEP][PASSED] - verifyTextPresent("Transaction Type", true): Text 'Transaction Type' is present on page  using regular expression

2024-07-12 23:30:23 - [MESSAGE][PASSED] - Text 'Transaction Type' is present on page  using regular expression

2024-07-12 23:30:23 - [TEST_STEP][PASSED] - verifyTextPresent("Capture", true): Text 'Capture' is present on page  using regular expression

2024-07-12 23:30:23 - [MESSAGE][PASSED] - Text 'Capture' is present on page  using regular expression

2024-07-12 23:30:23 - [TEST_STEP][PASSED] - verifyTextPresent("Amount", true): Text 'Amount' is present on page  using regular expression

2024-07-12 23:30:23 - [MESSAGE][PASSED] - Text 'Amount' is present on page  using regular expression

2024-07-12 23:30:23 - [TEST_STEP][PASSED] - verifyTextPresent(captureAmount, true): Text '8.50' is present on page  using regular expression

2024-07-12 23:30:24 - [MESSAGE][PASSED] - Text '8.50' is present on page  using regular expression

2024-07-12 23:30:24 - [TEST_STEP][PASSED] - closeBrowser(): Browser is closed

2024-07-12 23:30:25 - [MESSAGE][PASSED] - Browser is closed

2024-07-12 23:30:25 - [TEST_STEP][PASSED] - ExecuteTC = findTestData(dataFile).getValue("Execute", row): null

2024-07-12 23:30:25 - [TEST_STEP][PASSED] - out.println("Value of Execute is : " + ExecuteTC): null

2024-07-12 23:30:25 - [TEST_STEP][PASSED] - switch (executionProfile): null

2024-07-12 23:30:25 - [TEST_STEP][PASSED] - case "QA2Profile":: null

2024-07-12 23:30:25 - [TEST_STEP][PASSED] - appName = findTestData(dataFile).getValue("AppNameQA", row): null

2024-07-12 23:30:25 - [TEST_STEP][PASSED] - appID = findTestData(dataFile).getValue("AppIDQA", row): null

2024-07-12 23:30:25 - [TEST_STEP][PASSED] - break: null

2024-07-12 23:30:25 - [TEST_STEP][PASSED] - hrefAppID = li_1 + appID + li_2: null

2024-07-12 23:30:25 - [TEST_STEP][PASSED] - hrefApp = li_1 + appID + "/": null

2024-07-12 23:30:25 - [TEST_STEP][PASSED] - println("hrefApp : " + hrefApp): null

2024-07-12 23:30:25 - [TEST_STEP][PASSED] - if (ExecuteTC.equalsIgnoreCase("Y")): null

2024-07-12 23:30:25 - [TEST_STEP][PASSED] - out.println("Begin Record Number: " + row): null

2024-07-12 23:30:25 - [TEST_STEP][PASSED] - today = new java.util.Date(): null

2024-07-12 23:30:25 - [TEST_STEP][PASSED] - println(today): null

2024-07-12 23:30:25 - [TEST_STEP][PASSED] - datText = today: null

2024-07-12 23:30:25 - [TEST_STEP][PASSED] - adminSuiteBootstrap.loginFunctionality.login_AdminSuite(): adminSuiteBootstrap.loginFunctionality.login_AdminSuite is PASSED

2024-07-12 23:30:25 - [MESSAGE][INFO] - Starting 'Chrome' driver

2024-07-12 23:30:25 - [MESSAGE][INFO] - User set preference: ['acceptInsecureCerts', 'true']

2024-07-12 23:30:25 - [MESSAGE][INFO] - Action delay is set to 0 milliseconds

2024-07-12 23:30:27 - [MESSAGE][PASSED] - Browser is opened with url: 'https://qa2.velocitypayment.com/admin/imtiaz'

2024-07-12 23:30:28 - [MESSAGE][PASSED] - Current window maximized

2024-07-12 23:30:29 - [MESSAGE][PASSED] - Object 'Object Repository/Login_Page/Login_Username_Okta' is present

2024-07-12 23:30:30 - [MESSAGE][PASSED] - Text 'iahmed' is set on object 'Object Repository/Login_Page/Login_Username_Okta'

2024-07-12 23:30:31 - [MESSAGE][PASSED] - Text 'Hello!6666666' is set on object 'Object Repository/Login_Page/Login_Password_Okta'

2024-07-12 23:30:31 - [MESSAGE][PASSED] - Object: 'Object Repository/Login_Page/Login_Submit_Okta' is clicked on

2024-07-12 23:30:31 - [MESSAGE][PASSED] - adminSuiteBootstrap.loginFunctionality.login_AdminSuite is PASSED

2024-07-12 23:30:31 - [TEST_STEP][PASSED] - click(findTestObject(path_Dashboard + appName)): Object: 'Object Repository/AdminSuiteBootstrap_Pages/Dashboard_Bootstrap/a_Access AutoDualCFtpQA' is clicked on

2024-07-12 23:30:39 - [MESSAGE][PASSED] - Object: 'Object Repository/AdminSuiteBootstrap_Pages/Dashboard_Bootstrap/a_Access AutoDualCFtpQA' is clicked on

2024-07-12 23:30:39 - [TEST_STEP][PASSED] - click(findTestObject(path_VT + "button_Authorization Only")): Object: 'Object Repository/AdminSuiteBootstrap_Pages/VT_Bootstrap/IssueTransactions/button_Authorization Only' is clicked on

2024-07-12 23:30:40 - [MESSAGE][PASSED] - Object: 'Object Repository/AdminSuiteBootstrap_Pages/VT_Bootstrap/IssueTransactions/button_Authorization Only' is clicked on

2024-07-12 23:30:40 - [TEST_STEP][PASSED] - click(findTestObject(path_VT + "button_Manual Authorization")): Object: 'Object Repository/AdminSuiteBootstrap_Pages/VT_Bootstrap/IssueTransactions/button_Manual Authorization' is clicked on

2024-07-12 23:30:41 - [MESSAGE][PASSED] - Object: 'Object Repository/AdminSuiteBootstrap_Pages/VT_Bootstrap/IssueTransactions/button_Manual Authorization' is clicked on

2024-07-12 23:30:41 - [TEST_STEP][PASSED] - adminSuiteBootstrap.virtualTerminalSetData.ManualAuthKeyboard_DataDriven(row, dataFile): adminSuiteBootstrap.virtualTerminalSetData.ManualAuthKeyboard_DataDriven is PASSED

2024-07-12 23:30:44 - [MESSAGE][PASSED] - Text 'j0qJPQPnbmzy' is set on object 'Object Repository/AdminSuiteBootstrap_Pages/VT_Bootstrap/ManualAuthKeyboard/input_RemittanceID'

2024-07-12 23:30:45 - [MESSAGE][PASSED] - Text 'Tulsi Raman' is set on object 'Object Repository/AdminSuiteBootstrap_Pages/VT_Bootstrap/ManualAuthKeyboard/input__cardName'

2024-07-12 23:30:45 - [MESSAGE][PASSED] - Execute JavaScript 'arguments[0].value ='371449635392376' ' successfully

2024-07-12 23:30:47 - [MESSAGE][PASSED] - All options with value '12' are selected in object 'Object Repository/AdminSuiteBootstrap_Pages/VT_Bootstrap/ManualAuthKeyboard/select_MM'  using regular expression

2024-07-12 23:31:18 - [MESSAGE][INFO] - Unable to find the element located by 'By.xpath: //*[@name = 'cardExpYear' and (text() = '
	                                                                    YYYY
	                                                                    
																		          2022
																		       
																		          2023
																		       
																		          2024
																		       
																		          2025
																		       
																		          2026
																		       
																		          2027
																		       
																		          2028
																		       
																		          2029
																		       
																		          2030
																		       
																		          2031
																		       
																		          2032
																		       
																		          2033
																		       
																		          2034
																		       
																		          2035
																		       
																		          2036
																		       
																		          2037
																		       
	                                                                ' or . = '
	                                                                    YYYY
	                                                                    
																		          2022
																		       
																		          2023
																		       
																		          2024
																		       
																		          2025
																		       
																		          2026
																		       
																		          2027
																		       
																		          2028
																		       
																		          2029
																		       
																		          2030
																		       
																		          2031
																		       
																		          2032
																		       
																		          2033
																		       
																		          2034
																		       
																		          2035
																		       
																		          2036
																		       
																		          2037
																		       
	                                                                ')]'. Please recheck the objects properties to make sure the desired element is located. 

2024-07-12 23:31:18 - [MESSAGE][WARNING] - [SELF-HEALING] Failed to find element with id 'Object Repository/AdminSuiteBootstrap_Pages/VT_Bootstrap/ManualAuthKeyboard/select_YYYY'. Try using Self-healing.

2024-07-12 23:31:18 - [MESSAGE][WARNING] - [SELF-HEALING] The current locator of test object 'Object Repository/AdminSuiteBootstrap_Pages/VT_Bootstrap/ManualAuthKeyboard/select_YYYY' was broken. Propose an alternative one: '//select[@name='cardExpYear']'.

2024-07-12 23:31:19 - [MESSAGE][PASSED] - All options with value '2025' are selected in object 'Object Repository/AdminSuiteBootstrap_Pages/VT_Bootstrap/ManualAuthKeyboard/select_YYYY'  using regular expression

2024-07-12 23:31:20 - [MESSAGE][PASSED] - All options with value 'RETL' are selected in object 'Object Repository/AdminSuiteBootstrap_Pages/VT_Bootstrap/ManualAuthKeyboard/select_TransactionCategory'  using regular expression

2024-07-12 23:31:21 - [MESSAGE][PASSED] - Text '123456' is set on object 'Object Repository/AdminSuiteBootstrap_Pages/VT_Bootstrap/ManualAuthKeyboard/input_AuthCode'

2024-07-12 23:31:21 - [MESSAGE][PASSED] - Text '550 Swan Lake' is set on object 'Object Repository/AdminSuiteBootstrap_Pages/VT_Bootstrap/ManualAuthKeyboard/input_Authorization Code_address'

2024-07-12 23:31:22 - [MESSAGE][PASSED] - Text 'Suite 500' is set on object 'Object Repository/AdminSuiteBootstrap_Pages/VT_Bootstrap/ManualAuthKeyboard/input__address2'

2024-07-12 23:31:23 - [MESSAGE][PASSED] - Text '22201' is set on object 'Object Repository/AdminSuiteBootstrap_Pages/VT_Bootstrap/ManualAuthKeyboard/input__zip'

2024-07-12 23:31:23 - [MESSAGE][PASSED] - Text '' is set on object 'Object Repository/AdminSuiteBootstrap_Pages/VT_Bootstrap/ManualAuthKeyboard/input_State_emailAddress'

2024-07-12 23:31:25 - [MESSAGE][PASSED] - Text '' is set on object 'Object Repository/AdminSuiteBootstrap_Pages/VT_Bootstrap/ManualAuthKeyboard/input_smsNumber'

2024-07-12 23:31:26 - [MESSAGE][PASSED] - Text '10.50' is set on object 'Object Repository/AdminSuiteBootstrap_Pages/VT_Bootstrap/ManualAuthKeyboard/input_amount'

2024-07-12 23:31:27 - [MESSAGE][PASSED] - Text 'Australia' is set on object 'Object Repository/AdminSuiteBootstrap_Pages/VT_Bootstrap/ManualAuthKeyboard/input__userDefined1'

2024-07-12 23:31:27 - [MESSAGE][PASSED] - Text 'Denmark' is set on object 'Object Repository/AdminSuiteBootstrap_Pages/VT_Bootstrap/ManualAuthKeyboard/input__userDefined2'

2024-07-12 23:31:28 - [MESSAGE][PASSED] - Text 'Sweden' is set on object 'Object Repository/AdminSuiteBootstrap_Pages/VT_Bootstrap/ManualAuthKeyboard/input_userDefined3'

2024-07-12 23:31:29 - [MESSAGE][PASSED] - Text 'Austria' is set on object 'Object Repository/AdminSuiteBootstrap_Pages/VT_Bootstrap/ManualAuthKeyboard/input_userDefined4'

2024-07-12 23:31:30 - [MESSAGE][PASSED] - All options with label 'Orange' are selected in object 'Object Repository/AdminSuiteBootstrap_Pages/VT_Bootstrap/ManualAuthKeyboard/select_UDF5'  using regular expression

2024-07-12 23:31:31 - [MESSAGE][PASSED] - All options with label 'Yellow' are selected in object 'Object Repository/AdminSuiteBootstrap_Pages/VT_Bootstrap/ManualAuthKeyboard/select_UDF6'  using regular expression

2024-07-12 23:31:32 - [MESSAGE][PASSED] - Text 'Norway' is set on object 'Object Repository/AdminSuiteBootstrap_Pages/VT_Bootstrap/ManualAuthKeyboard/input_userDefined7'

2024-07-12 23:31:32 - [MESSAGE][PASSED] - Text 'Netherlands' is set on object 'Object Repository/AdminSuiteBootstrap_Pages/VT_Bootstrap/ManualAuthKeyboard/input_userDefined8'

2024-07-12 23:31:33 - [MESSAGE][PASSED] - Text 'Switzerland' is set on object 'Object Repository/AdminSuiteBootstrap_Pages/VT_Bootstrap/ManualAuthKeyboard/input_userDefined9'

2024-07-12 23:31:34 - [MESSAGE][PASSED] - Text 'France' is set on object 'Object Repository/AdminSuiteBootstrap_Pages/VT_Bootstrap/ManualAuthKeyboard/input_userDefined10'

2024-07-12 23:31:35 - [MESSAGE][PASSED] - Object: 'Object Repository/AdminSuiteBootstrap_Pages/VT_Bootstrap/ManualAuthKeyboard/button_Submit' is clicked on

2024-07-12 23:31:35 - [MESSAGE][PASSED] - adminSuiteBootstrap.virtualTerminalSetData.ManualAuthKeyboard_DataDriven is PASSED

2024-07-12 23:31:35 - [TEST_STEP][PASSED] - if (verifyTextPresent("Transaction Successful", true)): null

2024-07-12 23:31:36 - [MESSAGE][PASSED] - Text 'Transaction Successful' is present on page  using regular expression

2024-07-12 23:31:36 - [TEST_STEP][PASSED] - verifyTextPresent("Manual Authorization", true): Text 'Manual Authorization' is present on page  using regular expression

2024-07-12 23:31:36 - [MESSAGE][PASSED] - Text 'Manual Authorization' is present on page  using regular expression

2024-07-12 23:31:36 - [TEST_STEP][PASSED] - sdf = getText(findTestObject(path_Receipt + "td_AutoNoC031622113752957Ahm")): Text of object 'Object Repository/AdminSuiteBootstrap_Pages/VT_Bootstrap/Receipt/td_AutoNoC031622113752957Ahm' is: 'j0qJPQPnbmzy'

2024-07-12 23:31:37 - [MESSAGE][PASSED] - Text of object 'Object Repository/AdminSuiteBootstrap_Pages/VT_Bootstrap/Receipt/td_AutoNoC031622113752957Ahm' is: 'j0qJPQPnbmzy'

2024-07-12 23:31:37 - [TEST_STEP][PASSED] - out.println("sdf: " + sdf): null

2024-07-12 23:31:37 - [TEST_STEP][PASSED] - remID = sdf: null

2024-07-12 23:31:37 - [TEST_STEP][PASSED] - out.println("remID: " + remID): null

2024-07-12 23:31:37 - [TEST_STEP][PASSED] - click(findTestObject(path_Receipt + "button_Continue")): Object: 'Object Repository/AdminSuiteBootstrap_Pages/VT_Bootstrap/Receipt/button_Continue' is clicked on

2024-07-12 23:31:37 - [MESSAGE][PASSED] - Object: 'Object Repository/AdminSuiteBootstrap_Pages/VT_Bootstrap/Receipt/button_Continue' is clicked on

2024-07-12 23:31:37 - [TEST_STEP][PASSED] - click(findTestObject(path_VT + "a_Search Transactions")): Object: 'Object Repository/AdminSuiteBootstrap_Pages/VT_Bootstrap/IssueTransactions/a_Search Transactions' is clicked on

2024-07-12 23:31:38 - [MESSAGE][PASSED] - Object: 'Object Repository/AdminSuiteBootstrap_Pages/VT_Bootstrap/IssueTransactions/a_Search Transactions' is clicked on

2024-07-12 23:31:38 - [TEST_STEP][PASSED] - setText(findTestObject(path_CCSearch + "input_Search By_searchValue"), remID): Text 'j0qJPQPnbmzy' is set on object 'Object Repository/AdminSuiteBootstrap_Pages/VT_Bootstrap/CCCreditOrVoidSearch/input_Search By_searchValue'

2024-07-12 23:31:39 - [MESSAGE][PASSED] - Text 'j0qJPQPnbmzy' is set on object 'Object Repository/AdminSuiteBootstrap_Pages/VT_Bootstrap/CCCreditOrVoidSearch/input_Search By_searchValue'

2024-07-12 23:31:39 - [TEST_STEP][PASSED] - click(findTestObject(path_CCSearch + "option_Manual Authorization")): Object: 'Object Repository/AdminSuiteBootstrap_Pages/VT_Bootstrap/CCCreditOrVoidSearch/option_Manual Authorization' is clicked on

2024-07-12 23:31:40 - [MESSAGE][PASSED] - Object: 'Object Repository/AdminSuiteBootstrap_Pages/VT_Bootstrap/CCCreditOrVoidSearch/option_Manual Authorization' is clicked on

2024-07-12 23:31:40 - [TEST_STEP][PASSED] - click(findTestObject(path_CCSearch + "button_Submit")): Object: 'Object Repository/AdminSuiteBootstrap_Pages/VT_Bootstrap/CCCreditOrVoidSearch/button_Submit' is clicked on

2024-07-12 23:31:40 - [MESSAGE][PASSED] - Object: 'Object Repository/AdminSuiteBootstrap_Pages/VT_Bootstrap/CCCreditOrVoidSearch/button_Submit' is clicked on

2024-07-12 23:31:40 - [TEST_STEP][PASSED] - fgr = getText(findTestObject(path_SearchResults + "div_Payment ID")): Text of object 'Object Repository/AdminSuiteBootstrap_Pages/VT_Bootstrap/SearchResults/div_Payment ID' is: 'Payment ID
Payment Type
Transaction Type
Remittance ID
Name
Total Amount
End Date
Status
12154906 Credit Card Manual Authorization j0qJPQPnbmzy Tulsi Raman $10.50 07/12/2024 Success'

2024-07-12 23:31:41 - [MESSAGE][PASSED] - Text of object 'Object Repository/AdminSuiteBootstrap_Pages/VT_Bootstrap/SearchResults/div_Payment ID' is: 'Payment ID
Payment Type
Transaction Type
Remittance ID
Name
Total Amount
End Date
Status
12154906 Credit Card Manual Authorization j0qJPQPnbmzy Tulsi Raman $10.50 07/12/2024 Success'

2024-07-12 23:31:41 - [TEST_STEP][PASSED] - payID = substring(89, 98).trim(): null

2024-07-12 23:31:41 - [TEST_STEP][PASSED] - out.println("payID: " + payID): null

2024-07-12 23:31:41 - [TEST_STEP][PASSED] - click(findTestObject(path_SearchResults + "button_PaymentID")): Object: 'Object Repository/AdminSuiteBootstrap_Pages/VT_Bootstrap/SearchResults/button_PaymentID' is clicked on

2024-07-12 23:31:41 - [MESSAGE][PASSED] - Object: 'Object Repository/AdminSuiteBootstrap_Pages/VT_Bootstrap/SearchResults/button_PaymentID' is clicked on

2024-07-12 23:31:41 - [TEST_STEP][PASSED] - verifyTextPresent("Tender Type", true): Text 'Tender Type' is present on page  using regular expression

2024-07-12 23:31:42 - [MESSAGE][PASSED] - Text 'Tender Type' is present on page  using regular expression

2024-07-12 23:31:42 - [TEST_STEP][PASSED] - verifyTextPresent("Credit Card", true): Text 'Credit Card' is present on page  using regular expression

2024-07-12 23:31:43 - [MESSAGE][PASSED] - Text 'Credit Card' is present on page  using regular expression

2024-07-12 23:31:43 - [TEST_STEP][PASSED] - verifyTextPresent("Transaction Type", true): Text 'Transaction Type' is present on page  using regular expression

2024-07-12 23:31:43 - [MESSAGE][PASSED] - Text 'Transaction Type' is present on page  using regular expression

2024-07-12 23:31:43 - [TEST_STEP][PASSED] - verifyTextPresent("Authorization", true): Text 'Authorization' is present on page  using regular expression

2024-07-12 23:31:43 - [MESSAGE][PASSED] - Text 'Authorization' is present on page  using regular expression

2024-07-12 23:31:43 - [TEST_STEP][PASSED] - verifyTextPresent("Transaction Posted by", true): Text 'Transaction Posted by' is present on page  using regular expression

2024-07-12 23:31:44 - [MESSAGE][PASSED] - Text 'Transaction Posted by' is present on page  using regular expression

2024-07-12 23:31:44 - [TEST_STEP][PASSED] - verifyTextPresent("iahmed", true): Text 'iahmed' is present on page  using regular expression

2024-07-12 23:31:44 - [MESSAGE][PASSED] - Text 'iahmed' is present on page  using regular expression

2024-07-12 23:31:44 - [TEST_STEP][PASSED] - click(findTestObject(path_TranxDetails + "a_Capture this transaction")): Object: 'Object Repository/AdminSuiteBootstrap_Pages/VT_Bootstrap/TransactionDetails/a_Capture this transaction' is clicked on

2024-07-12 23:31:45 - [MESSAGE][PASSED] - Object: 'Object Repository/AdminSuiteBootstrap_Pages/VT_Bootstrap/TransactionDetails/a_Capture this transaction' is clicked on

2024-07-12 23:31:45 - [TEST_STEP][PASSED] - verifyTextPresent("Credit Card Capture", true): Text 'Credit Card Capture' is present on page  using regular expression

2024-07-12 23:31:45 - [MESSAGE][PASSED] - Text 'Credit Card Capture' is present on page  using regular expression

2024-07-12 23:31:45 - [TEST_STEP][PASSED] - captureAmount = findTestData(dataFile).getValue("CaptureAmount", row): null

2024-07-12 23:31:46 - [TEST_STEP][PASSED] - setText(findTestObject(path_SaleKB + "input_amountCapture"), captureAmount): Text '10.50' is set on object 'Object Repository/AdminSuiteBootstrap_Pages/VT_Bootstrap/SaleKeyboard/input_amountCapture'

2024-07-12 23:31:46 - [MESSAGE][PASSED] - Text '10.50' is set on object 'Object Repository/AdminSuiteBootstrap_Pages/VT_Bootstrap/SaleKeyboard/input_amountCapture'

2024-07-12 23:31:46 - [TEST_STEP][PASSED] - click(findTestObject(path_TranxDetails + "button_Submit")): Object: 'Object Repository/AdminSuiteBootstrap_Pages/VT_Bootstrap/TransactionDetails/button_Submit' is clicked on

2024-07-12 23:31:48 - [MESSAGE][PASSED] - Object: 'Object Repository/AdminSuiteBootstrap_Pages/VT_Bootstrap/TransactionDetails/button_Submit' is clicked on

2024-07-12 23:31:48 - [TEST_STEP][PASSED] - verifyTextPresent("Transaction Successful", true): Text 'Transaction Successful' is present on page  using regular expression

2024-07-12 23:31:49 - [MESSAGE][PASSED] - Text 'Transaction Successful' is present on page  using regular expression

2024-07-12 23:31:49 - [TEST_STEP][PASSED] - verifyTextPresent("Transaction Type", true): Text 'Transaction Type' is present on page  using regular expression

2024-07-12 23:31:49 - [MESSAGE][PASSED] - Text 'Transaction Type' is present on page  using regular expression

2024-07-12 23:31:49 - [TEST_STEP][PASSED] - verifyTextPresent("Capture", true): Text 'Capture' is present on page  using regular expression

2024-07-12 23:31:49 - [MESSAGE][PASSED] - Text 'Capture' is present on page  using regular expression

2024-07-12 23:31:49 - [TEST_STEP][PASSED] - verifyTextPresent("Amount", true): Text 'Amount' is present on page  using regular expression

2024-07-12 23:31:50 - [MESSAGE][PASSED] - Text 'Amount' is present on page  using regular expression

2024-07-12 23:31:50 - [TEST_STEP][PASSED] - verifyTextPresent(captureAmount, true): Text '10.50' is present on page  using regular expression

2024-07-12 23:31:50 - [MESSAGE][PASSED] - Text '10.50' is present on page  using regular expression

2024-07-12 23:31:50 - [TEST_STEP][PASSED] - closeBrowser(): Browser is closed

2024-07-12 23:31:51 - [MESSAGE][PASSED] - Browser is closed

2024-07-12 23:31:51 - [TEST_STEP][PASSED] - ExecuteTC = findTestData(dataFile).getValue("Execute", row): null

2024-07-12 23:31:51 - [TEST_STEP][PASSED] - out.println("Value of Execute is : " + ExecuteTC): null

2024-07-12 23:31:51 - [TEST_STEP][PASSED] - switch (executionProfile): null

2024-07-12 23:31:51 - [TEST_STEP][PASSED] - case "QA2Profile":: null

2024-07-12 23:31:51 - [TEST_STEP][PASSED] - appName = findTestData(dataFile).getValue("AppNameQA", row): null

2024-07-12 23:31:52 - [TEST_STEP][PASSED] - appID = findTestData(dataFile).getValue("AppIDQA", row): null

2024-07-12 23:31:52 - [TEST_STEP][PASSED] - break: null

2024-07-12 23:31:52 - [TEST_STEP][PASSED] - hrefAppID = li_1 + appID + li_2: null

2024-07-12 23:31:52 - [TEST_STEP][PASSED] - hrefApp = li_1 + appID + "/": null

2024-07-12 23:31:52 - [TEST_STEP][PASSED] - println("hrefApp : " + hrefApp): null

2024-07-12 23:31:52 - [TEST_STEP][PASSED] - if (ExecuteTC.equalsIgnoreCase("Y")): null

2024-07-12 23:31:52 - [TEST_STEP][PASSED] - out.println("Begin Record Number: " + row): null

2024-07-12 23:31:52 - [TEST_STEP][PASSED] - today = new java.util.Date(): null

2024-07-12 23:31:52 - [TEST_STEP][PASSED] - println(today): null

2024-07-12 23:31:52 - [TEST_STEP][PASSED] - datText = today: null

2024-07-12 23:31:52 - [TEST_STEP][PASSED] - adminSuiteBootstrap.loginFunctionality.login_AdminSuite(): adminSuiteBootstrap.loginFunctionality.login_AdminSuite is PASSED

2024-07-12 23:31:52 - [MESSAGE][INFO] - Starting 'Chrome' driver

2024-07-12 23:31:52 - [MESSAGE][INFO] - User set preference: ['acceptInsecureCerts', 'true']

2024-07-12 23:31:52 - [MESSAGE][INFO] - Action delay is set to 0 milliseconds

2024-07-12 23:31:53 - [MESSAGE][PASSED] - Browser is opened with url: 'https://qa2.velocitypayment.com/admin/imtiaz'

2024-07-12 23:31:55 - [MESSAGE][PASSED] - Current window maximized

2024-07-12 23:31:55 - [MESSAGE][PASSED] - Object 'Object Repository/Login_Page/Login_Username_Okta' is present

2024-07-12 23:31:56 - [MESSAGE][PASSED] - Text 'iahmed' is set on object 'Object Repository/Login_Page/Login_Username_Okta'

2024-07-12 23:31:57 - [MESSAGE][PASSED] - Text 'Hello!6666666' is set on object 'Object Repository/Login_Page/Login_Password_Okta'

2024-07-12 23:31:57 - [MESSAGE][PASSED] - Object: 'Object Repository/Login_Page/Login_Submit_Okta' is clicked on

2024-07-12 23:31:57 - [MESSAGE][PASSED] - adminSuiteBootstrap.loginFunctionality.login_AdminSuite is PASSED

2024-07-12 23:31:57 - [TEST_STEP][PASSED] - click(findTestObject(path_Dashboard + appName)): Object: 'Object Repository/AdminSuiteBootstrap_Pages/Dashboard_Bootstrap/a_Access AutoDualCFtpQA' is clicked on

2024-07-12 23:32:05 - [MESSAGE][PASSED] - Object: 'Object Repository/AdminSuiteBootstrap_Pages/Dashboard_Bootstrap/a_Access AutoDualCFtpQA' is clicked on

2024-07-12 23:32:05 - [TEST_STEP][PASSED] - click(findTestObject(path_VT + "button_Authorization Only")): Object: 'Object Repository/AdminSuiteBootstrap_Pages/VT_Bootstrap/IssueTransactions/button_Authorization Only' is clicked on

2024-07-12 23:32:06 - [MESSAGE][PASSED] - Object: 'Object Repository/AdminSuiteBootstrap_Pages/VT_Bootstrap/IssueTransactions/button_Authorization Only' is clicked on

2024-07-12 23:32:06 - [TEST_STEP][PASSED] - click(findTestObject(path_VT + "button_Manual Authorization")): Object: 'Object Repository/AdminSuiteBootstrap_Pages/VT_Bootstrap/IssueTransactions/button_Manual Authorization' is clicked on

2024-07-12 23:32:06 - [MESSAGE][PASSED] - Object: 'Object Repository/AdminSuiteBootstrap_Pages/VT_Bootstrap/IssueTransactions/button_Manual Authorization' is clicked on

2024-07-12 23:32:06 - [TEST_STEP][PASSED] - adminSuiteBootstrap.virtualTerminalSetData.ManualAuthKeyboard_DataDriven(row, dataFile): adminSuiteBootstrap.virtualTerminalSetData.ManualAuthKeyboard_DataDriven is PASSED

2024-07-12 23:32:10 - [MESSAGE][PASSED] - Text 'dSFmGnCeOyLf' is set on object 'Object Repository/AdminSuiteBootstrap_Pages/VT_Bootstrap/ManualAuthKeyboard/input_RemittanceID'

2024-07-12 23:32:11 - [MESSAGE][PASSED] - Text 'Janaki James' is set on object 'Object Repository/AdminSuiteBootstrap_Pages/VT_Bootstrap/ManualAuthKeyboard/input__cardName'

2024-07-12 23:32:11 - [MESSAGE][PASSED] - Execute JavaScript 'arguments[0].value ='371449635392376' ' successfully

2024-07-12 23:32:12 - [MESSAGE][PASSED] - All options with value '12' are selected in object 'Object Repository/AdminSuiteBootstrap_Pages/VT_Bootstrap/ManualAuthKeyboard/select_MM'  using regular expression

2024-07-12 23:32:43 - [MESSAGE][INFO] - Unable to find the element located by 'By.xpath: //*[@name = 'cardExpYear' and (text() = '
	                                                                    YYYY
	                                                                    
																		          2022
																		       
																		          2023
																		       
																		          2024
																		       
																		          2025
																		       
																		          2026
																		       
																		          2027
																		       
																		          2028
																		       
																		          2029
																		       
																		          2030
																		       
																		          2031
																		       
																		          2032
																		       
																		          2033
																		       
																		          2034
																		       
																		          2035
																		       
																		          2036
																		       
																		          2037
																		       
	                                                                ' or . = '
	                                                                    YYYY
	                                                                    
																		          2022
																		       
																		          2023
																		       
																		          2024
																		       
																		          2025
																		       
																		          2026
																		       
																		          2027
																		       
																		          2028
																		       
																		          2029
																		       
																		          2030
																		       
																		          2031
																		       
																		          2032
																		       
																		          2033
																		       
																		          2034
																		       
																		          2035
																		       
																		          2036
																		       
																		          2037
																		       
	                                                                ')]'. Please recheck the objects properties to make sure the desired element is located. 

2024-07-12 23:32:43 - [MESSAGE][WARNING] - [SELF-HEALING] Failed to find element with id 'Object Repository/AdminSuiteBootstrap_Pages/VT_Bootstrap/ManualAuthKeyboard/select_YYYY'. Try using Self-healing.

2024-07-12 23:32:43 - [MESSAGE][WARNING] - [SELF-HEALING] The current locator of test object 'Object Repository/AdminSuiteBootstrap_Pages/VT_Bootstrap/ManualAuthKeyboard/select_YYYY' was broken. Propose an alternative one: '//select[@name='cardExpYear']'.

2024-07-12 23:32:44 - [MESSAGE][PASSED] - All options with value '2025' are selected in object 'Object Repository/AdminSuiteBootstrap_Pages/VT_Bootstrap/ManualAuthKeyboard/select_YYYY'  using regular expression

2024-07-12 23:32:45 - [MESSAGE][PASSED] - All options with value 'MOTO' are selected in object 'Object Repository/AdminSuiteBootstrap_Pages/VT_Bootstrap/ManualAuthKeyboard/select_TransactionCategory'  using regular expression

2024-07-12 23:32:46 - [MESSAGE][PASSED] - Text '123456' is set on object 'Object Repository/AdminSuiteBootstrap_Pages/VT_Bootstrap/ManualAuthKeyboard/input_AuthCode'

2024-07-12 23:32:47 - [MESSAGE][PASSED] - Text '550 Swan Lake' is set on object 'Object Repository/AdminSuiteBootstrap_Pages/VT_Bootstrap/ManualAuthKeyboard/input_Authorization Code_address'

2024-07-12 23:32:47 - [MESSAGE][PASSED] - Text 'Suite 500' is set on object 'Object Repository/AdminSuiteBootstrap_Pages/VT_Bootstrap/ManualAuthKeyboard/input__address2'

2024-07-12 23:32:48 - [MESSAGE][PASSED] - Text '22201' is set on object 'Object Repository/AdminSuiteBootstrap_Pages/VT_Bootstrap/ManualAuthKeyboard/input__zip'

2024-07-12 23:32:49 - [MESSAGE][PASSED] - Text '' is set on object 'Object Repository/AdminSuiteBootstrap_Pages/VT_Bootstrap/ManualAuthKeyboard/input_State_emailAddress'

2024-07-12 23:32:50 - [MESSAGE][PASSED] - Text '' is set on object 'Object Repository/AdminSuiteBootstrap_Pages/VT_Bootstrap/ManualAuthKeyboard/input_smsNumber'

2024-07-12 23:32:51 - [MESSAGE][PASSED] - Text '10.50' is set on object 'Object Repository/AdminSuiteBootstrap_Pages/VT_Bootstrap/ManualAuthKeyboard/input_amount'

2024-07-12 23:32:52 - [MESSAGE][PASSED] - Text 'Australia' is set on object 'Object Repository/AdminSuiteBootstrap_Pages/VT_Bootstrap/ManualAuthKeyboard/input__userDefined1'

2024-07-12 23:32:53 - [MESSAGE][PASSED] - Text 'Denmark' is set on object 'Object Repository/AdminSuiteBootstrap_Pages/VT_Bootstrap/ManualAuthKeyboard/input__userDefined2'

2024-07-12 23:32:54 - [MESSAGE][PASSED] - Text 'Sweden' is set on object 'Object Repository/AdminSuiteBootstrap_Pages/VT_Bootstrap/ManualAuthKeyboard/input_userDefined3'

2024-07-12 23:32:54 - [MESSAGE][PASSED] - Text 'Austria' is set on object 'Object Repository/AdminSuiteBootstrap_Pages/VT_Bootstrap/ManualAuthKeyboard/input_userDefined4'

2024-07-12 23:32:55 - [MESSAGE][PASSED] - All options with label 'Orange' are selected in object 'Object Repository/AdminSuiteBootstrap_Pages/VT_Bootstrap/ManualAuthKeyboard/select_UDF5'  using regular expression

2024-07-12 23:32:56 - [MESSAGE][PASSED] - All options with label 'Yellow' are selected in object 'Object Repository/AdminSuiteBootstrap_Pages/VT_Bootstrap/ManualAuthKeyboard/select_UDF6'  using regular expression

2024-07-12 23:32:57 - [MESSAGE][PASSED] - Text 'Norway' is set on object 'Object Repository/AdminSuiteBootstrap_Pages/VT_Bootstrap/ManualAuthKeyboard/input_userDefined7'

2024-07-12 23:32:58 - [MESSAGE][PASSED] - Text 'Netherlands' is set on object 'Object Repository/AdminSuiteBootstrap_Pages/VT_Bootstrap/ManualAuthKeyboard/input_userDefined8'

2024-07-12 23:32:58 - [MESSAGE][PASSED] - Text 'Switzerland' is set on object 'Object Repository/AdminSuiteBootstrap_Pages/VT_Bootstrap/ManualAuthKeyboard/input_userDefined9'

2024-07-12 23:32:59 - [MESSAGE][PASSED] - Text 'France' is set on object 'Object Repository/AdminSuiteBootstrap_Pages/VT_Bootstrap/ManualAuthKeyboard/input_userDefined10'

2024-07-12 23:33:01 - [MESSAGE][PASSED] - Object: 'Object Repository/AdminSuiteBootstrap_Pages/VT_Bootstrap/ManualAuthKeyboard/button_Submit' is clicked on

2024-07-12 23:33:01 - [MESSAGE][PASSED] - adminSuiteBootstrap.virtualTerminalSetData.ManualAuthKeyboard_DataDriven is PASSED

2024-07-12 23:33:01 - [TEST_STEP][PASSED] - if (verifyTextPresent("Transaction Successful", true)): null

2024-07-12 23:33:02 - [MESSAGE][PASSED] - Text 'Transaction Successful' is present on page  using regular expression

2024-07-12 23:33:02 - [TEST_STEP][PASSED] - verifyTextPresent("Manual Authorization", true): Text 'Manual Authorization' is present on page  using regular expression

2024-07-12 23:33:02 - [MESSAGE][PASSED] - Text 'Manual Authorization' is present on page  using regular expression

2024-07-12 23:33:02 - [TEST_STEP][PASSED] - sdf = getText(findTestObject(path_Receipt + "td_AutoNoC031622113752957Ahm")): Text of object 'Object Repository/AdminSuiteBootstrap_Pages/VT_Bootstrap/Receipt/td_AutoNoC031622113752957Ahm' is: 'dSFmGnCeOyLf'

2024-07-12 23:33:02 - [MESSAGE][PASSED] - Text of object 'Object Repository/AdminSuiteBootstrap_Pages/VT_Bootstrap/Receipt/td_AutoNoC031622113752957Ahm' is: 'dSFmGnCeOyLf'

2024-07-12 23:33:02 - [TEST_STEP][PASSED] - out.println("sdf: " + sdf): null

2024-07-12 23:33:02 - [TEST_STEP][PASSED] - remID = sdf: null

2024-07-12 23:33:02 - [TEST_STEP][PASSED] - out.println("remID: " + remID): null

2024-07-12 23:33:02 - [TEST_STEP][PASSED] - click(findTestObject(path_Receipt + "button_Continue")): Object: 'Object Repository/AdminSuiteBootstrap_Pages/VT_Bootstrap/Receipt/button_Continue' is clicked on

2024-07-12 23:33:03 - [MESSAGE][PASSED] - Object: 'Object Repository/AdminSuiteBootstrap_Pages/VT_Bootstrap/Receipt/button_Continue' is clicked on

2024-07-12 23:33:03 - [TEST_STEP][PASSED] - click(findTestObject(path_VT + "a_Search Transactions")): Object: 'Object Repository/AdminSuiteBootstrap_Pages/VT_Bootstrap/IssueTransactions/a_Search Transactions' is clicked on

2024-07-12 23:33:04 - [MESSAGE][PASSED] - Object: 'Object Repository/AdminSuiteBootstrap_Pages/VT_Bootstrap/IssueTransactions/a_Search Transactions' is clicked on

2024-07-12 23:33:04 - [TEST_STEP][PASSED] - setText(findTestObject(path_CCSearch + "input_Search By_searchValue"), remID): Text 'dSFmGnCeOyLf' is set on object 'Object Repository/AdminSuiteBootstrap_Pages/VT_Bootstrap/CCCreditOrVoidSearch/input_Search By_searchValue'

2024-07-12 23:33:05 - [MESSAGE][PASSED] - Text 'dSFmGnCeOyLf' is set on object 'Object Repository/AdminSuiteBootstrap_Pages/VT_Bootstrap/CCCreditOrVoidSearch/input_Search By_searchValue'

2024-07-12 23:33:05 - [TEST_STEP][PASSED] - click(findTestObject(path_CCSearch + "option_Manual Authorization")): Object: 'Object Repository/AdminSuiteBootstrap_Pages/VT_Bootstrap/CCCreditOrVoidSearch/option_Manual Authorization' is clicked on

2024-07-12 23:33:05 - [MESSAGE][PASSED] - Object: 'Object Repository/AdminSuiteBootstrap_Pages/VT_Bootstrap/CCCreditOrVoidSearch/option_Manual Authorization' is clicked on

2024-07-12 23:33:05 - [TEST_STEP][PASSED] - click(findTestObject(path_CCSearch + "button_Submit")): Object: 'Object Repository/AdminSuiteBootstrap_Pages/VT_Bootstrap/CCCreditOrVoidSearch/button_Submit' is clicked on

2024-07-12 23:33:06 - [MESSAGE][PASSED] - Object: 'Object Repository/AdminSuiteBootstrap_Pages/VT_Bootstrap/CCCreditOrVoidSearch/button_Submit' is clicked on

2024-07-12 23:33:06 - [TEST_STEP][PASSED] - fgr = getText(findTestObject(path_SearchResults + "div_Payment ID")): Text of object 'Object Repository/AdminSuiteBootstrap_Pages/VT_Bootstrap/SearchResults/div_Payment ID' is: 'Payment ID
Payment Type
Transaction Type
Remittance ID
Name
Total Amount
End Date
Status
12154910 Credit Card Manual Authorization dSFmGnCeOyLf Janaki James $10.50 07/12/2024 Success'

2024-07-12 23:33:07 - [MESSAGE][PASSED] - Text of object 'Object Repository/AdminSuiteBootstrap_Pages/VT_Bootstrap/SearchResults/div_Payment ID' is: 'Payment ID
Payment Type
Transaction Type
Remittance ID
Name
Total Amount
End Date
Status
12154910 Credit Card Manual Authorization dSFmGnCeOyLf Janaki James $10.50 07/12/2024 Success'

2024-07-12 23:33:07 - [TEST_STEP][PASSED] - payID = substring(89, 98).trim(): null

2024-07-12 23:33:07 - [TEST_STEP][PASSED] - out.println("payID: " + payID): null

2024-07-12 23:33:07 - [TEST_STEP][PASSED] - click(findTestObject(path_SearchResults + "button_PaymentID")): Object: 'Object Repository/AdminSuiteBootstrap_Pages/VT_Bootstrap/SearchResults/button_PaymentID' is clicked on

2024-07-12 23:33:07 - [MESSAGE][PASSED] - Object: 'Object Repository/AdminSuiteBootstrap_Pages/VT_Bootstrap/SearchResults/button_PaymentID' is clicked on

2024-07-12 23:33:07 - [TEST_STEP][PASSED] - verifyTextPresent("Tender Type", true): Text 'Tender Type' is present on page  using regular expression

2024-07-12 23:33:08 - [MESSAGE][PASSED] - Text 'Tender Type' is present on page  using regular expression

2024-07-12 23:33:08 - [TEST_STEP][PASSED] - verifyTextPresent("Credit Card", true): Text 'Credit Card' is present on page  using regular expression

2024-07-12 23:33:08 - [MESSAGE][PASSED] - Text 'Credit Card' is present on page  using regular expression

2024-07-12 23:33:08 - [TEST_STEP][PASSED] - verifyTextPresent("Transaction Type", true): Text 'Transaction Type' is present on page  using regular expression

2024-07-12 23:33:09 - [MESSAGE][PASSED] - Text 'Transaction Type' is present on page  using regular expression

2024-07-12 23:33:09 - [TEST_STEP][PASSED] - verifyTextPresent("Authorization", true): Text 'Authorization' is present on page  using regular expression

2024-07-12 23:33:09 - [MESSAGE][PASSED] - Text 'Authorization' is present on page  using regular expression

2024-07-12 23:33:09 - [TEST_STEP][PASSED] - verifyTextPresent("Transaction Posted by", true): Text 'Transaction Posted by' is present on page  using regular expression

2024-07-12 23:33:09 - [MESSAGE][PASSED] - Text 'Transaction Posted by' is present on page  using regular expression

2024-07-12 23:33:09 - [TEST_STEP][PASSED] - verifyTextPresent("iahmed", true): Text 'iahmed' is present on page  using regular expression

2024-07-12 23:33:10 - [MESSAGE][PASSED] - Text 'iahmed' is present on page  using regular expression

2024-07-12 23:33:10 - [TEST_STEP][PASSED] - click(findTestObject(path_TranxDetails + "a_Capture this transaction")): Object: 'Object Repository/AdminSuiteBootstrap_Pages/VT_Bootstrap/TransactionDetails/a_Capture this transaction' is clicked on

2024-07-12 23:33:11 - [MESSAGE][PASSED] - Object: 'Object Repository/AdminSuiteBootstrap_Pages/VT_Bootstrap/TransactionDetails/a_Capture this transaction' is clicked on

2024-07-12 23:33:11 - [TEST_STEP][PASSED] - verifyTextPresent("Credit Card Capture", true): Text 'Credit Card Capture' is present on page  using regular expression

2024-07-12 23:33:11 - [MESSAGE][PASSED] - Text 'Credit Card Capture' is present on page  using regular expression

2024-07-12 23:33:11 - [TEST_STEP][PASSED] - captureAmount = findTestData(dataFile).getValue("CaptureAmount", row): null

2024-07-12 23:33:12 - [TEST_STEP][PASSED] - setText(findTestObject(path_SaleKB + "input_amountCapture"), captureAmount): Text '8.50' is set on object 'Object Repository/AdminSuiteBootstrap_Pages/VT_Bootstrap/SaleKeyboard/input_amountCapture'

2024-07-12 23:33:12 - [MESSAGE][PASSED] - Text '8.50' is set on object 'Object Repository/AdminSuiteBootstrap_Pages/VT_Bootstrap/SaleKeyboard/input_amountCapture'

2024-07-12 23:33:12 - [TEST_STEP][PASSED] - click(findTestObject(path_TranxDetails + "button_Submit")): Object: 'Object Repository/AdminSuiteBootstrap_Pages/VT_Bootstrap/TransactionDetails/button_Submit' is clicked on

2024-07-12 23:33:14 - [MESSAGE][PASSED] - Object: 'Object Repository/AdminSuiteBootstrap_Pages/VT_Bootstrap/TransactionDetails/button_Submit' is clicked on

2024-07-12 23:33:14 - [TEST_STEP][PASSED] - verifyTextPresent("Transaction Successful", true): Text 'Transaction Successful' is present on page  using regular expression

2024-07-12 23:33:15 - [MESSAGE][PASSED] - Text 'Transaction Successful' is present on page  using regular expression

2024-07-12 23:33:15 - [TEST_STEP][PASSED] - verifyTextPresent("Transaction Type", true): Text 'Transaction Type' is present on page  using regular expression

2024-07-12 23:33:15 - [MESSAGE][PASSED] - Text 'Transaction Type' is present on page  using regular expression

2024-07-12 23:33:15 - [TEST_STEP][PASSED] - verifyTextPresent("Capture", true): Text 'Capture' is present on page  using regular expression

2024-07-12 23:33:15 - [MESSAGE][PASSED] - Text 'Capture' is present on page  using regular expression

2024-07-12 23:33:15 - [TEST_STEP][PASSED] - verifyTextPresent("Amount", true): Text 'Amount' is present on page  using regular expression

2024-07-12 23:33:16 - [MESSAGE][PASSED] - Text 'Amount' is present on page  using regular expression

2024-07-12 23:33:16 - [TEST_STEP][PASSED] - verifyTextPresent(captureAmount, true): Text '8.50' is present on page  using regular expression

2024-07-12 23:33:16 - [MESSAGE][PASSED] - Text '8.50' is present on page  using regular expression

2024-07-12 23:33:16 - [TEST_STEP][PASSED] - closeBrowser(): Browser is closed

2024-07-12 23:33:17 - [MESSAGE][PASSED] - Browser is closed]]></system-out>
         <system-err><![CDATA[]]></system-err>
      </testcase>
      <testcase name="Test Cases/Admin Suite Bootstrap/VT_TestCases/AuthCaptureKeyboard_TP_SingleCF_Generic_Payment_TC" time="442.157" classname="Test Cases/Admin Suite Bootstrap/VT_TestCases/AuthCaptureKeyboard_TP_SingleCF_Generic_Payment_TC" status="PASSED">
         <system-out><![CDATA[2024-07-12 23:33:17 - [TEST_CASE][PASSED] - Test Cases/Admin Suite Bootstrap/VT_TestCases/AuthCaptureKeyboard_TP_SingleCF_Generic_Payment_TC: Test Cases/Admin Suite Bootstrap/VT_TestCases/AuthCaptureKeyboard_TP_SingleCF_Generic_Payment_TC

2024-07-12 23:33:18 - [TEST_STEP][PASSED] - path_Dashboard = "Object Repository/AdminSuiteBootstrap_Pages/Dashboard_Bootstrap/": null

2024-07-12 23:33:18 - [TEST_STEP][PASSED] - path_VT = "Object Repository/AdminSuiteBootstrap_Pages/VT_Bootstrap/IssueTransactions/": null

2024-07-12 23:33:18 - [TEST_STEP][PASSED] - path_SaleKB = "Object Repository/AdminSuiteBootstrap_Pages/VT_Bootstrap/SaleKeyboard/": null

2024-07-12 23:33:18 - [TEST_STEP][PASSED] - path_TestMinus = "Object Repository/Page_TestMinusAndAtSigns/": null

2024-07-12 23:33:18 - [TEST_STEP][PASSED] - path_Receipt = "Object Repository/AdminSuiteBootstrap_Pages/VT_Bootstrap/Receipt/": null

2024-07-12 23:33:18 - [TEST_STEP][PASSED] - path_CCSearch = "Object Repository/AdminSuiteBootstrap_Pages/VT_Bootstrap/CCCreditOrVoidSearch/": null

2024-07-12 23:33:18 - [TEST_STEP][PASSED] - path_SearchResults = "Object Repository/AdminSuiteBootstrap_Pages/VT_Bootstrap/SearchResults/": null

2024-07-12 23:33:18 - [TEST_STEP][PASSED] - path_TranxDetails = "Object Repository/AdminSuiteBootstrap_Pages/VT_Bootstrap/TransactionDetails/": null

2024-07-12 23:33:18 - [TEST_STEP][PASSED] - li_1 = vpos_Prefix: null

2024-07-12 23:33:18 - [TEST_STEP][PASSED] - li_2 = "/transactions/AuthOnlyForm/": null

2024-07-12 23:33:18 - [TEST_STEP][PASSED] - executionProfile = getExecutionProfile(): null

2024-07-12 23:33:18 - [TEST_STEP][PASSED] - out.println("executionProfile : " + executionProfile): null

2024-07-12 23:33:18 - [TEST_STEP][PASSED] - appName = <not implemented yet for class: org.codehaus.groovy.ast.expr.EmptyExpression>: null

2024-07-12 23:33:18 - [TEST_STEP][PASSED] - appID = <not implemented yet for class: org.codehaus.groovy.ast.expr.EmptyExpression>: null

2024-07-12 23:33:18 - [TEST_STEP][PASSED] - cardNameV = <not implemented yet for class: org.codehaus.groovy.ast.expr.EmptyExpression>: null

2024-07-12 23:33:18 - [TEST_STEP][PASSED] - al1V = <not implemented yet for class: org.codehaus.groovy.ast.expr.EmptyExpression>: null

2024-07-12 23:33:18 - [TEST_STEP][PASSED] - al2V = <not implemented yet for class: org.codehaus.groovy.ast.expr.EmptyExpression>: null

2024-07-12 23:33:18 - [TEST_STEP][PASSED] - zipV = <not implemented yet for class: org.codehaus.groovy.ast.expr.EmptyExpression>: null

2024-07-12 23:33:18 - [TEST_STEP][PASSED] - cardTypeV = <not implemented yet for class: org.codehaus.groovy.ast.expr.EmptyExpression>: null

2024-07-12 23:33:18 - [TEST_STEP][PASSED] - last4V = <not implemented yet for class: org.codehaus.groovy.ast.expr.EmptyExpression>: null

2024-07-12 23:33:18 - [TEST_STEP][PASSED] - resText = "Fail": null

2024-07-12 23:33:18 - [TEST_STEP][PASSED] - resColumn = "Result": null

2024-07-12 23:33:18 - [TEST_STEP][PASSED] - datCloumn = "Date": null

2024-07-12 23:33:18 - [TEST_STEP][PASSED] - fileLoc = "C:\KatalonData\Bootstrap\VT-Data.xlsx": null

2024-07-12 23:33:18 - [TEST_STEP][PASSED] - numOfRows = <not implemented yet for class: org.codehaus.groovy.ast.expr.EmptyExpression>: null

2024-07-12 23:33:18 - [TEST_STEP][PASSED] - dataFile = <not implemented yet for class: org.codehaus.groovy.ast.expr.EmptyExpression>: null

2024-07-12 23:33:18 - [TEST_STEP][PASSED] - nameSheet = <not implemented yet for class: org.codehaus.groovy.ast.expr.EmptyExpression>: null

2024-07-12 23:33:18 - [TEST_STEP][PASSED] - nameSheet = "VT-AuthCapture-SingleCF-Generic": null

2024-07-12 23:33:18 - [TEST_STEP][PASSED] - numOfRows = findTestData("QA/Bootstrap/VT-TestData/VT-AuthCaptureData-SingleCF-Generic").getRowNumbers(): null

2024-07-12 23:33:18 - [TEST_STEP][PASSED] - println("Number of Records: " + numOfRows): null

2024-07-12 23:33:18 - [TEST_STEP][PASSED] - dataFile = "QA/Bootstrap/VT-TestData/VT-AuthCaptureData-SingleCF-Generic": null

2024-07-12 23:33:18 - [TEST_STEP][PASSED] - for ([row = 1, row <= numOfRows, (row++)]): null

2024-07-12 23:33:18 - [TEST_STEP][PASSED] - ExecuteTC = findTestData(dataFile).getValue("Execute", row): null

2024-07-12 23:33:18 - [TEST_STEP][PASSED] - out.println("Value of Execute is : " + ExecuteTC): null

2024-07-12 23:33:18 - [TEST_STEP][PASSED] - switch (executionProfile): null

2024-07-12 23:33:18 - [TEST_STEP][PASSED] - case "QA2Profile":: null

2024-07-12 23:33:18 - [TEST_STEP][PASSED] - appName = findTestData(dataFile).getValue("AppNameQA", row): null

2024-07-12 23:33:18 - [TEST_STEP][PASSED] - appID = findTestData(dataFile).getValue("AppIDQA", row): null

2024-07-12 23:33:18 - [TEST_STEP][PASSED] - break: null

2024-07-12 23:33:18 - [TEST_STEP][PASSED] - hrefAppID = li_1 + appID + li_2: null

2024-07-12 23:33:18 - [TEST_STEP][PASSED] - hrefApp = li_1 + appID + "/": null

2024-07-12 23:33:18 - [TEST_STEP][PASSED] - println("hrefApp : " + hrefApp): null

2024-07-12 23:33:18 - [TEST_STEP][PASSED] - if (ExecuteTC.equalsIgnoreCase("Y")): null

2024-07-12 23:33:18 - [TEST_STEP][PASSED] - out.println("Begin Record Number: " + row): null

2024-07-12 23:33:18 - [TEST_STEP][PASSED] - today = new java.util.Date(): null

2024-07-12 23:33:18 - [TEST_STEP][PASSED] - println(today): null

2024-07-12 23:33:18 - [TEST_STEP][PASSED] - datText = today: null

2024-07-12 23:33:18 - [TEST_STEP][PASSED] - adminSuiteBootstrap.loginFunctionality.login_AdminSuite(): adminSuiteBootstrap.loginFunctionality.login_AdminSuite is PASSED

2024-07-12 23:33:18 - [MESSAGE][INFO] - Starting 'Chrome' driver

2024-07-12 23:33:18 - [MESSAGE][INFO] - User set preference: ['acceptInsecureCerts', 'true']

2024-07-12 23:33:18 - [MESSAGE][INFO] - Action delay is set to 0 milliseconds

2024-07-12 23:33:20 - [MESSAGE][PASSED] - Browser is opened with url: 'https://qa2.velocitypayment.com/admin/imtiaz'

2024-07-12 23:33:21 - [MESSAGE][PASSED] - Current window maximized

2024-07-12 23:33:22 - [MESSAGE][PASSED] - Object 'Object Repository/Login_Page/Login_Username_Okta' is present

2024-07-12 23:33:22 - [MESSAGE][PASSED] - Text 'iahmed' is set on object 'Object Repository/Login_Page/Login_Username_Okta'

2024-07-12 23:33:23 - [MESSAGE][PASSED] - Text 'Hello!6666666' is set on object 'Object Repository/Login_Page/Login_Password_Okta'

2024-07-12 23:33:24 - [MESSAGE][PASSED] - Object: 'Object Repository/Login_Page/Login_Submit_Okta' is clicked on

2024-07-12 23:33:24 - [MESSAGE][PASSED] - adminSuiteBootstrap.loginFunctionality.login_AdminSuite is PASSED

2024-07-12 23:33:24 - [TEST_STEP][PASSED] - click(findTestObject(path_Dashboard + appName)): Object: 'Object Repository/AdminSuiteBootstrap_Pages/Dashboard_Bootstrap/a_Access AutoSingleCFtpQA' is clicked on

2024-07-12 23:33:32 - [MESSAGE][PASSED] - Object: 'Object Repository/AdminSuiteBootstrap_Pages/Dashboard_Bootstrap/a_Access AutoSingleCFtpQA' is clicked on

2024-07-12 23:33:32 - [TEST_STEP][PASSED] - click(findTestObject(path_VT + "button_Authorization Only")): Object: 'Object Repository/AdminSuiteBootstrap_Pages/VT_Bootstrap/IssueTransactions/button_Authorization Only' is clicked on

2024-07-12 23:33:33 - [MESSAGE][PASSED] - Object: 'Object Repository/AdminSuiteBootstrap_Pages/VT_Bootstrap/IssueTransactions/button_Authorization Only' is clicked on

2024-07-12 23:33:33 - [TEST_STEP][PASSED] - authOnlyKeyboardEntryLink = modifyObjectProperty(findTestObject(path_VT + "a_KeyboardEntry_Sale"), "href", "equals", hrefAppID, true): Modify property of object successfully

2024-07-12 23:33:33 - [MESSAGE][PASSED] - Modify property of object successfully

2024-07-12 23:33:33 - [TEST_STEP][PASSED] - click(authOnlyKeyboardEntryLink): Object: 'Object Repository/AdminSuiteBootstrap_Pages/VT_Bootstrap/IssueTransactions/a_KeyboardEntry_Sale' is clicked on

2024-07-12 23:33:34 - [MESSAGE][PASSED] - Object: 'Object Repository/AdminSuiteBootstrap_Pages/VT_Bootstrap/IssueTransactions/a_KeyboardEntry_Sale' is clicked on

2024-07-12 23:33:34 - [TEST_STEP][PASSED] - adminSuiteBootstrap.virtualTerminalSetData.saleKeyboard_DataDriven(row, dataFile): adminSuiteBootstrap.virtualTerminalSetData.saleKeyboard_DataDriven is PASSED

2024-07-12 23:33:37 - [MESSAGE][PASSED] - Text 'Tulsi Raman' is set on object 'Object Repository/AdminSuiteBootstrap_Pages/VT_Bootstrap/SaleKeyboard/input_cardName'

2024-07-12 23:33:38 - [MESSAGE][PASSED] - All options with value 'RETL' are selected in object 'Object Repository/AdminSuiteBootstrap_Pages/VT_Bootstrap/SaleKeyboard/select_transactionCategory'  using regular expression

2024-07-12 23:33:39 - [MESSAGE][PASSED] - Execute JavaScript 'arguments[0].value ='4012000098765439' ' successfully

2024-07-12 23:33:39 - [MESSAGE][PASSED] - Execute JavaScript 'arguments[0].value ='123' ' successfully

2024-07-12 23:33:40 - [MESSAGE][PASSED] - All options with value '12' are selected in object 'Object Repository/AdminSuiteBootstrap_Pages/VT_Bootstrap/SaleKeyboard/select_MM'  using regular expression

2024-07-12 23:33:41 - [MESSAGE][PASSED] - All options with value '2025' are selected in object 'Object Repository/AdminSuiteBootstrap_Pages/VT_Bootstrap/SaleKeyboard/select_YYYY'  using regular expression

2024-07-12 23:33:42 - [MESSAGE][PASSED] - Text '36 Cornor Road' is set on object 'Object Repository/AdminSuiteBootstrap_Pages/VT_Bootstrap/SaleKeyboard/input__address'

2024-07-12 23:33:43 - [MESSAGE][PASSED] - Text 'Suite 500' is set on object 'Object Repository/AdminSuiteBootstrap_Pages/VT_Bootstrap/SaleKeyboard/input__address2'

2024-07-12 23:33:43 - [MESSAGE][PASSED] - Text '22201' is set on object 'Object Repository/AdminSuiteBootstrap_Pages/VT_Bootstrap/SaleKeyboard/input__zip'

2024-07-12 23:33:44 - [MESSAGE][PASSED] - Text '' is set on object 'Object Repository/AdminSuiteBootstrap_Pages/VT_Bootstrap/SaleKeyboard/input_emailAddress'

2024-07-12 23:33:45 - [MESSAGE][PASSED] - Text '' is set on object 'Object Repository/AdminSuiteBootstrap_Pages/VT_Bootstrap/SaleKeyboard/input_smsNumber'

2024-07-12 23:33:46 - [MESSAGE][PASSED] - Text '10.50' is set on object 'Object Repository/AdminSuiteBootstrap_Pages/VT_Bootstrap/SaleKeyboard/input_amount'

2024-07-12 23:33:47 - [MESSAGE][PASSED] - Text 'Australia' is set on object 'Object Repository/AdminSuiteBootstrap_Pages/VT_Bootstrap/SaleKeyboard/input_userDefined1'

2024-07-12 23:33:48 - [MESSAGE][PASSED] - Text 'Denmark' is set on object 'Object Repository/AdminSuiteBootstrap_Pages/VT_Bootstrap/SaleKeyboard/input_userDefined2'

2024-07-12 23:33:49 - [MESSAGE][PASSED] - Text 'Sweden' is set on object 'Object Repository/AdminSuiteBootstrap_Pages/VT_Bootstrap/SaleKeyboard/input_userDefined3'

2024-07-12 23:33:49 - [MESSAGE][PASSED] - Text 'Austria' is set on object 'Object Repository/AdminSuiteBootstrap_Pages/VT_Bootstrap/SaleKeyboard/input_userDefined4'

2024-07-12 23:33:51 - [MESSAGE][PASSED] - All options with label 'Orange' are selected in object 'Object Repository/AdminSuiteBootstrap_Pages/VT_Bootstrap/SaleKeyboard/select_UDF5_DropDown'  using regular expression

2024-07-12 23:33:51 - [MESSAGE][PASSED] - All options with label 'Yellow' are selected in object 'Object Repository/AdminSuiteBootstrap_Pages/VT_Bootstrap/SaleKeyboard/select_UDF6_DropDown'  using regular expression

2024-07-12 23:33:52 - [MESSAGE][PASSED] - Text 'Norway' is set on object 'Object Repository/AdminSuiteBootstrap_Pages/VT_Bootstrap/SaleKeyboard/input_userDefined7'

2024-07-12 23:33:53 - [MESSAGE][PASSED] - Text 'Netherlands' is set on object 'Object Repository/AdminSuiteBootstrap_Pages/VT_Bootstrap/SaleKeyboard/input_userDefined8'

2024-07-12 23:33:54 - [MESSAGE][PASSED] - Text 'Switzerland' is set on object 'Object Repository/AdminSuiteBootstrap_Pages/VT_Bootstrap/SaleKeyboard/input_userDefined9'

2024-07-12 23:33:54 - [MESSAGE][PASSED] - Text 'France' is set on object 'Object Repository/AdminSuiteBootstrap_Pages/VT_Bootstrap/SaleKeyboard/input_userDefined10'

2024-07-12 23:33:56 - [MESSAGE][PASSED] - Object: 'Object Repository/AdminSuiteBootstrap_Pages/VT_Bootstrap/SaleKeyboard/button_Submit' is clicked on

2024-07-12 23:33:56 - [MESSAGE][PASSED] - adminSuiteBootstrap.virtualTerminalSetData.saleKeyboard_DataDriven is PASSED

2024-07-12 23:33:56 - [TEST_STEP][PASSED] - if (verifyTextPresent("Transaction Successful", true)): null

2024-07-12 23:33:56 - [MESSAGE][PASSED] - Text 'Transaction Successful' is present on page  using regular expression

2024-07-12 23:33:56 - [TEST_STEP][PASSED] - sdf = getText(findTestObject(path_Receipt + "td_AutoNoC031622113752957Ahm")): Text of object 'Object Repository/AdminSuiteBootstrap_Pages/VT_Bootstrap/Receipt/td_AutoNoC031622113752957Ahm' is: 'AutoSin071224232625078Ahm'

2024-07-12 23:33:57 - [MESSAGE][PASSED] - Text of object 'Object Repository/AdminSuiteBootstrap_Pages/VT_Bootstrap/Receipt/td_AutoNoC031622113752957Ahm' is: 'AutoSin071224232625078Ahm'

2024-07-12 23:33:57 - [TEST_STEP][PASSED] - out.println("sdf: " + sdf): null

2024-07-12 23:33:57 - [TEST_STEP][PASSED] - remID = sdf: null

2024-07-12 23:33:57 - [TEST_STEP][PASSED] - out.println("remID: " + remID): null

2024-07-12 23:33:57 - [TEST_STEP][PASSED] - click(findTestObject(path_Receipt + "button_Continue")): Object: 'Object Repository/AdminSuiteBootstrap_Pages/VT_Bootstrap/Receipt/button_Continue' is clicked on

2024-07-12 23:33:58 - [MESSAGE][PASSED] - Object: 'Object Repository/AdminSuiteBootstrap_Pages/VT_Bootstrap/Receipt/button_Continue' is clicked on

2024-07-12 23:33:58 - [TEST_STEP][PASSED] - click(findTestObject(path_VT + "a_Search Transactions")): Object: 'Object Repository/AdminSuiteBootstrap_Pages/VT_Bootstrap/IssueTransactions/a_Search Transactions' is clicked on

2024-07-12 23:33:59 - [MESSAGE][PASSED] - Object: 'Object Repository/AdminSuiteBootstrap_Pages/VT_Bootstrap/IssueTransactions/a_Search Transactions' is clicked on

2024-07-12 23:33:59 - [TEST_STEP][PASSED] - setText(findTestObject(path_CCSearch + "input_Search By_searchValue"), remID): Text 'AutoSin071224232625078Ahm' is set on object 'Object Repository/AdminSuiteBootstrap_Pages/VT_Bootstrap/CCCreditOrVoidSearch/input_Search By_searchValue'

2024-07-12 23:33:59 - [MESSAGE][PASSED] - Text 'AutoSin071224232625078Ahm' is set on object 'Object Repository/AdminSuiteBootstrap_Pages/VT_Bootstrap/CCCreditOrVoidSearch/input_Search By_searchValue'

2024-07-12 23:33:59 - [TEST_STEP][PASSED] - click(findTestObject(path_CCSearch + "option_Authorization")): Object: 'Object Repository/AdminSuiteBootstrap_Pages/VT_Bootstrap/CCCreditOrVoidSearch/option_Authorization' is clicked on

2024-07-12 23:34:00 - [MESSAGE][PASSED] - Object: 'Object Repository/AdminSuiteBootstrap_Pages/VT_Bootstrap/CCCreditOrVoidSearch/option_Authorization' is clicked on

2024-07-12 23:34:00 - [TEST_STEP][PASSED] - click(findTestObject(path_CCSearch + "button_Submit")): Object: 'Object Repository/AdminSuiteBootstrap_Pages/VT_Bootstrap/CCCreditOrVoidSearch/button_Submit' is clicked on

2024-07-12 23:34:00 - [MESSAGE][PASSED] - Object: 'Object Repository/AdminSuiteBootstrap_Pages/VT_Bootstrap/CCCreditOrVoidSearch/button_Submit' is clicked on

2024-07-12 23:34:00 - [TEST_STEP][PASSED] - fgr = getText(findTestObject(path_SearchResults + "div_Payment ID")): Text of object 'Object Repository/AdminSuiteBootstrap_Pages/VT_Bootstrap/SearchResults/div_Payment ID' is: 'Payment ID
Payment Type
Transaction Type
Remittance ID
Name
Total Amount
End Date
Status
12154914 Credit Card Authorization AutoSin071224232625078Ahm Tulsi Raman $15.50 07/12/2024 Success'

2024-07-12 23:34:01 - [MESSAGE][PASSED] - Text of object 'Object Repository/AdminSuiteBootstrap_Pages/VT_Bootstrap/SearchResults/div_Payment ID' is: 'Payment ID
Payment Type
Transaction Type
Remittance ID
Name
Total Amount
End Date
Status
12154914 Credit Card Authorization AutoSin071224232625078Ahm Tulsi Raman $15.50 07/12/2024 Success'

2024-07-12 23:34:01 - [TEST_STEP][PASSED] - payID = substring(89, 98).trim(): null

2024-07-12 23:34:01 - [TEST_STEP][PASSED] - out.println("payID: " + payID): null

2024-07-12 23:34:01 - [TEST_STEP][PASSED] - click(findTestObject(path_SearchResults + "button_PaymentID")): Object: 'Object Repository/AdminSuiteBootstrap_Pages/VT_Bootstrap/SearchResults/button_PaymentID' is clicked on

2024-07-12 23:34:02 - [MESSAGE][PASSED] - Object: 'Object Repository/AdminSuiteBootstrap_Pages/VT_Bootstrap/SearchResults/button_PaymentID' is clicked on

2024-07-12 23:34:02 - [TEST_STEP][PASSED] - verifyTextPresent("Tender Type", true): Text 'Tender Type' is present on page  using regular expression

2024-07-12 23:34:03 - [MESSAGE][PASSED] - Text 'Tender Type' is present on page  using regular expression

2024-07-12 23:34:03 - [TEST_STEP][PASSED] - verifyTextPresent("Credit Card", true): Text 'Credit Card' is present on page  using regular expression

2024-07-12 23:34:03 - [MESSAGE][PASSED] - Text 'Credit Card' is present on page  using regular expression

2024-07-12 23:34:03 - [TEST_STEP][PASSED] - verifyTextPresent("Transaction Type", true): Text 'Transaction Type' is present on page  using regular expression

2024-07-12 23:34:03 - [MESSAGE][PASSED] - Text 'Transaction Type' is present on page  using regular expression

2024-07-12 23:34:03 - [TEST_STEP][PASSED] - verifyTextPresent("Authorization", true): Text 'Authorization' is present on page  using regular expression

2024-07-12 23:34:04 - [MESSAGE][PASSED] - Text 'Authorization' is present on page  using regular expression

2024-07-12 23:34:04 - [TEST_STEP][PASSED] - verifyTextPresent("Transaction Posted by", true): Text 'Transaction Posted by' is present on page  using regular expression

2024-07-12 23:34:04 - [MESSAGE][PASSED] - Text 'Transaction Posted by' is present on page  using regular expression

2024-07-12 23:34:04 - [TEST_STEP][PASSED] - verifyTextPresent("iahmed", true): Text 'iahmed' is present on page  using regular expression

2024-07-12 23:34:04 - [MESSAGE][PASSED] - Text 'iahmed' is present on page  using regular expression

2024-07-12 23:34:04 - [TEST_STEP][PASSED] - click(findTestObject(path_TranxDetails + "a_Capture this transaction")): Object: 'Object Repository/AdminSuiteBootstrap_Pages/VT_Bootstrap/TransactionDetails/a_Capture this transaction' is clicked on

2024-07-12 23:34:05 - [MESSAGE][PASSED] - Object: 'Object Repository/AdminSuiteBootstrap_Pages/VT_Bootstrap/TransactionDetails/a_Capture this transaction' is clicked on

2024-07-12 23:34:05 - [TEST_STEP][PASSED] - verifyTextPresent("Credit Card Capture", true): Text 'Credit Card Capture' is present on page  using regular expression

2024-07-12 23:34:06 - [MESSAGE][PASSED] - Text 'Credit Card Capture' is present on page  using regular expression

2024-07-12 23:34:06 - [TEST_STEP][PASSED] - captureAmount = findTestData(dataFile).getValue("CaptureAmount", row): null

2024-07-12 23:34:06 - [TEST_STEP][PASSED] - setText(findTestObject(path_SaleKB + "input_amountCapture"), captureAmount): Text '10.50' is set on object 'Object Repository/AdminSuiteBootstrap_Pages/VT_Bootstrap/SaleKeyboard/input_amountCapture'

2024-07-12 23:34:07 - [MESSAGE][PASSED] - Text '10.50' is set on object 'Object Repository/AdminSuiteBootstrap_Pages/VT_Bootstrap/SaleKeyboard/input_amountCapture'

2024-07-12 23:34:07 - [TEST_STEP][PASSED] - amountWithCF = findTestData(dataFile).getValue("AmountwithCF", row): null

2024-07-12 23:34:07 - [TEST_STEP][PASSED] - click(findTestObject(path_TranxDetails + "button_Submit")): Object: 'Object Repository/AdminSuiteBootstrap_Pages/VT_Bootstrap/TransactionDetails/button_Submit' is clicked on

2024-07-12 23:34:08 - [MESSAGE][PASSED] - Object: 'Object Repository/AdminSuiteBootstrap_Pages/VT_Bootstrap/TransactionDetails/button_Submit' is clicked on

2024-07-12 23:34:08 - [TEST_STEP][PASSED] - verifyTextPresent("Transaction Successful", true): Text 'Transaction Successful' is present on page  using regular expression

2024-07-12 23:34:09 - [MESSAGE][PASSED] - Text 'Transaction Successful' is present on page  using regular expression

2024-07-12 23:34:09 - [TEST_STEP][PASSED] - verifyTextPresent("Transaction Type", true): Text 'Transaction Type' is present on page  using regular expression

2024-07-12 23:34:09 - [MESSAGE][PASSED] - Text 'Transaction Type' is present on page  using regular expression

2024-07-12 23:34:09 - [TEST_STEP][PASSED] - verifyTextPresent("Capture", true): Text 'Capture' is present on page  using regular expression

2024-07-12 23:34:09 - [MESSAGE][PASSED] - Text 'Capture' is present on page  using regular expression

2024-07-12 23:34:09 - [TEST_STEP][PASSED] - verifyTextPresent("Amount", true): Text 'Amount' is present on page  using regular expression

2024-07-12 23:34:10 - [MESSAGE][PASSED] - Text 'Amount' is present on page  using regular expression

2024-07-12 23:34:10 - [TEST_STEP][PASSED] - verifyTextPresent("Service Fee", true): Text 'Service Fee' is present on page  using regular expression

2024-07-12 23:34:10 - [MESSAGE][PASSED] - Text 'Service Fee' is present on page  using regular expression

2024-07-12 23:34:10 - [TEST_STEP][PASSED] - verifyTextPresent("Service Fee Type", true): Text 'Service Fee Type' is present on page  using regular expression

2024-07-12 23:34:10 - [MESSAGE][PASSED] - Text 'Service Fee Type' is present on page  using regular expression

2024-07-12 23:34:10 - [TEST_STEP][PASSED] - verifyTextPresent("Total Amount", true): Text 'Total Amount' is present on page  using regular expression

2024-07-12 23:34:11 - [MESSAGE][PASSED] - Text 'Total Amount' is present on page  using regular expression

2024-07-12 23:34:11 - [TEST_STEP][PASSED] - verifyTextPresent(captureAmount, true): Text '10.50' is present on page  using regular expression

2024-07-12 23:34:11 - [MESSAGE][PASSED] - Text '10.50' is present on page  using regular expression

2024-07-12 23:34:11 - [TEST_STEP][PASSED] - verifyTextPresent("5.00", true): Text '5.00' is present on page  using regular expression

2024-07-12 23:34:11 - [MESSAGE][PASSED] - Text '5.00' is present on page  using regular expression

2024-07-12 23:34:11 - [TEST_STEP][PASSED] - verifyTextPresent("Single Transaction", true): Text 'Single Transaction' is present on page  using regular expression

2024-07-12 23:34:12 - [MESSAGE][PASSED] - Text 'Single Transaction' is present on page  using regular expression

2024-07-12 23:34:12 - [TEST_STEP][PASSED] - verifyTextPresent(amountWithCF, true): Text '15.50' is present on page  using regular expression

2024-07-12 23:34:12 - [MESSAGE][PASSED] - Text '15.50' is present on page  using regular expression

2024-07-12 23:34:12 - [TEST_STEP][PASSED] - closeBrowser(): Browser is closed

2024-07-12 23:34:13 - [MESSAGE][PASSED] - Browser is closed

2024-07-12 23:34:13 - [TEST_STEP][PASSED] - ExecuteTC = findTestData(dataFile).getValue("Execute", row): null

2024-07-12 23:34:13 - [TEST_STEP][PASSED] - out.println("Value of Execute is : " + ExecuteTC): null

2024-07-12 23:34:13 - [TEST_STEP][PASSED] - switch (executionProfile): null

2024-07-12 23:34:13 - [TEST_STEP][PASSED] - case "QA2Profile":: null

2024-07-12 23:34:13 - [TEST_STEP][PASSED] - appName = findTestData(dataFile).getValue("AppNameQA", row): null

2024-07-12 23:34:14 - [TEST_STEP][PASSED] - appID = findTestData(dataFile).getValue("AppIDQA", row): null

2024-07-12 23:34:14 - [TEST_STEP][PASSED] - break: null

2024-07-12 23:34:14 - [TEST_STEP][PASSED] - hrefAppID = li_1 + appID + li_2: null

2024-07-12 23:34:14 - [TEST_STEP][PASSED] - hrefApp = li_1 + appID + "/": null

2024-07-12 23:34:14 - [TEST_STEP][PASSED] - println("hrefApp : " + hrefApp): null

2024-07-12 23:34:14 - [TEST_STEP][PASSED] - if (ExecuteTC.equalsIgnoreCase("Y")): null

2024-07-12 23:34:14 - [TEST_STEP][PASSED] - out.println("Begin Record Number: " + row): null

2024-07-12 23:34:14 - [TEST_STEP][PASSED] - today = new java.util.Date(): null

2024-07-12 23:34:14 - [TEST_STEP][PASSED] - println(today): null

2024-07-12 23:34:14 - [TEST_STEP][PASSED] - datText = today: null

2024-07-12 23:34:14 - [TEST_STEP][PASSED] - adminSuiteBootstrap.loginFunctionality.login_AdminSuite(): adminSuiteBootstrap.loginFunctionality.login_AdminSuite is PASSED

2024-07-12 23:34:14 - [MESSAGE][INFO] - Starting 'Chrome' driver

2024-07-12 23:34:14 - [MESSAGE][INFO] - User set preference: ['acceptInsecureCerts', 'true']

2024-07-12 23:34:14 - [MESSAGE][INFO] - Action delay is set to 0 milliseconds

2024-07-12 23:34:16 - [MESSAGE][PASSED] - Browser is opened with url: 'https://qa2.velocitypayment.com/admin/imtiaz'

2024-07-12 23:34:17 - [MESSAGE][PASSED] - Current window maximized

2024-07-12 23:34:17 - [MESSAGE][PASSED] - Object 'Object Repository/Login_Page/Login_Username_Okta' is present

2024-07-12 23:34:18 - [MESSAGE][PASSED] - Text 'iahmed' is set on object 'Object Repository/Login_Page/Login_Username_Okta'

2024-07-12 23:34:19 - [MESSAGE][PASSED] - Text 'Hello!6666666' is set on object 'Object Repository/Login_Page/Login_Password_Okta'

2024-07-12 23:34:19 - [MESSAGE][PASSED] - Object: 'Object Repository/Login_Page/Login_Submit_Okta' is clicked on

2024-07-12 23:34:19 - [MESSAGE][PASSED] - adminSuiteBootstrap.loginFunctionality.login_AdminSuite is PASSED

2024-07-12 23:34:19 - [TEST_STEP][PASSED] - click(findTestObject(path_Dashboard + appName)): Object: 'Object Repository/AdminSuiteBootstrap_Pages/Dashboard_Bootstrap/a_Access AutoSingleCFtpQA' is clicked on

2024-07-12 23:34:28 - [MESSAGE][PASSED] - Object: 'Object Repository/AdminSuiteBootstrap_Pages/Dashboard_Bootstrap/a_Access AutoSingleCFtpQA' is clicked on

2024-07-12 23:34:28 - [TEST_STEP][PASSED] - click(findTestObject(path_VT + "button_Authorization Only")): Object: 'Object Repository/AdminSuiteBootstrap_Pages/VT_Bootstrap/IssueTransactions/button_Authorization Only' is clicked on

2024-07-12 23:34:28 - [MESSAGE][PASSED] - Object: 'Object Repository/AdminSuiteBootstrap_Pages/VT_Bootstrap/IssueTransactions/button_Authorization Only' is clicked on

2024-07-12 23:34:28 - [TEST_STEP][PASSED] - authOnlyKeyboardEntryLink = modifyObjectProperty(findTestObject(path_VT + "a_KeyboardEntry_Sale"), "href", "equals", hrefAppID, true): Modify property of object successfully

2024-07-12 23:34:28 - [MESSAGE][PASSED] - Modify property of object successfully

2024-07-12 23:34:28 - [TEST_STEP][PASSED] - click(authOnlyKeyboardEntryLink): Object: 'Object Repository/AdminSuiteBootstrap_Pages/VT_Bootstrap/IssueTransactions/a_KeyboardEntry_Sale' is clicked on

2024-07-12 23:34:29 - [MESSAGE][PASSED] - Object: 'Object Repository/AdminSuiteBootstrap_Pages/VT_Bootstrap/IssueTransactions/a_KeyboardEntry_Sale' is clicked on

2024-07-12 23:34:29 - [TEST_STEP][PASSED] - adminSuiteBootstrap.virtualTerminalSetData.saleKeyboard_DataDriven(row, dataFile): adminSuiteBootstrap.virtualTerminalSetData.saleKeyboard_DataDriven is PASSED

2024-07-12 23:34:33 - [MESSAGE][PASSED] - Text 'Tulsi Raman' is set on object 'Object Repository/AdminSuiteBootstrap_Pages/VT_Bootstrap/SaleKeyboard/input_cardName'

2024-07-12 23:34:34 - [MESSAGE][PASSED] - All options with value 'RETL' are selected in object 'Object Repository/AdminSuiteBootstrap_Pages/VT_Bootstrap/SaleKeyboard/select_transactionCategory'  using regular expression

2024-07-12 23:34:34 - [MESSAGE][PASSED] - Execute JavaScript 'arguments[0].value ='5146312200000035' ' successfully

2024-07-12 23:34:35 - [MESSAGE][PASSED] - Execute JavaScript 'arguments[0].value ='123' ' successfully

2024-07-12 23:34:36 - [MESSAGE][PASSED] - All options with value '12' are selected in object 'Object Repository/AdminSuiteBootstrap_Pages/VT_Bootstrap/SaleKeyboard/select_MM'  using regular expression

2024-07-12 23:34:37 - [MESSAGE][PASSED] - All options with value '2025' are selected in object 'Object Repository/AdminSuiteBootstrap_Pages/VT_Bootstrap/SaleKeyboard/select_YYYY'  using regular expression

2024-07-12 23:34:37 - [MESSAGE][PASSED] - Text '1478 Jhatka Palace' is set on object 'Object Repository/AdminSuiteBootstrap_Pages/VT_Bootstrap/SaleKeyboard/input__address'

2024-07-12 23:34:38 - [MESSAGE][PASSED] - Text 'Suite 500' is set on object 'Object Repository/AdminSuiteBootstrap_Pages/VT_Bootstrap/SaleKeyboard/input__address2'

2024-07-12 23:34:39 - [MESSAGE][PASSED] - Text '22201' is set on object 'Object Repository/AdminSuiteBootstrap_Pages/VT_Bootstrap/SaleKeyboard/input__zip'

2024-07-12 23:34:40 - [MESSAGE][PASSED] - Text '' is set on object 'Object Repository/AdminSuiteBootstrap_Pages/VT_Bootstrap/SaleKeyboard/input_emailAddress'

2024-07-12 23:34:41 - [MESSAGE][PASSED] - Text '' is set on object 'Object Repository/AdminSuiteBootstrap_Pages/VT_Bootstrap/SaleKeyboard/input_smsNumber'

2024-07-12 23:34:42 - [MESSAGE][PASSED] - Text '10.50' is set on object 'Object Repository/AdminSuiteBootstrap_Pages/VT_Bootstrap/SaleKeyboard/input_amount'

2024-07-12 23:34:43 - [MESSAGE][PASSED] - Text 'Australia' is set on object 'Object Repository/AdminSuiteBootstrap_Pages/VT_Bootstrap/SaleKeyboard/input_userDefined1'

2024-07-12 23:34:44 - [MESSAGE][PASSED] - Text 'Denmark' is set on object 'Object Repository/AdminSuiteBootstrap_Pages/VT_Bootstrap/SaleKeyboard/input_userDefined2'

2024-07-12 23:34:44 - [MESSAGE][PASSED] - Text 'Sweden' is set on object 'Object Repository/AdminSuiteBootstrap_Pages/VT_Bootstrap/SaleKeyboard/input_userDefined3'

2024-07-12 23:34:45 - [MESSAGE][PASSED] - Text 'Austria' is set on object 'Object Repository/AdminSuiteBootstrap_Pages/VT_Bootstrap/SaleKeyboard/input_userDefined4'

2024-07-12 23:34:46 - [MESSAGE][PASSED] - All options with label 'Orange' are selected in object 'Object Repository/AdminSuiteBootstrap_Pages/VT_Bootstrap/SaleKeyboard/select_UDF5_DropDown'  using regular expression

2024-07-12 23:34:47 - [MESSAGE][PASSED] - All options with label 'Yellow' are selected in object 'Object Repository/AdminSuiteBootstrap_Pages/VT_Bootstrap/SaleKeyboard/select_UDF6_DropDown'  using regular expression

2024-07-12 23:34:48 - [MESSAGE][PASSED] - Text 'Norway' is set on object 'Object Repository/AdminSuiteBootstrap_Pages/VT_Bootstrap/SaleKeyboard/input_userDefined7'

2024-07-12 23:34:48 - [MESSAGE][PASSED] - Text 'Netherlands' is set on object 'Object Repository/AdminSuiteBootstrap_Pages/VT_Bootstrap/SaleKeyboard/input_userDefined8'

2024-07-12 23:34:49 - [MESSAGE][PASSED] - Text 'Switzerland' is set on object 'Object Repository/AdminSuiteBootstrap_Pages/VT_Bootstrap/SaleKeyboard/input_userDefined9'

2024-07-12 23:34:50 - [MESSAGE][PASSED] - Text 'France' is set on object 'Object Repository/AdminSuiteBootstrap_Pages/VT_Bootstrap/SaleKeyboard/input_userDefined10'

2024-07-12 23:34:51 - [MESSAGE][PASSED] - Object: 'Object Repository/AdminSuiteBootstrap_Pages/VT_Bootstrap/SaleKeyboard/button_Submit' is clicked on

2024-07-12 23:34:51 - [MESSAGE][PASSED] - adminSuiteBootstrap.virtualTerminalSetData.saleKeyboard_DataDriven is PASSED

2024-07-12 23:34:51 - [TEST_STEP][PASSED] - if (verifyTextPresent("Transaction Successful", true)): null

2024-07-12 23:34:52 - [MESSAGE][PASSED] - Text 'Transaction Successful' is present on page  using regular expression

2024-07-12 23:34:52 - [TEST_STEP][PASSED] - sdf = getText(findTestObject(path_Receipt + "td_AutoNoC031622113752957Ahm")): Text of object 'Object Repository/AdminSuiteBootstrap_Pages/VT_Bootstrap/Receipt/td_AutoNoC031622113752957Ahm' is: 'AutoSin071224232720518Ahm'

2024-07-12 23:34:52 - [MESSAGE][PASSED] - Text of object 'Object Repository/AdminSuiteBootstrap_Pages/VT_Bootstrap/Receipt/td_AutoNoC031622113752957Ahm' is: 'AutoSin071224232720518Ahm'

2024-07-12 23:34:52 - [TEST_STEP][PASSED] - out.println("sdf: " + sdf): null

2024-07-12 23:34:52 - [TEST_STEP][PASSED] - remID = sdf: null

2024-07-12 23:34:52 - [TEST_STEP][PASSED] - out.println("remID: " + remID): null

2024-07-12 23:34:52 - [TEST_STEP][PASSED] - click(findTestObject(path_Receipt + "button_Continue")): Object: 'Object Repository/AdminSuiteBootstrap_Pages/VT_Bootstrap/Receipt/button_Continue' is clicked on

2024-07-12 23:34:53 - [MESSAGE][PASSED] - Object: 'Object Repository/AdminSuiteBootstrap_Pages/VT_Bootstrap/Receipt/button_Continue' is clicked on

2024-07-12 23:34:53 - [TEST_STEP][PASSED] - click(findTestObject(path_VT + "a_Search Transactions")): Object: 'Object Repository/AdminSuiteBootstrap_Pages/VT_Bootstrap/IssueTransactions/a_Search Transactions' is clicked on

2024-07-12 23:34:54 - [MESSAGE][PASSED] - Object: 'Object Repository/AdminSuiteBootstrap_Pages/VT_Bootstrap/IssueTransactions/a_Search Transactions' is clicked on

2024-07-12 23:34:54 - [TEST_STEP][PASSED] - setText(findTestObject(path_CCSearch + "input_Search By_searchValue"), remID): Text 'AutoSin071224232720518Ahm' is set on object 'Object Repository/AdminSuiteBootstrap_Pages/VT_Bootstrap/CCCreditOrVoidSearch/input_Search By_searchValue'

2024-07-12 23:34:55 - [MESSAGE][PASSED] - Text 'AutoSin071224232720518Ahm' is set on object 'Object Repository/AdminSuiteBootstrap_Pages/VT_Bootstrap/CCCreditOrVoidSearch/input_Search By_searchValue'

2024-07-12 23:34:55 - [TEST_STEP][PASSED] - click(findTestObject(path_CCSearch + "option_Authorization")): Object: 'Object Repository/AdminSuiteBootstrap_Pages/VT_Bootstrap/CCCreditOrVoidSearch/option_Authorization' is clicked on

2024-07-12 23:34:55 - [MESSAGE][PASSED] - Object: 'Object Repository/AdminSuiteBootstrap_Pages/VT_Bootstrap/CCCreditOrVoidSearch/option_Authorization' is clicked on

2024-07-12 23:34:55 - [TEST_STEP][PASSED] - click(findTestObject(path_CCSearch + "button_Submit")): Object: 'Object Repository/AdminSuiteBootstrap_Pages/VT_Bootstrap/CCCreditOrVoidSearch/button_Submit' is clicked on

2024-07-12 23:34:56 - [MESSAGE][PASSED] - Object: 'Object Repository/AdminSuiteBootstrap_Pages/VT_Bootstrap/CCCreditOrVoidSearch/button_Submit' is clicked on

2024-07-12 23:34:56 - [TEST_STEP][PASSED] - fgr = getText(findTestObject(path_SearchResults + "div_Payment ID")): Text of object 'Object Repository/AdminSuiteBootstrap_Pages/VT_Bootstrap/SearchResults/div_Payment ID' is: 'Payment ID
Payment Type
Transaction Type
Remittance ID
Name
Total Amount
End Date
Status
12154916 Credit Card Authorization AutoSin071224232720518Ahm Tulsi Raman $15.50 07/12/2024 Success'

2024-07-12 23:34:57 - [MESSAGE][PASSED] - Text of object 'Object Repository/AdminSuiteBootstrap_Pages/VT_Bootstrap/SearchResults/div_Payment ID' is: 'Payment ID
Payment Type
Transaction Type
Remittance ID
Name
Total Amount
End Date
Status
12154916 Credit Card Authorization AutoSin071224232720518Ahm Tulsi Raman $15.50 07/12/2024 Success'

2024-07-12 23:34:57 - [TEST_STEP][PASSED] - payID = substring(89, 98).trim(): null

2024-07-12 23:34:57 - [TEST_STEP][PASSED] - out.println("payID: " + payID): null

2024-07-12 23:34:57 - [TEST_STEP][PASSED] - click(findTestObject(path_SearchResults + "button_PaymentID")): Object: 'Object Repository/AdminSuiteBootstrap_Pages/VT_Bootstrap/SearchResults/button_PaymentID' is clicked on

2024-07-12 23:34:57 - [MESSAGE][PASSED] - Object: 'Object Repository/AdminSuiteBootstrap_Pages/VT_Bootstrap/SearchResults/button_PaymentID' is clicked on

2024-07-12 23:34:57 - [TEST_STEP][PASSED] - verifyTextPresent("Tender Type", true): Text 'Tender Type' is present on page  using regular expression

2024-07-12 23:34:58 - [MESSAGE][PASSED] - Text 'Tender Type' is present on page  using regular expression

2024-07-12 23:34:58 - [TEST_STEP][PASSED] - verifyTextPresent("Credit Card", true): Text 'Credit Card' is present on page  using regular expression

2024-07-12 23:34:58 - [MESSAGE][PASSED] - Text 'Credit Card' is present on page  using regular expression

2024-07-12 23:34:58 - [TEST_STEP][PASSED] - verifyTextPresent("Transaction Type", true): Text 'Transaction Type' is present on page  using regular expression

2024-07-12 23:34:59 - [MESSAGE][PASSED] - Text 'Transaction Type' is present on page  using regular expression

2024-07-12 23:34:59 - [TEST_STEP][PASSED] - verifyTextPresent("Authorization", true): Text 'Authorization' is present on page  using regular expression

2024-07-12 23:34:59 - [MESSAGE][PASSED] - Text 'Authorization' is present on page  using regular expression

2024-07-12 23:34:59 - [TEST_STEP][PASSED] - verifyTextPresent("Transaction Posted by", true): Text 'Transaction Posted by' is present on page  using regular expression

2024-07-12 23:34:59 - [MESSAGE][PASSED] - Text 'Transaction Posted by' is present on page  using regular expression

2024-07-12 23:34:59 - [TEST_STEP][PASSED] - verifyTextPresent("iahmed", true): Text 'iahmed' is present on page  using regular expression

2024-07-12 23:35:00 - [MESSAGE][PASSED] - Text 'iahmed' is present on page  using regular expression

2024-07-12 23:35:00 - [TEST_STEP][PASSED] - click(findTestObject(path_TranxDetails + "a_Capture this transaction")): Object: 'Object Repository/AdminSuiteBootstrap_Pages/VT_Bootstrap/TransactionDetails/a_Capture this transaction' is clicked on

2024-07-12 23:35:01 - [MESSAGE][PASSED] - Object: 'Object Repository/AdminSuiteBootstrap_Pages/VT_Bootstrap/TransactionDetails/a_Capture this transaction' is clicked on

2024-07-12 23:35:01 - [TEST_STEP][PASSED] - verifyTextPresent("Credit Card Capture", true): Text 'Credit Card Capture' is present on page  using regular expression

2024-07-12 23:35:01 - [MESSAGE][PASSED] - Text 'Credit Card Capture' is present on page  using regular expression

2024-07-12 23:35:01 - [TEST_STEP][PASSED] - captureAmount = findTestData(dataFile).getValue("CaptureAmount", row): null

2024-07-12 23:35:01 - [TEST_STEP][PASSED] - setText(findTestObject(path_SaleKB + "input_amountCapture"), captureAmount): Text '8.50' is set on object 'Object Repository/AdminSuiteBootstrap_Pages/VT_Bootstrap/SaleKeyboard/input_amountCapture'

2024-07-12 23:35:02 - [MESSAGE][PASSED] - Text '8.50' is set on object 'Object Repository/AdminSuiteBootstrap_Pages/VT_Bootstrap/SaleKeyboard/input_amountCapture'

2024-07-12 23:35:02 - [TEST_STEP][PASSED] - amountWithCF = findTestData(dataFile).getValue("AmountwithCF", row): null

2024-07-12 23:35:02 - [TEST_STEP][PASSED] - click(findTestObject(path_TranxDetails + "button_Submit")): Object: 'Object Repository/AdminSuiteBootstrap_Pages/VT_Bootstrap/TransactionDetails/button_Submit' is clicked on

2024-07-12 23:35:04 - [MESSAGE][PASSED] - Object: 'Object Repository/AdminSuiteBootstrap_Pages/VT_Bootstrap/TransactionDetails/button_Submit' is clicked on

2024-07-12 23:35:04 - [TEST_STEP][PASSED] - verifyTextPresent("Transaction Successful", true): Text 'Transaction Successful' is present on page  using regular expression

2024-07-12 23:35:04 - [MESSAGE][PASSED] - Text 'Transaction Successful' is present on page  using regular expression

2024-07-12 23:35:04 - [TEST_STEP][PASSED] - verifyTextPresent("Transaction Type", true): Text 'Transaction Type' is present on page  using regular expression

2024-07-12 23:35:05 - [MESSAGE][PASSED] - Text 'Transaction Type' is present on page  using regular expression

2024-07-12 23:35:05 - [TEST_STEP][PASSED] - verifyTextPresent("Capture", true): Text 'Capture' is present on page  using regular expression

2024-07-12 23:35:05 - [MESSAGE][PASSED] - Text 'Capture' is present on page  using regular expression

2024-07-12 23:35:05 - [TEST_STEP][PASSED] - verifyTextPresent("Amount", true): Text 'Amount' is present on page  using regular expression

2024-07-12 23:35:05 - [MESSAGE][PASSED] - Text 'Amount' is present on page  using regular expression

2024-07-12 23:35:05 - [TEST_STEP][PASSED] - verifyTextPresent("Service Fee", true): Text 'Service Fee' is present on page  using regular expression

2024-07-12 23:35:06 - [MESSAGE][PASSED] - Text 'Service Fee' is present on page  using regular expression

2024-07-12 23:35:06 - [TEST_STEP][PASSED] - verifyTextPresent("Service Fee Type", true): Text 'Service Fee Type' is present on page  using regular expression

2024-07-12 23:35:06 - [MESSAGE][PASSED] - Text 'Service Fee Type' is present on page  using regular expression

2024-07-12 23:35:06 - [TEST_STEP][PASSED] - verifyTextPresent("Total Amount", true): Text 'Total Amount' is present on page  using regular expression

2024-07-12 23:35:06 - [MESSAGE][PASSED] - Text 'Total Amount' is present on page  using regular expression

2024-07-12 23:35:06 - [TEST_STEP][PASSED] - verifyTextPresent(captureAmount, true): Text '8.50' is present on page  using regular expression

2024-07-12 23:35:07 - [MESSAGE][PASSED] - Text '8.50' is present on page  using regular expression

2024-07-12 23:35:07 - [TEST_STEP][PASSED] - verifyTextPresent("5.00", true): Text '5.00' is present on page  using regular expression

2024-07-12 23:35:07 - [MESSAGE][PASSED] - Text '5.00' is present on page  using regular expression

2024-07-12 23:35:07 - [TEST_STEP][PASSED] - verifyTextPresent("Single Transaction", true): Text 'Single Transaction' is present on page  using regular expression

2024-07-12 23:35:07 - [MESSAGE][PASSED] - Text 'Single Transaction' is present on page  using regular expression

2024-07-12 23:35:07 - [TEST_STEP][PASSED] - verifyTextPresent(amountWithCF, true): Text '13.50' is present on page  using regular expression

2024-07-12 23:35:08 - [MESSAGE][PASSED] - Text '13.50' is present on page  using regular expression

2024-07-12 23:35:08 - [TEST_STEP][PASSED] - closeBrowser(): Browser is closed

2024-07-12 23:35:09 - [MESSAGE][PASSED] - Browser is closed

2024-07-12 23:35:09 - [TEST_STEP][PASSED] - ExecuteTC = findTestData(dataFile).getValue("Execute", row): null

2024-07-12 23:35:09 - [TEST_STEP][PASSED] - out.println("Value of Execute is : " + ExecuteTC): null

2024-07-12 23:35:09 - [TEST_STEP][PASSED] - switch (executionProfile): null

2024-07-12 23:35:09 - [TEST_STEP][PASSED] - case "QA2Profile":: null

2024-07-12 23:35:09 - [TEST_STEP][PASSED] - appName = findTestData(dataFile).getValue("AppNameQA", row): null

2024-07-12 23:35:09 - [TEST_STEP][PASSED] - appID = findTestData(dataFile).getValue("AppIDQA", row): null

2024-07-12 23:35:09 - [TEST_STEP][PASSED] - break: null

2024-07-12 23:35:09 - [TEST_STEP][PASSED] - hrefAppID = li_1 + appID + li_2: null

2024-07-12 23:35:09 - [TEST_STEP][PASSED] - hrefApp = li_1 + appID + "/": null

2024-07-12 23:35:09 - [TEST_STEP][PASSED] - println("hrefApp : " + hrefApp): null

2024-07-12 23:35:09 - [TEST_STEP][PASSED] - if (ExecuteTC.equalsIgnoreCase("Y")): null

2024-07-12 23:35:09 - [TEST_STEP][PASSED] - out.println("Begin Record Number: " + row): null

2024-07-12 23:35:09 - [TEST_STEP][PASSED] - today = new java.util.Date(): null

2024-07-12 23:35:09 - [TEST_STEP][PASSED] - println(today): null

2024-07-12 23:35:09 - [TEST_STEP][PASSED] - datText = today: null

2024-07-12 23:35:09 - [TEST_STEP][PASSED] - adminSuiteBootstrap.loginFunctionality.login_AdminSuite(): adminSuiteBootstrap.loginFunctionality.login_AdminSuite is PASSED

2024-07-12 23:35:09 - [MESSAGE][INFO] - Starting 'Chrome' driver

2024-07-12 23:35:09 - [MESSAGE][INFO] - User set preference: ['acceptInsecureCerts', 'true']

2024-07-12 23:35:09 - [MESSAGE][INFO] - Action delay is set to 0 milliseconds

2024-07-12 23:35:12 - [MESSAGE][PASSED] - Browser is opened with url: 'https://qa2.velocitypayment.com/admin/imtiaz'

2024-07-12 23:35:12 - [MESSAGE][PASSED] - Current window maximized

2024-07-12 23:35:13 - [MESSAGE][PASSED] - Object 'Object Repository/Login_Page/Login_Username_Okta' is present

2024-07-12 23:35:13 - [MESSAGE][PASSED] - Text 'iahmed' is set on object 'Object Repository/Login_Page/Login_Username_Okta'

2024-07-12 23:35:14 - [MESSAGE][PASSED] - Text 'Hello!6666666' is set on object 'Object Repository/Login_Page/Login_Password_Okta'

2024-07-12 23:35:15 - [MESSAGE][PASSED] - Object: 'Object Repository/Login_Page/Login_Submit_Okta' is clicked on

2024-07-12 23:35:15 - [MESSAGE][PASSED] - adminSuiteBootstrap.loginFunctionality.login_AdminSuite is PASSED

2024-07-12 23:35:15 - [TEST_STEP][PASSED] - click(findTestObject(path_Dashboard + appName)): Object: 'Object Repository/AdminSuiteBootstrap_Pages/Dashboard_Bootstrap/a_Access AutoSingleCFtpQA' is clicked on

2024-07-12 23:35:23 - [MESSAGE][PASSED] - Object: 'Object Repository/AdminSuiteBootstrap_Pages/Dashboard_Bootstrap/a_Access AutoSingleCFtpQA' is clicked on

2024-07-12 23:35:23 - [TEST_STEP][PASSED] - click(findTestObject(path_VT + "button_Authorization Only")): Object: 'Object Repository/AdminSuiteBootstrap_Pages/VT_Bootstrap/IssueTransactions/button_Authorization Only' is clicked on

2024-07-12 23:35:24 - [MESSAGE][PASSED] - Object: 'Object Repository/AdminSuiteBootstrap_Pages/VT_Bootstrap/IssueTransactions/button_Authorization Only' is clicked on

2024-07-12 23:35:24 - [TEST_STEP][PASSED] - authOnlyKeyboardEntryLink = modifyObjectProperty(findTestObject(path_VT + "a_KeyboardEntry_Sale"), "href", "equals", hrefAppID, true): Modify property of object successfully

2024-07-12 23:35:24 - [MESSAGE][PASSED] - Modify property of object successfully

2024-07-12 23:35:24 - [TEST_STEP][PASSED] - click(authOnlyKeyboardEntryLink): Object: 'Object Repository/AdminSuiteBootstrap_Pages/VT_Bootstrap/IssueTransactions/a_KeyboardEntry_Sale' is clicked on

2024-07-12 23:35:25 - [MESSAGE][PASSED] - Object: 'Object Repository/AdminSuiteBootstrap_Pages/VT_Bootstrap/IssueTransactions/a_KeyboardEntry_Sale' is clicked on

2024-07-12 23:35:25 - [TEST_STEP][PASSED] - adminSuiteBootstrap.virtualTerminalSetData.saleKeyboard_DataDriven(row, dataFile): adminSuiteBootstrap.virtualTerminalSetData.saleKeyboard_DataDriven is PASSED

2024-07-12 23:35:28 - [MESSAGE][PASSED] - Text 'Tulsi Raman' is set on object 'Object Repository/AdminSuiteBootstrap_Pages/VT_Bootstrap/SaleKeyboard/input_cardName'

2024-07-12 23:35:29 - [MESSAGE][PASSED] - All options with value 'RETL' are selected in object 'Object Repository/AdminSuiteBootstrap_Pages/VT_Bootstrap/SaleKeyboard/select_transactionCategory'  using regular expression

2024-07-12 23:35:30 - [MESSAGE][PASSED] - Execute JavaScript 'arguments[0].value ='371449635392376' ' successfully

2024-07-12 23:35:30 - [MESSAGE][PASSED] - Execute JavaScript 'arguments[0].value ='123' ' successfully

2024-07-12 23:35:31 - [MESSAGE][PASSED] - All options with value '12' are selected in object 'Object Repository/AdminSuiteBootstrap_Pages/VT_Bootstrap/SaleKeyboard/select_MM'  using regular expression

2024-07-12 23:35:32 - [MESSAGE][PASSED] - All options with value '2025' are selected in object 'Object Repository/AdminSuiteBootstrap_Pages/VT_Bootstrap/SaleKeyboard/select_YYYY'  using regular expression

2024-07-12 23:35:33 - [MESSAGE][PASSED] - Text '550 Swan Lake' is set on object 'Object Repository/AdminSuiteBootstrap_Pages/VT_Bootstrap/SaleKeyboard/input__address'

2024-07-12 23:35:34 - [MESSAGE][PASSED] - Text 'Suite 500' is set on object 'Object Repository/AdminSuiteBootstrap_Pages/VT_Bootstrap/SaleKeyboard/input__address2'

2024-07-12 23:35:34 - [MESSAGE][PASSED] - Text '22201' is set on object 'Object Repository/AdminSuiteBootstrap_Pages/VT_Bootstrap/SaleKeyboard/input__zip'

2024-07-12 23:35:35 - [MESSAGE][PASSED] - Text '' is set on object 'Object Repository/AdminSuiteBootstrap_Pages/VT_Bootstrap/SaleKeyboard/input_emailAddress'

2024-07-12 23:35:37 - [MESSAGE][PASSED] - Text '' is set on object 'Object Repository/AdminSuiteBootstrap_Pages/VT_Bootstrap/SaleKeyboard/input_smsNumber'

2024-07-12 23:35:37 - [MESSAGE][PASSED] - Text '10.50' is set on object 'Object Repository/AdminSuiteBootstrap_Pages/VT_Bootstrap/SaleKeyboard/input_amount'

2024-07-12 23:35:38 - [MESSAGE][PASSED] - Text 'Australia' is set on object 'Object Repository/AdminSuiteBootstrap_Pages/VT_Bootstrap/SaleKeyboard/input_userDefined1'

2024-07-12 23:35:39 - [MESSAGE][PASSED] - Text 'Denmark' is set on object 'Object Repository/AdminSuiteBootstrap_Pages/VT_Bootstrap/SaleKeyboard/input_userDefined2'

2024-07-12 23:35:40 - [MESSAGE][PASSED] - Text 'Sweden' is set on object 'Object Repository/AdminSuiteBootstrap_Pages/VT_Bootstrap/SaleKeyboard/input_userDefined3'

2024-07-12 23:35:41 - [MESSAGE][PASSED] - Text 'Austria' is set on object 'Object Repository/AdminSuiteBootstrap_Pages/VT_Bootstrap/SaleKeyboard/input_userDefined4'

2024-07-12 23:35:42 - [MESSAGE][PASSED] - All options with label 'Orange' are selected in object 'Object Repository/AdminSuiteBootstrap_Pages/VT_Bootstrap/SaleKeyboard/select_UDF5_DropDown'  using regular expression

2024-07-12 23:35:43 - [MESSAGE][PASSED] - All options with label 'Yellow' are selected in object 'Object Repository/AdminSuiteBootstrap_Pages/VT_Bootstrap/SaleKeyboard/select_UDF6_DropDown'  using regular expression

2024-07-12 23:35:43 - [MESSAGE][PASSED] - Text 'Norway' is set on object 'Object Repository/AdminSuiteBootstrap_Pages/VT_Bootstrap/SaleKeyboard/input_userDefined7'

2024-07-12 23:35:44 - [MESSAGE][PASSED] - Text 'Netherlands' is set on object 'Object Repository/AdminSuiteBootstrap_Pages/VT_Bootstrap/SaleKeyboard/input_userDefined8'

2024-07-12 23:35:45 - [MESSAGE][PASSED] - Text 'Switzerland' is set on object 'Object Repository/AdminSuiteBootstrap_Pages/VT_Bootstrap/SaleKeyboard/input_userDefined9'

2024-07-12 23:35:45 - [MESSAGE][PASSED] - Text 'France' is set on object 'Object Repository/AdminSuiteBootstrap_Pages/VT_Bootstrap/SaleKeyboard/input_userDefined10'

2024-07-12 23:35:47 - [MESSAGE][PASSED] - Object: 'Object Repository/AdminSuiteBootstrap_Pages/VT_Bootstrap/SaleKeyboard/button_Submit' is clicked on

2024-07-12 23:35:47 - [MESSAGE][PASSED] - adminSuiteBootstrap.virtualTerminalSetData.saleKeyboard_DataDriven is PASSED

2024-07-12 23:35:47 - [TEST_STEP][PASSED] - if (verifyTextPresent("Transaction Successful", true)): null

2024-07-12 23:35:48 - [MESSAGE][PASSED] - Text 'Transaction Successful' is present on page  using regular expression

2024-07-12 23:35:48 - [TEST_STEP][PASSED] - sdf = getText(findTestObject(path_Receipt + "td_AutoNoC031622113752957Ahm")): Text of object 'Object Repository/AdminSuiteBootstrap_Pages/VT_Bootstrap/Receipt/td_AutoNoC031622113752957Ahm' is: 'AutoSin071224232816043Ahm'

2024-07-12 23:35:48 - [MESSAGE][PASSED] - Text of object 'Object Repository/AdminSuiteBootstrap_Pages/VT_Bootstrap/Receipt/td_AutoNoC031622113752957Ahm' is: 'AutoSin071224232816043Ahm'

2024-07-12 23:35:48 - [TEST_STEP][PASSED] - out.println("sdf: " + sdf): null

2024-07-12 23:35:48 - [TEST_STEP][PASSED] - remID = sdf: null

2024-07-12 23:35:48 - [TEST_STEP][PASSED] - out.println("remID: " + remID): null

2024-07-12 23:35:48 - [TEST_STEP][PASSED] - click(findTestObject(path_Receipt + "button_Continue")): Object: 'Object Repository/AdminSuiteBootstrap_Pages/VT_Bootstrap/Receipt/button_Continue' is clicked on

2024-07-12 23:35:49 - [MESSAGE][PASSED] - Object: 'Object Repository/AdminSuiteBootstrap_Pages/VT_Bootstrap/Receipt/button_Continue' is clicked on

2024-07-12 23:35:49 - [TEST_STEP][PASSED] - click(findTestObject(path_VT + "a_Search Transactions")): Object: 'Object Repository/AdminSuiteBootstrap_Pages/VT_Bootstrap/IssueTransactions/a_Search Transactions' is clicked on

2024-07-12 23:35:50 - [MESSAGE][PASSED] - Object: 'Object Repository/AdminSuiteBootstrap_Pages/VT_Bootstrap/IssueTransactions/a_Search Transactions' is clicked on

2024-07-12 23:35:50 - [TEST_STEP][PASSED] - setText(findTestObject(path_CCSearch + "input_Search By_searchValue"), remID): Text 'AutoSin071224232816043Ahm' is set on object 'Object Repository/AdminSuiteBootstrap_Pages/VT_Bootstrap/CCCreditOrVoidSearch/input_Search By_searchValue'

2024-07-12 23:35:50 - [MESSAGE][PASSED] - Text 'AutoSin071224232816043Ahm' is set on object 'Object Repository/AdminSuiteBootstrap_Pages/VT_Bootstrap/CCCreditOrVoidSearch/input_Search By_searchValue'

2024-07-12 23:35:50 - [TEST_STEP][PASSED] - click(findTestObject(path_CCSearch + "option_Authorization")): Object: 'Object Repository/AdminSuiteBootstrap_Pages/VT_Bootstrap/CCCreditOrVoidSearch/option_Authorization' is clicked on

2024-07-12 23:35:51 - [MESSAGE][PASSED] - Object: 'Object Repository/AdminSuiteBootstrap_Pages/VT_Bootstrap/CCCreditOrVoidSearch/option_Authorization' is clicked on

2024-07-12 23:35:51 - [TEST_STEP][PASSED] - click(findTestObject(path_CCSearch + "button_Submit")): Object: 'Object Repository/AdminSuiteBootstrap_Pages/VT_Bootstrap/CCCreditOrVoidSearch/button_Submit' is clicked on

2024-07-12 23:35:52 - [MESSAGE][PASSED] - Object: 'Object Repository/AdminSuiteBootstrap_Pages/VT_Bootstrap/CCCreditOrVoidSearch/button_Submit' is clicked on

2024-07-12 23:35:52 - [TEST_STEP][PASSED] - fgr = getText(findTestObject(path_SearchResults + "div_Payment ID")): Text of object 'Object Repository/AdminSuiteBootstrap_Pages/VT_Bootstrap/SearchResults/div_Payment ID' is: 'Payment ID
Payment Type
Transaction Type
Remittance ID
Name
Total Amount
End Date
Status
12154918 Credit Card Authorization AutoSin071224232816043Ahm Tulsi Raman $15.50 07/12/2024 Success'

2024-07-12 23:35:52 - [MESSAGE][PASSED] - Text of object 'Object Repository/AdminSuiteBootstrap_Pages/VT_Bootstrap/SearchResults/div_Payment ID' is: 'Payment ID
Payment Type
Transaction Type
Remittance ID
Name
Total Amount
End Date
Status
12154918 Credit Card Authorization AutoSin071224232816043Ahm Tulsi Raman $15.50 07/12/2024 Success'

2024-07-12 23:35:52 - [TEST_STEP][PASSED] - payID = substring(89, 98).trim(): null

2024-07-12 23:35:52 - [TEST_STEP][PASSED] - out.println("payID: " + payID): null

2024-07-12 23:35:52 - [TEST_STEP][PASSED] - click(findTestObject(path_SearchResults + "button_PaymentID")): Object: 'Object Repository/AdminSuiteBootstrap_Pages/VT_Bootstrap/SearchResults/button_PaymentID' is clicked on

2024-07-12 23:35:53 - [MESSAGE][PASSED] - Object: 'Object Repository/AdminSuiteBootstrap_Pages/VT_Bootstrap/SearchResults/button_PaymentID' is clicked on

2024-07-12 23:35:53 - [TEST_STEP][PASSED] - verifyTextPresent("Tender Type", true): Text 'Tender Type' is present on page  using regular expression

2024-07-12 23:35:54 - [MESSAGE][PASSED] - Text 'Tender Type' is present on page  using regular expression

2024-07-12 23:35:54 - [TEST_STEP][PASSED] - verifyTextPresent("Credit Card", true): Text 'Credit Card' is present on page  using regular expression

2024-07-12 23:35:54 - [MESSAGE][PASSED] - Text 'Credit Card' is present on page  using regular expression

2024-07-12 23:35:54 - [TEST_STEP][PASSED] - verifyTextPresent("Transaction Type", true): Text 'Transaction Type' is present on page  using regular expression

2024-07-12 23:35:54 - [MESSAGE][PASSED] - Text 'Transaction Type' is present on page  using regular expression

2024-07-12 23:35:54 - [TEST_STEP][PASSED] - verifyTextPresent("Authorization", true): Text 'Authorization' is present on page  using regular expression

2024-07-12 23:35:55 - [MESSAGE][PASSED] - Text 'Authorization' is present on page  using regular expression

2024-07-12 23:35:55 - [TEST_STEP][PASSED] - verifyTextPresent("Transaction Posted by", true): Text 'Transaction Posted by' is present on page  using regular expression

2024-07-12 23:35:55 - [MESSAGE][PASSED] - Text 'Transaction Posted by' is present on page  using regular expression

2024-07-12 23:35:55 - [TEST_STEP][PASSED] - verifyTextPresent("iahmed", true): Text 'iahmed' is present on page  using regular expression

2024-07-12 23:35:55 - [MESSAGE][PASSED] - Text 'iahmed' is present on page  using regular expression

2024-07-12 23:35:55 - [TEST_STEP][PASSED] - click(findTestObject(path_TranxDetails + "a_Capture this transaction")): Object: 'Object Repository/AdminSuiteBootstrap_Pages/VT_Bootstrap/TransactionDetails/a_Capture this transaction' is clicked on

2024-07-12 23:35:56 - [MESSAGE][PASSED] - Object: 'Object Repository/AdminSuiteBootstrap_Pages/VT_Bootstrap/TransactionDetails/a_Capture this transaction' is clicked on

2024-07-12 23:35:56 - [TEST_STEP][PASSED] - verifyTextPresent("Credit Card Capture", true): Text 'Credit Card Capture' is present on page  using regular expression

2024-07-12 23:35:57 - [MESSAGE][PASSED] - Text 'Credit Card Capture' is present on page  using regular expression

2024-07-12 23:35:57 - [TEST_STEP][PASSED] - captureAmount = findTestData(dataFile).getValue("CaptureAmount", row): null

2024-07-12 23:35:57 - [TEST_STEP][PASSED] - setText(findTestObject(path_SaleKB + "input_amountCapture"), captureAmount): Text '6.50' is set on object 'Object Repository/AdminSuiteBootstrap_Pages/VT_Bootstrap/SaleKeyboard/input_amountCapture'

2024-07-12 23:35:58 - [MESSAGE][PASSED] - Text '6.50' is set on object 'Object Repository/AdminSuiteBootstrap_Pages/VT_Bootstrap/SaleKeyboard/input_amountCapture'

2024-07-12 23:35:58 - [TEST_STEP][PASSED] - amountWithCF = findTestData(dataFile).getValue("AmountwithCF", row): null

2024-07-12 23:35:58 - [TEST_STEP][PASSED] - click(findTestObject(path_TranxDetails + "button_Submit")): Object: 'Object Repository/AdminSuiteBootstrap_Pages/VT_Bootstrap/TransactionDetails/button_Submit' is clicked on

2024-07-12 23:35:59 - [MESSAGE][PASSED] - Object: 'Object Repository/AdminSuiteBootstrap_Pages/VT_Bootstrap/TransactionDetails/button_Submit' is clicked on

2024-07-12 23:35:59 - [TEST_STEP][PASSED] - verifyTextPresent("Transaction Successful", true): Text 'Transaction Successful' is present on page  using regular expression

2024-07-12 23:36:00 - [MESSAGE][PASSED] - Text 'Transaction Successful' is present on page  using regular expression

2024-07-12 23:36:00 - [TEST_STEP][PASSED] - verifyTextPresent("Transaction Type", true): Text 'Transaction Type' is present on page  using regular expression

2024-07-12 23:36:00 - [MESSAGE][PASSED] - Text 'Transaction Type' is present on page  using regular expression

2024-07-12 23:36:00 - [TEST_STEP][PASSED] - verifyTextPresent("Capture", true): Text 'Capture' is present on page  using regular expression

2024-07-12 23:36:00 - [MESSAGE][PASSED] - Text 'Capture' is present on page  using regular expression

2024-07-12 23:36:00 - [TEST_STEP][PASSED] - verifyTextPresent("Amount", true): Text 'Amount' is present on page  using regular expression

2024-07-12 23:36:01 - [MESSAGE][PASSED] - Text 'Amount' is present on page  using regular expression

2024-07-12 23:36:01 - [TEST_STEP][PASSED] - verifyTextPresent("Service Fee", true): Text 'Service Fee' is present on page  using regular expression

2024-07-12 23:36:01 - [MESSAGE][PASSED] - Text 'Service Fee' is present on page  using regular expression

2024-07-12 23:36:01 - [TEST_STEP][PASSED] - verifyTextPresent("Service Fee Type", true): Text 'Service Fee Type' is present on page  using regular expression

2024-07-12 23:36:01 - [MESSAGE][PASSED] - Text 'Service Fee Type' is present on page  using regular expression

2024-07-12 23:36:01 - [TEST_STEP][PASSED] - verifyTextPresent("Total Amount", true): Text 'Total Amount' is present on page  using regular expression

2024-07-12 23:36:02 - [MESSAGE][PASSED] - Text 'Total Amount' is present on page  using regular expression

2024-07-12 23:36:02 - [TEST_STEP][PASSED] - verifyTextPresent(captureAmount, true): Text '6.50' is present on page  using regular expression

2024-07-12 23:36:02 - [MESSAGE][PASSED] - Text '6.50' is present on page  using regular expression

2024-07-12 23:36:02 - [TEST_STEP][PASSED] - verifyTextPresent("5.00", true): Text '5.00' is present on page  using regular expression

2024-07-12 23:36:02 - [MESSAGE][PASSED] - Text '5.00' is present on page  using regular expression

2024-07-12 23:36:02 - [TEST_STEP][PASSED] - verifyTextPresent("Single Transaction", true): Text 'Single Transaction' is present on page  using regular expression

2024-07-12 23:36:03 - [MESSAGE][PASSED] - Text 'Single Transaction' is present on page  using regular expression

2024-07-12 23:36:03 - [TEST_STEP][PASSED] - verifyTextPresent(amountWithCF, true): Text '11.50' is present on page  using regular expression

2024-07-12 23:36:03 - [MESSAGE][PASSED] - Text '11.50' is present on page  using regular expression

2024-07-12 23:36:03 - [TEST_STEP][PASSED] - closeBrowser(): Browser is closed

2024-07-12 23:36:04 - [MESSAGE][PASSED] - Browser is closed

2024-07-12 23:36:04 - [TEST_STEP][PASSED] - ExecuteTC = findTestData(dataFile).getValue("Execute", row): null

2024-07-12 23:36:04 - [TEST_STEP][PASSED] - out.println("Value of Execute is : " + ExecuteTC): null

2024-07-12 23:36:04 - [TEST_STEP][PASSED] - switch (executionProfile): null

2024-07-12 23:36:04 - [TEST_STEP][PASSED] - case "QA2Profile":: null

2024-07-12 23:36:04 - [TEST_STEP][PASSED] - appName = findTestData(dataFile).getValue("AppNameQA", row): null

2024-07-12 23:36:05 - [TEST_STEP][PASSED] - appID = findTestData(dataFile).getValue("AppIDQA", row): null

2024-07-12 23:36:05 - [TEST_STEP][PASSED] - break: null

2024-07-12 23:36:05 - [TEST_STEP][PASSED] - hrefAppID = li_1 + appID + li_2: null

2024-07-12 23:36:05 - [TEST_STEP][PASSED] - hrefApp = li_1 + appID + "/": null

2024-07-12 23:36:05 - [TEST_STEP][PASSED] - println("hrefApp : " + hrefApp): null

2024-07-12 23:36:05 - [TEST_STEP][PASSED] - if (ExecuteTC.equalsIgnoreCase("Y")): null

2024-07-12 23:36:05 - [TEST_STEP][PASSED] - out.println("Begin Record Number: " + row): null

2024-07-12 23:36:05 - [TEST_STEP][PASSED] - today = new java.util.Date(): null

2024-07-12 23:36:05 - [TEST_STEP][PASSED] - println(today): null

2024-07-12 23:36:05 - [TEST_STEP][PASSED] - datText = today: null

2024-07-12 23:36:05 - [TEST_STEP][PASSED] - adminSuiteBootstrap.loginFunctionality.login_AdminSuite(): adminSuiteBootstrap.loginFunctionality.login_AdminSuite is PASSED

2024-07-12 23:36:05 - [MESSAGE][INFO] - Starting 'Chrome' driver

2024-07-12 23:36:05 - [MESSAGE][INFO] - User set preference: ['acceptInsecureCerts', 'true']

2024-07-12 23:36:05 - [MESSAGE][INFO] - Action delay is set to 0 milliseconds

2024-07-12 23:36:07 - [MESSAGE][PASSED] - Browser is opened with url: 'https://qa2.velocitypayment.com/admin/imtiaz'

2024-07-12 23:36:08 - [MESSAGE][PASSED] - Current window maximized

2024-07-12 23:36:08 - [MESSAGE][PASSED] - Object 'Object Repository/Login_Page/Login_Username_Okta' is present

2024-07-12 23:36:09 - [MESSAGE][PASSED] - Text 'iahmed' is set on object 'Object Repository/Login_Page/Login_Username_Okta'

2024-07-12 23:36:10 - [MESSAGE][PASSED] - Text 'Hello!6666666' is set on object 'Object Repository/Login_Page/Login_Password_Okta'

2024-07-12 23:36:10 - [MESSAGE][PASSED] - Object: 'Object Repository/Login_Page/Login_Submit_Okta' is clicked on

2024-07-12 23:36:10 - [MESSAGE][PASSED] - adminSuiteBootstrap.loginFunctionality.login_AdminSuite is PASSED

2024-07-12 23:36:10 - [TEST_STEP][PASSED] - click(findTestObject(path_Dashboard + appName)): Object: 'Object Repository/AdminSuiteBootstrap_Pages/Dashboard_Bootstrap/a_Access AutoSingleCFtpQA' is clicked on

2024-07-12 23:36:17 - [MESSAGE][PASSED] - Object: 'Object Repository/AdminSuiteBootstrap_Pages/Dashboard_Bootstrap/a_Access AutoSingleCFtpQA' is clicked on

2024-07-12 23:36:17 - [TEST_STEP][PASSED] - click(findTestObject(path_VT + "button_Authorization Only")): Object: 'Object Repository/AdminSuiteBootstrap_Pages/VT_Bootstrap/IssueTransactions/button_Authorization Only' is clicked on

2024-07-12 23:36:18 - [MESSAGE][PASSED] - Object: 'Object Repository/AdminSuiteBootstrap_Pages/VT_Bootstrap/IssueTransactions/button_Authorization Only' is clicked on

2024-07-12 23:36:18 - [TEST_STEP][PASSED] - authOnlyKeyboardEntryLink = modifyObjectProperty(findTestObject(path_VT + "a_KeyboardEntry_Sale"), "href", "equals", hrefAppID, true): Modify property of object successfully

2024-07-12 23:36:18 - [MESSAGE][PASSED] - Modify property of object successfully

2024-07-12 23:36:18 - [TEST_STEP][PASSED] - click(authOnlyKeyboardEntryLink): Object: 'Object Repository/AdminSuiteBootstrap_Pages/VT_Bootstrap/IssueTransactions/a_KeyboardEntry_Sale' is clicked on

2024-07-12 23:36:19 - [MESSAGE][PASSED] - Object: 'Object Repository/AdminSuiteBootstrap_Pages/VT_Bootstrap/IssueTransactions/a_KeyboardEntry_Sale' is clicked on

2024-07-12 23:36:19 - [TEST_STEP][PASSED] - adminSuiteBootstrap.virtualTerminalSetData.saleKeyboard_DataDriven(row, dataFile): adminSuiteBootstrap.virtualTerminalSetData.saleKeyboard_DataDriven is PASSED

2024-07-12 23:36:22 - [MESSAGE][PASSED] - Text 'Tulsi Raman' is set on object 'Object Repository/AdminSuiteBootstrap_Pages/VT_Bootstrap/SaleKeyboard/input_cardName'

2024-07-12 23:36:23 - [MESSAGE][PASSED] - All options with value 'RETL' are selected in object 'Object Repository/AdminSuiteBootstrap_Pages/VT_Bootstrap/SaleKeyboard/select_transactionCategory'  using regular expression

2024-07-12 23:36:24 - [MESSAGE][PASSED] - Execute JavaScript 'arguments[0].value ='6011000993026909' ' successfully

2024-07-12 23:36:24 - [MESSAGE][PASSED] - Execute JavaScript 'arguments[0].value ='123' ' successfully

2024-07-12 23:36:25 - [MESSAGE][PASSED] - All options with value '12' are selected in object 'Object Repository/AdminSuiteBootstrap_Pages/VT_Bootstrap/SaleKeyboard/select_MM'  using regular expression

2024-07-12 23:36:26 - [MESSAGE][PASSED] - All options with value '2025' are selected in object 'Object Repository/AdminSuiteBootstrap_Pages/VT_Bootstrap/SaleKeyboard/select_YYYY'  using regular expression

2024-07-12 23:36:27 - [MESSAGE][PASSED] - Text '25987 Hill Top' is set on object 'Object Repository/AdminSuiteBootstrap_Pages/VT_Bootstrap/SaleKeyboard/input__address'

2024-07-12 23:36:28 - [MESSAGE][PASSED] - Text 'Suite 500' is set on object 'Object Repository/AdminSuiteBootstrap_Pages/VT_Bootstrap/SaleKeyboard/input__address2'

2024-07-12 23:36:29 - [MESSAGE][PASSED] - Text '22201' is set on object 'Object Repository/AdminSuiteBootstrap_Pages/VT_Bootstrap/SaleKeyboard/input__zip'

2024-07-12 23:36:29 - [MESSAGE][PASSED] - Text '' is set on object 'Object Repository/AdminSuiteBootstrap_Pages/VT_Bootstrap/SaleKeyboard/input_emailAddress'

2024-07-12 23:36:31 - [MESSAGE][PASSED] - Text '' is set on object 'Object Repository/AdminSuiteBootstrap_Pages/VT_Bootstrap/SaleKeyboard/input_smsNumber'

2024-07-12 23:36:31 - [MESSAGE][PASSED] - Text '10.50' is set on object 'Object Repository/AdminSuiteBootstrap_Pages/VT_Bootstrap/SaleKeyboard/input_amount'

2024-07-12 23:36:33 - [MESSAGE][PASSED] - Text 'Australia' is set on object 'Object Repository/AdminSuiteBootstrap_Pages/VT_Bootstrap/SaleKeyboard/input_userDefined1'

2024-07-12 23:36:33 - [MESSAGE][PASSED] - Text 'Denmark' is set on object 'Object Repository/AdminSuiteBootstrap_Pages/VT_Bootstrap/SaleKeyboard/input_userDefined2'

2024-07-12 23:36:34 - [MESSAGE][PASSED] - Text 'Sweden' is set on object 'Object Repository/AdminSuiteBootstrap_Pages/VT_Bootstrap/SaleKeyboard/input_userDefined3'

2024-07-12 23:36:35 - [MESSAGE][PASSED] - Text 'Austria' is set on object 'Object Repository/AdminSuiteBootstrap_Pages/VT_Bootstrap/SaleKeyboard/input_userDefined4'

2024-07-12 23:36:36 - [MESSAGE][PASSED] - All options with label 'Orange' are selected in object 'Object Repository/AdminSuiteBootstrap_Pages/VT_Bootstrap/SaleKeyboard/select_UDF5_DropDown'  using regular expression

2024-07-12 23:36:37 - [MESSAGE][PASSED] - All options with label 'Yellow' are selected in object 'Object Repository/AdminSuiteBootstrap_Pages/VT_Bootstrap/SaleKeyboard/select_UDF6_DropDown'  using regular expression

2024-07-12 23:36:37 - [MESSAGE][PASSED] - Text 'Norway' is set on object 'Object Repository/AdminSuiteBootstrap_Pages/VT_Bootstrap/SaleKeyboard/input_userDefined7'

2024-07-12 23:36:38 - [MESSAGE][PASSED] - Text 'Netherlands' is set on object 'Object Repository/AdminSuiteBootstrap_Pages/VT_Bootstrap/SaleKeyboard/input_userDefined8'

2024-07-12 23:36:39 - [MESSAGE][PASSED] - Text 'Switzerland' is set on object 'Object Repository/AdminSuiteBootstrap_Pages/VT_Bootstrap/SaleKeyboard/input_userDefined9'

2024-07-12 23:36:40 - [MESSAGE][PASSED] - Text 'France' is set on object 'Object Repository/AdminSuiteBootstrap_Pages/VT_Bootstrap/SaleKeyboard/input_userDefined10'

2024-07-12 23:36:41 - [MESSAGE][PASSED] - Object: 'Object Repository/AdminSuiteBootstrap_Pages/VT_Bootstrap/SaleKeyboard/button_Submit' is clicked on

2024-07-12 23:36:41 - [MESSAGE][PASSED] - adminSuiteBootstrap.virtualTerminalSetData.saleKeyboard_DataDriven is PASSED

2024-07-12 23:36:41 - [TEST_STEP][PASSED] - if (verifyTextPresent("Transaction Successful", true)): null

2024-07-12 23:36:42 - [MESSAGE][PASSED] - Text 'Transaction Successful' is present on page  using regular expression

2024-07-12 23:36:42 - [TEST_STEP][PASSED] - sdf = getText(findTestObject(path_Receipt + "td_AutoNoC031622113752957Ahm")): Text of object 'Object Repository/AdminSuiteBootstrap_Pages/VT_Bootstrap/Receipt/td_AutoNoC031622113752957Ahm' is: 'AutoSin071224232909911Ahm'

2024-07-12 23:36:42 - [MESSAGE][PASSED] - Text of object 'Object Repository/AdminSuiteBootstrap_Pages/VT_Bootstrap/Receipt/td_AutoNoC031622113752957Ahm' is: 'AutoSin071224232909911Ahm'

2024-07-12 23:36:42 - [TEST_STEP][PASSED] - out.println("sdf: " + sdf): null

2024-07-12 23:36:42 - [TEST_STEP][PASSED] - remID = sdf: null

2024-07-12 23:36:42 - [TEST_STEP][PASSED] - out.println("remID: " + remID): null

2024-07-12 23:36:42 - [TEST_STEP][PASSED] - click(findTestObject(path_Receipt + "button_Continue")): Object: 'Object Repository/AdminSuiteBootstrap_Pages/VT_Bootstrap/Receipt/button_Continue' is clicked on

2024-07-12 23:36:43 - [MESSAGE][PASSED] - Object: 'Object Repository/AdminSuiteBootstrap_Pages/VT_Bootstrap/Receipt/button_Continue' is clicked on

2024-07-12 23:36:43 - [TEST_STEP][PASSED] - click(findTestObject(path_VT + "a_Search Transactions")): Object: 'Object Repository/AdminSuiteBootstrap_Pages/VT_Bootstrap/IssueTransactions/a_Search Transactions' is clicked on

2024-07-12 23:36:44 - [MESSAGE][PASSED] - Object: 'Object Repository/AdminSuiteBootstrap_Pages/VT_Bootstrap/IssueTransactions/a_Search Transactions' is clicked on

2024-07-12 23:36:44 - [TEST_STEP][PASSED] - setText(findTestObject(path_CCSearch + "input_Search By_searchValue"), remID): Text 'AutoSin071224232909911Ahm' is set on object 'Object Repository/AdminSuiteBootstrap_Pages/VT_Bootstrap/CCCreditOrVoidSearch/input_Search By_searchValue'

2024-07-12 23:36:44 - [MESSAGE][PASSED] - Text 'AutoSin071224232909911Ahm' is set on object 'Object Repository/AdminSuiteBootstrap_Pages/VT_Bootstrap/CCCreditOrVoidSearch/input_Search By_searchValue'

2024-07-12 23:36:44 - [TEST_STEP][PASSED] - click(findTestObject(path_CCSearch + "option_Authorization")): Object: 'Object Repository/AdminSuiteBootstrap_Pages/VT_Bootstrap/CCCreditOrVoidSearch/option_Authorization' is clicked on

2024-07-12 23:36:45 - [MESSAGE][PASSED] - Object: 'Object Repository/AdminSuiteBootstrap_Pages/VT_Bootstrap/CCCreditOrVoidSearch/option_Authorization' is clicked on

2024-07-12 23:36:45 - [TEST_STEP][PASSED] - click(findTestObject(path_CCSearch + "button_Submit")): Object: 'Object Repository/AdminSuiteBootstrap_Pages/VT_Bootstrap/CCCreditOrVoidSearch/button_Submit' is clicked on

2024-07-12 23:36:46 - [MESSAGE][PASSED] - Object: 'Object Repository/AdminSuiteBootstrap_Pages/VT_Bootstrap/CCCreditOrVoidSearch/button_Submit' is clicked on

2024-07-12 23:36:46 - [TEST_STEP][PASSED] - fgr = getText(findTestObject(path_SearchResults + "div_Payment ID")): Text of object 'Object Repository/AdminSuiteBootstrap_Pages/VT_Bootstrap/SearchResults/div_Payment ID' is: 'Payment ID
Payment Type
Transaction Type
Remittance ID
Name
Total Amount
End Date
Status
12154920 Credit Card Authorization AutoSin071224232909911Ahm Tulsi Raman $15.50 07/12/2024 Success'

2024-07-12 23:36:46 - [MESSAGE][PASSED] - Text of object 'Object Repository/AdminSuiteBootstrap_Pages/VT_Bootstrap/SearchResults/div_Payment ID' is: 'Payment ID
Payment Type
Transaction Type
Remittance ID
Name
Total Amount
End Date
Status
12154920 Credit Card Authorization AutoSin071224232909911Ahm Tulsi Raman $15.50 07/12/2024 Success'

2024-07-12 23:36:46 - [TEST_STEP][PASSED] - payID = substring(89, 98).trim(): null

2024-07-12 23:36:46 - [TEST_STEP][PASSED] - out.println("payID: " + payID): null

2024-07-12 23:36:46 - [TEST_STEP][PASSED] - click(findTestObject(path_SearchResults + "button_PaymentID")): Object: 'Object Repository/AdminSuiteBootstrap_Pages/VT_Bootstrap/SearchResults/button_PaymentID' is clicked on

2024-07-12 23:36:47 - [MESSAGE][PASSED] - Object: 'Object Repository/AdminSuiteBootstrap_Pages/VT_Bootstrap/SearchResults/button_PaymentID' is clicked on

2024-07-12 23:36:47 - [TEST_STEP][PASSED] - verifyTextPresent("Tender Type", true): Text 'Tender Type' is present on page  using regular expression

2024-07-12 23:36:48 - [MESSAGE][PASSED] - Text 'Tender Type' is present on page  using regular expression

2024-07-12 23:36:48 - [TEST_STEP][PASSED] - verifyTextPresent("Credit Card", true): Text 'Credit Card' is present on page  using regular expression

2024-07-12 23:36:48 - [MESSAGE][PASSED] - Text 'Credit Card' is present on page  using regular expression

2024-07-12 23:36:48 - [TEST_STEP][PASSED] - verifyTextPresent("Transaction Type", true): Text 'Transaction Type' is present on page  using regular expression

2024-07-12 23:36:48 - [MESSAGE][PASSED] - Text 'Transaction Type' is present on page  using regular expression

2024-07-12 23:36:48 - [TEST_STEP][PASSED] - verifyTextPresent("Authorization", true): Text 'Authorization' is present on page  using regular expression

2024-07-12 23:36:49 - [MESSAGE][PASSED] - Text 'Authorization' is present on page  using regular expression

2024-07-12 23:36:49 - [TEST_STEP][PASSED] - verifyTextPresent("Transaction Posted by", true): Text 'Transaction Posted by' is present on page  using regular expression

2024-07-12 23:36:49 - [MESSAGE][PASSED] - Text 'Transaction Posted by' is present on page  using regular expression

2024-07-12 23:36:49 - [TEST_STEP][PASSED] - verifyTextPresent("iahmed", true): Text 'iahmed' is present on page  using regular expression

2024-07-12 23:36:49 - [MESSAGE][PASSED] - Text 'iahmed' is present on page  using regular expression

2024-07-12 23:36:49 - [TEST_STEP][PASSED] - click(findTestObject(path_TranxDetails + "a_Capture this transaction")): Object: 'Object Repository/AdminSuiteBootstrap_Pages/VT_Bootstrap/TransactionDetails/a_Capture this transaction' is clicked on

2024-07-12 23:36:50 - [MESSAGE][PASSED] - Object: 'Object Repository/AdminSuiteBootstrap_Pages/VT_Bootstrap/TransactionDetails/a_Capture this transaction' is clicked on

2024-07-12 23:36:50 - [TEST_STEP][PASSED] - verifyTextPresent("Credit Card Capture", true): Text 'Credit Card Capture' is present on page  using regular expression

2024-07-12 23:36:51 - [MESSAGE][PASSED] - Text 'Credit Card Capture' is present on page  using regular expression

2024-07-12 23:36:51 - [TEST_STEP][PASSED] - captureAmount = findTestData(dataFile).getValue("CaptureAmount", row): null

2024-07-12 23:36:51 - [TEST_STEP][PASSED] - setText(findTestObject(path_SaleKB + "input_amountCapture"), captureAmount): Text '10.00' is set on object 'Object Repository/AdminSuiteBootstrap_Pages/VT_Bootstrap/SaleKeyboard/input_amountCapture'

2024-07-12 23:36:52 - [MESSAGE][PASSED] - Text '10.00' is set on object 'Object Repository/AdminSuiteBootstrap_Pages/VT_Bootstrap/SaleKeyboard/input_amountCapture'

2024-07-12 23:36:52 - [TEST_STEP][PASSED] - amountWithCF = findTestData(dataFile).getValue("AmountwithCF", row): null

2024-07-12 23:36:52 - [TEST_STEP][PASSED] - click(findTestObject(path_TranxDetails + "button_Submit")): Object: 'Object Repository/AdminSuiteBootstrap_Pages/VT_Bootstrap/TransactionDetails/button_Submit' is clicked on

2024-07-12 23:36:53 - [MESSAGE][PASSED] - Object: 'Object Repository/AdminSuiteBootstrap_Pages/VT_Bootstrap/TransactionDetails/button_Submit' is clicked on

2024-07-12 23:36:53 - [TEST_STEP][PASSED] - verifyTextPresent("Transaction Successful", true): Text 'Transaction Successful' is present on page  using regular expression

2024-07-12 23:36:54 - [MESSAGE][PASSED] - Text 'Transaction Successful' is present on page  using regular expression

2024-07-12 23:36:54 - [TEST_STEP][PASSED] - verifyTextPresent("Transaction Type", true): Text 'Transaction Type' is present on page  using regular expression

2024-07-12 23:36:54 - [MESSAGE][PASSED] - Text 'Transaction Type' is present on page  using regular expression

2024-07-12 23:36:54 - [TEST_STEP][PASSED] - verifyTextPresent("Capture", true): Text 'Capture' is present on page  using regular expression

2024-07-12 23:36:54 - [MESSAGE][PASSED] - Text 'Capture' is present on page  using regular expression

2024-07-12 23:36:54 - [TEST_STEP][PASSED] - verifyTextPresent("Amount", true): Text 'Amount' is present on page  using regular expression

2024-07-12 23:36:55 - [MESSAGE][PASSED] - Text 'Amount' is present on page  using regular expression

2024-07-12 23:36:55 - [TEST_STEP][PASSED] - verifyTextPresent("Service Fee", true): Text 'Service Fee' is present on page  using regular expression

2024-07-12 23:36:55 - [MESSAGE][PASSED] - Text 'Service Fee' is present on page  using regular expression

2024-07-12 23:36:55 - [TEST_STEP][PASSED] - verifyTextPresent("Service Fee Type", true): Text 'Service Fee Type' is present on page  using regular expression

2024-07-12 23:36:56 - [MESSAGE][PASSED] - Text 'Service Fee Type' is present on page  using regular expression

2024-07-12 23:36:56 - [TEST_STEP][PASSED] - verifyTextPresent("Total Amount", true): Text 'Total Amount' is present on page  using regular expression

2024-07-12 23:36:56 - [MESSAGE][PASSED] - Text 'Total Amount' is present on page  using regular expression

2024-07-12 23:36:56 - [TEST_STEP][PASSED] - verifyTextPresent(captureAmount, true): Text '10.00' is present on page  using regular expression

2024-07-12 23:36:56 - [MESSAGE][PASSED] - Text '10.00' is present on page  using regular expression

2024-07-12 23:36:56 - [TEST_STEP][PASSED] - verifyTextPresent("5.00", true): Text '5.00' is present on page  using regular expression

2024-07-12 23:36:57 - [MESSAGE][PASSED] - Text '5.00' is present on page  using regular expression

2024-07-12 23:36:57 - [TEST_STEP][PASSED] - verifyTextPresent("Single Transaction", true): Text 'Single Transaction' is present on page  using regular expression

2024-07-12 23:36:57 - [MESSAGE][PASSED] - Text 'Single Transaction' is present on page  using regular expression

2024-07-12 23:36:57 - [TEST_STEP][PASSED] - verifyTextPresent(amountWithCF, true): Text '15.00' is present on page  using regular expression

2024-07-12 23:36:57 - [MESSAGE][PASSED] - Text '15.00' is present on page  using regular expression

2024-07-12 23:36:57 - [TEST_STEP][PASSED] - closeBrowser(): Browser is closed

2024-07-12 23:36:58 - [MESSAGE][PASSED] - Browser is closed

2024-07-12 23:36:58 - [TEST_STEP][PASSED] - ExecuteTC = findTestData(dataFile).getValue("Execute", row): null

2024-07-12 23:36:59 - [TEST_STEP][PASSED] - out.println("Value of Execute is : " + ExecuteTC): null

2024-07-12 23:36:59 - [TEST_STEP][PASSED] - switch (executionProfile): null

2024-07-12 23:36:59 - [TEST_STEP][PASSED] - case "QA2Profile":: null

2024-07-12 23:36:59 - [TEST_STEP][PASSED] - appName = findTestData(dataFile).getValue("AppNameQA", row): null

2024-07-12 23:36:59 - [TEST_STEP][PASSED] - appID = findTestData(dataFile).getValue("AppIDQA", row): null

2024-07-12 23:36:59 - [TEST_STEP][PASSED] - break: null

2024-07-12 23:36:59 - [TEST_STEP][PASSED] - hrefAppID = li_1 + appID + li_2: null

2024-07-12 23:36:59 - [TEST_STEP][PASSED] - hrefApp = li_1 + appID + "/": null

2024-07-12 23:36:59 - [TEST_STEP][PASSED] - println("hrefApp : " + hrefApp): null

2024-07-12 23:36:59 - [TEST_STEP][PASSED] - if (ExecuteTC.equalsIgnoreCase("Y")): null

2024-07-12 23:36:59 - [TEST_STEP][PASSED] - out.println("Begin Record Number: " + row): null

2024-07-12 23:36:59 - [TEST_STEP][PASSED] - today = new java.util.Date(): null

2024-07-12 23:36:59 - [TEST_STEP][PASSED] - println(today): null

2024-07-12 23:36:59 - [TEST_STEP][PASSED] - datText = today: null

2024-07-12 23:36:59 - [TEST_STEP][PASSED] - adminSuiteBootstrap.loginFunctionality.login_AdminSuite(): adminSuiteBootstrap.loginFunctionality.login_AdminSuite is PASSED

2024-07-12 23:36:59 - [MESSAGE][INFO] - Starting 'Chrome' driver

2024-07-12 23:36:59 - [MESSAGE][INFO] - User set preference: ['acceptInsecureCerts', 'true']

2024-07-12 23:36:59 - [MESSAGE][INFO] - Action delay is set to 0 milliseconds

2024-07-12 23:37:01 - [MESSAGE][PASSED] - Browser is opened with url: 'https://qa2.velocitypayment.com/admin/imtiaz'

2024-07-12 23:37:02 - [MESSAGE][PASSED] - Current window maximized

2024-07-12 23:37:02 - [MESSAGE][PASSED] - Object 'Object Repository/Login_Page/Login_Username_Okta' is present

2024-07-12 23:37:03 - [MESSAGE][PASSED] - Text 'iahmed' is set on object 'Object Repository/Login_Page/Login_Username_Okta'

2024-07-12 23:37:04 - [MESSAGE][PASSED] - Text 'Hello!6666666' is set on object 'Object Repository/Login_Page/Login_Password_Okta'

2024-07-12 23:37:04 - [MESSAGE][PASSED] - Object: 'Object Repository/Login_Page/Login_Submit_Okta' is clicked on

2024-07-12 23:37:04 - [MESSAGE][PASSED] - adminSuiteBootstrap.loginFunctionality.login_AdminSuite is PASSED

2024-07-12 23:37:04 - [TEST_STEP][PASSED] - click(findTestObject(path_Dashboard + appName)): Object: 'Object Repository/AdminSuiteBootstrap_Pages/Dashboard_Bootstrap/a_Access AutoSingleCFtpQA' is clicked on

2024-07-12 23:37:13 - [MESSAGE][PASSED] - Object: 'Object Repository/AdminSuiteBootstrap_Pages/Dashboard_Bootstrap/a_Access AutoSingleCFtpQA' is clicked on

2024-07-12 23:37:13 - [TEST_STEP][PASSED] - click(findTestObject(path_VT + "button_Authorization Only")): Object: 'Object Repository/AdminSuiteBootstrap_Pages/VT_Bootstrap/IssueTransactions/button_Authorization Only' is clicked on

2024-07-12 23:37:13 - [MESSAGE][PASSED] - Object: 'Object Repository/AdminSuiteBootstrap_Pages/VT_Bootstrap/IssueTransactions/button_Authorization Only' is clicked on

2024-07-12 23:37:13 - [TEST_STEP][PASSED] - authOnlyKeyboardEntryLink = modifyObjectProperty(findTestObject(path_VT + "a_KeyboardEntry_Sale"), "href", "equals", hrefAppID, true): Modify property of object successfully

2024-07-12 23:37:13 - [MESSAGE][PASSED] - Modify property of object successfully

2024-07-12 23:37:13 - [TEST_STEP][PASSED] - click(authOnlyKeyboardEntryLink): Object: 'Object Repository/AdminSuiteBootstrap_Pages/VT_Bootstrap/IssueTransactions/a_KeyboardEntry_Sale' is clicked on

2024-07-12 23:37:14 - [MESSAGE][PASSED] - Object: 'Object Repository/AdminSuiteBootstrap_Pages/VT_Bootstrap/IssueTransactions/a_KeyboardEntry_Sale' is clicked on

2024-07-12 23:37:14 - [TEST_STEP][PASSED] - adminSuiteBootstrap.virtualTerminalSetData.saleKeyboard_DataDriven(row, dataFile): adminSuiteBootstrap.virtualTerminalSetData.saleKeyboard_DataDriven is PASSED

2024-07-12 23:37:17 - [MESSAGE][PASSED] - Text 'Janaki James' is set on object 'Object Repository/AdminSuiteBootstrap_Pages/VT_Bootstrap/SaleKeyboard/input_cardName'

2024-07-12 23:37:18 - [MESSAGE][PASSED] - All options with value 'MOTO' are selected in object 'Object Repository/AdminSuiteBootstrap_Pages/VT_Bootstrap/SaleKeyboard/select_transactionCategory'  using regular expression

2024-07-12 23:37:19 - [MESSAGE][PASSED] - Execute JavaScript 'arguments[0].value ='4012000098765439' ' successfully

2024-07-12 23:37:19 - [MESSAGE][PASSED] - Execute JavaScript 'arguments[0].value ='123' ' successfully

2024-07-12 23:37:20 - [MESSAGE][PASSED] - All options with value '12' are selected in object 'Object Repository/AdminSuiteBootstrap_Pages/VT_Bootstrap/SaleKeyboard/select_MM'  using regular expression

2024-07-12 23:37:22 - [MESSAGE][PASSED] - All options with value '2025' are selected in object 'Object Repository/AdminSuiteBootstrap_Pages/VT_Bootstrap/SaleKeyboard/select_YYYY'  using regular expression

2024-07-12 23:37:22 - [MESSAGE][PASSED] - Text '36 Cornor Road' is set on object 'Object Repository/AdminSuiteBootstrap_Pages/VT_Bootstrap/SaleKeyboard/input__address'

2024-07-12 23:37:23 - [MESSAGE][PASSED] - Text 'Suite 500' is set on object 'Object Repository/AdminSuiteBootstrap_Pages/VT_Bootstrap/SaleKeyboard/input__address2'

2024-07-12 23:37:24 - [MESSAGE][PASSED] - Text '22201' is set on object 'Object Repository/AdminSuiteBootstrap_Pages/VT_Bootstrap/SaleKeyboard/input__zip'

2024-07-12 23:37:25 - [MESSAGE][PASSED] - Text '' is set on object 'Object Repository/AdminSuiteBootstrap_Pages/VT_Bootstrap/SaleKeyboard/input_emailAddress'

2024-07-12 23:37:26 - [MESSAGE][PASSED] - Text '' is set on object 'Object Repository/AdminSuiteBootstrap_Pages/VT_Bootstrap/SaleKeyboard/input_smsNumber'

2024-07-12 23:37:27 - [MESSAGE][PASSED] - Text '10.50' is set on object 'Object Repository/AdminSuiteBootstrap_Pages/VT_Bootstrap/SaleKeyboard/input_amount'

2024-07-12 23:37:28 - [MESSAGE][PASSED] - Text 'Australia' is set on object 'Object Repository/AdminSuiteBootstrap_Pages/VT_Bootstrap/SaleKeyboard/input_userDefined1'

2024-07-12 23:37:29 - [MESSAGE][PASSED] - Text 'Denmark' is set on object 'Object Repository/AdminSuiteBootstrap_Pages/VT_Bootstrap/SaleKeyboard/input_userDefined2'

2024-07-12 23:37:29 - [MESSAGE][PASSED] - Text 'Sweden' is set on object 'Object Repository/AdminSuiteBootstrap_Pages/VT_Bootstrap/SaleKeyboard/input_userDefined3'

2024-07-12 23:37:30 - [MESSAGE][PASSED] - Text 'Austria' is set on object 'Object Repository/AdminSuiteBootstrap_Pages/VT_Bootstrap/SaleKeyboard/input_userDefined4'

2024-07-12 23:37:31 - [MESSAGE][PASSED] - All options with label 'Orange' are selected in object 'Object Repository/AdminSuiteBootstrap_Pages/VT_Bootstrap/SaleKeyboard/select_UDF5_DropDown'  using regular expression

2024-07-12 23:37:32 - [MESSAGE][PASSED] - All options with label 'Yellow' are selected in object 'Object Repository/AdminSuiteBootstrap_Pages/VT_Bootstrap/SaleKeyboard/select_UDF6_DropDown'  using regular expression

2024-07-12 23:37:33 - [MESSAGE][PASSED] - Text 'Norway' is set on object 'Object Repository/AdminSuiteBootstrap_Pages/VT_Bootstrap/SaleKeyboard/input_userDefined7'

2024-07-12 23:37:33 - [MESSAGE][PASSED] - Text 'Netherlands' is set on object 'Object Repository/AdminSuiteBootstrap_Pages/VT_Bootstrap/SaleKeyboard/input_userDefined8'

2024-07-12 23:37:34 - [MESSAGE][PASSED] - Text 'Switzerland' is set on object 'Object Repository/AdminSuiteBootstrap_Pages/VT_Bootstrap/SaleKeyboard/input_userDefined9'

2024-07-12 23:37:35 - [MESSAGE][PASSED] - Text 'France' is set on object 'Object Repository/AdminSuiteBootstrap_Pages/VT_Bootstrap/SaleKeyboard/input_userDefined10'

2024-07-12 23:37:36 - [MESSAGE][PASSED] - Object: 'Object Repository/AdminSuiteBootstrap_Pages/VT_Bootstrap/SaleKeyboard/button_Submit' is clicked on

2024-07-12 23:37:36 - [MESSAGE][PASSED] - adminSuiteBootstrap.virtualTerminalSetData.saleKeyboard_DataDriven is PASSED

2024-07-12 23:37:36 - [TEST_STEP][PASSED] - if (verifyTextPresent("Transaction Successful", true)): null

2024-07-12 23:37:37 - [MESSAGE][PASSED] - Text 'Transaction Successful' is present on page  using regular expression

2024-07-12 23:37:37 - [TEST_STEP][PASSED] - sdf = getText(findTestObject(path_Receipt + "td_AutoNoC031622113752957Ahm")): Text of object 'Object Repository/AdminSuiteBootstrap_Pages/VT_Bootstrap/Receipt/td_AutoNoC031622113752957Ahm' is: 'AutoSin071224233005305Ahm'

2024-07-12 23:37:37 - [MESSAGE][PASSED] - Text of object 'Object Repository/AdminSuiteBootstrap_Pages/VT_Bootstrap/Receipt/td_AutoNoC031622113752957Ahm' is: 'AutoSin071224233005305Ahm'

2024-07-12 23:37:37 - [TEST_STEP][PASSED] - out.println("sdf: " + sdf): null

2024-07-12 23:37:37 - [TEST_STEP][PASSED] - remID = sdf: null

2024-07-12 23:37:37 - [TEST_STEP][PASSED] - out.println("remID: " + remID): null

2024-07-12 23:37:37 - [TEST_STEP][PASSED] - click(findTestObject(path_Receipt + "button_Continue")): Object: 'Object Repository/AdminSuiteBootstrap_Pages/VT_Bootstrap/Receipt/button_Continue' is clicked on

2024-07-12 23:37:38 - [MESSAGE][PASSED] - Object: 'Object Repository/AdminSuiteBootstrap_Pages/VT_Bootstrap/Receipt/button_Continue' is clicked on

2024-07-12 23:37:38 - [TEST_STEP][PASSED] - click(findTestObject(path_VT + "a_Search Transactions")): Object: 'Object Repository/AdminSuiteBootstrap_Pages/VT_Bootstrap/IssueTransactions/a_Search Transactions' is clicked on

2024-07-12 23:37:39 - [MESSAGE][PASSED] - Object: 'Object Repository/AdminSuiteBootstrap_Pages/VT_Bootstrap/IssueTransactions/a_Search Transactions' is clicked on

2024-07-12 23:37:39 - [TEST_STEP][PASSED] - setText(findTestObject(path_CCSearch + "input_Search By_searchValue"), remID): Text 'AutoSin071224233005305Ahm' is set on object 'Object Repository/AdminSuiteBootstrap_Pages/VT_Bootstrap/CCCreditOrVoidSearch/input_Search By_searchValue'

2024-07-12 23:37:40 - [MESSAGE][PASSED] - Text 'AutoSin071224233005305Ahm' is set on object 'Object Repository/AdminSuiteBootstrap_Pages/VT_Bootstrap/CCCreditOrVoidSearch/input_Search By_searchValue'

2024-07-12 23:37:40 - [TEST_STEP][PASSED] - click(findTestObject(path_CCSearch + "option_Authorization")): Object: 'Object Repository/AdminSuiteBootstrap_Pages/VT_Bootstrap/CCCreditOrVoidSearch/option_Authorization' is clicked on

2024-07-12 23:37:40 - [MESSAGE][PASSED] - Object: 'Object Repository/AdminSuiteBootstrap_Pages/VT_Bootstrap/CCCreditOrVoidSearch/option_Authorization' is clicked on

2024-07-12 23:37:40 - [TEST_STEP][PASSED] - click(findTestObject(path_CCSearch + "button_Submit")): Object: 'Object Repository/AdminSuiteBootstrap_Pages/VT_Bootstrap/CCCreditOrVoidSearch/button_Submit' is clicked on

2024-07-12 23:37:41 - [MESSAGE][PASSED] - Object: 'Object Repository/AdminSuiteBootstrap_Pages/VT_Bootstrap/CCCreditOrVoidSearch/button_Submit' is clicked on

2024-07-12 23:37:41 - [TEST_STEP][PASSED] - fgr = getText(findTestObject(path_SearchResults + "div_Payment ID")): Text of object 'Object Repository/AdminSuiteBootstrap_Pages/VT_Bootstrap/SearchResults/div_Payment ID' is: 'Payment ID
Payment Type
Transaction Type
Remittance ID
Name
Total Amount
End Date
Status
12154922 Credit Card Authorization AutoSin071224233005305Ahm Janaki James $15.50 07/12/2024 Success'

2024-07-12 23:37:42 - [MESSAGE][PASSED] - Text of object 'Object Repository/AdminSuiteBootstrap_Pages/VT_Bootstrap/SearchResults/div_Payment ID' is: 'Payment ID
Payment Type
Transaction Type
Remittance ID
Name
Total Amount
End Date
Status
12154922 Credit Card Authorization AutoSin071224233005305Ahm Janaki James $15.50 07/12/2024 Success'

2024-07-12 23:37:42 - [TEST_STEP][PASSED] - payID = substring(89, 98).trim(): null

2024-07-12 23:37:42 - [TEST_STEP][PASSED] - out.println("payID: " + payID): null

2024-07-12 23:37:42 - [TEST_STEP][PASSED] - click(findTestObject(path_SearchResults + "button_PaymentID")): Object: 'Object Repository/AdminSuiteBootstrap_Pages/VT_Bootstrap/SearchResults/button_PaymentID' is clicked on

2024-07-12 23:37:42 - [MESSAGE][PASSED] - Object: 'Object Repository/AdminSuiteBootstrap_Pages/VT_Bootstrap/SearchResults/button_PaymentID' is clicked on

2024-07-12 23:37:42 - [TEST_STEP][PASSED] - verifyTextPresent("Tender Type", true): Text 'Tender Type' is present on page  using regular expression

2024-07-12 23:37:43 - [MESSAGE][PASSED] - Text 'Tender Type' is present on page  using regular expression

2024-07-12 23:37:43 - [TEST_STEP][PASSED] - verifyTextPresent("Credit Card", true): Text 'Credit Card' is present on page  using regular expression

2024-07-12 23:37:43 - [MESSAGE][PASSED] - Text 'Credit Card' is present on page  using regular expression

2024-07-12 23:37:43 - [TEST_STEP][PASSED] - verifyTextPresent("Transaction Type", true): Text 'Transaction Type' is present on page  using regular expression

2024-07-12 23:37:44 - [MESSAGE][PASSED] - Text 'Transaction Type' is present on page  using regular expression

2024-07-12 23:37:44 - [TEST_STEP][PASSED] - verifyTextPresent("Authorization", true): Text 'Authorization' is present on page  using regular expression

2024-07-12 23:37:44 - [MESSAGE][PASSED] - Text 'Authorization' is present on page  using regular expression

2024-07-12 23:37:44 - [TEST_STEP][PASSED] - verifyTextPresent("Transaction Posted by", true): Text 'Transaction Posted by' is present on page  using regular expression

2024-07-12 23:37:44 - [MESSAGE][PASSED] - Text 'Transaction Posted by' is present on page  using regular expression

2024-07-12 23:37:44 - [TEST_STEP][PASSED] - verifyTextPresent("iahmed", true): Text 'iahmed' is present on page  using regular expression

2024-07-12 23:37:45 - [MESSAGE][PASSED] - Text 'iahmed' is present on page  using regular expression

2024-07-12 23:37:45 - [TEST_STEP][PASSED] - click(findTestObject(path_TranxDetails + "a_Capture this transaction")): Object: 'Object Repository/AdminSuiteBootstrap_Pages/VT_Bootstrap/TransactionDetails/a_Capture this transaction' is clicked on

2024-07-12 23:37:46 - [MESSAGE][PASSED] - Object: 'Object Repository/AdminSuiteBootstrap_Pages/VT_Bootstrap/TransactionDetails/a_Capture this transaction' is clicked on

2024-07-12 23:37:46 - [TEST_STEP][PASSED] - verifyTextPresent("Credit Card Capture", true): Text 'Credit Card Capture' is present on page  using regular expression

2024-07-12 23:37:47 - [MESSAGE][PASSED] - Text 'Credit Card Capture' is present on page  using regular expression

2024-07-12 23:37:47 - [TEST_STEP][PASSED] - captureAmount = findTestData(dataFile).getValue("CaptureAmount", row): null

2024-07-12 23:37:47 - [TEST_STEP][PASSED] - setText(findTestObject(path_SaleKB + "input_amountCapture"), captureAmount): Text '10.50' is set on object 'Object Repository/AdminSuiteBootstrap_Pages/VT_Bootstrap/SaleKeyboard/input_amountCapture'

2024-07-12 23:37:47 - [MESSAGE][PASSED] - Text '10.50' is set on object 'Object Repository/AdminSuiteBootstrap_Pages/VT_Bootstrap/SaleKeyboard/input_amountCapture'

2024-07-12 23:37:47 - [TEST_STEP][PASSED] - amountWithCF = findTestData(dataFile).getValue("AmountwithCF", row): null

2024-07-12 23:37:47 - [TEST_STEP][PASSED] - click(findTestObject(path_TranxDetails + "button_Submit")): Object: 'Object Repository/AdminSuiteBootstrap_Pages/VT_Bootstrap/TransactionDetails/button_Submit' is clicked on

2024-07-12 23:37:49 - [MESSAGE][PASSED] - Object: 'Object Repository/AdminSuiteBootstrap_Pages/VT_Bootstrap/TransactionDetails/button_Submit' is clicked on

2024-07-12 23:37:49 - [TEST_STEP][PASSED] - verifyTextPresent("Transaction Successful", true): Text 'Transaction Successful' is present on page  using regular expression

2024-07-12 23:37:50 - [MESSAGE][PASSED] - Text 'Transaction Successful' is present on page  using regular expression

2024-07-12 23:37:50 - [TEST_STEP][PASSED] - verifyTextPresent("Transaction Type", true): Text 'Transaction Type' is present on page  using regular expression

2024-07-12 23:37:50 - [MESSAGE][PASSED] - Text 'Transaction Type' is present on page  using regular expression

2024-07-12 23:37:50 - [TEST_STEP][PASSED] - verifyTextPresent("Capture", true): Text 'Capture' is present on page  using regular expression

2024-07-12 23:37:50 - [MESSAGE][PASSED] - Text 'Capture' is present on page  using regular expression

2024-07-12 23:37:50 - [TEST_STEP][PASSED] - verifyTextPresent("Amount", true): Text 'Amount' is present on page  using regular expression

2024-07-12 23:37:51 - [MESSAGE][PASSED] - Text 'Amount' is present on page  using regular expression

2024-07-12 23:37:51 - [TEST_STEP][PASSED] - verifyTextPresent("Service Fee", true): Text 'Service Fee' is present on page  using regular expression

2024-07-12 23:37:51 - [MESSAGE][PASSED] - Text 'Service Fee' is present on page  using regular expression

2024-07-12 23:37:51 - [TEST_STEP][PASSED] - verifyTextPresent("Service Fee Type", true): Text 'Service Fee Type' is present on page  using regular expression

2024-07-12 23:37:51 - [MESSAGE][PASSED] - Text 'Service Fee Type' is present on page  using regular expression

2024-07-12 23:37:51 - [TEST_STEP][PASSED] - verifyTextPresent("Total Amount", true): Text 'Total Amount' is present on page  using regular expression

2024-07-12 23:37:52 - [MESSAGE][PASSED] - Text 'Total Amount' is present on page  using regular expression

2024-07-12 23:37:52 - [TEST_STEP][PASSED] - verifyTextPresent(captureAmount, true): Text '10.50' is present on page  using regular expression

2024-07-12 23:37:52 - [MESSAGE][PASSED] - Text '10.50' is present on page  using regular expression

2024-07-12 23:37:52 - [TEST_STEP][PASSED] - verifyTextPresent("5.00", true): Text '5.00' is present on page  using regular expression

2024-07-12 23:37:52 - [MESSAGE][PASSED] - Text '5.00' is present on page  using regular expression

2024-07-12 23:37:52 - [TEST_STEP][PASSED] - verifyTextPresent("Single Transaction", true): Text 'Single Transaction' is present on page  using regular expression

2024-07-12 23:37:53 - [MESSAGE][PASSED] - Text 'Single Transaction' is present on page  using regular expression

2024-07-12 23:37:53 - [TEST_STEP][PASSED] - verifyTextPresent(amountWithCF, true): Text '15.50' is present on page  using regular expression

2024-07-12 23:37:53 - [MESSAGE][PASSED] - Text '15.50' is present on page  using regular expression

2024-07-12 23:37:53 - [TEST_STEP][PASSED] - closeBrowser(): Browser is closed

2024-07-12 23:37:54 - [MESSAGE][PASSED] - Browser is closed

2024-07-12 23:37:54 - [TEST_STEP][PASSED] - ExecuteTC = findTestData(dataFile).getValue("Execute", row): null

2024-07-12 23:37:54 - [TEST_STEP][PASSED] - out.println("Value of Execute is : " + ExecuteTC): null

2024-07-12 23:37:54 - [TEST_STEP][PASSED] - switch (executionProfile): null

2024-07-12 23:37:54 - [TEST_STEP][PASSED] - case "QA2Profile":: null

2024-07-12 23:37:54 - [TEST_STEP][PASSED] - appName = findTestData(dataFile).getValue("AppNameQA", row): null

2024-07-12 23:37:54 - [TEST_STEP][PASSED] - appID = findTestData(dataFile).getValue("AppIDQA", row): null

2024-07-12 23:37:55 - [TEST_STEP][PASSED] - break: null

2024-07-12 23:37:55 - [TEST_STEP][PASSED] - hrefAppID = li_1 + appID + li_2: null

2024-07-12 23:37:55 - [TEST_STEP][PASSED] - hrefApp = li_1 + appID + "/": null

2024-07-12 23:37:55 - [TEST_STEP][PASSED] - println("hrefApp : " + hrefApp): null

2024-07-12 23:37:55 - [TEST_STEP][PASSED] - if (ExecuteTC.equalsIgnoreCase("Y")): null

2024-07-12 23:37:55 - [TEST_STEP][PASSED] - out.println("Begin Record Number: " + row): null

2024-07-12 23:37:55 - [TEST_STEP][PASSED] - today = new java.util.Date(): null

2024-07-12 23:37:55 - [TEST_STEP][PASSED] - println(today): null

2024-07-12 23:37:55 - [TEST_STEP][PASSED] - datText = today: null

2024-07-12 23:37:55 - [TEST_STEP][PASSED] - adminSuiteBootstrap.loginFunctionality.login_AdminSuite(): adminSuiteBootstrap.loginFunctionality.login_AdminSuite is PASSED

2024-07-12 23:37:55 - [MESSAGE][INFO] - Starting 'Chrome' driver

2024-07-12 23:37:55 - [MESSAGE][INFO] - User set preference: ['acceptInsecureCerts', 'true']

2024-07-12 23:37:55 - [MESSAGE][INFO] - Action delay is set to 0 milliseconds

2024-07-12 23:37:56 - [MESSAGE][PASSED] - Browser is opened with url: 'https://qa2.velocitypayment.com/admin/imtiaz'

2024-07-12 23:37:57 - [MESSAGE][PASSED] - Current window maximized

2024-07-12 23:37:58 - [MESSAGE][PASSED] - Object 'Object Repository/Login_Page/Login_Username_Okta' is present

2024-07-12 23:37:59 - [MESSAGE][PASSED] - Text 'iahmed' is set on object 'Object Repository/Login_Page/Login_Username_Okta'

2024-07-12 23:38:00 - [MESSAGE][PASSED] - Text 'Hello!6666666' is set on object 'Object Repository/Login_Page/Login_Password_Okta'

2024-07-12 23:38:00 - [MESSAGE][PASSED] - Object: 'Object Repository/Login_Page/Login_Submit_Okta' is clicked on

2024-07-12 23:38:00 - [MESSAGE][PASSED] - adminSuiteBootstrap.loginFunctionality.login_AdminSuite is PASSED

2024-07-12 23:38:00 - [TEST_STEP][PASSED] - click(findTestObject(path_Dashboard + appName)): Object: 'Object Repository/AdminSuiteBootstrap_Pages/Dashboard_Bootstrap/a_Access AutoSingleCFtpQA' is clicked on

2024-07-12 23:38:08 - [MESSAGE][PASSED] - Object: 'Object Repository/AdminSuiteBootstrap_Pages/Dashboard_Bootstrap/a_Access AutoSingleCFtpQA' is clicked on

2024-07-12 23:38:08 - [TEST_STEP][PASSED] - click(findTestObject(path_VT + "button_Authorization Only")): Object: 'Object Repository/AdminSuiteBootstrap_Pages/VT_Bootstrap/IssueTransactions/button_Authorization Only' is clicked on

2024-07-12 23:38:09 - [MESSAGE][PASSED] - Object: 'Object Repository/AdminSuiteBootstrap_Pages/VT_Bootstrap/IssueTransactions/button_Authorization Only' is clicked on

2024-07-12 23:38:09 - [TEST_STEP][PASSED] - authOnlyKeyboardEntryLink = modifyObjectProperty(findTestObject(path_VT + "a_KeyboardEntry_Sale"), "href", "equals", hrefAppID, true): Modify property of object successfully

2024-07-12 23:38:09 - [MESSAGE][PASSED] - Modify property of object successfully

2024-07-12 23:38:09 - [TEST_STEP][PASSED] - click(authOnlyKeyboardEntryLink): Object: 'Object Repository/AdminSuiteBootstrap_Pages/VT_Bootstrap/IssueTransactions/a_KeyboardEntry_Sale' is clicked on

2024-07-12 23:38:10 - [MESSAGE][PASSED] - Object: 'Object Repository/AdminSuiteBootstrap_Pages/VT_Bootstrap/IssueTransactions/a_KeyboardEntry_Sale' is clicked on

2024-07-12 23:38:10 - [TEST_STEP][PASSED] - adminSuiteBootstrap.virtualTerminalSetData.saleKeyboard_DataDriven(row, dataFile): adminSuiteBootstrap.virtualTerminalSetData.saleKeyboard_DataDriven is PASSED

2024-07-12 23:38:13 - [MESSAGE][PASSED] - Text 'Janaki James' is set on object 'Object Repository/AdminSuiteBootstrap_Pages/VT_Bootstrap/SaleKeyboard/input_cardName'

2024-07-12 23:38:15 - [MESSAGE][PASSED] - All options with value 'MOTO' are selected in object 'Object Repository/AdminSuiteBootstrap_Pages/VT_Bootstrap/SaleKeyboard/select_transactionCategory'  using regular expression

2024-07-12 23:38:15 - [MESSAGE][PASSED] - Execute JavaScript 'arguments[0].value ='5146312200000035' ' successfully

2024-07-12 23:38:15 - [MESSAGE][PASSED] - Execute JavaScript 'arguments[0].value ='123' ' successfully

2024-07-12 23:38:17 - [MESSAGE][PASSED] - All options with value '12' are selected in object 'Object Repository/AdminSuiteBootstrap_Pages/VT_Bootstrap/SaleKeyboard/select_MM'  using regular expression

2024-07-12 23:38:18 - [MESSAGE][PASSED] - All options with value '2025' are selected in object 'Object Repository/AdminSuiteBootstrap_Pages/VT_Bootstrap/SaleKeyboard/select_YYYY'  using regular expression

2024-07-12 23:38:18 - [MESSAGE][PASSED] - Text '1478 Jhatka Palace' is set on object 'Object Repository/AdminSuiteBootstrap_Pages/VT_Bootstrap/SaleKeyboard/input__address'

2024-07-12 23:38:19 - [MESSAGE][PASSED] - Text 'Suite 500' is set on object 'Object Repository/AdminSuiteBootstrap_Pages/VT_Bootstrap/SaleKeyboard/input__address2'

2024-07-12 23:38:20 - [MESSAGE][PASSED] - Text '22201' is set on object 'Object Repository/AdminSuiteBootstrap_Pages/VT_Bootstrap/SaleKeyboard/input__zip'

2024-07-12 23:38:21 - [MESSAGE][PASSED] - Text '' is set on object 'Object Repository/AdminSuiteBootstrap_Pages/VT_Bootstrap/SaleKeyboard/input_emailAddress'

2024-07-12 23:38:22 - [MESSAGE][PASSED] - Text '' is set on object 'Object Repository/AdminSuiteBootstrap_Pages/VT_Bootstrap/SaleKeyboard/input_smsNumber'

2024-07-12 23:38:23 - [MESSAGE][PASSED] - Text '10.50' is set on object 'Object Repository/AdminSuiteBootstrap_Pages/VT_Bootstrap/SaleKeyboard/input_amount'

2024-07-12 23:38:24 - [MESSAGE][PASSED] - Text 'Australia' is set on object 'Object Repository/AdminSuiteBootstrap_Pages/VT_Bootstrap/SaleKeyboard/input_userDefined1'

2024-07-12 23:38:24 - [MESSAGE][PASSED] - Text 'Denmark' is set on object 'Object Repository/AdminSuiteBootstrap_Pages/VT_Bootstrap/SaleKeyboard/input_userDefined2'

2024-07-12 23:38:25 - [MESSAGE][PASSED] - Text 'Sweden' is set on object 'Object Repository/AdminSuiteBootstrap_Pages/VT_Bootstrap/SaleKeyboard/input_userDefined3'

2024-07-12 23:38:26 - [MESSAGE][PASSED] - Text 'Austria' is set on object 'Object Repository/AdminSuiteBootstrap_Pages/VT_Bootstrap/SaleKeyboard/input_userDefined4'

2024-07-12 23:38:27 - [MESSAGE][PASSED] - All options with label 'Orange' are selected in object 'Object Repository/AdminSuiteBootstrap_Pages/VT_Bootstrap/SaleKeyboard/select_UDF5_DropDown'  using regular expression

2024-07-12 23:38:28 - [MESSAGE][PASSED] - All options with label 'Yellow' are selected in object 'Object Repository/AdminSuiteBootstrap_Pages/VT_Bootstrap/SaleKeyboard/select_UDF6_DropDown'  using regular expression

2024-07-12 23:38:28 - [MESSAGE][PASSED] - Text 'Norway' is set on object 'Object Repository/AdminSuiteBootstrap_Pages/VT_Bootstrap/SaleKeyboard/input_userDefined7'

2024-07-12 23:38:29 - [MESSAGE][PASSED] - Text 'Netherlands' is set on object 'Object Repository/AdminSuiteBootstrap_Pages/VT_Bootstrap/SaleKeyboard/input_userDefined8'

2024-07-12 23:38:30 - [MESSAGE][PASSED] - Text 'Switzerland' is set on object 'Object Repository/AdminSuiteBootstrap_Pages/VT_Bootstrap/SaleKeyboard/input_userDefined9'

2024-07-12 23:38:31 - [MESSAGE][PASSED] - Text 'France' is set on object 'Object Repository/AdminSuiteBootstrap_Pages/VT_Bootstrap/SaleKeyboard/input_userDefined10'

2024-07-12 23:38:32 - [MESSAGE][PASSED] - Object: 'Object Repository/AdminSuiteBootstrap_Pages/VT_Bootstrap/SaleKeyboard/button_Submit' is clicked on

2024-07-12 23:38:32 - [MESSAGE][PASSED] - adminSuiteBootstrap.virtualTerminalSetData.saleKeyboard_DataDriven is PASSED

2024-07-12 23:38:32 - [TEST_STEP][PASSED] - if (verifyTextPresent("Transaction Successful", true)): null

2024-07-12 23:38:32 - [MESSAGE][PASSED] - Text 'Transaction Successful' is present on page  using regular expression

2024-07-12 23:38:32 - [TEST_STEP][PASSED] - sdf = getText(findTestObject(path_Receipt + "td_AutoNoC031622113752957Ahm")): Text of object 'Object Repository/AdminSuiteBootstrap_Pages/VT_Bootstrap/Receipt/td_AutoNoC031622113752957Ahm' is: 'AutoSin071224233100797Ahm'

2024-07-12 23:38:33 - [MESSAGE][PASSED] - Text of object 'Object Repository/AdminSuiteBootstrap_Pages/VT_Bootstrap/Receipt/td_AutoNoC031622113752957Ahm' is: 'AutoSin071224233100797Ahm'

2024-07-12 23:38:33 - [TEST_STEP][PASSED] - out.println("sdf: " + sdf): null

2024-07-12 23:38:33 - [TEST_STEP][PASSED] - remID = sdf: null

2024-07-12 23:38:33 - [TEST_STEP][PASSED] - out.println("remID: " + remID): null

2024-07-12 23:38:33 - [TEST_STEP][PASSED] - click(findTestObject(path_Receipt + "button_Continue")): Object: 'Object Repository/AdminSuiteBootstrap_Pages/VT_Bootstrap/Receipt/button_Continue' is clicked on

2024-07-12 23:38:34 - [MESSAGE][PASSED] - Object: 'Object Repository/AdminSuiteBootstrap_Pages/VT_Bootstrap/Receipt/button_Continue' is clicked on

2024-07-12 23:38:34 - [TEST_STEP][PASSED] - click(findTestObject(path_VT + "a_Search Transactions")): Object: 'Object Repository/AdminSuiteBootstrap_Pages/VT_Bootstrap/IssueTransactions/a_Search Transactions' is clicked on

2024-07-12 23:38:35 - [MESSAGE][PASSED] - Object: 'Object Repository/AdminSuiteBootstrap_Pages/VT_Bootstrap/IssueTransactions/a_Search Transactions' is clicked on

2024-07-12 23:38:35 - [TEST_STEP][PASSED] - setText(findTestObject(path_CCSearch + "input_Search By_searchValue"), remID): Text 'AutoSin071224233100797Ahm' is set on object 'Object Repository/AdminSuiteBootstrap_Pages/VT_Bootstrap/CCCreditOrVoidSearch/input_Search By_searchValue'

2024-07-12 23:38:35 - [MESSAGE][PASSED] - Text 'AutoSin071224233100797Ahm' is set on object 'Object Repository/AdminSuiteBootstrap_Pages/VT_Bootstrap/CCCreditOrVoidSearch/input_Search By_searchValue'

2024-07-12 23:38:35 - [TEST_STEP][PASSED] - click(findTestObject(path_CCSearch + "option_Authorization")): Object: 'Object Repository/AdminSuiteBootstrap_Pages/VT_Bootstrap/CCCreditOrVoidSearch/option_Authorization' is clicked on

2024-07-12 23:38:36 - [MESSAGE][PASSED] - Object: 'Object Repository/AdminSuiteBootstrap_Pages/VT_Bootstrap/CCCreditOrVoidSearch/option_Authorization' is clicked on

2024-07-12 23:38:36 - [TEST_STEP][PASSED] - click(findTestObject(path_CCSearch + "button_Submit")): Object: 'Object Repository/AdminSuiteBootstrap_Pages/VT_Bootstrap/CCCreditOrVoidSearch/button_Submit' is clicked on

2024-07-12 23:38:37 - [MESSAGE][PASSED] - Object: 'Object Repository/AdminSuiteBootstrap_Pages/VT_Bootstrap/CCCreditOrVoidSearch/button_Submit' is clicked on

2024-07-12 23:38:37 - [TEST_STEP][PASSED] - fgr = getText(findTestObject(path_SearchResults + "div_Payment ID")): Text of object 'Object Repository/AdminSuiteBootstrap_Pages/VT_Bootstrap/SearchResults/div_Payment ID' is: 'Payment ID
Payment Type
Transaction Type
Remittance ID
Name
Total Amount
End Date
Status
12154924 Credit Card Authorization AutoSin071224233100797Ahm Janaki James $15.50 07/12/2024 Success'

2024-07-12 23:38:37 - [MESSAGE][PASSED] - Text of object 'Object Repository/AdminSuiteBootstrap_Pages/VT_Bootstrap/SearchResults/div_Payment ID' is: 'Payment ID
Payment Type
Transaction Type
Remittance ID
Name
Total Amount
End Date
Status
12154924 Credit Card Authorization AutoSin071224233100797Ahm Janaki James $15.50 07/12/2024 Success'

2024-07-12 23:38:37 - [TEST_STEP][PASSED] - payID = substring(89, 98).trim(): null

2024-07-12 23:38:37 - [TEST_STEP][PASSED] - out.println("payID: " + payID): null

2024-07-12 23:38:37 - [TEST_STEP][PASSED] - click(findTestObject(path_SearchResults + "button_PaymentID")): Object: 'Object Repository/AdminSuiteBootstrap_Pages/VT_Bootstrap/SearchResults/button_PaymentID' is clicked on

2024-07-12 23:38:38 - [MESSAGE][PASSED] - Object: 'Object Repository/AdminSuiteBootstrap_Pages/VT_Bootstrap/SearchResults/button_PaymentID' is clicked on

2024-07-12 23:38:38 - [TEST_STEP][PASSED] - verifyTextPresent("Tender Type", true): Text 'Tender Type' is present on page  using regular expression

2024-07-12 23:38:39 - [MESSAGE][PASSED] - Text 'Tender Type' is present on page  using regular expression

2024-07-12 23:38:39 - [TEST_STEP][PASSED] - verifyTextPresent("Credit Card", true): Text 'Credit Card' is present on page  using regular expression

2024-07-12 23:38:39 - [MESSAGE][PASSED] - Text 'Credit Card' is present on page  using regular expression

2024-07-12 23:38:39 - [TEST_STEP][PASSED] - verifyTextPresent("Transaction Type", true): Text 'Transaction Type' is present on page  using regular expression

2024-07-12 23:38:39 - [MESSAGE][PASSED] - Text 'Transaction Type' is present on page  using regular expression

2024-07-12 23:38:39 - [TEST_STEP][PASSED] - verifyTextPresent("Authorization", true): Text 'Authorization' is present on page  using regular expression

2024-07-12 23:38:40 - [MESSAGE][PASSED] - Text 'Authorization' is present on page  using regular expression

2024-07-12 23:38:40 - [TEST_STEP][PASSED] - verifyTextPresent("Transaction Posted by", true): Text 'Transaction Posted by' is present on page  using regular expression

2024-07-12 23:38:40 - [MESSAGE][PASSED] - Text 'Transaction Posted by' is present on page  using regular expression

2024-07-12 23:38:40 - [TEST_STEP][PASSED] - verifyTextPresent("iahmed", true): Text 'iahmed' is present on page  using regular expression

2024-07-12 23:38:40 - [MESSAGE][PASSED] - Text 'iahmed' is present on page  using regular expression

2024-07-12 23:38:40 - [TEST_STEP][PASSED] - click(findTestObject(path_TranxDetails + "a_Capture this transaction")): Object: 'Object Repository/AdminSuiteBootstrap_Pages/VT_Bootstrap/TransactionDetails/a_Capture this transaction' is clicked on

2024-07-12 23:38:41 - [MESSAGE][PASSED] - Object: 'Object Repository/AdminSuiteBootstrap_Pages/VT_Bootstrap/TransactionDetails/a_Capture this transaction' is clicked on

2024-07-12 23:38:41 - [TEST_STEP][PASSED] - verifyTextPresent("Credit Card Capture", true): Text 'Credit Card Capture' is present on page  using regular expression

2024-07-12 23:38:42 - [MESSAGE][PASSED] - Text 'Credit Card Capture' is present on page  using regular expression

2024-07-12 23:38:42 - [TEST_STEP][PASSED] - captureAmount = findTestData(dataFile).getValue("CaptureAmount", row): null

2024-07-12 23:38:42 - [TEST_STEP][PASSED] - setText(findTestObject(path_SaleKB + "input_amountCapture"), captureAmount): Text '8.50' is set on object 'Object Repository/AdminSuiteBootstrap_Pages/VT_Bootstrap/SaleKeyboard/input_amountCapture'

2024-07-12 23:38:43 - [MESSAGE][PASSED] - Text '8.50' is set on object 'Object Repository/AdminSuiteBootstrap_Pages/VT_Bootstrap/SaleKeyboard/input_amountCapture'

2024-07-12 23:38:43 - [TEST_STEP][PASSED] - amountWithCF = findTestData(dataFile).getValue("AmountwithCF", row): null

2024-07-12 23:38:43 - [TEST_STEP][PASSED] - click(findTestObject(path_TranxDetails + "button_Submit")): Object: 'Object Repository/AdminSuiteBootstrap_Pages/VT_Bootstrap/TransactionDetails/button_Submit' is clicked on

2024-07-12 23:38:44 - [MESSAGE][PASSED] - Object: 'Object Repository/AdminSuiteBootstrap_Pages/VT_Bootstrap/TransactionDetails/button_Submit' is clicked on

2024-07-12 23:38:44 - [TEST_STEP][PASSED] - verifyTextPresent("Transaction Successful", true): Text 'Transaction Successful' is present on page  using regular expression

2024-07-12 23:38:45 - [MESSAGE][PASSED] - Text 'Transaction Successful' is present on page  using regular expression

2024-07-12 23:38:45 - [TEST_STEP][PASSED] - verifyTextPresent("Transaction Type", true): Text 'Transaction Type' is present on page  using regular expression

2024-07-12 23:38:45 - [MESSAGE][PASSED] - Text 'Transaction Type' is present on page  using regular expression

2024-07-12 23:38:45 - [TEST_STEP][PASSED] - verifyTextPresent("Capture", true): Text 'Capture' is present on page  using regular expression

2024-07-12 23:38:45 - [MESSAGE][PASSED] - Text 'Capture' is present on page  using regular expression

2024-07-12 23:38:45 - [TEST_STEP][PASSED] - verifyTextPresent("Amount", true): Text 'Amount' is present on page  using regular expression

2024-07-12 23:38:46 - [MESSAGE][PASSED] - Text 'Amount' is present on page  using regular expression

2024-07-12 23:38:46 - [TEST_STEP][PASSED] - verifyTextPresent("Service Fee", true): Text 'Service Fee' is present on page  using regular expression

2024-07-12 23:38:46 - [MESSAGE][PASSED] - Text 'Service Fee' is present on page  using regular expression

2024-07-12 23:38:46 - [TEST_STEP][PASSED] - verifyTextPresent("Service Fee Type", true): Text 'Service Fee Type' is present on page  using regular expression

2024-07-12 23:38:46 - [MESSAGE][PASSED] - Text 'Service Fee Type' is present on page  using regular expression

2024-07-12 23:38:46 - [TEST_STEP][PASSED] - verifyTextPresent("Total Amount", true): Text 'Total Amount' is present on page  using regular expression

2024-07-12 23:38:47 - [MESSAGE][PASSED] - Text 'Total Amount' is present on page  using regular expression

2024-07-12 23:38:47 - [TEST_STEP][PASSED] - verifyTextPresent(captureAmount, true): Text '8.50' is present on page  using regular expression

2024-07-12 23:38:47 - [MESSAGE][PASSED] - Text '8.50' is present on page  using regular expression

2024-07-12 23:38:47 - [TEST_STEP][PASSED] - verifyTextPresent("5.00", true): Text '5.00' is present on page  using regular expression

2024-07-12 23:38:47 - [MESSAGE][PASSED] - Text '5.00' is present on page  using regular expression

2024-07-12 23:38:47 - [TEST_STEP][PASSED] - verifyTextPresent("Single Transaction", true): Text 'Single Transaction' is present on page  using regular expression

2024-07-12 23:38:48 - [MESSAGE][PASSED] - Text 'Single Transaction' is present on page  using regular expression

2024-07-12 23:38:48 - [TEST_STEP][PASSED] - verifyTextPresent(amountWithCF, true): Text '13.50' is present on page  using regular expression

2024-07-12 23:38:48 - [MESSAGE][PASSED] - Text '13.50' is present on page  using regular expression

2024-07-12 23:38:48 - [TEST_STEP][PASSED] - closeBrowser(): Browser is closed

2024-07-12 23:38:49 - [MESSAGE][PASSED] - Browser is closed

2024-07-12 23:38:49 - [TEST_STEP][PASSED] - ExecuteTC = findTestData(dataFile).getValue("Execute", row): null

2024-07-12 23:38:49 - [TEST_STEP][PASSED] - out.println("Value of Execute is : " + ExecuteTC): null

2024-07-12 23:38:49 - [TEST_STEP][PASSED] - switch (executionProfile): null

2024-07-12 23:38:49 - [TEST_STEP][PASSED] - case "QA2Profile":: null

2024-07-12 23:38:49 - [TEST_STEP][PASSED] - appName = findTestData(dataFile).getValue("AppNameQA", row): null

2024-07-12 23:38:50 - [TEST_STEP][PASSED] - appID = findTestData(dataFile).getValue("AppIDQA", row): null

2024-07-12 23:38:50 - [TEST_STEP][PASSED] - break: null

2024-07-12 23:38:50 - [TEST_STEP][PASSED] - hrefAppID = li_1 + appID + li_2: null

2024-07-12 23:38:50 - [TEST_STEP][PASSED] - hrefApp = li_1 + appID + "/": null

2024-07-12 23:38:50 - [TEST_STEP][PASSED] - println("hrefApp : " + hrefApp): null

2024-07-12 23:38:50 - [TEST_STEP][PASSED] - if (ExecuteTC.equalsIgnoreCase("Y")): null

2024-07-12 23:38:50 - [TEST_STEP][PASSED] - out.println("Begin Record Number: " + row): null

2024-07-12 23:38:50 - [TEST_STEP][PASSED] - today = new java.util.Date(): null

2024-07-12 23:38:50 - [TEST_STEP][PASSED] - println(today): null

2024-07-12 23:38:50 - [TEST_STEP][PASSED] - datText = today: null

2024-07-12 23:38:50 - [TEST_STEP][PASSED] - adminSuiteBootstrap.loginFunctionality.login_AdminSuite(): adminSuiteBootstrap.loginFunctionality.login_AdminSuite is PASSED

2024-07-12 23:38:50 - [MESSAGE][INFO] - Starting 'Chrome' driver

2024-07-12 23:38:50 - [MESSAGE][INFO] - User set preference: ['acceptInsecureCerts', 'true']

2024-07-12 23:38:50 - [MESSAGE][INFO] - Action delay is set to 0 milliseconds

2024-07-12 23:38:52 - [MESSAGE][PASSED] - Browser is opened with url: 'https://qa2.velocitypayment.com/admin/imtiaz'

2024-07-12 23:38:53 - [MESSAGE][PASSED] - Current window maximized

2024-07-12 23:38:53 - [MESSAGE][PASSED] - Object 'Object Repository/Login_Page/Login_Username_Okta' is present

2024-07-12 23:38:54 - [MESSAGE][PASSED] - Text 'iahmed' is set on object 'Object Repository/Login_Page/Login_Username_Okta'

2024-07-12 23:38:55 - [MESSAGE][PASSED] - Text 'Hello!6666666' is set on object 'Object Repository/Login_Page/Login_Password_Okta'

2024-07-12 23:38:55 - [MESSAGE][PASSED] - Object: 'Object Repository/Login_Page/Login_Submit_Okta' is clicked on

2024-07-12 23:38:55 - [MESSAGE][PASSED] - adminSuiteBootstrap.loginFunctionality.login_AdminSuite is PASSED

2024-07-12 23:38:55 - [TEST_STEP][PASSED] - click(findTestObject(path_Dashboard + appName)): Object: 'Object Repository/AdminSuiteBootstrap_Pages/Dashboard_Bootstrap/a_Access AutoSingleCFtpQA' is clicked on

2024-07-12 23:39:03 - [MESSAGE][PASSED] - Object: 'Object Repository/AdminSuiteBootstrap_Pages/Dashboard_Bootstrap/a_Access AutoSingleCFtpQA' is clicked on

2024-07-12 23:39:03 - [TEST_STEP][PASSED] - click(findTestObject(path_VT + "button_Authorization Only")): Object: 'Object Repository/AdminSuiteBootstrap_Pages/VT_Bootstrap/IssueTransactions/button_Authorization Only' is clicked on

2024-07-12 23:39:04 - [MESSAGE][PASSED] - Object: 'Object Repository/AdminSuiteBootstrap_Pages/VT_Bootstrap/IssueTransactions/button_Authorization Only' is clicked on

2024-07-12 23:39:04 - [TEST_STEP][PASSED] - authOnlyKeyboardEntryLink = modifyObjectProperty(findTestObject(path_VT + "a_KeyboardEntry_Sale"), "href", "equals", hrefAppID, true): Modify property of object successfully

2024-07-12 23:39:04 - [MESSAGE][PASSED] - Modify property of object successfully

2024-07-12 23:39:04 - [TEST_STEP][PASSED] - click(authOnlyKeyboardEntryLink): Object: 'Object Repository/AdminSuiteBootstrap_Pages/VT_Bootstrap/IssueTransactions/a_KeyboardEntry_Sale' is clicked on

2024-07-12 23:39:04 - [MESSAGE][PASSED] - Object: 'Object Repository/AdminSuiteBootstrap_Pages/VT_Bootstrap/IssueTransactions/a_KeyboardEntry_Sale' is clicked on

2024-07-12 23:39:04 - [TEST_STEP][PASSED] - adminSuiteBootstrap.virtualTerminalSetData.saleKeyboard_DataDriven(row, dataFile): adminSuiteBootstrap.virtualTerminalSetData.saleKeyboard_DataDriven is PASSED

2024-07-12 23:39:08 - [MESSAGE][PASSED] - Text 'Janaki James' is set on object 'Object Repository/AdminSuiteBootstrap_Pages/VT_Bootstrap/SaleKeyboard/input_cardName'

2024-07-12 23:39:09 - [MESSAGE][PASSED] - All options with value 'MOTO' are selected in object 'Object Repository/AdminSuiteBootstrap_Pages/VT_Bootstrap/SaleKeyboard/select_transactionCategory'  using regular expression

2024-07-12 23:39:09 - [MESSAGE][PASSED] - Execute JavaScript 'arguments[0].value ='371449635392376' ' successfully

2024-07-12 23:39:10 - [MESSAGE][PASSED] - Execute JavaScript 'arguments[0].value ='123' ' successfully

2024-07-12 23:39:11 - [MESSAGE][PASSED] - All options with value '12' are selected in object 'Object Repository/AdminSuiteBootstrap_Pages/VT_Bootstrap/SaleKeyboard/select_MM'  using regular expression

2024-07-12 23:39:12 - [MESSAGE][PASSED] - All options with value '2025' are selected in object 'Object Repository/AdminSuiteBootstrap_Pages/VT_Bootstrap/SaleKeyboard/select_YYYY'  using regular expression

2024-07-12 23:39:13 - [MESSAGE][PASSED] - Text '550 Swan Lake' is set on object 'Object Repository/AdminSuiteBootstrap_Pages/VT_Bootstrap/SaleKeyboard/input__address'

2024-07-12 23:39:13 - [MESSAGE][PASSED] - Text 'Suite 500' is set on object 'Object Repository/AdminSuiteBootstrap_Pages/VT_Bootstrap/SaleKeyboard/input__address2'

2024-07-12 23:39:14 - [MESSAGE][PASSED] - Text '22201' is set on object 'Object Repository/AdminSuiteBootstrap_Pages/VT_Bootstrap/SaleKeyboard/input__zip'

2024-07-12 23:39:15 - [MESSAGE][PASSED] - Text '' is set on object 'Object Repository/AdminSuiteBootstrap_Pages/VT_Bootstrap/SaleKeyboard/input_emailAddress'

2024-07-12 23:39:16 - [MESSAGE][PASSED] - Text '' is set on object 'Object Repository/AdminSuiteBootstrap_Pages/VT_Bootstrap/SaleKeyboard/input_smsNumber'

2024-07-12 23:39:17 - [MESSAGE][PASSED] - Text '10.50' is set on object 'Object Repository/AdminSuiteBootstrap_Pages/VT_Bootstrap/SaleKeyboard/input_amount'

2024-07-12 23:39:18 - [MESSAGE][PASSED] - Text 'Australia' is set on object 'Object Repository/AdminSuiteBootstrap_Pages/VT_Bootstrap/SaleKeyboard/input_userDefined1'

2024-07-12 23:39:19 - [MESSAGE][PASSED] - Text 'Denmark' is set on object 'Object Repository/AdminSuiteBootstrap_Pages/VT_Bootstrap/SaleKeyboard/input_userDefined2'

2024-07-12 23:39:20 - [MESSAGE][PASSED] - Text 'Sweden' is set on object 'Object Repository/AdminSuiteBootstrap_Pages/VT_Bootstrap/SaleKeyboard/input_userDefined3'

2024-07-12 23:39:20 - [MESSAGE][PASSED] - Text 'Austria' is set on object 'Object Repository/AdminSuiteBootstrap_Pages/VT_Bootstrap/SaleKeyboard/input_userDefined4'

2024-07-12 23:39:21 - [MESSAGE][PASSED] - All options with label 'Orange' are selected in object 'Object Repository/AdminSuiteBootstrap_Pages/VT_Bootstrap/SaleKeyboard/select_UDF5_DropDown'  using regular expression

2024-07-12 23:39:22 - [MESSAGE][PASSED] - All options with label 'Yellow' are selected in object 'Object Repository/AdminSuiteBootstrap_Pages/VT_Bootstrap/SaleKeyboard/select_UDF6_DropDown'  using regular expression

2024-07-12 23:39:23 - [MESSAGE][PASSED] - Text 'Norway' is set on object 'Object Repository/AdminSuiteBootstrap_Pages/VT_Bootstrap/SaleKeyboard/input_userDefined7'

2024-07-12 23:39:24 - [MESSAGE][PASSED] - Text 'Netherlands' is set on object 'Object Repository/AdminSuiteBootstrap_Pages/VT_Bootstrap/SaleKeyboard/input_userDefined8'

2024-07-12 23:39:24 - [MESSAGE][PASSED] - Text 'Switzerland' is set on object 'Object Repository/AdminSuiteBootstrap_Pages/VT_Bootstrap/SaleKeyboard/input_userDefined9'

2024-07-12 23:39:25 - [MESSAGE][PASSED] - Text 'France' is set on object 'Object Repository/AdminSuiteBootstrap_Pages/VT_Bootstrap/SaleKeyboard/input_userDefined10'

2024-07-12 23:39:27 - [MESSAGE][PASSED] - Object: 'Object Repository/AdminSuiteBootstrap_Pages/VT_Bootstrap/SaleKeyboard/button_Submit' is clicked on

2024-07-12 23:39:27 - [MESSAGE][PASSED] - adminSuiteBootstrap.virtualTerminalSetData.saleKeyboard_DataDriven is PASSED

2024-07-12 23:39:27 - [TEST_STEP][PASSED] - if (verifyTextPresent("Transaction Successful", true)): null

2024-07-12 23:39:27 - [MESSAGE][PASSED] - Text 'Transaction Successful' is present on page  using regular expression

2024-07-12 23:39:27 - [TEST_STEP][PASSED] - sdf = getText(findTestObject(path_Receipt + "td_AutoNoC031622113752957Ahm")): Text of object 'Object Repository/AdminSuiteBootstrap_Pages/VT_Bootstrap/Receipt/td_AutoNoC031622113752957Ahm' is: 'AutoSin071224233155712Ahm'

2024-07-12 23:39:28 - [MESSAGE][PASSED] - Text of object 'Object Repository/AdminSuiteBootstrap_Pages/VT_Bootstrap/Receipt/td_AutoNoC031622113752957Ahm' is: 'AutoSin071224233155712Ahm'

2024-07-12 23:39:28 - [TEST_STEP][PASSED] - out.println("sdf: " + sdf): null

2024-07-12 23:39:28 - [TEST_STEP][PASSED] - remID = sdf: null

2024-07-12 23:39:28 - [TEST_STEP][PASSED] - out.println("remID: " + remID): null

2024-07-12 23:39:28 - [TEST_STEP][PASSED] - click(findTestObject(path_Receipt + "button_Continue")): Object: 'Object Repository/AdminSuiteBootstrap_Pages/VT_Bootstrap/Receipt/button_Continue' is clicked on

2024-07-12 23:39:28 - [MESSAGE][PASSED] - Object: 'Object Repository/AdminSuiteBootstrap_Pages/VT_Bootstrap/Receipt/button_Continue' is clicked on

2024-07-12 23:39:28 - [TEST_STEP][PASSED] - click(findTestObject(path_VT + "a_Search Transactions")): Object: 'Object Repository/AdminSuiteBootstrap_Pages/VT_Bootstrap/IssueTransactions/a_Search Transactions' is clicked on

2024-07-12 23:39:29 - [MESSAGE][PASSED] - Object: 'Object Repository/AdminSuiteBootstrap_Pages/VT_Bootstrap/IssueTransactions/a_Search Transactions' is clicked on

2024-07-12 23:39:29 - [TEST_STEP][PASSED] - setText(findTestObject(path_CCSearch + "input_Search By_searchValue"), remID): Text 'AutoSin071224233155712Ahm' is set on object 'Object Repository/AdminSuiteBootstrap_Pages/VT_Bootstrap/CCCreditOrVoidSearch/input_Search By_searchValue'

2024-07-12 23:39:30 - [MESSAGE][PASSED] - Text 'AutoSin071224233155712Ahm' is set on object 'Object Repository/AdminSuiteBootstrap_Pages/VT_Bootstrap/CCCreditOrVoidSearch/input_Search By_searchValue'

2024-07-12 23:39:30 - [TEST_STEP][PASSED] - click(findTestObject(path_CCSearch + "option_Authorization")): Object: 'Object Repository/AdminSuiteBootstrap_Pages/VT_Bootstrap/CCCreditOrVoidSearch/option_Authorization' is clicked on

2024-07-12 23:39:31 - [MESSAGE][PASSED] - Object: 'Object Repository/AdminSuiteBootstrap_Pages/VT_Bootstrap/CCCreditOrVoidSearch/option_Authorization' is clicked on

2024-07-12 23:39:31 - [TEST_STEP][PASSED] - click(findTestObject(path_CCSearch + "button_Submit")): Object: 'Object Repository/AdminSuiteBootstrap_Pages/VT_Bootstrap/CCCreditOrVoidSearch/button_Submit' is clicked on

2024-07-12 23:39:32 - [MESSAGE][PASSED] - Object: 'Object Repository/AdminSuiteBootstrap_Pages/VT_Bootstrap/CCCreditOrVoidSearch/button_Submit' is clicked on

2024-07-12 23:39:32 - [TEST_STEP][PASSED] - fgr = getText(findTestObject(path_SearchResults + "div_Payment ID")): Text of object 'Object Repository/AdminSuiteBootstrap_Pages/VT_Bootstrap/SearchResults/div_Payment ID' is: 'Payment ID
Payment Type
Transaction Type
Remittance ID
Name
Total Amount
End Date
Status
12154926 Credit Card Authorization AutoSin071224233155712Ahm Janaki James $15.50 07/12/2024 Success'

2024-07-12 23:39:32 - [MESSAGE][PASSED] - Text of object 'Object Repository/AdminSuiteBootstrap_Pages/VT_Bootstrap/SearchResults/div_Payment ID' is: 'Payment ID
Payment Type
Transaction Type
Remittance ID
Name
Total Amount
End Date
Status
12154926 Credit Card Authorization AutoSin071224233155712Ahm Janaki James $15.50 07/12/2024 Success'

2024-07-12 23:39:32 - [TEST_STEP][PASSED] - payID = substring(89, 98).trim(): null

2024-07-12 23:39:32 - [TEST_STEP][PASSED] - out.println("payID: " + payID): null

2024-07-12 23:39:32 - [TEST_STEP][PASSED] - click(findTestObject(path_SearchResults + "button_PaymentID")): Object: 'Object Repository/AdminSuiteBootstrap_Pages/VT_Bootstrap/SearchResults/button_PaymentID' is clicked on

2024-07-12 23:39:33 - [MESSAGE][PASSED] - Object: 'Object Repository/AdminSuiteBootstrap_Pages/VT_Bootstrap/SearchResults/button_PaymentID' is clicked on

2024-07-12 23:39:33 - [TEST_STEP][PASSED] - verifyTextPresent("Tender Type", true): Text 'Tender Type' is present on page  using regular expression

2024-07-12 23:39:34 - [MESSAGE][PASSED] - Text 'Tender Type' is present on page  using regular expression

2024-07-12 23:39:34 - [TEST_STEP][PASSED] - verifyTextPresent("Credit Card", true): Text 'Credit Card' is present on page  using regular expression

2024-07-12 23:39:34 - [MESSAGE][PASSED] - Text 'Credit Card' is present on page  using regular expression

2024-07-12 23:39:34 - [TEST_STEP][PASSED] - verifyTextPresent("Transaction Type", true): Text 'Transaction Type' is present on page  using regular expression

2024-07-12 23:39:34 - [MESSAGE][PASSED] - Text 'Transaction Type' is present on page  using regular expression

2024-07-12 23:39:34 - [TEST_STEP][PASSED] - verifyTextPresent("Authorization", true): Text 'Authorization' is present on page  using regular expression

2024-07-12 23:39:35 - [MESSAGE][PASSED] - Text 'Authorization' is present on page  using regular expression

2024-07-12 23:39:35 - [TEST_STEP][PASSED] - verifyTextPresent("Transaction Posted by", true): Text 'Transaction Posted by' is present on page  using regular expression

2024-07-12 23:39:35 - [MESSAGE][PASSED] - Text 'Transaction Posted by' is present on page  using regular expression

2024-07-12 23:39:35 - [TEST_STEP][PASSED] - verifyTextPresent("iahmed", true): Text 'iahmed' is present on page  using regular expression

2024-07-12 23:39:35 - [MESSAGE][PASSED] - Text 'iahmed' is present on page  using regular expression

2024-07-12 23:39:35 - [TEST_STEP][PASSED] - click(findTestObject(path_TranxDetails + "a_Capture this transaction")): Object: 'Object Repository/AdminSuiteBootstrap_Pages/VT_Bootstrap/TransactionDetails/a_Capture this transaction' is clicked on

2024-07-12 23:39:36 - [MESSAGE][PASSED] - Object: 'Object Repository/AdminSuiteBootstrap_Pages/VT_Bootstrap/TransactionDetails/a_Capture this transaction' is clicked on

2024-07-12 23:39:36 - [TEST_STEP][PASSED] - verifyTextPresent("Credit Card Capture", true): Text 'Credit Card Capture' is present on page  using regular expression

2024-07-12 23:39:37 - [MESSAGE][PASSED] - Text 'Credit Card Capture' is present on page  using regular expression

2024-07-12 23:39:37 - [TEST_STEP][PASSED] - captureAmount = findTestData(dataFile).getValue("CaptureAmount", row): null

2024-07-12 23:39:37 - [TEST_STEP][PASSED] - setText(findTestObject(path_SaleKB + "input_amountCapture"), captureAmount): Text '6.50' is set on object 'Object Repository/AdminSuiteBootstrap_Pages/VT_Bootstrap/SaleKeyboard/input_amountCapture'

2024-07-12 23:39:38 - [MESSAGE][PASSED] - Text '6.50' is set on object 'Object Repository/AdminSuiteBootstrap_Pages/VT_Bootstrap/SaleKeyboard/input_amountCapture'

2024-07-12 23:39:38 - [TEST_STEP][PASSED] - amountWithCF = findTestData(dataFile).getValue("AmountwithCF", row): null

2024-07-12 23:39:38 - [TEST_STEP][PASSED] - click(findTestObject(path_TranxDetails + "button_Submit")): Object: 'Object Repository/AdminSuiteBootstrap_Pages/VT_Bootstrap/TransactionDetails/button_Submit' is clicked on

2024-07-12 23:39:39 - [MESSAGE][PASSED] - Object: 'Object Repository/AdminSuiteBootstrap_Pages/VT_Bootstrap/TransactionDetails/button_Submit' is clicked on

2024-07-12 23:39:39 - [TEST_STEP][PASSED] - verifyTextPresent("Transaction Successful", true): Text 'Transaction Successful' is present on page  using regular expression

2024-07-12 23:39:40 - [MESSAGE][PASSED] - Text 'Transaction Successful' is present on page  using regular expression

2024-07-12 23:39:40 - [TEST_STEP][PASSED] - verifyTextPresent("Transaction Type", true): Text 'Transaction Type' is present on page  using regular expression

2024-07-12 23:39:40 - [MESSAGE][PASSED] - Text 'Transaction Type' is present on page  using regular expression

2024-07-12 23:39:40 - [TEST_STEP][PASSED] - verifyTextPresent("Capture", true): Text 'Capture' is present on page  using regular expression

2024-07-12 23:39:41 - [MESSAGE][PASSED] - Text 'Capture' is present on page  using regular expression

2024-07-12 23:39:41 - [TEST_STEP][PASSED] - verifyTextPresent("Amount", true): Text 'Amount' is present on page  using regular expression

2024-07-12 23:39:41 - [MESSAGE][PASSED] - Text 'Amount' is present on page  using regular expression

2024-07-12 23:39:41 - [TEST_STEP][PASSED] - verifyTextPresent("Service Fee", true): Text 'Service Fee' is present on page  using regular expression

2024-07-12 23:39:41 - [MESSAGE][PASSED] - Text 'Service Fee' is present on page  using regular expression

2024-07-12 23:39:41 - [TEST_STEP][PASSED] - verifyTextPresent("Service Fee Type", true): Text 'Service Fee Type' is present on page  using regular expression

2024-07-12 23:39:42 - [MESSAGE][PASSED] - Text 'Service Fee Type' is present on page  using regular expression

2024-07-12 23:39:42 - [TEST_STEP][PASSED] - verifyTextPresent("Total Amount", true): Text 'Total Amount' is present on page  using regular expression

2024-07-12 23:39:42 - [MESSAGE][PASSED] - Text 'Total Amount' is present on page  using regular expression

2024-07-12 23:39:42 - [TEST_STEP][PASSED] - verifyTextPresent(captureAmount, true): Text '6.50' is present on page  using regular expression

2024-07-12 23:39:42 - [MESSAGE][PASSED] - Text '6.50' is present on page  using regular expression

2024-07-12 23:39:42 - [TEST_STEP][PASSED] - verifyTextPresent("5.00", true): Text '5.00' is present on page  using regular expression

2024-07-12 23:39:43 - [MESSAGE][PASSED] - Text '5.00' is present on page  using regular expression

2024-07-12 23:39:43 - [TEST_STEP][PASSED] - verifyTextPresent("Single Transaction", true): Text 'Single Transaction' is present on page  using regular expression

2024-07-12 23:39:43 - [MESSAGE][PASSED] - Text 'Single Transaction' is present on page  using regular expression

2024-07-12 23:39:43 - [TEST_STEP][PASSED] - verifyTextPresent(amountWithCF, true): Text '11.50' is present on page  using regular expression

2024-07-12 23:39:43 - [MESSAGE][PASSED] - Text '11.50' is present on page  using regular expression

2024-07-12 23:39:43 - [TEST_STEP][PASSED] - closeBrowser(): Browser is closed

2024-07-12 23:39:44 - [MESSAGE][PASSED] - Browser is closed

2024-07-12 23:39:44 - [TEST_STEP][PASSED] - ExecuteTC = findTestData(dataFile).getValue("Execute", row): null

2024-07-12 23:39:45 - [TEST_STEP][PASSED] - out.println("Value of Execute is : " + ExecuteTC): null

2024-07-12 23:39:45 - [TEST_STEP][PASSED] - switch (executionProfile): null

2024-07-12 23:39:45 - [TEST_STEP][PASSED] - case "QA2Profile":: null

2024-07-12 23:39:45 - [TEST_STEP][PASSED] - appName = findTestData(dataFile).getValue("AppNameQA", row): null

2024-07-12 23:39:45 - [TEST_STEP][PASSED] - appID = findTestData(dataFile).getValue("AppIDQA", row): null

2024-07-12 23:39:45 - [TEST_STEP][PASSED] - break: null

2024-07-12 23:39:45 - [TEST_STEP][PASSED] - hrefAppID = li_1 + appID + li_2: null

2024-07-12 23:39:45 - [TEST_STEP][PASSED] - hrefApp = li_1 + appID + "/": null

2024-07-12 23:39:45 - [TEST_STEP][PASSED] - println("hrefApp : " + hrefApp): null

2024-07-12 23:39:45 - [TEST_STEP][PASSED] - if (ExecuteTC.equalsIgnoreCase("Y")): null

2024-07-12 23:39:45 - [TEST_STEP][PASSED] - out.println("Begin Record Number: " + row): null

2024-07-12 23:39:45 - [TEST_STEP][PASSED] - today = new java.util.Date(): null

2024-07-12 23:39:45 - [TEST_STEP][PASSED] - println(today): null

2024-07-12 23:39:45 - [TEST_STEP][PASSED] - datText = today: null

2024-07-12 23:39:45 - [TEST_STEP][PASSED] - adminSuiteBootstrap.loginFunctionality.login_AdminSuite(): adminSuiteBootstrap.loginFunctionality.login_AdminSuite is PASSED

2024-07-12 23:39:45 - [MESSAGE][INFO] - Starting 'Chrome' driver

2024-07-12 23:39:45 - [MESSAGE][INFO] - User set preference: ['acceptInsecureCerts', 'true']

2024-07-12 23:39:45 - [MESSAGE][INFO] - Action delay is set to 0 milliseconds

2024-07-12 23:39:48 - [MESSAGE][PASSED] - Browser is opened with url: 'https://qa2.velocitypayment.com/admin/imtiaz'

2024-07-12 23:39:48 - [MESSAGE][PASSED] - Current window maximized

2024-07-12 23:39:48 - [MESSAGE][PASSED] - Object 'Object Repository/Login_Page/Login_Username_Okta' is present

2024-07-12 23:39:49 - [MESSAGE][PASSED] - Text 'iahmed' is set on object 'Object Repository/Login_Page/Login_Username_Okta'

2024-07-12 23:39:50 - [MESSAGE][PASSED] - Text 'Hello!6666666' is set on object 'Object Repository/Login_Page/Login_Password_Okta'

2024-07-12 23:39:50 - [MESSAGE][PASSED] - Object: 'Object Repository/Login_Page/Login_Submit_Okta' is clicked on

2024-07-12 23:39:50 - [MESSAGE][PASSED] - adminSuiteBootstrap.loginFunctionality.login_AdminSuite is PASSED

2024-07-12 23:39:50 - [TEST_STEP][PASSED] - click(findTestObject(path_Dashboard + appName)): Object: 'Object Repository/AdminSuiteBootstrap_Pages/Dashboard_Bootstrap/a_Access AutoSingleCFtpQA' is clicked on

2024-07-12 23:39:58 - [MESSAGE][PASSED] - Object: 'Object Repository/AdminSuiteBootstrap_Pages/Dashboard_Bootstrap/a_Access AutoSingleCFtpQA' is clicked on

2024-07-12 23:39:58 - [TEST_STEP][PASSED] - click(findTestObject(path_VT + "button_Authorization Only")): Object: 'Object Repository/AdminSuiteBootstrap_Pages/VT_Bootstrap/IssueTransactions/button_Authorization Only' is clicked on

2024-07-12 23:39:59 - [MESSAGE][PASSED] - Object: 'Object Repository/AdminSuiteBootstrap_Pages/VT_Bootstrap/IssueTransactions/button_Authorization Only' is clicked on

2024-07-12 23:39:59 - [TEST_STEP][PASSED] - authOnlyKeyboardEntryLink = modifyObjectProperty(findTestObject(path_VT + "a_KeyboardEntry_Sale"), "href", "equals", hrefAppID, true): Modify property of object successfully

2024-07-12 23:39:59 - [MESSAGE][PASSED] - Modify property of object successfully

2024-07-12 23:39:59 - [TEST_STEP][PASSED] - click(authOnlyKeyboardEntryLink): Object: 'Object Repository/AdminSuiteBootstrap_Pages/VT_Bootstrap/IssueTransactions/a_KeyboardEntry_Sale' is clicked on

2024-07-12 23:40:00 - [MESSAGE][PASSED] - Object: 'Object Repository/AdminSuiteBootstrap_Pages/VT_Bootstrap/IssueTransactions/a_KeyboardEntry_Sale' is clicked on

2024-07-12 23:40:00 - [TEST_STEP][PASSED] - adminSuiteBootstrap.virtualTerminalSetData.saleKeyboard_DataDriven(row, dataFile): adminSuiteBootstrap.virtualTerminalSetData.saleKeyboard_DataDriven is PASSED

2024-07-12 23:40:03 - [MESSAGE][PASSED] - Text 'Janaki James' is set on object 'Object Repository/AdminSuiteBootstrap_Pages/VT_Bootstrap/SaleKeyboard/input_cardName'

2024-07-12 23:40:04 - [MESSAGE][PASSED] - All options with value 'MOTO' are selected in object 'Object Repository/AdminSuiteBootstrap_Pages/VT_Bootstrap/SaleKeyboard/select_transactionCategory'  using regular expression

2024-07-12 23:40:05 - [MESSAGE][PASSED] - Execute JavaScript 'arguments[0].value ='6011000993026909' ' successfully

2024-07-12 23:40:05 - [MESSAGE][PASSED] - Execute JavaScript 'arguments[0].value ='123' ' successfully

2024-07-12 23:40:06 - [MESSAGE][PASSED] - All options with value '12' are selected in object 'Object Repository/AdminSuiteBootstrap_Pages/VT_Bootstrap/SaleKeyboard/select_MM'  using regular expression

2024-07-12 23:40:07 - [MESSAGE][PASSED] - All options with value '2025' are selected in object 'Object Repository/AdminSuiteBootstrap_Pages/VT_Bootstrap/SaleKeyboard/select_YYYY'  using regular expression

2024-07-12 23:40:08 - [MESSAGE][PASSED] - Text '25987 Hill Top' is set on object 'Object Repository/AdminSuiteBootstrap_Pages/VT_Bootstrap/SaleKeyboard/input__address'

2024-07-12 23:40:09 - [MESSAGE][PASSED] - Text 'Suite 500' is set on object 'Object Repository/AdminSuiteBootstrap_Pages/VT_Bootstrap/SaleKeyboard/input__address2'

2024-07-12 23:40:09 - [MESSAGE][PASSED] - Text '22201' is set on object 'Object Repository/AdminSuiteBootstrap_Pages/VT_Bootstrap/SaleKeyboard/input__zip'

2024-07-12 23:40:10 - [MESSAGE][PASSED] - Text '' is set on object 'Object Repository/AdminSuiteBootstrap_Pages/VT_Bootstrap/SaleKeyboard/input_emailAddress'

2024-07-12 23:40:12 - [MESSAGE][PASSED] - Text '' is set on object 'Object Repository/AdminSuiteBootstrap_Pages/VT_Bootstrap/SaleKeyboard/input_smsNumber'

2024-07-12 23:40:12 - [MESSAGE][PASSED] - Text '10.50' is set on object 'Object Repository/AdminSuiteBootstrap_Pages/VT_Bootstrap/SaleKeyboard/input_amount'

2024-07-12 23:40:13 - [MESSAGE][PASSED] - Text 'Australia' is set on object 'Object Repository/AdminSuiteBootstrap_Pages/VT_Bootstrap/SaleKeyboard/input_userDefined1'

2024-07-12 23:40:14 - [MESSAGE][PASSED] - Text 'Denmark' is set on object 'Object Repository/AdminSuiteBootstrap_Pages/VT_Bootstrap/SaleKeyboard/input_userDefined2'

2024-07-12 23:40:15 - [MESSAGE][PASSED] - Text 'Sweden' is set on object 'Object Repository/AdminSuiteBootstrap_Pages/VT_Bootstrap/SaleKeyboard/input_userDefined3'

2024-07-12 23:40:16 - [MESSAGE][PASSED] - Text 'Austria' is set on object 'Object Repository/AdminSuiteBootstrap_Pages/VT_Bootstrap/SaleKeyboard/input_userDefined4'

2024-07-12 23:40:17 - [MESSAGE][PASSED] - All options with label 'Orange' are selected in object 'Object Repository/AdminSuiteBootstrap_Pages/VT_Bootstrap/SaleKeyboard/select_UDF5_DropDown'  using regular expression

2024-07-12 23:40:18 - [MESSAGE][PASSED] - All options with label 'Yellow' are selected in object 'Object Repository/AdminSuiteBootstrap_Pages/VT_Bootstrap/SaleKeyboard/select_UDF6_DropDown'  using regular expression

2024-07-12 23:40:18 - [MESSAGE][PASSED] - Text 'Norway' is set on object 'Object Repository/AdminSuiteBootstrap_Pages/VT_Bootstrap/SaleKeyboard/input_userDefined7'

2024-07-12 23:40:19 - [MESSAGE][PASSED] - Text 'Netherlands' is set on object 'Object Repository/AdminSuiteBootstrap_Pages/VT_Bootstrap/SaleKeyboard/input_userDefined8'

2024-07-12 23:40:20 - [MESSAGE][PASSED] - Text 'Switzerland' is set on object 'Object Repository/AdminSuiteBootstrap_Pages/VT_Bootstrap/SaleKeyboard/input_userDefined9'

2024-07-12 23:40:21 - [MESSAGE][PASSED] - Text 'France' is set on object 'Object Repository/AdminSuiteBootstrap_Pages/VT_Bootstrap/SaleKeyboard/input_userDefined10'

2024-07-12 23:40:22 - [MESSAGE][PASSED] - Object: 'Object Repository/AdminSuiteBootstrap_Pages/VT_Bootstrap/SaleKeyboard/button_Submit' is clicked on

2024-07-12 23:40:22 - [MESSAGE][PASSED] - adminSuiteBootstrap.virtualTerminalSetData.saleKeyboard_DataDriven is PASSED

2024-07-12 23:40:22 - [TEST_STEP][PASSED] - if (verifyTextPresent("Transaction Successful", true)): null

2024-07-12 23:40:22 - [MESSAGE][PASSED] - Text 'Transaction Successful' is present on page  using regular expression

2024-07-12 23:40:22 - [TEST_STEP][PASSED] - sdf = getText(findTestObject(path_Receipt + "td_AutoNoC031622113752957Ahm")): Text of object 'Object Repository/AdminSuiteBootstrap_Pages/VT_Bootstrap/Receipt/td_AutoNoC031622113752957Ahm' is: 'AutoSin071224233250854Ahm'

2024-07-12 23:40:23 - [MESSAGE][PASSED] - Text of object 'Object Repository/AdminSuiteBootstrap_Pages/VT_Bootstrap/Receipt/td_AutoNoC031622113752957Ahm' is: 'AutoSin071224233250854Ahm'

2024-07-12 23:40:23 - [TEST_STEP][PASSED] - out.println("sdf: " + sdf): null

2024-07-12 23:40:23 - [TEST_STEP][PASSED] - remID = sdf: null

2024-07-12 23:40:23 - [TEST_STEP][PASSED] - out.println("remID: " + remID): null

2024-07-12 23:40:23 - [TEST_STEP][PASSED] - click(findTestObject(path_Receipt + "button_Continue")): Object: 'Object Repository/AdminSuiteBootstrap_Pages/VT_Bootstrap/Receipt/button_Continue' is clicked on

2024-07-12 23:40:24 - [MESSAGE][PASSED] - Object: 'Object Repository/AdminSuiteBootstrap_Pages/VT_Bootstrap/Receipt/button_Continue' is clicked on

2024-07-12 23:40:24 - [TEST_STEP][PASSED] - click(findTestObject(path_VT + "a_Search Transactions")): Object: 'Object Repository/AdminSuiteBootstrap_Pages/VT_Bootstrap/IssueTransactions/a_Search Transactions' is clicked on

2024-07-12 23:40:25 - [MESSAGE][PASSED] - Object: 'Object Repository/AdminSuiteBootstrap_Pages/VT_Bootstrap/IssueTransactions/a_Search Transactions' is clicked on

2024-07-12 23:40:25 - [TEST_STEP][PASSED] - setText(findTestObject(path_CCSearch + "input_Search By_searchValue"), remID): Text 'AutoSin071224233250854Ahm' is set on object 'Object Repository/AdminSuiteBootstrap_Pages/VT_Bootstrap/CCCreditOrVoidSearch/input_Search By_searchValue'

2024-07-12 23:40:25 - [MESSAGE][PASSED] - Text 'AutoSin071224233250854Ahm' is set on object 'Object Repository/AdminSuiteBootstrap_Pages/VT_Bootstrap/CCCreditOrVoidSearch/input_Search By_searchValue'

2024-07-12 23:40:25 - [TEST_STEP][PASSED] - click(findTestObject(path_CCSearch + "option_Authorization")): Object: 'Object Repository/AdminSuiteBootstrap_Pages/VT_Bootstrap/CCCreditOrVoidSearch/option_Authorization' is clicked on

2024-07-12 23:40:26 - [MESSAGE][PASSED] - Object: 'Object Repository/AdminSuiteBootstrap_Pages/VT_Bootstrap/CCCreditOrVoidSearch/option_Authorization' is clicked on

2024-07-12 23:40:26 - [TEST_STEP][PASSED] - click(findTestObject(path_CCSearch + "button_Submit")): Object: 'Object Repository/AdminSuiteBootstrap_Pages/VT_Bootstrap/CCCreditOrVoidSearch/button_Submit' is clicked on

2024-07-12 23:40:27 - [MESSAGE][PASSED] - Object: 'Object Repository/AdminSuiteBootstrap_Pages/VT_Bootstrap/CCCreditOrVoidSearch/button_Submit' is clicked on

2024-07-12 23:40:27 - [TEST_STEP][PASSED] - fgr = getText(findTestObject(path_SearchResults + "div_Payment ID")): Text of object 'Object Repository/AdminSuiteBootstrap_Pages/VT_Bootstrap/SearchResults/div_Payment ID' is: 'Payment ID
Payment Type
Transaction Type
Remittance ID
Name
Total Amount
End Date
Status
12154928 Credit Card Authorization AutoSin071224233250854Ahm Janaki James $15.50 07/12/2024 Success'

2024-07-12 23:40:27 - [MESSAGE][PASSED] - Text of object 'Object Repository/AdminSuiteBootstrap_Pages/VT_Bootstrap/SearchResults/div_Payment ID' is: 'Payment ID
Payment Type
Transaction Type
Remittance ID
Name
Total Amount
End Date
Status
12154928 Credit Card Authorization AutoSin071224233250854Ahm Janaki James $15.50 07/12/2024 Success'

2024-07-12 23:40:27 - [TEST_STEP][PASSED] - payID = substring(89, 98).trim(): null

2024-07-12 23:40:27 - [TEST_STEP][PASSED] - out.println("payID: " + payID): null

2024-07-12 23:40:27 - [TEST_STEP][PASSED] - click(findTestObject(path_SearchResults + "button_PaymentID")): Object: 'Object Repository/AdminSuiteBootstrap_Pages/VT_Bootstrap/SearchResults/button_PaymentID' is clicked on

2024-07-12 23:40:28 - [MESSAGE][PASSED] - Object: 'Object Repository/AdminSuiteBootstrap_Pages/VT_Bootstrap/SearchResults/button_PaymentID' is clicked on

2024-07-12 23:40:28 - [TEST_STEP][PASSED] - verifyTextPresent("Tender Type", true): Text 'Tender Type' is present on page  using regular expression

2024-07-12 23:40:29 - [MESSAGE][PASSED] - Text 'Tender Type' is present on page  using regular expression

2024-07-12 23:40:29 - [TEST_STEP][PASSED] - verifyTextPresent("Credit Card", true): Text 'Credit Card' is present on page  using regular expression

2024-07-12 23:40:29 - [MESSAGE][PASSED] - Text 'Credit Card' is present on page  using regular expression

2024-07-12 23:40:29 - [TEST_STEP][PASSED] - verifyTextPresent("Transaction Type", true): Text 'Transaction Type' is present on page  using regular expression

2024-07-12 23:40:29 - [MESSAGE][PASSED] - Text 'Transaction Type' is present on page  using regular expression

2024-07-12 23:40:29 - [TEST_STEP][PASSED] - verifyTextPresent("Authorization", true): Text 'Authorization' is present on page  using regular expression

2024-07-12 23:40:30 - [MESSAGE][PASSED] - Text 'Authorization' is present on page  using regular expression

2024-07-12 23:40:30 - [TEST_STEP][PASSED] - verifyTextPresent("Transaction Posted by", true): Text 'Transaction Posted by' is present on page  using regular expression

2024-07-12 23:40:30 - [MESSAGE][PASSED] - Text 'Transaction Posted by' is present on page  using regular expression

2024-07-12 23:40:30 - [TEST_STEP][PASSED] - verifyTextPresent("iahmed", true): Text 'iahmed' is present on page  using regular expression

2024-07-12 23:40:30 - [MESSAGE][PASSED] - Text 'iahmed' is present on page  using regular expression

2024-07-12 23:40:30 - [TEST_STEP][PASSED] - click(findTestObject(path_TranxDetails + "a_Capture this transaction")): Object: 'Object Repository/AdminSuiteBootstrap_Pages/VT_Bootstrap/TransactionDetails/a_Capture this transaction' is clicked on

2024-07-12 23:40:31 - [MESSAGE][PASSED] - Object: 'Object Repository/AdminSuiteBootstrap_Pages/VT_Bootstrap/TransactionDetails/a_Capture this transaction' is clicked on

2024-07-12 23:40:31 - [TEST_STEP][PASSED] - verifyTextPresent("Credit Card Capture", true): Text 'Credit Card Capture' is present on page  using regular expression

2024-07-12 23:40:32 - [MESSAGE][PASSED] - Text 'Credit Card Capture' is present on page  using regular expression

2024-07-12 23:40:32 - [TEST_STEP][PASSED] - captureAmount = findTestData(dataFile).getValue("CaptureAmount", row): null

2024-07-12 23:40:32 - [TEST_STEP][PASSED] - setText(findTestObject(path_SaleKB + "input_amountCapture"), captureAmount): Text '10.00' is set on object 'Object Repository/AdminSuiteBootstrap_Pages/VT_Bootstrap/SaleKeyboard/input_amountCapture'

2024-07-12 23:40:33 - [MESSAGE][PASSED] - Text '10.00' is set on object 'Object Repository/AdminSuiteBootstrap_Pages/VT_Bootstrap/SaleKeyboard/input_amountCapture'

2024-07-12 23:40:33 - [TEST_STEP][PASSED] - amountWithCF = findTestData(dataFile).getValue("AmountwithCF", row): null

2024-07-12 23:40:33 - [TEST_STEP][PASSED] - click(findTestObject(path_TranxDetails + "button_Submit")): Object: 'Object Repository/AdminSuiteBootstrap_Pages/VT_Bootstrap/TransactionDetails/button_Submit' is clicked on

2024-07-12 23:40:34 - [MESSAGE][PASSED] - Object: 'Object Repository/AdminSuiteBootstrap_Pages/VT_Bootstrap/TransactionDetails/button_Submit' is clicked on

2024-07-12 23:40:34 - [TEST_STEP][PASSED] - verifyTextPresent("Transaction Successful", true): Text 'Transaction Successful' is present on page  using regular expression

2024-07-12 23:40:35 - [MESSAGE][PASSED] - Text 'Transaction Successful' is present on page  using regular expression

2024-07-12 23:40:35 - [TEST_STEP][PASSED] - verifyTextPresent("Transaction Type", true): Text 'Transaction Type' is present on page  using regular expression

2024-07-12 23:40:35 - [MESSAGE][PASSED] - Text 'Transaction Type' is present on page  using regular expression

2024-07-12 23:40:35 - [TEST_STEP][PASSED] - verifyTextPresent("Capture", true): Text 'Capture' is present on page  using regular expression

2024-07-12 23:40:35 - [MESSAGE][PASSED] - Text 'Capture' is present on page  using regular expression

2024-07-12 23:40:35 - [TEST_STEP][PASSED] - verifyTextPresent("Amount", true): Text 'Amount' is present on page  using regular expression

2024-07-12 23:40:36 - [MESSAGE][PASSED] - Text 'Amount' is present on page  using regular expression

2024-07-12 23:40:36 - [TEST_STEP][PASSED] - verifyTextPresent("Service Fee", true): Text 'Service Fee' is present on page  using regular expression

2024-07-12 23:40:36 - [MESSAGE][PASSED] - Text 'Service Fee' is present on page  using regular expression

2024-07-12 23:40:36 - [TEST_STEP][PASSED] - verifyTextPresent("Service Fee Type", true): Text 'Service Fee Type' is present on page  using regular expression

2024-07-12 23:40:36 - [MESSAGE][PASSED] - Text 'Service Fee Type' is present on page  using regular expression

2024-07-12 23:40:36 - [TEST_STEP][PASSED] - verifyTextPresent("Total Amount", true): Text 'Total Amount' is present on page  using regular expression

2024-07-12 23:40:37 - [MESSAGE][PASSED] - Text 'Total Amount' is present on page  using regular expression

2024-07-12 23:40:37 - [TEST_STEP][PASSED] - verifyTextPresent(captureAmount, true): Text '10.00' is present on page  using regular expression

2024-07-12 23:40:37 - [MESSAGE][PASSED] - Text '10.00' is present on page  using regular expression

2024-07-12 23:40:37 - [TEST_STEP][PASSED] - verifyTextPresent("5.00", true): Text '5.00' is present on page  using regular expression

2024-07-12 23:40:37 - [MESSAGE][PASSED] - Text '5.00' is present on page  using regular expression

2024-07-12 23:40:37 - [TEST_STEP][PASSED] - verifyTextPresent("Single Transaction", true): Text 'Single Transaction' is present on page  using regular expression

2024-07-12 23:40:38 - [MESSAGE][PASSED] - Text 'Single Transaction' is present on page  using regular expression

2024-07-12 23:40:38 - [TEST_STEP][PASSED] - verifyTextPresent(amountWithCF, true): Text '15.00' is present on page  using regular expression

2024-07-12 23:40:38 - [MESSAGE][PASSED] - Text '15.00' is present on page  using regular expression

2024-07-12 23:40:38 - [TEST_STEP][PASSED] - closeBrowser(): Browser is closed

2024-07-12 23:40:39 - [MESSAGE][PASSED] - Browser is closed]]></system-out>
         <system-err><![CDATA[]]></system-err>
      </testcase>
      <testcase name="Test Cases/Admin Suite Bootstrap/VT_TestCases/AuthCaptureCreditKeyboard_TP_AllCF_Generic_Payment_TC" time="251.395" classname="Test Cases/Admin Suite Bootstrap/VT_TestCases/AuthCaptureCreditKeyboard_TP_AllCF_Generic_Payment_TC" status="PASSED">
         <system-out><![CDATA[2024-07-12 23:40:39 - [TEST_CASE][PASSED] - Test Cases/Admin Suite Bootstrap/VT_TestCases/AuthCaptureCreditKeyboard_TP_AllCF_Generic_Payment_TC: Test Cases/Admin Suite Bootstrap/VT_TestCases/AuthCaptureCreditKeyboard_TP_AllCF_Generic_Payment_TC

2024-07-12 23:40:40 - [TEST_STEP][PASSED] - path_Dashboard = "Object Repository/AdminSuiteBootstrap_Pages/Dashboard_Bootstrap/": null

2024-07-12 23:40:40 - [TEST_STEP][PASSED] - path_VT = "Object Repository/AdminSuiteBootstrap_Pages/VT_Bootstrap/IssueTransactions/": null

2024-07-12 23:40:40 - [TEST_STEP][PASSED] - path_SaleKB = "Object Repository/AdminSuiteBootstrap_Pages/VT_Bootstrap/SaleKeyboard/": null

2024-07-12 23:40:40 - [TEST_STEP][PASSED] - path_TestMinus = "Object Repository/Page_TestMinusAndAtSigns/": null

2024-07-12 23:40:40 - [TEST_STEP][PASSED] - path_Receipt = "Object Repository/AdminSuiteBootstrap_Pages/VT_Bootstrap/Receipt/": null

2024-07-12 23:40:40 - [TEST_STEP][PASSED] - path_CCSearch = "Object Repository/AdminSuiteBootstrap_Pages/VT_Bootstrap/CCCreditOrVoidSearch/": null

2024-07-12 23:40:40 - [TEST_STEP][PASSED] - path_SearchResults = "Object Repository/AdminSuiteBootstrap_Pages/VT_Bootstrap/SearchResults/": null

2024-07-12 23:40:40 - [TEST_STEP][PASSED] - path_TranxDetails = "Object Repository/AdminSuiteBootstrap_Pages/VT_Bootstrap/TransactionDetails/": null

2024-07-12 23:40:40 - [TEST_STEP][PASSED] - li_1 = vpos_Prefix: null

2024-07-12 23:40:40 - [TEST_STEP][PASSED] - li_2 = "/transactions/AuthOnlyForm/": null

2024-07-12 23:40:40 - [TEST_STEP][PASSED] - executionProfile = getExecutionProfile(): null

2024-07-12 23:40:40 - [TEST_STEP][PASSED] - out.println("executionProfile : " + executionProfile): null

2024-07-12 23:40:40 - [TEST_STEP][PASSED] - appName = <not implemented yet for class: org.codehaus.groovy.ast.expr.EmptyExpression>: null

2024-07-12 23:40:40 - [TEST_STEP][PASSED] - appID = <not implemented yet for class: org.codehaus.groovy.ast.expr.EmptyExpression>: null

2024-07-12 23:40:40 - [TEST_STEP][PASSED] - cardNameV = <not implemented yet for class: org.codehaus.groovy.ast.expr.EmptyExpression>: null

2024-07-12 23:40:40 - [TEST_STEP][PASSED] - al1V = <not implemented yet for class: org.codehaus.groovy.ast.expr.EmptyExpression>: null

2024-07-12 23:40:40 - [TEST_STEP][PASSED] - al2V = <not implemented yet for class: org.codehaus.groovy.ast.expr.EmptyExpression>: null

2024-07-12 23:40:40 - [TEST_STEP][PASSED] - zipV = <not implemented yet for class: org.codehaus.groovy.ast.expr.EmptyExpression>: null

2024-07-12 23:40:40 - [TEST_STEP][PASSED] - cardTypeV = <not implemented yet for class: org.codehaus.groovy.ast.expr.EmptyExpression>: null

2024-07-12 23:40:40 - [TEST_STEP][PASSED] - last4V = <not implemented yet for class: org.codehaus.groovy.ast.expr.EmptyExpression>: null

2024-07-12 23:40:40 - [TEST_STEP][PASSED] - resText = "Fail": null

2024-07-12 23:40:40 - [TEST_STEP][PASSED] - resColumn = "Result": null

2024-07-12 23:40:40 - [TEST_STEP][PASSED] - datCloumn = "Date": null

2024-07-12 23:40:40 - [TEST_STEP][PASSED] - fileLoc = "C:\KatalonData\Bootstrap\VT-Data.xlsx": null

2024-07-12 23:40:40 - [TEST_STEP][PASSED] - numOfRows = <not implemented yet for class: org.codehaus.groovy.ast.expr.EmptyExpression>: null

2024-07-12 23:40:40 - [TEST_STEP][PASSED] - dataFile = <not implemented yet for class: org.codehaus.groovy.ast.expr.EmptyExpression>: null

2024-07-12 23:40:40 - [TEST_STEP][PASSED] - nameSheet = <not implemented yet for class: org.codehaus.groovy.ast.expr.EmptyExpression>: null

2024-07-12 23:40:40 - [TEST_STEP][PASSED] - nameSheet = "VT-AuthCapCredit-Generic": null

2024-07-12 23:40:40 - [TEST_STEP][PASSED] - numOfRows = findTestData("QA/Bootstrap/VT-TestData/VT-AuthCapCreditData-AllCF-Generic").getRowNumbers(): null

2024-07-12 23:40:40 - [TEST_STEP][PASSED] - println("Number of Records: " + numOfRows): null

2024-07-12 23:40:40 - [TEST_STEP][PASSED] - dataFile = "QA/Bootstrap/VT-TestData/VT-AuthCapCreditData-AllCF-Generic": null

2024-07-12 23:40:40 - [TEST_STEP][PASSED] - for ([row = 1, row <= numOfRows, (row++)]): Browser is closed

2024-07-12 23:40:40 - [TEST_STEP][PASSED] - ExecuteTC = findTestData(dataFile).getValue("Execute", row): null

2024-07-12 23:40:40 - [TEST_STEP][PASSED] - out.println("Value of Execute is : " + ExecuteTC): null

2024-07-12 23:40:40 - [TEST_STEP][PASSED] - switch (executionProfile): null

2024-07-12 23:40:40 - [TEST_STEP][PASSED] - case "QA2Profile":: null

2024-07-12 23:40:40 - [TEST_STEP][PASSED] - appName = findTestData(dataFile).getValue("AppNameQA", row): null

2024-07-12 23:40:40 - [TEST_STEP][PASSED] - appID = findTestData(dataFile).getValue("AppIDQA", row): null

2024-07-12 23:40:40 - [TEST_STEP][PASSED] - break: null

2024-07-12 23:40:40 - [TEST_STEP][PASSED] - hrefAppID = li_1 + appID + li_2: null

2024-07-12 23:40:40 - [TEST_STEP][PASSED] - hrefApp = li_1 + appID + "/": null

2024-07-12 23:40:40 - [TEST_STEP][PASSED] - println("hrefApp : " + hrefApp): null

2024-07-12 23:40:40 - [TEST_STEP][PASSED] - if (ExecuteTC.equalsIgnoreCase("Y")): null

2024-07-12 23:40:40 - [TEST_STEP][PASSED] - out.println("Begin Record Number: " + row): null

2024-07-12 23:40:40 - [TEST_STEP][PASSED] - today = new java.util.Date(): null

2024-07-12 23:40:40 - [TEST_STEP][PASSED] - println(today): null

2024-07-12 23:40:40 - [TEST_STEP][PASSED] - datText = today: null

2024-07-12 23:40:40 - [TEST_STEP][PASSED] - adminSuiteBootstrap.loginFunctionality.login_AdminSuite(): adminSuiteBootstrap.loginFunctionality.login_AdminSuite is PASSED

2024-07-12 23:40:40 - [MESSAGE][INFO] - Starting 'Chrome' driver

2024-07-12 23:40:40 - [MESSAGE][INFO] - User set preference: ['acceptInsecureCerts', 'true']

2024-07-12 23:40:40 - [MESSAGE][INFO] - Action delay is set to 0 milliseconds

2024-07-12 23:40:42 - [MESSAGE][PASSED] - Browser is opened with url: 'https://qa2.velocitypayment.com/admin/imtiaz'

2024-07-12 23:40:43 - [MESSAGE][PASSED] - Current window maximized

2024-07-12 23:40:44 - [MESSAGE][PASSED] - Object 'Object Repository/Login_Page/Login_Username_Okta' is present

2024-07-12 23:40:45 - [MESSAGE][PASSED] - Text 'iahmed' is set on object 'Object Repository/Login_Page/Login_Username_Okta'

2024-07-12 23:40:45 - [MESSAGE][PASSED] - Text 'Hello!6666666' is set on object 'Object Repository/Login_Page/Login_Password_Okta'

2024-07-12 23:40:46 - [MESSAGE][PASSED] - Object: 'Object Repository/Login_Page/Login_Submit_Okta' is clicked on

2024-07-12 23:40:46 - [MESSAGE][PASSED] - adminSuiteBootstrap.loginFunctionality.login_AdminSuite is PASSED

2024-07-12 23:40:46 - [TEST_STEP][PASSED] - click(findTestObject(path_Dashboard + appName)): Object: 'Object Repository/AdminSuiteBootstrap_Pages/Dashboard_Bootstrap/a_Access AutoNoCFtp' is clicked on

2024-07-12 23:40:54 - [MESSAGE][PASSED] - Object: 'Object Repository/AdminSuiteBootstrap_Pages/Dashboard_Bootstrap/a_Access AutoNoCFtp' is clicked on

2024-07-12 23:40:54 - [TEST_STEP][PASSED] - click(findTestObject(path_VT + "button_Authorization Only")): Object: 'Object Repository/AdminSuiteBootstrap_Pages/VT_Bootstrap/IssueTransactions/button_Authorization Only' is clicked on

2024-07-12 23:40:54 - [MESSAGE][PASSED] - Object: 'Object Repository/AdminSuiteBootstrap_Pages/VT_Bootstrap/IssueTransactions/button_Authorization Only' is clicked on

2024-07-12 23:40:54 - [TEST_STEP][PASSED] - authOnlyKeyboardEntryLink = modifyObjectProperty(findTestObject(path_VT + "a_KeyboardEntry_Sale"), "href", "equals", hrefAppID, true): Modify property of object successfully

2024-07-12 23:40:55 - [MESSAGE][PASSED] - Modify property of object successfully

2024-07-12 23:40:55 - [TEST_STEP][PASSED] - click(authOnlyKeyboardEntryLink): Object: 'Object Repository/AdminSuiteBootstrap_Pages/VT_Bootstrap/IssueTransactions/a_KeyboardEntry_Sale' is clicked on

2024-07-12 23:40:55 - [MESSAGE][PASSED] - Object: 'Object Repository/AdminSuiteBootstrap_Pages/VT_Bootstrap/IssueTransactions/a_KeyboardEntry_Sale' is clicked on

2024-07-12 23:40:55 - [TEST_STEP][PASSED] - adminSuiteBootstrap.virtualTerminalSetData.saleKeyboard_DataDriven(row, dataFile): adminSuiteBootstrap.virtualTerminalSetData.saleKeyboard_DataDriven is PASSED

2024-07-12 23:40:59 - [MESSAGE][PASSED] - Text 'Tulsi Raman' is set on object 'Object Repository/AdminSuiteBootstrap_Pages/VT_Bootstrap/SaleKeyboard/input_cardName'

2024-07-12 23:41:00 - [MESSAGE][PASSED] - All options with value 'RETL' are selected in object 'Object Repository/AdminSuiteBootstrap_Pages/VT_Bootstrap/SaleKeyboard/select_transactionCategory'  using regular expression

2024-07-12 23:41:00 - [MESSAGE][PASSED] - Execute JavaScript 'arguments[0].value ='4012000098765439' ' successfully

2024-07-12 23:41:01 - [MESSAGE][PASSED] - Execute JavaScript 'arguments[0].value ='123' ' successfully

2024-07-12 23:41:02 - [MESSAGE][PASSED] - All options with value '12' are selected in object 'Object Repository/AdminSuiteBootstrap_Pages/VT_Bootstrap/SaleKeyboard/select_MM'  using regular expression

2024-07-12 23:41:03 - [MESSAGE][PASSED] - All options with value '2025' are selected in object 'Object Repository/AdminSuiteBootstrap_Pages/VT_Bootstrap/SaleKeyboard/select_YYYY'  using regular expression

2024-07-12 23:41:04 - [MESSAGE][PASSED] - Text '36 Cornor Road' is set on object 'Object Repository/AdminSuiteBootstrap_Pages/VT_Bootstrap/SaleKeyboard/input__address'

2024-07-12 23:41:04 - [MESSAGE][PASSED] - Text 'Suite 500' is set on object 'Object Repository/AdminSuiteBootstrap_Pages/VT_Bootstrap/SaleKeyboard/input__address2'

2024-07-12 23:41:05 - [MESSAGE][PASSED] - Text '22201' is set on object 'Object Repository/AdminSuiteBootstrap_Pages/VT_Bootstrap/SaleKeyboard/input__zip'

2024-07-12 23:41:06 - [MESSAGE][PASSED] - Text '' is set on object 'Object Repository/AdminSuiteBootstrap_Pages/VT_Bootstrap/SaleKeyboard/input_emailAddress'

2024-07-12 23:41:07 - [MESSAGE][PASSED] - Text '' is set on object 'Object Repository/AdminSuiteBootstrap_Pages/VT_Bootstrap/SaleKeyboard/input_smsNumber'

2024-07-12 23:41:08 - [MESSAGE][PASSED] - Text '10.50' is set on object 'Object Repository/AdminSuiteBootstrap_Pages/VT_Bootstrap/SaleKeyboard/input_amount'

2024-07-12 23:41:09 - [MESSAGE][PASSED] - Text 'Australia' is set on object 'Object Repository/AdminSuiteBootstrap_Pages/VT_Bootstrap/SaleKeyboard/input_userDefined1'

2024-07-12 23:41:09 - [MESSAGE][PASSED] - Text 'Denmark' is set on object 'Object Repository/AdminSuiteBootstrap_Pages/VT_Bootstrap/SaleKeyboard/input_userDefined2'

2024-07-12 23:41:10 - [MESSAGE][PASSED] - Text 'Sweden' is set on object 'Object Repository/AdminSuiteBootstrap_Pages/VT_Bootstrap/SaleKeyboard/input_userDefined3'

2024-07-12 23:41:11 - [MESSAGE][PASSED] - Text 'Austria' is set on object 'Object Repository/AdminSuiteBootstrap_Pages/VT_Bootstrap/SaleKeyboard/input_userDefined4'

2024-07-12 23:41:12 - [MESSAGE][PASSED] - All options with label 'Orange' are selected in object 'Object Repository/AdminSuiteBootstrap_Pages/VT_Bootstrap/SaleKeyboard/select_UDF5_DropDown'  using regular expression

2024-07-12 23:41:13 - [MESSAGE][PASSED] - All options with label 'Yellow' are selected in object 'Object Repository/AdminSuiteBootstrap_Pages/VT_Bootstrap/SaleKeyboard/select_UDF6_DropDown'  using regular expression

2024-07-12 23:41:13 - [MESSAGE][PASSED] - Text 'Norway' is set on object 'Object Repository/AdminSuiteBootstrap_Pages/VT_Bootstrap/SaleKeyboard/input_userDefined7'

2024-07-12 23:41:14 - [MESSAGE][PASSED] - Text 'Netherlands' is set on object 'Object Repository/AdminSuiteBootstrap_Pages/VT_Bootstrap/SaleKeyboard/input_userDefined8'

2024-07-12 23:41:15 - [MESSAGE][PASSED] - Text 'Switzerland' is set on object 'Object Repository/AdminSuiteBootstrap_Pages/VT_Bootstrap/SaleKeyboard/input_userDefined9'

2024-07-12 23:41:16 - [MESSAGE][PASSED] - Text 'France' is set on object 'Object Repository/AdminSuiteBootstrap_Pages/VT_Bootstrap/SaleKeyboard/input_userDefined10'

2024-07-12 23:41:17 - [MESSAGE][PASSED] - Object: 'Object Repository/AdminSuiteBootstrap_Pages/VT_Bootstrap/SaleKeyboard/button_Submit' is clicked on

2024-07-12 23:41:17 - [MESSAGE][PASSED] - adminSuiteBootstrap.virtualTerminalSetData.saleKeyboard_DataDriven is PASSED

2024-07-12 23:41:17 - [TEST_STEP][PASSED] - if (verifyTextPresent("Transaction Successful", true)): null

2024-07-12 23:41:18 - [MESSAGE][PASSED] - Text 'Transaction Successful' is present on page  using regular expression

2024-07-12 23:41:18 - [TEST_STEP][PASSED] - sdf = getText(findTestObject(path_Receipt + "td_AutoNoC031622113752957Ahm")): Text of object 'Object Repository/AdminSuiteBootstrap_Pages/VT_Bootstrap/Receipt/td_AutoNoC031622113752957Ahm' is: 'AutoNoC071224233346626Ahm'

2024-07-12 23:41:18 - [MESSAGE][PASSED] - Text of object 'Object Repository/AdminSuiteBootstrap_Pages/VT_Bootstrap/Receipt/td_AutoNoC031622113752957Ahm' is: 'AutoNoC071224233346626Ahm'

2024-07-12 23:41:18 - [TEST_STEP][PASSED] - out.println("sdf: " + sdf): null

2024-07-12 23:41:18 - [TEST_STEP][PASSED] - remID = sdf: null

2024-07-12 23:41:18 - [TEST_STEP][PASSED] - out.println("remID: " + remID): null

2024-07-12 23:41:18 - [TEST_STEP][PASSED] - click(findTestObject(path_Receipt + "button_Continue")): Object: 'Object Repository/AdminSuiteBootstrap_Pages/VT_Bootstrap/Receipt/button_Continue' is clicked on

2024-07-12 23:41:19 - [MESSAGE][PASSED] - Object: 'Object Repository/AdminSuiteBootstrap_Pages/VT_Bootstrap/Receipt/button_Continue' is clicked on

2024-07-12 23:41:19 - [TEST_STEP][PASSED] - click(findTestObject(path_VT + "a_Search Transactions")): Object: 'Object Repository/AdminSuiteBootstrap_Pages/VT_Bootstrap/IssueTransactions/a_Search Transactions' is clicked on

2024-07-12 23:41:20 - [MESSAGE][PASSED] - Object: 'Object Repository/AdminSuiteBootstrap_Pages/VT_Bootstrap/IssueTransactions/a_Search Transactions' is clicked on

2024-07-12 23:41:20 - [TEST_STEP][PASSED] - setText(findTestObject(path_CCSearch + "input_Search By_searchValue"), remID): Text 'AutoNoC071224233346626Ahm' is set on object 'Object Repository/AdminSuiteBootstrap_Pages/VT_Bootstrap/CCCreditOrVoidSearch/input_Search By_searchValue'

2024-07-12 23:41:21 - [MESSAGE][PASSED] - Text 'AutoNoC071224233346626Ahm' is set on object 'Object Repository/AdminSuiteBootstrap_Pages/VT_Bootstrap/CCCreditOrVoidSearch/input_Search By_searchValue'

2024-07-12 23:41:21 - [TEST_STEP][PASSED] - click(findTestObject(path_CCSearch + "option_Authorization")): Object: 'Object Repository/AdminSuiteBootstrap_Pages/VT_Bootstrap/CCCreditOrVoidSearch/option_Authorization' is clicked on

2024-07-12 23:41:21 - [MESSAGE][PASSED] - Object: 'Object Repository/AdminSuiteBootstrap_Pages/VT_Bootstrap/CCCreditOrVoidSearch/option_Authorization' is clicked on

2024-07-12 23:41:21 - [TEST_STEP][PASSED] - click(findTestObject(path_CCSearch + "button_Submit")): Object: 'Object Repository/AdminSuiteBootstrap_Pages/VT_Bootstrap/CCCreditOrVoidSearch/button_Submit' is clicked on

2024-07-12 23:41:22 - [MESSAGE][PASSED] - Object: 'Object Repository/AdminSuiteBootstrap_Pages/VT_Bootstrap/CCCreditOrVoidSearch/button_Submit' is clicked on

2024-07-12 23:41:22 - [TEST_STEP][PASSED] - fgr = getText(findTestObject(path_SearchResults + "div_Payment ID")): Text of object 'Object Repository/AdminSuiteBootstrap_Pages/VT_Bootstrap/SearchResults/div_Payment ID' is: 'Payment ID
Payment Type
Transaction Type
Remittance ID
Name
Total Amount
End Date
Status
12154930 Credit Card Authorization AutoNoC071224233346626Ahm Tulsi Raman $10.50 07/12/2024 Success'

2024-07-12 23:41:22 - [MESSAGE][PASSED] - Text of object 'Object Repository/AdminSuiteBootstrap_Pages/VT_Bootstrap/SearchResults/div_Payment ID' is: 'Payment ID
Payment Type
Transaction Type
Remittance ID
Name
Total Amount
End Date
Status
12154930 Credit Card Authorization AutoNoC071224233346626Ahm Tulsi Raman $10.50 07/12/2024 Success'

2024-07-12 23:41:22 - [TEST_STEP][PASSED] - payID = substring(89, 98).trim(): null

2024-07-12 23:41:22 - [TEST_STEP][PASSED] - out.println("payID: " + payID): null

2024-07-12 23:41:22 - [TEST_STEP][PASSED] - click(findTestObject(path_SearchResults + "button_PaymentID")): Object: 'Object Repository/AdminSuiteBootstrap_Pages/VT_Bootstrap/SearchResults/button_PaymentID' is clicked on

2024-07-12 23:41:23 - [MESSAGE][PASSED] - Object: 'Object Repository/AdminSuiteBootstrap_Pages/VT_Bootstrap/SearchResults/button_PaymentID' is clicked on

2024-07-12 23:41:23 - [TEST_STEP][PASSED] - verifyTextPresent("Tender Type", true): Text 'Tender Type' is present on page  using regular expression

2024-07-12 23:41:24 - [MESSAGE][PASSED] - Text 'Tender Type' is present on page  using regular expression

2024-07-12 23:41:24 - [TEST_STEP][PASSED] - verifyTextPresent("Credit Card", true): Text 'Credit Card' is present on page  using regular expression

2024-07-12 23:41:24 - [MESSAGE][PASSED] - Text 'Credit Card' is present on page  using regular expression

2024-07-12 23:41:24 - [TEST_STEP][PASSED] - verifyTextPresent("Transaction Type", true): Text 'Transaction Type' is present on page  using regular expression

2024-07-12 23:41:24 - [MESSAGE][PASSED] - Text 'Transaction Type' is present on page  using regular expression

2024-07-12 23:41:24 - [TEST_STEP][PASSED] - verifyTextPresent("Authorization", true): Text 'Authorization' is present on page  using regular expression

2024-07-12 23:41:25 - [MESSAGE][PASSED] - Text 'Authorization' is present on page  using regular expression

2024-07-12 23:41:25 - [TEST_STEP][PASSED] - verifyTextPresent("Transaction Posted by", true): Text 'Transaction Posted by' is present on page  using regular expression

2024-07-12 23:41:25 - [MESSAGE][PASSED] - Text 'Transaction Posted by' is present on page  using regular expression

2024-07-12 23:41:25 - [TEST_STEP][PASSED] - verifyTextPresent("iahmed", true): Text 'iahmed' is present on page  using regular expression

2024-07-12 23:41:25 - [MESSAGE][PASSED] - Text 'iahmed' is present on page  using regular expression

2024-07-12 23:41:25 - [TEST_STEP][PASSED] - click(findTestObject(path_TranxDetails + "a_Capture this transaction")): Object: 'Object Repository/AdminSuiteBootstrap_Pages/VT_Bootstrap/TransactionDetails/a_Capture this transaction' is clicked on

2024-07-12 23:41:26 - [MESSAGE][PASSED] - Object: 'Object Repository/AdminSuiteBootstrap_Pages/VT_Bootstrap/TransactionDetails/a_Capture this transaction' is clicked on

2024-07-12 23:41:26 - [TEST_STEP][PASSED] - verifyTextPresent("Credit Card Capture", true): Text 'Credit Card Capture' is present on page  using regular expression

2024-07-12 23:41:27 - [MESSAGE][PASSED] - Text 'Credit Card Capture' is present on page  using regular expression

2024-07-12 23:41:27 - [TEST_STEP][PASSED] - captureAmount = findTestData(dataFile).getValue("CaptureAmount", row): null

2024-07-12 23:41:27 - [TEST_STEP][PASSED] - setText(findTestObject(path_SaleKB + "input_amountCapture"), captureAmount): Text '10.50' is set on object 'Object Repository/AdminSuiteBootstrap_Pages/VT_Bootstrap/SaleKeyboard/input_amountCapture'

2024-07-12 23:41:28 - [MESSAGE][PASSED] - Text '10.50' is set on object 'Object Repository/AdminSuiteBootstrap_Pages/VT_Bootstrap/SaleKeyboard/input_amountCapture'

2024-07-12 23:41:28 - [TEST_STEP][PASSED] - click(findTestObject(path_TranxDetails + "button_Submit")): Object: 'Object Repository/AdminSuiteBootstrap_Pages/VT_Bootstrap/TransactionDetails/button_Submit' is clicked on

2024-07-12 23:41:29 - [MESSAGE][PASSED] - Object: 'Object Repository/AdminSuiteBootstrap_Pages/VT_Bootstrap/TransactionDetails/button_Submit' is clicked on

2024-07-12 23:41:29 - [TEST_STEP][PASSED] - if (verifyTextPresent("Transaction Successful", true)): null

2024-07-12 23:41:30 - [MESSAGE][PASSED] - Text 'Transaction Successful' is present on page  using regular expression

2024-07-12 23:41:30 - [TEST_STEP][PASSED] - verifyTextPresent("Transaction Type", true): Text 'Transaction Type' is present on page  using regular expression

2024-07-12 23:41:30 - [MESSAGE][PASSED] - Text 'Transaction Type' is present on page  using regular expression

2024-07-12 23:41:30 - [TEST_STEP][PASSED] - verifyTextPresent("Capture", true): Text 'Capture' is present on page  using regular expression

2024-07-12 23:41:30 - [MESSAGE][PASSED] - Text 'Capture' is present on page  using regular expression

2024-07-12 23:41:30 - [TEST_STEP][PASSED] - verifyTextPresent("Amount", true): Text 'Amount' is present on page  using regular expression

2024-07-12 23:41:31 - [MESSAGE][PASSED] - Text 'Amount' is present on page  using regular expression

2024-07-12 23:41:31 - [TEST_STEP][PASSED] - verifyTextPresent(captureAmount, true): Text '10.50' is present on page  using regular expression

2024-07-12 23:41:31 - [MESSAGE][PASSED] - Text '10.50' is present on page  using regular expression

2024-07-12 23:41:31 - [TEST_STEP][PASSED] - sdf = getText(findTestObject(path_Receipt + "td_AutoNoC031622113752957Ahm")): Text of object 'Object Repository/AdminSuiteBootstrap_Pages/VT_Bootstrap/Receipt/td_AutoNoC031622113752957Ahm' is: 'AutoNoC071224233346626Ahm'

2024-07-12 23:41:31 - [MESSAGE][PASSED] - Text of object 'Object Repository/AdminSuiteBootstrap_Pages/VT_Bootstrap/Receipt/td_AutoNoC031622113752957Ahm' is: 'AutoNoC071224233346626Ahm'

2024-07-12 23:41:31 - [TEST_STEP][PASSED] - out.println("sdf: " + sdf): null

2024-07-12 23:41:31 - [TEST_STEP][PASSED] - remID = sdf: null

2024-07-12 23:41:31 - [TEST_STEP][PASSED] - out.println("remID: " + remID): null

2024-07-12 23:41:31 - [TEST_STEP][PASSED] - click(findTestObject(path_Receipt + "button_Continue")): Object: 'Object Repository/AdminSuiteBootstrap_Pages/VT_Bootstrap/Receipt/button_Continue' is clicked on

2024-07-12 23:41:32 - [MESSAGE][PASSED] - Object: 'Object Repository/AdminSuiteBootstrap_Pages/VT_Bootstrap/Receipt/button_Continue' is clicked on

2024-07-12 23:41:32 - [TEST_STEP][PASSED] - click(findTestObject(path_VT + "a_Search Transactions")): Object: 'Object Repository/AdminSuiteBootstrap_Pages/VT_Bootstrap/IssueTransactions/a_Search Transactions' is clicked on

2024-07-12 23:41:33 - [MESSAGE][PASSED] - Object: 'Object Repository/AdminSuiteBootstrap_Pages/VT_Bootstrap/IssueTransactions/a_Search Transactions' is clicked on

2024-07-12 23:41:33 - [TEST_STEP][PASSED] - setText(findTestObject(path_CCSearch + "input_Search By_searchValue"), remID): Text 'AutoNoC071224233346626Ahm' is set on object 'Object Repository/AdminSuiteBootstrap_Pages/VT_Bootstrap/CCCreditOrVoidSearch/input_Search By_searchValue'

2024-07-12 23:41:34 - [MESSAGE][PASSED] - Text 'AutoNoC071224233346626Ahm' is set on object 'Object Repository/AdminSuiteBootstrap_Pages/VT_Bootstrap/CCCreditOrVoidSearch/input_Search By_searchValue'

2024-07-12 23:41:34 - [TEST_STEP][PASSED] - click(findTestObject(path_CCSearch + "option_Capture (Sale)")): Object: 'Object Repository/AdminSuiteBootstrap_Pages/VT_Bootstrap/CCCreditOrVoidSearch/option_Capture (Sale)' is clicked on

2024-07-12 23:41:34 - [MESSAGE][PASSED] - Object: 'Object Repository/AdminSuiteBootstrap_Pages/VT_Bootstrap/CCCreditOrVoidSearch/option_Capture (Sale)' is clicked on

2024-07-12 23:41:34 - [TEST_STEP][PASSED] - click(findTestObject(path_CCSearch + "button_Submit")): Object: 'Object Repository/AdminSuiteBootstrap_Pages/VT_Bootstrap/CCCreditOrVoidSearch/button_Submit' is clicked on

2024-07-12 23:41:35 - [MESSAGE][PASSED] - Object: 'Object Repository/AdminSuiteBootstrap_Pages/VT_Bootstrap/CCCreditOrVoidSearch/button_Submit' is clicked on

2024-07-12 23:41:35 - [TEST_STEP][PASSED] - fgr = getText(findTestObject(path_SearchResults + "div_Payment ID")): Text of object 'Object Repository/AdminSuiteBootstrap_Pages/VT_Bootstrap/SearchResults/div_Payment ID' is: 'Payment ID
Payment Type
Transaction Type
Remittance ID
Name
Total Amount
End Date
Status
12154931 Credit Card Capture AutoNoC071224233346626Ahm Tulsi Raman $10.50 07/12/2024 Success'

2024-07-12 23:41:35 - [MESSAGE][PASSED] - Text of object 'Object Repository/AdminSuiteBootstrap_Pages/VT_Bootstrap/SearchResults/div_Payment ID' is: 'Payment ID
Payment Type
Transaction Type
Remittance ID
Name
Total Amount
End Date
Status
12154931 Credit Card Capture AutoNoC071224233346626Ahm Tulsi Raman $10.50 07/12/2024 Success'

2024-07-12 23:41:35 - [TEST_STEP][PASSED] - payID = substring(89, 98).trim(): null

2024-07-12 23:41:35 - [TEST_STEP][PASSED] - out.println("payID: " + payID): null

2024-07-12 23:41:35 - [TEST_STEP][PASSED] - click(findTestObject(path_SearchResults + "button_PaymentID")): Object: 'Object Repository/AdminSuiteBootstrap_Pages/VT_Bootstrap/SearchResults/button_PaymentID' is clicked on

2024-07-12 23:41:36 - [MESSAGE][PASSED] - Object: 'Object Repository/AdminSuiteBootstrap_Pages/VT_Bootstrap/SearchResults/button_PaymentID' is clicked on

2024-07-12 23:41:36 - [TEST_STEP][PASSED] - click(findTestObject(path_TranxDetails + "a_Credit this transaction")): Object: 'Object Repository/AdminSuiteBootstrap_Pages/VT_Bootstrap/TransactionDetails/a_Credit this transaction' is clicked on

2024-07-12 23:41:37 - [MESSAGE][PASSED] - Object: 'Object Repository/AdminSuiteBootstrap_Pages/VT_Bootstrap/TransactionDetails/a_Credit this transaction' is clicked on

2024-07-12 23:41:37 - [TEST_STEP][PASSED] - verifyTextPresent("Credit Card Credit", true): Text 'Credit Card Credit' is present on page  using regular expression

2024-07-12 23:41:38 - [MESSAGE][PASSED] - Text 'Credit Card Credit' is present on page  using regular expression

2024-07-12 23:41:38 - [TEST_STEP][PASSED] - click(findTestObject(path_TranxDetails + "button_Submit")): Object: 'Object Repository/AdminSuiteBootstrap_Pages/VT_Bootstrap/TransactionDetails/button_Submit' is clicked on

2024-07-12 23:41:39 - [MESSAGE][PASSED] - Object: 'Object Repository/AdminSuiteBootstrap_Pages/VT_Bootstrap/TransactionDetails/button_Submit' is clicked on

2024-07-12 23:41:39 - [TEST_STEP][PASSED] - verifyTextPresent("Transaction Successful", true): Text 'Transaction Successful' is present on page  using regular expression

2024-07-12 23:41:40 - [MESSAGE][PASSED] - Text 'Transaction Successful' is present on page  using regular expression

2024-07-12 23:41:40 - [TEST_STEP][PASSED] - verifyTextPresent("Transaction Type", true): Text 'Transaction Type' is present on page  using regular expression

2024-07-12 23:41:40 - [MESSAGE][PASSED] - Text 'Transaction Type' is present on page  using regular expression

2024-07-12 23:41:40 - [TEST_STEP][PASSED] - verifyTextPresent("Credit", true): Text 'Credit' is present on page  using regular expression

2024-07-12 23:41:41 - [MESSAGE][PASSED] - Text 'Credit' is present on page  using regular expression

2024-07-12 23:41:41 - [TEST_STEP][PASSED] - closeBrowser(): Browser is closed

2024-07-12 23:41:42 - [MESSAGE][PASSED] - Browser is closed

2024-07-12 23:41:42 - [TEST_STEP][PASSED] - ExecuteTC = findTestData(dataFile).getValue("Execute", row): null

2024-07-12 23:41:42 - [TEST_STEP][PASSED] - out.println("Value of Execute is : " + ExecuteTC): null

2024-07-12 23:41:42 - [TEST_STEP][PASSED] - switch (executionProfile): null

2024-07-12 23:41:42 - [TEST_STEP][PASSED] - case "QA2Profile":: null

2024-07-12 23:41:42 - [TEST_STEP][PASSED] - appName = findTestData(dataFile).getValue("AppNameQA", row): null

2024-07-12 23:41:42 - [TEST_STEP][PASSED] - appID = findTestData(dataFile).getValue("AppIDQA", row): null

2024-07-12 23:41:42 - [TEST_STEP][PASSED] - break: null

2024-07-12 23:41:42 - [TEST_STEP][PASSED] - hrefAppID = li_1 + appID + li_2: null

2024-07-12 23:41:42 - [TEST_STEP][PASSED] - hrefApp = li_1 + appID + "/": null

2024-07-12 23:41:42 - [TEST_STEP][PASSED] - println("hrefApp : " + hrefApp): null

2024-07-12 23:41:42 - [TEST_STEP][PASSED] - if (ExecuteTC.equalsIgnoreCase("Y")): null

2024-07-12 23:41:42 - [TEST_STEP][PASSED] - out.println("Begin Record Number: " + row): null

2024-07-12 23:41:42 - [TEST_STEP][PASSED] - today = new java.util.Date(): null

2024-07-12 23:41:42 - [TEST_STEP][PASSED] - println(today): null

2024-07-12 23:41:42 - [TEST_STEP][PASSED] - datText = today: null

2024-07-12 23:41:42 - [TEST_STEP][PASSED] - adminSuiteBootstrap.loginFunctionality.login_AdminSuite(): adminSuiteBootstrap.loginFunctionality.login_AdminSuite is PASSED

2024-07-12 23:41:42 - [MESSAGE][INFO] - Starting 'Chrome' driver

2024-07-12 23:41:42 - [MESSAGE][INFO] - User set preference: ['acceptInsecureCerts', 'true']

2024-07-12 23:41:42 - [MESSAGE][INFO] - Action delay is set to 0 milliseconds

2024-07-12 23:41:44 - [MESSAGE][PASSED] - Browser is opened with url: 'https://qa2.velocitypayment.com/admin/imtiaz'

2024-07-12 23:41:45 - [MESSAGE][PASSED] - Current window maximized

2024-07-12 23:41:46 - [MESSAGE][PASSED] - Object 'Object Repository/Login_Page/Login_Username_Okta' is present

2024-07-12 23:41:46 - [MESSAGE][PASSED] - Text 'iahmed' is set on object 'Object Repository/Login_Page/Login_Username_Okta'

2024-07-12 23:41:47 - [MESSAGE][PASSED] - Text 'Hello!6666666' is set on object 'Object Repository/Login_Page/Login_Password_Okta'

2024-07-12 23:41:48 - [MESSAGE][PASSED] - Object: 'Object Repository/Login_Page/Login_Submit_Okta' is clicked on

2024-07-12 23:41:48 - [MESSAGE][PASSED] - adminSuiteBootstrap.loginFunctionality.login_AdminSuite is PASSED

2024-07-12 23:41:48 - [TEST_STEP][PASSED] - click(findTestObject(path_Dashboard + appName)): Object: 'Object Repository/AdminSuiteBootstrap_Pages/Dashboard_Bootstrap/a_Access AutoNoCFtp' is clicked on

2024-07-12 23:41:55 - [MESSAGE][PASSED] - Object: 'Object Repository/AdminSuiteBootstrap_Pages/Dashboard_Bootstrap/a_Access AutoNoCFtp' is clicked on

2024-07-12 23:41:55 - [TEST_STEP][PASSED] - click(findTestObject(path_VT + "button_Authorization Only")): Object: 'Object Repository/AdminSuiteBootstrap_Pages/VT_Bootstrap/IssueTransactions/button_Authorization Only' is clicked on

2024-07-12 23:41:56 - [MESSAGE][PASSED] - Object: 'Object Repository/AdminSuiteBootstrap_Pages/VT_Bootstrap/IssueTransactions/button_Authorization Only' is clicked on

2024-07-12 23:41:56 - [TEST_STEP][PASSED] - authOnlyKeyboardEntryLink = modifyObjectProperty(findTestObject(path_VT + "a_KeyboardEntry_Sale"), "href", "equals", hrefAppID, true): Modify property of object successfully

2024-07-12 23:41:56 - [MESSAGE][PASSED] - Modify property of object successfully

2024-07-12 23:41:56 - [TEST_STEP][PASSED] - click(authOnlyKeyboardEntryLink): Object: 'Object Repository/AdminSuiteBootstrap_Pages/VT_Bootstrap/IssueTransactions/a_KeyboardEntry_Sale' is clicked on

2024-07-12 23:41:57 - [MESSAGE][PASSED] - Object: 'Object Repository/AdminSuiteBootstrap_Pages/VT_Bootstrap/IssueTransactions/a_KeyboardEntry_Sale' is clicked on

2024-07-12 23:41:57 - [TEST_STEP][PASSED] - adminSuiteBootstrap.virtualTerminalSetData.saleKeyboard_DataDriven(row, dataFile): adminSuiteBootstrap.virtualTerminalSetData.saleKeyboard_DataDriven is PASSED

2024-07-12 23:42:00 - [MESSAGE][PASSED] - Text 'Janaki James' is set on object 'Object Repository/AdminSuiteBootstrap_Pages/VT_Bootstrap/SaleKeyboard/input_cardName'

2024-07-12 23:42:01 - [MESSAGE][PASSED] - All options with value 'MOTO' are selected in object 'Object Repository/AdminSuiteBootstrap_Pages/VT_Bootstrap/SaleKeyboard/select_transactionCategory'  using regular expression

2024-07-12 23:42:02 - [MESSAGE][PASSED] - Execute JavaScript 'arguments[0].value ='4012000098765439' ' successfully

2024-07-12 23:42:02 - [MESSAGE][PASSED] - Execute JavaScript 'arguments[0].value ='123' ' successfully

2024-07-12 23:42:03 - [MESSAGE][PASSED] - All options with value '12' are selected in object 'Object Repository/AdminSuiteBootstrap_Pages/VT_Bootstrap/SaleKeyboard/select_MM'  using regular expression

2024-07-12 23:42:04 - [MESSAGE][PASSED] - All options with value '2025' are selected in object 'Object Repository/AdminSuiteBootstrap_Pages/VT_Bootstrap/SaleKeyboard/select_YYYY'  using regular expression

2024-07-12 23:42:05 - [MESSAGE][PASSED] - Text '36 Cornor Road' is set on object 'Object Repository/AdminSuiteBootstrap_Pages/VT_Bootstrap/SaleKeyboard/input__address'

2024-07-12 23:42:06 - [MESSAGE][PASSED] - Text 'Suite 500' is set on object 'Object Repository/AdminSuiteBootstrap_Pages/VT_Bootstrap/SaleKeyboard/input__address2'

2024-07-12 23:42:07 - [MESSAGE][PASSED] - Text '22201' is set on object 'Object Repository/AdminSuiteBootstrap_Pages/VT_Bootstrap/SaleKeyboard/input__zip'

2024-07-12 23:42:07 - [MESSAGE][PASSED] - Text '' is set on object 'Object Repository/AdminSuiteBootstrap_Pages/VT_Bootstrap/SaleKeyboard/input_emailAddress'

2024-07-12 23:42:09 - [MESSAGE][PASSED] - Text '' is set on object 'Object Repository/AdminSuiteBootstrap_Pages/VT_Bootstrap/SaleKeyboard/input_smsNumber'

2024-07-12 23:42:09 - [MESSAGE][PASSED] - Text '10.50' is set on object 'Object Repository/AdminSuiteBootstrap_Pages/VT_Bootstrap/SaleKeyboard/input_amount'

2024-07-12 23:42:10 - [MESSAGE][PASSED] - Text 'Australia' is set on object 'Object Repository/AdminSuiteBootstrap_Pages/VT_Bootstrap/SaleKeyboard/input_userDefined1'

2024-07-12 23:42:11 - [MESSAGE][PASSED] - Text 'Denmark' is set on object 'Object Repository/AdminSuiteBootstrap_Pages/VT_Bootstrap/SaleKeyboard/input_userDefined2'

2024-07-12 23:42:12 - [MESSAGE][PASSED] - Text 'Sweden' is set on object 'Object Repository/AdminSuiteBootstrap_Pages/VT_Bootstrap/SaleKeyboard/input_userDefined3'

2024-07-12 23:42:12 - [MESSAGE][PASSED] - Text 'Austria' is set on object 'Object Repository/AdminSuiteBootstrap_Pages/VT_Bootstrap/SaleKeyboard/input_userDefined4'

2024-07-12 23:42:13 - [MESSAGE][PASSED] - All options with label 'Orange' are selected in object 'Object Repository/AdminSuiteBootstrap_Pages/VT_Bootstrap/SaleKeyboard/select_UDF5_DropDown'  using regular expression

2024-07-12 23:42:14 - [MESSAGE][PASSED] - All options with label 'Yellow' are selected in object 'Object Repository/AdminSuiteBootstrap_Pages/VT_Bootstrap/SaleKeyboard/select_UDF6_DropDown'  using regular expression

2024-07-12 23:42:15 - [MESSAGE][PASSED] - Text 'Norway' is set on object 'Object Repository/AdminSuiteBootstrap_Pages/VT_Bootstrap/SaleKeyboard/input_userDefined7'

2024-07-12 23:42:16 - [MESSAGE][PASSED] - Text 'Netherlands' is set on object 'Object Repository/AdminSuiteBootstrap_Pages/VT_Bootstrap/SaleKeyboard/input_userDefined8'

2024-07-12 23:42:17 - [MESSAGE][PASSED] - Text 'Switzerland' is set on object 'Object Repository/AdminSuiteBootstrap_Pages/VT_Bootstrap/SaleKeyboard/input_userDefined9'

2024-07-12 23:42:17 - [MESSAGE][PASSED] - Text 'France' is set on object 'Object Repository/AdminSuiteBootstrap_Pages/VT_Bootstrap/SaleKeyboard/input_userDefined10'

2024-07-12 23:42:19 - [MESSAGE][PASSED] - Object: 'Object Repository/AdminSuiteBootstrap_Pages/VT_Bootstrap/SaleKeyboard/button_Submit' is clicked on

2024-07-12 23:42:19 - [MESSAGE][PASSED] - adminSuiteBootstrap.virtualTerminalSetData.saleKeyboard_DataDriven is PASSED

2024-07-12 23:42:19 - [TEST_STEP][PASSED] - if (verifyTextPresent("Transaction Successful", true)): null

2024-07-12 23:42:19 - [MESSAGE][PASSED] - Text 'Transaction Successful' is present on page  using regular expression

2024-07-12 23:42:19 - [TEST_STEP][PASSED] - sdf = getText(findTestObject(path_Receipt + "td_AutoNoC031622113752957Ahm")): Text of object 'Object Repository/AdminSuiteBootstrap_Pages/VT_Bootstrap/Receipt/td_AutoNoC031622113752957Ahm' is: 'AutoNoC071224233448110Ahm'

2024-07-12 23:42:20 - [MESSAGE][PASSED] - Text of object 'Object Repository/AdminSuiteBootstrap_Pages/VT_Bootstrap/Receipt/td_AutoNoC031622113752957Ahm' is: 'AutoNoC071224233448110Ahm'

2024-07-12 23:42:20 - [TEST_STEP][PASSED] - out.println("sdf: " + sdf): null

2024-07-12 23:42:20 - [TEST_STEP][PASSED] - remID = sdf: null

2024-07-12 23:42:20 - [TEST_STEP][PASSED] - out.println("remID: " + remID): null

2024-07-12 23:42:20 - [TEST_STEP][PASSED] - click(findTestObject(path_Receipt + "button_Continue")): Object: 'Object Repository/AdminSuiteBootstrap_Pages/VT_Bootstrap/Receipt/button_Continue' is clicked on

2024-07-12 23:42:20 - [MESSAGE][PASSED] - Object: 'Object Repository/AdminSuiteBootstrap_Pages/VT_Bootstrap/Receipt/button_Continue' is clicked on

2024-07-12 23:42:20 - [TEST_STEP][PASSED] - click(findTestObject(path_VT + "a_Search Transactions")): Object: 'Object Repository/AdminSuiteBootstrap_Pages/VT_Bootstrap/IssueTransactions/a_Search Transactions' is clicked on

2024-07-12 23:42:21 - [MESSAGE][PASSED] - Object: 'Object Repository/AdminSuiteBootstrap_Pages/VT_Bootstrap/IssueTransactions/a_Search Transactions' is clicked on

2024-07-12 23:42:21 - [TEST_STEP][PASSED] - setText(findTestObject(path_CCSearch + "input_Search By_searchValue"), remID): Text 'AutoNoC071224233448110Ahm' is set on object 'Object Repository/AdminSuiteBootstrap_Pages/VT_Bootstrap/CCCreditOrVoidSearch/input_Search By_searchValue'

2024-07-12 23:42:22 - [MESSAGE][PASSED] - Text 'AutoNoC071224233448110Ahm' is set on object 'Object Repository/AdminSuiteBootstrap_Pages/VT_Bootstrap/CCCreditOrVoidSearch/input_Search By_searchValue'

2024-07-12 23:42:22 - [TEST_STEP][PASSED] - click(findTestObject(path_CCSearch + "option_Authorization")): Object: 'Object Repository/AdminSuiteBootstrap_Pages/VT_Bootstrap/CCCreditOrVoidSearch/option_Authorization' is clicked on

2024-07-12 23:42:23 - [MESSAGE][PASSED] - Object: 'Object Repository/AdminSuiteBootstrap_Pages/VT_Bootstrap/CCCreditOrVoidSearch/option_Authorization' is clicked on

2024-07-12 23:42:23 - [TEST_STEP][PASSED] - click(findTestObject(path_CCSearch + "button_Submit")): Object: 'Object Repository/AdminSuiteBootstrap_Pages/VT_Bootstrap/CCCreditOrVoidSearch/button_Submit' is clicked on

2024-07-12 23:42:23 - [MESSAGE][PASSED] - Object: 'Object Repository/AdminSuiteBootstrap_Pages/VT_Bootstrap/CCCreditOrVoidSearch/button_Submit' is clicked on

2024-07-12 23:42:23 - [TEST_STEP][PASSED] - fgr = getText(findTestObject(path_SearchResults + "div_Payment ID")): Text of object 'Object Repository/AdminSuiteBootstrap_Pages/VT_Bootstrap/SearchResults/div_Payment ID' is: 'Payment ID
Payment Type
Transaction Type
Remittance ID
Name
Total Amount
End Date
Status
12154933 Credit Card Authorization AutoNoC071224233448110Ahm Janaki James $10.50 07/12/2024 Success'

2024-07-12 23:42:24 - [MESSAGE][PASSED] - Text of object 'Object Repository/AdminSuiteBootstrap_Pages/VT_Bootstrap/SearchResults/div_Payment ID' is: 'Payment ID
Payment Type
Transaction Type
Remittance ID
Name
Total Amount
End Date
Status
12154933 Credit Card Authorization AutoNoC071224233448110Ahm Janaki James $10.50 07/12/2024 Success'

2024-07-12 23:42:24 - [TEST_STEP][PASSED] - payID = substring(89, 98).trim(): null

2024-07-12 23:42:24 - [TEST_STEP][PASSED] - out.println("payID: " + payID): null

2024-07-12 23:42:24 - [TEST_STEP][PASSED] - click(findTestObject(path_SearchResults + "button_PaymentID")): Object: 'Object Repository/AdminSuiteBootstrap_Pages/VT_Bootstrap/SearchResults/button_PaymentID' is clicked on

2024-07-12 23:42:25 - [MESSAGE][PASSED] - Object: 'Object Repository/AdminSuiteBootstrap_Pages/VT_Bootstrap/SearchResults/button_PaymentID' is clicked on

2024-07-12 23:42:25 - [TEST_STEP][PASSED] - verifyTextPresent("Tender Type", true): Text 'Tender Type' is present on page  using regular expression

2024-07-12 23:42:25 - [MESSAGE][PASSED] - Text 'Tender Type' is present on page  using regular expression

2024-07-12 23:42:25 - [TEST_STEP][PASSED] - verifyTextPresent("Credit Card", true): Text 'Credit Card' is present on page  using regular expression

2024-07-12 23:42:26 - [MESSAGE][PASSED] - Text 'Credit Card' is present on page  using regular expression

2024-07-12 23:42:26 - [TEST_STEP][PASSED] - verifyTextPresent("Transaction Type", true): Text 'Transaction Type' is present on page  using regular expression

2024-07-12 23:42:26 - [MESSAGE][PASSED] - Text 'Transaction Type' is present on page  using regular expression

2024-07-12 23:42:26 - [TEST_STEP][PASSED] - verifyTextPresent("Authorization", true): Text 'Authorization' is present on page  using regular expression

2024-07-12 23:42:26 - [MESSAGE][PASSED] - Text 'Authorization' is present on page  using regular expression

2024-07-12 23:42:26 - [TEST_STEP][PASSED] - verifyTextPresent("Transaction Posted by", true): Text 'Transaction Posted by' is present on page  using regular expression

2024-07-12 23:42:27 - [MESSAGE][PASSED] - Text 'Transaction Posted by' is present on page  using regular expression

2024-07-12 23:42:27 - [TEST_STEP][PASSED] - verifyTextPresent("iahmed", true): Text 'iahmed' is present on page  using regular expression

2024-07-12 23:42:27 - [MESSAGE][PASSED] - Text 'iahmed' is present on page  using regular expression

2024-07-12 23:42:27 - [TEST_STEP][PASSED] - click(findTestObject(path_TranxDetails + "a_Capture this transaction")): Object: 'Object Repository/AdminSuiteBootstrap_Pages/VT_Bootstrap/TransactionDetails/a_Capture this transaction' is clicked on

2024-07-12 23:42:28 - [MESSAGE][PASSED] - Object: 'Object Repository/AdminSuiteBootstrap_Pages/VT_Bootstrap/TransactionDetails/a_Capture this transaction' is clicked on

2024-07-12 23:42:28 - [TEST_STEP][PASSED] - verifyTextPresent("Credit Card Capture", true): Text 'Credit Card Capture' is present on page  using regular expression

2024-07-12 23:42:29 - [MESSAGE][PASSED] - Text 'Credit Card Capture' is present on page  using regular expression

2024-07-12 23:42:29 - [TEST_STEP][PASSED] - captureAmount = findTestData(dataFile).getValue("CaptureAmount", row): null

2024-07-12 23:42:29 - [TEST_STEP][PASSED] - setText(findTestObject(path_SaleKB + "input_amountCapture"), captureAmount): Text '8.50' is set on object 'Object Repository/AdminSuiteBootstrap_Pages/VT_Bootstrap/SaleKeyboard/input_amountCapture'

2024-07-12 23:42:30 - [MESSAGE][PASSED] - Text '8.50' is set on object 'Object Repository/AdminSuiteBootstrap_Pages/VT_Bootstrap/SaleKeyboard/input_amountCapture'

2024-07-12 23:42:30 - [TEST_STEP][PASSED] - click(findTestObject(path_TranxDetails + "button_Submit")): Object: 'Object Repository/AdminSuiteBootstrap_Pages/VT_Bootstrap/TransactionDetails/button_Submit' is clicked on

2024-07-12 23:42:31 - [MESSAGE][PASSED] - Object: 'Object Repository/AdminSuiteBootstrap_Pages/VT_Bootstrap/TransactionDetails/button_Submit' is clicked on

2024-07-12 23:42:31 - [TEST_STEP][PASSED] - if (verifyTextPresent("Transaction Successful", true)): null

2024-07-12 23:42:32 - [MESSAGE][PASSED] - Text 'Transaction Successful' is present on page  using regular expression

2024-07-12 23:42:32 - [TEST_STEP][PASSED] - verifyTextPresent("Transaction Type", true): Text 'Transaction Type' is present on page  using regular expression

2024-07-12 23:42:32 - [MESSAGE][PASSED] - Text 'Transaction Type' is present on page  using regular expression

2024-07-12 23:42:32 - [TEST_STEP][PASSED] - verifyTextPresent("Capture", true): Text 'Capture' is present on page  using regular expression

2024-07-12 23:42:32 - [MESSAGE][PASSED] - Text 'Capture' is present on page  using regular expression

2024-07-12 23:42:32 - [TEST_STEP][PASSED] - verifyTextPresent("Amount", true): Text 'Amount' is present on page  using regular expression

2024-07-12 23:42:33 - [MESSAGE][PASSED] - Text 'Amount' is present on page  using regular expression

2024-07-12 23:42:33 - [TEST_STEP][PASSED] - verifyTextPresent(captureAmount, true): Text '8.50' is present on page  using regular expression

2024-07-12 23:42:33 - [MESSAGE][PASSED] - Text '8.50' is present on page  using regular expression

2024-07-12 23:42:33 - [TEST_STEP][PASSED] - sdf = getText(findTestObject(path_Receipt + "td_AutoNoC031622113752957Ahm")): Text of object 'Object Repository/AdminSuiteBootstrap_Pages/VT_Bootstrap/Receipt/td_AutoNoC031622113752957Ahm' is: 'AutoNoC071224233448110Ahm'

2024-07-12 23:42:33 - [MESSAGE][PASSED] - Text of object 'Object Repository/AdminSuiteBootstrap_Pages/VT_Bootstrap/Receipt/td_AutoNoC031622113752957Ahm' is: 'AutoNoC071224233448110Ahm'

2024-07-12 23:42:33 - [TEST_STEP][PASSED] - out.println("sdf: " + sdf): null

2024-07-12 23:42:33 - [TEST_STEP][PASSED] - remID = sdf: null

2024-07-12 23:42:33 - [TEST_STEP][PASSED] - out.println("remID: " + remID): null

2024-07-12 23:42:33 - [TEST_STEP][PASSED] - click(findTestObject(path_Receipt + "button_Continue")): Object: 'Object Repository/AdminSuiteBootstrap_Pages/VT_Bootstrap/Receipt/button_Continue' is clicked on

2024-07-12 23:42:34 - [MESSAGE][PASSED] - Object: 'Object Repository/AdminSuiteBootstrap_Pages/VT_Bootstrap/Receipt/button_Continue' is clicked on

2024-07-12 23:42:34 - [TEST_STEP][PASSED] - click(findTestObject(path_VT + "a_Search Transactions")): Object: 'Object Repository/AdminSuiteBootstrap_Pages/VT_Bootstrap/IssueTransactions/a_Search Transactions' is clicked on

2024-07-12 23:42:35 - [MESSAGE][PASSED] - Object: 'Object Repository/AdminSuiteBootstrap_Pages/VT_Bootstrap/IssueTransactions/a_Search Transactions' is clicked on

2024-07-12 23:42:35 - [TEST_STEP][PASSED] - setText(findTestObject(path_CCSearch + "input_Search By_searchValue"), remID): Text 'AutoNoC071224233448110Ahm' is set on object 'Object Repository/AdminSuiteBootstrap_Pages/VT_Bootstrap/CCCreditOrVoidSearch/input_Search By_searchValue'

2024-07-12 23:42:36 - [MESSAGE][PASSED] - Text 'AutoNoC071224233448110Ahm' is set on object 'Object Repository/AdminSuiteBootstrap_Pages/VT_Bootstrap/CCCreditOrVoidSearch/input_Search By_searchValue'

2024-07-12 23:42:36 - [TEST_STEP][PASSED] - click(findTestObject(path_CCSearch + "option_Capture (Sale)")): Object: 'Object Repository/AdminSuiteBootstrap_Pages/VT_Bootstrap/CCCreditOrVoidSearch/option_Capture (Sale)' is clicked on

2024-07-12 23:42:36 - [MESSAGE][PASSED] - Object: 'Object Repository/AdminSuiteBootstrap_Pages/VT_Bootstrap/CCCreditOrVoidSearch/option_Capture (Sale)' is clicked on

2024-07-12 23:42:36 - [TEST_STEP][PASSED] - click(findTestObject(path_CCSearch + "button_Submit")): Object: 'Object Repository/AdminSuiteBootstrap_Pages/VT_Bootstrap/CCCreditOrVoidSearch/button_Submit' is clicked on

2024-07-12 23:42:37 - [MESSAGE][PASSED] - Object: 'Object Repository/AdminSuiteBootstrap_Pages/VT_Bootstrap/CCCreditOrVoidSearch/button_Submit' is clicked on

2024-07-12 23:42:37 - [TEST_STEP][PASSED] - fgr = getText(findTestObject(path_SearchResults + "div_Payment ID")): Text of object 'Object Repository/AdminSuiteBootstrap_Pages/VT_Bootstrap/SearchResults/div_Payment ID' is: 'Payment ID
Payment Type
Transaction Type
Remittance ID
Name
Total Amount
End Date
Status
12154934 Credit Card Capture AutoNoC071224233448110Ahm Janaki James $8.50 07/12/2024 Success'

2024-07-12 23:42:37 - [MESSAGE][PASSED] - Text of object 'Object Repository/AdminSuiteBootstrap_Pages/VT_Bootstrap/SearchResults/div_Payment ID' is: 'Payment ID
Payment Type
Transaction Type
Remittance ID
Name
Total Amount
End Date
Status
12154934 Credit Card Capture AutoNoC071224233448110Ahm Janaki James $8.50 07/12/2024 Success'

2024-07-12 23:42:37 - [TEST_STEP][PASSED] - payID = substring(89, 98).trim(): null

2024-07-12 23:42:37 - [TEST_STEP][PASSED] - out.println("payID: " + payID): null

2024-07-12 23:42:37 - [TEST_STEP][PASSED] - click(findTestObject(path_SearchResults + "button_PaymentID")): Object: 'Object Repository/AdminSuiteBootstrap_Pages/VT_Bootstrap/SearchResults/button_PaymentID' is clicked on

2024-07-12 23:42:38 - [MESSAGE][PASSED] - Object: 'Object Repository/AdminSuiteBootstrap_Pages/VT_Bootstrap/SearchResults/button_PaymentID' is clicked on

2024-07-12 23:42:38 - [TEST_STEP][PASSED] - click(findTestObject(path_TranxDetails + "a_Credit this transaction")): Object: 'Object Repository/AdminSuiteBootstrap_Pages/VT_Bootstrap/TransactionDetails/a_Credit this transaction' is clicked on

2024-07-12 23:42:39 - [MESSAGE][PASSED] - Object: 'Object Repository/AdminSuiteBootstrap_Pages/VT_Bootstrap/TransactionDetails/a_Credit this transaction' is clicked on

2024-07-12 23:42:39 - [TEST_STEP][PASSED] - verifyTextPresent("Credit Card Credit", true): Text 'Credit Card Credit' is present on page  using regular expression

2024-07-12 23:42:40 - [MESSAGE][PASSED] - Text 'Credit Card Credit' is present on page  using regular expression

2024-07-12 23:42:40 - [TEST_STEP][PASSED] - click(findTestObject(path_TranxDetails + "button_Submit")): Object: 'Object Repository/AdminSuiteBootstrap_Pages/VT_Bootstrap/TransactionDetails/button_Submit' is clicked on

2024-07-12 23:42:41 - [MESSAGE][PASSED] - Object: 'Object Repository/AdminSuiteBootstrap_Pages/VT_Bootstrap/TransactionDetails/button_Submit' is clicked on

2024-07-12 23:42:41 - [TEST_STEP][PASSED] - verifyTextPresent("Transaction Successful", true): Text 'Transaction Successful' is present on page  using regular expression

2024-07-12 23:42:42 - [MESSAGE][PASSED] - Text 'Transaction Successful' is present on page  using regular expression

2024-07-12 23:42:42 - [TEST_STEP][PASSED] - verifyTextPresent("Transaction Type", true): Text 'Transaction Type' is present on page  using regular expression

2024-07-12 23:42:42 - [MESSAGE][PASSED] - Text 'Transaction Type' is present on page  using regular expression

2024-07-12 23:42:42 - [TEST_STEP][PASSED] - verifyTextPresent("Credit", true): Text 'Credit' is present on page  using regular expression

2024-07-12 23:42:43 - [MESSAGE][PASSED] - Text 'Credit' is present on page  using regular expression

2024-07-12 23:42:43 - [TEST_STEP][PASSED] - closeBrowser(): Browser is closed

2024-07-12 23:42:44 - [MESSAGE][PASSED] - Browser is closed

2024-07-12 23:42:44 - [TEST_STEP][PASSED] - ExecuteTC = findTestData(dataFile).getValue("Execute", row): null

2024-07-12 23:42:44 - [TEST_STEP][PASSED] - out.println("Value of Execute is : " + ExecuteTC): null

2024-07-12 23:42:44 - [TEST_STEP][PASSED] - switch (executionProfile): null

2024-07-12 23:42:44 - [TEST_STEP][PASSED] - case "QA2Profile":: null

2024-07-12 23:42:44 - [TEST_STEP][PASSED] - appName = findTestData(dataFile).getValue("AppNameQA", row): null

2024-07-12 23:42:44 - [TEST_STEP][PASSED] - appID = findTestData(dataFile).getValue("AppIDQA", row): null

2024-07-12 23:42:44 - [TEST_STEP][PASSED] - break: null

2024-07-12 23:42:44 - [TEST_STEP][PASSED] - hrefAppID = li_1 + appID + li_2: null

2024-07-12 23:42:44 - [TEST_STEP][PASSED] - hrefApp = li_1 + appID + "/": null

2024-07-12 23:42:44 - [TEST_STEP][PASSED] - println("hrefApp : " + hrefApp): null

2024-07-12 23:42:44 - [TEST_STEP][PASSED] - if (ExecuteTC.equalsIgnoreCase("Y")): null

2024-07-12 23:42:44 - [TEST_STEP][PASSED] - out.println("Begin Record Number: " + row): null

2024-07-12 23:42:44 - [TEST_STEP][PASSED] - today = new java.util.Date(): null

2024-07-12 23:42:44 - [TEST_STEP][PASSED] - println(today): null

2024-07-12 23:42:44 - [TEST_STEP][PASSED] - datText = today: null

2024-07-12 23:42:44 - [TEST_STEP][PASSED] - adminSuiteBootstrap.loginFunctionality.login_AdminSuite(): adminSuiteBootstrap.loginFunctionality.login_AdminSuite is PASSED

2024-07-12 23:42:44 - [MESSAGE][INFO] - Starting 'Chrome' driver

2024-07-12 23:42:44 - [MESSAGE][INFO] - User set preference: ['acceptInsecureCerts', 'true']

2024-07-12 23:42:44 - [MESSAGE][INFO] - Action delay is set to 0 milliseconds

2024-07-12 23:42:46 - [MESSAGE][PASSED] - Browser is opened with url: 'https://qa2.velocitypayment.com/admin/imtiaz'

2024-07-12 23:42:47 - [MESSAGE][PASSED] - Current window maximized

2024-07-12 23:42:48 - [MESSAGE][PASSED] - Object 'Object Repository/Login_Page/Login_Username_Okta' is present

2024-07-12 23:42:48 - [MESSAGE][PASSED] - Text 'iahmed' is set on object 'Object Repository/Login_Page/Login_Username_Okta'

2024-07-12 23:42:49 - [MESSAGE][PASSED] - Text 'Hello!6666666' is set on object 'Object Repository/Login_Page/Login_Password_Okta'

2024-07-12 23:42:50 - [MESSAGE][PASSED] - Object: 'Object Repository/Login_Page/Login_Submit_Okta' is clicked on

2024-07-12 23:42:50 - [MESSAGE][PASSED] - adminSuiteBootstrap.loginFunctionality.login_AdminSuite is PASSED

2024-07-12 23:42:50 - [TEST_STEP][PASSED] - click(findTestObject(path_Dashboard + appName)): Object: 'Object Repository/AdminSuiteBootstrap_Pages/Dashboard_Bootstrap/a_Access AutoDualCFtpQA' is clicked on

2024-07-12 23:42:59 - [MESSAGE][PASSED] - Object: 'Object Repository/AdminSuiteBootstrap_Pages/Dashboard_Bootstrap/a_Access AutoDualCFtpQA' is clicked on

2024-07-12 23:42:59 - [TEST_STEP][PASSED] - click(findTestObject(path_VT + "button_Authorization Only")): Object: 'Object Repository/AdminSuiteBootstrap_Pages/VT_Bootstrap/IssueTransactions/button_Authorization Only' is clicked on

2024-07-12 23:42:59 - [MESSAGE][PASSED] - Object: 'Object Repository/AdminSuiteBootstrap_Pages/VT_Bootstrap/IssueTransactions/button_Authorization Only' is clicked on

2024-07-12 23:42:59 - [TEST_STEP][PASSED] - authOnlyKeyboardEntryLink = modifyObjectProperty(findTestObject(path_VT + "a_KeyboardEntry_Sale"), "href", "equals", hrefAppID, true): Modify property of object successfully

2024-07-12 23:42:59 - [MESSAGE][PASSED] - Modify property of object successfully

2024-07-12 23:42:59 - [TEST_STEP][PASSED] - click(authOnlyKeyboardEntryLink): Object: 'Object Repository/AdminSuiteBootstrap_Pages/VT_Bootstrap/IssueTransactions/a_KeyboardEntry_Sale' is clicked on

2024-07-12 23:43:00 - [MESSAGE][PASSED] - Object: 'Object Repository/AdminSuiteBootstrap_Pages/VT_Bootstrap/IssueTransactions/a_KeyboardEntry_Sale' is clicked on

2024-07-12 23:43:00 - [TEST_STEP][PASSED] - adminSuiteBootstrap.virtualTerminalSetData.saleKeyboard_DataDriven(row, dataFile): adminSuiteBootstrap.virtualTerminalSetData.saleKeyboard_DataDriven is PASSED

2024-07-12 23:43:03 - [MESSAGE][PASSED] - Text 'Tulsi Raman' is set on object 'Object Repository/AdminSuiteBootstrap_Pages/VT_Bootstrap/SaleKeyboard/input_cardName'

2024-07-12 23:43:04 - [MESSAGE][PASSED] - All options with value 'RETL' are selected in object 'Object Repository/AdminSuiteBootstrap_Pages/VT_Bootstrap/SaleKeyboard/select_transactionCategory'  using regular expression

2024-07-12 23:43:05 - [MESSAGE][PASSED] - Execute JavaScript 'arguments[0].value ='371449635392376' ' successfully

2024-07-12 23:43:05 - [MESSAGE][PASSED] - Execute JavaScript 'arguments[0].value ='123' ' successfully

2024-07-12 23:43:06 - [MESSAGE][PASSED] - All options with value '12' are selected in object 'Object Repository/AdminSuiteBootstrap_Pages/VT_Bootstrap/SaleKeyboard/select_MM'  using regular expression

2024-07-12 23:43:08 - [MESSAGE][PASSED] - All options with value '2025' are selected in object 'Object Repository/AdminSuiteBootstrap_Pages/VT_Bootstrap/SaleKeyboard/select_YYYY'  using regular expression

2024-07-12 23:43:08 - [MESSAGE][PASSED] - Text '550 Swan Lake' is set on object 'Object Repository/AdminSuiteBootstrap_Pages/VT_Bootstrap/SaleKeyboard/input__address'

2024-07-12 23:43:09 - [MESSAGE][PASSED] - Text 'Suite 500' is set on object 'Object Repository/AdminSuiteBootstrap_Pages/VT_Bootstrap/SaleKeyboard/input__address2'

2024-07-12 23:43:10 - [MESSAGE][PASSED] - Text '22201' is set on object 'Object Repository/AdminSuiteBootstrap_Pages/VT_Bootstrap/SaleKeyboard/input__zip'

2024-07-12 23:43:11 - [MESSAGE][PASSED] - Text '' is set on object 'Object Repository/AdminSuiteBootstrap_Pages/VT_Bootstrap/SaleKeyboard/input_emailAddress'

2024-07-12 23:43:12 - [MESSAGE][PASSED] - Text '' is set on object 'Object Repository/AdminSuiteBootstrap_Pages/VT_Bootstrap/SaleKeyboard/input_smsNumber'

2024-07-12 23:43:13 - [MESSAGE][PASSED] - Text '10.50' is set on object 'Object Repository/AdminSuiteBootstrap_Pages/VT_Bootstrap/SaleKeyboard/input_amount'

2024-07-12 23:43:14 - [MESSAGE][PASSED] - Text 'Australia' is set on object 'Object Repository/AdminSuiteBootstrap_Pages/VT_Bootstrap/SaleKeyboard/input_userDefined1'

2024-07-12 23:43:14 - [MESSAGE][PASSED] - Text 'Denmark' is set on object 'Object Repository/AdminSuiteBootstrap_Pages/VT_Bootstrap/SaleKeyboard/input_userDefined2'

2024-07-12 23:43:15 - [MESSAGE][PASSED] - Text 'Sweden' is set on object 'Object Repository/AdminSuiteBootstrap_Pages/VT_Bootstrap/SaleKeyboard/input_userDefined3'

2024-07-12 23:43:16 - [MESSAGE][PASSED] - Text 'Austria' is set on object 'Object Repository/AdminSuiteBootstrap_Pages/VT_Bootstrap/SaleKeyboard/input_userDefined4'

2024-07-12 23:43:17 - [MESSAGE][PASSED] - All options with label 'Orange' are selected in object 'Object Repository/AdminSuiteBootstrap_Pages/VT_Bootstrap/SaleKeyboard/select_UDF5_DropDown'  using regular expression

2024-07-12 23:43:18 - [MESSAGE][PASSED] - All options with label 'Yellow' are selected in object 'Object Repository/AdminSuiteBootstrap_Pages/VT_Bootstrap/SaleKeyboard/select_UDF6_DropDown'  using regular expression

2024-07-12 23:43:19 - [MESSAGE][PASSED] - Text 'Norway' is set on object 'Object Repository/AdminSuiteBootstrap_Pages/VT_Bootstrap/SaleKeyboard/input_userDefined7'

2024-07-12 23:43:19 - [MESSAGE][PASSED] - Text 'Netherlands' is set on object 'Object Repository/AdminSuiteBootstrap_Pages/VT_Bootstrap/SaleKeyboard/input_userDefined8'

2024-07-12 23:43:20 - [MESSAGE][PASSED] - Text 'Switzerland' is set on object 'Object Repository/AdminSuiteBootstrap_Pages/VT_Bootstrap/SaleKeyboard/input_userDefined9'

2024-07-12 23:43:21 - [MESSAGE][PASSED] - Text 'France' is set on object 'Object Repository/AdminSuiteBootstrap_Pages/VT_Bootstrap/SaleKeyboard/input_userDefined10'

2024-07-12 23:43:22 - [MESSAGE][PASSED] - Object: 'Object Repository/AdminSuiteBootstrap_Pages/VT_Bootstrap/SaleKeyboard/button_Submit' is clicked on

2024-07-12 23:43:22 - [MESSAGE][PASSED] - adminSuiteBootstrap.virtualTerminalSetData.saleKeyboard_DataDriven is PASSED

2024-07-12 23:43:22 - [TEST_STEP][PASSED] - if (verifyTextPresent("Transaction Successful", true)): null

2024-07-12 23:43:23 - [MESSAGE][PASSED] - Text 'Transaction Successful' is present on page  using regular expression

2024-07-12 23:43:23 - [TEST_STEP][PASSED] - sdf = getText(findTestObject(path_Receipt + "td_AutoNoC031622113752957Ahm")): Text of object 'Object Repository/AdminSuiteBootstrap_Pages/VT_Bootstrap/Receipt/td_AutoNoC031622113752957Ahm' is: 'AutoDua071224233551334Ahm'

2024-07-12 23:43:23 - [MESSAGE][PASSED] - Text of object 'Object Repository/AdminSuiteBootstrap_Pages/VT_Bootstrap/Receipt/td_AutoNoC031622113752957Ahm' is: 'AutoDua071224233551334Ahm'

2024-07-12 23:43:23 - [TEST_STEP][PASSED] - out.println("sdf: " + sdf): null

2024-07-12 23:43:23 - [TEST_STEP][PASSED] - remID = sdf: null

2024-07-12 23:43:23 - [TEST_STEP][PASSED] - out.println("remID: " + remID): null

2024-07-12 23:43:23 - [TEST_STEP][PASSED] - click(findTestObject(path_Receipt + "button_Continue")): Object: 'Object Repository/AdminSuiteBootstrap_Pages/VT_Bootstrap/Receipt/button_Continue' is clicked on

2024-07-12 23:43:24 - [MESSAGE][PASSED] - Object: 'Object Repository/AdminSuiteBootstrap_Pages/VT_Bootstrap/Receipt/button_Continue' is clicked on

2024-07-12 23:43:24 - [TEST_STEP][PASSED] - click(findTestObject(path_VT + "a_Search Transactions")): Object: 'Object Repository/AdminSuiteBootstrap_Pages/VT_Bootstrap/IssueTransactions/a_Search Transactions' is clicked on

2024-07-12 23:43:25 - [MESSAGE][PASSED] - Object: 'Object Repository/AdminSuiteBootstrap_Pages/VT_Bootstrap/IssueTransactions/a_Search Transactions' is clicked on

2024-07-12 23:43:25 - [TEST_STEP][PASSED] - setText(findTestObject(path_CCSearch + "input_Search By_searchValue"), remID): Text 'AutoDua071224233551334Ahm' is set on object 'Object Repository/AdminSuiteBootstrap_Pages/VT_Bootstrap/CCCreditOrVoidSearch/input_Search By_searchValue'

2024-07-12 23:43:26 - [MESSAGE][PASSED] - Text 'AutoDua071224233551334Ahm' is set on object 'Object Repository/AdminSuiteBootstrap_Pages/VT_Bootstrap/CCCreditOrVoidSearch/input_Search By_searchValue'

2024-07-12 23:43:26 - [TEST_STEP][PASSED] - click(findTestObject(path_CCSearch + "option_Authorization")): Object: 'Object Repository/AdminSuiteBootstrap_Pages/VT_Bootstrap/CCCreditOrVoidSearch/option_Authorization' is clicked on

2024-07-12 23:43:26 - [MESSAGE][PASSED] - Object: 'Object Repository/AdminSuiteBootstrap_Pages/VT_Bootstrap/CCCreditOrVoidSearch/option_Authorization' is clicked on

2024-07-12 23:43:26 - [TEST_STEP][PASSED] - click(findTestObject(path_CCSearch + "button_Submit")): Object: 'Object Repository/AdminSuiteBootstrap_Pages/VT_Bootstrap/CCCreditOrVoidSearch/button_Submit' is clicked on

2024-07-12 23:43:27 - [MESSAGE][PASSED] - Object: 'Object Repository/AdminSuiteBootstrap_Pages/VT_Bootstrap/CCCreditOrVoidSearch/button_Submit' is clicked on

2024-07-12 23:43:27 - [TEST_STEP][PASSED] - fgr = getText(findTestObject(path_SearchResults + "div_Payment ID")): Text of object 'Object Repository/AdminSuiteBootstrap_Pages/VT_Bootstrap/SearchResults/div_Payment ID' is: 'Payment ID
Payment Type
Transaction Type
Remittance ID
Name
Total Amount
End Date
Status
12154936 Credit Card Authorization AutoDua071224233551334Ahm Tulsi Raman $10.50 07/12/2024 Success'

2024-07-12 23:43:28 - [MESSAGE][PASSED] - Text of object 'Object Repository/AdminSuiteBootstrap_Pages/VT_Bootstrap/SearchResults/div_Payment ID' is: 'Payment ID
Payment Type
Transaction Type
Remittance ID
Name
Total Amount
End Date
Status
12154936 Credit Card Authorization AutoDua071224233551334Ahm Tulsi Raman $10.50 07/12/2024 Success'

2024-07-12 23:43:28 - [TEST_STEP][PASSED] - payID = substring(89, 98).trim(): null

2024-07-12 23:43:28 - [TEST_STEP][PASSED] - out.println("payID: " + payID): null

2024-07-12 23:43:28 - [TEST_STEP][PASSED] - click(findTestObject(path_SearchResults + "button_PaymentID")): Object: 'Object Repository/AdminSuiteBootstrap_Pages/VT_Bootstrap/SearchResults/button_PaymentID' is clicked on

2024-07-12 23:43:28 - [MESSAGE][PASSED] - Object: 'Object Repository/AdminSuiteBootstrap_Pages/VT_Bootstrap/SearchResults/button_PaymentID' is clicked on

2024-07-12 23:43:28 - [TEST_STEP][PASSED] - verifyTextPresent("Tender Type", true): Text 'Tender Type' is present on page  using regular expression

2024-07-12 23:43:29 - [MESSAGE][PASSED] - Text 'Tender Type' is present on page  using regular expression

2024-07-12 23:43:29 - [TEST_STEP][PASSED] - verifyTextPresent("Credit Card", true): Text 'Credit Card' is present on page  using regular expression

2024-07-12 23:43:29 - [MESSAGE][PASSED] - Text 'Credit Card' is present on page  using regular expression

2024-07-12 23:43:29 - [TEST_STEP][PASSED] - verifyTextPresent("Transaction Type", true): Text 'Transaction Type' is present on page  using regular expression

2024-07-12 23:43:30 - [MESSAGE][PASSED] - Text 'Transaction Type' is present on page  using regular expression

2024-07-12 23:43:30 - [TEST_STEP][PASSED] - verifyTextPresent("Authorization", true): Text 'Authorization' is present on page  using regular expression

2024-07-12 23:43:30 - [MESSAGE][PASSED] - Text 'Authorization' is present on page  using regular expression

2024-07-12 23:43:30 - [TEST_STEP][PASSED] - verifyTextPresent("Transaction Posted by", true): Text 'Transaction Posted by' is present on page  using regular expression

2024-07-12 23:43:30 - [MESSAGE][PASSED] - Text 'Transaction Posted by' is present on page  using regular expression

2024-07-12 23:43:30 - [TEST_STEP][PASSED] - verifyTextPresent("iahmed", true): Text 'iahmed' is present on page  using regular expression

2024-07-12 23:43:31 - [MESSAGE][PASSED] - Text 'iahmed' is present on page  using regular expression

2024-07-12 23:43:31 - [TEST_STEP][PASSED] - click(findTestObject(path_TranxDetails + "a_Capture this transaction")): Object: 'Object Repository/AdminSuiteBootstrap_Pages/VT_Bootstrap/TransactionDetails/a_Capture this transaction' is clicked on

2024-07-12 23:43:32 - [MESSAGE][PASSED] - Object: 'Object Repository/AdminSuiteBootstrap_Pages/VT_Bootstrap/TransactionDetails/a_Capture this transaction' is clicked on

2024-07-12 23:43:32 - [TEST_STEP][PASSED] - verifyTextPresent("Credit Card Capture", true): Text 'Credit Card Capture' is present on page  using regular expression

2024-07-12 23:43:32 - [MESSAGE][PASSED] - Text 'Credit Card Capture' is present on page  using regular expression

2024-07-12 23:43:32 - [TEST_STEP][PASSED] - captureAmount = findTestData(dataFile).getValue("CaptureAmount", row): null

2024-07-12 23:43:32 - [TEST_STEP][PASSED] - setText(findTestObject(path_SaleKB + "input_amountCapture"), captureAmount): Text '10.50' is set on object 'Object Repository/AdminSuiteBootstrap_Pages/VT_Bootstrap/SaleKeyboard/input_amountCapture'

2024-07-12 23:43:33 - [MESSAGE][PASSED] - Text '10.50' is set on object 'Object Repository/AdminSuiteBootstrap_Pages/VT_Bootstrap/SaleKeyboard/input_amountCapture'

2024-07-12 23:43:33 - [TEST_STEP][PASSED] - click(findTestObject(path_TranxDetails + "button_Submit")): Object: 'Object Repository/AdminSuiteBootstrap_Pages/VT_Bootstrap/TransactionDetails/button_Submit' is clicked on

2024-07-12 23:43:35 - [MESSAGE][PASSED] - Object: 'Object Repository/AdminSuiteBootstrap_Pages/VT_Bootstrap/TransactionDetails/button_Submit' is clicked on

2024-07-12 23:43:35 - [TEST_STEP][PASSED] - if (verifyTextPresent("Transaction Successful", true)): null

2024-07-12 23:43:35 - [MESSAGE][PASSED] - Text 'Transaction Successful' is present on page  using regular expression

2024-07-12 23:43:35 - [TEST_STEP][PASSED] - verifyTextPresent("Transaction Type", true): Text 'Transaction Type' is present on page  using regular expression

2024-07-12 23:43:36 - [MESSAGE][PASSED] - Text 'Transaction Type' is present on page  using regular expression

2024-07-12 23:43:36 - [TEST_STEP][PASSED] - verifyTextPresent("Capture", true): Text 'Capture' is present on page  using regular expression

2024-07-12 23:43:36 - [MESSAGE][PASSED] - Text 'Capture' is present on page  using regular expression

2024-07-12 23:43:36 - [TEST_STEP][PASSED] - verifyTextPresent("Amount", true): Text 'Amount' is present on page  using regular expression

2024-07-12 23:43:36 - [MESSAGE][PASSED] - Text 'Amount' is present on page  using regular expression

2024-07-12 23:43:36 - [TEST_STEP][PASSED] - verifyTextPresent(captureAmount, true): Text '10.50' is present on page  using regular expression

2024-07-12 23:43:37 - [MESSAGE][PASSED] - Text '10.50' is present on page  using regular expression

2024-07-12 23:43:37 - [TEST_STEP][PASSED] - sdf = getText(findTestObject(path_Receipt + "td_AutoNoC031622113752957Ahm")): Text of object 'Object Repository/AdminSuiteBootstrap_Pages/VT_Bootstrap/Receipt/td_AutoNoC031622113752957Ahm' is: 'AutoDua071224233551334Ahm'

2024-07-12 23:43:37 - [MESSAGE][PASSED] - Text of object 'Object Repository/AdminSuiteBootstrap_Pages/VT_Bootstrap/Receipt/td_AutoNoC031622113752957Ahm' is: 'AutoDua071224233551334Ahm'

2024-07-12 23:43:37 - [TEST_STEP][PASSED] - out.println("sdf: " + sdf): null

2024-07-12 23:43:37 - [TEST_STEP][PASSED] - remID = sdf: null

2024-07-12 23:43:37 - [TEST_STEP][PASSED] - out.println("remID: " + remID): null

2024-07-12 23:43:37 - [TEST_STEP][PASSED] - click(findTestObject(path_Receipt + "button_Continue")): Object: 'Object Repository/AdminSuiteBootstrap_Pages/VT_Bootstrap/Receipt/button_Continue' is clicked on

2024-07-12 23:43:38 - [MESSAGE][PASSED] - Object: 'Object Repository/AdminSuiteBootstrap_Pages/VT_Bootstrap/Receipt/button_Continue' is clicked on

2024-07-12 23:43:38 - [TEST_STEP][PASSED] - click(findTestObject(path_VT + "a_Search Transactions")): Object: 'Object Repository/AdminSuiteBootstrap_Pages/VT_Bootstrap/IssueTransactions/a_Search Transactions' is clicked on

2024-07-12 23:43:39 - [MESSAGE][PASSED] - Object: 'Object Repository/AdminSuiteBootstrap_Pages/VT_Bootstrap/IssueTransactions/a_Search Transactions' is clicked on

2024-07-12 23:43:39 - [TEST_STEP][PASSED] - setText(findTestObject(path_CCSearch + "input_Search By_searchValue"), remID): Text 'AutoDua071224233551334Ahm' is set on object 'Object Repository/AdminSuiteBootstrap_Pages/VT_Bootstrap/CCCreditOrVoidSearch/input_Search By_searchValue'

2024-07-12 23:43:40 - [MESSAGE][PASSED] - Text 'AutoDua071224233551334Ahm' is set on object 'Object Repository/AdminSuiteBootstrap_Pages/VT_Bootstrap/CCCreditOrVoidSearch/input_Search By_searchValue'

2024-07-12 23:43:40 - [TEST_STEP][PASSED] - click(findTestObject(path_CCSearch + "option_Capture (Sale)")): Object: 'Object Repository/AdminSuiteBootstrap_Pages/VT_Bootstrap/CCCreditOrVoidSearch/option_Capture (Sale)' is clicked on

2024-07-12 23:43:40 - [MESSAGE][PASSED] - Object: 'Object Repository/AdminSuiteBootstrap_Pages/VT_Bootstrap/CCCreditOrVoidSearch/option_Capture (Sale)' is clicked on

2024-07-12 23:43:40 - [TEST_STEP][PASSED] - click(findTestObject(path_CCSearch + "button_Submit")): Object: 'Object Repository/AdminSuiteBootstrap_Pages/VT_Bootstrap/CCCreditOrVoidSearch/button_Submit' is clicked on

2024-07-12 23:43:41 - [MESSAGE][PASSED] - Object: 'Object Repository/AdminSuiteBootstrap_Pages/VT_Bootstrap/CCCreditOrVoidSearch/button_Submit' is clicked on

2024-07-12 23:43:41 - [TEST_STEP][PASSED] - fgr = getText(findTestObject(path_SearchResults + "div_Payment ID")): Text of object 'Object Repository/AdminSuiteBootstrap_Pages/VT_Bootstrap/SearchResults/div_Payment ID' is: 'Payment ID
Payment Type
Transaction Type
Remittance ID
Name
Total Amount
End Date
Status
12154938 Credit Card Capture AutoDua071224233551334Ahm Tulsi Raman $10.50 07/12/2024 Success'

2024-07-12 23:43:41 - [MESSAGE][PASSED] - Text of object 'Object Repository/AdminSuiteBootstrap_Pages/VT_Bootstrap/SearchResults/div_Payment ID' is: 'Payment ID
Payment Type
Transaction Type
Remittance ID
Name
Total Amount
End Date
Status
12154938 Credit Card Capture AutoDua071224233551334Ahm Tulsi Raman $10.50 07/12/2024 Success'

2024-07-12 23:43:41 - [TEST_STEP][PASSED] - payID = substring(89, 98).trim(): null

2024-07-12 23:43:41 - [TEST_STEP][PASSED] - out.println("payID: " + payID): null

2024-07-12 23:43:41 - [TEST_STEP][PASSED] - click(findTestObject(path_SearchResults + "button_PaymentID")): Object: 'Object Repository/AdminSuiteBootstrap_Pages/VT_Bootstrap/SearchResults/button_PaymentID' is clicked on

2024-07-12 23:43:42 - [MESSAGE][PASSED] - Object: 'Object Repository/AdminSuiteBootstrap_Pages/VT_Bootstrap/SearchResults/button_PaymentID' is clicked on

2024-07-12 23:43:42 - [TEST_STEP][PASSED] - click(findTestObject(path_TranxDetails + "a_Credit this transaction")): Object: 'Object Repository/AdminSuiteBootstrap_Pages/VT_Bootstrap/TransactionDetails/a_Credit this transaction' is clicked on

2024-07-12 23:43:43 - [MESSAGE][PASSED] - Object: 'Object Repository/AdminSuiteBootstrap_Pages/VT_Bootstrap/TransactionDetails/a_Credit this transaction' is clicked on

2024-07-12 23:43:43 - [TEST_STEP][PASSED] - verifyTextPresent("Credit Card Credit", true): Text 'Credit Card Credit' is present on page  using regular expression

2024-07-12 23:43:44 - [MESSAGE][PASSED] - Text 'Credit Card Credit' is present on page  using regular expression

2024-07-12 23:43:44 - [TEST_STEP][PASSED] - click(findTestObject(path_TranxDetails + "button_Submit")): Object: 'Object Repository/AdminSuiteBootstrap_Pages/VT_Bootstrap/TransactionDetails/button_Submit' is clicked on

2024-07-12 23:43:45 - [MESSAGE][PASSED] - Object: 'Object Repository/AdminSuiteBootstrap_Pages/VT_Bootstrap/TransactionDetails/button_Submit' is clicked on

2024-07-12 23:43:45 - [TEST_STEP][PASSED] - verifyTextPresent("Transaction Successful", true): Text 'Transaction Successful' is present on page  using regular expression

2024-07-12 23:43:46 - [MESSAGE][PASSED] - Text 'Transaction Successful' is present on page  using regular expression

2024-07-12 23:43:46 - [TEST_STEP][PASSED] - verifyTextPresent("Transaction Type", true): Text 'Transaction Type' is present on page  using regular expression

2024-07-12 23:43:46 - [MESSAGE][PASSED] - Text 'Transaction Type' is present on page  using regular expression

2024-07-12 23:43:46 - [TEST_STEP][PASSED] - verifyTextPresent("Credit", true): Text 'Credit' is present on page  using regular expression

2024-07-12 23:43:46 - [MESSAGE][PASSED] - Text 'Credit' is present on page  using regular expression

2024-07-12 23:43:46 - [TEST_STEP][PASSED] - closeBrowser(): Browser is closed

2024-07-12 23:43:48 - [MESSAGE][PASSED] - Browser is closed

2024-07-12 23:43:48 - [TEST_STEP][PASSED] - ExecuteTC = findTestData(dataFile).getValue("Execute", row): null

2024-07-12 23:43:48 - [TEST_STEP][PASSED] - out.println("Value of Execute is : " + ExecuteTC): null

2024-07-12 23:43:48 - [TEST_STEP][PASSED] - switch (executionProfile): null

2024-07-12 23:43:48 - [TEST_STEP][PASSED] - case "QA2Profile":: null

2024-07-12 23:43:48 - [TEST_STEP][PASSED] - appName = findTestData(dataFile).getValue("AppNameQA", row): null

2024-07-12 23:43:48 - [TEST_STEP][PASSED] - appID = findTestData(dataFile).getValue("AppIDQA", row): null

2024-07-12 23:43:48 - [TEST_STEP][PASSED] - break: null

2024-07-12 23:43:48 - [TEST_STEP][PASSED] - hrefAppID = li_1 + appID + li_2: null

2024-07-12 23:43:48 - [TEST_STEP][PASSED] - hrefApp = li_1 + appID + "/": null

2024-07-12 23:43:48 - [TEST_STEP][PASSED] - println("hrefApp : " + hrefApp): null

2024-07-12 23:43:48 - [TEST_STEP][PASSED] - if (ExecuteTC.equalsIgnoreCase("Y")): null

2024-07-12 23:43:48 - [TEST_STEP][PASSED] - out.println("Begin Record Number: " + row): null

2024-07-12 23:43:48 - [TEST_STEP][PASSED] - today = new java.util.Date(): null

2024-07-12 23:43:48 - [TEST_STEP][PASSED] - println(today): null

2024-07-12 23:43:48 - [TEST_STEP][PASSED] - datText = today: null

2024-07-12 23:43:48 - [TEST_STEP][PASSED] - adminSuiteBootstrap.loginFunctionality.login_AdminSuite(): adminSuiteBootstrap.loginFunctionality.login_AdminSuite is PASSED

2024-07-12 23:43:48 - [MESSAGE][INFO] - Starting 'Chrome' driver

2024-07-12 23:43:48 - [MESSAGE][INFO] - User set preference: ['acceptInsecureCerts', 'true']

2024-07-12 23:43:48 - [MESSAGE][INFO] - Action delay is set to 0 milliseconds

2024-07-12 23:43:51 - [MESSAGE][PASSED] - Browser is opened with url: 'https://qa2.velocitypayment.com/admin/imtiaz'

2024-07-12 23:43:51 - [MESSAGE][PASSED] - Current window maximized

2024-07-12 23:43:51 - [MESSAGE][PASSED] - Object 'Object Repository/Login_Page/Login_Username_Okta' is present

2024-07-12 23:43:52 - [MESSAGE][PASSED] - Text 'iahmed' is set on object 'Object Repository/Login_Page/Login_Username_Okta'

2024-07-12 23:43:53 - [MESSAGE][PASSED] - Text 'Hello!6666666' is set on object 'Object Repository/Login_Page/Login_Password_Okta'

2024-07-12 23:43:54 - [MESSAGE][PASSED] - Object: 'Object Repository/Login_Page/Login_Submit_Okta' is clicked on

2024-07-12 23:43:54 - [MESSAGE][PASSED] - adminSuiteBootstrap.loginFunctionality.login_AdminSuite is PASSED

2024-07-12 23:43:54 - [TEST_STEP][PASSED] - click(findTestObject(path_Dashboard + appName)): Object: 'Object Repository/AdminSuiteBootstrap_Pages/Dashboard_Bootstrap/a_Access AutoDualCFtpQA' is clicked on

2024-07-12 23:44:02 - [MESSAGE][PASSED] - Object: 'Object Repository/AdminSuiteBootstrap_Pages/Dashboard_Bootstrap/a_Access AutoDualCFtpQA' is clicked on

2024-07-12 23:44:02 - [TEST_STEP][PASSED] - click(findTestObject(path_VT + "button_Authorization Only")): Object: 'Object Repository/AdminSuiteBootstrap_Pages/VT_Bootstrap/IssueTransactions/button_Authorization Only' is clicked on

2024-07-12 23:44:02 - [MESSAGE][PASSED] - Object: 'Object Repository/AdminSuiteBootstrap_Pages/VT_Bootstrap/IssueTransactions/button_Authorization Only' is clicked on

2024-07-12 23:44:02 - [TEST_STEP][PASSED] - authOnlyKeyboardEntryLink = modifyObjectProperty(findTestObject(path_VT + "a_KeyboardEntry_Sale"), "href", "equals", hrefAppID, true): Modify property of object successfully

2024-07-12 23:44:02 - [MESSAGE][PASSED] - Modify property of object successfully

2024-07-12 23:44:02 - [TEST_STEP][PASSED] - click(authOnlyKeyboardEntryLink): Object: 'Object Repository/AdminSuiteBootstrap_Pages/VT_Bootstrap/IssueTransactions/a_KeyboardEntry_Sale' is clicked on

2024-07-12 23:44:03 - [MESSAGE][PASSED] - Object: 'Object Repository/AdminSuiteBootstrap_Pages/VT_Bootstrap/IssueTransactions/a_KeyboardEntry_Sale' is clicked on

2024-07-12 23:44:03 - [TEST_STEP][PASSED] - adminSuiteBootstrap.virtualTerminalSetData.saleKeyboard_DataDriven(row, dataFile): adminSuiteBootstrap.virtualTerminalSetData.saleKeyboard_DataDriven is PASSED

2024-07-12 23:44:07 - [MESSAGE][PASSED] - Text 'Janaki James' is set on object 'Object Repository/AdminSuiteBootstrap_Pages/VT_Bootstrap/SaleKeyboard/input_cardName'

2024-07-12 23:44:08 - [MESSAGE][PASSED] - All options with value 'MOTO' are selected in object 'Object Repository/AdminSuiteBootstrap_Pages/VT_Bootstrap/SaleKeyboard/select_transactionCategory'  using regular expression

2024-07-12 23:44:08 - [MESSAGE][PASSED] - Execute JavaScript 'arguments[0].value ='371449635392376' ' successfully

2024-07-12 23:44:09 - [MESSAGE][PASSED] - Execute JavaScript 'arguments[0].value ='123' ' successfully

2024-07-12 23:44:10 - [MESSAGE][PASSED] - All options with value '12' are selected in object 'Object Repository/AdminSuiteBootstrap_Pages/VT_Bootstrap/SaleKeyboard/select_MM'  using regular expression

2024-07-12 23:44:11 - [MESSAGE][PASSED] - All options with value '2025' are selected in object 'Object Repository/AdminSuiteBootstrap_Pages/VT_Bootstrap/SaleKeyboard/select_YYYY'  using regular expression

2024-07-12 23:44:12 - [MESSAGE][PASSED] - Text '550 Swan Lake' is set on object 'Object Repository/AdminSuiteBootstrap_Pages/VT_Bootstrap/SaleKeyboard/input__address'

2024-07-12 23:44:12 - [MESSAGE][PASSED] - Text 'Suite 500' is set on object 'Object Repository/AdminSuiteBootstrap_Pages/VT_Bootstrap/SaleKeyboard/input__address2'

2024-07-12 23:44:13 - [MESSAGE][PASSED] - Text '22201' is set on object 'Object Repository/AdminSuiteBootstrap_Pages/VT_Bootstrap/SaleKeyboard/input__zip'

2024-07-12 23:44:14 - [MESSAGE][PASSED] - Text '' is set on object 'Object Repository/AdminSuiteBootstrap_Pages/VT_Bootstrap/SaleKeyboard/input_emailAddress'

2024-07-12 23:44:15 - [MESSAGE][PASSED] - Text '' is set on object 'Object Repository/AdminSuiteBootstrap_Pages/VT_Bootstrap/SaleKeyboard/input_smsNumber'

2024-07-12 23:44:16 - [MESSAGE][PASSED] - Text '10.50' is set on object 'Object Repository/AdminSuiteBootstrap_Pages/VT_Bootstrap/SaleKeyboard/input_amount'

2024-07-12 23:44:17 - [MESSAGE][PASSED] - Text 'Australia' is set on object 'Object Repository/AdminSuiteBootstrap_Pages/VT_Bootstrap/SaleKeyboard/input_userDefined1'

2024-07-12 23:44:18 - [MESSAGE][PASSED] - Text 'Denmark' is set on object 'Object Repository/AdminSuiteBootstrap_Pages/VT_Bootstrap/SaleKeyboard/input_userDefined2'

2024-07-12 23:44:18 - [MESSAGE][PASSED] - Text 'Sweden' is set on object 'Object Repository/AdminSuiteBootstrap_Pages/VT_Bootstrap/SaleKeyboard/input_userDefined3'

2024-07-12 23:44:19 - [MESSAGE][PASSED] - Text 'Austria' is set on object 'Object Repository/AdminSuiteBootstrap_Pages/VT_Bootstrap/SaleKeyboard/input_userDefined4'

2024-07-12 23:44:20 - [MESSAGE][PASSED] - All options with label 'Orange' are selected in object 'Object Repository/AdminSuiteBootstrap_Pages/VT_Bootstrap/SaleKeyboard/select_UDF5_DropDown'  using regular expression

2024-07-12 23:44:21 - [MESSAGE][PASSED] - All options with label 'Yellow' are selected in object 'Object Repository/AdminSuiteBootstrap_Pages/VT_Bootstrap/SaleKeyboard/select_UDF6_DropDown'  using regular expression

2024-07-12 23:44:22 - [MESSAGE][PASSED] - Text 'Norway' is set on object 'Object Repository/AdminSuiteBootstrap_Pages/VT_Bootstrap/SaleKeyboard/input_userDefined7'

2024-07-12 23:44:23 - [MESSAGE][PASSED] - Text 'Netherlands' is set on object 'Object Repository/AdminSuiteBootstrap_Pages/VT_Bootstrap/SaleKeyboard/input_userDefined8'

2024-07-12 23:44:23 - [MESSAGE][PASSED] - Text 'Switzerland' is set on object 'Object Repository/AdminSuiteBootstrap_Pages/VT_Bootstrap/SaleKeyboard/input_userDefined9'

2024-07-12 23:44:24 - [MESSAGE][PASSED] - Text 'France' is set on object 'Object Repository/AdminSuiteBootstrap_Pages/VT_Bootstrap/SaleKeyboard/input_userDefined10'

2024-07-12 23:44:26 - [MESSAGE][PASSED] - Object: 'Object Repository/AdminSuiteBootstrap_Pages/VT_Bootstrap/SaleKeyboard/button_Submit' is clicked on

2024-07-12 23:44:26 - [MESSAGE][PASSED] - adminSuiteBootstrap.virtualTerminalSetData.saleKeyboard_DataDriven is PASSED

2024-07-12 23:44:26 - [TEST_STEP][PASSED] - if (verifyTextPresent("Transaction Successful", true)): null

2024-07-12 23:44:26 - [MESSAGE][PASSED] - Text 'Transaction Successful' is present on page  using regular expression

2024-07-12 23:44:26 - [TEST_STEP][PASSED] - sdf = getText(findTestObject(path_Receipt + "td_AutoNoC031622113752957Ahm")): Text of object 'Object Repository/AdminSuiteBootstrap_Pages/VT_Bootstrap/Receipt/td_AutoNoC031622113752957Ahm' is: 'AutoDua071224233654601Ahm'

2024-07-12 23:44:27 - [MESSAGE][PASSED] - Text of object 'Object Repository/AdminSuiteBootstrap_Pages/VT_Bootstrap/Receipt/td_AutoNoC031622113752957Ahm' is: 'AutoDua071224233654601Ahm'

2024-07-12 23:44:27 - [TEST_STEP][PASSED] - out.println("sdf: " + sdf): null

2024-07-12 23:44:27 - [TEST_STEP][PASSED] - remID = sdf: null

2024-07-12 23:44:27 - [TEST_STEP][PASSED] - out.println("remID: " + remID): null

2024-07-12 23:44:27 - [TEST_STEP][PASSED] - click(findTestObject(path_Receipt + "button_Continue")): Object: 'Object Repository/AdminSuiteBootstrap_Pages/VT_Bootstrap/Receipt/button_Continue' is clicked on

2024-07-12 23:44:27 - [MESSAGE][PASSED] - Object: 'Object Repository/AdminSuiteBootstrap_Pages/VT_Bootstrap/Receipt/button_Continue' is clicked on

2024-07-12 23:44:27 - [TEST_STEP][PASSED] - click(findTestObject(path_VT + "a_Search Transactions")): Object: 'Object Repository/AdminSuiteBootstrap_Pages/VT_Bootstrap/IssueTransactions/a_Search Transactions' is clicked on

2024-07-12 23:44:28 - [MESSAGE][PASSED] - Object: 'Object Repository/AdminSuiteBootstrap_Pages/VT_Bootstrap/IssueTransactions/a_Search Transactions' is clicked on

2024-07-12 23:44:28 - [TEST_STEP][PASSED] - setText(findTestObject(path_CCSearch + "input_Search By_searchValue"), remID): Text 'AutoDua071224233654601Ahm' is set on object 'Object Repository/AdminSuiteBootstrap_Pages/VT_Bootstrap/CCCreditOrVoidSearch/input_Search By_searchValue'

2024-07-12 23:44:29 - [MESSAGE][PASSED] - Text 'AutoDua071224233654601Ahm' is set on object 'Object Repository/AdminSuiteBootstrap_Pages/VT_Bootstrap/CCCreditOrVoidSearch/input_Search By_searchValue'

2024-07-12 23:44:29 - [TEST_STEP][PASSED] - click(findTestObject(path_CCSearch + "option_Authorization")): Object: 'Object Repository/AdminSuiteBootstrap_Pages/VT_Bootstrap/CCCreditOrVoidSearch/option_Authorization' is clicked on

2024-07-12 23:44:30 - [MESSAGE][PASSED] - Object: 'Object Repository/AdminSuiteBootstrap_Pages/VT_Bootstrap/CCCreditOrVoidSearch/option_Authorization' is clicked on

2024-07-12 23:44:30 - [TEST_STEP][PASSED] - click(findTestObject(path_CCSearch + "button_Submit")): Object: 'Object Repository/AdminSuiteBootstrap_Pages/VT_Bootstrap/CCCreditOrVoidSearch/button_Submit' is clicked on

2024-07-12 23:44:30 - [MESSAGE][PASSED] - Object: 'Object Repository/AdminSuiteBootstrap_Pages/VT_Bootstrap/CCCreditOrVoidSearch/button_Submit' is clicked on

2024-07-12 23:44:30 - [TEST_STEP][PASSED] - fgr = getText(findTestObject(path_SearchResults + "div_Payment ID")): Text of object 'Object Repository/AdminSuiteBootstrap_Pages/VT_Bootstrap/SearchResults/div_Payment ID' is: 'Payment ID
Payment Type
Transaction Type
Remittance ID
Name
Total Amount
End Date
Status
12154941 Credit Card Authorization AutoDua071224233654601Ahm Janaki James $10.50 07/12/2024 Success'

2024-07-12 23:44:31 - [MESSAGE][PASSED] - Text of object 'Object Repository/AdminSuiteBootstrap_Pages/VT_Bootstrap/SearchResults/div_Payment ID' is: 'Payment ID
Payment Type
Transaction Type
Remittance ID
Name
Total Amount
End Date
Status
12154941 Credit Card Authorization AutoDua071224233654601Ahm Janaki James $10.50 07/12/2024 Success'

2024-07-12 23:44:31 - [TEST_STEP][PASSED] - payID = substring(89, 98).trim(): null

2024-07-12 23:44:31 - [TEST_STEP][PASSED] - out.println("payID: " + payID): null

2024-07-12 23:44:31 - [TEST_STEP][PASSED] - click(findTestObject(path_SearchResults + "button_PaymentID")): Object: 'Object Repository/AdminSuiteBootstrap_Pages/VT_Bootstrap/SearchResults/button_PaymentID' is clicked on

2024-07-12 23:44:32 - [MESSAGE][PASSED] - Object: 'Object Repository/AdminSuiteBootstrap_Pages/VT_Bootstrap/SearchResults/button_PaymentID' is clicked on

2024-07-12 23:44:32 - [TEST_STEP][PASSED] - verifyTextPresent("Tender Type", true): Text 'Tender Type' is present on page  using regular expression

2024-07-12 23:44:32 - [MESSAGE][PASSED] - Text 'Tender Type' is present on page  using regular expression

2024-07-12 23:44:32 - [TEST_STEP][PASSED] - verifyTextPresent("Credit Card", true): Text 'Credit Card' is present on page  using regular expression

2024-07-12 23:44:33 - [MESSAGE][PASSED] - Text 'Credit Card' is present on page  using regular expression

2024-07-12 23:44:33 - [TEST_STEP][PASSED] - verifyTextPresent("Transaction Type", true): Text 'Transaction Type' is present on page  using regular expression

2024-07-12 23:44:33 - [MESSAGE][PASSED] - Text 'Transaction Type' is present on page  using regular expression

2024-07-12 23:44:33 - [TEST_STEP][PASSED] - verifyTextPresent("Authorization", true): Text 'Authorization' is present on page  using regular expression

2024-07-12 23:44:33 - [MESSAGE][PASSED] - Text 'Authorization' is present on page  using regular expression

2024-07-12 23:44:33 - [TEST_STEP][PASSED] - verifyTextPresent("Transaction Posted by", true): Text 'Transaction Posted by' is present on page  using regular expression

2024-07-12 23:44:34 - [MESSAGE][PASSED] - Text 'Transaction Posted by' is present on page  using regular expression

2024-07-12 23:44:34 - [TEST_STEP][PASSED] - verifyTextPresent("iahmed", true): Text 'iahmed' is present on page  using regular expression

2024-07-12 23:44:34 - [MESSAGE][PASSED] - Text 'iahmed' is present on page  using regular expression

2024-07-12 23:44:34 - [TEST_STEP][PASSED] - click(findTestObject(path_TranxDetails + "a_Capture this transaction")): Object: 'Object Repository/AdminSuiteBootstrap_Pages/VT_Bootstrap/TransactionDetails/a_Capture this transaction' is clicked on

2024-07-12 23:44:35 - [MESSAGE][PASSED] - Object: 'Object Repository/AdminSuiteBootstrap_Pages/VT_Bootstrap/TransactionDetails/a_Capture this transaction' is clicked on

2024-07-12 23:44:35 - [TEST_STEP][PASSED] - verifyTextPresent("Credit Card Capture", true): Text 'Credit Card Capture' is present on page  using regular expression

2024-07-12 23:44:36 - [MESSAGE][PASSED] - Text 'Credit Card Capture' is present on page  using regular expression

2024-07-12 23:44:36 - [TEST_STEP][PASSED] - captureAmount = findTestData(dataFile).getValue("CaptureAmount", row): null

2024-07-12 23:44:36 - [TEST_STEP][PASSED] - setText(findTestObject(path_SaleKB + "input_amountCapture"), captureAmount): Text '8.50' is set on object 'Object Repository/AdminSuiteBootstrap_Pages/VT_Bootstrap/SaleKeyboard/input_amountCapture'

2024-07-12 23:44:36 - [MESSAGE][PASSED] - Text '8.50' is set on object 'Object Repository/AdminSuiteBootstrap_Pages/VT_Bootstrap/SaleKeyboard/input_amountCapture'

2024-07-12 23:44:36 - [TEST_STEP][PASSED] - click(findTestObject(path_TranxDetails + "button_Submit")): Object: 'Object Repository/AdminSuiteBootstrap_Pages/VT_Bootstrap/TransactionDetails/button_Submit' is clicked on

2024-07-12 23:44:38 - [MESSAGE][PASSED] - Object: 'Object Repository/AdminSuiteBootstrap_Pages/VT_Bootstrap/TransactionDetails/button_Submit' is clicked on

2024-07-12 23:44:38 - [TEST_STEP][PASSED] - if (verifyTextPresent("Transaction Successful", true)): null

2024-07-12 23:44:39 - [MESSAGE][PASSED] - Text 'Transaction Successful' is present on page  using regular expression

2024-07-12 23:44:39 - [TEST_STEP][PASSED] - verifyTextPresent("Transaction Type", true): Text 'Transaction Type' is present on page  using regular expression

2024-07-12 23:44:39 - [MESSAGE][PASSED] - Text 'Transaction Type' is present on page  using regular expression

2024-07-12 23:44:39 - [TEST_STEP][PASSED] - verifyTextPresent("Capture", true): Text 'Capture' is present on page  using regular expression

2024-07-12 23:44:39 - [MESSAGE][PASSED] - Text 'Capture' is present on page  using regular expression

2024-07-12 23:44:39 - [TEST_STEP][PASSED] - verifyTextPresent("Amount", true): Text 'Amount' is present on page  using regular expression

2024-07-12 23:44:40 - [MESSAGE][PASSED] - Text 'Amount' is present on page  using regular expression

2024-07-12 23:44:40 - [TEST_STEP][PASSED] - verifyTextPresent(captureAmount, true): Text '8.50' is present on page  using regular expression

2024-07-12 23:44:40 - [MESSAGE][PASSED] - Text '8.50' is present on page  using regular expression

2024-07-12 23:44:40 - [TEST_STEP][PASSED] - sdf = getText(findTestObject(path_Receipt + "td_AutoNoC031622113752957Ahm")): Text of object 'Object Repository/AdminSuiteBootstrap_Pages/VT_Bootstrap/Receipt/td_AutoNoC031622113752957Ahm' is: 'AutoDua071224233654601Ahm'

2024-07-12 23:44:40 - [MESSAGE][PASSED] - Text of object 'Object Repository/AdminSuiteBootstrap_Pages/VT_Bootstrap/Receipt/td_AutoNoC031622113752957Ahm' is: 'AutoDua071224233654601Ahm'

2024-07-12 23:44:40 - [TEST_STEP][PASSED] - out.println("sdf: " + sdf): null

2024-07-12 23:44:40 - [TEST_STEP][PASSED] - remID = sdf: null

2024-07-12 23:44:40 - [TEST_STEP][PASSED] - out.println("remID: " + remID): null

2024-07-12 23:44:40 - [TEST_STEP][PASSED] - click(findTestObject(path_Receipt + "button_Continue")): Object: 'Object Repository/AdminSuiteBootstrap_Pages/VT_Bootstrap/Receipt/button_Continue' is clicked on

2024-07-12 23:44:41 - [MESSAGE][PASSED] - Object: 'Object Repository/AdminSuiteBootstrap_Pages/VT_Bootstrap/Receipt/button_Continue' is clicked on

2024-07-12 23:44:41 - [TEST_STEP][PASSED] - click(findTestObject(path_VT + "a_Search Transactions")): Object: 'Object Repository/AdminSuiteBootstrap_Pages/VT_Bootstrap/IssueTransactions/a_Search Transactions' is clicked on

2024-07-12 23:44:42 - [MESSAGE][PASSED] - Object: 'Object Repository/AdminSuiteBootstrap_Pages/VT_Bootstrap/IssueTransactions/a_Search Transactions' is clicked on

2024-07-12 23:44:42 - [TEST_STEP][PASSED] - setText(findTestObject(path_CCSearch + "input_Search By_searchValue"), remID): Text 'AutoDua071224233654601Ahm' is set on object 'Object Repository/AdminSuiteBootstrap_Pages/VT_Bootstrap/CCCreditOrVoidSearch/input_Search By_searchValue'

2024-07-12 23:44:43 - [MESSAGE][PASSED] - Text 'AutoDua071224233654601Ahm' is set on object 'Object Repository/AdminSuiteBootstrap_Pages/VT_Bootstrap/CCCreditOrVoidSearch/input_Search By_searchValue'

2024-07-12 23:44:43 - [TEST_STEP][PASSED] - click(findTestObject(path_CCSearch + "option_Capture (Sale)")): Object: 'Object Repository/AdminSuiteBootstrap_Pages/VT_Bootstrap/CCCreditOrVoidSearch/option_Capture (Sale)' is clicked on

2024-07-12 23:44:43 - [MESSAGE][PASSED] - Object: 'Object Repository/AdminSuiteBootstrap_Pages/VT_Bootstrap/CCCreditOrVoidSearch/option_Capture (Sale)' is clicked on

2024-07-12 23:44:43 - [TEST_STEP][PASSED] - click(findTestObject(path_CCSearch + "button_Submit")): Object: 'Object Repository/AdminSuiteBootstrap_Pages/VT_Bootstrap/CCCreditOrVoidSearch/button_Submit' is clicked on

2024-07-12 23:44:44 - [MESSAGE][PASSED] - Object: 'Object Repository/AdminSuiteBootstrap_Pages/VT_Bootstrap/CCCreditOrVoidSearch/button_Submit' is clicked on

2024-07-12 23:44:44 - [TEST_STEP][PASSED] - fgr = getText(findTestObject(path_SearchResults + "div_Payment ID")): Text of object 'Object Repository/AdminSuiteBootstrap_Pages/VT_Bootstrap/SearchResults/div_Payment ID' is: 'Payment ID
Payment Type
Transaction Type
Remittance ID
Name
Total Amount
End Date
Status
12154943 Credit Card Capture AutoDua071224233654601Ahm Janaki James $8.50 07/12/2024 Success'

2024-07-12 23:44:44 - [MESSAGE][PASSED] - Text of object 'Object Repository/AdminSuiteBootstrap_Pages/VT_Bootstrap/SearchResults/div_Payment ID' is: 'Payment ID
Payment Type
Transaction Type
Remittance ID
Name
Total Amount
End Date
Status
12154943 Credit Card Capture AutoDua071224233654601Ahm Janaki James $8.50 07/12/2024 Success'

2024-07-12 23:44:44 - [TEST_STEP][PASSED] - payID = substring(89, 98).trim(): null

2024-07-12 23:44:44 - [TEST_STEP][PASSED] - out.println("payID: " + payID): null

2024-07-12 23:44:44 - [TEST_STEP][PASSED] - click(findTestObject(path_SearchResults + "button_PaymentID")): Object: 'Object Repository/AdminSuiteBootstrap_Pages/VT_Bootstrap/SearchResults/button_PaymentID' is clicked on

2024-07-12 23:44:45 - [MESSAGE][PASSED] - Object: 'Object Repository/AdminSuiteBootstrap_Pages/VT_Bootstrap/SearchResults/button_PaymentID' is clicked on

2024-07-12 23:44:45 - [TEST_STEP][PASSED] - click(findTestObject(path_TranxDetails + "a_Credit this transaction")): Object: 'Object Repository/AdminSuiteBootstrap_Pages/VT_Bootstrap/TransactionDetails/a_Credit this transaction' is clicked on

2024-07-12 23:44:46 - [MESSAGE][PASSED] - Object: 'Object Repository/AdminSuiteBootstrap_Pages/VT_Bootstrap/TransactionDetails/a_Credit this transaction' is clicked on

2024-07-12 23:44:46 - [TEST_STEP][PASSED] - verifyTextPresent("Credit Card Credit", true): Text 'Credit Card Credit' is present on page  using regular expression

2024-07-12 23:44:47 - [MESSAGE][PASSED] - Text 'Credit Card Credit' is present on page  using regular expression

2024-07-12 23:44:47 - [TEST_STEP][PASSED] - click(findTestObject(path_TranxDetails + "button_Submit")): Object: 'Object Repository/AdminSuiteBootstrap_Pages/VT_Bootstrap/TransactionDetails/button_Submit' is clicked on

2024-07-12 23:44:48 - [MESSAGE][PASSED] - Object: 'Object Repository/AdminSuiteBootstrap_Pages/VT_Bootstrap/TransactionDetails/button_Submit' is clicked on

2024-07-12 23:44:48 - [TEST_STEP][PASSED] - verifyTextPresent("Transaction Successful", true): Text 'Transaction Successful' is present on page  using regular expression

2024-07-12 23:44:49 - [MESSAGE][PASSED] - Text 'Transaction Successful' is present on page  using regular expression

2024-07-12 23:44:49 - [TEST_STEP][PASSED] - verifyTextPresent("Transaction Type", true): Text 'Transaction Type' is present on page  using regular expression

2024-07-12 23:44:49 - [MESSAGE][PASSED] - Text 'Transaction Type' is present on page  using regular expression

2024-07-12 23:44:49 - [TEST_STEP][PASSED] - verifyTextPresent("Credit", true): Text 'Credit' is present on page  using regular expression

2024-07-12 23:44:50 - [MESSAGE][PASSED] - Text 'Credit' is present on page  using regular expression

2024-07-12 23:44:50 - [TEST_STEP][PASSED] - closeBrowser(): Browser is closed

2024-07-12 23:44:51 - [MESSAGE][PASSED] - Browser is closed]]></system-out>
         <system-err><![CDATA[]]></system-err>
      </testcase>
      <testcase name="Test Cases/Admin Suite Bootstrap/VT_TestCases/AuthCaptureVoidKeyboard_TP_AllCF_Generic_Payment_TC" time="372.796" classname="Test Cases/Admin Suite Bootstrap/VT_TestCases/AuthCaptureVoidKeyboard_TP_AllCF_Generic_Payment_TC" status="PASSED">
         <system-out><![CDATA[2024-07-12 23:44:51 - [TEST_CASE][PASSED] - Test Cases/Admin Suite Bootstrap/VT_TestCases/AuthCaptureVoidKeyboard_TP_AllCF_Generic_Payment_TC: Test Cases/Admin Suite Bootstrap/VT_TestCases/AuthCaptureVoidKeyboard_TP_AllCF_Generic_Payment_TC

2024-07-12 23:44:51 - [TEST_STEP][PASSED] - path_Dashboard = "Object Repository/AdminSuiteBootstrap_Pages/Dashboard_Bootstrap/": null

2024-07-12 23:44:51 - [TEST_STEP][PASSED] - path_VT = "Object Repository/AdminSuiteBootstrap_Pages/VT_Bootstrap/IssueTransactions/": null

2024-07-12 23:44:51 - [TEST_STEP][PASSED] - path_SaleKB = "Object Repository/AdminSuiteBootstrap_Pages/VT_Bootstrap/SaleKeyboard/": null

2024-07-12 23:44:51 - [TEST_STEP][PASSED] - path_TestMinus = "Object Repository/Page_TestMinusAndAtSigns/": null

2024-07-12 23:44:51 - [TEST_STEP][PASSED] - path_Receipt = "Object Repository/AdminSuiteBootstrap_Pages/VT_Bootstrap/Receipt/": null

2024-07-12 23:44:51 - [TEST_STEP][PASSED] - path_CCSearch = "Object Repository/AdminSuiteBootstrap_Pages/VT_Bootstrap/CCCreditOrVoidSearch/": null

2024-07-12 23:44:51 - [TEST_STEP][PASSED] - path_SearchResults = "Object Repository/AdminSuiteBootstrap_Pages/VT_Bootstrap/SearchResults/": null

2024-07-12 23:44:51 - [TEST_STEP][PASSED] - path_TranxDetails = "Object Repository/AdminSuiteBootstrap_Pages/VT_Bootstrap/TransactionDetails/": null

2024-07-12 23:44:51 - [TEST_STEP][PASSED] - li_1 = vpos_Prefix: null

2024-07-12 23:44:51 - [TEST_STEP][PASSED] - li_2 = "/transactions/AuthOnlyForm/": null

2024-07-12 23:44:51 - [TEST_STEP][PASSED] - executionProfile = getExecutionProfile(): null

2024-07-12 23:44:51 - [TEST_STEP][PASSED] - out.println("executionProfile : " + executionProfile): null

2024-07-12 23:44:51 - [TEST_STEP][PASSED] - appName = <not implemented yet for class: org.codehaus.groovy.ast.expr.EmptyExpression>: null

2024-07-12 23:44:51 - [TEST_STEP][PASSED] - appID = <not implemented yet for class: org.codehaus.groovy.ast.expr.EmptyExpression>: null

2024-07-12 23:44:51 - [TEST_STEP][PASSED] - cardNameV = <not implemented yet for class: org.codehaus.groovy.ast.expr.EmptyExpression>: null

2024-07-12 23:44:51 - [TEST_STEP][PASSED] - al1V = <not implemented yet for class: org.codehaus.groovy.ast.expr.EmptyExpression>: null

2024-07-12 23:44:51 - [TEST_STEP][PASSED] - al2V = <not implemented yet for class: org.codehaus.groovy.ast.expr.EmptyExpression>: null

2024-07-12 23:44:51 - [TEST_STEP][PASSED] - zipV = <not implemented yet for class: org.codehaus.groovy.ast.expr.EmptyExpression>: null

2024-07-12 23:44:51 - [TEST_STEP][PASSED] - cardTypeV = <not implemented yet for class: org.codehaus.groovy.ast.expr.EmptyExpression>: null

2024-07-12 23:44:51 - [TEST_STEP][PASSED] - last4V = <not implemented yet for class: org.codehaus.groovy.ast.expr.EmptyExpression>: null

2024-07-12 23:44:51 - [TEST_STEP][PASSED] - resText = "Fail": null

2024-07-12 23:44:51 - [TEST_STEP][PASSED] - resColumn = "Result": null

2024-07-12 23:44:51 - [TEST_STEP][PASSED] - datCloumn = "Date": null

2024-07-12 23:44:51 - [TEST_STEP][PASSED] - fileLoc = "C:\KatalonData\Bootstrap\VT-Data.xlsx": null

2024-07-12 23:44:51 - [TEST_STEP][PASSED] - numOfRows = <not implemented yet for class: org.codehaus.groovy.ast.expr.EmptyExpression>: null

2024-07-12 23:44:51 - [TEST_STEP][PASSED] - dataFile = <not implemented yet for class: org.codehaus.groovy.ast.expr.EmptyExpression>: null

2024-07-12 23:44:51 - [TEST_STEP][PASSED] - nameSheet = <not implemented yet for class: org.codehaus.groovy.ast.expr.EmptyExpression>: null

2024-07-12 23:44:51 - [TEST_STEP][PASSED] - nameSheet = "VT-AuthCapVoid-Generic": null

2024-07-12 23:44:51 - [TEST_STEP][PASSED] - numOfRows = findTestData("QA/Bootstrap/VT-TestData/VT-AuthCapVoidData-AllCF-Generic").getRowNumbers(): null

2024-07-12 23:44:51 - [TEST_STEP][PASSED] - println("Number of Records: " + numOfRows): null

2024-07-12 23:44:51 - [TEST_STEP][PASSED] - dataFile = "QA/Bootstrap/VT-TestData/VT-AuthCapVoidData-AllCF-Generic": null

2024-07-12 23:44:51 - [TEST_STEP][PASSED] - for ([row = 1, row <= numOfRows, (row++)]): Browser is closed

2024-07-12 23:44:51 - [TEST_STEP][PASSED] - ExecuteTC = findTestData(dataFile).getValue("Execute", row): null

2024-07-12 23:44:51 - [TEST_STEP][PASSED] - out.println("Value of Execute is : " + ExecuteTC): null

2024-07-12 23:44:51 - [TEST_STEP][PASSED] - switch (executionProfile): null

2024-07-12 23:44:51 - [TEST_STEP][PASSED] - case "QA2Profile":: null

2024-07-12 23:44:51 - [TEST_STEP][PASSED] - appName = findTestData(dataFile).getValue("AppNameQA", row): null

2024-07-12 23:44:52 - [TEST_STEP][PASSED] - appID = findTestData(dataFile).getValue("AppIDQA", row): null

2024-07-12 23:44:52 - [TEST_STEP][PASSED] - break: null

2024-07-12 23:44:52 - [TEST_STEP][PASSED] - hrefAppID = li_1 + appID + li_2: null

2024-07-12 23:44:52 - [TEST_STEP][PASSED] - hrefApp = li_1 + appID + "/": null

2024-07-12 23:44:52 - [TEST_STEP][PASSED] - println("hrefApp : " + hrefApp): null

2024-07-12 23:44:52 - [TEST_STEP][PASSED] - if (ExecuteTC.equalsIgnoreCase("Y")): null

2024-07-12 23:44:52 - [TEST_STEP][PASSED] - out.println("Begin Record Number: " + row): null

2024-07-12 23:44:52 - [TEST_STEP][PASSED] - today = new java.util.Date(): null

2024-07-12 23:44:52 - [TEST_STEP][PASSED] - println(today): null

2024-07-12 23:44:52 - [TEST_STEP][PASSED] - datText = today: null

2024-07-12 23:44:52 - [TEST_STEP][PASSED] - adminSuiteBootstrap.loginFunctionality.login_AdminSuite(): adminSuiteBootstrap.loginFunctionality.login_AdminSuite is PASSED

2024-07-12 23:44:52 - [MESSAGE][INFO] - Starting 'Chrome' driver

2024-07-12 23:44:52 - [MESSAGE][INFO] - User set preference: ['acceptInsecureCerts', 'true']

2024-07-12 23:44:52 - [MESSAGE][INFO] - Action delay is set to 0 milliseconds

2024-07-12 23:44:55 - [MESSAGE][PASSED] - Browser is opened with url: 'https://qa2.velocitypayment.com/admin/imtiaz'

2024-07-12 23:44:55 - [MESSAGE][PASSED] - Current window maximized

2024-07-12 23:44:55 - [MESSAGE][PASSED] - Object 'Object Repository/Login_Page/Login_Username_Okta' is present

2024-07-12 23:44:56 - [MESSAGE][PASSED] - Text 'iahmed' is set on object 'Object Repository/Login_Page/Login_Username_Okta'

2024-07-12 23:44:57 - [MESSAGE][PASSED] - Text 'Hello!6666666' is set on object 'Object Repository/Login_Page/Login_Password_Okta'

2024-07-12 23:44:57 - [MESSAGE][PASSED] - Object: 'Object Repository/Login_Page/Login_Submit_Okta' is clicked on

2024-07-12 23:44:57 - [MESSAGE][PASSED] - adminSuiteBootstrap.loginFunctionality.login_AdminSuite is PASSED

2024-07-12 23:44:57 - [TEST_STEP][PASSED] - click(findTestObject(path_Dashboard + appName)): Object: 'Object Repository/AdminSuiteBootstrap_Pages/Dashboard_Bootstrap/a_Access AutoNoCFtp' is clicked on

2024-07-12 23:45:06 - [MESSAGE][PASSED] - Object: 'Object Repository/AdminSuiteBootstrap_Pages/Dashboard_Bootstrap/a_Access AutoNoCFtp' is clicked on

2024-07-12 23:45:06 - [TEST_STEP][PASSED] - click(findTestObject(path_VT + "button_Authorization Only")): Object: 'Object Repository/AdminSuiteBootstrap_Pages/VT_Bootstrap/IssueTransactions/button_Authorization Only' is clicked on

2024-07-12 23:45:06 - [MESSAGE][PASSED] - Object: 'Object Repository/AdminSuiteBootstrap_Pages/VT_Bootstrap/IssueTransactions/button_Authorization Only' is clicked on

2024-07-12 23:45:06 - [TEST_STEP][PASSED] - authOnlyKeyboardEntryLink = modifyObjectProperty(findTestObject(path_VT + "a_KeyboardEntry_Sale"), "href", "equals", hrefAppID, true): Modify property of object successfully

2024-07-12 23:45:06 - [MESSAGE][PASSED] - Modify property of object successfully

2024-07-12 23:45:06 - [TEST_STEP][PASSED] - click(authOnlyKeyboardEntryLink): Object: 'Object Repository/AdminSuiteBootstrap_Pages/VT_Bootstrap/IssueTransactions/a_KeyboardEntry_Sale' is clicked on

2024-07-12 23:45:07 - [MESSAGE][PASSED] - Object: 'Object Repository/AdminSuiteBootstrap_Pages/VT_Bootstrap/IssueTransactions/a_KeyboardEntry_Sale' is clicked on

2024-07-12 23:45:07 - [TEST_STEP][PASSED] - adminSuiteBootstrap.virtualTerminalSetData.saleKeyboard_DataDriven(row, dataFile): adminSuiteBootstrap.virtualTerminalSetData.saleKeyboard_DataDriven is PASSED

2024-07-12 23:45:10 - [MESSAGE][PASSED] - Text 'Tulsi Raman' is set on object 'Object Repository/AdminSuiteBootstrap_Pages/VT_Bootstrap/SaleKeyboard/input_cardName'

2024-07-12 23:45:11 - [MESSAGE][PASSED] - All options with value 'RETL' are selected in object 'Object Repository/AdminSuiteBootstrap_Pages/VT_Bootstrap/SaleKeyboard/select_transactionCategory'  using regular expression

2024-07-12 23:45:12 - [MESSAGE][PASSED] - Execute JavaScript 'arguments[0].value ='4012000098765439' ' successfully

2024-07-12 23:45:12 - [MESSAGE][PASSED] - Execute JavaScript 'arguments[0].value ='123' ' successfully

2024-07-12 23:45:13 - [MESSAGE][PASSED] - All options with value '12' are selected in object 'Object Repository/AdminSuiteBootstrap_Pages/VT_Bootstrap/SaleKeyboard/select_MM'  using regular expression

2024-07-12 23:45:14 - [MESSAGE][PASSED] - All options with value '2025' are selected in object 'Object Repository/AdminSuiteBootstrap_Pages/VT_Bootstrap/SaleKeyboard/select_YYYY'  using regular expression

2024-07-12 23:45:15 - [MESSAGE][PASSED] - Text '36 Cornor Road' is set on object 'Object Repository/AdminSuiteBootstrap_Pages/VT_Bootstrap/SaleKeyboard/input__address'

2024-07-12 23:45:16 - [MESSAGE][PASSED] - Text 'Suite 500' is set on object 'Object Repository/AdminSuiteBootstrap_Pages/VT_Bootstrap/SaleKeyboard/input__address2'

2024-07-12 23:45:16 - [MESSAGE][PASSED] - Text '22201' is set on object 'Object Repository/AdminSuiteBootstrap_Pages/VT_Bootstrap/SaleKeyboard/input__zip'

2024-07-12 23:45:17 - [MESSAGE][PASSED] - Text '' is set on object 'Object Repository/AdminSuiteBootstrap_Pages/VT_Bootstrap/SaleKeyboard/input_emailAddress'

2024-07-12 23:45:18 - [MESSAGE][PASSED] - Text '' is set on object 'Object Repository/AdminSuiteBootstrap_Pages/VT_Bootstrap/SaleKeyboard/input_smsNumber'

2024-07-12 23:45:19 - [MESSAGE][PASSED] - Text '10.50' is set on object 'Object Repository/AdminSuiteBootstrap_Pages/VT_Bootstrap/SaleKeyboard/input_amount'

2024-07-12 23:45:20 - [MESSAGE][PASSED] - Text 'Australia' is set on object 'Object Repository/AdminSuiteBootstrap_Pages/VT_Bootstrap/SaleKeyboard/input_userDefined1'

2024-07-12 23:45:20 - [MESSAGE][PASSED] - Text 'Denmark' is set on object 'Object Repository/AdminSuiteBootstrap_Pages/VT_Bootstrap/SaleKeyboard/input_userDefined2'

2024-07-12 23:45:21 - [MESSAGE][PASSED] - Text 'Sweden' is set on object 'Object Repository/AdminSuiteBootstrap_Pages/VT_Bootstrap/SaleKeyboard/input_userDefined3'

2024-07-12 23:45:22 - [MESSAGE][PASSED] - Text 'Austria' is set on object 'Object Repository/AdminSuiteBootstrap_Pages/VT_Bootstrap/SaleKeyboard/input_userDefined4'

2024-07-12 23:45:23 - [MESSAGE][PASSED] - All options with label 'Orange' are selected in object 'Object Repository/AdminSuiteBootstrap_Pages/VT_Bootstrap/SaleKeyboard/select_UDF5_DropDown'  using regular expression

2024-07-12 23:45:24 - [MESSAGE][PASSED] - All options with label 'Yellow' are selected in object 'Object Repository/AdminSuiteBootstrap_Pages/VT_Bootstrap/SaleKeyboard/select_UDF6_DropDown'  using regular expression

2024-07-12 23:45:24 - [MESSAGE][PASSED] - Text 'Norway' is set on object 'Object Repository/AdminSuiteBootstrap_Pages/VT_Bootstrap/SaleKeyboard/input_userDefined7'

2024-07-12 23:45:25 - [MESSAGE][PASSED] - Text 'Netherlands' is set on object 'Object Repository/AdminSuiteBootstrap_Pages/VT_Bootstrap/SaleKeyboard/input_userDefined8'

2024-07-12 23:45:26 - [MESSAGE][PASSED] - Text 'Switzerland' is set on object 'Object Repository/AdminSuiteBootstrap_Pages/VT_Bootstrap/SaleKeyboard/input_userDefined9'

2024-07-12 23:45:27 - [MESSAGE][PASSED] - Text 'France' is set on object 'Object Repository/AdminSuiteBootstrap_Pages/VT_Bootstrap/SaleKeyboard/input_userDefined10'

2024-07-12 23:45:28 - [MESSAGE][PASSED] - Object: 'Object Repository/AdminSuiteBootstrap_Pages/VT_Bootstrap/SaleKeyboard/button_Submit' is clicked on

2024-07-12 23:45:28 - [MESSAGE][PASSED] - adminSuiteBootstrap.virtualTerminalSetData.saleKeyboard_DataDriven is PASSED

2024-07-12 23:45:28 - [TEST_STEP][PASSED] - if (verifyTextPresent("Transaction Successful", true)): null

2024-07-12 23:45:28 - [MESSAGE][PASSED] - Text 'Transaction Successful' is present on page  using regular expression

2024-07-12 23:45:28 - [TEST_STEP][PASSED] - sdf = getText(findTestObject(path_Receipt + "td_AutoNoC031622113752957Ahm")): Text of object 'Object Repository/AdminSuiteBootstrap_Pages/VT_Bootstrap/Receipt/td_AutoNoC031622113752957Ahm' is: 'AutoNoC071224233758242Ahm'

2024-07-12 23:45:29 - [MESSAGE][PASSED] - Text of object 'Object Repository/AdminSuiteBootstrap_Pages/VT_Bootstrap/Receipt/td_AutoNoC031622113752957Ahm' is: 'AutoNoC071224233758242Ahm'

2024-07-12 23:45:29 - [TEST_STEP][PASSED] - out.println("sdf: " + sdf): null

2024-07-12 23:45:29 - [TEST_STEP][PASSED] - remID = sdf: null

2024-07-12 23:45:29 - [TEST_STEP][PASSED] - out.println("remID: " + remID): null

2024-07-12 23:45:29 - [TEST_STEP][PASSED] - click(findTestObject(path_Receipt + "button_Continue")): Object: 'Object Repository/AdminSuiteBootstrap_Pages/VT_Bootstrap/Receipt/button_Continue' is clicked on

2024-07-12 23:45:30 - [MESSAGE][PASSED] - Object: 'Object Repository/AdminSuiteBootstrap_Pages/VT_Bootstrap/Receipt/button_Continue' is clicked on

2024-07-12 23:45:30 - [TEST_STEP][PASSED] - click(findTestObject(path_VT + "a_Search Transactions")): Object: 'Object Repository/AdminSuiteBootstrap_Pages/VT_Bootstrap/IssueTransactions/a_Search Transactions' is clicked on

2024-07-12 23:45:31 - [MESSAGE][PASSED] - Object: 'Object Repository/AdminSuiteBootstrap_Pages/VT_Bootstrap/IssueTransactions/a_Search Transactions' is clicked on

2024-07-12 23:45:31 - [TEST_STEP][PASSED] - setText(findTestObject(path_CCSearch + "input_Search By_searchValue"), remID): Text 'AutoNoC071224233758242Ahm' is set on object 'Object Repository/AdminSuiteBootstrap_Pages/VT_Bootstrap/CCCreditOrVoidSearch/input_Search By_searchValue'

2024-07-12 23:45:31 - [MESSAGE][PASSED] - Text 'AutoNoC071224233758242Ahm' is set on object 'Object Repository/AdminSuiteBootstrap_Pages/VT_Bootstrap/CCCreditOrVoidSearch/input_Search By_searchValue'

2024-07-12 23:45:31 - [TEST_STEP][PASSED] - click(findTestObject(path_CCSearch + "option_Authorization")): Object: 'Object Repository/AdminSuiteBootstrap_Pages/VT_Bootstrap/CCCreditOrVoidSearch/option_Authorization' is clicked on

2024-07-12 23:45:32 - [MESSAGE][PASSED] - Object: 'Object Repository/AdminSuiteBootstrap_Pages/VT_Bootstrap/CCCreditOrVoidSearch/option_Authorization' is clicked on

2024-07-12 23:45:32 - [TEST_STEP][PASSED] - click(findTestObject(path_CCSearch + "button_Submit")): Object: 'Object Repository/AdminSuiteBootstrap_Pages/VT_Bootstrap/CCCreditOrVoidSearch/button_Submit' is clicked on

2024-07-12 23:45:32 - [MESSAGE][PASSED] - Object: 'Object Repository/AdminSuiteBootstrap_Pages/VT_Bootstrap/CCCreditOrVoidSearch/button_Submit' is clicked on

2024-07-12 23:45:32 - [TEST_STEP][PASSED] - fgr = getText(findTestObject(path_SearchResults + "div_Payment ID")): Text of object 'Object Repository/AdminSuiteBootstrap_Pages/VT_Bootstrap/SearchResults/div_Payment ID' is: 'Payment ID
Payment Type
Transaction Type
Remittance ID
Name
Total Amount
End Date
Status
12154946 Credit Card Authorization AutoNoC071224233758242Ahm Tulsi Raman $10.50 07/12/2024 Success'

2024-07-12 23:45:33 - [MESSAGE][PASSED] - Text of object 'Object Repository/AdminSuiteBootstrap_Pages/VT_Bootstrap/SearchResults/div_Payment ID' is: 'Payment ID
Payment Type
Transaction Type
Remittance ID
Name
Total Amount
End Date
Status
12154946 Credit Card Authorization AutoNoC071224233758242Ahm Tulsi Raman $10.50 07/12/2024 Success'

2024-07-12 23:45:33 - [TEST_STEP][PASSED] - payID = substring(89, 98).trim(): null

2024-07-12 23:45:33 - [TEST_STEP][PASSED] - out.println("payID: " + payID): null

2024-07-12 23:45:33 - [TEST_STEP][PASSED] - click(findTestObject(path_SearchResults + "button_PaymentID")): Object: 'Object Repository/AdminSuiteBootstrap_Pages/VT_Bootstrap/SearchResults/button_PaymentID' is clicked on

2024-07-12 23:45:34 - [MESSAGE][PASSED] - Object: 'Object Repository/AdminSuiteBootstrap_Pages/VT_Bootstrap/SearchResults/button_PaymentID' is clicked on

2024-07-12 23:45:34 - [TEST_STEP][PASSED] - verifyTextPresent("Tender Type", true): Text 'Tender Type' is present on page  using regular expression

2024-07-12 23:45:35 - [MESSAGE][PASSED] - Text 'Tender Type' is present on page  using regular expression

2024-07-12 23:45:35 - [TEST_STEP][PASSED] - verifyTextPresent("Credit Card", true): Text 'Credit Card' is present on page  using regular expression

2024-07-12 23:45:35 - [MESSAGE][PASSED] - Text 'Credit Card' is present on page  using regular expression

2024-07-12 23:45:35 - [TEST_STEP][PASSED] - verifyTextPresent("Transaction Type", true): Text 'Transaction Type' is present on page  using regular expression

2024-07-12 23:45:35 - [MESSAGE][PASSED] - Text 'Transaction Type' is present on page  using regular expression

2024-07-12 23:45:35 - [TEST_STEP][PASSED] - verifyTextPresent("Authorization", true): Text 'Authorization' is present on page  using regular expression

2024-07-12 23:45:36 - [MESSAGE][PASSED] - Text 'Authorization' is present on page  using regular expression

2024-07-12 23:45:36 - [TEST_STEP][PASSED] - verifyTextPresent("Transaction Posted by", true): Text 'Transaction Posted by' is present on page  using regular expression

2024-07-12 23:45:36 - [MESSAGE][PASSED] - Text 'Transaction Posted by' is present on page  using regular expression

2024-07-12 23:45:36 - [TEST_STEP][PASSED] - verifyTextPresent("iahmed", true): Text 'iahmed' is present on page  using regular expression

2024-07-12 23:45:36 - [MESSAGE][PASSED] - Text 'iahmed' is present on page  using regular expression

2024-07-12 23:45:36 - [TEST_STEP][PASSED] - click(findTestObject(path_TranxDetails + "a_Capture this transaction")): Object: 'Object Repository/AdminSuiteBootstrap_Pages/VT_Bootstrap/TransactionDetails/a_Capture this transaction' is clicked on

2024-07-12 23:45:37 - [MESSAGE][PASSED] - Object: 'Object Repository/AdminSuiteBootstrap_Pages/VT_Bootstrap/TransactionDetails/a_Capture this transaction' is clicked on

2024-07-12 23:45:37 - [TEST_STEP][PASSED] - verifyTextPresent("Credit Card Capture", true): Text 'Credit Card Capture' is present on page  using regular expression

2024-07-12 23:45:38 - [MESSAGE][PASSED] - Text 'Credit Card Capture' is present on page  using regular expression

2024-07-12 23:45:38 - [TEST_STEP][PASSED] - captureAmount = findTestData(dataFile).getValue("CaptureAmount", row): null

2024-07-12 23:45:38 - [TEST_STEP][PASSED] - setText(findTestObject(path_SaleKB + "input_amountCapture"), captureAmount): Text '10.50' is set on object 'Object Repository/AdminSuiteBootstrap_Pages/VT_Bootstrap/SaleKeyboard/input_amountCapture'

2024-07-12 23:45:39 - [MESSAGE][PASSED] - Text '10.50' is set on object 'Object Repository/AdminSuiteBootstrap_Pages/VT_Bootstrap/SaleKeyboard/input_amountCapture'

2024-07-12 23:45:39 - [TEST_STEP][PASSED] - click(findTestObject(path_TranxDetails + "button_Submit")): Object: 'Object Repository/AdminSuiteBootstrap_Pages/VT_Bootstrap/TransactionDetails/button_Submit' is clicked on

2024-07-12 23:45:40 - [MESSAGE][PASSED] - Object: 'Object Repository/AdminSuiteBootstrap_Pages/VT_Bootstrap/TransactionDetails/button_Submit' is clicked on

2024-07-12 23:45:40 - [TEST_STEP][PASSED] - if (verifyTextPresent("Transaction Successful", true)): null

2024-07-12 23:45:41 - [MESSAGE][PASSED] - Text 'Transaction Successful' is present on page  using regular expression

2024-07-12 23:45:41 - [TEST_STEP][PASSED] - verifyTextPresent("Transaction Type", true): Text 'Transaction Type' is present on page  using regular expression

2024-07-12 23:45:41 - [MESSAGE][PASSED] - Text 'Transaction Type' is present on page  using regular expression

2024-07-12 23:45:41 - [TEST_STEP][PASSED] - verifyTextPresent("Capture", true): Text 'Capture' is present on page  using regular expression

2024-07-12 23:45:41 - [MESSAGE][PASSED] - Text 'Capture' is present on page  using regular expression

2024-07-12 23:45:41 - [TEST_STEP][PASSED] - verifyTextPresent("Amount", true): Text 'Amount' is present on page  using regular expression

2024-07-12 23:45:42 - [MESSAGE][PASSED] - Text 'Amount' is present on page  using regular expression

2024-07-12 23:45:42 - [TEST_STEP][PASSED] - verifyTextPresent(captureAmount, true): Text '10.50' is present on page  using regular expression

2024-07-12 23:45:42 - [MESSAGE][PASSED] - Text '10.50' is present on page  using regular expression

2024-07-12 23:45:42 - [TEST_STEP][PASSED] - sdf = getText(findTestObject(path_Receipt + "td_AutoNoC031622113752957Ahm")): Text of object 'Object Repository/AdminSuiteBootstrap_Pages/VT_Bootstrap/Receipt/td_AutoNoC031622113752957Ahm' is: 'AutoNoC071224233758242Ahm'

2024-07-12 23:45:42 - [MESSAGE][PASSED] - Text of object 'Object Repository/AdminSuiteBootstrap_Pages/VT_Bootstrap/Receipt/td_AutoNoC031622113752957Ahm' is: 'AutoNoC071224233758242Ahm'

2024-07-12 23:45:42 - [TEST_STEP][PASSED] - out.println("sdf: " + sdf): null

2024-07-12 23:45:42 - [TEST_STEP][PASSED] - remID = sdf: null

2024-07-12 23:45:42 - [TEST_STEP][PASSED] - out.println("remID: " + remID): null

2024-07-12 23:45:42 - [TEST_STEP][PASSED] - click(findTestObject(path_Receipt + "button_Continue")): Object: 'Object Repository/AdminSuiteBootstrap_Pages/VT_Bootstrap/Receipt/button_Continue' is clicked on

2024-07-12 23:45:43 - [MESSAGE][PASSED] - Object: 'Object Repository/AdminSuiteBootstrap_Pages/VT_Bootstrap/Receipt/button_Continue' is clicked on

2024-07-12 23:45:43 - [TEST_STEP][PASSED] - click(findTestObject(path_VT + "a_Search Transactions")): Object: 'Object Repository/AdminSuiteBootstrap_Pages/VT_Bootstrap/IssueTransactions/a_Search Transactions' is clicked on

2024-07-12 23:45:44 - [MESSAGE][PASSED] - Object: 'Object Repository/AdminSuiteBootstrap_Pages/VT_Bootstrap/IssueTransactions/a_Search Transactions' is clicked on

2024-07-12 23:45:44 - [TEST_STEP][PASSED] - setText(findTestObject(path_CCSearch + "input_Search By_searchValue"), remID): Text 'AutoNoC071224233758242Ahm' is set on object 'Object Repository/AdminSuiteBootstrap_Pages/VT_Bootstrap/CCCreditOrVoidSearch/input_Search By_searchValue'

2024-07-12 23:45:45 - [MESSAGE][PASSED] - Text 'AutoNoC071224233758242Ahm' is set on object 'Object Repository/AdminSuiteBootstrap_Pages/VT_Bootstrap/CCCreditOrVoidSearch/input_Search By_searchValue'

2024-07-12 23:45:45 - [TEST_STEP][PASSED] - click(findTestObject(path_CCSearch + "option_Capture (Sale)")): Object: 'Object Repository/AdminSuiteBootstrap_Pages/VT_Bootstrap/CCCreditOrVoidSearch/option_Capture (Sale)' is clicked on

2024-07-12 23:45:45 - [MESSAGE][PASSED] - Object: 'Object Repository/AdminSuiteBootstrap_Pages/VT_Bootstrap/CCCreditOrVoidSearch/option_Capture (Sale)' is clicked on

2024-07-12 23:45:45 - [TEST_STEP][PASSED] - click(findTestObject(path_CCSearch + "button_Submit")): Object: 'Object Repository/AdminSuiteBootstrap_Pages/VT_Bootstrap/CCCreditOrVoidSearch/button_Submit' is clicked on

2024-07-12 23:45:46 - [MESSAGE][PASSED] - Object: 'Object Repository/AdminSuiteBootstrap_Pages/VT_Bootstrap/CCCreditOrVoidSearch/button_Submit' is clicked on

2024-07-12 23:45:46 - [TEST_STEP][PASSED] - fgr = getText(findTestObject(path_SearchResults + "div_Payment ID")): Text of object 'Object Repository/AdminSuiteBootstrap_Pages/VT_Bootstrap/SearchResults/div_Payment ID' is: 'Payment ID
Payment Type
Transaction Type
Remittance ID
Name
Total Amount
End Date
Status
12154947 Credit Card Capture AutoNoC071224233758242Ahm Tulsi Raman $10.50 07/12/2024 Success'

2024-07-12 23:45:46 - [MESSAGE][PASSED] - Text of object 'Object Repository/AdminSuiteBootstrap_Pages/VT_Bootstrap/SearchResults/div_Payment ID' is: 'Payment ID
Payment Type
Transaction Type
Remittance ID
Name
Total Amount
End Date
Status
12154947 Credit Card Capture AutoNoC071224233758242Ahm Tulsi Raman $10.50 07/12/2024 Success'

2024-07-12 23:45:46 - [TEST_STEP][PASSED] - payID = substring(89, 98).trim(): null

2024-07-12 23:45:46 - [TEST_STEP][PASSED] - out.println("payID: " + payID): null

2024-07-12 23:45:46 - [TEST_STEP][PASSED] - click(findTestObject(path_SearchResults + "button_PaymentID")): Object: 'Object Repository/AdminSuiteBootstrap_Pages/VT_Bootstrap/SearchResults/button_PaymentID' is clicked on

2024-07-12 23:45:47 - [MESSAGE][PASSED] - Object: 'Object Repository/AdminSuiteBootstrap_Pages/VT_Bootstrap/SearchResults/button_PaymentID' is clicked on

2024-07-12 23:45:47 - [TEST_STEP][PASSED] - click(findTestObject(path_TranxDetails + "a_Void this transaction")): Object: 'Object Repository/AdminSuiteBootstrap_Pages/VT_Bootstrap/TransactionDetails/a_Void this transaction' is clicked on

2024-07-12 23:45:48 - [MESSAGE][PASSED] - Object: 'Object Repository/AdminSuiteBootstrap_Pages/VT_Bootstrap/TransactionDetails/a_Void this transaction' is clicked on

2024-07-12 23:45:48 - [TEST_STEP][PASSED] - verifyTextPresent("The following transaction will be voided", true): Text 'The following transaction will be voided' is present on page  using regular expression

2024-07-12 23:45:49 - [MESSAGE][PASSED] - Text 'The following transaction will be voided' is present on page  using regular expression

2024-07-12 23:45:49 - [TEST_STEP][PASSED] - verifyTextPresent("Please press submit to continue", true): Text 'Please press submit to continue' is present on page  using regular expression

2024-07-12 23:45:49 - [MESSAGE][PASSED] - Text 'Please press submit to continue' is present on page  using regular expression

2024-07-12 23:45:49 - [TEST_STEP][PASSED] - click(findTestObject(path_TranxDetails + "button_Submit")): Object: 'Object Repository/AdminSuiteBootstrap_Pages/VT_Bootstrap/TransactionDetails/button_Submit' is clicked on

2024-07-12 23:45:50 - [MESSAGE][PASSED] - Object: 'Object Repository/AdminSuiteBootstrap_Pages/VT_Bootstrap/TransactionDetails/button_Submit' is clicked on

2024-07-12 23:45:50 - [TEST_STEP][PASSED] - verifyTextPresent("Transaction Successful", true): Text 'Transaction Successful' is present on page  using regular expression

2024-07-12 23:45:51 - [MESSAGE][PASSED] - Text 'Transaction Successful' is present on page  using regular expression

2024-07-12 23:45:51 - [TEST_STEP][PASSED] - verifyTextPresent("Transaction Type", true): Text 'Transaction Type' is present on page  using regular expression

2024-07-12 23:45:51 - [MESSAGE][PASSED] - Text 'Transaction Type' is present on page  using regular expression

2024-07-12 23:45:51 - [TEST_STEP][PASSED] - verifyTextPresent("Void", true): Text 'Void' is present on page  using regular expression

2024-07-12 23:45:51 - [MESSAGE][PASSED] - Text 'Void' is present on page  using regular expression

2024-07-12 23:45:51 - [TEST_STEP][PASSED] - closeBrowser(): Browser is closed

2024-07-12 23:45:53 - [MESSAGE][PASSED] - Browser is closed

2024-07-12 23:45:53 - [TEST_STEP][PASSED] - ExecuteTC = findTestData(dataFile).getValue("Execute", row): null

2024-07-12 23:45:53 - [TEST_STEP][PASSED] - out.println("Value of Execute is : " + ExecuteTC): null

2024-07-12 23:45:53 - [TEST_STEP][PASSED] - switch (executionProfile): null

2024-07-12 23:45:53 - [TEST_STEP][PASSED] - case "QA2Profile":: null

2024-07-12 23:45:53 - [TEST_STEP][PASSED] - appName = findTestData(dataFile).getValue("AppNameQA", row): null

2024-07-12 23:45:53 - [TEST_STEP][PASSED] - appID = findTestData(dataFile).getValue("AppIDQA", row): null

2024-07-12 23:45:53 - [TEST_STEP][PASSED] - break: null

2024-07-12 23:45:53 - [TEST_STEP][PASSED] - hrefAppID = li_1 + appID + li_2: null

2024-07-12 23:45:53 - [TEST_STEP][PASSED] - hrefApp = li_1 + appID + "/": null

2024-07-12 23:45:53 - [TEST_STEP][PASSED] - println("hrefApp : " + hrefApp): null

2024-07-12 23:45:53 - [TEST_STEP][PASSED] - if (ExecuteTC.equalsIgnoreCase("Y")): null

2024-07-12 23:45:53 - [TEST_STEP][PASSED] - out.println("Begin Record Number: " + row): null

2024-07-12 23:45:53 - [TEST_STEP][PASSED] - today = new java.util.Date(): null

2024-07-12 23:45:53 - [TEST_STEP][PASSED] - println(today): null

2024-07-12 23:45:53 - [TEST_STEP][PASSED] - datText = today: null

2024-07-12 23:45:53 - [TEST_STEP][PASSED] - adminSuiteBootstrap.loginFunctionality.login_AdminSuite(): adminSuiteBootstrap.loginFunctionality.login_AdminSuite is PASSED

2024-07-12 23:45:53 - [MESSAGE][INFO] - Starting 'Chrome' driver

2024-07-12 23:45:53 - [MESSAGE][INFO] - User set preference: ['acceptInsecureCerts', 'true']

2024-07-12 23:45:53 - [MESSAGE][INFO] - Action delay is set to 0 milliseconds

2024-07-12 23:45:56 - [MESSAGE][PASSED] - Browser is opened with url: 'https://qa2.velocitypayment.com/admin/imtiaz'

2024-07-12 23:45:56 - [MESSAGE][PASSED] - Current window maximized

2024-07-12 23:45:56 - [MESSAGE][PASSED] - Object 'Object Repository/Login_Page/Login_Username_Okta' is present

2024-07-12 23:45:57 - [MESSAGE][PASSED] - Text 'iahmed' is set on object 'Object Repository/Login_Page/Login_Username_Okta'

2024-07-12 23:45:58 - [MESSAGE][PASSED] - Text 'Hello!6666666' is set on object 'Object Repository/Login_Page/Login_Password_Okta'

2024-07-12 23:45:59 - [MESSAGE][PASSED] - Object: 'Object Repository/Login_Page/Login_Submit_Okta' is clicked on

2024-07-12 23:45:59 - [MESSAGE][PASSED] - adminSuiteBootstrap.loginFunctionality.login_AdminSuite is PASSED

2024-07-12 23:45:59 - [TEST_STEP][PASSED] - click(findTestObject(path_Dashboard + appName)): Object: 'Object Repository/AdminSuiteBootstrap_Pages/Dashboard_Bootstrap/a_Access AutoNoCFtp' is clicked on

2024-07-12 23:46:07 - [MESSAGE][PASSED] - Object: 'Object Repository/AdminSuiteBootstrap_Pages/Dashboard_Bootstrap/a_Access AutoNoCFtp' is clicked on

2024-07-12 23:46:07 - [TEST_STEP][PASSED] - click(findTestObject(path_VT + "button_Authorization Only")): Object: 'Object Repository/AdminSuiteBootstrap_Pages/VT_Bootstrap/IssueTransactions/button_Authorization Only' is clicked on

2024-07-12 23:46:07 - [MESSAGE][PASSED] - Object: 'Object Repository/AdminSuiteBootstrap_Pages/VT_Bootstrap/IssueTransactions/button_Authorization Only' is clicked on

2024-07-12 23:46:07 - [TEST_STEP][PASSED] - authOnlyKeyboardEntryLink = modifyObjectProperty(findTestObject(path_VT + "a_KeyboardEntry_Sale"), "href", "equals", hrefAppID, true): Modify property of object successfully

2024-07-12 23:46:07 - [MESSAGE][PASSED] - Modify property of object successfully

2024-07-12 23:46:07 - [TEST_STEP][PASSED] - click(authOnlyKeyboardEntryLink): Object: 'Object Repository/AdminSuiteBootstrap_Pages/VT_Bootstrap/IssueTransactions/a_KeyboardEntry_Sale' is clicked on

2024-07-12 23:46:08 - [MESSAGE][PASSED] - Object: 'Object Repository/AdminSuiteBootstrap_Pages/VT_Bootstrap/IssueTransactions/a_KeyboardEntry_Sale' is clicked on

2024-07-12 23:46:08 - [TEST_STEP][PASSED] - adminSuiteBootstrap.virtualTerminalSetData.saleKeyboard_DataDriven(row, dataFile): adminSuiteBootstrap.virtualTerminalSetData.saleKeyboard_DataDriven is PASSED

2024-07-12 23:46:12 - [MESSAGE][PASSED] - Text 'Janaki James' is set on object 'Object Repository/AdminSuiteBootstrap_Pages/VT_Bootstrap/SaleKeyboard/input_cardName'

2024-07-12 23:46:13 - [MESSAGE][PASSED] - All options with value 'MOTO' are selected in object 'Object Repository/AdminSuiteBootstrap_Pages/VT_Bootstrap/SaleKeyboard/select_transactionCategory'  using regular expression

2024-07-12 23:46:13 - [MESSAGE][PASSED] - Execute JavaScript 'arguments[0].value ='4012000098765439' ' successfully

2024-07-12 23:46:14 - [MESSAGE][PASSED] - Execute JavaScript 'arguments[0].value ='123' ' successfully

2024-07-12 23:46:15 - [MESSAGE][PASSED] - All options with value '12' are selected in object 'Object Repository/AdminSuiteBootstrap_Pages/VT_Bootstrap/SaleKeyboard/select_MM'  using regular expression

2024-07-12 23:46:16 - [MESSAGE][PASSED] - All options with value '2025' are selected in object 'Object Repository/AdminSuiteBootstrap_Pages/VT_Bootstrap/SaleKeyboard/select_YYYY'  using regular expression

2024-07-12 23:46:16 - [MESSAGE][PASSED] - Text '36 Cornor Road' is set on object 'Object Repository/AdminSuiteBootstrap_Pages/VT_Bootstrap/SaleKeyboard/input__address'

2024-07-12 23:46:17 - [MESSAGE][PASSED] - Text 'Suite 500' is set on object 'Object Repository/AdminSuiteBootstrap_Pages/VT_Bootstrap/SaleKeyboard/input__address2'

2024-07-12 23:46:18 - [MESSAGE][PASSED] - Text '22201' is set on object 'Object Repository/AdminSuiteBootstrap_Pages/VT_Bootstrap/SaleKeyboard/input__zip'

2024-07-12 23:46:19 - [MESSAGE][PASSED] - Text '' is set on object 'Object Repository/AdminSuiteBootstrap_Pages/VT_Bootstrap/SaleKeyboard/input_emailAddress'

2024-07-12 23:46:20 - [MESSAGE][PASSED] - Text '' is set on object 'Object Repository/AdminSuiteBootstrap_Pages/VT_Bootstrap/SaleKeyboard/input_smsNumber'

2024-07-12 23:46:21 - [MESSAGE][PASSED] - Text '10.50' is set on object 'Object Repository/AdminSuiteBootstrap_Pages/VT_Bootstrap/SaleKeyboard/input_amount'

2024-07-12 23:46:22 - [MESSAGE][PASSED] - Text 'Australia' is set on object 'Object Repository/AdminSuiteBootstrap_Pages/VT_Bootstrap/SaleKeyboard/input_userDefined1'

2024-07-12 23:46:22 - [MESSAGE][PASSED] - Text 'Denmark' is set on object 'Object Repository/AdminSuiteBootstrap_Pages/VT_Bootstrap/SaleKeyboard/input_userDefined2'

2024-07-12 23:46:23 - [MESSAGE][PASSED] - Text 'Sweden' is set on object 'Object Repository/AdminSuiteBootstrap_Pages/VT_Bootstrap/SaleKeyboard/input_userDefined3'

2024-07-12 23:46:24 - [MESSAGE][PASSED] - Text 'Austria' is set on object 'Object Repository/AdminSuiteBootstrap_Pages/VT_Bootstrap/SaleKeyboard/input_userDefined4'

2024-07-12 23:46:25 - [MESSAGE][PASSED] - All options with label 'Orange' are selected in object 'Object Repository/AdminSuiteBootstrap_Pages/VT_Bootstrap/SaleKeyboard/select_UDF5_DropDown'  using regular expression

2024-07-12 23:46:26 - [MESSAGE][PASSED] - All options with label 'Yellow' are selected in object 'Object Repository/AdminSuiteBootstrap_Pages/VT_Bootstrap/SaleKeyboard/select_UDF6_DropDown'  using regular expression

2024-07-12 23:46:26 - [MESSAGE][PASSED] - Text 'Norway' is set on object 'Object Repository/AdminSuiteBootstrap_Pages/VT_Bootstrap/SaleKeyboard/input_userDefined7'

2024-07-12 23:46:27 - [MESSAGE][PASSED] - Text 'Netherlands' is set on object 'Object Repository/AdminSuiteBootstrap_Pages/VT_Bootstrap/SaleKeyboard/input_userDefined8'

2024-07-12 23:46:28 - [MESSAGE][PASSED] - Text 'Switzerland' is set on object 'Object Repository/AdminSuiteBootstrap_Pages/VT_Bootstrap/SaleKeyboard/input_userDefined9'

2024-07-12 23:46:29 - [MESSAGE][PASSED] - Text 'France' is set on object 'Object Repository/AdminSuiteBootstrap_Pages/VT_Bootstrap/SaleKeyboard/input_userDefined10'

2024-07-12 23:46:30 - [MESSAGE][PASSED] - Object: 'Object Repository/AdminSuiteBootstrap_Pages/VT_Bootstrap/SaleKeyboard/button_Submit' is clicked on

2024-07-12 23:46:30 - [MESSAGE][PASSED] - adminSuiteBootstrap.virtualTerminalSetData.saleKeyboard_DataDriven is PASSED

2024-07-12 23:46:30 - [TEST_STEP][PASSED] - if (verifyTextPresent("Transaction Successful", true)): null

2024-07-12 23:46:31 - [MESSAGE][PASSED] - Text 'Transaction Successful' is present on page  using regular expression

2024-07-12 23:46:31 - [TEST_STEP][PASSED] - sdf = getText(findTestObject(path_Receipt + "td_AutoNoC031622113752957Ahm")): Text of object 'Object Repository/AdminSuiteBootstrap_Pages/VT_Bootstrap/Receipt/td_AutoNoC031622113752957Ahm' is: 'AutoNoC071224233859579Ahm'

2024-07-12 23:46:31 - [MESSAGE][PASSED] - Text of object 'Object Repository/AdminSuiteBootstrap_Pages/VT_Bootstrap/Receipt/td_AutoNoC031622113752957Ahm' is: 'AutoNoC071224233859579Ahm'

2024-07-12 23:46:31 - [TEST_STEP][PASSED] - out.println("sdf: " + sdf): null

2024-07-12 23:46:31 - [TEST_STEP][PASSED] - remID = sdf: null

2024-07-12 23:46:31 - [TEST_STEP][PASSED] - out.println("remID: " + remID): null

2024-07-12 23:46:31 - [TEST_STEP][PASSED] - click(findTestObject(path_Receipt + "button_Continue")): Object: 'Object Repository/AdminSuiteBootstrap_Pages/VT_Bootstrap/Receipt/button_Continue' is clicked on

2024-07-12 23:46:32 - [MESSAGE][PASSED] - Object: 'Object Repository/AdminSuiteBootstrap_Pages/VT_Bootstrap/Receipt/button_Continue' is clicked on

2024-07-12 23:46:32 - [TEST_STEP][PASSED] - click(findTestObject(path_VT + "a_Search Transactions")): Object: 'Object Repository/AdminSuiteBootstrap_Pages/VT_Bootstrap/IssueTransactions/a_Search Transactions' is clicked on

2024-07-12 23:46:33 - [MESSAGE][PASSED] - Object: 'Object Repository/AdminSuiteBootstrap_Pages/VT_Bootstrap/IssueTransactions/a_Search Transactions' is clicked on

2024-07-12 23:46:33 - [TEST_STEP][PASSED] - setText(findTestObject(path_CCSearch + "input_Search By_searchValue"), remID): Text 'AutoNoC071224233859579Ahm' is set on object 'Object Repository/AdminSuiteBootstrap_Pages/VT_Bootstrap/CCCreditOrVoidSearch/input_Search By_searchValue'

2024-07-12 23:46:34 - [MESSAGE][PASSED] - Text 'AutoNoC071224233859579Ahm' is set on object 'Object Repository/AdminSuiteBootstrap_Pages/VT_Bootstrap/CCCreditOrVoidSearch/input_Search By_searchValue'

2024-07-12 23:46:34 - [TEST_STEP][PASSED] - click(findTestObject(path_CCSearch + "option_Authorization")): Object: 'Object Repository/AdminSuiteBootstrap_Pages/VT_Bootstrap/CCCreditOrVoidSearch/option_Authorization' is clicked on

2024-07-12 23:46:34 - [MESSAGE][PASSED] - Object: 'Object Repository/AdminSuiteBootstrap_Pages/VT_Bootstrap/CCCreditOrVoidSearch/option_Authorization' is clicked on

2024-07-12 23:46:34 - [TEST_STEP][PASSED] - click(findTestObject(path_CCSearch + "button_Submit")): Object: 'Object Repository/AdminSuiteBootstrap_Pages/VT_Bootstrap/CCCreditOrVoidSearch/button_Submit' is clicked on

2024-07-12 23:46:35 - [MESSAGE][PASSED] - Object: 'Object Repository/AdminSuiteBootstrap_Pages/VT_Bootstrap/CCCreditOrVoidSearch/button_Submit' is clicked on

2024-07-12 23:46:35 - [TEST_STEP][PASSED] - fgr = getText(findTestObject(path_SearchResults + "div_Payment ID")): Text of object 'Object Repository/AdminSuiteBootstrap_Pages/VT_Bootstrap/SearchResults/div_Payment ID' is: 'Payment ID
Payment Type
Transaction Type
Remittance ID
Name
Total Amount
End Date
Status
12154949 Credit Card Authorization AutoNoC071224233859579Ahm Janaki James $10.50 07/12/2024 Success'

2024-07-12 23:46:35 - [MESSAGE][PASSED] - Text of object 'Object Repository/AdminSuiteBootstrap_Pages/VT_Bootstrap/SearchResults/div_Payment ID' is: 'Payment ID
Payment Type
Transaction Type
Remittance ID
Name
Total Amount
End Date
Status
12154949 Credit Card Authorization AutoNoC071224233859579Ahm Janaki James $10.50 07/12/2024 Success'

2024-07-12 23:46:35 - [TEST_STEP][PASSED] - payID = substring(89, 98).trim(): null

2024-07-12 23:46:35 - [TEST_STEP][PASSED] - out.println("payID: " + payID): null

2024-07-12 23:46:35 - [TEST_STEP][PASSED] - click(findTestObject(path_SearchResults + "button_PaymentID")): Object: 'Object Repository/AdminSuiteBootstrap_Pages/VT_Bootstrap/SearchResults/button_PaymentID' is clicked on

2024-07-12 23:46:36 - [MESSAGE][PASSED] - Object: 'Object Repository/AdminSuiteBootstrap_Pages/VT_Bootstrap/SearchResults/button_PaymentID' is clicked on

2024-07-12 23:46:36 - [TEST_STEP][PASSED] - verifyTextPresent("Tender Type", true): Text 'Tender Type' is present on page  using regular expression

2024-07-12 23:46:37 - [MESSAGE][PASSED] - Text 'Tender Type' is present on page  using regular expression

2024-07-12 23:46:37 - [TEST_STEP][PASSED] - verifyTextPresent("Credit Card", true): Text 'Credit Card' is present on page  using regular expression

2024-07-12 23:46:37 - [MESSAGE][PASSED] - Text 'Credit Card' is present on page  using regular expression

2024-07-12 23:46:37 - [TEST_STEP][PASSED] - verifyTextPresent("Transaction Type", true): Text 'Transaction Type' is present on page  using regular expression

2024-07-12 23:46:37 - [MESSAGE][PASSED] - Text 'Transaction Type' is present on page  using regular expression

2024-07-12 23:46:37 - [TEST_STEP][PASSED] - verifyTextPresent("Authorization", true): Text 'Authorization' is present on page  using regular expression

2024-07-12 23:46:38 - [MESSAGE][PASSED] - Text 'Authorization' is present on page  using regular expression

2024-07-12 23:46:38 - [TEST_STEP][PASSED] - verifyTextPresent("Transaction Posted by", true): Text 'Transaction Posted by' is present on page  using regular expression

2024-07-12 23:46:38 - [MESSAGE][PASSED] - Text 'Transaction Posted by' is present on page  using regular expression

2024-07-12 23:46:38 - [TEST_STEP][PASSED] - verifyTextPresent("iahmed", true): Text 'iahmed' is present on page  using regular expression

2024-07-12 23:46:38 - [MESSAGE][PASSED] - Text 'iahmed' is present on page  using regular expression

2024-07-12 23:46:38 - [TEST_STEP][PASSED] - click(findTestObject(path_TranxDetails + "a_Capture this transaction")): Object: 'Object Repository/AdminSuiteBootstrap_Pages/VT_Bootstrap/TransactionDetails/a_Capture this transaction' is clicked on

2024-07-12 23:46:39 - [MESSAGE][PASSED] - Object: 'Object Repository/AdminSuiteBootstrap_Pages/VT_Bootstrap/TransactionDetails/a_Capture this transaction' is clicked on

2024-07-12 23:46:39 - [TEST_STEP][PASSED] - verifyTextPresent("Credit Card Capture", true): Text 'Credit Card Capture' is present on page  using regular expression

2024-07-12 23:46:40 - [MESSAGE][PASSED] - Text 'Credit Card Capture' is present on page  using regular expression

2024-07-12 23:46:40 - [TEST_STEP][PASSED] - captureAmount = findTestData(dataFile).getValue("CaptureAmount", row): null

2024-07-12 23:46:40 - [TEST_STEP][PASSED] - setText(findTestObject(path_SaleKB + "input_amountCapture"), captureAmount): Text '8.50' is set on object 'Object Repository/AdminSuiteBootstrap_Pages/VT_Bootstrap/SaleKeyboard/input_amountCapture'

2024-07-12 23:46:41 - [MESSAGE][PASSED] - Text '8.50' is set on object 'Object Repository/AdminSuiteBootstrap_Pages/VT_Bootstrap/SaleKeyboard/input_amountCapture'

2024-07-12 23:46:41 - [TEST_STEP][PASSED] - click(findTestObject(path_TranxDetails + "button_Submit")): Object: 'Object Repository/AdminSuiteBootstrap_Pages/VT_Bootstrap/TransactionDetails/button_Submit' is clicked on

2024-07-12 23:46:42 - [MESSAGE][PASSED] - Object: 'Object Repository/AdminSuiteBootstrap_Pages/VT_Bootstrap/TransactionDetails/button_Submit' is clicked on

2024-07-12 23:46:42 - [TEST_STEP][PASSED] - if (verifyTextPresent("Transaction Successful", true)): null

2024-07-12 23:46:43 - [MESSAGE][PASSED] - Text 'Transaction Successful' is present on page  using regular expression

2024-07-12 23:46:43 - [TEST_STEP][PASSED] - verifyTextPresent("Transaction Type", true): Text 'Transaction Type' is present on page  using regular expression

2024-07-12 23:46:43 - [MESSAGE][PASSED] - Text 'Transaction Type' is present on page  using regular expression

2024-07-12 23:46:43 - [TEST_STEP][PASSED] - verifyTextPresent("Capture", true): Text 'Capture' is present on page  using regular expression

2024-07-12 23:46:43 - [MESSAGE][PASSED] - Text 'Capture' is present on page  using regular expression

2024-07-12 23:46:43 - [TEST_STEP][PASSED] - verifyTextPresent("Amount", true): Text 'Amount' is present on page  using regular expression

2024-07-12 23:46:44 - [MESSAGE][PASSED] - Text 'Amount' is present on page  using regular expression

2024-07-12 23:46:44 - [TEST_STEP][PASSED] - verifyTextPresent(captureAmount, true): Text '8.50' is present on page  using regular expression

2024-07-12 23:46:44 - [MESSAGE][PASSED] - Text '8.50' is present on page  using regular expression

2024-07-12 23:46:44 - [TEST_STEP][PASSED] - sdf = getText(findTestObject(path_Receipt + "td_AutoNoC031622113752957Ahm")): Text of object 'Object Repository/AdminSuiteBootstrap_Pages/VT_Bootstrap/Receipt/td_AutoNoC031622113752957Ahm' is: 'AutoNoC071224233859579Ahm'

2024-07-12 23:46:44 - [MESSAGE][PASSED] - Text of object 'Object Repository/AdminSuiteBootstrap_Pages/VT_Bootstrap/Receipt/td_AutoNoC031622113752957Ahm' is: 'AutoNoC071224233859579Ahm'

2024-07-12 23:46:44 - [TEST_STEP][PASSED] - out.println("sdf: " + sdf): null

2024-07-12 23:46:44 - [TEST_STEP][PASSED] - remID = sdf: null

2024-07-12 23:46:44 - [TEST_STEP][PASSED] - out.println("remID: " + remID): null

2024-07-12 23:46:44 - [TEST_STEP][PASSED] - click(findTestObject(path_Receipt + "button_Continue")): Object: 'Object Repository/AdminSuiteBootstrap_Pages/VT_Bootstrap/Receipt/button_Continue' is clicked on

2024-07-12 23:46:45 - [MESSAGE][PASSED] - Object: 'Object Repository/AdminSuiteBootstrap_Pages/VT_Bootstrap/Receipt/button_Continue' is clicked on

2024-07-12 23:46:45 - [TEST_STEP][PASSED] - click(findTestObject(path_VT + "a_Search Transactions")): Object: 'Object Repository/AdminSuiteBootstrap_Pages/VT_Bootstrap/IssueTransactions/a_Search Transactions' is clicked on

2024-07-12 23:46:46 - [MESSAGE][PASSED] - Object: 'Object Repository/AdminSuiteBootstrap_Pages/VT_Bootstrap/IssueTransactions/a_Search Transactions' is clicked on

2024-07-12 23:46:46 - [TEST_STEP][PASSED] - setText(findTestObject(path_CCSearch + "input_Search By_searchValue"), remID): Text 'AutoNoC071224233859579Ahm' is set on object 'Object Repository/AdminSuiteBootstrap_Pages/VT_Bootstrap/CCCreditOrVoidSearch/input_Search By_searchValue'

2024-07-12 23:46:47 - [MESSAGE][PASSED] - Text 'AutoNoC071224233859579Ahm' is set on object 'Object Repository/AdminSuiteBootstrap_Pages/VT_Bootstrap/CCCreditOrVoidSearch/input_Search By_searchValue'

2024-07-12 23:46:47 - [TEST_STEP][PASSED] - click(findTestObject(path_CCSearch + "option_Capture (Sale)")): Object: 'Object Repository/AdminSuiteBootstrap_Pages/VT_Bootstrap/CCCreditOrVoidSearch/option_Capture (Sale)' is clicked on

2024-07-12 23:46:47 - [MESSAGE][PASSED] - Object: 'Object Repository/AdminSuiteBootstrap_Pages/VT_Bootstrap/CCCreditOrVoidSearch/option_Capture (Sale)' is clicked on

2024-07-12 23:46:47 - [TEST_STEP][PASSED] - click(findTestObject(path_CCSearch + "button_Submit")): Object: 'Object Repository/AdminSuiteBootstrap_Pages/VT_Bootstrap/CCCreditOrVoidSearch/button_Submit' is clicked on

2024-07-12 23:46:48 - [MESSAGE][PASSED] - Object: 'Object Repository/AdminSuiteBootstrap_Pages/VT_Bootstrap/CCCreditOrVoidSearch/button_Submit' is clicked on

2024-07-12 23:46:48 - [TEST_STEP][PASSED] - fgr = getText(findTestObject(path_SearchResults + "div_Payment ID")): Text of object 'Object Repository/AdminSuiteBootstrap_Pages/VT_Bootstrap/SearchResults/div_Payment ID' is: 'Payment ID
Payment Type
Transaction Type
Remittance ID
Name
Total Amount
End Date
Status
12154950 Credit Card Capture AutoNoC071224233859579Ahm Janaki James $8.50 07/12/2024 Success'

2024-07-12 23:46:48 - [MESSAGE][PASSED] - Text of object 'Object Repository/AdminSuiteBootstrap_Pages/VT_Bootstrap/SearchResults/div_Payment ID' is: 'Payment ID
Payment Type
Transaction Type
Remittance ID
Name
Total Amount
End Date
Status
12154950 Credit Card Capture AutoNoC071224233859579Ahm Janaki James $8.50 07/12/2024 Success'

2024-07-12 23:46:48 - [TEST_STEP][PASSED] - payID = substring(89, 98).trim(): null

2024-07-12 23:46:48 - [TEST_STEP][PASSED] - out.println("payID: " + payID): null

2024-07-12 23:46:48 - [TEST_STEP][PASSED] - click(findTestObject(path_SearchResults + "button_PaymentID")): Object: 'Object Repository/AdminSuiteBootstrap_Pages/VT_Bootstrap/SearchResults/button_PaymentID' is clicked on

2024-07-12 23:46:49 - [MESSAGE][PASSED] - Object: 'Object Repository/AdminSuiteBootstrap_Pages/VT_Bootstrap/SearchResults/button_PaymentID' is clicked on

2024-07-12 23:46:49 - [TEST_STEP][PASSED] - click(findTestObject(path_TranxDetails + "a_Void this transaction")): Object: 'Object Repository/AdminSuiteBootstrap_Pages/VT_Bootstrap/TransactionDetails/a_Void this transaction' is clicked on

2024-07-12 23:46:50 - [MESSAGE][PASSED] - Object: 'Object Repository/AdminSuiteBootstrap_Pages/VT_Bootstrap/TransactionDetails/a_Void this transaction' is clicked on

2024-07-12 23:46:50 - [TEST_STEP][PASSED] - verifyTextPresent("The following transaction will be voided", true): Text 'The following transaction will be voided' is present on page  using regular expression

2024-07-12 23:46:51 - [MESSAGE][PASSED] - Text 'The following transaction will be voided' is present on page  using regular expression

2024-07-12 23:46:51 - [TEST_STEP][PASSED] - verifyTextPresent("Please press submit to continue", true): Text 'Please press submit to continue' is present on page  using regular expression

2024-07-12 23:46:51 - [MESSAGE][PASSED] - Text 'Please press submit to continue' is present on page  using regular expression

2024-07-12 23:46:51 - [TEST_STEP][PASSED] - click(findTestObject(path_TranxDetails + "button_Submit")): Object: 'Object Repository/AdminSuiteBootstrap_Pages/VT_Bootstrap/TransactionDetails/button_Submit' is clicked on

2024-07-12 23:46:52 - [MESSAGE][PASSED] - Object: 'Object Repository/AdminSuiteBootstrap_Pages/VT_Bootstrap/TransactionDetails/button_Submit' is clicked on

2024-07-12 23:46:52 - [TEST_STEP][PASSED] - verifyTextPresent("Transaction Successful", true): Text 'Transaction Successful' is present on page  using regular expression

2024-07-12 23:46:53 - [MESSAGE][PASSED] - Text 'Transaction Successful' is present on page  using regular expression

2024-07-12 23:46:53 - [TEST_STEP][PASSED] - verifyTextPresent("Transaction Type", true): Text 'Transaction Type' is present on page  using regular expression

2024-07-12 23:46:53 - [MESSAGE][PASSED] - Text 'Transaction Type' is present on page  using regular expression

2024-07-12 23:46:53 - [TEST_STEP][PASSED] - verifyTextPresent("Void", true): Text 'Void' is present on page  using regular expression

2024-07-12 23:46:54 - [MESSAGE][PASSED] - Text 'Void' is present on page  using regular expression

2024-07-12 23:46:54 - [TEST_STEP][PASSED] - closeBrowser(): Browser is closed

2024-07-12 23:46:55 - [MESSAGE][PASSED] - Browser is closed

2024-07-12 23:46:55 - [TEST_STEP][PASSED] - ExecuteTC = findTestData(dataFile).getValue("Execute", row): null

2024-07-12 23:46:55 - [TEST_STEP][PASSED] - out.println("Value of Execute is : " + ExecuteTC): null

2024-07-12 23:46:55 - [TEST_STEP][PASSED] - switch (executionProfile): null

2024-07-12 23:46:55 - [TEST_STEP][PASSED] - case "QA2Profile":: null

2024-07-12 23:46:55 - [TEST_STEP][PASSED] - appName = findTestData(dataFile).getValue("AppNameQA", row): null

2024-07-12 23:46:55 - [TEST_STEP][PASSED] - appID = findTestData(dataFile).getValue("AppIDQA", row): null

2024-07-12 23:46:55 - [TEST_STEP][PASSED] - break: null

2024-07-12 23:46:55 - [TEST_STEP][PASSED] - hrefAppID = li_1 + appID + li_2: null

2024-07-12 23:46:55 - [TEST_STEP][PASSED] - hrefApp = li_1 + appID + "/": null

2024-07-12 23:46:55 - [TEST_STEP][PASSED] - println("hrefApp : " + hrefApp): null

2024-07-12 23:46:55 - [TEST_STEP][PASSED] - if (ExecuteTC.equalsIgnoreCase("Y")): null

2024-07-12 23:46:55 - [TEST_STEP][PASSED] - out.println("Begin Record Number: " + row): null

2024-07-12 23:46:55 - [TEST_STEP][PASSED] - today = new java.util.Date(): null

2024-07-12 23:46:55 - [TEST_STEP][PASSED] - println(today): null

2024-07-12 23:46:55 - [TEST_STEP][PASSED] - datText = today: null

2024-07-12 23:46:55 - [TEST_STEP][PASSED] - adminSuiteBootstrap.loginFunctionality.login_AdminSuite(): adminSuiteBootstrap.loginFunctionality.login_AdminSuite is PASSED

2024-07-12 23:46:55 - [MESSAGE][INFO] - Starting 'Chrome' driver

2024-07-12 23:46:55 - [MESSAGE][INFO] - User set preference: ['acceptInsecureCerts', 'true']

2024-07-12 23:46:55 - [MESSAGE][INFO] - Action delay is set to 0 milliseconds

2024-07-12 23:46:58 - [MESSAGE][PASSED] - Browser is opened with url: 'https://qa2.velocitypayment.com/admin/imtiaz'

2024-07-12 23:46:58 - [MESSAGE][PASSED] - Current window maximized

2024-07-12 23:46:59 - [MESSAGE][PASSED] - Object 'Object Repository/Login_Page/Login_Username_Okta' is present

2024-07-12 23:46:59 - [MESSAGE][PASSED] - Text 'iahmed' is set on object 'Object Repository/Login_Page/Login_Username_Okta'

2024-07-12 23:47:00 - [MESSAGE][PASSED] - Text 'Hello!6666666' is set on object 'Object Repository/Login_Page/Login_Password_Okta'

2024-07-12 23:47:01 - [MESSAGE][PASSED] - Object: 'Object Repository/Login_Page/Login_Submit_Okta' is clicked on

2024-07-12 23:47:01 - [MESSAGE][PASSED] - adminSuiteBootstrap.loginFunctionality.login_AdminSuite is PASSED

2024-07-12 23:47:01 - [TEST_STEP][PASSED] - click(findTestObject(path_Dashboard + appName)): Object: 'Object Repository/AdminSuiteBootstrap_Pages/Dashboard_Bootstrap/a_Access AutoSingleCFtpQA' is clicked on

2024-07-12 23:47:09 - [MESSAGE][PASSED] - Object: 'Object Repository/AdminSuiteBootstrap_Pages/Dashboard_Bootstrap/a_Access AutoSingleCFtpQA' is clicked on

2024-07-12 23:47:09 - [TEST_STEP][PASSED] - click(findTestObject(path_VT + "button_Authorization Only")): Object: 'Object Repository/AdminSuiteBootstrap_Pages/VT_Bootstrap/IssueTransactions/button_Authorization Only' is clicked on

2024-07-12 23:47:09 - [MESSAGE][PASSED] - Object: 'Object Repository/AdminSuiteBootstrap_Pages/VT_Bootstrap/IssueTransactions/button_Authorization Only' is clicked on

2024-07-12 23:47:09 - [TEST_STEP][PASSED] - authOnlyKeyboardEntryLink = modifyObjectProperty(findTestObject(path_VT + "a_KeyboardEntry_Sale"), "href", "equals", hrefAppID, true): Modify property of object successfully

2024-07-12 23:47:09 - [MESSAGE][PASSED] - Modify property of object successfully

2024-07-12 23:47:09 - [TEST_STEP][PASSED] - click(authOnlyKeyboardEntryLink): Object: 'Object Repository/AdminSuiteBootstrap_Pages/VT_Bootstrap/IssueTransactions/a_KeyboardEntry_Sale' is clicked on

2024-07-12 23:47:10 - [MESSAGE][PASSED] - Object: 'Object Repository/AdminSuiteBootstrap_Pages/VT_Bootstrap/IssueTransactions/a_KeyboardEntry_Sale' is clicked on

2024-07-12 23:47:10 - [TEST_STEP][PASSED] - adminSuiteBootstrap.virtualTerminalSetData.saleKeyboard_DataDriven(row, dataFile): adminSuiteBootstrap.virtualTerminalSetData.saleKeyboard_DataDriven is PASSED

2024-07-12 23:47:14 - [MESSAGE][PASSED] - Text 'Tulsi Raman' is set on object 'Object Repository/AdminSuiteBootstrap_Pages/VT_Bootstrap/SaleKeyboard/input_cardName'

2024-07-12 23:47:15 - [MESSAGE][PASSED] - All options with value 'RETL' are selected in object 'Object Repository/AdminSuiteBootstrap_Pages/VT_Bootstrap/SaleKeyboard/select_transactionCategory'  using regular expression

2024-07-12 23:47:15 - [MESSAGE][PASSED] - Execute JavaScript 'arguments[0].value ='5146312200000035' ' successfully

2024-07-12 23:47:16 - [MESSAGE][PASSED] - Execute JavaScript 'arguments[0].value ='123' ' successfully

2024-07-12 23:47:17 - [MESSAGE][PASSED] - All options with value '12' are selected in object 'Object Repository/AdminSuiteBootstrap_Pages/VT_Bootstrap/SaleKeyboard/select_MM'  using regular expression

2024-07-12 23:47:18 - [MESSAGE][PASSED] - All options with value '2025' are selected in object 'Object Repository/AdminSuiteBootstrap_Pages/VT_Bootstrap/SaleKeyboard/select_YYYY'  using regular expression

2024-07-12 23:47:19 - [MESSAGE][PASSED] - Text '1478 Jhatka Palace' is set on object 'Object Repository/AdminSuiteBootstrap_Pages/VT_Bootstrap/SaleKeyboard/input__address'

2024-07-12 23:47:19 - [MESSAGE][PASSED] - Text 'Suite 500' is set on object 'Object Repository/AdminSuiteBootstrap_Pages/VT_Bootstrap/SaleKeyboard/input__address2'

2024-07-12 23:47:20 - [MESSAGE][PASSED] - Text '22201' is set on object 'Object Repository/AdminSuiteBootstrap_Pages/VT_Bootstrap/SaleKeyboard/input__zip'

2024-07-12 23:47:21 - [MESSAGE][PASSED] - Text '' is set on object 'Object Repository/AdminSuiteBootstrap_Pages/VT_Bootstrap/SaleKeyboard/input_emailAddress'

2024-07-12 23:47:22 - [MESSAGE][PASSED] - Text '' is set on object 'Object Repository/AdminSuiteBootstrap_Pages/VT_Bootstrap/SaleKeyboard/input_smsNumber'

2024-07-12 23:47:23 - [MESSAGE][PASSED] - Text '10.50' is set on object 'Object Repository/AdminSuiteBootstrap_Pages/VT_Bootstrap/SaleKeyboard/input_amount'

2024-07-12 23:47:24 - [MESSAGE][PASSED] - Text 'Australia' is set on object 'Object Repository/AdminSuiteBootstrap_Pages/VT_Bootstrap/SaleKeyboard/input_userDefined1'

2024-07-12 23:47:25 - [MESSAGE][PASSED] - Text 'Denmark' is set on object 'Object Repository/AdminSuiteBootstrap_Pages/VT_Bootstrap/SaleKeyboard/input_userDefined2'

2024-07-12 23:47:26 - [MESSAGE][PASSED] - Text 'Sweden' is set on object 'Object Repository/AdminSuiteBootstrap_Pages/VT_Bootstrap/SaleKeyboard/input_userDefined3'

2024-07-12 23:47:26 - [MESSAGE][PASSED] - Text 'Austria' is set on object 'Object Repository/AdminSuiteBootstrap_Pages/VT_Bootstrap/SaleKeyboard/input_userDefined4'

2024-07-12 23:47:27 - [MESSAGE][PASSED] - All options with label 'Orange' are selected in object 'Object Repository/AdminSuiteBootstrap_Pages/VT_Bootstrap/SaleKeyboard/select_UDF5_DropDown'  using regular expression

2024-07-12 23:47:28 - [MESSAGE][PASSED] - All options with label 'Yellow' are selected in object 'Object Repository/AdminSuiteBootstrap_Pages/VT_Bootstrap/SaleKeyboard/select_UDF6_DropDown'  using regular expression

2024-07-12 23:47:29 - [MESSAGE][PASSED] - Text 'Norway' is set on object 'Object Repository/AdminSuiteBootstrap_Pages/VT_Bootstrap/SaleKeyboard/input_userDefined7'

2024-07-12 23:47:30 - [MESSAGE][PASSED] - Text 'Netherlands' is set on object 'Object Repository/AdminSuiteBootstrap_Pages/VT_Bootstrap/SaleKeyboard/input_userDefined8'

2024-07-12 23:47:31 - [MESSAGE][PASSED] - Text 'Switzerland' is set on object 'Object Repository/AdminSuiteBootstrap_Pages/VT_Bootstrap/SaleKeyboard/input_userDefined9'

2024-07-12 23:47:31 - [MESSAGE][PASSED] - Text 'France' is set on object 'Object Repository/AdminSuiteBootstrap_Pages/VT_Bootstrap/SaleKeyboard/input_userDefined10'

2024-07-12 23:47:33 - [MESSAGE][PASSED] - Object: 'Object Repository/AdminSuiteBootstrap_Pages/VT_Bootstrap/SaleKeyboard/button_Submit' is clicked on

2024-07-12 23:47:33 - [MESSAGE][PASSED] - adminSuiteBootstrap.virtualTerminalSetData.saleKeyboard_DataDriven is PASSED

2024-07-12 23:47:33 - [TEST_STEP][PASSED] - if (verifyTextPresent("Transaction Successful", true)): null

2024-07-12 23:47:33 - [MESSAGE][PASSED] - Text 'Transaction Successful' is present on page  using regular expression

2024-07-12 23:47:33 - [TEST_STEP][PASSED] - sdf = getText(findTestObject(path_Receipt + "td_AutoNoC031622113752957Ahm")): Text of object 'Object Repository/AdminSuiteBootstrap_Pages/VT_Bootstrap/Receipt/td_AutoNoC031622113752957Ahm' is: 'AutoSin071224234001633Ahm'

2024-07-12 23:47:34 - [MESSAGE][PASSED] - Text of object 'Object Repository/AdminSuiteBootstrap_Pages/VT_Bootstrap/Receipt/td_AutoNoC031622113752957Ahm' is: 'AutoSin071224234001633Ahm'

2024-07-12 23:47:34 - [TEST_STEP][PASSED] - out.println("sdf: " + sdf): null

2024-07-12 23:47:34 - [TEST_STEP][PASSED] - remID = sdf: null

2024-07-12 23:47:34 - [TEST_STEP][PASSED] - out.println("remID: " + remID): null

2024-07-12 23:47:34 - [TEST_STEP][PASSED] - click(findTestObject(path_Receipt + "button_Continue")): Object: 'Object Repository/AdminSuiteBootstrap_Pages/VT_Bootstrap/Receipt/button_Continue' is clicked on

2024-07-12 23:47:34 - [MESSAGE][PASSED] - Object: 'Object Repository/AdminSuiteBootstrap_Pages/VT_Bootstrap/Receipt/button_Continue' is clicked on

2024-07-12 23:47:34 - [TEST_STEP][PASSED] - click(findTestObject(path_VT + "a_Search Transactions")): Object: 'Object Repository/AdminSuiteBootstrap_Pages/VT_Bootstrap/IssueTransactions/a_Search Transactions' is clicked on

2024-07-12 23:47:35 - [MESSAGE][PASSED] - Object: 'Object Repository/AdminSuiteBootstrap_Pages/VT_Bootstrap/IssueTransactions/a_Search Transactions' is clicked on

2024-07-12 23:47:35 - [TEST_STEP][PASSED] - setText(findTestObject(path_CCSearch + "input_Search By_searchValue"), remID): Text 'AutoSin071224234001633Ahm' is set on object 'Object Repository/AdminSuiteBootstrap_Pages/VT_Bootstrap/CCCreditOrVoidSearch/input_Search By_searchValue'

2024-07-12 23:47:36 - [MESSAGE][PASSED] - Text 'AutoSin071224234001633Ahm' is set on object 'Object Repository/AdminSuiteBootstrap_Pages/VT_Bootstrap/CCCreditOrVoidSearch/input_Search By_searchValue'

2024-07-12 23:47:36 - [TEST_STEP][PASSED] - click(findTestObject(path_CCSearch + "option_Authorization")): Object: 'Object Repository/AdminSuiteBootstrap_Pages/VT_Bootstrap/CCCreditOrVoidSearch/option_Authorization' is clicked on

2024-07-12 23:47:37 - [MESSAGE][PASSED] - Object: 'Object Repository/AdminSuiteBootstrap_Pages/VT_Bootstrap/CCCreditOrVoidSearch/option_Authorization' is clicked on

2024-07-12 23:47:37 - [TEST_STEP][PASSED] - click(findTestObject(path_CCSearch + "button_Submit")): Object: 'Object Repository/AdminSuiteBootstrap_Pages/VT_Bootstrap/CCCreditOrVoidSearch/button_Submit' is clicked on

2024-07-12 23:47:37 - [MESSAGE][PASSED] - Object: 'Object Repository/AdminSuiteBootstrap_Pages/VT_Bootstrap/CCCreditOrVoidSearch/button_Submit' is clicked on

2024-07-12 23:47:37 - [TEST_STEP][PASSED] - fgr = getText(findTestObject(path_SearchResults + "div_Payment ID")): Text of object 'Object Repository/AdminSuiteBootstrap_Pages/VT_Bootstrap/SearchResults/div_Payment ID' is: 'Payment ID
Payment Type
Transaction Type
Remittance ID
Name
Total Amount
End Date
Status
12154952 Credit Card Authorization AutoSin071224234001633Ahm Tulsi Raman $15.50 07/12/2024 Success'

2024-07-12 23:47:38 - [MESSAGE][PASSED] - Text of object 'Object Repository/AdminSuiteBootstrap_Pages/VT_Bootstrap/SearchResults/div_Payment ID' is: 'Payment ID
Payment Type
Transaction Type
Remittance ID
Name
Total Amount
End Date
Status
12154952 Credit Card Authorization AutoSin071224234001633Ahm Tulsi Raman $15.50 07/12/2024 Success'

2024-07-12 23:47:38 - [TEST_STEP][PASSED] - payID = substring(89, 98).trim(): null

2024-07-12 23:47:38 - [TEST_STEP][PASSED] - out.println("payID: " + payID): null

2024-07-12 23:47:38 - [TEST_STEP][PASSED] - click(findTestObject(path_SearchResults + "button_PaymentID")): Object: 'Object Repository/AdminSuiteBootstrap_Pages/VT_Bootstrap/SearchResults/button_PaymentID' is clicked on

2024-07-12 23:47:38 - [MESSAGE][PASSED] - Object: 'Object Repository/AdminSuiteBootstrap_Pages/VT_Bootstrap/SearchResults/button_PaymentID' is clicked on

2024-07-12 23:47:38 - [TEST_STEP][PASSED] - verifyTextPresent("Tender Type", true): Text 'Tender Type' is present on page  using regular expression

2024-07-12 23:47:39 - [MESSAGE][PASSED] - Text 'Tender Type' is present on page  using regular expression

2024-07-12 23:47:39 - [TEST_STEP][PASSED] - verifyTextPresent("Credit Card", true): Text 'Credit Card' is present on page  using regular expression

2024-07-12 23:47:39 - [MESSAGE][PASSED] - Text 'Credit Card' is present on page  using regular expression

2024-07-12 23:47:39 - [TEST_STEP][PASSED] - verifyTextPresent("Transaction Type", true): Text 'Transaction Type' is present on page  using regular expression

2024-07-12 23:47:40 - [MESSAGE][PASSED] - Text 'Transaction Type' is present on page  using regular expression

2024-07-12 23:47:40 - [TEST_STEP][PASSED] - verifyTextPresent("Authorization", true): Text 'Authorization' is present on page  using regular expression

2024-07-12 23:47:40 - [MESSAGE][PASSED] - Text 'Authorization' is present on page  using regular expression

2024-07-12 23:47:40 - [TEST_STEP][PASSED] - verifyTextPresent("Transaction Posted by", true): Text 'Transaction Posted by' is present on page  using regular expression

2024-07-12 23:47:40 - [MESSAGE][PASSED] - Text 'Transaction Posted by' is present on page  using regular expression

2024-07-12 23:47:40 - [TEST_STEP][PASSED] - verifyTextPresent("iahmed", true): Text 'iahmed' is present on page  using regular expression

2024-07-12 23:47:41 - [MESSAGE][PASSED] - Text 'iahmed' is present on page  using regular expression

2024-07-12 23:47:41 - [TEST_STEP][PASSED] - click(findTestObject(path_TranxDetails + "a_Capture this transaction")): Object: 'Object Repository/AdminSuiteBootstrap_Pages/VT_Bootstrap/TransactionDetails/a_Capture this transaction' is clicked on

2024-07-12 23:47:42 - [MESSAGE][PASSED] - Object: 'Object Repository/AdminSuiteBootstrap_Pages/VT_Bootstrap/TransactionDetails/a_Capture this transaction' is clicked on

2024-07-12 23:47:42 - [TEST_STEP][PASSED] - verifyTextPresent("Credit Card Capture", true): Text 'Credit Card Capture' is present on page  using regular expression

2024-07-12 23:47:42 - [MESSAGE][PASSED] - Text 'Credit Card Capture' is present on page  using regular expression

2024-07-12 23:47:42 - [TEST_STEP][PASSED] - captureAmount = findTestData(dataFile).getValue("CaptureAmount", row): null

2024-07-12 23:47:43 - [TEST_STEP][PASSED] - setText(findTestObject(path_SaleKB + "input_amountCapture"), captureAmount): Text '10.50' is set on object 'Object Repository/AdminSuiteBootstrap_Pages/VT_Bootstrap/SaleKeyboard/input_amountCapture'

2024-07-12 23:47:43 - [MESSAGE][PASSED] - Text '10.50' is set on object 'Object Repository/AdminSuiteBootstrap_Pages/VT_Bootstrap/SaleKeyboard/input_amountCapture'

2024-07-12 23:47:43 - [TEST_STEP][PASSED] - click(findTestObject(path_TranxDetails + "button_Submit")): Object: 'Object Repository/AdminSuiteBootstrap_Pages/VT_Bootstrap/TransactionDetails/button_Submit' is clicked on

2024-07-12 23:47:45 - [MESSAGE][PASSED] - Object: 'Object Repository/AdminSuiteBootstrap_Pages/VT_Bootstrap/TransactionDetails/button_Submit' is clicked on

2024-07-12 23:47:45 - [TEST_STEP][PASSED] - if (verifyTextPresent("Transaction Successful", true)): null

2024-07-12 23:47:45 - [MESSAGE][PASSED] - Text 'Transaction Successful' is present on page  using regular expression

2024-07-12 23:47:45 - [TEST_STEP][PASSED] - verifyTextPresent("Transaction Type", true): Text 'Transaction Type' is present on page  using regular expression

2024-07-12 23:47:46 - [MESSAGE][PASSED] - Text 'Transaction Type' is present on page  using regular expression

2024-07-12 23:47:46 - [TEST_STEP][PASSED] - verifyTextPresent("Capture", true): Text 'Capture' is present on page  using regular expression

2024-07-12 23:47:46 - [MESSAGE][PASSED] - Text 'Capture' is present on page  using regular expression

2024-07-12 23:47:46 - [TEST_STEP][PASSED] - verifyTextPresent("Amount", true): Text 'Amount' is present on page  using regular expression

2024-07-12 23:47:46 - [MESSAGE][PASSED] - Text 'Amount' is present on page  using regular expression

2024-07-12 23:47:46 - [TEST_STEP][PASSED] - verifyTextPresent(captureAmount, true): Text '10.50' is present on page  using regular expression

2024-07-12 23:47:47 - [MESSAGE][PASSED] - Text '10.50' is present on page  using regular expression

2024-07-12 23:47:47 - [TEST_STEP][PASSED] - sdf = getText(findTestObject(path_Receipt + "td_AutoNoC031622113752957Ahm")): Text of object 'Object Repository/AdminSuiteBootstrap_Pages/VT_Bootstrap/Receipt/td_AutoNoC031622113752957Ahm' is: 'AutoSin071224234001633Ahm'

2024-07-12 23:47:47 - [MESSAGE][PASSED] - Text of object 'Object Repository/AdminSuiteBootstrap_Pages/VT_Bootstrap/Receipt/td_AutoNoC031622113752957Ahm' is: 'AutoSin071224234001633Ahm'

2024-07-12 23:47:47 - [TEST_STEP][PASSED] - out.println("sdf: " + sdf): null

2024-07-12 23:47:47 - [TEST_STEP][PASSED] - remID = sdf: null

2024-07-12 23:47:47 - [TEST_STEP][PASSED] - out.println("remID: " + remID): null

2024-07-12 23:47:47 - [TEST_STEP][PASSED] - click(findTestObject(path_Receipt + "button_Continue")): Object: 'Object Repository/AdminSuiteBootstrap_Pages/VT_Bootstrap/Receipt/button_Continue' is clicked on

2024-07-12 23:47:48 - [MESSAGE][PASSED] - Object: 'Object Repository/AdminSuiteBootstrap_Pages/VT_Bootstrap/Receipt/button_Continue' is clicked on

2024-07-12 23:47:48 - [TEST_STEP][PASSED] - click(findTestObject(path_VT + "a_Search Transactions")): Object: 'Object Repository/AdminSuiteBootstrap_Pages/VT_Bootstrap/IssueTransactions/a_Search Transactions' is clicked on

2024-07-12 23:47:49 - [MESSAGE][PASSED] - Object: 'Object Repository/AdminSuiteBootstrap_Pages/VT_Bootstrap/IssueTransactions/a_Search Transactions' is clicked on

2024-07-12 23:47:49 - [TEST_STEP][PASSED] - setText(findTestObject(path_CCSearch + "input_Search By_searchValue"), remID): Text 'AutoSin071224234001633Ahm' is set on object 'Object Repository/AdminSuiteBootstrap_Pages/VT_Bootstrap/CCCreditOrVoidSearch/input_Search By_searchValue'

2024-07-12 23:47:50 - [MESSAGE][PASSED] - Text 'AutoSin071224234001633Ahm' is set on object 'Object Repository/AdminSuiteBootstrap_Pages/VT_Bootstrap/CCCreditOrVoidSearch/input_Search By_searchValue'

2024-07-12 23:47:50 - [TEST_STEP][PASSED] - click(findTestObject(path_CCSearch + "option_Capture (Sale)")): Object: 'Object Repository/AdminSuiteBootstrap_Pages/VT_Bootstrap/CCCreditOrVoidSearch/option_Capture (Sale)' is clicked on

2024-07-12 23:47:50 - [MESSAGE][PASSED] - Object: 'Object Repository/AdminSuiteBootstrap_Pages/VT_Bootstrap/CCCreditOrVoidSearch/option_Capture (Sale)' is clicked on

2024-07-12 23:47:50 - [TEST_STEP][PASSED] - click(findTestObject(path_CCSearch + "button_Submit")): Object: 'Object Repository/AdminSuiteBootstrap_Pages/VT_Bootstrap/CCCreditOrVoidSearch/button_Submit' is clicked on

2024-07-12 23:47:51 - [MESSAGE][PASSED] - Object: 'Object Repository/AdminSuiteBootstrap_Pages/VT_Bootstrap/CCCreditOrVoidSearch/button_Submit' is clicked on

2024-07-12 23:47:51 - [TEST_STEP][PASSED] - fgr = getText(findTestObject(path_SearchResults + "div_Payment ID")): Text of object 'Object Repository/AdminSuiteBootstrap_Pages/VT_Bootstrap/SearchResults/div_Payment ID' is: 'Payment ID
Payment Type
Transaction Type
Remittance ID
Name
Total Amount
End Date
Status
12154953 Credit Card Capture AutoSin071224234001633Ahm Tulsi Raman $15.50 07/12/2024 Success'

2024-07-12 23:47:51 - [MESSAGE][PASSED] - Text of object 'Object Repository/AdminSuiteBootstrap_Pages/VT_Bootstrap/SearchResults/div_Payment ID' is: 'Payment ID
Payment Type
Transaction Type
Remittance ID
Name
Total Amount
End Date
Status
12154953 Credit Card Capture AutoSin071224234001633Ahm Tulsi Raman $15.50 07/12/2024 Success'

2024-07-12 23:47:51 - [TEST_STEP][PASSED] - payID = substring(89, 98).trim(): null

2024-07-12 23:47:51 - [TEST_STEP][PASSED] - out.println("payID: " + payID): null

2024-07-12 23:47:51 - [TEST_STEP][PASSED] - click(findTestObject(path_SearchResults + "button_PaymentID")): Object: 'Object Repository/AdminSuiteBootstrap_Pages/VT_Bootstrap/SearchResults/button_PaymentID' is clicked on

2024-07-12 23:47:52 - [MESSAGE][PASSED] - Object: 'Object Repository/AdminSuiteBootstrap_Pages/VT_Bootstrap/SearchResults/button_PaymentID' is clicked on

2024-07-12 23:47:52 - [TEST_STEP][PASSED] - click(findTestObject(path_TranxDetails + "a_Void this transaction")): Object: 'Object Repository/AdminSuiteBootstrap_Pages/VT_Bootstrap/TransactionDetails/a_Void this transaction' is clicked on

2024-07-12 23:47:53 - [MESSAGE][PASSED] - Object: 'Object Repository/AdminSuiteBootstrap_Pages/VT_Bootstrap/TransactionDetails/a_Void this transaction' is clicked on

2024-07-12 23:47:53 - [TEST_STEP][PASSED] - verifyTextPresent("The following transaction will be voided", true): Text 'The following transaction will be voided' is present on page  using regular expression

2024-07-12 23:47:53 - [MESSAGE][PASSED] - Text 'The following transaction will be voided' is present on page  using regular expression

2024-07-12 23:47:53 - [TEST_STEP][PASSED] - verifyTextPresent("Please press submit to continue", true): Text 'Please press submit to continue' is present on page  using regular expression

2024-07-12 23:47:54 - [MESSAGE][PASSED] - Text 'Please press submit to continue' is present on page  using regular expression

2024-07-12 23:47:54 - [TEST_STEP][PASSED] - click(findTestObject(path_TranxDetails + "button_Submit")): Object: 'Object Repository/AdminSuiteBootstrap_Pages/VT_Bootstrap/TransactionDetails/button_Submit' is clicked on

2024-07-12 23:47:55 - [MESSAGE][PASSED] - Object: 'Object Repository/AdminSuiteBootstrap_Pages/VT_Bootstrap/TransactionDetails/button_Submit' is clicked on

2024-07-12 23:47:55 - [TEST_STEP][PASSED] - verifyTextPresent("Transaction Successful", true): Text 'Transaction Successful' is present on page  using regular expression

2024-07-12 23:47:55 - [MESSAGE][PASSED] - Text 'Transaction Successful' is present on page  using regular expression

2024-07-12 23:47:55 - [TEST_STEP][PASSED] - verifyTextPresent("Transaction Type", true): Text 'Transaction Type' is present on page  using regular expression

2024-07-12 23:47:56 - [MESSAGE][PASSED] - Text 'Transaction Type' is present on page  using regular expression

2024-07-12 23:47:56 - [TEST_STEP][PASSED] - verifyTextPresent("Void", true): Text 'Void' is present on page  using regular expression

2024-07-12 23:47:56 - [MESSAGE][PASSED] - Text 'Void' is present on page  using regular expression

2024-07-12 23:47:56 - [TEST_STEP][PASSED] - closeBrowser(): Browser is closed

2024-07-12 23:47:57 - [MESSAGE][PASSED] - Browser is closed

2024-07-12 23:47:57 - [TEST_STEP][PASSED] - ExecuteTC = findTestData(dataFile).getValue("Execute", row): null

2024-07-12 23:47:57 - [TEST_STEP][PASSED] - out.println("Value of Execute is : " + ExecuteTC): null

2024-07-12 23:47:57 - [TEST_STEP][PASSED] - switch (executionProfile): null

2024-07-12 23:47:57 - [TEST_STEP][PASSED] - case "QA2Profile":: null

2024-07-12 23:47:57 - [TEST_STEP][PASSED] - appName = findTestData(dataFile).getValue("AppNameQA", row): null

2024-07-12 23:47:57 - [TEST_STEP][PASSED] - appID = findTestData(dataFile).getValue("AppIDQA", row): null

2024-07-12 23:47:58 - [TEST_STEP][PASSED] - break: null

2024-07-12 23:47:58 - [TEST_STEP][PASSED] - hrefAppID = li_1 + appID + li_2: null

2024-07-12 23:47:58 - [TEST_STEP][PASSED] - hrefApp = li_1 + appID + "/": null

2024-07-12 23:47:58 - [TEST_STEP][PASSED] - println("hrefApp : " + hrefApp): null

2024-07-12 23:47:58 - [TEST_STEP][PASSED] - if (ExecuteTC.equalsIgnoreCase("Y")): null

2024-07-12 23:47:58 - [TEST_STEP][PASSED] - out.println("Begin Record Number: " + row): null

2024-07-12 23:47:58 - [TEST_STEP][PASSED] - today = new java.util.Date(): null

2024-07-12 23:47:58 - [TEST_STEP][PASSED] - println(today): null

2024-07-12 23:47:58 - [TEST_STEP][PASSED] - datText = today: null

2024-07-12 23:47:58 - [TEST_STEP][PASSED] - adminSuiteBootstrap.loginFunctionality.login_AdminSuite(): adminSuiteBootstrap.loginFunctionality.login_AdminSuite is PASSED

2024-07-12 23:47:58 - [MESSAGE][INFO] - Starting 'Chrome' driver

2024-07-12 23:47:58 - [MESSAGE][INFO] - User set preference: ['acceptInsecureCerts', 'true']

2024-07-12 23:47:58 - [MESSAGE][INFO] - Action delay is set to 0 milliseconds

2024-07-12 23:47:59 - [MESSAGE][PASSED] - Browser is opened with url: 'https://qa2.velocitypayment.com/admin/imtiaz'

2024-07-12 23:48:00 - [MESSAGE][PASSED] - Current window maximized

2024-07-12 23:48:01 - [MESSAGE][PASSED] - Object 'Object Repository/Login_Page/Login_Username_Okta' is present

2024-07-12 23:48:02 - [MESSAGE][PASSED] - Text 'iahmed' is set on object 'Object Repository/Login_Page/Login_Username_Okta'

2024-07-12 23:48:02 - [MESSAGE][PASSED] - Text 'Hello!6666666' is set on object 'Object Repository/Login_Page/Login_Password_Okta'

2024-07-12 23:48:03 - [MESSAGE][PASSED] - Object: 'Object Repository/Login_Page/Login_Submit_Okta' is clicked on

2024-07-12 23:48:03 - [MESSAGE][PASSED] - adminSuiteBootstrap.loginFunctionality.login_AdminSuite is PASSED

2024-07-12 23:48:03 - [TEST_STEP][PASSED] - click(findTestObject(path_Dashboard + appName)): Object: 'Object Repository/AdminSuiteBootstrap_Pages/Dashboard_Bootstrap/a_Access AutoSingleCFtpQA' is clicked on

2024-07-12 23:48:10 - [MESSAGE][PASSED] - Object: 'Object Repository/AdminSuiteBootstrap_Pages/Dashboard_Bootstrap/a_Access AutoSingleCFtpQA' is clicked on

2024-07-12 23:48:10 - [TEST_STEP][PASSED] - click(findTestObject(path_VT + "button_Authorization Only")): Object: 'Object Repository/AdminSuiteBootstrap_Pages/VT_Bootstrap/IssueTransactions/button_Authorization Only' is clicked on

2024-07-12 23:48:11 - [MESSAGE][PASSED] - Object: 'Object Repository/AdminSuiteBootstrap_Pages/VT_Bootstrap/IssueTransactions/button_Authorization Only' is clicked on

2024-07-12 23:48:11 - [TEST_STEP][PASSED] - authOnlyKeyboardEntryLink = modifyObjectProperty(findTestObject(path_VT + "a_KeyboardEntry_Sale"), "href", "equals", hrefAppID, true): Modify property of object successfully

2024-07-12 23:48:11 - [MESSAGE][PASSED] - Modify property of object successfully

2024-07-12 23:48:11 - [TEST_STEP][PASSED] - click(authOnlyKeyboardEntryLink): Object: 'Object Repository/AdminSuiteBootstrap_Pages/VT_Bootstrap/IssueTransactions/a_KeyboardEntry_Sale' is clicked on

2024-07-12 23:48:12 - [MESSAGE][PASSED] - Object: 'Object Repository/AdminSuiteBootstrap_Pages/VT_Bootstrap/IssueTransactions/a_KeyboardEntry_Sale' is clicked on

2024-07-12 23:48:12 - [TEST_STEP][PASSED] - adminSuiteBootstrap.virtualTerminalSetData.saleKeyboard_DataDriven(row, dataFile): adminSuiteBootstrap.virtualTerminalSetData.saleKeyboard_DataDriven is PASSED

2024-07-12 23:48:15 - [MESSAGE][PASSED] - Text 'Janaki James' is set on object 'Object Repository/AdminSuiteBootstrap_Pages/VT_Bootstrap/SaleKeyboard/input_cardName'

2024-07-12 23:48:16 - [MESSAGE][PASSED] - All options with value 'MOTO' are selected in object 'Object Repository/AdminSuiteBootstrap_Pages/VT_Bootstrap/SaleKeyboard/select_transactionCategory'  using regular expression

2024-07-12 23:48:17 - [MESSAGE][PASSED] - Execute JavaScript 'arguments[0].value ='5146312200000035' ' successfully

2024-07-12 23:48:17 - [MESSAGE][PASSED] - Execute JavaScript 'arguments[0].value ='123' ' successfully

2024-07-12 23:48:18 - [MESSAGE][PASSED] - All options with value '12' are selected in object 'Object Repository/AdminSuiteBootstrap_Pages/VT_Bootstrap/SaleKeyboard/select_MM'  using regular expression

2024-07-12 23:48:19 - [MESSAGE][PASSED] - All options with value '2025' are selected in object 'Object Repository/AdminSuiteBootstrap_Pages/VT_Bootstrap/SaleKeyboard/select_YYYY'  using regular expression

2024-07-12 23:48:20 - [MESSAGE][PASSED] - Text '1478 Jhatka Palace' is set on object 'Object Repository/AdminSuiteBootstrap_Pages/VT_Bootstrap/SaleKeyboard/input__address'

2024-07-12 23:48:21 - [MESSAGE][PASSED] - Text 'Suite 500' is set on object 'Object Repository/AdminSuiteBootstrap_Pages/VT_Bootstrap/SaleKeyboard/input__address2'

2024-07-12 23:48:21 - [MESSAGE][PASSED] - Text '22201' is set on object 'Object Repository/AdminSuiteBootstrap_Pages/VT_Bootstrap/SaleKeyboard/input__zip'

2024-07-12 23:48:22 - [MESSAGE][PASSED] - Text '' is set on object 'Object Repository/AdminSuiteBootstrap_Pages/VT_Bootstrap/SaleKeyboard/input_emailAddress'

2024-07-12 23:48:24 - [MESSAGE][PASSED] - Text '' is set on object 'Object Repository/AdminSuiteBootstrap_Pages/VT_Bootstrap/SaleKeyboard/input_smsNumber'

2024-07-12 23:48:24 - [MESSAGE][PASSED] - Text '10.50' is set on object 'Object Repository/AdminSuiteBootstrap_Pages/VT_Bootstrap/SaleKeyboard/input_amount'

2024-07-12 23:48:25 - [MESSAGE][PASSED] - Text 'Australia' is set on object 'Object Repository/AdminSuiteBootstrap_Pages/VT_Bootstrap/SaleKeyboard/input_userDefined1'

2024-07-12 23:48:26 - [MESSAGE][PASSED] - Text 'Denmark' is set on object 'Object Repository/AdminSuiteBootstrap_Pages/VT_Bootstrap/SaleKeyboard/input_userDefined2'

2024-07-12 23:48:27 - [MESSAGE][PASSED] - Text 'Sweden' is set on object 'Object Repository/AdminSuiteBootstrap_Pages/VT_Bootstrap/SaleKeyboard/input_userDefined3'

2024-07-12 23:48:28 - [MESSAGE][PASSED] - Text 'Austria' is set on object 'Object Repository/AdminSuiteBootstrap_Pages/VT_Bootstrap/SaleKeyboard/input_userDefined4'

2024-07-12 23:48:29 - [MESSAGE][PASSED] - All options with label 'Orange' are selected in object 'Object Repository/AdminSuiteBootstrap_Pages/VT_Bootstrap/SaleKeyboard/select_UDF5_DropDown'  using regular expression

2024-07-12 23:48:29 - [MESSAGE][PASSED] - All options with label 'Yellow' are selected in object 'Object Repository/AdminSuiteBootstrap_Pages/VT_Bootstrap/SaleKeyboard/select_UDF6_DropDown'  using regular expression

2024-07-12 23:48:30 - [MESSAGE][PASSED] - Text 'Norway' is set on object 'Object Repository/AdminSuiteBootstrap_Pages/VT_Bootstrap/SaleKeyboard/input_userDefined7'

2024-07-12 23:48:31 - [MESSAGE][PASSED] - Text 'Netherlands' is set on object 'Object Repository/AdminSuiteBootstrap_Pages/VT_Bootstrap/SaleKeyboard/input_userDefined8'

2024-07-12 23:48:32 - [MESSAGE][PASSED] - Text 'Switzerland' is set on object 'Object Repository/AdminSuiteBootstrap_Pages/VT_Bootstrap/SaleKeyboard/input_userDefined9'

2024-07-12 23:48:32 - [MESSAGE][PASSED] - Text 'France' is set on object 'Object Repository/AdminSuiteBootstrap_Pages/VT_Bootstrap/SaleKeyboard/input_userDefined10'

2024-07-12 23:48:34 - [MESSAGE][PASSED] - Object: 'Object Repository/AdminSuiteBootstrap_Pages/VT_Bootstrap/SaleKeyboard/button_Submit' is clicked on

2024-07-12 23:48:34 - [MESSAGE][PASSED] - adminSuiteBootstrap.virtualTerminalSetData.saleKeyboard_DataDriven is PASSED

2024-07-12 23:48:34 - [TEST_STEP][PASSED] - if (verifyTextPresent("Transaction Successful", true)): null

2024-07-12 23:48:34 - [MESSAGE][PASSED] - Text 'Transaction Successful' is present on page  using regular expression

2024-07-12 23:48:34 - [TEST_STEP][PASSED] - sdf = getText(findTestObject(path_Receipt + "td_AutoNoC031622113752957Ahm")): Text of object 'Object Repository/AdminSuiteBootstrap_Pages/VT_Bootstrap/Receipt/td_AutoNoC031622113752957Ahm' is: 'AutoSin071224234102950Ahm'

2024-07-12 23:48:35 - [MESSAGE][PASSED] - Text of object 'Object Repository/AdminSuiteBootstrap_Pages/VT_Bootstrap/Receipt/td_AutoNoC031622113752957Ahm' is: 'AutoSin071224234102950Ahm'

2024-07-12 23:48:35 - [TEST_STEP][PASSED] - out.println("sdf: " + sdf): null

2024-07-12 23:48:35 - [TEST_STEP][PASSED] - remID = sdf: null

2024-07-12 23:48:35 - [TEST_STEP][PASSED] - out.println("remID: " + remID): null

2024-07-12 23:48:35 - [TEST_STEP][PASSED] - click(findTestObject(path_Receipt + "button_Continue")): Object: 'Object Repository/AdminSuiteBootstrap_Pages/VT_Bootstrap/Receipt/button_Continue' is clicked on

2024-07-12 23:48:35 - [MESSAGE][PASSED] - Object: 'Object Repository/AdminSuiteBootstrap_Pages/VT_Bootstrap/Receipt/button_Continue' is clicked on

2024-07-12 23:48:35 - [TEST_STEP][PASSED] - click(findTestObject(path_VT + "a_Search Transactions")): Object: 'Object Repository/AdminSuiteBootstrap_Pages/VT_Bootstrap/IssueTransactions/a_Search Transactions' is clicked on

2024-07-12 23:48:36 - [MESSAGE][PASSED] - Object: 'Object Repository/AdminSuiteBootstrap_Pages/VT_Bootstrap/IssueTransactions/a_Search Transactions' is clicked on

2024-07-12 23:48:36 - [TEST_STEP][PASSED] - setText(findTestObject(path_CCSearch + "input_Search By_searchValue"), remID): Text 'AutoSin071224234102950Ahm' is set on object 'Object Repository/AdminSuiteBootstrap_Pages/VT_Bootstrap/CCCreditOrVoidSearch/input_Search By_searchValue'

2024-07-12 23:48:37 - [MESSAGE][PASSED] - Text 'AutoSin071224234102950Ahm' is set on object 'Object Repository/AdminSuiteBootstrap_Pages/VT_Bootstrap/CCCreditOrVoidSearch/input_Search By_searchValue'

2024-07-12 23:48:37 - [TEST_STEP][PASSED] - click(findTestObject(path_CCSearch + "option_Authorization")): Object: 'Object Repository/AdminSuiteBootstrap_Pages/VT_Bootstrap/CCCreditOrVoidSearch/option_Authorization' is clicked on

2024-07-12 23:48:38 - [MESSAGE][PASSED] - Object: 'Object Repository/AdminSuiteBootstrap_Pages/VT_Bootstrap/CCCreditOrVoidSearch/option_Authorization' is clicked on

2024-07-12 23:48:38 - [TEST_STEP][PASSED] - click(findTestObject(path_CCSearch + "button_Submit")): Object: 'Object Repository/AdminSuiteBootstrap_Pages/VT_Bootstrap/CCCreditOrVoidSearch/button_Submit' is clicked on

2024-07-12 23:48:38 - [MESSAGE][PASSED] - Object: 'Object Repository/AdminSuiteBootstrap_Pages/VT_Bootstrap/CCCreditOrVoidSearch/button_Submit' is clicked on

2024-07-12 23:48:38 - [TEST_STEP][PASSED] - fgr = getText(findTestObject(path_SearchResults + "div_Payment ID")): Text of object 'Object Repository/AdminSuiteBootstrap_Pages/VT_Bootstrap/SearchResults/div_Payment ID' is: 'Payment ID
Payment Type
Transaction Type
Remittance ID
Name
Total Amount
End Date
Status
12154955 Credit Card Authorization AutoSin071224234102950Ahm Janaki James $15.50 07/12/2024 Success'

2024-07-12 23:48:39 - [MESSAGE][PASSED] - Text of object 'Object Repository/AdminSuiteBootstrap_Pages/VT_Bootstrap/SearchResults/div_Payment ID' is: 'Payment ID
Payment Type
Transaction Type
Remittance ID
Name
Total Amount
End Date
Status
12154955 Credit Card Authorization AutoSin071224234102950Ahm Janaki James $15.50 07/12/2024 Success'

2024-07-12 23:48:39 - [TEST_STEP][PASSED] - payID = substring(89, 98).trim(): null

2024-07-12 23:48:39 - [TEST_STEP][PASSED] - out.println("payID: " + payID): null

2024-07-12 23:48:39 - [TEST_STEP][PASSED] - click(findTestObject(path_SearchResults + "button_PaymentID")): Object: 'Object Repository/AdminSuiteBootstrap_Pages/VT_Bootstrap/SearchResults/button_PaymentID' is clicked on

2024-07-12 23:48:40 - [MESSAGE][PASSED] - Object: 'Object Repository/AdminSuiteBootstrap_Pages/VT_Bootstrap/SearchResults/button_PaymentID' is clicked on

2024-07-12 23:48:40 - [TEST_STEP][PASSED] - verifyTextPresent("Tender Type", true): Text 'Tender Type' is present on page  using regular expression

2024-07-12 23:48:40 - [MESSAGE][PASSED] - Text 'Tender Type' is present on page  using regular expression

2024-07-12 23:48:40 - [TEST_STEP][PASSED] - verifyTextPresent("Credit Card", true): Text 'Credit Card' is present on page  using regular expression

2024-07-12 23:48:41 - [MESSAGE][PASSED] - Text 'Credit Card' is present on page  using regular expression

2024-07-12 23:48:41 - [TEST_STEP][PASSED] - verifyTextPresent("Transaction Type", true): Text 'Transaction Type' is present on page  using regular expression

2024-07-12 23:48:41 - [MESSAGE][PASSED] - Text 'Transaction Type' is present on page  using regular expression

2024-07-12 23:48:41 - [TEST_STEP][PASSED] - verifyTextPresent("Authorization", true): Text 'Authorization' is present on page  using regular expression

2024-07-12 23:48:41 - [MESSAGE][PASSED] - Text 'Authorization' is present on page  using regular expression

2024-07-12 23:48:41 - [TEST_STEP][PASSED] - verifyTextPresent("Transaction Posted by", true): Text 'Transaction Posted by' is present on page  using regular expression

2024-07-12 23:48:42 - [MESSAGE][PASSED] - Text 'Transaction Posted by' is present on page  using regular expression

2024-07-12 23:48:42 - [TEST_STEP][PASSED] - verifyTextPresent("iahmed", true): Text 'iahmed' is present on page  using regular expression

2024-07-12 23:48:42 - [MESSAGE][PASSED] - Text 'iahmed' is present on page  using regular expression

2024-07-12 23:48:42 - [TEST_STEP][PASSED] - click(findTestObject(path_TranxDetails + "a_Capture this transaction")): Object: 'Object Repository/AdminSuiteBootstrap_Pages/VT_Bootstrap/TransactionDetails/a_Capture this transaction' is clicked on

2024-07-12 23:48:43 - [MESSAGE][PASSED] - Object: 'Object Repository/AdminSuiteBootstrap_Pages/VT_Bootstrap/TransactionDetails/a_Capture this transaction' is clicked on

2024-07-12 23:48:43 - [TEST_STEP][PASSED] - verifyTextPresent("Credit Card Capture", true): Text 'Credit Card Capture' is present on page  using regular expression

2024-07-12 23:48:44 - [MESSAGE][PASSED] - Text 'Credit Card Capture' is present on page  using regular expression

2024-07-12 23:48:44 - [TEST_STEP][PASSED] - captureAmount = findTestData(dataFile).getValue("CaptureAmount", row): null

2024-07-12 23:48:44 - [TEST_STEP][PASSED] - setText(findTestObject(path_SaleKB + "input_amountCapture"), captureAmount): Text '8.50' is set on object 'Object Repository/AdminSuiteBootstrap_Pages/VT_Bootstrap/SaleKeyboard/input_amountCapture'

2024-07-12 23:48:45 - [MESSAGE][PASSED] - Text '8.50' is set on object 'Object Repository/AdminSuiteBootstrap_Pages/VT_Bootstrap/SaleKeyboard/input_amountCapture'

2024-07-12 23:48:45 - [TEST_STEP][PASSED] - click(findTestObject(path_TranxDetails + "button_Submit")): Object: 'Object Repository/AdminSuiteBootstrap_Pages/VT_Bootstrap/TransactionDetails/button_Submit' is clicked on

2024-07-12 23:48:46 - [MESSAGE][PASSED] - Object: 'Object Repository/AdminSuiteBootstrap_Pages/VT_Bootstrap/TransactionDetails/button_Submit' is clicked on

2024-07-12 23:48:46 - [TEST_STEP][PASSED] - if (verifyTextPresent("Transaction Successful", true)): null

2024-07-12 23:48:47 - [MESSAGE][PASSED] - Text 'Transaction Successful' is present on page  using regular expression

2024-07-12 23:48:47 - [TEST_STEP][PASSED] - verifyTextPresent("Transaction Type", true): Text 'Transaction Type' is present on page  using regular expression

2024-07-12 23:48:47 - [MESSAGE][PASSED] - Text 'Transaction Type' is present on page  using regular expression

2024-07-12 23:48:47 - [TEST_STEP][PASSED] - verifyTextPresent("Capture", true): Text 'Capture' is present on page  using regular expression

2024-07-12 23:48:47 - [MESSAGE][PASSED] - Text 'Capture' is present on page  using regular expression

2024-07-12 23:48:47 - [TEST_STEP][PASSED] - verifyTextPresent("Amount", true): Text 'Amount' is present on page  using regular expression

2024-07-12 23:48:48 - [MESSAGE][PASSED] - Text 'Amount' is present on page  using regular expression

2024-07-12 23:48:48 - [TEST_STEP][PASSED] - verifyTextPresent(captureAmount, true): Text '8.50' is present on page  using regular expression

2024-07-12 23:48:48 - [MESSAGE][PASSED] - Text '8.50' is present on page  using regular expression

2024-07-12 23:48:48 - [TEST_STEP][PASSED] - sdf = getText(findTestObject(path_Receipt + "td_AutoNoC031622113752957Ahm")): Text of object 'Object Repository/AdminSuiteBootstrap_Pages/VT_Bootstrap/Receipt/td_AutoNoC031622113752957Ahm' is: 'AutoSin071224234102950Ahm'

2024-07-12 23:48:48 - [MESSAGE][PASSED] - Text of object 'Object Repository/AdminSuiteBootstrap_Pages/VT_Bootstrap/Receipt/td_AutoNoC031622113752957Ahm' is: 'AutoSin071224234102950Ahm'

2024-07-12 23:48:48 - [TEST_STEP][PASSED] - out.println("sdf: " + sdf): null

2024-07-12 23:48:48 - [TEST_STEP][PASSED] - remID = sdf: null

2024-07-12 23:48:48 - [TEST_STEP][PASSED] - out.println("remID: " + remID): null

2024-07-12 23:48:48 - [TEST_STEP][PASSED] - click(findTestObject(path_Receipt + "button_Continue")): Object: 'Object Repository/AdminSuiteBootstrap_Pages/VT_Bootstrap/Receipt/button_Continue' is clicked on

2024-07-12 23:48:49 - [MESSAGE][PASSED] - Object: 'Object Repository/AdminSuiteBootstrap_Pages/VT_Bootstrap/Receipt/button_Continue' is clicked on

2024-07-12 23:48:49 - [TEST_STEP][PASSED] - click(findTestObject(path_VT + "a_Search Transactions")): Object: 'Object Repository/AdminSuiteBootstrap_Pages/VT_Bootstrap/IssueTransactions/a_Search Transactions' is clicked on

2024-07-12 23:48:50 - [MESSAGE][PASSED] - Object: 'Object Repository/AdminSuiteBootstrap_Pages/VT_Bootstrap/IssueTransactions/a_Search Transactions' is clicked on

2024-07-12 23:48:50 - [TEST_STEP][PASSED] - setText(findTestObject(path_CCSearch + "input_Search By_searchValue"), remID): Text 'AutoSin071224234102950Ahm' is set on object 'Object Repository/AdminSuiteBootstrap_Pages/VT_Bootstrap/CCCreditOrVoidSearch/input_Search By_searchValue'

2024-07-12 23:48:51 - [MESSAGE][PASSED] - Text 'AutoSin071224234102950Ahm' is set on object 'Object Repository/AdminSuiteBootstrap_Pages/VT_Bootstrap/CCCreditOrVoidSearch/input_Search By_searchValue'

2024-07-12 23:48:51 - [TEST_STEP][PASSED] - click(findTestObject(path_CCSearch + "option_Capture (Sale)")): Object: 'Object Repository/AdminSuiteBootstrap_Pages/VT_Bootstrap/CCCreditOrVoidSearch/option_Capture (Sale)' is clicked on

2024-07-12 23:48:51 - [MESSAGE][PASSED] - Object: 'Object Repository/AdminSuiteBootstrap_Pages/VT_Bootstrap/CCCreditOrVoidSearch/option_Capture (Sale)' is clicked on

2024-07-12 23:48:51 - [TEST_STEP][PASSED] - click(findTestObject(path_CCSearch + "button_Submit")): Object: 'Object Repository/AdminSuiteBootstrap_Pages/VT_Bootstrap/CCCreditOrVoidSearch/button_Submit' is clicked on

2024-07-12 23:48:52 - [MESSAGE][PASSED] - Object: 'Object Repository/AdminSuiteBootstrap_Pages/VT_Bootstrap/CCCreditOrVoidSearch/button_Submit' is clicked on

2024-07-12 23:48:52 - [TEST_STEP][PASSED] - fgr = getText(findTestObject(path_SearchResults + "div_Payment ID")): Text of object 'Object Repository/AdminSuiteBootstrap_Pages/VT_Bootstrap/SearchResults/div_Payment ID' is: 'Payment ID
Payment Type
Transaction Type
Remittance ID
Name
Total Amount
End Date
Status
12154956 Credit Card Capture AutoSin071224234102950Ahm Janaki James $13.50 07/12/2024 Success'

2024-07-12 23:48:52 - [MESSAGE][PASSED] - Text of object 'Object Repository/AdminSuiteBootstrap_Pages/VT_Bootstrap/SearchResults/div_Payment ID' is: 'Payment ID
Payment Type
Transaction Type
Remittance ID
Name
Total Amount
End Date
Status
12154956 Credit Card Capture AutoSin071224234102950Ahm Janaki James $13.50 07/12/2024 Success'

2024-07-12 23:48:52 - [TEST_STEP][PASSED] - payID = substring(89, 98).trim(): null

2024-07-12 23:48:52 - [TEST_STEP][PASSED] - out.println("payID: " + payID): null

2024-07-12 23:48:52 - [TEST_STEP][PASSED] - click(findTestObject(path_SearchResults + "button_PaymentID")): Object: 'Object Repository/AdminSuiteBootstrap_Pages/VT_Bootstrap/SearchResults/button_PaymentID' is clicked on

2024-07-12 23:48:53 - [MESSAGE][PASSED] - Object: 'Object Repository/AdminSuiteBootstrap_Pages/VT_Bootstrap/SearchResults/button_PaymentID' is clicked on

2024-07-12 23:48:53 - [TEST_STEP][PASSED] - click(findTestObject(path_TranxDetails + "a_Void this transaction")): Object: 'Object Repository/AdminSuiteBootstrap_Pages/VT_Bootstrap/TransactionDetails/a_Void this transaction' is clicked on

2024-07-12 23:48:54 - [MESSAGE][PASSED] - Object: 'Object Repository/AdminSuiteBootstrap_Pages/VT_Bootstrap/TransactionDetails/a_Void this transaction' is clicked on

2024-07-12 23:48:54 - [TEST_STEP][PASSED] - verifyTextPresent("The following transaction will be voided", true): Text 'The following transaction will be voided' is present on page  using regular expression

2024-07-12 23:48:55 - [MESSAGE][PASSED] - Text 'The following transaction will be voided' is present on page  using regular expression

2024-07-12 23:48:55 - [TEST_STEP][PASSED] - verifyTextPresent("Please press submit to continue", true): Text 'Please press submit to continue' is present on page  using regular expression

2024-07-12 23:48:55 - [MESSAGE][PASSED] - Text 'Please press submit to continue' is present on page  using regular expression

2024-07-12 23:48:55 - [TEST_STEP][PASSED] - click(findTestObject(path_TranxDetails + "button_Submit")): Object: 'Object Repository/AdminSuiteBootstrap_Pages/VT_Bootstrap/TransactionDetails/button_Submit' is clicked on

2024-07-12 23:48:56 - [MESSAGE][PASSED] - Object: 'Object Repository/AdminSuiteBootstrap_Pages/VT_Bootstrap/TransactionDetails/button_Submit' is clicked on

2024-07-12 23:48:56 - [TEST_STEP][PASSED] - verifyTextPresent("Transaction Successful", true): Text 'Transaction Successful' is present on page  using regular expression

2024-07-12 23:48:57 - [MESSAGE][PASSED] - Text 'Transaction Successful' is present on page  using regular expression

2024-07-12 23:48:57 - [TEST_STEP][PASSED] - verifyTextPresent("Transaction Type", true): Text 'Transaction Type' is present on page  using regular expression

2024-07-12 23:48:57 - [MESSAGE][PASSED] - Text 'Transaction Type' is present on page  using regular expression

2024-07-12 23:48:57 - [TEST_STEP][PASSED] - verifyTextPresent("Void", true): Text 'Void' is present on page  using regular expression

2024-07-12 23:48:57 - [MESSAGE][PASSED] - Text 'Void' is present on page  using regular expression

2024-07-12 23:48:57 - [TEST_STEP][PASSED] - closeBrowser(): Browser is closed

2024-07-12 23:48:58 - [MESSAGE][PASSED] - Browser is closed

2024-07-12 23:48:58 - [TEST_STEP][PASSED] - ExecuteTC = findTestData(dataFile).getValue("Execute", row): null

2024-07-12 23:48:58 - [TEST_STEP][PASSED] - out.println("Value of Execute is : " + ExecuteTC): null

2024-07-12 23:48:58 - [TEST_STEP][PASSED] - switch (executionProfile): null

2024-07-12 23:48:58 - [TEST_STEP][PASSED] - case "QA2Profile":: null

2024-07-12 23:48:58 - [TEST_STEP][PASSED] - appName = findTestData(dataFile).getValue("AppNameQA", row): null

2024-07-12 23:48:59 - [TEST_STEP][PASSED] - appID = findTestData(dataFile).getValue("AppIDQA", row): null

2024-07-12 23:48:59 - [TEST_STEP][PASSED] - break: null

2024-07-12 23:48:59 - [TEST_STEP][PASSED] - hrefAppID = li_1 + appID + li_2: null

2024-07-12 23:48:59 - [TEST_STEP][PASSED] - hrefApp = li_1 + appID + "/": null

2024-07-12 23:48:59 - [TEST_STEP][PASSED] - println("hrefApp : " + hrefApp): null

2024-07-12 23:48:59 - [TEST_STEP][PASSED] - if (ExecuteTC.equalsIgnoreCase("Y")): null

2024-07-12 23:48:59 - [TEST_STEP][PASSED] - out.println("Begin Record Number: " + row): null

2024-07-12 23:48:59 - [TEST_STEP][PASSED] - today = new java.util.Date(): null

2024-07-12 23:48:59 - [TEST_STEP][PASSED] - println(today): null

2024-07-12 23:48:59 - [TEST_STEP][PASSED] - datText = today: null

2024-07-12 23:48:59 - [TEST_STEP][PASSED] - adminSuiteBootstrap.loginFunctionality.login_AdminSuite(): adminSuiteBootstrap.loginFunctionality.login_AdminSuite is PASSED

2024-07-12 23:48:59 - [MESSAGE][INFO] - Starting 'Chrome' driver

2024-07-12 23:48:59 - [MESSAGE][INFO] - User set preference: ['acceptInsecureCerts', 'true']

2024-07-12 23:48:59 - [MESSAGE][INFO] - Action delay is set to 0 milliseconds

2024-07-12 23:49:00 - [MESSAGE][PASSED] - Browser is opened with url: 'https://qa2.velocitypayment.com/admin/imtiaz'

2024-07-12 23:49:01 - [MESSAGE][PASSED] - Current window maximized

2024-07-12 23:49:02 - [MESSAGE][PASSED] - Object 'Object Repository/Login_Page/Login_Username_Okta' is present

2024-07-12 23:49:03 - [MESSAGE][PASSED] - Text 'iahmed' is set on object 'Object Repository/Login_Page/Login_Username_Okta'

2024-07-12 23:49:04 - [MESSAGE][PASSED] - Text 'Hello!6666666' is set on object 'Object Repository/Login_Page/Login_Password_Okta'

2024-07-12 23:49:04 - [MESSAGE][PASSED] - Object: 'Object Repository/Login_Page/Login_Submit_Okta' is clicked on

2024-07-12 23:49:04 - [MESSAGE][PASSED] - adminSuiteBootstrap.loginFunctionality.login_AdminSuite is PASSED

2024-07-12 23:49:04 - [TEST_STEP][PASSED] - click(findTestObject(path_Dashboard + appName)): Object: 'Object Repository/AdminSuiteBootstrap_Pages/Dashboard_Bootstrap/a_Access AutoDualCFtpQA' is clicked on

2024-07-12 23:49:12 - [MESSAGE][PASSED] - Object: 'Object Repository/AdminSuiteBootstrap_Pages/Dashboard_Bootstrap/a_Access AutoDualCFtpQA' is clicked on

2024-07-12 23:49:12 - [TEST_STEP][PASSED] - click(findTestObject(path_VT + "button_Authorization Only")): Object: 'Object Repository/AdminSuiteBootstrap_Pages/VT_Bootstrap/IssueTransactions/button_Authorization Only' is clicked on

2024-07-12 23:49:13 - [MESSAGE][PASSED] - Object: 'Object Repository/AdminSuiteBootstrap_Pages/VT_Bootstrap/IssueTransactions/button_Authorization Only' is clicked on

2024-07-12 23:49:13 - [TEST_STEP][PASSED] - authOnlyKeyboardEntryLink = modifyObjectProperty(findTestObject(path_VT + "a_KeyboardEntry_Sale"), "href", "equals", hrefAppID, true): Modify property of object successfully

2024-07-12 23:49:13 - [MESSAGE][PASSED] - Modify property of object successfully

2024-07-12 23:49:13 - [TEST_STEP][PASSED] - click(authOnlyKeyboardEntryLink): Object: 'Object Repository/AdminSuiteBootstrap_Pages/VT_Bootstrap/IssueTransactions/a_KeyboardEntry_Sale' is clicked on

2024-07-12 23:49:14 - [MESSAGE][PASSED] - Object: 'Object Repository/AdminSuiteBootstrap_Pages/VT_Bootstrap/IssueTransactions/a_KeyboardEntry_Sale' is clicked on

2024-07-12 23:49:14 - [TEST_STEP][PASSED] - adminSuiteBootstrap.virtualTerminalSetData.saleKeyboard_DataDriven(row, dataFile): adminSuiteBootstrap.virtualTerminalSetData.saleKeyboard_DataDriven is PASSED

2024-07-12 23:49:17 - [MESSAGE][PASSED] - Text 'Tulsi Raman' is set on object 'Object Repository/AdminSuiteBootstrap_Pages/VT_Bootstrap/SaleKeyboard/input_cardName'

2024-07-12 23:49:18 - [MESSAGE][PASSED] - All options with value 'RETL' are selected in object 'Object Repository/AdminSuiteBootstrap_Pages/VT_Bootstrap/SaleKeyboard/select_transactionCategory'  using regular expression

2024-07-12 23:49:19 - [MESSAGE][PASSED] - Execute JavaScript 'arguments[0].value ='371449635392376' ' successfully

2024-07-12 23:49:19 - [MESSAGE][PASSED] - Execute JavaScript 'arguments[0].value ='123' ' successfully

2024-07-12 23:49:20 - [MESSAGE][PASSED] - All options with value '12' are selected in object 'Object Repository/AdminSuiteBootstrap_Pages/VT_Bootstrap/SaleKeyboard/select_MM'  using regular expression

2024-07-12 23:49:21 - [MESSAGE][PASSED] - All options with value '2025' are selected in object 'Object Repository/AdminSuiteBootstrap_Pages/VT_Bootstrap/SaleKeyboard/select_YYYY'  using regular expression

2024-07-12 23:49:22 - [MESSAGE][PASSED] - Text '550 Swan Lake' is set on object 'Object Repository/AdminSuiteBootstrap_Pages/VT_Bootstrap/SaleKeyboard/input__address'

2024-07-12 23:49:23 - [MESSAGE][PASSED] - Text 'Suite 500' is set on object 'Object Repository/AdminSuiteBootstrap_Pages/VT_Bootstrap/SaleKeyboard/input__address2'

2024-07-12 23:49:23 - [MESSAGE][PASSED] - Text '22201' is set on object 'Object Repository/AdminSuiteBootstrap_Pages/VT_Bootstrap/SaleKeyboard/input__zip'

2024-07-12 23:49:24 - [MESSAGE][PASSED] - Text '' is set on object 'Object Repository/AdminSuiteBootstrap_Pages/VT_Bootstrap/SaleKeyboard/input_emailAddress'

2024-07-12 23:49:25 - [MESSAGE][PASSED] - Text '' is set on object 'Object Repository/AdminSuiteBootstrap_Pages/VT_Bootstrap/SaleKeyboard/input_smsNumber'

2024-07-12 23:49:26 - [MESSAGE][PASSED] - Text '10.50' is set on object 'Object Repository/AdminSuiteBootstrap_Pages/VT_Bootstrap/SaleKeyboard/input_amount'

2024-07-12 23:49:27 - [MESSAGE][PASSED] - Text 'Australia' is set on object 'Object Repository/AdminSuiteBootstrap_Pages/VT_Bootstrap/SaleKeyboard/input_userDefined1'

2024-07-12 23:49:28 - [MESSAGE][PASSED] - Text 'Denmark' is set on object 'Object Repository/AdminSuiteBootstrap_Pages/VT_Bootstrap/SaleKeyboard/input_userDefined2'

2024-07-12 23:49:29 - [MESSAGE][PASSED] - Text 'Sweden' is set on object 'Object Repository/AdminSuiteBootstrap_Pages/VT_Bootstrap/SaleKeyboard/input_userDefined3'

2024-07-12 23:49:30 - [MESSAGE][PASSED] - Text 'Austria' is set on object 'Object Repository/AdminSuiteBootstrap_Pages/VT_Bootstrap/SaleKeyboard/input_userDefined4'

2024-07-12 23:49:31 - [MESSAGE][PASSED] - All options with label 'Orange' are selected in object 'Object Repository/AdminSuiteBootstrap_Pages/VT_Bootstrap/SaleKeyboard/select_UDF5_DropDown'  using regular expression

2024-07-12 23:49:32 - [MESSAGE][PASSED] - All options with label 'Yellow' are selected in object 'Object Repository/AdminSuiteBootstrap_Pages/VT_Bootstrap/SaleKeyboard/select_UDF6_DropDown'  using regular expression

2024-07-12 23:49:32 - [MESSAGE][PASSED] - Text 'Norway' is set on object 'Object Repository/AdminSuiteBootstrap_Pages/VT_Bootstrap/SaleKeyboard/input_userDefined7'

2024-07-12 23:49:33 - [MESSAGE][PASSED] - Text 'Netherlands' is set on object 'Object Repository/AdminSuiteBootstrap_Pages/VT_Bootstrap/SaleKeyboard/input_userDefined8'

2024-07-12 23:49:34 - [MESSAGE][PASSED] - Text 'Switzerland' is set on object 'Object Repository/AdminSuiteBootstrap_Pages/VT_Bootstrap/SaleKeyboard/input_userDefined9'

2024-07-12 23:49:34 - [MESSAGE][PASSED] - Text 'France' is set on object 'Object Repository/AdminSuiteBootstrap_Pages/VT_Bootstrap/SaleKeyboard/input_userDefined10'

2024-07-12 23:49:36 - [MESSAGE][PASSED] - Object: 'Object Repository/AdminSuiteBootstrap_Pages/VT_Bootstrap/SaleKeyboard/button_Submit' is clicked on

2024-07-12 23:49:36 - [MESSAGE][PASSED] - adminSuiteBootstrap.virtualTerminalSetData.saleKeyboard_DataDriven is PASSED

2024-07-12 23:49:36 - [TEST_STEP][PASSED] - if (verifyTextPresent("Transaction Successful", true)): null

2024-07-12 23:49:37 - [MESSAGE][PASSED] - Text 'Transaction Successful' is present on page  using regular expression

2024-07-12 23:49:37 - [TEST_STEP][PASSED] - sdf = getText(findTestObject(path_Receipt + "td_AutoNoC031622113752957Ahm")): Text of object 'Object Repository/AdminSuiteBootstrap_Pages/VT_Bootstrap/Receipt/td_AutoNoC031622113752957Ahm' is: 'AutoDua071224234204843Ahm'

2024-07-12 23:49:37 - [MESSAGE][PASSED] - Text of object 'Object Repository/AdminSuiteBootstrap_Pages/VT_Bootstrap/Receipt/td_AutoNoC031622113752957Ahm' is: 'AutoDua071224234204843Ahm'

2024-07-12 23:49:37 - [TEST_STEP][PASSED] - out.println("sdf: " + sdf): null

2024-07-12 23:49:37 - [TEST_STEP][PASSED] - remID = sdf: null

2024-07-12 23:49:37 - [TEST_STEP][PASSED] - out.println("remID: " + remID): null

2024-07-12 23:49:37 - [TEST_STEP][PASSED] - click(findTestObject(path_Receipt + "button_Continue")): Object: 'Object Repository/AdminSuiteBootstrap_Pages/VT_Bootstrap/Receipt/button_Continue' is clicked on

2024-07-12 23:49:38 - [MESSAGE][PASSED] - Object: 'Object Repository/AdminSuiteBootstrap_Pages/VT_Bootstrap/Receipt/button_Continue' is clicked on

2024-07-12 23:49:38 - [TEST_STEP][PASSED] - click(findTestObject(path_VT + "a_Search Transactions")): Object: 'Object Repository/AdminSuiteBootstrap_Pages/VT_Bootstrap/IssueTransactions/a_Search Transactions' is clicked on

2024-07-12 23:49:39 - [MESSAGE][PASSED] - Object: 'Object Repository/AdminSuiteBootstrap_Pages/VT_Bootstrap/IssueTransactions/a_Search Transactions' is clicked on

2024-07-12 23:49:39 - [TEST_STEP][PASSED] - setText(findTestObject(path_CCSearch + "input_Search By_searchValue"), remID): Text 'AutoDua071224234204843Ahm' is set on object 'Object Repository/AdminSuiteBootstrap_Pages/VT_Bootstrap/CCCreditOrVoidSearch/input_Search By_searchValue'

2024-07-12 23:49:40 - [MESSAGE][PASSED] - Text 'AutoDua071224234204843Ahm' is set on object 'Object Repository/AdminSuiteBootstrap_Pages/VT_Bootstrap/CCCreditOrVoidSearch/input_Search By_searchValue'

2024-07-12 23:49:40 - [TEST_STEP][PASSED] - click(findTestObject(path_CCSearch + "option_Authorization")): Object: 'Object Repository/AdminSuiteBootstrap_Pages/VT_Bootstrap/CCCreditOrVoidSearch/option_Authorization' is clicked on

2024-07-12 23:49:40 - [MESSAGE][PASSED] - Object: 'Object Repository/AdminSuiteBootstrap_Pages/VT_Bootstrap/CCCreditOrVoidSearch/option_Authorization' is clicked on

2024-07-12 23:49:40 - [TEST_STEP][PASSED] - click(findTestObject(path_CCSearch + "button_Submit")): Object: 'Object Repository/AdminSuiteBootstrap_Pages/VT_Bootstrap/CCCreditOrVoidSearch/button_Submit' is clicked on

2024-07-12 23:49:41 - [MESSAGE][PASSED] - Object: 'Object Repository/AdminSuiteBootstrap_Pages/VT_Bootstrap/CCCreditOrVoidSearch/button_Submit' is clicked on

2024-07-12 23:49:41 - [TEST_STEP][PASSED] - fgr = getText(findTestObject(path_SearchResults + "div_Payment ID")): Text of object 'Object Repository/AdminSuiteBootstrap_Pages/VT_Bootstrap/SearchResults/div_Payment ID' is: 'Payment ID
Payment Type
Transaction Type
Remittance ID
Name
Total Amount
End Date
Status
12154958 Credit Card Authorization AutoDua071224234204843Ahm Tulsi Raman $10.50 07/12/2024 Success'

2024-07-12 23:49:41 - [MESSAGE][PASSED] - Text of object 'Object Repository/AdminSuiteBootstrap_Pages/VT_Bootstrap/SearchResults/div_Payment ID' is: 'Payment ID
Payment Type
Transaction Type
Remittance ID
Name
Total Amount
End Date
Status
12154958 Credit Card Authorization AutoDua071224234204843Ahm Tulsi Raman $10.50 07/12/2024 Success'

2024-07-12 23:49:41 - [TEST_STEP][PASSED] - payID = substring(89, 98).trim(): null

2024-07-12 23:49:41 - [TEST_STEP][PASSED] - out.println("payID: " + payID): null

2024-07-12 23:49:41 - [TEST_STEP][PASSED] - click(findTestObject(path_SearchResults + "button_PaymentID")): Object: 'Object Repository/AdminSuiteBootstrap_Pages/VT_Bootstrap/SearchResults/button_PaymentID' is clicked on

2024-07-12 23:49:42 - [MESSAGE][PASSED] - Object: 'Object Repository/AdminSuiteBootstrap_Pages/VT_Bootstrap/SearchResults/button_PaymentID' is clicked on

2024-07-12 23:49:42 - [TEST_STEP][PASSED] - verifyTextPresent("Tender Type", true): Text 'Tender Type' is present on page  using regular expression

2024-07-12 23:49:43 - [MESSAGE][PASSED] - Text 'Tender Type' is present on page  using regular expression

2024-07-12 23:49:43 - [TEST_STEP][PASSED] - verifyTextPresent("Credit Card", true): Text 'Credit Card' is present on page  using regular expression

2024-07-12 23:49:43 - [MESSAGE][PASSED] - Text 'Credit Card' is present on page  using regular expression

2024-07-12 23:49:43 - [TEST_STEP][PASSED] - verifyTextPresent("Transaction Type", true): Text 'Transaction Type' is present on page  using regular expression

2024-07-12 23:49:44 - [MESSAGE][PASSED] - Text 'Transaction Type' is present on page  using regular expression

2024-07-12 23:49:44 - [TEST_STEP][PASSED] - verifyTextPresent("Authorization", true): Text 'Authorization' is present on page  using regular expression

2024-07-12 23:49:44 - [MESSAGE][PASSED] - Text 'Authorization' is present on page  using regular expression

2024-07-12 23:49:44 - [TEST_STEP][PASSED] - verifyTextPresent("Transaction Posted by", true): Text 'Transaction Posted by' is present on page  using regular expression

2024-07-12 23:49:44 - [MESSAGE][PASSED] - Text 'Transaction Posted by' is present on page  using regular expression

2024-07-12 23:49:44 - [TEST_STEP][PASSED] - verifyTextPresent("iahmed", true): Text 'iahmed' is present on page  using regular expression

2024-07-12 23:49:45 - [MESSAGE][PASSED] - Text 'iahmed' is present on page  using regular expression

2024-07-12 23:49:45 - [TEST_STEP][PASSED] - click(findTestObject(path_TranxDetails + "a_Capture this transaction")): Object: 'Object Repository/AdminSuiteBootstrap_Pages/VT_Bootstrap/TransactionDetails/a_Capture this transaction' is clicked on

2024-07-12 23:49:46 - [MESSAGE][PASSED] - Object: 'Object Repository/AdminSuiteBootstrap_Pages/VT_Bootstrap/TransactionDetails/a_Capture this transaction' is clicked on

2024-07-12 23:49:46 - [TEST_STEP][PASSED] - verifyTextPresent("Credit Card Capture", true): Text 'Credit Card Capture' is present on page  using regular expression

2024-07-12 23:49:46 - [MESSAGE][PASSED] - Text 'Credit Card Capture' is present on page  using regular expression

2024-07-12 23:49:46 - [TEST_STEP][PASSED] - captureAmount = findTestData(dataFile).getValue("CaptureAmount", row): null

2024-07-12 23:49:46 - [TEST_STEP][PASSED] - setText(findTestObject(path_SaleKB + "input_amountCapture"), captureAmount): Text '10.50' is set on object 'Object Repository/AdminSuiteBootstrap_Pages/VT_Bootstrap/SaleKeyboard/input_amountCapture'

2024-07-12 23:49:47 - [MESSAGE][PASSED] - Text '10.50' is set on object 'Object Repository/AdminSuiteBootstrap_Pages/VT_Bootstrap/SaleKeyboard/input_amountCapture'

2024-07-12 23:49:47 - [TEST_STEP][PASSED] - click(findTestObject(path_TranxDetails + "button_Submit")): Object: 'Object Repository/AdminSuiteBootstrap_Pages/VT_Bootstrap/TransactionDetails/button_Submit' is clicked on

2024-07-12 23:49:49 - [MESSAGE][PASSED] - Object: 'Object Repository/AdminSuiteBootstrap_Pages/VT_Bootstrap/TransactionDetails/button_Submit' is clicked on

2024-07-12 23:49:49 - [TEST_STEP][PASSED] - if (verifyTextPresent("Transaction Successful", true)): null

2024-07-12 23:49:49 - [MESSAGE][PASSED] - Text 'Transaction Successful' is present on page  using regular expression

2024-07-12 23:49:49 - [TEST_STEP][PASSED] - verifyTextPresent("Transaction Type", true): Text 'Transaction Type' is present on page  using regular expression

2024-07-12 23:49:50 - [MESSAGE][PASSED] - Text 'Transaction Type' is present on page  using regular expression

2024-07-12 23:49:50 - [TEST_STEP][PASSED] - verifyTextPresent("Capture", true): Text 'Capture' is present on page  using regular expression

2024-07-12 23:49:50 - [MESSAGE][PASSED] - Text 'Capture' is present on page  using regular expression

2024-07-12 23:49:50 - [TEST_STEP][PASSED] - verifyTextPresent("Amount", true): Text 'Amount' is present on page  using regular expression

2024-07-12 23:49:50 - [MESSAGE][PASSED] - Text 'Amount' is present on page  using regular expression

2024-07-12 23:49:50 - [TEST_STEP][PASSED] - verifyTextPresent(captureAmount, true): Text '10.50' is present on page  using regular expression

2024-07-12 23:49:51 - [MESSAGE][PASSED] - Text '10.50' is present on page  using regular expression

2024-07-12 23:49:51 - [TEST_STEP][PASSED] - sdf = getText(findTestObject(path_Receipt + "td_AutoNoC031622113752957Ahm")): Text of object 'Object Repository/AdminSuiteBootstrap_Pages/VT_Bootstrap/Receipt/td_AutoNoC031622113752957Ahm' is: 'AutoDua071224234204843Ahm'

2024-07-12 23:49:51 - [MESSAGE][PASSED] - Text of object 'Object Repository/AdminSuiteBootstrap_Pages/VT_Bootstrap/Receipt/td_AutoNoC031622113752957Ahm' is: 'AutoDua071224234204843Ahm'

2024-07-12 23:49:51 - [TEST_STEP][PASSED] - out.println("sdf: " + sdf): null

2024-07-12 23:49:51 - [TEST_STEP][PASSED] - remID = sdf: null

2024-07-12 23:49:51 - [TEST_STEP][PASSED] - out.println("remID: " + remID): null

2024-07-12 23:49:51 - [TEST_STEP][PASSED] - click(findTestObject(path_Receipt + "button_Continue")): Object: 'Object Repository/AdminSuiteBootstrap_Pages/VT_Bootstrap/Receipt/button_Continue' is clicked on

2024-07-12 23:49:52 - [MESSAGE][PASSED] - Object: 'Object Repository/AdminSuiteBootstrap_Pages/VT_Bootstrap/Receipt/button_Continue' is clicked on

2024-07-12 23:49:52 - [TEST_STEP][PASSED] - click(findTestObject(path_VT + "a_Search Transactions")): Object: 'Object Repository/AdminSuiteBootstrap_Pages/VT_Bootstrap/IssueTransactions/a_Search Transactions' is clicked on

2024-07-12 23:49:53 - [MESSAGE][PASSED] - Object: 'Object Repository/AdminSuiteBootstrap_Pages/VT_Bootstrap/IssueTransactions/a_Search Transactions' is clicked on

2024-07-12 23:49:53 - [TEST_STEP][PASSED] - setText(findTestObject(path_CCSearch + "input_Search By_searchValue"), remID): Text 'AutoDua071224234204843Ahm' is set on object 'Object Repository/AdminSuiteBootstrap_Pages/VT_Bootstrap/CCCreditOrVoidSearch/input_Search By_searchValue'

2024-07-12 23:49:54 - [MESSAGE][PASSED] - Text 'AutoDua071224234204843Ahm' is set on object 'Object Repository/AdminSuiteBootstrap_Pages/VT_Bootstrap/CCCreditOrVoidSearch/input_Search By_searchValue'

2024-07-12 23:49:54 - [TEST_STEP][PASSED] - click(findTestObject(path_CCSearch + "option_Capture (Sale)")): Object: 'Object Repository/AdminSuiteBootstrap_Pages/VT_Bootstrap/CCCreditOrVoidSearch/option_Capture (Sale)' is clicked on

2024-07-12 23:49:54 - [MESSAGE][PASSED] - Object: 'Object Repository/AdminSuiteBootstrap_Pages/VT_Bootstrap/CCCreditOrVoidSearch/option_Capture (Sale)' is clicked on

2024-07-12 23:49:54 - [TEST_STEP][PASSED] - click(findTestObject(path_CCSearch + "button_Submit")): Object: 'Object Repository/AdminSuiteBootstrap_Pages/VT_Bootstrap/CCCreditOrVoidSearch/button_Submit' is clicked on

2024-07-12 23:49:55 - [MESSAGE][PASSED] - Object: 'Object Repository/AdminSuiteBootstrap_Pages/VT_Bootstrap/CCCreditOrVoidSearch/button_Submit' is clicked on

2024-07-12 23:49:55 - [TEST_STEP][PASSED] - fgr = getText(findTestObject(path_SearchResults + "div_Payment ID")): Text of object 'Object Repository/AdminSuiteBootstrap_Pages/VT_Bootstrap/SearchResults/div_Payment ID' is: 'Payment ID
Payment Type
Transaction Type
Remittance ID
Name
Total Amount
End Date
Status
12154960 Credit Card Capture AutoDua071224234204843Ahm Tulsi Raman $10.50 07/12/2024 Success'

2024-07-12 23:49:55 - [MESSAGE][PASSED] - Text of object 'Object Repository/AdminSuiteBootstrap_Pages/VT_Bootstrap/SearchResults/div_Payment ID' is: 'Payment ID
Payment Type
Transaction Type
Remittance ID
Name
Total Amount
End Date
Status
12154960 Credit Card Capture AutoDua071224234204843Ahm Tulsi Raman $10.50 07/12/2024 Success'

2024-07-12 23:49:55 - [TEST_STEP][PASSED] - payID = substring(89, 98).trim(): null

2024-07-12 23:49:55 - [TEST_STEP][PASSED] - out.println("payID: " + payID): null

2024-07-12 23:49:55 - [TEST_STEP][PASSED] - click(findTestObject(path_SearchResults + "button_PaymentID")): Object: 'Object Repository/AdminSuiteBootstrap_Pages/VT_Bootstrap/SearchResults/button_PaymentID' is clicked on

2024-07-12 23:49:56 - [MESSAGE][PASSED] - Object: 'Object Repository/AdminSuiteBootstrap_Pages/VT_Bootstrap/SearchResults/button_PaymentID' is clicked on

2024-07-12 23:49:56 - [TEST_STEP][PASSED] - click(findTestObject(path_TranxDetails + "a_Void this transaction")): Object: 'Object Repository/AdminSuiteBootstrap_Pages/VT_Bootstrap/TransactionDetails/a_Void this transaction' is clicked on

2024-07-12 23:49:57 - [MESSAGE][PASSED] - Object: 'Object Repository/AdminSuiteBootstrap_Pages/VT_Bootstrap/TransactionDetails/a_Void this transaction' is clicked on

2024-07-12 23:49:57 - [TEST_STEP][PASSED] - verifyTextPresent("The following transaction will be voided", true): Text 'The following transaction will be voided' is present on page  using regular expression

2024-07-12 23:49:58 - [MESSAGE][PASSED] - Text 'The following transaction will be voided' is present on page  using regular expression

2024-07-12 23:49:58 - [TEST_STEP][PASSED] - verifyTextPresent("Please press submit to continue", true): Text 'Please press submit to continue' is present on page  using regular expression

2024-07-12 23:49:58 - [MESSAGE][PASSED] - Text 'Please press submit to continue' is present on page  using regular expression

2024-07-12 23:49:58 - [TEST_STEP][PASSED] - click(findTestObject(path_TranxDetails + "button_Submit")): Object: 'Object Repository/AdminSuiteBootstrap_Pages/VT_Bootstrap/TransactionDetails/button_Submit' is clicked on

2024-07-12 23:49:59 - [MESSAGE][PASSED] - Object: 'Object Repository/AdminSuiteBootstrap_Pages/VT_Bootstrap/TransactionDetails/button_Submit' is clicked on

2024-07-12 23:49:59 - [TEST_STEP][PASSED] - verifyTextPresent("Transaction Successful", true): Text 'Transaction Successful' is present on page  using regular expression

2024-07-12 23:50:00 - [MESSAGE][PASSED] - Text 'Transaction Successful' is present on page  using regular expression

2024-07-12 23:50:00 - [TEST_STEP][PASSED] - verifyTextPresent("Transaction Type", true): Text 'Transaction Type' is present on page  using regular expression

2024-07-12 23:50:00 - [MESSAGE][PASSED] - Text 'Transaction Type' is present on page  using regular expression

2024-07-12 23:50:00 - [TEST_STEP][PASSED] - verifyTextPresent("Void", true): Text 'Void' is present on page  using regular expression

2024-07-12 23:50:00 - [MESSAGE][PASSED] - Text 'Void' is present on page  using regular expression

2024-07-12 23:50:00 - [TEST_STEP][PASSED] - closeBrowser(): Browser is closed

2024-07-12 23:50:01 - [MESSAGE][PASSED] - Browser is closed

2024-07-12 23:50:01 - [TEST_STEP][PASSED] - ExecuteTC = findTestData(dataFile).getValue("Execute", row): null

2024-07-12 23:50:01 - [TEST_STEP][PASSED] - out.println("Value of Execute is : " + ExecuteTC): null

2024-07-12 23:50:01 - [TEST_STEP][PASSED] - switch (executionProfile): null

2024-07-12 23:50:01 - [TEST_STEP][PASSED] - case "QA2Profile":: null

2024-07-12 23:50:01 - [TEST_STEP][PASSED] - appName = findTestData(dataFile).getValue("AppNameQA", row): null

2024-07-12 23:50:02 - [TEST_STEP][PASSED] - appID = findTestData(dataFile).getValue("AppIDQA", row): null

2024-07-12 23:50:02 - [TEST_STEP][PASSED] - break: null

2024-07-12 23:50:02 - [TEST_STEP][PASSED] - hrefAppID = li_1 + appID + li_2: null

2024-07-12 23:50:02 - [TEST_STEP][PASSED] - hrefApp = li_1 + appID + "/": null

2024-07-12 23:50:02 - [TEST_STEP][PASSED] - println("hrefApp : " + hrefApp): null

2024-07-12 23:50:02 - [TEST_STEP][PASSED] - if (ExecuteTC.equalsIgnoreCase("Y")): null

2024-07-12 23:50:02 - [TEST_STEP][PASSED] - out.println("Begin Record Number: " + row): null

2024-07-12 23:50:02 - [TEST_STEP][PASSED] - today = new java.util.Date(): null

2024-07-12 23:50:02 - [TEST_STEP][PASSED] - println(today): null

2024-07-12 23:50:02 - [TEST_STEP][PASSED] - datText = today: null

2024-07-12 23:50:02 - [TEST_STEP][PASSED] - adminSuiteBootstrap.loginFunctionality.login_AdminSuite(): adminSuiteBootstrap.loginFunctionality.login_AdminSuite is PASSED

2024-07-12 23:50:02 - [MESSAGE][INFO] - Starting 'Chrome' driver

2024-07-12 23:50:02 - [MESSAGE][INFO] - User set preference: ['acceptInsecureCerts', 'true']

2024-07-12 23:50:02 - [MESSAGE][INFO] - Action delay is set to 0 milliseconds

2024-07-12 23:50:03 - [MESSAGE][PASSED] - Browser is opened with url: 'https://qa2.velocitypayment.com/admin/imtiaz'

2024-07-12 23:50:05 - [MESSAGE][PASSED] - Current window maximized

2024-07-12 23:50:05 - [MESSAGE][PASSED] - Object 'Object Repository/Login_Page/Login_Username_Okta' is present

2024-07-12 23:50:06 - [MESSAGE][PASSED] - Text 'iahmed' is set on object 'Object Repository/Login_Page/Login_Username_Okta'

2024-07-12 23:50:07 - [MESSAGE][PASSED] - Text 'Hello!6666666' is set on object 'Object Repository/Login_Page/Login_Password_Okta'

2024-07-12 23:50:07 - [MESSAGE][PASSED] - Object: 'Object Repository/Login_Page/Login_Submit_Okta' is clicked on

2024-07-12 23:50:07 - [MESSAGE][PASSED] - adminSuiteBootstrap.loginFunctionality.login_AdminSuite is PASSED

2024-07-12 23:50:07 - [TEST_STEP][PASSED] - click(findTestObject(path_Dashboard + appName)): Object: 'Object Repository/AdminSuiteBootstrap_Pages/Dashboard_Bootstrap/a_Access AutoDualCFtpQA' is clicked on

2024-07-12 23:50:15 - [MESSAGE][PASSED] - Object: 'Object Repository/AdminSuiteBootstrap_Pages/Dashboard_Bootstrap/a_Access AutoDualCFtpQA' is clicked on

2024-07-12 23:50:15 - [TEST_STEP][PASSED] - click(findTestObject(path_VT + "button_Authorization Only")): Object: 'Object Repository/AdminSuiteBootstrap_Pages/VT_Bootstrap/IssueTransactions/button_Authorization Only' is clicked on

2024-07-12 23:50:15 - [MESSAGE][PASSED] - Object: 'Object Repository/AdminSuiteBootstrap_Pages/VT_Bootstrap/IssueTransactions/button_Authorization Only' is clicked on

2024-07-12 23:50:15 - [TEST_STEP][PASSED] - authOnlyKeyboardEntryLink = modifyObjectProperty(findTestObject(path_VT + "a_KeyboardEntry_Sale"), "href", "equals", hrefAppID, true): Modify property of object successfully

2024-07-12 23:50:15 - [MESSAGE][PASSED] - Modify property of object successfully

2024-07-12 23:50:15 - [TEST_STEP][PASSED] - click(authOnlyKeyboardEntryLink): Object: 'Object Repository/AdminSuiteBootstrap_Pages/VT_Bootstrap/IssueTransactions/a_KeyboardEntry_Sale' is clicked on

2024-07-12 23:50:16 - [MESSAGE][PASSED] - Object: 'Object Repository/AdminSuiteBootstrap_Pages/VT_Bootstrap/IssueTransactions/a_KeyboardEntry_Sale' is clicked on

2024-07-12 23:50:16 - [TEST_STEP][PASSED] - adminSuiteBootstrap.virtualTerminalSetData.saleKeyboard_DataDriven(row, dataFile): adminSuiteBootstrap.virtualTerminalSetData.saleKeyboard_DataDriven is PASSED

2024-07-12 23:50:20 - [MESSAGE][PASSED] - Text 'Janaki James' is set on object 'Object Repository/AdminSuiteBootstrap_Pages/VT_Bootstrap/SaleKeyboard/input_cardName'

2024-07-12 23:50:21 - [MESSAGE][PASSED] - All options with value 'MOTO' are selected in object 'Object Repository/AdminSuiteBootstrap_Pages/VT_Bootstrap/SaleKeyboard/select_transactionCategory'  using regular expression

2024-07-12 23:50:21 - [MESSAGE][PASSED] - Execute JavaScript 'arguments[0].value ='371449635392376' ' successfully

2024-07-12 23:50:22 - [MESSAGE][PASSED] - Execute JavaScript 'arguments[0].value ='123' ' successfully

2024-07-12 23:50:23 - [MESSAGE][PASSED] - All options with value '12' are selected in object 'Object Repository/AdminSuiteBootstrap_Pages/VT_Bootstrap/SaleKeyboard/select_MM'  using regular expression

2024-07-12 23:50:24 - [MESSAGE][PASSED] - All options with value '2025' are selected in object 'Object Repository/AdminSuiteBootstrap_Pages/VT_Bootstrap/SaleKeyboard/select_YYYY'  using regular expression

2024-07-12 23:50:25 - [MESSAGE][PASSED] - Text '550 Swan Lake' is set on object 'Object Repository/AdminSuiteBootstrap_Pages/VT_Bootstrap/SaleKeyboard/input__address'

2024-07-12 23:50:25 - [MESSAGE][PASSED] - Text 'Suite 500' is set on object 'Object Repository/AdminSuiteBootstrap_Pages/VT_Bootstrap/SaleKeyboard/input__address2'

2024-07-12 23:50:26 - [MESSAGE][PASSED] - Text '22201' is set on object 'Object Repository/AdminSuiteBootstrap_Pages/VT_Bootstrap/SaleKeyboard/input__zip'

2024-07-12 23:50:27 - [MESSAGE][PASSED] - Text '' is set on object 'Object Repository/AdminSuiteBootstrap_Pages/VT_Bootstrap/SaleKeyboard/input_emailAddress'

2024-07-12 23:50:28 - [MESSAGE][PASSED] - Text '' is set on object 'Object Repository/AdminSuiteBootstrap_Pages/VT_Bootstrap/SaleKeyboard/input_smsNumber'

2024-07-12 23:50:29 - [MESSAGE][PASSED] - Text '10.50' is set on object 'Object Repository/AdminSuiteBootstrap_Pages/VT_Bootstrap/SaleKeyboard/input_amount'

2024-07-12 23:50:30 - [MESSAGE][PASSED] - Text 'Australia' is set on object 'Object Repository/AdminSuiteBootstrap_Pages/VT_Bootstrap/SaleKeyboard/input_userDefined1'

2024-07-12 23:50:31 - [MESSAGE][PASSED] - Text 'Denmark' is set on object 'Object Repository/AdminSuiteBootstrap_Pages/VT_Bootstrap/SaleKeyboard/input_userDefined2'

2024-07-12 23:50:31 - [MESSAGE][PASSED] - Text 'Sweden' is set on object 'Object Repository/AdminSuiteBootstrap_Pages/VT_Bootstrap/SaleKeyboard/input_userDefined3'

2024-07-12 23:50:32 - [MESSAGE][PASSED] - Text 'Austria' is set on object 'Object Repository/AdminSuiteBootstrap_Pages/VT_Bootstrap/SaleKeyboard/input_userDefined4'

2024-07-12 23:50:33 - [MESSAGE][PASSED] - All options with label 'Orange' are selected in object 'Object Repository/AdminSuiteBootstrap_Pages/VT_Bootstrap/SaleKeyboard/select_UDF5_DropDown'  using regular expression

2024-07-12 23:50:34 - [MESSAGE][PASSED] - All options with label 'Yellow' are selected in object 'Object Repository/AdminSuiteBootstrap_Pages/VT_Bootstrap/SaleKeyboard/select_UDF6_DropDown'  using regular expression

2024-07-12 23:50:35 - [MESSAGE][PASSED] - Text 'Norway' is set on object 'Object Repository/AdminSuiteBootstrap_Pages/VT_Bootstrap/SaleKeyboard/input_userDefined7'

2024-07-12 23:50:36 - [MESSAGE][PASSED] - Text 'Netherlands' is set on object 'Object Repository/AdminSuiteBootstrap_Pages/VT_Bootstrap/SaleKeyboard/input_userDefined8'

2024-07-12 23:50:36 - [MESSAGE][PASSED] - Text 'Switzerland' is set on object 'Object Repository/AdminSuiteBootstrap_Pages/VT_Bootstrap/SaleKeyboard/input_userDefined9'

2024-07-12 23:50:37 - [MESSAGE][PASSED] - Text 'France' is set on object 'Object Repository/AdminSuiteBootstrap_Pages/VT_Bootstrap/SaleKeyboard/input_userDefined10'

2024-07-12 23:50:39 - [MESSAGE][PASSED] - Object: 'Object Repository/AdminSuiteBootstrap_Pages/VT_Bootstrap/SaleKeyboard/button_Submit' is clicked on

2024-07-12 23:50:39 - [MESSAGE][PASSED] - adminSuiteBootstrap.virtualTerminalSetData.saleKeyboard_DataDriven is PASSED

2024-07-12 23:50:39 - [TEST_STEP][PASSED] - if (verifyTextPresent("Transaction Successful", true)): null

2024-07-12 23:50:39 - [MESSAGE][PASSED] - Text 'Transaction Successful' is present on page  using regular expression

2024-07-12 23:50:39 - [TEST_STEP][PASSED] - sdf = getText(findTestObject(path_Receipt + "td_AutoNoC031622113752957Ahm")): Text of object 'Object Repository/AdminSuiteBootstrap_Pages/VT_Bootstrap/Receipt/td_AutoNoC031622113752957Ahm' is: 'AutoDua071224234307646Ahm'

2024-07-12 23:50:40 - [MESSAGE][PASSED] - Text of object 'Object Repository/AdminSuiteBootstrap_Pages/VT_Bootstrap/Receipt/td_AutoNoC031622113752957Ahm' is: 'AutoDua071224234307646Ahm'

2024-07-12 23:50:40 - [TEST_STEP][PASSED] - out.println("sdf: " + sdf): null

2024-07-12 23:50:40 - [TEST_STEP][PASSED] - remID = sdf: null

2024-07-12 23:50:40 - [TEST_STEP][PASSED] - out.println("remID: " + remID): null

2024-07-12 23:50:40 - [TEST_STEP][PASSED] - click(findTestObject(path_Receipt + "button_Continue")): Object: 'Object Repository/AdminSuiteBootstrap_Pages/VT_Bootstrap/Receipt/button_Continue' is clicked on

2024-07-12 23:50:40 - [MESSAGE][PASSED] - Object: 'Object Repository/AdminSuiteBootstrap_Pages/VT_Bootstrap/Receipt/button_Continue' is clicked on

2024-07-12 23:50:40 - [TEST_STEP][PASSED] - click(findTestObject(path_VT + "a_Search Transactions")): Object: 'Object Repository/AdminSuiteBootstrap_Pages/VT_Bootstrap/IssueTransactions/a_Search Transactions' is clicked on

2024-07-12 23:50:41 - [MESSAGE][PASSED] - Object: 'Object Repository/AdminSuiteBootstrap_Pages/VT_Bootstrap/IssueTransactions/a_Search Transactions' is clicked on

2024-07-12 23:50:41 - [TEST_STEP][PASSED] - setText(findTestObject(path_CCSearch + "input_Search By_searchValue"), remID): Text 'AutoDua071224234307646Ahm' is set on object 'Object Repository/AdminSuiteBootstrap_Pages/VT_Bootstrap/CCCreditOrVoidSearch/input_Search By_searchValue'

2024-07-12 23:50:42 - [MESSAGE][PASSED] - Text 'AutoDua071224234307646Ahm' is set on object 'Object Repository/AdminSuiteBootstrap_Pages/VT_Bootstrap/CCCreditOrVoidSearch/input_Search By_searchValue'

2024-07-12 23:50:42 - [TEST_STEP][PASSED] - click(findTestObject(path_CCSearch + "option_Authorization")): Object: 'Object Repository/AdminSuiteBootstrap_Pages/VT_Bootstrap/CCCreditOrVoidSearch/option_Authorization' is clicked on

2024-07-12 23:50:43 - [MESSAGE][PASSED] - Object: 'Object Repository/AdminSuiteBootstrap_Pages/VT_Bootstrap/CCCreditOrVoidSearch/option_Authorization' is clicked on

2024-07-12 23:50:43 - [TEST_STEP][PASSED] - click(findTestObject(path_CCSearch + "button_Submit")): Object: 'Object Repository/AdminSuiteBootstrap_Pages/VT_Bootstrap/CCCreditOrVoidSearch/button_Submit' is clicked on

2024-07-12 23:50:43 - [MESSAGE][PASSED] - Object: 'Object Repository/AdminSuiteBootstrap_Pages/VT_Bootstrap/CCCreditOrVoidSearch/button_Submit' is clicked on

2024-07-12 23:50:43 - [TEST_STEP][PASSED] - fgr = getText(findTestObject(path_SearchResults + "div_Payment ID")): Text of object 'Object Repository/AdminSuiteBootstrap_Pages/VT_Bootstrap/SearchResults/div_Payment ID' is: 'Payment ID
Payment Type
Transaction Type
Remittance ID
Name
Total Amount
End Date
Status
12154963 Credit Card Authorization AutoDua071224234307646Ahm Janaki James $10.50 07/12/2024 Success'

2024-07-12 23:50:44 - [MESSAGE][PASSED] - Text of object 'Object Repository/AdminSuiteBootstrap_Pages/VT_Bootstrap/SearchResults/div_Payment ID' is: 'Payment ID
Payment Type
Transaction Type
Remittance ID
Name
Total Amount
End Date
Status
12154963 Credit Card Authorization AutoDua071224234307646Ahm Janaki James $10.50 07/12/2024 Success'

2024-07-12 23:50:44 - [TEST_STEP][PASSED] - payID = substring(89, 98).trim(): null

2024-07-12 23:50:44 - [TEST_STEP][PASSED] - out.println("payID: " + payID): null

2024-07-12 23:50:44 - [TEST_STEP][PASSED] - click(findTestObject(path_SearchResults + "button_PaymentID")): Object: 'Object Repository/AdminSuiteBootstrap_Pages/VT_Bootstrap/SearchResults/button_PaymentID' is clicked on

2024-07-12 23:50:45 - [MESSAGE][PASSED] - Object: 'Object Repository/AdminSuiteBootstrap_Pages/VT_Bootstrap/SearchResults/button_PaymentID' is clicked on

2024-07-12 23:50:45 - [TEST_STEP][PASSED] - verifyTextPresent("Tender Type", true): Text 'Tender Type' is present on page  using regular expression

2024-07-12 23:50:45 - [MESSAGE][PASSED] - Text 'Tender Type' is present on page  using regular expression

2024-07-12 23:50:45 - [TEST_STEP][PASSED] - verifyTextPresent("Credit Card", true): Text 'Credit Card' is present on page  using regular expression

2024-07-12 23:50:46 - [MESSAGE][PASSED] - Text 'Credit Card' is present on page  using regular expression

2024-07-12 23:50:46 - [TEST_STEP][PASSED] - verifyTextPresent("Transaction Type", true): Text 'Transaction Type' is present on page  using regular expression

2024-07-12 23:50:46 - [MESSAGE][PASSED] - Text 'Transaction Type' is present on page  using regular expression

2024-07-12 23:50:46 - [TEST_STEP][PASSED] - verifyTextPresent("Authorization", true): Text 'Authorization' is present on page  using regular expression

2024-07-12 23:50:46 - [MESSAGE][PASSED] - Text 'Authorization' is present on page  using regular expression

2024-07-12 23:50:46 - [TEST_STEP][PASSED] - verifyTextPresent("Transaction Posted by", true): Text 'Transaction Posted by' is present on page  using regular expression

2024-07-12 23:50:47 - [MESSAGE][PASSED] - Text 'Transaction Posted by' is present on page  using regular expression

2024-07-12 23:50:47 - [TEST_STEP][PASSED] - verifyTextPresent("iahmed", true): Text 'iahmed' is present on page  using regular expression

2024-07-12 23:50:47 - [MESSAGE][PASSED] - Text 'iahmed' is present on page  using regular expression

2024-07-12 23:50:47 - [TEST_STEP][PASSED] - click(findTestObject(path_TranxDetails + "a_Capture this transaction")): Object: 'Object Repository/AdminSuiteBootstrap_Pages/VT_Bootstrap/TransactionDetails/a_Capture this transaction' is clicked on

2024-07-12 23:50:48 - [MESSAGE][PASSED] - Object: 'Object Repository/AdminSuiteBootstrap_Pages/VT_Bootstrap/TransactionDetails/a_Capture this transaction' is clicked on

2024-07-12 23:50:48 - [TEST_STEP][PASSED] - verifyTextPresent("Credit Card Capture", true): Text 'Credit Card Capture' is present on page  using regular expression

2024-07-12 23:50:49 - [MESSAGE][PASSED] - Text 'Credit Card Capture' is present on page  using regular expression

2024-07-12 23:50:49 - [TEST_STEP][PASSED] - captureAmount = findTestData(dataFile).getValue("CaptureAmount", row): null

2024-07-12 23:50:49 - [TEST_STEP][PASSED] - setText(findTestObject(path_SaleKB + "input_amountCapture"), captureAmount): Text '8.50' is set on object 'Object Repository/AdminSuiteBootstrap_Pages/VT_Bootstrap/SaleKeyboard/input_amountCapture'

2024-07-12 23:50:49 - [MESSAGE][PASSED] - Text '8.50' is set on object 'Object Repository/AdminSuiteBootstrap_Pages/VT_Bootstrap/SaleKeyboard/input_amountCapture'

2024-07-12 23:50:49 - [TEST_STEP][PASSED] - click(findTestObject(path_TranxDetails + "button_Submit")): Object: 'Object Repository/AdminSuiteBootstrap_Pages/VT_Bootstrap/TransactionDetails/button_Submit' is clicked on

2024-07-12 23:50:51 - [MESSAGE][PASSED] - Object: 'Object Repository/AdminSuiteBootstrap_Pages/VT_Bootstrap/TransactionDetails/button_Submit' is clicked on

2024-07-12 23:50:51 - [TEST_STEP][PASSED] - if (verifyTextPresent("Transaction Successful", true)): null

2024-07-12 23:50:52 - [MESSAGE][PASSED] - Text 'Transaction Successful' is present on page  using regular expression

2024-07-12 23:50:52 - [TEST_STEP][PASSED] - verifyTextPresent("Transaction Type", true): Text 'Transaction Type' is present on page  using regular expression

2024-07-12 23:50:52 - [MESSAGE][PASSED] - Text 'Transaction Type' is present on page  using regular expression

2024-07-12 23:50:52 - [TEST_STEP][PASSED] - verifyTextPresent("Capture", true): Text 'Capture' is present on page  using regular expression

2024-07-12 23:50:52 - [MESSAGE][PASSED] - Text 'Capture' is present on page  using regular expression

2024-07-12 23:50:52 - [TEST_STEP][PASSED] - verifyTextPresent("Amount", true): Text 'Amount' is present on page  using regular expression

2024-07-12 23:50:53 - [MESSAGE][PASSED] - Text 'Amount' is present on page  using regular expression

2024-07-12 23:50:53 - [TEST_STEP][PASSED] - verifyTextPresent(captureAmount, true): Text '8.50' is present on page  using regular expression

2024-07-12 23:50:53 - [MESSAGE][PASSED] - Text '8.50' is present on page  using regular expression

2024-07-12 23:50:53 - [TEST_STEP][PASSED] - sdf = getText(findTestObject(path_Receipt + "td_AutoNoC031622113752957Ahm")): Text of object 'Object Repository/AdminSuiteBootstrap_Pages/VT_Bootstrap/Receipt/td_AutoNoC031622113752957Ahm' is: 'AutoDua071224234307646Ahm'

2024-07-12 23:50:53 - [MESSAGE][PASSED] - Text of object 'Object Repository/AdminSuiteBootstrap_Pages/VT_Bootstrap/Receipt/td_AutoNoC031622113752957Ahm' is: 'AutoDua071224234307646Ahm'

2024-07-12 23:50:53 - [TEST_STEP][PASSED] - out.println("sdf: " + sdf): null

2024-07-12 23:50:53 - [TEST_STEP][PASSED] - remID = sdf: null

2024-07-12 23:50:53 - [TEST_STEP][PASSED] - out.println("remID: " + remID): null

2024-07-12 23:50:53 - [TEST_STEP][PASSED] - click(findTestObject(path_Receipt + "button_Continue")): Object: 'Object Repository/AdminSuiteBootstrap_Pages/VT_Bootstrap/Receipt/button_Continue' is clicked on

2024-07-12 23:50:54 - [MESSAGE][PASSED] - Object: 'Object Repository/AdminSuiteBootstrap_Pages/VT_Bootstrap/Receipt/button_Continue' is clicked on

2024-07-12 23:50:54 - [TEST_STEP][PASSED] - click(findTestObject(path_VT + "a_Search Transactions")): Object: 'Object Repository/AdminSuiteBootstrap_Pages/VT_Bootstrap/IssueTransactions/a_Search Transactions' is clicked on

2024-07-12 23:50:55 - [MESSAGE][PASSED] - Object: 'Object Repository/AdminSuiteBootstrap_Pages/VT_Bootstrap/IssueTransactions/a_Search Transactions' is clicked on

2024-07-12 23:50:55 - [TEST_STEP][PASSED] - setText(findTestObject(path_CCSearch + "input_Search By_searchValue"), remID): Text 'AutoDua071224234307646Ahm' is set on object 'Object Repository/AdminSuiteBootstrap_Pages/VT_Bootstrap/CCCreditOrVoidSearch/input_Search By_searchValue'

2024-07-12 23:50:56 - [MESSAGE][PASSED] - Text 'AutoDua071224234307646Ahm' is set on object 'Object Repository/AdminSuiteBootstrap_Pages/VT_Bootstrap/CCCreditOrVoidSearch/input_Search By_searchValue'

2024-07-12 23:50:56 - [TEST_STEP][PASSED] - click(findTestObject(path_CCSearch + "option_Capture (Sale)")): Object: 'Object Repository/AdminSuiteBootstrap_Pages/VT_Bootstrap/CCCreditOrVoidSearch/option_Capture (Sale)' is clicked on

2024-07-12 23:50:56 - [MESSAGE][PASSED] - Object: 'Object Repository/AdminSuiteBootstrap_Pages/VT_Bootstrap/CCCreditOrVoidSearch/option_Capture (Sale)' is clicked on

2024-07-12 23:50:56 - [TEST_STEP][PASSED] - click(findTestObject(path_CCSearch + "button_Submit")): Object: 'Object Repository/AdminSuiteBootstrap_Pages/VT_Bootstrap/CCCreditOrVoidSearch/button_Submit' is clicked on

2024-07-12 23:50:57 - [MESSAGE][PASSED] - Object: 'Object Repository/AdminSuiteBootstrap_Pages/VT_Bootstrap/CCCreditOrVoidSearch/button_Submit' is clicked on

2024-07-12 23:50:57 - [TEST_STEP][PASSED] - fgr = getText(findTestObject(path_SearchResults + "div_Payment ID")): Text of object 'Object Repository/AdminSuiteBootstrap_Pages/VT_Bootstrap/SearchResults/div_Payment ID' is: 'Payment ID
Payment Type
Transaction Type
Remittance ID
Name
Total Amount
End Date
Status
12154965 Credit Card Capture AutoDua071224234307646Ahm Janaki James $8.50 07/12/2024 Success'

2024-07-12 23:50:58 - [MESSAGE][PASSED] - Text of object 'Object Repository/AdminSuiteBootstrap_Pages/VT_Bootstrap/SearchResults/div_Payment ID' is: 'Payment ID
Payment Type
Transaction Type
Remittance ID
Name
Total Amount
End Date
Status
12154965 Credit Card Capture AutoDua071224234307646Ahm Janaki James $8.50 07/12/2024 Success'

2024-07-12 23:50:58 - [TEST_STEP][PASSED] - payID = substring(89, 98).trim(): null

2024-07-12 23:50:58 - [TEST_STEP][PASSED] - out.println("payID: " + payID): null

2024-07-12 23:50:58 - [TEST_STEP][PASSED] - click(findTestObject(path_SearchResults + "button_PaymentID")): Object: 'Object Repository/AdminSuiteBootstrap_Pages/VT_Bootstrap/SearchResults/button_PaymentID' is clicked on

2024-07-12 23:50:58 - [MESSAGE][PASSED] - Object: 'Object Repository/AdminSuiteBootstrap_Pages/VT_Bootstrap/SearchResults/button_PaymentID' is clicked on

2024-07-12 23:50:58 - [TEST_STEP][PASSED] - click(findTestObject(path_TranxDetails + "a_Void this transaction")): Object: 'Object Repository/AdminSuiteBootstrap_Pages/VT_Bootstrap/TransactionDetails/a_Void this transaction' is clicked on

2024-07-12 23:50:59 - [MESSAGE][PASSED] - Object: 'Object Repository/AdminSuiteBootstrap_Pages/VT_Bootstrap/TransactionDetails/a_Void this transaction' is clicked on

2024-07-12 23:50:59 - [TEST_STEP][PASSED] - verifyTextPresent("The following transaction will be voided", true): Text 'The following transaction will be voided' is present on page  using regular expression

2024-07-12 23:51:00 - [MESSAGE][PASSED] - Text 'The following transaction will be voided' is present on page  using regular expression

2024-07-12 23:51:00 - [TEST_STEP][PASSED] - verifyTextPresent("Please press submit to continue", true): Text 'Please press submit to continue' is present on page  using regular expression

2024-07-12 23:51:00 - [MESSAGE][PASSED] - Text 'Please press submit to continue' is present on page  using regular expression

2024-07-12 23:51:00 - [TEST_STEP][PASSED] - click(findTestObject(path_TranxDetails + "button_Submit")): Object: 'Object Repository/AdminSuiteBootstrap_Pages/VT_Bootstrap/TransactionDetails/button_Submit' is clicked on

2024-07-12 23:51:01 - [MESSAGE][PASSED] - Object: 'Object Repository/AdminSuiteBootstrap_Pages/VT_Bootstrap/TransactionDetails/button_Submit' is clicked on

2024-07-12 23:51:01 - [TEST_STEP][PASSED] - verifyTextPresent("Transaction Successful", true): Text 'Transaction Successful' is present on page  using regular expression

2024-07-12 23:51:02 - [MESSAGE][PASSED] - Text 'Transaction Successful' is present on page  using regular expression

2024-07-12 23:51:02 - [TEST_STEP][PASSED] - verifyTextPresent("Transaction Type", true): Text 'Transaction Type' is present on page  using regular expression

2024-07-12 23:51:02 - [MESSAGE][PASSED] - Text 'Transaction Type' is present on page  using regular expression

2024-07-12 23:51:02 - [TEST_STEP][PASSED] - verifyTextPresent("Void", true): Text 'Void' is present on page  using regular expression

2024-07-12 23:51:02 - [MESSAGE][PASSED] - Text 'Void' is present on page  using regular expression

2024-07-12 23:51:02 - [TEST_STEP][PASSED] - closeBrowser(): Browser is closed

2024-07-12 23:51:04 - [MESSAGE][PASSED] - Browser is closed]]></system-out>
         <system-err><![CDATA[]]></system-err>
      </testcase>
      <testcase name="Test Cases/Admin Suite Bootstrap/VT_ACH_TestCases/DebitCorporateCredit_TP_DualCF_Generic_Payment_TC" time="50.333" classname="Test Cases/Admin Suite Bootstrap/VT_ACH_TestCases/DebitCorporateCredit_TP_DualCF_Generic_Payment_TC" status="PASSED">
         <system-out><![CDATA[2024-07-12 23:51:04 - [TEST_CASE][PASSED] - Test Cases/Admin Suite Bootstrap/VT_ACH_TestCases/DebitCorporateCredit_TP_DualCF_Generic_Payment_TC: Test Cases/Admin Suite Bootstrap/VT_ACH_TestCases/DebitCorporateCredit_TP_DualCF_Generic_Payment_TC

2024-07-12 23:51:04 - [TEST_STEP][PASSED] - path_Dashboard = "Object Repository/AdminSuiteBootstrap_Pages/Dashboard_Bootstrap/": null

2024-07-12 23:51:04 - [TEST_STEP][PASSED] - path_VT = "Object Repository/AdminSuiteBootstrap_Pages/VT_Bootstrap/IssueTransactions/": null

2024-07-12 23:51:04 - [TEST_STEP][PASSED] - path_Receipt = "Object Repository/AdminSuiteBootstrap_Pages/VT_Bootstrap/Receipt/": null

2024-07-12 23:51:04 - [TEST_STEP][PASSED] - path_CCSearch = "Object Repository/AdminSuiteBootstrap_Pages/VT_Bootstrap/CCCreditOrVoidSearch/": null

2024-07-12 23:51:04 - [TEST_STEP][PASSED] - path_SearchResults = "Object Repository/AdminSuiteBootstrap_Pages/VT_Bootstrap/SearchResults/": null

2024-07-12 23:51:04 - [TEST_STEP][PASSED] - path_TranxDetails = "Object Repository/AdminSuiteBootstrap_Pages/VT_Bootstrap/TransactionDetails/": null

2024-07-12 23:51:04 - [TEST_STEP][PASSED] - li_1 = vpos_Prefix: null

2024-07-12 23:51:04 - [TEST_STEP][PASSED] - li_2 = "/transactions/AuthCapForm/": null

2024-07-12 23:51:04 - [TEST_STEP][PASSED] - executionProfile = getExecutionProfile(): null

2024-07-12 23:51:04 - [TEST_STEP][PASSED] - out.println("executionProfile : " + executionProfile): null

2024-07-12 23:51:04 - [TEST_STEP][PASSED] - appName = <not implemented yet for class: org.codehaus.groovy.ast.expr.EmptyExpression>: null

2024-07-12 23:51:04 - [TEST_STEP][PASSED] - appID = <not implemented yet for class: org.codehaus.groovy.ast.expr.EmptyExpression>: null

2024-07-12 23:51:04 - [TEST_STEP][PASSED] - cardNameV = <not implemented yet for class: org.codehaus.groovy.ast.expr.EmptyExpression>: null

2024-07-12 23:51:04 - [TEST_STEP][PASSED] - al1V = <not implemented yet for class: org.codehaus.groovy.ast.expr.EmptyExpression>: null

2024-07-12 23:51:04 - [TEST_STEP][PASSED] - al2V = <not implemented yet for class: org.codehaus.groovy.ast.expr.EmptyExpression>: null

2024-07-12 23:51:04 - [TEST_STEP][PASSED] - zipV = <not implemented yet for class: org.codehaus.groovy.ast.expr.EmptyExpression>: null

2024-07-12 23:51:04 - [TEST_STEP][PASSED] - accType = <not implemented yet for class: org.codehaus.groovy.ast.expr.EmptyExpression>: null

2024-07-12 23:51:04 - [TEST_STEP][PASSED] - last4V = <not implemented yet for class: org.codehaus.groovy.ast.expr.EmptyExpression>: null

2024-07-12 23:51:04 - [TEST_STEP][PASSED] - resText = "Fail": null

2024-07-12 23:51:04 - [TEST_STEP][PASSED] - resColumn = "Result": null

2024-07-12 23:51:04 - [TEST_STEP][PASSED] - datCloumn = "Date": null

2024-07-12 23:51:04 - [TEST_STEP][PASSED] - fileLoc = "C:\KatalonData\Bootstrap\VT-ACH-Data.xlsx": null

2024-07-12 23:51:04 - [TEST_STEP][PASSED] - numOfRows = <not implemented yet for class: org.codehaus.groovy.ast.expr.EmptyExpression>: null

2024-07-12 23:51:04 - [TEST_STEP][PASSED] - dataFile = <not implemented yet for class: org.codehaus.groovy.ast.expr.EmptyExpression>: null

2024-07-12 23:51:04 - [TEST_STEP][PASSED] - nameSheet = <not implemented yet for class: org.codehaus.groovy.ast.expr.EmptyExpression>: null

2024-07-12 23:51:04 - [TEST_STEP][PASSED] - nameSheet = "VT-C-DebitCredit-DualCF-Generic": null

2024-07-12 23:51:04 - [TEST_STEP][PASSED] - numOfRows = findTestData("QA/Bootstrap/VT-ACH-TestData/VT-DebitCreditDataCorp-DualCF-Generic").getRowNumbers(): null

2024-07-12 23:51:04 - [TEST_STEP][PASSED] - println("Number of Records: " + numOfRows): null

2024-07-12 23:51:04 - [TEST_STEP][PASSED] - dataFile = "QA/Bootstrap/VT-ACH-TestData/VT-DebitCreditDataCorp-DualCF-Generic": null

2024-07-12 23:51:04 - [TEST_STEP][PASSED] - for ([row = 1, row <= numOfRows, (row++)]): Browser is closed

2024-07-12 23:51:04 - [TEST_STEP][PASSED] - ExecuteTC = findTestData(dataFile).getValue("Execute", row): null

2024-07-12 23:51:04 - [TEST_STEP][PASSED] - out.println("Value of Execute is : " + ExecuteTC): null

2024-07-12 23:51:04 - [TEST_STEP][PASSED] - switch (executionProfile): null

2024-07-12 23:51:04 - [TEST_STEP][PASSED] - case "QA2Profile":: null

2024-07-12 23:51:04 - [TEST_STEP][PASSED] - appName = findTestData(dataFile).getValue("AppNameQA", row): null

2024-07-12 23:51:04 - [TEST_STEP][PASSED] - appID = findTestData(dataFile).getValue("AppIDQA", row): null

2024-07-12 23:51:04 - [TEST_STEP][PASSED] - break: null

2024-07-12 23:51:04 - [TEST_STEP][PASSED] - hrefAppID = li_1 + appID + li_2: null

2024-07-12 23:51:04 - [TEST_STEP][PASSED] - hrefApp = li_1 + appID + "/": null

2024-07-12 23:51:04 - [TEST_STEP][PASSED] - println("hrefApp : " + hrefApp): null

2024-07-12 23:51:04 - [TEST_STEP][PASSED] - if (ExecuteTC.equalsIgnoreCase("Y")): Browser is closed

2024-07-12 23:51:04 - [TEST_STEP][PASSED] - out.println("Begin Record Number: " + row): null

2024-07-12 23:51:04 - [TEST_STEP][PASSED] - today = new java.util.Date(): null

2024-07-12 23:51:04 - [TEST_STEP][PASSED] - println(today): null

2024-07-12 23:51:04 - [TEST_STEP][PASSED] - datText = today: null

2024-07-12 23:51:04 - [TEST_STEP][PASSED] - adminSuiteBootstrap.loginFunctionality.login_AdminSuite(): adminSuiteBootstrap.loginFunctionality.login_AdminSuite is PASSED

2024-07-12 23:51:04 - [MESSAGE][INFO] - Starting 'Chrome' driver

2024-07-12 23:51:04 - [MESSAGE][INFO] - User set preference: ['acceptInsecureCerts', 'true']

2024-07-12 23:51:04 - [MESSAGE][INFO] - Action delay is set to 0 milliseconds

2024-07-12 23:51:07 - [MESSAGE][PASSED] - Browser is opened with url: 'https://qa2.velocitypayment.com/admin/imtiaz'

2024-07-12 23:51:07 - [MESSAGE][PASSED] - Current window maximized

2024-07-12 23:51:08 - [MESSAGE][PASSED] - Object 'Object Repository/Login_Page/Login_Username_Okta' is present

2024-07-12 23:51:09 - [MESSAGE][PASSED] - Text 'iahmed' is set on object 'Object Repository/Login_Page/Login_Username_Okta'

2024-07-12 23:51:10 - [MESSAGE][PASSED] - Text 'Hello!6666666' is set on object 'Object Repository/Login_Page/Login_Password_Okta'

2024-07-12 23:51:10 - [MESSAGE][PASSED] - Object: 'Object Repository/Login_Page/Login_Submit_Okta' is clicked on

2024-07-12 23:51:10 - [MESSAGE][PASSED] - adminSuiteBootstrap.loginFunctionality.login_AdminSuite is PASSED

2024-07-12 23:51:10 - [TEST_STEP][PASSED] - click(findTestObject(path_Dashboard + appName)): Object: 'Object Repository/AdminSuiteBootstrap_Pages/Dashboard_Bootstrap/a_Access AutoDualCFtpQA' is clicked on

2024-07-12 23:51:18 - [MESSAGE][PASSED] - Object: 'Object Repository/AdminSuiteBootstrap_Pages/Dashboard_Bootstrap/a_Access AutoDualCFtpQA' is clicked on

2024-07-12 23:51:18 - [TEST_STEP][PASSED] - click(findTestObject(path_VT + "button_Debit")): Object: 'Object Repository/AdminSuiteBootstrap_Pages/VT_Bootstrap/IssueTransactions/button_Debit' is clicked on

2024-07-12 23:51:18 - [MESSAGE][PASSED] - Object: 'Object Repository/AdminSuiteBootstrap_Pages/VT_Bootstrap/IssueTransactions/button_Debit' is clicked on

2024-07-12 23:51:18 - [TEST_STEP][PASSED] - click(findTestObject(path_VT + "a_Corporate")): Object: 'Object Repository/AdminSuiteBootstrap_Pages/VT_Bootstrap/IssueTransactions/a_Corporate' is clicked on

2024-07-12 23:51:20 - [MESSAGE][PASSED] - Object: 'Object Repository/AdminSuiteBootstrap_Pages/VT_Bootstrap/IssueTransactions/a_Corporate' is clicked on

2024-07-12 23:51:20 - [TEST_STEP][PASSED] - adminSuiteBootstrap.debitCorporatesetData.debitCorporate_DataDriven(row, dataFile): adminSuiteBootstrap.debitCorporatesetData.debitCorporate_DataDriven is PASSED

2024-07-12 23:51:23 - [MESSAGE][PASSED] - Text 'Gambrills Corp' is set on object 'Object Repository/AdminSuiteBootstrap_Pages/VT_Bootstrap/ACHCorporate/input_companyName'

2024-07-12 23:51:23 - [MESSAGE][PASSED] - Text '133 Meadow Ln' is set on object 'Object Repository/AdminSuiteBootstrap_Pages/VT_Bootstrap/ACHCorporate/input_address'

2024-07-12 23:51:24 - [MESSAGE][PASSED] - Text 'apt #123' is set on object 'Object Repository/AdminSuiteBootstrap_Pages/VT_Bootstrap/ACHCorporate/input_address2'

2024-07-12 23:51:25 - [MESSAGE][PASSED] - Text '22201' is set on object 'Object Repository/AdminSuiteBootstrap_Pages/VT_Bootstrap/ACHCorporate/input_zip'

2024-07-12 23:51:25 - [MESSAGE][PASSED] - Text '' is set on object 'Object Repository/AdminSuiteBootstrap_Pages/VT_Bootstrap/ACHCorporate/input_emailAddress'

2024-07-12 23:51:27 - [MESSAGE][PASSED] - Text '' is set on object 'Object Repository/AdminSuiteBootstrap_Pages/VT_Bootstrap/ACHCorporate/input_smsNumber'

2024-07-12 23:51:28 - [MESSAGE][PASSED] - Text '45682001' is set on object 'Object Repository/AdminSuiteBootstrap_Pages/VT_Bootstrap/ACHCorporate/input_accountNumber'

2024-07-12 23:51:28 - [MESSAGE][PASSED] - Text '256072691' is set on object 'Object Repository/AdminSuiteBootstrap_Pages/VT_Bootstrap/ACHCorporate/input_routingNumber'

2024-07-12 23:51:29 - [MESSAGE][PASSED] - All options with label 'Checking' are selected in object 'Object Repository/AdminSuiteBootstrap_Pages/VT_Bootstrap/ACHCorporate/select_Checking'  using regular expression

2024-07-12 23:51:30 - [MESSAGE][PASSED] - All options with label 'CCD - Cash Concentration or Disbursement' are selected in object 'Object Repository/AdminSuiteBootstrap_Pages/VT_Bootstrap/ACHCorporate/select_STD'  using regular expression

2024-07-12 23:51:31 - [MESSAGE][PASSED] - Text '12.50' is set on object 'Object Repository/AdminSuiteBootstrap_Pages/VT_Bootstrap/ACHCorporate/input_amount'

2024-07-12 23:51:32 - [MESSAGE][PASSED] - Text '569847856' is set on object 'Object Repository/AdminSuiteBootstrap_Pages/VT_Bootstrap/ACHCorporate/input_ein'

2024-07-12 23:51:33 - [MESSAGE][PASSED] - Text 'Denmark' is set on object 'Object Repository/AdminSuiteBootstrap_Pages/VT_Bootstrap/ACHCorporate/input_userDefined1'

2024-07-12 23:51:34 - [MESSAGE][PASSED] - Text 'Australia' is set on object 'Object Repository/AdminSuiteBootstrap_Pages/VT_Bootstrap/ACHCorporate/input_userDefined2'

2024-07-12 23:51:35 - [MESSAGE][PASSED] - Text 'Austria' is set on object 'Object Repository/AdminSuiteBootstrap_Pages/VT_Bootstrap/ACHCorporate/input_userDefined3'

2024-07-12 23:51:35 - [MESSAGE][PASSED] - Text 'Sweden' is set on object 'Object Repository/AdminSuiteBootstrap_Pages/VT_Bootstrap/ACHCorporate/input_userDefined4'

2024-07-12 23:51:36 - [MESSAGE][PASSED] - All options with label 'Yellow' are selected in object 'Object Repository/AdminSuiteBootstrap_Pages/VT_Bootstrap/ACHCorporate/select_UDF5'  using regular expression

2024-07-12 23:51:37 - [MESSAGE][PASSED] - All options with label 'Orange' are selected in object 'Object Repository/AdminSuiteBootstrap_Pages/VT_Bootstrap/ACHCorporate/select_UDF6'  using regular expression

2024-07-12 23:51:38 - [MESSAGE][PASSED] - Text 'Netherlands' is set on object 'Object Repository/AdminSuiteBootstrap_Pages/VT_Bootstrap/ACHCorporate/input_userDefined7'

2024-07-12 23:51:39 - [MESSAGE][PASSED] - Text 'Norway' is set on object 'Object Repository/AdminSuiteBootstrap_Pages/VT_Bootstrap/ACHCorporate/input_userDefined8'

2024-07-12 23:51:39 - [MESSAGE][PASSED] - Text 'France' is set on object 'Object Repository/AdminSuiteBootstrap_Pages/VT_Bootstrap/ACHCorporate/input_userDefined9'

2024-07-12 23:51:40 - [MESSAGE][PASSED] - Text 'Switzerland' is set on object 'Object Repository/AdminSuiteBootstrap_Pages/VT_Bootstrap/ACHCorporate/input_userDefined10'

2024-07-12 23:51:42 - [MESSAGE][PASSED] - Object: 'Object Repository/AdminSuiteBootstrap_Pages/VT_Bootstrap/ACHCorporate/button_Submit' is clicked on

2024-07-12 23:51:42 - [MESSAGE][PASSED] - adminSuiteBootstrap.debitCorporatesetData.debitCorporate_DataDriven is PASSED

2024-07-12 23:51:42 - [TEST_STEP][PASSED] - if (verifyTextPresent("Transaction Successful", true)): null

2024-07-12 23:51:42 - [MESSAGE][PASSED] - Text 'Transaction Successful' is present on page  using regular expression

2024-07-12 23:51:42 - [TEST_STEP][PASSED] - sdf = getText(findTestObject(path_Receipt + "td_AutoNoC031622113752957Ahm")): Text of object 'Object Repository/AdminSuiteBootstrap_Pages/VT_Bootstrap/Receipt/td_AutoNoC031622113752957Ahm' is: 'AutoDualCF071224234410Ahm'

2024-07-12 23:51:43 - [MESSAGE][PASSED] - Text of object 'Object Repository/AdminSuiteBootstrap_Pages/VT_Bootstrap/Receipt/td_AutoNoC031622113752957Ahm' is: 'AutoDualCF071224234410Ahm'

2024-07-12 23:51:43 - [TEST_STEP][PASSED] - out.println("sdf: " + sdf): null

2024-07-12 23:51:43 - [TEST_STEP][PASSED] - remID = sdf: null

2024-07-12 23:51:43 - [TEST_STEP][PASSED] - out.println("remID: " + remID): null

2024-07-12 23:51:43 - [TEST_STEP][PASSED] - click(findTestObject(path_Receipt + "button_Continue")): Object: 'Object Repository/AdminSuiteBootstrap_Pages/VT_Bootstrap/Receipt/button_Continue' is clicked on

2024-07-12 23:51:43 - [MESSAGE][PASSED] - Object: 'Object Repository/AdminSuiteBootstrap_Pages/VT_Bootstrap/Receipt/button_Continue' is clicked on

2024-07-12 23:51:43 - [TEST_STEP][PASSED] - click(findTestObject(path_VT + "a_Search Transactions")): Object: 'Object Repository/AdminSuiteBootstrap_Pages/VT_Bootstrap/IssueTransactions/a_Search Transactions' is clicked on

2024-07-12 23:51:44 - [MESSAGE][PASSED] - Object: 'Object Repository/AdminSuiteBootstrap_Pages/VT_Bootstrap/IssueTransactions/a_Search Transactions' is clicked on

2024-07-12 23:51:44 - [TEST_STEP][PASSED] - setText(findTestObject(path_CCSearch + "input_Search By_searchValue"), remID): Text 'AutoDualCF071224234410Ahm' is set on object 'Object Repository/AdminSuiteBootstrap_Pages/VT_Bootstrap/CCCreditOrVoidSearch/input_Search By_searchValue'

2024-07-12 23:51:45 - [MESSAGE][PASSED] - Text 'AutoDualCF071224234410Ahm' is set on object 'Object Repository/AdminSuiteBootstrap_Pages/VT_Bootstrap/CCCreditOrVoidSearch/input_Search By_searchValue'

2024-07-12 23:51:45 - [TEST_STEP][PASSED] - click(findTestObject(path_CCSearch + "button_Submit")): Object: 'Object Repository/AdminSuiteBootstrap_Pages/VT_Bootstrap/CCCreditOrVoidSearch/button_Submit' is clicked on

2024-07-12 23:51:46 - [MESSAGE][PASSED] - Object: 'Object Repository/AdminSuiteBootstrap_Pages/VT_Bootstrap/CCCreditOrVoidSearch/button_Submit' is clicked on

2024-07-12 23:51:46 - [TEST_STEP][PASSED] - click(findTestObject(path_SearchResults + "button_PaymentID")): Object: 'Object Repository/AdminSuiteBootstrap_Pages/VT_Bootstrap/SearchResults/button_PaymentID' is clicked on

2024-07-12 23:51:47 - [MESSAGE][PASSED] - Object: 'Object Repository/AdminSuiteBootstrap_Pages/VT_Bootstrap/SearchResults/button_PaymentID' is clicked on

2024-07-12 23:51:47 - [TEST_STEP][PASSED] - verifyTextPresent("Tender Type", true): Text 'Tender Type' is present on page  using regular expression

2024-07-12 23:51:47 - [MESSAGE][PASSED] - Text 'Tender Type' is present on page  using regular expression

2024-07-12 23:51:47 - [TEST_STEP][PASSED] - verifyTextPresent("Transaction Type", true): Text 'Transaction Type' is present on page  using regular expression

2024-07-12 23:51:48 - [MESSAGE][PASSED] - Text 'Transaction Type' is present on page  using regular expression

2024-07-12 23:51:48 - [TEST_STEP][PASSED] - verifyTextPresent("Transaction Posted by", true): Text 'Transaction Posted by' is present on page  using regular expression

2024-07-12 23:51:48 - [MESSAGE][PASSED] - Text 'Transaction Posted by' is present on page  using regular expression

2024-07-12 23:51:48 - [TEST_STEP][PASSED] - verifyTextPresent("iahmed", true): Text 'iahmed' is present on page  using regular expression

2024-07-12 23:51:48 - [MESSAGE][PASSED] - Text 'iahmed' is present on page  using regular expression

2024-07-12 23:51:48 - [TEST_STEP][PASSED] - verifyTextPresent("Debit", true): Text 'Debit' is present on page  using regular expression

2024-07-12 23:51:49 - [MESSAGE][PASSED] - Text 'Debit' is present on page  using regular expression

2024-07-12 23:51:49 - [TEST_STEP][PASSED] - click(findTestObject(path_TranxDetails + "a_Credit this transaction")): Object: 'Object Repository/AdminSuiteBootstrap_Pages/VT_Bootstrap/TransactionDetails/a_Credit this transaction' is clicked on

2024-07-12 23:51:50 - [MESSAGE][PASSED] - Object: 'Object Repository/AdminSuiteBootstrap_Pages/VT_Bootstrap/TransactionDetails/a_Credit this transaction' is clicked on

2024-07-12 23:51:50 - [TEST_STEP][PASSED] - click(findTestObject(path_TranxDetails + "button_Submit")): Object: 'Object Repository/AdminSuiteBootstrap_Pages/VT_Bootstrap/TransactionDetails/button_Submit' is clicked on

2024-07-12 23:51:52 - [MESSAGE][PASSED] - Object: 'Object Repository/AdminSuiteBootstrap_Pages/VT_Bootstrap/TransactionDetails/button_Submit' is clicked on

2024-07-12 23:51:52 - [TEST_STEP][PASSED] - verifyTextPresent("Transaction Successful", true): Text 'Transaction Successful' is present on page  using regular expression

2024-07-12 23:51:52 - [MESSAGE][PASSED] - Text 'Transaction Successful' is present on page  using regular expression

2024-07-12 23:51:52 - [TEST_STEP][PASSED] - verifyTextPresent("Transaction Type", true): Text 'Transaction Type' is present on page  using regular expression

2024-07-12 23:51:52 - [MESSAGE][PASSED] - Text 'Transaction Type' is present on page  using regular expression

2024-07-12 23:51:52 - [TEST_STEP][PASSED] - verifyTextPresent("Credit", true): Text 'Credit' is present on page  using regular expression

2024-07-12 23:51:53 - [MESSAGE][PASSED] - Text 'Credit' is present on page  using regular expression

2024-07-12 23:51:53 - [TEST_STEP][PASSED] - closeBrowser(): Browser is closed

2024-07-12 23:51:54 - [MESSAGE][PASSED] - Browser is closed]]></system-out>
         <system-err><![CDATA[]]></system-err>
      </testcase>
      <testcase name="Test Cases/Admin Suite Bootstrap/VT_ACH_TestCases/DebitCorporateCredit_TP_NoCF_Generic_Payment_TC" time="48.057" classname="Test Cases/Admin Suite Bootstrap/VT_ACH_TestCases/DebitCorporateCredit_TP_NoCF_Generic_Payment_TC" status="PASSED">
         <system-out><![CDATA[2024-07-12 23:51:54 - [TEST_CASE][PASSED] - Test Cases/Admin Suite Bootstrap/VT_ACH_TestCases/DebitCorporateCredit_TP_NoCF_Generic_Payment_TC: Test Cases/Admin Suite Bootstrap/VT_ACH_TestCases/DebitCorporateCredit_TP_NoCF_Generic_Payment_TC

2024-07-12 23:51:54 - [TEST_STEP][PASSED] - path_Dashboard = "Object Repository/AdminSuiteBootstrap_Pages/Dashboard_Bootstrap/": null

2024-07-12 23:51:54 - [TEST_STEP][PASSED] - path_VT = "Object Repository/AdminSuiteBootstrap_Pages/VT_Bootstrap/IssueTransactions/": null

2024-07-12 23:51:54 - [TEST_STEP][PASSED] - path_Receipt = "Object Repository/AdminSuiteBootstrap_Pages/VT_Bootstrap/Receipt/": null

2024-07-12 23:51:54 - [TEST_STEP][PASSED] - path_CCSearch = "Object Repository/AdminSuiteBootstrap_Pages/VT_Bootstrap/CCCreditOrVoidSearch/": null

2024-07-12 23:51:54 - [TEST_STEP][PASSED] - path_SearchResults = "Object Repository/AdminSuiteBootstrap_Pages/VT_Bootstrap/SearchResults/": null

2024-07-12 23:51:54 - [TEST_STEP][PASSED] - path_TranxDetails = "Object Repository/AdminSuiteBootstrap_Pages/VT_Bootstrap/TransactionDetails/": null

2024-07-12 23:51:54 - [TEST_STEP][PASSED] - li_1 = vpos_Prefix: null

2024-07-12 23:51:54 - [TEST_STEP][PASSED] - li_2 = "/transactions/AuthCapForm/": null

2024-07-12 23:51:54 - [TEST_STEP][PASSED] - executionProfile = getExecutionProfile(): null

2024-07-12 23:51:54 - [TEST_STEP][PASSED] - out.println("executionProfile : " + executionProfile): null

2024-07-12 23:51:54 - [TEST_STEP][PASSED] - appName = <not implemented yet for class: org.codehaus.groovy.ast.expr.EmptyExpression>: null

2024-07-12 23:51:54 - [TEST_STEP][PASSED] - appID = <not implemented yet for class: org.codehaus.groovy.ast.expr.EmptyExpression>: null

2024-07-12 23:51:54 - [TEST_STEP][PASSED] - cardNameV = <not implemented yet for class: org.codehaus.groovy.ast.expr.EmptyExpression>: null

2024-07-12 23:51:54 - [TEST_STEP][PASSED] - al1V = <not implemented yet for class: org.codehaus.groovy.ast.expr.EmptyExpression>: null

2024-07-12 23:51:54 - [TEST_STEP][PASSED] - al2V = <not implemented yet for class: org.codehaus.groovy.ast.expr.EmptyExpression>: null

2024-07-12 23:51:54 - [TEST_STEP][PASSED] - zipV = <not implemented yet for class: org.codehaus.groovy.ast.expr.EmptyExpression>: null

2024-07-12 23:51:54 - [TEST_STEP][PASSED] - accType = <not implemented yet for class: org.codehaus.groovy.ast.expr.EmptyExpression>: null

2024-07-12 23:51:54 - [TEST_STEP][PASSED] - last4V = <not implemented yet for class: org.codehaus.groovy.ast.expr.EmptyExpression>: null

2024-07-12 23:51:54 - [TEST_STEP][PASSED] - resText = "Fail": null

2024-07-12 23:51:54 - [TEST_STEP][PASSED] - resColumn = "Result": null

2024-07-12 23:51:54 - [TEST_STEP][PASSED] - datCloumn = "Date": null

2024-07-12 23:51:54 - [TEST_STEP][PASSED] - fileLoc = "C:\KatalonData\Bootstrap\VT-ACH-Data.xlsx": null

2024-07-12 23:51:54 - [TEST_STEP][PASSED] - numOfRows = <not implemented yet for class: org.codehaus.groovy.ast.expr.EmptyExpression>: null

2024-07-12 23:51:54 - [TEST_STEP][PASSED] - dataFile = <not implemented yet for class: org.codehaus.groovy.ast.expr.EmptyExpression>: null

2024-07-12 23:51:54 - [TEST_STEP][PASSED] - nameSheet = <not implemented yet for class: org.codehaus.groovy.ast.expr.EmptyExpression>: null

2024-07-12 23:51:54 - [TEST_STEP][PASSED] - nameSheet = "VT-C-DebitCredit-NoCF-Generic": null

2024-07-12 23:51:54 - [TEST_STEP][PASSED] - numOfRows = findTestData("QA/Bootstrap/VT-ACH-TestData/VT-DebitCreditDataCorp-NoCF-Generic").getRowNumbers(): null

2024-07-12 23:51:55 - [TEST_STEP][PASSED] - println("Number of Records: " + numOfRows): null

2024-07-12 23:51:55 - [TEST_STEP][PASSED] - dataFile = "QA/Bootstrap/VT-ACH-TestData/VT-DebitCreditDataCorp-NoCF-Generic": null

2024-07-12 23:51:55 - [TEST_STEP][PASSED] - for ([row = 1, row <= numOfRows, (row++)]): Browser is closed

2024-07-12 23:51:55 - [TEST_STEP][PASSED] - ExecuteTC = findTestData(dataFile).getValue("Execute", row): null

2024-07-12 23:51:55 - [TEST_STEP][PASSED] - out.println("Value of Execute is : " + ExecuteTC): null

2024-07-12 23:51:55 - [TEST_STEP][PASSED] - switch (executionProfile): null

2024-07-12 23:51:55 - [TEST_STEP][PASSED] - case "QA2Profile":: null

2024-07-12 23:51:55 - [TEST_STEP][PASSED] - appName = findTestData(dataFile).getValue("AppNameQA", row): null

2024-07-12 23:51:55 - [TEST_STEP][PASSED] - appID = findTestData(dataFile).getValue("AppIDQA", row): null

2024-07-12 23:51:55 - [TEST_STEP][PASSED] - break: null

2024-07-12 23:51:55 - [TEST_STEP][PASSED] - hrefAppID = li_1 + appID + li_2: null

2024-07-12 23:51:55 - [TEST_STEP][PASSED] - hrefApp = li_1 + appID + "/": null

2024-07-12 23:51:55 - [TEST_STEP][PASSED] - println("hrefApp : " + hrefApp): null

2024-07-12 23:51:55 - [TEST_STEP][PASSED] - if (ExecuteTC.equalsIgnoreCase("Y")): Browser is closed

2024-07-12 23:51:55 - [TEST_STEP][PASSED] - out.println("Begin Record Number: " + row): null

2024-07-12 23:51:55 - [TEST_STEP][PASSED] - today = new java.util.Date(): null

2024-07-12 23:51:55 - [TEST_STEP][PASSED] - println(today): null

2024-07-12 23:51:55 - [TEST_STEP][PASSED] - datText = today: null

2024-07-12 23:51:55 - [TEST_STEP][PASSED] - adminSuiteBootstrap.loginFunctionality.login_AdminSuite(): adminSuiteBootstrap.loginFunctionality.login_AdminSuite is PASSED

2024-07-12 23:51:55 - [MESSAGE][INFO] - Starting 'Chrome' driver

2024-07-12 23:51:55 - [MESSAGE][INFO] - User set preference: ['acceptInsecureCerts', 'true']

2024-07-12 23:51:55 - [MESSAGE][INFO] - Action delay is set to 0 milliseconds

2024-07-12 23:51:57 - [MESSAGE][PASSED] - Browser is opened with url: 'https://qa2.velocitypayment.com/admin/imtiaz'

2024-07-12 23:51:58 - [MESSAGE][PASSED] - Current window maximized

2024-07-12 23:51:58 - [MESSAGE][PASSED] - Object 'Object Repository/Login_Page/Login_Username_Okta' is present

2024-07-12 23:51:59 - [MESSAGE][PASSED] - Text 'iahmed' is set on object 'Object Repository/Login_Page/Login_Username_Okta'

2024-07-12 23:52:00 - [MESSAGE][PASSED] - Text 'Hello!6666666' is set on object 'Object Repository/Login_Page/Login_Password_Okta'

2024-07-12 23:52:00 - [MESSAGE][PASSED] - Object: 'Object Repository/Login_Page/Login_Submit_Okta' is clicked on

2024-07-12 23:52:00 - [MESSAGE][PASSED] - adminSuiteBootstrap.loginFunctionality.login_AdminSuite is PASSED

2024-07-12 23:52:00 - [TEST_STEP][PASSED] - click(findTestObject(path_Dashboard + appName)): Object: 'Object Repository/AdminSuiteBootstrap_Pages/Dashboard_Bootstrap/a_Access AutoNoCFtp' is clicked on

2024-07-12 23:52:07 - [MESSAGE][PASSED] - Object: 'Object Repository/AdminSuiteBootstrap_Pages/Dashboard_Bootstrap/a_Access AutoNoCFtp' is clicked on

2024-07-12 23:52:07 - [TEST_STEP][PASSED] - click(findTestObject(path_VT + "button_Debit")): Object: 'Object Repository/AdminSuiteBootstrap_Pages/VT_Bootstrap/IssueTransactions/button_Debit' is clicked on

2024-07-12 23:52:08 - [MESSAGE][PASSED] - Object: 'Object Repository/AdminSuiteBootstrap_Pages/VT_Bootstrap/IssueTransactions/button_Debit' is clicked on

2024-07-12 23:52:08 - [TEST_STEP][PASSED] - click(findTestObject(path_VT + "a_Corporate")): Object: 'Object Repository/AdminSuiteBootstrap_Pages/VT_Bootstrap/IssueTransactions/a_Corporate' is clicked on

2024-07-12 23:52:09 - [MESSAGE][PASSED] - Object: 'Object Repository/AdminSuiteBootstrap_Pages/VT_Bootstrap/IssueTransactions/a_Corporate' is clicked on

2024-07-12 23:52:09 - [TEST_STEP][PASSED] - adminSuiteBootstrap.debitCorporatesetData.debitCorporate_DataDriven(row, dataFile): adminSuiteBootstrap.debitCorporatesetData.debitCorporate_DataDriven is PASSED

2024-07-12 23:52:12 - [MESSAGE][PASSED] - Text 'Gambrills Corp' is set on object 'Object Repository/AdminSuiteBootstrap_Pages/VT_Bootstrap/ACHCorporate/input_companyName'

2024-07-12 23:52:13 - [MESSAGE][PASSED] - Text '133 Meadow Ln' is set on object 'Object Repository/AdminSuiteBootstrap_Pages/VT_Bootstrap/ACHCorporate/input_address'

2024-07-12 23:52:13 - [MESSAGE][PASSED] - Text 'apt #123' is set on object 'Object Repository/AdminSuiteBootstrap_Pages/VT_Bootstrap/ACHCorporate/input_address2'

2024-07-12 23:52:14 - [MESSAGE][PASSED] - Text '22201' is set on object 'Object Repository/AdminSuiteBootstrap_Pages/VT_Bootstrap/ACHCorporate/input_zip'

2024-07-12 23:52:15 - [MESSAGE][PASSED] - Text '' is set on object 'Object Repository/AdminSuiteBootstrap_Pages/VT_Bootstrap/ACHCorporate/input_emailAddress'

2024-07-12 23:52:16 - [MESSAGE][PASSED] - Text '' is set on object 'Object Repository/AdminSuiteBootstrap_Pages/VT_Bootstrap/ACHCorporate/input_smsNumber'

2024-07-12 23:52:17 - [MESSAGE][PASSED] - Text '32161001' is set on object 'Object Repository/AdminSuiteBootstrap_Pages/VT_Bootstrap/ACHCorporate/input_accountNumber'

2024-07-12 23:52:18 - [MESSAGE][PASSED] - Text '256072691' is set on object 'Object Repository/AdminSuiteBootstrap_Pages/VT_Bootstrap/ACHCorporate/input_routingNumber'

2024-07-12 23:52:19 - [MESSAGE][PASSED] - All options with label 'Checking' are selected in object 'Object Repository/AdminSuiteBootstrap_Pages/VT_Bootstrap/ACHCorporate/select_Checking'  using regular expression

2024-07-12 23:52:20 - [MESSAGE][PASSED] - All options with label 'CCD - Cash Concentration or Disbursement' are selected in object 'Object Repository/AdminSuiteBootstrap_Pages/VT_Bootstrap/ACHCorporate/select_STD'  using regular expression

2024-07-12 23:52:20 - [MESSAGE][PASSED] - Text '12.50' is set on object 'Object Repository/AdminSuiteBootstrap_Pages/VT_Bootstrap/ACHCorporate/input_amount'

2024-07-12 23:52:21 - [MESSAGE][PASSED] - Text '569847856' is set on object 'Object Repository/AdminSuiteBootstrap_Pages/VT_Bootstrap/ACHCorporate/input_ein'

2024-07-12 23:52:22 - [MESSAGE][PASSED] - Text 'Denmark' is set on object 'Object Repository/AdminSuiteBootstrap_Pages/VT_Bootstrap/ACHCorporate/input_userDefined1'

2024-07-12 23:52:23 - [MESSAGE][PASSED] - Text 'Australia' is set on object 'Object Repository/AdminSuiteBootstrap_Pages/VT_Bootstrap/ACHCorporate/input_userDefined2'

2024-07-12 23:52:24 - [MESSAGE][PASSED] - Text 'Austria' is set on object 'Object Repository/AdminSuiteBootstrap_Pages/VT_Bootstrap/ACHCorporate/input_userDefined3'

2024-07-12 23:52:24 - [MESSAGE][PASSED] - Text 'Sweden' is set on object 'Object Repository/AdminSuiteBootstrap_Pages/VT_Bootstrap/ACHCorporate/input_userDefined4'

2024-07-12 23:52:25 - [MESSAGE][PASSED] - All options with label 'Yellow' are selected in object 'Object Repository/AdminSuiteBootstrap_Pages/VT_Bootstrap/ACHCorporate/select_UDF5'  using regular expression

2024-07-12 23:52:26 - [MESSAGE][PASSED] - All options with label 'Orange' are selected in object 'Object Repository/AdminSuiteBootstrap_Pages/VT_Bootstrap/ACHCorporate/select_UDF6'  using regular expression

2024-07-12 23:52:27 - [MESSAGE][PASSED] - Text 'Netherlands' is set on object 'Object Repository/AdminSuiteBootstrap_Pages/VT_Bootstrap/ACHCorporate/input_userDefined7'

2024-07-12 23:52:28 - [MESSAGE][PASSED] - Text 'Norway' is set on object 'Object Repository/AdminSuiteBootstrap_Pages/VT_Bootstrap/ACHCorporate/input_userDefined8'

2024-07-12 23:52:28 - [MESSAGE][PASSED] - Text 'France' is set on object 'Object Repository/AdminSuiteBootstrap_Pages/VT_Bootstrap/ACHCorporate/input_userDefined9'

2024-07-12 23:52:29 - [MESSAGE][PASSED] - Text 'Switzerland' is set on object 'Object Repository/AdminSuiteBootstrap_Pages/VT_Bootstrap/ACHCorporate/input_userDefined10'

2024-07-12 23:52:30 - [MESSAGE][PASSED] - Object: 'Object Repository/AdminSuiteBootstrap_Pages/VT_Bootstrap/ACHCorporate/button_Submit' is clicked on

2024-07-12 23:52:30 - [MESSAGE][PASSED] - adminSuiteBootstrap.debitCorporatesetData.debitCorporate_DataDriven is PASSED

2024-07-12 23:52:30 - [TEST_STEP][PASSED] - if (verifyTextPresent("Transaction Successful", true)): null

2024-07-12 23:52:31 - [MESSAGE][PASSED] - Text 'Transaction Successful' is present on page  using regular expression

2024-07-12 23:52:31 - [TEST_STEP][PASSED] - sdf = getText(findTestObject(path_Receipt + "td_AutoNoC031622113752957Ahm")): Text of object 'Object Repository/AdminSuiteBootstrap_Pages/VT_Bootstrap/Receipt/td_AutoNoC031622113752957Ahm' is: 'AutoNoCFtp071224234500Ahm'

2024-07-12 23:52:31 - [MESSAGE][PASSED] - Text of object 'Object Repository/AdminSuiteBootstrap_Pages/VT_Bootstrap/Receipt/td_AutoNoC031622113752957Ahm' is: 'AutoNoCFtp071224234500Ahm'

2024-07-12 23:52:31 - [TEST_STEP][PASSED] - out.println("sdf: " + sdf): null

2024-07-12 23:52:31 - [TEST_STEP][PASSED] - remID = sdf: null

2024-07-12 23:52:31 - [TEST_STEP][PASSED] - out.println("remID: " + remID): null

2024-07-12 23:52:31 - [TEST_STEP][PASSED] - click(findTestObject(path_Receipt + "button_Continue")): Object: 'Object Repository/AdminSuiteBootstrap_Pages/VT_Bootstrap/Receipt/button_Continue' is clicked on

2024-07-12 23:52:32 - [MESSAGE][PASSED] - Object: 'Object Repository/AdminSuiteBootstrap_Pages/VT_Bootstrap/Receipt/button_Continue' is clicked on

2024-07-12 23:52:32 - [TEST_STEP][PASSED] - click(findTestObject(path_VT + "a_Search Transactions")): Object: 'Object Repository/AdminSuiteBootstrap_Pages/VT_Bootstrap/IssueTransactions/a_Search Transactions' is clicked on

2024-07-12 23:52:33 - [MESSAGE][PASSED] - Object: 'Object Repository/AdminSuiteBootstrap_Pages/VT_Bootstrap/IssueTransactions/a_Search Transactions' is clicked on

2024-07-12 23:52:33 - [TEST_STEP][PASSED] - setText(findTestObject(path_CCSearch + "input_Search By_searchValue"), remID): Text 'AutoNoCFtp071224234500Ahm' is set on object 'Object Repository/AdminSuiteBootstrap_Pages/VT_Bootstrap/CCCreditOrVoidSearch/input_Search By_searchValue'

2024-07-12 23:52:34 - [MESSAGE][PASSED] - Text 'AutoNoCFtp071224234500Ahm' is set on object 'Object Repository/AdminSuiteBootstrap_Pages/VT_Bootstrap/CCCreditOrVoidSearch/input_Search By_searchValue'

2024-07-12 23:52:34 - [TEST_STEP][PASSED] - click(findTestObject(path_CCSearch + "button_Submit")): Object: 'Object Repository/AdminSuiteBootstrap_Pages/VT_Bootstrap/CCCreditOrVoidSearch/button_Submit' is clicked on

2024-07-12 23:52:34 - [MESSAGE][PASSED] - Object: 'Object Repository/AdminSuiteBootstrap_Pages/VT_Bootstrap/CCCreditOrVoidSearch/button_Submit' is clicked on

2024-07-12 23:52:34 - [TEST_STEP][PASSED] - click(findTestObject(path_SearchResults + "button_PaymentID")): Object: 'Object Repository/AdminSuiteBootstrap_Pages/VT_Bootstrap/SearchResults/button_PaymentID' is clicked on

2024-07-12 23:52:35 - [MESSAGE][PASSED] - Object: 'Object Repository/AdminSuiteBootstrap_Pages/VT_Bootstrap/SearchResults/button_PaymentID' is clicked on

2024-07-12 23:52:35 - [TEST_STEP][PASSED] - verifyTextPresent("Tender Type", true): Text 'Tender Type' is present on page  using regular expression

2024-07-12 23:52:36 - [MESSAGE][PASSED] - Text 'Tender Type' is present on page  using regular expression

2024-07-12 23:52:36 - [TEST_STEP][PASSED] - verifyTextPresent("Transaction Type", true): Text 'Transaction Type' is present on page  using regular expression

2024-07-12 23:52:36 - [MESSAGE][PASSED] - Text 'Transaction Type' is present on page  using regular expression

2024-07-12 23:52:36 - [TEST_STEP][PASSED] - verifyTextPresent("Transaction Posted by", true): Text 'Transaction Posted by' is present on page  using regular expression

2024-07-12 23:52:37 - [MESSAGE][PASSED] - Text 'Transaction Posted by' is present on page  using regular expression

2024-07-12 23:52:37 - [TEST_STEP][PASSED] - verifyTextPresent("iahmed", true): Text 'iahmed' is present on page  using regular expression

2024-07-12 23:52:37 - [MESSAGE][PASSED] - Text 'iahmed' is present on page  using regular expression

2024-07-12 23:52:37 - [TEST_STEP][PASSED] - verifyTextPresent("Debit", true): Text 'Debit' is present on page  using regular expression

2024-07-12 23:52:37 - [MESSAGE][PASSED] - Text 'Debit' is present on page  using regular expression

2024-07-12 23:52:37 - [TEST_STEP][PASSED] - click(findTestObject(path_TranxDetails + "a_Credit this transaction")): Object: 'Object Repository/AdminSuiteBootstrap_Pages/VT_Bootstrap/TransactionDetails/a_Credit this transaction' is clicked on

2024-07-12 23:52:38 - [MESSAGE][PASSED] - Object: 'Object Repository/AdminSuiteBootstrap_Pages/VT_Bootstrap/TransactionDetails/a_Credit this transaction' is clicked on

2024-07-12 23:52:38 - [TEST_STEP][PASSED] - click(findTestObject(path_TranxDetails + "button_Submit")): Object: 'Object Repository/AdminSuiteBootstrap_Pages/VT_Bootstrap/TransactionDetails/button_Submit' is clicked on

2024-07-12 23:52:40 - [MESSAGE][PASSED] - Object: 'Object Repository/AdminSuiteBootstrap_Pages/VT_Bootstrap/TransactionDetails/button_Submit' is clicked on

2024-07-12 23:52:40 - [TEST_STEP][PASSED] - verifyTextPresent("Transaction Successful", true): Text 'Transaction Successful' is present on page  using regular expression

2024-07-12 23:52:40 - [MESSAGE][PASSED] - Text 'Transaction Successful' is present on page  using regular expression

2024-07-12 23:52:40 - [TEST_STEP][PASSED] - verifyTextPresent("Transaction Type", true): Text 'Transaction Type' is present on page  using regular expression

2024-07-12 23:52:41 - [MESSAGE][PASSED] - Text 'Transaction Type' is present on page  using regular expression

2024-07-12 23:52:41 - [TEST_STEP][PASSED] - verifyTextPresent("Credit", true): Text 'Credit' is present on page  using regular expression

2024-07-12 23:52:41 - [MESSAGE][PASSED] - Text 'Credit' is present on page  using regular expression

2024-07-12 23:52:41 - [TEST_STEP][PASSED] - closeBrowser(): Browser is closed

2024-07-12 23:52:42 - [MESSAGE][PASSED] - Browser is closed]]></system-out>
         <system-err><![CDATA[]]></system-err>
      </testcase>
      <testcase name="Test Cases/Admin Suite Bootstrap/VT_ACH_TestCases/DebitCorporateCredit_TP_SingleCF_Generic_Payment_TC" time="49.915" classname="Test Cases/Admin Suite Bootstrap/VT_ACH_TestCases/DebitCorporateCredit_TP_SingleCF_Generic_Payment_TC" status="PASSED">
         <system-out><![CDATA[2024-07-12 23:52:42 - [TEST_CASE][PASSED] - Test Cases/Admin Suite Bootstrap/VT_ACH_TestCases/DebitCorporateCredit_TP_SingleCF_Generic_Payment_TC: Test Cases/Admin Suite Bootstrap/VT_ACH_TestCases/DebitCorporateCredit_TP_SingleCF_Generic_Payment_TC

2024-07-12 23:52:42 - [TEST_STEP][PASSED] - path_Dashboard = "Object Repository/AdminSuiteBootstrap_Pages/Dashboard_Bootstrap/": null

2024-07-12 23:52:42 - [TEST_STEP][PASSED] - path_VT = "Object Repository/AdminSuiteBootstrap_Pages/VT_Bootstrap/IssueTransactions/": null

2024-07-12 23:52:42 - [TEST_STEP][PASSED] - path_Receipt = "Object Repository/AdminSuiteBootstrap_Pages/VT_Bootstrap/Receipt/": null

2024-07-12 23:52:42 - [TEST_STEP][PASSED] - path_CCSearch = "Object Repository/AdminSuiteBootstrap_Pages/VT_Bootstrap/CCCreditOrVoidSearch/": null

2024-07-12 23:52:42 - [TEST_STEP][PASSED] - path_SearchResults = "Object Repository/AdminSuiteBootstrap_Pages/VT_Bootstrap/SearchResults/": null

2024-07-12 23:52:42 - [TEST_STEP][PASSED] - path_TranxDetails = "Object Repository/AdminSuiteBootstrap_Pages/VT_Bootstrap/TransactionDetails/": null

2024-07-12 23:52:42 - [TEST_STEP][PASSED] - li_1 = vpos_Prefix: null

2024-07-12 23:52:42 - [TEST_STEP][PASSED] - li_2 = "/transactions/AuthCapForm/": null

2024-07-12 23:52:42 - [TEST_STEP][PASSED] - executionProfile = getExecutionProfile(): null

2024-07-12 23:52:42 - [TEST_STEP][PASSED] - out.println("executionProfile : " + executionProfile): null

2024-07-12 23:52:42 - [TEST_STEP][PASSED] - appName = <not implemented yet for class: org.codehaus.groovy.ast.expr.EmptyExpression>: null

2024-07-12 23:52:42 - [TEST_STEP][PASSED] - appID = <not implemented yet for class: org.codehaus.groovy.ast.expr.EmptyExpression>: null

2024-07-12 23:52:42 - [TEST_STEP][PASSED] - cardNameV = <not implemented yet for class: org.codehaus.groovy.ast.expr.EmptyExpression>: null

2024-07-12 23:52:42 - [TEST_STEP][PASSED] - al1V = <not implemented yet for class: org.codehaus.groovy.ast.expr.EmptyExpression>: null

2024-07-12 23:52:42 - [TEST_STEP][PASSED] - al2V = <not implemented yet for class: org.codehaus.groovy.ast.expr.EmptyExpression>: null

2024-07-12 23:52:42 - [TEST_STEP][PASSED] - zipV = <not implemented yet for class: org.codehaus.groovy.ast.expr.EmptyExpression>: null

2024-07-12 23:52:42 - [TEST_STEP][PASSED] - accType = <not implemented yet for class: org.codehaus.groovy.ast.expr.EmptyExpression>: null

2024-07-12 23:52:42 - [TEST_STEP][PASSED] - last4V = <not implemented yet for class: org.codehaus.groovy.ast.expr.EmptyExpression>: null

2024-07-12 23:52:42 - [TEST_STEP][PASSED] - resText = "Fail": null

2024-07-12 23:52:42 - [TEST_STEP][PASSED] - resColumn = "Result": null

2024-07-12 23:52:42 - [TEST_STEP][PASSED] - datCloumn = "Date": null

2024-07-12 23:52:42 - [TEST_STEP][PASSED] - fileLoc = "C:\KatalonData\Bootstrap\VT-ACH-Data.xlsx": null

2024-07-12 23:52:42 - [TEST_STEP][PASSED] - numOfRows = <not implemented yet for class: org.codehaus.groovy.ast.expr.EmptyExpression>: null

2024-07-12 23:52:42 - [TEST_STEP][PASSED] - dataFile = <not implemented yet for class: org.codehaus.groovy.ast.expr.EmptyExpression>: null

2024-07-12 23:52:42 - [TEST_STEP][PASSED] - nameSheet = <not implemented yet for class: org.codehaus.groovy.ast.expr.EmptyExpression>: null

2024-07-12 23:52:42 - [TEST_STEP][PASSED] - nameSheet = "VT-C-DebitCredit-SingleCF-Gener": null

2024-07-12 23:52:42 - [TEST_STEP][PASSED] - numOfRows = findTestData("QA/Bootstrap/VT-ACH-TestData/VT-DebitCreditDataCorp-SingleCF-Generic").getRowNumbers(): null

2024-07-12 23:52:43 - [TEST_STEP][PASSED] - println("Number of Records: " + numOfRows): null

2024-07-12 23:52:43 - [TEST_STEP][PASSED] - dataFile = "QA/Bootstrap/VT-ACH-TestData/VT-DebitCreditDataCorp-SingleCF-Generic": null

2024-07-12 23:52:43 - [TEST_STEP][PASSED] - for ([row = 1, row <= numOfRows, (row++)]): Browser is closed

2024-07-12 23:52:43 - [TEST_STEP][PASSED] - ExecuteTC = findTestData(dataFile).getValue("Execute", row): null

2024-07-12 23:52:43 - [TEST_STEP][PASSED] - out.println("Value of Execute is : " + ExecuteTC): null

2024-07-12 23:52:43 - [TEST_STEP][PASSED] - switch (executionProfile): null

2024-07-12 23:52:43 - [TEST_STEP][PASSED] - case "QA2Profile":: null

2024-07-12 23:52:43 - [TEST_STEP][PASSED] - appName = findTestData(dataFile).getValue("AppNameQA", row): null

2024-07-12 23:52:43 - [TEST_STEP][PASSED] - appID = findTestData(dataFile).getValue("AppIDQA", row): null

2024-07-12 23:52:43 - [TEST_STEP][PASSED] - break: null

2024-07-12 23:52:43 - [TEST_STEP][PASSED] - hrefAppID = li_1 + appID + li_2: null

2024-07-12 23:52:43 - [TEST_STEP][PASSED] - hrefApp = li_1 + appID + "/": null

2024-07-12 23:52:43 - [TEST_STEP][PASSED] - println("hrefApp : " + hrefApp): null

2024-07-12 23:52:43 - [TEST_STEP][PASSED] - if (ExecuteTC.equalsIgnoreCase("Y")): Browser is closed

2024-07-12 23:52:43 - [TEST_STEP][PASSED] - out.println("Begin Record Number: " + row): null

2024-07-12 23:52:43 - [TEST_STEP][PASSED] - today = new java.util.Date(): null

2024-07-12 23:52:43 - [TEST_STEP][PASSED] - println(today): null

2024-07-12 23:52:43 - [TEST_STEP][PASSED] - datText = today: null

2024-07-12 23:52:43 - [TEST_STEP][PASSED] - adminSuiteBootstrap.loginFunctionality.login_AdminSuite(): adminSuiteBootstrap.loginFunctionality.login_AdminSuite is PASSED

2024-07-12 23:52:43 - [MESSAGE][INFO] - Starting 'Chrome' driver

2024-07-12 23:52:43 - [MESSAGE][INFO] - User set preference: ['acceptInsecureCerts', 'true']

2024-07-12 23:52:43 - [MESSAGE][INFO] - Action delay is set to 0 milliseconds

2024-07-12 23:52:46 - [MESSAGE][PASSED] - Browser is opened with url: 'https://qa2.velocitypayment.com/admin/imtiaz'

2024-07-12 23:52:46 - [MESSAGE][PASSED] - Current window maximized

2024-07-12 23:52:46 - [MESSAGE][PASSED] - Object 'Object Repository/Login_Page/Login_Username_Okta' is present

2024-07-12 23:52:47 - [MESSAGE][PASSED] - Text 'iahmed' is set on object 'Object Repository/Login_Page/Login_Username_Okta'

2024-07-12 23:52:48 - [MESSAGE][PASSED] - Text 'Hello!6666666' is set on object 'Object Repository/Login_Page/Login_Password_Okta'

2024-07-12 23:52:49 - [MESSAGE][PASSED] - Object: 'Object Repository/Login_Page/Login_Submit_Okta' is clicked on

2024-07-12 23:52:49 - [MESSAGE][PASSED] - adminSuiteBootstrap.loginFunctionality.login_AdminSuite is PASSED

2024-07-12 23:52:49 - [TEST_STEP][PASSED] - click(findTestObject(path_Dashboard + appName)): Object: 'Object Repository/AdminSuiteBootstrap_Pages/Dashboard_Bootstrap/a_Access AutoSingleCFtpQA' is clicked on

2024-07-12 23:52:56 - [MESSAGE][PASSED] - Object: 'Object Repository/AdminSuiteBootstrap_Pages/Dashboard_Bootstrap/a_Access AutoSingleCFtpQA' is clicked on

2024-07-12 23:52:56 - [TEST_STEP][PASSED] - click(findTestObject(path_VT + "button_Debit")): Object: 'Object Repository/AdminSuiteBootstrap_Pages/VT_Bootstrap/IssueTransactions/button_Debit' is clicked on

2024-07-12 23:52:57 - [MESSAGE][PASSED] - Object: 'Object Repository/AdminSuiteBootstrap_Pages/VT_Bootstrap/IssueTransactions/button_Debit' is clicked on

2024-07-12 23:52:57 - [TEST_STEP][PASSED] - click(findTestObject(path_VT + "a_Corporate")): Object: 'Object Repository/AdminSuiteBootstrap_Pages/VT_Bootstrap/IssueTransactions/a_Corporate' is clicked on

2024-07-12 23:52:58 - [MESSAGE][PASSED] - Object: 'Object Repository/AdminSuiteBootstrap_Pages/VT_Bootstrap/IssueTransactions/a_Corporate' is clicked on

2024-07-12 23:52:58 - [TEST_STEP][PASSED] - adminSuiteBootstrap.debitCorporatesetData.debitCorporate_DataDriven(row, dataFile): adminSuiteBootstrap.debitCorporatesetData.debitCorporate_DataDriven is PASSED

2024-07-12 23:53:00 - [MESSAGE][PASSED] - Text 'Gambrills Corp' is set on object 'Object Repository/AdminSuiteBootstrap_Pages/VT_Bootstrap/ACHCorporate/input_companyName'

2024-07-12 23:53:01 - [MESSAGE][PASSED] - Text '133 Meadow Ln' is set on object 'Object Repository/AdminSuiteBootstrap_Pages/VT_Bootstrap/ACHCorporate/input_address'

2024-07-12 23:53:02 - [MESSAGE][PASSED] - Text 'apt #123' is set on object 'Object Repository/AdminSuiteBootstrap_Pages/VT_Bootstrap/ACHCorporate/input_address2'

2024-07-12 23:53:03 - [MESSAGE][PASSED] - Text '22201' is set on object 'Object Repository/AdminSuiteBootstrap_Pages/VT_Bootstrap/ACHCorporate/input_zip'

2024-07-12 23:53:03 - [MESSAGE][PASSED] - Text '' is set on object 'Object Repository/AdminSuiteBootstrap_Pages/VT_Bootstrap/ACHCorporate/input_emailAddress'

2024-07-12 23:53:05 - [MESSAGE][PASSED] - Text '' is set on object 'Object Repository/AdminSuiteBootstrap_Pages/VT_Bootstrap/ACHCorporate/input_smsNumber'

2024-07-12 23:53:05 - [MESSAGE][PASSED] - Text '45682001' is set on object 'Object Repository/AdminSuiteBootstrap_Pages/VT_Bootstrap/ACHCorporate/input_accountNumber'

2024-07-12 23:53:06 - [MESSAGE][PASSED] - Text '256072691' is set on object 'Object Repository/AdminSuiteBootstrap_Pages/VT_Bootstrap/ACHCorporate/input_routingNumber'

2024-07-12 23:53:07 - [MESSAGE][PASSED] - All options with label 'Checking' are selected in object 'Object Repository/AdminSuiteBootstrap_Pages/VT_Bootstrap/ACHCorporate/select_Checking'  using regular expression

2024-07-12 23:53:08 - [MESSAGE][PASSED] - All options with label 'CCD - Cash Concentration or Disbursement' are selected in object 'Object Repository/AdminSuiteBootstrap_Pages/VT_Bootstrap/ACHCorporate/select_STD'  using regular expression

2024-07-12 23:53:09 - [MESSAGE][PASSED] - Text '12.50' is set on object 'Object Repository/AdminSuiteBootstrap_Pages/VT_Bootstrap/ACHCorporate/input_amount'

2024-07-12 23:53:10 - [MESSAGE][PASSED] - Text '569847856' is set on object 'Object Repository/AdminSuiteBootstrap_Pages/VT_Bootstrap/ACHCorporate/input_ein'

2024-07-12 23:53:11 - [MESSAGE][PASSED] - Text 'Denmark' is set on object 'Object Repository/AdminSuiteBootstrap_Pages/VT_Bootstrap/ACHCorporate/input_userDefined1'

2024-07-12 23:53:12 - [MESSAGE][PASSED] - Text 'Australia' is set on object 'Object Repository/AdminSuiteBootstrap_Pages/VT_Bootstrap/ACHCorporate/input_userDefined2'

2024-07-12 23:53:13 - [MESSAGE][PASSED] - Text 'Austria' is set on object 'Object Repository/AdminSuiteBootstrap_Pages/VT_Bootstrap/ACHCorporate/input_userDefined3'

2024-07-12 23:53:13 - [MESSAGE][PASSED] - Text 'Sweden' is set on object 'Object Repository/AdminSuiteBootstrap_Pages/VT_Bootstrap/ACHCorporate/input_userDefined4'

2024-07-12 23:53:14 - [MESSAGE][PASSED] - All options with label 'Yellow' are selected in object 'Object Repository/AdminSuiteBootstrap_Pages/VT_Bootstrap/ACHCorporate/select_UDF5'  using regular expression

2024-07-12 23:53:15 - [MESSAGE][PASSED] - All options with label 'Orange' are selected in object 'Object Repository/AdminSuiteBootstrap_Pages/VT_Bootstrap/ACHCorporate/select_UDF6'  using regular expression

2024-07-12 23:53:16 - [MESSAGE][PASSED] - Text 'Netherlands' is set on object 'Object Repository/AdminSuiteBootstrap_Pages/VT_Bootstrap/ACHCorporate/input_userDefined7'

2024-07-12 23:53:17 - [MESSAGE][PASSED] - Text 'Norway' is set on object 'Object Repository/AdminSuiteBootstrap_Pages/VT_Bootstrap/ACHCorporate/input_userDefined8'

2024-07-12 23:53:17 - [MESSAGE][PASSED] - Text 'France' is set on object 'Object Repository/AdminSuiteBootstrap_Pages/VT_Bootstrap/ACHCorporate/input_userDefined9'

2024-07-12 23:53:18 - [MESSAGE][PASSED] - Text 'Switzerland' is set on object 'Object Repository/AdminSuiteBootstrap_Pages/VT_Bootstrap/ACHCorporate/input_userDefined10'

2024-07-12 23:53:19 - [MESSAGE][PASSED] - Object: 'Object Repository/AdminSuiteBootstrap_Pages/VT_Bootstrap/ACHCorporate/button_Submit' is clicked on

2024-07-12 23:53:19 - [MESSAGE][PASSED] - adminSuiteBootstrap.debitCorporatesetData.debitCorporate_DataDriven is PASSED

2024-07-12 23:53:19 - [TEST_STEP][PASSED] - if (verifyTextPresent("Transaction Successful", true)): null

2024-07-12 23:53:20 - [MESSAGE][PASSED] - Text 'Transaction Successful' is present on page  using regular expression

2024-07-12 23:53:20 - [TEST_STEP][PASSED] - sdf = getText(findTestObject(path_Receipt + "td_AutoNoC031622113752957Ahm")): Text of object 'Object Repository/AdminSuiteBootstrap_Pages/VT_Bootstrap/Receipt/td_AutoNoC031622113752957Ahm' is: 'AutoSingle071224234548Ahm'

2024-07-12 23:53:20 - [MESSAGE][PASSED] - Text of object 'Object Repository/AdminSuiteBootstrap_Pages/VT_Bootstrap/Receipt/td_AutoNoC031622113752957Ahm' is: 'AutoSingle071224234548Ahm'

2024-07-12 23:53:20 - [TEST_STEP][PASSED] - out.println("sdf: " + sdf): null

2024-07-12 23:53:20 - [TEST_STEP][PASSED] - remID = sdf: null

2024-07-12 23:53:20 - [TEST_STEP][PASSED] - out.println("remID: " + remID): null

2024-07-12 23:53:20 - [TEST_STEP][PASSED] - click(findTestObject(path_Receipt + "button_Continue")): Object: 'Object Repository/AdminSuiteBootstrap_Pages/VT_Bootstrap/Receipt/button_Continue' is clicked on

2024-07-12 23:53:21 - [MESSAGE][PASSED] - Object: 'Object Repository/AdminSuiteBootstrap_Pages/VT_Bootstrap/Receipt/button_Continue' is clicked on

2024-07-12 23:53:21 - [TEST_STEP][PASSED] - click(findTestObject(path_VT + "a_Search Transactions")): Object: 'Object Repository/AdminSuiteBootstrap_Pages/VT_Bootstrap/IssueTransactions/a_Search Transactions' is clicked on

2024-07-12 23:53:22 - [MESSAGE][PASSED] - Object: 'Object Repository/AdminSuiteBootstrap_Pages/VT_Bootstrap/IssueTransactions/a_Search Transactions' is clicked on

2024-07-12 23:53:22 - [TEST_STEP][PASSED] - setText(findTestObject(path_CCSearch + "input_Search By_searchValue"), remID): Text 'AutoSingle071224234548Ahm' is set on object 'Object Repository/AdminSuiteBootstrap_Pages/VT_Bootstrap/CCCreditOrVoidSearch/input_Search By_searchValue'

2024-07-12 23:53:23 - [MESSAGE][PASSED] - Text 'AutoSingle071224234548Ahm' is set on object 'Object Repository/AdminSuiteBootstrap_Pages/VT_Bootstrap/CCCreditOrVoidSearch/input_Search By_searchValue'

2024-07-12 23:53:23 - [TEST_STEP][PASSED] - click(findTestObject(path_CCSearch + "button_Submit")): Object: 'Object Repository/AdminSuiteBootstrap_Pages/VT_Bootstrap/CCCreditOrVoidSearch/button_Submit' is clicked on

2024-07-12 23:53:24 - [MESSAGE][PASSED] - Object: 'Object Repository/AdminSuiteBootstrap_Pages/VT_Bootstrap/CCCreditOrVoidSearch/button_Submit' is clicked on

2024-07-12 23:53:24 - [TEST_STEP][PASSED] - click(findTestObject(path_SearchResults + "button_PaymentID")): Object: 'Object Repository/AdminSuiteBootstrap_Pages/VT_Bootstrap/SearchResults/button_PaymentID' is clicked on

2024-07-12 23:53:25 - [MESSAGE][PASSED] - Object: 'Object Repository/AdminSuiteBootstrap_Pages/VT_Bootstrap/SearchResults/button_PaymentID' is clicked on

2024-07-12 23:53:25 - [TEST_STEP][PASSED] - verifyTextPresent("Tender Type", true): Text 'Tender Type' is present on page  using regular expression

2024-07-12 23:53:25 - [MESSAGE][PASSED] - Text 'Tender Type' is present on page  using regular expression

2024-07-12 23:53:25 - [TEST_STEP][PASSED] - verifyTextPresent("Transaction Type", true): Text 'Transaction Type' is present on page  using regular expression

2024-07-12 23:53:26 - [MESSAGE][PASSED] - Text 'Transaction Type' is present on page  using regular expression

2024-07-12 23:53:26 - [TEST_STEP][PASSED] - verifyTextPresent("Transaction Posted by", true): Text 'Transaction Posted by' is present on page  using regular expression

2024-07-12 23:53:26 - [MESSAGE][PASSED] - Text 'Transaction Posted by' is present on page  using regular expression

2024-07-12 23:53:26 - [TEST_STEP][PASSED] - verifyTextPresent("iahmed", true): Text 'iahmed' is present on page  using regular expression

2024-07-12 23:53:26 - [MESSAGE][PASSED] - Text 'iahmed' is present on page  using regular expression

2024-07-12 23:53:26 - [TEST_STEP][PASSED] - verifyTextPresent("Debit", true): Text 'Debit' is present on page  using regular expression

2024-07-12 23:53:27 - [MESSAGE][PASSED] - Text 'Debit' is present on page  using regular expression

2024-07-12 23:53:27 - [TEST_STEP][PASSED] - click(findTestObject(path_TranxDetails + "a_Credit this transaction")): Object: 'Object Repository/AdminSuiteBootstrap_Pages/VT_Bootstrap/TransactionDetails/a_Credit this transaction' is clicked on

2024-07-12 23:53:27 - [MESSAGE][PASSED] - Object: 'Object Repository/AdminSuiteBootstrap_Pages/VT_Bootstrap/TransactionDetails/a_Credit this transaction' is clicked on

2024-07-12 23:53:27 - [TEST_STEP][PASSED] - partialACNumber = findTestData(dataFile).getValue("AutoCreditNumber", row): null

2024-07-12 23:53:28 - [TEST_STEP][PASSED] - setText(findTestObject(path_TranxDetails + "input_C_accountNumberPrefix"), partialACNumber): Text '4568' is set on object 'Object Repository/AdminSuiteBootstrap_Pages/VT_Bootstrap/TransactionDetails/input_C_accountNumberPrefix'

2024-07-12 23:53:29 - [MESSAGE][PASSED] - Text '4568' is set on object 'Object Repository/AdminSuiteBootstrap_Pages/VT_Bootstrap/TransactionDetails/input_C_accountNumberPrefix'

2024-07-12 23:53:29 - [TEST_STEP][PASSED] - click(findTestObject(path_TranxDetails + "button_Submit")): Object: 'Object Repository/AdminSuiteBootstrap_Pages/VT_Bootstrap/TransactionDetails/button_Submit' is clicked on

2024-07-12 23:53:29 - [MESSAGE][PASSED] - Object: 'Object Repository/AdminSuiteBootstrap_Pages/VT_Bootstrap/TransactionDetails/button_Submit' is clicked on

2024-07-12 23:53:29 - [TEST_STEP][PASSED] - verifyTextPresent("Transaction Successful", true): Text 'Transaction Successful' is present on page  using regular expression

2024-07-12 23:53:30 - [MESSAGE][PASSED] - Text 'Transaction Successful' is present on page  using regular expression

2024-07-12 23:53:30 - [TEST_STEP][PASSED] - verifyTextPresent("Transaction Type", true): Text 'Transaction Type' is present on page  using regular expression

2024-07-12 23:53:30 - [MESSAGE][PASSED] - Text 'Transaction Type' is present on page  using regular expression

2024-07-12 23:53:30 - [TEST_STEP][PASSED] - verifyTextPresent("Credit", true): Text 'Credit' is present on page  using regular expression

2024-07-12 23:53:31 - [MESSAGE][PASSED] - Text 'Credit' is present on page  using regular expression

2024-07-12 23:53:31 - [TEST_STEP][PASSED] - closeBrowser(): Browser is closed

2024-07-12 23:53:32 - [MESSAGE][PASSED] - Browser is closed]]></system-out>
         <system-err><![CDATA[]]></system-err>
      </testcase>
      <testcase name="Test Cases/Admin Suite Bootstrap/VT_ACH_TestCases/DebitCorporateVoid_TP_DualCF_Generic_Payment_TC" time="49.718" classname="Test Cases/Admin Suite Bootstrap/VT_ACH_TestCases/DebitCorporateVoid_TP_DualCF_Generic_Payment_TC" status="PASSED">
         <system-out><![CDATA[2024-07-12 23:53:32 - [TEST_CASE][PASSED] - Test Cases/Admin Suite Bootstrap/VT_ACH_TestCases/DebitCorporateVoid_TP_DualCF_Generic_Payment_TC: Test Cases/Admin Suite Bootstrap/VT_ACH_TestCases/DebitCorporateVoid_TP_DualCF_Generic_Payment_TC

2024-07-12 23:53:32 - [TEST_STEP][PASSED] - path_Dashboard = "Object Repository/AdminSuiteBootstrap_Pages/Dashboard_Bootstrap/": null

2024-07-12 23:53:32 - [TEST_STEP][PASSED] - path_VT = "Object Repository/AdminSuiteBootstrap_Pages/VT_Bootstrap/IssueTransactions/": null

2024-07-12 23:53:32 - [TEST_STEP][PASSED] - path_Receipt = "Object Repository/AdminSuiteBootstrap_Pages/VT_Bootstrap/Receipt/": null

2024-07-12 23:53:32 - [TEST_STEP][PASSED] - path_CCSearch = "Object Repository/AdminSuiteBootstrap_Pages/VT_Bootstrap/CCCreditOrVoidSearch/": null

2024-07-12 23:53:32 - [TEST_STEP][PASSED] - path_SearchResults = "Object Repository/AdminSuiteBootstrap_Pages/VT_Bootstrap/SearchResults/": null

2024-07-12 23:53:32 - [TEST_STEP][PASSED] - path_TranxDetails = "Object Repository/AdminSuiteBootstrap_Pages/VT_Bootstrap/TransactionDetails/": null

2024-07-12 23:53:32 - [TEST_STEP][PASSED] - li_1 = vpos_Prefix: null

2024-07-12 23:53:32 - [TEST_STEP][PASSED] - li_2 = "/transactions/AuthCapForm/": null

2024-07-12 23:53:32 - [TEST_STEP][PASSED] - executionProfile = getExecutionProfile(): null

2024-07-12 23:53:32 - [TEST_STEP][PASSED] - out.println("executionProfile : " + executionProfile): null

2024-07-12 23:53:32 - [TEST_STEP][PASSED] - appName = <not implemented yet for class: org.codehaus.groovy.ast.expr.EmptyExpression>: null

2024-07-12 23:53:32 - [TEST_STEP][PASSED] - appID = <not implemented yet for class: org.codehaus.groovy.ast.expr.EmptyExpression>: null

2024-07-12 23:53:32 - [TEST_STEP][PASSED] - cardNameV = <not implemented yet for class: org.codehaus.groovy.ast.expr.EmptyExpression>: null

2024-07-12 23:53:32 - [TEST_STEP][PASSED] - al1V = <not implemented yet for class: org.codehaus.groovy.ast.expr.EmptyExpression>: null

2024-07-12 23:53:32 - [TEST_STEP][PASSED] - al2V = <not implemented yet for class: org.codehaus.groovy.ast.expr.EmptyExpression>: null

2024-07-12 23:53:32 - [TEST_STEP][PASSED] - zipV = <not implemented yet for class: org.codehaus.groovy.ast.expr.EmptyExpression>: null

2024-07-12 23:53:32 - [TEST_STEP][PASSED] - accType = <not implemented yet for class: org.codehaus.groovy.ast.expr.EmptyExpression>: null

2024-07-12 23:53:32 - [TEST_STEP][PASSED] - last4V = <not implemented yet for class: org.codehaus.groovy.ast.expr.EmptyExpression>: null

2024-07-12 23:53:32 - [TEST_STEP][PASSED] - ein = <not implemented yet for class: org.codehaus.groovy.ast.expr.EmptyExpression>: null

2024-07-12 23:53:32 - [TEST_STEP][PASSED] - resText = "Fail": null

2024-07-12 23:53:32 - [TEST_STEP][PASSED] - resColumn = "Result": null

2024-07-12 23:53:32 - [TEST_STEP][PASSED] - datCloumn = "Date": null

2024-07-12 23:53:32 - [TEST_STEP][PASSED] - fileLoc = "C:\KatalonData\Bootstrap\VT-ACH-Data.xlsx": null

2024-07-12 23:53:32 - [TEST_STEP][PASSED] - numOfRows = <not implemented yet for class: org.codehaus.groovy.ast.expr.EmptyExpression>: null

2024-07-12 23:53:32 - [TEST_STEP][PASSED] - dataFile = <not implemented yet for class: org.codehaus.groovy.ast.expr.EmptyExpression>: null

2024-07-12 23:53:32 - [TEST_STEP][PASSED] - nameSheet = <not implemented yet for class: org.codehaus.groovy.ast.expr.EmptyExpression>: null

2024-07-12 23:53:32 - [TEST_STEP][PASSED] - nameSheet = "VT-C-DebitVoid-DualCF-Generic": null

2024-07-12 23:53:32 - [TEST_STEP][PASSED] - numOfRows = findTestData("QA/Bootstrap/VT-ACH-TestData/VT-DebitVoidDataCorp-DualCF-Generic").getRowNumbers(): null

2024-07-12 23:53:32 - [TEST_STEP][PASSED] - println("Number of Records: " + numOfRows): null

2024-07-12 23:53:32 - [TEST_STEP][PASSED] - dataFile = "QA/Bootstrap/VT-ACH-TestData/VT-DebitVoidDataCorp-DualCF-Generic": null

2024-07-12 23:53:32 - [TEST_STEP][PASSED] - for ([row = 1, row <= numOfRows, (row++)]): Browser is closed

2024-07-12 23:53:32 - [TEST_STEP][PASSED] - ExecuteTC = findTestData(dataFile).getValue("Execute", row): null

2024-07-12 23:53:33 - [TEST_STEP][PASSED] - out.println("Value of Execute is : " + ExecuteTC): null

2024-07-12 23:53:33 - [TEST_STEP][PASSED] - switch (executionProfile): null

2024-07-12 23:53:33 - [TEST_STEP][PASSED] - case "QA2Profile":: null

2024-07-12 23:53:33 - [TEST_STEP][PASSED] - appName = findTestData(dataFile).getValue("AppNameQA", row): null

2024-07-12 23:53:33 - [TEST_STEP][PASSED] - appID = findTestData(dataFile).getValue("AppIDQA", row): null

2024-07-12 23:53:33 - [TEST_STEP][PASSED] - break: null

2024-07-12 23:53:33 - [TEST_STEP][PASSED] - hrefAppID = li_1 + appID + li_2: null

2024-07-12 23:53:33 - [TEST_STEP][PASSED] - hrefApp = li_1 + appID + "/": null

2024-07-12 23:53:33 - [TEST_STEP][PASSED] - println("hrefApp : " + hrefApp): null

2024-07-12 23:53:33 - [TEST_STEP][PASSED] - if (ExecuteTC.equalsIgnoreCase("Y")): Browser is closed

2024-07-12 23:53:33 - [TEST_STEP][PASSED] - out.println("Begin Record Number: " + row): null

2024-07-12 23:53:33 - [TEST_STEP][PASSED] - today = new java.util.Date(): null

2024-07-12 23:53:33 - [TEST_STEP][PASSED] - println(today): null

2024-07-12 23:53:33 - [TEST_STEP][PASSED] - datText = today: null

2024-07-12 23:53:33 - [TEST_STEP][PASSED] - adminSuiteBootstrap.loginFunctionality.login_AdminSuite(): adminSuiteBootstrap.loginFunctionality.login_AdminSuite is PASSED

2024-07-12 23:53:33 - [MESSAGE][INFO] - Starting 'Chrome' driver

2024-07-12 23:53:33 - [MESSAGE][INFO] - User set preference: ['acceptInsecureCerts', 'true']

2024-07-12 23:53:33 - [MESSAGE][INFO] - Action delay is set to 0 milliseconds

2024-07-12 23:53:35 - [MESSAGE][PASSED] - Browser is opened with url: 'https://qa2.velocitypayment.com/admin/imtiaz'

2024-07-12 23:53:36 - [MESSAGE][PASSED] - Current window maximized

2024-07-12 23:53:36 - [MESSAGE][PASSED] - Object 'Object Repository/Login_Page/Login_Username_Okta' is present

2024-07-12 23:53:37 - [MESSAGE][PASSED] - Text 'iahmed' is set on object 'Object Repository/Login_Page/Login_Username_Okta'

2024-07-12 23:53:38 - [MESSAGE][PASSED] - Text 'Hello!6666666' is set on object 'Object Repository/Login_Page/Login_Password_Okta'

2024-07-12 23:53:39 - [MESSAGE][PASSED] - Object: 'Object Repository/Login_Page/Login_Submit_Okta' is clicked on

2024-07-12 23:53:39 - [MESSAGE][PASSED] - adminSuiteBootstrap.loginFunctionality.login_AdminSuite is PASSED

2024-07-12 23:53:39 - [TEST_STEP][PASSED] - click(findTestObject(path_Dashboard + appName)): Object: 'Object Repository/AdminSuiteBootstrap_Pages/Dashboard_Bootstrap/a_Access AutoDualCFtpQA' is clicked on

2024-07-12 23:53:46 - [MESSAGE][PASSED] - Object: 'Object Repository/AdminSuiteBootstrap_Pages/Dashboard_Bootstrap/a_Access AutoDualCFtpQA' is clicked on

2024-07-12 23:53:46 - [TEST_STEP][PASSED] - click(findTestObject(path_VT + "button_Debit")): Object: 'Object Repository/AdminSuiteBootstrap_Pages/VT_Bootstrap/IssueTransactions/button_Debit' is clicked on

2024-07-12 23:53:47 - [MESSAGE][PASSED] - Object: 'Object Repository/AdminSuiteBootstrap_Pages/VT_Bootstrap/IssueTransactions/button_Debit' is clicked on

2024-07-12 23:53:47 - [TEST_STEP][PASSED] - click(findTestObject(path_VT + "a_Corporate")): Object: 'Object Repository/AdminSuiteBootstrap_Pages/VT_Bootstrap/IssueTransactions/a_Corporate' is clicked on

2024-07-12 23:53:48 - [MESSAGE][PASSED] - Object: 'Object Repository/AdminSuiteBootstrap_Pages/VT_Bootstrap/IssueTransactions/a_Corporate' is clicked on

2024-07-12 23:53:48 - [TEST_STEP][PASSED] - adminSuiteBootstrap.debitCorporatesetData.debitCorporate_DataDriven(row, dataFile): adminSuiteBootstrap.debitCorporatesetData.debitCorporate_DataDriven is PASSED

2024-07-12 23:53:50 - [MESSAGE][PASSED] - Text 'Gambrills Corp' is set on object 'Object Repository/AdminSuiteBootstrap_Pages/VT_Bootstrap/ACHCorporate/input_companyName'

2024-07-12 23:53:51 - [MESSAGE][PASSED] - Text '133 Meadow Ln' is set on object 'Object Repository/AdminSuiteBootstrap_Pages/VT_Bootstrap/ACHCorporate/input_address'

2024-07-12 23:53:52 - [MESSAGE][PASSED] - Text 'apt #123' is set on object 'Object Repository/AdminSuiteBootstrap_Pages/VT_Bootstrap/ACHCorporate/input_address2'

2024-07-12 23:53:53 - [MESSAGE][PASSED] - Text '22201' is set on object 'Object Repository/AdminSuiteBootstrap_Pages/VT_Bootstrap/ACHCorporate/input_zip'

2024-07-12 23:53:53 - [MESSAGE][PASSED] - Text '' is set on object 'Object Repository/AdminSuiteBootstrap_Pages/VT_Bootstrap/ACHCorporate/input_emailAddress'

2024-07-12 23:53:55 - [MESSAGE][PASSED] - Text '' is set on object 'Object Repository/AdminSuiteBootstrap_Pages/VT_Bootstrap/ACHCorporate/input_smsNumber'

2024-07-12 23:53:55 - [MESSAGE][PASSED] - Text '45682001' is set on object 'Object Repository/AdminSuiteBootstrap_Pages/VT_Bootstrap/ACHCorporate/input_accountNumber'

2024-07-12 23:53:56 - [MESSAGE][PASSED] - Text '256072691' is set on object 'Object Repository/AdminSuiteBootstrap_Pages/VT_Bootstrap/ACHCorporate/input_routingNumber'

2024-07-12 23:53:57 - [MESSAGE][PASSED] - All options with label 'Checking' are selected in object 'Object Repository/AdminSuiteBootstrap_Pages/VT_Bootstrap/ACHCorporate/select_Checking'  using regular expression

2024-07-12 23:53:58 - [MESSAGE][PASSED] - All options with label 'CCD - Cash Concentration or Disbursement' are selected in object 'Object Repository/AdminSuiteBootstrap_Pages/VT_Bootstrap/ACHCorporate/select_STD'  using regular expression

2024-07-12 23:53:59 - [MESSAGE][PASSED] - Text '12.50' is set on object 'Object Repository/AdminSuiteBootstrap_Pages/VT_Bootstrap/ACHCorporate/input_amount'

2024-07-12 23:54:00 - [MESSAGE][PASSED] - Text '569847856' is set on object 'Object Repository/AdminSuiteBootstrap_Pages/VT_Bootstrap/ACHCorporate/input_ein'

2024-07-12 23:54:01 - [MESSAGE][PASSED] - Text 'Denmark' is set on object 'Object Repository/AdminSuiteBootstrap_Pages/VT_Bootstrap/ACHCorporate/input_userDefined1'

2024-07-12 23:54:02 - [MESSAGE][PASSED] - Text 'Australia' is set on object 'Object Repository/AdminSuiteBootstrap_Pages/VT_Bootstrap/ACHCorporate/input_userDefined2'

2024-07-12 23:54:02 - [MESSAGE][PASSED] - Text 'Austria' is set on object 'Object Repository/AdminSuiteBootstrap_Pages/VT_Bootstrap/ACHCorporate/input_userDefined3'

2024-07-12 23:54:03 - [MESSAGE][PASSED] - Text 'Sweden' is set on object 'Object Repository/AdminSuiteBootstrap_Pages/VT_Bootstrap/ACHCorporate/input_userDefined4'

2024-07-12 23:54:04 - [MESSAGE][PASSED] - All options with label 'Yellow' are selected in object 'Object Repository/AdminSuiteBootstrap_Pages/VT_Bootstrap/ACHCorporate/select_UDF5'  using regular expression

2024-07-12 23:54:05 - [MESSAGE][PASSED] - All options with label 'Orange' are selected in object 'Object Repository/AdminSuiteBootstrap_Pages/VT_Bootstrap/ACHCorporate/select_UDF6'  using regular expression

2024-07-12 23:54:06 - [MESSAGE][PASSED] - Text 'Netherlands' is set on object 'Object Repository/AdminSuiteBootstrap_Pages/VT_Bootstrap/ACHCorporate/input_userDefined7'

2024-07-12 23:54:06 - [MESSAGE][PASSED] - Text 'Norway' is set on object 'Object Repository/AdminSuiteBootstrap_Pages/VT_Bootstrap/ACHCorporate/input_userDefined8'

2024-07-12 23:54:07 - [MESSAGE][PASSED] - Text 'France' is set on object 'Object Repository/AdminSuiteBootstrap_Pages/VT_Bootstrap/ACHCorporate/input_userDefined9'

2024-07-12 23:54:08 - [MESSAGE][PASSED] - Text 'Switzerland' is set on object 'Object Repository/AdminSuiteBootstrap_Pages/VT_Bootstrap/ACHCorporate/input_userDefined10'

2024-07-12 23:54:09 - [MESSAGE][PASSED] - Object: 'Object Repository/AdminSuiteBootstrap_Pages/VT_Bootstrap/ACHCorporate/button_Submit' is clicked on

2024-07-12 23:54:09 - [MESSAGE][PASSED] - adminSuiteBootstrap.debitCorporatesetData.debitCorporate_DataDriven is PASSED

2024-07-12 23:54:09 - [TEST_STEP][PASSED] - if (verifyTextPresent("Transaction Successful", true)): null

2024-07-12 23:54:10 - [MESSAGE][PASSED] - Text 'Transaction Successful' is present on page  using regular expression

2024-07-12 23:54:10 - [TEST_STEP][PASSED] - sdf = getText(findTestObject(path_Receipt + "td_AutoNoC031622113752957Ahm")): Text of object 'Object Repository/AdminSuiteBootstrap_Pages/VT_Bootstrap/Receipt/td_AutoNoC031622113752957Ahm' is: 'AutoDualCF071224234638Ahm'

2024-07-12 23:54:10 - [MESSAGE][PASSED] - Text of object 'Object Repository/AdminSuiteBootstrap_Pages/VT_Bootstrap/Receipt/td_AutoNoC031622113752957Ahm' is: 'AutoDualCF071224234638Ahm'

2024-07-12 23:54:10 - [TEST_STEP][PASSED] - out.println("sdf: " + sdf): null

2024-07-12 23:54:10 - [TEST_STEP][PASSED] - remID = sdf: null

2024-07-12 23:54:10 - [TEST_STEP][PASSED] - out.println("remID: " + remID): null

2024-07-12 23:54:10 - [TEST_STEP][PASSED] - click(findTestObject(path_Receipt + "button_Continue")): Object: 'Object Repository/AdminSuiteBootstrap_Pages/VT_Bootstrap/Receipt/button_Continue' is clicked on

2024-07-12 23:54:11 - [MESSAGE][PASSED] - Object: 'Object Repository/AdminSuiteBootstrap_Pages/VT_Bootstrap/Receipt/button_Continue' is clicked on

2024-07-12 23:54:11 - [TEST_STEP][PASSED] - click(findTestObject(path_VT + "a_Search Transactions")): Object: 'Object Repository/AdminSuiteBootstrap_Pages/VT_Bootstrap/IssueTransactions/a_Search Transactions' is clicked on

2024-07-12 23:54:12 - [MESSAGE][PASSED] - Object: 'Object Repository/AdminSuiteBootstrap_Pages/VT_Bootstrap/IssueTransactions/a_Search Transactions' is clicked on

2024-07-12 23:54:12 - [TEST_STEP][PASSED] - setText(findTestObject(path_CCSearch + "input_Search By_searchValue"), remID): Text 'AutoDualCF071224234638Ahm' is set on object 'Object Repository/AdminSuiteBootstrap_Pages/VT_Bootstrap/CCCreditOrVoidSearch/input_Search By_searchValue'

2024-07-12 23:54:13 - [MESSAGE][PASSED] - Text 'AutoDualCF071224234638Ahm' is set on object 'Object Repository/AdminSuiteBootstrap_Pages/VT_Bootstrap/CCCreditOrVoidSearch/input_Search By_searchValue'

2024-07-12 23:54:13 - [TEST_STEP][PASSED] - click(findTestObject(path_CCSearch + "button_Submit")): Object: 'Object Repository/AdminSuiteBootstrap_Pages/VT_Bootstrap/CCCreditOrVoidSearch/button_Submit' is clicked on

2024-07-12 23:54:14 - [MESSAGE][PASSED] - Object: 'Object Repository/AdminSuiteBootstrap_Pages/VT_Bootstrap/CCCreditOrVoidSearch/button_Submit' is clicked on

2024-07-12 23:54:14 - [TEST_STEP][PASSED] - click(findTestObject(path_SearchResults + "button_PaymentID")): Object: 'Object Repository/AdminSuiteBootstrap_Pages/VT_Bootstrap/SearchResults/button_PaymentID' is clicked on

2024-07-12 23:54:15 - [MESSAGE][PASSED] - Object: 'Object Repository/AdminSuiteBootstrap_Pages/VT_Bootstrap/SearchResults/button_PaymentID' is clicked on

2024-07-12 23:54:15 - [TEST_STEP][PASSED] - verifyTextPresent("Tender Type", true): Text 'Tender Type' is present on page  using regular expression

2024-07-12 23:54:15 - [MESSAGE][PASSED] - Text 'Tender Type' is present on page  using regular expression

2024-07-12 23:54:15 - [TEST_STEP][PASSED] - verifyTextPresent("Transaction Type", true): Text 'Transaction Type' is present on page  using regular expression

2024-07-12 23:54:16 - [MESSAGE][PASSED] - Text 'Transaction Type' is present on page  using regular expression

2024-07-12 23:54:16 - [TEST_STEP][PASSED] - verifyTextPresent("Transaction Posted by", true): Text 'Transaction Posted by' is present on page  using regular expression

2024-07-12 23:54:16 - [MESSAGE][PASSED] - Text 'Transaction Posted by' is present on page  using regular expression

2024-07-12 23:54:16 - [TEST_STEP][PASSED] - verifyTextPresent("iahmed", true): Text 'iahmed' is present on page  using regular expression

2024-07-12 23:54:16 - [MESSAGE][PASSED] - Text 'iahmed' is present on page  using regular expression

2024-07-12 23:54:16 - [TEST_STEP][PASSED] - verifyTextPresent("Debit", true): Text 'Debit' is present on page  using regular expression

2024-07-12 23:54:17 - [MESSAGE][PASSED] - Text 'Debit' is present on page  using regular expression

2024-07-12 23:54:17 - [TEST_STEP][PASSED] - click(findTestObject(path_TranxDetails + "a_Void this transaction")): Object: 'Object Repository/AdminSuiteBootstrap_Pages/VT_Bootstrap/TransactionDetails/a_Void this transaction' is clicked on

2024-07-12 23:54:17 - [MESSAGE][PASSED] - Object: 'Object Repository/AdminSuiteBootstrap_Pages/VT_Bootstrap/TransactionDetails/a_Void this transaction' is clicked on

2024-07-12 23:54:17 - [TEST_STEP][PASSED] - verifyTextPresent("The following transaction will be voided", true): Text 'The following transaction will be voided' is present on page  using regular expression

2024-07-12 23:54:18 - [MESSAGE][PASSED] - Text 'The following transaction will be voided' is present on page  using regular expression

2024-07-12 23:54:18 - [TEST_STEP][PASSED] - verifyTextPresent("Please press submit to continue", true): Text 'Please press submit to continue' is present on page  using regular expression

2024-07-12 23:54:18 - [MESSAGE][PASSED] - Text 'Please press submit to continue' is present on page  using regular expression

2024-07-12 23:54:18 - [TEST_STEP][PASSED] - click(findTestObject(path_TranxDetails + "button_Submit")): Object: 'Object Repository/AdminSuiteBootstrap_Pages/VT_Bootstrap/TransactionDetails/button_Submit' is clicked on

2024-07-12 23:54:19 - [MESSAGE][PASSED] - Object: 'Object Repository/AdminSuiteBootstrap_Pages/VT_Bootstrap/TransactionDetails/button_Submit' is clicked on

2024-07-12 23:54:19 - [TEST_STEP][PASSED] - verifyTextPresent("Transaction Successful", true): Text 'Transaction Successful' is present on page  using regular expression

2024-07-12 23:54:20 - [MESSAGE][PASSED] - Text 'Transaction Successful' is present on page  using regular expression

2024-07-12 23:54:20 - [TEST_STEP][PASSED] - verifyTextPresent("Transaction Type", true): Text 'Transaction Type' is present on page  using regular expression

2024-07-12 23:54:20 - [MESSAGE][PASSED] - Text 'Transaction Type' is present on page  using regular expression

2024-07-12 23:54:20 - [TEST_STEP][PASSED] - verifyTextPresent("Void", true): Text 'Void' is present on page  using regular expression

2024-07-12 23:54:20 - [MESSAGE][PASSED] - Text 'Void' is present on page  using regular expression

2024-07-12 23:54:20 - [TEST_STEP][PASSED] - closeBrowser(): Browser is closed

2024-07-12 23:54:22 - [MESSAGE][PASSED] - Browser is closed]]></system-out>
         <system-err><![CDATA[]]></system-err>
      </testcase>
      <testcase name="Test Cases/Admin Suite Bootstrap/VT_ACH_TestCases/DebitCorporateVoid_TP_NoCF_Generic_Payment_TC" time="48.901" classname="Test Cases/Admin Suite Bootstrap/VT_ACH_TestCases/DebitCorporateVoid_TP_NoCF_Generic_Payment_TC" status="PASSED">
         <system-out><![CDATA[2024-07-12 23:54:22 - [TEST_CASE][PASSED] - Test Cases/Admin Suite Bootstrap/VT_ACH_TestCases/DebitCorporateVoid_TP_NoCF_Generic_Payment_TC: Test Cases/Admin Suite Bootstrap/VT_ACH_TestCases/DebitCorporateVoid_TP_NoCF_Generic_Payment_TC

2024-07-12 23:54:22 - [TEST_STEP][PASSED] - path_Dashboard = "Object Repository/AdminSuiteBootstrap_Pages/Dashboard_Bootstrap/": null

2024-07-12 23:54:22 - [TEST_STEP][PASSED] - path_VT = "Object Repository/AdminSuiteBootstrap_Pages/VT_Bootstrap/IssueTransactions/": null

2024-07-12 23:54:22 - [TEST_STEP][PASSED] - path_Receipt = "Object Repository/AdminSuiteBootstrap_Pages/VT_Bootstrap/Receipt/": null

2024-07-12 23:54:22 - [TEST_STEP][PASSED] - path_CCSearch = "Object Repository/AdminSuiteBootstrap_Pages/VT_Bootstrap/CCCreditOrVoidSearch/": null

2024-07-12 23:54:22 - [TEST_STEP][PASSED] - path_SearchResults = "Object Repository/AdminSuiteBootstrap_Pages/VT_Bootstrap/SearchResults/": null

2024-07-12 23:54:22 - [TEST_STEP][PASSED] - path_TranxDetails = "Object Repository/AdminSuiteBootstrap_Pages/VT_Bootstrap/TransactionDetails/": null

2024-07-12 23:54:22 - [TEST_STEP][PASSED] - li_1 = vpos_Prefix: null

2024-07-12 23:54:22 - [TEST_STEP][PASSED] - li_2 = "/transactions/AuthCapForm/": null

2024-07-12 23:54:22 - [TEST_STEP][PASSED] - executionProfile = getExecutionProfile(): null

2024-07-12 23:54:22 - [TEST_STEP][PASSED] - out.println("executionProfile : " + executionProfile): null

2024-07-12 23:54:22 - [TEST_STEP][PASSED] - appName = <not implemented yet for class: org.codehaus.groovy.ast.expr.EmptyExpression>: null

2024-07-12 23:54:22 - [TEST_STEP][PASSED] - appID = <not implemented yet for class: org.codehaus.groovy.ast.expr.EmptyExpression>: null

2024-07-12 23:54:22 - [TEST_STEP][PASSED] - cardNameV = <not implemented yet for class: org.codehaus.groovy.ast.expr.EmptyExpression>: null

2024-07-12 23:54:22 - [TEST_STEP][PASSED] - al1V = <not implemented yet for class: org.codehaus.groovy.ast.expr.EmptyExpression>: null

2024-07-12 23:54:22 - [TEST_STEP][PASSED] - al2V = <not implemented yet for class: org.codehaus.groovy.ast.expr.EmptyExpression>: null

2024-07-12 23:54:22 - [TEST_STEP][PASSED] - zipV = <not implemented yet for class: org.codehaus.groovy.ast.expr.EmptyExpression>: null

2024-07-12 23:54:22 - [TEST_STEP][PASSED] - accType = <not implemented yet for class: org.codehaus.groovy.ast.expr.EmptyExpression>: null

2024-07-12 23:54:22 - [TEST_STEP][PASSED] - last4V = <not implemented yet for class: org.codehaus.groovy.ast.expr.EmptyExpression>: null

2024-07-12 23:54:22 - [TEST_STEP][PASSED] - ein = <not implemented yet for class: org.codehaus.groovy.ast.expr.EmptyExpression>: null

2024-07-12 23:54:22 - [TEST_STEP][PASSED] - resText = "Fail": null

2024-07-12 23:54:22 - [TEST_STEP][PASSED] - resColumn = "Result": null

2024-07-12 23:54:22 - [TEST_STEP][PASSED] - datCloumn = "Date": null

2024-07-12 23:54:22 - [TEST_STEP][PASSED] - fileLoc = "C:\KatalonData\Bootstrap\VT-ACH-Data.xlsx": null

2024-07-12 23:54:22 - [TEST_STEP][PASSED] - numOfRows = <not implemented yet for class: org.codehaus.groovy.ast.expr.EmptyExpression>: null

2024-07-12 23:54:22 - [TEST_STEP][PASSED] - dataFile = <not implemented yet for class: org.codehaus.groovy.ast.expr.EmptyExpression>: null

2024-07-12 23:54:22 - [TEST_STEP][PASSED] - nameSheet = <not implemented yet for class: org.codehaus.groovy.ast.expr.EmptyExpression>: null

2024-07-12 23:54:22 - [TEST_STEP][PASSED] - nameSheet = "VT-C-DebitVoid-NoCF-Generic": null

2024-07-12 23:54:22 - [TEST_STEP][PASSED] - numOfRows = findTestData("QA/Bootstrap/VT-ACH-TestData/VT-DebitVoidDataCorp-NoCF-Generic").getRowNumbers(): null

2024-07-12 23:54:22 - [TEST_STEP][PASSED] - println("Number of Records: " + numOfRows): null

2024-07-12 23:54:22 - [TEST_STEP][PASSED] - dataFile = "QA/Bootstrap/VT-ACH-TestData/VT-DebitVoidDataCorp-NoCF-Generic": null

2024-07-12 23:54:22 - [TEST_STEP][PASSED] - for ([row = 1, row <= numOfRows, (row++)]): Browser is closed

2024-07-12 23:54:22 - [TEST_STEP][PASSED] - ExecuteTC = findTestData(dataFile).getValue("Execute", row): null

2024-07-12 23:54:22 - [TEST_STEP][PASSED] - out.println("Value of Execute is : " + ExecuteTC): null

2024-07-12 23:54:22 - [TEST_STEP][PASSED] - switch (executionProfile): null

2024-07-12 23:54:22 - [TEST_STEP][PASSED] - case "QA2Profile":: null

2024-07-12 23:54:22 - [TEST_STEP][PASSED] - appName = findTestData(dataFile).getValue("AppNameQA", row): null

2024-07-12 23:54:22 - [TEST_STEP][PASSED] - appID = findTestData(dataFile).getValue("AppIDQA", row): null

2024-07-12 23:54:22 - [TEST_STEP][PASSED] - break: null

2024-07-12 23:54:22 - [TEST_STEP][PASSED] - hrefAppID = li_1 + appID + li_2: null

2024-07-12 23:54:22 - [TEST_STEP][PASSED] - hrefApp = li_1 + appID + "/": null

2024-07-12 23:54:22 - [TEST_STEP][PASSED] - println("hrefApp : " + hrefApp): null

2024-07-12 23:54:22 - [TEST_STEP][PASSED] - if (ExecuteTC.equalsIgnoreCase("Y")): Browser is closed

2024-07-12 23:54:22 - [TEST_STEP][PASSED] - out.println("Begin Record Number: " + row): null

2024-07-12 23:54:22 - [TEST_STEP][PASSED] - today = new java.util.Date(): null

2024-07-12 23:54:22 - [TEST_STEP][PASSED] - println(today): null

2024-07-12 23:54:22 - [TEST_STEP][PASSED] - datText = today: null

2024-07-12 23:54:22 - [TEST_STEP][PASSED] - adminSuiteBootstrap.loginFunctionality.login_AdminSuite(): adminSuiteBootstrap.loginFunctionality.login_AdminSuite is PASSED

2024-07-12 23:54:22 - [MESSAGE][INFO] - Starting 'Chrome' driver

2024-07-12 23:54:22 - [MESSAGE][INFO] - User set preference: ['acceptInsecureCerts', 'true']

2024-07-12 23:54:22 - [MESSAGE][INFO] - Action delay is set to 0 milliseconds

2024-07-12 23:54:24 - [MESSAGE][PASSED] - Browser is opened with url: 'https://qa2.velocitypayment.com/admin/imtiaz'

2024-07-12 23:54:25 - [MESSAGE][PASSED] - Current window maximized

2024-07-12 23:54:26 - [MESSAGE][PASSED] - Object 'Object Repository/Login_Page/Login_Username_Okta' is present

2024-07-12 23:54:27 - [MESSAGE][PASSED] - Text 'iahmed' is set on object 'Object Repository/Login_Page/Login_Username_Okta'

2024-07-12 23:54:27 - [MESSAGE][PASSED] - Text 'Hello!6666666' is set on object 'Object Repository/Login_Page/Login_Password_Okta'

2024-07-12 23:54:28 - [MESSAGE][PASSED] - Object: 'Object Repository/Login_Page/Login_Submit_Okta' is clicked on

2024-07-12 23:54:28 - [MESSAGE][PASSED] - adminSuiteBootstrap.loginFunctionality.login_AdminSuite is PASSED

2024-07-12 23:54:28 - [TEST_STEP][PASSED] - click(findTestObject(path_Dashboard + appName)): Object: 'Object Repository/AdminSuiteBootstrap_Pages/Dashboard_Bootstrap/a_Access AutoNoCFtp' is clicked on

2024-07-12 23:54:36 - [MESSAGE][PASSED] - Object: 'Object Repository/AdminSuiteBootstrap_Pages/Dashboard_Bootstrap/a_Access AutoNoCFtp' is clicked on

2024-07-12 23:54:36 - [TEST_STEP][PASSED] - click(findTestObject(path_VT + "button_Debit")): Object: 'Object Repository/AdminSuiteBootstrap_Pages/VT_Bootstrap/IssueTransactions/button_Debit' is clicked on

2024-07-12 23:54:36 - [MESSAGE][PASSED] - Object: 'Object Repository/AdminSuiteBootstrap_Pages/VT_Bootstrap/IssueTransactions/button_Debit' is clicked on

2024-07-12 23:54:36 - [TEST_STEP][PASSED] - click(findTestObject(path_VT + "a_Corporate")): Object: 'Object Repository/AdminSuiteBootstrap_Pages/VT_Bootstrap/IssueTransactions/a_Corporate' is clicked on

2024-07-12 23:54:37 - [MESSAGE][PASSED] - Object: 'Object Repository/AdminSuiteBootstrap_Pages/VT_Bootstrap/IssueTransactions/a_Corporate' is clicked on

2024-07-12 23:54:37 - [TEST_STEP][PASSED] - adminSuiteBootstrap.debitCorporatesetData.debitCorporate_DataDriven(row, dataFile): adminSuiteBootstrap.debitCorporatesetData.debitCorporate_DataDriven is PASSED

2024-07-12 23:54:40 - [MESSAGE][PASSED] - Text 'Gambrills Corp' is set on object 'Object Repository/AdminSuiteBootstrap_Pages/VT_Bootstrap/ACHCorporate/input_companyName'

2024-07-12 23:54:41 - [MESSAGE][PASSED] - Text '133 Meadow Ln' is set on object 'Object Repository/AdminSuiteBootstrap_Pages/VT_Bootstrap/ACHCorporate/input_address'

2024-07-12 23:54:42 - [MESSAGE][PASSED] - Text 'apt #123' is set on object 'Object Repository/AdminSuiteBootstrap_Pages/VT_Bootstrap/ACHCorporate/input_address2'

2024-07-12 23:54:42 - [MESSAGE][PASSED] - Text '22201' is set on object 'Object Repository/AdminSuiteBootstrap_Pages/VT_Bootstrap/ACHCorporate/input_zip'

2024-07-12 23:54:43 - [MESSAGE][PASSED] - Text '' is set on object 'Object Repository/AdminSuiteBootstrap_Pages/VT_Bootstrap/ACHCorporate/input_emailAddress'

2024-07-12 23:54:44 - [MESSAGE][PASSED] - Text '' is set on object 'Object Repository/AdminSuiteBootstrap_Pages/VT_Bootstrap/ACHCorporate/input_smsNumber'

2024-07-12 23:54:45 - [MESSAGE][PASSED] - Text '32161001' is set on object 'Object Repository/AdminSuiteBootstrap_Pages/VT_Bootstrap/ACHCorporate/input_accountNumber'

2024-07-12 23:54:46 - [MESSAGE][PASSED] - Text '256072691' is set on object 'Object Repository/AdminSuiteBootstrap_Pages/VT_Bootstrap/ACHCorporate/input_routingNumber'

2024-07-12 23:54:47 - [MESSAGE][PASSED] - All options with label 'Checking' are selected in object 'Object Repository/AdminSuiteBootstrap_Pages/VT_Bootstrap/ACHCorporate/select_Checking'  using regular expression

2024-07-12 23:54:48 - [MESSAGE][PASSED] - All options with label 'CCD - Cash Concentration or Disbursement' are selected in object 'Object Repository/AdminSuiteBootstrap_Pages/VT_Bootstrap/ACHCorporate/select_STD'  using regular expression

2024-07-12 23:54:48 - [MESSAGE][PASSED] - Text '12.50' is set on object 'Object Repository/AdminSuiteBootstrap_Pages/VT_Bootstrap/ACHCorporate/input_amount'

2024-07-12 23:54:49 - [MESSAGE][PASSED] - Text '569847856' is set on object 'Object Repository/AdminSuiteBootstrap_Pages/VT_Bootstrap/ACHCorporate/input_ein'

2024-07-12 23:54:50 - [MESSAGE][PASSED] - Text 'Denmark' is set on object 'Object Repository/AdminSuiteBootstrap_Pages/VT_Bootstrap/ACHCorporate/input_userDefined1'

2024-07-12 23:54:51 - [MESSAGE][PASSED] - Text 'Australia' is set on object 'Object Repository/AdminSuiteBootstrap_Pages/VT_Bootstrap/ACHCorporate/input_userDefined2'

2024-07-12 23:54:52 - [MESSAGE][PASSED] - Text 'Austria' is set on object 'Object Repository/AdminSuiteBootstrap_Pages/VT_Bootstrap/ACHCorporate/input_userDefined3'

2024-07-12 23:54:52 - [MESSAGE][PASSED] - Text 'Sweden' is set on object 'Object Repository/AdminSuiteBootstrap_Pages/VT_Bootstrap/ACHCorporate/input_userDefined4'

2024-07-12 23:54:53 - [MESSAGE][PASSED] - All options with label 'Yellow' are selected in object 'Object Repository/AdminSuiteBootstrap_Pages/VT_Bootstrap/ACHCorporate/select_UDF5'  using regular expression

2024-07-12 23:54:54 - [MESSAGE][PASSED] - All options with label 'Orange' are selected in object 'Object Repository/AdminSuiteBootstrap_Pages/VT_Bootstrap/ACHCorporate/select_UDF6'  using regular expression

2024-07-12 23:54:55 - [MESSAGE][PASSED] - Text 'Netherlands' is set on object 'Object Repository/AdminSuiteBootstrap_Pages/VT_Bootstrap/ACHCorporate/input_userDefined7'

2024-07-12 23:54:56 - [MESSAGE][PASSED] - Text 'Norway' is set on object 'Object Repository/AdminSuiteBootstrap_Pages/VT_Bootstrap/ACHCorporate/input_userDefined8'

2024-07-12 23:54:56 - [MESSAGE][PASSED] - Text 'France' is set on object 'Object Repository/AdminSuiteBootstrap_Pages/VT_Bootstrap/ACHCorporate/input_userDefined9'

2024-07-12 23:54:57 - [MESSAGE][PASSED] - Text 'Switzerland' is set on object 'Object Repository/AdminSuiteBootstrap_Pages/VT_Bootstrap/ACHCorporate/input_userDefined10'

2024-07-12 23:54:58 - [MESSAGE][PASSED] - Object: 'Object Repository/AdminSuiteBootstrap_Pages/VT_Bootstrap/ACHCorporate/button_Submit' is clicked on

2024-07-12 23:54:58 - [MESSAGE][PASSED] - adminSuiteBootstrap.debitCorporatesetData.debitCorporate_DataDriven is PASSED

2024-07-12 23:54:58 - [TEST_STEP][PASSED] - if (verifyTextPresent("Transaction Successful", true)): null

2024-07-12 23:54:59 - [MESSAGE][PASSED] - Text 'Transaction Successful' is present on page  using regular expression

2024-07-12 23:54:59 - [TEST_STEP][PASSED] - sdf = getText(findTestObject(path_Receipt + "td_AutoNoC031622113752957Ahm")): Text of object 'Object Repository/AdminSuiteBootstrap_Pages/VT_Bootstrap/Receipt/td_AutoNoC031622113752957Ahm' is: 'AutoNoCFtp071224234728Ahm'

2024-07-12 23:54:59 - [MESSAGE][PASSED] - Text of object 'Object Repository/AdminSuiteBootstrap_Pages/VT_Bootstrap/Receipt/td_AutoNoC031622113752957Ahm' is: 'AutoNoCFtp071224234728Ahm'

2024-07-12 23:54:59 - [TEST_STEP][PASSED] - out.println("sdf: " + sdf): null

2024-07-12 23:54:59 - [TEST_STEP][PASSED] - remID = sdf: null

2024-07-12 23:54:59 - [TEST_STEP][PASSED] - out.println("remID: " + remID): null

2024-07-12 23:54:59 - [TEST_STEP][PASSED] - click(findTestObject(path_Receipt + "button_Continue")): Object: 'Object Repository/AdminSuiteBootstrap_Pages/VT_Bootstrap/Receipt/button_Continue' is clicked on

2024-07-12 23:55:00 - [MESSAGE][PASSED] - Object: 'Object Repository/AdminSuiteBootstrap_Pages/VT_Bootstrap/Receipt/button_Continue' is clicked on

2024-07-12 23:55:00 - [TEST_STEP][PASSED] - click(findTestObject(path_VT + "a_Search Transactions")): Object: 'Object Repository/AdminSuiteBootstrap_Pages/VT_Bootstrap/IssueTransactions/a_Search Transactions' is clicked on

2024-07-12 23:55:01 - [MESSAGE][PASSED] - Object: 'Object Repository/AdminSuiteBootstrap_Pages/VT_Bootstrap/IssueTransactions/a_Search Transactions' is clicked on

2024-07-12 23:55:01 - [TEST_STEP][PASSED] - setText(findTestObject(path_CCSearch + "input_Search By_searchValue"), remID): Text 'AutoNoCFtp071224234728Ahm' is set on object 'Object Repository/AdminSuiteBootstrap_Pages/VT_Bootstrap/CCCreditOrVoidSearch/input_Search By_searchValue'

2024-07-12 23:55:02 - [MESSAGE][PASSED] - Text 'AutoNoCFtp071224234728Ahm' is set on object 'Object Repository/AdminSuiteBootstrap_Pages/VT_Bootstrap/CCCreditOrVoidSearch/input_Search By_searchValue'

2024-07-12 23:55:02 - [TEST_STEP][PASSED] - click(findTestObject(path_CCSearch + "button_Submit")): Object: 'Object Repository/AdminSuiteBootstrap_Pages/VT_Bootstrap/CCCreditOrVoidSearch/button_Submit' is clicked on

2024-07-12 23:55:03 - [MESSAGE][PASSED] - Object: 'Object Repository/AdminSuiteBootstrap_Pages/VT_Bootstrap/CCCreditOrVoidSearch/button_Submit' is clicked on

2024-07-12 23:55:03 - [TEST_STEP][PASSED] - click(findTestObject(path_SearchResults + "button_PaymentID")): Object: 'Object Repository/AdminSuiteBootstrap_Pages/VT_Bootstrap/SearchResults/button_PaymentID' is clicked on

2024-07-12 23:55:04 - [MESSAGE][PASSED] - Object: 'Object Repository/AdminSuiteBootstrap_Pages/VT_Bootstrap/SearchResults/button_PaymentID' is clicked on

2024-07-12 23:55:04 - [TEST_STEP][PASSED] - verifyTextPresent("Tender Type", true): Text 'Tender Type' is present on page  using regular expression

2024-07-12 23:55:04 - [MESSAGE][PASSED] - Text 'Tender Type' is present on page  using regular expression

2024-07-12 23:55:04 - [TEST_STEP][PASSED] - verifyTextPresent("Transaction Type", true): Text 'Transaction Type' is present on page  using regular expression

2024-07-12 23:55:05 - [MESSAGE][PASSED] - Text 'Transaction Type' is present on page  using regular expression

2024-07-12 23:55:05 - [TEST_STEP][PASSED] - verifyTextPresent("Transaction Posted by", true): Text 'Transaction Posted by' is present on page  using regular expression

2024-07-12 23:55:05 - [MESSAGE][PASSED] - Text 'Transaction Posted by' is present on page  using regular expression

2024-07-12 23:55:05 - [TEST_STEP][PASSED] - verifyTextPresent("iahmed", true): Text 'iahmed' is present on page  using regular expression

2024-07-12 23:55:05 - [MESSAGE][PASSED] - Text 'iahmed' is present on page  using regular expression

2024-07-12 23:55:05 - [TEST_STEP][PASSED] - verifyTextPresent("Debit", true): Text 'Debit' is present on page  using regular expression

2024-07-12 23:55:06 - [MESSAGE][PASSED] - Text 'Debit' is present on page  using regular expression

2024-07-12 23:55:06 - [TEST_STEP][PASSED] - click(findTestObject(path_TranxDetails + "a_Void this transaction")): Object: 'Object Repository/AdminSuiteBootstrap_Pages/VT_Bootstrap/TransactionDetails/a_Void this transaction' is clicked on

2024-07-12 23:55:06 - [MESSAGE][PASSED] - Object: 'Object Repository/AdminSuiteBootstrap_Pages/VT_Bootstrap/TransactionDetails/a_Void this transaction' is clicked on

2024-07-12 23:55:06 - [TEST_STEP][PASSED] - verifyTextPresent("The following transaction will be voided", true): Text 'The following transaction will be voided' is present on page  using regular expression

2024-07-12 23:55:07 - [MESSAGE][PASSED] - Text 'The following transaction will be voided' is present on page  using regular expression

2024-07-12 23:55:07 - [TEST_STEP][PASSED] - verifyTextPresent("Please press submit to continue", true): Text 'Please press submit to continue' is present on page  using regular expression

2024-07-12 23:55:07 - [MESSAGE][PASSED] - Text 'Please press submit to continue' is present on page  using regular expression

2024-07-12 23:55:07 - [TEST_STEP][PASSED] - click(findTestObject(path_TranxDetails + "button_Submit")): Object: 'Object Repository/AdminSuiteBootstrap_Pages/VT_Bootstrap/TransactionDetails/button_Submit' is clicked on

2024-07-12 23:55:08 - [MESSAGE][PASSED] - Object: 'Object Repository/AdminSuiteBootstrap_Pages/VT_Bootstrap/TransactionDetails/button_Submit' is clicked on

2024-07-12 23:55:08 - [TEST_STEP][PASSED] - verifyTextPresent("Transaction Successful", true): Text 'Transaction Successful' is present on page  using regular expression

2024-07-12 23:55:09 - [MESSAGE][PASSED] - Text 'Transaction Successful' is present on page  using regular expression

2024-07-12 23:55:09 - [TEST_STEP][PASSED] - verifyTextPresent("Transaction Type", true): Text 'Transaction Type' is present on page  using regular expression

2024-07-12 23:55:09 - [MESSAGE][PASSED] - Text 'Transaction Type' is present on page  using regular expression

2024-07-12 23:55:09 - [TEST_STEP][PASSED] - verifyTextPresent("Void", true): Text 'Void' is present on page  using regular expression

2024-07-12 23:55:09 - [MESSAGE][PASSED] - Text 'Void' is present on page  using regular expression

2024-07-12 23:55:09 - [TEST_STEP][PASSED] - closeBrowser(): Browser is closed

2024-07-12 23:55:10 - [MESSAGE][PASSED] - Browser is closed]]></system-out>
         <system-err><![CDATA[]]></system-err>
      </testcase>
      <testcase name="Test Cases/Admin Suite Bootstrap/VT_ACH_TestCases/DebitCorporateVoid_TP_SingleCF_Generic_Payment_TC" time="49.473" classname="Test Cases/Admin Suite Bootstrap/VT_ACH_TestCases/DebitCorporateVoid_TP_SingleCF_Generic_Payment_TC" status="PASSED">
         <system-out><![CDATA[2024-07-12 23:55:10 - [TEST_CASE][PASSED] - Test Cases/Admin Suite Bootstrap/VT_ACH_TestCases/DebitCorporateVoid_TP_SingleCF_Generic_Payment_TC: Test Cases/Admin Suite Bootstrap/VT_ACH_TestCases/DebitCorporateVoid_TP_SingleCF_Generic_Payment_TC

2024-07-12 23:55:11 - [TEST_STEP][PASSED] - path_Dashboard = "Object Repository/AdminSuiteBootstrap_Pages/Dashboard_Bootstrap/": null

2024-07-12 23:55:11 - [TEST_STEP][PASSED] - path_VT = "Object Repository/AdminSuiteBootstrap_Pages/VT_Bootstrap/IssueTransactions/": null

2024-07-12 23:55:11 - [TEST_STEP][PASSED] - path_Receipt = "Object Repository/AdminSuiteBootstrap_Pages/VT_Bootstrap/Receipt/": null

2024-07-12 23:55:11 - [TEST_STEP][PASSED] - path_CCSearch = "Object Repository/AdminSuiteBootstrap_Pages/VT_Bootstrap/CCCreditOrVoidSearch/": null

2024-07-12 23:55:11 - [TEST_STEP][PASSED] - path_SearchResults = "Object Repository/AdminSuiteBootstrap_Pages/VT_Bootstrap/SearchResults/": null

2024-07-12 23:55:11 - [TEST_STEP][PASSED] - path_TranxDetails = "Object Repository/AdminSuiteBootstrap_Pages/VT_Bootstrap/TransactionDetails/": null

2024-07-12 23:55:11 - [TEST_STEP][PASSED] - li_1 = vpos_Prefix: null

2024-07-12 23:55:11 - [TEST_STEP][PASSED] - li_2 = "/transactions/AuthCapForm/": null

2024-07-12 23:55:11 - [TEST_STEP][PASSED] - executionProfile = getExecutionProfile(): null

2024-07-12 23:55:11 - [TEST_STEP][PASSED] - out.println("executionProfile : " + executionProfile): null

2024-07-12 23:55:11 - [TEST_STEP][PASSED] - appName = <not implemented yet for class: org.codehaus.groovy.ast.expr.EmptyExpression>: null

2024-07-12 23:55:11 - [TEST_STEP][PASSED] - appID = <not implemented yet for class: org.codehaus.groovy.ast.expr.EmptyExpression>: null

2024-07-12 23:55:11 - [TEST_STEP][PASSED] - cardNameV = <not implemented yet for class: org.codehaus.groovy.ast.expr.EmptyExpression>: null

2024-07-12 23:55:11 - [TEST_STEP][PASSED] - al1V = <not implemented yet for class: org.codehaus.groovy.ast.expr.EmptyExpression>: null

2024-07-12 23:55:11 - [TEST_STEP][PASSED] - al2V = <not implemented yet for class: org.codehaus.groovy.ast.expr.EmptyExpression>: null

2024-07-12 23:55:11 - [TEST_STEP][PASSED] - zipV = <not implemented yet for class: org.codehaus.groovy.ast.expr.EmptyExpression>: null

2024-07-12 23:55:11 - [TEST_STEP][PASSED] - accType = <not implemented yet for class: org.codehaus.groovy.ast.expr.EmptyExpression>: null

2024-07-12 23:55:11 - [TEST_STEP][PASSED] - last4V = <not implemented yet for class: org.codehaus.groovy.ast.expr.EmptyExpression>: null

2024-07-12 23:55:11 - [TEST_STEP][PASSED] - ein = <not implemented yet for class: org.codehaus.groovy.ast.expr.EmptyExpression>: null

2024-07-12 23:55:11 - [TEST_STEP][PASSED] - resText = "Fail": null

2024-07-12 23:55:11 - [TEST_STEP][PASSED] - resColumn = "Result": null

2024-07-12 23:55:11 - [TEST_STEP][PASSED] - datCloumn = "Date": null

2024-07-12 23:55:11 - [TEST_STEP][PASSED] - fileLoc = "C:\KatalonData\Bootstrap\VT-ACH-Data.xlsx": null

2024-07-12 23:55:11 - [TEST_STEP][PASSED] - numOfRows = <not implemented yet for class: org.codehaus.groovy.ast.expr.EmptyExpression>: null

2024-07-12 23:55:11 - [TEST_STEP][PASSED] - dataFile = <not implemented yet for class: org.codehaus.groovy.ast.expr.EmptyExpression>: null

2024-07-12 23:55:11 - [TEST_STEP][PASSED] - nameSheet = <not implemented yet for class: org.codehaus.groovy.ast.expr.EmptyExpression>: null

2024-07-12 23:55:11 - [TEST_STEP][PASSED] - nameSheet = "VT-C-DebitVoid-SingleCF-Generic": null

2024-07-12 23:55:11 - [TEST_STEP][PASSED] - numOfRows = findTestData("QA/Bootstrap/VT-ACH-TestData/VT-DebitVoidDataCorp-SingleCF-Generic").getRowNumbers(): null

2024-07-12 23:55:11 - [TEST_STEP][PASSED] - println("Number of Records: " + numOfRows): null

2024-07-12 23:55:11 - [TEST_STEP][PASSED] - dataFile = "QA/Bootstrap/VT-ACH-TestData/VT-DebitVoidDataCorp-SingleCF-Generic": null

2024-07-12 23:55:11 - [TEST_STEP][PASSED] - for ([row = 1, row <= numOfRows, (row++)]): Browser is closed

2024-07-12 23:55:11 - [TEST_STEP][PASSED] - ExecuteTC = findTestData(dataFile).getValue("Execute", row): null

2024-07-12 23:55:11 - [TEST_STEP][PASSED] - out.println("Value of Execute is : " + ExecuteTC): null

2024-07-12 23:55:11 - [TEST_STEP][PASSED] - switch (executionProfile): null

2024-07-12 23:55:11 - [TEST_STEP][PASSED] - case "QA2Profile":: null

2024-07-12 23:55:11 - [TEST_STEP][PASSED] - appName = findTestData(dataFile).getValue("AppNameQA", row): null

2024-07-12 23:55:11 - [TEST_STEP][PASSED] - appID = findTestData(dataFile).getValue("AppIDQA", row): null

2024-07-12 23:55:11 - [TEST_STEP][PASSED] - break: null

2024-07-12 23:55:11 - [TEST_STEP][PASSED] - hrefAppID = li_1 + appID + li_2: null

2024-07-12 23:55:11 - [TEST_STEP][PASSED] - hrefApp = li_1 + appID + "/": null

2024-07-12 23:55:11 - [TEST_STEP][PASSED] - println("hrefApp : " + hrefApp): null

2024-07-12 23:55:11 - [TEST_STEP][PASSED] - if (ExecuteTC.equalsIgnoreCase("Y")): Browser is closed

2024-07-12 23:55:11 - [TEST_STEP][PASSED] - out.println("Begin Record Number: " + row): null

2024-07-12 23:55:11 - [TEST_STEP][PASSED] - today = new java.util.Date(): null

2024-07-12 23:55:11 - [TEST_STEP][PASSED] - println(today): null

2024-07-12 23:55:11 - [TEST_STEP][PASSED] - datText = today: null

2024-07-12 23:55:11 - [TEST_STEP][PASSED] - adminSuiteBootstrap.loginFunctionality.login_AdminSuite(): adminSuiteBootstrap.loginFunctionality.login_AdminSuite is PASSED

2024-07-12 23:55:11 - [MESSAGE][INFO] - Starting 'Chrome' driver

2024-07-12 23:55:11 - [MESSAGE][INFO] - User set preference: ['acceptInsecureCerts', 'true']

2024-07-12 23:55:11 - [MESSAGE][INFO] - Action delay is set to 0 milliseconds

2024-07-12 23:55:13 - [MESSAGE][PASSED] - Browser is opened with url: 'https://qa2.velocitypayment.com/admin/imtiaz'

2024-07-12 23:55:14 - [MESSAGE][PASSED] - Current window maximized

2024-07-12 23:55:15 - [MESSAGE][PASSED] - Object 'Object Repository/Login_Page/Login_Username_Okta' is present

2024-07-12 23:55:15 - [MESSAGE][PASSED] - Text 'iahmed' is set on object 'Object Repository/Login_Page/Login_Username_Okta'

2024-07-12 23:55:16 - [MESSAGE][PASSED] - Text 'Hello!6666666' is set on object 'Object Repository/Login_Page/Login_Password_Okta'

2024-07-12 23:55:17 - [MESSAGE][PASSED] - Object: 'Object Repository/Login_Page/Login_Submit_Okta' is clicked on

2024-07-12 23:55:17 - [MESSAGE][PASSED] - adminSuiteBootstrap.loginFunctionality.login_AdminSuite is PASSED

2024-07-12 23:55:17 - [TEST_STEP][PASSED] - click(findTestObject(path_Dashboard + appName)): Object: 'Object Repository/AdminSuiteBootstrap_Pages/Dashboard_Bootstrap/a_Access AutoSingleCFtpQA' is clicked on

2024-07-12 23:55:25 - [MESSAGE][PASSED] - Object: 'Object Repository/AdminSuiteBootstrap_Pages/Dashboard_Bootstrap/a_Access AutoSingleCFtpQA' is clicked on

2024-07-12 23:55:25 - [TEST_STEP][PASSED] - click(findTestObject(path_VT + "button_Debit")): Object: 'Object Repository/AdminSuiteBootstrap_Pages/VT_Bootstrap/IssueTransactions/button_Debit' is clicked on

2024-07-12 23:55:25 - [MESSAGE][PASSED] - Object: 'Object Repository/AdminSuiteBootstrap_Pages/VT_Bootstrap/IssueTransactions/button_Debit' is clicked on

2024-07-12 23:55:25 - [TEST_STEP][PASSED] - click(findTestObject(path_VT + "a_Corporate")): Object: 'Object Repository/AdminSuiteBootstrap_Pages/VT_Bootstrap/IssueTransactions/a_Corporate' is clicked on

2024-07-12 23:55:26 - [MESSAGE][PASSED] - Object: 'Object Repository/AdminSuiteBootstrap_Pages/VT_Bootstrap/IssueTransactions/a_Corporate' is clicked on

2024-07-12 23:55:26 - [TEST_STEP][PASSED] - adminSuiteBootstrap.debitCorporatesetData.debitCorporate_DataDriven(row, dataFile): adminSuiteBootstrap.debitCorporatesetData.debitCorporate_DataDriven is PASSED

2024-07-12 23:55:29 - [MESSAGE][PASSED] - Text 'Gambrills Corp' is set on object 'Object Repository/AdminSuiteBootstrap_Pages/VT_Bootstrap/ACHCorporate/input_companyName'

2024-07-12 23:55:29 - [MESSAGE][PASSED] - Text '133 Meadow Ln' is set on object 'Object Repository/AdminSuiteBootstrap_Pages/VT_Bootstrap/ACHCorporate/input_address'

2024-07-12 23:55:30 - [MESSAGE][PASSED] - Text 'apt #123' is set on object 'Object Repository/AdminSuiteBootstrap_Pages/VT_Bootstrap/ACHCorporate/input_address2'

2024-07-12 23:55:31 - [MESSAGE][PASSED] - Text '22201' is set on object 'Object Repository/AdminSuiteBootstrap_Pages/VT_Bootstrap/ACHCorporate/input_zip'

2024-07-12 23:55:32 - [MESSAGE][PASSED] - Text '' is set on object 'Object Repository/AdminSuiteBootstrap_Pages/VT_Bootstrap/ACHCorporate/input_emailAddress'

2024-07-12 23:55:33 - [MESSAGE][PASSED] - Text '' is set on object 'Object Repository/AdminSuiteBootstrap_Pages/VT_Bootstrap/ACHCorporate/input_smsNumber'

2024-07-12 23:55:34 - [MESSAGE][PASSED] - Text '45682001' is set on object 'Object Repository/AdminSuiteBootstrap_Pages/VT_Bootstrap/ACHCorporate/input_accountNumber'

2024-07-12 23:55:34 - [MESSAGE][PASSED] - Text '256072691' is set on object 'Object Repository/AdminSuiteBootstrap_Pages/VT_Bootstrap/ACHCorporate/input_routingNumber'

2024-07-12 23:55:35 - [MESSAGE][PASSED] - All options with label 'Checking' are selected in object 'Object Repository/AdminSuiteBootstrap_Pages/VT_Bootstrap/ACHCorporate/select_Checking'  using regular expression

2024-07-12 23:55:36 - [MESSAGE][PASSED] - All options with label 'CCD - Cash Concentration or Disbursement' are selected in object 'Object Repository/AdminSuiteBootstrap_Pages/VT_Bootstrap/ACHCorporate/select_STD'  using regular expression

2024-07-12 23:55:37 - [MESSAGE][PASSED] - Text '12.50' is set on object 'Object Repository/AdminSuiteBootstrap_Pages/VT_Bootstrap/ACHCorporate/input_amount'

2024-07-12 23:55:39 - [MESSAGE][PASSED] - Text '569847856' is set on object 'Object Repository/AdminSuiteBootstrap_Pages/VT_Bootstrap/ACHCorporate/input_ein'

2024-07-12 23:55:39 - [MESSAGE][PASSED] - Text 'Denmark' is set on object 'Object Repository/AdminSuiteBootstrap_Pages/VT_Bootstrap/ACHCorporate/input_userDefined1'

2024-07-12 23:55:40 - [MESSAGE][PASSED] - Text 'Australia' is set on object 'Object Repository/AdminSuiteBootstrap_Pages/VT_Bootstrap/ACHCorporate/input_userDefined2'

2024-07-12 23:55:41 - [MESSAGE][PASSED] - Text 'Austria' is set on object 'Object Repository/AdminSuiteBootstrap_Pages/VT_Bootstrap/ACHCorporate/input_userDefined3'

2024-07-12 23:55:42 - [MESSAGE][PASSED] - Text 'Sweden' is set on object 'Object Repository/AdminSuiteBootstrap_Pages/VT_Bootstrap/ACHCorporate/input_userDefined4'

2024-07-12 23:55:43 - [MESSAGE][PASSED] - All options with label 'Yellow' are selected in object 'Object Repository/AdminSuiteBootstrap_Pages/VT_Bootstrap/ACHCorporate/select_UDF5'  using regular expression

2024-07-12 23:55:44 - [MESSAGE][PASSED] - All options with label 'Orange' are selected in object 'Object Repository/AdminSuiteBootstrap_Pages/VT_Bootstrap/ACHCorporate/select_UDF6'  using regular expression

2024-07-12 23:55:44 - [MESSAGE][PASSED] - Text 'Netherlands' is set on object 'Object Repository/AdminSuiteBootstrap_Pages/VT_Bootstrap/ACHCorporate/input_userDefined7'

2024-07-12 23:55:45 - [MESSAGE][PASSED] - Text 'Norway' is set on object 'Object Repository/AdminSuiteBootstrap_Pages/VT_Bootstrap/ACHCorporate/input_userDefined8'

2024-07-12 23:55:46 - [MESSAGE][PASSED] - Text 'France' is set on object 'Object Repository/AdminSuiteBootstrap_Pages/VT_Bootstrap/ACHCorporate/input_userDefined9'

2024-07-12 23:55:46 - [MESSAGE][PASSED] - Text 'Switzerland' is set on object 'Object Repository/AdminSuiteBootstrap_Pages/VT_Bootstrap/ACHCorporate/input_userDefined10'

2024-07-12 23:55:48 - [MESSAGE][PASSED] - Object: 'Object Repository/AdminSuiteBootstrap_Pages/VT_Bootstrap/ACHCorporate/button_Submit' is clicked on

2024-07-12 23:55:48 - [MESSAGE][PASSED] - adminSuiteBootstrap.debitCorporatesetData.debitCorporate_DataDriven is PASSED

2024-07-12 23:55:48 - [TEST_STEP][PASSED] - if (verifyTextPresent("Transaction Successful", true)): null

2024-07-12 23:55:48 - [MESSAGE][PASSED] - Text 'Transaction Successful' is present on page  using regular expression

2024-07-12 23:55:48 - [TEST_STEP][PASSED] - sdf = getText(findTestObject(path_Receipt + "td_AutoNoC031622113752957Ahm")): Text of object 'Object Repository/AdminSuiteBootstrap_Pages/VT_Bootstrap/Receipt/td_AutoNoC031622113752957Ahm' is: 'AutoSingle071224234817Ahm'

2024-07-12 23:55:49 - [MESSAGE][PASSED] - Text of object 'Object Repository/AdminSuiteBootstrap_Pages/VT_Bootstrap/Receipt/td_AutoNoC031622113752957Ahm' is: 'AutoSingle071224234817Ahm'

2024-07-12 23:55:49 - [TEST_STEP][PASSED] - out.println("sdf: " + sdf): null

2024-07-12 23:55:49 - [TEST_STEP][PASSED] - remID = sdf: null

2024-07-12 23:55:49 - [TEST_STEP][PASSED] - out.println("remID: " + remID): null

2024-07-12 23:55:49 - [TEST_STEP][PASSED] - click(findTestObject(path_Receipt + "button_Continue")): Object: 'Object Repository/AdminSuiteBootstrap_Pages/VT_Bootstrap/Receipt/button_Continue' is clicked on

2024-07-12 23:55:49 - [MESSAGE][PASSED] - Object: 'Object Repository/AdminSuiteBootstrap_Pages/VT_Bootstrap/Receipt/button_Continue' is clicked on

2024-07-12 23:55:49 - [TEST_STEP][PASSED] - click(findTestObject(path_VT + "a_Search Transactions")): Object: 'Object Repository/AdminSuiteBootstrap_Pages/VT_Bootstrap/IssueTransactions/a_Search Transactions' is clicked on

2024-07-12 23:55:50 - [MESSAGE][PASSED] - Object: 'Object Repository/AdminSuiteBootstrap_Pages/VT_Bootstrap/IssueTransactions/a_Search Transactions' is clicked on

2024-07-12 23:55:50 - [TEST_STEP][PASSED] - setText(findTestObject(path_CCSearch + "input_Search By_searchValue"), remID): Text 'AutoSingle071224234817Ahm' is set on object 'Object Repository/AdminSuiteBootstrap_Pages/VT_Bootstrap/CCCreditOrVoidSearch/input_Search By_searchValue'

2024-07-12 23:55:51 - [MESSAGE][PASSED] - Text 'AutoSingle071224234817Ahm' is set on object 'Object Repository/AdminSuiteBootstrap_Pages/VT_Bootstrap/CCCreditOrVoidSearch/input_Search By_searchValue'

2024-07-12 23:55:51 - [TEST_STEP][PASSED] - click(findTestObject(path_CCSearch + "button_Submit")): Object: 'Object Repository/AdminSuiteBootstrap_Pages/VT_Bootstrap/CCCreditOrVoidSearch/button_Submit' is clicked on

2024-07-12 23:55:52 - [MESSAGE][PASSED] - Object: 'Object Repository/AdminSuiteBootstrap_Pages/VT_Bootstrap/CCCreditOrVoidSearch/button_Submit' is clicked on

2024-07-12 23:55:52 - [TEST_STEP][PASSED] - click(findTestObject(path_SearchResults + "button_PaymentID")): Object: 'Object Repository/AdminSuiteBootstrap_Pages/VT_Bootstrap/SearchResults/button_PaymentID' is clicked on

2024-07-12 23:55:53 - [MESSAGE][PASSED] - Object: 'Object Repository/AdminSuiteBootstrap_Pages/VT_Bootstrap/SearchResults/button_PaymentID' is clicked on

2024-07-12 23:55:53 - [TEST_STEP][PASSED] - verifyTextPresent("Tender Type", true): Text 'Tender Type' is present on page  using regular expression

2024-07-12 23:55:54 - [MESSAGE][PASSED] - Text 'Tender Type' is present on page  using regular expression

2024-07-12 23:55:54 - [TEST_STEP][PASSED] - verifyTextPresent("Transaction Type", true): Text 'Transaction Type' is present on page  using regular expression

2024-07-12 23:55:54 - [MESSAGE][PASSED] - Text 'Transaction Type' is present on page  using regular expression

2024-07-12 23:55:54 - [TEST_STEP][PASSED] - verifyTextPresent("Transaction Posted by", true): Text 'Transaction Posted by' is present on page  using regular expression

2024-07-12 23:55:54 - [MESSAGE][PASSED] - Text 'Transaction Posted by' is present on page  using regular expression

2024-07-12 23:55:54 - [TEST_STEP][PASSED] - verifyTextPresent("iahmed", true): Text 'iahmed' is present on page  using regular expression

2024-07-12 23:55:55 - [MESSAGE][PASSED] - Text 'iahmed' is present on page  using regular expression

2024-07-12 23:55:55 - [TEST_STEP][PASSED] - verifyTextPresent("Debit", true): Text 'Debit' is present on page  using regular expression

2024-07-12 23:55:55 - [MESSAGE][PASSED] - Text 'Debit' is present on page  using regular expression

2024-07-12 23:55:55 - [TEST_STEP][PASSED] - click(findTestObject(path_TranxDetails + "a_Void this transaction")): Object: 'Object Repository/AdminSuiteBootstrap_Pages/VT_Bootstrap/TransactionDetails/a_Void this transaction' is clicked on

2024-07-12 23:55:56 - [MESSAGE][PASSED] - Object: 'Object Repository/AdminSuiteBootstrap_Pages/VT_Bootstrap/TransactionDetails/a_Void this transaction' is clicked on

2024-07-12 23:55:56 - [TEST_STEP][PASSED] - verifyTextPresent("The following transaction will be voided", true): Text 'The following transaction will be voided' is present on page  using regular expression

2024-07-12 23:55:56 - [MESSAGE][PASSED] - Text 'The following transaction will be voided' is present on page  using regular expression

2024-07-12 23:55:56 - [TEST_STEP][PASSED] - verifyTextPresent("Please press submit to continue", true): Text 'Please press submit to continue' is present on page  using regular expression

2024-07-12 23:55:57 - [MESSAGE][PASSED] - Text 'Please press submit to continue' is present on page  using regular expression

2024-07-12 23:55:57 - [TEST_STEP][PASSED] - click(findTestObject(path_TranxDetails + "button_Submit")): Object: 'Object Repository/AdminSuiteBootstrap_Pages/VT_Bootstrap/TransactionDetails/button_Submit' is clicked on

2024-07-12 23:55:57 - [MESSAGE][PASSED] - Object: 'Object Repository/AdminSuiteBootstrap_Pages/VT_Bootstrap/TransactionDetails/button_Submit' is clicked on

2024-07-12 23:55:57 - [TEST_STEP][PASSED] - verifyTextPresent("Transaction Successful", true): Text 'Transaction Successful' is present on page  using regular expression

2024-07-12 23:55:58 - [MESSAGE][PASSED] - Text 'Transaction Successful' is present on page  using regular expression

2024-07-12 23:55:58 - [TEST_STEP][PASSED] - verifyTextPresent("Transaction Type", true): Text 'Transaction Type' is present on page  using regular expression

2024-07-12 23:55:58 - [MESSAGE][PASSED] - Text 'Transaction Type' is present on page  using regular expression

2024-07-12 23:55:58 - [TEST_STEP][PASSED] - verifyTextPresent("Void", true): Text 'Void' is present on page  using regular expression

2024-07-12 23:55:59 - [MESSAGE][PASSED] - Text 'Void' is present on page  using regular expression

2024-07-12 23:55:59 - [TEST_STEP][PASSED] - closeBrowser(): Browser is closed

2024-07-12 23:56:00 - [MESSAGE][PASSED] - Browser is closed]]></system-out>
         <system-err><![CDATA[]]></system-err>
      </testcase>
      <testcase name="Test Cases/Admin Suite Bootstrap/VT_ACH_TestCases/DebitCorporate_TP_DualCF_Generic_Payment_TC" time="58.023" classname="Test Cases/Admin Suite Bootstrap/VT_ACH_TestCases/DebitCorporate_TP_DualCF_Generic_Payment_TC" status="PASSED">
         <system-out><![CDATA[2024-07-12 23:56:00 - [TEST_CASE][PASSED] - Test Cases/Admin Suite Bootstrap/VT_ACH_TestCases/DebitCorporate_TP_DualCF_Generic_Payment_TC: Test Cases/Admin Suite Bootstrap/VT_ACH_TestCases/DebitCorporate_TP_DualCF_Generic_Payment_TC

2024-07-12 23:56:00 - [TEST_STEP][PASSED] - path_Dashboard = "Object Repository/AdminSuiteBootstrap_Pages/Dashboard_Bootstrap/": null

2024-07-12 23:56:00 - [TEST_STEP][PASSED] - path_VT = "Object Repository/AdminSuiteBootstrap_Pages/VT_Bootstrap/IssueTransactions/": null

2024-07-12 23:56:00 - [TEST_STEP][PASSED] - li_1 = vpos_Prefix: null

2024-07-12 23:56:00 - [TEST_STEP][PASSED] - li_2 = "/transactions/AuthCapForm/": null

2024-07-12 23:56:00 - [TEST_STEP][PASSED] - executionProfile = getExecutionProfile(): null

2024-07-12 23:56:00 - [TEST_STEP][PASSED] - out.println("executionProfile : " + executionProfile): null

2024-07-12 23:56:00 - [TEST_STEP][PASSED] - appName = <not implemented yet for class: org.codehaus.groovy.ast.expr.EmptyExpression>: null

2024-07-12 23:56:00 - [TEST_STEP][PASSED] - appID = <not implemented yet for class: org.codehaus.groovy.ast.expr.EmptyExpression>: null

2024-07-12 23:56:00 - [TEST_STEP][PASSED] - cardNameV = <not implemented yet for class: org.codehaus.groovy.ast.expr.EmptyExpression>: null

2024-07-12 23:56:00 - [TEST_STEP][PASSED] - al1V = <not implemented yet for class: org.codehaus.groovy.ast.expr.EmptyExpression>: null

2024-07-12 23:56:00 - [TEST_STEP][PASSED] - al2V = <not implemented yet for class: org.codehaus.groovy.ast.expr.EmptyExpression>: null

2024-07-12 23:56:00 - [TEST_STEP][PASSED] - zipV = <not implemented yet for class: org.codehaus.groovy.ast.expr.EmptyExpression>: null

2024-07-12 23:56:00 - [TEST_STEP][PASSED] - accType = <not implemented yet for class: org.codehaus.groovy.ast.expr.EmptyExpression>: null

2024-07-12 23:56:00 - [TEST_STEP][PASSED] - last4V = <not implemented yet for class: org.codehaus.groovy.ast.expr.EmptyExpression>: null

2024-07-12 23:56:00 - [TEST_STEP][PASSED] - ein = <not implemented yet for class: org.codehaus.groovy.ast.expr.EmptyExpression>: null

2024-07-12 23:56:00 - [TEST_STEP][PASSED] - resText = "Fail": null

2024-07-12 23:56:00 - [TEST_STEP][PASSED] - resColumn = "Result": null

2024-07-12 23:56:00 - [TEST_STEP][PASSED] - datCloumn = "Date": null

2024-07-12 23:56:00 - [TEST_STEP][PASSED] - fileLoc = "C:\KatalonData\Bootstrap\VT-ACH-Data.xlsx": null

2024-07-12 23:56:00 - [TEST_STEP][PASSED] - numOfRows = <not implemented yet for class: org.codehaus.groovy.ast.expr.EmptyExpression>: null

2024-07-12 23:56:00 - [TEST_STEP][PASSED] - dataFile = <not implemented yet for class: org.codehaus.groovy.ast.expr.EmptyExpression>: null

2024-07-12 23:56:00 - [TEST_STEP][PASSED] - nameSheet = <not implemented yet for class: org.codehaus.groovy.ast.expr.EmptyExpression>: null

2024-07-12 23:56:00 - [TEST_STEP][PASSED] - nameSheet = "VT-ACHCorp-DualCF-Generic": null

2024-07-12 23:56:00 - [TEST_STEP][PASSED] - numOfRows = findTestData("QA/Bootstrap/VT-ACH-TestData/VT-DebitDataCorp-DualCF-Generic").getRowNumbers(): null

2024-07-12 23:56:01 - [TEST_STEP][PASSED] - println("Number of Records: " + numOfRows): null

2024-07-12 23:56:01 - [TEST_STEP][PASSED] - dataFile = "QA/Bootstrap/VT-ACH-TestData/VT-DebitDataCorp-DualCF-Generic": null

2024-07-12 23:56:01 - [TEST_STEP][PASSED] - for ([row = 1, row <= numOfRows, (row++)]): Browser is closed

2024-07-12 23:56:01 - [TEST_STEP][PASSED] - ExecuteTC = findTestData(dataFile).getValue("Execute", row): null

2024-07-12 23:56:01 - [TEST_STEP][PASSED] - out.println("Value of Execute is : " + ExecuteTC): null

2024-07-12 23:56:01 - [TEST_STEP][PASSED] - switch (executionProfile): null

2024-07-12 23:56:01 - [TEST_STEP][PASSED] - case "QA2Profile":: null

2024-07-12 23:56:01 - [TEST_STEP][PASSED] - appName = findTestData(dataFile).getValue("AppNameQA", row): null

2024-07-12 23:56:01 - [TEST_STEP][PASSED] - appID = findTestData(dataFile).getValue("AppIDQA", row): null

2024-07-12 23:56:01 - [TEST_STEP][PASSED] - break: null

2024-07-12 23:56:01 - [TEST_STEP][PASSED] - hrefAppID = li_1 + appID + li_2: null

2024-07-12 23:56:01 - [TEST_STEP][PASSED] - hrefApp = li_1 + appID + "/": null

2024-07-12 23:56:01 - [TEST_STEP][PASSED] - println("hrefApp : " + hrefApp): null

2024-07-12 23:56:01 - [TEST_STEP][PASSED] - if (ExecuteTC.equalsIgnoreCase("Y")): Browser is closed

2024-07-12 23:56:01 - [TEST_STEP][PASSED] - out.println("Begin Record Number: " + row): null

2024-07-12 23:56:01 - [TEST_STEP][PASSED] - today = new java.util.Date(): null

2024-07-12 23:56:01 - [TEST_STEP][PASSED] - println(today): null

2024-07-12 23:56:01 - [TEST_STEP][PASSED] - datText = today: null

2024-07-12 23:56:01 - [TEST_STEP][PASSED] - adminSuiteBootstrap.loginFunctionality.login_AdminSuite(): adminSuiteBootstrap.loginFunctionality.login_AdminSuite is PASSED

2024-07-12 23:56:01 - [MESSAGE][INFO] - Starting 'Chrome' driver

2024-07-12 23:56:01 - [MESSAGE][INFO] - User set preference: ['acceptInsecureCerts', 'true']

2024-07-12 23:56:01 - [MESSAGE][INFO] - Action delay is set to 0 milliseconds

2024-07-12 23:56:03 - [MESSAGE][PASSED] - Browser is opened with url: 'https://qa2.velocitypayment.com/admin/imtiaz'

2024-07-12 23:56:04 - [MESSAGE][PASSED] - Current window maximized

2024-07-12 23:56:04 - [MESSAGE][PASSED] - Object 'Object Repository/Login_Page/Login_Username_Okta' is present

2024-07-12 23:56:05 - [MESSAGE][PASSED] - Text 'iahmed' is set on object 'Object Repository/Login_Page/Login_Username_Okta'

2024-07-12 23:56:06 - [MESSAGE][PASSED] - Text 'Hello!6666666' is set on object 'Object Repository/Login_Page/Login_Password_Okta'

2024-07-12 23:56:07 - [MESSAGE][PASSED] - Object: 'Object Repository/Login_Page/Login_Submit_Okta' is clicked on

2024-07-12 23:56:07 - [MESSAGE][PASSED] - adminSuiteBootstrap.loginFunctionality.login_AdminSuite is PASSED

2024-07-12 23:56:07 - [TEST_STEP][PASSED] - click(findTestObject(path_Dashboard + appName)): Object: 'Object Repository/AdminSuiteBootstrap_Pages/Dashboard_Bootstrap/a_Access AutoDualCFtpQA' is clicked on

2024-07-12 23:56:15 - [MESSAGE][PASSED] - Object: 'Object Repository/AdminSuiteBootstrap_Pages/Dashboard_Bootstrap/a_Access AutoDualCFtpQA' is clicked on

2024-07-12 23:56:15 - [TEST_STEP][PASSED] - click(findTestObject(path_VT + "button_Debit")): Object: 'Object Repository/AdminSuiteBootstrap_Pages/VT_Bootstrap/IssueTransactions/button_Debit' is clicked on

2024-07-12 23:56:15 - [MESSAGE][PASSED] - Object: 'Object Repository/AdminSuiteBootstrap_Pages/VT_Bootstrap/IssueTransactions/button_Debit' is clicked on

2024-07-12 23:56:15 - [TEST_STEP][PASSED] - click(findTestObject(path_VT + "a_Corporate")): Object: 'Object Repository/AdminSuiteBootstrap_Pages/VT_Bootstrap/IssueTransactions/a_Corporate' is clicked on

2024-07-12 23:56:16 - [MESSAGE][PASSED] - Object: 'Object Repository/AdminSuiteBootstrap_Pages/VT_Bootstrap/IssueTransactions/a_Corporate' is clicked on

2024-07-12 23:56:16 - [TEST_STEP][PASSED] - adminSuiteBootstrap.debitCorporatesetData.debitCorporate_DataDriven(row, dataFile): adminSuiteBootstrap.debitCorporatesetData.debitCorporate_DataDriven is PASSED

2024-07-12 23:56:19 - [MESSAGE][PASSED] - Text 'Gambrills Corp' is set on object 'Object Repository/AdminSuiteBootstrap_Pages/VT_Bootstrap/ACHCorporate/input_companyName'

2024-07-12 23:56:20 - [MESSAGE][PASSED] - Text '133 Meadow Ln' is set on object 'Object Repository/AdminSuiteBootstrap_Pages/VT_Bootstrap/ACHCorporate/input_address'

2024-07-12 23:56:20 - [MESSAGE][PASSED] - Text 'apt #123' is set on object 'Object Repository/AdminSuiteBootstrap_Pages/VT_Bootstrap/ACHCorporate/input_address2'

2024-07-12 23:56:21 - [MESSAGE][PASSED] - Text '22201' is set on object 'Object Repository/AdminSuiteBootstrap_Pages/VT_Bootstrap/ACHCorporate/input_zip'

2024-07-12 23:56:22 - [MESSAGE][PASSED] - Text '' is set on object 'Object Repository/AdminSuiteBootstrap_Pages/VT_Bootstrap/ACHCorporate/input_emailAddress'

2024-07-12 23:56:23 - [MESSAGE][PASSED] - Text '' is set on object 'Object Repository/AdminSuiteBootstrap_Pages/VT_Bootstrap/ACHCorporate/input_smsNumber'

2024-07-12 23:56:24 - [MESSAGE][PASSED] - Text '45682001' is set on object 'Object Repository/AdminSuiteBootstrap_Pages/VT_Bootstrap/ACHCorporate/input_accountNumber'

2024-07-12 23:56:25 - [MESSAGE][PASSED] - Text '256072691' is set on object 'Object Repository/AdminSuiteBootstrap_Pages/VT_Bootstrap/ACHCorporate/input_routingNumber'

2024-07-12 23:56:26 - [MESSAGE][PASSED] - All options with label 'Checking' are selected in object 'Object Repository/AdminSuiteBootstrap_Pages/VT_Bootstrap/ACHCorporate/select_Checking'  using regular expression

2024-07-12 23:56:27 - [MESSAGE][PASSED] - All options with label 'CCD - Cash Concentration or Disbursement' are selected in object 'Object Repository/AdminSuiteBootstrap_Pages/VT_Bootstrap/ACHCorporate/select_STD'  using regular expression

2024-07-12 23:56:27 - [MESSAGE][PASSED] - Text '12.50' is set on object 'Object Repository/AdminSuiteBootstrap_Pages/VT_Bootstrap/ACHCorporate/input_amount'

2024-07-12 23:56:29 - [MESSAGE][PASSED] - Text '569847856' is set on object 'Object Repository/AdminSuiteBootstrap_Pages/VT_Bootstrap/ACHCorporate/input_ein'

2024-07-12 23:56:30 - [MESSAGE][PASSED] - Text 'Denmark' is set on object 'Object Repository/AdminSuiteBootstrap_Pages/VT_Bootstrap/ACHCorporate/input_userDefined1'

2024-07-12 23:56:30 - [MESSAGE][PASSED] - Text 'Australia' is set on object 'Object Repository/AdminSuiteBootstrap_Pages/VT_Bootstrap/ACHCorporate/input_userDefined2'

2024-07-12 23:56:31 - [MESSAGE][PASSED] - Text 'Austria' is set on object 'Object Repository/AdminSuiteBootstrap_Pages/VT_Bootstrap/ACHCorporate/input_userDefined3'

2024-07-12 23:56:32 - [MESSAGE][PASSED] - Text 'Sweden' is set on object 'Object Repository/AdminSuiteBootstrap_Pages/VT_Bootstrap/ACHCorporate/input_userDefined4'

2024-07-12 23:56:33 - [MESSAGE][PASSED] - All options with label 'Yellow' are selected in object 'Object Repository/AdminSuiteBootstrap_Pages/VT_Bootstrap/ACHCorporate/select_UDF5'  using regular expression

2024-07-12 23:56:34 - [MESSAGE][PASSED] - All options with label 'Orange' are selected in object 'Object Repository/AdminSuiteBootstrap_Pages/VT_Bootstrap/ACHCorporate/select_UDF6'  using regular expression

2024-07-12 23:56:34 - [MESSAGE][PASSED] - Text 'Netherlands' is set on object 'Object Repository/AdminSuiteBootstrap_Pages/VT_Bootstrap/ACHCorporate/input_userDefined7'

2024-07-12 23:56:35 - [MESSAGE][PASSED] - Text 'Norway' is set on object 'Object Repository/AdminSuiteBootstrap_Pages/VT_Bootstrap/ACHCorporate/input_userDefined8'

2024-07-12 23:56:36 - [MESSAGE][PASSED] - Text 'France' is set on object 'Object Repository/AdminSuiteBootstrap_Pages/VT_Bootstrap/ACHCorporate/input_userDefined9'

2024-07-12 23:56:37 - [MESSAGE][PASSED] - Text 'Switzerland' is set on object 'Object Repository/AdminSuiteBootstrap_Pages/VT_Bootstrap/ACHCorporate/input_userDefined10'

2024-07-12 23:56:38 - [MESSAGE][PASSED] - Object: 'Object Repository/AdminSuiteBootstrap_Pages/VT_Bootstrap/ACHCorporate/button_Submit' is clicked on

2024-07-12 23:56:38 - [MESSAGE][PASSED] - adminSuiteBootstrap.debitCorporatesetData.debitCorporate_DataDriven is PASSED

2024-07-12 23:56:38 - [TEST_STEP][PASSED] - verifyTextPresent("Transaction Successful", true): Text 'Transaction Successful' is present on page  using regular expression

2024-07-12 23:56:38 - [MESSAGE][PASSED] - Text 'Transaction Successful' is present on page  using regular expression

2024-07-12 23:56:38 - [TEST_STEP][PASSED] - verifyTextPresent("Remittance ID", true): Text 'Remittance ID' is present on page  using regular expression

2024-07-12 23:56:39 - [MESSAGE][PASSED] - Text 'Remittance ID' is present on page  using regular expression

2024-07-12 23:56:39 - [TEST_STEP][PASSED] - verifyTextPresent("Received", true): Text 'Received' is present on page  using regular expression

2024-07-12 23:56:39 - [MESSAGE][PASSED] - Text 'Received' is present on page  using regular expression

2024-07-12 23:56:39 - [TEST_STEP][PASSED] - verifyTextPresent("UDF1", true): Text 'UDF1' is present on page  using regular expression

2024-07-12 23:56:40 - [MESSAGE][PASSED] - Text 'UDF1' is present on page  using regular expression

2024-07-12 23:56:40 - [TEST_STEP][PASSED] - verifyTextPresent("UDF2", true): Text 'UDF2' is present on page  using regular expression

2024-07-12 23:56:40 - [MESSAGE][PASSED] - Text 'UDF2' is present on page  using regular expression

2024-07-12 23:56:40 - [TEST_STEP][PASSED] - verifyTextPresent("UDF3", true): Text 'UDF3' is present on page  using regular expression

2024-07-12 23:56:40 - [MESSAGE][PASSED] - Text 'UDF3' is present on page  using regular expression

2024-07-12 23:56:40 - [TEST_STEP][PASSED] - verifyTextPresent("UDF4", true): Text 'UDF4' is present on page  using regular expression

2024-07-12 23:56:41 - [MESSAGE][PASSED] - Text 'UDF4' is present on page  using regular expression

2024-07-12 23:56:41 - [TEST_STEP][PASSED] - verifyTextPresent("UDF5", true): Text 'UDF5' is present on page  using regular expression

2024-07-12 23:56:41 - [MESSAGE][PASSED] - Text 'UDF5' is present on page  using regular expression

2024-07-12 23:56:41 - [TEST_STEP][PASSED] - verifyTextPresent("UDF6", true): Text 'UDF6' is present on page  using regular expression

2024-07-12 23:56:41 - [MESSAGE][PASSED] - Text 'UDF6' is present on page  using regular expression

2024-07-12 23:56:41 - [TEST_STEP][PASSED] - verifyTextPresent("UDF7", true): Text 'UDF7' is present on page  using regular expression

2024-07-12 23:56:42 - [MESSAGE][PASSED] - Text 'UDF7' is present on page  using regular expression

2024-07-12 23:56:42 - [TEST_STEP][PASSED] - verifyTextPresent("UDF8", true): Text 'UDF8' is present on page  using regular expression

2024-07-12 23:56:42 - [MESSAGE][PASSED] - Text 'UDF8' is present on page  using regular expression

2024-07-12 23:56:42 - [TEST_STEP][PASSED] - verifyTextPresent("UDF9", true): Text 'UDF9' is present on page  using regular expression

2024-07-12 23:56:42 - [MESSAGE][PASSED] - Text 'UDF9' is present on page  using regular expression

2024-07-12 23:56:42 - [TEST_STEP][PASSED] - verifyTextPresent("UDF 10", true): Text 'UDF 10' is present on page  using regular expression

2024-07-12 23:56:43 - [MESSAGE][PASSED] - Text 'UDF 10' is present on page  using regular expression

2024-07-12 23:56:43 - [TEST_STEP][PASSED] - verifyTextPresent("Australia", true): Text 'Australia' is present on page  using regular expression

2024-07-12 23:56:43 - [MESSAGE][PASSED] - Text 'Australia' is present on page  using regular expression

2024-07-12 23:56:43 - [TEST_STEP][PASSED] - verifyTextPresent("Denmark", true): Text 'Denmark' is present on page  using regular expression

2024-07-12 23:56:43 - [MESSAGE][PASSED] - Text 'Denmark' is present on page  using regular expression

2024-07-12 23:56:43 - [TEST_STEP][PASSED] - verifyTextPresent("Sweden", true): Text 'Sweden' is present on page  using regular expression

2024-07-12 23:56:44 - [MESSAGE][PASSED] - Text 'Sweden' is present on page  using regular expression

2024-07-12 23:56:44 - [TEST_STEP][PASSED] - verifyTextPresent("Austria", true): Text 'Austria' is present on page  using regular expression

2024-07-12 23:56:44 - [MESSAGE][PASSED] - Text 'Austria' is present on page  using regular expression

2024-07-12 23:56:44 - [TEST_STEP][PASSED] - verifyTextPresent("Orange Recorded", true): Text 'Orange Recorded' is present on page  using regular expression

2024-07-12 23:56:44 - [MESSAGE][PASSED] - Text 'Orange Recorded' is present on page  using regular expression

2024-07-12 23:56:44 - [TEST_STEP][PASSED] - verifyTextPresent("Yellow Recorded", true): Text 'Yellow Recorded' is present on page  using regular expression

2024-07-12 23:56:45 - [MESSAGE][PASSED] - Text 'Yellow Recorded' is present on page  using regular expression

2024-07-12 23:56:45 - [TEST_STEP][PASSED] - verifyTextPresent("Norway", true): Text 'Norway' is present on page  using regular expression

2024-07-12 23:56:45 - [MESSAGE][PASSED] - Text 'Norway' is present on page  using regular expression

2024-07-12 23:56:45 - [TEST_STEP][PASSED] - verifyTextPresent("Netherlands", true): Text 'Netherlands' is present on page  using regular expression

2024-07-12 23:56:45 - [MESSAGE][PASSED] - Text 'Netherlands' is present on page  using regular expression

2024-07-12 23:56:45 - [TEST_STEP][PASSED] - verifyTextPresent("Switzerland", true): Text 'Switzerland' is present on page  using regular expression

2024-07-12 23:56:46 - [MESSAGE][PASSED] - Text 'Switzerland' is present on page  using regular expression

2024-07-12 23:56:46 - [TEST_STEP][PASSED] - verifyTextPresent("France", true): Text 'France' is present on page  using regular expression

2024-07-12 23:56:46 - [MESSAGE][PASSED] - Text 'France' is present on page  using regular expression

2024-07-12 23:56:46 - [TEST_STEP][PASSED] - verifyTextPresent("Amount", true): Text 'Amount' is present on page  using regular expression

2024-07-12 23:56:46 - [MESSAGE][PASSED] - Text 'Amount' is present on page  using regular expression

2024-07-12 23:56:46 - [TEST_STEP][PASSED] - verifyTextPresent("Service Fee", true): Text 'Service Fee' is present on page  using regular expression

2024-07-12 23:56:47 - [MESSAGE][PASSED] - Text 'Service Fee' is present on page  using regular expression

2024-07-12 23:56:47 - [TEST_STEP][PASSED] - verifyTextPresent("Service Fee Type", true): Text 'Service Fee Type' is present on page  using regular expression

2024-07-12 23:56:47 - [MESSAGE][PASSED] - Text 'Service Fee Type' is present on page  using regular expression

2024-07-12 23:56:47 - [TEST_STEP][PASSED] - verifyTextPresent("Total Amount", true): Text 'Total Amount' is present on page  using regular expression

2024-07-12 23:56:47 - [MESSAGE][PASSED] - Text 'Total Amount' is present on page  using regular expression

2024-07-12 23:56:47 - [TEST_STEP][PASSED] - verifyTextPresent("Transaction Type", true): Text 'Transaction Type' is present on page  using regular expression

2024-07-12 23:56:48 - [MESSAGE][PASSED] - Text 'Transaction Type' is present on page  using regular expression

2024-07-12 23:56:48 - [TEST_STEP][PASSED] - verifyTextPresent("12.50", true): Text '12.50' is present on page  using regular expression

2024-07-12 23:56:48 - [MESSAGE][PASSED] - Text '12.50' is present on page  using regular expression

2024-07-12 23:56:48 - [TEST_STEP][PASSED] - verifyTextPresent("5.00", true): Text '5.00' is present on page  using regular expression

2024-07-12 23:56:48 - [MESSAGE][PASSED] - Text '5.00' is present on page  using regular expression

2024-07-12 23:56:48 - [TEST_STEP][PASSED] - verifyTextPresent("Dual Transaction", true): Text 'Dual Transaction' is present on page  using regular expression

2024-07-12 23:56:49 - [MESSAGE][PASSED] - Text 'Dual Transaction' is present on page  using regular expression

2024-07-12 23:56:49 - [TEST_STEP][PASSED] - verifyTextPresent("17.50", true): Text '17.50' is present on page  using regular expression

2024-07-12 23:56:49 - [MESSAGE][PASSED] - Text '17.50' is present on page  using regular expression

2024-07-12 23:56:49 - [TEST_STEP][PASSED] - verifyTextPresent("Debit", true): Text 'Debit' is present on page  using regular expression

2024-07-12 23:56:49 - [MESSAGE][PASSED] - Text 'Debit' is present on page  using regular expression

2024-07-12 23:56:49 - [TEST_STEP][PASSED] - verifyTextPresent("Check Information", true): Text 'Check Information' is present on page  using regular expression

2024-07-12 23:56:50 - [MESSAGE][PASSED] - Text 'Check Information' is present on page  using regular expression

2024-07-12 23:56:50 - [TEST_STEP][PASSED] - verifyTextPresent("Account Type", true): Text 'Account Type' is present on page  using regular expression

2024-07-12 23:56:50 - [MESSAGE][PASSED] - Text 'Account Type' is present on page  using regular expression

2024-07-12 23:56:50 - [TEST_STEP][PASSED] - verifyTextPresent("Account Number", true): Text 'Account Number' is present on page  using regular expression

2024-07-12 23:56:50 - [MESSAGE][PASSED] - Text 'Account Number' is present on page  using regular expression

2024-07-12 23:56:50 - [TEST_STEP][PASSED] - verifyTextPresent("Routing Number", true): Text 'Routing Number' is present on page  using regular expression

2024-07-12 23:56:51 - [MESSAGE][PASSED] - Text 'Routing Number' is present on page  using regular expression

2024-07-12 23:56:51 - [TEST_STEP][PASSED] - verifyTextPresent("2691", true): Text '2691' is present on page  using regular expression

2024-07-12 23:56:51 - [MESSAGE][PASSED] - Text '2691' is present on page  using regular expression

2024-07-12 23:56:51 - [TEST_STEP][PASSED] - al1V = findTestData(dataFile).getValue("AL1", row): null

2024-07-12 23:56:51 - [TEST_STEP][PASSED] - al2V = findTestData(dataFile).getValue("AL2", row): null

2024-07-12 23:56:51 - [TEST_STEP][PASSED] - last4V = findTestData(dataFile).getValue("Last4", row): null

2024-07-12 23:56:51 - [TEST_STEP][PASSED] - ein = findTestData(dataFile).getValue("EmployeeID", row): null

2024-07-12 23:56:51 - [TEST_STEP][PASSED] - verifyTextPresent("Address Line 1", true): Text 'Address Line 1' is present on page  using regular expression

2024-07-12 23:56:52 - [MESSAGE][PASSED] - Text 'Address Line 1' is present on page  using regular expression

2024-07-12 23:56:52 - [TEST_STEP][PASSED] - verifyTextPresent("Address Line 2", true): Text 'Address Line 2' is present on page  using regular expression

2024-07-12 23:56:52 - [MESSAGE][PASSED] - Text 'Address Line 2' is present on page  using regular expression

2024-07-12 23:56:52 - [TEST_STEP][PASSED] - verifyTextPresent("Country", true): Text 'Country' is present on page  using regular expression

2024-07-12 23:56:52 - [MESSAGE][PASSED] - Text 'Country' is present on page  using regular expression

2024-07-12 23:56:52 - [TEST_STEP][PASSED] - verifyTextPresent("City", true): Text 'City' is present on page  using regular expression

2024-07-12 23:56:53 - [MESSAGE][PASSED] - Text 'City' is present on page  using regular expression

2024-07-12 23:56:53 - [TEST_STEP][PASSED] - verifyTextPresent("State", true): Text 'State' is present on page  using regular expression

2024-07-12 23:56:53 - [MESSAGE][PASSED] - Text 'State' is present on page  using regular expression

2024-07-12 23:56:53 - [TEST_STEP][PASSED] - verifyTextPresent("ZIP Code", true): Text 'ZIP Code' is present on page  using regular expression

2024-07-12 23:56:53 - [MESSAGE][PASSED] - Text 'ZIP Code' is present on page  using regular expression

2024-07-12 23:56:53 - [TEST_STEP][PASSED] - verifyTextPresent(al1V, true): Text '133 Meadow Ln' is present on page  using regular expression

2024-07-12 23:56:54 - [MESSAGE][PASSED] - Text '133 Meadow Ln' is present on page  using regular expression

2024-07-12 23:56:54 - [TEST_STEP][PASSED] - verifyTextPresent(al2V, true): Text 'apt #123' is present on page  using regular expression

2024-07-12 23:56:54 - [MESSAGE][PASSED] - Text 'apt #123' is present on page  using regular expression

2024-07-12 23:56:54 - [TEST_STEP][PASSED] - verifyTextPresent("United States", true): Text 'United States' is present on page  using regular expression

2024-07-12 23:56:54 - [MESSAGE][PASSED] - Text 'United States' is present on page  using regular expression

2024-07-12 23:56:54 - [TEST_STEP][PASSED] - verifyTextPresent("ARLINGTON", true): Text 'ARLINGTON' is present on page  using regular expression

2024-07-12 23:56:55 - [MESSAGE][PASSED] - Text 'ARLINGTON' is present on page  using regular expression

2024-07-12 23:56:55 - [TEST_STEP][PASSED] - verifyTextPresent("Virginia", true): Text 'Virginia' is present on page  using regular expression

2024-07-12 23:56:55 - [MESSAGE][PASSED] - Text 'Virginia' is present on page  using regular expression

2024-07-12 23:56:55 - [TEST_STEP][PASSED] - verifyTextPresent("22201", true): Text '22201' is present on page  using regular expression

2024-07-12 23:56:55 - [MESSAGE][PASSED] - Text '22201' is present on page  using regular expression

2024-07-12 23:56:55 - [TEST_STEP][PASSED] - verifyTextPresent("Checking", true): Text 'Checking' is present on page  using regular expression

2024-07-12 23:56:56 - [MESSAGE][PASSED] - Text 'Checking' is present on page  using regular expression

2024-07-12 23:56:56 - [TEST_STEP][PASSED] - verifyTextPresent(last4V, true): Text '2001' is present on page  using regular expression

2024-07-12 23:56:56 - [MESSAGE][PASSED] - Text '2001' is present on page  using regular expression

2024-07-12 23:56:56 - [TEST_STEP][PASSED] - verifyTextPresent("Employer Identification Number", true): Text 'Employer Identification Number' is present on page  using regular expression

2024-07-12 23:56:56 - [MESSAGE][PASSED] - Text 'Employer Identification Number' is present on page  using regular expression

2024-07-12 23:56:56 - [TEST_STEP][PASSED] - verifyTextPresent("EIN", true): Text 'EIN' is present on page  using regular expression

2024-07-12 23:56:57 - [MESSAGE][PASSED] - Text 'EIN' is present on page  using regular expression

2024-07-12 23:56:57 - [TEST_STEP][PASSED] - verifyTextPresent(ein, true): Text '569847856' is present on page  using regular expression

2024-07-12 23:56:57 - [MESSAGE][PASSED] - Text '569847856' is present on page  using regular expression

2024-07-12 23:56:57 - [TEST_STEP][PASSED] - closeBrowser(): Browser is closed

2024-07-12 23:56:58 - [MESSAGE][PASSED] - Browser is closed]]></system-out>
         <system-err><![CDATA[]]></system-err>
      </testcase>
      <testcase name="Test Cases/Admin Suite Bootstrap/VT_ACH_TestCases/DebitCorporate_TP_NoCF_Generic_Payment_TC" time="54.999" classname="Test Cases/Admin Suite Bootstrap/VT_ACH_TestCases/DebitCorporate_TP_NoCF_Generic_Payment_TC" status="PASSED">
         <system-out><![CDATA[2024-07-12 23:56:58 - [TEST_CASE][PASSED] - Test Cases/Admin Suite Bootstrap/VT_ACH_TestCases/DebitCorporate_TP_NoCF_Generic_Payment_TC: Test Cases/Admin Suite Bootstrap/VT_ACH_TestCases/DebitCorporate_TP_NoCF_Generic_Payment_TC

2024-07-12 23:56:59 - [TEST_STEP][PASSED] - path_Dashboard = "Object Repository/AdminSuiteBootstrap_Pages/Dashboard_Bootstrap/": null

2024-07-12 23:56:59 - [TEST_STEP][PASSED] - path_VT = "Object Repository/AdminSuiteBootstrap_Pages/VT_Bootstrap/IssueTransactions/": null

2024-07-12 23:56:59 - [TEST_STEP][PASSED] - li_1 = vpos_Prefix: null

2024-07-12 23:56:59 - [TEST_STEP][PASSED] - li_2 = "/transactions/AuthCapForm/": null

2024-07-12 23:56:59 - [TEST_STEP][PASSED] - executionProfile = getExecutionProfile(): null

2024-07-12 23:56:59 - [TEST_STEP][PASSED] - out.println("executionProfile : " + executionProfile): null

2024-07-12 23:56:59 - [TEST_STEP][PASSED] - appName = <not implemented yet for class: org.codehaus.groovy.ast.expr.EmptyExpression>: null

2024-07-12 23:56:59 - [TEST_STEP][PASSED] - appID = <not implemented yet for class: org.codehaus.groovy.ast.expr.EmptyExpression>: null

2024-07-12 23:56:59 - [TEST_STEP][PASSED] - cardNameV = <not implemented yet for class: org.codehaus.groovy.ast.expr.EmptyExpression>: null

2024-07-12 23:56:59 - [TEST_STEP][PASSED] - al1V = <not implemented yet for class: org.codehaus.groovy.ast.expr.EmptyExpression>: null

2024-07-12 23:56:59 - [TEST_STEP][PASSED] - al2V = <not implemented yet for class: org.codehaus.groovy.ast.expr.EmptyExpression>: null

2024-07-12 23:56:59 - [TEST_STEP][PASSED] - zipV = <not implemented yet for class: org.codehaus.groovy.ast.expr.EmptyExpression>: null

2024-07-12 23:56:59 - [TEST_STEP][PASSED] - accType = <not implemented yet for class: org.codehaus.groovy.ast.expr.EmptyExpression>: null

2024-07-12 23:56:59 - [TEST_STEP][PASSED] - last4V = <not implemented yet for class: org.codehaus.groovy.ast.expr.EmptyExpression>: null

2024-07-12 23:56:59 - [TEST_STEP][PASSED] - ein = <not implemented yet for class: org.codehaus.groovy.ast.expr.EmptyExpression>: null

2024-07-12 23:56:59 - [TEST_STEP][PASSED] - resText = "Fail": null

2024-07-12 23:56:59 - [TEST_STEP][PASSED] - resColumn = "Result": null

2024-07-12 23:56:59 - [TEST_STEP][PASSED] - datCloumn = "Date": null

2024-07-12 23:56:59 - [TEST_STEP][PASSED] - fileLoc = "C:\KatalonData\Bootstrap\VT-ACH-Data.xlsx": null

2024-07-12 23:56:59 - [TEST_STEP][PASSED] - numOfRows = <not implemented yet for class: org.codehaus.groovy.ast.expr.EmptyExpression>: null

2024-07-12 23:56:59 - [TEST_STEP][PASSED] - dataFile = <not implemented yet for class: org.codehaus.groovy.ast.expr.EmptyExpression>: null

2024-07-12 23:56:59 - [TEST_STEP][PASSED] - nameSheet = <not implemented yet for class: org.codehaus.groovy.ast.expr.EmptyExpression>: null

2024-07-12 23:56:59 - [TEST_STEP][PASSED] - nameSheet = "VT-ACHCorp-NoCF-Generic": null

2024-07-12 23:56:59 - [TEST_STEP][PASSED] - numOfRows = findTestData("QA/Bootstrap/VT-ACH-TestData/VT-DebitDataCorp-NoCF-Generic").getRowNumbers(): null

2024-07-12 23:56:59 - [TEST_STEP][PASSED] - println("Number of Records: " + numOfRows): null

2024-07-12 23:56:59 - [TEST_STEP][PASSED] - dataFile = "QA/Bootstrap/VT-ACH-TestData/VT-DebitDataCorp-NoCF-Generic": null

2024-07-12 23:56:59 - [TEST_STEP][PASSED] - for ([row = 1, row <= numOfRows, (row++)]): Browser is closed

2024-07-12 23:56:59 - [TEST_STEP][PASSED] - ExecuteTC = findTestData(dataFile).getValue("Execute", row): null

2024-07-12 23:56:59 - [TEST_STEP][PASSED] - out.println("Value of Execute is : " + ExecuteTC): null

2024-07-12 23:56:59 - [TEST_STEP][PASSED] - switch (executionProfile): null

2024-07-12 23:56:59 - [TEST_STEP][PASSED] - case "QA2Profile":: null

2024-07-12 23:56:59 - [TEST_STEP][PASSED] - appName = findTestData(dataFile).getValue("AppNameQA", row): null

2024-07-12 23:56:59 - [TEST_STEP][PASSED] - appID = findTestData(dataFile).getValue("AppIDQA", row): null

2024-07-12 23:56:59 - [TEST_STEP][PASSED] - break: null

2024-07-12 23:56:59 - [TEST_STEP][PASSED] - hrefAppID = li_1 + appID + li_2: null

2024-07-12 23:56:59 - [TEST_STEP][PASSED] - hrefApp = li_1 + appID + "/": null

2024-07-12 23:56:59 - [TEST_STEP][PASSED] - println("hrefApp : " + hrefApp): null

2024-07-12 23:56:59 - [TEST_STEP][PASSED] - if (ExecuteTC.equalsIgnoreCase("Y")): Browser is closed

2024-07-12 23:56:59 - [TEST_STEP][PASSED] - out.println("Begin Record Number: " + row): null

2024-07-12 23:56:59 - [TEST_STEP][PASSED] - today = new java.util.Date(): null

2024-07-12 23:56:59 - [TEST_STEP][PASSED] - println(today): null

2024-07-12 23:56:59 - [TEST_STEP][PASSED] - datText = today: null

2024-07-12 23:56:59 - [TEST_STEP][PASSED] - adminSuiteBootstrap.loginFunctionality.login_AdminSuite(): adminSuiteBootstrap.loginFunctionality.login_AdminSuite is PASSED

2024-07-12 23:56:59 - [MESSAGE][INFO] - Starting 'Chrome' driver

2024-07-12 23:56:59 - [MESSAGE][INFO] - User set preference: ['acceptInsecureCerts', 'true']

2024-07-12 23:56:59 - [MESSAGE][INFO] - Action delay is set to 0 milliseconds

2024-07-12 23:57:02 - [MESSAGE][PASSED] - Browser is opened with url: 'https://qa2.velocitypayment.com/admin/imtiaz'

2024-07-12 23:57:02 - [MESSAGE][PASSED] - Current window maximized

2024-07-12 23:57:02 - [MESSAGE][PASSED] - Object 'Object Repository/Login_Page/Login_Username_Okta' is present

2024-07-12 23:57:03 - [MESSAGE][PASSED] - Text 'iahmed' is set on object 'Object Repository/Login_Page/Login_Username_Okta'

2024-07-12 23:57:04 - [MESSAGE][PASSED] - Text 'Hello!6666666' is set on object 'Object Repository/Login_Page/Login_Password_Okta'

2024-07-12 23:57:05 - [MESSAGE][PASSED] - Object: 'Object Repository/Login_Page/Login_Submit_Okta' is clicked on

2024-07-12 23:57:05 - [MESSAGE][PASSED] - adminSuiteBootstrap.loginFunctionality.login_AdminSuite is PASSED

2024-07-12 23:57:05 - [TEST_STEP][PASSED] - click(findTestObject(path_Dashboard + appName)): Object: 'Object Repository/AdminSuiteBootstrap_Pages/Dashboard_Bootstrap/a_Access AutoNoCFtp' is clicked on

2024-07-12 23:57:12 - [MESSAGE][PASSED] - Object: 'Object Repository/AdminSuiteBootstrap_Pages/Dashboard_Bootstrap/a_Access AutoNoCFtp' is clicked on

2024-07-12 23:57:12 - [TEST_STEP][PASSED] - click(findTestObject(path_VT + "button_Debit")): Object: 'Object Repository/AdminSuiteBootstrap_Pages/VT_Bootstrap/IssueTransactions/button_Debit' is clicked on

2024-07-12 23:57:13 - [MESSAGE][PASSED] - Object: 'Object Repository/AdminSuiteBootstrap_Pages/VT_Bootstrap/IssueTransactions/button_Debit' is clicked on

2024-07-12 23:57:13 - [TEST_STEP][PASSED] - click(findTestObject(path_VT + "a_Corporate")): Object: 'Object Repository/AdminSuiteBootstrap_Pages/VT_Bootstrap/IssueTransactions/a_Corporate' is clicked on

2024-07-12 23:57:14 - [MESSAGE][PASSED] - Object: 'Object Repository/AdminSuiteBootstrap_Pages/VT_Bootstrap/IssueTransactions/a_Corporate' is clicked on

2024-07-12 23:57:14 - [TEST_STEP][PASSED] - adminSuiteBootstrap.debitCorporatesetData.debitCorporate_DataDriven(row, dataFile): adminSuiteBootstrap.debitCorporatesetData.debitCorporate_DataDriven is PASSED

2024-07-12 23:57:17 - [MESSAGE][PASSED] - Text 'Gambrills Corp' is set on object 'Object Repository/AdminSuiteBootstrap_Pages/VT_Bootstrap/ACHCorporate/input_companyName'

2024-07-12 23:57:17 - [MESSAGE][PASSED] - Text '133 Meadow Ln' is set on object 'Object Repository/AdminSuiteBootstrap_Pages/VT_Bootstrap/ACHCorporate/input_address'

2024-07-12 23:57:18 - [MESSAGE][PASSED] - Text 'apt #123' is set on object 'Object Repository/AdminSuiteBootstrap_Pages/VT_Bootstrap/ACHCorporate/input_address2'

2024-07-12 23:57:19 - [MESSAGE][PASSED] - Text '22201' is set on object 'Object Repository/AdminSuiteBootstrap_Pages/VT_Bootstrap/ACHCorporate/input_zip'

2024-07-12 23:57:20 - [MESSAGE][PASSED] - Text '' is set on object 'Object Repository/AdminSuiteBootstrap_Pages/VT_Bootstrap/ACHCorporate/input_emailAddress'

2024-07-12 23:57:21 - [MESSAGE][PASSED] - Text '' is set on object 'Object Repository/AdminSuiteBootstrap_Pages/VT_Bootstrap/ACHCorporate/input_smsNumber'

2024-07-12 23:57:22 - [MESSAGE][PASSED] - Text '32161001' is set on object 'Object Repository/AdminSuiteBootstrap_Pages/VT_Bootstrap/ACHCorporate/input_accountNumber'

2024-07-12 23:57:22 - [MESSAGE][PASSED] - Text '256072691' is set on object 'Object Repository/AdminSuiteBootstrap_Pages/VT_Bootstrap/ACHCorporate/input_routingNumber'

2024-07-12 23:57:23 - [MESSAGE][PASSED] - All options with label 'Checking' are selected in object 'Object Repository/AdminSuiteBootstrap_Pages/VT_Bootstrap/ACHCorporate/select_Checking'  using regular expression

2024-07-12 23:57:24 - [MESSAGE][PASSED] - All options with label 'CCD - Cash Concentration or Disbursement' are selected in object 'Object Repository/AdminSuiteBootstrap_Pages/VT_Bootstrap/ACHCorporate/select_STD'  using regular expression

2024-07-12 23:57:25 - [MESSAGE][PASSED] - Text '12.50' is set on object 'Object Repository/AdminSuiteBootstrap_Pages/VT_Bootstrap/ACHCorporate/input_amount'

2024-07-12 23:57:26 - [MESSAGE][PASSED] - Text '569847856' is set on object 'Object Repository/AdminSuiteBootstrap_Pages/VT_Bootstrap/ACHCorporate/input_ein'

2024-07-12 23:57:27 - [MESSAGE][PASSED] - Text 'Denmark' is set on object 'Object Repository/AdminSuiteBootstrap_Pages/VT_Bootstrap/ACHCorporate/input_userDefined1'

2024-07-12 23:57:27 - [MESSAGE][PASSED] - Text 'Australia' is set on object 'Object Repository/AdminSuiteBootstrap_Pages/VT_Bootstrap/ACHCorporate/input_userDefined2'

2024-07-12 23:57:28 - [MESSAGE][PASSED] - Text 'Austria' is set on object 'Object Repository/AdminSuiteBootstrap_Pages/VT_Bootstrap/ACHCorporate/input_userDefined3'

2024-07-12 23:57:29 - [MESSAGE][PASSED] - Text 'Sweden' is set on object 'Object Repository/AdminSuiteBootstrap_Pages/VT_Bootstrap/ACHCorporate/input_userDefined4'

2024-07-12 23:57:30 - [MESSAGE][PASSED] - All options with label 'Yellow' are selected in object 'Object Repository/AdminSuiteBootstrap_Pages/VT_Bootstrap/ACHCorporate/select_UDF5'  using regular expression

2024-07-12 23:57:31 - [MESSAGE][PASSED] - All options with label 'Orange' are selected in object 'Object Repository/AdminSuiteBootstrap_Pages/VT_Bootstrap/ACHCorporate/select_UDF6'  using regular expression

2024-07-12 23:57:32 - [MESSAGE][PASSED] - Text 'Netherlands' is set on object 'Object Repository/AdminSuiteBootstrap_Pages/VT_Bootstrap/ACHCorporate/input_userDefined7'

2024-07-12 23:57:32 - [MESSAGE][PASSED] - Text 'Norway' is set on object 'Object Repository/AdminSuiteBootstrap_Pages/VT_Bootstrap/ACHCorporate/input_userDefined8'

2024-07-12 23:57:33 - [MESSAGE][PASSED] - Text 'France' is set on object 'Object Repository/AdminSuiteBootstrap_Pages/VT_Bootstrap/ACHCorporate/input_userDefined9'

2024-07-12 23:57:34 - [MESSAGE][PASSED] - Text 'Switzerland' is set on object 'Object Repository/AdminSuiteBootstrap_Pages/VT_Bootstrap/ACHCorporate/input_userDefined10'

2024-07-12 23:57:35 - [MESSAGE][PASSED] - Object: 'Object Repository/AdminSuiteBootstrap_Pages/VT_Bootstrap/ACHCorporate/button_Submit' is clicked on

2024-07-12 23:57:35 - [MESSAGE][PASSED] - adminSuiteBootstrap.debitCorporatesetData.debitCorporate_DataDriven is PASSED

2024-07-12 23:57:35 - [TEST_STEP][PASSED] - verifyTextPresent("Transaction Successful", true): Text 'Transaction Successful' is present on page  using regular expression

2024-07-12 23:57:35 - [MESSAGE][PASSED] - Text 'Transaction Successful' is present on page  using regular expression

2024-07-12 23:57:35 - [TEST_STEP][PASSED] - verifyTextPresent("Remittance ID", true): Text 'Remittance ID' is present on page  using regular expression

2024-07-12 23:57:36 - [MESSAGE][PASSED] - Text 'Remittance ID' is present on page  using regular expression

2024-07-12 23:57:36 - [TEST_STEP][PASSED] - verifyTextPresent("Received", true): Text 'Received' is present on page  using regular expression

2024-07-12 23:57:36 - [MESSAGE][PASSED] - Text 'Received' is present on page  using regular expression

2024-07-12 23:57:36 - [TEST_STEP][PASSED] - verifyTextPresent("UDF1", true): Text 'UDF1' is present on page  using regular expression

2024-07-12 23:57:36 - [MESSAGE][PASSED] - Text 'UDF1' is present on page  using regular expression

2024-07-12 23:57:36 - [TEST_STEP][PASSED] - verifyTextPresent("UDF2", true): Text 'UDF2' is present on page  using regular expression

2024-07-12 23:57:37 - [MESSAGE][PASSED] - Text 'UDF2' is present on page  using regular expression

2024-07-12 23:57:37 - [TEST_STEP][PASSED] - verifyTextPresent("UDF3", true): Text 'UDF3' is present on page  using regular expression

2024-07-12 23:57:37 - [MESSAGE][PASSED] - Text 'UDF3' is present on page  using regular expression

2024-07-12 23:57:37 - [TEST_STEP][PASSED] - verifyTextPresent("UDF4", true): Text 'UDF4' is present on page  using regular expression

2024-07-12 23:57:37 - [MESSAGE][PASSED] - Text 'UDF4' is present on page  using regular expression

2024-07-12 23:57:37 - [TEST_STEP][PASSED] - verifyTextPresent("UDF5", true): Text 'UDF5' is present on page  using regular expression

2024-07-12 23:57:38 - [MESSAGE][PASSED] - Text 'UDF5' is present on page  using regular expression

2024-07-12 23:57:38 - [TEST_STEP][PASSED] - verifyTextPresent("UDF6", true): Text 'UDF6' is present on page  using regular expression

2024-07-12 23:57:38 - [MESSAGE][PASSED] - Text 'UDF6' is present on page  using regular expression

2024-07-12 23:57:38 - [TEST_STEP][PASSED] - verifyTextPresent("UDF7", true): Text 'UDF7' is present on page  using regular expression

2024-07-12 23:57:38 - [MESSAGE][PASSED] - Text 'UDF7' is present on page  using regular expression

2024-07-12 23:57:38 - [TEST_STEP][PASSED] - verifyTextPresent("UDF8", true): Text 'UDF8' is present on page  using regular expression

2024-07-12 23:57:39 - [MESSAGE][PASSED] - Text 'UDF8' is present on page  using regular expression

2024-07-12 23:57:39 - [TEST_STEP][PASSED] - verifyTextPresent("UDF9", true): Text 'UDF9' is present on page  using regular expression

2024-07-12 23:57:39 - [MESSAGE][PASSED] - Text 'UDF9' is present on page  using regular expression

2024-07-12 23:57:39 - [TEST_STEP][PASSED] - verifyTextPresent("UDF 10", true): Text 'UDF 10' is present on page  using regular expression

2024-07-12 23:57:39 - [MESSAGE][PASSED] - Text 'UDF 10' is present on page  using regular expression

2024-07-12 23:57:39 - [TEST_STEP][PASSED] - verifyTextPresent("Australia", true): Text 'Australia' is present on page  using regular expression

2024-07-12 23:57:40 - [MESSAGE][PASSED] - Text 'Australia' is present on page  using regular expression

2024-07-12 23:57:40 - [TEST_STEP][PASSED] - verifyTextPresent("Denmark", true): Text 'Denmark' is present on page  using regular expression

2024-07-12 23:57:40 - [MESSAGE][PASSED] - Text 'Denmark' is present on page  using regular expression

2024-07-12 23:57:40 - [TEST_STEP][PASSED] - verifyTextPresent("Sweden", true): Text 'Sweden' is present on page  using regular expression

2024-07-12 23:57:40 - [MESSAGE][PASSED] - Text 'Sweden' is present on page  using regular expression

2024-07-12 23:57:40 - [TEST_STEP][PASSED] - verifyTextPresent("Austria", true): Text 'Austria' is present on page  using regular expression

2024-07-12 23:57:41 - [MESSAGE][PASSED] - Text 'Austria' is present on page  using regular expression

2024-07-12 23:57:41 - [TEST_STEP][PASSED] - verifyTextPresent("Orange Recorded", true): Text 'Orange Recorded' is present on page  using regular expression

2024-07-12 23:57:41 - [MESSAGE][PASSED] - Text 'Orange Recorded' is present on page  using regular expression

2024-07-12 23:57:41 - [TEST_STEP][PASSED] - verifyTextPresent("Yellow Recorded", true): Text 'Yellow Recorded' is present on page  using regular expression

2024-07-12 23:57:41 - [MESSAGE][PASSED] - Text 'Yellow Recorded' is present on page  using regular expression

2024-07-12 23:57:41 - [TEST_STEP][PASSED] - verifyTextPresent("Norway", true): Text 'Norway' is present on page  using regular expression

2024-07-12 23:57:42 - [MESSAGE][PASSED] - Text 'Norway' is present on page  using regular expression

2024-07-12 23:57:42 - [TEST_STEP][PASSED] - verifyTextPresent("Netherlands", true): Text 'Netherlands' is present on page  using regular expression

2024-07-12 23:57:42 - [MESSAGE][PASSED] - Text 'Netherlands' is present on page  using regular expression

2024-07-12 23:57:42 - [TEST_STEP][PASSED] - verifyTextPresent("Switzerland", true): Text 'Switzerland' is present on page  using regular expression

2024-07-12 23:57:42 - [MESSAGE][PASSED] - Text 'Switzerland' is present on page  using regular expression

2024-07-12 23:57:42 - [TEST_STEP][PASSED] - verifyTextPresent("France", true): Text 'France' is present on page  using regular expression

2024-07-12 23:57:43 - [MESSAGE][PASSED] - Text 'France' is present on page  using regular expression

2024-07-12 23:57:43 - [TEST_STEP][PASSED] - verifyTextPresent("Amount", true): Text 'Amount' is present on page  using regular expression

2024-07-12 23:57:43 - [MESSAGE][PASSED] - Text 'Amount' is present on page  using regular expression

2024-07-12 23:57:43 - [TEST_STEP][PASSED] - verifyTextPresent("Total Amount", true): Text 'Total Amount' is present on page  using regular expression

2024-07-12 23:57:43 - [MESSAGE][PASSED] - Text 'Total Amount' is present on page  using regular expression

2024-07-12 23:57:43 - [TEST_STEP][PASSED] - verifyTextPresent("Transaction Type", true): Text 'Transaction Type' is present on page  using regular expression

2024-07-12 23:57:44 - [MESSAGE][PASSED] - Text 'Transaction Type' is present on page  using regular expression

2024-07-12 23:57:44 - [TEST_STEP][PASSED] - verifyTextPresent("12.50", true): Text '12.50' is present on page  using regular expression

2024-07-12 23:57:44 - [MESSAGE][PASSED] - Text '12.50' is present on page  using regular expression

2024-07-12 23:57:44 - [TEST_STEP][PASSED] - verifyTextPresent("Debit", true): Text 'Debit' is present on page  using regular expression

2024-07-12 23:57:44 - [MESSAGE][PASSED] - Text 'Debit' is present on page  using regular expression

2024-07-12 23:57:44 - [TEST_STEP][PASSED] - verifyTextPresent("Check Information", true): Text 'Check Information' is present on page  using regular expression

2024-07-12 23:57:45 - [MESSAGE][PASSED] - Text 'Check Information' is present on page  using regular expression

2024-07-12 23:57:45 - [TEST_STEP][PASSED] - verifyTextPresent("Account Type", true): Text 'Account Type' is present on page  using regular expression

2024-07-12 23:57:45 - [MESSAGE][PASSED] - Text 'Account Type' is present on page  using regular expression

2024-07-12 23:57:45 - [TEST_STEP][PASSED] - verifyTextPresent("Account Number", true): Text 'Account Number' is present on page  using regular expression

2024-07-12 23:57:45 - [MESSAGE][PASSED] - Text 'Account Number' is present on page  using regular expression

2024-07-12 23:57:45 - [TEST_STEP][PASSED] - verifyTextPresent("Routing Number", true): Text 'Routing Number' is present on page  using regular expression

2024-07-12 23:57:46 - [MESSAGE][PASSED] - Text 'Routing Number' is present on page  using regular expression

2024-07-12 23:57:46 - [TEST_STEP][PASSED] - verifyTextPresent("2691", true): Text '2691' is present on page  using regular expression

2024-07-12 23:57:46 - [MESSAGE][PASSED] - Text '2691' is present on page  using regular expression

2024-07-12 23:57:46 - [TEST_STEP][PASSED] - al1V = findTestData(dataFile).getValue("AL1", row): null

2024-07-12 23:57:46 - [TEST_STEP][PASSED] - al2V = findTestData(dataFile).getValue("AL2", row): null

2024-07-12 23:57:46 - [TEST_STEP][PASSED] - last4V = findTestData(dataFile).getValue("Last4", row): null

2024-07-12 23:57:46 - [TEST_STEP][PASSED] - ein = findTestData(dataFile).getValue("EmployeeID", row): null

2024-07-12 23:57:46 - [TEST_STEP][PASSED] - verifyTextPresent("Address Line 1", true): Text 'Address Line 1' is present on page  using regular expression

2024-07-12 23:57:47 - [MESSAGE][PASSED] - Text 'Address Line 1' is present on page  using regular expression

2024-07-12 23:57:47 - [TEST_STEP][PASSED] - verifyTextPresent("Address Line 2", true): Text 'Address Line 2' is present on page  using regular expression

2024-07-12 23:57:47 - [MESSAGE][PASSED] - Text 'Address Line 2' is present on page  using regular expression

2024-07-12 23:57:47 - [TEST_STEP][PASSED] - verifyTextPresent("Country", true): Text 'Country' is present on page  using regular expression

2024-07-12 23:57:47 - [MESSAGE][PASSED] - Text 'Country' is present on page  using regular expression

2024-07-12 23:57:47 - [TEST_STEP][PASSED] - verifyTextPresent("City", true): Text 'City' is present on page  using regular expression

2024-07-12 23:57:48 - [MESSAGE][PASSED] - Text 'City' is present on page  using regular expression

2024-07-12 23:57:48 - [TEST_STEP][PASSED] - verifyTextPresent("State", true): Text 'State' is present on page  using regular expression

2024-07-12 23:57:48 - [MESSAGE][PASSED] - Text 'State' is present on page  using regular expression

2024-07-12 23:57:48 - [TEST_STEP][PASSED] - verifyTextPresent("ZIP Code", true): Text 'ZIP Code' is present on page  using regular expression

2024-07-12 23:57:48 - [MESSAGE][PASSED] - Text 'ZIP Code' is present on page  using regular expression

2024-07-12 23:57:48 - [TEST_STEP][PASSED] - verifyTextPresent(al1V, true): Text '133 Meadow Ln' is present on page  using regular expression

2024-07-12 23:57:49 - [MESSAGE][PASSED] - Text '133 Meadow Ln' is present on page  using regular expression

2024-07-12 23:57:49 - [TEST_STEP][PASSED] - verifyTextPresent(al2V, true): Text 'apt #123' is present on page  using regular expression

2024-07-12 23:57:49 - [MESSAGE][PASSED] - Text 'apt #123' is present on page  using regular expression

2024-07-12 23:57:49 - [TEST_STEP][PASSED] - verifyTextPresent("United States", true): Text 'United States' is present on page  using regular expression

2024-07-12 23:57:49 - [MESSAGE][PASSED] - Text 'United States' is present on page  using regular expression

2024-07-12 23:57:49 - [TEST_STEP][PASSED] - verifyTextPresent("ARLINGTON", true): Text 'ARLINGTON' is present on page  using regular expression

2024-07-12 23:57:50 - [MESSAGE][PASSED] - Text 'ARLINGTON' is present on page  using regular expression

2024-07-12 23:57:50 - [TEST_STEP][PASSED] - verifyTextPresent("Virginia", true): Text 'Virginia' is present on page  using regular expression

2024-07-12 23:57:50 - [MESSAGE][PASSED] - Text 'Virginia' is present on page  using regular expression

2024-07-12 23:57:50 - [TEST_STEP][PASSED] - verifyTextPresent("22201", true): Text '22201' is present on page  using regular expression

2024-07-12 23:57:50 - [MESSAGE][PASSED] - Text '22201' is present on page  using regular expression

2024-07-12 23:57:50 - [TEST_STEP][PASSED] - verifyTextPresent("Checking", true): Text 'Checking' is present on page  using regular expression

2024-07-12 23:57:51 - [MESSAGE][PASSED] - Text 'Checking' is present on page  using regular expression

2024-07-12 23:57:51 - [TEST_STEP][PASSED] - verifyTextPresent(last4V, true): Text '1001' is present on page  using regular expression

2024-07-12 23:57:51 - [MESSAGE][PASSED] - Text '1001' is present on page  using regular expression

2024-07-12 23:57:51 - [TEST_STEP][PASSED] - verifyTextPresent("Employer Identification Number", true): Text 'Employer Identification Number' is present on page  using regular expression

2024-07-12 23:57:51 - [MESSAGE][PASSED] - Text 'Employer Identification Number' is present on page  using regular expression

2024-07-12 23:57:51 - [TEST_STEP][PASSED] - verifyTextPresent("EIN", true): Text 'EIN' is present on page  using regular expression

2024-07-12 23:57:52 - [MESSAGE][PASSED] - Text 'EIN' is present on page  using regular expression

2024-07-12 23:57:52 - [TEST_STEP][PASSED] - verifyTextPresent(ein, true): Text '569847856' is present on page  using regular expression

2024-07-12 23:57:52 - [MESSAGE][PASSED] - Text '569847856' is present on page  using regular expression

2024-07-12 23:57:52 - [TEST_STEP][PASSED] - closeBrowser(): Browser is closed

2024-07-12 23:57:53 - [MESSAGE][PASSED] - Browser is closed]]></system-out>
         <system-err><![CDATA[]]></system-err>
      </testcase>
      <testcase name="Test Cases/Admin Suite Bootstrap/VT_ACH_TestCases/DebitCorporate_TP_SingleCF_Generic_Payment_TC" time="57.127" classname="Test Cases/Admin Suite Bootstrap/VT_ACH_TestCases/DebitCorporate_TP_SingleCF_Generic_Payment_TC" status="PASSED">
         <system-out><![CDATA[2024-07-12 23:57:53 - [TEST_CASE][PASSED] - Test Cases/Admin Suite Bootstrap/VT_ACH_TestCases/DebitCorporate_TP_SingleCF_Generic_Payment_TC: Test Cases/Admin Suite Bootstrap/VT_ACH_TestCases/DebitCorporate_TP_SingleCF_Generic_Payment_TC

2024-07-12 23:57:54 - [TEST_STEP][PASSED] - path_Dashboard = "Object Repository/AdminSuiteBootstrap_Pages/Dashboard_Bootstrap/": null

2024-07-12 23:57:54 - [TEST_STEP][PASSED] - path_VT = "Object Repository/AdminSuiteBootstrap_Pages/VT_Bootstrap/IssueTransactions/": null

2024-07-12 23:57:54 - [TEST_STEP][PASSED] - li_1 = vpos_Prefix: null

2024-07-12 23:57:54 - [TEST_STEP][PASSED] - li_2 = "/transactions/AuthCapForm/": null

2024-07-12 23:57:54 - [TEST_STEP][PASSED] - executionProfile = getExecutionProfile(): null

2024-07-12 23:57:54 - [TEST_STEP][PASSED] - out.println("executionProfile : " + executionProfile): null

2024-07-12 23:57:54 - [TEST_STEP][PASSED] - appName = <not implemented yet for class: org.codehaus.groovy.ast.expr.EmptyExpression>: null

2024-07-12 23:57:54 - [TEST_STEP][PASSED] - appID = <not implemented yet for class: org.codehaus.groovy.ast.expr.EmptyExpression>: null

2024-07-12 23:57:54 - [TEST_STEP][PASSED] - cardNameV = <not implemented yet for class: org.codehaus.groovy.ast.expr.EmptyExpression>: null

2024-07-12 23:57:54 - [TEST_STEP][PASSED] - al1V = <not implemented yet for class: org.codehaus.groovy.ast.expr.EmptyExpression>: null

2024-07-12 23:57:54 - [TEST_STEP][PASSED] - al2V = <not implemented yet for class: org.codehaus.groovy.ast.expr.EmptyExpression>: null

2024-07-12 23:57:54 - [TEST_STEP][PASSED] - zipV = <not implemented yet for class: org.codehaus.groovy.ast.expr.EmptyExpression>: null

2024-07-12 23:57:54 - [TEST_STEP][PASSED] - accType = <not implemented yet for class: org.codehaus.groovy.ast.expr.EmptyExpression>: null

2024-07-12 23:57:54 - [TEST_STEP][PASSED] - last4V = <not implemented yet for class: org.codehaus.groovy.ast.expr.EmptyExpression>: null

2024-07-12 23:57:54 - [TEST_STEP][PASSED] - ein = <not implemented yet for class: org.codehaus.groovy.ast.expr.EmptyExpression>: null

2024-07-12 23:57:54 - [TEST_STEP][PASSED] - resText = "Fail": null

2024-07-12 23:57:54 - [TEST_STEP][PASSED] - resColumn = "Result": null

2024-07-12 23:57:54 - [TEST_STEP][PASSED] - datCloumn = "Date": null

2024-07-12 23:57:54 - [TEST_STEP][PASSED] - fileLoc = "C:\KatalonData\Bootstrap\VT-ACH-Data.xlsx": null

2024-07-12 23:57:54 - [TEST_STEP][PASSED] - numOfRows = <not implemented yet for class: org.codehaus.groovy.ast.expr.EmptyExpression>: null

2024-07-12 23:57:54 - [TEST_STEP][PASSED] - dataFile = <not implemented yet for class: org.codehaus.groovy.ast.expr.EmptyExpression>: null

2024-07-12 23:57:54 - [TEST_STEP][PASSED] - nameSheet = <not implemented yet for class: org.codehaus.groovy.ast.expr.EmptyExpression>: null

2024-07-12 23:57:54 - [TEST_STEP][PASSED] - nameSheet = "VT-ACHCorp-SingleCF-Generic": null

2024-07-12 23:57:54 - [TEST_STEP][PASSED] - numOfRows = findTestData("QA/Bootstrap/VT-ACH-TestData/VT-DebitDataCorp-SingleCF-Generic").getRowNumbers(): null

2024-07-12 23:57:54 - [TEST_STEP][PASSED] - println("Number of Records: " + numOfRows): null

2024-07-12 23:57:54 - [TEST_STEP][PASSED] - dataFile = "QA/Bootstrap/VT-ACH-TestData/VT-DebitDataCorp-SingleCF-Generic": null

2024-07-12 23:57:54 - [TEST_STEP][PASSED] - for ([row = 1, row <= numOfRows, (row++)]): Browser is closed

2024-07-12 23:57:54 - [TEST_STEP][PASSED] - ExecuteTC = findTestData(dataFile).getValue("Execute", row): null

2024-07-12 23:57:54 - [TEST_STEP][PASSED] - out.println("Value of Execute is : " + ExecuteTC): null

2024-07-12 23:57:54 - [TEST_STEP][PASSED] - switch (executionProfile): null

2024-07-12 23:57:54 - [TEST_STEP][PASSED] - case "QA2Profile":: null

2024-07-12 23:57:54 - [TEST_STEP][PASSED] - appName = findTestData(dataFile).getValue("AppNameQA", row): null

2024-07-12 23:57:54 - [TEST_STEP][PASSED] - appID = findTestData(dataFile).getValue("AppIDQA", row): null

2024-07-12 23:57:54 - [TEST_STEP][PASSED] - break: null

2024-07-12 23:57:54 - [TEST_STEP][PASSED] - hrefAppID = li_1 + appID + li_2: null

2024-07-12 23:57:54 - [TEST_STEP][PASSED] - hrefApp = li_1 + appID + "/": null

2024-07-12 23:57:54 - [TEST_STEP][PASSED] - println("hrefApp : " + hrefApp): null

2024-07-12 23:57:54 - [TEST_STEP][PASSED] - if (ExecuteTC.equalsIgnoreCase("Y")): Browser is closed

2024-07-12 23:57:54 - [TEST_STEP][PASSED] - out.println("Begin Record Number: " + row): null

2024-07-12 23:57:54 - [TEST_STEP][PASSED] - today = new java.util.Date(): null

2024-07-12 23:57:54 - [TEST_STEP][PASSED] - println(today): null

2024-07-12 23:57:54 - [TEST_STEP][PASSED] - datText = today: null

2024-07-12 23:57:54 - [TEST_STEP][PASSED] - adminSuiteBootstrap.loginFunctionality.login_AdminSuite(): adminSuiteBootstrap.loginFunctionality.login_AdminSuite is PASSED

2024-07-12 23:57:54 - [MESSAGE][INFO] - Starting 'Chrome' driver

2024-07-12 23:57:54 - [MESSAGE][INFO] - User set preference: ['acceptInsecureCerts', 'true']

2024-07-12 23:57:54 - [MESSAGE][INFO] - Action delay is set to 0 milliseconds

2024-07-12 23:57:56 - [MESSAGE][PASSED] - Browser is opened with url: 'https://qa2.velocitypayment.com/admin/imtiaz'

2024-07-12 23:57:57 - [MESSAGE][PASSED] - Current window maximized

2024-07-12 23:57:57 - [MESSAGE][PASSED] - Object 'Object Repository/Login_Page/Login_Username_Okta' is present

2024-07-12 23:57:58 - [MESSAGE][PASSED] - Text 'iahmed' is set on object 'Object Repository/Login_Page/Login_Username_Okta'

2024-07-12 23:57:59 - [MESSAGE][PASSED] - Text 'Hello!6666666' is set on object 'Object Repository/Login_Page/Login_Password_Okta'

2024-07-12 23:57:59 - [MESSAGE][PASSED] - Object: 'Object Repository/Login_Page/Login_Submit_Okta' is clicked on

2024-07-12 23:57:59 - [MESSAGE][PASSED] - adminSuiteBootstrap.loginFunctionality.login_AdminSuite is PASSED

2024-07-12 23:57:59 - [TEST_STEP][PASSED] - click(findTestObject(path_Dashboard + appName)): Object: 'Object Repository/AdminSuiteBootstrap_Pages/Dashboard_Bootstrap/a_Access AutoSingleCFtpQA' is clicked on

2024-07-12 23:58:07 - [MESSAGE][PASSED] - Object: 'Object Repository/AdminSuiteBootstrap_Pages/Dashboard_Bootstrap/a_Access AutoSingleCFtpQA' is clicked on

2024-07-12 23:58:07 - [TEST_STEP][PASSED] - click(findTestObject(path_VT + "button_Debit")): Object: 'Object Repository/AdminSuiteBootstrap_Pages/VT_Bootstrap/IssueTransactions/button_Debit' is clicked on

2024-07-12 23:58:07 - [MESSAGE][PASSED] - Object: 'Object Repository/AdminSuiteBootstrap_Pages/VT_Bootstrap/IssueTransactions/button_Debit' is clicked on

2024-07-12 23:58:07 - [TEST_STEP][PASSED] - click(findTestObject(path_VT + "a_Corporate")): Object: 'Object Repository/AdminSuiteBootstrap_Pages/VT_Bootstrap/IssueTransactions/a_Corporate' is clicked on

2024-07-12 23:58:08 - [MESSAGE][PASSED] - Object: 'Object Repository/AdminSuiteBootstrap_Pages/VT_Bootstrap/IssueTransactions/a_Corporate' is clicked on

2024-07-12 23:58:08 - [TEST_STEP][PASSED] - adminSuiteBootstrap.debitCorporatesetData.debitCorporate_DataDriven(row, dataFile): adminSuiteBootstrap.debitCorporatesetData.debitCorporate_DataDriven is PASSED

2024-07-12 23:58:11 - [MESSAGE][PASSED] - Text 'Gambrills Corp' is set on object 'Object Repository/AdminSuiteBootstrap_Pages/VT_Bootstrap/ACHCorporate/input_companyName'

2024-07-12 23:58:12 - [MESSAGE][PASSED] - Text '133 Meadow Ln' is set on object 'Object Repository/AdminSuiteBootstrap_Pages/VT_Bootstrap/ACHCorporate/input_address'

2024-07-12 23:58:13 - [MESSAGE][PASSED] - Text 'apt #123' is set on object 'Object Repository/AdminSuiteBootstrap_Pages/VT_Bootstrap/ACHCorporate/input_address2'

2024-07-12 23:58:13 - [MESSAGE][PASSED] - Text '22201' is set on object 'Object Repository/AdminSuiteBootstrap_Pages/VT_Bootstrap/ACHCorporate/input_zip'

2024-07-12 23:58:14 - [MESSAGE][PASSED] - Text '' is set on object 'Object Repository/AdminSuiteBootstrap_Pages/VT_Bootstrap/ACHCorporate/input_emailAddress'

2024-07-12 23:58:15 - [MESSAGE][PASSED] - Text '' is set on object 'Object Repository/AdminSuiteBootstrap_Pages/VT_Bootstrap/ACHCorporate/input_smsNumber'

2024-07-12 23:58:16 - [MESSAGE][PASSED] - Text '45682001' is set on object 'Object Repository/AdminSuiteBootstrap_Pages/VT_Bootstrap/ACHCorporate/input_accountNumber'

2024-07-12 23:58:17 - [MESSAGE][PASSED] - Text '256072691' is set on object 'Object Repository/AdminSuiteBootstrap_Pages/VT_Bootstrap/ACHCorporate/input_routingNumber'

2024-07-12 23:58:18 - [MESSAGE][PASSED] - All options with label 'Checking' are selected in object 'Object Repository/AdminSuiteBootstrap_Pages/VT_Bootstrap/ACHCorporate/select_Checking'  using regular expression

2024-07-12 23:58:19 - [MESSAGE][PASSED] - All options with label 'CCD - Cash Concentration or Disbursement' are selected in object 'Object Repository/AdminSuiteBootstrap_Pages/VT_Bootstrap/ACHCorporate/select_STD'  using regular expression

2024-07-12 23:58:20 - [MESSAGE][PASSED] - Text '12.50' is set on object 'Object Repository/AdminSuiteBootstrap_Pages/VT_Bootstrap/ACHCorporate/input_amount'

2024-07-12 23:58:21 - [MESSAGE][PASSED] - Text '569847856' is set on object 'Object Repository/AdminSuiteBootstrap_Pages/VT_Bootstrap/ACHCorporate/input_ein'

2024-07-12 23:58:22 - [MESSAGE][PASSED] - Text 'Denmark' is set on object 'Object Repository/AdminSuiteBootstrap_Pages/VT_Bootstrap/ACHCorporate/input_userDefined1'

2024-07-12 23:58:23 - [MESSAGE][PASSED] - Text 'Australia' is set on object 'Object Repository/AdminSuiteBootstrap_Pages/VT_Bootstrap/ACHCorporate/input_userDefined2'

2024-07-12 23:58:23 - [MESSAGE][PASSED] - Text 'Austria' is set on object 'Object Repository/AdminSuiteBootstrap_Pages/VT_Bootstrap/ACHCorporate/input_userDefined3'

2024-07-12 23:58:24 - [MESSAGE][PASSED] - Text 'Sweden' is set on object 'Object Repository/AdminSuiteBootstrap_Pages/VT_Bootstrap/ACHCorporate/input_userDefined4'

2024-07-12 23:58:25 - [MESSAGE][PASSED] - All options with label 'Yellow' are selected in object 'Object Repository/AdminSuiteBootstrap_Pages/VT_Bootstrap/ACHCorporate/select_UDF5'  using regular expression

2024-07-12 23:58:26 - [MESSAGE][PASSED] - All options with label 'Orange' are selected in object 'Object Repository/AdminSuiteBootstrap_Pages/VT_Bootstrap/ACHCorporate/select_UDF6'  using regular expression

2024-07-12 23:58:27 - [MESSAGE][PASSED] - Text 'Netherlands' is set on object 'Object Repository/AdminSuiteBootstrap_Pages/VT_Bootstrap/ACHCorporate/input_userDefined7'

2024-07-12 23:58:28 - [MESSAGE][PASSED] - Text 'Norway' is set on object 'Object Repository/AdminSuiteBootstrap_Pages/VT_Bootstrap/ACHCorporate/input_userDefined8'

2024-07-12 23:58:28 - [MESSAGE][PASSED] - Text 'France' is set on object 'Object Repository/AdminSuiteBootstrap_Pages/VT_Bootstrap/ACHCorporate/input_userDefined9'

2024-07-12 23:58:29 - [MESSAGE][PASSED] - Text 'Switzerland' is set on object 'Object Repository/AdminSuiteBootstrap_Pages/VT_Bootstrap/ACHCorporate/input_userDefined10'

2024-07-12 23:58:30 - [MESSAGE][PASSED] - Object: 'Object Repository/AdminSuiteBootstrap_Pages/VT_Bootstrap/ACHCorporate/button_Submit' is clicked on

2024-07-12 23:58:30 - [MESSAGE][PASSED] - adminSuiteBootstrap.debitCorporatesetData.debitCorporate_DataDriven is PASSED

2024-07-12 23:58:30 - [TEST_STEP][PASSED] - verifyTextPresent("Transaction Successful", true): Text 'Transaction Successful' is present on page  using regular expression

2024-07-12 23:58:31 - [MESSAGE][PASSED] - Text 'Transaction Successful' is present on page  using regular expression

2024-07-12 23:58:31 - [TEST_STEP][PASSED] - verifyTextPresent("Remittance ID", true): Text 'Remittance ID' is present on page  using regular expression

2024-07-12 23:58:31 - [MESSAGE][PASSED] - Text 'Remittance ID' is present on page  using regular expression

2024-07-12 23:58:31 - [TEST_STEP][PASSED] - verifyTextPresent("Received", true): Text 'Received' is present on page  using regular expression

2024-07-12 23:58:32 - [MESSAGE][PASSED] - Text 'Received' is present on page  using regular expression

2024-07-12 23:58:32 - [TEST_STEP][PASSED] - verifyTextPresent("UDF1", true): Text 'UDF1' is present on page  using regular expression

2024-07-12 23:58:32 - [MESSAGE][PASSED] - Text 'UDF1' is present on page  using regular expression

2024-07-12 23:58:32 - [TEST_STEP][PASSED] - verifyTextPresent("UDF2", true): Text 'UDF2' is present on page  using regular expression

2024-07-12 23:58:32 - [MESSAGE][PASSED] - Text 'UDF2' is present on page  using regular expression

2024-07-12 23:58:32 - [TEST_STEP][PASSED] - verifyTextPresent("UDF3", true): Text 'UDF3' is present on page  using regular expression

2024-07-12 23:58:33 - [MESSAGE][PASSED] - Text 'UDF3' is present on page  using regular expression

2024-07-12 23:58:33 - [TEST_STEP][PASSED] - verifyTextPresent("UDF4", true): Text 'UDF4' is present on page  using regular expression

2024-07-12 23:58:33 - [MESSAGE][PASSED] - Text 'UDF4' is present on page  using regular expression

2024-07-12 23:58:33 - [TEST_STEP][PASSED] - verifyTextPresent("UDF5", true): Text 'UDF5' is present on page  using regular expression

2024-07-12 23:58:33 - [MESSAGE][PASSED] - Text 'UDF5' is present on page  using regular expression

2024-07-12 23:58:33 - [TEST_STEP][PASSED] - verifyTextPresent("UDF6", true): Text 'UDF6' is present on page  using regular expression

2024-07-12 23:58:33 - [MESSAGE][PASSED] - Text 'UDF6' is present on page  using regular expression

2024-07-12 23:58:33 - [TEST_STEP][PASSED] - verifyTextPresent("UDF7", true): Text 'UDF7' is present on page  using regular expression

2024-07-12 23:58:34 - [MESSAGE][PASSED] - Text 'UDF7' is present on page  using regular expression

2024-07-12 23:58:34 - [TEST_STEP][PASSED] - verifyTextPresent("UDF8", true): Text 'UDF8' is present on page  using regular expression

2024-07-12 23:58:34 - [MESSAGE][PASSED] - Text 'UDF8' is present on page  using regular expression

2024-07-12 23:58:34 - [TEST_STEP][PASSED] - verifyTextPresent("UDF9", true): Text 'UDF9' is present on page  using regular expression

2024-07-12 23:58:34 - [MESSAGE][PASSED] - Text 'UDF9' is present on page  using regular expression

2024-07-12 23:58:34 - [TEST_STEP][PASSED] - verifyTextPresent("UDF 10", true): Text 'UDF 10' is present on page  using regular expression

2024-07-12 23:58:35 - [MESSAGE][PASSED] - Text 'UDF 10' is present on page  using regular expression

2024-07-12 23:58:35 - [TEST_STEP][PASSED] - verifyTextPresent("Australia", true): Text 'Australia' is present on page  using regular expression

2024-07-12 23:58:35 - [MESSAGE][PASSED] - Text 'Australia' is present on page  using regular expression

2024-07-12 23:58:35 - [TEST_STEP][PASSED] - verifyTextPresent("Denmark", true): Text 'Denmark' is present on page  using regular expression

2024-07-12 23:58:35 - [MESSAGE][PASSED] - Text 'Denmark' is present on page  using regular expression

2024-07-12 23:58:35 - [TEST_STEP][PASSED] - verifyTextPresent("Sweden", true): Text 'Sweden' is present on page  using regular expression

2024-07-12 23:58:36 - [MESSAGE][PASSED] - Text 'Sweden' is present on page  using regular expression

2024-07-12 23:58:36 - [TEST_STEP][PASSED] - verifyTextPresent("Austria", true): Text 'Austria' is present on page  using regular expression

2024-07-12 23:58:36 - [MESSAGE][PASSED] - Text 'Austria' is present on page  using regular expression

2024-07-12 23:58:36 - [TEST_STEP][PASSED] - verifyTextPresent("Orange Recorded", true): Text 'Orange Recorded' is present on page  using regular expression

2024-07-12 23:58:36 - [MESSAGE][PASSED] - Text 'Orange Recorded' is present on page  using regular expression

2024-07-12 23:58:36 - [TEST_STEP][PASSED] - verifyTextPresent("Yellow Recorded", true): Text 'Yellow Recorded' is present on page  using regular expression

2024-07-12 23:58:37 - [MESSAGE][PASSED] - Text 'Yellow Recorded' is present on page  using regular expression

2024-07-12 23:58:37 - [TEST_STEP][PASSED] - verifyTextPresent("Norway", true): Text 'Norway' is present on page  using regular expression

2024-07-12 23:58:37 - [MESSAGE][PASSED] - Text 'Norway' is present on page  using regular expression

2024-07-12 23:58:37 - [TEST_STEP][PASSED] - verifyTextPresent("Netherlands", true): Text 'Netherlands' is present on page  using regular expression

2024-07-12 23:58:37 - [MESSAGE][PASSED] - Text 'Netherlands' is present on page  using regular expression

2024-07-12 23:58:37 - [TEST_STEP][PASSED] - verifyTextPresent("Switzerland", true): Text 'Switzerland' is present on page  using regular expression

2024-07-12 23:58:38 - [MESSAGE][PASSED] - Text 'Switzerland' is present on page  using regular expression

2024-07-12 23:58:38 - [TEST_STEP][PASSED] - verifyTextPresent("France", true): Text 'France' is present on page  using regular expression

2024-07-12 23:58:38 - [MESSAGE][PASSED] - Text 'France' is present on page  using regular expression

2024-07-12 23:58:38 - [TEST_STEP][PASSED] - verifyTextPresent("Amount", true): Text 'Amount' is present on page  using regular expression

2024-07-12 23:58:38 - [MESSAGE][PASSED] - Text 'Amount' is present on page  using regular expression

2024-07-12 23:58:38 - [TEST_STEP][PASSED] - verifyTextPresent("Service Fee", true): Text 'Service Fee' is present on page  using regular expression

2024-07-12 23:58:39 - [MESSAGE][PASSED] - Text 'Service Fee' is present on page  using regular expression

2024-07-12 23:58:39 - [TEST_STEP][PASSED] - verifyTextPresent("Service Fee Type", true): Text 'Service Fee Type' is present on page  using regular expression

2024-07-12 23:58:39 - [MESSAGE][PASSED] - Text 'Service Fee Type' is present on page  using regular expression

2024-07-12 23:58:39 - [TEST_STEP][PASSED] - verifyTextPresent("Total Amount", true): Text 'Total Amount' is present on page  using regular expression

2024-07-12 23:58:39 - [MESSAGE][PASSED] - Text 'Total Amount' is present on page  using regular expression

2024-07-12 23:58:39 - [TEST_STEP][PASSED] - verifyTextPresent("Transaction Type", true): Text 'Transaction Type' is present on page  using regular expression

2024-07-12 23:58:40 - [MESSAGE][PASSED] - Text 'Transaction Type' is present on page  using regular expression

2024-07-12 23:58:40 - [TEST_STEP][PASSED] - verifyTextPresent("12.50", true): Text '12.50' is present on page  using regular expression

2024-07-12 23:58:40 - [MESSAGE][PASSED] - Text '12.50' is present on page  using regular expression

2024-07-12 23:58:40 - [TEST_STEP][PASSED] - verifyTextPresent("5.00", true): Text '5.00' is present on page  using regular expression

2024-07-12 23:58:40 - [MESSAGE][PASSED] - Text '5.00' is present on page  using regular expression

2024-07-12 23:58:40 - [TEST_STEP][PASSED] - verifyTextPresent("Single Transaction", true): Text 'Single Transaction' is present on page  using regular expression

2024-07-12 23:58:41 - [MESSAGE][PASSED] - Text 'Single Transaction' is present on page  using regular expression

2024-07-12 23:58:41 - [TEST_STEP][PASSED] - verifyTextPresent("17.50", true): Text '17.50' is present on page  using regular expression

2024-07-12 23:58:41 - [MESSAGE][PASSED] - Text '17.50' is present on page  using regular expression

2024-07-12 23:58:41 - [TEST_STEP][PASSED] - verifyTextPresent("Debit", true): Text 'Debit' is present on page  using regular expression

2024-07-12 23:58:41 - [MESSAGE][PASSED] - Text 'Debit' is present on page  using regular expression

2024-07-12 23:58:41 - [TEST_STEP][PASSED] - verifyTextPresent("Check Information", true): Text 'Check Information' is present on page  using regular expression

2024-07-12 23:58:42 - [MESSAGE][PASSED] - Text 'Check Information' is present on page  using regular expression

2024-07-12 23:58:42 - [TEST_STEP][PASSED] - verifyTextPresent("Account Type", true): Text 'Account Type' is present on page  using regular expression

2024-07-12 23:58:42 - [MESSAGE][PASSED] - Text 'Account Type' is present on page  using regular expression

2024-07-12 23:58:42 - [TEST_STEP][PASSED] - verifyTextPresent("Account Number", true): Text 'Account Number' is present on page  using regular expression

2024-07-12 23:58:42 - [MESSAGE][PASSED] - Text 'Account Number' is present on page  using regular expression

2024-07-12 23:58:42 - [TEST_STEP][PASSED] - verifyTextPresent("Routing Number", true): Text 'Routing Number' is present on page  using regular expression

2024-07-12 23:58:43 - [MESSAGE][PASSED] - Text 'Routing Number' is present on page  using regular expression

2024-07-12 23:58:43 - [TEST_STEP][PASSED] - verifyTextPresent("2691", true): Text '2691' is present on page  using regular expression

2024-07-12 23:58:43 - [MESSAGE][PASSED] - Text '2691' is present on page  using regular expression

2024-07-12 23:58:43 - [TEST_STEP][PASSED] - al1V = findTestData(dataFile).getValue("AL1", row): null

2024-07-12 23:58:43 - [TEST_STEP][PASSED] - al2V = findTestData(dataFile).getValue("AL2", row): null

2024-07-12 23:58:43 - [TEST_STEP][PASSED] - last4V = findTestData(dataFile).getValue("Last4", row): null

2024-07-12 23:58:43 - [TEST_STEP][PASSED] - ein = findTestData(dataFile).getValue("EmployeeID", row): null

2024-07-12 23:58:43 - [TEST_STEP][PASSED] - verifyTextPresent("Address Line 1", true): Text 'Address Line 1' is present on page  using regular expression

2024-07-12 23:58:44 - [MESSAGE][PASSED] - Text 'Address Line 1' is present on page  using regular expression

2024-07-12 23:58:44 - [TEST_STEP][PASSED] - verifyTextPresent("Address Line 2", true): Text 'Address Line 2' is present on page  using regular expression

2024-07-12 23:58:44 - [MESSAGE][PASSED] - Text 'Address Line 2' is present on page  using regular expression

2024-07-12 23:58:44 - [TEST_STEP][PASSED] - verifyTextPresent("Country", true): Text 'Country' is present on page  using regular expression

2024-07-12 23:58:44 - [MESSAGE][PASSED] - Text 'Country' is present on page  using regular expression

2024-07-12 23:58:44 - [TEST_STEP][PASSED] - verifyTextPresent("City", true): Text 'City' is present on page  using regular expression

2024-07-12 23:58:45 - [MESSAGE][PASSED] - Text 'City' is present on page  using regular expression

2024-07-12 23:58:45 - [TEST_STEP][PASSED] - verifyTextPresent("State", true): Text 'State' is present on page  using regular expression

2024-07-12 23:58:45 - [MESSAGE][PASSED] - Text 'State' is present on page  using regular expression

2024-07-12 23:58:45 - [TEST_STEP][PASSED] - verifyTextPresent("ZIP Code", true): Text 'ZIP Code' is present on page  using regular expression

2024-07-12 23:58:45 - [MESSAGE][PASSED] - Text 'ZIP Code' is present on page  using regular expression

2024-07-12 23:58:45 - [TEST_STEP][PASSED] - verifyTextPresent(al1V, true): Text '133 Meadow Ln' is present on page  using regular expression

2024-07-12 23:58:46 - [MESSAGE][PASSED] - Text '133 Meadow Ln' is present on page  using regular expression

2024-07-12 23:58:46 - [TEST_STEP][PASSED] - verifyTextPresent(al2V, true): Text 'apt #123' is present on page  using regular expression

2024-07-12 23:58:46 - [MESSAGE][PASSED] - Text 'apt #123' is present on page  using regular expression

2024-07-12 23:58:46 - [TEST_STEP][PASSED] - verifyTextPresent("United States", true): Text 'United States' is present on page  using regular expression

2024-07-12 23:58:46 - [MESSAGE][PASSED] - Text 'United States' is present on page  using regular expression

2024-07-12 23:58:46 - [TEST_STEP][PASSED] - verifyTextPresent("ARLINGTON", true): Text 'ARLINGTON' is present on page  using regular expression

2024-07-12 23:58:47 - [MESSAGE][PASSED] - Text 'ARLINGTON' is present on page  using regular expression

2024-07-12 23:58:47 - [TEST_STEP][PASSED] - verifyTextPresent("Virginia", true): Text 'Virginia' is present on page  using regular expression

2024-07-12 23:58:47 - [MESSAGE][PASSED] - Text 'Virginia' is present on page  using regular expression

2024-07-12 23:58:47 - [TEST_STEP][PASSED] - verifyTextPresent("22201", true): Text '22201' is present on page  using regular expression

2024-07-12 23:58:47 - [MESSAGE][PASSED] - Text '22201' is present on page  using regular expression

2024-07-12 23:58:47 - [TEST_STEP][PASSED] - verifyTextPresent("Checking", true): Text 'Checking' is present on page  using regular expression

2024-07-12 23:58:48 - [MESSAGE][PASSED] - Text 'Checking' is present on page  using regular expression

2024-07-12 23:58:48 - [TEST_STEP][PASSED] - verifyTextPresent(last4V, true): Text '2001' is present on page  using regular expression

2024-07-12 23:58:48 - [MESSAGE][PASSED] - Text '2001' is present on page  using regular expression

2024-07-12 23:58:48 - [TEST_STEP][PASSED] - verifyTextPresent("Employer Identification Number", true): Text 'Employer Identification Number' is present on page  using regular expression

2024-07-12 23:58:48 - [MESSAGE][PASSED] - Text 'Employer Identification Number' is present on page  using regular expression

2024-07-12 23:58:48 - [TEST_STEP][PASSED] - verifyTextPresent("EIN", true): Text 'EIN' is present on page  using regular expression

2024-07-12 23:58:49 - [MESSAGE][PASSED] - Text 'EIN' is present on page  using regular expression

2024-07-12 23:58:49 - [TEST_STEP][PASSED] - verifyTextPresent(ein, true): Text '569847856' is present on page  using regular expression

2024-07-12 23:58:49 - [MESSAGE][PASSED] - Text '569847856' is present on page  using regular expression

2024-07-12 23:58:49 - [TEST_STEP][PASSED] - closeBrowser(): Browser is closed

2024-07-12 23:58:50 - [MESSAGE][PASSED] - Browser is closed]]></system-out>
         <system-err><![CDATA[]]></system-err>
      </testcase>
      <testcase name="Test Cases/Admin Suite Bootstrap/VT_ACH_TestCases/DebitPersonalCredit_TP_DualCF_Generic_Payment_TC" time="194.301" classname="Test Cases/Admin Suite Bootstrap/VT_ACH_TestCases/DebitPersonalCredit_TP_DualCF_Generic_Payment_TC" status="PASSED">
         <system-out><![CDATA[2024-07-12 23:58:50 - [TEST_CASE][PASSED] - Test Cases/Admin Suite Bootstrap/VT_ACH_TestCases/DebitPersonalCredit_TP_DualCF_Generic_Payment_TC: Test Cases/Admin Suite Bootstrap/VT_ACH_TestCases/DebitPersonalCredit_TP_DualCF_Generic_Payment_TC

2024-07-12 23:58:51 - [TEST_STEP][PASSED] - path_Dashboard = "Object Repository/AdminSuiteBootstrap_Pages/Dashboard_Bootstrap/": null

2024-07-12 23:58:51 - [TEST_STEP][PASSED] - path_VT = "Object Repository/AdminSuiteBootstrap_Pages/VT_Bootstrap/IssueTransactions/": null

2024-07-12 23:58:51 - [TEST_STEP][PASSED] - path_Receipt = "Object Repository/AdminSuiteBootstrap_Pages/VT_Bootstrap/Receipt/": null

2024-07-12 23:58:51 - [TEST_STEP][PASSED] - path_CCSearch = "Object Repository/AdminSuiteBootstrap_Pages/VT_Bootstrap/CCCreditOrVoidSearch/": null

2024-07-12 23:58:51 - [TEST_STEP][PASSED] - path_SearchResults = "Object Repository/AdminSuiteBootstrap_Pages/VT_Bootstrap/SearchResults/": null

2024-07-12 23:58:51 - [TEST_STEP][PASSED] - path_TranxDetails = "Object Repository/AdminSuiteBootstrap_Pages/VT_Bootstrap/TransactionDetails/": null

2024-07-12 23:58:51 - [TEST_STEP][PASSED] - li_1 = vpos_Prefix: null

2024-07-12 23:58:51 - [TEST_STEP][PASSED] - li_2 = "/transactions/AuthCapForm/": null

2024-07-12 23:58:51 - [TEST_STEP][PASSED] - executionProfile = getExecutionProfile(): null

2024-07-12 23:58:51 - [TEST_STEP][PASSED] - out.println("executionProfile : " + executionProfile): null

2024-07-12 23:58:51 - [TEST_STEP][PASSED] - appName = <not implemented yet for class: org.codehaus.groovy.ast.expr.EmptyExpression>: null

2024-07-12 23:58:51 - [TEST_STEP][PASSED] - appID = <not implemented yet for class: org.codehaus.groovy.ast.expr.EmptyExpression>: null

2024-07-12 23:58:51 - [TEST_STEP][PASSED] - cardNameV = <not implemented yet for class: org.codehaus.groovy.ast.expr.EmptyExpression>: null

2024-07-12 23:58:51 - [TEST_STEP][PASSED] - al1V = <not implemented yet for class: org.codehaus.groovy.ast.expr.EmptyExpression>: null

2024-07-12 23:58:51 - [TEST_STEP][PASSED] - al2V = <not implemented yet for class: org.codehaus.groovy.ast.expr.EmptyExpression>: null

2024-07-12 23:58:51 - [TEST_STEP][PASSED] - zipV = <not implemented yet for class: org.codehaus.groovy.ast.expr.EmptyExpression>: null

2024-07-12 23:58:51 - [TEST_STEP][PASSED] - accType = <not implemented yet for class: org.codehaus.groovy.ast.expr.EmptyExpression>: null

2024-07-12 23:58:51 - [TEST_STEP][PASSED] - last4V = <not implemented yet for class: org.codehaus.groovy.ast.expr.EmptyExpression>: null

2024-07-12 23:58:51 - [TEST_STEP][PASSED] - resText = "Fail": null

2024-07-12 23:58:51 - [TEST_STEP][PASSED] - resColumn = "Result": null

2024-07-12 23:58:51 - [TEST_STEP][PASSED] - datCloumn = "Date": null

2024-07-12 23:58:51 - [TEST_STEP][PASSED] - fileLoc = "C:\KatalonData\Bootstrap\VT-ACH-Data.xlsx": null

2024-07-12 23:58:51 - [TEST_STEP][PASSED] - numOfRows = <not implemented yet for class: org.codehaus.groovy.ast.expr.EmptyExpression>: null

2024-07-12 23:58:51 - [TEST_STEP][PASSED] - dataFile = <not implemented yet for class: org.codehaus.groovy.ast.expr.EmptyExpression>: null

2024-07-12 23:58:51 - [TEST_STEP][PASSED] - nameSheet = <not implemented yet for class: org.codehaus.groovy.ast.expr.EmptyExpression>: null

2024-07-12 23:58:51 - [TEST_STEP][PASSED] - nameSheet = "VT-P-DebitCredit-DualCF-Generic": null

2024-07-12 23:58:51 - [TEST_STEP][PASSED] - numOfRows = findTestData("QA/Bootstrap/VT-ACH-TestData/VT-DebitCreditData-DualCF-Generic").getRowNumbers(): null

2024-07-12 23:58:51 - [TEST_STEP][PASSED] - println("Number of Records: " + numOfRows): null

2024-07-12 23:58:51 - [TEST_STEP][PASSED] - dataFile = "QA/Bootstrap/VT-ACH-TestData/VT-DebitCreditData-DualCF-Generic": null

2024-07-12 23:58:51 - [TEST_STEP][PASSED] - for ([row = 1, row <= numOfRows, (row++)]): Browser is closed

2024-07-12 23:58:51 - [TEST_STEP][PASSED] - ExecuteTC = findTestData(dataFile).getValue("Execute", row): null

2024-07-12 23:58:51 - [TEST_STEP][PASSED] - out.println("Value of Execute is : " + ExecuteTC): null

2024-07-12 23:58:51 - [TEST_STEP][PASSED] - switch (executionProfile): null

2024-07-12 23:58:51 - [TEST_STEP][PASSED] - case "QA2Profile":: null

2024-07-12 23:58:51 - [TEST_STEP][PASSED] - appName = findTestData(dataFile).getValue("AppNameQA", row): null

2024-07-12 23:58:51 - [TEST_STEP][PASSED] - appID = findTestData(dataFile).getValue("AppIDQA", row): null

2024-07-12 23:58:51 - [TEST_STEP][PASSED] - break: null

2024-07-12 23:58:51 - [TEST_STEP][PASSED] - hrefAppID = li_1 + appID + li_2: null

2024-07-12 23:58:51 - [TEST_STEP][PASSED] - hrefApp = li_1 + appID + "/": null

2024-07-12 23:58:51 - [TEST_STEP][PASSED] - println("hrefApp : " + hrefApp): null

2024-07-12 23:58:51 - [TEST_STEP][PASSED] - if (ExecuteTC.equalsIgnoreCase("Y")): Browser is closed

2024-07-12 23:58:51 - [TEST_STEP][PASSED] - out.println("Begin Record Number: " + row): null

2024-07-12 23:58:51 - [TEST_STEP][PASSED] - today = new java.util.Date(): null

2024-07-12 23:58:51 - [TEST_STEP][PASSED] - println(today): null

2024-07-12 23:58:51 - [TEST_STEP][PASSED] - datText = today: null

2024-07-12 23:58:51 - [TEST_STEP][PASSED] - adminSuiteBootstrap.loginFunctionality.login_AdminSuite(): adminSuiteBootstrap.loginFunctionality.login_AdminSuite is PASSED

2024-07-12 23:58:51 - [MESSAGE][INFO] - Starting 'Chrome' driver

2024-07-12 23:58:51 - [MESSAGE][INFO] - User set preference: ['acceptInsecureCerts', 'true']

2024-07-12 23:58:51 - [MESSAGE][INFO] - Action delay is set to 0 milliseconds

2024-07-12 23:58:53 - [MESSAGE][PASSED] - Browser is opened with url: 'https://qa2.velocitypayment.com/admin/imtiaz'

2024-07-12 23:58:54 - [MESSAGE][PASSED] - Current window maximized

2024-07-12 23:58:54 - [MESSAGE][PASSED] - Object 'Object Repository/Login_Page/Login_Username_Okta' is present

2024-07-12 23:58:55 - [MESSAGE][PASSED] - Text 'iahmed' is set on object 'Object Repository/Login_Page/Login_Username_Okta'

2024-07-12 23:58:56 - [MESSAGE][PASSED] - Text 'Hello!6666666' is set on object 'Object Repository/Login_Page/Login_Password_Okta'

2024-07-12 23:58:57 - [MESSAGE][PASSED] - Object: 'Object Repository/Login_Page/Login_Submit_Okta' is clicked on

2024-07-12 23:58:57 - [MESSAGE][PASSED] - adminSuiteBootstrap.loginFunctionality.login_AdminSuite is PASSED

2024-07-12 23:58:57 - [TEST_STEP][PASSED] - click(findTestObject(path_Dashboard + appName)): Object: 'Object Repository/AdminSuiteBootstrap_Pages/Dashboard_Bootstrap/a_Access AutoDualCFtpQA' is clicked on

2024-07-12 23:59:04 - [MESSAGE][PASSED] - Object: 'Object Repository/AdminSuiteBootstrap_Pages/Dashboard_Bootstrap/a_Access AutoDualCFtpQA' is clicked on

2024-07-12 23:59:04 - [TEST_STEP][PASSED] - click(findTestObject(path_VT + "button_Debit")): Object: 'Object Repository/AdminSuiteBootstrap_Pages/VT_Bootstrap/IssueTransactions/button_Debit' is clicked on

2024-07-12 23:59:04 - [MESSAGE][PASSED] - Object: 'Object Repository/AdminSuiteBootstrap_Pages/VT_Bootstrap/IssueTransactions/button_Debit' is clicked on

2024-07-12 23:59:04 - [TEST_STEP][PASSED] - click(findTestObject(path_VT + "a_Personal")): Object: 'Object Repository/AdminSuiteBootstrap_Pages/VT_Bootstrap/IssueTransactions/a_Personal' is clicked on

2024-07-12 23:59:05 - [MESSAGE][PASSED] - Object: 'Object Repository/AdminSuiteBootstrap_Pages/VT_Bootstrap/IssueTransactions/a_Personal' is clicked on

2024-07-12 23:59:05 - [TEST_STEP][PASSED] - adminSuiteBootstrap.debitPersonalsetData.debitPersonal_DataDriven(row, dataFile): adminSuiteBootstrap.debitPersonalsetData.debitPersonal_DataDriven is PASSED

2024-07-12 23:59:08 - [MESSAGE][PASSED] - Text 'John' is set on object 'Object Repository/AdminSuiteBootstrap_Pages/VT_Bootstrap/ACHPersonal/input_firstName'

2024-07-12 23:59:09 - [MESSAGE][PASSED] - Text 'Gordonas' is set on object 'Object Repository/AdminSuiteBootstrap_Pages/VT_Bootstrap/ACHPersonal/input_lastName'

2024-07-12 23:59:09 - [MESSAGE][PASSED] - Text '133 Meadow Ln' is set on object 'Object Repository/AdminSuiteBootstrap_Pages/VT_Bootstrap/ACHPersonal/input_address'

2024-07-12 23:59:10 - [MESSAGE][PASSED] - Text 'apt #123' is set on object 'Object Repository/AdminSuiteBootstrap_Pages/VT_Bootstrap/ACHPersonal/input_address2'

2024-07-12 23:59:11 - [MESSAGE][PASSED] - Text '22201' is set on object 'Object Repository/AdminSuiteBootstrap_Pages/VT_Bootstrap/ACHPersonal/input_zip'

2024-07-12 23:59:12 - [MESSAGE][PASSED] - Text '' is set on object 'Object Repository/AdminSuiteBootstrap_Pages/VT_Bootstrap/ACHPersonal/input_emailAddress'

2024-07-12 23:59:13 - [MESSAGE][PASSED] - Text '' is set on object 'Object Repository/AdminSuiteBootstrap_Pages/VT_Bootstrap/ACHPersonal/input_smsNumber'

2024-07-12 23:59:14 - [MESSAGE][PASSED] - Text '45671001' is set on object 'Object Repository/AdminSuiteBootstrap_Pages/VT_Bootstrap/ACHPersonal/input_accountNumber'

2024-07-12 23:59:14 - [MESSAGE][PASSED] - Text '256072691' is set on object 'Object Repository/AdminSuiteBootstrap_Pages/VT_Bootstrap/ACHPersonal/input_routingNumber'

2024-07-12 23:59:15 - [MESSAGE][PASSED] - All options with label 'Checking' are selected in object 'Object Repository/AdminSuiteBootstrap_Pages/VT_Bootstrap/ACHPersonal/select_AccountType'  using regular expression

2024-07-12 23:59:16 - [MESSAGE][PASSED] - All options with label 'PPD - Prearranged Payment and Deposit Entry' are selected in object 'Object Repository/AdminSuiteBootstrap_Pages/VT_Bootstrap/ACHPersonal/select_STD'  using regular expression

2024-07-12 23:59:17 - [MESSAGE][PASSED] - Text '11.5' is set on object 'Object Repository/AdminSuiteBootstrap_Pages/VT_Bootstrap/ACHPersonal/input_amount'

2024-07-12 23:59:18 - [MESSAGE][PASSED] - Text 'Denmark' is set on object 'Object Repository/AdminSuiteBootstrap_Pages/VT_Bootstrap/ACHPersonal/input_userDefined1'

2024-07-12 23:59:19 - [MESSAGE][PASSED] - Text 'Australia' is set on object 'Object Repository/AdminSuiteBootstrap_Pages/VT_Bootstrap/ACHPersonal/input_userDefined2'

2024-07-12 23:59:20 - [MESSAGE][PASSED] - Text 'Austria' is set on object 'Object Repository/AdminSuiteBootstrap_Pages/VT_Bootstrap/ACHPersonal/input_userDefined3'

2024-07-12 23:59:21 - [MESSAGE][PASSED] - Text 'Sweden' is set on object 'Object Repository/AdminSuiteBootstrap_Pages/VT_Bootstrap/ACHPersonal/input_userDefined4'

2024-07-12 23:59:22 - [MESSAGE][PASSED] - All options with label 'Yellow' are selected in object 'Object Repository/AdminSuiteBootstrap_Pages/VT_Bootstrap/ACHPersonal/select_UDF5'  using regular expression

2024-07-12 23:59:23 - [MESSAGE][PASSED] - All options with label 'Orange' are selected in object 'Object Repository/AdminSuiteBootstrap_Pages/VT_Bootstrap/ACHPersonal/select_UDF6'  using regular expression

2024-07-12 23:59:23 - [MESSAGE][PASSED] - Text 'Netherlands' is set on object 'Object Repository/AdminSuiteBootstrap_Pages/VT_Bootstrap/ACHPersonal/input_userDefined7'

2024-07-12 23:59:24 - [MESSAGE][PASSED] - Text 'Norway' is set on object 'Object Repository/AdminSuiteBootstrap_Pages/VT_Bootstrap/ACHPersonal/input_userDefined8'

2024-07-12 23:59:25 - [MESSAGE][PASSED] - Text 'France' is set on object 'Object Repository/AdminSuiteBootstrap_Pages/VT_Bootstrap/ACHPersonal/input_userDefined9'

2024-07-12 23:59:25 - [MESSAGE][PASSED] - Text 'Switzerland' is set on object 'Object Repository/AdminSuiteBootstrap_Pages/VT_Bootstrap/ACHPersonal/input_userDefined10'

2024-07-12 23:59:27 - [MESSAGE][PASSED] - Object: 'Object Repository/AdminSuiteBootstrap_Pages/VT_Bootstrap/ACHPersonal/button_Submit' is clicked on

2024-07-12 23:59:27 - [MESSAGE][PASSED] - adminSuiteBootstrap.debitPersonalsetData.debitPersonal_DataDriven is PASSED

2024-07-12 23:59:27 - [TEST_STEP][PASSED] - if (verifyTextPresent("Transaction Successful", true)): null

2024-07-12 23:59:27 - [MESSAGE][PASSED] - Text 'Transaction Successful' is present on page  using regular expression

2024-07-12 23:59:27 - [TEST_STEP][PASSED] - sdf = getText(findTestObject(path_Receipt + "td_AutoNoC031622113752957Ahm")): Text of object 'Object Repository/AdminSuiteBootstrap_Pages/VT_Bootstrap/Receipt/td_AutoNoC031622113752957Ahm' is: 'AutoDualCF071224235156Ahm'

2024-07-12 23:59:28 - [MESSAGE][PASSED] - Text of object 'Object Repository/AdminSuiteBootstrap_Pages/VT_Bootstrap/Receipt/td_AutoNoC031622113752957Ahm' is: 'AutoDualCF071224235156Ahm'

2024-07-12 23:59:28 - [TEST_STEP][PASSED] - out.println("sdf: " + sdf): null

2024-07-12 23:59:28 - [TEST_STEP][PASSED] - remID = sdf: null

2024-07-12 23:59:28 - [TEST_STEP][PASSED] - out.println("remID: " + remID): null

2024-07-12 23:59:28 - [TEST_STEP][PASSED] - click(findTestObject(path_Receipt + "button_Continue")): Object: 'Object Repository/AdminSuiteBootstrap_Pages/VT_Bootstrap/Receipt/button_Continue' is clicked on

2024-07-12 23:59:29 - [MESSAGE][PASSED] - Object: 'Object Repository/AdminSuiteBootstrap_Pages/VT_Bootstrap/Receipt/button_Continue' is clicked on

2024-07-12 23:59:29 - [TEST_STEP][PASSED] - click(findTestObject(path_VT + "a_Search Transactions")): Object: 'Object Repository/AdminSuiteBootstrap_Pages/VT_Bootstrap/IssueTransactions/a_Search Transactions' is clicked on

2024-07-12 23:59:29 - [MESSAGE][PASSED] - Object: 'Object Repository/AdminSuiteBootstrap_Pages/VT_Bootstrap/IssueTransactions/a_Search Transactions' is clicked on

2024-07-12 23:59:29 - [TEST_STEP][PASSED] - setText(findTestObject(path_CCSearch + "input_Search By_searchValue"), remID): Text 'AutoDualCF071224235156Ahm' is set on object 'Object Repository/AdminSuiteBootstrap_Pages/VT_Bootstrap/CCCreditOrVoidSearch/input_Search By_searchValue'

2024-07-12 23:59:30 - [MESSAGE][PASSED] - Text 'AutoDualCF071224235156Ahm' is set on object 'Object Repository/AdminSuiteBootstrap_Pages/VT_Bootstrap/CCCreditOrVoidSearch/input_Search By_searchValue'

2024-07-12 23:59:30 - [TEST_STEP][PASSED] - click(findTestObject(path_CCSearch + "button_Submit")): Object: 'Object Repository/AdminSuiteBootstrap_Pages/VT_Bootstrap/CCCreditOrVoidSearch/button_Submit' is clicked on

2024-07-12 23:59:31 - [MESSAGE][PASSED] - Object: 'Object Repository/AdminSuiteBootstrap_Pages/VT_Bootstrap/CCCreditOrVoidSearch/button_Submit' is clicked on

2024-07-12 23:59:31 - [TEST_STEP][PASSED] - click(findTestObject(path_SearchResults + "button_PaymentID")): Object: 'Object Repository/AdminSuiteBootstrap_Pages/VT_Bootstrap/SearchResults/button_PaymentID' is clicked on

2024-07-12 23:59:32 - [MESSAGE][PASSED] - Object: 'Object Repository/AdminSuiteBootstrap_Pages/VT_Bootstrap/SearchResults/button_PaymentID' is clicked on

2024-07-12 23:59:32 - [TEST_STEP][PASSED] - verifyTextPresent("Tender Type", true): Text 'Tender Type' is present on page  using regular expression

2024-07-12 23:59:33 - [MESSAGE][PASSED] - Text 'Tender Type' is present on page  using regular expression

2024-07-12 23:59:33 - [TEST_STEP][PASSED] - verifyTextPresent("Transaction Type", true): Text 'Transaction Type' is present on page  using regular expression

2024-07-12 23:59:33 - [MESSAGE][PASSED] - Text 'Transaction Type' is present on page  using regular expression

2024-07-12 23:59:33 - [TEST_STEP][PASSED] - verifyTextPresent("Transaction Posted by", true): Text 'Transaction Posted by' is present on page  using regular expression

2024-07-12 23:59:33 - [MESSAGE][PASSED] - Text 'Transaction Posted by' is present on page  using regular expression

2024-07-12 23:59:33 - [TEST_STEP][PASSED] - verifyTextPresent("iahmed", true): Text 'iahmed' is present on page  using regular expression

2024-07-12 23:59:34 - [MESSAGE][PASSED] - Text 'iahmed' is present on page  using regular expression

2024-07-12 23:59:34 - [TEST_STEP][PASSED] - verifyTextPresent("Debit", true): Text 'Debit' is present on page  using regular expression

2024-07-12 23:59:34 - [MESSAGE][PASSED] - Text 'Debit' is present on page  using regular expression

2024-07-12 23:59:34 - [TEST_STEP][PASSED] - click(findTestObject(path_TranxDetails + "a_Credit this transaction")): Object: 'Object Repository/AdminSuiteBootstrap_Pages/VT_Bootstrap/TransactionDetails/a_Credit this transaction' is clicked on

2024-07-12 23:59:35 - [MESSAGE][PASSED] - Object: 'Object Repository/AdminSuiteBootstrap_Pages/VT_Bootstrap/TransactionDetails/a_Credit this transaction' is clicked on

2024-07-12 23:59:35 - [TEST_STEP][PASSED] - click(findTestObject(path_TranxDetails + "button_Submit")): Object: 'Object Repository/AdminSuiteBootstrap_Pages/VT_Bootstrap/TransactionDetails/button_Submit' is clicked on

2024-07-12 23:59:36 - [MESSAGE][PASSED] - Object: 'Object Repository/AdminSuiteBootstrap_Pages/VT_Bootstrap/TransactionDetails/button_Submit' is clicked on

2024-07-12 23:59:36 - [TEST_STEP][PASSED] - verifyTextPresent("Transaction Successful", true): Text 'Transaction Successful' is present on page  using regular expression

2024-07-12 23:59:37 - [MESSAGE][PASSED] - Text 'Transaction Successful' is present on page  using regular expression

2024-07-12 23:59:37 - [TEST_STEP][PASSED] - verifyTextPresent("Transaction Type", true): Text 'Transaction Type' is present on page  using regular expression

2024-07-12 23:59:37 - [MESSAGE][PASSED] - Text 'Transaction Type' is present on page  using regular expression

2024-07-12 23:59:37 - [TEST_STEP][PASSED] - verifyTextPresent("Credit", true): Text 'Credit' is present on page  using regular expression

2024-07-12 23:59:38 - [MESSAGE][PASSED] - Text 'Credit' is present on page  using regular expression

2024-07-12 23:59:38 - [TEST_STEP][PASSED] - closeBrowser(): Browser is closed

2024-07-12 23:59:39 - [MESSAGE][PASSED] - Browser is closed

2024-07-12 23:59:39 - [TEST_STEP][PASSED] - ExecuteTC = findTestData(dataFile).getValue("Execute", row): null

2024-07-12 23:59:39 - [TEST_STEP][PASSED] - out.println("Value of Execute is : " + ExecuteTC): null

2024-07-12 23:59:39 - [TEST_STEP][PASSED] - switch (executionProfile): null

2024-07-12 23:59:39 - [TEST_STEP][PASSED] - case "QA2Profile":: null

2024-07-12 23:59:39 - [TEST_STEP][PASSED] - appName = findTestData(dataFile).getValue("AppNameQA", row): null

2024-07-12 23:59:39 - [TEST_STEP][PASSED] - appID = findTestData(dataFile).getValue("AppIDQA", row): null

2024-07-12 23:59:39 - [TEST_STEP][PASSED] - break: null

2024-07-12 23:59:39 - [TEST_STEP][PASSED] - hrefAppID = li_1 + appID + li_2: null

2024-07-12 23:59:39 - [TEST_STEP][PASSED] - hrefApp = li_1 + appID + "/": null

2024-07-12 23:59:39 - [TEST_STEP][PASSED] - println("hrefApp : " + hrefApp): null

2024-07-12 23:59:39 - [TEST_STEP][PASSED] - if (ExecuteTC.equalsIgnoreCase("Y")): Browser is closed

2024-07-12 23:59:39 - [TEST_STEP][PASSED] - out.println("Begin Record Number: " + row): null

2024-07-12 23:59:39 - [TEST_STEP][PASSED] - today = new java.util.Date(): null

2024-07-12 23:59:39 - [TEST_STEP][PASSED] - println(today): null

2024-07-12 23:59:39 - [TEST_STEP][PASSED] - datText = today: null

2024-07-12 23:59:39 - [TEST_STEP][PASSED] - adminSuiteBootstrap.loginFunctionality.login_AdminSuite(): adminSuiteBootstrap.loginFunctionality.login_AdminSuite is PASSED

2024-07-12 23:59:39 - [MESSAGE][INFO] - Starting 'Chrome' driver

2024-07-12 23:59:39 - [MESSAGE][INFO] - User set preference: ['acceptInsecureCerts', 'true']

2024-07-12 23:59:39 - [MESSAGE][INFO] - Action delay is set to 0 milliseconds

2024-07-12 23:59:42 - [MESSAGE][PASSED] - Browser is opened with url: 'https://qa2.velocitypayment.com/admin/imtiaz'

2024-07-12 23:59:42 - [MESSAGE][PASSED] - Current window maximized

2024-07-12 23:59:42 - [MESSAGE][PASSED] - Object 'Object Repository/Login_Page/Login_Username_Okta' is present

2024-07-12 23:59:43 - [MESSAGE][PASSED] - Text 'iahmed' is set on object 'Object Repository/Login_Page/Login_Username_Okta'

2024-07-12 23:59:44 - [MESSAGE][PASSED] - Text 'Hello!6666666' is set on object 'Object Repository/Login_Page/Login_Password_Okta'

2024-07-12 23:59:45 - [MESSAGE][PASSED] - Object: 'Object Repository/Login_Page/Login_Submit_Okta' is clicked on

2024-07-12 23:59:45 - [MESSAGE][PASSED] - adminSuiteBootstrap.loginFunctionality.login_AdminSuite is PASSED

2024-07-12 23:59:45 - [TEST_STEP][PASSED] - click(findTestObject(path_Dashboard + appName)): Object: 'Object Repository/AdminSuiteBootstrap_Pages/Dashboard_Bootstrap/a_Access AutoDualCFtpQA' is clicked on

2024-07-12 23:59:52 - [MESSAGE][PASSED] - Object: 'Object Repository/AdminSuiteBootstrap_Pages/Dashboard_Bootstrap/a_Access AutoDualCFtpQA' is clicked on

2024-07-12 23:59:52 - [TEST_STEP][PASSED] - click(findTestObject(path_VT + "button_Debit")): Object: 'Object Repository/AdminSuiteBootstrap_Pages/VT_Bootstrap/IssueTransactions/button_Debit' is clicked on

2024-07-12 23:59:53 - [MESSAGE][PASSED] - Object: 'Object Repository/AdminSuiteBootstrap_Pages/VT_Bootstrap/IssueTransactions/button_Debit' is clicked on

2024-07-12 23:59:53 - [TEST_STEP][PASSED] - click(findTestObject(path_VT + "a_Personal")): Object: 'Object Repository/AdminSuiteBootstrap_Pages/VT_Bootstrap/IssueTransactions/a_Personal' is clicked on

2024-07-12 23:59:54 - [MESSAGE][PASSED] - Object: 'Object Repository/AdminSuiteBootstrap_Pages/VT_Bootstrap/IssueTransactions/a_Personal' is clicked on

2024-07-12 23:59:54 - [TEST_STEP][PASSED] - adminSuiteBootstrap.debitPersonalsetData.debitPersonal_DataDriven(row, dataFile): adminSuiteBootstrap.debitPersonalsetData.debitPersonal_DataDriven is PASSED

2024-07-12 23:59:56 - [MESSAGE][PASSED] - Text 'Veronika' is set on object 'Object Repository/AdminSuiteBootstrap_Pages/VT_Bootstrap/ACHPersonal/input_firstName'

2024-07-12 23:59:57 - [MESSAGE][PASSED] - Text 'Inouye' is set on object 'Object Repository/AdminSuiteBootstrap_Pages/VT_Bootstrap/ACHPersonal/input_lastName'

2024-07-12 23:59:58 - [MESSAGE][PASSED] - Text '6 Greenleaf Ave' is set on object 'Object Repository/AdminSuiteBootstrap_Pages/VT_Bootstrap/ACHPersonal/input_address'

2024-07-12 23:59:59 - [MESSAGE][PASSED] - Text 'apt #3' is set on object 'Object Repository/AdminSuiteBootstrap_Pages/VT_Bootstrap/ACHPersonal/input_address2'

2024-07-12 23:59:59 - [MESSAGE][PASSED] - Text '22201' is set on object 'Object Repository/AdminSuiteBootstrap_Pages/VT_Bootstrap/ACHPersonal/input_zip'

2024-07-13 00:00:00 - [MESSAGE][PASSED] - Text '' is set on object 'Object Repository/AdminSuiteBootstrap_Pages/VT_Bootstrap/ACHPersonal/input_emailAddress'

2024-07-13 00:00:01 - [MESSAGE][PASSED] - Text '' is set on object 'Object Repository/AdminSuiteBootstrap_Pages/VT_Bootstrap/ACHPersonal/input_smsNumber'

2024-07-13 00:00:02 - [MESSAGE][PASSED] - Text '45671002' is set on object 'Object Repository/AdminSuiteBootstrap_Pages/VT_Bootstrap/ACHPersonal/input_accountNumber'

2024-07-13 00:00:03 - [MESSAGE][PASSED] - Text '256072691' is set on object 'Object Repository/AdminSuiteBootstrap_Pages/VT_Bootstrap/ACHPersonal/input_routingNumber'

2024-07-13 00:00:04 - [MESSAGE][PASSED] - All options with label 'Checking' are selected in object 'Object Repository/AdminSuiteBootstrap_Pages/VT_Bootstrap/ACHPersonal/select_AccountType'  using regular expression

2024-07-13 00:00:05 - [MESSAGE][PASSED] - All options with label 'TEL - Telephone-Initiated Entry' are selected in object 'Object Repository/AdminSuiteBootstrap_Pages/VT_Bootstrap/ACHPersonal/select_STD'  using regular expression

2024-07-13 00:00:06 - [MESSAGE][PASSED] - Text '11.5' is set on object 'Object Repository/AdminSuiteBootstrap_Pages/VT_Bootstrap/ACHPersonal/input_amount'

2024-07-13 00:00:07 - [MESSAGE][PASSED] - Text 'Denmark' is set on object 'Object Repository/AdminSuiteBootstrap_Pages/VT_Bootstrap/ACHPersonal/input_userDefined1'

2024-07-13 00:00:08 - [MESSAGE][PASSED] - Text 'Australia' is set on object 'Object Repository/AdminSuiteBootstrap_Pages/VT_Bootstrap/ACHPersonal/input_userDefined2'

2024-07-13 00:00:08 - [MESSAGE][PASSED] - Text 'Austria' is set on object 'Object Repository/AdminSuiteBootstrap_Pages/VT_Bootstrap/ACHPersonal/input_userDefined3'

2024-07-13 00:00:09 - [MESSAGE][PASSED] - Text 'Sweden' is set on object 'Object Repository/AdminSuiteBootstrap_Pages/VT_Bootstrap/ACHPersonal/input_userDefined4'

2024-07-13 00:00:10 - [MESSAGE][PASSED] - All options with label 'Yellow' are selected in object 'Object Repository/AdminSuiteBootstrap_Pages/VT_Bootstrap/ACHPersonal/select_UDF5'  using regular expression

2024-07-13 00:00:11 - [MESSAGE][PASSED] - All options with label 'Orange' are selected in object 'Object Repository/AdminSuiteBootstrap_Pages/VT_Bootstrap/ACHPersonal/select_UDF6'  using regular expression

2024-07-13 00:00:12 - [MESSAGE][PASSED] - Text 'Netherlands' is set on object 'Object Repository/AdminSuiteBootstrap_Pages/VT_Bootstrap/ACHPersonal/input_userDefined7'

2024-07-13 00:00:12 - [MESSAGE][PASSED] - Text 'Norway' is set on object 'Object Repository/AdminSuiteBootstrap_Pages/VT_Bootstrap/ACHPersonal/input_userDefined8'

2024-07-13 00:00:13 - [MESSAGE][PASSED] - Text 'France' is set on object 'Object Repository/AdminSuiteBootstrap_Pages/VT_Bootstrap/ACHPersonal/input_userDefined9'

2024-07-13 00:00:14 - [MESSAGE][PASSED] - Text 'Switzerland' is set on object 'Object Repository/AdminSuiteBootstrap_Pages/VT_Bootstrap/ACHPersonal/input_userDefined10'

2024-07-13 00:00:15 - [MESSAGE][PASSED] - Object: 'Object Repository/AdminSuiteBootstrap_Pages/VT_Bootstrap/ACHPersonal/button_Submit' is clicked on

2024-07-13 00:00:15 - [MESSAGE][PASSED] - adminSuiteBootstrap.debitPersonalsetData.debitPersonal_DataDriven is PASSED

2024-07-13 00:00:15 - [TEST_STEP][PASSED] - if (verifyTextPresent("Transaction Successful", true)): null

2024-07-13 00:00:16 - [MESSAGE][PASSED] - Text 'Transaction Successful' is present on page  using regular expression

2024-07-13 00:00:16 - [TEST_STEP][PASSED] - sdf = getText(findTestObject(path_Receipt + "td_AutoNoC031622113752957Ahm")): Text of object 'Object Repository/AdminSuiteBootstrap_Pages/VT_Bootstrap/Receipt/td_AutoNoC031622113752957Ahm' is: 'AutoDualCF071224235244Ahm'

2024-07-13 00:00:16 - [MESSAGE][PASSED] - Text of object 'Object Repository/AdminSuiteBootstrap_Pages/VT_Bootstrap/Receipt/td_AutoNoC031622113752957Ahm' is: 'AutoDualCF071224235244Ahm'

2024-07-13 00:00:16 - [TEST_STEP][PASSED] - out.println("sdf: " + sdf): null

2024-07-13 00:00:16 - [TEST_STEP][PASSED] - remID = sdf: null

2024-07-13 00:00:16 - [TEST_STEP][PASSED] - out.println("remID: " + remID): null

2024-07-13 00:00:16 - [TEST_STEP][PASSED] - click(findTestObject(path_Receipt + "button_Continue")): Object: 'Object Repository/AdminSuiteBootstrap_Pages/VT_Bootstrap/Receipt/button_Continue' is clicked on

2024-07-13 00:00:17 - [MESSAGE][PASSED] - Object: 'Object Repository/AdminSuiteBootstrap_Pages/VT_Bootstrap/Receipt/button_Continue' is clicked on

2024-07-13 00:00:17 - [TEST_STEP][PASSED] - click(findTestObject(path_VT + "a_Search Transactions")): Object: 'Object Repository/AdminSuiteBootstrap_Pages/VT_Bootstrap/IssueTransactions/a_Search Transactions' is clicked on

2024-07-13 00:00:18 - [MESSAGE][PASSED] - Object: 'Object Repository/AdminSuiteBootstrap_Pages/VT_Bootstrap/IssueTransactions/a_Search Transactions' is clicked on

2024-07-13 00:00:18 - [TEST_STEP][PASSED] - setText(findTestObject(path_CCSearch + "input_Search By_searchValue"), remID): Text 'AutoDualCF071224235244Ahm' is set on object 'Object Repository/AdminSuiteBootstrap_Pages/VT_Bootstrap/CCCreditOrVoidSearch/input_Search By_searchValue'

2024-07-13 00:00:19 - [MESSAGE][PASSED] - Text 'AutoDualCF071224235244Ahm' is set on object 'Object Repository/AdminSuiteBootstrap_Pages/VT_Bootstrap/CCCreditOrVoidSearch/input_Search By_searchValue'

2024-07-13 00:00:19 - [TEST_STEP][PASSED] - click(findTestObject(path_CCSearch + "button_Submit")): Object: 'Object Repository/AdminSuiteBootstrap_Pages/VT_Bootstrap/CCCreditOrVoidSearch/button_Submit' is clicked on

2024-07-13 00:00:19 - [MESSAGE][PASSED] - Object: 'Object Repository/AdminSuiteBootstrap_Pages/VT_Bootstrap/CCCreditOrVoidSearch/button_Submit' is clicked on

2024-07-13 00:00:19 - [TEST_STEP][PASSED] - click(findTestObject(path_SearchResults + "button_PaymentID")): Object: 'Object Repository/AdminSuiteBootstrap_Pages/VT_Bootstrap/SearchResults/button_PaymentID' is clicked on

2024-07-13 00:00:20 - [MESSAGE][PASSED] - Object: 'Object Repository/AdminSuiteBootstrap_Pages/VT_Bootstrap/SearchResults/button_PaymentID' is clicked on

2024-07-13 00:00:20 - [TEST_STEP][PASSED] - verifyTextPresent("Tender Type", true): Text 'Tender Type' is present on page  using regular expression

2024-07-13 00:00:21 - [MESSAGE][PASSED] - Text 'Tender Type' is present on page  using regular expression

2024-07-13 00:00:21 - [TEST_STEP][PASSED] - verifyTextPresent("Transaction Type", true): Text 'Transaction Type' is present on page  using regular expression

2024-07-13 00:00:22 - [MESSAGE][PASSED] - Text 'Transaction Type' is present on page  using regular expression

2024-07-13 00:00:22 - [TEST_STEP][PASSED] - verifyTextPresent("Transaction Posted by", true): Text 'Transaction Posted by' is present on page  using regular expression

2024-07-13 00:00:22 - [MESSAGE][PASSED] - Text 'Transaction Posted by' is present on page  using regular expression

2024-07-13 00:00:22 - [TEST_STEP][PASSED] - verifyTextPresent("iahmed", true): Text 'iahmed' is present on page  using regular expression

2024-07-13 00:00:22 - [MESSAGE][PASSED] - Text 'iahmed' is present on page  using regular expression

2024-07-13 00:00:22 - [TEST_STEP][PASSED] - verifyTextPresent("Debit", true): Text 'Debit' is present on page  using regular expression

2024-07-13 00:00:23 - [MESSAGE][PASSED] - Text 'Debit' is present on page  using regular expression

2024-07-13 00:00:23 - [TEST_STEP][PASSED] - click(findTestObject(path_TranxDetails + "a_Credit this transaction")): Object: 'Object Repository/AdminSuiteBootstrap_Pages/VT_Bootstrap/TransactionDetails/a_Credit this transaction' is clicked on

2024-07-13 00:00:23 - [MESSAGE][PASSED] - Object: 'Object Repository/AdminSuiteBootstrap_Pages/VT_Bootstrap/TransactionDetails/a_Credit this transaction' is clicked on

2024-07-13 00:00:23 - [TEST_STEP][PASSED] - click(findTestObject(path_TranxDetails + "button_Submit")): Object: 'Object Repository/AdminSuiteBootstrap_Pages/VT_Bootstrap/TransactionDetails/button_Submit' is clicked on

2024-07-13 00:00:25 - [MESSAGE][PASSED] - Object: 'Object Repository/AdminSuiteBootstrap_Pages/VT_Bootstrap/TransactionDetails/button_Submit' is clicked on

2024-07-13 00:00:25 - [TEST_STEP][PASSED] - verifyTextPresent("Transaction Successful", true): Text 'Transaction Successful' is present on page  using regular expression

2024-07-13 00:00:25 - [MESSAGE][PASSED] - Text 'Transaction Successful' is present on page  using regular expression

2024-07-13 00:00:25 - [TEST_STEP][PASSED] - verifyTextPresent("Transaction Type", true): Text 'Transaction Type' is present on page  using regular expression

2024-07-13 00:00:26 - [MESSAGE][PASSED] - Text 'Transaction Type' is present on page  using regular expression

2024-07-13 00:00:26 - [TEST_STEP][PASSED] - verifyTextPresent("Credit", true): Text 'Credit' is present on page  using regular expression

2024-07-13 00:00:26 - [MESSAGE][PASSED] - Text 'Credit' is present on page  using regular expression

2024-07-13 00:00:26 - [TEST_STEP][PASSED] - closeBrowser(): Browser is closed

2024-07-13 00:00:27 - [MESSAGE][PASSED] - Browser is closed

2024-07-13 00:00:27 - [TEST_STEP][PASSED] - ExecuteTC = findTestData(dataFile).getValue("Execute", row): null

2024-07-13 00:00:27 - [TEST_STEP][PASSED] - out.println("Value of Execute is : " + ExecuteTC): null

2024-07-13 00:00:27 - [TEST_STEP][PASSED] - switch (executionProfile): null

2024-07-13 00:00:27 - [TEST_STEP][PASSED] - case "QA2Profile":: null

2024-07-13 00:00:27 - [TEST_STEP][PASSED] - appName = findTestData(dataFile).getValue("AppNameQA", row): null

2024-07-13 00:00:27 - [TEST_STEP][PASSED] - appID = findTestData(dataFile).getValue("AppIDQA", row): null

2024-07-13 00:00:27 - [TEST_STEP][PASSED] - break: null

2024-07-13 00:00:27 - [TEST_STEP][PASSED] - hrefAppID = li_1 + appID + li_2: null

2024-07-13 00:00:27 - [TEST_STEP][PASSED] - hrefApp = li_1 + appID + "/": null

2024-07-13 00:00:27 - [TEST_STEP][PASSED] - println("hrefApp : " + hrefApp): null

2024-07-13 00:00:27 - [TEST_STEP][PASSED] - if (ExecuteTC.equalsIgnoreCase("Y")): Browser is closed

2024-07-13 00:00:27 - [TEST_STEP][PASSED] - out.println("Begin Record Number: " + row): null

2024-07-13 00:00:27 - [TEST_STEP][PASSED] - today = new java.util.Date(): null

2024-07-13 00:00:27 - [TEST_STEP][PASSED] - println(today): null

2024-07-13 00:00:27 - [TEST_STEP][PASSED] - datText = today: null

2024-07-13 00:00:27 - [TEST_STEP][PASSED] - adminSuiteBootstrap.loginFunctionality.login_AdminSuite(): adminSuiteBootstrap.loginFunctionality.login_AdminSuite is PASSED

2024-07-13 00:00:27 - [MESSAGE][INFO] - Starting 'Chrome' driver

2024-07-13 00:00:27 - [MESSAGE][INFO] - User set preference: ['acceptInsecureCerts', 'true']

2024-07-13 00:00:27 - [MESSAGE][INFO] - Action delay is set to 0 milliseconds

2024-07-13 00:00:30 - [MESSAGE][PASSED] - Browser is opened with url: 'https://qa2.velocitypayment.com/admin/imtiaz'

2024-07-13 00:00:30 - [MESSAGE][PASSED] - Current window maximized

2024-07-13 00:00:31 - [MESSAGE][PASSED] - Object 'Object Repository/Login_Page/Login_Username_Okta' is present

2024-07-13 00:00:32 - [MESSAGE][PASSED] - Text 'iahmed' is set on object 'Object Repository/Login_Page/Login_Username_Okta'

2024-07-13 00:00:32 - [MESSAGE][PASSED] - Text 'Hello!6666666' is set on object 'Object Repository/Login_Page/Login_Password_Okta'

2024-07-13 00:00:33 - [MESSAGE][PASSED] - Object: 'Object Repository/Login_Page/Login_Submit_Okta' is clicked on

2024-07-13 00:00:33 - [MESSAGE][PASSED] - adminSuiteBootstrap.loginFunctionality.login_AdminSuite is PASSED

2024-07-13 00:00:33 - [TEST_STEP][PASSED] - click(findTestObject(path_Dashboard + appName)): Object: 'Object Repository/AdminSuiteBootstrap_Pages/Dashboard_Bootstrap/a_Access AutoDualCFtpQA' is clicked on

2024-07-13 00:00:40 - [MESSAGE][PASSED] - Object: 'Object Repository/AdminSuiteBootstrap_Pages/Dashboard_Bootstrap/a_Access AutoDualCFtpQA' is clicked on

2024-07-13 00:00:40 - [TEST_STEP][PASSED] - click(findTestObject(path_VT + "button_Debit")): Object: 'Object Repository/AdminSuiteBootstrap_Pages/VT_Bootstrap/IssueTransactions/button_Debit' is clicked on

2024-07-13 00:00:41 - [MESSAGE][PASSED] - Object: 'Object Repository/AdminSuiteBootstrap_Pages/VT_Bootstrap/IssueTransactions/button_Debit' is clicked on

2024-07-13 00:00:41 - [TEST_STEP][PASSED] - click(findTestObject(path_VT + "a_Personal")): Object: 'Object Repository/AdminSuiteBootstrap_Pages/VT_Bootstrap/IssueTransactions/a_Personal' is clicked on

2024-07-13 00:00:42 - [MESSAGE][PASSED] - Object: 'Object Repository/AdminSuiteBootstrap_Pages/VT_Bootstrap/IssueTransactions/a_Personal' is clicked on

2024-07-13 00:00:42 - [TEST_STEP][PASSED] - adminSuiteBootstrap.debitPersonalsetData.debitPersonal_DataDriven(row, dataFile): adminSuiteBootstrap.debitPersonalsetData.debitPersonal_DataDriven is PASSED

2024-07-13 00:00:45 - [MESSAGE][PASSED] - Text 'Bette' is set on object 'Object Repository/AdminSuiteBootstrap_Pages/VT_Bootstrap/ACHPersonal/input_firstName'

2024-07-13 00:00:45 - [MESSAGE][PASSED] - Text 'Nicka' is set on object 'Object Repository/AdminSuiteBootstrap_Pages/VT_Bootstrap/ACHPersonal/input_lastName'

2024-07-13 00:00:46 - [MESSAGE][PASSED] - Text '6 S 33rd St' is set on object 'Object Repository/AdminSuiteBootstrap_Pages/VT_Bootstrap/ACHPersonal/input_address'

2024-07-13 00:00:47 - [MESSAGE][PASSED] - Text 'apt #2' is set on object 'Object Repository/AdminSuiteBootstrap_Pages/VT_Bootstrap/ACHPersonal/input_address2'

2024-07-13 00:00:48 - [MESSAGE][PASSED] - Text '22201' is set on object 'Object Repository/AdminSuiteBootstrap_Pages/VT_Bootstrap/ACHPersonal/input_zip'

2024-07-13 00:00:48 - [MESSAGE][PASSED] - Text '' is set on object 'Object Repository/AdminSuiteBootstrap_Pages/VT_Bootstrap/ACHPersonal/input_emailAddress'

2024-07-13 00:00:50 - [MESSAGE][PASSED] - Text '' is set on object 'Object Repository/AdminSuiteBootstrap_Pages/VT_Bootstrap/ACHPersonal/input_smsNumber'

2024-07-13 00:00:50 - [MESSAGE][PASSED] - Text '45671003' is set on object 'Object Repository/AdminSuiteBootstrap_Pages/VT_Bootstrap/ACHPersonal/input_accountNumber'

2024-07-13 00:00:51 - [MESSAGE][PASSED] - Text '256072691' is set on object 'Object Repository/AdminSuiteBootstrap_Pages/VT_Bootstrap/ACHPersonal/input_routingNumber'

2024-07-13 00:00:52 - [MESSAGE][PASSED] - All options with label 'Savings' are selected in object 'Object Repository/AdminSuiteBootstrap_Pages/VT_Bootstrap/ACHPersonal/select_AccountType'  using regular expression

2024-07-13 00:00:53 - [MESSAGE][PASSED] - All options with label 'PPD - Prearranged Payment and Deposit Entry' are selected in object 'Object Repository/AdminSuiteBootstrap_Pages/VT_Bootstrap/ACHPersonal/select_STD'  using regular expression

2024-07-13 00:00:54 - [MESSAGE][PASSED] - Text '11.5' is set on object 'Object Repository/AdminSuiteBootstrap_Pages/VT_Bootstrap/ACHPersonal/input_amount'

2024-07-13 00:00:55 - [MESSAGE][PASSED] - Text 'Denmark' is set on object 'Object Repository/AdminSuiteBootstrap_Pages/VT_Bootstrap/ACHPersonal/input_userDefined1'

2024-07-13 00:00:56 - [MESSAGE][PASSED] - Text 'Australia' is set on object 'Object Repository/AdminSuiteBootstrap_Pages/VT_Bootstrap/ACHPersonal/input_userDefined2'

2024-07-13 00:00:57 - [MESSAGE][PASSED] - Text 'Austria' is set on object 'Object Repository/AdminSuiteBootstrap_Pages/VT_Bootstrap/ACHPersonal/input_userDefined3'

2024-07-13 00:00:57 - [MESSAGE][PASSED] - Text 'Sweden' is set on object 'Object Repository/AdminSuiteBootstrap_Pages/VT_Bootstrap/ACHPersonal/input_userDefined4'

2024-07-13 00:00:58 - [MESSAGE][PASSED] - All options with label 'Yellow' are selected in object 'Object Repository/AdminSuiteBootstrap_Pages/VT_Bootstrap/ACHPersonal/select_UDF5'  using regular expression

2024-07-13 00:01:00 - [MESSAGE][PASSED] - All options with label 'Orange' are selected in object 'Object Repository/AdminSuiteBootstrap_Pages/VT_Bootstrap/ACHPersonal/select_UDF6'  using regular expression

2024-07-13 00:01:00 - [MESSAGE][PASSED] - Text 'Netherlands' is set on object 'Object Repository/AdminSuiteBootstrap_Pages/VT_Bootstrap/ACHPersonal/input_userDefined7'

2024-07-13 00:01:01 - [MESSAGE][PASSED] - Text 'Norway' is set on object 'Object Repository/AdminSuiteBootstrap_Pages/VT_Bootstrap/ACHPersonal/input_userDefined8'

2024-07-13 00:01:02 - [MESSAGE][PASSED] - Text 'France' is set on object 'Object Repository/AdminSuiteBootstrap_Pages/VT_Bootstrap/ACHPersonal/input_userDefined9'

2024-07-13 00:01:02 - [MESSAGE][PASSED] - Text 'Switzerland' is set on object 'Object Repository/AdminSuiteBootstrap_Pages/VT_Bootstrap/ACHPersonal/input_userDefined10'

2024-07-13 00:01:04 - [MESSAGE][PASSED] - Object: 'Object Repository/AdminSuiteBootstrap_Pages/VT_Bootstrap/ACHPersonal/button_Submit' is clicked on

2024-07-13 00:01:04 - [MESSAGE][PASSED] - adminSuiteBootstrap.debitPersonalsetData.debitPersonal_DataDriven is PASSED

2024-07-13 00:01:04 - [TEST_STEP][PASSED] - if (verifyTextPresent("Transaction Successful", true)): null

2024-07-13 00:01:04 - [MESSAGE][PASSED] - Text 'Transaction Successful' is present on page  using regular expression

2024-07-13 00:01:04 - [TEST_STEP][PASSED] - sdf = getText(findTestObject(path_Receipt + "td_AutoNoC031622113752957Ahm")): Text of object 'Object Repository/AdminSuiteBootstrap_Pages/VT_Bootstrap/Receipt/td_AutoNoC031622113752957Ahm' is: 'AutoDualCF071224235333Ahm'

2024-07-13 00:01:05 - [MESSAGE][PASSED] - Text of object 'Object Repository/AdminSuiteBootstrap_Pages/VT_Bootstrap/Receipt/td_AutoNoC031622113752957Ahm' is: 'AutoDualCF071224235333Ahm'

2024-07-13 00:01:05 - [TEST_STEP][PASSED] - out.println("sdf: " + sdf): null

2024-07-13 00:01:05 - [TEST_STEP][PASSED] - remID = sdf: null

2024-07-13 00:01:05 - [TEST_STEP][PASSED] - out.println("remID: " + remID): null

2024-07-13 00:01:05 - [TEST_STEP][PASSED] - click(findTestObject(path_Receipt + "button_Continue")): Object: 'Object Repository/AdminSuiteBootstrap_Pages/VT_Bootstrap/Receipt/button_Continue' is clicked on

2024-07-13 00:01:05 - [MESSAGE][PASSED] - Object: 'Object Repository/AdminSuiteBootstrap_Pages/VT_Bootstrap/Receipt/button_Continue' is clicked on

2024-07-13 00:01:05 - [TEST_STEP][PASSED] - click(findTestObject(path_VT + "a_Search Transactions")): Object: 'Object Repository/AdminSuiteBootstrap_Pages/VT_Bootstrap/IssueTransactions/a_Search Transactions' is clicked on

2024-07-13 00:01:06 - [MESSAGE][PASSED] - Object: 'Object Repository/AdminSuiteBootstrap_Pages/VT_Bootstrap/IssueTransactions/a_Search Transactions' is clicked on

2024-07-13 00:01:06 - [TEST_STEP][PASSED] - setText(findTestObject(path_CCSearch + "input_Search By_searchValue"), remID): Text 'AutoDualCF071224235333Ahm' is set on object 'Object Repository/AdminSuiteBootstrap_Pages/VT_Bootstrap/CCCreditOrVoidSearch/input_Search By_searchValue'

2024-07-13 00:01:07 - [MESSAGE][PASSED] - Text 'AutoDualCF071224235333Ahm' is set on object 'Object Repository/AdminSuiteBootstrap_Pages/VT_Bootstrap/CCCreditOrVoidSearch/input_Search By_searchValue'

2024-07-13 00:01:07 - [TEST_STEP][PASSED] - click(findTestObject(path_CCSearch + "button_Submit")): Object: 'Object Repository/AdminSuiteBootstrap_Pages/VT_Bootstrap/CCCreditOrVoidSearch/button_Submit' is clicked on

2024-07-13 00:01:08 - [MESSAGE][PASSED] - Object: 'Object Repository/AdminSuiteBootstrap_Pages/VT_Bootstrap/CCCreditOrVoidSearch/button_Submit' is clicked on

2024-07-13 00:01:08 - [TEST_STEP][PASSED] - click(findTestObject(path_SearchResults + "button_PaymentID")): Object: 'Object Repository/AdminSuiteBootstrap_Pages/VT_Bootstrap/SearchResults/button_PaymentID' is clicked on

2024-07-13 00:01:09 - [MESSAGE][PASSED] - Object: 'Object Repository/AdminSuiteBootstrap_Pages/VT_Bootstrap/SearchResults/button_PaymentID' is clicked on

2024-07-13 00:01:09 - [TEST_STEP][PASSED] - verifyTextPresent("Tender Type", true): Text 'Tender Type' is present on page  using regular expression

2024-07-13 00:01:09 - [MESSAGE][PASSED] - Text 'Tender Type' is present on page  using regular expression

2024-07-13 00:01:09 - [TEST_STEP][PASSED] - verifyTextPresent("Transaction Type", true): Text 'Transaction Type' is present on page  using regular expression

2024-07-13 00:01:10 - [MESSAGE][PASSED] - Text 'Transaction Type' is present on page  using regular expression

2024-07-13 00:01:10 - [TEST_STEP][PASSED] - verifyTextPresent("Transaction Posted by", true): Text 'Transaction Posted by' is present on page  using regular expression

2024-07-13 00:01:10 - [MESSAGE][PASSED] - Text 'Transaction Posted by' is present on page  using regular expression

2024-07-13 00:01:10 - [TEST_STEP][PASSED] - verifyTextPresent("iahmed", true): Text 'iahmed' is present on page  using regular expression

2024-07-13 00:01:10 - [MESSAGE][PASSED] - Text 'iahmed' is present on page  using regular expression

2024-07-13 00:01:10 - [TEST_STEP][PASSED] - verifyTextPresent("Debit", true): Text 'Debit' is present on page  using regular expression

2024-07-13 00:01:11 - [MESSAGE][PASSED] - Text 'Debit' is present on page  using regular expression

2024-07-13 00:01:11 - [TEST_STEP][PASSED] - click(findTestObject(path_TranxDetails + "a_Credit this transaction")): Object: 'Object Repository/AdminSuiteBootstrap_Pages/VT_Bootstrap/TransactionDetails/a_Credit this transaction' is clicked on

2024-07-13 00:01:12 - [MESSAGE][PASSED] - Object: 'Object Repository/AdminSuiteBootstrap_Pages/VT_Bootstrap/TransactionDetails/a_Credit this transaction' is clicked on

2024-07-13 00:01:12 - [TEST_STEP][PASSED] - click(findTestObject(path_TranxDetails + "button_Submit")): Object: 'Object Repository/AdminSuiteBootstrap_Pages/VT_Bootstrap/TransactionDetails/button_Submit' is clicked on

2024-07-13 00:01:13 - [MESSAGE][PASSED] - Object: 'Object Repository/AdminSuiteBootstrap_Pages/VT_Bootstrap/TransactionDetails/button_Submit' is clicked on

2024-07-13 00:01:13 - [TEST_STEP][PASSED] - verifyTextPresent("Transaction Successful", true): Text 'Transaction Successful' is present on page  using regular expression

2024-07-13 00:01:14 - [MESSAGE][PASSED] - Text 'Transaction Successful' is present on page  using regular expression

2024-07-13 00:01:14 - [TEST_STEP][PASSED] - verifyTextPresent("Transaction Type", true): Text 'Transaction Type' is present on page  using regular expression

2024-07-13 00:01:14 - [MESSAGE][PASSED] - Text 'Transaction Type' is present on page  using regular expression

2024-07-13 00:01:14 - [TEST_STEP][PASSED] - verifyTextPresent("Credit", true): Text 'Credit' is present on page  using regular expression

2024-07-13 00:01:14 - [MESSAGE][PASSED] - Text 'Credit' is present on page  using regular expression

2024-07-13 00:01:14 - [TEST_STEP][PASSED] - closeBrowser(): Browser is closed

2024-07-13 00:01:15 - [MESSAGE][PASSED] - Browser is closed

2024-07-13 00:01:15 - [TEST_STEP][PASSED] - ExecuteTC = findTestData(dataFile).getValue("Execute", row): null

2024-07-13 00:01:15 - [TEST_STEP][PASSED] - out.println("Value of Execute is : " + ExecuteTC): null

2024-07-13 00:01:15 - [TEST_STEP][PASSED] - switch (executionProfile): null

2024-07-13 00:01:15 - [TEST_STEP][PASSED] - case "QA2Profile":: null

2024-07-13 00:01:15 - [TEST_STEP][PASSED] - appName = findTestData(dataFile).getValue("AppNameQA", row): null

2024-07-13 00:01:16 - [TEST_STEP][PASSED] - appID = findTestData(dataFile).getValue("AppIDQA", row): null

2024-07-13 00:01:16 - [TEST_STEP][PASSED] - break: null

2024-07-13 00:01:16 - [TEST_STEP][PASSED] - hrefAppID = li_1 + appID + li_2: null

2024-07-13 00:01:16 - [TEST_STEP][PASSED] - hrefApp = li_1 + appID + "/": null

2024-07-13 00:01:16 - [TEST_STEP][PASSED] - println("hrefApp : " + hrefApp): null

2024-07-13 00:01:16 - [TEST_STEP][PASSED] - if (ExecuteTC.equalsIgnoreCase("Y")): Browser is closed

2024-07-13 00:01:16 - [TEST_STEP][PASSED] - out.println("Begin Record Number: " + row): null

2024-07-13 00:01:16 - [TEST_STEP][PASSED] - today = new java.util.Date(): null

2024-07-13 00:01:16 - [TEST_STEP][PASSED] - println(today): null

2024-07-13 00:01:16 - [TEST_STEP][PASSED] - datText = today: null

2024-07-13 00:01:16 - [TEST_STEP][PASSED] - adminSuiteBootstrap.loginFunctionality.login_AdminSuite(): adminSuiteBootstrap.loginFunctionality.login_AdminSuite is PASSED

2024-07-13 00:01:16 - [MESSAGE][INFO] - Starting 'Chrome' driver

2024-07-13 00:01:16 - [MESSAGE][INFO] - User set preference: ['acceptInsecureCerts', 'true']

2024-07-13 00:01:16 - [MESSAGE][INFO] - Action delay is set to 0 milliseconds

2024-07-13 00:01:18 - [MESSAGE][PASSED] - Browser is opened with url: 'https://qa2.velocitypayment.com/admin/imtiaz'

2024-07-13 00:01:18 - [MESSAGE][PASSED] - Current window maximized

2024-07-13 00:01:19 - [MESSAGE][PASSED] - Object 'Object Repository/Login_Page/Login_Username_Okta' is present

2024-07-13 00:01:20 - [MESSAGE][PASSED] - Text 'iahmed' is set on object 'Object Repository/Login_Page/Login_Username_Okta'

2024-07-13 00:01:21 - [MESSAGE][PASSED] - Text 'Hello!6666666' is set on object 'Object Repository/Login_Page/Login_Password_Okta'

2024-07-13 00:01:21 - [MESSAGE][PASSED] - Object: 'Object Repository/Login_Page/Login_Submit_Okta' is clicked on

2024-07-13 00:01:21 - [MESSAGE][PASSED] - adminSuiteBootstrap.loginFunctionality.login_AdminSuite is PASSED

2024-07-13 00:01:21 - [TEST_STEP][PASSED] - click(findTestObject(path_Dashboard + appName)): Object: 'Object Repository/AdminSuiteBootstrap_Pages/Dashboard_Bootstrap/a_Access AutoDualCFtpQA' is clicked on

2024-07-13 00:01:29 - [MESSAGE][PASSED] - Object: 'Object Repository/AdminSuiteBootstrap_Pages/Dashboard_Bootstrap/a_Access AutoDualCFtpQA' is clicked on

2024-07-13 00:01:29 - [TEST_STEP][PASSED] - click(findTestObject(path_VT + "button_Debit")): Object: 'Object Repository/AdminSuiteBootstrap_Pages/VT_Bootstrap/IssueTransactions/button_Debit' is clicked on

2024-07-13 00:01:30 - [MESSAGE][PASSED] - Object: 'Object Repository/AdminSuiteBootstrap_Pages/VT_Bootstrap/IssueTransactions/button_Debit' is clicked on

2024-07-13 00:01:30 - [TEST_STEP][PASSED] - click(findTestObject(path_VT + "a_Personal")): Object: 'Object Repository/AdminSuiteBootstrap_Pages/VT_Bootstrap/IssueTransactions/a_Personal' is clicked on

2024-07-13 00:01:31 - [MESSAGE][PASSED] - Object: 'Object Repository/AdminSuiteBootstrap_Pages/VT_Bootstrap/IssueTransactions/a_Personal' is clicked on

2024-07-13 00:01:31 - [TEST_STEP][PASSED] - adminSuiteBootstrap.debitPersonalsetData.debitPersonal_DataDriven(row, dataFile): adminSuiteBootstrap.debitPersonalsetData.debitPersonal_DataDriven is PASSED

2024-07-13 00:01:34 - [MESSAGE][PASSED] - Text 'Alisha' is set on object 'Object Repository/AdminSuiteBootstrap_Pages/VT_Bootstrap/ACHPersonal/input_firstName'

2024-07-13 00:01:35 - [MESSAGE][PASSED] - Text 'Slusarski' is set on object 'Object Repository/AdminSuiteBootstrap_Pages/VT_Bootstrap/ACHPersonal/input_lastName'

2024-07-13 00:01:35 - [MESSAGE][PASSED] - Text '3273 State St' is set on object 'Object Repository/AdminSuiteBootstrap_Pages/VT_Bootstrap/ACHPersonal/input_address'

2024-07-13 00:01:36 - [MESSAGE][PASSED] - Text 'apt #4' is set on object 'Object Repository/AdminSuiteBootstrap_Pages/VT_Bootstrap/ACHPersonal/input_address2'

2024-07-13 00:01:37 - [MESSAGE][PASSED] - Text '22201' is set on object 'Object Repository/AdminSuiteBootstrap_Pages/VT_Bootstrap/ACHPersonal/input_zip'

2024-07-13 00:01:38 - [MESSAGE][PASSED] - Text '' is set on object 'Object Repository/AdminSuiteBootstrap_Pages/VT_Bootstrap/ACHPersonal/input_emailAddress'

2024-07-13 00:01:39 - [MESSAGE][PASSED] - Text '' is set on object 'Object Repository/AdminSuiteBootstrap_Pages/VT_Bootstrap/ACHPersonal/input_smsNumber'

2024-07-13 00:01:40 - [MESSAGE][PASSED] - Text '45671004' is set on object 'Object Repository/AdminSuiteBootstrap_Pages/VT_Bootstrap/ACHPersonal/input_accountNumber'

2024-07-13 00:01:40 - [MESSAGE][PASSED] - Text '256072691' is set on object 'Object Repository/AdminSuiteBootstrap_Pages/VT_Bootstrap/ACHPersonal/input_routingNumber'

2024-07-13 00:01:41 - [MESSAGE][PASSED] - All options with label 'Savings' are selected in object 'Object Repository/AdminSuiteBootstrap_Pages/VT_Bootstrap/ACHPersonal/select_AccountType'  using regular expression

2024-07-13 00:01:43 - [MESSAGE][PASSED] - All options with label 'TEL - Telephone-Initiated Entry' are selected in object 'Object Repository/AdminSuiteBootstrap_Pages/VT_Bootstrap/ACHPersonal/select_STD'  using regular expression

2024-07-13 00:01:43 - [MESSAGE][PASSED] - Text '11.5' is set on object 'Object Repository/AdminSuiteBootstrap_Pages/VT_Bootstrap/ACHPersonal/input_amount'

2024-07-13 00:01:44 - [MESSAGE][PASSED] - Text 'Denmark' is set on object 'Object Repository/AdminSuiteBootstrap_Pages/VT_Bootstrap/ACHPersonal/input_userDefined1'

2024-07-13 00:01:45 - [MESSAGE][PASSED] - Text 'Australia' is set on object 'Object Repository/AdminSuiteBootstrap_Pages/VT_Bootstrap/ACHPersonal/input_userDefined2'

2024-07-13 00:01:46 - [MESSAGE][PASSED] - Text 'Austria' is set on object 'Object Repository/AdminSuiteBootstrap_Pages/VT_Bootstrap/ACHPersonal/input_userDefined3'

2024-07-13 00:01:47 - [MESSAGE][PASSED] - Text 'Sweden' is set on object 'Object Repository/AdminSuiteBootstrap_Pages/VT_Bootstrap/ACHPersonal/input_userDefined4'

2024-07-13 00:01:48 - [MESSAGE][PASSED] - All options with label 'Yellow' are selected in object 'Object Repository/AdminSuiteBootstrap_Pages/VT_Bootstrap/ACHPersonal/select_UDF5'  using regular expression

2024-07-13 00:01:49 - [MESSAGE][PASSED] - All options with label 'Orange' are selected in object 'Object Repository/AdminSuiteBootstrap_Pages/VT_Bootstrap/ACHPersonal/select_UDF6'  using regular expression

2024-07-13 00:01:49 - [MESSAGE][PASSED] - Text 'Netherlands' is set on object 'Object Repository/AdminSuiteBootstrap_Pages/VT_Bootstrap/ACHPersonal/input_userDefined7'

2024-07-13 00:01:50 - [MESSAGE][PASSED] - Text 'Norway' is set on object 'Object Repository/AdminSuiteBootstrap_Pages/VT_Bootstrap/ACHPersonal/input_userDefined8'

2024-07-13 00:01:51 - [MESSAGE][PASSED] - Text 'France' is set on object 'Object Repository/AdminSuiteBootstrap_Pages/VT_Bootstrap/ACHPersonal/input_userDefined9'

2024-07-13 00:01:51 - [MESSAGE][PASSED] - Text 'Switzerland' is set on object 'Object Repository/AdminSuiteBootstrap_Pages/VT_Bootstrap/ACHPersonal/input_userDefined10'

2024-07-13 00:01:53 - [MESSAGE][PASSED] - Object: 'Object Repository/AdminSuiteBootstrap_Pages/VT_Bootstrap/ACHPersonal/button_Submit' is clicked on

2024-07-13 00:01:53 - [MESSAGE][PASSED] - adminSuiteBootstrap.debitPersonalsetData.debitPersonal_DataDriven is PASSED

2024-07-13 00:01:53 - [TEST_STEP][PASSED] - if (verifyTextPresent("Transaction Successful", true)): null

2024-07-13 00:01:53 - [MESSAGE][PASSED] - Text 'Transaction Successful' is present on page  using regular expression

2024-07-13 00:01:53 - [TEST_STEP][PASSED] - sdf = getText(findTestObject(path_Receipt + "td_AutoNoC031622113752957Ahm")): Text of object 'Object Repository/AdminSuiteBootstrap_Pages/VT_Bootstrap/Receipt/td_AutoNoC031622113752957Ahm' is: 'AutoDualCF071224235422Ahm'

2024-07-13 00:01:54 - [MESSAGE][PASSED] - Text of object 'Object Repository/AdminSuiteBootstrap_Pages/VT_Bootstrap/Receipt/td_AutoNoC031622113752957Ahm' is: 'AutoDualCF071224235422Ahm'

2024-07-13 00:01:54 - [TEST_STEP][PASSED] - out.println("sdf: " + sdf): null

2024-07-13 00:01:54 - [TEST_STEP][PASSED] - remID = sdf: null

2024-07-13 00:01:54 - [TEST_STEP][PASSED] - out.println("remID: " + remID): null

2024-07-13 00:01:54 - [TEST_STEP][PASSED] - click(findTestObject(path_Receipt + "button_Continue")): Object: 'Object Repository/AdminSuiteBootstrap_Pages/VT_Bootstrap/Receipt/button_Continue' is clicked on

2024-07-13 00:01:54 - [MESSAGE][PASSED] - Object: 'Object Repository/AdminSuiteBootstrap_Pages/VT_Bootstrap/Receipt/button_Continue' is clicked on

2024-07-13 00:01:54 - [TEST_STEP][PASSED] - click(findTestObject(path_VT + "a_Search Transactions")): Object: 'Object Repository/AdminSuiteBootstrap_Pages/VT_Bootstrap/IssueTransactions/a_Search Transactions' is clicked on

2024-07-13 00:01:55 - [MESSAGE][PASSED] - Object: 'Object Repository/AdminSuiteBootstrap_Pages/VT_Bootstrap/IssueTransactions/a_Search Transactions' is clicked on

2024-07-13 00:01:55 - [TEST_STEP][PASSED] - setText(findTestObject(path_CCSearch + "input_Search By_searchValue"), remID): Text 'AutoDualCF071224235422Ahm' is set on object 'Object Repository/AdminSuiteBootstrap_Pages/VT_Bootstrap/CCCreditOrVoidSearch/input_Search By_searchValue'

2024-07-13 00:01:56 - [MESSAGE][PASSED] - Text 'AutoDualCF071224235422Ahm' is set on object 'Object Repository/AdminSuiteBootstrap_Pages/VT_Bootstrap/CCCreditOrVoidSearch/input_Search By_searchValue'

2024-07-13 00:01:56 - [TEST_STEP][PASSED] - click(findTestObject(path_CCSearch + "button_Submit")): Object: 'Object Repository/AdminSuiteBootstrap_Pages/VT_Bootstrap/CCCreditOrVoidSearch/button_Submit' is clicked on

2024-07-13 00:01:57 - [MESSAGE][PASSED] - Object: 'Object Repository/AdminSuiteBootstrap_Pages/VT_Bootstrap/CCCreditOrVoidSearch/button_Submit' is clicked on

2024-07-13 00:01:57 - [TEST_STEP][PASSED] - click(findTestObject(path_SearchResults + "button_PaymentID")): Object: 'Object Repository/AdminSuiteBootstrap_Pages/VT_Bootstrap/SearchResults/button_PaymentID' is clicked on

2024-07-13 00:01:58 - [MESSAGE][PASSED] - Object: 'Object Repository/AdminSuiteBootstrap_Pages/VT_Bootstrap/SearchResults/button_PaymentID' is clicked on

2024-07-13 00:01:58 - [TEST_STEP][PASSED] - verifyTextPresent("Tender Type", true): Text 'Tender Type' is present on page  using regular expression

2024-07-13 00:01:59 - [MESSAGE][PASSED] - Text 'Tender Type' is present on page  using regular expression

2024-07-13 00:01:59 - [TEST_STEP][PASSED] - verifyTextPresent("Transaction Type", true): Text 'Transaction Type' is present on page  using regular expression

2024-07-13 00:01:59 - [MESSAGE][PASSED] - Text 'Transaction Type' is present on page  using regular expression

2024-07-13 00:01:59 - [TEST_STEP][PASSED] - verifyTextPresent("Transaction Posted by", true): Text 'Transaction Posted by' is present on page  using regular expression

2024-07-13 00:01:59 - [MESSAGE][PASSED] - Text 'Transaction Posted by' is present on page  using regular expression

2024-07-13 00:01:59 - [TEST_STEP][PASSED] - verifyTextPresent("iahmed", true): Text 'iahmed' is present on page  using regular expression

2024-07-13 00:02:00 - [MESSAGE][PASSED] - Text 'iahmed' is present on page  using regular expression

2024-07-13 00:02:00 - [TEST_STEP][PASSED] - verifyTextPresent("Debit", true): Text 'Debit' is present on page  using regular expression

2024-07-13 00:02:00 - [MESSAGE][PASSED] - Text 'Debit' is present on page  using regular expression

2024-07-13 00:02:00 - [TEST_STEP][PASSED] - click(findTestObject(path_TranxDetails + "a_Credit this transaction")): Object: 'Object Repository/AdminSuiteBootstrap_Pages/VT_Bootstrap/TransactionDetails/a_Credit this transaction' is clicked on

2024-07-13 00:02:01 - [MESSAGE][PASSED] - Object: 'Object Repository/AdminSuiteBootstrap_Pages/VT_Bootstrap/TransactionDetails/a_Credit this transaction' is clicked on

2024-07-13 00:02:01 - [TEST_STEP][PASSED] - click(findTestObject(path_TranxDetails + "button_Submit")): Object: 'Object Repository/AdminSuiteBootstrap_Pages/VT_Bootstrap/TransactionDetails/button_Submit' is clicked on

2024-07-13 00:02:02 - [MESSAGE][PASSED] - Object: 'Object Repository/AdminSuiteBootstrap_Pages/VT_Bootstrap/TransactionDetails/button_Submit' is clicked on

2024-07-13 00:02:02 - [TEST_STEP][PASSED] - verifyTextPresent("Transaction Successful", true): Text 'Transaction Successful' is present on page  using regular expression

2024-07-13 00:02:03 - [MESSAGE][PASSED] - Text 'Transaction Successful' is present on page  using regular expression

2024-07-13 00:02:03 - [TEST_STEP][PASSED] - verifyTextPresent("Transaction Type", true): Text 'Transaction Type' is present on page  using regular expression

2024-07-13 00:02:03 - [MESSAGE][PASSED] - Text 'Transaction Type' is present on page  using regular expression

2024-07-13 00:02:03 - [TEST_STEP][PASSED] - verifyTextPresent("Credit", true): Text 'Credit' is present on page  using regular expression

2024-07-13 00:02:03 - [MESSAGE][PASSED] - Text 'Credit' is present on page  using regular expression

2024-07-13 00:02:03 - [TEST_STEP][PASSED] - closeBrowser(): Browser is closed

2024-07-13 00:02:04 - [MESSAGE][PASSED] - Browser is closed]]></system-out>
         <system-err><![CDATA[]]></system-err>
      </testcase>
      <testcase name="Test Cases/Admin Suite Bootstrap/VT_ACH_TestCases/DebitPersonalCredit_TP_NoCF_Generic_Payment_TC" time="193.694" classname="Test Cases/Admin Suite Bootstrap/VT_ACH_TestCases/DebitPersonalCredit_TP_NoCF_Generic_Payment_TC" status="PASSED">
         <system-out><![CDATA[2024-07-13 00:02:04 - [TEST_CASE][PASSED] - Test Cases/Admin Suite Bootstrap/VT_ACH_TestCases/DebitPersonalCredit_TP_NoCF_Generic_Payment_TC: Test Cases/Admin Suite Bootstrap/VT_ACH_TestCases/DebitPersonalCredit_TP_NoCF_Generic_Payment_TC

2024-07-13 00:02:05 - [TEST_STEP][PASSED] - path_Dashboard = "Object Repository/AdminSuiteBootstrap_Pages/Dashboard_Bootstrap/": null

2024-07-13 00:02:05 - [TEST_STEP][PASSED] - path_VT = "Object Repository/AdminSuiteBootstrap_Pages/VT_Bootstrap/IssueTransactions/": null

2024-07-13 00:02:05 - [TEST_STEP][PASSED] - path_Receipt = "Object Repository/AdminSuiteBootstrap_Pages/VT_Bootstrap/Receipt/": null

2024-07-13 00:02:05 - [TEST_STEP][PASSED] - path_CCSearch = "Object Repository/AdminSuiteBootstrap_Pages/VT_Bootstrap/CCCreditOrVoidSearch/": null

2024-07-13 00:02:05 - [TEST_STEP][PASSED] - path_SearchResults = "Object Repository/AdminSuiteBootstrap_Pages/VT_Bootstrap/SearchResults/": null

2024-07-13 00:02:05 - [TEST_STEP][PASSED] - path_TranxDetails = "Object Repository/AdminSuiteBootstrap_Pages/VT_Bootstrap/TransactionDetails/": null

2024-07-13 00:02:05 - [TEST_STEP][PASSED] - li_1 = vpos_Prefix: null

2024-07-13 00:02:05 - [TEST_STEP][PASSED] - li_2 = "/transactions/AuthCapForm/": null

2024-07-13 00:02:05 - [TEST_STEP][PASSED] - executionProfile = getExecutionProfile(): null

2024-07-13 00:02:05 - [TEST_STEP][PASSED] - out.println("executionProfile : " + executionProfile): null

2024-07-13 00:02:05 - [TEST_STEP][PASSED] - appName = <not implemented yet for class: org.codehaus.groovy.ast.expr.EmptyExpression>: null

2024-07-13 00:02:05 - [TEST_STEP][PASSED] - appID = <not implemented yet for class: org.codehaus.groovy.ast.expr.EmptyExpression>: null

2024-07-13 00:02:05 - [TEST_STEP][PASSED] - cardNameV = <not implemented yet for class: org.codehaus.groovy.ast.expr.EmptyExpression>: null

2024-07-13 00:02:05 - [TEST_STEP][PASSED] - al1V = <not implemented yet for class: org.codehaus.groovy.ast.expr.EmptyExpression>: null

2024-07-13 00:02:05 - [TEST_STEP][PASSED] - al2V = <not implemented yet for class: org.codehaus.groovy.ast.expr.EmptyExpression>: null

2024-07-13 00:02:05 - [TEST_STEP][PASSED] - zipV = <not implemented yet for class: org.codehaus.groovy.ast.expr.EmptyExpression>: null

2024-07-13 00:02:05 - [TEST_STEP][PASSED] - accType = <not implemented yet for class: org.codehaus.groovy.ast.expr.EmptyExpression>: null

2024-07-13 00:02:05 - [TEST_STEP][PASSED] - last4V = <not implemented yet for class: org.codehaus.groovy.ast.expr.EmptyExpression>: null

2024-07-13 00:02:05 - [TEST_STEP][PASSED] - resText = "Fail": null

2024-07-13 00:02:05 - [TEST_STEP][PASSED] - resColumn = "Result": null

2024-07-13 00:02:05 - [TEST_STEP][PASSED] - datCloumn = "Date": null

2024-07-13 00:02:05 - [TEST_STEP][PASSED] - fileLoc = "C:\KatalonData\Bootstrap\VT-ACH-Data.xlsx": null

2024-07-13 00:02:05 - [TEST_STEP][PASSED] - numOfRows = <not implemented yet for class: org.codehaus.groovy.ast.expr.EmptyExpression>: null

2024-07-13 00:02:05 - [TEST_STEP][PASSED] - dataFile = <not implemented yet for class: org.codehaus.groovy.ast.expr.EmptyExpression>: null

2024-07-13 00:02:05 - [TEST_STEP][PASSED] - nameSheet = <not implemented yet for class: org.codehaus.groovy.ast.expr.EmptyExpression>: null

2024-07-13 00:02:05 - [TEST_STEP][PASSED] - nameSheet = "VT-P-DebitCredit-NoCF-Generic": null

2024-07-13 00:02:05 - [TEST_STEP][PASSED] - numOfRows = findTestData("QA/Bootstrap/VT-ACH-TestData/VT-DebitCreditData-NoCF-Generic").getRowNumbers(): null

2024-07-13 00:02:05 - [TEST_STEP][PASSED] - println("Number of Records: " + numOfRows): null

2024-07-13 00:02:05 - [TEST_STEP][PASSED] - dataFile = "QA/Bootstrap/VT-ACH-TestData/VT-DebitCreditData-NoCF-Generic": null

2024-07-13 00:02:05 - [TEST_STEP][PASSED] - for ([row = 1, row <= numOfRows, (row++)]): Browser is closed

2024-07-13 00:02:05 - [TEST_STEP][PASSED] - ExecuteTC = findTestData(dataFile).getValue("Execute", row): null

2024-07-13 00:02:05 - [TEST_STEP][PASSED] - out.println("Value of Execute is : " + ExecuteTC): null

2024-07-13 00:02:05 - [TEST_STEP][PASSED] - switch (executionProfile): null

2024-07-13 00:02:05 - [TEST_STEP][PASSED] - case "QA2Profile":: null

2024-07-13 00:02:05 - [TEST_STEP][PASSED] - appName = findTestData(dataFile).getValue("AppNameQA", row): null

2024-07-13 00:02:05 - [TEST_STEP][PASSED] - appID = findTestData(dataFile).getValue("AppIDQA", row): null

2024-07-13 00:02:05 - [TEST_STEP][PASSED] - break: null

2024-07-13 00:02:05 - [TEST_STEP][PASSED] - hrefAppID = li_1 + appID + li_2: null

2024-07-13 00:02:05 - [TEST_STEP][PASSED] - hrefApp = li_1 + appID + "/": null

2024-07-13 00:02:05 - [TEST_STEP][PASSED] - println("hrefApp : " + hrefApp): null

2024-07-13 00:02:05 - [TEST_STEP][PASSED] - if (ExecuteTC.equalsIgnoreCase("Y")): Browser is closed

2024-07-13 00:02:05 - [TEST_STEP][PASSED] - out.println("Begin Record Number: " + row): null

2024-07-13 00:02:05 - [TEST_STEP][PASSED] - today = new java.util.Date(): null

2024-07-13 00:02:05 - [TEST_STEP][PASSED] - println(today): null

2024-07-13 00:02:05 - [TEST_STEP][PASSED] - datText = today: null

2024-07-13 00:02:05 - [TEST_STEP][PASSED] - adminSuiteBootstrap.loginFunctionality.login_AdminSuite(): adminSuiteBootstrap.loginFunctionality.login_AdminSuite is PASSED

2024-07-13 00:02:05 - [MESSAGE][INFO] - Starting 'Chrome' driver

2024-07-13 00:02:05 - [MESSAGE][INFO] - User set preference: ['acceptInsecureCerts', 'true']

2024-07-13 00:02:05 - [MESSAGE][INFO] - Action delay is set to 0 milliseconds

2024-07-13 00:02:08 - [MESSAGE][PASSED] - Browser is opened with url: 'https://qa2.velocitypayment.com/admin/imtiaz'

2024-07-13 00:02:08 - [MESSAGE][PASSED] - Current window maximized

2024-07-13 00:02:09 - [MESSAGE][PASSED] - Object 'Object Repository/Login_Page/Login_Username_Okta' is present

2024-07-13 00:02:09 - [MESSAGE][PASSED] - Text 'iahmed' is set on object 'Object Repository/Login_Page/Login_Username_Okta'

2024-07-13 00:02:10 - [MESSAGE][PASSED] - Text 'Hello!6666666' is set on object 'Object Repository/Login_Page/Login_Password_Okta'

2024-07-13 00:02:11 - [MESSAGE][PASSED] - Object: 'Object Repository/Login_Page/Login_Submit_Okta' is clicked on

2024-07-13 00:02:11 - [MESSAGE][PASSED] - adminSuiteBootstrap.loginFunctionality.login_AdminSuite is PASSED

2024-07-13 00:02:11 - [TEST_STEP][PASSED] - click(findTestObject(path_Dashboard + appName)): Object: 'Object Repository/AdminSuiteBootstrap_Pages/Dashboard_Bootstrap/a_Access AutoNoCFtp' is clicked on

2024-07-13 00:02:18 - [MESSAGE][PASSED] - Object: 'Object Repository/AdminSuiteBootstrap_Pages/Dashboard_Bootstrap/a_Access AutoNoCFtp' is clicked on

2024-07-13 00:02:18 - [TEST_STEP][PASSED] - click(findTestObject(path_VT + "button_Debit")): Object: 'Object Repository/AdminSuiteBootstrap_Pages/VT_Bootstrap/IssueTransactions/button_Debit' is clicked on

2024-07-13 00:02:19 - [MESSAGE][PASSED] - Object: 'Object Repository/AdminSuiteBootstrap_Pages/VT_Bootstrap/IssueTransactions/button_Debit' is clicked on

2024-07-13 00:02:19 - [TEST_STEP][PASSED] - click(findTestObject(path_VT + "a_Personal")): Object: 'Object Repository/AdminSuiteBootstrap_Pages/VT_Bootstrap/IssueTransactions/a_Personal' is clicked on

2024-07-13 00:02:20 - [MESSAGE][PASSED] - Object: 'Object Repository/AdminSuiteBootstrap_Pages/VT_Bootstrap/IssueTransactions/a_Personal' is clicked on

2024-07-13 00:02:20 - [TEST_STEP][PASSED] - adminSuiteBootstrap.debitPersonalsetData.debitPersonal_DataDriven(row, dataFile): adminSuiteBootstrap.debitPersonalsetData.debitPersonal_DataDriven is PASSED

2024-07-13 00:02:23 - [MESSAGE][PASSED] - Text 'John' is set on object 'Object Repository/AdminSuiteBootstrap_Pages/VT_Bootstrap/ACHPersonal/input_firstName'

2024-07-13 00:02:24 - [MESSAGE][PASSED] - Text 'Gordonas' is set on object 'Object Repository/AdminSuiteBootstrap_Pages/VT_Bootstrap/ACHPersonal/input_lastName'

2024-07-13 00:02:25 - [MESSAGE][PASSED] - Text '133 Meadow Ln' is set on object 'Object Repository/AdminSuiteBootstrap_Pages/VT_Bootstrap/ACHPersonal/input_address'

2024-07-13 00:02:25 - [MESSAGE][PASSED] - Text 'apt #123' is set on object 'Object Repository/AdminSuiteBootstrap_Pages/VT_Bootstrap/ACHPersonal/input_address2'

2024-07-13 00:02:26 - [MESSAGE][PASSED] - Text '22201' is set on object 'Object Repository/AdminSuiteBootstrap_Pages/VT_Bootstrap/ACHPersonal/input_zip'

2024-07-13 00:02:27 - [MESSAGE][PASSED] - Text '' is set on object 'Object Repository/AdminSuiteBootstrap_Pages/VT_Bootstrap/ACHPersonal/input_emailAddress'

2024-07-13 00:02:28 - [MESSAGE][PASSED] - Text '' is set on object 'Object Repository/AdminSuiteBootstrap_Pages/VT_Bootstrap/ACHPersonal/input_smsNumber'

2024-07-13 00:02:29 - [MESSAGE][PASSED] - Text '45681001' is set on object 'Object Repository/AdminSuiteBootstrap_Pages/VT_Bootstrap/ACHPersonal/input_accountNumber'

2024-07-13 00:02:29 - [MESSAGE][PASSED] - Text '256072691' is set on object 'Object Repository/AdminSuiteBootstrap_Pages/VT_Bootstrap/ACHPersonal/input_routingNumber'

2024-07-13 00:02:30 - [MESSAGE][PASSED] - All options with label 'Checking' are selected in object 'Object Repository/AdminSuiteBootstrap_Pages/VT_Bootstrap/ACHPersonal/select_AccountType'  using regular expression

2024-07-13 00:02:31 - [MESSAGE][PASSED] - All options with label 'PPD - Prearranged Payment and Deposit Entry' are selected in object 'Object Repository/AdminSuiteBootstrap_Pages/VT_Bootstrap/ACHPersonal/select_STD'  using regular expression

2024-07-13 00:02:32 - [MESSAGE][PASSED] - Text '11.5' is set on object 'Object Repository/AdminSuiteBootstrap_Pages/VT_Bootstrap/ACHPersonal/input_amount'

2024-07-13 00:02:33 - [MESSAGE][PASSED] - Text 'Denmark' is set on object 'Object Repository/AdminSuiteBootstrap_Pages/VT_Bootstrap/ACHPersonal/input_userDefined1'

2024-07-13 00:02:34 - [MESSAGE][PASSED] - Text 'Australia' is set on object 'Object Repository/AdminSuiteBootstrap_Pages/VT_Bootstrap/ACHPersonal/input_userDefined2'

2024-07-13 00:02:35 - [MESSAGE][PASSED] - Text 'Austria' is set on object 'Object Repository/AdminSuiteBootstrap_Pages/VT_Bootstrap/ACHPersonal/input_userDefined3'

2024-07-13 00:02:36 - [MESSAGE][PASSED] - Text 'Sweden' is set on object 'Object Repository/AdminSuiteBootstrap_Pages/VT_Bootstrap/ACHPersonal/input_userDefined4'

2024-07-13 00:02:37 - [MESSAGE][PASSED] - All options with label 'Yellow' are selected in object 'Object Repository/AdminSuiteBootstrap_Pages/VT_Bootstrap/ACHPersonal/select_UDF5'  using regular expression

2024-07-13 00:02:37 - [MESSAGE][PASSED] - All options with label 'Orange' are selected in object 'Object Repository/AdminSuiteBootstrap_Pages/VT_Bootstrap/ACHPersonal/select_UDF6'  using regular expression

2024-07-13 00:02:38 - [MESSAGE][PASSED] - Text 'Netherlands' is set on object 'Object Repository/AdminSuiteBootstrap_Pages/VT_Bootstrap/ACHPersonal/input_userDefined7'

2024-07-13 00:02:39 - [MESSAGE][PASSED] - Text 'Norway' is set on object 'Object Repository/AdminSuiteBootstrap_Pages/VT_Bootstrap/ACHPersonal/input_userDefined8'

2024-07-13 00:02:40 - [MESSAGE][PASSED] - Text 'France' is set on object 'Object Repository/AdminSuiteBootstrap_Pages/VT_Bootstrap/ACHPersonal/input_userDefined9'

2024-07-13 00:02:40 - [MESSAGE][PASSED] - Text 'Switzerland' is set on object 'Object Repository/AdminSuiteBootstrap_Pages/VT_Bootstrap/ACHPersonal/input_userDefined10'

2024-07-13 00:02:41 - [MESSAGE][PASSED] - Object: 'Object Repository/AdminSuiteBootstrap_Pages/VT_Bootstrap/ACHPersonal/button_Submit' is clicked on

2024-07-13 00:02:41 - [MESSAGE][PASSED] - adminSuiteBootstrap.debitPersonalsetData.debitPersonal_DataDriven is PASSED

2024-07-13 00:02:41 - [TEST_STEP][PASSED] - if (verifyTextPresent("Transaction Successful", true)): null

2024-07-13 00:02:42 - [MESSAGE][PASSED] - Text 'Transaction Successful' is present on page  using regular expression

2024-07-13 00:02:42 - [TEST_STEP][PASSED] - sdf = getText(findTestObject(path_Receipt + "td_AutoNoC031622113752957Ahm")): Text of object 'Object Repository/AdminSuiteBootstrap_Pages/VT_Bootstrap/Receipt/td_AutoNoC031622113752957Ahm' is: 'AutoNoCFtp071224235511Ahm'

2024-07-13 00:02:42 - [MESSAGE][PASSED] - Text of object 'Object Repository/AdminSuiteBootstrap_Pages/VT_Bootstrap/Receipt/td_AutoNoC031622113752957Ahm' is: 'AutoNoCFtp071224235511Ahm'

2024-07-13 00:02:42 - [TEST_STEP][PASSED] - out.println("sdf: " + sdf): null

2024-07-13 00:02:42 - [TEST_STEP][PASSED] - remID = sdf: null

2024-07-13 00:02:42 - [TEST_STEP][PASSED] - out.println("remID: " + remID): null

2024-07-13 00:02:42 - [TEST_STEP][PASSED] - click(findTestObject(path_Receipt + "button_Continue")): Object: 'Object Repository/AdminSuiteBootstrap_Pages/VT_Bootstrap/Receipt/button_Continue' is clicked on

2024-07-13 00:02:43 - [MESSAGE][PASSED] - Object: 'Object Repository/AdminSuiteBootstrap_Pages/VT_Bootstrap/Receipt/button_Continue' is clicked on

2024-07-13 00:02:43 - [TEST_STEP][PASSED] - click(findTestObject(path_VT + "a_Search Transactions")): Object: 'Object Repository/AdminSuiteBootstrap_Pages/VT_Bootstrap/IssueTransactions/a_Search Transactions' is clicked on

2024-07-13 00:02:44 - [MESSAGE][PASSED] - Object: 'Object Repository/AdminSuiteBootstrap_Pages/VT_Bootstrap/IssueTransactions/a_Search Transactions' is clicked on

2024-07-13 00:02:44 - [TEST_STEP][PASSED] - setText(findTestObject(path_CCSearch + "input_Search By_searchValue"), remID): Text 'AutoNoCFtp071224235511Ahm' is set on object 'Object Repository/AdminSuiteBootstrap_Pages/VT_Bootstrap/CCCreditOrVoidSearch/input_Search By_searchValue'

2024-07-13 00:02:45 - [MESSAGE][PASSED] - Text 'AutoNoCFtp071224235511Ahm' is set on object 'Object Repository/AdminSuiteBootstrap_Pages/VT_Bootstrap/CCCreditOrVoidSearch/input_Search By_searchValue'

2024-07-13 00:02:45 - [TEST_STEP][PASSED] - click(findTestObject(path_CCSearch + "button_Submit")): Object: 'Object Repository/AdminSuiteBootstrap_Pages/VT_Bootstrap/CCCreditOrVoidSearch/button_Submit' is clicked on

2024-07-13 00:02:46 - [MESSAGE][PASSED] - Object: 'Object Repository/AdminSuiteBootstrap_Pages/VT_Bootstrap/CCCreditOrVoidSearch/button_Submit' is clicked on

2024-07-13 00:02:46 - [TEST_STEP][PASSED] - click(findTestObject(path_SearchResults + "button_PaymentID")): Object: 'Object Repository/AdminSuiteBootstrap_Pages/VT_Bootstrap/SearchResults/button_PaymentID' is clicked on

2024-07-13 00:02:47 - [MESSAGE][PASSED] - Object: 'Object Repository/AdminSuiteBootstrap_Pages/VT_Bootstrap/SearchResults/button_PaymentID' is clicked on

2024-07-13 00:02:47 - [TEST_STEP][PASSED] - verifyTextPresent("Tender Type", true): Text 'Tender Type' is present on page  using regular expression

2024-07-13 00:02:47 - [MESSAGE][PASSED] - Text 'Tender Type' is present on page  using regular expression

2024-07-13 00:02:47 - [TEST_STEP][PASSED] - verifyTextPresent("Transaction Type", true): Text 'Transaction Type' is present on page  using regular expression

2024-07-13 00:02:48 - [MESSAGE][PASSED] - Text 'Transaction Type' is present on page  using regular expression

2024-07-13 00:02:48 - [TEST_STEP][PASSED] - verifyTextPresent("Transaction Posted by", true): Text 'Transaction Posted by' is present on page  using regular expression

2024-07-13 00:02:48 - [MESSAGE][PASSED] - Text 'Transaction Posted by' is present on page  using regular expression

2024-07-13 00:02:48 - [TEST_STEP][PASSED] - verifyTextPresent("iahmed", true): Text 'iahmed' is present on page  using regular expression

2024-07-13 00:02:48 - [MESSAGE][PASSED] - Text 'iahmed' is present on page  using regular expression

2024-07-13 00:02:48 - [TEST_STEP][PASSED] - verifyTextPresent("Debit", true): Text 'Debit' is present on page  using regular expression

2024-07-13 00:02:48 - [MESSAGE][PASSED] - Text 'Debit' is present on page  using regular expression

2024-07-13 00:02:48 - [TEST_STEP][PASSED] - click(findTestObject(path_TranxDetails + "a_Credit this transaction")): Object: 'Object Repository/AdminSuiteBootstrap_Pages/VT_Bootstrap/TransactionDetails/a_Credit this transaction' is clicked on

2024-07-13 00:02:49 - [MESSAGE][PASSED] - Object: 'Object Repository/AdminSuiteBootstrap_Pages/VT_Bootstrap/TransactionDetails/a_Credit this transaction' is clicked on

2024-07-13 00:02:49 - [TEST_STEP][PASSED] - click(findTestObject(path_TranxDetails + "button_Submit")): Object: 'Object Repository/AdminSuiteBootstrap_Pages/VT_Bootstrap/TransactionDetails/button_Submit' is clicked on

2024-07-13 00:02:50 - [MESSAGE][PASSED] - Object: 'Object Repository/AdminSuiteBootstrap_Pages/VT_Bootstrap/TransactionDetails/button_Submit' is clicked on

2024-07-13 00:02:50 - [TEST_STEP][PASSED] - verifyTextPresent("Transaction Successful", true): Text 'Transaction Successful' is present on page  using regular expression

2024-07-13 00:02:51 - [MESSAGE][PASSED] - Text 'Transaction Successful' is present on page  using regular expression

2024-07-13 00:02:51 - [TEST_STEP][PASSED] - verifyTextPresent("Transaction Type", true): Text 'Transaction Type' is present on page  using regular expression

2024-07-13 00:02:51 - [MESSAGE][PASSED] - Text 'Transaction Type' is present on page  using regular expression

2024-07-13 00:02:51 - [TEST_STEP][PASSED] - verifyTextPresent("Credit", true): Text 'Credit' is present on page  using regular expression

2024-07-13 00:02:52 - [MESSAGE][PASSED] - Text 'Credit' is present on page  using regular expression

2024-07-13 00:02:52 - [TEST_STEP][PASSED] - closeBrowser(): Browser is closed

2024-07-13 00:02:53 - [MESSAGE][PASSED] - Browser is closed

2024-07-13 00:02:53 - [TEST_STEP][PASSED] - ExecuteTC = findTestData(dataFile).getValue("Execute", row): null

2024-07-13 00:02:53 - [TEST_STEP][PASSED] - out.println("Value of Execute is : " + ExecuteTC): null

2024-07-13 00:02:53 - [TEST_STEP][PASSED] - switch (executionProfile): null

2024-07-13 00:02:53 - [TEST_STEP][PASSED] - case "QA2Profile":: null

2024-07-13 00:02:53 - [TEST_STEP][PASSED] - appName = findTestData(dataFile).getValue("AppNameQA", row): null

2024-07-13 00:02:53 - [TEST_STEP][PASSED] - appID = findTestData(dataFile).getValue("AppIDQA", row): null

2024-07-13 00:02:53 - [TEST_STEP][PASSED] - break: null

2024-07-13 00:02:53 - [TEST_STEP][PASSED] - hrefAppID = li_1 + appID + li_2: null

2024-07-13 00:02:53 - [TEST_STEP][PASSED] - hrefApp = li_1 + appID + "/": null

2024-07-13 00:02:53 - [TEST_STEP][PASSED] - println("hrefApp : " + hrefApp): null

2024-07-13 00:02:53 - [TEST_STEP][PASSED] - if (ExecuteTC.equalsIgnoreCase("Y")): Browser is closed

2024-07-13 00:02:53 - [TEST_STEP][PASSED] - out.println("Begin Record Number: " + row): null

2024-07-13 00:02:53 - [TEST_STEP][PASSED] - today = new java.util.Date(): null

2024-07-13 00:02:53 - [TEST_STEP][PASSED] - println(today): null

2024-07-13 00:02:53 - [TEST_STEP][PASSED] - datText = today: null

2024-07-13 00:02:53 - [TEST_STEP][PASSED] - adminSuiteBootstrap.loginFunctionality.login_AdminSuite(): adminSuiteBootstrap.loginFunctionality.login_AdminSuite is PASSED

2024-07-13 00:02:53 - [MESSAGE][INFO] - Starting 'Chrome' driver

2024-07-13 00:02:53 - [MESSAGE][INFO] - User set preference: ['acceptInsecureCerts', 'true']

2024-07-13 00:02:53 - [MESSAGE][INFO] - Action delay is set to 0 milliseconds

2024-07-13 00:02:56 - [MESSAGE][PASSED] - Browser is opened with url: 'https://qa2.velocitypayment.com/admin/imtiaz'

2024-07-13 00:02:56 - [MESSAGE][PASSED] - Current window maximized

2024-07-13 00:02:57 - [MESSAGE][PASSED] - Object 'Object Repository/Login_Page/Login_Username_Okta' is present

2024-07-13 00:02:57 - [MESSAGE][PASSED] - Text 'iahmed' is set on object 'Object Repository/Login_Page/Login_Username_Okta'

2024-07-13 00:02:58 - [MESSAGE][PASSED] - Text 'Hello!6666666' is set on object 'Object Repository/Login_Page/Login_Password_Okta'

2024-07-13 00:02:59 - [MESSAGE][PASSED] - Object: 'Object Repository/Login_Page/Login_Submit_Okta' is clicked on

2024-07-13 00:02:59 - [MESSAGE][PASSED] - adminSuiteBootstrap.loginFunctionality.login_AdminSuite is PASSED

2024-07-13 00:02:59 - [TEST_STEP][PASSED] - click(findTestObject(path_Dashboard + appName)): Object: 'Object Repository/AdminSuiteBootstrap_Pages/Dashboard_Bootstrap/a_Access AutoNoCFtp' is clicked on

2024-07-13 00:03:08 - [MESSAGE][PASSED] - Object: 'Object Repository/AdminSuiteBootstrap_Pages/Dashboard_Bootstrap/a_Access AutoNoCFtp' is clicked on

2024-07-13 00:03:08 - [TEST_STEP][PASSED] - click(findTestObject(path_VT + "button_Debit")): Object: 'Object Repository/AdminSuiteBootstrap_Pages/VT_Bootstrap/IssueTransactions/button_Debit' is clicked on

2024-07-13 00:03:08 - [MESSAGE][PASSED] - Object: 'Object Repository/AdminSuiteBootstrap_Pages/VT_Bootstrap/IssueTransactions/button_Debit' is clicked on

2024-07-13 00:03:08 - [TEST_STEP][PASSED] - click(findTestObject(path_VT + "a_Personal")): Object: 'Object Repository/AdminSuiteBootstrap_Pages/VT_Bootstrap/IssueTransactions/a_Personal' is clicked on

2024-07-13 00:03:09 - [MESSAGE][PASSED] - Object: 'Object Repository/AdminSuiteBootstrap_Pages/VT_Bootstrap/IssueTransactions/a_Personal' is clicked on

2024-07-13 00:03:09 - [TEST_STEP][PASSED] - adminSuiteBootstrap.debitPersonalsetData.debitPersonal_DataDriven(row, dataFile): adminSuiteBootstrap.debitPersonalsetData.debitPersonal_DataDriven is PASSED

2024-07-13 00:03:12 - [MESSAGE][PASSED] - Text 'Veronika' is set on object 'Object Repository/AdminSuiteBootstrap_Pages/VT_Bootstrap/ACHPersonal/input_firstName'

2024-07-13 00:03:13 - [MESSAGE][PASSED] - Text 'Inouye' is set on object 'Object Repository/AdminSuiteBootstrap_Pages/VT_Bootstrap/ACHPersonal/input_lastName'

2024-07-13 00:03:14 - [MESSAGE][PASSED] - Text '6 Greenleaf Ave' is set on object 'Object Repository/AdminSuiteBootstrap_Pages/VT_Bootstrap/ACHPersonal/input_address'

2024-07-13 00:03:14 - [MESSAGE][PASSED] - Text 'apt #3' is set on object 'Object Repository/AdminSuiteBootstrap_Pages/VT_Bootstrap/ACHPersonal/input_address2'

2024-07-13 00:03:15 - [MESSAGE][PASSED] - Text '22201' is set on object 'Object Repository/AdminSuiteBootstrap_Pages/VT_Bootstrap/ACHPersonal/input_zip'

2024-07-13 00:03:16 - [MESSAGE][PASSED] - Text '' is set on object 'Object Repository/AdminSuiteBootstrap_Pages/VT_Bootstrap/ACHPersonal/input_emailAddress'

2024-07-13 00:03:18 - [MESSAGE][PASSED] - Text '' is set on object 'Object Repository/AdminSuiteBootstrap_Pages/VT_Bootstrap/ACHPersonal/input_smsNumber'

2024-07-13 00:03:18 - [MESSAGE][PASSED] - Text '45681002' is set on object 'Object Repository/AdminSuiteBootstrap_Pages/VT_Bootstrap/ACHPersonal/input_accountNumber'

2024-07-13 00:03:19 - [MESSAGE][PASSED] - Text '256072691' is set on object 'Object Repository/AdminSuiteBootstrap_Pages/VT_Bootstrap/ACHPersonal/input_routingNumber'

2024-07-13 00:03:20 - [MESSAGE][PASSED] - All options with label 'Checking' are selected in object 'Object Repository/AdminSuiteBootstrap_Pages/VT_Bootstrap/ACHPersonal/select_AccountType'  using regular expression

2024-07-13 00:03:21 - [MESSAGE][PASSED] - All options with label 'TEL - Telephone-Initiated Entry' are selected in object 'Object Repository/AdminSuiteBootstrap_Pages/VT_Bootstrap/ACHPersonal/select_STD'  using regular expression

2024-07-13 00:03:22 - [MESSAGE][PASSED] - Text '11.5' is set on object 'Object Repository/AdminSuiteBootstrap_Pages/VT_Bootstrap/ACHPersonal/input_amount'

2024-07-13 00:03:23 - [MESSAGE][PASSED] - Text 'Denmark' is set on object 'Object Repository/AdminSuiteBootstrap_Pages/VT_Bootstrap/ACHPersonal/input_userDefined1'

2024-07-13 00:03:23 - [MESSAGE][PASSED] - Text 'Australia' is set on object 'Object Repository/AdminSuiteBootstrap_Pages/VT_Bootstrap/ACHPersonal/input_userDefined2'

2024-07-13 00:03:24 - [MESSAGE][PASSED] - Text 'Austria' is set on object 'Object Repository/AdminSuiteBootstrap_Pages/VT_Bootstrap/ACHPersonal/input_userDefined3'

2024-07-13 00:03:25 - [MESSAGE][PASSED] - Text 'Sweden' is set on object 'Object Repository/AdminSuiteBootstrap_Pages/VT_Bootstrap/ACHPersonal/input_userDefined4'

2024-07-13 00:03:26 - [MESSAGE][PASSED] - All options with label 'Yellow' are selected in object 'Object Repository/AdminSuiteBootstrap_Pages/VT_Bootstrap/ACHPersonal/select_UDF5'  using regular expression

2024-07-13 00:03:27 - [MESSAGE][PASSED] - All options with label 'Orange' are selected in object 'Object Repository/AdminSuiteBootstrap_Pages/VT_Bootstrap/ACHPersonal/select_UDF6'  using regular expression

2024-07-13 00:03:27 - [MESSAGE][PASSED] - Text 'Netherlands' is set on object 'Object Repository/AdminSuiteBootstrap_Pages/VT_Bootstrap/ACHPersonal/input_userDefined7'

2024-07-13 00:03:28 - [MESSAGE][PASSED] - Text 'Norway' is set on object 'Object Repository/AdminSuiteBootstrap_Pages/VT_Bootstrap/ACHPersonal/input_userDefined8'

2024-07-13 00:03:29 - [MESSAGE][PASSED] - Text 'France' is set on object 'Object Repository/AdminSuiteBootstrap_Pages/VT_Bootstrap/ACHPersonal/input_userDefined9'

2024-07-13 00:03:30 - [MESSAGE][PASSED] - Text 'Switzerland' is set on object 'Object Repository/AdminSuiteBootstrap_Pages/VT_Bootstrap/ACHPersonal/input_userDefined10'

2024-07-13 00:03:31 - [MESSAGE][PASSED] - Object: 'Object Repository/AdminSuiteBootstrap_Pages/VT_Bootstrap/ACHPersonal/button_Submit' is clicked on

2024-07-13 00:03:31 - [MESSAGE][PASSED] - adminSuiteBootstrap.debitPersonalsetData.debitPersonal_DataDriven is PASSED

2024-07-13 00:03:31 - [TEST_STEP][PASSED] - if (verifyTextPresent("Transaction Successful", true)): null

2024-07-13 00:03:31 - [MESSAGE][PASSED] - Text 'Transaction Successful' is present on page  using regular expression

2024-07-13 00:03:31 - [TEST_STEP][PASSED] - sdf = getText(findTestObject(path_Receipt + "td_AutoNoC031622113752957Ahm")): Text of object 'Object Repository/AdminSuiteBootstrap_Pages/VT_Bootstrap/Receipt/td_AutoNoC031622113752957Ahm' is: 'AutoNoCFtp071224235600Ahm'

2024-07-13 00:03:32 - [MESSAGE][PASSED] - Text of object 'Object Repository/AdminSuiteBootstrap_Pages/VT_Bootstrap/Receipt/td_AutoNoC031622113752957Ahm' is: 'AutoNoCFtp071224235600Ahm'

2024-07-13 00:03:32 - [TEST_STEP][PASSED] - out.println("sdf: " + sdf): null

2024-07-13 00:03:32 - [TEST_STEP][PASSED] - remID = sdf: null

2024-07-13 00:03:32 - [TEST_STEP][PASSED] - out.println("remID: " + remID): null

2024-07-13 00:03:32 - [TEST_STEP][PASSED] - click(findTestObject(path_Receipt + "button_Continue")): Object: 'Object Repository/AdminSuiteBootstrap_Pages/VT_Bootstrap/Receipt/button_Continue' is clicked on

2024-07-13 00:03:33 - [MESSAGE][PASSED] - Object: 'Object Repository/AdminSuiteBootstrap_Pages/VT_Bootstrap/Receipt/button_Continue' is clicked on

2024-07-13 00:03:33 - [TEST_STEP][PASSED] - click(findTestObject(path_VT + "a_Search Transactions")): Object: 'Object Repository/AdminSuiteBootstrap_Pages/VT_Bootstrap/IssueTransactions/a_Search Transactions' is clicked on

2024-07-13 00:03:34 - [MESSAGE][PASSED] - Object: 'Object Repository/AdminSuiteBootstrap_Pages/VT_Bootstrap/IssueTransactions/a_Search Transactions' is clicked on

2024-07-13 00:03:34 - [TEST_STEP][PASSED] - setText(findTestObject(path_CCSearch + "input_Search By_searchValue"), remID): Text 'AutoNoCFtp071224235600Ahm' is set on object 'Object Repository/AdminSuiteBootstrap_Pages/VT_Bootstrap/CCCreditOrVoidSearch/input_Search By_searchValue'

2024-07-13 00:03:34 - [MESSAGE][PASSED] - Text 'AutoNoCFtp071224235600Ahm' is set on object 'Object Repository/AdminSuiteBootstrap_Pages/VT_Bootstrap/CCCreditOrVoidSearch/input_Search By_searchValue'

2024-07-13 00:03:34 - [TEST_STEP][PASSED] - click(findTestObject(path_CCSearch + "button_Submit")): Object: 'Object Repository/AdminSuiteBootstrap_Pages/VT_Bootstrap/CCCreditOrVoidSearch/button_Submit' is clicked on

2024-07-13 00:03:35 - [MESSAGE][PASSED] - Object: 'Object Repository/AdminSuiteBootstrap_Pages/VT_Bootstrap/CCCreditOrVoidSearch/button_Submit' is clicked on

2024-07-13 00:03:35 - [TEST_STEP][PASSED] - click(findTestObject(path_SearchResults + "button_PaymentID")): Object: 'Object Repository/AdminSuiteBootstrap_Pages/VT_Bootstrap/SearchResults/button_PaymentID' is clicked on

2024-07-13 00:03:36 - [MESSAGE][PASSED] - Object: 'Object Repository/AdminSuiteBootstrap_Pages/VT_Bootstrap/SearchResults/button_PaymentID' is clicked on

2024-07-13 00:03:36 - [TEST_STEP][PASSED] - verifyTextPresent("Tender Type", true): Text 'Tender Type' is present on page  using regular expression

2024-07-13 00:03:37 - [MESSAGE][PASSED] - Text 'Tender Type' is present on page  using regular expression

2024-07-13 00:03:37 - [TEST_STEP][PASSED] - verifyTextPresent("Transaction Type", true): Text 'Transaction Type' is present on page  using regular expression

2024-07-13 00:03:37 - [MESSAGE][PASSED] - Text 'Transaction Type' is present on page  using regular expression

2024-07-13 00:03:37 - [TEST_STEP][PASSED] - verifyTextPresent("Transaction Posted by", true): Text 'Transaction Posted by' is present on page  using regular expression

2024-07-13 00:03:38 - [MESSAGE][PASSED] - Text 'Transaction Posted by' is present on page  using regular expression

2024-07-13 00:03:38 - [TEST_STEP][PASSED] - verifyTextPresent("iahmed", true): Text 'iahmed' is present on page  using regular expression

2024-07-13 00:03:38 - [MESSAGE][PASSED] - Text 'iahmed' is present on page  using regular expression

2024-07-13 00:03:38 - [TEST_STEP][PASSED] - verifyTextPresent("Debit", true): Text 'Debit' is present on page  using regular expression

2024-07-13 00:03:38 - [MESSAGE][PASSED] - Text 'Debit' is present on page  using regular expression

2024-07-13 00:03:38 - [TEST_STEP][PASSED] - click(findTestObject(path_TranxDetails + "a_Credit this transaction")): Object: 'Object Repository/AdminSuiteBootstrap_Pages/VT_Bootstrap/TransactionDetails/a_Credit this transaction' is clicked on

2024-07-13 00:03:39 - [MESSAGE][PASSED] - Object: 'Object Repository/AdminSuiteBootstrap_Pages/VT_Bootstrap/TransactionDetails/a_Credit this transaction' is clicked on

2024-07-13 00:03:39 - [TEST_STEP][PASSED] - click(findTestObject(path_TranxDetails + "button_Submit")): Object: 'Object Repository/AdminSuiteBootstrap_Pages/VT_Bootstrap/TransactionDetails/button_Submit' is clicked on

2024-07-13 00:03:40 - [MESSAGE][PASSED] - Object: 'Object Repository/AdminSuiteBootstrap_Pages/VT_Bootstrap/TransactionDetails/button_Submit' is clicked on

2024-07-13 00:03:40 - [TEST_STEP][PASSED] - verifyTextPresent("Transaction Successful", true): Text 'Transaction Successful' is present on page  using regular expression

2024-07-13 00:03:41 - [MESSAGE][PASSED] - Text 'Transaction Successful' is present on page  using regular expression

2024-07-13 00:03:41 - [TEST_STEP][PASSED] - verifyTextPresent("Transaction Type", true): Text 'Transaction Type' is present on page  using regular expression

2024-07-13 00:03:41 - [MESSAGE][PASSED] - Text 'Transaction Type' is present on page  using regular expression

2024-07-13 00:03:41 - [TEST_STEP][PASSED] - verifyTextPresent("Credit", true): Text 'Credit' is present on page  using regular expression

2024-07-13 00:03:42 - [MESSAGE][PASSED] - Text 'Credit' is present on page  using regular expression

2024-07-13 00:03:42 - [TEST_STEP][PASSED] - closeBrowser(): Browser is closed

2024-07-13 00:03:43 - [MESSAGE][PASSED] - Browser is closed

2024-07-13 00:03:43 - [TEST_STEP][PASSED] - ExecuteTC = findTestData(dataFile).getValue("Execute", row): null

2024-07-13 00:03:43 - [TEST_STEP][PASSED] - out.println("Value of Execute is : " + ExecuteTC): null

2024-07-13 00:03:43 - [TEST_STEP][PASSED] - switch (executionProfile): null

2024-07-13 00:03:43 - [TEST_STEP][PASSED] - case "QA2Profile":: null

2024-07-13 00:03:43 - [TEST_STEP][PASSED] - appName = findTestData(dataFile).getValue("AppNameQA", row): null

2024-07-13 00:03:43 - [TEST_STEP][PASSED] - appID = findTestData(dataFile).getValue("AppIDQA", row): null

2024-07-13 00:03:43 - [TEST_STEP][PASSED] - break: null

2024-07-13 00:03:43 - [TEST_STEP][PASSED] - hrefAppID = li_1 + appID + li_2: null

2024-07-13 00:03:43 - [TEST_STEP][PASSED] - hrefApp = li_1 + appID + "/": null

2024-07-13 00:03:43 - [TEST_STEP][PASSED] - println("hrefApp : " + hrefApp): null

2024-07-13 00:03:43 - [TEST_STEP][PASSED] - if (ExecuteTC.equalsIgnoreCase("Y")): Browser is closed

2024-07-13 00:03:43 - [TEST_STEP][PASSED] - out.println("Begin Record Number: " + row): null

2024-07-13 00:03:43 - [TEST_STEP][PASSED] - today = new java.util.Date(): null

2024-07-13 00:03:43 - [TEST_STEP][PASSED] - println(today): null

2024-07-13 00:03:43 - [TEST_STEP][PASSED] - datText = today: null

2024-07-13 00:03:43 - [TEST_STEP][PASSED] - adminSuiteBootstrap.loginFunctionality.login_AdminSuite(): adminSuiteBootstrap.loginFunctionality.login_AdminSuite is PASSED

2024-07-13 00:03:43 - [MESSAGE][INFO] - Starting 'Chrome' driver

2024-07-13 00:03:43 - [MESSAGE][INFO] - User set preference: ['acceptInsecureCerts', 'true']

2024-07-13 00:03:43 - [MESSAGE][INFO] - Action delay is set to 0 milliseconds

2024-07-13 00:03:46 - [MESSAGE][PASSED] - Browser is opened with url: 'https://qa2.velocitypayment.com/admin/imtiaz'

2024-07-13 00:03:46 - [MESSAGE][PASSED] - Current window maximized

2024-07-13 00:03:47 - [MESSAGE][PASSED] - Object 'Object Repository/Login_Page/Login_Username_Okta' is present

2024-07-13 00:03:47 - [MESSAGE][PASSED] - Text 'iahmed' is set on object 'Object Repository/Login_Page/Login_Username_Okta'

2024-07-13 00:03:48 - [MESSAGE][PASSED] - Text 'Hello!6666666' is set on object 'Object Repository/Login_Page/Login_Password_Okta'

2024-07-13 00:03:49 - [MESSAGE][PASSED] - Object: 'Object Repository/Login_Page/Login_Submit_Okta' is clicked on

2024-07-13 00:03:49 - [MESSAGE][PASSED] - adminSuiteBootstrap.loginFunctionality.login_AdminSuite is PASSED

2024-07-13 00:03:49 - [TEST_STEP][PASSED] - click(findTestObject(path_Dashboard + appName)): Object: 'Object Repository/AdminSuiteBootstrap_Pages/Dashboard_Bootstrap/a_Access AutoNoCFtp' is clicked on

2024-07-13 00:03:56 - [MESSAGE][PASSED] - Object: 'Object Repository/AdminSuiteBootstrap_Pages/Dashboard_Bootstrap/a_Access AutoNoCFtp' is clicked on

2024-07-13 00:03:56 - [TEST_STEP][PASSED] - click(findTestObject(path_VT + "button_Debit")): Object: 'Object Repository/AdminSuiteBootstrap_Pages/VT_Bootstrap/IssueTransactions/button_Debit' is clicked on

2024-07-13 00:03:57 - [MESSAGE][PASSED] - Object: 'Object Repository/AdminSuiteBootstrap_Pages/VT_Bootstrap/IssueTransactions/button_Debit' is clicked on

2024-07-13 00:03:57 - [TEST_STEP][PASSED] - click(findTestObject(path_VT + "a_Personal")): Object: 'Object Repository/AdminSuiteBootstrap_Pages/VT_Bootstrap/IssueTransactions/a_Personal' is clicked on

2024-07-13 00:03:58 - [MESSAGE][PASSED] - Object: 'Object Repository/AdminSuiteBootstrap_Pages/VT_Bootstrap/IssueTransactions/a_Personal' is clicked on

2024-07-13 00:03:58 - [TEST_STEP][PASSED] - adminSuiteBootstrap.debitPersonalsetData.debitPersonal_DataDriven(row, dataFile): adminSuiteBootstrap.debitPersonalsetData.debitPersonal_DataDriven is PASSED

2024-07-13 00:04:00 - [MESSAGE][PASSED] - Text 'Bette' is set on object 'Object Repository/AdminSuiteBootstrap_Pages/VT_Bootstrap/ACHPersonal/input_firstName'

2024-07-13 00:04:01 - [MESSAGE][PASSED] - Text 'Nicka' is set on object 'Object Repository/AdminSuiteBootstrap_Pages/VT_Bootstrap/ACHPersonal/input_lastName'

2024-07-13 00:04:02 - [MESSAGE][PASSED] - Text '6 S 33rd St' is set on object 'Object Repository/AdminSuiteBootstrap_Pages/VT_Bootstrap/ACHPersonal/input_address'

2024-07-13 00:04:03 - [MESSAGE][PASSED] - Text 'apt #2' is set on object 'Object Repository/AdminSuiteBootstrap_Pages/VT_Bootstrap/ACHPersonal/input_address2'

2024-07-13 00:04:03 - [MESSAGE][PASSED] - Text '22201' is set on object 'Object Repository/AdminSuiteBootstrap_Pages/VT_Bootstrap/ACHPersonal/input_zip'

2024-07-13 00:04:04 - [MESSAGE][PASSED] - Text '' is set on object 'Object Repository/AdminSuiteBootstrap_Pages/VT_Bootstrap/ACHPersonal/input_emailAddress'

2024-07-13 00:04:05 - [MESSAGE][PASSED] - Text '' is set on object 'Object Repository/AdminSuiteBootstrap_Pages/VT_Bootstrap/ACHPersonal/input_smsNumber'

2024-07-13 00:04:06 - [MESSAGE][PASSED] - Text '45681003' is set on object 'Object Repository/AdminSuiteBootstrap_Pages/VT_Bootstrap/ACHPersonal/input_accountNumber'

2024-07-13 00:04:07 - [MESSAGE][PASSED] - Text '256072691' is set on object 'Object Repository/AdminSuiteBootstrap_Pages/VT_Bootstrap/ACHPersonal/input_routingNumber'

2024-07-13 00:04:08 - [MESSAGE][PASSED] - All options with label 'Savings' are selected in object 'Object Repository/AdminSuiteBootstrap_Pages/VT_Bootstrap/ACHPersonal/select_AccountType'  using regular expression

2024-07-13 00:04:09 - [MESSAGE][PASSED] - All options with label 'PPD - Prearranged Payment and Deposit Entry' are selected in object 'Object Repository/AdminSuiteBootstrap_Pages/VT_Bootstrap/ACHPersonal/select_STD'  using regular expression

2024-07-13 00:04:10 - [MESSAGE][PASSED] - Text '11.5' is set on object 'Object Repository/AdminSuiteBootstrap_Pages/VT_Bootstrap/ACHPersonal/input_amount'

2024-07-13 00:04:11 - [MESSAGE][PASSED] - Text 'Denmark' is set on object 'Object Repository/AdminSuiteBootstrap_Pages/VT_Bootstrap/ACHPersonal/input_userDefined1'

2024-07-13 00:04:11 - [MESSAGE][PASSED] - Text 'Australia' is set on object 'Object Repository/AdminSuiteBootstrap_Pages/VT_Bootstrap/ACHPersonal/input_userDefined2'

2024-07-13 00:04:12 - [MESSAGE][PASSED] - Text 'Austria' is set on object 'Object Repository/AdminSuiteBootstrap_Pages/VT_Bootstrap/ACHPersonal/input_userDefined3'

2024-07-13 00:04:13 - [MESSAGE][PASSED] - Text 'Sweden' is set on object 'Object Repository/AdminSuiteBootstrap_Pages/VT_Bootstrap/ACHPersonal/input_userDefined4'

2024-07-13 00:04:14 - [MESSAGE][PASSED] - All options with label 'Yellow' are selected in object 'Object Repository/AdminSuiteBootstrap_Pages/VT_Bootstrap/ACHPersonal/select_UDF5'  using regular expression

2024-07-13 00:04:15 - [MESSAGE][PASSED] - All options with label 'Orange' are selected in object 'Object Repository/AdminSuiteBootstrap_Pages/VT_Bootstrap/ACHPersonal/select_UDF6'  using regular expression

2024-07-13 00:04:15 - [MESSAGE][PASSED] - Text 'Netherlands' is set on object 'Object Repository/AdminSuiteBootstrap_Pages/VT_Bootstrap/ACHPersonal/input_userDefined7'

2024-07-13 00:04:16 - [MESSAGE][PASSED] - Text 'Norway' is set on object 'Object Repository/AdminSuiteBootstrap_Pages/VT_Bootstrap/ACHPersonal/input_userDefined8'

2024-07-13 00:04:17 - [MESSAGE][PASSED] - Text 'France' is set on object 'Object Repository/AdminSuiteBootstrap_Pages/VT_Bootstrap/ACHPersonal/input_userDefined9'

2024-07-13 00:04:18 - [MESSAGE][PASSED] - Text 'Switzerland' is set on object 'Object Repository/AdminSuiteBootstrap_Pages/VT_Bootstrap/ACHPersonal/input_userDefined10'

2024-07-13 00:04:19 - [MESSAGE][PASSED] - Object: 'Object Repository/AdminSuiteBootstrap_Pages/VT_Bootstrap/ACHPersonal/button_Submit' is clicked on

2024-07-13 00:04:19 - [MESSAGE][PASSED] - adminSuiteBootstrap.debitPersonalsetData.debitPersonal_DataDriven is PASSED

2024-07-13 00:04:19 - [TEST_STEP][PASSED] - if (verifyTextPresent("Transaction Successful", true)): null

2024-07-13 00:04:19 - [MESSAGE][PASSED] - Text 'Transaction Successful' is present on page  using regular expression

2024-07-13 00:04:19 - [TEST_STEP][PASSED] - sdf = getText(findTestObject(path_Receipt + "td_AutoNoC031622113752957Ahm")): Text of object 'Object Repository/AdminSuiteBootstrap_Pages/VT_Bootstrap/Receipt/td_AutoNoC031622113752957Ahm' is: 'AutoNoCFtp071224235648Ahm'

2024-07-13 00:04:20 - [MESSAGE][PASSED] - Text of object 'Object Repository/AdminSuiteBootstrap_Pages/VT_Bootstrap/Receipt/td_AutoNoC031622113752957Ahm' is: 'AutoNoCFtp071224235648Ahm'

2024-07-13 00:04:20 - [TEST_STEP][PASSED] - out.println("sdf: " + sdf): null

2024-07-13 00:04:20 - [TEST_STEP][PASSED] - remID = sdf: null

2024-07-13 00:04:20 - [TEST_STEP][PASSED] - out.println("remID: " + remID): null

2024-07-13 00:04:20 - [TEST_STEP][PASSED] - click(findTestObject(path_Receipt + "button_Continue")): Object: 'Object Repository/AdminSuiteBootstrap_Pages/VT_Bootstrap/Receipt/button_Continue' is clicked on

2024-07-13 00:04:20 - [MESSAGE][PASSED] - Object: 'Object Repository/AdminSuiteBootstrap_Pages/VT_Bootstrap/Receipt/button_Continue' is clicked on

2024-07-13 00:04:20 - [TEST_STEP][PASSED] - click(findTestObject(path_VT + "a_Search Transactions")): Object: 'Object Repository/AdminSuiteBootstrap_Pages/VT_Bootstrap/IssueTransactions/a_Search Transactions' is clicked on

2024-07-13 00:04:21 - [MESSAGE][PASSED] - Object: 'Object Repository/AdminSuiteBootstrap_Pages/VT_Bootstrap/IssueTransactions/a_Search Transactions' is clicked on

2024-07-13 00:04:21 - [TEST_STEP][PASSED] - setText(findTestObject(path_CCSearch + "input_Search By_searchValue"), remID): Text 'AutoNoCFtp071224235648Ahm' is set on object 'Object Repository/AdminSuiteBootstrap_Pages/VT_Bootstrap/CCCreditOrVoidSearch/input_Search By_searchValue'

2024-07-13 00:04:22 - [MESSAGE][PASSED] - Text 'AutoNoCFtp071224235648Ahm' is set on object 'Object Repository/AdminSuiteBootstrap_Pages/VT_Bootstrap/CCCreditOrVoidSearch/input_Search By_searchValue'

2024-07-13 00:04:22 - [TEST_STEP][PASSED] - click(findTestObject(path_CCSearch + "button_Submit")): Object: 'Object Repository/AdminSuiteBootstrap_Pages/VT_Bootstrap/CCCreditOrVoidSearch/button_Submit' is clicked on

2024-07-13 00:04:23 - [MESSAGE][PASSED] - Object: 'Object Repository/AdminSuiteBootstrap_Pages/VT_Bootstrap/CCCreditOrVoidSearch/button_Submit' is clicked on

2024-07-13 00:04:23 - [TEST_STEP][PASSED] - click(findTestObject(path_SearchResults + "button_PaymentID")): Object: 'Object Repository/AdminSuiteBootstrap_Pages/VT_Bootstrap/SearchResults/button_PaymentID' is clicked on

2024-07-13 00:04:24 - [MESSAGE][PASSED] - Object: 'Object Repository/AdminSuiteBootstrap_Pages/VT_Bootstrap/SearchResults/button_PaymentID' is clicked on

2024-07-13 00:04:24 - [TEST_STEP][PASSED] - verifyTextPresent("Tender Type", true): Text 'Tender Type' is present on page  using regular expression

2024-07-13 00:04:24 - [MESSAGE][PASSED] - Text 'Tender Type' is present on page  using regular expression

2024-07-13 00:04:24 - [TEST_STEP][PASSED] - verifyTextPresent("Transaction Type", true): Text 'Transaction Type' is present on page  using regular expression

2024-07-13 00:04:25 - [MESSAGE][PASSED] - Text 'Transaction Type' is present on page  using regular expression

2024-07-13 00:04:25 - [TEST_STEP][PASSED] - verifyTextPresent("Transaction Posted by", true): Text 'Transaction Posted by' is present on page  using regular expression

2024-07-13 00:04:25 - [MESSAGE][PASSED] - Text 'Transaction Posted by' is present on page  using regular expression

2024-07-13 00:04:25 - [TEST_STEP][PASSED] - verifyTextPresent("iahmed", true): Text 'iahmed' is present on page  using regular expression

2024-07-13 00:04:26 - [MESSAGE][PASSED] - Text 'iahmed' is present on page  using regular expression

2024-07-13 00:04:26 - [TEST_STEP][PASSED] - verifyTextPresent("Debit", true): Text 'Debit' is present on page  using regular expression

2024-07-13 00:04:26 - [MESSAGE][PASSED] - Text 'Debit' is present on page  using regular expression

2024-07-13 00:04:26 - [TEST_STEP][PASSED] - click(findTestObject(path_TranxDetails + "a_Credit this transaction")): Object: 'Object Repository/AdminSuiteBootstrap_Pages/VT_Bootstrap/TransactionDetails/a_Credit this transaction' is clicked on

2024-07-13 00:04:27 - [MESSAGE][PASSED] - Object: 'Object Repository/AdminSuiteBootstrap_Pages/VT_Bootstrap/TransactionDetails/a_Credit this transaction' is clicked on

2024-07-13 00:04:27 - [TEST_STEP][PASSED] - click(findTestObject(path_TranxDetails + "button_Submit")): Object: 'Object Repository/AdminSuiteBootstrap_Pages/VT_Bootstrap/TransactionDetails/button_Submit' is clicked on

2024-07-13 00:04:28 - [MESSAGE][PASSED] - Object: 'Object Repository/AdminSuiteBootstrap_Pages/VT_Bootstrap/TransactionDetails/button_Submit' is clicked on

2024-07-13 00:04:28 - [TEST_STEP][PASSED] - verifyTextPresent("Transaction Successful", true): Text 'Transaction Successful' is present on page  using regular expression

2024-07-13 00:04:29 - [MESSAGE][PASSED] - Text 'Transaction Successful' is present on page  using regular expression

2024-07-13 00:04:29 - [TEST_STEP][PASSED] - verifyTextPresent("Transaction Type", true): Text 'Transaction Type' is present on page  using regular expression

2024-07-13 00:04:29 - [MESSAGE][PASSED] - Text 'Transaction Type' is present on page  using regular expression

2024-07-13 00:04:29 - [TEST_STEP][PASSED] - verifyTextPresent("Credit", true): Text 'Credit' is present on page  using regular expression

2024-07-13 00:04:29 - [MESSAGE][PASSED] - Text 'Credit' is present on page  using regular expression

2024-07-13 00:04:29 - [TEST_STEP][PASSED] - closeBrowser(): Browser is closed

2024-07-13 00:04:30 - [MESSAGE][PASSED] - Browser is closed

2024-07-13 00:04:30 - [TEST_STEP][PASSED] - ExecuteTC = findTestData(dataFile).getValue("Execute", row): null

2024-07-13 00:04:31 - [TEST_STEP][PASSED] - out.println("Value of Execute is : " + ExecuteTC): null

2024-07-13 00:04:31 - [TEST_STEP][PASSED] - switch (executionProfile): null

2024-07-13 00:04:31 - [TEST_STEP][PASSED] - case "QA2Profile":: null

2024-07-13 00:04:31 - [TEST_STEP][PASSED] - appName = findTestData(dataFile).getValue("AppNameQA", row): null

2024-07-13 00:04:31 - [TEST_STEP][PASSED] - appID = findTestData(dataFile).getValue("AppIDQA", row): null

2024-07-13 00:04:31 - [TEST_STEP][PASSED] - break: null

2024-07-13 00:04:31 - [TEST_STEP][PASSED] - hrefAppID = li_1 + appID + li_2: null

2024-07-13 00:04:31 - [TEST_STEP][PASSED] - hrefApp = li_1 + appID + "/": null

2024-07-13 00:04:31 - [TEST_STEP][PASSED] - println("hrefApp : " + hrefApp): null

2024-07-13 00:04:31 - [TEST_STEP][PASSED] - if (ExecuteTC.equalsIgnoreCase("Y")): Browser is closed

2024-07-13 00:04:31 - [TEST_STEP][PASSED] - out.println("Begin Record Number: " + row): null

2024-07-13 00:04:31 - [TEST_STEP][PASSED] - today = new java.util.Date(): null

2024-07-13 00:04:31 - [TEST_STEP][PASSED] - println(today): null

2024-07-13 00:04:31 - [TEST_STEP][PASSED] - datText = today: null

2024-07-13 00:04:31 - [TEST_STEP][PASSED] - adminSuiteBootstrap.loginFunctionality.login_AdminSuite(): adminSuiteBootstrap.loginFunctionality.login_AdminSuite is PASSED

2024-07-13 00:04:31 - [MESSAGE][INFO] - Starting 'Chrome' driver

2024-07-13 00:04:31 - [MESSAGE][INFO] - User set preference: ['acceptInsecureCerts', 'true']

2024-07-13 00:04:31 - [MESSAGE][INFO] - Action delay is set to 0 milliseconds

2024-07-13 00:04:32 - [MESSAGE][PASSED] - Browser is opened with url: 'https://qa2.velocitypayment.com/admin/imtiaz'

2024-07-13 00:04:34 - [MESSAGE][PASSED] - Current window maximized

2024-07-13 00:04:34 - [MESSAGE][PASSED] - Object 'Object Repository/Login_Page/Login_Username_Okta' is present

2024-07-13 00:04:35 - [MESSAGE][PASSED] - Text 'iahmed' is set on object 'Object Repository/Login_Page/Login_Username_Okta'

2024-07-13 00:04:36 - [MESSAGE][PASSED] - Text 'Hello!6666666' is set on object 'Object Repository/Login_Page/Login_Password_Okta'

2024-07-13 00:04:36 - [MESSAGE][PASSED] - Object: 'Object Repository/Login_Page/Login_Submit_Okta' is clicked on

2024-07-13 00:04:36 - [MESSAGE][PASSED] - adminSuiteBootstrap.loginFunctionality.login_AdminSuite is PASSED

2024-07-13 00:04:36 - [TEST_STEP][PASSED] - click(findTestObject(path_Dashboard + appName)): Object: 'Object Repository/AdminSuiteBootstrap_Pages/Dashboard_Bootstrap/a_Access AutoNoCFtp' is clicked on

2024-07-13 00:04:44 - [MESSAGE][PASSED] - Object: 'Object Repository/AdminSuiteBootstrap_Pages/Dashboard_Bootstrap/a_Access AutoNoCFtp' is clicked on

2024-07-13 00:04:44 - [TEST_STEP][PASSED] - click(findTestObject(path_VT + "button_Debit")): Object: 'Object Repository/AdminSuiteBootstrap_Pages/VT_Bootstrap/IssueTransactions/button_Debit' is clicked on

2024-07-13 00:04:45 - [MESSAGE][PASSED] - Object: 'Object Repository/AdminSuiteBootstrap_Pages/VT_Bootstrap/IssueTransactions/button_Debit' is clicked on

2024-07-13 00:04:45 - [TEST_STEP][PASSED] - click(findTestObject(path_VT + "a_Personal")): Object: 'Object Repository/AdminSuiteBootstrap_Pages/VT_Bootstrap/IssueTransactions/a_Personal' is clicked on

2024-07-13 00:04:45 - [MESSAGE][PASSED] - Object: 'Object Repository/AdminSuiteBootstrap_Pages/VT_Bootstrap/IssueTransactions/a_Personal' is clicked on

2024-07-13 00:04:45 - [TEST_STEP][PASSED] - adminSuiteBootstrap.debitPersonalsetData.debitPersonal_DataDriven(row, dataFile): adminSuiteBootstrap.debitPersonalsetData.debitPersonal_DataDriven is PASSED

2024-07-13 00:04:48 - [MESSAGE][PASSED] - Text 'Alisha' is set on object 'Object Repository/AdminSuiteBootstrap_Pages/VT_Bootstrap/ACHPersonal/input_firstName'

2024-07-13 00:04:49 - [MESSAGE][PASSED] - Text 'Slusarski' is set on object 'Object Repository/AdminSuiteBootstrap_Pages/VT_Bootstrap/ACHPersonal/input_lastName'

2024-07-13 00:04:50 - [MESSAGE][PASSED] - Text '3273 State St' is set on object 'Object Repository/AdminSuiteBootstrap_Pages/VT_Bootstrap/ACHPersonal/input_address'

2024-07-13 00:04:51 - [MESSAGE][PASSED] - Text 'apt #4' is set on object 'Object Repository/AdminSuiteBootstrap_Pages/VT_Bootstrap/ACHPersonal/input_address2'

2024-07-13 00:04:51 - [MESSAGE][PASSED] - Text '22201' is set on object 'Object Repository/AdminSuiteBootstrap_Pages/VT_Bootstrap/ACHPersonal/input_zip'

2024-07-13 00:04:52 - [MESSAGE][PASSED] - Text '' is set on object 'Object Repository/AdminSuiteBootstrap_Pages/VT_Bootstrap/ACHPersonal/input_emailAddress'

2024-07-13 00:04:53 - [MESSAGE][PASSED] - Text '' is set on object 'Object Repository/AdminSuiteBootstrap_Pages/VT_Bootstrap/ACHPersonal/input_smsNumber'

2024-07-13 00:04:54 - [MESSAGE][PASSED] - Text '45681004' is set on object 'Object Repository/AdminSuiteBootstrap_Pages/VT_Bootstrap/ACHPersonal/input_accountNumber'

2024-07-13 00:04:55 - [MESSAGE][PASSED] - Text '256072691' is set on object 'Object Repository/AdminSuiteBootstrap_Pages/VT_Bootstrap/ACHPersonal/input_routingNumber'

2024-07-13 00:04:56 - [MESSAGE][PASSED] - All options with label 'Savings' are selected in object 'Object Repository/AdminSuiteBootstrap_Pages/VT_Bootstrap/ACHPersonal/select_AccountType'  using regular expression

2024-07-13 00:04:57 - [MESSAGE][PASSED] - All options with label 'TEL - Telephone-Initiated Entry' are selected in object 'Object Repository/AdminSuiteBootstrap_Pages/VT_Bootstrap/ACHPersonal/select_STD'  using regular expression

2024-07-13 00:04:58 - [MESSAGE][PASSED] - Text '11.5' is set on object 'Object Repository/AdminSuiteBootstrap_Pages/VT_Bootstrap/ACHPersonal/input_amount'

2024-07-13 00:04:59 - [MESSAGE][PASSED] - Text 'Denmark' is set on object 'Object Repository/AdminSuiteBootstrap_Pages/VT_Bootstrap/ACHPersonal/input_userDefined1'

2024-07-13 00:04:59 - [MESSAGE][PASSED] - Text 'Australia' is set on object 'Object Repository/AdminSuiteBootstrap_Pages/VT_Bootstrap/ACHPersonal/input_userDefined2'

2024-07-13 00:05:00 - [MESSAGE][PASSED] - Text 'Austria' is set on object 'Object Repository/AdminSuiteBootstrap_Pages/VT_Bootstrap/ACHPersonal/input_userDefined3'

2024-07-13 00:05:01 - [MESSAGE][PASSED] - Text 'Sweden' is set on object 'Object Repository/AdminSuiteBootstrap_Pages/VT_Bootstrap/ACHPersonal/input_userDefined4'

2024-07-13 00:05:02 - [MESSAGE][PASSED] - All options with label 'Yellow' are selected in object 'Object Repository/AdminSuiteBootstrap_Pages/VT_Bootstrap/ACHPersonal/select_UDF5'  using regular expression

2024-07-13 00:05:03 - [MESSAGE][PASSED] - All options with label 'Orange' are selected in object 'Object Repository/AdminSuiteBootstrap_Pages/VT_Bootstrap/ACHPersonal/select_UDF6'  using regular expression

2024-07-13 00:05:03 - [MESSAGE][PASSED] - Text 'Netherlands' is set on object 'Object Repository/AdminSuiteBootstrap_Pages/VT_Bootstrap/ACHPersonal/input_userDefined7'

2024-07-13 00:05:04 - [MESSAGE][PASSED] - Text 'Norway' is set on object 'Object Repository/AdminSuiteBootstrap_Pages/VT_Bootstrap/ACHPersonal/input_userDefined8'

2024-07-13 00:05:05 - [MESSAGE][PASSED] - Text 'France' is set on object 'Object Repository/AdminSuiteBootstrap_Pages/VT_Bootstrap/ACHPersonal/input_userDefined9'

2024-07-13 00:05:05 - [MESSAGE][PASSED] - Text 'Switzerland' is set on object 'Object Repository/AdminSuiteBootstrap_Pages/VT_Bootstrap/ACHPersonal/input_userDefined10'

2024-07-13 00:05:06 - [MESSAGE][PASSED] - Object: 'Object Repository/AdminSuiteBootstrap_Pages/VT_Bootstrap/ACHPersonal/button_Submit' is clicked on

2024-07-13 00:05:06 - [MESSAGE][PASSED] - adminSuiteBootstrap.debitPersonalsetData.debitPersonal_DataDriven is PASSED

2024-07-13 00:05:06 - [TEST_STEP][PASSED] - if (verifyTextPresent("Transaction Successful", true)): null

2024-07-13 00:05:07 - [MESSAGE][PASSED] - Text 'Transaction Successful' is present on page  using regular expression

2024-07-13 00:05:07 - [TEST_STEP][PASSED] - sdf = getText(findTestObject(path_Receipt + "td_AutoNoC031622113752957Ahm")): Text of object 'Object Repository/AdminSuiteBootstrap_Pages/VT_Bootstrap/Receipt/td_AutoNoC031622113752957Ahm' is: 'AutoNoCFtp071224235736Ahm'

2024-07-13 00:05:07 - [MESSAGE][PASSED] - Text of object 'Object Repository/AdminSuiteBootstrap_Pages/VT_Bootstrap/Receipt/td_AutoNoC031622113752957Ahm' is: 'AutoNoCFtp071224235736Ahm'

2024-07-13 00:05:07 - [TEST_STEP][PASSED] - out.println("sdf: " + sdf): null

2024-07-13 00:05:07 - [TEST_STEP][PASSED] - remID = sdf: null

2024-07-13 00:05:07 - [TEST_STEP][PASSED] - out.println("remID: " + remID): null

2024-07-13 00:05:07 - [TEST_STEP][PASSED] - click(findTestObject(path_Receipt + "button_Continue")): Object: 'Object Repository/AdminSuiteBootstrap_Pages/VT_Bootstrap/Receipt/button_Continue' is clicked on

2024-07-13 00:05:08 - [MESSAGE][PASSED] - Object: 'Object Repository/AdminSuiteBootstrap_Pages/VT_Bootstrap/Receipt/button_Continue' is clicked on

2024-07-13 00:05:08 - [TEST_STEP][PASSED] - click(findTestObject(path_VT + "a_Search Transactions")): Object: 'Object Repository/AdminSuiteBootstrap_Pages/VT_Bootstrap/IssueTransactions/a_Search Transactions' is clicked on

2024-07-13 00:05:09 - [MESSAGE][PASSED] - Object: 'Object Repository/AdminSuiteBootstrap_Pages/VT_Bootstrap/IssueTransactions/a_Search Transactions' is clicked on

2024-07-13 00:05:09 - [TEST_STEP][PASSED] - setText(findTestObject(path_CCSearch + "input_Search By_searchValue"), remID): Text 'AutoNoCFtp071224235736Ahm' is set on object 'Object Repository/AdminSuiteBootstrap_Pages/VT_Bootstrap/CCCreditOrVoidSearch/input_Search By_searchValue'

2024-07-13 00:05:10 - [MESSAGE][PASSED] - Text 'AutoNoCFtp071224235736Ahm' is set on object 'Object Repository/AdminSuiteBootstrap_Pages/VT_Bootstrap/CCCreditOrVoidSearch/input_Search By_searchValue'

2024-07-13 00:05:10 - [TEST_STEP][PASSED] - click(findTestObject(path_CCSearch + "button_Submit")): Object: 'Object Repository/AdminSuiteBootstrap_Pages/VT_Bootstrap/CCCreditOrVoidSearch/button_Submit' is clicked on

2024-07-13 00:05:11 - [MESSAGE][PASSED] - Object: 'Object Repository/AdminSuiteBootstrap_Pages/VT_Bootstrap/CCCreditOrVoidSearch/button_Submit' is clicked on

2024-07-13 00:05:11 - [TEST_STEP][PASSED] - click(findTestObject(path_SearchResults + "button_PaymentID")): Object: 'Object Repository/AdminSuiteBootstrap_Pages/VT_Bootstrap/SearchResults/button_PaymentID' is clicked on

2024-07-13 00:05:12 - [MESSAGE][PASSED] - Object: 'Object Repository/AdminSuiteBootstrap_Pages/VT_Bootstrap/SearchResults/button_PaymentID' is clicked on

2024-07-13 00:05:12 - [TEST_STEP][PASSED] - verifyTextPresent("Tender Type", true): Text 'Tender Type' is present on page  using regular expression

2024-07-13 00:05:12 - [MESSAGE][PASSED] - Text 'Tender Type' is present on page  using regular expression

2024-07-13 00:05:12 - [TEST_STEP][PASSED] - verifyTextPresent("Transaction Type", true): Text 'Transaction Type' is present on page  using regular expression

2024-07-13 00:05:13 - [MESSAGE][PASSED] - Text 'Transaction Type' is present on page  using regular expression

2024-07-13 00:05:13 - [TEST_STEP][PASSED] - verifyTextPresent("Transaction Posted by", true): Text 'Transaction Posted by' is present on page  using regular expression

2024-07-13 00:05:13 - [MESSAGE][PASSED] - Text 'Transaction Posted by' is present on page  using regular expression

2024-07-13 00:05:13 - [TEST_STEP][PASSED] - verifyTextPresent("iahmed", true): Text 'iahmed' is present on page  using regular expression

2024-07-13 00:05:13 - [MESSAGE][PASSED] - Text 'iahmed' is present on page  using regular expression

2024-07-13 00:05:13 - [TEST_STEP][PASSED] - verifyTextPresent("Debit", true): Text 'Debit' is present on page  using regular expression

2024-07-13 00:05:14 - [MESSAGE][PASSED] - Text 'Debit' is present on page  using regular expression

2024-07-13 00:05:14 - [TEST_STEP][PASSED] - click(findTestObject(path_TranxDetails + "a_Credit this transaction")): Object: 'Object Repository/AdminSuiteBootstrap_Pages/VT_Bootstrap/TransactionDetails/a_Credit this transaction' is clicked on

2024-07-13 00:05:15 - [MESSAGE][PASSED] - Object: 'Object Repository/AdminSuiteBootstrap_Pages/VT_Bootstrap/TransactionDetails/a_Credit this transaction' is clicked on

2024-07-13 00:05:15 - [TEST_STEP][PASSED] - click(findTestObject(path_TranxDetails + "button_Submit")): Object: 'Object Repository/AdminSuiteBootstrap_Pages/VT_Bootstrap/TransactionDetails/button_Submit' is clicked on

2024-07-13 00:05:16 - [MESSAGE][PASSED] - Object: 'Object Repository/AdminSuiteBootstrap_Pages/VT_Bootstrap/TransactionDetails/button_Submit' is clicked on

2024-07-13 00:05:16 - [TEST_STEP][PASSED] - verifyTextPresent("Transaction Successful", true): Text 'Transaction Successful' is present on page  using regular expression

2024-07-13 00:05:16 - [MESSAGE][PASSED] - Text 'Transaction Successful' is present on page  using regular expression

2024-07-13 00:05:16 - [TEST_STEP][PASSED] - verifyTextPresent("Transaction Type", true): Text 'Transaction Type' is present on page  using regular expression

2024-07-13 00:05:17 - [MESSAGE][PASSED] - Text 'Transaction Type' is present on page  using regular expression

2024-07-13 00:05:17 - [TEST_STEP][PASSED] - verifyTextPresent("Credit", true): Text 'Credit' is present on page  using regular expression

2024-07-13 00:05:17 - [MESSAGE][PASSED] - Text 'Credit' is present on page  using regular expression

2024-07-13 00:05:17 - [TEST_STEP][PASSED] - closeBrowser(): Browser is closed

2024-07-13 00:05:18 - [MESSAGE][PASSED] - Browser is closed]]></system-out>
         <system-err><![CDATA[]]></system-err>
      </testcase>
      <testcase name="Test Cases/Admin Suite Bootstrap/VT_ACH_TestCases/DebitPersonalCredit_TP_SingleCF_Generic_Payment_TC" time="201.145" classname="Test Cases/Admin Suite Bootstrap/VT_ACH_TestCases/DebitPersonalCredit_TP_SingleCF_Generic_Payment_TC" status="PASSED">
         <system-out><![CDATA[2024-07-13 00:05:18 - [TEST_CASE][PASSED] - Test Cases/Admin Suite Bootstrap/VT_ACH_TestCases/DebitPersonalCredit_TP_SingleCF_Generic_Payment_TC: Test Cases/Admin Suite Bootstrap/VT_ACH_TestCases/DebitPersonalCredit_TP_SingleCF_Generic_Payment_TC

2024-07-13 00:05:19 - [TEST_STEP][PASSED] - path_Dashboard = "Object Repository/AdminSuiteBootstrap_Pages/Dashboard_Bootstrap/": null

2024-07-13 00:05:19 - [TEST_STEP][PASSED] - path_VT = "Object Repository/AdminSuiteBootstrap_Pages/VT_Bootstrap/IssueTransactions/": null

2024-07-13 00:05:19 - [TEST_STEP][PASSED] - path_Receipt = "Object Repository/AdminSuiteBootstrap_Pages/VT_Bootstrap/Receipt/": null

2024-07-13 00:05:19 - [TEST_STEP][PASSED] - path_CCSearch = "Object Repository/AdminSuiteBootstrap_Pages/VT_Bootstrap/CCCreditOrVoidSearch/": null

2024-07-13 00:05:19 - [TEST_STEP][PASSED] - path_SearchResults = "Object Repository/AdminSuiteBootstrap_Pages/VT_Bootstrap/SearchResults/": null

2024-07-13 00:05:19 - [TEST_STEP][PASSED] - path_TranxDetails = "Object Repository/AdminSuiteBootstrap_Pages/VT_Bootstrap/TransactionDetails/": null

2024-07-13 00:05:19 - [TEST_STEP][PASSED] - li_1 = vpos_Prefix: null

2024-07-13 00:05:19 - [TEST_STEP][PASSED] - li_2 = "/transactions/AuthCapForm/": null

2024-07-13 00:05:19 - [TEST_STEP][PASSED] - executionProfile = getExecutionProfile(): null

2024-07-13 00:05:19 - [TEST_STEP][PASSED] - out.println("executionProfile : " + executionProfile): null

2024-07-13 00:05:19 - [TEST_STEP][PASSED] - appName = <not implemented yet for class: org.codehaus.groovy.ast.expr.EmptyExpression>: null

2024-07-13 00:05:19 - [TEST_STEP][PASSED] - appID = <not implemented yet for class: org.codehaus.groovy.ast.expr.EmptyExpression>: null

2024-07-13 00:05:19 - [TEST_STEP][PASSED] - cardNameV = <not implemented yet for class: org.codehaus.groovy.ast.expr.EmptyExpression>: null

2024-07-13 00:05:19 - [TEST_STEP][PASSED] - al1V = <not implemented yet for class: org.codehaus.groovy.ast.expr.EmptyExpression>: null

2024-07-13 00:05:19 - [TEST_STEP][PASSED] - al2V = <not implemented yet for class: org.codehaus.groovy.ast.expr.EmptyExpression>: null

2024-07-13 00:05:19 - [TEST_STEP][PASSED] - zipV = <not implemented yet for class: org.codehaus.groovy.ast.expr.EmptyExpression>: null

2024-07-13 00:05:19 - [TEST_STEP][PASSED] - accType = <not implemented yet for class: org.codehaus.groovy.ast.expr.EmptyExpression>: null

2024-07-13 00:05:19 - [TEST_STEP][PASSED] - last4V = <not implemented yet for class: org.codehaus.groovy.ast.expr.EmptyExpression>: null

2024-07-13 00:05:19 - [TEST_STEP][PASSED] - resText = "Fail": null

2024-07-13 00:05:19 - [TEST_STEP][PASSED] - resColumn = "Result": null

2024-07-13 00:05:19 - [TEST_STEP][PASSED] - datCloumn = "Date": null

2024-07-13 00:05:19 - [TEST_STEP][PASSED] - fileLoc = "C:\KatalonData\Bootstrap\VT-ACH-Data.xlsx": null

2024-07-13 00:05:19 - [TEST_STEP][PASSED] - numOfRows = <not implemented yet for class: org.codehaus.groovy.ast.expr.EmptyExpression>: null

2024-07-13 00:05:19 - [TEST_STEP][PASSED] - dataFile = <not implemented yet for class: org.codehaus.groovy.ast.expr.EmptyExpression>: null

2024-07-13 00:05:19 - [TEST_STEP][PASSED] - nameSheet = <not implemented yet for class: org.codehaus.groovy.ast.expr.EmptyExpression>: null

2024-07-13 00:05:19 - [TEST_STEP][PASSED] - nameSheet = "VT-P-DebitCredit-SingleCF-Gener": null

2024-07-13 00:05:19 - [TEST_STEP][PASSED] - numOfRows = findTestData("QA/Bootstrap/VT-ACH-TestData/VT-DebitCreditData-SingleCF-Generic").getRowNumbers(): null

2024-07-13 00:05:19 - [TEST_STEP][PASSED] - println("Number of Records: " + numOfRows): null

2024-07-13 00:05:19 - [TEST_STEP][PASSED] - dataFile = "QA/Bootstrap/VT-ACH-TestData/VT-DebitCreditData-SingleCF-Generic": null

2024-07-13 00:05:19 - [TEST_STEP][PASSED] - for ([row = 1, row <= numOfRows, (row++)]): Browser is closed

2024-07-13 00:05:19 - [TEST_STEP][PASSED] - ExecuteTC = findTestData(dataFile).getValue("Execute", row): null

2024-07-13 00:05:19 - [TEST_STEP][PASSED] - out.println("Value of Execute is : " + ExecuteTC): null

2024-07-13 00:05:19 - [TEST_STEP][PASSED] - switch (executionProfile): null

2024-07-13 00:05:19 - [TEST_STEP][PASSED] - case "QA2Profile":: null

2024-07-13 00:05:19 - [TEST_STEP][PASSED] - appName = findTestData(dataFile).getValue("AppNameQA", row): null

2024-07-13 00:05:19 - [TEST_STEP][PASSED] - appID = findTestData(dataFile).getValue("AppIDQA", row): null

2024-07-13 00:05:19 - [TEST_STEP][PASSED] - break: null

2024-07-13 00:05:19 - [TEST_STEP][PASSED] - hrefAppID = li_1 + appID + li_2: null

2024-07-13 00:05:19 - [TEST_STEP][PASSED] - hrefApp = li_1 + appID + "/": null

2024-07-13 00:05:19 - [TEST_STEP][PASSED] - println("hrefApp : " + hrefApp): null

2024-07-13 00:05:19 - [TEST_STEP][PASSED] - if (ExecuteTC.equalsIgnoreCase("Y")): Browser is closed

2024-07-13 00:05:19 - [TEST_STEP][PASSED] - out.println("Begin Record Number: " + row): null

2024-07-13 00:05:19 - [TEST_STEP][PASSED] - today = new java.util.Date(): null

2024-07-13 00:05:19 - [TEST_STEP][PASSED] - println(today): null

2024-07-13 00:05:19 - [TEST_STEP][PASSED] - datText = today: null

2024-07-13 00:05:19 - [TEST_STEP][PASSED] - adminSuiteBootstrap.loginFunctionality.login_AdminSuite(): adminSuiteBootstrap.loginFunctionality.login_AdminSuite is PASSED

2024-07-13 00:05:19 - [MESSAGE][INFO] - Starting 'Chrome' driver

2024-07-13 00:05:19 - [MESSAGE][INFO] - User set preference: ['acceptInsecureCerts', 'true']

2024-07-13 00:05:19 - [MESSAGE][INFO] - Action delay is set to 0 milliseconds

2024-07-13 00:05:21 - [MESSAGE][PASSED] - Browser is opened with url: 'https://qa2.velocitypayment.com/admin/imtiaz'

2024-07-13 00:05:22 - [MESSAGE][PASSED] - Current window maximized

2024-07-13 00:05:23 - [MESSAGE][PASSED] - Object 'Object Repository/Login_Page/Login_Username_Okta' is present

2024-07-13 00:05:23 - [MESSAGE][PASSED] - Text 'iahmed' is set on object 'Object Repository/Login_Page/Login_Username_Okta'

2024-07-13 00:05:24 - [MESSAGE][PASSED] - Text 'Hello!6666666' is set on object 'Object Repository/Login_Page/Login_Password_Okta'

2024-07-13 00:05:25 - [MESSAGE][PASSED] - Object: 'Object Repository/Login_Page/Login_Submit_Okta' is clicked on

2024-07-13 00:05:25 - [MESSAGE][PASSED] - adminSuiteBootstrap.loginFunctionality.login_AdminSuite is PASSED

2024-07-13 00:05:25 - [TEST_STEP][PASSED] - click(findTestObject(path_Dashboard + appName)): Object: 'Object Repository/AdminSuiteBootstrap_Pages/Dashboard_Bootstrap/a_Access AutoSingleCFtpQA' is clicked on

2024-07-13 00:05:32 - [MESSAGE][PASSED] - Object: 'Object Repository/AdminSuiteBootstrap_Pages/Dashboard_Bootstrap/a_Access AutoSingleCFtpQA' is clicked on

2024-07-13 00:05:32 - [TEST_STEP][PASSED] - click(findTestObject(path_VT + "button_Debit")): Object: 'Object Repository/AdminSuiteBootstrap_Pages/VT_Bootstrap/IssueTransactions/button_Debit' is clicked on

2024-07-13 00:05:33 - [MESSAGE][PASSED] - Object: 'Object Repository/AdminSuiteBootstrap_Pages/VT_Bootstrap/IssueTransactions/button_Debit' is clicked on

2024-07-13 00:05:33 - [TEST_STEP][PASSED] - click(findTestObject(path_VT + "a_Personal")): Object: 'Object Repository/AdminSuiteBootstrap_Pages/VT_Bootstrap/IssueTransactions/a_Personal' is clicked on

2024-07-13 00:05:34 - [MESSAGE][PASSED] - Object: 'Object Repository/AdminSuiteBootstrap_Pages/VT_Bootstrap/IssueTransactions/a_Personal' is clicked on

2024-07-13 00:05:34 - [TEST_STEP][PASSED] - adminSuiteBootstrap.debitPersonalsetData.debitPersonal_DataDriven(row, dataFile): adminSuiteBootstrap.debitPersonalsetData.debitPersonal_DataDriven is PASSED

2024-07-13 00:05:36 - [MESSAGE][PASSED] - Text 'John' is set on object 'Object Repository/AdminSuiteBootstrap_Pages/VT_Bootstrap/ACHPersonal/input_firstName'

2024-07-13 00:05:37 - [MESSAGE][PASSED] - Text 'Gordonas' is set on object 'Object Repository/AdminSuiteBootstrap_Pages/VT_Bootstrap/ACHPersonal/input_lastName'

2024-07-13 00:05:38 - [MESSAGE][PASSED] - Text '133 Meadow Ln' is set on object 'Object Repository/AdminSuiteBootstrap_Pages/VT_Bootstrap/ACHPersonal/input_address'

2024-07-13 00:05:39 - [MESSAGE][PASSED] - Text 'apt #123' is set on object 'Object Repository/AdminSuiteBootstrap_Pages/VT_Bootstrap/ACHPersonal/input_address2'

2024-07-13 00:05:39 - [MESSAGE][PASSED] - Text '22201' is set on object 'Object Repository/AdminSuiteBootstrap_Pages/VT_Bootstrap/ACHPersonal/input_zip'

2024-07-13 00:05:40 - [MESSAGE][PASSED] - Text '' is set on object 'Object Repository/AdminSuiteBootstrap_Pages/VT_Bootstrap/ACHPersonal/input_emailAddress'

2024-07-13 00:05:42 - [MESSAGE][PASSED] - Text '' is set on object 'Object Repository/AdminSuiteBootstrap_Pages/VT_Bootstrap/ACHPersonal/input_smsNumber'

2024-07-13 00:05:42 - [MESSAGE][PASSED] - Text '45682001' is set on object 'Object Repository/AdminSuiteBootstrap_Pages/VT_Bootstrap/ACHPersonal/input_accountNumber'

2024-07-13 00:05:43 - [MESSAGE][PASSED] - Text '256072691' is set on object 'Object Repository/AdminSuiteBootstrap_Pages/VT_Bootstrap/ACHPersonal/input_routingNumber'

2024-07-13 00:05:44 - [MESSAGE][PASSED] - All options with label 'Checking' are selected in object 'Object Repository/AdminSuiteBootstrap_Pages/VT_Bootstrap/ACHPersonal/select_AccountType'  using regular expression

2024-07-13 00:05:45 - [MESSAGE][PASSED] - All options with label 'PPD - Prearranged Payment and Deposit Entry' are selected in object 'Object Repository/AdminSuiteBootstrap_Pages/VT_Bootstrap/ACHPersonal/select_STD'  using regular expression

2024-07-13 00:05:46 - [MESSAGE][PASSED] - Text '11.5' is set on object 'Object Repository/AdminSuiteBootstrap_Pages/VT_Bootstrap/ACHPersonal/input_amount'

2024-07-13 00:05:47 - [MESSAGE][PASSED] - Text 'Denmark' is set on object 'Object Repository/AdminSuiteBootstrap_Pages/VT_Bootstrap/ACHPersonal/input_userDefined1'

2024-07-13 00:05:48 - [MESSAGE][PASSED] - Text 'Australia' is set on object 'Object Repository/AdminSuiteBootstrap_Pages/VT_Bootstrap/ACHPersonal/input_userDefined2'

2024-07-13 00:05:49 - [MESSAGE][PASSED] - Text 'Austria' is set on object 'Object Repository/AdminSuiteBootstrap_Pages/VT_Bootstrap/ACHPersonal/input_userDefined3'

2024-07-13 00:05:49 - [MESSAGE][PASSED] - Text 'Sweden' is set on object 'Object Repository/AdminSuiteBootstrap_Pages/VT_Bootstrap/ACHPersonal/input_userDefined4'

2024-07-13 00:05:50 - [MESSAGE][PASSED] - All options with label 'Yellow' are selected in object 'Object Repository/AdminSuiteBootstrap_Pages/VT_Bootstrap/ACHPersonal/select_UDF5'  using regular expression

2024-07-13 00:05:51 - [MESSAGE][PASSED] - All options with label 'Orange' are selected in object 'Object Repository/AdminSuiteBootstrap_Pages/VT_Bootstrap/ACHPersonal/select_UDF6'  using regular expression

2024-07-13 00:05:52 - [MESSAGE][PASSED] - Text 'Netherlands' is set on object 'Object Repository/AdminSuiteBootstrap_Pages/VT_Bootstrap/ACHPersonal/input_userDefined7'

2024-07-13 00:05:53 - [MESSAGE][PASSED] - Text 'Norway' is set on object 'Object Repository/AdminSuiteBootstrap_Pages/VT_Bootstrap/ACHPersonal/input_userDefined8'

2024-07-13 00:05:54 - [MESSAGE][PASSED] - Text 'France' is set on object 'Object Repository/AdminSuiteBootstrap_Pages/VT_Bootstrap/ACHPersonal/input_userDefined9'

2024-07-13 00:05:54 - [MESSAGE][PASSED] - Text 'Switzerland' is set on object 'Object Repository/AdminSuiteBootstrap_Pages/VT_Bootstrap/ACHPersonal/input_userDefined10'

2024-07-13 00:05:55 - [MESSAGE][PASSED] - Object: 'Object Repository/AdminSuiteBootstrap_Pages/VT_Bootstrap/ACHPersonal/button_Submit' is clicked on

2024-07-13 00:05:55 - [MESSAGE][PASSED] - adminSuiteBootstrap.debitPersonalsetData.debitPersonal_DataDriven is PASSED

2024-07-13 00:05:55 - [TEST_STEP][PASSED] - if (verifyTextPresent("Transaction Successful", true)): null

2024-07-13 00:05:56 - [MESSAGE][PASSED] - Text 'Transaction Successful' is present on page  using regular expression

2024-07-13 00:05:56 - [TEST_STEP][PASSED] - sdf = getText(findTestObject(path_Receipt + "td_AutoNoC031622113752957Ahm")): Text of object 'Object Repository/AdminSuiteBootstrap_Pages/VT_Bootstrap/Receipt/td_AutoNoC031622113752957Ahm' is: 'AutoSingle071224235824Ahm'

2024-07-13 00:05:56 - [MESSAGE][PASSED] - Text of object 'Object Repository/AdminSuiteBootstrap_Pages/VT_Bootstrap/Receipt/td_AutoNoC031622113752957Ahm' is: 'AutoSingle071224235824Ahm'

2024-07-13 00:05:56 - [TEST_STEP][PASSED] - out.println("sdf: " + sdf): null

2024-07-13 00:05:56 - [TEST_STEP][PASSED] - remID = sdf: null

2024-07-13 00:05:56 - [TEST_STEP][PASSED] - out.println("remID: " + remID): null

2024-07-13 00:05:56 - [TEST_STEP][PASSED] - click(findTestObject(path_Receipt + "button_Continue")): Object: 'Object Repository/AdminSuiteBootstrap_Pages/VT_Bootstrap/Receipt/button_Continue' is clicked on

2024-07-13 00:05:57 - [MESSAGE][PASSED] - Object: 'Object Repository/AdminSuiteBootstrap_Pages/VT_Bootstrap/Receipt/button_Continue' is clicked on

2024-07-13 00:05:57 - [TEST_STEP][PASSED] - click(findTestObject(path_VT + "a_Search Transactions")): Object: 'Object Repository/AdminSuiteBootstrap_Pages/VT_Bootstrap/IssueTransactions/a_Search Transactions' is clicked on

2024-07-13 00:05:58 - [MESSAGE][PASSED] - Object: 'Object Repository/AdminSuiteBootstrap_Pages/VT_Bootstrap/IssueTransactions/a_Search Transactions' is clicked on

2024-07-13 00:05:58 - [TEST_STEP][PASSED] - setText(findTestObject(path_CCSearch + "input_Search By_searchValue"), remID): Text 'AutoSingle071224235824Ahm' is set on object 'Object Repository/AdminSuiteBootstrap_Pages/VT_Bootstrap/CCCreditOrVoidSearch/input_Search By_searchValue'

2024-07-13 00:05:59 - [MESSAGE][PASSED] - Text 'AutoSingle071224235824Ahm' is set on object 'Object Repository/AdminSuiteBootstrap_Pages/VT_Bootstrap/CCCreditOrVoidSearch/input_Search By_searchValue'

2024-07-13 00:05:59 - [TEST_STEP][PASSED] - click(findTestObject(path_CCSearch + "button_Submit")): Object: 'Object Repository/AdminSuiteBootstrap_Pages/VT_Bootstrap/CCCreditOrVoidSearch/button_Submit' is clicked on

2024-07-13 00:06:00 - [MESSAGE][PASSED] - Object: 'Object Repository/AdminSuiteBootstrap_Pages/VT_Bootstrap/CCCreditOrVoidSearch/button_Submit' is clicked on

2024-07-13 00:06:00 - [TEST_STEP][PASSED] - click(findTestObject(path_SearchResults + "button_PaymentID")): Object: 'Object Repository/AdminSuiteBootstrap_Pages/VT_Bootstrap/SearchResults/button_PaymentID' is clicked on

2024-07-13 00:06:01 - [MESSAGE][PASSED] - Object: 'Object Repository/AdminSuiteBootstrap_Pages/VT_Bootstrap/SearchResults/button_PaymentID' is clicked on

2024-07-13 00:06:01 - [TEST_STEP][PASSED] - verifyTextPresent("Tender Type", true): Text 'Tender Type' is present on page  using regular expression

2024-07-13 00:06:01 - [MESSAGE][PASSED] - Text 'Tender Type' is present on page  using regular expression

2024-07-13 00:06:01 - [TEST_STEP][PASSED] - verifyTextPresent("Transaction Type", true): Text 'Transaction Type' is present on page  using regular expression

2024-07-13 00:06:02 - [MESSAGE][PASSED] - Text 'Transaction Type' is present on page  using regular expression

2024-07-13 00:06:02 - [TEST_STEP][PASSED] - verifyTextPresent("Transaction Posted by", true): Text 'Transaction Posted by' is present on page  using regular expression

2024-07-13 00:06:02 - [MESSAGE][PASSED] - Text 'Transaction Posted by' is present on page  using regular expression

2024-07-13 00:06:02 - [TEST_STEP][PASSED] - verifyTextPresent("iahmed", true): Text 'iahmed' is present on page  using regular expression

2024-07-13 00:06:02 - [MESSAGE][PASSED] - Text 'iahmed' is present on page  using regular expression

2024-07-13 00:06:02 - [TEST_STEP][PASSED] - verifyTextPresent("Debit", true): Text 'Debit' is present on page  using regular expression

2024-07-13 00:06:03 - [MESSAGE][PASSED] - Text 'Debit' is present on page  using regular expression

2024-07-13 00:06:03 - [TEST_STEP][PASSED] - click(findTestObject(path_TranxDetails + "a_Credit this transaction")): Object: 'Object Repository/AdminSuiteBootstrap_Pages/VT_Bootstrap/TransactionDetails/a_Credit this transaction' is clicked on

2024-07-13 00:06:04 - [MESSAGE][PASSED] - Object: 'Object Repository/AdminSuiteBootstrap_Pages/VT_Bootstrap/TransactionDetails/a_Credit this transaction' is clicked on

2024-07-13 00:06:04 - [TEST_STEP][PASSED] - partialACNumber = findTestData(dataFile).getValue("AutoCreditNumber", row): null

2024-07-13 00:06:04 - [TEST_STEP][PASSED] - setText(findTestObject(path_TranxDetails + "input_P_accountNumberPrefix"), partialACNumber): Text '4568' is set on object 'Object Repository/AdminSuiteBootstrap_Pages/VT_Bootstrap/TransactionDetails/input_P_accountNumberPrefix'

2024-07-13 00:06:05 - [MESSAGE][PASSED] - Text '4568' is set on object 'Object Repository/AdminSuiteBootstrap_Pages/VT_Bootstrap/TransactionDetails/input_P_accountNumberPrefix'

2024-07-13 00:06:05 - [TEST_STEP][PASSED] - click(findTestObject(path_TranxDetails + "button_Submit")): Object: 'Object Repository/AdminSuiteBootstrap_Pages/VT_Bootstrap/TransactionDetails/button_Submit' is clicked on

2024-07-13 00:06:05 - [MESSAGE][PASSED] - Object: 'Object Repository/AdminSuiteBootstrap_Pages/VT_Bootstrap/TransactionDetails/button_Submit' is clicked on

2024-07-13 00:06:05 - [TEST_STEP][PASSED] - verifyTextPresent("Transaction Successful", true): Text 'Transaction Successful' is present on page  using regular expression

2024-07-13 00:06:06 - [MESSAGE][PASSED] - Text 'Transaction Successful' is present on page  using regular expression

2024-07-13 00:06:06 - [TEST_STEP][PASSED] - verifyTextPresent("Transaction Type", true): Text 'Transaction Type' is present on page  using regular expression

2024-07-13 00:06:06 - [MESSAGE][PASSED] - Text 'Transaction Type' is present on page  using regular expression

2024-07-13 00:06:06 - [TEST_STEP][PASSED] - verifyTextPresent("Credit", true): Text 'Credit' is present on page  using regular expression

2024-07-13 00:06:07 - [MESSAGE][PASSED] - Text 'Credit' is present on page  using regular expression

2024-07-13 00:06:07 - [TEST_STEP][PASSED] - closeBrowser(): Browser is closed

2024-07-13 00:06:08 - [MESSAGE][PASSED] - Browser is closed

2024-07-13 00:06:08 - [TEST_STEP][PASSED] - ExecuteTC = findTestData(dataFile).getValue("Execute", row): null

2024-07-13 00:06:08 - [TEST_STEP][PASSED] - out.println("Value of Execute is : " + ExecuteTC): null

2024-07-13 00:06:08 - [TEST_STEP][PASSED] - switch (executionProfile): null

2024-07-13 00:06:08 - [TEST_STEP][PASSED] - case "QA2Profile":: null

2024-07-13 00:06:08 - [TEST_STEP][PASSED] - appName = findTestData(dataFile).getValue("AppNameQA", row): null

2024-07-13 00:06:08 - [TEST_STEP][PASSED] - appID = findTestData(dataFile).getValue("AppIDQA", row): null

2024-07-13 00:06:08 - [TEST_STEP][PASSED] - break: null

2024-07-13 00:06:08 - [TEST_STEP][PASSED] - hrefAppID = li_1 + appID + li_2: null

2024-07-13 00:06:08 - [TEST_STEP][PASSED] - hrefApp = li_1 + appID + "/": null

2024-07-13 00:06:08 - [TEST_STEP][PASSED] - println("hrefApp : " + hrefApp): null

2024-07-13 00:06:08 - [TEST_STEP][PASSED] - if (ExecuteTC.equalsIgnoreCase("Y")): Browser is closed

2024-07-13 00:06:08 - [TEST_STEP][PASSED] - out.println("Begin Record Number: " + row): null

2024-07-13 00:06:08 - [TEST_STEP][PASSED] - today = new java.util.Date(): null

2024-07-13 00:06:08 - [TEST_STEP][PASSED] - println(today): null

2024-07-13 00:06:08 - [TEST_STEP][PASSED] - datText = today: null

2024-07-13 00:06:08 - [TEST_STEP][PASSED] - adminSuiteBootstrap.loginFunctionality.login_AdminSuite(): adminSuiteBootstrap.loginFunctionality.login_AdminSuite is PASSED

2024-07-13 00:06:08 - [MESSAGE][INFO] - Starting 'Chrome' driver

2024-07-13 00:06:08 - [MESSAGE][INFO] - User set preference: ['acceptInsecureCerts', 'true']

2024-07-13 00:06:08 - [MESSAGE][INFO] - Action delay is set to 0 milliseconds

2024-07-13 00:06:11 - [MESSAGE][PASSED] - Browser is opened with url: 'https://qa2.velocitypayment.com/admin/imtiaz'

2024-07-13 00:06:11 - [MESSAGE][PASSED] - Current window maximized

2024-07-13 00:06:12 - [MESSAGE][PASSED] - Object 'Object Repository/Login_Page/Login_Username_Okta' is present

2024-07-13 00:06:13 - [MESSAGE][PASSED] - Text 'iahmed' is set on object 'Object Repository/Login_Page/Login_Username_Okta'

2024-07-13 00:06:14 - [MESSAGE][PASSED] - Text 'Hello!6666666' is set on object 'Object Repository/Login_Page/Login_Password_Okta'

2024-07-13 00:06:14 - [MESSAGE][PASSED] - Object: 'Object Repository/Login_Page/Login_Submit_Okta' is clicked on

2024-07-13 00:06:14 - [MESSAGE][PASSED] - adminSuiteBootstrap.loginFunctionality.login_AdminSuite is PASSED

2024-07-13 00:06:14 - [TEST_STEP][PASSED] - click(findTestObject(path_Dashboard + appName)): Object: 'Object Repository/AdminSuiteBootstrap_Pages/Dashboard_Bootstrap/a_Access AutoSingleCFtpQA' is clicked on

2024-07-13 00:06:22 - [MESSAGE][PASSED] - Object: 'Object Repository/AdminSuiteBootstrap_Pages/Dashboard_Bootstrap/a_Access AutoSingleCFtpQA' is clicked on

2024-07-13 00:06:22 - [TEST_STEP][PASSED] - click(findTestObject(path_VT + "button_Debit")): Object: 'Object Repository/AdminSuiteBootstrap_Pages/VT_Bootstrap/IssueTransactions/button_Debit' is clicked on

2024-07-13 00:06:22 - [MESSAGE][PASSED] - Object: 'Object Repository/AdminSuiteBootstrap_Pages/VT_Bootstrap/IssueTransactions/button_Debit' is clicked on

2024-07-13 00:06:22 - [TEST_STEP][PASSED] - click(findTestObject(path_VT + "a_Personal")): Object: 'Object Repository/AdminSuiteBootstrap_Pages/VT_Bootstrap/IssueTransactions/a_Personal' is clicked on

2024-07-13 00:06:23 - [MESSAGE][PASSED] - Object: 'Object Repository/AdminSuiteBootstrap_Pages/VT_Bootstrap/IssueTransactions/a_Personal' is clicked on

2024-07-13 00:06:23 - [TEST_STEP][PASSED] - adminSuiteBootstrap.debitPersonalsetData.debitPersonal_DataDriven(row, dataFile): adminSuiteBootstrap.debitPersonalsetData.debitPersonal_DataDriven is PASSED

2024-07-13 00:06:26 - [MESSAGE][PASSED] - Text 'Veronika' is set on object 'Object Repository/AdminSuiteBootstrap_Pages/VT_Bootstrap/ACHPersonal/input_firstName'

2024-07-13 00:06:27 - [MESSAGE][PASSED] - Text 'Inouye' is set on object 'Object Repository/AdminSuiteBootstrap_Pages/VT_Bootstrap/ACHPersonal/input_lastName'

2024-07-13 00:06:27 - [MESSAGE][PASSED] - Text '6 Greenleaf Ave' is set on object 'Object Repository/AdminSuiteBootstrap_Pages/VT_Bootstrap/ACHPersonal/input_address'

2024-07-13 00:06:28 - [MESSAGE][PASSED] - Text 'apt #3' is set on object 'Object Repository/AdminSuiteBootstrap_Pages/VT_Bootstrap/ACHPersonal/input_address2'

2024-07-13 00:06:29 - [MESSAGE][PASSED] - Text '22201' is set on object 'Object Repository/AdminSuiteBootstrap_Pages/VT_Bootstrap/ACHPersonal/input_zip'

2024-07-13 00:06:30 - [MESSAGE][PASSED] - Text '' is set on object 'Object Repository/AdminSuiteBootstrap_Pages/VT_Bootstrap/ACHPersonal/input_emailAddress'

2024-07-13 00:06:31 - [MESSAGE][PASSED] - Text '' is set on object 'Object Repository/AdminSuiteBootstrap_Pages/VT_Bootstrap/ACHPersonal/input_smsNumber'

2024-07-13 00:06:32 - [MESSAGE][PASSED] - Text '45682002' is set on object 'Object Repository/AdminSuiteBootstrap_Pages/VT_Bootstrap/ACHPersonal/input_accountNumber'

2024-07-13 00:06:32 - [MESSAGE][PASSED] - Text '256072691' is set on object 'Object Repository/AdminSuiteBootstrap_Pages/VT_Bootstrap/ACHPersonal/input_routingNumber'

2024-07-13 00:06:33 - [MESSAGE][PASSED] - All options with label 'Checking' are selected in object 'Object Repository/AdminSuiteBootstrap_Pages/VT_Bootstrap/ACHPersonal/select_AccountType'  using regular expression

2024-07-13 00:06:34 - [MESSAGE][PASSED] - All options with label 'TEL - Telephone-Initiated Entry' are selected in object 'Object Repository/AdminSuiteBootstrap_Pages/VT_Bootstrap/ACHPersonal/select_STD'  using regular expression

2024-07-13 00:06:35 - [MESSAGE][PASSED] - Text '11.5' is set on object 'Object Repository/AdminSuiteBootstrap_Pages/VT_Bootstrap/ACHPersonal/input_amount'

2024-07-13 00:06:36 - [MESSAGE][PASSED] - Text 'Denmark' is set on object 'Object Repository/AdminSuiteBootstrap_Pages/VT_Bootstrap/ACHPersonal/input_userDefined1'

2024-07-13 00:06:37 - [MESSAGE][PASSED] - Text 'Australia' is set on object 'Object Repository/AdminSuiteBootstrap_Pages/VT_Bootstrap/ACHPersonal/input_userDefined2'

2024-07-13 00:06:38 - [MESSAGE][PASSED] - Text 'Austria' is set on object 'Object Repository/AdminSuiteBootstrap_Pages/VT_Bootstrap/ACHPersonal/input_userDefined3'

2024-07-13 00:06:39 - [MESSAGE][PASSED] - Text 'Sweden' is set on object 'Object Repository/AdminSuiteBootstrap_Pages/VT_Bootstrap/ACHPersonal/input_userDefined4'

2024-07-13 00:06:40 - [MESSAGE][PASSED] - All options with label 'Yellow' are selected in object 'Object Repository/AdminSuiteBootstrap_Pages/VT_Bootstrap/ACHPersonal/select_UDF5'  using regular expression

2024-07-13 00:06:41 - [MESSAGE][PASSED] - All options with label 'Orange' are selected in object 'Object Repository/AdminSuiteBootstrap_Pages/VT_Bootstrap/ACHPersonal/select_UDF6'  using regular expression

2024-07-13 00:06:41 - [MESSAGE][PASSED] - Text 'Netherlands' is set on object 'Object Repository/AdminSuiteBootstrap_Pages/VT_Bootstrap/ACHPersonal/input_userDefined7'

2024-07-13 00:06:42 - [MESSAGE][PASSED] - Text 'Norway' is set on object 'Object Repository/AdminSuiteBootstrap_Pages/VT_Bootstrap/ACHPersonal/input_userDefined8'

2024-07-13 00:06:43 - [MESSAGE][PASSED] - Text 'France' is set on object 'Object Repository/AdminSuiteBootstrap_Pages/VT_Bootstrap/ACHPersonal/input_userDefined9'

2024-07-13 00:06:43 - [MESSAGE][PASSED] - Text 'Switzerland' is set on object 'Object Repository/AdminSuiteBootstrap_Pages/VT_Bootstrap/ACHPersonal/input_userDefined10'

2024-07-13 00:06:44 - [MESSAGE][PASSED] - Object: 'Object Repository/AdminSuiteBootstrap_Pages/VT_Bootstrap/ACHPersonal/button_Submit' is clicked on

2024-07-13 00:06:44 - [MESSAGE][PASSED] - adminSuiteBootstrap.debitPersonalsetData.debitPersonal_DataDriven is PASSED

2024-07-13 00:06:44 - [TEST_STEP][PASSED] - if (verifyTextPresent("Transaction Successful", true)): null

2024-07-13 00:06:45 - [MESSAGE][PASSED] - Text 'Transaction Successful' is present on page  using regular expression

2024-07-13 00:06:45 - [TEST_STEP][PASSED] - sdf = getText(findTestObject(path_Receipt + "td_AutoNoC031622113752957Ahm")): Text of object 'Object Repository/AdminSuiteBootstrap_Pages/VT_Bootstrap/Receipt/td_AutoNoC031622113752957Ahm' is: 'AutoSingle071224235914Ahm'

2024-07-13 00:06:45 - [MESSAGE][PASSED] - Text of object 'Object Repository/AdminSuiteBootstrap_Pages/VT_Bootstrap/Receipt/td_AutoNoC031622113752957Ahm' is: 'AutoSingle071224235914Ahm'

2024-07-13 00:06:45 - [TEST_STEP][PASSED] - out.println("sdf: " + sdf): null

2024-07-13 00:06:45 - [TEST_STEP][PASSED] - remID = sdf: null

2024-07-13 00:06:45 - [TEST_STEP][PASSED] - out.println("remID: " + remID): null

2024-07-13 00:06:45 - [TEST_STEP][PASSED] - click(findTestObject(path_Receipt + "button_Continue")): Object: 'Object Repository/AdminSuiteBootstrap_Pages/VT_Bootstrap/Receipt/button_Continue' is clicked on

2024-07-13 00:06:46 - [MESSAGE][PASSED] - Object: 'Object Repository/AdminSuiteBootstrap_Pages/VT_Bootstrap/Receipt/button_Continue' is clicked on

2024-07-13 00:06:46 - [TEST_STEP][PASSED] - click(findTestObject(path_VT + "a_Search Transactions")): Object: 'Object Repository/AdminSuiteBootstrap_Pages/VT_Bootstrap/IssueTransactions/a_Search Transactions' is clicked on

2024-07-13 00:06:47 - [MESSAGE][PASSED] - Object: 'Object Repository/AdminSuiteBootstrap_Pages/VT_Bootstrap/IssueTransactions/a_Search Transactions' is clicked on

2024-07-13 00:06:47 - [TEST_STEP][PASSED] - setText(findTestObject(path_CCSearch + "input_Search By_searchValue"), remID): Text 'AutoSingle071224235914Ahm' is set on object 'Object Repository/AdminSuiteBootstrap_Pages/VT_Bootstrap/CCCreditOrVoidSearch/input_Search By_searchValue'

2024-07-13 00:06:48 - [MESSAGE][PASSED] - Text 'AutoSingle071224235914Ahm' is set on object 'Object Repository/AdminSuiteBootstrap_Pages/VT_Bootstrap/CCCreditOrVoidSearch/input_Search By_searchValue'

2024-07-13 00:06:48 - [TEST_STEP][PASSED] - click(findTestObject(path_CCSearch + "button_Submit")): Object: 'Object Repository/AdminSuiteBootstrap_Pages/VT_Bootstrap/CCCreditOrVoidSearch/button_Submit' is clicked on

2024-07-13 00:06:49 - [MESSAGE][PASSED] - Object: 'Object Repository/AdminSuiteBootstrap_Pages/VT_Bootstrap/CCCreditOrVoidSearch/button_Submit' is clicked on

2024-07-13 00:06:49 - [TEST_STEP][PASSED] - click(findTestObject(path_SearchResults + "button_PaymentID")): Object: 'Object Repository/AdminSuiteBootstrap_Pages/VT_Bootstrap/SearchResults/button_PaymentID' is clicked on

2024-07-13 00:06:50 - [MESSAGE][PASSED] - Object: 'Object Repository/AdminSuiteBootstrap_Pages/VT_Bootstrap/SearchResults/button_PaymentID' is clicked on

2024-07-13 00:06:50 - [TEST_STEP][PASSED] - verifyTextPresent("Tender Type", true): Text 'Tender Type' is present on page  using regular expression

2024-07-13 00:06:50 - [MESSAGE][PASSED] - Text 'Tender Type' is present on page  using regular expression

2024-07-13 00:06:50 - [TEST_STEP][PASSED] - verifyTextPresent("Transaction Type", true): Text 'Transaction Type' is present on page  using regular expression

2024-07-13 00:06:51 - [MESSAGE][PASSED] - Text 'Transaction Type' is present on page  using regular expression

2024-07-13 00:06:51 - [TEST_STEP][PASSED] - verifyTextPresent("Transaction Posted by", true): Text 'Transaction Posted by' is present on page  using regular expression

2024-07-13 00:06:51 - [MESSAGE][PASSED] - Text 'Transaction Posted by' is present on page  using regular expression

2024-07-13 00:06:51 - [TEST_STEP][PASSED] - verifyTextPresent("iahmed", true): Text 'iahmed' is present on page  using regular expression

2024-07-13 00:06:51 - [MESSAGE][PASSED] - Text 'iahmed' is present on page  using regular expression

2024-07-13 00:06:51 - [TEST_STEP][PASSED] - verifyTextPresent("Debit", true): Text 'Debit' is present on page  using regular expression

2024-07-13 00:06:52 - [MESSAGE][PASSED] - Text 'Debit' is present on page  using regular expression

2024-07-13 00:06:52 - [TEST_STEP][PASSED] - click(findTestObject(path_TranxDetails + "a_Credit this transaction")): Object: 'Object Repository/AdminSuiteBootstrap_Pages/VT_Bootstrap/TransactionDetails/a_Credit this transaction' is clicked on

2024-07-13 00:06:53 - [MESSAGE][PASSED] - Object: 'Object Repository/AdminSuiteBootstrap_Pages/VT_Bootstrap/TransactionDetails/a_Credit this transaction' is clicked on

2024-07-13 00:06:53 - [TEST_STEP][PASSED] - partialACNumber = findTestData(dataFile).getValue("AutoCreditNumber", row): null

2024-07-13 00:06:53 - [TEST_STEP][PASSED] - setText(findTestObject(path_TranxDetails + "input_P_accountNumberPrefix"), partialACNumber): Text '4568' is set on object 'Object Repository/AdminSuiteBootstrap_Pages/VT_Bootstrap/TransactionDetails/input_P_accountNumberPrefix'

2024-07-13 00:06:54 - [MESSAGE][PASSED] - Text '4568' is set on object 'Object Repository/AdminSuiteBootstrap_Pages/VT_Bootstrap/TransactionDetails/input_P_accountNumberPrefix'

2024-07-13 00:06:54 - [TEST_STEP][PASSED] - click(findTestObject(path_TranxDetails + "button_Submit")): Object: 'Object Repository/AdminSuiteBootstrap_Pages/VT_Bootstrap/TransactionDetails/button_Submit' is clicked on

2024-07-13 00:06:55 - [MESSAGE][PASSED] - Object: 'Object Repository/AdminSuiteBootstrap_Pages/VT_Bootstrap/TransactionDetails/button_Submit' is clicked on

2024-07-13 00:06:55 - [TEST_STEP][PASSED] - verifyTextPresent("Transaction Successful", true): Text 'Transaction Successful' is present on page  using regular expression

2024-07-13 00:06:55 - [MESSAGE][PASSED] - Text 'Transaction Successful' is present on page  using regular expression

2024-07-13 00:06:55 - [TEST_STEP][PASSED] - verifyTextPresent("Transaction Type", true): Text 'Transaction Type' is present on page  using regular expression

2024-07-13 00:06:56 - [MESSAGE][PASSED] - Text 'Transaction Type' is present on page  using regular expression

2024-07-13 00:06:56 - [TEST_STEP][PASSED] - verifyTextPresent("Credit", true): Text 'Credit' is present on page  using regular expression

2024-07-13 00:06:56 - [MESSAGE][PASSED] - Text 'Credit' is present on page  using regular expression

2024-07-13 00:06:56 - [TEST_STEP][PASSED] - closeBrowser(): Browser is closed

2024-07-13 00:06:57 - [MESSAGE][PASSED] - Browser is closed

2024-07-13 00:06:57 - [TEST_STEP][PASSED] - ExecuteTC = findTestData(dataFile).getValue("Execute", row): null

2024-07-13 00:06:57 - [TEST_STEP][PASSED] - out.println("Value of Execute is : " + ExecuteTC): null

2024-07-13 00:06:57 - [TEST_STEP][PASSED] - switch (executionProfile): null

2024-07-13 00:06:57 - [TEST_STEP][PASSED] - case "QA2Profile":: null

2024-07-13 00:06:57 - [TEST_STEP][PASSED] - appName = findTestData(dataFile).getValue("AppNameQA", row): null

2024-07-13 00:06:57 - [TEST_STEP][PASSED] - appID = findTestData(dataFile).getValue("AppIDQA", row): null

2024-07-13 00:06:57 - [TEST_STEP][PASSED] - break: null

2024-07-13 00:06:57 - [TEST_STEP][PASSED] - hrefAppID = li_1 + appID + li_2: null

2024-07-13 00:06:57 - [TEST_STEP][PASSED] - hrefApp = li_1 + appID + "/": null

2024-07-13 00:06:57 - [TEST_STEP][PASSED] - println("hrefApp : " + hrefApp): null

2024-07-13 00:06:57 - [TEST_STEP][PASSED] - if (ExecuteTC.equalsIgnoreCase("Y")): Browser is closed

2024-07-13 00:06:57 - [TEST_STEP][PASSED] - out.println("Begin Record Number: " + row): null

2024-07-13 00:06:57 - [TEST_STEP][PASSED] - today = new java.util.Date(): null

2024-07-13 00:06:57 - [TEST_STEP][PASSED] - println(today): null

2024-07-13 00:06:57 - [TEST_STEP][PASSED] - datText = today: null

2024-07-13 00:06:57 - [TEST_STEP][PASSED] - adminSuiteBootstrap.loginFunctionality.login_AdminSuite(): adminSuiteBootstrap.loginFunctionality.login_AdminSuite is PASSED

2024-07-13 00:06:57 - [MESSAGE][INFO] - Starting 'Chrome' driver

2024-07-13 00:06:57 - [MESSAGE][INFO] - User set preference: ['acceptInsecureCerts', 'true']

2024-07-13 00:06:57 - [MESSAGE][INFO] - Action delay is set to 0 milliseconds

2024-07-13 00:07:00 - [MESSAGE][PASSED] - Browser is opened with url: 'https://qa2.velocitypayment.com/admin/imtiaz'

2024-07-13 00:07:00 - [MESSAGE][PASSED] - Current window maximized

2024-07-13 00:07:01 - [MESSAGE][PASSED] - Object 'Object Repository/Login_Page/Login_Username_Okta' is present

2024-07-13 00:07:01 - [MESSAGE][PASSED] - Text 'iahmed' is set on object 'Object Repository/Login_Page/Login_Username_Okta'

2024-07-13 00:07:02 - [MESSAGE][PASSED] - Text 'Hello!6666666' is set on object 'Object Repository/Login_Page/Login_Password_Okta'

2024-07-13 00:07:03 - [MESSAGE][PASSED] - Object: 'Object Repository/Login_Page/Login_Submit_Okta' is clicked on

2024-07-13 00:07:03 - [MESSAGE][PASSED] - adminSuiteBootstrap.loginFunctionality.login_AdminSuite is PASSED

2024-07-13 00:07:03 - [TEST_STEP][PASSED] - click(findTestObject(path_Dashboard + appName)): Object: 'Object Repository/AdminSuiteBootstrap_Pages/Dashboard_Bootstrap/a_Access AutoSingleCFtpQA' is clicked on

2024-07-13 00:07:10 - [MESSAGE][PASSED] - Object: 'Object Repository/AdminSuiteBootstrap_Pages/Dashboard_Bootstrap/a_Access AutoSingleCFtpQA' is clicked on

2024-07-13 00:07:10 - [TEST_STEP][PASSED] - click(findTestObject(path_VT + "button_Debit")): Object: 'Object Repository/AdminSuiteBootstrap_Pages/VT_Bootstrap/IssueTransactions/button_Debit' is clicked on

2024-07-13 00:07:11 - [MESSAGE][PASSED] - Object: 'Object Repository/AdminSuiteBootstrap_Pages/VT_Bootstrap/IssueTransactions/button_Debit' is clicked on

2024-07-13 00:07:11 - [TEST_STEP][PASSED] - click(findTestObject(path_VT + "a_Personal")): Object: 'Object Repository/AdminSuiteBootstrap_Pages/VT_Bootstrap/IssueTransactions/a_Personal' is clicked on

2024-07-13 00:07:12 - [MESSAGE][PASSED] - Object: 'Object Repository/AdminSuiteBootstrap_Pages/VT_Bootstrap/IssueTransactions/a_Personal' is clicked on

2024-07-13 00:07:12 - [TEST_STEP][PASSED] - adminSuiteBootstrap.debitPersonalsetData.debitPersonal_DataDriven(row, dataFile): adminSuiteBootstrap.debitPersonalsetData.debitPersonal_DataDriven is PASSED

2024-07-13 00:07:15 - [MESSAGE][PASSED] - Text 'Bette' is set on object 'Object Repository/AdminSuiteBootstrap_Pages/VT_Bootstrap/ACHPersonal/input_firstName'

2024-07-13 00:07:16 - [MESSAGE][PASSED] - Text 'Nicka' is set on object 'Object Repository/AdminSuiteBootstrap_Pages/VT_Bootstrap/ACHPersonal/input_lastName'

2024-07-13 00:07:16 - [MESSAGE][PASSED] - Text '6 S 33rd St' is set on object 'Object Repository/AdminSuiteBootstrap_Pages/VT_Bootstrap/ACHPersonal/input_address'

2024-07-13 00:07:17 - [MESSAGE][PASSED] - Text 'apt #2' is set on object 'Object Repository/AdminSuiteBootstrap_Pages/VT_Bootstrap/ACHPersonal/input_address2'

2024-07-13 00:07:18 - [MESSAGE][PASSED] - Text '22201' is set on object 'Object Repository/AdminSuiteBootstrap_Pages/VT_Bootstrap/ACHPersonal/input_zip'

2024-07-13 00:07:19 - [MESSAGE][PASSED] - Text '' is set on object 'Object Repository/AdminSuiteBootstrap_Pages/VT_Bootstrap/ACHPersonal/input_emailAddress'

2024-07-13 00:07:20 - [MESSAGE][PASSED] - Text '' is set on object 'Object Repository/AdminSuiteBootstrap_Pages/VT_Bootstrap/ACHPersonal/input_smsNumber'

2024-07-13 00:07:21 - [MESSAGE][PASSED] - Text '45682003' is set on object 'Object Repository/AdminSuiteBootstrap_Pages/VT_Bootstrap/ACHPersonal/input_accountNumber'

2024-07-13 00:07:22 - [MESSAGE][PASSED] - Text '256072691' is set on object 'Object Repository/AdminSuiteBootstrap_Pages/VT_Bootstrap/ACHPersonal/input_routingNumber'

2024-07-13 00:07:23 - [MESSAGE][PASSED] - All options with label 'Savings' are selected in object 'Object Repository/AdminSuiteBootstrap_Pages/VT_Bootstrap/ACHPersonal/select_AccountType'  using regular expression

2024-07-13 00:07:24 - [MESSAGE][PASSED] - All options with label 'PPD - Prearranged Payment and Deposit Entry' are selected in object 'Object Repository/AdminSuiteBootstrap_Pages/VT_Bootstrap/ACHPersonal/select_STD'  using regular expression

2024-07-13 00:07:25 - [MESSAGE][PASSED] - Text '11.5' is set on object 'Object Repository/AdminSuiteBootstrap_Pages/VT_Bootstrap/ACHPersonal/input_amount'

2024-07-13 00:07:26 - [MESSAGE][PASSED] - Text 'Denmark' is set on object 'Object Repository/AdminSuiteBootstrap_Pages/VT_Bootstrap/ACHPersonal/input_userDefined1'

2024-07-13 00:07:27 - [MESSAGE][PASSED] - Text 'Australia' is set on object 'Object Repository/AdminSuiteBootstrap_Pages/VT_Bootstrap/ACHPersonal/input_userDefined2'

2024-07-13 00:07:27 - [MESSAGE][PASSED] - Text 'Austria' is set on object 'Object Repository/AdminSuiteBootstrap_Pages/VT_Bootstrap/ACHPersonal/input_userDefined3'

2024-07-13 00:07:28 - [MESSAGE][PASSED] - Text 'Sweden' is set on object 'Object Repository/AdminSuiteBootstrap_Pages/VT_Bootstrap/ACHPersonal/input_userDefined4'

2024-07-13 00:07:29 - [MESSAGE][PASSED] - All options with label 'Yellow' are selected in object 'Object Repository/AdminSuiteBootstrap_Pages/VT_Bootstrap/ACHPersonal/select_UDF5'  using regular expression

2024-07-13 00:07:30 - [MESSAGE][PASSED] - All options with label 'Orange' are selected in object 'Object Repository/AdminSuiteBootstrap_Pages/VT_Bootstrap/ACHPersonal/select_UDF6'  using regular expression

2024-07-13 00:07:31 - [MESSAGE][PASSED] - Text 'Netherlands' is set on object 'Object Repository/AdminSuiteBootstrap_Pages/VT_Bootstrap/ACHPersonal/input_userDefined7'

2024-07-13 00:07:32 - [MESSAGE][PASSED] - Text 'Norway' is set on object 'Object Repository/AdminSuiteBootstrap_Pages/VT_Bootstrap/ACHPersonal/input_userDefined8'

2024-07-13 00:07:32 - [MESSAGE][PASSED] - Text 'France' is set on object 'Object Repository/AdminSuiteBootstrap_Pages/VT_Bootstrap/ACHPersonal/input_userDefined9'

2024-07-13 00:07:33 - [MESSAGE][PASSED] - Text 'Switzerland' is set on object 'Object Repository/AdminSuiteBootstrap_Pages/VT_Bootstrap/ACHPersonal/input_userDefined10'

2024-07-13 00:07:35 - [MESSAGE][PASSED] - Object: 'Object Repository/AdminSuiteBootstrap_Pages/VT_Bootstrap/ACHPersonal/button_Submit' is clicked on

2024-07-13 00:07:35 - [MESSAGE][PASSED] - adminSuiteBootstrap.debitPersonalsetData.debitPersonal_DataDriven is PASSED

2024-07-13 00:07:35 - [TEST_STEP][PASSED] - if (verifyTextPresent("Transaction Successful", true)): null

2024-07-13 00:07:36 - [MESSAGE][PASSED] - Text 'Transaction Successful' is present on page  using regular expression

2024-07-13 00:07:36 - [TEST_STEP][PASSED] - sdf = getText(findTestObject(path_Receipt + "td_AutoNoC031622113752957Ahm")): Text of object 'Object Repository/AdminSuiteBootstrap_Pages/VT_Bootstrap/Receipt/td_AutoNoC031622113752957Ahm' is: 'AutoSingle071324000003Ahm'

2024-07-13 00:07:36 - [MESSAGE][PASSED] - Text of object 'Object Repository/AdminSuiteBootstrap_Pages/VT_Bootstrap/Receipt/td_AutoNoC031622113752957Ahm' is: 'AutoSingle071324000003Ahm'

2024-07-13 00:07:36 - [TEST_STEP][PASSED] - out.println("sdf: " + sdf): null

2024-07-13 00:07:36 - [TEST_STEP][PASSED] - remID = sdf: null

2024-07-13 00:07:36 - [TEST_STEP][PASSED] - out.println("remID: " + remID): null

2024-07-13 00:07:36 - [TEST_STEP][PASSED] - click(findTestObject(path_Receipt + "button_Continue")): Object: 'Object Repository/AdminSuiteBootstrap_Pages/VT_Bootstrap/Receipt/button_Continue' is clicked on

2024-07-13 00:07:37 - [MESSAGE][PASSED] - Object: 'Object Repository/AdminSuiteBootstrap_Pages/VT_Bootstrap/Receipt/button_Continue' is clicked on

2024-07-13 00:07:37 - [TEST_STEP][PASSED] - click(findTestObject(path_VT + "a_Search Transactions")): Object: 'Object Repository/AdminSuiteBootstrap_Pages/VT_Bootstrap/IssueTransactions/a_Search Transactions' is clicked on

2024-07-13 00:07:38 - [MESSAGE][PASSED] - Object: 'Object Repository/AdminSuiteBootstrap_Pages/VT_Bootstrap/IssueTransactions/a_Search Transactions' is clicked on

2024-07-13 00:07:38 - [TEST_STEP][PASSED] - setText(findTestObject(path_CCSearch + "input_Search By_searchValue"), remID): Text 'AutoSingle071324000003Ahm' is set on object 'Object Repository/AdminSuiteBootstrap_Pages/VT_Bootstrap/CCCreditOrVoidSearch/input_Search By_searchValue'

2024-07-13 00:07:39 - [MESSAGE][PASSED] - Text 'AutoSingle071324000003Ahm' is set on object 'Object Repository/AdminSuiteBootstrap_Pages/VT_Bootstrap/CCCreditOrVoidSearch/input_Search By_searchValue'

2024-07-13 00:07:39 - [TEST_STEP][PASSED] - click(findTestObject(path_CCSearch + "button_Submit")): Object: 'Object Repository/AdminSuiteBootstrap_Pages/VT_Bootstrap/CCCreditOrVoidSearch/button_Submit' is clicked on

2024-07-13 00:07:39 - [MESSAGE][PASSED] - Object: 'Object Repository/AdminSuiteBootstrap_Pages/VT_Bootstrap/CCCreditOrVoidSearch/button_Submit' is clicked on

2024-07-13 00:07:39 - [TEST_STEP][PASSED] - click(findTestObject(path_SearchResults + "button_PaymentID")): Object: 'Object Repository/AdminSuiteBootstrap_Pages/VT_Bootstrap/SearchResults/button_PaymentID' is clicked on

2024-07-13 00:07:40 - [MESSAGE][PASSED] - Object: 'Object Repository/AdminSuiteBootstrap_Pages/VT_Bootstrap/SearchResults/button_PaymentID' is clicked on

2024-07-13 00:07:40 - [TEST_STEP][PASSED] - verifyTextPresent("Tender Type", true): Text 'Tender Type' is present on page  using regular expression

2024-07-13 00:07:41 - [MESSAGE][PASSED] - Text 'Tender Type' is present on page  using regular expression

2024-07-13 00:07:41 - [TEST_STEP][PASSED] - verifyTextPresent("Transaction Type", true): Text 'Transaction Type' is present on page  using regular expression

2024-07-13 00:07:41 - [MESSAGE][PASSED] - Text 'Transaction Type' is present on page  using regular expression

2024-07-13 00:07:41 - [TEST_STEP][PASSED] - verifyTextPresent("Transaction Posted by", true): Text 'Transaction Posted by' is present on page  using regular expression

2024-07-13 00:07:42 - [MESSAGE][PASSED] - Text 'Transaction Posted by' is present on page  using regular expression

2024-07-13 00:07:42 - [TEST_STEP][PASSED] - verifyTextPresent("iahmed", true): Text 'iahmed' is present on page  using regular expression

2024-07-13 00:07:42 - [MESSAGE][PASSED] - Text 'iahmed' is present on page  using regular expression

2024-07-13 00:07:42 - [TEST_STEP][PASSED] - verifyTextPresent("Debit", true): Text 'Debit' is present on page  using regular expression

2024-07-13 00:07:42 - [MESSAGE][PASSED] - Text 'Debit' is present on page  using regular expression

2024-07-13 00:07:42 - [TEST_STEP][PASSED] - click(findTestObject(path_TranxDetails + "a_Credit this transaction")): Object: 'Object Repository/AdminSuiteBootstrap_Pages/VT_Bootstrap/TransactionDetails/a_Credit this transaction' is clicked on

2024-07-13 00:07:44 - [MESSAGE][PASSED] - Object: 'Object Repository/AdminSuiteBootstrap_Pages/VT_Bootstrap/TransactionDetails/a_Credit this transaction' is clicked on

2024-07-13 00:07:44 - [TEST_STEP][PASSED] - partialACNumber = findTestData(dataFile).getValue("AutoCreditNumber", row): null

2024-07-13 00:07:44 - [TEST_STEP][PASSED] - setText(findTestObject(path_TranxDetails + "input_P_accountNumberPrefix"), partialACNumber): Text '4568' is set on object 'Object Repository/AdminSuiteBootstrap_Pages/VT_Bootstrap/TransactionDetails/input_P_accountNumberPrefix'

2024-07-13 00:07:45 - [MESSAGE][PASSED] - Text '4568' is set on object 'Object Repository/AdminSuiteBootstrap_Pages/VT_Bootstrap/TransactionDetails/input_P_accountNumberPrefix'

2024-07-13 00:07:45 - [TEST_STEP][PASSED] - click(findTestObject(path_TranxDetails + "button_Submit")): Object: 'Object Repository/AdminSuiteBootstrap_Pages/VT_Bootstrap/TransactionDetails/button_Submit' is clicked on

2024-07-13 00:07:46 - [MESSAGE][PASSED] - Object: 'Object Repository/AdminSuiteBootstrap_Pages/VT_Bootstrap/TransactionDetails/button_Submit' is clicked on

2024-07-13 00:07:46 - [TEST_STEP][PASSED] - verifyTextPresent("Transaction Successful", true): Text 'Transaction Successful' is present on page  using regular expression

2024-07-13 00:07:47 - [MESSAGE][PASSED] - Text 'Transaction Successful' is present on page  using regular expression

2024-07-13 00:07:47 - [TEST_STEP][PASSED] - verifyTextPresent("Transaction Type", true): Text 'Transaction Type' is present on page  using regular expression

2024-07-13 00:07:47 - [MESSAGE][PASSED] - Text 'Transaction Type' is present on page  using regular expression

2024-07-13 00:07:47 - [TEST_STEP][PASSED] - verifyTextPresent("Credit", true): Text 'Credit' is present on page  using regular expression

2024-07-13 00:07:47 - [MESSAGE][PASSED] - Text 'Credit' is present on page  using regular expression

2024-07-13 00:07:47 - [TEST_STEP][PASSED] - closeBrowser(): Browser is closed

2024-07-13 00:07:48 - [MESSAGE][PASSED] - Browser is closed

2024-07-13 00:07:48 - [TEST_STEP][PASSED] - ExecuteTC = findTestData(dataFile).getValue("Execute", row): null

2024-07-13 00:07:48 - [TEST_STEP][PASSED] - out.println("Value of Execute is : " + ExecuteTC): null

2024-07-13 00:07:48 - [TEST_STEP][PASSED] - switch (executionProfile): null

2024-07-13 00:07:48 - [TEST_STEP][PASSED] - case "QA2Profile":: null

2024-07-13 00:07:48 - [TEST_STEP][PASSED] - appName = findTestData(dataFile).getValue("AppNameQA", row): null

2024-07-13 00:07:48 - [TEST_STEP][PASSED] - appID = findTestData(dataFile).getValue("AppIDQA", row): null

2024-07-13 00:07:49 - [TEST_STEP][PASSED] - break: null

2024-07-13 00:07:49 - [TEST_STEP][PASSED] - hrefAppID = li_1 + appID + li_2: null

2024-07-13 00:07:49 - [TEST_STEP][PASSED] - hrefApp = li_1 + appID + "/": null

2024-07-13 00:07:49 - [TEST_STEP][PASSED] - println("hrefApp : " + hrefApp): null

2024-07-13 00:07:49 - [TEST_STEP][PASSED] - if (ExecuteTC.equalsIgnoreCase("Y")): Browser is closed

2024-07-13 00:07:49 - [TEST_STEP][PASSED] - out.println("Begin Record Number: " + row): null

2024-07-13 00:07:49 - [TEST_STEP][PASSED] - today = new java.util.Date(): null

2024-07-13 00:07:49 - [TEST_STEP][PASSED] - println(today): null

2024-07-13 00:07:49 - [TEST_STEP][PASSED] - datText = today: null

2024-07-13 00:07:49 - [TEST_STEP][PASSED] - adminSuiteBootstrap.loginFunctionality.login_AdminSuite(): adminSuiteBootstrap.loginFunctionality.login_AdminSuite is PASSED

2024-07-13 00:07:49 - [MESSAGE][INFO] - Starting 'Chrome' driver

2024-07-13 00:07:49 - [MESSAGE][INFO] - User set preference: ['acceptInsecureCerts', 'true']

2024-07-13 00:07:49 - [MESSAGE][INFO] - Action delay is set to 0 milliseconds

2024-07-13 00:07:50 - [MESSAGE][PASSED] - Browser is opened with url: 'https://qa2.velocitypayment.com/admin/imtiaz'

2024-07-13 00:07:51 - [MESSAGE][PASSED] - Current window maximized

2024-07-13 00:07:52 - [MESSAGE][PASSED] - Object 'Object Repository/Login_Page/Login_Username_Okta' is present

2024-07-13 00:07:53 - [MESSAGE][PASSED] - Text 'iahmed' is set on object 'Object Repository/Login_Page/Login_Username_Okta'

2024-07-13 00:07:54 - [MESSAGE][PASSED] - Text 'Hello!6666666' is set on object 'Object Repository/Login_Page/Login_Password_Okta'

2024-07-13 00:07:54 - [MESSAGE][PASSED] - Object: 'Object Repository/Login_Page/Login_Submit_Okta' is clicked on

2024-07-13 00:07:54 - [MESSAGE][PASSED] - adminSuiteBootstrap.loginFunctionality.login_AdminSuite is PASSED

2024-07-13 00:07:54 - [TEST_STEP][PASSED] - click(findTestObject(path_Dashboard + appName)): Object: 'Object Repository/AdminSuiteBootstrap_Pages/Dashboard_Bootstrap/a_Access AutoSingleCFtpQA' is clicked on

2024-07-13 00:08:03 - [MESSAGE][PASSED] - Object: 'Object Repository/AdminSuiteBootstrap_Pages/Dashboard_Bootstrap/a_Access AutoSingleCFtpQA' is clicked on

2024-07-13 00:08:03 - [TEST_STEP][PASSED] - click(findTestObject(path_VT + "button_Debit")): Object: 'Object Repository/AdminSuiteBootstrap_Pages/VT_Bootstrap/IssueTransactions/button_Debit' is clicked on

2024-07-13 00:08:04 - [MESSAGE][PASSED] - Object: 'Object Repository/AdminSuiteBootstrap_Pages/VT_Bootstrap/IssueTransactions/button_Debit' is clicked on

2024-07-13 00:08:04 - [TEST_STEP][PASSED] - click(findTestObject(path_VT + "a_Personal")): Object: 'Object Repository/AdminSuiteBootstrap_Pages/VT_Bootstrap/IssueTransactions/a_Personal' is clicked on

2024-07-13 00:08:05 - [MESSAGE][PASSED] - Object: 'Object Repository/AdminSuiteBootstrap_Pages/VT_Bootstrap/IssueTransactions/a_Personal' is clicked on

2024-07-13 00:08:05 - [TEST_STEP][PASSED] - adminSuiteBootstrap.debitPersonalsetData.debitPersonal_DataDriven(row, dataFile): adminSuiteBootstrap.debitPersonalsetData.debitPersonal_DataDriven is PASSED

2024-07-13 00:08:07 - [MESSAGE][PASSED] - Text 'Alisha' is set on object 'Object Repository/AdminSuiteBootstrap_Pages/VT_Bootstrap/ACHPersonal/input_firstName'

2024-07-13 00:08:08 - [MESSAGE][PASSED] - Text 'Slusarski' is set on object 'Object Repository/AdminSuiteBootstrap_Pages/VT_Bootstrap/ACHPersonal/input_lastName'

2024-07-13 00:08:09 - [MESSAGE][PASSED] - Text '3273 State St' is set on object 'Object Repository/AdminSuiteBootstrap_Pages/VT_Bootstrap/ACHPersonal/input_address'

2024-07-13 00:08:10 - [MESSAGE][PASSED] - Text 'apt #4' is set on object 'Object Repository/AdminSuiteBootstrap_Pages/VT_Bootstrap/ACHPersonal/input_address2'

2024-07-13 00:08:10 - [MESSAGE][PASSED] - Text '22201' is set on object 'Object Repository/AdminSuiteBootstrap_Pages/VT_Bootstrap/ACHPersonal/input_zip'

2024-07-13 00:08:11 - [MESSAGE][PASSED] - Text '' is set on object 'Object Repository/AdminSuiteBootstrap_Pages/VT_Bootstrap/ACHPersonal/input_emailAddress'

2024-07-13 00:08:12 - [MESSAGE][PASSED] - Text '' is set on object 'Object Repository/AdminSuiteBootstrap_Pages/VT_Bootstrap/ACHPersonal/input_smsNumber'

2024-07-13 00:08:13 - [MESSAGE][PASSED] - Text '45682004' is set on object 'Object Repository/AdminSuiteBootstrap_Pages/VT_Bootstrap/ACHPersonal/input_accountNumber'

2024-07-13 00:08:14 - [MESSAGE][PASSED] - Text '256072691' is set on object 'Object Repository/AdminSuiteBootstrap_Pages/VT_Bootstrap/ACHPersonal/input_routingNumber'

2024-07-13 00:08:15 - [MESSAGE][PASSED] - All options with label 'Savings' are selected in object 'Object Repository/AdminSuiteBootstrap_Pages/VT_Bootstrap/ACHPersonal/select_AccountType'  using regular expression

2024-07-13 00:08:16 - [MESSAGE][PASSED] - All options with label 'TEL - Telephone-Initiated Entry' are selected in object 'Object Repository/AdminSuiteBootstrap_Pages/VT_Bootstrap/ACHPersonal/select_STD'  using regular expression

2024-07-13 00:08:17 - [MESSAGE][PASSED] - Text '11.5' is set on object 'Object Repository/AdminSuiteBootstrap_Pages/VT_Bootstrap/ACHPersonal/input_amount'

2024-07-13 00:08:18 - [MESSAGE][PASSED] - Text 'Denmark' is set on object 'Object Repository/AdminSuiteBootstrap_Pages/VT_Bootstrap/ACHPersonal/input_userDefined1'

2024-07-13 00:08:19 - [MESSAGE][PASSED] - Text 'Australia' is set on object 'Object Repository/AdminSuiteBootstrap_Pages/VT_Bootstrap/ACHPersonal/input_userDefined2'

2024-07-13 00:08:20 - [MESSAGE][PASSED] - Text 'Austria' is set on object 'Object Repository/AdminSuiteBootstrap_Pages/VT_Bootstrap/ACHPersonal/input_userDefined3'

2024-07-13 00:08:21 - [MESSAGE][PASSED] - Text 'Sweden' is set on object 'Object Repository/AdminSuiteBootstrap_Pages/VT_Bootstrap/ACHPersonal/input_userDefined4'

2024-07-13 00:08:22 - [MESSAGE][PASSED] - All options with label 'Yellow' are selected in object 'Object Repository/AdminSuiteBootstrap_Pages/VT_Bootstrap/ACHPersonal/select_UDF5'  using regular expression

2024-07-13 00:08:23 - [MESSAGE][PASSED] - All options with label 'Orange' are selected in object 'Object Repository/AdminSuiteBootstrap_Pages/VT_Bootstrap/ACHPersonal/select_UDF6'  using regular expression

2024-07-13 00:08:23 - [MESSAGE][PASSED] - Text 'Netherlands' is set on object 'Object Repository/AdminSuiteBootstrap_Pages/VT_Bootstrap/ACHPersonal/input_userDefined7'

2024-07-13 00:08:24 - [MESSAGE][PASSED] - Text 'Norway' is set on object 'Object Repository/AdminSuiteBootstrap_Pages/VT_Bootstrap/ACHPersonal/input_userDefined8'

2024-07-13 00:08:25 - [MESSAGE][PASSED] - Text 'France' is set on object 'Object Repository/AdminSuiteBootstrap_Pages/VT_Bootstrap/ACHPersonal/input_userDefined9'

2024-07-13 00:08:25 - [MESSAGE][PASSED] - Text 'Switzerland' is set on object 'Object Repository/AdminSuiteBootstrap_Pages/VT_Bootstrap/ACHPersonal/input_userDefined10'

2024-07-13 00:08:26 - [MESSAGE][PASSED] - Object: 'Object Repository/AdminSuiteBootstrap_Pages/VT_Bootstrap/ACHPersonal/button_Submit' is clicked on

2024-07-13 00:08:26 - [MESSAGE][PASSED] - adminSuiteBootstrap.debitPersonalsetData.debitPersonal_DataDriven is PASSED

2024-07-13 00:08:26 - [TEST_STEP][PASSED] - if (verifyTextPresent("Transaction Successful", true)): null

2024-07-13 00:08:27 - [MESSAGE][PASSED] - Text 'Transaction Successful' is present on page  using regular expression

2024-07-13 00:08:27 - [TEST_STEP][PASSED] - sdf = getText(findTestObject(path_Receipt + "td_AutoNoC031622113752957Ahm")): Text of object 'Object Repository/AdminSuiteBootstrap_Pages/VT_Bootstrap/Receipt/td_AutoNoC031622113752957Ahm' is: 'AutoSingle071324000055Ahm'

2024-07-13 00:08:27 - [MESSAGE][PASSED] - Text of object 'Object Repository/AdminSuiteBootstrap_Pages/VT_Bootstrap/Receipt/td_AutoNoC031622113752957Ahm' is: 'AutoSingle071324000055Ahm'

2024-07-13 00:08:27 - [TEST_STEP][PASSED] - out.println("sdf: " + sdf): null

2024-07-13 00:08:27 - [TEST_STEP][PASSED] - remID = sdf: null

2024-07-13 00:08:27 - [TEST_STEP][PASSED] - out.println("remID: " + remID): null

2024-07-13 00:08:27 - [TEST_STEP][PASSED] - click(findTestObject(path_Receipt + "button_Continue")): Object: 'Object Repository/AdminSuiteBootstrap_Pages/VT_Bootstrap/Receipt/button_Continue' is clicked on

2024-07-13 00:08:28 - [MESSAGE][PASSED] - Object: 'Object Repository/AdminSuiteBootstrap_Pages/VT_Bootstrap/Receipt/button_Continue' is clicked on

2024-07-13 00:08:28 - [TEST_STEP][PASSED] - click(findTestObject(path_VT + "a_Search Transactions")): Object: 'Object Repository/AdminSuiteBootstrap_Pages/VT_Bootstrap/IssueTransactions/a_Search Transactions' is clicked on

2024-07-13 00:08:29 - [MESSAGE][PASSED] - Object: 'Object Repository/AdminSuiteBootstrap_Pages/VT_Bootstrap/IssueTransactions/a_Search Transactions' is clicked on

2024-07-13 00:08:29 - [TEST_STEP][PASSED] - setText(findTestObject(path_CCSearch + "input_Search By_searchValue"), remID): Text 'AutoSingle071324000055Ahm' is set on object 'Object Repository/AdminSuiteBootstrap_Pages/VT_Bootstrap/CCCreditOrVoidSearch/input_Search By_searchValue'

2024-07-13 00:08:30 - [MESSAGE][PASSED] - Text 'AutoSingle071324000055Ahm' is set on object 'Object Repository/AdminSuiteBootstrap_Pages/VT_Bootstrap/CCCreditOrVoidSearch/input_Search By_searchValue'

2024-07-13 00:08:30 - [TEST_STEP][PASSED] - click(findTestObject(path_CCSearch + "button_Submit")): Object: 'Object Repository/AdminSuiteBootstrap_Pages/VT_Bootstrap/CCCreditOrVoidSearch/button_Submit' is clicked on

2024-07-13 00:08:31 - [MESSAGE][PASSED] - Object: 'Object Repository/AdminSuiteBootstrap_Pages/VT_Bootstrap/CCCreditOrVoidSearch/button_Submit' is clicked on

2024-07-13 00:08:31 - [TEST_STEP][PASSED] - click(findTestObject(path_SearchResults + "button_PaymentID")): Object: 'Object Repository/AdminSuiteBootstrap_Pages/VT_Bootstrap/SearchResults/button_PaymentID' is clicked on

2024-07-13 00:08:32 - [MESSAGE][PASSED] - Object: 'Object Repository/AdminSuiteBootstrap_Pages/VT_Bootstrap/SearchResults/button_PaymentID' is clicked on

2024-07-13 00:08:32 - [TEST_STEP][PASSED] - verifyTextPresent("Tender Type", true): Text 'Tender Type' is present on page  using regular expression

2024-07-13 00:08:33 - [MESSAGE][PASSED] - Text 'Tender Type' is present on page  using regular expression

2024-07-13 00:08:33 - [TEST_STEP][PASSED] - verifyTextPresent("Transaction Type", true): Text 'Transaction Type' is present on page  using regular expression

2024-07-13 00:08:33 - [MESSAGE][PASSED] - Text 'Transaction Type' is present on page  using regular expression

2024-07-13 00:08:33 - [TEST_STEP][PASSED] - verifyTextPresent("Transaction Posted by", true): Text 'Transaction Posted by' is present on page  using regular expression

2024-07-13 00:08:33 - [MESSAGE][PASSED] - Text 'Transaction Posted by' is present on page  using regular expression

2024-07-13 00:08:33 - [TEST_STEP][PASSED] - verifyTextPresent("iahmed", true): Text 'iahmed' is present on page  using regular expression

2024-07-13 00:08:34 - [MESSAGE][PASSED] - Text 'iahmed' is present on page  using regular expression

2024-07-13 00:08:34 - [TEST_STEP][PASSED] - verifyTextPresent("Debit", true): Text 'Debit' is present on page  using regular expression

2024-07-13 00:08:34 - [MESSAGE][PASSED] - Text 'Debit' is present on page  using regular expression

2024-07-13 00:08:34 - [TEST_STEP][PASSED] - click(findTestObject(path_TranxDetails + "a_Credit this transaction")): Object: 'Object Repository/AdminSuiteBootstrap_Pages/VT_Bootstrap/TransactionDetails/a_Credit this transaction' is clicked on

2024-07-13 00:08:35 - [MESSAGE][PASSED] - Object: 'Object Repository/AdminSuiteBootstrap_Pages/VT_Bootstrap/TransactionDetails/a_Credit this transaction' is clicked on

2024-07-13 00:08:35 - [TEST_STEP][PASSED] - partialACNumber = findTestData(dataFile).getValue("AutoCreditNumber", row): null

2024-07-13 00:08:35 - [TEST_STEP][PASSED] - setText(findTestObject(path_TranxDetails + "input_P_accountNumberPrefix"), partialACNumber): Text '4568' is set on object 'Object Repository/AdminSuiteBootstrap_Pages/VT_Bootstrap/TransactionDetails/input_P_accountNumberPrefix'

2024-07-13 00:08:36 - [MESSAGE][PASSED] - Text '4568' is set on object 'Object Repository/AdminSuiteBootstrap_Pages/VT_Bootstrap/TransactionDetails/input_P_accountNumberPrefix'

2024-07-13 00:08:36 - [TEST_STEP][PASSED] - click(findTestObject(path_TranxDetails + "button_Submit")): Object: 'Object Repository/AdminSuiteBootstrap_Pages/VT_Bootstrap/TransactionDetails/button_Submit' is clicked on

2024-07-13 00:08:37 - [MESSAGE][PASSED] - Object: 'Object Repository/AdminSuiteBootstrap_Pages/VT_Bootstrap/TransactionDetails/button_Submit' is clicked on

2024-07-13 00:08:37 - [TEST_STEP][PASSED] - verifyTextPresent("Transaction Successful", true): Text 'Transaction Successful' is present on page  using regular expression

2024-07-13 00:08:38 - [MESSAGE][PASSED] - Text 'Transaction Successful' is present on page  using regular expression

2024-07-13 00:08:38 - [TEST_STEP][PASSED] - verifyTextPresent("Transaction Type", true): Text 'Transaction Type' is present on page  using regular expression

2024-07-13 00:08:38 - [MESSAGE][PASSED] - Text 'Transaction Type' is present on page  using regular expression

2024-07-13 00:08:38 - [TEST_STEP][PASSED] - verifyTextPresent("Credit", true): Text 'Credit' is present on page  using regular expression

2024-07-13 00:08:38 - [MESSAGE][PASSED] - Text 'Credit' is present on page  using regular expression

2024-07-13 00:08:38 - [TEST_STEP][PASSED] - closeBrowser(): Browser is closed

2024-07-13 00:08:39 - [MESSAGE][PASSED] - Browser is closed]]></system-out>
         <system-err><![CDATA[]]></system-err>
      </testcase>
      <testcase name="Test Cases/Admin Suite Bootstrap/VT_ACH_TestCases/DebitPersonalVoid_TP_DualCF_Generic_Payment_TC" time="197.107" classname="Test Cases/Admin Suite Bootstrap/VT_ACH_TestCases/DebitPersonalVoid_TP_DualCF_Generic_Payment_TC" status="PASSED">
         <system-out><![CDATA[2024-07-13 00:08:39 - [TEST_CASE][PASSED] - Test Cases/Admin Suite Bootstrap/VT_ACH_TestCases/DebitPersonalVoid_TP_DualCF_Generic_Payment_TC: Test Cases/Admin Suite Bootstrap/VT_ACH_TestCases/DebitPersonalVoid_TP_DualCF_Generic_Payment_TC

2024-07-13 00:08:40 - [TEST_STEP][PASSED] - path_Dashboard = "Object Repository/AdminSuiteBootstrap_Pages/Dashboard_Bootstrap/": null

2024-07-13 00:08:40 - [TEST_STEP][PASSED] - path_VT = "Object Repository/AdminSuiteBootstrap_Pages/VT_Bootstrap/IssueTransactions/": null

2024-07-13 00:08:40 - [TEST_STEP][PASSED] - path_Receipt = "Object Repository/AdminSuiteBootstrap_Pages/VT_Bootstrap/Receipt/": null

2024-07-13 00:08:40 - [TEST_STEP][PASSED] - path_CCSearch = "Object Repository/AdminSuiteBootstrap_Pages/VT_Bootstrap/CCCreditOrVoidSearch/": null

2024-07-13 00:08:40 - [TEST_STEP][PASSED] - path_SearchResults = "Object Repository/AdminSuiteBootstrap_Pages/VT_Bootstrap/SearchResults/": null

2024-07-13 00:08:40 - [TEST_STEP][PASSED] - path_TranxDetails = "Object Repository/AdminSuiteBootstrap_Pages/VT_Bootstrap/TransactionDetails/": null

2024-07-13 00:08:40 - [TEST_STEP][PASSED] - li_1 = vpos_Prefix: null

2024-07-13 00:08:40 - [TEST_STEP][PASSED] - li_2 = "/transactions/AuthCapForm/": null

2024-07-13 00:08:40 - [TEST_STEP][PASSED] - executionProfile = getExecutionProfile(): null

2024-07-13 00:08:40 - [TEST_STEP][PASSED] - out.println("executionProfile : " + executionProfile): null

2024-07-13 00:08:40 - [TEST_STEP][PASSED] - appName = <not implemented yet for class: org.codehaus.groovy.ast.expr.EmptyExpression>: null

2024-07-13 00:08:40 - [TEST_STEP][PASSED] - appID = <not implemented yet for class: org.codehaus.groovy.ast.expr.EmptyExpression>: null

2024-07-13 00:08:40 - [TEST_STEP][PASSED] - cardNameV = <not implemented yet for class: org.codehaus.groovy.ast.expr.EmptyExpression>: null

2024-07-13 00:08:40 - [TEST_STEP][PASSED] - al1V = <not implemented yet for class: org.codehaus.groovy.ast.expr.EmptyExpression>: null

2024-07-13 00:08:40 - [TEST_STEP][PASSED] - al2V = <not implemented yet for class: org.codehaus.groovy.ast.expr.EmptyExpression>: null

2024-07-13 00:08:40 - [TEST_STEP][PASSED] - zipV = <not implemented yet for class: org.codehaus.groovy.ast.expr.EmptyExpression>: null

2024-07-13 00:08:40 - [TEST_STEP][PASSED] - accType = <not implemented yet for class: org.codehaus.groovy.ast.expr.EmptyExpression>: null

2024-07-13 00:08:40 - [TEST_STEP][PASSED] - last4V = <not implemented yet for class: org.codehaus.groovy.ast.expr.EmptyExpression>: null

2024-07-13 00:08:40 - [TEST_STEP][PASSED] - resText = "Fail": null

2024-07-13 00:08:40 - [TEST_STEP][PASSED] - resColumn = "Result": null

2024-07-13 00:08:40 - [TEST_STEP][PASSED] - datCloumn = "Date": null

2024-07-13 00:08:40 - [TEST_STEP][PASSED] - fileLoc = "C:\KatalonData\Bootstrap\VT-ACH-Data.xlsx": null

2024-07-13 00:08:40 - [TEST_STEP][PASSED] - numOfRows = <not implemented yet for class: org.codehaus.groovy.ast.expr.EmptyExpression>: null

2024-07-13 00:08:40 - [TEST_STEP][PASSED] - dataFile = <not implemented yet for class: org.codehaus.groovy.ast.expr.EmptyExpression>: null

2024-07-13 00:08:40 - [TEST_STEP][PASSED] - nameSheet = <not implemented yet for class: org.codehaus.groovy.ast.expr.EmptyExpression>: null

2024-07-13 00:08:40 - [TEST_STEP][PASSED] - nameSheet = "VT-P-DebitVoid-DualCF-Generic": null

2024-07-13 00:08:40 - [TEST_STEP][PASSED] - numOfRows = findTestData("QA/Bootstrap/VT-ACH-TestData/VT-DebitVoidData-DualCF-Generic").getRowNumbers(): null

2024-07-13 00:08:40 - [TEST_STEP][PASSED] - println("Number of Records: " + numOfRows): null

2024-07-13 00:08:40 - [TEST_STEP][PASSED] - dataFile = "QA/Bootstrap/VT-ACH-TestData/VT-DebitVoidData-DualCF-Generic": null

2024-07-13 00:08:40 - [TEST_STEP][PASSED] - for ([row = 1, row <= numOfRows, (row++)]): Browser is closed

2024-07-13 00:08:40 - [TEST_STEP][PASSED] - ExecuteTC = findTestData(dataFile).getValue("Execute", row): null

2024-07-13 00:08:40 - [TEST_STEP][PASSED] - out.println("Value of Execute is : " + ExecuteTC): null

2024-07-13 00:08:40 - [TEST_STEP][PASSED] - switch (executionProfile): null

2024-07-13 00:08:40 - [TEST_STEP][PASSED] - case "QA2Profile":: null

2024-07-13 00:08:40 - [TEST_STEP][PASSED] - appName = findTestData(dataFile).getValue("AppNameQA", row): null

2024-07-13 00:08:40 - [TEST_STEP][PASSED] - appID = findTestData(dataFile).getValue("AppIDQA", row): null

2024-07-13 00:08:40 - [TEST_STEP][PASSED] - break: null

2024-07-13 00:08:40 - [TEST_STEP][PASSED] - hrefAppID = li_1 + appID + li_2: null

2024-07-13 00:08:40 - [TEST_STEP][PASSED] - hrefApp = li_1 + appID + "/": null

2024-07-13 00:08:40 - [TEST_STEP][PASSED] - println("hrefApp : " + hrefApp): null

2024-07-13 00:08:40 - [TEST_STEP][PASSED] - if (ExecuteTC.equalsIgnoreCase("Y")): Browser is closed

2024-07-13 00:08:40 - [TEST_STEP][PASSED] - out.println("Begin Record Number: " + row): null

2024-07-13 00:08:40 - [TEST_STEP][PASSED] - today = new java.util.Date(): null

2024-07-13 00:08:40 - [TEST_STEP][PASSED] - println(today): null

2024-07-13 00:08:40 - [TEST_STEP][PASSED] - datText = today: null

2024-07-13 00:08:40 - [TEST_STEP][PASSED] - adminSuiteBootstrap.loginFunctionality.login_AdminSuite(): adminSuiteBootstrap.loginFunctionality.login_AdminSuite is PASSED

2024-07-13 00:08:40 - [MESSAGE][INFO] - Starting 'Chrome' driver

2024-07-13 00:08:40 - [MESSAGE][INFO] - User set preference: ['acceptInsecureCerts', 'true']

2024-07-13 00:08:40 - [MESSAGE][INFO] - Action delay is set to 0 milliseconds

2024-07-13 00:08:42 - [MESSAGE][PASSED] - Browser is opened with url: 'https://qa2.velocitypayment.com/admin/imtiaz'

2024-07-13 00:08:43 - [MESSAGE][PASSED] - Current window maximized

2024-07-13 00:08:44 - [MESSAGE][PASSED] - Object 'Object Repository/Login_Page/Login_Username_Okta' is present

2024-07-13 00:08:44 - [MESSAGE][PASSED] - Text 'iahmed' is set on object 'Object Repository/Login_Page/Login_Username_Okta'

2024-07-13 00:08:45 - [MESSAGE][PASSED] - Text 'Hello!6666666' is set on object 'Object Repository/Login_Page/Login_Password_Okta'

2024-07-13 00:08:46 - [MESSAGE][PASSED] - Object: 'Object Repository/Login_Page/Login_Submit_Okta' is clicked on

2024-07-13 00:08:46 - [MESSAGE][PASSED] - adminSuiteBootstrap.loginFunctionality.login_AdminSuite is PASSED

2024-07-13 00:08:46 - [TEST_STEP][PASSED] - click(findTestObject(path_Dashboard + appName)): Object: 'Object Repository/AdminSuiteBootstrap_Pages/Dashboard_Bootstrap/a_Access AutoDualCFtpQA' is clicked on

2024-07-13 00:08:53 - [MESSAGE][PASSED] - Object: 'Object Repository/AdminSuiteBootstrap_Pages/Dashboard_Bootstrap/a_Access AutoDualCFtpQA' is clicked on

2024-07-13 00:08:53 - [TEST_STEP][PASSED] - click(findTestObject(path_VT + "button_Debit")): Object: 'Object Repository/AdminSuiteBootstrap_Pages/VT_Bootstrap/IssueTransactions/button_Debit' is clicked on

2024-07-13 00:08:54 - [MESSAGE][PASSED] - Object: 'Object Repository/AdminSuiteBootstrap_Pages/VT_Bootstrap/IssueTransactions/button_Debit' is clicked on

2024-07-13 00:08:54 - [TEST_STEP][PASSED] - click(findTestObject(path_VT + "a_Personal")): Object: 'Object Repository/AdminSuiteBootstrap_Pages/VT_Bootstrap/IssueTransactions/a_Personal' is clicked on

2024-07-13 00:08:55 - [MESSAGE][PASSED] - Object: 'Object Repository/AdminSuiteBootstrap_Pages/VT_Bootstrap/IssueTransactions/a_Personal' is clicked on

2024-07-13 00:08:55 - [TEST_STEP][PASSED] - adminSuiteBootstrap.debitPersonalsetData.debitPersonal_DataDriven(row, dataFile): adminSuiteBootstrap.debitPersonalsetData.debitPersonal_DataDriven is PASSED

2024-07-13 00:08:57 - [MESSAGE][PASSED] - Text 'John' is set on object 'Object Repository/AdminSuiteBootstrap_Pages/VT_Bootstrap/ACHPersonal/input_firstName'

2024-07-13 00:08:58 - [MESSAGE][PASSED] - Text 'Gordonas' is set on object 'Object Repository/AdminSuiteBootstrap_Pages/VT_Bootstrap/ACHPersonal/input_lastName'

2024-07-13 00:08:59 - [MESSAGE][PASSED] - Text '133 Meadow Ln' is set on object 'Object Repository/AdminSuiteBootstrap_Pages/VT_Bootstrap/ACHPersonal/input_address'

2024-07-13 00:09:00 - [MESSAGE][PASSED] - Text 'apt #123' is set on object 'Object Repository/AdminSuiteBootstrap_Pages/VT_Bootstrap/ACHPersonal/input_address2'

2024-07-13 00:09:00 - [MESSAGE][PASSED] - Text '22201' is set on object 'Object Repository/AdminSuiteBootstrap_Pages/VT_Bootstrap/ACHPersonal/input_zip'

2024-07-13 00:09:01 - [MESSAGE][PASSED] - Text '' is set on object 'Object Repository/AdminSuiteBootstrap_Pages/VT_Bootstrap/ACHPersonal/input_emailAddress'

2024-07-13 00:09:02 - [MESSAGE][PASSED] - Text '' is set on object 'Object Repository/AdminSuiteBootstrap_Pages/VT_Bootstrap/ACHPersonal/input_smsNumber'

2024-07-13 00:09:03 - [MESSAGE][PASSED] - Text '45671001' is set on object 'Object Repository/AdminSuiteBootstrap_Pages/VT_Bootstrap/ACHPersonal/input_accountNumber'

2024-07-13 00:09:04 - [MESSAGE][PASSED] - Text '256072691' is set on object 'Object Repository/AdminSuiteBootstrap_Pages/VT_Bootstrap/ACHPersonal/input_routingNumber'

2024-07-13 00:09:05 - [MESSAGE][PASSED] - All options with label 'Checking' are selected in object 'Object Repository/AdminSuiteBootstrap_Pages/VT_Bootstrap/ACHPersonal/select_AccountType'  using regular expression

2024-07-13 00:09:06 - [MESSAGE][PASSED] - All options with label 'PPD - Prearranged Payment and Deposit Entry' are selected in object 'Object Repository/AdminSuiteBootstrap_Pages/VT_Bootstrap/ACHPersonal/select_STD'  using regular expression

2024-07-13 00:09:07 - [MESSAGE][PASSED] - Text '11.5' is set on object 'Object Repository/AdminSuiteBootstrap_Pages/VT_Bootstrap/ACHPersonal/input_amount'

2024-07-13 00:09:08 - [MESSAGE][PASSED] - Text 'Denmark' is set on object 'Object Repository/AdminSuiteBootstrap_Pages/VT_Bootstrap/ACHPersonal/input_userDefined1'

2024-07-13 00:09:09 - [MESSAGE][PASSED] - Text 'Australia' is set on object 'Object Repository/AdminSuiteBootstrap_Pages/VT_Bootstrap/ACHPersonal/input_userDefined2'

2024-07-13 00:09:10 - [MESSAGE][PASSED] - Text 'Austria' is set on object 'Object Repository/AdminSuiteBootstrap_Pages/VT_Bootstrap/ACHPersonal/input_userDefined3'

2024-07-13 00:09:10 - [MESSAGE][PASSED] - Text 'Sweden' is set on object 'Object Repository/AdminSuiteBootstrap_Pages/VT_Bootstrap/ACHPersonal/input_userDefined4'

2024-07-13 00:09:11 - [MESSAGE][PASSED] - All options with label 'Yellow' are selected in object 'Object Repository/AdminSuiteBootstrap_Pages/VT_Bootstrap/ACHPersonal/select_UDF5'  using regular expression

2024-07-13 00:09:12 - [MESSAGE][PASSED] - All options with label 'Orange' are selected in object 'Object Repository/AdminSuiteBootstrap_Pages/VT_Bootstrap/ACHPersonal/select_UDF6'  using regular expression

2024-07-13 00:09:13 - [MESSAGE][PASSED] - Text 'Netherlands' is set on object 'Object Repository/AdminSuiteBootstrap_Pages/VT_Bootstrap/ACHPersonal/input_userDefined7'

2024-07-13 00:09:14 - [MESSAGE][PASSED] - Text 'Norway' is set on object 'Object Repository/AdminSuiteBootstrap_Pages/VT_Bootstrap/ACHPersonal/input_userDefined8'

2024-07-13 00:09:15 - [MESSAGE][PASSED] - Text 'France' is set on object 'Object Repository/AdminSuiteBootstrap_Pages/VT_Bootstrap/ACHPersonal/input_userDefined9'

2024-07-13 00:09:15 - [MESSAGE][PASSED] - Text 'Switzerland' is set on object 'Object Repository/AdminSuiteBootstrap_Pages/VT_Bootstrap/ACHPersonal/input_userDefined10'

2024-07-13 00:09:17 - [MESSAGE][PASSED] - Object: 'Object Repository/AdminSuiteBootstrap_Pages/VT_Bootstrap/ACHPersonal/button_Submit' is clicked on

2024-07-13 00:09:17 - [MESSAGE][PASSED] - adminSuiteBootstrap.debitPersonalsetData.debitPersonal_DataDriven is PASSED

2024-07-13 00:09:17 - [TEST_STEP][PASSED] - if (verifyTextPresent("Transaction Successful", true)): null

2024-07-13 00:09:17 - [MESSAGE][PASSED] - Text 'Transaction Successful' is present on page  using regular expression

2024-07-13 00:09:17 - [TEST_STEP][PASSED] - sdf = getText(findTestObject(path_Receipt + "td_AutoNoC031622113752957Ahm")): Text of object 'Object Repository/AdminSuiteBootstrap_Pages/VT_Bootstrap/Receipt/td_AutoNoC031622113752957Ahm' is: 'AutoDualCF071324000145Ahm'

2024-07-13 00:09:18 - [MESSAGE][PASSED] - Text of object 'Object Repository/AdminSuiteBootstrap_Pages/VT_Bootstrap/Receipt/td_AutoNoC031622113752957Ahm' is: 'AutoDualCF071324000145Ahm'

2024-07-13 00:09:18 - [TEST_STEP][PASSED] - out.println("sdf: " + sdf): null

2024-07-13 00:09:18 - [TEST_STEP][PASSED] - remID = sdf: null

2024-07-13 00:09:18 - [TEST_STEP][PASSED] - out.println("remID: " + remID): null

2024-07-13 00:09:18 - [TEST_STEP][PASSED] - click(findTestObject(path_Receipt + "button_Continue")): Object: 'Object Repository/AdminSuiteBootstrap_Pages/VT_Bootstrap/Receipt/button_Continue' is clicked on

2024-07-13 00:09:18 - [MESSAGE][PASSED] - Object: 'Object Repository/AdminSuiteBootstrap_Pages/VT_Bootstrap/Receipt/button_Continue' is clicked on

2024-07-13 00:09:18 - [TEST_STEP][PASSED] - click(findTestObject(path_VT + "a_Search Transactions")): Object: 'Object Repository/AdminSuiteBootstrap_Pages/VT_Bootstrap/IssueTransactions/a_Search Transactions' is clicked on

2024-07-13 00:09:19 - [MESSAGE][PASSED] - Object: 'Object Repository/AdminSuiteBootstrap_Pages/VT_Bootstrap/IssueTransactions/a_Search Transactions' is clicked on

2024-07-13 00:09:19 - [TEST_STEP][PASSED] - setText(findTestObject(path_CCSearch + "input_Search By_searchValue"), remID): Text 'AutoDualCF071324000145Ahm' is set on object 'Object Repository/AdminSuiteBootstrap_Pages/VT_Bootstrap/CCCreditOrVoidSearch/input_Search By_searchValue'

2024-07-13 00:09:20 - [MESSAGE][PASSED] - Text 'AutoDualCF071324000145Ahm' is set on object 'Object Repository/AdminSuiteBootstrap_Pages/VT_Bootstrap/CCCreditOrVoidSearch/input_Search By_searchValue'

2024-07-13 00:09:20 - [TEST_STEP][PASSED] - click(findTestObject(path_CCSearch + "button_Submit")): Object: 'Object Repository/AdminSuiteBootstrap_Pages/VT_Bootstrap/CCCreditOrVoidSearch/button_Submit' is clicked on

2024-07-13 00:09:21 - [MESSAGE][PASSED] - Object: 'Object Repository/AdminSuiteBootstrap_Pages/VT_Bootstrap/CCCreditOrVoidSearch/button_Submit' is clicked on

2024-07-13 00:09:21 - [TEST_STEP][PASSED] - click(findTestObject(path_SearchResults + "button_PaymentID")): Object: 'Object Repository/AdminSuiteBootstrap_Pages/VT_Bootstrap/SearchResults/button_PaymentID' is clicked on

2024-07-13 00:09:22 - [MESSAGE][PASSED] - Object: 'Object Repository/AdminSuiteBootstrap_Pages/VT_Bootstrap/SearchResults/button_PaymentID' is clicked on

2024-07-13 00:09:22 - [TEST_STEP][PASSED] - verifyTextPresent("Tender Type", true): Text 'Tender Type' is present on page  using regular expression

2024-07-13 00:09:22 - [MESSAGE][PASSED] - Text 'Tender Type' is present on page  using regular expression

2024-07-13 00:09:22 - [TEST_STEP][PASSED] - verifyTextPresent("Transaction Type", true): Text 'Transaction Type' is present on page  using regular expression

2024-07-13 00:09:23 - [MESSAGE][PASSED] - Text 'Transaction Type' is present on page  using regular expression

2024-07-13 00:09:23 - [TEST_STEP][PASSED] - verifyTextPresent("Transaction Posted by", true): Text 'Transaction Posted by' is present on page  using regular expression

2024-07-13 00:09:23 - [MESSAGE][PASSED] - Text 'Transaction Posted by' is present on page  using regular expression

2024-07-13 00:09:23 - [TEST_STEP][PASSED] - verifyTextPresent("iahmed", true): Text 'iahmed' is present on page  using regular expression

2024-07-13 00:09:23 - [MESSAGE][PASSED] - Text 'iahmed' is present on page  using regular expression

2024-07-13 00:09:23 - [TEST_STEP][PASSED] - verifyTextPresent("Debit", true): Text 'Debit' is present on page  using regular expression

2024-07-13 00:09:24 - [MESSAGE][PASSED] - Text 'Debit' is present on page  using regular expression

2024-07-13 00:09:24 - [TEST_STEP][PASSED] - click(findTestObject(path_TranxDetails + "a_Void this transaction")): Object: 'Object Repository/AdminSuiteBootstrap_Pages/VT_Bootstrap/TransactionDetails/a_Void this transaction' is clicked on

2024-07-13 00:09:24 - [MESSAGE][PASSED] - Object: 'Object Repository/AdminSuiteBootstrap_Pages/VT_Bootstrap/TransactionDetails/a_Void this transaction' is clicked on

2024-07-13 00:09:24 - [TEST_STEP][PASSED] - verifyTextPresent("The following transaction will be voided", true): Text 'The following transaction will be voided' is present on page  using regular expression

2024-07-13 00:09:25 - [MESSAGE][PASSED] - Text 'The following transaction will be voided' is present on page  using regular expression

2024-07-13 00:09:25 - [TEST_STEP][PASSED] - verifyTextPresent("Please press submit to continue", true): Text 'Please press submit to continue' is present on page  using regular expression

2024-07-13 00:09:25 - [MESSAGE][PASSED] - Text 'Please press submit to continue' is present on page  using regular expression

2024-07-13 00:09:25 - [TEST_STEP][PASSED] - click(findTestObject(path_TranxDetails + "button_Submit")): Object: 'Object Repository/AdminSuiteBootstrap_Pages/VT_Bootstrap/TransactionDetails/button_Submit' is clicked on

2024-07-13 00:09:26 - [MESSAGE][PASSED] - Object: 'Object Repository/AdminSuiteBootstrap_Pages/VT_Bootstrap/TransactionDetails/button_Submit' is clicked on

2024-07-13 00:09:26 - [TEST_STEP][PASSED] - verifyTextPresent("Transaction Successful", true): Text 'Transaction Successful' is present on page  using regular expression

2024-07-13 00:09:27 - [MESSAGE][PASSED] - Text 'Transaction Successful' is present on page  using regular expression

2024-07-13 00:09:27 - [TEST_STEP][PASSED] - verifyTextPresent("Transaction Type", true): Text 'Transaction Type' is present on page  using regular expression

2024-07-13 00:09:27 - [MESSAGE][PASSED] - Text 'Transaction Type' is present on page  using regular expression

2024-07-13 00:09:27 - [TEST_STEP][PASSED] - verifyTextPresent("Void", true): Text 'Void' is present on page  using regular expression

2024-07-13 00:09:28 - [MESSAGE][PASSED] - Text 'Void' is present on page  using regular expression

2024-07-13 00:09:28 - [TEST_STEP][PASSED] - closeBrowser(): Browser is closed

2024-07-13 00:09:29 - [MESSAGE][PASSED] - Browser is closed

2024-07-13 00:09:29 - [TEST_STEP][PASSED] - ExecuteTC = findTestData(dataFile).getValue("Execute", row): null

2024-07-13 00:09:29 - [TEST_STEP][PASSED] - out.println("Value of Execute is : " + ExecuteTC): null

2024-07-13 00:09:29 - [TEST_STEP][PASSED] - switch (executionProfile): null

2024-07-13 00:09:29 - [TEST_STEP][PASSED] - case "QA2Profile":: null

2024-07-13 00:09:29 - [TEST_STEP][PASSED] - appName = findTestData(dataFile).getValue("AppNameQA", row): null

2024-07-13 00:09:29 - [TEST_STEP][PASSED] - appID = findTestData(dataFile).getValue("AppIDQA", row): null

2024-07-13 00:09:29 - [TEST_STEP][PASSED] - break: null

2024-07-13 00:09:29 - [TEST_STEP][PASSED] - hrefAppID = li_1 + appID + li_2: null

2024-07-13 00:09:29 - [TEST_STEP][PASSED] - hrefApp = li_1 + appID + "/": null

2024-07-13 00:09:29 - [TEST_STEP][PASSED] - println("hrefApp : " + hrefApp): null

2024-07-13 00:09:29 - [TEST_STEP][PASSED] - if (ExecuteTC.equalsIgnoreCase("Y")): Browser is closed

2024-07-13 00:09:29 - [TEST_STEP][PASSED] - out.println("Begin Record Number: " + row): null

2024-07-13 00:09:29 - [TEST_STEP][PASSED] - today = new java.util.Date(): null

2024-07-13 00:09:29 - [TEST_STEP][PASSED] - println(today): null

2024-07-13 00:09:29 - [TEST_STEP][PASSED] - datText = today: null

2024-07-13 00:09:29 - [TEST_STEP][PASSED] - adminSuiteBootstrap.loginFunctionality.login_AdminSuite(): adminSuiteBootstrap.loginFunctionality.login_AdminSuite is PASSED

2024-07-13 00:09:29 - [MESSAGE][INFO] - Starting 'Chrome' driver

2024-07-13 00:09:29 - [MESSAGE][INFO] - User set preference: ['acceptInsecureCerts', 'true']

2024-07-13 00:09:29 - [MESSAGE][INFO] - Action delay is set to 0 milliseconds

2024-07-13 00:09:32 - [MESSAGE][PASSED] - Browser is opened with url: 'https://qa2.velocitypayment.com/admin/imtiaz'

2024-07-13 00:09:32 - [MESSAGE][PASSED] - Current window maximized

2024-07-13 00:09:32 - [MESSAGE][PASSED] - Object 'Object Repository/Login_Page/Login_Username_Okta' is present

2024-07-13 00:09:33 - [MESSAGE][PASSED] - Text 'iahmed' is set on object 'Object Repository/Login_Page/Login_Username_Okta'

2024-07-13 00:09:34 - [MESSAGE][PASSED] - Text 'Hello!6666666' is set on object 'Object Repository/Login_Page/Login_Password_Okta'

2024-07-13 00:09:34 - [MESSAGE][PASSED] - Object: 'Object Repository/Login_Page/Login_Submit_Okta' is clicked on

2024-07-13 00:09:34 - [MESSAGE][PASSED] - adminSuiteBootstrap.loginFunctionality.login_AdminSuite is PASSED

2024-07-13 00:09:34 - [TEST_STEP][PASSED] - click(findTestObject(path_Dashboard + appName)): Object: 'Object Repository/AdminSuiteBootstrap_Pages/Dashboard_Bootstrap/a_Access AutoDualCFtpQA' is clicked on

2024-07-13 00:09:42 - [MESSAGE][PASSED] - Object: 'Object Repository/AdminSuiteBootstrap_Pages/Dashboard_Bootstrap/a_Access AutoDualCFtpQA' is clicked on

2024-07-13 00:09:42 - [TEST_STEP][PASSED] - click(findTestObject(path_VT + "button_Debit")): Object: 'Object Repository/AdminSuiteBootstrap_Pages/VT_Bootstrap/IssueTransactions/button_Debit' is clicked on

2024-07-13 00:09:43 - [MESSAGE][PASSED] - Object: 'Object Repository/AdminSuiteBootstrap_Pages/VT_Bootstrap/IssueTransactions/button_Debit' is clicked on

2024-07-13 00:09:43 - [TEST_STEP][PASSED] - click(findTestObject(path_VT + "a_Personal")): Object: 'Object Repository/AdminSuiteBootstrap_Pages/VT_Bootstrap/IssueTransactions/a_Personal' is clicked on

2024-07-13 00:09:44 - [MESSAGE][PASSED] - Object: 'Object Repository/AdminSuiteBootstrap_Pages/VT_Bootstrap/IssueTransactions/a_Personal' is clicked on

2024-07-13 00:09:44 - [TEST_STEP][PASSED] - adminSuiteBootstrap.debitPersonalsetData.debitPersonal_DataDriven(row, dataFile): adminSuiteBootstrap.debitPersonalsetData.debitPersonal_DataDriven is PASSED

2024-07-13 00:09:47 - [MESSAGE][PASSED] - Text 'Veronika' is set on object 'Object Repository/AdminSuiteBootstrap_Pages/VT_Bootstrap/ACHPersonal/input_firstName'

2024-07-13 00:09:48 - [MESSAGE][PASSED] - Text 'Inouye' is set on object 'Object Repository/AdminSuiteBootstrap_Pages/VT_Bootstrap/ACHPersonal/input_lastName'

2024-07-13 00:09:48 - [MESSAGE][PASSED] - Text '6 Greenleaf Ave' is set on object 'Object Repository/AdminSuiteBootstrap_Pages/VT_Bootstrap/ACHPersonal/input_address'

2024-07-13 00:09:49 - [MESSAGE][PASSED] - Text 'apt #3' is set on object 'Object Repository/AdminSuiteBootstrap_Pages/VT_Bootstrap/ACHPersonal/input_address2'

2024-07-13 00:09:50 - [MESSAGE][PASSED] - Text '22201' is set on object 'Object Repository/AdminSuiteBootstrap_Pages/VT_Bootstrap/ACHPersonal/input_zip'

2024-07-13 00:09:51 - [MESSAGE][PASSED] - Text '' is set on object 'Object Repository/AdminSuiteBootstrap_Pages/VT_Bootstrap/ACHPersonal/input_emailAddress'

2024-07-13 00:09:52 - [MESSAGE][PASSED] - Text '' is set on object 'Object Repository/AdminSuiteBootstrap_Pages/VT_Bootstrap/ACHPersonal/input_smsNumber'

2024-07-13 00:09:53 - [MESSAGE][PASSED] - Text '45671002' is set on object 'Object Repository/AdminSuiteBootstrap_Pages/VT_Bootstrap/ACHPersonal/input_accountNumber'

2024-07-13 00:09:53 - [MESSAGE][PASSED] - Text '256072691' is set on object 'Object Repository/AdminSuiteBootstrap_Pages/VT_Bootstrap/ACHPersonal/input_routingNumber'

2024-07-13 00:09:54 - [MESSAGE][PASSED] - All options with label 'Checking' are selected in object 'Object Repository/AdminSuiteBootstrap_Pages/VT_Bootstrap/ACHPersonal/select_AccountType'  using regular expression

2024-07-13 00:09:55 - [MESSAGE][PASSED] - All options with label 'TEL - Telephone-Initiated Entry' are selected in object 'Object Repository/AdminSuiteBootstrap_Pages/VT_Bootstrap/ACHPersonal/select_STD'  using regular expression

2024-07-13 00:09:56 - [MESSAGE][PASSED] - Text '11.5' is set on object 'Object Repository/AdminSuiteBootstrap_Pages/VT_Bootstrap/ACHPersonal/input_amount'

2024-07-13 00:09:57 - [MESSAGE][PASSED] - Text 'Denmark' is set on object 'Object Repository/AdminSuiteBootstrap_Pages/VT_Bootstrap/ACHPersonal/input_userDefined1'

2024-07-13 00:09:58 - [MESSAGE][PASSED] - Text 'Australia' is set on object 'Object Repository/AdminSuiteBootstrap_Pages/VT_Bootstrap/ACHPersonal/input_userDefined2'

2024-07-13 00:09:59 - [MESSAGE][PASSED] - Text 'Austria' is set on object 'Object Repository/AdminSuiteBootstrap_Pages/VT_Bootstrap/ACHPersonal/input_userDefined3'

2024-07-13 00:10:00 - [MESSAGE][PASSED] - Text 'Sweden' is set on object 'Object Repository/AdminSuiteBootstrap_Pages/VT_Bootstrap/ACHPersonal/input_userDefined4'

2024-07-13 00:10:01 - [MESSAGE][PASSED] - All options with label 'Yellow' are selected in object 'Object Repository/AdminSuiteBootstrap_Pages/VT_Bootstrap/ACHPersonal/select_UDF5'  using regular expression

2024-07-13 00:10:01 - [MESSAGE][PASSED] - All options with label 'Orange' are selected in object 'Object Repository/AdminSuiteBootstrap_Pages/VT_Bootstrap/ACHPersonal/select_UDF6'  using regular expression

2024-07-13 00:10:02 - [MESSAGE][PASSED] - Text 'Netherlands' is set on object 'Object Repository/AdminSuiteBootstrap_Pages/VT_Bootstrap/ACHPersonal/input_userDefined7'

2024-07-13 00:10:03 - [MESSAGE][PASSED] - Text 'Norway' is set on object 'Object Repository/AdminSuiteBootstrap_Pages/VT_Bootstrap/ACHPersonal/input_userDefined8'

2024-07-13 00:10:04 - [MESSAGE][PASSED] - Text 'France' is set on object 'Object Repository/AdminSuiteBootstrap_Pages/VT_Bootstrap/ACHPersonal/input_userDefined9'

2024-07-13 00:10:04 - [MESSAGE][PASSED] - Text 'Switzerland' is set on object 'Object Repository/AdminSuiteBootstrap_Pages/VT_Bootstrap/ACHPersonal/input_userDefined10'

2024-07-13 00:10:06 - [MESSAGE][PASSED] - Object: 'Object Repository/AdminSuiteBootstrap_Pages/VT_Bootstrap/ACHPersonal/button_Submit' is clicked on

2024-07-13 00:10:06 - [MESSAGE][PASSED] - adminSuiteBootstrap.debitPersonalsetData.debitPersonal_DataDriven is PASSED

2024-07-13 00:10:06 - [TEST_STEP][PASSED] - if (verifyTextPresent("Transaction Successful", true)): null

2024-07-13 00:10:06 - [MESSAGE][PASSED] - Text 'Transaction Successful' is present on page  using regular expression

2024-07-13 00:10:06 - [TEST_STEP][PASSED] - sdf = getText(findTestObject(path_Receipt + "td_AutoNoC031622113752957Ahm")): Text of object 'Object Repository/AdminSuiteBootstrap_Pages/VT_Bootstrap/Receipt/td_AutoNoC031622113752957Ahm' is: 'AutoDualCF071324000235Ahm'

2024-07-13 00:10:07 - [MESSAGE][PASSED] - Text of object 'Object Repository/AdminSuiteBootstrap_Pages/VT_Bootstrap/Receipt/td_AutoNoC031622113752957Ahm' is: 'AutoDualCF071324000235Ahm'

2024-07-13 00:10:07 - [TEST_STEP][PASSED] - out.println("sdf: " + sdf): null

2024-07-13 00:10:07 - [TEST_STEP][PASSED] - remID = sdf: null

2024-07-13 00:10:07 - [TEST_STEP][PASSED] - out.println("remID: " + remID): null

2024-07-13 00:10:07 - [TEST_STEP][PASSED] - click(findTestObject(path_Receipt + "button_Continue")): Object: 'Object Repository/AdminSuiteBootstrap_Pages/VT_Bootstrap/Receipt/button_Continue' is clicked on

2024-07-13 00:10:07 - [MESSAGE][PASSED] - Object: 'Object Repository/AdminSuiteBootstrap_Pages/VT_Bootstrap/Receipt/button_Continue' is clicked on

2024-07-13 00:10:07 - [TEST_STEP][PASSED] - click(findTestObject(path_VT + "a_Search Transactions")): Object: 'Object Repository/AdminSuiteBootstrap_Pages/VT_Bootstrap/IssueTransactions/a_Search Transactions' is clicked on

2024-07-13 00:10:08 - [MESSAGE][PASSED] - Object: 'Object Repository/AdminSuiteBootstrap_Pages/VT_Bootstrap/IssueTransactions/a_Search Transactions' is clicked on

2024-07-13 00:10:08 - [TEST_STEP][PASSED] - setText(findTestObject(path_CCSearch + "input_Search By_searchValue"), remID): Text 'AutoDualCF071324000235Ahm' is set on object 'Object Repository/AdminSuiteBootstrap_Pages/VT_Bootstrap/CCCreditOrVoidSearch/input_Search By_searchValue'

2024-07-13 00:10:09 - [MESSAGE][PASSED] - Text 'AutoDualCF071324000235Ahm' is set on object 'Object Repository/AdminSuiteBootstrap_Pages/VT_Bootstrap/CCCreditOrVoidSearch/input_Search By_searchValue'

2024-07-13 00:10:09 - [TEST_STEP][PASSED] - click(findTestObject(path_CCSearch + "button_Submit")): Object: 'Object Repository/AdminSuiteBootstrap_Pages/VT_Bootstrap/CCCreditOrVoidSearch/button_Submit' is clicked on

2024-07-13 00:10:10 - [MESSAGE][PASSED] - Object: 'Object Repository/AdminSuiteBootstrap_Pages/VT_Bootstrap/CCCreditOrVoidSearch/button_Submit' is clicked on

2024-07-13 00:10:10 - [TEST_STEP][PASSED] - click(findTestObject(path_SearchResults + "button_PaymentID")): Object: 'Object Repository/AdminSuiteBootstrap_Pages/VT_Bootstrap/SearchResults/button_PaymentID' is clicked on

2024-07-13 00:10:11 - [MESSAGE][PASSED] - Object: 'Object Repository/AdminSuiteBootstrap_Pages/VT_Bootstrap/SearchResults/button_PaymentID' is clicked on

2024-07-13 00:10:11 - [TEST_STEP][PASSED] - verifyTextPresent("Tender Type", true): Text 'Tender Type' is present on page  using regular expression

2024-07-13 00:10:12 - [MESSAGE][PASSED] - Text 'Tender Type' is present on page  using regular expression

2024-07-13 00:10:12 - [TEST_STEP][PASSED] - verifyTextPresent("Transaction Type", true): Text 'Transaction Type' is present on page  using regular expression

2024-07-13 00:10:12 - [MESSAGE][PASSED] - Text 'Transaction Type' is present on page  using regular expression

2024-07-13 00:10:12 - [TEST_STEP][PASSED] - verifyTextPresent("Transaction Posted by", true): Text 'Transaction Posted by' is present on page  using regular expression

2024-07-13 00:10:12 - [MESSAGE][PASSED] - Text 'Transaction Posted by' is present on page  using regular expression

2024-07-13 00:10:12 - [TEST_STEP][PASSED] - verifyTextPresent("iahmed", true): Text 'iahmed' is present on page  using regular expression

2024-07-13 00:10:13 - [MESSAGE][PASSED] - Text 'iahmed' is present on page  using regular expression

2024-07-13 00:10:13 - [TEST_STEP][PASSED] - verifyTextPresent("Debit", true): Text 'Debit' is present on page  using regular expression

2024-07-13 00:10:13 - [MESSAGE][PASSED] - Text 'Debit' is present on page  using regular expression

2024-07-13 00:10:13 - [TEST_STEP][PASSED] - click(findTestObject(path_TranxDetails + "a_Void this transaction")): Object: 'Object Repository/AdminSuiteBootstrap_Pages/VT_Bootstrap/TransactionDetails/a_Void this transaction' is clicked on

2024-07-13 00:10:14 - [MESSAGE][PASSED] - Object: 'Object Repository/AdminSuiteBootstrap_Pages/VT_Bootstrap/TransactionDetails/a_Void this transaction' is clicked on

2024-07-13 00:10:14 - [TEST_STEP][PASSED] - verifyTextPresent("The following transaction will be voided", true): Text 'The following transaction will be voided' is present on page  using regular expression

2024-07-13 00:10:14 - [MESSAGE][PASSED] - Text 'The following transaction will be voided' is present on page  using regular expression

2024-07-13 00:10:14 - [TEST_STEP][PASSED] - verifyTextPresent("Please press submit to continue", true): Text 'Please press submit to continue' is present on page  using regular expression

2024-07-13 00:10:15 - [MESSAGE][PASSED] - Text 'Please press submit to continue' is present on page  using regular expression

2024-07-13 00:10:15 - [TEST_STEP][PASSED] - click(findTestObject(path_TranxDetails + "button_Submit")): Object: 'Object Repository/AdminSuiteBootstrap_Pages/VT_Bootstrap/TransactionDetails/button_Submit' is clicked on

2024-07-13 00:10:16 - [MESSAGE][PASSED] - Object: 'Object Repository/AdminSuiteBootstrap_Pages/VT_Bootstrap/TransactionDetails/button_Submit' is clicked on

2024-07-13 00:10:16 - [TEST_STEP][PASSED] - verifyTextPresent("Transaction Successful", true): Text 'Transaction Successful' is present on page  using regular expression

2024-07-13 00:10:16 - [MESSAGE][PASSED] - Text 'Transaction Successful' is present on page  using regular expression

2024-07-13 00:10:16 - [TEST_STEP][PASSED] - verifyTextPresent("Transaction Type", true): Text 'Transaction Type' is present on page  using regular expression

2024-07-13 00:10:16 - [MESSAGE][PASSED] - Text 'Transaction Type' is present on page  using regular expression

2024-07-13 00:10:16 - [TEST_STEP][PASSED] - verifyTextPresent("Void", true): Text 'Void' is present on page  using regular expression

2024-07-13 00:10:17 - [MESSAGE][PASSED] - Text 'Void' is present on page  using regular expression

2024-07-13 00:10:17 - [TEST_STEP][PASSED] - closeBrowser(): Browser is closed

2024-07-13 00:10:18 - [MESSAGE][PASSED] - Browser is closed

2024-07-13 00:10:18 - [TEST_STEP][PASSED] - ExecuteTC = findTestData(dataFile).getValue("Execute", row): null

2024-07-13 00:10:18 - [TEST_STEP][PASSED] - out.println("Value of Execute is : " + ExecuteTC): null

2024-07-13 00:10:18 - [TEST_STEP][PASSED] - switch (executionProfile): null

2024-07-13 00:10:18 - [TEST_STEP][PASSED] - case "QA2Profile":: null

2024-07-13 00:10:18 - [TEST_STEP][PASSED] - appName = findTestData(dataFile).getValue("AppNameQA", row): null

2024-07-13 00:10:18 - [TEST_STEP][PASSED] - appID = findTestData(dataFile).getValue("AppIDQA", row): null

2024-07-13 00:10:18 - [TEST_STEP][PASSED] - break: null

2024-07-13 00:10:18 - [TEST_STEP][PASSED] - hrefAppID = li_1 + appID + li_2: null

2024-07-13 00:10:18 - [TEST_STEP][PASSED] - hrefApp = li_1 + appID + "/": null

2024-07-13 00:10:18 - [TEST_STEP][PASSED] - println("hrefApp : " + hrefApp): null

2024-07-13 00:10:18 - [TEST_STEP][PASSED] - if (ExecuteTC.equalsIgnoreCase("Y")): Browser is closed

2024-07-13 00:10:18 - [TEST_STEP][PASSED] - out.println("Begin Record Number: " + row): null

2024-07-13 00:10:18 - [TEST_STEP][PASSED] - today = new java.util.Date(): null

2024-07-13 00:10:18 - [TEST_STEP][PASSED] - println(today): null

2024-07-13 00:10:18 - [TEST_STEP][PASSED] - datText = today: null

2024-07-13 00:10:18 - [TEST_STEP][PASSED] - adminSuiteBootstrap.loginFunctionality.login_AdminSuite(): adminSuiteBootstrap.loginFunctionality.login_AdminSuite is PASSED

2024-07-13 00:10:18 - [MESSAGE][INFO] - Starting 'Chrome' driver

2024-07-13 00:10:18 - [MESSAGE][INFO] - User set preference: ['acceptInsecureCerts', 'true']

2024-07-13 00:10:18 - [MESSAGE][INFO] - Action delay is set to 0 milliseconds

2024-07-13 00:10:20 - [MESSAGE][PASSED] - Browser is opened with url: 'https://qa2.velocitypayment.com/admin/imtiaz'

2024-07-13 00:10:22 - [MESSAGE][PASSED] - Current window maximized

2024-07-13 00:10:22 - [MESSAGE][PASSED] - Object 'Object Repository/Login_Page/Login_Username_Okta' is present

2024-07-13 00:10:23 - [MESSAGE][PASSED] - Text 'iahmed' is set on object 'Object Repository/Login_Page/Login_Username_Okta'

2024-07-13 00:10:24 - [MESSAGE][PASSED] - Text 'Hello!6666666' is set on object 'Object Repository/Login_Page/Login_Password_Okta'

2024-07-13 00:10:24 - [MESSAGE][PASSED] - Object: 'Object Repository/Login_Page/Login_Submit_Okta' is clicked on

2024-07-13 00:10:24 - [MESSAGE][PASSED] - adminSuiteBootstrap.loginFunctionality.login_AdminSuite is PASSED

2024-07-13 00:10:24 - [TEST_STEP][PASSED] - click(findTestObject(path_Dashboard + appName)): Object: 'Object Repository/AdminSuiteBootstrap_Pages/Dashboard_Bootstrap/a_Access AutoDualCFtpQA' is clicked on

2024-07-13 00:10:32 - [MESSAGE][PASSED] - Object: 'Object Repository/AdminSuiteBootstrap_Pages/Dashboard_Bootstrap/a_Access AutoDualCFtpQA' is clicked on

2024-07-13 00:10:32 - [TEST_STEP][PASSED] - click(findTestObject(path_VT + "button_Debit")): Object: 'Object Repository/AdminSuiteBootstrap_Pages/VT_Bootstrap/IssueTransactions/button_Debit' is clicked on

2024-07-13 00:10:33 - [MESSAGE][PASSED] - Object: 'Object Repository/AdminSuiteBootstrap_Pages/VT_Bootstrap/IssueTransactions/button_Debit' is clicked on

2024-07-13 00:10:33 - [TEST_STEP][PASSED] - click(findTestObject(path_VT + "a_Personal")): Object: 'Object Repository/AdminSuiteBootstrap_Pages/VT_Bootstrap/IssueTransactions/a_Personal' is clicked on

2024-07-13 00:10:33 - [MESSAGE][PASSED] - Object: 'Object Repository/AdminSuiteBootstrap_Pages/VT_Bootstrap/IssueTransactions/a_Personal' is clicked on

2024-07-13 00:10:33 - [TEST_STEP][PASSED] - adminSuiteBootstrap.debitPersonalsetData.debitPersonal_DataDriven(row, dataFile): adminSuiteBootstrap.debitPersonalsetData.debitPersonal_DataDriven is PASSED

2024-07-13 00:10:36 - [MESSAGE][PASSED] - Text 'Bette' is set on object 'Object Repository/AdminSuiteBootstrap_Pages/VT_Bootstrap/ACHPersonal/input_firstName'

2024-07-13 00:10:37 - [MESSAGE][PASSED] - Text 'Nicka' is set on object 'Object Repository/AdminSuiteBootstrap_Pages/VT_Bootstrap/ACHPersonal/input_lastName'

2024-07-13 00:10:38 - [MESSAGE][PASSED] - Text '6 S 33rd St' is set on object 'Object Repository/AdminSuiteBootstrap_Pages/VT_Bootstrap/ACHPersonal/input_address'

2024-07-13 00:10:38 - [MESSAGE][PASSED] - Text 'apt #2' is set on object 'Object Repository/AdminSuiteBootstrap_Pages/VT_Bootstrap/ACHPersonal/input_address2'

2024-07-13 00:10:39 - [MESSAGE][PASSED] - Text '22201' is set on object 'Object Repository/AdminSuiteBootstrap_Pages/VT_Bootstrap/ACHPersonal/input_zip'

2024-07-13 00:10:40 - [MESSAGE][PASSED] - Text '' is set on object 'Object Repository/AdminSuiteBootstrap_Pages/VT_Bootstrap/ACHPersonal/input_emailAddress'

2024-07-13 00:10:41 - [MESSAGE][PASSED] - Text '' is set on object 'Object Repository/AdminSuiteBootstrap_Pages/VT_Bootstrap/ACHPersonal/input_smsNumber'

2024-07-13 00:10:42 - [MESSAGE][PASSED] - Text '45671003' is set on object 'Object Repository/AdminSuiteBootstrap_Pages/VT_Bootstrap/ACHPersonal/input_accountNumber'

2024-07-13 00:10:43 - [MESSAGE][PASSED] - Text '256072691' is set on object 'Object Repository/AdminSuiteBootstrap_Pages/VT_Bootstrap/ACHPersonal/input_routingNumber'

2024-07-13 00:10:44 - [MESSAGE][PASSED] - All options with label 'Savings' are selected in object 'Object Repository/AdminSuiteBootstrap_Pages/VT_Bootstrap/ACHPersonal/select_AccountType'  using regular expression

2024-07-13 00:10:45 - [MESSAGE][PASSED] - All options with label 'PPD - Prearranged Payment and Deposit Entry' are selected in object 'Object Repository/AdminSuiteBootstrap_Pages/VT_Bootstrap/ACHPersonal/select_STD'  using regular expression

2024-07-13 00:10:46 - [MESSAGE][PASSED] - Text '11.5' is set on object 'Object Repository/AdminSuiteBootstrap_Pages/VT_Bootstrap/ACHPersonal/input_amount'

2024-07-13 00:10:47 - [MESSAGE][PASSED] - Text 'Denmark' is set on object 'Object Repository/AdminSuiteBootstrap_Pages/VT_Bootstrap/ACHPersonal/input_userDefined1'

2024-07-13 00:10:48 - [MESSAGE][PASSED] - Text 'Australia' is set on object 'Object Repository/AdminSuiteBootstrap_Pages/VT_Bootstrap/ACHPersonal/input_userDefined2'

2024-07-13 00:10:48 - [MESSAGE][PASSED] - Text 'Austria' is set on object 'Object Repository/AdminSuiteBootstrap_Pages/VT_Bootstrap/ACHPersonal/input_userDefined3'

2024-07-13 00:10:49 - [MESSAGE][PASSED] - Text 'Sweden' is set on object 'Object Repository/AdminSuiteBootstrap_Pages/VT_Bootstrap/ACHPersonal/input_userDefined4'

2024-07-13 00:10:50 - [MESSAGE][PASSED] - All options with label 'Yellow' are selected in object 'Object Repository/AdminSuiteBootstrap_Pages/VT_Bootstrap/ACHPersonal/select_UDF5'  using regular expression

2024-07-13 00:10:51 - [MESSAGE][PASSED] - All options with label 'Orange' are selected in object 'Object Repository/AdminSuiteBootstrap_Pages/VT_Bootstrap/ACHPersonal/select_UDF6'  using regular expression

2024-07-13 00:10:52 - [MESSAGE][PASSED] - Text 'Netherlands' is set on object 'Object Repository/AdminSuiteBootstrap_Pages/VT_Bootstrap/ACHPersonal/input_userDefined7'

2024-07-13 00:10:52 - [MESSAGE][PASSED] - Text 'Norway' is set on object 'Object Repository/AdminSuiteBootstrap_Pages/VT_Bootstrap/ACHPersonal/input_userDefined8'

2024-07-13 00:10:53 - [MESSAGE][PASSED] - Text 'France' is set on object 'Object Repository/AdminSuiteBootstrap_Pages/VT_Bootstrap/ACHPersonal/input_userDefined9'

2024-07-13 00:10:54 - [MESSAGE][PASSED] - Text 'Switzerland' is set on object 'Object Repository/AdminSuiteBootstrap_Pages/VT_Bootstrap/ACHPersonal/input_userDefined10'

2024-07-13 00:10:55 - [MESSAGE][PASSED] - Object: 'Object Repository/AdminSuiteBootstrap_Pages/VT_Bootstrap/ACHPersonal/button_Submit' is clicked on

2024-07-13 00:10:55 - [MESSAGE][PASSED] - adminSuiteBootstrap.debitPersonalsetData.debitPersonal_DataDriven is PASSED

2024-07-13 00:10:55 - [TEST_STEP][PASSED] - if (verifyTextPresent("Transaction Successful", true)): null

2024-07-13 00:10:56 - [MESSAGE][PASSED] - Text 'Transaction Successful' is present on page  using regular expression

2024-07-13 00:10:56 - [TEST_STEP][PASSED] - sdf = getText(findTestObject(path_Receipt + "td_AutoNoC031622113752957Ahm")): Text of object 'Object Repository/AdminSuiteBootstrap_Pages/VT_Bootstrap/Receipt/td_AutoNoC031622113752957Ahm' is: 'AutoDualCF071324000324Ahm'

2024-07-13 00:10:56 - [MESSAGE][PASSED] - Text of object 'Object Repository/AdminSuiteBootstrap_Pages/VT_Bootstrap/Receipt/td_AutoNoC031622113752957Ahm' is: 'AutoDualCF071324000324Ahm'

2024-07-13 00:10:56 - [TEST_STEP][PASSED] - out.println("sdf: " + sdf): null

2024-07-13 00:10:56 - [TEST_STEP][PASSED] - remID = sdf: null

2024-07-13 00:10:56 - [TEST_STEP][PASSED] - out.println("remID: " + remID): null

2024-07-13 00:10:56 - [TEST_STEP][PASSED] - click(findTestObject(path_Receipt + "button_Continue")): Object: 'Object Repository/AdminSuiteBootstrap_Pages/VT_Bootstrap/Receipt/button_Continue' is clicked on

2024-07-13 00:10:57 - [MESSAGE][PASSED] - Object: 'Object Repository/AdminSuiteBootstrap_Pages/VT_Bootstrap/Receipt/button_Continue' is clicked on

2024-07-13 00:10:57 - [TEST_STEP][PASSED] - click(findTestObject(path_VT + "a_Search Transactions")): Object: 'Object Repository/AdminSuiteBootstrap_Pages/VT_Bootstrap/IssueTransactions/a_Search Transactions' is clicked on

2024-07-13 00:10:58 - [MESSAGE][PASSED] - Object: 'Object Repository/AdminSuiteBootstrap_Pages/VT_Bootstrap/IssueTransactions/a_Search Transactions' is clicked on

2024-07-13 00:10:58 - [TEST_STEP][PASSED] - setText(findTestObject(path_CCSearch + "input_Search By_searchValue"), remID): Text 'AutoDualCF071324000324Ahm' is set on object 'Object Repository/AdminSuiteBootstrap_Pages/VT_Bootstrap/CCCreditOrVoidSearch/input_Search By_searchValue'

2024-07-13 00:10:59 - [MESSAGE][PASSED] - Text 'AutoDualCF071324000324Ahm' is set on object 'Object Repository/AdminSuiteBootstrap_Pages/VT_Bootstrap/CCCreditOrVoidSearch/input_Search By_searchValue'

2024-07-13 00:10:59 - [TEST_STEP][PASSED] - click(findTestObject(path_CCSearch + "button_Submit")): Object: 'Object Repository/AdminSuiteBootstrap_Pages/VT_Bootstrap/CCCreditOrVoidSearch/button_Submit' is clicked on

2024-07-13 00:11:00 - [MESSAGE][PASSED] - Object: 'Object Repository/AdminSuiteBootstrap_Pages/VT_Bootstrap/CCCreditOrVoidSearch/button_Submit' is clicked on

2024-07-13 00:11:00 - [TEST_STEP][PASSED] - click(findTestObject(path_SearchResults + "button_PaymentID")): Object: 'Object Repository/AdminSuiteBootstrap_Pages/VT_Bootstrap/SearchResults/button_PaymentID' is clicked on

2024-07-13 00:11:01 - [MESSAGE][PASSED] - Object: 'Object Repository/AdminSuiteBootstrap_Pages/VT_Bootstrap/SearchResults/button_PaymentID' is clicked on

2024-07-13 00:11:01 - [TEST_STEP][PASSED] - verifyTextPresent("Tender Type", true): Text 'Tender Type' is present on page  using regular expression

2024-07-13 00:11:01 - [MESSAGE][PASSED] - Text 'Tender Type' is present on page  using regular expression

2024-07-13 00:11:01 - [TEST_STEP][PASSED] - verifyTextPresent("Transaction Type", true): Text 'Transaction Type' is present on page  using regular expression

2024-07-13 00:11:01 - [MESSAGE][PASSED] - Text 'Transaction Type' is present on page  using regular expression

2024-07-13 00:11:01 - [TEST_STEP][PASSED] - verifyTextPresent("Transaction Posted by", true): Text 'Transaction Posted by' is present on page  using regular expression

2024-07-13 00:11:02 - [MESSAGE][PASSED] - Text 'Transaction Posted by' is present on page  using regular expression

2024-07-13 00:11:02 - [TEST_STEP][PASSED] - verifyTextPresent("iahmed", true): Text 'iahmed' is present on page  using regular expression

2024-07-13 00:11:02 - [MESSAGE][PASSED] - Text 'iahmed' is present on page  using regular expression

2024-07-13 00:11:02 - [TEST_STEP][PASSED] - verifyTextPresent("Debit", true): Text 'Debit' is present on page  using regular expression

2024-07-13 00:11:02 - [MESSAGE][PASSED] - Text 'Debit' is present on page  using regular expression

2024-07-13 00:11:02 - [TEST_STEP][PASSED] - click(findTestObject(path_TranxDetails + "a_Void this transaction")): Object: 'Object Repository/AdminSuiteBootstrap_Pages/VT_Bootstrap/TransactionDetails/a_Void this transaction' is clicked on

2024-07-13 00:11:03 - [MESSAGE][PASSED] - Object: 'Object Repository/AdminSuiteBootstrap_Pages/VT_Bootstrap/TransactionDetails/a_Void this transaction' is clicked on

2024-07-13 00:11:03 - [TEST_STEP][PASSED] - verifyTextPresent("The following transaction will be voided", true): Text 'The following transaction will be voided' is present on page  using regular expression

2024-07-13 00:11:04 - [MESSAGE][PASSED] - Text 'The following transaction will be voided' is present on page  using regular expression

2024-07-13 00:11:04 - [TEST_STEP][PASSED] - verifyTextPresent("Please press submit to continue", true): Text 'Please press submit to continue' is present on page  using regular expression

2024-07-13 00:11:04 - [MESSAGE][PASSED] - Text 'Please press submit to continue' is present on page  using regular expression

2024-07-13 00:11:04 - [TEST_STEP][PASSED] - click(findTestObject(path_TranxDetails + "button_Submit")): Object: 'Object Repository/AdminSuiteBootstrap_Pages/VT_Bootstrap/TransactionDetails/button_Submit' is clicked on

2024-07-13 00:11:05 - [MESSAGE][PASSED] - Object: 'Object Repository/AdminSuiteBootstrap_Pages/VT_Bootstrap/TransactionDetails/button_Submit' is clicked on

2024-07-13 00:11:05 - [TEST_STEP][PASSED] - verifyTextPresent("Transaction Successful", true): Text 'Transaction Successful' is present on page  using regular expression

2024-07-13 00:11:06 - [MESSAGE][PASSED] - Text 'Transaction Successful' is present on page  using regular expression

2024-07-13 00:11:06 - [TEST_STEP][PASSED] - verifyTextPresent("Transaction Type", true): Text 'Transaction Type' is present on page  using regular expression

2024-07-13 00:11:06 - [MESSAGE][PASSED] - Text 'Transaction Type' is present on page  using regular expression

2024-07-13 00:11:06 - [TEST_STEP][PASSED] - verifyTextPresent("Void", true): Text 'Void' is present on page  using regular expression

2024-07-13 00:11:06 - [MESSAGE][PASSED] - Text 'Void' is present on page  using regular expression

2024-07-13 00:11:06 - [TEST_STEP][PASSED] - closeBrowser(): Browser is closed

2024-07-13 00:11:07 - [MESSAGE][PASSED] - Browser is closed

2024-07-13 00:11:07 - [TEST_STEP][PASSED] - ExecuteTC = findTestData(dataFile).getValue("Execute", row): null

2024-07-13 00:11:07 - [TEST_STEP][PASSED] - out.println("Value of Execute is : " + ExecuteTC): null

2024-07-13 00:11:07 - [TEST_STEP][PASSED] - switch (executionProfile): null

2024-07-13 00:11:07 - [TEST_STEP][PASSED] - case "QA2Profile":: null

2024-07-13 00:11:07 - [TEST_STEP][PASSED] - appName = findTestData(dataFile).getValue("AppNameQA", row): null

2024-07-13 00:11:08 - [TEST_STEP][PASSED] - appID = findTestData(dataFile).getValue("AppIDQA", row): null

2024-07-13 00:11:08 - [TEST_STEP][PASSED] - break: null

2024-07-13 00:11:08 - [TEST_STEP][PASSED] - hrefAppID = li_1 + appID + li_2: null

2024-07-13 00:11:08 - [TEST_STEP][PASSED] - hrefApp = li_1 + appID + "/": null

2024-07-13 00:11:08 - [TEST_STEP][PASSED] - println("hrefApp : " + hrefApp): null

2024-07-13 00:11:08 - [TEST_STEP][PASSED] - if (ExecuteTC.equalsIgnoreCase("Y")): Browser is closed

2024-07-13 00:11:08 - [TEST_STEP][PASSED] - out.println("Begin Record Number: " + row): null

2024-07-13 00:11:08 - [TEST_STEP][PASSED] - today = new java.util.Date(): null

2024-07-13 00:11:08 - [TEST_STEP][PASSED] - println(today): null

2024-07-13 00:11:08 - [TEST_STEP][PASSED] - datText = today: null

2024-07-13 00:11:08 - [TEST_STEP][PASSED] - adminSuiteBootstrap.loginFunctionality.login_AdminSuite(): adminSuiteBootstrap.loginFunctionality.login_AdminSuite is PASSED

2024-07-13 00:11:08 - [MESSAGE][INFO] - Starting 'Chrome' driver

2024-07-13 00:11:08 - [MESSAGE][INFO] - User set preference: ['acceptInsecureCerts', 'true']

2024-07-13 00:11:08 - [MESSAGE][INFO] - Action delay is set to 0 milliseconds

2024-07-13 00:11:11 - [MESSAGE][PASSED] - Browser is opened with url: 'https://qa2.velocitypayment.com/admin/imtiaz'

2024-07-13 00:11:11 - [MESSAGE][PASSED] - Current window maximized

2024-07-13 00:11:12 - [MESSAGE][PASSED] - Object 'Object Repository/Login_Page/Login_Username_Okta' is present

2024-07-13 00:11:13 - [MESSAGE][PASSED] - Text 'iahmed' is set on object 'Object Repository/Login_Page/Login_Username_Okta'

2024-07-13 00:11:13 - [MESSAGE][PASSED] - Text 'Hello!6666666' is set on object 'Object Repository/Login_Page/Login_Password_Okta'

2024-07-13 00:11:14 - [MESSAGE][PASSED] - Object: 'Object Repository/Login_Page/Login_Submit_Okta' is clicked on

2024-07-13 00:11:14 - [MESSAGE][PASSED] - adminSuiteBootstrap.loginFunctionality.login_AdminSuite is PASSED

2024-07-13 00:11:14 - [TEST_STEP][PASSED] - click(findTestObject(path_Dashboard + appName)): Object: 'Object Repository/AdminSuiteBootstrap_Pages/Dashboard_Bootstrap/a_Access AutoDualCFtpQA' is clicked on

2024-07-13 00:11:22 - [MESSAGE][PASSED] - Object: 'Object Repository/AdminSuiteBootstrap_Pages/Dashboard_Bootstrap/a_Access AutoDualCFtpQA' is clicked on

2024-07-13 00:11:22 - [TEST_STEP][PASSED] - click(findTestObject(path_VT + "button_Debit")): Object: 'Object Repository/AdminSuiteBootstrap_Pages/VT_Bootstrap/IssueTransactions/button_Debit' is clicked on

2024-07-13 00:11:22 - [MESSAGE][PASSED] - Object: 'Object Repository/AdminSuiteBootstrap_Pages/VT_Bootstrap/IssueTransactions/button_Debit' is clicked on

2024-07-13 00:11:22 - [TEST_STEP][PASSED] - click(findTestObject(path_VT + "a_Personal")): Object: 'Object Repository/AdminSuiteBootstrap_Pages/VT_Bootstrap/IssueTransactions/a_Personal' is clicked on

2024-07-13 00:11:23 - [MESSAGE][PASSED] - Object: 'Object Repository/AdminSuiteBootstrap_Pages/VT_Bootstrap/IssueTransactions/a_Personal' is clicked on

2024-07-13 00:11:23 - [TEST_STEP][PASSED] - adminSuiteBootstrap.debitPersonalsetData.debitPersonal_DataDriven(row, dataFile): adminSuiteBootstrap.debitPersonalsetData.debitPersonal_DataDriven is PASSED

2024-07-13 00:11:26 - [MESSAGE][PASSED] - Text 'Alisha' is set on object 'Object Repository/AdminSuiteBootstrap_Pages/VT_Bootstrap/ACHPersonal/input_firstName'

2024-07-13 00:11:26 - [MESSAGE][PASSED] - Text 'Slusarski' is set on object 'Object Repository/AdminSuiteBootstrap_Pages/VT_Bootstrap/ACHPersonal/input_lastName'

2024-07-13 00:11:27 - [MESSAGE][PASSED] - Text '3273 State St' is set on object 'Object Repository/AdminSuiteBootstrap_Pages/VT_Bootstrap/ACHPersonal/input_address'

2024-07-13 00:11:28 - [MESSAGE][PASSED] - Text 'apt #4' is set on object 'Object Repository/AdminSuiteBootstrap_Pages/VT_Bootstrap/ACHPersonal/input_address2'

2024-07-13 00:11:29 - [MESSAGE][PASSED] - Text '22201' is set on object 'Object Repository/AdminSuiteBootstrap_Pages/VT_Bootstrap/ACHPersonal/input_zip'

2024-07-13 00:11:29 - [MESSAGE][PASSED] - Text '' is set on object 'Object Repository/AdminSuiteBootstrap_Pages/VT_Bootstrap/ACHPersonal/input_emailAddress'

2024-07-13 00:11:31 - [MESSAGE][PASSED] - Text '' is set on object 'Object Repository/AdminSuiteBootstrap_Pages/VT_Bootstrap/ACHPersonal/input_smsNumber'

2024-07-13 00:11:31 - [MESSAGE][PASSED] - Text '45671004' is set on object 'Object Repository/AdminSuiteBootstrap_Pages/VT_Bootstrap/ACHPersonal/input_accountNumber'

2024-07-13 00:11:32 - [MESSAGE][PASSED] - Text '256072691' is set on object 'Object Repository/AdminSuiteBootstrap_Pages/VT_Bootstrap/ACHPersonal/input_routingNumber'

2024-07-13 00:11:33 - [MESSAGE][PASSED] - All options with label 'Savings' are selected in object 'Object Repository/AdminSuiteBootstrap_Pages/VT_Bootstrap/ACHPersonal/select_AccountType'  using regular expression

2024-07-13 00:11:34 - [MESSAGE][PASSED] - All options with label 'TEL - Telephone-Initiated Entry' are selected in object 'Object Repository/AdminSuiteBootstrap_Pages/VT_Bootstrap/ACHPersonal/select_STD'  using regular expression

2024-07-13 00:11:35 - [MESSAGE][PASSED] - Text '11.5' is set on object 'Object Repository/AdminSuiteBootstrap_Pages/VT_Bootstrap/ACHPersonal/input_amount'

2024-07-13 00:11:36 - [MESSAGE][PASSED] - Text 'Denmark' is set on object 'Object Repository/AdminSuiteBootstrap_Pages/VT_Bootstrap/ACHPersonal/input_userDefined1'

2024-07-13 00:11:37 - [MESSAGE][PASSED] - Text 'Australia' is set on object 'Object Repository/AdminSuiteBootstrap_Pages/VT_Bootstrap/ACHPersonal/input_userDefined2'

2024-07-13 00:11:38 - [MESSAGE][PASSED] - Text 'Austria' is set on object 'Object Repository/AdminSuiteBootstrap_Pages/VT_Bootstrap/ACHPersonal/input_userDefined3'

2024-07-13 00:11:38 - [MESSAGE][PASSED] - Text 'Sweden' is set on object 'Object Repository/AdminSuiteBootstrap_Pages/VT_Bootstrap/ACHPersonal/input_userDefined4'

2024-07-13 00:11:39 - [MESSAGE][PASSED] - All options with label 'Yellow' are selected in object 'Object Repository/AdminSuiteBootstrap_Pages/VT_Bootstrap/ACHPersonal/select_UDF5'  using regular expression

2024-07-13 00:11:40 - [MESSAGE][PASSED] - All options with label 'Orange' are selected in object 'Object Repository/AdminSuiteBootstrap_Pages/VT_Bootstrap/ACHPersonal/select_UDF6'  using regular expression

2024-07-13 00:11:41 - [MESSAGE][PASSED] - Text 'Netherlands' is set on object 'Object Repository/AdminSuiteBootstrap_Pages/VT_Bootstrap/ACHPersonal/input_userDefined7'

2024-07-13 00:11:42 - [MESSAGE][PASSED] - Text 'Norway' is set on object 'Object Repository/AdminSuiteBootstrap_Pages/VT_Bootstrap/ACHPersonal/input_userDefined8'

2024-07-13 00:11:42 - [MESSAGE][PASSED] - Text 'France' is set on object 'Object Repository/AdminSuiteBootstrap_Pages/VT_Bootstrap/ACHPersonal/input_userDefined9'

2024-07-13 00:11:43 - [MESSAGE][PASSED] - Text 'Switzerland' is set on object 'Object Repository/AdminSuiteBootstrap_Pages/VT_Bootstrap/ACHPersonal/input_userDefined10'

2024-07-13 00:11:44 - [MESSAGE][PASSED] - Object: 'Object Repository/AdminSuiteBootstrap_Pages/VT_Bootstrap/ACHPersonal/button_Submit' is clicked on

2024-07-13 00:11:44 - [MESSAGE][PASSED] - adminSuiteBootstrap.debitPersonalsetData.debitPersonal_DataDriven is PASSED

2024-07-13 00:11:44 - [TEST_STEP][PASSED] - if (verifyTextPresent("Transaction Successful", true)): null

2024-07-13 00:11:45 - [MESSAGE][PASSED] - Text 'Transaction Successful' is present on page  using regular expression

2024-07-13 00:11:45 - [TEST_STEP][PASSED] - sdf = getText(findTestObject(path_Receipt + "td_AutoNoC031622113752957Ahm")): Text of object 'Object Repository/AdminSuiteBootstrap_Pages/VT_Bootstrap/Receipt/td_AutoNoC031622113752957Ahm' is: 'AutoDualCF071324000414Ahm'

2024-07-13 00:11:45 - [MESSAGE][PASSED] - Text of object 'Object Repository/AdminSuiteBootstrap_Pages/VT_Bootstrap/Receipt/td_AutoNoC031622113752957Ahm' is: 'AutoDualCF071324000414Ahm'

2024-07-13 00:11:45 - [TEST_STEP][PASSED] - out.println("sdf: " + sdf): null

2024-07-13 00:11:45 - [TEST_STEP][PASSED] - remID = sdf: null

2024-07-13 00:11:45 - [TEST_STEP][PASSED] - out.println("remID: " + remID): null

2024-07-13 00:11:45 - [TEST_STEP][PASSED] - click(findTestObject(path_Receipt + "button_Continue")): Object: 'Object Repository/AdminSuiteBootstrap_Pages/VT_Bootstrap/Receipt/button_Continue' is clicked on

2024-07-13 00:11:46 - [MESSAGE][PASSED] - Object: 'Object Repository/AdminSuiteBootstrap_Pages/VT_Bootstrap/Receipt/button_Continue' is clicked on

2024-07-13 00:11:46 - [TEST_STEP][PASSED] - click(findTestObject(path_VT + "a_Search Transactions")): Object: 'Object Repository/AdminSuiteBootstrap_Pages/VT_Bootstrap/IssueTransactions/a_Search Transactions' is clicked on

2024-07-13 00:11:47 - [MESSAGE][PASSED] - Object: 'Object Repository/AdminSuiteBootstrap_Pages/VT_Bootstrap/IssueTransactions/a_Search Transactions' is clicked on

2024-07-13 00:11:47 - [TEST_STEP][PASSED] - setText(findTestObject(path_CCSearch + "input_Search By_searchValue"), remID): Text 'AutoDualCF071324000414Ahm' is set on object 'Object Repository/AdminSuiteBootstrap_Pages/VT_Bootstrap/CCCreditOrVoidSearch/input_Search By_searchValue'

2024-07-13 00:11:48 - [MESSAGE][PASSED] - Text 'AutoDualCF071324000414Ahm' is set on object 'Object Repository/AdminSuiteBootstrap_Pages/VT_Bootstrap/CCCreditOrVoidSearch/input_Search By_searchValue'

2024-07-13 00:11:48 - [TEST_STEP][PASSED] - click(findTestObject(path_CCSearch + "button_Submit")): Object: 'Object Repository/AdminSuiteBootstrap_Pages/VT_Bootstrap/CCCreditOrVoidSearch/button_Submit' is clicked on

2024-07-13 00:11:49 - [MESSAGE][PASSED] - Object: 'Object Repository/AdminSuiteBootstrap_Pages/VT_Bootstrap/CCCreditOrVoidSearch/button_Submit' is clicked on

2024-07-13 00:11:49 - [TEST_STEP][PASSED] - click(findTestObject(path_SearchResults + "button_PaymentID")): Object: 'Object Repository/AdminSuiteBootstrap_Pages/VT_Bootstrap/SearchResults/button_PaymentID' is clicked on

2024-07-13 00:11:50 - [MESSAGE][PASSED] - Object: 'Object Repository/AdminSuiteBootstrap_Pages/VT_Bootstrap/SearchResults/button_PaymentID' is clicked on

2024-07-13 00:11:50 - [TEST_STEP][PASSED] - verifyTextPresent("Tender Type", true): Text 'Tender Type' is present on page  using regular expression

2024-07-13 00:11:50 - [MESSAGE][PASSED] - Text 'Tender Type' is present on page  using regular expression

2024-07-13 00:11:50 - [TEST_STEP][PASSED] - verifyTextPresent("Transaction Type", true): Text 'Transaction Type' is present on page  using regular expression

2024-07-13 00:11:51 - [MESSAGE][PASSED] - Text 'Transaction Type' is present on page  using regular expression

2024-07-13 00:11:51 - [TEST_STEP][PASSED] - verifyTextPresent("Transaction Posted by", true): Text 'Transaction Posted by' is present on page  using regular expression

2024-07-13 00:11:51 - [MESSAGE][PASSED] - Text 'Transaction Posted by' is present on page  using regular expression

2024-07-13 00:11:51 - [TEST_STEP][PASSED] - verifyTextPresent("iahmed", true): Text 'iahmed' is present on page  using regular expression

2024-07-13 00:11:51 - [MESSAGE][PASSED] - Text 'iahmed' is present on page  using regular expression

2024-07-13 00:11:51 - [TEST_STEP][PASSED] - verifyTextPresent("Debit", true): Text 'Debit' is present on page  using regular expression

2024-07-13 00:11:52 - [MESSAGE][PASSED] - Text 'Debit' is present on page  using regular expression

2024-07-13 00:11:52 - [TEST_STEP][PASSED] - click(findTestObject(path_TranxDetails + "a_Void this transaction")): Object: 'Object Repository/AdminSuiteBootstrap_Pages/VT_Bootstrap/TransactionDetails/a_Void this transaction' is clicked on

2024-07-13 00:11:52 - [MESSAGE][PASSED] - Object: 'Object Repository/AdminSuiteBootstrap_Pages/VT_Bootstrap/TransactionDetails/a_Void this transaction' is clicked on

2024-07-13 00:11:52 - [TEST_STEP][PASSED] - verifyTextPresent("The following transaction will be voided", true): Text 'The following transaction will be voided' is present on page  using regular expression

2024-07-13 00:11:53 - [MESSAGE][PASSED] - Text 'The following transaction will be voided' is present on page  using regular expression

2024-07-13 00:11:53 - [TEST_STEP][PASSED] - verifyTextPresent("Please press submit to continue", true): Text 'Please press submit to continue' is present on page  using regular expression

2024-07-13 00:11:53 - [MESSAGE][PASSED] - Text 'Please press submit to continue' is present on page  using regular expression

2024-07-13 00:11:53 - [TEST_STEP][PASSED] - click(findTestObject(path_TranxDetails + "button_Submit")): Object: 'Object Repository/AdminSuiteBootstrap_Pages/VT_Bootstrap/TransactionDetails/button_Submit' is clicked on

2024-07-13 00:11:54 - [MESSAGE][PASSED] - Object: 'Object Repository/AdminSuiteBootstrap_Pages/VT_Bootstrap/TransactionDetails/button_Submit' is clicked on

2024-07-13 00:11:54 - [TEST_STEP][PASSED] - verifyTextPresent("Transaction Successful", true): Text 'Transaction Successful' is present on page  using regular expression

2024-07-13 00:11:55 - [MESSAGE][PASSED] - Text 'Transaction Successful' is present on page  using regular expression

2024-07-13 00:11:55 - [TEST_STEP][PASSED] - verifyTextPresent("Transaction Type", true): Text 'Transaction Type' is present on page  using regular expression

2024-07-13 00:11:55 - [MESSAGE][PASSED] - Text 'Transaction Type' is present on page  using regular expression

2024-07-13 00:11:55 - [TEST_STEP][PASSED] - verifyTextPresent("Void", true): Text 'Void' is present on page  using regular expression

2024-07-13 00:11:55 - [MESSAGE][PASSED] - Text 'Void' is present on page  using regular expression

2024-07-13 00:11:55 - [TEST_STEP][PASSED] - closeBrowser(): Browser is closed

2024-07-13 00:11:56 - [MESSAGE][PASSED] - Browser is closed]]></system-out>
         <system-err><![CDATA[]]></system-err>
      </testcase>
      <testcase name="Test Cases/Admin Suite Bootstrap/VT_ACH_TestCases/DebitPersonalVoid_TP_NoCF_Generic_Payment_TC" time="193.857" classname="Test Cases/Admin Suite Bootstrap/VT_ACH_TestCases/DebitPersonalVoid_TP_NoCF_Generic_Payment_TC" status="PASSED">
         <system-out><![CDATA[2024-07-13 00:11:56 - [TEST_CASE][PASSED] - Test Cases/Admin Suite Bootstrap/VT_ACH_TestCases/DebitPersonalVoid_TP_NoCF_Generic_Payment_TC: Test Cases/Admin Suite Bootstrap/VT_ACH_TestCases/DebitPersonalVoid_TP_NoCF_Generic_Payment_TC

2024-07-13 00:11:57 - [TEST_STEP][PASSED] - path_Dashboard = "Object Repository/AdminSuiteBootstrap_Pages/Dashboard_Bootstrap/": null

2024-07-13 00:11:57 - [TEST_STEP][PASSED] - path_VT = "Object Repository/AdminSuiteBootstrap_Pages/VT_Bootstrap/IssueTransactions/": null

2024-07-13 00:11:57 - [TEST_STEP][PASSED] - path_Receipt = "Object Repository/AdminSuiteBootstrap_Pages/VT_Bootstrap/Receipt/": null

2024-07-13 00:11:57 - [TEST_STEP][PASSED] - path_CCSearch = "Object Repository/AdminSuiteBootstrap_Pages/VT_Bootstrap/CCCreditOrVoidSearch/": null

2024-07-13 00:11:57 - [TEST_STEP][PASSED] - path_SearchResults = "Object Repository/AdminSuiteBootstrap_Pages/VT_Bootstrap/SearchResults/": null

2024-07-13 00:11:57 - [TEST_STEP][PASSED] - path_TranxDetails = "Object Repository/AdminSuiteBootstrap_Pages/VT_Bootstrap/TransactionDetails/": null

2024-07-13 00:11:57 - [TEST_STEP][PASSED] - li_1 = vpos_Prefix: null

2024-07-13 00:11:57 - [TEST_STEP][PASSED] - li_2 = "/transactions/AuthCapForm/": null

2024-07-13 00:11:57 - [TEST_STEP][PASSED] - executionProfile = getExecutionProfile(): null

2024-07-13 00:11:57 - [TEST_STEP][PASSED] - out.println("executionProfile : " + executionProfile): null

2024-07-13 00:11:57 - [TEST_STEP][PASSED] - appName = <not implemented yet for class: org.codehaus.groovy.ast.expr.EmptyExpression>: null

2024-07-13 00:11:57 - [TEST_STEP][PASSED] - appID = <not implemented yet for class: org.codehaus.groovy.ast.expr.EmptyExpression>: null

2024-07-13 00:11:57 - [TEST_STEP][PASSED] - cardNameV = <not implemented yet for class: org.codehaus.groovy.ast.expr.EmptyExpression>: null

2024-07-13 00:11:57 - [TEST_STEP][PASSED] - al1V = <not implemented yet for class: org.codehaus.groovy.ast.expr.EmptyExpression>: null

2024-07-13 00:11:57 - [TEST_STEP][PASSED] - al2V = <not implemented yet for class: org.codehaus.groovy.ast.expr.EmptyExpression>: null

2024-07-13 00:11:57 - [TEST_STEP][PASSED] - zipV = <not implemented yet for class: org.codehaus.groovy.ast.expr.EmptyExpression>: null

2024-07-13 00:11:57 - [TEST_STEP][PASSED] - accType = <not implemented yet for class: org.codehaus.groovy.ast.expr.EmptyExpression>: null

2024-07-13 00:11:57 - [TEST_STEP][PASSED] - last4V = <not implemented yet for class: org.codehaus.groovy.ast.expr.EmptyExpression>: null

2024-07-13 00:11:57 - [TEST_STEP][PASSED] - resText = "Fail": null

2024-07-13 00:11:57 - [TEST_STEP][PASSED] - resColumn = "Result": null

2024-07-13 00:11:57 - [TEST_STEP][PASSED] - datCloumn = "Date": null

2024-07-13 00:11:57 - [TEST_STEP][PASSED] - fileLoc = "C:\KatalonData\Bootstrap\VT-ACH-Data.xlsx": null

2024-07-13 00:11:57 - [TEST_STEP][PASSED] - numOfRows = <not implemented yet for class: org.codehaus.groovy.ast.expr.EmptyExpression>: null

2024-07-13 00:11:57 - [TEST_STEP][PASSED] - dataFile = <not implemented yet for class: org.codehaus.groovy.ast.expr.EmptyExpression>: null

2024-07-13 00:11:57 - [TEST_STEP][PASSED] - nameSheet = <not implemented yet for class: org.codehaus.groovy.ast.expr.EmptyExpression>: null

2024-07-13 00:11:57 - [TEST_STEP][PASSED] - nameSheet = "VT-P-DebitVoid-NoCF-Generic": null

2024-07-13 00:11:57 - [TEST_STEP][PASSED] - numOfRows = findTestData("QA/Bootstrap/VT-ACH-TestData/VT-DebitVoidData-NoCF-Generic").getRowNumbers(): null

2024-07-13 00:11:57 - [TEST_STEP][PASSED] - println("Number of Records: " + numOfRows): null

2024-07-13 00:11:57 - [TEST_STEP][PASSED] - dataFile = "QA/Bootstrap/VT-ACH-TestData/VT-DebitVoidData-NoCF-Generic": null

2024-07-13 00:11:57 - [TEST_STEP][PASSED] - for ([row = 1, row <= numOfRows, (row++)]): Browser is closed

2024-07-13 00:11:57 - [TEST_STEP][PASSED] - ExecuteTC = findTestData(dataFile).getValue("Execute", row): null

2024-07-13 00:11:57 - [TEST_STEP][PASSED] - out.println("Value of Execute is : " + ExecuteTC): null

2024-07-13 00:11:57 - [TEST_STEP][PASSED] - switch (executionProfile): null

2024-07-13 00:11:57 - [TEST_STEP][PASSED] - case "QA2Profile":: null

2024-07-13 00:11:57 - [TEST_STEP][PASSED] - appName = findTestData(dataFile).getValue("AppNameQA", row): null

2024-07-13 00:11:57 - [TEST_STEP][PASSED] - appID = findTestData(dataFile).getValue("AppIDQA", row): null

2024-07-13 00:11:57 - [TEST_STEP][PASSED] - break: null

2024-07-13 00:11:57 - [TEST_STEP][PASSED] - hrefAppID = li_1 + appID + li_2: null

2024-07-13 00:11:57 - [TEST_STEP][PASSED] - hrefApp = li_1 + appID + "/": null

2024-07-13 00:11:57 - [TEST_STEP][PASSED] - println("hrefApp : " + hrefApp): null

2024-07-13 00:11:57 - [TEST_STEP][PASSED] - if (ExecuteTC.equalsIgnoreCase("Y")): Browser is closed

2024-07-13 00:11:57 - [TEST_STEP][PASSED] - out.println("Begin Record Number: " + row): null

2024-07-13 00:11:57 - [TEST_STEP][PASSED] - today = new java.util.Date(): null

2024-07-13 00:11:57 - [TEST_STEP][PASSED] - println(today): null

2024-07-13 00:11:57 - [TEST_STEP][PASSED] - datText = today: null

2024-07-13 00:11:57 - [TEST_STEP][PASSED] - adminSuiteBootstrap.loginFunctionality.login_AdminSuite(): adminSuiteBootstrap.loginFunctionality.login_AdminSuite is PASSED

2024-07-13 00:11:57 - [MESSAGE][INFO] - Starting 'Chrome' driver

2024-07-13 00:11:57 - [MESSAGE][INFO] - User set preference: ['acceptInsecureCerts', 'true']

2024-07-13 00:11:57 - [MESSAGE][INFO] - Action delay is set to 0 milliseconds

2024-07-13 00:12:00 - [MESSAGE][PASSED] - Browser is opened with url: 'https://qa2.velocitypayment.com/admin/imtiaz'

2024-07-13 00:12:00 - [MESSAGE][PASSED] - Current window maximized

2024-07-13 00:12:01 - [MESSAGE][PASSED] - Object 'Object Repository/Login_Page/Login_Username_Okta' is present

2024-07-13 00:12:01 - [MESSAGE][PASSED] - Text 'iahmed' is set on object 'Object Repository/Login_Page/Login_Username_Okta'

2024-07-13 00:12:02 - [MESSAGE][PASSED] - Text 'Hello!6666666' is set on object 'Object Repository/Login_Page/Login_Password_Okta'

2024-07-13 00:12:03 - [MESSAGE][PASSED] - Object: 'Object Repository/Login_Page/Login_Submit_Okta' is clicked on

2024-07-13 00:12:03 - [MESSAGE][PASSED] - adminSuiteBootstrap.loginFunctionality.login_AdminSuite is PASSED

2024-07-13 00:12:03 - [TEST_STEP][PASSED] - click(findTestObject(path_Dashboard + appName)): Object: 'Object Repository/AdminSuiteBootstrap_Pages/Dashboard_Bootstrap/a_Access AutoNoCFtp' is clicked on

2024-07-13 00:12:10 - [MESSAGE][PASSED] - Object: 'Object Repository/AdminSuiteBootstrap_Pages/Dashboard_Bootstrap/a_Access AutoNoCFtp' is clicked on

2024-07-13 00:12:10 - [TEST_STEP][PASSED] - click(findTestObject(path_VT + "button_Debit")): Object: 'Object Repository/AdminSuiteBootstrap_Pages/VT_Bootstrap/IssueTransactions/button_Debit' is clicked on

2024-07-13 00:12:11 - [MESSAGE][PASSED] - Object: 'Object Repository/AdminSuiteBootstrap_Pages/VT_Bootstrap/IssueTransactions/button_Debit' is clicked on

2024-07-13 00:12:11 - [TEST_STEP][PASSED] - click(findTestObject(path_VT + "a_Personal")): Object: 'Object Repository/AdminSuiteBootstrap_Pages/VT_Bootstrap/IssueTransactions/a_Personal' is clicked on

2024-07-13 00:12:12 - [MESSAGE][PASSED] - Object: 'Object Repository/AdminSuiteBootstrap_Pages/VT_Bootstrap/IssueTransactions/a_Personal' is clicked on

2024-07-13 00:12:12 - [TEST_STEP][PASSED] - adminSuiteBootstrap.debitPersonalsetData.debitPersonal_DataDriven(row, dataFile): adminSuiteBootstrap.debitPersonalsetData.debitPersonal_DataDriven is PASSED

2024-07-13 00:12:15 - [MESSAGE][PASSED] - Text 'John' is set on object 'Object Repository/AdminSuiteBootstrap_Pages/VT_Bootstrap/ACHPersonal/input_firstName'

2024-07-13 00:12:15 - [MESSAGE][PASSED] - Text 'Gordonas' is set on object 'Object Repository/AdminSuiteBootstrap_Pages/VT_Bootstrap/ACHPersonal/input_lastName'

2024-07-13 00:12:16 - [MESSAGE][PASSED] - Text '133 Meadow Ln' is set on object 'Object Repository/AdminSuiteBootstrap_Pages/VT_Bootstrap/ACHPersonal/input_address'

2024-07-13 00:12:17 - [MESSAGE][PASSED] - Text 'apt #123' is set on object 'Object Repository/AdminSuiteBootstrap_Pages/VT_Bootstrap/ACHPersonal/input_address2'

2024-07-13 00:12:18 - [MESSAGE][PASSED] - Text '22201' is set on object 'Object Repository/AdminSuiteBootstrap_Pages/VT_Bootstrap/ACHPersonal/input_zip'

2024-07-13 00:12:18 - [MESSAGE][PASSED] - Text '' is set on object 'Object Repository/AdminSuiteBootstrap_Pages/VT_Bootstrap/ACHPersonal/input_emailAddress'

2024-07-13 00:12:20 - [MESSAGE][PASSED] - Text '' is set on object 'Object Repository/AdminSuiteBootstrap_Pages/VT_Bootstrap/ACHPersonal/input_smsNumber'

2024-07-13 00:12:20 - [MESSAGE][PASSED] - Text '45681001' is set on object 'Object Repository/AdminSuiteBootstrap_Pages/VT_Bootstrap/ACHPersonal/input_accountNumber'

2024-07-13 00:12:21 - [MESSAGE][PASSED] - Text '256072691' is set on object 'Object Repository/AdminSuiteBootstrap_Pages/VT_Bootstrap/ACHPersonal/input_routingNumber'

2024-07-13 00:12:22 - [MESSAGE][PASSED] - All options with label 'Checking' are selected in object 'Object Repository/AdminSuiteBootstrap_Pages/VT_Bootstrap/ACHPersonal/select_AccountType'  using regular expression

2024-07-13 00:12:23 - [MESSAGE][PASSED] - All options with label 'PPD - Prearranged Payment and Deposit Entry' are selected in object 'Object Repository/AdminSuiteBootstrap_Pages/VT_Bootstrap/ACHPersonal/select_STD'  using regular expression

2024-07-13 00:12:24 - [MESSAGE][PASSED] - Text '11.5' is set on object 'Object Repository/AdminSuiteBootstrap_Pages/VT_Bootstrap/ACHPersonal/input_amount'

2024-07-13 00:12:25 - [MESSAGE][PASSED] - Text 'Denmark' is set on object 'Object Repository/AdminSuiteBootstrap_Pages/VT_Bootstrap/ACHPersonal/input_userDefined1'

2024-07-13 00:12:25 - [MESSAGE][PASSED] - Text 'Australia' is set on object 'Object Repository/AdminSuiteBootstrap_Pages/VT_Bootstrap/ACHPersonal/input_userDefined2'

2024-07-13 00:12:26 - [MESSAGE][PASSED] - Text 'Austria' is set on object 'Object Repository/AdminSuiteBootstrap_Pages/VT_Bootstrap/ACHPersonal/input_userDefined3'

2024-07-13 00:12:27 - [MESSAGE][PASSED] - Text 'Sweden' is set on object 'Object Repository/AdminSuiteBootstrap_Pages/VT_Bootstrap/ACHPersonal/input_userDefined4'

2024-07-13 00:12:28 - [MESSAGE][PASSED] - All options with label 'Yellow' are selected in object 'Object Repository/AdminSuiteBootstrap_Pages/VT_Bootstrap/ACHPersonal/select_UDF5'  using regular expression

2024-07-13 00:12:29 - [MESSAGE][PASSED] - All options with label 'Orange' are selected in object 'Object Repository/AdminSuiteBootstrap_Pages/VT_Bootstrap/ACHPersonal/select_UDF6'  using regular expression

2024-07-13 00:12:30 - [MESSAGE][PASSED] - Text 'Netherlands' is set on object 'Object Repository/AdminSuiteBootstrap_Pages/VT_Bootstrap/ACHPersonal/input_userDefined7'

2024-07-13 00:12:30 - [MESSAGE][PASSED] - Text 'Norway' is set on object 'Object Repository/AdminSuiteBootstrap_Pages/VT_Bootstrap/ACHPersonal/input_userDefined8'

2024-07-13 00:12:31 - [MESSAGE][PASSED] - Text 'France' is set on object 'Object Repository/AdminSuiteBootstrap_Pages/VT_Bootstrap/ACHPersonal/input_userDefined9'

2024-07-13 00:12:32 - [MESSAGE][PASSED] - Text 'Switzerland' is set on object 'Object Repository/AdminSuiteBootstrap_Pages/VT_Bootstrap/ACHPersonal/input_userDefined10'

2024-07-13 00:12:33 - [MESSAGE][PASSED] - Object: 'Object Repository/AdminSuiteBootstrap_Pages/VT_Bootstrap/ACHPersonal/button_Submit' is clicked on

2024-07-13 00:12:33 - [MESSAGE][PASSED] - adminSuiteBootstrap.debitPersonalsetData.debitPersonal_DataDriven is PASSED

2024-07-13 00:12:33 - [TEST_STEP][PASSED] - if (verifyTextPresent("Transaction Successful", true)): null

2024-07-13 00:12:33 - [MESSAGE][PASSED] - Text 'Transaction Successful' is present on page  using regular expression

2024-07-13 00:12:33 - [TEST_STEP][PASSED] - sdf = getText(findTestObject(path_Receipt + "td_AutoNoC031622113752957Ahm")): Text of object 'Object Repository/AdminSuiteBootstrap_Pages/VT_Bootstrap/Receipt/td_AutoNoC031622113752957Ahm' is: 'AutoNoCFtp071324000502Ahm'

2024-07-13 00:12:34 - [MESSAGE][PASSED] - Text of object 'Object Repository/AdminSuiteBootstrap_Pages/VT_Bootstrap/Receipt/td_AutoNoC031622113752957Ahm' is: 'AutoNoCFtp071324000502Ahm'

2024-07-13 00:12:34 - [TEST_STEP][PASSED] - out.println("sdf: " + sdf): null

2024-07-13 00:12:34 - [TEST_STEP][PASSED] - remID = sdf: null

2024-07-13 00:12:34 - [TEST_STEP][PASSED] - out.println("remID: " + remID): null

2024-07-13 00:12:34 - [TEST_STEP][PASSED] - click(findTestObject(path_Receipt + "button_Continue")): Object: 'Object Repository/AdminSuiteBootstrap_Pages/VT_Bootstrap/Receipt/button_Continue' is clicked on

2024-07-13 00:12:35 - [MESSAGE][PASSED] - Object: 'Object Repository/AdminSuiteBootstrap_Pages/VT_Bootstrap/Receipt/button_Continue' is clicked on

2024-07-13 00:12:35 - [TEST_STEP][PASSED] - click(findTestObject(path_VT + "a_Search Transactions")): Object: 'Object Repository/AdminSuiteBootstrap_Pages/VT_Bootstrap/IssueTransactions/a_Search Transactions' is clicked on

2024-07-13 00:12:36 - [MESSAGE][PASSED] - Object: 'Object Repository/AdminSuiteBootstrap_Pages/VT_Bootstrap/IssueTransactions/a_Search Transactions' is clicked on

2024-07-13 00:12:36 - [TEST_STEP][PASSED] - setText(findTestObject(path_CCSearch + "input_Search By_searchValue"), remID): Text 'AutoNoCFtp071324000502Ahm' is set on object 'Object Repository/AdminSuiteBootstrap_Pages/VT_Bootstrap/CCCreditOrVoidSearch/input_Search By_searchValue'

2024-07-13 00:12:37 - [MESSAGE][PASSED] - Text 'AutoNoCFtp071324000502Ahm' is set on object 'Object Repository/AdminSuiteBootstrap_Pages/VT_Bootstrap/CCCreditOrVoidSearch/input_Search By_searchValue'

2024-07-13 00:12:37 - [TEST_STEP][PASSED] - click(findTestObject(path_CCSearch + "button_Submit")): Object: 'Object Repository/AdminSuiteBootstrap_Pages/VT_Bootstrap/CCCreditOrVoidSearch/button_Submit' is clicked on

2024-07-13 00:12:37 - [MESSAGE][PASSED] - Object: 'Object Repository/AdminSuiteBootstrap_Pages/VT_Bootstrap/CCCreditOrVoidSearch/button_Submit' is clicked on

2024-07-13 00:12:37 - [TEST_STEP][PASSED] - click(findTestObject(path_SearchResults + "button_PaymentID")): Object: 'Object Repository/AdminSuiteBootstrap_Pages/VT_Bootstrap/SearchResults/button_PaymentID' is clicked on

2024-07-13 00:12:38 - [MESSAGE][PASSED] - Object: 'Object Repository/AdminSuiteBootstrap_Pages/VT_Bootstrap/SearchResults/button_PaymentID' is clicked on

2024-07-13 00:12:38 - [TEST_STEP][PASSED] - verifyTextPresent("Tender Type", true): Text 'Tender Type' is present on page  using regular expression

2024-07-13 00:12:39 - [MESSAGE][PASSED] - Text 'Tender Type' is present on page  using regular expression

2024-07-13 00:12:39 - [TEST_STEP][PASSED] - verifyTextPresent("Transaction Type", true): Text 'Transaction Type' is present on page  using regular expression

2024-07-13 00:12:39 - [MESSAGE][PASSED] - Text 'Transaction Type' is present on page  using regular expression

2024-07-13 00:12:39 - [TEST_STEP][PASSED] - verifyTextPresent("Transaction Posted by", true): Text 'Transaction Posted by' is present on page  using regular expression

2024-07-13 00:12:40 - [MESSAGE][PASSED] - Text 'Transaction Posted by' is present on page  using regular expression

2024-07-13 00:12:40 - [TEST_STEP][PASSED] - verifyTextPresent("iahmed", true): Text 'iahmed' is present on page  using regular expression

2024-07-13 00:12:40 - [MESSAGE][PASSED] - Text 'iahmed' is present on page  using regular expression

2024-07-13 00:12:40 - [TEST_STEP][PASSED] - verifyTextPresent("Debit", true): Text 'Debit' is present on page  using regular expression

2024-07-13 00:12:40 - [MESSAGE][PASSED] - Text 'Debit' is present on page  using regular expression

2024-07-13 00:12:40 - [TEST_STEP][PASSED] - click(findTestObject(path_TranxDetails + "a_Void this transaction")): Object: 'Object Repository/AdminSuiteBootstrap_Pages/VT_Bootstrap/TransactionDetails/a_Void this transaction' is clicked on

2024-07-13 00:12:41 - [MESSAGE][PASSED] - Object: 'Object Repository/AdminSuiteBootstrap_Pages/VT_Bootstrap/TransactionDetails/a_Void this transaction' is clicked on

2024-07-13 00:12:41 - [TEST_STEP][PASSED] - verifyTextPresent("The following transaction will be voided", true): Text 'The following transaction will be voided' is present on page  using regular expression

2024-07-13 00:12:42 - [MESSAGE][PASSED] - Text 'The following transaction will be voided' is present on page  using regular expression

2024-07-13 00:12:42 - [TEST_STEP][PASSED] - verifyTextPresent("Please press submit to continue", true): Text 'Please press submit to continue' is present on page  using regular expression

2024-07-13 00:12:42 - [MESSAGE][PASSED] - Text 'Please press submit to continue' is present on page  using regular expression

2024-07-13 00:12:42 - [TEST_STEP][PASSED] - click(findTestObject(path_TranxDetails + "button_Submit")): Object: 'Object Repository/AdminSuiteBootstrap_Pages/VT_Bootstrap/TransactionDetails/button_Submit' is clicked on

2024-07-13 00:12:43 - [MESSAGE][PASSED] - Object: 'Object Repository/AdminSuiteBootstrap_Pages/VT_Bootstrap/TransactionDetails/button_Submit' is clicked on

2024-07-13 00:12:43 - [TEST_STEP][PASSED] - verifyTextPresent("Transaction Successful", true): Text 'Transaction Successful' is present on page  using regular expression

2024-07-13 00:12:43 - [MESSAGE][PASSED] - Text 'Transaction Successful' is present on page  using regular expression

2024-07-13 00:12:43 - [TEST_STEP][PASSED] - verifyTextPresent("Transaction Type", true): Text 'Transaction Type' is present on page  using regular expression

2024-07-13 00:12:44 - [MESSAGE][PASSED] - Text 'Transaction Type' is present on page  using regular expression

2024-07-13 00:12:44 - [TEST_STEP][PASSED] - verifyTextPresent("Void", true): Text 'Void' is present on page  using regular expression

2024-07-13 00:12:44 - [MESSAGE][PASSED] - Text 'Void' is present on page  using regular expression

2024-07-13 00:12:44 - [TEST_STEP][PASSED] - closeBrowser(): Browser is closed

2024-07-13 00:12:45 - [MESSAGE][PASSED] - Browser is closed

2024-07-13 00:12:45 - [TEST_STEP][PASSED] - ExecuteTC = findTestData(dataFile).getValue("Execute", row): null

2024-07-13 00:12:45 - [TEST_STEP][PASSED] - out.println("Value of Execute is : " + ExecuteTC): null

2024-07-13 00:12:45 - [TEST_STEP][PASSED] - switch (executionProfile): null

2024-07-13 00:12:45 - [TEST_STEP][PASSED] - case "QA2Profile":: null

2024-07-13 00:12:45 - [TEST_STEP][PASSED] - appName = findTestData(dataFile).getValue("AppNameQA", row): null

2024-07-13 00:12:45 - [TEST_STEP][PASSED] - appID = findTestData(dataFile).getValue("AppIDQA", row): null

2024-07-13 00:12:45 - [TEST_STEP][PASSED] - break: null

2024-07-13 00:12:45 - [TEST_STEP][PASSED] - hrefAppID = li_1 + appID + li_2: null

2024-07-13 00:12:45 - [TEST_STEP][PASSED] - hrefApp = li_1 + appID + "/": null

2024-07-13 00:12:45 - [TEST_STEP][PASSED] - println("hrefApp : " + hrefApp): null

2024-07-13 00:12:45 - [TEST_STEP][PASSED] - if (ExecuteTC.equalsIgnoreCase("Y")): Browser is closed

2024-07-13 00:12:45 - [TEST_STEP][PASSED] - out.println("Begin Record Number: " + row): null

2024-07-13 00:12:45 - [TEST_STEP][PASSED] - today = new java.util.Date(): null

2024-07-13 00:12:45 - [TEST_STEP][PASSED] - println(today): null

2024-07-13 00:12:45 - [TEST_STEP][PASSED] - datText = today: null

2024-07-13 00:12:45 - [TEST_STEP][PASSED] - adminSuiteBootstrap.loginFunctionality.login_AdminSuite(): adminSuiteBootstrap.loginFunctionality.login_AdminSuite is PASSED

2024-07-13 00:12:45 - [MESSAGE][INFO] - Starting 'Chrome' driver

2024-07-13 00:12:45 - [MESSAGE][INFO] - User set preference: ['acceptInsecureCerts', 'true']

2024-07-13 00:12:45 - [MESSAGE][INFO] - Action delay is set to 0 milliseconds

2024-07-13 00:12:48 - [MESSAGE][PASSED] - Browser is opened with url: 'https://qa2.velocitypayment.com/admin/imtiaz'

2024-07-13 00:12:48 - [MESSAGE][PASSED] - Current window maximized

2024-07-13 00:12:49 - [MESSAGE][PASSED] - Object 'Object Repository/Login_Page/Login_Username_Okta' is present

2024-07-13 00:12:50 - [MESSAGE][PASSED] - Text 'iahmed' is set on object 'Object Repository/Login_Page/Login_Username_Okta'

2024-07-13 00:12:51 - [MESSAGE][PASSED] - Text 'Hello!6666666' is set on object 'Object Repository/Login_Page/Login_Password_Okta'

2024-07-13 00:12:51 - [MESSAGE][PASSED] - Object: 'Object Repository/Login_Page/Login_Submit_Okta' is clicked on

2024-07-13 00:12:51 - [MESSAGE][PASSED] - adminSuiteBootstrap.loginFunctionality.login_AdminSuite is PASSED

2024-07-13 00:12:51 - [TEST_STEP][PASSED] - click(findTestObject(path_Dashboard + appName)): Object: 'Object Repository/AdminSuiteBootstrap_Pages/Dashboard_Bootstrap/a_Access AutoNoCFtp' is clicked on

2024-07-13 00:12:59 - [MESSAGE][PASSED] - Object: 'Object Repository/AdminSuiteBootstrap_Pages/Dashboard_Bootstrap/a_Access AutoNoCFtp' is clicked on

2024-07-13 00:12:59 - [TEST_STEP][PASSED] - click(findTestObject(path_VT + "button_Debit")): Object: 'Object Repository/AdminSuiteBootstrap_Pages/VT_Bootstrap/IssueTransactions/button_Debit' is clicked on

2024-07-13 00:13:00 - [MESSAGE][PASSED] - Object: 'Object Repository/AdminSuiteBootstrap_Pages/VT_Bootstrap/IssueTransactions/button_Debit' is clicked on

2024-07-13 00:13:00 - [TEST_STEP][PASSED] - click(findTestObject(path_VT + "a_Personal")): Object: 'Object Repository/AdminSuiteBootstrap_Pages/VT_Bootstrap/IssueTransactions/a_Personal' is clicked on

2024-07-13 00:13:01 - [MESSAGE][PASSED] - Object: 'Object Repository/AdminSuiteBootstrap_Pages/VT_Bootstrap/IssueTransactions/a_Personal' is clicked on

2024-07-13 00:13:01 - [TEST_STEP][PASSED] - adminSuiteBootstrap.debitPersonalsetData.debitPersonal_DataDriven(row, dataFile): adminSuiteBootstrap.debitPersonalsetData.debitPersonal_DataDriven is PASSED

2024-07-13 00:13:03 - [MESSAGE][PASSED] - Text 'Veronika' is set on object 'Object Repository/AdminSuiteBootstrap_Pages/VT_Bootstrap/ACHPersonal/input_firstName'

2024-07-13 00:13:04 - [MESSAGE][PASSED] - Text 'Inouye' is set on object 'Object Repository/AdminSuiteBootstrap_Pages/VT_Bootstrap/ACHPersonal/input_lastName'

2024-07-13 00:13:05 - [MESSAGE][PASSED] - Text '6 Greenleaf Ave' is set on object 'Object Repository/AdminSuiteBootstrap_Pages/VT_Bootstrap/ACHPersonal/input_address'

2024-07-13 00:13:06 - [MESSAGE][PASSED] - Text 'apt #3' is set on object 'Object Repository/AdminSuiteBootstrap_Pages/VT_Bootstrap/ACHPersonal/input_address2'

2024-07-13 00:13:06 - [MESSAGE][PASSED] - Text '22201' is set on object 'Object Repository/AdminSuiteBootstrap_Pages/VT_Bootstrap/ACHPersonal/input_zip'

2024-07-13 00:13:07 - [MESSAGE][PASSED] - Text '' is set on object 'Object Repository/AdminSuiteBootstrap_Pages/VT_Bootstrap/ACHPersonal/input_emailAddress'

2024-07-13 00:13:08 - [MESSAGE][PASSED] - Text '' is set on object 'Object Repository/AdminSuiteBootstrap_Pages/VT_Bootstrap/ACHPersonal/input_smsNumber'

2024-07-13 00:13:09 - [MESSAGE][PASSED] - Text '45681002' is set on object 'Object Repository/AdminSuiteBootstrap_Pages/VT_Bootstrap/ACHPersonal/input_accountNumber'

2024-07-13 00:13:10 - [MESSAGE][PASSED] - Text '256072691' is set on object 'Object Repository/AdminSuiteBootstrap_Pages/VT_Bootstrap/ACHPersonal/input_routingNumber'

2024-07-13 00:13:11 - [MESSAGE][PASSED] - All options with label 'Checking' are selected in object 'Object Repository/AdminSuiteBootstrap_Pages/VT_Bootstrap/ACHPersonal/select_AccountType'  using regular expression

2024-07-13 00:13:12 - [MESSAGE][PASSED] - All options with label 'TEL - Telephone-Initiated Entry' are selected in object 'Object Repository/AdminSuiteBootstrap_Pages/VT_Bootstrap/ACHPersonal/select_STD'  using regular expression

2024-07-13 00:13:13 - [MESSAGE][PASSED] - Text '11.5' is set on object 'Object Repository/AdminSuiteBootstrap_Pages/VT_Bootstrap/ACHPersonal/input_amount'

2024-07-13 00:13:14 - [MESSAGE][PASSED] - Text 'Denmark' is set on object 'Object Repository/AdminSuiteBootstrap_Pages/VT_Bootstrap/ACHPersonal/input_userDefined1'

2024-07-13 00:13:14 - [MESSAGE][PASSED] - Text 'Australia' is set on object 'Object Repository/AdminSuiteBootstrap_Pages/VT_Bootstrap/ACHPersonal/input_userDefined2'

2024-07-13 00:13:15 - [MESSAGE][PASSED] - Text 'Austria' is set on object 'Object Repository/AdminSuiteBootstrap_Pages/VT_Bootstrap/ACHPersonal/input_userDefined3'

2024-07-13 00:13:16 - [MESSAGE][PASSED] - Text 'Sweden' is set on object 'Object Repository/AdminSuiteBootstrap_Pages/VT_Bootstrap/ACHPersonal/input_userDefined4'

2024-07-13 00:13:17 - [MESSAGE][PASSED] - All options with label 'Yellow' are selected in object 'Object Repository/AdminSuiteBootstrap_Pages/VT_Bootstrap/ACHPersonal/select_UDF5'  using regular expression

2024-07-13 00:13:18 - [MESSAGE][PASSED] - All options with label 'Orange' are selected in object 'Object Repository/AdminSuiteBootstrap_Pages/VT_Bootstrap/ACHPersonal/select_UDF6'  using regular expression

2024-07-13 00:13:18 - [MESSAGE][PASSED] - Text 'Netherlands' is set on object 'Object Repository/AdminSuiteBootstrap_Pages/VT_Bootstrap/ACHPersonal/input_userDefined7'

2024-07-13 00:13:19 - [MESSAGE][PASSED] - Text 'Norway' is set on object 'Object Repository/AdminSuiteBootstrap_Pages/VT_Bootstrap/ACHPersonal/input_userDefined8'

2024-07-13 00:13:20 - [MESSAGE][PASSED] - Text 'France' is set on object 'Object Repository/AdminSuiteBootstrap_Pages/VT_Bootstrap/ACHPersonal/input_userDefined9'

2024-07-13 00:13:21 - [MESSAGE][PASSED] - Text 'Switzerland' is set on object 'Object Repository/AdminSuiteBootstrap_Pages/VT_Bootstrap/ACHPersonal/input_userDefined10'

2024-07-13 00:13:22 - [MESSAGE][PASSED] - Object: 'Object Repository/AdminSuiteBootstrap_Pages/VT_Bootstrap/ACHPersonal/button_Submit' is clicked on

2024-07-13 00:13:22 - [MESSAGE][PASSED] - adminSuiteBootstrap.debitPersonalsetData.debitPersonal_DataDriven is PASSED

2024-07-13 00:13:22 - [TEST_STEP][PASSED] - if (verifyTextPresent("Transaction Successful", true)): null

2024-07-13 00:13:22 - [MESSAGE][PASSED] - Text 'Transaction Successful' is present on page  using regular expression

2024-07-13 00:13:22 - [TEST_STEP][PASSED] - sdf = getText(findTestObject(path_Receipt + "td_AutoNoC031622113752957Ahm")): Text of object 'Object Repository/AdminSuiteBootstrap_Pages/VT_Bootstrap/Receipt/td_AutoNoC031622113752957Ahm' is: 'AutoNoCFtp071324000551Ahm'

2024-07-13 00:13:23 - [MESSAGE][PASSED] - Text of object 'Object Repository/AdminSuiteBootstrap_Pages/VT_Bootstrap/Receipt/td_AutoNoC031622113752957Ahm' is: 'AutoNoCFtp071324000551Ahm'

2024-07-13 00:13:23 - [TEST_STEP][PASSED] - out.println("sdf: " + sdf): null

2024-07-13 00:13:23 - [TEST_STEP][PASSED] - remID = sdf: null

2024-07-13 00:13:23 - [TEST_STEP][PASSED] - out.println("remID: " + remID): null

2024-07-13 00:13:23 - [TEST_STEP][PASSED] - click(findTestObject(path_Receipt + "button_Continue")): Object: 'Object Repository/AdminSuiteBootstrap_Pages/VT_Bootstrap/Receipt/button_Continue' is clicked on

2024-07-13 00:13:23 - [MESSAGE][PASSED] - Object: 'Object Repository/AdminSuiteBootstrap_Pages/VT_Bootstrap/Receipt/button_Continue' is clicked on

2024-07-13 00:13:23 - [TEST_STEP][PASSED] - click(findTestObject(path_VT + "a_Search Transactions")): Object: 'Object Repository/AdminSuiteBootstrap_Pages/VT_Bootstrap/IssueTransactions/a_Search Transactions' is clicked on

2024-07-13 00:13:24 - [MESSAGE][PASSED] - Object: 'Object Repository/AdminSuiteBootstrap_Pages/VT_Bootstrap/IssueTransactions/a_Search Transactions' is clicked on

2024-07-13 00:13:24 - [TEST_STEP][PASSED] - setText(findTestObject(path_CCSearch + "input_Search By_searchValue"), remID): Text 'AutoNoCFtp071324000551Ahm' is set on object 'Object Repository/AdminSuiteBootstrap_Pages/VT_Bootstrap/CCCreditOrVoidSearch/input_Search By_searchValue'

2024-07-13 00:13:25 - [MESSAGE][PASSED] - Text 'AutoNoCFtp071324000551Ahm' is set on object 'Object Repository/AdminSuiteBootstrap_Pages/VT_Bootstrap/CCCreditOrVoidSearch/input_Search By_searchValue'

2024-07-13 00:13:25 - [TEST_STEP][PASSED] - click(findTestObject(path_CCSearch + "button_Submit")): Object: 'Object Repository/AdminSuiteBootstrap_Pages/VT_Bootstrap/CCCreditOrVoidSearch/button_Submit' is clicked on

2024-07-13 00:13:26 - [MESSAGE][PASSED] - Object: 'Object Repository/AdminSuiteBootstrap_Pages/VT_Bootstrap/CCCreditOrVoidSearch/button_Submit' is clicked on

2024-07-13 00:13:26 - [TEST_STEP][PASSED] - click(findTestObject(path_SearchResults + "button_PaymentID")): Object: 'Object Repository/AdminSuiteBootstrap_Pages/VT_Bootstrap/SearchResults/button_PaymentID' is clicked on

2024-07-13 00:13:27 - [MESSAGE][PASSED] - Object: 'Object Repository/AdminSuiteBootstrap_Pages/VT_Bootstrap/SearchResults/button_PaymentID' is clicked on

2024-07-13 00:13:27 - [TEST_STEP][PASSED] - verifyTextPresent("Tender Type", true): Text 'Tender Type' is present on page  using regular expression

2024-07-13 00:13:28 - [MESSAGE][PASSED] - Text 'Tender Type' is present on page  using regular expression

2024-07-13 00:13:28 - [TEST_STEP][PASSED] - verifyTextPresent("Transaction Type", true): Text 'Transaction Type' is present on page  using regular expression

2024-07-13 00:13:28 - [MESSAGE][PASSED] - Text 'Transaction Type' is present on page  using regular expression

2024-07-13 00:13:28 - [TEST_STEP][PASSED] - verifyTextPresent("Transaction Posted by", true): Text 'Transaction Posted by' is present on page  using regular expression

2024-07-13 00:13:28 - [MESSAGE][PASSED] - Text 'Transaction Posted by' is present on page  using regular expression

2024-07-13 00:13:28 - [TEST_STEP][PASSED] - verifyTextPresent("iahmed", true): Text 'iahmed' is present on page  using regular expression

2024-07-13 00:13:29 - [MESSAGE][PASSED] - Text 'iahmed' is present on page  using regular expression

2024-07-13 00:13:29 - [TEST_STEP][PASSED] - verifyTextPresent("Debit", true): Text 'Debit' is present on page  using regular expression

2024-07-13 00:13:29 - [MESSAGE][PASSED] - Text 'Debit' is present on page  using regular expression

2024-07-13 00:13:29 - [TEST_STEP][PASSED] - click(findTestObject(path_TranxDetails + "a_Void this transaction")): Object: 'Object Repository/AdminSuiteBootstrap_Pages/VT_Bootstrap/TransactionDetails/a_Void this transaction' is clicked on

2024-07-13 00:13:30 - [MESSAGE][PASSED] - Object: 'Object Repository/AdminSuiteBootstrap_Pages/VT_Bootstrap/TransactionDetails/a_Void this transaction' is clicked on

2024-07-13 00:13:30 - [TEST_STEP][PASSED] - verifyTextPresent("The following transaction will be voided", true): Text 'The following transaction will be voided' is present on page  using regular expression

2024-07-13 00:13:30 - [MESSAGE][PASSED] - Text 'The following transaction will be voided' is present on page  using regular expression

2024-07-13 00:13:30 - [TEST_STEP][PASSED] - verifyTextPresent("Please press submit to continue", true): Text 'Please press submit to continue' is present on page  using regular expression

2024-07-13 00:13:31 - [MESSAGE][PASSED] - Text 'Please press submit to continue' is present on page  using regular expression

2024-07-13 00:13:31 - [TEST_STEP][PASSED] - click(findTestObject(path_TranxDetails + "button_Submit")): Object: 'Object Repository/AdminSuiteBootstrap_Pages/VT_Bootstrap/TransactionDetails/button_Submit' is clicked on

2024-07-13 00:13:32 - [MESSAGE][PASSED] - Object: 'Object Repository/AdminSuiteBootstrap_Pages/VT_Bootstrap/TransactionDetails/button_Submit' is clicked on

2024-07-13 00:13:32 - [TEST_STEP][PASSED] - verifyTextPresent("Transaction Successful", true): Text 'Transaction Successful' is present on page  using regular expression

2024-07-13 00:13:32 - [MESSAGE][PASSED] - Text 'Transaction Successful' is present on page  using regular expression

2024-07-13 00:13:32 - [TEST_STEP][PASSED] - verifyTextPresent("Transaction Type", true): Text 'Transaction Type' is present on page  using regular expression

2024-07-13 00:13:32 - [MESSAGE][PASSED] - Text 'Transaction Type' is present on page  using regular expression

2024-07-13 00:13:32 - [TEST_STEP][PASSED] - verifyTextPresent("Void", true): Text 'Void' is present on page  using regular expression

2024-07-13 00:13:33 - [MESSAGE][PASSED] - Text 'Void' is present on page  using regular expression

2024-07-13 00:13:33 - [TEST_STEP][PASSED] - closeBrowser(): Browser is closed

2024-07-13 00:13:34 - [MESSAGE][PASSED] - Browser is closed

2024-07-13 00:13:34 - [TEST_STEP][PASSED] - ExecuteTC = findTestData(dataFile).getValue("Execute", row): null

2024-07-13 00:13:34 - [TEST_STEP][PASSED] - out.println("Value of Execute is : " + ExecuteTC): null

2024-07-13 00:13:34 - [TEST_STEP][PASSED] - switch (executionProfile): null

2024-07-13 00:13:34 - [TEST_STEP][PASSED] - case "QA2Profile":: null

2024-07-13 00:13:34 - [TEST_STEP][PASSED] - appName = findTestData(dataFile).getValue("AppNameQA", row): null

2024-07-13 00:13:34 - [TEST_STEP][PASSED] - appID = findTestData(dataFile).getValue("AppIDQA", row): null

2024-07-13 00:13:34 - [TEST_STEP][PASSED] - break: null

2024-07-13 00:13:34 - [TEST_STEP][PASSED] - hrefAppID = li_1 + appID + li_2: null

2024-07-13 00:13:34 - [TEST_STEP][PASSED] - hrefApp = li_1 + appID + "/": null

2024-07-13 00:13:34 - [TEST_STEP][PASSED] - println("hrefApp : " + hrefApp): null

2024-07-13 00:13:34 - [TEST_STEP][PASSED] - if (ExecuteTC.equalsIgnoreCase("Y")): Browser is closed

2024-07-13 00:13:34 - [TEST_STEP][PASSED] - out.println("Begin Record Number: " + row): null

2024-07-13 00:13:34 - [TEST_STEP][PASSED] - today = new java.util.Date(): null

2024-07-13 00:13:34 - [TEST_STEP][PASSED] - println(today): null

2024-07-13 00:13:34 - [TEST_STEP][PASSED] - datText = today: null

2024-07-13 00:13:34 - [TEST_STEP][PASSED] - adminSuiteBootstrap.loginFunctionality.login_AdminSuite(): adminSuiteBootstrap.loginFunctionality.login_AdminSuite is PASSED

2024-07-13 00:13:34 - [MESSAGE][INFO] - Starting 'Chrome' driver

2024-07-13 00:13:34 - [MESSAGE][INFO] - User set preference: ['acceptInsecureCerts', 'true']

2024-07-13 00:13:34 - [MESSAGE][INFO] - Action delay is set to 0 milliseconds

2024-07-13 00:13:36 - [MESSAGE][PASSED] - Browser is opened with url: 'https://qa2.velocitypayment.com/admin/imtiaz'

2024-07-13 00:13:37 - [MESSAGE][PASSED] - Current window maximized

2024-07-13 00:13:38 - [MESSAGE][PASSED] - Object 'Object Repository/Login_Page/Login_Username_Okta' is present

2024-07-13 00:13:38 - [MESSAGE][PASSED] - Text 'iahmed' is set on object 'Object Repository/Login_Page/Login_Username_Okta'

2024-07-13 00:13:39 - [MESSAGE][PASSED] - Text 'Hello!6666666' is set on object 'Object Repository/Login_Page/Login_Password_Okta'

2024-07-13 00:13:40 - [MESSAGE][PASSED] - Object: 'Object Repository/Login_Page/Login_Submit_Okta' is clicked on

2024-07-13 00:13:40 - [MESSAGE][PASSED] - adminSuiteBootstrap.loginFunctionality.login_AdminSuite is PASSED

2024-07-13 00:13:40 - [TEST_STEP][PASSED] - click(findTestObject(path_Dashboard + appName)): Object: 'Object Repository/AdminSuiteBootstrap_Pages/Dashboard_Bootstrap/a_Access AutoNoCFtp' is clicked on

2024-07-13 00:13:48 - [MESSAGE][PASSED] - Object: 'Object Repository/AdminSuiteBootstrap_Pages/Dashboard_Bootstrap/a_Access AutoNoCFtp' is clicked on

2024-07-13 00:13:48 - [TEST_STEP][PASSED] - click(findTestObject(path_VT + "button_Debit")): Object: 'Object Repository/AdminSuiteBootstrap_Pages/VT_Bootstrap/IssueTransactions/button_Debit' is clicked on

2024-07-13 00:13:48 - [MESSAGE][PASSED] - Object: 'Object Repository/AdminSuiteBootstrap_Pages/VT_Bootstrap/IssueTransactions/button_Debit' is clicked on

2024-07-13 00:13:48 - [TEST_STEP][PASSED] - click(findTestObject(path_VT + "a_Personal")): Object: 'Object Repository/AdminSuiteBootstrap_Pages/VT_Bootstrap/IssueTransactions/a_Personal' is clicked on

2024-07-13 00:13:49 - [MESSAGE][PASSED] - Object: 'Object Repository/AdminSuiteBootstrap_Pages/VT_Bootstrap/IssueTransactions/a_Personal' is clicked on

2024-07-13 00:13:49 - [TEST_STEP][PASSED] - adminSuiteBootstrap.debitPersonalsetData.debitPersonal_DataDriven(row, dataFile): adminSuiteBootstrap.debitPersonalsetData.debitPersonal_DataDriven is PASSED

2024-07-13 00:13:52 - [MESSAGE][PASSED] - Text 'Bette' is set on object 'Object Repository/AdminSuiteBootstrap_Pages/VT_Bootstrap/ACHPersonal/input_firstName'

2024-07-13 00:13:53 - [MESSAGE][PASSED] - Text 'Nicka' is set on object 'Object Repository/AdminSuiteBootstrap_Pages/VT_Bootstrap/ACHPersonal/input_lastName'

2024-07-13 00:13:53 - [MESSAGE][PASSED] - Text '6 S 33rd St' is set on object 'Object Repository/AdminSuiteBootstrap_Pages/VT_Bootstrap/ACHPersonal/input_address'

2024-07-13 00:13:54 - [MESSAGE][PASSED] - Text 'apt #2' is set on object 'Object Repository/AdminSuiteBootstrap_Pages/VT_Bootstrap/ACHPersonal/input_address2'

2024-07-13 00:13:55 - [MESSAGE][PASSED] - Text '22201' is set on object 'Object Repository/AdminSuiteBootstrap_Pages/VT_Bootstrap/ACHPersonal/input_zip'

2024-07-13 00:13:56 - [MESSAGE][PASSED] - Text '' is set on object 'Object Repository/AdminSuiteBootstrap_Pages/VT_Bootstrap/ACHPersonal/input_emailAddress'

2024-07-13 00:13:57 - [MESSAGE][PASSED] - Text '' is set on object 'Object Repository/AdminSuiteBootstrap_Pages/VT_Bootstrap/ACHPersonal/input_smsNumber'

2024-07-13 00:13:58 - [MESSAGE][PASSED] - Text '45681003' is set on object 'Object Repository/AdminSuiteBootstrap_Pages/VT_Bootstrap/ACHPersonal/input_accountNumber'

2024-07-13 00:13:58 - [MESSAGE][PASSED] - Text '256072691' is set on object 'Object Repository/AdminSuiteBootstrap_Pages/VT_Bootstrap/ACHPersonal/input_routingNumber'

2024-07-13 00:13:59 - [MESSAGE][PASSED] - All options with label 'Savings' are selected in object 'Object Repository/AdminSuiteBootstrap_Pages/VT_Bootstrap/ACHPersonal/select_AccountType'  using regular expression

2024-07-13 00:14:01 - [MESSAGE][PASSED] - All options with label 'PPD - Prearranged Payment and Deposit Entry' are selected in object 'Object Repository/AdminSuiteBootstrap_Pages/VT_Bootstrap/ACHPersonal/select_STD'  using regular expression

2024-07-13 00:14:01 - [MESSAGE][PASSED] - Text '11.5' is set on object 'Object Repository/AdminSuiteBootstrap_Pages/VT_Bootstrap/ACHPersonal/input_amount'

2024-07-13 00:14:02 - [MESSAGE][PASSED] - Text 'Denmark' is set on object 'Object Repository/AdminSuiteBootstrap_Pages/VT_Bootstrap/ACHPersonal/input_userDefined1'

2024-07-13 00:14:03 - [MESSAGE][PASSED] - Text 'Australia' is set on object 'Object Repository/AdminSuiteBootstrap_Pages/VT_Bootstrap/ACHPersonal/input_userDefined2'

2024-07-13 00:14:03 - [MESSAGE][PASSED] - Text 'Austria' is set on object 'Object Repository/AdminSuiteBootstrap_Pages/VT_Bootstrap/ACHPersonal/input_userDefined3'

2024-07-13 00:14:04 - [MESSAGE][PASSED] - Text 'Sweden' is set on object 'Object Repository/AdminSuiteBootstrap_Pages/VT_Bootstrap/ACHPersonal/input_userDefined4'

2024-07-13 00:14:05 - [MESSAGE][PASSED] - All options with label 'Yellow' are selected in object 'Object Repository/AdminSuiteBootstrap_Pages/VT_Bootstrap/ACHPersonal/select_UDF5'  using regular expression

2024-07-13 00:14:06 - [MESSAGE][PASSED] - All options with label 'Orange' are selected in object 'Object Repository/AdminSuiteBootstrap_Pages/VT_Bootstrap/ACHPersonal/select_UDF6'  using regular expression

2024-07-13 00:14:07 - [MESSAGE][PASSED] - Text 'Netherlands' is set on object 'Object Repository/AdminSuiteBootstrap_Pages/VT_Bootstrap/ACHPersonal/input_userDefined7'

2024-07-13 00:14:07 - [MESSAGE][PASSED] - Text 'Norway' is set on object 'Object Repository/AdminSuiteBootstrap_Pages/VT_Bootstrap/ACHPersonal/input_userDefined8'

2024-07-13 00:14:08 - [MESSAGE][PASSED] - Text 'France' is set on object 'Object Repository/AdminSuiteBootstrap_Pages/VT_Bootstrap/ACHPersonal/input_userDefined9'

2024-07-13 00:14:09 - [MESSAGE][PASSED] - Text 'Switzerland' is set on object 'Object Repository/AdminSuiteBootstrap_Pages/VT_Bootstrap/ACHPersonal/input_userDefined10'

2024-07-13 00:14:10 - [MESSAGE][PASSED] - Object: 'Object Repository/AdminSuiteBootstrap_Pages/VT_Bootstrap/ACHPersonal/button_Submit' is clicked on

2024-07-13 00:14:10 - [MESSAGE][PASSED] - adminSuiteBootstrap.debitPersonalsetData.debitPersonal_DataDriven is PASSED

2024-07-13 00:14:10 - [TEST_STEP][PASSED] - if (verifyTextPresent("Transaction Successful", true)): null

2024-07-13 00:14:11 - [MESSAGE][PASSED] - Text 'Transaction Successful' is present on page  using regular expression

2024-07-13 00:14:11 - [TEST_STEP][PASSED] - sdf = getText(findTestObject(path_Receipt + "td_AutoNoC031622113752957Ahm")): Text of object 'Object Repository/AdminSuiteBootstrap_Pages/VT_Bootstrap/Receipt/td_AutoNoC031622113752957Ahm' is: 'AutoNoCFtp071324000640Ahm'

2024-07-13 00:14:11 - [MESSAGE][PASSED] - Text of object 'Object Repository/AdminSuiteBootstrap_Pages/VT_Bootstrap/Receipt/td_AutoNoC031622113752957Ahm' is: 'AutoNoCFtp071324000640Ahm'

2024-07-13 00:14:11 - [TEST_STEP][PASSED] - out.println("sdf: " + sdf): null

2024-07-13 00:14:11 - [TEST_STEP][PASSED] - remID = sdf: null

2024-07-13 00:14:11 - [TEST_STEP][PASSED] - out.println("remID: " + remID): null

2024-07-13 00:14:11 - [TEST_STEP][PASSED] - click(findTestObject(path_Receipt + "button_Continue")): Object: 'Object Repository/AdminSuiteBootstrap_Pages/VT_Bootstrap/Receipt/button_Continue' is clicked on

2024-07-13 00:14:12 - [MESSAGE][PASSED] - Object: 'Object Repository/AdminSuiteBootstrap_Pages/VT_Bootstrap/Receipt/button_Continue' is clicked on

2024-07-13 00:14:12 - [TEST_STEP][PASSED] - click(findTestObject(path_VT + "a_Search Transactions")): Object: 'Object Repository/AdminSuiteBootstrap_Pages/VT_Bootstrap/IssueTransactions/a_Search Transactions' is clicked on

2024-07-13 00:14:13 - [MESSAGE][PASSED] - Object: 'Object Repository/AdminSuiteBootstrap_Pages/VT_Bootstrap/IssueTransactions/a_Search Transactions' is clicked on

2024-07-13 00:14:13 - [TEST_STEP][PASSED] - setText(findTestObject(path_CCSearch + "input_Search By_searchValue"), remID): Text 'AutoNoCFtp071324000640Ahm' is set on object 'Object Repository/AdminSuiteBootstrap_Pages/VT_Bootstrap/CCCreditOrVoidSearch/input_Search By_searchValue'

2024-07-13 00:14:14 - [MESSAGE][PASSED] - Text 'AutoNoCFtp071324000640Ahm' is set on object 'Object Repository/AdminSuiteBootstrap_Pages/VT_Bootstrap/CCCreditOrVoidSearch/input_Search By_searchValue'

2024-07-13 00:14:14 - [TEST_STEP][PASSED] - click(findTestObject(path_CCSearch + "button_Submit")): Object: 'Object Repository/AdminSuiteBootstrap_Pages/VT_Bootstrap/CCCreditOrVoidSearch/button_Submit' is clicked on

2024-07-13 00:14:14 - [MESSAGE][PASSED] - Object: 'Object Repository/AdminSuiteBootstrap_Pages/VT_Bootstrap/CCCreditOrVoidSearch/button_Submit' is clicked on

2024-07-13 00:14:14 - [TEST_STEP][PASSED] - click(findTestObject(path_SearchResults + "button_PaymentID")): Object: 'Object Repository/AdminSuiteBootstrap_Pages/VT_Bootstrap/SearchResults/button_PaymentID' is clicked on

2024-07-13 00:14:15 - [MESSAGE][PASSED] - Object: 'Object Repository/AdminSuiteBootstrap_Pages/VT_Bootstrap/SearchResults/button_PaymentID' is clicked on

2024-07-13 00:14:15 - [TEST_STEP][PASSED] - verifyTextPresent("Tender Type", true): Text 'Tender Type' is present on page  using regular expression

2024-07-13 00:14:16 - [MESSAGE][PASSED] - Text 'Tender Type' is present on page  using regular expression

2024-07-13 00:14:16 - [TEST_STEP][PASSED] - verifyTextPresent("Transaction Type", true): Text 'Transaction Type' is present on page  using regular expression

2024-07-13 00:14:16 - [MESSAGE][PASSED] - Text 'Transaction Type' is present on page  using regular expression

2024-07-13 00:14:16 - [TEST_STEP][PASSED] - verifyTextPresent("Transaction Posted by", true): Text 'Transaction Posted by' is present on page  using regular expression

2024-07-13 00:14:17 - [MESSAGE][PASSED] - Text 'Transaction Posted by' is present on page  using regular expression

2024-07-13 00:14:17 - [TEST_STEP][PASSED] - verifyTextPresent("iahmed", true): Text 'iahmed' is present on page  using regular expression

2024-07-13 00:14:17 - [MESSAGE][PASSED] - Text 'iahmed' is present on page  using regular expression

2024-07-13 00:14:17 - [TEST_STEP][PASSED] - verifyTextPresent("Debit", true): Text 'Debit' is present on page  using regular expression

2024-07-13 00:14:17 - [MESSAGE][PASSED] - Text 'Debit' is present on page  using regular expression

2024-07-13 00:14:17 - [TEST_STEP][PASSED] - click(findTestObject(path_TranxDetails + "a_Void this transaction")): Object: 'Object Repository/AdminSuiteBootstrap_Pages/VT_Bootstrap/TransactionDetails/a_Void this transaction' is clicked on

2024-07-13 00:14:18 - [MESSAGE][PASSED] - Object: 'Object Repository/AdminSuiteBootstrap_Pages/VT_Bootstrap/TransactionDetails/a_Void this transaction' is clicked on

2024-07-13 00:14:18 - [TEST_STEP][PASSED] - verifyTextPresent("The following transaction will be voided", true): Text 'The following transaction will be voided' is present on page  using regular expression

2024-07-13 00:14:19 - [MESSAGE][PASSED] - Text 'The following transaction will be voided' is present on page  using regular expression

2024-07-13 00:14:19 - [TEST_STEP][PASSED] - verifyTextPresent("Please press submit to continue", true): Text 'Please press submit to continue' is present on page  using regular expression

2024-07-13 00:14:19 - [MESSAGE][PASSED] - Text 'Please press submit to continue' is present on page  using regular expression

2024-07-13 00:14:19 - [TEST_STEP][PASSED] - click(findTestObject(path_TranxDetails + "button_Submit")): Object: 'Object Repository/AdminSuiteBootstrap_Pages/VT_Bootstrap/TransactionDetails/button_Submit' is clicked on

2024-07-13 00:14:20 - [MESSAGE][PASSED] - Object: 'Object Repository/AdminSuiteBootstrap_Pages/VT_Bootstrap/TransactionDetails/button_Submit' is clicked on

2024-07-13 00:14:20 - [TEST_STEP][PASSED] - verifyTextPresent("Transaction Successful", true): Text 'Transaction Successful' is present on page  using regular expression

2024-07-13 00:14:21 - [MESSAGE][PASSED] - Text 'Transaction Successful' is present on page  using regular expression

2024-07-13 00:14:21 - [TEST_STEP][PASSED] - verifyTextPresent("Transaction Type", true): Text 'Transaction Type' is present on page  using regular expression

2024-07-13 00:14:21 - [MESSAGE][PASSED] - Text 'Transaction Type' is present on page  using regular expression

2024-07-13 00:14:21 - [TEST_STEP][PASSED] - verifyTextPresent("Void", true): Text 'Void' is present on page  using regular expression

2024-07-13 00:14:21 - [MESSAGE][PASSED] - Text 'Void' is present on page  using regular expression

2024-07-13 00:14:21 - [TEST_STEP][PASSED] - closeBrowser(): Browser is closed

2024-07-13 00:14:22 - [MESSAGE][PASSED] - Browser is closed

2024-07-13 00:14:22 - [TEST_STEP][PASSED] - ExecuteTC = findTestData(dataFile).getValue("Execute", row): null

2024-07-13 00:14:22 - [TEST_STEP][PASSED] - out.println("Value of Execute is : " + ExecuteTC): null

2024-07-13 00:14:22 - [TEST_STEP][PASSED] - switch (executionProfile): null

2024-07-13 00:14:22 - [TEST_STEP][PASSED] - case "QA2Profile":: null

2024-07-13 00:14:22 - [TEST_STEP][PASSED] - appName = findTestData(dataFile).getValue("AppNameQA", row): null

2024-07-13 00:14:22 - [TEST_STEP][PASSED] - appID = findTestData(dataFile).getValue("AppIDQA", row): null

2024-07-13 00:14:23 - [TEST_STEP][PASSED] - break: null

2024-07-13 00:14:23 - [TEST_STEP][PASSED] - hrefAppID = li_1 + appID + li_2: null

2024-07-13 00:14:23 - [TEST_STEP][PASSED] - hrefApp = li_1 + appID + "/": null

2024-07-13 00:14:23 - [TEST_STEP][PASSED] - println("hrefApp : " + hrefApp): null

2024-07-13 00:14:23 - [TEST_STEP][PASSED] - if (ExecuteTC.equalsIgnoreCase("Y")): Browser is closed

2024-07-13 00:14:23 - [TEST_STEP][PASSED] - out.println("Begin Record Number: " + row): null

2024-07-13 00:14:23 - [TEST_STEP][PASSED] - today = new java.util.Date(): null

2024-07-13 00:14:23 - [TEST_STEP][PASSED] - println(today): null

2024-07-13 00:14:23 - [TEST_STEP][PASSED] - datText = today: null

2024-07-13 00:14:23 - [TEST_STEP][PASSED] - adminSuiteBootstrap.loginFunctionality.login_AdminSuite(): adminSuiteBootstrap.loginFunctionality.login_AdminSuite is PASSED

2024-07-13 00:14:23 - [MESSAGE][INFO] - Starting 'Chrome' driver

2024-07-13 00:14:23 - [MESSAGE][INFO] - User set preference: ['acceptInsecureCerts', 'true']

2024-07-13 00:14:23 - [MESSAGE][INFO] - Action delay is set to 0 milliseconds

2024-07-13 00:14:25 - [MESSAGE][PASSED] - Browser is opened with url: 'https://qa2.velocitypayment.com/admin/imtiaz'

2024-07-13 00:14:25 - [MESSAGE][PASSED] - Current window maximized

2024-07-13 00:14:26 - [MESSAGE][PASSED] - Object 'Object Repository/Login_Page/Login_Username_Okta' is present

2024-07-13 00:14:27 - [MESSAGE][PASSED] - Text 'iahmed' is set on object 'Object Repository/Login_Page/Login_Username_Okta'

2024-07-13 00:14:28 - [MESSAGE][PASSED] - Text 'Hello!6666666' is set on object 'Object Repository/Login_Page/Login_Password_Okta'

2024-07-13 00:14:28 - [MESSAGE][PASSED] - Object: 'Object Repository/Login_Page/Login_Submit_Okta' is clicked on

2024-07-13 00:14:28 - [MESSAGE][PASSED] - adminSuiteBootstrap.loginFunctionality.login_AdminSuite is PASSED

2024-07-13 00:14:28 - [TEST_STEP][PASSED] - click(findTestObject(path_Dashboard + appName)): Object: 'Object Repository/AdminSuiteBootstrap_Pages/Dashboard_Bootstrap/a_Access AutoNoCFtp' is clicked on

2024-07-13 00:14:36 - [MESSAGE][PASSED] - Object: 'Object Repository/AdminSuiteBootstrap_Pages/Dashboard_Bootstrap/a_Access AutoNoCFtp' is clicked on

2024-07-13 00:14:36 - [TEST_STEP][PASSED] - click(findTestObject(path_VT + "button_Debit")): Object: 'Object Repository/AdminSuiteBootstrap_Pages/VT_Bootstrap/IssueTransactions/button_Debit' is clicked on

2024-07-13 00:14:36 - [MESSAGE][PASSED] - Object: 'Object Repository/AdminSuiteBootstrap_Pages/VT_Bootstrap/IssueTransactions/button_Debit' is clicked on

2024-07-13 00:14:36 - [TEST_STEP][PASSED] - click(findTestObject(path_VT + "a_Personal")): Object: 'Object Repository/AdminSuiteBootstrap_Pages/VT_Bootstrap/IssueTransactions/a_Personal' is clicked on

2024-07-13 00:14:37 - [MESSAGE][PASSED] - Object: 'Object Repository/AdminSuiteBootstrap_Pages/VT_Bootstrap/IssueTransactions/a_Personal' is clicked on

2024-07-13 00:14:37 - [TEST_STEP][PASSED] - adminSuiteBootstrap.debitPersonalsetData.debitPersonal_DataDriven(row, dataFile): adminSuiteBootstrap.debitPersonalsetData.debitPersonal_DataDriven is PASSED

2024-07-13 00:14:40 - [MESSAGE][PASSED] - Text 'Alisha' is set on object 'Object Repository/AdminSuiteBootstrap_Pages/VT_Bootstrap/ACHPersonal/input_firstName'

2024-07-13 00:14:41 - [MESSAGE][PASSED] - Text 'Slusarski' is set on object 'Object Repository/AdminSuiteBootstrap_Pages/VT_Bootstrap/ACHPersonal/input_lastName'

2024-07-13 00:14:41 - [MESSAGE][PASSED] - Text '3273 State St' is set on object 'Object Repository/AdminSuiteBootstrap_Pages/VT_Bootstrap/ACHPersonal/input_address'

2024-07-13 00:14:42 - [MESSAGE][PASSED] - Text 'apt #4' is set on object 'Object Repository/AdminSuiteBootstrap_Pages/VT_Bootstrap/ACHPersonal/input_address2'

2024-07-13 00:14:43 - [MESSAGE][PASSED] - Text '22201' is set on object 'Object Repository/AdminSuiteBootstrap_Pages/VT_Bootstrap/ACHPersonal/input_zip'

2024-07-13 00:14:44 - [MESSAGE][PASSED] - Text '' is set on object 'Object Repository/AdminSuiteBootstrap_Pages/VT_Bootstrap/ACHPersonal/input_emailAddress'

2024-07-13 00:14:45 - [MESSAGE][PASSED] - Text '' is set on object 'Object Repository/AdminSuiteBootstrap_Pages/VT_Bootstrap/ACHPersonal/input_smsNumber'

2024-07-13 00:14:46 - [MESSAGE][PASSED] - Text '45681004' is set on object 'Object Repository/AdminSuiteBootstrap_Pages/VT_Bootstrap/ACHPersonal/input_accountNumber'

2024-07-13 00:14:46 - [MESSAGE][PASSED] - Text '256072691' is set on object 'Object Repository/AdminSuiteBootstrap_Pages/VT_Bootstrap/ACHPersonal/input_routingNumber'

2024-07-13 00:14:47 - [MESSAGE][PASSED] - All options with label 'Savings' are selected in object 'Object Repository/AdminSuiteBootstrap_Pages/VT_Bootstrap/ACHPersonal/select_AccountType'  using regular expression

2024-07-13 00:14:49 - [MESSAGE][PASSED] - All options with label 'TEL - Telephone-Initiated Entry' are selected in object 'Object Repository/AdminSuiteBootstrap_Pages/VT_Bootstrap/ACHPersonal/select_STD'  using regular expression

2024-07-13 00:14:49 - [MESSAGE][PASSED] - Text '11.5' is set on object 'Object Repository/AdminSuiteBootstrap_Pages/VT_Bootstrap/ACHPersonal/input_amount'

2024-07-13 00:14:50 - [MESSAGE][PASSED] - Text 'Denmark' is set on object 'Object Repository/AdminSuiteBootstrap_Pages/VT_Bootstrap/ACHPersonal/input_userDefined1'

2024-07-13 00:14:51 - [MESSAGE][PASSED] - Text 'Australia' is set on object 'Object Repository/AdminSuiteBootstrap_Pages/VT_Bootstrap/ACHPersonal/input_userDefined2'

2024-07-13 00:14:52 - [MESSAGE][PASSED] - Text 'Austria' is set on object 'Object Repository/AdminSuiteBootstrap_Pages/VT_Bootstrap/ACHPersonal/input_userDefined3'

2024-07-13 00:14:52 - [MESSAGE][PASSED] - Text 'Sweden' is set on object 'Object Repository/AdminSuiteBootstrap_Pages/VT_Bootstrap/ACHPersonal/input_userDefined4'

2024-07-13 00:14:53 - [MESSAGE][PASSED] - All options with label 'Yellow' are selected in object 'Object Repository/AdminSuiteBootstrap_Pages/VT_Bootstrap/ACHPersonal/select_UDF5'  using regular expression

2024-07-13 00:14:54 - [MESSAGE][PASSED] - All options with label 'Orange' are selected in object 'Object Repository/AdminSuiteBootstrap_Pages/VT_Bootstrap/ACHPersonal/select_UDF6'  using regular expression

2024-07-13 00:14:55 - [MESSAGE][PASSED] - Text 'Netherlands' is set on object 'Object Repository/AdminSuiteBootstrap_Pages/VT_Bootstrap/ACHPersonal/input_userDefined7'

2024-07-13 00:14:56 - [MESSAGE][PASSED] - Text 'Norway' is set on object 'Object Repository/AdminSuiteBootstrap_Pages/VT_Bootstrap/ACHPersonal/input_userDefined8'

2024-07-13 00:14:56 - [MESSAGE][PASSED] - Text 'France' is set on object 'Object Repository/AdminSuiteBootstrap_Pages/VT_Bootstrap/ACHPersonal/input_userDefined9'

2024-07-13 00:14:57 - [MESSAGE][PASSED] - Text 'Switzerland' is set on object 'Object Repository/AdminSuiteBootstrap_Pages/VT_Bootstrap/ACHPersonal/input_userDefined10'

2024-07-13 00:14:58 - [MESSAGE][PASSED] - Object: 'Object Repository/AdminSuiteBootstrap_Pages/VT_Bootstrap/ACHPersonal/button_Submit' is clicked on

2024-07-13 00:14:58 - [MESSAGE][PASSED] - adminSuiteBootstrap.debitPersonalsetData.debitPersonal_DataDriven is PASSED

2024-07-13 00:14:58 - [TEST_STEP][PASSED] - if (verifyTextPresent("Transaction Successful", true)): null

2024-07-13 00:14:59 - [MESSAGE][PASSED] - Text 'Transaction Successful' is present on page  using regular expression

2024-07-13 00:14:59 - [TEST_STEP][PASSED] - sdf = getText(findTestObject(path_Receipt + "td_AutoNoC031622113752957Ahm")): Text of object 'Object Repository/AdminSuiteBootstrap_Pages/VT_Bootstrap/Receipt/td_AutoNoC031622113752957Ahm' is: 'AutoNoCFtp071324000728Ahm'

2024-07-13 00:14:59 - [MESSAGE][PASSED] - Text of object 'Object Repository/AdminSuiteBootstrap_Pages/VT_Bootstrap/Receipt/td_AutoNoC031622113752957Ahm' is: 'AutoNoCFtp071324000728Ahm'

2024-07-13 00:14:59 - [TEST_STEP][PASSED] - out.println("sdf: " + sdf): null

2024-07-13 00:14:59 - [TEST_STEP][PASSED] - remID = sdf: null

2024-07-13 00:14:59 - [TEST_STEP][PASSED] - out.println("remID: " + remID): null

2024-07-13 00:14:59 - [TEST_STEP][PASSED] - click(findTestObject(path_Receipt + "button_Continue")): Object: 'Object Repository/AdminSuiteBootstrap_Pages/VT_Bootstrap/Receipt/button_Continue' is clicked on

2024-07-13 00:15:00 - [MESSAGE][PASSED] - Object: 'Object Repository/AdminSuiteBootstrap_Pages/VT_Bootstrap/Receipt/button_Continue' is clicked on

2024-07-13 00:15:00 - [TEST_STEP][PASSED] - click(findTestObject(path_VT + "a_Search Transactions")): Object: 'Object Repository/AdminSuiteBootstrap_Pages/VT_Bootstrap/IssueTransactions/a_Search Transactions' is clicked on

2024-07-13 00:15:01 - [MESSAGE][PASSED] - Object: 'Object Repository/AdminSuiteBootstrap_Pages/VT_Bootstrap/IssueTransactions/a_Search Transactions' is clicked on

2024-07-13 00:15:01 - [TEST_STEP][PASSED] - setText(findTestObject(path_CCSearch + "input_Search By_searchValue"), remID): Text 'AutoNoCFtp071324000728Ahm' is set on object 'Object Repository/AdminSuiteBootstrap_Pages/VT_Bootstrap/CCCreditOrVoidSearch/input_Search By_searchValue'

2024-07-13 00:15:02 - [MESSAGE][PASSED] - Text 'AutoNoCFtp071324000728Ahm' is set on object 'Object Repository/AdminSuiteBootstrap_Pages/VT_Bootstrap/CCCreditOrVoidSearch/input_Search By_searchValue'

2024-07-13 00:15:02 - [TEST_STEP][PASSED] - click(findTestObject(path_CCSearch + "button_Submit")): Object: 'Object Repository/AdminSuiteBootstrap_Pages/VT_Bootstrap/CCCreditOrVoidSearch/button_Submit' is clicked on

2024-07-13 00:15:02 - [MESSAGE][PASSED] - Object: 'Object Repository/AdminSuiteBootstrap_Pages/VT_Bootstrap/CCCreditOrVoidSearch/button_Submit' is clicked on

2024-07-13 00:15:02 - [TEST_STEP][PASSED] - click(findTestObject(path_SearchResults + "button_PaymentID")): Object: 'Object Repository/AdminSuiteBootstrap_Pages/VT_Bootstrap/SearchResults/button_PaymentID' is clicked on

2024-07-13 00:15:03 - [MESSAGE][PASSED] - Object: 'Object Repository/AdminSuiteBootstrap_Pages/VT_Bootstrap/SearchResults/button_PaymentID' is clicked on

2024-07-13 00:15:03 - [TEST_STEP][PASSED] - verifyTextPresent("Tender Type", true): Text 'Tender Type' is present on page  using regular expression

2024-07-13 00:15:04 - [MESSAGE][PASSED] - Text 'Tender Type' is present on page  using regular expression

2024-07-13 00:15:04 - [TEST_STEP][PASSED] - verifyTextPresent("Transaction Type", true): Text 'Transaction Type' is present on page  using regular expression

2024-07-13 00:15:04 - [MESSAGE][PASSED] - Text 'Transaction Type' is present on page  using regular expression

2024-07-13 00:15:04 - [TEST_STEP][PASSED] - verifyTextPresent("Transaction Posted by", true): Text 'Transaction Posted by' is present on page  using regular expression

2024-07-13 00:15:05 - [MESSAGE][PASSED] - Text 'Transaction Posted by' is present on page  using regular expression

2024-07-13 00:15:05 - [TEST_STEP][PASSED] - verifyTextPresent("iahmed", true): Text 'iahmed' is present on page  using regular expression

2024-07-13 00:15:05 - [MESSAGE][PASSED] - Text 'iahmed' is present on page  using regular expression

2024-07-13 00:15:05 - [TEST_STEP][PASSED] - verifyTextPresent("Debit", true): Text 'Debit' is present on page  using regular expression

2024-07-13 00:15:05 - [MESSAGE][PASSED] - Text 'Debit' is present on page  using regular expression

2024-07-13 00:15:05 - [TEST_STEP][PASSED] - click(findTestObject(path_TranxDetails + "a_Void this transaction")): Object: 'Object Repository/AdminSuiteBootstrap_Pages/VT_Bootstrap/TransactionDetails/a_Void this transaction' is clicked on

2024-07-13 00:15:06 - [MESSAGE][PASSED] - Object: 'Object Repository/AdminSuiteBootstrap_Pages/VT_Bootstrap/TransactionDetails/a_Void this transaction' is clicked on

2024-07-13 00:15:06 - [TEST_STEP][PASSED] - verifyTextPresent("The following transaction will be voided", true): Text 'The following transaction will be voided' is present on page  using regular expression

2024-07-13 00:15:07 - [MESSAGE][PASSED] - Text 'The following transaction will be voided' is present on page  using regular expression

2024-07-13 00:15:07 - [TEST_STEP][PASSED] - verifyTextPresent("Please press submit to continue", true): Text 'Please press submit to continue' is present on page  using regular expression

2024-07-13 00:15:07 - [MESSAGE][PASSED] - Text 'Please press submit to continue' is present on page  using regular expression

2024-07-13 00:15:07 - [TEST_STEP][PASSED] - click(findTestObject(path_TranxDetails + "button_Submit")): Object: 'Object Repository/AdminSuiteBootstrap_Pages/VT_Bootstrap/TransactionDetails/button_Submit' is clicked on

2024-07-13 00:15:08 - [MESSAGE][PASSED] - Object: 'Object Repository/AdminSuiteBootstrap_Pages/VT_Bootstrap/TransactionDetails/button_Submit' is clicked on

2024-07-13 00:15:08 - [TEST_STEP][PASSED] - verifyTextPresent("Transaction Successful", true): Text 'Transaction Successful' is present on page  using regular expression

2024-07-13 00:15:09 - [MESSAGE][PASSED] - Text 'Transaction Successful' is present on page  using regular expression

2024-07-13 00:15:09 - [TEST_STEP][PASSED] - verifyTextPresent("Transaction Type", true): Text 'Transaction Type' is present on page  using regular expression

2024-07-13 00:15:09 - [MESSAGE][PASSED] - Text 'Transaction Type' is present on page  using regular expression

2024-07-13 00:15:09 - [TEST_STEP][PASSED] - verifyTextPresent("Void", true): Text 'Void' is present on page  using regular expression

2024-07-13 00:15:09 - [MESSAGE][PASSED] - Text 'Void' is present on page  using regular expression

2024-07-13 00:15:09 - [TEST_STEP][PASSED] - closeBrowser(): Browser is closed

2024-07-13 00:15:10 - [MESSAGE][PASSED] - Browser is closed]]></system-out>
         <system-err><![CDATA[]]></system-err>
      </testcase>
      <testcase name="Test Cases/Admin Suite Bootstrap/VT_ACH_TestCases/DebitPersonalVoid_TP_SingleCF_Generic_Payment_TC" time="196.028" classname="Test Cases/Admin Suite Bootstrap/VT_ACH_TestCases/DebitPersonalVoid_TP_SingleCF_Generic_Payment_TC" status="PASSED">
         <system-out><![CDATA[2024-07-13 00:15:10 - [TEST_CASE][PASSED] - Test Cases/Admin Suite Bootstrap/VT_ACH_TestCases/DebitPersonalVoid_TP_SingleCF_Generic_Payment_TC: Test Cases/Admin Suite Bootstrap/VT_ACH_TestCases/DebitPersonalVoid_TP_SingleCF_Generic_Payment_TC

2024-07-13 00:15:11 - [TEST_STEP][PASSED] - path_Dashboard = "Object Repository/AdminSuiteBootstrap_Pages/Dashboard_Bootstrap/": null

2024-07-13 00:15:11 - [TEST_STEP][PASSED] - path_VT = "Object Repository/AdminSuiteBootstrap_Pages/VT_Bootstrap/IssueTransactions/": null

2024-07-13 00:15:11 - [TEST_STEP][PASSED] - path_Receipt = "Object Repository/AdminSuiteBootstrap_Pages/VT_Bootstrap/Receipt/": null

2024-07-13 00:15:11 - [TEST_STEP][PASSED] - path_CCSearch = "Object Repository/AdminSuiteBootstrap_Pages/VT_Bootstrap/CCCreditOrVoidSearch/": null

2024-07-13 00:15:11 - [TEST_STEP][PASSED] - path_SearchResults = "Object Repository/AdminSuiteBootstrap_Pages/VT_Bootstrap/SearchResults/": null

2024-07-13 00:15:11 - [TEST_STEP][PASSED] - path_TranxDetails = "Object Repository/AdminSuiteBootstrap_Pages/VT_Bootstrap/TransactionDetails/": null

2024-07-13 00:15:11 - [TEST_STEP][PASSED] - li_1 = vpos_Prefix: null

2024-07-13 00:15:11 - [TEST_STEP][PASSED] - li_2 = "/transactions/AuthCapForm/": null

2024-07-13 00:15:11 - [TEST_STEP][PASSED] - executionProfile = getExecutionProfile(): null

2024-07-13 00:15:11 - [TEST_STEP][PASSED] - out.println("executionProfile : " + executionProfile): null

2024-07-13 00:15:11 - [TEST_STEP][PASSED] - appName = <not implemented yet for class: org.codehaus.groovy.ast.expr.EmptyExpression>: null

2024-07-13 00:15:11 - [TEST_STEP][PASSED] - appID = <not implemented yet for class: org.codehaus.groovy.ast.expr.EmptyExpression>: null

2024-07-13 00:15:11 - [TEST_STEP][PASSED] - cardNameV = <not implemented yet for class: org.codehaus.groovy.ast.expr.EmptyExpression>: null

2024-07-13 00:15:11 - [TEST_STEP][PASSED] - al1V = <not implemented yet for class: org.codehaus.groovy.ast.expr.EmptyExpression>: null

2024-07-13 00:15:11 - [TEST_STEP][PASSED] - al2V = <not implemented yet for class: org.codehaus.groovy.ast.expr.EmptyExpression>: null

2024-07-13 00:15:11 - [TEST_STEP][PASSED] - zipV = <not implemented yet for class: org.codehaus.groovy.ast.expr.EmptyExpression>: null

2024-07-13 00:15:11 - [TEST_STEP][PASSED] - accType = <not implemented yet for class: org.codehaus.groovy.ast.expr.EmptyExpression>: null

2024-07-13 00:15:11 - [TEST_STEP][PASSED] - last4V = <not implemented yet for class: org.codehaus.groovy.ast.expr.EmptyExpression>: null

2024-07-13 00:15:11 - [TEST_STEP][PASSED] - resText = "Fail": null

2024-07-13 00:15:11 - [TEST_STEP][PASSED] - resColumn = "Result": null

2024-07-13 00:15:11 - [TEST_STEP][PASSED] - datCloumn = "Date": null

2024-07-13 00:15:11 - [TEST_STEP][PASSED] - fileLoc = "C:\KatalonData\Bootstrap\VT-ACH-Data.xlsx": null

2024-07-13 00:15:11 - [TEST_STEP][PASSED] - numOfRows = <not implemented yet for class: org.codehaus.groovy.ast.expr.EmptyExpression>: null

2024-07-13 00:15:11 - [TEST_STEP][PASSED] - dataFile = <not implemented yet for class: org.codehaus.groovy.ast.expr.EmptyExpression>: null

2024-07-13 00:15:11 - [TEST_STEP][PASSED] - nameSheet = <not implemented yet for class: org.codehaus.groovy.ast.expr.EmptyExpression>: null

2024-07-13 00:15:11 - [TEST_STEP][PASSED] - nameSheet = "VT-P-DebitVoid-SingleCF-Generic": null

2024-07-13 00:15:11 - [TEST_STEP][PASSED] - numOfRows = findTestData("QA/Bootstrap/VT-ACH-TestData/VT-DebitVoidData-SingleCF-Generic").getRowNumbers(): null

2024-07-13 00:15:11 - [TEST_STEP][PASSED] - println("Number of Records: " + numOfRows): null

2024-07-13 00:15:11 - [TEST_STEP][PASSED] - dataFile = "QA/Bootstrap/VT-ACH-TestData/VT-DebitVoidData-SingleCF-Generic": null

2024-07-13 00:15:11 - [TEST_STEP][PASSED] - for ([row = 1, row <= numOfRows, (row++)]): Browser is closed

2024-07-13 00:15:11 - [TEST_STEP][PASSED] - ExecuteTC = findTestData(dataFile).getValue("Execute", row): null

2024-07-13 00:15:11 - [TEST_STEP][PASSED] - out.println("Value of Execute is : " + ExecuteTC): null

2024-07-13 00:15:11 - [TEST_STEP][PASSED] - switch (executionProfile): null

2024-07-13 00:15:11 - [TEST_STEP][PASSED] - case "QA2Profile":: null

2024-07-13 00:15:11 - [TEST_STEP][PASSED] - appName = findTestData(dataFile).getValue("AppNameQA", row): null

2024-07-13 00:15:11 - [TEST_STEP][PASSED] - appID = findTestData(dataFile).getValue("AppIDQA", row): null

2024-07-13 00:15:11 - [TEST_STEP][PASSED] - break: null

2024-07-13 00:15:11 - [TEST_STEP][PASSED] - hrefAppID = li_1 + appID + li_2: null

2024-07-13 00:15:11 - [TEST_STEP][PASSED] - hrefApp = li_1 + appID + "/": null

2024-07-13 00:15:11 - [TEST_STEP][PASSED] - println("hrefApp : " + hrefApp): null

2024-07-13 00:15:11 - [TEST_STEP][PASSED] - if (ExecuteTC.equalsIgnoreCase("Y")): Browser is closed

2024-07-13 00:15:11 - [TEST_STEP][PASSED] - out.println("Begin Record Number: " + row): null

2024-07-13 00:15:11 - [TEST_STEP][PASSED] - today = new java.util.Date(): null

2024-07-13 00:15:11 - [TEST_STEP][PASSED] - println(today): null

2024-07-13 00:15:11 - [TEST_STEP][PASSED] - datText = today: null

2024-07-13 00:15:11 - [TEST_STEP][PASSED] - adminSuiteBootstrap.loginFunctionality.login_AdminSuite(): adminSuiteBootstrap.loginFunctionality.login_AdminSuite is PASSED

2024-07-13 00:15:11 - [MESSAGE][INFO] - Starting 'Chrome' driver

2024-07-13 00:15:11 - [MESSAGE][INFO] - User set preference: ['acceptInsecureCerts', 'true']

2024-07-13 00:15:11 - [MESSAGE][INFO] - Action delay is set to 0 milliseconds

2024-07-13 00:15:14 - [MESSAGE][PASSED] - Browser is opened with url: 'https://qa2.velocitypayment.com/admin/imtiaz'

2024-07-13 00:15:14 - [MESSAGE][PASSED] - Current window maximized

2024-07-13 00:15:15 - [MESSAGE][PASSED] - Object 'Object Repository/Login_Page/Login_Username_Okta' is present

2024-07-13 00:15:16 - [MESSAGE][PASSED] - Text 'iahmed' is set on object 'Object Repository/Login_Page/Login_Username_Okta'

2024-07-13 00:15:17 - [MESSAGE][PASSED] - Text 'Hello!6666666' is set on object 'Object Repository/Login_Page/Login_Password_Okta'

2024-07-13 00:15:17 - [MESSAGE][PASSED] - Object: 'Object Repository/Login_Page/Login_Submit_Okta' is clicked on

2024-07-13 00:15:17 - [MESSAGE][PASSED] - adminSuiteBootstrap.loginFunctionality.login_AdminSuite is PASSED

2024-07-13 00:15:17 - [TEST_STEP][PASSED] - click(findTestObject(path_Dashboard + appName)): Object: 'Object Repository/AdminSuiteBootstrap_Pages/Dashboard_Bootstrap/a_Access AutoSingleCFtpQA' is clicked on

2024-07-13 00:15:24 - [MESSAGE][PASSED] - Object: 'Object Repository/AdminSuiteBootstrap_Pages/Dashboard_Bootstrap/a_Access AutoSingleCFtpQA' is clicked on

2024-07-13 00:15:24 - [TEST_STEP][PASSED] - click(findTestObject(path_VT + "button_Debit")): Object: 'Object Repository/AdminSuiteBootstrap_Pages/VT_Bootstrap/IssueTransactions/button_Debit' is clicked on

2024-07-13 00:15:25 - [MESSAGE][PASSED] - Object: 'Object Repository/AdminSuiteBootstrap_Pages/VT_Bootstrap/IssueTransactions/button_Debit' is clicked on

2024-07-13 00:15:25 - [TEST_STEP][PASSED] - click(findTestObject(path_VT + "a_Personal")): Object: 'Object Repository/AdminSuiteBootstrap_Pages/VT_Bootstrap/IssueTransactions/a_Personal' is clicked on

2024-07-13 00:15:26 - [MESSAGE][PASSED] - Object: 'Object Repository/AdminSuiteBootstrap_Pages/VT_Bootstrap/IssueTransactions/a_Personal' is clicked on

2024-07-13 00:15:26 - [TEST_STEP][PASSED] - adminSuiteBootstrap.debitPersonalsetData.debitPersonal_DataDriven(row, dataFile): adminSuiteBootstrap.debitPersonalsetData.debitPersonal_DataDriven is PASSED

2024-07-13 00:15:29 - [MESSAGE][PASSED] - Text 'John' is set on object 'Object Repository/AdminSuiteBootstrap_Pages/VT_Bootstrap/ACHPersonal/input_firstName'

2024-07-13 00:15:29 - [MESSAGE][PASSED] - Text 'Gordonas' is set on object 'Object Repository/AdminSuiteBootstrap_Pages/VT_Bootstrap/ACHPersonal/input_lastName'

2024-07-13 00:15:30 - [MESSAGE][PASSED] - Text '133 Meadow Ln' is set on object 'Object Repository/AdminSuiteBootstrap_Pages/VT_Bootstrap/ACHPersonal/input_address'

2024-07-13 00:15:31 - [MESSAGE][PASSED] - Text 'apt #123' is set on object 'Object Repository/AdminSuiteBootstrap_Pages/VT_Bootstrap/ACHPersonal/input_address2'

2024-07-13 00:15:32 - [MESSAGE][PASSED] - Text '22201' is set on object 'Object Repository/AdminSuiteBootstrap_Pages/VT_Bootstrap/ACHPersonal/input_zip'

2024-07-13 00:15:32 - [MESSAGE][PASSED] - Text '' is set on object 'Object Repository/AdminSuiteBootstrap_Pages/VT_Bootstrap/ACHPersonal/input_emailAddress'

2024-07-13 00:15:34 - [MESSAGE][PASSED] - Text '' is set on object 'Object Repository/AdminSuiteBootstrap_Pages/VT_Bootstrap/ACHPersonal/input_smsNumber'

2024-07-13 00:15:34 - [MESSAGE][PASSED] - Text '45682001' is set on object 'Object Repository/AdminSuiteBootstrap_Pages/VT_Bootstrap/ACHPersonal/input_accountNumber'

2024-07-13 00:15:35 - [MESSAGE][PASSED] - Text '256072691' is set on object 'Object Repository/AdminSuiteBootstrap_Pages/VT_Bootstrap/ACHPersonal/input_routingNumber'

2024-07-13 00:15:36 - [MESSAGE][PASSED] - All options with label 'Checking' are selected in object 'Object Repository/AdminSuiteBootstrap_Pages/VT_Bootstrap/ACHPersonal/select_AccountType'  using regular expression

2024-07-13 00:15:37 - [MESSAGE][PASSED] - All options with label 'PPD - Prearranged Payment and Deposit Entry' are selected in object 'Object Repository/AdminSuiteBootstrap_Pages/VT_Bootstrap/ACHPersonal/select_STD'  using regular expression

2024-07-13 00:15:38 - [MESSAGE][PASSED] - Text '11.5' is set on object 'Object Repository/AdminSuiteBootstrap_Pages/VT_Bootstrap/ACHPersonal/input_amount'

2024-07-13 00:15:39 - [MESSAGE][PASSED] - Text 'Denmark' is set on object 'Object Repository/AdminSuiteBootstrap_Pages/VT_Bootstrap/ACHPersonal/input_userDefined1'

2024-07-13 00:15:40 - [MESSAGE][PASSED] - Text 'Australia' is set on object 'Object Repository/AdminSuiteBootstrap_Pages/VT_Bootstrap/ACHPersonal/input_userDefined2'

2024-07-13 00:15:41 - [MESSAGE][PASSED] - Text 'Austria' is set on object 'Object Repository/AdminSuiteBootstrap_Pages/VT_Bootstrap/ACHPersonal/input_userDefined3'

2024-07-13 00:15:41 - [MESSAGE][PASSED] - Text 'Sweden' is set on object 'Object Repository/AdminSuiteBootstrap_Pages/VT_Bootstrap/ACHPersonal/input_userDefined4'

2024-07-13 00:15:42 - [MESSAGE][PASSED] - All options with label 'Yellow' are selected in object 'Object Repository/AdminSuiteBootstrap_Pages/VT_Bootstrap/ACHPersonal/select_UDF5'  using regular expression

2024-07-13 00:15:43 - [MESSAGE][PASSED] - All options with label 'Orange' are selected in object 'Object Repository/AdminSuiteBootstrap_Pages/VT_Bootstrap/ACHPersonal/select_UDF6'  using regular expression

2024-07-13 00:15:44 - [MESSAGE][PASSED] - Text 'Netherlands' is set on object 'Object Repository/AdminSuiteBootstrap_Pages/VT_Bootstrap/ACHPersonal/input_userDefined7'

2024-07-13 00:15:45 - [MESSAGE][PASSED] - Text 'Norway' is set on object 'Object Repository/AdminSuiteBootstrap_Pages/VT_Bootstrap/ACHPersonal/input_userDefined8'

2024-07-13 00:15:46 - [MESSAGE][PASSED] - Text 'France' is set on object 'Object Repository/AdminSuiteBootstrap_Pages/VT_Bootstrap/ACHPersonal/input_userDefined9'

2024-07-13 00:15:46 - [MESSAGE][PASSED] - Text 'Switzerland' is set on object 'Object Repository/AdminSuiteBootstrap_Pages/VT_Bootstrap/ACHPersonal/input_userDefined10'

2024-07-13 00:15:47 - [MESSAGE][PASSED] - Object: 'Object Repository/AdminSuiteBootstrap_Pages/VT_Bootstrap/ACHPersonal/button_Submit' is clicked on

2024-07-13 00:15:47 - [MESSAGE][PASSED] - adminSuiteBootstrap.debitPersonalsetData.debitPersonal_DataDriven is PASSED

2024-07-13 00:15:47 - [TEST_STEP][PASSED] - if (verifyTextPresent("Transaction Successful", true)): null

2024-07-13 00:15:48 - [MESSAGE][PASSED] - Text 'Transaction Successful' is present on page  using regular expression

2024-07-13 00:15:48 - [TEST_STEP][PASSED] - sdf = getText(findTestObject(path_Receipt + "td_AutoNoC031622113752957Ahm")): Text of object 'Object Repository/AdminSuiteBootstrap_Pages/VT_Bootstrap/Receipt/td_AutoNoC031622113752957Ahm' is: 'AutoSingle071324000817Ahm'

2024-07-13 00:15:48 - [MESSAGE][PASSED] - Text of object 'Object Repository/AdminSuiteBootstrap_Pages/VT_Bootstrap/Receipt/td_AutoNoC031622113752957Ahm' is: 'AutoSingle071324000817Ahm'

2024-07-13 00:15:48 - [TEST_STEP][PASSED] - out.println("sdf: " + sdf): null

2024-07-13 00:15:48 - [TEST_STEP][PASSED] - remID = sdf: null

2024-07-13 00:15:48 - [TEST_STEP][PASSED] - out.println("remID: " + remID): null

2024-07-13 00:15:48 - [TEST_STEP][PASSED] - click(findTestObject(path_Receipt + "button_Continue")): Object: 'Object Repository/AdminSuiteBootstrap_Pages/VT_Bootstrap/Receipt/button_Continue' is clicked on

2024-07-13 00:15:49 - [MESSAGE][PASSED] - Object: 'Object Repository/AdminSuiteBootstrap_Pages/VT_Bootstrap/Receipt/button_Continue' is clicked on

2024-07-13 00:15:49 - [TEST_STEP][PASSED] - click(findTestObject(path_VT + "a_Search Transactions")): Object: 'Object Repository/AdminSuiteBootstrap_Pages/VT_Bootstrap/IssueTransactions/a_Search Transactions' is clicked on

2024-07-13 00:15:50 - [MESSAGE][PASSED] - Object: 'Object Repository/AdminSuiteBootstrap_Pages/VT_Bootstrap/IssueTransactions/a_Search Transactions' is clicked on

2024-07-13 00:15:50 - [TEST_STEP][PASSED] - setText(findTestObject(path_CCSearch + "input_Search By_searchValue"), remID): Text 'AutoSingle071324000817Ahm' is set on object 'Object Repository/AdminSuiteBootstrap_Pages/VT_Bootstrap/CCCreditOrVoidSearch/input_Search By_searchValue'

2024-07-13 00:15:51 - [MESSAGE][PASSED] - Text 'AutoSingle071324000817Ahm' is set on object 'Object Repository/AdminSuiteBootstrap_Pages/VT_Bootstrap/CCCreditOrVoidSearch/input_Search By_searchValue'

2024-07-13 00:15:51 - [TEST_STEP][PASSED] - click(findTestObject(path_CCSearch + "button_Submit")): Object: 'Object Repository/AdminSuiteBootstrap_Pages/VT_Bootstrap/CCCreditOrVoidSearch/button_Submit' is clicked on

2024-07-13 00:15:52 - [MESSAGE][PASSED] - Object: 'Object Repository/AdminSuiteBootstrap_Pages/VT_Bootstrap/CCCreditOrVoidSearch/button_Submit' is clicked on

2024-07-13 00:15:52 - [TEST_STEP][PASSED] - click(findTestObject(path_SearchResults + "button_PaymentID")): Object: 'Object Repository/AdminSuiteBootstrap_Pages/VT_Bootstrap/SearchResults/button_PaymentID' is clicked on

2024-07-13 00:15:53 - [MESSAGE][PASSED] - Object: 'Object Repository/AdminSuiteBootstrap_Pages/VT_Bootstrap/SearchResults/button_PaymentID' is clicked on

2024-07-13 00:15:53 - [TEST_STEP][PASSED] - verifyTextPresent("Tender Type", true): Text 'Tender Type' is present on page  using regular expression

2024-07-13 00:15:53 - [MESSAGE][PASSED] - Text 'Tender Type' is present on page  using regular expression

2024-07-13 00:15:53 - [TEST_STEP][PASSED] - verifyTextPresent("Transaction Type", true): Text 'Transaction Type' is present on page  using regular expression

2024-07-13 00:15:54 - [MESSAGE][PASSED] - Text 'Transaction Type' is present on page  using regular expression

2024-07-13 00:15:54 - [TEST_STEP][PASSED] - verifyTextPresent("Transaction Posted by", true): Text 'Transaction Posted by' is present on page  using regular expression

2024-07-13 00:15:54 - [MESSAGE][PASSED] - Text 'Transaction Posted by' is present on page  using regular expression

2024-07-13 00:15:54 - [TEST_STEP][PASSED] - verifyTextPresent("iahmed", true): Text 'iahmed' is present on page  using regular expression

2024-07-13 00:15:54 - [MESSAGE][PASSED] - Text 'iahmed' is present on page  using regular expression

2024-07-13 00:15:54 - [TEST_STEP][PASSED] - verifyTextPresent("Debit", true): Text 'Debit' is present on page  using regular expression

2024-07-13 00:15:55 - [MESSAGE][PASSED] - Text 'Debit' is present on page  using regular expression

2024-07-13 00:15:55 - [TEST_STEP][PASSED] - click(findTestObject(path_TranxDetails + "a_Void this transaction")): Object: 'Object Repository/AdminSuiteBootstrap_Pages/VT_Bootstrap/TransactionDetails/a_Void this transaction' is clicked on

2024-07-13 00:15:56 - [MESSAGE][PASSED] - Object: 'Object Repository/AdminSuiteBootstrap_Pages/VT_Bootstrap/TransactionDetails/a_Void this transaction' is clicked on

2024-07-13 00:15:56 - [TEST_STEP][PASSED] - verifyTextPresent("The following transaction will be voided", true): Text 'The following transaction will be voided' is present on page  using regular expression

2024-07-13 00:15:56 - [MESSAGE][PASSED] - Text 'The following transaction will be voided' is present on page  using regular expression

2024-07-13 00:15:56 - [TEST_STEP][PASSED] - verifyTextPresent("Please press submit to continue", true): Text 'Please press submit to continue' is present on page  using regular expression

2024-07-13 00:15:56 - [MESSAGE][PASSED] - Text 'Please press submit to continue' is present on page  using regular expression

2024-07-13 00:15:56 - [TEST_STEP][PASSED] - click(findTestObject(path_TranxDetails + "button_Submit")): Object: 'Object Repository/AdminSuiteBootstrap_Pages/VT_Bootstrap/TransactionDetails/button_Submit' is clicked on

2024-07-13 00:15:57 - [MESSAGE][PASSED] - Object: 'Object Repository/AdminSuiteBootstrap_Pages/VT_Bootstrap/TransactionDetails/button_Submit' is clicked on

2024-07-13 00:15:57 - [TEST_STEP][PASSED] - verifyTextPresent("Transaction Successful", true): Text 'Transaction Successful' is present on page  using regular expression

2024-07-13 00:15:58 - [MESSAGE][PASSED] - Text 'Transaction Successful' is present on page  using regular expression

2024-07-13 00:15:58 - [TEST_STEP][PASSED] - verifyTextPresent("Transaction Type", true): Text 'Transaction Type' is present on page  using regular expression

2024-07-13 00:15:58 - [MESSAGE][PASSED] - Text 'Transaction Type' is present on page  using regular expression

2024-07-13 00:15:58 - [TEST_STEP][PASSED] - verifyTextPresent("Void", true): Text 'Void' is present on page  using regular expression

2024-07-13 00:15:59 - [MESSAGE][PASSED] - Text 'Void' is present on page  using regular expression

2024-07-13 00:15:59 - [TEST_STEP][PASSED] - closeBrowser(): Browser is closed

2024-07-13 00:16:00 - [MESSAGE][PASSED] - Browser is closed

2024-07-13 00:16:00 - [TEST_STEP][PASSED] - ExecuteTC = findTestData(dataFile).getValue("Execute", row): null

2024-07-13 00:16:00 - [TEST_STEP][PASSED] - out.println("Value of Execute is : " + ExecuteTC): null

2024-07-13 00:16:00 - [TEST_STEP][PASSED] - switch (executionProfile): null

2024-07-13 00:16:00 - [TEST_STEP][PASSED] - case "QA2Profile":: null

2024-07-13 00:16:00 - [TEST_STEP][PASSED] - appName = findTestData(dataFile).getValue("AppNameQA", row): null

2024-07-13 00:16:00 - [TEST_STEP][PASSED] - appID = findTestData(dataFile).getValue("AppIDQA", row): null

2024-07-13 00:16:00 - [TEST_STEP][PASSED] - break: null

2024-07-13 00:16:00 - [TEST_STEP][PASSED] - hrefAppID = li_1 + appID + li_2: null

2024-07-13 00:16:00 - [TEST_STEP][PASSED] - hrefApp = li_1 + appID + "/": null

2024-07-13 00:16:00 - [TEST_STEP][PASSED] - println("hrefApp : " + hrefApp): null

2024-07-13 00:16:00 - [TEST_STEP][PASSED] - if (ExecuteTC.equalsIgnoreCase("Y")): Browser is closed

2024-07-13 00:16:00 - [TEST_STEP][PASSED] - out.println("Begin Record Number: " + row): null

2024-07-13 00:16:00 - [TEST_STEP][PASSED] - today = new java.util.Date(): null

2024-07-13 00:16:00 - [TEST_STEP][PASSED] - println(today): null

2024-07-13 00:16:00 - [TEST_STEP][PASSED] - datText = today: null

2024-07-13 00:16:00 - [TEST_STEP][PASSED] - adminSuiteBootstrap.loginFunctionality.login_AdminSuite(): adminSuiteBootstrap.loginFunctionality.login_AdminSuite is PASSED

2024-07-13 00:16:00 - [MESSAGE][INFO] - Starting 'Chrome' driver

2024-07-13 00:16:00 - [MESSAGE][INFO] - User set preference: ['acceptInsecureCerts', 'true']

2024-07-13 00:16:00 - [MESSAGE][INFO] - Action delay is set to 0 milliseconds

2024-07-13 00:16:03 - [MESSAGE][PASSED] - Browser is opened with url: 'https://qa2.velocitypayment.com/admin/imtiaz'

2024-07-13 00:16:03 - [MESSAGE][PASSED] - Current window maximized

2024-07-13 00:16:03 - [MESSAGE][PASSED] - Object 'Object Repository/Login_Page/Login_Username_Okta' is present

2024-07-13 00:16:04 - [MESSAGE][PASSED] - Text 'iahmed' is set on object 'Object Repository/Login_Page/Login_Username_Okta'

2024-07-13 00:16:05 - [MESSAGE][PASSED] - Text 'Hello!6666666' is set on object 'Object Repository/Login_Page/Login_Password_Okta'

2024-07-13 00:16:05 - [MESSAGE][PASSED] - Object: 'Object Repository/Login_Page/Login_Submit_Okta' is clicked on

2024-07-13 00:16:05 - [MESSAGE][PASSED] - adminSuiteBootstrap.loginFunctionality.login_AdminSuite is PASSED

2024-07-13 00:16:05 - [TEST_STEP][PASSED] - click(findTestObject(path_Dashboard + appName)): Object: 'Object Repository/AdminSuiteBootstrap_Pages/Dashboard_Bootstrap/a_Access AutoSingleCFtpQA' is clicked on

2024-07-13 00:16:13 - [MESSAGE][PASSED] - Object: 'Object Repository/AdminSuiteBootstrap_Pages/Dashboard_Bootstrap/a_Access AutoSingleCFtpQA' is clicked on

2024-07-13 00:16:13 - [TEST_STEP][PASSED] - click(findTestObject(path_VT + "button_Debit")): Object: 'Object Repository/AdminSuiteBootstrap_Pages/VT_Bootstrap/IssueTransactions/button_Debit' is clicked on

2024-07-13 00:16:14 - [MESSAGE][PASSED] - Object: 'Object Repository/AdminSuiteBootstrap_Pages/VT_Bootstrap/IssueTransactions/button_Debit' is clicked on

2024-07-13 00:16:14 - [TEST_STEP][PASSED] - click(findTestObject(path_VT + "a_Personal")): Object: 'Object Repository/AdminSuiteBootstrap_Pages/VT_Bootstrap/IssueTransactions/a_Personal' is clicked on

2024-07-13 00:16:14 - [MESSAGE][PASSED] - Object: 'Object Repository/AdminSuiteBootstrap_Pages/VT_Bootstrap/IssueTransactions/a_Personal' is clicked on

2024-07-13 00:16:14 - [TEST_STEP][PASSED] - adminSuiteBootstrap.debitPersonalsetData.debitPersonal_DataDriven(row, dataFile): adminSuiteBootstrap.debitPersonalsetData.debitPersonal_DataDriven is PASSED

2024-07-13 00:16:17 - [MESSAGE][PASSED] - Text 'Veronika' is set on object 'Object Repository/AdminSuiteBootstrap_Pages/VT_Bootstrap/ACHPersonal/input_firstName'

2024-07-13 00:16:18 - [MESSAGE][PASSED] - Text 'Inouye' is set on object 'Object Repository/AdminSuiteBootstrap_Pages/VT_Bootstrap/ACHPersonal/input_lastName'

2024-07-13 00:16:19 - [MESSAGE][PASSED] - Text '6 Greenleaf Ave' is set on object 'Object Repository/AdminSuiteBootstrap_Pages/VT_Bootstrap/ACHPersonal/input_address'

2024-07-13 00:16:19 - [MESSAGE][PASSED] - Text 'apt #3' is set on object 'Object Repository/AdminSuiteBootstrap_Pages/VT_Bootstrap/ACHPersonal/input_address2'

2024-07-13 00:16:20 - [MESSAGE][PASSED] - Text '22201' is set on object 'Object Repository/AdminSuiteBootstrap_Pages/VT_Bootstrap/ACHPersonal/input_zip'

2024-07-13 00:16:21 - [MESSAGE][PASSED] - Text '' is set on object 'Object Repository/AdminSuiteBootstrap_Pages/VT_Bootstrap/ACHPersonal/input_emailAddress'

2024-07-13 00:16:22 - [MESSAGE][PASSED] - Text '' is set on object 'Object Repository/AdminSuiteBootstrap_Pages/VT_Bootstrap/ACHPersonal/input_smsNumber'

2024-07-13 00:16:23 - [MESSAGE][PASSED] - Text '45682002' is set on object 'Object Repository/AdminSuiteBootstrap_Pages/VT_Bootstrap/ACHPersonal/input_accountNumber'

2024-07-13 00:16:24 - [MESSAGE][PASSED] - Text '256072691' is set on object 'Object Repository/AdminSuiteBootstrap_Pages/VT_Bootstrap/ACHPersonal/input_routingNumber'

2024-07-13 00:16:25 - [MESSAGE][PASSED] - All options with label 'Checking' are selected in object 'Object Repository/AdminSuiteBootstrap_Pages/VT_Bootstrap/ACHPersonal/select_AccountType'  using regular expression

2024-07-13 00:16:26 - [MESSAGE][PASSED] - All options with label 'TEL - Telephone-Initiated Entry' are selected in object 'Object Repository/AdminSuiteBootstrap_Pages/VT_Bootstrap/ACHPersonal/select_STD'  using regular expression

2024-07-13 00:16:27 - [MESSAGE][PASSED] - Text '11.5' is set on object 'Object Repository/AdminSuiteBootstrap_Pages/VT_Bootstrap/ACHPersonal/input_amount'

2024-07-13 00:16:28 - [MESSAGE][PASSED] - Text 'Denmark' is set on object 'Object Repository/AdminSuiteBootstrap_Pages/VT_Bootstrap/ACHPersonal/input_userDefined1'

2024-07-13 00:16:29 - [MESSAGE][PASSED] - Text 'Australia' is set on object 'Object Repository/AdminSuiteBootstrap_Pages/VT_Bootstrap/ACHPersonal/input_userDefined2'

2024-07-13 00:16:29 - [MESSAGE][PASSED] - Text 'Austria' is set on object 'Object Repository/AdminSuiteBootstrap_Pages/VT_Bootstrap/ACHPersonal/input_userDefined3'

2024-07-13 00:16:30 - [MESSAGE][PASSED] - Text 'Sweden' is set on object 'Object Repository/AdminSuiteBootstrap_Pages/VT_Bootstrap/ACHPersonal/input_userDefined4'

2024-07-13 00:16:31 - [MESSAGE][PASSED] - All options with label 'Yellow' are selected in object 'Object Repository/AdminSuiteBootstrap_Pages/VT_Bootstrap/ACHPersonal/select_UDF5'  using regular expression

2024-07-13 00:16:32 - [MESSAGE][PASSED] - All options with label 'Orange' are selected in object 'Object Repository/AdminSuiteBootstrap_Pages/VT_Bootstrap/ACHPersonal/select_UDF6'  using regular expression

2024-07-13 00:16:33 - [MESSAGE][PASSED] - Text 'Netherlands' is set on object 'Object Repository/AdminSuiteBootstrap_Pages/VT_Bootstrap/ACHPersonal/input_userDefined7'

2024-07-13 00:16:34 - [MESSAGE][PASSED] - Text 'Norway' is set on object 'Object Repository/AdminSuiteBootstrap_Pages/VT_Bootstrap/ACHPersonal/input_userDefined8'

2024-07-13 00:16:34 - [MESSAGE][PASSED] - Text 'France' is set on object 'Object Repository/AdminSuiteBootstrap_Pages/VT_Bootstrap/ACHPersonal/input_userDefined9'

2024-07-13 00:16:35 - [MESSAGE][PASSED] - Text 'Switzerland' is set on object 'Object Repository/AdminSuiteBootstrap_Pages/VT_Bootstrap/ACHPersonal/input_userDefined10'

2024-07-13 00:16:36 - [MESSAGE][PASSED] - Object: 'Object Repository/AdminSuiteBootstrap_Pages/VT_Bootstrap/ACHPersonal/button_Submit' is clicked on

2024-07-13 00:16:36 - [MESSAGE][PASSED] - adminSuiteBootstrap.debitPersonalsetData.debitPersonal_DataDriven is PASSED

2024-07-13 00:16:36 - [TEST_STEP][PASSED] - if (verifyTextPresent("Transaction Successful", true)): null

2024-07-13 00:16:37 - [MESSAGE][PASSED] - Text 'Transaction Successful' is present on page  using regular expression

2024-07-13 00:16:37 - [TEST_STEP][PASSED] - sdf = getText(findTestObject(path_Receipt + "td_AutoNoC031622113752957Ahm")): Text of object 'Object Repository/AdminSuiteBootstrap_Pages/VT_Bootstrap/Receipt/td_AutoNoC031622113752957Ahm' is: 'AutoSingle071324000905Ahm'

2024-07-13 00:16:37 - [MESSAGE][PASSED] - Text of object 'Object Repository/AdminSuiteBootstrap_Pages/VT_Bootstrap/Receipt/td_AutoNoC031622113752957Ahm' is: 'AutoSingle071324000905Ahm'

2024-07-13 00:16:37 - [TEST_STEP][PASSED] - out.println("sdf: " + sdf): null

2024-07-13 00:16:37 - [TEST_STEP][PASSED] - remID = sdf: null

2024-07-13 00:16:37 - [TEST_STEP][PASSED] - out.println("remID: " + remID): null

2024-07-13 00:16:37 - [TEST_STEP][PASSED] - click(findTestObject(path_Receipt + "button_Continue")): Object: 'Object Repository/AdminSuiteBootstrap_Pages/VT_Bootstrap/Receipt/button_Continue' is clicked on

2024-07-13 00:16:38 - [MESSAGE][PASSED] - Object: 'Object Repository/AdminSuiteBootstrap_Pages/VT_Bootstrap/Receipt/button_Continue' is clicked on

2024-07-13 00:16:38 - [TEST_STEP][PASSED] - click(findTestObject(path_VT + "a_Search Transactions")): Object: 'Object Repository/AdminSuiteBootstrap_Pages/VT_Bootstrap/IssueTransactions/a_Search Transactions' is clicked on

2024-07-13 00:16:39 - [MESSAGE][PASSED] - Object: 'Object Repository/AdminSuiteBootstrap_Pages/VT_Bootstrap/IssueTransactions/a_Search Transactions' is clicked on

2024-07-13 00:16:39 - [TEST_STEP][PASSED] - setText(findTestObject(path_CCSearch + "input_Search By_searchValue"), remID): Text 'AutoSingle071324000905Ahm' is set on object 'Object Repository/AdminSuiteBootstrap_Pages/VT_Bootstrap/CCCreditOrVoidSearch/input_Search By_searchValue'

2024-07-13 00:16:40 - [MESSAGE][PASSED] - Text 'AutoSingle071324000905Ahm' is set on object 'Object Repository/AdminSuiteBootstrap_Pages/VT_Bootstrap/CCCreditOrVoidSearch/input_Search By_searchValue'

2024-07-13 00:16:40 - [TEST_STEP][PASSED] - click(findTestObject(path_CCSearch + "button_Submit")): Object: 'Object Repository/AdminSuiteBootstrap_Pages/VT_Bootstrap/CCCreditOrVoidSearch/button_Submit' is clicked on

2024-07-13 00:16:40 - [MESSAGE][PASSED] - Object: 'Object Repository/AdminSuiteBootstrap_Pages/VT_Bootstrap/CCCreditOrVoidSearch/button_Submit' is clicked on

2024-07-13 00:16:40 - [TEST_STEP][PASSED] - click(findTestObject(path_SearchResults + "button_PaymentID")): Object: 'Object Repository/AdminSuiteBootstrap_Pages/VT_Bootstrap/SearchResults/button_PaymentID' is clicked on

2024-07-13 00:16:41 - [MESSAGE][PASSED] - Object: 'Object Repository/AdminSuiteBootstrap_Pages/VT_Bootstrap/SearchResults/button_PaymentID' is clicked on

2024-07-13 00:16:41 - [TEST_STEP][PASSED] - verifyTextPresent("Tender Type", true): Text 'Tender Type' is present on page  using regular expression

2024-07-13 00:16:42 - [MESSAGE][PASSED] - Text 'Tender Type' is present on page  using regular expression

2024-07-13 00:16:42 - [TEST_STEP][PASSED] - verifyTextPresent("Transaction Type", true): Text 'Transaction Type' is present on page  using regular expression

2024-07-13 00:16:42 - [MESSAGE][PASSED] - Text 'Transaction Type' is present on page  using regular expression

2024-07-13 00:16:42 - [TEST_STEP][PASSED] - verifyTextPresent("Transaction Posted by", true): Text 'Transaction Posted by' is present on page  using regular expression

2024-07-13 00:16:43 - [MESSAGE][PASSED] - Text 'Transaction Posted by' is present on page  using regular expression

2024-07-13 00:16:43 - [TEST_STEP][PASSED] - verifyTextPresent("iahmed", true): Text 'iahmed' is present on page  using regular expression

2024-07-13 00:16:43 - [MESSAGE][PASSED] - Text 'iahmed' is present on page  using regular expression

2024-07-13 00:16:43 - [TEST_STEP][PASSED] - verifyTextPresent("Debit", true): Text 'Debit' is present on page  using regular expression

2024-07-13 00:16:43 - [MESSAGE][PASSED] - Text 'Debit' is present on page  using regular expression

2024-07-13 00:16:43 - [TEST_STEP][PASSED] - click(findTestObject(path_TranxDetails + "a_Void this transaction")): Object: 'Object Repository/AdminSuiteBootstrap_Pages/VT_Bootstrap/TransactionDetails/a_Void this transaction' is clicked on

2024-07-13 00:16:44 - [MESSAGE][PASSED] - Object: 'Object Repository/AdminSuiteBootstrap_Pages/VT_Bootstrap/TransactionDetails/a_Void this transaction' is clicked on

2024-07-13 00:16:44 - [TEST_STEP][PASSED] - verifyTextPresent("The following transaction will be voided", true): Text 'The following transaction will be voided' is present on page  using regular expression

2024-07-13 00:16:45 - [MESSAGE][PASSED] - Text 'The following transaction will be voided' is present on page  using regular expression

2024-07-13 00:16:45 - [TEST_STEP][PASSED] - verifyTextPresent("Please press submit to continue", true): Text 'Please press submit to continue' is present on page  using regular expression

2024-07-13 00:16:45 - [MESSAGE][PASSED] - Text 'Please press submit to continue' is present on page  using regular expression

2024-07-13 00:16:45 - [TEST_STEP][PASSED] - click(findTestObject(path_TranxDetails + "button_Submit")): Object: 'Object Repository/AdminSuiteBootstrap_Pages/VT_Bootstrap/TransactionDetails/button_Submit' is clicked on

2024-07-13 00:16:46 - [MESSAGE][PASSED] - Object: 'Object Repository/AdminSuiteBootstrap_Pages/VT_Bootstrap/TransactionDetails/button_Submit' is clicked on

2024-07-13 00:16:46 - [TEST_STEP][PASSED] - verifyTextPresent("Transaction Successful", true): Text 'Transaction Successful' is present on page  using regular expression

2024-07-13 00:16:47 - [MESSAGE][PASSED] - Text 'Transaction Successful' is present on page  using regular expression

2024-07-13 00:16:47 - [TEST_STEP][PASSED] - verifyTextPresent("Transaction Type", true): Text 'Transaction Type' is present on page  using regular expression

2024-07-13 00:16:47 - [MESSAGE][PASSED] - Text 'Transaction Type' is present on page  using regular expression

2024-07-13 00:16:47 - [TEST_STEP][PASSED] - verifyTextPresent("Void", true): Text 'Void' is present on page  using regular expression

2024-07-13 00:16:47 - [MESSAGE][PASSED] - Text 'Void' is present on page  using regular expression

2024-07-13 00:16:47 - [TEST_STEP][PASSED] - closeBrowser(): Browser is closed

2024-07-13 00:16:48 - [MESSAGE][PASSED] - Browser is closed

2024-07-13 00:16:48 - [TEST_STEP][PASSED] - ExecuteTC = findTestData(dataFile).getValue("Execute", row): null

2024-07-13 00:16:48 - [TEST_STEP][PASSED] - out.println("Value of Execute is : " + ExecuteTC): null

2024-07-13 00:16:48 - [TEST_STEP][PASSED] - switch (executionProfile): null

2024-07-13 00:16:48 - [TEST_STEP][PASSED] - case "QA2Profile":: null

2024-07-13 00:16:48 - [TEST_STEP][PASSED] - appName = findTestData(dataFile).getValue("AppNameQA", row): null

2024-07-13 00:16:48 - [TEST_STEP][PASSED] - appID = findTestData(dataFile).getValue("AppIDQA", row): null

2024-07-13 00:16:49 - [TEST_STEP][PASSED] - break: null

2024-07-13 00:16:49 - [TEST_STEP][PASSED] - hrefAppID = li_1 + appID + li_2: null

2024-07-13 00:16:49 - [TEST_STEP][PASSED] - hrefApp = li_1 + appID + "/": null

2024-07-13 00:16:49 - [TEST_STEP][PASSED] - println("hrefApp : " + hrefApp): null

2024-07-13 00:16:49 - [TEST_STEP][PASSED] - if (ExecuteTC.equalsIgnoreCase("Y")): Browser is closed

2024-07-13 00:16:49 - [TEST_STEP][PASSED] - out.println("Begin Record Number: " + row): null

2024-07-13 00:16:49 - [TEST_STEP][PASSED] - today = new java.util.Date(): null

2024-07-13 00:16:49 - [TEST_STEP][PASSED] - println(today): null

2024-07-13 00:16:49 - [TEST_STEP][PASSED] - datText = today: null

2024-07-13 00:16:49 - [TEST_STEP][PASSED] - adminSuiteBootstrap.loginFunctionality.login_AdminSuite(): adminSuiteBootstrap.loginFunctionality.login_AdminSuite is PASSED

2024-07-13 00:16:49 - [MESSAGE][INFO] - Starting 'Chrome' driver

2024-07-13 00:16:49 - [MESSAGE][INFO] - User set preference: ['acceptInsecureCerts', 'true']

2024-07-13 00:16:49 - [MESSAGE][INFO] - Action delay is set to 0 milliseconds

2024-07-13 00:16:51 - [MESSAGE][PASSED] - Browser is opened with url: 'https://qa2.velocitypayment.com/admin/imtiaz'

2024-07-13 00:16:51 - [MESSAGE][PASSED] - Current window maximized

2024-07-13 00:16:52 - [MESSAGE][PASSED] - Object 'Object Repository/Login_Page/Login_Username_Okta' is present

2024-07-13 00:16:53 - [MESSAGE][PASSED] - Text 'iahmed' is set on object 'Object Repository/Login_Page/Login_Username_Okta'

2024-07-13 00:16:54 - [MESSAGE][PASSED] - Text 'Hello!6666666' is set on object 'Object Repository/Login_Page/Login_Password_Okta'

2024-07-13 00:16:54 - [MESSAGE][PASSED] - Object: 'Object Repository/Login_Page/Login_Submit_Okta' is clicked on

2024-07-13 00:16:54 - [MESSAGE][PASSED] - adminSuiteBootstrap.loginFunctionality.login_AdminSuite is PASSED

2024-07-13 00:16:54 - [TEST_STEP][PASSED] - click(findTestObject(path_Dashboard + appName)): Object: 'Object Repository/AdminSuiteBootstrap_Pages/Dashboard_Bootstrap/a_Access AutoSingleCFtpQA' is clicked on

2024-07-13 00:17:02 - [MESSAGE][PASSED] - Object: 'Object Repository/AdminSuiteBootstrap_Pages/Dashboard_Bootstrap/a_Access AutoSingleCFtpQA' is clicked on

2024-07-13 00:17:02 - [TEST_STEP][PASSED] - click(findTestObject(path_VT + "button_Debit")): Object: 'Object Repository/AdminSuiteBootstrap_Pages/VT_Bootstrap/IssueTransactions/button_Debit' is clicked on

2024-07-13 00:17:02 - [MESSAGE][PASSED] - Object: 'Object Repository/AdminSuiteBootstrap_Pages/VT_Bootstrap/IssueTransactions/button_Debit' is clicked on

2024-07-13 00:17:02 - [TEST_STEP][PASSED] - click(findTestObject(path_VT + "a_Personal")): Object: 'Object Repository/AdminSuiteBootstrap_Pages/VT_Bootstrap/IssueTransactions/a_Personal' is clicked on

2024-07-13 00:17:03 - [MESSAGE][PASSED] - Object: 'Object Repository/AdminSuiteBootstrap_Pages/VT_Bootstrap/IssueTransactions/a_Personal' is clicked on

2024-07-13 00:17:03 - [TEST_STEP][PASSED] - adminSuiteBootstrap.debitPersonalsetData.debitPersonal_DataDriven(row, dataFile): adminSuiteBootstrap.debitPersonalsetData.debitPersonal_DataDriven is PASSED

2024-07-13 00:17:06 - [MESSAGE][PASSED] - Text 'Bette' is set on object 'Object Repository/AdminSuiteBootstrap_Pages/VT_Bootstrap/ACHPersonal/input_firstName'

2024-07-13 00:17:07 - [MESSAGE][PASSED] - Text 'Nicka' is set on object 'Object Repository/AdminSuiteBootstrap_Pages/VT_Bootstrap/ACHPersonal/input_lastName'

2024-07-13 00:17:08 - [MESSAGE][PASSED] - Text '6 S 33rd St' is set on object 'Object Repository/AdminSuiteBootstrap_Pages/VT_Bootstrap/ACHPersonal/input_address'

2024-07-13 00:17:08 - [MESSAGE][PASSED] - Text 'apt #2' is set on object 'Object Repository/AdminSuiteBootstrap_Pages/VT_Bootstrap/ACHPersonal/input_address2'

2024-07-13 00:17:09 - [MESSAGE][PASSED] - Text '22201' is set on object 'Object Repository/AdminSuiteBootstrap_Pages/VT_Bootstrap/ACHPersonal/input_zip'

2024-07-13 00:17:10 - [MESSAGE][PASSED] - Text '' is set on object 'Object Repository/AdminSuiteBootstrap_Pages/VT_Bootstrap/ACHPersonal/input_emailAddress'

2024-07-13 00:17:11 - [MESSAGE][PASSED] - Text '' is set on object 'Object Repository/AdminSuiteBootstrap_Pages/VT_Bootstrap/ACHPersonal/input_smsNumber'

2024-07-13 00:17:12 - [MESSAGE][PASSED] - Text '45682003' is set on object 'Object Repository/AdminSuiteBootstrap_Pages/VT_Bootstrap/ACHPersonal/input_accountNumber'

2024-07-13 00:17:13 - [MESSAGE][PASSED] - Text '256072691' is set on object 'Object Repository/AdminSuiteBootstrap_Pages/VT_Bootstrap/ACHPersonal/input_routingNumber'

2024-07-13 00:17:14 - [MESSAGE][PASSED] - All options with label 'Savings' are selected in object 'Object Repository/AdminSuiteBootstrap_Pages/VT_Bootstrap/ACHPersonal/select_AccountType'  using regular expression

2024-07-13 00:17:15 - [MESSAGE][PASSED] - All options with label 'PPD - Prearranged Payment and Deposit Entry' are selected in object 'Object Repository/AdminSuiteBootstrap_Pages/VT_Bootstrap/ACHPersonal/select_STD'  using regular expression

2024-07-13 00:17:16 - [MESSAGE][PASSED] - Text '11.5' is set on object 'Object Repository/AdminSuiteBootstrap_Pages/VT_Bootstrap/ACHPersonal/input_amount'

2024-07-13 00:17:17 - [MESSAGE][PASSED] - Text 'Denmark' is set on object 'Object Repository/AdminSuiteBootstrap_Pages/VT_Bootstrap/ACHPersonal/input_userDefined1'

2024-07-13 00:17:18 - [MESSAGE][PASSED] - Text 'Australia' is set on object 'Object Repository/AdminSuiteBootstrap_Pages/VT_Bootstrap/ACHPersonal/input_userDefined2'

2024-07-13 00:17:18 - [MESSAGE][PASSED] - Text 'Austria' is set on object 'Object Repository/AdminSuiteBootstrap_Pages/VT_Bootstrap/ACHPersonal/input_userDefined3'

2024-07-13 00:17:19 - [MESSAGE][PASSED] - Text 'Sweden' is set on object 'Object Repository/AdminSuiteBootstrap_Pages/VT_Bootstrap/ACHPersonal/input_userDefined4'

2024-07-13 00:17:20 - [MESSAGE][PASSED] - All options with label 'Yellow' are selected in object 'Object Repository/AdminSuiteBootstrap_Pages/VT_Bootstrap/ACHPersonal/select_UDF5'  using regular expression

2024-07-13 00:17:21 - [MESSAGE][PASSED] - All options with label 'Orange' are selected in object 'Object Repository/AdminSuiteBootstrap_Pages/VT_Bootstrap/ACHPersonal/select_UDF6'  using regular expression

2024-07-13 00:17:22 - [MESSAGE][PASSED] - Text 'Netherlands' is set on object 'Object Repository/AdminSuiteBootstrap_Pages/VT_Bootstrap/ACHPersonal/input_userDefined7'

2024-07-13 00:17:22 - [MESSAGE][PASSED] - Text 'Norway' is set on object 'Object Repository/AdminSuiteBootstrap_Pages/VT_Bootstrap/ACHPersonal/input_userDefined8'

2024-07-13 00:17:23 - [MESSAGE][PASSED] - Text 'France' is set on object 'Object Repository/AdminSuiteBootstrap_Pages/VT_Bootstrap/ACHPersonal/input_userDefined9'

2024-07-13 00:17:24 - [MESSAGE][PASSED] - Text 'Switzerland' is set on object 'Object Repository/AdminSuiteBootstrap_Pages/VT_Bootstrap/ACHPersonal/input_userDefined10'

2024-07-13 00:17:25 - [MESSAGE][PASSED] - Object: 'Object Repository/AdminSuiteBootstrap_Pages/VT_Bootstrap/ACHPersonal/button_Submit' is clicked on

2024-07-13 00:17:25 - [MESSAGE][PASSED] - adminSuiteBootstrap.debitPersonalsetData.debitPersonal_DataDriven is PASSED

2024-07-13 00:17:25 - [TEST_STEP][PASSED] - if (verifyTextPresent("Transaction Successful", true)): null

2024-07-13 00:17:26 - [MESSAGE][PASSED] - Text 'Transaction Successful' is present on page  using regular expression

2024-07-13 00:17:26 - [TEST_STEP][PASSED] - sdf = getText(findTestObject(path_Receipt + "td_AutoNoC031622113752957Ahm")): Text of object 'Object Repository/AdminSuiteBootstrap_Pages/VT_Bootstrap/Receipt/td_AutoNoC031622113752957Ahm' is: 'AutoSingle071324000954Ahm'

2024-07-13 00:17:26 - [MESSAGE][PASSED] - Text of object 'Object Repository/AdminSuiteBootstrap_Pages/VT_Bootstrap/Receipt/td_AutoNoC031622113752957Ahm' is: 'AutoSingle071324000954Ahm'

2024-07-13 00:17:26 - [TEST_STEP][PASSED] - out.println("sdf: " + sdf): null

2024-07-13 00:17:26 - [TEST_STEP][PASSED] - remID = sdf: null

2024-07-13 00:17:26 - [TEST_STEP][PASSED] - out.println("remID: " + remID): null

2024-07-13 00:17:26 - [TEST_STEP][PASSED] - click(findTestObject(path_Receipt + "button_Continue")): Object: 'Object Repository/AdminSuiteBootstrap_Pages/VT_Bootstrap/Receipt/button_Continue' is clicked on

2024-07-13 00:17:27 - [MESSAGE][PASSED] - Object: 'Object Repository/AdminSuiteBootstrap_Pages/VT_Bootstrap/Receipt/button_Continue' is clicked on

2024-07-13 00:17:27 - [TEST_STEP][PASSED] - click(findTestObject(path_VT + "a_Search Transactions")): Object: 'Object Repository/AdminSuiteBootstrap_Pages/VT_Bootstrap/IssueTransactions/a_Search Transactions' is clicked on

2024-07-13 00:17:28 - [MESSAGE][PASSED] - Object: 'Object Repository/AdminSuiteBootstrap_Pages/VT_Bootstrap/IssueTransactions/a_Search Transactions' is clicked on

2024-07-13 00:17:28 - [TEST_STEP][PASSED] - setText(findTestObject(path_CCSearch + "input_Search By_searchValue"), remID): Text 'AutoSingle071324000954Ahm' is set on object 'Object Repository/AdminSuiteBootstrap_Pages/VT_Bootstrap/CCCreditOrVoidSearch/input_Search By_searchValue'

2024-07-13 00:17:29 - [MESSAGE][PASSED] - Text 'AutoSingle071324000954Ahm' is set on object 'Object Repository/AdminSuiteBootstrap_Pages/VT_Bootstrap/CCCreditOrVoidSearch/input_Search By_searchValue'

2024-07-13 00:17:29 - [TEST_STEP][PASSED] - click(findTestObject(path_CCSearch + "button_Submit")): Object: 'Object Repository/AdminSuiteBootstrap_Pages/VT_Bootstrap/CCCreditOrVoidSearch/button_Submit' is clicked on

2024-07-13 00:17:29 - [MESSAGE][PASSED] - Object: 'Object Repository/AdminSuiteBootstrap_Pages/VT_Bootstrap/CCCreditOrVoidSearch/button_Submit' is clicked on

2024-07-13 00:17:29 - [TEST_STEP][PASSED] - click(findTestObject(path_SearchResults + "button_PaymentID")): Object: 'Object Repository/AdminSuiteBootstrap_Pages/VT_Bootstrap/SearchResults/button_PaymentID' is clicked on

2024-07-13 00:17:30 - [MESSAGE][PASSED] - Object: 'Object Repository/AdminSuiteBootstrap_Pages/VT_Bootstrap/SearchResults/button_PaymentID' is clicked on

2024-07-13 00:17:30 - [TEST_STEP][PASSED] - verifyTextPresent("Tender Type", true): Text 'Tender Type' is present on page  using regular expression

2024-07-13 00:17:31 - [MESSAGE][PASSED] - Text 'Tender Type' is present on page  using regular expression

2024-07-13 00:17:31 - [TEST_STEP][PASSED] - verifyTextPresent("Transaction Type", true): Text 'Transaction Type' is present on page  using regular expression

2024-07-13 00:17:31 - [MESSAGE][PASSED] - Text 'Transaction Type' is present on page  using regular expression

2024-07-13 00:17:31 - [TEST_STEP][PASSED] - verifyTextPresent("Transaction Posted by", true): Text 'Transaction Posted by' is present on page  using regular expression

2024-07-13 00:17:32 - [MESSAGE][PASSED] - Text 'Transaction Posted by' is present on page  using regular expression

2024-07-13 00:17:32 - [TEST_STEP][PASSED] - verifyTextPresent("iahmed", true): Text 'iahmed' is present on page  using regular expression

2024-07-13 00:17:32 - [MESSAGE][PASSED] - Text 'iahmed' is present on page  using regular expression

2024-07-13 00:17:32 - [TEST_STEP][PASSED] - verifyTextPresent("Debit", true): Text 'Debit' is present on page  using regular expression

2024-07-13 00:17:32 - [MESSAGE][PASSED] - Text 'Debit' is present on page  using regular expression

2024-07-13 00:17:32 - [TEST_STEP][PASSED] - click(findTestObject(path_TranxDetails + "a_Void this transaction")): Object: 'Object Repository/AdminSuiteBootstrap_Pages/VT_Bootstrap/TransactionDetails/a_Void this transaction' is clicked on

2024-07-13 00:17:33 - [MESSAGE][PASSED] - Object: 'Object Repository/AdminSuiteBootstrap_Pages/VT_Bootstrap/TransactionDetails/a_Void this transaction' is clicked on

2024-07-13 00:17:33 - [TEST_STEP][PASSED] - verifyTextPresent("The following transaction will be voided", true): Text 'The following transaction will be voided' is present on page  using regular expression

2024-07-13 00:17:34 - [MESSAGE][PASSED] - Text 'The following transaction will be voided' is present on page  using regular expression

2024-07-13 00:17:34 - [TEST_STEP][PASSED] - verifyTextPresent("Please press submit to continue", true): Text 'Please press submit to continue' is present on page  using regular expression

2024-07-13 00:17:34 - [MESSAGE][PASSED] - Text 'Please press submit to continue' is present on page  using regular expression

2024-07-13 00:17:34 - [TEST_STEP][PASSED] - click(findTestObject(path_TranxDetails + "button_Submit")): Object: 'Object Repository/AdminSuiteBootstrap_Pages/VT_Bootstrap/TransactionDetails/button_Submit' is clicked on

2024-07-13 00:17:35 - [MESSAGE][PASSED] - Object: 'Object Repository/AdminSuiteBootstrap_Pages/VT_Bootstrap/TransactionDetails/button_Submit' is clicked on

2024-07-13 00:17:35 - [TEST_STEP][PASSED] - verifyTextPresent("Transaction Successful", true): Text 'Transaction Successful' is present on page  using regular expression

2024-07-13 00:17:35 - [MESSAGE][PASSED] - Text 'Transaction Successful' is present on page  using regular expression

2024-07-13 00:17:35 - [TEST_STEP][PASSED] - verifyTextPresent("Transaction Type", true): Text 'Transaction Type' is present on page  using regular expression

2024-07-13 00:17:36 - [MESSAGE][PASSED] - Text 'Transaction Type' is present on page  using regular expression

2024-07-13 00:17:36 - [TEST_STEP][PASSED] - verifyTextPresent("Void", true): Text 'Void' is present on page  using regular expression

2024-07-13 00:17:36 - [MESSAGE][PASSED] - Text 'Void' is present on page  using regular expression

2024-07-13 00:17:36 - [TEST_STEP][PASSED] - closeBrowser(): Browser is closed

2024-07-13 00:17:37 - [MESSAGE][PASSED] - Browser is closed

2024-07-13 00:17:37 - [TEST_STEP][PASSED] - ExecuteTC = findTestData(dataFile).getValue("Execute", row): null

2024-07-13 00:17:37 - [TEST_STEP][PASSED] - out.println("Value of Execute is : " + ExecuteTC): null

2024-07-13 00:17:37 - [TEST_STEP][PASSED] - switch (executionProfile): null

2024-07-13 00:17:37 - [TEST_STEP][PASSED] - case "QA2Profile":: null

2024-07-13 00:17:37 - [TEST_STEP][PASSED] - appName = findTestData(dataFile).getValue("AppNameQA", row): null

2024-07-13 00:17:37 - [TEST_STEP][PASSED] - appID = findTestData(dataFile).getValue("AppIDQA", row): null

2024-07-13 00:17:37 - [TEST_STEP][PASSED] - break: null

2024-07-13 00:17:37 - [TEST_STEP][PASSED] - hrefAppID = li_1 + appID + li_2: null

2024-07-13 00:17:37 - [TEST_STEP][PASSED] - hrefApp = li_1 + appID + "/": null

2024-07-13 00:17:37 - [TEST_STEP][PASSED] - println("hrefApp : " + hrefApp): null

2024-07-13 00:17:37 - [TEST_STEP][PASSED] - if (ExecuteTC.equalsIgnoreCase("Y")): Browser is closed

2024-07-13 00:17:37 - [TEST_STEP][PASSED] - out.println("Begin Record Number: " + row): null

2024-07-13 00:17:37 - [TEST_STEP][PASSED] - today = new java.util.Date(): null

2024-07-13 00:17:37 - [TEST_STEP][PASSED] - println(today): null

2024-07-13 00:17:37 - [TEST_STEP][PASSED] - datText = today: null

2024-07-13 00:17:37 - [TEST_STEP][PASSED] - adminSuiteBootstrap.loginFunctionality.login_AdminSuite(): adminSuiteBootstrap.loginFunctionality.login_AdminSuite is PASSED

2024-07-13 00:17:37 - [MESSAGE][INFO] - Starting 'Chrome' driver

2024-07-13 00:17:37 - [MESSAGE][INFO] - User set preference: ['acceptInsecureCerts', 'true']

2024-07-13 00:17:37 - [MESSAGE][INFO] - Action delay is set to 0 milliseconds

2024-07-13 00:17:40 - [MESSAGE][PASSED] - Browser is opened with url: 'https://qa2.velocitypayment.com/admin/imtiaz'

2024-07-13 00:17:40 - [MESSAGE][PASSED] - Current window maximized

2024-07-13 00:17:41 - [MESSAGE][PASSED] - Object 'Object Repository/Login_Page/Login_Username_Okta' is present

2024-07-13 00:17:42 - [MESSAGE][PASSED] - Text 'iahmed' is set on object 'Object Repository/Login_Page/Login_Username_Okta'

2024-07-13 00:17:42 - [MESSAGE][PASSED] - Text 'Hello!6666666' is set on object 'Object Repository/Login_Page/Login_Password_Okta'

2024-07-13 00:17:43 - [MESSAGE][PASSED] - Object: 'Object Repository/Login_Page/Login_Submit_Okta' is clicked on

2024-07-13 00:17:43 - [MESSAGE][PASSED] - adminSuiteBootstrap.loginFunctionality.login_AdminSuite is PASSED

2024-07-13 00:17:43 - [TEST_STEP][PASSED] - click(findTestObject(path_Dashboard + appName)): Object: 'Object Repository/AdminSuiteBootstrap_Pages/Dashboard_Bootstrap/a_Access AutoSingleCFtpQA' is clicked on

2024-07-13 00:17:51 - [MESSAGE][PASSED] - Object: 'Object Repository/AdminSuiteBootstrap_Pages/Dashboard_Bootstrap/a_Access AutoSingleCFtpQA' is clicked on

2024-07-13 00:17:51 - [TEST_STEP][PASSED] - click(findTestObject(path_VT + "button_Debit")): Object: 'Object Repository/AdminSuiteBootstrap_Pages/VT_Bootstrap/IssueTransactions/button_Debit' is clicked on

2024-07-13 00:17:51 - [MESSAGE][PASSED] - Object: 'Object Repository/AdminSuiteBootstrap_Pages/VT_Bootstrap/IssueTransactions/button_Debit' is clicked on

2024-07-13 00:17:51 - [TEST_STEP][PASSED] - click(findTestObject(path_VT + "a_Personal")): Object: 'Object Repository/AdminSuiteBootstrap_Pages/VT_Bootstrap/IssueTransactions/a_Personal' is clicked on

2024-07-13 00:17:52 - [MESSAGE][PASSED] - Object: 'Object Repository/AdminSuiteBootstrap_Pages/VT_Bootstrap/IssueTransactions/a_Personal' is clicked on

2024-07-13 00:17:52 - [TEST_STEP][PASSED] - adminSuiteBootstrap.debitPersonalsetData.debitPersonal_DataDriven(row, dataFile): adminSuiteBootstrap.debitPersonalsetData.debitPersonal_DataDriven is PASSED

2024-07-13 00:17:55 - [MESSAGE][PASSED] - Text 'Alisha' is set on object 'Object Repository/AdminSuiteBootstrap_Pages/VT_Bootstrap/ACHPersonal/input_firstName'

2024-07-13 00:17:56 - [MESSAGE][PASSED] - Text 'Slusarski' is set on object 'Object Repository/AdminSuiteBootstrap_Pages/VT_Bootstrap/ACHPersonal/input_lastName'

2024-07-13 00:17:56 - [MESSAGE][PASSED] - Text '3273 State St' is set on object 'Object Repository/AdminSuiteBootstrap_Pages/VT_Bootstrap/ACHPersonal/input_address'

2024-07-13 00:17:57 - [MESSAGE][PASSED] - Text 'apt #4' is set on object 'Object Repository/AdminSuiteBootstrap_Pages/VT_Bootstrap/ACHPersonal/input_address2'

2024-07-13 00:17:58 - [MESSAGE][PASSED] - Text '22201' is set on object 'Object Repository/AdminSuiteBootstrap_Pages/VT_Bootstrap/ACHPersonal/input_zip'

2024-07-13 00:17:58 - [MESSAGE][PASSED] - Text '' is set on object 'Object Repository/AdminSuiteBootstrap_Pages/VT_Bootstrap/ACHPersonal/input_emailAddress'

2024-07-13 00:18:00 - [MESSAGE][PASSED] - Text '' is set on object 'Object Repository/AdminSuiteBootstrap_Pages/VT_Bootstrap/ACHPersonal/input_smsNumber'

2024-07-13 00:18:01 - [MESSAGE][PASSED] - Text '45682004' is set on object 'Object Repository/AdminSuiteBootstrap_Pages/VT_Bootstrap/ACHPersonal/input_accountNumber'

2024-07-13 00:18:01 - [MESSAGE][PASSED] - Text '256072691' is set on object 'Object Repository/AdminSuiteBootstrap_Pages/VT_Bootstrap/ACHPersonal/input_routingNumber'

2024-07-13 00:18:02 - [MESSAGE][PASSED] - All options with label 'Savings' are selected in object 'Object Repository/AdminSuiteBootstrap_Pages/VT_Bootstrap/ACHPersonal/select_AccountType'  using regular expression

2024-07-13 00:18:04 - [MESSAGE][PASSED] - All options with label 'TEL - Telephone-Initiated Entry' are selected in object 'Object Repository/AdminSuiteBootstrap_Pages/VT_Bootstrap/ACHPersonal/select_STD'  using regular expression

2024-07-13 00:18:04 - [MESSAGE][PASSED] - Text '11.5' is set on object 'Object Repository/AdminSuiteBootstrap_Pages/VT_Bootstrap/ACHPersonal/input_amount'

2024-07-13 00:18:05 - [MESSAGE][PASSED] - Text 'Denmark' is set on object 'Object Repository/AdminSuiteBootstrap_Pages/VT_Bootstrap/ACHPersonal/input_userDefined1'

2024-07-13 00:18:06 - [MESSAGE][PASSED] - Text 'Australia' is set on object 'Object Repository/AdminSuiteBootstrap_Pages/VT_Bootstrap/ACHPersonal/input_userDefined2'

2024-07-13 00:18:07 - [MESSAGE][PASSED] - Text 'Austria' is set on object 'Object Repository/AdminSuiteBootstrap_Pages/VT_Bootstrap/ACHPersonal/input_userDefined3'

2024-07-13 00:18:08 - [MESSAGE][PASSED] - Text 'Sweden' is set on object 'Object Repository/AdminSuiteBootstrap_Pages/VT_Bootstrap/ACHPersonal/input_userDefined4'

2024-07-13 00:18:09 - [MESSAGE][PASSED] - All options with label 'Yellow' are selected in object 'Object Repository/AdminSuiteBootstrap_Pages/VT_Bootstrap/ACHPersonal/select_UDF5'  using regular expression

2024-07-13 00:18:10 - [MESSAGE][PASSED] - All options with label 'Orange' are selected in object 'Object Repository/AdminSuiteBootstrap_Pages/VT_Bootstrap/ACHPersonal/select_UDF6'  using regular expression

2024-07-13 00:18:10 - [MESSAGE][PASSED] - Text 'Netherlands' is set on object 'Object Repository/AdminSuiteBootstrap_Pages/VT_Bootstrap/ACHPersonal/input_userDefined7'

2024-07-13 00:18:11 - [MESSAGE][PASSED] - Text 'Norway' is set on object 'Object Repository/AdminSuiteBootstrap_Pages/VT_Bootstrap/ACHPersonal/input_userDefined8'

2024-07-13 00:18:12 - [MESSAGE][PASSED] - Text 'France' is set on object 'Object Repository/AdminSuiteBootstrap_Pages/VT_Bootstrap/ACHPersonal/input_userDefined9'

2024-07-13 00:18:12 - [MESSAGE][PASSED] - Text 'Switzerland' is set on object 'Object Repository/AdminSuiteBootstrap_Pages/VT_Bootstrap/ACHPersonal/input_userDefined10'

2024-07-13 00:18:14 - [MESSAGE][PASSED] - Object: 'Object Repository/AdminSuiteBootstrap_Pages/VT_Bootstrap/ACHPersonal/button_Submit' is clicked on

2024-07-13 00:18:14 - [MESSAGE][PASSED] - adminSuiteBootstrap.debitPersonalsetData.debitPersonal_DataDriven is PASSED

2024-07-13 00:18:14 - [TEST_STEP][PASSED] - if (verifyTextPresent("Transaction Successful", true)): null

2024-07-13 00:18:14 - [MESSAGE][PASSED] - Text 'Transaction Successful' is present on page  using regular expression

2024-07-13 00:18:14 - [TEST_STEP][PASSED] - sdf = getText(findTestObject(path_Receipt + "td_AutoNoC031622113752957Ahm")): Text of object 'Object Repository/AdminSuiteBootstrap_Pages/VT_Bootstrap/Receipt/td_AutoNoC031622113752957Ahm' is: 'AutoSingle071324001043Ahm'

2024-07-13 00:18:14 - [MESSAGE][PASSED] - Text of object 'Object Repository/AdminSuiteBootstrap_Pages/VT_Bootstrap/Receipt/td_AutoNoC031622113752957Ahm' is: 'AutoSingle071324001043Ahm'

2024-07-13 00:18:14 - [TEST_STEP][PASSED] - out.println("sdf: " + sdf): null

2024-07-13 00:18:14 - [TEST_STEP][PASSED] - remID = sdf: null

2024-07-13 00:18:14 - [TEST_STEP][PASSED] - out.println("remID: " + remID): null

2024-07-13 00:18:14 - [TEST_STEP][PASSED] - click(findTestObject(path_Receipt + "button_Continue")): Object: 'Object Repository/AdminSuiteBootstrap_Pages/VT_Bootstrap/Receipt/button_Continue' is clicked on

2024-07-13 00:18:15 - [MESSAGE][PASSED] - Object: 'Object Repository/AdminSuiteBootstrap_Pages/VT_Bootstrap/Receipt/button_Continue' is clicked on

2024-07-13 00:18:15 - [TEST_STEP][PASSED] - click(findTestObject(path_VT + "a_Search Transactions")): Object: 'Object Repository/AdminSuiteBootstrap_Pages/VT_Bootstrap/IssueTransactions/a_Search Transactions' is clicked on

2024-07-13 00:18:17 - [MESSAGE][PASSED] - Object: 'Object Repository/AdminSuiteBootstrap_Pages/VT_Bootstrap/IssueTransactions/a_Search Transactions' is clicked on

2024-07-13 00:18:17 - [TEST_STEP][PASSED] - setText(findTestObject(path_CCSearch + "input_Search By_searchValue"), remID): Text 'AutoSingle071324001043Ahm' is set on object 'Object Repository/AdminSuiteBootstrap_Pages/VT_Bootstrap/CCCreditOrVoidSearch/input_Search By_searchValue'

2024-07-13 00:18:18 - [MESSAGE][PASSED] - Text 'AutoSingle071324001043Ahm' is set on object 'Object Repository/AdminSuiteBootstrap_Pages/VT_Bootstrap/CCCreditOrVoidSearch/input_Search By_searchValue'

2024-07-13 00:18:18 - [TEST_STEP][PASSED] - click(findTestObject(path_CCSearch + "button_Submit")): Object: 'Object Repository/AdminSuiteBootstrap_Pages/VT_Bootstrap/CCCreditOrVoidSearch/button_Submit' is clicked on

2024-07-13 00:18:18 - [MESSAGE][PASSED] - Object: 'Object Repository/AdminSuiteBootstrap_Pages/VT_Bootstrap/CCCreditOrVoidSearch/button_Submit' is clicked on

2024-07-13 00:18:18 - [TEST_STEP][PASSED] - click(findTestObject(path_SearchResults + "button_PaymentID")): Object: 'Object Repository/AdminSuiteBootstrap_Pages/VT_Bootstrap/SearchResults/button_PaymentID' is clicked on

2024-07-13 00:18:19 - [MESSAGE][PASSED] - Object: 'Object Repository/AdminSuiteBootstrap_Pages/VT_Bootstrap/SearchResults/button_PaymentID' is clicked on

2024-07-13 00:18:19 - [TEST_STEP][PASSED] - verifyTextPresent("Tender Type", true): Text 'Tender Type' is present on page  using regular expression

2024-07-13 00:18:20 - [MESSAGE][PASSED] - Text 'Tender Type' is present on page  using regular expression

2024-07-13 00:18:20 - [TEST_STEP][PASSED] - verifyTextPresent("Transaction Type", true): Text 'Transaction Type' is present on page  using regular expression

2024-07-13 00:18:20 - [MESSAGE][PASSED] - Text 'Transaction Type' is present on page  using regular expression

2024-07-13 00:18:20 - [TEST_STEP][PASSED] - verifyTextPresent("Transaction Posted by", true): Text 'Transaction Posted by' is present on page  using regular expression

2024-07-13 00:18:21 - [MESSAGE][PASSED] - Text 'Transaction Posted by' is present on page  using regular expression

2024-07-13 00:18:21 - [TEST_STEP][PASSED] - verifyTextPresent("iahmed", true): Text 'iahmed' is present on page  using regular expression

2024-07-13 00:18:21 - [MESSAGE][PASSED] - Text 'iahmed' is present on page  using regular expression

2024-07-13 00:18:21 - [TEST_STEP][PASSED] - verifyTextPresent("Debit", true): Text 'Debit' is present on page  using regular expression

2024-07-13 00:18:21 - [MESSAGE][PASSED] - Text 'Debit' is present on page  using regular expression

2024-07-13 00:18:21 - [TEST_STEP][PASSED] - click(findTestObject(path_TranxDetails + "a_Void this transaction")): Object: 'Object Repository/AdminSuiteBootstrap_Pages/VT_Bootstrap/TransactionDetails/a_Void this transaction' is clicked on

2024-07-13 00:18:22 - [MESSAGE][PASSED] - Object: 'Object Repository/AdminSuiteBootstrap_Pages/VT_Bootstrap/TransactionDetails/a_Void this transaction' is clicked on

2024-07-13 00:18:22 - [TEST_STEP][PASSED] - verifyTextPresent("The following transaction will be voided", true): Text 'The following transaction will be voided' is present on page  using regular expression

2024-07-13 00:18:23 - [MESSAGE][PASSED] - Text 'The following transaction will be voided' is present on page  using regular expression

2024-07-13 00:18:23 - [TEST_STEP][PASSED] - verifyTextPresent("Please press submit to continue", true): Text 'Please press submit to continue' is present on page  using regular expression

2024-07-13 00:18:23 - [MESSAGE][PASSED] - Text 'Please press submit to continue' is present on page  using regular expression

2024-07-13 00:18:23 - [TEST_STEP][PASSED] - click(findTestObject(path_TranxDetails + "button_Submit")): Object: 'Object Repository/AdminSuiteBootstrap_Pages/VT_Bootstrap/TransactionDetails/button_Submit' is clicked on

2024-07-13 00:18:24 - [MESSAGE][PASSED] - Object: 'Object Repository/AdminSuiteBootstrap_Pages/VT_Bootstrap/TransactionDetails/button_Submit' is clicked on

2024-07-13 00:18:24 - [TEST_STEP][PASSED] - verifyTextPresent("Transaction Successful", true): Text 'Transaction Successful' is present on page  using regular expression

2024-07-13 00:18:25 - [MESSAGE][PASSED] - Text 'Transaction Successful' is present on page  using regular expression

2024-07-13 00:18:25 - [TEST_STEP][PASSED] - verifyTextPresent("Transaction Type", true): Text 'Transaction Type' is present on page  using regular expression

2024-07-13 00:18:25 - [MESSAGE][PASSED] - Text 'Transaction Type' is present on page  using regular expression

2024-07-13 00:18:25 - [TEST_STEP][PASSED] - verifyTextPresent("Void", true): Text 'Void' is present on page  using regular expression

2024-07-13 00:18:25 - [MESSAGE][PASSED] - Text 'Void' is present on page  using regular expression

2024-07-13 00:18:25 - [TEST_STEP][PASSED] - closeBrowser(): Browser is closed

2024-07-13 00:18:26 - [MESSAGE][PASSED] - Browser is closed]]></system-out>
         <system-err><![CDATA[]]></system-err>
      </testcase>
      <testcase name="Test Cases/Admin Suite Bootstrap/VT_ACH_TestCases/DebitPersonal_TP_DualCF_Generic_Payment_TC" time="225.522" classname="Test Cases/Admin Suite Bootstrap/VT_ACH_TestCases/DebitPersonal_TP_DualCF_Generic_Payment_TC" status="PASSED">
         <system-out><![CDATA[2024-07-13 00:18:26 - [TEST_CASE][PASSED] - Test Cases/Admin Suite Bootstrap/VT_ACH_TestCases/DebitPersonal_TP_DualCF_Generic_Payment_TC: Test Cases/Admin Suite Bootstrap/VT_ACH_TestCases/DebitPersonal_TP_DualCF_Generic_Payment_TC

2024-07-13 00:18:27 - [TEST_STEP][PASSED] - path_Dashboard = "Object Repository/AdminSuiteBootstrap_Pages/Dashboard_Bootstrap/": null

2024-07-13 00:18:27 - [TEST_STEP][PASSED] - path_VT = "Object Repository/AdminSuiteBootstrap_Pages/VT_Bootstrap/IssueTransactions/": null

2024-07-13 00:18:27 - [TEST_STEP][PASSED] - li_1 = vpos_Prefix: null

2024-07-13 00:18:27 - [TEST_STEP][PASSED] - li_2 = "/transactions/AuthCapForm/": null

2024-07-13 00:18:27 - [TEST_STEP][PASSED] - executionProfile = getExecutionProfile(): null

2024-07-13 00:18:27 - [TEST_STEP][PASSED] - out.println("executionProfile : " + executionProfile): null

2024-07-13 00:18:27 - [TEST_STEP][PASSED] - appName = <not implemented yet for class: org.codehaus.groovy.ast.expr.EmptyExpression>: null

2024-07-13 00:18:27 - [TEST_STEP][PASSED] - appID = <not implemented yet for class: org.codehaus.groovy.ast.expr.EmptyExpression>: null

2024-07-13 00:18:27 - [TEST_STEP][PASSED] - cardNameV = <not implemented yet for class: org.codehaus.groovy.ast.expr.EmptyExpression>: null

2024-07-13 00:18:27 - [TEST_STEP][PASSED] - al1V = <not implemented yet for class: org.codehaus.groovy.ast.expr.EmptyExpression>: null

2024-07-13 00:18:27 - [TEST_STEP][PASSED] - al2V = <not implemented yet for class: org.codehaus.groovy.ast.expr.EmptyExpression>: null

2024-07-13 00:18:27 - [TEST_STEP][PASSED] - zipV = <not implemented yet for class: org.codehaus.groovy.ast.expr.EmptyExpression>: null

2024-07-13 00:18:27 - [TEST_STEP][PASSED] - accType = <not implemented yet for class: org.codehaus.groovy.ast.expr.EmptyExpression>: null

2024-07-13 00:18:27 - [TEST_STEP][PASSED] - last4V = <not implemented yet for class: org.codehaus.groovy.ast.expr.EmptyExpression>: null

2024-07-13 00:18:27 - [TEST_STEP][PASSED] - resText = "Fail": null

2024-07-13 00:18:27 - [TEST_STEP][PASSED] - resColumn = "Result": null

2024-07-13 00:18:27 - [TEST_STEP][PASSED] - datCloumn = "Date": null

2024-07-13 00:18:27 - [TEST_STEP][PASSED] - fileLoc = "C:\KatalonData\Bootstrap\VT-ACH-Data.xlsx": null

2024-07-13 00:18:27 - [TEST_STEP][PASSED] - numOfRows = <not implemented yet for class: org.codehaus.groovy.ast.expr.EmptyExpression>: null

2024-07-13 00:18:27 - [TEST_STEP][PASSED] - dataFile = <not implemented yet for class: org.codehaus.groovy.ast.expr.EmptyExpression>: null

2024-07-13 00:18:27 - [TEST_STEP][PASSED] - nameSheet = <not implemented yet for class: org.codehaus.groovy.ast.expr.EmptyExpression>: null

2024-07-13 00:18:27 - [TEST_STEP][PASSED] - nameSheet = "VT-ACHPersonal-DualCF-Generic": null

2024-07-13 00:18:27 - [TEST_STEP][PASSED] - numOfRows = findTestData("QA/Bootstrap/VT-ACH-TestData/VT-DebitData-DualCF-Generic").getRowNumbers(): null

2024-07-13 00:18:27 - [TEST_STEP][PASSED] - println("Number of Records: " + numOfRows): null

2024-07-13 00:18:27 - [TEST_STEP][PASSED] - dataFile = "QA/Bootstrap/VT-ACH-TestData/VT-DebitData-DualCF-Generic": null

2024-07-13 00:18:27 - [TEST_STEP][PASSED] - for ([row = 1, row <= numOfRows, (row++)]): Browser is closed

2024-07-13 00:18:27 - [TEST_STEP][PASSED] - ExecuteTC = findTestData(dataFile).getValue("Execute", row): null

2024-07-13 00:18:27 - [TEST_STEP][PASSED] - out.println("Value of Execute is : " + ExecuteTC): null

2024-07-13 00:18:27 - [TEST_STEP][PASSED] - switch (executionProfile): null

2024-07-13 00:18:27 - [TEST_STEP][PASSED] - case "QA2Profile":: null

2024-07-13 00:18:27 - [TEST_STEP][PASSED] - appName = findTestData(dataFile).getValue("AppNameQA", row): null

2024-07-13 00:18:27 - [TEST_STEP][PASSED] - appID = findTestData(dataFile).getValue("AppIDQA", row): null

2024-07-13 00:18:27 - [TEST_STEP][PASSED] - break: null

2024-07-13 00:18:27 - [TEST_STEP][PASSED] - hrefAppID = li_1 + appID + li_2: null

2024-07-13 00:18:27 - [TEST_STEP][PASSED] - hrefApp = li_1 + appID + "/": null

2024-07-13 00:18:27 - [TEST_STEP][PASSED] - println("hrefApp : " + hrefApp): null

2024-07-13 00:18:27 - [TEST_STEP][PASSED] - if (ExecuteTC.equalsIgnoreCase("Y")): Browser is closed

2024-07-13 00:18:27 - [TEST_STEP][PASSED] - out.println("Begin Record Number: " + row): null

2024-07-13 00:18:27 - [TEST_STEP][PASSED] - today = new java.util.Date(): null

2024-07-13 00:18:27 - [TEST_STEP][PASSED] - println(today): null

2024-07-13 00:18:27 - [TEST_STEP][PASSED] - datText = today: null

2024-07-13 00:18:27 - [TEST_STEP][PASSED] - adminSuiteBootstrap.loginFunctionality.login_AdminSuite(): adminSuiteBootstrap.loginFunctionality.login_AdminSuite is PASSED

2024-07-13 00:18:27 - [MESSAGE][INFO] - Starting 'Chrome' driver

2024-07-13 00:18:27 - [MESSAGE][INFO] - User set preference: ['acceptInsecureCerts', 'true']

2024-07-13 00:18:27 - [MESSAGE][INFO] - Action delay is set to 0 milliseconds

2024-07-13 00:18:29 - [MESSAGE][PASSED] - Browser is opened with url: 'https://qa2.velocitypayment.com/admin/imtiaz'

2024-07-13 00:18:30 - [MESSAGE][PASSED] - Current window maximized

2024-07-13 00:18:31 - [MESSAGE][PASSED] - Object 'Object Repository/Login_Page/Login_Username_Okta' is present

2024-07-13 00:18:31 - [MESSAGE][PASSED] - Text 'iahmed' is set on object 'Object Repository/Login_Page/Login_Username_Okta'

2024-07-13 00:18:32 - [MESSAGE][PASSED] - Text 'Hello!6666666' is set on object 'Object Repository/Login_Page/Login_Password_Okta'

2024-07-13 00:18:33 - [MESSAGE][PASSED] - Object: 'Object Repository/Login_Page/Login_Submit_Okta' is clicked on

2024-07-13 00:18:33 - [MESSAGE][PASSED] - adminSuiteBootstrap.loginFunctionality.login_AdminSuite is PASSED

2024-07-13 00:18:33 - [TEST_STEP][PASSED] - click(findTestObject(path_Dashboard + appName)): Object: 'Object Repository/AdminSuiteBootstrap_Pages/Dashboard_Bootstrap/a_Access AutoDualCFtpQA' is clicked on

2024-07-13 00:18:41 - [MESSAGE][PASSED] - Object: 'Object Repository/AdminSuiteBootstrap_Pages/Dashboard_Bootstrap/a_Access AutoDualCFtpQA' is clicked on

2024-07-13 00:18:41 - [TEST_STEP][PASSED] - click(findTestObject(path_VT + "button_Debit")): Object: 'Object Repository/AdminSuiteBootstrap_Pages/VT_Bootstrap/IssueTransactions/button_Debit' is clicked on

2024-07-13 00:18:41 - [MESSAGE][PASSED] - Object: 'Object Repository/AdminSuiteBootstrap_Pages/VT_Bootstrap/IssueTransactions/button_Debit' is clicked on

2024-07-13 00:18:41 - [TEST_STEP][PASSED] - click(findTestObject(path_VT + "a_Personal")): Object: 'Object Repository/AdminSuiteBootstrap_Pages/VT_Bootstrap/IssueTransactions/a_Personal' is clicked on

2024-07-13 00:18:42 - [MESSAGE][PASSED] - Object: 'Object Repository/AdminSuiteBootstrap_Pages/VT_Bootstrap/IssueTransactions/a_Personal' is clicked on

2024-07-13 00:18:42 - [TEST_STEP][PASSED] - adminSuiteBootstrap.debitPersonalsetData.debitPersonal_DataDriven(row, dataFile): adminSuiteBootstrap.debitPersonalsetData.debitPersonal_DataDriven is PASSED

2024-07-13 00:18:45 - [MESSAGE][PASSED] - Text 'John' is set on object 'Object Repository/AdminSuiteBootstrap_Pages/VT_Bootstrap/ACHPersonal/input_firstName'

2024-07-13 00:18:46 - [MESSAGE][PASSED] - Text 'Gordonas' is set on object 'Object Repository/AdminSuiteBootstrap_Pages/VT_Bootstrap/ACHPersonal/input_lastName'

2024-07-13 00:18:46 - [MESSAGE][PASSED] - Text '133 Meadow Ln' is set on object 'Object Repository/AdminSuiteBootstrap_Pages/VT_Bootstrap/ACHPersonal/input_address'

2024-07-13 00:18:47 - [MESSAGE][PASSED] - Text 'apt #123' is set on object 'Object Repository/AdminSuiteBootstrap_Pages/VT_Bootstrap/ACHPersonal/input_address2'

2024-07-13 00:18:48 - [MESSAGE][PASSED] - Text '22201' is set on object 'Object Repository/AdminSuiteBootstrap_Pages/VT_Bootstrap/ACHPersonal/input_zip'

2024-07-13 00:18:49 - [MESSAGE][PASSED] - Text '' is set on object 'Object Repository/AdminSuiteBootstrap_Pages/VT_Bootstrap/ACHPersonal/input_emailAddress'

2024-07-13 00:18:50 - [MESSAGE][PASSED] - Text '' is set on object 'Object Repository/AdminSuiteBootstrap_Pages/VT_Bootstrap/ACHPersonal/input_smsNumber'

2024-07-13 00:18:51 - [MESSAGE][PASSED] - Text '45671001' is set on object 'Object Repository/AdminSuiteBootstrap_Pages/VT_Bootstrap/ACHPersonal/input_accountNumber'

2024-07-13 00:18:52 - [MESSAGE][PASSED] - Text '256072691' is set on object 'Object Repository/AdminSuiteBootstrap_Pages/VT_Bootstrap/ACHPersonal/input_routingNumber'

2024-07-13 00:18:53 - [MESSAGE][PASSED] - All options with label 'Checking' are selected in object 'Object Repository/AdminSuiteBootstrap_Pages/VT_Bootstrap/ACHPersonal/select_AccountType'  using regular expression

2024-07-13 00:18:53 - [MESSAGE][PASSED] - All options with label 'PPD - Prearranged Payment and Deposit Entry' are selected in object 'Object Repository/AdminSuiteBootstrap_Pages/VT_Bootstrap/ACHPersonal/select_STD'  using regular expression

2024-07-13 00:18:54 - [MESSAGE][PASSED] - Text '11.5' is set on object 'Object Repository/AdminSuiteBootstrap_Pages/VT_Bootstrap/ACHPersonal/input_amount'

2024-07-13 00:18:56 - [MESSAGE][PASSED] - Text 'Denmark' is set on object 'Object Repository/AdminSuiteBootstrap_Pages/VT_Bootstrap/ACHPersonal/input_userDefined1'

2024-07-13 00:18:56 - [MESSAGE][PASSED] - Text 'Australia' is set on object 'Object Repository/AdminSuiteBootstrap_Pages/VT_Bootstrap/ACHPersonal/input_userDefined2'

2024-07-13 00:18:57 - [MESSAGE][PASSED] - Text 'Austria' is set on object 'Object Repository/AdminSuiteBootstrap_Pages/VT_Bootstrap/ACHPersonal/input_userDefined3'

2024-07-13 00:18:58 - [MESSAGE][PASSED] - Text 'Sweden' is set on object 'Object Repository/AdminSuiteBootstrap_Pages/VT_Bootstrap/ACHPersonal/input_userDefined4'

2024-07-13 00:18:59 - [MESSAGE][PASSED] - All options with label 'Yellow' are selected in object 'Object Repository/AdminSuiteBootstrap_Pages/VT_Bootstrap/ACHPersonal/select_UDF5'  using regular expression

2024-07-13 00:19:00 - [MESSAGE][PASSED] - All options with label 'Orange' are selected in object 'Object Repository/AdminSuiteBootstrap_Pages/VT_Bootstrap/ACHPersonal/select_UDF6'  using regular expression

2024-07-13 00:19:01 - [MESSAGE][PASSED] - Text 'Netherlands' is set on object 'Object Repository/AdminSuiteBootstrap_Pages/VT_Bootstrap/ACHPersonal/input_userDefined7'

2024-07-13 00:19:01 - [MESSAGE][PASSED] - Text 'Norway' is set on object 'Object Repository/AdminSuiteBootstrap_Pages/VT_Bootstrap/ACHPersonal/input_userDefined8'

2024-07-13 00:19:02 - [MESSAGE][PASSED] - Text 'France' is set on object 'Object Repository/AdminSuiteBootstrap_Pages/VT_Bootstrap/ACHPersonal/input_userDefined9'

2024-07-13 00:19:03 - [MESSAGE][PASSED] - Text 'Switzerland' is set on object 'Object Repository/AdminSuiteBootstrap_Pages/VT_Bootstrap/ACHPersonal/input_userDefined10'

2024-07-13 00:19:04 - [MESSAGE][PASSED] - Object: 'Object Repository/AdminSuiteBootstrap_Pages/VT_Bootstrap/ACHPersonal/button_Submit' is clicked on

2024-07-13 00:19:04 - [MESSAGE][PASSED] - adminSuiteBootstrap.debitPersonalsetData.debitPersonal_DataDriven is PASSED

2024-07-13 00:19:04 - [TEST_STEP][PASSED] - verifyTextPresent("Transaction Successful", true): Text 'Transaction Successful' is present on page  using regular expression

2024-07-13 00:19:05 - [MESSAGE][PASSED] - Text 'Transaction Successful' is present on page  using regular expression

2024-07-13 00:19:05 - [TEST_STEP][PASSED] - verifyTextPresent("Remittance ID", true): Text 'Remittance ID' is present on page  using regular expression

2024-07-13 00:19:05 - [MESSAGE][PASSED] - Text 'Remittance ID' is present on page  using regular expression

2024-07-13 00:19:05 - [TEST_STEP][PASSED] - verifyTextPresent("Received", true): Text 'Received' is present on page  using regular expression

2024-07-13 00:19:06 - [MESSAGE][PASSED] - Text 'Received' is present on page  using regular expression

2024-07-13 00:19:06 - [TEST_STEP][PASSED] - verifyTextPresent("UDF1", true): Text 'UDF1' is present on page  using regular expression

2024-07-13 00:19:06 - [MESSAGE][PASSED] - Text 'UDF1' is present on page  using regular expression

2024-07-13 00:19:06 - [TEST_STEP][PASSED] - verifyTextPresent("UDF2", true): Text 'UDF2' is present on page  using regular expression

2024-07-13 00:19:06 - [MESSAGE][PASSED] - Text 'UDF2' is present on page  using regular expression

2024-07-13 00:19:06 - [TEST_STEP][PASSED] - verifyTextPresent("UDF3", true): Text 'UDF3' is present on page  using regular expression

2024-07-13 00:19:07 - [MESSAGE][PASSED] - Text 'UDF3' is present on page  using regular expression

2024-07-13 00:19:07 - [TEST_STEP][PASSED] - verifyTextPresent("UDF4", true): Text 'UDF4' is present on page  using regular expression

2024-07-13 00:19:07 - [MESSAGE][PASSED] - Text 'UDF4' is present on page  using regular expression

2024-07-13 00:19:07 - [TEST_STEP][PASSED] - verifyTextPresent("UDF5", true): Text 'UDF5' is present on page  using regular expression

2024-07-13 00:19:07 - [MESSAGE][PASSED] - Text 'UDF5' is present on page  using regular expression

2024-07-13 00:19:07 - [TEST_STEP][PASSED] - verifyTextPresent("UDF6", true): Text 'UDF6' is present on page  using regular expression

2024-07-13 00:19:08 - [MESSAGE][PASSED] - Text 'UDF6' is present on page  using regular expression

2024-07-13 00:19:08 - [TEST_STEP][PASSED] - verifyTextPresent("UDF7", true): Text 'UDF7' is present on page  using regular expression

2024-07-13 00:19:08 - [MESSAGE][PASSED] - Text 'UDF7' is present on page  using regular expression

2024-07-13 00:19:08 - [TEST_STEP][PASSED] - verifyTextPresent("UDF8", true): Text 'UDF8' is present on page  using regular expression

2024-07-13 00:19:08 - [MESSAGE][PASSED] - Text 'UDF8' is present on page  using regular expression

2024-07-13 00:19:08 - [TEST_STEP][PASSED] - verifyTextPresent("UDF9", true): Text 'UDF9' is present on page  using regular expression

2024-07-13 00:19:09 - [MESSAGE][PASSED] - Text 'UDF9' is present on page  using regular expression

2024-07-13 00:19:09 - [TEST_STEP][PASSED] - verifyTextPresent("UDF 10", true): Text 'UDF 10' is present on page  using regular expression

2024-07-13 00:19:09 - [MESSAGE][PASSED] - Text 'UDF 10' is present on page  using regular expression

2024-07-13 00:19:09 - [TEST_STEP][PASSED] - verifyTextPresent("Australia", true): Text 'Australia' is present on page  using regular expression

2024-07-13 00:19:09 - [MESSAGE][PASSED] - Text 'Australia' is present on page  using regular expression

2024-07-13 00:19:09 - [TEST_STEP][PASSED] - verifyTextPresent("Denmark", true): Text 'Denmark' is present on page  using regular expression

2024-07-13 00:19:10 - [MESSAGE][PASSED] - Text 'Denmark' is present on page  using regular expression

2024-07-13 00:19:10 - [TEST_STEP][PASSED] - verifyTextPresent("Sweden", true): Text 'Sweden' is present on page  using regular expression

2024-07-13 00:19:10 - [MESSAGE][PASSED] - Text 'Sweden' is present on page  using regular expression

2024-07-13 00:19:10 - [TEST_STEP][PASSED] - verifyTextPresent("Austria", true): Text 'Austria' is present on page  using regular expression

2024-07-13 00:19:10 - [MESSAGE][PASSED] - Text 'Austria' is present on page  using regular expression

2024-07-13 00:19:10 - [TEST_STEP][PASSED] - verifyTextPresent("Orange Recorded", true): Text 'Orange Recorded' is present on page  using regular expression

2024-07-13 00:19:11 - [MESSAGE][PASSED] - Text 'Orange Recorded' is present on page  using regular expression

2024-07-13 00:19:11 - [TEST_STEP][PASSED] - verifyTextPresent("Yellow Recorded", true): Text 'Yellow Recorded' is present on page  using regular expression

2024-07-13 00:19:11 - [MESSAGE][PASSED] - Text 'Yellow Recorded' is present on page  using regular expression

2024-07-13 00:19:11 - [TEST_STEP][PASSED] - verifyTextPresent("Norway", true): Text 'Norway' is present on page  using regular expression

2024-07-13 00:19:11 - [MESSAGE][PASSED] - Text 'Norway' is present on page  using regular expression

2024-07-13 00:19:11 - [TEST_STEP][PASSED] - verifyTextPresent("Netherlands", true): Text 'Netherlands' is present on page  using regular expression

2024-07-13 00:19:12 - [MESSAGE][PASSED] - Text 'Netherlands' is present on page  using regular expression

2024-07-13 00:19:12 - [TEST_STEP][PASSED] - verifyTextPresent("Switzerland", true): Text 'Switzerland' is present on page  using regular expression

2024-07-13 00:19:12 - [MESSAGE][PASSED] - Text 'Switzerland' is present on page  using regular expression

2024-07-13 00:19:12 - [TEST_STEP][PASSED] - verifyTextPresent("France", true): Text 'France' is present on page  using regular expression

2024-07-13 00:19:12 - [MESSAGE][PASSED] - Text 'France' is present on page  using regular expression

2024-07-13 00:19:12 - [TEST_STEP][PASSED] - verifyTextPresent("Amount", true): Text 'Amount' is present on page  using regular expression

2024-07-13 00:19:13 - [MESSAGE][PASSED] - Text 'Amount' is present on page  using regular expression

2024-07-13 00:19:13 - [TEST_STEP][PASSED] - verifyTextPresent("Service Fee", true): Text 'Service Fee' is present on page  using regular expression

2024-07-13 00:19:13 - [MESSAGE][PASSED] - Text 'Service Fee' is present on page  using regular expression

2024-07-13 00:19:13 - [TEST_STEP][PASSED] - verifyTextPresent("Service Fee Type", true): Text 'Service Fee Type' is present on page  using regular expression

2024-07-13 00:19:13 - [MESSAGE][PASSED] - Text 'Service Fee Type' is present on page  using regular expression

2024-07-13 00:19:13 - [TEST_STEP][PASSED] - verifyTextPresent("Total Amount", true): Text 'Total Amount' is present on page  using regular expression

2024-07-13 00:19:14 - [MESSAGE][PASSED] - Text 'Total Amount' is present on page  using regular expression

2024-07-13 00:19:14 - [TEST_STEP][PASSED] - verifyTextPresent("Transaction Type", true): Text 'Transaction Type' is present on page  using regular expression

2024-07-13 00:19:14 - [MESSAGE][PASSED] - Text 'Transaction Type' is present on page  using regular expression

2024-07-13 00:19:14 - [TEST_STEP][PASSED] - verifyTextPresent("11.50", true): Text '11.50' is present on page  using regular expression

2024-07-13 00:19:14 - [MESSAGE][PASSED] - Text '11.50' is present on page  using regular expression

2024-07-13 00:19:14 - [TEST_STEP][PASSED] - verifyTextPresent("5.00", true): Text '5.00' is present on page  using regular expression

2024-07-13 00:19:15 - [MESSAGE][PASSED] - Text '5.00' is present on page  using regular expression

2024-07-13 00:19:15 - [TEST_STEP][PASSED] - verifyTextPresent("Dual Transaction", true): Text 'Dual Transaction' is present on page  using regular expression

2024-07-13 00:19:15 - [MESSAGE][PASSED] - Text 'Dual Transaction' is present on page  using regular expression

2024-07-13 00:19:15 - [TEST_STEP][PASSED] - verifyTextPresent("16.50", true): Text '16.50' is present on page  using regular expression

2024-07-13 00:19:15 - [MESSAGE][PASSED] - Text '16.50' is present on page  using regular expression

2024-07-13 00:19:15 - [TEST_STEP][PASSED] - verifyTextPresent("Debit", true): Text 'Debit' is present on page  using regular expression

2024-07-13 00:19:16 - [MESSAGE][PASSED] - Text 'Debit' is present on page  using regular expression

2024-07-13 00:19:16 - [TEST_STEP][PASSED] - verifyTextPresent("Check Information", true): Text 'Check Information' is present on page  using regular expression

2024-07-13 00:19:16 - [MESSAGE][PASSED] - Text 'Check Information' is present on page  using regular expression

2024-07-13 00:19:16 - [TEST_STEP][PASSED] - verifyTextPresent("Account Type", true): Text 'Account Type' is present on page  using regular expression

2024-07-13 00:19:16 - [MESSAGE][PASSED] - Text 'Account Type' is present on page  using regular expression

2024-07-13 00:19:16 - [TEST_STEP][PASSED] - verifyTextPresent("Account Number", true): Text 'Account Number' is present on page  using regular expression

2024-07-13 00:19:17 - [MESSAGE][PASSED] - Text 'Account Number' is present on page  using regular expression

2024-07-13 00:19:17 - [TEST_STEP][PASSED] - verifyTextPresent("Routing Number", true): Text 'Routing Number' is present on page  using regular expression

2024-07-13 00:19:17 - [MESSAGE][PASSED] - Text 'Routing Number' is present on page  using regular expression

2024-07-13 00:19:17 - [TEST_STEP][PASSED] - verifyTextPresent("2691", true): Text '2691' is present on page  using regular expression

2024-07-13 00:19:17 - [MESSAGE][PASSED] - Text '2691' is present on page  using regular expression

2024-07-13 00:19:17 - [TEST_STEP][PASSED] - cardNameV = findTestData(dataFile).getValue("NameV", row): null

2024-07-13 00:19:17 - [TEST_STEP][PASSED] - al1V = findTestData(dataFile).getValue("AL1", row): null

2024-07-13 00:19:17 - [TEST_STEP][PASSED] - al2V = findTestData(dataFile).getValue("AL2", row): null

2024-07-13 00:19:18 - [TEST_STEP][PASSED] - last4V = findTestData(dataFile).getValue("Last4", row): null

2024-07-13 00:19:18 - [TEST_STEP][PASSED] - accType = findTestData(dataFile).getValue("AccountType", row): null

2024-07-13 00:19:18 - [TEST_STEP][PASSED] - verifyTextPresent(cardNameV, true): Text 'JOHN GORDONAS' is present on page  using regular expression

2024-07-13 00:19:18 - [MESSAGE][PASSED] - Text 'JOHN GORDONAS' is present on page  using regular expression

2024-07-13 00:19:18 - [TEST_STEP][PASSED] - verifyTextPresent("Address Line 1", true): Text 'Address Line 1' is present on page  using regular expression

2024-07-13 00:19:18 - [MESSAGE][PASSED] - Text 'Address Line 1' is present on page  using regular expression

2024-07-13 00:19:18 - [TEST_STEP][PASSED] - verifyTextPresent("Address Line 2", true): Text 'Address Line 2' is present on page  using regular expression

2024-07-13 00:19:19 - [MESSAGE][PASSED] - Text 'Address Line 2' is present on page  using regular expression

2024-07-13 00:19:19 - [TEST_STEP][PASSED] - verifyTextPresent("Country", true): Text 'Country' is present on page  using regular expression

2024-07-13 00:19:19 - [MESSAGE][PASSED] - Text 'Country' is present on page  using regular expression

2024-07-13 00:19:19 - [TEST_STEP][PASSED] - verifyTextPresent("City", true): Text 'City' is present on page  using regular expression

2024-07-13 00:19:19 - [MESSAGE][PASSED] - Text 'City' is present on page  using regular expression

2024-07-13 00:19:19 - [TEST_STEP][PASSED] - verifyTextPresent("State", true): Text 'State' is present on page  using regular expression

2024-07-13 00:19:20 - [MESSAGE][PASSED] - Text 'State' is present on page  using regular expression

2024-07-13 00:19:20 - [TEST_STEP][PASSED] - verifyTextPresent("ZIP Code", true): Text 'ZIP Code' is present on page  using regular expression

2024-07-13 00:19:20 - [MESSAGE][PASSED] - Text 'ZIP Code' is present on page  using regular expression

2024-07-13 00:19:20 - [TEST_STEP][PASSED] - verifyTextPresent(al1V, true): Text '133 Meadow Ln' is present on page  using regular expression

2024-07-13 00:19:20 - [MESSAGE][PASSED] - Text '133 Meadow Ln' is present on page  using regular expression

2024-07-13 00:19:20 - [TEST_STEP][PASSED] - verifyTextPresent(al2V, true): Text 'apt #123' is present on page  using regular expression

2024-07-13 00:19:21 - [MESSAGE][PASSED] - Text 'apt #123' is present on page  using regular expression

2024-07-13 00:19:21 - [TEST_STEP][PASSED] - verifyTextPresent("United States", true): Text 'United States' is present on page  using regular expression

2024-07-13 00:19:21 - [MESSAGE][PASSED] - Text 'United States' is present on page  using regular expression

2024-07-13 00:19:21 - [TEST_STEP][PASSED] - verifyTextPresent("ARLINGTON", true): Text 'ARLINGTON' is present on page  using regular expression

2024-07-13 00:19:21 - [MESSAGE][PASSED] - Text 'ARLINGTON' is present on page  using regular expression

2024-07-13 00:19:21 - [TEST_STEP][PASSED] - verifyTextPresent("Virginia", true): Text 'Virginia' is present on page  using regular expression

2024-07-13 00:19:22 - [MESSAGE][PASSED] - Text 'Virginia' is present on page  using regular expression

2024-07-13 00:19:22 - [TEST_STEP][PASSED] - verifyTextPresent("22201", true): Text '22201' is present on page  using regular expression

2024-07-13 00:19:22 - [MESSAGE][PASSED] - Text '22201' is present on page  using regular expression

2024-07-13 00:19:22 - [TEST_STEP][PASSED] - verifyTextPresent(accType, true): Text 'Checking' is present on page  using regular expression

2024-07-13 00:19:22 - [MESSAGE][PASSED] - Text 'Checking' is present on page  using regular expression

2024-07-13 00:19:22 - [TEST_STEP][PASSED] - verifyTextPresent(last4V, true): Text '1001' is present on page  using regular expression

2024-07-13 00:19:23 - [MESSAGE][PASSED] - Text '1001' is present on page  using regular expression

2024-07-13 00:19:23 - [TEST_STEP][PASSED] - closeBrowser(): Browser is closed

2024-07-13 00:19:24 - [MESSAGE][PASSED] - Browser is closed

2024-07-13 00:19:24 - [TEST_STEP][PASSED] - ExecuteTC = findTestData(dataFile).getValue("Execute", row): null

2024-07-13 00:19:24 - [TEST_STEP][PASSED] - out.println("Value of Execute is : " + ExecuteTC): null

2024-07-13 00:19:24 - [TEST_STEP][PASSED] - switch (executionProfile): null

2024-07-13 00:19:24 - [TEST_STEP][PASSED] - case "QA2Profile":: null

2024-07-13 00:19:24 - [TEST_STEP][PASSED] - appName = findTestData(dataFile).getValue("AppNameQA", row): null

2024-07-13 00:19:24 - [TEST_STEP][PASSED] - appID = findTestData(dataFile).getValue("AppIDQA", row): null

2024-07-13 00:19:24 - [TEST_STEP][PASSED] - break: null

2024-07-13 00:19:24 - [TEST_STEP][PASSED] - hrefAppID = li_1 + appID + li_2: null

2024-07-13 00:19:24 - [TEST_STEP][PASSED] - hrefApp = li_1 + appID + "/": null

2024-07-13 00:19:24 - [TEST_STEP][PASSED] - println("hrefApp : " + hrefApp): null

2024-07-13 00:19:24 - [TEST_STEP][PASSED] - if (ExecuteTC.equalsIgnoreCase("Y")): Browser is closed

2024-07-13 00:19:24 - [TEST_STEP][PASSED] - out.println("Begin Record Number: " + row): null

2024-07-13 00:19:24 - [TEST_STEP][PASSED] - today = new java.util.Date(): null

2024-07-13 00:19:24 - [TEST_STEP][PASSED] - println(today): null

2024-07-13 00:19:24 - [TEST_STEP][PASSED] - datText = today: null

2024-07-13 00:19:24 - [TEST_STEP][PASSED] - adminSuiteBootstrap.loginFunctionality.login_AdminSuite(): adminSuiteBootstrap.loginFunctionality.login_AdminSuite is PASSED

2024-07-13 00:19:24 - [MESSAGE][INFO] - Starting 'Chrome' driver

2024-07-13 00:19:24 - [MESSAGE][INFO] - User set preference: ['acceptInsecureCerts', 'true']

2024-07-13 00:19:24 - [MESSAGE][INFO] - Action delay is set to 0 milliseconds

2024-07-13 00:19:27 - [MESSAGE][PASSED] - Browser is opened with url: 'https://qa2.velocitypayment.com/admin/imtiaz'

2024-07-13 00:19:27 - [MESSAGE][PASSED] - Current window maximized

2024-07-13 00:19:28 - [MESSAGE][PASSED] - Object 'Object Repository/Login_Page/Login_Username_Okta' is present

2024-07-13 00:19:28 - [MESSAGE][PASSED] - Text 'iahmed' is set on object 'Object Repository/Login_Page/Login_Username_Okta'

2024-07-13 00:19:29 - [MESSAGE][PASSED] - Text 'Hello!6666666' is set on object 'Object Repository/Login_Page/Login_Password_Okta'

2024-07-13 00:19:30 - [MESSAGE][PASSED] - Object: 'Object Repository/Login_Page/Login_Submit_Okta' is clicked on

2024-07-13 00:19:30 - [MESSAGE][PASSED] - adminSuiteBootstrap.loginFunctionality.login_AdminSuite is PASSED

2024-07-13 00:19:30 - [TEST_STEP][PASSED] - click(findTestObject(path_Dashboard + appName)): Object: 'Object Repository/AdminSuiteBootstrap_Pages/Dashboard_Bootstrap/a_Access AutoDualCFtpQA' is clicked on

2024-07-13 00:19:37 - [MESSAGE][PASSED] - Object: 'Object Repository/AdminSuiteBootstrap_Pages/Dashboard_Bootstrap/a_Access AutoDualCFtpQA' is clicked on

2024-07-13 00:19:37 - [TEST_STEP][PASSED] - click(findTestObject(path_VT + "button_Debit")): Object: 'Object Repository/AdminSuiteBootstrap_Pages/VT_Bootstrap/IssueTransactions/button_Debit' is clicked on

2024-07-13 00:19:38 - [MESSAGE][PASSED] - Object: 'Object Repository/AdminSuiteBootstrap_Pages/VT_Bootstrap/IssueTransactions/button_Debit' is clicked on

2024-07-13 00:19:38 - [TEST_STEP][PASSED] - click(findTestObject(path_VT + "a_Personal")): Object: 'Object Repository/AdminSuiteBootstrap_Pages/VT_Bootstrap/IssueTransactions/a_Personal' is clicked on

2024-07-13 00:19:38 - [MESSAGE][PASSED] - Object: 'Object Repository/AdminSuiteBootstrap_Pages/VT_Bootstrap/IssueTransactions/a_Personal' is clicked on

2024-07-13 00:19:38 - [TEST_STEP][PASSED] - adminSuiteBootstrap.debitPersonalsetData.debitPersonal_DataDriven(row, dataFile): adminSuiteBootstrap.debitPersonalsetData.debitPersonal_DataDriven is PASSED

2024-07-13 00:19:41 - [MESSAGE][PASSED] - Text 'Veronika' is set on object 'Object Repository/AdminSuiteBootstrap_Pages/VT_Bootstrap/ACHPersonal/input_firstName'

2024-07-13 00:19:42 - [MESSAGE][PASSED] - Text 'Inouye' is set on object 'Object Repository/AdminSuiteBootstrap_Pages/VT_Bootstrap/ACHPersonal/input_lastName'

2024-07-13 00:19:43 - [MESSAGE][PASSED] - Text '6 Greenleaf Ave' is set on object 'Object Repository/AdminSuiteBootstrap_Pages/VT_Bootstrap/ACHPersonal/input_address'

2024-07-13 00:19:43 - [MESSAGE][PASSED] - Text 'apt #3' is set on object 'Object Repository/AdminSuiteBootstrap_Pages/VT_Bootstrap/ACHPersonal/input_address2'

2024-07-13 00:19:44 - [MESSAGE][PASSED] - Text '22201' is set on object 'Object Repository/AdminSuiteBootstrap_Pages/VT_Bootstrap/ACHPersonal/input_zip'

2024-07-13 00:19:45 - [MESSAGE][PASSED] - Text '' is set on object 'Object Repository/AdminSuiteBootstrap_Pages/VT_Bootstrap/ACHPersonal/input_emailAddress'

2024-07-13 00:19:46 - [MESSAGE][PASSED] - Text '' is set on object 'Object Repository/AdminSuiteBootstrap_Pages/VT_Bootstrap/ACHPersonal/input_smsNumber'

2024-07-13 00:19:47 - [MESSAGE][PASSED] - Text '45671002' is set on object 'Object Repository/AdminSuiteBootstrap_Pages/VT_Bootstrap/ACHPersonal/input_accountNumber'

2024-07-13 00:19:48 - [MESSAGE][PASSED] - Text '256072691' is set on object 'Object Repository/AdminSuiteBootstrap_Pages/VT_Bootstrap/ACHPersonal/input_routingNumber'

2024-07-13 00:19:49 - [MESSAGE][PASSED] - All options with label 'Checking' are selected in object 'Object Repository/AdminSuiteBootstrap_Pages/VT_Bootstrap/ACHPersonal/select_AccountType'  using regular expression

2024-07-13 00:19:50 - [MESSAGE][PASSED] - All options with label 'TEL - Telephone-Initiated Entry' are selected in object 'Object Repository/AdminSuiteBootstrap_Pages/VT_Bootstrap/ACHPersonal/select_STD'  using regular expression

2024-07-13 00:19:51 - [MESSAGE][PASSED] - Text '11.5' is set on object 'Object Repository/AdminSuiteBootstrap_Pages/VT_Bootstrap/ACHPersonal/input_amount'

2024-07-13 00:19:52 - [MESSAGE][PASSED] - Text 'Denmark' is set on object 'Object Repository/AdminSuiteBootstrap_Pages/VT_Bootstrap/ACHPersonal/input_userDefined1'

2024-07-13 00:19:53 - [MESSAGE][PASSED] - Text 'Australia' is set on object 'Object Repository/AdminSuiteBootstrap_Pages/VT_Bootstrap/ACHPersonal/input_userDefined2'

2024-07-13 00:19:53 - [MESSAGE][PASSED] - Text 'Austria' is set on object 'Object Repository/AdminSuiteBootstrap_Pages/VT_Bootstrap/ACHPersonal/input_userDefined3'

2024-07-13 00:19:54 - [MESSAGE][PASSED] - Text 'Sweden' is set on object 'Object Repository/AdminSuiteBootstrap_Pages/VT_Bootstrap/ACHPersonal/input_userDefined4'

2024-07-13 00:19:55 - [MESSAGE][PASSED] - All options with label 'Yellow' are selected in object 'Object Repository/AdminSuiteBootstrap_Pages/VT_Bootstrap/ACHPersonal/select_UDF5'  using regular expression

2024-07-13 00:19:56 - [MESSAGE][PASSED] - All options with label 'Orange' are selected in object 'Object Repository/AdminSuiteBootstrap_Pages/VT_Bootstrap/ACHPersonal/select_UDF6'  using regular expression

2024-07-13 00:19:57 - [MESSAGE][PASSED] - Text 'Netherlands' is set on object 'Object Repository/AdminSuiteBootstrap_Pages/VT_Bootstrap/ACHPersonal/input_userDefined7'

2024-07-13 00:19:57 - [MESSAGE][PASSED] - Text 'Norway' is set on object 'Object Repository/AdminSuiteBootstrap_Pages/VT_Bootstrap/ACHPersonal/input_userDefined8'

2024-07-13 00:19:58 - [MESSAGE][PASSED] - Text 'France' is set on object 'Object Repository/AdminSuiteBootstrap_Pages/VT_Bootstrap/ACHPersonal/input_userDefined9'

2024-07-13 00:19:59 - [MESSAGE][PASSED] - Text 'Switzerland' is set on object 'Object Repository/AdminSuiteBootstrap_Pages/VT_Bootstrap/ACHPersonal/input_userDefined10'

2024-07-13 00:20:00 - [MESSAGE][PASSED] - Object: 'Object Repository/AdminSuiteBootstrap_Pages/VT_Bootstrap/ACHPersonal/button_Submit' is clicked on

2024-07-13 00:20:00 - [MESSAGE][PASSED] - adminSuiteBootstrap.debitPersonalsetData.debitPersonal_DataDriven is PASSED

2024-07-13 00:20:00 - [TEST_STEP][PASSED] - verifyTextPresent("Transaction Successful", true): Text 'Transaction Successful' is present on page  using regular expression

2024-07-13 00:20:01 - [MESSAGE][PASSED] - Text 'Transaction Successful' is present on page  using regular expression

2024-07-13 00:20:01 - [TEST_STEP][PASSED] - verifyTextPresent("Remittance ID", true): Text 'Remittance ID' is present on page  using regular expression

2024-07-13 00:20:01 - [MESSAGE][PASSED] - Text 'Remittance ID' is present on page  using regular expression

2024-07-13 00:20:01 - [TEST_STEP][PASSED] - verifyTextPresent("Received", true): Text 'Received' is present on page  using regular expression

2024-07-13 00:20:01 - [MESSAGE][PASSED] - Text 'Received' is present on page  using regular expression

2024-07-13 00:20:01 - [TEST_STEP][PASSED] - verifyTextPresent("UDF1", true): Text 'UDF1' is present on page  using regular expression

2024-07-13 00:20:02 - [MESSAGE][PASSED] - Text 'UDF1' is present on page  using regular expression

2024-07-13 00:20:02 - [TEST_STEP][PASSED] - verifyTextPresent("UDF2", true): Text 'UDF2' is present on page  using regular expression

2024-07-13 00:20:02 - [MESSAGE][PASSED] - Text 'UDF2' is present on page  using regular expression

2024-07-13 00:20:02 - [TEST_STEP][PASSED] - verifyTextPresent("UDF3", true): Text 'UDF3' is present on page  using regular expression

2024-07-13 00:20:03 - [MESSAGE][PASSED] - Text 'UDF3' is present on page  using regular expression

2024-07-13 00:20:03 - [TEST_STEP][PASSED] - verifyTextPresent("UDF4", true): Text 'UDF4' is present on page  using regular expression

2024-07-13 00:20:03 - [MESSAGE][PASSED] - Text 'UDF4' is present on page  using regular expression

2024-07-13 00:20:03 - [TEST_STEP][PASSED] - verifyTextPresent("UDF5", true): Text 'UDF5' is present on page  using regular expression

2024-07-13 00:20:03 - [MESSAGE][PASSED] - Text 'UDF5' is present on page  using regular expression

2024-07-13 00:20:03 - [TEST_STEP][PASSED] - verifyTextPresent("UDF6", true): Text 'UDF6' is present on page  using regular expression

2024-07-13 00:20:04 - [MESSAGE][PASSED] - Text 'UDF6' is present on page  using regular expression

2024-07-13 00:20:04 - [TEST_STEP][PASSED] - verifyTextPresent("UDF7", true): Text 'UDF7' is present on page  using regular expression

2024-07-13 00:20:04 - [MESSAGE][PASSED] - Text 'UDF7' is present on page  using regular expression

2024-07-13 00:20:04 - [TEST_STEP][PASSED] - verifyTextPresent("UDF8", true): Text 'UDF8' is present on page  using regular expression

2024-07-13 00:20:04 - [MESSAGE][PASSED] - Text 'UDF8' is present on page  using regular expression

2024-07-13 00:20:04 - [TEST_STEP][PASSED] - verifyTextPresent("UDF9", true): Text 'UDF9' is present on page  using regular expression

2024-07-13 00:20:05 - [MESSAGE][PASSED] - Text 'UDF9' is present on page  using regular expression

2024-07-13 00:20:05 - [TEST_STEP][PASSED] - verifyTextPresent("UDF 10", true): Text 'UDF 10' is present on page  using regular expression

2024-07-13 00:20:05 - [MESSAGE][PASSED] - Text 'UDF 10' is present on page  using regular expression

2024-07-13 00:20:05 - [TEST_STEP][PASSED] - verifyTextPresent("Australia", true): Text 'Australia' is present on page  using regular expression

2024-07-13 00:20:05 - [MESSAGE][PASSED] - Text 'Australia' is present on page  using regular expression

2024-07-13 00:20:05 - [TEST_STEP][PASSED] - verifyTextPresent("Denmark", true): Text 'Denmark' is present on page  using regular expression

2024-07-13 00:20:06 - [MESSAGE][PASSED] - Text 'Denmark' is present on page  using regular expression

2024-07-13 00:20:06 - [TEST_STEP][PASSED] - verifyTextPresent("Sweden", true): Text 'Sweden' is present on page  using regular expression

2024-07-13 00:20:06 - [MESSAGE][PASSED] - Text 'Sweden' is present on page  using regular expression

2024-07-13 00:20:06 - [TEST_STEP][PASSED] - verifyTextPresent("Austria", true): Text 'Austria' is present on page  using regular expression

2024-07-13 00:20:06 - [MESSAGE][PASSED] - Text 'Austria' is present on page  using regular expression

2024-07-13 00:20:06 - [TEST_STEP][PASSED] - verifyTextPresent("Orange Recorded", true): Text 'Orange Recorded' is present on page  using regular expression

2024-07-13 00:20:07 - [MESSAGE][PASSED] - Text 'Orange Recorded' is present on page  using regular expression

2024-07-13 00:20:07 - [TEST_STEP][PASSED] - verifyTextPresent("Yellow Recorded", true): Text 'Yellow Recorded' is present on page  using regular expression

2024-07-13 00:20:07 - [MESSAGE][PASSED] - Text 'Yellow Recorded' is present on page  using regular expression

2024-07-13 00:20:07 - [TEST_STEP][PASSED] - verifyTextPresent("Norway", true): Text 'Norway' is present on page  using regular expression

2024-07-13 00:20:07 - [MESSAGE][PASSED] - Text 'Norway' is present on page  using regular expression

2024-07-13 00:20:07 - [TEST_STEP][PASSED] - verifyTextPresent("Netherlands", true): Text 'Netherlands' is present on page  using regular expression

2024-07-13 00:20:08 - [MESSAGE][PASSED] - Text 'Netherlands' is present on page  using regular expression

2024-07-13 00:20:08 - [TEST_STEP][PASSED] - verifyTextPresent("Switzerland", true): Text 'Switzerland' is present on page  using regular expression

2024-07-13 00:20:08 - [MESSAGE][PASSED] - Text 'Switzerland' is present on page  using regular expression

2024-07-13 00:20:08 - [TEST_STEP][PASSED] - verifyTextPresent("France", true): Text 'France' is present on page  using regular expression

2024-07-13 00:20:08 - [MESSAGE][PASSED] - Text 'France' is present on page  using regular expression

2024-07-13 00:20:08 - [TEST_STEP][PASSED] - verifyTextPresent("Amount", true): Text 'Amount' is present on page  using regular expression

2024-07-13 00:20:09 - [MESSAGE][PASSED] - Text 'Amount' is present on page  using regular expression

2024-07-13 00:20:09 - [TEST_STEP][PASSED] - verifyTextPresent("Service Fee", true): Text 'Service Fee' is present on page  using regular expression

2024-07-13 00:20:09 - [MESSAGE][PASSED] - Text 'Service Fee' is present on page  using regular expression

2024-07-13 00:20:09 - [TEST_STEP][PASSED] - verifyTextPresent("Service Fee Type", true): Text 'Service Fee Type' is present on page  using regular expression

2024-07-13 00:20:09 - [MESSAGE][PASSED] - Text 'Service Fee Type' is present on page  using regular expression

2024-07-13 00:20:09 - [TEST_STEP][PASSED] - verifyTextPresent("Total Amount", true): Text 'Total Amount' is present on page  using regular expression

2024-07-13 00:20:10 - [MESSAGE][PASSED] - Text 'Total Amount' is present on page  using regular expression

2024-07-13 00:20:10 - [TEST_STEP][PASSED] - verifyTextPresent("Transaction Type", true): Text 'Transaction Type' is present on page  using regular expression

2024-07-13 00:20:10 - [MESSAGE][PASSED] - Text 'Transaction Type' is present on page  using regular expression

2024-07-13 00:20:10 - [TEST_STEP][PASSED] - verifyTextPresent("11.50", true): Text '11.50' is present on page  using regular expression

2024-07-13 00:20:10 - [MESSAGE][PASSED] - Text '11.50' is present on page  using regular expression

2024-07-13 00:20:10 - [TEST_STEP][PASSED] - verifyTextPresent("5.00", true): Text '5.00' is present on page  using regular expression

2024-07-13 00:20:10 - [MESSAGE][PASSED] - Text '5.00' is present on page  using regular expression

2024-07-13 00:20:10 - [TEST_STEP][PASSED] - verifyTextPresent("Dual Transaction", true): Text 'Dual Transaction' is present on page  using regular expression

2024-07-13 00:20:11 - [MESSAGE][PASSED] - Text 'Dual Transaction' is present on page  using regular expression

2024-07-13 00:20:11 - [TEST_STEP][PASSED] - verifyTextPresent("16.50", true): Text '16.50' is present on page  using regular expression

2024-07-13 00:20:11 - [MESSAGE][PASSED] - Text '16.50' is present on page  using regular expression

2024-07-13 00:20:11 - [TEST_STEP][PASSED] - verifyTextPresent("Debit", true): Text 'Debit' is present on page  using regular expression

2024-07-13 00:20:11 - [MESSAGE][PASSED] - Text 'Debit' is present on page  using regular expression

2024-07-13 00:20:11 - [TEST_STEP][PASSED] - verifyTextPresent("Check Information", true): Text 'Check Information' is present on page  using regular expression

2024-07-13 00:20:12 - [MESSAGE][PASSED] - Text 'Check Information' is present on page  using regular expression

2024-07-13 00:20:12 - [TEST_STEP][PASSED] - verifyTextPresent("Account Type", true): Text 'Account Type' is present on page  using regular expression

2024-07-13 00:20:12 - [MESSAGE][PASSED] - Text 'Account Type' is present on page  using regular expression

2024-07-13 00:20:12 - [TEST_STEP][PASSED] - verifyTextPresent("Account Number", true): Text 'Account Number' is present on page  using regular expression

2024-07-13 00:20:12 - [MESSAGE][PASSED] - Text 'Account Number' is present on page  using regular expression

2024-07-13 00:20:12 - [TEST_STEP][PASSED] - verifyTextPresent("Routing Number", true): Text 'Routing Number' is present on page  using regular expression

2024-07-13 00:20:13 - [MESSAGE][PASSED] - Text 'Routing Number' is present on page  using regular expression

2024-07-13 00:20:13 - [TEST_STEP][PASSED] - verifyTextPresent("2691", true): Text '2691' is present on page  using regular expression

2024-07-13 00:20:13 - [MESSAGE][PASSED] - Text '2691' is present on page  using regular expression

2024-07-13 00:20:13 - [TEST_STEP][PASSED] - cardNameV = findTestData(dataFile).getValue("NameV", row): null

2024-07-13 00:20:13 - [TEST_STEP][PASSED] - al1V = findTestData(dataFile).getValue("AL1", row): null

2024-07-13 00:20:13 - [TEST_STEP][PASSED] - al2V = findTestData(dataFile).getValue("AL2", row): null

2024-07-13 00:20:13 - [TEST_STEP][PASSED] - last4V = findTestData(dataFile).getValue("Last4", row): null

2024-07-13 00:20:13 - [TEST_STEP][PASSED] - accType = findTestData(dataFile).getValue("AccountType", row): null

2024-07-13 00:20:13 - [TEST_STEP][PASSED] - verifyTextPresent(cardNameV, true): Text 'VERONIKA INOUYE' is present on page  using regular expression

2024-07-13 00:20:14 - [MESSAGE][PASSED] - Text 'VERONIKA INOUYE' is present on page  using regular expression

2024-07-13 00:20:14 - [TEST_STEP][PASSED] - verifyTextPresent("Address Line 1", true): Text 'Address Line 1' is present on page  using regular expression

2024-07-13 00:20:14 - [MESSAGE][PASSED] - Text 'Address Line 1' is present on page  using regular expression

2024-07-13 00:20:14 - [TEST_STEP][PASSED] - verifyTextPresent("Address Line 2", true): Text 'Address Line 2' is present on page  using regular expression

2024-07-13 00:20:14 - [MESSAGE][PASSED] - Text 'Address Line 2' is present on page  using regular expression

2024-07-13 00:20:14 - [TEST_STEP][PASSED] - verifyTextPresent("Country", true): Text 'Country' is present on page  using regular expression

2024-07-13 00:20:15 - [MESSAGE][PASSED] - Text 'Country' is present on page  using regular expression

2024-07-13 00:20:15 - [TEST_STEP][PASSED] - verifyTextPresent("City", true): Text 'City' is present on page  using regular expression

2024-07-13 00:20:15 - [MESSAGE][PASSED] - Text 'City' is present on page  using regular expression

2024-07-13 00:20:15 - [TEST_STEP][PASSED] - verifyTextPresent("State", true): Text 'State' is present on page  using regular expression

2024-07-13 00:20:15 - [MESSAGE][PASSED] - Text 'State' is present on page  using regular expression

2024-07-13 00:20:15 - [TEST_STEP][PASSED] - verifyTextPresent("ZIP Code", true): Text 'ZIP Code' is present on page  using regular expression

2024-07-13 00:20:16 - [MESSAGE][PASSED] - Text 'ZIP Code' is present on page  using regular expression

2024-07-13 00:20:16 - [TEST_STEP][PASSED] - verifyTextPresent(al1V, true): Text '6 Greenleaf Ave' is present on page  using regular expression

2024-07-13 00:20:16 - [MESSAGE][PASSED] - Text '6 Greenleaf Ave' is present on page  using regular expression

2024-07-13 00:20:16 - [TEST_STEP][PASSED] - verifyTextPresent(al2V, true): Text 'apt #3' is present on page  using regular expression

2024-07-13 00:20:16 - [MESSAGE][PASSED] - Text 'apt #3' is present on page  using regular expression

2024-07-13 00:20:16 - [TEST_STEP][PASSED] - verifyTextPresent("United States", true): Text 'United States' is present on page  using regular expression

2024-07-13 00:20:17 - [MESSAGE][PASSED] - Text 'United States' is present on page  using regular expression

2024-07-13 00:20:17 - [TEST_STEP][PASSED] - verifyTextPresent("ARLINGTON", true): Text 'ARLINGTON' is present on page  using regular expression

2024-07-13 00:20:17 - [MESSAGE][PASSED] - Text 'ARLINGTON' is present on page  using regular expression

2024-07-13 00:20:17 - [TEST_STEP][PASSED] - verifyTextPresent("Virginia", true): Text 'Virginia' is present on page  using regular expression

2024-07-13 00:20:17 - [MESSAGE][PASSED] - Text 'Virginia' is present on page  using regular expression

2024-07-13 00:20:17 - [TEST_STEP][PASSED] - verifyTextPresent("22201", true): Text '22201' is present on page  using regular expression

2024-07-13 00:20:18 - [MESSAGE][PASSED] - Text '22201' is present on page  using regular expression

2024-07-13 00:20:18 - [TEST_STEP][PASSED] - verifyTextPresent(accType, true): Text 'Checking' is present on page  using regular expression

2024-07-13 00:20:18 - [MESSAGE][PASSED] - Text 'Checking' is present on page  using regular expression

2024-07-13 00:20:18 - [TEST_STEP][PASSED] - verifyTextPresent(last4V, true): Text '1002' is present on page  using regular expression

2024-07-13 00:20:18 - [MESSAGE][PASSED] - Text '1002' is present on page  using regular expression

2024-07-13 00:20:18 - [TEST_STEP][PASSED] - closeBrowser(): Browser is closed

2024-07-13 00:20:19 - [MESSAGE][PASSED] - Browser is closed

2024-07-13 00:20:19 - [TEST_STEP][PASSED] - ExecuteTC = findTestData(dataFile).getValue("Execute", row): null

2024-07-13 00:20:20 - [TEST_STEP][PASSED] - out.println("Value of Execute is : " + ExecuteTC): null

2024-07-13 00:20:20 - [TEST_STEP][PASSED] - switch (executionProfile): null

2024-07-13 00:20:20 - [TEST_STEP][PASSED] - case "QA2Profile":: null

2024-07-13 00:20:20 - [TEST_STEP][PASSED] - appName = findTestData(dataFile).getValue("AppNameQA", row): null

2024-07-13 00:20:20 - [TEST_STEP][PASSED] - appID = findTestData(dataFile).getValue("AppIDQA", row): null

2024-07-13 00:20:20 - [TEST_STEP][PASSED] - break: null

2024-07-13 00:20:20 - [TEST_STEP][PASSED] - hrefAppID = li_1 + appID + li_2: null

2024-07-13 00:20:20 - [TEST_STEP][PASSED] - hrefApp = li_1 + appID + "/": null

2024-07-13 00:20:20 - [TEST_STEP][PASSED] - println("hrefApp : " + hrefApp): null

2024-07-13 00:20:20 - [TEST_STEP][PASSED] - if (ExecuteTC.equalsIgnoreCase("Y")): Browser is closed

2024-07-13 00:20:20 - [TEST_STEP][PASSED] - out.println("Begin Record Number: " + row): null

2024-07-13 00:20:20 - [TEST_STEP][PASSED] - today = new java.util.Date(): null

2024-07-13 00:20:20 - [TEST_STEP][PASSED] - println(today): null

2024-07-13 00:20:20 - [TEST_STEP][PASSED] - datText = today: null

2024-07-13 00:20:20 - [TEST_STEP][PASSED] - adminSuiteBootstrap.loginFunctionality.login_AdminSuite(): adminSuiteBootstrap.loginFunctionality.login_AdminSuite is PASSED

2024-07-13 00:20:20 - [MESSAGE][INFO] - Starting 'Chrome' driver

2024-07-13 00:20:20 - [MESSAGE][INFO] - User set preference: ['acceptInsecureCerts', 'true']

2024-07-13 00:20:20 - [MESSAGE][INFO] - Action delay is set to 0 milliseconds

2024-07-13 00:20:23 - [MESSAGE][PASSED] - Browser is opened with url: 'https://qa2.velocitypayment.com/admin/imtiaz'

2024-07-13 00:20:23 - [MESSAGE][PASSED] - Current window maximized

2024-07-13 00:20:23 - [MESSAGE][PASSED] - Object 'Object Repository/Login_Page/Login_Username_Okta' is present

2024-07-13 00:20:24 - [MESSAGE][PASSED] - Text 'iahmed' is set on object 'Object Repository/Login_Page/Login_Username_Okta'

2024-07-13 00:20:25 - [MESSAGE][PASSED] - Text 'Hello!6666666' is set on object 'Object Repository/Login_Page/Login_Password_Okta'

2024-07-13 00:20:25 - [MESSAGE][PASSED] - Object: 'Object Repository/Login_Page/Login_Submit_Okta' is clicked on

2024-07-13 00:20:25 - [MESSAGE][PASSED] - adminSuiteBootstrap.loginFunctionality.login_AdminSuite is PASSED

2024-07-13 00:20:25 - [TEST_STEP][PASSED] - click(findTestObject(path_Dashboard + appName)): Object: 'Object Repository/AdminSuiteBootstrap_Pages/Dashboard_Bootstrap/a_Access AutoDualCFtpQA' is clicked on

2024-07-13 00:20:33 - [MESSAGE][PASSED] - Object: 'Object Repository/AdminSuiteBootstrap_Pages/Dashboard_Bootstrap/a_Access AutoDualCFtpQA' is clicked on

2024-07-13 00:20:33 - [TEST_STEP][PASSED] - click(findTestObject(path_VT + "button_Debit")): Object: 'Object Repository/AdminSuiteBootstrap_Pages/VT_Bootstrap/IssueTransactions/button_Debit' is clicked on

2024-07-13 00:20:34 - [MESSAGE][PASSED] - Object: 'Object Repository/AdminSuiteBootstrap_Pages/VT_Bootstrap/IssueTransactions/button_Debit' is clicked on

2024-07-13 00:20:34 - [TEST_STEP][PASSED] - click(findTestObject(path_VT + "a_Personal")): Object: 'Object Repository/AdminSuiteBootstrap_Pages/VT_Bootstrap/IssueTransactions/a_Personal' is clicked on

2024-07-13 00:20:35 - [MESSAGE][PASSED] - Object: 'Object Repository/AdminSuiteBootstrap_Pages/VT_Bootstrap/IssueTransactions/a_Personal' is clicked on

2024-07-13 00:20:35 - [TEST_STEP][PASSED] - adminSuiteBootstrap.debitPersonalsetData.debitPersonal_DataDriven(row, dataFile): adminSuiteBootstrap.debitPersonalsetData.debitPersonal_DataDriven is PASSED

2024-07-13 00:20:38 - [MESSAGE][PASSED] - Text 'Bette' is set on object 'Object Repository/AdminSuiteBootstrap_Pages/VT_Bootstrap/ACHPersonal/input_firstName'

2024-07-13 00:20:38 - [MESSAGE][PASSED] - Text 'Nicka' is set on object 'Object Repository/AdminSuiteBootstrap_Pages/VT_Bootstrap/ACHPersonal/input_lastName'

2024-07-13 00:20:39 - [MESSAGE][PASSED] - Text '6 S 33rd St' is set on object 'Object Repository/AdminSuiteBootstrap_Pages/VT_Bootstrap/ACHPersonal/input_address'

2024-07-13 00:20:40 - [MESSAGE][PASSED] - Text 'apt #2' is set on object 'Object Repository/AdminSuiteBootstrap_Pages/VT_Bootstrap/ACHPersonal/input_address2'

2024-07-13 00:20:40 - [MESSAGE][PASSED] - Text '22201' is set on object 'Object Repository/AdminSuiteBootstrap_Pages/VT_Bootstrap/ACHPersonal/input_zip'

2024-07-13 00:20:41 - [MESSAGE][PASSED] - Text '' is set on object 'Object Repository/AdminSuiteBootstrap_Pages/VT_Bootstrap/ACHPersonal/input_emailAddress'

2024-07-13 00:20:43 - [MESSAGE][PASSED] - Text '' is set on object 'Object Repository/AdminSuiteBootstrap_Pages/VT_Bootstrap/ACHPersonal/input_smsNumber'

2024-07-13 00:20:43 - [MESSAGE][PASSED] - Text '45671003' is set on object 'Object Repository/AdminSuiteBootstrap_Pages/VT_Bootstrap/ACHPersonal/input_accountNumber'

2024-07-13 00:20:44 - [MESSAGE][PASSED] - Text '256072691' is set on object 'Object Repository/AdminSuiteBootstrap_Pages/VT_Bootstrap/ACHPersonal/input_routingNumber'

2024-07-13 00:20:45 - [MESSAGE][PASSED] - All options with label 'Savings' are selected in object 'Object Repository/AdminSuiteBootstrap_Pages/VT_Bootstrap/ACHPersonal/select_AccountType'  using regular expression

2024-07-13 00:20:46 - [MESSAGE][PASSED] - All options with label 'PPD - Prearranged Payment and Deposit Entry' are selected in object 'Object Repository/AdminSuiteBootstrap_Pages/VT_Bootstrap/ACHPersonal/select_STD'  using regular expression

2024-07-13 00:20:47 - [MESSAGE][PASSED] - Text '11.5' is set on object 'Object Repository/AdminSuiteBootstrap_Pages/VT_Bootstrap/ACHPersonal/input_amount'

2024-07-13 00:20:48 - [MESSAGE][PASSED] - Text 'Denmark' is set on object 'Object Repository/AdminSuiteBootstrap_Pages/VT_Bootstrap/ACHPersonal/input_userDefined1'

2024-07-13 00:20:49 - [MESSAGE][PASSED] - Text 'Australia' is set on object 'Object Repository/AdminSuiteBootstrap_Pages/VT_Bootstrap/ACHPersonal/input_userDefined2'

2024-07-13 00:20:49 - [MESSAGE][PASSED] - Text 'Austria' is set on object 'Object Repository/AdminSuiteBootstrap_Pages/VT_Bootstrap/ACHPersonal/input_userDefined3'

2024-07-13 00:20:50 - [MESSAGE][PASSED] - Text 'Sweden' is set on object 'Object Repository/AdminSuiteBootstrap_Pages/VT_Bootstrap/ACHPersonal/input_userDefined4'

2024-07-13 00:20:51 - [MESSAGE][PASSED] - All options with label 'Yellow' are selected in object 'Object Repository/AdminSuiteBootstrap_Pages/VT_Bootstrap/ACHPersonal/select_UDF5'  using regular expression

2024-07-13 00:20:52 - [MESSAGE][PASSED] - All options with label 'Orange' are selected in object 'Object Repository/AdminSuiteBootstrap_Pages/VT_Bootstrap/ACHPersonal/select_UDF6'  using regular expression

2024-07-13 00:20:53 - [MESSAGE][PASSED] - Text 'Netherlands' is set on object 'Object Repository/AdminSuiteBootstrap_Pages/VT_Bootstrap/ACHPersonal/input_userDefined7'

2024-07-13 00:20:54 - [MESSAGE][PASSED] - Text 'Norway' is set on object 'Object Repository/AdminSuiteBootstrap_Pages/VT_Bootstrap/ACHPersonal/input_userDefined8'

2024-07-13 00:20:54 - [MESSAGE][PASSED] - Text 'France' is set on object 'Object Repository/AdminSuiteBootstrap_Pages/VT_Bootstrap/ACHPersonal/input_userDefined9'

2024-07-13 00:20:55 - [MESSAGE][PASSED] - Text 'Switzerland' is set on object 'Object Repository/AdminSuiteBootstrap_Pages/VT_Bootstrap/ACHPersonal/input_userDefined10'

2024-07-13 00:20:56 - [MESSAGE][PASSED] - Object: 'Object Repository/AdminSuiteBootstrap_Pages/VT_Bootstrap/ACHPersonal/button_Submit' is clicked on

2024-07-13 00:20:56 - [MESSAGE][PASSED] - adminSuiteBootstrap.debitPersonalsetData.debitPersonal_DataDriven is PASSED

2024-07-13 00:20:56 - [TEST_STEP][PASSED] - verifyTextPresent("Transaction Successful", true): Text 'Transaction Successful' is present on page  using regular expression

2024-07-13 00:20:57 - [MESSAGE][PASSED] - Text 'Transaction Successful' is present on page  using regular expression

2024-07-13 00:20:57 - [TEST_STEP][PASSED] - verifyTextPresent("Remittance ID", true): Text 'Remittance ID' is present on page  using regular expression

2024-07-13 00:20:57 - [MESSAGE][PASSED] - Text 'Remittance ID' is present on page  using regular expression

2024-07-13 00:20:57 - [TEST_STEP][PASSED] - verifyTextPresent("Received", true): Text 'Received' is present on page  using regular expression

2024-07-13 00:20:58 - [MESSAGE][PASSED] - Text 'Received' is present on page  using regular expression

2024-07-13 00:20:58 - [TEST_STEP][PASSED] - verifyTextPresent("UDF1", true): Text 'UDF1' is present on page  using regular expression

2024-07-13 00:20:58 - [MESSAGE][PASSED] - Text 'UDF1' is present on page  using regular expression

2024-07-13 00:20:58 - [TEST_STEP][PASSED] - verifyTextPresent("UDF2", true): Text 'UDF2' is present on page  using regular expression

2024-07-13 00:20:58 - [MESSAGE][PASSED] - Text 'UDF2' is present on page  using regular expression

2024-07-13 00:20:58 - [TEST_STEP][PASSED] - verifyTextPresent("UDF3", true): Text 'UDF3' is present on page  using regular expression

2024-07-13 00:20:59 - [MESSAGE][PASSED] - Text 'UDF3' is present on page  using regular expression

2024-07-13 00:20:59 - [TEST_STEP][PASSED] - verifyTextPresent("UDF4", true): Text 'UDF4' is present on page  using regular expression

2024-07-13 00:20:59 - [MESSAGE][PASSED] - Text 'UDF4' is present on page  using regular expression

2024-07-13 00:20:59 - [TEST_STEP][PASSED] - verifyTextPresent("UDF5", true): Text 'UDF5' is present on page  using regular expression

2024-07-13 00:20:59 - [MESSAGE][PASSED] - Text 'UDF5' is present on page  using regular expression

2024-07-13 00:20:59 - [TEST_STEP][PASSED] - verifyTextPresent("UDF6", true): Text 'UDF6' is present on page  using regular expression

2024-07-13 00:21:00 - [MESSAGE][PASSED] - Text 'UDF6' is present on page  using regular expression

2024-07-13 00:21:00 - [TEST_STEP][PASSED] - verifyTextPresent("UDF7", true): Text 'UDF7' is present on page  using regular expression

2024-07-13 00:21:00 - [MESSAGE][PASSED] - Text 'UDF7' is present on page  using regular expression

2024-07-13 00:21:00 - [TEST_STEP][PASSED] - verifyTextPresent("UDF8", true): Text 'UDF8' is present on page  using regular expression

2024-07-13 00:21:00 - [MESSAGE][PASSED] - Text 'UDF8' is present on page  using regular expression

2024-07-13 00:21:00 - [TEST_STEP][PASSED] - verifyTextPresent("UDF9", true): Text 'UDF9' is present on page  using regular expression

2024-07-13 00:21:01 - [MESSAGE][PASSED] - Text 'UDF9' is present on page  using regular expression

2024-07-13 00:21:01 - [TEST_STEP][PASSED] - verifyTextPresent("UDF 10", true): Text 'UDF 10' is present on page  using regular expression

2024-07-13 00:21:01 - [MESSAGE][PASSED] - Text 'UDF 10' is present on page  using regular expression

2024-07-13 00:21:01 - [TEST_STEP][PASSED] - verifyTextPresent("Australia", true): Text 'Australia' is present on page  using regular expression

2024-07-13 00:21:01 - [MESSAGE][PASSED] - Text 'Australia' is present on page  using regular expression

2024-07-13 00:21:01 - [TEST_STEP][PASSED] - verifyTextPresent("Denmark", true): Text 'Denmark' is present on page  using regular expression

2024-07-13 00:21:02 - [MESSAGE][PASSED] - Text 'Denmark' is present on page  using regular expression

2024-07-13 00:21:02 - [TEST_STEP][PASSED] - verifyTextPresent("Sweden", true): Text 'Sweden' is present on page  using regular expression

2024-07-13 00:21:02 - [MESSAGE][PASSED] - Text 'Sweden' is present on page  using regular expression

2024-07-13 00:21:02 - [TEST_STEP][PASSED] - verifyTextPresent("Austria", true): Text 'Austria' is present on page  using regular expression

2024-07-13 00:21:02 - [MESSAGE][PASSED] - Text 'Austria' is present on page  using regular expression

2024-07-13 00:21:02 - [TEST_STEP][PASSED] - verifyTextPresent("Orange Recorded", true): Text 'Orange Recorded' is present on page  using regular expression

2024-07-13 00:21:03 - [MESSAGE][PASSED] - Text 'Orange Recorded' is present on page  using regular expression

2024-07-13 00:21:03 - [TEST_STEP][PASSED] - verifyTextPresent("Yellow Recorded", true): Text 'Yellow Recorded' is present on page  using regular expression

2024-07-13 00:21:03 - [MESSAGE][PASSED] - Text 'Yellow Recorded' is present on page  using regular expression

2024-07-13 00:21:03 - [TEST_STEP][PASSED] - verifyTextPresent("Norway", true): Text 'Norway' is present on page  using regular expression

2024-07-13 00:21:03 - [MESSAGE][PASSED] - Text 'Norway' is present on page  using regular expression

2024-07-13 00:21:03 - [TEST_STEP][PASSED] - verifyTextPresent("Netherlands", true): Text 'Netherlands' is present on page  using regular expression

2024-07-13 00:21:04 - [MESSAGE][PASSED] - Text 'Netherlands' is present on page  using regular expression

2024-07-13 00:21:04 - [TEST_STEP][PASSED] - verifyTextPresent("Switzerland", true): Text 'Switzerland' is present on page  using regular expression

2024-07-13 00:21:04 - [MESSAGE][PASSED] - Text 'Switzerland' is present on page  using regular expression

2024-07-13 00:21:04 - [TEST_STEP][PASSED] - verifyTextPresent("France", true): Text 'France' is present on page  using regular expression

2024-07-13 00:21:04 - [MESSAGE][PASSED] - Text 'France' is present on page  using regular expression

2024-07-13 00:21:04 - [TEST_STEP][PASSED] - verifyTextPresent("Amount", true): Text 'Amount' is present on page  using regular expression

2024-07-13 00:21:05 - [MESSAGE][PASSED] - Text 'Amount' is present on page  using regular expression

2024-07-13 00:21:05 - [TEST_STEP][PASSED] - verifyTextPresent("Service Fee", true): Text 'Service Fee' is present on page  using regular expression

2024-07-13 00:21:05 - [MESSAGE][PASSED] - Text 'Service Fee' is present on page  using regular expression

2024-07-13 00:21:05 - [TEST_STEP][PASSED] - verifyTextPresent("Service Fee Type", true): Text 'Service Fee Type' is present on page  using regular expression

2024-07-13 00:21:06 - [MESSAGE][PASSED] - Text 'Service Fee Type' is present on page  using regular expression

2024-07-13 00:21:06 - [TEST_STEP][PASSED] - verifyTextPresent("Total Amount", true): Text 'Total Amount' is present on page  using regular expression

2024-07-13 00:21:06 - [MESSAGE][PASSED] - Text 'Total Amount' is present on page  using regular expression

2024-07-13 00:21:06 - [TEST_STEP][PASSED] - verifyTextPresent("Transaction Type", true): Text 'Transaction Type' is present on page  using regular expression

2024-07-13 00:21:06 - [MESSAGE][PASSED] - Text 'Transaction Type' is present on page  using regular expression

2024-07-13 00:21:06 - [TEST_STEP][PASSED] - verifyTextPresent("11.50", true): Text '11.50' is present on page  using regular expression

2024-07-13 00:21:07 - [MESSAGE][PASSED] - Text '11.50' is present on page  using regular expression

2024-07-13 00:21:07 - [TEST_STEP][PASSED] - verifyTextPresent("5.00", true): Text '5.00' is present on page  using regular expression

2024-07-13 00:21:07 - [MESSAGE][PASSED] - Text '5.00' is present on page  using regular expression

2024-07-13 00:21:07 - [TEST_STEP][PASSED] - verifyTextPresent("Dual Transaction", true): Text 'Dual Transaction' is present on page  using regular expression

2024-07-13 00:21:07 - [MESSAGE][PASSED] - Text 'Dual Transaction' is present on page  using regular expression

2024-07-13 00:21:07 - [TEST_STEP][PASSED] - verifyTextPresent("16.50", true): Text '16.50' is present on page  using regular expression

2024-07-13 00:21:08 - [MESSAGE][PASSED] - Text '16.50' is present on page  using regular expression

2024-07-13 00:21:08 - [TEST_STEP][PASSED] - verifyTextPresent("Debit", true): Text 'Debit' is present on page  using regular expression

2024-07-13 00:21:08 - [MESSAGE][PASSED] - Text 'Debit' is present on page  using regular expression

2024-07-13 00:21:08 - [TEST_STEP][PASSED] - verifyTextPresent("Check Information", true): Text 'Check Information' is present on page  using regular expression

2024-07-13 00:21:08 - [MESSAGE][PASSED] - Text 'Check Information' is present on page  using regular expression

2024-07-13 00:21:08 - [TEST_STEP][PASSED] - verifyTextPresent("Account Type", true): Text 'Account Type' is present on page  using regular expression

2024-07-13 00:21:08 - [MESSAGE][PASSED] - Text 'Account Type' is present on page  using regular expression

2024-07-13 00:21:08 - [TEST_STEP][PASSED] - verifyTextPresent("Account Number", true): Text 'Account Number' is present on page  using regular expression

2024-07-13 00:21:09 - [MESSAGE][PASSED] - Text 'Account Number' is present on page  using regular expression

2024-07-13 00:21:09 - [TEST_STEP][PASSED] - verifyTextPresent("Routing Number", true): Text 'Routing Number' is present on page  using regular expression

2024-07-13 00:21:09 - [MESSAGE][PASSED] - Text 'Routing Number' is present on page  using regular expression

2024-07-13 00:21:09 - [TEST_STEP][PASSED] - verifyTextPresent("2691", true): Text '2691' is present on page  using regular expression

2024-07-13 00:21:10 - [MESSAGE][PASSED] - Text '2691' is present on page  using regular expression

2024-07-13 00:21:10 - [TEST_STEP][PASSED] - cardNameV = findTestData(dataFile).getValue("NameV", row): null

2024-07-13 00:21:10 - [TEST_STEP][PASSED] - al1V = findTestData(dataFile).getValue("AL1", row): null

2024-07-13 00:21:10 - [TEST_STEP][PASSED] - al2V = findTestData(dataFile).getValue("AL2", row): null

2024-07-13 00:21:10 - [TEST_STEP][PASSED] - last4V = findTestData(dataFile).getValue("Last4", row): null

2024-07-13 00:21:10 - [TEST_STEP][PASSED] - accType = findTestData(dataFile).getValue("AccountType", row): null

2024-07-13 00:21:10 - [TEST_STEP][PASSED] - verifyTextPresent(cardNameV, true): Text 'BETTE NICKA' is present on page  using regular expression

2024-07-13 00:21:10 - [MESSAGE][PASSED] - Text 'BETTE NICKA' is present on page  using regular expression

2024-07-13 00:21:10 - [TEST_STEP][PASSED] - verifyTextPresent("Address Line 1", true): Text 'Address Line 1' is present on page  using regular expression

2024-07-13 00:21:11 - [MESSAGE][PASSED] - Text 'Address Line 1' is present on page  using regular expression

2024-07-13 00:21:11 - [TEST_STEP][PASSED] - verifyTextPresent("Address Line 2", true): Text 'Address Line 2' is present on page  using regular expression

2024-07-13 00:21:11 - [MESSAGE][PASSED] - Text 'Address Line 2' is present on page  using regular expression

2024-07-13 00:21:11 - [TEST_STEP][PASSED] - verifyTextPresent("Country", true): Text 'Country' is present on page  using regular expression

2024-07-13 00:21:11 - [MESSAGE][PASSED] - Text 'Country' is present on page  using regular expression

2024-07-13 00:21:11 - [TEST_STEP][PASSED] - verifyTextPresent("City", true): Text 'City' is present on page  using regular expression

2024-07-13 00:21:12 - [MESSAGE][PASSED] - Text 'City' is present on page  using regular expression

2024-07-13 00:21:12 - [TEST_STEP][PASSED] - verifyTextPresent("State", true): Text 'State' is present on page  using regular expression

2024-07-13 00:21:12 - [MESSAGE][PASSED] - Text 'State' is present on page  using regular expression

2024-07-13 00:21:12 - [TEST_STEP][PASSED] - verifyTextPresent("ZIP Code", true): Text 'ZIP Code' is present on page  using regular expression

2024-07-13 00:21:12 - [MESSAGE][PASSED] - Text 'ZIP Code' is present on page  using regular expression

2024-07-13 00:21:12 - [TEST_STEP][PASSED] - verifyTextPresent(al1V, true): Text '6 S 33rd St' is present on page  using regular expression

2024-07-13 00:21:13 - [MESSAGE][PASSED] - Text '6 S 33rd St' is present on page  using regular expression

2024-07-13 00:21:13 - [TEST_STEP][PASSED] - verifyTextPresent(al2V, true): Text 'apt #2' is present on page  using regular expression

2024-07-13 00:21:13 - [MESSAGE][PASSED] - Text 'apt #2' is present on page  using regular expression

2024-07-13 00:21:13 - [TEST_STEP][PASSED] - verifyTextPresent("United States", true): Text 'United States' is present on page  using regular expression

2024-07-13 00:21:13 - [MESSAGE][PASSED] - Text 'United States' is present on page  using regular expression

2024-07-13 00:21:13 - [TEST_STEP][PASSED] - verifyTextPresent("ARLINGTON", true): Text 'ARLINGTON' is present on page  using regular expression

2024-07-13 00:21:14 - [MESSAGE][PASSED] - Text 'ARLINGTON' is present on page  using regular expression

2024-07-13 00:21:14 - [TEST_STEP][PASSED] - verifyTextPresent("Virginia", true): Text 'Virginia' is present on page  using regular expression

2024-07-13 00:21:14 - [MESSAGE][PASSED] - Text 'Virginia' is present on page  using regular expression

2024-07-13 00:21:14 - [TEST_STEP][PASSED] - verifyTextPresent("22201", true): Text '22201' is present on page  using regular expression

2024-07-13 00:21:14 - [MESSAGE][PASSED] - Text '22201' is present on page  using regular expression

2024-07-13 00:21:14 - [TEST_STEP][PASSED] - verifyTextPresent(accType, true): Text 'Savings' is present on page  using regular expression

2024-07-13 00:21:15 - [MESSAGE][PASSED] - Text 'Savings' is present on page  using regular expression

2024-07-13 00:21:15 - [TEST_STEP][PASSED] - verifyTextPresent(last4V, true): Text '1003' is present on page  using regular expression

2024-07-13 00:21:15 - [MESSAGE][PASSED] - Text '1003' is present on page  using regular expression

2024-07-13 00:21:15 - [TEST_STEP][PASSED] - closeBrowser(): Browser is closed

2024-07-13 00:21:16 - [MESSAGE][PASSED] - Browser is closed

2024-07-13 00:21:16 - [TEST_STEP][PASSED] - ExecuteTC = findTestData(dataFile).getValue("Execute", row): null

2024-07-13 00:21:16 - [TEST_STEP][PASSED] - out.println("Value of Execute is : " + ExecuteTC): null

2024-07-13 00:21:16 - [TEST_STEP][PASSED] - switch (executionProfile): null

2024-07-13 00:21:16 - [TEST_STEP][PASSED] - case "QA2Profile":: null

2024-07-13 00:21:16 - [TEST_STEP][PASSED] - appName = findTestData(dataFile).getValue("AppNameQA", row): null

2024-07-13 00:21:16 - [TEST_STEP][PASSED] - appID = findTestData(dataFile).getValue("AppIDQA", row): null

2024-07-13 00:21:16 - [TEST_STEP][PASSED] - break: null

2024-07-13 00:21:16 - [TEST_STEP][PASSED] - hrefAppID = li_1 + appID + li_2: null

2024-07-13 00:21:16 - [TEST_STEP][PASSED] - hrefApp = li_1 + appID + "/": null

2024-07-13 00:21:16 - [TEST_STEP][PASSED] - println("hrefApp : " + hrefApp): null

2024-07-13 00:21:16 - [TEST_STEP][PASSED] - if (ExecuteTC.equalsIgnoreCase("Y")): Browser is closed

2024-07-13 00:21:16 - [TEST_STEP][PASSED] - out.println("Begin Record Number: " + row): null

2024-07-13 00:21:16 - [TEST_STEP][PASSED] - today = new java.util.Date(): null

2024-07-13 00:21:16 - [TEST_STEP][PASSED] - println(today): null

2024-07-13 00:21:16 - [TEST_STEP][PASSED] - datText = today: null

2024-07-13 00:21:16 - [TEST_STEP][PASSED] - adminSuiteBootstrap.loginFunctionality.login_AdminSuite(): adminSuiteBootstrap.loginFunctionality.login_AdminSuite is PASSED

2024-07-13 00:21:16 - [MESSAGE][INFO] - Starting 'Chrome' driver

2024-07-13 00:21:16 - [MESSAGE][INFO] - User set preference: ['acceptInsecureCerts', 'true']

2024-07-13 00:21:16 - [MESSAGE][INFO] - Action delay is set to 0 milliseconds

2024-07-13 00:21:20 - [MESSAGE][PASSED] - Browser is opened with url: 'https://qa2.velocitypayment.com/admin/imtiaz'

2024-07-13 00:21:20 - [MESSAGE][PASSED] - Current window maximized

2024-07-13 00:21:20 - [MESSAGE][PASSED] - Object 'Object Repository/Login_Page/Login_Username_Okta' is present

2024-07-13 00:21:21 - [MESSAGE][PASSED] - Text 'iahmed' is set on object 'Object Repository/Login_Page/Login_Username_Okta'

2024-07-13 00:21:22 - [MESSAGE][PASSED] - Text 'Hello!6666666' is set on object 'Object Repository/Login_Page/Login_Password_Okta'

2024-07-13 00:21:22 - [MESSAGE][PASSED] - Object: 'Object Repository/Login_Page/Login_Submit_Okta' is clicked on

2024-07-13 00:21:22 - [MESSAGE][PASSED] - adminSuiteBootstrap.loginFunctionality.login_AdminSuite is PASSED

2024-07-13 00:21:22 - [TEST_STEP][PASSED] - click(findTestObject(path_Dashboard + appName)): Object: 'Object Repository/AdminSuiteBootstrap_Pages/Dashboard_Bootstrap/a_Access AutoDualCFtpQA' is clicked on

2024-07-13 00:21:29 - [MESSAGE][PASSED] - Object: 'Object Repository/AdminSuiteBootstrap_Pages/Dashboard_Bootstrap/a_Access AutoDualCFtpQA' is clicked on

2024-07-13 00:21:29 - [TEST_STEP][PASSED] - click(findTestObject(path_VT + "button_Debit")): Object: 'Object Repository/AdminSuiteBootstrap_Pages/VT_Bootstrap/IssueTransactions/button_Debit' is clicked on

2024-07-13 00:21:30 - [MESSAGE][PASSED] - Object: 'Object Repository/AdminSuiteBootstrap_Pages/VT_Bootstrap/IssueTransactions/button_Debit' is clicked on

2024-07-13 00:21:30 - [TEST_STEP][PASSED] - click(findTestObject(path_VT + "a_Personal")): Object: 'Object Repository/AdminSuiteBootstrap_Pages/VT_Bootstrap/IssueTransactions/a_Personal' is clicked on

2024-07-13 00:21:31 - [MESSAGE][PASSED] - Object: 'Object Repository/AdminSuiteBootstrap_Pages/VT_Bootstrap/IssueTransactions/a_Personal' is clicked on

2024-07-13 00:21:31 - [TEST_STEP][PASSED] - adminSuiteBootstrap.debitPersonalsetData.debitPersonal_DataDriven(row, dataFile): adminSuiteBootstrap.debitPersonalsetData.debitPersonal_DataDriven is PASSED

2024-07-13 00:21:34 - [MESSAGE][PASSED] - Text 'Alisha' is set on object 'Object Repository/AdminSuiteBootstrap_Pages/VT_Bootstrap/ACHPersonal/input_firstName'

2024-07-13 00:21:34 - [MESSAGE][PASSED] - Text 'Slusarski' is set on object 'Object Repository/AdminSuiteBootstrap_Pages/VT_Bootstrap/ACHPersonal/input_lastName'

2024-07-13 00:21:35 - [MESSAGE][PASSED] - Text '3273 State St' is set on object 'Object Repository/AdminSuiteBootstrap_Pages/VT_Bootstrap/ACHPersonal/input_address'

2024-07-13 00:21:36 - [MESSAGE][PASSED] - Text 'apt #4' is set on object 'Object Repository/AdminSuiteBootstrap_Pages/VT_Bootstrap/ACHPersonal/input_address2'

2024-07-13 00:21:37 - [MESSAGE][PASSED] - Text '22201' is set on object 'Object Repository/AdminSuiteBootstrap_Pages/VT_Bootstrap/ACHPersonal/input_zip'

2024-07-13 00:21:37 - [MESSAGE][PASSED] - Text '' is set on object 'Object Repository/AdminSuiteBootstrap_Pages/VT_Bootstrap/ACHPersonal/input_emailAddress'

2024-07-13 00:21:39 - [MESSAGE][PASSED] - Text '' is set on object 'Object Repository/AdminSuiteBootstrap_Pages/VT_Bootstrap/ACHPersonal/input_smsNumber'

2024-07-13 00:21:39 - [MESSAGE][PASSED] - Text '45671004' is set on object 'Object Repository/AdminSuiteBootstrap_Pages/VT_Bootstrap/ACHPersonal/input_accountNumber'

2024-07-13 00:21:40 - [MESSAGE][PASSED] - Text '256072691' is set on object 'Object Repository/AdminSuiteBootstrap_Pages/VT_Bootstrap/ACHPersonal/input_routingNumber'

2024-07-13 00:21:41 - [MESSAGE][PASSED] - All options with label 'Savings' are selected in object 'Object Repository/AdminSuiteBootstrap_Pages/VT_Bootstrap/ACHPersonal/select_AccountType'  using regular expression

2024-07-13 00:21:42 - [MESSAGE][PASSED] - All options with label 'TEL - Telephone-Initiated Entry' are selected in object 'Object Repository/AdminSuiteBootstrap_Pages/VT_Bootstrap/ACHPersonal/select_STD'  using regular expression

2024-07-13 00:21:43 - [MESSAGE][PASSED] - Text '11.5' is set on object 'Object Repository/AdminSuiteBootstrap_Pages/VT_Bootstrap/ACHPersonal/input_amount'

2024-07-13 00:21:44 - [MESSAGE][PASSED] - Text 'Denmark' is set on object 'Object Repository/AdminSuiteBootstrap_Pages/VT_Bootstrap/ACHPersonal/input_userDefined1'

2024-07-13 00:21:45 - [MESSAGE][PASSED] - Text 'Australia' is set on object 'Object Repository/AdminSuiteBootstrap_Pages/VT_Bootstrap/ACHPersonal/input_userDefined2'

2024-07-13 00:21:46 - [MESSAGE][PASSED] - Text 'Austria' is set on object 'Object Repository/AdminSuiteBootstrap_Pages/VT_Bootstrap/ACHPersonal/input_userDefined3'

2024-07-13 00:21:46 - [MESSAGE][PASSED] - Text 'Sweden' is set on object 'Object Repository/AdminSuiteBootstrap_Pages/VT_Bootstrap/ACHPersonal/input_userDefined4'

2024-07-13 00:21:47 - [MESSAGE][PASSED] - All options with label 'Yellow' are selected in object 'Object Repository/AdminSuiteBootstrap_Pages/VT_Bootstrap/ACHPersonal/select_UDF5'  using regular expression

2024-07-13 00:21:48 - [MESSAGE][PASSED] - All options with label 'Orange' are selected in object 'Object Repository/AdminSuiteBootstrap_Pages/VT_Bootstrap/ACHPersonal/select_UDF6'  using regular expression

2024-07-13 00:21:49 - [MESSAGE][PASSED] - Text 'Netherlands' is set on object 'Object Repository/AdminSuiteBootstrap_Pages/VT_Bootstrap/ACHPersonal/input_userDefined7'

2024-07-13 00:21:50 - [MESSAGE][PASSED] - Text 'Norway' is set on object 'Object Repository/AdminSuiteBootstrap_Pages/VT_Bootstrap/ACHPersonal/input_userDefined8'

2024-07-13 00:21:50 - [MESSAGE][PASSED] - Text 'France' is set on object 'Object Repository/AdminSuiteBootstrap_Pages/VT_Bootstrap/ACHPersonal/input_userDefined9'

2024-07-13 00:21:51 - [MESSAGE][PASSED] - Text 'Switzerland' is set on object 'Object Repository/AdminSuiteBootstrap_Pages/VT_Bootstrap/ACHPersonal/input_userDefined10'

2024-07-13 00:21:52 - [MESSAGE][PASSED] - Object: 'Object Repository/AdminSuiteBootstrap_Pages/VT_Bootstrap/ACHPersonal/button_Submit' is clicked on

2024-07-13 00:21:52 - [MESSAGE][PASSED] - adminSuiteBootstrap.debitPersonalsetData.debitPersonal_DataDriven is PASSED

2024-07-13 00:21:52 - [TEST_STEP][PASSED] - verifyTextPresent("Transaction Successful", true): Text 'Transaction Successful' is present on page  using regular expression

2024-07-13 00:21:53 - [MESSAGE][PASSED] - Text 'Transaction Successful' is present on page  using regular expression

2024-07-13 00:21:53 - [TEST_STEP][PASSED] - verifyTextPresent("Remittance ID", true): Text 'Remittance ID' is present on page  using regular expression

2024-07-13 00:21:53 - [MESSAGE][PASSED] - Text 'Remittance ID' is present on page  using regular expression

2024-07-13 00:21:53 - [TEST_STEP][PASSED] - verifyTextPresent("Received", true): Text 'Received' is present on page  using regular expression

2024-07-13 00:21:54 - [MESSAGE][PASSED] - Text 'Received' is present on page  using regular expression

2024-07-13 00:21:54 - [TEST_STEP][PASSED] - verifyTextPresent("UDF1", true): Text 'UDF1' is present on page  using regular expression

2024-07-13 00:21:54 - [MESSAGE][PASSED] - Text 'UDF1' is present on page  using regular expression

2024-07-13 00:21:54 - [TEST_STEP][PASSED] - verifyTextPresent("UDF2", true): Text 'UDF2' is present on page  using regular expression

2024-07-13 00:21:54 - [MESSAGE][PASSED] - Text 'UDF2' is present on page  using regular expression

2024-07-13 00:21:54 - [TEST_STEP][PASSED] - verifyTextPresent("UDF3", true): Text 'UDF3' is present on page  using regular expression

2024-07-13 00:21:55 - [MESSAGE][PASSED] - Text 'UDF3' is present on page  using regular expression

2024-07-13 00:21:55 - [TEST_STEP][PASSED] - verifyTextPresent("UDF4", true): Text 'UDF4' is present on page  using regular expression

2024-07-13 00:21:55 - [MESSAGE][PASSED] - Text 'UDF4' is present on page  using regular expression

2024-07-13 00:21:55 - [TEST_STEP][PASSED] - verifyTextPresent("UDF5", true): Text 'UDF5' is present on page  using regular expression

2024-07-13 00:21:55 - [MESSAGE][PASSED] - Text 'UDF5' is present on page  using regular expression

2024-07-13 00:21:55 - [TEST_STEP][PASSED] - verifyTextPresent("UDF6", true): Text 'UDF6' is present on page  using regular expression

2024-07-13 00:21:56 - [MESSAGE][PASSED] - Text 'UDF6' is present on page  using regular expression

2024-07-13 00:21:56 - [TEST_STEP][PASSED] - verifyTextPresent("UDF7", true): Text 'UDF7' is present on page  using regular expression

2024-07-13 00:21:56 - [MESSAGE][PASSED] - Text 'UDF7' is present on page  using regular expression

2024-07-13 00:21:56 - [TEST_STEP][PASSED] - verifyTextPresent("UDF8", true): Text 'UDF8' is present on page  using regular expression

2024-07-13 00:21:56 - [MESSAGE][PASSED] - Text 'UDF8' is present on page  using regular expression

2024-07-13 00:21:56 - [TEST_STEP][PASSED] - verifyTextPresent("UDF9", true): Text 'UDF9' is present on page  using regular expression

2024-07-13 00:21:57 - [MESSAGE][PASSED] - Text 'UDF9' is present on page  using regular expression

2024-07-13 00:21:57 - [TEST_STEP][PASSED] - verifyTextPresent("UDF 10", true): Text 'UDF 10' is present on page  using regular expression

2024-07-13 00:21:57 - [MESSAGE][PASSED] - Text 'UDF 10' is present on page  using regular expression

2024-07-13 00:21:57 - [TEST_STEP][PASSED] - verifyTextPresent("Australia", true): Text 'Australia' is present on page  using regular expression

2024-07-13 00:21:57 - [MESSAGE][PASSED] - Text 'Australia' is present on page  using regular expression

2024-07-13 00:21:57 - [TEST_STEP][PASSED] - verifyTextPresent("Denmark", true): Text 'Denmark' is present on page  using regular expression

2024-07-13 00:21:58 - [MESSAGE][PASSED] - Text 'Denmark' is present on page  using regular expression

2024-07-13 00:21:58 - [TEST_STEP][PASSED] - verifyTextPresent("Sweden", true): Text 'Sweden' is present on page  using regular expression

2024-07-13 00:21:58 - [MESSAGE][PASSED] - Text 'Sweden' is present on page  using regular expression

2024-07-13 00:21:58 - [TEST_STEP][PASSED] - verifyTextPresent("Austria", true): Text 'Austria' is present on page  using regular expression

2024-07-13 00:21:58 - [MESSAGE][PASSED] - Text 'Austria' is present on page  using regular expression

2024-07-13 00:21:58 - [TEST_STEP][PASSED] - verifyTextPresent("Orange Recorded", true): Text 'Orange Recorded' is present on page  using regular expression

2024-07-13 00:21:59 - [MESSAGE][PASSED] - Text 'Orange Recorded' is present on page  using regular expression

2024-07-13 00:21:59 - [TEST_STEP][PASSED] - verifyTextPresent("Yellow Recorded", true): Text 'Yellow Recorded' is present on page  using regular expression

2024-07-13 00:21:59 - [MESSAGE][PASSED] - Text 'Yellow Recorded' is present on page  using regular expression

2024-07-13 00:21:59 - [TEST_STEP][PASSED] - verifyTextPresent("Norway", true): Text 'Norway' is present on page  using regular expression

2024-07-13 00:21:59 - [MESSAGE][PASSED] - Text 'Norway' is present on page  using regular expression

2024-07-13 00:21:59 - [TEST_STEP][PASSED] - verifyTextPresent("Netherlands", true): Text 'Netherlands' is present on page  using regular expression

2024-07-13 00:22:00 - [MESSAGE][PASSED] - Text 'Netherlands' is present on page  using regular expression

2024-07-13 00:22:00 - [TEST_STEP][PASSED] - verifyTextPresent("Switzerland", true): Text 'Switzerland' is present on page  using regular expression

2024-07-13 00:22:00 - [MESSAGE][PASSED] - Text 'Switzerland' is present on page  using regular expression

2024-07-13 00:22:00 - [TEST_STEP][PASSED] - verifyTextPresent("France", true): Text 'France' is present on page  using regular expression

2024-07-13 00:22:00 - [MESSAGE][PASSED] - Text 'France' is present on page  using regular expression

2024-07-13 00:22:00 - [TEST_STEP][PASSED] - verifyTextPresent("Amount", true): Text 'Amount' is present on page  using regular expression

2024-07-13 00:22:01 - [MESSAGE][PASSED] - Text 'Amount' is present on page  using regular expression

2024-07-13 00:22:01 - [TEST_STEP][PASSED] - verifyTextPresent("Service Fee", true): Text 'Service Fee' is present on page  using regular expression

2024-07-13 00:22:01 - [MESSAGE][PASSED] - Text 'Service Fee' is present on page  using regular expression

2024-07-13 00:22:01 - [TEST_STEP][PASSED] - verifyTextPresent("Service Fee Type", true): Text 'Service Fee Type' is present on page  using regular expression

2024-07-13 00:22:01 - [MESSAGE][PASSED] - Text 'Service Fee Type' is present on page  using regular expression

2024-07-13 00:22:01 - [TEST_STEP][PASSED] - verifyTextPresent("Total Amount", true): Text 'Total Amount' is present on page  using regular expression

2024-07-13 00:22:02 - [MESSAGE][PASSED] - Text 'Total Amount' is present on page  using regular expression

2024-07-13 00:22:02 - [TEST_STEP][PASSED] - verifyTextPresent("Transaction Type", true): Text 'Transaction Type' is present on page  using regular expression

2024-07-13 00:22:02 - [MESSAGE][PASSED] - Text 'Transaction Type' is present on page  using regular expression

2024-07-13 00:22:02 - [TEST_STEP][PASSED] - verifyTextPresent("11.50", true): Text '11.50' is present on page  using regular expression

2024-07-13 00:22:02 - [MESSAGE][PASSED] - Text '11.50' is present on page  using regular expression

2024-07-13 00:22:02 - [TEST_STEP][PASSED] - verifyTextPresent("5.00", true): Text '5.00' is present on page  using regular expression

2024-07-13 00:22:03 - [MESSAGE][PASSED] - Text '5.00' is present on page  using regular expression

2024-07-13 00:22:03 - [TEST_STEP][PASSED] - verifyTextPresent("Dual Transaction", true): Text 'Dual Transaction' is present on page  using regular expression

2024-07-13 00:22:03 - [MESSAGE][PASSED] - Text 'Dual Transaction' is present on page  using regular expression

2024-07-13 00:22:03 - [TEST_STEP][PASSED] - verifyTextPresent("16.50", true): Text '16.50' is present on page  using regular expression

2024-07-13 00:22:03 - [MESSAGE][PASSED] - Text '16.50' is present on page  using regular expression

2024-07-13 00:22:03 - [TEST_STEP][PASSED] - verifyTextPresent("Debit", true): Text 'Debit' is present on page  using regular expression

2024-07-13 00:22:04 - [MESSAGE][PASSED] - Text 'Debit' is present on page  using regular expression

2024-07-13 00:22:04 - [TEST_STEP][PASSED] - verifyTextPresent("Check Information", true): Text 'Check Information' is present on page  using regular expression

2024-07-13 00:22:04 - [MESSAGE][PASSED] - Text 'Check Information' is present on page  using regular expression

2024-07-13 00:22:04 - [TEST_STEP][PASSED] - verifyTextPresent("Account Type", true): Text 'Account Type' is present on page  using regular expression

2024-07-13 00:22:04 - [MESSAGE][PASSED] - Text 'Account Type' is present on page  using regular expression

2024-07-13 00:22:04 - [TEST_STEP][PASSED] - verifyTextPresent("Account Number", true): Text 'Account Number' is present on page  using regular expression

2024-07-13 00:22:05 - [MESSAGE][PASSED] - Text 'Account Number' is present on page  using regular expression

2024-07-13 00:22:05 - [TEST_STEP][PASSED] - verifyTextPresent("Routing Number", true): Text 'Routing Number' is present on page  using regular expression

2024-07-13 00:22:05 - [MESSAGE][PASSED] - Text 'Routing Number' is present on page  using regular expression

2024-07-13 00:22:05 - [TEST_STEP][PASSED] - verifyTextPresent("2691", true): Text '2691' is present on page  using regular expression

2024-07-13 00:22:05 - [MESSAGE][PASSED] - Text '2691' is present on page  using regular expression

2024-07-13 00:22:05 - [TEST_STEP][PASSED] - cardNameV = findTestData(dataFile).getValue("NameV", row): null

2024-07-13 00:22:06 - [TEST_STEP][PASSED] - al1V = findTestData(dataFile).getValue("AL1", row): null

2024-07-13 00:22:06 - [TEST_STEP][PASSED] - al2V = findTestData(dataFile).getValue("AL2", row): null

2024-07-13 00:22:06 - [TEST_STEP][PASSED] - last4V = findTestData(dataFile).getValue("Last4", row): null

2024-07-13 00:22:06 - [TEST_STEP][PASSED] - accType = findTestData(dataFile).getValue("AccountType", row): null

2024-07-13 00:22:06 - [TEST_STEP][PASSED] - verifyTextPresent(cardNameV, true): Text 'ALISHA SLUSARSKI' is present on page  using regular expression

2024-07-13 00:22:06 - [MESSAGE][PASSED] - Text 'ALISHA SLUSARSKI' is present on page  using regular expression

2024-07-13 00:22:06 - [TEST_STEP][PASSED] - verifyTextPresent("Address Line 1", true): Text 'Address Line 1' is present on page  using regular expression

2024-07-13 00:22:07 - [MESSAGE][PASSED] - Text 'Address Line 1' is present on page  using regular expression

2024-07-13 00:22:07 - [TEST_STEP][PASSED] - verifyTextPresent("Address Line 2", true): Text 'Address Line 2' is present on page  using regular expression

2024-07-13 00:22:07 - [MESSAGE][PASSED] - Text 'Address Line 2' is present on page  using regular expression

2024-07-13 00:22:07 - [TEST_STEP][PASSED] - verifyTextPresent("Country", true): Text 'Country' is present on page  using regular expression

2024-07-13 00:22:07 - [MESSAGE][PASSED] - Text 'Country' is present on page  using regular expression

2024-07-13 00:22:07 - [TEST_STEP][PASSED] - verifyTextPresent("City", true): Text 'City' is present on page  using regular expression

2024-07-13 00:22:08 - [MESSAGE][PASSED] - Text 'City' is present on page  using regular expression

2024-07-13 00:22:08 - [TEST_STEP][PASSED] - verifyTextPresent("State", true): Text 'State' is present on page  using regular expression

2024-07-13 00:22:08 - [MESSAGE][PASSED] - Text 'State' is present on page  using regular expression

2024-07-13 00:22:08 - [TEST_STEP][PASSED] - verifyTextPresent("ZIP Code", true): Text 'ZIP Code' is present on page  using regular expression

2024-07-13 00:22:08 - [MESSAGE][PASSED] - Text 'ZIP Code' is present on page  using regular expression

2024-07-13 00:22:08 - [TEST_STEP][PASSED] - verifyTextPresent(al1V, true): Text '3273 State St' is present on page  using regular expression

2024-07-13 00:22:09 - [MESSAGE][PASSED] - Text '3273 State St' is present on page  using regular expression

2024-07-13 00:22:09 - [TEST_STEP][PASSED] - verifyTextPresent(al2V, true): Text 'apt #4' is present on page  using regular expression

2024-07-13 00:22:09 - [MESSAGE][PASSED] - Text 'apt #4' is present on page  using regular expression

2024-07-13 00:22:09 - [TEST_STEP][PASSED] - verifyTextPresent("United States", true): Text 'United States' is present on page  using regular expression

2024-07-13 00:22:09 - [MESSAGE][PASSED] - Text 'United States' is present on page  using regular expression

2024-07-13 00:22:09 - [TEST_STEP][PASSED] - verifyTextPresent("ARLINGTON", true): Text 'ARLINGTON' is present on page  using regular expression

2024-07-13 00:22:09 - [MESSAGE][PASSED] - Text 'ARLINGTON' is present on page  using regular expression

2024-07-13 00:22:09 - [TEST_STEP][PASSED] - verifyTextPresent("Virginia", true): Text 'Virginia' is present on page  using regular expression

2024-07-13 00:22:10 - [MESSAGE][PASSED] - Text 'Virginia' is present on page  using regular expression

2024-07-13 00:22:10 - [TEST_STEP][PASSED] - verifyTextPresent("22201", true): Text '22201' is present on page  using regular expression

2024-07-13 00:22:10 - [MESSAGE][PASSED] - Text '22201' is present on page  using regular expression

2024-07-13 00:22:10 - [TEST_STEP][PASSED] - verifyTextPresent(accType, true): Text 'Savings' is present on page  using regular expression

2024-07-13 00:22:11 - [MESSAGE][PASSED] - Text 'Savings' is present on page  using regular expression

2024-07-13 00:22:11 - [TEST_STEP][PASSED] - verifyTextPresent(last4V, true): Text '1004' is present on page  using regular expression

2024-07-13 00:22:11 - [MESSAGE][PASSED] - Text '1004' is present on page  using regular expression

2024-07-13 00:22:11 - [TEST_STEP][PASSED] - closeBrowser(): Browser is closed

2024-07-13 00:22:12 - [MESSAGE][PASSED] - Browser is closed]]></system-out>
         <system-err><![CDATA[]]></system-err>
      </testcase>
      <testcase name="Test Cases/Admin Suite Bootstrap/VT_ACH_TestCases/DebitPersonal_TP_NoCF_Generic_Payment_TC" time="215.17" classname="Test Cases/Admin Suite Bootstrap/VT_ACH_TestCases/DebitPersonal_TP_NoCF_Generic_Payment_TC" status="PASSED">
         <system-out><![CDATA[2024-07-13 00:22:12 - [TEST_CASE][PASSED] - Test Cases/Admin Suite Bootstrap/VT_ACH_TestCases/DebitPersonal_TP_NoCF_Generic_Payment_TC: Test Cases/Admin Suite Bootstrap/VT_ACH_TestCases/DebitPersonal_TP_NoCF_Generic_Payment_TC

2024-07-13 00:22:13 - [TEST_STEP][PASSED] - path_Dashboard = "Object Repository/AdminSuiteBootstrap_Pages/Dashboard_Bootstrap/": null

2024-07-13 00:22:13 - [TEST_STEP][PASSED] - path_VT = "Object Repository/AdminSuiteBootstrap_Pages/VT_Bootstrap/IssueTransactions/": null

2024-07-13 00:22:13 - [TEST_STEP][PASSED] - li_1 = vpos_Prefix: null

2024-07-13 00:22:13 - [TEST_STEP][PASSED] - li_2 = "/transactions/AuthCapForm/": null

2024-07-13 00:22:13 - [TEST_STEP][PASSED] - executionProfile = getExecutionProfile(): null

2024-07-13 00:22:13 - [TEST_STEP][PASSED] - out.println("executionProfile : " + executionProfile): null

2024-07-13 00:22:13 - [TEST_STEP][PASSED] - appName = <not implemented yet for class: org.codehaus.groovy.ast.expr.EmptyExpression>: null

2024-07-13 00:22:13 - [TEST_STEP][PASSED] - appID = <not implemented yet for class: org.codehaus.groovy.ast.expr.EmptyExpression>: null

2024-07-13 00:22:13 - [TEST_STEP][PASSED] - cardNameV = <not implemented yet for class: org.codehaus.groovy.ast.expr.EmptyExpression>: null

2024-07-13 00:22:13 - [TEST_STEP][PASSED] - al1V = <not implemented yet for class: org.codehaus.groovy.ast.expr.EmptyExpression>: null

2024-07-13 00:22:13 - [TEST_STEP][PASSED] - al2V = <not implemented yet for class: org.codehaus.groovy.ast.expr.EmptyExpression>: null

2024-07-13 00:22:13 - [TEST_STEP][PASSED] - zipV = <not implemented yet for class: org.codehaus.groovy.ast.expr.EmptyExpression>: null

2024-07-13 00:22:13 - [TEST_STEP][PASSED] - accType = <not implemented yet for class: org.codehaus.groovy.ast.expr.EmptyExpression>: null

2024-07-13 00:22:13 - [TEST_STEP][PASSED] - last4V = <not implemented yet for class: org.codehaus.groovy.ast.expr.EmptyExpression>: null

2024-07-13 00:22:13 - [TEST_STEP][PASSED] - resText = "Fail": null

2024-07-13 00:22:13 - [TEST_STEP][PASSED] - resColumn = "Result": null

2024-07-13 00:22:13 - [TEST_STEP][PASSED] - datCloumn = "Date": null

2024-07-13 00:22:13 - [TEST_STEP][PASSED] - fileLoc = "KatalonData/Bootstrap/VT-ACH-Data.xlsx": null

2024-07-13 00:22:13 - [TEST_STEP][PASSED] - numOfRows = <not implemented yet for class: org.codehaus.groovy.ast.expr.EmptyExpression>: null

2024-07-13 00:22:13 - [TEST_STEP][PASSED] - dataFile = <not implemented yet for class: org.codehaus.groovy.ast.expr.EmptyExpression>: null

2024-07-13 00:22:13 - [TEST_STEP][PASSED] - nameSheet = <not implemented yet for class: org.codehaus.groovy.ast.expr.EmptyExpression>: null

2024-07-13 00:22:13 - [TEST_STEP][PASSED] - nameSheet = "VT-ACHPersonal-NoCF-Generic": null

2024-07-13 00:22:13 - [TEST_STEP][PASSED] - numOfRows = findTestData("QA/Bootstrap/VT-ACH-TestData/VT-DebitData-NoCF-Generic").getRowNumbers(): null

2024-07-13 00:22:13 - [TEST_STEP][PASSED] - println("Number of Records: " + numOfRows): null

2024-07-13 00:22:13 - [TEST_STEP][PASSED] - dataFile = "QA/Bootstrap/VT-ACH-TestData/VT-DebitData-NoCF-Generic": null

2024-07-13 00:22:13 - [TEST_STEP][PASSED] - for ([row = 1, row <= numOfRows, (row++)]): Browser is closed

2024-07-13 00:22:13 - [TEST_STEP][PASSED] - ExecuteTC = findTestData(dataFile).getValue("Execute", row): null

2024-07-13 00:22:13 - [TEST_STEP][PASSED] - out.println("Value of Execute is : " + ExecuteTC): null

2024-07-13 00:22:13 - [TEST_STEP][PASSED] - switch (executionProfile): null

2024-07-13 00:22:13 - [TEST_STEP][PASSED] - case "QA2Profile":: null

2024-07-13 00:22:13 - [TEST_STEP][PASSED] - appName = findTestData(dataFile).getValue("AppNameQA", row): null

2024-07-13 00:22:13 - [TEST_STEP][PASSED] - appID = findTestData(dataFile).getValue("AppIDQA", row): null

2024-07-13 00:22:13 - [TEST_STEP][PASSED] - break: null

2024-07-13 00:22:13 - [TEST_STEP][PASSED] - hrefAppID = li_1 + appID + li_2: null

2024-07-13 00:22:13 - [TEST_STEP][PASSED] - hrefApp = li_1 + appID + "/": null

2024-07-13 00:22:13 - [TEST_STEP][PASSED] - println("hrefApp : " + hrefApp): null

2024-07-13 00:22:13 - [TEST_STEP][PASSED] - if (ExecuteTC.equalsIgnoreCase("Y")): Browser is closed

2024-07-13 00:22:13 - [TEST_STEP][PASSED] - out.println("Begin Record Number: " + row): null

2024-07-13 00:22:13 - [TEST_STEP][PASSED] - today = new java.util.Date(): null

2024-07-13 00:22:13 - [TEST_STEP][PASSED] - println(today): null

2024-07-13 00:22:13 - [TEST_STEP][PASSED] - datText = today: null

2024-07-13 00:22:13 - [TEST_STEP][PASSED] - adminSuiteBootstrap.loginFunctionality.login_AdminSuite(): adminSuiteBootstrap.loginFunctionality.login_AdminSuite is PASSED

2024-07-13 00:22:13 - [MESSAGE][INFO] - Starting 'Chrome' driver

2024-07-13 00:22:13 - [MESSAGE][INFO] - User set preference: ['acceptInsecureCerts', 'true']

2024-07-13 00:22:13 - [MESSAGE][INFO] - Action delay is set to 0 milliseconds

2024-07-13 00:22:16 - [MESSAGE][PASSED] - Browser is opened with url: 'https://qa2.velocitypayment.com/admin/imtiaz'

2024-07-13 00:22:16 - [MESSAGE][PASSED] - Current window maximized

2024-07-13 00:22:17 - [MESSAGE][PASSED] - Object 'Object Repository/Login_Page/Login_Username_Okta' is present

2024-07-13 00:22:17 - [MESSAGE][PASSED] - Text 'iahmed' is set on object 'Object Repository/Login_Page/Login_Username_Okta'

2024-07-13 00:22:18 - [MESSAGE][PASSED] - Text 'Hello!6666666' is set on object 'Object Repository/Login_Page/Login_Password_Okta'

2024-07-13 00:22:19 - [MESSAGE][PASSED] - Object: 'Object Repository/Login_Page/Login_Submit_Okta' is clicked on

2024-07-13 00:22:19 - [MESSAGE][PASSED] - adminSuiteBootstrap.loginFunctionality.login_AdminSuite is PASSED

2024-07-13 00:22:19 - [TEST_STEP][PASSED] - click(findTestObject(path_Dashboard + appName)): Object: 'Object Repository/AdminSuiteBootstrap_Pages/Dashboard_Bootstrap/a_Access AutoNoCFtp' is clicked on

2024-07-13 00:22:26 - [MESSAGE][PASSED] - Object: 'Object Repository/AdminSuiteBootstrap_Pages/Dashboard_Bootstrap/a_Access AutoNoCFtp' is clicked on

2024-07-13 00:22:26 - [TEST_STEP][PASSED] - click(findTestObject(path_VT + "button_Debit")): Object: 'Object Repository/AdminSuiteBootstrap_Pages/VT_Bootstrap/IssueTransactions/button_Debit' is clicked on

2024-07-13 00:22:27 - [MESSAGE][PASSED] - Object: 'Object Repository/AdminSuiteBootstrap_Pages/VT_Bootstrap/IssueTransactions/button_Debit' is clicked on

2024-07-13 00:22:27 - [TEST_STEP][PASSED] - click(findTestObject(path_VT + "a_Personal")): Object: 'Object Repository/AdminSuiteBootstrap_Pages/VT_Bootstrap/IssueTransactions/a_Personal' is clicked on

2024-07-13 00:22:28 - [MESSAGE][PASSED] - Object: 'Object Repository/AdminSuiteBootstrap_Pages/VT_Bootstrap/IssueTransactions/a_Personal' is clicked on

2024-07-13 00:22:28 - [TEST_STEP][PASSED] - adminSuiteBootstrap.debitPersonalsetData.debitPersonal_DataDriven(row, dataFile): adminSuiteBootstrap.debitPersonalsetData.debitPersonal_DataDriven is PASSED

2024-07-13 00:22:31 - [MESSAGE][PASSED] - Text 'John' is set on object 'Object Repository/AdminSuiteBootstrap_Pages/VT_Bootstrap/ACHPersonal/input_firstName'

2024-07-13 00:22:31 - [MESSAGE][PASSED] - Text 'Gordonas' is set on object 'Object Repository/AdminSuiteBootstrap_Pages/VT_Bootstrap/ACHPersonal/input_lastName'

2024-07-13 00:22:32 - [MESSAGE][PASSED] - Text '133 Meadow Ln' is set on object 'Object Repository/AdminSuiteBootstrap_Pages/VT_Bootstrap/ACHPersonal/input_address'

2024-07-13 00:22:33 - [MESSAGE][PASSED] - Text 'apt #123' is set on object 'Object Repository/AdminSuiteBootstrap_Pages/VT_Bootstrap/ACHPersonal/input_address2'

2024-07-13 00:22:34 - [MESSAGE][PASSED] - Text '22201' is set on object 'Object Repository/AdminSuiteBootstrap_Pages/VT_Bootstrap/ACHPersonal/input_zip'

2024-07-13 00:22:34 - [MESSAGE][PASSED] - Text '' is set on object 'Object Repository/AdminSuiteBootstrap_Pages/VT_Bootstrap/ACHPersonal/input_emailAddress'

2024-07-13 00:22:36 - [MESSAGE][PASSED] - Text '' is set on object 'Object Repository/AdminSuiteBootstrap_Pages/VT_Bootstrap/ACHPersonal/input_smsNumber'

2024-07-13 00:22:36 - [MESSAGE][PASSED] - Text '45681001' is set on object 'Object Repository/AdminSuiteBootstrap_Pages/VT_Bootstrap/ACHPersonal/input_accountNumber'

2024-07-13 00:22:37 - [MESSAGE][PASSED] - Text '256072691' is set on object 'Object Repository/AdminSuiteBootstrap_Pages/VT_Bootstrap/ACHPersonal/input_routingNumber'

2024-07-13 00:22:38 - [MESSAGE][PASSED] - All options with label 'Checking' are selected in object 'Object Repository/AdminSuiteBootstrap_Pages/VT_Bootstrap/ACHPersonal/select_AccountType'  using regular expression

2024-07-13 00:22:39 - [MESSAGE][PASSED] - All options with label 'PPD - Prearranged Payment and Deposit Entry' are selected in object 'Object Repository/AdminSuiteBootstrap_Pages/VT_Bootstrap/ACHPersonal/select_STD'  using regular expression

2024-07-13 00:22:40 - [MESSAGE][PASSED] - Text '11.5' is set on object 'Object Repository/AdminSuiteBootstrap_Pages/VT_Bootstrap/ACHPersonal/input_amount'

2024-07-13 00:22:41 - [MESSAGE][PASSED] - Text 'Denmark' is set on object 'Object Repository/AdminSuiteBootstrap_Pages/VT_Bootstrap/ACHPersonal/input_userDefined1'

2024-07-13 00:22:41 - [MESSAGE][PASSED] - Text 'Australia' is set on object 'Object Repository/AdminSuiteBootstrap_Pages/VT_Bootstrap/ACHPersonal/input_userDefined2'

2024-07-13 00:22:42 - [MESSAGE][PASSED] - Text 'Austria' is set on object 'Object Repository/AdminSuiteBootstrap_Pages/VT_Bootstrap/ACHPersonal/input_userDefined3'

2024-07-13 00:22:43 - [MESSAGE][PASSED] - Text 'Sweden' is set on object 'Object Repository/AdminSuiteBootstrap_Pages/VT_Bootstrap/ACHPersonal/input_userDefined4'

2024-07-13 00:22:44 - [MESSAGE][PASSED] - All options with label 'Yellow' are selected in object 'Object Repository/AdminSuiteBootstrap_Pages/VT_Bootstrap/ACHPersonal/select_UDF5'  using regular expression

2024-07-13 00:22:45 - [MESSAGE][PASSED] - All options with label 'Orange' are selected in object 'Object Repository/AdminSuiteBootstrap_Pages/VT_Bootstrap/ACHPersonal/select_UDF6'  using regular expression

2024-07-13 00:22:45 - [MESSAGE][PASSED] - Text 'Netherlands' is set on object 'Object Repository/AdminSuiteBootstrap_Pages/VT_Bootstrap/ACHPersonal/input_userDefined7'

2024-07-13 00:22:46 - [MESSAGE][PASSED] - Text 'Norway' is set on object 'Object Repository/AdminSuiteBootstrap_Pages/VT_Bootstrap/ACHPersonal/input_userDefined8'

2024-07-13 00:22:47 - [MESSAGE][PASSED] - Text 'France' is set on object 'Object Repository/AdminSuiteBootstrap_Pages/VT_Bootstrap/ACHPersonal/input_userDefined9'

2024-07-13 00:22:48 - [MESSAGE][PASSED] - Text 'Switzerland' is set on object 'Object Repository/AdminSuiteBootstrap_Pages/VT_Bootstrap/ACHPersonal/input_userDefined10'

2024-07-13 00:22:49 - [MESSAGE][PASSED] - Object: 'Object Repository/AdminSuiteBootstrap_Pages/VT_Bootstrap/ACHPersonal/button_Submit' is clicked on

2024-07-13 00:22:49 - [MESSAGE][PASSED] - adminSuiteBootstrap.debitPersonalsetData.debitPersonal_DataDriven is PASSED

2024-07-13 00:22:49 - [TEST_STEP][PASSED] - verifyTextPresent("Transaction Successful", true): Text 'Transaction Successful' is present on page  using regular expression

2024-07-13 00:22:49 - [MESSAGE][PASSED] - Text 'Transaction Successful' is present on page  using regular expression

2024-07-13 00:22:49 - [TEST_STEP][PASSED] - verifyTextPresent("Remittance ID", true): Text 'Remittance ID' is present on page  using regular expression

2024-07-13 00:22:50 - [MESSAGE][PASSED] - Text 'Remittance ID' is present on page  using regular expression

2024-07-13 00:22:50 - [TEST_STEP][PASSED] - verifyTextPresent("Received", true): Text 'Received' is present on page  using regular expression

2024-07-13 00:22:50 - [MESSAGE][PASSED] - Text 'Received' is present on page  using regular expression

2024-07-13 00:22:50 - [TEST_STEP][PASSED] - verifyTextPresent("UDF1", true): Text 'UDF1' is present on page  using regular expression

2024-07-13 00:22:50 - [MESSAGE][PASSED] - Text 'UDF1' is present on page  using regular expression

2024-07-13 00:22:50 - [TEST_STEP][PASSED] - verifyTextPresent("UDF2", true): Text 'UDF2' is present on page  using regular expression

2024-07-13 00:22:51 - [MESSAGE][PASSED] - Text 'UDF2' is present on page  using regular expression

2024-07-13 00:22:51 - [TEST_STEP][PASSED] - verifyTextPresent("UDF3", true): Text 'UDF3' is present on page  using regular expression

2024-07-13 00:22:51 - [MESSAGE][PASSED] - Text 'UDF3' is present on page  using regular expression

2024-07-13 00:22:51 - [TEST_STEP][PASSED] - verifyTextPresent("UDF4", true): Text 'UDF4' is present on page  using regular expression

2024-07-13 00:22:51 - [MESSAGE][PASSED] - Text 'UDF4' is present on page  using regular expression

2024-07-13 00:22:51 - [TEST_STEP][PASSED] - verifyTextPresent("UDF5", true): Text 'UDF5' is present on page  using regular expression

2024-07-13 00:22:52 - [MESSAGE][PASSED] - Text 'UDF5' is present on page  using regular expression

2024-07-13 00:22:52 - [TEST_STEP][PASSED] - verifyTextPresent("UDF6", true): Text 'UDF6' is present on page  using regular expression

2024-07-13 00:22:52 - [MESSAGE][PASSED] - Text 'UDF6' is present on page  using regular expression

2024-07-13 00:22:52 - [TEST_STEP][PASSED] - verifyTextPresent("UDF7", true): Text 'UDF7' is present on page  using regular expression

2024-07-13 00:22:52 - [MESSAGE][PASSED] - Text 'UDF7' is present on page  using regular expression

2024-07-13 00:22:52 - [TEST_STEP][PASSED] - verifyTextPresent("UDF8", true): Text 'UDF8' is present on page  using regular expression

2024-07-13 00:22:53 - [MESSAGE][PASSED] - Text 'UDF8' is present on page  using regular expression

2024-07-13 00:22:53 - [TEST_STEP][PASSED] - verifyTextPresent("UDF9", true): Text 'UDF9' is present on page  using regular expression

2024-07-13 00:22:53 - [MESSAGE][PASSED] - Text 'UDF9' is present on page  using regular expression

2024-07-13 00:22:53 - [TEST_STEP][PASSED] - verifyTextPresent("UDF 10", true): Text 'UDF 10' is present on page  using regular expression

2024-07-13 00:22:53 - [MESSAGE][PASSED] - Text 'UDF 10' is present on page  using regular expression

2024-07-13 00:22:53 - [TEST_STEP][PASSED] - verifyTextPresent("Australia", true): Text 'Australia' is present on page  using regular expression

2024-07-13 00:22:54 - [MESSAGE][PASSED] - Text 'Australia' is present on page  using regular expression

2024-07-13 00:22:54 - [TEST_STEP][PASSED] - verifyTextPresent("Denmark", true): Text 'Denmark' is present on page  using regular expression

2024-07-13 00:22:54 - [MESSAGE][PASSED] - Text 'Denmark' is present on page  using regular expression

2024-07-13 00:22:54 - [TEST_STEP][PASSED] - verifyTextPresent("Sweden", true): Text 'Sweden' is present on page  using regular expression

2024-07-13 00:22:54 - [MESSAGE][PASSED] - Text 'Sweden' is present on page  using regular expression

2024-07-13 00:22:54 - [TEST_STEP][PASSED] - verifyTextPresent("Austria", true): Text 'Austria' is present on page  using regular expression

2024-07-13 00:22:55 - [MESSAGE][PASSED] - Text 'Austria' is present on page  using regular expression

2024-07-13 00:22:55 - [TEST_STEP][PASSED] - verifyTextPresent("Orange Recorded", true): Text 'Orange Recorded' is present on page  using regular expression

2024-07-13 00:22:55 - [MESSAGE][PASSED] - Text 'Orange Recorded' is present on page  using regular expression

2024-07-13 00:22:55 - [TEST_STEP][PASSED] - verifyTextPresent("Yellow Recorded", true): Text 'Yellow Recorded' is present on page  using regular expression

2024-07-13 00:22:55 - [MESSAGE][PASSED] - Text 'Yellow Recorded' is present on page  using regular expression

2024-07-13 00:22:55 - [TEST_STEP][PASSED] - verifyTextPresent("Norway", true): Text 'Norway' is present on page  using regular expression

2024-07-13 00:22:56 - [MESSAGE][PASSED] - Text 'Norway' is present on page  using regular expression

2024-07-13 00:22:56 - [TEST_STEP][PASSED] - verifyTextPresent("Netherlands", true): Text 'Netherlands' is present on page  using regular expression

2024-07-13 00:22:56 - [MESSAGE][PASSED] - Text 'Netherlands' is present on page  using regular expression

2024-07-13 00:22:56 - [TEST_STEP][PASSED] - verifyTextPresent("Switzerland", true): Text 'Switzerland' is present on page  using regular expression

2024-07-13 00:22:56 - [MESSAGE][PASSED] - Text 'Switzerland' is present on page  using regular expression

2024-07-13 00:22:56 - [TEST_STEP][PASSED] - verifyTextPresent("France", true): Text 'France' is present on page  using regular expression

2024-07-13 00:22:57 - [MESSAGE][PASSED] - Text 'France' is present on page  using regular expression

2024-07-13 00:22:57 - [TEST_STEP][PASSED] - verifyTextPresent("Amount", true): Text 'Amount' is present on page  using regular expression

2024-07-13 00:22:57 - [MESSAGE][PASSED] - Text 'Amount' is present on page  using regular expression

2024-07-13 00:22:57 - [TEST_STEP][PASSED] - verifyTextPresent("Total Amount", true): Text 'Total Amount' is present on page  using regular expression

2024-07-13 00:22:57 - [MESSAGE][PASSED] - Text 'Total Amount' is present on page  using regular expression

2024-07-13 00:22:57 - [TEST_STEP][PASSED] - verifyTextPresent("Transaction Type", true): Text 'Transaction Type' is present on page  using regular expression

2024-07-13 00:22:58 - [MESSAGE][PASSED] - Text 'Transaction Type' is present on page  using regular expression

2024-07-13 00:22:58 - [TEST_STEP][PASSED] - verifyTextPresent("11.50", true): Text '11.50' is present on page  using regular expression

2024-07-13 00:22:58 - [MESSAGE][PASSED] - Text '11.50' is present on page  using regular expression

2024-07-13 00:22:58 - [TEST_STEP][PASSED] - verifyTextPresent("Debit", true): Text 'Debit' is present on page  using regular expression

2024-07-13 00:22:58 - [MESSAGE][PASSED] - Text 'Debit' is present on page  using regular expression

2024-07-13 00:22:58 - [TEST_STEP][PASSED] - verifyTextPresent("Check Information", true): Text 'Check Information' is present on page  using regular expression

2024-07-13 00:22:59 - [MESSAGE][PASSED] - Text 'Check Information' is present on page  using regular expression

2024-07-13 00:22:59 - [TEST_STEP][PASSED] - verifyTextPresent("Account Type", true): Text 'Account Type' is present on page  using regular expression

2024-07-13 00:22:59 - [MESSAGE][PASSED] - Text 'Account Type' is present on page  using regular expression

2024-07-13 00:22:59 - [TEST_STEP][PASSED] - verifyTextPresent("Account Number", true): Text 'Account Number' is present on page  using regular expression

2024-07-13 00:22:59 - [MESSAGE][PASSED] - Text 'Account Number' is present on page  using regular expression

2024-07-13 00:22:59 - [TEST_STEP][PASSED] - verifyTextPresent("Routing Number", true): Text 'Routing Number' is present on page  using regular expression

2024-07-13 00:23:00 - [MESSAGE][PASSED] - Text 'Routing Number' is present on page  using regular expression

2024-07-13 00:23:00 - [TEST_STEP][PASSED] - verifyTextPresent("2691", true): Text '2691' is present on page  using regular expression

2024-07-13 00:23:00 - [MESSAGE][PASSED] - Text '2691' is present on page  using regular expression

2024-07-13 00:23:00 - [TEST_STEP][PASSED] - cardNameV = findTestData(dataFile).getValue("NameV", row): null

2024-07-13 00:23:00 - [TEST_STEP][PASSED] - al1V = findTestData(dataFile).getValue("AL1", row): null

2024-07-13 00:23:00 - [TEST_STEP][PASSED] - al2V = findTestData(dataFile).getValue("AL2", row): null

2024-07-13 00:23:00 - [TEST_STEP][PASSED] - last4V = findTestData(dataFile).getValue("Last4", row): null

2024-07-13 00:23:00 - [TEST_STEP][PASSED] - accType = findTestData(dataFile).getValue("AccountType", row): null

2024-07-13 00:23:00 - [TEST_STEP][PASSED] - verifyTextPresent(cardNameV, true): Text 'JOHN GORDONAS' is present on page  using regular expression

2024-07-13 00:23:01 - [MESSAGE][PASSED] - Text 'JOHN GORDONAS' is present on page  using regular expression

2024-07-13 00:23:01 - [TEST_STEP][PASSED] - verifyTextPresent("Address Line 1", true): Text 'Address Line 1' is present on page  using regular expression

2024-07-13 00:23:01 - [MESSAGE][PASSED] - Text 'Address Line 1' is present on page  using regular expression

2024-07-13 00:23:01 - [TEST_STEP][PASSED] - verifyTextPresent("Address Line 2", true): Text 'Address Line 2' is present on page  using regular expression

2024-07-13 00:23:01 - [MESSAGE][PASSED] - Text 'Address Line 2' is present on page  using regular expression

2024-07-13 00:23:01 - [TEST_STEP][PASSED] - verifyTextPresent("Country", true): Text 'Country' is present on page  using regular expression

2024-07-13 00:23:02 - [MESSAGE][PASSED] - Text 'Country' is present on page  using regular expression

2024-07-13 00:23:02 - [TEST_STEP][PASSED] - verifyTextPresent("City", true): Text 'City' is present on page  using regular expression

2024-07-13 00:23:02 - [MESSAGE][PASSED] - Text 'City' is present on page  using regular expression

2024-07-13 00:23:02 - [TEST_STEP][PASSED] - verifyTextPresent("State", true): Text 'State' is present on page  using regular expression

2024-07-13 00:23:02 - [MESSAGE][PASSED] - Text 'State' is present on page  using regular expression

2024-07-13 00:23:02 - [TEST_STEP][PASSED] - verifyTextPresent("ZIP Code", true): Text 'ZIP Code' is present on page  using regular expression

2024-07-13 00:23:03 - [MESSAGE][PASSED] - Text 'ZIP Code' is present on page  using regular expression

2024-07-13 00:23:03 - [TEST_STEP][PASSED] - verifyTextPresent(al1V, true): Text '133 Meadow Ln' is present on page  using regular expression

2024-07-13 00:23:03 - [MESSAGE][PASSED] - Text '133 Meadow Ln' is present on page  using regular expression

2024-07-13 00:23:03 - [TEST_STEP][PASSED] - verifyTextPresent(al2V, true): Text 'apt #123' is present on page  using regular expression

2024-07-13 00:23:03 - [MESSAGE][PASSED] - Text 'apt #123' is present on page  using regular expression

2024-07-13 00:23:03 - [TEST_STEP][PASSED] - verifyTextPresent("United States", true): Text 'United States' is present on page  using regular expression

2024-07-13 00:23:04 - [MESSAGE][PASSED] - Text 'United States' is present on page  using regular expression

2024-07-13 00:23:04 - [TEST_STEP][PASSED] - verifyTextPresent("ARLINGTON", true): Text 'ARLINGTON' is present on page  using regular expression

2024-07-13 00:23:04 - [MESSAGE][PASSED] - Text 'ARLINGTON' is present on page  using regular expression

2024-07-13 00:23:04 - [TEST_STEP][PASSED] - verifyTextPresent("Virginia", true): Text 'Virginia' is present on page  using regular expression

2024-07-13 00:23:04 - [MESSAGE][PASSED] - Text 'Virginia' is present on page  using regular expression

2024-07-13 00:23:04 - [TEST_STEP][PASSED] - verifyTextPresent("22201", true): Text '22201' is present on page  using regular expression

2024-07-13 00:23:05 - [MESSAGE][PASSED] - Text '22201' is present on page  using regular expression

2024-07-13 00:23:05 - [TEST_STEP][PASSED] - verifyTextPresent(accType, true): Text 'Checking' is present on page  using regular expression

2024-07-13 00:23:05 - [MESSAGE][PASSED] - Text 'Checking' is present on page  using regular expression

2024-07-13 00:23:05 - [TEST_STEP][PASSED] - verifyTextPresent(last4V, true): Text '1001' is present on page  using regular expression

2024-07-13 00:23:05 - [MESSAGE][PASSED] - Text '1001' is present on page  using regular expression

2024-07-13 00:23:05 - [TEST_STEP][PASSED] - closeBrowser(): Browser is closed

2024-07-13 00:23:06 - [MESSAGE][PASSED] - Browser is closed

2024-07-13 00:23:06 - [TEST_STEP][PASSED] - ExecuteTC = findTestData(dataFile).getValue("Execute", row): null

2024-07-13 00:23:06 - [TEST_STEP][PASSED] - out.println("Value of Execute is : " + ExecuteTC): null

2024-07-13 00:23:06 - [TEST_STEP][PASSED] - switch (executionProfile): null

2024-07-13 00:23:06 - [TEST_STEP][PASSED] - case "QA2Profile":: null

2024-07-13 00:23:06 - [TEST_STEP][PASSED] - appName = findTestData(dataFile).getValue("AppNameQA", row): null

2024-07-13 00:23:06 - [TEST_STEP][PASSED] - appID = findTestData(dataFile).getValue("AppIDQA", row): null

2024-07-13 00:23:07 - [TEST_STEP][PASSED] - break: null

2024-07-13 00:23:07 - [TEST_STEP][PASSED] - hrefAppID = li_1 + appID + li_2: null

2024-07-13 00:23:07 - [TEST_STEP][PASSED] - hrefApp = li_1 + appID + "/": null

2024-07-13 00:23:07 - [TEST_STEP][PASSED] - println("hrefApp : " + hrefApp): null

2024-07-13 00:23:07 - [TEST_STEP][PASSED] - if (ExecuteTC.equalsIgnoreCase("Y")): Browser is closed

2024-07-13 00:23:07 - [TEST_STEP][PASSED] - out.println("Begin Record Number: " + row): null

2024-07-13 00:23:07 - [TEST_STEP][PASSED] - today = new java.util.Date(): null

2024-07-13 00:23:07 - [TEST_STEP][PASSED] - println(today): null

2024-07-13 00:23:07 - [TEST_STEP][PASSED] - datText = today: null

2024-07-13 00:23:07 - [TEST_STEP][PASSED] - adminSuiteBootstrap.loginFunctionality.login_AdminSuite(): adminSuiteBootstrap.loginFunctionality.login_AdminSuite is PASSED

2024-07-13 00:23:07 - [MESSAGE][INFO] - Starting 'Chrome' driver

2024-07-13 00:23:07 - [MESSAGE][INFO] - User set preference: ['acceptInsecureCerts', 'true']

2024-07-13 00:23:07 - [MESSAGE][INFO] - Action delay is set to 0 milliseconds

2024-07-13 00:23:09 - [MESSAGE][PASSED] - Browser is opened with url: 'https://qa2.velocitypayment.com/admin/imtiaz'

2024-07-13 00:23:09 - [MESSAGE][PASSED] - Current window maximized

2024-07-13 00:23:10 - [MESSAGE][PASSED] - Object 'Object Repository/Login_Page/Login_Username_Okta' is present

2024-07-13 00:23:11 - [MESSAGE][PASSED] - Text 'iahmed' is set on object 'Object Repository/Login_Page/Login_Username_Okta'

2024-07-13 00:23:12 - [MESSAGE][PASSED] - Text 'Hello!6666666' is set on object 'Object Repository/Login_Page/Login_Password_Okta'

2024-07-13 00:23:12 - [MESSAGE][PASSED] - Object: 'Object Repository/Login_Page/Login_Submit_Okta' is clicked on

2024-07-13 00:23:12 - [MESSAGE][PASSED] - adminSuiteBootstrap.loginFunctionality.login_AdminSuite is PASSED

2024-07-13 00:23:12 - [TEST_STEP][PASSED] - click(findTestObject(path_Dashboard + appName)): Object: 'Object Repository/AdminSuiteBootstrap_Pages/Dashboard_Bootstrap/a_Access AutoNoCFtp' is clicked on

2024-07-13 00:23:20 - [MESSAGE][PASSED] - Object: 'Object Repository/AdminSuiteBootstrap_Pages/Dashboard_Bootstrap/a_Access AutoNoCFtp' is clicked on

2024-07-13 00:23:20 - [TEST_STEP][PASSED] - click(findTestObject(path_VT + "button_Debit")): Object: 'Object Repository/AdminSuiteBootstrap_Pages/VT_Bootstrap/IssueTransactions/button_Debit' is clicked on

2024-07-13 00:23:21 - [MESSAGE][PASSED] - Object: 'Object Repository/AdminSuiteBootstrap_Pages/VT_Bootstrap/IssueTransactions/button_Debit' is clicked on

2024-07-13 00:23:21 - [TEST_STEP][PASSED] - click(findTestObject(path_VT + "a_Personal")): Object: 'Object Repository/AdminSuiteBootstrap_Pages/VT_Bootstrap/IssueTransactions/a_Personal' is clicked on

2024-07-13 00:23:21 - [MESSAGE][PASSED] - Object: 'Object Repository/AdminSuiteBootstrap_Pages/VT_Bootstrap/IssueTransactions/a_Personal' is clicked on

2024-07-13 00:23:21 - [TEST_STEP][PASSED] - adminSuiteBootstrap.debitPersonalsetData.debitPersonal_DataDriven(row, dataFile): adminSuiteBootstrap.debitPersonalsetData.debitPersonal_DataDriven is PASSED

2024-07-13 00:23:24 - [MESSAGE][PASSED] - Text 'Veronika' is set on object 'Object Repository/AdminSuiteBootstrap_Pages/VT_Bootstrap/ACHPersonal/input_firstName'

2024-07-13 00:23:25 - [MESSAGE][PASSED] - Text 'Inouye' is set on object 'Object Repository/AdminSuiteBootstrap_Pages/VT_Bootstrap/ACHPersonal/input_lastName'

2024-07-13 00:23:26 - [MESSAGE][PASSED] - Text '6 Greenleaf Ave' is set on object 'Object Repository/AdminSuiteBootstrap_Pages/VT_Bootstrap/ACHPersonal/input_address'

2024-07-13 00:23:26 - [MESSAGE][PASSED] - Text 'apt #3' is set on object 'Object Repository/AdminSuiteBootstrap_Pages/VT_Bootstrap/ACHPersonal/input_address2'

2024-07-13 00:23:27 - [MESSAGE][PASSED] - Text '22201' is set on object 'Object Repository/AdminSuiteBootstrap_Pages/VT_Bootstrap/ACHPersonal/input_zip'

2024-07-13 00:23:28 - [MESSAGE][PASSED] - Text '' is set on object 'Object Repository/AdminSuiteBootstrap_Pages/VT_Bootstrap/ACHPersonal/input_emailAddress'

2024-07-13 00:23:29 - [MESSAGE][PASSED] - Text '' is set on object 'Object Repository/AdminSuiteBootstrap_Pages/VT_Bootstrap/ACHPersonal/input_smsNumber'

2024-07-13 00:23:30 - [MESSAGE][PASSED] - Text '45681002' is set on object 'Object Repository/AdminSuiteBootstrap_Pages/VT_Bootstrap/ACHPersonal/input_accountNumber'

2024-07-13 00:23:31 - [MESSAGE][PASSED] - Text '256072691' is set on object 'Object Repository/AdminSuiteBootstrap_Pages/VT_Bootstrap/ACHPersonal/input_routingNumber'

2024-07-13 00:23:32 - [MESSAGE][PASSED] - All options with label 'Checking' are selected in object 'Object Repository/AdminSuiteBootstrap_Pages/VT_Bootstrap/ACHPersonal/select_AccountType'  using regular expression

2024-07-13 00:23:32 - [MESSAGE][PASSED] - All options with label 'TEL - Telephone-Initiated Entry' are selected in object 'Object Repository/AdminSuiteBootstrap_Pages/VT_Bootstrap/ACHPersonal/select_STD'  using regular expression

2024-07-13 00:23:34 - [MESSAGE][PASSED] - Text '11.5' is set on object 'Object Repository/AdminSuiteBootstrap_Pages/VT_Bootstrap/ACHPersonal/input_amount'

2024-07-13 00:23:34 - [MESSAGE][PASSED] - Text 'Denmark' is set on object 'Object Repository/AdminSuiteBootstrap_Pages/VT_Bootstrap/ACHPersonal/input_userDefined1'

2024-07-13 00:23:35 - [MESSAGE][PASSED] - Text 'Australia' is set on object 'Object Repository/AdminSuiteBootstrap_Pages/VT_Bootstrap/ACHPersonal/input_userDefined2'

2024-07-13 00:23:36 - [MESSAGE][PASSED] - Text 'Austria' is set on object 'Object Repository/AdminSuiteBootstrap_Pages/VT_Bootstrap/ACHPersonal/input_userDefined3'

2024-07-13 00:23:36 - [MESSAGE][PASSED] - Text 'Sweden' is set on object 'Object Repository/AdminSuiteBootstrap_Pages/VT_Bootstrap/ACHPersonal/input_userDefined4'

2024-07-13 00:23:37 - [MESSAGE][PASSED] - All options with label 'Yellow' are selected in object 'Object Repository/AdminSuiteBootstrap_Pages/VT_Bootstrap/ACHPersonal/select_UDF5'  using regular expression

2024-07-13 00:23:38 - [MESSAGE][PASSED] - All options with label 'Orange' are selected in object 'Object Repository/AdminSuiteBootstrap_Pages/VT_Bootstrap/ACHPersonal/select_UDF6'  using regular expression

2024-07-13 00:23:39 - [MESSAGE][PASSED] - Text 'Netherlands' is set on object 'Object Repository/AdminSuiteBootstrap_Pages/VT_Bootstrap/ACHPersonal/input_userDefined7'

2024-07-13 00:23:40 - [MESSAGE][PASSED] - Text 'Norway' is set on object 'Object Repository/AdminSuiteBootstrap_Pages/VT_Bootstrap/ACHPersonal/input_userDefined8'

2024-07-13 00:23:41 - [MESSAGE][PASSED] - Text 'France' is set on object 'Object Repository/AdminSuiteBootstrap_Pages/VT_Bootstrap/ACHPersonal/input_userDefined9'

2024-07-13 00:23:41 - [MESSAGE][PASSED] - Text 'Switzerland' is set on object 'Object Repository/AdminSuiteBootstrap_Pages/VT_Bootstrap/ACHPersonal/input_userDefined10'

2024-07-13 00:23:42 - [MESSAGE][PASSED] - Object: 'Object Repository/AdminSuiteBootstrap_Pages/VT_Bootstrap/ACHPersonal/button_Submit' is clicked on

2024-07-13 00:23:42 - [MESSAGE][PASSED] - adminSuiteBootstrap.debitPersonalsetData.debitPersonal_DataDriven is PASSED

2024-07-13 00:23:42 - [TEST_STEP][PASSED] - verifyTextPresent("Transaction Successful", true): Text 'Transaction Successful' is present on page  using regular expression

2024-07-13 00:23:43 - [MESSAGE][PASSED] - Text 'Transaction Successful' is present on page  using regular expression

2024-07-13 00:23:43 - [TEST_STEP][PASSED] - verifyTextPresent("Remittance ID", true): Text 'Remittance ID' is present on page  using regular expression

2024-07-13 00:23:43 - [MESSAGE][PASSED] - Text 'Remittance ID' is present on page  using regular expression

2024-07-13 00:23:43 - [TEST_STEP][PASSED] - verifyTextPresent("Received", true): Text 'Received' is present on page  using regular expression

2024-07-13 00:23:44 - [MESSAGE][PASSED] - Text 'Received' is present on page  using regular expression

2024-07-13 00:23:44 - [TEST_STEP][PASSED] - verifyTextPresent("UDF1", true): Text 'UDF1' is present on page  using regular expression

2024-07-13 00:23:44 - [MESSAGE][PASSED] - Text 'UDF1' is present on page  using regular expression

2024-07-13 00:23:44 - [TEST_STEP][PASSED] - verifyTextPresent("UDF2", true): Text 'UDF2' is present on page  using regular expression

2024-07-13 00:23:44 - [MESSAGE][PASSED] - Text 'UDF2' is present on page  using regular expression

2024-07-13 00:23:44 - [TEST_STEP][PASSED] - verifyTextPresent("UDF3", true): Text 'UDF3' is present on page  using regular expression

2024-07-13 00:23:45 - [MESSAGE][PASSED] - Text 'UDF3' is present on page  using regular expression

2024-07-13 00:23:45 - [TEST_STEP][PASSED] - verifyTextPresent("UDF4", true): Text 'UDF4' is present on page  using regular expression

2024-07-13 00:23:45 - [MESSAGE][PASSED] - Text 'UDF4' is present on page  using regular expression

2024-07-13 00:23:45 - [TEST_STEP][PASSED] - verifyTextPresent("UDF5", true): Text 'UDF5' is present on page  using regular expression

2024-07-13 00:23:45 - [MESSAGE][PASSED] - Text 'UDF5' is present on page  using regular expression

2024-07-13 00:23:45 - [TEST_STEP][PASSED] - verifyTextPresent("UDF6", true): Text 'UDF6' is present on page  using regular expression

2024-07-13 00:23:46 - [MESSAGE][PASSED] - Text 'UDF6' is present on page  using regular expression

2024-07-13 00:23:46 - [TEST_STEP][PASSED] - verifyTextPresent("UDF7", true): Text 'UDF7' is present on page  using regular expression

2024-07-13 00:23:46 - [MESSAGE][PASSED] - Text 'UDF7' is present on page  using regular expression

2024-07-13 00:23:46 - [TEST_STEP][PASSED] - verifyTextPresent("UDF8", true): Text 'UDF8' is present on page  using regular expression

2024-07-13 00:23:46 - [MESSAGE][PASSED] - Text 'UDF8' is present on page  using regular expression

2024-07-13 00:23:46 - [TEST_STEP][PASSED] - verifyTextPresent("UDF9", true): Text 'UDF9' is present on page  using regular expression

2024-07-13 00:23:47 - [MESSAGE][PASSED] - Text 'UDF9' is present on page  using regular expression

2024-07-13 00:23:47 - [TEST_STEP][PASSED] - verifyTextPresent("UDF 10", true): Text 'UDF 10' is present on page  using regular expression

2024-07-13 00:23:47 - [MESSAGE][PASSED] - Text 'UDF 10' is present on page  using regular expression

2024-07-13 00:23:47 - [TEST_STEP][PASSED] - verifyTextPresent("Australia", true): Text 'Australia' is present on page  using regular expression

2024-07-13 00:23:47 - [MESSAGE][PASSED] - Text 'Australia' is present on page  using regular expression

2024-07-13 00:23:47 - [TEST_STEP][PASSED] - verifyTextPresent("Denmark", true): Text 'Denmark' is present on page  using regular expression

2024-07-13 00:23:48 - [MESSAGE][PASSED] - Text 'Denmark' is present on page  using regular expression

2024-07-13 00:23:48 - [TEST_STEP][PASSED] - verifyTextPresent("Sweden", true): Text 'Sweden' is present on page  using regular expression

2024-07-13 00:23:48 - [MESSAGE][PASSED] - Text 'Sweden' is present on page  using regular expression

2024-07-13 00:23:48 - [TEST_STEP][PASSED] - verifyTextPresent("Austria", true): Text 'Austria' is present on page  using regular expression

2024-07-13 00:23:48 - [MESSAGE][PASSED] - Text 'Austria' is present on page  using regular expression

2024-07-13 00:23:48 - [TEST_STEP][PASSED] - verifyTextPresent("Orange Recorded", true): Text 'Orange Recorded' is present on page  using regular expression

2024-07-13 00:23:49 - [MESSAGE][PASSED] - Text 'Orange Recorded' is present on page  using regular expression

2024-07-13 00:23:49 - [TEST_STEP][PASSED] - verifyTextPresent("Yellow Recorded", true): Text 'Yellow Recorded' is present on page  using regular expression

2024-07-13 00:23:49 - [MESSAGE][PASSED] - Text 'Yellow Recorded' is present on page  using regular expression

2024-07-13 00:23:49 - [TEST_STEP][PASSED] - verifyTextPresent("Norway", true): Text 'Norway' is present on page  using regular expression

2024-07-13 00:23:49 - [MESSAGE][PASSED] - Text 'Norway' is present on page  using regular expression

2024-07-13 00:23:49 - [TEST_STEP][PASSED] - verifyTextPresent("Netherlands", true): Text 'Netherlands' is present on page  using regular expression

2024-07-13 00:23:50 - [MESSAGE][PASSED] - Text 'Netherlands' is present on page  using regular expression

2024-07-13 00:23:50 - [TEST_STEP][PASSED] - verifyTextPresent("Switzerland", true): Text 'Switzerland' is present on page  using regular expression

2024-07-13 00:23:50 - [MESSAGE][PASSED] - Text 'Switzerland' is present on page  using regular expression

2024-07-13 00:23:50 - [TEST_STEP][PASSED] - verifyTextPresent("France", true): Text 'France' is present on page  using regular expression

2024-07-13 00:23:50 - [MESSAGE][PASSED] - Text 'France' is present on page  using regular expression

2024-07-13 00:23:50 - [TEST_STEP][PASSED] - verifyTextPresent("Amount", true): Text 'Amount' is present on page  using regular expression

2024-07-13 00:23:51 - [MESSAGE][PASSED] - Text 'Amount' is present on page  using regular expression

2024-07-13 00:23:51 - [TEST_STEP][PASSED] - verifyTextPresent("Total Amount", true): Text 'Total Amount' is present on page  using regular expression

2024-07-13 00:23:51 - [MESSAGE][PASSED] - Text 'Total Amount' is present on page  using regular expression

2024-07-13 00:23:51 - [TEST_STEP][PASSED] - verifyTextPresent("Transaction Type", true): Text 'Transaction Type' is present on page  using regular expression

2024-07-13 00:23:51 - [MESSAGE][PASSED] - Text 'Transaction Type' is present on page  using regular expression

2024-07-13 00:23:51 - [TEST_STEP][PASSED] - verifyTextPresent("11.50", true): Text '11.50' is present on page  using regular expression

2024-07-13 00:23:52 - [MESSAGE][PASSED] - Text '11.50' is present on page  using regular expression

2024-07-13 00:23:52 - [TEST_STEP][PASSED] - verifyTextPresent("Debit", true): Text 'Debit' is present on page  using regular expression

2024-07-13 00:23:52 - [MESSAGE][PASSED] - Text 'Debit' is present on page  using regular expression

2024-07-13 00:23:52 - [TEST_STEP][PASSED] - verifyTextPresent("Check Information", true): Text 'Check Information' is present on page  using regular expression

2024-07-13 00:23:52 - [MESSAGE][PASSED] - Text 'Check Information' is present on page  using regular expression

2024-07-13 00:23:52 - [TEST_STEP][PASSED] - verifyTextPresent("Account Type", true): Text 'Account Type' is present on page  using regular expression

2024-07-13 00:23:53 - [MESSAGE][PASSED] - Text 'Account Type' is present on page  using regular expression

2024-07-13 00:23:53 - [TEST_STEP][PASSED] - verifyTextPresent("Account Number", true): Text 'Account Number' is present on page  using regular expression

2024-07-13 00:23:53 - [MESSAGE][PASSED] - Text 'Account Number' is present on page  using regular expression

2024-07-13 00:23:53 - [TEST_STEP][PASSED] - verifyTextPresent("Routing Number", true): Text 'Routing Number' is present on page  using regular expression

2024-07-13 00:23:53 - [MESSAGE][PASSED] - Text 'Routing Number' is present on page  using regular expression

2024-07-13 00:23:53 - [TEST_STEP][PASSED] - verifyTextPresent("2691", true): Text '2691' is present on page  using regular expression

2024-07-13 00:23:54 - [MESSAGE][PASSED] - Text '2691' is present on page  using regular expression

2024-07-13 00:23:54 - [TEST_STEP][PASSED] - cardNameV = findTestData(dataFile).getValue("NameV", row): null

2024-07-13 00:23:54 - [TEST_STEP][PASSED] - al1V = findTestData(dataFile).getValue("AL1", row): null

2024-07-13 00:23:54 - [TEST_STEP][PASSED] - al2V = findTestData(dataFile).getValue("AL2", row): null

2024-07-13 00:23:54 - [TEST_STEP][PASSED] - last4V = findTestData(dataFile).getValue("Last4", row): null

2024-07-13 00:23:54 - [TEST_STEP][PASSED] - accType = findTestData(dataFile).getValue("AccountType", row): null

2024-07-13 00:23:54 - [TEST_STEP][PASSED] - verifyTextPresent(cardNameV, true): Text 'VERONIKA INOUYE' is present on page  using regular expression

2024-07-13 00:23:55 - [MESSAGE][PASSED] - Text 'VERONIKA INOUYE' is present on page  using regular expression

2024-07-13 00:23:55 - [TEST_STEP][PASSED] - verifyTextPresent("Address Line 1", true): Text 'Address Line 1' is present on page  using regular expression

2024-07-13 00:23:55 - [MESSAGE][PASSED] - Text 'Address Line 1' is present on page  using regular expression

2024-07-13 00:23:55 - [TEST_STEP][PASSED] - verifyTextPresent("Address Line 2", true): Text 'Address Line 2' is present on page  using regular expression

2024-07-13 00:23:55 - [MESSAGE][PASSED] - Text 'Address Line 2' is present on page  using regular expression

2024-07-13 00:23:55 - [TEST_STEP][PASSED] - verifyTextPresent("Country", true): Text 'Country' is present on page  using regular expression

2024-07-13 00:23:56 - [MESSAGE][PASSED] - Text 'Country' is present on page  using regular expression

2024-07-13 00:23:56 - [TEST_STEP][PASSED] - verifyTextPresent("City", true): Text 'City' is present on page  using regular expression

2024-07-13 00:23:56 - [MESSAGE][PASSED] - Text 'City' is present on page  using regular expression

2024-07-13 00:23:56 - [TEST_STEP][PASSED] - verifyTextPresent("State", true): Text 'State' is present on page  using regular expression

2024-07-13 00:23:56 - [MESSAGE][PASSED] - Text 'State' is present on page  using regular expression

2024-07-13 00:23:56 - [TEST_STEP][PASSED] - verifyTextPresent("ZIP Code", true): Text 'ZIP Code' is present on page  using regular expression

2024-07-13 00:23:56 - [MESSAGE][PASSED] - Text 'ZIP Code' is present on page  using regular expression

2024-07-13 00:23:56 - [TEST_STEP][PASSED] - verifyTextPresent(al1V, true): Text '6 Greenleaf Ave' is present on page  using regular expression

2024-07-13 00:23:57 - [MESSAGE][PASSED] - Text '6 Greenleaf Ave' is present on page  using regular expression

2024-07-13 00:23:57 - [TEST_STEP][PASSED] - verifyTextPresent(al2V, true): Text 'apt #3' is present on page  using regular expression

2024-07-13 00:23:57 - [MESSAGE][PASSED] - Text 'apt #3' is present on page  using regular expression

2024-07-13 00:23:57 - [TEST_STEP][PASSED] - verifyTextPresent("United States", true): Text 'United States' is present on page  using regular expression

2024-07-13 00:23:57 - [MESSAGE][PASSED] - Text 'United States' is present on page  using regular expression

2024-07-13 00:23:57 - [TEST_STEP][PASSED] - verifyTextPresent("ARLINGTON", true): Text 'ARLINGTON' is present on page  using regular expression

2024-07-13 00:23:58 - [MESSAGE][PASSED] - Text 'ARLINGTON' is present on page  using regular expression

2024-07-13 00:23:58 - [TEST_STEP][PASSED] - verifyTextPresent("Virginia", true): Text 'Virginia' is present on page  using regular expression

2024-07-13 00:23:58 - [MESSAGE][PASSED] - Text 'Virginia' is present on page  using regular expression

2024-07-13 00:23:58 - [TEST_STEP][PASSED] - verifyTextPresent("22201", true): Text '22201' is present on page  using regular expression

2024-07-13 00:23:58 - [MESSAGE][PASSED] - Text '22201' is present on page  using regular expression

2024-07-13 00:23:58 - [TEST_STEP][PASSED] - verifyTextPresent(accType, true): Text 'Checking' is present on page  using regular expression

2024-07-13 00:23:59 - [MESSAGE][PASSED] - Text 'Checking' is present on page  using regular expression

2024-07-13 00:23:59 - [TEST_STEP][PASSED] - verifyTextPresent(last4V, true): Text '1002' is present on page  using regular expression

2024-07-13 00:23:59 - [MESSAGE][PASSED] - Text '1002' is present on page  using regular expression

2024-07-13 00:23:59 - [TEST_STEP][PASSED] - closeBrowser(): Browser is closed

2024-07-13 00:24:00 - [MESSAGE][PASSED] - Browser is closed

2024-07-13 00:24:00 - [TEST_STEP][PASSED] - ExecuteTC = findTestData(dataFile).getValue("Execute", row): null

2024-07-13 00:24:00 - [TEST_STEP][PASSED] - out.println("Value of Execute is : " + ExecuteTC): null

2024-07-13 00:24:00 - [TEST_STEP][PASSED] - switch (executionProfile): null

2024-07-13 00:24:00 - [TEST_STEP][PASSED] - case "QA2Profile":: null

2024-07-13 00:24:00 - [TEST_STEP][PASSED] - appName = findTestData(dataFile).getValue("AppNameQA", row): null

2024-07-13 00:24:00 - [TEST_STEP][PASSED] - appID = findTestData(dataFile).getValue("AppIDQA", row): null

2024-07-13 00:24:00 - [TEST_STEP][PASSED] - break: null

2024-07-13 00:24:00 - [TEST_STEP][PASSED] - hrefAppID = li_1 + appID + li_2: null

2024-07-13 00:24:00 - [TEST_STEP][PASSED] - hrefApp = li_1 + appID + "/": null

2024-07-13 00:24:00 - [TEST_STEP][PASSED] - println("hrefApp : " + hrefApp): null

2024-07-13 00:24:00 - [TEST_STEP][PASSED] - if (ExecuteTC.equalsIgnoreCase("Y")): Browser is closed

2024-07-13 00:24:00 - [TEST_STEP][PASSED] - out.println("Begin Record Number: " + row): null

2024-07-13 00:24:00 - [TEST_STEP][PASSED] - today = new java.util.Date(): null

2024-07-13 00:24:00 - [TEST_STEP][PASSED] - println(today): null

2024-07-13 00:24:00 - [TEST_STEP][PASSED] - datText = today: null

2024-07-13 00:24:00 - [TEST_STEP][PASSED] - adminSuiteBootstrap.loginFunctionality.login_AdminSuite(): adminSuiteBootstrap.loginFunctionality.login_AdminSuite is PASSED

2024-07-13 00:24:00 - [MESSAGE][INFO] - Starting 'Chrome' driver

2024-07-13 00:24:00 - [MESSAGE][INFO] - User set preference: ['acceptInsecureCerts', 'true']

2024-07-13 00:24:00 - [MESSAGE][INFO] - Action delay is set to 0 milliseconds

2024-07-13 00:24:02 - [MESSAGE][PASSED] - Browser is opened with url: 'https://qa2.velocitypayment.com/admin/imtiaz'

2024-07-13 00:24:03 - [MESSAGE][PASSED] - Current window maximized

2024-07-13 00:24:04 - [MESSAGE][PASSED] - Object 'Object Repository/Login_Page/Login_Username_Okta' is present

2024-07-13 00:24:05 - [MESSAGE][PASSED] - Text 'iahmed' is set on object 'Object Repository/Login_Page/Login_Username_Okta'

2024-07-13 00:24:06 - [MESSAGE][PASSED] - Text 'Hello!6666666' is set on object 'Object Repository/Login_Page/Login_Password_Okta'

2024-07-13 00:24:06 - [MESSAGE][PASSED] - Object: 'Object Repository/Login_Page/Login_Submit_Okta' is clicked on

2024-07-13 00:24:06 - [MESSAGE][PASSED] - adminSuiteBootstrap.loginFunctionality.login_AdminSuite is PASSED

2024-07-13 00:24:06 - [TEST_STEP][PASSED] - click(findTestObject(path_Dashboard + appName)): Object: 'Object Repository/AdminSuiteBootstrap_Pages/Dashboard_Bootstrap/a_Access AutoNoCFtp' is clicked on

2024-07-13 00:24:13 - [MESSAGE][PASSED] - Object: 'Object Repository/AdminSuiteBootstrap_Pages/Dashboard_Bootstrap/a_Access AutoNoCFtp' is clicked on

2024-07-13 00:24:13 - [TEST_STEP][PASSED] - click(findTestObject(path_VT + "button_Debit")): Object: 'Object Repository/AdminSuiteBootstrap_Pages/VT_Bootstrap/IssueTransactions/button_Debit' is clicked on

2024-07-13 00:24:14 - [MESSAGE][PASSED] - Object: 'Object Repository/AdminSuiteBootstrap_Pages/VT_Bootstrap/IssueTransactions/button_Debit' is clicked on

2024-07-13 00:24:14 - [TEST_STEP][PASSED] - click(findTestObject(path_VT + "a_Personal")): Object: 'Object Repository/AdminSuiteBootstrap_Pages/VT_Bootstrap/IssueTransactions/a_Personal' is clicked on

2024-07-13 00:24:15 - [MESSAGE][PASSED] - Object: 'Object Repository/AdminSuiteBootstrap_Pages/VT_Bootstrap/IssueTransactions/a_Personal' is clicked on

2024-07-13 00:24:15 - [TEST_STEP][PASSED] - adminSuiteBootstrap.debitPersonalsetData.debitPersonal_DataDriven(row, dataFile): adminSuiteBootstrap.debitPersonalsetData.debitPersonal_DataDriven is PASSED

2024-07-13 00:24:18 - [MESSAGE][PASSED] - Text 'Bette' is set on object 'Object Repository/AdminSuiteBootstrap_Pages/VT_Bootstrap/ACHPersonal/input_firstName'

2024-07-13 00:24:18 - [MESSAGE][PASSED] - Text 'Nicka' is set on object 'Object Repository/AdminSuiteBootstrap_Pages/VT_Bootstrap/ACHPersonal/input_lastName'

2024-07-13 00:24:19 - [MESSAGE][PASSED] - Text '6 S 33rd St' is set on object 'Object Repository/AdminSuiteBootstrap_Pages/VT_Bootstrap/ACHPersonal/input_address'

2024-07-13 00:24:20 - [MESSAGE][PASSED] - Text 'apt #2' is set on object 'Object Repository/AdminSuiteBootstrap_Pages/VT_Bootstrap/ACHPersonal/input_address2'

2024-07-13 00:24:20 - [MESSAGE][PASSED] - Text '22201' is set on object 'Object Repository/AdminSuiteBootstrap_Pages/VT_Bootstrap/ACHPersonal/input_zip'

2024-07-13 00:24:21 - [MESSAGE][PASSED] - Text '' is set on object 'Object Repository/AdminSuiteBootstrap_Pages/VT_Bootstrap/ACHPersonal/input_emailAddress'

2024-07-13 00:24:22 - [MESSAGE][PASSED] - Text '' is set on object 'Object Repository/AdminSuiteBootstrap_Pages/VT_Bootstrap/ACHPersonal/input_smsNumber'

2024-07-13 00:24:23 - [MESSAGE][PASSED] - Text '45681003' is set on object 'Object Repository/AdminSuiteBootstrap_Pages/VT_Bootstrap/ACHPersonal/input_accountNumber'

2024-07-13 00:24:24 - [MESSAGE][PASSED] - Text '256072691' is set on object 'Object Repository/AdminSuiteBootstrap_Pages/VT_Bootstrap/ACHPersonal/input_routingNumber'

2024-07-13 00:24:25 - [MESSAGE][PASSED] - All options with label 'Savings' are selected in object 'Object Repository/AdminSuiteBootstrap_Pages/VT_Bootstrap/ACHPersonal/select_AccountType'  using regular expression

2024-07-13 00:24:26 - [MESSAGE][PASSED] - All options with label 'PPD - Prearranged Payment and Deposit Entry' are selected in object 'Object Repository/AdminSuiteBootstrap_Pages/VT_Bootstrap/ACHPersonal/select_STD'  using regular expression

2024-07-13 00:24:27 - [MESSAGE][PASSED] - Text '11.5' is set on object 'Object Repository/AdminSuiteBootstrap_Pages/VT_Bootstrap/ACHPersonal/input_amount'

2024-07-13 00:24:27 - [MESSAGE][PASSED] - Text 'Denmark' is set on object 'Object Repository/AdminSuiteBootstrap_Pages/VT_Bootstrap/ACHPersonal/input_userDefined1'

2024-07-13 00:24:28 - [MESSAGE][PASSED] - Text 'Australia' is set on object 'Object Repository/AdminSuiteBootstrap_Pages/VT_Bootstrap/ACHPersonal/input_userDefined2'

2024-07-13 00:24:29 - [MESSAGE][PASSED] - Text 'Austria' is set on object 'Object Repository/AdminSuiteBootstrap_Pages/VT_Bootstrap/ACHPersonal/input_userDefined3'

2024-07-13 00:24:30 - [MESSAGE][PASSED] - Text 'Sweden' is set on object 'Object Repository/AdminSuiteBootstrap_Pages/VT_Bootstrap/ACHPersonal/input_userDefined4'

2024-07-13 00:24:31 - [MESSAGE][PASSED] - All options with label 'Yellow' are selected in object 'Object Repository/AdminSuiteBootstrap_Pages/VT_Bootstrap/ACHPersonal/select_UDF5'  using regular expression

2024-07-13 00:24:32 - [MESSAGE][PASSED] - All options with label 'Orange' are selected in object 'Object Repository/AdminSuiteBootstrap_Pages/VT_Bootstrap/ACHPersonal/select_UDF6'  using regular expression

2024-07-13 00:24:32 - [MESSAGE][PASSED] - Text 'Netherlands' is set on object 'Object Repository/AdminSuiteBootstrap_Pages/VT_Bootstrap/ACHPersonal/input_userDefined7'

2024-07-13 00:24:33 - [MESSAGE][PASSED] - Text 'Norway' is set on object 'Object Repository/AdminSuiteBootstrap_Pages/VT_Bootstrap/ACHPersonal/input_userDefined8'

2024-07-13 00:24:34 - [MESSAGE][PASSED] - Text 'France' is set on object 'Object Repository/AdminSuiteBootstrap_Pages/VT_Bootstrap/ACHPersonal/input_userDefined9'

2024-07-13 00:24:34 - [MESSAGE][PASSED] - Text 'Switzerland' is set on object 'Object Repository/AdminSuiteBootstrap_Pages/VT_Bootstrap/ACHPersonal/input_userDefined10'

2024-07-13 00:24:35 - [MESSAGE][PASSED] - Object: 'Object Repository/AdminSuiteBootstrap_Pages/VT_Bootstrap/ACHPersonal/button_Submit' is clicked on

2024-07-13 00:24:35 - [MESSAGE][PASSED] - adminSuiteBootstrap.debitPersonalsetData.debitPersonal_DataDriven is PASSED

2024-07-13 00:24:35 - [TEST_STEP][PASSED] - verifyTextPresent("Transaction Successful", true): Text 'Transaction Successful' is present on page  using regular expression

2024-07-13 00:24:36 - [MESSAGE][PASSED] - Text 'Transaction Successful' is present on page  using regular expression

2024-07-13 00:24:36 - [TEST_STEP][PASSED] - verifyTextPresent("Remittance ID", true): Text 'Remittance ID' is present on page  using regular expression

2024-07-13 00:24:36 - [MESSAGE][PASSED] - Text 'Remittance ID' is present on page  using regular expression

2024-07-13 00:24:36 - [TEST_STEP][PASSED] - verifyTextPresent("Received", true): Text 'Received' is present on page  using regular expression

2024-07-13 00:24:37 - [MESSAGE][PASSED] - Text 'Received' is present on page  using regular expression

2024-07-13 00:24:37 - [TEST_STEP][PASSED] - verifyTextPresent("UDF1", true): Text 'UDF1' is present on page  using regular expression

2024-07-13 00:24:37 - [MESSAGE][PASSED] - Text 'UDF1' is present on page  using regular expression

2024-07-13 00:24:37 - [TEST_STEP][PASSED] - verifyTextPresent("UDF2", true): Text 'UDF2' is present on page  using regular expression

2024-07-13 00:24:37 - [MESSAGE][PASSED] - Text 'UDF2' is present on page  using regular expression

2024-07-13 00:24:37 - [TEST_STEP][PASSED] - verifyTextPresent("UDF3", true): Text 'UDF3' is present on page  using regular expression

2024-07-13 00:24:38 - [MESSAGE][PASSED] - Text 'UDF3' is present on page  using regular expression

2024-07-13 00:24:38 - [TEST_STEP][PASSED] - verifyTextPresent("UDF4", true): Text 'UDF4' is present on page  using regular expression

2024-07-13 00:24:38 - [MESSAGE][PASSED] - Text 'UDF4' is present on page  using regular expression

2024-07-13 00:24:38 - [TEST_STEP][PASSED] - verifyTextPresent("UDF5", true): Text 'UDF5' is present on page  using regular expression

2024-07-13 00:24:38 - [MESSAGE][PASSED] - Text 'UDF5' is present on page  using regular expression

2024-07-13 00:24:38 - [TEST_STEP][PASSED] - verifyTextPresent("UDF6", true): Text 'UDF6' is present on page  using regular expression

2024-07-13 00:24:39 - [MESSAGE][PASSED] - Text 'UDF6' is present on page  using regular expression

2024-07-13 00:24:39 - [TEST_STEP][PASSED] - verifyTextPresent("UDF7", true): Text 'UDF7' is present on page  using regular expression

2024-07-13 00:24:39 - [MESSAGE][PASSED] - Text 'UDF7' is present on page  using regular expression

2024-07-13 00:24:39 - [TEST_STEP][PASSED] - verifyTextPresent("UDF8", true): Text 'UDF8' is present on page  using regular expression

2024-07-13 00:24:39 - [MESSAGE][PASSED] - Text 'UDF8' is present on page  using regular expression

2024-07-13 00:24:39 - [TEST_STEP][PASSED] - verifyTextPresent("UDF9", true): Text 'UDF9' is present on page  using regular expression

2024-07-13 00:24:40 - [MESSAGE][PASSED] - Text 'UDF9' is present on page  using regular expression

2024-07-13 00:24:40 - [TEST_STEP][PASSED] - verifyTextPresent("UDF 10", true): Text 'UDF 10' is present on page  using regular expression

2024-07-13 00:24:40 - [MESSAGE][PASSED] - Text 'UDF 10' is present on page  using regular expression

2024-07-13 00:24:40 - [TEST_STEP][PASSED] - verifyTextPresent("Australia", true): Text 'Australia' is present on page  using regular expression

2024-07-13 00:24:40 - [MESSAGE][PASSED] - Text 'Australia' is present on page  using regular expression

2024-07-13 00:24:40 - [TEST_STEP][PASSED] - verifyTextPresent("Denmark", true): Text 'Denmark' is present on page  using regular expression

2024-07-13 00:24:41 - [MESSAGE][PASSED] - Text 'Denmark' is present on page  using regular expression

2024-07-13 00:24:41 - [TEST_STEP][PASSED] - verifyTextPresent("Sweden", true): Text 'Sweden' is present on page  using regular expression

2024-07-13 00:24:41 - [MESSAGE][PASSED] - Text 'Sweden' is present on page  using regular expression

2024-07-13 00:24:41 - [TEST_STEP][PASSED] - verifyTextPresent("Austria", true): Text 'Austria' is present on page  using regular expression

2024-07-13 00:24:41 - [MESSAGE][PASSED] - Text 'Austria' is present on page  using regular expression

2024-07-13 00:24:41 - [TEST_STEP][PASSED] - verifyTextPresent("Orange Recorded", true): Text 'Orange Recorded' is present on page  using regular expression

2024-07-13 00:24:42 - [MESSAGE][PASSED] - Text 'Orange Recorded' is present on page  using regular expression

2024-07-13 00:24:42 - [TEST_STEP][PASSED] - verifyTextPresent("Yellow Recorded", true): Text 'Yellow Recorded' is present on page  using regular expression

2024-07-13 00:24:42 - [MESSAGE][PASSED] - Text 'Yellow Recorded' is present on page  using regular expression

2024-07-13 00:24:42 - [TEST_STEP][PASSED] - verifyTextPresent("Norway", true): Text 'Norway' is present on page  using regular expression

2024-07-13 00:24:42 - [MESSAGE][PASSED] - Text 'Norway' is present on page  using regular expression

2024-07-13 00:24:42 - [TEST_STEP][PASSED] - verifyTextPresent("Netherlands", true): Text 'Netherlands' is present on page  using regular expression

2024-07-13 00:24:43 - [MESSAGE][PASSED] - Text 'Netherlands' is present on page  using regular expression

2024-07-13 00:24:43 - [TEST_STEP][PASSED] - verifyTextPresent("Switzerland", true): Text 'Switzerland' is present on page  using regular expression

2024-07-13 00:24:43 - [MESSAGE][PASSED] - Text 'Switzerland' is present on page  using regular expression

2024-07-13 00:24:43 - [TEST_STEP][PASSED] - verifyTextPresent("France", true): Text 'France' is present on page  using regular expression

2024-07-13 00:24:43 - [MESSAGE][PASSED] - Text 'France' is present on page  using regular expression

2024-07-13 00:24:43 - [TEST_STEP][PASSED] - verifyTextPresent("Amount", true): Text 'Amount' is present on page  using regular expression

2024-07-13 00:24:44 - [MESSAGE][PASSED] - Text 'Amount' is present on page  using regular expression

2024-07-13 00:24:44 - [TEST_STEP][PASSED] - verifyTextPresent("Total Amount", true): Text 'Total Amount' is present on page  using regular expression

2024-07-13 00:24:44 - [MESSAGE][PASSED] - Text 'Total Amount' is present on page  using regular expression

2024-07-13 00:24:44 - [TEST_STEP][PASSED] - verifyTextPresent("Transaction Type", true): Text 'Transaction Type' is present on page  using regular expression

2024-07-13 00:24:44 - [MESSAGE][PASSED] - Text 'Transaction Type' is present on page  using regular expression

2024-07-13 00:24:44 - [TEST_STEP][PASSED] - verifyTextPresent("11.50", true): Text '11.50' is present on page  using regular expression

2024-07-13 00:24:45 - [MESSAGE][PASSED] - Text '11.50' is present on page  using regular expression

2024-07-13 00:24:45 - [TEST_STEP][PASSED] - verifyTextPresent("Debit", true): Text 'Debit' is present on page  using regular expression

2024-07-13 00:24:45 - [MESSAGE][PASSED] - Text 'Debit' is present on page  using regular expression

2024-07-13 00:24:45 - [TEST_STEP][PASSED] - verifyTextPresent("Check Information", true): Text 'Check Information' is present on page  using regular expression

2024-07-13 00:24:45 - [MESSAGE][PASSED] - Text 'Check Information' is present on page  using regular expression

2024-07-13 00:24:45 - [TEST_STEP][PASSED] - verifyTextPresent("Account Type", true): Text 'Account Type' is present on page  using regular expression

2024-07-13 00:24:46 - [MESSAGE][PASSED] - Text 'Account Type' is present on page  using regular expression

2024-07-13 00:24:46 - [TEST_STEP][PASSED] - verifyTextPresent("Account Number", true): Text 'Account Number' is present on page  using regular expression

2024-07-13 00:24:46 - [MESSAGE][PASSED] - Text 'Account Number' is present on page  using regular expression

2024-07-13 00:24:46 - [TEST_STEP][PASSED] - verifyTextPresent("Routing Number", true): Text 'Routing Number' is present on page  using regular expression

2024-07-13 00:24:46 - [MESSAGE][PASSED] - Text 'Routing Number' is present on page  using regular expression

2024-07-13 00:24:46 - [TEST_STEP][PASSED] - verifyTextPresent("2691", true): Text '2691' is present on page  using regular expression

2024-07-13 00:24:47 - [MESSAGE][PASSED] - Text '2691' is present on page  using regular expression

2024-07-13 00:24:47 - [TEST_STEP][PASSED] - cardNameV = findTestData(dataFile).getValue("NameV", row): null

2024-07-13 00:24:47 - [TEST_STEP][PASSED] - al1V = findTestData(dataFile).getValue("AL1", row): null

2024-07-13 00:24:47 - [TEST_STEP][PASSED] - al2V = findTestData(dataFile).getValue("AL2", row): null

2024-07-13 00:24:47 - [TEST_STEP][PASSED] - last4V = findTestData(dataFile).getValue("Last4", row): null

2024-07-13 00:24:47 - [TEST_STEP][PASSED] - accType = findTestData(dataFile).getValue("AccountType", row): null

2024-07-13 00:24:47 - [TEST_STEP][PASSED] - verifyTextPresent(cardNameV, true): Text 'BETTE NICKA' is present on page  using regular expression

2024-07-13 00:24:47 - [MESSAGE][PASSED] - Text 'BETTE NICKA' is present on page  using regular expression

2024-07-13 00:24:47 - [TEST_STEP][PASSED] - verifyTextPresent("Address Line 1", true): Text 'Address Line 1' is present on page  using regular expression

2024-07-13 00:24:48 - [MESSAGE][PASSED] - Text 'Address Line 1' is present on page  using regular expression

2024-07-13 00:24:48 - [TEST_STEP][PASSED] - verifyTextPresent("Address Line 2", true): Text 'Address Line 2' is present on page  using regular expression

2024-07-13 00:24:48 - [MESSAGE][PASSED] - Text 'Address Line 2' is present on page  using regular expression

2024-07-13 00:24:48 - [TEST_STEP][PASSED] - verifyTextPresent("Country", true): Text 'Country' is present on page  using regular expression

2024-07-13 00:24:48 - [MESSAGE][PASSED] - Text 'Country' is present on page  using regular expression

2024-07-13 00:24:48 - [TEST_STEP][PASSED] - verifyTextPresent("City", true): Text 'City' is present on page  using regular expression

2024-07-13 00:24:49 - [MESSAGE][PASSED] - Text 'City' is present on page  using regular expression

2024-07-13 00:24:49 - [TEST_STEP][PASSED] - verifyTextPresent("State", true): Text 'State' is present on page  using regular expression

2024-07-13 00:24:49 - [MESSAGE][PASSED] - Text 'State' is present on page  using regular expression

2024-07-13 00:24:49 - [TEST_STEP][PASSED] - verifyTextPresent("ZIP Code", true): Text 'ZIP Code' is present on page  using regular expression

2024-07-13 00:24:49 - [MESSAGE][PASSED] - Text 'ZIP Code' is present on page  using regular expression

2024-07-13 00:24:49 - [TEST_STEP][PASSED] - verifyTextPresent(al1V, true): Text '6 S 33rd St' is present on page  using regular expression

2024-07-13 00:24:50 - [MESSAGE][PASSED] - Text '6 S 33rd St' is present on page  using regular expression

2024-07-13 00:24:50 - [TEST_STEP][PASSED] - verifyTextPresent(al2V, true): Text 'apt #2' is present on page  using regular expression

2024-07-13 00:24:50 - [MESSAGE][PASSED] - Text 'apt #2' is present on page  using regular expression

2024-07-13 00:24:50 - [TEST_STEP][PASSED] - verifyTextPresent("United States", true): Text 'United States' is present on page  using regular expression

2024-07-13 00:24:50 - [MESSAGE][PASSED] - Text 'United States' is present on page  using regular expression

2024-07-13 00:24:50 - [TEST_STEP][PASSED] - verifyTextPresent("ARLINGTON", true): Text 'ARLINGTON' is present on page  using regular expression

2024-07-13 00:24:51 - [MESSAGE][PASSED] - Text 'ARLINGTON' is present on page  using regular expression

2024-07-13 00:24:51 - [TEST_STEP][PASSED] - verifyTextPresent("Virginia", true): Text 'Virginia' is present on page  using regular expression

2024-07-13 00:24:51 - [MESSAGE][PASSED] - Text 'Virginia' is present on page  using regular expression

2024-07-13 00:24:51 - [TEST_STEP][PASSED] - verifyTextPresent("22201", true): Text '22201' is present on page  using regular expression

2024-07-13 00:24:51 - [MESSAGE][PASSED] - Text '22201' is present on page  using regular expression

2024-07-13 00:24:51 - [TEST_STEP][PASSED] - verifyTextPresent(accType, true): Text 'Savings' is present on page  using regular expression

2024-07-13 00:24:52 - [MESSAGE][PASSED] - Text 'Savings' is present on page  using regular expression

2024-07-13 00:24:52 - [TEST_STEP][PASSED] - verifyTextPresent(last4V, true): Text '1003' is present on page  using regular expression

2024-07-13 00:24:52 - [MESSAGE][PASSED] - Text '1003' is present on page  using regular expression

2024-07-13 00:24:52 - [TEST_STEP][PASSED] - closeBrowser(): Browser is closed

2024-07-13 00:24:53 - [MESSAGE][PASSED] - Browser is closed

2024-07-13 00:24:53 - [TEST_STEP][PASSED] - ExecuteTC = findTestData(dataFile).getValue("Execute", row): null

2024-07-13 00:24:53 - [TEST_STEP][PASSED] - out.println("Value of Execute is : " + ExecuteTC): null

2024-07-13 00:24:53 - [TEST_STEP][PASSED] - switch (executionProfile): null

2024-07-13 00:24:53 - [TEST_STEP][PASSED] - case "QA2Profile":: null

2024-07-13 00:24:53 - [TEST_STEP][PASSED] - appName = findTestData(dataFile).getValue("AppNameQA", row): null

2024-07-13 00:24:53 - [TEST_STEP][PASSED] - appID = findTestData(dataFile).getValue("AppIDQA", row): null

2024-07-13 00:24:53 - [TEST_STEP][PASSED] - break: null

2024-07-13 00:24:53 - [TEST_STEP][PASSED] - hrefAppID = li_1 + appID + li_2: null

2024-07-13 00:24:53 - [TEST_STEP][PASSED] - hrefApp = li_1 + appID + "/": null

2024-07-13 00:24:53 - [TEST_STEP][PASSED] - println("hrefApp : " + hrefApp): null

2024-07-13 00:24:53 - [TEST_STEP][PASSED] - if (ExecuteTC.equalsIgnoreCase("Y")): Browser is closed

2024-07-13 00:24:53 - [TEST_STEP][PASSED] - out.println("Begin Record Number: " + row): null

2024-07-13 00:24:53 - [TEST_STEP][PASSED] - today = new java.util.Date(): null

2024-07-13 00:24:53 - [TEST_STEP][PASSED] - println(today): null

2024-07-13 00:24:53 - [TEST_STEP][PASSED] - datText = today: null

2024-07-13 00:24:53 - [TEST_STEP][PASSED] - adminSuiteBootstrap.loginFunctionality.login_AdminSuite(): adminSuiteBootstrap.loginFunctionality.login_AdminSuite is PASSED

2024-07-13 00:24:53 - [MESSAGE][INFO] - Starting 'Chrome' driver

2024-07-13 00:24:53 - [MESSAGE][INFO] - User set preference: ['acceptInsecureCerts', 'true']

2024-07-13 00:24:53 - [MESSAGE][INFO] - Action delay is set to 0 milliseconds

2024-07-13 00:24:55 - [MESSAGE][PASSED] - Browser is opened with url: 'https://qa2.velocitypayment.com/admin/imtiaz'

2024-07-13 00:24:56 - [MESSAGE][PASSED] - Current window maximized

2024-07-13 00:24:57 - [MESSAGE][PASSED] - Object 'Object Repository/Login_Page/Login_Username_Okta' is present

2024-07-13 00:24:57 - [MESSAGE][PASSED] - Text 'iahmed' is set on object 'Object Repository/Login_Page/Login_Username_Okta'

2024-07-13 00:24:58 - [MESSAGE][PASSED] - Text 'Hello!6666666' is set on object 'Object Repository/Login_Page/Login_Password_Okta'

2024-07-13 00:24:59 - [MESSAGE][PASSED] - Object: 'Object Repository/Login_Page/Login_Submit_Okta' is clicked on

2024-07-13 00:24:59 - [MESSAGE][PASSED] - adminSuiteBootstrap.loginFunctionality.login_AdminSuite is PASSED

2024-07-13 00:24:59 - [TEST_STEP][PASSED] - click(findTestObject(path_Dashboard + appName)): Object: 'Object Repository/AdminSuiteBootstrap_Pages/Dashboard_Bootstrap/a_Access AutoNoCFtp' is clicked on

2024-07-13 00:25:07 - [MESSAGE][PASSED] - Object: 'Object Repository/AdminSuiteBootstrap_Pages/Dashboard_Bootstrap/a_Access AutoNoCFtp' is clicked on

2024-07-13 00:25:07 - [TEST_STEP][PASSED] - click(findTestObject(path_VT + "button_Debit")): Object: 'Object Repository/AdminSuiteBootstrap_Pages/VT_Bootstrap/IssueTransactions/button_Debit' is clicked on

2024-07-13 00:25:07 - [MESSAGE][PASSED] - Object: 'Object Repository/AdminSuiteBootstrap_Pages/VT_Bootstrap/IssueTransactions/button_Debit' is clicked on

2024-07-13 00:25:07 - [TEST_STEP][PASSED] - click(findTestObject(path_VT + "a_Personal")): Object: 'Object Repository/AdminSuiteBootstrap_Pages/VT_Bootstrap/IssueTransactions/a_Personal' is clicked on

2024-07-13 00:25:08 - [MESSAGE][PASSED] - Object: 'Object Repository/AdminSuiteBootstrap_Pages/VT_Bootstrap/IssueTransactions/a_Personal' is clicked on

2024-07-13 00:25:08 - [TEST_STEP][PASSED] - adminSuiteBootstrap.debitPersonalsetData.debitPersonal_DataDriven(row, dataFile): adminSuiteBootstrap.debitPersonalsetData.debitPersonal_DataDriven is PASSED

2024-07-13 00:25:11 - [MESSAGE][PASSED] - Text 'Alisha' is set on object 'Object Repository/AdminSuiteBootstrap_Pages/VT_Bootstrap/ACHPersonal/input_firstName'

2024-07-13 00:25:12 - [MESSAGE][PASSED] - Text 'Slusarski' is set on object 'Object Repository/AdminSuiteBootstrap_Pages/VT_Bootstrap/ACHPersonal/input_lastName'

2024-07-13 00:25:12 - [MESSAGE][PASSED] - Text '3273 State St' is set on object 'Object Repository/AdminSuiteBootstrap_Pages/VT_Bootstrap/ACHPersonal/input_address'

2024-07-13 00:25:13 - [MESSAGE][PASSED] - Text 'apt #4' is set on object 'Object Repository/AdminSuiteBootstrap_Pages/VT_Bootstrap/ACHPersonal/input_address2'

2024-07-13 00:25:14 - [MESSAGE][PASSED] - Text '22201' is set on object 'Object Repository/AdminSuiteBootstrap_Pages/VT_Bootstrap/ACHPersonal/input_zip'

2024-07-13 00:25:15 - [MESSAGE][PASSED] - Text '' is set on object 'Object Repository/AdminSuiteBootstrap_Pages/VT_Bootstrap/ACHPersonal/input_emailAddress'

2024-07-13 00:25:16 - [MESSAGE][PASSED] - Text '' is set on object 'Object Repository/AdminSuiteBootstrap_Pages/VT_Bootstrap/ACHPersonal/input_smsNumber'

2024-07-13 00:25:17 - [MESSAGE][PASSED] - Text '45681004' is set on object 'Object Repository/AdminSuiteBootstrap_Pages/VT_Bootstrap/ACHPersonal/input_accountNumber'

2024-07-13 00:25:17 - [MESSAGE][PASSED] - Text '256072691' is set on object 'Object Repository/AdminSuiteBootstrap_Pages/VT_Bootstrap/ACHPersonal/input_routingNumber'

2024-07-13 00:25:19 - [MESSAGE][PASSED] - All options with label 'Savings' are selected in object 'Object Repository/AdminSuiteBootstrap_Pages/VT_Bootstrap/ACHPersonal/select_AccountType'  using regular expression

2024-07-13 00:25:20 - [MESSAGE][PASSED] - All options with label 'TEL - Telephone-Initiated Entry' are selected in object 'Object Repository/AdminSuiteBootstrap_Pages/VT_Bootstrap/ACHPersonal/select_STD'  using regular expression

2024-07-13 00:25:21 - [MESSAGE][PASSED] - Text '11.5' is set on object 'Object Repository/AdminSuiteBootstrap_Pages/VT_Bootstrap/ACHPersonal/input_amount'

2024-07-13 00:25:21 - [MESSAGE][PASSED] - Text 'Denmark' is set on object 'Object Repository/AdminSuiteBootstrap_Pages/VT_Bootstrap/ACHPersonal/input_userDefined1'

2024-07-13 00:25:22 - [MESSAGE][PASSED] - Text 'Australia' is set on object 'Object Repository/AdminSuiteBootstrap_Pages/VT_Bootstrap/ACHPersonal/input_userDefined2'

2024-07-13 00:25:23 - [MESSAGE][PASSED] - Text 'Austria' is set on object 'Object Repository/AdminSuiteBootstrap_Pages/VT_Bootstrap/ACHPersonal/input_userDefined3'

2024-07-13 00:25:23 - [MESSAGE][PASSED] - Text 'Sweden' is set on object 'Object Repository/AdminSuiteBootstrap_Pages/VT_Bootstrap/ACHPersonal/input_userDefined4'

2024-07-13 00:25:24 - [MESSAGE][PASSED] - All options with label 'Yellow' are selected in object 'Object Repository/AdminSuiteBootstrap_Pages/VT_Bootstrap/ACHPersonal/select_UDF5'  using regular expression

2024-07-13 00:25:25 - [MESSAGE][PASSED] - All options with label 'Orange' are selected in object 'Object Repository/AdminSuiteBootstrap_Pages/VT_Bootstrap/ACHPersonal/select_UDF6'  using regular expression

2024-07-13 00:25:26 - [MESSAGE][PASSED] - Text 'Netherlands' is set on object 'Object Repository/AdminSuiteBootstrap_Pages/VT_Bootstrap/ACHPersonal/input_userDefined7'

2024-07-13 00:25:27 - [MESSAGE][PASSED] - Text 'Norway' is set on object 'Object Repository/AdminSuiteBootstrap_Pages/VT_Bootstrap/ACHPersonal/input_userDefined8'

2024-07-13 00:25:27 - [MESSAGE][PASSED] - Text 'France' is set on object 'Object Repository/AdminSuiteBootstrap_Pages/VT_Bootstrap/ACHPersonal/input_userDefined9'

2024-07-13 00:25:28 - [MESSAGE][PASSED] - Text 'Switzerland' is set on object 'Object Repository/AdminSuiteBootstrap_Pages/VT_Bootstrap/ACHPersonal/input_userDefined10'

2024-07-13 00:25:29 - [MESSAGE][PASSED] - Object: 'Object Repository/AdminSuiteBootstrap_Pages/VT_Bootstrap/ACHPersonal/button_Submit' is clicked on

2024-07-13 00:25:29 - [MESSAGE][PASSED] - adminSuiteBootstrap.debitPersonalsetData.debitPersonal_DataDriven is PASSED

2024-07-13 00:25:29 - [TEST_STEP][PASSED] - verifyTextPresent("Transaction Successful", true): Text 'Transaction Successful' is present on page  using regular expression

2024-07-13 00:25:30 - [MESSAGE][PASSED] - Text 'Transaction Successful' is present on page  using regular expression

2024-07-13 00:25:30 - [TEST_STEP][PASSED] - verifyTextPresent("Remittance ID", true): Text 'Remittance ID' is present on page  using regular expression

2024-07-13 00:25:30 - [MESSAGE][PASSED] - Text 'Remittance ID' is present on page  using regular expression

2024-07-13 00:25:30 - [TEST_STEP][PASSED] - verifyTextPresent("Received", true): Text 'Received' is present on page  using regular expression

2024-07-13 00:25:31 - [MESSAGE][PASSED] - Text 'Received' is present on page  using regular expression

2024-07-13 00:25:31 - [TEST_STEP][PASSED] - verifyTextPresent("UDF1", true): Text 'UDF1' is present on page  using regular expression

2024-07-13 00:25:31 - [MESSAGE][PASSED] - Text 'UDF1' is present on page  using regular expression

2024-07-13 00:25:31 - [TEST_STEP][PASSED] - verifyTextPresent("UDF2", true): Text 'UDF2' is present on page  using regular expression

2024-07-13 00:25:31 - [MESSAGE][PASSED] - Text 'UDF2' is present on page  using regular expression

2024-07-13 00:25:31 - [TEST_STEP][PASSED] - verifyTextPresent("UDF3", true): Text 'UDF3' is present on page  using regular expression

2024-07-13 00:25:32 - [MESSAGE][PASSED] - Text 'UDF3' is present on page  using regular expression

2024-07-13 00:25:32 - [TEST_STEP][PASSED] - verifyTextPresent("UDF4", true): Text 'UDF4' is present on page  using regular expression

2024-07-13 00:25:32 - [MESSAGE][PASSED] - Text 'UDF4' is present on page  using regular expression

2024-07-13 00:25:32 - [TEST_STEP][PASSED] - verifyTextPresent("UDF5", true): Text 'UDF5' is present on page  using regular expression

2024-07-13 00:25:32 - [MESSAGE][PASSED] - Text 'UDF5' is present on page  using regular expression

2024-07-13 00:25:32 - [TEST_STEP][PASSED] - verifyTextPresent("UDF6", true): Text 'UDF6' is present on page  using regular expression

2024-07-13 00:25:33 - [MESSAGE][PASSED] - Text 'UDF6' is present on page  using regular expression

2024-07-13 00:25:33 - [TEST_STEP][PASSED] - verifyTextPresent("UDF7", true): Text 'UDF7' is present on page  using regular expression

2024-07-13 00:25:33 - [MESSAGE][PASSED] - Text 'UDF7' is present on page  using regular expression

2024-07-13 00:25:33 - [TEST_STEP][PASSED] - verifyTextPresent("UDF8", true): Text 'UDF8' is present on page  using regular expression

2024-07-13 00:25:33 - [MESSAGE][PASSED] - Text 'UDF8' is present on page  using regular expression

2024-07-13 00:25:33 - [TEST_STEP][PASSED] - verifyTextPresent("UDF9", true): Text 'UDF9' is present on page  using regular expression

2024-07-13 00:25:34 - [MESSAGE][PASSED] - Text 'UDF9' is present on page  using regular expression

2024-07-13 00:25:34 - [TEST_STEP][PASSED] - verifyTextPresent("UDF 10", true): Text 'UDF 10' is present on page  using regular expression

2024-07-13 00:25:34 - [MESSAGE][PASSED] - Text 'UDF 10' is present on page  using regular expression

2024-07-13 00:25:34 - [TEST_STEP][PASSED] - verifyTextPresent("Australia", true): Text 'Australia' is present on page  using regular expression

2024-07-13 00:25:34 - [MESSAGE][PASSED] - Text 'Australia' is present on page  using regular expression

2024-07-13 00:25:34 - [TEST_STEP][PASSED] - verifyTextPresent("Denmark", true): Text 'Denmark' is present on page  using regular expression

2024-07-13 00:25:35 - [MESSAGE][PASSED] - Text 'Denmark' is present on page  using regular expression

2024-07-13 00:25:35 - [TEST_STEP][PASSED] - verifyTextPresent("Sweden", true): Text 'Sweden' is present on page  using regular expression

2024-07-13 00:25:35 - [MESSAGE][PASSED] - Text 'Sweden' is present on page  using regular expression

2024-07-13 00:25:35 - [TEST_STEP][PASSED] - verifyTextPresent("Austria", true): Text 'Austria' is present on page  using regular expression

2024-07-13 00:25:35 - [MESSAGE][PASSED] - Text 'Austria' is present on page  using regular expression

2024-07-13 00:25:35 - [TEST_STEP][PASSED] - verifyTextPresent("Orange Recorded", true): Text 'Orange Recorded' is present on page  using regular expression

2024-07-13 00:25:36 - [MESSAGE][PASSED] - Text 'Orange Recorded' is present on page  using regular expression

2024-07-13 00:25:36 - [TEST_STEP][PASSED] - verifyTextPresent("Yellow Recorded", true): Text 'Yellow Recorded' is present on page  using regular expression

2024-07-13 00:25:36 - [MESSAGE][PASSED] - Text 'Yellow Recorded' is present on page  using regular expression

2024-07-13 00:25:36 - [TEST_STEP][PASSED] - verifyTextPresent("Norway", true): Text 'Norway' is present on page  using regular expression

2024-07-13 00:25:36 - [MESSAGE][PASSED] - Text 'Norway' is present on page  using regular expression

2024-07-13 00:25:36 - [TEST_STEP][PASSED] - verifyTextPresent("Netherlands", true): Text 'Netherlands' is present on page  using regular expression

2024-07-13 00:25:37 - [MESSAGE][PASSED] - Text 'Netherlands' is present on page  using regular expression

2024-07-13 00:25:37 - [TEST_STEP][PASSED] - verifyTextPresent("Switzerland", true): Text 'Switzerland' is present on page  using regular expression

2024-07-13 00:25:37 - [MESSAGE][PASSED] - Text 'Switzerland' is present on page  using regular expression

2024-07-13 00:25:37 - [TEST_STEP][PASSED] - verifyTextPresent("France", true): Text 'France' is present on page  using regular expression

2024-07-13 00:25:37 - [MESSAGE][PASSED] - Text 'France' is present on page  using regular expression

2024-07-13 00:25:37 - [TEST_STEP][PASSED] - verifyTextPresent("Amount", true): Text 'Amount' is present on page  using regular expression

2024-07-13 00:25:38 - [MESSAGE][PASSED] - Text 'Amount' is present on page  using regular expression

2024-07-13 00:25:38 - [TEST_STEP][PASSED] - verifyTextPresent("Total Amount", true): Text 'Total Amount' is present on page  using regular expression

2024-07-13 00:25:38 - [MESSAGE][PASSED] - Text 'Total Amount' is present on page  using regular expression

2024-07-13 00:25:38 - [TEST_STEP][PASSED] - verifyTextPresent("Transaction Type", true): Text 'Transaction Type' is present on page  using regular expression

2024-07-13 00:25:38 - [MESSAGE][PASSED] - Text 'Transaction Type' is present on page  using regular expression

2024-07-13 00:25:38 - [TEST_STEP][PASSED] - verifyTextPresent("11.50", true): Text '11.50' is present on page  using regular expression

2024-07-13 00:25:39 - [MESSAGE][PASSED] - Text '11.50' is present on page  using regular expression

2024-07-13 00:25:39 - [TEST_STEP][PASSED] - verifyTextPresent("Debit", true): Text 'Debit' is present on page  using regular expression

2024-07-13 00:25:39 - [MESSAGE][PASSED] - Text 'Debit' is present on page  using regular expression

2024-07-13 00:25:39 - [TEST_STEP][PASSED] - verifyTextPresent("Check Information", true): Text 'Check Information' is present on page  using regular expression

2024-07-13 00:25:39 - [MESSAGE][PASSED] - Text 'Check Information' is present on page  using regular expression

2024-07-13 00:25:39 - [TEST_STEP][PASSED] - verifyTextPresent("Account Type", true): Text 'Account Type' is present on page  using regular expression

2024-07-13 00:25:40 - [MESSAGE][PASSED] - Text 'Account Type' is present on page  using regular expression

2024-07-13 00:25:40 - [TEST_STEP][PASSED] - verifyTextPresent("Account Number", true): Text 'Account Number' is present on page  using regular expression

2024-07-13 00:25:40 - [MESSAGE][PASSED] - Text 'Account Number' is present on page  using regular expression

2024-07-13 00:25:40 - [TEST_STEP][PASSED] - verifyTextPresent("Routing Number", true): Text 'Routing Number' is present on page  using regular expression

2024-07-13 00:25:40 - [MESSAGE][PASSED] - Text 'Routing Number' is present on page  using regular expression

2024-07-13 00:25:40 - [TEST_STEP][PASSED] - verifyTextPresent("2691", true): Text '2691' is present on page  using regular expression

2024-07-13 00:25:41 - [MESSAGE][PASSED] - Text '2691' is present on page  using regular expression

2024-07-13 00:25:41 - [TEST_STEP][PASSED] - cardNameV = findTestData(dataFile).getValue("NameV", row): null

2024-07-13 00:25:41 - [TEST_STEP][PASSED] - al1V = findTestData(dataFile).getValue("AL1", row): null

2024-07-13 00:25:41 - [TEST_STEP][PASSED] - al2V = findTestData(dataFile).getValue("AL2", row): null

2024-07-13 00:25:41 - [TEST_STEP][PASSED] - last4V = findTestData(dataFile).getValue("Last4", row): null

2024-07-13 00:25:41 - [TEST_STEP][PASSED] - accType = findTestData(dataFile).getValue("AccountType", row): null

2024-07-13 00:25:41 - [TEST_STEP][PASSED] - verifyTextPresent(cardNameV, true): Text 'ALISHA SLUSARSKI' is present on page  using regular expression

2024-07-13 00:25:41 - [MESSAGE][PASSED] - Text 'ALISHA SLUSARSKI' is present on page  using regular expression

2024-07-13 00:25:41 - [TEST_STEP][PASSED] - verifyTextPresent("Address Line 1", true): Text 'Address Line 1' is present on page  using regular expression

2024-07-13 00:25:42 - [MESSAGE][PASSED] - Text 'Address Line 1' is present on page  using regular expression

2024-07-13 00:25:42 - [TEST_STEP][PASSED] - verifyTextPresent("Address Line 2", true): Text 'Address Line 2' is present on page  using regular expression

2024-07-13 00:25:42 - [MESSAGE][PASSED] - Text 'Address Line 2' is present on page  using regular expression

2024-07-13 00:25:42 - [TEST_STEP][PASSED] - verifyTextPresent("Country", true): Text 'Country' is present on page  using regular expression

2024-07-13 00:25:42 - [MESSAGE][PASSED] - Text 'Country' is present on page  using regular expression

2024-07-13 00:25:42 - [TEST_STEP][PASSED] - verifyTextPresent("City", true): Text 'City' is present on page  using regular expression

2024-07-13 00:25:43 - [MESSAGE][PASSED] - Text 'City' is present on page  using regular expression

2024-07-13 00:25:43 - [TEST_STEP][PASSED] - verifyTextPresent("State", true): Text 'State' is present on page  using regular expression

2024-07-13 00:25:43 - [MESSAGE][PASSED] - Text 'State' is present on page  using regular expression

2024-07-13 00:25:43 - [TEST_STEP][PASSED] - verifyTextPresent("ZIP Code", true): Text 'ZIP Code' is present on page  using regular expression

2024-07-13 00:25:43 - [MESSAGE][PASSED] - Text 'ZIP Code' is present on page  using regular expression

2024-07-13 00:25:43 - [TEST_STEP][PASSED] - verifyTextPresent(al1V, true): Text '3273 State St' is present on page  using regular expression

2024-07-13 00:25:44 - [MESSAGE][PASSED] - Text '3273 State St' is present on page  using regular expression

2024-07-13 00:25:44 - [TEST_STEP][PASSED] - verifyTextPresent(al2V, true): Text 'apt #4' is present on page  using regular expression

2024-07-13 00:25:44 - [MESSAGE][PASSED] - Text 'apt #4' is present on page  using regular expression

2024-07-13 00:25:44 - [TEST_STEP][PASSED] - verifyTextPresent("United States", true): Text 'United States' is present on page  using regular expression

2024-07-13 00:25:44 - [MESSAGE][PASSED] - Text 'United States' is present on page  using regular expression

2024-07-13 00:25:44 - [TEST_STEP][PASSED] - verifyTextPresent("ARLINGTON", true): Text 'ARLINGTON' is present on page  using regular expression

2024-07-13 00:25:45 - [MESSAGE][PASSED] - Text 'ARLINGTON' is present on page  using regular expression

2024-07-13 00:25:45 - [TEST_STEP][PASSED] - verifyTextPresent("Virginia", true): Text 'Virginia' is present on page  using regular expression

2024-07-13 00:25:45 - [MESSAGE][PASSED] - Text 'Virginia' is present on page  using regular expression

2024-07-13 00:25:45 - [TEST_STEP][PASSED] - verifyTextPresent("22201", true): Text '22201' is present on page  using regular expression

2024-07-13 00:25:45 - [MESSAGE][PASSED] - Text '22201' is present on page  using regular expression

2024-07-13 00:25:45 - [TEST_STEP][PASSED] - verifyTextPresent(accType, true): Text 'Savings' is present on page  using regular expression

2024-07-13 00:25:46 - [MESSAGE][PASSED] - Text 'Savings' is present on page  using regular expression

2024-07-13 00:25:46 - [TEST_STEP][PASSED] - verifyTextPresent(last4V, true): Text '1004' is present on page  using regular expression

2024-07-13 00:25:46 - [MESSAGE][PASSED] - Text '1004' is present on page  using regular expression

2024-07-13 00:25:46 - [TEST_STEP][PASSED] - closeBrowser(): Browser is closed

2024-07-13 00:25:47 - [MESSAGE][PASSED] - Browser is closed]]></system-out>
         <system-err><![CDATA[]]></system-err>
      </testcase>
      <testcase name="Test Cases/Admin Suite Bootstrap/VT_ACH_TestCases/DebitPersonal_TP_SingleCF_Generic_Payment_TC" time="224.034" classname="Test Cases/Admin Suite Bootstrap/VT_ACH_TestCases/DebitPersonal_TP_SingleCF_Generic_Payment_TC" status="PASSED">
         <system-out><![CDATA[2024-07-13 00:25:47 - [TEST_CASE][PASSED] - Test Cases/Admin Suite Bootstrap/VT_ACH_TestCases/DebitPersonal_TP_SingleCF_Generic_Payment_TC: Test Cases/Admin Suite Bootstrap/VT_ACH_TestCases/DebitPersonal_TP_SingleCF_Generic_Payment_TC

2024-07-13 00:25:48 - [TEST_STEP][PASSED] - path_Dashboard = "Object Repository/AdminSuiteBootstrap_Pages/Dashboard_Bootstrap/": null

2024-07-13 00:25:48 - [TEST_STEP][PASSED] - path_VT = "Object Repository/AdminSuiteBootstrap_Pages/VT_Bootstrap/IssueTransactions/": null

2024-07-13 00:25:48 - [TEST_STEP][PASSED] - li_1 = vpos_Prefix: null

2024-07-13 00:25:48 - [TEST_STEP][PASSED] - li_2 = "/transactions/AuthCapForm/": null

2024-07-13 00:25:48 - [TEST_STEP][PASSED] - executionProfile = getExecutionProfile(): null

2024-07-13 00:25:48 - [TEST_STEP][PASSED] - out.println("executionProfile : " + executionProfile): null

2024-07-13 00:25:48 - [TEST_STEP][PASSED] - appName = <not implemented yet for class: org.codehaus.groovy.ast.expr.EmptyExpression>: null

2024-07-13 00:25:48 - [TEST_STEP][PASSED] - appID = <not implemented yet for class: org.codehaus.groovy.ast.expr.EmptyExpression>: null

2024-07-13 00:25:48 - [TEST_STEP][PASSED] - cardNameV = <not implemented yet for class: org.codehaus.groovy.ast.expr.EmptyExpression>: null

2024-07-13 00:25:48 - [TEST_STEP][PASSED] - al1V = <not implemented yet for class: org.codehaus.groovy.ast.expr.EmptyExpression>: null

2024-07-13 00:25:48 - [TEST_STEP][PASSED] - al2V = <not implemented yet for class: org.codehaus.groovy.ast.expr.EmptyExpression>: null

2024-07-13 00:25:48 - [TEST_STEP][PASSED] - zipV = <not implemented yet for class: org.codehaus.groovy.ast.expr.EmptyExpression>: null

2024-07-13 00:25:48 - [TEST_STEP][PASSED] - accType = <not implemented yet for class: org.codehaus.groovy.ast.expr.EmptyExpression>: null

2024-07-13 00:25:48 - [TEST_STEP][PASSED] - last4V = <not implemented yet for class: org.codehaus.groovy.ast.expr.EmptyExpression>: null

2024-07-13 00:25:48 - [TEST_STEP][PASSED] - resText = "Fail": null

2024-07-13 00:25:48 - [TEST_STEP][PASSED] - resColumn = "Result": null

2024-07-13 00:25:48 - [TEST_STEP][PASSED] - datCloumn = "Date": null

2024-07-13 00:25:48 - [TEST_STEP][PASSED] - fileLoc = "C:\KatalonData\Bootstrap\VT-ACH-Data.xlsx": null

2024-07-13 00:25:48 - [TEST_STEP][PASSED] - numOfRows = <not implemented yet for class: org.codehaus.groovy.ast.expr.EmptyExpression>: null

2024-07-13 00:25:48 - [TEST_STEP][PASSED] - dataFile = <not implemented yet for class: org.codehaus.groovy.ast.expr.EmptyExpression>: null

2024-07-13 00:25:48 - [TEST_STEP][PASSED] - nameSheet = <not implemented yet for class: org.codehaus.groovy.ast.expr.EmptyExpression>: null

2024-07-13 00:25:48 - [TEST_STEP][PASSED] - nameSheet = "VT-ACHPersonal-SingleCF-Generic": null

2024-07-13 00:25:48 - [TEST_STEP][PASSED] - numOfRows = findTestData("QA/Bootstrap/VT-ACH-TestData/VT-DebitData-SingleCF-Generic").getRowNumbers(): null

2024-07-13 00:25:48 - [TEST_STEP][PASSED] - println("Number of Records: " + numOfRows): null

2024-07-13 00:25:48 - [TEST_STEP][PASSED] - dataFile = "QA/Bootstrap/VT-ACH-TestData/VT-DebitData-SingleCF-Generic": null

2024-07-13 00:25:48 - [TEST_STEP][PASSED] - for ([row = 1, row <= numOfRows, (row++)]): Browser is closed

2024-07-13 00:25:48 - [TEST_STEP][PASSED] - ExecuteTC = findTestData(dataFile).getValue("Execute", row): null

2024-07-13 00:25:48 - [TEST_STEP][PASSED] - out.println("Value of Execute is : " + ExecuteTC): null

2024-07-13 00:25:48 - [TEST_STEP][PASSED] - switch (executionProfile): null

2024-07-13 00:25:48 - [TEST_STEP][PASSED] - case "QA2Profile":: null

2024-07-13 00:25:48 - [TEST_STEP][PASSED] - appName = findTestData(dataFile).getValue("AppNameQA", row): null

2024-07-13 00:25:48 - [TEST_STEP][PASSED] - appID = findTestData(dataFile).getValue("AppIDQA", row): null

2024-07-13 00:25:48 - [TEST_STEP][PASSED] - break: null

2024-07-13 00:25:48 - [TEST_STEP][PASSED] - hrefAppID = li_1 + appID + li_2: null

2024-07-13 00:25:48 - [TEST_STEP][PASSED] - hrefApp = li_1 + appID + "/": null

2024-07-13 00:25:48 - [TEST_STEP][PASSED] - println("hrefApp : " + hrefApp): null

2024-07-13 00:25:48 - [TEST_STEP][PASSED] - if (ExecuteTC.equalsIgnoreCase("Y")): Browser is closed

2024-07-13 00:25:48 - [TEST_STEP][PASSED] - out.println("Begin Record Number: " + row): null

2024-07-13 00:25:48 - [TEST_STEP][PASSED] - today = new java.util.Date(): null

2024-07-13 00:25:48 - [TEST_STEP][PASSED] - println(today): null

2024-07-13 00:25:48 - [TEST_STEP][PASSED] - datText = today: null

2024-07-13 00:25:48 - [TEST_STEP][PASSED] - adminSuiteBootstrap.loginFunctionality.login_AdminSuite(): adminSuiteBootstrap.loginFunctionality.login_AdminSuite is PASSED

2024-07-13 00:25:48 - [MESSAGE][INFO] - Starting 'Chrome' driver

2024-07-13 00:25:48 - [MESSAGE][INFO] - User set preference: ['acceptInsecureCerts', 'true']

2024-07-13 00:25:48 - [MESSAGE][INFO] - Action delay is set to 0 milliseconds

2024-07-13 00:25:50 - [MESSAGE][PASSED] - Browser is opened with url: 'https://qa2.velocitypayment.com/admin/imtiaz'

2024-07-13 00:25:51 - [MESSAGE][PASSED] - Current window maximized

2024-07-13 00:25:51 - [MESSAGE][PASSED] - Object 'Object Repository/Login_Page/Login_Username_Okta' is present

2024-07-13 00:25:52 - [MESSAGE][PASSED] - Text 'iahmed' is set on object 'Object Repository/Login_Page/Login_Username_Okta'

2024-07-13 00:25:53 - [MESSAGE][PASSED] - Text 'Hello!6666666' is set on object 'Object Repository/Login_Page/Login_Password_Okta'

2024-07-13 00:25:53 - [MESSAGE][PASSED] - Object: 'Object Repository/Login_Page/Login_Submit_Okta' is clicked on

2024-07-13 00:25:53 - [MESSAGE][PASSED] - adminSuiteBootstrap.loginFunctionality.login_AdminSuite is PASSED

2024-07-13 00:25:53 - [TEST_STEP][PASSED] - click(findTestObject(path_Dashboard + appName)): Object: 'Object Repository/AdminSuiteBootstrap_Pages/Dashboard_Bootstrap/a_Access AutoSingleCFtpQA' is clicked on

2024-07-13 00:26:01 - [MESSAGE][PASSED] - Object: 'Object Repository/AdminSuiteBootstrap_Pages/Dashboard_Bootstrap/a_Access AutoSingleCFtpQA' is clicked on

2024-07-13 00:26:01 - [TEST_STEP][PASSED] - click(findTestObject(path_VT + "button_Debit")): Object: 'Object Repository/AdminSuiteBootstrap_Pages/VT_Bootstrap/IssueTransactions/button_Debit' is clicked on

2024-07-13 00:26:02 - [MESSAGE][PASSED] - Object: 'Object Repository/AdminSuiteBootstrap_Pages/VT_Bootstrap/IssueTransactions/button_Debit' is clicked on

2024-07-13 00:26:02 - [TEST_STEP][PASSED] - click(findTestObject(path_VT + "a_Personal")): Object: 'Object Repository/AdminSuiteBootstrap_Pages/VT_Bootstrap/IssueTransactions/a_Personal' is clicked on

2024-07-13 00:26:03 - [MESSAGE][PASSED] - Object: 'Object Repository/AdminSuiteBootstrap_Pages/VT_Bootstrap/IssueTransactions/a_Personal' is clicked on

2024-07-13 00:26:03 - [TEST_STEP][PASSED] - adminSuiteBootstrap.debitPersonalsetData.debitPersonal_DataDriven(row, dataFile): adminSuiteBootstrap.debitPersonalsetData.debitPersonal_DataDriven is PASSED

2024-07-13 00:26:05 - [MESSAGE][PASSED] - Text 'John' is set on object 'Object Repository/AdminSuiteBootstrap_Pages/VT_Bootstrap/ACHPersonal/input_firstName'

2024-07-13 00:26:06 - [MESSAGE][PASSED] - Text 'Gordonas' is set on object 'Object Repository/AdminSuiteBootstrap_Pages/VT_Bootstrap/ACHPersonal/input_lastName'

2024-07-13 00:26:07 - [MESSAGE][PASSED] - Text '133 Meadow Ln' is set on object 'Object Repository/AdminSuiteBootstrap_Pages/VT_Bootstrap/ACHPersonal/input_address'

2024-07-13 00:26:08 - [MESSAGE][PASSED] - Text 'apt #123' is set on object 'Object Repository/AdminSuiteBootstrap_Pages/VT_Bootstrap/ACHPersonal/input_address2'

2024-07-13 00:26:08 - [MESSAGE][PASSED] - Text '22201' is set on object 'Object Repository/AdminSuiteBootstrap_Pages/VT_Bootstrap/ACHPersonal/input_zip'

2024-07-13 00:26:09 - [MESSAGE][PASSED] - Text '' is set on object 'Object Repository/AdminSuiteBootstrap_Pages/VT_Bootstrap/ACHPersonal/input_emailAddress'

2024-07-13 00:26:10 - [MESSAGE][PASSED] - Text '' is set on object 'Object Repository/AdminSuiteBootstrap_Pages/VT_Bootstrap/ACHPersonal/input_smsNumber'

2024-07-13 00:26:11 - [MESSAGE][PASSED] - Text '45682001' is set on object 'Object Repository/AdminSuiteBootstrap_Pages/VT_Bootstrap/ACHPersonal/input_accountNumber'

2024-07-13 00:26:12 - [MESSAGE][PASSED] - Text '256072691' is set on object 'Object Repository/AdminSuiteBootstrap_Pages/VT_Bootstrap/ACHPersonal/input_routingNumber'

2024-07-13 00:26:13 - [MESSAGE][PASSED] - All options with label 'Checking' are selected in object 'Object Repository/AdminSuiteBootstrap_Pages/VT_Bootstrap/ACHPersonal/select_AccountType'  using regular expression

2024-07-13 00:26:14 - [MESSAGE][PASSED] - All options with label 'PPD - Prearranged Payment and Deposit Entry' are selected in object 'Object Repository/AdminSuiteBootstrap_Pages/VT_Bootstrap/ACHPersonal/select_STD'  using regular expression

2024-07-13 00:26:15 - [MESSAGE][PASSED] - Text '11.5' is set on object 'Object Repository/AdminSuiteBootstrap_Pages/VT_Bootstrap/ACHPersonal/input_amount'

2024-07-13 00:26:16 - [MESSAGE][PASSED] - Text 'Denmark' is set on object 'Object Repository/AdminSuiteBootstrap_Pages/VT_Bootstrap/ACHPersonal/input_userDefined1'

2024-07-13 00:26:17 - [MESSAGE][PASSED] - Text 'Australia' is set on object 'Object Repository/AdminSuiteBootstrap_Pages/VT_Bootstrap/ACHPersonal/input_userDefined2'

2024-07-13 00:26:18 - [MESSAGE][PASSED] - Text 'Austria' is set on object 'Object Repository/AdminSuiteBootstrap_Pages/VT_Bootstrap/ACHPersonal/input_userDefined3'

2024-07-13 00:26:18 - [MESSAGE][PASSED] - Text 'Sweden' is set on object 'Object Repository/AdminSuiteBootstrap_Pages/VT_Bootstrap/ACHPersonal/input_userDefined4'

2024-07-13 00:26:19 - [MESSAGE][PASSED] - All options with label 'Yellow' are selected in object 'Object Repository/AdminSuiteBootstrap_Pages/VT_Bootstrap/ACHPersonal/select_UDF5'  using regular expression

2024-07-13 00:26:20 - [MESSAGE][PASSED] - All options with label 'Orange' are selected in object 'Object Repository/AdminSuiteBootstrap_Pages/VT_Bootstrap/ACHPersonal/select_UDF6'  using regular expression

2024-07-13 00:26:21 - [MESSAGE][PASSED] - Text 'Netherlands' is set on object 'Object Repository/AdminSuiteBootstrap_Pages/VT_Bootstrap/ACHPersonal/input_userDefined7'

2024-07-13 00:26:22 - [MESSAGE][PASSED] - Text 'Norway' is set on object 'Object Repository/AdminSuiteBootstrap_Pages/VT_Bootstrap/ACHPersonal/input_userDefined8'

2024-07-13 00:26:22 - [MESSAGE][PASSED] - Text 'France' is set on object 'Object Repository/AdminSuiteBootstrap_Pages/VT_Bootstrap/ACHPersonal/input_userDefined9'

2024-07-13 00:26:23 - [MESSAGE][PASSED] - Text 'Switzerland' is set on object 'Object Repository/AdminSuiteBootstrap_Pages/VT_Bootstrap/ACHPersonal/input_userDefined10'

2024-07-13 00:26:24 - [MESSAGE][PASSED] - Object: 'Object Repository/AdminSuiteBootstrap_Pages/VT_Bootstrap/ACHPersonal/button_Submit' is clicked on

2024-07-13 00:26:24 - [MESSAGE][PASSED] - adminSuiteBootstrap.debitPersonalsetData.debitPersonal_DataDriven is PASSED

2024-07-13 00:26:24 - [TEST_STEP][PASSED] - verifyTextPresent("Transaction Successful", true): Text 'Transaction Successful' is present on page  using regular expression

2024-07-13 00:26:25 - [MESSAGE][PASSED] - Text 'Transaction Successful' is present on page  using regular expression

2024-07-13 00:26:25 - [TEST_STEP][PASSED] - verifyTextPresent("Remittance ID", true): Text 'Remittance ID' is present on page  using regular expression

2024-07-13 00:26:25 - [MESSAGE][PASSED] - Text 'Remittance ID' is present on page  using regular expression

2024-07-13 00:26:25 - [TEST_STEP][PASSED] - verifyTextPresent("Received", true): Text 'Received' is present on page  using regular expression

2024-07-13 00:26:26 - [MESSAGE][PASSED] - Text 'Received' is present on page  using regular expression

2024-07-13 00:26:26 - [TEST_STEP][PASSED] - verifyTextPresent("UDF1", true): Text 'UDF1' is present on page  using regular expression

2024-07-13 00:26:26 - [MESSAGE][PASSED] - Text 'UDF1' is present on page  using regular expression

2024-07-13 00:26:26 - [TEST_STEP][PASSED] - verifyTextPresent("UDF2", true): Text 'UDF2' is present on page  using regular expression

2024-07-13 00:26:26 - [MESSAGE][PASSED] - Text 'UDF2' is present on page  using regular expression

2024-07-13 00:26:26 - [TEST_STEP][PASSED] - verifyTextPresent("UDF3", true): Text 'UDF3' is present on page  using regular expression

2024-07-13 00:26:27 - [MESSAGE][PASSED] - Text 'UDF3' is present on page  using regular expression

2024-07-13 00:26:27 - [TEST_STEP][PASSED] - verifyTextPresent("UDF4", true): Text 'UDF4' is present on page  using regular expression

2024-07-13 00:26:27 - [MESSAGE][PASSED] - Text 'UDF4' is present on page  using regular expression

2024-07-13 00:26:27 - [TEST_STEP][PASSED] - verifyTextPresent("UDF5", true): Text 'UDF5' is present on page  using regular expression

2024-07-13 00:26:27 - [MESSAGE][PASSED] - Text 'UDF5' is present on page  using regular expression

2024-07-13 00:26:27 - [TEST_STEP][PASSED] - verifyTextPresent("UDF6", true): Text 'UDF6' is present on page  using regular expression

2024-07-13 00:26:28 - [MESSAGE][PASSED] - Text 'UDF6' is present on page  using regular expression

2024-07-13 00:26:28 - [TEST_STEP][PASSED] - verifyTextPresent("UDF7", true): Text 'UDF7' is present on page  using regular expression

2024-07-13 00:26:28 - [MESSAGE][PASSED] - Text 'UDF7' is present on page  using regular expression

2024-07-13 00:26:28 - [TEST_STEP][PASSED] - verifyTextPresent("UDF8", true): Text 'UDF8' is present on page  using regular expression

2024-07-13 00:26:28 - [MESSAGE][PASSED] - Text 'UDF8' is present on page  using regular expression

2024-07-13 00:26:28 - [TEST_STEP][PASSED] - verifyTextPresent("UDF9", true): Text 'UDF9' is present on page  using regular expression

2024-07-13 00:26:29 - [MESSAGE][PASSED] - Text 'UDF9' is present on page  using regular expression

2024-07-13 00:26:29 - [TEST_STEP][PASSED] - verifyTextPresent("UDF 10", true): Text 'UDF 10' is present on page  using regular expression

2024-07-13 00:26:29 - [MESSAGE][PASSED] - Text 'UDF 10' is present on page  using regular expression

2024-07-13 00:26:29 - [TEST_STEP][PASSED] - verifyTextPresent("Australia", true): Text 'Australia' is present on page  using regular expression

2024-07-13 00:26:29 - [MESSAGE][PASSED] - Text 'Australia' is present on page  using regular expression

2024-07-13 00:26:29 - [TEST_STEP][PASSED] - verifyTextPresent("Denmark", true): Text 'Denmark' is present on page  using regular expression

2024-07-13 00:26:30 - [MESSAGE][PASSED] - Text 'Denmark' is present on page  using regular expression

2024-07-13 00:26:30 - [TEST_STEP][PASSED] - verifyTextPresent("Sweden", true): Text 'Sweden' is present on page  using regular expression

2024-07-13 00:26:30 - [MESSAGE][PASSED] - Text 'Sweden' is present on page  using regular expression

2024-07-13 00:26:30 - [TEST_STEP][PASSED] - verifyTextPresent("Austria", true): Text 'Austria' is present on page  using regular expression

2024-07-13 00:26:30 - [MESSAGE][PASSED] - Text 'Austria' is present on page  using regular expression

2024-07-13 00:26:30 - [TEST_STEP][PASSED] - verifyTextPresent("Orange Recorded", true): Text 'Orange Recorded' is present on page  using regular expression

2024-07-13 00:26:31 - [MESSAGE][PASSED] - Text 'Orange Recorded' is present on page  using regular expression

2024-07-13 00:26:31 - [TEST_STEP][PASSED] - verifyTextPresent("Yellow Recorded", true): Text 'Yellow Recorded' is present on page  using regular expression

2024-07-13 00:26:31 - [MESSAGE][PASSED] - Text 'Yellow Recorded' is present on page  using regular expression

2024-07-13 00:26:31 - [TEST_STEP][PASSED] - verifyTextPresent("Norway", true): Text 'Norway' is present on page  using regular expression

2024-07-13 00:26:31 - [MESSAGE][PASSED] - Text 'Norway' is present on page  using regular expression

2024-07-13 00:26:31 - [TEST_STEP][PASSED] - verifyTextPresent("Netherlands", true): Text 'Netherlands' is present on page  using regular expression

2024-07-13 00:26:32 - [MESSAGE][PASSED] - Text 'Netherlands' is present on page  using regular expression

2024-07-13 00:26:32 - [TEST_STEP][PASSED] - verifyTextPresent("Switzerland", true): Text 'Switzerland' is present on page  using regular expression

2024-07-13 00:26:32 - [MESSAGE][PASSED] - Text 'Switzerland' is present on page  using regular expression

2024-07-13 00:26:32 - [TEST_STEP][PASSED] - verifyTextPresent("France", true): Text 'France' is present on page  using regular expression

2024-07-13 00:26:32 - [MESSAGE][PASSED] - Text 'France' is present on page  using regular expression

2024-07-13 00:26:32 - [TEST_STEP][PASSED] - verifyTextPresent("Amount", true): Text 'Amount' is present on page  using regular expression

2024-07-13 00:26:33 - [MESSAGE][PASSED] - Text 'Amount' is present on page  using regular expression

2024-07-13 00:26:33 - [TEST_STEP][PASSED] - verifyTextPresent("Service Fee", true): Text 'Service Fee' is present on page  using regular expression

2024-07-13 00:26:33 - [MESSAGE][PASSED] - Text 'Service Fee' is present on page  using regular expression

2024-07-13 00:26:33 - [TEST_STEP][PASSED] - verifyTextPresent("Service Fee Type", true): Text 'Service Fee Type' is present on page  using regular expression

2024-07-13 00:26:33 - [MESSAGE][PASSED] - Text 'Service Fee Type' is present on page  using regular expression

2024-07-13 00:26:33 - [TEST_STEP][PASSED] - verifyTextPresent("Total Amount", true): Text 'Total Amount' is present on page  using regular expression

2024-07-13 00:26:34 - [MESSAGE][PASSED] - Text 'Total Amount' is present on page  using regular expression

2024-07-13 00:26:34 - [TEST_STEP][PASSED] - verifyTextPresent("Transaction Type", true): Text 'Transaction Type' is present on page  using regular expression

2024-07-13 00:26:34 - [MESSAGE][PASSED] - Text 'Transaction Type' is present on page  using regular expression

2024-07-13 00:26:34 - [TEST_STEP][PASSED] - verifyTextPresent("11.50", true): Text '11.50' is present on page  using regular expression

2024-07-13 00:26:34 - [MESSAGE][PASSED] - Text '11.50' is present on page  using regular expression

2024-07-13 00:26:34 - [TEST_STEP][PASSED] - verifyTextPresent("5.00", true): Text '5.00' is present on page  using regular expression

2024-07-13 00:26:35 - [MESSAGE][PASSED] - Text '5.00' is present on page  using regular expression

2024-07-13 00:26:35 - [TEST_STEP][PASSED] - verifyTextPresent("Single Transaction", true): Text 'Single Transaction' is present on page  using regular expression

2024-07-13 00:26:35 - [MESSAGE][PASSED] - Text 'Single Transaction' is present on page  using regular expression

2024-07-13 00:26:35 - [TEST_STEP][PASSED] - verifyTextPresent("16.50", true): Text '16.50' is present on page  using regular expression

2024-07-13 00:26:35 - [MESSAGE][PASSED] - Text '16.50' is present on page  using regular expression

2024-07-13 00:26:35 - [TEST_STEP][PASSED] - verifyTextPresent("Debit", true): Text 'Debit' is present on page  using regular expression

2024-07-13 00:26:36 - [MESSAGE][PASSED] - Text 'Debit' is present on page  using regular expression

2024-07-13 00:26:36 - [TEST_STEP][PASSED] - verifyTextPresent("Check Information", true): Text 'Check Information' is present on page  using regular expression

2024-07-13 00:26:36 - [MESSAGE][PASSED] - Text 'Check Information' is present on page  using regular expression

2024-07-13 00:26:36 - [TEST_STEP][PASSED] - verifyTextPresent("Account Type", true): Text 'Account Type' is present on page  using regular expression

2024-07-13 00:26:36 - [MESSAGE][PASSED] - Text 'Account Type' is present on page  using regular expression

2024-07-13 00:26:36 - [TEST_STEP][PASSED] - verifyTextPresent("Account Number", true): Text 'Account Number' is present on page  using regular expression

2024-07-13 00:26:37 - [MESSAGE][PASSED] - Text 'Account Number' is present on page  using regular expression

2024-07-13 00:26:37 - [TEST_STEP][PASSED] - verifyTextPresent("Routing Number", true): Text 'Routing Number' is present on page  using regular expression

2024-07-13 00:26:37 - [MESSAGE][PASSED] - Text 'Routing Number' is present on page  using regular expression

2024-07-13 00:26:37 - [TEST_STEP][PASSED] - verifyTextPresent("2691", true): Text '2691' is present on page  using regular expression

2024-07-13 00:26:37 - [MESSAGE][PASSED] - Text '2691' is present on page  using regular expression

2024-07-13 00:26:37 - [TEST_STEP][PASSED] - cardNameV = findTestData(dataFile).getValue("NameV", row): null

2024-07-13 00:26:37 - [TEST_STEP][PASSED] - al1V = findTestData(dataFile).getValue("AL1", row): null

2024-07-13 00:26:38 - [TEST_STEP][PASSED] - al2V = findTestData(dataFile).getValue("AL2", row): null

2024-07-13 00:26:38 - [TEST_STEP][PASSED] - last4V = findTestData(dataFile).getValue("Last4", row): null

2024-07-13 00:26:38 - [TEST_STEP][PASSED] - accType = findTestData(dataFile).getValue("AccountType", row): null

2024-07-13 00:26:38 - [TEST_STEP][PASSED] - verifyTextPresent(cardNameV, true): Text 'JOHN GORDONAS' is present on page  using regular expression

2024-07-13 00:26:38 - [MESSAGE][PASSED] - Text 'JOHN GORDONAS' is present on page  using regular expression

2024-07-13 00:26:38 - [TEST_STEP][PASSED] - verifyTextPresent("Address Line 1", true): Text 'Address Line 1' is present on page  using regular expression

2024-07-13 00:26:38 - [MESSAGE][PASSED] - Text 'Address Line 1' is present on page  using regular expression

2024-07-13 00:26:38 - [TEST_STEP][PASSED] - verifyTextPresent("Address Line 2", true): Text 'Address Line 2' is present on page  using regular expression

2024-07-13 00:26:39 - [MESSAGE][PASSED] - Text 'Address Line 2' is present on page  using regular expression

2024-07-13 00:26:39 - [TEST_STEP][PASSED] - verifyTextPresent("Country", true): Text 'Country' is present on page  using regular expression

2024-07-13 00:26:39 - [MESSAGE][PASSED] - Text 'Country' is present on page  using regular expression

2024-07-13 00:26:39 - [TEST_STEP][PASSED] - verifyTextPresent("City", true): Text 'City' is present on page  using regular expression

2024-07-13 00:26:40 - [MESSAGE][PASSED] - Text 'City' is present on page  using regular expression

2024-07-13 00:26:40 - [TEST_STEP][PASSED] - verifyTextPresent("State", true): Text 'State' is present on page  using regular expression

2024-07-13 00:26:40 - [MESSAGE][PASSED] - Text 'State' is present on page  using regular expression

2024-07-13 00:26:40 - [TEST_STEP][PASSED] - verifyTextPresent("ZIP Code", true): Text 'ZIP Code' is present on page  using regular expression

2024-07-13 00:26:40 - [MESSAGE][PASSED] - Text 'ZIP Code' is present on page  using regular expression

2024-07-13 00:26:40 - [TEST_STEP][PASSED] - verifyTextPresent(al1V, true): Text '133 Meadow Ln' is present on page  using regular expression

2024-07-13 00:26:41 - [MESSAGE][PASSED] - Text '133 Meadow Ln' is present on page  using regular expression

2024-07-13 00:26:41 - [TEST_STEP][PASSED] - verifyTextPresent(al2V, true): Text 'apt #123' is present on page  using regular expression

2024-07-13 00:26:41 - [MESSAGE][PASSED] - Text 'apt #123' is present on page  using regular expression

2024-07-13 00:26:41 - [TEST_STEP][PASSED] - verifyTextPresent("United States", true): Text 'United States' is present on page  using regular expression

2024-07-13 00:26:41 - [MESSAGE][PASSED] - Text 'United States' is present on page  using regular expression

2024-07-13 00:26:41 - [TEST_STEP][PASSED] - verifyTextPresent("ARLINGTON", true): Text 'ARLINGTON' is present on page  using regular expression

2024-07-13 00:26:42 - [MESSAGE][PASSED] - Text 'ARLINGTON' is present on page  using regular expression

2024-07-13 00:26:42 - [TEST_STEP][PASSED] - verifyTextPresent("Virginia", true): Text 'Virginia' is present on page  using regular expression

2024-07-13 00:26:42 - [MESSAGE][PASSED] - Text 'Virginia' is present on page  using regular expression

2024-07-13 00:26:42 - [TEST_STEP][PASSED] - verifyTextPresent("22201", true): Text '22201' is present on page  using regular expression

2024-07-13 00:26:42 - [MESSAGE][PASSED] - Text '22201' is present on page  using regular expression

2024-07-13 00:26:42 - [TEST_STEP][PASSED] - verifyTextPresent(accType, true): Text 'Checking' is present on page  using regular expression

2024-07-13 00:26:43 - [MESSAGE][PASSED] - Text 'Checking' is present on page  using regular expression

2024-07-13 00:26:43 - [TEST_STEP][PASSED] - verifyTextPresent(last4V, true): Text '2001' is present on page  using regular expression

2024-07-13 00:26:43 - [MESSAGE][PASSED] - Text '2001' is present on page  using regular expression

2024-07-13 00:26:43 - [TEST_STEP][PASSED] - closeBrowser(): Browser is closed

2024-07-13 00:26:44 - [MESSAGE][PASSED] - Browser is closed

2024-07-13 00:26:44 - [TEST_STEP][PASSED] - ExecuteTC = findTestData(dataFile).getValue("Execute", row): null

2024-07-13 00:26:44 - [TEST_STEP][PASSED] - out.println("Value of Execute is : " + ExecuteTC): null

2024-07-13 00:26:44 - [TEST_STEP][PASSED] - switch (executionProfile): null

2024-07-13 00:26:44 - [TEST_STEP][PASSED] - case "QA2Profile":: null

2024-07-13 00:26:44 - [TEST_STEP][PASSED] - appName = findTestData(dataFile).getValue("AppNameQA", row): null

2024-07-13 00:26:44 - [TEST_STEP][PASSED] - appID = findTestData(dataFile).getValue("AppIDQA", row): null

2024-07-13 00:26:44 - [TEST_STEP][PASSED] - break: null

2024-07-13 00:26:44 - [TEST_STEP][PASSED] - hrefAppID = li_1 + appID + li_2: null

2024-07-13 00:26:44 - [TEST_STEP][PASSED] - hrefApp = li_1 + appID + "/": null

2024-07-13 00:26:44 - [TEST_STEP][PASSED] - println("hrefApp : " + hrefApp): null

2024-07-13 00:26:44 - [TEST_STEP][PASSED] - if (ExecuteTC.equalsIgnoreCase("Y")): Browser is closed

2024-07-13 00:26:44 - [TEST_STEP][PASSED] - out.println("Begin Record Number: " + row): null

2024-07-13 00:26:44 - [TEST_STEP][PASSED] - today = new java.util.Date(): null

2024-07-13 00:26:44 - [TEST_STEP][PASSED] - println(today): null

2024-07-13 00:26:44 - [TEST_STEP][PASSED] - datText = today: null

2024-07-13 00:26:44 - [TEST_STEP][PASSED] - adminSuiteBootstrap.loginFunctionality.login_AdminSuite(): adminSuiteBootstrap.loginFunctionality.login_AdminSuite is PASSED

2024-07-13 00:26:44 - [MESSAGE][INFO] - Starting 'Chrome' driver

2024-07-13 00:26:44 - [MESSAGE][INFO] - User set preference: ['acceptInsecureCerts', 'true']

2024-07-13 00:26:44 - [MESSAGE][INFO] - Action delay is set to 0 milliseconds

2024-07-13 00:26:47 - [MESSAGE][PASSED] - Browser is opened with url: 'https://qa2.velocitypayment.com/admin/imtiaz'

2024-07-13 00:26:47 - [MESSAGE][PASSED] - Current window maximized

2024-07-13 00:26:48 - [MESSAGE][PASSED] - Object 'Object Repository/Login_Page/Login_Username_Okta' is present

2024-07-13 00:26:48 - [MESSAGE][PASSED] - Text 'iahmed' is set on object 'Object Repository/Login_Page/Login_Username_Okta'

2024-07-13 00:26:49 - [MESSAGE][PASSED] - Text 'Hello!6666666' is set on object 'Object Repository/Login_Page/Login_Password_Okta'

2024-07-13 00:26:50 - [MESSAGE][PASSED] - Object: 'Object Repository/Login_Page/Login_Submit_Okta' is clicked on

2024-07-13 00:26:50 - [MESSAGE][PASSED] - adminSuiteBootstrap.loginFunctionality.login_AdminSuite is PASSED

2024-07-13 00:26:50 - [TEST_STEP][PASSED] - click(findTestObject(path_Dashboard + appName)): Object: 'Object Repository/AdminSuiteBootstrap_Pages/Dashboard_Bootstrap/a_Access AutoSingleCFtpQA' is clicked on

2024-07-13 00:26:57 - [MESSAGE][PASSED] - Object: 'Object Repository/AdminSuiteBootstrap_Pages/Dashboard_Bootstrap/a_Access AutoSingleCFtpQA' is clicked on

2024-07-13 00:26:57 - [TEST_STEP][PASSED] - click(findTestObject(path_VT + "button_Debit")): Object: 'Object Repository/AdminSuiteBootstrap_Pages/VT_Bootstrap/IssueTransactions/button_Debit' is clicked on

2024-07-13 00:26:57 - [MESSAGE][PASSED] - Object: 'Object Repository/AdminSuiteBootstrap_Pages/VT_Bootstrap/IssueTransactions/button_Debit' is clicked on

2024-07-13 00:26:57 - [TEST_STEP][PASSED] - click(findTestObject(path_VT + "a_Personal")): Object: 'Object Repository/AdminSuiteBootstrap_Pages/VT_Bootstrap/IssueTransactions/a_Personal' is clicked on

2024-07-13 00:26:58 - [MESSAGE][PASSED] - Object: 'Object Repository/AdminSuiteBootstrap_Pages/VT_Bootstrap/IssueTransactions/a_Personal' is clicked on

2024-07-13 00:26:58 - [TEST_STEP][PASSED] - adminSuiteBootstrap.debitPersonalsetData.debitPersonal_DataDriven(row, dataFile): adminSuiteBootstrap.debitPersonalsetData.debitPersonal_DataDriven is PASSED

2024-07-13 00:27:01 - [MESSAGE][PASSED] - Text 'Veronika' is set on object 'Object Repository/AdminSuiteBootstrap_Pages/VT_Bootstrap/ACHPersonal/input_firstName'

2024-07-13 00:27:02 - [MESSAGE][PASSED] - Text 'Inouye' is set on object 'Object Repository/AdminSuiteBootstrap_Pages/VT_Bootstrap/ACHPersonal/input_lastName'

2024-07-13 00:27:02 - [MESSAGE][PASSED] - Text '6 Greenleaf Ave' is set on object 'Object Repository/AdminSuiteBootstrap_Pages/VT_Bootstrap/ACHPersonal/input_address'

2024-07-13 00:27:03 - [MESSAGE][PASSED] - Text 'apt #3' is set on object 'Object Repository/AdminSuiteBootstrap_Pages/VT_Bootstrap/ACHPersonal/input_address2'

2024-07-13 00:27:04 - [MESSAGE][PASSED] - Text '22201' is set on object 'Object Repository/AdminSuiteBootstrap_Pages/VT_Bootstrap/ACHPersonal/input_zip'

2024-07-13 00:27:05 - [MESSAGE][PASSED] - Text '' is set on object 'Object Repository/AdminSuiteBootstrap_Pages/VT_Bootstrap/ACHPersonal/input_emailAddress'

2024-07-13 00:27:06 - [MESSAGE][PASSED] - Text '' is set on object 'Object Repository/AdminSuiteBootstrap_Pages/VT_Bootstrap/ACHPersonal/input_smsNumber'

2024-07-13 00:27:07 - [MESSAGE][PASSED] - Text '45682002' is set on object 'Object Repository/AdminSuiteBootstrap_Pages/VT_Bootstrap/ACHPersonal/input_accountNumber'

2024-07-13 00:27:07 - [MESSAGE][PASSED] - Text '256072691' is set on object 'Object Repository/AdminSuiteBootstrap_Pages/VT_Bootstrap/ACHPersonal/input_routingNumber'

2024-07-13 00:27:08 - [MESSAGE][PASSED] - All options with label 'Checking' are selected in object 'Object Repository/AdminSuiteBootstrap_Pages/VT_Bootstrap/ACHPersonal/select_AccountType'  using regular expression

2024-07-13 00:27:09 - [MESSAGE][PASSED] - All options with label 'TEL - Telephone-Initiated Entry' are selected in object 'Object Repository/AdminSuiteBootstrap_Pages/VT_Bootstrap/ACHPersonal/select_STD'  using regular expression

2024-07-13 00:27:11 - [MESSAGE][PASSED] - Text '11.5' is set on object 'Object Repository/AdminSuiteBootstrap_Pages/VT_Bootstrap/ACHPersonal/input_amount'

2024-07-13 00:27:12 - [MESSAGE][PASSED] - Text 'Denmark' is set on object 'Object Repository/AdminSuiteBootstrap_Pages/VT_Bootstrap/ACHPersonal/input_userDefined1'

2024-07-13 00:27:12 - [MESSAGE][PASSED] - Text 'Australia' is set on object 'Object Repository/AdminSuiteBootstrap_Pages/VT_Bootstrap/ACHPersonal/input_userDefined2'

2024-07-13 00:27:13 - [MESSAGE][PASSED] - Text 'Austria' is set on object 'Object Repository/AdminSuiteBootstrap_Pages/VT_Bootstrap/ACHPersonal/input_userDefined3'

2024-07-13 00:27:14 - [MESSAGE][PASSED] - Text 'Sweden' is set on object 'Object Repository/AdminSuiteBootstrap_Pages/VT_Bootstrap/ACHPersonal/input_userDefined4'

2024-07-13 00:27:15 - [MESSAGE][PASSED] - All options with label 'Yellow' are selected in object 'Object Repository/AdminSuiteBootstrap_Pages/VT_Bootstrap/ACHPersonal/select_UDF5'  using regular expression

2024-07-13 00:27:16 - [MESSAGE][PASSED] - All options with label 'Orange' are selected in object 'Object Repository/AdminSuiteBootstrap_Pages/VT_Bootstrap/ACHPersonal/select_UDF6'  using regular expression

2024-07-13 00:27:16 - [MESSAGE][PASSED] - Text 'Netherlands' is set on object 'Object Repository/AdminSuiteBootstrap_Pages/VT_Bootstrap/ACHPersonal/input_userDefined7'

2024-07-13 00:27:17 - [MESSAGE][PASSED] - Text 'Norway' is set on object 'Object Repository/AdminSuiteBootstrap_Pages/VT_Bootstrap/ACHPersonal/input_userDefined8'

2024-07-13 00:27:18 - [MESSAGE][PASSED] - Text 'France' is set on object 'Object Repository/AdminSuiteBootstrap_Pages/VT_Bootstrap/ACHPersonal/input_userDefined9'

2024-07-13 00:27:19 - [MESSAGE][PASSED] - Text 'Switzerland' is set on object 'Object Repository/AdminSuiteBootstrap_Pages/VT_Bootstrap/ACHPersonal/input_userDefined10'

2024-07-13 00:27:20 - [MESSAGE][PASSED] - Object: 'Object Repository/AdminSuiteBootstrap_Pages/VT_Bootstrap/ACHPersonal/button_Submit' is clicked on

2024-07-13 00:27:20 - [MESSAGE][PASSED] - adminSuiteBootstrap.debitPersonalsetData.debitPersonal_DataDriven is PASSED

2024-07-13 00:27:20 - [TEST_STEP][PASSED] - verifyTextPresent("Transaction Successful", true): Text 'Transaction Successful' is present on page  using regular expression

2024-07-13 00:27:20 - [MESSAGE][PASSED] - Text 'Transaction Successful' is present on page  using regular expression

2024-07-13 00:27:20 - [TEST_STEP][PASSED] - verifyTextPresent("Remittance ID", true): Text 'Remittance ID' is present on page  using regular expression

2024-07-13 00:27:21 - [MESSAGE][PASSED] - Text 'Remittance ID' is present on page  using regular expression

2024-07-13 00:27:21 - [TEST_STEP][PASSED] - verifyTextPresent("Received", true): Text 'Received' is present on page  using regular expression

2024-07-13 00:27:21 - [MESSAGE][PASSED] - Text 'Received' is present on page  using regular expression

2024-07-13 00:27:21 - [TEST_STEP][PASSED] - verifyTextPresent("UDF1", true): Text 'UDF1' is present on page  using regular expression

2024-07-13 00:27:21 - [MESSAGE][PASSED] - Text 'UDF1' is present on page  using regular expression

2024-07-13 00:27:21 - [TEST_STEP][PASSED] - verifyTextPresent("UDF2", true): Text 'UDF2' is present on page  using regular expression

2024-07-13 00:27:22 - [MESSAGE][PASSED] - Text 'UDF2' is present on page  using regular expression

2024-07-13 00:27:22 - [TEST_STEP][PASSED] - verifyTextPresent("UDF3", true): Text 'UDF3' is present on page  using regular expression

2024-07-13 00:27:22 - [MESSAGE][PASSED] - Text 'UDF3' is present on page  using regular expression

2024-07-13 00:27:22 - [TEST_STEP][PASSED] - verifyTextPresent("UDF4", true): Text 'UDF4' is present on page  using regular expression

2024-07-13 00:27:22 - [MESSAGE][PASSED] - Text 'UDF4' is present on page  using regular expression

2024-07-13 00:27:22 - [TEST_STEP][PASSED] - verifyTextPresent("UDF5", true): Text 'UDF5' is present on page  using regular expression

2024-07-13 00:27:23 - [MESSAGE][PASSED] - Text 'UDF5' is present on page  using regular expression

2024-07-13 00:27:23 - [TEST_STEP][PASSED] - verifyTextPresent("UDF6", true): Text 'UDF6' is present on page  using regular expression

2024-07-13 00:27:23 - [MESSAGE][PASSED] - Text 'UDF6' is present on page  using regular expression

2024-07-13 00:27:23 - [TEST_STEP][PASSED] - verifyTextPresent("UDF7", true): Text 'UDF7' is present on page  using regular expression

2024-07-13 00:27:23 - [MESSAGE][PASSED] - Text 'UDF7' is present on page  using regular expression

2024-07-13 00:27:23 - [TEST_STEP][PASSED] - verifyTextPresent("UDF8", true): Text 'UDF8' is present on page  using regular expression

2024-07-13 00:27:24 - [MESSAGE][PASSED] - Text 'UDF8' is present on page  using regular expression

2024-07-13 00:27:24 - [TEST_STEP][PASSED] - verifyTextPresent("UDF9", true): Text 'UDF9' is present on page  using regular expression

2024-07-13 00:27:24 - [MESSAGE][PASSED] - Text 'UDF9' is present on page  using regular expression

2024-07-13 00:27:24 - [TEST_STEP][PASSED] - verifyTextPresent("UDF 10", true): Text 'UDF 10' is present on page  using regular expression

2024-07-13 00:27:25 - [MESSAGE][PASSED] - Text 'UDF 10' is present on page  using regular expression

2024-07-13 00:27:25 - [TEST_STEP][PASSED] - verifyTextPresent("Australia", true): Text 'Australia' is present on page  using regular expression

2024-07-13 00:27:25 - [MESSAGE][PASSED] - Text 'Australia' is present on page  using regular expression

2024-07-13 00:27:25 - [TEST_STEP][PASSED] - verifyTextPresent("Denmark", true): Text 'Denmark' is present on page  using regular expression

2024-07-13 00:27:25 - [MESSAGE][PASSED] - Text 'Denmark' is present on page  using regular expression

2024-07-13 00:27:25 - [TEST_STEP][PASSED] - verifyTextPresent("Sweden", true): Text 'Sweden' is present on page  using regular expression

2024-07-13 00:27:25 - [MESSAGE][PASSED] - Text 'Sweden' is present on page  using regular expression

2024-07-13 00:27:25 - [TEST_STEP][PASSED] - verifyTextPresent("Austria", true): Text 'Austria' is present on page  using regular expression

2024-07-13 00:27:26 - [MESSAGE][PASSED] - Text 'Austria' is present on page  using regular expression

2024-07-13 00:27:26 - [TEST_STEP][PASSED] - verifyTextPresent("Orange Recorded", true): Text 'Orange Recorded' is present on page  using regular expression

2024-07-13 00:27:26 - [MESSAGE][PASSED] - Text 'Orange Recorded' is present on page  using regular expression

2024-07-13 00:27:26 - [TEST_STEP][PASSED] - verifyTextPresent("Yellow Recorded", true): Text 'Yellow Recorded' is present on page  using regular expression

2024-07-13 00:27:27 - [MESSAGE][PASSED] - Text 'Yellow Recorded' is present on page  using regular expression

2024-07-13 00:27:27 - [TEST_STEP][PASSED] - verifyTextPresent("Norway", true): Text 'Norway' is present on page  using regular expression

2024-07-13 00:27:27 - [MESSAGE][PASSED] - Text 'Norway' is present on page  using regular expression

2024-07-13 00:27:27 - [TEST_STEP][PASSED] - verifyTextPresent("Netherlands", true): Text 'Netherlands' is present on page  using regular expression

2024-07-13 00:27:27 - [MESSAGE][PASSED] - Text 'Netherlands' is present on page  using regular expression

2024-07-13 00:27:27 - [TEST_STEP][PASSED] - verifyTextPresent("Switzerland", true): Text 'Switzerland' is present on page  using regular expression

2024-07-13 00:27:28 - [MESSAGE][PASSED] - Text 'Switzerland' is present on page  using regular expression

2024-07-13 00:27:28 - [TEST_STEP][PASSED] - verifyTextPresent("France", true): Text 'France' is present on page  using regular expression

2024-07-13 00:27:28 - [MESSAGE][PASSED] - Text 'France' is present on page  using regular expression

2024-07-13 00:27:28 - [TEST_STEP][PASSED] - verifyTextPresent("Amount", true): Text 'Amount' is present on page  using regular expression

2024-07-13 00:27:28 - [MESSAGE][PASSED] - Text 'Amount' is present on page  using regular expression

2024-07-13 00:27:28 - [TEST_STEP][PASSED] - verifyTextPresent("Service Fee", true): Text 'Service Fee' is present on page  using regular expression

2024-07-13 00:27:29 - [MESSAGE][PASSED] - Text 'Service Fee' is present on page  using regular expression

2024-07-13 00:27:29 - [TEST_STEP][PASSED] - verifyTextPresent("Service Fee Type", true): Text 'Service Fee Type' is present on page  using regular expression

2024-07-13 00:27:29 - [MESSAGE][PASSED] - Text 'Service Fee Type' is present on page  using regular expression

2024-07-13 00:27:29 - [TEST_STEP][PASSED] - verifyTextPresent("Total Amount", true): Text 'Total Amount' is present on page  using regular expression

2024-07-13 00:27:29 - [MESSAGE][PASSED] - Text 'Total Amount' is present on page  using regular expression

2024-07-13 00:27:29 - [TEST_STEP][PASSED] - verifyTextPresent("Transaction Type", true): Text 'Transaction Type' is present on page  using regular expression

2024-07-13 00:27:30 - [MESSAGE][PASSED] - Text 'Transaction Type' is present on page  using regular expression

2024-07-13 00:27:30 - [TEST_STEP][PASSED] - verifyTextPresent("11.50", true): Text '11.50' is present on page  using regular expression

2024-07-13 00:27:30 - [MESSAGE][PASSED] - Text '11.50' is present on page  using regular expression

2024-07-13 00:27:30 - [TEST_STEP][PASSED] - verifyTextPresent("5.00", true): Text '5.00' is present on page  using regular expression

2024-07-13 00:27:30 - [MESSAGE][PASSED] - Text '5.00' is present on page  using regular expression

2024-07-13 00:27:30 - [TEST_STEP][PASSED] - verifyTextPresent("Single Transaction", true): Text 'Single Transaction' is present on page  using regular expression

2024-07-13 00:27:31 - [MESSAGE][PASSED] - Text 'Single Transaction' is present on page  using regular expression

2024-07-13 00:27:31 - [TEST_STEP][PASSED] - verifyTextPresent("16.50", true): Text '16.50' is present on page  using regular expression

2024-07-13 00:27:31 - [MESSAGE][PASSED] - Text '16.50' is present on page  using regular expression

2024-07-13 00:27:31 - [TEST_STEP][PASSED] - verifyTextPresent("Debit", true): Text 'Debit' is present on page  using regular expression

2024-07-13 00:27:31 - [MESSAGE][PASSED] - Text 'Debit' is present on page  using regular expression

2024-07-13 00:27:31 - [TEST_STEP][PASSED] - verifyTextPresent("Check Information", true): Text 'Check Information' is present on page  using regular expression

2024-07-13 00:27:32 - [MESSAGE][PASSED] - Text 'Check Information' is present on page  using regular expression

2024-07-13 00:27:32 - [TEST_STEP][PASSED] - verifyTextPresent("Account Type", true): Text 'Account Type' is present on page  using regular expression

2024-07-13 00:27:32 - [MESSAGE][PASSED] - Text 'Account Type' is present on page  using regular expression

2024-07-13 00:27:32 - [TEST_STEP][PASSED] - verifyTextPresent("Account Number", true): Text 'Account Number' is present on page  using regular expression

2024-07-13 00:27:32 - [MESSAGE][PASSED] - Text 'Account Number' is present on page  using regular expression

2024-07-13 00:27:32 - [TEST_STEP][PASSED] - verifyTextPresent("Routing Number", true): Text 'Routing Number' is present on page  using regular expression

2024-07-13 00:27:33 - [MESSAGE][PASSED] - Text 'Routing Number' is present on page  using regular expression

2024-07-13 00:27:33 - [TEST_STEP][PASSED] - verifyTextPresent("2691", true): Text '2691' is present on page  using regular expression

2024-07-13 00:27:33 - [MESSAGE][PASSED] - Text '2691' is present on page  using regular expression

2024-07-13 00:27:33 - [TEST_STEP][PASSED] - cardNameV = findTestData(dataFile).getValue("NameV", row): null

2024-07-13 00:27:33 - [TEST_STEP][PASSED] - al1V = findTestData(dataFile).getValue("AL1", row): null

2024-07-13 00:27:33 - [TEST_STEP][PASSED] - al2V = findTestData(dataFile).getValue("AL2", row): null

2024-07-13 00:27:33 - [TEST_STEP][PASSED] - last4V = findTestData(dataFile).getValue("Last4", row): null

2024-07-13 00:27:33 - [TEST_STEP][PASSED] - accType = findTestData(dataFile).getValue("AccountType", row): null

2024-07-13 00:27:33 - [TEST_STEP][PASSED] - verifyTextPresent(cardNameV, true): Text 'VERONIKA INOUYE' is present on page  using regular expression

2024-07-13 00:27:34 - [MESSAGE][PASSED] - Text 'VERONIKA INOUYE' is present on page  using regular expression

2024-07-13 00:27:34 - [TEST_STEP][PASSED] - verifyTextPresent("Address Line 1", true): Text 'Address Line 1' is present on page  using regular expression

2024-07-13 00:27:34 - [MESSAGE][PASSED] - Text 'Address Line 1' is present on page  using regular expression

2024-07-13 00:27:34 - [TEST_STEP][PASSED] - verifyTextPresent("Address Line 2", true): Text 'Address Line 2' is present on page  using regular expression

2024-07-13 00:27:34 - [MESSAGE][PASSED] - Text 'Address Line 2' is present on page  using regular expression

2024-07-13 00:27:34 - [TEST_STEP][PASSED] - verifyTextPresent("Country", true): Text 'Country' is present on page  using regular expression

2024-07-13 00:27:35 - [MESSAGE][PASSED] - Text 'Country' is present on page  using regular expression

2024-07-13 00:27:35 - [TEST_STEP][PASSED] - verifyTextPresent("City", true): Text 'City' is present on page  using regular expression

2024-07-13 00:27:35 - [MESSAGE][PASSED] - Text 'City' is present on page  using regular expression

2024-07-13 00:27:35 - [TEST_STEP][PASSED] - verifyTextPresent("State", true): Text 'State' is present on page  using regular expression

2024-07-13 00:27:35 - [MESSAGE][PASSED] - Text 'State' is present on page  using regular expression

2024-07-13 00:27:35 - [TEST_STEP][PASSED] - verifyTextPresent("ZIP Code", true): Text 'ZIP Code' is present on page  using regular expression

2024-07-13 00:27:36 - [MESSAGE][PASSED] - Text 'ZIP Code' is present on page  using regular expression

2024-07-13 00:27:36 - [TEST_STEP][PASSED] - verifyTextPresent(al1V, true): Text '6 Greenleaf Ave' is present on page  using regular expression

2024-07-13 00:27:36 - [MESSAGE][PASSED] - Text '6 Greenleaf Ave' is present on page  using regular expression

2024-07-13 00:27:36 - [TEST_STEP][PASSED] - verifyTextPresent(al2V, true): Text 'apt #3' is present on page  using regular expression

2024-07-13 00:27:36 - [MESSAGE][PASSED] - Text 'apt #3' is present on page  using regular expression

2024-07-13 00:27:36 - [TEST_STEP][PASSED] - verifyTextPresent("United States", true): Text 'United States' is present on page  using regular expression

2024-07-13 00:27:37 - [MESSAGE][PASSED] - Text 'United States' is present on page  using regular expression

2024-07-13 00:27:37 - [TEST_STEP][PASSED] - verifyTextPresent("ARLINGTON", true): Text 'ARLINGTON' is present on page  using regular expression

2024-07-13 00:27:37 - [MESSAGE][PASSED] - Text 'ARLINGTON' is present on page  using regular expression

2024-07-13 00:27:37 - [TEST_STEP][PASSED] - verifyTextPresent("Virginia", true): Text 'Virginia' is present on page  using regular expression

2024-07-13 00:27:37 - [MESSAGE][PASSED] - Text 'Virginia' is present on page  using regular expression

2024-07-13 00:27:37 - [TEST_STEP][PASSED] - verifyTextPresent("22201", true): Text '22201' is present on page  using regular expression

2024-07-13 00:27:38 - [MESSAGE][PASSED] - Text '22201' is present on page  using regular expression

2024-07-13 00:27:38 - [TEST_STEP][PASSED] - verifyTextPresent(accType, true): Text 'Checking' is present on page  using regular expression

2024-07-13 00:27:38 - [MESSAGE][PASSED] - Text 'Checking' is present on page  using regular expression

2024-07-13 00:27:38 - [TEST_STEP][PASSED] - verifyTextPresent(last4V, true): Text '2002' is present on page  using regular expression

2024-07-13 00:27:38 - [MESSAGE][PASSED] - Text '2002' is present on page  using regular expression

2024-07-13 00:27:38 - [TEST_STEP][PASSED] - closeBrowser(): Browser is closed

2024-07-13 00:27:39 - [MESSAGE][PASSED] - Browser is closed

2024-07-13 00:27:39 - [TEST_STEP][PASSED] - ExecuteTC = findTestData(dataFile).getValue("Execute", row): null

2024-07-13 00:27:40 - [TEST_STEP][PASSED] - out.println("Value of Execute is : " + ExecuteTC): null

2024-07-13 00:27:40 - [TEST_STEP][PASSED] - switch (executionProfile): null

2024-07-13 00:27:40 - [TEST_STEP][PASSED] - case "QA2Profile":: null

2024-07-13 00:27:40 - [TEST_STEP][PASSED] - appName = findTestData(dataFile).getValue("AppNameQA", row): null

2024-07-13 00:27:40 - [TEST_STEP][PASSED] - appID = findTestData(dataFile).getValue("AppIDQA", row): null

2024-07-13 00:27:40 - [TEST_STEP][PASSED] - break: null

2024-07-13 00:27:40 - [TEST_STEP][PASSED] - hrefAppID = li_1 + appID + li_2: null

2024-07-13 00:27:40 - [TEST_STEP][PASSED] - hrefApp = li_1 + appID + "/": null

2024-07-13 00:27:40 - [TEST_STEP][PASSED] - println("hrefApp : " + hrefApp): null

2024-07-13 00:27:40 - [TEST_STEP][PASSED] - if (ExecuteTC.equalsIgnoreCase("Y")): Browser is closed

2024-07-13 00:27:40 - [TEST_STEP][PASSED] - out.println("Begin Record Number: " + row): null

2024-07-13 00:27:40 - [TEST_STEP][PASSED] - today = new java.util.Date(): null

2024-07-13 00:27:40 - [TEST_STEP][PASSED] - println(today): null

2024-07-13 00:27:40 - [TEST_STEP][PASSED] - datText = today: null

2024-07-13 00:27:40 - [TEST_STEP][PASSED] - adminSuiteBootstrap.loginFunctionality.login_AdminSuite(): adminSuiteBootstrap.loginFunctionality.login_AdminSuite is PASSED

2024-07-13 00:27:40 - [MESSAGE][INFO] - Starting 'Chrome' driver

2024-07-13 00:27:40 - [MESSAGE][INFO] - User set preference: ['acceptInsecureCerts', 'true']

2024-07-13 00:27:40 - [MESSAGE][INFO] - Action delay is set to 0 milliseconds

2024-07-13 00:27:41 - [MESSAGE][PASSED] - Browser is opened with url: 'https://qa2.velocitypayment.com/admin/imtiaz'

2024-07-13 00:27:42 - [MESSAGE][PASSED] - Current window maximized

2024-07-13 00:27:43 - [MESSAGE][PASSED] - Object 'Object Repository/Login_Page/Login_Username_Okta' is present

2024-07-13 00:27:44 - [MESSAGE][PASSED] - Text 'iahmed' is set on object 'Object Repository/Login_Page/Login_Username_Okta'

2024-07-13 00:27:45 - [MESSAGE][PASSED] - Text 'Hello!6666666' is set on object 'Object Repository/Login_Page/Login_Password_Okta'

2024-07-13 00:27:45 - [MESSAGE][PASSED] - Object: 'Object Repository/Login_Page/Login_Submit_Okta' is clicked on

2024-07-13 00:27:45 - [MESSAGE][PASSED] - adminSuiteBootstrap.loginFunctionality.login_AdminSuite is PASSED

2024-07-13 00:27:45 - [TEST_STEP][PASSED] - click(findTestObject(path_Dashboard + appName)): Object: 'Object Repository/AdminSuiteBootstrap_Pages/Dashboard_Bootstrap/a_Access AutoSingleCFtpQA' is clicked on

2024-07-13 00:27:53 - [MESSAGE][PASSED] - Object: 'Object Repository/AdminSuiteBootstrap_Pages/Dashboard_Bootstrap/a_Access AutoSingleCFtpQA' is clicked on

2024-07-13 00:27:53 - [TEST_STEP][PASSED] - click(findTestObject(path_VT + "button_Debit")): Object: 'Object Repository/AdminSuiteBootstrap_Pages/VT_Bootstrap/IssueTransactions/button_Debit' is clicked on

2024-07-13 00:27:53 - [MESSAGE][PASSED] - Object: 'Object Repository/AdminSuiteBootstrap_Pages/VT_Bootstrap/IssueTransactions/button_Debit' is clicked on

2024-07-13 00:27:53 - [TEST_STEP][PASSED] - click(findTestObject(path_VT + "a_Personal")): Object: 'Object Repository/AdminSuiteBootstrap_Pages/VT_Bootstrap/IssueTransactions/a_Personal' is clicked on

2024-07-13 00:27:54 - [MESSAGE][PASSED] - Object: 'Object Repository/AdminSuiteBootstrap_Pages/VT_Bootstrap/IssueTransactions/a_Personal' is clicked on

2024-07-13 00:27:54 - [TEST_STEP][PASSED] - adminSuiteBootstrap.debitPersonalsetData.debitPersonal_DataDriven(row, dataFile): adminSuiteBootstrap.debitPersonalsetData.debitPersonal_DataDriven is PASSED

2024-07-13 00:27:57 - [MESSAGE][PASSED] - Text 'Bette' is set on object 'Object Repository/AdminSuiteBootstrap_Pages/VT_Bootstrap/ACHPersonal/input_firstName'

2024-07-13 00:27:58 - [MESSAGE][PASSED] - Text 'Nicka' is set on object 'Object Repository/AdminSuiteBootstrap_Pages/VT_Bootstrap/ACHPersonal/input_lastName'

2024-07-13 00:27:58 - [MESSAGE][PASSED] - Text '6 S 33rd St' is set on object 'Object Repository/AdminSuiteBootstrap_Pages/VT_Bootstrap/ACHPersonal/input_address'

2024-07-13 00:27:59 - [MESSAGE][PASSED] - Text 'apt #2' is set on object 'Object Repository/AdminSuiteBootstrap_Pages/VT_Bootstrap/ACHPersonal/input_address2'

2024-07-13 00:28:00 - [MESSAGE][PASSED] - Text '22201' is set on object 'Object Repository/AdminSuiteBootstrap_Pages/VT_Bootstrap/ACHPersonal/input_zip'

2024-07-13 00:28:01 - [MESSAGE][PASSED] - Text '' is set on object 'Object Repository/AdminSuiteBootstrap_Pages/VT_Bootstrap/ACHPersonal/input_emailAddress'

2024-07-13 00:28:02 - [MESSAGE][PASSED] - Text '' is set on object 'Object Repository/AdminSuiteBootstrap_Pages/VT_Bootstrap/ACHPersonal/input_smsNumber'

2024-07-13 00:28:03 - [MESSAGE][PASSED] - Text '45682003' is set on object 'Object Repository/AdminSuiteBootstrap_Pages/VT_Bootstrap/ACHPersonal/input_accountNumber'

2024-07-13 00:28:03 - [MESSAGE][PASSED] - Text '256072691' is set on object 'Object Repository/AdminSuiteBootstrap_Pages/VT_Bootstrap/ACHPersonal/input_routingNumber'

2024-07-13 00:28:05 - [MESSAGE][PASSED] - All options with label 'Savings' are selected in object 'Object Repository/AdminSuiteBootstrap_Pages/VT_Bootstrap/ACHPersonal/select_AccountType'  using regular expression

2024-07-13 00:28:06 - [MESSAGE][PASSED] - All options with label 'PPD - Prearranged Payment and Deposit Entry' are selected in object 'Object Repository/AdminSuiteBootstrap_Pages/VT_Bootstrap/ACHPersonal/select_STD'  using regular expression

2024-07-13 00:28:07 - [MESSAGE][PASSED] - Text '11.5' is set on object 'Object Repository/AdminSuiteBootstrap_Pages/VT_Bootstrap/ACHPersonal/input_amount'

2024-07-13 00:28:08 - [MESSAGE][PASSED] - Text 'Denmark' is set on object 'Object Repository/AdminSuiteBootstrap_Pages/VT_Bootstrap/ACHPersonal/input_userDefined1'

2024-07-13 00:28:08 - [MESSAGE][PASSED] - Text 'Australia' is set on object 'Object Repository/AdminSuiteBootstrap_Pages/VT_Bootstrap/ACHPersonal/input_userDefined2'

2024-07-13 00:28:09 - [MESSAGE][PASSED] - Text 'Austria' is set on object 'Object Repository/AdminSuiteBootstrap_Pages/VT_Bootstrap/ACHPersonal/input_userDefined3'

2024-07-13 00:28:10 - [MESSAGE][PASSED] - Text 'Sweden' is set on object 'Object Repository/AdminSuiteBootstrap_Pages/VT_Bootstrap/ACHPersonal/input_userDefined4'

2024-07-13 00:28:11 - [MESSAGE][PASSED] - All options with label 'Yellow' are selected in object 'Object Repository/AdminSuiteBootstrap_Pages/VT_Bootstrap/ACHPersonal/select_UDF5'  using regular expression

2024-07-13 00:28:12 - [MESSAGE][PASSED] - All options with label 'Orange' are selected in object 'Object Repository/AdminSuiteBootstrap_Pages/VT_Bootstrap/ACHPersonal/select_UDF6'  using regular expression

2024-07-13 00:28:12 - [MESSAGE][PASSED] - Text 'Netherlands' is set on object 'Object Repository/AdminSuiteBootstrap_Pages/VT_Bootstrap/ACHPersonal/input_userDefined7'

2024-07-13 00:28:13 - [MESSAGE][PASSED] - Text 'Norway' is set on object 'Object Repository/AdminSuiteBootstrap_Pages/VT_Bootstrap/ACHPersonal/input_userDefined8'

2024-07-13 00:28:14 - [MESSAGE][PASSED] - Text 'France' is set on object 'Object Repository/AdminSuiteBootstrap_Pages/VT_Bootstrap/ACHPersonal/input_userDefined9'

2024-07-13 00:28:15 - [MESSAGE][PASSED] - Text 'Switzerland' is set on object 'Object Repository/AdminSuiteBootstrap_Pages/VT_Bootstrap/ACHPersonal/input_userDefined10'

2024-07-13 00:28:16 - [MESSAGE][PASSED] - Object: 'Object Repository/AdminSuiteBootstrap_Pages/VT_Bootstrap/ACHPersonal/button_Submit' is clicked on

2024-07-13 00:28:16 - [MESSAGE][PASSED] - adminSuiteBootstrap.debitPersonalsetData.debitPersonal_DataDriven is PASSED

2024-07-13 00:28:16 - [TEST_STEP][PASSED] - verifyTextPresent("Transaction Successful", true): Text 'Transaction Successful' is present on page  using regular expression

2024-07-13 00:28:16 - [MESSAGE][PASSED] - Text 'Transaction Successful' is present on page  using regular expression

2024-07-13 00:28:16 - [TEST_STEP][PASSED] - verifyTextPresent("Remittance ID", true): Text 'Remittance ID' is present on page  using regular expression

2024-07-13 00:28:17 - [MESSAGE][PASSED] - Text 'Remittance ID' is present on page  using regular expression

2024-07-13 00:28:17 - [TEST_STEP][PASSED] - verifyTextPresent("Received", true): Text 'Received' is present on page  using regular expression

2024-07-13 00:28:17 - [MESSAGE][PASSED] - Text 'Received' is present on page  using regular expression

2024-07-13 00:28:17 - [TEST_STEP][PASSED] - verifyTextPresent("UDF1", true): Text 'UDF1' is present on page  using regular expression

2024-07-13 00:28:17 - [MESSAGE][PASSED] - Text 'UDF1' is present on page  using regular expression

2024-07-13 00:28:17 - [TEST_STEP][PASSED] - verifyTextPresent("UDF2", true): Text 'UDF2' is present on page  using regular expression

2024-07-13 00:28:18 - [MESSAGE][PASSED] - Text 'UDF2' is present on page  using regular expression

2024-07-13 00:28:18 - [TEST_STEP][PASSED] - verifyTextPresent("UDF3", true): Text 'UDF3' is present on page  using regular expression

2024-07-13 00:28:18 - [MESSAGE][PASSED] - Text 'UDF3' is present on page  using regular expression

2024-07-13 00:28:18 - [TEST_STEP][PASSED] - verifyTextPresent("UDF4", true): Text 'UDF4' is present on page  using regular expression

2024-07-13 00:28:18 - [MESSAGE][PASSED] - Text 'UDF4' is present on page  using regular expression

2024-07-13 00:28:18 - [TEST_STEP][PASSED] - verifyTextPresent("UDF5", true): Text 'UDF5' is present on page  using regular expression

2024-07-13 00:28:19 - [MESSAGE][PASSED] - Text 'UDF5' is present on page  using regular expression

2024-07-13 00:28:19 - [TEST_STEP][PASSED] - verifyTextPresent("UDF6", true): Text 'UDF6' is present on page  using regular expression

2024-07-13 00:28:19 - [MESSAGE][PASSED] - Text 'UDF6' is present on page  using regular expression

2024-07-13 00:28:19 - [TEST_STEP][PASSED] - verifyTextPresent("UDF7", true): Text 'UDF7' is present on page  using regular expression

2024-07-13 00:28:19 - [MESSAGE][PASSED] - Text 'UDF7' is present on page  using regular expression

2024-07-13 00:28:19 - [TEST_STEP][PASSED] - verifyTextPresent("UDF8", true): Text 'UDF8' is present on page  using regular expression

2024-07-13 00:28:20 - [MESSAGE][PASSED] - Text 'UDF8' is present on page  using regular expression

2024-07-13 00:28:20 - [TEST_STEP][PASSED] - verifyTextPresent("UDF9", true): Text 'UDF9' is present on page  using regular expression

2024-07-13 00:28:20 - [MESSAGE][PASSED] - Text 'UDF9' is present on page  using regular expression

2024-07-13 00:28:20 - [TEST_STEP][PASSED] - verifyTextPresent("UDF 10", true): Text 'UDF 10' is present on page  using regular expression

2024-07-13 00:28:21 - [MESSAGE][PASSED] - Text 'UDF 10' is present on page  using regular expression

2024-07-13 00:28:21 - [TEST_STEP][PASSED] - verifyTextPresent("Australia", true): Text 'Australia' is present on page  using regular expression

2024-07-13 00:28:21 - [MESSAGE][PASSED] - Text 'Australia' is present on page  using regular expression

2024-07-13 00:28:21 - [TEST_STEP][PASSED] - verifyTextPresent("Denmark", true): Text 'Denmark' is present on page  using regular expression

2024-07-13 00:28:21 - [MESSAGE][PASSED] - Text 'Denmark' is present on page  using regular expression

2024-07-13 00:28:21 - [TEST_STEP][PASSED] - verifyTextPresent("Sweden", true): Text 'Sweden' is present on page  using regular expression

2024-07-13 00:28:22 - [MESSAGE][PASSED] - Text 'Sweden' is present on page  using regular expression

2024-07-13 00:28:22 - [TEST_STEP][PASSED] - verifyTextPresent("Austria", true): Text 'Austria' is present on page  using regular expression

2024-07-13 00:28:22 - [MESSAGE][PASSED] - Text 'Austria' is present on page  using regular expression

2024-07-13 00:28:22 - [TEST_STEP][PASSED] - verifyTextPresent("Orange Recorded", true): Text 'Orange Recorded' is present on page  using regular expression

2024-07-13 00:28:22 - [MESSAGE][PASSED] - Text 'Orange Recorded' is present on page  using regular expression

2024-07-13 00:28:22 - [TEST_STEP][PASSED] - verifyTextPresent("Yellow Recorded", true): Text 'Yellow Recorded' is present on page  using regular expression

2024-07-13 00:28:23 - [MESSAGE][PASSED] - Text 'Yellow Recorded' is present on page  using regular expression

2024-07-13 00:28:23 - [TEST_STEP][PASSED] - verifyTextPresent("Norway", true): Text 'Norway' is present on page  using regular expression

2024-07-13 00:28:23 - [MESSAGE][PASSED] - Text 'Norway' is present on page  using regular expression

2024-07-13 00:28:23 - [TEST_STEP][PASSED] - verifyTextPresent("Netherlands", true): Text 'Netherlands' is present on page  using regular expression

2024-07-13 00:28:23 - [MESSAGE][PASSED] - Text 'Netherlands' is present on page  using regular expression

2024-07-13 00:28:23 - [TEST_STEP][PASSED] - verifyTextPresent("Switzerland", true): Text 'Switzerland' is present on page  using regular expression

2024-07-13 00:28:24 - [MESSAGE][PASSED] - Text 'Switzerland' is present on page  using regular expression

2024-07-13 00:28:24 - [TEST_STEP][PASSED] - verifyTextPresent("France", true): Text 'France' is present on page  using regular expression

2024-07-13 00:28:24 - [MESSAGE][PASSED] - Text 'France' is present on page  using regular expression

2024-07-13 00:28:24 - [TEST_STEP][PASSED] - verifyTextPresent("Amount", true): Text 'Amount' is present on page  using regular expression

2024-07-13 00:28:24 - [MESSAGE][PASSED] - Text 'Amount' is present on page  using regular expression

2024-07-13 00:28:24 - [TEST_STEP][PASSED] - verifyTextPresent("Service Fee", true): Text 'Service Fee' is present on page  using regular expression

2024-07-13 00:28:25 - [MESSAGE][PASSED] - Text 'Service Fee' is present on page  using regular expression

2024-07-13 00:28:25 - [TEST_STEP][PASSED] - verifyTextPresent("Service Fee Type", true): Text 'Service Fee Type' is present on page  using regular expression

2024-07-13 00:28:25 - [MESSAGE][PASSED] - Text 'Service Fee Type' is present on page  using regular expression

2024-07-13 00:28:25 - [TEST_STEP][PASSED] - verifyTextPresent("Total Amount", true): Text 'Total Amount' is present on page  using regular expression

2024-07-13 00:28:25 - [MESSAGE][PASSED] - Text 'Total Amount' is present on page  using regular expression

2024-07-13 00:28:25 - [TEST_STEP][PASSED] - verifyTextPresent("Transaction Type", true): Text 'Transaction Type' is present on page  using regular expression

2024-07-13 00:28:26 - [MESSAGE][PASSED] - Text 'Transaction Type' is present on page  using regular expression

2024-07-13 00:28:26 - [TEST_STEP][PASSED] - verifyTextPresent("11.50", true): Text '11.50' is present on page  using regular expression

2024-07-13 00:28:26 - [MESSAGE][PASSED] - Text '11.50' is present on page  using regular expression

2024-07-13 00:28:26 - [TEST_STEP][PASSED] - verifyTextPresent("5.00", true): Text '5.00' is present on page  using regular expression

2024-07-13 00:28:26 - [MESSAGE][PASSED] - Text '5.00' is present on page  using regular expression

2024-07-13 00:28:26 - [TEST_STEP][PASSED] - verifyTextPresent("Single Transaction", true): Text 'Single Transaction' is present on page  using regular expression

2024-07-13 00:28:27 - [MESSAGE][PASSED] - Text 'Single Transaction' is present on page  using regular expression

2024-07-13 00:28:27 - [TEST_STEP][PASSED] - verifyTextPresent("16.50", true): Text '16.50' is present on page  using regular expression

2024-07-13 00:28:27 - [MESSAGE][PASSED] - Text '16.50' is present on page  using regular expression

2024-07-13 00:28:27 - [TEST_STEP][PASSED] - verifyTextPresent("Debit", true): Text 'Debit' is present on page  using regular expression

2024-07-13 00:28:27 - [MESSAGE][PASSED] - Text 'Debit' is present on page  using regular expression

2024-07-13 00:28:27 - [TEST_STEP][PASSED] - verifyTextPresent("Check Information", true): Text 'Check Information' is present on page  using regular expression

2024-07-13 00:28:28 - [MESSAGE][PASSED] - Text 'Check Information' is present on page  using regular expression

2024-07-13 00:28:28 - [TEST_STEP][PASSED] - verifyTextPresent("Account Type", true): Text 'Account Type' is present on page  using regular expression

2024-07-13 00:28:28 - [MESSAGE][PASSED] - Text 'Account Type' is present on page  using regular expression

2024-07-13 00:28:28 - [TEST_STEP][PASSED] - verifyTextPresent("Account Number", true): Text 'Account Number' is present on page  using regular expression

2024-07-13 00:28:28 - [MESSAGE][PASSED] - Text 'Account Number' is present on page  using regular expression

2024-07-13 00:28:28 - [TEST_STEP][PASSED] - verifyTextPresent("Routing Number", true): Text 'Routing Number' is present on page  using regular expression

2024-07-13 00:28:29 - [MESSAGE][PASSED] - Text 'Routing Number' is present on page  using regular expression

2024-07-13 00:28:29 - [TEST_STEP][PASSED] - verifyTextPresent("2691", true): Text '2691' is present on page  using regular expression

2024-07-13 00:28:29 - [MESSAGE][PASSED] - Text '2691' is present on page  using regular expression

2024-07-13 00:28:29 - [TEST_STEP][PASSED] - cardNameV = findTestData(dataFile).getValue("NameV", row): null

2024-07-13 00:28:29 - [TEST_STEP][PASSED] - al1V = findTestData(dataFile).getValue("AL1", row): null

2024-07-13 00:28:29 - [TEST_STEP][PASSED] - al2V = findTestData(dataFile).getValue("AL2", row): null

2024-07-13 00:28:29 - [TEST_STEP][PASSED] - last4V = findTestData(dataFile).getValue("Last4", row): null

2024-07-13 00:28:29 - [TEST_STEP][PASSED] - accType = findTestData(dataFile).getValue("AccountType", row): null

2024-07-13 00:28:29 - [TEST_STEP][PASSED] - verifyTextPresent(cardNameV, true): Text 'BETTE NICKA' is present on page  using regular expression

2024-07-13 00:28:30 - [MESSAGE][PASSED] - Text 'BETTE NICKA' is present on page  using regular expression

2024-07-13 00:28:30 - [TEST_STEP][PASSED] - verifyTextPresent("Address Line 1", true): Text 'Address Line 1' is present on page  using regular expression

2024-07-13 00:28:30 - [MESSAGE][PASSED] - Text 'Address Line 1' is present on page  using regular expression

2024-07-13 00:28:30 - [TEST_STEP][PASSED] - verifyTextPresent("Address Line 2", true): Text 'Address Line 2' is present on page  using regular expression

2024-07-13 00:28:30 - [MESSAGE][PASSED] - Text 'Address Line 2' is present on page  using regular expression

2024-07-13 00:28:30 - [TEST_STEP][PASSED] - verifyTextPresent("Country", true): Text 'Country' is present on page  using regular expression

2024-07-13 00:28:31 - [MESSAGE][PASSED] - Text 'Country' is present on page  using regular expression

2024-07-13 00:28:31 - [TEST_STEP][PASSED] - verifyTextPresent("City", true): Text 'City' is present on page  using regular expression

2024-07-13 00:28:31 - [MESSAGE][PASSED] - Text 'City' is present on page  using regular expression

2024-07-13 00:28:31 - [TEST_STEP][PASSED] - verifyTextPresent("State", true): Text 'State' is present on page  using regular expression

2024-07-13 00:28:31 - [MESSAGE][PASSED] - Text 'State' is present on page  using regular expression

2024-07-13 00:28:31 - [TEST_STEP][PASSED] - verifyTextPresent("ZIP Code", true): Text 'ZIP Code' is present on page  using regular expression

2024-07-13 00:28:32 - [MESSAGE][PASSED] - Text 'ZIP Code' is present on page  using regular expression

2024-07-13 00:28:32 - [TEST_STEP][PASSED] - verifyTextPresent(al1V, true): Text '6 S 33rd St' is present on page  using regular expression

2024-07-13 00:28:32 - [MESSAGE][PASSED] - Text '6 S 33rd St' is present on page  using regular expression

2024-07-13 00:28:32 - [TEST_STEP][PASSED] - verifyTextPresent(al2V, true): Text 'apt #2' is present on page  using regular expression

2024-07-13 00:28:32 - [MESSAGE][PASSED] - Text 'apt #2' is present on page  using regular expression

2024-07-13 00:28:32 - [TEST_STEP][PASSED] - verifyTextPresent("United States", true): Text 'United States' is present on page  using regular expression

2024-07-13 00:28:33 - [MESSAGE][PASSED] - Text 'United States' is present on page  using regular expression

2024-07-13 00:28:33 - [TEST_STEP][PASSED] - verifyTextPresent("ARLINGTON", true): Text 'ARLINGTON' is present on page  using regular expression

2024-07-13 00:28:33 - [MESSAGE][PASSED] - Text 'ARLINGTON' is present on page  using regular expression

2024-07-13 00:28:33 - [TEST_STEP][PASSED] - verifyTextPresent("Virginia", true): Text 'Virginia' is present on page  using regular expression

2024-07-13 00:28:33 - [MESSAGE][PASSED] - Text 'Virginia' is present on page  using regular expression

2024-07-13 00:28:33 - [TEST_STEP][PASSED] - verifyTextPresent("22201", true): Text '22201' is present on page  using regular expression

2024-07-13 00:28:34 - [MESSAGE][PASSED] - Text '22201' is present on page  using regular expression

2024-07-13 00:28:34 - [TEST_STEP][PASSED] - verifyTextPresent(accType, true): Text 'Savings' is present on page  using regular expression

2024-07-13 00:28:34 - [MESSAGE][PASSED] - Text 'Savings' is present on page  using regular expression

2024-07-13 00:28:34 - [TEST_STEP][PASSED] - verifyTextPresent(last4V, true): Text '2003' is present on page  using regular expression

2024-07-13 00:28:34 - [MESSAGE][PASSED] - Text '2003' is present on page  using regular expression

2024-07-13 00:28:34 - [TEST_STEP][PASSED] - closeBrowser(): Browser is closed

2024-07-13 00:28:35 - [MESSAGE][PASSED] - Browser is closed

2024-07-13 00:28:35 - [TEST_STEP][PASSED] - ExecuteTC = findTestData(dataFile).getValue("Execute", row): null

2024-07-13 00:28:36 - [TEST_STEP][PASSED] - out.println("Value of Execute is : " + ExecuteTC): null

2024-07-13 00:28:36 - [TEST_STEP][PASSED] - switch (executionProfile): null

2024-07-13 00:28:36 - [TEST_STEP][PASSED] - case "QA2Profile":: null

2024-07-13 00:28:36 - [TEST_STEP][PASSED] - appName = findTestData(dataFile).getValue("AppNameQA", row): null

2024-07-13 00:28:36 - [TEST_STEP][PASSED] - appID = findTestData(dataFile).getValue("AppIDQA", row): null

2024-07-13 00:28:36 - [TEST_STEP][PASSED] - break: null

2024-07-13 00:28:36 - [TEST_STEP][PASSED] - hrefAppID = li_1 + appID + li_2: null

2024-07-13 00:28:36 - [TEST_STEP][PASSED] - hrefApp = li_1 + appID + "/": null

2024-07-13 00:28:36 - [TEST_STEP][PASSED] - println("hrefApp : " + hrefApp): null

2024-07-13 00:28:36 - [TEST_STEP][PASSED] - if (ExecuteTC.equalsIgnoreCase("Y")): Browser is closed

2024-07-13 00:28:36 - [TEST_STEP][PASSED] - out.println("Begin Record Number: " + row): null

2024-07-13 00:28:36 - [TEST_STEP][PASSED] - today = new java.util.Date(): null

2024-07-13 00:28:36 - [TEST_STEP][PASSED] - println(today): null

2024-07-13 00:28:36 - [TEST_STEP][PASSED] - datText = today: null

2024-07-13 00:28:36 - [TEST_STEP][PASSED] - adminSuiteBootstrap.loginFunctionality.login_AdminSuite(): adminSuiteBootstrap.loginFunctionality.login_AdminSuite is PASSED

2024-07-13 00:28:36 - [MESSAGE][INFO] - Starting 'Chrome' driver

2024-07-13 00:28:36 - [MESSAGE][INFO] - User set preference: ['acceptInsecureCerts', 'true']

2024-07-13 00:28:36 - [MESSAGE][INFO] - Action delay is set to 0 milliseconds

2024-07-13 00:28:38 - [MESSAGE][PASSED] - Browser is opened with url: 'https://qa2.velocitypayment.com/admin/imtiaz'

2024-07-13 00:28:39 - [MESSAGE][PASSED] - Current window maximized

2024-07-13 00:28:39 - [MESSAGE][PASSED] - Object 'Object Repository/Login_Page/Login_Username_Okta' is present

2024-07-13 00:28:40 - [MESSAGE][PASSED] - Text 'iahmed' is set on object 'Object Repository/Login_Page/Login_Username_Okta'

2024-07-13 00:28:41 - [MESSAGE][PASSED] - Text 'Hello!6666666' is set on object 'Object Repository/Login_Page/Login_Password_Okta'

2024-07-13 00:28:41 - [MESSAGE][PASSED] - Object: 'Object Repository/Login_Page/Login_Submit_Okta' is clicked on

2024-07-13 00:28:41 - [MESSAGE][PASSED] - adminSuiteBootstrap.loginFunctionality.login_AdminSuite is PASSED

2024-07-13 00:28:41 - [TEST_STEP][PASSED] - click(findTestObject(path_Dashboard + appName)): Object: 'Object Repository/AdminSuiteBootstrap_Pages/Dashboard_Bootstrap/a_Access AutoSingleCFtpQA' is clicked on

2024-07-13 00:28:49 - [MESSAGE][PASSED] - Object: 'Object Repository/AdminSuiteBootstrap_Pages/Dashboard_Bootstrap/a_Access AutoSingleCFtpQA' is clicked on

2024-07-13 00:28:49 - [TEST_STEP][PASSED] - click(findTestObject(path_VT + "button_Debit")): Object: 'Object Repository/AdminSuiteBootstrap_Pages/VT_Bootstrap/IssueTransactions/button_Debit' is clicked on

2024-07-13 00:28:49 - [MESSAGE][PASSED] - Object: 'Object Repository/AdminSuiteBootstrap_Pages/VT_Bootstrap/IssueTransactions/button_Debit' is clicked on

2024-07-13 00:28:49 - [TEST_STEP][PASSED] - click(findTestObject(path_VT + "a_Personal")): Object: 'Object Repository/AdminSuiteBootstrap_Pages/VT_Bootstrap/IssueTransactions/a_Personal' is clicked on

2024-07-13 00:28:50 - [MESSAGE][PASSED] - Object: 'Object Repository/AdminSuiteBootstrap_Pages/VT_Bootstrap/IssueTransactions/a_Personal' is clicked on

2024-07-13 00:28:50 - [TEST_STEP][PASSED] - adminSuiteBootstrap.debitPersonalsetData.debitPersonal_DataDriven(row, dataFile): adminSuiteBootstrap.debitPersonalsetData.debitPersonal_DataDriven is PASSED

2024-07-13 00:28:53 - [MESSAGE][PASSED] - Text 'Alisha' is set on object 'Object Repository/AdminSuiteBootstrap_Pages/VT_Bootstrap/ACHPersonal/input_firstName'

2024-07-13 00:28:53 - [MESSAGE][PASSED] - Text 'Slusarski' is set on object 'Object Repository/AdminSuiteBootstrap_Pages/VT_Bootstrap/ACHPersonal/input_lastName'

2024-07-13 00:28:54 - [MESSAGE][PASSED] - Text '3273 State St' is set on object 'Object Repository/AdminSuiteBootstrap_Pages/VT_Bootstrap/ACHPersonal/input_address'

2024-07-13 00:28:55 - [MESSAGE][PASSED] - Text 'apt #4' is set on object 'Object Repository/AdminSuiteBootstrap_Pages/VT_Bootstrap/ACHPersonal/input_address2'

2024-07-13 00:28:56 - [MESSAGE][PASSED] - Text '22201' is set on object 'Object Repository/AdminSuiteBootstrap_Pages/VT_Bootstrap/ACHPersonal/input_zip'

2024-07-13 00:28:56 - [MESSAGE][PASSED] - Text '' is set on object 'Object Repository/AdminSuiteBootstrap_Pages/VT_Bootstrap/ACHPersonal/input_emailAddress'

2024-07-13 00:28:58 - [MESSAGE][PASSED] - Text '' is set on object 'Object Repository/AdminSuiteBootstrap_Pages/VT_Bootstrap/ACHPersonal/input_smsNumber'

2024-07-13 00:28:58 - [MESSAGE][PASSED] - Text '45682004' is set on object 'Object Repository/AdminSuiteBootstrap_Pages/VT_Bootstrap/ACHPersonal/input_accountNumber'

2024-07-13 00:28:59 - [MESSAGE][PASSED] - Text '256072691' is set on object 'Object Repository/AdminSuiteBootstrap_Pages/VT_Bootstrap/ACHPersonal/input_routingNumber'

2024-07-13 00:29:00 - [MESSAGE][PASSED] - All options with label 'Savings' are selected in object 'Object Repository/AdminSuiteBootstrap_Pages/VT_Bootstrap/ACHPersonal/select_AccountType'  using regular expression

2024-07-13 00:29:01 - [MESSAGE][PASSED] - All options with label 'TEL - Telephone-Initiated Entry' are selected in object 'Object Repository/AdminSuiteBootstrap_Pages/VT_Bootstrap/ACHPersonal/select_STD'  using regular expression

2024-07-13 00:29:02 - [MESSAGE][PASSED] - Text '11.5' is set on object 'Object Repository/AdminSuiteBootstrap_Pages/VT_Bootstrap/ACHPersonal/input_amount'

2024-07-13 00:29:03 - [MESSAGE][PASSED] - Text 'Denmark' is set on object 'Object Repository/AdminSuiteBootstrap_Pages/VT_Bootstrap/ACHPersonal/input_userDefined1'

2024-07-13 00:29:04 - [MESSAGE][PASSED] - Text 'Australia' is set on object 'Object Repository/AdminSuiteBootstrap_Pages/VT_Bootstrap/ACHPersonal/input_userDefined2'

2024-07-13 00:29:05 - [MESSAGE][PASSED] - Text 'Austria' is set on object 'Object Repository/AdminSuiteBootstrap_Pages/VT_Bootstrap/ACHPersonal/input_userDefined3'

2024-07-13 00:29:06 - [MESSAGE][PASSED] - Text 'Sweden' is set on object 'Object Repository/AdminSuiteBootstrap_Pages/VT_Bootstrap/ACHPersonal/input_userDefined4'

2024-07-13 00:29:07 - [MESSAGE][PASSED] - All options with label 'Yellow' are selected in object 'Object Repository/AdminSuiteBootstrap_Pages/VT_Bootstrap/ACHPersonal/select_UDF5'  using regular expression

2024-07-13 00:29:08 - [MESSAGE][PASSED] - All options with label 'Orange' are selected in object 'Object Repository/AdminSuiteBootstrap_Pages/VT_Bootstrap/ACHPersonal/select_UDF6'  using regular expression

2024-07-13 00:29:08 - [MESSAGE][PASSED] - Text 'Netherlands' is set on object 'Object Repository/AdminSuiteBootstrap_Pages/VT_Bootstrap/ACHPersonal/input_userDefined7'

2024-07-13 00:29:09 - [MESSAGE][PASSED] - Text 'Norway' is set on object 'Object Repository/AdminSuiteBootstrap_Pages/VT_Bootstrap/ACHPersonal/input_userDefined8'

2024-07-13 00:29:10 - [MESSAGE][PASSED] - Text 'France' is set on object 'Object Repository/AdminSuiteBootstrap_Pages/VT_Bootstrap/ACHPersonal/input_userDefined9'

2024-07-13 00:29:10 - [MESSAGE][PASSED] - Text 'Switzerland' is set on object 'Object Repository/AdminSuiteBootstrap_Pages/VT_Bootstrap/ACHPersonal/input_userDefined10'

2024-07-13 00:29:12 - [MESSAGE][PASSED] - Object: 'Object Repository/AdminSuiteBootstrap_Pages/VT_Bootstrap/ACHPersonal/button_Submit' is clicked on

2024-07-13 00:29:12 - [MESSAGE][PASSED] - adminSuiteBootstrap.debitPersonalsetData.debitPersonal_DataDriven is PASSED

2024-07-13 00:29:12 - [TEST_STEP][PASSED] - verifyTextPresent("Transaction Successful", true): Text 'Transaction Successful' is present on page  using regular expression

2024-07-13 00:29:12 - [MESSAGE][PASSED] - Text 'Transaction Successful' is present on page  using regular expression

2024-07-13 00:29:12 - [TEST_STEP][PASSED] - verifyTextPresent("Remittance ID", true): Text 'Remittance ID' is present on page  using regular expression

2024-07-13 00:29:12 - [MESSAGE][PASSED] - Text 'Remittance ID' is present on page  using regular expression

2024-07-13 00:29:12 - [TEST_STEP][PASSED] - verifyTextPresent("Received", true): Text 'Received' is present on page  using regular expression

2024-07-13 00:29:13 - [MESSAGE][PASSED] - Text 'Received' is present on page  using regular expression

2024-07-13 00:29:13 - [TEST_STEP][PASSED] - verifyTextPresent("UDF1", true): Text 'UDF1' is present on page  using regular expression

2024-07-13 00:29:13 - [MESSAGE][PASSED] - Text 'UDF1' is present on page  using regular expression

2024-07-13 00:29:13 - [TEST_STEP][PASSED] - verifyTextPresent("UDF2", true): Text 'UDF2' is present on page  using regular expression

2024-07-13 00:29:14 - [MESSAGE][PASSED] - Text 'UDF2' is present on page  using regular expression

2024-07-13 00:29:14 - [TEST_STEP][PASSED] - verifyTextPresent("UDF3", true): Text 'UDF3' is present on page  using regular expression

2024-07-13 00:29:14 - [MESSAGE][PASSED] - Text 'UDF3' is present on page  using regular expression

2024-07-13 00:29:14 - [TEST_STEP][PASSED] - verifyTextPresent("UDF4", true): Text 'UDF4' is present on page  using regular expression

2024-07-13 00:29:14 - [MESSAGE][PASSED] - Text 'UDF4' is present on page  using regular expression

2024-07-13 00:29:14 - [TEST_STEP][PASSED] - verifyTextPresent("UDF5", true): Text 'UDF5' is present on page  using regular expression

2024-07-13 00:29:15 - [MESSAGE][PASSED] - Text 'UDF5' is present on page  using regular expression

2024-07-13 00:29:15 - [TEST_STEP][PASSED] - verifyTextPresent("UDF6", true): Text 'UDF6' is present on page  using regular expression

2024-07-13 00:29:15 - [MESSAGE][PASSED] - Text 'UDF6' is present on page  using regular expression

2024-07-13 00:29:15 - [TEST_STEP][PASSED] - verifyTextPresent("UDF7", true): Text 'UDF7' is present on page  using regular expression

2024-07-13 00:29:15 - [MESSAGE][PASSED] - Text 'UDF7' is present on page  using regular expression

2024-07-13 00:29:15 - [TEST_STEP][PASSED] - verifyTextPresent("UDF8", true): Text 'UDF8' is present on page  using regular expression

2024-07-13 00:29:16 - [MESSAGE][PASSED] - Text 'UDF8' is present on page  using regular expression

2024-07-13 00:29:16 - [TEST_STEP][PASSED] - verifyTextPresent("UDF9", true): Text 'UDF9' is present on page  using regular expression

2024-07-13 00:29:16 - [MESSAGE][PASSED] - Text 'UDF9' is present on page  using regular expression

2024-07-13 00:29:16 - [TEST_STEP][PASSED] - verifyTextPresent("UDF 10", true): Text 'UDF 10' is present on page  using regular expression

2024-07-13 00:29:16 - [MESSAGE][PASSED] - Text 'UDF 10' is present on page  using regular expression

2024-07-13 00:29:16 - [TEST_STEP][PASSED] - verifyTextPresent("Australia", true): Text 'Australia' is present on page  using regular expression

2024-07-13 00:29:17 - [MESSAGE][PASSED] - Text 'Australia' is present on page  using regular expression

2024-07-13 00:29:17 - [TEST_STEP][PASSED] - verifyTextPresent("Denmark", true): Text 'Denmark' is present on page  using regular expression

2024-07-13 00:29:17 - [MESSAGE][PASSED] - Text 'Denmark' is present on page  using regular expression

2024-07-13 00:29:17 - [TEST_STEP][PASSED] - verifyTextPresent("Sweden", true): Text 'Sweden' is present on page  using regular expression

2024-07-13 00:29:17 - [MESSAGE][PASSED] - Text 'Sweden' is present on page  using regular expression

2024-07-13 00:29:17 - [TEST_STEP][PASSED] - verifyTextPresent("Austria", true): Text 'Austria' is present on page  using regular expression

2024-07-13 00:29:18 - [MESSAGE][PASSED] - Text 'Austria' is present on page  using regular expression

2024-07-13 00:29:18 - [TEST_STEP][PASSED] - verifyTextPresent("Orange Recorded", true): Text 'Orange Recorded' is present on page  using regular expression

2024-07-13 00:29:18 - [MESSAGE][PASSED] - Text 'Orange Recorded' is present on page  using regular expression

2024-07-13 00:29:18 - [TEST_STEP][PASSED] - verifyTextPresent("Yellow Recorded", true): Text 'Yellow Recorded' is present on page  using regular expression

2024-07-13 00:29:18 - [MESSAGE][PASSED] - Text 'Yellow Recorded' is present on page  using regular expression

2024-07-13 00:29:18 - [TEST_STEP][PASSED] - verifyTextPresent("Norway", true): Text 'Norway' is present on page  using regular expression

2024-07-13 00:29:19 - [MESSAGE][PASSED] - Text 'Norway' is present on page  using regular expression

2024-07-13 00:29:19 - [TEST_STEP][PASSED] - verifyTextPresent("Netherlands", true): Text 'Netherlands' is present on page  using regular expression

2024-07-13 00:29:19 - [MESSAGE][PASSED] - Text 'Netherlands' is present on page  using regular expression

2024-07-13 00:29:19 - [TEST_STEP][PASSED] - verifyTextPresent("Switzerland", true): Text 'Switzerland' is present on page  using regular expression

2024-07-13 00:29:19 - [MESSAGE][PASSED] - Text 'Switzerland' is present on page  using regular expression

2024-07-13 00:29:19 - [TEST_STEP][PASSED] - verifyTextPresent("France", true): Text 'France' is present on page  using regular expression

2024-07-13 00:29:20 - [MESSAGE][PASSED] - Text 'France' is present on page  using regular expression

2024-07-13 00:29:20 - [TEST_STEP][PASSED] - verifyTextPresent("Amount", true): Text 'Amount' is present on page  using regular expression

2024-07-13 00:29:20 - [MESSAGE][PASSED] - Text 'Amount' is present on page  using regular expression

2024-07-13 00:29:20 - [TEST_STEP][PASSED] - verifyTextPresent("Service Fee", true): Text 'Service Fee' is present on page  using regular expression

2024-07-13 00:29:20 - [MESSAGE][PASSED] - Text 'Service Fee' is present on page  using regular expression

2024-07-13 00:29:20 - [TEST_STEP][PASSED] - verifyTextPresent("Service Fee Type", true): Text 'Service Fee Type' is present on page  using regular expression

2024-07-13 00:29:21 - [MESSAGE][PASSED] - Text 'Service Fee Type' is present on page  using regular expression

2024-07-13 00:29:21 - [TEST_STEP][PASSED] - verifyTextPresent("Total Amount", true): Text 'Total Amount' is present on page  using regular expression

2024-07-13 00:29:21 - [MESSAGE][PASSED] - Text 'Total Amount' is present on page  using regular expression

2024-07-13 00:29:21 - [TEST_STEP][PASSED] - verifyTextPresent("Transaction Type", true): Text 'Transaction Type' is present on page  using regular expression

2024-07-13 00:29:21 - [MESSAGE][PASSED] - Text 'Transaction Type' is present on page  using regular expression

2024-07-13 00:29:21 - [TEST_STEP][PASSED] - verifyTextPresent("11.50", true): Text '11.50' is present on page  using regular expression

2024-07-13 00:29:22 - [MESSAGE][PASSED] - Text '11.50' is present on page  using regular expression

2024-07-13 00:29:22 - [TEST_STEP][PASSED] - verifyTextPresent("5.00", true): Text '5.00' is present on page  using regular expression

2024-07-13 00:29:22 - [MESSAGE][PASSED] - Text '5.00' is present on page  using regular expression

2024-07-13 00:29:22 - [TEST_STEP][PASSED] - verifyTextPresent("Single Transaction", true): Text 'Single Transaction' is present on page  using regular expression

2024-07-13 00:29:22 - [MESSAGE][PASSED] - Text 'Single Transaction' is present on page  using regular expression

2024-07-13 00:29:22 - [TEST_STEP][PASSED] - verifyTextPresent("16.50", true): Text '16.50' is present on page  using regular expression

2024-07-13 00:29:23 - [MESSAGE][PASSED] - Text '16.50' is present on page  using regular expression

2024-07-13 00:29:23 - [TEST_STEP][PASSED] - verifyTextPresent("Debit", true): Text 'Debit' is present on page  using regular expression

2024-07-13 00:29:23 - [MESSAGE][PASSED] - Text 'Debit' is present on page  using regular expression

2024-07-13 00:29:23 - [TEST_STEP][PASSED] - verifyTextPresent("Check Information", true): Text 'Check Information' is present on page  using regular expression

2024-07-13 00:29:23 - [MESSAGE][PASSED] - Text 'Check Information' is present on page  using regular expression

2024-07-13 00:29:23 - [TEST_STEP][PASSED] - verifyTextPresent("Account Type", true): Text 'Account Type' is present on page  using regular expression

2024-07-13 00:29:24 - [MESSAGE][PASSED] - Text 'Account Type' is present on page  using regular expression

2024-07-13 00:29:24 - [TEST_STEP][PASSED] - verifyTextPresent("Account Number", true): Text 'Account Number' is present on page  using regular expression

2024-07-13 00:29:24 - [MESSAGE][PASSED] - Text 'Account Number' is present on page  using regular expression

2024-07-13 00:29:24 - [TEST_STEP][PASSED] - verifyTextPresent("Routing Number", true): Text 'Routing Number' is present on page  using regular expression

2024-07-13 00:29:24 - [MESSAGE][PASSED] - Text 'Routing Number' is present on page  using regular expression

2024-07-13 00:29:24 - [TEST_STEP][PASSED] - verifyTextPresent("2691", true): Text '2691' is present on page  using regular expression

2024-07-13 00:29:25 - [MESSAGE][PASSED] - Text '2691' is present on page  using regular expression

2024-07-13 00:29:25 - [TEST_STEP][PASSED] - cardNameV = findTestData(dataFile).getValue("NameV", row): null

2024-07-13 00:29:25 - [TEST_STEP][PASSED] - al1V = findTestData(dataFile).getValue("AL1", row): null

2024-07-13 00:29:25 - [TEST_STEP][PASSED] - al2V = findTestData(dataFile).getValue("AL2", row): null

2024-07-13 00:29:25 - [TEST_STEP][PASSED] - last4V = findTestData(dataFile).getValue("Last4", row): null

2024-07-13 00:29:25 - [TEST_STEP][PASSED] - accType = findTestData(dataFile).getValue("AccountType", row): null

2024-07-13 00:29:25 - [TEST_STEP][PASSED] - verifyTextPresent(cardNameV, true): Text 'ALISHA SLUSARSKI' is present on page  using regular expression

2024-07-13 00:29:25 - [MESSAGE][PASSED] - Text 'ALISHA SLUSARSKI' is present on page  using regular expression

2024-07-13 00:29:25 - [TEST_STEP][PASSED] - verifyTextPresent("Address Line 1", true): Text 'Address Line 1' is present on page  using regular expression

2024-07-13 00:29:26 - [MESSAGE][PASSED] - Text 'Address Line 1' is present on page  using regular expression

2024-07-13 00:29:26 - [TEST_STEP][PASSED] - verifyTextPresent("Address Line 2", true): Text 'Address Line 2' is present on page  using regular expression

2024-07-13 00:29:26 - [MESSAGE][PASSED] - Text 'Address Line 2' is present on page  using regular expression

2024-07-13 00:29:26 - [TEST_STEP][PASSED] - verifyTextPresent("Country", true): Text 'Country' is present on page  using regular expression

2024-07-13 00:29:26 - [MESSAGE][PASSED] - Text 'Country' is present on page  using regular expression

2024-07-13 00:29:26 - [TEST_STEP][PASSED] - verifyTextPresent("City", true): Text 'City' is present on page  using regular expression

2024-07-13 00:29:27 - [MESSAGE][PASSED] - Text 'City' is present on page  using regular expression

2024-07-13 00:29:27 - [TEST_STEP][PASSED] - verifyTextPresent("State", true): Text 'State' is present on page  using regular expression

2024-07-13 00:29:27 - [MESSAGE][PASSED] - Text 'State' is present on page  using regular expression

2024-07-13 00:29:27 - [TEST_STEP][PASSED] - verifyTextPresent("ZIP Code", true): Text 'ZIP Code' is present on page  using regular expression

2024-07-13 00:29:27 - [MESSAGE][PASSED] - Text 'ZIP Code' is present on page  using regular expression

2024-07-13 00:29:27 - [TEST_STEP][PASSED] - verifyTextPresent(al1V, true): Text '3273 State St' is present on page  using regular expression

2024-07-13 00:29:28 - [MESSAGE][PASSED] - Text '3273 State St' is present on page  using regular expression

2024-07-13 00:29:28 - [TEST_STEP][PASSED] - verifyTextPresent(al2V, true): Text 'apt #4' is present on page  using regular expression

2024-07-13 00:29:28 - [MESSAGE][PASSED] - Text 'apt #4' is present on page  using regular expression

2024-07-13 00:29:28 - [TEST_STEP][PASSED] - verifyTextPresent("United States", true): Text 'United States' is present on page  using regular expression

2024-07-13 00:29:28 - [MESSAGE][PASSED] - Text 'United States' is present on page  using regular expression

2024-07-13 00:29:28 - [TEST_STEP][PASSED] - verifyTextPresent("ARLINGTON", true): Text 'ARLINGTON' is present on page  using regular expression

2024-07-13 00:29:29 - [MESSAGE][PASSED] - Text 'ARLINGTON' is present on page  using regular expression

2024-07-13 00:29:29 - [TEST_STEP][PASSED] - verifyTextPresent("Virginia", true): Text 'Virginia' is present on page  using regular expression

2024-07-13 00:29:29 - [MESSAGE][PASSED] - Text 'Virginia' is present on page  using regular expression

2024-07-13 00:29:29 - [TEST_STEP][PASSED] - verifyTextPresent("22201", true): Text '22201' is present on page  using regular expression

2024-07-13 00:29:29 - [MESSAGE][PASSED] - Text '22201' is present on page  using regular expression

2024-07-13 00:29:29 - [TEST_STEP][PASSED] - verifyTextPresent(accType, true): Text 'Savings' is present on page  using regular expression

2024-07-13 00:29:30 - [MESSAGE][PASSED] - Text 'Savings' is present on page  using regular expression

2024-07-13 00:29:30 - [TEST_STEP][PASSED] - verifyTextPresent(last4V, true): Text '2004' is present on page  using regular expression

2024-07-13 00:29:30 - [MESSAGE][PASSED] - Text '2004' is present on page  using regular expression

2024-07-13 00:29:30 - [TEST_STEP][PASSED] - closeBrowser(): Browser is closed

2024-07-13 00:29:31 - [MESSAGE][PASSED] - Browser is closed]]></system-out>
         <system-err><![CDATA[]]></system-err>
      </testcase>
      <testcase name="Test Cases/Admin Suite Bootstrap/VT_ACH_TestCases/DebitPersonal_CAN_SearchVoid_TC" time="50.901" classname="Test Cases/Admin Suite Bootstrap/VT_ACH_TestCases/DebitPersonal_CAN_SearchVoid_TC" status="PASSED">
         <system-out><![CDATA[2024-07-13 00:29:31 - [TEST_CASE][PASSED] - Test Cases/Admin Suite Bootstrap/VT_ACH_TestCases/DebitPersonal_CAN_SearchVoid_TC: Test Cases/Admin Suite Bootstrap/VT_ACH_TestCases/DebitPersonal_CAN_SearchVoid_TC

2024-07-13 00:29:32 - [TEST_STEP][PASSED] - path_Dashboard = "Object Repository/AdminSuiteBootstrap_Pages/Dashboard_Bootstrap/": null

2024-07-13 00:29:32 - [TEST_STEP][PASSED] - path_VT = "Object Repository/AdminSuiteBootstrap_Pages/VT_Bootstrap/IssueTransactions/": null

2024-07-13 00:29:32 - [TEST_STEP][PASSED] - path_Receipt = "Object Repository/AdminSuiteBootstrap_Pages/VT_Bootstrap/Receipt/": null

2024-07-13 00:29:32 - [TEST_STEP][PASSED] - path_CCSearch = "Object Repository/AdminSuiteBootstrap_Pages/VT_Bootstrap/CCCreditOrVoidSearch/": null

2024-07-13 00:29:32 - [TEST_STEP][PASSED] - path_SearchResults = "Object Repository/AdminSuiteBootstrap_Pages/VT_Bootstrap/SearchResults/": null

2024-07-13 00:29:32 - [TEST_STEP][PASSED] - path_TranxDetails = "Object Repository/AdminSuiteBootstrap_Pages/VT_Bootstrap/TransactionDetails/": null

2024-07-13 00:29:32 - [TEST_STEP][PASSED] - path_DebitPersonal = "Object Repository/AdminSuiteBootstrap_Pages/VT_Bootstrap/ACHPersonal/": null

2024-07-13 00:29:32 - [TEST_STEP][PASSED] - li_1 = vpos_Prefix: null

2024-07-13 00:29:32 - [TEST_STEP][PASSED] - li_2 = "/transactions/AuthCapForm/": null

2024-07-13 00:29:32 - [TEST_STEP][PASSED] - executionProfile = getExecutionProfile(): null

2024-07-13 00:29:32 - [TEST_STEP][PASSED] - out.println("executionProfile : " + executionProfile): null

2024-07-13 00:29:32 - [TEST_STEP][PASSED] - appName = <not implemented yet for class: org.codehaus.groovy.ast.expr.EmptyExpression>: null

2024-07-13 00:29:32 - [TEST_STEP][PASSED] - appID = <not implemented yet for class: org.codehaus.groovy.ast.expr.EmptyExpression>: null

2024-07-13 00:29:32 - [TEST_STEP][PASSED] - cardNameV = <not implemented yet for class: org.codehaus.groovy.ast.expr.EmptyExpression>: null

2024-07-13 00:29:32 - [TEST_STEP][PASSED] - al1V = <not implemented yet for class: org.codehaus.groovy.ast.expr.EmptyExpression>: null

2024-07-13 00:29:32 - [TEST_STEP][PASSED] - al2V = <not implemented yet for class: org.codehaus.groovy.ast.expr.EmptyExpression>: null

2024-07-13 00:29:32 - [TEST_STEP][PASSED] - zipV = <not implemented yet for class: org.codehaus.groovy.ast.expr.EmptyExpression>: null

2024-07-13 00:29:32 - [TEST_STEP][PASSED] - accType = <not implemented yet for class: org.codehaus.groovy.ast.expr.EmptyExpression>: null

2024-07-13 00:29:32 - [TEST_STEP][PASSED] - last4V = <not implemented yet for class: org.codehaus.groovy.ast.expr.EmptyExpression>: null

2024-07-13 00:29:32 - [TEST_STEP][PASSED] - resText = "Fail": null

2024-07-13 00:29:32 - [TEST_STEP][PASSED] - resColumn = "Result": null

2024-07-13 00:29:32 - [TEST_STEP][PASSED] - datCloumn = "Date": null

2024-07-13 00:29:32 - [TEST_STEP][PASSED] - fileLoc = "C:\KatalonData\Bootstrap\VT-ACH-Data.xlsx": null

2024-07-13 00:29:32 - [TEST_STEP][PASSED] - numOfRows = <not implemented yet for class: org.codehaus.groovy.ast.expr.EmptyExpression>: null

2024-07-13 00:29:32 - [TEST_STEP][PASSED] - dataFile = <not implemented yet for class: org.codehaus.groovy.ast.expr.EmptyExpression>: null

2024-07-13 00:29:32 - [TEST_STEP][PASSED] - nameSheet = <not implemented yet for class: org.codehaus.groovy.ast.expr.EmptyExpression>: null

2024-07-13 00:29:32 - [TEST_STEP][PASSED] - nameSheet = "Debit-CAN": null

2024-07-13 00:29:32 - [TEST_STEP][PASSED] - numOfRows = findTestData("QA/Bootstrap/VT-ACH-TestData/VT-DebitVoidSearchCAN").getRowNumbers(): null

2024-07-13 00:29:32 - [TEST_STEP][PASSED] - println("Number of Records: " + numOfRows): null

2024-07-13 00:29:32 - [TEST_STEP][PASSED] - dataFile = "QA/Bootstrap/VT-ACH-TestData/VT-DebitVoidSearchCAN": null

2024-07-13 00:29:32 - [TEST_STEP][PASSED] - for ([row = 1, row <= numOfRows, (row++)]): Browser is closed

2024-07-13 00:29:32 - [TEST_STEP][PASSED] - ExecuteTC = findTestData(dataFile).getValue("Execute", row): null

2024-07-13 00:29:32 - [TEST_STEP][PASSED] - out.println("Value of Execute is : " + ExecuteTC): null

2024-07-13 00:29:32 - [TEST_STEP][PASSED] - switch (executionProfile): null

2024-07-13 00:29:32 - [TEST_STEP][PASSED] - case "QA2Profile":: null

2024-07-13 00:29:32 - [TEST_STEP][PASSED] - appName = findTestData(dataFile).getValue("AppNameQA", row): null

2024-07-13 00:29:32 - [TEST_STEP][PASSED] - appID = findTestData(dataFile).getValue("AppIDQA", row): null

2024-07-13 00:29:32 - [TEST_STEP][PASSED] - break: null

2024-07-13 00:29:32 - [TEST_STEP][PASSED] - hrefAppID = li_1 + appID + li_2: null

2024-07-13 00:29:32 - [TEST_STEP][PASSED] - hrefApp = li_1 + appID + "/": null

2024-07-13 00:29:32 - [TEST_STEP][PASSED] - println("hrefApp : " + hrefApp): null

2024-07-13 00:29:32 - [TEST_STEP][PASSED] - if (ExecuteTC.equalsIgnoreCase("Y")): Browser is closed

2024-07-13 00:29:32 - [TEST_STEP][PASSED] - out.println("Begin Record Number: " + row): null

2024-07-13 00:29:32 - [TEST_STEP][PASSED] - today = new java.util.Date(): null

2024-07-13 00:29:32 - [TEST_STEP][PASSED] - println(today): null

2024-07-13 00:29:32 - [TEST_STEP][PASSED] - datText = today: null

2024-07-13 00:29:32 - [TEST_STEP][PASSED] - adminSuiteBootstrap.loginFunctionality.login_AdminSuite(): adminSuiteBootstrap.loginFunctionality.login_AdminSuite is PASSED

2024-07-13 00:29:32 - [MESSAGE][INFO] - Starting 'Chrome' driver

2024-07-13 00:29:32 - [MESSAGE][INFO] - User set preference: ['acceptInsecureCerts', 'true']

2024-07-13 00:29:32 - [MESSAGE][INFO] - Action delay is set to 0 milliseconds

2024-07-13 00:29:35 - [MESSAGE][PASSED] - Browser is opened with url: 'https://qa2.velocitypayment.com/admin/imtiaz'

2024-07-13 00:29:35 - [MESSAGE][PASSED] - Current window maximized

2024-07-13 00:29:36 - [MESSAGE][PASSED] - Object 'Object Repository/Login_Page/Login_Username_Okta' is present

2024-07-13 00:29:36 - [MESSAGE][PASSED] - Text 'iahmed' is set on object 'Object Repository/Login_Page/Login_Username_Okta'

2024-07-13 00:29:37 - [MESSAGE][PASSED] - Text 'Hello!6666666' is set on object 'Object Repository/Login_Page/Login_Password_Okta'

2024-07-13 00:29:38 - [MESSAGE][PASSED] - Object: 'Object Repository/Login_Page/Login_Submit_Okta' is clicked on

2024-07-13 00:29:38 - [MESSAGE][PASSED] - adminSuiteBootstrap.loginFunctionality.login_AdminSuite is PASSED

2024-07-13 00:29:38 - [TEST_STEP][PASSED] - click(findTestObject(path_Dashboard + appName)): Object: 'Object Repository/AdminSuiteBootstrap_Pages/Dashboard_Bootstrap/a_Access Prod 1182 App' is clicked on

2024-07-13 00:29:45 - [MESSAGE][PASSED] - Object: 'Object Repository/AdminSuiteBootstrap_Pages/Dashboard_Bootstrap/a_Access Prod 1182 App' is clicked on

2024-07-13 00:29:45 - [TEST_STEP][PASSED] - click(findTestObject(path_VT + "button_Debit")): Object: 'Object Repository/AdminSuiteBootstrap_Pages/VT_Bootstrap/IssueTransactions/button_Debit' is clicked on

2024-07-13 00:29:46 - [MESSAGE][PASSED] - Object: 'Object Repository/AdminSuiteBootstrap_Pages/VT_Bootstrap/IssueTransactions/button_Debit' is clicked on

2024-07-13 00:29:46 - [TEST_STEP][PASSED] - click(findTestObject(path_VT + "a_Personal")): Object: 'Object Repository/AdminSuiteBootstrap_Pages/VT_Bootstrap/IssueTransactions/a_Personal' is clicked on

2024-07-13 00:29:46 - [MESSAGE][PASSED] - Object: 'Object Repository/AdminSuiteBootstrap_Pages/VT_Bootstrap/IssueTransactions/a_Personal' is clicked on

2024-07-13 00:29:46 - [TEST_STEP][PASSED] - setText(findTestObject(path_DebitPersonal + "input_clientAccountNumber"), "CAN555ab"): Text 'CAN555ab' is set on object 'Object Repository/AdminSuiteBootstrap_Pages/VT_Bootstrap/ACHPersonal/input_clientAccountNumber'

2024-07-13 00:29:48 - [MESSAGE][PASSED] - Text 'CAN555ab' is set on object 'Object Repository/AdminSuiteBootstrap_Pages/VT_Bootstrap/ACHPersonal/input_clientAccountNumber'

2024-07-13 00:29:48 - [TEST_STEP][PASSED] - setText(findTestObject(path_DebitPersonal + "input_confirmAccountNumber"), "25362145"): Text '25362145' is set on object 'Object Repository/AdminSuiteBootstrap_Pages/VT_Bootstrap/ACHPersonal/input_confirmAccountNumber'

2024-07-13 00:29:48 - [MESSAGE][PASSED] - Text '25362145' is set on object 'Object Repository/AdminSuiteBootstrap_Pages/VT_Bootstrap/ACHPersonal/input_confirmAccountNumber'

2024-07-13 00:29:48 - [TEST_STEP][PASSED] - adminSuiteBootstrap.debitPersonalsetData.debitPersonal_DataDriven(row, dataFile): adminSuiteBootstrap.debitPersonalsetData.debitPersonal_DataDriven is PASSED

2024-07-13 00:29:50 - [MESSAGE][PASSED] - Text 'Can' is set on object 'Object Repository/AdminSuiteBootstrap_Pages/VT_Bootstrap/ACHPersonal/input_firstName'

2024-07-13 00:29:51 - [MESSAGE][PASSED] - Text 'debitvoid' is set on object 'Object Repository/AdminSuiteBootstrap_Pages/VT_Bootstrap/ACHPersonal/input_lastName'

2024-07-13 00:29:52 - [MESSAGE][PASSED] - Text '25698 Elmond rd' is set on object 'Object Repository/AdminSuiteBootstrap_Pages/VT_Bootstrap/ACHPersonal/input_address'

2024-07-13 00:29:53 - [MESSAGE][PASSED] - Text '' is set on object 'Object Repository/AdminSuiteBootstrap_Pages/VT_Bootstrap/ACHPersonal/input_address2'

2024-07-13 00:29:53 - [MESSAGE][PASSED] - Text '22201' is set on object 'Object Repository/AdminSuiteBootstrap_Pages/VT_Bootstrap/ACHPersonal/input_zip'

2024-07-13 00:29:54 - [MESSAGE][PASSED] - Text '' is set on object 'Object Repository/AdminSuiteBootstrap_Pages/VT_Bootstrap/ACHPersonal/input_emailAddress'

2024-07-13 00:29:55 - [MESSAGE][PASSED] - Text '' is set on object 'Object Repository/AdminSuiteBootstrap_Pages/VT_Bootstrap/ACHPersonal/input_smsNumber'

2024-07-13 00:29:56 - [MESSAGE][PASSED] - Text '25362145' is set on object 'Object Repository/AdminSuiteBootstrap_Pages/VT_Bootstrap/ACHPersonal/input_accountNumber'

2024-07-13 00:29:57 - [MESSAGE][PASSED] - Text '256072691' is set on object 'Object Repository/AdminSuiteBootstrap_Pages/VT_Bootstrap/ACHPersonal/input_routingNumber'

2024-07-13 00:29:58 - [MESSAGE][PASSED] - All options with label 'Checking' are selected in object 'Object Repository/AdminSuiteBootstrap_Pages/VT_Bootstrap/ACHPersonal/select_AccountType'  using regular expression

2024-07-13 00:29:59 - [MESSAGE][PASSED] - All options with label 'PPD - Prearranged Payment and Deposit Entry' are selected in object 'Object Repository/AdminSuiteBootstrap_Pages/VT_Bootstrap/ACHPersonal/select_STD'  using regular expression

2024-07-13 00:30:00 - [MESSAGE][PASSED] - Text '13.50' is set on object 'Object Repository/AdminSuiteBootstrap_Pages/VT_Bootstrap/ACHPersonal/input_amount'

2024-07-13 00:30:01 - [MESSAGE][PASSED] - Text 'Denmark' is set on object 'Object Repository/AdminSuiteBootstrap_Pages/VT_Bootstrap/ACHPersonal/input_userDefined1'

2024-07-13 00:30:02 - [MESSAGE][PASSED] - Text 'Australia' is set on object 'Object Repository/AdminSuiteBootstrap_Pages/VT_Bootstrap/ACHPersonal/input_userDefined2'

2024-07-13 00:30:02 - [MESSAGE][PASSED] - Text 'Austria' is set on object 'Object Repository/AdminSuiteBootstrap_Pages/VT_Bootstrap/ACHPersonal/input_userDefined3'

2024-07-13 00:30:03 - [MESSAGE][PASSED] - Text 'Sweden' is set on object 'Object Repository/AdminSuiteBootstrap_Pages/VT_Bootstrap/ACHPersonal/input_userDefined4'

2024-07-13 00:30:04 - [MESSAGE][PASSED] - All options with label 'Yellow' are selected in object 'Object Repository/AdminSuiteBootstrap_Pages/VT_Bootstrap/ACHPersonal/select_UDF5'  using regular expression

2024-07-13 00:30:05 - [MESSAGE][PASSED] - All options with label 'Orange' are selected in object 'Object Repository/AdminSuiteBootstrap_Pages/VT_Bootstrap/ACHPersonal/select_UDF6'  using regular expression

2024-07-13 00:30:06 - [MESSAGE][PASSED] - Text 'Netherlands' is set on object 'Object Repository/AdminSuiteBootstrap_Pages/VT_Bootstrap/ACHPersonal/input_userDefined7'

2024-07-13 00:30:06 - [MESSAGE][PASSED] - Text 'Norway' is set on object 'Object Repository/AdminSuiteBootstrap_Pages/VT_Bootstrap/ACHPersonal/input_userDefined8'

2024-07-13 00:30:07 - [MESSAGE][PASSED] - Text 'France' is set on object 'Object Repository/AdminSuiteBootstrap_Pages/VT_Bootstrap/ACHPersonal/input_userDefined9'

2024-07-13 00:30:08 - [MESSAGE][PASSED] - Text 'Switzerland' is set on object 'Object Repository/AdminSuiteBootstrap_Pages/VT_Bootstrap/ACHPersonal/input_userDefined10'

2024-07-13 00:30:09 - [MESSAGE][PASSED] - Object: 'Object Repository/AdminSuiteBootstrap_Pages/VT_Bootstrap/ACHPersonal/button_Submit' is clicked on

2024-07-13 00:30:09 - [MESSAGE][PASSED] - adminSuiteBootstrap.debitPersonalsetData.debitPersonal_DataDriven is PASSED

2024-07-13 00:30:09 - [TEST_STEP][PASSED] - if (verifyTextPresent("Transaction Successful", true)): null

2024-07-13 00:30:10 - [MESSAGE][PASSED] - Text 'Transaction Successful' is present on page  using regular expression

2024-07-13 00:30:10 - [TEST_STEP][PASSED] - click(findTestObject(path_Receipt + "button_Continue")): Object: 'Object Repository/AdminSuiteBootstrap_Pages/VT_Bootstrap/Receipt/button_Continue' is clicked on

2024-07-13 00:30:11 - [MESSAGE][PASSED] - Object: 'Object Repository/AdminSuiteBootstrap_Pages/VT_Bootstrap/Receipt/button_Continue' is clicked on

2024-07-13 00:30:11 - [TEST_STEP][PASSED] - click(findTestObject(path_VT + "a_Search Transactions")): Object: 'Object Repository/AdminSuiteBootstrap_Pages/VT_Bootstrap/IssueTransactions/a_Search Transactions' is clicked on

2024-07-13 00:30:12 - [MESSAGE][PASSED] - Object: 'Object Repository/AdminSuiteBootstrap_Pages/VT_Bootstrap/IssueTransactions/a_Search Transactions' is clicked on

2024-07-13 00:30:12 - [TEST_STEP][PASSED] - selectOptionByLabel(findTestObject(path_CCSearch + "select_SearchBy"), "Client Account Number", false): All options with label 'Client Account Number' are selected in object 'Object Repository/AdminSuiteBootstrap_Pages/VT_Bootstrap/CCCreditOrVoidSearch/select_SearchBy' 

2024-07-13 00:30:12 - [MESSAGE][PASSED] - All options with label 'Client Account Number' are selected in object 'Object Repository/AdminSuiteBootstrap_Pages/VT_Bootstrap/CCCreditOrVoidSearch/select_SearchBy' 

2024-07-13 00:30:12 - [TEST_STEP][PASSED] - setText(findTestObject(path_CCSearch + "input_Search By_searchValue"), "CAN555ab"): Text 'CAN555ab' is set on object 'Object Repository/AdminSuiteBootstrap_Pages/VT_Bootstrap/CCCreditOrVoidSearch/input_Search By_searchValue'

2024-07-13 00:30:13 - [MESSAGE][PASSED] - Text 'CAN555ab' is set on object 'Object Repository/AdminSuiteBootstrap_Pages/VT_Bootstrap/CCCreditOrVoidSearch/input_Search By_searchValue'

2024-07-13 00:30:13 - [TEST_STEP][PASSED] - click(findTestObject(path_CCSearch + "button_Submit")): Object: 'Object Repository/AdminSuiteBootstrap_Pages/VT_Bootstrap/CCCreditOrVoidSearch/button_Submit' is clicked on

2024-07-13 00:30:14 - [MESSAGE][PASSED] - Object: 'Object Repository/AdminSuiteBootstrap_Pages/VT_Bootstrap/CCCreditOrVoidSearch/button_Submit' is clicked on

2024-07-13 00:30:14 - [TEST_STEP][PASSED] - click(findTestObject(path_SearchResults + "button_PaymentID")): Object: 'Object Repository/AdminSuiteBootstrap_Pages/VT_Bootstrap/SearchResults/button_PaymentID' is clicked on

2024-07-13 00:30:15 - [MESSAGE][PASSED] - Object: 'Object Repository/AdminSuiteBootstrap_Pages/VT_Bootstrap/SearchResults/button_PaymentID' is clicked on

2024-07-13 00:30:15 - [TEST_STEP][PASSED] - verifyTextPresent("Tender Type", true): Text 'Tender Type' is present on page  using regular expression

2024-07-13 00:30:15 - [MESSAGE][PASSED] - Text 'Tender Type' is present on page  using regular expression

2024-07-13 00:30:15 - [TEST_STEP][PASSED] - verifyTextPresent("Transaction Type", true): Text 'Transaction Type' is present on page  using regular expression

2024-07-13 00:30:16 - [MESSAGE][PASSED] - Text 'Transaction Type' is present on page  using regular expression

2024-07-13 00:30:16 - [TEST_STEP][PASSED] - verifyTextPresent("Transaction Posted by", true): Text 'Transaction Posted by' is present on page  using regular expression

2024-07-13 00:30:16 - [MESSAGE][PASSED] - Text 'Transaction Posted by' is present on page  using regular expression

2024-07-13 00:30:16 - [TEST_STEP][PASSED] - verifyTextPresent("iahmed", true): Text 'iahmed' is present on page  using regular expression

2024-07-13 00:30:16 - [MESSAGE][PASSED] - Text 'iahmed' is present on page  using regular expression

2024-07-13 00:30:16 - [TEST_STEP][PASSED] - verifyTextPresent("Debit", true): Text 'Debit' is present on page  using regular expression

2024-07-13 00:30:17 - [MESSAGE][PASSED] - Text 'Debit' is present on page  using regular expression

2024-07-13 00:30:17 - [TEST_STEP][PASSED] - click(findTestObject(path_TranxDetails + "a_Void this transaction")): Object: 'Object Repository/AdminSuiteBootstrap_Pages/VT_Bootstrap/TransactionDetails/a_Void this transaction' is clicked on

2024-07-13 00:30:18 - [MESSAGE][PASSED] - Object: 'Object Repository/AdminSuiteBootstrap_Pages/VT_Bootstrap/TransactionDetails/a_Void this transaction' is clicked on

2024-07-13 00:30:18 - [TEST_STEP][PASSED] - verifyTextPresent("The following transaction will be voided", true): Text 'The following transaction will be voided' is present on page  using regular expression

2024-07-13 00:30:18 - [MESSAGE][PASSED] - Text 'The following transaction will be voided' is present on page  using regular expression

2024-07-13 00:30:18 - [TEST_STEP][PASSED] - verifyTextPresent("Please press submit to continue", true): Text 'Please press submit to continue' is present on page  using regular expression

2024-07-13 00:30:18 - [MESSAGE][PASSED] - Text 'Please press submit to continue' is present on page  using regular expression

2024-07-13 00:30:18 - [TEST_STEP][PASSED] - click(findTestObject(path_TranxDetails + "button_Submit")): Object: 'Object Repository/AdminSuiteBootstrap_Pages/VT_Bootstrap/TransactionDetails/button_Submit' is clicked on

2024-07-13 00:30:20 - [MESSAGE][PASSED] - Object: 'Object Repository/AdminSuiteBootstrap_Pages/VT_Bootstrap/TransactionDetails/button_Submit' is clicked on

2024-07-13 00:30:20 - [TEST_STEP][PASSED] - verifyTextPresent("Transaction Successful", true): Text 'Transaction Successful' is present on page  using regular expression

2024-07-13 00:30:20 - [MESSAGE][PASSED] - Text 'Transaction Successful' is present on page  using regular expression

2024-07-13 00:30:20 - [TEST_STEP][PASSED] - verifyTextPresent("Transaction Type", true): Text 'Transaction Type' is present on page  using regular expression

2024-07-13 00:30:21 - [MESSAGE][PASSED] - Text 'Transaction Type' is present on page  using regular expression

2024-07-13 00:30:21 - [TEST_STEP][PASSED] - verifyTextPresent("Void", true): Text 'Void' is present on page  using regular expression

2024-07-13 00:30:21 - [MESSAGE][PASSED] - Text 'Void' is present on page  using regular expression

2024-07-13 00:30:21 - [TEST_STEP][PASSED] - closeBrowser(): Browser is closed

2024-07-13 00:30:22 - [MESSAGE][PASSED] - Browser is closed]]></system-out>
         <system-err><![CDATA[]]></system-err>
      </testcase>
      <testcase name="Test Cases/Admin Suite Bootstrap/VT_TestCases/Sale_CAN_SearchVoid_Payment_TC" time="102.631" classname="Test Cases/Admin Suite Bootstrap/VT_TestCases/Sale_CAN_SearchVoid_Payment_TC" status="PASSED">
         <system-out><![CDATA[2024-07-13 00:30:22 - [TEST_CASE][PASSED] - Test Cases/Admin Suite Bootstrap/VT_TestCases/Sale_CAN_SearchVoid_Payment_TC: Test Cases/Admin Suite Bootstrap/VT_TestCases/Sale_CAN_SearchVoid_Payment_TC

2024-07-13 00:30:23 - [TEST_STEP][PASSED] - path_Dashboard = "Object Repository/AdminSuiteBootstrap_Pages/Dashboard_Bootstrap/": null

2024-07-13 00:30:23 - [TEST_STEP][PASSED] - path_VT = "Object Repository/AdminSuiteBootstrap_Pages/VT_Bootstrap/IssueTransactions/": null

2024-07-13 00:30:23 - [TEST_STEP][PASSED] - path_SaleKB = "Object Repository/AdminSuiteBootstrap_Pages/VT_Bootstrap/SaleKeyboard/": null

2024-07-13 00:30:23 - [TEST_STEP][PASSED] - path_TestMinus = "Object Repository/Page_TestMinusAndAtSigns/": null

2024-07-13 00:30:23 - [TEST_STEP][PASSED] - path_Receipt = "Object Repository/AdminSuiteBootstrap_Pages/VT_Bootstrap/Receipt/": null

2024-07-13 00:30:23 - [TEST_STEP][PASSED] - path_CCSearch = "Object Repository/AdminSuiteBootstrap_Pages/VT_Bootstrap/CCCreditOrVoidSearch/": null

2024-07-13 00:30:23 - [TEST_STEP][PASSED] - path_SearchResults = "Object Repository/AdminSuiteBootstrap_Pages/VT_Bootstrap/SearchResults/": null

2024-07-13 00:30:23 - [TEST_STEP][PASSED] - path_TranxDetails = "Object Repository/AdminSuiteBootstrap_Pages/VT_Bootstrap/TransactionDetails/": null

2024-07-13 00:30:23 - [TEST_STEP][PASSED] - li_1 = vpos_Prefix: null

2024-07-13 00:30:23 - [TEST_STEP][PASSED] - li_2 = "/transactions/AuthCapForm/": null

2024-07-13 00:30:23 - [TEST_STEP][PASSED] - executionProfile = getExecutionProfile(): null

2024-07-13 00:30:23 - [TEST_STEP][PASSED] - out.println("executionProfile : " + executionProfile): null

2024-07-13 00:30:23 - [TEST_STEP][PASSED] - appName = <not implemented yet for class: org.codehaus.groovy.ast.expr.EmptyExpression>: null

2024-07-13 00:30:23 - [TEST_STEP][PASSED] - appID = <not implemented yet for class: org.codehaus.groovy.ast.expr.EmptyExpression>: null

2024-07-13 00:30:23 - [TEST_STEP][PASSED] - cardNameV = <not implemented yet for class: org.codehaus.groovy.ast.expr.EmptyExpression>: null

2024-07-13 00:30:23 - [TEST_STEP][PASSED] - al1V = <not implemented yet for class: org.codehaus.groovy.ast.expr.EmptyExpression>: null

2024-07-13 00:30:23 - [TEST_STEP][PASSED] - al2V = <not implemented yet for class: org.codehaus.groovy.ast.expr.EmptyExpression>: null

2024-07-13 00:30:23 - [TEST_STEP][PASSED] - zipV = <not implemented yet for class: org.codehaus.groovy.ast.expr.EmptyExpression>: null

2024-07-13 00:30:23 - [TEST_STEP][PASSED] - cardTypeV = <not implemented yet for class: org.codehaus.groovy.ast.expr.EmptyExpression>: null

2024-07-13 00:30:23 - [TEST_STEP][PASSED] - last4V = <not implemented yet for class: org.codehaus.groovy.ast.expr.EmptyExpression>: null

2024-07-13 00:30:23 - [TEST_STEP][PASSED] - resText = "Fail": null

2024-07-13 00:30:23 - [TEST_STEP][PASSED] - resColumn = "Result": null

2024-07-13 00:30:23 - [TEST_STEP][PASSED] - datCloumn = "Date": null

2024-07-13 00:30:23 - [TEST_STEP][PASSED] - fileLoc = "C:\KatalonData\Bootstrap\VT-Misc-Data.xlsx": null

2024-07-13 00:30:23 - [TEST_STEP][PASSED] - numOfRows = <not implemented yet for class: org.codehaus.groovy.ast.expr.EmptyExpression>: null

2024-07-13 00:30:23 - [TEST_STEP][PASSED] - dataFile = <not implemented yet for class: org.codehaus.groovy.ast.expr.EmptyExpression>: null

2024-07-13 00:30:23 - [TEST_STEP][PASSED] - nameSheet = <not implemented yet for class: org.codehaus.groovy.ast.expr.EmptyExpression>: null

2024-07-13 00:30:23 - [TEST_STEP][PASSED] - nameSheet = "VT-SaleVoid-NoCF-Generic": null

2024-07-13 00:30:23 - [TEST_STEP][PASSED] - numOfRows = findTestData("QA/Bootstrap/VT-TestData/VT-SaleVoidSearchCAN").getRowNumbers(): null

2024-07-13 00:30:23 - [TEST_STEP][PASSED] - println("Number of Records: " + numOfRows): null

2024-07-13 00:30:23 - [TEST_STEP][PASSED] - dataFile = "QA/Bootstrap/VT-TestData/VT-SaleVoidSearchCAN": null

2024-07-13 00:30:23 - [TEST_STEP][PASSED] - for ([row = 1, row <= numOfRows, (row++)]): null

2024-07-13 00:30:23 - [TEST_STEP][PASSED] - ExecuteTC = findTestData(dataFile).getValue("Execute", row): null

2024-07-13 00:30:23 - [TEST_STEP][PASSED] - out.println("Value of Execute is : " + ExecuteTC): null

2024-07-13 00:30:23 - [TEST_STEP][PASSED] - switch (executionProfile): null

2024-07-13 00:30:23 - [TEST_STEP][PASSED] - case "QA2Profile":: null

2024-07-13 00:30:23 - [TEST_STEP][PASSED] - appName = findTestData(dataFile).getValue("AppName", row): null

2024-07-13 00:30:23 - [TEST_STEP][PASSED] - appID = findTestData(dataFile).getValue("AppID", row): null

2024-07-13 00:30:23 - [TEST_STEP][PASSED] - break: null

2024-07-13 00:30:23 - [TEST_STEP][PASSED] - hrefAppID = li_1 + appID + li_2: null

2024-07-13 00:30:23 - [TEST_STEP][PASSED] - hrefApp = li_1 + appID + "/": null

2024-07-13 00:30:23 - [TEST_STEP][PASSED] - println("hrefApp : " + hrefApp): null

2024-07-13 00:30:23 - [TEST_STEP][PASSED] - if (ExecuteTC.equalsIgnoreCase("Y")): null

2024-07-13 00:30:23 - [TEST_STEP][PASSED] - out.println("Begin Record Number: " + row): null

2024-07-13 00:30:23 - [TEST_STEP][PASSED] - today = new java.util.Date(): null

2024-07-13 00:30:23 - [TEST_STEP][PASSED] - println(today): null

2024-07-13 00:30:23 - [TEST_STEP][PASSED] - datText = today: null

2024-07-13 00:30:23 - [TEST_STEP][PASSED] - adminSuiteBootstrap.loginFunctionality.login_AdminSuite(): adminSuiteBootstrap.loginFunctionality.login_AdminSuite is PASSED

2024-07-13 00:30:23 - [MESSAGE][INFO] - Starting 'Chrome' driver

2024-07-13 00:30:23 - [MESSAGE][INFO] - User set preference: ['acceptInsecureCerts', 'true']

2024-07-13 00:30:23 - [MESSAGE][INFO] - Action delay is set to 0 milliseconds

2024-07-13 00:30:25 - [MESSAGE][PASSED] - Browser is opened with url: 'https://qa2.velocitypayment.com/admin/imtiaz'

2024-07-13 00:30:26 - [MESSAGE][PASSED] - Current window maximized

2024-07-13 00:30:26 - [MESSAGE][PASSED] - Object 'Object Repository/Login_Page/Login_Username_Okta' is present

2024-07-13 00:30:27 - [MESSAGE][PASSED] - Text 'iahmed' is set on object 'Object Repository/Login_Page/Login_Username_Okta'

2024-07-13 00:30:28 - [MESSAGE][PASSED] - Text 'Hello!6666666' is set on object 'Object Repository/Login_Page/Login_Password_Okta'

2024-07-13 00:30:28 - [MESSAGE][PASSED] - Object: 'Object Repository/Login_Page/Login_Submit_Okta' is clicked on

2024-07-13 00:30:28 - [MESSAGE][PASSED] - adminSuiteBootstrap.loginFunctionality.login_AdminSuite is PASSED

2024-07-13 00:30:28 - [TEST_STEP][PASSED] - click(findTestObject(path_Dashboard + appName)): Object: 'Object Repository/AdminSuiteBootstrap_Pages/Dashboard_Bootstrap/a_Access Prod 1182 App' is clicked on

2024-07-13 00:30:36 - [MESSAGE][PASSED] - Object: 'Object Repository/AdminSuiteBootstrap_Pages/Dashboard_Bootstrap/a_Access Prod 1182 App' is clicked on

2024-07-13 00:30:36 - [TEST_STEP][PASSED] - click(findTestObject(path_VT + "button_Authorization  Capture (Sale)")): Object: 'Object Repository/AdminSuiteBootstrap_Pages/VT_Bootstrap/IssueTransactions/button_Authorization  Capture (Sale)' is clicked on

2024-07-13 00:30:37 - [MESSAGE][PASSED] - Object: 'Object Repository/AdminSuiteBootstrap_Pages/VT_Bootstrap/IssueTransactions/button_Authorization  Capture (Sale)' is clicked on

2024-07-13 00:30:37 - [TEST_STEP][PASSED] - saleKeyboardEntryLink = modifyObjectProperty(findTestObject(path_VT + "a_KeyboardEntry_Sale"), "href", "equals", hrefAppID, true): Modify property of object successfully

2024-07-13 00:30:37 - [MESSAGE][PASSED] - Modify property of object successfully

2024-07-13 00:30:37 - [TEST_STEP][PASSED] - click(saleKeyboardEntryLink): Object: 'Object Repository/AdminSuiteBootstrap_Pages/VT_Bootstrap/IssueTransactions/a_KeyboardEntry_Sale' is clicked on

2024-07-13 00:30:38 - [MESSAGE][PASSED] - Object: 'Object Repository/AdminSuiteBootstrap_Pages/VT_Bootstrap/IssueTransactions/a_KeyboardEntry_Sale' is clicked on

2024-07-13 00:30:38 - [TEST_STEP][PASSED] - setText(findTestObject(path_SaleKB + "input_CC_clientAccountNumber"), "CAN666ab"): Text 'CAN666ab' is set on object 'Object Repository/AdminSuiteBootstrap_Pages/VT_Bootstrap/SaleKeyboard/input_CC_clientAccountNumber'

2024-07-13 00:30:39 - [MESSAGE][PASSED] - Text 'CAN666ab' is set on object 'Object Repository/AdminSuiteBootstrap_Pages/VT_Bootstrap/SaleKeyboard/input_CC_clientAccountNumber'

2024-07-13 00:30:39 - [TEST_STEP][PASSED] - adminSuiteBootstrap.virtualTerminalSetData.saleKeyboard_DataDriven(row, dataFile): adminSuiteBootstrap.virtualTerminalSetData.saleKeyboard_DataDriven is PASSED

2024-07-13 00:30:41 - [MESSAGE][PASSED] - Text 'Can Salevoid' is set on object 'Object Repository/AdminSuiteBootstrap_Pages/VT_Bootstrap/SaleKeyboard/input_cardName'

2024-07-13 00:30:42 - [MESSAGE][PASSED] - All options with value 'RETL' are selected in object 'Object Repository/AdminSuiteBootstrap_Pages/VT_Bootstrap/SaleKeyboard/select_transactionCategory'  using regular expression

2024-07-13 00:30:43 - [MESSAGE][PASSED] - Execute JavaScript 'arguments[0].value ='4012000098765439' ' successfully

2024-07-13 00:30:43 - [MESSAGE][PASSED] - Execute JavaScript 'arguments[0].value ='123' ' successfully

2024-07-13 00:30:44 - [MESSAGE][PASSED] - All options with value '12' are selected in object 'Object Repository/AdminSuiteBootstrap_Pages/VT_Bootstrap/SaleKeyboard/select_MM'  using regular expression

2024-07-13 00:30:45 - [MESSAGE][PASSED] - All options with value '2025' are selected in object 'Object Repository/AdminSuiteBootstrap_Pages/VT_Bootstrap/SaleKeyboard/select_YYYY'  using regular expression

2024-07-13 00:30:46 - [MESSAGE][PASSED] - Text '25415 Elmore drive' is set on object 'Object Repository/AdminSuiteBootstrap_Pages/VT_Bootstrap/SaleKeyboard/input__address'

2024-07-13 00:30:47 - [MESSAGE][PASSED] - Text '' is set on object 'Object Repository/AdminSuiteBootstrap_Pages/VT_Bootstrap/SaleKeyboard/input__address2'

2024-07-13 00:30:47 - [MESSAGE][PASSED] - Text '22201' is set on object 'Object Repository/AdminSuiteBootstrap_Pages/VT_Bootstrap/SaleKeyboard/input__zip'

2024-07-13 00:30:48 - [MESSAGE][PASSED] - Text '' is set on object 'Object Repository/AdminSuiteBootstrap_Pages/VT_Bootstrap/SaleKeyboard/input_emailAddress'

2024-07-13 00:30:49 - [MESSAGE][PASSED] - Text '' is set on object 'Object Repository/AdminSuiteBootstrap_Pages/VT_Bootstrap/SaleKeyboard/input_smsNumber'

2024-07-13 00:30:50 - [MESSAGE][PASSED] - Text '14.50' is set on object 'Object Repository/AdminSuiteBootstrap_Pages/VT_Bootstrap/SaleKeyboard/input_amount'

2024-07-13 00:30:51 - [MESSAGE][PASSED] - Text 'Australia' is set on object 'Object Repository/AdminSuiteBootstrap_Pages/VT_Bootstrap/SaleKeyboard/input_userDefined1'

2024-07-13 00:30:52 - [MESSAGE][PASSED] - Text 'Denmark' is set on object 'Object Repository/AdminSuiteBootstrap_Pages/VT_Bootstrap/SaleKeyboard/input_userDefined2'

2024-07-13 00:30:53 - [MESSAGE][PASSED] - Text 'Sweden' is set on object 'Object Repository/AdminSuiteBootstrap_Pages/VT_Bootstrap/SaleKeyboard/input_userDefined3'

2024-07-13 00:30:54 - [MESSAGE][PASSED] - Text 'Austria' is set on object 'Object Repository/AdminSuiteBootstrap_Pages/VT_Bootstrap/SaleKeyboard/input_userDefined4'

2024-07-13 00:30:55 - [MESSAGE][PASSED] - All options with label 'Orange' are selected in object 'Object Repository/AdminSuiteBootstrap_Pages/VT_Bootstrap/SaleKeyboard/select_UDF5_DropDown'  using regular expression

2024-07-13 00:30:56 - [MESSAGE][PASSED] - All options with label 'Yellow' are selected in object 'Object Repository/AdminSuiteBootstrap_Pages/VT_Bootstrap/SaleKeyboard/select_UDF6_DropDown'  using regular expression

2024-07-13 00:30:56 - [MESSAGE][PASSED] - Text 'Norway' is set on object 'Object Repository/AdminSuiteBootstrap_Pages/VT_Bootstrap/SaleKeyboard/input_userDefined7'

2024-07-13 00:30:57 - [MESSAGE][PASSED] - Text 'Netherlands' is set on object 'Object Repository/AdminSuiteBootstrap_Pages/VT_Bootstrap/SaleKeyboard/input_userDefined8'

2024-07-13 00:30:58 - [MESSAGE][PASSED] - Text 'Switzerland' is set on object 'Object Repository/AdminSuiteBootstrap_Pages/VT_Bootstrap/SaleKeyboard/input_userDefined9'

2024-07-13 00:30:58 - [MESSAGE][PASSED] - Text 'France' is set on object 'Object Repository/AdminSuiteBootstrap_Pages/VT_Bootstrap/SaleKeyboard/input_userDefined10'

2024-07-13 00:31:00 - [MESSAGE][PASSED] - Object: 'Object Repository/AdminSuiteBootstrap_Pages/VT_Bootstrap/SaleKeyboard/button_Submit' is clicked on

2024-07-13 00:31:00 - [MESSAGE][PASSED] - adminSuiteBootstrap.virtualTerminalSetData.saleKeyboard_DataDriven is PASSED

2024-07-13 00:31:00 - [TEST_STEP][PASSED] - if (verifyTextPresent("Transaction Successful", true)): null

2024-07-13 00:31:01 - [MESSAGE][PASSED] - Text 'Transaction Successful' is present on page  using regular expression

2024-07-13 00:31:01 - [TEST_STEP][PASSED] - click(findTestObject(path_Receipt + "button_Continue")): Object: 'Object Repository/AdminSuiteBootstrap_Pages/VT_Bootstrap/Receipt/button_Continue' is clicked on

2024-07-13 00:31:02 - [MESSAGE][PASSED] - Object: 'Object Repository/AdminSuiteBootstrap_Pages/VT_Bootstrap/Receipt/button_Continue' is clicked on

2024-07-13 00:31:02 - [TEST_STEP][PASSED] - click(findTestObject(path_VT + "a_Search Transactions")): Object: 'Object Repository/AdminSuiteBootstrap_Pages/VT_Bootstrap/IssueTransactions/a_Search Transactions' is clicked on

2024-07-13 00:31:03 - [MESSAGE][PASSED] - Object: 'Object Repository/AdminSuiteBootstrap_Pages/VT_Bootstrap/IssueTransactions/a_Search Transactions' is clicked on

2024-07-13 00:31:03 - [TEST_STEP][PASSED] - selectOptionByLabel(findTestObject(path_CCSearch + "select_SearchBy"), "Client Account Number", false): All options with label 'Client Account Number' are selected in object 'Object Repository/AdminSuiteBootstrap_Pages/VT_Bootstrap/CCCreditOrVoidSearch/select_SearchBy' 

2024-07-13 00:31:04 - [MESSAGE][PASSED] - All options with label 'Client Account Number' are selected in object 'Object Repository/AdminSuiteBootstrap_Pages/VT_Bootstrap/CCCreditOrVoidSearch/select_SearchBy' 

2024-07-13 00:31:04 - [TEST_STEP][PASSED] - setText(findTestObject(path_CCSearch + "input_Search By_searchValue"), "CAN666ab"): Text 'CAN666ab' is set on object 'Object Repository/AdminSuiteBootstrap_Pages/VT_Bootstrap/CCCreditOrVoidSearch/input_Search By_searchValue'

2024-07-13 00:31:04 - [MESSAGE][PASSED] - Text 'CAN666ab' is set on object 'Object Repository/AdminSuiteBootstrap_Pages/VT_Bootstrap/CCCreditOrVoidSearch/input_Search By_searchValue'

2024-07-13 00:31:04 - [TEST_STEP][PASSED] - click(findTestObject(path_CCSearch + "button_Submit")): Object: 'Object Repository/AdminSuiteBootstrap_Pages/VT_Bootstrap/CCCreditOrVoidSearch/button_Submit' is clicked on

2024-07-13 00:31:05 - [MESSAGE][PASSED] - Object: 'Object Repository/AdminSuiteBootstrap_Pages/VT_Bootstrap/CCCreditOrVoidSearch/button_Submit' is clicked on

2024-07-13 00:31:05 - [TEST_STEP][PASSED] - click(findTestObject(path_SearchResults + "button_PaymentID")): Object: 'Object Repository/AdminSuiteBootstrap_Pages/VT_Bootstrap/SearchResults/button_PaymentID' is clicked on

2024-07-13 00:31:06 - [MESSAGE][PASSED] - Object: 'Object Repository/AdminSuiteBootstrap_Pages/VT_Bootstrap/SearchResults/button_PaymentID' is clicked on

2024-07-13 00:31:06 - [TEST_STEP][PASSED] - verifyTextPresent("Tender Type", true): Text 'Tender Type' is present on page  using regular expression

2024-07-13 00:31:07 - [MESSAGE][PASSED] - Text 'Tender Type' is present on page  using regular expression

2024-07-13 00:31:07 - [TEST_STEP][PASSED] - verifyTextPresent("Credit Card", true): Text 'Credit Card' is present on page  using regular expression

2024-07-13 00:31:07 - [MESSAGE][PASSED] - Text 'Credit Card' is present on page  using regular expression

2024-07-13 00:31:07 - [TEST_STEP][PASSED] - verifyTextPresent("Transaction Type", true): Text 'Transaction Type' is present on page  using regular expression

2024-07-13 00:31:07 - [MESSAGE][PASSED] - Text 'Transaction Type' is present on page  using regular expression

2024-07-13 00:31:07 - [TEST_STEP][PASSED] - verifyTextPresent("Authorization and Capture", true): Text 'Authorization and Capture' is present on page  using regular expression

2024-07-13 00:31:08 - [MESSAGE][PASSED] - Text 'Authorization and Capture' is present on page  using regular expression

2024-07-13 00:31:08 - [TEST_STEP][PASSED] - verifyTextPresent("Transaction Posted by", true): Text 'Transaction Posted by' is present on page  using regular expression

2024-07-13 00:31:08 - [MESSAGE][PASSED] - Text 'Transaction Posted by' is present on page  using regular expression

2024-07-13 00:31:08 - [TEST_STEP][PASSED] - verifyTextPresent("iahmed", true): Text 'iahmed' is present on page  using regular expression

2024-07-13 00:31:08 - [MESSAGE][PASSED] - Text 'iahmed' is present on page  using regular expression

2024-07-13 00:31:08 - [TEST_STEP][PASSED] - click(findTestObject(path_TranxDetails + "a_Void this transaction")): Object: 'Object Repository/AdminSuiteBootstrap_Pages/VT_Bootstrap/TransactionDetails/a_Void this transaction' is clicked on

2024-07-13 00:31:09 - [MESSAGE][PASSED] - Object: 'Object Repository/AdminSuiteBootstrap_Pages/VT_Bootstrap/TransactionDetails/a_Void this transaction' is clicked on

2024-07-13 00:31:09 - [TEST_STEP][PASSED] - verifyTextPresent("The following transaction will be voided", true): Text 'The following transaction will be voided' is present on page  using regular expression

2024-07-13 00:31:10 - [MESSAGE][PASSED] - Text 'The following transaction will be voided' is present on page  using regular expression

2024-07-13 00:31:10 - [TEST_STEP][PASSED] - verifyTextPresent("Please press submit to continue", true): Text 'Please press submit to continue' is present on page  using regular expression

2024-07-13 00:31:10 - [MESSAGE][PASSED] - Text 'Please press submit to continue' is present on page  using regular expression

2024-07-13 00:31:10 - [TEST_STEP][PASSED] - click(findTestObject(path_TranxDetails + "button_Submit")): Object: 'Object Repository/AdminSuiteBootstrap_Pages/VT_Bootstrap/TransactionDetails/button_Submit' is clicked on

2024-07-13 00:31:12 - [MESSAGE][PASSED] - Object: 'Object Repository/AdminSuiteBootstrap_Pages/VT_Bootstrap/TransactionDetails/button_Submit' is clicked on

2024-07-13 00:31:12 - [TEST_STEP][PASSED] - verifyTextPresent("Transaction Successful", true): Text 'Transaction Successful' is present on page  using regular expression

2024-07-13 00:31:12 - [MESSAGE][PASSED] - Text 'Transaction Successful' is present on page  using regular expression

2024-07-13 00:31:12 - [TEST_STEP][PASSED] - verifyTextPresent("Transaction Type", true): Text 'Transaction Type' is present on page  using regular expression

2024-07-13 00:31:13 - [MESSAGE][PASSED] - Text 'Transaction Type' is present on page  using regular expression

2024-07-13 00:31:13 - [TEST_STEP][PASSED] - verifyTextPresent("Void", true): Text 'Void' is present on page  using regular expression

2024-07-13 00:31:13 - [MESSAGE][PASSED] - Text 'Void' is present on page  using regular expression

2024-07-13 00:31:13 - [TEST_STEP][PASSED] - closeBrowser(): Browser is closed

2024-07-13 00:31:14 - [MESSAGE][PASSED] - Browser is closed

2024-07-13 00:31:14 - [TEST_STEP][PASSED] - ExecuteTC = findTestData(dataFile).getValue("Execute", row): null

2024-07-13 00:31:14 - [TEST_STEP][PASSED] - out.println("Value of Execute is : " + ExecuteTC): null

2024-07-13 00:31:14 - [TEST_STEP][PASSED] - switch (executionProfile): null

2024-07-13 00:31:14 - [TEST_STEP][PASSED] - case "QA2Profile":: null

2024-07-13 00:31:14 - [TEST_STEP][PASSED] - appName = findTestData(dataFile).getValue("AppName", row): null

2024-07-13 00:31:14 - [TEST_STEP][PASSED] - appID = findTestData(dataFile).getValue("AppID", row): null

2024-07-13 00:31:14 - [TEST_STEP][PASSED] - break: null

2024-07-13 00:31:14 - [TEST_STEP][PASSED] - hrefAppID = li_1 + appID + li_2: null

2024-07-13 00:31:14 - [TEST_STEP][PASSED] - hrefApp = li_1 + appID + "/": null

2024-07-13 00:31:14 - [TEST_STEP][PASSED] - println("hrefApp : " + hrefApp): null

2024-07-13 00:31:14 - [TEST_STEP][PASSED] - if (ExecuteTC.equalsIgnoreCase("Y")): null

2024-07-13 00:31:14 - [TEST_STEP][PASSED] - out.println("Begin Record Number: " + row): null

2024-07-13 00:31:14 - [TEST_STEP][PASSED] - today = new java.util.Date(): null

2024-07-13 00:31:14 - [TEST_STEP][PASSED] - println(today): null

2024-07-13 00:31:14 - [TEST_STEP][PASSED] - datText = today: null

2024-07-13 00:31:14 - [TEST_STEP][PASSED] - adminSuiteBootstrap.loginFunctionality.login_AdminSuite(): adminSuiteBootstrap.loginFunctionality.login_AdminSuite is PASSED

2024-07-13 00:31:14 - [MESSAGE][INFO] - Starting 'Chrome' driver

2024-07-13 00:31:14 - [MESSAGE][INFO] - User set preference: ['acceptInsecureCerts', 'true']

2024-07-13 00:31:14 - [MESSAGE][INFO] - Action delay is set to 0 milliseconds

2024-07-13 00:31:17 - [MESSAGE][PASSED] - Browser is opened with url: 'https://qa2.velocitypayment.com/admin/imtiaz'

2024-07-13 00:31:17 - [MESSAGE][PASSED] - Current window maximized

2024-07-13 00:31:18 - [MESSAGE][PASSED] - Object 'Object Repository/Login_Page/Login_Username_Okta' is present

2024-07-13 00:31:19 - [MESSAGE][PASSED] - Text 'iahmed' is set on object 'Object Repository/Login_Page/Login_Username_Okta'

2024-07-13 00:31:20 - [MESSAGE][PASSED] - Text 'Hello!6666666' is set on object 'Object Repository/Login_Page/Login_Password_Okta'

2024-07-13 00:31:20 - [MESSAGE][PASSED] - Object: 'Object Repository/Login_Page/Login_Submit_Okta' is clicked on

2024-07-13 00:31:20 - [MESSAGE][PASSED] - adminSuiteBootstrap.loginFunctionality.login_AdminSuite is PASSED

2024-07-13 00:31:20 - [TEST_STEP][PASSED] - click(findTestObject(path_Dashboard + appName)): Object: 'Object Repository/AdminSuiteBootstrap_Pages/Dashboard_Bootstrap/a_Access Prod 1182 App' is clicked on

2024-07-13 00:31:27 - [MESSAGE][PASSED] - Object: 'Object Repository/AdminSuiteBootstrap_Pages/Dashboard_Bootstrap/a_Access Prod 1182 App' is clicked on

2024-07-13 00:31:27 - [TEST_STEP][PASSED] - click(findTestObject(path_VT + "button_Authorization  Capture (Sale)")): Object: 'Object Repository/AdminSuiteBootstrap_Pages/VT_Bootstrap/IssueTransactions/button_Authorization  Capture (Sale)' is clicked on

2024-07-13 00:31:28 - [MESSAGE][PASSED] - Object: 'Object Repository/AdminSuiteBootstrap_Pages/VT_Bootstrap/IssueTransactions/button_Authorization  Capture (Sale)' is clicked on

2024-07-13 00:31:28 - [TEST_STEP][PASSED] - saleKeyboardEntryLink = modifyObjectProperty(findTestObject(path_VT + "a_KeyboardEntry_Sale"), "href", "equals", hrefAppID, true): Modify property of object successfully

2024-07-13 00:31:28 - [MESSAGE][PASSED] - Modify property of object successfully

2024-07-13 00:31:28 - [TEST_STEP][PASSED] - click(saleKeyboardEntryLink): Object: 'Object Repository/AdminSuiteBootstrap_Pages/VT_Bootstrap/IssueTransactions/a_KeyboardEntry_Sale' is clicked on

2024-07-13 00:31:29 - [MESSAGE][PASSED] - Object: 'Object Repository/AdminSuiteBootstrap_Pages/VT_Bootstrap/IssueTransactions/a_KeyboardEntry_Sale' is clicked on

2024-07-13 00:31:29 - [TEST_STEP][PASSED] - setText(findTestObject(path_SaleKB + "input_CC_clientAccountNumber"), "CAN666ab"): Text 'CAN666ab' is set on object 'Object Repository/AdminSuiteBootstrap_Pages/VT_Bootstrap/SaleKeyboard/input_CC_clientAccountNumber'

2024-07-13 00:31:30 - [MESSAGE][PASSED] - Text 'CAN666ab' is set on object 'Object Repository/AdminSuiteBootstrap_Pages/VT_Bootstrap/SaleKeyboard/input_CC_clientAccountNumber'

2024-07-13 00:31:30 - [TEST_STEP][PASSED] - adminSuiteBootstrap.virtualTerminalSetData.saleKeyboard_DataDriven(row, dataFile): adminSuiteBootstrap.virtualTerminalSetData.saleKeyboard_DataDriven is PASSED

2024-07-13 00:31:32 - [MESSAGE][PASSED] - Text 'Can Salevoid' is set on object 'Object Repository/AdminSuiteBootstrap_Pages/VT_Bootstrap/SaleKeyboard/input_cardName'

2024-07-13 00:31:33 - [MESSAGE][PASSED] - All options with value 'MOTO' are selected in object 'Object Repository/AdminSuiteBootstrap_Pages/VT_Bootstrap/SaleKeyboard/select_transactionCategory'  using regular expression

2024-07-13 00:31:34 - [MESSAGE][PASSED] - Execute JavaScript 'arguments[0].value ='4012000098765439' ' successfully

2024-07-13 00:31:34 - [MESSAGE][PASSED] - Execute JavaScript 'arguments[0].value ='123' ' successfully

2024-07-13 00:31:35 - [MESSAGE][PASSED] - All options with value '12' are selected in object 'Object Repository/AdminSuiteBootstrap_Pages/VT_Bootstrap/SaleKeyboard/select_MM'  using regular expression

2024-07-13 00:31:36 - [MESSAGE][PASSED] - All options with value '2025' are selected in object 'Object Repository/AdminSuiteBootstrap_Pages/VT_Bootstrap/SaleKeyboard/select_YYYY'  using regular expression

2024-07-13 00:31:37 - [MESSAGE][PASSED] - Text '25415 Elmore drive' is set on object 'Object Repository/AdminSuiteBootstrap_Pages/VT_Bootstrap/SaleKeyboard/input__address'

2024-07-13 00:31:38 - [MESSAGE][PASSED] - Text '' is set on object 'Object Repository/AdminSuiteBootstrap_Pages/VT_Bootstrap/SaleKeyboard/input__address2'

2024-07-13 00:31:38 - [MESSAGE][PASSED] - Text '22201' is set on object 'Object Repository/AdminSuiteBootstrap_Pages/VT_Bootstrap/SaleKeyboard/input__zip'

2024-07-13 00:31:39 - [MESSAGE][PASSED] - Text '' is set on object 'Object Repository/AdminSuiteBootstrap_Pages/VT_Bootstrap/SaleKeyboard/input_emailAddress'

2024-07-13 00:31:40 - [MESSAGE][PASSED] - Text '' is set on object 'Object Repository/AdminSuiteBootstrap_Pages/VT_Bootstrap/SaleKeyboard/input_smsNumber'

2024-07-13 00:31:41 - [MESSAGE][PASSED] - Text '14.50' is set on object 'Object Repository/AdminSuiteBootstrap_Pages/VT_Bootstrap/SaleKeyboard/input_amount'

2024-07-13 00:31:42 - [MESSAGE][PASSED] - Text 'Australia' is set on object 'Object Repository/AdminSuiteBootstrap_Pages/VT_Bootstrap/SaleKeyboard/input_userDefined1'

2024-07-13 00:31:43 - [MESSAGE][PASSED] - Text 'Denmark' is set on object 'Object Repository/AdminSuiteBootstrap_Pages/VT_Bootstrap/SaleKeyboard/input_userDefined2'

2024-07-13 00:31:44 - [MESSAGE][PASSED] - Text 'Sweden' is set on object 'Object Repository/AdminSuiteBootstrap_Pages/VT_Bootstrap/SaleKeyboard/input_userDefined3'

2024-07-13 00:31:45 - [MESSAGE][PASSED] - Text 'Austria' is set on object 'Object Repository/AdminSuiteBootstrap_Pages/VT_Bootstrap/SaleKeyboard/input_userDefined4'

2024-07-13 00:31:46 - [MESSAGE][PASSED] - All options with label 'Orange' are selected in object 'Object Repository/AdminSuiteBootstrap_Pages/VT_Bootstrap/SaleKeyboard/select_UDF5_DropDown'  using regular expression

2024-07-13 00:31:47 - [MESSAGE][PASSED] - All options with label 'Yellow' are selected in object 'Object Repository/AdminSuiteBootstrap_Pages/VT_Bootstrap/SaleKeyboard/select_UDF6_DropDown'  using regular expression

2024-07-13 00:31:47 - [MESSAGE][PASSED] - Text 'Norway' is set on object 'Object Repository/AdminSuiteBootstrap_Pages/VT_Bootstrap/SaleKeyboard/input_userDefined7'

2024-07-13 00:31:48 - [MESSAGE][PASSED] - Text 'Netherlands' is set on object 'Object Repository/AdminSuiteBootstrap_Pages/VT_Bootstrap/SaleKeyboard/input_userDefined8'

2024-07-13 00:31:49 - [MESSAGE][PASSED] - Text 'Switzerland' is set on object 'Object Repository/AdminSuiteBootstrap_Pages/VT_Bootstrap/SaleKeyboard/input_userDefined9'

2024-07-13 00:31:49 - [MESSAGE][PASSED] - Text 'France' is set on object 'Object Repository/AdminSuiteBootstrap_Pages/VT_Bootstrap/SaleKeyboard/input_userDefined10'

2024-07-13 00:31:51 - [MESSAGE][PASSED] - Object: 'Object Repository/AdminSuiteBootstrap_Pages/VT_Bootstrap/SaleKeyboard/button_Submit' is clicked on

2024-07-13 00:31:51 - [MESSAGE][PASSED] - adminSuiteBootstrap.virtualTerminalSetData.saleKeyboard_DataDriven is PASSED

2024-07-13 00:31:51 - [TEST_STEP][PASSED] - if (verifyTextPresent("Transaction Successful", true)): null

2024-07-13 00:31:52 - [MESSAGE][PASSED] - Text 'Transaction Successful' is present on page  using regular expression

2024-07-13 00:31:52 - [TEST_STEP][PASSED] - click(findTestObject(path_Receipt + "button_Continue")): Object: 'Object Repository/AdminSuiteBootstrap_Pages/VT_Bootstrap/Receipt/button_Continue' is clicked on

2024-07-13 00:31:52 - [MESSAGE][PASSED] - Object: 'Object Repository/AdminSuiteBootstrap_Pages/VT_Bootstrap/Receipt/button_Continue' is clicked on

2024-07-13 00:31:52 - [TEST_STEP][PASSED] - click(findTestObject(path_VT + "a_Search Transactions")): Object: 'Object Repository/AdminSuiteBootstrap_Pages/VT_Bootstrap/IssueTransactions/a_Search Transactions' is clicked on

2024-07-13 00:31:53 - [MESSAGE][PASSED] - Object: 'Object Repository/AdminSuiteBootstrap_Pages/VT_Bootstrap/IssueTransactions/a_Search Transactions' is clicked on

2024-07-13 00:31:53 - [TEST_STEP][PASSED] - selectOptionByLabel(findTestObject(path_CCSearch + "select_SearchBy"), "Client Account Number", false): All options with label 'Client Account Number' are selected in object 'Object Repository/AdminSuiteBootstrap_Pages/VT_Bootstrap/CCCreditOrVoidSearch/select_SearchBy' 

2024-07-13 00:31:54 - [MESSAGE][PASSED] - All options with label 'Client Account Number' are selected in object 'Object Repository/AdminSuiteBootstrap_Pages/VT_Bootstrap/CCCreditOrVoidSearch/select_SearchBy' 

2024-07-13 00:31:54 - [TEST_STEP][PASSED] - setText(findTestObject(path_CCSearch + "input_Search By_searchValue"), "CAN666ab"): Text 'CAN666ab' is set on object 'Object Repository/AdminSuiteBootstrap_Pages/VT_Bootstrap/CCCreditOrVoidSearch/input_Search By_searchValue'

2024-07-13 00:31:55 - [MESSAGE][PASSED] - Text 'CAN666ab' is set on object 'Object Repository/AdminSuiteBootstrap_Pages/VT_Bootstrap/CCCreditOrVoidSearch/input_Search By_searchValue'

2024-07-13 00:31:55 - [TEST_STEP][PASSED] - click(findTestObject(path_CCSearch + "button_Submit")): Object: 'Object Repository/AdminSuiteBootstrap_Pages/VT_Bootstrap/CCCreditOrVoidSearch/button_Submit' is clicked on

2024-07-13 00:31:56 - [MESSAGE][PASSED] - Object: 'Object Repository/AdminSuiteBootstrap_Pages/VT_Bootstrap/CCCreditOrVoidSearch/button_Submit' is clicked on

2024-07-13 00:31:56 - [TEST_STEP][PASSED] - click(findTestObject(path_SearchResults + "button_PaymentID")): Object: 'Object Repository/AdminSuiteBootstrap_Pages/VT_Bootstrap/SearchResults/button_PaymentID' is clicked on

2024-07-13 00:31:57 - [MESSAGE][PASSED] - Object: 'Object Repository/AdminSuiteBootstrap_Pages/VT_Bootstrap/SearchResults/button_PaymentID' is clicked on

2024-07-13 00:31:57 - [TEST_STEP][PASSED] - verifyTextPresent("Tender Type", true): Text 'Tender Type' is present on page  using regular expression

2024-07-13 00:31:57 - [MESSAGE][PASSED] - Text 'Tender Type' is present on page  using regular expression

2024-07-13 00:31:57 - [TEST_STEP][PASSED] - verifyTextPresent("Credit Card", true): Text 'Credit Card' is present on page  using regular expression

2024-07-13 00:31:58 - [MESSAGE][PASSED] - Text 'Credit Card' is present on page  using regular expression

2024-07-13 00:31:58 - [TEST_STEP][PASSED] - verifyTextPresent("Transaction Type", true): Text 'Transaction Type' is present on page  using regular expression

2024-07-13 00:31:58 - [MESSAGE][PASSED] - Text 'Transaction Type' is present on page  using regular expression

2024-07-13 00:31:58 - [TEST_STEP][PASSED] - verifyTextPresent("Authorization and Capture", true): Text 'Authorization and Capture' is present on page  using regular expression

2024-07-13 00:31:58 - [MESSAGE][PASSED] - Text 'Authorization and Capture' is present on page  using regular expression

2024-07-13 00:31:58 - [TEST_STEP][PASSED] - verifyTextPresent("Transaction Posted by", true): Text 'Transaction Posted by' is present on page  using regular expression

2024-07-13 00:31:59 - [MESSAGE][PASSED] - Text 'Transaction Posted by' is present on page  using regular expression

2024-07-13 00:31:59 - [TEST_STEP][PASSED] - verifyTextPresent("iahmed", true): Text 'iahmed' is present on page  using regular expression

2024-07-13 00:31:59 - [MESSAGE][PASSED] - Text 'iahmed' is present on page  using regular expression

2024-07-13 00:31:59 - [TEST_STEP][PASSED] - click(findTestObject(path_TranxDetails + "a_Void this transaction")): Object: 'Object Repository/AdminSuiteBootstrap_Pages/VT_Bootstrap/TransactionDetails/a_Void this transaction' is clicked on

2024-07-13 00:32:00 - [MESSAGE][PASSED] - Object: 'Object Repository/AdminSuiteBootstrap_Pages/VT_Bootstrap/TransactionDetails/a_Void this transaction' is clicked on

2024-07-13 00:32:00 - [TEST_STEP][PASSED] - verifyTextPresent("The following transaction will be voided", true): Text 'The following transaction will be voided' is present on page  using regular expression

2024-07-13 00:32:00 - [MESSAGE][PASSED] - Text 'The following transaction will be voided' is present on page  using regular expression

2024-07-13 00:32:00 - [TEST_STEP][PASSED] - verifyTextPresent("Please press submit to continue", true): Text 'Please press submit to continue' is present on page  using regular expression

2024-07-13 00:32:01 - [MESSAGE][PASSED] - Text 'Please press submit to continue' is present on page  using regular expression

2024-07-13 00:32:01 - [TEST_STEP][PASSED] - click(findTestObject(path_TranxDetails + "button_Submit")): Object: 'Object Repository/AdminSuiteBootstrap_Pages/VT_Bootstrap/TransactionDetails/button_Submit' is clicked on

2024-07-13 00:32:02 - [MESSAGE][PASSED] - Object: 'Object Repository/AdminSuiteBootstrap_Pages/VT_Bootstrap/TransactionDetails/button_Submit' is clicked on

2024-07-13 00:32:02 - [TEST_STEP][PASSED] - verifyTextPresent("Transaction Successful", true): Text 'Transaction Successful' is present on page  using regular expression

2024-07-13 00:32:03 - [MESSAGE][PASSED] - Text 'Transaction Successful' is present on page  using regular expression

2024-07-13 00:32:03 - [TEST_STEP][PASSED] - verifyTextPresent("Transaction Type", true): Text 'Transaction Type' is present on page  using regular expression

2024-07-13 00:32:03 - [MESSAGE][PASSED] - Text 'Transaction Type' is present on page  using regular expression

2024-07-13 00:32:03 - [TEST_STEP][PASSED] - verifyTextPresent("Void", true): Text 'Void' is present on page  using regular expression

2024-07-13 00:32:04 - [MESSAGE][PASSED] - Text 'Void' is present on page  using regular expression

2024-07-13 00:32:04 - [TEST_STEP][PASSED] - closeBrowser(): Browser is closed

2024-07-13 00:32:05 - [MESSAGE][PASSED] - Browser is closed]]></system-out>
         <system-err><![CDATA[]]></system-err>
      </testcase>
      <system-out><![CDATA[2024-07-12 21:41:14 - [TEST_SUITE][PASSED] - AdminSuiteBootstrap_Payments_TestSuite: Test Cases/Admin Suite Bootstrap/VT_TestCases/Sale_CAN_SearchVoid_Payment_TC]]></system-out>
      <system-err><![CDATA[]]></system-err>
   </testsuite>
</testsuites>
