<?xml version="1.0" encoding="UTF-8"?>
<testsuites name="Temp" time="408.307" tests="1" failures="0" errors="0">
   <testsuite name="Temp" tests="1" failures="0" errors="0" time="408.307" skipped="0" timestamp="2022-06-02 17:50:21" hostname="imtiaz - DESKTOP-B2QI6NS.govolution.com" id="Test Suites/Temp">
      <properties>
         <property name="deviceName" value=""/>
         <property name="devicePlatform" value=""/>
         <property name="logFolder" value="E:\\Cloned-Project-Katalon\\VPS-Katalon\\Reports\\20220602_175011\\Temp\\20220602_175011"/>
         <property name="logFiles" value="E:\\Cloned-Project-Katalon\\VPS-Katalon\\Reports\\20220602_175011\\Temp\\20220602_175011\\execution0.log"/>
         <property name="attachments" value=""/>
         <property name="hostName" value="imtiaz - DESKTOP-B2QI6NS.govolution.com"/>
         <property name="os" value="Windows 10 64bit"/>
         <property name="katalonVersion" value="8.2.5.208"/>
         <property name="browser" value="Chrome 102.0.5005.62"/>
         <property name="hostAddress" value="172.31.253.180"/>
         <property name="sessionId" value="5ec741750fbd7300cc35b6ed5b21456c"/>
         <property name="seleniumVersion" value="3.141.59"/>
         <property name="proxyInformation" value="ProxyInformation { proxyOption=NO_PROXY, proxyServerType=HTTP, username=, password=********, proxyServerAddress=, proxyServerPort=0, executionList=&quot;&quot;, isApplyToDesiredCapabilities=true }"/>
         <property name="platform" value="Windows 10"/>
      </properties>
      <testcase name="Test Cases/Admin Suite Bootstrap/VT-NotInTestSuite/SaleKeyboard_TP_NoCF_App742_Payment_TC" time="407.881" classname="Test Cases/Admin Suite Bootstrap/VT-NotInTestSuite/SaleKeyboard_TP_NoCF_App742_Payment_TC" status="PASSED">
         <system-out><![CDATA[2022-06-02 17:50:21 - [TEST_CASE][PASSED] - Test Cases/Admin Suite Bootstrap/VT-NotInTestSuite/SaleKeyboard_TP_NoCF_App742_Payment_TC: Test Cases/Admin Suite Bootstrap/VT-NotInTestSuite/SaleKeyboard_TP_NoCF_App742_Payment_TC

2022-06-02 17:50:22 - [TEST_STEP][PASSED] - path_Dashboard = "Object Repository/AdminSuiteBootstrap_Pages/Dashboard_Bootstrap/": null

2022-06-02 17:50:22 - [TEST_STEP][PASSED] - path_VT = "Object Repository/AdminSuiteBootstrap_Pages/VT_Bootstrap/IssueTransactions/": null

2022-06-02 17:50:22 - [TEST_STEP][PASSED] - path_SaleKB = "Object Repository/AdminSuiteBootstrap_Pages/VT_Bootstrap/SaleKeyboard/": null

2022-06-02 17:50:22 - [TEST_STEP][PASSED] - li_1 = "/admin/imtiaz/bootstrap/vpos/": null

2022-06-02 17:50:22 - [TEST_STEP][PASSED] - li_2 = "/transactions/AuthCapForm/": null

2022-06-02 17:50:22 - [TEST_STEP][PASSED] - appName = <not implemented yet for class: org.codehaus.groovy.ast.expr.EmptyExpression>: null

2022-06-02 17:50:22 - [TEST_STEP][PASSED] - appID = <not implemented yet for class: org.codehaus.groovy.ast.expr.EmptyExpression>: null

2022-06-02 17:50:22 - [TEST_STEP][PASSED] - cardNameV = <not implemented yet for class: org.codehaus.groovy.ast.expr.EmptyExpression>: null

2022-06-02 17:50:22 - [TEST_STEP][PASSED] - al1V = <not implemented yet for class: org.codehaus.groovy.ast.expr.EmptyExpression>: null

2022-06-02 17:50:22 - [TEST_STEP][PASSED] - al2V = <not implemented yet for class: org.codehaus.groovy.ast.expr.EmptyExpression>: null

2022-06-02 17:50:22 - [TEST_STEP][PASSED] - zipV = <not implemented yet for class: org.codehaus.groovy.ast.expr.EmptyExpression>: null

2022-06-02 17:50:22 - [TEST_STEP][PASSED] - cardTypeV = <not implemented yet for class: org.codehaus.groovy.ast.expr.EmptyExpression>: null

2022-06-02 17:50:22 - [TEST_STEP][PASSED] - last4V = <not implemented yet for class: org.codehaus.groovy.ast.expr.EmptyExpression>: null

2022-06-02 17:50:22 - [TEST_STEP][PASSED] - resText = "Fail": null

2022-06-02 17:50:22 - [TEST_STEP][PASSED] - resColumn = "Result": null

2022-06-02 17:50:22 - [TEST_STEP][PASSED] - datCloumn = "Date": null

2022-06-02 17:50:22 - [TEST_STEP][PASSED] - fileLoc = "C:\KatalonData\Bootstrap\VT-Data.xlsx": null

2022-06-02 17:50:22 - [TEST_STEP][PASSED] - nameSheet = "VT-Sale-NoCF": null

2022-06-02 17:50:22 - [TEST_STEP][PASSED] - numOfRows = findTestData("QA/Bootstrap/VT-TestData/VT-SaleData-NoCF").getRowNumbers(): null

2022-06-02 17:50:23 - [TEST_STEP][PASSED] - println("Number of Records: " + numOfRows): null

2022-06-02 17:50:23 - [TEST_STEP][PASSED] - dataFile = "QA/Bootstrap/VT-TestData/VT-SaleData-NoCF": null

2022-06-02 17:50:23 - [TEST_STEP][PASSED] - for ([row = 1, row <= numOfRows, (row++)]): Text '6909' is present on page  using regular expression

2022-06-02 17:50:23 - [TEST_STEP][PASSED] - ExecuteTC = findTestData(dataFile).getValue("Execute", row): null

2022-06-02 17:50:23 - [TEST_STEP][PASSED] - out.println("Value of Execute is : " + ExecuteTC): null

2022-06-02 17:50:23 - [TEST_STEP][PASSED] - appName = findTestData(dataFile).getValue("AppName", row): null

2022-06-02 17:50:23 - [TEST_STEP][PASSED] - appID = findTestData(dataFile).getValue("AppID", row): null

2022-06-02 17:50:23 - [TEST_STEP][PASSED] - hrefAppID = li_1 + appID + li_2: null

2022-06-02 17:50:23 - [TEST_STEP][PASSED] - if (ExecuteTC.equalsIgnoreCase("Y")): Text '5439' is present on page  using regular expression

2022-06-02 17:50:23 - [TEST_STEP][PASSED] - out.println("Begin Record Number: " + row): null

2022-06-02 17:50:23 - [TEST_STEP][PASSED] - today = new java.util.Date(): null

2022-06-02 17:50:24 - [TEST_STEP][PASSED] - println(today): null

2022-06-02 17:50:24 - [TEST_STEP][PASSED] - datText = today: null

2022-06-02 17:50:24 - [TEST_STEP][PASSED] - adminSuiteBootstrap.loginFunctionality.login_AdminSuite(): adminSuiteBootstrap.loginFunctionality.login_AdminSuite is PASSED

2022-06-02 17:50:24 - [MESSAGE][INFO] - Starting 'Chrome' driver

2022-06-02 17:50:24 - [MESSAGE][INFO] - User set preference: ['acceptInsecureCerts', 'true']

2022-06-02 17:50:24 - [MESSAGE][INFO] - Action delay is set to 0 milliseconds

2022-06-02 17:50:28 - [MESSAGE][PASSED] - Browser is opened with url: 'https://qa.velocitypayment.com/admin/imtiaz'

2022-06-02 17:50:28 - [MESSAGE][PASSED] - Current window maximized

2022-06-02 17:50:29 - [MESSAGE][PASSED] - Object 'Object Repository/Login_Page/Login_Username' is present

2022-06-02 17:50:30 - [MESSAGE][PASSED] - Text 'iahmed' is set on object 'Object Repository/Login_Page/Login_Username'

2022-06-02 17:50:30 - [MESSAGE][PASSED] - Text 'hello2222' is set on object 'Object Repository/Login_Page/Login_Password'

2022-06-02 17:50:34 - [MESSAGE][PASSED] - Object: 'Object Repository/Login_Page/Login_Submit' is clicked on

2022-06-02 17:50:34 - [MESSAGE][PASSED] - adminSuiteBootstrap.loginFunctionality.login_AdminSuite is PASSED

2022-06-02 17:50:34 - [TEST_STEP][PASSED] - click(findTestObject(path_Dashboard + "span_Payment")): Object: 'Object Repository/AdminSuiteBootstrap_Pages/Dashboard_Bootstrap/span_Payment' is clicked on

2022-06-02 17:50:34 - [MESSAGE][PASSED] - Object: 'Object Repository/AdminSuiteBootstrap_Pages/Dashboard_Bootstrap/span_Payment' is clicked on

2022-06-02 17:50:34 - [TEST_STEP][PASSED] - click(findTestObject(path_Dashboard + appName)): Object: 'Object Repository/AdminSuiteBootstrap_Pages/Dashboard_Bootstrap/a_Access AutoNoCFtp' is clicked on

2022-06-02 17:50:37 - [MESSAGE][PASSED] - Object: 'Object Repository/AdminSuiteBootstrap_Pages/Dashboard_Bootstrap/a_Access AutoNoCFtp' is clicked on

2022-06-02 17:50:37 - [TEST_STEP][PASSED] - click(findTestObject(path_VT + "button_Authorization  Capture (Sale)")): Object: 'Object Repository/AdminSuiteBootstrap_Pages/VT_Bootstrap/IssueTransactions/button_Authorization  Capture (Sale)' is clicked on

2022-06-02 17:50:37 - [MESSAGE][PASSED] - Object: 'Object Repository/AdminSuiteBootstrap_Pages/VT_Bootstrap/IssueTransactions/button_Authorization  Capture (Sale)' is clicked on

2022-06-02 17:50:37 - [TEST_STEP][PASSED] - saleKeyboardEntryLink = modifyObjectProperty(findTestObject(path_VT + "a_KeyboardEntry_Sale"), "href", "equals", hrefAppID, true): Modify property of object successfully

2022-06-02 17:50:38 - [MESSAGE][PASSED] - Modify property of object successfully

2022-06-02 17:50:38 - [TEST_STEP][PASSED] - click(saleKeyboardEntryLink): Object: 'Object Repository/AdminSuiteBootstrap_Pages/VT_Bootstrap/IssueTransactions/a_KeyboardEntry_Sale' is clicked on

2022-06-02 17:50:39 - [MESSAGE][PASSED] - Object: 'Object Repository/AdminSuiteBootstrap_Pages/VT_Bootstrap/IssueTransactions/a_KeyboardEntry_Sale' is clicked on

2022-06-02 17:50:39 - [TEST_STEP][PASSED] - adminSuiteBootstrap.virtualTerminalSetData.saleKeyboard_DataDriven(row, dataFile): adminSuiteBootstrap.virtualTerminalSetData.saleKeyboard_DataDriven is PASSED

2022-06-02 17:50:42 - [MESSAGE][PASSED] - Text 'Tulsi Raman' is set on object 'Object Repository/AdminSuiteBootstrap_Pages/VT_Bootstrap/SaleKeyboard/input_cardName'

2022-06-02 17:50:43 - [MESSAGE][PASSED] - All options with value 'RETL' are selected in object 'Object Repository/AdminSuiteBootstrap_Pages/VT_Bootstrap/SaleKeyboard/select_transactionCategory'  using regular expression

2022-06-02 17:50:44 - [MESSAGE][PASSED] - Execute JavaScript 'arguments[0].value ='4012000098765439' ' successfully

2022-06-02 17:50:44 - [MESSAGE][PASSED] - Execute JavaScript 'arguments[0].value ='123' ' successfully

2022-06-02 17:50:45 - [MESSAGE][PASSED] - All options with value '12' are selected in object 'Object Repository/AdminSuiteBootstrap_Pages/VT_Bootstrap/SaleKeyboard/select_MM'  using regular expression

2022-06-02 17:50:46 - [MESSAGE][PASSED] - All options with value '2025' are selected in object 'Object Repository/AdminSuiteBootstrap_Pages/VT_Bootstrap/SaleKeyboard/select_YYYY'  using regular expression

2022-06-02 17:50:47 - [MESSAGE][PASSED] - Text '36 Cornor Road' is set on object 'Object Repository/AdminSuiteBootstrap_Pages/VT_Bootstrap/SaleKeyboard/input__address'

2022-06-02 17:50:48 - [MESSAGE][PASSED] - Text 'Suite 500' is set on object 'Object Repository/AdminSuiteBootstrap_Pages/VT_Bootstrap/SaleKeyboard/input__address2'

2022-06-02 17:50:48 - [MESSAGE][PASSED] - Text '22201' is set on object 'Object Repository/AdminSuiteBootstrap_Pages/VT_Bootstrap/SaleKeyboard/input__zip'

2022-06-02 17:50:49 - [MESSAGE][PASSED] - Text '' is set on object 'Object Repository/AdminSuiteBootstrap_Pages/VT_Bootstrap/SaleKeyboard/input_emailAddress'

2022-06-02 17:50:50 - [MESSAGE][PASSED] - Text '' is set on object 'Object Repository/AdminSuiteBootstrap_Pages/VT_Bootstrap/SaleKeyboard/input_smsNumber'

2022-06-02 17:50:51 - [MESSAGE][PASSED] - Text '10.50' is set on object 'Object Repository/AdminSuiteBootstrap_Pages/VT_Bootstrap/SaleKeyboard/input_amount'

2022-06-02 17:50:52 - [MESSAGE][PASSED] - Text 'Australia' is set on object 'Object Repository/AdminSuiteBootstrap_Pages/VT_Bootstrap/SaleKeyboard/input_userDefined1'

2022-06-02 17:50:53 - [MESSAGE][PASSED] - Text 'Denmark' is set on object 'Object Repository/AdminSuiteBootstrap_Pages/VT_Bootstrap/SaleKeyboard/input_userDefined2'

2022-06-02 17:50:53 - [MESSAGE][PASSED] - Text 'Sweden' is set on object 'Object Repository/AdminSuiteBootstrap_Pages/VT_Bootstrap/SaleKeyboard/input_userDefined3'

2022-06-02 17:50:54 - [MESSAGE][PASSED] - Text 'Austria' is set on object 'Object Repository/AdminSuiteBootstrap_Pages/VT_Bootstrap/SaleKeyboard/input_userDefined4'

2022-06-02 17:50:55 - [MESSAGE][PASSED] - All options with label 'Orange' are selected in object 'Object Repository/AdminSuiteBootstrap_Pages/VT_Bootstrap/SaleKeyboard/select_UDF5_DropDown'  using regular expression

2022-06-02 17:50:56 - [MESSAGE][PASSED] - All options with label 'Yellow' are selected in object 'Object Repository/AdminSuiteBootstrap_Pages/VT_Bootstrap/SaleKeyboard/select_UDF6_DropDown'  using regular expression

2022-06-02 17:50:57 - [MESSAGE][PASSED] - Text 'Norway' is set on object 'Object Repository/AdminSuiteBootstrap_Pages/VT_Bootstrap/SaleKeyboard/input_userDefined7'

2022-06-02 17:50:57 - [MESSAGE][PASSED] - Text 'Netherlands' is set on object 'Object Repository/AdminSuiteBootstrap_Pages/VT_Bootstrap/SaleKeyboard/input_userDefined8'

2022-06-02 17:50:58 - [MESSAGE][PASSED] - Text 'Switzerland' is set on object 'Object Repository/AdminSuiteBootstrap_Pages/VT_Bootstrap/SaleKeyboard/input_userDefined9'

2022-06-02 17:50:59 - [MESSAGE][PASSED] - Text 'France' is set on object 'Object Repository/AdminSuiteBootstrap_Pages/VT_Bootstrap/SaleKeyboard/input_userDefined10'

2022-06-02 17:51:01 - [MESSAGE][PASSED] - Object: 'Object Repository/AdminSuiteBootstrap_Pages/VT_Bootstrap/SaleKeyboard/button_Submit' is clicked on

2022-06-02 17:51:01 - [MESSAGE][PASSED] - adminSuiteBootstrap.virtualTerminalSetData.saleKeyboard_DataDriven is PASSED

2022-06-02 17:51:01 - [TEST_STEP][PASSED] - verifyTextPresent("Transaction Successful", true): Text 'Transaction Successful' is present on page  using regular expression

2022-06-02 17:51:01 - [MESSAGE][PASSED] - Text 'Transaction Successful' is present on page  using regular expression

2022-06-02 17:51:01 - [TEST_STEP][PASSED] - verifyElementVisible(findTestObject("Object Repository/AdminSuiteBootstrap_Pages/VT_Bootstrap/Receipt/button_Continue")): Object 'Object Repository/AdminSuiteBootstrap_Pages/VT_Bootstrap/Receipt/button_Continue' is visible

2022-06-02 17:51:02 - [MESSAGE][PASSED] - Object 'Object Repository/AdminSuiteBootstrap_Pages/VT_Bootstrap/Receipt/button_Continue' is visible

2022-06-02 17:51:02 - [TEST_STEP][PASSED] - verifyElementPresent(findTestObject("Object Repository/AdminSuiteBootstrap_Pages/VT_Bootstrap/Receipt/button_Continue"), 20): Object 'Object Repository/AdminSuiteBootstrap_Pages/VT_Bootstrap/Receipt/button_Continue' is present

2022-06-02 17:51:02 - [MESSAGE][PASSED] - Object 'Object Repository/AdminSuiteBootstrap_Pages/VT_Bootstrap/Receipt/button_Continue' is present

2022-06-02 17:51:02 - [TEST_STEP][PASSED] - verifyElementVisible(findTestObject("Object Repository/AdminSuiteBootstrap_Pages/VT_Bootstrap/Receipt/button_Print")): Object 'Object Repository/AdminSuiteBootstrap_Pages/VT_Bootstrap/Receipt/button_Print' is visible

2022-06-02 17:51:02 - [MESSAGE][PASSED] - Object 'Object Repository/AdminSuiteBootstrap_Pages/VT_Bootstrap/Receipt/button_Print' is visible

2022-06-02 17:51:02 - [TEST_STEP][PASSED] - verifyElementPresent(findTestObject("Object Repository/AdminSuiteBootstrap_Pages/VT_Bootstrap/Receipt/button_Print"), 20): Object 'Object Repository/AdminSuiteBootstrap_Pages/VT_Bootstrap/Receipt/button_Print' is present

2022-06-02 17:51:03 - [MESSAGE][PASSED] - Object 'Object Repository/AdminSuiteBootstrap_Pages/VT_Bootstrap/Receipt/button_Print' is present

2022-06-02 17:51:03 - [TEST_STEP][PASSED] - verifyTextPresent("Remittance ID", true): Text 'Remittance ID' is present on page  using regular expression

2022-06-02 17:51:03 - [MESSAGE][PASSED] - Text 'Remittance ID' is present on page  using regular expression

2022-06-02 17:51:03 - [TEST_STEP][PASSED] - verifyTextPresent("Received", true): Text 'Received' is present on page  using regular expression

2022-06-02 17:51:03 - [MESSAGE][PASSED] - Text 'Received' is present on page  using regular expression

2022-06-02 17:51:03 - [TEST_STEP][PASSED] - verifyTextPresent("UDF1", true): Text 'UDF1' is present on page  using regular expression

2022-06-02 17:51:04 - [MESSAGE][PASSED] - Text 'UDF1' is present on page  using regular expression

2022-06-02 17:51:04 - [TEST_STEP][PASSED] - verifyTextPresent("UDF2", true): Text 'UDF2' is present on page  using regular expression

2022-06-02 17:51:04 - [MESSAGE][PASSED] - Text 'UDF2' is present on page  using regular expression

2022-06-02 17:51:04 - [TEST_STEP][PASSED] - verifyTextPresent("UDF3", true): Text 'UDF3' is present on page  using regular expression

2022-06-02 17:51:04 - [MESSAGE][PASSED] - Text 'UDF3' is present on page  using regular expression

2022-06-02 17:51:04 - [TEST_STEP][PASSED] - verifyTextPresent("UDF4", true): Text 'UDF4' is present on page  using regular expression

2022-06-02 17:51:05 - [MESSAGE][PASSED] - Text 'UDF4' is present on page  using regular expression

2022-06-02 17:51:05 - [TEST_STEP][PASSED] - verifyTextPresent("UDF5", true): Text 'UDF5' is present on page  using regular expression

2022-06-02 17:51:05 - [MESSAGE][PASSED] - Text 'UDF5' is present on page  using regular expression

2022-06-02 17:51:05 - [TEST_STEP][PASSED] - verifyTextPresent("UDF6", true): Text 'UDF6' is present on page  using regular expression

2022-06-02 17:51:05 - [MESSAGE][PASSED] - Text 'UDF6' is present on page  using regular expression

2022-06-02 17:51:05 - [TEST_STEP][PASSED] - verifyTextPresent("UDF7", true): Text 'UDF7' is present on page  using regular expression

2022-06-02 17:51:06 - [MESSAGE][PASSED] - Text 'UDF7' is present on page  using regular expression

2022-06-02 17:51:06 - [TEST_STEP][PASSED] - verifyTextPresent("UDF8", true): Text 'UDF8' is present on page  using regular expression

2022-06-02 17:51:06 - [MESSAGE][PASSED] - Text 'UDF8' is present on page  using regular expression

2022-06-02 17:51:06 - [TEST_STEP][PASSED] - verifyTextPresent("UDF9", true): Text 'UDF9' is present on page  using regular expression

2022-06-02 17:51:06 - [MESSAGE][PASSED] - Text 'UDF9' is present on page  using regular expression

2022-06-02 17:51:06 - [TEST_STEP][PASSED] - verifyTextPresent("UDF 10", true): Text 'UDF 10' is present on page  using regular expression

2022-06-02 17:51:07 - [MESSAGE][PASSED] - Text 'UDF 10' is present on page  using regular expression

2022-06-02 17:51:07 - [TEST_STEP][PASSED] - verifyTextPresent("Australia", true): Text 'Australia' is present on page  using regular expression

2022-06-02 17:51:07 - [MESSAGE][PASSED] - Text 'Australia' is present on page  using regular expression

2022-06-02 17:51:07 - [TEST_STEP][PASSED] - verifyTextPresent("Denmark", true): Text 'Denmark' is present on page  using regular expression

2022-06-02 17:51:07 - [MESSAGE][PASSED] - Text 'Denmark' is present on page  using regular expression

2022-06-02 17:51:07 - [TEST_STEP][PASSED] - verifyTextPresent("Sweden", true): Text 'Sweden' is present on page  using regular expression

2022-06-02 17:51:08 - [MESSAGE][PASSED] - Text 'Sweden' is present on page  using regular expression

2022-06-02 17:51:08 - [TEST_STEP][PASSED] - verifyTextPresent("Austria", true): Text 'Austria' is present on page  using regular expression

2022-06-02 17:51:08 - [MESSAGE][PASSED] - Text 'Austria' is present on page  using regular expression

2022-06-02 17:51:08 - [TEST_STEP][PASSED] - verifyTextPresent("Orange Recorded", true): Text 'Orange Recorded' is present on page  using regular expression

2022-06-02 17:51:08 - [MESSAGE][PASSED] - Text 'Orange Recorded' is present on page  using regular expression

2022-06-02 17:51:08 - [TEST_STEP][PASSED] - verifyTextPresent("Yellow Recorded", true): Text 'Yellow Recorded' is present on page  using regular expression

2022-06-02 17:51:09 - [MESSAGE][PASSED] - Text 'Yellow Recorded' is present on page  using regular expression

2022-06-02 17:51:09 - [TEST_STEP][PASSED] - verifyTextPresent("Norway", true): Text 'Norway' is present on page  using regular expression

2022-06-02 17:51:09 - [MESSAGE][PASSED] - Text 'Norway' is present on page  using regular expression

2022-06-02 17:51:09 - [TEST_STEP][PASSED] - verifyTextPresent("Netherlands", true): Text 'Netherlands' is present on page  using regular expression

2022-06-02 17:51:09 - [MESSAGE][PASSED] - Text 'Netherlands' is present on page  using regular expression

2022-06-02 17:51:09 - [TEST_STEP][PASSED] - verifyTextPresent("Switzerland", true): Text 'Switzerland' is present on page  using regular expression

2022-06-02 17:51:10 - [MESSAGE][PASSED] - Text 'Switzerland' is present on page  using regular expression

2022-06-02 17:51:10 - [TEST_STEP][PASSED] - verifyTextPresent("France", true): Text 'France' is present on page  using regular expression

2022-06-02 17:51:10 - [MESSAGE][PASSED] - Text 'France' is present on page  using regular expression

2022-06-02 17:51:10 - [TEST_STEP][PASSED] - verifyTextPresent("Amount", true): Text 'Amount' is present on page  using regular expression

2022-06-02 17:51:10 - [MESSAGE][PASSED] - Text 'Amount' is present on page  using regular expression

2022-06-02 17:51:10 - [TEST_STEP][PASSED] - verifyTextPresent("Total Amount", true): Text 'Total Amount' is present on page  using regular expression

2022-06-02 17:51:10 - [MESSAGE][PASSED] - Text 'Total Amount' is present on page  using regular expression

2022-06-02 17:51:10 - [TEST_STEP][PASSED] - verifyTextPresent("Transaction Type", true): Text 'Transaction Type' is present on page  using regular expression

2022-06-02 17:51:11 - [MESSAGE][PASSED] - Text 'Transaction Type' is present on page  using regular expression

2022-06-02 17:51:11 - [TEST_STEP][PASSED] - verifyTextPresent("10.50", true): Text '10.50' is present on page  using regular expression

2022-06-02 17:51:11 - [MESSAGE][PASSED] - Text '10.50' is present on page  using regular expression

2022-06-02 17:51:11 - [TEST_STEP][PASSED] - verifyTextPresent("Authorization and Capture", true): Text 'Authorization and Capture' is present on page  using regular expression

2022-06-02 17:51:12 - [MESSAGE][PASSED] - Text 'Authorization and Capture' is present on page  using regular expression

2022-06-02 17:51:12 - [TEST_STEP][PASSED] - verifyTextPresent("Card Information", true): Text 'Card Information' is present on page  using regular expression

2022-06-02 17:51:12 - [MESSAGE][PASSED] - Text 'Card Information' is present on page  using regular expression

2022-06-02 17:51:12 - [TEST_STEP][PASSED] - cardNameV = findTestData(dataFile).getValue("CardNameV", row): null

2022-06-02 17:51:12 - [TEST_STEP][PASSED] - al1V = findTestData(dataFile).getValue("AL1", row): null

2022-06-02 17:51:12 - [TEST_STEP][PASSED] - al2V = findTestData(dataFile).getValue("AL2", row): null

2022-06-02 17:51:12 - [TEST_STEP][PASSED] - zipV = findTestData(dataFile).getValue("ZIP", row): null

2022-06-02 17:51:12 - [TEST_STEP][PASSED] - cardTypeV = findTestData(dataFile).getValue("CardType", row): null

2022-06-02 17:51:12 - [TEST_STEP][PASSED] - last4V = findTestData(dataFile).getValue("Last4", row): null

2022-06-02 17:51:12 - [TEST_STEP][PASSED] - verifyTextPresent(cardNameV, true): Text 'TULSI RAMAN' is present on page  using regular expression

2022-06-02 17:51:13 - [MESSAGE][PASSED] - Text 'TULSI RAMAN' is present on page  using regular expression

2022-06-02 17:51:13 - [TEST_STEP][PASSED] - verifyTextPresent("Address Line 1", true): Text 'Address Line 1' is present on page  using regular expression

2022-06-02 17:51:13 - [MESSAGE][PASSED] - Text 'Address Line 1' is present on page  using regular expression

2022-06-02 17:51:13 - [TEST_STEP][PASSED] - verifyTextPresent("Address Line 2", true): Text 'Address Line 2' is present on page  using regular expression

2022-06-02 17:51:13 - [MESSAGE][PASSED] - Text 'Address Line 2' is present on page  using regular expression

2022-06-02 17:51:13 - [TEST_STEP][PASSED] - verifyTextPresent("Country", true): Text 'Country' is present on page  using regular expression

2022-06-02 17:51:14 - [MESSAGE][PASSED] - Text 'Country' is present on page  using regular expression

2022-06-02 17:51:14 - [TEST_STEP][PASSED] - verifyTextPresent("City", true): Text 'City' is present on page  using regular expression

2022-06-02 17:51:14 - [MESSAGE][PASSED] - Text 'City' is present on page  using regular expression

2022-06-02 17:51:14 - [TEST_STEP][PASSED] - verifyTextPresent("State", true): Text 'State' is present on page  using regular expression

2022-06-02 17:51:14 - [MESSAGE][PASSED] - Text 'State' is present on page  using regular expression

2022-06-02 17:51:14 - [TEST_STEP][PASSED] - verifyTextPresent("ZIP Code", true): Text 'ZIP Code' is present on page  using regular expression

2022-06-02 17:51:15 - [MESSAGE][PASSED] - Text 'ZIP Code' is present on page  using regular expression

2022-06-02 17:51:15 - [TEST_STEP][PASSED] - verifyTextPresent(al1V, true): Text '36 Cornor Road' is present on page  using regular expression

2022-06-02 17:51:15 - [MESSAGE][PASSED] - Text '36 Cornor Road' is present on page  using regular expression

2022-06-02 17:51:15 - [TEST_STEP][PASSED] - verifyTextPresent(al2V, true): Text 'Suite 500' is present on page  using regular expression

2022-06-02 17:51:15 - [MESSAGE][PASSED] - Text 'Suite 500' is present on page  using regular expression

2022-06-02 17:51:15 - [TEST_STEP][PASSED] - verifyTextPresent("United States", true): Text 'United States' is present on page  using regular expression

2022-06-02 17:51:16 - [MESSAGE][PASSED] - Text 'United States' is present on page  using regular expression

2022-06-02 17:51:16 - [TEST_STEP][PASSED] - verifyTextPresent("ARLINGTON", true): Text 'ARLINGTON' is present on page  using regular expression

2022-06-02 17:51:16 - [MESSAGE][PASSED] - Text 'ARLINGTON' is present on page  using regular expression

2022-06-02 17:51:16 - [TEST_STEP][PASSED] - verifyTextPresent("Virginia", true): Text 'Virginia' is present on page  using regular expression

2022-06-02 17:51:16 - [MESSAGE][PASSED] - Text 'Virginia' is present on page  using regular expression

2022-06-02 17:51:16 - [TEST_STEP][PASSED] - verifyTextPresent(zipV, true): Text '22201' is present on page  using regular expression

2022-06-02 17:51:17 - [MESSAGE][PASSED] - Text '22201' is present on page  using regular expression

2022-06-02 17:51:17 - [TEST_STEP][PASSED] - verifyTextPresent(cardTypeV, true): Text 'Visa' is present on page  using regular expression

2022-06-02 17:51:17 - [MESSAGE][PASSED] - Text 'Visa' is present on page  using regular expression

2022-06-02 17:51:17 - [TEST_STEP][PASSED] - verifyTextPresent(last4V, true): Text '5439' is present on page  using regular expression

2022-06-02 17:51:17 - [MESSAGE][PASSED] - Text '5439' is present on page  using regular expression

2022-06-02 17:51:17 - [TEST_STEP][PASSED] - ExecuteTC = findTestData(dataFile).getValue("Execute", row): null

2022-06-02 17:51:17 - [TEST_STEP][PASSED] - out.println("Value of Execute is : " + ExecuteTC): null

2022-06-02 17:51:17 - [TEST_STEP][PASSED] - appName = findTestData(dataFile).getValue("AppName", row): null

2022-06-02 17:51:18 - [TEST_STEP][PASSED] - appID = findTestData(dataFile).getValue("AppID", row): null

2022-06-02 17:51:18 - [TEST_STEP][PASSED] - hrefAppID = li_1 + appID + li_2: null

2022-06-02 17:51:18 - [TEST_STEP][PASSED] - if (ExecuteTC.equalsIgnoreCase("Y")): Text '0035' is present on page  using regular expression

2022-06-02 17:51:18 - [TEST_STEP][PASSED] - out.println("Begin Record Number: " + row): null

2022-06-02 17:51:18 - [TEST_STEP][PASSED] - today = new java.util.Date(): null

2022-06-02 17:51:18 - [TEST_STEP][PASSED] - println(today): null

2022-06-02 17:51:18 - [TEST_STEP][PASSED] - datText = today: null

2022-06-02 17:51:18 - [TEST_STEP][PASSED] - adminSuiteBootstrap.loginFunctionality.login_AdminSuite(): adminSuiteBootstrap.loginFunctionality.login_AdminSuite is PASSED

2022-06-02 17:51:18 - [MESSAGE][WARNING] - A browser is already opened. Closing browser and opening a new one

2022-06-02 17:51:19 - [MESSAGE][INFO] - Starting 'Chrome' driver

2022-06-02 17:51:19 - [MESSAGE][INFO] - User set preference: ['acceptInsecureCerts', 'true']

2022-06-02 17:51:19 - [MESSAGE][INFO] - Action delay is set to 0 milliseconds

2022-06-02 17:51:21 - [MESSAGE][PASSED] - Browser is opened with url: 'https://qa.velocitypayment.com/admin/imtiaz'

2022-06-02 17:51:21 - [MESSAGE][PASSED] - Current window maximized

2022-06-02 17:51:21 - [MESSAGE][PASSED] - Object 'Object Repository/Login_Page/Login_Username' is present

2022-06-02 17:51:22 - [MESSAGE][PASSED] - Text 'iahmed' is set on object 'Object Repository/Login_Page/Login_Username'

2022-06-02 17:51:23 - [MESSAGE][PASSED] - Text 'hello2222' is set on object 'Object Repository/Login_Page/Login_Password'

2022-06-02 17:51:26 - [MESSAGE][PASSED] - Object: 'Object Repository/Login_Page/Login_Submit' is clicked on

2022-06-02 17:51:26 - [MESSAGE][PASSED] - adminSuiteBootstrap.loginFunctionality.login_AdminSuite is PASSED

2022-06-02 17:51:26 - [TEST_STEP][PASSED] - click(findTestObject(path_Dashboard + "span_Payment")): Object: 'Object Repository/AdminSuiteBootstrap_Pages/Dashboard_Bootstrap/span_Payment' is clicked on

2022-06-02 17:51:27 - [MESSAGE][PASSED] - Object: 'Object Repository/AdminSuiteBootstrap_Pages/Dashboard_Bootstrap/span_Payment' is clicked on

2022-06-02 17:51:27 - [TEST_STEP][PASSED] - click(findTestObject(path_Dashboard + appName)): Object: 'Object Repository/AdminSuiteBootstrap_Pages/Dashboard_Bootstrap/a_Access AutoNoCFtp' is clicked on

2022-06-02 17:51:28 - [MESSAGE][PASSED] - Object: 'Object Repository/AdminSuiteBootstrap_Pages/Dashboard_Bootstrap/a_Access AutoNoCFtp' is clicked on

2022-06-02 17:51:28 - [TEST_STEP][PASSED] - click(findTestObject(path_VT + "button_Authorization  Capture (Sale)")): Object: 'Object Repository/AdminSuiteBootstrap_Pages/VT_Bootstrap/IssueTransactions/button_Authorization  Capture (Sale)' is clicked on

2022-06-02 17:51:28 - [MESSAGE][PASSED] - Object: 'Object Repository/AdminSuiteBootstrap_Pages/VT_Bootstrap/IssueTransactions/button_Authorization  Capture (Sale)' is clicked on

2022-06-02 17:51:28 - [TEST_STEP][PASSED] - saleKeyboardEntryLink = modifyObjectProperty(findTestObject(path_VT + "a_KeyboardEntry_Sale"), "href", "equals", hrefAppID, true): Modify property of object successfully

2022-06-02 17:51:28 - [MESSAGE][PASSED] - Modify property of object successfully

2022-06-02 17:51:28 - [TEST_STEP][PASSED] - click(saleKeyboardEntryLink): Object: 'Object Repository/AdminSuiteBootstrap_Pages/VT_Bootstrap/IssueTransactions/a_KeyboardEntry_Sale' is clicked on

2022-06-02 17:51:30 - [MESSAGE][PASSED] - Object: 'Object Repository/AdminSuiteBootstrap_Pages/VT_Bootstrap/IssueTransactions/a_KeyboardEntry_Sale' is clicked on

2022-06-02 17:51:30 - [TEST_STEP][PASSED] - adminSuiteBootstrap.virtualTerminalSetData.saleKeyboard_DataDriven(row, dataFile): adminSuiteBootstrap.virtualTerminalSetData.saleKeyboard_DataDriven is PASSED

2022-06-02 17:51:33 - [MESSAGE][PASSED] - Text 'Tulsi Raman' is set on object 'Object Repository/AdminSuiteBootstrap_Pages/VT_Bootstrap/SaleKeyboard/input_cardName'

2022-06-02 17:51:34 - [MESSAGE][PASSED] - All options with value 'RETL' are selected in object 'Object Repository/AdminSuiteBootstrap_Pages/VT_Bootstrap/SaleKeyboard/select_transactionCategory'  using regular expression

2022-06-02 17:51:35 - [MESSAGE][PASSED] - Execute JavaScript 'arguments[0].value ='5146312200000035' ' successfully

2022-06-02 17:51:35 - [MESSAGE][PASSED] - Execute JavaScript 'arguments[0].value ='123' ' successfully

2022-06-02 17:51:36 - [MESSAGE][PASSED] - All options with value '12' are selected in object 'Object Repository/AdminSuiteBootstrap_Pages/VT_Bootstrap/SaleKeyboard/select_MM'  using regular expression

2022-06-02 17:51:37 - [MESSAGE][PASSED] - All options with value '2025' are selected in object 'Object Repository/AdminSuiteBootstrap_Pages/VT_Bootstrap/SaleKeyboard/select_YYYY'  using regular expression

2022-06-02 17:51:38 - [MESSAGE][PASSED] - Text '1478 Jhatka Palace' is set on object 'Object Repository/AdminSuiteBootstrap_Pages/VT_Bootstrap/SaleKeyboard/input__address'

2022-06-02 17:51:39 - [MESSAGE][PASSED] - Text 'Suite 500' is set on object 'Object Repository/AdminSuiteBootstrap_Pages/VT_Bootstrap/SaleKeyboard/input__address2'

2022-06-02 17:51:39 - [MESSAGE][PASSED] - Text '22201' is set on object 'Object Repository/AdminSuiteBootstrap_Pages/VT_Bootstrap/SaleKeyboard/input__zip'

2022-06-02 17:51:40 - [MESSAGE][PASSED] - Text '' is set on object 'Object Repository/AdminSuiteBootstrap_Pages/VT_Bootstrap/SaleKeyboard/input_emailAddress'

2022-06-02 17:51:41 - [MESSAGE][PASSED] - Text '' is set on object 'Object Repository/AdminSuiteBootstrap_Pages/VT_Bootstrap/SaleKeyboard/input_smsNumber'

2022-06-02 17:51:42 - [MESSAGE][PASSED] - Text '10.50' is set on object 'Object Repository/AdminSuiteBootstrap_Pages/VT_Bootstrap/SaleKeyboard/input_amount'

2022-06-02 17:51:43 - [MESSAGE][PASSED] - Text 'Australia' is set on object 'Object Repository/AdminSuiteBootstrap_Pages/VT_Bootstrap/SaleKeyboard/input_userDefined1'

2022-06-02 17:51:44 - [MESSAGE][PASSED] - Text 'Denmark' is set on object 'Object Repository/AdminSuiteBootstrap_Pages/VT_Bootstrap/SaleKeyboard/input_userDefined2'

2022-06-02 17:51:44 - [MESSAGE][PASSED] - Text 'Sweden' is set on object 'Object Repository/AdminSuiteBootstrap_Pages/VT_Bootstrap/SaleKeyboard/input_userDefined3'

2022-06-02 17:51:45 - [MESSAGE][PASSED] - Text 'Austria' is set on object 'Object Repository/AdminSuiteBootstrap_Pages/VT_Bootstrap/SaleKeyboard/input_userDefined4'

2022-06-02 17:51:46 - [MESSAGE][PASSED] - All options with label 'Orange' are selected in object 'Object Repository/AdminSuiteBootstrap_Pages/VT_Bootstrap/SaleKeyboard/select_UDF5_DropDown'  using regular expression

2022-06-02 17:51:47 - [MESSAGE][PASSED] - All options with label 'Yellow' are selected in object 'Object Repository/AdminSuiteBootstrap_Pages/VT_Bootstrap/SaleKeyboard/select_UDF6_DropDown'  using regular expression

2022-06-02 17:51:48 - [MESSAGE][PASSED] - Text 'Norway' is set on object 'Object Repository/AdminSuiteBootstrap_Pages/VT_Bootstrap/SaleKeyboard/input_userDefined7'

2022-06-02 17:51:48 - [MESSAGE][PASSED] - Text 'Netherlands' is set on object 'Object Repository/AdminSuiteBootstrap_Pages/VT_Bootstrap/SaleKeyboard/input_userDefined8'

2022-06-02 17:51:49 - [MESSAGE][PASSED] - Text 'Switzerland' is set on object 'Object Repository/AdminSuiteBootstrap_Pages/VT_Bootstrap/SaleKeyboard/input_userDefined9'

2022-06-02 17:51:50 - [MESSAGE][PASSED] - Text 'France' is set on object 'Object Repository/AdminSuiteBootstrap_Pages/VT_Bootstrap/SaleKeyboard/input_userDefined10'

2022-06-02 17:51:51 - [MESSAGE][PASSED] - Object: 'Object Repository/AdminSuiteBootstrap_Pages/VT_Bootstrap/SaleKeyboard/button_Submit' is clicked on

2022-06-02 17:51:51 - [MESSAGE][PASSED] - adminSuiteBootstrap.virtualTerminalSetData.saleKeyboard_DataDriven is PASSED

2022-06-02 17:51:51 - [TEST_STEP][PASSED] - verifyTextPresent("Transaction Successful", true): Text 'Transaction Successful' is present on page  using regular expression

2022-06-02 17:51:52 - [MESSAGE][PASSED] - Text 'Transaction Successful' is present on page  using regular expression

2022-06-02 17:51:52 - [TEST_STEP][PASSED] - verifyElementVisible(findTestObject("Object Repository/AdminSuiteBootstrap_Pages/VT_Bootstrap/Receipt/button_Continue")): Object 'Object Repository/AdminSuiteBootstrap_Pages/VT_Bootstrap/Receipt/button_Continue' is visible

2022-06-02 17:51:52 - [MESSAGE][PASSED] - Object 'Object Repository/AdminSuiteBootstrap_Pages/VT_Bootstrap/Receipt/button_Continue' is visible

2022-06-02 17:51:52 - [TEST_STEP][PASSED] - verifyElementPresent(findTestObject("Object Repository/AdminSuiteBootstrap_Pages/VT_Bootstrap/Receipt/button_Continue"), 20): Object 'Object Repository/AdminSuiteBootstrap_Pages/VT_Bootstrap/Receipt/button_Continue' is present

2022-06-02 17:51:53 - [MESSAGE][PASSED] - Object 'Object Repository/AdminSuiteBootstrap_Pages/VT_Bootstrap/Receipt/button_Continue' is present

2022-06-02 17:51:53 - [TEST_STEP][PASSED] - verifyElementVisible(findTestObject("Object Repository/AdminSuiteBootstrap_Pages/VT_Bootstrap/Receipt/button_Print")): Object 'Object Repository/AdminSuiteBootstrap_Pages/VT_Bootstrap/Receipt/button_Print' is visible

2022-06-02 17:51:53 - [MESSAGE][PASSED] - Object 'Object Repository/AdminSuiteBootstrap_Pages/VT_Bootstrap/Receipt/button_Print' is visible

2022-06-02 17:51:53 - [TEST_STEP][PASSED] - verifyElementPresent(findTestObject("Object Repository/AdminSuiteBootstrap_Pages/VT_Bootstrap/Receipt/button_Print"), 20): Object 'Object Repository/AdminSuiteBootstrap_Pages/VT_Bootstrap/Receipt/button_Print' is present

2022-06-02 17:51:53 - [MESSAGE][PASSED] - Object 'Object Repository/AdminSuiteBootstrap_Pages/VT_Bootstrap/Receipt/button_Print' is present

2022-06-02 17:51:53 - [TEST_STEP][PASSED] - verifyTextPresent("Remittance ID", true): Text 'Remittance ID' is present on page  using regular expression

2022-06-02 17:51:54 - [MESSAGE][PASSED] - Text 'Remittance ID' is present on page  using regular expression

2022-06-02 17:51:54 - [TEST_STEP][PASSED] - verifyTextPresent("Received", true): Text 'Received' is present on page  using regular expression

2022-06-02 17:51:54 - [MESSAGE][PASSED] - Text 'Received' is present on page  using regular expression

2022-06-02 17:51:54 - [TEST_STEP][PASSED] - verifyTextPresent("UDF1", true): Text 'UDF1' is present on page  using regular expression

2022-06-02 17:51:54 - [MESSAGE][PASSED] - Text 'UDF1' is present on page  using regular expression

2022-06-02 17:51:54 - [TEST_STEP][PASSED] - verifyTextPresent("UDF2", true): Text 'UDF2' is present on page  using regular expression

2022-06-02 17:51:55 - [MESSAGE][PASSED] - Text 'UDF2' is present on page  using regular expression

2022-06-02 17:51:55 - [TEST_STEP][PASSED] - verifyTextPresent("UDF3", true): Text 'UDF3' is present on page  using regular expression

2022-06-02 17:51:55 - [MESSAGE][PASSED] - Text 'UDF3' is present on page  using regular expression

2022-06-02 17:51:55 - [TEST_STEP][PASSED] - verifyTextPresent("UDF4", true): Text 'UDF4' is present on page  using regular expression

2022-06-02 17:51:55 - [MESSAGE][PASSED] - Text 'UDF4' is present on page  using regular expression

2022-06-02 17:51:55 - [TEST_STEP][PASSED] - verifyTextPresent("UDF5", true): Text 'UDF5' is present on page  using regular expression

2022-06-02 17:51:56 - [MESSAGE][PASSED] - Text 'UDF5' is present on page  using regular expression

2022-06-02 17:51:56 - [TEST_STEP][PASSED] - verifyTextPresent("UDF6", true): Text 'UDF6' is present on page  using regular expression

2022-06-02 17:51:56 - [MESSAGE][PASSED] - Text 'UDF6' is present on page  using regular expression

2022-06-02 17:51:56 - [TEST_STEP][PASSED] - verifyTextPresent("UDF7", true): Text 'UDF7' is present on page  using regular expression

2022-06-02 17:51:56 - [MESSAGE][PASSED] - Text 'UDF7' is present on page  using regular expression

2022-06-02 17:51:56 - [TEST_STEP][PASSED] - verifyTextPresent("UDF8", true): Text 'UDF8' is present on page  using regular expression

2022-06-02 17:51:57 - [MESSAGE][PASSED] - Text 'UDF8' is present on page  using regular expression

2022-06-02 17:51:57 - [TEST_STEP][PASSED] - verifyTextPresent("UDF9", true): Text 'UDF9' is present on page  using regular expression

2022-06-02 17:51:57 - [MESSAGE][PASSED] - Text 'UDF9' is present on page  using regular expression

2022-06-02 17:51:57 - [TEST_STEP][PASSED] - verifyTextPresent("UDF 10", true): Text 'UDF 10' is present on page  using regular expression

2022-06-02 17:51:57 - [MESSAGE][PASSED] - Text 'UDF 10' is present on page  using regular expression

2022-06-02 17:51:57 - [TEST_STEP][PASSED] - verifyTextPresent("Australia", true): Text 'Australia' is present on page  using regular expression

2022-06-02 17:51:58 - [MESSAGE][PASSED] - Text 'Australia' is present on page  using regular expression

2022-06-02 17:51:58 - [TEST_STEP][PASSED] - verifyTextPresent("Denmark", true): Text 'Denmark' is present on page  using regular expression

2022-06-02 17:51:58 - [MESSAGE][PASSED] - Text 'Denmark' is present on page  using regular expression

2022-06-02 17:51:58 - [TEST_STEP][PASSED] - verifyTextPresent("Sweden", true): Text 'Sweden' is present on page  using regular expression

2022-06-02 17:51:58 - [MESSAGE][PASSED] - Text 'Sweden' is present on page  using regular expression

2022-06-02 17:51:58 - [TEST_STEP][PASSED] - verifyTextPresent("Austria", true): Text 'Austria' is present on page  using regular expression

2022-06-02 17:51:59 - [MESSAGE][PASSED] - Text 'Austria' is present on page  using regular expression

2022-06-02 17:51:59 - [TEST_STEP][PASSED] - verifyTextPresent("Orange Recorded", true): Text 'Orange Recorded' is present on page  using regular expression

2022-06-02 17:51:59 - [MESSAGE][PASSED] - Text 'Orange Recorded' is present on page  using regular expression

2022-06-02 17:51:59 - [TEST_STEP][PASSED] - verifyTextPresent("Yellow Recorded", true): Text 'Yellow Recorded' is present on page  using regular expression

2022-06-02 17:51:59 - [MESSAGE][PASSED] - Text 'Yellow Recorded' is present on page  using regular expression

2022-06-02 17:51:59 - [TEST_STEP][PASSED] - verifyTextPresent("Norway", true): Text 'Norway' is present on page  using regular expression

2022-06-02 17:51:59 - [MESSAGE][PASSED] - Text 'Norway' is present on page  using regular expression

2022-06-02 17:51:59 - [TEST_STEP][PASSED] - verifyTextPresent("Netherlands", true): Text 'Netherlands' is present on page  using regular expression

2022-06-02 17:52:00 - [MESSAGE][PASSED] - Text 'Netherlands' is present on page  using regular expression

2022-06-02 17:52:00 - [TEST_STEP][PASSED] - verifyTextPresent("Switzerland", true): Text 'Switzerland' is present on page  using regular expression

2022-06-02 17:52:00 - [MESSAGE][PASSED] - Text 'Switzerland' is present on page  using regular expression

2022-06-02 17:52:00 - [TEST_STEP][PASSED] - verifyTextPresent("France", true): Text 'France' is present on page  using regular expression

2022-06-02 17:52:00 - [MESSAGE][PASSED] - Text 'France' is present on page  using regular expression

2022-06-02 17:52:00 - [TEST_STEP][PASSED] - verifyTextPresent("Amount", true): Text 'Amount' is present on page  using regular expression

2022-06-02 17:52:01 - [MESSAGE][PASSED] - Text 'Amount' is present on page  using regular expression

2022-06-02 17:52:01 - [TEST_STEP][PASSED] - verifyTextPresent("Total Amount", true): Text 'Total Amount' is present on page  using regular expression

2022-06-02 17:52:01 - [MESSAGE][PASSED] - Text 'Total Amount' is present on page  using regular expression

2022-06-02 17:52:01 - [TEST_STEP][PASSED] - verifyTextPresent("Transaction Type", true): Text 'Transaction Type' is present on page  using regular expression

2022-06-02 17:52:01 - [MESSAGE][PASSED] - Text 'Transaction Type' is present on page  using regular expression

2022-06-02 17:52:01 - [TEST_STEP][PASSED] - verifyTextPresent("10.50", true): Text '10.50' is present on page  using regular expression

2022-06-02 17:52:02 - [MESSAGE][PASSED] - Text '10.50' is present on page  using regular expression

2022-06-02 17:52:02 - [TEST_STEP][PASSED] - verifyTextPresent("Authorization and Capture", true): Text 'Authorization and Capture' is present on page  using regular expression

2022-06-02 17:52:02 - [MESSAGE][PASSED] - Text 'Authorization and Capture' is present on page  using regular expression

2022-06-02 17:52:02 - [TEST_STEP][PASSED] - verifyTextPresent("Card Information", true): Text 'Card Information' is present on page  using regular expression

2022-06-02 17:52:02 - [MESSAGE][PASSED] - Text 'Card Information' is present on page  using regular expression

2022-06-02 17:52:02 - [TEST_STEP][PASSED] - cardNameV = findTestData(dataFile).getValue("CardNameV", row): null

2022-06-02 17:52:03 - [TEST_STEP][PASSED] - al1V = findTestData(dataFile).getValue("AL1", row): null

2022-06-02 17:52:03 - [TEST_STEP][PASSED] - al2V = findTestData(dataFile).getValue("AL2", row): null

2022-06-02 17:52:03 - [TEST_STEP][PASSED] - zipV = findTestData(dataFile).getValue("ZIP", row): null

2022-06-02 17:52:03 - [TEST_STEP][PASSED] - cardTypeV = findTestData(dataFile).getValue("CardType", row): null

2022-06-02 17:52:03 - [TEST_STEP][PASSED] - last4V = findTestData(dataFile).getValue("Last4", row): null

2022-06-02 17:52:03 - [TEST_STEP][PASSED] - verifyTextPresent(cardNameV, true): Text 'TULSI RAMAN' is present on page  using regular expression

2022-06-02 17:52:03 - [MESSAGE][PASSED] - Text 'TULSI RAMAN' is present on page  using regular expression

2022-06-02 17:52:03 - [TEST_STEP][PASSED] - verifyTextPresent("Address Line 1", true): Text 'Address Line 1' is present on page  using regular expression

2022-06-02 17:52:04 - [MESSAGE][PASSED] - Text 'Address Line 1' is present on page  using regular expression

2022-06-02 17:52:04 - [TEST_STEP][PASSED] - verifyTextPresent("Address Line 2", true): Text 'Address Line 2' is present on page  using regular expression

2022-06-02 17:52:04 - [MESSAGE][PASSED] - Text 'Address Line 2' is present on page  using regular expression

2022-06-02 17:52:04 - [TEST_STEP][PASSED] - verifyTextPresent("Country", true): Text 'Country' is present on page  using regular expression

2022-06-02 17:52:04 - [MESSAGE][PASSED] - Text 'Country' is present on page  using regular expression

2022-06-02 17:52:04 - [TEST_STEP][PASSED] - verifyTextPresent("City", true): Text 'City' is present on page  using regular expression

2022-06-02 17:52:05 - [MESSAGE][PASSED] - Text 'City' is present on page  using regular expression

2022-06-02 17:52:05 - [TEST_STEP][PASSED] - verifyTextPresent("State", true): Text 'State' is present on page  using regular expression

2022-06-02 17:52:05 - [MESSAGE][PASSED] - Text 'State' is present on page  using regular expression

2022-06-02 17:52:05 - [TEST_STEP][PASSED] - verifyTextPresent("ZIP Code", true): Text 'ZIP Code' is present on page  using regular expression

2022-06-02 17:52:05 - [MESSAGE][PASSED] - Text 'ZIP Code' is present on page  using regular expression

2022-06-02 17:52:05 - [TEST_STEP][PASSED] - verifyTextPresent(al1V, true): Text '1478 Jhatka Palace' is present on page  using regular expression

2022-06-02 17:52:06 - [MESSAGE][PASSED] - Text '1478 Jhatka Palace' is present on page  using regular expression

2022-06-02 17:52:06 - [TEST_STEP][PASSED] - verifyTextPresent(al2V, true): Text 'Suite 500' is present on page  using regular expression

2022-06-02 17:52:06 - [MESSAGE][PASSED] - Text 'Suite 500' is present on page  using regular expression

2022-06-02 17:52:06 - [TEST_STEP][PASSED] - verifyTextPresent("United States", true): Text 'United States' is present on page  using regular expression

2022-06-02 17:52:06 - [MESSAGE][PASSED] - Text 'United States' is present on page  using regular expression

2022-06-02 17:52:06 - [TEST_STEP][PASSED] - verifyTextPresent("ARLINGTON", true): Text 'ARLINGTON' is present on page  using regular expression

2022-06-02 17:52:07 - [MESSAGE][PASSED] - Text 'ARLINGTON' is present on page  using regular expression

2022-06-02 17:52:07 - [TEST_STEP][PASSED] - verifyTextPresent("Virginia", true): Text 'Virginia' is present on page  using regular expression

2022-06-02 17:52:07 - [MESSAGE][PASSED] - Text 'Virginia' is present on page  using regular expression

2022-06-02 17:52:07 - [TEST_STEP][PASSED] - verifyTextPresent(zipV, true): Text '22201' is present on page  using regular expression

2022-06-02 17:52:07 - [MESSAGE][PASSED] - Text '22201' is present on page  using regular expression

2022-06-02 17:52:07 - [TEST_STEP][PASSED] - verifyTextPresent(cardTypeV, true): Text 'MasterCard' is present on page  using regular expression

2022-06-02 17:52:08 - [MESSAGE][PASSED] - Text 'MasterCard' is present on page  using regular expression

2022-06-02 17:52:08 - [TEST_STEP][PASSED] - verifyTextPresent(last4V, true): Text '0035' is present on page  using regular expression

2022-06-02 17:52:08 - [MESSAGE][PASSED] - Text '0035' is present on page  using regular expression

2022-06-02 17:52:08 - [TEST_STEP][PASSED] - ExecuteTC = findTestData(dataFile).getValue("Execute", row): null

2022-06-02 17:52:08 - [TEST_STEP][PASSED] - out.println("Value of Execute is : " + ExecuteTC): null

2022-06-02 17:52:08 - [TEST_STEP][PASSED] - appName = findTestData(dataFile).getValue("AppName", row): null

2022-06-02 17:52:08 - [TEST_STEP][PASSED] - appID = findTestData(dataFile).getValue("AppID", row): null

2022-06-02 17:52:08 - [TEST_STEP][PASSED] - hrefAppID = li_1 + appID + li_2: null

2022-06-02 17:52:08 - [TEST_STEP][PASSED] - if (ExecuteTC.equalsIgnoreCase("Y")): Text '2376' is present on page  using regular expression

2022-06-02 17:52:08 - [TEST_STEP][PASSED] - out.println("Begin Record Number: " + row): null

2022-06-02 17:52:08 - [TEST_STEP][PASSED] - today = new java.util.Date(): null

2022-06-02 17:52:08 - [TEST_STEP][PASSED] - println(today): null

2022-06-02 17:52:08 - [TEST_STEP][PASSED] - datText = today: null

2022-06-02 17:52:08 - [TEST_STEP][PASSED] - adminSuiteBootstrap.loginFunctionality.login_AdminSuite(): adminSuiteBootstrap.loginFunctionality.login_AdminSuite is PASSED

2022-06-02 17:52:08 - [MESSAGE][WARNING] - A browser is already opened. Closing browser and opening a new one

2022-06-02 17:52:09 - [MESSAGE][INFO] - Starting 'Chrome' driver

2022-06-02 17:52:09 - [MESSAGE][INFO] - User set preference: ['acceptInsecureCerts', 'true']

2022-06-02 17:52:09 - [MESSAGE][INFO] - Action delay is set to 0 milliseconds

2022-06-02 17:52:12 - [MESSAGE][PASSED] - Browser is opened with url: 'https://qa.velocitypayment.com/admin/imtiaz'

2022-06-02 17:52:12 - [MESSAGE][PASSED] - Current window maximized

2022-06-02 17:52:12 - [MESSAGE][PASSED] - Object 'Object Repository/Login_Page/Login_Username' is present

2022-06-02 17:52:13 - [MESSAGE][PASSED] - Text 'iahmed' is set on object 'Object Repository/Login_Page/Login_Username'

2022-06-02 17:52:14 - [MESSAGE][PASSED] - Text 'hello2222' is set on object 'Object Repository/Login_Page/Login_Password'

2022-06-02 17:52:17 - [MESSAGE][PASSED] - Object: 'Object Repository/Login_Page/Login_Submit' is clicked on

2022-06-02 17:52:17 - [MESSAGE][PASSED] - adminSuiteBootstrap.loginFunctionality.login_AdminSuite is PASSED

2022-06-02 17:52:17 - [TEST_STEP][PASSED] - click(findTestObject(path_Dashboard + "span_Payment")): Object: 'Object Repository/AdminSuiteBootstrap_Pages/Dashboard_Bootstrap/span_Payment' is clicked on

2022-06-02 17:52:17 - [MESSAGE][PASSED] - Object: 'Object Repository/AdminSuiteBootstrap_Pages/Dashboard_Bootstrap/span_Payment' is clicked on

2022-06-02 17:52:17 - [TEST_STEP][PASSED] - click(findTestObject(path_Dashboard + appName)): Object: 'Object Repository/AdminSuiteBootstrap_Pages/Dashboard_Bootstrap/a_Access AutoNoCFtp' is clicked on

2022-06-02 17:52:19 - [MESSAGE][PASSED] - Object: 'Object Repository/AdminSuiteBootstrap_Pages/Dashboard_Bootstrap/a_Access AutoNoCFtp' is clicked on

2022-06-02 17:52:19 - [TEST_STEP][PASSED] - click(findTestObject(path_VT + "button_Authorization  Capture (Sale)")): Object: 'Object Repository/AdminSuiteBootstrap_Pages/VT_Bootstrap/IssueTransactions/button_Authorization  Capture (Sale)' is clicked on

2022-06-02 17:52:19 - [MESSAGE][PASSED] - Object: 'Object Repository/AdminSuiteBootstrap_Pages/VT_Bootstrap/IssueTransactions/button_Authorization  Capture (Sale)' is clicked on

2022-06-02 17:52:19 - [TEST_STEP][PASSED] - saleKeyboardEntryLink = modifyObjectProperty(findTestObject(path_VT + "a_KeyboardEntry_Sale"), "href", "equals", hrefAppID, true): Modify property of object successfully

2022-06-02 17:52:19 - [MESSAGE][PASSED] - Modify property of object successfully

2022-06-02 17:52:19 - [TEST_STEP][PASSED] - click(saleKeyboardEntryLink): Object: 'Object Repository/AdminSuiteBootstrap_Pages/VT_Bootstrap/IssueTransactions/a_KeyboardEntry_Sale' is clicked on

2022-06-02 17:52:21 - [MESSAGE][PASSED] - Object: 'Object Repository/AdminSuiteBootstrap_Pages/VT_Bootstrap/IssueTransactions/a_KeyboardEntry_Sale' is clicked on

2022-06-02 17:52:21 - [TEST_STEP][PASSED] - adminSuiteBootstrap.virtualTerminalSetData.saleKeyboard_DataDriven(row, dataFile): adminSuiteBootstrap.virtualTerminalSetData.saleKeyboard_DataDriven is PASSED

2022-06-02 17:52:24 - [MESSAGE][PASSED] - Text 'Tulsi Raman' is set on object 'Object Repository/AdminSuiteBootstrap_Pages/VT_Bootstrap/SaleKeyboard/input_cardName'

2022-06-02 17:52:25 - [MESSAGE][PASSED] - All options with value 'RETL' are selected in object 'Object Repository/AdminSuiteBootstrap_Pages/VT_Bootstrap/SaleKeyboard/select_transactionCategory'  using regular expression

2022-06-02 17:52:26 - [MESSAGE][PASSED] - Execute JavaScript 'arguments[0].value ='371449635392376' ' successfully

2022-06-02 17:52:26 - [MESSAGE][PASSED] - Execute JavaScript 'arguments[0].value ='123' ' successfully

2022-06-02 17:52:27 - [MESSAGE][PASSED] - All options with value '12' are selected in object 'Object Repository/AdminSuiteBootstrap_Pages/VT_Bootstrap/SaleKeyboard/select_MM'  using regular expression

2022-06-02 17:52:28 - [MESSAGE][PASSED] - All options with value '2025' are selected in object 'Object Repository/AdminSuiteBootstrap_Pages/VT_Bootstrap/SaleKeyboard/select_YYYY'  using regular expression

2022-06-02 17:52:29 - [MESSAGE][PASSED] - Text '550 Swan Lake' is set on object 'Object Repository/AdminSuiteBootstrap_Pages/VT_Bootstrap/SaleKeyboard/input__address'

2022-06-02 17:52:30 - [MESSAGE][PASSED] - Text 'Suite 500' is set on object 'Object Repository/AdminSuiteBootstrap_Pages/VT_Bootstrap/SaleKeyboard/input__address2'

2022-06-02 17:52:30 - [MESSAGE][PASSED] - Text '22201' is set on object 'Object Repository/AdminSuiteBootstrap_Pages/VT_Bootstrap/SaleKeyboard/input__zip'

2022-06-02 17:52:31 - [MESSAGE][PASSED] - Text '' is set on object 'Object Repository/AdminSuiteBootstrap_Pages/VT_Bootstrap/SaleKeyboard/input_emailAddress'

2022-06-02 17:52:32 - [MESSAGE][PASSED] - Text '' is set on object 'Object Repository/AdminSuiteBootstrap_Pages/VT_Bootstrap/SaleKeyboard/input_smsNumber'

2022-06-02 17:52:33 - [MESSAGE][PASSED] - Text '10.50' is set on object 'Object Repository/AdminSuiteBootstrap_Pages/VT_Bootstrap/SaleKeyboard/input_amount'

2022-06-02 17:52:34 - [MESSAGE][PASSED] - Text 'Australia' is set on object 'Object Repository/AdminSuiteBootstrap_Pages/VT_Bootstrap/SaleKeyboard/input_userDefined1'

2022-06-02 17:52:34 - [MESSAGE][PASSED] - Text 'Denmark' is set on object 'Object Repository/AdminSuiteBootstrap_Pages/VT_Bootstrap/SaleKeyboard/input_userDefined2'

2022-06-02 17:52:35 - [MESSAGE][PASSED] - Text 'Sweden' is set on object 'Object Repository/AdminSuiteBootstrap_Pages/VT_Bootstrap/SaleKeyboard/input_userDefined3'

2022-06-02 17:52:36 - [MESSAGE][PASSED] - Text 'Austria' is set on object 'Object Repository/AdminSuiteBootstrap_Pages/VT_Bootstrap/SaleKeyboard/input_userDefined4'

2022-06-02 17:52:37 - [MESSAGE][PASSED] - All options with label 'Orange' are selected in object 'Object Repository/AdminSuiteBootstrap_Pages/VT_Bootstrap/SaleKeyboard/select_UDF5_DropDown'  using regular expression

2022-06-02 17:52:38 - [MESSAGE][PASSED] - All options with label 'Yellow' are selected in object 'Object Repository/AdminSuiteBootstrap_Pages/VT_Bootstrap/SaleKeyboard/select_UDF6_DropDown'  using regular expression

2022-06-02 17:52:38 - [MESSAGE][PASSED] - Text 'Norway' is set on object 'Object Repository/AdminSuiteBootstrap_Pages/VT_Bootstrap/SaleKeyboard/input_userDefined7'

2022-06-02 17:52:39 - [MESSAGE][PASSED] - Text 'Netherlands' is set on object 'Object Repository/AdminSuiteBootstrap_Pages/VT_Bootstrap/SaleKeyboard/input_userDefined8'

2022-06-02 17:52:40 - [MESSAGE][PASSED] - Text 'Switzerland' is set on object 'Object Repository/AdminSuiteBootstrap_Pages/VT_Bootstrap/SaleKeyboard/input_userDefined9'

2022-06-02 17:52:40 - [MESSAGE][PASSED] - Text 'France' is set on object 'Object Repository/AdminSuiteBootstrap_Pages/VT_Bootstrap/SaleKeyboard/input_userDefined10'

2022-06-02 17:52:42 - [MESSAGE][PASSED] - Object: 'Object Repository/AdminSuiteBootstrap_Pages/VT_Bootstrap/SaleKeyboard/button_Submit' is clicked on

2022-06-02 17:52:42 - [MESSAGE][PASSED] - adminSuiteBootstrap.virtualTerminalSetData.saleKeyboard_DataDriven is PASSED

2022-06-02 17:52:42 - [TEST_STEP][PASSED] - verifyTextPresent("Transaction Successful", true): Text 'Transaction Successful' is present on page  using regular expression

2022-06-02 17:52:43 - [MESSAGE][PASSED] - Text 'Transaction Successful' is present on page  using regular expression

2022-06-02 17:52:43 - [TEST_STEP][PASSED] - verifyElementVisible(findTestObject("Object Repository/AdminSuiteBootstrap_Pages/VT_Bootstrap/Receipt/button_Continue")): Object 'Object Repository/AdminSuiteBootstrap_Pages/VT_Bootstrap/Receipt/button_Continue' is visible

2022-06-02 17:52:43 - [MESSAGE][PASSED] - Object 'Object Repository/AdminSuiteBootstrap_Pages/VT_Bootstrap/Receipt/button_Continue' is visible

2022-06-02 17:52:43 - [TEST_STEP][PASSED] - verifyElementPresent(findTestObject("Object Repository/AdminSuiteBootstrap_Pages/VT_Bootstrap/Receipt/button_Continue"), 20): Object 'Object Repository/AdminSuiteBootstrap_Pages/VT_Bootstrap/Receipt/button_Continue' is present

2022-06-02 17:52:43 - [MESSAGE][PASSED] - Object 'Object Repository/AdminSuiteBootstrap_Pages/VT_Bootstrap/Receipt/button_Continue' is present

2022-06-02 17:52:43 - [TEST_STEP][PASSED] - verifyElementVisible(findTestObject("Object Repository/AdminSuiteBootstrap_Pages/VT_Bootstrap/Receipt/button_Print")): Object 'Object Repository/AdminSuiteBootstrap_Pages/VT_Bootstrap/Receipt/button_Print' is visible

2022-06-02 17:52:44 - [MESSAGE][PASSED] - Object 'Object Repository/AdminSuiteBootstrap_Pages/VT_Bootstrap/Receipt/button_Print' is visible

2022-06-02 17:52:44 - [TEST_STEP][PASSED] - verifyElementPresent(findTestObject("Object Repository/AdminSuiteBootstrap_Pages/VT_Bootstrap/Receipt/button_Print"), 20): Object 'Object Repository/AdminSuiteBootstrap_Pages/VT_Bootstrap/Receipt/button_Print' is present

2022-06-02 17:52:44 - [MESSAGE][PASSED] - Object 'Object Repository/AdminSuiteBootstrap_Pages/VT_Bootstrap/Receipt/button_Print' is present

2022-06-02 17:52:44 - [TEST_STEP][PASSED] - verifyTextPresent("Remittance ID", true): Text 'Remittance ID' is present on page  using regular expression

2022-06-02 17:52:44 - [MESSAGE][PASSED] - Text 'Remittance ID' is present on page  using regular expression

2022-06-02 17:52:44 - [TEST_STEP][PASSED] - verifyTextPresent("Received", true): Text 'Received' is present on page  using regular expression

2022-06-02 17:52:44 - [MESSAGE][PASSED] - Text 'Received' is present on page  using regular expression

2022-06-02 17:52:44 - [TEST_STEP][PASSED] - verifyTextPresent("UDF1", true): Text 'UDF1' is present on page  using regular expression

2022-06-02 17:52:45 - [MESSAGE][PASSED] - Text 'UDF1' is present on page  using regular expression

2022-06-02 17:52:45 - [TEST_STEP][PASSED] - verifyTextPresent("UDF2", true): Text 'UDF2' is present on page  using regular expression

2022-06-02 17:52:45 - [MESSAGE][PASSED] - Text 'UDF2' is present on page  using regular expression

2022-06-02 17:52:45 - [TEST_STEP][PASSED] - verifyTextPresent("UDF3", true): Text 'UDF3' is present on page  using regular expression

2022-06-02 17:52:45 - [MESSAGE][PASSED] - Text 'UDF3' is present on page  using regular expression

2022-06-02 17:52:45 - [TEST_STEP][PASSED] - verifyTextPresent("UDF4", true): Text 'UDF4' is present on page  using regular expression

2022-06-02 17:52:46 - [MESSAGE][PASSED] - Text 'UDF4' is present on page  using regular expression

2022-06-02 17:52:46 - [TEST_STEP][PASSED] - verifyTextPresent("UDF5", true): Text 'UDF5' is present on page  using regular expression

2022-06-02 17:52:46 - [MESSAGE][PASSED] - Text 'UDF5' is present on page  using regular expression

2022-06-02 17:52:46 - [TEST_STEP][PASSED] - verifyTextPresent("UDF6", true): Text 'UDF6' is present on page  using regular expression

2022-06-02 17:52:46 - [MESSAGE][PASSED] - Text 'UDF6' is present on page  using regular expression

2022-06-02 17:52:46 - [TEST_STEP][PASSED] - verifyTextPresent("UDF7", true): Text 'UDF7' is present on page  using regular expression

2022-06-02 17:52:47 - [MESSAGE][PASSED] - Text 'UDF7' is present on page  using regular expression

2022-06-02 17:52:47 - [TEST_STEP][PASSED] - verifyTextPresent("UDF8", true): Text 'UDF8' is present on page  using regular expression

2022-06-02 17:52:47 - [MESSAGE][PASSED] - Text 'UDF8' is present on page  using regular expression

2022-06-02 17:52:47 - [TEST_STEP][PASSED] - verifyTextPresent("UDF9", true): Text 'UDF9' is present on page  using regular expression

2022-06-02 17:52:47 - [MESSAGE][PASSED] - Text 'UDF9' is present on page  using regular expression

2022-06-02 17:52:47 - [TEST_STEP][PASSED] - verifyTextPresent("UDF 10", true): Text 'UDF 10' is present on page  using regular expression

2022-06-02 17:52:48 - [MESSAGE][PASSED] - Text 'UDF 10' is present on page  using regular expression

2022-06-02 17:52:48 - [TEST_STEP][PASSED] - verifyTextPresent("Australia", true): Text 'Australia' is present on page  using regular expression

2022-06-02 17:52:48 - [MESSAGE][PASSED] - Text 'Australia' is present on page  using regular expression

2022-06-02 17:52:48 - [TEST_STEP][PASSED] - verifyTextPresent("Denmark", true): Text 'Denmark' is present on page  using regular expression

2022-06-02 17:52:48 - [MESSAGE][PASSED] - Text 'Denmark' is present on page  using regular expression

2022-06-02 17:52:48 - [TEST_STEP][PASSED] - verifyTextPresent("Sweden", true): Text 'Sweden' is present on page  using regular expression

2022-06-02 17:52:49 - [MESSAGE][PASSED] - Text 'Sweden' is present on page  using regular expression

2022-06-02 17:52:49 - [TEST_STEP][PASSED] - verifyTextPresent("Austria", true): Text 'Austria' is present on page  using regular expression

2022-06-02 17:52:49 - [MESSAGE][PASSED] - Text 'Austria' is present on page  using regular expression

2022-06-02 17:52:49 - [TEST_STEP][PASSED] - verifyTextPresent("Orange Recorded", true): Text 'Orange Recorded' is present on page  using regular expression

2022-06-02 17:52:49 - [MESSAGE][PASSED] - Text 'Orange Recorded' is present on page  using regular expression

2022-06-02 17:52:49 - [TEST_STEP][PASSED] - verifyTextPresent("Yellow Recorded", true): Text 'Yellow Recorded' is present on page  using regular expression

2022-06-02 17:52:50 - [MESSAGE][PASSED] - Text 'Yellow Recorded' is present on page  using regular expression

2022-06-02 17:52:50 - [TEST_STEP][PASSED] - verifyTextPresent("Norway", true): Text 'Norway' is present on page  using regular expression

2022-06-02 17:52:50 - [MESSAGE][PASSED] - Text 'Norway' is present on page  using regular expression

2022-06-02 17:52:50 - [TEST_STEP][PASSED] - verifyTextPresent("Netherlands", true): Text 'Netherlands' is present on page  using regular expression

2022-06-02 17:52:50 - [MESSAGE][PASSED] - Text 'Netherlands' is present on page  using regular expression

2022-06-02 17:52:50 - [TEST_STEP][PASSED] - verifyTextPresent("Switzerland", true): Text 'Switzerland' is present on page  using regular expression

2022-06-02 17:52:51 - [MESSAGE][PASSED] - Text 'Switzerland' is present on page  using regular expression

2022-06-02 17:52:51 - [TEST_STEP][PASSED] - verifyTextPresent("France", true): Text 'France' is present on page  using regular expression

2022-06-02 17:52:51 - [MESSAGE][PASSED] - Text 'France' is present on page  using regular expression

2022-06-02 17:52:51 - [TEST_STEP][PASSED] - verifyTextPresent("Amount", true): Text 'Amount' is present on page  using regular expression

2022-06-02 17:52:51 - [MESSAGE][PASSED] - Text 'Amount' is present on page  using regular expression

2022-06-02 17:52:51 - [TEST_STEP][PASSED] - verifyTextPresent("Total Amount", true): Text 'Total Amount' is present on page  using regular expression

2022-06-02 17:52:52 - [MESSAGE][PASSED] - Text 'Total Amount' is present on page  using regular expression

2022-06-02 17:52:52 - [TEST_STEP][PASSED] - verifyTextPresent("Transaction Type", true): Text 'Transaction Type' is present on page  using regular expression

2022-06-02 17:52:52 - [MESSAGE][PASSED] - Text 'Transaction Type' is present on page  using regular expression

2022-06-02 17:52:52 - [TEST_STEP][PASSED] - verifyTextPresent("10.50", true): Text '10.50' is present on page  using regular expression

2022-06-02 17:52:52 - [MESSAGE][PASSED] - Text '10.50' is present on page  using regular expression

2022-06-02 17:52:52 - [TEST_STEP][PASSED] - verifyTextPresent("Authorization and Capture", true): Text 'Authorization and Capture' is present on page  using regular expression

2022-06-02 17:52:53 - [MESSAGE][PASSED] - Text 'Authorization and Capture' is present on page  using regular expression

2022-06-02 17:52:53 - [TEST_STEP][PASSED] - verifyTextPresent("Card Information", true): Text 'Card Information' is present on page  using regular expression

2022-06-02 17:52:53 - [MESSAGE][PASSED] - Text 'Card Information' is present on page  using regular expression

2022-06-02 17:52:53 - [TEST_STEP][PASSED] - cardNameV = findTestData(dataFile).getValue("CardNameV", row): null

2022-06-02 17:52:53 - [TEST_STEP][PASSED] - al1V = findTestData(dataFile).getValue("AL1", row): null

2022-06-02 17:52:53 - [TEST_STEP][PASSED] - al2V = findTestData(dataFile).getValue("AL2", row): null

2022-06-02 17:52:53 - [TEST_STEP][PASSED] - zipV = findTestData(dataFile).getValue("ZIP", row): null

2022-06-02 17:52:53 - [TEST_STEP][PASSED] - cardTypeV = findTestData(dataFile).getValue("CardType", row): null

2022-06-02 17:52:53 - [TEST_STEP][PASSED] - last4V = findTestData(dataFile).getValue("Last4", row): null

2022-06-02 17:52:53 - [TEST_STEP][PASSED] - verifyTextPresent(cardNameV, true): Text 'TULSI RAMAN' is present on page  using regular expression

2022-06-02 17:52:54 - [MESSAGE][PASSED] - Text 'TULSI RAMAN' is present on page  using regular expression

2022-06-02 17:52:54 - [TEST_STEP][PASSED] - verifyTextPresent("Address Line 1", true): Text 'Address Line 1' is present on page  using regular expression

2022-06-02 17:52:54 - [MESSAGE][PASSED] - Text 'Address Line 1' is present on page  using regular expression

2022-06-02 17:52:54 - [TEST_STEP][PASSED] - verifyTextPresent("Address Line 2", true): Text 'Address Line 2' is present on page  using regular expression

2022-06-02 17:52:54 - [MESSAGE][PASSED] - Text 'Address Line 2' is present on page  using regular expression

2022-06-02 17:52:54 - [TEST_STEP][PASSED] - verifyTextPresent("Country", true): Text 'Country' is present on page  using regular expression

2022-06-02 17:52:55 - [MESSAGE][PASSED] - Text 'Country' is present on page  using regular expression

2022-06-02 17:52:55 - [TEST_STEP][PASSED] - verifyTextPresent("City", true): Text 'City' is present on page  using regular expression

2022-06-02 17:52:55 - [MESSAGE][PASSED] - Text 'City' is present on page  using regular expression

2022-06-02 17:52:55 - [TEST_STEP][PASSED] - verifyTextPresent("State", true): Text 'State' is present on page  using regular expression

2022-06-02 17:52:55 - [MESSAGE][PASSED] - Text 'State' is present on page  using regular expression

2022-06-02 17:52:55 - [TEST_STEP][PASSED] - verifyTextPresent("ZIP Code", true): Text 'ZIP Code' is present on page  using regular expression

2022-06-02 17:52:56 - [MESSAGE][PASSED] - Text 'ZIP Code' is present on page  using regular expression

2022-06-02 17:52:56 - [TEST_STEP][PASSED] - verifyTextPresent(al1V, true): Text '550 Swan Lake' is present on page  using regular expression

2022-06-02 17:52:56 - [MESSAGE][PASSED] - Text '550 Swan Lake' is present on page  using regular expression

2022-06-02 17:52:56 - [TEST_STEP][PASSED] - verifyTextPresent(al2V, true): Text 'Suite 500' is present on page  using regular expression

2022-06-02 17:52:56 - [MESSAGE][PASSED] - Text 'Suite 500' is present on page  using regular expression

2022-06-02 17:52:56 - [TEST_STEP][PASSED] - verifyTextPresent("United States", true): Text 'United States' is present on page  using regular expression

2022-06-02 17:52:57 - [MESSAGE][PASSED] - Text 'United States' is present on page  using regular expression

2022-06-02 17:52:57 - [TEST_STEP][PASSED] - verifyTextPresent("ARLINGTON", true): Text 'ARLINGTON' is present on page  using regular expression

2022-06-02 17:52:57 - [MESSAGE][PASSED] - Text 'ARLINGTON' is present on page  using regular expression

2022-06-02 17:52:57 - [TEST_STEP][PASSED] - verifyTextPresent("Virginia", true): Text 'Virginia' is present on page  using regular expression

2022-06-02 17:52:57 - [MESSAGE][PASSED] - Text 'Virginia' is present on page  using regular expression

2022-06-02 17:52:57 - [TEST_STEP][PASSED] - verifyTextPresent(zipV, true): Text '22201' is present on page  using regular expression

2022-06-02 17:52:58 - [MESSAGE][PASSED] - Text '22201' is present on page  using regular expression

2022-06-02 17:52:58 - [TEST_STEP][PASSED] - verifyTextPresent(cardTypeV, true): Text 'American Express' is present on page  using regular expression

2022-06-02 17:52:58 - [MESSAGE][PASSED] - Text 'American Express' is present on page  using regular expression

2022-06-02 17:52:58 - [TEST_STEP][PASSED] - verifyTextPresent(last4V, true): Text '2376' is present on page  using regular expression

2022-06-02 17:52:58 - [MESSAGE][PASSED] - Text '2376' is present on page  using regular expression

2022-06-02 17:52:58 - [TEST_STEP][PASSED] - ExecuteTC = findTestData(dataFile).getValue("Execute", row): null

2022-06-02 17:52:58 - [TEST_STEP][PASSED] - out.println("Value of Execute is : " + ExecuteTC): null

2022-06-02 17:52:58 - [TEST_STEP][PASSED] - appName = findTestData(dataFile).getValue("AppName", row): null

2022-06-02 17:52:59 - [TEST_STEP][PASSED] - appID = findTestData(dataFile).getValue("AppID", row): null

2022-06-02 17:52:59 - [TEST_STEP][PASSED] - hrefAppID = li_1 + appID + li_2: null

2022-06-02 17:52:59 - [TEST_STEP][PASSED] - if (ExecuteTC.equalsIgnoreCase("Y")): Text '6909' is present on page  using regular expression

2022-06-02 17:52:59 - [TEST_STEP][PASSED] - out.println("Begin Record Number: " + row): null

2022-06-02 17:52:59 - [TEST_STEP][PASSED] - today = new java.util.Date(): null

2022-06-02 17:52:59 - [TEST_STEP][PASSED] - println(today): null

2022-06-02 17:52:59 - [TEST_STEP][PASSED] - datText = today: null

2022-06-02 17:52:59 - [TEST_STEP][PASSED] - adminSuiteBootstrap.loginFunctionality.login_AdminSuite(): adminSuiteBootstrap.loginFunctionality.login_AdminSuite is PASSED

2022-06-02 17:52:59 - [MESSAGE][WARNING] - A browser is already opened. Closing browser and opening a new one

2022-06-02 17:53:00 - [MESSAGE][INFO] - Starting 'Chrome' driver

2022-06-02 17:53:00 - [MESSAGE][INFO] - User set preference: ['acceptInsecureCerts', 'true']

2022-06-02 17:53:00 - [MESSAGE][INFO] - Action delay is set to 0 milliseconds

2022-06-02 17:53:02 - [MESSAGE][PASSED] - Browser is opened with url: 'https://qa.velocitypayment.com/admin/imtiaz'

2022-06-02 17:53:02 - [MESSAGE][PASSED] - Current window maximized

2022-06-02 17:53:03 - [MESSAGE][PASSED] - Object 'Object Repository/Login_Page/Login_Username' is present

2022-06-02 17:53:03 - [MESSAGE][PASSED] - Text 'iahmed' is set on object 'Object Repository/Login_Page/Login_Username'

2022-06-02 17:53:04 - [MESSAGE][PASSED] - Text 'hello2222' is set on object 'Object Repository/Login_Page/Login_Password'

2022-06-02 17:53:07 - [MESSAGE][PASSED] - Object: 'Object Repository/Login_Page/Login_Submit' is clicked on

2022-06-02 17:53:07 - [MESSAGE][PASSED] - adminSuiteBootstrap.loginFunctionality.login_AdminSuite is PASSED

2022-06-02 17:53:07 - [TEST_STEP][PASSED] - click(findTestObject(path_Dashboard + "span_Payment")): Object: 'Object Repository/AdminSuiteBootstrap_Pages/Dashboard_Bootstrap/span_Payment' is clicked on

2022-06-02 17:53:08 - [MESSAGE][PASSED] - Object: 'Object Repository/AdminSuiteBootstrap_Pages/Dashboard_Bootstrap/span_Payment' is clicked on

2022-06-02 17:53:08 - [TEST_STEP][PASSED] - click(findTestObject(path_Dashboard + appName)): Object: 'Object Repository/AdminSuiteBootstrap_Pages/Dashboard_Bootstrap/a_Access AutoNoCFtp' is clicked on

2022-06-02 17:53:09 - [MESSAGE][PASSED] - Object: 'Object Repository/AdminSuiteBootstrap_Pages/Dashboard_Bootstrap/a_Access AutoNoCFtp' is clicked on

2022-06-02 17:53:09 - [TEST_STEP][PASSED] - click(findTestObject(path_VT + "button_Authorization  Capture (Sale)")): Object: 'Object Repository/AdminSuiteBootstrap_Pages/VT_Bootstrap/IssueTransactions/button_Authorization  Capture (Sale)' is clicked on

2022-06-02 17:53:09 - [MESSAGE][PASSED] - Object: 'Object Repository/AdminSuiteBootstrap_Pages/VT_Bootstrap/IssueTransactions/button_Authorization  Capture (Sale)' is clicked on

2022-06-02 17:53:09 - [TEST_STEP][PASSED] - saleKeyboardEntryLink = modifyObjectProperty(findTestObject(path_VT + "a_KeyboardEntry_Sale"), "href", "equals", hrefAppID, true): Modify property of object successfully

2022-06-02 17:53:10 - [MESSAGE][PASSED] - Modify property of object successfully

2022-06-02 17:53:10 - [TEST_STEP][PASSED] - click(saleKeyboardEntryLink): Object: 'Object Repository/AdminSuiteBootstrap_Pages/VT_Bootstrap/IssueTransactions/a_KeyboardEntry_Sale' is clicked on

2022-06-02 17:53:11 - [MESSAGE][PASSED] - Object: 'Object Repository/AdminSuiteBootstrap_Pages/VT_Bootstrap/IssueTransactions/a_KeyboardEntry_Sale' is clicked on

2022-06-02 17:53:11 - [TEST_STEP][PASSED] - adminSuiteBootstrap.virtualTerminalSetData.saleKeyboard_DataDriven(row, dataFile): adminSuiteBootstrap.virtualTerminalSetData.saleKeyboard_DataDriven is PASSED

2022-06-02 17:53:14 - [MESSAGE][PASSED] - Text 'Tulsi Raman' is set on object 'Object Repository/AdminSuiteBootstrap_Pages/VT_Bootstrap/SaleKeyboard/input_cardName'

2022-06-02 17:53:15 - [MESSAGE][PASSED] - All options with value 'RETL' are selected in object 'Object Repository/AdminSuiteBootstrap_Pages/VT_Bootstrap/SaleKeyboard/select_transactionCategory'  using regular expression

2022-06-02 17:53:16 - [MESSAGE][PASSED] - Execute JavaScript 'arguments[0].value ='6011000993026909' ' successfully

2022-06-02 17:53:16 - [MESSAGE][PASSED] - Execute JavaScript 'arguments[0].value ='123' ' successfully

2022-06-02 17:53:17 - [MESSAGE][PASSED] - All options with value '12' are selected in object 'Object Repository/AdminSuiteBootstrap_Pages/VT_Bootstrap/SaleKeyboard/select_MM'  using regular expression

2022-06-02 17:53:18 - [MESSAGE][PASSED] - All options with value '2025' are selected in object 'Object Repository/AdminSuiteBootstrap_Pages/VT_Bootstrap/SaleKeyboard/select_YYYY'  using regular expression

2022-06-02 17:53:19 - [MESSAGE][PASSED] - Text '25987 Hill Top' is set on object 'Object Repository/AdminSuiteBootstrap_Pages/VT_Bootstrap/SaleKeyboard/input__address'

2022-06-02 17:53:20 - [MESSAGE][PASSED] - Text 'Suite 500' is set on object 'Object Repository/AdminSuiteBootstrap_Pages/VT_Bootstrap/SaleKeyboard/input__address2'

2022-06-02 17:53:20 - [MESSAGE][PASSED] - Text '22201' is set on object 'Object Repository/AdminSuiteBootstrap_Pages/VT_Bootstrap/SaleKeyboard/input__zip'

2022-06-02 17:53:21 - [MESSAGE][PASSED] - Text '' is set on object 'Object Repository/AdminSuiteBootstrap_Pages/VT_Bootstrap/SaleKeyboard/input_emailAddress'

2022-06-02 17:53:22 - [MESSAGE][PASSED] - Text '' is set on object 'Object Repository/AdminSuiteBootstrap_Pages/VT_Bootstrap/SaleKeyboard/input_smsNumber'

2022-06-02 17:53:23 - [MESSAGE][PASSED] - Text '10.50' is set on object 'Object Repository/AdminSuiteBootstrap_Pages/VT_Bootstrap/SaleKeyboard/input_amount'

2022-06-02 17:53:24 - [MESSAGE][PASSED] - Text 'Australia' is set on object 'Object Repository/AdminSuiteBootstrap_Pages/VT_Bootstrap/SaleKeyboard/input_userDefined1'

2022-06-02 17:53:25 - [MESSAGE][PASSED] - Text 'Denmark' is set on object 'Object Repository/AdminSuiteBootstrap_Pages/VT_Bootstrap/SaleKeyboard/input_userDefined2'

2022-06-02 17:53:25 - [MESSAGE][PASSED] - Text 'Sweden' is set on object 'Object Repository/AdminSuiteBootstrap_Pages/VT_Bootstrap/SaleKeyboard/input_userDefined3'

2022-06-02 17:53:26 - [MESSAGE][PASSED] - Text 'Austria' is set on object 'Object Repository/AdminSuiteBootstrap_Pages/VT_Bootstrap/SaleKeyboard/input_userDefined4'

2022-06-02 17:53:27 - [MESSAGE][PASSED] - All options with label 'Orange' are selected in object 'Object Repository/AdminSuiteBootstrap_Pages/VT_Bootstrap/SaleKeyboard/select_UDF5_DropDown'  using regular expression

2022-06-02 17:53:28 - [MESSAGE][PASSED] - All options with label 'Yellow' are selected in object 'Object Repository/AdminSuiteBootstrap_Pages/VT_Bootstrap/SaleKeyboard/select_UDF6_DropDown'  using regular expression

2022-06-02 17:53:29 - [MESSAGE][PASSED] - Text 'Norway' is set on object 'Object Repository/AdminSuiteBootstrap_Pages/VT_Bootstrap/SaleKeyboard/input_userDefined7'

2022-06-02 17:53:29 - [MESSAGE][PASSED] - Text 'Netherlands' is set on object 'Object Repository/AdminSuiteBootstrap_Pages/VT_Bootstrap/SaleKeyboard/input_userDefined8'

2022-06-02 17:53:30 - [MESSAGE][PASSED] - Text 'Switzerland' is set on object 'Object Repository/AdminSuiteBootstrap_Pages/VT_Bootstrap/SaleKeyboard/input_userDefined9'

2022-06-02 17:53:31 - [MESSAGE][PASSED] - Text 'France' is set on object 'Object Repository/AdminSuiteBootstrap_Pages/VT_Bootstrap/SaleKeyboard/input_userDefined10'

2022-06-02 17:53:32 - [MESSAGE][PASSED] - Object: 'Object Repository/AdminSuiteBootstrap_Pages/VT_Bootstrap/SaleKeyboard/button_Submit' is clicked on

2022-06-02 17:53:32 - [MESSAGE][PASSED] - adminSuiteBootstrap.virtualTerminalSetData.saleKeyboard_DataDriven is PASSED

2022-06-02 17:53:32 - [TEST_STEP][PASSED] - verifyTextPresent("Transaction Successful", true): Text 'Transaction Successful' is present on page  using regular expression

2022-06-02 17:53:33 - [MESSAGE][PASSED] - Text 'Transaction Successful' is present on page  using regular expression

2022-06-02 17:53:33 - [TEST_STEP][PASSED] - verifyElementVisible(findTestObject("Object Repository/AdminSuiteBootstrap_Pages/VT_Bootstrap/Receipt/button_Continue")): Object 'Object Repository/AdminSuiteBootstrap_Pages/VT_Bootstrap/Receipt/button_Continue' is visible

2022-06-02 17:53:33 - [MESSAGE][PASSED] - Object 'Object Repository/AdminSuiteBootstrap_Pages/VT_Bootstrap/Receipt/button_Continue' is visible

2022-06-02 17:53:33 - [TEST_STEP][PASSED] - verifyElementPresent(findTestObject("Object Repository/AdminSuiteBootstrap_Pages/VT_Bootstrap/Receipt/button_Continue"), 20): Object 'Object Repository/AdminSuiteBootstrap_Pages/VT_Bootstrap/Receipt/button_Continue' is present

2022-06-02 17:53:33 - [MESSAGE][PASSED] - Object 'Object Repository/AdminSuiteBootstrap_Pages/VT_Bootstrap/Receipt/button_Continue' is present

2022-06-02 17:53:33 - [TEST_STEP][PASSED] - verifyElementVisible(findTestObject("Object Repository/AdminSuiteBootstrap_Pages/VT_Bootstrap/Receipt/button_Print")): Object 'Object Repository/AdminSuiteBootstrap_Pages/VT_Bootstrap/Receipt/button_Print' is visible

2022-06-02 17:53:34 - [MESSAGE][PASSED] - Object 'Object Repository/AdminSuiteBootstrap_Pages/VT_Bootstrap/Receipt/button_Print' is visible

2022-06-02 17:53:34 - [TEST_STEP][PASSED] - verifyElementPresent(findTestObject("Object Repository/AdminSuiteBootstrap_Pages/VT_Bootstrap/Receipt/button_Print"), 20): Object 'Object Repository/AdminSuiteBootstrap_Pages/VT_Bootstrap/Receipt/button_Print' is present

2022-06-02 17:53:34 - [MESSAGE][PASSED] - Object 'Object Repository/AdminSuiteBootstrap_Pages/VT_Bootstrap/Receipt/button_Print' is present

2022-06-02 17:53:34 - [TEST_STEP][PASSED] - verifyTextPresent("Remittance ID", true): Text 'Remittance ID' is present on page  using regular expression

2022-06-02 17:53:34 - [MESSAGE][PASSED] - Text 'Remittance ID' is present on page  using regular expression

2022-06-02 17:53:34 - [TEST_STEP][PASSED] - verifyTextPresent("Received", true): Text 'Received' is present on page  using regular expression

2022-06-02 17:53:35 - [MESSAGE][PASSED] - Text 'Received' is present on page  using regular expression

2022-06-02 17:53:35 - [TEST_STEP][PASSED] - verifyTextPresent("UDF1", true): Text 'UDF1' is present on page  using regular expression

2022-06-02 17:53:35 - [MESSAGE][PASSED] - Text 'UDF1' is present on page  using regular expression

2022-06-02 17:53:35 - [TEST_STEP][PASSED] - verifyTextPresent("UDF2", true): Text 'UDF2' is present on page  using regular expression

2022-06-02 17:53:35 - [MESSAGE][PASSED] - Text 'UDF2' is present on page  using regular expression

2022-06-02 17:53:35 - [TEST_STEP][PASSED] - verifyTextPresent("UDF3", true): Text 'UDF3' is present on page  using regular expression

2022-06-02 17:53:36 - [MESSAGE][PASSED] - Text 'UDF3' is present on page  using regular expression

2022-06-02 17:53:36 - [TEST_STEP][PASSED] - verifyTextPresent("UDF4", true): Text 'UDF4' is present on page  using regular expression

2022-06-02 17:53:36 - [MESSAGE][PASSED] - Text 'UDF4' is present on page  using regular expression

2022-06-02 17:53:36 - [TEST_STEP][PASSED] - verifyTextPresent("UDF5", true): Text 'UDF5' is present on page  using regular expression

2022-06-02 17:53:36 - [MESSAGE][PASSED] - Text 'UDF5' is present on page  using regular expression

2022-06-02 17:53:36 - [TEST_STEP][PASSED] - verifyTextPresent("UDF6", true): Text 'UDF6' is present on page  using regular expression

2022-06-02 17:53:37 - [MESSAGE][PASSED] - Text 'UDF6' is present on page  using regular expression

2022-06-02 17:53:37 - [TEST_STEP][PASSED] - verifyTextPresent("UDF7", true): Text 'UDF7' is present on page  using regular expression

2022-06-02 17:53:37 - [MESSAGE][PASSED] - Text 'UDF7' is present on page  using regular expression

2022-06-02 17:53:37 - [TEST_STEP][PASSED] - verifyTextPresent("UDF8", true): Text 'UDF8' is present on page  using regular expression

2022-06-02 17:53:37 - [MESSAGE][PASSED] - Text 'UDF8' is present on page  using regular expression

2022-06-02 17:53:37 - [TEST_STEP][PASSED] - verifyTextPresent("UDF9", true): Text 'UDF9' is present on page  using regular expression

2022-06-02 17:53:38 - [MESSAGE][PASSED] - Text 'UDF9' is present on page  using regular expression

2022-06-02 17:53:38 - [TEST_STEP][PASSED] - verifyTextPresent("UDF 10", true): Text 'UDF 10' is present on page  using regular expression

2022-06-02 17:53:38 - [MESSAGE][PASSED] - Text 'UDF 10' is present on page  using regular expression

2022-06-02 17:53:38 - [TEST_STEP][PASSED] - verifyTextPresent("Australia", true): Text 'Australia' is present on page  using regular expression

2022-06-02 17:53:38 - [MESSAGE][PASSED] - Text 'Australia' is present on page  using regular expression

2022-06-02 17:53:38 - [TEST_STEP][PASSED] - verifyTextPresent("Denmark", true): Text 'Denmark' is present on page  using regular expression

2022-06-02 17:53:38 - [MESSAGE][PASSED] - Text 'Denmark' is present on page  using regular expression

2022-06-02 17:53:38 - [TEST_STEP][PASSED] - verifyTextPresent("Sweden", true): Text 'Sweden' is present on page  using regular expression

2022-06-02 17:53:39 - [MESSAGE][PASSED] - Text 'Sweden' is present on page  using regular expression

2022-06-02 17:53:39 - [TEST_STEP][PASSED] - verifyTextPresent("Austria", true): Text 'Austria' is present on page  using regular expression

2022-06-02 17:53:39 - [MESSAGE][PASSED] - Text 'Austria' is present on page  using regular expression

2022-06-02 17:53:39 - [TEST_STEP][PASSED] - verifyTextPresent("Orange Recorded", true): Text 'Orange Recorded' is present on page  using regular expression

2022-06-02 17:53:39 - [MESSAGE][PASSED] - Text 'Orange Recorded' is present on page  using regular expression

2022-06-02 17:53:39 - [TEST_STEP][PASSED] - verifyTextPresent("Yellow Recorded", true): Text 'Yellow Recorded' is present on page  using regular expression

2022-06-02 17:53:40 - [MESSAGE][PASSED] - Text 'Yellow Recorded' is present on page  using regular expression

2022-06-02 17:53:40 - [TEST_STEP][PASSED] - verifyTextPresent("Norway", true): Text 'Norway' is present on page  using regular expression

2022-06-02 17:53:40 - [MESSAGE][PASSED] - Text 'Norway' is present on page  using regular expression

2022-06-02 17:53:40 - [TEST_STEP][PASSED] - verifyTextPresent("Netherlands", true): Text 'Netherlands' is present on page  using regular expression

2022-06-02 17:53:40 - [MESSAGE][PASSED] - Text 'Netherlands' is present on page  using regular expression

2022-06-02 17:53:40 - [TEST_STEP][PASSED] - verifyTextPresent("Switzerland", true): Text 'Switzerland' is present on page  using regular expression

2022-06-02 17:53:41 - [MESSAGE][PASSED] - Text 'Switzerland' is present on page  using regular expression

2022-06-02 17:53:41 - [TEST_STEP][PASSED] - verifyTextPresent("France", true): Text 'France' is present on page  using regular expression

2022-06-02 17:53:41 - [MESSAGE][PASSED] - Text 'France' is present on page  using regular expression

2022-06-02 17:53:41 - [TEST_STEP][PASSED] - verifyTextPresent("Amount", true): Text 'Amount' is present on page  using regular expression

2022-06-02 17:53:41 - [MESSAGE][PASSED] - Text 'Amount' is present on page  using regular expression

2022-06-02 17:53:41 - [TEST_STEP][PASSED] - verifyTextPresent("Total Amount", true): Text 'Total Amount' is present on page  using regular expression

2022-06-02 17:53:42 - [MESSAGE][PASSED] - Text 'Total Amount' is present on page  using regular expression

2022-06-02 17:53:42 - [TEST_STEP][PASSED] - verifyTextPresent("Transaction Type", true): Text 'Transaction Type' is present on page  using regular expression

2022-06-02 17:53:42 - [MESSAGE][PASSED] - Text 'Transaction Type' is present on page  using regular expression

2022-06-02 17:53:42 - [TEST_STEP][PASSED] - verifyTextPresent("10.50", true): Text '10.50' is present on page  using regular expression

2022-06-02 17:53:42 - [MESSAGE][PASSED] - Text '10.50' is present on page  using regular expression

2022-06-02 17:53:42 - [TEST_STEP][PASSED] - verifyTextPresent("Authorization and Capture", true): Text 'Authorization and Capture' is present on page  using regular expression

2022-06-02 17:53:43 - [MESSAGE][PASSED] - Text 'Authorization and Capture' is present on page  using regular expression

2022-06-02 17:53:43 - [TEST_STEP][PASSED] - verifyTextPresent("Card Information", true): Text 'Card Information' is present on page  using regular expression

2022-06-02 17:53:43 - [MESSAGE][PASSED] - Text 'Card Information' is present on page  using regular expression

2022-06-02 17:53:43 - [TEST_STEP][PASSED] - cardNameV = findTestData(dataFile).getValue("CardNameV", row): null

2022-06-02 17:53:43 - [TEST_STEP][PASSED] - al1V = findTestData(dataFile).getValue("AL1", row): null

2022-06-02 17:53:43 - [TEST_STEP][PASSED] - al2V = findTestData(dataFile).getValue("AL2", row): null

2022-06-02 17:53:43 - [TEST_STEP][PASSED] - zipV = findTestData(dataFile).getValue("ZIP", row): null

2022-06-02 17:53:43 - [TEST_STEP][PASSED] - cardTypeV = findTestData(dataFile).getValue("CardType", row): null

2022-06-02 17:53:43 - [TEST_STEP][PASSED] - last4V = findTestData(dataFile).getValue("Last4", row): null

2022-06-02 17:53:44 - [TEST_STEP][PASSED] - verifyTextPresent(cardNameV, true): Text 'TULSI RAMAN' is present on page  using regular expression

2022-06-02 17:53:44 - [MESSAGE][PASSED] - Text 'TULSI RAMAN' is present on page  using regular expression

2022-06-02 17:53:44 - [TEST_STEP][PASSED] - verifyTextPresent("Address Line 1", true): Text 'Address Line 1' is present on page  using regular expression

2022-06-02 17:53:44 - [MESSAGE][PASSED] - Text 'Address Line 1' is present on page  using regular expression

2022-06-02 17:53:44 - [TEST_STEP][PASSED] - verifyTextPresent("Address Line 2", true): Text 'Address Line 2' is present on page  using regular expression

2022-06-02 17:53:45 - [MESSAGE][PASSED] - Text 'Address Line 2' is present on page  using regular expression

2022-06-02 17:53:45 - [TEST_STEP][PASSED] - verifyTextPresent("Country", true): Text 'Country' is present on page  using regular expression

2022-06-02 17:53:45 - [MESSAGE][PASSED] - Text 'Country' is present on page  using regular expression

2022-06-02 17:53:45 - [TEST_STEP][PASSED] - verifyTextPresent("City", true): Text 'City' is present on page  using regular expression

2022-06-02 17:53:45 - [MESSAGE][PASSED] - Text 'City' is present on page  using regular expression

2022-06-02 17:53:45 - [TEST_STEP][PASSED] - verifyTextPresent("State", true): Text 'State' is present on page  using regular expression

2022-06-02 17:53:46 - [MESSAGE][PASSED] - Text 'State' is present on page  using regular expression

2022-06-02 17:53:46 - [TEST_STEP][PASSED] - verifyTextPresent("ZIP Code", true): Text 'ZIP Code' is present on page  using regular expression

2022-06-02 17:53:46 - [MESSAGE][PASSED] - Text 'ZIP Code' is present on page  using regular expression

2022-06-02 17:53:46 - [TEST_STEP][PASSED] - verifyTextPresent(al1V, true): Text '25987 Hill Top' is present on page  using regular expression

2022-06-02 17:53:46 - [MESSAGE][PASSED] - Text '25987 Hill Top' is present on page  using regular expression

2022-06-02 17:53:46 - [TEST_STEP][PASSED] - verifyTextPresent(al2V, true): Text 'Suite 500' is present on page  using regular expression

2022-06-02 17:53:47 - [MESSAGE][PASSED] - Text 'Suite 500' is present on page  using regular expression

2022-06-02 17:53:47 - [TEST_STEP][PASSED] - verifyTextPresent("United States", true): Text 'United States' is present on page  using regular expression

2022-06-02 17:53:47 - [MESSAGE][PASSED] - Text 'United States' is present on page  using regular expression

2022-06-02 17:53:47 - [TEST_STEP][PASSED] - verifyTextPresent("ARLINGTON", true): Text 'ARLINGTON' is present on page  using regular expression

2022-06-02 17:53:47 - [MESSAGE][PASSED] - Text 'ARLINGTON' is present on page  using regular expression

2022-06-02 17:53:47 - [TEST_STEP][PASSED] - verifyTextPresent("Virginia", true): Text 'Virginia' is present on page  using regular expression

2022-06-02 17:53:48 - [MESSAGE][PASSED] - Text 'Virginia' is present on page  using regular expression

2022-06-02 17:53:48 - [TEST_STEP][PASSED] - verifyTextPresent(zipV, true): Text '22201' is present on page  using regular expression

2022-06-02 17:53:48 - [MESSAGE][PASSED] - Text '22201' is present on page  using regular expression

2022-06-02 17:53:48 - [TEST_STEP][PASSED] - verifyTextPresent(cardTypeV, true): Text 'Discover' is present on page  using regular expression

2022-06-02 17:53:48 - [MESSAGE][PASSED] - Text 'Discover' is present on page  using regular expression

2022-06-02 17:53:48 - [TEST_STEP][PASSED] - verifyTextPresent(last4V, true): Text '6909' is present on page  using regular expression

2022-06-02 17:53:49 - [MESSAGE][PASSED] - Text '6909' is present on page  using regular expression

2022-06-02 17:53:49 - [TEST_STEP][PASSED] - ExecuteTC = findTestData(dataFile).getValue("Execute", row): null

2022-06-02 17:53:49 - [TEST_STEP][PASSED] - out.println("Value of Execute is : " + ExecuteTC): null

2022-06-02 17:53:49 - [TEST_STEP][PASSED] - appName = findTestData(dataFile).getValue("AppName", row): null

2022-06-02 17:53:49 - [TEST_STEP][PASSED] - appID = findTestData(dataFile).getValue("AppID", row): null

2022-06-02 17:53:49 - [TEST_STEP][PASSED] - hrefAppID = li_1 + appID + li_2: null

2022-06-02 17:53:49 - [TEST_STEP][PASSED] - if (ExecuteTC.equalsIgnoreCase("Y")): Text '5439' is present on page  using regular expression

2022-06-02 17:53:49 - [TEST_STEP][PASSED] - out.println("Begin Record Number: " + row): null

2022-06-02 17:53:49 - [TEST_STEP][PASSED] - today = new java.util.Date(): null

2022-06-02 17:53:49 - [TEST_STEP][PASSED] - println(today): null

2022-06-02 17:53:49 - [TEST_STEP][PASSED] - datText = today: null

2022-06-02 17:53:49 - [TEST_STEP][PASSED] - adminSuiteBootstrap.loginFunctionality.login_AdminSuite(): adminSuiteBootstrap.loginFunctionality.login_AdminSuite is PASSED

2022-06-02 17:53:49 - [MESSAGE][WARNING] - A browser is already opened. Closing browser and opening a new one

2022-06-02 17:53:50 - [MESSAGE][INFO] - Starting 'Chrome' driver

2022-06-02 17:53:50 - [MESSAGE][INFO] - User set preference: ['acceptInsecureCerts', 'true']

2022-06-02 17:53:50 - [MESSAGE][INFO] - Action delay is set to 0 milliseconds

2022-06-02 17:53:52 - [MESSAGE][PASSED] - Browser is opened with url: 'https://qa.velocitypayment.com/admin/imtiaz'

2022-06-02 17:53:52 - [MESSAGE][PASSED] - Current window maximized

2022-06-02 17:53:53 - [MESSAGE][PASSED] - Object 'Object Repository/Login_Page/Login_Username' is present

2022-06-02 17:53:53 - [MESSAGE][PASSED] - Text 'iahmed' is set on object 'Object Repository/Login_Page/Login_Username'

2022-06-02 17:53:54 - [MESSAGE][PASSED] - Text 'hello2222' is set on object 'Object Repository/Login_Page/Login_Password'

2022-06-02 17:53:57 - [MESSAGE][PASSED] - Object: 'Object Repository/Login_Page/Login_Submit' is clicked on

2022-06-02 17:53:57 - [MESSAGE][PASSED] - adminSuiteBootstrap.loginFunctionality.login_AdminSuite is PASSED

2022-06-02 17:53:57 - [TEST_STEP][PASSED] - click(findTestObject(path_Dashboard + "span_Payment")): Object: 'Object Repository/AdminSuiteBootstrap_Pages/Dashboard_Bootstrap/span_Payment' is clicked on

2022-06-02 17:53:58 - [MESSAGE][PASSED] - Object: 'Object Repository/AdminSuiteBootstrap_Pages/Dashboard_Bootstrap/span_Payment' is clicked on

2022-06-02 17:53:58 - [TEST_STEP][PASSED] - click(findTestObject(path_Dashboard + appName)): Object: 'Object Repository/AdminSuiteBootstrap_Pages/Dashboard_Bootstrap/a_Access AutoNoCFtp' is clicked on

2022-06-02 17:53:59 - [MESSAGE][PASSED] - Object: 'Object Repository/AdminSuiteBootstrap_Pages/Dashboard_Bootstrap/a_Access AutoNoCFtp' is clicked on

2022-06-02 17:53:59 - [TEST_STEP][PASSED] - click(findTestObject(path_VT + "button_Authorization  Capture (Sale)")): Object: 'Object Repository/AdminSuiteBootstrap_Pages/VT_Bootstrap/IssueTransactions/button_Authorization  Capture (Sale)' is clicked on

2022-06-02 17:54:00 - [MESSAGE][PASSED] - Object: 'Object Repository/AdminSuiteBootstrap_Pages/VT_Bootstrap/IssueTransactions/button_Authorization  Capture (Sale)' is clicked on

2022-06-02 17:54:00 - [TEST_STEP][PASSED] - saleKeyboardEntryLink = modifyObjectProperty(findTestObject(path_VT + "a_KeyboardEntry_Sale"), "href", "equals", hrefAppID, true): Modify property of object successfully

2022-06-02 17:54:00 - [MESSAGE][PASSED] - Modify property of object successfully

2022-06-02 17:54:00 - [TEST_STEP][PASSED] - click(saleKeyboardEntryLink): Object: 'Object Repository/AdminSuiteBootstrap_Pages/VT_Bootstrap/IssueTransactions/a_KeyboardEntry_Sale' is clicked on

2022-06-02 17:54:02 - [MESSAGE][PASSED] - Object: 'Object Repository/AdminSuiteBootstrap_Pages/VT_Bootstrap/IssueTransactions/a_KeyboardEntry_Sale' is clicked on

2022-06-02 17:54:02 - [TEST_STEP][PASSED] - adminSuiteBootstrap.virtualTerminalSetData.saleKeyboard_DataDriven(row, dataFile): adminSuiteBootstrap.virtualTerminalSetData.saleKeyboard_DataDriven is PASSED

2022-06-02 17:54:05 - [MESSAGE][PASSED] - Text 'Janaki James' is set on object 'Object Repository/AdminSuiteBootstrap_Pages/VT_Bootstrap/SaleKeyboard/input_cardName'

2022-06-02 17:54:06 - [MESSAGE][PASSED] - All options with value 'MOTO' are selected in object 'Object Repository/AdminSuiteBootstrap_Pages/VT_Bootstrap/SaleKeyboard/select_transactionCategory'  using regular expression

2022-06-02 17:54:06 - [MESSAGE][PASSED] - Execute JavaScript 'arguments[0].value ='4012000098765439' ' successfully

2022-06-02 17:54:07 - [MESSAGE][PASSED] - Execute JavaScript 'arguments[0].value ='123' ' successfully

2022-06-02 17:54:08 - [MESSAGE][PASSED] - All options with value '12' are selected in object 'Object Repository/AdminSuiteBootstrap_Pages/VT_Bootstrap/SaleKeyboard/select_MM'  using regular expression

2022-06-02 17:54:09 - [MESSAGE][PASSED] - All options with value '2025' are selected in object 'Object Repository/AdminSuiteBootstrap_Pages/VT_Bootstrap/SaleKeyboard/select_YYYY'  using regular expression

2022-06-02 17:54:10 - [MESSAGE][PASSED] - Text '36 Cornor Road' is set on object 'Object Repository/AdminSuiteBootstrap_Pages/VT_Bootstrap/SaleKeyboard/input__address'

2022-06-02 17:54:10 - [MESSAGE][PASSED] - Text 'Suite 500' is set on object 'Object Repository/AdminSuiteBootstrap_Pages/VT_Bootstrap/SaleKeyboard/input__address2'

2022-06-02 17:54:11 - [MESSAGE][PASSED] - Text '22201' is set on object 'Object Repository/AdminSuiteBootstrap_Pages/VT_Bootstrap/SaleKeyboard/input__zip'

2022-06-02 17:54:12 - [MESSAGE][PASSED] - Text '' is set on object 'Object Repository/AdminSuiteBootstrap_Pages/VT_Bootstrap/SaleKeyboard/input_emailAddress'

2022-06-02 17:54:13 - [MESSAGE][PASSED] - Text '' is set on object 'Object Repository/AdminSuiteBootstrap_Pages/VT_Bootstrap/SaleKeyboard/input_smsNumber'

2022-06-02 17:54:14 - [MESSAGE][PASSED] - Text '10.50' is set on object 'Object Repository/AdminSuiteBootstrap_Pages/VT_Bootstrap/SaleKeyboard/input_amount'

2022-06-02 17:54:14 - [MESSAGE][PASSED] - Text 'Australia' is set on object 'Object Repository/AdminSuiteBootstrap_Pages/VT_Bootstrap/SaleKeyboard/input_userDefined1'

2022-06-02 17:54:15 - [MESSAGE][PASSED] - Text 'Denmark' is set on object 'Object Repository/AdminSuiteBootstrap_Pages/VT_Bootstrap/SaleKeyboard/input_userDefined2'

2022-06-02 17:54:16 - [MESSAGE][PASSED] - Text 'Sweden' is set on object 'Object Repository/AdminSuiteBootstrap_Pages/VT_Bootstrap/SaleKeyboard/input_userDefined3'

2022-06-02 17:54:17 - [MESSAGE][PASSED] - Text 'Austria' is set on object 'Object Repository/AdminSuiteBootstrap_Pages/VT_Bootstrap/SaleKeyboard/input_userDefined4'

2022-06-02 17:54:18 - [MESSAGE][PASSED] - All options with label 'Orange' are selected in object 'Object Repository/AdminSuiteBootstrap_Pages/VT_Bootstrap/SaleKeyboard/select_UDF5_DropDown'  using regular expression

2022-06-02 17:54:18 - [MESSAGE][PASSED] - All options with label 'Yellow' are selected in object 'Object Repository/AdminSuiteBootstrap_Pages/VT_Bootstrap/SaleKeyboard/select_UDF6_DropDown'  using regular expression

2022-06-02 17:54:19 - [MESSAGE][PASSED] - Text 'Norway' is set on object 'Object Repository/AdminSuiteBootstrap_Pages/VT_Bootstrap/SaleKeyboard/input_userDefined7'

2022-06-02 17:54:20 - [MESSAGE][PASSED] - Text 'Netherlands' is set on object 'Object Repository/AdminSuiteBootstrap_Pages/VT_Bootstrap/SaleKeyboard/input_userDefined8'

2022-06-02 17:54:20 - [MESSAGE][PASSED] - Text 'Switzerland' is set on object 'Object Repository/AdminSuiteBootstrap_Pages/VT_Bootstrap/SaleKeyboard/input_userDefined9'

2022-06-02 17:54:21 - [MESSAGE][PASSED] - Text 'France' is set on object 'Object Repository/AdminSuiteBootstrap_Pages/VT_Bootstrap/SaleKeyboard/input_userDefined10'

2022-06-02 17:54:22 - [MESSAGE][PASSED] - Object: 'Object Repository/AdminSuiteBootstrap_Pages/VT_Bootstrap/SaleKeyboard/button_Submit' is clicked on

2022-06-02 17:54:22 - [MESSAGE][PASSED] - adminSuiteBootstrap.virtualTerminalSetData.saleKeyboard_DataDriven is PASSED

2022-06-02 17:54:22 - [TEST_STEP][PASSED] - verifyTextPresent("Transaction Successful", true): Text 'Transaction Successful' is present on page  using regular expression

2022-06-02 17:54:23 - [MESSAGE][PASSED] - Text 'Transaction Successful' is present on page  using regular expression

2022-06-02 17:54:23 - [TEST_STEP][PASSED] - verifyElementVisible(findTestObject("Object Repository/AdminSuiteBootstrap_Pages/VT_Bootstrap/Receipt/button_Continue")): Object 'Object Repository/AdminSuiteBootstrap_Pages/VT_Bootstrap/Receipt/button_Continue' is visible

2022-06-02 17:54:23 - [MESSAGE][PASSED] - Object 'Object Repository/AdminSuiteBootstrap_Pages/VT_Bootstrap/Receipt/button_Continue' is visible

2022-06-02 17:54:23 - [TEST_STEP][PASSED] - verifyElementPresent(findTestObject("Object Repository/AdminSuiteBootstrap_Pages/VT_Bootstrap/Receipt/button_Continue"), 20): Object 'Object Repository/AdminSuiteBootstrap_Pages/VT_Bootstrap/Receipt/button_Continue' is present

2022-06-02 17:54:24 - [MESSAGE][PASSED] - Object 'Object Repository/AdminSuiteBootstrap_Pages/VT_Bootstrap/Receipt/button_Continue' is present

2022-06-02 17:54:24 - [TEST_STEP][PASSED] - verifyElementVisible(findTestObject("Object Repository/AdminSuiteBootstrap_Pages/VT_Bootstrap/Receipt/button_Print")): Object 'Object Repository/AdminSuiteBootstrap_Pages/VT_Bootstrap/Receipt/button_Print' is visible

2022-06-02 17:54:24 - [MESSAGE][PASSED] - Object 'Object Repository/AdminSuiteBootstrap_Pages/VT_Bootstrap/Receipt/button_Print' is visible

2022-06-02 17:54:24 - [TEST_STEP][PASSED] - verifyElementPresent(findTestObject("Object Repository/AdminSuiteBootstrap_Pages/VT_Bootstrap/Receipt/button_Print"), 20): Object 'Object Repository/AdminSuiteBootstrap_Pages/VT_Bootstrap/Receipt/button_Print' is present

2022-06-02 17:54:24 - [MESSAGE][PASSED] - Object 'Object Repository/AdminSuiteBootstrap_Pages/VT_Bootstrap/Receipt/button_Print' is present

2022-06-02 17:54:24 - [TEST_STEP][PASSED] - verifyTextPresent("Remittance ID", true): Text 'Remittance ID' is present on page  using regular expression

2022-06-02 17:54:25 - [MESSAGE][PASSED] - Text 'Remittance ID' is present on page  using regular expression

2022-06-02 17:54:25 - [TEST_STEP][PASSED] - verifyTextPresent("Received", true): Text 'Received' is present on page  using regular expression

2022-06-02 17:54:25 - [MESSAGE][PASSED] - Text 'Received' is present on page  using regular expression

2022-06-02 17:54:25 - [TEST_STEP][PASSED] - verifyTextPresent("UDF1", true): Text 'UDF1' is present on page  using regular expression

2022-06-02 17:54:25 - [MESSAGE][PASSED] - Text 'UDF1' is present on page  using regular expression

2022-06-02 17:54:25 - [TEST_STEP][PASSED] - verifyTextPresent("UDF2", true): Text 'UDF2' is present on page  using regular expression

2022-06-02 17:54:26 - [MESSAGE][PASSED] - Text 'UDF2' is present on page  using regular expression

2022-06-02 17:54:26 - [TEST_STEP][PASSED] - verifyTextPresent("UDF3", true): Text 'UDF3' is present on page  using regular expression

2022-06-02 17:54:26 - [MESSAGE][PASSED] - Text 'UDF3' is present on page  using regular expression

2022-06-02 17:54:26 - [TEST_STEP][PASSED] - verifyTextPresent("UDF4", true): Text 'UDF4' is present on page  using regular expression

2022-06-02 17:54:26 - [MESSAGE][PASSED] - Text 'UDF4' is present on page  using regular expression

2022-06-02 17:54:26 - [TEST_STEP][PASSED] - verifyTextPresent("UDF5", true): Text 'UDF5' is present on page  using regular expression

2022-06-02 17:54:27 - [MESSAGE][PASSED] - Text 'UDF5' is present on page  using regular expression

2022-06-02 17:54:27 - [TEST_STEP][PASSED] - verifyTextPresent("UDF6", true): Text 'UDF6' is present on page  using regular expression

2022-06-02 17:54:27 - [MESSAGE][PASSED] - Text 'UDF6' is present on page  using regular expression

2022-06-02 17:54:27 - [TEST_STEP][PASSED] - verifyTextPresent("UDF7", true): Text 'UDF7' is present on page  using regular expression

2022-06-02 17:54:27 - [MESSAGE][PASSED] - Text 'UDF7' is present on page  using regular expression

2022-06-02 17:54:27 - [TEST_STEP][PASSED] - verifyTextPresent("UDF8", true): Text 'UDF8' is present on page  using regular expression

2022-06-02 17:54:28 - [MESSAGE][PASSED] - Text 'UDF8' is present on page  using regular expression

2022-06-02 17:54:28 - [TEST_STEP][PASSED] - verifyTextPresent("UDF9", true): Text 'UDF9' is present on page  using regular expression

2022-06-02 17:54:28 - [MESSAGE][PASSED] - Text 'UDF9' is present on page  using regular expression

2022-06-02 17:54:28 - [TEST_STEP][PASSED] - verifyTextPresent("UDF 10", true): Text 'UDF 10' is present on page  using regular expression

2022-06-02 17:54:28 - [MESSAGE][PASSED] - Text 'UDF 10' is present on page  using regular expression

2022-06-02 17:54:28 - [TEST_STEP][PASSED] - verifyTextPresent("Australia", true): Text 'Australia' is present on page  using regular expression

2022-06-02 17:54:29 - [MESSAGE][PASSED] - Text 'Australia' is present on page  using regular expression

2022-06-02 17:54:29 - [TEST_STEP][PASSED] - verifyTextPresent("Denmark", true): Text 'Denmark' is present on page  using regular expression

2022-06-02 17:54:29 - [MESSAGE][PASSED] - Text 'Denmark' is present on page  using regular expression

2022-06-02 17:54:29 - [TEST_STEP][PASSED] - verifyTextPresent("Sweden", true): Text 'Sweden' is present on page  using regular expression

2022-06-02 17:54:29 - [MESSAGE][PASSED] - Text 'Sweden' is present on page  using regular expression

2022-06-02 17:54:29 - [TEST_STEP][PASSED] - verifyTextPresent("Austria", true): Text 'Austria' is present on page  using regular expression

2022-06-02 17:54:30 - [MESSAGE][PASSED] - Text 'Austria' is present on page  using regular expression

2022-06-02 17:54:30 - [TEST_STEP][PASSED] - verifyTextPresent("Orange Recorded", true): Text 'Orange Recorded' is present on page  using regular expression

2022-06-02 17:54:30 - [MESSAGE][PASSED] - Text 'Orange Recorded' is present on page  using regular expression

2022-06-02 17:54:30 - [TEST_STEP][PASSED] - verifyTextPresent("Yellow Recorded", true): Text 'Yellow Recorded' is present on page  using regular expression

2022-06-02 17:54:30 - [MESSAGE][PASSED] - Text 'Yellow Recorded' is present on page  using regular expression

2022-06-02 17:54:30 - [TEST_STEP][PASSED] - verifyTextPresent("Norway", true): Text 'Norway' is present on page  using regular expression

2022-06-02 17:54:31 - [MESSAGE][PASSED] - Text 'Norway' is present on page  using regular expression

2022-06-02 17:54:31 - [TEST_STEP][PASSED] - verifyTextPresent("Netherlands", true): Text 'Netherlands' is present on page  using regular expression

2022-06-02 17:54:31 - [MESSAGE][PASSED] - Text 'Netherlands' is present on page  using regular expression

2022-06-02 17:54:31 - [TEST_STEP][PASSED] - verifyTextPresent("Switzerland", true): Text 'Switzerland' is present on page  using regular expression

2022-06-02 17:54:31 - [MESSAGE][PASSED] - Text 'Switzerland' is present on page  using regular expression

2022-06-02 17:54:31 - [TEST_STEP][PASSED] - verifyTextPresent("France", true): Text 'France' is present on page  using regular expression

2022-06-02 17:54:31 - [MESSAGE][PASSED] - Text 'France' is present on page  using regular expression

2022-06-02 17:54:31 - [TEST_STEP][PASSED] - verifyTextPresent("Amount", true): Text 'Amount' is present on page  using regular expression

2022-06-02 17:54:32 - [MESSAGE][PASSED] - Text 'Amount' is present on page  using regular expression

2022-06-02 17:54:32 - [TEST_STEP][PASSED] - verifyTextPresent("Total Amount", true): Text 'Total Amount' is present on page  using regular expression

2022-06-02 17:54:32 - [MESSAGE][PASSED] - Text 'Total Amount' is present on page  using regular expression

2022-06-02 17:54:32 - [TEST_STEP][PASSED] - verifyTextPresent("Transaction Type", true): Text 'Transaction Type' is present on page  using regular expression

2022-06-02 17:54:32 - [MESSAGE][PASSED] - Text 'Transaction Type' is present on page  using regular expression

2022-06-02 17:54:32 - [TEST_STEP][PASSED] - verifyTextPresent("10.50", true): Text '10.50' is present on page  using regular expression

2022-06-02 17:54:33 - [MESSAGE][PASSED] - Text '10.50' is present on page  using regular expression

2022-06-02 17:54:33 - [TEST_STEP][PASSED] - verifyTextPresent("Authorization and Capture", true): Text 'Authorization and Capture' is present on page  using regular expression

2022-06-02 17:54:33 - [MESSAGE][PASSED] - Text 'Authorization and Capture' is present on page  using regular expression

2022-06-02 17:54:33 - [TEST_STEP][PASSED] - verifyTextPresent("Card Information", true): Text 'Card Information' is present on page  using regular expression

2022-06-02 17:54:33 - [MESSAGE][PASSED] - Text 'Card Information' is present on page  using regular expression

2022-06-02 17:54:33 - [TEST_STEP][PASSED] - cardNameV = findTestData(dataFile).getValue("CardNameV", row): null

2022-06-02 17:54:34 - [TEST_STEP][PASSED] - al1V = findTestData(dataFile).getValue("AL1", row): null

2022-06-02 17:54:34 - [TEST_STEP][PASSED] - al2V = findTestData(dataFile).getValue("AL2", row): null

2022-06-02 17:54:34 - [TEST_STEP][PASSED] - zipV = findTestData(dataFile).getValue("ZIP", row): null

2022-06-02 17:54:34 - [TEST_STEP][PASSED] - cardTypeV = findTestData(dataFile).getValue("CardType", row): null

2022-06-02 17:54:34 - [TEST_STEP][PASSED] - last4V = findTestData(dataFile).getValue("Last4", row): null

2022-06-02 17:54:34 - [TEST_STEP][PASSED] - verifyTextPresent(cardNameV, true): Text 'JANAKI JAMES' is present on page  using regular expression

2022-06-02 17:54:34 - [MESSAGE][PASSED] - Text 'JANAKI JAMES' is present on page  using regular expression

2022-06-02 17:54:34 - [TEST_STEP][PASSED] - verifyTextPresent("Address Line 1", true): Text 'Address Line 1' is present on page  using regular expression

2022-06-02 17:54:35 - [MESSAGE][PASSED] - Text 'Address Line 1' is present on page  using regular expression

2022-06-02 17:54:35 - [TEST_STEP][PASSED] - verifyTextPresent("Address Line 2", true): Text 'Address Line 2' is present on page  using regular expression

2022-06-02 17:54:35 - [MESSAGE][PASSED] - Text 'Address Line 2' is present on page  using regular expression

2022-06-02 17:54:35 - [TEST_STEP][PASSED] - verifyTextPresent("Country", true): Text 'Country' is present on page  using regular expression

2022-06-02 17:54:35 - [MESSAGE][PASSED] - Text 'Country' is present on page  using regular expression

2022-06-02 17:54:35 - [TEST_STEP][PASSED] - verifyTextPresent("City", true): Text 'City' is present on page  using regular expression

2022-06-02 17:54:36 - [MESSAGE][PASSED] - Text 'City' is present on page  using regular expression

2022-06-02 17:54:36 - [TEST_STEP][PASSED] - verifyTextPresent("State", true): Text 'State' is present on page  using regular expression

2022-06-02 17:54:36 - [MESSAGE][PASSED] - Text 'State' is present on page  using regular expression

2022-06-02 17:54:36 - [TEST_STEP][PASSED] - verifyTextPresent("ZIP Code", true): Text 'ZIP Code' is present on page  using regular expression

2022-06-02 17:54:36 - [MESSAGE][PASSED] - Text 'ZIP Code' is present on page  using regular expression

2022-06-02 17:54:36 - [TEST_STEP][PASSED] - verifyTextPresent(al1V, true): Text '36 Cornor Road' is present on page  using regular expression

2022-06-02 17:54:37 - [MESSAGE][PASSED] - Text '36 Cornor Road' is present on page  using regular expression

2022-06-02 17:54:37 - [TEST_STEP][PASSED] - verifyTextPresent(al2V, true): Text 'Suite 500' is present on page  using regular expression

2022-06-02 17:54:37 - [MESSAGE][PASSED] - Text 'Suite 500' is present on page  using regular expression

2022-06-02 17:54:37 - [TEST_STEP][PASSED] - verifyTextPresent("United States", true): Text 'United States' is present on page  using regular expression

2022-06-02 17:54:37 - [MESSAGE][PASSED] - Text 'United States' is present on page  using regular expression

2022-06-02 17:54:37 - [TEST_STEP][PASSED] - verifyTextPresent("ARLINGTON", true): Text 'ARLINGTON' is present on page  using regular expression

2022-06-02 17:54:38 - [MESSAGE][PASSED] - Text 'ARLINGTON' is present on page  using regular expression

2022-06-02 17:54:38 - [TEST_STEP][PASSED] - verifyTextPresent("Virginia", true): Text 'Virginia' is present on page  using regular expression

2022-06-02 17:54:38 - [MESSAGE][PASSED] - Text 'Virginia' is present on page  using regular expression

2022-06-02 17:54:38 - [TEST_STEP][PASSED] - verifyTextPresent(zipV, true): Text '22201' is present on page  using regular expression

2022-06-02 17:54:38 - [MESSAGE][PASSED] - Text '22201' is present on page  using regular expression

2022-06-02 17:54:38 - [TEST_STEP][PASSED] - verifyTextPresent(cardTypeV, true): Text 'Visa' is present on page  using regular expression

2022-06-02 17:54:39 - [MESSAGE][PASSED] - Text 'Visa' is present on page  using regular expression

2022-06-02 17:54:39 - [TEST_STEP][PASSED] - verifyTextPresent(last4V, true): Text '5439' is present on page  using regular expression

2022-06-02 17:54:39 - [MESSAGE][PASSED] - Text '5439' is present on page  using regular expression

2022-06-02 17:54:39 - [TEST_STEP][PASSED] - ExecuteTC = findTestData(dataFile).getValue("Execute", row): null

2022-06-02 17:54:39 - [TEST_STEP][PASSED] - out.println("Value of Execute is : " + ExecuteTC): null

2022-06-02 17:54:39 - [TEST_STEP][PASSED] - appName = findTestData(dataFile).getValue("AppName", row): null

2022-06-02 17:54:39 - [TEST_STEP][PASSED] - appID = findTestData(dataFile).getValue("AppID", row): null

2022-06-02 17:54:39 - [TEST_STEP][PASSED] - hrefAppID = li_1 + appID + li_2: null

2022-06-02 17:54:39 - [TEST_STEP][PASSED] - if (ExecuteTC.equalsIgnoreCase("Y")): Text '0035' is present on page  using regular expression

2022-06-02 17:54:39 - [TEST_STEP][PASSED] - out.println("Begin Record Number: " + row): null

2022-06-02 17:54:39 - [TEST_STEP][PASSED] - today = new java.util.Date(): null

2022-06-02 17:54:39 - [TEST_STEP][PASSED] - println(today): null

2022-06-02 17:54:39 - [TEST_STEP][PASSED] - datText = today: null

2022-06-02 17:54:39 - [TEST_STEP][PASSED] - adminSuiteBootstrap.loginFunctionality.login_AdminSuite(): adminSuiteBootstrap.loginFunctionality.login_AdminSuite is PASSED

2022-06-02 17:54:39 - [MESSAGE][WARNING] - A browser is already opened. Closing browser and opening a new one

2022-06-02 17:54:40 - [MESSAGE][INFO] - Starting 'Chrome' driver

2022-06-02 17:54:40 - [MESSAGE][INFO] - User set preference: ['acceptInsecureCerts', 'true']

2022-06-02 17:54:40 - [MESSAGE][INFO] - Action delay is set to 0 milliseconds

2022-06-02 17:54:43 - [MESSAGE][PASSED] - Browser is opened with url: 'https://qa.velocitypayment.com/admin/imtiaz'

2022-06-02 17:54:43 - [MESSAGE][PASSED] - Current window maximized

2022-06-02 17:54:43 - [MESSAGE][PASSED] - Object 'Object Repository/Login_Page/Login_Username' is present

2022-06-02 17:54:44 - [MESSAGE][PASSED] - Text 'iahmed' is set on object 'Object Repository/Login_Page/Login_Username'

2022-06-02 17:54:44 - [MESSAGE][PASSED] - Text 'hello2222' is set on object 'Object Repository/Login_Page/Login_Password'

2022-06-02 17:54:47 - [MESSAGE][PASSED] - Object: 'Object Repository/Login_Page/Login_Submit' is clicked on

2022-06-02 17:54:47 - [MESSAGE][PASSED] - adminSuiteBootstrap.loginFunctionality.login_AdminSuite is PASSED

2022-06-02 17:54:47 - [TEST_STEP][PASSED] - click(findTestObject(path_Dashboard + "span_Payment")): Object: 'Object Repository/AdminSuiteBootstrap_Pages/Dashboard_Bootstrap/span_Payment' is clicked on

2022-06-02 17:54:48 - [MESSAGE][PASSED] - Object: 'Object Repository/AdminSuiteBootstrap_Pages/Dashboard_Bootstrap/span_Payment' is clicked on

2022-06-02 17:54:48 - [TEST_STEP][PASSED] - click(findTestObject(path_Dashboard + appName)): Object: 'Object Repository/AdminSuiteBootstrap_Pages/Dashboard_Bootstrap/a_Access AutoNoCFtp' is clicked on

2022-06-02 17:54:49 - [MESSAGE][PASSED] - Object: 'Object Repository/AdminSuiteBootstrap_Pages/Dashboard_Bootstrap/a_Access AutoNoCFtp' is clicked on

2022-06-02 17:54:49 - [TEST_STEP][PASSED] - click(findTestObject(path_VT + "button_Authorization  Capture (Sale)")): Object: 'Object Repository/AdminSuiteBootstrap_Pages/VT_Bootstrap/IssueTransactions/button_Authorization  Capture (Sale)' is clicked on

2022-06-02 17:54:49 - [MESSAGE][PASSED] - Object: 'Object Repository/AdminSuiteBootstrap_Pages/VT_Bootstrap/IssueTransactions/button_Authorization  Capture (Sale)' is clicked on

2022-06-02 17:54:49 - [TEST_STEP][PASSED] - saleKeyboardEntryLink = modifyObjectProperty(findTestObject(path_VT + "a_KeyboardEntry_Sale"), "href", "equals", hrefAppID, true): Modify property of object successfully

2022-06-02 17:54:50 - [MESSAGE][PASSED] - Modify property of object successfully

2022-06-02 17:54:50 - [TEST_STEP][PASSED] - click(saleKeyboardEntryLink): Object: 'Object Repository/AdminSuiteBootstrap_Pages/VT_Bootstrap/IssueTransactions/a_KeyboardEntry_Sale' is clicked on

2022-06-02 17:54:51 - [MESSAGE][PASSED] - Object: 'Object Repository/AdminSuiteBootstrap_Pages/VT_Bootstrap/IssueTransactions/a_KeyboardEntry_Sale' is clicked on

2022-06-02 17:54:51 - [TEST_STEP][PASSED] - adminSuiteBootstrap.virtualTerminalSetData.saleKeyboard_DataDriven(row, dataFile): adminSuiteBootstrap.virtualTerminalSetData.saleKeyboard_DataDriven is PASSED

2022-06-02 17:54:54 - [MESSAGE][PASSED] - Text 'Janaki James' is set on object 'Object Repository/AdminSuiteBootstrap_Pages/VT_Bootstrap/SaleKeyboard/input_cardName'

2022-06-02 17:54:55 - [MESSAGE][PASSED] - All options with value 'MOTO' are selected in object 'Object Repository/AdminSuiteBootstrap_Pages/VT_Bootstrap/SaleKeyboard/select_transactionCategory'  using regular expression

2022-06-02 17:54:55 - [MESSAGE][PASSED] - Execute JavaScript 'arguments[0].value ='5146312200000035' ' successfully

2022-06-02 17:54:56 - [MESSAGE][PASSED] - Execute JavaScript 'arguments[0].value ='123' ' successfully

2022-06-02 17:54:57 - [MESSAGE][PASSED] - All options with value '12' are selected in object 'Object Repository/AdminSuiteBootstrap_Pages/VT_Bootstrap/SaleKeyboard/select_MM'  using regular expression

2022-06-02 17:54:58 - [MESSAGE][PASSED] - All options with value '2025' are selected in object 'Object Repository/AdminSuiteBootstrap_Pages/VT_Bootstrap/SaleKeyboard/select_YYYY'  using regular expression

2022-06-02 17:54:59 - [MESSAGE][PASSED] - Text '1478 Jhatka Palace' is set on object 'Object Repository/AdminSuiteBootstrap_Pages/VT_Bootstrap/SaleKeyboard/input__address'

2022-06-02 17:54:59 - [MESSAGE][PASSED] - Text 'Suite 500' is set on object 'Object Repository/AdminSuiteBootstrap_Pages/VT_Bootstrap/SaleKeyboard/input__address2'

2022-06-02 17:55:00 - [MESSAGE][PASSED] - Text '22201' is set on object 'Object Repository/AdminSuiteBootstrap_Pages/VT_Bootstrap/SaleKeyboard/input__zip'

2022-06-02 17:55:01 - [MESSAGE][PASSED] - Text '' is set on object 'Object Repository/AdminSuiteBootstrap_Pages/VT_Bootstrap/SaleKeyboard/input_emailAddress'

2022-06-02 17:55:02 - [MESSAGE][PASSED] - Text '' is set on object 'Object Repository/AdminSuiteBootstrap_Pages/VT_Bootstrap/SaleKeyboard/input_smsNumber'

2022-06-02 17:55:03 - [MESSAGE][PASSED] - Text '10.50' is set on object 'Object Repository/AdminSuiteBootstrap_Pages/VT_Bootstrap/SaleKeyboard/input_amount'

2022-06-02 17:55:04 - [MESSAGE][PASSED] - Text 'Australia' is set on object 'Object Repository/AdminSuiteBootstrap_Pages/VT_Bootstrap/SaleKeyboard/input_userDefined1'

2022-06-02 17:55:04 - [MESSAGE][PASSED] - Text 'Denmark' is set on object 'Object Repository/AdminSuiteBootstrap_Pages/VT_Bootstrap/SaleKeyboard/input_userDefined2'

2022-06-02 17:55:05 - [MESSAGE][PASSED] - Text 'Sweden' is set on object 'Object Repository/AdminSuiteBootstrap_Pages/VT_Bootstrap/SaleKeyboard/input_userDefined3'

2022-06-02 17:55:06 - [MESSAGE][PASSED] - Text 'Austria' is set on object 'Object Repository/AdminSuiteBootstrap_Pages/VT_Bootstrap/SaleKeyboard/input_userDefined4'

2022-06-02 17:55:07 - [MESSAGE][PASSED] - All options with label 'Orange' are selected in object 'Object Repository/AdminSuiteBootstrap_Pages/VT_Bootstrap/SaleKeyboard/select_UDF5_DropDown'  using regular expression

2022-06-02 17:55:08 - [MESSAGE][PASSED] - All options with label 'Yellow' are selected in object 'Object Repository/AdminSuiteBootstrap_Pages/VT_Bootstrap/SaleKeyboard/select_UDF6_DropDown'  using regular expression

2022-06-02 17:55:08 - [MESSAGE][PASSED] - Text 'Norway' is set on object 'Object Repository/AdminSuiteBootstrap_Pages/VT_Bootstrap/SaleKeyboard/input_userDefined7'

2022-06-02 17:55:09 - [MESSAGE][PASSED] - Text 'Netherlands' is set on object 'Object Repository/AdminSuiteBootstrap_Pages/VT_Bootstrap/SaleKeyboard/input_userDefined8'

2022-06-02 17:55:10 - [MESSAGE][PASSED] - Text 'Switzerland' is set on object 'Object Repository/AdminSuiteBootstrap_Pages/VT_Bootstrap/SaleKeyboard/input_userDefined9'

2022-06-02 17:55:10 - [MESSAGE][PASSED] - Text 'France' is set on object 'Object Repository/AdminSuiteBootstrap_Pages/VT_Bootstrap/SaleKeyboard/input_userDefined10'

2022-06-02 17:55:12 - [MESSAGE][PASSED] - Object: 'Object Repository/AdminSuiteBootstrap_Pages/VT_Bootstrap/SaleKeyboard/button_Submit' is clicked on

2022-06-02 17:55:12 - [MESSAGE][PASSED] - adminSuiteBootstrap.virtualTerminalSetData.saleKeyboard_DataDriven is PASSED

2022-06-02 17:55:12 - [TEST_STEP][PASSED] - verifyTextPresent("Transaction Successful", true): Text 'Transaction Successful' is present on page  using regular expression

2022-06-02 17:55:12 - [MESSAGE][PASSED] - Text 'Transaction Successful' is present on page  using regular expression

2022-06-02 17:55:12 - [TEST_STEP][PASSED] - verifyElementVisible(findTestObject("Object Repository/AdminSuiteBootstrap_Pages/VT_Bootstrap/Receipt/button_Continue")): Object 'Object Repository/AdminSuiteBootstrap_Pages/VT_Bootstrap/Receipt/button_Continue' is visible

2022-06-02 17:55:13 - [MESSAGE][PASSED] - Object 'Object Repository/AdminSuiteBootstrap_Pages/VT_Bootstrap/Receipt/button_Continue' is visible

2022-06-02 17:55:13 - [TEST_STEP][PASSED] - verifyElementPresent(findTestObject("Object Repository/AdminSuiteBootstrap_Pages/VT_Bootstrap/Receipt/button_Continue"), 20): Object 'Object Repository/AdminSuiteBootstrap_Pages/VT_Bootstrap/Receipt/button_Continue' is present

2022-06-02 17:55:13 - [MESSAGE][PASSED] - Object 'Object Repository/AdminSuiteBootstrap_Pages/VT_Bootstrap/Receipt/button_Continue' is present

2022-06-02 17:55:13 - [TEST_STEP][PASSED] - verifyElementVisible(findTestObject("Object Repository/AdminSuiteBootstrap_Pages/VT_Bootstrap/Receipt/button_Print")): Object 'Object Repository/AdminSuiteBootstrap_Pages/VT_Bootstrap/Receipt/button_Print' is visible

2022-06-02 17:55:13 - [MESSAGE][PASSED] - Object 'Object Repository/AdminSuiteBootstrap_Pages/VT_Bootstrap/Receipt/button_Print' is visible

2022-06-02 17:55:13 - [TEST_STEP][PASSED] - verifyElementPresent(findTestObject("Object Repository/AdminSuiteBootstrap_Pages/VT_Bootstrap/Receipt/button_Print"), 20): Object 'Object Repository/AdminSuiteBootstrap_Pages/VT_Bootstrap/Receipt/button_Print' is present

2022-06-02 17:55:14 - [MESSAGE][PASSED] - Object 'Object Repository/AdminSuiteBootstrap_Pages/VT_Bootstrap/Receipt/button_Print' is present

2022-06-02 17:55:14 - [TEST_STEP][PASSED] - verifyTextPresent("Remittance ID", true): Text 'Remittance ID' is present on page  using regular expression

2022-06-02 17:55:14 - [MESSAGE][PASSED] - Text 'Remittance ID' is present on page  using regular expression

2022-06-02 17:55:14 - [TEST_STEP][PASSED] - verifyTextPresent("Received", true): Text 'Received' is present on page  using regular expression

2022-06-02 17:55:14 - [MESSAGE][PASSED] - Text 'Received' is present on page  using regular expression

2022-06-02 17:55:14 - [TEST_STEP][PASSED] - verifyTextPresent("UDF1", true): Text 'UDF1' is present on page  using regular expression

2022-06-02 17:55:15 - [MESSAGE][PASSED] - Text 'UDF1' is present on page  using regular expression

2022-06-02 17:55:15 - [TEST_STEP][PASSED] - verifyTextPresent("UDF2", true): Text 'UDF2' is present on page  using regular expression

2022-06-02 17:55:15 - [MESSAGE][PASSED] - Text 'UDF2' is present on page  using regular expression

2022-06-02 17:55:15 - [TEST_STEP][PASSED] - verifyTextPresent("UDF3", true): Text 'UDF3' is present on page  using regular expression

2022-06-02 17:55:15 - [MESSAGE][PASSED] - Text 'UDF3' is present on page  using regular expression

2022-06-02 17:55:15 - [TEST_STEP][PASSED] - verifyTextPresent("UDF4", true): Text 'UDF4' is present on page  using regular expression

2022-06-02 17:55:16 - [MESSAGE][PASSED] - Text 'UDF4' is present on page  using regular expression

2022-06-02 17:55:16 - [TEST_STEP][PASSED] - verifyTextPresent("UDF5", true): Text 'UDF5' is present on page  using regular expression

2022-06-02 17:55:16 - [MESSAGE][PASSED] - Text 'UDF5' is present on page  using regular expression

2022-06-02 17:55:16 - [TEST_STEP][PASSED] - verifyTextPresent("UDF6", true): Text 'UDF6' is present on page  using regular expression

2022-06-02 17:55:16 - [MESSAGE][PASSED] - Text 'UDF6' is present on page  using regular expression

2022-06-02 17:55:16 - [TEST_STEP][PASSED] - verifyTextPresent("UDF7", true): Text 'UDF7' is present on page  using regular expression

2022-06-02 17:55:17 - [MESSAGE][PASSED] - Text 'UDF7' is present on page  using regular expression

2022-06-02 17:55:17 - [TEST_STEP][PASSED] - verifyTextPresent("UDF8", true): Text 'UDF8' is present on page  using regular expression

2022-06-02 17:55:17 - [MESSAGE][PASSED] - Text 'UDF8' is present on page  using regular expression

2022-06-02 17:55:17 - [TEST_STEP][PASSED] - verifyTextPresent("UDF9", true): Text 'UDF9' is present on page  using regular expression

2022-06-02 17:55:17 - [MESSAGE][PASSED] - Text 'UDF9' is present on page  using regular expression

2022-06-02 17:55:17 - [TEST_STEP][PASSED] - verifyTextPresent("UDF 10", true): Text 'UDF 10' is present on page  using regular expression

2022-06-02 17:55:18 - [MESSAGE][PASSED] - Text 'UDF 10' is present on page  using regular expression

2022-06-02 17:55:18 - [TEST_STEP][PASSED] - verifyTextPresent("Australia", true): Text 'Australia' is present on page  using regular expression

2022-06-02 17:55:18 - [MESSAGE][PASSED] - Text 'Australia' is present on page  using regular expression

2022-06-02 17:55:18 - [TEST_STEP][PASSED] - verifyTextPresent("Denmark", true): Text 'Denmark' is present on page  using regular expression

2022-06-02 17:55:18 - [MESSAGE][PASSED] - Text 'Denmark' is present on page  using regular expression

2022-06-02 17:55:18 - [TEST_STEP][PASSED] - verifyTextPresent("Sweden", true): Text 'Sweden' is present on page  using regular expression

2022-06-02 17:55:19 - [MESSAGE][PASSED] - Text 'Sweden' is present on page  using regular expression

2022-06-02 17:55:19 - [TEST_STEP][PASSED] - verifyTextPresent("Austria", true): Text 'Austria' is present on page  using regular expression

2022-06-02 17:55:19 - [MESSAGE][PASSED] - Text 'Austria' is present on page  using regular expression

2022-06-02 17:55:19 - [TEST_STEP][PASSED] - verifyTextPresent("Orange Recorded", true): Text 'Orange Recorded' is present on page  using regular expression

2022-06-02 17:55:19 - [MESSAGE][PASSED] - Text 'Orange Recorded' is present on page  using regular expression

2022-06-02 17:55:19 - [TEST_STEP][PASSED] - verifyTextPresent("Yellow Recorded", true): Text 'Yellow Recorded' is present on page  using regular expression

2022-06-02 17:55:20 - [MESSAGE][PASSED] - Text 'Yellow Recorded' is present on page  using regular expression

2022-06-02 17:55:20 - [TEST_STEP][PASSED] - verifyTextPresent("Norway", true): Text 'Norway' is present on page  using regular expression

2022-06-02 17:55:20 - [MESSAGE][PASSED] - Text 'Norway' is present on page  using regular expression

2022-06-02 17:55:20 - [TEST_STEP][PASSED] - verifyTextPresent("Netherlands", true): Text 'Netherlands' is present on page  using regular expression

2022-06-02 17:55:20 - [MESSAGE][PASSED] - Text 'Netherlands' is present on page  using regular expression

2022-06-02 17:55:20 - [TEST_STEP][PASSED] - verifyTextPresent("Switzerland", true): Text 'Switzerland' is present on page  using regular expression

2022-06-02 17:55:21 - [MESSAGE][PASSED] - Text 'Switzerland' is present on page  using regular expression

2022-06-02 17:55:21 - [TEST_STEP][PASSED] - verifyTextPresent("France", true): Text 'France' is present on page  using regular expression

2022-06-02 17:55:21 - [MESSAGE][PASSED] - Text 'France' is present on page  using regular expression

2022-06-02 17:55:21 - [TEST_STEP][PASSED] - verifyTextPresent("Amount", true): Text 'Amount' is present on page  using regular expression

2022-06-02 17:55:21 - [MESSAGE][PASSED] - Text 'Amount' is present on page  using regular expression

2022-06-02 17:55:21 - [TEST_STEP][PASSED] - verifyTextPresent("Total Amount", true): Text 'Total Amount' is present on page  using regular expression

2022-06-02 17:55:22 - [MESSAGE][PASSED] - Text 'Total Amount' is present on page  using regular expression

2022-06-02 17:55:22 - [TEST_STEP][PASSED] - verifyTextPresent("Transaction Type", true): Text 'Transaction Type' is present on page  using regular expression

2022-06-02 17:55:22 - [MESSAGE][PASSED] - Text 'Transaction Type' is present on page  using regular expression

2022-06-02 17:55:22 - [TEST_STEP][PASSED] - verifyTextPresent("10.50", true): Text '10.50' is present on page  using regular expression

2022-06-02 17:55:22 - [MESSAGE][PASSED] - Text '10.50' is present on page  using regular expression

2022-06-02 17:55:22 - [TEST_STEP][PASSED] - verifyTextPresent("Authorization and Capture", true): Text 'Authorization and Capture' is present on page  using regular expression

2022-06-02 17:55:23 - [MESSAGE][PASSED] - Text 'Authorization and Capture' is present on page  using regular expression

2022-06-02 17:55:23 - [TEST_STEP][PASSED] - verifyTextPresent("Card Information", true): Text 'Card Information' is present on page  using regular expression

2022-06-02 17:55:23 - [MESSAGE][PASSED] - Text 'Card Information' is present on page  using regular expression

2022-06-02 17:55:23 - [TEST_STEP][PASSED] - cardNameV = findTestData(dataFile).getValue("CardNameV", row): null

2022-06-02 17:55:23 - [TEST_STEP][PASSED] - al1V = findTestData(dataFile).getValue("AL1", row): null

2022-06-02 17:55:23 - [TEST_STEP][PASSED] - al2V = findTestData(dataFile).getValue("AL2", row): null

2022-06-02 17:55:23 - [TEST_STEP][PASSED] - zipV = findTestData(dataFile).getValue("ZIP", row): null

2022-06-02 17:55:24 - [TEST_STEP][PASSED] - cardTypeV = findTestData(dataFile).getValue("CardType", row): null

2022-06-02 17:55:24 - [TEST_STEP][PASSED] - last4V = findTestData(dataFile).getValue("Last4", row): null

2022-06-02 17:55:24 - [TEST_STEP][PASSED] - verifyTextPresent(cardNameV, true): Text 'JANAKI JAMES' is present on page  using regular expression

2022-06-02 17:55:24 - [MESSAGE][PASSED] - Text 'JANAKI JAMES' is present on page  using regular expression

2022-06-02 17:55:24 - [TEST_STEP][PASSED] - verifyTextPresent("Address Line 1", true): Text 'Address Line 1' is present on page  using regular expression

2022-06-02 17:55:24 - [MESSAGE][PASSED] - Text 'Address Line 1' is present on page  using regular expression

2022-06-02 17:55:24 - [TEST_STEP][PASSED] - verifyTextPresent("Address Line 2", true): Text 'Address Line 2' is present on page  using regular expression

2022-06-02 17:55:25 - [MESSAGE][PASSED] - Text 'Address Line 2' is present on page  using regular expression

2022-06-02 17:55:25 - [TEST_STEP][PASSED] - verifyTextPresent("Country", true): Text 'Country' is present on page  using regular expression

2022-06-02 17:55:25 - [MESSAGE][PASSED] - Text 'Country' is present on page  using regular expression

2022-06-02 17:55:25 - [TEST_STEP][PASSED] - verifyTextPresent("City", true): Text 'City' is present on page  using regular expression

2022-06-02 17:55:25 - [MESSAGE][PASSED] - Text 'City' is present on page  using regular expression

2022-06-02 17:55:25 - [TEST_STEP][PASSED] - verifyTextPresent("State", true): Text 'State' is present on page  using regular expression

2022-06-02 17:55:26 - [MESSAGE][PASSED] - Text 'State' is present on page  using regular expression

2022-06-02 17:55:26 - [TEST_STEP][PASSED] - verifyTextPresent("ZIP Code", true): Text 'ZIP Code' is present on page  using regular expression

2022-06-02 17:55:26 - [MESSAGE][PASSED] - Text 'ZIP Code' is present on page  using regular expression

2022-06-02 17:55:26 - [TEST_STEP][PASSED] - verifyTextPresent(al1V, true): Text '1478 Jhatka Palace' is present on page  using regular expression

2022-06-02 17:55:26 - [MESSAGE][PASSED] - Text '1478 Jhatka Palace' is present on page  using regular expression

2022-06-02 17:55:26 - [TEST_STEP][PASSED] - verifyTextPresent(al2V, true): Text 'Suite 500' is present on page  using regular expression

2022-06-02 17:55:27 - [MESSAGE][PASSED] - Text 'Suite 500' is present on page  using regular expression

2022-06-02 17:55:27 - [TEST_STEP][PASSED] - verifyTextPresent("United States", true): Text 'United States' is present on page  using regular expression

2022-06-02 17:55:27 - [MESSAGE][PASSED] - Text 'United States' is present on page  using regular expression

2022-06-02 17:55:27 - [TEST_STEP][PASSED] - verifyTextPresent("ARLINGTON", true): Text 'ARLINGTON' is present on page  using regular expression

2022-06-02 17:55:27 - [MESSAGE][PASSED] - Text 'ARLINGTON' is present on page  using regular expression

2022-06-02 17:55:27 - [TEST_STEP][PASSED] - verifyTextPresent("Virginia", true): Text 'Virginia' is present on page  using regular expression

2022-06-02 17:55:28 - [MESSAGE][PASSED] - Text 'Virginia' is present on page  using regular expression

2022-06-02 17:55:28 - [TEST_STEP][PASSED] - verifyTextPresent(zipV, true): Text '22201' is present on page  using regular expression

2022-06-02 17:55:28 - [MESSAGE][PASSED] - Text '22201' is present on page  using regular expression

2022-06-02 17:55:28 - [TEST_STEP][PASSED] - verifyTextPresent(cardTypeV, true): Text 'MasterCard' is present on page  using regular expression

2022-06-02 17:55:28 - [MESSAGE][PASSED] - Text 'MasterCard' is present on page  using regular expression

2022-06-02 17:55:28 - [TEST_STEP][PASSED] - verifyTextPresent(last4V, true): Text '0035' is present on page  using regular expression

2022-06-02 17:55:29 - [MESSAGE][PASSED] - Text '0035' is present on page  using regular expression

2022-06-02 17:55:29 - [TEST_STEP][PASSED] - ExecuteTC = findTestData(dataFile).getValue("Execute", row): null

2022-06-02 17:55:29 - [TEST_STEP][PASSED] - out.println("Value of Execute is : " + ExecuteTC): null

2022-06-02 17:55:29 - [TEST_STEP][PASSED] - appName = findTestData(dataFile).getValue("AppName", row): null

2022-06-02 17:55:29 - [TEST_STEP][PASSED] - appID = findTestData(dataFile).getValue("AppID", row): null

2022-06-02 17:55:29 - [TEST_STEP][PASSED] - hrefAppID = li_1 + appID + li_2: null

2022-06-02 17:55:29 - [TEST_STEP][PASSED] - if (ExecuteTC.equalsIgnoreCase("Y")): Text '2376' is present on page  using regular expression

2022-06-02 17:55:29 - [TEST_STEP][PASSED] - out.println("Begin Record Number: " + row): null

2022-06-02 17:55:29 - [TEST_STEP][PASSED] - today = new java.util.Date(): null

2022-06-02 17:55:29 - [TEST_STEP][PASSED] - println(today): null

2022-06-02 17:55:29 - [TEST_STEP][PASSED] - datText = today: null

2022-06-02 17:55:29 - [TEST_STEP][PASSED] - adminSuiteBootstrap.loginFunctionality.login_AdminSuite(): adminSuiteBootstrap.loginFunctionality.login_AdminSuite is PASSED

2022-06-02 17:55:29 - [MESSAGE][WARNING] - A browser is already opened. Closing browser and opening a new one

2022-06-02 17:55:30 - [MESSAGE][INFO] - Starting 'Chrome' driver

2022-06-02 17:55:30 - [MESSAGE][INFO] - User set preference: ['acceptInsecureCerts', 'true']

2022-06-02 17:55:30 - [MESSAGE][INFO] - Action delay is set to 0 milliseconds

2022-06-02 17:55:32 - [MESSAGE][PASSED] - Browser is opened with url: 'https://qa.velocitypayment.com/admin/imtiaz'

2022-06-02 17:55:32 - [MESSAGE][PASSED] - Current window maximized

2022-06-02 17:55:33 - [MESSAGE][PASSED] - Object 'Object Repository/Login_Page/Login_Username' is present

2022-06-02 17:55:34 - [MESSAGE][PASSED] - Text 'iahmed' is set on object 'Object Repository/Login_Page/Login_Username'

2022-06-02 17:55:34 - [MESSAGE][PASSED] - Text 'hello2222' is set on object 'Object Repository/Login_Page/Login_Password'

2022-06-02 17:55:37 - [MESSAGE][PASSED] - Object: 'Object Repository/Login_Page/Login_Submit' is clicked on

2022-06-02 17:55:37 - [MESSAGE][PASSED] - adminSuiteBootstrap.loginFunctionality.login_AdminSuite is PASSED

2022-06-02 17:55:37 - [TEST_STEP][PASSED] - click(findTestObject(path_Dashboard + "span_Payment")): Object: 'Object Repository/AdminSuiteBootstrap_Pages/Dashboard_Bootstrap/span_Payment' is clicked on

2022-06-02 17:55:38 - [MESSAGE][PASSED] - Object: 'Object Repository/AdminSuiteBootstrap_Pages/Dashboard_Bootstrap/span_Payment' is clicked on

2022-06-02 17:55:38 - [TEST_STEP][PASSED] - click(findTestObject(path_Dashboard + appName)): Object: 'Object Repository/AdminSuiteBootstrap_Pages/Dashboard_Bootstrap/a_Access AutoNoCFtp' is clicked on

2022-06-02 17:55:39 - [MESSAGE][PASSED] - Object: 'Object Repository/AdminSuiteBootstrap_Pages/Dashboard_Bootstrap/a_Access AutoNoCFtp' is clicked on

2022-06-02 17:55:39 - [TEST_STEP][PASSED] - click(findTestObject(path_VT + "button_Authorization  Capture (Sale)")): Object: 'Object Repository/AdminSuiteBootstrap_Pages/VT_Bootstrap/IssueTransactions/button_Authorization  Capture (Sale)' is clicked on

2022-06-02 17:55:40 - [MESSAGE][PASSED] - Object: 'Object Repository/AdminSuiteBootstrap_Pages/VT_Bootstrap/IssueTransactions/button_Authorization  Capture (Sale)' is clicked on

2022-06-02 17:55:40 - [TEST_STEP][PASSED] - saleKeyboardEntryLink = modifyObjectProperty(findTestObject(path_VT + "a_KeyboardEntry_Sale"), "href", "equals", hrefAppID, true): Modify property of object successfully

2022-06-02 17:55:40 - [MESSAGE][PASSED] - Modify property of object successfully

2022-06-02 17:55:40 - [TEST_STEP][PASSED] - click(saleKeyboardEntryLink): Object: 'Object Repository/AdminSuiteBootstrap_Pages/VT_Bootstrap/IssueTransactions/a_KeyboardEntry_Sale' is clicked on

2022-06-02 17:55:41 - [MESSAGE][PASSED] - Object: 'Object Repository/AdminSuiteBootstrap_Pages/VT_Bootstrap/IssueTransactions/a_KeyboardEntry_Sale' is clicked on

2022-06-02 17:55:41 - [TEST_STEP][PASSED] - adminSuiteBootstrap.virtualTerminalSetData.saleKeyboard_DataDriven(row, dataFile): adminSuiteBootstrap.virtualTerminalSetData.saleKeyboard_DataDriven is PASSED

2022-06-02 17:55:44 - [MESSAGE][PASSED] - Text 'Janaki James' is set on object 'Object Repository/AdminSuiteBootstrap_Pages/VT_Bootstrap/SaleKeyboard/input_cardName'

2022-06-02 17:55:45 - [MESSAGE][PASSED] - All options with value 'MOTO' are selected in object 'Object Repository/AdminSuiteBootstrap_Pages/VT_Bootstrap/SaleKeyboard/select_transactionCategory'  using regular expression

2022-06-02 17:55:46 - [MESSAGE][PASSED] - Execute JavaScript 'arguments[0].value ='371449635392376' ' successfully

2022-06-02 17:55:46 - [MESSAGE][PASSED] - Execute JavaScript 'arguments[0].value ='123' ' successfully

2022-06-02 17:55:47 - [MESSAGE][PASSED] - All options with value '12' are selected in object 'Object Repository/AdminSuiteBootstrap_Pages/VT_Bootstrap/SaleKeyboard/select_MM'  using regular expression

2022-06-02 17:55:48 - [MESSAGE][PASSED] - All options with value '2025' are selected in object 'Object Repository/AdminSuiteBootstrap_Pages/VT_Bootstrap/SaleKeyboard/select_YYYY'  using regular expression

2022-06-02 17:55:49 - [MESSAGE][PASSED] - Text '550 Swan Lake' is set on object 'Object Repository/AdminSuiteBootstrap_Pages/VT_Bootstrap/SaleKeyboard/input__address'

2022-06-02 17:55:50 - [MESSAGE][PASSED] - Text 'Suite 500' is set on object 'Object Repository/AdminSuiteBootstrap_Pages/VT_Bootstrap/SaleKeyboard/input__address2'

2022-06-02 17:55:50 - [MESSAGE][PASSED] - Text '22201' is set on object 'Object Repository/AdminSuiteBootstrap_Pages/VT_Bootstrap/SaleKeyboard/input__zip'

2022-06-02 17:55:51 - [MESSAGE][PASSED] - Text '' is set on object 'Object Repository/AdminSuiteBootstrap_Pages/VT_Bootstrap/SaleKeyboard/input_emailAddress'

2022-06-02 17:55:53 - [MESSAGE][PASSED] - Text '' is set on object 'Object Repository/AdminSuiteBootstrap_Pages/VT_Bootstrap/SaleKeyboard/input_smsNumber'

2022-06-02 17:55:53 - [MESSAGE][PASSED] - Text '10.50' is set on object 'Object Repository/AdminSuiteBootstrap_Pages/VT_Bootstrap/SaleKeyboard/input_amount'

2022-06-02 17:55:54 - [MESSAGE][PASSED] - Text 'Australia' is set on object 'Object Repository/AdminSuiteBootstrap_Pages/VT_Bootstrap/SaleKeyboard/input_userDefined1'

2022-06-02 17:55:55 - [MESSAGE][PASSED] - Text 'Denmark' is set on object 'Object Repository/AdminSuiteBootstrap_Pages/VT_Bootstrap/SaleKeyboard/input_userDefined2'

2022-06-02 17:55:55 - [MESSAGE][PASSED] - Text 'Sweden' is set on object 'Object Repository/AdminSuiteBootstrap_Pages/VT_Bootstrap/SaleKeyboard/input_userDefined3'

2022-06-02 17:55:56 - [MESSAGE][PASSED] - Text 'Austria' is set on object 'Object Repository/AdminSuiteBootstrap_Pages/VT_Bootstrap/SaleKeyboard/input_userDefined4'

2022-06-02 17:55:57 - [MESSAGE][PASSED] - All options with label 'Orange' are selected in object 'Object Repository/AdminSuiteBootstrap_Pages/VT_Bootstrap/SaleKeyboard/select_UDF5_DropDown'  using regular expression

2022-06-02 17:55:58 - [MESSAGE][PASSED] - All options with label 'Yellow' are selected in object 'Object Repository/AdminSuiteBootstrap_Pages/VT_Bootstrap/SaleKeyboard/select_UDF6_DropDown'  using regular expression

2022-06-02 17:55:59 - [MESSAGE][PASSED] - Text 'Norway' is set on object 'Object Repository/AdminSuiteBootstrap_Pages/VT_Bootstrap/SaleKeyboard/input_userDefined7'

2022-06-02 17:55:59 - [MESSAGE][PASSED] - Text 'Netherlands' is set on object 'Object Repository/AdminSuiteBootstrap_Pages/VT_Bootstrap/SaleKeyboard/input_userDefined8'

2022-06-02 17:56:00 - [MESSAGE][PASSED] - Text 'Switzerland' is set on object 'Object Repository/AdminSuiteBootstrap_Pages/VT_Bootstrap/SaleKeyboard/input_userDefined9'

2022-06-02 17:56:01 - [MESSAGE][PASSED] - Text 'France' is set on object 'Object Repository/AdminSuiteBootstrap_Pages/VT_Bootstrap/SaleKeyboard/input_userDefined10'

2022-06-02 17:56:02 - [MESSAGE][PASSED] - Object: 'Object Repository/AdminSuiteBootstrap_Pages/VT_Bootstrap/SaleKeyboard/button_Submit' is clicked on

2022-06-02 17:56:02 - [MESSAGE][PASSED] - adminSuiteBootstrap.virtualTerminalSetData.saleKeyboard_DataDriven is PASSED

2022-06-02 17:56:02 - [TEST_STEP][PASSED] - verifyTextPresent("Transaction Successful", true): Text 'Transaction Successful' is present on page  using regular expression

2022-06-02 17:56:03 - [MESSAGE][PASSED] - Text 'Transaction Successful' is present on page  using regular expression

2022-06-02 17:56:03 - [TEST_STEP][PASSED] - verifyElementVisible(findTestObject("Object Repository/AdminSuiteBootstrap_Pages/VT_Bootstrap/Receipt/button_Continue")): Object 'Object Repository/AdminSuiteBootstrap_Pages/VT_Bootstrap/Receipt/button_Continue' is visible

2022-06-02 17:56:03 - [MESSAGE][PASSED] - Object 'Object Repository/AdminSuiteBootstrap_Pages/VT_Bootstrap/Receipt/button_Continue' is visible

2022-06-02 17:56:03 - [TEST_STEP][PASSED] - verifyElementPresent(findTestObject("Object Repository/AdminSuiteBootstrap_Pages/VT_Bootstrap/Receipt/button_Continue"), 20): Object 'Object Repository/AdminSuiteBootstrap_Pages/VT_Bootstrap/Receipt/button_Continue' is present

2022-06-02 17:56:04 - [MESSAGE][PASSED] - Object 'Object Repository/AdminSuiteBootstrap_Pages/VT_Bootstrap/Receipt/button_Continue' is present

2022-06-02 17:56:04 - [TEST_STEP][PASSED] - verifyElementVisible(findTestObject("Object Repository/AdminSuiteBootstrap_Pages/VT_Bootstrap/Receipt/button_Print")): Object 'Object Repository/AdminSuiteBootstrap_Pages/VT_Bootstrap/Receipt/button_Print' is visible

2022-06-02 17:56:04 - [MESSAGE][PASSED] - Object 'Object Repository/AdminSuiteBootstrap_Pages/VT_Bootstrap/Receipt/button_Print' is visible

2022-06-02 17:56:04 - [TEST_STEP][PASSED] - verifyElementPresent(findTestObject("Object Repository/AdminSuiteBootstrap_Pages/VT_Bootstrap/Receipt/button_Print"), 20): Object 'Object Repository/AdminSuiteBootstrap_Pages/VT_Bootstrap/Receipt/button_Print' is present

2022-06-02 17:56:04 - [MESSAGE][PASSED] - Object 'Object Repository/AdminSuiteBootstrap_Pages/VT_Bootstrap/Receipt/button_Print' is present

2022-06-02 17:56:04 - [TEST_STEP][PASSED] - verifyTextPresent("Remittance ID", true): Text 'Remittance ID' is present on page  using regular expression

2022-06-02 17:56:04 - [MESSAGE][PASSED] - Text 'Remittance ID' is present on page  using regular expression

2022-06-02 17:56:04 - [TEST_STEP][PASSED] - verifyTextPresent("Received", true): Text 'Received' is present on page  using regular expression

2022-06-02 17:56:05 - [MESSAGE][PASSED] - Text 'Received' is present on page  using regular expression

2022-06-02 17:56:05 - [TEST_STEP][PASSED] - verifyTextPresent("UDF1", true): Text 'UDF1' is present on page  using regular expression

2022-06-02 17:56:05 - [MESSAGE][PASSED] - Text 'UDF1' is present on page  using regular expression

2022-06-02 17:56:05 - [TEST_STEP][PASSED] - verifyTextPresent("UDF2", true): Text 'UDF2' is present on page  using regular expression

2022-06-02 17:56:05 - [MESSAGE][PASSED] - Text 'UDF2' is present on page  using regular expression

2022-06-02 17:56:05 - [TEST_STEP][PASSED] - verifyTextPresent("UDF3", true): Text 'UDF3' is present on page  using regular expression

2022-06-02 17:56:06 - [MESSAGE][PASSED] - Text 'UDF3' is present on page  using regular expression

2022-06-02 17:56:06 - [TEST_STEP][PASSED] - verifyTextPresent("UDF4", true): Text 'UDF4' is present on page  using regular expression

2022-06-02 17:56:06 - [MESSAGE][PASSED] - Text 'UDF4' is present on page  using regular expression

2022-06-02 17:56:06 - [TEST_STEP][PASSED] - verifyTextPresent("UDF5", true): Text 'UDF5' is present on page  using regular expression

2022-06-02 17:56:07 - [MESSAGE][PASSED] - Text 'UDF5' is present on page  using regular expression

2022-06-02 17:56:07 - [TEST_STEP][PASSED] - verifyTextPresent("UDF6", true): Text 'UDF6' is present on page  using regular expression

2022-06-02 17:56:07 - [MESSAGE][PASSED] - Text 'UDF6' is present on page  using regular expression

2022-06-02 17:56:07 - [TEST_STEP][PASSED] - verifyTextPresent("UDF7", true): Text 'UDF7' is present on page  using regular expression

2022-06-02 17:56:07 - [MESSAGE][PASSED] - Text 'UDF7' is present on page  using regular expression

2022-06-02 17:56:07 - [TEST_STEP][PASSED] - verifyTextPresent("UDF8", true): Text 'UDF8' is present on page  using regular expression

2022-06-02 17:56:08 - [MESSAGE][PASSED] - Text 'UDF8' is present on page  using regular expression

2022-06-02 17:56:08 - [TEST_STEP][PASSED] - verifyTextPresent("UDF9", true): Text 'UDF9' is present on page  using regular expression

2022-06-02 17:56:08 - [MESSAGE][PASSED] - Text 'UDF9' is present on page  using regular expression

2022-06-02 17:56:08 - [TEST_STEP][PASSED] - verifyTextPresent("UDF 10", true): Text 'UDF 10' is present on page  using regular expression

2022-06-02 17:56:08 - [MESSAGE][PASSED] - Text 'UDF 10' is present on page  using regular expression

2022-06-02 17:56:08 - [TEST_STEP][PASSED] - verifyTextPresent("Australia", true): Text 'Australia' is present on page  using regular expression

2022-06-02 17:56:09 - [MESSAGE][PASSED] - Text 'Australia' is present on page  using regular expression

2022-06-02 17:56:09 - [TEST_STEP][PASSED] - verifyTextPresent("Denmark", true): Text 'Denmark' is present on page  using regular expression

2022-06-02 17:56:09 - [MESSAGE][PASSED] - Text 'Denmark' is present on page  using regular expression

2022-06-02 17:56:09 - [TEST_STEP][PASSED] - verifyTextPresent("Sweden", true): Text 'Sweden' is present on page  using regular expression

2022-06-02 17:56:09 - [MESSAGE][PASSED] - Text 'Sweden' is present on page  using regular expression

2022-06-02 17:56:09 - [TEST_STEP][PASSED] - verifyTextPresent("Austria", true): Text 'Austria' is present on page  using regular expression

2022-06-02 17:56:10 - [MESSAGE][PASSED] - Text 'Austria' is present on page  using regular expression

2022-06-02 17:56:10 - [TEST_STEP][PASSED] - verifyTextPresent("Orange Recorded", true): Text 'Orange Recorded' is present on page  using regular expression

2022-06-02 17:56:10 - [MESSAGE][PASSED] - Text 'Orange Recorded' is present on page  using regular expression

2022-06-02 17:56:10 - [TEST_STEP][PASSED] - verifyTextPresent("Yellow Recorded", true): Text 'Yellow Recorded' is present on page  using regular expression

2022-06-02 17:56:10 - [MESSAGE][PASSED] - Text 'Yellow Recorded' is present on page  using regular expression

2022-06-02 17:56:10 - [TEST_STEP][PASSED] - verifyTextPresent("Norway", true): Text 'Norway' is present on page  using regular expression

2022-06-02 17:56:11 - [MESSAGE][PASSED] - Text 'Norway' is present on page  using regular expression

2022-06-02 17:56:11 - [TEST_STEP][PASSED] - verifyTextPresent("Netherlands", true): Text 'Netherlands' is present on page  using regular expression

2022-06-02 17:56:11 - [MESSAGE][PASSED] - Text 'Netherlands' is present on page  using regular expression

2022-06-02 17:56:11 - [TEST_STEP][PASSED] - verifyTextPresent("Switzerland", true): Text 'Switzerland' is present on page  using regular expression

2022-06-02 17:56:11 - [MESSAGE][PASSED] - Text 'Switzerland' is present on page  using regular expression

2022-06-02 17:56:11 - [TEST_STEP][PASSED] - verifyTextPresent("France", true): Text 'France' is present on page  using regular expression

2022-06-02 17:56:12 - [MESSAGE][PASSED] - Text 'France' is present on page  using regular expression

2022-06-02 17:56:12 - [TEST_STEP][PASSED] - verifyTextPresent("Amount", true): Text 'Amount' is present on page  using regular expression

2022-06-02 17:56:12 - [MESSAGE][PASSED] - Text 'Amount' is present on page  using regular expression

2022-06-02 17:56:12 - [TEST_STEP][PASSED] - verifyTextPresent("Total Amount", true): Text 'Total Amount' is present on page  using regular expression

2022-06-02 17:56:12 - [MESSAGE][PASSED] - Text 'Total Amount' is present on page  using regular expression

2022-06-02 17:56:12 - [TEST_STEP][PASSED] - verifyTextPresent("Transaction Type", true): Text 'Transaction Type' is present on page  using regular expression

2022-06-02 17:56:12 - [MESSAGE][PASSED] - Text 'Transaction Type' is present on page  using regular expression

2022-06-02 17:56:12 - [TEST_STEP][PASSED] - verifyTextPresent("10.50", true): Text '10.50' is present on page  using regular expression

2022-06-02 17:56:13 - [MESSAGE][PASSED] - Text '10.50' is present on page  using regular expression

2022-06-02 17:56:13 - [TEST_STEP][PASSED] - verifyTextPresent("Authorization and Capture", true): Text 'Authorization and Capture' is present on page  using regular expression

2022-06-02 17:56:13 - [MESSAGE][PASSED] - Text 'Authorization and Capture' is present on page  using regular expression

2022-06-02 17:56:13 - [TEST_STEP][PASSED] - verifyTextPresent("Card Information", true): Text 'Card Information' is present on page  using regular expression

2022-06-02 17:56:13 - [MESSAGE][PASSED] - Text 'Card Information' is present on page  using regular expression

2022-06-02 17:56:13 - [TEST_STEP][PASSED] - cardNameV = findTestData(dataFile).getValue("CardNameV", row): null

2022-06-02 17:56:14 - [TEST_STEP][PASSED] - al1V = findTestData(dataFile).getValue("AL1", row): null

2022-06-02 17:56:14 - [TEST_STEP][PASSED] - al2V = findTestData(dataFile).getValue("AL2", row): null

2022-06-02 17:56:14 - [TEST_STEP][PASSED] - zipV = findTestData(dataFile).getValue("ZIP", row): null

2022-06-02 17:56:14 - [TEST_STEP][PASSED] - cardTypeV = findTestData(dataFile).getValue("CardType", row): null

2022-06-02 17:56:14 - [TEST_STEP][PASSED] - last4V = findTestData(dataFile).getValue("Last4", row): null

2022-06-02 17:56:14 - [TEST_STEP][PASSED] - verifyTextPresent(cardNameV, true): Text 'JANAKI JAMES' is present on page  using regular expression

2022-06-02 17:56:14 - [MESSAGE][PASSED] - Text 'JANAKI JAMES' is present on page  using regular expression

2022-06-02 17:56:14 - [TEST_STEP][PASSED] - verifyTextPresent("Address Line 1", true): Text 'Address Line 1' is present on page  using regular expression

2022-06-02 17:56:15 - [MESSAGE][PASSED] - Text 'Address Line 1' is present on page  using regular expression

2022-06-02 17:56:15 - [TEST_STEP][PASSED] - verifyTextPresent("Address Line 2", true): Text 'Address Line 2' is present on page  using regular expression

2022-06-02 17:56:15 - [MESSAGE][PASSED] - Text 'Address Line 2' is present on page  using regular expression

2022-06-02 17:56:15 - [TEST_STEP][PASSED] - verifyTextPresent("Country", true): Text 'Country' is present on page  using regular expression

2022-06-02 17:56:15 - [MESSAGE][PASSED] - Text 'Country' is present on page  using regular expression

2022-06-02 17:56:15 - [TEST_STEP][PASSED] - verifyTextPresent("City", true): Text 'City' is present on page  using regular expression

2022-06-02 17:56:16 - [MESSAGE][PASSED] - Text 'City' is present on page  using regular expression

2022-06-02 17:56:16 - [TEST_STEP][PASSED] - verifyTextPresent("State", true): Text 'State' is present on page  using regular expression

2022-06-02 17:56:16 - [MESSAGE][PASSED] - Text 'State' is present on page  using regular expression

2022-06-02 17:56:16 - [TEST_STEP][PASSED] - verifyTextPresent("ZIP Code", true): Text 'ZIP Code' is present on page  using regular expression

2022-06-02 17:56:16 - [MESSAGE][PASSED] - Text 'ZIP Code' is present on page  using regular expression

2022-06-02 17:56:16 - [TEST_STEP][PASSED] - verifyTextPresent(al1V, true): Text '550 Swan Lake' is present on page  using regular expression

2022-06-02 17:56:17 - [MESSAGE][PASSED] - Text '550 Swan Lake' is present on page  using regular expression

2022-06-02 17:56:17 - [TEST_STEP][PASSED] - verifyTextPresent(al2V, true): Text 'Suite 500' is present on page  using regular expression

2022-06-02 17:56:17 - [MESSAGE][PASSED] - Text 'Suite 500' is present on page  using regular expression

2022-06-02 17:56:17 - [TEST_STEP][PASSED] - verifyTextPresent("United States", true): Text 'United States' is present on page  using regular expression

2022-06-02 17:56:17 - [MESSAGE][PASSED] - Text 'United States' is present on page  using regular expression

2022-06-02 17:56:17 - [TEST_STEP][PASSED] - verifyTextPresent("ARLINGTON", true): Text 'ARLINGTON' is present on page  using regular expression

2022-06-02 17:56:18 - [MESSAGE][PASSED] - Text 'ARLINGTON' is present on page  using regular expression

2022-06-02 17:56:18 - [TEST_STEP][PASSED] - verifyTextPresent("Virginia", true): Text 'Virginia' is present on page  using regular expression

2022-06-02 17:56:18 - [MESSAGE][PASSED] - Text 'Virginia' is present on page  using regular expression

2022-06-02 17:56:18 - [TEST_STEP][PASSED] - verifyTextPresent(zipV, true): Text '22201' is present on page  using regular expression

2022-06-02 17:56:18 - [MESSAGE][PASSED] - Text '22201' is present on page  using regular expression

2022-06-02 17:56:18 - [TEST_STEP][PASSED] - verifyTextPresent(cardTypeV, true): Text 'American Express' is present on page  using regular expression

2022-06-02 17:56:19 - [MESSAGE][PASSED] - Text 'American Express' is present on page  using regular expression

2022-06-02 17:56:19 - [TEST_STEP][PASSED] - verifyTextPresent(last4V, true): Text '2376' is present on page  using regular expression

2022-06-02 17:56:19 - [MESSAGE][PASSED] - Text '2376' is present on page  using regular expression

2022-06-02 17:56:19 - [TEST_STEP][PASSED] - ExecuteTC = findTestData(dataFile).getValue("Execute", row): null

2022-06-02 17:56:19 - [TEST_STEP][PASSED] - out.println("Value of Execute is : " + ExecuteTC): null

2022-06-02 17:56:19 - [TEST_STEP][PASSED] - appName = findTestData(dataFile).getValue("AppName", row): null

2022-06-02 17:56:19 - [TEST_STEP][PASSED] - appID = findTestData(dataFile).getValue("AppID", row): null

2022-06-02 17:56:19 - [TEST_STEP][PASSED] - hrefAppID = li_1 + appID + li_2: null

2022-06-02 17:56:19 - [TEST_STEP][PASSED] - if (ExecuteTC.equalsIgnoreCase("Y")): Text '6909' is present on page  using regular expression

2022-06-02 17:56:19 - [TEST_STEP][PASSED] - out.println("Begin Record Number: " + row): null

2022-06-02 17:56:19 - [TEST_STEP][PASSED] - today = new java.util.Date(): null

2022-06-02 17:56:19 - [TEST_STEP][PASSED] - println(today): null

2022-06-02 17:56:19 - [TEST_STEP][PASSED] - datText = today: null

2022-06-02 17:56:19 - [TEST_STEP][PASSED] - adminSuiteBootstrap.loginFunctionality.login_AdminSuite(): adminSuiteBootstrap.loginFunctionality.login_AdminSuite is PASSED

2022-06-02 17:56:19 - [MESSAGE][WARNING] - A browser is already opened. Closing browser and opening a new one

2022-06-02 17:56:20 - [MESSAGE][INFO] - Starting 'Chrome' driver

2022-06-02 17:56:20 - [MESSAGE][INFO] - User set preference: ['acceptInsecureCerts', 'true']

2022-06-02 17:56:20 - [MESSAGE][INFO] - Action delay is set to 0 milliseconds

2022-06-02 17:56:22 - [MESSAGE][PASSED] - Browser is opened with url: 'https://qa.velocitypayment.com/admin/imtiaz'

2022-06-02 17:56:23 - [MESSAGE][PASSED] - Current window maximized

2022-06-02 17:56:23 - [MESSAGE][PASSED] - Object 'Object Repository/Login_Page/Login_Username' is present

2022-06-02 17:56:24 - [MESSAGE][PASSED] - Text 'iahmed' is set on object 'Object Repository/Login_Page/Login_Username'

2022-06-02 17:56:24 - [MESSAGE][PASSED] - Text 'hello2222' is set on object 'Object Repository/Login_Page/Login_Password'

2022-06-02 17:56:27 - [MESSAGE][PASSED] - Object: 'Object Repository/Login_Page/Login_Submit' is clicked on

2022-06-02 17:56:27 - [MESSAGE][PASSED] - adminSuiteBootstrap.loginFunctionality.login_AdminSuite is PASSED

2022-06-02 17:56:27 - [TEST_STEP][PASSED] - click(findTestObject(path_Dashboard + "span_Payment")): Object: 'Object Repository/AdminSuiteBootstrap_Pages/Dashboard_Bootstrap/span_Payment' is clicked on

2022-06-02 17:56:28 - [MESSAGE][PASSED] - Object: 'Object Repository/AdminSuiteBootstrap_Pages/Dashboard_Bootstrap/span_Payment' is clicked on

2022-06-02 17:56:28 - [TEST_STEP][PASSED] - click(findTestObject(path_Dashboard + appName)): Object: 'Object Repository/AdminSuiteBootstrap_Pages/Dashboard_Bootstrap/a_Access AutoNoCFtp' is clicked on

2022-06-02 17:56:30 - [MESSAGE][PASSED] - Object: 'Object Repository/AdminSuiteBootstrap_Pages/Dashboard_Bootstrap/a_Access AutoNoCFtp' is clicked on

2022-06-02 17:56:30 - [TEST_STEP][PASSED] - click(findTestObject(path_VT + "button_Authorization  Capture (Sale)")): Object: 'Object Repository/AdminSuiteBootstrap_Pages/VT_Bootstrap/IssueTransactions/button_Authorization  Capture (Sale)' is clicked on

2022-06-02 17:56:30 - [MESSAGE][PASSED] - Object: 'Object Repository/AdminSuiteBootstrap_Pages/VT_Bootstrap/IssueTransactions/button_Authorization  Capture (Sale)' is clicked on

2022-06-02 17:56:30 - [TEST_STEP][PASSED] - saleKeyboardEntryLink = modifyObjectProperty(findTestObject(path_VT + "a_KeyboardEntry_Sale"), "href", "equals", hrefAppID, true): Modify property of object successfully

2022-06-02 17:56:31 - [MESSAGE][PASSED] - Modify property of object successfully

2022-06-02 17:56:31 - [TEST_STEP][PASSED] - click(saleKeyboardEntryLink): Object: 'Object Repository/AdminSuiteBootstrap_Pages/VT_Bootstrap/IssueTransactions/a_KeyboardEntry_Sale' is clicked on

2022-06-02 17:56:32 - [MESSAGE][PASSED] - Object: 'Object Repository/AdminSuiteBootstrap_Pages/VT_Bootstrap/IssueTransactions/a_KeyboardEntry_Sale' is clicked on

2022-06-02 17:56:32 - [TEST_STEP][PASSED] - adminSuiteBootstrap.virtualTerminalSetData.saleKeyboard_DataDriven(row, dataFile): adminSuiteBootstrap.virtualTerminalSetData.saleKeyboard_DataDriven is PASSED

2022-06-02 17:56:35 - [MESSAGE][PASSED] - Text 'Janaki James' is set on object 'Object Repository/AdminSuiteBootstrap_Pages/VT_Bootstrap/SaleKeyboard/input_cardName'

2022-06-02 17:56:36 - [MESSAGE][PASSED] - All options with value 'MOTO' are selected in object 'Object Repository/AdminSuiteBootstrap_Pages/VT_Bootstrap/SaleKeyboard/select_transactionCategory'  using regular expression

2022-06-02 17:56:37 - [MESSAGE][PASSED] - Execute JavaScript 'arguments[0].value ='6011000993026909' ' successfully

2022-06-02 17:56:37 - [MESSAGE][PASSED] - Execute JavaScript 'arguments[0].value ='123' ' successfully

2022-06-02 17:56:38 - [MESSAGE][PASSED] - All options with value '12' are selected in object 'Object Repository/AdminSuiteBootstrap_Pages/VT_Bootstrap/SaleKeyboard/select_MM'  using regular expression

2022-06-02 17:56:39 - [MESSAGE][PASSED] - All options with value '2025' are selected in object 'Object Repository/AdminSuiteBootstrap_Pages/VT_Bootstrap/SaleKeyboard/select_YYYY'  using regular expression

2022-06-02 17:56:40 - [MESSAGE][PASSED] - Text '25987 Hill Top' is set on object 'Object Repository/AdminSuiteBootstrap_Pages/VT_Bootstrap/SaleKeyboard/input__address'

2022-06-02 17:56:40 - [MESSAGE][PASSED] - Text 'Suite 500' is set on object 'Object Repository/AdminSuiteBootstrap_Pages/VT_Bootstrap/SaleKeyboard/input__address2'

2022-06-02 17:56:41 - [MESSAGE][PASSED] - Text '22201' is set on object 'Object Repository/AdminSuiteBootstrap_Pages/VT_Bootstrap/SaleKeyboard/input__zip'

2022-06-02 17:56:42 - [MESSAGE][PASSED] - Text '' is set on object 'Object Repository/AdminSuiteBootstrap_Pages/VT_Bootstrap/SaleKeyboard/input_emailAddress'

2022-06-02 17:56:43 - [MESSAGE][PASSED] - Text '' is set on object 'Object Repository/AdminSuiteBootstrap_Pages/VT_Bootstrap/SaleKeyboard/input_smsNumber'

2022-06-02 17:56:44 - [MESSAGE][PASSED] - Text '10.50' is set on object 'Object Repository/AdminSuiteBootstrap_Pages/VT_Bootstrap/SaleKeyboard/input_amount'

2022-06-02 17:56:44 - [MESSAGE][PASSED] - Text 'Australia' is set on object 'Object Repository/AdminSuiteBootstrap_Pages/VT_Bootstrap/SaleKeyboard/input_userDefined1'

2022-06-02 17:56:45 - [MESSAGE][PASSED] - Text 'Denmark' is set on object 'Object Repository/AdminSuiteBootstrap_Pages/VT_Bootstrap/SaleKeyboard/input_userDefined2'

2022-06-02 17:56:46 - [MESSAGE][PASSED] - Text 'Sweden' is set on object 'Object Repository/AdminSuiteBootstrap_Pages/VT_Bootstrap/SaleKeyboard/input_userDefined3'

2022-06-02 17:56:46 - [MESSAGE][PASSED] - Text 'Austria' is set on object 'Object Repository/AdminSuiteBootstrap_Pages/VT_Bootstrap/SaleKeyboard/input_userDefined4'

2022-06-02 17:56:47 - [MESSAGE][PASSED] - All options with label 'Orange' are selected in object 'Object Repository/AdminSuiteBootstrap_Pages/VT_Bootstrap/SaleKeyboard/select_UDF5_DropDown'  using regular expression

2022-06-02 17:56:48 - [MESSAGE][PASSED] - All options with label 'Yellow' are selected in object 'Object Repository/AdminSuiteBootstrap_Pages/VT_Bootstrap/SaleKeyboard/select_UDF6_DropDown'  using regular expression

2022-06-02 17:56:49 - [MESSAGE][PASSED] - Text 'Norway' is set on object 'Object Repository/AdminSuiteBootstrap_Pages/VT_Bootstrap/SaleKeyboard/input_userDefined7'

2022-06-02 17:56:50 - [MESSAGE][PASSED] - Text 'Netherlands' is set on object 'Object Repository/AdminSuiteBootstrap_Pages/VT_Bootstrap/SaleKeyboard/input_userDefined8'

2022-06-02 17:56:50 - [MESSAGE][PASSED] - Text 'Switzerland' is set on object 'Object Repository/AdminSuiteBootstrap_Pages/VT_Bootstrap/SaleKeyboard/input_userDefined9'

2022-06-02 17:56:51 - [MESSAGE][PASSED] - Text 'France' is set on object 'Object Repository/AdminSuiteBootstrap_Pages/VT_Bootstrap/SaleKeyboard/input_userDefined10'

2022-06-02 17:56:53 - [MESSAGE][PASSED] - Object: 'Object Repository/AdminSuiteBootstrap_Pages/VT_Bootstrap/SaleKeyboard/button_Submit' is clicked on

2022-06-02 17:56:53 - [MESSAGE][PASSED] - adminSuiteBootstrap.virtualTerminalSetData.saleKeyboard_DataDriven is PASSED

2022-06-02 17:56:53 - [TEST_STEP][PASSED] - verifyTextPresent("Transaction Successful", true): Text 'Transaction Successful' is present on page  using regular expression

2022-06-02 17:56:53 - [MESSAGE][PASSED] - Text 'Transaction Successful' is present on page  using regular expression

2022-06-02 17:56:53 - [TEST_STEP][PASSED] - verifyElementVisible(findTestObject("Object Repository/AdminSuiteBootstrap_Pages/VT_Bootstrap/Receipt/button_Continue")): Object 'Object Repository/AdminSuiteBootstrap_Pages/VT_Bootstrap/Receipt/button_Continue' is visible

2022-06-02 17:56:54 - [MESSAGE][PASSED] - Object 'Object Repository/AdminSuiteBootstrap_Pages/VT_Bootstrap/Receipt/button_Continue' is visible

2022-06-02 17:56:54 - [TEST_STEP][PASSED] - verifyElementPresent(findTestObject("Object Repository/AdminSuiteBootstrap_Pages/VT_Bootstrap/Receipt/button_Continue"), 20): Object 'Object Repository/AdminSuiteBootstrap_Pages/VT_Bootstrap/Receipt/button_Continue' is present

2022-06-02 17:56:54 - [MESSAGE][PASSED] - Object 'Object Repository/AdminSuiteBootstrap_Pages/VT_Bootstrap/Receipt/button_Continue' is present

2022-06-02 17:56:54 - [TEST_STEP][PASSED] - verifyElementVisible(findTestObject("Object Repository/AdminSuiteBootstrap_Pages/VT_Bootstrap/Receipt/button_Print")): Object 'Object Repository/AdminSuiteBootstrap_Pages/VT_Bootstrap/Receipt/button_Print' is visible

2022-06-02 17:56:54 - [MESSAGE][PASSED] - Object 'Object Repository/AdminSuiteBootstrap_Pages/VT_Bootstrap/Receipt/button_Print' is visible

2022-06-02 17:56:54 - [TEST_STEP][PASSED] - verifyElementPresent(findTestObject("Object Repository/AdminSuiteBootstrap_Pages/VT_Bootstrap/Receipt/button_Print"), 20): Object 'Object Repository/AdminSuiteBootstrap_Pages/VT_Bootstrap/Receipt/button_Print' is present

2022-06-02 17:56:54 - [MESSAGE][PASSED] - Object 'Object Repository/AdminSuiteBootstrap_Pages/VT_Bootstrap/Receipt/button_Print' is present

2022-06-02 17:56:54 - [TEST_STEP][PASSED] - verifyTextPresent("Remittance ID", true): Text 'Remittance ID' is present on page  using regular expression

2022-06-02 17:56:55 - [MESSAGE][PASSED] - Text 'Remittance ID' is present on page  using regular expression

2022-06-02 17:56:55 - [TEST_STEP][PASSED] - verifyTextPresent("Received", true): Text 'Received' is present on page  using regular expression

2022-06-02 17:56:55 - [MESSAGE][PASSED] - Text 'Received' is present on page  using regular expression

2022-06-02 17:56:55 - [TEST_STEP][PASSED] - verifyTextPresent("UDF1", true): Text 'UDF1' is present on page  using regular expression

2022-06-02 17:56:55 - [MESSAGE][PASSED] - Text 'UDF1' is present on page  using regular expression

2022-06-02 17:56:55 - [TEST_STEP][PASSED] - verifyTextPresent("UDF2", true): Text 'UDF2' is present on page  using regular expression

2022-06-02 17:56:56 - [MESSAGE][PASSED] - Text 'UDF2' is present on page  using regular expression

2022-06-02 17:56:56 - [TEST_STEP][PASSED] - verifyTextPresent("UDF3", true): Text 'UDF3' is present on page  using regular expression

2022-06-02 17:56:56 - [MESSAGE][PASSED] - Text 'UDF3' is present on page  using regular expression

2022-06-02 17:56:56 - [TEST_STEP][PASSED] - verifyTextPresent("UDF4", true): Text 'UDF4' is present on page  using regular expression

2022-06-02 17:56:56 - [MESSAGE][PASSED] - Text 'UDF4' is present on page  using regular expression

2022-06-02 17:56:56 - [TEST_STEP][PASSED] - verifyTextPresent("UDF5", true): Text 'UDF5' is present on page  using regular expression

2022-06-02 17:56:57 - [MESSAGE][PASSED] - Text 'UDF5' is present on page  using regular expression

2022-06-02 17:56:57 - [TEST_STEP][PASSED] - verifyTextPresent("UDF6", true): Text 'UDF6' is present on page  using regular expression

2022-06-02 17:56:57 - [MESSAGE][PASSED] - Text 'UDF6' is present on page  using regular expression

2022-06-02 17:56:57 - [TEST_STEP][PASSED] - verifyTextPresent("UDF7", true): Text 'UDF7' is present on page  using regular expression

2022-06-02 17:56:57 - [MESSAGE][PASSED] - Text 'UDF7' is present on page  using regular expression

2022-06-02 17:56:57 - [TEST_STEP][PASSED] - verifyTextPresent("UDF8", true): Text 'UDF8' is present on page  using regular expression

2022-06-02 17:56:58 - [MESSAGE][PASSED] - Text 'UDF8' is present on page  using regular expression

2022-06-02 17:56:58 - [TEST_STEP][PASSED] - verifyTextPresent("UDF9", true): Text 'UDF9' is present on page  using regular expression

2022-06-02 17:56:58 - [MESSAGE][PASSED] - Text 'UDF9' is present on page  using regular expression

2022-06-02 17:56:58 - [TEST_STEP][PASSED] - verifyTextPresent("UDF 10", true): Text 'UDF 10' is present on page  using regular expression

2022-06-02 17:56:58 - [MESSAGE][PASSED] - Text 'UDF 10' is present on page  using regular expression

2022-06-02 17:56:58 - [TEST_STEP][PASSED] - verifyTextPresent("Australia", true): Text 'Australia' is present on page  using regular expression

2022-06-02 17:56:59 - [MESSAGE][PASSED] - Text 'Australia' is present on page  using regular expression

2022-06-02 17:56:59 - [TEST_STEP][PASSED] - verifyTextPresent("Denmark", true): Text 'Denmark' is present on page  using regular expression

2022-06-02 17:56:59 - [MESSAGE][PASSED] - Text 'Denmark' is present on page  using regular expression

2022-06-02 17:56:59 - [TEST_STEP][PASSED] - verifyTextPresent("Sweden", true): Text 'Sweden' is present on page  using regular expression

2022-06-02 17:56:59 - [MESSAGE][PASSED] - Text 'Sweden' is present on page  using regular expression

2022-06-02 17:56:59 - [TEST_STEP][PASSED] - verifyTextPresent("Austria", true): Text 'Austria' is present on page  using regular expression

2022-06-02 17:57:00 - [MESSAGE][PASSED] - Text 'Austria' is present on page  using regular expression

2022-06-02 17:57:00 - [TEST_STEP][PASSED] - verifyTextPresent("Orange Recorded", true): Text 'Orange Recorded' is present on page  using regular expression

2022-06-02 17:57:00 - [MESSAGE][PASSED] - Text 'Orange Recorded' is present on page  using regular expression

2022-06-02 17:57:00 - [TEST_STEP][PASSED] - verifyTextPresent("Yellow Recorded", true): Text 'Yellow Recorded' is present on page  using regular expression

2022-06-02 17:57:00 - [MESSAGE][PASSED] - Text 'Yellow Recorded' is present on page  using regular expression

2022-06-02 17:57:00 - [TEST_STEP][PASSED] - verifyTextPresent("Norway", true): Text 'Norway' is present on page  using regular expression

2022-06-02 17:57:01 - [MESSAGE][PASSED] - Text 'Norway' is present on page  using regular expression

2022-06-02 17:57:01 - [TEST_STEP][PASSED] - verifyTextPresent("Netherlands", true): Text 'Netherlands' is present on page  using regular expression

2022-06-02 17:57:01 - [MESSAGE][PASSED] - Text 'Netherlands' is present on page  using regular expression

2022-06-02 17:57:01 - [TEST_STEP][PASSED] - verifyTextPresent("Switzerland", true): Text 'Switzerland' is present on page  using regular expression

2022-06-02 17:57:01 - [MESSAGE][PASSED] - Text 'Switzerland' is present on page  using regular expression

2022-06-02 17:57:01 - [TEST_STEP][PASSED] - verifyTextPresent("France", true): Text 'France' is present on page  using regular expression

2022-06-02 17:57:02 - [MESSAGE][PASSED] - Text 'France' is present on page  using regular expression

2022-06-02 17:57:02 - [TEST_STEP][PASSED] - verifyTextPresent("Amount", true): Text 'Amount' is present on page  using regular expression

2022-06-02 17:57:02 - [MESSAGE][PASSED] - Text 'Amount' is present on page  using regular expression

2022-06-02 17:57:02 - [TEST_STEP][PASSED] - verifyTextPresent("Total Amount", true): Text 'Total Amount' is present on page  using regular expression

2022-06-02 17:57:02 - [MESSAGE][PASSED] - Text 'Total Amount' is present on page  using regular expression

2022-06-02 17:57:02 - [TEST_STEP][PASSED] - verifyTextPresent("Transaction Type", true): Text 'Transaction Type' is present on page  using regular expression

2022-06-02 17:57:03 - [MESSAGE][PASSED] - Text 'Transaction Type' is present on page  using regular expression

2022-06-02 17:57:03 - [TEST_STEP][PASSED] - verifyTextPresent("10.50", true): Text '10.50' is present on page  using regular expression

2022-06-02 17:57:03 - [MESSAGE][PASSED] - Text '10.50' is present on page  using regular expression

2022-06-02 17:57:03 - [TEST_STEP][PASSED] - verifyTextPresent("Authorization and Capture", true): Text 'Authorization and Capture' is present on page  using regular expression

2022-06-02 17:57:03 - [MESSAGE][PASSED] - Text 'Authorization and Capture' is present on page  using regular expression

2022-06-02 17:57:03 - [TEST_STEP][PASSED] - verifyTextPresent("Card Information", true): Text 'Card Information' is present on page  using regular expression

2022-06-02 17:57:04 - [MESSAGE][PASSED] - Text 'Card Information' is present on page  using regular expression

2022-06-02 17:57:04 - [TEST_STEP][PASSED] - cardNameV = findTestData(dataFile).getValue("CardNameV", row): null

2022-06-02 17:57:04 - [TEST_STEP][PASSED] - al1V = findTestData(dataFile).getValue("AL1", row): null

2022-06-02 17:57:04 - [TEST_STEP][PASSED] - al2V = findTestData(dataFile).getValue("AL2", row): null

2022-06-02 17:57:04 - [TEST_STEP][PASSED] - zipV = findTestData(dataFile).getValue("ZIP", row): null

2022-06-02 17:57:04 - [TEST_STEP][PASSED] - cardTypeV = findTestData(dataFile).getValue("CardType", row): null

2022-06-02 17:57:04 - [TEST_STEP][PASSED] - last4V = findTestData(dataFile).getValue("Last4", row): null

2022-06-02 17:57:04 - [TEST_STEP][PASSED] - verifyTextPresent(cardNameV, true): Text 'JANAKI JAMES' is present on page  using regular expression

2022-06-02 17:57:04 - [MESSAGE][PASSED] - Text 'JANAKI JAMES' is present on page  using regular expression

2022-06-02 17:57:04 - [TEST_STEP][PASSED] - verifyTextPresent("Address Line 1", true): Text 'Address Line 1' is present on page  using regular expression

2022-06-02 17:57:05 - [MESSAGE][PASSED] - Text 'Address Line 1' is present on page  using regular expression

2022-06-02 17:57:05 - [TEST_STEP][PASSED] - verifyTextPresent("Address Line 2", true): Text 'Address Line 2' is present on page  using regular expression

2022-06-02 17:57:05 - [MESSAGE][PASSED] - Text 'Address Line 2' is present on page  using regular expression

2022-06-02 17:57:05 - [TEST_STEP][PASSED] - verifyTextPresent("Country", true): Text 'Country' is present on page  using regular expression

2022-06-02 17:57:05 - [MESSAGE][PASSED] - Text 'Country' is present on page  using regular expression

2022-06-02 17:57:05 - [TEST_STEP][PASSED] - verifyTextPresent("City", true): Text 'City' is present on page  using regular expression

2022-06-02 17:57:06 - [MESSAGE][PASSED] - Text 'City' is present on page  using regular expression

2022-06-02 17:57:06 - [TEST_STEP][PASSED] - verifyTextPresent("State", true): Text 'State' is present on page  using regular expression

2022-06-02 17:57:06 - [MESSAGE][PASSED] - Text 'State' is present on page  using regular expression

2022-06-02 17:57:06 - [TEST_STEP][PASSED] - verifyTextPresent("ZIP Code", true): Text 'ZIP Code' is present on page  using regular expression

2022-06-02 17:57:06 - [MESSAGE][PASSED] - Text 'ZIP Code' is present on page  using regular expression

2022-06-02 17:57:06 - [TEST_STEP][PASSED] - verifyTextPresent(al1V, true): Text '25987 Hill Top' is present on page  using regular expression

2022-06-02 17:57:07 - [MESSAGE][PASSED] - Text '25987 Hill Top' is present on page  using regular expression

2022-06-02 17:57:07 - [TEST_STEP][PASSED] - verifyTextPresent(al2V, true): Text 'Suite 500' is present on page  using regular expression

2022-06-02 17:57:07 - [MESSAGE][PASSED] - Text 'Suite 500' is present on page  using regular expression

2022-06-02 17:57:07 - [TEST_STEP][PASSED] - verifyTextPresent("United States", true): Text 'United States' is present on page  using regular expression

2022-06-02 17:57:07 - [MESSAGE][PASSED] - Text 'United States' is present on page  using regular expression

2022-06-02 17:57:07 - [TEST_STEP][PASSED] - verifyTextPresent("ARLINGTON", true): Text 'ARLINGTON' is present on page  using regular expression

2022-06-02 17:57:08 - [MESSAGE][PASSED] - Text 'ARLINGTON' is present on page  using regular expression

2022-06-02 17:57:08 - [TEST_STEP][PASSED] - verifyTextPresent("Virginia", true): Text 'Virginia' is present on page  using regular expression

2022-06-02 17:57:08 - [MESSAGE][PASSED] - Text 'Virginia' is present on page  using regular expression

2022-06-02 17:57:08 - [TEST_STEP][PASSED] - verifyTextPresent(zipV, true): Text '22201' is present on page  using regular expression

2022-06-02 17:57:08 - [MESSAGE][PASSED] - Text '22201' is present on page  using regular expression

2022-06-02 17:57:08 - [TEST_STEP][PASSED] - verifyTextPresent(cardTypeV, true): Text 'Discover' is present on page  using regular expression

2022-06-02 17:57:09 - [MESSAGE][PASSED] - Text 'Discover' is present on page  using regular expression

2022-06-02 17:57:09 - [TEST_STEP][PASSED] - verifyTextPresent(last4V, true): Text '6909' is present on page  using regular expression

2022-06-02 17:57:09 - [MESSAGE][PASSED] - Text '6909' is present on page  using regular expression]]></system-out>
         <system-err><![CDATA[]]></system-err>
      </testcase>
      <system-out><![CDATA[2022-06-02 17:50:21 - [TEST_SUITE][PASSED] - Temp: Test Cases/Admin Suite Bootstrap/VT-NotInTestSuite/SaleKeyboard_TP_NoCF_App742_Payment_TC]]></system-out>
      <system-err><![CDATA[]]></system-err>
   </testsuite>
</testsuites>
