<?xml version="1.0" encoding="UTF-8"?>
<testsuites name="AdminSuiteBootstrap_UI_TestSuite" time="1336.994" tests="10" failures="2" errors="0">
   <testsuite name="AdminSuiteBootstrap_UI_TestSuite" tests="10" failures="2" errors="0" time="1336.994" skipped="0" timestamp="2024-07-13 22:57:04" hostname="imtiaz - DESKTOP-B2QI6NS.govolution.com" id="Test Suites/QA/VT-Bootstrap/AdminSuiteBootstrap_UI_TestSuite">
      <properties>
         <property name="deviceName" value=""/>
         <property name="devicePlatform" value=""/>
         <property name="logFolder" value="E:\\Cloned-Project-Katalon\\VPS-Katalon\\Reports\\20240713_225657\\QA\\VT-Bootstrap\\AdminSuiteBootstrap_UI_TestSuite\\20240713_225657"/>
         <property name="logFiles" value="E:\\Cloned-Project-Katalon\\VPS-Katalon\\Reports\\20240713_225657\\QA\\VT-Bootstrap\\AdminSuiteBootstrap_UI_TestSuite\\20240713_225657\\execution0.log"/>
         <property name="attachments" value="E:\\Cloned-Project-Katalon\\VPS-Katalon\\Reports\\20240713_225657\\QA\\VT-Bootstrap\\AdminSuiteBootstrap_UI_TestSuite\\20240713_225657\\1720925967799.png"/>
         <property name="hostName" value="imtiaz - DESKTOP-B2QI6NS.govolution.com"/>
         <property name="os" value="Windows 10 64bit"/>
         <property name="katalonVersion" value="8.6.9.208"/>
         <property name="browser" value="Chrome 126.0.0.0"/>
         <property name="hostAddress" value="172.31.253.185"/>
         <property name="sessionId" value="14d081b89d56aa5be0f2d61a37a74741"/>
         <property name="seleniumVersion" value="3.141.59"/>
         <property name="proxyInformation" value="ProxyInformation { proxyOption=NO_PROXY, proxyServerType=HTTP, username=, password=********, proxyServerAddress=, proxyServerPort=0, executionList=&quot;&quot;, isApplyToDesiredCapabilities=true }"/>
         <property name="platform" value="Windows 10"/>
      </properties>
      <testcase name="Test Cases/Admin Suite Bootstrap/Dashboard_TestCases/VerifyDashboardLinks_UI_TC" time="32.525" classname="Test Cases/Admin Suite Bootstrap/Dashboard_TestCases/VerifyDashboardLinks_UI_TC" status="FAILED">
         <failure type="FAILED" message="Test Cases/Admin Suite Bootstrap/Dashboard_TestCases/VerifyDashboardLinks_UI_TC FAILED.
Reason:
com.kms.katalon.core.exception.StepFailedException: Text 'Velocity Payment System Version 2023-1 - Copyright © 2024 Govolution, LLC' is not present on page  using regular expression (Root cause: com.kms.katalon.core.exception.StepFailedException: Text 'Velocity Payment System Version 2023-1 - Copyright © 2024 Govolution, LLC' is not present on page  using regular expression
	at com.kms.katalon.core.webui.keyword.internal.WebUIKeywordMain.stepFailed(WebUIKeywordMain.groovy:64)
	at com.kms.katalon.core.webui.keyword.builtin.VerifyTextPresentKeyword$_verifyTextPresent_closure1.doCall(VerifyTextPresentKeyword.groovy:79)
	at com.kms.katalon.core.webui.keyword.builtin.VerifyTextPresentKeyword$_verifyTextPresent_closure1.call(VerifyTextPresentKeyword.groovy)
	at com.kms.katalon.core.webui.keyword.internal.WebUIKeywordMain.runKeyword(WebUIKeywordMain.groovy:20)
	at com.kms.katalon.core.webui.keyword.builtin.VerifyTextPresentKeyword.verifyTextPresent(VerifyTextPresentKeyword.groovy:83)
	at com.kms.katalon.core.webui.keyword.builtin.VerifyTextPresentKeyword.execute(VerifyTextPresentKeyword.groovy:68)
	at com.kms.katalon.core.keyword.internal.KeywordExecutor.executeKeywordForPlatform(KeywordExecutor.groovy:74)
	at com.kms.katalon.core.webui.keyword.WebUiBuiltInKeywords.verifyTextPresent(WebUiBuiltInKeywords.groovy:1723)
	at com.kms.katalon.core.webui.keyword.WebUiBuiltInKeywords$verifyTextPresent$5.call(Unknown Source)
	at VerifyDashboardLinks_UI_TC.run(VerifyDashboardLinks_UI_TC:55)
	at com.kms.katalon.core.main.ScriptEngine.run(ScriptEngine.java:194)
	at com.kms.katalon.core.main.ScriptEngine.runScriptAsRawText(ScriptEngine.java:119)
	at com.kms.katalon.core.main.TestCaseExecutor.runScript(TestCaseExecutor.java:448)
	at com.kms.katalon.core.main.TestCaseExecutor.doExecute(TestCaseExecutor.java:439)
	at com.kms.katalon.core.main.TestCaseExecutor.processExecutionPhase(TestCaseExecutor.java:418)
	at com.kms.katalon.core.main.TestCaseExecutor.accessMainPhase(TestCaseExecutor.java:410)
	at com.kms.katalon.core.main.TestCaseExecutor.execute(TestCaseExecutor.java:285)
	at com.kms.katalon.core.common.CommonExecutor.accessTestCaseMainPhase(CommonExecutor.java:65)
	at com.kms.katalon.core.main.TestSuiteExecutor.accessTestSuiteMainPhase(TestSuiteExecutor.java:148)
	at com.kms.katalon.core.main.TestSuiteExecutor.execute(TestSuiteExecutor.java:106)
	at com.kms.katalon.core.main.TestCaseMain.startTestSuite(TestCaseMain.java:187)
	at com.kms.katalon.core.main.TestCaseMain$startTestSuite$0.call(Unknown Source)
	at TempTestSuite1720925817697.run(TempTestSuite1720925817697.groovy:35)
)
	at com.kms.katalon.core.keyword.internal.KeywordMain.stepFailed(KeywordMain.groovy:39)
	at com.kms.katalon.core.webui.keyword.internal.WebUIKeywordMain.stepFailed(WebUIKeywordMain.groovy:64)
	at com.kms.katalon.core.webui.keyword.builtin.VerifyTextPresentKeyword$_verifyTextPresent_closure1.doCall(VerifyTextPresentKeyword.groovy:79)
	at com.kms.katalon.core.webui.keyword.builtin.VerifyTextPresentKeyword$_verifyTextPresent_closure1.call(VerifyTextPresentKeyword.groovy)
	at com.kms.katalon.core.webui.keyword.internal.WebUIKeywordMain.runKeyword(WebUIKeywordMain.groovy:20)
	at com.kms.katalon.core.webui.keyword.builtin.VerifyTextPresentKeyword.verifyTextPresent(VerifyTextPresentKeyword.groovy:83)
	at com.kms.katalon.core.webui.keyword.builtin.VerifyTextPresentKeyword.execute(VerifyTextPresentKeyword.groovy:68)
	at com.kms.katalon.core.keyword.internal.KeywordExecutor.executeKeywordForPlatform(KeywordExecutor.groovy:74)
	at com.kms.katalon.core.webui.keyword.WebUiBuiltInKeywords.verifyTextPresent(WebUiBuiltInKeywords.groovy:1723)
	at com.kms.katalon.core.webui.keyword.WebUiBuiltInKeywords$verifyTextPresent$5.call(Unknown Source)
	at VerifyDashboardLinks_UI_TC.run(VerifyDashboardLinks_UI_TC:55)
	at com.kms.katalon.core.main.ScriptEngine.run(ScriptEngine.java:194)
	at com.kms.katalon.core.main.ScriptEngine.runScriptAsRawText(ScriptEngine.java:119)
	at com.kms.katalon.core.main.TestCaseExecutor.runScript(TestCaseExecutor.java:448)
	at com.kms.katalon.core.main.TestCaseExecutor.doExecute(TestCaseExecutor.java:439)
	at com.kms.katalon.core.main.TestCaseExecutor.processExecutionPhase(TestCaseExecutor.java:418)
	at com.kms.katalon.core.main.TestCaseExecutor.accessMainPhase(TestCaseExecutor.java:410)
	at com.kms.katalon.core.main.TestCaseExecutor.execute(TestCaseExecutor.java:285)
	at com.kms.katalon.core.common.CommonExecutor.accessTestCaseMainPhase(CommonExecutor.java:65)
	at com.kms.katalon.core.main.TestSuiteExecutor.accessTestSuiteMainPhase(TestSuiteExecutor.java:148)
	at com.kms.katalon.core.main.TestSuiteExecutor.execute(TestSuiteExecutor.java:106)
	at com.kms.katalon.core.main.TestCaseMain.startTestSuite(TestCaseMain.java:187)
	at com.kms.katalon.core.main.TestCaseMain$startTestSuite$0.call(Unknown Source)
	at TempTestSuite1720925817697.run(TempTestSuite1720925817697.groovy:35)
Caused by: com.kms.katalon.core.exception.StepFailedException: Text 'Velocity Payment System Version 2023-1 - Copyright © 2024 Govolution, LLC' is not present on page  using regular expression
	... 23 more
"/>
         <system-out><![CDATA[2024-07-13 22:57:05 - [TEST_CASE][FAILED] - Test Cases/Admin Suite Bootstrap/Dashboard_TestCases/VerifyDashboardLinks_UI_TC: Test Cases/Admin Suite Bootstrap/Dashboard_TestCases/VerifyDashboardLinks_UI_TC FAILED.
Reason:
com.kms.katalon.core.exception.StepFailedException: Text 'Velocity Payment System Version 2023-1 - Copyright © 2024 Govolution, LLC' is not present on page  using regular expression (Root cause: com.kms.katalon.core.exception.StepFailedException: Text 'Velocity Payment System Version 2023-1 - Copyright © 2024 Govolution, LLC' is not present on page  using regular expression
	at com.kms.katalon.core.webui.keyword.internal.WebUIKeywordMain.stepFailed(WebUIKeywordMain.groovy:64)
	at com.kms.katalon.core.webui.keyword.builtin.VerifyTextPresentKeyword$_verifyTextPresent_closure1.doCall(VerifyTextPresentKeyword.groovy:79)
	at com.kms.katalon.core.webui.keyword.builtin.VerifyTextPresentKeyword$_verifyTextPresent_closure1.call(VerifyTextPresentKeyword.groovy)
	at com.kms.katalon.core.webui.keyword.internal.WebUIKeywordMain.runKeyword(WebUIKeywordMain.groovy:20)
	at com.kms.katalon.core.webui.keyword.builtin.VerifyTextPresentKeyword.verifyTextPresent(VerifyTextPresentKeyword.groovy:83)
	at com.kms.katalon.core.webui.keyword.builtin.VerifyTextPresentKeyword.execute(VerifyTextPresentKeyword.groovy:68)
	at com.kms.katalon.core.keyword.internal.KeywordExecutor.executeKeywordForPlatform(KeywordExecutor.groovy:74)
	at com.kms.katalon.core.webui.keyword.WebUiBuiltInKeywords.verifyTextPresent(WebUiBuiltInKeywords.groovy:1723)
	at com.kms.katalon.core.webui.keyword.WebUiBuiltInKeywords$verifyTextPresent$5.call(Unknown Source)
	at VerifyDashboardLinks_UI_TC.run(VerifyDashboardLinks_UI_TC:55)
	at com.kms.katalon.core.main.ScriptEngine.run(ScriptEngine.java:194)
	at com.kms.katalon.core.main.ScriptEngine.runScriptAsRawText(ScriptEngine.java:119)
	at com.kms.katalon.core.main.TestCaseExecutor.runScript(TestCaseExecutor.java:448)
	at com.kms.katalon.core.main.TestCaseExecutor.doExecute(TestCaseExecutor.java:439)
	at com.kms.katalon.core.main.TestCaseExecutor.processExecutionPhase(TestCaseExecutor.java:418)
	at com.kms.katalon.core.main.TestCaseExecutor.accessMainPhase(TestCaseExecutor.java:410)
	at com.kms.katalon.core.main.TestCaseExecutor.execute(TestCaseExecutor.java:285)
	at com.kms.katalon.core.common.CommonExecutor.accessTestCaseMainPhase(CommonExecutor.java:65)
	at com.kms.katalon.core.main.TestSuiteExecutor.accessTestSuiteMainPhase(TestSuiteExecutor.java:148)
	at com.kms.katalon.core.main.TestSuiteExecutor.execute(TestSuiteExecutor.java:106)
	at com.kms.katalon.core.main.TestCaseMain.startTestSuite(TestCaseMain.java:187)
	at com.kms.katalon.core.main.TestCaseMain$startTestSuite$0.call(Unknown Source)
	at TempTestSuite1720925817697.run(TempTestSuite1720925817697.groovy:35)
)
	at com.kms.katalon.core.keyword.internal.KeywordMain.stepFailed(KeywordMain.groovy:39)
	at com.kms.katalon.core.webui.keyword.internal.WebUIKeywordMain.stepFailed(WebUIKeywordMain.groovy:64)
	at com.kms.katalon.core.webui.keyword.builtin.VerifyTextPresentKeyword$_verifyTextPresent_closure1.doCall(VerifyTextPresentKeyword.groovy:79)
	at com.kms.katalon.core.webui.keyword.builtin.VerifyTextPresentKeyword$_verifyTextPresent_closure1.call(VerifyTextPresentKeyword.groovy)
	at com.kms.katalon.core.webui.keyword.internal.WebUIKeywordMain.runKeyword(WebUIKeywordMain.groovy:20)
	at com.kms.katalon.core.webui.keyword.builtin.VerifyTextPresentKeyword.verifyTextPresent(VerifyTextPresentKeyword.groovy:83)
	at com.kms.katalon.core.webui.keyword.builtin.VerifyTextPresentKeyword.execute(VerifyTextPresentKeyword.groovy:68)
	at com.kms.katalon.core.keyword.internal.KeywordExecutor.executeKeywordForPlatform(KeywordExecutor.groovy:74)
	at com.kms.katalon.core.webui.keyword.WebUiBuiltInKeywords.verifyTextPresent(WebUiBuiltInKeywords.groovy:1723)
	at com.kms.katalon.core.webui.keyword.WebUiBuiltInKeywords$verifyTextPresent$5.call(Unknown Source)
	at VerifyDashboardLinks_UI_TC.run(VerifyDashboardLinks_UI_TC:55)
	at com.kms.katalon.core.main.ScriptEngine.run(ScriptEngine.java:194)
	at com.kms.katalon.core.main.ScriptEngine.runScriptAsRawText(ScriptEngine.java:119)
	at com.kms.katalon.core.main.TestCaseExecutor.runScript(TestCaseExecutor.java:448)
	at com.kms.katalon.core.main.TestCaseExecutor.doExecute(TestCaseExecutor.java:439)
	at com.kms.katalon.core.main.TestCaseExecutor.processExecutionPhase(TestCaseExecutor.java:418)
	at com.kms.katalon.core.main.TestCaseExecutor.accessMainPhase(TestCaseExecutor.java:410)
	at com.kms.katalon.core.main.TestCaseExecutor.execute(TestCaseExecutor.java:285)
	at com.kms.katalon.core.common.CommonExecutor.accessTestCaseMainPhase(CommonExecutor.java:65)
	at com.kms.katalon.core.main.TestSuiteExecutor.accessTestSuiteMainPhase(TestSuiteExecutor.java:148)
	at com.kms.katalon.core.main.TestSuiteExecutor.execute(TestSuiteExecutor.java:106)
	at com.kms.katalon.core.main.TestCaseMain.startTestSuite(TestCaseMain.java:187)
	at com.kms.katalon.core.main.TestCaseMain$startTestSuite$0.call(Unknown Source)
	at TempTestSuite1720925817697.run(TempTestSuite1720925817697.groovy:35)
Caused by: com.kms.katalon.core.exception.StepFailedException: Text 'Velocity Payment System Version 2023-1 - Copyright © 2024 Govolution, LLC' is not present on page  using regular expression
	... 23 more


2024-07-13 22:57:06 - [TEST_STEP][PASSED] - path_Dashboard = "Object Repository/AdminSuiteBootstrap_Pages/Dashboard_Bootstrap/": null

2024-07-13 22:57:06 - [TEST_STEP][PASSED] - adminSuiteBootstrap.loginFunctionality.login_AdminSuite(): adminSuiteBootstrap.loginFunctionality.login_AdminSuite is PASSED

2024-07-13 22:57:06 - [MESSAGE][INFO] - Starting 'Chrome' driver

2024-07-13 22:57:06 - [MESSAGE][INFO] - User set preference: ['acceptInsecureCerts', 'true']

2024-07-13 22:57:07 - [MESSAGE][INFO] - Action delay is set to 0 milliseconds

2024-07-13 22:57:11 - [MESSAGE][PASSED] - Browser is opened with url: 'https://qa2.velocitypayment.com/admin/imtiaz'

2024-07-13 22:57:11 - [MESSAGE][PASSED] - Current window maximized

2024-07-13 22:57:11 - [MESSAGE][PASSED] - Object 'Object Repository/Login_Page/Login_Username_Okta' is present

2024-07-13 22:57:12 - [MESSAGE][PASSED] - Text 'iahmed' is set on object 'Object Repository/Login_Page/Login_Username_Okta'

2024-07-13 22:57:13 - [MESSAGE][PASSED] - Text 'Hello!6666666' is set on object 'Object Repository/Login_Page/Login_Password_Okta'

2024-07-13 22:57:13 - [MESSAGE][PASSED] - Object: 'Object Repository/Login_Page/Login_Submit_Okta' is clicked on

2024-07-13 22:57:13 - [MESSAGE][PASSED] - adminSuiteBootstrap.loginFunctionality.login_AdminSuite is PASSED

2024-07-13 22:57:13 - [TEST_STEP][PASSED] - click(findTestObject(path_Dashboard + "i_imtiaz_fa fa-user fa-lg")): Object: 'Object Repository/AdminSuiteBootstrap_Pages/Dashboard_Bootstrap/i_imtiaz_fa fa-user fa-lg' is clicked on

2024-07-13 22:57:22 - [MESSAGE][PASSED] - Object: 'Object Repository/AdminSuiteBootstrap_Pages/Dashboard_Bootstrap/i_imtiaz_fa fa-user fa-lg' is clicked on

2024-07-13 22:57:22 - [TEST_STEP][PASSED] - verifyElementVisible(findTestObject(path_Dashboard + "span_Imtiaz Ahmed iahmed")): Object 'Object Repository/AdminSuiteBootstrap_Pages/Dashboard_Bootstrap/span_Imtiaz Ahmed iahmed' is visible

2024-07-13 22:57:23 - [MESSAGE][PASSED] - Object 'Object Repository/AdminSuiteBootstrap_Pages/Dashboard_Bootstrap/span_Imtiaz Ahmed iahmed' is visible

2024-07-13 22:57:23 - [TEST_STEP][PASSED] - verifyElementPresent(findTestObject(path_Dashboard + "span_Imtiaz Ahmed iahmed"), 30): Object 'Object Repository/AdminSuiteBootstrap_Pages/Dashboard_Bootstrap/span_Imtiaz Ahmed iahmed' is present

2024-07-13 22:57:23 - [MESSAGE][PASSED] - Object 'Object Repository/AdminSuiteBootstrap_Pages/Dashboard_Bootstrap/span_Imtiaz Ahmed iahmed' is present

2024-07-13 22:57:23 - [TEST_STEP][PASSED] - verifyElementVisible(findTestObject(path_Dashboard + "span_Logout")): Object 'Object Repository/AdminSuiteBootstrap_Pages/Dashboard_Bootstrap/span_Logout' is visible

2024-07-13 22:57:24 - [MESSAGE][PASSED] - Object 'Object Repository/AdminSuiteBootstrap_Pages/Dashboard_Bootstrap/span_Logout' is visible

2024-07-13 22:57:24 - [TEST_STEP][PASSED] - verifyElementPresent(findTestObject(path_Dashboard + "span_Logout"), 30): Object 'Object Repository/AdminSuiteBootstrap_Pages/Dashboard_Bootstrap/span_Logout' is present

2024-07-13 22:57:24 - [MESSAGE][PASSED] - Object 'Object Repository/AdminSuiteBootstrap_Pages/Dashboard_Bootstrap/span_Logout' is present

2024-07-13 22:57:24 - [TEST_STEP][PASSED] - verifyElementVisible(findTestObject(path_Dashboard + "span_My Account")): Object 'Object Repository/AdminSuiteBootstrap_Pages/Dashboard_Bootstrap/span_My Account' is visible

2024-07-13 22:57:24 - [MESSAGE][PASSED] - Object 'Object Repository/AdminSuiteBootstrap_Pages/Dashboard_Bootstrap/span_My Account' is visible

2024-07-13 22:57:24 - [TEST_STEP][PASSED] - verifyElementPresent(findTestObject(path_Dashboard + "span_My Account"), 30): Object 'Object Repository/AdminSuiteBootstrap_Pages/Dashboard_Bootstrap/span_My Account' is present

2024-07-13 22:57:25 - [MESSAGE][PASSED] - Object 'Object Repository/AdminSuiteBootstrap_Pages/Dashboard_Bootstrap/span_My Account' is present

2024-07-13 22:57:25 - [TEST_STEP][PASSED] - verifyElementPresent(findTestObject(path_Dashboard + "span_Call Center"), 30): Object 'Object Repository/AdminSuiteBootstrap_Pages/Dashboard_Bootstrap/span_Call Center' is present

2024-07-13 22:57:25 - [MESSAGE][PASSED] - Object 'Object Repository/AdminSuiteBootstrap_Pages/Dashboard_Bootstrap/span_Call Center' is present

2024-07-13 22:57:25 - [TEST_STEP][PASSED] - verifyElementPresent(findTestObject(path_Dashboard + "span_Payment"), 30): Object 'Object Repository/AdminSuiteBootstrap_Pages/Dashboard_Bootstrap/span_Payment' is present

2024-07-13 22:57:25 - [MESSAGE][PASSED] - Object 'Object Repository/AdminSuiteBootstrap_Pages/Dashboard_Bootstrap/span_Payment' is present

2024-07-13 22:57:25 - [TEST_STEP][PASSED] - verifyElementPresent(findTestObject(path_Dashboard + "span_Reporting"), 30): Object 'Object Repository/AdminSuiteBootstrap_Pages/Dashboard_Bootstrap/span_Reporting' is present

2024-07-13 22:57:26 - [MESSAGE][PASSED] - Object 'Object Repository/AdminSuiteBootstrap_Pages/Dashboard_Bootstrap/span_Reporting' is present

2024-07-13 22:57:26 - [TEST_STEP][PASSED] - verifyElementPresent(findTestObject(path_Dashboard + "span_User Management"), 30): Object 'Object Repository/AdminSuiteBootstrap_Pages/Dashboard_Bootstrap/span_User Management' is present

2024-07-13 22:57:26 - [MESSAGE][PASSED] - Object 'Object Repository/AdminSuiteBootstrap_Pages/Dashboard_Bootstrap/span_User Management' is present

2024-07-13 22:57:26 - [TEST_STEP][PASSED] - verifyElementVisible(findTestObject(path_Dashboard + "span_Call Center")): Object 'Object Repository/AdminSuiteBootstrap_Pages/Dashboard_Bootstrap/span_Call Center' is visible

2024-07-13 22:57:26 - [MESSAGE][PASSED] - Object 'Object Repository/AdminSuiteBootstrap_Pages/Dashboard_Bootstrap/span_Call Center' is visible

2024-07-13 22:57:26 - [TEST_STEP][PASSED] - verifyElementVisible(findTestObject(path_Dashboard + "span_Payment")): Object 'Object Repository/AdminSuiteBootstrap_Pages/Dashboard_Bootstrap/span_Payment' is visible

2024-07-13 22:57:27 - [MESSAGE][PASSED] - Object 'Object Repository/AdminSuiteBootstrap_Pages/Dashboard_Bootstrap/span_Payment' is visible

2024-07-13 22:57:27 - [TEST_STEP][PASSED] - verifyElementVisible(findTestObject(path_Dashboard + "span_Reporting")): Object 'Object Repository/AdminSuiteBootstrap_Pages/Dashboard_Bootstrap/span_Reporting' is visible

2024-07-13 22:57:27 - [MESSAGE][PASSED] - Object 'Object Repository/AdminSuiteBootstrap_Pages/Dashboard_Bootstrap/span_Reporting' is visible

2024-07-13 22:57:27 - [TEST_STEP][PASSED] - verifyElementVisible(findTestObject(path_Dashboard + "span_User Management")): Object 'Object Repository/AdminSuiteBootstrap_Pages/Dashboard_Bootstrap/span_User Management' is visible

2024-07-13 22:57:27 - [MESSAGE][PASSED] - Object 'Object Repository/AdminSuiteBootstrap_Pages/Dashboard_Bootstrap/span_User Management' is visible

2024-07-13 22:57:27 - [TEST_STEP][FAILED] - verifyTextPresent("Velocity Payment System Version 2023-1 - Copyright © 2024 Govolution, LLC", true): Text 'Velocity Payment System Version 2023-1 - Copyright © 2024 Govolution, LLC' is not present on page  using regular expression (Root cause: com.kms.katalon.core.exception.StepFailedException: Text 'Velocity Payment System Version 2023-1 - Copyright © 2024 Govolution, LLC' is not present on page  using regular expression
	at com.kms.katalon.core.webui.keyword.internal.WebUIKeywordMain.stepFailed(WebUIKeywordMain.groovy:64)
	at com.kms.katalon.core.webui.keyword.builtin.VerifyTextPresentKeyword$_verifyTextPresent_closure1.doCall(VerifyTextPresentKeyword.groovy:79)
	at com.kms.katalon.core.webui.keyword.builtin.VerifyTextPresentKeyword$_verifyTextPresent_closure1.call(VerifyTextPresentKeyword.groovy)
	at com.kms.katalon.core.webui.keyword.internal.WebUIKeywordMain.runKeyword(WebUIKeywordMain.groovy:20)
	at com.kms.katalon.core.webui.keyword.builtin.VerifyTextPresentKeyword.verifyTextPresent(VerifyTextPresentKeyword.groovy:83)
	at com.kms.katalon.core.webui.keyword.builtin.VerifyTextPresentKeyword.execute(VerifyTextPresentKeyword.groovy:68)
	at com.kms.katalon.core.keyword.internal.KeywordExecutor.executeKeywordForPlatform(KeywordExecutor.groovy:74)
	at com.kms.katalon.core.webui.keyword.WebUiBuiltInKeywords.verifyTextPresent(WebUiBuiltInKeywords.groovy:1723)
	at com.kms.katalon.core.webui.keyword.WebUiBuiltInKeywords$verifyTextPresent$5.call(Unknown Source)
	at VerifyDashboardLinks_UI_TC.run(VerifyDashboardLinks_UI_TC:55)
	at com.kms.katalon.core.main.ScriptEngine.run(ScriptEngine.java:194)
	at com.kms.katalon.core.main.ScriptEngine.runScriptAsRawText(ScriptEngine.java:119)
	at com.kms.katalon.core.main.TestCaseExecutor.runScript(TestCaseExecutor.java:448)
	at com.kms.katalon.core.main.TestCaseExecutor.doExecute(TestCaseExecutor.java:439)
	at com.kms.katalon.core.main.TestCaseExecutor.processExecutionPhase(TestCaseExecutor.java:418)
	at com.kms.katalon.core.main.TestCaseExecutor.accessMainPhase(TestCaseExecutor.java:410)
	at com.kms.katalon.core.main.TestCaseExecutor.execute(TestCaseExecutor.java:285)
	at com.kms.katalon.core.common.CommonExecutor.accessTestCaseMainPhase(CommonExecutor.java:65)
	at com.kms.katalon.core.main.TestSuiteExecutor.accessTestSuiteMainPhase(TestSuiteExecutor.java:148)
	at com.kms.katalon.core.main.TestSuiteExecutor.execute(TestSuiteExecutor.java:106)
	at com.kms.katalon.core.main.TestCaseMain.startTestSuite(TestCaseMain.java:187)
	at com.kms.katalon.core.main.TestCaseMain$startTestSuite$0.call(Unknown Source)
	at TempTestSuite1720925817697.run(TempTestSuite1720925817697.groovy:35)
)

2024-07-13 22:57:28 - [MESSAGE][FAILED] - Text 'Velocity Payment System Version 2023-1 - Copyright © 2024 Govolution, LLC' is not present on page  using regular expression (Root cause: com.kms.katalon.core.exception.StepFailedException: Text 'Velocity Payment System Version 2023-1 - Copyright © 2024 Govolution, LLC' is not present on page  using regular expression
	at com.kms.katalon.core.webui.keyword.internal.WebUIKeywordMain.stepFailed(WebUIKeywordMain.groovy:64)
	at com.kms.katalon.core.webui.keyword.builtin.VerifyTextPresentKeyword$_verifyTextPresent_closure1.doCall(VerifyTextPresentKeyword.groovy:79)
	at com.kms.katalon.core.webui.keyword.builtin.VerifyTextPresentKeyword$_verifyTextPresent_closure1.call(VerifyTextPresentKeyword.groovy)
	at com.kms.katalon.core.webui.keyword.internal.WebUIKeywordMain.runKeyword(WebUIKeywordMain.groovy:20)
	at com.kms.katalon.core.webui.keyword.builtin.VerifyTextPresentKeyword.verifyTextPresent(VerifyTextPresentKeyword.groovy:83)
	at com.kms.katalon.core.webui.keyword.builtin.VerifyTextPresentKeyword.execute(VerifyTextPresentKeyword.groovy:68)
	at com.kms.katalon.core.keyword.internal.KeywordExecutor.executeKeywordForPlatform(KeywordExecutor.groovy:74)
	at com.kms.katalon.core.webui.keyword.WebUiBuiltInKeywords.verifyTextPresent(WebUiBuiltInKeywords.groovy:1723)
	at com.kms.katalon.core.webui.keyword.WebUiBuiltInKeywords$verifyTextPresent$5.call(Unknown Source)
	at VerifyDashboardLinks_UI_TC.run(VerifyDashboardLinks_UI_TC:55)
	at com.kms.katalon.core.main.ScriptEngine.run(ScriptEngine.java:194)
	at com.kms.katalon.core.main.ScriptEngine.runScriptAsRawText(ScriptEngine.java:119)
	at com.kms.katalon.core.main.TestCaseExecutor.runScript(TestCaseExecutor.java:448)
	at com.kms.katalon.core.main.TestCaseExecutor.doExecute(TestCaseExecutor.java:439)
	at com.kms.katalon.core.main.TestCaseExecutor.processExecutionPhase(TestCaseExecutor.java:418)
	at com.kms.katalon.core.main.TestCaseExecutor.accessMainPhase(TestCaseExecutor.java:410)
	at com.kms.katalon.core.main.TestCaseExecutor.execute(TestCaseExecutor.java:285)
	at com.kms.katalon.core.common.CommonExecutor.accessTestCaseMainPhase(CommonExecutor.java:65)
	at com.kms.katalon.core.main.TestSuiteExecutor.accessTestSuiteMainPhase(TestSuiteExecutor.java:148)
	at com.kms.katalon.core.main.TestSuiteExecutor.execute(TestSuiteExecutor.java:106)
	at com.kms.katalon.core.main.TestCaseMain.startTestSuite(TestCaseMain.java:187)
	at com.kms.katalon.core.main.TestCaseMain$startTestSuite$0.call(Unknown Source)
	at TempTestSuite1720925817697.run(TempTestSuite1720925817697.groovy:35)
)

2024-07-13 22:57:28 - [TEST_STEP][PASSED] - verifyElementPresent(findTestObject(path_Dashboard + "span_CustomerDD"), 30): Object 'Object Repository/AdminSuiteBootstrap_Pages/Dashboard_Bootstrap/span_CustomerDD' is present

2024-07-13 22:57:28 - [MESSAGE][PASSED] - Object 'Object Repository/AdminSuiteBootstrap_Pages/Dashboard_Bootstrap/span_CustomerDD' is present

2024-07-13 22:57:28 - [TEST_STEP][PASSED] - click(findTestObject(path_Dashboard + "span_User Management")): Object: 'Object Repository/AdminSuiteBootstrap_Pages/Dashboard_Bootstrap/span_User Management' is clicked on

2024-07-13 22:57:29 - [MESSAGE][PASSED] - Object: 'Object Repository/AdminSuiteBootstrap_Pages/Dashboard_Bootstrap/span_User Management' is clicked on

2024-07-13 22:57:29 - [TEST_STEP][PASSED] - verifyElementPresent(findTestObject(path_Dashboard + "a_Users"), 30): Object 'Object Repository/AdminSuiteBootstrap_Pages/Dashboard_Bootstrap/a_Users' is present

2024-07-13 22:57:29 - [MESSAGE][PASSED] - Object 'Object Repository/AdminSuiteBootstrap_Pages/Dashboard_Bootstrap/a_Users' is present

2024-07-13 22:57:29 - [TEST_STEP][PASSED] - verifyElementVisible(findTestObject(path_Dashboard + "a_Users")): Object 'Object Repository/AdminSuiteBootstrap_Pages/Dashboard_Bootstrap/a_Users' is visible

2024-07-13 22:57:29 - [MESSAGE][PASSED] - Object 'Object Repository/AdminSuiteBootstrap_Pages/Dashboard_Bootstrap/a_Users' is visible

2024-07-13 22:57:29 - [TEST_STEP][PASSED] - verifyElementPresent(findTestObject(path_Dashboard + "a_Roles"), 30): Object 'Object Repository/AdminSuiteBootstrap_Pages/Dashboard_Bootstrap/a_Roles' is present

2024-07-13 22:57:30 - [MESSAGE][PASSED] - Object 'Object Repository/AdminSuiteBootstrap_Pages/Dashboard_Bootstrap/a_Roles' is present

2024-07-13 22:57:30 - [TEST_STEP][PASSED] - verifyElementVisible(findTestObject(path_Dashboard + "a_Roles")): Object 'Object Repository/AdminSuiteBootstrap_Pages/Dashboard_Bootstrap/a_Roles' is visible

2024-07-13 22:57:30 - [MESSAGE][PASSED] - Object 'Object Repository/AdminSuiteBootstrap_Pages/Dashboard_Bootstrap/a_Roles' is visible

2024-07-13 22:57:30 - [TEST_STEP][PASSED] - verifyElementPresent(findTestObject(path_Dashboard + "a_Products"), 30): Object 'Object Repository/AdminSuiteBootstrap_Pages/Dashboard_Bootstrap/a_Products' is present

2024-07-13 22:57:30 - [MESSAGE][PASSED] - Object 'Object Repository/AdminSuiteBootstrap_Pages/Dashboard_Bootstrap/a_Products' is present

2024-07-13 22:57:30 - [TEST_STEP][PASSED] - verifyElementVisible(findTestObject(path_Dashboard + "a_Products")): Object 'Object Repository/AdminSuiteBootstrap_Pages/Dashboard_Bootstrap/a_Products' is visible

2024-07-13 22:57:31 - [MESSAGE][PASSED] - Object 'Object Repository/AdminSuiteBootstrap_Pages/Dashboard_Bootstrap/a_Products' is visible

2024-07-13 22:57:31 - [TEST_STEP][PASSED] - verifyElementPresent(findTestObject(path_Dashboard + "a_AVS Policy"), 30): Object 'Object Repository/AdminSuiteBootstrap_Pages/Dashboard_Bootstrap/a_AVS Policy' is present

2024-07-13 22:57:31 - [MESSAGE][PASSED] - Object 'Object Repository/AdminSuiteBootstrap_Pages/Dashboard_Bootstrap/a_AVS Policy' is present

2024-07-13 22:57:31 - [TEST_STEP][PASSED] - verifyElementVisible(findTestObject(path_Dashboard + "a_AVS Policy")): Object 'Object Repository/AdminSuiteBootstrap_Pages/Dashboard_Bootstrap/a_AVS Policy' is visible

2024-07-13 22:57:31 - [MESSAGE][PASSED] - Object 'Object Repository/AdminSuiteBootstrap_Pages/Dashboard_Bootstrap/a_AVS Policy' is visible

2024-07-13 22:57:31 - [TEST_STEP][PASSED] - verifyElementPresent(findTestObject(path_Dashboard + "a_CVV Policy"), 30): Object 'Object Repository/AdminSuiteBootstrap_Pages/Dashboard_Bootstrap/a_CVV Policy' is present

2024-07-13 22:57:32 - [MESSAGE][PASSED] - Object 'Object Repository/AdminSuiteBootstrap_Pages/Dashboard_Bootstrap/a_CVV Policy' is present

2024-07-13 22:57:32 - [TEST_STEP][PASSED] - verifyElementVisible(findTestObject(path_Dashboard + "a_CVV Policy")): Object 'Object Repository/AdminSuiteBootstrap_Pages/Dashboard_Bootstrap/a_CVV Policy' is visible

2024-07-13 22:57:32 - [MESSAGE][PASSED] - Object 'Object Repository/AdminSuiteBootstrap_Pages/Dashboard_Bootstrap/a_CVV Policy' is visible

2024-07-13 22:57:32 - [TEST_STEP][PASSED] - verifyElementPresent(findTestObject(path_Dashboard + "a_Email Alerts"), 30): Object 'Object Repository/AdminSuiteBootstrap_Pages/Dashboard_Bootstrap/a_Email Alerts' is present

2024-07-13 22:57:32 - [MESSAGE][PASSED] - Object 'Object Repository/AdminSuiteBootstrap_Pages/Dashboard_Bootstrap/a_Email Alerts' is present

2024-07-13 22:57:32 - [TEST_STEP][PASSED] - verifyElementVisible(findTestObject(path_Dashboard + "a_Email Alerts")): Object 'Object Repository/AdminSuiteBootstrap_Pages/Dashboard_Bootstrap/a_Email Alerts' is visible

2024-07-13 22:57:33 - [MESSAGE][PASSED] - Object 'Object Repository/AdminSuiteBootstrap_Pages/Dashboard_Bootstrap/a_Email Alerts' is visible

2024-07-13 22:57:33 - [TEST_STEP][PASSED] - click(findTestObject(path_Dashboard + "span_Payment")): Object: 'Object Repository/AdminSuiteBootstrap_Pages/Dashboard_Bootstrap/span_Payment' is clicked on

2024-07-13 22:57:33 - [MESSAGE][PASSED] - Object: 'Object Repository/AdminSuiteBootstrap_Pages/Dashboard_Bootstrap/span_Payment' is clicked on

2024-07-13 22:57:33 - [TEST_STEP][PASSED] - verifyElementPresent(findTestObject(path_Dashboard + "a_New Test VRelay"), 30): Object 'Object Repository/AdminSuiteBootstrap_Pages/Dashboard_Bootstrap/a_New Test VRelay' is present

2024-07-13 22:57:33 - [MESSAGE][PASSED] - Object 'Object Repository/AdminSuiteBootstrap_Pages/Dashboard_Bootstrap/a_New Test VRelay' is present

2024-07-13 22:57:33 - [TEST_STEP][PASSED] - verifyElementVisible(findTestObject(path_Dashboard + "a_New Test VRelay")): Object 'Object Repository/AdminSuiteBootstrap_Pages/Dashboard_Bootstrap/a_New Test VRelay' is visible

2024-07-13 22:57:34 - [MESSAGE][PASSED] - Object 'Object Repository/AdminSuiteBootstrap_Pages/Dashboard_Bootstrap/a_New Test VRelay' is visible

2024-07-13 22:57:34 - [TEST_STEP][PASSED] - click(findTestObject(path_Dashboard + "span_Reporting")): Object: 'Object Repository/AdminSuiteBootstrap_Pages/Dashboard_Bootstrap/span_Reporting' is clicked on

2024-07-13 22:57:34 - [MESSAGE][PASSED] - Object: 'Object Repository/AdminSuiteBootstrap_Pages/Dashboard_Bootstrap/span_Reporting' is clicked on

2024-07-13 22:57:34 - [TEST_STEP][PASSED] - verifyElementPresent(findTestObject(path_Dashboard + "a_Operational Reports"), 30): Object 'Object Repository/AdminSuiteBootstrap_Pages/Dashboard_Bootstrap/a_Operational Reports' is present

2024-07-13 22:57:34 - [MESSAGE][PASSED] - Object 'Object Repository/AdminSuiteBootstrap_Pages/Dashboard_Bootstrap/a_Operational Reports' is present

2024-07-13 22:57:34 - [TEST_STEP][PASSED] - verifyElementVisible(findTestObject(path_Dashboard + "a_Operational Reports")): Object 'Object Repository/AdminSuiteBootstrap_Pages/Dashboard_Bootstrap/a_Operational Reports' is visible

2024-07-13 22:57:35 - [MESSAGE][PASSED] - Object 'Object Repository/AdminSuiteBootstrap_Pages/Dashboard_Bootstrap/a_Operational Reports' is visible

2024-07-13 22:57:35 - [TEST_STEP][PASSED] - verifyElementPresent(findTestObject(path_Dashboard + "a_Risk ManagementAudit Reports"), 30): Object 'Object Repository/AdminSuiteBootstrap_Pages/Dashboard_Bootstrap/a_Risk ManagementAudit Reports' is present

2024-07-13 22:57:35 - [MESSAGE][PASSED] - Object 'Object Repository/AdminSuiteBootstrap_Pages/Dashboard_Bootstrap/a_Risk ManagementAudit Reports' is present

2024-07-13 22:57:35 - [TEST_STEP][PASSED] - verifyElementVisible(findTestObject(path_Dashboard + "a_Risk ManagementAudit Reports")): Object 'Object Repository/AdminSuiteBootstrap_Pages/Dashboard_Bootstrap/a_Risk ManagementAudit Reports' is visible

2024-07-13 22:57:35 - [MESSAGE][PASSED] - Object 'Object Repository/AdminSuiteBootstrap_Pages/Dashboard_Bootstrap/a_Risk ManagementAudit Reports' is visible

2024-07-13 22:57:35 - [TEST_STEP][PASSED] - verifyElementPresent(findTestObject(path_Dashboard + "a_User Reports"), 30): Object 'Object Repository/AdminSuiteBootstrap_Pages/Dashboard_Bootstrap/a_User Reports' is present

2024-07-13 22:57:36 - [MESSAGE][PASSED] - Object 'Object Repository/AdminSuiteBootstrap_Pages/Dashboard_Bootstrap/a_User Reports' is present

2024-07-13 22:57:36 - [TEST_STEP][PASSED] - verifyElementVisible(findTestObject(path_Dashboard + "a_User Reports")): Object 'Object Repository/AdminSuiteBootstrap_Pages/Dashboard_Bootstrap/a_User Reports' is visible

2024-07-13 22:57:36 - [MESSAGE][PASSED] - Object 'Object Repository/AdminSuiteBootstrap_Pages/Dashboard_Bootstrap/a_User Reports' is visible

2024-07-13 22:57:36 - [TEST_STEP][PASSED] - verifyElementPresent(findTestObject(path_Dashboard + "a_All Reports"), 30): Object 'Object Repository/AdminSuiteBootstrap_Pages/Dashboard_Bootstrap/a_All Reports' is present

2024-07-13 22:57:36 - [MESSAGE][PASSED] - Object 'Object Repository/AdminSuiteBootstrap_Pages/Dashboard_Bootstrap/a_All Reports' is present

2024-07-13 22:57:36 - [TEST_STEP][PASSED] - verifyElementVisible(findTestObject(path_Dashboard + "a_All Reports")): Object 'Object Repository/AdminSuiteBootstrap_Pages/Dashboard_Bootstrap/a_All Reports' is visible

2024-07-13 22:57:37 - [MESSAGE][PASSED] - Object 'Object Repository/AdminSuiteBootstrap_Pages/Dashboard_Bootstrap/a_All Reports' is visible

2024-07-13 22:57:37 - [TEST_STEP][PASSED] - verifyElementPresent(findTestObject(path_Dashboard + "a_Email Subscription"), 30): Object 'Object Repository/AdminSuiteBootstrap_Pages/Dashboard_Bootstrap/a_Email Subscription' is present

2024-07-13 22:57:37 - [MESSAGE][PASSED] - Object 'Object Repository/AdminSuiteBootstrap_Pages/Dashboard_Bootstrap/a_Email Subscription' is present

2024-07-13 22:57:37 - [TEST_STEP][PASSED] - verifyElementVisible(findTestObject(path_Dashboard + "a_Email Subscription")): Object 'Object Repository/AdminSuiteBootstrap_Pages/Dashboard_Bootstrap/a_Email Subscription' is visible

2024-07-13 22:57:37 - [MESSAGE][PASSED] - Object 'Object Repository/AdminSuiteBootstrap_Pages/Dashboard_Bootstrap/a_Email Subscription' is visible]]></system-out>
         <system-err><![CDATA[2024-07-13 22:57:05 - [TEST_CASE][FAILED] - Test Cases/Admin Suite Bootstrap/Dashboard_TestCases/VerifyDashboardLinks_UI_TC: Test Cases/Admin Suite Bootstrap/Dashboard_TestCases/VerifyDashboardLinks_UI_TC FAILED.
Reason:
com.kms.katalon.core.exception.StepFailedException: Text 'Velocity Payment System Version 2023-1 - Copyright © 2024 Govolution, LLC' is not present on page  using regular expression (Root cause: com.kms.katalon.core.exception.StepFailedException: Text 'Velocity Payment System Version 2023-1 - Copyright © 2024 Govolution, LLC' is not present on page  using regular expression
	at com.kms.katalon.core.webui.keyword.internal.WebUIKeywordMain.stepFailed(WebUIKeywordMain.groovy:64)
	at com.kms.katalon.core.webui.keyword.builtin.VerifyTextPresentKeyword$_verifyTextPresent_closure1.doCall(VerifyTextPresentKeyword.groovy:79)
	at com.kms.katalon.core.webui.keyword.builtin.VerifyTextPresentKeyword$_verifyTextPresent_closure1.call(VerifyTextPresentKeyword.groovy)
	at com.kms.katalon.core.webui.keyword.internal.WebUIKeywordMain.runKeyword(WebUIKeywordMain.groovy:20)
	at com.kms.katalon.core.webui.keyword.builtin.VerifyTextPresentKeyword.verifyTextPresent(VerifyTextPresentKeyword.groovy:83)
	at com.kms.katalon.core.webui.keyword.builtin.VerifyTextPresentKeyword.execute(VerifyTextPresentKeyword.groovy:68)
	at com.kms.katalon.core.keyword.internal.KeywordExecutor.executeKeywordForPlatform(KeywordExecutor.groovy:74)
	at com.kms.katalon.core.webui.keyword.WebUiBuiltInKeywords.verifyTextPresent(WebUiBuiltInKeywords.groovy:1723)
	at com.kms.katalon.core.webui.keyword.WebUiBuiltInKeywords$verifyTextPresent$5.call(Unknown Source)
	at VerifyDashboardLinks_UI_TC.run(VerifyDashboardLinks_UI_TC:55)
	at com.kms.katalon.core.main.ScriptEngine.run(ScriptEngine.java:194)
	at com.kms.katalon.core.main.ScriptEngine.runScriptAsRawText(ScriptEngine.java:119)
	at com.kms.katalon.core.main.TestCaseExecutor.runScript(TestCaseExecutor.java:448)
	at com.kms.katalon.core.main.TestCaseExecutor.doExecute(TestCaseExecutor.java:439)
	at com.kms.katalon.core.main.TestCaseExecutor.processExecutionPhase(TestCaseExecutor.java:418)
	at com.kms.katalon.core.main.TestCaseExecutor.accessMainPhase(TestCaseExecutor.java:410)
	at com.kms.katalon.core.main.TestCaseExecutor.execute(TestCaseExecutor.java:285)
	at com.kms.katalon.core.common.CommonExecutor.accessTestCaseMainPhase(CommonExecutor.java:65)
	at com.kms.katalon.core.main.TestSuiteExecutor.accessTestSuiteMainPhase(TestSuiteExecutor.java:148)
	at com.kms.katalon.core.main.TestSuiteExecutor.execute(TestSuiteExecutor.java:106)
	at com.kms.katalon.core.main.TestCaseMain.startTestSuite(TestCaseMain.java:187)
	at com.kms.katalon.core.main.TestCaseMain$startTestSuite$0.call(Unknown Source)
	at TempTestSuite1720925817697.run(TempTestSuite1720925817697.groovy:35)
)
	at com.kms.katalon.core.keyword.internal.KeywordMain.stepFailed(KeywordMain.groovy:39)
	at com.kms.katalon.core.webui.keyword.internal.WebUIKeywordMain.stepFailed(WebUIKeywordMain.groovy:64)
	at com.kms.katalon.core.webui.keyword.builtin.VerifyTextPresentKeyword$_verifyTextPresent_closure1.doCall(VerifyTextPresentKeyword.groovy:79)
	at com.kms.katalon.core.webui.keyword.builtin.VerifyTextPresentKeyword$_verifyTextPresent_closure1.call(VerifyTextPresentKeyword.groovy)
	at com.kms.katalon.core.webui.keyword.internal.WebUIKeywordMain.runKeyword(WebUIKeywordMain.groovy:20)
	at com.kms.katalon.core.webui.keyword.builtin.VerifyTextPresentKeyword.verifyTextPresent(VerifyTextPresentKeyword.groovy:83)
	at com.kms.katalon.core.webui.keyword.builtin.VerifyTextPresentKeyword.execute(VerifyTextPresentKeyword.groovy:68)
	at com.kms.katalon.core.keyword.internal.KeywordExecutor.executeKeywordForPlatform(KeywordExecutor.groovy:74)
	at com.kms.katalon.core.webui.keyword.WebUiBuiltInKeywords.verifyTextPresent(WebUiBuiltInKeywords.groovy:1723)
	at com.kms.katalon.core.webui.keyword.WebUiBuiltInKeywords$verifyTextPresent$5.call(Unknown Source)
	at VerifyDashboardLinks_UI_TC.run(VerifyDashboardLinks_UI_TC:55)
	at com.kms.katalon.core.main.ScriptEngine.run(ScriptEngine.java:194)
	at com.kms.katalon.core.main.ScriptEngine.runScriptAsRawText(ScriptEngine.java:119)
	at com.kms.katalon.core.main.TestCaseExecutor.runScript(TestCaseExecutor.java:448)
	at com.kms.katalon.core.main.TestCaseExecutor.doExecute(TestCaseExecutor.java:439)
	at com.kms.katalon.core.main.TestCaseExecutor.processExecutionPhase(TestCaseExecutor.java:418)
	at com.kms.katalon.core.main.TestCaseExecutor.accessMainPhase(TestCaseExecutor.java:410)
	at com.kms.katalon.core.main.TestCaseExecutor.execute(TestCaseExecutor.java:285)
	at com.kms.katalon.core.common.CommonExecutor.accessTestCaseMainPhase(CommonExecutor.java:65)
	at com.kms.katalon.core.main.TestSuiteExecutor.accessTestSuiteMainPhase(TestSuiteExecutor.java:148)
	at com.kms.katalon.core.main.TestSuiteExecutor.execute(TestSuiteExecutor.java:106)
	at com.kms.katalon.core.main.TestCaseMain.startTestSuite(TestCaseMain.java:187)
	at com.kms.katalon.core.main.TestCaseMain$startTestSuite$0.call(Unknown Source)
	at TempTestSuite1720925817697.run(TempTestSuite1720925817697.groovy:35)
Caused by: com.kms.katalon.core.exception.StepFailedException: Text 'Velocity Payment System Version 2023-1 - Copyright © 2024 Govolution, LLC' is not present on page  using regular expression
	... 23 more]]></system-err>
      </testcase>
      <testcase name="Test Cases/Admin Suite Bootstrap/VT_TestCases/VerifyIssueTransactionsLinks_UI_TC" time="28.392" classname="Test Cases/Admin Suite Bootstrap/VT_TestCases/VerifyIssueTransactionsLinks_UI_TC" status="PASSED">
         <system-out><![CDATA[2024-07-13 22:57:37 - [TEST_CASE][PASSED] - Test Cases/Admin Suite Bootstrap/VT_TestCases/VerifyIssueTransactionsLinks_UI_TC: Test Cases/Admin Suite Bootstrap/VT_TestCases/VerifyIssueTransactionsLinks_UI_TC

2024-07-13 22:57:38 - [TEST_STEP][PASSED] - path_Dashboard = "Object Repository/AdminSuiteBootstrap_Pages/Dashboard_Bootstrap/": null

2024-07-13 22:57:38 - [TEST_STEP][PASSED] - path_VT = "Object Repository/AdminSuiteBootstrap_Pages/VT_Bootstrap/IssueTransactions/": null

2024-07-13 22:57:38 - [TEST_STEP][PASSED] - adminSuiteBootstrap.loginFunctionality.login_AdminSuite(): adminSuiteBootstrap.loginFunctionality.login_AdminSuite is PASSED

2024-07-13 22:57:38 - [MESSAGE][WARNING] - A browser is already opened. Closing browser and opening a new one

2024-07-13 22:57:39 - [MESSAGE][INFO] - Starting 'Chrome' driver

2024-07-13 22:57:39 - [MESSAGE][INFO] - User set preference: ['acceptInsecureCerts', 'true']

2024-07-13 22:57:39 - [MESSAGE][INFO] - Action delay is set to 0 milliseconds

2024-07-13 22:57:41 - [MESSAGE][PASSED] - Browser is opened with url: 'https://qa2.velocitypayment.com/admin/imtiaz'

2024-07-13 22:57:42 - [MESSAGE][PASSED] - Current window maximized

2024-07-13 22:57:42 - [MESSAGE][PASSED] - Object 'Object Repository/Login_Page/Login_Username_Okta' is present

2024-07-13 22:57:43 - [MESSAGE][PASSED] - Text 'iahmed' is set on object 'Object Repository/Login_Page/Login_Username_Okta'

2024-07-13 22:57:44 - [MESSAGE][PASSED] - Text 'Hello!6666666' is set on object 'Object Repository/Login_Page/Login_Password_Okta'

2024-07-13 22:57:45 - [MESSAGE][PASSED] - Object: 'Object Repository/Login_Page/Login_Submit_Okta' is clicked on

2024-07-13 22:57:45 - [MESSAGE][PASSED] - adminSuiteBootstrap.loginFunctionality.login_AdminSuite is PASSED

2024-07-13 22:57:45 - [TEST_STEP][PASSED] - click(findTestObject(path_Dashboard + "span_Payment")): Object: 'Object Repository/AdminSuiteBootstrap_Pages/Dashboard_Bootstrap/span_Payment' is clicked on

2024-07-13 22:57:52 - [MESSAGE][PASSED] - Object: 'Object Repository/AdminSuiteBootstrap_Pages/Dashboard_Bootstrap/span_Payment' is clicked on

2024-07-13 22:57:52 - [TEST_STEP][PASSED] - click(findTestObject(path_Dashboard + "a_New Test VRelay")): Object: 'Object Repository/AdminSuiteBootstrap_Pages/Dashboard_Bootstrap/a_New Test VRelay' is clicked on

2024-07-13 22:57:53 - [MESSAGE][PASSED] - Object: 'Object Repository/AdminSuiteBootstrap_Pages/Dashboard_Bootstrap/a_New Test VRelay' is clicked on

2024-07-13 22:57:53 - [TEST_STEP][PASSED] - verifyTextPresent("Credit Card", true): Text 'Credit Card' is present on page  using regular expression

2024-07-13 22:57:54 - [MESSAGE][PASSED] - Text 'Credit Card' is present on page  using regular expression

2024-07-13 22:57:54 - [TEST_STEP][PASSED] - verifyTextPresent("On-line Check", true): Text 'On-line Check' is present on page  using regular expression

2024-07-13 22:57:54 - [MESSAGE][PASSED] - Text 'On-line Check' is present on page  using regular expression

2024-07-13 22:57:54 - [TEST_STEP][PASSED] - verifyElementVisible(findTestObject(path_VT + "a_Issue Transactions")): Object 'Object Repository/AdminSuiteBootstrap_Pages/VT_Bootstrap/IssueTransactions/a_Issue Transactions' is visible

2024-07-13 22:57:55 - [MESSAGE][PASSED] - Object 'Object Repository/AdminSuiteBootstrap_Pages/VT_Bootstrap/IssueTransactions/a_Issue Transactions' is visible

2024-07-13 22:57:55 - [TEST_STEP][PASSED] - verifyElementPresent(findTestObject(path_VT + "a_Issue Transactions"), 30): Object 'Object Repository/AdminSuiteBootstrap_Pages/VT_Bootstrap/IssueTransactions/a_Issue Transactions' is present

2024-07-13 22:57:55 - [MESSAGE][PASSED] - Object 'Object Repository/AdminSuiteBootstrap_Pages/VT_Bootstrap/IssueTransactions/a_Issue Transactions' is present

2024-07-13 22:57:55 - [TEST_STEP][PASSED] - verifyElementVisible(findTestObject(path_VT + "a_Search Transactions")): Object 'Object Repository/AdminSuiteBootstrap_Pages/VT_Bootstrap/IssueTransactions/a_Search Transactions' is visible

2024-07-13 22:57:55 - [MESSAGE][PASSED] - Object 'Object Repository/AdminSuiteBootstrap_Pages/VT_Bootstrap/IssueTransactions/a_Search Transactions' is visible

2024-07-13 22:57:55 - [TEST_STEP][PASSED] - verifyElementPresent(findTestObject(path_VT + "a_Search Transactions"), 30): Object 'Object Repository/AdminSuiteBootstrap_Pages/VT_Bootstrap/IssueTransactions/a_Search Transactions' is present

2024-07-13 22:57:56 - [MESSAGE][PASSED] - Object 'Object Repository/AdminSuiteBootstrap_Pages/VT_Bootstrap/IssueTransactions/a_Search Transactions' is present

2024-07-13 22:57:56 - [TEST_STEP][PASSED] - verifyElementVisible(findTestObject(path_VT + "button_Authorization  Capture (Sale)")): Object 'Object Repository/AdminSuiteBootstrap_Pages/VT_Bootstrap/IssueTransactions/button_Authorization  Capture (Sale)' is visible

2024-07-13 22:57:56 - [MESSAGE][PASSED] - Object 'Object Repository/AdminSuiteBootstrap_Pages/VT_Bootstrap/IssueTransactions/button_Authorization  Capture (Sale)' is visible

2024-07-13 22:57:56 - [TEST_STEP][PASSED] - verifyElementPresent(findTestObject(path_VT + "button_Authorization  Capture (Sale)"), 30): Object 'Object Repository/AdminSuiteBootstrap_Pages/VT_Bootstrap/IssueTransactions/button_Authorization  Capture (Sale)' is present

2024-07-13 22:57:56 - [MESSAGE][PASSED] - Object 'Object Repository/AdminSuiteBootstrap_Pages/VT_Bootstrap/IssueTransactions/button_Authorization  Capture (Sale)' is present

2024-07-13 22:57:56 - [TEST_STEP][PASSED] - verifyElementVisible(findTestObject(path_VT + "button_Authorization Only")): Object 'Object Repository/AdminSuiteBootstrap_Pages/VT_Bootstrap/IssueTransactions/button_Authorization Only' is visible

2024-07-13 22:57:57 - [MESSAGE][PASSED] - Object 'Object Repository/AdminSuiteBootstrap_Pages/VT_Bootstrap/IssueTransactions/button_Authorization Only' is visible

2024-07-13 22:57:57 - [TEST_STEP][PASSED] - verifyElementPresent(findTestObject(path_VT + "button_Authorization Only"), 30): Object 'Object Repository/AdminSuiteBootstrap_Pages/VT_Bootstrap/IssueTransactions/button_Authorization Only' is present

2024-07-13 22:57:57 - [MESSAGE][PASSED] - Object 'Object Repository/AdminSuiteBootstrap_Pages/VT_Bootstrap/IssueTransactions/button_Authorization Only' is present

2024-07-13 22:57:57 - [TEST_STEP][PASSED] - verifyElementVisible(findTestObject(path_VT + "button_CCCreditOrVoid-App411")): Object 'Object Repository/AdminSuiteBootstrap_Pages/VT_Bootstrap/IssueTransactions/button_CCCreditOrVoid-App411' is visible

2024-07-13 22:57:57 - [MESSAGE][PASSED] - Object 'Object Repository/AdminSuiteBootstrap_Pages/VT_Bootstrap/IssueTransactions/button_CCCreditOrVoid-App411' is visible

2024-07-13 22:57:57 - [TEST_STEP][PASSED] - verifyElementPresent(findTestObject(path_VT + "button_CCCreditOrVoid-App411"), 30): Object 'Object Repository/AdminSuiteBootstrap_Pages/VT_Bootstrap/IssueTransactions/button_CCCreditOrVoid-App411' is present

2024-07-13 22:57:58 - [MESSAGE][PASSED] - Object 'Object Repository/AdminSuiteBootstrap_Pages/VT_Bootstrap/IssueTransactions/button_CCCreditOrVoid-App411' is present

2024-07-13 22:57:58 - [TEST_STEP][PASSED] - verifyElementVisible(findTestObject(path_VT + "button_Capture an Authorization")): Object 'Object Repository/AdminSuiteBootstrap_Pages/VT_Bootstrap/IssueTransactions/button_Capture an Authorization' is visible

2024-07-13 22:57:58 - [MESSAGE][PASSED] - Object 'Object Repository/AdminSuiteBootstrap_Pages/VT_Bootstrap/IssueTransactions/button_Capture an Authorization' is visible

2024-07-13 22:57:58 - [TEST_STEP][PASSED] - verifyElementPresent(findTestObject(path_VT + "button_Capture an Authorization"), 30): Object 'Object Repository/AdminSuiteBootstrap_Pages/VT_Bootstrap/IssueTransactions/button_Capture an Authorization' is present

2024-07-13 22:57:58 - [MESSAGE][PASSED] - Object 'Object Repository/AdminSuiteBootstrap_Pages/VT_Bootstrap/IssueTransactions/button_Capture an Authorization' is present

2024-07-13 22:57:58 - [TEST_STEP][PASSED] - verifyElementVisible(findTestObject(path_VT + "button_Manual Authorization")): Object 'Object Repository/AdminSuiteBootstrap_Pages/VT_Bootstrap/IssueTransactions/button_Manual Authorization' is visible

2024-07-13 22:57:59 - [MESSAGE][PASSED] - Object 'Object Repository/AdminSuiteBootstrap_Pages/VT_Bootstrap/IssueTransactions/button_Manual Authorization' is visible

2024-07-13 22:57:59 - [TEST_STEP][PASSED] - verifyElementPresent(findTestObject(path_VT + "button_Manual Authorization"), 30): Object 'Object Repository/AdminSuiteBootstrap_Pages/VT_Bootstrap/IssueTransactions/button_Manual Authorization' is present

2024-07-13 22:57:59 - [MESSAGE][PASSED] - Object 'Object Repository/AdminSuiteBootstrap_Pages/VT_Bootstrap/IssueTransactions/button_Manual Authorization' is present

2024-07-13 22:57:59 - [TEST_STEP][PASSED] - verifyElementVisible(findTestObject(path_VT + "button_Debit")): Object 'Object Repository/AdminSuiteBootstrap_Pages/VT_Bootstrap/IssueTransactions/button_Debit' is visible

2024-07-13 22:57:59 - [MESSAGE][PASSED] - Object 'Object Repository/AdminSuiteBootstrap_Pages/VT_Bootstrap/IssueTransactions/button_Debit' is visible

2024-07-13 22:57:59 - [TEST_STEP][PASSED] - verifyElementPresent(findTestObject(path_VT + "button_Debit"), 30): Object 'Object Repository/AdminSuiteBootstrap_Pages/VT_Bootstrap/IssueTransactions/button_Debit' is present

2024-07-13 22:58:00 - [MESSAGE][PASSED] - Object 'Object Repository/AdminSuiteBootstrap_Pages/VT_Bootstrap/IssueTransactions/button_Debit' is present

2024-07-13 22:58:00 - [TEST_STEP][PASSED] - click(findTestObject(path_VT + "button_Authorization Only")): Object: 'Object Repository/AdminSuiteBootstrap_Pages/VT_Bootstrap/IssueTransactions/button_Authorization Only' is clicked on

2024-07-13 22:58:00 - [MESSAGE][PASSED] - Object: 'Object Repository/AdminSuiteBootstrap_Pages/VT_Bootstrap/IssueTransactions/button_Authorization Only' is clicked on

2024-07-13 22:58:00 - [TEST_STEP][PASSED] - verifyElementVisible(findTestObject(path_VT + "a_KeyboardEntry_Auth")): Object 'Object Repository/AdminSuiteBootstrap_Pages/VT_Bootstrap/IssueTransactions/a_KeyboardEntry_Auth' is visible

2024-07-13 22:58:00 - [MESSAGE][PASSED] - Object 'Object Repository/AdminSuiteBootstrap_Pages/VT_Bootstrap/IssueTransactions/a_KeyboardEntry_Auth' is visible

2024-07-13 22:58:00 - [TEST_STEP][PASSED] - verifyElementPresent(findTestObject(path_VT + "a_KeyboardEntry_Auth"), 30): Object 'Object Repository/AdminSuiteBootstrap_Pages/VT_Bootstrap/IssueTransactions/a_KeyboardEntry_Auth' is present

2024-07-13 22:58:01 - [MESSAGE][PASSED] - Object 'Object Repository/AdminSuiteBootstrap_Pages/VT_Bootstrap/IssueTransactions/a_KeyboardEntry_Auth' is present

2024-07-13 22:58:01 - [TEST_STEP][PASSED] - verifyElementVisible(findTestObject(path_VT + "a_PINPadEntry_Auth")): Object 'Object Repository/AdminSuiteBootstrap_Pages/VT_Bootstrap/IssueTransactions/a_PINPadEntry_Auth' is visible

2024-07-13 22:58:01 - [MESSAGE][PASSED] - Object 'Object Repository/AdminSuiteBootstrap_Pages/VT_Bootstrap/IssueTransactions/a_PINPadEntry_Auth' is visible

2024-07-13 22:58:01 - [TEST_STEP][PASSED] - verifyElementPresent(findTestObject(path_VT + "a_PINPadEntry_Auth"), 30): Object 'Object Repository/AdminSuiteBootstrap_Pages/VT_Bootstrap/IssueTransactions/a_PINPadEntry_Auth' is present

2024-07-13 22:58:01 - [MESSAGE][PASSED] - Object 'Object Repository/AdminSuiteBootstrap_Pages/VT_Bootstrap/IssueTransactions/a_PINPadEntry_Auth' is present

2024-07-13 22:58:01 - [TEST_STEP][PASSED] - verifyElementVisible(findTestObject(path_VT + "a_Swipe_Auth")): Object 'Object Repository/AdminSuiteBootstrap_Pages/VT_Bootstrap/IssueTransactions/a_Swipe_Auth' is visible

2024-07-13 22:58:02 - [MESSAGE][PASSED] - Object 'Object Repository/AdminSuiteBootstrap_Pages/VT_Bootstrap/IssueTransactions/a_Swipe_Auth' is visible

2024-07-13 22:58:02 - [TEST_STEP][PASSED] - verifyElementPresent(findTestObject(path_VT + "a_Swipe_Auth"), 30): Object 'Object Repository/AdminSuiteBootstrap_Pages/VT_Bootstrap/IssueTransactions/a_Swipe_Auth' is present

2024-07-13 22:58:02 - [MESSAGE][PASSED] - Object 'Object Repository/AdminSuiteBootstrap_Pages/VT_Bootstrap/IssueTransactions/a_Swipe_Auth' is present

2024-07-13 22:58:02 - [TEST_STEP][PASSED] - verifyElementVisible(findTestObject(path_VT + "a_IngenicoKeypadEntry_Auth")): Object 'Object Repository/AdminSuiteBootstrap_Pages/VT_Bootstrap/IssueTransactions/a_IngenicoKeypadEntry_Auth' is visible

2024-07-13 22:58:02 - [MESSAGE][PASSED] - Object 'Object Repository/AdminSuiteBootstrap_Pages/VT_Bootstrap/IssueTransactions/a_IngenicoKeypadEntry_Auth' is visible

2024-07-13 22:58:02 - [TEST_STEP][PASSED] - verifyElementPresent(findTestObject(path_VT + "a_IngenicoKeypadEntry_Auth"), 30): Object 'Object Repository/AdminSuiteBootstrap_Pages/VT_Bootstrap/IssueTransactions/a_IngenicoKeypadEntry_Auth' is present

2024-07-13 22:58:03 - [MESSAGE][PASSED] - Object 'Object Repository/AdminSuiteBootstrap_Pages/VT_Bootstrap/IssueTransactions/a_IngenicoKeypadEntry_Auth' is present

2024-07-13 22:58:03 - [TEST_STEP][PASSED] - click(findTestObject(path_VT + "button_Authorization  Capture (Sale)")): Object: 'Object Repository/AdminSuiteBootstrap_Pages/VT_Bootstrap/IssueTransactions/button_Authorization  Capture (Sale)' is clicked on

2024-07-13 22:58:03 - [MESSAGE][PASSED] - Object: 'Object Repository/AdminSuiteBootstrap_Pages/VT_Bootstrap/IssueTransactions/button_Authorization  Capture (Sale)' is clicked on

2024-07-13 22:58:03 - [TEST_STEP][PASSED] - verifyElementVisible(findTestObject(path_VT + "a_KeyboardEntry_Sale")): Object 'Object Repository/AdminSuiteBootstrap_Pages/VT_Bootstrap/IssueTransactions/a_KeyboardEntry_Sale' is visible

2024-07-13 22:58:04 - [MESSAGE][PASSED] - Object 'Object Repository/AdminSuiteBootstrap_Pages/VT_Bootstrap/IssueTransactions/a_KeyboardEntry_Sale' is visible

2024-07-13 22:58:04 - [TEST_STEP][PASSED] - verifyElementPresent(findTestObject(path_VT + "a_KeyboardEntry_Sale"), 30): Object 'Object Repository/AdminSuiteBootstrap_Pages/VT_Bootstrap/IssueTransactions/a_KeyboardEntry_Sale' is present

2024-07-13 22:58:04 - [MESSAGE][PASSED] - Object 'Object Repository/AdminSuiteBootstrap_Pages/VT_Bootstrap/IssueTransactions/a_KeyboardEntry_Sale' is present

2024-07-13 22:58:04 - [TEST_STEP][PASSED] - verifyElementVisible(findTestObject(path_VT + "a_PINPadEntry_Sale")): Object 'Object Repository/AdminSuiteBootstrap_Pages/VT_Bootstrap/IssueTransactions/a_PINPadEntry_Sale' is visible

2024-07-13 22:58:04 - [MESSAGE][PASSED] - Object 'Object Repository/AdminSuiteBootstrap_Pages/VT_Bootstrap/IssueTransactions/a_PINPadEntry_Sale' is visible

2024-07-13 22:58:04 - [TEST_STEP][PASSED] - verifyElementPresent(findTestObject(path_VT + "a_PINPadEntry_Sale"), 30): Object 'Object Repository/AdminSuiteBootstrap_Pages/VT_Bootstrap/IssueTransactions/a_PINPadEntry_Sale' is present

2024-07-13 22:58:05 - [MESSAGE][PASSED] - Object 'Object Repository/AdminSuiteBootstrap_Pages/VT_Bootstrap/IssueTransactions/a_PINPadEntry_Sale' is present

2024-07-13 22:58:05 - [TEST_STEP][PASSED] - verifyElementVisible(findTestObject(path_VT + "a_Swipe_Sale")): Object 'Object Repository/AdminSuiteBootstrap_Pages/VT_Bootstrap/IssueTransactions/a_Swipe_Sale' is visible

2024-07-13 22:58:05 - [MESSAGE][PASSED] - Object 'Object Repository/AdminSuiteBootstrap_Pages/VT_Bootstrap/IssueTransactions/a_Swipe_Sale' is visible

2024-07-13 22:58:05 - [TEST_STEP][PASSED] - verifyElementPresent(findTestObject(path_VT + "a_Swipe_Sale"), 30): Object 'Object Repository/AdminSuiteBootstrap_Pages/VT_Bootstrap/IssueTransactions/a_Swipe_Sale' is present

2024-07-13 22:58:05 - [MESSAGE][PASSED] - Object 'Object Repository/AdminSuiteBootstrap_Pages/VT_Bootstrap/IssueTransactions/a_Swipe_Sale' is present

2024-07-13 22:58:05 - [TEST_STEP][PASSED] - verifyElementVisible(findTestObject(path_VT + "a_IngenicoKeypadEntry_Sale")): Object 'Object Repository/AdminSuiteBootstrap_Pages/VT_Bootstrap/IssueTransactions/a_IngenicoKeypadEntry_Sale' is visible

2024-07-13 22:58:06 - [MESSAGE][PASSED] - Object 'Object Repository/AdminSuiteBootstrap_Pages/VT_Bootstrap/IssueTransactions/a_IngenicoKeypadEntry_Sale' is visible

2024-07-13 22:58:06 - [TEST_STEP][PASSED] - verifyElementPresent(findTestObject(path_VT + "a_IngenicoKeypadEntry_Sale"), 30): Object 'Object Repository/AdminSuiteBootstrap_Pages/VT_Bootstrap/IssueTransactions/a_IngenicoKeypadEntry_Sale' is present

2024-07-13 22:58:06 - [MESSAGE][PASSED] - Object 'Object Repository/AdminSuiteBootstrap_Pages/VT_Bootstrap/IssueTransactions/a_IngenicoKeypadEntry_Sale' is present]]></system-out>
         <system-err><![CDATA[]]></system-err>
      </testcase>
      <testcase name="Test Cases/Admin Suite Bootstrap/UM_TestCases/Users/VerifyUsersLinks_UI_TC" time="85.082" classname="Test Cases/Admin Suite Bootstrap/UM_TestCases/Users/VerifyUsersLinks_UI_TC" status="FAILED">
         <failure type="FAILED" message="Test Cases/Admin Suite Bootstrap/UM_TestCases/Users/VerifyUsersLinks_UI_TC FAILED.
Reason:
com.kms.katalon.core.exception.StepFailedException: com.kms.katalon.core.webui.exception.WebElementNotFoundException: Web element with id: 'Object Repository/AdminSuiteBootstrap_Pages/UM_Bootstrap/a_CASEuser' located by '//*[@href = '/admin/imtiaz/bootstrap/vadministrator/users/view.do?uid=1100' and (text() = '[CASEuser]' or . = '[CASEuser]')]' not found (Root cause: com.kms.katalon.core.exception.StepFailedException: com.kms.katalon.core.webui.exception.WebElementNotFoundException: Web element with id: 'Object Repository/AdminSuiteBootstrap_Pages/UM_Bootstrap/a_CASEuser' located by '//*[@href = '/admin/imtiaz/bootstrap/vadministrator/users/view.do?uid=1100' and (text() = '[CASEuser]' or . = '[CASEuser]')]' not found
	at com.kms.katalon.core.webui.keyword.internal.WebUIKeywordMain.stepFailed(WebUIKeywordMain.groovy:64)
	at com.kms.katalon.core.webui.keyword.builtin.VerifyElementPresentKeyword$_verifyElementPresent_closure1.doCall(VerifyElementPresentKeyword.groovy:85)
	at com.kms.katalon.core.webui.keyword.builtin.VerifyElementPresentKeyword$_verifyElementPresent_closure1.call(VerifyElementPresentKeyword.groovy)
	at com.kms.katalon.core.webui.keyword.internal.WebUIKeywordMain.runKeyword(WebUIKeywordMain.groovy:20)
	at com.kms.katalon.core.webui.keyword.builtin.VerifyElementPresentKeyword.verifyElementPresent(VerifyElementPresentKeyword.groovy:92)
	at com.kms.katalon.core.webui.keyword.builtin.VerifyElementPresentKeyword.execute(VerifyElementPresentKeyword.groovy:68)
	at com.kms.katalon.core.keyword.internal.KeywordExecutor.executeKeywordForPlatform(KeywordExecutor.groovy:74)
	at com.kms.katalon.core.webui.keyword.WebUiBuiltInKeywords.verifyElementPresent(WebUiBuiltInKeywords.groovy:1464)
	at com.kms.katalon.core.webui.keyword.WebUiBuiltInKeywords$verifyElementPresent$1.call(Unknown Source)
	at VerifyUsersLinks_UI_TC.run(VerifyUsersLinks_UI_TC:46)
	at com.kms.katalon.core.main.ScriptEngine.run(ScriptEngine.java:194)
	at com.kms.katalon.core.main.ScriptEngine.runScriptAsRawText(ScriptEngine.java:119)
	at com.kms.katalon.core.main.TestCaseExecutor.runScript(TestCaseExecutor.java:448)
	at com.kms.katalon.core.main.TestCaseExecutor.doExecute(TestCaseExecutor.java:439)
	at com.kms.katalon.core.main.TestCaseExecutor.processExecutionPhase(TestCaseExecutor.java:418)
	at com.kms.katalon.core.main.TestCaseExecutor.accessMainPhase(TestCaseExecutor.java:410)
	at com.kms.katalon.core.main.TestCaseExecutor.execute(TestCaseExecutor.java:285)
	at com.kms.katalon.core.common.CommonExecutor.accessTestCaseMainPhase(CommonExecutor.java:65)
	at com.kms.katalon.core.main.TestSuiteExecutor.accessTestSuiteMainPhase(TestSuiteExecutor.java:148)
	at com.kms.katalon.core.main.TestSuiteExecutor.execute(TestSuiteExecutor.java:106)
	at com.kms.katalon.core.main.TestCaseMain.startTestSuite(TestCaseMain.java:187)
	at com.kms.katalon.core.main.TestCaseMain$startTestSuite$0.call(Unknown Source)
	at TempTestSuite1720925817697.run(TempTestSuite1720925817697.groovy:35)
)
	at com.kms.katalon.core.keyword.internal.KeywordMain.stepFailed(KeywordMain.groovy:39)
	at com.kms.katalon.core.webui.keyword.internal.WebUIKeywordMain.stepFailed(WebUIKeywordMain.groovy:64)
	at com.kms.katalon.core.webui.keyword.builtin.VerifyElementPresentKeyword$_verifyElementPresent_closure1.doCall(VerifyElementPresentKeyword.groovy:85)
	at com.kms.katalon.core.webui.keyword.builtin.VerifyElementPresentKeyword$_verifyElementPresent_closure1.call(VerifyElementPresentKeyword.groovy)
	at com.kms.katalon.core.webui.keyword.internal.WebUIKeywordMain.runKeyword(WebUIKeywordMain.groovy:20)
	at com.kms.katalon.core.webui.keyword.builtin.VerifyElementPresentKeyword.verifyElementPresent(VerifyElementPresentKeyword.groovy:92)
	at com.kms.katalon.core.webui.keyword.builtin.VerifyElementPresentKeyword.execute(VerifyElementPresentKeyword.groovy:68)
	at com.kms.katalon.core.keyword.internal.KeywordExecutor.executeKeywordForPlatform(KeywordExecutor.groovy:74)
	at com.kms.katalon.core.webui.keyword.WebUiBuiltInKeywords.verifyElementPresent(WebUiBuiltInKeywords.groovy:1464)
	at com.kms.katalon.core.webui.keyword.WebUiBuiltInKeywords$verifyElementPresent$1.call(Unknown Source)
	at VerifyUsersLinks_UI_TC.run(VerifyUsersLinks_UI_TC:46)
	at com.kms.katalon.core.main.ScriptEngine.run(ScriptEngine.java:194)
	at com.kms.katalon.core.main.ScriptEngine.runScriptAsRawText(ScriptEngine.java:119)
	at com.kms.katalon.core.main.TestCaseExecutor.runScript(TestCaseExecutor.java:448)
	at com.kms.katalon.core.main.TestCaseExecutor.doExecute(TestCaseExecutor.java:439)
	at com.kms.katalon.core.main.TestCaseExecutor.processExecutionPhase(TestCaseExecutor.java:418)
	at com.kms.katalon.core.main.TestCaseExecutor.accessMainPhase(TestCaseExecutor.java:410)
	at com.kms.katalon.core.main.TestCaseExecutor.execute(TestCaseExecutor.java:285)
	at com.kms.katalon.core.common.CommonExecutor.accessTestCaseMainPhase(CommonExecutor.java:65)
	at com.kms.katalon.core.main.TestSuiteExecutor.accessTestSuiteMainPhase(TestSuiteExecutor.java:148)
	at com.kms.katalon.core.main.TestSuiteExecutor.execute(TestSuiteExecutor.java:106)
	at com.kms.katalon.core.main.TestCaseMain.startTestSuite(TestCaseMain.java:187)
	at com.kms.katalon.core.main.TestCaseMain$startTestSuite$0.call(Unknown Source)
	at TempTestSuite1720925817697.run(TempTestSuite1720925817697.groovy:35)
Caused by: com.kms.katalon.core.exception.StepFailedException: com.kms.katalon.core.webui.exception.WebElementNotFoundException: Web element with id: 'Object Repository/AdminSuiteBootstrap_Pages/UM_Bootstrap/a_CASEuser' located by '//*[@href = '/admin/imtiaz/bootstrap/vadministrator/users/view.do?uid=1100' and (text() = '[CASEuser]' or . = '[CASEuser]')]' not found
	... 23 more
"/>
         <system-out><![CDATA[2024-07-13 22:58:06 - [TEST_CASE][FAILED] - Test Cases/Admin Suite Bootstrap/UM_TestCases/Users/VerifyUsersLinks_UI_TC: Test Cases/Admin Suite Bootstrap/UM_TestCases/Users/VerifyUsersLinks_UI_TC FAILED.
Reason:
com.kms.katalon.core.exception.StepFailedException: com.kms.katalon.core.webui.exception.WebElementNotFoundException: Web element with id: 'Object Repository/AdminSuiteBootstrap_Pages/UM_Bootstrap/a_CASEuser' located by '//*[@href = '/admin/imtiaz/bootstrap/vadministrator/users/view.do?uid=1100' and (text() = '[CASEuser]' or . = '[CASEuser]')]' not found (Root cause: com.kms.katalon.core.exception.StepFailedException: com.kms.katalon.core.webui.exception.WebElementNotFoundException: Web element with id: 'Object Repository/AdminSuiteBootstrap_Pages/UM_Bootstrap/a_CASEuser' located by '//*[@href = '/admin/imtiaz/bootstrap/vadministrator/users/view.do?uid=1100' and (text() = '[CASEuser]' or . = '[CASEuser]')]' not found
	at com.kms.katalon.core.webui.keyword.internal.WebUIKeywordMain.stepFailed(WebUIKeywordMain.groovy:64)
	at com.kms.katalon.core.webui.keyword.builtin.VerifyElementPresentKeyword$_verifyElementPresent_closure1.doCall(VerifyElementPresentKeyword.groovy:85)
	at com.kms.katalon.core.webui.keyword.builtin.VerifyElementPresentKeyword$_verifyElementPresent_closure1.call(VerifyElementPresentKeyword.groovy)
	at com.kms.katalon.core.webui.keyword.internal.WebUIKeywordMain.runKeyword(WebUIKeywordMain.groovy:20)
	at com.kms.katalon.core.webui.keyword.builtin.VerifyElementPresentKeyword.verifyElementPresent(VerifyElementPresentKeyword.groovy:92)
	at com.kms.katalon.core.webui.keyword.builtin.VerifyElementPresentKeyword.execute(VerifyElementPresentKeyword.groovy:68)
	at com.kms.katalon.core.keyword.internal.KeywordExecutor.executeKeywordForPlatform(KeywordExecutor.groovy:74)
	at com.kms.katalon.core.webui.keyword.WebUiBuiltInKeywords.verifyElementPresent(WebUiBuiltInKeywords.groovy:1464)
	at com.kms.katalon.core.webui.keyword.WebUiBuiltInKeywords$verifyElementPresent$1.call(Unknown Source)
	at VerifyUsersLinks_UI_TC.run(VerifyUsersLinks_UI_TC:46)
	at com.kms.katalon.core.main.ScriptEngine.run(ScriptEngine.java:194)
	at com.kms.katalon.core.main.ScriptEngine.runScriptAsRawText(ScriptEngine.java:119)
	at com.kms.katalon.core.main.TestCaseExecutor.runScript(TestCaseExecutor.java:448)
	at com.kms.katalon.core.main.TestCaseExecutor.doExecute(TestCaseExecutor.java:439)
	at com.kms.katalon.core.main.TestCaseExecutor.processExecutionPhase(TestCaseExecutor.java:418)
	at com.kms.katalon.core.main.TestCaseExecutor.accessMainPhase(TestCaseExecutor.java:410)
	at com.kms.katalon.core.main.TestCaseExecutor.execute(TestCaseExecutor.java:285)
	at com.kms.katalon.core.common.CommonExecutor.accessTestCaseMainPhase(CommonExecutor.java:65)
	at com.kms.katalon.core.main.TestSuiteExecutor.accessTestSuiteMainPhase(TestSuiteExecutor.java:148)
	at com.kms.katalon.core.main.TestSuiteExecutor.execute(TestSuiteExecutor.java:106)
	at com.kms.katalon.core.main.TestCaseMain.startTestSuite(TestCaseMain.java:187)
	at com.kms.katalon.core.main.TestCaseMain$startTestSuite$0.call(Unknown Source)
	at TempTestSuite1720925817697.run(TempTestSuite1720925817697.groovy:35)
)
	at com.kms.katalon.core.keyword.internal.KeywordMain.stepFailed(KeywordMain.groovy:39)
	at com.kms.katalon.core.webui.keyword.internal.WebUIKeywordMain.stepFailed(WebUIKeywordMain.groovy:64)
	at com.kms.katalon.core.webui.keyword.builtin.VerifyElementPresentKeyword$_verifyElementPresent_closure1.doCall(VerifyElementPresentKeyword.groovy:85)
	at com.kms.katalon.core.webui.keyword.builtin.VerifyElementPresentKeyword$_verifyElementPresent_closure1.call(VerifyElementPresentKeyword.groovy)
	at com.kms.katalon.core.webui.keyword.internal.WebUIKeywordMain.runKeyword(WebUIKeywordMain.groovy:20)
	at com.kms.katalon.core.webui.keyword.builtin.VerifyElementPresentKeyword.verifyElementPresent(VerifyElementPresentKeyword.groovy:92)
	at com.kms.katalon.core.webui.keyword.builtin.VerifyElementPresentKeyword.execute(VerifyElementPresentKeyword.groovy:68)
	at com.kms.katalon.core.keyword.internal.KeywordExecutor.executeKeywordForPlatform(KeywordExecutor.groovy:74)
	at com.kms.katalon.core.webui.keyword.WebUiBuiltInKeywords.verifyElementPresent(WebUiBuiltInKeywords.groovy:1464)
	at com.kms.katalon.core.webui.keyword.WebUiBuiltInKeywords$verifyElementPresent$1.call(Unknown Source)
	at VerifyUsersLinks_UI_TC.run(VerifyUsersLinks_UI_TC:46)
	at com.kms.katalon.core.main.ScriptEngine.run(ScriptEngine.java:194)
	at com.kms.katalon.core.main.ScriptEngine.runScriptAsRawText(ScriptEngine.java:119)
	at com.kms.katalon.core.main.TestCaseExecutor.runScript(TestCaseExecutor.java:448)
	at com.kms.katalon.core.main.TestCaseExecutor.doExecute(TestCaseExecutor.java:439)
	at com.kms.katalon.core.main.TestCaseExecutor.processExecutionPhase(TestCaseExecutor.java:418)
	at com.kms.katalon.core.main.TestCaseExecutor.accessMainPhase(TestCaseExecutor.java:410)
	at com.kms.katalon.core.main.TestCaseExecutor.execute(TestCaseExecutor.java:285)
	at com.kms.katalon.core.common.CommonExecutor.accessTestCaseMainPhase(CommonExecutor.java:65)
	at com.kms.katalon.core.main.TestSuiteExecutor.accessTestSuiteMainPhase(TestSuiteExecutor.java:148)
	at com.kms.katalon.core.main.TestSuiteExecutor.execute(TestSuiteExecutor.java:106)
	at com.kms.katalon.core.main.TestCaseMain.startTestSuite(TestCaseMain.java:187)
	at com.kms.katalon.core.main.TestCaseMain$startTestSuite$0.call(Unknown Source)
	at TempTestSuite1720925817697.run(TempTestSuite1720925817697.groovy:35)
Caused by: com.kms.katalon.core.exception.StepFailedException: com.kms.katalon.core.webui.exception.WebElementNotFoundException: Web element with id: 'Object Repository/AdminSuiteBootstrap_Pages/UM_Bootstrap/a_CASEuser' located by '//*[@href = '/admin/imtiaz/bootstrap/vadministrator/users/view.do?uid=1100' and (text() = '[CASEuser]' or . = '[CASEuser]')]' not found
	... 23 more


2024-07-13 22:58:06 - [TEST_STEP][PASSED] - path_Dashboard = "Object Repository/AdminSuiteBootstrap_Pages/Dashboard_Bootstrap/": null

2024-07-13 22:58:06 - [TEST_STEP][PASSED] - path_VT = "Object Repository/AdminSuiteBootstrap_Pages/VT_Bootstrap/": null

2024-07-13 22:58:06 - [TEST_STEP][PASSED] - path_UM = "Object Repository/AdminSuiteBootstrap_Pages/UM_Bootstrap/": null

2024-07-13 22:58:06 - [TEST_STEP][PASSED] - adminSuiteBootstrap.loginFunctionality.login_AdminSuite(): adminSuiteBootstrap.loginFunctionality.login_AdminSuite is PASSED

2024-07-13 22:58:06 - [MESSAGE][WARNING] - A browser is already opened. Closing browser and opening a new one

2024-07-13 22:58:07 - [MESSAGE][INFO] - Starting 'Chrome' driver

2024-07-13 22:58:07 - [MESSAGE][INFO] - User set preference: ['acceptInsecureCerts', 'true']

2024-07-13 22:58:07 - [MESSAGE][INFO] - Action delay is set to 0 milliseconds

2024-07-13 22:58:09 - [MESSAGE][PASSED] - Browser is opened with url: 'https://qa2.velocitypayment.com/admin/imtiaz'

2024-07-13 22:58:10 - [MESSAGE][PASSED] - Current window maximized

2024-07-13 22:58:11 - [MESSAGE][PASSED] - Object 'Object Repository/Login_Page/Login_Username_Okta' is present

2024-07-13 22:58:11 - [MESSAGE][PASSED] - Text 'iahmed' is set on object 'Object Repository/Login_Page/Login_Username_Okta'

2024-07-13 22:58:12 - [MESSAGE][PASSED] - Text 'Hello!6666666' is set on object 'Object Repository/Login_Page/Login_Password_Okta'

2024-07-13 22:58:13 - [MESSAGE][PASSED] - Object: 'Object Repository/Login_Page/Login_Submit_Okta' is clicked on

2024-07-13 22:58:13 - [MESSAGE][PASSED] - adminSuiteBootstrap.loginFunctionality.login_AdminSuite is PASSED

2024-07-13 22:58:13 - [TEST_STEP][PASSED] - click(findTestObject(path_Dashboard + "span_User Management")): Object: 'Object Repository/AdminSuiteBootstrap_Pages/Dashboard_Bootstrap/span_User Management' is clicked on

2024-07-13 22:58:20 - [MESSAGE][PASSED] - Object: 'Object Repository/AdminSuiteBootstrap_Pages/Dashboard_Bootstrap/span_User Management' is clicked on

2024-07-13 22:58:20 - [TEST_STEP][PASSED] - click(findTestObject(path_Dashboard + "a_Users")): Object: 'Object Repository/AdminSuiteBootstrap_Pages/Dashboard_Bootstrap/a_Users' is clicked on

2024-07-13 22:58:21 - [MESSAGE][PASSED] - Object: 'Object Repository/AdminSuiteBootstrap_Pages/Dashboard_Bootstrap/a_Users' is clicked on

2024-07-13 22:58:21 - [TEST_STEP][PASSED] - verifyTextPresent("Users", true): Text 'Users' is present on page  using regular expression

2024-07-13 22:58:21 - [MESSAGE][PASSED] - Text 'Users' is present on page  using regular expression

2024-07-13 22:58:21 - [TEST_STEP][PASSED] - verifyTextPresent("Total Users", true): Text 'Total Users' is present on page  using regular expression

2024-07-13 22:58:22 - [MESSAGE][PASSED] - Text 'Total Users' is present on page  using regular expression

2024-07-13 22:58:22 - [TEST_STEP][PASSED] - verifyTextPresent("User Name", true): Text 'User Name' is present on page  using regular expression

2024-07-13 22:58:22 - [MESSAGE][PASSED] - Text 'User Name' is present on page  using regular expression

2024-07-13 22:58:22 - [TEST_STEP][PASSED] - verifyTextPresent("User ID", true): Text 'User ID' is present on page  using regular expression

2024-07-13 22:58:22 - [MESSAGE][PASSED] - Text 'User ID' is present on page  using regular expression

2024-07-13 22:58:22 - [TEST_STEP][PASSED] - verifyElementVisible(findTestObject(path_UM + "button_Export_New")): Object 'Object Repository/AdminSuiteBootstrap_Pages/UM_Bootstrap/button_Export_New' is visible

2024-07-13 22:58:23 - [MESSAGE][PASSED] - Object 'Object Repository/AdminSuiteBootstrap_Pages/UM_Bootstrap/button_Export_New' is visible

2024-07-13 22:58:23 - [TEST_STEP][PASSED] - verifyElementPresent(findTestObject(path_UM + "button_Export_New"), 30): Object 'Object Repository/AdminSuiteBootstrap_Pages/UM_Bootstrap/button_Export_New' is present

2024-07-13 22:58:23 - [MESSAGE][PASSED] - Object 'Object Repository/AdminSuiteBootstrap_Pages/UM_Bootstrap/button_Export_New' is present

2024-07-13 22:58:23 - [TEST_STEP][PASSED] - verifyElementVisible(findTestObject(path_UM + "a_Find User")): Object 'Object Repository/AdminSuiteBootstrap_Pages/UM_Bootstrap/a_Find User' is visible

2024-07-13 22:58:24 - [MESSAGE][PASSED] - Object 'Object Repository/AdminSuiteBootstrap_Pages/UM_Bootstrap/a_Find User' is visible

2024-07-13 22:58:24 - [TEST_STEP][PASSED] - verifyElementPresent(findTestObject(path_UM + "a_Find User"), 30): Object 'Object Repository/AdminSuiteBootstrap_Pages/UM_Bootstrap/a_Find User' is present

2024-07-13 22:58:24 - [MESSAGE][PASSED] - Object 'Object Repository/AdminSuiteBootstrap_Pages/UM_Bootstrap/a_Find User' is present

2024-07-13 22:58:24 - [TEST_STEP][PASSED] - verifyElementVisible(findTestObject(path_UM + "a_Add User")): Object 'Object Repository/AdminSuiteBootstrap_Pages/UM_Bootstrap/a_Add User' is visible

2024-07-13 22:58:24 - [MESSAGE][PASSED] - Object 'Object Repository/AdminSuiteBootstrap_Pages/UM_Bootstrap/a_Add User' is visible

2024-07-13 22:58:24 - [TEST_STEP][PASSED] - verifyElementPresent(findTestObject(path_UM + "a_Add User"), 30): Object 'Object Repository/AdminSuiteBootstrap_Pages/UM_Bootstrap/a_Add User' is present

2024-07-13 22:58:25 - [MESSAGE][PASSED] - Object 'Object Repository/AdminSuiteBootstrap_Pages/UM_Bootstrap/a_Add User' is present

2024-07-13 22:58:25 - [TEST_STEP][PASSED] - verifyElementVisible(findTestObject(path_UM + "a_CASEuser")): Object 'Object Repository/AdminSuiteBootstrap_Pages/UM_Bootstrap/a_CASEuser' is visible

2024-07-13 22:58:56 - [MESSAGE][INFO] - Unable to find the element located by 'By.xpath: //*[@href = '/admin/imtiaz/bootstrap/vadministrator/users/view.do?uid=1100' and (text() = '[CASEuser]' or . = '[CASEuser]')]'. Please recheck the objects properties to make sure the desired element is located. 

2024-07-13 22:58:56 - [MESSAGE][WARNING] - [SELF-HEALING] Failed to find element with id 'Object Repository/AdminSuiteBootstrap_Pages/UM_Bootstrap/a_CASEuser'. Try using Self-healing.

2024-07-13 22:58:56 - [MESSAGE][WARNING] - [SELF-HEALING] The current locator of test object 'Object Repository/AdminSuiteBootstrap_Pages/UM_Bootstrap/a_CASEuser' was broken. Propose an alternative one: '//tbody[@id='loadUser']/tr/td[2]/a'.

2024-07-13 22:58:56 - [MESSAGE][PASSED] - Object 'Object Repository/AdminSuiteBootstrap_Pages/UM_Bootstrap/a_CASEuser' is visible

2024-07-13 22:58:56 - [TEST_STEP][FAILED] - verifyElementPresent(findTestObject(path_UM + "a_CASEuser"), 30): com.kms.katalon.core.webui.exception.WebElementNotFoundException: Web element with id: 'Object Repository/AdminSuiteBootstrap_Pages/UM_Bootstrap/a_CASEuser' located by '//*[@href = '/admin/imtiaz/bootstrap/vadministrator/users/view.do?uid=1100' and (text() = '[CASEuser]' or . = '[CASEuser]')]' not found (Root cause: com.kms.katalon.core.exception.StepFailedException: com.kms.katalon.core.webui.exception.WebElementNotFoundException: Web element with id: 'Object Repository/AdminSuiteBootstrap_Pages/UM_Bootstrap/a_CASEuser' located by '//*[@href = '/admin/imtiaz/bootstrap/vadministrator/users/view.do?uid=1100' and (text() = '[CASEuser]' or . = '[CASEuser]')]' not found
	at com.kms.katalon.core.webui.keyword.internal.WebUIKeywordMain.stepFailed(WebUIKeywordMain.groovy:64)
	at com.kms.katalon.core.webui.keyword.builtin.VerifyElementPresentKeyword$_verifyElementPresent_closure1.doCall(VerifyElementPresentKeyword.groovy:85)
	at com.kms.katalon.core.webui.keyword.builtin.VerifyElementPresentKeyword$_verifyElementPresent_closure1.call(VerifyElementPresentKeyword.groovy)
	at com.kms.katalon.core.webui.keyword.internal.WebUIKeywordMain.runKeyword(WebUIKeywordMain.groovy:20)
	at com.kms.katalon.core.webui.keyword.builtin.VerifyElementPresentKeyword.verifyElementPresent(VerifyElementPresentKeyword.groovy:92)
	at com.kms.katalon.core.webui.keyword.builtin.VerifyElementPresentKeyword.execute(VerifyElementPresentKeyword.groovy:68)
	at com.kms.katalon.core.keyword.internal.KeywordExecutor.executeKeywordForPlatform(KeywordExecutor.groovy:74)
	at com.kms.katalon.core.webui.keyword.WebUiBuiltInKeywords.verifyElementPresent(WebUiBuiltInKeywords.groovy:1464)
	at com.kms.katalon.core.webui.keyword.WebUiBuiltInKeywords$verifyElementPresent$1.call(Unknown Source)
	at VerifyUsersLinks_UI_TC.run(VerifyUsersLinks_UI_TC:46)
	at com.kms.katalon.core.main.ScriptEngine.run(ScriptEngine.java:194)
	at com.kms.katalon.core.main.ScriptEngine.runScriptAsRawText(ScriptEngine.java:119)
	at com.kms.katalon.core.main.TestCaseExecutor.runScript(TestCaseExecutor.java:448)
	at com.kms.katalon.core.main.TestCaseExecutor.doExecute(TestCaseExecutor.java:439)
	at com.kms.katalon.core.main.TestCaseExecutor.processExecutionPhase(TestCaseExecutor.java:418)
	at com.kms.katalon.core.main.TestCaseExecutor.accessMainPhase(TestCaseExecutor.java:410)
	at com.kms.katalon.core.main.TestCaseExecutor.execute(TestCaseExecutor.java:285)
	at com.kms.katalon.core.common.CommonExecutor.accessTestCaseMainPhase(CommonExecutor.java:65)
	at com.kms.katalon.core.main.TestSuiteExecutor.accessTestSuiteMainPhase(TestSuiteExecutor.java:148)
	at com.kms.katalon.core.main.TestSuiteExecutor.execute(TestSuiteExecutor.java:106)
	at com.kms.katalon.core.main.TestCaseMain.startTestSuite(TestCaseMain.java:187)
	at com.kms.katalon.core.main.TestCaseMain$startTestSuite$0.call(Unknown Source)
	at TempTestSuite1720925817697.run(TempTestSuite1720925817697.groovy:35)
)

2024-07-13 22:59:27 - [MESSAGE][INFO] - Unable to find the element located by 'By.xpath: //*[@href = '/admin/imtiaz/bootstrap/vadministrator/users/view.do?uid=1100' and (text() = '[CASEuser]' or . = '[CASEuser]')]'. Please recheck the objects properties to make sure the desired element is located. 

2024-07-13 22:59:28 - [MESSAGE][FAILED] - com.kms.katalon.core.webui.exception.WebElementNotFoundException: Web element with id: 'Object Repository/AdminSuiteBootstrap_Pages/UM_Bootstrap/a_CASEuser' located by '//*[@href = '/admin/imtiaz/bootstrap/vadministrator/users/view.do?uid=1100' and (text() = '[CASEuser]' or . = '[CASEuser]')]' not found (Root cause: com.kms.katalon.core.exception.StepFailedException: com.kms.katalon.core.webui.exception.WebElementNotFoundException: Web element with id: 'Object Repository/AdminSuiteBootstrap_Pages/UM_Bootstrap/a_CASEuser' located by '//*[@href = '/admin/imtiaz/bootstrap/vadministrator/users/view.do?uid=1100' and (text() = '[CASEuser]' or . = '[CASEuser]')]' not found
	at com.kms.katalon.core.webui.keyword.internal.WebUIKeywordMain.stepFailed(WebUIKeywordMain.groovy:64)
	at com.kms.katalon.core.webui.keyword.builtin.VerifyElementPresentKeyword$_verifyElementPresent_closure1.doCall(VerifyElementPresentKeyword.groovy:85)
	at com.kms.katalon.core.webui.keyword.builtin.VerifyElementPresentKeyword$_verifyElementPresent_closure1.call(VerifyElementPresentKeyword.groovy)
	at com.kms.katalon.core.webui.keyword.internal.WebUIKeywordMain.runKeyword(WebUIKeywordMain.groovy:20)
	at com.kms.katalon.core.webui.keyword.builtin.VerifyElementPresentKeyword.verifyElementPresent(VerifyElementPresentKeyword.groovy:92)
	at com.kms.katalon.core.webui.keyword.builtin.VerifyElementPresentKeyword.execute(VerifyElementPresentKeyword.groovy:68)
	at com.kms.katalon.core.keyword.internal.KeywordExecutor.executeKeywordForPlatform(KeywordExecutor.groovy:74)
	at com.kms.katalon.core.webui.keyword.WebUiBuiltInKeywords.verifyElementPresent(WebUiBuiltInKeywords.groovy:1464)
	at com.kms.katalon.core.webui.keyword.WebUiBuiltInKeywords$verifyElementPresent$1.call(Unknown Source)
	at VerifyUsersLinks_UI_TC.run(VerifyUsersLinks_UI_TC:46)
	at com.kms.katalon.core.main.ScriptEngine.run(ScriptEngine.java:194)
	at com.kms.katalon.core.main.ScriptEngine.runScriptAsRawText(ScriptEngine.java:119)
	at com.kms.katalon.core.main.TestCaseExecutor.runScript(TestCaseExecutor.java:448)
	at com.kms.katalon.core.main.TestCaseExecutor.doExecute(TestCaseExecutor.java:439)
	at com.kms.katalon.core.main.TestCaseExecutor.processExecutionPhase(TestCaseExecutor.java:418)
	at com.kms.katalon.core.main.TestCaseExecutor.accessMainPhase(TestCaseExecutor.java:410)
	at com.kms.katalon.core.main.TestCaseExecutor.execute(TestCaseExecutor.java:285)
	at com.kms.katalon.core.common.CommonExecutor.accessTestCaseMainPhase(CommonExecutor.java:65)
	at com.kms.katalon.core.main.TestSuiteExecutor.accessTestSuiteMainPhase(TestSuiteExecutor.java:148)
	at com.kms.katalon.core.main.TestSuiteExecutor.execute(TestSuiteExecutor.java:106)
	at com.kms.katalon.core.main.TestCaseMain.startTestSuite(TestCaseMain.java:187)
	at com.kms.katalon.core.main.TestCaseMain$startTestSuite$0.call(Unknown Source)
	at TempTestSuite1720925817697.run(TempTestSuite1720925817697.groovy:35)
)
[[ATTACHMENT|E:\\Cloned-Project-Katalon\\VPS-Katalon\\Reports\\20240713_225657\\QA\\VT-Bootstrap\\AdminSuiteBootstrap_UI_TestSuite\\20240713_225657\\1720925967799.png]]

2024-07-13 22:59:28 - [TEST_STEP][PASSED] - verifyElementVisible(findTestObject(path_UM + "li_First")): Object 'Object Repository/AdminSuiteBootstrap_Pages/UM_Bootstrap/li_First' is visible

2024-07-13 22:59:28 - [MESSAGE][PASSED] - Object 'Object Repository/AdminSuiteBootstrap_Pages/UM_Bootstrap/li_First' is visible

2024-07-13 22:59:28 - [TEST_STEP][PASSED] - verifyElementPresent(findTestObject(path_UM + "li_First"), 30): Object 'Object Repository/AdminSuiteBootstrap_Pages/UM_Bootstrap/li_First' is present

2024-07-13 22:59:28 - [MESSAGE][PASSED] - Object 'Object Repository/AdminSuiteBootstrap_Pages/UM_Bootstrap/li_First' is present

2024-07-13 22:59:28 - [TEST_STEP][PASSED] - verifyElementVisible(findTestObject(path_UM + "li_Prev")): Object 'Object Repository/AdminSuiteBootstrap_Pages/UM_Bootstrap/li_Prev' is visible

2024-07-13 22:59:29 - [MESSAGE][PASSED] - Object 'Object Repository/AdminSuiteBootstrap_Pages/UM_Bootstrap/li_Prev' is visible

2024-07-13 22:59:29 - [TEST_STEP][PASSED] - verifyElementPresent(findTestObject(path_UM + "li_Prev"), 30): Object 'Object Repository/AdminSuiteBootstrap_Pages/UM_Bootstrap/li_Prev' is present

2024-07-13 22:59:29 - [MESSAGE][PASSED] - Object 'Object Repository/AdminSuiteBootstrap_Pages/UM_Bootstrap/li_Prev' is present

2024-07-13 22:59:29 - [TEST_STEP][PASSED] - verifyElementVisible(findTestObject(path_UM + "a_1")): Object 'Object Repository/AdminSuiteBootstrap_Pages/UM_Bootstrap/a_1' is visible

2024-07-13 22:59:29 - [MESSAGE][PASSED] - Object 'Object Repository/AdminSuiteBootstrap_Pages/UM_Bootstrap/a_1' is visible

2024-07-13 22:59:29 - [TEST_STEP][PASSED] - verifyElementPresent(findTestObject(path_UM + "a_1"), 30): Object 'Object Repository/AdminSuiteBootstrap_Pages/UM_Bootstrap/a_1' is present

2024-07-13 22:59:30 - [MESSAGE][PASSED] - Object 'Object Repository/AdminSuiteBootstrap_Pages/UM_Bootstrap/a_1' is present

2024-07-13 22:59:30 - [TEST_STEP][PASSED] - verifyElementVisible(findTestObject(path_UM + "a_Next")): Object 'Object Repository/AdminSuiteBootstrap_Pages/UM_Bootstrap/a_Next' is visible

2024-07-13 22:59:30 - [MESSAGE][PASSED] - Object 'Object Repository/AdminSuiteBootstrap_Pages/UM_Bootstrap/a_Next' is visible

2024-07-13 22:59:30 - [TEST_STEP][PASSED] - verifyElementPresent(findTestObject(path_UM + "a_Next"), 30): Object 'Object Repository/AdminSuiteBootstrap_Pages/UM_Bootstrap/a_Next' is present

2024-07-13 22:59:30 - [MESSAGE][PASSED] - Object 'Object Repository/AdminSuiteBootstrap_Pages/UM_Bootstrap/a_Next' is present

2024-07-13 22:59:30 - [TEST_STEP][PASSED] - verifyElementVisible(findTestObject(path_UM + "a_Last")): Object 'Object Repository/AdminSuiteBootstrap_Pages/UM_Bootstrap/a_Last' is visible

2024-07-13 22:59:31 - [MESSAGE][PASSED] - Object 'Object Repository/AdminSuiteBootstrap_Pages/UM_Bootstrap/a_Last' is visible

2024-07-13 22:59:31 - [TEST_STEP][PASSED] - verifyElementPresent(findTestObject(path_UM + "a_Last"), 30): Object 'Object Repository/AdminSuiteBootstrap_Pages/UM_Bootstrap/a_Last' is present

2024-07-13 22:59:31 - [MESSAGE][PASSED] - Object 'Object Repository/AdminSuiteBootstrap_Pages/UM_Bootstrap/a_Last' is present]]></system-out>
         <system-err><![CDATA[2024-07-13 22:58:06 - [TEST_CASE][FAILED] - Test Cases/Admin Suite Bootstrap/UM_TestCases/Users/VerifyUsersLinks_UI_TC: Test Cases/Admin Suite Bootstrap/UM_TestCases/Users/VerifyUsersLinks_UI_TC FAILED.
Reason:
com.kms.katalon.core.exception.StepFailedException: com.kms.katalon.core.webui.exception.WebElementNotFoundException: Web element with id: 'Object Repository/AdminSuiteBootstrap_Pages/UM_Bootstrap/a_CASEuser' located by '//*[@href = '/admin/imtiaz/bootstrap/vadministrator/users/view.do?uid=1100' and (text() = '[CASEuser]' or . = '[CASEuser]')]' not found (Root cause: com.kms.katalon.core.exception.StepFailedException: com.kms.katalon.core.webui.exception.WebElementNotFoundException: Web element with id: 'Object Repository/AdminSuiteBootstrap_Pages/UM_Bootstrap/a_CASEuser' located by '//*[@href = '/admin/imtiaz/bootstrap/vadministrator/users/view.do?uid=1100' and (text() = '[CASEuser]' or . = '[CASEuser]')]' not found
	at com.kms.katalon.core.webui.keyword.internal.WebUIKeywordMain.stepFailed(WebUIKeywordMain.groovy:64)
	at com.kms.katalon.core.webui.keyword.builtin.VerifyElementPresentKeyword$_verifyElementPresent_closure1.doCall(VerifyElementPresentKeyword.groovy:85)
	at com.kms.katalon.core.webui.keyword.builtin.VerifyElementPresentKeyword$_verifyElementPresent_closure1.call(VerifyElementPresentKeyword.groovy)
	at com.kms.katalon.core.webui.keyword.internal.WebUIKeywordMain.runKeyword(WebUIKeywordMain.groovy:20)
	at com.kms.katalon.core.webui.keyword.builtin.VerifyElementPresentKeyword.verifyElementPresent(VerifyElementPresentKeyword.groovy:92)
	at com.kms.katalon.core.webui.keyword.builtin.VerifyElementPresentKeyword.execute(VerifyElementPresentKeyword.groovy:68)
	at com.kms.katalon.core.keyword.internal.KeywordExecutor.executeKeywordForPlatform(KeywordExecutor.groovy:74)
	at com.kms.katalon.core.webui.keyword.WebUiBuiltInKeywords.verifyElementPresent(WebUiBuiltInKeywords.groovy:1464)
	at com.kms.katalon.core.webui.keyword.WebUiBuiltInKeywords$verifyElementPresent$1.call(Unknown Source)
	at VerifyUsersLinks_UI_TC.run(VerifyUsersLinks_UI_TC:46)
	at com.kms.katalon.core.main.ScriptEngine.run(ScriptEngine.java:194)
	at com.kms.katalon.core.main.ScriptEngine.runScriptAsRawText(ScriptEngine.java:119)
	at com.kms.katalon.core.main.TestCaseExecutor.runScript(TestCaseExecutor.java:448)
	at com.kms.katalon.core.main.TestCaseExecutor.doExecute(TestCaseExecutor.java:439)
	at com.kms.katalon.core.main.TestCaseExecutor.processExecutionPhase(TestCaseExecutor.java:418)
	at com.kms.katalon.core.main.TestCaseExecutor.accessMainPhase(TestCaseExecutor.java:410)
	at com.kms.katalon.core.main.TestCaseExecutor.execute(TestCaseExecutor.java:285)
	at com.kms.katalon.core.common.CommonExecutor.accessTestCaseMainPhase(CommonExecutor.java:65)
	at com.kms.katalon.core.main.TestSuiteExecutor.accessTestSuiteMainPhase(TestSuiteExecutor.java:148)
	at com.kms.katalon.core.main.TestSuiteExecutor.execute(TestSuiteExecutor.java:106)
	at com.kms.katalon.core.main.TestCaseMain.startTestSuite(TestCaseMain.java:187)
	at com.kms.katalon.core.main.TestCaseMain$startTestSuite$0.call(Unknown Source)
	at TempTestSuite1720925817697.run(TempTestSuite1720925817697.groovy:35)
)
	at com.kms.katalon.core.keyword.internal.KeywordMain.stepFailed(KeywordMain.groovy:39)
	at com.kms.katalon.core.webui.keyword.internal.WebUIKeywordMain.stepFailed(WebUIKeywordMain.groovy:64)
	at com.kms.katalon.core.webui.keyword.builtin.VerifyElementPresentKeyword$_verifyElementPresent_closure1.doCall(VerifyElementPresentKeyword.groovy:85)
	at com.kms.katalon.core.webui.keyword.builtin.VerifyElementPresentKeyword$_verifyElementPresent_closure1.call(VerifyElementPresentKeyword.groovy)
	at com.kms.katalon.core.webui.keyword.internal.WebUIKeywordMain.runKeyword(WebUIKeywordMain.groovy:20)
	at com.kms.katalon.core.webui.keyword.builtin.VerifyElementPresentKeyword.verifyElementPresent(VerifyElementPresentKeyword.groovy:92)
	at com.kms.katalon.core.webui.keyword.builtin.VerifyElementPresentKeyword.execute(VerifyElementPresentKeyword.groovy:68)
	at com.kms.katalon.core.keyword.internal.KeywordExecutor.executeKeywordForPlatform(KeywordExecutor.groovy:74)
	at com.kms.katalon.core.webui.keyword.WebUiBuiltInKeywords.verifyElementPresent(WebUiBuiltInKeywords.groovy:1464)
	at com.kms.katalon.core.webui.keyword.WebUiBuiltInKeywords$verifyElementPresent$1.call(Unknown Source)
	at VerifyUsersLinks_UI_TC.run(VerifyUsersLinks_UI_TC:46)
	at com.kms.katalon.core.main.ScriptEngine.run(ScriptEngine.java:194)
	at com.kms.katalon.core.main.ScriptEngine.runScriptAsRawText(ScriptEngine.java:119)
	at com.kms.katalon.core.main.TestCaseExecutor.runScript(TestCaseExecutor.java:448)
	at com.kms.katalon.core.main.TestCaseExecutor.doExecute(TestCaseExecutor.java:439)
	at com.kms.katalon.core.main.TestCaseExecutor.processExecutionPhase(TestCaseExecutor.java:418)
	at com.kms.katalon.core.main.TestCaseExecutor.accessMainPhase(TestCaseExecutor.java:410)
	at com.kms.katalon.core.main.TestCaseExecutor.execute(TestCaseExecutor.java:285)
	at com.kms.katalon.core.common.CommonExecutor.accessTestCaseMainPhase(CommonExecutor.java:65)
	at com.kms.katalon.core.main.TestSuiteExecutor.accessTestSuiteMainPhase(TestSuiteExecutor.java:148)
	at com.kms.katalon.core.main.TestSuiteExecutor.execute(TestSuiteExecutor.java:106)
	at com.kms.katalon.core.main.TestCaseMain.startTestSuite(TestCaseMain.java:187)
	at com.kms.katalon.core.main.TestCaseMain$startTestSuite$0.call(Unknown Source)
	at TempTestSuite1720925817697.run(TempTestSuite1720925817697.groovy:35)
Caused by: com.kms.katalon.core.exception.StepFailedException: com.kms.katalon.core.webui.exception.WebElementNotFoundException: Web element with id: 'Object Repository/AdminSuiteBootstrap_Pages/UM_Bootstrap/a_CASEuser' located by '//*[@href = '/admin/imtiaz/bootstrap/vadministrator/users/view.do?uid=1100' and (text() = '[CASEuser]' or . = '[CASEuser]')]' not found
	... 23 more]]></system-err>
      </testcase>
      <testcase name="Test Cases/Admin Suite Bootstrap/VT_TestCases/VerifySaleKeyboard_UI_1_TC" time="39.265" classname="Test Cases/Admin Suite Bootstrap/VT_TestCases/VerifySaleKeyboard_UI_1_TC" status="PASSED">
         <system-out><![CDATA[2024-07-13 22:59:31 - [TEST_CASE][PASSED] - Test Cases/Admin Suite Bootstrap/VT_TestCases/VerifySaleKeyboard_UI_1_TC: Test Cases/Admin Suite Bootstrap/VT_TestCases/VerifySaleKeyboard_UI_1_TC

2024-07-13 22:59:31 - [TEST_STEP][PASSED] - path_Dashboard = "Object Repository/AdminSuiteBootstrap_Pages/Dashboard_Bootstrap/": null

2024-07-13 22:59:31 - [TEST_STEP][PASSED] - path_VT = "Object Repository/AdminSuiteBootstrap_Pages/VT_Bootstrap/IssueTransactions/": null

2024-07-13 22:59:31 - [TEST_STEP][PASSED] - path_SaleKB = "Object Repository/AdminSuiteBootstrap_Pages/VT_Bootstrap/SaleKeyboard/": null

2024-07-13 22:59:31 - [TEST_STEP][PASSED] - appliID = "238": null

2024-07-13 22:59:31 - [TEST_STEP][PASSED] - li_1 = "/admin/imtiaz/bootstrap/vpos/": null

2024-07-13 22:59:31 - [TEST_STEP][PASSED] - li_2 = "/transactions/AuthCapForm/": null

2024-07-13 22:59:31 - [TEST_STEP][PASSED] - hrefAppID = li_1 + appliID + li_2: null

2024-07-13 22:59:31 - [TEST_STEP][PASSED] - out.println("hrefID is : " + hrefAppID): null

2024-07-13 22:59:31 - [TEST_STEP][PASSED] - adminSuiteBootstrap.loginFunctionality.login_AdminSuite(): adminSuiteBootstrap.loginFunctionality.login_AdminSuite is PASSED

2024-07-13 22:59:31 - [MESSAGE][WARNING] - A browser is already opened. Closing browser and opening a new one

2024-07-13 22:59:33 - [MESSAGE][INFO] - Starting 'Chrome' driver

2024-07-13 22:59:33 - [MESSAGE][INFO] - User set preference: ['acceptInsecureCerts', 'true']

2024-07-13 22:59:33 - [MESSAGE][INFO] - Action delay is set to 0 milliseconds

2024-07-13 22:59:35 - [MESSAGE][PASSED] - Browser is opened with url: 'https://qa2.velocitypayment.com/admin/imtiaz'

2024-07-13 22:59:35 - [MESSAGE][PASSED] - Current window maximized

2024-07-13 22:59:36 - [MESSAGE][PASSED] - Object 'Object Repository/Login_Page/Login_Username_Okta' is present

2024-07-13 22:59:37 - [MESSAGE][PASSED] - Text 'iahmed' is set on object 'Object Repository/Login_Page/Login_Username_Okta'

2024-07-13 22:59:38 - [MESSAGE][PASSED] - Text 'Hello!6666666' is set on object 'Object Repository/Login_Page/Login_Password_Okta'

2024-07-13 22:59:38 - [MESSAGE][PASSED] - Object: 'Object Repository/Login_Page/Login_Submit_Okta' is clicked on

2024-07-13 22:59:38 - [MESSAGE][PASSED] - adminSuiteBootstrap.loginFunctionality.login_AdminSuite is PASSED

2024-07-13 22:59:38 - [TEST_STEP][PASSED] - click(findTestObject(path_Dashboard + "span_Payment")): Object: 'Object Repository/AdminSuiteBootstrap_Pages/Dashboard_Bootstrap/span_Payment' is clicked on

2024-07-13 22:59:46 - [MESSAGE][PASSED] - Object: 'Object Repository/AdminSuiteBootstrap_Pages/Dashboard_Bootstrap/span_Payment' is clicked on

2024-07-13 22:59:46 - [TEST_STEP][PASSED] - click(findTestObject(path_Dashboard + "a_HelloWorld3")): Object: 'Object Repository/AdminSuiteBootstrap_Pages/Dashboard_Bootstrap/a_HelloWorld3' is clicked on

2024-07-13 22:59:47 - [MESSAGE][PASSED] - Object: 'Object Repository/AdminSuiteBootstrap_Pages/Dashboard_Bootstrap/a_HelloWorld3' is clicked on

2024-07-13 22:59:47 - [TEST_STEP][PASSED] - click(findTestObject(path_VT + "button_Authorization  Capture (Sale)")): Object: 'Object Repository/AdminSuiteBootstrap_Pages/VT_Bootstrap/IssueTransactions/button_Authorization  Capture (Sale)' is clicked on

2024-07-13 22:59:47 - [MESSAGE][PASSED] - Object: 'Object Repository/AdminSuiteBootstrap_Pages/VT_Bootstrap/IssueTransactions/button_Authorization  Capture (Sale)' is clicked on

2024-07-13 22:59:47 - [TEST_STEP][PASSED] - saleKeyboardEntryLink = modifyObjectProperty(findTestObject(path_VT + "a_KeyboardEntry_Sale"), "href", "equals", hrefAppID, true): Modify property of object successfully

2024-07-13 22:59:47 - [MESSAGE][PASSED] - Modify property of object successfully

2024-07-13 22:59:47 - [TEST_STEP][PASSED] - click(saleKeyboardEntryLink): Object: 'Object Repository/AdminSuiteBootstrap_Pages/VT_Bootstrap/IssueTransactions/a_KeyboardEntry_Sale' is clicked on

2024-07-13 22:59:48 - [MESSAGE][PASSED] - Object: 'Object Repository/AdminSuiteBootstrap_Pages/VT_Bootstrap/IssueTransactions/a_KeyboardEntry_Sale' is clicked on

2024-07-13 22:59:48 - [TEST_STEP][PASSED] - verifyTextPresent("Issue Transactions", true): Text 'Issue Transactions' is present on page  using regular expression

2024-07-13 22:59:49 - [MESSAGE][PASSED] - Text 'Issue Transactions' is present on page  using regular expression

2024-07-13 22:59:49 - [TEST_STEP][PASSED] - verifyTextPresent("Credit Card Authorization Capture", true): Text 'Credit Card Authorization Capture' is present on page  using regular expression

2024-07-13 22:59:49 - [MESSAGE][PASSED] - Text 'Credit Card Authorization Capture' is present on page  using regular expression

2024-07-13 22:59:49 - [TEST_STEP][PASSED] - verifyTextPresent("Required fields are highlighted with an asterisk", true): Text 'Required fields are highlighted with an asterisk' is present on page  using regular expression

2024-07-13 22:59:50 - [MESSAGE][PASSED] - Text 'Required fields are highlighted with an asterisk' is present on page  using regular expression

2024-07-13 22:59:50 - [TEST_STEP][PASSED] - verifyTextPresent("Remittance ID", true): Text 'Remittance ID' is present on page  using regular expression

2024-07-13 22:59:50 - [MESSAGE][PASSED] - Text 'Remittance ID' is present on page  using regular expression

2024-07-13 22:59:50 - [TEST_STEP][PASSED] - verifyTextPresent("Bill/Invoice Information", true): Text 'Bill/Invoice Information' is present on page  using regular expression

2024-07-13 22:59:51 - [MESSAGE][PASSED] - Text 'Bill/Invoice Information' is present on page  using regular expression

2024-07-13 22:59:51 - [TEST_STEP][PASSED] - verifyTextPresent("Application: Hello World3", true): Text 'Application: Hello World3' is present on page  using regular expression

2024-07-13 22:59:51 - [MESSAGE][PASSED] - Text 'Application: Hello World3' is present on page  using regular expression

2024-07-13 22:59:51 - [TEST_STEP][PASSED] - verifyElementVisible(findTestObject(path_SaleKB + "input_cardName")): Object 'Object Repository/AdminSuiteBootstrap_Pages/VT_Bootstrap/SaleKeyboard/input_cardName' is visible

2024-07-13 22:59:51 - [MESSAGE][PASSED] - Object 'Object Repository/AdminSuiteBootstrap_Pages/VT_Bootstrap/SaleKeyboard/input_cardName' is visible

2024-07-13 22:59:51 - [TEST_STEP][PASSED] - verifyElementPresent(findTestObject(path_SaleKB + "input_cardName"), 30): Object 'Object Repository/AdminSuiteBootstrap_Pages/VT_Bootstrap/SaleKeyboard/input_cardName' is present

2024-07-13 22:59:52 - [MESSAGE][PASSED] - Object 'Object Repository/AdminSuiteBootstrap_Pages/VT_Bootstrap/SaleKeyboard/input_cardName' is present

2024-07-13 22:59:52 - [TEST_STEP][PASSED] - verifyElementVisible(findTestObject(path_SaleKB + "select_transactionCategory")): Object 'Object Repository/AdminSuiteBootstrap_Pages/VT_Bootstrap/SaleKeyboard/select_transactionCategory' is visible

2024-07-13 22:59:52 - [MESSAGE][PASSED] - Object 'Object Repository/AdminSuiteBootstrap_Pages/VT_Bootstrap/SaleKeyboard/select_transactionCategory' is visible

2024-07-13 22:59:52 - [TEST_STEP][PASSED] - verifyElementPresent(findTestObject(path_SaleKB + "select_transactionCategory"), 30): Object 'Object Repository/AdminSuiteBootstrap_Pages/VT_Bootstrap/SaleKeyboard/select_transactionCategory' is present

2024-07-13 22:59:52 - [MESSAGE][PASSED] - Object 'Object Repository/AdminSuiteBootstrap_Pages/VT_Bootstrap/SaleKeyboard/select_transactionCategory' is present

2024-07-13 22:59:52 - [TEST_STEP][PASSED] - verifyElementPresent(findTestObject(path_SaleKB + "input__cardNumber"), 30): Object 'Object Repository/AdminSuiteBootstrap_Pages/VT_Bootstrap/SaleKeyboard/input__cardNumber' is present

2024-07-13 22:59:53 - [MESSAGE][PASSED] - Object 'Object Repository/AdminSuiteBootstrap_Pages/VT_Bootstrap/SaleKeyboard/input__cardNumber' is present

2024-07-13 22:59:53 - [TEST_STEP][PASSED] - verifyElementPresent(findTestObject(path_SaleKB + "input__cvv"), 30): Object 'Object Repository/AdminSuiteBootstrap_Pages/VT_Bootstrap/SaleKeyboard/input__cvv' is present

2024-07-13 22:59:53 - [MESSAGE][PASSED] - Object 'Object Repository/AdminSuiteBootstrap_Pages/VT_Bootstrap/SaleKeyboard/input__cvv' is present

2024-07-13 22:59:53 - [TEST_STEP][PASSED] - verifyElementVisible(findTestObject(path_SaleKB + "select_MM")): Object 'Object Repository/AdminSuiteBootstrap_Pages/VT_Bootstrap/SaleKeyboard/select_MM' is visible

2024-07-13 22:59:53 - [MESSAGE][PASSED] - Object 'Object Repository/AdminSuiteBootstrap_Pages/VT_Bootstrap/SaleKeyboard/select_MM' is visible

2024-07-13 22:59:53 - [TEST_STEP][PASSED] - verifyElementPresent(findTestObject(path_SaleKB + "select_MM"), 30): Object 'Object Repository/AdminSuiteBootstrap_Pages/VT_Bootstrap/SaleKeyboard/select_MM' is present

2024-07-13 22:59:54 - [MESSAGE][PASSED] - Object 'Object Repository/AdminSuiteBootstrap_Pages/VT_Bootstrap/SaleKeyboard/select_MM' is present

2024-07-13 22:59:54 - [TEST_STEP][PASSED] - verifyElementVisible(findTestObject(path_SaleKB + "select_YYYY")): Object 'Object Repository/AdminSuiteBootstrap_Pages/VT_Bootstrap/SaleKeyboard/select_YYYY' is visible

2024-07-13 22:59:54 - [MESSAGE][PASSED] - Object 'Object Repository/AdminSuiteBootstrap_Pages/VT_Bootstrap/SaleKeyboard/select_YYYY' is visible

2024-07-13 22:59:54 - [TEST_STEP][PASSED] - verifyElementPresent(findTestObject(path_SaleKB + "select_YYYY"), 30): Object 'Object Repository/AdminSuiteBootstrap_Pages/VT_Bootstrap/SaleKeyboard/select_YYYY' is present

2024-07-13 22:59:54 - [MESSAGE][PASSED] - Object 'Object Repository/AdminSuiteBootstrap_Pages/VT_Bootstrap/SaleKeyboard/select_YYYY' is present

2024-07-13 22:59:54 - [TEST_STEP][PASSED] - verifyElementVisible(findTestObject(path_SaleKB + "input__address")): Object 'Object Repository/AdminSuiteBootstrap_Pages/VT_Bootstrap/SaleKeyboard/input__address' is visible

2024-07-13 22:59:55 - [MESSAGE][PASSED] - Object 'Object Repository/AdminSuiteBootstrap_Pages/VT_Bootstrap/SaleKeyboard/input__address' is visible

2024-07-13 22:59:55 - [TEST_STEP][PASSED] - verifyElementPresent(findTestObject(path_SaleKB + "input__address"), 30): Object 'Object Repository/AdminSuiteBootstrap_Pages/VT_Bootstrap/SaleKeyboard/input__address' is present

2024-07-13 22:59:55 - [MESSAGE][PASSED] - Object 'Object Repository/AdminSuiteBootstrap_Pages/VT_Bootstrap/SaleKeyboard/input__address' is present

2024-07-13 22:59:55 - [TEST_STEP][PASSED] - verifyElementVisible(findTestObject(path_SaleKB + "input__address2")): Object 'Object Repository/AdminSuiteBootstrap_Pages/VT_Bootstrap/SaleKeyboard/input__address2' is visible

2024-07-13 22:59:55 - [MESSAGE][PASSED] - Object 'Object Repository/AdminSuiteBootstrap_Pages/VT_Bootstrap/SaleKeyboard/input__address2' is visible

2024-07-13 22:59:55 - [TEST_STEP][PASSED] - verifyElementPresent(findTestObject(path_SaleKB + "input__address2"), 30): Object 'Object Repository/AdminSuiteBootstrap_Pages/VT_Bootstrap/SaleKeyboard/input__address2' is present

2024-07-13 22:59:56 - [MESSAGE][PASSED] - Object 'Object Repository/AdminSuiteBootstrap_Pages/VT_Bootstrap/SaleKeyboard/input__address2' is present

2024-07-13 22:59:56 - [TEST_STEP][PASSED] - verifyElementVisible(findTestObject(path_SaleKB + "select_Country")): Object 'Object Repository/AdminSuiteBootstrap_Pages/VT_Bootstrap/SaleKeyboard/select_Country' is visible

2024-07-13 22:59:56 - [MESSAGE][PASSED] - Object 'Object Repository/AdminSuiteBootstrap_Pages/VT_Bootstrap/SaleKeyboard/select_Country' is visible

2024-07-13 22:59:56 - [TEST_STEP][PASSED] - verifyElementPresent(findTestObject(path_SaleKB + "select_Country"), 30): Object 'Object Repository/AdminSuiteBootstrap_Pages/VT_Bootstrap/SaleKeyboard/select_Country' is present

2024-07-13 22:59:56 - [MESSAGE][PASSED] - Object 'Object Repository/AdminSuiteBootstrap_Pages/VT_Bootstrap/SaleKeyboard/select_Country' is present

2024-07-13 22:59:56 - [TEST_STEP][PASSED] - verifyElementVisible(findTestObject(path_SaleKB + "input__zip")): Object 'Object Repository/AdminSuiteBootstrap_Pages/VT_Bootstrap/SaleKeyboard/input__zip' is visible

2024-07-13 22:59:57 - [MESSAGE][PASSED] - Object 'Object Repository/AdminSuiteBootstrap_Pages/VT_Bootstrap/SaleKeyboard/input__zip' is visible

2024-07-13 22:59:57 - [TEST_STEP][PASSED] - verifyElementPresent(findTestObject(path_SaleKB + "input__zip"), 30): Object 'Object Repository/AdminSuiteBootstrap_Pages/VT_Bootstrap/SaleKeyboard/input__zip' is present

2024-07-13 22:59:57 - [MESSAGE][PASSED] - Object 'Object Repository/AdminSuiteBootstrap_Pages/VT_Bootstrap/SaleKeyboard/input__zip' is present

2024-07-13 22:59:57 - [TEST_STEP][PASSED] - verifyElementVisible(findTestObject(path_SaleKB + "input__city")): Object 'Object Repository/AdminSuiteBootstrap_Pages/VT_Bootstrap/SaleKeyboard/input__city' is visible

2024-07-13 22:59:57 - [MESSAGE][PASSED] - Object 'Object Repository/AdminSuiteBootstrap_Pages/VT_Bootstrap/SaleKeyboard/input__city' is visible

2024-07-13 22:59:57 - [TEST_STEP][PASSED] - verifyElementPresent(findTestObject(path_SaleKB + "input__city"), 30): Object 'Object Repository/AdminSuiteBootstrap_Pages/VT_Bootstrap/SaleKeyboard/input__city' is present

2024-07-13 22:59:58 - [MESSAGE][PASSED] - Object 'Object Repository/AdminSuiteBootstrap_Pages/VT_Bootstrap/SaleKeyboard/input__city' is present

2024-07-13 22:59:58 - [TEST_STEP][PASSED] - verifyElementVisible(findTestObject(path_SaleKB + "select_State")): Object 'Object Repository/AdminSuiteBootstrap_Pages/VT_Bootstrap/SaleKeyboard/select_State' is visible

2024-07-13 22:59:58 - [MESSAGE][PASSED] - Object 'Object Repository/AdminSuiteBootstrap_Pages/VT_Bootstrap/SaleKeyboard/select_State' is visible

2024-07-13 22:59:58 - [TEST_STEP][PASSED] - verifyElementPresent(findTestObject(path_SaleKB + "select_State"), 30): Object 'Object Repository/AdminSuiteBootstrap_Pages/VT_Bootstrap/SaleKeyboard/select_State' is present

2024-07-13 22:59:58 - [MESSAGE][PASSED] - Object 'Object Repository/AdminSuiteBootstrap_Pages/VT_Bootstrap/SaleKeyboard/select_State' is present

2024-07-13 22:59:58 - [TEST_STEP][PASSED] - verifyElementVisible(findTestObject(path_SaleKB + "input_emailAddress")): Object 'Object Repository/AdminSuiteBootstrap_Pages/VT_Bootstrap/SaleKeyboard/input_emailAddress' is visible

2024-07-13 22:59:59 - [MESSAGE][PASSED] - Object 'Object Repository/AdminSuiteBootstrap_Pages/VT_Bootstrap/SaleKeyboard/input_emailAddress' is visible

2024-07-13 22:59:59 - [TEST_STEP][PASSED] - verifyElementPresent(findTestObject(path_SaleKB + "input_emailAddress"), 30): Object 'Object Repository/AdminSuiteBootstrap_Pages/VT_Bootstrap/SaleKeyboard/input_emailAddress' is present

2024-07-13 22:59:59 - [MESSAGE][PASSED] - Object 'Object Repository/AdminSuiteBootstrap_Pages/VT_Bootstrap/SaleKeyboard/input_emailAddress' is present

2024-07-13 22:59:59 - [TEST_STEP][PASSED] - verifyElementVisible(findTestObject(path_SaleKB + "input_smsNumber")): Object 'Object Repository/AdminSuiteBootstrap_Pages/VT_Bootstrap/SaleKeyboard/input_smsNumber' is visible

2024-07-13 22:59:59 - [MESSAGE][PASSED] - Object 'Object Repository/AdminSuiteBootstrap_Pages/VT_Bootstrap/SaleKeyboard/input_smsNumber' is visible

2024-07-13 22:59:59 - [TEST_STEP][PASSED] - verifyElementPresent(findTestObject(path_SaleKB + "input_smsNumber"), 30): Object 'Object Repository/AdminSuiteBootstrap_Pages/VT_Bootstrap/SaleKeyboard/input_smsNumber' is present

2024-07-13 23:00:00 - [MESSAGE][PASSED] - Object 'Object Repository/AdminSuiteBootstrap_Pages/VT_Bootstrap/SaleKeyboard/input_smsNumber' is present

2024-07-13 23:00:00 - [TEST_STEP][PASSED] - verifyElementVisible(findTestObject(path_SaleKB + "input_amount")): Object 'Object Repository/AdminSuiteBootstrap_Pages/VT_Bootstrap/SaleKeyboard/input_amount' is visible

2024-07-13 23:00:00 - [MESSAGE][PASSED] - Object 'Object Repository/AdminSuiteBootstrap_Pages/VT_Bootstrap/SaleKeyboard/input_amount' is visible

2024-07-13 23:00:00 - [TEST_STEP][PASSED] - verifyElementPresent(findTestObject(path_SaleKB + "input_amount"), 30): Object 'Object Repository/AdminSuiteBootstrap_Pages/VT_Bootstrap/SaleKeyboard/input_amount' is present

2024-07-13 23:00:00 - [MESSAGE][PASSED] - Object 'Object Repository/AdminSuiteBootstrap_Pages/VT_Bootstrap/SaleKeyboard/input_amount' is present

2024-07-13 23:00:00 - [TEST_STEP][PASSED] - verifyElementVisible(findTestObject(path_SaleKB + "input_convenienceFee")): Object 'Object Repository/AdminSuiteBootstrap_Pages/VT_Bootstrap/SaleKeyboard/input_convenienceFee' is visible

2024-07-13 23:00:01 - [MESSAGE][PASSED] - Object 'Object Repository/AdminSuiteBootstrap_Pages/VT_Bootstrap/SaleKeyboard/input_convenienceFee' is visible

2024-07-13 23:00:01 - [TEST_STEP][PASSED] - verifyElementPresent(findTestObject(path_SaleKB + "input_convenienceFee"), 30): Object 'Object Repository/AdminSuiteBootstrap_Pages/VT_Bootstrap/SaleKeyboard/input_convenienceFee' is present

2024-07-13 23:00:01 - [MESSAGE][PASSED] - Object 'Object Repository/AdminSuiteBootstrap_Pages/VT_Bootstrap/SaleKeyboard/input_convenienceFee' is present

2024-07-13 23:00:01 - [TEST_STEP][PASSED] - verifyElementVisible(findTestObject(path_SaleKB + "input_convenienceFeeType")): Object 'Object Repository/AdminSuiteBootstrap_Pages/VT_Bootstrap/SaleKeyboard/input_convenienceFeeType' is visible

2024-07-13 23:00:01 - [MESSAGE][PASSED] - Object 'Object Repository/AdminSuiteBootstrap_Pages/VT_Bootstrap/SaleKeyboard/input_convenienceFeeType' is visible

2024-07-13 23:00:01 - [TEST_STEP][PASSED] - verifyElementPresent(findTestObject(path_SaleKB + "input_convenienceFeeType"), 30): Object 'Object Repository/AdminSuiteBootstrap_Pages/VT_Bootstrap/SaleKeyboard/input_convenienceFeeType' is present

2024-07-13 23:00:02 - [MESSAGE][PASSED] - Object 'Object Repository/AdminSuiteBootstrap_Pages/VT_Bootstrap/SaleKeyboard/input_convenienceFeeType' is present

2024-07-13 23:00:02 - [TEST_STEP][PASSED] - verifyElementVisible(findTestObject(path_SaleKB + "input_totalAmount")): Object 'Object Repository/AdminSuiteBootstrap_Pages/VT_Bootstrap/SaleKeyboard/input_totalAmount' is visible

2024-07-13 23:00:02 - [MESSAGE][PASSED] - Object 'Object Repository/AdminSuiteBootstrap_Pages/VT_Bootstrap/SaleKeyboard/input_totalAmount' is visible

2024-07-13 23:00:02 - [TEST_STEP][PASSED] - verifyElementPresent(findTestObject(path_SaleKB + "input_totalAmount"), 30): Object 'Object Repository/AdminSuiteBootstrap_Pages/VT_Bootstrap/SaleKeyboard/input_totalAmount' is present

2024-07-13 23:00:02 - [MESSAGE][PASSED] - Object 'Object Repository/AdminSuiteBootstrap_Pages/VT_Bootstrap/SaleKeyboard/input_totalAmount' is present

2024-07-13 23:00:02 - [TEST_STEP][PASSED] - verifyElementVisible(findTestObject(path_SaleKB + "input_userDefined1")): Object 'Object Repository/AdminSuiteBootstrap_Pages/VT_Bootstrap/SaleKeyboard/input_userDefined1' is visible

2024-07-13 23:00:03 - [MESSAGE][PASSED] - Object 'Object Repository/AdminSuiteBootstrap_Pages/VT_Bootstrap/SaleKeyboard/input_userDefined1' is visible

2024-07-13 23:00:03 - [TEST_STEP][PASSED] - verifyElementPresent(findTestObject(path_SaleKB + "input_userDefined1"), 30): Object 'Object Repository/AdminSuiteBootstrap_Pages/VT_Bootstrap/SaleKeyboard/input_userDefined1' is present

2024-07-13 23:00:03 - [MESSAGE][PASSED] - Object 'Object Repository/AdminSuiteBootstrap_Pages/VT_Bootstrap/SaleKeyboard/input_userDefined1' is present

2024-07-13 23:00:03 - [TEST_STEP][PASSED] - verifyElementVisible(findTestObject(path_SaleKB + "input_userDefined2")): Object 'Object Repository/AdminSuiteBootstrap_Pages/VT_Bootstrap/SaleKeyboard/input_userDefined2' is visible

2024-07-13 23:00:03 - [MESSAGE][PASSED] - Object 'Object Repository/AdminSuiteBootstrap_Pages/VT_Bootstrap/SaleKeyboard/input_userDefined2' is visible

2024-07-13 23:00:03 - [TEST_STEP][PASSED] - verifyElementPresent(findTestObject(path_SaleKB + "input_userDefined2"), 30): Object 'Object Repository/AdminSuiteBootstrap_Pages/VT_Bootstrap/SaleKeyboard/input_userDefined2' is present

2024-07-13 23:00:04 - [MESSAGE][PASSED] - Object 'Object Repository/AdminSuiteBootstrap_Pages/VT_Bootstrap/SaleKeyboard/input_userDefined2' is present

2024-07-13 23:00:04 - [TEST_STEP][PASSED] - verifyElementVisible(findTestObject(path_SaleKB + "input_userDefined3")): Object 'Object Repository/AdminSuiteBootstrap_Pages/VT_Bootstrap/SaleKeyboard/input_userDefined3' is visible

2024-07-13 23:00:04 - [MESSAGE][PASSED] - Object 'Object Repository/AdminSuiteBootstrap_Pages/VT_Bootstrap/SaleKeyboard/input_userDefined3' is visible

2024-07-13 23:00:04 - [TEST_STEP][PASSED] - verifyElementPresent(findTestObject(path_SaleKB + "input_userDefined3"), 30): Object 'Object Repository/AdminSuiteBootstrap_Pages/VT_Bootstrap/SaleKeyboard/input_userDefined3' is present

2024-07-13 23:00:04 - [MESSAGE][PASSED] - Object 'Object Repository/AdminSuiteBootstrap_Pages/VT_Bootstrap/SaleKeyboard/input_userDefined3' is present

2024-07-13 23:00:04 - [TEST_STEP][PASSED] - verifyElementVisible(findTestObject(path_SaleKB + "input_userDefined4")): Object 'Object Repository/AdminSuiteBootstrap_Pages/VT_Bootstrap/SaleKeyboard/input_userDefined4' is visible

2024-07-13 23:00:05 - [MESSAGE][PASSED] - Object 'Object Repository/AdminSuiteBootstrap_Pages/VT_Bootstrap/SaleKeyboard/input_userDefined4' is visible

2024-07-13 23:00:05 - [TEST_STEP][PASSED] - verifyElementPresent(findTestObject(path_SaleKB + "input_userDefined4"), 30): Object 'Object Repository/AdminSuiteBootstrap_Pages/VT_Bootstrap/SaleKeyboard/input_userDefined4' is present

2024-07-13 23:00:05 - [MESSAGE][PASSED] - Object 'Object Repository/AdminSuiteBootstrap_Pages/VT_Bootstrap/SaleKeyboard/input_userDefined4' is present

2024-07-13 23:00:05 - [TEST_STEP][PASSED] - verifyElementVisible(findTestObject(path_SaleKB + "select_UDF5_DropDown")): Object 'Object Repository/AdminSuiteBootstrap_Pages/VT_Bootstrap/SaleKeyboard/select_UDF5_DropDown' is visible

2024-07-13 23:00:05 - [MESSAGE][PASSED] - Object 'Object Repository/AdminSuiteBootstrap_Pages/VT_Bootstrap/SaleKeyboard/select_UDF5_DropDown' is visible

2024-07-13 23:00:05 - [TEST_STEP][PASSED] - verifyElementPresent(findTestObject(path_SaleKB + "select_UDF5_DropDown"), 30): Object 'Object Repository/AdminSuiteBootstrap_Pages/VT_Bootstrap/SaleKeyboard/select_UDF5_DropDown' is present

2024-07-13 23:00:06 - [MESSAGE][PASSED] - Object 'Object Repository/AdminSuiteBootstrap_Pages/VT_Bootstrap/SaleKeyboard/select_UDF5_DropDown' is present

2024-07-13 23:00:06 - [TEST_STEP][PASSED] - verifyElementVisible(findTestObject(path_SaleKB + "select_UDF6_DropDown")): Object 'Object Repository/AdminSuiteBootstrap_Pages/VT_Bootstrap/SaleKeyboard/select_UDF6_DropDown' is visible

2024-07-13 23:00:06 - [MESSAGE][PASSED] - Object 'Object Repository/AdminSuiteBootstrap_Pages/VT_Bootstrap/SaleKeyboard/select_UDF6_DropDown' is visible

2024-07-13 23:00:06 - [TEST_STEP][PASSED] - verifyElementPresent(findTestObject(path_SaleKB + "select_UDF6_DropDown"), 30): Object 'Object Repository/AdminSuiteBootstrap_Pages/VT_Bootstrap/SaleKeyboard/select_UDF6_DropDown' is present

2024-07-13 23:00:06 - [MESSAGE][PASSED] - Object 'Object Repository/AdminSuiteBootstrap_Pages/VT_Bootstrap/SaleKeyboard/select_UDF6_DropDown' is present

2024-07-13 23:00:06 - [TEST_STEP][PASSED] - verifyElementVisible(findTestObject(path_SaleKB + "input_userDefined7")): Object 'Object Repository/AdminSuiteBootstrap_Pages/VT_Bootstrap/SaleKeyboard/input_userDefined7' is visible

2024-07-13 23:00:07 - [MESSAGE][PASSED] - Object 'Object Repository/AdminSuiteBootstrap_Pages/VT_Bootstrap/SaleKeyboard/input_userDefined7' is visible

2024-07-13 23:00:07 - [TEST_STEP][PASSED] - verifyElementPresent(findTestObject(path_SaleKB + "input_userDefined7"), 30): Object 'Object Repository/AdminSuiteBootstrap_Pages/VT_Bootstrap/SaleKeyboard/input_userDefined7' is present

2024-07-13 23:00:07 - [MESSAGE][PASSED] - Object 'Object Repository/AdminSuiteBootstrap_Pages/VT_Bootstrap/SaleKeyboard/input_userDefined7' is present

2024-07-13 23:00:07 - [TEST_STEP][PASSED] - verifyElementVisible(findTestObject(path_SaleKB + "input_userDefined8")): Object 'Object Repository/AdminSuiteBootstrap_Pages/VT_Bootstrap/SaleKeyboard/input_userDefined8' is visible

2024-07-13 23:00:07 - [MESSAGE][PASSED] - Object 'Object Repository/AdminSuiteBootstrap_Pages/VT_Bootstrap/SaleKeyboard/input_userDefined8' is visible

2024-07-13 23:00:07 - [TEST_STEP][PASSED] - verifyElementPresent(findTestObject(path_SaleKB + "input_userDefined8"), 30): Object 'Object Repository/AdminSuiteBootstrap_Pages/VT_Bootstrap/SaleKeyboard/input_userDefined8' is present

2024-07-13 23:00:08 - [MESSAGE][PASSED] - Object 'Object Repository/AdminSuiteBootstrap_Pages/VT_Bootstrap/SaleKeyboard/input_userDefined8' is present

2024-07-13 23:00:08 - [TEST_STEP][PASSED] - verifyElementVisible(findTestObject(path_SaleKB + "input_userDefined9")): Object 'Object Repository/AdminSuiteBootstrap_Pages/VT_Bootstrap/SaleKeyboard/input_userDefined9' is visible

2024-07-13 23:00:08 - [MESSAGE][PASSED] - Object 'Object Repository/AdminSuiteBootstrap_Pages/VT_Bootstrap/SaleKeyboard/input_userDefined9' is visible

2024-07-13 23:00:08 - [TEST_STEP][PASSED] - verifyElementPresent(findTestObject(path_SaleKB + "input_userDefined9"), 30): Object 'Object Repository/AdminSuiteBootstrap_Pages/VT_Bootstrap/SaleKeyboard/input_userDefined9' is present

2024-07-13 23:00:08 - [MESSAGE][PASSED] - Object 'Object Repository/AdminSuiteBootstrap_Pages/VT_Bootstrap/SaleKeyboard/input_userDefined9' is present

2024-07-13 23:00:08 - [TEST_STEP][PASSED] - verifyElementVisible(findTestObject(path_SaleKB + "input_userDefined10")): Object 'Object Repository/AdminSuiteBootstrap_Pages/VT_Bootstrap/SaleKeyboard/input_userDefined10' is visible

2024-07-13 23:00:09 - [MESSAGE][PASSED] - Object 'Object Repository/AdminSuiteBootstrap_Pages/VT_Bootstrap/SaleKeyboard/input_userDefined10' is visible

2024-07-13 23:00:09 - [TEST_STEP][PASSED] - verifyElementPresent(findTestObject(path_SaleKB + "input_userDefined10"), 30): Object 'Object Repository/AdminSuiteBootstrap_Pages/VT_Bootstrap/SaleKeyboard/input_userDefined10' is present

2024-07-13 23:00:09 - [MESSAGE][PASSED] - Object 'Object Repository/AdminSuiteBootstrap_Pages/VT_Bootstrap/SaleKeyboard/input_userDefined10' is present

2024-07-13 23:00:09 - [TEST_STEP][PASSED] - verifyElementVisible(findTestObject(path_SaleKB + "button_Submit")): Object 'Object Repository/AdminSuiteBootstrap_Pages/VT_Bootstrap/SaleKeyboard/button_Submit' is visible

2024-07-13 23:00:09 - [MESSAGE][PASSED] - Object 'Object Repository/AdminSuiteBootstrap_Pages/VT_Bootstrap/SaleKeyboard/button_Submit' is visible

2024-07-13 23:00:09 - [TEST_STEP][PASSED] - verifyElementPresent(findTestObject(path_SaleKB + "button_Submit"), 30): Object 'Object Repository/AdminSuiteBootstrap_Pages/VT_Bootstrap/SaleKeyboard/button_Submit' is present

2024-07-13 23:00:10 - [MESSAGE][PASSED] - Object 'Object Repository/AdminSuiteBootstrap_Pages/VT_Bootstrap/SaleKeyboard/button_Submit' is present

2024-07-13 23:00:10 - [TEST_STEP][PASSED] - verifyElementVisible(findTestObject(path_SaleKB + "button_Reset")): Object 'Object Repository/AdminSuiteBootstrap_Pages/VT_Bootstrap/SaleKeyboard/button_Reset' is visible

2024-07-13 23:00:10 - [MESSAGE][PASSED] - Object 'Object Repository/AdminSuiteBootstrap_Pages/VT_Bootstrap/SaleKeyboard/button_Reset' is visible

2024-07-13 23:00:10 - [TEST_STEP][PASSED] - verifyElementPresent(findTestObject(path_SaleKB + "button_Reset"), 30): Object 'Object Repository/AdminSuiteBootstrap_Pages/VT_Bootstrap/SaleKeyboard/button_Reset' is present

2024-07-13 23:00:10 - [MESSAGE][PASSED] - Object 'Object Repository/AdminSuiteBootstrap_Pages/VT_Bootstrap/SaleKeyboard/button_Reset' is present]]></system-out>
         <system-err><![CDATA[]]></system-err>
      </testcase>
      <testcase name="Test Cases/Admin Suite Bootstrap/VT_TestCases/VerifyAuthOnlyKeyboard_UI_1_TC" time="39.212" classname="Test Cases/Admin Suite Bootstrap/VT_TestCases/VerifyAuthOnlyKeyboard_UI_1_TC" status="PASSED">
         <system-out><![CDATA[2024-07-13 23:00:10 - [TEST_CASE][PASSED] - Test Cases/Admin Suite Bootstrap/VT_TestCases/VerifyAuthOnlyKeyboard_UI_1_TC: Test Cases/Admin Suite Bootstrap/VT_TestCases/VerifyAuthOnlyKeyboard_UI_1_TC

2024-07-13 23:00:11 - [TEST_STEP][PASSED] - path_Dashboard = "Object Repository/AdminSuiteBootstrap_Pages/Dashboard_Bootstrap/": null

2024-07-13 23:00:11 - [TEST_STEP][PASSED] - path_VT = "Object Repository/AdminSuiteBootstrap_Pages/VT_Bootstrap/IssueTransactions/": null

2024-07-13 23:00:11 - [TEST_STEP][PASSED] - path_SaleKB = "Object Repository/AdminSuiteBootstrap_Pages/VT_Bootstrap/SaleKeyboard/": null

2024-07-13 23:00:11 - [TEST_STEP][PASSED] - appliID = "238": null

2024-07-13 23:00:11 - [TEST_STEP][PASSED] - li_1 = "/admin/imtiaz/bootstrap/vpos/": null

2024-07-13 23:00:11 - [TEST_STEP][PASSED] - li_2 = "/transactions/AuthOnlyForm/": null

2024-07-13 23:00:11 - [TEST_STEP][PASSED] - hrefAppID = li_1 + appliID + li_2: null

2024-07-13 23:00:11 - [TEST_STEP][PASSED] - out.println("hrefID is : " + hrefAppID): null

2024-07-13 23:00:11 - [TEST_STEP][PASSED] - adminSuiteBootstrap.loginFunctionality.login_AdminSuite(): adminSuiteBootstrap.loginFunctionality.login_AdminSuite is PASSED

2024-07-13 23:00:11 - [MESSAGE][WARNING] - A browser is already opened. Closing browser and opening a new one

2024-07-13 23:00:12 - [MESSAGE][INFO] - Starting 'Chrome' driver

2024-07-13 23:00:12 - [MESSAGE][INFO] - User set preference: ['acceptInsecureCerts', 'true']

2024-07-13 23:00:12 - [MESSAGE][INFO] - Action delay is set to 0 milliseconds

2024-07-13 23:00:15 - [MESSAGE][PASSED] - Browser is opened with url: 'https://qa2.velocitypayment.com/admin/imtiaz'

2024-07-13 23:00:15 - [MESSAGE][PASSED] - Current window maximized

2024-07-13 23:00:15 - [MESSAGE][PASSED] - Object 'Object Repository/Login_Page/Login_Username_Okta' is present

2024-07-13 23:00:16 - [MESSAGE][PASSED] - Text 'iahmed' is set on object 'Object Repository/Login_Page/Login_Username_Okta'

2024-07-13 23:00:17 - [MESSAGE][PASSED] - Text 'Hello!6666666' is set on object 'Object Repository/Login_Page/Login_Password_Okta'

2024-07-13 23:00:18 - [MESSAGE][PASSED] - Object: 'Object Repository/Login_Page/Login_Submit_Okta' is clicked on

2024-07-13 23:00:18 - [MESSAGE][PASSED] - adminSuiteBootstrap.loginFunctionality.login_AdminSuite is PASSED

2024-07-13 23:00:18 - [TEST_STEP][PASSED] - click(findTestObject(path_Dashboard + "span_Payment")): Object: 'Object Repository/AdminSuiteBootstrap_Pages/Dashboard_Bootstrap/span_Payment' is clicked on

2024-07-13 23:00:25 - [MESSAGE][PASSED] - Object: 'Object Repository/AdminSuiteBootstrap_Pages/Dashboard_Bootstrap/span_Payment' is clicked on

2024-07-13 23:00:25 - [TEST_STEP][PASSED] - click(findTestObject(path_Dashboard + "a_HelloWorld3")): Object: 'Object Repository/AdminSuiteBootstrap_Pages/Dashboard_Bootstrap/a_HelloWorld3' is clicked on

2024-07-13 23:00:26 - [MESSAGE][PASSED] - Object: 'Object Repository/AdminSuiteBootstrap_Pages/Dashboard_Bootstrap/a_HelloWorld3' is clicked on

2024-07-13 23:00:26 - [TEST_STEP][PASSED] - click(findTestObject(path_VT + "button_Authorization Only")): Object: 'Object Repository/AdminSuiteBootstrap_Pages/VT_Bootstrap/IssueTransactions/button_Authorization Only' is clicked on

2024-07-13 23:00:26 - [MESSAGE][PASSED] - Object: 'Object Repository/AdminSuiteBootstrap_Pages/VT_Bootstrap/IssueTransactions/button_Authorization Only' is clicked on

2024-07-13 23:00:26 - [TEST_STEP][PASSED] - authOnlyKeyboardEntryLink = modifyObjectProperty(findTestObject(path_VT + "a_KeyboardEntry_Sale"), "href", "equals", hrefAppID, true): Modify property of object successfully

2024-07-13 23:00:26 - [MESSAGE][PASSED] - Modify property of object successfully

2024-07-13 23:00:26 - [TEST_STEP][PASSED] - click(authOnlyKeyboardEntryLink): Object: 'Object Repository/AdminSuiteBootstrap_Pages/VT_Bootstrap/IssueTransactions/a_KeyboardEntry_Sale' is clicked on

2024-07-13 23:00:27 - [MESSAGE][PASSED] - Object: 'Object Repository/AdminSuiteBootstrap_Pages/VT_Bootstrap/IssueTransactions/a_KeyboardEntry_Sale' is clicked on

2024-07-13 23:00:27 - [TEST_STEP][PASSED] - verifyTextPresent("Issue Transactions", true): Text 'Issue Transactions' is present on page  using regular expression

2024-07-13 23:00:28 - [MESSAGE][PASSED] - Text 'Issue Transactions' is present on page  using regular expression

2024-07-13 23:00:28 - [TEST_STEP][PASSED] - verifyTextPresent("Credit Card Authorization", true): Text 'Credit Card Authorization' is present on page  using regular expression

2024-07-13 23:00:28 - [MESSAGE][PASSED] - Text 'Credit Card Authorization' is present on page  using regular expression

2024-07-13 23:00:28 - [TEST_STEP][PASSED] - verifyTextPresent("Required fields are highlighted with an asterisk", true): Text 'Required fields are highlighted with an asterisk' is present on page  using regular expression

2024-07-13 23:00:29 - [MESSAGE][PASSED] - Text 'Required fields are highlighted with an asterisk' is present on page  using regular expression

2024-07-13 23:00:29 - [TEST_STEP][PASSED] - verifyTextPresent("Remittance ID", true): Text 'Remittance ID' is present on page  using regular expression

2024-07-13 23:00:29 - [MESSAGE][PASSED] - Text 'Remittance ID' is present on page  using regular expression

2024-07-13 23:00:29 - [TEST_STEP][PASSED] - verifyTextPresent("Bill/Invoice Information", true): Text 'Bill/Invoice Information' is present on page  using regular expression

2024-07-13 23:00:30 - [MESSAGE][PASSED] - Text 'Bill/Invoice Information' is present on page  using regular expression

2024-07-13 23:00:30 - [TEST_STEP][PASSED] - verifyTextPresent("Application: Hello World3", true): Text 'Application: Hello World3' is present on page  using regular expression

2024-07-13 23:00:30 - [MESSAGE][PASSED] - Text 'Application: Hello World3' is present on page  using regular expression

2024-07-13 23:00:30 - [TEST_STEP][PASSED] - verifyElementVisible(findTestObject(path_SaleKB + "input_cardName")): Object 'Object Repository/AdminSuiteBootstrap_Pages/VT_Bootstrap/SaleKeyboard/input_cardName' is visible

2024-07-13 23:00:30 - [MESSAGE][PASSED] - Object 'Object Repository/AdminSuiteBootstrap_Pages/VT_Bootstrap/SaleKeyboard/input_cardName' is visible

2024-07-13 23:00:30 - [TEST_STEP][PASSED] - verifyElementPresent(findTestObject(path_SaleKB + "input_cardName"), 30): Object 'Object Repository/AdminSuiteBootstrap_Pages/VT_Bootstrap/SaleKeyboard/input_cardName' is present

2024-07-13 23:00:31 - [MESSAGE][PASSED] - Object 'Object Repository/AdminSuiteBootstrap_Pages/VT_Bootstrap/SaleKeyboard/input_cardName' is present

2024-07-13 23:00:31 - [TEST_STEP][PASSED] - verifyElementVisible(findTestObject(path_SaleKB + "select_transactionCategory")): Object 'Object Repository/AdminSuiteBootstrap_Pages/VT_Bootstrap/SaleKeyboard/select_transactionCategory' is visible

2024-07-13 23:00:31 - [MESSAGE][PASSED] - Object 'Object Repository/AdminSuiteBootstrap_Pages/VT_Bootstrap/SaleKeyboard/select_transactionCategory' is visible

2024-07-13 23:00:31 - [TEST_STEP][PASSED] - verifyElementPresent(findTestObject(path_SaleKB + "select_transactionCategory"), 30): Object 'Object Repository/AdminSuiteBootstrap_Pages/VT_Bootstrap/SaleKeyboard/select_transactionCategory' is present

2024-07-13 23:00:31 - [MESSAGE][PASSED] - Object 'Object Repository/AdminSuiteBootstrap_Pages/VT_Bootstrap/SaleKeyboard/select_transactionCategory' is present

2024-07-13 23:00:31 - [TEST_STEP][PASSED] - verifyElementPresent(findTestObject(path_SaleKB + "input__cardNumber"), 30): Object 'Object Repository/AdminSuiteBootstrap_Pages/VT_Bootstrap/SaleKeyboard/input__cardNumber' is present

2024-07-13 23:00:32 - [MESSAGE][PASSED] - Object 'Object Repository/AdminSuiteBootstrap_Pages/VT_Bootstrap/SaleKeyboard/input__cardNumber' is present

2024-07-13 23:00:32 - [TEST_STEP][PASSED] - verifyElementPresent(findTestObject(path_SaleKB + "input__cvv"), 30): Object 'Object Repository/AdminSuiteBootstrap_Pages/VT_Bootstrap/SaleKeyboard/input__cvv' is present

2024-07-13 23:00:32 - [MESSAGE][PASSED] - Object 'Object Repository/AdminSuiteBootstrap_Pages/VT_Bootstrap/SaleKeyboard/input__cvv' is present

2024-07-13 23:00:32 - [TEST_STEP][PASSED] - verifyElementVisible(findTestObject(path_SaleKB + "select_MM")): Object 'Object Repository/AdminSuiteBootstrap_Pages/VT_Bootstrap/SaleKeyboard/select_MM' is visible

2024-07-13 23:00:32 - [MESSAGE][PASSED] - Object 'Object Repository/AdminSuiteBootstrap_Pages/VT_Bootstrap/SaleKeyboard/select_MM' is visible

2024-07-13 23:00:32 - [TEST_STEP][PASSED] - verifyElementPresent(findTestObject(path_SaleKB + "select_MM"), 30): Object 'Object Repository/AdminSuiteBootstrap_Pages/VT_Bootstrap/SaleKeyboard/select_MM' is present

2024-07-13 23:00:33 - [MESSAGE][PASSED] - Object 'Object Repository/AdminSuiteBootstrap_Pages/VT_Bootstrap/SaleKeyboard/select_MM' is present

2024-07-13 23:00:33 - [TEST_STEP][PASSED] - verifyElementVisible(findTestObject(path_SaleKB + "select_YYYY")): Object 'Object Repository/AdminSuiteBootstrap_Pages/VT_Bootstrap/SaleKeyboard/select_YYYY' is visible

2024-07-13 23:00:33 - [MESSAGE][PASSED] - Object 'Object Repository/AdminSuiteBootstrap_Pages/VT_Bootstrap/SaleKeyboard/select_YYYY' is visible

2024-07-13 23:00:33 - [TEST_STEP][PASSED] - verifyElementPresent(findTestObject(path_SaleKB + "select_YYYY"), 30): Object 'Object Repository/AdminSuiteBootstrap_Pages/VT_Bootstrap/SaleKeyboard/select_YYYY' is present

2024-07-13 23:00:33 - [MESSAGE][PASSED] - Object 'Object Repository/AdminSuiteBootstrap_Pages/VT_Bootstrap/SaleKeyboard/select_YYYY' is present

2024-07-13 23:00:33 - [TEST_STEP][PASSED] - verifyElementVisible(findTestObject(path_SaleKB + "input__address")): Object 'Object Repository/AdminSuiteBootstrap_Pages/VT_Bootstrap/SaleKeyboard/input__address' is visible

2024-07-13 23:00:34 - [MESSAGE][PASSED] - Object 'Object Repository/AdminSuiteBootstrap_Pages/VT_Bootstrap/SaleKeyboard/input__address' is visible

2024-07-13 23:00:34 - [TEST_STEP][PASSED] - verifyElementPresent(findTestObject(path_SaleKB + "input__address"), 30): Object 'Object Repository/AdminSuiteBootstrap_Pages/VT_Bootstrap/SaleKeyboard/input__address' is present

2024-07-13 23:00:34 - [MESSAGE][PASSED] - Object 'Object Repository/AdminSuiteBootstrap_Pages/VT_Bootstrap/SaleKeyboard/input__address' is present

2024-07-13 23:00:34 - [TEST_STEP][PASSED] - verifyElementVisible(findTestObject(path_SaleKB + "input__address2")): Object 'Object Repository/AdminSuiteBootstrap_Pages/VT_Bootstrap/SaleKeyboard/input__address2' is visible

2024-07-13 23:00:34 - [MESSAGE][PASSED] - Object 'Object Repository/AdminSuiteBootstrap_Pages/VT_Bootstrap/SaleKeyboard/input__address2' is visible

2024-07-13 23:00:34 - [TEST_STEP][PASSED] - verifyElementPresent(findTestObject(path_SaleKB + "input__address2"), 30): Object 'Object Repository/AdminSuiteBootstrap_Pages/VT_Bootstrap/SaleKeyboard/input__address2' is present

2024-07-13 23:00:35 - [MESSAGE][PASSED] - Object 'Object Repository/AdminSuiteBootstrap_Pages/VT_Bootstrap/SaleKeyboard/input__address2' is present

2024-07-13 23:00:35 - [TEST_STEP][PASSED] - verifyElementVisible(findTestObject(path_SaleKB + "select_Country")): Object 'Object Repository/AdminSuiteBootstrap_Pages/VT_Bootstrap/SaleKeyboard/select_Country' is visible

2024-07-13 23:00:35 - [MESSAGE][PASSED] - Object 'Object Repository/AdminSuiteBootstrap_Pages/VT_Bootstrap/SaleKeyboard/select_Country' is visible

2024-07-13 23:00:35 - [TEST_STEP][PASSED] - verifyElementPresent(findTestObject(path_SaleKB + "select_Country"), 30): Object 'Object Repository/AdminSuiteBootstrap_Pages/VT_Bootstrap/SaleKeyboard/select_Country' is present

2024-07-13 23:00:35 - [MESSAGE][PASSED] - Object 'Object Repository/AdminSuiteBootstrap_Pages/VT_Bootstrap/SaleKeyboard/select_Country' is present

2024-07-13 23:00:35 - [TEST_STEP][PASSED] - verifyElementVisible(findTestObject(path_SaleKB + "input__zip")): Object 'Object Repository/AdminSuiteBootstrap_Pages/VT_Bootstrap/SaleKeyboard/input__zip' is visible

2024-07-13 23:00:36 - [MESSAGE][PASSED] - Object 'Object Repository/AdminSuiteBootstrap_Pages/VT_Bootstrap/SaleKeyboard/input__zip' is visible

2024-07-13 23:00:36 - [TEST_STEP][PASSED] - verifyElementPresent(findTestObject(path_SaleKB + "input__zip"), 30): Object 'Object Repository/AdminSuiteBootstrap_Pages/VT_Bootstrap/SaleKeyboard/input__zip' is present

2024-07-13 23:00:36 - [MESSAGE][PASSED] - Object 'Object Repository/AdminSuiteBootstrap_Pages/VT_Bootstrap/SaleKeyboard/input__zip' is present

2024-07-13 23:00:36 - [TEST_STEP][PASSED] - verifyElementVisible(findTestObject(path_SaleKB + "input__city")): Object 'Object Repository/AdminSuiteBootstrap_Pages/VT_Bootstrap/SaleKeyboard/input__city' is visible

2024-07-13 23:00:37 - [MESSAGE][PASSED] - Object 'Object Repository/AdminSuiteBootstrap_Pages/VT_Bootstrap/SaleKeyboard/input__city' is visible

2024-07-13 23:00:37 - [TEST_STEP][PASSED] - verifyElementPresent(findTestObject(path_SaleKB + "input__city"), 30): Object 'Object Repository/AdminSuiteBootstrap_Pages/VT_Bootstrap/SaleKeyboard/input__city' is present

2024-07-13 23:00:37 - [MESSAGE][PASSED] - Object 'Object Repository/AdminSuiteBootstrap_Pages/VT_Bootstrap/SaleKeyboard/input__city' is present

2024-07-13 23:00:37 - [TEST_STEP][PASSED] - verifyElementVisible(findTestObject(path_SaleKB + "select_State")): Object 'Object Repository/AdminSuiteBootstrap_Pages/VT_Bootstrap/SaleKeyboard/select_State' is visible

2024-07-13 23:00:37 - [MESSAGE][PASSED] - Object 'Object Repository/AdminSuiteBootstrap_Pages/VT_Bootstrap/SaleKeyboard/select_State' is visible

2024-07-13 23:00:37 - [TEST_STEP][PASSED] - verifyElementPresent(findTestObject(path_SaleKB + "select_State"), 30): Object 'Object Repository/AdminSuiteBootstrap_Pages/VT_Bootstrap/SaleKeyboard/select_State' is present

2024-07-13 23:00:37 - [MESSAGE][PASSED] - Object 'Object Repository/AdminSuiteBootstrap_Pages/VT_Bootstrap/SaleKeyboard/select_State' is present

2024-07-13 23:00:38 - [TEST_STEP][PASSED] - verifyElementVisible(findTestObject(path_SaleKB + "input_emailAddress")): Object 'Object Repository/AdminSuiteBootstrap_Pages/VT_Bootstrap/SaleKeyboard/input_emailAddress' is visible

2024-07-13 23:00:38 - [MESSAGE][PASSED] - Object 'Object Repository/AdminSuiteBootstrap_Pages/VT_Bootstrap/SaleKeyboard/input_emailAddress' is visible

2024-07-13 23:00:38 - [TEST_STEP][PASSED] - verifyElementPresent(findTestObject(path_SaleKB + "input_emailAddress"), 30): Object 'Object Repository/AdminSuiteBootstrap_Pages/VT_Bootstrap/SaleKeyboard/input_emailAddress' is present

2024-07-13 23:00:38 - [MESSAGE][PASSED] - Object 'Object Repository/AdminSuiteBootstrap_Pages/VT_Bootstrap/SaleKeyboard/input_emailAddress' is present

2024-07-13 23:00:38 - [TEST_STEP][PASSED] - verifyElementVisible(findTestObject(path_SaleKB + "input_smsNumber")): Object 'Object Repository/AdminSuiteBootstrap_Pages/VT_Bootstrap/SaleKeyboard/input_smsNumber' is visible

2024-07-13 23:00:39 - [MESSAGE][PASSED] - Object 'Object Repository/AdminSuiteBootstrap_Pages/VT_Bootstrap/SaleKeyboard/input_smsNumber' is visible

2024-07-13 23:00:39 - [TEST_STEP][PASSED] - verifyElementPresent(findTestObject(path_SaleKB + "input_smsNumber"), 30): Object 'Object Repository/AdminSuiteBootstrap_Pages/VT_Bootstrap/SaleKeyboard/input_smsNumber' is present

2024-07-13 23:00:39 - [MESSAGE][PASSED] - Object 'Object Repository/AdminSuiteBootstrap_Pages/VT_Bootstrap/SaleKeyboard/input_smsNumber' is present

2024-07-13 23:00:39 - [TEST_STEP][PASSED] - verifyElementVisible(findTestObject(path_SaleKB + "input_amount")): Object 'Object Repository/AdminSuiteBootstrap_Pages/VT_Bootstrap/SaleKeyboard/input_amount' is visible

2024-07-13 23:00:39 - [MESSAGE][PASSED] - Object 'Object Repository/AdminSuiteBootstrap_Pages/VT_Bootstrap/SaleKeyboard/input_amount' is visible

2024-07-13 23:00:39 - [TEST_STEP][PASSED] - verifyElementPresent(findTestObject(path_SaleKB + "input_amount"), 30): Object 'Object Repository/AdminSuiteBootstrap_Pages/VT_Bootstrap/SaleKeyboard/input_amount' is present

2024-07-13 23:00:40 - [MESSAGE][PASSED] - Object 'Object Repository/AdminSuiteBootstrap_Pages/VT_Bootstrap/SaleKeyboard/input_amount' is present

2024-07-13 23:00:40 - [TEST_STEP][PASSED] - verifyElementVisible(findTestObject(path_SaleKB + "input_convenienceFee")): Object 'Object Repository/AdminSuiteBootstrap_Pages/VT_Bootstrap/SaleKeyboard/input_convenienceFee' is visible

2024-07-13 23:00:40 - [MESSAGE][PASSED] - Object 'Object Repository/AdminSuiteBootstrap_Pages/VT_Bootstrap/SaleKeyboard/input_convenienceFee' is visible

2024-07-13 23:00:40 - [TEST_STEP][PASSED] - verifyElementPresent(findTestObject(path_SaleKB + "input_convenienceFee"), 30): Object 'Object Repository/AdminSuiteBootstrap_Pages/VT_Bootstrap/SaleKeyboard/input_convenienceFee' is present

2024-07-13 23:00:40 - [MESSAGE][PASSED] - Object 'Object Repository/AdminSuiteBootstrap_Pages/VT_Bootstrap/SaleKeyboard/input_convenienceFee' is present

2024-07-13 23:00:40 - [TEST_STEP][PASSED] - verifyElementVisible(findTestObject(path_SaleKB + "input_convenienceFeeType")): Object 'Object Repository/AdminSuiteBootstrap_Pages/VT_Bootstrap/SaleKeyboard/input_convenienceFeeType' is visible

2024-07-13 23:00:41 - [MESSAGE][PASSED] - Object 'Object Repository/AdminSuiteBootstrap_Pages/VT_Bootstrap/SaleKeyboard/input_convenienceFeeType' is visible

2024-07-13 23:00:41 - [TEST_STEP][PASSED] - verifyElementPresent(findTestObject(path_SaleKB + "input_convenienceFeeType"), 30): Object 'Object Repository/AdminSuiteBootstrap_Pages/VT_Bootstrap/SaleKeyboard/input_convenienceFeeType' is present

2024-07-13 23:00:41 - [MESSAGE][PASSED] - Object 'Object Repository/AdminSuiteBootstrap_Pages/VT_Bootstrap/SaleKeyboard/input_convenienceFeeType' is present

2024-07-13 23:00:41 - [TEST_STEP][PASSED] - verifyElementVisible(findTestObject(path_SaleKB + "input_totalAmount")): Object 'Object Repository/AdminSuiteBootstrap_Pages/VT_Bootstrap/SaleKeyboard/input_totalAmount' is visible

2024-07-13 23:00:41 - [MESSAGE][PASSED] - Object 'Object Repository/AdminSuiteBootstrap_Pages/VT_Bootstrap/SaleKeyboard/input_totalAmount' is visible

2024-07-13 23:00:41 - [TEST_STEP][PASSED] - verifyElementPresent(findTestObject(path_SaleKB + "input_totalAmount"), 30): Object 'Object Repository/AdminSuiteBootstrap_Pages/VT_Bootstrap/SaleKeyboard/input_totalAmount' is present

2024-07-13 23:00:42 - [MESSAGE][PASSED] - Object 'Object Repository/AdminSuiteBootstrap_Pages/VT_Bootstrap/SaleKeyboard/input_totalAmount' is present

2024-07-13 23:00:42 - [TEST_STEP][PASSED] - verifyElementVisible(findTestObject(path_SaleKB + "input_userDefined1")): Object 'Object Repository/AdminSuiteBootstrap_Pages/VT_Bootstrap/SaleKeyboard/input_userDefined1' is visible

2024-07-13 23:00:42 - [MESSAGE][PASSED] - Object 'Object Repository/AdminSuiteBootstrap_Pages/VT_Bootstrap/SaleKeyboard/input_userDefined1' is visible

2024-07-13 23:00:42 - [TEST_STEP][PASSED] - verifyElementPresent(findTestObject(path_SaleKB + "input_userDefined1"), 30): Object 'Object Repository/AdminSuiteBootstrap_Pages/VT_Bootstrap/SaleKeyboard/input_userDefined1' is present

2024-07-13 23:00:42 - [MESSAGE][PASSED] - Object 'Object Repository/AdminSuiteBootstrap_Pages/VT_Bootstrap/SaleKeyboard/input_userDefined1' is present

2024-07-13 23:00:42 - [TEST_STEP][PASSED] - verifyElementVisible(findTestObject(path_SaleKB + "input_userDefined2")): Object 'Object Repository/AdminSuiteBootstrap_Pages/VT_Bootstrap/SaleKeyboard/input_userDefined2' is visible

2024-07-13 23:00:43 - [MESSAGE][PASSED] - Object 'Object Repository/AdminSuiteBootstrap_Pages/VT_Bootstrap/SaleKeyboard/input_userDefined2' is visible

2024-07-13 23:00:43 - [TEST_STEP][PASSED] - verifyElementPresent(findTestObject(path_SaleKB + "input_userDefined2"), 30): Object 'Object Repository/AdminSuiteBootstrap_Pages/VT_Bootstrap/SaleKeyboard/input_userDefined2' is present

2024-07-13 23:00:43 - [MESSAGE][PASSED] - Object 'Object Repository/AdminSuiteBootstrap_Pages/VT_Bootstrap/SaleKeyboard/input_userDefined2' is present

2024-07-13 23:00:43 - [TEST_STEP][PASSED] - verifyElementVisible(findTestObject(path_SaleKB + "input_userDefined3")): Object 'Object Repository/AdminSuiteBootstrap_Pages/VT_Bootstrap/SaleKeyboard/input_userDefined3' is visible

2024-07-13 23:00:43 - [MESSAGE][PASSED] - Object 'Object Repository/AdminSuiteBootstrap_Pages/VT_Bootstrap/SaleKeyboard/input_userDefined3' is visible

2024-07-13 23:00:43 - [TEST_STEP][PASSED] - verifyElementPresent(findTestObject(path_SaleKB + "input_userDefined3"), 30): Object 'Object Repository/AdminSuiteBootstrap_Pages/VT_Bootstrap/SaleKeyboard/input_userDefined3' is present

2024-07-13 23:00:44 - [MESSAGE][PASSED] - Object 'Object Repository/AdminSuiteBootstrap_Pages/VT_Bootstrap/SaleKeyboard/input_userDefined3' is present

2024-07-13 23:00:44 - [TEST_STEP][PASSED] - verifyElementVisible(findTestObject(path_SaleKB + "input_userDefined4")): Object 'Object Repository/AdminSuiteBootstrap_Pages/VT_Bootstrap/SaleKeyboard/input_userDefined4' is visible

2024-07-13 23:00:44 - [MESSAGE][PASSED] - Object 'Object Repository/AdminSuiteBootstrap_Pages/VT_Bootstrap/SaleKeyboard/input_userDefined4' is visible

2024-07-13 23:00:44 - [TEST_STEP][PASSED] - verifyElementPresent(findTestObject(path_SaleKB + "input_userDefined4"), 30): Object 'Object Repository/AdminSuiteBootstrap_Pages/VT_Bootstrap/SaleKeyboard/input_userDefined4' is present

2024-07-13 23:00:44 - [MESSAGE][PASSED] - Object 'Object Repository/AdminSuiteBootstrap_Pages/VT_Bootstrap/SaleKeyboard/input_userDefined4' is present

2024-07-13 23:00:44 - [TEST_STEP][PASSED] - verifyElementVisible(findTestObject(path_SaleKB + "select_UDF5_DropDown")): Object 'Object Repository/AdminSuiteBootstrap_Pages/VT_Bootstrap/SaleKeyboard/select_UDF5_DropDown' is visible

2024-07-13 23:00:45 - [MESSAGE][PASSED] - Object 'Object Repository/AdminSuiteBootstrap_Pages/VT_Bootstrap/SaleKeyboard/select_UDF5_DropDown' is visible

2024-07-13 23:00:45 - [TEST_STEP][PASSED] - verifyElementPresent(findTestObject(path_SaleKB + "select_UDF5_DropDown"), 30): Object 'Object Repository/AdminSuiteBootstrap_Pages/VT_Bootstrap/SaleKeyboard/select_UDF5_DropDown' is present

2024-07-13 23:00:45 - [MESSAGE][PASSED] - Object 'Object Repository/AdminSuiteBootstrap_Pages/VT_Bootstrap/SaleKeyboard/select_UDF5_DropDown' is present

2024-07-13 23:00:45 - [TEST_STEP][PASSED] - verifyElementVisible(findTestObject(path_SaleKB + "select_UDF6_DropDown")): Object 'Object Repository/AdminSuiteBootstrap_Pages/VT_Bootstrap/SaleKeyboard/select_UDF6_DropDown' is visible

2024-07-13 23:00:45 - [MESSAGE][PASSED] - Object 'Object Repository/AdminSuiteBootstrap_Pages/VT_Bootstrap/SaleKeyboard/select_UDF6_DropDown' is visible

2024-07-13 23:00:45 - [TEST_STEP][PASSED] - verifyElementPresent(findTestObject(path_SaleKB + "select_UDF6_DropDown"), 30): Object 'Object Repository/AdminSuiteBootstrap_Pages/VT_Bootstrap/SaleKeyboard/select_UDF6_DropDown' is present

2024-07-13 23:00:46 - [MESSAGE][PASSED] - Object 'Object Repository/AdminSuiteBootstrap_Pages/VT_Bootstrap/SaleKeyboard/select_UDF6_DropDown' is present

2024-07-13 23:00:46 - [TEST_STEP][PASSED] - verifyElementVisible(findTestObject(path_SaleKB + "input_userDefined7")): Object 'Object Repository/AdminSuiteBootstrap_Pages/VT_Bootstrap/SaleKeyboard/input_userDefined7' is visible

2024-07-13 23:00:46 - [MESSAGE][PASSED] - Object 'Object Repository/AdminSuiteBootstrap_Pages/VT_Bootstrap/SaleKeyboard/input_userDefined7' is visible

2024-07-13 23:00:46 - [TEST_STEP][PASSED] - verifyElementPresent(findTestObject(path_SaleKB + "input_userDefined7"), 30): Object 'Object Repository/AdminSuiteBootstrap_Pages/VT_Bootstrap/SaleKeyboard/input_userDefined7' is present

2024-07-13 23:00:46 - [MESSAGE][PASSED] - Object 'Object Repository/AdminSuiteBootstrap_Pages/VT_Bootstrap/SaleKeyboard/input_userDefined7' is present

2024-07-13 23:00:46 - [TEST_STEP][PASSED] - verifyElementVisible(findTestObject(path_SaleKB + "input_userDefined8")): Object 'Object Repository/AdminSuiteBootstrap_Pages/VT_Bootstrap/SaleKeyboard/input_userDefined8' is visible

2024-07-13 23:00:47 - [MESSAGE][PASSED] - Object 'Object Repository/AdminSuiteBootstrap_Pages/VT_Bootstrap/SaleKeyboard/input_userDefined8' is visible

2024-07-13 23:00:47 - [TEST_STEP][PASSED] - verifyElementPresent(findTestObject(path_SaleKB + "input_userDefined8"), 30): Object 'Object Repository/AdminSuiteBootstrap_Pages/VT_Bootstrap/SaleKeyboard/input_userDefined8' is present

2024-07-13 23:00:47 - [MESSAGE][PASSED] - Object 'Object Repository/AdminSuiteBootstrap_Pages/VT_Bootstrap/SaleKeyboard/input_userDefined8' is present

2024-07-13 23:00:47 - [TEST_STEP][PASSED] - verifyElementVisible(findTestObject(path_SaleKB + "input_userDefined9")): Object 'Object Repository/AdminSuiteBootstrap_Pages/VT_Bootstrap/SaleKeyboard/input_userDefined9' is visible

2024-07-13 23:00:47 - [MESSAGE][PASSED] - Object 'Object Repository/AdminSuiteBootstrap_Pages/VT_Bootstrap/SaleKeyboard/input_userDefined9' is visible

2024-07-13 23:00:47 - [TEST_STEP][PASSED] - verifyElementPresent(findTestObject(path_SaleKB + "input_userDefined9"), 30): Object 'Object Repository/AdminSuiteBootstrap_Pages/VT_Bootstrap/SaleKeyboard/input_userDefined9' is present

2024-07-13 23:00:47 - [MESSAGE][PASSED] - Object 'Object Repository/AdminSuiteBootstrap_Pages/VT_Bootstrap/SaleKeyboard/input_userDefined9' is present

2024-07-13 23:00:47 - [TEST_STEP][PASSED] - verifyElementVisible(findTestObject(path_SaleKB + "input_userDefined10")): Object 'Object Repository/AdminSuiteBootstrap_Pages/VT_Bootstrap/SaleKeyboard/input_userDefined10' is visible

2024-07-13 23:00:48 - [MESSAGE][PASSED] - Object 'Object Repository/AdminSuiteBootstrap_Pages/VT_Bootstrap/SaleKeyboard/input_userDefined10' is visible

2024-07-13 23:00:48 - [TEST_STEP][PASSED] - verifyElementPresent(findTestObject(path_SaleKB + "input_userDefined10"), 30): Object 'Object Repository/AdminSuiteBootstrap_Pages/VT_Bootstrap/SaleKeyboard/input_userDefined10' is present

2024-07-13 23:00:48 - [MESSAGE][PASSED] - Object 'Object Repository/AdminSuiteBootstrap_Pages/VT_Bootstrap/SaleKeyboard/input_userDefined10' is present

2024-07-13 23:00:48 - [TEST_STEP][PASSED] - verifyElementVisible(findTestObject(path_SaleKB + "button_Submit")): Object 'Object Repository/AdminSuiteBootstrap_Pages/VT_Bootstrap/SaleKeyboard/button_Submit' is visible

2024-07-13 23:00:48 - [MESSAGE][PASSED] - Object 'Object Repository/AdminSuiteBootstrap_Pages/VT_Bootstrap/SaleKeyboard/button_Submit' is visible

2024-07-13 23:00:48 - [TEST_STEP][PASSED] - verifyElementPresent(findTestObject(path_SaleKB + "button_Submit"), 30): Object 'Object Repository/AdminSuiteBootstrap_Pages/VT_Bootstrap/SaleKeyboard/button_Submit' is present

2024-07-13 23:00:49 - [MESSAGE][PASSED] - Object 'Object Repository/AdminSuiteBootstrap_Pages/VT_Bootstrap/SaleKeyboard/button_Submit' is present

2024-07-13 23:00:49 - [TEST_STEP][PASSED] - verifyElementVisible(findTestObject(path_SaleKB + "button_Reset_Auth")): Object 'Object Repository/AdminSuiteBootstrap_Pages/VT_Bootstrap/SaleKeyboard/button_Reset_Auth' is visible

2024-07-13 23:00:49 - [MESSAGE][PASSED] - Object 'Object Repository/AdminSuiteBootstrap_Pages/VT_Bootstrap/SaleKeyboard/button_Reset_Auth' is visible

2024-07-13 23:00:49 - [TEST_STEP][PASSED] - verifyElementPresent(findTestObject(path_SaleKB + "button_Reset_Auth"), 30): Object 'Object Repository/AdminSuiteBootstrap_Pages/VT_Bootstrap/SaleKeyboard/button_Reset_Auth' is present

2024-07-13 23:00:49 - [MESSAGE][PASSED] - Object 'Object Repository/AdminSuiteBootstrap_Pages/VT_Bootstrap/SaleKeyboard/button_Reset_Auth' is present]]></system-out>
         <system-err><![CDATA[]]></system-err>
      </testcase>
      <testcase name="Test Cases/Admin Suite Bootstrap/VT_SearchTransaction_TestCases/VerifySearchTransactions_UI_TC" time="30.543" classname="Test Cases/Admin Suite Bootstrap/VT_SearchTransaction_TestCases/VerifySearchTransactions_UI_TC" status="PASSED">
         <system-out><![CDATA[2024-07-13 23:00:49 - [TEST_CASE][PASSED] - Test Cases/Admin Suite Bootstrap/VT_SearchTransaction_TestCases/VerifySearchTransactions_UI_TC: Test Cases/Admin Suite Bootstrap/VT_SearchTransaction_TestCases/VerifySearchTransactions_UI_TC

2024-07-13 23:00:50 - [TEST_STEP][PASSED] - path_Dashboard = "Object Repository/AdminSuiteBootstrap_Pages/Dashboard_Bootstrap/": null

2024-07-13 23:00:50 - [TEST_STEP][PASSED] - path_VT = "Object Repository/AdminSuiteBootstrap_Pages/VT_Bootstrap/IssueTransactions/": null

2024-07-13 23:00:50 - [TEST_STEP][PASSED] - path_SaleKB = "Object Repository/AdminSuiteBootstrap_Pages/VT_Bootstrap/SaleKeyboard/": null

2024-07-13 23:00:50 - [TEST_STEP][PASSED] - path_TestMinus = "Object Repository/Page_TestMinusAndAtSigns/": null

2024-07-13 23:00:50 - [TEST_STEP][PASSED] - path_Receipt = "Object Repository/AdminSuiteBootstrap_Pages/VT_Bootstrap/Receipt/": null

2024-07-13 23:00:50 - [TEST_STEP][PASSED] - path_CCSearch = "Object Repository/AdminSuiteBootstrap_Pages/VT_Bootstrap/CCCreditOrVoidSearch/": null

2024-07-13 23:00:50 - [TEST_STEP][PASSED] - path_SearchResults = "Object Repository/AdminSuiteBootstrap_Pages/VT_Bootstrap/SearchResults/": null

2024-07-13 23:00:50 - [TEST_STEP][PASSED] - path_TranxDetails = "Object Repository/AdminSuiteBootstrap_Pages/VT_Bootstrap/TransactionDetails/": null

2024-07-13 23:00:50 - [TEST_STEP][PASSED] - executionProfile = getExecutionProfile(): null

2024-07-13 23:00:50 - [TEST_STEP][PASSED] - out.println("executionProfile : " + executionProfile): null

2024-07-13 23:00:50 - [TEST_STEP][PASSED] - appName = <not implemented yet for class: org.codehaus.groovy.ast.expr.EmptyExpression>: null

2024-07-13 23:00:50 - [TEST_STEP][PASSED] - appID = <not implemented yet for class: org.codehaus.groovy.ast.expr.EmptyExpression>: null

2024-07-13 23:00:50 - [TEST_STEP][PASSED] - cardNameV = <not implemented yet for class: org.codehaus.groovy.ast.expr.EmptyExpression>: null

2024-07-13 23:00:50 - [TEST_STEP][PASSED] - al1V = <not implemented yet for class: org.codehaus.groovy.ast.expr.EmptyExpression>: null

2024-07-13 23:00:50 - [TEST_STEP][PASSED] - al2V = <not implemented yet for class: org.codehaus.groovy.ast.expr.EmptyExpression>: null

2024-07-13 23:00:50 - [TEST_STEP][PASSED] - zipV = <not implemented yet for class: org.codehaus.groovy.ast.expr.EmptyExpression>: null

2024-07-13 23:00:50 - [TEST_STEP][PASSED] - cardTypeV = <not implemented yet for class: org.codehaus.groovy.ast.expr.EmptyExpression>: null

2024-07-13 23:00:50 - [TEST_STEP][PASSED] - last4V = <not implemented yet for class: org.codehaus.groovy.ast.expr.EmptyExpression>: null

2024-07-13 23:00:50 - [TEST_STEP][PASSED] - numOfRows = <not implemented yet for class: org.codehaus.groovy.ast.expr.EmptyExpression>: null

2024-07-13 23:00:50 - [TEST_STEP][PASSED] - dataFile = <not implemented yet for class: org.codehaus.groovy.ast.expr.EmptyExpression>: null

2024-07-13 23:00:50 - [TEST_STEP][PASSED] - nameSheet = <not implemented yet for class: org.codehaus.groovy.ast.expr.EmptyExpression>: null

2024-07-13 23:00:50 - [TEST_STEP][PASSED] - numOfRows = findTestData("QA/Bootstrap/VT-SearchTransactions-TestData/VT-SearchTransactions").getRowNumbers(): null

2024-07-13 23:00:51 - [TEST_STEP][PASSED] - println("Number of Records: " + numOfRows): null

2024-07-13 23:00:51 - [TEST_STEP][PASSED] - dataFile = "QA/Bootstrap/VT-SearchTransactions-TestData/VT-SearchTransactions": null

2024-07-13 23:00:51 - [TEST_STEP][PASSED] - for ([row = 1, row <= numOfRows, (row++)]): Object 'Object Repository/AdminSuiteBootstrap_Pages/VT_Bootstrap/CCCreditOrVoidSearch/button_Submit' is present

2024-07-13 23:00:51 - [TEST_STEP][PASSED] - switch (executionProfile): null

2024-07-13 23:00:51 - [TEST_STEP][PASSED] - case "QA2Profile":: null

2024-07-13 23:00:51 - [TEST_STEP][PASSED] - appName = findTestData(dataFile).getValue("AppNameQA", row): null

2024-07-13 23:00:51 - [TEST_STEP][PASSED] - appID = findTestData(dataFile).getValue("AppIDQA", row): null

2024-07-13 23:00:51 - [TEST_STEP][PASSED] - break: null

2024-07-13 23:00:51 - [TEST_STEP][PASSED] - adminSuiteBootstrap.loginFunctionality.login_AdminSuite(): adminSuiteBootstrap.loginFunctionality.login_AdminSuite is PASSED

2024-07-13 23:00:51 - [MESSAGE][WARNING] - A browser is already opened. Closing browser and opening a new one

2024-07-13 23:00:52 - [MESSAGE][INFO] - Starting 'Chrome' driver

2024-07-13 23:00:52 - [MESSAGE][INFO] - User set preference: ['acceptInsecureCerts', 'true']

2024-07-13 23:00:52 - [MESSAGE][INFO] - Action delay is set to 0 milliseconds

2024-07-13 23:00:55 - [MESSAGE][PASSED] - Browser is opened with url: 'https://qa2.velocitypayment.com/admin/imtiaz'

2024-07-13 23:00:55 - [MESSAGE][PASSED] - Current window maximized

2024-07-13 23:00:56 - [MESSAGE][PASSED] - Object 'Object Repository/Login_Page/Login_Username_Okta' is present

2024-07-13 23:00:56 - [MESSAGE][PASSED] - Text 'iahmed' is set on object 'Object Repository/Login_Page/Login_Username_Okta'

2024-07-13 23:00:57 - [MESSAGE][PASSED] - Text 'Hello!6666666' is set on object 'Object Repository/Login_Page/Login_Password_Okta'

2024-07-13 23:00:58 - [MESSAGE][PASSED] - Object: 'Object Repository/Login_Page/Login_Submit_Okta' is clicked on

2024-07-13 23:00:58 - [MESSAGE][PASSED] - adminSuiteBootstrap.loginFunctionality.login_AdminSuite is PASSED

2024-07-13 23:00:58 - [TEST_STEP][PASSED] - click(findTestObject(path_Dashboard + appName)): Object: 'Object Repository/AdminSuiteBootstrap_Pages/Dashboard_Bootstrap/a_Access AutoNoCFtp' is clicked on

2024-07-13 23:01:06 - [MESSAGE][PASSED] - Object: 'Object Repository/AdminSuiteBootstrap_Pages/Dashboard_Bootstrap/a_Access AutoNoCFtp' is clicked on

2024-07-13 23:01:06 - [TEST_STEP][PASSED] - click(findTestObject(path_VT + "a_Search Transactions")): Object: 'Object Repository/AdminSuiteBootstrap_Pages/VT_Bootstrap/IssueTransactions/a_Search Transactions' is clicked on

2024-07-13 23:01:07 - [MESSAGE][PASSED] - Object: 'Object Repository/AdminSuiteBootstrap_Pages/VT_Bootstrap/IssueTransactions/a_Search Transactions' is clicked on

2024-07-13 23:01:07 - [TEST_STEP][PASSED] - verifyTextPresent("Transaction Search", true): Text 'Transaction Search' is present on page  using regular expression

2024-07-13 23:01:07 - [MESSAGE][PASSED] - Text 'Transaction Search' is present on page  using regular expression

2024-07-13 23:01:07 - [TEST_STEP][PASSED] - verifyTextPresent("Select the search date range, not to exceed 30 days", true): Text 'Select the search date range, not to exceed 30 days' is present on page  using regular expression

2024-07-13 23:01:08 - [MESSAGE][PASSED] - Text 'Select the search date range, not to exceed 30 days' is present on page  using regular expression

2024-07-13 23:01:08 - [TEST_STEP][PASSED] - verifyTextPresent("Time Zone : Eastern Standard Time", true): Text 'Time Zone : Eastern Standard Time' is present on page  using regular expression

2024-07-13 23:01:08 - [MESSAGE][PASSED] - Text 'Time Zone : Eastern Standard Time' is present on page  using regular expression

2024-07-13 23:01:08 - [TEST_STEP][PASSED] - verifyTextPresent("Credit Card Transactions", true): Text 'Credit Card Transactions' is present on page  using regular expression

2024-07-13 23:01:08 - [MESSAGE][PASSED] - Text 'Credit Card Transactions' is present on page  using regular expression

2024-07-13 23:01:08 - [TEST_STEP][PASSED] - verifyTextPresent("On-Line Check Transactions", true): Text 'On-Line Check Transactions' is present on page  using regular expression

2024-07-13 23:01:09 - [MESSAGE][PASSED] - Text 'On-Line Check Transactions' is present on page  using regular expression

2024-07-13 23:01:09 - [TEST_STEP][PASSED] - verifyTextPresent("Pinless Debit Transactions", true): Text 'Pinless Debit Transactions' is present on page  using regular expression

2024-07-13 23:01:09 - [MESSAGE][PASSED] - Text 'Pinless Debit Transactions' is present on page  using regular expression

2024-07-13 23:01:09 - [TEST_STEP][PASSED] - verifyTextPresent("Show Only Successful Transactions", true): Text 'Show Only Successful Transactions' is present on page  using regular expression

2024-07-13 23:01:09 - [MESSAGE][PASSED] - Text 'Show Only Successful Transactions' is present on page  using regular expression

2024-07-13 23:01:09 - [TEST_STEP][PASSED] - verifyTextPresent("Show Only Failure Transactions", true): Text 'Show Only Failure Transactions' is present on page  using regular expression

2024-07-13 23:01:10 - [MESSAGE][PASSED] - Text 'Show Only Failure Transactions' is present on page  using regular expression

2024-07-13 23:01:10 - [TEST_STEP][PASSED] - verifyOptionsPresent(findTestObject(path_CCSearch + "select_SearchBy"), ["Remittance ID", "Payment ID", "CC last 4 digit", "ACH last 4 digit"]): Options [Remittance ID, Payment ID, CC last 4 digit, ACH last 4 digit] present.

2024-07-13 23:01:11 - [MESSAGE][PASSED] - Options [Remittance ID, Payment ID, CC last 4 digit, ACH last 4 digit] present.

2024-07-13 23:01:11 - [TEST_STEP][PASSED] - verifyOptionsPresent(findTestObject(path_CCSearch + "select_SearchBy"), ["Email Address", "Amount", "Payer Name", "Client Account Number"]): Options [Email Address, Amount, Payer Name, Client Account Number] present.

2024-07-13 23:01:11 - [MESSAGE][PASSED] - Options [Email Address, Amount, Payer Name, Client Account Number] present.

2024-07-13 23:01:11 - [TEST_STEP][PASSED] - verifyOptionsPresent(findTestObject(path_CCSearch + "select_SearchBy"), ["UDF Label: UDF1", "UDF Label: UDF2", "UDF Label: UDF3", "UDF Label: UDF4", "UDF Label: UDF5"]): Options [UDF Label: UDF1, UDF Label: UDF2, UDF Label: UDF3, UDF Label: UDF4, UDF Label: UDF5] present.

2024-07-13 23:01:12 - [MESSAGE][PASSED] - Options [UDF Label: UDF1, UDF Label: UDF2, UDF Label: UDF3, UDF Label: UDF4, UDF Label: UDF5] present.

2024-07-13 23:01:12 - [TEST_STEP][PASSED] - verifyOptionsPresent(findTestObject(path_CCSearch + "select_SearchBy"), ["UDF Label: UDF6", "UDF Label: UDF7", "UDF Label: UDF8", "UDF Label: UDF9", "UDF Label: UDF 10"]): Options [UDF Label: UDF6, UDF Label: UDF7, UDF Label: UDF8, UDF Label: UDF9, UDF Label: UDF 10] present.

2024-07-13 23:01:13 - [MESSAGE][PASSED] - Options [UDF Label: UDF6, UDF Label: UDF7, UDF Label: UDF8, UDF Label: UDF9, UDF Label: UDF 10] present.

2024-07-13 23:01:13 - [TEST_STEP][PASSED] - verifyOptionsPresent(findTestObject(path_CCSearch + "select_SearchBy"), ["Phone Number", "Parcels"]): Options [Phone Number, Parcels] present.

2024-07-13 23:01:14 - [MESSAGE][PASSED] - Options [Phone Number, Parcels] present.

2024-07-13 23:01:14 - [TEST_STEP][PASSED] - verifyElementPresent(findTestObject(path_CCSearch + "input_Search By_searchValue"), 10): Object 'Object Repository/AdminSuiteBootstrap_Pages/VT_Bootstrap/CCCreditOrVoidSearch/input_Search By_searchValue' is present

2024-07-13 23:01:14 - [MESSAGE][PASSED] - Object 'Object Repository/AdminSuiteBootstrap_Pages/VT_Bootstrap/CCCreditOrVoidSearch/input_Search By_searchValue' is present

2024-07-13 23:01:14 - [TEST_STEP][PASSED] - verifyTextPresent("Advanced Search", true): Text 'Advanced Search' is present on page  using regular expression

2024-07-13 23:01:14 - [MESSAGE][PASSED] - Text 'Advanced Search' is present on page  using regular expression

2024-07-13 23:01:14 - [TEST_STEP][PASSED] - verifyElementPresent(findTestObject(path_CCSearch + "input_Search Value_wildcard"), 10): Object 'Object Repository/AdminSuiteBootstrap_Pages/VT_Bootstrap/CCCreditOrVoidSearch/input_Search Value_wildcard' is present

2024-07-13 23:01:15 - [MESSAGE][PASSED] - Object 'Object Repository/AdminSuiteBootstrap_Pages/VT_Bootstrap/CCCreditOrVoidSearch/input_Search Value_wildcard' is present

2024-07-13 23:01:15 - [TEST_STEP][PASSED] - verifyElementPresent(findTestObject(path_CCSearch + "input_StartCalendar"), 10): Object 'Object Repository/AdminSuiteBootstrap_Pages/VT_Bootstrap/CCCreditOrVoidSearch/input_StartCalendar' is present

2024-07-13 23:01:15 - [MESSAGE][PASSED] - Object 'Object Repository/AdminSuiteBootstrap_Pages/VT_Bootstrap/CCCreditOrVoidSearch/input_StartCalendar' is present

2024-07-13 23:01:15 - [TEST_STEP][PASSED] - verifyElementPresent(findTestObject(path_CCSearch + "input_EndCalendar"), 10): Object 'Object Repository/AdminSuiteBootstrap_Pages/VT_Bootstrap/CCCreditOrVoidSearch/input_EndCalendar' is present

2024-07-13 23:01:15 - [MESSAGE][PASSED] - Object 'Object Repository/AdminSuiteBootstrap_Pages/VT_Bootstrap/CCCreditOrVoidSearch/input_EndCalendar' is present

2024-07-13 23:01:15 - [TEST_STEP][PASSED] - verifyElementPresent(findTestObject(path_CCSearch + "option_TransType"), 10): Object 'Object Repository/AdminSuiteBootstrap_Pages/VT_Bootstrap/CCCreditOrVoidSearch/option_TransType' is present

2024-07-13 23:01:16 - [MESSAGE][PASSED] - Object 'Object Repository/AdminSuiteBootstrap_Pages/VT_Bootstrap/CCCreditOrVoidSearch/option_TransType' is present

2024-07-13 23:01:16 - [TEST_STEP][PASSED] - verifyElementPresent(findTestObject(path_CCSearch + "option_Credit_CC"), 10): Object 'Object Repository/AdminSuiteBootstrap_Pages/VT_Bootstrap/CCCreditOrVoidSearch/option_Credit_CC' is present

2024-07-13 23:01:16 - [MESSAGE][PASSED] - Object 'Object Repository/AdminSuiteBootstrap_Pages/VT_Bootstrap/CCCreditOrVoidSearch/option_Credit_CC' is present

2024-07-13 23:01:16 - [TEST_STEP][PASSED] - verifyElementPresent(findTestObject(path_CCSearch + "option_Capture (Sale)"), 10): Object 'Object Repository/AdminSuiteBootstrap_Pages/VT_Bootstrap/CCCreditOrVoidSearch/option_Capture (Sale)' is present

2024-07-13 23:01:16 - [MESSAGE][PASSED] - Object 'Object Repository/AdminSuiteBootstrap_Pages/VT_Bootstrap/CCCreditOrVoidSearch/option_Capture (Sale)' is present

2024-07-13 23:01:16 - [TEST_STEP][PASSED] - verifyElementPresent(findTestObject(path_CCSearch + "option_Void_CC"), 10): Object 'Object Repository/AdminSuiteBootstrap_Pages/VT_Bootstrap/CCCreditOrVoidSearch/option_Void_CC' is present

2024-07-13 23:01:17 - [MESSAGE][PASSED] - Object 'Object Repository/AdminSuiteBootstrap_Pages/VT_Bootstrap/CCCreditOrVoidSearch/option_Void_CC' is present

2024-07-13 23:01:17 - [TEST_STEP][PASSED] - verifyElementPresent(findTestObject(path_CCSearch + "option_Authorization"), 10): Object 'Object Repository/AdminSuiteBootstrap_Pages/VT_Bootstrap/CCCreditOrVoidSearch/option_Authorization' is present

2024-07-13 23:01:17 - [MESSAGE][PASSED] - Object 'Object Repository/AdminSuiteBootstrap_Pages/VT_Bootstrap/CCCreditOrVoidSearch/option_Authorization' is present

2024-07-13 23:01:17 - [TEST_STEP][PASSED] - verifyElementPresent(findTestObject(path_CCSearch + "option_Manual Authorization"), 10): Object 'Object Repository/AdminSuiteBootstrap_Pages/VT_Bootstrap/CCCreditOrVoidSearch/option_Manual Authorization' is present

2024-07-13 23:01:17 - [MESSAGE][PASSED] - Object 'Object Repository/AdminSuiteBootstrap_Pages/VT_Bootstrap/CCCreditOrVoidSearch/option_Manual Authorization' is present

2024-07-13 23:01:17 - [TEST_STEP][PASSED] - verifyElementPresent(findTestObject(path_CCSearch + "option_Debit"), 10): Object 'Object Repository/AdminSuiteBootstrap_Pages/VT_Bootstrap/CCCreditOrVoidSearch/option_Debit' is present

2024-07-13 23:01:18 - [MESSAGE][PASSED] - Object 'Object Repository/AdminSuiteBootstrap_Pages/VT_Bootstrap/CCCreditOrVoidSearch/option_Debit' is present

2024-07-13 23:01:18 - [TEST_STEP][PASSED] - verifyElementPresent(findTestObject(path_CCSearch + "option_Credit_ACH"), 10): Object 'Object Repository/AdminSuiteBootstrap_Pages/VT_Bootstrap/CCCreditOrVoidSearch/option_Credit_ACH' is present

2024-07-13 23:01:18 - [MESSAGE][PASSED] - Object 'Object Repository/AdminSuiteBootstrap_Pages/VT_Bootstrap/CCCreditOrVoidSearch/option_Credit_ACH' is present

2024-07-13 23:01:18 - [TEST_STEP][PASSED] - verifyElementPresent(findTestObject(path_CCSearch + "option_Void_ACH"), 10): Object 'Object Repository/AdminSuiteBootstrap_Pages/VT_Bootstrap/CCCreditOrVoidSearch/option_Void_ACH' is present

2024-07-13 23:01:18 - [MESSAGE][PASSED] - Object 'Object Repository/AdminSuiteBootstrap_Pages/VT_Bootstrap/CCCreditOrVoidSearch/option_Void_ACH' is present

2024-07-13 23:01:18 - [TEST_STEP][PASSED] - verifyElementPresent(findTestObject(path_CCSearch + "option_Pinless Debit"), 10): Object 'Object Repository/AdminSuiteBootstrap_Pages/VT_Bootstrap/CCCreditOrVoidSearch/option_Pinless Debit' is present

2024-07-13 23:01:19 - [MESSAGE][PASSED] - Object 'Object Repository/AdminSuiteBootstrap_Pages/VT_Bootstrap/CCCreditOrVoidSearch/option_Pinless Debit' is present

2024-07-13 23:01:19 - [TEST_STEP][PASSED] - verifyElementPresent(findTestObject(path_CCSearch + "option_Pinless Credit"), 10): Object 'Object Repository/AdminSuiteBootstrap_Pages/VT_Bootstrap/CCCreditOrVoidSearch/option_Pinless Credit' is present

2024-07-13 23:01:19 - [MESSAGE][PASSED] - Object 'Object Repository/AdminSuiteBootstrap_Pages/VT_Bootstrap/CCCreditOrVoidSearch/option_Pinless Credit' is present

2024-07-13 23:01:19 - [TEST_STEP][PASSED] - verifyElementPresent(findTestObject(path_CCSearch + "input_ShowOnlySuccessfulTransactions"), 10): Object 'Object Repository/AdminSuiteBootstrap_Pages/VT_Bootstrap/CCCreditOrVoidSearch/input_ShowOnlySuccessfulTransactions' is present

2024-07-13 23:01:19 - [MESSAGE][PASSED] - Object 'Object Repository/AdminSuiteBootstrap_Pages/VT_Bootstrap/CCCreditOrVoidSearch/input_ShowOnlySuccessfulTransactions' is present

2024-07-13 23:01:19 - [TEST_STEP][PASSED] - verifyElementPresent(findTestObject(path_CCSearch + "input_ShowOnlyFailureTransactions"), 10): Object 'Object Repository/AdminSuiteBootstrap_Pages/VT_Bootstrap/CCCreditOrVoidSearch/input_ShowOnlyFailureTransactions' is present

2024-07-13 23:01:20 - [MESSAGE][PASSED] - Object 'Object Repository/AdminSuiteBootstrap_Pages/VT_Bootstrap/CCCreditOrVoidSearch/input_ShowOnlyFailureTransactions' is present

2024-07-13 23:01:20 - [TEST_STEP][PASSED] - verifyElementPresent(findTestObject(path_CCSearch + "button_Submit"), 10): Object 'Object Repository/AdminSuiteBootstrap_Pages/VT_Bootstrap/CCCreditOrVoidSearch/button_Submit' is present

2024-07-13 23:01:20 - [MESSAGE][PASSED] - Object 'Object Repository/AdminSuiteBootstrap_Pages/VT_Bootstrap/CCCreditOrVoidSearch/button_Submit' is present]]></system-out>
         <system-err><![CDATA[]]></system-err>
      </testcase>
      <testcase name="Test Cases/Admin Suite Bootstrap/VT_SearchTransaction_TestCases/Sale_SearchTransaction_Generic_TC" time="59.281" classname="Test Cases/Admin Suite Bootstrap/VT_SearchTransaction_TestCases/Sale_SearchTransaction_Generic_TC" status="PASSED">
         <system-out><![CDATA[2024-07-13 23:01:20 - [TEST_CASE][PASSED] - Test Cases/Admin Suite Bootstrap/VT_SearchTransaction_TestCases/Sale_SearchTransaction_Generic_TC: Test Cases/Admin Suite Bootstrap/VT_SearchTransaction_TestCases/Sale_SearchTransaction_Generic_TC

2024-07-13 23:01:20 - [TEST_STEP][PASSED] - path_Dashboard = "Object Repository/AdminSuiteBootstrap_Pages/Dashboard_Bootstrap/": null

2024-07-13 23:01:20 - [TEST_STEP][PASSED] - path_VT = "Object Repository/AdminSuiteBootstrap_Pages/VT_Bootstrap/IssueTransactions/": null

2024-07-13 23:01:20 - [TEST_STEP][PASSED] - path_SaleKB = "Object Repository/AdminSuiteBootstrap_Pages/VT_Bootstrap/SaleKeyboard/": null

2024-07-13 23:01:20 - [TEST_STEP][PASSED] - path_TestMinus = "Object Repository/Page_TestMinusAndAtSigns/": null

2024-07-13 23:01:20 - [TEST_STEP][PASSED] - path_Receipt = "Object Repository/AdminSuiteBootstrap_Pages/VT_Bootstrap/Receipt/": null

2024-07-13 23:01:20 - [TEST_STEP][PASSED] - path_CCSearch = "Object Repository/AdminSuiteBootstrap_Pages/VT_Bootstrap/CCCreditOrVoidSearch/": null

2024-07-13 23:01:20 - [TEST_STEP][PASSED] - path_SearchResults = "Object Repository/AdminSuiteBootstrap_Pages/VT_Bootstrap/SearchResults/": null

2024-07-13 23:01:20 - [TEST_STEP][PASSED] - path_TranxDetails = "Object Repository/AdminSuiteBootstrap_Pages/VT_Bootstrap/TransactionDetails/": null

2024-07-13 23:01:20 - [TEST_STEP][PASSED] - li_1 = vpos_Prefix: null

2024-07-13 23:01:20 - [TEST_STEP][PASSED] - li_2 = "/transactions/AuthCapForm/": null

2024-07-13 23:01:20 - [TEST_STEP][PASSED] - executionProfile = getExecutionProfile(): null

2024-07-13 23:01:20 - [TEST_STEP][PASSED] - out.println("executionProfile : " + executionProfile): null

2024-07-13 23:01:20 - [TEST_STEP][PASSED] - appName = <not implemented yet for class: org.codehaus.groovy.ast.expr.EmptyExpression>: null

2024-07-13 23:01:20 - [TEST_STEP][PASSED] - appID = <not implemented yet for class: org.codehaus.groovy.ast.expr.EmptyExpression>: null

2024-07-13 23:01:20 - [TEST_STEP][PASSED] - cardNameV = <not implemented yet for class: org.codehaus.groovy.ast.expr.EmptyExpression>: null

2024-07-13 23:01:20 - [TEST_STEP][PASSED] - al1V = <not implemented yet for class: org.codehaus.groovy.ast.expr.EmptyExpression>: null

2024-07-13 23:01:20 - [TEST_STEP][PASSED] - al2V = <not implemented yet for class: org.codehaus.groovy.ast.expr.EmptyExpression>: null

2024-07-13 23:01:20 - [TEST_STEP][PASSED] - zipV = <not implemented yet for class: org.codehaus.groovy.ast.expr.EmptyExpression>: null

2024-07-13 23:01:20 - [TEST_STEP][PASSED] - cardTypeV = <not implemented yet for class: org.codehaus.groovy.ast.expr.EmptyExpression>: null

2024-07-13 23:01:20 - [TEST_STEP][PASSED] - last4V = <not implemented yet for class: org.codehaus.groovy.ast.expr.EmptyExpression>: null

2024-07-13 23:01:20 - [TEST_STEP][PASSED] - resText = "Fail": null

2024-07-13 23:01:20 - [TEST_STEP][PASSED] - resColumn = "Result": null

2024-07-13 23:01:20 - [TEST_STEP][PASSED] - datCloumn = "Date": null

2024-07-13 23:01:20 - [TEST_STEP][PASSED] - fileLoc = "KatalonData/Bootstrap/VT-Misc-Data.xlsx": null

2024-07-13 23:01:20 - [TEST_STEP][PASSED] - numOfRows = <not implemented yet for class: org.codehaus.groovy.ast.expr.EmptyExpression>: null

2024-07-13 23:01:20 - [TEST_STEP][PASSED] - dataFile = <not implemented yet for class: org.codehaus.groovy.ast.expr.EmptyExpression>: null

2024-07-13 23:01:20 - [TEST_STEP][PASSED] - nameSheet = <not implemented yet for class: org.codehaus.groovy.ast.expr.EmptyExpression>: null

2024-07-13 23:01:20 - [TEST_STEP][PASSED] - nameSheet = "SaleSearchTransactions": null

2024-07-13 23:01:20 - [TEST_STEP][PASSED] - numOfRows = findTestData("QA/Bootstrap/VT-SearchTransactions-TestData/VT-SaleSearchTransactions").getRowNumbers(): null

2024-07-13 23:01:21 - [TEST_STEP][PASSED] - println("Number of Records: " + numOfRows): null

2024-07-13 23:01:21 - [TEST_STEP][PASSED] - dataFile = "QA/Bootstrap/VT-SearchTransactions-TestData/VT-SaleSearchTransactions": null

2024-07-13 23:01:21 - [TEST_STEP][PASSED] - for ([row = 1, row <= numOfRows, (row++)]): Browser is closed

2024-07-13 23:01:21 - [TEST_STEP][PASSED] - ExecuteTC = findTestData(dataFile).getValue("Execute", row): null

2024-07-13 23:01:21 - [TEST_STEP][PASSED] - out.println("Value of Execute is : " + ExecuteTC): null

2024-07-13 23:01:21 - [TEST_STEP][PASSED] - switch (executionProfile): null

2024-07-13 23:01:21 - [TEST_STEP][PASSED] - case "QA2Profile":: null

2024-07-13 23:01:21 - [TEST_STEP][PASSED] - appName = findTestData(dataFile).getValue("AppNameQA", row): null

2024-07-13 23:01:21 - [TEST_STEP][PASSED] - appID = findTestData(dataFile).getValue("AppIDQA", row): null

2024-07-13 23:01:21 - [TEST_STEP][PASSED] - break: null

2024-07-13 23:01:21 - [TEST_STEP][PASSED] - hrefAppID = li_1 + appID + li_2: null

2024-07-13 23:01:21 - [TEST_STEP][PASSED] - hrefApp = li_1 + appID + "/": null

2024-07-13 23:01:21 - [TEST_STEP][PASSED] - println("hrefApp : " + hrefApp): null

2024-07-13 23:01:21 - [TEST_STEP][PASSED] - if (ExecuteTC.equalsIgnoreCase("Y")): null

2024-07-13 23:01:21 - [TEST_STEP][PASSED] - ExecuteTC = findTestData(dataFile).getValue("Execute", row): null

2024-07-13 23:01:21 - [TEST_STEP][PASSED] - out.println("Value of Execute is : " + ExecuteTC): null

2024-07-13 23:01:21 - [TEST_STEP][PASSED] - switch (executionProfile): null

2024-07-13 23:01:21 - [TEST_STEP][PASSED] - case "QA2Profile":: null

2024-07-13 23:01:21 - [TEST_STEP][PASSED] - appName = findTestData(dataFile).getValue("AppNameQA", row): null

2024-07-13 23:01:21 - [TEST_STEP][PASSED] - appID = findTestData(dataFile).getValue("AppIDQA", row): null

2024-07-13 23:01:21 - [TEST_STEP][PASSED] - break: null

2024-07-13 23:01:21 - [TEST_STEP][PASSED] - hrefAppID = li_1 + appID + li_2: null

2024-07-13 23:01:21 - [TEST_STEP][PASSED] - hrefApp = li_1 + appID + "/": null

2024-07-13 23:01:21 - [TEST_STEP][PASSED] - println("hrefApp : " + hrefApp): null

2024-07-13 23:01:21 - [TEST_STEP][PASSED] - if (ExecuteTC.equalsIgnoreCase("Y")): null

2024-07-13 23:01:21 - [TEST_STEP][PASSED] - ExecuteTC = findTestData(dataFile).getValue("Execute", row): null

2024-07-13 23:01:21 - [TEST_STEP][PASSED] - out.println("Value of Execute is : " + ExecuteTC): null

2024-07-13 23:01:21 - [TEST_STEP][PASSED] - switch (executionProfile): null

2024-07-13 23:01:21 - [TEST_STEP][PASSED] - case "QA2Profile":: null

2024-07-13 23:01:21 - [TEST_STEP][PASSED] - appName = findTestData(dataFile).getValue("AppNameQA", row): null

2024-07-13 23:01:21 - [TEST_STEP][PASSED] - appID = findTestData(dataFile).getValue("AppIDQA", row): null

2024-07-13 23:01:22 - [TEST_STEP][PASSED] - break: null

2024-07-13 23:01:22 - [TEST_STEP][PASSED] - hrefAppID = li_1 + appID + li_2: null

2024-07-13 23:01:22 - [TEST_STEP][PASSED] - hrefApp = li_1 + appID + "/": null

2024-07-13 23:01:22 - [TEST_STEP][PASSED] - println("hrefApp : " + hrefApp): null

2024-07-13 23:01:22 - [TEST_STEP][PASSED] - if (ExecuteTC.equalsIgnoreCase("Y")): null

2024-07-13 23:01:22 - [TEST_STEP][PASSED] - ExecuteTC = findTestData(dataFile).getValue("Execute", row): null

2024-07-13 23:01:22 - [TEST_STEP][PASSED] - out.println("Value of Execute is : " + ExecuteTC): null

2024-07-13 23:01:22 - [TEST_STEP][PASSED] - switch (executionProfile): null

2024-07-13 23:01:22 - [TEST_STEP][PASSED] - case "QA2Profile":: null

2024-07-13 23:01:22 - [TEST_STEP][PASSED] - appName = findTestData(dataFile).getValue("AppNameQA", row): null

2024-07-13 23:01:22 - [TEST_STEP][PASSED] - appID = findTestData(dataFile).getValue("AppIDQA", row): null

2024-07-13 23:01:22 - [TEST_STEP][PASSED] - break: null

2024-07-13 23:01:22 - [TEST_STEP][PASSED] - hrefAppID = li_1 + appID + li_2: null

2024-07-13 23:01:22 - [TEST_STEP][PASSED] - hrefApp = li_1 + appID + "/": null

2024-07-13 23:01:22 - [TEST_STEP][PASSED] - println("hrefApp : " + hrefApp): null

2024-07-13 23:01:22 - [TEST_STEP][PASSED] - if (ExecuteTC.equalsIgnoreCase("Y")): null

2024-07-13 23:01:22 - [TEST_STEP][PASSED] - ExecuteTC = findTestData(dataFile).getValue("Execute", row): null

2024-07-13 23:01:22 - [TEST_STEP][PASSED] - out.println("Value of Execute is : " + ExecuteTC): null

2024-07-13 23:01:22 - [TEST_STEP][PASSED] - switch (executionProfile): null

2024-07-13 23:01:22 - [TEST_STEP][PASSED] - case "QA2Profile":: null

2024-07-13 23:01:22 - [TEST_STEP][PASSED] - appName = findTestData(dataFile).getValue("AppNameQA", row): null

2024-07-13 23:01:22 - [TEST_STEP][PASSED] - appID = findTestData(dataFile).getValue("AppIDQA", row): null

2024-07-13 23:01:22 - [TEST_STEP][PASSED] - break: null

2024-07-13 23:01:22 - [TEST_STEP][PASSED] - hrefAppID = li_1 + appID + li_2: null

2024-07-13 23:01:22 - [TEST_STEP][PASSED] - hrefApp = li_1 + appID + "/": null

2024-07-13 23:01:22 - [TEST_STEP][PASSED] - println("hrefApp : " + hrefApp): null

2024-07-13 23:01:22 - [TEST_STEP][PASSED] - if (ExecuteTC.equalsIgnoreCase("Y")): null

2024-07-13 23:01:22 - [TEST_STEP][PASSED] - ExecuteTC = findTestData(dataFile).getValue("Execute", row): null

2024-07-13 23:01:22 - [TEST_STEP][PASSED] - out.println("Value of Execute is : " + ExecuteTC): null

2024-07-13 23:01:22 - [TEST_STEP][PASSED] - switch (executionProfile): null

2024-07-13 23:01:22 - [TEST_STEP][PASSED] - case "QA2Profile":: null

2024-07-13 23:01:22 - [TEST_STEP][PASSED] - appName = findTestData(dataFile).getValue("AppNameQA", row): null

2024-07-13 23:01:22 - [TEST_STEP][PASSED] - appID = findTestData(dataFile).getValue("AppIDQA", row): null

2024-07-13 23:01:22 - [TEST_STEP][PASSED] - break: null

2024-07-13 23:01:22 - [TEST_STEP][PASSED] - hrefAppID = li_1 + appID + li_2: null

2024-07-13 23:01:22 - [TEST_STEP][PASSED] - hrefApp = li_1 + appID + "/": null

2024-07-13 23:01:22 - [TEST_STEP][PASSED] - println("hrefApp : " + hrefApp): null

2024-07-13 23:01:22 - [TEST_STEP][PASSED] - if (ExecuteTC.equalsIgnoreCase("Y")): null

2024-07-13 23:01:22 - [TEST_STEP][PASSED] - ExecuteTC = findTestData(dataFile).getValue("Execute", row): null

2024-07-13 23:01:22 - [TEST_STEP][PASSED] - out.println("Value of Execute is : " + ExecuteTC): null

2024-07-13 23:01:22 - [TEST_STEP][PASSED] - switch (executionProfile): null

2024-07-13 23:01:22 - [TEST_STEP][PASSED] - case "QA2Profile":: null

2024-07-13 23:01:22 - [TEST_STEP][PASSED] - appName = findTestData(dataFile).getValue("AppNameQA", row): null

2024-07-13 23:01:22 - [TEST_STEP][PASSED] - appID = findTestData(dataFile).getValue("AppIDQA", row): null

2024-07-13 23:01:23 - [TEST_STEP][PASSED] - break: null

2024-07-13 23:01:23 - [TEST_STEP][PASSED] - hrefAppID = li_1 + appID + li_2: null

2024-07-13 23:01:23 - [TEST_STEP][PASSED] - hrefApp = li_1 + appID + "/": null

2024-07-13 23:01:23 - [TEST_STEP][PASSED] - println("hrefApp : " + hrefApp): null

2024-07-13 23:01:23 - [TEST_STEP][PASSED] - if (ExecuteTC.equalsIgnoreCase("Y")): null

2024-07-13 23:01:23 - [TEST_STEP][PASSED] - ExecuteTC = findTestData(dataFile).getValue("Execute", row): null

2024-07-13 23:01:23 - [TEST_STEP][PASSED] - out.println("Value of Execute is : " + ExecuteTC): null

2024-07-13 23:01:23 - [TEST_STEP][PASSED] - switch (executionProfile): null

2024-07-13 23:01:23 - [TEST_STEP][PASSED] - case "QA2Profile":: null

2024-07-13 23:01:23 - [TEST_STEP][PASSED] - appName = findTestData(dataFile).getValue("AppNameQA", row): null

2024-07-13 23:01:23 - [TEST_STEP][PASSED] - appID = findTestData(dataFile).getValue("AppIDQA", row): null

2024-07-13 23:01:23 - [TEST_STEP][PASSED] - break: null

2024-07-13 23:01:23 - [TEST_STEP][PASSED] - hrefAppID = li_1 + appID + li_2: null

2024-07-13 23:01:23 - [TEST_STEP][PASSED] - hrefApp = li_1 + appID + "/": null

2024-07-13 23:01:23 - [TEST_STEP][PASSED] - println("hrefApp : " + hrefApp): null

2024-07-13 23:01:23 - [TEST_STEP][PASSED] - if (ExecuteTC.equalsIgnoreCase("Y")): null

2024-07-13 23:01:23 - [TEST_STEP][PASSED] - ExecuteTC = findTestData(dataFile).getValue("Execute", row): null

2024-07-13 23:01:23 - [TEST_STEP][PASSED] - out.println("Value of Execute is : " + ExecuteTC): null

2024-07-13 23:01:23 - [TEST_STEP][PASSED] - switch (executionProfile): null

2024-07-13 23:01:23 - [TEST_STEP][PASSED] - case "QA2Profile":: null

2024-07-13 23:01:23 - [TEST_STEP][PASSED] - appName = findTestData(dataFile).getValue("AppNameQA", row): null

2024-07-13 23:01:23 - [TEST_STEP][PASSED] - appID = findTestData(dataFile).getValue("AppIDQA", row): null

2024-07-13 23:01:23 - [TEST_STEP][PASSED] - break: null

2024-07-13 23:01:23 - [TEST_STEP][PASSED] - hrefAppID = li_1 + appID + li_2: null

2024-07-13 23:01:23 - [TEST_STEP][PASSED] - hrefApp = li_1 + appID + "/": null

2024-07-13 23:01:23 - [TEST_STEP][PASSED] - println("hrefApp : " + hrefApp): null

2024-07-13 23:01:23 - [TEST_STEP][PASSED] - if (ExecuteTC.equalsIgnoreCase("Y")): null

2024-07-13 23:01:23 - [TEST_STEP][PASSED] - ExecuteTC = findTestData(dataFile).getValue("Execute", row): null

2024-07-13 23:01:23 - [TEST_STEP][PASSED] - out.println("Value of Execute is : " + ExecuteTC): null

2024-07-13 23:01:23 - [TEST_STEP][PASSED] - switch (executionProfile): null

2024-07-13 23:01:23 - [TEST_STEP][PASSED] - case "QA2Profile":: null

2024-07-13 23:01:23 - [TEST_STEP][PASSED] - appName = findTestData(dataFile).getValue("AppNameQA", row): null

2024-07-13 23:01:23 - [TEST_STEP][PASSED] - appID = findTestData(dataFile).getValue("AppIDQA", row): null

2024-07-13 23:01:23 - [TEST_STEP][PASSED] - break: null

2024-07-13 23:01:23 - [TEST_STEP][PASSED] - hrefAppID = li_1 + appID + li_2: null

2024-07-13 23:01:23 - [TEST_STEP][PASSED] - hrefApp = li_1 + appID + "/": null

2024-07-13 23:01:23 - [TEST_STEP][PASSED] - println("hrefApp : " + hrefApp): null

2024-07-13 23:01:23 - [TEST_STEP][PASSED] - if (ExecuteTC.equalsIgnoreCase("Y")): null

2024-07-13 23:01:23 - [TEST_STEP][PASSED] - ExecuteTC = findTestData(dataFile).getValue("Execute", row): null

2024-07-13 23:01:23 - [TEST_STEP][PASSED] - out.println("Value of Execute is : " + ExecuteTC): null

2024-07-13 23:01:23 - [TEST_STEP][PASSED] - switch (executionProfile): null

2024-07-13 23:01:23 - [TEST_STEP][PASSED] - case "QA2Profile":: null

2024-07-13 23:01:23 - [TEST_STEP][PASSED] - appName = findTestData(dataFile).getValue("AppNameQA", row): null

2024-07-13 23:01:23 - [TEST_STEP][PASSED] - appID = findTestData(dataFile).getValue("AppIDQA", row): null

2024-07-13 23:01:23 - [TEST_STEP][PASSED] - break: null

2024-07-13 23:01:23 - [TEST_STEP][PASSED] - hrefAppID = li_1 + appID + li_2: null

2024-07-13 23:01:23 - [TEST_STEP][PASSED] - hrefApp = li_1 + appID + "/": null

2024-07-13 23:01:23 - [TEST_STEP][PASSED] - println("hrefApp : " + hrefApp): null

2024-07-13 23:01:23 - [TEST_STEP][PASSED] - if (ExecuteTC.equalsIgnoreCase("Y")): null

2024-07-13 23:01:23 - [TEST_STEP][PASSED] - ExecuteTC = findTestData(dataFile).getValue("Execute", row): null

2024-07-13 23:01:23 - [TEST_STEP][PASSED] - out.println("Value of Execute is : " + ExecuteTC): null

2024-07-13 23:01:23 - [TEST_STEP][PASSED] - switch (executionProfile): null

2024-07-13 23:01:23 - [TEST_STEP][PASSED] - case "QA2Profile":: null

2024-07-13 23:01:23 - [TEST_STEP][PASSED] - appName = findTestData(dataFile).getValue("AppNameQA", row): null

2024-07-13 23:01:23 - [TEST_STEP][PASSED] - appID = findTestData(dataFile).getValue("AppIDQA", row): null

2024-07-13 23:01:24 - [TEST_STEP][PASSED] - break: null

2024-07-13 23:01:24 - [TEST_STEP][PASSED] - hrefAppID = li_1 + appID + li_2: null

2024-07-13 23:01:24 - [TEST_STEP][PASSED] - hrefApp = li_1 + appID + "/": null

2024-07-13 23:01:24 - [TEST_STEP][PASSED] - println("hrefApp : " + hrefApp): null

2024-07-13 23:01:24 - [TEST_STEP][PASSED] - if (ExecuteTC.equalsIgnoreCase("Y")): null

2024-07-13 23:01:24 - [TEST_STEP][PASSED] - ExecuteTC = findTestData(dataFile).getValue("Execute", row): null

2024-07-13 23:01:24 - [TEST_STEP][PASSED] - out.println("Value of Execute is : " + ExecuteTC): null

2024-07-13 23:01:24 - [TEST_STEP][PASSED] - switch (executionProfile): null

2024-07-13 23:01:24 - [TEST_STEP][PASSED] - case "QA2Profile":: null

2024-07-13 23:01:24 - [TEST_STEP][PASSED] - appName = findTestData(dataFile).getValue("AppNameQA", row): null

2024-07-13 23:01:24 - [TEST_STEP][PASSED] - appID = findTestData(dataFile).getValue("AppIDQA", row): null

2024-07-13 23:01:24 - [TEST_STEP][PASSED] - break: null

2024-07-13 23:01:24 - [TEST_STEP][PASSED] - hrefAppID = li_1 + appID + li_2: null

2024-07-13 23:01:24 - [TEST_STEP][PASSED] - hrefApp = li_1 + appID + "/": null

2024-07-13 23:01:24 - [TEST_STEP][PASSED] - println("hrefApp : " + hrefApp): null

2024-07-13 23:01:24 - [TEST_STEP][PASSED] - if (ExecuteTC.equalsIgnoreCase("Y")): null

2024-07-13 23:01:24 - [TEST_STEP][PASSED] - ExecuteTC = findTestData(dataFile).getValue("Execute", row): null

2024-07-13 23:01:24 - [TEST_STEP][PASSED] - out.println("Value of Execute is : " + ExecuteTC): null

2024-07-13 23:01:24 - [TEST_STEP][PASSED] - switch (executionProfile): null

2024-07-13 23:01:24 - [TEST_STEP][PASSED] - case "QA2Profile":: null

2024-07-13 23:01:24 - [TEST_STEP][PASSED] - appName = findTestData(dataFile).getValue("AppNameQA", row): null

2024-07-13 23:01:24 - [TEST_STEP][PASSED] - appID = findTestData(dataFile).getValue("AppIDQA", row): null

2024-07-13 23:01:24 - [TEST_STEP][PASSED] - break: null

2024-07-13 23:01:24 - [TEST_STEP][PASSED] - hrefAppID = li_1 + appID + li_2: null

2024-07-13 23:01:24 - [TEST_STEP][PASSED] - hrefApp = li_1 + appID + "/": null

2024-07-13 23:01:24 - [TEST_STEP][PASSED] - println("hrefApp : " + hrefApp): null

2024-07-13 23:01:24 - [TEST_STEP][PASSED] - if (ExecuteTC.equalsIgnoreCase("Y")): null

2024-07-13 23:01:24 - [TEST_STEP][PASSED] - ExecuteTC = findTestData(dataFile).getValue("Execute", row): null

2024-07-13 23:01:24 - [TEST_STEP][PASSED] - out.println("Value of Execute is : " + ExecuteTC): null

2024-07-13 23:01:24 - [TEST_STEP][PASSED] - switch (executionProfile): null

2024-07-13 23:01:24 - [TEST_STEP][PASSED] - case "QA2Profile":: null

2024-07-13 23:01:24 - [TEST_STEP][PASSED] - appName = findTestData(dataFile).getValue("AppNameQA", row): null

2024-07-13 23:01:24 - [TEST_STEP][PASSED] - appID = findTestData(dataFile).getValue("AppIDQA", row): null

2024-07-13 23:01:24 - [TEST_STEP][PASSED] - break: null

2024-07-13 23:01:24 - [TEST_STEP][PASSED] - hrefAppID = li_1 + appID + li_2: null

2024-07-13 23:01:24 - [TEST_STEP][PASSED] - hrefApp = li_1 + appID + "/": null

2024-07-13 23:01:24 - [TEST_STEP][PASSED] - println("hrefApp : " + hrefApp): null

2024-07-13 23:01:24 - [TEST_STEP][PASSED] - if (ExecuteTC.equalsIgnoreCase("Y")): null

2024-07-13 23:01:24 - [TEST_STEP][PASSED] - ExecuteTC = findTestData(dataFile).getValue("Execute", row): null

2024-07-13 23:01:24 - [TEST_STEP][PASSED] - out.println("Value of Execute is : " + ExecuteTC): null

2024-07-13 23:01:24 - [TEST_STEP][PASSED] - switch (executionProfile): null

2024-07-13 23:01:24 - [TEST_STEP][PASSED] - case "QA2Profile":: null

2024-07-13 23:01:24 - [TEST_STEP][PASSED] - appName = findTestData(dataFile).getValue("AppNameQA", row): null

2024-07-13 23:01:24 - [TEST_STEP][PASSED] - appID = findTestData(dataFile).getValue("AppIDQA", row): null

2024-07-13 23:01:24 - [TEST_STEP][PASSED] - break: null

2024-07-13 23:01:24 - [TEST_STEP][PASSED] - hrefAppID = li_1 + appID + li_2: null

2024-07-13 23:01:24 - [TEST_STEP][PASSED] - hrefApp = li_1 + appID + "/": null

2024-07-13 23:01:24 - [TEST_STEP][PASSED] - println("hrefApp : " + hrefApp): null

2024-07-13 23:01:24 - [TEST_STEP][PASSED] - if (ExecuteTC.equalsIgnoreCase("Y")): null

2024-07-13 23:01:24 - [TEST_STEP][PASSED] - ExecuteTC = findTestData(dataFile).getValue("Execute", row): null

2024-07-13 23:01:24 - [TEST_STEP][PASSED] - out.println("Value of Execute is : " + ExecuteTC): null

2024-07-13 23:01:24 - [TEST_STEP][PASSED] - switch (executionProfile): null

2024-07-13 23:01:24 - [TEST_STEP][PASSED] - case "QA2Profile":: null

2024-07-13 23:01:24 - [TEST_STEP][PASSED] - appName = findTestData(dataFile).getValue("AppNameQA", row): null

2024-07-13 23:01:24 - [TEST_STEP][PASSED] - appID = findTestData(dataFile).getValue("AppIDQA", row): null

2024-07-13 23:01:25 - [TEST_STEP][PASSED] - break: null

2024-07-13 23:01:25 - [TEST_STEP][PASSED] - hrefAppID = li_1 + appID + li_2: null

2024-07-13 23:01:25 - [TEST_STEP][PASSED] - hrefApp = li_1 + appID + "/": null

2024-07-13 23:01:25 - [TEST_STEP][PASSED] - println("hrefApp : " + hrefApp): null

2024-07-13 23:01:25 - [TEST_STEP][PASSED] - if (ExecuteTC.equalsIgnoreCase("Y")): null

2024-07-13 23:01:25 - [TEST_STEP][PASSED] - ExecuteTC = findTestData(dataFile).getValue("Execute", row): null

2024-07-13 23:01:25 - [TEST_STEP][PASSED] - out.println("Value of Execute is : " + ExecuteTC): null

2024-07-13 23:01:25 - [TEST_STEP][PASSED] - switch (executionProfile): null

2024-07-13 23:01:25 - [TEST_STEP][PASSED] - case "QA2Profile":: null

2024-07-13 23:01:25 - [TEST_STEP][PASSED] - appName = findTestData(dataFile).getValue("AppNameQA", row): null

2024-07-13 23:01:25 - [TEST_STEP][PASSED] - appID = findTestData(dataFile).getValue("AppIDQA", row): null

2024-07-13 23:01:25 - [TEST_STEP][PASSED] - break: null

2024-07-13 23:01:25 - [TEST_STEP][PASSED] - hrefAppID = li_1 + appID + li_2: null

2024-07-13 23:01:25 - [TEST_STEP][PASSED] - hrefApp = li_1 + appID + "/": null

2024-07-13 23:01:25 - [TEST_STEP][PASSED] - println("hrefApp : " + hrefApp): null

2024-07-13 23:01:25 - [TEST_STEP][PASSED] - if (ExecuteTC.equalsIgnoreCase("Y")): Browser is closed

2024-07-13 23:01:25 - [TEST_STEP][PASSED] - out.println("Begin Record Number: " + row): null

2024-07-13 23:01:25 - [TEST_STEP][PASSED] - today = new java.util.Date(): null

2024-07-13 23:01:25 - [TEST_STEP][PASSED] - println(today): null

2024-07-13 23:01:25 - [TEST_STEP][PASSED] - datText = today: null

2024-07-13 23:01:25 - [TEST_STEP][PASSED] - adminSuiteBootstrap.loginFunctionality.login_AdminSuite(): adminSuiteBootstrap.loginFunctionality.login_AdminSuite is PASSED

2024-07-13 23:01:25 - [MESSAGE][WARNING] - A browser is already opened. Closing browser and opening a new one

2024-07-13 23:01:26 - [MESSAGE][INFO] - Starting 'Chrome' driver

2024-07-13 23:01:26 - [MESSAGE][INFO] - User set preference: ['acceptInsecureCerts', 'true']

2024-07-13 23:01:26 - [MESSAGE][INFO] - Action delay is set to 0 milliseconds

2024-07-13 23:01:28 - [MESSAGE][PASSED] - Browser is opened with url: 'https://qa2.velocitypayment.com/admin/imtiaz'

2024-07-13 23:01:29 - [MESSAGE][PASSED] - Current window maximized

2024-07-13 23:01:29 - [MESSAGE][PASSED] - Object 'Object Repository/Login_Page/Login_Username_Okta' is present

2024-07-13 23:01:30 - [MESSAGE][PASSED] - Text 'iahmed' is set on object 'Object Repository/Login_Page/Login_Username_Okta'

2024-07-13 23:01:31 - [MESSAGE][PASSED] - Text 'Hello!6666666' is set on object 'Object Repository/Login_Page/Login_Password_Okta'

2024-07-13 23:01:31 - [MESSAGE][PASSED] - Object: 'Object Repository/Login_Page/Login_Submit_Okta' is clicked on

2024-07-13 23:01:31 - [MESSAGE][PASSED] - adminSuiteBootstrap.loginFunctionality.login_AdminSuite is PASSED

2024-07-13 23:01:31 - [TEST_STEP][PASSED] - click(findTestObject(path_Dashboard + appName)): Object: 'Object Repository/AdminSuiteBootstrap_Pages/Dashboard_Bootstrap/a_Access AutoNoCFtp' is clicked on

2024-07-13 23:01:39 - [MESSAGE][PASSED] - Object: 'Object Repository/AdminSuiteBootstrap_Pages/Dashboard_Bootstrap/a_Access AutoNoCFtp' is clicked on

2024-07-13 23:01:39 - [TEST_STEP][PASSED] - click(findTestObject(path_VT + "button_Authorization  Capture (Sale)")): Object: 'Object Repository/AdminSuiteBootstrap_Pages/VT_Bootstrap/IssueTransactions/button_Authorization  Capture (Sale)' is clicked on

2024-07-13 23:01:40 - [MESSAGE][PASSED] - Object: 'Object Repository/AdminSuiteBootstrap_Pages/VT_Bootstrap/IssueTransactions/button_Authorization  Capture (Sale)' is clicked on

2024-07-13 23:01:40 - [TEST_STEP][PASSED] - saleKeyboardEntryLink = modifyObjectProperty(findTestObject(path_VT + "a_KeyboardEntry_Sale"), "href", "equals", hrefAppID, true): Modify property of object successfully

2024-07-13 23:01:40 - [MESSAGE][PASSED] - Modify property of object successfully

2024-07-13 23:01:40 - [TEST_STEP][PASSED] - click(saleKeyboardEntryLink): Object: 'Object Repository/AdminSuiteBootstrap_Pages/VT_Bootstrap/IssueTransactions/a_KeyboardEntry_Sale' is clicked on

2024-07-13 23:01:40 - [MESSAGE][PASSED] - Object: 'Object Repository/AdminSuiteBootstrap_Pages/VT_Bootstrap/IssueTransactions/a_KeyboardEntry_Sale' is clicked on

2024-07-13 23:01:40 - [TEST_STEP][PASSED] - adminSuiteBootstrap.virtualTerminalSetData.saleKeyboard_DataDriven(row, dataFile): adminSuiteBootstrap.virtualTerminalSetData.saleKeyboard_DataDriven is PASSED

2024-07-13 23:01:43 - [MESSAGE][PASSED] - Text 'Mithun Chakravarthy' is set on object 'Object Repository/AdminSuiteBootstrap_Pages/VT_Bootstrap/SaleKeyboard/input_cardName'

2024-07-13 23:01:44 - [MESSAGE][PASSED] - All options with value 'MOTO' are selected in object 'Object Repository/AdminSuiteBootstrap_Pages/VT_Bootstrap/SaleKeyboard/select_transactionCategory'  using regular expression

2024-07-13 23:01:44 - [MESSAGE][PASSED] - Execute JavaScript 'arguments[0].value ='6011000993026909' ' successfully

2024-07-13 23:01:44 - [MESSAGE][PASSED] - Execute JavaScript 'arguments[0].value ='123' ' successfully

2024-07-13 23:01:46 - [MESSAGE][PASSED] - All options with value '12' are selected in object 'Object Repository/AdminSuiteBootstrap_Pages/VT_Bootstrap/SaleKeyboard/select_MM'  using regular expression

2024-07-13 23:01:47 - [MESSAGE][PASSED] - All options with value '2025' are selected in object 'Object Repository/AdminSuiteBootstrap_Pages/VT_Bootstrap/SaleKeyboard/select_YYYY'  using regular expression

2024-07-13 23:01:47 - [MESSAGE][PASSED] - Text '6565 Jhilmil Palace' is set on object 'Object Repository/AdminSuiteBootstrap_Pages/VT_Bootstrap/SaleKeyboard/input__address'

2024-07-13 23:01:48 - [MESSAGE][PASSED] - Text 'Suite 500' is set on object 'Object Repository/AdminSuiteBootstrap_Pages/VT_Bootstrap/SaleKeyboard/input__address2'

2024-07-13 23:01:49 - [MESSAGE][PASSED] - Text '21093' is set on object 'Object Repository/AdminSuiteBootstrap_Pages/VT_Bootstrap/SaleKeyboard/input__zip'

2024-07-13 23:01:49 - [MESSAGE][PASSED] - Text '' is set on object 'Object Repository/AdminSuiteBootstrap_Pages/VT_Bootstrap/SaleKeyboard/input_emailAddress'

2024-07-13 23:01:51 - [MESSAGE][PASSED] - Text '7038946699' is set on object 'Object Repository/AdminSuiteBootstrap_Pages/VT_Bootstrap/SaleKeyboard/input_smsNumber'

2024-07-13 23:01:51 - [MESSAGE][PASSED] - Text '10.50' is set on object 'Object Repository/AdminSuiteBootstrap_Pages/VT_Bootstrap/SaleKeyboard/input_amount'

2024-07-13 23:01:52 - [MESSAGE][PASSED] - Text 'Yaad aa raha hai' is set on object 'Object Repository/AdminSuiteBootstrap_Pages/VT_Bootstrap/SaleKeyboard/input_userDefined1'

2024-07-13 23:01:53 - [MESSAGE][PASSED] - Text 'Tera Pyar' is set on object 'Object Repository/AdminSuiteBootstrap_Pages/VT_Bootstrap/SaleKeyboard/input_userDefined2'

2024-07-13 23:01:53 - [MESSAGE][PASSED] - Text 'Yaron Main to' is set on object 'Object Repository/AdminSuiteBootstrap_Pages/VT_Bootstrap/SaleKeyboard/input_userDefined3'

2024-07-13 23:01:54 - [MESSAGE][PASSED] - Text 'Yahan Jeeta raha' is set on object 'Object Repository/AdminSuiteBootstrap_Pages/VT_Bootstrap/SaleKeyboard/input_userDefined4'

2024-07-13 23:01:55 - [MESSAGE][PASSED] - All options with label 'Orange' are selected in object 'Object Repository/AdminSuiteBootstrap_Pages/VT_Bootstrap/SaleKeyboard/select_UDF5_DropDown'  using regular expression

2024-07-13 23:01:56 - [MESSAGE][PASSED] - All options with label 'Yellow' are selected in object 'Object Repository/AdminSuiteBootstrap_Pages/VT_Bootstrap/SaleKeyboard/select_UDF6_DropDown'  using regular expression

2024-07-13 23:01:57 - [MESSAGE][PASSED] - Text 'Saare Ghum' is set on object 'Object Repository/AdminSuiteBootstrap_Pages/VT_Bootstrap/SaleKeyboard/input_userDefined7'

2024-07-13 23:01:58 - [MESSAGE][PASSED] - Text 'Apne Bhula ke' is set on object 'Object Repository/AdminSuiteBootstrap_Pages/VT_Bootstrap/SaleKeyboard/input_userDefined8'

2024-07-13 23:01:58 - [MESSAGE][PASSED] - Text 'Yaad aa raha hai' is set on object 'Object Repository/AdminSuiteBootstrap_Pages/VT_Bootstrap/SaleKeyboard/input_userDefined9'

2024-07-13 23:01:59 - [MESSAGE][PASSED] - Text 'Tera Pyar' is set on object 'Object Repository/AdminSuiteBootstrap_Pages/VT_Bootstrap/SaleKeyboard/input_userDefined10'

2024-07-13 23:02:01 - [MESSAGE][PASSED] - Object: 'Object Repository/AdminSuiteBootstrap_Pages/VT_Bootstrap/SaleKeyboard/button_Submit' is clicked on

2024-07-13 23:02:01 - [MESSAGE][PASSED] - adminSuiteBootstrap.virtualTerminalSetData.saleKeyboard_DataDriven is PASSED

2024-07-13 23:02:01 - [TEST_STEP][PASSED] - if (verifyTextPresent("Transaction Successful", true)): null

2024-07-13 23:02:02 - [MESSAGE][PASSED] - Text 'Transaction Successful' is present on page  using regular expression

2024-07-13 23:02:02 - [TEST_STEP][PASSED] - sdf = getText(findTestObject(path_Receipt + "td_AutoNoC031622113752957Ahm")): Text of object 'Object Repository/AdminSuiteBootstrap_Pages/VT_Bootstrap/Receipt/td_AutoNoC031622113752957Ahm' is: 'AutoNoC071324225432608Ahm'

2024-07-13 23:02:02 - [MESSAGE][PASSED] - Text of object 'Object Repository/AdminSuiteBootstrap_Pages/VT_Bootstrap/Receipt/td_AutoNoC031622113752957Ahm' is: 'AutoNoC071324225432608Ahm'

2024-07-13 23:02:02 - [TEST_STEP][PASSED] - out.println("sdf: " + sdf): null

2024-07-13 23:02:02 - [TEST_STEP][PASSED] - remID = sdf: null

2024-07-13 23:02:02 - [TEST_STEP][PASSED] - out.println("remID: " + remID): null

2024-07-13 23:02:02 - [TEST_STEP][PASSED] - click(findTestObject(path_Receipt + "button_Continue")): Object: 'Object Repository/AdminSuiteBootstrap_Pages/VT_Bootstrap/Receipt/button_Continue' is clicked on

2024-07-13 23:02:03 - [MESSAGE][PASSED] - Object: 'Object Repository/AdminSuiteBootstrap_Pages/VT_Bootstrap/Receipt/button_Continue' is clicked on

2024-07-13 23:02:03 - [TEST_STEP][PASSED] - click(findTestObject(path_VT + "a_Search Transactions")): Object: 'Object Repository/AdminSuiteBootstrap_Pages/VT_Bootstrap/IssueTransactions/a_Search Transactions' is clicked on

2024-07-13 23:02:04 - [MESSAGE][PASSED] - Object: 'Object Repository/AdminSuiteBootstrap_Pages/VT_Bootstrap/IssueTransactions/a_Search Transactions' is clicked on

2024-07-13 23:02:04 - [TEST_STEP][PASSED] - setText(findTestObject(path_CCSearch + "input_Search By_searchValue"), remID): Text 'AutoNoC071324225432608Ahm' is set on object 'Object Repository/AdminSuiteBootstrap_Pages/VT_Bootstrap/CCCreditOrVoidSearch/input_Search By_searchValue'

2024-07-13 23:02:05 - [MESSAGE][PASSED] - Text 'AutoNoC071324225432608Ahm' is set on object 'Object Repository/AdminSuiteBootstrap_Pages/VT_Bootstrap/CCCreditOrVoidSearch/input_Search By_searchValue'

2024-07-13 23:02:05 - [TEST_STEP][PASSED] - click(findTestObject(path_CCSearch + "button_Submit")): Object: 'Object Repository/AdminSuiteBootstrap_Pages/VT_Bootstrap/CCCreditOrVoidSearch/button_Submit' is clicked on

2024-07-13 23:02:05 - [MESSAGE][PASSED] - Object: 'Object Repository/AdminSuiteBootstrap_Pages/VT_Bootstrap/CCCreditOrVoidSearch/button_Submit' is clicked on

2024-07-13 23:02:05 - [TEST_STEP][PASSED] - fgr = getText(findTestObject(path_SearchResults + "div_Payment ID")): Text of object 'Object Repository/AdminSuiteBootstrap_Pages/VT_Bootstrap/SearchResults/div_Payment ID' is: 'Payment ID
Payment Type
Transaction Type
Remittance ID
Name
Total Amount
End Date
Status
12155070 Credit Card Authorization and Capture AutoNoC071324225432608Ahm Mithun Chakravarthy $10.50 07/13/2024 Success'

2024-07-13 23:02:06 - [MESSAGE][PASSED] - Text of object 'Object Repository/AdminSuiteBootstrap_Pages/VT_Bootstrap/SearchResults/div_Payment ID' is: 'Payment ID
Payment Type
Transaction Type
Remittance ID
Name
Total Amount
End Date
Status
12155070 Credit Card Authorization and Capture AutoNoC071324225432608Ahm Mithun Chakravarthy $10.50 07/13/2024 Success'

2024-07-13 23:02:06 - [TEST_STEP][PASSED] - payID = substring(89, 98).trim(): null

2024-07-13 23:02:06 - [TEST_STEP][PASSED] - out.println("payID: " + payID): null

2024-07-13 23:02:06 - [TEST_STEP][PASSED] - click(findTestObject(path_SearchResults + "button_Modify Search Criteria")): Object: 'Object Repository/AdminSuiteBootstrap_Pages/VT_Bootstrap/SearchResults/button_Modify Search Criteria' is clicked on

2024-07-13 23:02:07 - [MESSAGE][PASSED] - Object: 'Object Repository/AdminSuiteBootstrap_Pages/VT_Bootstrap/SearchResults/button_Modify Search Criteria' is clicked on

2024-07-13 23:02:07 - [TEST_STEP][PASSED] - adminSuiteBootstrap.searchTransactions.searchTransactions_DataDriven(row, dataFile, remID, payID): adminSuiteBootstrap.searchTransactions.searchTransactions_DataDriven is PASSED

2024-07-13 23:02:07 - [MESSAGE][PASSED] - All options with label 'Phone Number' are selected in object 'Object Repository/AdminSuiteBootstrap_Pages/VT_Bootstrap/CCCreditOrVoidSearch/select_SearchBy' 

2024-07-13 23:02:08 - [MESSAGE][PASSED] - Text '7038946699' is set on object 'Object Repository/AdminSuiteBootstrap_Pages/VT_Bootstrap/CCCreditOrVoidSearch/input_Search By_searchValue'

2024-07-13 23:02:09 - [MESSAGE][PASSED] - Object: 'Object Repository/AdminSuiteBootstrap_Pages/VT_Bootstrap/CCCreditOrVoidSearch/button_Submit' is clicked on

2024-07-13 23:02:09 - [MESSAGE][PASSED] - adminSuiteBootstrap.searchTransactions.searchTransactions_DataDriven is PASSED

2024-07-13 23:02:09 - [TEST_STEP][PASSED] - if (verifyTextPresent(remID, true)): null

2024-07-13 23:02:10 - [MESSAGE][PASSED] - Text 'AutoNoC071324225432608Ahm' is present on page  using regular expression

2024-07-13 23:02:10 - [TEST_STEP][PASSED] - resText = "Pass": null

2024-07-13 23:02:10 - [TEST_STEP][PASSED] - pages.WriteExcel.demoKey(resText, datText, resColumn, datCloumn, fileLoc, nameSheet, row): pages.WriteExcel.demoKey is PASSED

2024-07-13 23:02:10 - [MESSAGE][PASSED] - pages.WriteExcel.demoKey is PASSED

2024-07-13 23:02:10 - [TEST_STEP][PASSED] - verifyTextPresent("Transactions Matching Search Criteria", true): Text 'Transactions Matching Search Criteria' is present on page  using regular expression

2024-07-13 23:02:10 - [MESSAGE][PASSED] - Text 'Transactions Matching Search Criteria' is present on page  using regular expression

2024-07-13 23:02:10 - [TEST_STEP][PASSED] - verifyTextPresent("Payment ID", true): Text 'Payment ID' is present on page  using regular expression

2024-07-13 23:02:11 - [MESSAGE][PASSED] - Text 'Payment ID' is present on page  using regular expression

2024-07-13 23:02:11 - [TEST_STEP][PASSED] - verifyTextPresent("Payment Type", true): Text 'Payment Type' is present on page  using regular expression

2024-07-13 23:02:11 - [MESSAGE][PASSED] - Text 'Payment Type' is present on page  using regular expression

2024-07-13 23:02:11 - [TEST_STEP][PASSED] - verifyTextPresent("Transaction Type", true): Text 'Transaction Type' is present on page  using regular expression

2024-07-13 23:02:11 - [MESSAGE][PASSED] - Text 'Transaction Type' is present on page  using regular expression

2024-07-13 23:02:11 - [TEST_STEP][PASSED] - verifyTextPresent("Remittance ID", true): Text 'Remittance ID' is present on page  using regular expression

2024-07-13 23:02:12 - [MESSAGE][PASSED] - Text 'Remittance ID' is present on page  using regular expression

2024-07-13 23:02:12 - [TEST_STEP][PASSED] - verifyTextPresent("Name", true): Text 'Name' is present on page  using regular expression

2024-07-13 23:02:12 - [MESSAGE][PASSED] - Text 'Name' is present on page  using regular expression

2024-07-13 23:02:12 - [TEST_STEP][PASSED] - verifyTextPresent("Total Amount", true): Text 'Total Amount' is present on page  using regular expression

2024-07-13 23:02:12 - [MESSAGE][PASSED] - Text 'Total Amount' is present on page  using regular expression

2024-07-13 23:02:12 - [TEST_STEP][PASSED] - verifyTextPresent("End Date", true): Text 'End Date' is present on page  using regular expression

2024-07-13 23:02:12 - [MESSAGE][PASSED] - Text 'End Date' is present on page  using regular expression

2024-07-13 23:02:12 - [TEST_STEP][PASSED] - verifyTextPresent("Status", true): Text 'Status' is present on page  using regular expression

2024-07-13 23:02:13 - [MESSAGE][PASSED] - Text 'Status' is present on page  using regular expression

2024-07-13 23:02:13 - [TEST_STEP][PASSED] - verifyTextPresent("Credit Card", true): Text 'Credit Card' is present on page  using regular expression

2024-07-13 23:02:13 - [MESSAGE][PASSED] - Text 'Credit Card' is present on page  using regular expression

2024-07-13 23:02:13 - [TEST_STEP][PASSED] - verifyTextPresent("Authorization and Capture", true): Text 'Authorization and Capture' is present on page  using regular expression

2024-07-13 23:02:13 - [MESSAGE][PASSED] - Text 'Authorization and Capture' is present on page  using regular expression

2024-07-13 23:02:13 - [TEST_STEP][PASSED] - verifyTextPresent("Mithun Chakravarthy", true): Text 'Mithun Chakravarthy' is present on page  using regular expression

2024-07-13 23:02:14 - [MESSAGE][PASSED] - Text 'Mithun Chakravarthy' is present on page  using regular expression

2024-07-13 23:02:14 - [TEST_STEP][PASSED] - verifyTextPresent("Success", true): Text 'Success' is present on page  using regular expression

2024-07-13 23:02:14 - [MESSAGE][PASSED] - Text 'Success' is present on page  using regular expression

2024-07-13 23:02:14 - [TEST_STEP][PASSED] - verifyElementPresent(findTestObject(path_SearchResults + "button_PaymentID"), 10): Object 'Object Repository/AdminSuiteBootstrap_Pages/VT_Bootstrap/SearchResults/button_PaymentID' is present

2024-07-13 23:02:14 - [MESSAGE][PASSED] - Object 'Object Repository/AdminSuiteBootstrap_Pages/VT_Bootstrap/SearchResults/button_PaymentID' is present

2024-07-13 23:02:14 - [TEST_STEP][PASSED] - click(findTestObject(path_SearchResults + "button_PaymentID")): Object: 'Object Repository/AdminSuiteBootstrap_Pages/VT_Bootstrap/SearchResults/button_PaymentID' is clicked on

2024-07-13 23:02:15 - [MESSAGE][PASSED] - Object: 'Object Repository/AdminSuiteBootstrap_Pages/VT_Bootstrap/SearchResults/button_PaymentID' is clicked on

2024-07-13 23:02:15 - [TEST_STEP][PASSED] - click(findTestObject(path_TranxDetails + "a_Void this transaction")): Object: 'Object Repository/AdminSuiteBootstrap_Pages/VT_Bootstrap/TransactionDetails/a_Void this transaction' is clicked on

2024-07-13 23:02:16 - [MESSAGE][PASSED] - Object: 'Object Repository/AdminSuiteBootstrap_Pages/VT_Bootstrap/TransactionDetails/a_Void this transaction' is clicked on

2024-07-13 23:02:16 - [TEST_STEP][PASSED] - click(findTestObject(path_TranxDetails + "button_Submit")): Object: 'Object Repository/AdminSuiteBootstrap_Pages/VT_Bootstrap/TransactionDetails/button_Submit' is clicked on

2024-07-13 23:02:18 - [MESSAGE][PASSED] - Object: 'Object Repository/AdminSuiteBootstrap_Pages/VT_Bootstrap/TransactionDetails/button_Submit' is clicked on

2024-07-13 23:02:18 - [TEST_STEP][PASSED] - verifyTextPresent("Transaction Successful", true): Text 'Transaction Successful' is present on page  using regular expression

2024-07-13 23:02:18 - [MESSAGE][PASSED] - Text 'Transaction Successful' is present on page  using regular expression

2024-07-13 23:02:18 - [TEST_STEP][PASSED] - closeBrowser(): Browser is closed

2024-07-13 23:02:19 - [MESSAGE][PASSED] - Browser is closed]]></system-out>
         <system-err><![CDATA[]]></system-err>
      </testcase>
      <testcase name="Test Cases/Admin Suite Bootstrap/VT_SearchTransaction_TestCases/Personal_SearchTransaction_Generic_TC" time="946.331" classname="Test Cases/Admin Suite Bootstrap/VT_SearchTransaction_TestCases/Personal_SearchTransaction_Generic_TC" status="PASSED">
         <system-out><![CDATA[2024-07-13 23:02:19 - [TEST_CASE][PASSED] - Test Cases/Admin Suite Bootstrap/VT_SearchTransaction_TestCases/Personal_SearchTransaction_Generic_TC: Test Cases/Admin Suite Bootstrap/VT_SearchTransaction_TestCases/Personal_SearchTransaction_Generic_TC

2024-07-13 23:02:20 - [TEST_STEP][PASSED] - path_Dashboard = "Object Repository/AdminSuiteBootstrap_Pages/Dashboard_Bootstrap/": null

2024-07-13 23:02:20 - [TEST_STEP][PASSED] - path_VT = "Object Repository/AdminSuiteBootstrap_Pages/VT_Bootstrap/IssueTransactions/": null

2024-07-13 23:02:20 - [TEST_STEP][PASSED] - path_Receipt = "Object Repository/AdminSuiteBootstrap_Pages/VT_Bootstrap/Receipt/": null

2024-07-13 23:02:20 - [TEST_STEP][PASSED] - path_CCSearch = "Object Repository/AdminSuiteBootstrap_Pages/VT_Bootstrap/CCCreditOrVoidSearch/": null

2024-07-13 23:02:20 - [TEST_STEP][PASSED] - path_SearchResults = "Object Repository/AdminSuiteBootstrap_Pages/VT_Bootstrap/SearchResults/": null

2024-07-13 23:02:20 - [TEST_STEP][PASSED] - path_TranxDetails = "Object Repository/AdminSuiteBootstrap_Pages/VT_Bootstrap/TransactionDetails/": null

2024-07-13 23:02:20 - [TEST_STEP][PASSED] - li_1 = vpos_Prefix: null

2024-07-13 23:02:20 - [TEST_STEP][PASSED] - li_2 = "/transactions/AuthCapForm/": null

2024-07-13 23:02:20 - [TEST_STEP][PASSED] - executionProfile = getExecutionProfile(): null

2024-07-13 23:02:20 - [TEST_STEP][PASSED] - out.println("executionProfile : " + executionProfile): null

2024-07-13 23:02:20 - [TEST_STEP][PASSED] - appName = <not implemented yet for class: org.codehaus.groovy.ast.expr.EmptyExpression>: null

2024-07-13 23:02:20 - [TEST_STEP][PASSED] - appID = <not implemented yet for class: org.codehaus.groovy.ast.expr.EmptyExpression>: null

2024-07-13 23:02:20 - [TEST_STEP][PASSED] - cardNameV = <not implemented yet for class: org.codehaus.groovy.ast.expr.EmptyExpression>: null

2024-07-13 23:02:20 - [TEST_STEP][PASSED] - al1V = <not implemented yet for class: org.codehaus.groovy.ast.expr.EmptyExpression>: null

2024-07-13 23:02:20 - [TEST_STEP][PASSED] - al2V = <not implemented yet for class: org.codehaus.groovy.ast.expr.EmptyExpression>: null

2024-07-13 23:02:20 - [TEST_STEP][PASSED] - zipV = <not implemented yet for class: org.codehaus.groovy.ast.expr.EmptyExpression>: null

2024-07-13 23:02:20 - [TEST_STEP][PASSED] - accType = <not implemented yet for class: org.codehaus.groovy.ast.expr.EmptyExpression>: null

2024-07-13 23:02:20 - [TEST_STEP][PASSED] - last4V = <not implemented yet for class: org.codehaus.groovy.ast.expr.EmptyExpression>: null

2024-07-13 23:02:20 - [TEST_STEP][PASSED] - resText = "Fail": null

2024-07-13 23:02:20 - [TEST_STEP][PASSED] - resColumn = "Result": null

2024-07-13 23:02:20 - [TEST_STEP][PASSED] - datCloumn = "Date": null

2024-07-13 23:02:20 - [TEST_STEP][PASSED] - fileLoc = "KatalonData/Bootstrap/VT-Misc-Data.xlsx": null

2024-07-13 23:02:20 - [TEST_STEP][PASSED] - numOfRows = <not implemented yet for class: org.codehaus.groovy.ast.expr.EmptyExpression>: null

2024-07-13 23:02:20 - [TEST_STEP][PASSED] - dataFile = <not implemented yet for class: org.codehaus.groovy.ast.expr.EmptyExpression>: null

2024-07-13 23:02:20 - [TEST_STEP][PASSED] - nameSheet = <not implemented yet for class: org.codehaus.groovy.ast.expr.EmptyExpression>: null

2024-07-13 23:02:20 - [TEST_STEP][PASSED] - nameSheet = "PersonalSearchTransactions": null

2024-07-13 23:02:20 - [TEST_STEP][PASSED] - numOfRows = findTestData("QA/Bootstrap/VT-SearchTransactions-TestData/VT-PersonalSearchTransactions").getRowNumbers(): null

2024-07-13 23:02:20 - [TEST_STEP][PASSED] - println("Number of Records: " + numOfRows): null

2024-07-13 23:02:20 - [TEST_STEP][PASSED] - dataFile = "QA/Bootstrap/VT-SearchTransactions-TestData/VT-PersonalSearchTransactions": null

2024-07-13 23:02:20 - [TEST_STEP][PASSED] - for ([row = 1, row <= numOfRows, (row++)]): null

2024-07-13 23:02:20 - [TEST_STEP][PASSED] - ExecuteTC = findTestData(dataFile).getValue("Execute", row): null

2024-07-13 23:02:20 - [TEST_STEP][PASSED] - out.println("Value of Execute is : " + ExecuteTC): null

2024-07-13 23:02:20 - [TEST_STEP][PASSED] - switch (executionProfile): null

2024-07-13 23:02:20 - [TEST_STEP][PASSED] - case "QA2Profile":: null

2024-07-13 23:02:20 - [TEST_STEP][PASSED] - appName = findTestData(dataFile).getValue("AppNameQA", row): null

2024-07-13 23:02:20 - [TEST_STEP][PASSED] - appID = findTestData(dataFile).getValue("AppIDQA", row): null

2024-07-13 23:02:20 - [TEST_STEP][PASSED] - break: null

2024-07-13 23:02:20 - [TEST_STEP][PASSED] - cardNameV = findTestData(dataFile).getValue("NameV", row): null

2024-07-13 23:02:20 - [TEST_STEP][PASSED] - hrefAppID = li_1 + appID + li_2: null

2024-07-13 23:02:20 - [TEST_STEP][PASSED] - hrefApp = li_1 + appID + "/": null

2024-07-13 23:02:20 - [TEST_STEP][PASSED] - println("hrefApp : " + hrefApp): null

2024-07-13 23:02:20 - [TEST_STEP][PASSED] - if (ExecuteTC.equalsIgnoreCase("Y")): null

2024-07-13 23:02:20 - [TEST_STEP][PASSED] - out.println("Begin Record Number: " + row): null

2024-07-13 23:02:20 - [TEST_STEP][PASSED] - today = new java.util.Date(): null

2024-07-13 23:02:20 - [TEST_STEP][PASSED] - println(today): null

2024-07-13 23:02:20 - [TEST_STEP][PASSED] - datText = today: null

2024-07-13 23:02:20 - [TEST_STEP][PASSED] - adminSuiteBootstrap.loginFunctionality.login_AdminSuite(): adminSuiteBootstrap.loginFunctionality.login_AdminSuite is PASSED

2024-07-13 23:02:20 - [MESSAGE][INFO] - Starting 'Chrome' driver

2024-07-13 23:02:20 - [MESSAGE][INFO] - User set preference: ['acceptInsecureCerts', 'true']

2024-07-13 23:02:20 - [MESSAGE][INFO] - Action delay is set to 0 milliseconds

2024-07-13 23:02:22 - [MESSAGE][PASSED] - Browser is opened with url: 'https://qa2.velocitypayment.com/admin/imtiaz'

2024-07-13 23:02:23 - [MESSAGE][PASSED] - Current window maximized

2024-07-13 23:02:24 - [MESSAGE][PASSED] - Object 'Object Repository/Login_Page/Login_Username_Okta' is present

2024-07-13 23:02:24 - [MESSAGE][PASSED] - Text 'iahmed' is set on object 'Object Repository/Login_Page/Login_Username_Okta'

2024-07-13 23:02:25 - [MESSAGE][PASSED] - Text 'Hello!6666666' is set on object 'Object Repository/Login_Page/Login_Password_Okta'

2024-07-13 23:02:26 - [MESSAGE][PASSED] - Object: 'Object Repository/Login_Page/Login_Submit_Okta' is clicked on

2024-07-13 23:02:26 - [MESSAGE][PASSED] - adminSuiteBootstrap.loginFunctionality.login_AdminSuite is PASSED

2024-07-13 23:02:26 - [TEST_STEP][PASSED] - click(findTestObject(path_Dashboard + appName)): Object: 'Object Repository/AdminSuiteBootstrap_Pages/Dashboard_Bootstrap/a_Access AutoNoCFtp' is clicked on

2024-07-13 23:02:33 - [MESSAGE][PASSED] - Object: 'Object Repository/AdminSuiteBootstrap_Pages/Dashboard_Bootstrap/a_Access AutoNoCFtp' is clicked on

2024-07-13 23:02:33 - [TEST_STEP][PASSED] - click(findTestObject(path_VT + "button_Debit")): Object: 'Object Repository/AdminSuiteBootstrap_Pages/VT_Bootstrap/IssueTransactions/button_Debit' is clicked on

2024-07-13 23:02:34 - [MESSAGE][PASSED] - Object: 'Object Repository/AdminSuiteBootstrap_Pages/VT_Bootstrap/IssueTransactions/button_Debit' is clicked on

2024-07-13 23:02:34 - [TEST_STEP][PASSED] - click(findTestObject(path_VT + "a_Personal")): Object: 'Object Repository/AdminSuiteBootstrap_Pages/VT_Bootstrap/IssueTransactions/a_Personal' is clicked on

2024-07-13 23:02:35 - [MESSAGE][PASSED] - Object: 'Object Repository/AdminSuiteBootstrap_Pages/VT_Bootstrap/IssueTransactions/a_Personal' is clicked on

2024-07-13 23:02:35 - [TEST_STEP][PASSED] - adminSuiteBootstrap.debitPersonalsetData.debitPersonal_DataDriven(row, dataFile): adminSuiteBootstrap.debitPersonalsetData.debitPersonal_DataDriven is PASSED

2024-07-13 23:02:37 - [MESSAGE][PASSED] - Text 'John' is set on object 'Object Repository/AdminSuiteBootstrap_Pages/VT_Bootstrap/ACHPersonal/input_firstName'

2024-07-13 23:02:38 - [MESSAGE][PASSED] - Text 'Gordonas' is set on object 'Object Repository/AdminSuiteBootstrap_Pages/VT_Bootstrap/ACHPersonal/input_lastName'

2024-07-13 23:02:39 - [MESSAGE][PASSED] - Text '133 Meadow Ln' is set on object 'Object Repository/AdminSuiteBootstrap_Pages/VT_Bootstrap/ACHPersonal/input_address'

2024-07-13 23:02:39 - [MESSAGE][PASSED] - Text 'apt #123' is set on object 'Object Repository/AdminSuiteBootstrap_Pages/VT_Bootstrap/ACHPersonal/input_address2'

2024-07-13 23:02:40 - [MESSAGE][PASSED] - Text '22201' is set on object 'Object Repository/AdminSuiteBootstrap_Pages/VT_Bootstrap/ACHPersonal/input_zip'

2024-07-13 23:02:41 - [MESSAGE][PASSED] - Text '' is set on object 'Object Repository/AdminSuiteBootstrap_Pages/VT_Bootstrap/ACHPersonal/input_emailAddress'

2024-07-13 23:02:42 - [MESSAGE][PASSED] - Text '' is set on object 'Object Repository/AdminSuiteBootstrap_Pages/VT_Bootstrap/ACHPersonal/input_smsNumber'

2024-07-13 23:02:43 - [MESSAGE][PASSED] - Text '45681001' is set on object 'Object Repository/AdminSuiteBootstrap_Pages/VT_Bootstrap/ACHPersonal/input_accountNumber'

2024-07-13 23:02:44 - [MESSAGE][PASSED] - Text '256072691' is set on object 'Object Repository/AdminSuiteBootstrap_Pages/VT_Bootstrap/ACHPersonal/input_routingNumber'

2024-07-13 23:02:45 - [MESSAGE][PASSED] - All options with label 'Checking' are selected in object 'Object Repository/AdminSuiteBootstrap_Pages/VT_Bootstrap/ACHPersonal/select_AccountType'  using regular expression

2024-07-13 23:02:46 - [MESSAGE][PASSED] - All options with label 'PPD - Prearranged Payment and Deposit Entry' are selected in object 'Object Repository/AdminSuiteBootstrap_Pages/VT_Bootstrap/ACHPersonal/select_STD'  using regular expression

2024-07-13 23:02:46 - [MESSAGE][PASSED] - Text '11.5' is set on object 'Object Repository/AdminSuiteBootstrap_Pages/VT_Bootstrap/ACHPersonal/input_amount'

2024-07-13 23:02:47 - [MESSAGE][PASSED] - Text 'Denmark' is set on object 'Object Repository/AdminSuiteBootstrap_Pages/VT_Bootstrap/ACHPersonal/input_userDefined1'

2024-07-13 23:02:48 - [MESSAGE][PASSED] - Text 'Australia' is set on object 'Object Repository/AdminSuiteBootstrap_Pages/VT_Bootstrap/ACHPersonal/input_userDefined2'

2024-07-13 23:02:49 - [MESSAGE][PASSED] - Text 'Austria' is set on object 'Object Repository/AdminSuiteBootstrap_Pages/VT_Bootstrap/ACHPersonal/input_userDefined3'

2024-07-13 23:02:49 - [MESSAGE][PASSED] - Text 'Sweden' is set on object 'Object Repository/AdminSuiteBootstrap_Pages/VT_Bootstrap/ACHPersonal/input_userDefined4'

2024-07-13 23:02:50 - [MESSAGE][PASSED] - All options with label 'Yellow' are selected in object 'Object Repository/AdminSuiteBootstrap_Pages/VT_Bootstrap/ACHPersonal/select_UDF5'  using regular expression

2024-07-13 23:02:51 - [MESSAGE][PASSED] - All options with label 'Orange' are selected in object 'Object Repository/AdminSuiteBootstrap_Pages/VT_Bootstrap/ACHPersonal/select_UDF6'  using regular expression

2024-07-13 23:02:52 - [MESSAGE][PASSED] - Text 'Netherlands' is set on object 'Object Repository/AdminSuiteBootstrap_Pages/VT_Bootstrap/ACHPersonal/input_userDefined7'

2024-07-13 23:02:53 - [MESSAGE][PASSED] - Text 'Norway' is set on object 'Object Repository/AdminSuiteBootstrap_Pages/VT_Bootstrap/ACHPersonal/input_userDefined8'

2024-07-13 23:02:53 - [MESSAGE][PASSED] - Text 'France' is set on object 'Object Repository/AdminSuiteBootstrap_Pages/VT_Bootstrap/ACHPersonal/input_userDefined9'

2024-07-13 23:02:54 - [MESSAGE][PASSED] - Text 'Switzerland' is set on object 'Object Repository/AdminSuiteBootstrap_Pages/VT_Bootstrap/ACHPersonal/input_userDefined10'

2024-07-13 23:02:55 - [MESSAGE][PASSED] - Object: 'Object Repository/AdminSuiteBootstrap_Pages/VT_Bootstrap/ACHPersonal/button_Submit' is clicked on

2024-07-13 23:02:55 - [MESSAGE][PASSED] - adminSuiteBootstrap.debitPersonalsetData.debitPersonal_DataDriven is PASSED

2024-07-13 23:02:55 - [TEST_STEP][PASSED] - if (verifyTextPresent("Transaction Successful", true)): null

2024-07-13 23:02:56 - [MESSAGE][PASSED] - Text 'Transaction Successful' is present on page  using regular expression

2024-07-13 23:02:56 - [TEST_STEP][PASSED] - sdf = getText(findTestObject(path_Receipt + "td_AutoNoC031622113752957Ahm")): Text of object 'Object Repository/AdminSuiteBootstrap_Pages/VT_Bootstrap/Receipt/td_AutoNoC031622113752957Ahm' is: 'AutoNoCFtp071324225527Ahm'

2024-07-13 23:02:56 - [MESSAGE][PASSED] - Text of object 'Object Repository/AdminSuiteBootstrap_Pages/VT_Bootstrap/Receipt/td_AutoNoC031622113752957Ahm' is: 'AutoNoCFtp071324225527Ahm'

2024-07-13 23:02:56 - [TEST_STEP][PASSED] - out.println("sdf: " + sdf): null

2024-07-13 23:02:56 - [TEST_STEP][PASSED] - remID = sdf: null

2024-07-13 23:02:56 - [TEST_STEP][PASSED] - out.println("remID: " + remID): null

2024-07-13 23:02:56 - [TEST_STEP][PASSED] - click(findTestObject(path_Receipt + "button_Continue")): Object: 'Object Repository/AdminSuiteBootstrap_Pages/VT_Bootstrap/Receipt/button_Continue' is clicked on

2024-07-13 23:02:57 - [MESSAGE][PASSED] - Object: 'Object Repository/AdminSuiteBootstrap_Pages/VT_Bootstrap/Receipt/button_Continue' is clicked on

2024-07-13 23:02:57 - [TEST_STEP][PASSED] - click(findTestObject(path_VT + "a_Search Transactions")): Object: 'Object Repository/AdminSuiteBootstrap_Pages/VT_Bootstrap/IssueTransactions/a_Search Transactions' is clicked on

2024-07-13 23:02:58 - [MESSAGE][PASSED] - Object: 'Object Repository/AdminSuiteBootstrap_Pages/VT_Bootstrap/IssueTransactions/a_Search Transactions' is clicked on

2024-07-13 23:02:58 - [TEST_STEP][PASSED] - setText(findTestObject(path_CCSearch + "input_Search By_searchValue"), remID): Text 'AutoNoCFtp071324225527Ahm' is set on object 'Object Repository/AdminSuiteBootstrap_Pages/VT_Bootstrap/CCCreditOrVoidSearch/input_Search By_searchValue'

2024-07-13 23:02:59 - [MESSAGE][PASSED] - Text 'AutoNoCFtp071324225527Ahm' is set on object 'Object Repository/AdminSuiteBootstrap_Pages/VT_Bootstrap/CCCreditOrVoidSearch/input_Search By_searchValue'

2024-07-13 23:02:59 - [TEST_STEP][PASSED] - click(findTestObject(path_CCSearch + "button_Submit")): Object: 'Object Repository/AdminSuiteBootstrap_Pages/VT_Bootstrap/CCCreditOrVoidSearch/button_Submit' is clicked on

2024-07-13 23:03:00 - [MESSAGE][PASSED] - Object: 'Object Repository/AdminSuiteBootstrap_Pages/VT_Bootstrap/CCCreditOrVoidSearch/button_Submit' is clicked on

2024-07-13 23:03:00 - [TEST_STEP][PASSED] - fgr = getText(findTestObject(path_SearchResults + "div_Payment ID")): Text of object 'Object Repository/AdminSuiteBootstrap_Pages/VT_Bootstrap/SearchResults/div_Payment ID' is: 'Payment ID
Payment Type
Transaction Type
Remittance ID
Name
Total Amount
End Date
Status
12155072 Online Check Debit AutoNoCFtp071324225527Ahm John Gordonas $11.50 07/13/2024 Success'

2024-07-13 23:03:00 - [MESSAGE][PASSED] - Text of object 'Object Repository/AdminSuiteBootstrap_Pages/VT_Bootstrap/SearchResults/div_Payment ID' is: 'Payment ID
Payment Type
Transaction Type
Remittance ID
Name
Total Amount
End Date
Status
12155072 Online Check Debit AutoNoCFtp071324225527Ahm John Gordonas $11.50 07/13/2024 Success'

2024-07-13 23:03:00 - [TEST_STEP][PASSED] - payID = substring(89, 98).trim(): null

2024-07-13 23:03:00 - [TEST_STEP][PASSED] - out.println("payID: " + payID): null

2024-07-13 23:03:00 - [TEST_STEP][PASSED] - click(findTestObject(path_SearchResults + "button_Modify Search Criteria")): Object: 'Object Repository/AdminSuiteBootstrap_Pages/VT_Bootstrap/SearchResults/button_Modify Search Criteria' is clicked on

2024-07-13 23:03:01 - [MESSAGE][PASSED] - Object: 'Object Repository/AdminSuiteBootstrap_Pages/VT_Bootstrap/SearchResults/button_Modify Search Criteria' is clicked on

2024-07-13 23:03:01 - [TEST_STEP][PASSED] - adminSuiteBootstrap.searchTransactions.searchTransactions_DataDriven(row, dataFile, remID, payID): adminSuiteBootstrap.searchTransactions.searchTransactions_DataDriven is PASSED

2024-07-13 23:03:02 - [MESSAGE][PASSED] - All options with label 'Remittance ID' are selected in object 'Object Repository/AdminSuiteBootstrap_Pages/VT_Bootstrap/CCCreditOrVoidSearch/select_SearchBy' 

2024-07-13 23:03:02 - [MESSAGE][PASSED] - Text 'AutoNoCFtp071324225527Ahm' is set on object 'Object Repository/AdminSuiteBootstrap_Pages/VT_Bootstrap/CCCreditOrVoidSearch/input_Search By_searchValue'

2024-07-13 23:03:03 - [MESSAGE][PASSED] - Object: 'Object Repository/AdminSuiteBootstrap_Pages/VT_Bootstrap/CCCreditOrVoidSearch/button_Submit' is clicked on

2024-07-13 23:03:03 - [MESSAGE][PASSED] - adminSuiteBootstrap.searchTransactions.searchTransactions_DataDriven is PASSED

2024-07-13 23:03:03 - [TEST_STEP][PASSED] - if (verifyTextPresent(remID, true)): null

2024-07-13 23:03:04 - [MESSAGE][PASSED] - Text 'AutoNoCFtp071324225527Ahm' is present on page  using regular expression

2024-07-13 23:03:04 - [TEST_STEP][PASSED] - resText = "Pass": null

2024-07-13 23:03:04 - [TEST_STEP][PASSED] - pages.WriteExcel.demoKey(resText, datText, resColumn, datCloumn, fileLoc, nameSheet, row): pages.WriteExcel.demoKey is PASSED

2024-07-13 23:03:04 - [MESSAGE][PASSED] - pages.WriteExcel.demoKey is PASSED

2024-07-13 23:03:04 - [TEST_STEP][PASSED] - verifyTextPresent("Transactions Matching Search Criteria", true): Text 'Transactions Matching Search Criteria' is present on page  using regular expression

2024-07-13 23:03:04 - [MESSAGE][PASSED] - Text 'Transactions Matching Search Criteria' is present on page  using regular expression

2024-07-13 23:03:04 - [TEST_STEP][PASSED] - verifyTextPresent("Payment ID", true): Text 'Payment ID' is present on page  using regular expression

2024-07-13 23:03:04 - [MESSAGE][PASSED] - Text 'Payment ID' is present on page  using regular expression

2024-07-13 23:03:04 - [TEST_STEP][PASSED] - verifyTextPresent("Payment Type", true): Text 'Payment Type' is present on page  using regular expression

2024-07-13 23:03:05 - [MESSAGE][PASSED] - Text 'Payment Type' is present on page  using regular expression

2024-07-13 23:03:05 - [TEST_STEP][PASSED] - verifyTextPresent("Transaction Type", true): Text 'Transaction Type' is present on page  using regular expression

2024-07-13 23:03:05 - [MESSAGE][PASSED] - Text 'Transaction Type' is present on page  using regular expression

2024-07-13 23:03:05 - [TEST_STEP][PASSED] - verifyTextPresent("Remittance ID", true): Text 'Remittance ID' is present on page  using regular expression

2024-07-13 23:03:05 - [MESSAGE][PASSED] - Text 'Remittance ID' is present on page  using regular expression

2024-07-13 23:03:05 - [TEST_STEP][PASSED] - verifyTextPresent("Name", true): Text 'Name' is present on page  using regular expression

2024-07-13 23:03:06 - [MESSAGE][PASSED] - Text 'Name' is present on page  using regular expression

2024-07-13 23:03:06 - [TEST_STEP][PASSED] - verifyTextPresent("Total Amount", true): Text 'Total Amount' is present on page  using regular expression

2024-07-13 23:03:06 - [MESSAGE][PASSED] - Text 'Total Amount' is present on page  using regular expression

2024-07-13 23:03:06 - [TEST_STEP][PASSED] - verifyTextPresent("End Date", true): Text 'End Date' is present on page  using regular expression

2024-07-13 23:03:06 - [MESSAGE][PASSED] - Text 'End Date' is present on page  using regular expression

2024-07-13 23:03:06 - [TEST_STEP][PASSED] - verifyTextPresent("Status", true): Text 'Status' is present on page  using regular expression

2024-07-13 23:03:06 - [MESSAGE][PASSED] - Text 'Status' is present on page  using regular expression

2024-07-13 23:03:06 - [TEST_STEP][PASSED] - verifyTextPresent("Debit", true): Text 'Debit' is present on page  using regular expression

2024-07-13 23:03:07 - [MESSAGE][PASSED] - Text 'Debit' is present on page  using regular expression

2024-07-13 23:03:07 - [TEST_STEP][PASSED] - verifyTextPresent("Online Check", true): Text 'Online Check' is present on page  using regular expression

2024-07-13 23:03:07 - [MESSAGE][PASSED] - Text 'Online Check' is present on page  using regular expression

2024-07-13 23:03:07 - [TEST_STEP][PASSED] - verifyTextPresent(cardNameV, true): Text 'John Gordonas' is present on page  using regular expression

2024-07-13 23:03:07 - [MESSAGE][PASSED] - Text 'John Gordonas' is present on page  using regular expression

2024-07-13 23:03:07 - [TEST_STEP][PASSED] - verifyTextPresent("Success", true): Text 'Success' is present on page  using regular expression

2024-07-13 23:03:08 - [MESSAGE][PASSED] - Text 'Success' is present on page  using regular expression

2024-07-13 23:03:08 - [TEST_STEP][PASSED] - verifyElementPresent(findTestObject(path_SearchResults + "button_PaymentID"), 10): Object 'Object Repository/AdminSuiteBootstrap_Pages/VT_Bootstrap/SearchResults/button_PaymentID' is present

2024-07-13 23:03:08 - [MESSAGE][PASSED] - Object 'Object Repository/AdminSuiteBootstrap_Pages/VT_Bootstrap/SearchResults/button_PaymentID' is present

2024-07-13 23:03:08 - [TEST_STEP][PASSED] - click(findTestObject(path_SearchResults + "button_PaymentID")): Object: 'Object Repository/AdminSuiteBootstrap_Pages/VT_Bootstrap/SearchResults/button_PaymentID' is clicked on

2024-07-13 23:03:09 - [MESSAGE][PASSED] - Object: 'Object Repository/AdminSuiteBootstrap_Pages/VT_Bootstrap/SearchResults/button_PaymentID' is clicked on

2024-07-13 23:03:09 - [TEST_STEP][PASSED] - click(findTestObject(path_TranxDetails + "a_Void this transaction")): Object: 'Object Repository/AdminSuiteBootstrap_Pages/VT_Bootstrap/TransactionDetails/a_Void this transaction' is clicked on

2024-07-13 23:03:09 - [MESSAGE][PASSED] - Object: 'Object Repository/AdminSuiteBootstrap_Pages/VT_Bootstrap/TransactionDetails/a_Void this transaction' is clicked on

2024-07-13 23:03:09 - [TEST_STEP][PASSED] - click(findTestObject(path_TranxDetails + "button_Submit")): Object: 'Object Repository/AdminSuiteBootstrap_Pages/VT_Bootstrap/TransactionDetails/button_Submit' is clicked on

2024-07-13 23:03:11 - [MESSAGE][PASSED] - Object: 'Object Repository/AdminSuiteBootstrap_Pages/VT_Bootstrap/TransactionDetails/button_Submit' is clicked on

2024-07-13 23:03:11 - [TEST_STEP][PASSED] - verifyTextPresent("Transaction Successful", true): Text 'Transaction Successful' is present on page  using regular expression

2024-07-13 23:03:11 - [MESSAGE][PASSED] - Text 'Transaction Successful' is present on page  using regular expression

2024-07-13 23:03:11 - [TEST_STEP][PASSED] - ExecuteTC = findTestData(dataFile).getValue("Execute", row): null

2024-07-13 23:03:11 - [TEST_STEP][PASSED] - out.println("Value of Execute is : " + ExecuteTC): null

2024-07-13 23:03:11 - [TEST_STEP][PASSED] - switch (executionProfile): null

2024-07-13 23:03:11 - [TEST_STEP][PASSED] - case "QA2Profile":: null

2024-07-13 23:03:11 - [TEST_STEP][PASSED] - appName = findTestData(dataFile).getValue("AppNameQA", row): null

2024-07-13 23:03:11 - [TEST_STEP][PASSED] - appID = findTestData(dataFile).getValue("AppIDQA", row): null

2024-07-13 23:03:11 - [TEST_STEP][PASSED] - break: null

2024-07-13 23:03:11 - [TEST_STEP][PASSED] - cardNameV = findTestData(dataFile).getValue("NameV", row): null

2024-07-13 23:03:11 - [TEST_STEP][PASSED] - hrefAppID = li_1 + appID + li_2: null

2024-07-13 23:03:11 - [TEST_STEP][PASSED] - hrefApp = li_1 + appID + "/": null

2024-07-13 23:03:11 - [TEST_STEP][PASSED] - println("hrefApp : " + hrefApp): null

2024-07-13 23:03:11 - [TEST_STEP][PASSED] - if (ExecuteTC.equalsIgnoreCase("Y")): null

2024-07-13 23:03:11 - [TEST_STEP][PASSED] - out.println("Begin Record Number: " + row): null

2024-07-13 23:03:11 - [TEST_STEP][PASSED] - today = new java.util.Date(): null

2024-07-13 23:03:11 - [TEST_STEP][PASSED] - println(today): null

2024-07-13 23:03:11 - [TEST_STEP][PASSED] - datText = today: null

2024-07-13 23:03:11 - [TEST_STEP][PASSED] - adminSuiteBootstrap.loginFunctionality.login_AdminSuite(): adminSuiteBootstrap.loginFunctionality.login_AdminSuite is PASSED

2024-07-13 23:03:11 - [MESSAGE][WARNING] - A browser is already opened. Closing browser and opening a new one

2024-07-13 23:03:13 - [MESSAGE][INFO] - Starting 'Chrome' driver

2024-07-13 23:03:13 - [MESSAGE][INFO] - User set preference: ['acceptInsecureCerts', 'true']

2024-07-13 23:03:13 - [MESSAGE][INFO] - Action delay is set to 0 milliseconds

2024-07-13 23:03:15 - [MESSAGE][PASSED] - Browser is opened with url: 'https://qa2.velocitypayment.com/admin/imtiaz'

2024-07-13 23:03:15 - [MESSAGE][PASSED] - Current window maximized

2024-07-13 23:03:16 - [MESSAGE][PASSED] - Object 'Object Repository/Login_Page/Login_Username_Okta' is present

2024-07-13 23:03:17 - [MESSAGE][PASSED] - Text 'iahmed' is set on object 'Object Repository/Login_Page/Login_Username_Okta'

2024-07-13 23:03:17 - [MESSAGE][PASSED] - Text 'Hello!6666666' is set on object 'Object Repository/Login_Page/Login_Password_Okta'

2024-07-13 23:03:18 - [MESSAGE][PASSED] - Object: 'Object Repository/Login_Page/Login_Submit_Okta' is clicked on

2024-07-13 23:03:18 - [MESSAGE][PASSED] - adminSuiteBootstrap.loginFunctionality.login_AdminSuite is PASSED

2024-07-13 23:03:18 - [TEST_STEP][PASSED] - click(findTestObject(path_Dashboard + appName)): Object: 'Object Repository/AdminSuiteBootstrap_Pages/Dashboard_Bootstrap/a_Access AutoNoCFtp' is clicked on

2024-07-13 23:03:26 - [MESSAGE][PASSED] - Object: 'Object Repository/AdminSuiteBootstrap_Pages/Dashboard_Bootstrap/a_Access AutoNoCFtp' is clicked on

2024-07-13 23:03:26 - [TEST_STEP][PASSED] - click(findTestObject(path_VT + "button_Debit")): Object: 'Object Repository/AdminSuiteBootstrap_Pages/VT_Bootstrap/IssueTransactions/button_Debit' is clicked on

2024-07-13 23:03:26 - [MESSAGE][PASSED] - Object: 'Object Repository/AdminSuiteBootstrap_Pages/VT_Bootstrap/IssueTransactions/button_Debit' is clicked on

2024-07-13 23:03:26 - [TEST_STEP][PASSED] - click(findTestObject(path_VT + "a_Personal")): Object: 'Object Repository/AdminSuiteBootstrap_Pages/VT_Bootstrap/IssueTransactions/a_Personal' is clicked on

2024-07-13 23:03:27 - [MESSAGE][PASSED] - Object: 'Object Repository/AdminSuiteBootstrap_Pages/VT_Bootstrap/IssueTransactions/a_Personal' is clicked on

2024-07-13 23:03:27 - [TEST_STEP][PASSED] - adminSuiteBootstrap.debitPersonalsetData.debitPersonal_DataDriven(row, dataFile): adminSuiteBootstrap.debitPersonalsetData.debitPersonal_DataDriven is PASSED

2024-07-13 23:03:29 - [MESSAGE][PASSED] - Text 'Veronika' is set on object 'Object Repository/AdminSuiteBootstrap_Pages/VT_Bootstrap/ACHPersonal/input_firstName'

2024-07-13 23:03:30 - [MESSAGE][PASSED] - Text 'Inouye' is set on object 'Object Repository/AdminSuiteBootstrap_Pages/VT_Bootstrap/ACHPersonal/input_lastName'

2024-07-13 23:03:30 - [MESSAGE][PASSED] - Text '6 Greenleaf Ave' is set on object 'Object Repository/AdminSuiteBootstrap_Pages/VT_Bootstrap/ACHPersonal/input_address'

2024-07-13 23:03:31 - [MESSAGE][PASSED] - Text 'apt #3' is set on object 'Object Repository/AdminSuiteBootstrap_Pages/VT_Bootstrap/ACHPersonal/input_address2'

2024-07-13 23:03:32 - [MESSAGE][PASSED] - Text '22201' is set on object 'Object Repository/AdminSuiteBootstrap_Pages/VT_Bootstrap/ACHPersonal/input_zip'

2024-07-13 23:03:33 - [MESSAGE][PASSED] - Text '' is set on object 'Object Repository/AdminSuiteBootstrap_Pages/VT_Bootstrap/ACHPersonal/input_emailAddress'

2024-07-13 23:03:34 - [MESSAGE][PASSED] - Text '' is set on object 'Object Repository/AdminSuiteBootstrap_Pages/VT_Bootstrap/ACHPersonal/input_smsNumber'

2024-07-13 23:03:35 - [MESSAGE][PASSED] - Text '45681002' is set on object 'Object Repository/AdminSuiteBootstrap_Pages/VT_Bootstrap/ACHPersonal/input_accountNumber'

2024-07-13 23:03:36 - [MESSAGE][PASSED] - Text '256072691' is set on object 'Object Repository/AdminSuiteBootstrap_Pages/VT_Bootstrap/ACHPersonal/input_routingNumber'

2024-07-13 23:03:36 - [MESSAGE][PASSED] - All options with label 'Checking' are selected in object 'Object Repository/AdminSuiteBootstrap_Pages/VT_Bootstrap/ACHPersonal/select_AccountType'  using regular expression

2024-07-13 23:03:37 - [MESSAGE][PASSED] - All options with label 'TEL - Telephone-Initiated Entry' are selected in object 'Object Repository/AdminSuiteBootstrap_Pages/VT_Bootstrap/ACHPersonal/select_STD'  using regular expression

2024-07-13 23:03:38 - [MESSAGE][PASSED] - Text '11.5' is set on object 'Object Repository/AdminSuiteBootstrap_Pages/VT_Bootstrap/ACHPersonal/input_amount'

2024-07-13 23:03:39 - [MESSAGE][PASSED] - Text 'Denmark' is set on object 'Object Repository/AdminSuiteBootstrap_Pages/VT_Bootstrap/ACHPersonal/input_userDefined1'

2024-07-13 23:03:40 - [MESSAGE][PASSED] - Text 'Australia' is set on object 'Object Repository/AdminSuiteBootstrap_Pages/VT_Bootstrap/ACHPersonal/input_userDefined2'

2024-07-13 23:03:41 - [MESSAGE][PASSED] - Text 'Austria' is set on object 'Object Repository/AdminSuiteBootstrap_Pages/VT_Bootstrap/ACHPersonal/input_userDefined3'

2024-07-13 23:03:41 - [MESSAGE][PASSED] - Text 'Sweden' is set on object 'Object Repository/AdminSuiteBootstrap_Pages/VT_Bootstrap/ACHPersonal/input_userDefined4'

2024-07-13 23:03:42 - [MESSAGE][PASSED] - All options with label 'Yellow' are selected in object 'Object Repository/AdminSuiteBootstrap_Pages/VT_Bootstrap/ACHPersonal/select_UDF5'  using regular expression

2024-07-13 23:03:43 - [MESSAGE][PASSED] - All options with label 'Orange' are selected in object 'Object Repository/AdminSuiteBootstrap_Pages/VT_Bootstrap/ACHPersonal/select_UDF6'  using regular expression

2024-07-13 23:03:44 - [MESSAGE][PASSED] - Text 'Netherlands' is set on object 'Object Repository/AdminSuiteBootstrap_Pages/VT_Bootstrap/ACHPersonal/input_userDefined7'

2024-07-13 23:03:45 - [MESSAGE][PASSED] - Text 'Norway' is set on object 'Object Repository/AdminSuiteBootstrap_Pages/VT_Bootstrap/ACHPersonal/input_userDefined8'

2024-07-13 23:03:45 - [MESSAGE][PASSED] - Text 'France' is set on object 'Object Repository/AdminSuiteBootstrap_Pages/VT_Bootstrap/ACHPersonal/input_userDefined9'

2024-07-13 23:03:46 - [MESSAGE][PASSED] - Text 'Switzerland' is set on object 'Object Repository/AdminSuiteBootstrap_Pages/VT_Bootstrap/ACHPersonal/input_userDefined10'

2024-07-13 23:03:47 - [MESSAGE][PASSED] - Object: 'Object Repository/AdminSuiteBootstrap_Pages/VT_Bootstrap/ACHPersonal/button_Submit' is clicked on

2024-07-13 23:03:47 - [MESSAGE][PASSED] - adminSuiteBootstrap.debitPersonalsetData.debitPersonal_DataDriven is PASSED

2024-07-13 23:03:47 - [TEST_STEP][PASSED] - if (verifyTextPresent("Transaction Successful", true)): null

2024-07-13 23:03:48 - [MESSAGE][PASSED] - Text 'Transaction Successful' is present on page  using regular expression

2024-07-13 23:03:48 - [TEST_STEP][PASSED] - sdf = getText(findTestObject(path_Receipt + "td_AutoNoC031622113752957Ahm")): Text of object 'Object Repository/AdminSuiteBootstrap_Pages/VT_Bootstrap/Receipt/td_AutoNoC031622113752957Ahm' is: 'AutoNoCFtp071324225619Ahm'

2024-07-13 23:03:48 - [MESSAGE][PASSED] - Text of object 'Object Repository/AdminSuiteBootstrap_Pages/VT_Bootstrap/Receipt/td_AutoNoC031622113752957Ahm' is: 'AutoNoCFtp071324225619Ahm'

2024-07-13 23:03:48 - [TEST_STEP][PASSED] - out.println("sdf: " + sdf): null

2024-07-13 23:03:48 - [TEST_STEP][PASSED] - remID = sdf: null

2024-07-13 23:03:48 - [TEST_STEP][PASSED] - out.println("remID: " + remID): null

2024-07-13 23:03:48 - [TEST_STEP][PASSED] - click(findTestObject(path_Receipt + "button_Continue")): Object: 'Object Repository/AdminSuiteBootstrap_Pages/VT_Bootstrap/Receipt/button_Continue' is clicked on

2024-07-13 23:03:49 - [MESSAGE][PASSED] - Object: 'Object Repository/AdminSuiteBootstrap_Pages/VT_Bootstrap/Receipt/button_Continue' is clicked on

2024-07-13 23:03:49 - [TEST_STEP][PASSED] - click(findTestObject(path_VT + "a_Search Transactions")): Object: 'Object Repository/AdminSuiteBootstrap_Pages/VT_Bootstrap/IssueTransactions/a_Search Transactions' is clicked on

2024-07-13 23:03:50 - [MESSAGE][PASSED] - Object: 'Object Repository/AdminSuiteBootstrap_Pages/VT_Bootstrap/IssueTransactions/a_Search Transactions' is clicked on

2024-07-13 23:03:50 - [TEST_STEP][PASSED] - setText(findTestObject(path_CCSearch + "input_Search By_searchValue"), remID): Text 'AutoNoCFtp071324225619Ahm' is set on object 'Object Repository/AdminSuiteBootstrap_Pages/VT_Bootstrap/CCCreditOrVoidSearch/input_Search By_searchValue'

2024-07-13 23:03:51 - [MESSAGE][PASSED] - Text 'AutoNoCFtp071324225619Ahm' is set on object 'Object Repository/AdminSuiteBootstrap_Pages/VT_Bootstrap/CCCreditOrVoidSearch/input_Search By_searchValue'

2024-07-13 23:03:51 - [TEST_STEP][PASSED] - click(findTestObject(path_CCSearch + "button_Submit")): Object: 'Object Repository/AdminSuiteBootstrap_Pages/VT_Bootstrap/CCCreditOrVoidSearch/button_Submit' is clicked on

2024-07-13 23:03:51 - [MESSAGE][PASSED] - Object: 'Object Repository/AdminSuiteBootstrap_Pages/VT_Bootstrap/CCCreditOrVoidSearch/button_Submit' is clicked on

2024-07-13 23:03:51 - [TEST_STEP][PASSED] - fgr = getText(findTestObject(path_SearchResults + "div_Payment ID")): Text of object 'Object Repository/AdminSuiteBootstrap_Pages/VT_Bootstrap/SearchResults/div_Payment ID' is: 'Payment ID
Payment Type
Transaction Type
Remittance ID
Name
Total Amount
End Date
Status
12155074 Online Check Debit AutoNoCFtp071324225619Ahm Veronika Inouye $11.50 07/13/2024 Success'

2024-07-13 23:03:52 - [MESSAGE][PASSED] - Text of object 'Object Repository/AdminSuiteBootstrap_Pages/VT_Bootstrap/SearchResults/div_Payment ID' is: 'Payment ID
Payment Type
Transaction Type
Remittance ID
Name
Total Amount
End Date
Status
12155074 Online Check Debit AutoNoCFtp071324225619Ahm Veronika Inouye $11.50 07/13/2024 Success'

2024-07-13 23:03:52 - [TEST_STEP][PASSED] - payID = substring(89, 98).trim(): null

2024-07-13 23:03:52 - [TEST_STEP][PASSED] - out.println("payID: " + payID): null

2024-07-13 23:03:52 - [TEST_STEP][PASSED] - click(findTestObject(path_SearchResults + "button_Modify Search Criteria")): Object: 'Object Repository/AdminSuiteBootstrap_Pages/VT_Bootstrap/SearchResults/button_Modify Search Criteria' is clicked on

2024-07-13 23:03:53 - [MESSAGE][PASSED] - Object: 'Object Repository/AdminSuiteBootstrap_Pages/VT_Bootstrap/SearchResults/button_Modify Search Criteria' is clicked on

2024-07-13 23:03:53 - [TEST_STEP][PASSED] - adminSuiteBootstrap.searchTransactions.searchTransactions_DataDriven(row, dataFile, remID, payID): adminSuiteBootstrap.searchTransactions.searchTransactions_DataDriven is PASSED

2024-07-13 23:03:53 - [MESSAGE][PASSED] - All options with label 'Payment ID' are selected in object 'Object Repository/AdminSuiteBootstrap_Pages/VT_Bootstrap/CCCreditOrVoidSearch/select_SearchBy' 

2024-07-13 23:03:54 - [MESSAGE][PASSED] - Text '12155074' is set on object 'Object Repository/AdminSuiteBootstrap_Pages/VT_Bootstrap/CCCreditOrVoidSearch/input_Search By_searchValue'

2024-07-13 23:03:55 - [MESSAGE][PASSED] - Object: 'Object Repository/AdminSuiteBootstrap_Pages/VT_Bootstrap/CCCreditOrVoidSearch/button_Submit' is clicked on

2024-07-13 23:03:55 - [MESSAGE][PASSED] - adminSuiteBootstrap.searchTransactions.searchTransactions_DataDriven is PASSED

2024-07-13 23:03:55 - [TEST_STEP][PASSED] - if (verifyTextPresent(remID, true)): null

2024-07-13 23:03:56 - [MESSAGE][PASSED] - Text 'AutoNoCFtp071324225619Ahm' is present on page  using regular expression

2024-07-13 23:03:56 - [TEST_STEP][PASSED] - resText = "Pass": null

2024-07-13 23:03:56 - [TEST_STEP][PASSED] - pages.WriteExcel.demoKey(resText, datText, resColumn, datCloumn, fileLoc, nameSheet, row): pages.WriteExcel.demoKey is PASSED

2024-07-13 23:03:56 - [MESSAGE][PASSED] - pages.WriteExcel.demoKey is PASSED

2024-07-13 23:03:56 - [TEST_STEP][PASSED] - verifyTextPresent("Transactions Matching Search Criteria", true): Text 'Transactions Matching Search Criteria' is present on page  using regular expression

2024-07-13 23:03:56 - [MESSAGE][PASSED] - Text 'Transactions Matching Search Criteria' is present on page  using regular expression

2024-07-13 23:03:56 - [TEST_STEP][PASSED] - verifyTextPresent("Payment ID", true): Text 'Payment ID' is present on page  using regular expression

2024-07-13 23:03:56 - [MESSAGE][PASSED] - Text 'Payment ID' is present on page  using regular expression

2024-07-13 23:03:56 - [TEST_STEP][PASSED] - verifyTextPresent("Payment Type", true): Text 'Payment Type' is present on page  using regular expression

2024-07-13 23:03:57 - [MESSAGE][PASSED] - Text 'Payment Type' is present on page  using regular expression

2024-07-13 23:03:57 - [TEST_STEP][PASSED] - verifyTextPresent("Transaction Type", true): Text 'Transaction Type' is present on page  using regular expression

2024-07-13 23:03:57 - [MESSAGE][PASSED] - Text 'Transaction Type' is present on page  using regular expression

2024-07-13 23:03:57 - [TEST_STEP][PASSED] - verifyTextPresent("Remittance ID", true): Text 'Remittance ID' is present on page  using regular expression

2024-07-13 23:03:57 - [MESSAGE][PASSED] - Text 'Remittance ID' is present on page  using regular expression

2024-07-13 23:03:57 - [TEST_STEP][PASSED] - verifyTextPresent("Name", true): Text 'Name' is present on page  using regular expression

2024-07-13 23:03:57 - [MESSAGE][PASSED] - Text 'Name' is present on page  using regular expression

2024-07-13 23:03:57 - [TEST_STEP][PASSED] - verifyTextPresent("Total Amount", true): Text 'Total Amount' is present on page  using regular expression

2024-07-13 23:03:58 - [MESSAGE][PASSED] - Text 'Total Amount' is present on page  using regular expression

2024-07-13 23:03:58 - [TEST_STEP][PASSED] - verifyTextPresent("End Date", true): Text 'End Date' is present on page  using regular expression

2024-07-13 23:03:58 - [MESSAGE][PASSED] - Text 'End Date' is present on page  using regular expression

2024-07-13 23:03:58 - [TEST_STEP][PASSED] - verifyTextPresent("Status", true): Text 'Status' is present on page  using regular expression

2024-07-13 23:03:58 - [MESSAGE][PASSED] - Text 'Status' is present on page  using regular expression

2024-07-13 23:03:58 - [TEST_STEP][PASSED] - verifyTextPresent("Debit", true): Text 'Debit' is present on page  using regular expression

2024-07-13 23:03:59 - [MESSAGE][PASSED] - Text 'Debit' is present on page  using regular expression

2024-07-13 23:03:59 - [TEST_STEP][PASSED] - verifyTextPresent("Online Check", true): Text 'Online Check' is present on page  using regular expression

2024-07-13 23:03:59 - [MESSAGE][PASSED] - Text 'Online Check' is present on page  using regular expression

2024-07-13 23:03:59 - [TEST_STEP][PASSED] - verifyTextPresent(cardNameV, true): Text 'Veronika Inouye' is present on page  using regular expression

2024-07-13 23:03:59 - [MESSAGE][PASSED] - Text 'Veronika Inouye' is present on page  using regular expression

2024-07-13 23:03:59 - [TEST_STEP][PASSED] - verifyTextPresent("Success", true): Text 'Success' is present on page  using regular expression

2024-07-13 23:03:59 - [MESSAGE][PASSED] - Text 'Success' is present on page  using regular expression

2024-07-13 23:03:59 - [TEST_STEP][PASSED] - verifyElementPresent(findTestObject(path_SearchResults + "button_PaymentID"), 10): Object 'Object Repository/AdminSuiteBootstrap_Pages/VT_Bootstrap/SearchResults/button_PaymentID' is present

2024-07-13 23:04:00 - [MESSAGE][PASSED] - Object 'Object Repository/AdminSuiteBootstrap_Pages/VT_Bootstrap/SearchResults/button_PaymentID' is present

2024-07-13 23:04:00 - [TEST_STEP][PASSED] - click(findTestObject(path_SearchResults + "button_PaymentID")): Object: 'Object Repository/AdminSuiteBootstrap_Pages/VT_Bootstrap/SearchResults/button_PaymentID' is clicked on

2024-07-13 23:04:00 - [MESSAGE][PASSED] - Object: 'Object Repository/AdminSuiteBootstrap_Pages/VT_Bootstrap/SearchResults/button_PaymentID' is clicked on

2024-07-13 23:04:00 - [TEST_STEP][PASSED] - click(findTestObject(path_TranxDetails + "a_Void this transaction")): Object: 'Object Repository/AdminSuiteBootstrap_Pages/VT_Bootstrap/TransactionDetails/a_Void this transaction' is clicked on

2024-07-13 23:04:01 - [MESSAGE][PASSED] - Object: 'Object Repository/AdminSuiteBootstrap_Pages/VT_Bootstrap/TransactionDetails/a_Void this transaction' is clicked on

2024-07-13 23:04:01 - [TEST_STEP][PASSED] - click(findTestObject(path_TranxDetails + "button_Submit")): Object: 'Object Repository/AdminSuiteBootstrap_Pages/VT_Bootstrap/TransactionDetails/button_Submit' is clicked on

2024-07-13 23:04:02 - [MESSAGE][PASSED] - Object: 'Object Repository/AdminSuiteBootstrap_Pages/VT_Bootstrap/TransactionDetails/button_Submit' is clicked on

2024-07-13 23:04:02 - [TEST_STEP][PASSED] - verifyTextPresent("Transaction Successful", true): Text 'Transaction Successful' is present on page  using regular expression

2024-07-13 23:04:03 - [MESSAGE][PASSED] - Text 'Transaction Successful' is present on page  using regular expression

2024-07-13 23:04:03 - [TEST_STEP][PASSED] - ExecuteTC = findTestData(dataFile).getValue("Execute", row): null

2024-07-13 23:04:03 - [TEST_STEP][PASSED] - out.println("Value of Execute is : " + ExecuteTC): null

2024-07-13 23:04:03 - [TEST_STEP][PASSED] - switch (executionProfile): null

2024-07-13 23:04:03 - [TEST_STEP][PASSED] - case "QA2Profile":: null

2024-07-13 23:04:03 - [TEST_STEP][PASSED] - appName = findTestData(dataFile).getValue("AppNameQA", row): null

2024-07-13 23:04:03 - [TEST_STEP][PASSED] - appID = findTestData(dataFile).getValue("AppIDQA", row): null

2024-07-13 23:04:03 - [TEST_STEP][PASSED] - break: null

2024-07-13 23:04:03 - [TEST_STEP][PASSED] - cardNameV = findTestData(dataFile).getValue("NameV", row): null

2024-07-13 23:04:03 - [TEST_STEP][PASSED] - hrefAppID = li_1 + appID + li_2: null

2024-07-13 23:04:03 - [TEST_STEP][PASSED] - hrefApp = li_1 + appID + "/": null

2024-07-13 23:04:03 - [TEST_STEP][PASSED] - println("hrefApp : " + hrefApp): null

2024-07-13 23:04:03 - [TEST_STEP][PASSED] - if (ExecuteTC.equalsIgnoreCase("Y")): null

2024-07-13 23:04:03 - [TEST_STEP][PASSED] - out.println("Begin Record Number: " + row): null

2024-07-13 23:04:03 - [TEST_STEP][PASSED] - today = new java.util.Date(): null

2024-07-13 23:04:03 - [TEST_STEP][PASSED] - println(today): null

2024-07-13 23:04:03 - [TEST_STEP][PASSED] - datText = today: null

2024-07-13 23:04:03 - [TEST_STEP][PASSED] - adminSuiteBootstrap.loginFunctionality.login_AdminSuite(): adminSuiteBootstrap.loginFunctionality.login_AdminSuite is PASSED

2024-07-13 23:04:03 - [MESSAGE][WARNING] - A browser is already opened. Closing browser and opening a new one

2024-07-13 23:04:04 - [MESSAGE][INFO] - Starting 'Chrome' driver

2024-07-13 23:04:04 - [MESSAGE][INFO] - User set preference: ['acceptInsecureCerts', 'true']

2024-07-13 23:04:04 - [MESSAGE][INFO] - Action delay is set to 0 milliseconds

2024-07-13 23:04:07 - [MESSAGE][PASSED] - Browser is opened with url: 'https://qa2.velocitypayment.com/admin/imtiaz'

2024-07-13 23:04:07 - [MESSAGE][PASSED] - Current window maximized

2024-07-13 23:04:08 - [MESSAGE][PASSED] - Object 'Object Repository/Login_Page/Login_Username_Okta' is present

2024-07-13 23:04:08 - [MESSAGE][PASSED] - Text 'iahmed' is set on object 'Object Repository/Login_Page/Login_Username_Okta'

2024-07-13 23:04:09 - [MESSAGE][PASSED] - Text 'Hello!6666666' is set on object 'Object Repository/Login_Page/Login_Password_Okta'

2024-07-13 23:04:10 - [MESSAGE][PASSED] - Object: 'Object Repository/Login_Page/Login_Submit_Okta' is clicked on

2024-07-13 23:04:10 - [MESSAGE][PASSED] - adminSuiteBootstrap.loginFunctionality.login_AdminSuite is PASSED

2024-07-13 23:04:10 - [TEST_STEP][PASSED] - click(findTestObject(path_Dashboard + appName)): Object: 'Object Repository/AdminSuiteBootstrap_Pages/Dashboard_Bootstrap/a_Access AutoNoCFtp' is clicked on

2024-07-13 23:04:18 - [MESSAGE][PASSED] - Object: 'Object Repository/AdminSuiteBootstrap_Pages/Dashboard_Bootstrap/a_Access AutoNoCFtp' is clicked on

2024-07-13 23:04:18 - [TEST_STEP][PASSED] - click(findTestObject(path_VT + "button_Debit")): Object: 'Object Repository/AdminSuiteBootstrap_Pages/VT_Bootstrap/IssueTransactions/button_Debit' is clicked on

2024-07-13 23:04:18 - [MESSAGE][PASSED] - Object: 'Object Repository/AdminSuiteBootstrap_Pages/VT_Bootstrap/IssueTransactions/button_Debit' is clicked on

2024-07-13 23:04:18 - [TEST_STEP][PASSED] - click(findTestObject(path_VT + "a_Personal")): Object: 'Object Repository/AdminSuiteBootstrap_Pages/VT_Bootstrap/IssueTransactions/a_Personal' is clicked on

2024-07-13 23:04:19 - [MESSAGE][PASSED] - Object: 'Object Repository/AdminSuiteBootstrap_Pages/VT_Bootstrap/IssueTransactions/a_Personal' is clicked on

2024-07-13 23:04:19 - [TEST_STEP][PASSED] - adminSuiteBootstrap.debitPersonalsetData.debitPersonal_DataDriven(row, dataFile): adminSuiteBootstrap.debitPersonalsetData.debitPersonal_DataDriven is PASSED

2024-07-13 23:04:21 - [MESSAGE][PASSED] - Text 'Bette' is set on object 'Object Repository/AdminSuiteBootstrap_Pages/VT_Bootstrap/ACHPersonal/input_firstName'

2024-07-13 23:04:22 - [MESSAGE][PASSED] - Text 'Nicka' is set on object 'Object Repository/AdminSuiteBootstrap_Pages/VT_Bootstrap/ACHPersonal/input_lastName'

2024-07-13 23:04:23 - [MESSAGE][PASSED] - Text '6 S 33rd St' is set on object 'Object Repository/AdminSuiteBootstrap_Pages/VT_Bootstrap/ACHPersonal/input_address'

2024-07-13 23:04:24 - [MESSAGE][PASSED] - Text 'apt #2' is set on object 'Object Repository/AdminSuiteBootstrap_Pages/VT_Bootstrap/ACHPersonal/input_address2'

2024-07-13 23:04:24 - [MESSAGE][PASSED] - Text '22201' is set on object 'Object Repository/AdminSuiteBootstrap_Pages/VT_Bootstrap/ACHPersonal/input_zip'

2024-07-13 23:04:25 - [MESSAGE][PASSED] - Text '' is set on object 'Object Repository/AdminSuiteBootstrap_Pages/VT_Bootstrap/ACHPersonal/input_emailAddress'

2024-07-13 23:04:26 - [MESSAGE][PASSED] - Text '' is set on object 'Object Repository/AdminSuiteBootstrap_Pages/VT_Bootstrap/ACHPersonal/input_smsNumber'

2024-07-13 23:04:27 - [MESSAGE][PASSED] - Text '45687390' is set on object 'Object Repository/AdminSuiteBootstrap_Pages/VT_Bootstrap/ACHPersonal/input_accountNumber'

2024-07-13 23:04:27 - [MESSAGE][PASSED] - Text '256072691' is set on object 'Object Repository/AdminSuiteBootstrap_Pages/VT_Bootstrap/ACHPersonal/input_routingNumber'

2024-07-13 23:04:28 - [MESSAGE][PASSED] - All options with label 'Savings' are selected in object 'Object Repository/AdminSuiteBootstrap_Pages/VT_Bootstrap/ACHPersonal/select_AccountType'  using regular expression

2024-07-13 23:04:30 - [MESSAGE][PASSED] - All options with label 'PPD - Prearranged Payment and Deposit Entry' are selected in object 'Object Repository/AdminSuiteBootstrap_Pages/VT_Bootstrap/ACHPersonal/select_STD'  using regular expression

2024-07-13 23:04:30 - [MESSAGE][PASSED] - Text '11.5' is set on object 'Object Repository/AdminSuiteBootstrap_Pages/VT_Bootstrap/ACHPersonal/input_amount'

2024-07-13 23:04:31 - [MESSAGE][PASSED] - Text 'Denmark' is set on object 'Object Repository/AdminSuiteBootstrap_Pages/VT_Bootstrap/ACHPersonal/input_userDefined1'

2024-07-13 23:04:32 - [MESSAGE][PASSED] - Text 'Australia' is set on object 'Object Repository/AdminSuiteBootstrap_Pages/VT_Bootstrap/ACHPersonal/input_userDefined2'

2024-07-13 23:04:33 - [MESSAGE][PASSED] - Text 'Austria' is set on object 'Object Repository/AdminSuiteBootstrap_Pages/VT_Bootstrap/ACHPersonal/input_userDefined3'

2024-07-13 23:04:33 - [MESSAGE][PASSED] - Text 'Sweden' is set on object 'Object Repository/AdminSuiteBootstrap_Pages/VT_Bootstrap/ACHPersonal/input_userDefined4'

2024-07-13 23:04:34 - [MESSAGE][PASSED] - All options with label 'Yellow' are selected in object 'Object Repository/AdminSuiteBootstrap_Pages/VT_Bootstrap/ACHPersonal/select_UDF5'  using regular expression

2024-07-13 23:04:35 - [MESSAGE][PASSED] - All options with label 'Orange' are selected in object 'Object Repository/AdminSuiteBootstrap_Pages/VT_Bootstrap/ACHPersonal/select_UDF6'  using regular expression

2024-07-13 23:04:36 - [MESSAGE][PASSED] - Text 'Netherlands' is set on object 'Object Repository/AdminSuiteBootstrap_Pages/VT_Bootstrap/ACHPersonal/input_userDefined7'

2024-07-13 23:04:37 - [MESSAGE][PASSED] - Text 'Norway' is set on object 'Object Repository/AdminSuiteBootstrap_Pages/VT_Bootstrap/ACHPersonal/input_userDefined8'

2024-07-13 23:04:37 - [MESSAGE][PASSED] - Text 'France' is set on object 'Object Repository/AdminSuiteBootstrap_Pages/VT_Bootstrap/ACHPersonal/input_userDefined9'

2024-07-13 23:04:38 - [MESSAGE][PASSED] - Text 'Switzerland' is set on object 'Object Repository/AdminSuiteBootstrap_Pages/VT_Bootstrap/ACHPersonal/input_userDefined10'

2024-07-13 23:04:39 - [MESSAGE][PASSED] - Object: 'Object Repository/AdminSuiteBootstrap_Pages/VT_Bootstrap/ACHPersonal/button_Submit' is clicked on

2024-07-13 23:04:39 - [MESSAGE][PASSED] - adminSuiteBootstrap.debitPersonalsetData.debitPersonal_DataDriven is PASSED

2024-07-13 23:04:39 - [TEST_STEP][PASSED] - if (verifyTextPresent("Transaction Successful", true)): null

2024-07-13 23:04:40 - [MESSAGE][PASSED] - Text 'Transaction Successful' is present on page  using regular expression

2024-07-13 23:04:40 - [TEST_STEP][PASSED] - sdf = getText(findTestObject(path_Receipt + "td_AutoNoC031622113752957Ahm")): Text of object 'Object Repository/AdminSuiteBootstrap_Pages/VT_Bootstrap/Receipt/td_AutoNoC031622113752957Ahm' is: 'AutoNoCFtp071324225711Ahm'

2024-07-13 23:04:40 - [MESSAGE][PASSED] - Text of object 'Object Repository/AdminSuiteBootstrap_Pages/VT_Bootstrap/Receipt/td_AutoNoC031622113752957Ahm' is: 'AutoNoCFtp071324225711Ahm'

2024-07-13 23:04:40 - [TEST_STEP][PASSED] - out.println("sdf: " + sdf): null

2024-07-13 23:04:40 - [TEST_STEP][PASSED] - remID = sdf: null

2024-07-13 23:04:40 - [TEST_STEP][PASSED] - out.println("remID: " + remID): null

2024-07-13 23:04:40 - [TEST_STEP][PASSED] - click(findTestObject(path_Receipt + "button_Continue")): Object: 'Object Repository/AdminSuiteBootstrap_Pages/VT_Bootstrap/Receipt/button_Continue' is clicked on

2024-07-13 23:04:41 - [MESSAGE][PASSED] - Object: 'Object Repository/AdminSuiteBootstrap_Pages/VT_Bootstrap/Receipt/button_Continue' is clicked on

2024-07-13 23:04:41 - [TEST_STEP][PASSED] - click(findTestObject(path_VT + "a_Search Transactions")): Object: 'Object Repository/AdminSuiteBootstrap_Pages/VT_Bootstrap/IssueTransactions/a_Search Transactions' is clicked on

2024-07-13 23:04:42 - [MESSAGE][PASSED] - Object: 'Object Repository/AdminSuiteBootstrap_Pages/VT_Bootstrap/IssueTransactions/a_Search Transactions' is clicked on

2024-07-13 23:04:42 - [TEST_STEP][PASSED] - setText(findTestObject(path_CCSearch + "input_Search By_searchValue"), remID): Text 'AutoNoCFtp071324225711Ahm' is set on object 'Object Repository/AdminSuiteBootstrap_Pages/VT_Bootstrap/CCCreditOrVoidSearch/input_Search By_searchValue'

2024-07-13 23:04:43 - [MESSAGE][PASSED] - Text 'AutoNoCFtp071324225711Ahm' is set on object 'Object Repository/AdminSuiteBootstrap_Pages/VT_Bootstrap/CCCreditOrVoidSearch/input_Search By_searchValue'

2024-07-13 23:04:43 - [TEST_STEP][PASSED] - click(findTestObject(path_CCSearch + "button_Submit")): Object: 'Object Repository/AdminSuiteBootstrap_Pages/VT_Bootstrap/CCCreditOrVoidSearch/button_Submit' is clicked on

2024-07-13 23:04:43 - [MESSAGE][PASSED] - Object: 'Object Repository/AdminSuiteBootstrap_Pages/VT_Bootstrap/CCCreditOrVoidSearch/button_Submit' is clicked on

2024-07-13 23:04:43 - [TEST_STEP][PASSED] - fgr = getText(findTestObject(path_SearchResults + "div_Payment ID")): Text of object 'Object Repository/AdminSuiteBootstrap_Pages/VT_Bootstrap/SearchResults/div_Payment ID' is: 'Payment ID
Payment Type
Transaction Type
Remittance ID
Name
Total Amount
End Date
Status
12155076 Online Check Debit AutoNoCFtp071324225711Ahm Bette Nicka $11.50 07/13/2024 Success'

2024-07-13 23:04:44 - [MESSAGE][PASSED] - Text of object 'Object Repository/AdminSuiteBootstrap_Pages/VT_Bootstrap/SearchResults/div_Payment ID' is: 'Payment ID
Payment Type
Transaction Type
Remittance ID
Name
Total Amount
End Date
Status
12155076 Online Check Debit AutoNoCFtp071324225711Ahm Bette Nicka $11.50 07/13/2024 Success'

2024-07-13 23:04:44 - [TEST_STEP][PASSED] - payID = substring(89, 98).trim(): null

2024-07-13 23:04:44 - [TEST_STEP][PASSED] - out.println("payID: " + payID): null

2024-07-13 23:04:44 - [TEST_STEP][PASSED] - click(findTestObject(path_SearchResults + "button_Modify Search Criteria")): Object: 'Object Repository/AdminSuiteBootstrap_Pages/VT_Bootstrap/SearchResults/button_Modify Search Criteria' is clicked on

2024-07-13 23:04:45 - [MESSAGE][PASSED] - Object: 'Object Repository/AdminSuiteBootstrap_Pages/VT_Bootstrap/SearchResults/button_Modify Search Criteria' is clicked on

2024-07-13 23:04:45 - [TEST_STEP][PASSED] - adminSuiteBootstrap.searchTransactions.searchTransactions_DataDriven(row, dataFile, remID, payID): adminSuiteBootstrap.searchTransactions.searchTransactions_DataDriven is PASSED

2024-07-13 23:04:45 - [MESSAGE][PASSED] - All options with label 'ACH last 4 digit' are selected in object 'Object Repository/AdminSuiteBootstrap_Pages/VT_Bootstrap/CCCreditOrVoidSearch/select_SearchBy' 

2024-07-13 23:04:46 - [MESSAGE][PASSED] - Text '7390' is set on object 'Object Repository/AdminSuiteBootstrap_Pages/VT_Bootstrap/CCCreditOrVoidSearch/input_Search By_searchValue'

2024-07-13 23:04:47 - [MESSAGE][PASSED] - Object: 'Object Repository/AdminSuiteBootstrap_Pages/VT_Bootstrap/CCCreditOrVoidSearch/button_Submit' is clicked on

2024-07-13 23:04:47 - [MESSAGE][PASSED] - adminSuiteBootstrap.searchTransactions.searchTransactions_DataDriven is PASSED

2024-07-13 23:04:47 - [TEST_STEP][PASSED] - if (verifyTextPresent(remID, true)): null

2024-07-13 23:04:47 - [MESSAGE][PASSED] - Text 'AutoNoCFtp071324225711Ahm' is present on page  using regular expression

2024-07-13 23:04:47 - [TEST_STEP][PASSED] - resText = "Pass": null

2024-07-13 23:04:47 - [TEST_STEP][PASSED] - pages.WriteExcel.demoKey(resText, datText, resColumn, datCloumn, fileLoc, nameSheet, row): pages.WriteExcel.demoKey is PASSED

2024-07-13 23:04:48 - [MESSAGE][PASSED] - pages.WriteExcel.demoKey is PASSED

2024-07-13 23:04:48 - [TEST_STEP][PASSED] - verifyTextPresent("Transactions Matching Search Criteria", true): Text 'Transactions Matching Search Criteria' is present on page  using regular expression

2024-07-13 23:04:48 - [MESSAGE][PASSED] - Text 'Transactions Matching Search Criteria' is present on page  using regular expression

2024-07-13 23:04:48 - [TEST_STEP][PASSED] - verifyTextPresent("Payment ID", true): Text 'Payment ID' is present on page  using regular expression

2024-07-13 23:04:48 - [MESSAGE][PASSED] - Text 'Payment ID' is present on page  using regular expression

2024-07-13 23:04:48 - [TEST_STEP][PASSED] - verifyTextPresent("Payment Type", true): Text 'Payment Type' is present on page  using regular expression

2024-07-13 23:04:48 - [MESSAGE][PASSED] - Text 'Payment Type' is present on page  using regular expression

2024-07-13 23:04:48 - [TEST_STEP][PASSED] - verifyTextPresent("Transaction Type", true): Text 'Transaction Type' is present on page  using regular expression

2024-07-13 23:04:49 - [MESSAGE][PASSED] - Text 'Transaction Type' is present on page  using regular expression

2024-07-13 23:04:49 - [TEST_STEP][PASSED] - verifyTextPresent("Remittance ID", true): Text 'Remittance ID' is present on page  using regular expression

2024-07-13 23:04:49 - [MESSAGE][PASSED] - Text 'Remittance ID' is present on page  using regular expression

2024-07-13 23:04:49 - [TEST_STEP][PASSED] - verifyTextPresent("Name", true): Text 'Name' is present on page  using regular expression

2024-07-13 23:04:49 - [MESSAGE][PASSED] - Text 'Name' is present on page  using regular expression

2024-07-13 23:04:49 - [TEST_STEP][PASSED] - verifyTextPresent("Total Amount", true): Text 'Total Amount' is present on page  using regular expression

2024-07-13 23:04:50 - [MESSAGE][PASSED] - Text 'Total Amount' is present on page  using regular expression

2024-07-13 23:04:50 - [TEST_STEP][PASSED] - verifyTextPresent("End Date", true): Text 'End Date' is present on page  using regular expression

2024-07-13 23:04:50 - [MESSAGE][PASSED] - Text 'End Date' is present on page  using regular expression

2024-07-13 23:04:50 - [TEST_STEP][PASSED] - verifyTextPresent("Status", true): Text 'Status' is present on page  using regular expression

2024-07-13 23:04:50 - [MESSAGE][PASSED] - Text 'Status' is present on page  using regular expression

2024-07-13 23:04:50 - [TEST_STEP][PASSED] - verifyTextPresent("Debit", true): Text 'Debit' is present on page  using regular expression

2024-07-13 23:04:50 - [MESSAGE][PASSED] - Text 'Debit' is present on page  using regular expression

2024-07-13 23:04:50 - [TEST_STEP][PASSED] - verifyTextPresent("Online Check", true): Text 'Online Check' is present on page  using regular expression

2024-07-13 23:04:51 - [MESSAGE][PASSED] - Text 'Online Check' is present on page  using regular expression

2024-07-13 23:04:51 - [TEST_STEP][PASSED] - verifyTextPresent(cardNameV, true): Text 'Bette Nicka' is present on page  using regular expression

2024-07-13 23:04:51 - [MESSAGE][PASSED] - Text 'Bette Nicka' is present on page  using regular expression

2024-07-13 23:04:51 - [TEST_STEP][PASSED] - verifyTextPresent("Success", true): Text 'Success' is present on page  using regular expression

2024-07-13 23:04:51 - [MESSAGE][PASSED] - Text 'Success' is present on page  using regular expression

2024-07-13 23:04:51 - [TEST_STEP][PASSED] - verifyElementPresent(findTestObject(path_SearchResults + "button_PaymentID"), 10): Object 'Object Repository/AdminSuiteBootstrap_Pages/VT_Bootstrap/SearchResults/button_PaymentID' is present

2024-07-13 23:04:52 - [MESSAGE][PASSED] - Object 'Object Repository/AdminSuiteBootstrap_Pages/VT_Bootstrap/SearchResults/button_PaymentID' is present

2024-07-13 23:04:52 - [TEST_STEP][PASSED] - click(findTestObject(path_SearchResults + "button_PaymentID")): Object: 'Object Repository/AdminSuiteBootstrap_Pages/VT_Bootstrap/SearchResults/button_PaymentID' is clicked on

2024-07-13 23:04:52 - [MESSAGE][PASSED] - Object: 'Object Repository/AdminSuiteBootstrap_Pages/VT_Bootstrap/SearchResults/button_PaymentID' is clicked on

2024-07-13 23:04:52 - [TEST_STEP][PASSED] - click(findTestObject(path_TranxDetails + "a_Void this transaction")): Object: 'Object Repository/AdminSuiteBootstrap_Pages/VT_Bootstrap/TransactionDetails/a_Void this transaction' is clicked on

2024-07-13 23:04:53 - [MESSAGE][PASSED] - Object: 'Object Repository/AdminSuiteBootstrap_Pages/VT_Bootstrap/TransactionDetails/a_Void this transaction' is clicked on

2024-07-13 23:04:53 - [TEST_STEP][PASSED] - click(findTestObject(path_TranxDetails + "button_Submit")): Object: 'Object Repository/AdminSuiteBootstrap_Pages/VT_Bootstrap/TransactionDetails/button_Submit' is clicked on

2024-07-13 23:04:54 - [MESSAGE][PASSED] - Object: 'Object Repository/AdminSuiteBootstrap_Pages/VT_Bootstrap/TransactionDetails/button_Submit' is clicked on

2024-07-13 23:04:54 - [TEST_STEP][PASSED] - verifyTextPresent("Transaction Successful", true): Text 'Transaction Successful' is present on page  using regular expression

2024-07-13 23:04:55 - [MESSAGE][PASSED] - Text 'Transaction Successful' is present on page  using regular expression

2024-07-13 23:04:55 - [TEST_STEP][PASSED] - ExecuteTC = findTestData(dataFile).getValue("Execute", row): null

2024-07-13 23:04:55 - [TEST_STEP][PASSED] - out.println("Value of Execute is : " + ExecuteTC): null

2024-07-13 23:04:55 - [TEST_STEP][PASSED] - switch (executionProfile): null

2024-07-13 23:04:55 - [TEST_STEP][PASSED] - case "QA2Profile":: null

2024-07-13 23:04:55 - [TEST_STEP][PASSED] - appName = findTestData(dataFile).getValue("AppNameQA", row): null

2024-07-13 23:04:55 - [TEST_STEP][PASSED] - appID = findTestData(dataFile).getValue("AppIDQA", row): null

2024-07-13 23:04:55 - [TEST_STEP][PASSED] - break: null

2024-07-13 23:04:55 - [TEST_STEP][PASSED] - cardNameV = findTestData(dataFile).getValue("NameV", row): null

2024-07-13 23:04:55 - [TEST_STEP][PASSED] - hrefAppID = li_1 + appID + li_2: null

2024-07-13 23:04:55 - [TEST_STEP][PASSED] - hrefApp = li_1 + appID + "/": null

2024-07-13 23:04:55 - [TEST_STEP][PASSED] - println("hrefApp : " + hrefApp): null

2024-07-13 23:04:55 - [TEST_STEP][PASSED] - if (ExecuteTC.equalsIgnoreCase("Y")): null

2024-07-13 23:04:55 - [TEST_STEP][PASSED] - out.println("Begin Record Number: " + row): null

2024-07-13 23:04:55 - [TEST_STEP][PASSED] - today = new java.util.Date(): null

2024-07-13 23:04:55 - [TEST_STEP][PASSED] - println(today): null

2024-07-13 23:04:55 - [TEST_STEP][PASSED] - datText = today: null

2024-07-13 23:04:55 - [TEST_STEP][PASSED] - adminSuiteBootstrap.loginFunctionality.login_AdminSuite(): adminSuiteBootstrap.loginFunctionality.login_AdminSuite is PASSED

2024-07-13 23:04:55 - [MESSAGE][WARNING] - A browser is already opened. Closing browser and opening a new one

2024-07-13 23:04:56 - [MESSAGE][INFO] - Starting 'Chrome' driver

2024-07-13 23:04:56 - [MESSAGE][INFO] - User set preference: ['acceptInsecureCerts', 'true']

2024-07-13 23:04:56 - [MESSAGE][INFO] - Action delay is set to 0 milliseconds

2024-07-13 23:04:59 - [MESSAGE][PASSED] - Browser is opened with url: 'https://qa2.velocitypayment.com/admin/imtiaz'

2024-07-13 23:04:59 - [MESSAGE][PASSED] - Current window maximized

2024-07-13 23:04:59 - [MESSAGE][PASSED] - Object 'Object Repository/Login_Page/Login_Username_Okta' is present

2024-07-13 23:05:00 - [MESSAGE][PASSED] - Text 'iahmed' is set on object 'Object Repository/Login_Page/Login_Username_Okta'

2024-07-13 23:05:01 - [MESSAGE][PASSED] - Text 'Hello!6666666' is set on object 'Object Repository/Login_Page/Login_Password_Okta'

2024-07-13 23:05:02 - [MESSAGE][PASSED] - Object: 'Object Repository/Login_Page/Login_Submit_Okta' is clicked on

2024-07-13 23:05:02 - [MESSAGE][PASSED] - adminSuiteBootstrap.loginFunctionality.login_AdminSuite is PASSED

2024-07-13 23:05:02 - [TEST_STEP][PASSED] - click(findTestObject(path_Dashboard + appName)): Object: 'Object Repository/AdminSuiteBootstrap_Pages/Dashboard_Bootstrap/a_Access AutoNoCFtp' is clicked on

2024-07-13 23:05:10 - [MESSAGE][PASSED] - Object: 'Object Repository/AdminSuiteBootstrap_Pages/Dashboard_Bootstrap/a_Access AutoNoCFtp' is clicked on

2024-07-13 23:05:10 - [TEST_STEP][PASSED] - click(findTestObject(path_VT + "button_Debit")): Object: 'Object Repository/AdminSuiteBootstrap_Pages/VT_Bootstrap/IssueTransactions/button_Debit' is clicked on

2024-07-13 23:05:10 - [MESSAGE][PASSED] - Object: 'Object Repository/AdminSuiteBootstrap_Pages/VT_Bootstrap/IssueTransactions/button_Debit' is clicked on

2024-07-13 23:05:10 - [TEST_STEP][PASSED] - click(findTestObject(path_VT + "a_Personal")): Object: 'Object Repository/AdminSuiteBootstrap_Pages/VT_Bootstrap/IssueTransactions/a_Personal' is clicked on

2024-07-13 23:05:11 - [MESSAGE][PASSED] - Object: 'Object Repository/AdminSuiteBootstrap_Pages/VT_Bootstrap/IssueTransactions/a_Personal' is clicked on

2024-07-13 23:05:11 - [TEST_STEP][PASSED] - adminSuiteBootstrap.debitPersonalsetData.debitPersonal_DataDriven(row, dataFile): adminSuiteBootstrap.debitPersonalsetData.debitPersonal_DataDriven is PASSED

2024-07-13 23:05:13 - [MESSAGE][PASSED] - Text 'Alisha' is set on object 'Object Repository/AdminSuiteBootstrap_Pages/VT_Bootstrap/ACHPersonal/input_firstName'

2024-07-13 23:05:14 - [MESSAGE][PASSED] - Text 'Slusarski' is set on object 'Object Repository/AdminSuiteBootstrap_Pages/VT_Bootstrap/ACHPersonal/input_lastName'

2024-07-13 23:05:15 - [MESSAGE][PASSED] - Text '3273 State St' is set on object 'Object Repository/AdminSuiteBootstrap_Pages/VT_Bootstrap/ACHPersonal/input_address'

2024-07-13 23:05:15 - [MESSAGE][PASSED] - Text 'apt #4' is set on object 'Object Repository/AdminSuiteBootstrap_Pages/VT_Bootstrap/ACHPersonal/input_address2'

2024-07-13 23:05:16 - [MESSAGE][PASSED] - Text '22201' is set on object 'Object Repository/AdminSuiteBootstrap_Pages/VT_Bootstrap/ACHPersonal/input_zip'

2024-07-13 23:05:17 - [MESSAGE][PASSED] - Text 'Alishaslusarski@gmail.com' is set on object 'Object Repository/AdminSuiteBootstrap_Pages/VT_Bootstrap/ACHPersonal/input_emailAddress'

2024-07-13 23:05:18 - [MESSAGE][PASSED] - Text '' is set on object 'Object Repository/AdminSuiteBootstrap_Pages/VT_Bootstrap/ACHPersonal/input_smsNumber'

2024-07-13 23:05:19 - [MESSAGE][PASSED] - Text '45681004' is set on object 'Object Repository/AdminSuiteBootstrap_Pages/VT_Bootstrap/ACHPersonal/input_accountNumber'

2024-07-13 23:05:20 - [MESSAGE][PASSED] - Text '256072691' is set on object 'Object Repository/AdminSuiteBootstrap_Pages/VT_Bootstrap/ACHPersonal/input_routingNumber'

2024-07-13 23:05:21 - [MESSAGE][PASSED] - All options with label 'Savings' are selected in object 'Object Repository/AdminSuiteBootstrap_Pages/VT_Bootstrap/ACHPersonal/select_AccountType'  using regular expression

2024-07-13 23:05:22 - [MESSAGE][PASSED] - All options with label 'TEL - Telephone-Initiated Entry' are selected in object 'Object Repository/AdminSuiteBootstrap_Pages/VT_Bootstrap/ACHPersonal/select_STD'  using regular expression

2024-07-13 23:05:23 - [MESSAGE][PASSED] - Text '11.5' is set on object 'Object Repository/AdminSuiteBootstrap_Pages/VT_Bootstrap/ACHPersonal/input_amount'

2024-07-13 23:05:23 - [MESSAGE][PASSED] - Text 'Denmark' is set on object 'Object Repository/AdminSuiteBootstrap_Pages/VT_Bootstrap/ACHPersonal/input_userDefined1'

2024-07-13 23:05:24 - [MESSAGE][PASSED] - Text 'Australia' is set on object 'Object Repository/AdminSuiteBootstrap_Pages/VT_Bootstrap/ACHPersonal/input_userDefined2'

2024-07-13 23:05:25 - [MESSAGE][PASSED] - Text 'Austria' is set on object 'Object Repository/AdminSuiteBootstrap_Pages/VT_Bootstrap/ACHPersonal/input_userDefined3'

2024-07-13 23:05:26 - [MESSAGE][PASSED] - Text 'Sweden' is set on object 'Object Repository/AdminSuiteBootstrap_Pages/VT_Bootstrap/ACHPersonal/input_userDefined4'

2024-07-13 23:05:27 - [MESSAGE][PASSED] - All options with label 'Yellow' are selected in object 'Object Repository/AdminSuiteBootstrap_Pages/VT_Bootstrap/ACHPersonal/select_UDF5'  using regular expression

2024-07-13 23:05:28 - [MESSAGE][PASSED] - All options with label 'Orange' are selected in object 'Object Repository/AdminSuiteBootstrap_Pages/VT_Bootstrap/ACHPersonal/select_UDF6'  using regular expression

2024-07-13 23:05:28 - [MESSAGE][PASSED] - Text 'Netherlands' is set on object 'Object Repository/AdminSuiteBootstrap_Pages/VT_Bootstrap/ACHPersonal/input_userDefined7'

2024-07-13 23:05:29 - [MESSAGE][PASSED] - Text 'Norway' is set on object 'Object Repository/AdminSuiteBootstrap_Pages/VT_Bootstrap/ACHPersonal/input_userDefined8'

2024-07-13 23:05:30 - [MESSAGE][PASSED] - Text 'France' is set on object 'Object Repository/AdminSuiteBootstrap_Pages/VT_Bootstrap/ACHPersonal/input_userDefined9'

2024-07-13 23:05:30 - [MESSAGE][PASSED] - Text 'Switzerland' is set on object 'Object Repository/AdminSuiteBootstrap_Pages/VT_Bootstrap/ACHPersonal/input_userDefined10'

2024-07-13 23:05:32 - [MESSAGE][PASSED] - Object: 'Object Repository/AdminSuiteBootstrap_Pages/VT_Bootstrap/ACHPersonal/button_Submit' is clicked on

2024-07-13 23:05:32 - [MESSAGE][PASSED] - adminSuiteBootstrap.debitPersonalsetData.debitPersonal_DataDriven is PASSED

2024-07-13 23:05:32 - [TEST_STEP][PASSED] - if (verifyTextPresent("Transaction Successful", true)): null

2024-07-13 23:05:32 - [MESSAGE][PASSED] - Text 'Transaction Successful' is present on page  using regular expression

2024-07-13 23:05:32 - [TEST_STEP][PASSED] - sdf = getText(findTestObject(path_Receipt + "td_AutoNoC031622113752957Ahm")): Text of object 'Object Repository/AdminSuiteBootstrap_Pages/VT_Bootstrap/Receipt/td_AutoNoC031622113752957Ahm' is: 'AutoNoCFtp071324225803Ahm'

2024-07-13 23:05:32 - [MESSAGE][PASSED] - Text of object 'Object Repository/AdminSuiteBootstrap_Pages/VT_Bootstrap/Receipt/td_AutoNoC031622113752957Ahm' is: 'AutoNoCFtp071324225803Ahm'

2024-07-13 23:05:32 - [TEST_STEP][PASSED] - out.println("sdf: " + sdf): null

2024-07-13 23:05:32 - [TEST_STEP][PASSED] - remID = sdf: null

2024-07-13 23:05:32 - [TEST_STEP][PASSED] - out.println("remID: " + remID): null

2024-07-13 23:05:32 - [TEST_STEP][PASSED] - click(findTestObject(path_Receipt + "button_Continue")): Object: 'Object Repository/AdminSuiteBootstrap_Pages/VT_Bootstrap/Receipt/button_Continue' is clicked on

2024-07-13 23:05:33 - [MESSAGE][PASSED] - Object: 'Object Repository/AdminSuiteBootstrap_Pages/VT_Bootstrap/Receipt/button_Continue' is clicked on

2024-07-13 23:05:33 - [TEST_STEP][PASSED] - click(findTestObject(path_VT + "a_Search Transactions")): Object: 'Object Repository/AdminSuiteBootstrap_Pages/VT_Bootstrap/IssueTransactions/a_Search Transactions' is clicked on

2024-07-13 23:05:34 - [MESSAGE][PASSED] - Object: 'Object Repository/AdminSuiteBootstrap_Pages/VT_Bootstrap/IssueTransactions/a_Search Transactions' is clicked on

2024-07-13 23:05:34 - [TEST_STEP][PASSED] - setText(findTestObject(path_CCSearch + "input_Search By_searchValue"), remID): Text 'AutoNoCFtp071324225803Ahm' is set on object 'Object Repository/AdminSuiteBootstrap_Pages/VT_Bootstrap/CCCreditOrVoidSearch/input_Search By_searchValue'

2024-07-13 23:05:35 - [MESSAGE][PASSED] - Text 'AutoNoCFtp071324225803Ahm' is set on object 'Object Repository/AdminSuiteBootstrap_Pages/VT_Bootstrap/CCCreditOrVoidSearch/input_Search By_searchValue'

2024-07-13 23:05:35 - [TEST_STEP][PASSED] - click(findTestObject(path_CCSearch + "button_Submit")): Object: 'Object Repository/AdminSuiteBootstrap_Pages/VT_Bootstrap/CCCreditOrVoidSearch/button_Submit' is clicked on

2024-07-13 23:05:36 - [MESSAGE][PASSED] - Object: 'Object Repository/AdminSuiteBootstrap_Pages/VT_Bootstrap/CCCreditOrVoidSearch/button_Submit' is clicked on

2024-07-13 23:05:36 - [TEST_STEP][PASSED] - fgr = getText(findTestObject(path_SearchResults + "div_Payment ID")): Text of object 'Object Repository/AdminSuiteBootstrap_Pages/VT_Bootstrap/SearchResults/div_Payment ID' is: 'Payment ID
Payment Type
Transaction Type
Remittance ID
Name
Total Amount
End Date
Status
12155078 Online Check Debit AutoNoCFtp071324225803Ahm Alisha Slusarski $11.50 07/13/2024 Success'

2024-07-13 23:05:36 - [MESSAGE][PASSED] - Text of object 'Object Repository/AdminSuiteBootstrap_Pages/VT_Bootstrap/SearchResults/div_Payment ID' is: 'Payment ID
Payment Type
Transaction Type
Remittance ID
Name
Total Amount
End Date
Status
12155078 Online Check Debit AutoNoCFtp071324225803Ahm Alisha Slusarski $11.50 07/13/2024 Success'

2024-07-13 23:05:36 - [TEST_STEP][PASSED] - payID = substring(89, 98).trim(): null

2024-07-13 23:05:36 - [TEST_STEP][PASSED] - out.println("payID: " + payID): null

2024-07-13 23:05:36 - [TEST_STEP][PASSED] - click(findTestObject(path_SearchResults + "button_Modify Search Criteria")): Object: 'Object Repository/AdminSuiteBootstrap_Pages/VT_Bootstrap/SearchResults/button_Modify Search Criteria' is clicked on

2024-07-13 23:05:37 - [MESSAGE][PASSED] - Object: 'Object Repository/AdminSuiteBootstrap_Pages/VT_Bootstrap/SearchResults/button_Modify Search Criteria' is clicked on

2024-07-13 23:05:37 - [TEST_STEP][PASSED] - adminSuiteBootstrap.searchTransactions.searchTransactions_DataDriven(row, dataFile, remID, payID): adminSuiteBootstrap.searchTransactions.searchTransactions_DataDriven is PASSED

2024-07-13 23:05:38 - [MESSAGE][PASSED] - All options with label 'Email Address' are selected in object 'Object Repository/AdminSuiteBootstrap_Pages/VT_Bootstrap/CCCreditOrVoidSearch/select_SearchBy' 

2024-07-13 23:05:39 - [MESSAGE][PASSED] - Text 'Alishaslusarski@gmail.com' is set on object 'Object Repository/AdminSuiteBootstrap_Pages/VT_Bootstrap/CCCreditOrVoidSearch/input_Search By_searchValue'

2024-07-13 23:05:40 - [MESSAGE][PASSED] - Object: 'Object Repository/AdminSuiteBootstrap_Pages/VT_Bootstrap/CCCreditOrVoidSearch/button_Submit' is clicked on

2024-07-13 23:05:40 - [MESSAGE][PASSED] - adminSuiteBootstrap.searchTransactions.searchTransactions_DataDriven is PASSED

2024-07-13 23:05:40 - [TEST_STEP][PASSED] - if (verifyTextPresent(remID, true)): null

2024-07-13 23:05:40 - [MESSAGE][PASSED] - Text 'AutoNoCFtp071324225803Ahm' is present on page  using regular expression

2024-07-13 23:05:40 - [TEST_STEP][PASSED] - resText = "Pass": null

2024-07-13 23:05:40 - [TEST_STEP][PASSED] - pages.WriteExcel.demoKey(resText, datText, resColumn, datCloumn, fileLoc, nameSheet, row): pages.WriteExcel.demoKey is PASSED

2024-07-13 23:05:40 - [MESSAGE][PASSED] - pages.WriteExcel.demoKey is PASSED

2024-07-13 23:05:40 - [TEST_STEP][PASSED] - verifyTextPresent("Transactions Matching Search Criteria", true): Text 'Transactions Matching Search Criteria' is present on page  using regular expression

2024-07-13 23:05:41 - [MESSAGE][PASSED] - Text 'Transactions Matching Search Criteria' is present on page  using regular expression

2024-07-13 23:05:41 - [TEST_STEP][PASSED] - verifyTextPresent("Payment ID", true): Text 'Payment ID' is present on page  using regular expression

2024-07-13 23:05:41 - [MESSAGE][PASSED] - Text 'Payment ID' is present on page  using regular expression

2024-07-13 23:05:41 - [TEST_STEP][PASSED] - verifyTextPresent("Payment Type", true): Text 'Payment Type' is present on page  using regular expression

2024-07-13 23:05:41 - [MESSAGE][PASSED] - Text 'Payment Type' is present on page  using regular expression

2024-07-13 23:05:41 - [TEST_STEP][PASSED] - verifyTextPresent("Transaction Type", true): Text 'Transaction Type' is present on page  using regular expression

2024-07-13 23:05:41 - [MESSAGE][PASSED] - Text 'Transaction Type' is present on page  using regular expression

2024-07-13 23:05:41 - [TEST_STEP][PASSED] - verifyTextPresent("Remittance ID", true): Text 'Remittance ID' is present on page  using regular expression

2024-07-13 23:05:42 - [MESSAGE][PASSED] - Text 'Remittance ID' is present on page  using regular expression

2024-07-13 23:05:42 - [TEST_STEP][PASSED] - verifyTextPresent("Name", true): Text 'Name' is present on page  using regular expression

2024-07-13 23:05:42 - [MESSAGE][PASSED] - Text 'Name' is present on page  using regular expression

2024-07-13 23:05:42 - [TEST_STEP][PASSED] - verifyTextPresent("Total Amount", true): Text 'Total Amount' is present on page  using regular expression

2024-07-13 23:05:42 - [MESSAGE][PASSED] - Text 'Total Amount' is present on page  using regular expression

2024-07-13 23:05:42 - [TEST_STEP][PASSED] - verifyTextPresent("End Date", true): Text 'End Date' is present on page  using regular expression

2024-07-13 23:05:43 - [MESSAGE][PASSED] - Text 'End Date' is present on page  using regular expression

2024-07-13 23:05:43 - [TEST_STEP][PASSED] - verifyTextPresent("Status", true): Text 'Status' is present on page  using regular expression

2024-07-13 23:05:43 - [MESSAGE][PASSED] - Text 'Status' is present on page  using regular expression

2024-07-13 23:05:43 - [TEST_STEP][PASSED] - verifyTextPresent("Debit", true): Text 'Debit' is present on page  using regular expression

2024-07-13 23:05:43 - [MESSAGE][PASSED] - Text 'Debit' is present on page  using regular expression

2024-07-13 23:05:43 - [TEST_STEP][PASSED] - verifyTextPresent("Online Check", true): Text 'Online Check' is present on page  using regular expression

2024-07-13 23:05:43 - [MESSAGE][PASSED] - Text 'Online Check' is present on page  using regular expression

2024-07-13 23:05:43 - [TEST_STEP][PASSED] - verifyTextPresent(cardNameV, true): Text 'Alisha Slusarski' is present on page  using regular expression

2024-07-13 23:05:44 - [MESSAGE][PASSED] - Text 'Alisha Slusarski' is present on page  using regular expression

2024-07-13 23:05:44 - [TEST_STEP][PASSED] - verifyTextPresent("Success", true): Text 'Success' is present on page  using regular expression

2024-07-13 23:05:44 - [MESSAGE][PASSED] - Text 'Success' is present on page  using regular expression

2024-07-13 23:05:44 - [TEST_STEP][PASSED] - verifyElementPresent(findTestObject(path_SearchResults + "button_PaymentID"), 10): Object 'Object Repository/AdminSuiteBootstrap_Pages/VT_Bootstrap/SearchResults/button_PaymentID' is present

2024-07-13 23:05:44 - [MESSAGE][PASSED] - Object 'Object Repository/AdminSuiteBootstrap_Pages/VT_Bootstrap/SearchResults/button_PaymentID' is present

2024-07-13 23:05:44 - [TEST_STEP][PASSED] - click(findTestObject(path_SearchResults + "button_PaymentID")): Object: 'Object Repository/AdminSuiteBootstrap_Pages/VT_Bootstrap/SearchResults/button_PaymentID' is clicked on

2024-07-13 23:05:45 - [MESSAGE][PASSED] - Object: 'Object Repository/AdminSuiteBootstrap_Pages/VT_Bootstrap/SearchResults/button_PaymentID' is clicked on

2024-07-13 23:05:45 - [TEST_STEP][PASSED] - click(findTestObject(path_TranxDetails + "a_Void this transaction")): Object: 'Object Repository/AdminSuiteBootstrap_Pages/VT_Bootstrap/TransactionDetails/a_Void this transaction' is clicked on

2024-07-13 23:05:46 - [MESSAGE][PASSED] - Object: 'Object Repository/AdminSuiteBootstrap_Pages/VT_Bootstrap/TransactionDetails/a_Void this transaction' is clicked on

2024-07-13 23:05:46 - [TEST_STEP][PASSED] - click(findTestObject(path_TranxDetails + "button_Submit")): Object: 'Object Repository/AdminSuiteBootstrap_Pages/VT_Bootstrap/TransactionDetails/button_Submit' is clicked on

2024-07-13 23:05:47 - [MESSAGE][PASSED] - Object: 'Object Repository/AdminSuiteBootstrap_Pages/VT_Bootstrap/TransactionDetails/button_Submit' is clicked on

2024-07-13 23:05:47 - [TEST_STEP][PASSED] - verifyTextPresent("Transaction Successful", true): Text 'Transaction Successful' is present on page  using regular expression

2024-07-13 23:05:48 - [MESSAGE][PASSED] - Text 'Transaction Successful' is present on page  using regular expression

2024-07-13 23:05:48 - [TEST_STEP][PASSED] - ExecuteTC = findTestData(dataFile).getValue("Execute", row): null

2024-07-13 23:05:48 - [TEST_STEP][PASSED] - out.println("Value of Execute is : " + ExecuteTC): null

2024-07-13 23:05:48 - [TEST_STEP][PASSED] - switch (executionProfile): null

2024-07-13 23:05:48 - [TEST_STEP][PASSED] - case "QA2Profile":: null

2024-07-13 23:05:48 - [TEST_STEP][PASSED] - appName = findTestData(dataFile).getValue("AppNameQA", row): null

2024-07-13 23:05:48 - [TEST_STEP][PASSED] - appID = findTestData(dataFile).getValue("AppIDQA", row): null

2024-07-13 23:05:48 - [TEST_STEP][PASSED] - break: null

2024-07-13 23:05:48 - [TEST_STEP][PASSED] - cardNameV = findTestData(dataFile).getValue("NameV", row): null

2024-07-13 23:05:48 - [TEST_STEP][PASSED] - hrefAppID = li_1 + appID + li_2: null

2024-07-13 23:05:48 - [TEST_STEP][PASSED] - hrefApp = li_1 + appID + "/": null

2024-07-13 23:05:48 - [TEST_STEP][PASSED] - println("hrefApp : " + hrefApp): null

2024-07-13 23:05:48 - [TEST_STEP][PASSED] - if (ExecuteTC.equalsIgnoreCase("Y")): null

2024-07-13 23:05:48 - [TEST_STEP][PASSED] - out.println("Begin Record Number: " + row): null

2024-07-13 23:05:48 - [TEST_STEP][PASSED] - today = new java.util.Date(): null

2024-07-13 23:05:48 - [TEST_STEP][PASSED] - println(today): null

2024-07-13 23:05:48 - [TEST_STEP][PASSED] - datText = today: null

2024-07-13 23:05:48 - [TEST_STEP][PASSED] - adminSuiteBootstrap.loginFunctionality.login_AdminSuite(): adminSuiteBootstrap.loginFunctionality.login_AdminSuite is PASSED

2024-07-13 23:05:48 - [MESSAGE][WARNING] - A browser is already opened. Closing browser and opening a new one

2024-07-13 23:05:49 - [MESSAGE][INFO] - Starting 'Chrome' driver

2024-07-13 23:05:49 - [MESSAGE][INFO] - User set preference: ['acceptInsecureCerts', 'true']

2024-07-13 23:05:49 - [MESSAGE][INFO] - Action delay is set to 0 milliseconds

2024-07-13 23:05:52 - [MESSAGE][PASSED] - Browser is opened with url: 'https://qa2.velocitypayment.com/admin/imtiaz'

2024-07-13 23:05:52 - [MESSAGE][PASSED] - Current window maximized

2024-07-13 23:05:53 - [MESSAGE][PASSED] - Object 'Object Repository/Login_Page/Login_Username_Okta' is present

2024-07-13 23:05:54 - [MESSAGE][PASSED] - Text 'iahmed' is set on object 'Object Repository/Login_Page/Login_Username_Okta'

2024-07-13 23:05:55 - [MESSAGE][PASSED] - Text 'Hello!6666666' is set on object 'Object Repository/Login_Page/Login_Password_Okta'

2024-07-13 23:05:55 - [MESSAGE][PASSED] - Object: 'Object Repository/Login_Page/Login_Submit_Okta' is clicked on

2024-07-13 23:05:55 - [MESSAGE][PASSED] - adminSuiteBootstrap.loginFunctionality.login_AdminSuite is PASSED

2024-07-13 23:05:55 - [TEST_STEP][PASSED] - click(findTestObject(path_Dashboard + appName)): Object: 'Object Repository/AdminSuiteBootstrap_Pages/Dashboard_Bootstrap/a_Access AutoNoCFtp' is clicked on

2024-07-13 23:06:03 - [MESSAGE][PASSED] - Object: 'Object Repository/AdminSuiteBootstrap_Pages/Dashboard_Bootstrap/a_Access AutoNoCFtp' is clicked on

2024-07-13 23:06:03 - [TEST_STEP][PASSED] - click(findTestObject(path_VT + "button_Debit")): Object: 'Object Repository/AdminSuiteBootstrap_Pages/VT_Bootstrap/IssueTransactions/button_Debit' is clicked on

2024-07-13 23:06:04 - [MESSAGE][PASSED] - Object: 'Object Repository/AdminSuiteBootstrap_Pages/VT_Bootstrap/IssueTransactions/button_Debit' is clicked on

2024-07-13 23:06:04 - [TEST_STEP][PASSED] - click(findTestObject(path_VT + "a_Personal")): Object: 'Object Repository/AdminSuiteBootstrap_Pages/VT_Bootstrap/IssueTransactions/a_Personal' is clicked on

2024-07-13 23:06:04 - [MESSAGE][PASSED] - Object: 'Object Repository/AdminSuiteBootstrap_Pages/VT_Bootstrap/IssueTransactions/a_Personal' is clicked on

2024-07-13 23:06:04 - [TEST_STEP][PASSED] - adminSuiteBootstrap.debitPersonalsetData.debitPersonal_DataDriven(row, dataFile): adminSuiteBootstrap.debitPersonalsetData.debitPersonal_DataDriven is PASSED

2024-07-13 23:06:07 - [MESSAGE][PASSED] - Text 'John' is set on object 'Object Repository/AdminSuiteBootstrap_Pages/VT_Bootstrap/ACHPersonal/input_firstName'

2024-07-13 23:06:07 - [MESSAGE][PASSED] - Text 'Gordonas' is set on object 'Object Repository/AdminSuiteBootstrap_Pages/VT_Bootstrap/ACHPersonal/input_lastName'

2024-07-13 23:06:08 - [MESSAGE][PASSED] - Text '133 Meadow Ln' is set on object 'Object Repository/AdminSuiteBootstrap_Pages/VT_Bootstrap/ACHPersonal/input_address'

2024-07-13 23:06:09 - [MESSAGE][PASSED] - Text 'apt #123' is set on object 'Object Repository/AdminSuiteBootstrap_Pages/VT_Bootstrap/ACHPersonal/input_address2'

2024-07-13 23:06:09 - [MESSAGE][PASSED] - Text '22201' is set on object 'Object Repository/AdminSuiteBootstrap_Pages/VT_Bootstrap/ACHPersonal/input_zip'

2024-07-13 23:06:10 - [MESSAGE][PASSED] - Text '' is set on object 'Object Repository/AdminSuiteBootstrap_Pages/VT_Bootstrap/ACHPersonal/input_emailAddress'

2024-07-13 23:06:11 - [MESSAGE][PASSED] - Text '' is set on object 'Object Repository/AdminSuiteBootstrap_Pages/VT_Bootstrap/ACHPersonal/input_smsNumber'

2024-07-13 23:06:12 - [MESSAGE][PASSED] - Text '45681001' is set on object 'Object Repository/AdminSuiteBootstrap_Pages/VT_Bootstrap/ACHPersonal/input_accountNumber'

2024-07-13 23:06:13 - [MESSAGE][PASSED] - Text '256072691' is set on object 'Object Repository/AdminSuiteBootstrap_Pages/VT_Bootstrap/ACHPersonal/input_routingNumber'

2024-07-13 23:06:14 - [MESSAGE][PASSED] - All options with label 'Checking' are selected in object 'Object Repository/AdminSuiteBootstrap_Pages/VT_Bootstrap/ACHPersonal/select_AccountType'  using regular expression

2024-07-13 23:06:15 - [MESSAGE][PASSED] - All options with label 'PPD - Prearranged Payment and Deposit Entry' are selected in object 'Object Repository/AdminSuiteBootstrap_Pages/VT_Bootstrap/ACHPersonal/select_STD'  using regular expression

2024-07-13 23:06:15 - [MESSAGE][PASSED] - Text '18.50' is set on object 'Object Repository/AdminSuiteBootstrap_Pages/VT_Bootstrap/ACHPersonal/input_amount'

2024-07-13 23:06:16 - [MESSAGE][PASSED] - Text 'Denmark' is set on object 'Object Repository/AdminSuiteBootstrap_Pages/VT_Bootstrap/ACHPersonal/input_userDefined1'

2024-07-13 23:06:17 - [MESSAGE][PASSED] - Text 'Australia' is set on object 'Object Repository/AdminSuiteBootstrap_Pages/VT_Bootstrap/ACHPersonal/input_userDefined2'

2024-07-13 23:06:18 - [MESSAGE][PASSED] - Text 'Austria' is set on object 'Object Repository/AdminSuiteBootstrap_Pages/VT_Bootstrap/ACHPersonal/input_userDefined3'

2024-07-13 23:06:18 - [MESSAGE][PASSED] - Text 'Sweden' is set on object 'Object Repository/AdminSuiteBootstrap_Pages/VT_Bootstrap/ACHPersonal/input_userDefined4'

2024-07-13 23:06:19 - [MESSAGE][PASSED] - All options with label 'Yellow' are selected in object 'Object Repository/AdminSuiteBootstrap_Pages/VT_Bootstrap/ACHPersonal/select_UDF5'  using regular expression

2024-07-13 23:06:20 - [MESSAGE][PASSED] - All options with label 'Orange' are selected in object 'Object Repository/AdminSuiteBootstrap_Pages/VT_Bootstrap/ACHPersonal/select_UDF6'  using regular expression

2024-07-13 23:06:21 - [MESSAGE][PASSED] - Text 'Netherlands' is set on object 'Object Repository/AdminSuiteBootstrap_Pages/VT_Bootstrap/ACHPersonal/input_userDefined7'

2024-07-13 23:06:22 - [MESSAGE][PASSED] - Text 'Norway' is set on object 'Object Repository/AdminSuiteBootstrap_Pages/VT_Bootstrap/ACHPersonal/input_userDefined8'

2024-07-13 23:06:22 - [MESSAGE][PASSED] - Text 'France' is set on object 'Object Repository/AdminSuiteBootstrap_Pages/VT_Bootstrap/ACHPersonal/input_userDefined9'

2024-07-13 23:06:23 - [MESSAGE][PASSED] - Text 'Switzerland' is set on object 'Object Repository/AdminSuiteBootstrap_Pages/VT_Bootstrap/ACHPersonal/input_userDefined10'

2024-07-13 23:06:24 - [MESSAGE][PASSED] - Object: 'Object Repository/AdminSuiteBootstrap_Pages/VT_Bootstrap/ACHPersonal/button_Submit' is clicked on

2024-07-13 23:06:24 - [MESSAGE][PASSED] - adminSuiteBootstrap.debitPersonalsetData.debitPersonal_DataDriven is PASSED

2024-07-13 23:06:24 - [TEST_STEP][PASSED] - if (verifyTextPresent("Transaction Successful", true)): null

2024-07-13 23:06:25 - [MESSAGE][PASSED] - Text 'Transaction Successful' is present on page  using regular expression

2024-07-13 23:06:25 - [TEST_STEP][PASSED] - sdf = getText(findTestObject(path_Receipt + "td_AutoNoC031622113752957Ahm")): Text of object 'Object Repository/AdminSuiteBootstrap_Pages/VT_Bootstrap/Receipt/td_AutoNoC031622113752957Ahm' is: 'AutoNoCFtp071324225856Ahm'

2024-07-13 23:06:25 - [MESSAGE][PASSED] - Text of object 'Object Repository/AdminSuiteBootstrap_Pages/VT_Bootstrap/Receipt/td_AutoNoC031622113752957Ahm' is: 'AutoNoCFtp071324225856Ahm'

2024-07-13 23:06:25 - [TEST_STEP][PASSED] - out.println("sdf: " + sdf): null

2024-07-13 23:06:25 - [TEST_STEP][PASSED] - remID = sdf: null

2024-07-13 23:06:25 - [TEST_STEP][PASSED] - out.println("remID: " + remID): null

2024-07-13 23:06:25 - [TEST_STEP][PASSED] - click(findTestObject(path_Receipt + "button_Continue")): Object: 'Object Repository/AdminSuiteBootstrap_Pages/VT_Bootstrap/Receipt/button_Continue' is clicked on

2024-07-13 23:06:26 - [MESSAGE][PASSED] - Object: 'Object Repository/AdminSuiteBootstrap_Pages/VT_Bootstrap/Receipt/button_Continue' is clicked on

2024-07-13 23:06:26 - [TEST_STEP][PASSED] - click(findTestObject(path_VT + "a_Search Transactions")): Object: 'Object Repository/AdminSuiteBootstrap_Pages/VT_Bootstrap/IssueTransactions/a_Search Transactions' is clicked on

2024-07-13 23:06:27 - [MESSAGE][PASSED] - Object: 'Object Repository/AdminSuiteBootstrap_Pages/VT_Bootstrap/IssueTransactions/a_Search Transactions' is clicked on

2024-07-13 23:06:27 - [TEST_STEP][PASSED] - setText(findTestObject(path_CCSearch + "input_Search By_searchValue"), remID): Text 'AutoNoCFtp071324225856Ahm' is set on object 'Object Repository/AdminSuiteBootstrap_Pages/VT_Bootstrap/CCCreditOrVoidSearch/input_Search By_searchValue'

2024-07-13 23:06:28 - [MESSAGE][PASSED] - Text 'AutoNoCFtp071324225856Ahm' is set on object 'Object Repository/AdminSuiteBootstrap_Pages/VT_Bootstrap/CCCreditOrVoidSearch/input_Search By_searchValue'

2024-07-13 23:06:28 - [TEST_STEP][PASSED] - click(findTestObject(path_CCSearch + "button_Submit")): Object: 'Object Repository/AdminSuiteBootstrap_Pages/VT_Bootstrap/CCCreditOrVoidSearch/button_Submit' is clicked on

2024-07-13 23:06:29 - [MESSAGE][PASSED] - Object: 'Object Repository/AdminSuiteBootstrap_Pages/VT_Bootstrap/CCCreditOrVoidSearch/button_Submit' is clicked on

2024-07-13 23:06:29 - [TEST_STEP][PASSED] - fgr = getText(findTestObject(path_SearchResults + "div_Payment ID")): Text of object 'Object Repository/AdminSuiteBootstrap_Pages/VT_Bootstrap/SearchResults/div_Payment ID' is: 'Payment ID
Payment Type
Transaction Type
Remittance ID
Name
Total Amount
End Date
Status
12155080 Online Check Debit AutoNoCFtp071324225856Ahm John Gordonas $18.50 07/13/2024 Success'

2024-07-13 23:06:29 - [MESSAGE][PASSED] - Text of object 'Object Repository/AdminSuiteBootstrap_Pages/VT_Bootstrap/SearchResults/div_Payment ID' is: 'Payment ID
Payment Type
Transaction Type
Remittance ID
Name
Total Amount
End Date
Status
12155080 Online Check Debit AutoNoCFtp071324225856Ahm John Gordonas $18.50 07/13/2024 Success'

2024-07-13 23:06:29 - [TEST_STEP][PASSED] - payID = substring(89, 98).trim(): null

2024-07-13 23:06:29 - [TEST_STEP][PASSED] - out.println("payID: " + payID): null

2024-07-13 23:06:29 - [TEST_STEP][PASSED] - click(findTestObject(path_SearchResults + "button_Modify Search Criteria")): Object: 'Object Repository/AdminSuiteBootstrap_Pages/VT_Bootstrap/SearchResults/button_Modify Search Criteria' is clicked on

2024-07-13 23:06:30 - [MESSAGE][PASSED] - Object: 'Object Repository/AdminSuiteBootstrap_Pages/VT_Bootstrap/SearchResults/button_Modify Search Criteria' is clicked on

2024-07-13 23:06:30 - [TEST_STEP][PASSED] - adminSuiteBootstrap.searchTransactions.searchTransactions_DataDriven(row, dataFile, remID, payID): adminSuiteBootstrap.searchTransactions.searchTransactions_DataDriven is PASSED

2024-07-13 23:06:31 - [MESSAGE][PASSED] - All options with label 'Amount' are selected in object 'Object Repository/AdminSuiteBootstrap_Pages/VT_Bootstrap/CCCreditOrVoidSearch/select_SearchBy' 

2024-07-13 23:06:31 - [MESSAGE][PASSED] - Text '18.50' is set on object 'Object Repository/AdminSuiteBootstrap_Pages/VT_Bootstrap/CCCreditOrVoidSearch/input_Search By_searchValue'

2024-07-13 23:06:32 - [MESSAGE][PASSED] - Object: 'Object Repository/AdminSuiteBootstrap_Pages/VT_Bootstrap/CCCreditOrVoidSearch/button_Submit' is clicked on

2024-07-13 23:06:32 - [MESSAGE][PASSED] - adminSuiteBootstrap.searchTransactions.searchTransactions_DataDriven is PASSED

2024-07-13 23:06:32 - [TEST_STEP][PASSED] - if (verifyTextPresent(remID, true)): null

2024-07-13 23:06:33 - [MESSAGE][PASSED] - Text 'AutoNoCFtp071324225856Ahm' is present on page  using regular expression

2024-07-13 23:06:33 - [TEST_STEP][PASSED] - resText = "Pass": null

2024-07-13 23:06:33 - [TEST_STEP][PASSED] - pages.WriteExcel.demoKey(resText, datText, resColumn, datCloumn, fileLoc, nameSheet, row): pages.WriteExcel.demoKey is PASSED

2024-07-13 23:06:33 - [MESSAGE][PASSED] - pages.WriteExcel.demoKey is PASSED

2024-07-13 23:06:33 - [TEST_STEP][PASSED] - verifyTextPresent("Transactions Matching Search Criteria", true): Text 'Transactions Matching Search Criteria' is present on page  using regular expression

2024-07-13 23:06:33 - [MESSAGE][PASSED] - Text 'Transactions Matching Search Criteria' is present on page  using regular expression

2024-07-13 23:06:33 - [TEST_STEP][PASSED] - verifyTextPresent("Payment ID", true): Text 'Payment ID' is present on page  using regular expression

2024-07-13 23:06:33 - [MESSAGE][PASSED] - Text 'Payment ID' is present on page  using regular expression

2024-07-13 23:06:33 - [TEST_STEP][PASSED] - verifyTextPresent("Payment Type", true): Text 'Payment Type' is present on page  using regular expression

2024-07-13 23:06:34 - [MESSAGE][PASSED] - Text 'Payment Type' is present on page  using regular expression

2024-07-13 23:06:34 - [TEST_STEP][PASSED] - verifyTextPresent("Transaction Type", true): Text 'Transaction Type' is present on page  using regular expression

2024-07-13 23:06:34 - [MESSAGE][PASSED] - Text 'Transaction Type' is present on page  using regular expression

2024-07-13 23:06:34 - [TEST_STEP][PASSED] - verifyTextPresent("Remittance ID", true): Text 'Remittance ID' is present on page  using regular expression

2024-07-13 23:06:34 - [MESSAGE][PASSED] - Text 'Remittance ID' is present on page  using regular expression

2024-07-13 23:06:34 - [TEST_STEP][PASSED] - verifyTextPresent("Name", true): Text 'Name' is present on page  using regular expression

2024-07-13 23:06:35 - [MESSAGE][PASSED] - Text 'Name' is present on page  using regular expression

2024-07-13 23:06:35 - [TEST_STEP][PASSED] - verifyTextPresent("Total Amount", true): Text 'Total Amount' is present on page  using regular expression

2024-07-13 23:06:35 - [MESSAGE][PASSED] - Text 'Total Amount' is present on page  using regular expression

2024-07-13 23:06:35 - [TEST_STEP][PASSED] - verifyTextPresent("End Date", true): Text 'End Date' is present on page  using regular expression

2024-07-13 23:06:35 - [MESSAGE][PASSED] - Text 'End Date' is present on page  using regular expression

2024-07-13 23:06:35 - [TEST_STEP][PASSED] - verifyTextPresent("Status", true): Text 'Status' is present on page  using regular expression

2024-07-13 23:06:35 - [MESSAGE][PASSED] - Text 'Status' is present on page  using regular expression

2024-07-13 23:06:35 - [TEST_STEP][PASSED] - verifyTextPresent("Debit", true): Text 'Debit' is present on page  using regular expression

2024-07-13 23:06:36 - [MESSAGE][PASSED] - Text 'Debit' is present on page  using regular expression

2024-07-13 23:06:36 - [TEST_STEP][PASSED] - verifyTextPresent("Online Check", true): Text 'Online Check' is present on page  using regular expression

2024-07-13 23:06:36 - [MESSAGE][PASSED] - Text 'Online Check' is present on page  using regular expression

2024-07-13 23:06:36 - [TEST_STEP][PASSED] - verifyTextPresent(cardNameV, true): Text 'John Gordonas' is present on page  using regular expression

2024-07-13 23:06:36 - [MESSAGE][PASSED] - Text 'John Gordonas' is present on page  using regular expression

2024-07-13 23:06:36 - [TEST_STEP][PASSED] - verifyTextPresent("Success", true): Text 'Success' is present on page  using regular expression

2024-07-13 23:06:37 - [MESSAGE][PASSED] - Text 'Success' is present on page  using regular expression

2024-07-13 23:06:37 - [TEST_STEP][PASSED] - verifyElementPresent(findTestObject(path_SearchResults + "button_PaymentID"), 10): Object 'Object Repository/AdminSuiteBootstrap_Pages/VT_Bootstrap/SearchResults/button_PaymentID' is present

2024-07-13 23:06:37 - [MESSAGE][PASSED] - Object 'Object Repository/AdminSuiteBootstrap_Pages/VT_Bootstrap/SearchResults/button_PaymentID' is present

2024-07-13 23:06:37 - [TEST_STEP][PASSED] - click(findTestObject(path_SearchResults + "button_PaymentID")): Object: 'Object Repository/AdminSuiteBootstrap_Pages/VT_Bootstrap/SearchResults/button_PaymentID' is clicked on

2024-07-13 23:06:38 - [MESSAGE][PASSED] - Object: 'Object Repository/AdminSuiteBootstrap_Pages/VT_Bootstrap/SearchResults/button_PaymentID' is clicked on

2024-07-13 23:06:38 - [TEST_STEP][PASSED] - click(findTestObject(path_TranxDetails + "a_Void this transaction")): Object: 'Object Repository/AdminSuiteBootstrap_Pages/VT_Bootstrap/TransactionDetails/a_Void this transaction' is clicked on

2024-07-13 23:06:38 - [MESSAGE][PASSED] - Object: 'Object Repository/AdminSuiteBootstrap_Pages/VT_Bootstrap/TransactionDetails/a_Void this transaction' is clicked on

2024-07-13 23:06:38 - [TEST_STEP][PASSED] - click(findTestObject(path_TranxDetails + "button_Submit")): Object: 'Object Repository/AdminSuiteBootstrap_Pages/VT_Bootstrap/TransactionDetails/button_Submit' is clicked on

2024-07-13 23:06:40 - [MESSAGE][PASSED] - Object: 'Object Repository/AdminSuiteBootstrap_Pages/VT_Bootstrap/TransactionDetails/button_Submit' is clicked on

2024-07-13 23:06:40 - [TEST_STEP][PASSED] - verifyTextPresent("Transaction Successful", true): Text 'Transaction Successful' is present on page  using regular expression

2024-07-13 23:06:40 - [MESSAGE][PASSED] - Text 'Transaction Successful' is present on page  using regular expression

2024-07-13 23:06:40 - [TEST_STEP][PASSED] - ExecuteTC = findTestData(dataFile).getValue("Execute", row): null

2024-07-13 23:06:40 - [TEST_STEP][PASSED] - out.println("Value of Execute is : " + ExecuteTC): null

2024-07-13 23:06:40 - [TEST_STEP][PASSED] - switch (executionProfile): null

2024-07-13 23:06:40 - [TEST_STEP][PASSED] - case "QA2Profile":: null

2024-07-13 23:06:40 - [TEST_STEP][PASSED] - appName = findTestData(dataFile).getValue("AppNameQA", row): null

2024-07-13 23:06:40 - [TEST_STEP][PASSED] - appID = findTestData(dataFile).getValue("AppIDQA", row): null

2024-07-13 23:06:40 - [TEST_STEP][PASSED] - break: null

2024-07-13 23:06:40 - [TEST_STEP][PASSED] - cardNameV = findTestData(dataFile).getValue("NameV", row): null

2024-07-13 23:06:40 - [TEST_STEP][PASSED] - hrefAppID = li_1 + appID + li_2: null

2024-07-13 23:06:40 - [TEST_STEP][PASSED] - hrefApp = li_1 + appID + "/": null

2024-07-13 23:06:40 - [TEST_STEP][PASSED] - println("hrefApp : " + hrefApp): null

2024-07-13 23:06:40 - [TEST_STEP][PASSED] - if (ExecuteTC.equalsIgnoreCase("Y")): null

2024-07-13 23:06:40 - [TEST_STEP][PASSED] - out.println("Begin Record Number: " + row): null

2024-07-13 23:06:40 - [TEST_STEP][PASSED] - today = new java.util.Date(): null

2024-07-13 23:06:40 - [TEST_STEP][PASSED] - println(today): null

2024-07-13 23:06:40 - [TEST_STEP][PASSED] - datText = today: null

2024-07-13 23:06:40 - [TEST_STEP][PASSED] - adminSuiteBootstrap.loginFunctionality.login_AdminSuite(): adminSuiteBootstrap.loginFunctionality.login_AdminSuite is PASSED

2024-07-13 23:06:40 - [MESSAGE][WARNING] - A browser is already opened. Closing browser and opening a new one

2024-07-13 23:06:42 - [MESSAGE][INFO] - Starting 'Chrome' driver

2024-07-13 23:06:42 - [MESSAGE][INFO] - User set preference: ['acceptInsecureCerts', 'true']

2024-07-13 23:06:42 - [MESSAGE][INFO] - Action delay is set to 0 milliseconds

2024-07-13 23:06:45 - [MESSAGE][PASSED] - Browser is opened with url: 'https://qa2.velocitypayment.com/admin/imtiaz'

2024-07-13 23:06:45 - [MESSAGE][PASSED] - Current window maximized

2024-07-13 23:06:46 - [MESSAGE][PASSED] - Object 'Object Repository/Login_Page/Login_Username_Okta' is present

2024-07-13 23:06:46 - [MESSAGE][PASSED] - Text 'iahmed' is set on object 'Object Repository/Login_Page/Login_Username_Okta'

2024-07-13 23:06:47 - [MESSAGE][PASSED] - Text 'Hello!6666666' is set on object 'Object Repository/Login_Page/Login_Password_Okta'

2024-07-13 23:06:48 - [MESSAGE][PASSED] - Object: 'Object Repository/Login_Page/Login_Submit_Okta' is clicked on

2024-07-13 23:06:48 - [MESSAGE][PASSED] - adminSuiteBootstrap.loginFunctionality.login_AdminSuite is PASSED

2024-07-13 23:06:48 - [TEST_STEP][PASSED] - click(findTestObject(path_Dashboard + appName)): Object: 'Object Repository/AdminSuiteBootstrap_Pages/Dashboard_Bootstrap/a_Access AutoNoCFtp' is clicked on

2024-07-13 23:06:55 - [MESSAGE][PASSED] - Object: 'Object Repository/AdminSuiteBootstrap_Pages/Dashboard_Bootstrap/a_Access AutoNoCFtp' is clicked on

2024-07-13 23:06:55 - [TEST_STEP][PASSED] - click(findTestObject(path_VT + "button_Debit")): Object: 'Object Repository/AdminSuiteBootstrap_Pages/VT_Bootstrap/IssueTransactions/button_Debit' is clicked on

2024-07-13 23:06:56 - [MESSAGE][PASSED] - Object: 'Object Repository/AdminSuiteBootstrap_Pages/VT_Bootstrap/IssueTransactions/button_Debit' is clicked on

2024-07-13 23:06:56 - [TEST_STEP][PASSED] - click(findTestObject(path_VT + "a_Personal")): Object: 'Object Repository/AdminSuiteBootstrap_Pages/VT_Bootstrap/IssueTransactions/a_Personal' is clicked on

2024-07-13 23:06:57 - [MESSAGE][PASSED] - Object: 'Object Repository/AdminSuiteBootstrap_Pages/VT_Bootstrap/IssueTransactions/a_Personal' is clicked on

2024-07-13 23:06:57 - [TEST_STEP][PASSED] - adminSuiteBootstrap.debitPersonalsetData.debitPersonal_DataDriven(row, dataFile): adminSuiteBootstrap.debitPersonalsetData.debitPersonal_DataDriven is PASSED

2024-07-13 23:06:59 - [MESSAGE][PASSED] - Text 'Veronika' is set on object 'Object Repository/AdminSuiteBootstrap_Pages/VT_Bootstrap/ACHPersonal/input_firstName'

2024-07-13 23:07:00 - [MESSAGE][PASSED] - Text 'Inouye' is set on object 'Object Repository/AdminSuiteBootstrap_Pages/VT_Bootstrap/ACHPersonal/input_lastName'

2024-07-13 23:07:01 - [MESSAGE][PASSED] - Text '6 Greenleaf Ave' is set on object 'Object Repository/AdminSuiteBootstrap_Pages/VT_Bootstrap/ACHPersonal/input_address'

2024-07-13 23:07:01 - [MESSAGE][PASSED] - Text 'apt #3' is set on object 'Object Repository/AdminSuiteBootstrap_Pages/VT_Bootstrap/ACHPersonal/input_address2'

2024-07-13 23:07:02 - [MESSAGE][PASSED] - Text '22201' is set on object 'Object Repository/AdminSuiteBootstrap_Pages/VT_Bootstrap/ACHPersonal/input_zip'

2024-07-13 23:07:03 - [MESSAGE][PASSED] - Text '' is set on object 'Object Repository/AdminSuiteBootstrap_Pages/VT_Bootstrap/ACHPersonal/input_emailAddress'

2024-07-13 23:07:04 - [MESSAGE][PASSED] - Text '' is set on object 'Object Repository/AdminSuiteBootstrap_Pages/VT_Bootstrap/ACHPersonal/input_smsNumber'

2024-07-13 23:07:05 - [MESSAGE][PASSED] - Text '45681002' is set on object 'Object Repository/AdminSuiteBootstrap_Pages/VT_Bootstrap/ACHPersonal/input_accountNumber'

2024-07-13 23:07:05 - [MESSAGE][PASSED] - Text '256072691' is set on object 'Object Repository/AdminSuiteBootstrap_Pages/VT_Bootstrap/ACHPersonal/input_routingNumber'

2024-07-13 23:07:06 - [MESSAGE][PASSED] - All options with label 'Checking' are selected in object 'Object Repository/AdminSuiteBootstrap_Pages/VT_Bootstrap/ACHPersonal/select_AccountType'  using regular expression

2024-07-13 23:07:07 - [MESSAGE][PASSED] - All options with label 'TEL - Telephone-Initiated Entry' are selected in object 'Object Repository/AdminSuiteBootstrap_Pages/VT_Bootstrap/ACHPersonal/select_STD'  using regular expression

2024-07-13 23:07:08 - [MESSAGE][PASSED] - Text '11.5' is set on object 'Object Repository/AdminSuiteBootstrap_Pages/VT_Bootstrap/ACHPersonal/input_amount'

2024-07-13 23:07:09 - [MESSAGE][PASSED] - Text 'Denmark' is set on object 'Object Repository/AdminSuiteBootstrap_Pages/VT_Bootstrap/ACHPersonal/input_userDefined1'

2024-07-13 23:07:10 - [MESSAGE][PASSED] - Text 'Australia' is set on object 'Object Repository/AdminSuiteBootstrap_Pages/VT_Bootstrap/ACHPersonal/input_userDefined2'

2024-07-13 23:07:11 - [MESSAGE][PASSED] - Text 'Austria' is set on object 'Object Repository/AdminSuiteBootstrap_Pages/VT_Bootstrap/ACHPersonal/input_userDefined3'

2024-07-13 23:07:11 - [MESSAGE][PASSED] - Text 'Sweden' is set on object 'Object Repository/AdminSuiteBootstrap_Pages/VT_Bootstrap/ACHPersonal/input_userDefined4'

2024-07-13 23:07:12 - [MESSAGE][PASSED] - All options with label 'Yellow' are selected in object 'Object Repository/AdminSuiteBootstrap_Pages/VT_Bootstrap/ACHPersonal/select_UDF5'  using regular expression

2024-07-13 23:07:13 - [MESSAGE][PASSED] - All options with label 'Orange' are selected in object 'Object Repository/AdminSuiteBootstrap_Pages/VT_Bootstrap/ACHPersonal/select_UDF6'  using regular expression

2024-07-13 23:07:14 - [MESSAGE][PASSED] - Text 'Netherlands' is set on object 'Object Repository/AdminSuiteBootstrap_Pages/VT_Bootstrap/ACHPersonal/input_userDefined7'

2024-07-13 23:07:15 - [MESSAGE][PASSED] - Text 'Norway' is set on object 'Object Repository/AdminSuiteBootstrap_Pages/VT_Bootstrap/ACHPersonal/input_userDefined8'

2024-07-13 23:07:15 - [MESSAGE][PASSED] - Text 'France' is set on object 'Object Repository/AdminSuiteBootstrap_Pages/VT_Bootstrap/ACHPersonal/input_userDefined9'

2024-07-13 23:07:16 - [MESSAGE][PASSED] - Text 'Switzerland' is set on object 'Object Repository/AdminSuiteBootstrap_Pages/VT_Bootstrap/ACHPersonal/input_userDefined10'

2024-07-13 23:07:17 - [MESSAGE][PASSED] - Object: 'Object Repository/AdminSuiteBootstrap_Pages/VT_Bootstrap/ACHPersonal/button_Submit' is clicked on

2024-07-13 23:07:17 - [MESSAGE][PASSED] - adminSuiteBootstrap.debitPersonalsetData.debitPersonal_DataDriven is PASSED

2024-07-13 23:07:17 - [TEST_STEP][PASSED] - if (verifyTextPresent("Transaction Successful", true)): null

2024-07-13 23:07:18 - [MESSAGE][PASSED] - Text 'Transaction Successful' is present on page  using regular expression

2024-07-13 23:07:18 - [TEST_STEP][PASSED] - sdf = getText(findTestObject(path_Receipt + "td_AutoNoC031622113752957Ahm")): Text of object 'Object Repository/AdminSuiteBootstrap_Pages/VT_Bootstrap/Receipt/td_AutoNoC031622113752957Ahm' is: 'AutoNoCFtp071324225949Ahm'

2024-07-13 23:07:18 - [MESSAGE][PASSED] - Text of object 'Object Repository/AdminSuiteBootstrap_Pages/VT_Bootstrap/Receipt/td_AutoNoC031622113752957Ahm' is: 'AutoNoCFtp071324225949Ahm'

2024-07-13 23:07:18 - [TEST_STEP][PASSED] - out.println("sdf: " + sdf): null

2024-07-13 23:07:18 - [TEST_STEP][PASSED] - remID = sdf: null

2024-07-13 23:07:18 - [TEST_STEP][PASSED] - out.println("remID: " + remID): null

2024-07-13 23:07:18 - [TEST_STEP][PASSED] - click(findTestObject(path_Receipt + "button_Continue")): Object: 'Object Repository/AdminSuiteBootstrap_Pages/VT_Bootstrap/Receipt/button_Continue' is clicked on

2024-07-13 23:07:19 - [MESSAGE][PASSED] - Object: 'Object Repository/AdminSuiteBootstrap_Pages/VT_Bootstrap/Receipt/button_Continue' is clicked on

2024-07-13 23:07:19 - [TEST_STEP][PASSED] - click(findTestObject(path_VT + "a_Search Transactions")): Object: 'Object Repository/AdminSuiteBootstrap_Pages/VT_Bootstrap/IssueTransactions/a_Search Transactions' is clicked on

2024-07-13 23:07:20 - [MESSAGE][PASSED] - Object: 'Object Repository/AdminSuiteBootstrap_Pages/VT_Bootstrap/IssueTransactions/a_Search Transactions' is clicked on

2024-07-13 23:07:20 - [TEST_STEP][PASSED] - setText(findTestObject(path_CCSearch + "input_Search By_searchValue"), remID): Text 'AutoNoCFtp071324225949Ahm' is set on object 'Object Repository/AdminSuiteBootstrap_Pages/VT_Bootstrap/CCCreditOrVoidSearch/input_Search By_searchValue'

2024-07-13 23:07:21 - [MESSAGE][PASSED] - Text 'AutoNoCFtp071324225949Ahm' is set on object 'Object Repository/AdminSuiteBootstrap_Pages/VT_Bootstrap/CCCreditOrVoidSearch/input_Search By_searchValue'

2024-07-13 23:07:21 - [TEST_STEP][PASSED] - click(findTestObject(path_CCSearch + "button_Submit")): Object: 'Object Repository/AdminSuiteBootstrap_Pages/VT_Bootstrap/CCCreditOrVoidSearch/button_Submit' is clicked on

2024-07-13 23:07:22 - [MESSAGE][PASSED] - Object: 'Object Repository/AdminSuiteBootstrap_Pages/VT_Bootstrap/CCCreditOrVoidSearch/button_Submit' is clicked on

2024-07-13 23:07:22 - [TEST_STEP][PASSED] - fgr = getText(findTestObject(path_SearchResults + "div_Payment ID")): Text of object 'Object Repository/AdminSuiteBootstrap_Pages/VT_Bootstrap/SearchResults/div_Payment ID' is: 'Payment ID
Payment Type
Transaction Type
Remittance ID
Name
Total Amount
End Date
Status
12155082 Online Check Debit AutoNoCFtp071324225949Ahm Veronika Inouye $11.50 07/13/2024 Success'

2024-07-13 23:07:22 - [MESSAGE][PASSED] - Text of object 'Object Repository/AdminSuiteBootstrap_Pages/VT_Bootstrap/SearchResults/div_Payment ID' is: 'Payment ID
Payment Type
Transaction Type
Remittance ID
Name
Total Amount
End Date
Status
12155082 Online Check Debit AutoNoCFtp071324225949Ahm Veronika Inouye $11.50 07/13/2024 Success'

2024-07-13 23:07:22 - [TEST_STEP][PASSED] - payID = substring(89, 98).trim(): null

2024-07-13 23:07:22 - [TEST_STEP][PASSED] - out.println("payID: " + payID): null

2024-07-13 23:07:22 - [TEST_STEP][PASSED] - click(findTestObject(path_SearchResults + "button_Modify Search Criteria")): Object: 'Object Repository/AdminSuiteBootstrap_Pages/VT_Bootstrap/SearchResults/button_Modify Search Criteria' is clicked on

2024-07-13 23:07:23 - [MESSAGE][PASSED] - Object: 'Object Repository/AdminSuiteBootstrap_Pages/VT_Bootstrap/SearchResults/button_Modify Search Criteria' is clicked on

2024-07-13 23:07:23 - [TEST_STEP][PASSED] - adminSuiteBootstrap.searchTransactions.searchTransactions_DataDriven(row, dataFile, remID, payID): adminSuiteBootstrap.searchTransactions.searchTransactions_DataDriven is PASSED

2024-07-13 23:07:24 - [MESSAGE][PASSED] - All options with label 'Payer Name' are selected in object 'Object Repository/AdminSuiteBootstrap_Pages/VT_Bootstrap/CCCreditOrVoidSearch/select_SearchBy' 

2024-07-13 23:07:24 - [MESSAGE][PASSED] - Text 'Veronika Inouye' is set on object 'Object Repository/AdminSuiteBootstrap_Pages/VT_Bootstrap/CCCreditOrVoidSearch/input_Search By_searchValue'

2024-07-13 23:07:25 - [MESSAGE][PASSED] - Object: 'Object Repository/AdminSuiteBootstrap_Pages/VT_Bootstrap/CCCreditOrVoidSearch/button_Submit' is clicked on

2024-07-13 23:07:25 - [MESSAGE][PASSED] - adminSuiteBootstrap.searchTransactions.searchTransactions_DataDriven is PASSED

2024-07-13 23:07:25 - [TEST_STEP][PASSED] - if (verifyTextPresent(remID, true)): null

2024-07-13 23:07:26 - [MESSAGE][PASSED] - Text 'AutoNoCFtp071324225949Ahm' is present on page  using regular expression

2024-07-13 23:07:26 - [TEST_STEP][PASSED] - resText = "Pass": null

2024-07-13 23:07:26 - [TEST_STEP][PASSED] - pages.WriteExcel.demoKey(resText, datText, resColumn, datCloumn, fileLoc, nameSheet, row): pages.WriteExcel.demoKey is PASSED

2024-07-13 23:07:26 - [MESSAGE][PASSED] - pages.WriteExcel.demoKey is PASSED

2024-07-13 23:07:26 - [TEST_STEP][PASSED] - verifyTextPresent("Transactions Matching Search Criteria", true): Text 'Transactions Matching Search Criteria' is present on page  using regular expression

2024-07-13 23:07:26 - [MESSAGE][PASSED] - Text 'Transactions Matching Search Criteria' is present on page  using regular expression

2024-07-13 23:07:26 - [TEST_STEP][PASSED] - verifyTextPresent("Payment ID", true): Text 'Payment ID' is present on page  using regular expression

2024-07-13 23:07:26 - [MESSAGE][PASSED] - Text 'Payment ID' is present on page  using regular expression

2024-07-13 23:07:26 - [TEST_STEP][PASSED] - verifyTextPresent("Payment Type", true): Text 'Payment Type' is present on page  using regular expression

2024-07-13 23:07:27 - [MESSAGE][PASSED] - Text 'Payment Type' is present on page  using regular expression

2024-07-13 23:07:27 - [TEST_STEP][PASSED] - verifyTextPresent("Transaction Type", true): Text 'Transaction Type' is present on page  using regular expression

2024-07-13 23:07:27 - [MESSAGE][PASSED] - Text 'Transaction Type' is present on page  using regular expression

2024-07-13 23:07:27 - [TEST_STEP][PASSED] - verifyTextPresent("Remittance ID", true): Text 'Remittance ID' is present on page  using regular expression

2024-07-13 23:07:27 - [MESSAGE][PASSED] - Text 'Remittance ID' is present on page  using regular expression

2024-07-13 23:07:27 - [TEST_STEP][PASSED] - verifyTextPresent("Name", true): Text 'Name' is present on page  using regular expression

2024-07-13 23:07:28 - [MESSAGE][PASSED] - Text 'Name' is present on page  using regular expression

2024-07-13 23:07:28 - [TEST_STEP][PASSED] - verifyTextPresent("Total Amount", true): Text 'Total Amount' is present on page  using regular expression

2024-07-13 23:07:28 - [MESSAGE][PASSED] - Text 'Total Amount' is present on page  using regular expression

2024-07-13 23:07:28 - [TEST_STEP][PASSED] - verifyTextPresent("End Date", true): Text 'End Date' is present on page  using regular expression

2024-07-13 23:07:28 - [MESSAGE][PASSED] - Text 'End Date' is present on page  using regular expression

2024-07-13 23:07:28 - [TEST_STEP][PASSED] - verifyTextPresent("Status", true): Text 'Status' is present on page  using regular expression

2024-07-13 23:07:28 - [MESSAGE][PASSED] - Text 'Status' is present on page  using regular expression

2024-07-13 23:07:28 - [TEST_STEP][PASSED] - verifyTextPresent("Debit", true): Text 'Debit' is present on page  using regular expression

2024-07-13 23:07:29 - [MESSAGE][PASSED] - Text 'Debit' is present on page  using regular expression

2024-07-13 23:07:29 - [TEST_STEP][PASSED] - verifyTextPresent("Online Check", true): Text 'Online Check' is present on page  using regular expression

2024-07-13 23:07:29 - [MESSAGE][PASSED] - Text 'Online Check' is present on page  using regular expression

2024-07-13 23:07:29 - [TEST_STEP][PASSED] - verifyTextPresent(cardNameV, true): Text 'Veronika Inouye' is present on page  using regular expression

2024-07-13 23:07:29 - [MESSAGE][PASSED] - Text 'Veronika Inouye' is present on page  using regular expression

2024-07-13 23:07:29 - [TEST_STEP][PASSED] - verifyTextPresent("Success", true): Text 'Success' is present on page  using regular expression

2024-07-13 23:07:30 - [MESSAGE][PASSED] - Text 'Success' is present on page  using regular expression

2024-07-13 23:07:30 - [TEST_STEP][PASSED] - verifyElementPresent(findTestObject(path_SearchResults + "button_PaymentID"), 10): Object 'Object Repository/AdminSuiteBootstrap_Pages/VT_Bootstrap/SearchResults/button_PaymentID' is present

2024-07-13 23:07:30 - [MESSAGE][PASSED] - Object 'Object Repository/AdminSuiteBootstrap_Pages/VT_Bootstrap/SearchResults/button_PaymentID' is present

2024-07-13 23:07:30 - [TEST_STEP][PASSED] - click(findTestObject(path_SearchResults + "button_PaymentID")): Object: 'Object Repository/AdminSuiteBootstrap_Pages/VT_Bootstrap/SearchResults/button_PaymentID' is clicked on

2024-07-13 23:07:31 - [MESSAGE][PASSED] - Object: 'Object Repository/AdminSuiteBootstrap_Pages/VT_Bootstrap/SearchResults/button_PaymentID' is clicked on

2024-07-13 23:07:31 - [TEST_STEP][PASSED] - click(findTestObject(path_TranxDetails + "a_Void this transaction")): Object: 'Object Repository/AdminSuiteBootstrap_Pages/VT_Bootstrap/TransactionDetails/a_Void this transaction' is clicked on

2024-07-13 23:07:31 - [MESSAGE][PASSED] - Object: 'Object Repository/AdminSuiteBootstrap_Pages/VT_Bootstrap/TransactionDetails/a_Void this transaction' is clicked on

2024-07-13 23:07:31 - [TEST_STEP][PASSED] - click(findTestObject(path_TranxDetails + "button_Submit")): Object: 'Object Repository/AdminSuiteBootstrap_Pages/VT_Bootstrap/TransactionDetails/button_Submit' is clicked on

2024-07-13 23:07:33 - [MESSAGE][PASSED] - Object: 'Object Repository/AdminSuiteBootstrap_Pages/VT_Bootstrap/TransactionDetails/button_Submit' is clicked on

2024-07-13 23:07:33 - [TEST_STEP][PASSED] - verifyTextPresent("Transaction Successful", true): Text 'Transaction Successful' is present on page  using regular expression

2024-07-13 23:07:33 - [MESSAGE][PASSED] - Text 'Transaction Successful' is present on page  using regular expression

2024-07-13 23:07:33 - [TEST_STEP][PASSED] - ExecuteTC = findTestData(dataFile).getValue("Execute", row): null

2024-07-13 23:07:33 - [TEST_STEP][PASSED] - out.println("Value of Execute is : " + ExecuteTC): null

2024-07-13 23:07:33 - [TEST_STEP][PASSED] - switch (executionProfile): null

2024-07-13 23:07:33 - [TEST_STEP][PASSED] - case "QA2Profile":: null

2024-07-13 23:07:33 - [TEST_STEP][PASSED] - appName = findTestData(dataFile).getValue("AppNameQA", row): null

2024-07-13 23:07:33 - [TEST_STEP][PASSED] - appID = findTestData(dataFile).getValue("AppIDQA", row): null

2024-07-13 23:07:33 - [TEST_STEP][PASSED] - break: null

2024-07-13 23:07:33 - [TEST_STEP][PASSED] - cardNameV = findTestData(dataFile).getValue("NameV", row): null

2024-07-13 23:07:33 - [TEST_STEP][PASSED] - hrefAppID = li_1 + appID + li_2: null

2024-07-13 23:07:33 - [TEST_STEP][PASSED] - hrefApp = li_1 + appID + "/": null

2024-07-13 23:07:33 - [TEST_STEP][PASSED] - println("hrefApp : " + hrefApp): null

2024-07-13 23:07:33 - [TEST_STEP][PASSED] - if (ExecuteTC.equalsIgnoreCase("Y")): null

2024-07-13 23:07:33 - [TEST_STEP][PASSED] - out.println("Begin Record Number: " + row): null

2024-07-13 23:07:33 - [TEST_STEP][PASSED] - today = new java.util.Date(): null

2024-07-13 23:07:33 - [TEST_STEP][PASSED] - println(today): null

2024-07-13 23:07:33 - [TEST_STEP][PASSED] - datText = today: null

2024-07-13 23:07:33 - [TEST_STEP][PASSED] - adminSuiteBootstrap.loginFunctionality.login_AdminSuite(): adminSuiteBootstrap.loginFunctionality.login_AdminSuite is PASSED

2024-07-13 23:07:33 - [MESSAGE][WARNING] - A browser is already opened. Closing browser and opening a new one

2024-07-13 23:07:35 - [MESSAGE][INFO] - Starting 'Chrome' driver

2024-07-13 23:07:35 - [MESSAGE][INFO] - User set preference: ['acceptInsecureCerts', 'true']

2024-07-13 23:07:35 - [MESSAGE][INFO] - Action delay is set to 0 milliseconds

2024-07-13 23:07:37 - [MESSAGE][PASSED] - Browser is opened with url: 'https://qa2.velocitypayment.com/admin/imtiaz'

2024-07-13 23:07:37 - [MESSAGE][PASSED] - Current window maximized

2024-07-13 23:07:38 - [MESSAGE][PASSED] - Object 'Object Repository/Login_Page/Login_Username_Okta' is present

2024-07-13 23:07:39 - [MESSAGE][PASSED] - Text 'iahmed' is set on object 'Object Repository/Login_Page/Login_Username_Okta'

2024-07-13 23:07:40 - [MESSAGE][PASSED] - Text 'Hello!6666666' is set on object 'Object Repository/Login_Page/Login_Password_Okta'

2024-07-13 23:07:40 - [MESSAGE][PASSED] - Object: 'Object Repository/Login_Page/Login_Submit_Okta' is clicked on

2024-07-13 23:07:40 - [MESSAGE][PASSED] - adminSuiteBootstrap.loginFunctionality.login_AdminSuite is PASSED

2024-07-13 23:07:40 - [TEST_STEP][PASSED] - click(findTestObject(path_Dashboard + appName)): Object: 'Object Repository/AdminSuiteBootstrap_Pages/Dashboard_Bootstrap/a_Access AutoNoCFtp' is clicked on

2024-07-13 23:07:48 - [MESSAGE][PASSED] - Object: 'Object Repository/AdminSuiteBootstrap_Pages/Dashboard_Bootstrap/a_Access AutoNoCFtp' is clicked on

2024-07-13 23:07:48 - [TEST_STEP][PASSED] - click(findTestObject(path_VT + "button_Debit")): Object: 'Object Repository/AdminSuiteBootstrap_Pages/VT_Bootstrap/IssueTransactions/button_Debit' is clicked on

2024-07-13 23:07:49 - [MESSAGE][PASSED] - Object: 'Object Repository/AdminSuiteBootstrap_Pages/VT_Bootstrap/IssueTransactions/button_Debit' is clicked on

2024-07-13 23:07:49 - [TEST_STEP][PASSED] - click(findTestObject(path_VT + "a_Personal")): Object: 'Object Repository/AdminSuiteBootstrap_Pages/VT_Bootstrap/IssueTransactions/a_Personal' is clicked on

2024-07-13 23:07:50 - [MESSAGE][PASSED] - Object: 'Object Repository/AdminSuiteBootstrap_Pages/VT_Bootstrap/IssueTransactions/a_Personal' is clicked on

2024-07-13 23:07:50 - [TEST_STEP][PASSED] - adminSuiteBootstrap.debitPersonalsetData.debitPersonal_DataDriven(row, dataFile): adminSuiteBootstrap.debitPersonalsetData.debitPersonal_DataDriven is PASSED

2024-07-13 23:07:52 - [MESSAGE][PASSED] - Text 'Bette' is set on object 'Object Repository/AdminSuiteBootstrap_Pages/VT_Bootstrap/ACHPersonal/input_firstName'

2024-07-13 23:07:53 - [MESSAGE][PASSED] - Text 'Nicka' is set on object 'Object Repository/AdminSuiteBootstrap_Pages/VT_Bootstrap/ACHPersonal/input_lastName'

2024-07-13 23:07:53 - [MESSAGE][PASSED] - Text '6 S 33rd St' is set on object 'Object Repository/AdminSuiteBootstrap_Pages/VT_Bootstrap/ACHPersonal/input_address'

2024-07-13 23:07:54 - [MESSAGE][PASSED] - Text 'apt #2' is set on object 'Object Repository/AdminSuiteBootstrap_Pages/VT_Bootstrap/ACHPersonal/input_address2'

2024-07-13 23:07:55 - [MESSAGE][PASSED] - Text '22201' is set on object 'Object Repository/AdminSuiteBootstrap_Pages/VT_Bootstrap/ACHPersonal/input_zip'

2024-07-13 23:07:55 - [MESSAGE][PASSED] - Text '' is set on object 'Object Repository/AdminSuiteBootstrap_Pages/VT_Bootstrap/ACHPersonal/input_emailAddress'

2024-07-13 23:07:57 - [MESSAGE][PASSED] - Text '' is set on object 'Object Repository/AdminSuiteBootstrap_Pages/VT_Bootstrap/ACHPersonal/input_smsNumber'

2024-07-13 23:07:58 - [MESSAGE][PASSED] - Text '45681003' is set on object 'Object Repository/AdminSuiteBootstrap_Pages/VT_Bootstrap/ACHPersonal/input_accountNumber'

2024-07-13 23:07:58 - [MESSAGE][PASSED] - Text '256072691' is set on object 'Object Repository/AdminSuiteBootstrap_Pages/VT_Bootstrap/ACHPersonal/input_routingNumber'

2024-07-13 23:07:59 - [MESSAGE][PASSED] - All options with label 'Savings' are selected in object 'Object Repository/AdminSuiteBootstrap_Pages/VT_Bootstrap/ACHPersonal/select_AccountType'  using regular expression

2024-07-13 23:08:01 - [MESSAGE][PASSED] - All options with label 'PPD - Prearranged Payment and Deposit Entry' are selected in object 'Object Repository/AdminSuiteBootstrap_Pages/VT_Bootstrap/ACHPersonal/select_STD'  using regular expression

2024-07-13 23:08:01 - [MESSAGE][PASSED] - Text '11.5' is set on object 'Object Repository/AdminSuiteBootstrap_Pages/VT_Bootstrap/ACHPersonal/input_amount'

2024-07-13 23:08:02 - [MESSAGE][PASSED] - Text 'Denmark' is set on object 'Object Repository/AdminSuiteBootstrap_Pages/VT_Bootstrap/ACHPersonal/input_userDefined1'

2024-07-13 23:08:03 - [MESSAGE][PASSED] - Text 'Australia' is set on object 'Object Repository/AdminSuiteBootstrap_Pages/VT_Bootstrap/ACHPersonal/input_userDefined2'

2024-07-13 23:08:03 - [MESSAGE][PASSED] - Text 'Austria' is set on object 'Object Repository/AdminSuiteBootstrap_Pages/VT_Bootstrap/ACHPersonal/input_userDefined3'

2024-07-13 23:08:04 - [MESSAGE][PASSED] - Text 'Sweden' is set on object 'Object Repository/AdminSuiteBootstrap_Pages/VT_Bootstrap/ACHPersonal/input_userDefined4'

2024-07-13 23:08:05 - [MESSAGE][PASSED] - All options with label 'Yellow' are selected in object 'Object Repository/AdminSuiteBootstrap_Pages/VT_Bootstrap/ACHPersonal/select_UDF5'  using regular expression

2024-07-13 23:08:06 - [MESSAGE][PASSED] - All options with label 'Orange' are selected in object 'Object Repository/AdminSuiteBootstrap_Pages/VT_Bootstrap/ACHPersonal/select_UDF6'  using regular expression

2024-07-13 23:08:07 - [MESSAGE][PASSED] - Text 'Netherlands' is set on object 'Object Repository/AdminSuiteBootstrap_Pages/VT_Bootstrap/ACHPersonal/input_userDefined7'

2024-07-13 23:08:07 - [MESSAGE][PASSED] - Text 'Norway' is set on object 'Object Repository/AdminSuiteBootstrap_Pages/VT_Bootstrap/ACHPersonal/input_userDefined8'

2024-07-13 23:08:08 - [MESSAGE][PASSED] - Text 'France' is set on object 'Object Repository/AdminSuiteBootstrap_Pages/VT_Bootstrap/ACHPersonal/input_userDefined9'

2024-07-13 23:08:09 - [MESSAGE][PASSED] - Text 'Switzerland' is set on object 'Object Repository/AdminSuiteBootstrap_Pages/VT_Bootstrap/ACHPersonal/input_userDefined10'

2024-07-13 23:08:10 - [MESSAGE][PASSED] - Object: 'Object Repository/AdminSuiteBootstrap_Pages/VT_Bootstrap/ACHPersonal/button_Submit' is clicked on

2024-07-13 23:08:10 - [MESSAGE][PASSED] - adminSuiteBootstrap.debitPersonalsetData.debitPersonal_DataDriven is PASSED

2024-07-13 23:08:10 - [TEST_STEP][PASSED] - if (verifyTextPresent("Transaction Successful", true)): null

2024-07-13 23:08:11 - [MESSAGE][PASSED] - Text 'Transaction Successful' is present on page  using regular expression

2024-07-13 23:08:11 - [TEST_STEP][PASSED] - sdf = getText(findTestObject(path_Receipt + "td_AutoNoC031622113752957Ahm")): Text of object 'Object Repository/AdminSuiteBootstrap_Pages/VT_Bootstrap/Receipt/td_AutoNoC031622113752957Ahm' is: 'AutoNoCFtp071324230041Ahm'

2024-07-13 23:08:11 - [MESSAGE][PASSED] - Text of object 'Object Repository/AdminSuiteBootstrap_Pages/VT_Bootstrap/Receipt/td_AutoNoC031622113752957Ahm' is: 'AutoNoCFtp071324230041Ahm'

2024-07-13 23:08:11 - [TEST_STEP][PASSED] - out.println("sdf: " + sdf): null

2024-07-13 23:08:11 - [TEST_STEP][PASSED] - remID = sdf: null

2024-07-13 23:08:11 - [TEST_STEP][PASSED] - out.println("remID: " + remID): null

2024-07-13 23:08:11 - [TEST_STEP][PASSED] - click(findTestObject(path_Receipt + "button_Continue")): Object: 'Object Repository/AdminSuiteBootstrap_Pages/VT_Bootstrap/Receipt/button_Continue' is clicked on

2024-07-13 23:08:12 - [MESSAGE][PASSED] - Object: 'Object Repository/AdminSuiteBootstrap_Pages/VT_Bootstrap/Receipt/button_Continue' is clicked on

2024-07-13 23:08:12 - [TEST_STEP][PASSED] - click(findTestObject(path_VT + "a_Search Transactions")): Object: 'Object Repository/AdminSuiteBootstrap_Pages/VT_Bootstrap/IssueTransactions/a_Search Transactions' is clicked on

2024-07-13 23:08:13 - [MESSAGE][PASSED] - Object: 'Object Repository/AdminSuiteBootstrap_Pages/VT_Bootstrap/IssueTransactions/a_Search Transactions' is clicked on

2024-07-13 23:08:13 - [TEST_STEP][PASSED] - setText(findTestObject(path_CCSearch + "input_Search By_searchValue"), remID): Text 'AutoNoCFtp071324230041Ahm' is set on object 'Object Repository/AdminSuiteBootstrap_Pages/VT_Bootstrap/CCCreditOrVoidSearch/input_Search By_searchValue'

2024-07-13 23:08:14 - [MESSAGE][PASSED] - Text 'AutoNoCFtp071324230041Ahm' is set on object 'Object Repository/AdminSuiteBootstrap_Pages/VT_Bootstrap/CCCreditOrVoidSearch/input_Search By_searchValue'

2024-07-13 23:08:14 - [TEST_STEP][PASSED] - click(findTestObject(path_CCSearch + "button_Submit")): Object: 'Object Repository/AdminSuiteBootstrap_Pages/VT_Bootstrap/CCCreditOrVoidSearch/button_Submit' is clicked on

2024-07-13 23:08:14 - [MESSAGE][PASSED] - Object: 'Object Repository/AdminSuiteBootstrap_Pages/VT_Bootstrap/CCCreditOrVoidSearch/button_Submit' is clicked on

2024-07-13 23:08:14 - [TEST_STEP][PASSED] - fgr = getText(findTestObject(path_SearchResults + "div_Payment ID")): Text of object 'Object Repository/AdminSuiteBootstrap_Pages/VT_Bootstrap/SearchResults/div_Payment ID' is: 'Payment ID
Payment Type
Transaction Type
Remittance ID
Name
Total Amount
End Date
Status
12155084 Online Check Debit AutoNoCFtp071324230041Ahm Bette Nicka $11.50 07/13/2024 Success'

2024-07-13 23:08:15 - [MESSAGE][PASSED] - Text of object 'Object Repository/AdminSuiteBootstrap_Pages/VT_Bootstrap/SearchResults/div_Payment ID' is: 'Payment ID
Payment Type
Transaction Type
Remittance ID
Name
Total Amount
End Date
Status
12155084 Online Check Debit AutoNoCFtp071324230041Ahm Bette Nicka $11.50 07/13/2024 Success'

2024-07-13 23:08:15 - [TEST_STEP][PASSED] - payID = substring(89, 98).trim(): null

2024-07-13 23:08:15 - [TEST_STEP][PASSED] - out.println("payID: " + payID): null

2024-07-13 23:08:15 - [TEST_STEP][PASSED] - click(findTestObject(path_SearchResults + "button_Modify Search Criteria")): Object: 'Object Repository/AdminSuiteBootstrap_Pages/VT_Bootstrap/SearchResults/button_Modify Search Criteria' is clicked on

2024-07-13 23:08:16 - [MESSAGE][PASSED] - Object: 'Object Repository/AdminSuiteBootstrap_Pages/VT_Bootstrap/SearchResults/button_Modify Search Criteria' is clicked on

2024-07-13 23:08:16 - [TEST_STEP][PASSED] - adminSuiteBootstrap.searchTransactions.searchTransactions_DataDriven(row, dataFile, remID, payID): adminSuiteBootstrap.searchTransactions.searchTransactions_DataDriven is PASSED

2024-07-13 23:08:17 - [MESSAGE][PASSED] - All options with label 'Payer Name' are selected in object 'Object Repository/AdminSuiteBootstrap_Pages/VT_Bootstrap/CCCreditOrVoidSearch/select_SearchBy' 

2024-07-13 23:08:17 - [MESSAGE][PASSED] - Text 'BETTE NICKA' is set on object 'Object Repository/AdminSuiteBootstrap_Pages/VT_Bootstrap/CCCreditOrVoidSearch/input_Search By_searchValue'

2024-07-13 23:08:18 - [MESSAGE][PASSED] - Object: 'Object Repository/AdminSuiteBootstrap_Pages/VT_Bootstrap/CCCreditOrVoidSearch/button_Submit' is clicked on

2024-07-13 23:08:18 - [MESSAGE][PASSED] - adminSuiteBootstrap.searchTransactions.searchTransactions_DataDriven is PASSED

2024-07-13 23:08:18 - [TEST_STEP][PASSED] - if (verifyTextPresent(remID, true)): null

2024-07-13 23:08:19 - [MESSAGE][PASSED] - Text 'AutoNoCFtp071324230041Ahm' is present on page  using regular expression

2024-07-13 23:08:19 - [TEST_STEP][PASSED] - resText = "Pass": null

2024-07-13 23:08:19 - [TEST_STEP][PASSED] - pages.WriteExcel.demoKey(resText, datText, resColumn, datCloumn, fileLoc, nameSheet, row): pages.WriteExcel.demoKey is PASSED

2024-07-13 23:08:19 - [MESSAGE][PASSED] - pages.WriteExcel.demoKey is PASSED

2024-07-13 23:08:19 - [TEST_STEP][PASSED] - verifyTextPresent("Transactions Matching Search Criteria", true): Text 'Transactions Matching Search Criteria' is present on page  using regular expression

2024-07-13 23:08:19 - [MESSAGE][PASSED] - Text 'Transactions Matching Search Criteria' is present on page  using regular expression

2024-07-13 23:08:19 - [TEST_STEP][PASSED] - verifyTextPresent("Payment ID", true): Text 'Payment ID' is present on page  using regular expression

2024-07-13 23:08:19 - [MESSAGE][PASSED] - Text 'Payment ID' is present on page  using regular expression

2024-07-13 23:08:19 - [TEST_STEP][PASSED] - verifyTextPresent("Payment Type", true): Text 'Payment Type' is present on page  using regular expression

2024-07-13 23:08:20 - [MESSAGE][PASSED] - Text 'Payment Type' is present on page  using regular expression

2024-07-13 23:08:20 - [TEST_STEP][PASSED] - verifyTextPresent("Transaction Type", true): Text 'Transaction Type' is present on page  using regular expression

2024-07-13 23:08:20 - [MESSAGE][PASSED] - Text 'Transaction Type' is present on page  using regular expression

2024-07-13 23:08:20 - [TEST_STEP][PASSED] - verifyTextPresent("Remittance ID", true): Text 'Remittance ID' is present on page  using regular expression

2024-07-13 23:08:20 - [MESSAGE][PASSED] - Text 'Remittance ID' is present on page  using regular expression

2024-07-13 23:08:20 - [TEST_STEP][PASSED] - verifyTextPresent("Name", true): Text 'Name' is present on page  using regular expression

2024-07-13 23:08:21 - [MESSAGE][PASSED] - Text 'Name' is present on page  using regular expression

2024-07-13 23:08:21 - [TEST_STEP][PASSED] - verifyTextPresent("Total Amount", true): Text 'Total Amount' is present on page  using regular expression

2024-07-13 23:08:21 - [MESSAGE][PASSED] - Text 'Total Amount' is present on page  using regular expression

2024-07-13 23:08:21 - [TEST_STEP][PASSED] - verifyTextPresent("End Date", true): Text 'End Date' is present on page  using regular expression

2024-07-13 23:08:21 - [MESSAGE][PASSED] - Text 'End Date' is present on page  using regular expression

2024-07-13 23:08:21 - [TEST_STEP][PASSED] - verifyTextPresent("Status", true): Text 'Status' is present on page  using regular expression

2024-07-13 23:08:21 - [MESSAGE][PASSED] - Text 'Status' is present on page  using regular expression

2024-07-13 23:08:21 - [TEST_STEP][PASSED] - verifyTextPresent("Debit", true): Text 'Debit' is present on page  using regular expression

2024-07-13 23:08:22 - [MESSAGE][PASSED] - Text 'Debit' is present on page  using regular expression

2024-07-13 23:08:22 - [TEST_STEP][PASSED] - verifyTextPresent("Online Check", true): Text 'Online Check' is present on page  using regular expression

2024-07-13 23:08:22 - [MESSAGE][PASSED] - Text 'Online Check' is present on page  using regular expression

2024-07-13 23:08:22 - [TEST_STEP][PASSED] - verifyTextPresent(cardNameV, true): Text 'Bette Nicka' is present on page  using regular expression

2024-07-13 23:08:22 - [MESSAGE][PASSED] - Text 'Bette Nicka' is present on page  using regular expression

2024-07-13 23:08:22 - [TEST_STEP][PASSED] - verifyTextPresent("Success", true): Text 'Success' is present on page  using regular expression

2024-07-13 23:08:23 - [MESSAGE][PASSED] - Text 'Success' is present on page  using regular expression

2024-07-13 23:08:23 - [TEST_STEP][PASSED] - verifyElementPresent(findTestObject(path_SearchResults + "button_PaymentID"), 10): Object 'Object Repository/AdminSuiteBootstrap_Pages/VT_Bootstrap/SearchResults/button_PaymentID' is present

2024-07-13 23:08:23 - [MESSAGE][PASSED] - Object 'Object Repository/AdminSuiteBootstrap_Pages/VT_Bootstrap/SearchResults/button_PaymentID' is present

2024-07-13 23:08:23 - [TEST_STEP][PASSED] - click(findTestObject(path_SearchResults + "button_PaymentID")): Object: 'Object Repository/AdminSuiteBootstrap_Pages/VT_Bootstrap/SearchResults/button_PaymentID' is clicked on

2024-07-13 23:08:24 - [MESSAGE][PASSED] - Object: 'Object Repository/AdminSuiteBootstrap_Pages/VT_Bootstrap/SearchResults/button_PaymentID' is clicked on

2024-07-13 23:08:24 - [TEST_STEP][PASSED] - click(findTestObject(path_TranxDetails + "a_Void this transaction")): Object: 'Object Repository/AdminSuiteBootstrap_Pages/VT_Bootstrap/TransactionDetails/a_Void this transaction' is clicked on

2024-07-13 23:08:25 - [MESSAGE][PASSED] - Object: 'Object Repository/AdminSuiteBootstrap_Pages/VT_Bootstrap/TransactionDetails/a_Void this transaction' is clicked on

2024-07-13 23:08:25 - [TEST_STEP][PASSED] - click(findTestObject(path_TranxDetails + "button_Submit")): Object: 'Object Repository/AdminSuiteBootstrap_Pages/VT_Bootstrap/TransactionDetails/button_Submit' is clicked on

2024-07-13 23:08:26 - [MESSAGE][PASSED] - Object: 'Object Repository/AdminSuiteBootstrap_Pages/VT_Bootstrap/TransactionDetails/button_Submit' is clicked on

2024-07-13 23:08:26 - [TEST_STEP][PASSED] - verifyTextPresent("Transaction Successful", true): Text 'Transaction Successful' is present on page  using regular expression

2024-07-13 23:08:26 - [MESSAGE][PASSED] - Text 'Transaction Successful' is present on page  using regular expression

2024-07-13 23:08:26 - [TEST_STEP][PASSED] - ExecuteTC = findTestData(dataFile).getValue("Execute", row): null

2024-07-13 23:08:26 - [TEST_STEP][PASSED] - out.println("Value of Execute is : " + ExecuteTC): null

2024-07-13 23:08:26 - [TEST_STEP][PASSED] - switch (executionProfile): null

2024-07-13 23:08:26 - [TEST_STEP][PASSED] - case "QA2Profile":: null

2024-07-13 23:08:26 - [TEST_STEP][PASSED] - appName = findTestData(dataFile).getValue("AppNameQA", row): null

2024-07-13 23:08:26 - [TEST_STEP][PASSED] - appID = findTestData(dataFile).getValue("AppIDQA", row): null

2024-07-13 23:08:26 - [TEST_STEP][PASSED] - break: null

2024-07-13 23:08:26 - [TEST_STEP][PASSED] - cardNameV = findTestData(dataFile).getValue("NameV", row): null

2024-07-13 23:08:26 - [TEST_STEP][PASSED] - hrefAppID = li_1 + appID + li_2: null

2024-07-13 23:08:26 - [TEST_STEP][PASSED] - hrefApp = li_1 + appID + "/": null

2024-07-13 23:08:26 - [TEST_STEP][PASSED] - println("hrefApp : " + hrefApp): null

2024-07-13 23:08:26 - [TEST_STEP][PASSED] - if (ExecuteTC.equalsIgnoreCase("Y")): null

2024-07-13 23:08:26 - [TEST_STEP][PASSED] - out.println("Begin Record Number: " + row): null

2024-07-13 23:08:26 - [TEST_STEP][PASSED] - today = new java.util.Date(): null

2024-07-13 23:08:26 - [TEST_STEP][PASSED] - println(today): null

2024-07-13 23:08:26 - [TEST_STEP][PASSED] - datText = today: null

2024-07-13 23:08:26 - [TEST_STEP][PASSED] - adminSuiteBootstrap.loginFunctionality.login_AdminSuite(): adminSuiteBootstrap.loginFunctionality.login_AdminSuite is PASSED

2024-07-13 23:08:26 - [MESSAGE][WARNING] - A browser is already opened. Closing browser and opening a new one

2024-07-13 23:08:28 - [MESSAGE][INFO] - Starting 'Chrome' driver

2024-07-13 23:08:28 - [MESSAGE][INFO] - User set preference: ['acceptInsecureCerts', 'true']

2024-07-13 23:08:28 - [MESSAGE][INFO] - Action delay is set to 0 milliseconds

2024-07-13 23:08:29 - [MESSAGE][PASSED] - Browser is opened with url: 'https://qa2.velocitypayment.com/admin/imtiaz'

2024-07-13 23:08:31 - [MESSAGE][PASSED] - Current window maximized

2024-07-13 23:08:31 - [MESSAGE][PASSED] - Object 'Object Repository/Login_Page/Login_Username_Okta' is present

2024-07-13 23:08:32 - [MESSAGE][PASSED] - Text 'iahmed' is set on object 'Object Repository/Login_Page/Login_Username_Okta'

2024-07-13 23:08:33 - [MESSAGE][PASSED] - Text 'Hello!6666666' is set on object 'Object Repository/Login_Page/Login_Password_Okta'

2024-07-13 23:08:33 - [MESSAGE][PASSED] - Object: 'Object Repository/Login_Page/Login_Submit_Okta' is clicked on

2024-07-13 23:08:33 - [MESSAGE][PASSED] - adminSuiteBootstrap.loginFunctionality.login_AdminSuite is PASSED

2024-07-13 23:08:33 - [TEST_STEP][PASSED] - click(findTestObject(path_Dashboard + appName)): Object: 'Object Repository/AdminSuiteBootstrap_Pages/Dashboard_Bootstrap/a_Access AutoNoCFtp' is clicked on

2024-07-13 23:08:41 - [MESSAGE][PASSED] - Object: 'Object Repository/AdminSuiteBootstrap_Pages/Dashboard_Bootstrap/a_Access AutoNoCFtp' is clicked on

2024-07-13 23:08:41 - [TEST_STEP][PASSED] - click(findTestObject(path_VT + "button_Debit")): Object: 'Object Repository/AdminSuiteBootstrap_Pages/VT_Bootstrap/IssueTransactions/button_Debit' is clicked on

2024-07-13 23:08:42 - [MESSAGE][PASSED] - Object: 'Object Repository/AdminSuiteBootstrap_Pages/VT_Bootstrap/IssueTransactions/button_Debit' is clicked on

2024-07-13 23:08:42 - [TEST_STEP][PASSED] - click(findTestObject(path_VT + "a_Personal")): Object: 'Object Repository/AdminSuiteBootstrap_Pages/VT_Bootstrap/IssueTransactions/a_Personal' is clicked on

2024-07-13 23:08:43 - [MESSAGE][PASSED] - Object: 'Object Repository/AdminSuiteBootstrap_Pages/VT_Bootstrap/IssueTransactions/a_Personal' is clicked on

2024-07-13 23:08:43 - [TEST_STEP][PASSED] - adminSuiteBootstrap.debitPersonalsetData.debitPersonal_DataDriven(row, dataFile): adminSuiteBootstrap.debitPersonalsetData.debitPersonal_DataDriven is PASSED

2024-07-13 23:08:45 - [MESSAGE][PASSED] - Text 'Alisha' is set on object 'Object Repository/AdminSuiteBootstrap_Pages/VT_Bootstrap/ACHPersonal/input_firstName'

2024-07-13 23:08:46 - [MESSAGE][PASSED] - Text 'Slusarski' is set on object 'Object Repository/AdminSuiteBootstrap_Pages/VT_Bootstrap/ACHPersonal/input_lastName'

2024-07-13 23:08:46 - [MESSAGE][PASSED] - Text '3273 State St' is set on object 'Object Repository/AdminSuiteBootstrap_Pages/VT_Bootstrap/ACHPersonal/input_address'

2024-07-13 23:08:47 - [MESSAGE][PASSED] - Text 'apt #4' is set on object 'Object Repository/AdminSuiteBootstrap_Pages/VT_Bootstrap/ACHPersonal/input_address2'

2024-07-13 23:08:48 - [MESSAGE][PASSED] - Text '22201' is set on object 'Object Repository/AdminSuiteBootstrap_Pages/VT_Bootstrap/ACHPersonal/input_zip'

2024-07-13 23:08:48 - [MESSAGE][PASSED] - Text '' is set on object 'Object Repository/AdminSuiteBootstrap_Pages/VT_Bootstrap/ACHPersonal/input_emailAddress'

2024-07-13 23:08:50 - [MESSAGE][PASSED] - Text '' is set on object 'Object Repository/AdminSuiteBootstrap_Pages/VT_Bootstrap/ACHPersonal/input_smsNumber'

2024-07-13 23:08:50 - [MESSAGE][PASSED] - Text '45681004' is set on object 'Object Repository/AdminSuiteBootstrap_Pages/VT_Bootstrap/ACHPersonal/input_accountNumber'

2024-07-13 23:08:51 - [MESSAGE][PASSED] - Text '256072691' is set on object 'Object Repository/AdminSuiteBootstrap_Pages/VT_Bootstrap/ACHPersonal/input_routingNumber'

2024-07-13 23:08:52 - [MESSAGE][PASSED] - All options with label 'Savings' are selected in object 'Object Repository/AdminSuiteBootstrap_Pages/VT_Bootstrap/ACHPersonal/select_AccountType'  using regular expression

2024-07-13 23:08:54 - [MESSAGE][PASSED] - All options with label 'TEL - Telephone-Initiated Entry' are selected in object 'Object Repository/AdminSuiteBootstrap_Pages/VT_Bootstrap/ACHPersonal/select_STD'  using regular expression

2024-07-13 23:08:54 - [MESSAGE][PASSED] - Text '11.5' is set on object 'Object Repository/AdminSuiteBootstrap_Pages/VT_Bootstrap/ACHPersonal/input_amount'

2024-07-13 23:08:55 - [MESSAGE][PASSED] - Text 'Tadap Tadap ke' is set on object 'Object Repository/AdminSuiteBootstrap_Pages/VT_Bootstrap/ACHPersonal/input_userDefined1'

2024-07-13 23:08:56 - [MESSAGE][PASSED] - Text 'Australia' is set on object 'Object Repository/AdminSuiteBootstrap_Pages/VT_Bootstrap/ACHPersonal/input_userDefined2'

2024-07-13 23:08:57 - [MESSAGE][PASSED] - Text 'Austria' is set on object 'Object Repository/AdminSuiteBootstrap_Pages/VT_Bootstrap/ACHPersonal/input_userDefined3'

2024-07-13 23:08:57 - [MESSAGE][PASSED] - Text 'Sweden' is set on object 'Object Repository/AdminSuiteBootstrap_Pages/VT_Bootstrap/ACHPersonal/input_userDefined4'

2024-07-13 23:08:58 - [MESSAGE][PASSED] - All options with label 'Yellow' are selected in object 'Object Repository/AdminSuiteBootstrap_Pages/VT_Bootstrap/ACHPersonal/select_UDF5'  using regular expression

2024-07-13 23:08:59 - [MESSAGE][PASSED] - All options with label 'Orange' are selected in object 'Object Repository/AdminSuiteBootstrap_Pages/VT_Bootstrap/ACHPersonal/select_UDF6'  using regular expression

2024-07-13 23:09:00 - [MESSAGE][PASSED] - Text 'Netherlands' is set on object 'Object Repository/AdminSuiteBootstrap_Pages/VT_Bootstrap/ACHPersonal/input_userDefined7'

2024-07-13 23:09:01 - [MESSAGE][PASSED] - Text 'Norway' is set on object 'Object Repository/AdminSuiteBootstrap_Pages/VT_Bootstrap/ACHPersonal/input_userDefined8'

2024-07-13 23:09:01 - [MESSAGE][PASSED] - Text 'France' is set on object 'Object Repository/AdminSuiteBootstrap_Pages/VT_Bootstrap/ACHPersonal/input_userDefined9'

2024-07-13 23:09:02 - [MESSAGE][PASSED] - Text 'Switzerland' is set on object 'Object Repository/AdminSuiteBootstrap_Pages/VT_Bootstrap/ACHPersonal/input_userDefined10'

2024-07-13 23:09:03 - [MESSAGE][PASSED] - Object: 'Object Repository/AdminSuiteBootstrap_Pages/VT_Bootstrap/ACHPersonal/button_Submit' is clicked on

2024-07-13 23:09:03 - [MESSAGE][PASSED] - adminSuiteBootstrap.debitPersonalsetData.debitPersonal_DataDriven is PASSED

2024-07-13 23:09:03 - [TEST_STEP][PASSED] - if (verifyTextPresent("Transaction Successful", true)): null

2024-07-13 23:09:04 - [MESSAGE][PASSED] - Text 'Transaction Successful' is present on page  using regular expression

2024-07-13 23:09:04 - [TEST_STEP][PASSED] - sdf = getText(findTestObject(path_Receipt + "td_AutoNoC031622113752957Ahm")): Text of object 'Object Repository/AdminSuiteBootstrap_Pages/VT_Bootstrap/Receipt/td_AutoNoC031622113752957Ahm' is: 'AutoNoCFtp071324230134Ahm'

2024-07-13 23:09:04 - [MESSAGE][PASSED] - Text of object 'Object Repository/AdminSuiteBootstrap_Pages/VT_Bootstrap/Receipt/td_AutoNoC031622113752957Ahm' is: 'AutoNoCFtp071324230134Ahm'

2024-07-13 23:09:04 - [TEST_STEP][PASSED] - out.println("sdf: " + sdf): null

2024-07-13 23:09:04 - [TEST_STEP][PASSED] - remID = sdf: null

2024-07-13 23:09:04 - [TEST_STEP][PASSED] - out.println("remID: " + remID): null

2024-07-13 23:09:04 - [TEST_STEP][PASSED] - click(findTestObject(path_Receipt + "button_Continue")): Object: 'Object Repository/AdminSuiteBootstrap_Pages/VT_Bootstrap/Receipt/button_Continue' is clicked on

2024-07-13 23:09:05 - [MESSAGE][PASSED] - Object: 'Object Repository/AdminSuiteBootstrap_Pages/VT_Bootstrap/Receipt/button_Continue' is clicked on

2024-07-13 23:09:05 - [TEST_STEP][PASSED] - click(findTestObject(path_VT + "a_Search Transactions")): Object: 'Object Repository/AdminSuiteBootstrap_Pages/VT_Bootstrap/IssueTransactions/a_Search Transactions' is clicked on

2024-07-13 23:09:06 - [MESSAGE][PASSED] - Object: 'Object Repository/AdminSuiteBootstrap_Pages/VT_Bootstrap/IssueTransactions/a_Search Transactions' is clicked on

2024-07-13 23:09:06 - [TEST_STEP][PASSED] - setText(findTestObject(path_CCSearch + "input_Search By_searchValue"), remID): Text 'AutoNoCFtp071324230134Ahm' is set on object 'Object Repository/AdminSuiteBootstrap_Pages/VT_Bootstrap/CCCreditOrVoidSearch/input_Search By_searchValue'

2024-07-13 23:09:07 - [MESSAGE][PASSED] - Text 'AutoNoCFtp071324230134Ahm' is set on object 'Object Repository/AdminSuiteBootstrap_Pages/VT_Bootstrap/CCCreditOrVoidSearch/input_Search By_searchValue'

2024-07-13 23:09:07 - [TEST_STEP][PASSED] - click(findTestObject(path_CCSearch + "button_Submit")): Object: 'Object Repository/AdminSuiteBootstrap_Pages/VT_Bootstrap/CCCreditOrVoidSearch/button_Submit' is clicked on

2024-07-13 23:09:07 - [MESSAGE][PASSED] - Object: 'Object Repository/AdminSuiteBootstrap_Pages/VT_Bootstrap/CCCreditOrVoidSearch/button_Submit' is clicked on

2024-07-13 23:09:07 - [TEST_STEP][PASSED] - fgr = getText(findTestObject(path_SearchResults + "div_Payment ID")): Text of object 'Object Repository/AdminSuiteBootstrap_Pages/VT_Bootstrap/SearchResults/div_Payment ID' is: 'Payment ID
Payment Type
Transaction Type
Remittance ID
Name
Total Amount
End Date
Status
12155086 Online Check Debit AutoNoCFtp071324230134Ahm Alisha Slusarski $11.50 07/13/2024 Success'

2024-07-13 23:09:08 - [MESSAGE][PASSED] - Text of object 'Object Repository/AdminSuiteBootstrap_Pages/VT_Bootstrap/SearchResults/div_Payment ID' is: 'Payment ID
Payment Type
Transaction Type
Remittance ID
Name
Total Amount
End Date
Status
12155086 Online Check Debit AutoNoCFtp071324230134Ahm Alisha Slusarski $11.50 07/13/2024 Success'

2024-07-13 23:09:08 - [TEST_STEP][PASSED] - payID = substring(89, 98).trim(): null

2024-07-13 23:09:08 - [TEST_STEP][PASSED] - out.println("payID: " + payID): null

2024-07-13 23:09:08 - [TEST_STEP][PASSED] - click(findTestObject(path_SearchResults + "button_Modify Search Criteria")): Object: 'Object Repository/AdminSuiteBootstrap_Pages/VT_Bootstrap/SearchResults/button_Modify Search Criteria' is clicked on

2024-07-13 23:09:09 - [MESSAGE][PASSED] - Object: 'Object Repository/AdminSuiteBootstrap_Pages/VT_Bootstrap/SearchResults/button_Modify Search Criteria' is clicked on

2024-07-13 23:09:09 - [TEST_STEP][PASSED] - adminSuiteBootstrap.searchTransactions.searchTransactions_DataDriven(row, dataFile, remID, payID): adminSuiteBootstrap.searchTransactions.searchTransactions_DataDriven is PASSED

2024-07-13 23:09:10 - [MESSAGE][PASSED] - All options with label 'UDF Label: UDF1' are selected in object 'Object Repository/AdminSuiteBootstrap_Pages/VT_Bootstrap/CCCreditOrVoidSearch/select_SearchBy' 

2024-07-13 23:09:10 - [MESSAGE][PASSED] - Text 'Tadap Tadap ke' is set on object 'Object Repository/AdminSuiteBootstrap_Pages/VT_Bootstrap/CCCreditOrVoidSearch/input_Search By_searchValue'

2024-07-13 23:09:11 - [MESSAGE][PASSED] - Object: 'Object Repository/AdminSuiteBootstrap_Pages/VT_Bootstrap/CCCreditOrVoidSearch/button_Submit' is clicked on

2024-07-13 23:09:11 - [MESSAGE][PASSED] - adminSuiteBootstrap.searchTransactions.searchTransactions_DataDriven is PASSED

2024-07-13 23:09:11 - [TEST_STEP][PASSED] - if (verifyTextPresent(remID, true)): null

2024-07-13 23:09:12 - [MESSAGE][PASSED] - Text 'AutoNoCFtp071324230134Ahm' is present on page  using regular expression

2024-07-13 23:09:12 - [TEST_STEP][PASSED] - resText = "Pass": null

2024-07-13 23:09:12 - [TEST_STEP][PASSED] - pages.WriteExcel.demoKey(resText, datText, resColumn, datCloumn, fileLoc, nameSheet, row): pages.WriteExcel.demoKey is PASSED

2024-07-13 23:09:12 - [MESSAGE][PASSED] - pages.WriteExcel.demoKey is PASSED

2024-07-13 23:09:12 - [TEST_STEP][PASSED] - verifyTextPresent("Transactions Matching Search Criteria", true): Text 'Transactions Matching Search Criteria' is present on page  using regular expression

2024-07-13 23:09:12 - [MESSAGE][PASSED] - Text 'Transactions Matching Search Criteria' is present on page  using regular expression

2024-07-13 23:09:12 - [TEST_STEP][PASSED] - verifyTextPresent("Payment ID", true): Text 'Payment ID' is present on page  using regular expression

2024-07-13 23:09:12 - [MESSAGE][PASSED] - Text 'Payment ID' is present on page  using regular expression

2024-07-13 23:09:12 - [TEST_STEP][PASSED] - verifyTextPresent("Payment Type", true): Text 'Payment Type' is present on page  using regular expression

2024-07-13 23:09:13 - [MESSAGE][PASSED] - Text 'Payment Type' is present on page  using regular expression

2024-07-13 23:09:13 - [TEST_STEP][PASSED] - verifyTextPresent("Transaction Type", true): Text 'Transaction Type' is present on page  using regular expression

2024-07-13 23:09:13 - [MESSAGE][PASSED] - Text 'Transaction Type' is present on page  using regular expression

2024-07-13 23:09:13 - [TEST_STEP][PASSED] - verifyTextPresent("Remittance ID", true): Text 'Remittance ID' is present on page  using regular expression

2024-07-13 23:09:13 - [MESSAGE][PASSED] - Text 'Remittance ID' is present on page  using regular expression

2024-07-13 23:09:13 - [TEST_STEP][PASSED] - verifyTextPresent("Name", true): Text 'Name' is present on page  using regular expression

2024-07-13 23:09:13 - [MESSAGE][PASSED] - Text 'Name' is present on page  using regular expression

2024-07-13 23:09:13 - [TEST_STEP][PASSED] - verifyTextPresent("Total Amount", true): Text 'Total Amount' is present on page  using regular expression

2024-07-13 23:09:14 - [MESSAGE][PASSED] - Text 'Total Amount' is present on page  using regular expression

2024-07-13 23:09:14 - [TEST_STEP][PASSED] - verifyTextPresent("End Date", true): Text 'End Date' is present on page  using regular expression

2024-07-13 23:09:14 - [MESSAGE][PASSED] - Text 'End Date' is present on page  using regular expression

2024-07-13 23:09:14 - [TEST_STEP][PASSED] - verifyTextPresent("Status", true): Text 'Status' is present on page  using regular expression

2024-07-13 23:09:14 - [MESSAGE][PASSED] - Text 'Status' is present on page  using regular expression

2024-07-13 23:09:14 - [TEST_STEP][PASSED] - verifyTextPresent("Debit", true): Text 'Debit' is present on page  using regular expression

2024-07-13 23:09:15 - [MESSAGE][PASSED] - Text 'Debit' is present on page  using regular expression

2024-07-13 23:09:15 - [TEST_STEP][PASSED] - verifyTextPresent("Online Check", true): Text 'Online Check' is present on page  using regular expression

2024-07-13 23:09:15 - [MESSAGE][PASSED] - Text 'Online Check' is present on page  using regular expression

2024-07-13 23:09:15 - [TEST_STEP][PASSED] - verifyTextPresent(cardNameV, true): Text 'Alisha Slusarski' is present on page  using regular expression

2024-07-13 23:09:15 - [MESSAGE][PASSED] - Text 'Alisha Slusarski' is present on page  using regular expression

2024-07-13 23:09:15 - [TEST_STEP][PASSED] - verifyTextPresent("Success", true): Text 'Success' is present on page  using regular expression

2024-07-13 23:09:16 - [MESSAGE][PASSED] - Text 'Success' is present on page  using regular expression

2024-07-13 23:09:16 - [TEST_STEP][PASSED] - verifyElementPresent(findTestObject(path_SearchResults + "button_PaymentID"), 10): Object 'Object Repository/AdminSuiteBootstrap_Pages/VT_Bootstrap/SearchResults/button_PaymentID' is present

2024-07-13 23:09:16 - [MESSAGE][PASSED] - Object 'Object Repository/AdminSuiteBootstrap_Pages/VT_Bootstrap/SearchResults/button_PaymentID' is present

2024-07-13 23:09:16 - [TEST_STEP][PASSED] - click(findTestObject(path_SearchResults + "button_PaymentID")): Object: 'Object Repository/AdminSuiteBootstrap_Pages/VT_Bootstrap/SearchResults/button_PaymentID' is clicked on

2024-07-13 23:09:16 - [MESSAGE][PASSED] - Object: 'Object Repository/AdminSuiteBootstrap_Pages/VT_Bootstrap/SearchResults/button_PaymentID' is clicked on

2024-07-13 23:09:16 - [TEST_STEP][PASSED] - click(findTestObject(path_TranxDetails + "a_Void this transaction")): Object: 'Object Repository/AdminSuiteBootstrap_Pages/VT_Bootstrap/TransactionDetails/a_Void this transaction' is clicked on

2024-07-13 23:09:17 - [MESSAGE][PASSED] - Object: 'Object Repository/AdminSuiteBootstrap_Pages/VT_Bootstrap/TransactionDetails/a_Void this transaction' is clicked on

2024-07-13 23:09:17 - [TEST_STEP][PASSED] - click(findTestObject(path_TranxDetails + "button_Submit")): Object: 'Object Repository/AdminSuiteBootstrap_Pages/VT_Bootstrap/TransactionDetails/button_Submit' is clicked on

2024-07-13 23:09:18 - [MESSAGE][PASSED] - Object: 'Object Repository/AdminSuiteBootstrap_Pages/VT_Bootstrap/TransactionDetails/button_Submit' is clicked on

2024-07-13 23:09:18 - [TEST_STEP][PASSED] - verifyTextPresent("Transaction Successful", true): Text 'Transaction Successful' is present on page  using regular expression

2024-07-13 23:09:19 - [MESSAGE][PASSED] - Text 'Transaction Successful' is present on page  using regular expression

2024-07-13 23:09:19 - [TEST_STEP][PASSED] - ExecuteTC = findTestData(dataFile).getValue("Execute", row): null

2024-07-13 23:09:19 - [TEST_STEP][PASSED] - out.println("Value of Execute is : " + ExecuteTC): null

2024-07-13 23:09:19 - [TEST_STEP][PASSED] - switch (executionProfile): null

2024-07-13 23:09:19 - [TEST_STEP][PASSED] - case "QA2Profile":: null

2024-07-13 23:09:19 - [TEST_STEP][PASSED] - appName = findTestData(dataFile).getValue("AppNameQA", row): null

2024-07-13 23:09:19 - [TEST_STEP][PASSED] - appID = findTestData(dataFile).getValue("AppIDQA", row): null

2024-07-13 23:09:19 - [TEST_STEP][PASSED] - break: null

2024-07-13 23:09:19 - [TEST_STEP][PASSED] - cardNameV = findTestData(dataFile).getValue("NameV", row): null

2024-07-13 23:09:19 - [TEST_STEP][PASSED] - hrefAppID = li_1 + appID + li_2: null

2024-07-13 23:09:19 - [TEST_STEP][PASSED] - hrefApp = li_1 + appID + "/": null

2024-07-13 23:09:19 - [TEST_STEP][PASSED] - println("hrefApp : " + hrefApp): null

2024-07-13 23:09:19 - [TEST_STEP][PASSED] - if (ExecuteTC.equalsIgnoreCase("Y")): null

2024-07-13 23:09:19 - [TEST_STEP][PASSED] - out.println("Begin Record Number: " + row): null

2024-07-13 23:09:19 - [TEST_STEP][PASSED] - today = new java.util.Date(): null

2024-07-13 23:09:19 - [TEST_STEP][PASSED] - println(today): null

2024-07-13 23:09:19 - [TEST_STEP][PASSED] - datText = today: null

2024-07-13 23:09:19 - [TEST_STEP][PASSED] - adminSuiteBootstrap.loginFunctionality.login_AdminSuite(): adminSuiteBootstrap.loginFunctionality.login_AdminSuite is PASSED

2024-07-13 23:09:19 - [MESSAGE][WARNING] - A browser is already opened. Closing browser and opening a new one

2024-07-13 23:09:20 - [MESSAGE][INFO] - Starting 'Chrome' driver

2024-07-13 23:09:20 - [MESSAGE][INFO] - User set preference: ['acceptInsecureCerts', 'true']

2024-07-13 23:09:20 - [MESSAGE][INFO] - Action delay is set to 0 milliseconds

2024-07-13 23:09:23 - [MESSAGE][PASSED] - Browser is opened with url: 'https://qa2.velocitypayment.com/admin/imtiaz'

2024-07-13 23:09:23 - [MESSAGE][PASSED] - Current window maximized

2024-07-13 23:09:24 - [MESSAGE][PASSED] - Object 'Object Repository/Login_Page/Login_Username_Okta' is present

2024-07-13 23:09:25 - [MESSAGE][PASSED] - Text 'iahmed' is set on object 'Object Repository/Login_Page/Login_Username_Okta'

2024-07-13 23:09:26 - [MESSAGE][PASSED] - Text 'Hello!6666666' is set on object 'Object Repository/Login_Page/Login_Password_Okta'

2024-07-13 23:09:26 - [MESSAGE][PASSED] - Object: 'Object Repository/Login_Page/Login_Submit_Okta' is clicked on

2024-07-13 23:09:26 - [MESSAGE][PASSED] - adminSuiteBootstrap.loginFunctionality.login_AdminSuite is PASSED

2024-07-13 23:09:26 - [TEST_STEP][PASSED] - click(findTestObject(path_Dashboard + appName)): Object: 'Object Repository/AdminSuiteBootstrap_Pages/Dashboard_Bootstrap/a_Access AutoNoCFtp' is clicked on

2024-07-13 23:09:34 - [MESSAGE][PASSED] - Object: 'Object Repository/AdminSuiteBootstrap_Pages/Dashboard_Bootstrap/a_Access AutoNoCFtp' is clicked on

2024-07-13 23:09:34 - [TEST_STEP][PASSED] - click(findTestObject(path_VT + "button_Debit")): Object: 'Object Repository/AdminSuiteBootstrap_Pages/VT_Bootstrap/IssueTransactions/button_Debit' is clicked on

2024-07-13 23:09:35 - [MESSAGE][PASSED] - Object: 'Object Repository/AdminSuiteBootstrap_Pages/VT_Bootstrap/IssueTransactions/button_Debit' is clicked on

2024-07-13 23:09:35 - [TEST_STEP][PASSED] - click(findTestObject(path_VT + "a_Personal")): Object: 'Object Repository/AdminSuiteBootstrap_Pages/VT_Bootstrap/IssueTransactions/a_Personal' is clicked on

2024-07-13 23:09:36 - [MESSAGE][PASSED] - Object: 'Object Repository/AdminSuiteBootstrap_Pages/VT_Bootstrap/IssueTransactions/a_Personal' is clicked on

2024-07-13 23:09:36 - [TEST_STEP][PASSED] - adminSuiteBootstrap.debitPersonalsetData.debitPersonal_DataDriven(row, dataFile): adminSuiteBootstrap.debitPersonalsetData.debitPersonal_DataDriven is PASSED

2024-07-13 23:09:38 - [MESSAGE][PASSED] - Text 'John' is set on object 'Object Repository/AdminSuiteBootstrap_Pages/VT_Bootstrap/ACHPersonal/input_firstName'

2024-07-13 23:09:39 - [MESSAGE][PASSED] - Text 'Gordonas' is set on object 'Object Repository/AdminSuiteBootstrap_Pages/VT_Bootstrap/ACHPersonal/input_lastName'

2024-07-13 23:09:39 - [MESSAGE][PASSED] - Text '133 Meadow Ln' is set on object 'Object Repository/AdminSuiteBootstrap_Pages/VT_Bootstrap/ACHPersonal/input_address'

2024-07-13 23:09:40 - [MESSAGE][PASSED] - Text 'apt #123' is set on object 'Object Repository/AdminSuiteBootstrap_Pages/VT_Bootstrap/ACHPersonal/input_address2'

2024-07-13 23:09:41 - [MESSAGE][PASSED] - Text '22201' is set on object 'Object Repository/AdminSuiteBootstrap_Pages/VT_Bootstrap/ACHPersonal/input_zip'

2024-07-13 23:09:41 - [MESSAGE][PASSED] - Text '' is set on object 'Object Repository/AdminSuiteBootstrap_Pages/VT_Bootstrap/ACHPersonal/input_emailAddress'

2024-07-13 23:09:43 - [MESSAGE][PASSED] - Text '' is set on object 'Object Repository/AdminSuiteBootstrap_Pages/VT_Bootstrap/ACHPersonal/input_smsNumber'

2024-07-13 23:09:43 - [MESSAGE][PASSED] - Text '45681001' is set on object 'Object Repository/AdminSuiteBootstrap_Pages/VT_Bootstrap/ACHPersonal/input_accountNumber'

2024-07-13 23:09:44 - [MESSAGE][PASSED] - Text '256072691' is set on object 'Object Repository/AdminSuiteBootstrap_Pages/VT_Bootstrap/ACHPersonal/input_routingNumber'

2024-07-13 23:09:45 - [MESSAGE][PASSED] - All options with label 'Checking' are selected in object 'Object Repository/AdminSuiteBootstrap_Pages/VT_Bootstrap/ACHPersonal/select_AccountType'  using regular expression

2024-07-13 23:09:46 - [MESSAGE][PASSED] - All options with label 'PPD - Prearranged Payment and Deposit Entry' are selected in object 'Object Repository/AdminSuiteBootstrap_Pages/VT_Bootstrap/ACHPersonal/select_STD'  using regular expression

2024-07-13 23:09:47 - [MESSAGE][PASSED] - Text '11.5' is set on object 'Object Repository/AdminSuiteBootstrap_Pages/VT_Bootstrap/ACHPersonal/input_amount'

2024-07-13 23:09:48 - [MESSAGE][PASSED] - Text 'Denmark' is set on object 'Object Repository/AdminSuiteBootstrap_Pages/VT_Bootstrap/ACHPersonal/input_userDefined1'

2024-07-13 23:09:48 - [MESSAGE][PASSED] - Text 'Is Dil Se' is set on object 'Object Repository/AdminSuiteBootstrap_Pages/VT_Bootstrap/ACHPersonal/input_userDefined2'

2024-07-13 23:09:49 - [MESSAGE][PASSED] - Text 'Austria' is set on object 'Object Repository/AdminSuiteBootstrap_Pages/VT_Bootstrap/ACHPersonal/input_userDefined3'

2024-07-13 23:09:50 - [MESSAGE][PASSED] - Text 'Sweden' is set on object 'Object Repository/AdminSuiteBootstrap_Pages/VT_Bootstrap/ACHPersonal/input_userDefined4'

2024-07-13 23:09:51 - [MESSAGE][PASSED] - All options with label 'Yellow' are selected in object 'Object Repository/AdminSuiteBootstrap_Pages/VT_Bootstrap/ACHPersonal/select_UDF5'  using regular expression

2024-07-13 23:09:52 - [MESSAGE][PASSED] - All options with label 'Orange' are selected in object 'Object Repository/AdminSuiteBootstrap_Pages/VT_Bootstrap/ACHPersonal/select_UDF6'  using regular expression

2024-07-13 23:09:53 - [MESSAGE][PASSED] - Text 'Netherlands' is set on object 'Object Repository/AdminSuiteBootstrap_Pages/VT_Bootstrap/ACHPersonal/input_userDefined7'

2024-07-13 23:09:53 - [MESSAGE][PASSED] - Text 'Norway' is set on object 'Object Repository/AdminSuiteBootstrap_Pages/VT_Bootstrap/ACHPersonal/input_userDefined8'

2024-07-13 23:09:54 - [MESSAGE][PASSED] - Text 'France' is set on object 'Object Repository/AdminSuiteBootstrap_Pages/VT_Bootstrap/ACHPersonal/input_userDefined9'

2024-07-13 23:09:55 - [MESSAGE][PASSED] - Text 'Switzerland' is set on object 'Object Repository/AdminSuiteBootstrap_Pages/VT_Bootstrap/ACHPersonal/input_userDefined10'

2024-07-13 23:09:56 - [MESSAGE][PASSED] - Object: 'Object Repository/AdminSuiteBootstrap_Pages/VT_Bootstrap/ACHPersonal/button_Submit' is clicked on

2024-07-13 23:09:56 - [MESSAGE][PASSED] - adminSuiteBootstrap.debitPersonalsetData.debitPersonal_DataDriven is PASSED

2024-07-13 23:09:56 - [TEST_STEP][PASSED] - if (verifyTextPresent("Transaction Successful", true)): null

2024-07-13 23:09:56 - [MESSAGE][PASSED] - Text 'Transaction Successful' is present on page  using regular expression

2024-07-13 23:09:56 - [TEST_STEP][PASSED] - sdf = getText(findTestObject(path_Receipt + "td_AutoNoC031622113752957Ahm")): Text of object 'Object Repository/AdminSuiteBootstrap_Pages/VT_Bootstrap/Receipt/td_AutoNoC031622113752957Ahm' is: 'AutoNoCFtp071324230227Ahm'

2024-07-13 23:09:57 - [MESSAGE][PASSED] - Text of object 'Object Repository/AdminSuiteBootstrap_Pages/VT_Bootstrap/Receipt/td_AutoNoC031622113752957Ahm' is: 'AutoNoCFtp071324230227Ahm'

2024-07-13 23:09:57 - [TEST_STEP][PASSED] - out.println("sdf: " + sdf): null

2024-07-13 23:09:57 - [TEST_STEP][PASSED] - remID = sdf: null

2024-07-13 23:09:57 - [TEST_STEP][PASSED] - out.println("remID: " + remID): null

2024-07-13 23:09:57 - [TEST_STEP][PASSED] - click(findTestObject(path_Receipt + "button_Continue")): Object: 'Object Repository/AdminSuiteBootstrap_Pages/VT_Bootstrap/Receipt/button_Continue' is clicked on

2024-07-13 23:09:57 - [MESSAGE][PASSED] - Object: 'Object Repository/AdminSuiteBootstrap_Pages/VT_Bootstrap/Receipt/button_Continue' is clicked on

2024-07-13 23:09:57 - [TEST_STEP][PASSED] - click(findTestObject(path_VT + "a_Search Transactions")): Object: 'Object Repository/AdminSuiteBootstrap_Pages/VT_Bootstrap/IssueTransactions/a_Search Transactions' is clicked on

2024-07-13 23:09:58 - [MESSAGE][PASSED] - Object: 'Object Repository/AdminSuiteBootstrap_Pages/VT_Bootstrap/IssueTransactions/a_Search Transactions' is clicked on

2024-07-13 23:09:58 - [TEST_STEP][PASSED] - setText(findTestObject(path_CCSearch + "input_Search By_searchValue"), remID): Text 'AutoNoCFtp071324230227Ahm' is set on object 'Object Repository/AdminSuiteBootstrap_Pages/VT_Bootstrap/CCCreditOrVoidSearch/input_Search By_searchValue'

2024-07-13 23:09:59 - [MESSAGE][PASSED] - Text 'AutoNoCFtp071324230227Ahm' is set on object 'Object Repository/AdminSuiteBootstrap_Pages/VT_Bootstrap/CCCreditOrVoidSearch/input_Search By_searchValue'

2024-07-13 23:09:59 - [TEST_STEP][PASSED] - click(findTestObject(path_CCSearch + "button_Submit")): Object: 'Object Repository/AdminSuiteBootstrap_Pages/VT_Bootstrap/CCCreditOrVoidSearch/button_Submit' is clicked on

2024-07-13 23:10:00 - [MESSAGE][PASSED] - Object: 'Object Repository/AdminSuiteBootstrap_Pages/VT_Bootstrap/CCCreditOrVoidSearch/button_Submit' is clicked on

2024-07-13 23:10:00 - [TEST_STEP][PASSED] - fgr = getText(findTestObject(path_SearchResults + "div_Payment ID")): Text of object 'Object Repository/AdminSuiteBootstrap_Pages/VT_Bootstrap/SearchResults/div_Payment ID' is: 'Payment ID
Payment Type
Transaction Type
Remittance ID
Name
Total Amount
End Date
Status
12155088 Online Check Debit AutoNoCFtp071324230227Ahm John Gordonas $11.50 07/13/2024 Success'

2024-07-13 23:10:01 - [MESSAGE][PASSED] - Text of object 'Object Repository/AdminSuiteBootstrap_Pages/VT_Bootstrap/SearchResults/div_Payment ID' is: 'Payment ID
Payment Type
Transaction Type
Remittance ID
Name
Total Amount
End Date
Status
12155088 Online Check Debit AutoNoCFtp071324230227Ahm John Gordonas $11.50 07/13/2024 Success'

2024-07-13 23:10:01 - [TEST_STEP][PASSED] - payID = substring(89, 98).trim(): null

2024-07-13 23:10:01 - [TEST_STEP][PASSED] - out.println("payID: " + payID): null

2024-07-13 23:10:01 - [TEST_STEP][PASSED] - click(findTestObject(path_SearchResults + "button_Modify Search Criteria")): Object: 'Object Repository/AdminSuiteBootstrap_Pages/VT_Bootstrap/SearchResults/button_Modify Search Criteria' is clicked on

2024-07-13 23:10:01 - [MESSAGE][PASSED] - Object: 'Object Repository/AdminSuiteBootstrap_Pages/VT_Bootstrap/SearchResults/button_Modify Search Criteria' is clicked on

2024-07-13 23:10:01 - [TEST_STEP][PASSED] - adminSuiteBootstrap.searchTransactions.searchTransactions_DataDriven(row, dataFile, remID, payID): adminSuiteBootstrap.searchTransactions.searchTransactions_DataDriven is PASSED

2024-07-13 23:10:02 - [MESSAGE][PASSED] - All options with label 'UDF Label: UDF2' are selected in object 'Object Repository/AdminSuiteBootstrap_Pages/VT_Bootstrap/CCCreditOrVoidSearch/select_SearchBy' 

2024-07-13 23:10:03 - [MESSAGE][PASSED] - Text 'Is Dil Se' is set on object 'Object Repository/AdminSuiteBootstrap_Pages/VT_Bootstrap/CCCreditOrVoidSearch/input_Search By_searchValue'

2024-07-13 23:10:04 - [MESSAGE][PASSED] - Object: 'Object Repository/AdminSuiteBootstrap_Pages/VT_Bootstrap/CCCreditOrVoidSearch/button_Submit' is clicked on

2024-07-13 23:10:04 - [MESSAGE][PASSED] - adminSuiteBootstrap.searchTransactions.searchTransactions_DataDriven is PASSED

2024-07-13 23:10:04 - [TEST_STEP][PASSED] - if (verifyTextPresent(remID, true)): null

2024-07-13 23:10:04 - [MESSAGE][PASSED] - Text 'AutoNoCFtp071324230227Ahm' is present on page  using regular expression

2024-07-13 23:10:04 - [TEST_STEP][PASSED] - resText = "Pass": null

2024-07-13 23:10:04 - [TEST_STEP][PASSED] - pages.WriteExcel.demoKey(resText, datText, resColumn, datCloumn, fileLoc, nameSheet, row): pages.WriteExcel.demoKey is PASSED

2024-07-13 23:10:04 - [MESSAGE][PASSED] - pages.WriteExcel.demoKey is PASSED

2024-07-13 23:10:04 - [TEST_STEP][PASSED] - verifyTextPresent("Transactions Matching Search Criteria", true): Text 'Transactions Matching Search Criteria' is present on page  using regular expression

2024-07-13 23:10:05 - [MESSAGE][PASSED] - Text 'Transactions Matching Search Criteria' is present on page  using regular expression

2024-07-13 23:10:05 - [TEST_STEP][PASSED] - verifyTextPresent("Payment ID", true): Text 'Payment ID' is present on page  using regular expression

2024-07-13 23:10:05 - [MESSAGE][PASSED] - Text 'Payment ID' is present on page  using regular expression

2024-07-13 23:10:05 - [TEST_STEP][PASSED] - verifyTextPresent("Payment Type", true): Text 'Payment Type' is present on page  using regular expression

2024-07-13 23:10:05 - [MESSAGE][PASSED] - Text 'Payment Type' is present on page  using regular expression

2024-07-13 23:10:05 - [TEST_STEP][PASSED] - verifyTextPresent("Transaction Type", true): Text 'Transaction Type' is present on page  using regular expression

2024-07-13 23:10:06 - [MESSAGE][PASSED] - Text 'Transaction Type' is present on page  using regular expression

2024-07-13 23:10:06 - [TEST_STEP][PASSED] - verifyTextPresent("Remittance ID", true): Text 'Remittance ID' is present on page  using regular expression

2024-07-13 23:10:06 - [MESSAGE][PASSED] - Text 'Remittance ID' is present on page  using regular expression

2024-07-13 23:10:06 - [TEST_STEP][PASSED] - verifyTextPresent("Name", true): Text 'Name' is present on page  using regular expression

2024-07-13 23:10:06 - [MESSAGE][PASSED] - Text 'Name' is present on page  using regular expression

2024-07-13 23:10:06 - [TEST_STEP][PASSED] - verifyTextPresent("Total Amount", true): Text 'Total Amount' is present on page  using regular expression

2024-07-13 23:10:06 - [MESSAGE][PASSED] - Text 'Total Amount' is present on page  using regular expression

2024-07-13 23:10:06 - [TEST_STEP][PASSED] - verifyTextPresent("End Date", true): Text 'End Date' is present on page  using regular expression

2024-07-13 23:10:07 - [MESSAGE][PASSED] - Text 'End Date' is present on page  using regular expression

2024-07-13 23:10:07 - [TEST_STEP][PASSED] - verifyTextPresent("Status", true): Text 'Status' is present on page  using regular expression

2024-07-13 23:10:07 - [MESSAGE][PASSED] - Text 'Status' is present on page  using regular expression

2024-07-13 23:10:07 - [TEST_STEP][PASSED] - verifyTextPresent("Debit", true): Text 'Debit' is present on page  using regular expression

2024-07-13 23:10:07 - [MESSAGE][PASSED] - Text 'Debit' is present on page  using regular expression

2024-07-13 23:10:07 - [TEST_STEP][PASSED] - verifyTextPresent("Online Check", true): Text 'Online Check' is present on page  using regular expression

2024-07-13 23:10:08 - [MESSAGE][PASSED] - Text 'Online Check' is present on page  using regular expression

2024-07-13 23:10:08 - [TEST_STEP][PASSED] - verifyTextPresent(cardNameV, true): Text 'John Gordonas' is present on page  using regular expression

2024-07-13 23:10:08 - [MESSAGE][PASSED] - Text 'John Gordonas' is present on page  using regular expression

2024-07-13 23:10:08 - [TEST_STEP][PASSED] - verifyTextPresent("Success", true): Text 'Success' is present on page  using regular expression

2024-07-13 23:10:08 - [MESSAGE][PASSED] - Text 'Success' is present on page  using regular expression

2024-07-13 23:10:08 - [TEST_STEP][PASSED] - verifyElementPresent(findTestObject(path_SearchResults + "button_PaymentID"), 10): Object 'Object Repository/AdminSuiteBootstrap_Pages/VT_Bootstrap/SearchResults/button_PaymentID' is present

2024-07-13 23:10:09 - [MESSAGE][PASSED] - Object 'Object Repository/AdminSuiteBootstrap_Pages/VT_Bootstrap/SearchResults/button_PaymentID' is present

2024-07-13 23:10:09 - [TEST_STEP][PASSED] - click(findTestObject(path_SearchResults + "button_PaymentID")): Object: 'Object Repository/AdminSuiteBootstrap_Pages/VT_Bootstrap/SearchResults/button_PaymentID' is clicked on

2024-07-13 23:10:09 - [MESSAGE][PASSED] - Object: 'Object Repository/AdminSuiteBootstrap_Pages/VT_Bootstrap/SearchResults/button_PaymentID' is clicked on

2024-07-13 23:10:09 - [TEST_STEP][PASSED] - click(findTestObject(path_TranxDetails + "a_Void this transaction")): Object: 'Object Repository/AdminSuiteBootstrap_Pages/VT_Bootstrap/TransactionDetails/a_Void this transaction' is clicked on

2024-07-13 23:10:10 - [MESSAGE][PASSED] - Object: 'Object Repository/AdminSuiteBootstrap_Pages/VT_Bootstrap/TransactionDetails/a_Void this transaction' is clicked on

2024-07-13 23:10:10 - [TEST_STEP][PASSED] - click(findTestObject(path_TranxDetails + "button_Submit")): Object: 'Object Repository/AdminSuiteBootstrap_Pages/VT_Bootstrap/TransactionDetails/button_Submit' is clicked on

2024-07-13 23:10:11 - [MESSAGE][PASSED] - Object: 'Object Repository/AdminSuiteBootstrap_Pages/VT_Bootstrap/TransactionDetails/button_Submit' is clicked on

2024-07-13 23:10:11 - [TEST_STEP][PASSED] - verifyTextPresent("Transaction Successful", true): Text 'Transaction Successful' is present on page  using regular expression

2024-07-13 23:10:12 - [MESSAGE][PASSED] - Text 'Transaction Successful' is present on page  using regular expression

2024-07-13 23:10:12 - [TEST_STEP][PASSED] - ExecuteTC = findTestData(dataFile).getValue("Execute", row): null

2024-07-13 23:10:12 - [TEST_STEP][PASSED] - out.println("Value of Execute is : " + ExecuteTC): null

2024-07-13 23:10:12 - [TEST_STEP][PASSED] - switch (executionProfile): null

2024-07-13 23:10:12 - [TEST_STEP][PASSED] - case "QA2Profile":: null

2024-07-13 23:10:12 - [TEST_STEP][PASSED] - appName = findTestData(dataFile).getValue("AppNameQA", row): null

2024-07-13 23:10:12 - [TEST_STEP][PASSED] - appID = findTestData(dataFile).getValue("AppIDQA", row): null

2024-07-13 23:10:12 - [TEST_STEP][PASSED] - break: null

2024-07-13 23:10:12 - [TEST_STEP][PASSED] - cardNameV = findTestData(dataFile).getValue("NameV", row): null

2024-07-13 23:10:12 - [TEST_STEP][PASSED] - hrefAppID = li_1 + appID + li_2: null

2024-07-13 23:10:12 - [TEST_STEP][PASSED] - hrefApp = li_1 + appID + "/": null

2024-07-13 23:10:12 - [TEST_STEP][PASSED] - println("hrefApp : " + hrefApp): null

2024-07-13 23:10:12 - [TEST_STEP][PASSED] - if (ExecuteTC.equalsIgnoreCase("Y")): null

2024-07-13 23:10:12 - [TEST_STEP][PASSED] - out.println("Begin Record Number: " + row): null

2024-07-13 23:10:12 - [TEST_STEP][PASSED] - today = new java.util.Date(): null

2024-07-13 23:10:12 - [TEST_STEP][PASSED] - println(today): null

2024-07-13 23:10:12 - [TEST_STEP][PASSED] - datText = today: null

2024-07-13 23:10:12 - [TEST_STEP][PASSED] - adminSuiteBootstrap.loginFunctionality.login_AdminSuite(): adminSuiteBootstrap.loginFunctionality.login_AdminSuite is PASSED

2024-07-13 23:10:12 - [MESSAGE][WARNING] - A browser is already opened. Closing browser and opening a new one

2024-07-13 23:10:13 - [MESSAGE][INFO] - Starting 'Chrome' driver

2024-07-13 23:10:13 - [MESSAGE][INFO] - User set preference: ['acceptInsecureCerts', 'true']

2024-07-13 23:10:13 - [MESSAGE][INFO] - Action delay is set to 0 milliseconds

2024-07-13 23:10:15 - [MESSAGE][PASSED] - Browser is opened with url: 'https://qa2.velocitypayment.com/admin/imtiaz'

2024-07-13 23:10:16 - [MESSAGE][PASSED] - Current window maximized

2024-07-13 23:10:17 - [MESSAGE][PASSED] - Object 'Object Repository/Login_Page/Login_Username_Okta' is present

2024-07-13 23:10:17 - [MESSAGE][PASSED] - Text 'iahmed' is set on object 'Object Repository/Login_Page/Login_Username_Okta'

2024-07-13 23:10:18 - [MESSAGE][PASSED] - Text 'Hello!6666666' is set on object 'Object Repository/Login_Page/Login_Password_Okta'

2024-07-13 23:10:19 - [MESSAGE][PASSED] - Object: 'Object Repository/Login_Page/Login_Submit_Okta' is clicked on

2024-07-13 23:10:19 - [MESSAGE][PASSED] - adminSuiteBootstrap.loginFunctionality.login_AdminSuite is PASSED

2024-07-13 23:10:19 - [TEST_STEP][PASSED] - click(findTestObject(path_Dashboard + appName)): Object: 'Object Repository/AdminSuiteBootstrap_Pages/Dashboard_Bootstrap/a_Access AutoNoCFtp' is clicked on

2024-07-13 23:10:27 - [MESSAGE][PASSED] - Object: 'Object Repository/AdminSuiteBootstrap_Pages/Dashboard_Bootstrap/a_Access AutoNoCFtp' is clicked on

2024-07-13 23:10:27 - [TEST_STEP][PASSED] - click(findTestObject(path_VT + "button_Debit")): Object: 'Object Repository/AdminSuiteBootstrap_Pages/VT_Bootstrap/IssueTransactions/button_Debit' is clicked on

2024-07-13 23:10:28 - [MESSAGE][PASSED] - Object: 'Object Repository/AdminSuiteBootstrap_Pages/VT_Bootstrap/IssueTransactions/button_Debit' is clicked on

2024-07-13 23:10:28 - [TEST_STEP][PASSED] - click(findTestObject(path_VT + "a_Personal")): Object: 'Object Repository/AdminSuiteBootstrap_Pages/VT_Bootstrap/IssueTransactions/a_Personal' is clicked on

2024-07-13 23:10:28 - [MESSAGE][PASSED] - Object: 'Object Repository/AdminSuiteBootstrap_Pages/VT_Bootstrap/IssueTransactions/a_Personal' is clicked on

2024-07-13 23:10:28 - [TEST_STEP][PASSED] - adminSuiteBootstrap.debitPersonalsetData.debitPersonal_DataDriven(row, dataFile): adminSuiteBootstrap.debitPersonalsetData.debitPersonal_DataDriven is PASSED

2024-07-13 23:10:30 - [MESSAGE][PASSED] - Text 'Veronika' is set on object 'Object Repository/AdminSuiteBootstrap_Pages/VT_Bootstrap/ACHPersonal/input_firstName'

2024-07-13 23:10:31 - [MESSAGE][PASSED] - Text 'Inouye' is set on object 'Object Repository/AdminSuiteBootstrap_Pages/VT_Bootstrap/ACHPersonal/input_lastName'

2024-07-13 23:10:32 - [MESSAGE][PASSED] - Text '6 Greenleaf Ave' is set on object 'Object Repository/AdminSuiteBootstrap_Pages/VT_Bootstrap/ACHPersonal/input_address'

2024-07-13 23:10:32 - [MESSAGE][PASSED] - Text 'apt #3' is set on object 'Object Repository/AdminSuiteBootstrap_Pages/VT_Bootstrap/ACHPersonal/input_address2'

2024-07-13 23:10:33 - [MESSAGE][PASSED] - Text '22201' is set on object 'Object Repository/AdminSuiteBootstrap_Pages/VT_Bootstrap/ACHPersonal/input_zip'

2024-07-13 23:10:34 - [MESSAGE][PASSED] - Text '' is set on object 'Object Repository/AdminSuiteBootstrap_Pages/VT_Bootstrap/ACHPersonal/input_emailAddress'

2024-07-13 23:10:35 - [MESSAGE][PASSED] - Text '' is set on object 'Object Repository/AdminSuiteBootstrap_Pages/VT_Bootstrap/ACHPersonal/input_smsNumber'

2024-07-13 23:10:36 - [MESSAGE][PASSED] - Text '45681002' is set on object 'Object Repository/AdminSuiteBootstrap_Pages/VT_Bootstrap/ACHPersonal/input_accountNumber'

2024-07-13 23:10:37 - [MESSAGE][PASSED] - Text '256072691' is set on object 'Object Repository/AdminSuiteBootstrap_Pages/VT_Bootstrap/ACHPersonal/input_routingNumber'

2024-07-13 23:10:38 - [MESSAGE][PASSED] - All options with label 'Checking' are selected in object 'Object Repository/AdminSuiteBootstrap_Pages/VT_Bootstrap/ACHPersonal/select_AccountType'  using regular expression

2024-07-13 23:10:39 - [MESSAGE][PASSED] - All options with label 'TEL - Telephone-Initiated Entry' are selected in object 'Object Repository/AdminSuiteBootstrap_Pages/VT_Bootstrap/ACHPersonal/select_STD'  using regular expression

2024-07-13 23:10:40 - [MESSAGE][PASSED] - Text '11.5' is set on object 'Object Repository/AdminSuiteBootstrap_Pages/VT_Bootstrap/ACHPersonal/input_amount'

2024-07-13 23:10:40 - [MESSAGE][PASSED] - Text 'Denmark' is set on object 'Object Repository/AdminSuiteBootstrap_Pages/VT_Bootstrap/ACHPersonal/input_userDefined1'

2024-07-13 23:10:41 - [MESSAGE][PASSED] - Text 'Australia' is set on object 'Object Repository/AdminSuiteBootstrap_Pages/VT_Bootstrap/ACHPersonal/input_userDefined2'

2024-07-13 23:10:42 - [MESSAGE][PASSED] - Text 'Aah Nikalti Rahi' is set on object 'Object Repository/AdminSuiteBootstrap_Pages/VT_Bootstrap/ACHPersonal/input_userDefined3'

2024-07-13 23:10:43 - [MESSAGE][PASSED] - Text 'Sweden' is set on object 'Object Repository/AdminSuiteBootstrap_Pages/VT_Bootstrap/ACHPersonal/input_userDefined4'

2024-07-13 23:10:44 - [MESSAGE][PASSED] - All options with label 'Yellow' are selected in object 'Object Repository/AdminSuiteBootstrap_Pages/VT_Bootstrap/ACHPersonal/select_UDF5'  using regular expression

2024-07-13 23:10:45 - [MESSAGE][PASSED] - All options with label 'Orange' are selected in object 'Object Repository/AdminSuiteBootstrap_Pages/VT_Bootstrap/ACHPersonal/select_UDF6'  using regular expression

2024-07-13 23:10:45 - [MESSAGE][PASSED] - Text 'Netherlands' is set on object 'Object Repository/AdminSuiteBootstrap_Pages/VT_Bootstrap/ACHPersonal/input_userDefined7'

2024-07-13 23:10:46 - [MESSAGE][PASSED] - Text 'Norway' is set on object 'Object Repository/AdminSuiteBootstrap_Pages/VT_Bootstrap/ACHPersonal/input_userDefined8'

2024-07-13 23:10:47 - [MESSAGE][PASSED] - Text 'France' is set on object 'Object Repository/AdminSuiteBootstrap_Pages/VT_Bootstrap/ACHPersonal/input_userDefined9'

2024-07-13 23:10:47 - [MESSAGE][PASSED] - Text 'Switzerland' is set on object 'Object Repository/AdminSuiteBootstrap_Pages/VT_Bootstrap/ACHPersonal/input_userDefined10'

2024-07-13 23:10:48 - [MESSAGE][PASSED] - Object: 'Object Repository/AdminSuiteBootstrap_Pages/VT_Bootstrap/ACHPersonal/button_Submit' is clicked on

2024-07-13 23:10:48 - [MESSAGE][PASSED] - adminSuiteBootstrap.debitPersonalsetData.debitPersonal_DataDriven is PASSED

2024-07-13 23:10:48 - [TEST_STEP][PASSED] - if (verifyTextPresent("Transaction Successful", true)): null

2024-07-13 23:10:49 - [MESSAGE][PASSED] - Text 'Transaction Successful' is present on page  using regular expression

2024-07-13 23:10:49 - [TEST_STEP][PASSED] - sdf = getText(findTestObject(path_Receipt + "td_AutoNoC031622113752957Ahm")): Text of object 'Object Repository/AdminSuiteBootstrap_Pages/VT_Bootstrap/Receipt/td_AutoNoC031622113752957Ahm' is: 'AutoNoCFtp071324230320Ahm'

2024-07-13 23:10:49 - [MESSAGE][PASSED] - Text of object 'Object Repository/AdminSuiteBootstrap_Pages/VT_Bootstrap/Receipt/td_AutoNoC031622113752957Ahm' is: 'AutoNoCFtp071324230320Ahm'

2024-07-13 23:10:49 - [TEST_STEP][PASSED] - out.println("sdf: " + sdf): null

2024-07-13 23:10:49 - [TEST_STEP][PASSED] - remID = sdf: null

2024-07-13 23:10:49 - [TEST_STEP][PASSED] - out.println("remID: " + remID): null

2024-07-13 23:10:49 - [TEST_STEP][PASSED] - click(findTestObject(path_Receipt + "button_Continue")): Object: 'Object Repository/AdminSuiteBootstrap_Pages/VT_Bootstrap/Receipt/button_Continue' is clicked on

2024-07-13 23:10:50 - [MESSAGE][PASSED] - Object: 'Object Repository/AdminSuiteBootstrap_Pages/VT_Bootstrap/Receipt/button_Continue' is clicked on

2024-07-13 23:10:50 - [TEST_STEP][PASSED] - click(findTestObject(path_VT + "a_Search Transactions")): Object: 'Object Repository/AdminSuiteBootstrap_Pages/VT_Bootstrap/IssueTransactions/a_Search Transactions' is clicked on

2024-07-13 23:10:51 - [MESSAGE][PASSED] - Object: 'Object Repository/AdminSuiteBootstrap_Pages/VT_Bootstrap/IssueTransactions/a_Search Transactions' is clicked on

2024-07-13 23:10:51 - [TEST_STEP][PASSED] - setText(findTestObject(path_CCSearch + "input_Search By_searchValue"), remID): Text 'AutoNoCFtp071324230320Ahm' is set on object 'Object Repository/AdminSuiteBootstrap_Pages/VT_Bootstrap/CCCreditOrVoidSearch/input_Search By_searchValue'

2024-07-13 23:10:52 - [MESSAGE][PASSED] - Text 'AutoNoCFtp071324230320Ahm' is set on object 'Object Repository/AdminSuiteBootstrap_Pages/VT_Bootstrap/CCCreditOrVoidSearch/input_Search By_searchValue'

2024-07-13 23:10:52 - [TEST_STEP][PASSED] - click(findTestObject(path_CCSearch + "button_Submit")): Object: 'Object Repository/AdminSuiteBootstrap_Pages/VT_Bootstrap/CCCreditOrVoidSearch/button_Submit' is clicked on

2024-07-13 23:10:53 - [MESSAGE][PASSED] - Object: 'Object Repository/AdminSuiteBootstrap_Pages/VT_Bootstrap/CCCreditOrVoidSearch/button_Submit' is clicked on

2024-07-13 23:10:53 - [TEST_STEP][PASSED] - fgr = getText(findTestObject(path_SearchResults + "div_Payment ID")): Text of object 'Object Repository/AdminSuiteBootstrap_Pages/VT_Bootstrap/SearchResults/div_Payment ID' is: 'Payment ID
Payment Type
Transaction Type
Remittance ID
Name
Total Amount
End Date
Status
12155090 Online Check Debit AutoNoCFtp071324230320Ahm Veronika Inouye $11.50 07/13/2024 Success'

2024-07-13 23:10:53 - [MESSAGE][PASSED] - Text of object 'Object Repository/AdminSuiteBootstrap_Pages/VT_Bootstrap/SearchResults/div_Payment ID' is: 'Payment ID
Payment Type
Transaction Type
Remittance ID
Name
Total Amount
End Date
Status
12155090 Online Check Debit AutoNoCFtp071324230320Ahm Veronika Inouye $11.50 07/13/2024 Success'

2024-07-13 23:10:53 - [TEST_STEP][PASSED] - payID = substring(89, 98).trim(): null

2024-07-13 23:10:53 - [TEST_STEP][PASSED] - out.println("payID: " + payID): null

2024-07-13 23:10:53 - [TEST_STEP][PASSED] - click(findTestObject(path_SearchResults + "button_Modify Search Criteria")): Object: 'Object Repository/AdminSuiteBootstrap_Pages/VT_Bootstrap/SearchResults/button_Modify Search Criteria' is clicked on

2024-07-13 23:10:54 - [MESSAGE][PASSED] - Object: 'Object Repository/AdminSuiteBootstrap_Pages/VT_Bootstrap/SearchResults/button_Modify Search Criteria' is clicked on

2024-07-13 23:10:54 - [TEST_STEP][PASSED] - adminSuiteBootstrap.searchTransactions.searchTransactions_DataDriven(row, dataFile, remID, payID): adminSuiteBootstrap.searchTransactions.searchTransactions_DataDriven is PASSED

2024-07-13 23:10:55 - [MESSAGE][PASSED] - All options with label 'UDF Label: UDF3' are selected in object 'Object Repository/AdminSuiteBootstrap_Pages/VT_Bootstrap/CCCreditOrVoidSearch/select_SearchBy' 

2024-07-13 23:10:55 - [MESSAGE][PASSED] - Text 'Aah Nikalti Rahi' is set on object 'Object Repository/AdminSuiteBootstrap_Pages/VT_Bootstrap/CCCreditOrVoidSearch/input_Search By_searchValue'

2024-07-13 23:10:56 - [MESSAGE][PASSED] - Object: 'Object Repository/AdminSuiteBootstrap_Pages/VT_Bootstrap/CCCreditOrVoidSearch/button_Submit' is clicked on

2024-07-13 23:10:56 - [MESSAGE][PASSED] - adminSuiteBootstrap.searchTransactions.searchTransactions_DataDriven is PASSED

2024-07-13 23:10:56 - [TEST_STEP][PASSED] - if (verifyTextPresent(remID, true)): null

2024-07-13 23:10:57 - [MESSAGE][PASSED] - Text 'AutoNoCFtp071324230320Ahm' is present on page  using regular expression

2024-07-13 23:10:57 - [TEST_STEP][PASSED] - resText = "Pass": null

2024-07-13 23:10:57 - [TEST_STEP][PASSED] - pages.WriteExcel.demoKey(resText, datText, resColumn, datCloumn, fileLoc, nameSheet, row): pages.WriteExcel.demoKey is PASSED

2024-07-13 23:10:57 - [MESSAGE][PASSED] - pages.WriteExcel.demoKey is PASSED

2024-07-13 23:10:57 - [TEST_STEP][PASSED] - verifyTextPresent("Transactions Matching Search Criteria", true): Text 'Transactions Matching Search Criteria' is present on page  using regular expression

2024-07-13 23:10:57 - [MESSAGE][PASSED] - Text 'Transactions Matching Search Criteria' is present on page  using regular expression

2024-07-13 23:10:57 - [TEST_STEP][PASSED] - verifyTextPresent("Payment ID", true): Text 'Payment ID' is present on page  using regular expression

2024-07-13 23:10:57 - [MESSAGE][PASSED] - Text 'Payment ID' is present on page  using regular expression

2024-07-13 23:10:57 - [TEST_STEP][PASSED] - verifyTextPresent("Payment Type", true): Text 'Payment Type' is present on page  using regular expression

2024-07-13 23:10:58 - [MESSAGE][PASSED] - Text 'Payment Type' is present on page  using regular expression

2024-07-13 23:10:58 - [TEST_STEP][PASSED] - verifyTextPresent("Transaction Type", true): Text 'Transaction Type' is present on page  using regular expression

2024-07-13 23:10:58 - [MESSAGE][PASSED] - Text 'Transaction Type' is present on page  using regular expression

2024-07-13 23:10:58 - [TEST_STEP][PASSED] - verifyTextPresent("Remittance ID", true): Text 'Remittance ID' is present on page  using regular expression

2024-07-13 23:10:58 - [MESSAGE][PASSED] - Text 'Remittance ID' is present on page  using regular expression

2024-07-13 23:10:58 - [TEST_STEP][PASSED] - verifyTextPresent("Name", true): Text 'Name' is present on page  using regular expression

2024-07-13 23:10:59 - [MESSAGE][PASSED] - Text 'Name' is present on page  using regular expression

2024-07-13 23:10:59 - [TEST_STEP][PASSED] - verifyTextPresent("Total Amount", true): Text 'Total Amount' is present on page  using regular expression

2024-07-13 23:10:59 - [MESSAGE][PASSED] - Text 'Total Amount' is present on page  using regular expression

2024-07-13 23:10:59 - [TEST_STEP][PASSED] - verifyTextPresent("End Date", true): Text 'End Date' is present on page  using regular expression

2024-07-13 23:10:59 - [MESSAGE][PASSED] - Text 'End Date' is present on page  using regular expression

2024-07-13 23:10:59 - [TEST_STEP][PASSED] - verifyTextPresent("Status", true): Text 'Status' is present on page  using regular expression

2024-07-13 23:10:59 - [MESSAGE][PASSED] - Text 'Status' is present on page  using regular expression

2024-07-13 23:10:59 - [TEST_STEP][PASSED] - verifyTextPresent("Debit", true): Text 'Debit' is present on page  using regular expression

2024-07-13 23:11:00 - [MESSAGE][PASSED] - Text 'Debit' is present on page  using regular expression

2024-07-13 23:11:00 - [TEST_STEP][PASSED] - verifyTextPresent("Online Check", true): Text 'Online Check' is present on page  using regular expression

2024-07-13 23:11:00 - [MESSAGE][PASSED] - Text 'Online Check' is present on page  using regular expression

2024-07-13 23:11:00 - [TEST_STEP][PASSED] - verifyTextPresent(cardNameV, true): Text 'Veronika Inouye' is present on page  using regular expression

2024-07-13 23:11:00 - [MESSAGE][PASSED] - Text 'Veronika Inouye' is present on page  using regular expression

2024-07-13 23:11:00 - [TEST_STEP][PASSED] - verifyTextPresent("Success", true): Text 'Success' is present on page  using regular expression

2024-07-13 23:11:01 - [MESSAGE][PASSED] - Text 'Success' is present on page  using regular expression

2024-07-13 23:11:01 - [TEST_STEP][PASSED] - verifyElementPresent(findTestObject(path_SearchResults + "button_PaymentID"), 10): Object 'Object Repository/AdminSuiteBootstrap_Pages/VT_Bootstrap/SearchResults/button_PaymentID' is present

2024-07-13 23:11:01 - [MESSAGE][PASSED] - Object 'Object Repository/AdminSuiteBootstrap_Pages/VT_Bootstrap/SearchResults/button_PaymentID' is present

2024-07-13 23:11:01 - [TEST_STEP][PASSED] - click(findTestObject(path_SearchResults + "button_PaymentID")): Object: 'Object Repository/AdminSuiteBootstrap_Pages/VT_Bootstrap/SearchResults/button_PaymentID' is clicked on

2024-07-13 23:11:02 - [MESSAGE][PASSED] - Object: 'Object Repository/AdminSuiteBootstrap_Pages/VT_Bootstrap/SearchResults/button_PaymentID' is clicked on

2024-07-13 23:11:02 - [TEST_STEP][PASSED] - click(findTestObject(path_TranxDetails + "a_Void this transaction")): Object: 'Object Repository/AdminSuiteBootstrap_Pages/VT_Bootstrap/TransactionDetails/a_Void this transaction' is clicked on

2024-07-13 23:11:03 - [MESSAGE][PASSED] - Object: 'Object Repository/AdminSuiteBootstrap_Pages/VT_Bootstrap/TransactionDetails/a_Void this transaction' is clicked on

2024-07-13 23:11:03 - [TEST_STEP][PASSED] - click(findTestObject(path_TranxDetails + "button_Submit")): Object: 'Object Repository/AdminSuiteBootstrap_Pages/VT_Bootstrap/TransactionDetails/button_Submit' is clicked on

2024-07-13 23:11:04 - [MESSAGE][PASSED] - Object: 'Object Repository/AdminSuiteBootstrap_Pages/VT_Bootstrap/TransactionDetails/button_Submit' is clicked on

2024-07-13 23:11:04 - [TEST_STEP][PASSED] - verifyTextPresent("Transaction Successful", true): Text 'Transaction Successful' is present on page  using regular expression

2024-07-13 23:11:04 - [MESSAGE][PASSED] - Text 'Transaction Successful' is present on page  using regular expression

2024-07-13 23:11:04 - [TEST_STEP][PASSED] - ExecuteTC = findTestData(dataFile).getValue("Execute", row): null

2024-07-13 23:11:04 - [TEST_STEP][PASSED] - out.println("Value of Execute is : " + ExecuteTC): null

2024-07-13 23:11:04 - [TEST_STEP][PASSED] - switch (executionProfile): null

2024-07-13 23:11:04 - [TEST_STEP][PASSED] - case "QA2Profile":: null

2024-07-13 23:11:04 - [TEST_STEP][PASSED] - appName = findTestData(dataFile).getValue("AppNameQA", row): null

2024-07-13 23:11:04 - [TEST_STEP][PASSED] - appID = findTestData(dataFile).getValue("AppIDQA", row): null

2024-07-13 23:11:04 - [TEST_STEP][PASSED] - break: null

2024-07-13 23:11:04 - [TEST_STEP][PASSED] - cardNameV = findTestData(dataFile).getValue("NameV", row): null

2024-07-13 23:11:04 - [TEST_STEP][PASSED] - hrefAppID = li_1 + appID + li_2: null

2024-07-13 23:11:04 - [TEST_STEP][PASSED] - hrefApp = li_1 + appID + "/": null

2024-07-13 23:11:04 - [TEST_STEP][PASSED] - println("hrefApp : " + hrefApp): null

2024-07-13 23:11:04 - [TEST_STEP][PASSED] - if (ExecuteTC.equalsIgnoreCase("Y")): null

2024-07-13 23:11:04 - [TEST_STEP][PASSED] - out.println("Begin Record Number: " + row): null

2024-07-13 23:11:04 - [TEST_STEP][PASSED] - today = new java.util.Date(): null

2024-07-13 23:11:04 - [TEST_STEP][PASSED] - println(today): null

2024-07-13 23:11:04 - [TEST_STEP][PASSED] - datText = today: null

2024-07-13 23:11:04 - [TEST_STEP][PASSED] - adminSuiteBootstrap.loginFunctionality.login_AdminSuite(): adminSuiteBootstrap.loginFunctionality.login_AdminSuite is PASSED

2024-07-13 23:11:04 - [MESSAGE][WARNING] - A browser is already opened. Closing browser and opening a new one

2024-07-13 23:11:06 - [MESSAGE][INFO] - Starting 'Chrome' driver

2024-07-13 23:11:06 - [MESSAGE][INFO] - User set preference: ['acceptInsecureCerts', 'true']

2024-07-13 23:11:06 - [MESSAGE][INFO] - Action delay is set to 0 milliseconds

2024-07-13 23:11:08 - [MESSAGE][PASSED] - Browser is opened with url: 'https://qa2.velocitypayment.com/admin/imtiaz'

2024-07-13 23:11:09 - [MESSAGE][PASSED] - Current window maximized

2024-07-13 23:11:09 - [MESSAGE][PASSED] - Object 'Object Repository/Login_Page/Login_Username_Okta' is present

2024-07-13 23:11:10 - [MESSAGE][PASSED] - Text 'iahmed' is set on object 'Object Repository/Login_Page/Login_Username_Okta'

2024-07-13 23:11:11 - [MESSAGE][PASSED] - Text 'Hello!6666666' is set on object 'Object Repository/Login_Page/Login_Password_Okta'

2024-07-13 23:11:11 - [MESSAGE][PASSED] - Object: 'Object Repository/Login_Page/Login_Submit_Okta' is clicked on

2024-07-13 23:11:11 - [MESSAGE][PASSED] - adminSuiteBootstrap.loginFunctionality.login_AdminSuite is PASSED

2024-07-13 23:11:11 - [TEST_STEP][PASSED] - click(findTestObject(path_Dashboard + appName)): Object: 'Object Repository/AdminSuiteBootstrap_Pages/Dashboard_Bootstrap/a_Access AutoNoCFtp' is clicked on

2024-07-13 23:11:19 - [MESSAGE][PASSED] - Object: 'Object Repository/AdminSuiteBootstrap_Pages/Dashboard_Bootstrap/a_Access AutoNoCFtp' is clicked on

2024-07-13 23:11:19 - [TEST_STEP][PASSED] - click(findTestObject(path_VT + "button_Debit")): Object: 'Object Repository/AdminSuiteBootstrap_Pages/VT_Bootstrap/IssueTransactions/button_Debit' is clicked on

2024-07-13 23:11:20 - [MESSAGE][PASSED] - Object: 'Object Repository/AdminSuiteBootstrap_Pages/VT_Bootstrap/IssueTransactions/button_Debit' is clicked on

2024-07-13 23:11:20 - [TEST_STEP][PASSED] - click(findTestObject(path_VT + "a_Personal")): Object: 'Object Repository/AdminSuiteBootstrap_Pages/VT_Bootstrap/IssueTransactions/a_Personal' is clicked on

2024-07-13 23:11:21 - [MESSAGE][PASSED] - Object: 'Object Repository/AdminSuiteBootstrap_Pages/VT_Bootstrap/IssueTransactions/a_Personal' is clicked on

2024-07-13 23:11:21 - [TEST_STEP][PASSED] - adminSuiteBootstrap.debitPersonalsetData.debitPersonal_DataDriven(row, dataFile): adminSuiteBootstrap.debitPersonalsetData.debitPersonal_DataDriven is PASSED

2024-07-13 23:11:23 - [MESSAGE][PASSED] - Text 'Bette' is set on object 'Object Repository/AdminSuiteBootstrap_Pages/VT_Bootstrap/ACHPersonal/input_firstName'

2024-07-13 23:11:24 - [MESSAGE][PASSED] - Text 'Nicka' is set on object 'Object Repository/AdminSuiteBootstrap_Pages/VT_Bootstrap/ACHPersonal/input_lastName'

2024-07-13 23:11:24 - [MESSAGE][PASSED] - Text '6 S 33rd St' is set on object 'Object Repository/AdminSuiteBootstrap_Pages/VT_Bootstrap/ACHPersonal/input_address'

2024-07-13 23:11:25 - [MESSAGE][PASSED] - Text 'apt #2' is set on object 'Object Repository/AdminSuiteBootstrap_Pages/VT_Bootstrap/ACHPersonal/input_address2'

2024-07-13 23:11:26 - [MESSAGE][PASSED] - Text '22201' is set on object 'Object Repository/AdminSuiteBootstrap_Pages/VT_Bootstrap/ACHPersonal/input_zip'

2024-07-13 23:11:27 - [MESSAGE][PASSED] - Text '' is set on object 'Object Repository/AdminSuiteBootstrap_Pages/VT_Bootstrap/ACHPersonal/input_emailAddress'

2024-07-13 23:11:28 - [MESSAGE][PASSED] - Text '' is set on object 'Object Repository/AdminSuiteBootstrap_Pages/VT_Bootstrap/ACHPersonal/input_smsNumber'

2024-07-13 23:11:29 - [MESSAGE][PASSED] - Text '45681003' is set on object 'Object Repository/AdminSuiteBootstrap_Pages/VT_Bootstrap/ACHPersonal/input_accountNumber'

2024-07-13 23:11:29 - [MESSAGE][PASSED] - Text '256072691' is set on object 'Object Repository/AdminSuiteBootstrap_Pages/VT_Bootstrap/ACHPersonal/input_routingNumber'

2024-07-13 23:11:30 - [MESSAGE][PASSED] - All options with label 'Savings' are selected in object 'Object Repository/AdminSuiteBootstrap_Pages/VT_Bootstrap/ACHPersonal/select_AccountType'  using regular expression

2024-07-13 23:11:32 - [MESSAGE][PASSED] - All options with label 'PPD - Prearranged Payment and Deposit Entry' are selected in object 'Object Repository/AdminSuiteBootstrap_Pages/VT_Bootstrap/ACHPersonal/select_STD'  using regular expression

2024-07-13 23:11:32 - [MESSAGE][PASSED] - Text '11.5' is set on object 'Object Repository/AdminSuiteBootstrap_Pages/VT_Bootstrap/ACHPersonal/input_amount'

2024-07-13 23:11:33 - [MESSAGE][PASSED] - Text 'Denmark' is set on object 'Object Repository/AdminSuiteBootstrap_Pages/VT_Bootstrap/ACHPersonal/input_userDefined1'

2024-07-13 23:11:34 - [MESSAGE][PASSED] - Text 'Australia' is set on object 'Object Repository/AdminSuiteBootstrap_Pages/VT_Bootstrap/ACHPersonal/input_userDefined2'

2024-07-13 23:11:35 - [MESSAGE][PASSED] - Text 'Austria' is set on object 'Object Repository/AdminSuiteBootstrap_Pages/VT_Bootstrap/ACHPersonal/input_userDefined3'

2024-07-13 23:11:35 - [MESSAGE][PASSED] - Text 'To lut Gaye' is set on object 'Object Repository/AdminSuiteBootstrap_Pages/VT_Bootstrap/ACHPersonal/input_userDefined4'

2024-07-13 23:11:36 - [MESSAGE][PASSED] - All options with label 'Yellow' are selected in object 'Object Repository/AdminSuiteBootstrap_Pages/VT_Bootstrap/ACHPersonal/select_UDF5'  using regular expression

2024-07-13 23:11:37 - [MESSAGE][PASSED] - All options with label 'Orange' are selected in object 'Object Repository/AdminSuiteBootstrap_Pages/VT_Bootstrap/ACHPersonal/select_UDF6'  using regular expression

2024-07-13 23:11:38 - [MESSAGE][PASSED] - Text 'Netherlands' is set on object 'Object Repository/AdminSuiteBootstrap_Pages/VT_Bootstrap/ACHPersonal/input_userDefined7'

2024-07-13 23:11:39 - [MESSAGE][PASSED] - Text 'Norway' is set on object 'Object Repository/AdminSuiteBootstrap_Pages/VT_Bootstrap/ACHPersonal/input_userDefined8'

2024-07-13 23:11:40 - [MESSAGE][PASSED] - Text 'France' is set on object 'Object Repository/AdminSuiteBootstrap_Pages/VT_Bootstrap/ACHPersonal/input_userDefined9'

2024-07-13 23:11:40 - [MESSAGE][PASSED] - Text 'Switzerland' is set on object 'Object Repository/AdminSuiteBootstrap_Pages/VT_Bootstrap/ACHPersonal/input_userDefined10'

2024-07-13 23:11:41 - [MESSAGE][PASSED] - Object: 'Object Repository/AdminSuiteBootstrap_Pages/VT_Bootstrap/ACHPersonal/button_Submit' is clicked on

2024-07-13 23:11:41 - [MESSAGE][PASSED] - adminSuiteBootstrap.debitPersonalsetData.debitPersonal_DataDriven is PASSED

2024-07-13 23:11:41 - [TEST_STEP][PASSED] - if (verifyTextPresent("Transaction Successful", true)): null

2024-07-13 23:11:42 - [MESSAGE][PASSED] - Text 'Transaction Successful' is present on page  using regular expression

2024-07-13 23:11:42 - [TEST_STEP][PASSED] - sdf = getText(findTestObject(path_Receipt + "td_AutoNoC031622113752957Ahm")): Text of object 'Object Repository/AdminSuiteBootstrap_Pages/VT_Bootstrap/Receipt/td_AutoNoC031622113752957Ahm' is: 'AutoNoCFtp071324230413Ahm'

2024-07-13 23:11:42 - [MESSAGE][PASSED] - Text of object 'Object Repository/AdminSuiteBootstrap_Pages/VT_Bootstrap/Receipt/td_AutoNoC031622113752957Ahm' is: 'AutoNoCFtp071324230413Ahm'

2024-07-13 23:11:42 - [TEST_STEP][PASSED] - out.println("sdf: " + sdf): null

2024-07-13 23:11:42 - [TEST_STEP][PASSED] - remID = sdf: null

2024-07-13 23:11:42 - [TEST_STEP][PASSED] - out.println("remID: " + remID): null

2024-07-13 23:11:42 - [TEST_STEP][PASSED] - click(findTestObject(path_Receipt + "button_Continue")): Object: 'Object Repository/AdminSuiteBootstrap_Pages/VT_Bootstrap/Receipt/button_Continue' is clicked on

2024-07-13 23:11:43 - [MESSAGE][PASSED] - Object: 'Object Repository/AdminSuiteBootstrap_Pages/VT_Bootstrap/Receipt/button_Continue' is clicked on

2024-07-13 23:11:43 - [TEST_STEP][PASSED] - click(findTestObject(path_VT + "a_Search Transactions")): Object: 'Object Repository/AdminSuiteBootstrap_Pages/VT_Bootstrap/IssueTransactions/a_Search Transactions' is clicked on

2024-07-13 23:11:44 - [MESSAGE][PASSED] - Object: 'Object Repository/AdminSuiteBootstrap_Pages/VT_Bootstrap/IssueTransactions/a_Search Transactions' is clicked on

2024-07-13 23:11:44 - [TEST_STEP][PASSED] - setText(findTestObject(path_CCSearch + "input_Search By_searchValue"), remID): Text 'AutoNoCFtp071324230413Ahm' is set on object 'Object Repository/AdminSuiteBootstrap_Pages/VT_Bootstrap/CCCreditOrVoidSearch/input_Search By_searchValue'

2024-07-13 23:11:45 - [MESSAGE][PASSED] - Text 'AutoNoCFtp071324230413Ahm' is set on object 'Object Repository/AdminSuiteBootstrap_Pages/VT_Bootstrap/CCCreditOrVoidSearch/input_Search By_searchValue'

2024-07-13 23:11:45 - [TEST_STEP][PASSED] - click(findTestObject(path_CCSearch + "button_Submit")): Object: 'Object Repository/AdminSuiteBootstrap_Pages/VT_Bootstrap/CCCreditOrVoidSearch/button_Submit' is clicked on

2024-07-13 23:11:46 - [MESSAGE][PASSED] - Object: 'Object Repository/AdminSuiteBootstrap_Pages/VT_Bootstrap/CCCreditOrVoidSearch/button_Submit' is clicked on

2024-07-13 23:11:46 - [TEST_STEP][PASSED] - fgr = getText(findTestObject(path_SearchResults + "div_Payment ID")): Text of object 'Object Repository/AdminSuiteBootstrap_Pages/VT_Bootstrap/SearchResults/div_Payment ID' is: 'Payment ID
Payment Type
Transaction Type
Remittance ID
Name
Total Amount
End Date
Status
12155092 Online Check Debit AutoNoCFtp071324230413Ahm Bette Nicka $11.50 07/13/2024 Success'

2024-07-13 23:11:46 - [MESSAGE][PASSED] - Text of object 'Object Repository/AdminSuiteBootstrap_Pages/VT_Bootstrap/SearchResults/div_Payment ID' is: 'Payment ID
Payment Type
Transaction Type
Remittance ID
Name
Total Amount
End Date
Status
12155092 Online Check Debit AutoNoCFtp071324230413Ahm Bette Nicka $11.50 07/13/2024 Success'

2024-07-13 23:11:46 - [TEST_STEP][PASSED] - payID = substring(89, 98).trim(): null

2024-07-13 23:11:46 - [TEST_STEP][PASSED] - out.println("payID: " + payID): null

2024-07-13 23:11:46 - [TEST_STEP][PASSED] - click(findTestObject(path_SearchResults + "button_Modify Search Criteria")): Object: 'Object Repository/AdminSuiteBootstrap_Pages/VT_Bootstrap/SearchResults/button_Modify Search Criteria' is clicked on

2024-07-13 23:11:47 - [MESSAGE][PASSED] - Object: 'Object Repository/AdminSuiteBootstrap_Pages/VT_Bootstrap/SearchResults/button_Modify Search Criteria' is clicked on

2024-07-13 23:11:47 - [TEST_STEP][PASSED] - adminSuiteBootstrap.searchTransactions.searchTransactions_DataDriven(row, dataFile, remID, payID): adminSuiteBootstrap.searchTransactions.searchTransactions_DataDriven is PASSED

2024-07-13 23:11:48 - [MESSAGE][PASSED] - All options with label 'UDF Label: UDF4' are selected in object 'Object Repository/AdminSuiteBootstrap_Pages/VT_Bootstrap/CCCreditOrVoidSearch/select_SearchBy' 

2024-07-13 23:11:48 - [MESSAGE][PASSED] - Text 'To lut Gaye' is set on object 'Object Repository/AdminSuiteBootstrap_Pages/VT_Bootstrap/CCCreditOrVoidSearch/input_Search By_searchValue'

2024-07-13 23:11:49 - [MESSAGE][PASSED] - Object: 'Object Repository/AdminSuiteBootstrap_Pages/VT_Bootstrap/CCCreditOrVoidSearch/button_Submit' is clicked on

2024-07-13 23:11:49 - [MESSAGE][PASSED] - adminSuiteBootstrap.searchTransactions.searchTransactions_DataDriven is PASSED

2024-07-13 23:11:49 - [TEST_STEP][PASSED] - if (verifyTextPresent(remID, true)): null

2024-07-13 23:11:50 - [MESSAGE][PASSED] - Text 'AutoNoCFtp071324230413Ahm' is present on page  using regular expression

2024-07-13 23:11:50 - [TEST_STEP][PASSED] - resText = "Pass": null

2024-07-13 23:11:50 - [TEST_STEP][PASSED] - pages.WriteExcel.demoKey(resText, datText, resColumn, datCloumn, fileLoc, nameSheet, row): pages.WriteExcel.demoKey is PASSED

2024-07-13 23:11:50 - [MESSAGE][PASSED] - pages.WriteExcel.demoKey is PASSED

2024-07-13 23:11:50 - [TEST_STEP][PASSED] - verifyTextPresent("Transactions Matching Search Criteria", true): Text 'Transactions Matching Search Criteria' is present on page  using regular expression

2024-07-13 23:11:50 - [MESSAGE][PASSED] - Text 'Transactions Matching Search Criteria' is present on page  using regular expression

2024-07-13 23:11:50 - [TEST_STEP][PASSED] - verifyTextPresent("Payment ID", true): Text 'Payment ID' is present on page  using regular expression

2024-07-13 23:11:50 - [MESSAGE][PASSED] - Text 'Payment ID' is present on page  using regular expression

2024-07-13 23:11:50 - [TEST_STEP][PASSED] - verifyTextPresent("Payment Type", true): Text 'Payment Type' is present on page  using regular expression

2024-07-13 23:11:51 - [MESSAGE][PASSED] - Text 'Payment Type' is present on page  using regular expression

2024-07-13 23:11:51 - [TEST_STEP][PASSED] - verifyTextPresent("Transaction Type", true): Text 'Transaction Type' is present on page  using regular expression

2024-07-13 23:11:51 - [MESSAGE][PASSED] - Text 'Transaction Type' is present on page  using regular expression

2024-07-13 23:11:51 - [TEST_STEP][PASSED] - verifyTextPresent("Remittance ID", true): Text 'Remittance ID' is present on page  using regular expression

2024-07-13 23:11:51 - [MESSAGE][PASSED] - Text 'Remittance ID' is present on page  using regular expression

2024-07-13 23:11:51 - [TEST_STEP][PASSED] - verifyTextPresent("Name", true): Text 'Name' is present on page  using regular expression

2024-07-13 23:11:52 - [MESSAGE][PASSED] - Text 'Name' is present on page  using regular expression

2024-07-13 23:11:52 - [TEST_STEP][PASSED] - verifyTextPresent("Total Amount", true): Text 'Total Amount' is present on page  using regular expression

2024-07-13 23:11:52 - [MESSAGE][PASSED] - Text 'Total Amount' is present on page  using regular expression

2024-07-13 23:11:52 - [TEST_STEP][PASSED] - verifyTextPresent("End Date", true): Text 'End Date' is present on page  using regular expression

2024-07-13 23:11:52 - [MESSAGE][PASSED] - Text 'End Date' is present on page  using regular expression

2024-07-13 23:11:52 - [TEST_STEP][PASSED] - verifyTextPresent("Status", true): Text 'Status' is present on page  using regular expression

2024-07-13 23:11:52 - [MESSAGE][PASSED] - Text 'Status' is present on page  using regular expression

2024-07-13 23:11:52 - [TEST_STEP][PASSED] - verifyTextPresent("Debit", true): Text 'Debit' is present on page  using regular expression

2024-07-13 23:11:53 - [MESSAGE][PASSED] - Text 'Debit' is present on page  using regular expression

2024-07-13 23:11:53 - [TEST_STEP][PASSED] - verifyTextPresent("Online Check", true): Text 'Online Check' is present on page  using regular expression

2024-07-13 23:11:53 - [MESSAGE][PASSED] - Text 'Online Check' is present on page  using regular expression

2024-07-13 23:11:53 - [TEST_STEP][PASSED] - verifyTextPresent(cardNameV, true): Text 'Bette Nicka' is present on page  using regular expression

2024-07-13 23:11:53 - [MESSAGE][PASSED] - Text 'Bette Nicka' is present on page  using regular expression

2024-07-13 23:11:53 - [TEST_STEP][PASSED] - verifyTextPresent("Success", true): Text 'Success' is present on page  using regular expression

2024-07-13 23:11:54 - [MESSAGE][PASSED] - Text 'Success' is present on page  using regular expression

2024-07-13 23:11:54 - [TEST_STEP][PASSED] - verifyElementPresent(findTestObject(path_SearchResults + "button_PaymentID"), 10): Object 'Object Repository/AdminSuiteBootstrap_Pages/VT_Bootstrap/SearchResults/button_PaymentID' is present

2024-07-13 23:11:54 - [MESSAGE][PASSED] - Object 'Object Repository/AdminSuiteBootstrap_Pages/VT_Bootstrap/SearchResults/button_PaymentID' is present

2024-07-13 23:11:54 - [TEST_STEP][PASSED] - click(findTestObject(path_SearchResults + "button_PaymentID")): Object: 'Object Repository/AdminSuiteBootstrap_Pages/VT_Bootstrap/SearchResults/button_PaymentID' is clicked on

2024-07-13 23:11:55 - [MESSAGE][PASSED] - Object: 'Object Repository/AdminSuiteBootstrap_Pages/VT_Bootstrap/SearchResults/button_PaymentID' is clicked on

2024-07-13 23:11:55 - [TEST_STEP][PASSED] - click(findTestObject(path_TranxDetails + "a_Void this transaction")): Object: 'Object Repository/AdminSuiteBootstrap_Pages/VT_Bootstrap/TransactionDetails/a_Void this transaction' is clicked on

2024-07-13 23:11:56 - [MESSAGE][PASSED] - Object: 'Object Repository/AdminSuiteBootstrap_Pages/VT_Bootstrap/TransactionDetails/a_Void this transaction' is clicked on

2024-07-13 23:11:56 - [TEST_STEP][PASSED] - click(findTestObject(path_TranxDetails + "button_Submit")): Object: 'Object Repository/AdminSuiteBootstrap_Pages/VT_Bootstrap/TransactionDetails/button_Submit' is clicked on

2024-07-13 23:11:57 - [MESSAGE][PASSED] - Object: 'Object Repository/AdminSuiteBootstrap_Pages/VT_Bootstrap/TransactionDetails/button_Submit' is clicked on

2024-07-13 23:11:57 - [TEST_STEP][PASSED] - verifyTextPresent("Transaction Successful", true): Text 'Transaction Successful' is present on page  using regular expression

2024-07-13 23:11:57 - [MESSAGE][PASSED] - Text 'Transaction Successful' is present on page  using regular expression

2024-07-13 23:11:57 - [TEST_STEP][PASSED] - ExecuteTC = findTestData(dataFile).getValue("Execute", row): null

2024-07-13 23:11:57 - [TEST_STEP][PASSED] - out.println("Value of Execute is : " + ExecuteTC): null

2024-07-13 23:11:57 - [TEST_STEP][PASSED] - switch (executionProfile): null

2024-07-13 23:11:57 - [TEST_STEP][PASSED] - case "QA2Profile":: null

2024-07-13 23:11:57 - [TEST_STEP][PASSED] - appName = findTestData(dataFile).getValue("AppNameQA", row): null

2024-07-13 23:11:57 - [TEST_STEP][PASSED] - appID = findTestData(dataFile).getValue("AppIDQA", row): null

2024-07-13 23:11:57 - [TEST_STEP][PASSED] - break: null

2024-07-13 23:11:57 - [TEST_STEP][PASSED] - cardNameV = findTestData(dataFile).getValue("NameV", row): null

2024-07-13 23:11:57 - [TEST_STEP][PASSED] - hrefAppID = li_1 + appID + li_2: null

2024-07-13 23:11:57 - [TEST_STEP][PASSED] - hrefApp = li_1 + appID + "/": null

2024-07-13 23:11:57 - [TEST_STEP][PASSED] - println("hrefApp : " + hrefApp): null

2024-07-13 23:11:57 - [TEST_STEP][PASSED] - if (ExecuteTC.equalsIgnoreCase("Y")): null

2024-07-13 23:11:57 - [TEST_STEP][PASSED] - out.println("Begin Record Number: " + row): null

2024-07-13 23:11:57 - [TEST_STEP][PASSED] - today = new java.util.Date(): null

2024-07-13 23:11:57 - [TEST_STEP][PASSED] - println(today): null

2024-07-13 23:11:57 - [TEST_STEP][PASSED] - datText = today: null

2024-07-13 23:11:57 - [TEST_STEP][PASSED] - adminSuiteBootstrap.loginFunctionality.login_AdminSuite(): adminSuiteBootstrap.loginFunctionality.login_AdminSuite is PASSED

2024-07-13 23:11:57 - [MESSAGE][WARNING] - A browser is already opened. Closing browser and opening a new one

2024-07-13 23:11:59 - [MESSAGE][INFO] - Starting 'Chrome' driver

2024-07-13 23:11:59 - [MESSAGE][INFO] - User set preference: ['acceptInsecureCerts', 'true']

2024-07-13 23:11:59 - [MESSAGE][INFO] - Action delay is set to 0 milliseconds

2024-07-13 23:12:00 - [MESSAGE][PASSED] - Browser is opened with url: 'https://qa2.velocitypayment.com/admin/imtiaz'

2024-07-13 23:12:01 - [MESSAGE][PASSED] - Current window maximized

2024-07-13 23:12:02 - [MESSAGE][PASSED] - Object 'Object Repository/Login_Page/Login_Username_Okta' is present

2024-07-13 23:12:03 - [MESSAGE][PASSED] - Text 'iahmed' is set on object 'Object Repository/Login_Page/Login_Username_Okta'

2024-07-13 23:12:04 - [MESSAGE][PASSED] - Text 'Hello!6666666' is set on object 'Object Repository/Login_Page/Login_Password_Okta'

2024-07-13 23:12:04 - [MESSAGE][PASSED] - Object: 'Object Repository/Login_Page/Login_Submit_Okta' is clicked on

2024-07-13 23:12:04 - [MESSAGE][PASSED] - adminSuiteBootstrap.loginFunctionality.login_AdminSuite is PASSED

2024-07-13 23:12:04 - [TEST_STEP][PASSED] - click(findTestObject(path_Dashboard + appName)): Object: 'Object Repository/AdminSuiteBootstrap_Pages/Dashboard_Bootstrap/a_Access AutoNoCFtp' is clicked on

2024-07-13 23:12:12 - [MESSAGE][PASSED] - Object: 'Object Repository/AdminSuiteBootstrap_Pages/Dashboard_Bootstrap/a_Access AutoNoCFtp' is clicked on

2024-07-13 23:12:12 - [TEST_STEP][PASSED] - click(findTestObject(path_VT + "button_Debit")): Object: 'Object Repository/AdminSuiteBootstrap_Pages/VT_Bootstrap/IssueTransactions/button_Debit' is clicked on

2024-07-13 23:12:13 - [MESSAGE][PASSED] - Object: 'Object Repository/AdminSuiteBootstrap_Pages/VT_Bootstrap/IssueTransactions/button_Debit' is clicked on

2024-07-13 23:12:13 - [TEST_STEP][PASSED] - click(findTestObject(path_VT + "a_Personal")): Object: 'Object Repository/AdminSuiteBootstrap_Pages/VT_Bootstrap/IssueTransactions/a_Personal' is clicked on

2024-07-13 23:12:14 - [MESSAGE][PASSED] - Object: 'Object Repository/AdminSuiteBootstrap_Pages/VT_Bootstrap/IssueTransactions/a_Personal' is clicked on

2024-07-13 23:12:14 - [TEST_STEP][PASSED] - adminSuiteBootstrap.debitPersonalsetData.debitPersonal_DataDriven(row, dataFile): adminSuiteBootstrap.debitPersonalsetData.debitPersonal_DataDriven is PASSED

2024-07-13 23:12:16 - [MESSAGE][PASSED] - Text 'Alisha' is set on object 'Object Repository/AdminSuiteBootstrap_Pages/VT_Bootstrap/ACHPersonal/input_firstName'

2024-07-13 23:12:16 - [MESSAGE][PASSED] - Text 'Slusarski' is set on object 'Object Repository/AdminSuiteBootstrap_Pages/VT_Bootstrap/ACHPersonal/input_lastName'

2024-07-13 23:12:17 - [MESSAGE][PASSED] - Text '3273 State St' is set on object 'Object Repository/AdminSuiteBootstrap_Pages/VT_Bootstrap/ACHPersonal/input_address'

2024-07-13 23:12:18 - [MESSAGE][PASSED] - Text 'apt #4' is set on object 'Object Repository/AdminSuiteBootstrap_Pages/VT_Bootstrap/ACHPersonal/input_address2'

2024-07-13 23:12:19 - [MESSAGE][PASSED] - Text '22201' is set on object 'Object Repository/AdminSuiteBootstrap_Pages/VT_Bootstrap/ACHPersonal/input_zip'

2024-07-13 23:12:19 - [MESSAGE][PASSED] - Text '' is set on object 'Object Repository/AdminSuiteBootstrap_Pages/VT_Bootstrap/ACHPersonal/input_emailAddress'

2024-07-13 23:12:21 - [MESSAGE][PASSED] - Text '' is set on object 'Object Repository/AdminSuiteBootstrap_Pages/VT_Bootstrap/ACHPersonal/input_smsNumber'

2024-07-13 23:12:21 - [MESSAGE][PASSED] - Text '45681004' is set on object 'Object Repository/AdminSuiteBootstrap_Pages/VT_Bootstrap/ACHPersonal/input_accountNumber'

2024-07-13 23:12:22 - [MESSAGE][PASSED] - Text '256072691' is set on object 'Object Repository/AdminSuiteBootstrap_Pages/VT_Bootstrap/ACHPersonal/input_routingNumber'

2024-07-13 23:12:23 - [MESSAGE][PASSED] - All options with label 'Savings' are selected in object 'Object Repository/AdminSuiteBootstrap_Pages/VT_Bootstrap/ACHPersonal/select_AccountType'  using regular expression

2024-07-13 23:12:24 - [MESSAGE][PASSED] - All options with label 'TEL - Telephone-Initiated Entry' are selected in object 'Object Repository/AdminSuiteBootstrap_Pages/VT_Bootstrap/ACHPersonal/select_STD'  using regular expression

2024-07-13 23:12:25 - [MESSAGE][PASSED] - Text '11.5' is set on object 'Object Repository/AdminSuiteBootstrap_Pages/VT_Bootstrap/ACHPersonal/input_amount'

2024-07-13 23:12:26 - [MESSAGE][PASSED] - Text 'Denmark' is set on object 'Object Repository/AdminSuiteBootstrap_Pages/VT_Bootstrap/ACHPersonal/input_userDefined1'

2024-07-13 23:12:27 - [MESSAGE][PASSED] - Text 'Australia' is set on object 'Object Repository/AdminSuiteBootstrap_Pages/VT_Bootstrap/ACHPersonal/input_userDefined2'

2024-07-13 23:12:27 - [MESSAGE][PASSED] - Text 'Austria' is set on object 'Object Repository/AdminSuiteBootstrap_Pages/VT_Bootstrap/ACHPersonal/input_userDefined3'

2024-07-13 23:12:28 - [MESSAGE][PASSED] - Text 'Sweden' is set on object 'Object Repository/AdminSuiteBootstrap_Pages/VT_Bootstrap/ACHPersonal/input_userDefined4'

2024-07-13 23:12:29 - [MESSAGE][PASSED] - All options with label 'Yellow' are selected in object 'Object Repository/AdminSuiteBootstrap_Pages/VT_Bootstrap/ACHPersonal/select_UDF5'  using regular expression

2024-07-13 23:12:30 - [MESSAGE][PASSED] - All options with label 'Orange' are selected in object 'Object Repository/AdminSuiteBootstrap_Pages/VT_Bootstrap/ACHPersonal/select_UDF6'  using regular expression

2024-07-13 23:12:31 - [MESSAGE][PASSED] - Text 'Netherlands' is set on object 'Object Repository/AdminSuiteBootstrap_Pages/VT_Bootstrap/ACHPersonal/input_userDefined7'

2024-07-13 23:12:31 - [MESSAGE][PASSED] - Text 'Norway' is set on object 'Object Repository/AdminSuiteBootstrap_Pages/VT_Bootstrap/ACHPersonal/input_userDefined8'

2024-07-13 23:12:32 - [MESSAGE][PASSED] - Text 'France' is set on object 'Object Repository/AdminSuiteBootstrap_Pages/VT_Bootstrap/ACHPersonal/input_userDefined9'

2024-07-13 23:12:33 - [MESSAGE][PASSED] - Text 'Switzerland' is set on object 'Object Repository/AdminSuiteBootstrap_Pages/VT_Bootstrap/ACHPersonal/input_userDefined10'

2024-07-13 23:12:34 - [MESSAGE][PASSED] - Object: 'Object Repository/AdminSuiteBootstrap_Pages/VT_Bootstrap/ACHPersonal/button_Submit' is clicked on

2024-07-13 23:12:34 - [MESSAGE][PASSED] - adminSuiteBootstrap.debitPersonalsetData.debitPersonal_DataDriven is PASSED

2024-07-13 23:12:34 - [TEST_STEP][PASSED] - if (verifyTextPresent("Transaction Successful", true)): null

2024-07-13 23:12:34 - [MESSAGE][PASSED] - Text 'Transaction Successful' is present on page  using regular expression

2024-07-13 23:12:34 - [TEST_STEP][PASSED] - sdf = getText(findTestObject(path_Receipt + "td_AutoNoC031622113752957Ahm")): Text of object 'Object Repository/AdminSuiteBootstrap_Pages/VT_Bootstrap/Receipt/td_AutoNoC031622113752957Ahm' is: 'AutoNoCFtp071324230505Ahm'

2024-07-13 23:12:35 - [MESSAGE][PASSED] - Text of object 'Object Repository/AdminSuiteBootstrap_Pages/VT_Bootstrap/Receipt/td_AutoNoC031622113752957Ahm' is: 'AutoNoCFtp071324230505Ahm'

2024-07-13 23:12:35 - [TEST_STEP][PASSED] - out.println("sdf: " + sdf): null

2024-07-13 23:12:35 - [TEST_STEP][PASSED] - remID = sdf: null

2024-07-13 23:12:35 - [TEST_STEP][PASSED] - out.println("remID: " + remID): null

2024-07-13 23:12:35 - [TEST_STEP][PASSED] - click(findTestObject(path_Receipt + "button_Continue")): Object: 'Object Repository/AdminSuiteBootstrap_Pages/VT_Bootstrap/Receipt/button_Continue' is clicked on

2024-07-13 23:12:35 - [MESSAGE][PASSED] - Object: 'Object Repository/AdminSuiteBootstrap_Pages/VT_Bootstrap/Receipt/button_Continue' is clicked on

2024-07-13 23:12:35 - [TEST_STEP][PASSED] - click(findTestObject(path_VT + "a_Search Transactions")): Object: 'Object Repository/AdminSuiteBootstrap_Pages/VT_Bootstrap/IssueTransactions/a_Search Transactions' is clicked on

2024-07-13 23:12:36 - [MESSAGE][PASSED] - Object: 'Object Repository/AdminSuiteBootstrap_Pages/VT_Bootstrap/IssueTransactions/a_Search Transactions' is clicked on

2024-07-13 23:12:36 - [TEST_STEP][PASSED] - setText(findTestObject(path_CCSearch + "input_Search By_searchValue"), remID): Text 'AutoNoCFtp071324230505Ahm' is set on object 'Object Repository/AdminSuiteBootstrap_Pages/VT_Bootstrap/CCCreditOrVoidSearch/input_Search By_searchValue'

2024-07-13 23:12:37 - [MESSAGE][PASSED] - Text 'AutoNoCFtp071324230505Ahm' is set on object 'Object Repository/AdminSuiteBootstrap_Pages/VT_Bootstrap/CCCreditOrVoidSearch/input_Search By_searchValue'

2024-07-13 23:12:37 - [TEST_STEP][PASSED] - click(findTestObject(path_CCSearch + "button_Submit")): Object: 'Object Repository/AdminSuiteBootstrap_Pages/VT_Bootstrap/CCCreditOrVoidSearch/button_Submit' is clicked on

2024-07-13 23:12:38 - [MESSAGE][PASSED] - Object: 'Object Repository/AdminSuiteBootstrap_Pages/VT_Bootstrap/CCCreditOrVoidSearch/button_Submit' is clicked on

2024-07-13 23:12:38 - [TEST_STEP][PASSED] - fgr = getText(findTestObject(path_SearchResults + "div_Payment ID")): Text of object 'Object Repository/AdminSuiteBootstrap_Pages/VT_Bootstrap/SearchResults/div_Payment ID' is: 'Payment ID
Payment Type
Transaction Type
Remittance ID
Name
Total Amount
End Date
Status
12155094 Online Check Debit AutoNoCFtp071324230505Ahm Alisha Slusarski $11.50 07/13/2024 Success'

2024-07-13 23:12:38 - [MESSAGE][PASSED] - Text of object 'Object Repository/AdminSuiteBootstrap_Pages/VT_Bootstrap/SearchResults/div_Payment ID' is: 'Payment ID
Payment Type
Transaction Type
Remittance ID
Name
Total Amount
End Date
Status
12155094 Online Check Debit AutoNoCFtp071324230505Ahm Alisha Slusarski $11.50 07/13/2024 Success'

2024-07-13 23:12:38 - [TEST_STEP][PASSED] - payID = substring(89, 98).trim(): null

2024-07-13 23:12:38 - [TEST_STEP][PASSED] - out.println("payID: " + payID): null

2024-07-13 23:12:38 - [TEST_STEP][PASSED] - click(findTestObject(path_SearchResults + "button_Modify Search Criteria")): Object: 'Object Repository/AdminSuiteBootstrap_Pages/VT_Bootstrap/SearchResults/button_Modify Search Criteria' is clicked on

2024-07-13 23:12:39 - [MESSAGE][PASSED] - Object: 'Object Repository/AdminSuiteBootstrap_Pages/VT_Bootstrap/SearchResults/button_Modify Search Criteria' is clicked on

2024-07-13 23:12:39 - [TEST_STEP][PASSED] - adminSuiteBootstrap.searchTransactions.searchTransactions_DataDriven(row, dataFile, remID, payID): adminSuiteBootstrap.searchTransactions.searchTransactions_DataDriven is PASSED

2024-07-13 23:12:40 - [MESSAGE][PASSED] - All options with label 'UDF Label: UDF5' are selected in object 'Object Repository/AdminSuiteBootstrap_Pages/VT_Bootstrap/CCCreditOrVoidSearch/select_SearchBy' 

2024-07-13 23:12:41 - [MESSAGE][PASSED] - Text 'Yellow Recorded' is set on object 'Object Repository/AdminSuiteBootstrap_Pages/VT_Bootstrap/CCCreditOrVoidSearch/input_Search By_searchValue'

2024-07-13 23:12:41 - [MESSAGE][PASSED] - Object: 'Object Repository/AdminSuiteBootstrap_Pages/VT_Bootstrap/CCCreditOrVoidSearch/button_Submit' is clicked on

2024-07-13 23:12:41 - [MESSAGE][PASSED] - adminSuiteBootstrap.searchTransactions.searchTransactions_DataDriven is PASSED

2024-07-13 23:12:41 - [TEST_STEP][PASSED] - if (verifyTextPresent(remID, true)): null

2024-07-13 23:12:42 - [MESSAGE][PASSED] - Text 'AutoNoCFtp071324230505Ahm' is present on page  using regular expression

2024-07-13 23:12:42 - [TEST_STEP][PASSED] - resText = "Pass": null

2024-07-13 23:12:42 - [TEST_STEP][PASSED] - pages.WriteExcel.demoKey(resText, datText, resColumn, datCloumn, fileLoc, nameSheet, row): pages.WriteExcel.demoKey is PASSED

2024-07-13 23:12:42 - [MESSAGE][PASSED] - pages.WriteExcel.demoKey is PASSED

2024-07-13 23:12:42 - [TEST_STEP][PASSED] - verifyTextPresent("Transactions Matching Search Criteria", true): Text 'Transactions Matching Search Criteria' is present on page  using regular expression

2024-07-13 23:12:42 - [MESSAGE][PASSED] - Text 'Transactions Matching Search Criteria' is present on page  using regular expression

2024-07-13 23:12:42 - [TEST_STEP][PASSED] - verifyTextPresent("Payment ID", true): Text 'Payment ID' is present on page  using regular expression

2024-07-13 23:12:43 - [MESSAGE][PASSED] - Text 'Payment ID' is present on page  using regular expression

2024-07-13 23:12:43 - [TEST_STEP][PASSED] - verifyTextPresent("Payment Type", true): Text 'Payment Type' is present on page  using regular expression

2024-07-13 23:12:43 - [MESSAGE][PASSED] - Text 'Payment Type' is present on page  using regular expression

2024-07-13 23:12:43 - [TEST_STEP][PASSED] - verifyTextPresent("Transaction Type", true): Text 'Transaction Type' is present on page  using regular expression

2024-07-13 23:12:43 - [MESSAGE][PASSED] - Text 'Transaction Type' is present on page  using regular expression

2024-07-13 23:12:43 - [TEST_STEP][PASSED] - verifyTextPresent("Remittance ID", true): Text 'Remittance ID' is present on page  using regular expression

2024-07-13 23:12:44 - [MESSAGE][PASSED] - Text 'Remittance ID' is present on page  using regular expression

2024-07-13 23:12:44 - [TEST_STEP][PASSED] - verifyTextPresent("Name", true): Text 'Name' is present on page  using regular expression

2024-07-13 23:12:44 - [MESSAGE][PASSED] - Text 'Name' is present on page  using regular expression

2024-07-13 23:12:44 - [TEST_STEP][PASSED] - verifyTextPresent("Total Amount", true): Text 'Total Amount' is present on page  using regular expression

2024-07-13 23:12:44 - [MESSAGE][PASSED] - Text 'Total Amount' is present on page  using regular expression

2024-07-13 23:12:44 - [TEST_STEP][PASSED] - verifyTextPresent("End Date", true): Text 'End Date' is present on page  using regular expression

2024-07-13 23:12:45 - [MESSAGE][PASSED] - Text 'End Date' is present on page  using regular expression

2024-07-13 23:12:45 - [TEST_STEP][PASSED] - verifyTextPresent("Status", true): Text 'Status' is present on page  using regular expression

2024-07-13 23:12:45 - [MESSAGE][PASSED] - Text 'Status' is present on page  using regular expression

2024-07-13 23:12:45 - [TEST_STEP][PASSED] - verifyTextPresent("Debit", true): Text 'Debit' is present on page  using regular expression

2024-07-13 23:12:45 - [MESSAGE][PASSED] - Text 'Debit' is present on page  using regular expression

2024-07-13 23:12:45 - [TEST_STEP][PASSED] - verifyTextPresent("Online Check", true): Text 'Online Check' is present on page  using regular expression

2024-07-13 23:12:46 - [MESSAGE][PASSED] - Text 'Online Check' is present on page  using regular expression

2024-07-13 23:12:46 - [TEST_STEP][PASSED] - verifyTextPresent(cardNameV, true): Text 'Alisha Slusarski' is present on page  using regular expression

2024-07-13 23:12:46 - [MESSAGE][PASSED] - Text 'Alisha Slusarski' is present on page  using regular expression

2024-07-13 23:12:46 - [TEST_STEP][PASSED] - verifyTextPresent("Success", true): Text 'Success' is present on page  using regular expression

2024-07-13 23:12:46 - [MESSAGE][PASSED] - Text 'Success' is present on page  using regular expression

2024-07-13 23:12:46 - [TEST_STEP][PASSED] - verifyElementPresent(findTestObject(path_SearchResults + "button_PaymentID"), 10): Object 'Object Repository/AdminSuiteBootstrap_Pages/VT_Bootstrap/SearchResults/button_PaymentID' is present

2024-07-13 23:12:46 - [MESSAGE][PASSED] - Object 'Object Repository/AdminSuiteBootstrap_Pages/VT_Bootstrap/SearchResults/button_PaymentID' is present

2024-07-13 23:12:46 - [TEST_STEP][PASSED] - click(findTestObject(path_SearchResults + "button_PaymentID")): Object: 'Object Repository/AdminSuiteBootstrap_Pages/VT_Bootstrap/SearchResults/button_PaymentID' is clicked on

2024-07-13 23:12:47 - [MESSAGE][PASSED] - Object: 'Object Repository/AdminSuiteBootstrap_Pages/VT_Bootstrap/SearchResults/button_PaymentID' is clicked on

2024-07-13 23:12:47 - [TEST_STEP][PASSED] - click(findTestObject(path_TranxDetails + "a_Void this transaction")): Object: 'Object Repository/AdminSuiteBootstrap_Pages/VT_Bootstrap/TransactionDetails/a_Void this transaction' is clicked on

2024-07-13 23:12:48 - [MESSAGE][PASSED] - Object: 'Object Repository/AdminSuiteBootstrap_Pages/VT_Bootstrap/TransactionDetails/a_Void this transaction' is clicked on

2024-07-13 23:12:48 - [TEST_STEP][PASSED] - click(findTestObject(path_TranxDetails + "button_Submit")): Object: 'Object Repository/AdminSuiteBootstrap_Pages/VT_Bootstrap/TransactionDetails/button_Submit' is clicked on

2024-07-13 23:12:49 - [MESSAGE][PASSED] - Object: 'Object Repository/AdminSuiteBootstrap_Pages/VT_Bootstrap/TransactionDetails/button_Submit' is clicked on

2024-07-13 23:12:49 - [TEST_STEP][PASSED] - verifyTextPresent("Transaction Successful", true): Text 'Transaction Successful' is present on page  using regular expression

2024-07-13 23:12:50 - [MESSAGE][PASSED] - Text 'Transaction Successful' is present on page  using regular expression

2024-07-13 23:12:50 - [TEST_STEP][PASSED] - ExecuteTC = findTestData(dataFile).getValue("Execute", row): null

2024-07-13 23:12:50 - [TEST_STEP][PASSED] - out.println("Value of Execute is : " + ExecuteTC): null

2024-07-13 23:12:50 - [TEST_STEP][PASSED] - switch (executionProfile): null

2024-07-13 23:12:50 - [TEST_STEP][PASSED] - case "QA2Profile":: null

2024-07-13 23:12:50 - [TEST_STEP][PASSED] - appName = findTestData(dataFile).getValue("AppNameQA", row): null

2024-07-13 23:12:50 - [TEST_STEP][PASSED] - appID = findTestData(dataFile).getValue("AppIDQA", row): null

2024-07-13 23:12:50 - [TEST_STEP][PASSED] - break: null

2024-07-13 23:12:50 - [TEST_STEP][PASSED] - cardNameV = findTestData(dataFile).getValue("NameV", row): null

2024-07-13 23:12:50 - [TEST_STEP][PASSED] - hrefAppID = li_1 + appID + li_2: null

2024-07-13 23:12:50 - [TEST_STEP][PASSED] - hrefApp = li_1 + appID + "/": null

2024-07-13 23:12:50 - [TEST_STEP][PASSED] - println("hrefApp : " + hrefApp): null

2024-07-13 23:12:50 - [TEST_STEP][PASSED] - if (ExecuteTC.equalsIgnoreCase("Y")): null

2024-07-13 23:12:50 - [TEST_STEP][PASSED] - out.println("Begin Record Number: " + row): null

2024-07-13 23:12:50 - [TEST_STEP][PASSED] - today = new java.util.Date(): null

2024-07-13 23:12:50 - [TEST_STEP][PASSED] - println(today): null

2024-07-13 23:12:50 - [TEST_STEP][PASSED] - datText = today: null

2024-07-13 23:12:50 - [TEST_STEP][PASSED] - adminSuiteBootstrap.loginFunctionality.login_AdminSuite(): adminSuiteBootstrap.loginFunctionality.login_AdminSuite is PASSED

2024-07-13 23:12:50 - [MESSAGE][WARNING] - A browser is already opened. Closing browser and opening a new one

2024-07-13 23:12:51 - [MESSAGE][INFO] - Starting 'Chrome' driver

2024-07-13 23:12:51 - [MESSAGE][INFO] - User set preference: ['acceptInsecureCerts', 'true']

2024-07-13 23:12:51 - [MESSAGE][INFO] - Action delay is set to 0 milliseconds

2024-07-13 23:12:54 - [MESSAGE][PASSED] - Browser is opened with url: 'https://qa2.velocitypayment.com/admin/imtiaz'

2024-07-13 23:12:54 - [MESSAGE][PASSED] - Current window maximized

2024-07-13 23:12:55 - [MESSAGE][PASSED] - Object 'Object Repository/Login_Page/Login_Username_Okta' is present

2024-07-13 23:12:55 - [MESSAGE][PASSED] - Text 'iahmed' is set on object 'Object Repository/Login_Page/Login_Username_Okta'

2024-07-13 23:12:56 - [MESSAGE][PASSED] - Text 'Hello!6666666' is set on object 'Object Repository/Login_Page/Login_Password_Okta'

2024-07-13 23:12:57 - [MESSAGE][PASSED] - Object: 'Object Repository/Login_Page/Login_Submit_Okta' is clicked on

2024-07-13 23:12:57 - [MESSAGE][PASSED] - adminSuiteBootstrap.loginFunctionality.login_AdminSuite is PASSED

2024-07-13 23:12:57 - [TEST_STEP][PASSED] - click(findTestObject(path_Dashboard + appName)): Object: 'Object Repository/AdminSuiteBootstrap_Pages/Dashboard_Bootstrap/a_Access AutoNoCFtp' is clicked on

2024-07-13 23:13:05 - [MESSAGE][PASSED] - Object: 'Object Repository/AdminSuiteBootstrap_Pages/Dashboard_Bootstrap/a_Access AutoNoCFtp' is clicked on

2024-07-13 23:13:05 - [TEST_STEP][PASSED] - click(findTestObject(path_VT + "button_Debit")): Object: 'Object Repository/AdminSuiteBootstrap_Pages/VT_Bootstrap/IssueTransactions/button_Debit' is clicked on

2024-07-13 23:13:05 - [MESSAGE][PASSED] - Object: 'Object Repository/AdminSuiteBootstrap_Pages/VT_Bootstrap/IssueTransactions/button_Debit' is clicked on

2024-07-13 23:13:05 - [TEST_STEP][PASSED] - click(findTestObject(path_VT + "a_Personal")): Object: 'Object Repository/AdminSuiteBootstrap_Pages/VT_Bootstrap/IssueTransactions/a_Personal' is clicked on

2024-07-13 23:13:06 - [MESSAGE][PASSED] - Object: 'Object Repository/AdminSuiteBootstrap_Pages/VT_Bootstrap/IssueTransactions/a_Personal' is clicked on

2024-07-13 23:13:06 - [TEST_STEP][PASSED] - adminSuiteBootstrap.debitPersonalsetData.debitPersonal_DataDriven(row, dataFile): adminSuiteBootstrap.debitPersonalsetData.debitPersonal_DataDriven is PASSED

2024-07-13 23:13:08 - [MESSAGE][PASSED] - Text 'John' is set on object 'Object Repository/AdminSuiteBootstrap_Pages/VT_Bootstrap/ACHPersonal/input_firstName'

2024-07-13 23:13:09 - [MESSAGE][PASSED] - Text 'Gordonas' is set on object 'Object Repository/AdminSuiteBootstrap_Pages/VT_Bootstrap/ACHPersonal/input_lastName'

2024-07-13 23:13:10 - [MESSAGE][PASSED] - Text '133 Meadow Ln' is set on object 'Object Repository/AdminSuiteBootstrap_Pages/VT_Bootstrap/ACHPersonal/input_address'

2024-07-13 23:13:11 - [MESSAGE][PASSED] - Text 'apt #123' is set on object 'Object Repository/AdminSuiteBootstrap_Pages/VT_Bootstrap/ACHPersonal/input_address2'

2024-07-13 23:13:11 - [MESSAGE][PASSED] - Text '22201' is set on object 'Object Repository/AdminSuiteBootstrap_Pages/VT_Bootstrap/ACHPersonal/input_zip'

2024-07-13 23:13:12 - [MESSAGE][PASSED] - Text '' is set on object 'Object Repository/AdminSuiteBootstrap_Pages/VT_Bootstrap/ACHPersonal/input_emailAddress'

2024-07-13 23:13:13 - [MESSAGE][PASSED] - Text '' is set on object 'Object Repository/AdminSuiteBootstrap_Pages/VT_Bootstrap/ACHPersonal/input_smsNumber'

2024-07-13 23:13:14 - [MESSAGE][PASSED] - Text '45681001' is set on object 'Object Repository/AdminSuiteBootstrap_Pages/VT_Bootstrap/ACHPersonal/input_accountNumber'

2024-07-13 23:13:15 - [MESSAGE][PASSED] - Text '256072691' is set on object 'Object Repository/AdminSuiteBootstrap_Pages/VT_Bootstrap/ACHPersonal/input_routingNumber'

2024-07-13 23:13:16 - [MESSAGE][PASSED] - All options with label 'Checking' are selected in object 'Object Repository/AdminSuiteBootstrap_Pages/VT_Bootstrap/ACHPersonal/select_AccountType'  using regular expression

2024-07-13 23:13:17 - [MESSAGE][PASSED] - All options with label 'PPD - Prearranged Payment and Deposit Entry' are selected in object 'Object Repository/AdminSuiteBootstrap_Pages/VT_Bootstrap/ACHPersonal/select_STD'  using regular expression

2024-07-13 23:13:17 - [MESSAGE][PASSED] - Text '11.5' is set on object 'Object Repository/AdminSuiteBootstrap_Pages/VT_Bootstrap/ACHPersonal/input_amount'

2024-07-13 23:13:18 - [MESSAGE][PASSED] - Text 'Denmark' is set on object 'Object Repository/AdminSuiteBootstrap_Pages/VT_Bootstrap/ACHPersonal/input_userDefined1'

2024-07-13 23:13:19 - [MESSAGE][PASSED] - Text 'Australia' is set on object 'Object Repository/AdminSuiteBootstrap_Pages/VT_Bootstrap/ACHPersonal/input_userDefined2'

2024-07-13 23:13:20 - [MESSAGE][PASSED] - Text 'Austria' is set on object 'Object Repository/AdminSuiteBootstrap_Pages/VT_Bootstrap/ACHPersonal/input_userDefined3'

2024-07-13 23:13:21 - [MESSAGE][PASSED] - Text 'Sweden' is set on object 'Object Repository/AdminSuiteBootstrap_Pages/VT_Bootstrap/ACHPersonal/input_userDefined4'

2024-07-13 23:13:22 - [MESSAGE][PASSED] - All options with label 'Yellow' are selected in object 'Object Repository/AdminSuiteBootstrap_Pages/VT_Bootstrap/ACHPersonal/select_UDF5'  using regular expression

2024-07-13 23:13:22 - [MESSAGE][PASSED] - All options with label 'Orange' are selected in object 'Object Repository/AdminSuiteBootstrap_Pages/VT_Bootstrap/ACHPersonal/select_UDF6'  using regular expression

2024-07-13 23:13:23 - [MESSAGE][PASSED] - Text 'Netherlands' is set on object 'Object Repository/AdminSuiteBootstrap_Pages/VT_Bootstrap/ACHPersonal/input_userDefined7'

2024-07-13 23:13:24 - [MESSAGE][PASSED] - Text 'Norway' is set on object 'Object Repository/AdminSuiteBootstrap_Pages/VT_Bootstrap/ACHPersonal/input_userDefined8'

2024-07-13 23:13:25 - [MESSAGE][PASSED] - Text 'France' is set on object 'Object Repository/AdminSuiteBootstrap_Pages/VT_Bootstrap/ACHPersonal/input_userDefined9'

2024-07-13 23:13:25 - [MESSAGE][PASSED] - Text 'Switzerland' is set on object 'Object Repository/AdminSuiteBootstrap_Pages/VT_Bootstrap/ACHPersonal/input_userDefined10'

2024-07-13 23:13:26 - [MESSAGE][PASSED] - Object: 'Object Repository/AdminSuiteBootstrap_Pages/VT_Bootstrap/ACHPersonal/button_Submit' is clicked on

2024-07-13 23:13:26 - [MESSAGE][PASSED] - adminSuiteBootstrap.debitPersonalsetData.debitPersonal_DataDriven is PASSED

2024-07-13 23:13:26 - [TEST_STEP][PASSED] - if (verifyTextPresent("Transaction Successful", true)): null

2024-07-13 23:13:27 - [MESSAGE][PASSED] - Text 'Transaction Successful' is present on page  using regular expression

2024-07-13 23:13:27 - [TEST_STEP][PASSED] - sdf = getText(findTestObject(path_Receipt + "td_AutoNoC031622113752957Ahm")): Text of object 'Object Repository/AdminSuiteBootstrap_Pages/VT_Bootstrap/Receipt/td_AutoNoC031622113752957Ahm' is: 'AutoNoCFtp071324230558Ahm'

2024-07-13 23:13:27 - [MESSAGE][PASSED] - Text of object 'Object Repository/AdminSuiteBootstrap_Pages/VT_Bootstrap/Receipt/td_AutoNoC031622113752957Ahm' is: 'AutoNoCFtp071324230558Ahm'

2024-07-13 23:13:27 - [TEST_STEP][PASSED] - out.println("sdf: " + sdf): null

2024-07-13 23:13:27 - [TEST_STEP][PASSED] - remID = sdf: null

2024-07-13 23:13:27 - [TEST_STEP][PASSED] - out.println("remID: " + remID): null

2024-07-13 23:13:27 - [TEST_STEP][PASSED] - click(findTestObject(path_Receipt + "button_Continue")): Object: 'Object Repository/AdminSuiteBootstrap_Pages/VT_Bootstrap/Receipt/button_Continue' is clicked on

2024-07-13 23:13:28 - [MESSAGE][PASSED] - Object: 'Object Repository/AdminSuiteBootstrap_Pages/VT_Bootstrap/Receipt/button_Continue' is clicked on

2024-07-13 23:13:28 - [TEST_STEP][PASSED] - click(findTestObject(path_VT + "a_Search Transactions")): Object: 'Object Repository/AdminSuiteBootstrap_Pages/VT_Bootstrap/IssueTransactions/a_Search Transactions' is clicked on

2024-07-13 23:13:29 - [MESSAGE][PASSED] - Object: 'Object Repository/AdminSuiteBootstrap_Pages/VT_Bootstrap/IssueTransactions/a_Search Transactions' is clicked on

2024-07-13 23:13:29 - [TEST_STEP][PASSED] - setText(findTestObject(path_CCSearch + "input_Search By_searchValue"), remID): Text 'AutoNoCFtp071324230558Ahm' is set on object 'Object Repository/AdminSuiteBootstrap_Pages/VT_Bootstrap/CCCreditOrVoidSearch/input_Search By_searchValue'

2024-07-13 23:13:30 - [MESSAGE][PASSED] - Text 'AutoNoCFtp071324230558Ahm' is set on object 'Object Repository/AdminSuiteBootstrap_Pages/VT_Bootstrap/CCCreditOrVoidSearch/input_Search By_searchValue'

2024-07-13 23:13:30 - [TEST_STEP][PASSED] - click(findTestObject(path_CCSearch + "button_Submit")): Object: 'Object Repository/AdminSuiteBootstrap_Pages/VT_Bootstrap/CCCreditOrVoidSearch/button_Submit' is clicked on

2024-07-13 23:13:31 - [MESSAGE][PASSED] - Object: 'Object Repository/AdminSuiteBootstrap_Pages/VT_Bootstrap/CCCreditOrVoidSearch/button_Submit' is clicked on

2024-07-13 23:13:31 - [TEST_STEP][PASSED] - fgr = getText(findTestObject(path_SearchResults + "div_Payment ID")): Text of object 'Object Repository/AdminSuiteBootstrap_Pages/VT_Bootstrap/SearchResults/div_Payment ID' is: 'Payment ID
Payment Type
Transaction Type
Remittance ID
Name
Total Amount
End Date
Status
12155096 Online Check Debit AutoNoCFtp071324230558Ahm John Gordonas $11.50 07/13/2024 Success'

2024-07-13 23:13:31 - [MESSAGE][PASSED] - Text of object 'Object Repository/AdminSuiteBootstrap_Pages/VT_Bootstrap/SearchResults/div_Payment ID' is: 'Payment ID
Payment Type
Transaction Type
Remittance ID
Name
Total Amount
End Date
Status
12155096 Online Check Debit AutoNoCFtp071324230558Ahm John Gordonas $11.50 07/13/2024 Success'

2024-07-13 23:13:31 - [TEST_STEP][PASSED] - payID = substring(89, 98).trim(): null

2024-07-13 23:13:31 - [TEST_STEP][PASSED] - out.println("payID: " + payID): null

2024-07-13 23:13:31 - [TEST_STEP][PASSED] - click(findTestObject(path_SearchResults + "button_Modify Search Criteria")): Object: 'Object Repository/AdminSuiteBootstrap_Pages/VT_Bootstrap/SearchResults/button_Modify Search Criteria' is clicked on

2024-07-13 23:13:32 - [MESSAGE][PASSED] - Object: 'Object Repository/AdminSuiteBootstrap_Pages/VT_Bootstrap/SearchResults/button_Modify Search Criteria' is clicked on

2024-07-13 23:13:32 - [TEST_STEP][PASSED] - adminSuiteBootstrap.searchTransactions.searchTransactions_DataDriven(row, dataFile, remID, payID): adminSuiteBootstrap.searchTransactions.searchTransactions_DataDriven is PASSED

2024-07-13 23:13:33 - [MESSAGE][PASSED] - All options with label 'UDF Label: UDF6' are selected in object 'Object Repository/AdminSuiteBootstrap_Pages/VT_Bootstrap/CCCreditOrVoidSearch/select_SearchBy' 

2024-07-13 23:13:34 - [MESSAGE][PASSED] - Text 'Orange Recorded' is set on object 'Object Repository/AdminSuiteBootstrap_Pages/VT_Bootstrap/CCCreditOrVoidSearch/input_Search By_searchValue'

2024-07-13 23:13:34 - [MESSAGE][PASSED] - Object: 'Object Repository/AdminSuiteBootstrap_Pages/VT_Bootstrap/CCCreditOrVoidSearch/button_Submit' is clicked on

2024-07-13 23:13:34 - [MESSAGE][PASSED] - adminSuiteBootstrap.searchTransactions.searchTransactions_DataDriven is PASSED

2024-07-13 23:13:34 - [TEST_STEP][PASSED] - if (verifyTextPresent(remID, true)): null

2024-07-13 23:13:35 - [MESSAGE][PASSED] - Text 'AutoNoCFtp071324230558Ahm' is present on page  using regular expression

2024-07-13 23:13:35 - [TEST_STEP][PASSED] - resText = "Pass": null

2024-07-13 23:13:35 - [TEST_STEP][PASSED] - pages.WriteExcel.demoKey(resText, datText, resColumn, datCloumn, fileLoc, nameSheet, row): pages.WriteExcel.demoKey is PASSED

2024-07-13 23:13:35 - [MESSAGE][PASSED] - pages.WriteExcel.demoKey is PASSED

2024-07-13 23:13:35 - [TEST_STEP][PASSED] - verifyTextPresent("Transactions Matching Search Criteria", true): Text 'Transactions Matching Search Criteria' is present on page  using regular expression

2024-07-13 23:13:35 - [MESSAGE][PASSED] - Text 'Transactions Matching Search Criteria' is present on page  using regular expression

2024-07-13 23:13:35 - [TEST_STEP][PASSED] - verifyTextPresent("Payment ID", true): Text 'Payment ID' is present on page  using regular expression

2024-07-13 23:13:36 - [MESSAGE][PASSED] - Text 'Payment ID' is present on page  using regular expression

2024-07-13 23:13:36 - [TEST_STEP][PASSED] - verifyTextPresent("Payment Type", true): Text 'Payment Type' is present on page  using regular expression

2024-07-13 23:13:36 - [MESSAGE][PASSED] - Text 'Payment Type' is present on page  using regular expression

2024-07-13 23:13:36 - [TEST_STEP][PASSED] - verifyTextPresent("Transaction Type", true): Text 'Transaction Type' is present on page  using regular expression

2024-07-13 23:13:36 - [MESSAGE][PASSED] - Text 'Transaction Type' is present on page  using regular expression

2024-07-13 23:13:36 - [TEST_STEP][PASSED] - verifyTextPresent("Remittance ID", true): Text 'Remittance ID' is present on page  using regular expression

2024-07-13 23:13:37 - [MESSAGE][PASSED] - Text 'Remittance ID' is present on page  using regular expression

2024-07-13 23:13:37 - [TEST_STEP][PASSED] - verifyTextPresent("Name", true): Text 'Name' is present on page  using regular expression

2024-07-13 23:13:37 - [MESSAGE][PASSED] - Text 'Name' is present on page  using regular expression

2024-07-13 23:13:37 - [TEST_STEP][PASSED] - verifyTextPresent("Total Amount", true): Text 'Total Amount' is present on page  using regular expression

2024-07-13 23:13:37 - [MESSAGE][PASSED] - Text 'Total Amount' is present on page  using regular expression

2024-07-13 23:13:37 - [TEST_STEP][PASSED] - verifyTextPresent("End Date", true): Text 'End Date' is present on page  using regular expression

2024-07-13 23:13:38 - [MESSAGE][PASSED] - Text 'End Date' is present on page  using regular expression

2024-07-13 23:13:38 - [TEST_STEP][PASSED] - verifyTextPresent("Status", true): Text 'Status' is present on page  using regular expression

2024-07-13 23:13:38 - [MESSAGE][PASSED] - Text 'Status' is present on page  using regular expression

2024-07-13 23:13:38 - [TEST_STEP][PASSED] - verifyTextPresent("Debit", true): Text 'Debit' is present on page  using regular expression

2024-07-13 23:13:38 - [MESSAGE][PASSED] - Text 'Debit' is present on page  using regular expression

2024-07-13 23:13:38 - [TEST_STEP][PASSED] - verifyTextPresent("Online Check", true): Text 'Online Check' is present on page  using regular expression

2024-07-13 23:13:39 - [MESSAGE][PASSED] - Text 'Online Check' is present on page  using regular expression

2024-07-13 23:13:39 - [TEST_STEP][PASSED] - verifyTextPresent(cardNameV, true): Text 'John Gordonas' is present on page  using regular expression

2024-07-13 23:13:39 - [MESSAGE][PASSED] - Text 'John Gordonas' is present on page  using regular expression

2024-07-13 23:13:39 - [TEST_STEP][PASSED] - verifyTextPresent("Success", true): Text 'Success' is present on page  using regular expression

2024-07-13 23:13:39 - [MESSAGE][PASSED] - Text 'Success' is present on page  using regular expression

2024-07-13 23:13:39 - [TEST_STEP][PASSED] - verifyElementPresent(findTestObject(path_SearchResults + "button_PaymentID"), 10): Object 'Object Repository/AdminSuiteBootstrap_Pages/VT_Bootstrap/SearchResults/button_PaymentID' is present

2024-07-13 23:13:39 - [MESSAGE][PASSED] - Object 'Object Repository/AdminSuiteBootstrap_Pages/VT_Bootstrap/SearchResults/button_PaymentID' is present

2024-07-13 23:13:39 - [TEST_STEP][PASSED] - click(findTestObject(path_SearchResults + "button_PaymentID")): Object: 'Object Repository/AdminSuiteBootstrap_Pages/VT_Bootstrap/SearchResults/button_PaymentID' is clicked on

2024-07-13 23:13:40 - [MESSAGE][PASSED] - Object: 'Object Repository/AdminSuiteBootstrap_Pages/VT_Bootstrap/SearchResults/button_PaymentID' is clicked on

2024-07-13 23:13:40 - [TEST_STEP][PASSED] - click(findTestObject(path_TranxDetails + "a_Void this transaction")): Object: 'Object Repository/AdminSuiteBootstrap_Pages/VT_Bootstrap/TransactionDetails/a_Void this transaction' is clicked on

2024-07-13 23:13:41 - [MESSAGE][PASSED] - Object: 'Object Repository/AdminSuiteBootstrap_Pages/VT_Bootstrap/TransactionDetails/a_Void this transaction' is clicked on

2024-07-13 23:13:41 - [TEST_STEP][PASSED] - click(findTestObject(path_TranxDetails + "button_Submit")): Object: 'Object Repository/AdminSuiteBootstrap_Pages/VT_Bootstrap/TransactionDetails/button_Submit' is clicked on

2024-07-13 23:13:42 - [MESSAGE][PASSED] - Object: 'Object Repository/AdminSuiteBootstrap_Pages/VT_Bootstrap/TransactionDetails/button_Submit' is clicked on

2024-07-13 23:13:42 - [TEST_STEP][PASSED] - verifyTextPresent("Transaction Successful", true): Text 'Transaction Successful' is present on page  using regular expression

2024-07-13 23:13:43 - [MESSAGE][PASSED] - Text 'Transaction Successful' is present on page  using regular expression

2024-07-13 23:13:43 - [TEST_STEP][PASSED] - ExecuteTC = findTestData(dataFile).getValue("Execute", row): null

2024-07-13 23:13:43 - [TEST_STEP][PASSED] - out.println("Value of Execute is : " + ExecuteTC): null

2024-07-13 23:13:43 - [TEST_STEP][PASSED] - switch (executionProfile): null

2024-07-13 23:13:43 - [TEST_STEP][PASSED] - case "QA2Profile":: null

2024-07-13 23:13:43 - [TEST_STEP][PASSED] - appName = findTestData(dataFile).getValue("AppNameQA", row): null

2024-07-13 23:13:43 - [TEST_STEP][PASSED] - appID = findTestData(dataFile).getValue("AppIDQA", row): null

2024-07-13 23:13:43 - [TEST_STEP][PASSED] - break: null

2024-07-13 23:13:43 - [TEST_STEP][PASSED] - cardNameV = findTestData(dataFile).getValue("NameV", row): null

2024-07-13 23:13:43 - [TEST_STEP][PASSED] - hrefAppID = li_1 + appID + li_2: null

2024-07-13 23:13:43 - [TEST_STEP][PASSED] - hrefApp = li_1 + appID + "/": null

2024-07-13 23:13:43 - [TEST_STEP][PASSED] - println("hrefApp : " + hrefApp): null

2024-07-13 23:13:43 - [TEST_STEP][PASSED] - if (ExecuteTC.equalsIgnoreCase("Y")): null

2024-07-13 23:13:43 - [TEST_STEP][PASSED] - out.println("Begin Record Number: " + row): null

2024-07-13 23:13:43 - [TEST_STEP][PASSED] - today = new java.util.Date(): null

2024-07-13 23:13:43 - [TEST_STEP][PASSED] - println(today): null

2024-07-13 23:13:43 - [TEST_STEP][PASSED] - datText = today: null

2024-07-13 23:13:43 - [TEST_STEP][PASSED] - adminSuiteBootstrap.loginFunctionality.login_AdminSuite(): adminSuiteBootstrap.loginFunctionality.login_AdminSuite is PASSED

2024-07-13 23:13:43 - [MESSAGE][WARNING] - A browser is already opened. Closing browser and opening a new one

2024-07-13 23:13:44 - [MESSAGE][INFO] - Starting 'Chrome' driver

2024-07-13 23:13:44 - [MESSAGE][INFO] - User set preference: ['acceptInsecureCerts', 'true']

2024-07-13 23:13:44 - [MESSAGE][INFO] - Action delay is set to 0 milliseconds

2024-07-13 23:13:47 - [MESSAGE][PASSED] - Browser is opened with url: 'https://qa2.velocitypayment.com/admin/imtiaz'

2024-07-13 23:13:47 - [MESSAGE][PASSED] - Current window maximized

2024-07-13 23:13:48 - [MESSAGE][PASSED] - Object 'Object Repository/Login_Page/Login_Username_Okta' is present

2024-07-13 23:13:48 - [MESSAGE][PASSED] - Text 'iahmed' is set on object 'Object Repository/Login_Page/Login_Username_Okta'

2024-07-13 23:13:49 - [MESSAGE][PASSED] - Text 'Hello!6666666' is set on object 'Object Repository/Login_Page/Login_Password_Okta'

2024-07-13 23:13:50 - [MESSAGE][PASSED] - Object: 'Object Repository/Login_Page/Login_Submit_Okta' is clicked on

2024-07-13 23:13:50 - [MESSAGE][PASSED] - adminSuiteBootstrap.loginFunctionality.login_AdminSuite is PASSED

2024-07-13 23:13:50 - [TEST_STEP][PASSED] - click(findTestObject(path_Dashboard + appName)): Object: 'Object Repository/AdminSuiteBootstrap_Pages/Dashboard_Bootstrap/a_Access AutoNoCFtp' is clicked on

2024-07-13 23:13:57 - [MESSAGE][PASSED] - Object: 'Object Repository/AdminSuiteBootstrap_Pages/Dashboard_Bootstrap/a_Access AutoNoCFtp' is clicked on

2024-07-13 23:13:57 - [TEST_STEP][PASSED] - click(findTestObject(path_VT + "button_Debit")): Object: 'Object Repository/AdminSuiteBootstrap_Pages/VT_Bootstrap/IssueTransactions/button_Debit' is clicked on

2024-07-13 23:13:58 - [MESSAGE][PASSED] - Object: 'Object Repository/AdminSuiteBootstrap_Pages/VT_Bootstrap/IssueTransactions/button_Debit' is clicked on

2024-07-13 23:13:58 - [TEST_STEP][PASSED] - click(findTestObject(path_VT + "a_Personal")): Object: 'Object Repository/AdminSuiteBootstrap_Pages/VT_Bootstrap/IssueTransactions/a_Personal' is clicked on

2024-07-13 23:13:59 - [MESSAGE][PASSED] - Object: 'Object Repository/AdminSuiteBootstrap_Pages/VT_Bootstrap/IssueTransactions/a_Personal' is clicked on

2024-07-13 23:13:59 - [TEST_STEP][PASSED] - adminSuiteBootstrap.debitPersonalsetData.debitPersonal_DataDriven(row, dataFile): adminSuiteBootstrap.debitPersonalsetData.debitPersonal_DataDriven is PASSED

2024-07-13 23:14:01 - [MESSAGE][PASSED] - Text 'Veronika' is set on object 'Object Repository/AdminSuiteBootstrap_Pages/VT_Bootstrap/ACHPersonal/input_firstName'

2024-07-13 23:14:02 - [MESSAGE][PASSED] - Text 'Inouye' is set on object 'Object Repository/AdminSuiteBootstrap_Pages/VT_Bootstrap/ACHPersonal/input_lastName'

2024-07-13 23:14:02 - [MESSAGE][PASSED] - Text '6 Greenleaf Ave' is set on object 'Object Repository/AdminSuiteBootstrap_Pages/VT_Bootstrap/ACHPersonal/input_address'

2024-07-13 23:14:03 - [MESSAGE][PASSED] - Text 'apt #3' is set on object 'Object Repository/AdminSuiteBootstrap_Pages/VT_Bootstrap/ACHPersonal/input_address2'

2024-07-13 23:14:04 - [MESSAGE][PASSED] - Text '22201' is set on object 'Object Repository/AdminSuiteBootstrap_Pages/VT_Bootstrap/ACHPersonal/input_zip'

2024-07-13 23:14:05 - [MESSAGE][PASSED] - Text '' is set on object 'Object Repository/AdminSuiteBootstrap_Pages/VT_Bootstrap/ACHPersonal/input_emailAddress'

2024-07-13 23:14:06 - [MESSAGE][PASSED] - Text '' is set on object 'Object Repository/AdminSuiteBootstrap_Pages/VT_Bootstrap/ACHPersonal/input_smsNumber'

2024-07-13 23:14:07 - [MESSAGE][PASSED] - Text '45681002' is set on object 'Object Repository/AdminSuiteBootstrap_Pages/VT_Bootstrap/ACHPersonal/input_accountNumber'

2024-07-13 23:14:07 - [MESSAGE][PASSED] - Text '256072691' is set on object 'Object Repository/AdminSuiteBootstrap_Pages/VT_Bootstrap/ACHPersonal/input_routingNumber'

2024-07-13 23:14:08 - [MESSAGE][PASSED] - All options with label 'Checking' are selected in object 'Object Repository/AdminSuiteBootstrap_Pages/VT_Bootstrap/ACHPersonal/select_AccountType'  using regular expression

2024-07-13 23:14:09 - [MESSAGE][PASSED] - All options with label 'TEL - Telephone-Initiated Entry' are selected in object 'Object Repository/AdminSuiteBootstrap_Pages/VT_Bootstrap/ACHPersonal/select_STD'  using regular expression

2024-07-13 23:14:10 - [MESSAGE][PASSED] - Text '11.5' is set on object 'Object Repository/AdminSuiteBootstrap_Pages/VT_Bootstrap/ACHPersonal/input_amount'

2024-07-13 23:14:11 - [MESSAGE][PASSED] - Text 'Denmark' is set on object 'Object Repository/AdminSuiteBootstrap_Pages/VT_Bootstrap/ACHPersonal/input_userDefined1'

2024-07-13 23:14:12 - [MESSAGE][PASSED] - Text 'Australia' is set on object 'Object Repository/AdminSuiteBootstrap_Pages/VT_Bootstrap/ACHPersonal/input_userDefined2'

2024-07-13 23:14:13 - [MESSAGE][PASSED] - Text 'Austria' is set on object 'Object Repository/AdminSuiteBootstrap_Pages/VT_Bootstrap/ACHPersonal/input_userDefined3'

2024-07-13 23:14:13 - [MESSAGE][PASSED] - Text 'Sweden' is set on object 'Object Repository/AdminSuiteBootstrap_Pages/VT_Bootstrap/ACHPersonal/input_userDefined4'

2024-07-13 23:14:14 - [MESSAGE][PASSED] - All options with label 'Yellow' are selected in object 'Object Repository/AdminSuiteBootstrap_Pages/VT_Bootstrap/ACHPersonal/select_UDF5'  using regular expression

2024-07-13 23:14:15 - [MESSAGE][PASSED] - All options with label 'Orange' are selected in object 'Object Repository/AdminSuiteBootstrap_Pages/VT_Bootstrap/ACHPersonal/select_UDF6'  using regular expression

2024-07-13 23:14:16 - [MESSAGE][PASSED] - Text 'Hum Teri Chahat main' is set on object 'Object Repository/AdminSuiteBootstrap_Pages/VT_Bootstrap/ACHPersonal/input_userDefined7'

2024-07-13 23:14:17 - [MESSAGE][PASSED] - Text 'Norway' is set on object 'Object Repository/AdminSuiteBootstrap_Pages/VT_Bootstrap/ACHPersonal/input_userDefined8'

2024-07-13 23:14:17 - [MESSAGE][PASSED] - Text 'France' is set on object 'Object Repository/AdminSuiteBootstrap_Pages/VT_Bootstrap/ACHPersonal/input_userDefined9'

2024-07-13 23:14:18 - [MESSAGE][PASSED] - Text 'Switzerland' is set on object 'Object Repository/AdminSuiteBootstrap_Pages/VT_Bootstrap/ACHPersonal/input_userDefined10'

2024-07-13 23:14:19 - [MESSAGE][PASSED] - Object: 'Object Repository/AdminSuiteBootstrap_Pages/VT_Bootstrap/ACHPersonal/button_Submit' is clicked on

2024-07-13 23:14:19 - [MESSAGE][PASSED] - adminSuiteBootstrap.debitPersonalsetData.debitPersonal_DataDriven is PASSED

2024-07-13 23:14:19 - [TEST_STEP][PASSED] - if (verifyTextPresent("Transaction Successful", true)): null

2024-07-13 23:14:20 - [MESSAGE][PASSED] - Text 'Transaction Successful' is present on page  using regular expression

2024-07-13 23:14:20 - [TEST_STEP][PASSED] - sdf = getText(findTestObject(path_Receipt + "td_AutoNoC031622113752957Ahm")): Text of object 'Object Repository/AdminSuiteBootstrap_Pages/VT_Bootstrap/Receipt/td_AutoNoC031622113752957Ahm' is: 'AutoNoCFtp071324230650Ahm'

2024-07-13 23:14:20 - [MESSAGE][PASSED] - Text of object 'Object Repository/AdminSuiteBootstrap_Pages/VT_Bootstrap/Receipt/td_AutoNoC031622113752957Ahm' is: 'AutoNoCFtp071324230650Ahm'

2024-07-13 23:14:20 - [TEST_STEP][PASSED] - out.println("sdf: " + sdf): null

2024-07-13 23:14:20 - [TEST_STEP][PASSED] - remID = sdf: null

2024-07-13 23:14:20 - [TEST_STEP][PASSED] - out.println("remID: " + remID): null

2024-07-13 23:14:20 - [TEST_STEP][PASSED] - click(findTestObject(path_Receipt + "button_Continue")): Object: 'Object Repository/AdminSuiteBootstrap_Pages/VT_Bootstrap/Receipt/button_Continue' is clicked on

2024-07-13 23:14:21 - [MESSAGE][PASSED] - Object: 'Object Repository/AdminSuiteBootstrap_Pages/VT_Bootstrap/Receipt/button_Continue' is clicked on

2024-07-13 23:14:21 - [TEST_STEP][PASSED] - click(findTestObject(path_VT + "a_Search Transactions")): Object: 'Object Repository/AdminSuiteBootstrap_Pages/VT_Bootstrap/IssueTransactions/a_Search Transactions' is clicked on

2024-07-13 23:14:22 - [MESSAGE][PASSED] - Object: 'Object Repository/AdminSuiteBootstrap_Pages/VT_Bootstrap/IssueTransactions/a_Search Transactions' is clicked on

2024-07-13 23:14:22 - [TEST_STEP][PASSED] - setText(findTestObject(path_CCSearch + "input_Search By_searchValue"), remID): Text 'AutoNoCFtp071324230650Ahm' is set on object 'Object Repository/AdminSuiteBootstrap_Pages/VT_Bootstrap/CCCreditOrVoidSearch/input_Search By_searchValue'

2024-07-13 23:14:23 - [MESSAGE][PASSED] - Text 'AutoNoCFtp071324230650Ahm' is set on object 'Object Repository/AdminSuiteBootstrap_Pages/VT_Bootstrap/CCCreditOrVoidSearch/input_Search By_searchValue'

2024-07-13 23:14:23 - [TEST_STEP][PASSED] - click(findTestObject(path_CCSearch + "button_Submit")): Object: 'Object Repository/AdminSuiteBootstrap_Pages/VT_Bootstrap/CCCreditOrVoidSearch/button_Submit' is clicked on

2024-07-13 23:14:23 - [MESSAGE][PASSED] - Object: 'Object Repository/AdminSuiteBootstrap_Pages/VT_Bootstrap/CCCreditOrVoidSearch/button_Submit' is clicked on

2024-07-13 23:14:23 - [TEST_STEP][PASSED] - fgr = getText(findTestObject(path_SearchResults + "div_Payment ID")): Text of object 'Object Repository/AdminSuiteBootstrap_Pages/VT_Bootstrap/SearchResults/div_Payment ID' is: 'Payment ID
Payment Type
Transaction Type
Remittance ID
Name
Total Amount
End Date
Status
12155098 Online Check Debit AutoNoCFtp071324230650Ahm Veronika Inouye $11.50 07/13/2024 Success'

2024-07-13 23:14:24 - [MESSAGE][PASSED] - Text of object 'Object Repository/AdminSuiteBootstrap_Pages/VT_Bootstrap/SearchResults/div_Payment ID' is: 'Payment ID
Payment Type
Transaction Type
Remittance ID
Name
Total Amount
End Date
Status
12155098 Online Check Debit AutoNoCFtp071324230650Ahm Veronika Inouye $11.50 07/13/2024 Success'

2024-07-13 23:14:24 - [TEST_STEP][PASSED] - payID = substring(89, 98).trim(): null

2024-07-13 23:14:24 - [TEST_STEP][PASSED] - out.println("payID: " + payID): null

2024-07-13 23:14:24 - [TEST_STEP][PASSED] - click(findTestObject(path_SearchResults + "button_Modify Search Criteria")): Object: 'Object Repository/AdminSuiteBootstrap_Pages/VT_Bootstrap/SearchResults/button_Modify Search Criteria' is clicked on

2024-07-13 23:14:25 - [MESSAGE][PASSED] - Object: 'Object Repository/AdminSuiteBootstrap_Pages/VT_Bootstrap/SearchResults/button_Modify Search Criteria' is clicked on

2024-07-13 23:14:25 - [TEST_STEP][PASSED] - adminSuiteBootstrap.searchTransactions.searchTransactions_DataDriven(row, dataFile, remID, payID): adminSuiteBootstrap.searchTransactions.searchTransactions_DataDriven is PASSED

2024-07-13 23:14:26 - [MESSAGE][PASSED] - All options with label 'UDF Label: UDF7' are selected in object 'Object Repository/AdminSuiteBootstrap_Pages/VT_Bootstrap/CCCreditOrVoidSearch/select_SearchBy' 

2024-07-13 23:14:26 - [MESSAGE][PASSED] - Text 'Hum Teri Chahat main' is set on object 'Object Repository/AdminSuiteBootstrap_Pages/VT_Bootstrap/CCCreditOrVoidSearch/input_Search By_searchValue'

2024-07-13 23:14:27 - [MESSAGE][PASSED] - Object: 'Object Repository/AdminSuiteBootstrap_Pages/VT_Bootstrap/CCCreditOrVoidSearch/button_Submit' is clicked on

2024-07-13 23:14:27 - [MESSAGE][PASSED] - adminSuiteBootstrap.searchTransactions.searchTransactions_DataDriven is PASSED

2024-07-13 23:14:27 - [TEST_STEP][PASSED] - if (verifyTextPresent(remID, true)): null

2024-07-13 23:14:28 - [MESSAGE][PASSED] - Text 'AutoNoCFtp071324230650Ahm' is present on page  using regular expression

2024-07-13 23:14:28 - [TEST_STEP][PASSED] - resText = "Pass": null

2024-07-13 23:14:28 - [TEST_STEP][PASSED] - pages.WriteExcel.demoKey(resText, datText, resColumn, datCloumn, fileLoc, nameSheet, row): pages.WriteExcel.demoKey is PASSED

2024-07-13 23:14:28 - [MESSAGE][PASSED] - pages.WriteExcel.demoKey is PASSED

2024-07-13 23:14:28 - [TEST_STEP][PASSED] - verifyTextPresent("Transactions Matching Search Criteria", true): Text 'Transactions Matching Search Criteria' is present on page  using regular expression

2024-07-13 23:14:28 - [MESSAGE][PASSED] - Text 'Transactions Matching Search Criteria' is present on page  using regular expression

2024-07-13 23:14:28 - [TEST_STEP][PASSED] - verifyTextPresent("Payment ID", true): Text 'Payment ID' is present on page  using regular expression

2024-07-13 23:14:28 - [MESSAGE][PASSED] - Text 'Payment ID' is present on page  using regular expression

2024-07-13 23:14:28 - [TEST_STEP][PASSED] - verifyTextPresent("Payment Type", true): Text 'Payment Type' is present on page  using regular expression

2024-07-13 23:14:29 - [MESSAGE][PASSED] - Text 'Payment Type' is present on page  using regular expression

2024-07-13 23:14:29 - [TEST_STEP][PASSED] - verifyTextPresent("Transaction Type", true): Text 'Transaction Type' is present on page  using regular expression

2024-07-13 23:14:29 - [MESSAGE][PASSED] - Text 'Transaction Type' is present on page  using regular expression

2024-07-13 23:14:29 - [TEST_STEP][PASSED] - verifyTextPresent("Remittance ID", true): Text 'Remittance ID' is present on page  using regular expression

2024-07-13 23:14:29 - [MESSAGE][PASSED] - Text 'Remittance ID' is present on page  using regular expression

2024-07-13 23:14:29 - [TEST_STEP][PASSED] - verifyTextPresent("Name", true): Text 'Name' is present on page  using regular expression

2024-07-13 23:14:30 - [MESSAGE][PASSED] - Text 'Name' is present on page  using regular expression

2024-07-13 23:14:30 - [TEST_STEP][PASSED] - verifyTextPresent("Total Amount", true): Text 'Total Amount' is present on page  using regular expression

2024-07-13 23:14:30 - [MESSAGE][PASSED] - Text 'Total Amount' is present on page  using regular expression

2024-07-13 23:14:30 - [TEST_STEP][PASSED] - verifyTextPresent("End Date", true): Text 'End Date' is present on page  using regular expression

2024-07-13 23:14:30 - [MESSAGE][PASSED] - Text 'End Date' is present on page  using regular expression

2024-07-13 23:14:30 - [TEST_STEP][PASSED] - verifyTextPresent("Status", true): Text 'Status' is present on page  using regular expression

2024-07-13 23:14:30 - [MESSAGE][PASSED] - Text 'Status' is present on page  using regular expression

2024-07-13 23:14:30 - [TEST_STEP][PASSED] - verifyTextPresent("Debit", true): Text 'Debit' is present on page  using regular expression

2024-07-13 23:14:31 - [MESSAGE][PASSED] - Text 'Debit' is present on page  using regular expression

2024-07-13 23:14:31 - [TEST_STEP][PASSED] - verifyTextPresent("Online Check", true): Text 'Online Check' is present on page  using regular expression

2024-07-13 23:14:31 - [MESSAGE][PASSED] - Text 'Online Check' is present on page  using regular expression

2024-07-13 23:14:31 - [TEST_STEP][PASSED] - verifyTextPresent(cardNameV, true): Text 'Veronika Inouye' is present on page  using regular expression

2024-07-13 23:14:31 - [MESSAGE][PASSED] - Text 'Veronika Inouye' is present on page  using regular expression

2024-07-13 23:14:31 - [TEST_STEP][PASSED] - verifyTextPresent("Success", true): Text 'Success' is present on page  using regular expression

2024-07-13 23:14:32 - [MESSAGE][PASSED] - Text 'Success' is present on page  using regular expression

2024-07-13 23:14:32 - [TEST_STEP][PASSED] - verifyElementPresent(findTestObject(path_SearchResults + "button_PaymentID"), 10): Object 'Object Repository/AdminSuiteBootstrap_Pages/VT_Bootstrap/SearchResults/button_PaymentID' is present

2024-07-13 23:14:32 - [MESSAGE][PASSED] - Object 'Object Repository/AdminSuiteBootstrap_Pages/VT_Bootstrap/SearchResults/button_PaymentID' is present

2024-07-13 23:14:32 - [TEST_STEP][PASSED] - click(findTestObject(path_SearchResults + "button_PaymentID")): Object: 'Object Repository/AdminSuiteBootstrap_Pages/VT_Bootstrap/SearchResults/button_PaymentID' is clicked on

2024-07-13 23:14:33 - [MESSAGE][PASSED] - Object: 'Object Repository/AdminSuiteBootstrap_Pages/VT_Bootstrap/SearchResults/button_PaymentID' is clicked on

2024-07-13 23:14:33 - [TEST_STEP][PASSED] - click(findTestObject(path_TranxDetails + "a_Void this transaction")): Object: 'Object Repository/AdminSuiteBootstrap_Pages/VT_Bootstrap/TransactionDetails/a_Void this transaction' is clicked on

2024-07-13 23:14:33 - [MESSAGE][PASSED] - Object: 'Object Repository/AdminSuiteBootstrap_Pages/VT_Bootstrap/TransactionDetails/a_Void this transaction' is clicked on

2024-07-13 23:14:33 - [TEST_STEP][PASSED] - click(findTestObject(path_TranxDetails + "button_Submit")): Object: 'Object Repository/AdminSuiteBootstrap_Pages/VT_Bootstrap/TransactionDetails/button_Submit' is clicked on

2024-07-13 23:14:35 - [MESSAGE][PASSED] - Object: 'Object Repository/AdminSuiteBootstrap_Pages/VT_Bootstrap/TransactionDetails/button_Submit' is clicked on

2024-07-13 23:14:35 - [TEST_STEP][PASSED] - verifyTextPresent("Transaction Successful", true): Text 'Transaction Successful' is present on page  using regular expression

2024-07-13 23:14:35 - [MESSAGE][PASSED] - Text 'Transaction Successful' is present on page  using regular expression

2024-07-13 23:14:35 - [TEST_STEP][PASSED] - ExecuteTC = findTestData(dataFile).getValue("Execute", row): null

2024-07-13 23:14:35 - [TEST_STEP][PASSED] - out.println("Value of Execute is : " + ExecuteTC): null

2024-07-13 23:14:35 - [TEST_STEP][PASSED] - switch (executionProfile): null

2024-07-13 23:14:35 - [TEST_STEP][PASSED] - case "QA2Profile":: null

2024-07-13 23:14:35 - [TEST_STEP][PASSED] - appName = findTestData(dataFile).getValue("AppNameQA", row): null

2024-07-13 23:14:35 - [TEST_STEP][PASSED] - appID = findTestData(dataFile).getValue("AppIDQA", row): null

2024-07-13 23:14:35 - [TEST_STEP][PASSED] - break: null

2024-07-13 23:14:35 - [TEST_STEP][PASSED] - cardNameV = findTestData(dataFile).getValue("NameV", row): null

2024-07-13 23:14:35 - [TEST_STEP][PASSED] - hrefAppID = li_1 + appID + li_2: null

2024-07-13 23:14:35 - [TEST_STEP][PASSED] - hrefApp = li_1 + appID + "/": null

2024-07-13 23:14:35 - [TEST_STEP][PASSED] - println("hrefApp : " + hrefApp): null

2024-07-13 23:14:35 - [TEST_STEP][PASSED] - if (ExecuteTC.equalsIgnoreCase("Y")): null

2024-07-13 23:14:35 - [TEST_STEP][PASSED] - out.println("Begin Record Number: " + row): null

2024-07-13 23:14:35 - [TEST_STEP][PASSED] - today = new java.util.Date(): null

2024-07-13 23:14:35 - [TEST_STEP][PASSED] - println(today): null

2024-07-13 23:14:35 - [TEST_STEP][PASSED] - datText = today: null

2024-07-13 23:14:35 - [TEST_STEP][PASSED] - adminSuiteBootstrap.loginFunctionality.login_AdminSuite(): adminSuiteBootstrap.loginFunctionality.login_AdminSuite is PASSED

2024-07-13 23:14:35 - [MESSAGE][WARNING] - A browser is already opened. Closing browser and opening a new one

2024-07-13 23:14:37 - [MESSAGE][INFO] - Starting 'Chrome' driver

2024-07-13 23:14:37 - [MESSAGE][INFO] - User set preference: ['acceptInsecureCerts', 'true']

2024-07-13 23:14:37 - [MESSAGE][INFO] - Action delay is set to 0 milliseconds

2024-07-13 23:14:39 - [MESSAGE][PASSED] - Browser is opened with url: 'https://qa2.velocitypayment.com/admin/imtiaz'

2024-07-13 23:14:39 - [MESSAGE][PASSED] - Current window maximized

2024-07-13 23:14:40 - [MESSAGE][PASSED] - Object 'Object Repository/Login_Page/Login_Username_Okta' is present

2024-07-13 23:14:41 - [MESSAGE][PASSED] - Text 'iahmed' is set on object 'Object Repository/Login_Page/Login_Username_Okta'

2024-07-13 23:14:42 - [MESSAGE][PASSED] - Text 'Hello!6666666' is set on object 'Object Repository/Login_Page/Login_Password_Okta'

2024-07-13 23:14:42 - [MESSAGE][PASSED] - Object: 'Object Repository/Login_Page/Login_Submit_Okta' is clicked on

2024-07-13 23:14:42 - [MESSAGE][PASSED] - adminSuiteBootstrap.loginFunctionality.login_AdminSuite is PASSED

2024-07-13 23:14:42 - [TEST_STEP][PASSED] - click(findTestObject(path_Dashboard + appName)): Object: 'Object Repository/AdminSuiteBootstrap_Pages/Dashboard_Bootstrap/a_Access AutoNoCFtp' is clicked on

2024-07-13 23:14:50 - [MESSAGE][PASSED] - Object: 'Object Repository/AdminSuiteBootstrap_Pages/Dashboard_Bootstrap/a_Access AutoNoCFtp' is clicked on

2024-07-13 23:14:50 - [TEST_STEP][PASSED] - click(findTestObject(path_VT + "button_Debit")): Object: 'Object Repository/AdminSuiteBootstrap_Pages/VT_Bootstrap/IssueTransactions/button_Debit' is clicked on

2024-07-13 23:14:51 - [MESSAGE][PASSED] - Object: 'Object Repository/AdminSuiteBootstrap_Pages/VT_Bootstrap/IssueTransactions/button_Debit' is clicked on

2024-07-13 23:14:51 - [TEST_STEP][PASSED] - click(findTestObject(path_VT + "a_Personal")): Object: 'Object Repository/AdminSuiteBootstrap_Pages/VT_Bootstrap/IssueTransactions/a_Personal' is clicked on

2024-07-13 23:14:52 - [MESSAGE][PASSED] - Object: 'Object Repository/AdminSuiteBootstrap_Pages/VT_Bootstrap/IssueTransactions/a_Personal' is clicked on

2024-07-13 23:14:52 - [TEST_STEP][PASSED] - adminSuiteBootstrap.debitPersonalsetData.debitPersonal_DataDriven(row, dataFile): adminSuiteBootstrap.debitPersonalsetData.debitPersonal_DataDriven is PASSED

2024-07-13 23:14:54 - [MESSAGE][PASSED] - Text 'Bette' is set on object 'Object Repository/AdminSuiteBootstrap_Pages/VT_Bootstrap/ACHPersonal/input_firstName'

2024-07-13 23:14:55 - [MESSAGE][PASSED] - Text 'Nicka' is set on object 'Object Repository/AdminSuiteBootstrap_Pages/VT_Bootstrap/ACHPersonal/input_lastName'

2024-07-13 23:14:55 - [MESSAGE][PASSED] - Text '6 S 33rd St' is set on object 'Object Repository/AdminSuiteBootstrap_Pages/VT_Bootstrap/ACHPersonal/input_address'

2024-07-13 23:14:56 - [MESSAGE][PASSED] - Text 'apt #2' is set on object 'Object Repository/AdminSuiteBootstrap_Pages/VT_Bootstrap/ACHPersonal/input_address2'

2024-07-13 23:14:57 - [MESSAGE][PASSED] - Text '22201' is set on object 'Object Repository/AdminSuiteBootstrap_Pages/VT_Bootstrap/ACHPersonal/input_zip'

2024-07-13 23:14:57 - [MESSAGE][PASSED] - Text '' is set on object 'Object Repository/AdminSuiteBootstrap_Pages/VT_Bootstrap/ACHPersonal/input_emailAddress'

2024-07-13 23:14:59 - [MESSAGE][PASSED] - Text '' is set on object 'Object Repository/AdminSuiteBootstrap_Pages/VT_Bootstrap/ACHPersonal/input_smsNumber'

2024-07-13 23:14:59 - [MESSAGE][PASSED] - Text '45681003' is set on object 'Object Repository/AdminSuiteBootstrap_Pages/VT_Bootstrap/ACHPersonal/input_accountNumber'

2024-07-13 23:15:00 - [MESSAGE][PASSED] - Text '256072691' is set on object 'Object Repository/AdminSuiteBootstrap_Pages/VT_Bootstrap/ACHPersonal/input_routingNumber'

2024-07-13 23:15:01 - [MESSAGE][PASSED] - All options with label 'Savings' are selected in object 'Object Repository/AdminSuiteBootstrap_Pages/VT_Bootstrap/ACHPersonal/select_AccountType'  using regular expression

2024-07-13 23:15:02 - [MESSAGE][PASSED] - All options with label 'PPD - Prearranged Payment and Deposit Entry' are selected in object 'Object Repository/AdminSuiteBootstrap_Pages/VT_Bootstrap/ACHPersonal/select_STD'  using regular expression

2024-07-13 23:15:03 - [MESSAGE][PASSED] - Text '11.5' is set on object 'Object Repository/AdminSuiteBootstrap_Pages/VT_Bootstrap/ACHPersonal/input_amount'

2024-07-13 23:15:04 - [MESSAGE][PASSED] - Text 'Denmark' is set on object 'Object Repository/AdminSuiteBootstrap_Pages/VT_Bootstrap/ACHPersonal/input_userDefined1'

2024-07-13 23:15:05 - [MESSAGE][PASSED] - Text 'Australia' is set on object 'Object Repository/AdminSuiteBootstrap_Pages/VT_Bootstrap/ACHPersonal/input_userDefined2'

2024-07-13 23:15:05 - [MESSAGE][PASSED] - Text 'Austria' is set on object 'Object Repository/AdminSuiteBootstrap_Pages/VT_Bootstrap/ACHPersonal/input_userDefined3'

2024-07-13 23:15:06 - [MESSAGE][PASSED] - Text 'Sweden' is set on object 'Object Repository/AdminSuiteBootstrap_Pages/VT_Bootstrap/ACHPersonal/input_userDefined4'

2024-07-13 23:15:07 - [MESSAGE][PASSED] - All options with label 'Yellow' are selected in object 'Object Repository/AdminSuiteBootstrap_Pages/VT_Bootstrap/ACHPersonal/select_UDF5'  using regular expression

2024-07-13 23:15:08 - [MESSAGE][PASSED] - All options with label 'Orange' are selected in object 'Object Repository/AdminSuiteBootstrap_Pages/VT_Bootstrap/ACHPersonal/select_UDF6'  using regular expression

2024-07-13 23:15:09 - [MESSAGE][PASSED] - Text 'Netherlands' is set on object 'Object Repository/AdminSuiteBootstrap_Pages/VT_Bootstrap/ACHPersonal/input_userDefined7'

2024-07-13 23:15:09 - [MESSAGE][PASSED] - Text 'Ajab hai yaara' is set on object 'Object Repository/AdminSuiteBootstrap_Pages/VT_Bootstrap/ACHPersonal/input_userDefined8'

2024-07-13 23:15:10 - [MESSAGE][PASSED] - Text 'France' is set on object 'Object Repository/AdminSuiteBootstrap_Pages/VT_Bootstrap/ACHPersonal/input_userDefined9'

2024-07-13 23:15:11 - [MESSAGE][PASSED] - Text 'Switzerland' is set on object 'Object Repository/AdminSuiteBootstrap_Pages/VT_Bootstrap/ACHPersonal/input_userDefined10'

2024-07-13 23:15:12 - [MESSAGE][PASSED] - Object: 'Object Repository/AdminSuiteBootstrap_Pages/VT_Bootstrap/ACHPersonal/button_Submit' is clicked on

2024-07-13 23:15:12 - [MESSAGE][PASSED] - adminSuiteBootstrap.debitPersonalsetData.debitPersonal_DataDriven is PASSED

2024-07-13 23:15:12 - [TEST_STEP][PASSED] - if (verifyTextPresent("Transaction Successful", true)): null

2024-07-13 23:15:13 - [MESSAGE][PASSED] - Text 'Transaction Successful' is present on page  using regular expression

2024-07-13 23:15:13 - [TEST_STEP][PASSED] - sdf = getText(findTestObject(path_Receipt + "td_AutoNoC031622113752957Ahm")): Text of object 'Object Repository/AdminSuiteBootstrap_Pages/VT_Bootstrap/Receipt/td_AutoNoC031622113752957Ahm' is: 'AutoNoCFtp071324230743Ahm'

2024-07-13 23:15:13 - [MESSAGE][PASSED] - Text of object 'Object Repository/AdminSuiteBootstrap_Pages/VT_Bootstrap/Receipt/td_AutoNoC031622113752957Ahm' is: 'AutoNoCFtp071324230743Ahm'

2024-07-13 23:15:13 - [TEST_STEP][PASSED] - out.println("sdf: " + sdf): null

2024-07-13 23:15:13 - [TEST_STEP][PASSED] - remID = sdf: null

2024-07-13 23:15:13 - [TEST_STEP][PASSED] - out.println("remID: " + remID): null

2024-07-13 23:15:13 - [TEST_STEP][PASSED] - click(findTestObject(path_Receipt + "button_Continue")): Object: 'Object Repository/AdminSuiteBootstrap_Pages/VT_Bootstrap/Receipt/button_Continue' is clicked on

2024-07-13 23:15:14 - [MESSAGE][PASSED] - Object: 'Object Repository/AdminSuiteBootstrap_Pages/VT_Bootstrap/Receipt/button_Continue' is clicked on

2024-07-13 23:15:14 - [TEST_STEP][PASSED] - click(findTestObject(path_VT + "a_Search Transactions")): Object: 'Object Repository/AdminSuiteBootstrap_Pages/VT_Bootstrap/IssueTransactions/a_Search Transactions' is clicked on

2024-07-13 23:15:15 - [MESSAGE][PASSED] - Object: 'Object Repository/AdminSuiteBootstrap_Pages/VT_Bootstrap/IssueTransactions/a_Search Transactions' is clicked on

2024-07-13 23:15:15 - [TEST_STEP][PASSED] - setText(findTestObject(path_CCSearch + "input_Search By_searchValue"), remID): Text 'AutoNoCFtp071324230743Ahm' is set on object 'Object Repository/AdminSuiteBootstrap_Pages/VT_Bootstrap/CCCreditOrVoidSearch/input_Search By_searchValue'

2024-07-13 23:15:16 - [MESSAGE][PASSED] - Text 'AutoNoCFtp071324230743Ahm' is set on object 'Object Repository/AdminSuiteBootstrap_Pages/VT_Bootstrap/CCCreditOrVoidSearch/input_Search By_searchValue'

2024-07-13 23:15:16 - [TEST_STEP][PASSED] - click(findTestObject(path_CCSearch + "button_Submit")): Object: 'Object Repository/AdminSuiteBootstrap_Pages/VT_Bootstrap/CCCreditOrVoidSearch/button_Submit' is clicked on

2024-07-13 23:15:16 - [MESSAGE][PASSED] - Object: 'Object Repository/AdminSuiteBootstrap_Pages/VT_Bootstrap/CCCreditOrVoidSearch/button_Submit' is clicked on

2024-07-13 23:15:16 - [TEST_STEP][PASSED] - fgr = getText(findTestObject(path_SearchResults + "div_Payment ID")): Text of object 'Object Repository/AdminSuiteBootstrap_Pages/VT_Bootstrap/SearchResults/div_Payment ID' is: 'Payment ID
Payment Type
Transaction Type
Remittance ID
Name
Total Amount
End Date
Status
12155100 Online Check Debit AutoNoCFtp071324230743Ahm Bette Nicka $11.50 07/13/2024 Success'

2024-07-13 23:15:17 - [MESSAGE][PASSED] - Text of object 'Object Repository/AdminSuiteBootstrap_Pages/VT_Bootstrap/SearchResults/div_Payment ID' is: 'Payment ID
Payment Type
Transaction Type
Remittance ID
Name
Total Amount
End Date
Status
12155100 Online Check Debit AutoNoCFtp071324230743Ahm Bette Nicka $11.50 07/13/2024 Success'

2024-07-13 23:15:17 - [TEST_STEP][PASSED] - payID = substring(89, 98).trim(): null

2024-07-13 23:15:17 - [TEST_STEP][PASSED] - out.println("payID: " + payID): null

2024-07-13 23:15:17 - [TEST_STEP][PASSED] - click(findTestObject(path_SearchResults + "button_Modify Search Criteria")): Object: 'Object Repository/AdminSuiteBootstrap_Pages/VT_Bootstrap/SearchResults/button_Modify Search Criteria' is clicked on

2024-07-13 23:15:18 - [MESSAGE][PASSED] - Object: 'Object Repository/AdminSuiteBootstrap_Pages/VT_Bootstrap/SearchResults/button_Modify Search Criteria' is clicked on

2024-07-13 23:15:18 - [TEST_STEP][PASSED] - adminSuiteBootstrap.searchTransactions.searchTransactions_DataDriven(row, dataFile, remID, payID): adminSuiteBootstrap.searchTransactions.searchTransactions_DataDriven is PASSED

2024-07-13 23:15:18 - [MESSAGE][PASSED] - All options with label 'UDF Label: UDF8' are selected in object 'Object Repository/AdminSuiteBootstrap_Pages/VT_Bootstrap/CCCreditOrVoidSearch/select_SearchBy' 

2024-07-13 23:15:19 - [MESSAGE][PASSED] - Text 'Ajab hai yaara' is set on object 'Object Repository/AdminSuiteBootstrap_Pages/VT_Bootstrap/CCCreditOrVoidSearch/input_Search By_searchValue'

2024-07-13 23:15:20 - [MESSAGE][PASSED] - Object: 'Object Repository/AdminSuiteBootstrap_Pages/VT_Bootstrap/CCCreditOrVoidSearch/button_Submit' is clicked on

2024-07-13 23:15:20 - [MESSAGE][PASSED] - adminSuiteBootstrap.searchTransactions.searchTransactions_DataDriven is PASSED

2024-07-13 23:15:20 - [TEST_STEP][PASSED] - if (verifyTextPresent(remID, true)): null

2024-07-13 23:15:20 - [MESSAGE][PASSED] - Text 'AutoNoCFtp071324230743Ahm' is present on page  using regular expression

2024-07-13 23:15:20 - [TEST_STEP][PASSED] - resText = "Pass": null

2024-07-13 23:15:20 - [TEST_STEP][PASSED] - pages.WriteExcel.demoKey(resText, datText, resColumn, datCloumn, fileLoc, nameSheet, row): pages.WriteExcel.demoKey is PASSED

2024-07-13 23:15:21 - [MESSAGE][PASSED] - pages.WriteExcel.demoKey is PASSED

2024-07-13 23:15:21 - [TEST_STEP][PASSED] - verifyTextPresent("Transactions Matching Search Criteria", true): Text 'Transactions Matching Search Criteria' is present on page  using regular expression

2024-07-13 23:15:21 - [MESSAGE][PASSED] - Text 'Transactions Matching Search Criteria' is present on page  using regular expression

2024-07-13 23:15:21 - [TEST_STEP][PASSED] - verifyTextPresent("Payment ID", true): Text 'Payment ID' is present on page  using regular expression

2024-07-13 23:15:21 - [MESSAGE][PASSED] - Text 'Payment ID' is present on page  using regular expression

2024-07-13 23:15:21 - [TEST_STEP][PASSED] - verifyTextPresent("Payment Type", true): Text 'Payment Type' is present on page  using regular expression

2024-07-13 23:15:21 - [MESSAGE][PASSED] - Text 'Payment Type' is present on page  using regular expression

2024-07-13 23:15:21 - [TEST_STEP][PASSED] - verifyTextPresent("Transaction Type", true): Text 'Transaction Type' is present on page  using regular expression

2024-07-13 23:15:22 - [MESSAGE][PASSED] - Text 'Transaction Type' is present on page  using regular expression

2024-07-13 23:15:22 - [TEST_STEP][PASSED] - verifyTextPresent("Remittance ID", true): Text 'Remittance ID' is present on page  using regular expression

2024-07-13 23:15:22 - [MESSAGE][PASSED] - Text 'Remittance ID' is present on page  using regular expression

2024-07-13 23:15:22 - [TEST_STEP][PASSED] - verifyTextPresent("Name", true): Text 'Name' is present on page  using regular expression

2024-07-13 23:15:22 - [MESSAGE][PASSED] - Text 'Name' is present on page  using regular expression

2024-07-13 23:15:22 - [TEST_STEP][PASSED] - verifyTextPresent("Total Amount", true): Text 'Total Amount' is present on page  using regular expression

2024-07-13 23:15:23 - [MESSAGE][PASSED] - Text 'Total Amount' is present on page  using regular expression

2024-07-13 23:15:23 - [TEST_STEP][PASSED] - verifyTextPresent("End Date", true): Text 'End Date' is present on page  using regular expression

2024-07-13 23:15:23 - [MESSAGE][PASSED] - Text 'End Date' is present on page  using regular expression

2024-07-13 23:15:23 - [TEST_STEP][PASSED] - verifyTextPresent("Status", true): Text 'Status' is present on page  using regular expression

2024-07-13 23:15:23 - [MESSAGE][PASSED] - Text 'Status' is present on page  using regular expression

2024-07-13 23:15:23 - [TEST_STEP][PASSED] - verifyTextPresent("Debit", true): Text 'Debit' is present on page  using regular expression

2024-07-13 23:15:23 - [MESSAGE][PASSED] - Text 'Debit' is present on page  using regular expression

2024-07-13 23:15:23 - [TEST_STEP][PASSED] - verifyTextPresent("Online Check", true): Text 'Online Check' is present on page  using regular expression

2024-07-13 23:15:24 - [MESSAGE][PASSED] - Text 'Online Check' is present on page  using regular expression

2024-07-13 23:15:24 - [TEST_STEP][PASSED] - verifyTextPresent(cardNameV, true): Text 'Bette Nicka' is present on page  using regular expression

2024-07-13 23:15:24 - [MESSAGE][PASSED] - Text 'Bette Nicka' is present on page  using regular expression

2024-07-13 23:15:24 - [TEST_STEP][PASSED] - verifyTextPresent("Success", true): Text 'Success' is present on page  using regular expression

2024-07-13 23:15:24 - [MESSAGE][PASSED] - Text 'Success' is present on page  using regular expression

2024-07-13 23:15:24 - [TEST_STEP][PASSED] - verifyElementPresent(findTestObject(path_SearchResults + "button_PaymentID"), 10): Object 'Object Repository/AdminSuiteBootstrap_Pages/VT_Bootstrap/SearchResults/button_PaymentID' is present

2024-07-13 23:15:25 - [MESSAGE][PASSED] - Object 'Object Repository/AdminSuiteBootstrap_Pages/VT_Bootstrap/SearchResults/button_PaymentID' is present

2024-07-13 23:15:25 - [TEST_STEP][PASSED] - click(findTestObject(path_SearchResults + "button_PaymentID")): Object: 'Object Repository/AdminSuiteBootstrap_Pages/VT_Bootstrap/SearchResults/button_PaymentID' is clicked on

2024-07-13 23:15:25 - [MESSAGE][PASSED] - Object: 'Object Repository/AdminSuiteBootstrap_Pages/VT_Bootstrap/SearchResults/button_PaymentID' is clicked on

2024-07-13 23:15:25 - [TEST_STEP][PASSED] - click(findTestObject(path_TranxDetails + "a_Void this transaction")): Object: 'Object Repository/AdminSuiteBootstrap_Pages/VT_Bootstrap/TransactionDetails/a_Void this transaction' is clicked on

2024-07-13 23:15:26 - [MESSAGE][PASSED] - Object: 'Object Repository/AdminSuiteBootstrap_Pages/VT_Bootstrap/TransactionDetails/a_Void this transaction' is clicked on

2024-07-13 23:15:26 - [TEST_STEP][PASSED] - click(findTestObject(path_TranxDetails + "button_Submit")): Object: 'Object Repository/AdminSuiteBootstrap_Pages/VT_Bootstrap/TransactionDetails/button_Submit' is clicked on

2024-07-13 23:15:27 - [MESSAGE][PASSED] - Object: 'Object Repository/AdminSuiteBootstrap_Pages/VT_Bootstrap/TransactionDetails/button_Submit' is clicked on

2024-07-13 23:15:27 - [TEST_STEP][PASSED] - verifyTextPresent("Transaction Successful", true): Text 'Transaction Successful' is present on page  using regular expression

2024-07-13 23:15:28 - [MESSAGE][PASSED] - Text 'Transaction Successful' is present on page  using regular expression

2024-07-13 23:15:28 - [TEST_STEP][PASSED] - ExecuteTC = findTestData(dataFile).getValue("Execute", row): null

2024-07-13 23:15:28 - [TEST_STEP][PASSED] - out.println("Value of Execute is : " + ExecuteTC): null

2024-07-13 23:15:28 - [TEST_STEP][PASSED] - switch (executionProfile): null

2024-07-13 23:15:28 - [TEST_STEP][PASSED] - case "QA2Profile":: null

2024-07-13 23:15:28 - [TEST_STEP][PASSED] - appName = findTestData(dataFile).getValue("AppNameQA", row): null

2024-07-13 23:15:28 - [TEST_STEP][PASSED] - appID = findTestData(dataFile).getValue("AppIDQA", row): null

2024-07-13 23:15:28 - [TEST_STEP][PASSED] - break: null

2024-07-13 23:15:28 - [TEST_STEP][PASSED] - cardNameV = findTestData(dataFile).getValue("NameV", row): null

2024-07-13 23:15:28 - [TEST_STEP][PASSED] - hrefAppID = li_1 + appID + li_2: null

2024-07-13 23:15:28 - [TEST_STEP][PASSED] - hrefApp = li_1 + appID + "/": null

2024-07-13 23:15:28 - [TEST_STEP][PASSED] - println("hrefApp : " + hrefApp): null

2024-07-13 23:15:28 - [TEST_STEP][PASSED] - if (ExecuteTC.equalsIgnoreCase("Y")): null

2024-07-13 23:15:28 - [TEST_STEP][PASSED] - out.println("Begin Record Number: " + row): null

2024-07-13 23:15:28 - [TEST_STEP][PASSED] - today = new java.util.Date(): null

2024-07-13 23:15:28 - [TEST_STEP][PASSED] - println(today): null

2024-07-13 23:15:28 - [TEST_STEP][PASSED] - datText = today: null

2024-07-13 23:15:28 - [TEST_STEP][PASSED] - adminSuiteBootstrap.loginFunctionality.login_AdminSuite(): adminSuiteBootstrap.loginFunctionality.login_AdminSuite is PASSED

2024-07-13 23:15:28 - [MESSAGE][WARNING] - A browser is already opened. Closing browser and opening a new one

2024-07-13 23:15:29 - [MESSAGE][INFO] - Starting 'Chrome' driver

2024-07-13 23:15:29 - [MESSAGE][INFO] - User set preference: ['acceptInsecureCerts', 'true']

2024-07-13 23:15:29 - [MESSAGE][INFO] - Action delay is set to 0 milliseconds

2024-07-13 23:15:31 - [MESSAGE][PASSED] - Browser is opened with url: 'https://qa2.velocitypayment.com/admin/imtiaz'

2024-07-13 23:15:32 - [MESSAGE][PASSED] - Current window maximized

2024-07-13 23:15:33 - [MESSAGE][PASSED] - Object 'Object Repository/Login_Page/Login_Username_Okta' is present

2024-07-13 23:15:33 - [MESSAGE][PASSED] - Text 'iahmed' is set on object 'Object Repository/Login_Page/Login_Username_Okta'

2024-07-13 23:15:34 - [MESSAGE][PASSED] - Text 'Hello!6666666' is set on object 'Object Repository/Login_Page/Login_Password_Okta'

2024-07-13 23:15:35 - [MESSAGE][PASSED] - Object: 'Object Repository/Login_Page/Login_Submit_Okta' is clicked on

2024-07-13 23:15:35 - [MESSAGE][PASSED] - adminSuiteBootstrap.loginFunctionality.login_AdminSuite is PASSED

2024-07-13 23:15:35 - [TEST_STEP][PASSED] - click(findTestObject(path_Dashboard + appName)): Object: 'Object Repository/AdminSuiteBootstrap_Pages/Dashboard_Bootstrap/a_Access AutoNoCFtp' is clicked on

2024-07-13 23:15:43 - [MESSAGE][PASSED] - Object: 'Object Repository/AdminSuiteBootstrap_Pages/Dashboard_Bootstrap/a_Access AutoNoCFtp' is clicked on

2024-07-13 23:15:43 - [TEST_STEP][PASSED] - click(findTestObject(path_VT + "button_Debit")): Object: 'Object Repository/AdminSuiteBootstrap_Pages/VT_Bootstrap/IssueTransactions/button_Debit' is clicked on

2024-07-13 23:15:43 - [MESSAGE][PASSED] - Object: 'Object Repository/AdminSuiteBootstrap_Pages/VT_Bootstrap/IssueTransactions/button_Debit' is clicked on

2024-07-13 23:15:43 - [TEST_STEP][PASSED] - click(findTestObject(path_VT + "a_Personal")): Object: 'Object Repository/AdminSuiteBootstrap_Pages/VT_Bootstrap/IssueTransactions/a_Personal' is clicked on

2024-07-13 23:15:44 - [MESSAGE][PASSED] - Object: 'Object Repository/AdminSuiteBootstrap_Pages/VT_Bootstrap/IssueTransactions/a_Personal' is clicked on

2024-07-13 23:15:44 - [TEST_STEP][PASSED] - adminSuiteBootstrap.debitPersonalsetData.debitPersonal_DataDriven(row, dataFile): adminSuiteBootstrap.debitPersonalsetData.debitPersonal_DataDriven is PASSED

2024-07-13 23:15:46 - [MESSAGE][PASSED] - Text 'Alisha' is set on object 'Object Repository/AdminSuiteBootstrap_Pages/VT_Bootstrap/ACHPersonal/input_firstName'

2024-07-13 23:15:47 - [MESSAGE][PASSED] - Text 'Slusarski' is set on object 'Object Repository/AdminSuiteBootstrap_Pages/VT_Bootstrap/ACHPersonal/input_lastName'

2024-07-13 23:15:48 - [MESSAGE][PASSED] - Text '3273 State St' is set on object 'Object Repository/AdminSuiteBootstrap_Pages/VT_Bootstrap/ACHPersonal/input_address'

2024-07-13 23:15:48 - [MESSAGE][PASSED] - Text 'apt #4' is set on object 'Object Repository/AdminSuiteBootstrap_Pages/VT_Bootstrap/ACHPersonal/input_address2'

2024-07-13 23:15:49 - [MESSAGE][PASSED] - Text '22201' is set on object 'Object Repository/AdminSuiteBootstrap_Pages/VT_Bootstrap/ACHPersonal/input_zip'

2024-07-13 23:15:50 - [MESSAGE][PASSED] - Text '' is set on object 'Object Repository/AdminSuiteBootstrap_Pages/VT_Bootstrap/ACHPersonal/input_emailAddress'

2024-07-13 23:15:51 - [MESSAGE][PASSED] - Text '' is set on object 'Object Repository/AdminSuiteBootstrap_Pages/VT_Bootstrap/ACHPersonal/input_smsNumber'

2024-07-13 23:15:52 - [MESSAGE][PASSED] - Text '45681004' is set on object 'Object Repository/AdminSuiteBootstrap_Pages/VT_Bootstrap/ACHPersonal/input_accountNumber'

2024-07-13 23:15:53 - [MESSAGE][PASSED] - Text '256072691' is set on object 'Object Repository/AdminSuiteBootstrap_Pages/VT_Bootstrap/ACHPersonal/input_routingNumber'

2024-07-13 23:15:54 - [MESSAGE][PASSED] - All options with label 'Savings' are selected in object 'Object Repository/AdminSuiteBootstrap_Pages/VT_Bootstrap/ACHPersonal/select_AccountType'  using regular expression

2024-07-13 23:15:55 - [MESSAGE][PASSED] - All options with label 'TEL - Telephone-Initiated Entry' are selected in object 'Object Repository/AdminSuiteBootstrap_Pages/VT_Bootstrap/ACHPersonal/select_STD'  using regular expression

2024-07-13 23:15:56 - [MESSAGE][PASSED] - Text '11.5' is set on object 'Object Repository/AdminSuiteBootstrap_Pages/VT_Bootstrap/ACHPersonal/input_amount'

2024-07-13 23:15:56 - [MESSAGE][PASSED] - Text 'Denmark' is set on object 'Object Repository/AdminSuiteBootstrap_Pages/VT_Bootstrap/ACHPersonal/input_userDefined1'

2024-07-13 23:15:57 - [MESSAGE][PASSED] - Text 'Australia' is set on object 'Object Repository/AdminSuiteBootstrap_Pages/VT_Bootstrap/ACHPersonal/input_userDefined2'

2024-07-13 23:15:58 - [MESSAGE][PASSED] - Text 'Austria' is set on object 'Object Repository/AdminSuiteBootstrap_Pages/VT_Bootstrap/ACHPersonal/input_userDefined3'

2024-07-13 23:15:59 - [MESSAGE][PASSED] - Text 'Sweden' is set on object 'Object Repository/AdminSuiteBootstrap_Pages/VT_Bootstrap/ACHPersonal/input_userDefined4'

2024-07-13 23:16:00 - [MESSAGE][PASSED] - All options with label 'Yellow' are selected in object 'Object Repository/AdminSuiteBootstrap_Pages/VT_Bootstrap/ACHPersonal/select_UDF5'  using regular expression

2024-07-13 23:16:01 - [MESSAGE][PASSED] - All options with label 'Orange' are selected in object 'Object Repository/AdminSuiteBootstrap_Pages/VT_Bootstrap/ACHPersonal/select_UDF6'  using regular expression

2024-07-13 23:16:01 - [MESSAGE][PASSED] - Text 'Netherlands' is set on object 'Object Repository/AdminSuiteBootstrap_Pages/VT_Bootstrap/ACHPersonal/input_userDefined7'

2024-07-13 23:16:02 - [MESSAGE][PASSED] - Text 'Norway' is set on object 'Object Repository/AdminSuiteBootstrap_Pages/VT_Bootstrap/ACHPersonal/input_userDefined8'

2024-07-13 23:16:03 - [MESSAGE][PASSED] - Text 'Pal do Pal ki' is set on object 'Object Repository/AdminSuiteBootstrap_Pages/VT_Bootstrap/ACHPersonal/input_userDefined9'

2024-07-13 23:16:03 - [MESSAGE][PASSED] - Text 'Switzerland' is set on object 'Object Repository/AdminSuiteBootstrap_Pages/VT_Bootstrap/ACHPersonal/input_userDefined10'

2024-07-13 23:16:04 - [MESSAGE][PASSED] - Object: 'Object Repository/AdminSuiteBootstrap_Pages/VT_Bootstrap/ACHPersonal/button_Submit' is clicked on

2024-07-13 23:16:04 - [MESSAGE][PASSED] - adminSuiteBootstrap.debitPersonalsetData.debitPersonal_DataDriven is PASSED

2024-07-13 23:16:04 - [TEST_STEP][PASSED] - if (verifyTextPresent("Transaction Successful", true)): null

2024-07-13 23:16:05 - [MESSAGE][PASSED] - Text 'Transaction Successful' is present on page  using regular expression

2024-07-13 23:16:05 - [TEST_STEP][PASSED] - sdf = getText(findTestObject(path_Receipt + "td_AutoNoC031622113752957Ahm")): Text of object 'Object Repository/AdminSuiteBootstrap_Pages/VT_Bootstrap/Receipt/td_AutoNoC031622113752957Ahm' is: 'AutoNoCFtp071324230836Ahm'

2024-07-13 23:16:05 - [MESSAGE][PASSED] - Text of object 'Object Repository/AdminSuiteBootstrap_Pages/VT_Bootstrap/Receipt/td_AutoNoC031622113752957Ahm' is: 'AutoNoCFtp071324230836Ahm'

2024-07-13 23:16:05 - [TEST_STEP][PASSED] - out.println("sdf: " + sdf): null

2024-07-13 23:16:05 - [TEST_STEP][PASSED] - remID = sdf: null

2024-07-13 23:16:05 - [TEST_STEP][PASSED] - out.println("remID: " + remID): null

2024-07-13 23:16:05 - [TEST_STEP][PASSED] - click(findTestObject(path_Receipt + "button_Continue")): Object: 'Object Repository/AdminSuiteBootstrap_Pages/VT_Bootstrap/Receipt/button_Continue' is clicked on

2024-07-13 23:16:06 - [MESSAGE][PASSED] - Object: 'Object Repository/AdminSuiteBootstrap_Pages/VT_Bootstrap/Receipt/button_Continue' is clicked on

2024-07-13 23:16:06 - [TEST_STEP][PASSED] - click(findTestObject(path_VT + "a_Search Transactions")): Object: 'Object Repository/AdminSuiteBootstrap_Pages/VT_Bootstrap/IssueTransactions/a_Search Transactions' is clicked on

2024-07-13 23:16:07 - [MESSAGE][PASSED] - Object: 'Object Repository/AdminSuiteBootstrap_Pages/VT_Bootstrap/IssueTransactions/a_Search Transactions' is clicked on

2024-07-13 23:16:07 - [TEST_STEP][PASSED] - setText(findTestObject(path_CCSearch + "input_Search By_searchValue"), remID): Text 'AutoNoCFtp071324230836Ahm' is set on object 'Object Repository/AdminSuiteBootstrap_Pages/VT_Bootstrap/CCCreditOrVoidSearch/input_Search By_searchValue'

2024-07-13 23:16:08 - [MESSAGE][PASSED] - Text 'AutoNoCFtp071324230836Ahm' is set on object 'Object Repository/AdminSuiteBootstrap_Pages/VT_Bootstrap/CCCreditOrVoidSearch/input_Search By_searchValue'

2024-07-13 23:16:08 - [TEST_STEP][PASSED] - click(findTestObject(path_CCSearch + "button_Submit")): Object: 'Object Repository/AdminSuiteBootstrap_Pages/VT_Bootstrap/CCCreditOrVoidSearch/button_Submit' is clicked on

2024-07-13 23:16:09 - [MESSAGE][PASSED] - Object: 'Object Repository/AdminSuiteBootstrap_Pages/VT_Bootstrap/CCCreditOrVoidSearch/button_Submit' is clicked on

2024-07-13 23:16:09 - [TEST_STEP][PASSED] - fgr = getText(findTestObject(path_SearchResults + "div_Payment ID")): Text of object 'Object Repository/AdminSuiteBootstrap_Pages/VT_Bootstrap/SearchResults/div_Payment ID' is: 'Payment ID
Payment Type
Transaction Type
Remittance ID
Name
Total Amount
End Date
Status
12155102 Online Check Debit AutoNoCFtp071324230836Ahm Alisha Slusarski $11.50 07/13/2024 Success'

2024-07-13 23:16:09 - [MESSAGE][PASSED] - Text of object 'Object Repository/AdminSuiteBootstrap_Pages/VT_Bootstrap/SearchResults/div_Payment ID' is: 'Payment ID
Payment Type
Transaction Type
Remittance ID
Name
Total Amount
End Date
Status
12155102 Online Check Debit AutoNoCFtp071324230836Ahm Alisha Slusarski $11.50 07/13/2024 Success'

2024-07-13 23:16:09 - [TEST_STEP][PASSED] - payID = substring(89, 98).trim(): null

2024-07-13 23:16:09 - [TEST_STEP][PASSED] - out.println("payID: " + payID): null

2024-07-13 23:16:09 - [TEST_STEP][PASSED] - click(findTestObject(path_SearchResults + "button_Modify Search Criteria")): Object: 'Object Repository/AdminSuiteBootstrap_Pages/VT_Bootstrap/SearchResults/button_Modify Search Criteria' is clicked on

2024-07-13 23:16:10 - [MESSAGE][PASSED] - Object: 'Object Repository/AdminSuiteBootstrap_Pages/VT_Bootstrap/SearchResults/button_Modify Search Criteria' is clicked on

2024-07-13 23:16:10 - [TEST_STEP][PASSED] - adminSuiteBootstrap.searchTransactions.searchTransactions_DataDriven(row, dataFile, remID, payID): adminSuiteBootstrap.searchTransactions.searchTransactions_DataDriven is PASSED

2024-07-13 23:16:11 - [MESSAGE][PASSED] - All options with label 'UDF Label: UDF9' are selected in object 'Object Repository/AdminSuiteBootstrap_Pages/VT_Bootstrap/CCCreditOrVoidSearch/select_SearchBy' 

2024-07-13 23:16:12 - [MESSAGE][PASSED] - Text 'Pal do Pal ki' is set on object 'Object Repository/AdminSuiteBootstrap_Pages/VT_Bootstrap/CCCreditOrVoidSearch/input_Search By_searchValue'

2024-07-13 23:16:12 - [MESSAGE][PASSED] - Object: 'Object Repository/AdminSuiteBootstrap_Pages/VT_Bootstrap/CCCreditOrVoidSearch/button_Submit' is clicked on

2024-07-13 23:16:12 - [MESSAGE][PASSED] - adminSuiteBootstrap.searchTransactions.searchTransactions_DataDriven is PASSED

2024-07-13 23:16:12 - [TEST_STEP][PASSED] - if (verifyTextPresent(remID, true)): null

2024-07-13 23:16:13 - [MESSAGE][PASSED] - Text 'AutoNoCFtp071324230836Ahm' is present on page  using regular expression

2024-07-13 23:16:13 - [TEST_STEP][PASSED] - resText = "Pass": null

2024-07-13 23:16:13 - [TEST_STEP][PASSED] - pages.WriteExcel.demoKey(resText, datText, resColumn, datCloumn, fileLoc, nameSheet, row): pages.WriteExcel.demoKey is PASSED

2024-07-13 23:16:13 - [MESSAGE][PASSED] - pages.WriteExcel.demoKey is PASSED

2024-07-13 23:16:13 - [TEST_STEP][PASSED] - verifyTextPresent("Transactions Matching Search Criteria", true): Text 'Transactions Matching Search Criteria' is present on page  using regular expression

2024-07-13 23:16:13 - [MESSAGE][PASSED] - Text 'Transactions Matching Search Criteria' is present on page  using regular expression

2024-07-13 23:16:13 - [TEST_STEP][PASSED] - verifyTextPresent("Payment ID", true): Text 'Payment ID' is present on page  using regular expression

2024-07-13 23:16:14 - [MESSAGE][PASSED] - Text 'Payment ID' is present on page  using regular expression

2024-07-13 23:16:14 - [TEST_STEP][PASSED] - verifyTextPresent("Payment Type", true): Text 'Payment Type' is present on page  using regular expression

2024-07-13 23:16:14 - [MESSAGE][PASSED] - Text 'Payment Type' is present on page  using regular expression

2024-07-13 23:16:14 - [TEST_STEP][PASSED] - verifyTextPresent("Transaction Type", true): Text 'Transaction Type' is present on page  using regular expression

2024-07-13 23:16:14 - [MESSAGE][PASSED] - Text 'Transaction Type' is present on page  using regular expression

2024-07-13 23:16:14 - [TEST_STEP][PASSED] - verifyTextPresent("Remittance ID", true): Text 'Remittance ID' is present on page  using regular expression

2024-07-13 23:16:15 - [MESSAGE][PASSED] - Text 'Remittance ID' is present on page  using regular expression

2024-07-13 23:16:15 - [TEST_STEP][PASSED] - verifyTextPresent("Name", true): Text 'Name' is present on page  using regular expression

2024-07-13 23:16:15 - [MESSAGE][PASSED] - Text 'Name' is present on page  using regular expression

2024-07-13 23:16:15 - [TEST_STEP][PASSED] - verifyTextPresent("Total Amount", true): Text 'Total Amount' is present on page  using regular expression

2024-07-13 23:16:15 - [MESSAGE][PASSED] - Text 'Total Amount' is present on page  using regular expression

2024-07-13 23:16:15 - [TEST_STEP][PASSED] - verifyTextPresent("End Date", true): Text 'End Date' is present on page  using regular expression

2024-07-13 23:16:15 - [MESSAGE][PASSED] - Text 'End Date' is present on page  using regular expression

2024-07-13 23:16:15 - [TEST_STEP][PASSED] - verifyTextPresent("Status", true): Text 'Status' is present on page  using regular expression

2024-07-13 23:16:16 - [MESSAGE][PASSED] - Text 'Status' is present on page  using regular expression

2024-07-13 23:16:16 - [TEST_STEP][PASSED] - verifyTextPresent("Debit", true): Text 'Debit' is present on page  using regular expression

2024-07-13 23:16:16 - [MESSAGE][PASSED] - Text 'Debit' is present on page  using regular expression

2024-07-13 23:16:16 - [TEST_STEP][PASSED] - verifyTextPresent("Online Check", true): Text 'Online Check' is present on page  using regular expression

2024-07-13 23:16:16 - [MESSAGE][PASSED] - Text 'Online Check' is present on page  using regular expression

2024-07-13 23:16:16 - [TEST_STEP][PASSED] - verifyTextPresent(cardNameV, true): Text 'Alisha Slusarski' is present on page  using regular expression

2024-07-13 23:16:17 - [MESSAGE][PASSED] - Text 'Alisha Slusarski' is present on page  using regular expression

2024-07-13 23:16:17 - [TEST_STEP][PASSED] - verifyTextPresent("Success", true): Text 'Success' is present on page  using regular expression

2024-07-13 23:16:17 - [MESSAGE][PASSED] - Text 'Success' is present on page  using regular expression

2024-07-13 23:16:17 - [TEST_STEP][PASSED] - verifyElementPresent(findTestObject(path_SearchResults + "button_PaymentID"), 10): Object 'Object Repository/AdminSuiteBootstrap_Pages/VT_Bootstrap/SearchResults/button_PaymentID' is present

2024-07-13 23:16:17 - [MESSAGE][PASSED] - Object 'Object Repository/AdminSuiteBootstrap_Pages/VT_Bootstrap/SearchResults/button_PaymentID' is present

2024-07-13 23:16:17 - [TEST_STEP][PASSED] - click(findTestObject(path_SearchResults + "button_PaymentID")): Object: 'Object Repository/AdminSuiteBootstrap_Pages/VT_Bootstrap/SearchResults/button_PaymentID' is clicked on

2024-07-13 23:16:18 - [MESSAGE][PASSED] - Object: 'Object Repository/AdminSuiteBootstrap_Pages/VT_Bootstrap/SearchResults/button_PaymentID' is clicked on

2024-07-13 23:16:18 - [TEST_STEP][PASSED] - click(findTestObject(path_TranxDetails + "a_Void this transaction")): Object: 'Object Repository/AdminSuiteBootstrap_Pages/VT_Bootstrap/TransactionDetails/a_Void this transaction' is clicked on

2024-07-13 23:16:19 - [MESSAGE][PASSED] - Object: 'Object Repository/AdminSuiteBootstrap_Pages/VT_Bootstrap/TransactionDetails/a_Void this transaction' is clicked on

2024-07-13 23:16:19 - [TEST_STEP][PASSED] - click(findTestObject(path_TranxDetails + "button_Submit")): Object: 'Object Repository/AdminSuiteBootstrap_Pages/VT_Bootstrap/TransactionDetails/button_Submit' is clicked on

2024-07-13 23:16:20 - [MESSAGE][PASSED] - Object: 'Object Repository/AdminSuiteBootstrap_Pages/VT_Bootstrap/TransactionDetails/button_Submit' is clicked on

2024-07-13 23:16:20 - [TEST_STEP][PASSED] - verifyTextPresent("Transaction Successful", true): Text 'Transaction Successful' is present on page  using regular expression

2024-07-13 23:16:20 - [MESSAGE][PASSED] - Text 'Transaction Successful' is present on page  using regular expression

2024-07-13 23:16:20 - [TEST_STEP][PASSED] - ExecuteTC = findTestData(dataFile).getValue("Execute", row): null

2024-07-13 23:16:20 - [TEST_STEP][PASSED] - out.println("Value of Execute is : " + ExecuteTC): null

2024-07-13 23:16:20 - [TEST_STEP][PASSED] - switch (executionProfile): null

2024-07-13 23:16:20 - [TEST_STEP][PASSED] - case "QA2Profile":: null

2024-07-13 23:16:20 - [TEST_STEP][PASSED] - appName = findTestData(dataFile).getValue("AppNameQA", row): null

2024-07-13 23:16:20 - [TEST_STEP][PASSED] - appID = findTestData(dataFile).getValue("AppIDQA", row): null

2024-07-13 23:16:21 - [TEST_STEP][PASSED] - break: null

2024-07-13 23:16:21 - [TEST_STEP][PASSED] - cardNameV = findTestData(dataFile).getValue("NameV", row): null

2024-07-13 23:16:21 - [TEST_STEP][PASSED] - hrefAppID = li_1 + appID + li_2: null

2024-07-13 23:16:21 - [TEST_STEP][PASSED] - hrefApp = li_1 + appID + "/": null

2024-07-13 23:16:21 - [TEST_STEP][PASSED] - println("hrefApp : " + hrefApp): null

2024-07-13 23:16:21 - [TEST_STEP][PASSED] - if (ExecuteTC.equalsIgnoreCase("Y")): null

2024-07-13 23:16:21 - [TEST_STEP][PASSED] - out.println("Begin Record Number: " + row): null

2024-07-13 23:16:21 - [TEST_STEP][PASSED] - today = new java.util.Date(): null

2024-07-13 23:16:21 - [TEST_STEP][PASSED] - println(today): null

2024-07-13 23:16:21 - [TEST_STEP][PASSED] - datText = today: null

2024-07-13 23:16:21 - [TEST_STEP][PASSED] - adminSuiteBootstrap.loginFunctionality.login_AdminSuite(): adminSuiteBootstrap.loginFunctionality.login_AdminSuite is PASSED

2024-07-13 23:16:21 - [MESSAGE][WARNING] - A browser is already opened. Closing browser and opening a new one

2024-07-13 23:16:22 - [MESSAGE][INFO] - Starting 'Chrome' driver

2024-07-13 23:16:22 - [MESSAGE][INFO] - User set preference: ['acceptInsecureCerts', 'true']

2024-07-13 23:16:22 - [MESSAGE][INFO] - Action delay is set to 0 milliseconds

2024-07-13 23:16:24 - [MESSAGE][PASSED] - Browser is opened with url: 'https://qa2.velocitypayment.com/admin/imtiaz'

2024-07-13 23:16:25 - [MESSAGE][PASSED] - Current window maximized

2024-07-13 23:16:25 - [MESSAGE][PASSED] - Object 'Object Repository/Login_Page/Login_Username_Okta' is present

2024-07-13 23:16:26 - [MESSAGE][PASSED] - Text 'iahmed' is set on object 'Object Repository/Login_Page/Login_Username_Okta'

2024-07-13 23:16:27 - [MESSAGE][PASSED] - Text 'Hello!6666666' is set on object 'Object Repository/Login_Page/Login_Password_Okta'

2024-07-13 23:16:28 - [MESSAGE][PASSED] - Object: 'Object Repository/Login_Page/Login_Submit_Okta' is clicked on

2024-07-13 23:16:28 - [MESSAGE][PASSED] - adminSuiteBootstrap.loginFunctionality.login_AdminSuite is PASSED

2024-07-13 23:16:28 - [TEST_STEP][PASSED] - click(findTestObject(path_Dashboard + appName)): Object: 'Object Repository/AdminSuiteBootstrap_Pages/Dashboard_Bootstrap/a_Access AutoNoCFtp' is clicked on

2024-07-13 23:16:35 - [MESSAGE][PASSED] - Object: 'Object Repository/AdminSuiteBootstrap_Pages/Dashboard_Bootstrap/a_Access AutoNoCFtp' is clicked on

2024-07-13 23:16:35 - [TEST_STEP][PASSED] - click(findTestObject(path_VT + "button_Debit")): Object: 'Object Repository/AdminSuiteBootstrap_Pages/VT_Bootstrap/IssueTransactions/button_Debit' is clicked on

2024-07-13 23:16:36 - [MESSAGE][PASSED] - Object: 'Object Repository/AdminSuiteBootstrap_Pages/VT_Bootstrap/IssueTransactions/button_Debit' is clicked on

2024-07-13 23:16:36 - [TEST_STEP][PASSED] - click(findTestObject(path_VT + "a_Personal")): Object: 'Object Repository/AdminSuiteBootstrap_Pages/VT_Bootstrap/IssueTransactions/a_Personal' is clicked on

2024-07-13 23:16:37 - [MESSAGE][PASSED] - Object: 'Object Repository/AdminSuiteBootstrap_Pages/VT_Bootstrap/IssueTransactions/a_Personal' is clicked on

2024-07-13 23:16:37 - [TEST_STEP][PASSED] - adminSuiteBootstrap.debitPersonalsetData.debitPersonal_DataDriven(row, dataFile): adminSuiteBootstrap.debitPersonalsetData.debitPersonal_DataDriven is PASSED

2024-07-13 23:16:39 - [MESSAGE][PASSED] - Text 'John' is set on object 'Object Repository/AdminSuiteBootstrap_Pages/VT_Bootstrap/ACHPersonal/input_firstName'

2024-07-13 23:16:40 - [MESSAGE][PASSED] - Text 'Gordonas' is set on object 'Object Repository/AdminSuiteBootstrap_Pages/VT_Bootstrap/ACHPersonal/input_lastName'

2024-07-13 23:16:40 - [MESSAGE][PASSED] - Text '133 Meadow Ln' is set on object 'Object Repository/AdminSuiteBootstrap_Pages/VT_Bootstrap/ACHPersonal/input_address'

2024-07-13 23:16:41 - [MESSAGE][PASSED] - Text 'apt #123' is set on object 'Object Repository/AdminSuiteBootstrap_Pages/VT_Bootstrap/ACHPersonal/input_address2'

2024-07-13 23:16:42 - [MESSAGE][PASSED] - Text '22201' is set on object 'Object Repository/AdminSuiteBootstrap_Pages/VT_Bootstrap/ACHPersonal/input_zip'

2024-07-13 23:16:42 - [MESSAGE][PASSED] - Text '' is set on object 'Object Repository/AdminSuiteBootstrap_Pages/VT_Bootstrap/ACHPersonal/input_emailAddress'

2024-07-13 23:16:44 - [MESSAGE][PASSED] - Text '' is set on object 'Object Repository/AdminSuiteBootstrap_Pages/VT_Bootstrap/ACHPersonal/input_smsNumber'

2024-07-13 23:16:45 - [MESSAGE][PASSED] - Text '45681001' is set on object 'Object Repository/AdminSuiteBootstrap_Pages/VT_Bootstrap/ACHPersonal/input_accountNumber'

2024-07-13 23:16:45 - [MESSAGE][PASSED] - Text '256072691' is set on object 'Object Repository/AdminSuiteBootstrap_Pages/VT_Bootstrap/ACHPersonal/input_routingNumber'

2024-07-13 23:16:46 - [MESSAGE][PASSED] - All options with label 'Checking' are selected in object 'Object Repository/AdminSuiteBootstrap_Pages/VT_Bootstrap/ACHPersonal/select_AccountType'  using regular expression

2024-07-13 23:16:47 - [MESSAGE][PASSED] - All options with label 'PPD - Prearranged Payment and Deposit Entry' are selected in object 'Object Repository/AdminSuiteBootstrap_Pages/VT_Bootstrap/ACHPersonal/select_STD'  using regular expression

2024-07-13 23:16:48 - [MESSAGE][PASSED] - Text '11.5' is set on object 'Object Repository/AdminSuiteBootstrap_Pages/VT_Bootstrap/ACHPersonal/input_amount'

2024-07-13 23:16:49 - [MESSAGE][PASSED] - Text 'Denmark' is set on object 'Object Repository/AdminSuiteBootstrap_Pages/VT_Bootstrap/ACHPersonal/input_userDefined1'

2024-07-13 23:16:49 - [MESSAGE][PASSED] - Text 'Australia' is set on object 'Object Repository/AdminSuiteBootstrap_Pages/VT_Bootstrap/ACHPersonal/input_userDefined2'

2024-07-13 23:16:50 - [MESSAGE][PASSED] - Text 'Austria' is set on object 'Object Repository/AdminSuiteBootstrap_Pages/VT_Bootstrap/ACHPersonal/input_userDefined3'

2024-07-13 23:16:51 - [MESSAGE][PASSED] - Text 'Sweden' is set on object 'Object Repository/AdminSuiteBootstrap_Pages/VT_Bootstrap/ACHPersonal/input_userDefined4'

2024-07-13 23:16:52 - [MESSAGE][PASSED] - All options with label 'Yellow' are selected in object 'Object Repository/AdminSuiteBootstrap_Pages/VT_Bootstrap/ACHPersonal/select_UDF5'  using regular expression

2024-07-13 23:16:53 - [MESSAGE][PASSED] - All options with label 'Orange' are selected in object 'Object Repository/AdminSuiteBootstrap_Pages/VT_Bootstrap/ACHPersonal/select_UDF6'  using regular expression

2024-07-13 23:16:54 - [MESSAGE][PASSED] - Text 'Netherlands' is set on object 'Object Repository/AdminSuiteBootstrap_Pages/VT_Bootstrap/ACHPersonal/input_userDefined7'

2024-07-13 23:16:54 - [MESSAGE][PASSED] - Text 'Norway' is set on object 'Object Repository/AdminSuiteBootstrap_Pages/VT_Bootstrap/ACHPersonal/input_userDefined8'

2024-07-13 23:16:55 - [MESSAGE][PASSED] - Text 'France' is set on object 'Object Repository/AdminSuiteBootstrap_Pages/VT_Bootstrap/ACHPersonal/input_userDefined9'

2024-07-13 23:16:56 - [MESSAGE][PASSED] - Text 'Khushiya magar' is set on object 'Object Repository/AdminSuiteBootstrap_Pages/VT_Bootstrap/ACHPersonal/input_userDefined10'

2024-07-13 23:16:57 - [MESSAGE][PASSED] - Object: 'Object Repository/AdminSuiteBootstrap_Pages/VT_Bootstrap/ACHPersonal/button_Submit' is clicked on

2024-07-13 23:16:57 - [MESSAGE][PASSED] - adminSuiteBootstrap.debitPersonalsetData.debitPersonal_DataDriven is PASSED

2024-07-13 23:16:57 - [TEST_STEP][PASSED] - if (verifyTextPresent("Transaction Successful", true)): null

2024-07-13 23:16:57 - [MESSAGE][PASSED] - Text 'Transaction Successful' is present on page  using regular expression

2024-07-13 23:16:57 - [TEST_STEP][PASSED] - sdf = getText(findTestObject(path_Receipt + "td_AutoNoC031622113752957Ahm")): Text of object 'Object Repository/AdminSuiteBootstrap_Pages/VT_Bootstrap/Receipt/td_AutoNoC031622113752957Ahm' is: 'AutoNoCFtp071324230928Ahm'

2024-07-13 23:16:58 - [MESSAGE][PASSED] - Text of object 'Object Repository/AdminSuiteBootstrap_Pages/VT_Bootstrap/Receipt/td_AutoNoC031622113752957Ahm' is: 'AutoNoCFtp071324230928Ahm'

2024-07-13 23:16:58 - [TEST_STEP][PASSED] - out.println("sdf: " + sdf): null

2024-07-13 23:16:58 - [TEST_STEP][PASSED] - remID = sdf: null

2024-07-13 23:16:58 - [TEST_STEP][PASSED] - out.println("remID: " + remID): null

2024-07-13 23:16:58 - [TEST_STEP][PASSED] - click(findTestObject(path_Receipt + "button_Continue")): Object: 'Object Repository/AdminSuiteBootstrap_Pages/VT_Bootstrap/Receipt/button_Continue' is clicked on

2024-07-13 23:16:58 - [MESSAGE][PASSED] - Object: 'Object Repository/AdminSuiteBootstrap_Pages/VT_Bootstrap/Receipt/button_Continue' is clicked on

2024-07-13 23:16:58 - [TEST_STEP][PASSED] - click(findTestObject(path_VT + "a_Search Transactions")): Object: 'Object Repository/AdminSuiteBootstrap_Pages/VT_Bootstrap/IssueTransactions/a_Search Transactions' is clicked on

2024-07-13 23:16:59 - [MESSAGE][PASSED] - Object: 'Object Repository/AdminSuiteBootstrap_Pages/VT_Bootstrap/IssueTransactions/a_Search Transactions' is clicked on

2024-07-13 23:16:59 - [TEST_STEP][PASSED] - setText(findTestObject(path_CCSearch + "input_Search By_searchValue"), remID): Text 'AutoNoCFtp071324230928Ahm' is set on object 'Object Repository/AdminSuiteBootstrap_Pages/VT_Bootstrap/CCCreditOrVoidSearch/input_Search By_searchValue'

2024-07-13 23:17:00 - [MESSAGE][PASSED] - Text 'AutoNoCFtp071324230928Ahm' is set on object 'Object Repository/AdminSuiteBootstrap_Pages/VT_Bootstrap/CCCreditOrVoidSearch/input_Search By_searchValue'

2024-07-13 23:17:00 - [TEST_STEP][PASSED] - click(findTestObject(path_CCSearch + "button_Submit")): Object: 'Object Repository/AdminSuiteBootstrap_Pages/VT_Bootstrap/CCCreditOrVoidSearch/button_Submit' is clicked on

2024-07-13 23:17:01 - [MESSAGE][PASSED] - Object: 'Object Repository/AdminSuiteBootstrap_Pages/VT_Bootstrap/CCCreditOrVoidSearch/button_Submit' is clicked on

2024-07-13 23:17:01 - [TEST_STEP][PASSED] - fgr = getText(findTestObject(path_SearchResults + "div_Payment ID")): Text of object 'Object Repository/AdminSuiteBootstrap_Pages/VT_Bootstrap/SearchResults/div_Payment ID' is: 'Payment ID
Payment Type
Transaction Type
Remittance ID
Name
Total Amount
End Date
Status
12155104 Online Check Debit AutoNoCFtp071324230928Ahm John Gordonas $11.50 07/13/2024 Success'

2024-07-13 23:17:02 - [MESSAGE][PASSED] - Text of object 'Object Repository/AdminSuiteBootstrap_Pages/VT_Bootstrap/SearchResults/div_Payment ID' is: 'Payment ID
Payment Type
Transaction Type
Remittance ID
Name
Total Amount
End Date
Status
12155104 Online Check Debit AutoNoCFtp071324230928Ahm John Gordonas $11.50 07/13/2024 Success'

2024-07-13 23:17:02 - [TEST_STEP][PASSED] - payID = substring(89, 98).trim(): null

2024-07-13 23:17:02 - [TEST_STEP][PASSED] - out.println("payID: " + payID): null

2024-07-13 23:17:02 - [TEST_STEP][PASSED] - click(findTestObject(path_SearchResults + "button_Modify Search Criteria")): Object: 'Object Repository/AdminSuiteBootstrap_Pages/VT_Bootstrap/SearchResults/button_Modify Search Criteria' is clicked on

2024-07-13 23:17:02 - [MESSAGE][PASSED] - Object: 'Object Repository/AdminSuiteBootstrap_Pages/VT_Bootstrap/SearchResults/button_Modify Search Criteria' is clicked on

2024-07-13 23:17:02 - [TEST_STEP][PASSED] - adminSuiteBootstrap.searchTransactions.searchTransactions_DataDriven(row, dataFile, remID, payID): adminSuiteBootstrap.searchTransactions.searchTransactions_DataDriven is PASSED

2024-07-13 23:17:03 - [MESSAGE][PASSED] - All options with label 'UDF Label: UDF 10' are selected in object 'Object Repository/AdminSuiteBootstrap_Pages/VT_Bootstrap/CCCreditOrVoidSearch/select_SearchBy' 

2024-07-13 23:17:04 - [MESSAGE][PASSED] - Text 'Khushiya magar' is set on object 'Object Repository/AdminSuiteBootstrap_Pages/VT_Bootstrap/CCCreditOrVoidSearch/input_Search By_searchValue'

2024-07-13 23:17:05 - [MESSAGE][PASSED] - Object: 'Object Repository/AdminSuiteBootstrap_Pages/VT_Bootstrap/CCCreditOrVoidSearch/button_Submit' is clicked on

2024-07-13 23:17:05 - [MESSAGE][PASSED] - adminSuiteBootstrap.searchTransactions.searchTransactions_DataDriven is PASSED

2024-07-13 23:17:05 - [TEST_STEP][PASSED] - if (verifyTextPresent(remID, true)): null

2024-07-13 23:17:05 - [MESSAGE][PASSED] - Text 'AutoNoCFtp071324230928Ahm' is present on page  using regular expression

2024-07-13 23:17:05 - [TEST_STEP][PASSED] - resText = "Pass": null

2024-07-13 23:17:05 - [TEST_STEP][PASSED] - pages.WriteExcel.demoKey(resText, datText, resColumn, datCloumn, fileLoc, nameSheet, row): pages.WriteExcel.demoKey is PASSED

2024-07-13 23:17:05 - [MESSAGE][PASSED] - pages.WriteExcel.demoKey is PASSED

2024-07-13 23:17:05 - [TEST_STEP][PASSED] - verifyTextPresent("Transactions Matching Search Criteria", true): Text 'Transactions Matching Search Criteria' is present on page  using regular expression

2024-07-13 23:17:06 - [MESSAGE][PASSED] - Text 'Transactions Matching Search Criteria' is present on page  using regular expression

2024-07-13 23:17:06 - [TEST_STEP][PASSED] - verifyTextPresent("Payment ID", true): Text 'Payment ID' is present on page  using regular expression

2024-07-13 23:17:06 - [MESSAGE][PASSED] - Text 'Payment ID' is present on page  using regular expression

2024-07-13 23:17:06 - [TEST_STEP][PASSED] - verifyTextPresent("Payment Type", true): Text 'Payment Type' is present on page  using regular expression

2024-07-13 23:17:06 - [MESSAGE][PASSED] - Text 'Payment Type' is present on page  using regular expression

2024-07-13 23:17:06 - [TEST_STEP][PASSED] - verifyTextPresent("Transaction Type", true): Text 'Transaction Type' is present on page  using regular expression

2024-07-13 23:17:06 - [MESSAGE][PASSED] - Text 'Transaction Type' is present on page  using regular expression

2024-07-13 23:17:06 - [TEST_STEP][PASSED] - verifyTextPresent("Remittance ID", true): Text 'Remittance ID' is present on page  using regular expression

2024-07-13 23:17:07 - [MESSAGE][PASSED] - Text 'Remittance ID' is present on page  using regular expression

2024-07-13 23:17:07 - [TEST_STEP][PASSED] - verifyTextPresent("Name", true): Text 'Name' is present on page  using regular expression

2024-07-13 23:17:07 - [MESSAGE][PASSED] - Text 'Name' is present on page  using regular expression

2024-07-13 23:17:07 - [TEST_STEP][PASSED] - verifyTextPresent("Total Amount", true): Text 'Total Amount' is present on page  using regular expression

2024-07-13 23:17:07 - [MESSAGE][PASSED] - Text 'Total Amount' is present on page  using regular expression

2024-07-13 23:17:07 - [TEST_STEP][PASSED] - verifyTextPresent("End Date", true): Text 'End Date' is present on page  using regular expression

2024-07-13 23:17:08 - [MESSAGE][PASSED] - Text 'End Date' is present on page  using regular expression

2024-07-13 23:17:08 - [TEST_STEP][PASSED] - verifyTextPresent("Status", true): Text 'Status' is present on page  using regular expression

2024-07-13 23:17:08 - [MESSAGE][PASSED] - Text 'Status' is present on page  using regular expression

2024-07-13 23:17:08 - [TEST_STEP][PASSED] - verifyTextPresent("Debit", true): Text 'Debit' is present on page  using regular expression

2024-07-13 23:17:08 - [MESSAGE][PASSED] - Text 'Debit' is present on page  using regular expression

2024-07-13 23:17:08 - [TEST_STEP][PASSED] - verifyTextPresent("Online Check", true): Text 'Online Check' is present on page  using regular expression

2024-07-13 23:17:09 - [MESSAGE][PASSED] - Text 'Online Check' is present on page  using regular expression

2024-07-13 23:17:09 - [TEST_STEP][PASSED] - verifyTextPresent(cardNameV, true): Text 'John Gordonas' is present on page  using regular expression

2024-07-13 23:17:09 - [MESSAGE][PASSED] - Text 'John Gordonas' is present on page  using regular expression

2024-07-13 23:17:09 - [TEST_STEP][PASSED] - verifyTextPresent("Success", true): Text 'Success' is present on page  using regular expression

2024-07-13 23:17:09 - [MESSAGE][PASSED] - Text 'Success' is present on page  using regular expression

2024-07-13 23:17:09 - [TEST_STEP][PASSED] - verifyElementPresent(findTestObject(path_SearchResults + "button_PaymentID"), 10): Object 'Object Repository/AdminSuiteBootstrap_Pages/VT_Bootstrap/SearchResults/button_PaymentID' is present

2024-07-13 23:17:09 - [MESSAGE][PASSED] - Object 'Object Repository/AdminSuiteBootstrap_Pages/VT_Bootstrap/SearchResults/button_PaymentID' is present

2024-07-13 23:17:09 - [TEST_STEP][PASSED] - click(findTestObject(path_SearchResults + "button_PaymentID")): Object: 'Object Repository/AdminSuiteBootstrap_Pages/VT_Bootstrap/SearchResults/button_PaymentID' is clicked on

2024-07-13 23:17:10 - [MESSAGE][PASSED] - Object: 'Object Repository/AdminSuiteBootstrap_Pages/VT_Bootstrap/SearchResults/button_PaymentID' is clicked on

2024-07-13 23:17:10 - [TEST_STEP][PASSED] - click(findTestObject(path_TranxDetails + "a_Void this transaction")): Object: 'Object Repository/AdminSuiteBootstrap_Pages/VT_Bootstrap/TransactionDetails/a_Void this transaction' is clicked on

2024-07-13 23:17:11 - [MESSAGE][PASSED] - Object: 'Object Repository/AdminSuiteBootstrap_Pages/VT_Bootstrap/TransactionDetails/a_Void this transaction' is clicked on

2024-07-13 23:17:11 - [TEST_STEP][PASSED] - click(findTestObject(path_TranxDetails + "button_Submit")): Object: 'Object Repository/AdminSuiteBootstrap_Pages/VT_Bootstrap/TransactionDetails/button_Submit' is clicked on

2024-07-13 23:17:12 - [MESSAGE][PASSED] - Object: 'Object Repository/AdminSuiteBootstrap_Pages/VT_Bootstrap/TransactionDetails/button_Submit' is clicked on

2024-07-13 23:17:12 - [TEST_STEP][PASSED] - verifyTextPresent("Transaction Successful", true): Text 'Transaction Successful' is present on page  using regular expression

2024-07-13 23:17:13 - [MESSAGE][PASSED] - Text 'Transaction Successful' is present on page  using regular expression

2024-07-13 23:17:13 - [TEST_STEP][PASSED] - ExecuteTC = findTestData(dataFile).getValue("Execute", row): null

2024-07-13 23:17:13 - [TEST_STEP][PASSED] - out.println("Value of Execute is : " + ExecuteTC): null

2024-07-13 23:17:13 - [TEST_STEP][PASSED] - switch (executionProfile): null

2024-07-13 23:17:13 - [TEST_STEP][PASSED] - case "QA2Profile":: null

2024-07-13 23:17:13 - [TEST_STEP][PASSED] - appName = findTestData(dataFile).getValue("AppNameQA", row): null

2024-07-13 23:17:13 - [TEST_STEP][PASSED] - appID = findTestData(dataFile).getValue("AppIDQA", row): null

2024-07-13 23:17:13 - [TEST_STEP][PASSED] - break: null

2024-07-13 23:17:13 - [TEST_STEP][PASSED] - cardNameV = findTestData(dataFile).getValue("NameV", row): null

2024-07-13 23:17:13 - [TEST_STEP][PASSED] - hrefAppID = li_1 + appID + li_2: null

2024-07-13 23:17:13 - [TEST_STEP][PASSED] - hrefApp = li_1 + appID + "/": null

2024-07-13 23:17:13 - [TEST_STEP][PASSED] - println("hrefApp : " + hrefApp): null

2024-07-13 23:17:13 - [TEST_STEP][PASSED] - if (ExecuteTC.equalsIgnoreCase("Y")): null

2024-07-13 23:17:13 - [TEST_STEP][PASSED] - out.println("Begin Record Number: " + row): null

2024-07-13 23:17:13 - [TEST_STEP][PASSED] - today = new java.util.Date(): null

2024-07-13 23:17:13 - [TEST_STEP][PASSED] - println(today): null

2024-07-13 23:17:13 - [TEST_STEP][PASSED] - datText = today: null

2024-07-13 23:17:13 - [TEST_STEP][PASSED] - adminSuiteBootstrap.loginFunctionality.login_AdminSuite(): adminSuiteBootstrap.loginFunctionality.login_AdminSuite is PASSED

2024-07-13 23:17:13 - [MESSAGE][WARNING] - A browser is already opened. Closing browser and opening a new one

2024-07-13 23:17:14 - [MESSAGE][INFO] - Starting 'Chrome' driver

2024-07-13 23:17:14 - [MESSAGE][INFO] - User set preference: ['acceptInsecureCerts', 'true']

2024-07-13 23:17:14 - [MESSAGE][INFO] - Action delay is set to 0 milliseconds

2024-07-13 23:17:17 - [MESSAGE][PASSED] - Browser is opened with url: 'https://qa2.velocitypayment.com/admin/imtiaz'

2024-07-13 23:17:17 - [MESSAGE][PASSED] - Current window maximized

2024-07-13 23:17:18 - [MESSAGE][PASSED] - Object 'Object Repository/Login_Page/Login_Username_Okta' is present

2024-07-13 23:17:18 - [MESSAGE][PASSED] - Text 'iahmed' is set on object 'Object Repository/Login_Page/Login_Username_Okta'

2024-07-13 23:17:19 - [MESSAGE][PASSED] - Text 'Hello!6666666' is set on object 'Object Repository/Login_Page/Login_Password_Okta'

2024-07-13 23:17:20 - [MESSAGE][PASSED] - Object: 'Object Repository/Login_Page/Login_Submit_Okta' is clicked on

2024-07-13 23:17:20 - [MESSAGE][PASSED] - adminSuiteBootstrap.loginFunctionality.login_AdminSuite is PASSED

2024-07-13 23:17:20 - [TEST_STEP][PASSED] - click(findTestObject(path_Dashboard + appName)): Object: 'Object Repository/AdminSuiteBootstrap_Pages/Dashboard_Bootstrap/a_Access AutoNoCFtp' is clicked on

2024-07-13 23:17:28 - [MESSAGE][PASSED] - Object: 'Object Repository/AdminSuiteBootstrap_Pages/Dashboard_Bootstrap/a_Access AutoNoCFtp' is clicked on

2024-07-13 23:17:28 - [TEST_STEP][PASSED] - click(findTestObject(path_VT + "button_Debit")): Object: 'Object Repository/AdminSuiteBootstrap_Pages/VT_Bootstrap/IssueTransactions/button_Debit' is clicked on

2024-07-13 23:17:28 - [MESSAGE][PASSED] - Object: 'Object Repository/AdminSuiteBootstrap_Pages/VT_Bootstrap/IssueTransactions/button_Debit' is clicked on

2024-07-13 23:17:28 - [TEST_STEP][PASSED] - click(findTestObject(path_VT + "a_Personal")): Object: 'Object Repository/AdminSuiteBootstrap_Pages/VT_Bootstrap/IssueTransactions/a_Personal' is clicked on

2024-07-13 23:17:29 - [MESSAGE][PASSED] - Object: 'Object Repository/AdminSuiteBootstrap_Pages/VT_Bootstrap/IssueTransactions/a_Personal' is clicked on

2024-07-13 23:17:29 - [TEST_STEP][PASSED] - adminSuiteBootstrap.debitPersonalsetData.debitPersonal_DataDriven(row, dataFile): adminSuiteBootstrap.debitPersonalsetData.debitPersonal_DataDriven is PASSED

2024-07-13 23:17:31 - [MESSAGE][PASSED] - Text 'Veronika' is set on object 'Object Repository/AdminSuiteBootstrap_Pages/VT_Bootstrap/ACHPersonal/input_firstName'

2024-07-13 23:17:32 - [MESSAGE][PASSED] - Text 'Inouye' is set on object 'Object Repository/AdminSuiteBootstrap_Pages/VT_Bootstrap/ACHPersonal/input_lastName'

2024-07-13 23:17:33 - [MESSAGE][PASSED] - Text '6 Greenleaf Ave' is set on object 'Object Repository/AdminSuiteBootstrap_Pages/VT_Bootstrap/ACHPersonal/input_address'

2024-07-13 23:17:33 - [MESSAGE][PASSED] - Text 'apt #3' is set on object 'Object Repository/AdminSuiteBootstrap_Pages/VT_Bootstrap/ACHPersonal/input_address2'

2024-07-13 23:17:34 - [MESSAGE][PASSED] - Text '22201' is set on object 'Object Repository/AdminSuiteBootstrap_Pages/VT_Bootstrap/ACHPersonal/input_zip'

2024-07-13 23:17:35 - [MESSAGE][PASSED] - Text '' is set on object 'Object Repository/AdminSuiteBootstrap_Pages/VT_Bootstrap/ACHPersonal/input_emailAddress'

2024-07-13 23:17:36 - [MESSAGE][PASSED] - Text '7038943598' is set on object 'Object Repository/AdminSuiteBootstrap_Pages/VT_Bootstrap/ACHPersonal/input_smsNumber'

2024-07-13 23:17:37 - [MESSAGE][PASSED] - Text '45681002' is set on object 'Object Repository/AdminSuiteBootstrap_Pages/VT_Bootstrap/ACHPersonal/input_accountNumber'

2024-07-13 23:17:38 - [MESSAGE][PASSED] - Text '256072691' is set on object 'Object Repository/AdminSuiteBootstrap_Pages/VT_Bootstrap/ACHPersonal/input_routingNumber'

2024-07-13 23:17:39 - [MESSAGE][PASSED] - All options with label 'Checking' are selected in object 'Object Repository/AdminSuiteBootstrap_Pages/VT_Bootstrap/ACHPersonal/select_AccountType'  using regular expression

2024-07-13 23:17:40 - [MESSAGE][PASSED] - All options with label 'TEL - Telephone-Initiated Entry' are selected in object 'Object Repository/AdminSuiteBootstrap_Pages/VT_Bootstrap/ACHPersonal/select_STD'  using regular expression

2024-07-13 23:17:41 - [MESSAGE][PASSED] - Text '11.5' is set on object 'Object Repository/AdminSuiteBootstrap_Pages/VT_Bootstrap/ACHPersonal/input_amount'

2024-07-13 23:17:42 - [MESSAGE][PASSED] - Text 'Denmark' is set on object 'Object Repository/AdminSuiteBootstrap_Pages/VT_Bootstrap/ACHPersonal/input_userDefined1'

2024-07-13 23:17:42 - [MESSAGE][PASSED] - Text 'Australia' is set on object 'Object Repository/AdminSuiteBootstrap_Pages/VT_Bootstrap/ACHPersonal/input_userDefined2'

2024-07-13 23:17:43 - [MESSAGE][PASSED] - Text 'Austria' is set on object 'Object Repository/AdminSuiteBootstrap_Pages/VT_Bootstrap/ACHPersonal/input_userDefined3'

2024-07-13 23:17:44 - [MESSAGE][PASSED] - Text 'Sweden' is set on object 'Object Repository/AdminSuiteBootstrap_Pages/VT_Bootstrap/ACHPersonal/input_userDefined4'

2024-07-13 23:17:45 - [MESSAGE][PASSED] - All options with label 'Yellow' are selected in object 'Object Repository/AdminSuiteBootstrap_Pages/VT_Bootstrap/ACHPersonal/select_UDF5'  using regular expression

2024-07-13 23:17:46 - [MESSAGE][PASSED] - All options with label 'Orange' are selected in object 'Object Repository/AdminSuiteBootstrap_Pages/VT_Bootstrap/ACHPersonal/select_UDF6'  using regular expression

2024-07-13 23:17:46 - [MESSAGE][PASSED] - Text 'Netherlands' is set on object 'Object Repository/AdminSuiteBootstrap_Pages/VT_Bootstrap/ACHPersonal/input_userDefined7'

2024-07-13 23:17:47 - [MESSAGE][PASSED] - Text 'Norway' is set on object 'Object Repository/AdminSuiteBootstrap_Pages/VT_Bootstrap/ACHPersonal/input_userDefined8'

2024-07-13 23:17:48 - [MESSAGE][PASSED] - Text 'France' is set on object 'Object Repository/AdminSuiteBootstrap_Pages/VT_Bootstrap/ACHPersonal/input_userDefined9'

2024-07-13 23:17:48 - [MESSAGE][PASSED] - Text 'Switzerland' is set on object 'Object Repository/AdminSuiteBootstrap_Pages/VT_Bootstrap/ACHPersonal/input_userDefined10'

2024-07-13 23:17:50 - [MESSAGE][PASSED] - Object: 'Object Repository/AdminSuiteBootstrap_Pages/VT_Bootstrap/ACHPersonal/button_Submit' is clicked on

2024-07-13 23:17:50 - [MESSAGE][PASSED] - adminSuiteBootstrap.debitPersonalsetData.debitPersonal_DataDriven is PASSED

2024-07-13 23:17:50 - [TEST_STEP][PASSED] - if (verifyTextPresent("Transaction Successful", true)): null

2024-07-13 23:17:50 - [MESSAGE][PASSED] - Text 'Transaction Successful' is present on page  using regular expression

2024-07-13 23:17:50 - [TEST_STEP][PASSED] - sdf = getText(findTestObject(path_Receipt + "td_AutoNoC031622113752957Ahm")): Text of object 'Object Repository/AdminSuiteBootstrap_Pages/VT_Bootstrap/Receipt/td_AutoNoC031622113752957Ahm' is: 'AutoNoCFtp071324231021Ahm'

2024-07-13 23:17:51 - [MESSAGE][PASSED] - Text of object 'Object Repository/AdminSuiteBootstrap_Pages/VT_Bootstrap/Receipt/td_AutoNoC031622113752957Ahm' is: 'AutoNoCFtp071324231021Ahm'

2024-07-13 23:17:51 - [TEST_STEP][PASSED] - out.println("sdf: " + sdf): null

2024-07-13 23:17:51 - [TEST_STEP][PASSED] - remID = sdf: null

2024-07-13 23:17:51 - [TEST_STEP][PASSED] - out.println("remID: " + remID): null

2024-07-13 23:17:51 - [TEST_STEP][PASSED] - click(findTestObject(path_Receipt + "button_Continue")): Object: 'Object Repository/AdminSuiteBootstrap_Pages/VT_Bootstrap/Receipt/button_Continue' is clicked on

2024-07-13 23:17:52 - [MESSAGE][PASSED] - Object: 'Object Repository/AdminSuiteBootstrap_Pages/VT_Bootstrap/Receipt/button_Continue' is clicked on

2024-07-13 23:17:52 - [TEST_STEP][PASSED] - click(findTestObject(path_VT + "a_Search Transactions")): Object: 'Object Repository/AdminSuiteBootstrap_Pages/VT_Bootstrap/IssueTransactions/a_Search Transactions' is clicked on

2024-07-13 23:17:52 - [MESSAGE][PASSED] - Object: 'Object Repository/AdminSuiteBootstrap_Pages/VT_Bootstrap/IssueTransactions/a_Search Transactions' is clicked on

2024-07-13 23:17:52 - [TEST_STEP][PASSED] - setText(findTestObject(path_CCSearch + "input_Search By_searchValue"), remID): Text 'AutoNoCFtp071324231021Ahm' is set on object 'Object Repository/AdminSuiteBootstrap_Pages/VT_Bootstrap/CCCreditOrVoidSearch/input_Search By_searchValue'

2024-07-13 23:17:53 - [MESSAGE][PASSED] - Text 'AutoNoCFtp071324231021Ahm' is set on object 'Object Repository/AdminSuiteBootstrap_Pages/VT_Bootstrap/CCCreditOrVoidSearch/input_Search By_searchValue'

2024-07-13 23:17:53 - [TEST_STEP][PASSED] - click(findTestObject(path_CCSearch + "button_Submit")): Object: 'Object Repository/AdminSuiteBootstrap_Pages/VT_Bootstrap/CCCreditOrVoidSearch/button_Submit' is clicked on

2024-07-13 23:17:54 - [MESSAGE][PASSED] - Object: 'Object Repository/AdminSuiteBootstrap_Pages/VT_Bootstrap/CCCreditOrVoidSearch/button_Submit' is clicked on

2024-07-13 23:17:54 - [TEST_STEP][PASSED] - fgr = getText(findTestObject(path_SearchResults + "div_Payment ID")): Text of object 'Object Repository/AdminSuiteBootstrap_Pages/VT_Bootstrap/SearchResults/div_Payment ID' is: 'Payment ID
Payment Type
Transaction Type
Remittance ID
Name
Total Amount
End Date
Status
12155106 Online Check Debit AutoNoCFtp071324231021Ahm Veronika Inouye $11.50 07/13/2024 Success'

2024-07-13 23:17:55 - [MESSAGE][PASSED] - Text of object 'Object Repository/AdminSuiteBootstrap_Pages/VT_Bootstrap/SearchResults/div_Payment ID' is: 'Payment ID
Payment Type
Transaction Type
Remittance ID
Name
Total Amount
End Date
Status
12155106 Online Check Debit AutoNoCFtp071324231021Ahm Veronika Inouye $11.50 07/13/2024 Success'

2024-07-13 23:17:55 - [TEST_STEP][PASSED] - payID = substring(89, 98).trim(): null

2024-07-13 23:17:55 - [TEST_STEP][PASSED] - out.println("payID: " + payID): null

2024-07-13 23:17:55 - [TEST_STEP][PASSED] - click(findTestObject(path_SearchResults + "button_Modify Search Criteria")): Object: 'Object Repository/AdminSuiteBootstrap_Pages/VT_Bootstrap/SearchResults/button_Modify Search Criteria' is clicked on

2024-07-13 23:17:55 - [MESSAGE][PASSED] - Object: 'Object Repository/AdminSuiteBootstrap_Pages/VT_Bootstrap/SearchResults/button_Modify Search Criteria' is clicked on

2024-07-13 23:17:55 - [TEST_STEP][PASSED] - adminSuiteBootstrap.searchTransactions.searchTransactions_DataDriven(row, dataFile, remID, payID): adminSuiteBootstrap.searchTransactions.searchTransactions_DataDriven is PASSED

2024-07-13 23:17:56 - [MESSAGE][PASSED] - All options with label 'Phone Number' are selected in object 'Object Repository/AdminSuiteBootstrap_Pages/VT_Bootstrap/CCCreditOrVoidSearch/select_SearchBy' 

2024-07-13 23:17:57 - [MESSAGE][PASSED] - Text '7038943598' is set on object 'Object Repository/AdminSuiteBootstrap_Pages/VT_Bootstrap/CCCreditOrVoidSearch/input_Search By_searchValue'

2024-07-13 23:17:58 - [MESSAGE][PASSED] - Object: 'Object Repository/AdminSuiteBootstrap_Pages/VT_Bootstrap/CCCreditOrVoidSearch/button_Submit' is clicked on

2024-07-13 23:17:58 - [MESSAGE][PASSED] - adminSuiteBootstrap.searchTransactions.searchTransactions_DataDriven is PASSED

2024-07-13 23:17:58 - [TEST_STEP][PASSED] - if (verifyTextPresent(remID, true)): null

2024-07-13 23:17:58 - [MESSAGE][PASSED] - Text 'AutoNoCFtp071324231021Ahm' is present on page  using regular expression

2024-07-13 23:17:58 - [TEST_STEP][PASSED] - resText = "Pass": null

2024-07-13 23:17:58 - [TEST_STEP][PASSED] - pages.WriteExcel.demoKey(resText, datText, resColumn, datCloumn, fileLoc, nameSheet, row): pages.WriteExcel.demoKey is PASSED

2024-07-13 23:17:58 - [MESSAGE][PASSED] - pages.WriteExcel.demoKey is PASSED

2024-07-13 23:17:58 - [TEST_STEP][PASSED] - verifyTextPresent("Transactions Matching Search Criteria", true): Text 'Transactions Matching Search Criteria' is present on page  using regular expression

2024-07-13 23:17:59 - [MESSAGE][PASSED] - Text 'Transactions Matching Search Criteria' is present on page  using regular expression

2024-07-13 23:17:59 - [TEST_STEP][PASSED] - verifyTextPresent("Payment ID", true): Text 'Payment ID' is present on page  using regular expression

2024-07-13 23:17:59 - [MESSAGE][PASSED] - Text 'Payment ID' is present on page  using regular expression

2024-07-13 23:17:59 - [TEST_STEP][PASSED] - verifyTextPresent("Payment Type", true): Text 'Payment Type' is present on page  using regular expression

2024-07-13 23:17:59 - [MESSAGE][PASSED] - Text 'Payment Type' is present on page  using regular expression

2024-07-13 23:17:59 - [TEST_STEP][PASSED] - verifyTextPresent("Transaction Type", true): Text 'Transaction Type' is present on page  using regular expression

2024-07-13 23:18:00 - [MESSAGE][PASSED] - Text 'Transaction Type' is present on page  using regular expression

2024-07-13 23:18:00 - [TEST_STEP][PASSED] - verifyTextPresent("Remittance ID", true): Text 'Remittance ID' is present on page  using regular expression

2024-07-13 23:18:00 - [MESSAGE][PASSED] - Text 'Remittance ID' is present on page  using regular expression

2024-07-13 23:18:00 - [TEST_STEP][PASSED] - verifyTextPresent("Name", true): Text 'Name' is present on page  using regular expression

2024-07-13 23:18:00 - [MESSAGE][PASSED] - Text 'Name' is present on page  using regular expression

2024-07-13 23:18:00 - [TEST_STEP][PASSED] - verifyTextPresent("Total Amount", true): Text 'Total Amount' is present on page  using regular expression

2024-07-13 23:18:00 - [MESSAGE][PASSED] - Text 'Total Amount' is present on page  using regular expression

2024-07-13 23:18:00 - [TEST_STEP][PASSED] - verifyTextPresent("End Date", true): Text 'End Date' is present on page  using regular expression

2024-07-13 23:18:01 - [MESSAGE][PASSED] - Text 'End Date' is present on page  using regular expression

2024-07-13 23:18:01 - [TEST_STEP][PASSED] - verifyTextPresent("Status", true): Text 'Status' is present on page  using regular expression

2024-07-13 23:18:01 - [MESSAGE][PASSED] - Text 'Status' is present on page  using regular expression

2024-07-13 23:18:01 - [TEST_STEP][PASSED] - verifyTextPresent("Debit", true): Text 'Debit' is present on page  using regular expression

2024-07-13 23:18:01 - [MESSAGE][PASSED] - Text 'Debit' is present on page  using regular expression

2024-07-13 23:18:01 - [TEST_STEP][PASSED] - verifyTextPresent("Online Check", true): Text 'Online Check' is present on page  using regular expression

2024-07-13 23:18:02 - [MESSAGE][PASSED] - Text 'Online Check' is present on page  using regular expression

2024-07-13 23:18:02 - [TEST_STEP][PASSED] - verifyTextPresent(cardNameV, true): Text 'Veronika Inouye' is present on page  using regular expression

2024-07-13 23:18:02 - [MESSAGE][PASSED] - Text 'Veronika Inouye' is present on page  using regular expression

2024-07-13 23:18:02 - [TEST_STEP][PASSED] - verifyTextPresent("Success", true): Text 'Success' is present on page  using regular expression

2024-07-13 23:18:02 - [MESSAGE][PASSED] - Text 'Success' is present on page  using regular expression

2024-07-13 23:18:02 - [TEST_STEP][PASSED] - verifyElementPresent(findTestObject(path_SearchResults + "button_PaymentID"), 10): Object 'Object Repository/AdminSuiteBootstrap_Pages/VT_Bootstrap/SearchResults/button_PaymentID' is present

2024-07-13 23:18:02 - [MESSAGE][PASSED] - Object 'Object Repository/AdminSuiteBootstrap_Pages/VT_Bootstrap/SearchResults/button_PaymentID' is present

2024-07-13 23:18:02 - [TEST_STEP][PASSED] - click(findTestObject(path_SearchResults + "button_PaymentID")): Object: 'Object Repository/AdminSuiteBootstrap_Pages/VT_Bootstrap/SearchResults/button_PaymentID' is clicked on

2024-07-13 23:18:03 - [MESSAGE][PASSED] - Object: 'Object Repository/AdminSuiteBootstrap_Pages/VT_Bootstrap/SearchResults/button_PaymentID' is clicked on

2024-07-13 23:18:03 - [TEST_STEP][PASSED] - click(findTestObject(path_TranxDetails + "a_Void this transaction")): Object: 'Object Repository/AdminSuiteBootstrap_Pages/VT_Bootstrap/TransactionDetails/a_Void this transaction' is clicked on

2024-07-13 23:18:04 - [MESSAGE][PASSED] - Object: 'Object Repository/AdminSuiteBootstrap_Pages/VT_Bootstrap/TransactionDetails/a_Void this transaction' is clicked on

2024-07-13 23:18:04 - [TEST_STEP][PASSED] - click(findTestObject(path_TranxDetails + "button_Submit")): Object: 'Object Repository/AdminSuiteBootstrap_Pages/VT_Bootstrap/TransactionDetails/button_Submit' is clicked on

2024-07-13 23:18:05 - [MESSAGE][PASSED] - Object: 'Object Repository/AdminSuiteBootstrap_Pages/VT_Bootstrap/TransactionDetails/button_Submit' is clicked on

2024-07-13 23:18:05 - [TEST_STEP][PASSED] - verifyTextPresent("Transaction Successful", true): Text 'Transaction Successful' is present on page  using regular expression

2024-07-13 23:18:06 - [MESSAGE][PASSED] - Text 'Transaction Successful' is present on page  using regular expression]]></system-out>
         <system-err><![CDATA[]]></system-err>
      </testcase>
      <testcase name="Test Cases/Admin Suite Bootstrap/VT_TestCases/VerifyNoACHLinks_IssueTransactionsPage_TC" time="55.374" classname="Test Cases/Admin Suite Bootstrap/VT_TestCases/VerifyNoACHLinks_IssueTransactionsPage_TC" status="PASSED">
         <system-out><![CDATA[2024-07-13 23:18:06 - [TEST_CASE][PASSED] - Test Cases/Admin Suite Bootstrap/VT_TestCases/VerifyNoACHLinks_IssueTransactionsPage_TC: Test Cases/Admin Suite Bootstrap/VT_TestCases/VerifyNoACHLinks_IssueTransactionsPage_TC

2024-07-13 23:18:06 - [TEST_STEP][PASSED] - path_Dashboard = "Object Repository/AdminSuiteBootstrap_Pages/Dashboard_Bootstrap/": null

2024-07-13 23:18:06 - [TEST_STEP][PASSED] - path_VT = "Object Repository/AdminSuiteBootstrap_Pages/VT_Bootstrap/IssueTransactions/": null

2024-07-13 23:18:06 - [TEST_STEP][PASSED] - adminSuiteBootstrap.loginFunctionality.login_AdminSuite(): adminSuiteBootstrap.loginFunctionality.login_AdminSuite is PASSED

2024-07-13 23:18:06 - [MESSAGE][WARNING] - A browser is already opened. Closing browser and opening a new one

2024-07-13 23:18:07 - [MESSAGE][INFO] - Starting 'Chrome' driver

2024-07-13 23:18:07 - [MESSAGE][INFO] - User set preference: ['acceptInsecureCerts', 'true']

2024-07-13 23:18:07 - [MESSAGE][INFO] - Action delay is set to 0 milliseconds

2024-07-13 23:18:09 - [MESSAGE][PASSED] - Browser is opened with url: 'https://qa2.velocitypayment.com/admin/imtiaz'

2024-07-13 23:18:10 - [MESSAGE][PASSED] - Current window maximized

2024-07-13 23:18:11 - [MESSAGE][PASSED] - Object 'Object Repository/Login_Page/Login_Username_Okta' is present

2024-07-13 23:18:12 - [MESSAGE][PASSED] - Text 'iahmed' is set on object 'Object Repository/Login_Page/Login_Username_Okta'

2024-07-13 23:18:12 - [MESSAGE][PASSED] - Text 'Hello!6666666' is set on object 'Object Repository/Login_Page/Login_Password_Okta'

2024-07-13 23:18:13 - [MESSAGE][PASSED] - Object: 'Object Repository/Login_Page/Login_Submit_Okta' is clicked on

2024-07-13 23:18:13 - [MESSAGE][PASSED] - adminSuiteBootstrap.loginFunctionality.login_AdminSuite is PASSED

2024-07-13 23:18:13 - [TEST_STEP][PASSED] - click(findTestObject(path_Dashboard + "span_Payment")): Object: 'Object Repository/AdminSuiteBootstrap_Pages/Dashboard_Bootstrap/span_Payment' is clicked on

2024-07-13 23:18:21 - [MESSAGE][PASSED] - Object: 'Object Repository/AdminSuiteBootstrap_Pages/Dashboard_Bootstrap/span_Payment' is clicked on

2024-07-13 23:18:21 - [TEST_STEP][PASSED] - click(findTestObject(path_Dashboard + "a_Access AutoCCOnly")): Object: 'Object Repository/AdminSuiteBootstrap_Pages/Dashboard_Bootstrap/a_Access AutoCCOnly' is clicked on

2024-07-13 23:18:22 - [MESSAGE][PASSED] - Object: 'Object Repository/AdminSuiteBootstrap_Pages/Dashboard_Bootstrap/a_Access AutoCCOnly' is clicked on

2024-07-13 23:18:22 - [TEST_STEP][PASSED] - verifyTextPresent("Credit Card", true): Text 'Credit Card' is present on page  using regular expression

2024-07-13 23:18:22 - [MESSAGE][PASSED] - Text 'Credit Card' is present on page  using regular expression

2024-07-13 23:18:22 - [TEST_STEP][PASSED] - verifyTextPresent("No transactions are enabled for this V-POS deployment", true): Text 'No transactions are enabled for this V-POS deployment' is present on page  using regular expression

2024-07-13 23:18:23 - [MESSAGE][PASSED] - Text 'No transactions are enabled for this V-POS deployment' is present on page  using regular expression

2024-07-13 23:18:23 - [TEST_STEP][PASSED] - verifyElementVisible(findTestObject(path_VT + "button_Authorization  Capture (Sale)")): Object 'Object Repository/AdminSuiteBootstrap_Pages/VT_Bootstrap/IssueTransactions/button_Authorization  Capture (Sale)' is visible

2024-07-13 23:18:23 - [MESSAGE][PASSED] - Object 'Object Repository/AdminSuiteBootstrap_Pages/VT_Bootstrap/IssueTransactions/button_Authorization  Capture (Sale)' is visible

2024-07-13 23:18:23 - [TEST_STEP][PASSED] - verifyElementPresent(findTestObject(path_VT + "button_Authorization  Capture (Sale)"), 30): Object 'Object Repository/AdminSuiteBootstrap_Pages/VT_Bootstrap/IssueTransactions/button_Authorization  Capture (Sale)' is present

2024-07-13 23:18:23 - [MESSAGE][PASSED] - Object 'Object Repository/AdminSuiteBootstrap_Pages/VT_Bootstrap/IssueTransactions/button_Authorization  Capture (Sale)' is present

2024-07-13 23:18:23 - [TEST_STEP][PASSED] - verifyElementVisible(findTestObject(path_VT + "button_Authorization Only")): Object 'Object Repository/AdminSuiteBootstrap_Pages/VT_Bootstrap/IssueTransactions/button_Authorization Only' is visible

2024-07-13 23:18:24 - [MESSAGE][PASSED] - Object 'Object Repository/AdminSuiteBootstrap_Pages/VT_Bootstrap/IssueTransactions/button_Authorization Only' is visible

2024-07-13 23:18:24 - [TEST_STEP][PASSED] - verifyElementPresent(findTestObject(path_VT + "button_Authorization Only"), 30): Object 'Object Repository/AdminSuiteBootstrap_Pages/VT_Bootstrap/IssueTransactions/button_Authorization Only' is present

2024-07-13 23:18:24 - [MESSAGE][PASSED] - Object 'Object Repository/AdminSuiteBootstrap_Pages/VT_Bootstrap/IssueTransactions/button_Authorization Only' is present

2024-07-13 23:18:24 - [TEST_STEP][PASSED] - verifyElementVisible(findTestObject(path_VT + "button_CreditOrVoid_Generic")): Object 'Object Repository/AdminSuiteBootstrap_Pages/VT_Bootstrap/IssueTransactions/button_CreditOrVoid_Generic' is visible

2024-07-13 23:18:24 - [MESSAGE][PASSED] - Object 'Object Repository/AdminSuiteBootstrap_Pages/VT_Bootstrap/IssueTransactions/button_CreditOrVoid_Generic' is visible

2024-07-13 23:18:24 - [TEST_STEP][PASSED] - verifyElementPresent(findTestObject(path_VT + "button_CreditOrVoid_Generic"), 30): Object 'Object Repository/AdminSuiteBootstrap_Pages/VT_Bootstrap/IssueTransactions/button_CreditOrVoid_Generic' is present

2024-07-13 23:18:25 - [MESSAGE][PASSED] - Object 'Object Repository/AdminSuiteBootstrap_Pages/VT_Bootstrap/IssueTransactions/button_CreditOrVoid_Generic' is present

2024-07-13 23:18:25 - [TEST_STEP][PASSED] - verifyElementVisible(findTestObject(path_VT + "button_Capture an Authorization")): Object 'Object Repository/AdminSuiteBootstrap_Pages/VT_Bootstrap/IssueTransactions/button_Capture an Authorization' is visible

2024-07-13 23:18:25 - [MESSAGE][PASSED] - Object 'Object Repository/AdminSuiteBootstrap_Pages/VT_Bootstrap/IssueTransactions/button_Capture an Authorization' is visible

2024-07-13 23:18:25 - [TEST_STEP][PASSED] - verifyElementPresent(findTestObject(path_VT + "button_Capture an Authorization"), 30): Object 'Object Repository/AdminSuiteBootstrap_Pages/VT_Bootstrap/IssueTransactions/button_Capture an Authorization' is present

2024-07-13 23:18:25 - [MESSAGE][PASSED] - Object 'Object Repository/AdminSuiteBootstrap_Pages/VT_Bootstrap/IssueTransactions/button_Capture an Authorization' is present

2024-07-13 23:18:25 - [TEST_STEP][PASSED] - verifyElementVisible(findTestObject(path_VT + "button_Manual Authorization")): Object 'Object Repository/AdminSuiteBootstrap_Pages/VT_Bootstrap/IssueTransactions/button_Manual Authorization' is visible

2024-07-13 23:18:26 - [MESSAGE][PASSED] - Object 'Object Repository/AdminSuiteBootstrap_Pages/VT_Bootstrap/IssueTransactions/button_Manual Authorization' is visible

2024-07-13 23:18:26 - [TEST_STEP][PASSED] - verifyElementPresent(findTestObject(path_VT + "button_Manual Authorization"), 30): Object 'Object Repository/AdminSuiteBootstrap_Pages/VT_Bootstrap/IssueTransactions/button_Manual Authorization' is present

2024-07-13 23:18:26 - [MESSAGE][PASSED] - Object 'Object Repository/AdminSuiteBootstrap_Pages/VT_Bootstrap/IssueTransactions/button_Manual Authorization' is present

2024-07-13 23:18:26 - [TEST_STEP][PASSED] - click(findTestObject(path_VT + "button_Authorization Only")): Object: 'Object Repository/AdminSuiteBootstrap_Pages/VT_Bootstrap/IssueTransactions/button_Authorization Only' is clicked on

2024-07-13 23:18:26 - [MESSAGE][PASSED] - Object: 'Object Repository/AdminSuiteBootstrap_Pages/VT_Bootstrap/IssueTransactions/button_Authorization Only' is clicked on

2024-07-13 23:18:26 - [TEST_STEP][PASSED] - verifyElementVisible(findTestObject(path_VT + "auth_Keyboard_Generic")): Object 'Object Repository/AdminSuiteBootstrap_Pages/VT_Bootstrap/IssueTransactions/auth_Keyboard_Generic' is visible

2024-07-13 23:18:27 - [MESSAGE][PASSED] - Object 'Object Repository/AdminSuiteBootstrap_Pages/VT_Bootstrap/IssueTransactions/auth_Keyboard_Generic' is visible

2024-07-13 23:18:27 - [TEST_STEP][PASSED] - verifyElementPresent(findTestObject(path_VT + "auth_Keyboard_Generic"), 30): Object 'Object Repository/AdminSuiteBootstrap_Pages/VT_Bootstrap/IssueTransactions/auth_Keyboard_Generic' is present

2024-07-13 23:18:27 - [MESSAGE][PASSED] - Object 'Object Repository/AdminSuiteBootstrap_Pages/VT_Bootstrap/IssueTransactions/auth_Keyboard_Generic' is present

2024-07-13 23:18:27 - [TEST_STEP][PASSED] - click(findTestObject(path_VT + "button_Authorization  Capture (Sale)")): Object: 'Object Repository/AdminSuiteBootstrap_Pages/VT_Bootstrap/IssueTransactions/button_Authorization  Capture (Sale)' is clicked on

2024-07-13 23:18:28 - [MESSAGE][PASSED] - Object: 'Object Repository/AdminSuiteBootstrap_Pages/VT_Bootstrap/IssueTransactions/button_Authorization  Capture (Sale)' is clicked on

2024-07-13 23:18:28 - [TEST_STEP][PASSED] - verifyElementVisible(findTestObject(path_VT + "sale_Keyboard_Generic")): Object 'Object Repository/AdminSuiteBootstrap_Pages/VT_Bootstrap/IssueTransactions/sale_Keyboard_Generic' is visible

2024-07-13 23:18:28 - [MESSAGE][PASSED] - Object 'Object Repository/AdminSuiteBootstrap_Pages/VT_Bootstrap/IssueTransactions/sale_Keyboard_Generic' is visible

2024-07-13 23:18:28 - [TEST_STEP][PASSED] - verifyElementPresent(findTestObject(path_VT + "sale_Keyboard_Generic"), 30): Object 'Object Repository/AdminSuiteBootstrap_Pages/VT_Bootstrap/IssueTransactions/sale_Keyboard_Generic' is present

2024-07-13 23:18:28 - [MESSAGE][PASSED] - Object 'Object Repository/AdminSuiteBootstrap_Pages/VT_Bootstrap/IssueTransactions/sale_Keyboard_Generic' is present

2024-07-13 23:18:28 - [TEST_STEP][PASSED] - verifyElementNotVisible(findTestObject(path_VT + "button_Debit")): Object 'Object Repository/AdminSuiteBootstrap_Pages/VT_Bootstrap/IssueTransactions/button_Debit' is NOT visible

2024-07-13 23:18:59 - [MESSAGE][INFO] - Unable to find the element located by 'By.xpath: //*[@type = 'button' and (text() = '
									 	
										Debit
									 ' or . = '
									 	
										Debit
									 ')]'. Please recheck the objects properties to make sure the desired element is located. 

2024-07-13 23:18:59 - [MESSAGE][WARNING] - [SELF-HEALING] Failed to find element with id 'Object Repository/AdminSuiteBootstrap_Pages/VT_Bootstrap/IssueTransactions/button_Debit'. Try using Self-healing.

2024-07-13 23:19:00 - [MESSAGE][ERROR] - [SELF-HEALING] Cannot save screenshot to: E:\Cloned-Project-Katalon\VPS-Katalon\Reports\Self-healing, reason: unknown error: unhandled inspector error: {"code":-32000,"message":"Cannot take screenshot with 0 width."}
  (Session info: chrome=126.0.6478.127)
Build info: version: '3.141.59', revision: 'e82be7d358', time: '2018-11-14T08:25:53'
System info: host: 'DESKTOP-B2QI6NS', ip: '172.31.253.185', os.name: 'Windows 10', os.arch: 'amd64', os.version: '10.0', java.version: '1.8.0_181'
Driver info: com.kms.katalon.selenium.driver.CChromeDriver
Capabilities {acceptInsecureCerts: true, browserName: chrome, browserVersion: 126.0.6478.127, chrome: {chromedriverVersion: 125.0.6422.78 (14db42ec38ad..., userDataDir: C:\Users\imtiaz\AppData\Loc...}, fedcm:accounts: true, goog:chromeOptions: {debuggerAddress: localhost:63627}, javascriptEnabled: true, networkConnectionEnabled: false, pageLoadStrategy: normal, platform: WINDOWS, platformName: WINDOWS, proxy: Proxy(), setWindowRect: true, strictFileInteractability: false, timeouts: {implicit: 0, pageLoad: 300000, script: 30000}, unhandledPromptBehavior: dismiss and notify, webauthn:extension:credBlob: true, webauthn:extension:largeBlob: true, webauthn:extension:minPinLength: true, webauthn:extension:prf: true, webauthn:virtualAuthenticators: true}
Session ID: f19f23c76f2b31e61b6fd6f2b461b806.

2024-07-13 23:19:00 - [MESSAGE][ERROR] - [SELF-HEALING] Cannot save screenshot to: E:\Cloned-Project-Katalon\VPS-Katalon\Reports\Self-healing, reason: unknown error: unhandled inspector error: {"code":-32000,"message":"Cannot take screenshot with 0 width."}
  (Session info: chrome=126.0.6478.127)
Build info: version: '3.141.59', revision: 'e82be7d358', time: '2018-11-14T08:25:53'
System info: host: 'DESKTOP-B2QI6NS', ip: '172.31.253.185', os.name: 'Windows 10', os.arch: 'amd64', os.version: '10.0', java.version: '1.8.0_181'
Driver info: com.kms.katalon.selenium.driver.CChromeDriver
Capabilities {acceptInsecureCerts: true, browserName: chrome, browserVersion: 126.0.6478.127, chrome: {chromedriverVersion: 125.0.6422.78 (14db42ec38ad..., userDataDir: C:\Users\imtiaz\AppData\Loc...}, fedcm:accounts: true, goog:chromeOptions: {debuggerAddress: localhost:63627}, javascriptEnabled: true, networkConnectionEnabled: false, pageLoadStrategy: normal, platform: WINDOWS, platformName: WINDOWS, proxy: Proxy(), setWindowRect: true, strictFileInteractability: false, timeouts: {implicit: 0, pageLoad: 300000, script: 30000}, unhandledPromptBehavior: dismiss and notify, webauthn:extension:credBlob: true, webauthn:extension:largeBlob: true, webauthn:extension:minPinLength: true, webauthn:extension:prf: true, webauthn:virtualAuthenticators: true}
Session ID: f19f23c76f2b31e61b6fd6f2b461b806.

2024-07-13 23:19:00 - [MESSAGE][WARNING] - [SELF-HEALING] The current locator of test object 'Object Repository/AdminSuiteBootstrap_Pages/VT_Bootstrap/IssueTransactions/button_Debit' was broken. Propose an alternative one: '(//button[@type='button'])[8]'.

2024-07-13 23:19:00 - [MESSAGE][PASSED] - Object 'Object Repository/AdminSuiteBootstrap_Pages/VT_Bootstrap/IssueTransactions/button_Debit' is NOT visible

2024-07-13 23:19:00 - [TEST_STEP][PASSED] - verifyElementNotPresent(findTestObject(path_VT + "button_Debit"), 30): Web element with id: 'Object Repository/AdminSuiteBootstrap_Pages/VT_Bootstrap/IssueTransactions/button_Debit' located by 'By.xpath: //*[@type = 'button' and (text() = '
									 	
										Debit
									 ' or . = '
									 	
										Debit
									 ')]' is not present after '30' second(s)

2024-07-13 23:19:00 - [MESSAGE][PASSED] - Web element with id: 'Object Repository/AdminSuiteBootstrap_Pages/VT_Bootstrap/IssueTransactions/button_Debit' located by 'By.xpath: //*[@type = 'button' and (text() = '
									 	
										Debit
									 ' or . = '
									 	
										Debit
									 ')]' is not present after '30' second(s)

2024-07-13 23:19:00 - [TEST_STEP][PASSED] - verifyElementNotPresent(findTestObject(path_VT + "a_Personal"), 30): Web element with id: 'Object Repository/AdminSuiteBootstrap_Pages/VT_Bootstrap/IssueTransactions/a_Personal' located by 'By.xpath: //*[@id = 'personal' and @href = '#' and (text() = '
										Personal' or . = '
										Personal')]' is not present after '30' second(s)

2024-07-13 23:19:01 - [MESSAGE][PASSED] - Web element with id: 'Object Repository/AdminSuiteBootstrap_Pages/VT_Bootstrap/IssueTransactions/a_Personal' located by 'By.xpath: //*[@id = 'personal' and @href = '#' and (text() = '
										Personal' or . = '
										Personal')]' is not present after '30' second(s)

2024-07-13 23:19:01 - [TEST_STEP][PASSED] - verifyElementNotPresent(findTestObject(path_VT + "a_Corporate"), 30): Web element with id: 'Object Repository/AdminSuiteBootstrap_Pages/VT_Bootstrap/IssueTransactions/a_Corporate' located by 'By.xpath: //*[@id = 'bussiness' and @href = '#' and (text() = '
										Corporate' or . = '
										Corporate')]' is not present after '30' second(s)

2024-07-13 23:19:01 - [MESSAGE][PASSED] - Web element with id: 'Object Repository/AdminSuiteBootstrap_Pages/VT_Bootstrap/IssueTransactions/a_Corporate' located by 'By.xpath: //*[@id = 'bussiness' and @href = '#' and (text() = '
										Corporate' or . = '
										Corporate')]' is not present after '30' second(s)]]></system-out>
         <system-err><![CDATA[]]></system-err>
      </testcase>
      <testcase name="Test Cases/Admin Suite Bootstrap/VT_TestCases/VerifyNoCCLinks_IssueTransactionsPage_TC" time="20.427" classname="Test Cases/Admin Suite Bootstrap/VT_TestCases/VerifyNoCCLinks_IssueTransactionsPage_TC" status="PASSED">
         <system-out><![CDATA[2024-07-13 23:19:01 - [TEST_CASE][PASSED] - Test Cases/Admin Suite Bootstrap/VT_TestCases/VerifyNoCCLinks_IssueTransactionsPage_TC: Test Cases/Admin Suite Bootstrap/VT_TestCases/VerifyNoCCLinks_IssueTransactionsPage_TC

2024-07-13 23:19:01 - [TEST_STEP][PASSED] - path_Dashboard = "Object Repository/AdminSuiteBootstrap_Pages/Dashboard_Bootstrap/": null

2024-07-13 23:19:01 - [TEST_STEP][PASSED] - path_VT = "Object Repository/AdminSuiteBootstrap_Pages/VT_Bootstrap/IssueTransactions/": null

2024-07-13 23:19:01 - [TEST_STEP][PASSED] - adminSuiteBootstrap.loginFunctionality.login_AdminSuite(): adminSuiteBootstrap.loginFunctionality.login_AdminSuite is PASSED

2024-07-13 23:19:01 - [MESSAGE][WARNING] - A browser is already opened. Closing browser and opening a new one

2024-07-13 23:19:03 - [MESSAGE][INFO] - Starting 'Chrome' driver

2024-07-13 23:19:03 - [MESSAGE][INFO] - User set preference: ['acceptInsecureCerts', 'true']

2024-07-13 23:19:03 - [MESSAGE][INFO] - Action delay is set to 0 milliseconds

2024-07-13 23:19:05 - [MESSAGE][PASSED] - Browser is opened with url: 'https://qa2.velocitypayment.com/admin/imtiaz'

2024-07-13 23:19:05 - [MESSAGE][PASSED] - Current window maximized

2024-07-13 23:19:06 - [MESSAGE][PASSED] - Object 'Object Repository/Login_Page/Login_Username_Okta' is present

2024-07-13 23:19:07 - [MESSAGE][PASSED] - Text 'iahmed' is set on object 'Object Repository/Login_Page/Login_Username_Okta'

2024-07-13 23:19:08 - [MESSAGE][PASSED] - Text 'Hello!6666666' is set on object 'Object Repository/Login_Page/Login_Password_Okta'

2024-07-13 23:19:08 - [MESSAGE][PASSED] - Object: 'Object Repository/Login_Page/Login_Submit_Okta' is clicked on

2024-07-13 23:19:08 - [MESSAGE][PASSED] - adminSuiteBootstrap.loginFunctionality.login_AdminSuite is PASSED

2024-07-13 23:19:08 - [TEST_STEP][PASSED] - click(findTestObject(path_Dashboard + "span_Payment")): Object: 'Object Repository/AdminSuiteBootstrap_Pages/Dashboard_Bootstrap/span_Payment' is clicked on

2024-07-13 23:19:16 - [MESSAGE][PASSED] - Object: 'Object Repository/AdminSuiteBootstrap_Pages/Dashboard_Bootstrap/span_Payment' is clicked on

2024-07-13 23:19:16 - [TEST_STEP][PASSED] - click(findTestObject(path_Dashboard + "a_Access AutoACHOnly")): Object: 'Object Repository/AdminSuiteBootstrap_Pages/Dashboard_Bootstrap/a_Access AutoACHOnly' is clicked on

2024-07-13 23:19:17 - [MESSAGE][PASSED] - Object: 'Object Repository/AdminSuiteBootstrap_Pages/Dashboard_Bootstrap/a_Access AutoACHOnly' is clicked on

2024-07-13 23:19:17 - [TEST_STEP][PASSED] - verifyTextNotPresent("Credit Card", true): Text 'Credit Card' is not present on page using regular expression

2024-07-13 23:19:17 - [MESSAGE][PASSED] - Text 'Credit Card' is not present on page using regular expression

2024-07-13 23:19:17 - [TEST_STEP][PASSED] - verifyTextPresent("On-line Check", true): Text 'On-line Check' is present on page  using regular expression

2024-07-13 23:19:18 - [MESSAGE][PASSED] - Text 'On-line Check' is present on page  using regular expression

2024-07-13 23:19:18 - [TEST_STEP][PASSED] - verifyElementVisible(findTestObject(path_VT + "button_Debit")): Object 'Object Repository/AdminSuiteBootstrap_Pages/VT_Bootstrap/IssueTransactions/button_Debit' is visible

2024-07-13 23:19:18 - [MESSAGE][PASSED] - Object 'Object Repository/AdminSuiteBootstrap_Pages/VT_Bootstrap/IssueTransactions/button_Debit' is visible

2024-07-13 23:19:18 - [TEST_STEP][PASSED] - verifyElementPresent(findTestObject(path_VT + "button_Debit"), 30): Object 'Object Repository/AdminSuiteBootstrap_Pages/VT_Bootstrap/IssueTransactions/button_Debit' is present

2024-07-13 23:19:18 - [MESSAGE][PASSED] - Object 'Object Repository/AdminSuiteBootstrap_Pages/VT_Bootstrap/IssueTransactions/button_Debit' is present

2024-07-13 23:19:18 - [TEST_STEP][PASSED] - verifyElementPresent(findTestObject(path_VT + "a_Personal"), 30): Object 'Object Repository/AdminSuiteBootstrap_Pages/VT_Bootstrap/IssueTransactions/a_Personal' is present

2024-07-13 23:19:19 - [MESSAGE][PASSED] - Object 'Object Repository/AdminSuiteBootstrap_Pages/VT_Bootstrap/IssueTransactions/a_Personal' is present

2024-07-13 23:19:19 - [TEST_STEP][PASSED] - verifyElementPresent(findTestObject(path_VT + "a_Corporate"), 30): Object 'Object Repository/AdminSuiteBootstrap_Pages/VT_Bootstrap/IssueTransactions/a_Corporate' is present

2024-07-13 23:19:19 - [MESSAGE][PASSED] - Object 'Object Repository/AdminSuiteBootstrap_Pages/VT_Bootstrap/IssueTransactions/a_Corporate' is present

2024-07-13 23:19:19 - [TEST_STEP][PASSED] - verifyElementNotPresent(findTestObject(path_VT + "button_Authorization  Capture (Sale)"), 30): Web element with id: 'Object Repository/AdminSuiteBootstrap_Pages/VT_Bootstrap/IssueTransactions/button_Authorization  Capture (Sale)' located by 'By.xpath: //*[@type = 'button' and (text() = '
	                                    	Authorization & Capture (Sale)
	                                    ' or . = '
	                                    	Authorization & Capture (Sale)
	                                    ')]' is not present after '30' second(s)

2024-07-13 23:19:19 - [MESSAGE][PASSED] - Web element with id: 'Object Repository/AdminSuiteBootstrap_Pages/VT_Bootstrap/IssueTransactions/button_Authorization  Capture (Sale)' located by 'By.xpath: //*[@type = 'button' and (text() = '
	                                    	Authorization & Capture (Sale)
	                                    ' or . = '
	                                    	Authorization & Capture (Sale)
	                                    ')]' is not present after '30' second(s)

2024-07-13 23:19:19 - [TEST_STEP][PASSED] - verifyElementNotPresent(findTestObject(path_VT + "button_Authorization Only"), 30): Web element with id: 'Object Repository/AdminSuiteBootstrap_Pages/VT_Bootstrap/IssueTransactions/button_Authorization Only' located by 'By.xpath: //*[@type = 'button' and (text() = '
		                                     	Authorization Only
		                                     ' or . = '
		                                     	Authorization Only
		                                     ')]' is not present after '30' second(s)

2024-07-13 23:19:20 - [MESSAGE][PASSED] - Web element with id: 'Object Repository/AdminSuiteBootstrap_Pages/VT_Bootstrap/IssueTransactions/button_Authorization Only' located by 'By.xpath: //*[@type = 'button' and (text() = '
		                                     	Authorization Only
		                                     ' or . = '
		                                     	Authorization Only
		                                     ')]' is not present after '30' second(s)

2024-07-13 23:19:20 - [TEST_STEP][PASSED] - verifyElementNotPresent(findTestObject(path_VT + "button_CreditOrVoid_Generic"), 30): Web element with id: 'Object Repository/AdminSuiteBootstrap_Pages/VT_Bootstrap/IssueTransactions/button_CreditOrVoid_Generic' located by 'By.xpath: //*[@type = 'button' and (text() = '
										 	
											 Credit or  Void
										 ' or . = '
										 	
											 Credit or  Void
										 ')]' is not present after '30' second(s)

2024-07-13 23:19:20 - [MESSAGE][PASSED] - Web element with id: 'Object Repository/AdminSuiteBootstrap_Pages/VT_Bootstrap/IssueTransactions/button_CreditOrVoid_Generic' located by 'By.xpath: //*[@type = 'button' and (text() = '
										 	
											 Credit or  Void
										 ' or . = '
										 	
											 Credit or  Void
										 ')]' is not present after '30' second(s)

2024-07-13 23:19:20 - [TEST_STEP][PASSED] - verifyElementNotPresent(findTestObject(path_VT + "button_Capture an Authorization"), 30): Web element with id: 'Object Repository/AdminSuiteBootstrap_Pages/VT_Bootstrap/IssueTransactions/button_Capture an Authorization' located by 'By.xpath: //*[@type = 'button' and (text() = '
									 	
										 Capture an Authorization
									 ' or . = '
									 	
										 Capture an Authorization
									 ')]' is not present after '30' second(s)

2024-07-13 23:19:20 - [MESSAGE][PASSED] - Web element with id: 'Object Repository/AdminSuiteBootstrap_Pages/VT_Bootstrap/IssueTransactions/button_Capture an Authorization' located by 'By.xpath: //*[@type = 'button' and (text() = '
									 	
										 Capture an Authorization
									 ' or . = '
									 	
										 Capture an Authorization
									 ')]' is not present after '30' second(s)

2024-07-13 23:19:20 - [TEST_STEP][PASSED] - verifyElementNotPresent(findTestObject(path_VT + "button_Manual Authorization"), 30): Web element with id: 'Object Repository/AdminSuiteBootstrap_Pages/VT_Bootstrap/IssueTransactions/button_Manual Authorization' located by 'By.xpath: //*[@type = 'button' and (text() = '
									 	
										 Manual Authorization
									 ' or . = '
									 	
										 Manual Authorization
									 ')]' is not present after '30' second(s)

2024-07-13 23:19:21 - [MESSAGE][PASSED] - Web element with id: 'Object Repository/AdminSuiteBootstrap_Pages/VT_Bootstrap/IssueTransactions/button_Manual Authorization' located by 'By.xpath: //*[@type = 'button' and (text() = '
									 	
										 Manual Authorization
									 ' or . = '
									 	
										 Manual Authorization
									 ')]' is not present after '30' second(s)

2024-07-13 23:19:21 - [TEST_STEP][PASSED] - verifyElementNotPresent(findTestObject(path_VT + "auth_Keyboard_Generic"), 30): Web element with id: 'Object Repository/AdminSuiteBootstrap_Pages/VT_Bootstrap/IssueTransactions/auth_Keyboard_Generic' located by 'By.xpath: id("collapseTwo")/div[@class="card-body ml-4"]/a[@class="ml-2"][count(. | //*[(text() = 'Keyboard Entry' or . = 'Keyboard Entry')]) = count(//*[(text() = 'Keyboard Entry' or . = 'Keyboard Entry')])]' is not present after '30' second(s)

2024-07-13 23:19:21 - [MESSAGE][PASSED] - Web element with id: 'Object Repository/AdminSuiteBootstrap_Pages/VT_Bootstrap/IssueTransactions/auth_Keyboard_Generic' located by 'By.xpath: id("collapseTwo")/div[@class="card-body ml-4"]/a[@class="ml-2"][count(. | //*[(text() = 'Keyboard Entry' or . = 'Keyboard Entry')]) = count(//*[(text() = 'Keyboard Entry' or . = 'Keyboard Entry')])]' is not present after '30' second(s)

2024-07-13 23:19:21 - [TEST_STEP][PASSED] - verifyElementNotPresent(findTestObject(path_VT + "sale_Keyboard_Generic"), 30): Web element with id: 'Object Repository/AdminSuiteBootstrap_Pages/VT_Bootstrap/IssueTransactions/sale_Keyboard_Generic' located by 'By.xpath: id("collapseOne")/div[@class="card-body ml-4"]/a[@class="ml-2"][count(. | //*[(text() = 'Keyboard Entry' or . = 'Keyboard Entry')]) = count(//*[(text() = 'Keyboard Entry' or . = 'Keyboard Entry')])]' is not present after '30' second(s)

2024-07-13 23:19:21 - [MESSAGE][PASSED] - Web element with id: 'Object Repository/AdminSuiteBootstrap_Pages/VT_Bootstrap/IssueTransactions/sale_Keyboard_Generic' located by 'By.xpath: id("collapseOne")/div[@class="card-body ml-4"]/a[@class="ml-2"][count(. | //*[(text() = 'Keyboard Entry' or . = 'Keyboard Entry')]) = count(//*[(text() = 'Keyboard Entry' or . = 'Keyboard Entry')])]' is not present after '30' second(s)]]></system-out>
         <system-err><![CDATA[]]></system-err>
      </testcase>
      <system-out><![CDATA[2024-07-13 22:57:04 - [TEST_SUITE][FAILED] - AdminSuiteBootstrap_UI_TestSuite: Test Cases/Admin Suite Bootstrap/Dashboard_TestCases/VerifyDashboardLinks_UI_TC FAILED.
Reason:
com.kms.katalon.core.exception.StepFailedException: Text 'Velocity Payment System Version 2023-1 - Copyright © 2024 Govolution, LLC' is not present on page  using regular expression (Root cause: com.kms.katalon.core.exception.StepFailedException: Text 'Velocity Payment System Version 2023-1 - Copyright © 2024 Govolution, LLC' is not present on page  using regular expression
	at com.kms.katalon.core.webui.keyword.internal.WebUIKeywordMain.stepFailed(WebUIKeywordMain.groovy:64)
	at com.kms.katalon.core.webui.keyword.builtin.VerifyTextPresentKeyword$_verifyTextPresent_closure1.doCall(VerifyTextPresentKeyword.groovy:79)
	at com.kms.katalon.core.webui.keyword.builtin.VerifyTextPresentKeyword$_verifyTextPresent_closure1.call(VerifyTextPresentKeyword.groovy)
	at com.kms.katalon.core.webui.keyword.internal.WebUIKeywordMain.runKeyword(WebUIKeywordMain.groovy:20)
	at com.kms.katalon.core.webui.keyword.builtin.VerifyTextPresentKeyword.verifyTextPresent(VerifyTextPresentKeyword.groovy:83)
	at com.kms.katalon.core.webui.keyword.builtin.VerifyTextPresentKeyword.execute(VerifyTextPresentKeyword.groovy:68)
	at com.kms.katalon.core.keyword.internal.KeywordExecutor.executeKeywordForPlatform(KeywordExecutor.groovy:74)
	at com.kms.katalon.core.webui.keyword.WebUiBuiltInKeywords.verifyTextPresent(WebUiBuiltInKeywords.groovy:1723)
	at com.kms.katalon.core.webui.keyword.WebUiBuiltInKeywords$verifyTextPresent$5.call(Unknown Source)
	at VerifyDashboardLinks_UI_TC.run(VerifyDashboardLinks_UI_TC:55)
	at com.kms.katalon.core.main.ScriptEngine.run(ScriptEngine.java:194)
	at com.kms.katalon.core.main.ScriptEngine.runScriptAsRawText(ScriptEngine.java:119)
	at com.kms.katalon.core.main.TestCaseExecutor.runScript(TestCaseExecutor.java:448)
	at com.kms.katalon.core.main.TestCaseExecutor.doExecute(TestCaseExecutor.java:439)
	at com.kms.katalon.core.main.TestCaseExecutor.processExecutionPhase(TestCaseExecutor.java:418)
	at com.kms.katalon.core.main.TestCaseExecutor.accessMainPhase(TestCaseExecutor.java:410)
	at com.kms.katalon.core.main.TestCaseExecutor.execute(TestCaseExecutor.java:285)
	at com.kms.katalon.core.common.CommonExecutor.accessTestCaseMainPhase(CommonExecutor.java:65)
	at com.kms.katalon.core.main.TestSuiteExecutor.accessTestSuiteMainPhase(TestSuiteExecutor.java:148)
	at com.kms.katalon.core.main.TestSuiteExecutor.execute(TestSuiteExecutor.java:106)
	at com.kms.katalon.core.main.TestCaseMain.startTestSuite(TestCaseMain.java:187)
	at com.kms.katalon.core.main.TestCaseMain$startTestSuite$0.call(Unknown Source)
	at TempTestSuite1720925817697.run(TempTestSuite1720925817697.groovy:35)
)
	at com.kms.katalon.core.keyword.internal.KeywordMain.stepFailed(KeywordMain.groovy:39)
	at com.kms.katalon.core.webui.keyword.internal.WebUIKeywordMain.stepFailed(WebUIKeywordMain.groovy:64)
	at com.kms.katalon.core.webui.keyword.builtin.VerifyTextPresentKeyword$_verifyTextPresent_closure1.doCall(VerifyTextPresentKeyword.groovy:79)
	at com.kms.katalon.core.webui.keyword.builtin.VerifyTextPresentKeyword$_verifyTextPresent_closure1.call(VerifyTextPresentKeyword.groovy)
	at com.kms.katalon.core.webui.keyword.internal.WebUIKeywordMain.runKeyword(WebUIKeywordMain.groovy:20)
	at com.kms.katalon.core.webui.keyword.builtin.VerifyTextPresentKeyword.verifyTextPresent(VerifyTextPresentKeyword.groovy:83)
	at com.kms.katalon.core.webui.keyword.builtin.VerifyTextPresentKeyword.execute(VerifyTextPresentKeyword.groovy:68)
	at com.kms.katalon.core.keyword.internal.KeywordExecutor.executeKeywordForPlatform(KeywordExecutor.groovy:74)
	at com.kms.katalon.core.webui.keyword.WebUiBuiltInKeywords.verifyTextPresent(WebUiBuiltInKeywords.groovy:1723)
	at com.kms.katalon.core.webui.keyword.WebUiBuiltInKeywords$verifyTextPresent$5.call(Unknown Source)
	at VerifyDashboardLinks_UI_TC.run(VerifyDashboardLinks_UI_TC:55)
	at com.kms.katalon.core.main.ScriptEngine.run(ScriptEngine.java:194)
	at com.kms.katalon.core.main.ScriptEngine.runScriptAsRawText(ScriptEngine.java:119)
	at com.kms.katalon.core.main.TestCaseExecutor.runScript(TestCaseExecutor.java:448)
	at com.kms.katalon.core.main.TestCaseExecutor.doExecute(TestCaseExecutor.java:439)
	at com.kms.katalon.core.main.TestCaseExecutor.processExecutionPhase(TestCaseExecutor.java:418)
	at com.kms.katalon.core.main.TestCaseExecutor.accessMainPhase(TestCaseExecutor.java:410)
	at com.kms.katalon.core.main.TestCaseExecutor.execute(TestCaseExecutor.java:285)
	at com.kms.katalon.core.common.CommonExecutor.accessTestCaseMainPhase(CommonExecutor.java:65)
	at com.kms.katalon.core.main.TestSuiteExecutor.accessTestSuiteMainPhase(TestSuiteExecutor.java:148)
	at com.kms.katalon.core.main.TestSuiteExecutor.execute(TestSuiteExecutor.java:106)
	at com.kms.katalon.core.main.TestCaseMain.startTestSuite(TestCaseMain.java:187)
	at com.kms.katalon.core.main.TestCaseMain$startTestSuite$0.call(Unknown Source)
	at TempTestSuite1720925817697.run(TempTestSuite1720925817697.groovy:35)
Caused by: com.kms.katalon.core.exception.StepFailedException: Text 'Velocity Payment System Version 2023-1 - Copyright © 2024 Govolution, LLC' is not present on page  using regular expression
	... 23 more]]></system-out>
      <system-err><![CDATA[2024-07-13 22:57:04 - [TEST_SUITE][FAILED] - AdminSuiteBootstrap_UI_TestSuite: Test Cases/Admin Suite Bootstrap/Dashboard_TestCases/VerifyDashboardLinks_UI_TC FAILED.
Reason:
com.kms.katalon.core.exception.StepFailedException: Text 'Velocity Payment System Version 2023-1 - Copyright © 2024 Govolution, LLC' is not present on page  using regular expression (Root cause: com.kms.katalon.core.exception.StepFailedException: Text 'Velocity Payment System Version 2023-1 - Copyright © 2024 Govolution, LLC' is not present on page  using regular expression
	at com.kms.katalon.core.webui.keyword.internal.WebUIKeywordMain.stepFailed(WebUIKeywordMain.groovy:64)
	at com.kms.katalon.core.webui.keyword.builtin.VerifyTextPresentKeyword$_verifyTextPresent_closure1.doCall(VerifyTextPresentKeyword.groovy:79)
	at com.kms.katalon.core.webui.keyword.builtin.VerifyTextPresentKeyword$_verifyTextPresent_closure1.call(VerifyTextPresentKeyword.groovy)
	at com.kms.katalon.core.webui.keyword.internal.WebUIKeywordMain.runKeyword(WebUIKeywordMain.groovy:20)
	at com.kms.katalon.core.webui.keyword.builtin.VerifyTextPresentKeyword.verifyTextPresent(VerifyTextPresentKeyword.groovy:83)
	at com.kms.katalon.core.webui.keyword.builtin.VerifyTextPresentKeyword.execute(VerifyTextPresentKeyword.groovy:68)
	at com.kms.katalon.core.keyword.internal.KeywordExecutor.executeKeywordForPlatform(KeywordExecutor.groovy:74)
	at com.kms.katalon.core.webui.keyword.WebUiBuiltInKeywords.verifyTextPresent(WebUiBuiltInKeywords.groovy:1723)
	at com.kms.katalon.core.webui.keyword.WebUiBuiltInKeywords$verifyTextPresent$5.call(Unknown Source)
	at VerifyDashboardLinks_UI_TC.run(VerifyDashboardLinks_UI_TC:55)
	at com.kms.katalon.core.main.ScriptEngine.run(ScriptEngine.java:194)
	at com.kms.katalon.core.main.ScriptEngine.runScriptAsRawText(ScriptEngine.java:119)
	at com.kms.katalon.core.main.TestCaseExecutor.runScript(TestCaseExecutor.java:448)
	at com.kms.katalon.core.main.TestCaseExecutor.doExecute(TestCaseExecutor.java:439)
	at com.kms.katalon.core.main.TestCaseExecutor.processExecutionPhase(TestCaseExecutor.java:418)
	at com.kms.katalon.core.main.TestCaseExecutor.accessMainPhase(TestCaseExecutor.java:410)
	at com.kms.katalon.core.main.TestCaseExecutor.execute(TestCaseExecutor.java:285)
	at com.kms.katalon.core.common.CommonExecutor.accessTestCaseMainPhase(CommonExecutor.java:65)
	at com.kms.katalon.core.main.TestSuiteExecutor.accessTestSuiteMainPhase(TestSuiteExecutor.java:148)
	at com.kms.katalon.core.main.TestSuiteExecutor.execute(TestSuiteExecutor.java:106)
	at com.kms.katalon.core.main.TestCaseMain.startTestSuite(TestCaseMain.java:187)
	at com.kms.katalon.core.main.TestCaseMain$startTestSuite$0.call(Unknown Source)
	at TempTestSuite1720925817697.run(TempTestSuite1720925817697.groovy:35)
)
	at com.kms.katalon.core.keyword.internal.KeywordMain.stepFailed(KeywordMain.groovy:39)
	at com.kms.katalon.core.webui.keyword.internal.WebUIKeywordMain.stepFailed(WebUIKeywordMain.groovy:64)
	at com.kms.katalon.core.webui.keyword.builtin.VerifyTextPresentKeyword$_verifyTextPresent_closure1.doCall(VerifyTextPresentKeyword.groovy:79)
	at com.kms.katalon.core.webui.keyword.builtin.VerifyTextPresentKeyword$_verifyTextPresent_closure1.call(VerifyTextPresentKeyword.groovy)
	at com.kms.katalon.core.webui.keyword.internal.WebUIKeywordMain.runKeyword(WebUIKeywordMain.groovy:20)
	at com.kms.katalon.core.webui.keyword.builtin.VerifyTextPresentKeyword.verifyTextPresent(VerifyTextPresentKeyword.groovy:83)
	at com.kms.katalon.core.webui.keyword.builtin.VerifyTextPresentKeyword.execute(VerifyTextPresentKeyword.groovy:68)
	at com.kms.katalon.core.keyword.internal.KeywordExecutor.executeKeywordForPlatform(KeywordExecutor.groovy:74)
	at com.kms.katalon.core.webui.keyword.WebUiBuiltInKeywords.verifyTextPresent(WebUiBuiltInKeywords.groovy:1723)
	at com.kms.katalon.core.webui.keyword.WebUiBuiltInKeywords$verifyTextPresent$5.call(Unknown Source)
	at VerifyDashboardLinks_UI_TC.run(VerifyDashboardLinks_UI_TC:55)
	at com.kms.katalon.core.main.ScriptEngine.run(ScriptEngine.java:194)
	at com.kms.katalon.core.main.ScriptEngine.runScriptAsRawText(ScriptEngine.java:119)
	at com.kms.katalon.core.main.TestCaseExecutor.runScript(TestCaseExecutor.java:448)
	at com.kms.katalon.core.main.TestCaseExecutor.doExecute(TestCaseExecutor.java:439)
	at com.kms.katalon.core.main.TestCaseExecutor.processExecutionPhase(TestCaseExecutor.java:418)
	at com.kms.katalon.core.main.TestCaseExecutor.accessMainPhase(TestCaseExecutor.java:410)
	at com.kms.katalon.core.main.TestCaseExecutor.execute(TestCaseExecutor.java:285)
	at com.kms.katalon.core.common.CommonExecutor.accessTestCaseMainPhase(CommonExecutor.java:65)
	at com.kms.katalon.core.main.TestSuiteExecutor.accessTestSuiteMainPhase(TestSuiteExecutor.java:148)
	at com.kms.katalon.core.main.TestSuiteExecutor.execute(TestSuiteExecutor.java:106)
	at com.kms.katalon.core.main.TestCaseMain.startTestSuite(TestCaseMain.java:187)
	at com.kms.katalon.core.main.TestCaseMain$startTestSuite$0.call(Unknown Source)
	at TempTestSuite1720925817697.run(TempTestSuite1720925817697.groovy:35)
Caused by: com.kms.katalon.core.exception.StepFailedException: Text 'Velocity Payment System Version 2023-1 - Copyright © 2024 Govolution, LLC' is not present on page  using regular expression
	... 23 more]]></system-err>
   </testsuite>
</testsuites>
