<?xml version="1.0" encoding="UTF-8"?>
<testsuites name="RAD_UI_TestSuite" time="23.759" tests="1" failures="0" errors="0">
   <testsuite name="RAD_UI_TestSuite" tests="1" failures="0" errors="0" time="23.759" skipped="0" timestamp="2021-10-19 13:31:26" hostname="iahmed - DESKTOP-B2QI6NS.govolution.com" id="Test Suites/RAD_TestSuite/RAD_UI_TestSuite">
      <properties>
         <property name="deviceName" value=""/>
         <property name="devicePlatform" value=""/>
         <property name="logFolder" value="E:\\Cloned-Project-Katalon\\VPS-Katalon\\Reports\\20211019_133123\\RAD_TestSuite\\RAD_UI_TestSuite\\20211019_133123"/>
         <property name="logFiles" value="E:\\Cloned-Project-Katalon\\VPS-Katalon\\Reports\\20211019_133123\\RAD_TestSuite\\RAD_UI_TestSuite\\20211019_133123\\execution0.log"/>
         <property name="attachments" value=""/>
         <property name="hostName" value="iahmed - DESKTOP-B2QI6NS.govolution.com"/>
         <property name="os" value="Windows 10 64bit"/>
         <property name="katalonVersion" value="8.0.5.208"/>
         <property name="browser" value="Chrome 94.0.4606.81"/>
         <property name="hostAddress" value="172.30.2.167"/>
         <property name="sessionId" value="a84cc589c5f808b8476ccb770fb454b2"/>
         <property name="seleniumVersion" value="3.141.59"/>
         <property name="proxyInformation" value="ProxyInformation { proxyOption=NO_PROXY, proxyServerType=HTTP, username=, password=********, proxyServerAddress=, proxyServerPort=0, executionList=&quot;&quot;, isApplyToDesiredCapabilities=true }"/>
         <property name="platform" value="Windows 10"/>
      </properties>
      <testcase name="Test Cases/RAD_TestCases/Negative_TestCases/TaxPayerSSNNoMatch" time="22.022" classname="Test Cases/RAD_TestCases/Negative_TestCases/TaxPayerSSNNoMatch" status="PASSED">
         <system-out><![CDATA[2021-10-19 13:31:26 - [TEST_CASE][PASSED] - Test Cases/RAD_TestCases/Negative_TestCases/TaxPayerSSNNoMatch: Test Cases/RAD_TestCases/Negative_TestCases/TaxPayerSSNNoMatch

2021-10-19 13:31:27 - [TEST_STEP][PASSED] - resText = "Fail": null

2021-10-19 13:31:27 - [TEST_STEP][PASSED] - resColumn = "Result": null

2021-10-19 13:31:27 - [TEST_STEP][PASSED] - datCloumn = "Date": null

2021-10-19 13:31:27 - [TEST_STEP][PASSED] - fileLoc = "C:\KatalonData\RADTestData\TaxPayerSSNNoMatch.xlsx": null

2021-10-19 13:31:27 - [TEST_STEP][PASSED] - nameSheet = "Sheet1": null

2021-10-19 13:31:27 - [TEST_STEP][PASSED] - dataFile = "RADTestData/TaxPayerSSNNoMatch": null

2021-10-19 13:31:27 - [TEST_STEP][PASSED] - ExecuteTC = <not implemented yet for class: org.codehaus.groovy.ast.expr.EmptyExpression>: null

2021-10-19 13:31:27 - [TEST_STEP][PASSED] - Taxtype = <not implemented yet for class: org.codehaus.groovy.ast.expr.EmptyExpression>: null

2021-10-19 13:31:27 - [TEST_STEP][PASSED] - numOfRows = findTestData(dataFile).getRowNumbers(): null

2021-10-19 13:31:28 - [TEST_STEP][PASSED] - println("Number of Records: " + numOfRows): null

2021-10-19 13:31:28 - [TEST_STEP][PASSED] - for ([row = 1, row <= numOfRows, (row++)]): null

2021-10-19 13:31:28 - [TEST_STEP][PASSED] - ExecuteTC = findTestData(dataFile).getValue("Execute", row): null

2021-10-19 13:31:28 - [TEST_STEP][PASSED] - out.println("Value of Execute is : " + ExecuteTC): null

2021-10-19 13:31:28 - [TEST_STEP][PASSED] - if (ExecuteTC.equalsIgnoreCase("Y")): null

2021-10-19 13:31:28 - [TEST_STEP][PASSED] - out.println("Begin Record Number: " + row): null

2021-10-19 13:31:28 - [TEST_STEP][PASSED] - today = new java.util.Date(): null

2021-10-19 13:31:28 - [TEST_STEP][PASSED] - println(today): null

2021-10-19 13:31:28 - [TEST_STEP][PASSED] - datText = today: null

2021-10-19 13:31:28 - [TEST_STEP][PASSED] - Taxtype = findTestData(dataFile).getValue("TaxType", row): null

2021-10-19 13:31:28 - [TEST_STEP][PASSED] - out.println("Taxtype value is : " + Taxtype): null

2021-10-19 13:31:28 - [TEST_STEP][PASSED] - openBrowser(""): Browser is opened with url: ''

2021-10-19 13:31:28 - [MESSAGE][INFO] - Starting 'Chrome' driver

2021-10-19 13:31:28 - [MESSAGE][INFO] - User set preference: ['acceptInsecureCerts', 'true']

2021-10-19 13:31:28 - [MESSAGE][INFO] - Action delay is set to 0 milliseconds

2021-10-19 13:31:31 - [MESSAGE][PASSED] - Browser is opened with url: ''

2021-10-19 13:31:31 - [TEST_STEP][PASSED] - maximizeWindow(): Current window maximized

2021-10-19 13:31:31 - [MESSAGE][PASSED] - Current window maximized

2021-10-19 13:31:31 - [TEST_STEP][PASSED] - navigateToUrl(RADurl): Navigate to 'https://qa.velocitypayment.com/client/rad/index.html' successfully

2021-10-19 13:31:33 - [MESSAGE][PASSED] - Navigate to 'https://qa.velocitypayment.com/client/rad/index.html' successfully

2021-10-19 13:31:33 - [TEST_STEP][PASSED] - orPath_Landing = "Object Repository/RAD_Pages/Landing_Page": null

2021-10-19 13:31:33 - [TEST_STEP][PASSED] - orPath_TaxTypeFilingYear = "Object Repository/RAD_Pages/TaxTypeFilingYear_Page": null

2021-10-19 13:31:33 - [TEST_STEP][PASSED] - orPath_TaxPayer = "Object Repository/RAD_Pages/Taxpayer_Page": null

2021-10-19 13:31:33 - [TEST_STEP][PASSED] - orPath_AddressContact = "Object Repository/RAD_Pages/AddressAndContactInfo_Page": null

2021-10-19 13:31:33 - [TEST_STEP][PASSED] - orPath_FilingStatus = "Object Repository/RAD_Pages/FilingStatus_Page": null

2021-10-19 13:31:33 - [TEST_STEP][PASSED] - orPath_Amount = "Object Repository/RAD_Pages/PaymentAmount_Page": null

2021-10-19 13:31:33 - [TEST_STEP][PASSED] - selectOptionByLabel(findTestObject(orPath_Landing + "/dd_TaxType"), Taxtype, false): All options with label 'Estimated Tax' are selected in object 'Object Repository/RAD_Pages/Landing_Page/dd_TaxType' 

2021-10-19 13:31:34 - [MESSAGE][PASSED] - All options with label 'Estimated Tax' are selected in object 'Object Repository/RAD_Pages/Landing_Page/dd_TaxType' 

2021-10-19 13:31:34 - [TEST_STEP][PASSED] - scrollToElement(findTestObject(orPath_TaxPayer + "/input_suffix"), 3): Scroll to object 'Object Repository/RAD_Pages/Taxpayer_Page/input_suffix' successfully

2021-10-19 13:31:35 - [MESSAGE][PASSED] - Scroll to object 'Object Repository/RAD_Pages/Taxpayer_Page/input_suffix' successfully

2021-10-19 13:31:35 - [TEST_STEP][PASSED] - setText(findTestObject(orPath_TaxPayer + "/input_PSSN"), "111111111"): Text '111111111' is set on object 'Object Repository/RAD_Pages/Taxpayer_Page/input_PSSN'

2021-10-19 13:31:35 - [MESSAGE][PASSED] - Text '111111111' is set on object 'Object Repository/RAD_Pages/Taxpayer_Page/input_PSSN'

2021-10-19 13:31:35 - [TEST_STEP][PASSED] - setText(findTestObject(orPath_TaxPayer + "/input_reEnterPSSN"), "222222222"): Text '222222222' is set on object 'Object Repository/RAD_Pages/Taxpayer_Page/input_reEnterPSSN'

2021-10-19 13:31:36 - [MESSAGE][PASSED] - Text '222222222' is set on object 'Object Repository/RAD_Pages/Taxpayer_Page/input_reEnterPSSN'

2021-10-19 13:31:36 - [TEST_STEP][PASSED] - delay(2): Delayed 2 second(s)

2021-10-19 13:31:38 - [MESSAGE][PASSED] - Delayed 2 second(s)

2021-10-19 13:31:38 - [TEST_STEP][PASSED] - if (verifyTextPresent("The SSN and Re-type SSN do not match", true)): null

2021-10-19 13:31:39 - [MESSAGE][PASSED] - Text 'The SSN and Re-type SSN do not match' is present on page  using regular expression

2021-10-19 13:31:39 - [TEST_STEP][PASSED] - println("Taxpayer SSN Dont match text is present"): null

2021-10-19 13:31:39 - [TEST_STEP][PASSED] - out.println("Pass Record Number: " + row): null

2021-10-19 13:31:39 - [TEST_STEP][PASSED] - resText = "Pass": null

2021-10-19 13:31:39 - [TEST_STEP][PASSED] - pages.WriteExcel.demoKey(resText, datText, resColumn, datCloumn, fileLoc, nameSheet, row): pages.WriteExcel.demoKey is PASSED

2021-10-19 13:31:39 - [MESSAGE][PASSED] - pages.WriteExcel.demoKey is PASSED

2021-10-19 13:31:39 - [TEST_STEP][PASSED] - ExecuteTC = findTestData(dataFile).getValue("Execute", row): null

2021-10-19 13:31:39 - [TEST_STEP][PASSED] - out.println("Value of Execute is : " + ExecuteTC): null

2021-10-19 13:31:39 - [TEST_STEP][PASSED] - if (ExecuteTC.equalsIgnoreCase("Y")): null

2021-10-19 13:31:39 - [TEST_STEP][PASSED] - else: pages.WriteExcel.demoKey is PASSED

2021-10-19 13:31:39 - [TEST_STEP][PASSED] - today = new java.util.Date(): null

2021-10-19 13:31:39 - [TEST_STEP][PASSED] - println(today): null

2021-10-19 13:31:39 - [TEST_STEP][PASSED] - datText = today: null

2021-10-19 13:31:39 - [TEST_STEP][PASSED] - resText = "No Run": null

2021-10-19 13:31:39 - [TEST_STEP][PASSED] - pages.WriteExcel.demoKey(resText, datText, resColumn, datCloumn, fileLoc, nameSheet, row): pages.WriteExcel.demoKey is PASSED

2021-10-19 13:31:39 - [MESSAGE][PASSED] - pages.WriteExcel.demoKey is PASSED

2021-10-19 13:31:39 - [TEST_STEP][PASSED] - ExecuteTC = findTestData(dataFile).getValue("Execute", row): null

2021-10-19 13:31:39 - [TEST_STEP][PASSED] - out.println("Value of Execute is : " + ExecuteTC): null

2021-10-19 13:31:39 - [TEST_STEP][PASSED] - if (ExecuteTC.equalsIgnoreCase("Y")): null

2021-10-19 13:31:39 - [TEST_STEP][PASSED] - out.println("Begin Record Number: " + row): null

2021-10-19 13:31:39 - [TEST_STEP][PASSED] - today = new java.util.Date(): null

2021-10-19 13:31:39 - [TEST_STEP][PASSED] - println(today): null

2021-10-19 13:31:39 - [TEST_STEP][PASSED] - datText = today: null

2021-10-19 13:31:39 - [TEST_STEP][PASSED] - Taxtype = findTestData(dataFile).getValue("TaxType", row): null

2021-10-19 13:31:39 - [TEST_STEP][PASSED] - out.println("Taxtype value is : " + Taxtype): null

2021-10-19 13:31:39 - [TEST_STEP][PASSED] - openBrowser(""): Browser is opened with url: ''

2021-10-19 13:31:39 - [MESSAGE][WARNING] - A browser is already opened. Closing browser and opening a new one

2021-10-19 13:31:40 - [MESSAGE][INFO] - Starting 'Chrome' driver

2021-10-19 13:31:40 - [MESSAGE][INFO] - User set preference: ['acceptInsecureCerts', 'true']

2021-10-19 13:31:40 - [MESSAGE][INFO] - Action delay is set to 0 milliseconds

2021-10-19 13:31:41 - [MESSAGE][PASSED] - Browser is opened with url: ''

2021-10-19 13:31:41 - [TEST_STEP][PASSED] - maximizeWindow(): Current window maximized

2021-10-19 13:31:42 - [MESSAGE][PASSED] - Current window maximized

2021-10-19 13:31:42 - [TEST_STEP][PASSED] - navigateToUrl(RADurl): Navigate to 'https://qa.velocitypayment.com/client/rad/index.html' successfully

2021-10-19 13:31:43 - [MESSAGE][PASSED] - Navigate to 'https://qa.velocitypayment.com/client/rad/index.html' successfully

2021-10-19 13:31:43 - [TEST_STEP][PASSED] - orPath_Landing = "Object Repository/RAD_Pages/Landing_Page": null

2021-10-19 13:31:43 - [TEST_STEP][PASSED] - orPath_TaxTypeFilingYear = "Object Repository/RAD_Pages/TaxTypeFilingYear_Page": null

2021-10-19 13:31:43 - [TEST_STEP][PASSED] - orPath_TaxPayer = "Object Repository/RAD_Pages/Taxpayer_Page": null

2021-10-19 13:31:43 - [TEST_STEP][PASSED] - orPath_AddressContact = "Object Repository/RAD_Pages/AddressAndContactInfo_Page": null

2021-10-19 13:31:43 - [TEST_STEP][PASSED] - orPath_FilingStatus = "Object Repository/RAD_Pages/FilingStatus_Page": null

2021-10-19 13:31:43 - [TEST_STEP][PASSED] - orPath_Amount = "Object Repository/RAD_Pages/PaymentAmount_Page": null

2021-10-19 13:31:43 - [TEST_STEP][PASSED] - selectOptionByLabel(findTestObject(orPath_Landing + "/dd_TaxType"), Taxtype, false): All options with label 'Extension Payments' are selected in object 'Object Repository/RAD_Pages/Landing_Page/dd_TaxType' 

2021-10-19 13:31:44 - [MESSAGE][PASSED] - All options with label 'Extension Payments' are selected in object 'Object Repository/RAD_Pages/Landing_Page/dd_TaxType' 

2021-10-19 13:31:44 - [TEST_STEP][PASSED] - scrollToElement(findTestObject(orPath_TaxPayer + "/input_suffix"), 3): Scroll to object 'Object Repository/RAD_Pages/Taxpayer_Page/input_suffix' successfully

2021-10-19 13:31:44 - [MESSAGE][PASSED] - Scroll to object 'Object Repository/RAD_Pages/Taxpayer_Page/input_suffix' successfully

2021-10-19 13:31:44 - [TEST_STEP][PASSED] - setText(findTestObject(orPath_TaxPayer + "/input_PSSN"), "111111111"): Text '111111111' is set on object 'Object Repository/RAD_Pages/Taxpayer_Page/input_PSSN'

2021-10-19 13:31:45 - [MESSAGE][PASSED] - Text '111111111' is set on object 'Object Repository/RAD_Pages/Taxpayer_Page/input_PSSN'

2021-10-19 13:31:45 - [TEST_STEP][PASSED] - setText(findTestObject(orPath_TaxPayer + "/input_reEnterPSSN"), "222222222"): Text '222222222' is set on object 'Object Repository/RAD_Pages/Taxpayer_Page/input_reEnterPSSN'

2021-10-19 13:31:46 - [MESSAGE][PASSED] - Text '222222222' is set on object 'Object Repository/RAD_Pages/Taxpayer_Page/input_reEnterPSSN'

2021-10-19 13:31:46 - [TEST_STEP][PASSED] - delay(2): Delayed 2 second(s)

2021-10-19 13:31:48 - [MESSAGE][PASSED] - Delayed 2 second(s)

2021-10-19 13:31:48 - [TEST_STEP][PASSED] - if (verifyTextPresent("The SSN and Re-type SSN do not match", true)): null

2021-10-19 13:31:48 - [MESSAGE][PASSED] - Text 'The SSN and Re-type SSN do not match' is present on page  using regular expression

2021-10-19 13:31:48 - [TEST_STEP][PASSED] - println("Taxpayer SSN Dont match text is present"): null

2021-10-19 13:31:48 - [TEST_STEP][PASSED] - out.println("Pass Record Number: " + row): null

2021-10-19 13:31:48 - [TEST_STEP][PASSED] - resText = "Pass": null

2021-10-19 13:31:48 - [TEST_STEP][PASSED] - pages.WriteExcel.demoKey(resText, datText, resColumn, datCloumn, fileLoc, nameSheet, row): pages.WriteExcel.demoKey is PASSED

2021-10-19 13:31:48 - [MESSAGE][PASSED] - pages.WriteExcel.demoKey is PASSED]]></system-out>
         <system-err><![CDATA[]]></system-err>
      </testcase>
      <system-out><![CDATA[2021-10-19 13:31:26 - [TEST_SUITE][PASSED] - RAD_UI_TestSuite: Test Cases/RAD_TestCases/Negative_TestCases/TaxPayerSSNNoMatch]]></system-out>
      <system-err><![CDATA[]]></system-err>
   </testsuite>
</testsuites>
