<?xml version="1.0" encoding="UTF-8"?>
<testsuites name="RAD_UI_TestSuite" time="4686.777" tests="6" failures="0" errors="0">
   <testsuite name="RAD_UI_TestSuite" tests="6" failures="0" errors="0" time="4686.777" skipped="0" timestamp="2024-02-06 16:19:44" hostname="imtiaz - DESKTOP-B2QI6NS.govolution.com" id="Test Suites/RAD_TestSuite/RAD_UI_TestSuite">
      <properties>
         <property name="deviceName" value=""/>
         <property name="devicePlatform" value=""/>
         <property name="logFolder" value="E:\\Cloned-Project-Katalon\\VPS-Katalon\\Reports\\20240206_161937\\RAD_TestSuite\\RAD_UI_TestSuite\\20240206_161937"/>
         <property name="logFiles" value="E:\\Cloned-Project-Katalon\\VPS-Katalon\\Reports\\20240206_161937\\RAD_TestSuite\\RAD_UI_TestSuite\\20240206_161937\\execution0.log, E:\\Cloned-Project-Katalon\\VPS-Katalon\\Reports\\20240206_161937\\RAD_TestSuite\\RAD_UI_TestSuite\\20240206_161937\\execution1.log"/>
         <property name="attachments" value=""/>
         <property name="hostName" value="imtiaz - DESKTOP-B2QI6NS.govolution.com"/>
         <property name="os" value="Windows 10 64bit"/>
         <property name="katalonVersion" value="8.6.6.208"/>
         <property name="browser" value="Chrome 121.0.0.0"/>
         <property name="hostAddress" value="172.31.253.184"/>
         <property name="sessionId" value="6d20a797bcde6491bb1724569b0c54d0"/>
         <property name="seleniumVersion" value="3.141.59"/>
         <property name="proxyInformation" value="ProxyInformation { proxyOption=NO_PROXY, proxyServerType=HTTP, username=, password=********, proxyServerAddress=, proxyServerPort=0, executionList=&quot;&quot;, isApplyToDesiredCapabilities=true }"/>
         <property name="platform" value="Windows 10"/>
      </properties>
      <testcase name="Test Cases/RAD_TestCases/BeforePayments_TestCases/Estimated_BeforePayments_TC" time="331.632" classname="Test Cases/RAD_TestCases/BeforePayments_TestCases/Estimated_BeforePayments_TC" status="PASSED">
         <system-out><![CDATA[2024-02-06 16:19:45 - [TEST_CASE][PASSED] - Test Cases/RAD_TestCases/BeforePayments_TestCases/Estimated_BeforePayments_TC: Test Cases/RAD_TestCases/BeforePayments_TestCases/Estimated_BeforePayments_TC

2024-02-06 16:19:45 - [TEST_STEP][PASSED] - resText = "Fail": null

2024-02-06 16:19:45 - [TEST_STEP][PASSED] - resColumn = "Result": null

2024-02-06 16:19:45 - [TEST_STEP][PASSED] - datCloumn = "Date": null

2024-02-06 16:19:45 - [TEST_STEP][PASSED] - fileLoc = "KatalonData/RADTestData/BeforePayments.xlsx": null

2024-02-06 16:19:45 - [TEST_STEP][PASSED] - nameSheet = "Estimated": null

2024-02-06 16:19:45 - [TEST_STEP][PASSED] - dataFile = "RADTestData/BeforePayments_Estimated": null

2024-02-06 16:19:45 - [TEST_STEP][PASSED] - orPath_Landing = "Object Repository/RAD_Pages/Landing_Page": null

2024-02-06 16:19:45 - [TEST_STEP][PASSED] - orPath_TaxTypeFilingYear = "Object Repository/RAD_Pages/TaxTypeFilingYear_Page": null

2024-02-06 16:19:45 - [TEST_STEP][PASSED] - orPath_Amount = "Object Repository/RAD_Pages/PaymentAmount_Page": null

2024-02-06 16:19:45 - [TEST_STEP][PASSED] - orPath_AddressContact = "Object Repository/RAD_Pages/AddressAndContactInfo_Page": null

2024-02-06 16:19:45 - [TEST_STEP][PASSED] - orPath_Summary = "Object Repository/RAD_Pages/Summary_Page": null

2024-02-06 16:19:45 - [TEST_STEP][PASSED] - orPath_PaymentConfirmation = "Object Repository/RAD_Pages/PaymentConfirmation_Page": null

2024-02-06 16:19:45 - [TEST_STEP][PASSED] - orPath_ServiceFeesAccept = "Object Repository/RAD_Pages/ServiceFeeAccept_Page": null

2024-02-06 16:19:45 - [TEST_STEP][PASSED] - orPath_PaymentEntry = "Object Repository/RAD_Pages/PaymentEntry_Page": null

2024-02-06 16:19:45 - [TEST_STEP][PASSED] - ExecuteTC = <not implemented yet for class: org.codehaus.groovy.ast.expr.EmptyExpression>: null

2024-02-06 16:19:45 - [TEST_STEP][PASSED] - TaxType = <not implemented yet for class: org.codehaus.groovy.ast.expr.EmptyExpression>: null

2024-02-06 16:19:45 - [TEST_STEP][PASSED] - PaymentType = <not implemented yet for class: org.codehaus.groovy.ast.expr.EmptyExpression>: null

2024-02-06 16:19:45 - [TEST_STEP][PASSED] - FilingYear = <not implemented yet for class: org.codehaus.groovy.ast.expr.EmptyExpression>: null

2024-02-06 16:19:45 - [TEST_STEP][PASSED] - PeriodEndingMonth = <not implemented yet for class: org.codehaus.groovy.ast.expr.EmptyExpression>: null

2024-02-06 16:19:45 - [TEST_STEP][PASSED] - feinSSN = <not implemented yet for class: org.codehaus.groovy.ast.expr.EmptyExpression>: null

2024-02-06 16:19:45 - [TEST_STEP][PASSED] - execProfile = getExecutionProfile(): null

2024-02-06 16:19:45 - [TEST_STEP][PASSED] - numOfRows = findTestData(dataFile).getRowNumbers(): null

2024-02-06 16:19:47 - [TEST_STEP][PASSED] - println("Number of Records: " + numOfRows): null

2024-02-06 16:19:47 - [TEST_STEP][PASSED] - for ([row = 1, row <= numOfRows, (row++)]): null

2024-02-06 16:19:47 - [TEST_STEP][PASSED] - ExecuteTC = findTestData(dataFile).getValue("Execute", row): null

2024-02-06 16:19:47 - [TEST_STEP][PASSED] - TaxType = findTestData(dataFile).getValue("TaxType", row): null

2024-02-06 16:19:47 - [TEST_STEP][PASSED] - PaymentType = findTestData(dataFile).getValue("PaymentType", row): null

2024-02-06 16:19:47 - [TEST_STEP][PASSED] - FilingYear = findTestData(dataFile).getValue("Year", row): null

2024-02-06 16:19:47 - [TEST_STEP][PASSED] - PeriodEndingMonth = findTestData(dataFile).getValue("Month", row): null

2024-02-06 16:19:47 - [TEST_STEP][PASSED] - feinSSN = findTestData(dataFile).getValue("FeinSsn", row): null

2024-02-06 16:19:47 - [TEST_STEP][PASSED] - if (ExecuteTC.equalsIgnoreCase("Y")): null

2024-02-06 16:19:47 - [TEST_STEP][PASSED] - out.println("Begin Record Number: " + row): null

2024-02-06 16:19:47 - [TEST_STEP][PASSED] - today = new java.util.Date(): null

2024-02-06 16:19:47 - [TEST_STEP][PASSED] - println(today): null

2024-02-06 16:19:47 - [TEST_STEP][PASSED] - datText = today: null

2024-02-06 16:19:47 - [TEST_STEP][PASSED] - logInfo("Payment Type: Quarterly Estimated Tax"): Payment Type: Quarterly Estimated Tax

2024-02-06 16:19:47 - [MESSAGE][INFO] - Payment Type: Quarterly Estimated Tax

2024-02-06 16:19:47 - [TEST_STEP][PASSED] - logInfo("Tax Type: " + TaxType): Tax Type: Corporate Income Tax

2024-02-06 16:19:47 - [MESSAGE][INFO] - Tax Type: Corporate Income Tax

2024-02-06 16:19:47 - [TEST_STEP][PASSED] - openBrowser(""): Browser is opened with url: ''

2024-02-06 16:19:48 - [MESSAGE][INFO] - Starting 'Chrome' driver

2024-02-06 16:19:48 - [MESSAGE][INFO] - User set preference: ['acceptInsecureCerts', 'true']

2024-02-06 16:19:48 - [MESSAGE][INFO] - Action delay is set to 0 milliseconds

2024-02-06 16:19:51 - [MESSAGE][PASSED] - Browser is opened with url: ''

2024-02-06 16:19:51 - [TEST_STEP][PASSED] - maximizeWindow(): Current window maximized

2024-02-06 16:19:51 - [MESSAGE][PASSED] - Current window maximized

2024-02-06 16:19:51 - [TEST_STEP][PASSED] - navigateToUrl(RADurl): Navigate to 'https://qa2.velocitypayment.com/client/rad/index.html' successfully

2024-02-06 16:19:52 - [MESSAGE][PASSED] - Navigate to 'https://qa2.velocitypayment.com/client/rad/index.html' successfully

2024-02-06 16:19:52 - [TEST_STEP][PASSED] - selectOptionByLabel(findTestObject(orPath_Landing + "/dd_TaxType"), "Quarterly Estimated Tax", false): All options with label 'Quarterly Estimated Tax' are selected in object 'Object Repository/RAD_Pages/Landing_Page/dd_TaxType' 

2024-02-06 16:19:55 - [MESSAGE][PASSED] - All options with label 'Quarterly Estimated Tax' are selected in object 'Object Repository/RAD_Pages/Landing_Page/dd_TaxType' 

2024-02-06 16:19:55 - [TEST_STEP][PASSED] - selectOptionByLabel(findTestObject(orPath_TaxTypeFilingYear + "/select_PaymentType"), TaxType, false): All options with label 'Corporate Income Tax' are selected in object 'Object Repository/RAD_Pages/TaxTypeFilingYear_Page/select_PaymentType' 

2024-02-06 16:19:55 - [MESSAGE][PASSED] - All options with label 'Corporate Income Tax' are selected in object 'Object Repository/RAD_Pages/TaxTypeFilingYear_Page/select_PaymentType' 

2024-02-06 16:19:55 - [TEST_STEP][PASSED] - selectOptionByLabel(findTestObject(orPath_TaxTypeFilingYear + "/select_FilingYear"), FilingYear, false): All options with label '2024' are selected in object 'Object Repository/RAD_Pages/TaxTypeFilingYear_Page/select_FilingYear' 

2024-02-06 16:19:56 - [MESSAGE][PASSED] - All options with label '2024' are selected in object 'Object Repository/RAD_Pages/TaxTypeFilingYear_Page/select_FilingYear' 

2024-02-06 16:19:56 - [TEST_STEP][PASSED] - selectOptionByLabel(findTestObject(orPath_TaxTypeFilingYear + "/select_PeriodEnding"), PeriodEndingMonth, false): All options with label 'March' are selected in object 'Object Repository/RAD_Pages/TaxTypeFilingYear_Page/select_PeriodEnding' 

2024-02-06 16:19:57 - [MESSAGE][PASSED] - All options with label 'March' are selected in object 'Object Repository/RAD_Pages/TaxTypeFilingYear_Page/select_PeriodEnding' 

2024-02-06 16:19:57 - [TEST_STEP][PASSED] - rad.getSetDataRAD.setDataRADBusinessName(): rad.getSetDataRAD.setDataRADBusinessName is PASSED

2024-02-06 16:19:58 - [MESSAGE][PASSED] - Text 'My Company' is set on object 'Object Repository/RAD_Pages/Taxpayer_Page/input_businessName'

2024-02-06 16:19:58 - [MESSAGE][PASSED] - rad.getSetDataRAD.setDataRADBusinessName is PASSED

2024-02-06 16:19:58 - [TEST_STEP][PASSED] - rad.getSetDataRAD.setDataRADBusinessRep(): rad.getSetDataRAD.setDataRADBusinessRep is PASSED

2024-02-06 16:19:59 - [MESSAGE][PASSED] - Text 'BusRepFname' is set on object 'Object Repository/RAD_Pages/Taxpayer_Page/input_BusinessRepfirstName'

2024-02-06 16:20:00 - [MESSAGE][PASSED] - Text '' is set on object 'Object Repository/RAD_Pages/Taxpayer_Page/input_BusinessRepmiddleName'

2024-02-06 16:20:00 - [MESSAGE][PASSED] - Text 'BusRepLname' is set on object 'Object Repository/RAD_Pages/Taxpayer_Page/input_BusinessReplastName'

2024-02-06 16:20:01 - [MESSAGE][PASSED] - Text '' is set on object 'Object Repository/RAD_Pages/Taxpayer_Page/input_BusinessRepsuffix'

2024-02-06 16:20:01 - [MESSAGE][PASSED] - rad.getSetDataRAD.setDataRADBusinessRep is PASSED

2024-02-06 16:20:01 - [TEST_STEP][PASSED] - rad.getSetDataRAD.setDataRADAddress(): rad.getSetDataRAD.setDataRADAddress is PASSED

2024-02-06 16:20:02 - [MESSAGE][PASSED] - All options with label 'United States' are selected in object 'Object Repository/RAD_Pages/AddressAndContactInfo_Page/select_Country' 

2024-02-06 16:20:03 - [MESSAGE][PASSED] - Text '2508 Mandan Terrace' is set on object 'Object Repository/RAD_Pages/AddressAndContactInfo_Page/input_streetAddress1'

2024-02-06 16:20:03 - [MESSAGE][PASSED] - Text '' is set on object 'Object Repository/RAD_Pages/AddressAndContactInfo_Page/input_streetAddress2'

2024-02-06 16:20:04 - [MESSAGE][PASSED] - Text 'Gambrills' is set on object 'Object Repository/RAD_Pages/AddressAndContactInfo_Page/input_city'

2024-02-06 16:20:05 - [MESSAGE][PASSED] - All options with label 'Maryland' are selected in object 'Object Repository/RAD_Pages/AddressAndContactInfo_Page/select_State' 

2024-02-06 16:20:06 - [MESSAGE][PASSED] - Text '21054' is set on object 'Object Repository/RAD_Pages/AddressAndContactInfo_Page/input_zipCode'

2024-02-06 16:20:06 - [MESSAGE][PASSED] - Text '(703) 894-5000' is set on object 'Object Repository/RAD_Pages/AddressAndContactInfo_Page/input_phoneNumber'

2024-02-06 16:20:07 - [MESSAGE][PASSED] - Text 'iahmed@govolution.com' is set on object 'Object Repository/RAD_Pages/AddressAndContactInfo_Page/input_eMailAddress'

2024-02-06 16:20:08 - [MESSAGE][PASSED] - Text 'iahmed@govolution.com' is set on object 'Object Repository/RAD_Pages/AddressAndContactInfo_Page/input_reEnterEMailAddress'

2024-02-06 16:20:08 - [MESSAGE][PASSED] - rad.getSetDataRAD.setDataRADAddress is PASSED

2024-02-06 16:20:08 - [TEST_STEP][PASSED] - if (feinSSN.equalsIgnoreCase("Y")): null

2024-02-06 16:20:08 - [TEST_STEP][PASSED] - else: rad.getSetDataRAD.setDataRADFEIN is PASSED

2024-02-06 16:20:08 - [TEST_STEP][PASSED] - rad.getSetDataRAD.setDataRADFEIN(): rad.getSetDataRAD.setDataRADFEIN is PASSED

2024-02-06 16:20:09 - [MESSAGE][PASSED] - Text ****** has been set on object 'Object Repository/RAD_Pages/TaxInfo_Page/input_FederalEIN'

2024-02-06 16:20:10 - [MESSAGE][PASSED] - Text ****** has been set on object 'Object Repository/RAD_Pages/TaxInfo_Page/input_FederalEIN_ReEnter'

2024-02-06 16:20:10 - [MESSAGE][PASSED] - rad.getSetDataRAD.setDataRADFEIN is PASSED

2024-02-06 16:20:10 - [TEST_STEP][PASSED] - setText(findTestObject(orPath_Amount + "/input__paymentAmount"), "10.00"): Text '10.00' is set on object 'Object Repository/RAD_Pages/PaymentAmount_Page/input__paymentAmount'

2024-02-06 16:20:10 - [MESSAGE][PASSED] - Text '10.00' is set on object 'Object Repository/RAD_Pages/PaymentAmount_Page/input__paymentAmount'

2024-02-06 16:20:10 - [TEST_STEP][PASSED] - setText(findTestObject(orPath_AddressContact + "/input_streetAddress2"), ""): Text '' is set on object 'Object Repository/RAD_Pages/AddressAndContactInfo_Page/input_streetAddress2'

2024-02-06 16:20:11 - [MESSAGE][PASSED] - Text '' is set on object 'Object Repository/RAD_Pages/AddressAndContactInfo_Page/input_streetAddress2'

2024-02-06 16:20:11 - [TEST_STEP][PASSED] - scrollToElement(findTestObject(orPath_Landing + "/button_Continue"), 3): Scroll to object 'Object Repository/RAD_Pages/Landing_Page/button_Continue' successfully

2024-02-06 16:20:12 - [MESSAGE][PASSED] - Scroll to object 'Object Repository/RAD_Pages/Landing_Page/button_Continue' successfully

2024-02-06 16:20:12 - [TEST_STEP][PASSED] - waitForElementClickable(findTestObject(orPath_Landing + "/button_Continue"), 5): Object 'Object Repository/RAD_Pages/Landing_Page/button_Continue' is clickable

2024-02-06 16:20:12 - [MESSAGE][PASSED] - Object 'Object Repository/RAD_Pages/Landing_Page/button_Continue' is clickable

2024-02-06 16:20:12 - [TEST_STEP][PASSED] - click(findTestObject(orPath_Landing + "/button_Continue")): Object: 'Object Repository/RAD_Pages/Landing_Page/button_Continue' is clicked on

2024-02-06 16:20:13 - [MESSAGE][PASSED] - Object: 'Object Repository/RAD_Pages/Landing_Page/button_Continue' is clicked on

2024-02-06 16:20:13 - [TEST_STEP][PASSED] - delay(2): Delayed 2 second(s)

2024-02-06 16:20:15 - [MESSAGE][PASSED] - Delayed 2 second(s)

2024-02-06 16:20:15 - [TEST_STEP][PASSED] - click(findTestObject(orPath_Summary + "/button_Proceed to Payment")): Object: 'Object Repository/RAD_Pages/Summary_Page/button_Proceed to Payment' is clicked on

2024-02-06 16:20:16 - [MESSAGE][PASSED] - Object: 'Object Repository/RAD_Pages/Summary_Page/button_Proceed to Payment' is clicked on

2024-02-06 16:20:16 - [TEST_STEP][PASSED] - if (verifyElementPresent(findTestObject("Object Repository/RAD_Pages/PaymentEntry_Page/input__billingName"), 30)): null

2024-02-06 16:20:17 - [MESSAGE][PASSED] - Object 'Object Repository/RAD_Pages/PaymentEntry_Page/input__billingName' is present

2024-02-06 16:20:17 - [TEST_STEP][PASSED] - verifyTextPresent("Comptroller of Maryland", true): Text 'Comptroller of Maryland' is present on page  using regular expression

2024-02-06 16:20:17 - [MESSAGE][PASSED] - Text 'Comptroller of Maryland' is present on page  using regular expression

2024-02-06 16:20:17 - [TEST_STEP][PASSED] - verifyTextPresent("Revenue Administration Division", true): Text 'Revenue Administration Division' is present on page  using regular expression

2024-02-06 16:20:18 - [MESSAGE][PASSED] - Text 'Revenue Administration Division' is present on page  using regular expression

2024-02-06 16:20:18 - [TEST_STEP][PASSED] - verifyTextPresent("Payment Information", true): Text 'Payment Information' is present on page  using regular expression

2024-02-06 16:20:18 - [MESSAGE][PASSED] - Text 'Payment Information' is present on page  using regular expression

2024-02-06 16:20:18 - [TEST_STEP][PASSED] - card_Name = getAttribute(findTestObject("Object Repository/RAD_Pages/PaymentEntry_Page/input__billingName"), "value"): Attribute 'value' of object 'Object Repository/RAD_Pages/PaymentEntry_Page/input__billingName' is: 'BusRepFname BusRepLname'

2024-02-06 16:20:18 - [MESSAGE][PASSED] - Attribute 'value' of object 'Object Repository/RAD_Pages/PaymentEntry_Page/input__billingName' is: 'BusRepFname BusRepLname'

2024-02-06 16:20:18 - [TEST_STEP][PASSED] - verifyMatch("BusRepFname BusRepLname", card_Name, false): Actual text 'BusRepFname BusRepLname' and expected text 'BusRepFname BusRepLname' are matched 

2024-02-06 16:20:18 - [MESSAGE][PASSED] - Actual text 'BusRepFname BusRepLname' and expected text 'BusRepFname BusRepLname' are matched 

2024-02-06 16:20:18 - [TEST_STEP][PASSED] - AL1 = getAttribute(findTestObject("Object Repository/RAD_Pages/PaymentEntry_Page/input_billingAddress"), "value"): Attribute 'value' of object 'Object Repository/RAD_Pages/PaymentEntry_Page/input_billingAddress' is: '2508 Mandan Terrace'

2024-02-06 16:20:19 - [MESSAGE][PASSED] - Attribute 'value' of object 'Object Repository/RAD_Pages/PaymentEntry_Page/input_billingAddress' is: '2508 Mandan Terrace'

2024-02-06 16:20:19 - [TEST_STEP][PASSED] - verifyMatch("2508 Mandan Terrace", AL1, false): Actual text '2508 Mandan Terrace' and expected text '2508 Mandan Terrace' are matched 

2024-02-06 16:20:19 - [MESSAGE][PASSED] - Actual text '2508 Mandan Terrace' and expected text '2508 Mandan Terrace' are matched 

2024-02-06 16:20:19 - [TEST_STEP][PASSED] - AL2 = getAttribute(findTestObject("Object Repository/RAD_Pages/PaymentEntry_Page/input_billingAddress2"), "value"): Attribute 'value' of object 'Object Repository/RAD_Pages/PaymentEntry_Page/input_billingAddress2' is: ''

2024-02-06 16:20:19 - [MESSAGE][PASSED] - Attribute 'value' of object 'Object Repository/RAD_Pages/PaymentEntry_Page/input_billingAddress2' is: ''

2024-02-06 16:20:19 - [TEST_STEP][PASSED] - verifyMatch("", AL2, false): Actual text '' and expected text '' are matched 

2024-02-06 16:20:19 - [MESSAGE][PASSED] - Actual text '' and expected text '' are matched 

2024-02-06 16:20:19 - [TEST_STEP][PASSED] - zipCode = getAttribute(findTestObject("Object Repository/RAD_Pages/PaymentEntry_Page/input_billingZip"), "value"): Attribute 'value' of object 'Object Repository/RAD_Pages/PaymentEntry_Page/input_billingZip' is: '21054'

2024-02-06 16:20:19 - [MESSAGE][PASSED] - Attribute 'value' of object 'Object Repository/RAD_Pages/PaymentEntry_Page/input_billingZip' is: '21054'

2024-02-06 16:20:19 - [TEST_STEP][PASSED] - verifyMatch("21054", zipCode, false): Actual text '21054' and expected text '21054' are matched 

2024-02-06 16:20:19 - [MESSAGE][PASSED] - Actual text '21054' and expected text '21054' are matched 

2024-02-06 16:20:19 - [TEST_STEP][PASSED] - city = getAttribute(findTestObject("Object Repository/RAD_Pages/PaymentEntry_Page/input_billingCity"), "value"): Attribute 'value' of object 'Object Repository/RAD_Pages/PaymentEntry_Page/input_billingCity' is: 'GAMBRILLS'

2024-02-06 16:20:20 - [MESSAGE][PASSED] - Attribute 'value' of object 'Object Repository/RAD_Pages/PaymentEntry_Page/input_billingCity' is: 'GAMBRILLS'

2024-02-06 16:20:20 - [TEST_STEP][PASSED] - verifyMatch("GAMBRILLS", city, false): Actual text 'GAMBRILLS' and expected text 'GAMBRILLS' are matched 

2024-02-06 16:20:20 - [MESSAGE][PASSED] - Actual text 'GAMBRILLS' and expected text 'GAMBRILLS' are matched 

2024-02-06 16:20:20 - [TEST_STEP][PASSED] - email = getAttribute(findTestObject("Object Repository/RAD_Pages/PaymentEntry_Page/input_emailAddress"), "value"): Attribute 'value' of object 'Object Repository/RAD_Pages/PaymentEntry_Page/input_emailAddress' is: 'iahmed@govolution.com'

2024-02-06 16:20:20 - [MESSAGE][PASSED] - Attribute 'value' of object 'Object Repository/RAD_Pages/PaymentEntry_Page/input_emailAddress' is: 'iahmed@govolution.com'

2024-02-06 16:20:20 - [TEST_STEP][PASSED] - verifyMatch("iahmed@govolution.com", email, false): Actual text 'iahmed@govolution.com' and expected text 'iahmed@govolution.com' are matched 

2024-02-06 16:20:20 - [MESSAGE][PASSED] - Actual text 'iahmed@govolution.com' and expected text 'iahmed@govolution.com' are matched 

2024-02-06 16:20:20 - [TEST_STEP][PASSED] - amount = getAttribute(findTestObject("Object Repository/RAD_Pages/PaymentEntry_Page/input_amount"), "value"): Attribute 'value' of object 'Object Repository/RAD_Pages/PaymentEntry_Page/input_amount' is: '10.00'

2024-02-06 16:20:20 - [MESSAGE][PASSED] - Attribute 'value' of object 'Object Repository/RAD_Pages/PaymentEntry_Page/input_amount' is: '10.00'

2024-02-06 16:20:20 - [TEST_STEP][PASSED] - verifyMatch("10.00", amount, false): Actual text '10.00' and expected text '10.00' are matched 

2024-02-06 16:20:20 - [MESSAGE][PASSED] - Actual text '10.00' and expected text '10.00' are matched 

2024-02-06 16:20:20 - [TEST_STEP][PASSED] - amountReadOnly = getAttribute(findTestObject("Object Repository/RAD_Pages/PaymentEntry_Page/input_amount"), "readonly"): Attribute 'readonly' of object 'Object Repository/RAD_Pages/PaymentEntry_Page/input_amount' is: 'true'

2024-02-06 16:20:21 - [MESSAGE][PASSED] - Attribute 'readonly' of object 'Object Repository/RAD_Pages/PaymentEntry_Page/input_amount' is: 'true'

2024-02-06 16:20:21 - [TEST_STEP][PASSED] - verifyMatch("true", amountReadOnly, false): Actual text 'true' and expected text 'true' are matched 

2024-02-06 16:20:21 - [MESSAGE][PASSED] - Actual text 'true' and expected text 'true' are matched 

2024-02-06 16:20:21 - [TEST_STEP][PASSED] - verifyOptionSelectedByLabel(findTestObject("Object Repository/RAD_Pages/PaymentEntry_Page/select_Country"), "United States", false, 20): All options with label 'United States' are selected in object 'Object Repository/RAD_Pages/PaymentEntry_Page/select_Country' 

2024-02-06 16:20:22 - [MESSAGE][PASSED] - All options with label 'United States' are selected in object 'Object Repository/RAD_Pages/PaymentEntry_Page/select_Country' 

2024-02-06 16:20:22 - [TEST_STEP][PASSED] - verifyOptionSelectedByLabel(findTestObject("Object Repository/RAD_Pages/PaymentEntry_Page/select_State"), "Maryland", false, 20): All options with label 'Maryland' are selected in object 'Object Repository/RAD_Pages/PaymentEntry_Page/select_State' 

2024-02-06 16:20:25 - [MESSAGE][PASSED] - All options with label 'Maryland' are selected in object 'Object Repository/RAD_Pages/PaymentEntry_Page/select_State' 

2024-02-06 16:20:25 - [TEST_STEP][PASSED] - setText(findTestObject(orPath_PaymentEntry + "/input__cardNumber"), "4111111111111111"): Text '4111111111111111' is set on object 'Object Repository/RAD_Pages/PaymentEntry_Page/input__cardNumber'

2024-02-06 16:20:25 - [MESSAGE][PASSED] - Text '4111111111111111' is set on object 'Object Repository/RAD_Pages/PaymentEntry_Page/input__cardNumber'

2024-02-06 16:20:25 - [TEST_STEP][PASSED] - setText(findTestObject(orPath_PaymentEntry + "/input__spc"), "123"): Text '123' is set on object 'Object Repository/RAD_Pages/PaymentEntry_Page/input__spc'

2024-02-06 16:20:26 - [MESSAGE][PASSED] - Text '123' is set on object 'Object Repository/RAD_Pages/PaymentEntry_Page/input__spc'

2024-02-06 16:20:26 - [TEST_STEP][PASSED] - selectOptionByLabel(findTestObject(orPath_PaymentEntry + "/select_MM"), "12", false): All options with label '12' are selected in object 'Object Repository/RAD_Pages/PaymentEntry_Page/select_MM' 

2024-02-06 16:20:27 - [MESSAGE][PASSED] - All options with label '12' are selected in object 'Object Repository/RAD_Pages/PaymentEntry_Page/select_MM' 

2024-02-06 16:20:27 - [TEST_STEP][PASSED] - selectOptionByLabel(findTestObject(orPath_PaymentEntry + "/select_YYYY"), "2028", false): All options with label '2028' are selected in object 'Object Repository/RAD_Pages/PaymentEntry_Page/select_YYYY' 

2024-02-06 16:20:27 - [MESSAGE][PASSED] - All options with label '2028' are selected in object 'Object Repository/RAD_Pages/PaymentEntry_Page/select_YYYY' 

2024-02-06 16:20:27 - [TEST_STEP][PASSED] - click(findTestObject(orPath_PaymentEntry + "/input_Field_ccSubmit")): Object: 'Object Repository/RAD_Pages/PaymentEntry_Page/input_Field_ccSubmit' is clicked on

2024-02-06 16:20:29 - [MESSAGE][PASSED] - Object: 'Object Repository/RAD_Pages/PaymentEntry_Page/input_Field_ccSubmit' is clicked on

2024-02-06 16:20:29 - [TEST_STEP][PASSED] - click(findTestObject(orPath_PaymentConfirmation + "/input_N_confirmNotifyAction")): Object: 'Object Repository/RAD_Pages/PaymentConfirmation_Page/input_N_confirmNotifyAction' is clicked on

2024-02-06 16:20:30 - [MESSAGE][PASSED] - Object: 'Object Repository/RAD_Pages/PaymentConfirmation_Page/input_N_confirmNotifyAction' is clicked on

2024-02-06 16:20:30 - [TEST_STEP][PASSED] - verifyTextPresent("Service Fee Acceptance", true): Text 'Service Fee Acceptance' is present on page  using regular expression

2024-02-06 16:20:30 - [MESSAGE][PASSED] - Text 'Service Fee Acceptance' is present on page  using regular expression

2024-02-06 16:20:30 - [TEST_STEP][PASSED] - verifyTextPresent("This transaction is subject to a Service Fee of ", true): Text 'This transaction is subject to a Service Fee of ' is present on page  using regular expression

2024-02-06 16:20:31 - [MESSAGE][PASSED] - Text 'This transaction is subject to a Service Fee of ' is present on page  using regular expression

2024-02-06 16:20:31 - [TEST_STEP][PASSED] - verifyTextPresent("Payment Amount:", true): Text 'Payment Amount:' is present on page  using regular expression

2024-02-06 16:20:31 - [MESSAGE][PASSED] - Text 'Payment Amount:' is present on page  using regular expression

2024-02-06 16:20:31 - [TEST_STEP][PASSED] - verifyTextPresent("10.00", true): Text '10.00' is present on page  using regular expression

2024-02-06 16:20:31 - [MESSAGE][PASSED] - Text '10.00' is present on page  using regular expression

2024-02-06 16:20:31 - [TEST_STEP][PASSED] - verifyTextPresent("Service Fee:", true): Text 'Service Fee:' is present on page  using regular expression

2024-02-06 16:20:31 - [MESSAGE][PASSED] - Text 'Service Fee:' is present on page  using regular expression

2024-02-06 16:20:31 - [TEST_STEP][PASSED] - verifyTextPresent("1.00", true): Text '1.00' is present on page  using regular expression

2024-02-06 16:20:32 - [MESSAGE][PASSED] - Text '1.00' is present on page  using regular expression

2024-02-06 16:20:32 - [TEST_STEP][PASSED] - verifyTextPresent("Total Amount:", true): Text 'Total Amount:' is present on page  using regular expression

2024-02-06 16:20:32 - [MESSAGE][PASSED] - Text 'Total Amount:' is present on page  using regular expression

2024-02-06 16:20:32 - [TEST_STEP][PASSED] - verifyTextPresent("11.00", true): Text '11.00' is present on page  using regular expression

2024-02-06 16:20:32 - [MESSAGE][PASSED] - Text '11.00' is present on page  using regular expression

2024-02-06 16:20:32 - [TEST_STEP][PASSED] - verifyTextPresent("Two transactions will appear on your bank statement, one in the amount of", true): Text 'Two transactions will appear on your bank statement, one in the amount of' is present on page  using regular expression

2024-02-06 16:20:33 - [MESSAGE][PASSED] - Text 'Two transactions will appear on your bank statement, one in the amount of' is present on page  using regular expression

2024-02-06 16:20:33 - [TEST_STEP][PASSED] - if (verifyElementPresent(findTestObject(orPath_ServiceFeesAccept + "/input_convFeeNotifyAction"), 30)): null

2024-02-06 16:20:33 - [MESSAGE][PASSED] - Object 'Object Repository/RAD_Pages/ServiceFeeAccept_Page/input_convFeeNotifyAction' is present

2024-02-06 16:20:33 - [TEST_STEP][PASSED] - resText = "Pass": null

2024-02-06 16:20:33 - [TEST_STEP][PASSED] - pages.WriteExcel.demoKey(resText, datText, resColumn, datCloumn, fileLoc, nameSheet, row): pages.WriteExcel.demoKey is PASSED

2024-02-06 16:20:33 - [MESSAGE][PASSED] - pages.WriteExcel.demoKey is PASSED

2024-02-06 16:20:33 - [TEST_STEP][PASSED] - if (execProfile == "QAProfile" || execProfile == "QA2Profile"): Text 'Successful Payment Receipt' is present on page  using regular expression

2024-02-06 16:20:33 - [TEST_STEP][PASSED] - click(findTestObject(orPath_ServiceFeesAccept + "/input_convFeeNotifyAction")): Object: 'Object Repository/RAD_Pages/ServiceFeeAccept_Page/input_convFeeNotifyAction' is clicked on

2024-02-06 16:20:34 - [MESSAGE][PASSED] - Object: 'Object Repository/RAD_Pages/ServiceFeeAccept_Page/input_convFeeNotifyAction' is clicked on

2024-02-06 16:20:34 - [TEST_STEP][PASSED] - delay(10): Delayed 10 second(s)

2024-02-06 16:20:44 - [MESSAGE][PASSED] - Delayed 10 second(s)

2024-02-06 16:20:44 - [TEST_STEP][PASSED] - verifyTextPresent("Successful Payment Receipt", true): Text 'Successful Payment Receipt' is present on page  using regular expression

2024-02-06 16:20:45 - [MESSAGE][PASSED] - Text 'Successful Payment Receipt' is present on page  using regular expression

2024-02-06 16:20:45 - [TEST_STEP][PASSED] - ExecuteTC = findTestData(dataFile).getValue("Execute", row): null

2024-02-06 16:20:45 - [TEST_STEP][PASSED] - TaxType = findTestData(dataFile).getValue("TaxType", row): null

2024-02-06 16:20:45 - [TEST_STEP][PASSED] - PaymentType = findTestData(dataFile).getValue("PaymentType", row): null

2024-02-06 16:20:45 - [TEST_STEP][PASSED] - FilingYear = findTestData(dataFile).getValue("Year", row): null

2024-02-06 16:20:45 - [TEST_STEP][PASSED] - PeriodEndingMonth = findTestData(dataFile).getValue("Month", row): null

2024-02-06 16:20:45 - [TEST_STEP][PASSED] - feinSSN = findTestData(dataFile).getValue("FeinSsn", row): null

2024-02-06 16:20:45 - [TEST_STEP][PASSED] - if (ExecuteTC.equalsIgnoreCase("Y")): null

2024-02-06 16:20:45 - [TEST_STEP][PASSED] - out.println("Begin Record Number: " + row): null

2024-02-06 16:20:45 - [TEST_STEP][PASSED] - today = new java.util.Date(): null

2024-02-06 16:20:45 - [TEST_STEP][PASSED] - println(today): null

2024-02-06 16:20:45 - [TEST_STEP][PASSED] - datText = today: null

2024-02-06 16:20:45 - [TEST_STEP][PASSED] - logInfo("Payment Type: Quarterly Estimated Tax"): Payment Type: Quarterly Estimated Tax

2024-02-06 16:20:45 - [MESSAGE][INFO] - Payment Type: Quarterly Estimated Tax

2024-02-06 16:20:45 - [TEST_STEP][PASSED] - logInfo("Tax Type: " + TaxType): Tax Type: Fiduciary Tax

2024-02-06 16:20:45 - [MESSAGE][INFO] - Tax Type: Fiduciary Tax

2024-02-06 16:20:45 - [TEST_STEP][PASSED] - openBrowser(""): Browser is opened with url: ''

2024-02-06 16:20:45 - [MESSAGE][WARNING] - A browser is already opened. Closing browser and opening a new one

2024-02-06 16:20:46 - [MESSAGE][INFO] - Starting 'Chrome' driver

2024-02-06 16:20:46 - [MESSAGE][INFO] - User set preference: ['acceptInsecureCerts', 'true']

2024-02-06 16:20:46 - [MESSAGE][INFO] - Action delay is set to 0 milliseconds

2024-02-06 16:20:48 - [MESSAGE][PASSED] - Browser is opened with url: ''

2024-02-06 16:20:48 - [TEST_STEP][PASSED] - maximizeWindow(): Current window maximized

2024-02-06 16:20:48 - [MESSAGE][PASSED] - Current window maximized

2024-02-06 16:20:48 - [TEST_STEP][PASSED] - navigateToUrl(RADurl): Navigate to 'https://qa2.velocitypayment.com/client/rad/index.html' successfully

2024-02-06 16:20:50 - [MESSAGE][PASSED] - Navigate to 'https://qa2.velocitypayment.com/client/rad/index.html' successfully

2024-02-06 16:20:50 - [TEST_STEP][PASSED] - selectOptionByLabel(findTestObject(orPath_Landing + "/dd_TaxType"), "Quarterly Estimated Tax", false): All options with label 'Quarterly Estimated Tax' are selected in object 'Object Repository/RAD_Pages/Landing_Page/dd_TaxType' 

2024-02-06 16:20:51 - [MESSAGE][PASSED] - All options with label 'Quarterly Estimated Tax' are selected in object 'Object Repository/RAD_Pages/Landing_Page/dd_TaxType' 

2024-02-06 16:20:51 - [TEST_STEP][PASSED] - selectOptionByLabel(findTestObject(orPath_TaxTypeFilingYear + "/select_PaymentType"), TaxType, false): All options with label 'Fiduciary Tax' are selected in object 'Object Repository/RAD_Pages/TaxTypeFilingYear_Page/select_PaymentType' 

2024-02-06 16:20:52 - [MESSAGE][PASSED] - All options with label 'Fiduciary Tax' are selected in object 'Object Repository/RAD_Pages/TaxTypeFilingYear_Page/select_PaymentType' 

2024-02-06 16:20:52 - [TEST_STEP][PASSED] - selectOptionByLabel(findTestObject(orPath_TaxTypeFilingYear + "/select_FilingYear"), FilingYear, false): All options with label '2024' are selected in object 'Object Repository/RAD_Pages/TaxTypeFilingYear_Page/select_FilingYear' 

2024-02-06 16:20:52 - [MESSAGE][PASSED] - All options with label '2024' are selected in object 'Object Repository/RAD_Pages/TaxTypeFilingYear_Page/select_FilingYear' 

2024-02-06 16:20:52 - [TEST_STEP][PASSED] - selectOptionByLabel(findTestObject(orPath_TaxTypeFilingYear + "/select_PeriodEnding"), PeriodEndingMonth, false): All options with label 'May' are selected in object 'Object Repository/RAD_Pages/TaxTypeFilingYear_Page/select_PeriodEnding' 

2024-02-06 16:20:53 - [MESSAGE][PASSED] - All options with label 'May' are selected in object 'Object Repository/RAD_Pages/TaxTypeFilingYear_Page/select_PeriodEnding' 

2024-02-06 16:20:53 - [TEST_STEP][PASSED] - rad.getSetDataRAD.setDataRADBusinessName(): rad.getSetDataRAD.setDataRADBusinessName is PASSED

2024-02-06 16:20:54 - [MESSAGE][PASSED] - Text 'My Company' is set on object 'Object Repository/RAD_Pages/Taxpayer_Page/input_businessName'

2024-02-06 16:20:54 - [MESSAGE][PASSED] - rad.getSetDataRAD.setDataRADBusinessName is PASSED

2024-02-06 16:20:54 - [TEST_STEP][PASSED] - rad.getSetDataRAD.setDataRADBusinessRep(): rad.getSetDataRAD.setDataRADBusinessRep is PASSED

2024-02-06 16:20:55 - [MESSAGE][PASSED] - Text 'BusRepFname' is set on object 'Object Repository/RAD_Pages/Taxpayer_Page/input_BusinessRepfirstName'

2024-02-06 16:20:55 - [MESSAGE][PASSED] - Text '' is set on object 'Object Repository/RAD_Pages/Taxpayer_Page/input_BusinessRepmiddleName'

2024-02-06 16:20:56 - [MESSAGE][PASSED] - Text 'BusRepLname' is set on object 'Object Repository/RAD_Pages/Taxpayer_Page/input_BusinessReplastName'

2024-02-06 16:20:57 - [MESSAGE][PASSED] - Text '' is set on object 'Object Repository/RAD_Pages/Taxpayer_Page/input_BusinessRepsuffix'

2024-02-06 16:20:57 - [MESSAGE][PASSED] - rad.getSetDataRAD.setDataRADBusinessRep is PASSED

2024-02-06 16:20:57 - [TEST_STEP][PASSED] - rad.getSetDataRAD.setDataRADAddress(): rad.getSetDataRAD.setDataRADAddress is PASSED

2024-02-06 16:20:57 - [MESSAGE][PASSED] - All options with label 'United States' are selected in object 'Object Repository/RAD_Pages/AddressAndContactInfo_Page/select_Country' 

2024-02-06 16:20:58 - [MESSAGE][PASSED] - Text '2508 Mandan Terrace' is set on object 'Object Repository/RAD_Pages/AddressAndContactInfo_Page/input_streetAddress1'

2024-02-06 16:20:59 - [MESSAGE][PASSED] - Text '' is set on object 'Object Repository/RAD_Pages/AddressAndContactInfo_Page/input_streetAddress2'

2024-02-06 16:21:00 - [MESSAGE][PASSED] - Text 'Gambrills' is set on object 'Object Repository/RAD_Pages/AddressAndContactInfo_Page/input_city'

2024-02-06 16:21:01 - [MESSAGE][PASSED] - All options with label 'Maryland' are selected in object 'Object Repository/RAD_Pages/AddressAndContactInfo_Page/select_State' 

2024-02-06 16:21:01 - [MESSAGE][PASSED] - Text '21054' is set on object 'Object Repository/RAD_Pages/AddressAndContactInfo_Page/input_zipCode'

2024-02-06 16:21:02 - [MESSAGE][PASSED] - Text '(703) 894-5000' is set on object 'Object Repository/RAD_Pages/AddressAndContactInfo_Page/input_phoneNumber'

2024-02-06 16:21:03 - [MESSAGE][PASSED] - Text 'iahmed@govolution.com' is set on object 'Object Repository/RAD_Pages/AddressAndContactInfo_Page/input_eMailAddress'

2024-02-06 16:21:04 - [MESSAGE][PASSED] - Text 'iahmed@govolution.com' is set on object 'Object Repository/RAD_Pages/AddressAndContactInfo_Page/input_reEnterEMailAddress'

2024-02-06 16:21:04 - [MESSAGE][PASSED] - rad.getSetDataRAD.setDataRADAddress is PASSED

2024-02-06 16:21:04 - [TEST_STEP][PASSED] - if (feinSSN.equalsIgnoreCase("Y")): null

2024-02-06 16:21:04 - [TEST_STEP][PASSED] - else: rad.getSetDataRAD.setDataRADFEIN is PASSED

2024-02-06 16:21:04 - [TEST_STEP][PASSED] - rad.getSetDataRAD.setDataRADFEIN(): rad.getSetDataRAD.setDataRADFEIN is PASSED

2024-02-06 16:21:04 - [MESSAGE][PASSED] - Text ****** has been set on object 'Object Repository/RAD_Pages/TaxInfo_Page/input_FederalEIN'

2024-02-06 16:21:05 - [MESSAGE][PASSED] - Text ****** has been set on object 'Object Repository/RAD_Pages/TaxInfo_Page/input_FederalEIN_ReEnter'

2024-02-06 16:21:05 - [MESSAGE][PASSED] - rad.getSetDataRAD.setDataRADFEIN is PASSED

2024-02-06 16:21:05 - [TEST_STEP][PASSED] - setText(findTestObject(orPath_Amount + "/input__paymentAmount"), "10.00"): Text '10.00' is set on object 'Object Repository/RAD_Pages/PaymentAmount_Page/input__paymentAmount'

2024-02-06 16:21:06 - [MESSAGE][PASSED] - Text '10.00' is set on object 'Object Repository/RAD_Pages/PaymentAmount_Page/input__paymentAmount'

2024-02-06 16:21:06 - [TEST_STEP][PASSED] - setText(findTestObject(orPath_AddressContact + "/input_streetAddress2"), ""): Text '' is set on object 'Object Repository/RAD_Pages/AddressAndContactInfo_Page/input_streetAddress2'

2024-02-06 16:21:06 - [MESSAGE][PASSED] - Text '' is set on object 'Object Repository/RAD_Pages/AddressAndContactInfo_Page/input_streetAddress2'

2024-02-06 16:21:06 - [TEST_STEP][PASSED] - scrollToElement(findTestObject(orPath_Landing + "/button_Continue"), 3): Scroll to object 'Object Repository/RAD_Pages/Landing_Page/button_Continue' successfully

2024-02-06 16:21:07 - [MESSAGE][PASSED] - Scroll to object 'Object Repository/RAD_Pages/Landing_Page/button_Continue' successfully

2024-02-06 16:21:07 - [TEST_STEP][PASSED] - waitForElementClickable(findTestObject(orPath_Landing + "/button_Continue"), 5): Object 'Object Repository/RAD_Pages/Landing_Page/button_Continue' is clickable

2024-02-06 16:21:07 - [MESSAGE][PASSED] - Object 'Object Repository/RAD_Pages/Landing_Page/button_Continue' is clickable

2024-02-06 16:21:07 - [TEST_STEP][PASSED] - click(findTestObject(orPath_Landing + "/button_Continue")): Object: 'Object Repository/RAD_Pages/Landing_Page/button_Continue' is clicked on

2024-02-06 16:21:08 - [MESSAGE][PASSED] - Object: 'Object Repository/RAD_Pages/Landing_Page/button_Continue' is clicked on

2024-02-06 16:21:08 - [TEST_STEP][PASSED] - delay(2): Delayed 2 second(s)

2024-02-06 16:21:10 - [MESSAGE][PASSED] - Delayed 2 second(s)

2024-02-06 16:21:10 - [TEST_STEP][PASSED] - click(findTestObject(orPath_Summary + "/button_Proceed to Payment")): Object: 'Object Repository/RAD_Pages/Summary_Page/button_Proceed to Payment' is clicked on

2024-02-06 16:21:11 - [MESSAGE][PASSED] - Object: 'Object Repository/RAD_Pages/Summary_Page/button_Proceed to Payment' is clicked on

2024-02-06 16:21:11 - [TEST_STEP][PASSED] - if (verifyElementPresent(findTestObject("Object Repository/RAD_Pages/PaymentEntry_Page/input__billingName"), 30)): null

2024-02-06 16:21:12 - [MESSAGE][PASSED] - Object 'Object Repository/RAD_Pages/PaymentEntry_Page/input__billingName' is present

2024-02-06 16:21:12 - [TEST_STEP][PASSED] - verifyTextPresent("Comptroller of Maryland", true): Text 'Comptroller of Maryland' is present on page  using regular expression

2024-02-06 16:21:12 - [MESSAGE][PASSED] - Text 'Comptroller of Maryland' is present on page  using regular expression

2024-02-06 16:21:12 - [TEST_STEP][PASSED] - verifyTextPresent("Revenue Administration Division", true): Text 'Revenue Administration Division' is present on page  using regular expression

2024-02-06 16:21:12 - [MESSAGE][PASSED] - Text 'Revenue Administration Division' is present on page  using regular expression

2024-02-06 16:21:12 - [TEST_STEP][PASSED] - verifyTextPresent("Payment Information", true): Text 'Payment Information' is present on page  using regular expression

2024-02-06 16:21:13 - [MESSAGE][PASSED] - Text 'Payment Information' is present on page  using regular expression

2024-02-06 16:21:13 - [TEST_STEP][PASSED] - card_Name = getAttribute(findTestObject("Object Repository/RAD_Pages/PaymentEntry_Page/input__billingName"), "value"): Attribute 'value' of object 'Object Repository/RAD_Pages/PaymentEntry_Page/input__billingName' is: 'BusRepFname BusRepLname'

2024-02-06 16:21:13 - [MESSAGE][PASSED] - Attribute 'value' of object 'Object Repository/RAD_Pages/PaymentEntry_Page/input__billingName' is: 'BusRepFname BusRepLname'

2024-02-06 16:21:13 - [TEST_STEP][PASSED] - verifyMatch("BusRepFname BusRepLname", card_Name, false): Actual text 'BusRepFname BusRepLname' and expected text 'BusRepFname BusRepLname' are matched 

2024-02-06 16:21:13 - [MESSAGE][PASSED] - Actual text 'BusRepFname BusRepLname' and expected text 'BusRepFname BusRepLname' are matched 

2024-02-06 16:21:13 - [TEST_STEP][PASSED] - AL1 = getAttribute(findTestObject("Object Repository/RAD_Pages/PaymentEntry_Page/input_billingAddress"), "value"): Attribute 'value' of object 'Object Repository/RAD_Pages/PaymentEntry_Page/input_billingAddress' is: '2508 Mandan Terrace'

2024-02-06 16:21:13 - [MESSAGE][PASSED] - Attribute 'value' of object 'Object Repository/RAD_Pages/PaymentEntry_Page/input_billingAddress' is: '2508 Mandan Terrace'

2024-02-06 16:21:13 - [TEST_STEP][PASSED] - verifyMatch("2508 Mandan Terrace", AL1, false): Actual text '2508 Mandan Terrace' and expected text '2508 Mandan Terrace' are matched 

2024-02-06 16:21:13 - [MESSAGE][PASSED] - Actual text '2508 Mandan Terrace' and expected text '2508 Mandan Terrace' are matched 

2024-02-06 16:21:13 - [TEST_STEP][PASSED] - AL2 = getAttribute(findTestObject("Object Repository/RAD_Pages/PaymentEntry_Page/input_billingAddress2"), "value"): Attribute 'value' of object 'Object Repository/RAD_Pages/PaymentEntry_Page/input_billingAddress2' is: ''

2024-02-06 16:21:14 - [MESSAGE][PASSED] - Attribute 'value' of object 'Object Repository/RAD_Pages/PaymentEntry_Page/input_billingAddress2' is: ''

2024-02-06 16:21:14 - [TEST_STEP][PASSED] - verifyMatch("", AL2, false): Actual text '' and expected text '' are matched 

2024-02-06 16:21:14 - [MESSAGE][PASSED] - Actual text '' and expected text '' are matched 

2024-02-06 16:21:14 - [TEST_STEP][PASSED] - zipCode = getAttribute(findTestObject("Object Repository/RAD_Pages/PaymentEntry_Page/input_billingZip"), "value"): Attribute 'value' of object 'Object Repository/RAD_Pages/PaymentEntry_Page/input_billingZip' is: '21054'

2024-02-06 16:21:14 - [MESSAGE][PASSED] - Attribute 'value' of object 'Object Repository/RAD_Pages/PaymentEntry_Page/input_billingZip' is: '21054'

2024-02-06 16:21:14 - [TEST_STEP][PASSED] - verifyMatch("21054", zipCode, false): Actual text '21054' and expected text '21054' are matched 

2024-02-06 16:21:14 - [MESSAGE][PASSED] - Actual text '21054' and expected text '21054' are matched 

2024-02-06 16:21:14 - [TEST_STEP][PASSED] - city = getAttribute(findTestObject("Object Repository/RAD_Pages/PaymentEntry_Page/input_billingCity"), "value"): Attribute 'value' of object 'Object Repository/RAD_Pages/PaymentEntry_Page/input_billingCity' is: 'GAMBRILLS'

2024-02-06 16:21:14 - [MESSAGE][PASSED] - Attribute 'value' of object 'Object Repository/RAD_Pages/PaymentEntry_Page/input_billingCity' is: 'GAMBRILLS'

2024-02-06 16:21:14 - [TEST_STEP][PASSED] - verifyMatch("GAMBRILLS", city, false): Actual text 'GAMBRILLS' and expected text 'GAMBRILLS' are matched 

2024-02-06 16:21:14 - [MESSAGE][PASSED] - Actual text 'GAMBRILLS' and expected text 'GAMBRILLS' are matched 

2024-02-06 16:21:14 - [TEST_STEP][PASSED] - email = getAttribute(findTestObject("Object Repository/RAD_Pages/PaymentEntry_Page/input_emailAddress"), "value"): Attribute 'value' of object 'Object Repository/RAD_Pages/PaymentEntry_Page/input_emailAddress' is: 'iahmed@govolution.com'

2024-02-06 16:21:15 - [MESSAGE][PASSED] - Attribute 'value' of object 'Object Repository/RAD_Pages/PaymentEntry_Page/input_emailAddress' is: 'iahmed@govolution.com'

2024-02-06 16:21:15 - [TEST_STEP][PASSED] - verifyMatch("iahmed@govolution.com", email, false): Actual text 'iahmed@govolution.com' and expected text 'iahmed@govolution.com' are matched 

2024-02-06 16:21:15 - [MESSAGE][PASSED] - Actual text 'iahmed@govolution.com' and expected text 'iahmed@govolution.com' are matched 

2024-02-06 16:21:15 - [TEST_STEP][PASSED] - amount = getAttribute(findTestObject("Object Repository/RAD_Pages/PaymentEntry_Page/input_amount"), "value"): Attribute 'value' of object 'Object Repository/RAD_Pages/PaymentEntry_Page/input_amount' is: '10.00'

2024-02-06 16:21:15 - [MESSAGE][PASSED] - Attribute 'value' of object 'Object Repository/RAD_Pages/PaymentEntry_Page/input_amount' is: '10.00'

2024-02-06 16:21:15 - [TEST_STEP][PASSED] - verifyMatch("10.00", amount, false): Actual text '10.00' and expected text '10.00' are matched 

2024-02-06 16:21:15 - [MESSAGE][PASSED] - Actual text '10.00' and expected text '10.00' are matched 

2024-02-06 16:21:15 - [TEST_STEP][PASSED] - amountReadOnly = getAttribute(findTestObject("Object Repository/RAD_Pages/PaymentEntry_Page/input_amount"), "readonly"): Attribute 'readonly' of object 'Object Repository/RAD_Pages/PaymentEntry_Page/input_amount' is: 'true'

2024-02-06 16:21:15 - [MESSAGE][PASSED] - Attribute 'readonly' of object 'Object Repository/RAD_Pages/PaymentEntry_Page/input_amount' is: 'true'

2024-02-06 16:21:15 - [TEST_STEP][PASSED] - verifyMatch("true", amountReadOnly, false): Actual text 'true' and expected text 'true' are matched 

2024-02-06 16:21:15 - [MESSAGE][PASSED] - Actual text 'true' and expected text 'true' are matched 

2024-02-06 16:21:15 - [TEST_STEP][PASSED] - verifyOptionSelectedByLabel(findTestObject("Object Repository/RAD_Pages/PaymentEntry_Page/select_Country"), "United States", false, 20): All options with label 'United States' are selected in object 'Object Repository/RAD_Pages/PaymentEntry_Page/select_Country' 

2024-02-06 16:21:17 - [MESSAGE][PASSED] - All options with label 'United States' are selected in object 'Object Repository/RAD_Pages/PaymentEntry_Page/select_Country' 

2024-02-06 16:21:17 - [TEST_STEP][PASSED] - verifyOptionSelectedByLabel(findTestObject("Object Repository/RAD_Pages/PaymentEntry_Page/select_State"), "Maryland", false, 20): All options with label 'Maryland' are selected in object 'Object Repository/RAD_Pages/PaymentEntry_Page/select_State' 

2024-02-06 16:21:19 - [MESSAGE][PASSED] - All options with label 'Maryland' are selected in object 'Object Repository/RAD_Pages/PaymentEntry_Page/select_State' 

2024-02-06 16:21:19 - [TEST_STEP][PASSED] - setText(findTestObject(orPath_PaymentEntry + "/input__cardNumber"), "4111111111111111"): Text '4111111111111111' is set on object 'Object Repository/RAD_Pages/PaymentEntry_Page/input__cardNumber'

2024-02-06 16:21:20 - [MESSAGE][PASSED] - Text '4111111111111111' is set on object 'Object Repository/RAD_Pages/PaymentEntry_Page/input__cardNumber'

2024-02-06 16:21:20 - [TEST_STEP][PASSED] - setText(findTestObject(orPath_PaymentEntry + "/input__spc"), "123"): Text '123' is set on object 'Object Repository/RAD_Pages/PaymentEntry_Page/input__spc'

2024-02-06 16:21:20 - [MESSAGE][PASSED] - Text '123' is set on object 'Object Repository/RAD_Pages/PaymentEntry_Page/input__spc'

2024-02-06 16:21:20 - [TEST_STEP][PASSED] - selectOptionByLabel(findTestObject(orPath_PaymentEntry + "/select_MM"), "12", false): All options with label '12' are selected in object 'Object Repository/RAD_Pages/PaymentEntry_Page/select_MM' 

2024-02-06 16:21:21 - [MESSAGE][PASSED] - All options with label '12' are selected in object 'Object Repository/RAD_Pages/PaymentEntry_Page/select_MM' 

2024-02-06 16:21:21 - [TEST_STEP][PASSED] - selectOptionByLabel(findTestObject(orPath_PaymentEntry + "/select_YYYY"), "2028", false): All options with label '2028' are selected in object 'Object Repository/RAD_Pages/PaymentEntry_Page/select_YYYY' 

2024-02-06 16:21:22 - [MESSAGE][PASSED] - All options with label '2028' are selected in object 'Object Repository/RAD_Pages/PaymentEntry_Page/select_YYYY' 

2024-02-06 16:21:22 - [TEST_STEP][PASSED] - click(findTestObject(orPath_PaymentEntry + "/input_Field_ccSubmit")): Object: 'Object Repository/RAD_Pages/PaymentEntry_Page/input_Field_ccSubmit' is clicked on

2024-02-06 16:21:23 - [MESSAGE][PASSED] - Object: 'Object Repository/RAD_Pages/PaymentEntry_Page/input_Field_ccSubmit' is clicked on

2024-02-06 16:21:23 - [TEST_STEP][PASSED] - click(findTestObject(orPath_PaymentConfirmation + "/input_N_confirmNotifyAction")): Object: 'Object Repository/RAD_Pages/PaymentConfirmation_Page/input_N_confirmNotifyAction' is clicked on

2024-02-06 16:21:24 - [MESSAGE][PASSED] - Object: 'Object Repository/RAD_Pages/PaymentConfirmation_Page/input_N_confirmNotifyAction' is clicked on

2024-02-06 16:21:24 - [TEST_STEP][PASSED] - verifyTextPresent("Service Fee Acceptance", true): Text 'Service Fee Acceptance' is present on page  using regular expression

2024-02-06 16:21:24 - [MESSAGE][PASSED] - Text 'Service Fee Acceptance' is present on page  using regular expression

2024-02-06 16:21:24 - [TEST_STEP][PASSED] - verifyTextPresent("This transaction is subject to a Service Fee of ", true): Text 'This transaction is subject to a Service Fee of ' is present on page  using regular expression

2024-02-06 16:21:25 - [MESSAGE][PASSED] - Text 'This transaction is subject to a Service Fee of ' is present on page  using regular expression

2024-02-06 16:21:25 - [TEST_STEP][PASSED] - verifyTextPresent("Payment Amount:", true): Text 'Payment Amount:' is present on page  using regular expression

2024-02-06 16:21:25 - [MESSAGE][PASSED] - Text 'Payment Amount:' is present on page  using regular expression

2024-02-06 16:21:25 - [TEST_STEP][PASSED] - verifyTextPresent("10.00", true): Text '10.00' is present on page  using regular expression

2024-02-06 16:21:25 - [MESSAGE][PASSED] - Text '10.00' is present on page  using regular expression

2024-02-06 16:21:25 - [TEST_STEP][PASSED] - verifyTextPresent("Service Fee:", true): Text 'Service Fee:' is present on page  using regular expression

2024-02-06 16:21:26 - [MESSAGE][PASSED] - Text 'Service Fee:' is present on page  using regular expression

2024-02-06 16:21:26 - [TEST_STEP][PASSED] - verifyTextPresent("1.00", true): Text '1.00' is present on page  using regular expression

2024-02-06 16:21:26 - [MESSAGE][PASSED] - Text '1.00' is present on page  using regular expression

2024-02-06 16:21:26 - [TEST_STEP][PASSED] - verifyTextPresent("Total Amount:", true): Text 'Total Amount:' is present on page  using regular expression

2024-02-06 16:21:26 - [MESSAGE][PASSED] - Text 'Total Amount:' is present on page  using regular expression

2024-02-06 16:21:26 - [TEST_STEP][PASSED] - verifyTextPresent("11.00", true): Text '11.00' is present on page  using regular expression

2024-02-06 16:21:27 - [MESSAGE][PASSED] - Text '11.00' is present on page  using regular expression

2024-02-06 16:21:27 - [TEST_STEP][PASSED] - verifyTextPresent("Two transactions will appear on your bank statement, one in the amount of", true): Text 'Two transactions will appear on your bank statement, one in the amount of' is present on page  using regular expression

2024-02-06 16:21:27 - [MESSAGE][PASSED] - Text 'Two transactions will appear on your bank statement, one in the amount of' is present on page  using regular expression

2024-02-06 16:21:27 - [TEST_STEP][PASSED] - if (verifyElementPresent(findTestObject(orPath_ServiceFeesAccept + "/input_convFeeNotifyAction"), 30)): null

2024-02-06 16:21:27 - [MESSAGE][PASSED] - Object 'Object Repository/RAD_Pages/ServiceFeeAccept_Page/input_convFeeNotifyAction' is present

2024-02-06 16:21:27 - [TEST_STEP][PASSED] - resText = "Pass": null

2024-02-06 16:21:27 - [TEST_STEP][PASSED] - pages.WriteExcel.demoKey(resText, datText, resColumn, datCloumn, fileLoc, nameSheet, row): pages.WriteExcel.demoKey is PASSED

2024-02-06 16:21:27 - [MESSAGE][PASSED] - pages.WriteExcel.demoKey is PASSED

2024-02-06 16:21:27 - [TEST_STEP][PASSED] - if (execProfile == "QAProfile" || execProfile == "QA2Profile"): Text 'Successful Payment Receipt' is present on page  using regular expression

2024-02-06 16:21:27 - [TEST_STEP][PASSED] - click(findTestObject(orPath_ServiceFeesAccept + "/input_convFeeNotifyAction")): Object: 'Object Repository/RAD_Pages/ServiceFeeAccept_Page/input_convFeeNotifyAction' is clicked on

2024-02-06 16:21:28 - [MESSAGE][PASSED] - Object: 'Object Repository/RAD_Pages/ServiceFeeAccept_Page/input_convFeeNotifyAction' is clicked on

2024-02-06 16:21:28 - [TEST_STEP][PASSED] - delay(10): Delayed 10 second(s)

2024-02-06 16:21:38 - [MESSAGE][PASSED] - Delayed 10 second(s)

2024-02-06 16:21:38 - [TEST_STEP][PASSED] - verifyTextPresent("Successful Payment Receipt", true): Text 'Successful Payment Receipt' is present on page  using regular expression

2024-02-06 16:21:38 - [MESSAGE][PASSED] - Text 'Successful Payment Receipt' is present on page  using regular expression

2024-02-06 16:21:38 - [TEST_STEP][PASSED] - ExecuteTC = findTestData(dataFile).getValue("Execute", row): null

2024-02-06 16:21:39 - [TEST_STEP][PASSED] - TaxType = findTestData(dataFile).getValue("TaxType", row): null

2024-02-06 16:21:39 - [TEST_STEP][PASSED] - PaymentType = findTestData(dataFile).getValue("PaymentType", row): null

2024-02-06 16:21:39 - [TEST_STEP][PASSED] - FilingYear = findTestData(dataFile).getValue("Year", row): null

2024-02-06 16:21:39 - [TEST_STEP][PASSED] - PeriodEndingMonth = findTestData(dataFile).getValue("Month", row): null

2024-02-06 16:21:39 - [TEST_STEP][PASSED] - feinSSN = findTestData(dataFile).getValue("FeinSsn", row): null

2024-02-06 16:21:39 - [TEST_STEP][PASSED] - if (ExecuteTC.equalsIgnoreCase("Y")): null

2024-02-06 16:21:39 - [TEST_STEP][PASSED] - out.println("Begin Record Number: " + row): null

2024-02-06 16:21:39 - [TEST_STEP][PASSED] - today = new java.util.Date(): null

2024-02-06 16:21:39 - [TEST_STEP][PASSED] - println(today): null

2024-02-06 16:21:39 - [TEST_STEP][PASSED] - datText = today: null

2024-02-06 16:21:39 - [TEST_STEP][PASSED] - logInfo("Payment Type: Quarterly Estimated Tax"): Payment Type: Quarterly Estimated Tax

2024-02-06 16:21:39 - [MESSAGE][INFO] - Payment Type: Quarterly Estimated Tax

2024-02-06 16:21:39 - [TEST_STEP][PASSED] - logInfo("Tax Type: " + TaxType): Tax Type: PTE Non-Electing Non-S Corp

2024-02-06 16:21:39 - [MESSAGE][INFO] - Tax Type: PTE Non-Electing Non-S Corp

2024-02-06 16:21:39 - [TEST_STEP][PASSED] - openBrowser(""): Browser is opened with url: ''

2024-02-06 16:21:39 - [MESSAGE][WARNING] - A browser is already opened. Closing browser and opening a new one

2024-02-06 16:21:40 - [MESSAGE][INFO] - Starting 'Chrome' driver

2024-02-06 16:21:40 - [MESSAGE][INFO] - User set preference: ['acceptInsecureCerts', 'true']

2024-02-06 16:21:40 - [MESSAGE][INFO] - Action delay is set to 0 milliseconds

2024-02-06 16:21:42 - [MESSAGE][PASSED] - Browser is opened with url: ''

2024-02-06 16:21:42 - [TEST_STEP][PASSED] - maximizeWindow(): Current window maximized

2024-02-06 16:21:42 - [MESSAGE][PASSED] - Current window maximized

2024-02-06 16:21:42 - [TEST_STEP][PASSED] - navigateToUrl(RADurl): Navigate to 'https://qa2.velocitypayment.com/client/rad/index.html' successfully

2024-02-06 16:21:44 - [MESSAGE][PASSED] - Navigate to 'https://qa2.velocitypayment.com/client/rad/index.html' successfully

2024-02-06 16:21:44 - [TEST_STEP][PASSED] - selectOptionByLabel(findTestObject(orPath_Landing + "/dd_TaxType"), "Quarterly Estimated Tax", false): All options with label 'Quarterly Estimated Tax' are selected in object 'Object Repository/RAD_Pages/Landing_Page/dd_TaxType' 

2024-02-06 16:21:44 - [MESSAGE][PASSED] - All options with label 'Quarterly Estimated Tax' are selected in object 'Object Repository/RAD_Pages/Landing_Page/dd_TaxType' 

2024-02-06 16:21:44 - [TEST_STEP][PASSED] - selectOptionByLabel(findTestObject(orPath_TaxTypeFilingYear + "/select_PaymentType"), TaxType, false): All options with label 'PTE Non-Electing Non-S Corp' are selected in object 'Object Repository/RAD_Pages/TaxTypeFilingYear_Page/select_PaymentType' 

2024-02-06 16:21:45 - [MESSAGE][PASSED] - All options with label 'PTE Non-Electing Non-S Corp' are selected in object 'Object Repository/RAD_Pages/TaxTypeFilingYear_Page/select_PaymentType' 

2024-02-06 16:21:45 - [TEST_STEP][PASSED] - selectOptionByLabel(findTestObject(orPath_TaxTypeFilingYear + "/select_FilingYear"), FilingYear, false): All options with label '2024' are selected in object 'Object Repository/RAD_Pages/TaxTypeFilingYear_Page/select_FilingYear' 

2024-02-06 16:21:46 - [MESSAGE][PASSED] - All options with label '2024' are selected in object 'Object Repository/RAD_Pages/TaxTypeFilingYear_Page/select_FilingYear' 

2024-02-06 16:21:46 - [TEST_STEP][PASSED] - selectOptionByLabel(findTestObject(orPath_TaxTypeFilingYear + "/select_PeriodEnding"), PeriodEndingMonth, false): All options with label 'August' are selected in object 'Object Repository/RAD_Pages/TaxTypeFilingYear_Page/select_PeriodEnding' 

2024-02-06 16:21:47 - [MESSAGE][PASSED] - All options with label 'August' are selected in object 'Object Repository/RAD_Pages/TaxTypeFilingYear_Page/select_PeriodEnding' 

2024-02-06 16:21:47 - [TEST_STEP][PASSED] - rad.getSetDataRAD.setDataRADBusinessName(): rad.getSetDataRAD.setDataRADBusinessName is PASSED

2024-02-06 16:21:47 - [MESSAGE][PASSED] - Text 'My Company' is set on object 'Object Repository/RAD_Pages/Taxpayer_Page/input_businessName'

2024-02-06 16:21:47 - [MESSAGE][PASSED] - rad.getSetDataRAD.setDataRADBusinessName is PASSED

2024-02-06 16:21:47 - [TEST_STEP][PASSED] - rad.getSetDataRAD.setDataRADBusinessRep(): rad.getSetDataRAD.setDataRADBusinessRep is PASSED

2024-02-06 16:21:48 - [MESSAGE][PASSED] - Text 'BusRepFname' is set on object 'Object Repository/RAD_Pages/Taxpayer_Page/input_BusinessRepfirstName'

2024-02-06 16:21:49 - [MESSAGE][PASSED] - Text '' is set on object 'Object Repository/RAD_Pages/Taxpayer_Page/input_BusinessRepmiddleName'

2024-02-06 16:21:50 - [MESSAGE][PASSED] - Text 'BusRepLname' is set on object 'Object Repository/RAD_Pages/Taxpayer_Page/input_BusinessReplastName'

2024-02-06 16:21:51 - [MESSAGE][PASSED] - Text '' is set on object 'Object Repository/RAD_Pages/Taxpayer_Page/input_BusinessRepsuffix'

2024-02-06 16:21:51 - [MESSAGE][PASSED] - rad.getSetDataRAD.setDataRADBusinessRep is PASSED

2024-02-06 16:21:51 - [TEST_STEP][PASSED] - rad.getSetDataRAD.setDataRADAddress(): rad.getSetDataRAD.setDataRADAddress is PASSED

2024-02-06 16:21:51 - [MESSAGE][PASSED] - All options with label 'United States' are selected in object 'Object Repository/RAD_Pages/AddressAndContactInfo_Page/select_Country' 

2024-02-06 16:21:52 - [MESSAGE][PASSED] - Text '2508 Mandan Terrace' is set on object 'Object Repository/RAD_Pages/AddressAndContactInfo_Page/input_streetAddress1'

2024-02-06 16:21:53 - [MESSAGE][PASSED] - Text '' is set on object 'Object Repository/RAD_Pages/AddressAndContactInfo_Page/input_streetAddress2'

2024-02-06 16:21:54 - [MESSAGE][PASSED] - Text 'Gambrills' is set on object 'Object Repository/RAD_Pages/AddressAndContactInfo_Page/input_city'

2024-02-06 16:21:54 - [MESSAGE][PASSED] - All options with label 'Maryland' are selected in object 'Object Repository/RAD_Pages/AddressAndContactInfo_Page/select_State' 

2024-02-06 16:21:55 - [MESSAGE][PASSED] - Text '21054' is set on object 'Object Repository/RAD_Pages/AddressAndContactInfo_Page/input_zipCode'

2024-02-06 16:21:56 - [MESSAGE][PASSED] - Text '(703) 894-5000' is set on object 'Object Repository/RAD_Pages/AddressAndContactInfo_Page/input_phoneNumber'

2024-02-06 16:21:57 - [MESSAGE][PASSED] - Text 'iahmed@govolution.com' is set on object 'Object Repository/RAD_Pages/AddressAndContactInfo_Page/input_eMailAddress'

2024-02-06 16:21:57 - [MESSAGE][PASSED] - Text 'iahmed@govolution.com' is set on object 'Object Repository/RAD_Pages/AddressAndContactInfo_Page/input_reEnterEMailAddress'

2024-02-06 16:21:57 - [MESSAGE][PASSED] - rad.getSetDataRAD.setDataRADAddress is PASSED

2024-02-06 16:21:57 - [TEST_STEP][PASSED] - if (feinSSN.equalsIgnoreCase("Y")): rad.getSetDataRAD.setDataRADFEINSSN is PASSED

2024-02-06 16:21:57 - [TEST_STEP][PASSED] - rad.getSetDataRAD.setDataRADFEINSSN(): rad.getSetDataRAD.setDataRADFEINSSN is PASSED

2024-02-06 16:21:58 - [MESSAGE][PASSED] - Text ****** has been set on object 'Object Repository/RAD_Pages/TaxInfo_Page/input_TaxInfo_FeinSsn_New_2'

2024-02-06 16:21:59 - [MESSAGE][PASSED] - Text ****** has been set on object 'Object Repository/RAD_Pages/TaxInfo_Page/input_TaxInfo_RetypeFeinSsn_New_2'

2024-02-06 16:21:59 - [MESSAGE][PASSED] - rad.getSetDataRAD.setDataRADFEINSSN is PASSED

2024-02-06 16:21:59 - [TEST_STEP][PASSED] - setText(findTestObject(orPath_Amount + "/input__paymentAmount"), "10.00"): Text '10.00' is set on object 'Object Repository/RAD_Pages/PaymentAmount_Page/input__paymentAmount'

2024-02-06 16:22:00 - [MESSAGE][PASSED] - Text '10.00' is set on object 'Object Repository/RAD_Pages/PaymentAmount_Page/input__paymentAmount'

2024-02-06 16:22:00 - [TEST_STEP][PASSED] - setText(findTestObject(orPath_AddressContact + "/input_streetAddress2"), ""): Text '' is set on object 'Object Repository/RAD_Pages/AddressAndContactInfo_Page/input_streetAddress2'

2024-02-06 16:22:00 - [MESSAGE][PASSED] - Text '' is set on object 'Object Repository/RAD_Pages/AddressAndContactInfo_Page/input_streetAddress2'

2024-02-06 16:22:00 - [TEST_STEP][PASSED] - scrollToElement(findTestObject(orPath_Landing + "/button_Continue"), 3): Scroll to object 'Object Repository/RAD_Pages/Landing_Page/button_Continue' successfully

2024-02-06 16:22:01 - [MESSAGE][PASSED] - Scroll to object 'Object Repository/RAD_Pages/Landing_Page/button_Continue' successfully

2024-02-06 16:22:01 - [TEST_STEP][PASSED] - waitForElementClickable(findTestObject(orPath_Landing + "/button_Continue"), 5): Object 'Object Repository/RAD_Pages/Landing_Page/button_Continue' is clickable

2024-02-06 16:22:01 - [MESSAGE][PASSED] - Object 'Object Repository/RAD_Pages/Landing_Page/button_Continue' is clickable

2024-02-06 16:22:01 - [TEST_STEP][PASSED] - click(findTestObject(orPath_Landing + "/button_Continue")): Object: 'Object Repository/RAD_Pages/Landing_Page/button_Continue' is clicked on

2024-02-06 16:22:02 - [MESSAGE][PASSED] - Object: 'Object Repository/RAD_Pages/Landing_Page/button_Continue' is clicked on

2024-02-06 16:22:02 - [TEST_STEP][PASSED] - delay(2): Delayed 2 second(s)

2024-02-06 16:22:04 - [MESSAGE][PASSED] - Delayed 2 second(s)

2024-02-06 16:22:04 - [TEST_STEP][PASSED] - click(findTestObject(orPath_Summary + "/button_Proceed to Payment")): Object: 'Object Repository/RAD_Pages/Summary_Page/button_Proceed to Payment' is clicked on

2024-02-06 16:22:06 - [MESSAGE][PASSED] - Object: 'Object Repository/RAD_Pages/Summary_Page/button_Proceed to Payment' is clicked on

2024-02-06 16:22:06 - [TEST_STEP][PASSED] - if (verifyElementPresent(findTestObject("Object Repository/RAD_Pages/PaymentEntry_Page/input__billingName"), 30)): null

2024-02-06 16:22:06 - [MESSAGE][PASSED] - Object 'Object Repository/RAD_Pages/PaymentEntry_Page/input__billingName' is present

2024-02-06 16:22:06 - [TEST_STEP][PASSED] - verifyTextPresent("Comptroller of Maryland", true): Text 'Comptroller of Maryland' is present on page  using regular expression

2024-02-06 16:22:07 - [MESSAGE][PASSED] - Text 'Comptroller of Maryland' is present on page  using regular expression

2024-02-06 16:22:07 - [TEST_STEP][PASSED] - verifyTextPresent("Revenue Administration Division", true): Text 'Revenue Administration Division' is present on page  using regular expression

2024-02-06 16:22:07 - [MESSAGE][PASSED] - Text 'Revenue Administration Division' is present on page  using regular expression

2024-02-06 16:22:07 - [TEST_STEP][PASSED] - verifyTextPresent("Payment Information", true): Text 'Payment Information' is present on page  using regular expression

2024-02-06 16:22:07 - [MESSAGE][PASSED] - Text 'Payment Information' is present on page  using regular expression

2024-02-06 16:22:07 - [TEST_STEP][PASSED] - card_Name = getAttribute(findTestObject("Object Repository/RAD_Pages/PaymentEntry_Page/input__billingName"), "value"): Attribute 'value' of object 'Object Repository/RAD_Pages/PaymentEntry_Page/input__billingName' is: 'BusRepFname BusRepLname'

2024-02-06 16:22:08 - [MESSAGE][PASSED] - Attribute 'value' of object 'Object Repository/RAD_Pages/PaymentEntry_Page/input__billingName' is: 'BusRepFname BusRepLname'

2024-02-06 16:22:08 - [TEST_STEP][PASSED] - verifyMatch("BusRepFname BusRepLname", card_Name, false): Actual text 'BusRepFname BusRepLname' and expected text 'BusRepFname BusRepLname' are matched 

2024-02-06 16:22:08 - [MESSAGE][PASSED] - Actual text 'BusRepFname BusRepLname' and expected text 'BusRepFname BusRepLname' are matched 

2024-02-06 16:22:08 - [TEST_STEP][PASSED] - AL1 = getAttribute(findTestObject("Object Repository/RAD_Pages/PaymentEntry_Page/input_billingAddress"), "value"): Attribute 'value' of object 'Object Repository/RAD_Pages/PaymentEntry_Page/input_billingAddress' is: '2508 Mandan Terrace'

2024-02-06 16:22:08 - [MESSAGE][PASSED] - Attribute 'value' of object 'Object Repository/RAD_Pages/PaymentEntry_Page/input_billingAddress' is: '2508 Mandan Terrace'

2024-02-06 16:22:08 - [TEST_STEP][PASSED] - verifyMatch("2508 Mandan Terrace", AL1, false): Actual text '2508 Mandan Terrace' and expected text '2508 Mandan Terrace' are matched 

2024-02-06 16:22:08 - [MESSAGE][PASSED] - Actual text '2508 Mandan Terrace' and expected text '2508 Mandan Terrace' are matched 

2024-02-06 16:22:08 - [TEST_STEP][PASSED] - AL2 = getAttribute(findTestObject("Object Repository/RAD_Pages/PaymentEntry_Page/input_billingAddress2"), "value"): Attribute 'value' of object 'Object Repository/RAD_Pages/PaymentEntry_Page/input_billingAddress2' is: ''

2024-02-06 16:22:08 - [MESSAGE][PASSED] - Attribute 'value' of object 'Object Repository/RAD_Pages/PaymentEntry_Page/input_billingAddress2' is: ''

2024-02-06 16:22:08 - [TEST_STEP][PASSED] - verifyMatch("", AL2, false): Actual text '' and expected text '' are matched 

2024-02-06 16:22:08 - [MESSAGE][PASSED] - Actual text '' and expected text '' are matched 

2024-02-06 16:22:08 - [TEST_STEP][PASSED] - zipCode = getAttribute(findTestObject("Object Repository/RAD_Pages/PaymentEntry_Page/input_billingZip"), "value"): Attribute 'value' of object 'Object Repository/RAD_Pages/PaymentEntry_Page/input_billingZip' is: '21054'

2024-02-06 16:22:09 - [MESSAGE][PASSED] - Attribute 'value' of object 'Object Repository/RAD_Pages/PaymentEntry_Page/input_billingZip' is: '21054'

2024-02-06 16:22:09 - [TEST_STEP][PASSED] - verifyMatch("21054", zipCode, false): Actual text '21054' and expected text '21054' are matched 

2024-02-06 16:22:09 - [MESSAGE][PASSED] - Actual text '21054' and expected text '21054' are matched 

2024-02-06 16:22:09 - [TEST_STEP][PASSED] - city = getAttribute(findTestObject("Object Repository/RAD_Pages/PaymentEntry_Page/input_billingCity"), "value"): Attribute 'value' of object 'Object Repository/RAD_Pages/PaymentEntry_Page/input_billingCity' is: 'GAMBRILLS'

2024-02-06 16:22:09 - [MESSAGE][PASSED] - Attribute 'value' of object 'Object Repository/RAD_Pages/PaymentEntry_Page/input_billingCity' is: 'GAMBRILLS'

2024-02-06 16:22:09 - [TEST_STEP][PASSED] - verifyMatch("GAMBRILLS", city, false): Actual text 'GAMBRILLS' and expected text 'GAMBRILLS' are matched 

2024-02-06 16:22:09 - [MESSAGE][PASSED] - Actual text 'GAMBRILLS' and expected text 'GAMBRILLS' are matched 

2024-02-06 16:22:09 - [TEST_STEP][PASSED] - email = getAttribute(findTestObject("Object Repository/RAD_Pages/PaymentEntry_Page/input_emailAddress"), "value"): Attribute 'value' of object 'Object Repository/RAD_Pages/PaymentEntry_Page/input_emailAddress' is: 'iahmed@govolution.com'

2024-02-06 16:22:09 - [MESSAGE][PASSED] - Attribute 'value' of object 'Object Repository/RAD_Pages/PaymentEntry_Page/input_emailAddress' is: 'iahmed@govolution.com'

2024-02-06 16:22:09 - [TEST_STEP][PASSED] - verifyMatch("iahmed@govolution.com", email, false): Actual text 'iahmed@govolution.com' and expected text 'iahmed@govolution.com' are matched 

2024-02-06 16:22:09 - [MESSAGE][PASSED] - Actual text 'iahmed@govolution.com' and expected text 'iahmed@govolution.com' are matched 

2024-02-06 16:22:09 - [TEST_STEP][PASSED] - amount = getAttribute(findTestObject("Object Repository/RAD_Pages/PaymentEntry_Page/input_amount"), "value"): Attribute 'value' of object 'Object Repository/RAD_Pages/PaymentEntry_Page/input_amount' is: '10.00'

2024-02-06 16:22:10 - [MESSAGE][PASSED] - Attribute 'value' of object 'Object Repository/RAD_Pages/PaymentEntry_Page/input_amount' is: '10.00'

2024-02-06 16:22:10 - [TEST_STEP][PASSED] - verifyMatch("10.00", amount, false): Actual text '10.00' and expected text '10.00' are matched 

2024-02-06 16:22:10 - [MESSAGE][PASSED] - Actual text '10.00' and expected text '10.00' are matched 

2024-02-06 16:22:10 - [TEST_STEP][PASSED] - amountReadOnly = getAttribute(findTestObject("Object Repository/RAD_Pages/PaymentEntry_Page/input_amount"), "readonly"): Attribute 'readonly' of object 'Object Repository/RAD_Pages/PaymentEntry_Page/input_amount' is: 'true'

2024-02-06 16:22:10 - [MESSAGE][PASSED] - Attribute 'readonly' of object 'Object Repository/RAD_Pages/PaymentEntry_Page/input_amount' is: 'true'

2024-02-06 16:22:10 - [TEST_STEP][PASSED] - verifyMatch("true", amountReadOnly, false): Actual text 'true' and expected text 'true' are matched 

2024-02-06 16:22:10 - [MESSAGE][PASSED] - Actual text 'true' and expected text 'true' are matched 

2024-02-06 16:22:10 - [TEST_STEP][PASSED] - verifyOptionSelectedByLabel(findTestObject("Object Repository/RAD_Pages/PaymentEntry_Page/select_Country"), "United States", false, 20): All options with label 'United States' are selected in object 'Object Repository/RAD_Pages/PaymentEntry_Page/select_Country' 

2024-02-06 16:22:11 - [MESSAGE][PASSED] - All options with label 'United States' are selected in object 'Object Repository/RAD_Pages/PaymentEntry_Page/select_Country' 

2024-02-06 16:22:11 - [TEST_STEP][PASSED] - verifyOptionSelectedByLabel(findTestObject("Object Repository/RAD_Pages/PaymentEntry_Page/select_State"), "Maryland", false, 20): All options with label 'Maryland' are selected in object 'Object Repository/RAD_Pages/PaymentEntry_Page/select_State' 

2024-02-06 16:22:14 - [MESSAGE][PASSED] - All options with label 'Maryland' are selected in object 'Object Repository/RAD_Pages/PaymentEntry_Page/select_State' 

2024-02-06 16:22:14 - [TEST_STEP][PASSED] - setText(findTestObject(orPath_PaymentEntry + "/input__cardNumber"), "4111111111111111"): Text '4111111111111111' is set on object 'Object Repository/RAD_Pages/PaymentEntry_Page/input__cardNumber'

2024-02-06 16:22:14 - [MESSAGE][PASSED] - Text '4111111111111111' is set on object 'Object Repository/RAD_Pages/PaymentEntry_Page/input__cardNumber'

2024-02-06 16:22:14 - [TEST_STEP][PASSED] - setText(findTestObject(orPath_PaymentEntry + "/input__spc"), "123"): Text '123' is set on object 'Object Repository/RAD_Pages/PaymentEntry_Page/input__spc'

2024-02-06 16:22:15 - [MESSAGE][PASSED] - Text '123' is set on object 'Object Repository/RAD_Pages/PaymentEntry_Page/input__spc'

2024-02-06 16:22:15 - [TEST_STEP][PASSED] - selectOptionByLabel(findTestObject(orPath_PaymentEntry + "/select_MM"), "12", false): All options with label '12' are selected in object 'Object Repository/RAD_Pages/PaymentEntry_Page/select_MM' 

2024-02-06 16:22:16 - [MESSAGE][PASSED] - All options with label '12' are selected in object 'Object Repository/RAD_Pages/PaymentEntry_Page/select_MM' 

2024-02-06 16:22:16 - [TEST_STEP][PASSED] - selectOptionByLabel(findTestObject(orPath_PaymentEntry + "/select_YYYY"), "2028", false): All options with label '2028' are selected in object 'Object Repository/RAD_Pages/PaymentEntry_Page/select_YYYY' 

2024-02-06 16:22:16 - [MESSAGE][PASSED] - All options with label '2028' are selected in object 'Object Repository/RAD_Pages/PaymentEntry_Page/select_YYYY' 

2024-02-06 16:22:16 - [TEST_STEP][PASSED] - click(findTestObject(orPath_PaymentEntry + "/input_Field_ccSubmit")): Object: 'Object Repository/RAD_Pages/PaymentEntry_Page/input_Field_ccSubmit' is clicked on

2024-02-06 16:22:18 - [MESSAGE][PASSED] - Object: 'Object Repository/RAD_Pages/PaymentEntry_Page/input_Field_ccSubmit' is clicked on

2024-02-06 16:22:18 - [TEST_STEP][PASSED] - click(findTestObject(orPath_PaymentConfirmation + "/input_N_confirmNotifyAction")): Object: 'Object Repository/RAD_Pages/PaymentConfirmation_Page/input_N_confirmNotifyAction' is clicked on

2024-02-06 16:22:19 - [MESSAGE][PASSED] - Object: 'Object Repository/RAD_Pages/PaymentConfirmation_Page/input_N_confirmNotifyAction' is clicked on

2024-02-06 16:22:19 - [TEST_STEP][PASSED] - verifyTextPresent("Service Fee Acceptance", true): Text 'Service Fee Acceptance' is present on page  using regular expression

2024-02-06 16:22:19 - [MESSAGE][PASSED] - Text 'Service Fee Acceptance' is present on page  using regular expression

2024-02-06 16:22:19 - [TEST_STEP][PASSED] - verifyTextPresent("This transaction is subject to a Service Fee of ", true): Text 'This transaction is subject to a Service Fee of ' is present on page  using regular expression

2024-02-06 16:22:19 - [MESSAGE][PASSED] - Text 'This transaction is subject to a Service Fee of ' is present on page  using regular expression

2024-02-06 16:22:19 - [TEST_STEP][PASSED] - verifyTextPresent("Payment Amount:", true): Text 'Payment Amount:' is present on page  using regular expression

2024-02-06 16:22:20 - [MESSAGE][PASSED] - Text 'Payment Amount:' is present on page  using regular expression

2024-02-06 16:22:20 - [TEST_STEP][PASSED] - verifyTextPresent("10.00", true): Text '10.00' is present on page  using regular expression

2024-02-06 16:22:20 - [MESSAGE][PASSED] - Text '10.00' is present on page  using regular expression

2024-02-06 16:22:20 - [TEST_STEP][PASSED] - verifyTextPresent("Service Fee:", true): Text 'Service Fee:' is present on page  using regular expression

2024-02-06 16:22:20 - [MESSAGE][PASSED] - Text 'Service Fee:' is present on page  using regular expression

2024-02-06 16:22:20 - [TEST_STEP][PASSED] - verifyTextPresent("1.00", true): Text '1.00' is present on page  using regular expression

2024-02-06 16:22:21 - [MESSAGE][PASSED] - Text '1.00' is present on page  using regular expression

2024-02-06 16:22:21 - [TEST_STEP][PASSED] - verifyTextPresent("Total Amount:", true): Text 'Total Amount:' is present on page  using regular expression

2024-02-06 16:22:21 - [MESSAGE][PASSED] - Text 'Total Amount:' is present on page  using regular expression

2024-02-06 16:22:21 - [TEST_STEP][PASSED] - verifyTextPresent("11.00", true): Text '11.00' is present on page  using regular expression

2024-02-06 16:22:21 - [MESSAGE][PASSED] - Text '11.00' is present on page  using regular expression

2024-02-06 16:22:21 - [TEST_STEP][PASSED] - verifyTextPresent("Two transactions will appear on your bank statement, one in the amount of", true): Text 'Two transactions will appear on your bank statement, one in the amount of' is present on page  using regular expression

2024-02-06 16:22:21 - [MESSAGE][PASSED] - Text 'Two transactions will appear on your bank statement, one in the amount of' is present on page  using regular expression

2024-02-06 16:22:21 - [TEST_STEP][PASSED] - if (verifyElementPresent(findTestObject(orPath_ServiceFeesAccept + "/input_convFeeNotifyAction"), 30)): null

2024-02-06 16:22:22 - [MESSAGE][PASSED] - Object 'Object Repository/RAD_Pages/ServiceFeeAccept_Page/input_convFeeNotifyAction' is present

2024-02-06 16:22:22 - [TEST_STEP][PASSED] - resText = "Pass": null

2024-02-06 16:22:22 - [TEST_STEP][PASSED] - pages.WriteExcel.demoKey(resText, datText, resColumn, datCloumn, fileLoc, nameSheet, row): pages.WriteExcel.demoKey is PASSED

2024-02-06 16:22:22 - [MESSAGE][PASSED] - pages.WriteExcel.demoKey is PASSED

2024-02-06 16:22:22 - [TEST_STEP][PASSED] - if (execProfile == "QAProfile" || execProfile == "QA2Profile"): Text 'Successful Payment Receipt' is present on page  using regular expression

2024-02-06 16:22:22 - [TEST_STEP][PASSED] - click(findTestObject(orPath_ServiceFeesAccept + "/input_convFeeNotifyAction")): Object: 'Object Repository/RAD_Pages/ServiceFeeAccept_Page/input_convFeeNotifyAction' is clicked on

2024-02-06 16:22:23 - [MESSAGE][PASSED] - Object: 'Object Repository/RAD_Pages/ServiceFeeAccept_Page/input_convFeeNotifyAction' is clicked on

2024-02-06 16:22:23 - [TEST_STEP][PASSED] - delay(10): Delayed 10 second(s)

2024-02-06 16:22:33 - [MESSAGE][PASSED] - Delayed 10 second(s)

2024-02-06 16:22:33 - [TEST_STEP][PASSED] - verifyTextPresent("Successful Payment Receipt", true): Text 'Successful Payment Receipt' is present on page  using regular expression

2024-02-06 16:22:33 - [MESSAGE][PASSED] - Text 'Successful Payment Receipt' is present on page  using regular expression

2024-02-06 16:22:33 - [TEST_STEP][PASSED] - ExecuteTC = findTestData(dataFile).getValue("Execute", row): null

2024-02-06 16:22:33 - [TEST_STEP][PASSED] - TaxType = findTestData(dataFile).getValue("TaxType", row): null

2024-02-06 16:22:33 - [TEST_STEP][PASSED] - PaymentType = findTestData(dataFile).getValue("PaymentType", row): null

2024-02-06 16:22:33 - [TEST_STEP][PASSED] - FilingYear = findTestData(dataFile).getValue("Year", row): null

2024-02-06 16:22:33 - [TEST_STEP][PASSED] - PeriodEndingMonth = findTestData(dataFile).getValue("Month", row): null

2024-02-06 16:22:33 - [TEST_STEP][PASSED] - feinSSN = findTestData(dataFile).getValue("FeinSsn", row): null

2024-02-06 16:22:33 - [TEST_STEP][PASSED] - if (ExecuteTC.equalsIgnoreCase("Y")): null

2024-02-06 16:22:33 - [TEST_STEP][PASSED] - out.println("Begin Record Number: " + row): null

2024-02-06 16:22:33 - [TEST_STEP][PASSED] - today = new java.util.Date(): null

2024-02-06 16:22:33 - [TEST_STEP][PASSED] - println(today): null

2024-02-06 16:22:33 - [TEST_STEP][PASSED] - datText = today: null

2024-02-06 16:22:33 - [TEST_STEP][PASSED] - logInfo("Payment Type: Quarterly Estimated Tax"): Payment Type: Quarterly Estimated Tax

2024-02-06 16:22:33 - [MESSAGE][INFO] - Payment Type: Quarterly Estimated Tax

2024-02-06 16:22:33 - [TEST_STEP][PASSED] - logInfo("Tax Type: " + TaxType): Tax Type: PTE Non-Electing S Corp

2024-02-06 16:22:33 - [MESSAGE][INFO] - Tax Type: PTE Non-Electing S Corp

2024-02-06 16:22:33 - [TEST_STEP][PASSED] - openBrowser(""): Browser is opened with url: ''

2024-02-06 16:22:33 - [MESSAGE][WARNING] - A browser is already opened. Closing browser and opening a new one

2024-02-06 16:22:34 - [MESSAGE][INFO] - Starting 'Chrome' driver

2024-02-06 16:22:34 - [MESSAGE][INFO] - User set preference: ['acceptInsecureCerts', 'true']

2024-02-06 16:22:34 - [MESSAGE][INFO] - Action delay is set to 0 milliseconds

2024-02-06 16:22:36 - [MESSAGE][PASSED] - Browser is opened with url: ''

2024-02-06 16:22:36 - [TEST_STEP][PASSED] - maximizeWindow(): Current window maximized

2024-02-06 16:22:36 - [MESSAGE][PASSED] - Current window maximized

2024-02-06 16:22:36 - [TEST_STEP][PASSED] - navigateToUrl(RADurl): Navigate to 'https://qa2.velocitypayment.com/client/rad/index.html' successfully

2024-02-06 16:22:38 - [MESSAGE][PASSED] - Navigate to 'https://qa2.velocitypayment.com/client/rad/index.html' successfully

2024-02-06 16:22:38 - [TEST_STEP][PASSED] - selectOptionByLabel(findTestObject(orPath_Landing + "/dd_TaxType"), "Quarterly Estimated Tax", false): All options with label 'Quarterly Estimated Tax' are selected in object 'Object Repository/RAD_Pages/Landing_Page/dd_TaxType' 

2024-02-06 16:22:39 - [MESSAGE][PASSED] - All options with label 'Quarterly Estimated Tax' are selected in object 'Object Repository/RAD_Pages/Landing_Page/dd_TaxType' 

2024-02-06 16:22:39 - [TEST_STEP][PASSED] - selectOptionByLabel(findTestObject(orPath_TaxTypeFilingYear + "/select_PaymentType"), TaxType, false): All options with label 'PTE Non-Electing S Corp' are selected in object 'Object Repository/RAD_Pages/TaxTypeFilingYear_Page/select_PaymentType' 

2024-02-06 16:22:40 - [MESSAGE][PASSED] - All options with label 'PTE Non-Electing S Corp' are selected in object 'Object Repository/RAD_Pages/TaxTypeFilingYear_Page/select_PaymentType' 

2024-02-06 16:22:40 - [TEST_STEP][PASSED] - selectOptionByLabel(findTestObject(orPath_TaxTypeFilingYear + "/select_FilingYear"), FilingYear, false): All options with label '2024' are selected in object 'Object Repository/RAD_Pages/TaxTypeFilingYear_Page/select_FilingYear' 

2024-02-06 16:22:40 - [MESSAGE][PASSED] - All options with label '2024' are selected in object 'Object Repository/RAD_Pages/TaxTypeFilingYear_Page/select_FilingYear' 

2024-02-06 16:22:40 - [TEST_STEP][PASSED] - selectOptionByLabel(findTestObject(orPath_TaxTypeFilingYear + "/select_PeriodEnding"), PeriodEndingMonth, false): All options with label 'September' are selected in object 'Object Repository/RAD_Pages/TaxTypeFilingYear_Page/select_PeriodEnding' 

2024-02-06 16:22:41 - [MESSAGE][PASSED] - All options with label 'September' are selected in object 'Object Repository/RAD_Pages/TaxTypeFilingYear_Page/select_PeriodEnding' 

2024-02-06 16:22:41 - [TEST_STEP][PASSED] - rad.getSetDataRAD.setDataRADBusinessName(): rad.getSetDataRAD.setDataRADBusinessName is PASSED

2024-02-06 16:22:42 - [MESSAGE][PASSED] - Text 'My Company' is set on object 'Object Repository/RAD_Pages/Taxpayer_Page/input_businessName'

2024-02-06 16:22:42 - [MESSAGE][PASSED] - rad.getSetDataRAD.setDataRADBusinessName is PASSED

2024-02-06 16:22:42 - [TEST_STEP][PASSED] - rad.getSetDataRAD.setDataRADBusinessRep(): rad.getSetDataRAD.setDataRADBusinessRep is PASSED

2024-02-06 16:22:42 - [MESSAGE][PASSED] - Text 'BusRepFname' is set on object 'Object Repository/RAD_Pages/Taxpayer_Page/input_BusinessRepfirstName'

2024-02-06 16:22:43 - [MESSAGE][PASSED] - Text '' is set on object 'Object Repository/RAD_Pages/Taxpayer_Page/input_BusinessRepmiddleName'

2024-02-06 16:22:44 - [MESSAGE][PASSED] - Text 'BusRepLname' is set on object 'Object Repository/RAD_Pages/Taxpayer_Page/input_BusinessReplastName'

2024-02-06 16:22:45 - [MESSAGE][PASSED] - Text '' is set on object 'Object Repository/RAD_Pages/Taxpayer_Page/input_BusinessRepsuffix'

2024-02-06 16:22:45 - [MESSAGE][PASSED] - rad.getSetDataRAD.setDataRADBusinessRep is PASSED

2024-02-06 16:22:45 - [TEST_STEP][PASSED] - rad.getSetDataRAD.setDataRADAddress(): rad.getSetDataRAD.setDataRADAddress is PASSED

2024-02-06 16:22:45 - [MESSAGE][PASSED] - All options with label 'United States' are selected in object 'Object Repository/RAD_Pages/AddressAndContactInfo_Page/select_Country' 

2024-02-06 16:22:46 - [MESSAGE][PASSED] - Text '2508 Mandan Terrace' is set on object 'Object Repository/RAD_Pages/AddressAndContactInfo_Page/input_streetAddress1'

2024-02-06 16:22:47 - [MESSAGE][PASSED] - Text '' is set on object 'Object Repository/RAD_Pages/AddressAndContactInfo_Page/input_streetAddress2'

2024-02-06 16:22:47 - [MESSAGE][PASSED] - Text 'Gambrills' is set on object 'Object Repository/RAD_Pages/AddressAndContactInfo_Page/input_city'

2024-02-06 16:22:48 - [MESSAGE][PASSED] - All options with label 'Maryland' are selected in object 'Object Repository/RAD_Pages/AddressAndContactInfo_Page/select_State' 

2024-02-06 16:22:49 - [MESSAGE][PASSED] - Text '21054' is set on object 'Object Repository/RAD_Pages/AddressAndContactInfo_Page/input_zipCode'

2024-02-06 16:22:50 - [MESSAGE][PASSED] - Text '(703) 894-5000' is set on object 'Object Repository/RAD_Pages/AddressAndContactInfo_Page/input_phoneNumber'

2024-02-06 16:22:51 - [MESSAGE][PASSED] - Text 'iahmed@govolution.com' is set on object 'Object Repository/RAD_Pages/AddressAndContactInfo_Page/input_eMailAddress'

2024-02-06 16:22:51 - [MESSAGE][PASSED] - Text 'iahmed@govolution.com' is set on object 'Object Repository/RAD_Pages/AddressAndContactInfo_Page/input_reEnterEMailAddress'

2024-02-06 16:22:51 - [MESSAGE][PASSED] - rad.getSetDataRAD.setDataRADAddress is PASSED

2024-02-06 16:22:51 - [TEST_STEP][PASSED] - if (feinSSN.equalsIgnoreCase("Y")): rad.getSetDataRAD.setDataRADFEINSSN is PASSED

2024-02-06 16:22:51 - [TEST_STEP][PASSED] - rad.getSetDataRAD.setDataRADFEINSSN(): rad.getSetDataRAD.setDataRADFEINSSN is PASSED

2024-02-06 16:22:52 - [MESSAGE][PASSED] - Text ****** has been set on object 'Object Repository/RAD_Pages/TaxInfo_Page/input_TaxInfo_FeinSsn_New_2'

2024-02-06 16:22:53 - [MESSAGE][PASSED] - Text ****** has been set on object 'Object Repository/RAD_Pages/TaxInfo_Page/input_TaxInfo_RetypeFeinSsn_New_2'

2024-02-06 16:22:53 - [MESSAGE][PASSED] - rad.getSetDataRAD.setDataRADFEINSSN is PASSED

2024-02-06 16:22:53 - [TEST_STEP][PASSED] - setText(findTestObject(orPath_Amount + "/input__paymentAmount"), "10.00"): Text '10.00' is set on object 'Object Repository/RAD_Pages/PaymentAmount_Page/input__paymentAmount'

2024-02-06 16:22:53 - [MESSAGE][PASSED] - Text '10.00' is set on object 'Object Repository/RAD_Pages/PaymentAmount_Page/input__paymentAmount'

2024-02-06 16:22:53 - [TEST_STEP][PASSED] - setText(findTestObject(orPath_AddressContact + "/input_streetAddress2"), ""): Text '' is set on object 'Object Repository/RAD_Pages/AddressAndContactInfo_Page/input_streetAddress2'

2024-02-06 16:22:54 - [MESSAGE][PASSED] - Text '' is set on object 'Object Repository/RAD_Pages/AddressAndContactInfo_Page/input_streetAddress2'

2024-02-06 16:22:54 - [TEST_STEP][PASSED] - scrollToElement(findTestObject(orPath_Landing + "/button_Continue"), 3): Scroll to object 'Object Repository/RAD_Pages/Landing_Page/button_Continue' successfully

2024-02-06 16:22:55 - [MESSAGE][PASSED] - Scroll to object 'Object Repository/RAD_Pages/Landing_Page/button_Continue' successfully

2024-02-06 16:22:55 - [TEST_STEP][PASSED] - waitForElementClickable(findTestObject(orPath_Landing + "/button_Continue"), 5): Object 'Object Repository/RAD_Pages/Landing_Page/button_Continue' is clickable

2024-02-06 16:22:55 - [MESSAGE][PASSED] - Object 'Object Repository/RAD_Pages/Landing_Page/button_Continue' is clickable

2024-02-06 16:22:55 - [TEST_STEP][PASSED] - click(findTestObject(orPath_Landing + "/button_Continue")): Object: 'Object Repository/RAD_Pages/Landing_Page/button_Continue' is clicked on

2024-02-06 16:22:55 - [MESSAGE][PASSED] - Object: 'Object Repository/RAD_Pages/Landing_Page/button_Continue' is clicked on

2024-02-06 16:22:55 - [TEST_STEP][PASSED] - delay(2): Delayed 2 second(s)

2024-02-06 16:22:57 - [MESSAGE][PASSED] - Delayed 2 second(s)

2024-02-06 16:22:57 - [TEST_STEP][PASSED] - click(findTestObject(orPath_Summary + "/button_Proceed to Payment")): Object: 'Object Repository/RAD_Pages/Summary_Page/button_Proceed to Payment' is clicked on

2024-02-06 16:22:59 - [MESSAGE][PASSED] - Object: 'Object Repository/RAD_Pages/Summary_Page/button_Proceed to Payment' is clicked on

2024-02-06 16:22:59 - [TEST_STEP][PASSED] - if (verifyElementPresent(findTestObject("Object Repository/RAD_Pages/PaymentEntry_Page/input__billingName"), 30)): null

2024-02-06 16:23:00 - [MESSAGE][PASSED] - Object 'Object Repository/RAD_Pages/PaymentEntry_Page/input__billingName' is present

2024-02-06 16:23:00 - [TEST_STEP][PASSED] - verifyTextPresent("Comptroller of Maryland", true): Text 'Comptroller of Maryland' is present on page  using regular expression

2024-02-06 16:23:00 - [MESSAGE][PASSED] - Text 'Comptroller of Maryland' is present on page  using regular expression

2024-02-06 16:23:00 - [TEST_STEP][PASSED] - verifyTextPresent("Revenue Administration Division", true): Text 'Revenue Administration Division' is present on page  using regular expression

2024-02-06 16:23:01 - [MESSAGE][PASSED] - Text 'Revenue Administration Division' is present on page  using regular expression

2024-02-06 16:23:01 - [TEST_STEP][PASSED] - verifyTextPresent("Payment Information", true): Text 'Payment Information' is present on page  using regular expression

2024-02-06 16:23:01 - [MESSAGE][PASSED] - Text 'Payment Information' is present on page  using regular expression

2024-02-06 16:23:01 - [TEST_STEP][PASSED] - card_Name = getAttribute(findTestObject("Object Repository/RAD_Pages/PaymentEntry_Page/input__billingName"), "value"): Attribute 'value' of object 'Object Repository/RAD_Pages/PaymentEntry_Page/input__billingName' is: 'BusRepFname BusRepLname'

2024-02-06 16:23:01 - [MESSAGE][PASSED] - Attribute 'value' of object 'Object Repository/RAD_Pages/PaymentEntry_Page/input__billingName' is: 'BusRepFname BusRepLname'

2024-02-06 16:23:01 - [TEST_STEP][PASSED] - verifyMatch("BusRepFname BusRepLname", card_Name, false): Actual text 'BusRepFname BusRepLname' and expected text 'BusRepFname BusRepLname' are matched 

2024-02-06 16:23:01 - [MESSAGE][PASSED] - Actual text 'BusRepFname BusRepLname' and expected text 'BusRepFname BusRepLname' are matched 

2024-02-06 16:23:01 - [TEST_STEP][PASSED] - AL1 = getAttribute(findTestObject("Object Repository/RAD_Pages/PaymentEntry_Page/input_billingAddress"), "value"): Attribute 'value' of object 'Object Repository/RAD_Pages/PaymentEntry_Page/input_billingAddress' is: '2508 Mandan Terrace'

2024-02-06 16:23:02 - [MESSAGE][PASSED] - Attribute 'value' of object 'Object Repository/RAD_Pages/PaymentEntry_Page/input_billingAddress' is: '2508 Mandan Terrace'

2024-02-06 16:23:02 - [TEST_STEP][PASSED] - verifyMatch("2508 Mandan Terrace", AL1, false): Actual text '2508 Mandan Terrace' and expected text '2508 Mandan Terrace' are matched 

2024-02-06 16:23:02 - [MESSAGE][PASSED] - Actual text '2508 Mandan Terrace' and expected text '2508 Mandan Terrace' are matched 

2024-02-06 16:23:02 - [TEST_STEP][PASSED] - AL2 = getAttribute(findTestObject("Object Repository/RAD_Pages/PaymentEntry_Page/input_billingAddress2"), "value"): Attribute 'value' of object 'Object Repository/RAD_Pages/PaymentEntry_Page/input_billingAddress2' is: ''

2024-02-06 16:23:02 - [MESSAGE][PASSED] - Attribute 'value' of object 'Object Repository/RAD_Pages/PaymentEntry_Page/input_billingAddress2' is: ''

2024-02-06 16:23:02 - [TEST_STEP][PASSED] - verifyMatch("", AL2, false): Actual text '' and expected text '' are matched 

2024-02-06 16:23:02 - [MESSAGE][PASSED] - Actual text '' and expected text '' are matched 

2024-02-06 16:23:02 - [TEST_STEP][PASSED] - zipCode = getAttribute(findTestObject("Object Repository/RAD_Pages/PaymentEntry_Page/input_billingZip"), "value"): Attribute 'value' of object 'Object Repository/RAD_Pages/PaymentEntry_Page/input_billingZip' is: '21054'

2024-02-06 16:23:02 - [MESSAGE][PASSED] - Attribute 'value' of object 'Object Repository/RAD_Pages/PaymentEntry_Page/input_billingZip' is: '21054'

2024-02-06 16:23:02 - [TEST_STEP][PASSED] - verifyMatch("21054", zipCode, false): Actual text '21054' and expected text '21054' are matched 

2024-02-06 16:23:02 - [MESSAGE][PASSED] - Actual text '21054' and expected text '21054' are matched 

2024-02-06 16:23:02 - [TEST_STEP][PASSED] - city = getAttribute(findTestObject("Object Repository/RAD_Pages/PaymentEntry_Page/input_billingCity"), "value"): Attribute 'value' of object 'Object Repository/RAD_Pages/PaymentEntry_Page/input_billingCity' is: 'GAMBRILLS'

2024-02-06 16:23:03 - [MESSAGE][PASSED] - Attribute 'value' of object 'Object Repository/RAD_Pages/PaymentEntry_Page/input_billingCity' is: 'GAMBRILLS'

2024-02-06 16:23:03 - [TEST_STEP][PASSED] - verifyMatch("GAMBRILLS", city, false): Actual text 'GAMBRILLS' and expected text 'GAMBRILLS' are matched 

2024-02-06 16:23:03 - [MESSAGE][PASSED] - Actual text 'GAMBRILLS' and expected text 'GAMBRILLS' are matched 

2024-02-06 16:23:03 - [TEST_STEP][PASSED] - email = getAttribute(findTestObject("Object Repository/RAD_Pages/PaymentEntry_Page/input_emailAddress"), "value"): Attribute 'value' of object 'Object Repository/RAD_Pages/PaymentEntry_Page/input_emailAddress' is: 'iahmed@govolution.com'

2024-02-06 16:23:03 - [MESSAGE][PASSED] - Attribute 'value' of object 'Object Repository/RAD_Pages/PaymentEntry_Page/input_emailAddress' is: 'iahmed@govolution.com'

2024-02-06 16:23:03 - [TEST_STEP][PASSED] - verifyMatch("iahmed@govolution.com", email, false): Actual text 'iahmed@govolution.com' and expected text 'iahmed@govolution.com' are matched 

2024-02-06 16:23:03 - [MESSAGE][PASSED] - Actual text 'iahmed@govolution.com' and expected text 'iahmed@govolution.com' are matched 

2024-02-06 16:23:03 - [TEST_STEP][PASSED] - amount = getAttribute(findTestObject("Object Repository/RAD_Pages/PaymentEntry_Page/input_amount"), "value"): Attribute 'value' of object 'Object Repository/RAD_Pages/PaymentEntry_Page/input_amount' is: '10.00'

2024-02-06 16:23:03 - [MESSAGE][PASSED] - Attribute 'value' of object 'Object Repository/RAD_Pages/PaymentEntry_Page/input_amount' is: '10.00'

2024-02-06 16:23:03 - [TEST_STEP][PASSED] - verifyMatch("10.00", amount, false): Actual text '10.00' and expected text '10.00' are matched 

2024-02-06 16:23:03 - [MESSAGE][PASSED] - Actual text '10.00' and expected text '10.00' are matched 

2024-02-06 16:23:03 - [TEST_STEP][PASSED] - amountReadOnly = getAttribute(findTestObject("Object Repository/RAD_Pages/PaymentEntry_Page/input_amount"), "readonly"): Attribute 'readonly' of object 'Object Repository/RAD_Pages/PaymentEntry_Page/input_amount' is: 'true'

2024-02-06 16:23:04 - [MESSAGE][PASSED] - Attribute 'readonly' of object 'Object Repository/RAD_Pages/PaymentEntry_Page/input_amount' is: 'true'

2024-02-06 16:23:04 - [TEST_STEP][PASSED] - verifyMatch("true", amountReadOnly, false): Actual text 'true' and expected text 'true' are matched 

2024-02-06 16:23:04 - [MESSAGE][PASSED] - Actual text 'true' and expected text 'true' are matched 

2024-02-06 16:23:04 - [TEST_STEP][PASSED] - verifyOptionSelectedByLabel(findTestObject("Object Repository/RAD_Pages/PaymentEntry_Page/select_Country"), "United States", false, 20): All options with label 'United States' are selected in object 'Object Repository/RAD_Pages/PaymentEntry_Page/select_Country' 

2024-02-06 16:23:05 - [MESSAGE][PASSED] - All options with label 'United States' are selected in object 'Object Repository/RAD_Pages/PaymentEntry_Page/select_Country' 

2024-02-06 16:23:05 - [TEST_STEP][PASSED] - verifyOptionSelectedByLabel(findTestObject("Object Repository/RAD_Pages/PaymentEntry_Page/select_State"), "Maryland", false, 20): All options with label 'Maryland' are selected in object 'Object Repository/RAD_Pages/PaymentEntry_Page/select_State' 

2024-02-06 16:23:07 - [MESSAGE][PASSED] - All options with label 'Maryland' are selected in object 'Object Repository/RAD_Pages/PaymentEntry_Page/select_State' 

2024-02-06 16:23:07 - [TEST_STEP][PASSED] - setText(findTestObject(orPath_PaymentEntry + "/input__cardNumber"), "4111111111111111"): Text '4111111111111111' is set on object 'Object Repository/RAD_Pages/PaymentEntry_Page/input__cardNumber'

2024-02-06 16:23:08 - [MESSAGE][PASSED] - Text '4111111111111111' is set on object 'Object Repository/RAD_Pages/PaymentEntry_Page/input__cardNumber'

2024-02-06 16:23:08 - [TEST_STEP][PASSED] - setText(findTestObject(orPath_PaymentEntry + "/input__spc"), "123"): Text '123' is set on object 'Object Repository/RAD_Pages/PaymentEntry_Page/input__spc'

2024-02-06 16:23:09 - [MESSAGE][PASSED] - Text '123' is set on object 'Object Repository/RAD_Pages/PaymentEntry_Page/input__spc'

2024-02-06 16:23:09 - [TEST_STEP][PASSED] - selectOptionByLabel(findTestObject(orPath_PaymentEntry + "/select_MM"), "12", false): All options with label '12' are selected in object 'Object Repository/RAD_Pages/PaymentEntry_Page/select_MM' 

2024-02-06 16:23:13 - [MESSAGE][PASSED] - All options with label '12' are selected in object 'Object Repository/RAD_Pages/PaymentEntry_Page/select_MM' 

2024-02-06 16:23:13 - [TEST_STEP][PASSED] - selectOptionByLabel(findTestObject(orPath_PaymentEntry + "/select_YYYY"), "2028", false): All options with label '2028' are selected in object 'Object Repository/RAD_Pages/PaymentEntry_Page/select_YYYY' 

2024-02-06 16:23:13 - [MESSAGE][PASSED] - All options with label '2028' are selected in object 'Object Repository/RAD_Pages/PaymentEntry_Page/select_YYYY' 

2024-02-06 16:23:13 - [TEST_STEP][PASSED] - click(findTestObject(orPath_PaymentEntry + "/input_Field_ccSubmit")): Object: 'Object Repository/RAD_Pages/PaymentEntry_Page/input_Field_ccSubmit' is clicked on

2024-02-06 16:23:14 - [MESSAGE][PASSED] - Object: 'Object Repository/RAD_Pages/PaymentEntry_Page/input_Field_ccSubmit' is clicked on

2024-02-06 16:23:14 - [TEST_STEP][PASSED] - click(findTestObject(orPath_PaymentConfirmation + "/input_N_confirmNotifyAction")): Object: 'Object Repository/RAD_Pages/PaymentConfirmation_Page/input_N_confirmNotifyAction' is clicked on

2024-02-06 16:23:16 - [MESSAGE][PASSED] - Object: 'Object Repository/RAD_Pages/PaymentConfirmation_Page/input_N_confirmNotifyAction' is clicked on

2024-02-06 16:23:16 - [TEST_STEP][PASSED] - verifyTextPresent("Service Fee Acceptance", true): Text 'Service Fee Acceptance' is present on page  using regular expression

2024-02-06 16:23:16 - [MESSAGE][PASSED] - Text 'Service Fee Acceptance' is present on page  using regular expression

2024-02-06 16:23:16 - [TEST_STEP][PASSED] - verifyTextPresent("This transaction is subject to a Service Fee of ", true): Text 'This transaction is subject to a Service Fee of ' is present on page  using regular expression

2024-02-06 16:23:17 - [MESSAGE][PASSED] - Text 'This transaction is subject to a Service Fee of ' is present on page  using regular expression

2024-02-06 16:23:17 - [TEST_STEP][PASSED] - verifyTextPresent("Payment Amount:", true): Text 'Payment Amount:' is present on page  using regular expression

2024-02-06 16:23:17 - [MESSAGE][PASSED] - Text 'Payment Amount:' is present on page  using regular expression

2024-02-06 16:23:17 - [TEST_STEP][PASSED] - verifyTextPresent("10.00", true): Text '10.00' is present on page  using regular expression

2024-02-06 16:23:17 - [MESSAGE][PASSED] - Text '10.00' is present on page  using regular expression

2024-02-06 16:23:17 - [TEST_STEP][PASSED] - verifyTextPresent("Service Fee:", true): Text 'Service Fee:' is present on page  using regular expression

2024-02-06 16:23:17 - [MESSAGE][PASSED] - Text 'Service Fee:' is present on page  using regular expression

2024-02-06 16:23:17 - [TEST_STEP][PASSED] - verifyTextPresent("1.00", true): Text '1.00' is present on page  using regular expression

2024-02-06 16:23:18 - [MESSAGE][PASSED] - Text '1.00' is present on page  using regular expression

2024-02-06 16:23:18 - [TEST_STEP][PASSED] - verifyTextPresent("Total Amount:", true): Text 'Total Amount:' is present on page  using regular expression

2024-02-06 16:23:18 - [MESSAGE][PASSED] - Text 'Total Amount:' is present on page  using regular expression

2024-02-06 16:23:18 - [TEST_STEP][PASSED] - verifyTextPresent("11.00", true): Text '11.00' is present on page  using regular expression

2024-02-06 16:23:18 - [MESSAGE][PASSED] - Text '11.00' is present on page  using regular expression

2024-02-06 16:23:18 - [TEST_STEP][PASSED] - verifyTextPresent("Two transactions will appear on your bank statement, one in the amount of", true): Text 'Two transactions will appear on your bank statement, one in the amount of' is present on page  using regular expression

2024-02-06 16:23:18 - [MESSAGE][PASSED] - Text 'Two transactions will appear on your bank statement, one in the amount of' is present on page  using regular expression

2024-02-06 16:23:18 - [TEST_STEP][PASSED] - if (verifyElementPresent(findTestObject(orPath_ServiceFeesAccept + "/input_convFeeNotifyAction"), 30)): null

2024-02-06 16:23:19 - [MESSAGE][PASSED] - Object 'Object Repository/RAD_Pages/ServiceFeeAccept_Page/input_convFeeNotifyAction' is present

2024-02-06 16:23:19 - [TEST_STEP][PASSED] - resText = "Pass": null

2024-02-06 16:23:19 - [TEST_STEP][PASSED] - pages.WriteExcel.demoKey(resText, datText, resColumn, datCloumn, fileLoc, nameSheet, row): pages.WriteExcel.demoKey is PASSED

2024-02-06 16:23:19 - [MESSAGE][PASSED] - pages.WriteExcel.demoKey is PASSED

2024-02-06 16:23:19 - [TEST_STEP][PASSED] - if (execProfile == "QAProfile" || execProfile == "QA2Profile"): Text 'Successful Payment Receipt' is present on page  using regular expression

2024-02-06 16:23:19 - [TEST_STEP][PASSED] - click(findTestObject(orPath_ServiceFeesAccept + "/input_convFeeNotifyAction")): Object: 'Object Repository/RAD_Pages/ServiceFeeAccept_Page/input_convFeeNotifyAction' is clicked on

2024-02-06 16:23:20 - [MESSAGE][PASSED] - Object: 'Object Repository/RAD_Pages/ServiceFeeAccept_Page/input_convFeeNotifyAction' is clicked on

2024-02-06 16:23:20 - [TEST_STEP][PASSED] - delay(10): Delayed 10 second(s)

2024-02-06 16:23:30 - [MESSAGE][PASSED] - Delayed 10 second(s)

2024-02-06 16:23:30 - [TEST_STEP][PASSED] - verifyTextPresent("Successful Payment Receipt", true): Text 'Successful Payment Receipt' is present on page  using regular expression

2024-02-06 16:23:30 - [MESSAGE][PASSED] - Text 'Successful Payment Receipt' is present on page  using regular expression

2024-02-06 16:23:30 - [TEST_STEP][PASSED] - ExecuteTC = findTestData(dataFile).getValue("Execute", row): null

2024-02-06 16:23:30 - [TEST_STEP][PASSED] - TaxType = findTestData(dataFile).getValue("TaxType", row): null

2024-02-06 16:23:30 - [TEST_STEP][PASSED] - PaymentType = findTestData(dataFile).getValue("PaymentType", row): null

2024-02-06 16:23:30 - [TEST_STEP][PASSED] - FilingYear = findTestData(dataFile).getValue("Year", row): null

2024-02-06 16:23:30 - [TEST_STEP][PASSED] - PeriodEndingMonth = findTestData(dataFile).getValue("Month", row): null

2024-02-06 16:23:30 - [TEST_STEP][PASSED] - feinSSN = findTestData(dataFile).getValue("FeinSsn", row): null

2024-02-06 16:23:30 - [TEST_STEP][PASSED] - if (ExecuteTC.equalsIgnoreCase("Y")): null

2024-02-06 16:23:30 - [TEST_STEP][PASSED] - out.println("Begin Record Number: " + row): null

2024-02-06 16:23:30 - [TEST_STEP][PASSED] - today = new java.util.Date(): null

2024-02-06 16:23:30 - [TEST_STEP][PASSED] - println(today): null

2024-02-06 16:23:30 - [TEST_STEP][PASSED] - datText = today: null

2024-02-06 16:23:30 - [TEST_STEP][PASSED] - logInfo("Payment Type: Quarterly Estimated Tax"): Payment Type: Quarterly Estimated Tax

2024-02-06 16:23:30 - [MESSAGE][INFO] - Payment Type: Quarterly Estimated Tax

2024-02-06 16:23:30 - [TEST_STEP][PASSED] - logInfo("Tax Type: " + TaxType): Tax Type: PTE Tax Electing Non-S Corp

2024-02-06 16:23:30 - [MESSAGE][INFO] - Tax Type: PTE Tax Electing Non-S Corp

2024-02-06 16:23:30 - [TEST_STEP][PASSED] - openBrowser(""): Browser is opened with url: ''

2024-02-06 16:23:30 - [MESSAGE][WARNING] - A browser is already opened. Closing browser and opening a new one

2024-02-06 16:23:31 - [MESSAGE][INFO] - Starting 'Chrome' driver

2024-02-06 16:23:31 - [MESSAGE][INFO] - User set preference: ['acceptInsecureCerts', 'true']

2024-02-06 16:23:31 - [MESSAGE][INFO] - Action delay is set to 0 milliseconds

2024-02-06 16:23:33 - [MESSAGE][PASSED] - Browser is opened with url: ''

2024-02-06 16:23:33 - [TEST_STEP][PASSED] - maximizeWindow(): Current window maximized

2024-02-06 16:23:33 - [MESSAGE][PASSED] - Current window maximized

2024-02-06 16:23:33 - [TEST_STEP][PASSED] - navigateToUrl(RADurl): Navigate to 'https://qa2.velocitypayment.com/client/rad/index.html' successfully

2024-02-06 16:23:35 - [MESSAGE][PASSED] - Navigate to 'https://qa2.velocitypayment.com/client/rad/index.html' successfully

2024-02-06 16:23:35 - [TEST_STEP][PASSED] - selectOptionByLabel(findTestObject(orPath_Landing + "/dd_TaxType"), "Quarterly Estimated Tax", false): All options with label 'Quarterly Estimated Tax' are selected in object 'Object Repository/RAD_Pages/Landing_Page/dd_TaxType' 

2024-02-06 16:23:36 - [MESSAGE][PASSED] - All options with label 'Quarterly Estimated Tax' are selected in object 'Object Repository/RAD_Pages/Landing_Page/dd_TaxType' 

2024-02-06 16:23:36 - [TEST_STEP][PASSED] - selectOptionByLabel(findTestObject(orPath_TaxTypeFilingYear + "/select_PaymentType"), TaxType, false): All options with label 'PTE Tax Electing Non-S Corp' are selected in object 'Object Repository/RAD_Pages/TaxTypeFilingYear_Page/select_PaymentType' 

2024-02-06 16:23:37 - [MESSAGE][PASSED] - All options with label 'PTE Tax Electing Non-S Corp' are selected in object 'Object Repository/RAD_Pages/TaxTypeFilingYear_Page/select_PaymentType' 

2024-02-06 16:23:37 - [TEST_STEP][PASSED] - selectOptionByLabel(findTestObject(orPath_TaxTypeFilingYear + "/select_FilingYear"), FilingYear, false): All options with label '2024' are selected in object 'Object Repository/RAD_Pages/TaxTypeFilingYear_Page/select_FilingYear' 

2024-02-06 16:23:37 - [MESSAGE][PASSED] - All options with label '2024' are selected in object 'Object Repository/RAD_Pages/TaxTypeFilingYear_Page/select_FilingYear' 

2024-02-06 16:23:37 - [TEST_STEP][PASSED] - selectOptionByLabel(findTestObject(orPath_TaxTypeFilingYear + "/select_PeriodEnding"), PeriodEndingMonth, false): All options with label 'January' are selected in object 'Object Repository/RAD_Pages/TaxTypeFilingYear_Page/select_PeriodEnding' 

2024-02-06 16:23:38 - [MESSAGE][PASSED] - All options with label 'January' are selected in object 'Object Repository/RAD_Pages/TaxTypeFilingYear_Page/select_PeriodEnding' 

2024-02-06 16:23:38 - [TEST_STEP][PASSED] - rad.getSetDataRAD.setDataRADBusinessName(): rad.getSetDataRAD.setDataRADBusinessName is PASSED

2024-02-06 16:23:39 - [MESSAGE][PASSED] - Text 'My Company' is set on object 'Object Repository/RAD_Pages/Taxpayer_Page/input_businessName'

2024-02-06 16:23:39 - [MESSAGE][PASSED] - rad.getSetDataRAD.setDataRADBusinessName is PASSED

2024-02-06 16:23:39 - [TEST_STEP][PASSED] - rad.getSetDataRAD.setDataRADBusinessRep(): rad.getSetDataRAD.setDataRADBusinessRep is PASSED

2024-02-06 16:23:39 - [MESSAGE][PASSED] - Text 'BusRepFname' is set on object 'Object Repository/RAD_Pages/Taxpayer_Page/input_BusinessRepfirstName'

2024-02-06 16:23:40 - [MESSAGE][PASSED] - Text '' is set on object 'Object Repository/RAD_Pages/Taxpayer_Page/input_BusinessRepmiddleName'

2024-02-06 16:23:41 - [MESSAGE][PASSED] - Text 'BusRepLname' is set on object 'Object Repository/RAD_Pages/Taxpayer_Page/input_BusinessReplastName'

2024-02-06 16:23:42 - [MESSAGE][PASSED] - Text '' is set on object 'Object Repository/RAD_Pages/Taxpayer_Page/input_BusinessRepsuffix'

2024-02-06 16:23:42 - [MESSAGE][PASSED] - rad.getSetDataRAD.setDataRADBusinessRep is PASSED

2024-02-06 16:23:42 - [TEST_STEP][PASSED] - rad.getSetDataRAD.setDataRADAddress(): rad.getSetDataRAD.setDataRADAddress is PASSED

2024-02-06 16:23:42 - [MESSAGE][PASSED] - All options with label 'United States' are selected in object 'Object Repository/RAD_Pages/AddressAndContactInfo_Page/select_Country' 

2024-02-06 16:23:43 - [MESSAGE][PASSED] - Text '2508 Mandan Terrace' is set on object 'Object Repository/RAD_Pages/AddressAndContactInfo_Page/input_streetAddress1'

2024-02-06 16:23:44 - [MESSAGE][PASSED] - Text '' is set on object 'Object Repository/RAD_Pages/AddressAndContactInfo_Page/input_streetAddress2'

2024-02-06 16:23:45 - [MESSAGE][PASSED] - Text 'Gambrills' is set on object 'Object Repository/RAD_Pages/AddressAndContactInfo_Page/input_city'

2024-02-06 16:23:45 - [MESSAGE][PASSED] - All options with label 'Maryland' are selected in object 'Object Repository/RAD_Pages/AddressAndContactInfo_Page/select_State' 

2024-02-06 16:23:46 - [MESSAGE][PASSED] - Text '21054' is set on object 'Object Repository/RAD_Pages/AddressAndContactInfo_Page/input_zipCode'

2024-02-06 16:23:47 - [MESSAGE][PASSED] - Text '(703) 894-5000' is set on object 'Object Repository/RAD_Pages/AddressAndContactInfo_Page/input_phoneNumber'

2024-02-06 16:23:48 - [MESSAGE][PASSED] - Text 'iahmed@govolution.com' is set on object 'Object Repository/RAD_Pages/AddressAndContactInfo_Page/input_eMailAddress'

2024-02-06 16:23:48 - [MESSAGE][PASSED] - Text 'iahmed@govolution.com' is set on object 'Object Repository/RAD_Pages/AddressAndContactInfo_Page/input_reEnterEMailAddress'

2024-02-06 16:23:48 - [MESSAGE][PASSED] - rad.getSetDataRAD.setDataRADAddress is PASSED

2024-02-06 16:23:48 - [TEST_STEP][PASSED] - if (feinSSN.equalsIgnoreCase("Y")): rad.getSetDataRAD.setDataRADFEINSSN is PASSED

2024-02-06 16:23:48 - [TEST_STEP][PASSED] - rad.getSetDataRAD.setDataRADFEINSSN(): rad.getSetDataRAD.setDataRADFEINSSN is PASSED

2024-02-06 16:23:49 - [MESSAGE][PASSED] - Text ****** has been set on object 'Object Repository/RAD_Pages/TaxInfo_Page/input_TaxInfo_FeinSsn_New_2'

2024-02-06 16:23:50 - [MESSAGE][PASSED] - Text ****** has been set on object 'Object Repository/RAD_Pages/TaxInfo_Page/input_TaxInfo_RetypeFeinSsn_New_2'

2024-02-06 16:23:50 - [MESSAGE][PASSED] - rad.getSetDataRAD.setDataRADFEINSSN is PASSED

2024-02-06 16:23:50 - [TEST_STEP][PASSED] - setText(findTestObject(orPath_Amount + "/input__paymentAmount"), "10.00"): Text '10.00' is set on object 'Object Repository/RAD_Pages/PaymentAmount_Page/input__paymentAmount'

2024-02-06 16:23:50 - [MESSAGE][PASSED] - Text '10.00' is set on object 'Object Repository/RAD_Pages/PaymentAmount_Page/input__paymentAmount'

2024-02-06 16:23:50 - [TEST_STEP][PASSED] - setText(findTestObject(orPath_AddressContact + "/input_streetAddress2"), ""): Text '' is set on object 'Object Repository/RAD_Pages/AddressAndContactInfo_Page/input_streetAddress2'

2024-02-06 16:23:51 - [MESSAGE][PASSED] - Text '' is set on object 'Object Repository/RAD_Pages/AddressAndContactInfo_Page/input_streetAddress2'

2024-02-06 16:23:51 - [TEST_STEP][PASSED] - scrollToElement(findTestObject(orPath_Landing + "/button_Continue"), 3): Scroll to object 'Object Repository/RAD_Pages/Landing_Page/button_Continue' successfully

2024-02-06 16:23:51 - [MESSAGE][PASSED] - Scroll to object 'Object Repository/RAD_Pages/Landing_Page/button_Continue' successfully

2024-02-06 16:23:51 - [TEST_STEP][PASSED] - waitForElementClickable(findTestObject(orPath_Landing + "/button_Continue"), 5): Object 'Object Repository/RAD_Pages/Landing_Page/button_Continue' is clickable

2024-02-06 16:23:52 - [MESSAGE][PASSED] - Object 'Object Repository/RAD_Pages/Landing_Page/button_Continue' is clickable

2024-02-06 16:23:52 - [TEST_STEP][PASSED] - click(findTestObject(orPath_Landing + "/button_Continue")): Object: 'Object Repository/RAD_Pages/Landing_Page/button_Continue' is clicked on

2024-02-06 16:23:52 - [MESSAGE][PASSED] - Object: 'Object Repository/RAD_Pages/Landing_Page/button_Continue' is clicked on

2024-02-06 16:23:52 - [TEST_STEP][PASSED] - delay(2): Delayed 2 second(s)

2024-02-06 16:23:54 - [MESSAGE][PASSED] - Delayed 2 second(s)

2024-02-06 16:23:54 - [TEST_STEP][PASSED] - click(findTestObject(orPath_Summary + "/button_Proceed to Payment")): Object: 'Object Repository/RAD_Pages/Summary_Page/button_Proceed to Payment' is clicked on

2024-02-06 16:23:56 - [MESSAGE][PASSED] - Object: 'Object Repository/RAD_Pages/Summary_Page/button_Proceed to Payment' is clicked on

2024-02-06 16:23:56 - [TEST_STEP][PASSED] - if (verifyElementPresent(findTestObject("Object Repository/RAD_Pages/PaymentEntry_Page/input__billingName"), 30)): null

2024-02-06 16:23:56 - [MESSAGE][PASSED] - Object 'Object Repository/RAD_Pages/PaymentEntry_Page/input__billingName' is present

2024-02-06 16:23:56 - [TEST_STEP][PASSED] - verifyTextPresent("Comptroller of Maryland", true): Text 'Comptroller of Maryland' is present on page  using regular expression

2024-02-06 16:23:57 - [MESSAGE][PASSED] - Text 'Comptroller of Maryland' is present on page  using regular expression

2024-02-06 16:23:57 - [TEST_STEP][PASSED] - verifyTextPresent("Revenue Administration Division", true): Text 'Revenue Administration Division' is present on page  using regular expression

2024-02-06 16:23:57 - [MESSAGE][PASSED] - Text 'Revenue Administration Division' is present on page  using regular expression

2024-02-06 16:23:57 - [TEST_STEP][PASSED] - verifyTextPresent("Payment Information", true): Text 'Payment Information' is present on page  using regular expression

2024-02-06 16:23:57 - [MESSAGE][PASSED] - Text 'Payment Information' is present on page  using regular expression

2024-02-06 16:23:57 - [TEST_STEP][PASSED] - card_Name = getAttribute(findTestObject("Object Repository/RAD_Pages/PaymentEntry_Page/input__billingName"), "value"): Attribute 'value' of object 'Object Repository/RAD_Pages/PaymentEntry_Page/input__billingName' is: 'BusRepFname BusRepLname'

2024-02-06 16:23:58 - [MESSAGE][PASSED] - Attribute 'value' of object 'Object Repository/RAD_Pages/PaymentEntry_Page/input__billingName' is: 'BusRepFname BusRepLname'

2024-02-06 16:23:58 - [TEST_STEP][PASSED] - verifyMatch("BusRepFname BusRepLname", card_Name, false): Actual text 'BusRepFname BusRepLname' and expected text 'BusRepFname BusRepLname' are matched 

2024-02-06 16:23:58 - [MESSAGE][PASSED] - Actual text 'BusRepFname BusRepLname' and expected text 'BusRepFname BusRepLname' are matched 

2024-02-06 16:23:58 - [TEST_STEP][PASSED] - AL1 = getAttribute(findTestObject("Object Repository/RAD_Pages/PaymentEntry_Page/input_billingAddress"), "value"): Attribute 'value' of object 'Object Repository/RAD_Pages/PaymentEntry_Page/input_billingAddress' is: '2508 Mandan Terrace'

2024-02-06 16:23:58 - [MESSAGE][PASSED] - Attribute 'value' of object 'Object Repository/RAD_Pages/PaymentEntry_Page/input_billingAddress' is: '2508 Mandan Terrace'

2024-02-06 16:23:58 - [TEST_STEP][PASSED] - verifyMatch("2508 Mandan Terrace", AL1, false): Actual text '2508 Mandan Terrace' and expected text '2508 Mandan Terrace' are matched 

2024-02-06 16:23:58 - [MESSAGE][PASSED] - Actual text '2508 Mandan Terrace' and expected text '2508 Mandan Terrace' are matched 

2024-02-06 16:23:58 - [TEST_STEP][PASSED] - AL2 = getAttribute(findTestObject("Object Repository/RAD_Pages/PaymentEntry_Page/input_billingAddress2"), "value"): Attribute 'value' of object 'Object Repository/RAD_Pages/PaymentEntry_Page/input_billingAddress2' is: ''

2024-02-06 16:23:58 - [MESSAGE][PASSED] - Attribute 'value' of object 'Object Repository/RAD_Pages/PaymentEntry_Page/input_billingAddress2' is: ''

2024-02-06 16:23:58 - [TEST_STEP][PASSED] - verifyMatch("", AL2, false): Actual text '' and expected text '' are matched 

2024-02-06 16:23:58 - [MESSAGE][PASSED] - Actual text '' and expected text '' are matched 

2024-02-06 16:23:58 - [TEST_STEP][PASSED] - zipCode = getAttribute(findTestObject("Object Repository/RAD_Pages/PaymentEntry_Page/input_billingZip"), "value"): Attribute 'value' of object 'Object Repository/RAD_Pages/PaymentEntry_Page/input_billingZip' is: '21054'

2024-02-06 16:23:59 - [MESSAGE][PASSED] - Attribute 'value' of object 'Object Repository/RAD_Pages/PaymentEntry_Page/input_billingZip' is: '21054'

2024-02-06 16:23:59 - [TEST_STEP][PASSED] - verifyMatch("21054", zipCode, false): Actual text '21054' and expected text '21054' are matched 

2024-02-06 16:23:59 - [MESSAGE][PASSED] - Actual text '21054' and expected text '21054' are matched 

2024-02-06 16:23:59 - [TEST_STEP][PASSED] - city = getAttribute(findTestObject("Object Repository/RAD_Pages/PaymentEntry_Page/input_billingCity"), "value"): Attribute 'value' of object 'Object Repository/RAD_Pages/PaymentEntry_Page/input_billingCity' is: 'GAMBRILLS'

2024-02-06 16:23:59 - [MESSAGE][PASSED] - Attribute 'value' of object 'Object Repository/RAD_Pages/PaymentEntry_Page/input_billingCity' is: 'GAMBRILLS'

2024-02-06 16:23:59 - [TEST_STEP][PASSED] - verifyMatch("GAMBRILLS", city, false): Actual text 'GAMBRILLS' and expected text 'GAMBRILLS' are matched 

2024-02-06 16:23:59 - [MESSAGE][PASSED] - Actual text 'GAMBRILLS' and expected text 'GAMBRILLS' are matched 

2024-02-06 16:23:59 - [TEST_STEP][PASSED] - email = getAttribute(findTestObject("Object Repository/RAD_Pages/PaymentEntry_Page/input_emailAddress"), "value"): Attribute 'value' of object 'Object Repository/RAD_Pages/PaymentEntry_Page/input_emailAddress' is: 'iahmed@govolution.com'

2024-02-06 16:23:59 - [MESSAGE][PASSED] - Attribute 'value' of object 'Object Repository/RAD_Pages/PaymentEntry_Page/input_emailAddress' is: 'iahmed@govolution.com'

2024-02-06 16:23:59 - [TEST_STEP][PASSED] - verifyMatch("iahmed@govolution.com", email, false): Actual text 'iahmed@govolution.com' and expected text 'iahmed@govolution.com' are matched 

2024-02-06 16:23:59 - [MESSAGE][PASSED] - Actual text 'iahmed@govolution.com' and expected text 'iahmed@govolution.com' are matched 

2024-02-06 16:23:59 - [TEST_STEP][PASSED] - amount = getAttribute(findTestObject("Object Repository/RAD_Pages/PaymentEntry_Page/input_amount"), "value"): Attribute 'value' of object 'Object Repository/RAD_Pages/PaymentEntry_Page/input_amount' is: '10.00'

2024-02-06 16:24:00 - [MESSAGE][PASSED] - Attribute 'value' of object 'Object Repository/RAD_Pages/PaymentEntry_Page/input_amount' is: '10.00'

2024-02-06 16:24:00 - [TEST_STEP][PASSED] - verifyMatch("10.00", amount, false): Actual text '10.00' and expected text '10.00' are matched 

2024-02-06 16:24:00 - [MESSAGE][PASSED] - Actual text '10.00' and expected text '10.00' are matched 

2024-02-06 16:24:00 - [TEST_STEP][PASSED] - amountReadOnly = getAttribute(findTestObject("Object Repository/RAD_Pages/PaymentEntry_Page/input_amount"), "readonly"): Attribute 'readonly' of object 'Object Repository/RAD_Pages/PaymentEntry_Page/input_amount' is: 'true'

2024-02-06 16:24:00 - [MESSAGE][PASSED] - Attribute 'readonly' of object 'Object Repository/RAD_Pages/PaymentEntry_Page/input_amount' is: 'true'

2024-02-06 16:24:00 - [TEST_STEP][PASSED] - verifyMatch("true", amountReadOnly, false): Actual text 'true' and expected text 'true' are matched 

2024-02-06 16:24:00 - [MESSAGE][PASSED] - Actual text 'true' and expected text 'true' are matched 

2024-02-06 16:24:00 - [TEST_STEP][PASSED] - verifyOptionSelectedByLabel(findTestObject("Object Repository/RAD_Pages/PaymentEntry_Page/select_Country"), "United States", false, 20): All options with label 'United States' are selected in object 'Object Repository/RAD_Pages/PaymentEntry_Page/select_Country' 

2024-02-06 16:24:01 - [MESSAGE][PASSED] - All options with label 'United States' are selected in object 'Object Repository/RAD_Pages/PaymentEntry_Page/select_Country' 

2024-02-06 16:24:01 - [TEST_STEP][PASSED] - verifyOptionSelectedByLabel(findTestObject("Object Repository/RAD_Pages/PaymentEntry_Page/select_State"), "Maryland", false, 20): All options with label 'Maryland' are selected in object 'Object Repository/RAD_Pages/PaymentEntry_Page/select_State' 

2024-02-06 16:24:04 - [MESSAGE][PASSED] - All options with label 'Maryland' are selected in object 'Object Repository/RAD_Pages/PaymentEntry_Page/select_State' 

2024-02-06 16:24:04 - [TEST_STEP][PASSED] - setText(findTestObject(orPath_PaymentEntry + "/input__cardNumber"), "4111111111111111"): Text '4111111111111111' is set on object 'Object Repository/RAD_Pages/PaymentEntry_Page/input__cardNumber'

2024-02-06 16:24:05 - [MESSAGE][PASSED] - Text '4111111111111111' is set on object 'Object Repository/RAD_Pages/PaymentEntry_Page/input__cardNumber'

2024-02-06 16:24:05 - [TEST_STEP][PASSED] - setText(findTestObject(orPath_PaymentEntry + "/input__spc"), "123"): Text '123' is set on object 'Object Repository/RAD_Pages/PaymentEntry_Page/input__spc'

2024-02-06 16:24:05 - [MESSAGE][PASSED] - Text '123' is set on object 'Object Repository/RAD_Pages/PaymentEntry_Page/input__spc'

2024-02-06 16:24:05 - [TEST_STEP][PASSED] - selectOptionByLabel(findTestObject(orPath_PaymentEntry + "/select_MM"), "12", false): All options with label '12' are selected in object 'Object Repository/RAD_Pages/PaymentEntry_Page/select_MM' 

2024-02-06 16:24:06 - [MESSAGE][PASSED] - All options with label '12' are selected in object 'Object Repository/RAD_Pages/PaymentEntry_Page/select_MM' 

2024-02-06 16:24:06 - [TEST_STEP][PASSED] - selectOptionByLabel(findTestObject(orPath_PaymentEntry + "/select_YYYY"), "2028", false): All options with label '2028' are selected in object 'Object Repository/RAD_Pages/PaymentEntry_Page/select_YYYY' 

2024-02-06 16:24:07 - [MESSAGE][PASSED] - All options with label '2028' are selected in object 'Object Repository/RAD_Pages/PaymentEntry_Page/select_YYYY' 

2024-02-06 16:24:07 - [TEST_STEP][PASSED] - click(findTestObject(orPath_PaymentEntry + "/input_Field_ccSubmit")): Object: 'Object Repository/RAD_Pages/PaymentEntry_Page/input_Field_ccSubmit' is clicked on

2024-02-06 16:24:08 - [MESSAGE][PASSED] - Object: 'Object Repository/RAD_Pages/PaymentEntry_Page/input_Field_ccSubmit' is clicked on

2024-02-06 16:24:08 - [TEST_STEP][PASSED] - click(findTestObject(orPath_PaymentConfirmation + "/input_N_confirmNotifyAction")): Object: 'Object Repository/RAD_Pages/PaymentConfirmation_Page/input_N_confirmNotifyAction' is clicked on

2024-02-06 16:24:09 - [MESSAGE][PASSED] - Object: 'Object Repository/RAD_Pages/PaymentConfirmation_Page/input_N_confirmNotifyAction' is clicked on

2024-02-06 16:24:09 - [TEST_STEP][PASSED] - verifyTextPresent("Service Fee Acceptance", true): Text 'Service Fee Acceptance' is present on page  using regular expression

2024-02-06 16:24:09 - [MESSAGE][PASSED] - Text 'Service Fee Acceptance' is present on page  using regular expression

2024-02-06 16:24:09 - [TEST_STEP][PASSED] - verifyTextPresent("This transaction is subject to a Service Fee of ", true): Text 'This transaction is subject to a Service Fee of ' is present on page  using regular expression

2024-02-06 16:24:10 - [MESSAGE][PASSED] - Text 'This transaction is subject to a Service Fee of ' is present on page  using regular expression

2024-02-06 16:24:10 - [TEST_STEP][PASSED] - verifyTextPresent("Payment Amount:", true): Text 'Payment Amount:' is present on page  using regular expression

2024-02-06 16:24:10 - [MESSAGE][PASSED] - Text 'Payment Amount:' is present on page  using regular expression

2024-02-06 16:24:10 - [TEST_STEP][PASSED] - verifyTextPresent("10.00", true): Text '10.00' is present on page  using regular expression

2024-02-06 16:24:10 - [MESSAGE][PASSED] - Text '10.00' is present on page  using regular expression

2024-02-06 16:24:10 - [TEST_STEP][PASSED] - verifyTextPresent("Service Fee:", true): Text 'Service Fee:' is present on page  using regular expression

2024-02-06 16:24:11 - [MESSAGE][PASSED] - Text 'Service Fee:' is present on page  using regular expression

2024-02-06 16:24:11 - [TEST_STEP][PASSED] - verifyTextPresent("1.00", true): Text '1.00' is present on page  using regular expression

2024-02-06 16:24:11 - [MESSAGE][PASSED] - Text '1.00' is present on page  using regular expression

2024-02-06 16:24:11 - [TEST_STEP][PASSED] - verifyTextPresent("Total Amount:", true): Text 'Total Amount:' is present on page  using regular expression

2024-02-06 16:24:11 - [MESSAGE][PASSED] - Text 'Total Amount:' is present on page  using regular expression

2024-02-06 16:24:11 - [TEST_STEP][PASSED] - verifyTextPresent("11.00", true): Text '11.00' is present on page  using regular expression

2024-02-06 16:24:11 - [MESSAGE][PASSED] - Text '11.00' is present on page  using regular expression

2024-02-06 16:24:11 - [TEST_STEP][PASSED] - verifyTextPresent("Two transactions will appear on your bank statement, one in the amount of", true): Text 'Two transactions will appear on your bank statement, one in the amount of' is present on page  using regular expression

2024-02-06 16:24:12 - [MESSAGE][PASSED] - Text 'Two transactions will appear on your bank statement, one in the amount of' is present on page  using regular expression

2024-02-06 16:24:12 - [TEST_STEP][PASSED] - if (verifyElementPresent(findTestObject(orPath_ServiceFeesAccept + "/input_convFeeNotifyAction"), 30)): null

2024-02-06 16:24:12 - [MESSAGE][PASSED] - Object 'Object Repository/RAD_Pages/ServiceFeeAccept_Page/input_convFeeNotifyAction' is present

2024-02-06 16:24:12 - [TEST_STEP][PASSED] - resText = "Pass": null

2024-02-06 16:24:12 - [TEST_STEP][PASSED] - pages.WriteExcel.demoKey(resText, datText, resColumn, datCloumn, fileLoc, nameSheet, row): pages.WriteExcel.demoKey is PASSED

2024-02-06 16:24:12 - [MESSAGE][PASSED] - pages.WriteExcel.demoKey is PASSED

2024-02-06 16:24:12 - [TEST_STEP][PASSED] - if (execProfile == "QAProfile" || execProfile == "QA2Profile"): Text 'Successful Payment Receipt' is present on page  using regular expression

2024-02-06 16:24:12 - [TEST_STEP][PASSED] - click(findTestObject(orPath_ServiceFeesAccept + "/input_convFeeNotifyAction")): Object: 'Object Repository/RAD_Pages/ServiceFeeAccept_Page/input_convFeeNotifyAction' is clicked on

2024-02-06 16:24:13 - [MESSAGE][PASSED] - Object: 'Object Repository/RAD_Pages/ServiceFeeAccept_Page/input_convFeeNotifyAction' is clicked on

2024-02-06 16:24:13 - [TEST_STEP][PASSED] - delay(10): Delayed 10 second(s)

2024-02-06 16:24:23 - [MESSAGE][PASSED] - Delayed 10 second(s)

2024-02-06 16:24:23 - [TEST_STEP][PASSED] - verifyTextPresent("Successful Payment Receipt", true): Text 'Successful Payment Receipt' is present on page  using regular expression

2024-02-06 16:24:24 - [MESSAGE][PASSED] - Text 'Successful Payment Receipt' is present on page  using regular expression

2024-02-06 16:24:24 - [TEST_STEP][PASSED] - ExecuteTC = findTestData(dataFile).getValue("Execute", row): null

2024-02-06 16:24:24 - [TEST_STEP][PASSED] - TaxType = findTestData(dataFile).getValue("TaxType", row): null

2024-02-06 16:24:24 - [TEST_STEP][PASSED] - PaymentType = findTestData(dataFile).getValue("PaymentType", row): null

2024-02-06 16:24:24 - [TEST_STEP][PASSED] - FilingYear = findTestData(dataFile).getValue("Year", row): null

2024-02-06 16:24:24 - [TEST_STEP][PASSED] - PeriodEndingMonth = findTestData(dataFile).getValue("Month", row): null

2024-02-06 16:24:24 - [TEST_STEP][PASSED] - feinSSN = findTestData(dataFile).getValue("FeinSsn", row): null

2024-02-06 16:24:24 - [TEST_STEP][PASSED] - if (ExecuteTC.equalsIgnoreCase("Y")): null

2024-02-06 16:24:24 - [TEST_STEP][PASSED] - out.println("Begin Record Number: " + row): null

2024-02-06 16:24:24 - [TEST_STEP][PASSED] - today = new java.util.Date(): null

2024-02-06 16:24:24 - [TEST_STEP][PASSED] - println(today): null

2024-02-06 16:24:24 - [TEST_STEP][PASSED] - datText = today: null

2024-02-06 16:24:24 - [TEST_STEP][PASSED] - logInfo("Payment Type: Quarterly Estimated Tax"): Payment Type: Quarterly Estimated Tax

2024-02-06 16:24:24 - [MESSAGE][INFO] - Payment Type: Quarterly Estimated Tax

2024-02-06 16:24:24 - [TEST_STEP][PASSED] - logInfo("Tax Type: " + TaxType): Tax Type: PTE Tax Electing S Corp

2024-02-06 16:24:24 - [MESSAGE][INFO] - Tax Type: PTE Tax Electing S Corp

2024-02-06 16:24:24 - [TEST_STEP][PASSED] - openBrowser(""): Browser is opened with url: ''

2024-02-06 16:24:24 - [MESSAGE][WARNING] - A browser is already opened. Closing browser and opening a new one

2024-02-06 16:24:25 - [MESSAGE][INFO] - Starting 'Chrome' driver

2024-02-06 16:24:25 - [MESSAGE][INFO] - User set preference: ['acceptInsecureCerts', 'true']

2024-02-06 16:24:25 - [MESSAGE][INFO] - Action delay is set to 0 milliseconds

2024-02-06 16:24:27 - [MESSAGE][PASSED] - Browser is opened with url: ''

2024-02-06 16:24:27 - [TEST_STEP][PASSED] - maximizeWindow(): Current window maximized

2024-02-06 16:24:27 - [MESSAGE][PASSED] - Current window maximized

2024-02-06 16:24:27 - [TEST_STEP][PASSED] - navigateToUrl(RADurl): Navigate to 'https://qa2.velocitypayment.com/client/rad/index.html' successfully

2024-02-06 16:24:28 - [MESSAGE][PASSED] - Navigate to 'https://qa2.velocitypayment.com/client/rad/index.html' successfully

2024-02-06 16:24:28 - [TEST_STEP][PASSED] - selectOptionByLabel(findTestObject(orPath_Landing + "/dd_TaxType"), "Quarterly Estimated Tax", false): All options with label 'Quarterly Estimated Tax' are selected in object 'Object Repository/RAD_Pages/Landing_Page/dd_TaxType' 

2024-02-06 16:24:29 - [MESSAGE][PASSED] - All options with label 'Quarterly Estimated Tax' are selected in object 'Object Repository/RAD_Pages/Landing_Page/dd_TaxType' 

2024-02-06 16:24:29 - [TEST_STEP][PASSED] - selectOptionByLabel(findTestObject(orPath_TaxTypeFilingYear + "/select_PaymentType"), TaxType, false): All options with label 'PTE Tax Electing S Corp' are selected in object 'Object Repository/RAD_Pages/TaxTypeFilingYear_Page/select_PaymentType' 

2024-02-06 16:24:30 - [MESSAGE][PASSED] - All options with label 'PTE Tax Electing S Corp' are selected in object 'Object Repository/RAD_Pages/TaxTypeFilingYear_Page/select_PaymentType' 

2024-02-06 16:24:30 - [TEST_STEP][PASSED] - selectOptionByLabel(findTestObject(orPath_TaxTypeFilingYear + "/select_FilingYear"), FilingYear, false): All options with label '2024' are selected in object 'Object Repository/RAD_Pages/TaxTypeFilingYear_Page/select_FilingYear' 

2024-02-06 16:24:30 - [MESSAGE][PASSED] - All options with label '2024' are selected in object 'Object Repository/RAD_Pages/TaxTypeFilingYear_Page/select_FilingYear' 

2024-02-06 16:24:30 - [TEST_STEP][PASSED] - selectOptionByLabel(findTestObject(orPath_TaxTypeFilingYear + "/select_PeriodEnding"), PeriodEndingMonth, false): All options with label 'December' are selected in object 'Object Repository/RAD_Pages/TaxTypeFilingYear_Page/select_PeriodEnding' 

2024-02-06 16:24:31 - [MESSAGE][PASSED] - All options with label 'December' are selected in object 'Object Repository/RAD_Pages/TaxTypeFilingYear_Page/select_PeriodEnding' 

2024-02-06 16:24:31 - [TEST_STEP][PASSED] - rad.getSetDataRAD.setDataRADBusinessName(): rad.getSetDataRAD.setDataRADBusinessName is PASSED

2024-02-06 16:24:32 - [MESSAGE][PASSED] - Text 'My Company' is set on object 'Object Repository/RAD_Pages/Taxpayer_Page/input_businessName'

2024-02-06 16:24:32 - [MESSAGE][PASSED] - rad.getSetDataRAD.setDataRADBusinessName is PASSED

2024-02-06 16:24:32 - [TEST_STEP][PASSED] - rad.getSetDataRAD.setDataRADBusinessRep(): rad.getSetDataRAD.setDataRADBusinessRep is PASSED

2024-02-06 16:24:33 - [MESSAGE][PASSED] - Text 'BusRepFname' is set on object 'Object Repository/RAD_Pages/Taxpayer_Page/input_BusinessRepfirstName'

2024-02-06 16:24:33 - [MESSAGE][PASSED] - Text '' is set on object 'Object Repository/RAD_Pages/Taxpayer_Page/input_BusinessRepmiddleName'

2024-02-06 16:24:34 - [MESSAGE][PASSED] - Text 'BusRepLname' is set on object 'Object Repository/RAD_Pages/Taxpayer_Page/input_BusinessReplastName'

2024-02-06 16:24:35 - [MESSAGE][PASSED] - Text '' is set on object 'Object Repository/RAD_Pages/Taxpayer_Page/input_BusinessRepsuffix'

2024-02-06 16:24:35 - [MESSAGE][PASSED] - rad.getSetDataRAD.setDataRADBusinessRep is PASSED

2024-02-06 16:24:35 - [TEST_STEP][PASSED] - rad.getSetDataRAD.setDataRADAddress(): rad.getSetDataRAD.setDataRADAddress is PASSED

2024-02-06 16:24:35 - [MESSAGE][PASSED] - All options with label 'United States' are selected in object 'Object Repository/RAD_Pages/AddressAndContactInfo_Page/select_Country' 

2024-02-06 16:24:36 - [MESSAGE][PASSED] - Text '2508 Mandan Terrace' is set on object 'Object Repository/RAD_Pages/AddressAndContactInfo_Page/input_streetAddress1'

2024-02-06 16:24:37 - [MESSAGE][PASSED] - Text '' is set on object 'Object Repository/RAD_Pages/AddressAndContactInfo_Page/input_streetAddress2'

2024-02-06 16:24:38 - [MESSAGE][PASSED] - Text 'Gambrills' is set on object 'Object Repository/RAD_Pages/AddressAndContactInfo_Page/input_city'

2024-02-06 16:24:38 - [MESSAGE][PASSED] - All options with label 'Maryland' are selected in object 'Object Repository/RAD_Pages/AddressAndContactInfo_Page/select_State' 

2024-02-06 16:24:39 - [MESSAGE][PASSED] - Text '21054' is set on object 'Object Repository/RAD_Pages/AddressAndContactInfo_Page/input_zipCode'

2024-02-06 16:24:40 - [MESSAGE][PASSED] - Text '(703) 894-5000' is set on object 'Object Repository/RAD_Pages/AddressAndContactInfo_Page/input_phoneNumber'

2024-02-06 16:24:41 - [MESSAGE][PASSED] - Text 'iahmed@govolution.com' is set on object 'Object Repository/RAD_Pages/AddressAndContactInfo_Page/input_eMailAddress'

2024-02-06 16:24:42 - [MESSAGE][PASSED] - Text 'iahmed@govolution.com' is set on object 'Object Repository/RAD_Pages/AddressAndContactInfo_Page/input_reEnterEMailAddress'

2024-02-06 16:24:42 - [MESSAGE][PASSED] - rad.getSetDataRAD.setDataRADAddress is PASSED

2024-02-06 16:24:42 - [TEST_STEP][PASSED] - if (feinSSN.equalsIgnoreCase("Y")): rad.getSetDataRAD.setDataRADFEINSSN is PASSED

2024-02-06 16:24:42 - [TEST_STEP][PASSED] - rad.getSetDataRAD.setDataRADFEINSSN(): rad.getSetDataRAD.setDataRADFEINSSN is PASSED

2024-02-06 16:24:42 - [MESSAGE][PASSED] - Text ****** has been set on object 'Object Repository/RAD_Pages/TaxInfo_Page/input_TaxInfo_FeinSsn_New_2'

2024-02-06 16:24:43 - [MESSAGE][PASSED] - Text ****** has been set on object 'Object Repository/RAD_Pages/TaxInfo_Page/input_TaxInfo_RetypeFeinSsn_New_2'

2024-02-06 16:24:43 - [MESSAGE][PASSED] - rad.getSetDataRAD.setDataRADFEINSSN is PASSED

2024-02-06 16:24:43 - [TEST_STEP][PASSED] - setText(findTestObject(orPath_Amount + "/input__paymentAmount"), "10.00"): Text '10.00' is set on object 'Object Repository/RAD_Pages/PaymentAmount_Page/input__paymentAmount'

2024-02-06 16:24:43 - [MESSAGE][PASSED] - Text '10.00' is set on object 'Object Repository/RAD_Pages/PaymentAmount_Page/input__paymentAmount'

2024-02-06 16:24:43 - [TEST_STEP][PASSED] - setText(findTestObject(orPath_AddressContact + "/input_streetAddress2"), ""): Text '' is set on object 'Object Repository/RAD_Pages/AddressAndContactInfo_Page/input_streetAddress2'

2024-02-06 16:24:44 - [MESSAGE][PASSED] - Text '' is set on object 'Object Repository/RAD_Pages/AddressAndContactInfo_Page/input_streetAddress2'

2024-02-06 16:24:44 - [TEST_STEP][PASSED] - scrollToElement(findTestObject(orPath_Landing + "/button_Continue"), 3): Scroll to object 'Object Repository/RAD_Pages/Landing_Page/button_Continue' successfully

2024-02-06 16:24:45 - [MESSAGE][PASSED] - Scroll to object 'Object Repository/RAD_Pages/Landing_Page/button_Continue' successfully

2024-02-06 16:24:45 - [TEST_STEP][PASSED] - waitForElementClickable(findTestObject(orPath_Landing + "/button_Continue"), 5): Object 'Object Repository/RAD_Pages/Landing_Page/button_Continue' is clickable

2024-02-06 16:24:45 - [MESSAGE][PASSED] - Object 'Object Repository/RAD_Pages/Landing_Page/button_Continue' is clickable

2024-02-06 16:24:45 - [TEST_STEP][PASSED] - click(findTestObject(orPath_Landing + "/button_Continue")): Object: 'Object Repository/RAD_Pages/Landing_Page/button_Continue' is clicked on

2024-02-06 16:24:46 - [MESSAGE][PASSED] - Object: 'Object Repository/RAD_Pages/Landing_Page/button_Continue' is clicked on

2024-02-06 16:24:46 - [TEST_STEP][PASSED] - delay(2): Delayed 2 second(s)

2024-02-06 16:24:48 - [MESSAGE][PASSED] - Delayed 2 second(s)

2024-02-06 16:24:48 - [TEST_STEP][PASSED] - click(findTestObject(orPath_Summary + "/button_Proceed to Payment")): Object: 'Object Repository/RAD_Pages/Summary_Page/button_Proceed to Payment' is clicked on

2024-02-06 16:24:49 - [MESSAGE][PASSED] - Object: 'Object Repository/RAD_Pages/Summary_Page/button_Proceed to Payment' is clicked on

2024-02-06 16:24:49 - [TEST_STEP][PASSED] - if (verifyElementPresent(findTestObject("Object Repository/RAD_Pages/PaymentEntry_Page/input__billingName"), 30)): null

2024-02-06 16:24:49 - [MESSAGE][PASSED] - Object 'Object Repository/RAD_Pages/PaymentEntry_Page/input__billingName' is present

2024-02-06 16:24:49 - [TEST_STEP][PASSED] - verifyTextPresent("Comptroller of Maryland", true): Text 'Comptroller of Maryland' is present on page  using regular expression

2024-02-06 16:24:50 - [MESSAGE][PASSED] - Text 'Comptroller of Maryland' is present on page  using regular expression

2024-02-06 16:24:50 - [TEST_STEP][PASSED] - verifyTextPresent("Revenue Administration Division", true): Text 'Revenue Administration Division' is present on page  using regular expression

2024-02-06 16:24:50 - [MESSAGE][PASSED] - Text 'Revenue Administration Division' is present on page  using regular expression

2024-02-06 16:24:50 - [TEST_STEP][PASSED] - verifyTextPresent("Payment Information", true): Text 'Payment Information' is present on page  using regular expression

2024-02-06 16:24:50 - [MESSAGE][PASSED] - Text 'Payment Information' is present on page  using regular expression

2024-02-06 16:24:50 - [TEST_STEP][PASSED] - card_Name = getAttribute(findTestObject("Object Repository/RAD_Pages/PaymentEntry_Page/input__billingName"), "value"): Attribute 'value' of object 'Object Repository/RAD_Pages/PaymentEntry_Page/input__billingName' is: 'BusRepFname BusRepLname'

2024-02-06 16:24:51 - [MESSAGE][PASSED] - Attribute 'value' of object 'Object Repository/RAD_Pages/PaymentEntry_Page/input__billingName' is: 'BusRepFname BusRepLname'

2024-02-06 16:24:51 - [TEST_STEP][PASSED] - verifyMatch("BusRepFname BusRepLname", card_Name, false): Actual text 'BusRepFname BusRepLname' and expected text 'BusRepFname BusRepLname' are matched 

2024-02-06 16:24:51 - [MESSAGE][PASSED] - Actual text 'BusRepFname BusRepLname' and expected text 'BusRepFname BusRepLname' are matched 

2024-02-06 16:24:51 - [TEST_STEP][PASSED] - AL1 = getAttribute(findTestObject("Object Repository/RAD_Pages/PaymentEntry_Page/input_billingAddress"), "value"): Attribute 'value' of object 'Object Repository/RAD_Pages/PaymentEntry_Page/input_billingAddress' is: '2508 Mandan Terrace'

2024-02-06 16:24:51 - [MESSAGE][PASSED] - Attribute 'value' of object 'Object Repository/RAD_Pages/PaymentEntry_Page/input_billingAddress' is: '2508 Mandan Terrace'

2024-02-06 16:24:51 - [TEST_STEP][PASSED] - verifyMatch("2508 Mandan Terrace", AL1, false): Actual text '2508 Mandan Terrace' and expected text '2508 Mandan Terrace' are matched 

2024-02-06 16:24:51 - [MESSAGE][PASSED] - Actual text '2508 Mandan Terrace' and expected text '2508 Mandan Terrace' are matched 

2024-02-06 16:24:51 - [TEST_STEP][PASSED] - AL2 = getAttribute(findTestObject("Object Repository/RAD_Pages/PaymentEntry_Page/input_billingAddress2"), "value"): Attribute 'value' of object 'Object Repository/RAD_Pages/PaymentEntry_Page/input_billingAddress2' is: ''

2024-02-06 16:24:51 - [MESSAGE][PASSED] - Attribute 'value' of object 'Object Repository/RAD_Pages/PaymentEntry_Page/input_billingAddress2' is: ''

2024-02-06 16:24:51 - [TEST_STEP][PASSED] - verifyMatch("", AL2, false): Actual text '' and expected text '' are matched 

2024-02-06 16:24:51 - [MESSAGE][PASSED] - Actual text '' and expected text '' are matched 

2024-02-06 16:24:51 - [TEST_STEP][PASSED] - zipCode = getAttribute(findTestObject("Object Repository/RAD_Pages/PaymentEntry_Page/input_billingZip"), "value"): Attribute 'value' of object 'Object Repository/RAD_Pages/PaymentEntry_Page/input_billingZip' is: '21054'

2024-02-06 16:24:52 - [MESSAGE][PASSED] - Attribute 'value' of object 'Object Repository/RAD_Pages/PaymentEntry_Page/input_billingZip' is: '21054'

2024-02-06 16:24:52 - [TEST_STEP][PASSED] - verifyMatch("21054", zipCode, false): Actual text '21054' and expected text '21054' are matched 

2024-02-06 16:24:52 - [MESSAGE][PASSED] - Actual text '21054' and expected text '21054' are matched 

2024-02-06 16:24:52 - [TEST_STEP][PASSED] - city = getAttribute(findTestObject("Object Repository/RAD_Pages/PaymentEntry_Page/input_billingCity"), "value"): Attribute 'value' of object 'Object Repository/RAD_Pages/PaymentEntry_Page/input_billingCity' is: 'GAMBRILLS'

2024-02-06 16:24:52 - [MESSAGE][PASSED] - Attribute 'value' of object 'Object Repository/RAD_Pages/PaymentEntry_Page/input_billingCity' is: 'GAMBRILLS'

2024-02-06 16:24:52 - [TEST_STEP][PASSED] - verifyMatch("GAMBRILLS", city, false): Actual text 'GAMBRILLS' and expected text 'GAMBRILLS' are matched 

2024-02-06 16:24:52 - [MESSAGE][PASSED] - Actual text 'GAMBRILLS' and expected text 'GAMBRILLS' are matched 

2024-02-06 16:24:52 - [TEST_STEP][PASSED] - email = getAttribute(findTestObject("Object Repository/RAD_Pages/PaymentEntry_Page/input_emailAddress"), "value"): Attribute 'value' of object 'Object Repository/RAD_Pages/PaymentEntry_Page/input_emailAddress' is: 'iahmed@govolution.com'

2024-02-06 16:24:52 - [MESSAGE][PASSED] - Attribute 'value' of object 'Object Repository/RAD_Pages/PaymentEntry_Page/input_emailAddress' is: 'iahmed@govolution.com'

2024-02-06 16:24:52 - [TEST_STEP][PASSED] - verifyMatch("iahmed@govolution.com", email, false): Actual text 'iahmed@govolution.com' and expected text 'iahmed@govolution.com' are matched 

2024-02-06 16:24:52 - [MESSAGE][PASSED] - Actual text 'iahmed@govolution.com' and expected text 'iahmed@govolution.com' are matched 

2024-02-06 16:24:52 - [TEST_STEP][PASSED] - amount = getAttribute(findTestObject("Object Repository/RAD_Pages/PaymentEntry_Page/input_amount"), "value"): Attribute 'value' of object 'Object Repository/RAD_Pages/PaymentEntry_Page/input_amount' is: '10.00'

2024-02-06 16:24:53 - [MESSAGE][PASSED] - Attribute 'value' of object 'Object Repository/RAD_Pages/PaymentEntry_Page/input_amount' is: '10.00'

2024-02-06 16:24:53 - [TEST_STEP][PASSED] - verifyMatch("10.00", amount, false): Actual text '10.00' and expected text '10.00' are matched 

2024-02-06 16:24:53 - [MESSAGE][PASSED] - Actual text '10.00' and expected text '10.00' are matched 

2024-02-06 16:24:53 - [TEST_STEP][PASSED] - amountReadOnly = getAttribute(findTestObject("Object Repository/RAD_Pages/PaymentEntry_Page/input_amount"), "readonly"): Attribute 'readonly' of object 'Object Repository/RAD_Pages/PaymentEntry_Page/input_amount' is: 'true'

2024-02-06 16:24:53 - [MESSAGE][PASSED] - Attribute 'readonly' of object 'Object Repository/RAD_Pages/PaymentEntry_Page/input_amount' is: 'true'

2024-02-06 16:24:53 - [TEST_STEP][PASSED] - verifyMatch("true", amountReadOnly, false): Actual text 'true' and expected text 'true' are matched 

2024-02-06 16:24:53 - [MESSAGE][PASSED] - Actual text 'true' and expected text 'true' are matched 

2024-02-06 16:24:53 - [TEST_STEP][PASSED] - verifyOptionSelectedByLabel(findTestObject("Object Repository/RAD_Pages/PaymentEntry_Page/select_Country"), "United States", false, 20): All options with label 'United States' are selected in object 'Object Repository/RAD_Pages/PaymentEntry_Page/select_Country' 

2024-02-06 16:24:54 - [MESSAGE][PASSED] - All options with label 'United States' are selected in object 'Object Repository/RAD_Pages/PaymentEntry_Page/select_Country' 

2024-02-06 16:24:54 - [TEST_STEP][PASSED] - verifyOptionSelectedByLabel(findTestObject("Object Repository/RAD_Pages/PaymentEntry_Page/select_State"), "Maryland", false, 20): All options with label 'Maryland' are selected in object 'Object Repository/RAD_Pages/PaymentEntry_Page/select_State' 

2024-02-06 16:24:57 - [MESSAGE][PASSED] - All options with label 'Maryland' are selected in object 'Object Repository/RAD_Pages/PaymentEntry_Page/select_State' 

2024-02-06 16:24:57 - [TEST_STEP][PASSED] - setText(findTestObject(orPath_PaymentEntry + "/input__cardNumber"), "4111111111111111"): Text '4111111111111111' is set on object 'Object Repository/RAD_Pages/PaymentEntry_Page/input__cardNumber'

2024-02-06 16:24:58 - [MESSAGE][PASSED] - Text '4111111111111111' is set on object 'Object Repository/RAD_Pages/PaymentEntry_Page/input__cardNumber'

2024-02-06 16:24:58 - [TEST_STEP][PASSED] - setText(findTestObject(orPath_PaymentEntry + "/input__spc"), "123"): Text '123' is set on object 'Object Repository/RAD_Pages/PaymentEntry_Page/input__spc'

2024-02-06 16:24:58 - [MESSAGE][PASSED] - Text '123' is set on object 'Object Repository/RAD_Pages/PaymentEntry_Page/input__spc'

2024-02-06 16:24:58 - [TEST_STEP][PASSED] - selectOptionByLabel(findTestObject(orPath_PaymentEntry + "/select_MM"), "12", false): All options with label '12' are selected in object 'Object Repository/RAD_Pages/PaymentEntry_Page/select_MM' 

2024-02-06 16:24:59 - [MESSAGE][PASSED] - All options with label '12' are selected in object 'Object Repository/RAD_Pages/PaymentEntry_Page/select_MM' 

2024-02-06 16:24:59 - [TEST_STEP][PASSED] - selectOptionByLabel(findTestObject(orPath_PaymentEntry + "/select_YYYY"), "2028", false): All options with label '2028' are selected in object 'Object Repository/RAD_Pages/PaymentEntry_Page/select_YYYY' 

2024-02-06 16:25:00 - [MESSAGE][PASSED] - All options with label '2028' are selected in object 'Object Repository/RAD_Pages/PaymentEntry_Page/select_YYYY' 

2024-02-06 16:25:00 - [TEST_STEP][PASSED] - click(findTestObject(orPath_PaymentEntry + "/input_Field_ccSubmit")): Object: 'Object Repository/RAD_Pages/PaymentEntry_Page/input_Field_ccSubmit' is clicked on

2024-02-06 16:25:01 - [MESSAGE][PASSED] - Object: 'Object Repository/RAD_Pages/PaymentEntry_Page/input_Field_ccSubmit' is clicked on

2024-02-06 16:25:01 - [TEST_STEP][PASSED] - click(findTestObject(orPath_PaymentConfirmation + "/input_N_confirmNotifyAction")): Object: 'Object Repository/RAD_Pages/PaymentConfirmation_Page/input_N_confirmNotifyAction' is clicked on

2024-02-06 16:25:02 - [MESSAGE][PASSED] - Object: 'Object Repository/RAD_Pages/PaymentConfirmation_Page/input_N_confirmNotifyAction' is clicked on

2024-02-06 16:25:02 - [TEST_STEP][PASSED] - verifyTextPresent("Service Fee Acceptance", true): Text 'Service Fee Acceptance' is present on page  using regular expression

2024-02-06 16:25:02 - [MESSAGE][PASSED] - Text 'Service Fee Acceptance' is present on page  using regular expression

2024-02-06 16:25:02 - [TEST_STEP][PASSED] - verifyTextPresent("This transaction is subject to a Service Fee of ", true): Text 'This transaction is subject to a Service Fee of ' is present on page  using regular expression

2024-02-06 16:25:02 - [MESSAGE][PASSED] - Text 'This transaction is subject to a Service Fee of ' is present on page  using regular expression

2024-02-06 16:25:02 - [TEST_STEP][PASSED] - verifyTextPresent("Payment Amount:", true): Text 'Payment Amount:' is present on page  using regular expression

2024-02-06 16:25:03 - [MESSAGE][PASSED] - Text 'Payment Amount:' is present on page  using regular expression

2024-02-06 16:25:03 - [TEST_STEP][PASSED] - verifyTextPresent("10.00", true): Text '10.00' is present on page  using regular expression

2024-02-06 16:25:03 - [MESSAGE][PASSED] - Text '10.00' is present on page  using regular expression

2024-02-06 16:25:03 - [TEST_STEP][PASSED] - verifyTextPresent("Service Fee:", true): Text 'Service Fee:' is present on page  using regular expression

2024-02-06 16:25:03 - [MESSAGE][PASSED] - Text 'Service Fee:' is present on page  using regular expression

2024-02-06 16:25:03 - [TEST_STEP][PASSED] - verifyTextPresent("1.00", true): Text '1.00' is present on page  using regular expression

2024-02-06 16:25:04 - [MESSAGE][PASSED] - Text '1.00' is present on page  using regular expression

2024-02-06 16:25:04 - [TEST_STEP][PASSED] - verifyTextPresent("Total Amount:", true): Text 'Total Amount:' is present on page  using regular expression

2024-02-06 16:25:04 - [MESSAGE][PASSED] - Text 'Total Amount:' is present on page  using regular expression

2024-02-06 16:25:04 - [TEST_STEP][PASSED] - verifyTextPresent("11.00", true): Text '11.00' is present on page  using regular expression

2024-02-06 16:25:04 - [MESSAGE][PASSED] - Text '11.00' is present on page  using regular expression

2024-02-06 16:25:04 - [TEST_STEP][PASSED] - verifyTextPresent("Two transactions will appear on your bank statement, one in the amount of", true): Text 'Two transactions will appear on your bank statement, one in the amount of' is present on page  using regular expression

2024-02-06 16:25:04 - [MESSAGE][PASSED] - Text 'Two transactions will appear on your bank statement, one in the amount of' is present on page  using regular expression

2024-02-06 16:25:04 - [TEST_STEP][PASSED] - if (verifyElementPresent(findTestObject(orPath_ServiceFeesAccept + "/input_convFeeNotifyAction"), 30)): null

2024-02-06 16:25:05 - [MESSAGE][PASSED] - Object 'Object Repository/RAD_Pages/ServiceFeeAccept_Page/input_convFeeNotifyAction' is present

2024-02-06 16:25:05 - [TEST_STEP][PASSED] - resText = "Pass": null

2024-02-06 16:25:05 - [TEST_STEP][PASSED] - pages.WriteExcel.demoKey(resText, datText, resColumn, datCloumn, fileLoc, nameSheet, row): pages.WriteExcel.demoKey is PASSED

2024-02-06 16:25:05 - [MESSAGE][PASSED] - pages.WriteExcel.demoKey is PASSED

2024-02-06 16:25:05 - [TEST_STEP][PASSED] - if (execProfile == "QAProfile" || execProfile == "QA2Profile"): Text 'Successful Payment Receipt' is present on page  using regular expression

2024-02-06 16:25:05 - [TEST_STEP][PASSED] - click(findTestObject(orPath_ServiceFeesAccept + "/input_convFeeNotifyAction")): Object: 'Object Repository/RAD_Pages/ServiceFeeAccept_Page/input_convFeeNotifyAction' is clicked on

2024-02-06 16:25:06 - [MESSAGE][PASSED] - Object: 'Object Repository/RAD_Pages/ServiceFeeAccept_Page/input_convFeeNotifyAction' is clicked on

2024-02-06 16:25:06 - [TEST_STEP][PASSED] - delay(10): Delayed 10 second(s)

2024-02-06 16:25:16 - [MESSAGE][PASSED] - Delayed 10 second(s)

2024-02-06 16:25:16 - [TEST_STEP][PASSED] - verifyTextPresent("Successful Payment Receipt", true): Text 'Successful Payment Receipt' is present on page  using regular expression

2024-02-06 16:25:16 - [MESSAGE][PASSED] - Text 'Successful Payment Receipt' is present on page  using regular expression]]></system-out>
         <system-err><![CDATA[]]></system-err>
      </testcase>
      <testcase name="Test Cases/RAD_TestCases/BeforePayments_TestCases/Existing_BeforePayments_TC" time="979.08" classname="Test Cases/RAD_TestCases/BeforePayments_TestCases/Existing_BeforePayments_TC" status="PASSED">
         <system-out><![CDATA[2024-02-06 16:25:16 - [TEST_CASE][PASSED] - Test Cases/RAD_TestCases/BeforePayments_TestCases/Existing_BeforePayments_TC: Test Cases/RAD_TestCases/BeforePayments_TestCases/Existing_BeforePayments_TC

2024-02-06 16:25:17 - [TEST_STEP][PASSED] - resText = "Fail": null

2024-02-06 16:25:17 - [TEST_STEP][PASSED] - resColumn = "Result": null

2024-02-06 16:25:17 - [TEST_STEP][PASSED] - datCloumn = "Date": null

2024-02-06 16:25:17 - [TEST_STEP][PASSED] - fileLoc = "KatalonData/RADTestData/BeforePayments.xlsx": null

2024-02-06 16:25:17 - [TEST_STEP][PASSED] - nameSheet = "Existing": null

2024-02-06 16:25:17 - [TEST_STEP][PASSED] - dataFile = "RADTestData/BeforePayments_Existing": null

2024-02-06 16:25:17 - [TEST_STEP][PASSED] - orPath_Landing = "Object Repository/RAD_Pages/Landing_Page": null

2024-02-06 16:25:17 - [TEST_STEP][PASSED] - orPath_TaxTypeFilingYear = "Object Repository/RAD_Pages/TaxTypeFilingYear_Page": null

2024-02-06 16:25:17 - [TEST_STEP][PASSED] - orPath_Amount = "Object Repository/RAD_Pages/PaymentAmount_Page": null

2024-02-06 16:25:17 - [TEST_STEP][PASSED] - orPath_AddressContact = "Object Repository/RAD_Pages/AddressAndContactInfo_Page": null

2024-02-06 16:25:17 - [TEST_STEP][PASSED] - orPath_Summary = "Object Repository/RAD_Pages/Summary_Page": null

2024-02-06 16:25:17 - [TEST_STEP][PASSED] - orPath_PaymentConfirmation = "Object Repository/RAD_Pages/PaymentConfirmation_Page": null

2024-02-06 16:25:17 - [TEST_STEP][PASSED] - orPath_ServiceFeesAccept = "Object Repository/RAD_Pages/ServiceFeeAccept_Page": null

2024-02-06 16:25:17 - [TEST_STEP][PASSED] - orPath_PaymentEntry = "Object Repository/RAD_Pages/PaymentEntry_Page": null

2024-02-06 16:25:17 - [TEST_STEP][PASSED] - orPath_TaxInfo = "Object Repository/RAD_Pages/TaxInfo_Page": null

2024-02-06 16:25:17 - [TEST_STEP][PASSED] - ExecuteTC = <not implemented yet for class: org.codehaus.groovy.ast.expr.EmptyExpression>: null

2024-02-06 16:25:17 - [TEST_STEP][PASSED] - TaxType = <not implemented yet for class: org.codehaus.groovy.ast.expr.EmptyExpression>: null

2024-02-06 16:25:17 - [TEST_STEP][PASSED] - PaymentType = <not implemented yet for class: org.codehaus.groovy.ast.expr.EmptyExpression>: null

2024-02-06 16:25:17 - [TEST_STEP][PASSED] - FilingYear = <not implemented yet for class: org.codehaus.groovy.ast.expr.EmptyExpression>: null

2024-02-06 16:25:17 - [TEST_STEP][PASSED] - PeriodEndingMonth = <not implemented yet for class: org.codehaus.groovy.ast.expr.EmptyExpression>: null

2024-02-06 16:25:17 - [TEST_STEP][PASSED] - feinSsn = <not implemented yet for class: org.codehaus.groovy.ast.expr.EmptyExpression>: null

2024-02-06 16:25:17 - [TEST_STEP][PASSED] - execProfile = getExecutionProfile(): null

2024-02-06 16:25:17 - [TEST_STEP][PASSED] - numOfRows = findTestData(dataFile).getRowNumbers(): null

2024-02-06 16:25:17 - [TEST_STEP][PASSED] - println("Number of Records: " + numOfRows): null

2024-02-06 16:25:17 - [TEST_STEP][PASSED] - for ([row = 1, row <= numOfRows, (row++)]): null

2024-02-06 16:25:17 - [TEST_STEP][PASSED] - ExecuteTC = findTestData(dataFile).getValue("Execute", row): null

2024-02-06 16:25:17 - [TEST_STEP][PASSED] - TaxType = findTestData(dataFile).getValue("TaxType", row): null

2024-02-06 16:25:17 - [TEST_STEP][PASSED] - PaymentType = findTestData(dataFile).getValue("PaymentType", row): null

2024-02-06 16:25:17 - [TEST_STEP][PASSED] - feinSsn = findTestData(dataFile).getValue("FEINSSN", row): null

2024-02-06 16:25:17 - [TEST_STEP][PASSED] - if (ExecuteTC.equalsIgnoreCase("Y")): null

2024-02-06 16:25:17 - [TEST_STEP][PASSED] - out.println("Begin Record Number: " + row): null

2024-02-06 16:25:17 - [TEST_STEP][PASSED] - today = new java.util.Date(): null

2024-02-06 16:25:17 - [TEST_STEP][PASSED] - println(today): null

2024-02-06 16:25:17 - [TEST_STEP][PASSED] - datText = today: null

2024-02-06 16:25:17 - [TEST_STEP][PASSED] - logInfo("Payment Type: Existing Liability w/Notice Number"): Payment Type: Existing Liability w/Notice Number

2024-02-06 16:25:17 - [MESSAGE][INFO] - Payment Type: Existing Liability w/Notice Number

2024-02-06 16:25:17 - [TEST_STEP][PASSED] - logInfo("Tax Type: " + TaxType): Tax Type: Bay Restoration Fee

2024-02-06 16:25:17 - [MESSAGE][INFO] - Tax Type: Bay Restoration Fee

2024-02-06 16:25:17 - [TEST_STEP][PASSED] - openBrowser(""): Browser is opened with url: ''

2024-02-06 16:25:17 - [MESSAGE][WARNING] - A browser is already opened. Closing browser and opening a new one

2024-02-06 16:25:18 - [MESSAGE][INFO] - Starting 'Chrome' driver

2024-02-06 16:25:18 - [MESSAGE][INFO] - User set preference: ['acceptInsecureCerts', 'true']

2024-02-06 16:25:18 - [MESSAGE][INFO] - Action delay is set to 0 milliseconds

2024-02-06 16:25:20 - [MESSAGE][PASSED] - Browser is opened with url: ''

2024-02-06 16:25:20 - [TEST_STEP][PASSED] - maximizeWindow(): Current window maximized

2024-02-06 16:25:20 - [MESSAGE][PASSED] - Current window maximized

2024-02-06 16:25:20 - [TEST_STEP][PASSED] - navigateToUrl(RADurl): Navigate to 'https://qa2.velocitypayment.com/client/rad/index.html' successfully

2024-02-06 16:25:23 - [MESSAGE][PASSED] - Navigate to 'https://qa2.velocitypayment.com/client/rad/index.html' successfully

2024-02-06 16:25:23 - [TEST_STEP][PASSED] - selectOptionByLabel(findTestObject(orPath_Landing + "/dd_TaxType"), "Existing Liability w/Notice Number", false): All options with label 'Existing Liability w/Notice Number' are selected in object 'Object Repository/RAD_Pages/Landing_Page/dd_TaxType' 

2024-02-06 16:25:24 - [MESSAGE][PASSED] - All options with label 'Existing Liability w/Notice Number' are selected in object 'Object Repository/RAD_Pages/Landing_Page/dd_TaxType' 

2024-02-06 16:25:24 - [TEST_STEP][PASSED] - selectOptionByLabel(findTestObject(orPath_TaxTypeFilingYear + "/select_TaxType_ExistingLiability"), TaxType, false): All options with label 'Bay Restoration Fee' are selected in object 'Object Repository/RAD_Pages/TaxTypeFilingYear_Page/select_TaxType_ExistingLiability' 

2024-02-06 16:25:25 - [MESSAGE][PASSED] - All options with label 'Bay Restoration Fee' are selected in object 'Object Repository/RAD_Pages/TaxTypeFilingYear_Page/select_TaxType_ExistingLiability' 

2024-02-06 16:25:25 - [TEST_STEP][PASSED] - rad.getSetDataRAD.setDataRADBusinessName(): rad.getSetDataRAD.setDataRADBusinessName is PASSED

2024-02-06 16:25:26 - [MESSAGE][PASSED] - Text 'My Company' is set on object 'Object Repository/RAD_Pages/Taxpayer_Page/input_businessName'

2024-02-06 16:25:26 - [MESSAGE][PASSED] - rad.getSetDataRAD.setDataRADBusinessName is PASSED

2024-02-06 16:25:26 - [TEST_STEP][PASSED] - rad.getSetDataRAD.setDataRADBusinessRep(): rad.getSetDataRAD.setDataRADBusinessRep is PASSED

2024-02-06 16:25:26 - [MESSAGE][PASSED] - Text 'BusRepFname' is set on object 'Object Repository/RAD_Pages/Taxpayer_Page/input_BusinessRepfirstName'

2024-02-06 16:25:27 - [MESSAGE][PASSED] - Text '' is set on object 'Object Repository/RAD_Pages/Taxpayer_Page/input_BusinessRepmiddleName'

2024-02-06 16:25:28 - [MESSAGE][PASSED] - Text 'BusRepLname' is set on object 'Object Repository/RAD_Pages/Taxpayer_Page/input_BusinessReplastName'

2024-02-06 16:25:29 - [MESSAGE][PASSED] - Text '' is set on object 'Object Repository/RAD_Pages/Taxpayer_Page/input_BusinessRepsuffix'

2024-02-06 16:25:29 - [MESSAGE][PASSED] - rad.getSetDataRAD.setDataRADBusinessRep is PASSED

2024-02-06 16:25:29 - [TEST_STEP][PASSED] - rad.getSetDataRAD.setDataRADAddress(): rad.getSetDataRAD.setDataRADAddress is PASSED

2024-02-06 16:25:29 - [MESSAGE][PASSED] - All options with label 'United States' are selected in object 'Object Repository/RAD_Pages/AddressAndContactInfo_Page/select_Country' 

2024-02-06 16:25:30 - [MESSAGE][PASSED] - Text '2508 Mandan Terrace' is set on object 'Object Repository/RAD_Pages/AddressAndContactInfo_Page/input_streetAddress1'

2024-02-06 16:25:31 - [MESSAGE][PASSED] - Text '' is set on object 'Object Repository/RAD_Pages/AddressAndContactInfo_Page/input_streetAddress2'

2024-02-06 16:25:32 - [MESSAGE][PASSED] - Text 'Gambrills' is set on object 'Object Repository/RAD_Pages/AddressAndContactInfo_Page/input_city'

2024-02-06 16:25:32 - [MESSAGE][PASSED] - All options with label 'Maryland' are selected in object 'Object Repository/RAD_Pages/AddressAndContactInfo_Page/select_State' 

2024-02-06 16:25:33 - [MESSAGE][PASSED] - Text '21054' is set on object 'Object Repository/RAD_Pages/AddressAndContactInfo_Page/input_zipCode'

2024-02-06 16:25:34 - [MESSAGE][PASSED] - Text '(703) 894-5000' is set on object 'Object Repository/RAD_Pages/AddressAndContactInfo_Page/input_phoneNumber'

2024-02-06 16:25:35 - [MESSAGE][PASSED] - Text 'iahmed@govolution.com' is set on object 'Object Repository/RAD_Pages/AddressAndContactInfo_Page/input_eMailAddress'

2024-02-06 16:25:36 - [MESSAGE][PASSED] - Text 'iahmed@govolution.com' is set on object 'Object Repository/RAD_Pages/AddressAndContactInfo_Page/input_reEnterEMailAddress'

2024-02-06 16:25:36 - [MESSAGE][PASSED] - rad.getSetDataRAD.setDataRADAddress is PASSED

2024-02-06 16:25:36 - [TEST_STEP][PASSED] - if (feinSsn.equalsIgnoreCase("Y")): null

2024-02-06 16:25:36 - [TEST_STEP][PASSED] - else: Text ****** has been set on object 'Object Repository/RAD_Pages/TaxInfo_Page/input_concat(id(, , data, , ))_Data (1)'

2024-02-06 16:25:36 - [TEST_STEP][PASSED] - if (!(TaxType.equalsIgnoreCase("Estate Tax"))): Text ****** has been set on object 'Object Repository/RAD_Pages/TaxInfo_Page/input_concat(id(, , data, , ))_Data (1)'

2024-02-06 16:25:36 - [TEST_STEP][PASSED] - setEncryptedText(findTestObject("Object Repository/RAD_Pages/TaxInfo_Page/input_concat(id(, , data, , ))_Data"), "RigbBhfdqODKcAsiUrg+1Q=="): Text ****** has been set on object 'Object Repository/RAD_Pages/TaxInfo_Page/input_concat(id(, , data, , ))_Data'

2024-02-06 16:25:36 - [MESSAGE][PASSED] - Text ****** has been set on object 'Object Repository/RAD_Pages/TaxInfo_Page/input_concat(id(, , data, , ))_Data'

2024-02-06 16:25:36 - [TEST_STEP][PASSED] - setEncryptedText(findTestObject("Object Repository/RAD_Pages/TaxInfo_Page/input_concat(id(, , data, , ))_Data (1)"), "RigbBhfdqODKcAsiUrg+1Q=="): Text ****** has been set on object 'Object Repository/RAD_Pages/TaxInfo_Page/input_concat(id(, , data, , ))_Data (1)'

2024-02-06 16:25:37 - [MESSAGE][PASSED] - Text ****** has been set on object 'Object Repository/RAD_Pages/TaxInfo_Page/input_concat(id(, , data, , ))_Data (1)'

2024-02-06 16:25:37 - [TEST_STEP][PASSED] - rad.getSetDataRAD.setDataRADNoticeInvoiceThirteen(): rad.getSetDataRAD.setDataRADNoticeInvoiceThirteen is PASSED

2024-02-06 16:25:38 - [MESSAGE][PASSED] - Text '1234567890123' is set on object 'Object Repository/RAD_Pages/TaxInfo_Page/input_NoticeInvoiceNumber'

2024-02-06 16:25:39 - [MESSAGE][PASSED] - Text '1234567890123' is set on object 'Object Repository/RAD_Pages/TaxInfo_Page/input_reTypeNoticeInvoiceNumber'

2024-02-06 16:25:39 - [MESSAGE][PASSED] - rad.getSetDataRAD.setDataRADNoticeInvoiceThirteen is PASSED

2024-02-06 16:25:39 - [TEST_STEP][PASSED] - switch (TaxType): null

2024-02-06 16:25:39 - [TEST_STEP][PASSED] - if (TaxType.equalsIgnoreCase("Estate Tax")): null

2024-02-06 16:25:39 - [TEST_STEP][PASSED] - setText(findTestObject(orPath_Amount + "/input__paymentAmount"), "10.00"): Text '10.00' is set on object 'Object Repository/RAD_Pages/PaymentAmount_Page/input__paymentAmount'

2024-02-06 16:25:39 - [MESSAGE][PASSED] - Text '10.00' is set on object 'Object Repository/RAD_Pages/PaymentAmount_Page/input__paymentAmount'

2024-02-06 16:25:39 - [TEST_STEP][PASSED] - setText(findTestObject(orPath_AddressContact + "/input_streetAddress2"), ""): Text '' is set on object 'Object Repository/RAD_Pages/AddressAndContactInfo_Page/input_streetAddress2'

2024-02-06 16:25:40 - [MESSAGE][PASSED] - Text '' is set on object 'Object Repository/RAD_Pages/AddressAndContactInfo_Page/input_streetAddress2'

2024-02-06 16:25:40 - [TEST_STEP][PASSED] - scrollToElement(findTestObject(orPath_Landing + "/button_Continue"), 3): Scroll to object 'Object Repository/RAD_Pages/Landing_Page/button_Continue' successfully

2024-02-06 16:25:41 - [MESSAGE][PASSED] - Scroll to object 'Object Repository/RAD_Pages/Landing_Page/button_Continue' successfully

2024-02-06 16:25:41 - [TEST_STEP][PASSED] - waitForElementClickable(findTestObject(orPath_Landing + "/button_Continue"), 5): Object 'Object Repository/RAD_Pages/Landing_Page/button_Continue' is clickable

2024-02-06 16:25:41 - [MESSAGE][PASSED] - Object 'Object Repository/RAD_Pages/Landing_Page/button_Continue' is clickable

2024-02-06 16:25:41 - [TEST_STEP][PASSED] - click(findTestObject(orPath_Landing + "/button_Continue")): Object: 'Object Repository/RAD_Pages/Landing_Page/button_Continue' is clicked on

2024-02-06 16:25:41 - [MESSAGE][PASSED] - Object: 'Object Repository/RAD_Pages/Landing_Page/button_Continue' is clicked on

2024-02-06 16:25:41 - [TEST_STEP][PASSED] - delay(2): Delayed 2 second(s)

2024-02-06 16:25:43 - [MESSAGE][PASSED] - Delayed 2 second(s)

2024-02-06 16:25:43 - [TEST_STEP][PASSED] - click(findTestObject(orPath_Summary + "/button_Proceed to Payment")): Object: 'Object Repository/RAD_Pages/Summary_Page/button_Proceed to Payment' is clicked on

2024-02-06 16:25:45 - [MESSAGE][PASSED] - Object: 'Object Repository/RAD_Pages/Summary_Page/button_Proceed to Payment' is clicked on

2024-02-06 16:25:45 - [TEST_STEP][PASSED] - if (verifyElementPresent(findTestObject("Object Repository/RAD_Pages/PaymentEntry_Page/input__billingName"), 30)): null

2024-02-06 16:25:46 - [MESSAGE][PASSED] - Object 'Object Repository/RAD_Pages/PaymentEntry_Page/input__billingName' is present

2024-02-06 16:25:46 - [TEST_STEP][PASSED] - verifyTextPresent("Payment Information", true): Text 'Payment Information' is present on page  using regular expression

2024-02-06 16:25:46 - [MESSAGE][PASSED] - Text 'Payment Information' is present on page  using regular expression

2024-02-06 16:25:46 - [TEST_STEP][PASSED] - card_Name = getAttribute(findTestObject("Object Repository/RAD_Pages/PaymentEntry_Page/input__billingName"), "value"): Attribute 'value' of object 'Object Repository/RAD_Pages/PaymentEntry_Page/input__billingName' is: 'BusRepFname BusRepLname'

2024-02-06 16:25:46 - [MESSAGE][PASSED] - Attribute 'value' of object 'Object Repository/RAD_Pages/PaymentEntry_Page/input__billingName' is: 'BusRepFname BusRepLname'

2024-02-06 16:25:46 - [TEST_STEP][PASSED] - verifyMatch("BusRepFname BusRepLname", card_Name, false): Actual text 'BusRepFname BusRepLname' and expected text 'BusRepFname BusRepLname' are matched 

2024-02-06 16:25:46 - [MESSAGE][PASSED] - Actual text 'BusRepFname BusRepLname' and expected text 'BusRepFname BusRepLname' are matched 

2024-02-06 16:25:46 - [TEST_STEP][PASSED] - AL1 = getAttribute(findTestObject("Object Repository/RAD_Pages/PaymentEntry_Page/input_billingAddress"), "value"): Attribute 'value' of object 'Object Repository/RAD_Pages/PaymentEntry_Page/input_billingAddress' is: '2508 Mandan Terrace'

2024-02-06 16:25:47 - [MESSAGE][PASSED] - Attribute 'value' of object 'Object Repository/RAD_Pages/PaymentEntry_Page/input_billingAddress' is: '2508 Mandan Terrace'

2024-02-06 16:25:47 - [TEST_STEP][PASSED] - verifyMatch("2508 Mandan Terrace", AL1, false): Actual text '2508 Mandan Terrace' and expected text '2508 Mandan Terrace' are matched 

2024-02-06 16:25:47 - [MESSAGE][PASSED] - Actual text '2508 Mandan Terrace' and expected text '2508 Mandan Terrace' are matched 

2024-02-06 16:25:47 - [TEST_STEP][PASSED] - AL2 = getAttribute(findTestObject("Object Repository/RAD_Pages/PaymentEntry_Page/input_billingAddress2"), "value"): Attribute 'value' of object 'Object Repository/RAD_Pages/PaymentEntry_Page/input_billingAddress2' is: ''

2024-02-06 16:25:47 - [MESSAGE][PASSED] - Attribute 'value' of object 'Object Repository/RAD_Pages/PaymentEntry_Page/input_billingAddress2' is: ''

2024-02-06 16:25:47 - [TEST_STEP][PASSED] - verifyMatch("", AL2, false): Actual text '' and expected text '' are matched 

2024-02-06 16:25:47 - [MESSAGE][PASSED] - Actual text '' and expected text '' are matched 

2024-02-06 16:25:47 - [TEST_STEP][PASSED] - zipCode = getAttribute(findTestObject("Object Repository/RAD_Pages/PaymentEntry_Page/input_billingZip"), "value"): Attribute 'value' of object 'Object Repository/RAD_Pages/PaymentEntry_Page/input_billingZip' is: '21054'

2024-02-06 16:25:47 - [MESSAGE][PASSED] - Attribute 'value' of object 'Object Repository/RAD_Pages/PaymentEntry_Page/input_billingZip' is: '21054'

2024-02-06 16:25:47 - [TEST_STEP][PASSED] - verifyMatch("21054", zipCode, false): Actual text '21054' and expected text '21054' are matched 

2024-02-06 16:25:47 - [MESSAGE][PASSED] - Actual text '21054' and expected text '21054' are matched 

2024-02-06 16:25:47 - [TEST_STEP][PASSED] - city = getAttribute(findTestObject("Object Repository/RAD_Pages/PaymentEntry_Page/input_billingCity"), "value"): Attribute 'value' of object 'Object Repository/RAD_Pages/PaymentEntry_Page/input_billingCity' is: 'GAMBRILLS'

2024-02-06 16:25:48 - [MESSAGE][PASSED] - Attribute 'value' of object 'Object Repository/RAD_Pages/PaymentEntry_Page/input_billingCity' is: 'GAMBRILLS'

2024-02-06 16:25:48 - [TEST_STEP][PASSED] - verifyMatch("GAMBRILLS", city, false): Actual text 'GAMBRILLS' and expected text 'GAMBRILLS' are matched 

2024-02-06 16:25:48 - [MESSAGE][PASSED] - Actual text 'GAMBRILLS' and expected text 'GAMBRILLS' are matched 

2024-02-06 16:25:48 - [TEST_STEP][PASSED] - email = getAttribute(findTestObject("Object Repository/RAD_Pages/PaymentEntry_Page/input_emailAddress"), "value"): Attribute 'value' of object 'Object Repository/RAD_Pages/PaymentEntry_Page/input_emailAddress' is: 'iahmed@govolution.com'

2024-02-06 16:25:48 - [MESSAGE][PASSED] - Attribute 'value' of object 'Object Repository/RAD_Pages/PaymentEntry_Page/input_emailAddress' is: 'iahmed@govolution.com'

2024-02-06 16:25:48 - [TEST_STEP][PASSED] - verifyMatch("iahmed@govolution.com", email, false): Actual text 'iahmed@govolution.com' and expected text 'iahmed@govolution.com' are matched 

2024-02-06 16:25:48 - [MESSAGE][PASSED] - Actual text 'iahmed@govolution.com' and expected text 'iahmed@govolution.com' are matched 

2024-02-06 16:25:48 - [TEST_STEP][PASSED] - amount = getAttribute(findTestObject("Object Repository/RAD_Pages/PaymentEntry_Page/input_amount"), "value"): Attribute 'value' of object 'Object Repository/RAD_Pages/PaymentEntry_Page/input_amount' is: '10.00'

2024-02-06 16:25:48 - [MESSAGE][PASSED] - Attribute 'value' of object 'Object Repository/RAD_Pages/PaymentEntry_Page/input_amount' is: '10.00'

2024-02-06 16:25:48 - [TEST_STEP][PASSED] - verifyMatch("10.00", amount, false): Actual text '10.00' and expected text '10.00' are matched 

2024-02-06 16:25:48 - [MESSAGE][PASSED] - Actual text '10.00' and expected text '10.00' are matched 

2024-02-06 16:25:48 - [TEST_STEP][PASSED] - amountReadOnly = getAttribute(findTestObject("Object Repository/RAD_Pages/PaymentEntry_Page/input_amount"), "readonly"): Attribute 'readonly' of object 'Object Repository/RAD_Pages/PaymentEntry_Page/input_amount' is: 'true'

2024-02-06 16:25:49 - [MESSAGE][PASSED] - Attribute 'readonly' of object 'Object Repository/RAD_Pages/PaymentEntry_Page/input_amount' is: 'true'

2024-02-06 16:25:49 - [TEST_STEP][PASSED] - verifyMatch("true", amountReadOnly, false): Actual text 'true' and expected text 'true' are matched 

2024-02-06 16:25:49 - [MESSAGE][PASSED] - Actual text 'true' and expected text 'true' are matched 

2024-02-06 16:25:49 - [TEST_STEP][PASSED] - verifyOptionSelectedByLabel(findTestObject("Object Repository/RAD_Pages/PaymentEntry_Page/select_Country"), "United States", false, 20): All options with label 'United States' are selected in object 'Object Repository/RAD_Pages/PaymentEntry_Page/select_Country' 

2024-02-06 16:25:50 - [MESSAGE][PASSED] - All options with label 'United States' are selected in object 'Object Repository/RAD_Pages/PaymentEntry_Page/select_Country' 

2024-02-06 16:25:50 - [TEST_STEP][PASSED] - verifyOptionSelectedByLabel(findTestObject("Object Repository/RAD_Pages/PaymentEntry_Page/select_State"), "Maryland", false, 20): All options with label 'Maryland' are selected in object 'Object Repository/RAD_Pages/PaymentEntry_Page/select_State' 

2024-02-06 16:25:53 - [MESSAGE][PASSED] - All options with label 'Maryland' are selected in object 'Object Repository/RAD_Pages/PaymentEntry_Page/select_State' 

2024-02-06 16:25:53 - [TEST_STEP][PASSED] - setText(findTestObject(orPath_PaymentEntry + "/input__cardNumber"), "4111111111111111"): Text '4111111111111111' is set on object 'Object Repository/RAD_Pages/PaymentEntry_Page/input__cardNumber'

2024-02-06 16:25:53 - [MESSAGE][PASSED] - Text '4111111111111111' is set on object 'Object Repository/RAD_Pages/PaymentEntry_Page/input__cardNumber'

2024-02-06 16:25:53 - [TEST_STEP][PASSED] - setText(findTestObject(orPath_PaymentEntry + "/input__spc"), "123"): Text '123' is set on object 'Object Repository/RAD_Pages/PaymentEntry_Page/input__spc'

2024-02-06 16:25:54 - [MESSAGE][PASSED] - Text '123' is set on object 'Object Repository/RAD_Pages/PaymentEntry_Page/input__spc'

2024-02-06 16:25:54 - [TEST_STEP][PASSED] - selectOptionByLabel(findTestObject(orPath_PaymentEntry + "/select_MM"), "12", false): All options with label '12' are selected in object 'Object Repository/RAD_Pages/PaymentEntry_Page/select_MM' 

2024-02-06 16:25:55 - [MESSAGE][PASSED] - All options with label '12' are selected in object 'Object Repository/RAD_Pages/PaymentEntry_Page/select_MM' 

2024-02-06 16:25:55 - [TEST_STEP][PASSED] - selectOptionByLabel(findTestObject(orPath_PaymentEntry + "/select_YYYY"), "2028", false): All options with label '2028' are selected in object 'Object Repository/RAD_Pages/PaymentEntry_Page/select_YYYY' 

2024-02-06 16:25:55 - [MESSAGE][PASSED] - All options with label '2028' are selected in object 'Object Repository/RAD_Pages/PaymentEntry_Page/select_YYYY' 

2024-02-06 16:25:55 - [TEST_STEP][PASSED] - click(findTestObject(orPath_PaymentEntry + "/input_Field_ccSubmit")): Object: 'Object Repository/RAD_Pages/PaymentEntry_Page/input_Field_ccSubmit' is clicked on

2024-02-06 16:25:56 - [MESSAGE][PASSED] - Object: 'Object Repository/RAD_Pages/PaymentEntry_Page/input_Field_ccSubmit' is clicked on

2024-02-06 16:25:56 - [TEST_STEP][PASSED] - click(findTestObject(orPath_PaymentConfirmation + "/input_N_confirmNotifyAction")): Object: 'Object Repository/RAD_Pages/PaymentConfirmation_Page/input_N_confirmNotifyAction' is clicked on

2024-02-06 16:25:57 - [MESSAGE][PASSED] - Object: 'Object Repository/RAD_Pages/PaymentConfirmation_Page/input_N_confirmNotifyAction' is clicked on

2024-02-06 16:25:57 - [TEST_STEP][PASSED] - verifyTextPresent("Service Fee Acceptance", true): Text 'Service Fee Acceptance' is present on page  using regular expression

2024-02-06 16:25:58 - [MESSAGE][PASSED] - Text 'Service Fee Acceptance' is present on page  using regular expression

2024-02-06 16:25:58 - [TEST_STEP][PASSED] - verifyTextPresent("This transaction is subject to a Service Fee of ", true): Text 'This transaction is subject to a Service Fee of ' is present on page  using regular expression

2024-02-06 16:25:58 - [MESSAGE][PASSED] - Text 'This transaction is subject to a Service Fee of ' is present on page  using regular expression

2024-02-06 16:25:58 - [TEST_STEP][PASSED] - verifyTextPresent("Payment Amount:", true): Text 'Payment Amount:' is present on page  using regular expression

2024-02-06 16:25:59 - [MESSAGE][PASSED] - Text 'Payment Amount:' is present on page  using regular expression

2024-02-06 16:25:59 - [TEST_STEP][PASSED] - verifyTextPresent("10.00", true): Text '10.00' is present on page  using regular expression

2024-02-06 16:25:59 - [MESSAGE][PASSED] - Text '10.00' is present on page  using regular expression

2024-02-06 16:25:59 - [TEST_STEP][PASSED] - verifyTextPresent("Service Fee:", true): Text 'Service Fee:' is present on page  using regular expression

2024-02-06 16:25:59 - [MESSAGE][PASSED] - Text 'Service Fee:' is present on page  using regular expression

2024-02-06 16:25:59 - [TEST_STEP][PASSED] - verifyTextPresent("1.00", true): Text '1.00' is present on page  using regular expression

2024-02-06 16:26:00 - [MESSAGE][PASSED] - Text '1.00' is present on page  using regular expression

2024-02-06 16:26:00 - [TEST_STEP][PASSED] - verifyTextPresent("Total Amount:", true): Text 'Total Amount:' is present on page  using regular expression

2024-02-06 16:26:00 - [MESSAGE][PASSED] - Text 'Total Amount:' is present on page  using regular expression

2024-02-06 16:26:00 - [TEST_STEP][PASSED] - verifyTextPresent("11.00", true): Text '11.00' is present on page  using regular expression

2024-02-06 16:26:00 - [MESSAGE][PASSED] - Text '11.00' is present on page  using regular expression

2024-02-06 16:26:00 - [TEST_STEP][PASSED] - verifyTextPresent("Two transactions will appear on your bank statement, one in the amount of", true): Text 'Two transactions will appear on your bank statement, one in the amount of' is present on page  using regular expression

2024-02-06 16:26:00 - [MESSAGE][PASSED] - Text 'Two transactions will appear on your bank statement, one in the amount of' is present on page  using regular expression

2024-02-06 16:26:00 - [TEST_STEP][PASSED] - if (verifyElementPresent(findTestObject(orPath_ServiceFeesAccept + "/input_convFeeNotifyAction"), 30)): null

2024-02-06 16:26:01 - [MESSAGE][PASSED] - Object 'Object Repository/RAD_Pages/ServiceFeeAccept_Page/input_convFeeNotifyAction' is present

2024-02-06 16:26:01 - [TEST_STEP][PASSED] - resText = "Pass": null

2024-02-06 16:26:01 - [TEST_STEP][PASSED] - pages.WriteExcel.demoKey(resText, datText, resColumn, datCloumn, fileLoc, nameSheet, row): pages.WriteExcel.demoKey is PASSED

2024-02-06 16:26:01 - [MESSAGE][PASSED] - pages.WriteExcel.demoKey is PASSED

2024-02-06 16:26:01 - [TEST_STEP][PASSED] - if (execProfile == "QAProfile" || execProfile == "QA2Profile"): Text 'Successful Payment Receipt' is present on page  using regular expression

2024-02-06 16:26:01 - [TEST_STEP][PASSED] - click(findTestObject(orPath_ServiceFeesAccept + "/input_convFeeNotifyAction")): Object: 'Object Repository/RAD_Pages/ServiceFeeAccept_Page/input_convFeeNotifyAction' is clicked on

2024-02-06 16:26:02 - [MESSAGE][PASSED] - Object: 'Object Repository/RAD_Pages/ServiceFeeAccept_Page/input_convFeeNotifyAction' is clicked on

2024-02-06 16:26:02 - [TEST_STEP][PASSED] - delay(10): Delayed 10 second(s)

2024-02-06 16:26:12 - [MESSAGE][PASSED] - Delayed 10 second(s)

2024-02-06 16:26:12 - [TEST_STEP][PASSED] - verifyTextPresent("Successful Payment Receipt", true): Text 'Successful Payment Receipt' is present on page  using regular expression

2024-02-06 16:26:12 - [MESSAGE][PASSED] - Text 'Successful Payment Receipt' is present on page  using regular expression

2024-02-06 16:26:12 - [TEST_STEP][PASSED] - ExecuteTC = findTestData(dataFile).getValue("Execute", row): null

2024-02-06 16:26:12 - [TEST_STEP][PASSED] - TaxType = findTestData(dataFile).getValue("TaxType", row): null

2024-02-06 16:26:12 - [TEST_STEP][PASSED] - PaymentType = findTestData(dataFile).getValue("PaymentType", row): null

2024-02-06 16:26:12 - [TEST_STEP][PASSED] - feinSsn = findTestData(dataFile).getValue("FEINSSN", row): null

2024-02-06 16:26:12 - [TEST_STEP][PASSED] - if (ExecuteTC.equalsIgnoreCase("Y")): null

2024-02-06 16:26:12 - [TEST_STEP][PASSED] - out.println("Begin Record Number: " + row): null

2024-02-06 16:26:12 - [TEST_STEP][PASSED] - today = new java.util.Date(): null

2024-02-06 16:26:12 - [TEST_STEP][PASSED] - println(today): null

2024-02-06 16:26:12 - [TEST_STEP][PASSED] - datText = today: null

2024-02-06 16:26:12 - [TEST_STEP][PASSED] - logInfo("Payment Type: Existing Liability w/Notice Number"): Payment Type: Existing Liability w/Notice Number

2024-02-06 16:26:12 - [MESSAGE][INFO] - Payment Type: Existing Liability w/Notice Number

2024-02-06 16:26:12 - [TEST_STEP][PASSED] - logInfo("Tax Type: " + TaxType): Tax Type: Corporate Income Tax

2024-02-06 16:26:12 - [MESSAGE][INFO] - Tax Type: Corporate Income Tax

2024-02-06 16:26:12 - [TEST_STEP][PASSED] - openBrowser(""): Browser is opened with url: ''

2024-02-06 16:26:12 - [MESSAGE][WARNING] - A browser is already opened. Closing browser and opening a new one

2024-02-06 16:26:13 - [MESSAGE][INFO] - Starting 'Chrome' driver

2024-02-06 16:26:13 - [MESSAGE][INFO] - User set preference: ['acceptInsecureCerts', 'true']

2024-02-06 16:26:13 - [MESSAGE][INFO] - Action delay is set to 0 milliseconds

2024-02-06 16:26:15 - [MESSAGE][PASSED] - Browser is opened with url: ''

2024-02-06 16:26:15 - [TEST_STEP][PASSED] - maximizeWindow(): Current window maximized

2024-02-06 16:26:15 - [MESSAGE][PASSED] - Current window maximized

2024-02-06 16:26:15 - [TEST_STEP][PASSED] - navigateToUrl(RADurl): Navigate to 'https://qa2.velocitypayment.com/client/rad/index.html' successfully

2024-02-06 16:26:16 - [MESSAGE][PASSED] - Navigate to 'https://qa2.velocitypayment.com/client/rad/index.html' successfully

2024-02-06 16:26:16 - [TEST_STEP][PASSED] - selectOptionByLabel(findTestObject(orPath_Landing + "/dd_TaxType"), "Existing Liability w/Notice Number", false): All options with label 'Existing Liability w/Notice Number' are selected in object 'Object Repository/RAD_Pages/Landing_Page/dd_TaxType' 

2024-02-06 16:26:18 - [MESSAGE][PASSED] - All options with label 'Existing Liability w/Notice Number' are selected in object 'Object Repository/RAD_Pages/Landing_Page/dd_TaxType' 

2024-02-06 16:26:18 - [TEST_STEP][PASSED] - selectOptionByLabel(findTestObject(orPath_TaxTypeFilingYear + "/select_TaxType_ExistingLiability"), TaxType, false): All options with label 'Corporate Income Tax' are selected in object 'Object Repository/RAD_Pages/TaxTypeFilingYear_Page/select_TaxType_ExistingLiability' 

2024-02-06 16:26:18 - [MESSAGE][PASSED] - All options with label 'Corporate Income Tax' are selected in object 'Object Repository/RAD_Pages/TaxTypeFilingYear_Page/select_TaxType_ExistingLiability' 

2024-02-06 16:26:18 - [TEST_STEP][PASSED] - rad.getSetDataRAD.setDataRADBusinessName(): rad.getSetDataRAD.setDataRADBusinessName is PASSED

2024-02-06 16:26:19 - [MESSAGE][PASSED] - Text 'My Company' is set on object 'Object Repository/RAD_Pages/Taxpayer_Page/input_businessName'

2024-02-06 16:26:19 - [MESSAGE][PASSED] - rad.getSetDataRAD.setDataRADBusinessName is PASSED

2024-02-06 16:26:19 - [TEST_STEP][PASSED] - rad.getSetDataRAD.setDataRADBusinessRep(): rad.getSetDataRAD.setDataRADBusinessRep is PASSED

2024-02-06 16:26:20 - [MESSAGE][PASSED] - Text 'BusRepFname' is set on object 'Object Repository/RAD_Pages/Taxpayer_Page/input_BusinessRepfirstName'

2024-02-06 16:26:21 - [MESSAGE][PASSED] - Text '' is set on object 'Object Repository/RAD_Pages/Taxpayer_Page/input_BusinessRepmiddleName'

2024-02-06 16:26:21 - [MESSAGE][PASSED] - Text 'BusRepLname' is set on object 'Object Repository/RAD_Pages/Taxpayer_Page/input_BusinessReplastName'

2024-02-06 16:26:22 - [MESSAGE][PASSED] - Text '' is set on object 'Object Repository/RAD_Pages/Taxpayer_Page/input_BusinessRepsuffix'

2024-02-06 16:26:22 - [MESSAGE][PASSED] - rad.getSetDataRAD.setDataRADBusinessRep is PASSED

2024-02-06 16:26:22 - [TEST_STEP][PASSED] - rad.getSetDataRAD.setDataRADAddress(): rad.getSetDataRAD.setDataRADAddress is PASSED

2024-02-06 16:26:23 - [MESSAGE][PASSED] - All options with label 'United States' are selected in object 'Object Repository/RAD_Pages/AddressAndContactInfo_Page/select_Country' 

2024-02-06 16:26:24 - [MESSAGE][PASSED] - Text '2508 Mandan Terrace' is set on object 'Object Repository/RAD_Pages/AddressAndContactInfo_Page/input_streetAddress1'

2024-02-06 16:26:24 - [MESSAGE][PASSED] - Text '' is set on object 'Object Repository/RAD_Pages/AddressAndContactInfo_Page/input_streetAddress2'

2024-02-06 16:26:25 - [MESSAGE][PASSED] - Text 'Gambrills' is set on object 'Object Repository/RAD_Pages/AddressAndContactInfo_Page/input_city'

2024-02-06 16:26:26 - [MESSAGE][PASSED] - All options with label 'Maryland' are selected in object 'Object Repository/RAD_Pages/AddressAndContactInfo_Page/select_State' 

2024-02-06 16:26:27 - [MESSAGE][PASSED] - Text '21054' is set on object 'Object Repository/RAD_Pages/AddressAndContactInfo_Page/input_zipCode'

2024-02-06 16:26:27 - [MESSAGE][PASSED] - Text '(703) 894-5000' is set on object 'Object Repository/RAD_Pages/AddressAndContactInfo_Page/input_phoneNumber'

2024-02-06 16:26:28 - [MESSAGE][PASSED] - Text 'iahmed@govolution.com' is set on object 'Object Repository/RAD_Pages/AddressAndContactInfo_Page/input_eMailAddress'

2024-02-06 16:26:29 - [MESSAGE][PASSED] - Text 'iahmed@govolution.com' is set on object 'Object Repository/RAD_Pages/AddressAndContactInfo_Page/input_reEnterEMailAddress'

2024-02-06 16:26:29 - [MESSAGE][PASSED] - rad.getSetDataRAD.setDataRADAddress is PASSED

2024-02-06 16:26:29 - [TEST_STEP][PASSED] - if (feinSsn.equalsIgnoreCase("Y")): null

2024-02-06 16:26:29 - [TEST_STEP][PASSED] - else: Text ****** has been set on object 'Object Repository/RAD_Pages/TaxInfo_Page/input_concat(id(, , data, , ))_Data (1)'

2024-02-06 16:26:29 - [TEST_STEP][PASSED] - if (!(TaxType.equalsIgnoreCase("Estate Tax"))): Text ****** has been set on object 'Object Repository/RAD_Pages/TaxInfo_Page/input_concat(id(, , data, , ))_Data (1)'

2024-02-06 16:26:29 - [TEST_STEP][PASSED] - setEncryptedText(findTestObject("Object Repository/RAD_Pages/TaxInfo_Page/input_concat(id(, , data, , ))_Data"), "RigbBhfdqODKcAsiUrg+1Q=="): Text ****** has been set on object 'Object Repository/RAD_Pages/TaxInfo_Page/input_concat(id(, , data, , ))_Data'

2024-02-06 16:26:30 - [MESSAGE][PASSED] - Text ****** has been set on object 'Object Repository/RAD_Pages/TaxInfo_Page/input_concat(id(, , data, , ))_Data'

2024-02-06 16:26:30 - [TEST_STEP][PASSED] - setEncryptedText(findTestObject("Object Repository/RAD_Pages/TaxInfo_Page/input_concat(id(, , data, , ))_Data (1)"), "RigbBhfdqODKcAsiUrg+1Q=="): Text ****** has been set on object 'Object Repository/RAD_Pages/TaxInfo_Page/input_concat(id(, , data, , ))_Data (1)'

2024-02-06 16:26:30 - [MESSAGE][PASSED] - Text ****** has been set on object 'Object Repository/RAD_Pages/TaxInfo_Page/input_concat(id(, , data, , ))_Data (1)'

2024-02-06 16:26:30 - [TEST_STEP][PASSED] - rad.getSetDataRAD.setDataRADNoticeInvoiceThirteen(): rad.getSetDataRAD.setDataRADNoticeInvoiceThirteen is PASSED

2024-02-06 16:26:31 - [MESSAGE][PASSED] - Text '1234567890123' is set on object 'Object Repository/RAD_Pages/TaxInfo_Page/input_NoticeInvoiceNumber'

2024-02-06 16:26:32 - [MESSAGE][PASSED] - Text '1234567890123' is set on object 'Object Repository/RAD_Pages/TaxInfo_Page/input_reTypeNoticeInvoiceNumber'

2024-02-06 16:26:32 - [MESSAGE][PASSED] - rad.getSetDataRAD.setDataRADNoticeInvoiceThirteen is PASSED

2024-02-06 16:26:32 - [TEST_STEP][PASSED] - switch (TaxType): null

2024-02-06 16:26:32 - [TEST_STEP][PASSED] - if (TaxType.equalsIgnoreCase("Estate Tax")): null

2024-02-06 16:26:32 - [TEST_STEP][PASSED] - setText(findTestObject(orPath_Amount + "/input__paymentAmount"), "10.00"): Text '10.00' is set on object 'Object Repository/RAD_Pages/PaymentAmount_Page/input__paymentAmount'

2024-02-06 16:26:33 - [MESSAGE][PASSED] - Text '10.00' is set on object 'Object Repository/RAD_Pages/PaymentAmount_Page/input__paymentAmount'

2024-02-06 16:26:33 - [TEST_STEP][PASSED] - setText(findTestObject(orPath_AddressContact + "/input_streetAddress2"), ""): Text '' is set on object 'Object Repository/RAD_Pages/AddressAndContactInfo_Page/input_streetAddress2'

2024-02-06 16:26:34 - [MESSAGE][PASSED] - Text '' is set on object 'Object Repository/RAD_Pages/AddressAndContactInfo_Page/input_streetAddress2'

2024-02-06 16:26:34 - [TEST_STEP][PASSED] - scrollToElement(findTestObject(orPath_Landing + "/button_Continue"), 3): Scroll to object 'Object Repository/RAD_Pages/Landing_Page/button_Continue' successfully

2024-02-06 16:26:35 - [MESSAGE][PASSED] - Scroll to object 'Object Repository/RAD_Pages/Landing_Page/button_Continue' successfully

2024-02-06 16:26:35 - [TEST_STEP][PASSED] - waitForElementClickable(findTestObject(orPath_Landing + "/button_Continue"), 5): Object 'Object Repository/RAD_Pages/Landing_Page/button_Continue' is clickable

2024-02-06 16:26:35 - [MESSAGE][PASSED] - Object 'Object Repository/RAD_Pages/Landing_Page/button_Continue' is clickable

2024-02-06 16:26:35 - [TEST_STEP][PASSED] - click(findTestObject(orPath_Landing + "/button_Continue")): Object: 'Object Repository/RAD_Pages/Landing_Page/button_Continue' is clicked on

2024-02-06 16:26:35 - [MESSAGE][PASSED] - Object: 'Object Repository/RAD_Pages/Landing_Page/button_Continue' is clicked on

2024-02-06 16:26:35 - [TEST_STEP][PASSED] - delay(2): Delayed 2 second(s)

2024-02-06 16:26:37 - [MESSAGE][PASSED] - Delayed 2 second(s)

2024-02-06 16:26:37 - [TEST_STEP][PASSED] - click(findTestObject(orPath_Summary + "/button_Proceed to Payment")): Object: 'Object Repository/RAD_Pages/Summary_Page/button_Proceed to Payment' is clicked on

2024-02-06 16:26:39 - [MESSAGE][PASSED] - Object: 'Object Repository/RAD_Pages/Summary_Page/button_Proceed to Payment' is clicked on

2024-02-06 16:26:39 - [TEST_STEP][PASSED] - if (verifyElementPresent(findTestObject("Object Repository/RAD_Pages/PaymentEntry_Page/input__billingName"), 30)): null

2024-02-06 16:26:39 - [MESSAGE][PASSED] - Object 'Object Repository/RAD_Pages/PaymentEntry_Page/input__billingName' is present

2024-02-06 16:26:39 - [TEST_STEP][PASSED] - verifyTextPresent("Payment Information", true): Text 'Payment Information' is present on page  using regular expression

2024-02-06 16:26:40 - [MESSAGE][PASSED] - Text 'Payment Information' is present on page  using regular expression

2024-02-06 16:26:40 - [TEST_STEP][PASSED] - card_Name = getAttribute(findTestObject("Object Repository/RAD_Pages/PaymentEntry_Page/input__billingName"), "value"): Attribute 'value' of object 'Object Repository/RAD_Pages/PaymentEntry_Page/input__billingName' is: 'BusRepFname BusRepLname'

2024-02-06 16:26:40 - [MESSAGE][PASSED] - Attribute 'value' of object 'Object Repository/RAD_Pages/PaymentEntry_Page/input__billingName' is: 'BusRepFname BusRepLname'

2024-02-06 16:26:40 - [TEST_STEP][PASSED] - verifyMatch("BusRepFname BusRepLname", card_Name, false): Actual text 'BusRepFname BusRepLname' and expected text 'BusRepFname BusRepLname' are matched 

2024-02-06 16:26:40 - [MESSAGE][PASSED] - Actual text 'BusRepFname BusRepLname' and expected text 'BusRepFname BusRepLname' are matched 

2024-02-06 16:26:40 - [TEST_STEP][PASSED] - AL1 = getAttribute(findTestObject("Object Repository/RAD_Pages/PaymentEntry_Page/input_billingAddress"), "value"): Attribute 'value' of object 'Object Repository/RAD_Pages/PaymentEntry_Page/input_billingAddress' is: '2508 Mandan Terrace'

2024-02-06 16:26:40 - [MESSAGE][PASSED] - Attribute 'value' of object 'Object Repository/RAD_Pages/PaymentEntry_Page/input_billingAddress' is: '2508 Mandan Terrace'

2024-02-06 16:26:40 - [TEST_STEP][PASSED] - verifyMatch("2508 Mandan Terrace", AL1, false): Actual text '2508 Mandan Terrace' and expected text '2508 Mandan Terrace' are matched 

2024-02-06 16:26:40 - [MESSAGE][PASSED] - Actual text '2508 Mandan Terrace' and expected text '2508 Mandan Terrace' are matched 

2024-02-06 16:26:40 - [TEST_STEP][PASSED] - AL2 = getAttribute(findTestObject("Object Repository/RAD_Pages/PaymentEntry_Page/input_billingAddress2"), "value"): Attribute 'value' of object 'Object Repository/RAD_Pages/PaymentEntry_Page/input_billingAddress2' is: ''

2024-02-06 16:26:41 - [MESSAGE][PASSED] - Attribute 'value' of object 'Object Repository/RAD_Pages/PaymentEntry_Page/input_billingAddress2' is: ''

2024-02-06 16:26:41 - [TEST_STEP][PASSED] - verifyMatch("", AL2, false): Actual text '' and expected text '' are matched 

2024-02-06 16:26:41 - [MESSAGE][PASSED] - Actual text '' and expected text '' are matched 

2024-02-06 16:26:41 - [TEST_STEP][PASSED] - zipCode = getAttribute(findTestObject("Object Repository/RAD_Pages/PaymentEntry_Page/input_billingZip"), "value"): Attribute 'value' of object 'Object Repository/RAD_Pages/PaymentEntry_Page/input_billingZip' is: '21054'

2024-02-06 16:26:41 - [MESSAGE][PASSED] - Attribute 'value' of object 'Object Repository/RAD_Pages/PaymentEntry_Page/input_billingZip' is: '21054'

2024-02-06 16:26:41 - [TEST_STEP][PASSED] - verifyMatch("21054", zipCode, false): Actual text '21054' and expected text '21054' are matched 

2024-02-06 16:26:41 - [MESSAGE][PASSED] - Actual text '21054' and expected text '21054' are matched 

2024-02-06 16:26:41 - [TEST_STEP][PASSED] - city = getAttribute(findTestObject("Object Repository/RAD_Pages/PaymentEntry_Page/input_billingCity"), "value"): Attribute 'value' of object 'Object Repository/RAD_Pages/PaymentEntry_Page/input_billingCity' is: 'GAMBRILLS'

2024-02-06 16:26:41 - [MESSAGE][PASSED] - Attribute 'value' of object 'Object Repository/RAD_Pages/PaymentEntry_Page/input_billingCity' is: 'GAMBRILLS'

2024-02-06 16:26:41 - [TEST_STEP][PASSED] - verifyMatch("GAMBRILLS", city, false): Actual text 'GAMBRILLS' and expected text 'GAMBRILLS' are matched 

2024-02-06 16:26:41 - [MESSAGE][PASSED] - Actual text 'GAMBRILLS' and expected text 'GAMBRILLS' are matched 

2024-02-06 16:26:41 - [TEST_STEP][PASSED] - email = getAttribute(findTestObject("Object Repository/RAD_Pages/PaymentEntry_Page/input_emailAddress"), "value"): Attribute 'value' of object 'Object Repository/RAD_Pages/PaymentEntry_Page/input_emailAddress' is: 'iahmed@govolution.com'

2024-02-06 16:26:42 - [MESSAGE][PASSED] - Attribute 'value' of object 'Object Repository/RAD_Pages/PaymentEntry_Page/input_emailAddress' is: 'iahmed@govolution.com'

2024-02-06 16:26:42 - [TEST_STEP][PASSED] - verifyMatch("iahmed@govolution.com", email, false): Actual text 'iahmed@govolution.com' and expected text 'iahmed@govolution.com' are matched 

2024-02-06 16:26:42 - [MESSAGE][PASSED] - Actual text 'iahmed@govolution.com' and expected text 'iahmed@govolution.com' are matched 

2024-02-06 16:26:42 - [TEST_STEP][PASSED] - amount = getAttribute(findTestObject("Object Repository/RAD_Pages/PaymentEntry_Page/input_amount"), "value"): Attribute 'value' of object 'Object Repository/RAD_Pages/PaymentEntry_Page/input_amount' is: '10.00'

2024-02-06 16:26:42 - [MESSAGE][PASSED] - Attribute 'value' of object 'Object Repository/RAD_Pages/PaymentEntry_Page/input_amount' is: '10.00'

2024-02-06 16:26:42 - [TEST_STEP][PASSED] - verifyMatch("10.00", amount, false): Actual text '10.00' and expected text '10.00' are matched 

2024-02-06 16:26:42 - [MESSAGE][PASSED] - Actual text '10.00' and expected text '10.00' are matched 

2024-02-06 16:26:42 - [TEST_STEP][PASSED] - amountReadOnly = getAttribute(findTestObject("Object Repository/RAD_Pages/PaymentEntry_Page/input_amount"), "readonly"): Attribute 'readonly' of object 'Object Repository/RAD_Pages/PaymentEntry_Page/input_amount' is: 'true'

2024-02-06 16:26:42 - [MESSAGE][PASSED] - Attribute 'readonly' of object 'Object Repository/RAD_Pages/PaymentEntry_Page/input_amount' is: 'true'

2024-02-06 16:26:42 - [TEST_STEP][PASSED] - verifyMatch("true", amountReadOnly, false): Actual text 'true' and expected text 'true' are matched 

2024-02-06 16:26:42 - [MESSAGE][PASSED] - Actual text 'true' and expected text 'true' are matched 

2024-02-06 16:26:42 - [TEST_STEP][PASSED] - verifyOptionSelectedByLabel(findTestObject("Object Repository/RAD_Pages/PaymentEntry_Page/select_Country"), "United States", false, 20): All options with label 'United States' are selected in object 'Object Repository/RAD_Pages/PaymentEntry_Page/select_Country' 

2024-02-06 16:26:43 - [MESSAGE][PASSED] - All options with label 'United States' are selected in object 'Object Repository/RAD_Pages/PaymentEntry_Page/select_Country' 

2024-02-06 16:26:43 - [TEST_STEP][PASSED] - verifyOptionSelectedByLabel(findTestObject("Object Repository/RAD_Pages/PaymentEntry_Page/select_State"), "Maryland", false, 20): All options with label 'Maryland' are selected in object 'Object Repository/RAD_Pages/PaymentEntry_Page/select_State' 

2024-02-06 16:26:47 - [MESSAGE][PASSED] - All options with label 'Maryland' are selected in object 'Object Repository/RAD_Pages/PaymentEntry_Page/select_State' 

2024-02-06 16:26:47 - [TEST_STEP][PASSED] - setText(findTestObject(orPath_PaymentEntry + "/input__cardNumber"), "4111111111111111"): Text '4111111111111111' is set on object 'Object Repository/RAD_Pages/PaymentEntry_Page/input__cardNumber'

2024-02-06 16:26:47 - [MESSAGE][PASSED] - Text '4111111111111111' is set on object 'Object Repository/RAD_Pages/PaymentEntry_Page/input__cardNumber'

2024-02-06 16:26:47 - [TEST_STEP][PASSED] - setText(findTestObject(orPath_PaymentEntry + "/input__spc"), "123"): Text '123' is set on object 'Object Repository/RAD_Pages/PaymentEntry_Page/input__spc'

2024-02-06 16:26:48 - [MESSAGE][PASSED] - Text '123' is set on object 'Object Repository/RAD_Pages/PaymentEntry_Page/input__spc'

2024-02-06 16:26:48 - [TEST_STEP][PASSED] - selectOptionByLabel(findTestObject(orPath_PaymentEntry + "/select_MM"), "12", false): All options with label '12' are selected in object 'Object Repository/RAD_Pages/PaymentEntry_Page/select_MM' 

2024-02-06 16:26:49 - [MESSAGE][PASSED] - All options with label '12' are selected in object 'Object Repository/RAD_Pages/PaymentEntry_Page/select_MM' 

2024-02-06 16:26:49 - [TEST_STEP][PASSED] - selectOptionByLabel(findTestObject(orPath_PaymentEntry + "/select_YYYY"), "2028", false): All options with label '2028' are selected in object 'Object Repository/RAD_Pages/PaymentEntry_Page/select_YYYY' 

2024-02-06 16:26:49 - [MESSAGE][PASSED] - All options with label '2028' are selected in object 'Object Repository/RAD_Pages/PaymentEntry_Page/select_YYYY' 

2024-02-06 16:26:49 - [TEST_STEP][PASSED] - click(findTestObject(orPath_PaymentEntry + "/input_Field_ccSubmit")): Object: 'Object Repository/RAD_Pages/PaymentEntry_Page/input_Field_ccSubmit' is clicked on

2024-02-06 16:26:51 - [MESSAGE][PASSED] - Object: 'Object Repository/RAD_Pages/PaymentEntry_Page/input_Field_ccSubmit' is clicked on

2024-02-06 16:26:51 - [TEST_STEP][PASSED] - click(findTestObject(orPath_PaymentConfirmation + "/input_N_confirmNotifyAction")): Object: 'Object Repository/RAD_Pages/PaymentConfirmation_Page/input_N_confirmNotifyAction' is clicked on

2024-02-06 16:26:51 - [MESSAGE][PASSED] - Object: 'Object Repository/RAD_Pages/PaymentConfirmation_Page/input_N_confirmNotifyAction' is clicked on

2024-02-06 16:26:51 - [TEST_STEP][PASSED] - verifyTextPresent("Service Fee Acceptance", true): Text 'Service Fee Acceptance' is present on page  using regular expression

2024-02-06 16:26:52 - [MESSAGE][PASSED] - Text 'Service Fee Acceptance' is present on page  using regular expression

2024-02-06 16:26:52 - [TEST_STEP][PASSED] - verifyTextPresent("This transaction is subject to a Service Fee of ", true): Text 'This transaction is subject to a Service Fee of ' is present on page  using regular expression

2024-02-06 16:26:52 - [MESSAGE][PASSED] - Text 'This transaction is subject to a Service Fee of ' is present on page  using regular expression

2024-02-06 16:26:52 - [TEST_STEP][PASSED] - verifyTextPresent("Payment Amount:", true): Text 'Payment Amount:' is present on page  using regular expression

2024-02-06 16:26:53 - [MESSAGE][PASSED] - Text 'Payment Amount:' is present on page  using regular expression

2024-02-06 16:26:53 - [TEST_STEP][PASSED] - verifyTextPresent("10.00", true): Text '10.00' is present on page  using regular expression

2024-02-06 16:26:53 - [MESSAGE][PASSED] - Text '10.00' is present on page  using regular expression

2024-02-06 16:26:53 - [TEST_STEP][PASSED] - verifyTextPresent("Service Fee:", true): Text 'Service Fee:' is present on page  using regular expression

2024-02-06 16:26:53 - [MESSAGE][PASSED] - Text 'Service Fee:' is present on page  using regular expression

2024-02-06 16:26:53 - [TEST_STEP][PASSED] - verifyTextPresent("1.00", true): Text '1.00' is present on page  using regular expression

2024-02-06 16:26:53 - [MESSAGE][PASSED] - Text '1.00' is present on page  using regular expression

2024-02-06 16:26:53 - [TEST_STEP][PASSED] - verifyTextPresent("Total Amount:", true): Text 'Total Amount:' is present on page  using regular expression

2024-02-06 16:26:54 - [MESSAGE][PASSED] - Text 'Total Amount:' is present on page  using regular expression

2024-02-06 16:26:54 - [TEST_STEP][PASSED] - verifyTextPresent("11.00", true): Text '11.00' is present on page  using regular expression

2024-02-06 16:26:54 - [MESSAGE][PASSED] - Text '11.00' is present on page  using regular expression

2024-02-06 16:26:54 - [TEST_STEP][PASSED] - verifyTextPresent("Two transactions will appear on your bank statement, one in the amount of", true): Text 'Two transactions will appear on your bank statement, one in the amount of' is present on page  using regular expression

2024-02-06 16:26:54 - [MESSAGE][PASSED] - Text 'Two transactions will appear on your bank statement, one in the amount of' is present on page  using regular expression

2024-02-06 16:26:54 - [TEST_STEP][PASSED] - if (verifyElementPresent(findTestObject(orPath_ServiceFeesAccept + "/input_convFeeNotifyAction"), 30)): null

2024-02-06 16:26:55 - [MESSAGE][PASSED] - Object 'Object Repository/RAD_Pages/ServiceFeeAccept_Page/input_convFeeNotifyAction' is present

2024-02-06 16:26:55 - [TEST_STEP][PASSED] - resText = "Pass": null

2024-02-06 16:26:55 - [TEST_STEP][PASSED] - pages.WriteExcel.demoKey(resText, datText, resColumn, datCloumn, fileLoc, nameSheet, row): pages.WriteExcel.demoKey is PASSED

2024-02-06 16:26:55 - [MESSAGE][PASSED] - pages.WriteExcel.demoKey is PASSED

2024-02-06 16:26:55 - [TEST_STEP][PASSED] - if (execProfile == "QAProfile" || execProfile == "QA2Profile"): Text 'Successful Payment Receipt' is present on page  using regular expression

2024-02-06 16:26:55 - [TEST_STEP][PASSED] - click(findTestObject(orPath_ServiceFeesAccept + "/input_convFeeNotifyAction")): Object: 'Object Repository/RAD_Pages/ServiceFeeAccept_Page/input_convFeeNotifyAction' is clicked on

2024-02-06 16:26:56 - [MESSAGE][PASSED] - Object: 'Object Repository/RAD_Pages/ServiceFeeAccept_Page/input_convFeeNotifyAction' is clicked on

2024-02-06 16:26:56 - [TEST_STEP][PASSED] - delay(10): Delayed 10 second(s)

2024-02-06 16:27:06 - [MESSAGE][PASSED] - Delayed 10 second(s)

2024-02-06 16:27:06 - [TEST_STEP][PASSED] - verifyTextPresent("Successful Payment Receipt", true): Text 'Successful Payment Receipt' is present on page  using regular expression

2024-02-06 16:27:06 - [MESSAGE][PASSED] - Text 'Successful Payment Receipt' is present on page  using regular expression

2024-02-06 16:27:06 - [TEST_STEP][PASSED] - ExecuteTC = findTestData(dataFile).getValue("Execute", row): null

2024-02-06 16:27:06 - [TEST_STEP][PASSED] - TaxType = findTestData(dataFile).getValue("TaxType", row): null

2024-02-06 16:27:06 - [TEST_STEP][PASSED] - PaymentType = findTestData(dataFile).getValue("PaymentType", row): null

2024-02-06 16:27:06 - [TEST_STEP][PASSED] - feinSsn = findTestData(dataFile).getValue("FEINSSN", row): null

2024-02-06 16:27:06 - [TEST_STEP][PASSED] - if (ExecuteTC.equalsIgnoreCase("Y")): null

2024-02-06 16:27:06 - [TEST_STEP][PASSED] - out.println("Begin Record Number: " + row): null

2024-02-06 16:27:06 - [TEST_STEP][PASSED] - today = new java.util.Date(): null

2024-02-06 16:27:06 - [TEST_STEP][PASSED] - println(today): null

2024-02-06 16:27:06 - [TEST_STEP][PASSED] - datText = today: null

2024-02-06 16:27:06 - [TEST_STEP][PASSED] - logInfo("Payment Type: Existing Liability w/Notice Number"): Payment Type: Existing Liability w/Notice Number

2024-02-06 16:27:06 - [MESSAGE][INFO] - Payment Type: Existing Liability w/Notice Number

2024-02-06 16:27:06 - [TEST_STEP][PASSED] - logInfo("Tax Type: " + TaxType): Tax Type: Fiduciary Tax

2024-02-06 16:27:06 - [MESSAGE][INFO] - Tax Type: Fiduciary Tax

2024-02-06 16:27:06 - [TEST_STEP][PASSED] - openBrowser(""): Browser is opened with url: ''

2024-02-06 16:27:06 - [MESSAGE][WARNING] - A browser is already opened. Closing browser and opening a new one

2024-02-06 16:27:07 - [MESSAGE][INFO] - Starting 'Chrome' driver

2024-02-06 16:27:07 - [MESSAGE][INFO] - User set preference: ['acceptInsecureCerts', 'true']

2024-02-06 16:27:07 - [MESSAGE][INFO] - Action delay is set to 0 milliseconds

2024-02-06 16:27:09 - [MESSAGE][PASSED] - Browser is opened with url: ''

2024-02-06 16:27:09 - [TEST_STEP][PASSED] - maximizeWindow(): Current window maximized

2024-02-06 16:27:09 - [MESSAGE][PASSED] - Current window maximized

2024-02-06 16:27:09 - [TEST_STEP][PASSED] - navigateToUrl(RADurl): Navigate to 'https://qa2.velocitypayment.com/client/rad/index.html' successfully

2024-02-06 16:27:11 - [MESSAGE][PASSED] - Navigate to 'https://qa2.velocitypayment.com/client/rad/index.html' successfully

2024-02-06 16:27:11 - [TEST_STEP][PASSED] - selectOptionByLabel(findTestObject(orPath_Landing + "/dd_TaxType"), "Existing Liability w/Notice Number", false): All options with label 'Existing Liability w/Notice Number' are selected in object 'Object Repository/RAD_Pages/Landing_Page/dd_TaxType' 

2024-02-06 16:27:11 - [MESSAGE][PASSED] - All options with label 'Existing Liability w/Notice Number' are selected in object 'Object Repository/RAD_Pages/Landing_Page/dd_TaxType' 

2024-02-06 16:27:11 - [TEST_STEP][PASSED] - selectOptionByLabel(findTestObject(orPath_TaxTypeFilingYear + "/select_TaxType_ExistingLiability"), TaxType, false): All options with label 'Fiduciary Tax' are selected in object 'Object Repository/RAD_Pages/TaxTypeFilingYear_Page/select_TaxType_ExistingLiability' 

2024-02-06 16:27:12 - [MESSAGE][PASSED] - All options with label 'Fiduciary Tax' are selected in object 'Object Repository/RAD_Pages/TaxTypeFilingYear_Page/select_TaxType_ExistingLiability' 

2024-02-06 16:27:12 - [TEST_STEP][PASSED] - rad.getSetDataRAD.setDataRADBusinessName(): rad.getSetDataRAD.setDataRADBusinessName is PASSED

2024-02-06 16:27:13 - [MESSAGE][PASSED] - Text 'My Company' is set on object 'Object Repository/RAD_Pages/Taxpayer_Page/input_businessName'

2024-02-06 16:27:13 - [MESSAGE][PASSED] - rad.getSetDataRAD.setDataRADBusinessName is PASSED

2024-02-06 16:27:13 - [TEST_STEP][PASSED] - rad.getSetDataRAD.setDataRADBusinessRep(): rad.getSetDataRAD.setDataRADBusinessRep is PASSED

2024-02-06 16:27:14 - [MESSAGE][PASSED] - Text 'BusRepFname' is set on object 'Object Repository/RAD_Pages/Taxpayer_Page/input_BusinessRepfirstName'

2024-02-06 16:27:15 - [MESSAGE][PASSED] - Text '' is set on object 'Object Repository/RAD_Pages/Taxpayer_Page/input_BusinessRepmiddleName'

2024-02-06 16:27:15 - [MESSAGE][PASSED] - Text 'BusRepLname' is set on object 'Object Repository/RAD_Pages/Taxpayer_Page/input_BusinessReplastName'

2024-02-06 16:27:16 - [MESSAGE][PASSED] - Text '' is set on object 'Object Repository/RAD_Pages/Taxpayer_Page/input_BusinessRepsuffix'

2024-02-06 16:27:16 - [MESSAGE][PASSED] - rad.getSetDataRAD.setDataRADBusinessRep is PASSED

2024-02-06 16:27:16 - [TEST_STEP][PASSED] - rad.getSetDataRAD.setDataRADAddress(): rad.getSetDataRAD.setDataRADAddress is PASSED

2024-02-06 16:27:17 - [MESSAGE][PASSED] - All options with label 'United States' are selected in object 'Object Repository/RAD_Pages/AddressAndContactInfo_Page/select_Country' 

2024-02-06 16:27:18 - [MESSAGE][PASSED] - Text '2508 Mandan Terrace' is set on object 'Object Repository/RAD_Pages/AddressAndContactInfo_Page/input_streetAddress1'

2024-02-06 16:27:18 - [MESSAGE][PASSED] - Text '' is set on object 'Object Repository/RAD_Pages/AddressAndContactInfo_Page/input_streetAddress2'

2024-02-06 16:27:19 - [MESSAGE][PASSED] - Text 'Gambrills' is set on object 'Object Repository/RAD_Pages/AddressAndContactInfo_Page/input_city'

2024-02-06 16:27:20 - [MESSAGE][PASSED] - All options with label 'Maryland' are selected in object 'Object Repository/RAD_Pages/AddressAndContactInfo_Page/select_State' 

2024-02-06 16:27:20 - [MESSAGE][PASSED] - Text '21054' is set on object 'Object Repository/RAD_Pages/AddressAndContactInfo_Page/input_zipCode'

2024-02-06 16:27:21 - [MESSAGE][PASSED] - Text '(703) 894-5000' is set on object 'Object Repository/RAD_Pages/AddressAndContactInfo_Page/input_phoneNumber'

2024-02-06 16:27:22 - [MESSAGE][PASSED] - Text 'iahmed@govolution.com' is set on object 'Object Repository/RAD_Pages/AddressAndContactInfo_Page/input_eMailAddress'

2024-02-06 16:27:23 - [MESSAGE][PASSED] - Text 'iahmed@govolution.com' is set on object 'Object Repository/RAD_Pages/AddressAndContactInfo_Page/input_reEnterEMailAddress'

2024-02-06 16:27:23 - [MESSAGE][PASSED] - rad.getSetDataRAD.setDataRADAddress is PASSED

2024-02-06 16:27:23 - [TEST_STEP][PASSED] - if (feinSsn.equalsIgnoreCase("Y")): null

2024-02-06 16:27:23 - [TEST_STEP][PASSED] - else: Text ****** has been set on object 'Object Repository/RAD_Pages/TaxInfo_Page/input_concat(id(, , data, , ))_Data (1)'

2024-02-06 16:27:23 - [TEST_STEP][PASSED] - if (!(TaxType.equalsIgnoreCase("Estate Tax"))): Text ****** has been set on object 'Object Repository/RAD_Pages/TaxInfo_Page/input_concat(id(, , data, , ))_Data (1)'

2024-02-06 16:27:23 - [TEST_STEP][PASSED] - setEncryptedText(findTestObject("Object Repository/RAD_Pages/TaxInfo_Page/input_concat(id(, , data, , ))_Data"), "RigbBhfdqODKcAsiUrg+1Q=="): Text ****** has been set on object 'Object Repository/RAD_Pages/TaxInfo_Page/input_concat(id(, , data, , ))_Data'

2024-02-06 16:27:24 - [MESSAGE][PASSED] - Text ****** has been set on object 'Object Repository/RAD_Pages/TaxInfo_Page/input_concat(id(, , data, , ))_Data'

2024-02-06 16:27:24 - [TEST_STEP][PASSED] - setEncryptedText(findTestObject("Object Repository/RAD_Pages/TaxInfo_Page/input_concat(id(, , data, , ))_Data (1)"), "RigbBhfdqODKcAsiUrg+1Q=="): Text ****** has been set on object 'Object Repository/RAD_Pages/TaxInfo_Page/input_concat(id(, , data, , ))_Data (1)'

2024-02-06 16:27:24 - [MESSAGE][PASSED] - Text ****** has been set on object 'Object Repository/RAD_Pages/TaxInfo_Page/input_concat(id(, , data, , ))_Data (1)'

2024-02-06 16:27:24 - [TEST_STEP][PASSED] - rad.getSetDataRAD.setDataRADNoticeInvoiceThirteen(): rad.getSetDataRAD.setDataRADNoticeInvoiceThirteen is PASSED

2024-02-06 16:27:25 - [MESSAGE][PASSED] - Text '1234567890123' is set on object 'Object Repository/RAD_Pages/TaxInfo_Page/input_NoticeInvoiceNumber'

2024-02-06 16:27:26 - [MESSAGE][PASSED] - Text '1234567890123' is set on object 'Object Repository/RAD_Pages/TaxInfo_Page/input_reTypeNoticeInvoiceNumber'

2024-02-06 16:27:26 - [MESSAGE][PASSED] - rad.getSetDataRAD.setDataRADNoticeInvoiceThirteen is PASSED

2024-02-06 16:27:26 - [TEST_STEP][PASSED] - switch (TaxType): null

2024-02-06 16:27:26 - [TEST_STEP][PASSED] - if (TaxType.equalsIgnoreCase("Estate Tax")): null

2024-02-06 16:27:26 - [TEST_STEP][PASSED] - setText(findTestObject(orPath_Amount + "/input__paymentAmount"), "10.00"): Text '10.00' is set on object 'Object Repository/RAD_Pages/PaymentAmount_Page/input__paymentAmount'

2024-02-06 16:27:27 - [MESSAGE][PASSED] - Text '10.00' is set on object 'Object Repository/RAD_Pages/PaymentAmount_Page/input__paymentAmount'

2024-02-06 16:27:27 - [TEST_STEP][PASSED] - setText(findTestObject(orPath_AddressContact + "/input_streetAddress2"), ""): Text '' is set on object 'Object Repository/RAD_Pages/AddressAndContactInfo_Page/input_streetAddress2'

2024-02-06 16:27:28 - [MESSAGE][PASSED] - Text '' is set on object 'Object Repository/RAD_Pages/AddressAndContactInfo_Page/input_streetAddress2'

2024-02-06 16:27:28 - [TEST_STEP][PASSED] - scrollToElement(findTestObject(orPath_Landing + "/button_Continue"), 3): Scroll to object 'Object Repository/RAD_Pages/Landing_Page/button_Continue' successfully

2024-02-06 16:27:28 - [MESSAGE][PASSED] - Scroll to object 'Object Repository/RAD_Pages/Landing_Page/button_Continue' successfully

2024-02-06 16:27:28 - [TEST_STEP][PASSED] - waitForElementClickable(findTestObject(orPath_Landing + "/button_Continue"), 5): Object 'Object Repository/RAD_Pages/Landing_Page/button_Continue' is clickable

2024-02-06 16:27:29 - [MESSAGE][PASSED] - Object 'Object Repository/RAD_Pages/Landing_Page/button_Continue' is clickable

2024-02-06 16:27:29 - [TEST_STEP][PASSED] - click(findTestObject(orPath_Landing + "/button_Continue")): Object: 'Object Repository/RAD_Pages/Landing_Page/button_Continue' is clicked on

2024-02-06 16:27:29 - [MESSAGE][PASSED] - Object: 'Object Repository/RAD_Pages/Landing_Page/button_Continue' is clicked on

2024-02-06 16:27:29 - [TEST_STEP][PASSED] - delay(2): Delayed 2 second(s)

2024-02-06 16:27:31 - [MESSAGE][PASSED] - Delayed 2 second(s)

2024-02-06 16:27:31 - [TEST_STEP][PASSED] - click(findTestObject(orPath_Summary + "/button_Proceed to Payment")): Object: 'Object Repository/RAD_Pages/Summary_Page/button_Proceed to Payment' is clicked on

2024-02-06 16:27:32 - [MESSAGE][PASSED] - Object: 'Object Repository/RAD_Pages/Summary_Page/button_Proceed to Payment' is clicked on

2024-02-06 16:27:32 - [TEST_STEP][PASSED] - if (verifyElementPresent(findTestObject("Object Repository/RAD_Pages/PaymentEntry_Page/input__billingName"), 30)): null

2024-02-06 16:27:33 - [MESSAGE][PASSED] - Object 'Object Repository/RAD_Pages/PaymentEntry_Page/input__billingName' is present

2024-02-06 16:27:33 - [TEST_STEP][PASSED] - verifyTextPresent("Payment Information", true): Text 'Payment Information' is present on page  using regular expression

2024-02-06 16:27:33 - [MESSAGE][PASSED] - Text 'Payment Information' is present on page  using regular expression

2024-02-06 16:27:33 - [TEST_STEP][PASSED] - card_Name = getAttribute(findTestObject("Object Repository/RAD_Pages/PaymentEntry_Page/input__billingName"), "value"): Attribute 'value' of object 'Object Repository/RAD_Pages/PaymentEntry_Page/input__billingName' is: 'BusRepFname BusRepLname'

2024-02-06 16:27:33 - [MESSAGE][PASSED] - Attribute 'value' of object 'Object Repository/RAD_Pages/PaymentEntry_Page/input__billingName' is: 'BusRepFname BusRepLname'

2024-02-06 16:27:33 - [TEST_STEP][PASSED] - verifyMatch("BusRepFname BusRepLname", card_Name, false): Actual text 'BusRepFname BusRepLname' and expected text 'BusRepFname BusRepLname' are matched 

2024-02-06 16:27:33 - [MESSAGE][PASSED] - Actual text 'BusRepFname BusRepLname' and expected text 'BusRepFname BusRepLname' are matched 

2024-02-06 16:27:33 - [TEST_STEP][PASSED] - AL1 = getAttribute(findTestObject("Object Repository/RAD_Pages/PaymentEntry_Page/input_billingAddress"), "value"): Attribute 'value' of object 'Object Repository/RAD_Pages/PaymentEntry_Page/input_billingAddress' is: '2508 Mandan Terrace'

2024-02-06 16:27:34 - [MESSAGE][PASSED] - Attribute 'value' of object 'Object Repository/RAD_Pages/PaymentEntry_Page/input_billingAddress' is: '2508 Mandan Terrace'

2024-02-06 16:27:34 - [TEST_STEP][PASSED] - verifyMatch("2508 Mandan Terrace", AL1, false): Actual text '2508 Mandan Terrace' and expected text '2508 Mandan Terrace' are matched 

2024-02-06 16:27:34 - [MESSAGE][PASSED] - Actual text '2508 Mandan Terrace' and expected text '2508 Mandan Terrace' are matched 

2024-02-06 16:27:34 - [TEST_STEP][PASSED] - AL2 = getAttribute(findTestObject("Object Repository/RAD_Pages/PaymentEntry_Page/input_billingAddress2"), "value"): Attribute 'value' of object 'Object Repository/RAD_Pages/PaymentEntry_Page/input_billingAddress2' is: ''

2024-02-06 16:27:34 - [MESSAGE][PASSED] - Attribute 'value' of object 'Object Repository/RAD_Pages/PaymentEntry_Page/input_billingAddress2' is: ''

2024-02-06 16:27:34 - [TEST_STEP][PASSED] - verifyMatch("", AL2, false): Actual text '' and expected text '' are matched 

2024-02-06 16:27:34 - [MESSAGE][PASSED] - Actual text '' and expected text '' are matched 

2024-02-06 16:27:34 - [TEST_STEP][PASSED] - zipCode = getAttribute(findTestObject("Object Repository/RAD_Pages/PaymentEntry_Page/input_billingZip"), "value"): Attribute 'value' of object 'Object Repository/RAD_Pages/PaymentEntry_Page/input_billingZip' is: '21054'

2024-02-06 16:27:35 - [MESSAGE][PASSED] - Attribute 'value' of object 'Object Repository/RAD_Pages/PaymentEntry_Page/input_billingZip' is: '21054'

2024-02-06 16:27:35 - [TEST_STEP][PASSED] - verifyMatch("21054", zipCode, false): Actual text '21054' and expected text '21054' are matched 

2024-02-06 16:27:35 - [MESSAGE][PASSED] - Actual text '21054' and expected text '21054' are matched 

2024-02-06 16:27:35 - [TEST_STEP][PASSED] - city = getAttribute(findTestObject("Object Repository/RAD_Pages/PaymentEntry_Page/input_billingCity"), "value"): Attribute 'value' of object 'Object Repository/RAD_Pages/PaymentEntry_Page/input_billingCity' is: 'GAMBRILLS'

2024-02-06 16:27:35 - [MESSAGE][PASSED] - Attribute 'value' of object 'Object Repository/RAD_Pages/PaymentEntry_Page/input_billingCity' is: 'GAMBRILLS'

2024-02-06 16:27:35 - [TEST_STEP][PASSED] - verifyMatch("GAMBRILLS", city, false): Actual text 'GAMBRILLS' and expected text 'GAMBRILLS' are matched 

2024-02-06 16:27:35 - [MESSAGE][PASSED] - Actual text 'GAMBRILLS' and expected text 'GAMBRILLS' are matched 

2024-02-06 16:27:35 - [TEST_STEP][PASSED] - email = getAttribute(findTestObject("Object Repository/RAD_Pages/PaymentEntry_Page/input_emailAddress"), "value"): Attribute 'value' of object 'Object Repository/RAD_Pages/PaymentEntry_Page/input_emailAddress' is: 'iahmed@govolution.com'

2024-02-06 16:27:35 - [MESSAGE][PASSED] - Attribute 'value' of object 'Object Repository/RAD_Pages/PaymentEntry_Page/input_emailAddress' is: 'iahmed@govolution.com'

2024-02-06 16:27:35 - [TEST_STEP][PASSED] - verifyMatch("iahmed@govolution.com", email, false): Actual text 'iahmed@govolution.com' and expected text 'iahmed@govolution.com' are matched 

2024-02-06 16:27:35 - [MESSAGE][PASSED] - Actual text 'iahmed@govolution.com' and expected text 'iahmed@govolution.com' are matched 

2024-02-06 16:27:35 - [TEST_STEP][PASSED] - amount = getAttribute(findTestObject("Object Repository/RAD_Pages/PaymentEntry_Page/input_amount"), "value"): Attribute 'value' of object 'Object Repository/RAD_Pages/PaymentEntry_Page/input_amount' is: '10.00'

2024-02-06 16:27:36 - [MESSAGE][PASSED] - Attribute 'value' of object 'Object Repository/RAD_Pages/PaymentEntry_Page/input_amount' is: '10.00'

2024-02-06 16:27:36 - [TEST_STEP][PASSED] - verifyMatch("10.00", amount, false): Actual text '10.00' and expected text '10.00' are matched 

2024-02-06 16:27:36 - [MESSAGE][PASSED] - Actual text '10.00' and expected text '10.00' are matched 

2024-02-06 16:27:36 - [TEST_STEP][PASSED] - amountReadOnly = getAttribute(findTestObject("Object Repository/RAD_Pages/PaymentEntry_Page/input_amount"), "readonly"): Attribute 'readonly' of object 'Object Repository/RAD_Pages/PaymentEntry_Page/input_amount' is: 'true'

2024-02-06 16:27:36 - [MESSAGE][PASSED] - Attribute 'readonly' of object 'Object Repository/RAD_Pages/PaymentEntry_Page/input_amount' is: 'true'

2024-02-06 16:27:36 - [TEST_STEP][PASSED] - verifyMatch("true", amountReadOnly, false): Actual text 'true' and expected text 'true' are matched 

2024-02-06 16:27:36 - [MESSAGE][PASSED] - Actual text 'true' and expected text 'true' are matched 

2024-02-06 16:27:36 - [TEST_STEP][PASSED] - verifyOptionSelectedByLabel(findTestObject("Object Repository/RAD_Pages/PaymentEntry_Page/select_Country"), "United States", false, 20): All options with label 'United States' are selected in object 'Object Repository/RAD_Pages/PaymentEntry_Page/select_Country' 

2024-02-06 16:27:37 - [MESSAGE][PASSED] - All options with label 'United States' are selected in object 'Object Repository/RAD_Pages/PaymentEntry_Page/select_Country' 

2024-02-06 16:27:37 - [TEST_STEP][PASSED] - verifyOptionSelectedByLabel(findTestObject("Object Repository/RAD_Pages/PaymentEntry_Page/select_State"), "Maryland", false, 20): All options with label 'Maryland' are selected in object 'Object Repository/RAD_Pages/PaymentEntry_Page/select_State' 

2024-02-06 16:27:39 - [MESSAGE][PASSED] - All options with label 'Maryland' are selected in object 'Object Repository/RAD_Pages/PaymentEntry_Page/select_State' 

2024-02-06 16:27:39 - [TEST_STEP][PASSED] - setText(findTestObject(orPath_PaymentEntry + "/input__cardNumber"), "4111111111111111"): Text '4111111111111111' is set on object 'Object Repository/RAD_Pages/PaymentEntry_Page/input__cardNumber'

2024-02-06 16:27:40 - [MESSAGE][PASSED] - Text '4111111111111111' is set on object 'Object Repository/RAD_Pages/PaymentEntry_Page/input__cardNumber'

2024-02-06 16:27:40 - [TEST_STEP][PASSED] - setText(findTestObject(orPath_PaymentEntry + "/input__spc"), "123"): Text '123' is set on object 'Object Repository/RAD_Pages/PaymentEntry_Page/input__spc'

2024-02-06 16:27:41 - [MESSAGE][PASSED] - Text '123' is set on object 'Object Repository/RAD_Pages/PaymentEntry_Page/input__spc'

2024-02-06 16:27:41 - [TEST_STEP][PASSED] - selectOptionByLabel(findTestObject(orPath_PaymentEntry + "/select_MM"), "12", false): All options with label '12' are selected in object 'Object Repository/RAD_Pages/PaymentEntry_Page/select_MM' 

2024-02-06 16:27:42 - [MESSAGE][PASSED] - All options with label '12' are selected in object 'Object Repository/RAD_Pages/PaymentEntry_Page/select_MM' 

2024-02-06 16:27:42 - [TEST_STEP][PASSED] - selectOptionByLabel(findTestObject(orPath_PaymentEntry + "/select_YYYY"), "2028", false): All options with label '2028' are selected in object 'Object Repository/RAD_Pages/PaymentEntry_Page/select_YYYY' 

2024-02-06 16:27:42 - [MESSAGE][PASSED] - All options with label '2028' are selected in object 'Object Repository/RAD_Pages/PaymentEntry_Page/select_YYYY' 

2024-02-06 16:27:42 - [TEST_STEP][PASSED] - click(findTestObject(orPath_PaymentEntry + "/input_Field_ccSubmit")): Object: 'Object Repository/RAD_Pages/PaymentEntry_Page/input_Field_ccSubmit' is clicked on

2024-02-06 16:27:43 - [MESSAGE][PASSED] - Object: 'Object Repository/RAD_Pages/PaymentEntry_Page/input_Field_ccSubmit' is clicked on

2024-02-06 16:27:43 - [TEST_STEP][PASSED] - click(findTestObject(orPath_PaymentConfirmation + "/input_N_confirmNotifyAction")): Object: 'Object Repository/RAD_Pages/PaymentConfirmation_Page/input_N_confirmNotifyAction' is clicked on

2024-02-06 16:27:44 - [MESSAGE][PASSED] - Object: 'Object Repository/RAD_Pages/PaymentConfirmation_Page/input_N_confirmNotifyAction' is clicked on

2024-02-06 16:27:44 - [TEST_STEP][PASSED] - verifyTextPresent("Service Fee Acceptance", true): Text 'Service Fee Acceptance' is present on page  using regular expression

2024-02-06 16:27:45 - [MESSAGE][PASSED] - Text 'Service Fee Acceptance' is present on page  using regular expression

2024-02-06 16:27:45 - [TEST_STEP][PASSED] - verifyTextPresent("This transaction is subject to a Service Fee of ", true): Text 'This transaction is subject to a Service Fee of ' is present on page  using regular expression

2024-02-06 16:27:45 - [MESSAGE][PASSED] - Text 'This transaction is subject to a Service Fee of ' is present on page  using regular expression

2024-02-06 16:27:45 - [TEST_STEP][PASSED] - verifyTextPresent("Payment Amount:", true): Text 'Payment Amount:' is present on page  using regular expression

2024-02-06 16:27:45 - [MESSAGE][PASSED] - Text 'Payment Amount:' is present on page  using regular expression

2024-02-06 16:27:45 - [TEST_STEP][PASSED] - verifyTextPresent("10.00", true): Text '10.00' is present on page  using regular expression

2024-02-06 16:27:46 - [MESSAGE][PASSED] - Text '10.00' is present on page  using regular expression

2024-02-06 16:27:46 - [TEST_STEP][PASSED] - verifyTextPresent("Service Fee:", true): Text 'Service Fee:' is present on page  using regular expression

2024-02-06 16:27:46 - [MESSAGE][PASSED] - Text 'Service Fee:' is present on page  using regular expression

2024-02-06 16:27:46 - [TEST_STEP][PASSED] - verifyTextPresent("1.00", true): Text '1.00' is present on page  using regular expression

2024-02-06 16:27:47 - [MESSAGE][PASSED] - Text '1.00' is present on page  using regular expression

2024-02-06 16:27:47 - [TEST_STEP][PASSED] - verifyTextPresent("Total Amount:", true): Text 'Total Amount:' is present on page  using regular expression

2024-02-06 16:27:47 - [MESSAGE][PASSED] - Text 'Total Amount:' is present on page  using regular expression

2024-02-06 16:27:47 - [TEST_STEP][PASSED] - verifyTextPresent("11.00", true): Text '11.00' is present on page  using regular expression

2024-02-06 16:27:47 - [MESSAGE][PASSED] - Text '11.00' is present on page  using regular expression

2024-02-06 16:27:47 - [TEST_STEP][PASSED] - verifyTextPresent("Two transactions will appear on your bank statement, one in the amount of", true): Text 'Two transactions will appear on your bank statement, one in the amount of' is present on page  using regular expression

2024-02-06 16:27:47 - [MESSAGE][PASSED] - Text 'Two transactions will appear on your bank statement, one in the amount of' is present on page  using regular expression

2024-02-06 16:27:47 - [TEST_STEP][PASSED] - if (verifyElementPresent(findTestObject(orPath_ServiceFeesAccept + "/input_convFeeNotifyAction"), 30)): null

2024-02-06 16:27:48 - [MESSAGE][PASSED] - Object 'Object Repository/RAD_Pages/ServiceFeeAccept_Page/input_convFeeNotifyAction' is present

2024-02-06 16:27:48 - [TEST_STEP][PASSED] - resText = "Pass": null

2024-02-06 16:27:48 - [TEST_STEP][PASSED] - pages.WriteExcel.demoKey(resText, datText, resColumn, datCloumn, fileLoc, nameSheet, row): pages.WriteExcel.demoKey is PASSED

2024-02-06 16:27:48 - [MESSAGE][PASSED] - pages.WriteExcel.demoKey is PASSED

2024-02-06 16:27:48 - [TEST_STEP][PASSED] - if (execProfile == "QAProfile" || execProfile == "QA2Profile"): Text 'Successful Payment Receipt' is present on page  using regular expression

2024-02-06 16:27:48 - [TEST_STEP][PASSED] - click(findTestObject(orPath_ServiceFeesAccept + "/input_convFeeNotifyAction")): Object: 'Object Repository/RAD_Pages/ServiceFeeAccept_Page/input_convFeeNotifyAction' is clicked on

2024-02-06 16:27:49 - [MESSAGE][PASSED] - Object: 'Object Repository/RAD_Pages/ServiceFeeAccept_Page/input_convFeeNotifyAction' is clicked on

2024-02-06 16:27:49 - [TEST_STEP][PASSED] - delay(10): Delayed 10 second(s)

2024-02-06 16:27:59 - [MESSAGE][PASSED] - Delayed 10 second(s)

2024-02-06 16:27:59 - [TEST_STEP][PASSED] - verifyTextPresent("Successful Payment Receipt", true): Text 'Successful Payment Receipt' is present on page  using regular expression

2024-02-06 16:27:59 - [MESSAGE][PASSED] - Text 'Successful Payment Receipt' is present on page  using regular expression

2024-02-06 16:27:59 - [TEST_STEP][PASSED] - ExecuteTC = findTestData(dataFile).getValue("Execute", row): null

2024-02-06 16:27:59 - [TEST_STEP][PASSED] - TaxType = findTestData(dataFile).getValue("TaxType", row): null

2024-02-06 16:27:59 - [TEST_STEP][PASSED] - PaymentType = findTestData(dataFile).getValue("PaymentType", row): null

2024-02-06 16:27:59 - [TEST_STEP][PASSED] - feinSsn = findTestData(dataFile).getValue("FEINSSN", row): null

2024-02-06 16:27:59 - [TEST_STEP][PASSED] - if (ExecuteTC.equalsIgnoreCase("Y")): null

2024-02-06 16:27:59 - [TEST_STEP][PASSED] - out.println("Begin Record Number: " + row): null

2024-02-06 16:27:59 - [TEST_STEP][PASSED] - today = new java.util.Date(): null

2024-02-06 16:27:59 - [TEST_STEP][PASSED] - println(today): null

2024-02-06 16:27:59 - [TEST_STEP][PASSED] - datText = today: null

2024-02-06 16:27:59 - [TEST_STEP][PASSED] - logInfo("Payment Type: Existing Liability w/Notice Number"): Payment Type: Existing Liability w/Notice Number

2024-02-06 16:27:59 - [MESSAGE][INFO] - Payment Type: Existing Liability w/Notice Number

2024-02-06 16:27:59 - [TEST_STEP][PASSED] - logInfo("Tax Type: " + TaxType): Tax Type: PTE Non-Electing Non-S Corp

2024-02-06 16:27:59 - [MESSAGE][INFO] - Tax Type: PTE Non-Electing Non-S Corp

2024-02-06 16:27:59 - [TEST_STEP][PASSED] - openBrowser(""): Browser is opened with url: ''

2024-02-06 16:27:59 - [MESSAGE][WARNING] - A browser is already opened. Closing browser and opening a new one

2024-02-06 16:28:00 - [MESSAGE][INFO] - Starting 'Chrome' driver

2024-02-06 16:28:00 - [MESSAGE][INFO] - User set preference: ['acceptInsecureCerts', 'true']

2024-02-06 16:28:00 - [MESSAGE][INFO] - Action delay is set to 0 milliseconds

2024-02-06 16:28:02 - [MESSAGE][PASSED] - Browser is opened with url: ''

2024-02-06 16:28:02 - [TEST_STEP][PASSED] - maximizeWindow(): Current window maximized

2024-02-06 16:28:02 - [MESSAGE][PASSED] - Current window maximized

2024-02-06 16:28:02 - [TEST_STEP][PASSED] - navigateToUrl(RADurl): Navigate to 'https://qa2.velocitypayment.com/client/rad/index.html' successfully

2024-02-06 16:28:04 - [MESSAGE][PASSED] - Navigate to 'https://qa2.velocitypayment.com/client/rad/index.html' successfully

2024-02-06 16:28:04 - [TEST_STEP][PASSED] - selectOptionByLabel(findTestObject(orPath_Landing + "/dd_TaxType"), "Existing Liability w/Notice Number", false): All options with label 'Existing Liability w/Notice Number' are selected in object 'Object Repository/RAD_Pages/Landing_Page/dd_TaxType' 

2024-02-06 16:28:04 - [MESSAGE][PASSED] - All options with label 'Existing Liability w/Notice Number' are selected in object 'Object Repository/RAD_Pages/Landing_Page/dd_TaxType' 

2024-02-06 16:28:04 - [TEST_STEP][PASSED] - selectOptionByLabel(findTestObject(orPath_TaxTypeFilingYear + "/select_TaxType_ExistingLiability"), TaxType, false): All options with label 'PTE Non-Electing Non-S Corp' are selected in object 'Object Repository/RAD_Pages/TaxTypeFilingYear_Page/select_TaxType_ExistingLiability' 

2024-02-06 16:28:05 - [MESSAGE][PASSED] - All options with label 'PTE Non-Electing Non-S Corp' are selected in object 'Object Repository/RAD_Pages/TaxTypeFilingYear_Page/select_TaxType_ExistingLiability' 

2024-02-06 16:28:05 - [TEST_STEP][PASSED] - rad.getSetDataRAD.setDataRADBusinessName(): rad.getSetDataRAD.setDataRADBusinessName is PASSED

2024-02-06 16:28:06 - [MESSAGE][PASSED] - Text 'My Company' is set on object 'Object Repository/RAD_Pages/Taxpayer_Page/input_businessName'

2024-02-06 16:28:06 - [MESSAGE][PASSED] - rad.getSetDataRAD.setDataRADBusinessName is PASSED

2024-02-06 16:28:06 - [TEST_STEP][PASSED] - rad.getSetDataRAD.setDataRADBusinessRep(): rad.getSetDataRAD.setDataRADBusinessRep is PASSED

2024-02-06 16:28:07 - [MESSAGE][PASSED] - Text 'BusRepFname' is set on object 'Object Repository/RAD_Pages/Taxpayer_Page/input_BusinessRepfirstName'

2024-02-06 16:28:08 - [MESSAGE][PASSED] - Text '' is set on object 'Object Repository/RAD_Pages/Taxpayer_Page/input_BusinessRepmiddleName'

2024-02-06 16:28:08 - [MESSAGE][PASSED] - Text 'BusRepLname' is set on object 'Object Repository/RAD_Pages/Taxpayer_Page/input_BusinessReplastName'

2024-02-06 16:28:09 - [MESSAGE][PASSED] - Text '' is set on object 'Object Repository/RAD_Pages/Taxpayer_Page/input_BusinessRepsuffix'

2024-02-06 16:28:09 - [MESSAGE][PASSED] - rad.getSetDataRAD.setDataRADBusinessRep is PASSED

2024-02-06 16:28:09 - [TEST_STEP][PASSED] - rad.getSetDataRAD.setDataRADAddress(): rad.getSetDataRAD.setDataRADAddress is PASSED

2024-02-06 16:28:10 - [MESSAGE][PASSED] - All options with label 'United States' are selected in object 'Object Repository/RAD_Pages/AddressAndContactInfo_Page/select_Country' 

2024-02-06 16:28:11 - [MESSAGE][PASSED] - Text '2508 Mandan Terrace' is set on object 'Object Repository/RAD_Pages/AddressAndContactInfo_Page/input_streetAddress1'

2024-02-06 16:28:11 - [MESSAGE][PASSED] - Text '' is set on object 'Object Repository/RAD_Pages/AddressAndContactInfo_Page/input_streetAddress2'

2024-02-06 16:28:12 - [MESSAGE][PASSED] - Text 'Gambrills' is set on object 'Object Repository/RAD_Pages/AddressAndContactInfo_Page/input_city'

2024-02-06 16:28:13 - [MESSAGE][PASSED] - All options with label 'Maryland' are selected in object 'Object Repository/RAD_Pages/AddressAndContactInfo_Page/select_State' 

2024-02-06 16:28:14 - [MESSAGE][PASSED] - Text '21054' is set on object 'Object Repository/RAD_Pages/AddressAndContactInfo_Page/input_zipCode'

2024-02-06 16:28:14 - [MESSAGE][PASSED] - Text '(703) 894-5000' is set on object 'Object Repository/RAD_Pages/AddressAndContactInfo_Page/input_phoneNumber'

2024-02-06 16:28:15 - [MESSAGE][PASSED] - Text 'iahmed@govolution.com' is set on object 'Object Repository/RAD_Pages/AddressAndContactInfo_Page/input_eMailAddress'

2024-02-06 16:28:16 - [MESSAGE][PASSED] - Text 'iahmed@govolution.com' is set on object 'Object Repository/RAD_Pages/AddressAndContactInfo_Page/input_reEnterEMailAddress'

2024-02-06 16:28:16 - [MESSAGE][PASSED] - rad.getSetDataRAD.setDataRADAddress is PASSED

2024-02-06 16:28:16 - [TEST_STEP][PASSED] - if (feinSsn.equalsIgnoreCase("Y")): Text ****** has been set on object 'Object Repository/RAD_Pages/TaxInfo_Page/input_TaxInfo_RetypefeinSsn_Existing_New'

2024-02-06 16:28:16 - [TEST_STEP][PASSED] - setEncryptedText(findTestObject(orPath_TaxInfo + "/input_TaxInfo_feinSsn_Existing_New"), "RigbBhfdqODKcAsiUrg+1Q=="): Text ****** has been set on object 'Object Repository/RAD_Pages/TaxInfo_Page/input_TaxInfo_feinSsn_Existing_New'

2024-02-06 16:28:17 - [MESSAGE][PASSED] - Text ****** has been set on object 'Object Repository/RAD_Pages/TaxInfo_Page/input_TaxInfo_feinSsn_Existing_New'

2024-02-06 16:28:17 - [TEST_STEP][PASSED] - setEncryptedText(findTestObject(orPath_TaxInfo + "/input_TaxInfo_RetypefeinSsn_Existing_New"), "RigbBhfdqODKcAsiUrg+1Q=="): Text ****** has been set on object 'Object Repository/RAD_Pages/TaxInfo_Page/input_TaxInfo_RetypefeinSsn_Existing_New'

2024-02-06 16:28:17 - [MESSAGE][PASSED] - Text ****** has been set on object 'Object Repository/RAD_Pages/TaxInfo_Page/input_TaxInfo_RetypefeinSsn_Existing_New'

2024-02-06 16:28:17 - [TEST_STEP][PASSED] - rad.getSetDataRAD.setDataRADNoticeInvoiceThirteen(): rad.getSetDataRAD.setDataRADNoticeInvoiceThirteen is PASSED

2024-02-06 16:28:18 - [MESSAGE][PASSED] - Text '1234567890123' is set on object 'Object Repository/RAD_Pages/TaxInfo_Page/input_NoticeInvoiceNumber'

2024-02-06 16:28:19 - [MESSAGE][PASSED] - Text '1234567890123' is set on object 'Object Repository/RAD_Pages/TaxInfo_Page/input_reTypeNoticeInvoiceNumber'

2024-02-06 16:28:19 - [MESSAGE][PASSED] - rad.getSetDataRAD.setDataRADNoticeInvoiceThirteen is PASSED

2024-02-06 16:28:19 - [TEST_STEP][PASSED] - switch (TaxType): null

2024-02-06 16:28:19 - [TEST_STEP][PASSED] - if (TaxType.equalsIgnoreCase("Estate Tax")): null

2024-02-06 16:28:19 - [TEST_STEP][PASSED] - setText(findTestObject(orPath_Amount + "/input__paymentAmount"), "10.00"): Text '10.00' is set on object 'Object Repository/RAD_Pages/PaymentAmount_Page/input__paymentAmount'

2024-02-06 16:28:20 - [MESSAGE][PASSED] - Text '10.00' is set on object 'Object Repository/RAD_Pages/PaymentAmount_Page/input__paymentAmount'

2024-02-06 16:28:20 - [TEST_STEP][PASSED] - setText(findTestObject(orPath_AddressContact + "/input_streetAddress2"), ""): Text '' is set on object 'Object Repository/RAD_Pages/AddressAndContactInfo_Page/input_streetAddress2'

2024-02-06 16:28:21 - [MESSAGE][PASSED] - Text '' is set on object 'Object Repository/RAD_Pages/AddressAndContactInfo_Page/input_streetAddress2'

2024-02-06 16:28:21 - [TEST_STEP][PASSED] - scrollToElement(findTestObject(orPath_Landing + "/button_Continue"), 3): Scroll to object 'Object Repository/RAD_Pages/Landing_Page/button_Continue' successfully

2024-02-06 16:28:21 - [MESSAGE][PASSED] - Scroll to object 'Object Repository/RAD_Pages/Landing_Page/button_Continue' successfully

2024-02-06 16:28:21 - [TEST_STEP][PASSED] - waitForElementClickable(findTestObject(orPath_Landing + "/button_Continue"), 5): Object 'Object Repository/RAD_Pages/Landing_Page/button_Continue' is clickable

2024-02-06 16:28:21 - [MESSAGE][PASSED] - Object 'Object Repository/RAD_Pages/Landing_Page/button_Continue' is clickable

2024-02-06 16:28:21 - [TEST_STEP][PASSED] - click(findTestObject(orPath_Landing + "/button_Continue")): Object: 'Object Repository/RAD_Pages/Landing_Page/button_Continue' is clicked on

2024-02-06 16:28:22 - [MESSAGE][PASSED] - Object: 'Object Repository/RAD_Pages/Landing_Page/button_Continue' is clicked on

2024-02-06 16:28:22 - [TEST_STEP][PASSED] - delay(2): Delayed 2 second(s)

2024-02-06 16:28:24 - [MESSAGE][PASSED] - Delayed 2 second(s)

2024-02-06 16:28:24 - [TEST_STEP][PASSED] - click(findTestObject(orPath_Summary + "/button_Proceed to Payment")): Object: 'Object Repository/RAD_Pages/Summary_Page/button_Proceed to Payment' is clicked on

2024-02-06 16:28:25 - [MESSAGE][PASSED] - Object: 'Object Repository/RAD_Pages/Summary_Page/button_Proceed to Payment' is clicked on

2024-02-06 16:28:25 - [TEST_STEP][PASSED] - if (verifyElementPresent(findTestObject("Object Repository/RAD_Pages/PaymentEntry_Page/input__billingName"), 30)): null

2024-02-06 16:28:26 - [MESSAGE][PASSED] - Object 'Object Repository/RAD_Pages/PaymentEntry_Page/input__billingName' is present

2024-02-06 16:28:26 - [TEST_STEP][PASSED] - verifyTextPresent("Payment Information", true): Text 'Payment Information' is present on page  using regular expression

2024-02-06 16:28:26 - [MESSAGE][PASSED] - Text 'Payment Information' is present on page  using regular expression

2024-02-06 16:28:26 - [TEST_STEP][PASSED] - card_Name = getAttribute(findTestObject("Object Repository/RAD_Pages/PaymentEntry_Page/input__billingName"), "value"): Attribute 'value' of object 'Object Repository/RAD_Pages/PaymentEntry_Page/input__billingName' is: 'BusRepFname BusRepLname'

2024-02-06 16:28:27 - [MESSAGE][PASSED] - Attribute 'value' of object 'Object Repository/RAD_Pages/PaymentEntry_Page/input__billingName' is: 'BusRepFname BusRepLname'

2024-02-06 16:28:27 - [TEST_STEP][PASSED] - verifyMatch("BusRepFname BusRepLname", card_Name, false): Actual text 'BusRepFname BusRepLname' and expected text 'BusRepFname BusRepLname' are matched 

2024-02-06 16:28:27 - [MESSAGE][PASSED] - Actual text 'BusRepFname BusRepLname' and expected text 'BusRepFname BusRepLname' are matched 

2024-02-06 16:28:27 - [TEST_STEP][PASSED] - AL1 = getAttribute(findTestObject("Object Repository/RAD_Pages/PaymentEntry_Page/input_billingAddress"), "value"): Attribute 'value' of object 'Object Repository/RAD_Pages/PaymentEntry_Page/input_billingAddress' is: '2508 Mandan Terrace'

2024-02-06 16:28:27 - [MESSAGE][PASSED] - Attribute 'value' of object 'Object Repository/RAD_Pages/PaymentEntry_Page/input_billingAddress' is: '2508 Mandan Terrace'

2024-02-06 16:28:27 - [TEST_STEP][PASSED] - verifyMatch("2508 Mandan Terrace", AL1, false): Actual text '2508 Mandan Terrace' and expected text '2508 Mandan Terrace' are matched 

2024-02-06 16:28:27 - [MESSAGE][PASSED] - Actual text '2508 Mandan Terrace' and expected text '2508 Mandan Terrace' are matched 

2024-02-06 16:28:27 - [TEST_STEP][PASSED] - AL2 = getAttribute(findTestObject("Object Repository/RAD_Pages/PaymentEntry_Page/input_billingAddress2"), "value"): Attribute 'value' of object 'Object Repository/RAD_Pages/PaymentEntry_Page/input_billingAddress2' is: ''

2024-02-06 16:28:27 - [MESSAGE][PASSED] - Attribute 'value' of object 'Object Repository/RAD_Pages/PaymentEntry_Page/input_billingAddress2' is: ''

2024-02-06 16:28:27 - [TEST_STEP][PASSED] - verifyMatch("", AL2, false): Actual text '' and expected text '' are matched 

2024-02-06 16:28:27 - [MESSAGE][PASSED] - Actual text '' and expected text '' are matched 

2024-02-06 16:28:27 - [TEST_STEP][PASSED] - zipCode = getAttribute(findTestObject("Object Repository/RAD_Pages/PaymentEntry_Page/input_billingZip"), "value"): Attribute 'value' of object 'Object Repository/RAD_Pages/PaymentEntry_Page/input_billingZip' is: '21054'

2024-02-06 16:28:28 - [MESSAGE][PASSED] - Attribute 'value' of object 'Object Repository/RAD_Pages/PaymentEntry_Page/input_billingZip' is: '21054'

2024-02-06 16:28:28 - [TEST_STEP][PASSED] - verifyMatch("21054", zipCode, false): Actual text '21054' and expected text '21054' are matched 

2024-02-06 16:28:28 - [MESSAGE][PASSED] - Actual text '21054' and expected text '21054' are matched 

2024-02-06 16:28:28 - [TEST_STEP][PASSED] - city = getAttribute(findTestObject("Object Repository/RAD_Pages/PaymentEntry_Page/input_billingCity"), "value"): Attribute 'value' of object 'Object Repository/RAD_Pages/PaymentEntry_Page/input_billingCity' is: 'GAMBRILLS'

2024-02-06 16:28:28 - [MESSAGE][PASSED] - Attribute 'value' of object 'Object Repository/RAD_Pages/PaymentEntry_Page/input_billingCity' is: 'GAMBRILLS'

2024-02-06 16:28:28 - [TEST_STEP][PASSED] - verifyMatch("GAMBRILLS", city, false): Actual text 'GAMBRILLS' and expected text 'GAMBRILLS' are matched 

2024-02-06 16:28:28 - [MESSAGE][PASSED] - Actual text 'GAMBRILLS' and expected text 'GAMBRILLS' are matched 

2024-02-06 16:28:28 - [TEST_STEP][PASSED] - email = getAttribute(findTestObject("Object Repository/RAD_Pages/PaymentEntry_Page/input_emailAddress"), "value"): Attribute 'value' of object 'Object Repository/RAD_Pages/PaymentEntry_Page/input_emailAddress' is: 'iahmed@govolution.com'

2024-02-06 16:28:28 - [MESSAGE][PASSED] - Attribute 'value' of object 'Object Repository/RAD_Pages/PaymentEntry_Page/input_emailAddress' is: 'iahmed@govolution.com'

2024-02-06 16:28:28 - [TEST_STEP][PASSED] - verifyMatch("iahmed@govolution.com", email, false): Actual text 'iahmed@govolution.com' and expected text 'iahmed@govolution.com' are matched 

2024-02-06 16:28:28 - [MESSAGE][PASSED] - Actual text 'iahmed@govolution.com' and expected text 'iahmed@govolution.com' are matched 

2024-02-06 16:28:28 - [TEST_STEP][PASSED] - amount = getAttribute(findTestObject("Object Repository/RAD_Pages/PaymentEntry_Page/input_amount"), "value"): Attribute 'value' of object 'Object Repository/RAD_Pages/PaymentEntry_Page/input_amount' is: '10.00'

2024-02-06 16:28:28 - [MESSAGE][PASSED] - Attribute 'value' of object 'Object Repository/RAD_Pages/PaymentEntry_Page/input_amount' is: '10.00'

2024-02-06 16:28:28 - [TEST_STEP][PASSED] - verifyMatch("10.00", amount, false): Actual text '10.00' and expected text '10.00' are matched 

2024-02-06 16:28:28 - [MESSAGE][PASSED] - Actual text '10.00' and expected text '10.00' are matched 

2024-02-06 16:28:28 - [TEST_STEP][PASSED] - amountReadOnly = getAttribute(findTestObject("Object Repository/RAD_Pages/PaymentEntry_Page/input_amount"), "readonly"): Attribute 'readonly' of object 'Object Repository/RAD_Pages/PaymentEntry_Page/input_amount' is: 'true'

2024-02-06 16:28:29 - [MESSAGE][PASSED] - Attribute 'readonly' of object 'Object Repository/RAD_Pages/PaymentEntry_Page/input_amount' is: 'true'

2024-02-06 16:28:29 - [TEST_STEP][PASSED] - verifyMatch("true", amountReadOnly, false): Actual text 'true' and expected text 'true' are matched 

2024-02-06 16:28:29 - [MESSAGE][PASSED] - Actual text 'true' and expected text 'true' are matched 

2024-02-06 16:28:29 - [TEST_STEP][PASSED] - verifyOptionSelectedByLabel(findTestObject("Object Repository/RAD_Pages/PaymentEntry_Page/select_Country"), "United States", false, 20): All options with label 'United States' are selected in object 'Object Repository/RAD_Pages/PaymentEntry_Page/select_Country' 

2024-02-06 16:28:30 - [MESSAGE][PASSED] - All options with label 'United States' are selected in object 'Object Repository/RAD_Pages/PaymentEntry_Page/select_Country' 

2024-02-06 16:28:30 - [TEST_STEP][PASSED] - verifyOptionSelectedByLabel(findTestObject("Object Repository/RAD_Pages/PaymentEntry_Page/select_State"), "Maryland", false, 20): All options with label 'Maryland' are selected in object 'Object Repository/RAD_Pages/PaymentEntry_Page/select_State' 

2024-02-06 16:28:32 - [MESSAGE][PASSED] - All options with label 'Maryland' are selected in object 'Object Repository/RAD_Pages/PaymentEntry_Page/select_State' 

2024-02-06 16:28:32 - [TEST_STEP][PASSED] - setText(findTestObject(orPath_PaymentEntry + "/input__cardNumber"), "4111111111111111"): Text '4111111111111111' is set on object 'Object Repository/RAD_Pages/PaymentEntry_Page/input__cardNumber'

2024-02-06 16:28:33 - [MESSAGE][PASSED] - Text '4111111111111111' is set on object 'Object Repository/RAD_Pages/PaymentEntry_Page/input__cardNumber'

2024-02-06 16:28:33 - [TEST_STEP][PASSED] - setText(findTestObject(orPath_PaymentEntry + "/input__spc"), "123"): Text '123' is set on object 'Object Repository/RAD_Pages/PaymentEntry_Page/input__spc'

2024-02-06 16:28:34 - [MESSAGE][PASSED] - Text '123' is set on object 'Object Repository/RAD_Pages/PaymentEntry_Page/input__spc'

2024-02-06 16:28:34 - [TEST_STEP][PASSED] - selectOptionByLabel(findTestObject(orPath_PaymentEntry + "/select_MM"), "12", false): All options with label '12' are selected in object 'Object Repository/RAD_Pages/PaymentEntry_Page/select_MM' 

2024-02-06 16:28:35 - [MESSAGE][PASSED] - All options with label '12' are selected in object 'Object Repository/RAD_Pages/PaymentEntry_Page/select_MM' 

2024-02-06 16:28:35 - [TEST_STEP][PASSED] - selectOptionByLabel(findTestObject(orPath_PaymentEntry + "/select_YYYY"), "2028", false): All options with label '2028' are selected in object 'Object Repository/RAD_Pages/PaymentEntry_Page/select_YYYY' 

2024-02-06 16:28:35 - [MESSAGE][PASSED] - All options with label '2028' are selected in object 'Object Repository/RAD_Pages/PaymentEntry_Page/select_YYYY' 

2024-02-06 16:28:35 - [TEST_STEP][PASSED] - click(findTestObject(orPath_PaymentEntry + "/input_Field_ccSubmit")): Object: 'Object Repository/RAD_Pages/PaymentEntry_Page/input_Field_ccSubmit' is clicked on

2024-02-06 16:28:36 - [MESSAGE][PASSED] - Object: 'Object Repository/RAD_Pages/PaymentEntry_Page/input_Field_ccSubmit' is clicked on

2024-02-06 16:28:36 - [TEST_STEP][PASSED] - click(findTestObject(orPath_PaymentConfirmation + "/input_N_confirmNotifyAction")): Object: 'Object Repository/RAD_Pages/PaymentConfirmation_Page/input_N_confirmNotifyAction' is clicked on

2024-02-06 16:28:37 - [MESSAGE][PASSED] - Object: 'Object Repository/RAD_Pages/PaymentConfirmation_Page/input_N_confirmNotifyAction' is clicked on

2024-02-06 16:28:37 - [TEST_STEP][PASSED] - verifyTextPresent("Service Fee Acceptance", true): Text 'Service Fee Acceptance' is present on page  using regular expression

2024-02-06 16:28:38 - [MESSAGE][PASSED] - Text 'Service Fee Acceptance' is present on page  using regular expression

2024-02-06 16:28:38 - [TEST_STEP][PASSED] - verifyTextPresent("This transaction is subject to a Service Fee of ", true): Text 'This transaction is subject to a Service Fee of ' is present on page  using regular expression

2024-02-06 16:28:38 - [MESSAGE][PASSED] - Text 'This transaction is subject to a Service Fee of ' is present on page  using regular expression

2024-02-06 16:28:38 - [TEST_STEP][PASSED] - verifyTextPresent("Payment Amount:", true): Text 'Payment Amount:' is present on page  using regular expression

2024-02-06 16:28:38 - [MESSAGE][PASSED] - Text 'Payment Amount:' is present on page  using regular expression

2024-02-06 16:28:38 - [TEST_STEP][PASSED] - verifyTextPresent("10.00", true): Text '10.00' is present on page  using regular expression

2024-02-06 16:28:39 - [MESSAGE][PASSED] - Text '10.00' is present on page  using regular expression

2024-02-06 16:28:39 - [TEST_STEP][PASSED] - verifyTextPresent("Service Fee:", true): Text 'Service Fee:' is present on page  using regular expression

2024-02-06 16:28:39 - [MESSAGE][PASSED] - Text 'Service Fee:' is present on page  using regular expression

2024-02-06 16:28:39 - [TEST_STEP][PASSED] - verifyTextPresent("1.00", true): Text '1.00' is present on page  using regular expression

2024-02-06 16:28:39 - [MESSAGE][PASSED] - Text '1.00' is present on page  using regular expression

2024-02-06 16:28:39 - [TEST_STEP][PASSED] - verifyTextPresent("Total Amount:", true): Text 'Total Amount:' is present on page  using regular expression

2024-02-06 16:28:39 - [MESSAGE][PASSED] - Text 'Total Amount:' is present on page  using regular expression

2024-02-06 16:28:39 - [TEST_STEP][PASSED] - verifyTextPresent("11.00", true): Text '11.00' is present on page  using regular expression

2024-02-06 16:28:40 - [MESSAGE][PASSED] - Text '11.00' is present on page  using regular expression

2024-02-06 16:28:40 - [TEST_STEP][PASSED] - verifyTextPresent("Two transactions will appear on your bank statement, one in the amount of", true): Text 'Two transactions will appear on your bank statement, one in the amount of' is present on page  using regular expression

2024-02-06 16:28:40 - [MESSAGE][PASSED] - Text 'Two transactions will appear on your bank statement, one in the amount of' is present on page  using regular expression

2024-02-06 16:28:40 - [TEST_STEP][PASSED] - if (verifyElementPresent(findTestObject(orPath_ServiceFeesAccept + "/input_convFeeNotifyAction"), 30)): null

2024-02-06 16:28:40 - [MESSAGE][PASSED] - Object 'Object Repository/RAD_Pages/ServiceFeeAccept_Page/input_convFeeNotifyAction' is present

2024-02-06 16:28:40 - [TEST_STEP][PASSED] - resText = "Pass": null

2024-02-06 16:28:40 - [TEST_STEP][PASSED] - pages.WriteExcel.demoKey(resText, datText, resColumn, datCloumn, fileLoc, nameSheet, row): pages.WriteExcel.demoKey is PASSED

2024-02-06 16:28:40 - [MESSAGE][PASSED] - pages.WriteExcel.demoKey is PASSED

2024-02-06 16:28:40 - [TEST_STEP][PASSED] - if (execProfile == "QAProfile" || execProfile == "QA2Profile"): Text 'Successful Payment Receipt' is present on page  using regular expression

2024-02-06 16:28:40 - [TEST_STEP][PASSED] - click(findTestObject(orPath_ServiceFeesAccept + "/input_convFeeNotifyAction")): Object: 'Object Repository/RAD_Pages/ServiceFeeAccept_Page/input_convFeeNotifyAction' is clicked on

2024-02-06 16:28:41 - [MESSAGE][PASSED] - Object: 'Object Repository/RAD_Pages/ServiceFeeAccept_Page/input_convFeeNotifyAction' is clicked on

2024-02-06 16:28:41 - [TEST_STEP][PASSED] - delay(10): Delayed 10 second(s)

2024-02-06 16:28:51 - [MESSAGE][PASSED] - Delayed 10 second(s)

2024-02-06 16:28:51 - [TEST_STEP][PASSED] - verifyTextPresent("Successful Payment Receipt", true): Text 'Successful Payment Receipt' is present on page  using regular expression

2024-02-06 16:28:51 - [MESSAGE][PASSED] - Text 'Successful Payment Receipt' is present on page  using regular expression

2024-02-06 16:28:51 - [TEST_STEP][PASSED] - ExecuteTC = findTestData(dataFile).getValue("Execute", row): null

2024-02-06 16:28:51 - [TEST_STEP][PASSED] - TaxType = findTestData(dataFile).getValue("TaxType", row): null

2024-02-06 16:28:52 - [TEST_STEP][PASSED] - PaymentType = findTestData(dataFile).getValue("PaymentType", row): null

2024-02-06 16:28:52 - [TEST_STEP][PASSED] - feinSsn = findTestData(dataFile).getValue("FEINSSN", row): null

2024-02-06 16:28:52 - [TEST_STEP][PASSED] - if (ExecuteTC.equalsIgnoreCase("Y")): null

2024-02-06 16:28:52 - [TEST_STEP][PASSED] - out.println("Begin Record Number: " + row): null

2024-02-06 16:28:52 - [TEST_STEP][PASSED] - today = new java.util.Date(): null

2024-02-06 16:28:52 - [TEST_STEP][PASSED] - println(today): null

2024-02-06 16:28:52 - [TEST_STEP][PASSED] - datText = today: null

2024-02-06 16:28:52 - [TEST_STEP][PASSED] - logInfo("Payment Type: Existing Liability w/Notice Number"): Payment Type: Existing Liability w/Notice Number

2024-02-06 16:28:52 - [MESSAGE][INFO] - Payment Type: Existing Liability w/Notice Number

2024-02-06 16:28:52 - [TEST_STEP][PASSED] - logInfo("Tax Type: " + TaxType): Tax Type: PTE Non-Electing S Corp

2024-02-06 16:28:52 - [MESSAGE][INFO] - Tax Type: PTE Non-Electing S Corp

2024-02-06 16:28:52 - [TEST_STEP][PASSED] - openBrowser(""): Browser is opened with url: ''

2024-02-06 16:28:52 - [MESSAGE][WARNING] - A browser is already opened. Closing browser and opening a new one

2024-02-06 16:28:53 - [MESSAGE][INFO] - Starting 'Chrome' driver

2024-02-06 16:28:53 - [MESSAGE][INFO] - User set preference: ['acceptInsecureCerts', 'true']

2024-02-06 16:28:53 - [MESSAGE][INFO] - Action delay is set to 0 milliseconds

2024-02-06 16:28:54 - [MESSAGE][PASSED] - Browser is opened with url: ''

2024-02-06 16:28:54 - [TEST_STEP][PASSED] - maximizeWindow(): Current window maximized

2024-02-06 16:28:54 - [MESSAGE][PASSED] - Current window maximized

2024-02-06 16:28:54 - [TEST_STEP][PASSED] - navigateToUrl(RADurl): Navigate to 'https://qa2.velocitypayment.com/client/rad/index.html' successfully

2024-02-06 16:28:56 - [MESSAGE][PASSED] - Navigate to 'https://qa2.velocitypayment.com/client/rad/index.html' successfully

2024-02-06 16:28:56 - [TEST_STEP][PASSED] - selectOptionByLabel(findTestObject(orPath_Landing + "/dd_TaxType"), "Existing Liability w/Notice Number", false): All options with label 'Existing Liability w/Notice Number' are selected in object 'Object Repository/RAD_Pages/Landing_Page/dd_TaxType' 

2024-02-06 16:28:57 - [MESSAGE][PASSED] - All options with label 'Existing Liability w/Notice Number' are selected in object 'Object Repository/RAD_Pages/Landing_Page/dd_TaxType' 

2024-02-06 16:28:57 - [TEST_STEP][PASSED] - selectOptionByLabel(findTestObject(orPath_TaxTypeFilingYear + "/select_TaxType_ExistingLiability"), TaxType, false): All options with label 'PTE Non-Electing S Corp' are selected in object 'Object Repository/RAD_Pages/TaxTypeFilingYear_Page/select_TaxType_ExistingLiability' 

2024-02-06 16:28:58 - [MESSAGE][PASSED] - All options with label 'PTE Non-Electing S Corp' are selected in object 'Object Repository/RAD_Pages/TaxTypeFilingYear_Page/select_TaxType_ExistingLiability' 

2024-02-06 16:28:58 - [TEST_STEP][PASSED] - rad.getSetDataRAD.setDataRADBusinessName(): rad.getSetDataRAD.setDataRADBusinessName is PASSED

2024-02-06 16:28:59 - [MESSAGE][PASSED] - Text 'My Company' is set on object 'Object Repository/RAD_Pages/Taxpayer_Page/input_businessName'

2024-02-06 16:28:59 - [MESSAGE][PASSED] - rad.getSetDataRAD.setDataRADBusinessName is PASSED

2024-02-06 16:28:59 - [TEST_STEP][PASSED] - rad.getSetDataRAD.setDataRADBusinessRep(): rad.getSetDataRAD.setDataRADBusinessRep is PASSED

2024-02-06 16:28:59 - [MESSAGE][PASSED] - Text 'BusRepFname' is set on object 'Object Repository/RAD_Pages/Taxpayer_Page/input_BusinessRepfirstName'

2024-02-06 16:29:00 - [MESSAGE][PASSED] - Text '' is set on object 'Object Repository/RAD_Pages/Taxpayer_Page/input_BusinessRepmiddleName'

2024-02-06 16:29:01 - [MESSAGE][PASSED] - Text 'BusRepLname' is set on object 'Object Repository/RAD_Pages/Taxpayer_Page/input_BusinessReplastName'

2024-02-06 16:29:01 - [MESSAGE][PASSED] - Text '' is set on object 'Object Repository/RAD_Pages/Taxpayer_Page/input_BusinessRepsuffix'

2024-02-06 16:29:01 - [MESSAGE][PASSED] - rad.getSetDataRAD.setDataRADBusinessRep is PASSED

2024-02-06 16:29:01 - [TEST_STEP][PASSED] - rad.getSetDataRAD.setDataRADAddress(): rad.getSetDataRAD.setDataRADAddress is PASSED

2024-02-06 16:29:02 - [MESSAGE][PASSED] - All options with label 'United States' are selected in object 'Object Repository/RAD_Pages/AddressAndContactInfo_Page/select_Country' 

2024-02-06 16:29:03 - [MESSAGE][PASSED] - Text '2508 Mandan Terrace' is set on object 'Object Repository/RAD_Pages/AddressAndContactInfo_Page/input_streetAddress1'

2024-02-06 16:29:04 - [MESSAGE][PASSED] - Text '' is set on object 'Object Repository/RAD_Pages/AddressAndContactInfo_Page/input_streetAddress2'

2024-02-06 16:29:04 - [MESSAGE][PASSED] - Text 'Gambrills' is set on object 'Object Repository/RAD_Pages/AddressAndContactInfo_Page/input_city'

2024-02-06 16:29:05 - [MESSAGE][PASSED] - All options with label 'Maryland' are selected in object 'Object Repository/RAD_Pages/AddressAndContactInfo_Page/select_State' 

2024-02-06 16:29:06 - [MESSAGE][PASSED] - Text '21054' is set on object 'Object Repository/RAD_Pages/AddressAndContactInfo_Page/input_zipCode'

2024-02-06 16:29:07 - [MESSAGE][PASSED] - Text '(703) 894-5000' is set on object 'Object Repository/RAD_Pages/AddressAndContactInfo_Page/input_phoneNumber'

2024-02-06 16:29:08 - [MESSAGE][PASSED] - Text 'iahmed@govolution.com' is set on object 'Object Repository/RAD_Pages/AddressAndContactInfo_Page/input_eMailAddress'

2024-02-06 16:29:09 - [MESSAGE][PASSED] - Text 'iahmed@govolution.com' is set on object 'Object Repository/RAD_Pages/AddressAndContactInfo_Page/input_reEnterEMailAddress'

2024-02-06 16:29:09 - [MESSAGE][PASSED] - rad.getSetDataRAD.setDataRADAddress is PASSED

2024-02-06 16:29:09 - [TEST_STEP][PASSED] - if (feinSsn.equalsIgnoreCase("Y")): Text ****** has been set on object 'Object Repository/RAD_Pages/TaxInfo_Page/input_TaxInfo_RetypefeinSsn_Existing_New'

2024-02-06 16:29:09 - [TEST_STEP][PASSED] - setEncryptedText(findTestObject(orPath_TaxInfo + "/input_TaxInfo_feinSsn_Existing_New"), "RigbBhfdqODKcAsiUrg+1Q=="): Text ****** has been set on object 'Object Repository/RAD_Pages/TaxInfo_Page/input_TaxInfo_feinSsn_Existing_New'

2024-02-06 16:29:09 - [MESSAGE][PASSED] - Text ****** has been set on object 'Object Repository/RAD_Pages/TaxInfo_Page/input_TaxInfo_feinSsn_Existing_New'

2024-02-06 16:29:09 - [TEST_STEP][PASSED] - setEncryptedText(findTestObject(orPath_TaxInfo + "/input_TaxInfo_RetypefeinSsn_Existing_New"), "RigbBhfdqODKcAsiUrg+1Q=="): Text ****** has been set on object 'Object Repository/RAD_Pages/TaxInfo_Page/input_TaxInfo_RetypefeinSsn_Existing_New'

2024-02-06 16:29:10 - [MESSAGE][PASSED] - Text ****** has been set on object 'Object Repository/RAD_Pages/TaxInfo_Page/input_TaxInfo_RetypefeinSsn_Existing_New'

2024-02-06 16:29:10 - [TEST_STEP][PASSED] - rad.getSetDataRAD.setDataRADNoticeInvoiceThirteen(): rad.getSetDataRAD.setDataRADNoticeInvoiceThirteen is PASSED

2024-02-06 16:29:11 - [MESSAGE][PASSED] - Text '1234567890123' is set on object 'Object Repository/RAD_Pages/TaxInfo_Page/input_NoticeInvoiceNumber'

2024-02-06 16:29:12 - [MESSAGE][PASSED] - Text '1234567890123' is set on object 'Object Repository/RAD_Pages/TaxInfo_Page/input_reTypeNoticeInvoiceNumber'

2024-02-06 16:29:12 - [MESSAGE][PASSED] - rad.getSetDataRAD.setDataRADNoticeInvoiceThirteen is PASSED

2024-02-06 16:29:12 - [TEST_STEP][PASSED] - switch (TaxType): null

2024-02-06 16:29:12 - [TEST_STEP][PASSED] - if (TaxType.equalsIgnoreCase("Estate Tax")): null

2024-02-06 16:29:12 - [TEST_STEP][PASSED] - setText(findTestObject(orPath_Amount + "/input__paymentAmount"), "10.00"): Text '10.00' is set on object 'Object Repository/RAD_Pages/PaymentAmount_Page/input__paymentAmount'

2024-02-06 16:29:13 - [MESSAGE][PASSED] - Text '10.00' is set on object 'Object Repository/RAD_Pages/PaymentAmount_Page/input__paymentAmount'

2024-02-06 16:29:13 - [TEST_STEP][PASSED] - setText(findTestObject(orPath_AddressContact + "/input_streetAddress2"), ""): Text '' is set on object 'Object Repository/RAD_Pages/AddressAndContactInfo_Page/input_streetAddress2'

2024-02-06 16:29:13 - [MESSAGE][PASSED] - Text '' is set on object 'Object Repository/RAD_Pages/AddressAndContactInfo_Page/input_streetAddress2'

2024-02-06 16:29:13 - [TEST_STEP][PASSED] - scrollToElement(findTestObject(orPath_Landing + "/button_Continue"), 3): Scroll to object 'Object Repository/RAD_Pages/Landing_Page/button_Continue' successfully

2024-02-06 16:29:14 - [MESSAGE][PASSED] - Scroll to object 'Object Repository/RAD_Pages/Landing_Page/button_Continue' successfully

2024-02-06 16:29:14 - [TEST_STEP][PASSED] - waitForElementClickable(findTestObject(orPath_Landing + "/button_Continue"), 5): Object 'Object Repository/RAD_Pages/Landing_Page/button_Continue' is clickable

2024-02-06 16:29:14 - [MESSAGE][PASSED] - Object 'Object Repository/RAD_Pages/Landing_Page/button_Continue' is clickable

2024-02-06 16:29:14 - [TEST_STEP][PASSED] - click(findTestObject(orPath_Landing + "/button_Continue")): Object: 'Object Repository/RAD_Pages/Landing_Page/button_Continue' is clicked on

2024-02-06 16:29:14 - [MESSAGE][PASSED] - Object: 'Object Repository/RAD_Pages/Landing_Page/button_Continue' is clicked on

2024-02-06 16:29:14 - [TEST_STEP][PASSED] - delay(2): Delayed 2 second(s)

2024-02-06 16:29:16 - [MESSAGE][PASSED] - Delayed 2 second(s)

2024-02-06 16:29:16 - [TEST_STEP][PASSED] - click(findTestObject(orPath_Summary + "/button_Proceed to Payment")): Object: 'Object Repository/RAD_Pages/Summary_Page/button_Proceed to Payment' is clicked on

2024-02-06 16:29:19 - [MESSAGE][PASSED] - Object: 'Object Repository/RAD_Pages/Summary_Page/button_Proceed to Payment' is clicked on

2024-02-06 16:29:19 - [TEST_STEP][PASSED] - if (verifyElementPresent(findTestObject("Object Repository/RAD_Pages/PaymentEntry_Page/input__billingName"), 30)): null

2024-02-06 16:29:19 - [MESSAGE][PASSED] - Object 'Object Repository/RAD_Pages/PaymentEntry_Page/input__billingName' is present

2024-02-06 16:29:19 - [TEST_STEP][PASSED] - verifyTextPresent("Payment Information", true): Text 'Payment Information' is present on page  using regular expression

2024-02-06 16:29:19 - [MESSAGE][PASSED] - Text 'Payment Information' is present on page  using regular expression

2024-02-06 16:29:19 - [TEST_STEP][PASSED] - card_Name = getAttribute(findTestObject("Object Repository/RAD_Pages/PaymentEntry_Page/input__billingName"), "value"): Attribute 'value' of object 'Object Repository/RAD_Pages/PaymentEntry_Page/input__billingName' is: 'BusRepFname BusRepLname'

2024-02-06 16:29:20 - [MESSAGE][PASSED] - Attribute 'value' of object 'Object Repository/RAD_Pages/PaymentEntry_Page/input__billingName' is: 'BusRepFname BusRepLname'

2024-02-06 16:29:20 - [TEST_STEP][PASSED] - verifyMatch("BusRepFname BusRepLname", card_Name, false): Actual text 'BusRepFname BusRepLname' and expected text 'BusRepFname BusRepLname' are matched 

2024-02-06 16:29:20 - [MESSAGE][PASSED] - Actual text 'BusRepFname BusRepLname' and expected text 'BusRepFname BusRepLname' are matched 

2024-02-06 16:29:20 - [TEST_STEP][PASSED] - AL1 = getAttribute(findTestObject("Object Repository/RAD_Pages/PaymentEntry_Page/input_billingAddress"), "value"): Attribute 'value' of object 'Object Repository/RAD_Pages/PaymentEntry_Page/input_billingAddress' is: '2508 Mandan Terrace'

2024-02-06 16:29:20 - [MESSAGE][PASSED] - Attribute 'value' of object 'Object Repository/RAD_Pages/PaymentEntry_Page/input_billingAddress' is: '2508 Mandan Terrace'

2024-02-06 16:29:20 - [TEST_STEP][PASSED] - verifyMatch("2508 Mandan Terrace", AL1, false): Actual text '2508 Mandan Terrace' and expected text '2508 Mandan Terrace' are matched 

2024-02-06 16:29:20 - [MESSAGE][PASSED] - Actual text '2508 Mandan Terrace' and expected text '2508 Mandan Terrace' are matched 

2024-02-06 16:29:20 - [TEST_STEP][PASSED] - AL2 = getAttribute(findTestObject("Object Repository/RAD_Pages/PaymentEntry_Page/input_billingAddress2"), "value"): Attribute 'value' of object 'Object Repository/RAD_Pages/PaymentEntry_Page/input_billingAddress2' is: ''

2024-02-06 16:29:21 - [MESSAGE][PASSED] - Attribute 'value' of object 'Object Repository/RAD_Pages/PaymentEntry_Page/input_billingAddress2' is: ''

2024-02-06 16:29:21 - [TEST_STEP][PASSED] - verifyMatch("", AL2, false): Actual text '' and expected text '' are matched 

2024-02-06 16:29:21 - [MESSAGE][PASSED] - Actual text '' and expected text '' are matched 

2024-02-06 16:29:21 - [TEST_STEP][PASSED] - zipCode = getAttribute(findTestObject("Object Repository/RAD_Pages/PaymentEntry_Page/input_billingZip"), "value"): Attribute 'value' of object 'Object Repository/RAD_Pages/PaymentEntry_Page/input_billingZip' is: '21054'

2024-02-06 16:29:21 - [MESSAGE][PASSED] - Attribute 'value' of object 'Object Repository/RAD_Pages/PaymentEntry_Page/input_billingZip' is: '21054'

2024-02-06 16:29:21 - [TEST_STEP][PASSED] - verifyMatch("21054", zipCode, false): Actual text '21054' and expected text '21054' are matched 

2024-02-06 16:29:21 - [MESSAGE][PASSED] - Actual text '21054' and expected text '21054' are matched 

2024-02-06 16:29:21 - [TEST_STEP][PASSED] - city = getAttribute(findTestObject("Object Repository/RAD_Pages/PaymentEntry_Page/input_billingCity"), "value"): Attribute 'value' of object 'Object Repository/RAD_Pages/PaymentEntry_Page/input_billingCity' is: 'GAMBRILLS'

2024-02-06 16:29:21 - [MESSAGE][PASSED] - Attribute 'value' of object 'Object Repository/RAD_Pages/PaymentEntry_Page/input_billingCity' is: 'GAMBRILLS'

2024-02-06 16:29:21 - [TEST_STEP][PASSED] - verifyMatch("GAMBRILLS", city, false): Actual text 'GAMBRILLS' and expected text 'GAMBRILLS' are matched 

2024-02-06 16:29:21 - [MESSAGE][PASSED] - Actual text 'GAMBRILLS' and expected text 'GAMBRILLS' are matched 

2024-02-06 16:29:21 - [TEST_STEP][PASSED] - email = getAttribute(findTestObject("Object Repository/RAD_Pages/PaymentEntry_Page/input_emailAddress"), "value"): Attribute 'value' of object 'Object Repository/RAD_Pages/PaymentEntry_Page/input_emailAddress' is: 'iahmed@govolution.com'

2024-02-06 16:29:22 - [MESSAGE][PASSED] - Attribute 'value' of object 'Object Repository/RAD_Pages/PaymentEntry_Page/input_emailAddress' is: 'iahmed@govolution.com'

2024-02-06 16:29:22 - [TEST_STEP][PASSED] - verifyMatch("iahmed@govolution.com", email, false): Actual text 'iahmed@govolution.com' and expected text 'iahmed@govolution.com' are matched 

2024-02-06 16:29:22 - [MESSAGE][PASSED] - Actual text 'iahmed@govolution.com' and expected text 'iahmed@govolution.com' are matched 

2024-02-06 16:29:22 - [TEST_STEP][PASSED] - amount = getAttribute(findTestObject("Object Repository/RAD_Pages/PaymentEntry_Page/input_amount"), "value"): Attribute 'value' of object 'Object Repository/RAD_Pages/PaymentEntry_Page/input_amount' is: '10.00'

2024-02-06 16:29:22 - [MESSAGE][PASSED] - Attribute 'value' of object 'Object Repository/RAD_Pages/PaymentEntry_Page/input_amount' is: '10.00'

2024-02-06 16:29:22 - [TEST_STEP][PASSED] - verifyMatch("10.00", amount, false): Actual text '10.00' and expected text '10.00' are matched 

2024-02-06 16:29:22 - [MESSAGE][PASSED] - Actual text '10.00' and expected text '10.00' are matched 

2024-02-06 16:29:22 - [TEST_STEP][PASSED] - amountReadOnly = getAttribute(findTestObject("Object Repository/RAD_Pages/PaymentEntry_Page/input_amount"), "readonly"): Attribute 'readonly' of object 'Object Repository/RAD_Pages/PaymentEntry_Page/input_amount' is: 'true'

2024-02-06 16:29:22 - [MESSAGE][PASSED] - Attribute 'readonly' of object 'Object Repository/RAD_Pages/PaymentEntry_Page/input_amount' is: 'true'

2024-02-06 16:29:22 - [TEST_STEP][PASSED] - verifyMatch("true", amountReadOnly, false): Actual text 'true' and expected text 'true' are matched 

2024-02-06 16:29:22 - [MESSAGE][PASSED] - Actual text 'true' and expected text 'true' are matched 

2024-02-06 16:29:22 - [TEST_STEP][PASSED] - verifyOptionSelectedByLabel(findTestObject("Object Repository/RAD_Pages/PaymentEntry_Page/select_Country"), "United States", false, 20): All options with label 'United States' are selected in object 'Object Repository/RAD_Pages/PaymentEntry_Page/select_Country' 

2024-02-06 16:29:23 - [MESSAGE][PASSED] - All options with label 'United States' are selected in object 'Object Repository/RAD_Pages/PaymentEntry_Page/select_Country' 

2024-02-06 16:29:23 - [TEST_STEP][PASSED] - verifyOptionSelectedByLabel(findTestObject("Object Repository/RAD_Pages/PaymentEntry_Page/select_State"), "Maryland", false, 20): All options with label 'Maryland' are selected in object 'Object Repository/RAD_Pages/PaymentEntry_Page/select_State' 

2024-02-06 16:29:26 - [MESSAGE][PASSED] - All options with label 'Maryland' are selected in object 'Object Repository/RAD_Pages/PaymentEntry_Page/select_State' 

2024-02-06 16:29:26 - [TEST_STEP][PASSED] - setText(findTestObject(orPath_PaymentEntry + "/input__cardNumber"), "4111111111111111"): Text '4111111111111111' is set on object 'Object Repository/RAD_Pages/PaymentEntry_Page/input__cardNumber'

2024-02-06 16:29:27 - [MESSAGE][PASSED] - Text '4111111111111111' is set on object 'Object Repository/RAD_Pages/PaymentEntry_Page/input__cardNumber'

2024-02-06 16:29:27 - [TEST_STEP][PASSED] - setText(findTestObject(orPath_PaymentEntry + "/input__spc"), "123"): Text '123' is set on object 'Object Repository/RAD_Pages/PaymentEntry_Page/input__spc'

2024-02-06 16:29:27 - [MESSAGE][PASSED] - Text '123' is set on object 'Object Repository/RAD_Pages/PaymentEntry_Page/input__spc'

2024-02-06 16:29:27 - [TEST_STEP][PASSED] - selectOptionByLabel(findTestObject(orPath_PaymentEntry + "/select_MM"), "12", false): All options with label '12' are selected in object 'Object Repository/RAD_Pages/PaymentEntry_Page/select_MM' 

2024-02-06 16:29:28 - [MESSAGE][PASSED] - All options with label '12' are selected in object 'Object Repository/RAD_Pages/PaymentEntry_Page/select_MM' 

2024-02-06 16:29:28 - [TEST_STEP][PASSED] - selectOptionByLabel(findTestObject(orPath_PaymentEntry + "/select_YYYY"), "2028", false): All options with label '2028' are selected in object 'Object Repository/RAD_Pages/PaymentEntry_Page/select_YYYY' 

2024-02-06 16:29:29 - [MESSAGE][PASSED] - All options with label '2028' are selected in object 'Object Repository/RAD_Pages/PaymentEntry_Page/select_YYYY' 

2024-02-06 16:29:29 - [TEST_STEP][PASSED] - click(findTestObject(orPath_PaymentEntry + "/input_Field_ccSubmit")): Object: 'Object Repository/RAD_Pages/PaymentEntry_Page/input_Field_ccSubmit' is clicked on

2024-02-06 16:29:30 - [MESSAGE][PASSED] - Object: 'Object Repository/RAD_Pages/PaymentEntry_Page/input_Field_ccSubmit' is clicked on

2024-02-06 16:29:30 - [TEST_STEP][PASSED] - click(findTestObject(orPath_PaymentConfirmation + "/input_N_confirmNotifyAction")): Object: 'Object Repository/RAD_Pages/PaymentConfirmation_Page/input_N_confirmNotifyAction' is clicked on

2024-02-06 16:29:31 - [MESSAGE][PASSED] - Object: 'Object Repository/RAD_Pages/PaymentConfirmation_Page/input_N_confirmNotifyAction' is clicked on

2024-02-06 16:29:31 - [TEST_STEP][PASSED] - verifyTextPresent("Service Fee Acceptance", true): Text 'Service Fee Acceptance' is present on page  using regular expression

2024-02-06 16:29:31 - [MESSAGE][PASSED] - Text 'Service Fee Acceptance' is present on page  using regular expression

2024-02-06 16:29:31 - [TEST_STEP][PASSED] - verifyTextPresent("This transaction is subject to a Service Fee of ", true): Text 'This transaction is subject to a Service Fee of ' is present on page  using regular expression

2024-02-06 16:29:32 - [MESSAGE][PASSED] - Text 'This transaction is subject to a Service Fee of ' is present on page  using regular expression

2024-02-06 16:29:32 - [TEST_STEP][PASSED] - verifyTextPresent("Payment Amount:", true): Text 'Payment Amount:' is present on page  using regular expression

2024-02-06 16:29:32 - [MESSAGE][PASSED] - Text 'Payment Amount:' is present on page  using regular expression

2024-02-06 16:29:32 - [TEST_STEP][PASSED] - verifyTextPresent("10.00", true): Text '10.00' is present on page  using regular expression

2024-02-06 16:29:32 - [MESSAGE][PASSED] - Text '10.00' is present on page  using regular expression

2024-02-06 16:29:32 - [TEST_STEP][PASSED] - verifyTextPresent("Service Fee:", true): Text 'Service Fee:' is present on page  using regular expression

2024-02-06 16:29:33 - [MESSAGE][PASSED] - Text 'Service Fee:' is present on page  using regular expression

2024-02-06 16:29:33 - [TEST_STEP][PASSED] - verifyTextPresent("1.00", true): Text '1.00' is present on page  using regular expression

2024-02-06 16:29:33 - [MESSAGE][PASSED] - Text '1.00' is present on page  using regular expression

2024-02-06 16:29:33 - [TEST_STEP][PASSED] - verifyTextPresent("Total Amount:", true): Text 'Total Amount:' is present on page  using regular expression

2024-02-06 16:29:33 - [MESSAGE][PASSED] - Text 'Total Amount:' is present on page  using regular expression

2024-02-06 16:29:33 - [TEST_STEP][PASSED] - verifyTextPresent("11.00", true): Text '11.00' is present on page  using regular expression

2024-02-06 16:29:34 - [MESSAGE][PASSED] - Text '11.00' is present on page  using regular expression

2024-02-06 16:29:34 - [TEST_STEP][PASSED] - verifyTextPresent("Two transactions will appear on your bank statement, one in the amount of", true): Text 'Two transactions will appear on your bank statement, one in the amount of' is present on page  using regular expression

2024-02-06 16:29:34 - [MESSAGE][PASSED] - Text 'Two transactions will appear on your bank statement, one in the amount of' is present on page  using regular expression

2024-02-06 16:29:34 - [TEST_STEP][PASSED] - if (verifyElementPresent(findTestObject(orPath_ServiceFeesAccept + "/input_convFeeNotifyAction"), 30)): null

2024-02-06 16:29:34 - [MESSAGE][PASSED] - Object 'Object Repository/RAD_Pages/ServiceFeeAccept_Page/input_convFeeNotifyAction' is present

2024-02-06 16:29:34 - [TEST_STEP][PASSED] - resText = "Pass": null

2024-02-06 16:29:34 - [TEST_STEP][PASSED] - pages.WriteExcel.demoKey(resText, datText, resColumn, datCloumn, fileLoc, nameSheet, row): pages.WriteExcel.demoKey is PASSED

2024-02-06 16:29:34 - [MESSAGE][PASSED] - pages.WriteExcel.demoKey is PASSED

2024-02-06 16:29:34 - [TEST_STEP][PASSED] - if (execProfile == "QAProfile" || execProfile == "QA2Profile"): Text 'Successful Payment Receipt' is present on page  using regular expression

2024-02-06 16:29:34 - [TEST_STEP][PASSED] - click(findTestObject(orPath_ServiceFeesAccept + "/input_convFeeNotifyAction")): Object: 'Object Repository/RAD_Pages/ServiceFeeAccept_Page/input_convFeeNotifyAction' is clicked on

2024-02-06 16:29:35 - [MESSAGE][PASSED] - Object: 'Object Repository/RAD_Pages/ServiceFeeAccept_Page/input_convFeeNotifyAction' is clicked on

2024-02-06 16:29:35 - [TEST_STEP][PASSED] - delay(10): Delayed 10 second(s)

2024-02-06 16:29:45 - [MESSAGE][PASSED] - Delayed 10 second(s)

2024-02-06 16:29:45 - [TEST_STEP][PASSED] - verifyTextPresent("Successful Payment Receipt", true): Text 'Successful Payment Receipt' is present on page  using regular expression

2024-02-06 16:29:45 - [MESSAGE][PASSED] - Text 'Successful Payment Receipt' is present on page  using regular expression

2024-02-06 16:29:45 - [TEST_STEP][PASSED] - ExecuteTC = findTestData(dataFile).getValue("Execute", row): null

2024-02-06 16:29:45 - [TEST_STEP][PASSED] - TaxType = findTestData(dataFile).getValue("TaxType", row): null

2024-02-06 16:29:45 - [TEST_STEP][PASSED] - PaymentType = findTestData(dataFile).getValue("PaymentType", row): null

2024-02-06 16:29:45 - [TEST_STEP][PASSED] - feinSsn = findTestData(dataFile).getValue("FEINSSN", row): null

2024-02-06 16:29:45 - [TEST_STEP][PASSED] - if (ExecuteTC.equalsIgnoreCase("Y")): null

2024-02-06 16:29:45 - [TEST_STEP][PASSED] - out.println("Begin Record Number: " + row): null

2024-02-06 16:29:45 - [TEST_STEP][PASSED] - today = new java.util.Date(): null

2024-02-06 16:29:45 - [TEST_STEP][PASSED] - println(today): null

2024-02-06 16:29:45 - [TEST_STEP][PASSED] - datText = today: null

2024-02-06 16:29:45 - [TEST_STEP][PASSED] - logInfo("Payment Type: Existing Liability w/Notice Number"): Payment Type: Existing Liability w/Notice Number

2024-02-06 16:29:45 - [MESSAGE][INFO] - Payment Type: Existing Liability w/Notice Number

2024-02-06 16:29:45 - [TEST_STEP][PASSED] - logInfo("Tax Type: " + TaxType): Tax Type: Sales & Use Tax

2024-02-06 16:29:45 - [MESSAGE][INFO] - Tax Type: Sales & Use Tax

2024-02-06 16:29:45 - [TEST_STEP][PASSED] - openBrowser(""): Browser is opened with url: ''

2024-02-06 16:29:45 - [MESSAGE][WARNING] - A browser is already opened. Closing browser and opening a new one

2024-02-06 16:29:47 - [MESSAGE][INFO] - Starting 'Chrome' driver

2024-02-06 16:29:47 - [MESSAGE][INFO] - User set preference: ['acceptInsecureCerts', 'true']

2024-02-06 16:29:47 - [MESSAGE][INFO] - Action delay is set to 0 milliseconds

2024-02-06 16:29:48 - [MESSAGE][PASSED] - Browser is opened with url: ''

2024-02-06 16:29:48 - [TEST_STEP][PASSED] - maximizeWindow(): Current window maximized

2024-02-06 16:29:48 - [MESSAGE][PASSED] - Current window maximized

2024-02-06 16:29:48 - [TEST_STEP][PASSED] - navigateToUrl(RADurl): Navigate to 'https://qa2.velocitypayment.com/client/rad/index.html' successfully

2024-02-06 16:29:50 - [MESSAGE][PASSED] - Navigate to 'https://qa2.velocitypayment.com/client/rad/index.html' successfully

2024-02-06 16:29:50 - [TEST_STEP][PASSED] - selectOptionByLabel(findTestObject(orPath_Landing + "/dd_TaxType"), "Existing Liability w/Notice Number", false): All options with label 'Existing Liability w/Notice Number' are selected in object 'Object Repository/RAD_Pages/Landing_Page/dd_TaxType' 

2024-02-06 16:29:51 - [MESSAGE][PASSED] - All options with label 'Existing Liability w/Notice Number' are selected in object 'Object Repository/RAD_Pages/Landing_Page/dd_TaxType' 

2024-02-06 16:29:51 - [TEST_STEP][PASSED] - selectOptionByLabel(findTestObject(orPath_TaxTypeFilingYear + "/select_TaxType_ExistingLiability"), TaxType, false): All options with label 'Sales & Use Tax' are selected in object 'Object Repository/RAD_Pages/TaxTypeFilingYear_Page/select_TaxType_ExistingLiability' 

2024-02-06 16:29:51 - [MESSAGE][PASSED] - All options with label 'Sales & Use Tax' are selected in object 'Object Repository/RAD_Pages/TaxTypeFilingYear_Page/select_TaxType_ExistingLiability' 

2024-02-06 16:29:51 - [TEST_STEP][PASSED] - rad.getSetDataRAD.setDataRADBusinessName(): rad.getSetDataRAD.setDataRADBusinessName is PASSED

2024-02-06 16:29:52 - [MESSAGE][PASSED] - Text 'My Company' is set on object 'Object Repository/RAD_Pages/Taxpayer_Page/input_businessName'

2024-02-06 16:29:52 - [MESSAGE][PASSED] - rad.getSetDataRAD.setDataRADBusinessName is PASSED

2024-02-06 16:29:52 - [TEST_STEP][PASSED] - rad.getSetDataRAD.setDataRADBusinessRep(): rad.getSetDataRAD.setDataRADBusinessRep is PASSED

2024-02-06 16:29:53 - [MESSAGE][PASSED] - Text 'BusRepFname' is set on object 'Object Repository/RAD_Pages/Taxpayer_Page/input_BusinessRepfirstName'

2024-02-06 16:29:54 - [MESSAGE][PASSED] - Text '' is set on object 'Object Repository/RAD_Pages/Taxpayer_Page/input_BusinessRepmiddleName'

2024-02-06 16:29:54 - [MESSAGE][PASSED] - Text 'BusRepLname' is set on object 'Object Repository/RAD_Pages/Taxpayer_Page/input_BusinessReplastName'

2024-02-06 16:29:55 - [MESSAGE][PASSED] - Text '' is set on object 'Object Repository/RAD_Pages/Taxpayer_Page/input_BusinessRepsuffix'

2024-02-06 16:29:55 - [MESSAGE][PASSED] - rad.getSetDataRAD.setDataRADBusinessRep is PASSED

2024-02-06 16:29:55 - [TEST_STEP][PASSED] - rad.getSetDataRAD.setDataRADAddress(): rad.getSetDataRAD.setDataRADAddress is PASSED

2024-02-06 16:29:56 - [MESSAGE][PASSED] - All options with label 'United States' are selected in object 'Object Repository/RAD_Pages/AddressAndContactInfo_Page/select_Country' 

2024-02-06 16:29:57 - [MESSAGE][PASSED] - Text '2508 Mandan Terrace' is set on object 'Object Repository/RAD_Pages/AddressAndContactInfo_Page/input_streetAddress1'

2024-02-06 16:29:58 - [MESSAGE][PASSED] - Text '' is set on object 'Object Repository/RAD_Pages/AddressAndContactInfo_Page/input_streetAddress2'

2024-02-06 16:29:58 - [MESSAGE][PASSED] - Text 'Gambrills' is set on object 'Object Repository/RAD_Pages/AddressAndContactInfo_Page/input_city'

2024-02-06 16:29:59 - [MESSAGE][PASSED] - All options with label 'Maryland' are selected in object 'Object Repository/RAD_Pages/AddressAndContactInfo_Page/select_State' 

2024-02-06 16:30:00 - [MESSAGE][PASSED] - Text '21054' is set on object 'Object Repository/RAD_Pages/AddressAndContactInfo_Page/input_zipCode'

2024-02-06 16:30:01 - [MESSAGE][PASSED] - Text '(703) 894-5000' is set on object 'Object Repository/RAD_Pages/AddressAndContactInfo_Page/input_phoneNumber'

2024-02-06 16:30:02 - [MESSAGE][PASSED] - Text 'iahmed@govolution.com' is set on object 'Object Repository/RAD_Pages/AddressAndContactInfo_Page/input_eMailAddress'

2024-02-06 16:30:02 - [MESSAGE][PASSED] - Text 'iahmed@govolution.com' is set on object 'Object Repository/RAD_Pages/AddressAndContactInfo_Page/input_reEnterEMailAddress'

2024-02-06 16:30:02 - [MESSAGE][PASSED] - rad.getSetDataRAD.setDataRADAddress is PASSED

2024-02-06 16:30:02 - [TEST_STEP][PASSED] - if (feinSsn.equalsIgnoreCase("Y")): null

2024-02-06 16:30:02 - [TEST_STEP][PASSED] - else: Text ****** has been set on object 'Object Repository/RAD_Pages/TaxInfo_Page/input_concat(id(, , data, , ))_Data (1)'

2024-02-06 16:30:02 - [TEST_STEP][PASSED] - if (!(TaxType.equalsIgnoreCase("Estate Tax"))): Text ****** has been set on object 'Object Repository/RAD_Pages/TaxInfo_Page/input_concat(id(, , data, , ))_Data (1)'

2024-02-06 16:30:02 - [TEST_STEP][PASSED] - setEncryptedText(findTestObject("Object Repository/RAD_Pages/TaxInfo_Page/input_concat(id(, , data, , ))_Data"), "RigbBhfdqODKcAsiUrg+1Q=="): Text ****** has been set on object 'Object Repository/RAD_Pages/TaxInfo_Page/input_concat(id(, , data, , ))_Data'

2024-02-06 16:30:03 - [MESSAGE][PASSED] - Text ****** has been set on object 'Object Repository/RAD_Pages/TaxInfo_Page/input_concat(id(, , data, , ))_Data'

2024-02-06 16:30:03 - [TEST_STEP][PASSED] - setEncryptedText(findTestObject("Object Repository/RAD_Pages/TaxInfo_Page/input_concat(id(, , data, , ))_Data (1)"), "RigbBhfdqODKcAsiUrg+1Q=="): Text ****** has been set on object 'Object Repository/RAD_Pages/TaxInfo_Page/input_concat(id(, , data, , ))_Data (1)'

2024-02-06 16:30:04 - [MESSAGE][PASSED] - Text ****** has been set on object 'Object Repository/RAD_Pages/TaxInfo_Page/input_concat(id(, , data, , ))_Data (1)'

2024-02-06 16:30:04 - [TEST_STEP][PASSED] - rad.getSetDataRAD.setDataRADNoticeInvoiceThirteen(): rad.getSetDataRAD.setDataRADNoticeInvoiceThirteen is PASSED

2024-02-06 16:30:04 - [MESSAGE][PASSED] - Text '1234567890123' is set on object 'Object Repository/RAD_Pages/TaxInfo_Page/input_NoticeInvoiceNumber'

2024-02-06 16:30:05 - [MESSAGE][PASSED] - Text '1234567890123' is set on object 'Object Repository/RAD_Pages/TaxInfo_Page/input_reTypeNoticeInvoiceNumber'

2024-02-06 16:30:05 - [MESSAGE][PASSED] - rad.getSetDataRAD.setDataRADNoticeInvoiceThirteen is PASSED

2024-02-06 16:30:05 - [TEST_STEP][PASSED] - switch (TaxType): null

2024-02-06 16:30:05 - [TEST_STEP][PASSED] - case "Sales & Use Tax":: null

2024-02-06 16:30:05 - [TEST_STEP][PASSED] - rad.getSetDataRAD.setDataExistingRADMDCRN(): rad.getSetDataRAD.setDataExistingRADMDCRN is PASSED

2024-02-06 16:30:06 - [MESSAGE][PASSED] - Text '07640126' is set on object 'Object Repository/RAD_Pages/TaxInfo_Page/input_MDCRegistrationEL'

2024-02-06 16:30:06 - [MESSAGE][PASSED] - rad.getSetDataRAD.setDataExistingRADMDCRN is PASSED

2024-02-06 16:30:06 - [TEST_STEP][PASSED] - break: null

2024-02-06 16:30:06 - [TEST_STEP][PASSED] - if (TaxType.equalsIgnoreCase("Estate Tax")): null

2024-02-06 16:30:06 - [TEST_STEP][PASSED] - setText(findTestObject(orPath_Amount + "/input__paymentAmount"), "10.00"): Text '10.00' is set on object 'Object Repository/RAD_Pages/PaymentAmount_Page/input__paymentAmount'

2024-02-06 16:30:07 - [MESSAGE][PASSED] - Text '10.00' is set on object 'Object Repository/RAD_Pages/PaymentAmount_Page/input__paymentAmount'

2024-02-06 16:30:07 - [TEST_STEP][PASSED] - setText(findTestObject(orPath_AddressContact + "/input_streetAddress2"), ""): Text '' is set on object 'Object Repository/RAD_Pages/AddressAndContactInfo_Page/input_streetAddress2'

2024-02-06 16:30:08 - [MESSAGE][PASSED] - Text '' is set on object 'Object Repository/RAD_Pages/AddressAndContactInfo_Page/input_streetAddress2'

2024-02-06 16:30:08 - [TEST_STEP][PASSED] - scrollToElement(findTestObject(orPath_Landing + "/button_Continue"), 3): Scroll to object 'Object Repository/RAD_Pages/Landing_Page/button_Continue' successfully

2024-02-06 16:30:08 - [MESSAGE][PASSED] - Scroll to object 'Object Repository/RAD_Pages/Landing_Page/button_Continue' successfully

2024-02-06 16:30:08 - [TEST_STEP][PASSED] - waitForElementClickable(findTestObject(orPath_Landing + "/button_Continue"), 5): Object 'Object Repository/RAD_Pages/Landing_Page/button_Continue' is clickable

2024-02-06 16:30:09 - [MESSAGE][PASSED] - Object 'Object Repository/RAD_Pages/Landing_Page/button_Continue' is clickable

2024-02-06 16:30:09 - [TEST_STEP][PASSED] - click(findTestObject(orPath_Landing + "/button_Continue")): Object: 'Object Repository/RAD_Pages/Landing_Page/button_Continue' is clicked on

2024-02-06 16:30:09 - [MESSAGE][PASSED] - Object: 'Object Repository/RAD_Pages/Landing_Page/button_Continue' is clicked on

2024-02-06 16:30:09 - [TEST_STEP][PASSED] - delay(2): Delayed 2 second(s)

2024-02-06 16:30:11 - [MESSAGE][PASSED] - Delayed 2 second(s)

2024-02-06 16:30:11 - [TEST_STEP][PASSED] - click(findTestObject(orPath_Summary + "/button_Proceed to Payment")): Object: 'Object Repository/RAD_Pages/Summary_Page/button_Proceed to Payment' is clicked on

2024-02-06 16:30:12 - [MESSAGE][PASSED] - Object: 'Object Repository/RAD_Pages/Summary_Page/button_Proceed to Payment' is clicked on

2024-02-06 16:30:12 - [TEST_STEP][PASSED] - if (verifyElementPresent(findTestObject("Object Repository/RAD_Pages/PaymentEntry_Page/input__billingName"), 30)): null

2024-02-06 16:30:13 - [MESSAGE][PASSED] - Object 'Object Repository/RAD_Pages/PaymentEntry_Page/input__billingName' is present

2024-02-06 16:30:13 - [TEST_STEP][PASSED] - verifyTextPresent("Payment Information", true): Text 'Payment Information' is present on page  using regular expression

2024-02-06 16:30:13 - [MESSAGE][PASSED] - Text 'Payment Information' is present on page  using regular expression

2024-02-06 16:30:13 - [TEST_STEP][PASSED] - card_Name = getAttribute(findTestObject("Object Repository/RAD_Pages/PaymentEntry_Page/input__billingName"), "value"): Attribute 'value' of object 'Object Repository/RAD_Pages/PaymentEntry_Page/input__billingName' is: 'BusRepFname BusRepLname'

2024-02-06 16:30:14 - [MESSAGE][PASSED] - Attribute 'value' of object 'Object Repository/RAD_Pages/PaymentEntry_Page/input__billingName' is: 'BusRepFname BusRepLname'

2024-02-06 16:30:14 - [TEST_STEP][PASSED] - verifyMatch("BusRepFname BusRepLname", card_Name, false): Actual text 'BusRepFname BusRepLname' and expected text 'BusRepFname BusRepLname' are matched 

2024-02-06 16:30:14 - [MESSAGE][PASSED] - Actual text 'BusRepFname BusRepLname' and expected text 'BusRepFname BusRepLname' are matched 

2024-02-06 16:30:14 - [TEST_STEP][PASSED] - AL1 = getAttribute(findTestObject("Object Repository/RAD_Pages/PaymentEntry_Page/input_billingAddress"), "value"): Attribute 'value' of object 'Object Repository/RAD_Pages/PaymentEntry_Page/input_billingAddress' is: '2508 Mandan Terrace'

2024-02-06 16:30:14 - [MESSAGE][PASSED] - Attribute 'value' of object 'Object Repository/RAD_Pages/PaymentEntry_Page/input_billingAddress' is: '2508 Mandan Terrace'

2024-02-06 16:30:14 - [TEST_STEP][PASSED] - verifyMatch("2508 Mandan Terrace", AL1, false): Actual text '2508 Mandan Terrace' and expected text '2508 Mandan Terrace' are matched 

2024-02-06 16:30:14 - [MESSAGE][PASSED] - Actual text '2508 Mandan Terrace' and expected text '2508 Mandan Terrace' are matched 

2024-02-06 16:30:14 - [TEST_STEP][PASSED] - AL2 = getAttribute(findTestObject("Object Repository/RAD_Pages/PaymentEntry_Page/input_billingAddress2"), "value"): Attribute 'value' of object 'Object Repository/RAD_Pages/PaymentEntry_Page/input_billingAddress2' is: ''

2024-02-06 16:30:14 - [MESSAGE][PASSED] - Attribute 'value' of object 'Object Repository/RAD_Pages/PaymentEntry_Page/input_billingAddress2' is: ''

2024-02-06 16:30:14 - [TEST_STEP][PASSED] - verifyMatch("", AL2, false): Actual text '' and expected text '' are matched 

2024-02-06 16:30:14 - [MESSAGE][PASSED] - Actual text '' and expected text '' are matched 

2024-02-06 16:30:14 - [TEST_STEP][PASSED] - zipCode = getAttribute(findTestObject("Object Repository/RAD_Pages/PaymentEntry_Page/input_billingZip"), "value"): Attribute 'value' of object 'Object Repository/RAD_Pages/PaymentEntry_Page/input_billingZip' is: '21054'

2024-02-06 16:30:15 - [MESSAGE][PASSED] - Attribute 'value' of object 'Object Repository/RAD_Pages/PaymentEntry_Page/input_billingZip' is: '21054'

2024-02-06 16:30:15 - [TEST_STEP][PASSED] - verifyMatch("21054", zipCode, false): Actual text '21054' and expected text '21054' are matched 

2024-02-06 16:30:15 - [MESSAGE][PASSED] - Actual text '21054' and expected text '21054' are matched 

2024-02-06 16:30:15 - [TEST_STEP][PASSED] - city = getAttribute(findTestObject("Object Repository/RAD_Pages/PaymentEntry_Page/input_billingCity"), "value"): Attribute 'value' of object 'Object Repository/RAD_Pages/PaymentEntry_Page/input_billingCity' is: 'GAMBRILLS'

2024-02-06 16:30:15 - [MESSAGE][PASSED] - Attribute 'value' of object 'Object Repository/RAD_Pages/PaymentEntry_Page/input_billingCity' is: 'GAMBRILLS'

2024-02-06 16:30:15 - [TEST_STEP][PASSED] - verifyMatch("GAMBRILLS", city, false): Actual text 'GAMBRILLS' and expected text 'GAMBRILLS' are matched 

2024-02-06 16:30:15 - [MESSAGE][PASSED] - Actual text 'GAMBRILLS' and expected text 'GAMBRILLS' are matched 

2024-02-06 16:30:15 - [TEST_STEP][PASSED] - email = getAttribute(findTestObject("Object Repository/RAD_Pages/PaymentEntry_Page/input_emailAddress"), "value"): Attribute 'value' of object 'Object Repository/RAD_Pages/PaymentEntry_Page/input_emailAddress' is: 'iahmed@govolution.com'

2024-02-06 16:30:15 - [MESSAGE][PASSED] - Attribute 'value' of object 'Object Repository/RAD_Pages/PaymentEntry_Page/input_emailAddress' is: 'iahmed@govolution.com'

2024-02-06 16:30:15 - [TEST_STEP][PASSED] - verifyMatch("iahmed@govolution.com", email, false): Actual text 'iahmed@govolution.com' and expected text 'iahmed@govolution.com' are matched 

2024-02-06 16:30:15 - [MESSAGE][PASSED] - Actual text 'iahmed@govolution.com' and expected text 'iahmed@govolution.com' are matched 

2024-02-06 16:30:15 - [TEST_STEP][PASSED] - amount = getAttribute(findTestObject("Object Repository/RAD_Pages/PaymentEntry_Page/input_amount"), "value"): Attribute 'value' of object 'Object Repository/RAD_Pages/PaymentEntry_Page/input_amount' is: '10.00'

2024-02-06 16:30:16 - [MESSAGE][PASSED] - Attribute 'value' of object 'Object Repository/RAD_Pages/PaymentEntry_Page/input_amount' is: '10.00'

2024-02-06 16:30:16 - [TEST_STEP][PASSED] - verifyMatch("10.00", amount, false): Actual text '10.00' and expected text '10.00' are matched 

2024-02-06 16:30:16 - [MESSAGE][PASSED] - Actual text '10.00' and expected text '10.00' are matched 

2024-02-06 16:30:16 - [TEST_STEP][PASSED] - amountReadOnly = getAttribute(findTestObject("Object Repository/RAD_Pages/PaymentEntry_Page/input_amount"), "readonly"): Attribute 'readonly' of object 'Object Repository/RAD_Pages/PaymentEntry_Page/input_amount' is: 'true'

2024-02-06 16:30:16 - [MESSAGE][PASSED] - Attribute 'readonly' of object 'Object Repository/RAD_Pages/PaymentEntry_Page/input_amount' is: 'true'

2024-02-06 16:30:16 - [TEST_STEP][PASSED] - verifyMatch("true", amountReadOnly, false): Actual text 'true' and expected text 'true' are matched 

2024-02-06 16:30:16 - [MESSAGE][PASSED] - Actual text 'true' and expected text 'true' are matched 

2024-02-06 16:30:16 - [TEST_STEP][PASSED] - verifyOptionSelectedByLabel(findTestObject("Object Repository/RAD_Pages/PaymentEntry_Page/select_Country"), "United States", false, 20): All options with label 'United States' are selected in object 'Object Repository/RAD_Pages/PaymentEntry_Page/select_Country' 

2024-02-06 16:30:17 - [MESSAGE][PASSED] - All options with label 'United States' are selected in object 'Object Repository/RAD_Pages/PaymentEntry_Page/select_Country' 

2024-02-06 16:30:17 - [TEST_STEP][PASSED] - verifyOptionSelectedByLabel(findTestObject("Object Repository/RAD_Pages/PaymentEntry_Page/select_State"), "Maryland", false, 20): All options with label 'Maryland' are selected in object 'Object Repository/RAD_Pages/PaymentEntry_Page/select_State' 

2024-02-06 16:30:19 - [MESSAGE][PASSED] - All options with label 'Maryland' are selected in object 'Object Repository/RAD_Pages/PaymentEntry_Page/select_State' 

2024-02-06 16:30:19 - [TEST_STEP][PASSED] - setText(findTestObject(orPath_PaymentEntry + "/input__cardNumber"), "4111111111111111"): Text '4111111111111111' is set on object 'Object Repository/RAD_Pages/PaymentEntry_Page/input__cardNumber'

2024-02-06 16:30:20 - [MESSAGE][PASSED] - Text '4111111111111111' is set on object 'Object Repository/RAD_Pages/PaymentEntry_Page/input__cardNumber'

2024-02-06 16:30:20 - [TEST_STEP][PASSED] - setText(findTestObject(orPath_PaymentEntry + "/input__spc"), "123"): Text '123' is set on object 'Object Repository/RAD_Pages/PaymentEntry_Page/input__spc'

2024-02-06 16:30:21 - [MESSAGE][PASSED] - Text '123' is set on object 'Object Repository/RAD_Pages/PaymentEntry_Page/input__spc'

2024-02-06 16:30:21 - [TEST_STEP][PASSED] - selectOptionByLabel(findTestObject(orPath_PaymentEntry + "/select_MM"), "12", false): All options with label '12' are selected in object 'Object Repository/RAD_Pages/PaymentEntry_Page/select_MM' 

2024-02-06 16:30:22 - [MESSAGE][PASSED] - All options with label '12' are selected in object 'Object Repository/RAD_Pages/PaymentEntry_Page/select_MM' 

2024-02-06 16:30:22 - [TEST_STEP][PASSED] - selectOptionByLabel(findTestObject(orPath_PaymentEntry + "/select_YYYY"), "2028", false): All options with label '2028' are selected in object 'Object Repository/RAD_Pages/PaymentEntry_Page/select_YYYY' 

2024-02-06 16:30:22 - [MESSAGE][PASSED] - All options with label '2028' are selected in object 'Object Repository/RAD_Pages/PaymentEntry_Page/select_YYYY' 

2024-02-06 16:30:22 - [TEST_STEP][PASSED] - click(findTestObject(orPath_PaymentEntry + "/input_Field_ccSubmit")): Object: 'Object Repository/RAD_Pages/PaymentEntry_Page/input_Field_ccSubmit' is clicked on

2024-02-06 16:30:23 - [MESSAGE][PASSED] - Object: 'Object Repository/RAD_Pages/PaymentEntry_Page/input_Field_ccSubmit' is clicked on

2024-02-06 16:30:23 - [TEST_STEP][PASSED] - click(findTestObject(orPath_PaymentConfirmation + "/input_N_confirmNotifyAction")): Object: 'Object Repository/RAD_Pages/PaymentConfirmation_Page/input_N_confirmNotifyAction' is clicked on

2024-02-06 16:30:24 - [MESSAGE][PASSED] - Object: 'Object Repository/RAD_Pages/PaymentConfirmation_Page/input_N_confirmNotifyAction' is clicked on

2024-02-06 16:30:24 - [TEST_STEP][PASSED] - verifyTextPresent("Service Fee Acceptance", true): Text 'Service Fee Acceptance' is present on page  using regular expression

2024-02-06 16:30:25 - [MESSAGE][PASSED] - Text 'Service Fee Acceptance' is present on page  using regular expression

2024-02-06 16:30:25 - [TEST_STEP][PASSED] - verifyTextPresent("This transaction is subject to a Service Fee of ", true): Text 'This transaction is subject to a Service Fee of ' is present on page  using regular expression

2024-02-06 16:30:25 - [MESSAGE][PASSED] - Text 'This transaction is subject to a Service Fee of ' is present on page  using regular expression

2024-02-06 16:30:25 - [TEST_STEP][PASSED] - verifyTextPresent("Payment Amount:", true): Text 'Payment Amount:' is present on page  using regular expression

2024-02-06 16:30:26 - [MESSAGE][PASSED] - Text 'Payment Amount:' is present on page  using regular expression

2024-02-06 16:30:26 - [TEST_STEP][PASSED] - verifyTextPresent("10.00", true): Text '10.00' is present on page  using regular expression

2024-02-06 16:30:26 - [MESSAGE][PASSED] - Text '10.00' is present on page  using regular expression

2024-02-06 16:30:26 - [TEST_STEP][PASSED] - verifyTextPresent("Service Fee:", true): Text 'Service Fee:' is present on page  using regular expression

2024-02-06 16:30:26 - [MESSAGE][PASSED] - Text 'Service Fee:' is present on page  using regular expression

2024-02-06 16:30:26 - [TEST_STEP][PASSED] - verifyTextPresent("1.00", true): Text '1.00' is present on page  using regular expression

2024-02-06 16:30:26 - [MESSAGE][PASSED] - Text '1.00' is present on page  using regular expression

2024-02-06 16:30:26 - [TEST_STEP][PASSED] - verifyTextPresent("Total Amount:", true): Text 'Total Amount:' is present on page  using regular expression

2024-02-06 16:30:27 - [MESSAGE][PASSED] - Text 'Total Amount:' is present on page  using regular expression

2024-02-06 16:30:27 - [TEST_STEP][PASSED] - verifyTextPresent("11.00", true): Text '11.00' is present on page  using regular expression

2024-02-06 16:30:27 - [MESSAGE][PASSED] - Text '11.00' is present on page  using regular expression

2024-02-06 16:30:27 - [TEST_STEP][PASSED] - verifyTextPresent("Two transactions will appear on your bank statement, one in the amount of", true): Text 'Two transactions will appear on your bank statement, one in the amount of' is present on page  using regular expression

2024-02-06 16:30:27 - [MESSAGE][PASSED] - Text 'Two transactions will appear on your bank statement, one in the amount of' is present on page  using regular expression

2024-02-06 16:30:27 - [TEST_STEP][PASSED] - if (verifyElementPresent(findTestObject(orPath_ServiceFeesAccept + "/input_convFeeNotifyAction"), 30)): null

2024-02-06 16:30:28 - [MESSAGE][PASSED] - Object 'Object Repository/RAD_Pages/ServiceFeeAccept_Page/input_convFeeNotifyAction' is present

2024-02-06 16:30:28 - [TEST_STEP][PASSED] - resText = "Pass": null

2024-02-06 16:30:28 - [TEST_STEP][PASSED] - pages.WriteExcel.demoKey(resText, datText, resColumn, datCloumn, fileLoc, nameSheet, row): pages.WriteExcel.demoKey is PASSED

2024-02-06 16:30:28 - [MESSAGE][PASSED] - pages.WriteExcel.demoKey is PASSED

2024-02-06 16:30:28 - [TEST_STEP][PASSED] - if (execProfile == "QAProfile" || execProfile == "QA2Profile"): Text 'Successful Payment Receipt' is present on page  using regular expression

2024-02-06 16:30:28 - [TEST_STEP][PASSED] - click(findTestObject(orPath_ServiceFeesAccept + "/input_convFeeNotifyAction")): Object: 'Object Repository/RAD_Pages/ServiceFeeAccept_Page/input_convFeeNotifyAction' is clicked on

2024-02-06 16:30:28 - [MESSAGE][PASSED] - Object: 'Object Repository/RAD_Pages/ServiceFeeAccept_Page/input_convFeeNotifyAction' is clicked on

2024-02-06 16:30:28 - [TEST_STEP][PASSED] - delay(10): Delayed 10 second(s)

2024-02-06 16:30:38 - [MESSAGE][PASSED] - Delayed 10 second(s)

2024-02-06 16:30:38 - [TEST_STEP][PASSED] - verifyTextPresent("Successful Payment Receipt", true): Text 'Successful Payment Receipt' is present on page  using regular expression

2024-02-06 16:30:39 - [MESSAGE][PASSED] - Text 'Successful Payment Receipt' is present on page  using regular expression

2024-02-06 16:30:39 - [TEST_STEP][PASSED] - ExecuteTC = findTestData(dataFile).getValue("Execute", row): null

2024-02-06 16:30:39 - [TEST_STEP][PASSED] - TaxType = findTestData(dataFile).getValue("TaxType", row): null

2024-02-06 16:30:39 - [TEST_STEP][PASSED] - PaymentType = findTestData(dataFile).getValue("PaymentType", row): null

2024-02-06 16:30:39 - [TEST_STEP][PASSED] - feinSsn = findTestData(dataFile).getValue("FEINSSN", row): null

2024-02-06 16:30:39 - [TEST_STEP][PASSED] - if (ExecuteTC.equalsIgnoreCase("Y")): null

2024-02-06 16:30:39 - [TEST_STEP][PASSED] - out.println("Begin Record Number: " + row): null

2024-02-06 16:30:39 - [TEST_STEP][PASSED] - today = new java.util.Date(): null

2024-02-06 16:30:39 - [TEST_STEP][PASSED] - println(today): null

2024-02-06 16:30:39 - [TEST_STEP][PASSED] - datText = today: null

2024-02-06 16:30:39 - [TEST_STEP][PASSED] - logInfo("Payment Type: Existing Liability w/Notice Number"): Payment Type: Existing Liability w/Notice Number

2024-02-06 16:30:39 - [MESSAGE][INFO] - Payment Type: Existing Liability w/Notice Number

2024-02-06 16:30:39 - [TEST_STEP][PASSED] - logInfo("Tax Type: " + TaxType): Tax Type: Tire Recycling Fee

2024-02-06 16:30:39 - [MESSAGE][INFO] - Tax Type: Tire Recycling Fee

2024-02-06 16:30:39 - [TEST_STEP][PASSED] - openBrowser(""): Browser is opened with url: ''

2024-02-06 16:30:39 - [MESSAGE][WARNING] - A browser is already opened. Closing browser and opening a new one

2024-02-06 16:30:40 - [MESSAGE][INFO] - Starting 'Chrome' driver

2024-02-06 16:30:40 - [MESSAGE][INFO] - User set preference: ['acceptInsecureCerts', 'true']

2024-02-06 16:30:40 - [MESSAGE][INFO] - Action delay is set to 0 milliseconds

2024-02-06 16:30:42 - [MESSAGE][PASSED] - Browser is opened with url: ''

2024-02-06 16:30:42 - [TEST_STEP][PASSED] - maximizeWindow(): Current window maximized

2024-02-06 16:30:42 - [MESSAGE][PASSED] - Current window maximized

2024-02-06 16:30:42 - [TEST_STEP][PASSED] - navigateToUrl(RADurl): Navigate to 'https://qa2.velocitypayment.com/client/rad/index.html' successfully

2024-02-06 16:30:43 - [MESSAGE][PASSED] - Navigate to 'https://qa2.velocitypayment.com/client/rad/index.html' successfully

2024-02-06 16:30:43 - [TEST_STEP][PASSED] - selectOptionByLabel(findTestObject(orPath_Landing + "/dd_TaxType"), "Existing Liability w/Notice Number", false): All options with label 'Existing Liability w/Notice Number' are selected in object 'Object Repository/RAD_Pages/Landing_Page/dd_TaxType' 

2024-02-06 16:30:44 - [MESSAGE][PASSED] - All options with label 'Existing Liability w/Notice Number' are selected in object 'Object Repository/RAD_Pages/Landing_Page/dd_TaxType' 

2024-02-06 16:30:44 - [TEST_STEP][PASSED] - selectOptionByLabel(findTestObject(orPath_TaxTypeFilingYear + "/select_TaxType_ExistingLiability"), TaxType, false): All options with label 'Tire Recycling Fee' are selected in object 'Object Repository/RAD_Pages/TaxTypeFilingYear_Page/select_TaxType_ExistingLiability' 

2024-02-06 16:30:45 - [MESSAGE][PASSED] - All options with label 'Tire Recycling Fee' are selected in object 'Object Repository/RAD_Pages/TaxTypeFilingYear_Page/select_TaxType_ExistingLiability' 

2024-02-06 16:30:45 - [TEST_STEP][PASSED] - rad.getSetDataRAD.setDataRADBusinessName(): rad.getSetDataRAD.setDataRADBusinessName is PASSED

2024-02-06 16:30:46 - [MESSAGE][PASSED] - Text 'My Company' is set on object 'Object Repository/RAD_Pages/Taxpayer_Page/input_businessName'

2024-02-06 16:30:46 - [MESSAGE][PASSED] - rad.getSetDataRAD.setDataRADBusinessName is PASSED

2024-02-06 16:30:46 - [TEST_STEP][PASSED] - rad.getSetDataRAD.setDataRADBusinessRep(): rad.getSetDataRAD.setDataRADBusinessRep is PASSED

2024-02-06 16:30:47 - [MESSAGE][PASSED] - Text 'BusRepFname' is set on object 'Object Repository/RAD_Pages/Taxpayer_Page/input_BusinessRepfirstName'

2024-02-06 16:30:48 - [MESSAGE][PASSED] - Text '' is set on object 'Object Repository/RAD_Pages/Taxpayer_Page/input_BusinessRepmiddleName'

2024-02-06 16:30:48 - [MESSAGE][PASSED] - Text 'BusRepLname' is set on object 'Object Repository/RAD_Pages/Taxpayer_Page/input_BusinessReplastName'

2024-02-06 16:30:49 - [MESSAGE][PASSED] - Text '' is set on object 'Object Repository/RAD_Pages/Taxpayer_Page/input_BusinessRepsuffix'

2024-02-06 16:30:49 - [MESSAGE][PASSED] - rad.getSetDataRAD.setDataRADBusinessRep is PASSED

2024-02-06 16:30:49 - [TEST_STEP][PASSED] - rad.getSetDataRAD.setDataRADAddress(): rad.getSetDataRAD.setDataRADAddress is PASSED

2024-02-06 16:30:50 - [MESSAGE][PASSED] - All options with label 'United States' are selected in object 'Object Repository/RAD_Pages/AddressAndContactInfo_Page/select_Country' 

2024-02-06 16:30:50 - [MESSAGE][PASSED] - Text '2508 Mandan Terrace' is set on object 'Object Repository/RAD_Pages/AddressAndContactInfo_Page/input_streetAddress1'

2024-02-06 16:30:51 - [MESSAGE][PASSED] - Text '' is set on object 'Object Repository/RAD_Pages/AddressAndContactInfo_Page/input_streetAddress2'

2024-02-06 16:30:52 - [MESSAGE][PASSED] - Text 'Gambrills' is set on object 'Object Repository/RAD_Pages/AddressAndContactInfo_Page/input_city'

2024-02-06 16:30:52 - [MESSAGE][PASSED] - All options with label 'Maryland' are selected in object 'Object Repository/RAD_Pages/AddressAndContactInfo_Page/select_State' 

2024-02-06 16:30:53 - [MESSAGE][PASSED] - Text '21054' is set on object 'Object Repository/RAD_Pages/AddressAndContactInfo_Page/input_zipCode'

2024-02-06 16:30:54 - [MESSAGE][PASSED] - Text '(703) 894-5000' is set on object 'Object Repository/RAD_Pages/AddressAndContactInfo_Page/input_phoneNumber'

2024-02-06 16:30:55 - [MESSAGE][PASSED] - Text 'iahmed@govolution.com' is set on object 'Object Repository/RAD_Pages/AddressAndContactInfo_Page/input_eMailAddress'

2024-02-06 16:30:56 - [MESSAGE][PASSED] - Text 'iahmed@govolution.com' is set on object 'Object Repository/RAD_Pages/AddressAndContactInfo_Page/input_reEnterEMailAddress'

2024-02-06 16:30:56 - [MESSAGE][PASSED] - rad.getSetDataRAD.setDataRADAddress is PASSED

2024-02-06 16:30:56 - [TEST_STEP][PASSED] - if (feinSsn.equalsIgnoreCase("Y")): null

2024-02-06 16:30:56 - [TEST_STEP][PASSED] - else: Text ****** has been set on object 'Object Repository/RAD_Pages/TaxInfo_Page/input_concat(id(, , data, , ))_Data (1)'

2024-02-06 16:30:56 - [TEST_STEP][PASSED] - if (!(TaxType.equalsIgnoreCase("Estate Tax"))): Text ****** has been set on object 'Object Repository/RAD_Pages/TaxInfo_Page/input_concat(id(, , data, , ))_Data (1)'

2024-02-06 16:30:56 - [TEST_STEP][PASSED] - setEncryptedText(findTestObject("Object Repository/RAD_Pages/TaxInfo_Page/input_concat(id(, , data, , ))_Data"), "RigbBhfdqODKcAsiUrg+1Q=="): Text ****** has been set on object 'Object Repository/RAD_Pages/TaxInfo_Page/input_concat(id(, , data, , ))_Data'

2024-02-06 16:30:57 - [MESSAGE][PASSED] - Text ****** has been set on object 'Object Repository/RAD_Pages/TaxInfo_Page/input_concat(id(, , data, , ))_Data'

2024-02-06 16:30:57 - [TEST_STEP][PASSED] - setEncryptedText(findTestObject("Object Repository/RAD_Pages/TaxInfo_Page/input_concat(id(, , data, , ))_Data (1)"), "RigbBhfdqODKcAsiUrg+1Q=="): Text ****** has been set on object 'Object Repository/RAD_Pages/TaxInfo_Page/input_concat(id(, , data, , ))_Data (1)'

2024-02-06 16:30:57 - [MESSAGE][PASSED] - Text ****** has been set on object 'Object Repository/RAD_Pages/TaxInfo_Page/input_concat(id(, , data, , ))_Data (1)'

2024-02-06 16:30:57 - [TEST_STEP][PASSED] - rad.getSetDataRAD.setDataRADNoticeInvoiceThirteen(): rad.getSetDataRAD.setDataRADNoticeInvoiceThirteen is PASSED

2024-02-06 16:30:58 - [MESSAGE][PASSED] - Text '1234567890123' is set on object 'Object Repository/RAD_Pages/TaxInfo_Page/input_NoticeInvoiceNumber'

2024-02-06 16:30:59 - [MESSAGE][PASSED] - Text '1234567890123' is set on object 'Object Repository/RAD_Pages/TaxInfo_Page/input_reTypeNoticeInvoiceNumber'

2024-02-06 16:30:59 - [MESSAGE][PASSED] - rad.getSetDataRAD.setDataRADNoticeInvoiceThirteen is PASSED

2024-02-06 16:30:59 - [TEST_STEP][PASSED] - switch (TaxType): null

2024-02-06 16:30:59 - [TEST_STEP][PASSED] - case "Tire Recycling Fee":: null

2024-02-06 16:30:59 - [TEST_STEP][PASSED] - rad.getSetDataRAD.setDataExistingRADMDCRN(): rad.getSetDataRAD.setDataExistingRADMDCRN is PASSED

2024-02-06 16:31:00 - [MESSAGE][PASSED] - Text '07640126' is set on object 'Object Repository/RAD_Pages/TaxInfo_Page/input_MDCRegistrationEL'

2024-02-06 16:31:00 - [MESSAGE][PASSED] - rad.getSetDataRAD.setDataExistingRADMDCRN is PASSED

2024-02-06 16:31:00 - [TEST_STEP][PASSED] - break: null

2024-02-06 16:31:00 - [TEST_STEP][PASSED] - if (TaxType.equalsIgnoreCase("Estate Tax")): null

2024-02-06 16:31:00 - [TEST_STEP][PASSED] - setText(findTestObject(orPath_Amount + "/input__paymentAmount"), "10.00"): Text '10.00' is set on object 'Object Repository/RAD_Pages/PaymentAmount_Page/input__paymentAmount'

2024-02-06 16:31:01 - [MESSAGE][PASSED] - Text '10.00' is set on object 'Object Repository/RAD_Pages/PaymentAmount_Page/input__paymentAmount'

2024-02-06 16:31:01 - [TEST_STEP][PASSED] - setText(findTestObject(orPath_AddressContact + "/input_streetAddress2"), ""): Text '' is set on object 'Object Repository/RAD_Pages/AddressAndContactInfo_Page/input_streetAddress2'

2024-02-06 16:31:01 - [MESSAGE][PASSED] - Text '' is set on object 'Object Repository/RAD_Pages/AddressAndContactInfo_Page/input_streetAddress2'

2024-02-06 16:31:01 - [TEST_STEP][PASSED] - scrollToElement(findTestObject(orPath_Landing + "/button_Continue"), 3): Scroll to object 'Object Repository/RAD_Pages/Landing_Page/button_Continue' successfully

2024-02-06 16:31:02 - [MESSAGE][PASSED] - Scroll to object 'Object Repository/RAD_Pages/Landing_Page/button_Continue' successfully

2024-02-06 16:31:02 - [TEST_STEP][PASSED] - waitForElementClickable(findTestObject(orPath_Landing + "/button_Continue"), 5): Object 'Object Repository/RAD_Pages/Landing_Page/button_Continue' is clickable

2024-02-06 16:31:02 - [MESSAGE][PASSED] - Object 'Object Repository/RAD_Pages/Landing_Page/button_Continue' is clickable

2024-02-06 16:31:02 - [TEST_STEP][PASSED] - click(findTestObject(orPath_Landing + "/button_Continue")): Object: 'Object Repository/RAD_Pages/Landing_Page/button_Continue' is clicked on

2024-02-06 16:31:03 - [MESSAGE][PASSED] - Object: 'Object Repository/RAD_Pages/Landing_Page/button_Continue' is clicked on

2024-02-06 16:31:03 - [TEST_STEP][PASSED] - delay(2): Delayed 2 second(s)

2024-02-06 16:31:05 - [MESSAGE][PASSED] - Delayed 2 second(s)

2024-02-06 16:31:05 - [TEST_STEP][PASSED] - click(findTestObject(orPath_Summary + "/button_Proceed to Payment")): Object: 'Object Repository/RAD_Pages/Summary_Page/button_Proceed to Payment' is clicked on

2024-02-06 16:31:06 - [MESSAGE][PASSED] - Object: 'Object Repository/RAD_Pages/Summary_Page/button_Proceed to Payment' is clicked on

2024-02-06 16:31:06 - [TEST_STEP][PASSED] - if (verifyElementPresent(findTestObject("Object Repository/RAD_Pages/PaymentEntry_Page/input__billingName"), 30)): null

2024-02-06 16:31:07 - [MESSAGE][PASSED] - Object 'Object Repository/RAD_Pages/PaymentEntry_Page/input__billingName' is present

2024-02-06 16:31:07 - [TEST_STEP][PASSED] - verifyTextPresent("Payment Information", true): Text 'Payment Information' is present on page  using regular expression

2024-02-06 16:31:07 - [MESSAGE][PASSED] - Text 'Payment Information' is present on page  using regular expression

2024-02-06 16:31:07 - [TEST_STEP][PASSED] - card_Name = getAttribute(findTestObject("Object Repository/RAD_Pages/PaymentEntry_Page/input__billingName"), "value"): Attribute 'value' of object 'Object Repository/RAD_Pages/PaymentEntry_Page/input__billingName' is: 'BusRepFname BusRepLname'

2024-02-06 16:31:07 - [MESSAGE][PASSED] - Attribute 'value' of object 'Object Repository/RAD_Pages/PaymentEntry_Page/input__billingName' is: 'BusRepFname BusRepLname'

2024-02-06 16:31:07 - [TEST_STEP][PASSED] - verifyMatch("BusRepFname BusRepLname", card_Name, false): Actual text 'BusRepFname BusRepLname' and expected text 'BusRepFname BusRepLname' are matched 

2024-02-06 16:31:07 - [MESSAGE][PASSED] - Actual text 'BusRepFname BusRepLname' and expected text 'BusRepFname BusRepLname' are matched 

2024-02-06 16:31:07 - [TEST_STEP][PASSED] - AL1 = getAttribute(findTestObject("Object Repository/RAD_Pages/PaymentEntry_Page/input_billingAddress"), "value"): Attribute 'value' of object 'Object Repository/RAD_Pages/PaymentEntry_Page/input_billingAddress' is: '2508 Mandan Terrace'

2024-02-06 16:31:08 - [MESSAGE][PASSED] - Attribute 'value' of object 'Object Repository/RAD_Pages/PaymentEntry_Page/input_billingAddress' is: '2508 Mandan Terrace'

2024-02-06 16:31:08 - [TEST_STEP][PASSED] - verifyMatch("2508 Mandan Terrace", AL1, false): Actual text '2508 Mandan Terrace' and expected text '2508 Mandan Terrace' are matched 

2024-02-06 16:31:08 - [MESSAGE][PASSED] - Actual text '2508 Mandan Terrace' and expected text '2508 Mandan Terrace' are matched 

2024-02-06 16:31:08 - [TEST_STEP][PASSED] - AL2 = getAttribute(findTestObject("Object Repository/RAD_Pages/PaymentEntry_Page/input_billingAddress2"), "value"): Attribute 'value' of object 'Object Repository/RAD_Pages/PaymentEntry_Page/input_billingAddress2' is: ''

2024-02-06 16:31:08 - [MESSAGE][PASSED] - Attribute 'value' of object 'Object Repository/RAD_Pages/PaymentEntry_Page/input_billingAddress2' is: ''

2024-02-06 16:31:08 - [TEST_STEP][PASSED] - verifyMatch("", AL2, false): Actual text '' and expected text '' are matched 

2024-02-06 16:31:08 - [MESSAGE][PASSED] - Actual text '' and expected text '' are matched 

2024-02-06 16:31:08 - [TEST_STEP][PASSED] - zipCode = getAttribute(findTestObject("Object Repository/RAD_Pages/PaymentEntry_Page/input_billingZip"), "value"): Attribute 'value' of object 'Object Repository/RAD_Pages/PaymentEntry_Page/input_billingZip' is: '21054'

2024-02-06 16:31:08 - [MESSAGE][PASSED] - Attribute 'value' of object 'Object Repository/RAD_Pages/PaymentEntry_Page/input_billingZip' is: '21054'

2024-02-06 16:31:08 - [TEST_STEP][PASSED] - verifyMatch("21054", zipCode, false): Actual text '21054' and expected text '21054' are matched 

2024-02-06 16:31:08 - [MESSAGE][PASSED] - Actual text '21054' and expected text '21054' are matched 

2024-02-06 16:31:08 - [TEST_STEP][PASSED] - city = getAttribute(findTestObject("Object Repository/RAD_Pages/PaymentEntry_Page/input_billingCity"), "value"): Attribute 'value' of object 'Object Repository/RAD_Pages/PaymentEntry_Page/input_billingCity' is: 'GAMBRILLS'

2024-02-06 16:31:09 - [MESSAGE][PASSED] - Attribute 'value' of object 'Object Repository/RAD_Pages/PaymentEntry_Page/input_billingCity' is: 'GAMBRILLS'

2024-02-06 16:31:09 - [TEST_STEP][PASSED] - verifyMatch("GAMBRILLS", city, false): Actual text 'GAMBRILLS' and expected text 'GAMBRILLS' are matched 

2024-02-06 16:31:09 - [MESSAGE][PASSED] - Actual text 'GAMBRILLS' and expected text 'GAMBRILLS' are matched 

2024-02-06 16:31:09 - [TEST_STEP][PASSED] - email = getAttribute(findTestObject("Object Repository/RAD_Pages/PaymentEntry_Page/input_emailAddress"), "value"): Attribute 'value' of object 'Object Repository/RAD_Pages/PaymentEntry_Page/input_emailAddress' is: 'iahmed@govolution.com'

2024-02-06 16:31:09 - [MESSAGE][PASSED] - Attribute 'value' of object 'Object Repository/RAD_Pages/PaymentEntry_Page/input_emailAddress' is: 'iahmed@govolution.com'

2024-02-06 16:31:09 - [TEST_STEP][PASSED] - verifyMatch("iahmed@govolution.com", email, false): Actual text 'iahmed@govolution.com' and expected text 'iahmed@govolution.com' are matched 

2024-02-06 16:31:09 - [MESSAGE][PASSED] - Actual text 'iahmed@govolution.com' and expected text 'iahmed@govolution.com' are matched 

2024-02-06 16:31:09 - [TEST_STEP][PASSED] - amount = getAttribute(findTestObject("Object Repository/RAD_Pages/PaymentEntry_Page/input_amount"), "value"): Attribute 'value' of object 'Object Repository/RAD_Pages/PaymentEntry_Page/input_amount' is: '10.00'

2024-02-06 16:31:09 - [MESSAGE][PASSED] - Attribute 'value' of object 'Object Repository/RAD_Pages/PaymentEntry_Page/input_amount' is: '10.00'

2024-02-06 16:31:09 - [TEST_STEP][PASSED] - verifyMatch("10.00", amount, false): Actual text '10.00' and expected text '10.00' are matched 

2024-02-06 16:31:09 - [MESSAGE][PASSED] - Actual text '10.00' and expected text '10.00' are matched 

2024-02-06 16:31:09 - [TEST_STEP][PASSED] - amountReadOnly = getAttribute(findTestObject("Object Repository/RAD_Pages/PaymentEntry_Page/input_amount"), "readonly"): Attribute 'readonly' of object 'Object Repository/RAD_Pages/PaymentEntry_Page/input_amount' is: 'true'

2024-02-06 16:31:10 - [MESSAGE][PASSED] - Attribute 'readonly' of object 'Object Repository/RAD_Pages/PaymentEntry_Page/input_amount' is: 'true'

2024-02-06 16:31:10 - [TEST_STEP][PASSED] - verifyMatch("true", amountReadOnly, false): Actual text 'true' and expected text 'true' are matched 

2024-02-06 16:31:10 - [MESSAGE][PASSED] - Actual text 'true' and expected text 'true' are matched 

2024-02-06 16:31:10 - [TEST_STEP][PASSED] - verifyOptionSelectedByLabel(findTestObject("Object Repository/RAD_Pages/PaymentEntry_Page/select_Country"), "United States", false, 20): All options with label 'United States' are selected in object 'Object Repository/RAD_Pages/PaymentEntry_Page/select_Country' 

2024-02-06 16:31:11 - [MESSAGE][PASSED] - All options with label 'United States' are selected in object 'Object Repository/RAD_Pages/PaymentEntry_Page/select_Country' 

2024-02-06 16:31:11 - [TEST_STEP][PASSED] - verifyOptionSelectedByLabel(findTestObject("Object Repository/RAD_Pages/PaymentEntry_Page/select_State"), "Maryland", false, 20): All options with label 'Maryland' are selected in object 'Object Repository/RAD_Pages/PaymentEntry_Page/select_State' 

2024-02-06 16:31:13 - [MESSAGE][PASSED] - All options with label 'Maryland' are selected in object 'Object Repository/RAD_Pages/PaymentEntry_Page/select_State' 

2024-02-06 16:31:13 - [TEST_STEP][PASSED] - setText(findTestObject(orPath_PaymentEntry + "/input__cardNumber"), "4111111111111111"): Text '4111111111111111' is set on object 'Object Repository/RAD_Pages/PaymentEntry_Page/input__cardNumber'

2024-02-06 16:31:14 - [MESSAGE][PASSED] - Text '4111111111111111' is set on object 'Object Repository/RAD_Pages/PaymentEntry_Page/input__cardNumber'

2024-02-06 16:31:14 - [TEST_STEP][PASSED] - setText(findTestObject(orPath_PaymentEntry + "/input__spc"), "123"): Text '123' is set on object 'Object Repository/RAD_Pages/PaymentEntry_Page/input__spc'

2024-02-06 16:31:15 - [MESSAGE][PASSED] - Text '123' is set on object 'Object Repository/RAD_Pages/PaymentEntry_Page/input__spc'

2024-02-06 16:31:15 - [TEST_STEP][PASSED] - selectOptionByLabel(findTestObject(orPath_PaymentEntry + "/select_MM"), "12", false): All options with label '12' are selected in object 'Object Repository/RAD_Pages/PaymentEntry_Page/select_MM' 

2024-02-06 16:31:15 - [MESSAGE][PASSED] - All options with label '12' are selected in object 'Object Repository/RAD_Pages/PaymentEntry_Page/select_MM' 

2024-02-06 16:31:15 - [TEST_STEP][PASSED] - selectOptionByLabel(findTestObject(orPath_PaymentEntry + "/select_YYYY"), "2028", false): All options with label '2028' are selected in object 'Object Repository/RAD_Pages/PaymentEntry_Page/select_YYYY' 

2024-02-06 16:31:16 - [MESSAGE][PASSED] - All options with label '2028' are selected in object 'Object Repository/RAD_Pages/PaymentEntry_Page/select_YYYY' 

2024-02-06 16:31:16 - [TEST_STEP][PASSED] - click(findTestObject(orPath_PaymentEntry + "/input_Field_ccSubmit")): Object: 'Object Repository/RAD_Pages/PaymentEntry_Page/input_Field_ccSubmit' is clicked on

2024-02-06 16:31:17 - [MESSAGE][PASSED] - Object: 'Object Repository/RAD_Pages/PaymentEntry_Page/input_Field_ccSubmit' is clicked on

2024-02-06 16:31:17 - [TEST_STEP][PASSED] - click(findTestObject(orPath_PaymentConfirmation + "/input_N_confirmNotifyAction")): Object: 'Object Repository/RAD_Pages/PaymentConfirmation_Page/input_N_confirmNotifyAction' is clicked on

2024-02-06 16:31:18 - [MESSAGE][PASSED] - Object: 'Object Repository/RAD_Pages/PaymentConfirmation_Page/input_N_confirmNotifyAction' is clicked on

2024-02-06 16:31:18 - [TEST_STEP][PASSED] - verifyTextPresent("Service Fee Acceptance", true): Text 'Service Fee Acceptance' is present on page  using regular expression

2024-02-06 16:31:19 - [MESSAGE][PASSED] - Text 'Service Fee Acceptance' is present on page  using regular expression

2024-02-06 16:31:19 - [TEST_STEP][PASSED] - verifyTextPresent("This transaction is subject to a Service Fee of ", true): Text 'This transaction is subject to a Service Fee of ' is present on page  using regular expression

2024-02-06 16:31:19 - [MESSAGE][PASSED] - Text 'This transaction is subject to a Service Fee of ' is present on page  using regular expression

2024-02-06 16:31:19 - [TEST_STEP][PASSED] - verifyTextPresent("Payment Amount:", true): Text 'Payment Amount:' is present on page  using regular expression

2024-02-06 16:31:19 - [MESSAGE][PASSED] - Text 'Payment Amount:' is present on page  using regular expression

2024-02-06 16:31:19 - [TEST_STEP][PASSED] - verifyTextPresent("10.00", true): Text '10.00' is present on page  using regular expression

2024-02-06 16:31:20 - [MESSAGE][PASSED] - Text '10.00' is present on page  using regular expression

2024-02-06 16:31:20 - [TEST_STEP][PASSED] - verifyTextPresent("Service Fee:", true): Text 'Service Fee:' is present on page  using regular expression

2024-02-06 16:31:20 - [MESSAGE][PASSED] - Text 'Service Fee:' is present on page  using regular expression

2024-02-06 16:31:20 - [TEST_STEP][PASSED] - verifyTextPresent("1.00", true): Text '1.00' is present on page  using regular expression

2024-02-06 16:31:20 - [MESSAGE][PASSED] - Text '1.00' is present on page  using regular expression

2024-02-06 16:31:20 - [TEST_STEP][PASSED] - verifyTextPresent("Total Amount:", true): Text 'Total Amount:' is present on page  using regular expression

2024-02-06 16:31:20 - [MESSAGE][PASSED] - Text 'Total Amount:' is present on page  using regular expression

2024-02-06 16:31:20 - [TEST_STEP][PASSED] - verifyTextPresent("11.00", true): Text '11.00' is present on page  using regular expression

2024-02-06 16:31:21 - [MESSAGE][PASSED] - Text '11.00' is present on page  using regular expression

2024-02-06 16:31:21 - [TEST_STEP][PASSED] - verifyTextPresent("Two transactions will appear on your bank statement, one in the amount of", true): Text 'Two transactions will appear on your bank statement, one in the amount of' is present on page  using regular expression

2024-02-06 16:31:21 - [MESSAGE][PASSED] - Text 'Two transactions will appear on your bank statement, one in the amount of' is present on page  using regular expression

2024-02-06 16:31:21 - [TEST_STEP][PASSED] - if (verifyElementPresent(findTestObject(orPath_ServiceFeesAccept + "/input_convFeeNotifyAction"), 30)): null

2024-02-06 16:31:21 - [MESSAGE][PASSED] - Object 'Object Repository/RAD_Pages/ServiceFeeAccept_Page/input_convFeeNotifyAction' is present

2024-02-06 16:31:21 - [TEST_STEP][PASSED] - resText = "Pass": null

2024-02-06 16:31:21 - [TEST_STEP][PASSED] - pages.WriteExcel.demoKey(resText, datText, resColumn, datCloumn, fileLoc, nameSheet, row): pages.WriteExcel.demoKey is PASSED

2024-02-06 16:31:21 - [MESSAGE][PASSED] - pages.WriteExcel.demoKey is PASSED

2024-02-06 16:31:21 - [TEST_STEP][PASSED] - if (execProfile == "QAProfile" || execProfile == "QA2Profile"): Text 'Successful Payment Receipt' is present on page  using regular expression

2024-02-06 16:31:21 - [TEST_STEP][PASSED] - click(findTestObject(orPath_ServiceFeesAccept + "/input_convFeeNotifyAction")): Object: 'Object Repository/RAD_Pages/ServiceFeeAccept_Page/input_convFeeNotifyAction' is clicked on

2024-02-06 16:31:23 - [MESSAGE][PASSED] - Object: 'Object Repository/RAD_Pages/ServiceFeeAccept_Page/input_convFeeNotifyAction' is clicked on

2024-02-06 16:31:23 - [TEST_STEP][PASSED] - delay(10): Delayed 10 second(s)

2024-02-06 16:31:33 - [MESSAGE][PASSED] - Delayed 10 second(s)

2024-02-06 16:31:33 - [TEST_STEP][PASSED] - verifyTextPresent("Successful Payment Receipt", true): Text 'Successful Payment Receipt' is present on page  using regular expression

2024-02-06 16:31:33 - [MESSAGE][PASSED] - Text 'Successful Payment Receipt' is present on page  using regular expression

2024-02-06 16:31:33 - [TEST_STEP][PASSED] - ExecuteTC = findTestData(dataFile).getValue("Execute", row): null

2024-02-06 16:31:33 - [TEST_STEP][PASSED] - TaxType = findTestData(dataFile).getValue("TaxType", row): null

2024-02-06 16:31:33 - [TEST_STEP][PASSED] - PaymentType = findTestData(dataFile).getValue("PaymentType", row): null

2024-02-06 16:31:33 - [TEST_STEP][PASSED] - feinSsn = findTestData(dataFile).getValue("FEINSSN", row): null

2024-02-06 16:31:33 - [TEST_STEP][PASSED] - if (ExecuteTC.equalsIgnoreCase("Y")): null

2024-02-06 16:31:33 - [TEST_STEP][PASSED] - out.println("Begin Record Number: " + row): null

2024-02-06 16:31:33 - [TEST_STEP][PASSED] - today = new java.util.Date(): null

2024-02-06 16:31:33 - [TEST_STEP][PASSED] - println(today): null

2024-02-06 16:31:33 - [TEST_STEP][PASSED] - datText = today: null

2024-02-06 16:31:33 - [TEST_STEP][PASSED] - logInfo("Payment Type: Existing Liability w/Notice Number"): Payment Type: Existing Liability w/Notice Number

2024-02-06 16:31:33 - [MESSAGE][INFO] - Payment Type: Existing Liability w/Notice Number

2024-02-06 16:31:33 - [TEST_STEP][PASSED] - logInfo("Tax Type: " + TaxType): Tax Type: Withholding Tax

2024-02-06 16:31:33 - [MESSAGE][INFO] - Tax Type: Withholding Tax

2024-02-06 16:31:33 - [TEST_STEP][PASSED] - openBrowser(""): Browser is opened with url: ''

2024-02-06 16:31:33 - [MESSAGE][WARNING] - A browser is already opened. Closing browser and opening a new one

2024-02-06 16:31:34 - [MESSAGE][INFO] - Starting 'Chrome' driver

2024-02-06 16:31:34 - [MESSAGE][INFO] - User set preference: ['acceptInsecureCerts', 'true']

2024-02-06 16:31:34 - [MESSAGE][INFO] - Action delay is set to 0 milliseconds

2024-02-06 16:31:36 - [MESSAGE][PASSED] - Browser is opened with url: ''

2024-02-06 16:31:36 - [TEST_STEP][PASSED] - maximizeWindow(): Current window maximized

2024-02-06 16:31:36 - [MESSAGE][PASSED] - Current window maximized

2024-02-06 16:31:36 - [TEST_STEP][PASSED] - navigateToUrl(RADurl): Navigate to 'https://qa2.velocitypayment.com/client/rad/index.html' successfully

2024-02-06 16:31:38 - [MESSAGE][PASSED] - Navigate to 'https://qa2.velocitypayment.com/client/rad/index.html' successfully

2024-02-06 16:31:38 - [TEST_STEP][PASSED] - selectOptionByLabel(findTestObject(orPath_Landing + "/dd_TaxType"), "Existing Liability w/Notice Number", false): All options with label 'Existing Liability w/Notice Number' are selected in object 'Object Repository/RAD_Pages/Landing_Page/dd_TaxType' 

2024-02-06 16:31:38 - [MESSAGE][PASSED] - All options with label 'Existing Liability w/Notice Number' are selected in object 'Object Repository/RAD_Pages/Landing_Page/dd_TaxType' 

2024-02-06 16:31:38 - [TEST_STEP][PASSED] - selectOptionByLabel(findTestObject(orPath_TaxTypeFilingYear + "/select_TaxType_ExistingLiability"), TaxType, false): All options with label 'Withholding Tax' are selected in object 'Object Repository/RAD_Pages/TaxTypeFilingYear_Page/select_TaxType_ExistingLiability' 

2024-02-06 16:31:39 - [MESSAGE][PASSED] - All options with label 'Withholding Tax' are selected in object 'Object Repository/RAD_Pages/TaxTypeFilingYear_Page/select_TaxType_ExistingLiability' 

2024-02-06 16:31:39 - [TEST_STEP][PASSED] - rad.getSetDataRAD.setDataRADBusinessName(): rad.getSetDataRAD.setDataRADBusinessName is PASSED

2024-02-06 16:31:40 - [MESSAGE][PASSED] - Text 'My Company' is set on object 'Object Repository/RAD_Pages/Taxpayer_Page/input_businessName'

2024-02-06 16:31:40 - [MESSAGE][PASSED] - rad.getSetDataRAD.setDataRADBusinessName is PASSED

2024-02-06 16:31:40 - [TEST_STEP][PASSED] - rad.getSetDataRAD.setDataRADBusinessRep(): rad.getSetDataRAD.setDataRADBusinessRep is PASSED

2024-02-06 16:31:41 - [MESSAGE][PASSED] - Text 'BusRepFname' is set on object 'Object Repository/RAD_Pages/Taxpayer_Page/input_BusinessRepfirstName'

2024-02-06 16:31:42 - [MESSAGE][PASSED] - Text '' is set on object 'Object Repository/RAD_Pages/Taxpayer_Page/input_BusinessRepmiddleName'

2024-02-06 16:31:42 - [MESSAGE][PASSED] - Text 'BusRepLname' is set on object 'Object Repository/RAD_Pages/Taxpayer_Page/input_BusinessReplastName'

2024-02-06 16:31:43 - [MESSAGE][PASSED] - Text '' is set on object 'Object Repository/RAD_Pages/Taxpayer_Page/input_BusinessRepsuffix'

2024-02-06 16:31:43 - [MESSAGE][PASSED] - rad.getSetDataRAD.setDataRADBusinessRep is PASSED

2024-02-06 16:31:43 - [TEST_STEP][PASSED] - rad.getSetDataRAD.setDataRADAddress(): rad.getSetDataRAD.setDataRADAddress is PASSED

2024-02-06 16:31:44 - [MESSAGE][PASSED] - All options with label 'United States' are selected in object 'Object Repository/RAD_Pages/AddressAndContactInfo_Page/select_Country' 

2024-02-06 16:31:45 - [MESSAGE][PASSED] - Text '2508 Mandan Terrace' is set on object 'Object Repository/RAD_Pages/AddressAndContactInfo_Page/input_streetAddress1'

2024-02-06 16:31:45 - [MESSAGE][PASSED] - Text '' is set on object 'Object Repository/RAD_Pages/AddressAndContactInfo_Page/input_streetAddress2'

2024-02-06 16:31:46 - [MESSAGE][PASSED] - Text 'Gambrills' is set on object 'Object Repository/RAD_Pages/AddressAndContactInfo_Page/input_city'

2024-02-06 16:31:47 - [MESSAGE][PASSED] - All options with label 'Maryland' are selected in object 'Object Repository/RAD_Pages/AddressAndContactInfo_Page/select_State' 

2024-02-06 16:31:48 - [MESSAGE][PASSED] - Text '21054' is set on object 'Object Repository/RAD_Pages/AddressAndContactInfo_Page/input_zipCode'

2024-02-06 16:31:48 - [MESSAGE][PASSED] - Text '(703) 894-5000' is set on object 'Object Repository/RAD_Pages/AddressAndContactInfo_Page/input_phoneNumber'

2024-02-06 16:31:49 - [MESSAGE][PASSED] - Text 'iahmed@govolution.com' is set on object 'Object Repository/RAD_Pages/AddressAndContactInfo_Page/input_eMailAddress'

2024-02-06 16:31:50 - [MESSAGE][PASSED] - Text 'iahmed@govolution.com' is set on object 'Object Repository/RAD_Pages/AddressAndContactInfo_Page/input_reEnterEMailAddress'

2024-02-06 16:31:50 - [MESSAGE][PASSED] - rad.getSetDataRAD.setDataRADAddress is PASSED

2024-02-06 16:31:50 - [TEST_STEP][PASSED] - if (feinSsn.equalsIgnoreCase("Y")): null

2024-02-06 16:31:50 - [TEST_STEP][PASSED] - else: Text ****** has been set on object 'Object Repository/RAD_Pages/TaxInfo_Page/input_concat(id(, , data, , ))_Data (1)'

2024-02-06 16:31:50 - [TEST_STEP][PASSED] - if (!(TaxType.equalsIgnoreCase("Estate Tax"))): Text ****** has been set on object 'Object Repository/RAD_Pages/TaxInfo_Page/input_concat(id(, , data, , ))_Data (1)'

2024-02-06 16:31:50 - [TEST_STEP][PASSED] - setEncryptedText(findTestObject("Object Repository/RAD_Pages/TaxInfo_Page/input_concat(id(, , data, , ))_Data"), "RigbBhfdqODKcAsiUrg+1Q=="): Text ****** has been set on object 'Object Repository/RAD_Pages/TaxInfo_Page/input_concat(id(, , data, , ))_Data'

2024-02-06 16:31:51 - [MESSAGE][PASSED] - Text ****** has been set on object 'Object Repository/RAD_Pages/TaxInfo_Page/input_concat(id(, , data, , ))_Data'

2024-02-06 16:31:51 - [TEST_STEP][PASSED] - setEncryptedText(findTestObject("Object Repository/RAD_Pages/TaxInfo_Page/input_concat(id(, , data, , ))_Data (1)"), "RigbBhfdqODKcAsiUrg+1Q=="): Text ****** has been set on object 'Object Repository/RAD_Pages/TaxInfo_Page/input_concat(id(, , data, , ))_Data (1)'

2024-02-06 16:31:51 - [MESSAGE][PASSED] - Text ****** has been set on object 'Object Repository/RAD_Pages/TaxInfo_Page/input_concat(id(, , data, , ))_Data (1)'

2024-02-06 16:31:51 - [TEST_STEP][PASSED] - rad.getSetDataRAD.setDataRADNoticeInvoiceThirteen(): rad.getSetDataRAD.setDataRADNoticeInvoiceThirteen is PASSED

2024-02-06 16:31:52 - [MESSAGE][PASSED] - Text '1234567890123' is set on object 'Object Repository/RAD_Pages/TaxInfo_Page/input_NoticeInvoiceNumber'

2024-02-06 16:31:53 - [MESSAGE][PASSED] - Text '1234567890123' is set on object 'Object Repository/RAD_Pages/TaxInfo_Page/input_reTypeNoticeInvoiceNumber'

2024-02-06 16:31:53 - [MESSAGE][PASSED] - rad.getSetDataRAD.setDataRADNoticeInvoiceThirteen is PASSED

2024-02-06 16:31:53 - [TEST_STEP][PASSED] - switch (TaxType): null

2024-02-06 16:31:53 - [TEST_STEP][PASSED] - case "Withholding Tax":: null

2024-02-06 16:31:53 - [TEST_STEP][PASSED] - rad.getSetDataRAD.setDataExistingRADMDCRN(): rad.getSetDataRAD.setDataExistingRADMDCRN is PASSED

2024-02-06 16:31:54 - [MESSAGE][PASSED] - Text '07640126' is set on object 'Object Repository/RAD_Pages/TaxInfo_Page/input_MDCRegistrationEL'

2024-02-06 16:31:54 - [MESSAGE][PASSED] - rad.getSetDataRAD.setDataExistingRADMDCRN is PASSED

2024-02-06 16:31:54 - [TEST_STEP][PASSED] - break: null

2024-02-06 16:31:54 - [TEST_STEP][PASSED] - if (TaxType.equalsIgnoreCase("Estate Tax")): null

2024-02-06 16:31:54 - [TEST_STEP][PASSED] - setText(findTestObject(orPath_Amount + "/input__paymentAmount"), "10.00"): Text '10.00' is set on object 'Object Repository/RAD_Pages/PaymentAmount_Page/input__paymentAmount'

2024-02-06 16:31:54 - [MESSAGE][PASSED] - Text '10.00' is set on object 'Object Repository/RAD_Pages/PaymentAmount_Page/input__paymentAmount'

2024-02-06 16:31:54 - [TEST_STEP][PASSED] - setText(findTestObject(orPath_AddressContact + "/input_streetAddress2"), ""): Text '' is set on object 'Object Repository/RAD_Pages/AddressAndContactInfo_Page/input_streetAddress2'

2024-02-06 16:31:55 - [MESSAGE][PASSED] - Text '' is set on object 'Object Repository/RAD_Pages/AddressAndContactInfo_Page/input_streetAddress2'

2024-02-06 16:31:55 - [TEST_STEP][PASSED] - scrollToElement(findTestObject(orPath_Landing + "/button_Continue"), 3): Scroll to object 'Object Repository/RAD_Pages/Landing_Page/button_Continue' successfully

2024-02-06 16:31:56 - [MESSAGE][PASSED] - Scroll to object 'Object Repository/RAD_Pages/Landing_Page/button_Continue' successfully

2024-02-06 16:31:56 - [TEST_STEP][PASSED] - waitForElementClickable(findTestObject(orPath_Landing + "/button_Continue"), 5): Object 'Object Repository/RAD_Pages/Landing_Page/button_Continue' is clickable

2024-02-06 16:31:56 - [MESSAGE][PASSED] - Object 'Object Repository/RAD_Pages/Landing_Page/button_Continue' is clickable

2024-02-06 16:31:56 - [TEST_STEP][PASSED] - click(findTestObject(orPath_Landing + "/button_Continue")): Object: 'Object Repository/RAD_Pages/Landing_Page/button_Continue' is clicked on

2024-02-06 16:31:56 - [MESSAGE][PASSED] - Object: 'Object Repository/RAD_Pages/Landing_Page/button_Continue' is clicked on

2024-02-06 16:31:56 - [TEST_STEP][PASSED] - delay(2): Delayed 2 second(s)

2024-02-06 16:31:58 - [MESSAGE][PASSED] - Delayed 2 second(s)

2024-02-06 16:31:58 - [TEST_STEP][PASSED] - click(findTestObject(orPath_Summary + "/button_Proceed to Payment")): Object: 'Object Repository/RAD_Pages/Summary_Page/button_Proceed to Payment' is clicked on

2024-02-06 16:32:00 - [MESSAGE][PASSED] - Object: 'Object Repository/RAD_Pages/Summary_Page/button_Proceed to Payment' is clicked on

2024-02-06 16:32:00 - [TEST_STEP][PASSED] - if (verifyElementPresent(findTestObject("Object Repository/RAD_Pages/PaymentEntry_Page/input__billingName"), 30)): null

2024-02-06 16:32:00 - [MESSAGE][PASSED] - Object 'Object Repository/RAD_Pages/PaymentEntry_Page/input__billingName' is present

2024-02-06 16:32:00 - [TEST_STEP][PASSED] - verifyTextPresent("Payment Information", true): Text 'Payment Information' is present on page  using regular expression

2024-02-06 16:32:01 - [MESSAGE][PASSED] - Text 'Payment Information' is present on page  using regular expression

2024-02-06 16:32:01 - [TEST_STEP][PASSED] - card_Name = getAttribute(findTestObject("Object Repository/RAD_Pages/PaymentEntry_Page/input__billingName"), "value"): Attribute 'value' of object 'Object Repository/RAD_Pages/PaymentEntry_Page/input__billingName' is: 'BusRepFname BusRepLname'

2024-02-06 16:32:01 - [MESSAGE][PASSED] - Attribute 'value' of object 'Object Repository/RAD_Pages/PaymentEntry_Page/input__billingName' is: 'BusRepFname BusRepLname'

2024-02-06 16:32:01 - [TEST_STEP][PASSED] - verifyMatch("BusRepFname BusRepLname", card_Name, false): Actual text 'BusRepFname BusRepLname' and expected text 'BusRepFname BusRepLname' are matched 

2024-02-06 16:32:01 - [MESSAGE][PASSED] - Actual text 'BusRepFname BusRepLname' and expected text 'BusRepFname BusRepLname' are matched 

2024-02-06 16:32:01 - [TEST_STEP][PASSED] - AL1 = getAttribute(findTestObject("Object Repository/RAD_Pages/PaymentEntry_Page/input_billingAddress"), "value"): Attribute 'value' of object 'Object Repository/RAD_Pages/PaymentEntry_Page/input_billingAddress' is: '2508 Mandan Terrace'

2024-02-06 16:32:01 - [MESSAGE][PASSED] - Attribute 'value' of object 'Object Repository/RAD_Pages/PaymentEntry_Page/input_billingAddress' is: '2508 Mandan Terrace'

2024-02-06 16:32:01 - [TEST_STEP][PASSED] - verifyMatch("2508 Mandan Terrace", AL1, false): Actual text '2508 Mandan Terrace' and expected text '2508 Mandan Terrace' are matched 

2024-02-06 16:32:01 - [MESSAGE][PASSED] - Actual text '2508 Mandan Terrace' and expected text '2508 Mandan Terrace' are matched 

2024-02-06 16:32:01 - [TEST_STEP][PASSED] - AL2 = getAttribute(findTestObject("Object Repository/RAD_Pages/PaymentEntry_Page/input_billingAddress2"), "value"): Attribute 'value' of object 'Object Repository/RAD_Pages/PaymentEntry_Page/input_billingAddress2' is: ''

2024-02-06 16:32:02 - [MESSAGE][PASSED] - Attribute 'value' of object 'Object Repository/RAD_Pages/PaymentEntry_Page/input_billingAddress2' is: ''

2024-02-06 16:32:02 - [TEST_STEP][PASSED] - verifyMatch("", AL2, false): Actual text '' and expected text '' are matched 

2024-02-06 16:32:02 - [MESSAGE][PASSED] - Actual text '' and expected text '' are matched 

2024-02-06 16:32:02 - [TEST_STEP][PASSED] - zipCode = getAttribute(findTestObject("Object Repository/RAD_Pages/PaymentEntry_Page/input_billingZip"), "value"): Attribute 'value' of object 'Object Repository/RAD_Pages/PaymentEntry_Page/input_billingZip' is: '21054'

2024-02-06 16:32:02 - [MESSAGE][PASSED] - Attribute 'value' of object 'Object Repository/RAD_Pages/PaymentEntry_Page/input_billingZip' is: '21054'

2024-02-06 16:32:02 - [TEST_STEP][PASSED] - verifyMatch("21054", zipCode, false): Actual text '21054' and expected text '21054' are matched 

2024-02-06 16:32:02 - [MESSAGE][PASSED] - Actual text '21054' and expected text '21054' are matched 

2024-02-06 16:32:02 - [TEST_STEP][PASSED] - city = getAttribute(findTestObject("Object Repository/RAD_Pages/PaymentEntry_Page/input_billingCity"), "value"): Attribute 'value' of object 'Object Repository/RAD_Pages/PaymentEntry_Page/input_billingCity' is: 'GAMBRILLS'

2024-02-06 16:32:02 - [MESSAGE][PASSED] - Attribute 'value' of object 'Object Repository/RAD_Pages/PaymentEntry_Page/input_billingCity' is: 'GAMBRILLS'

2024-02-06 16:32:02 - [TEST_STEP][PASSED] - verifyMatch("GAMBRILLS", city, false): Actual text 'GAMBRILLS' and expected text 'GAMBRILLS' are matched 

2024-02-06 16:32:02 - [MESSAGE][PASSED] - Actual text 'GAMBRILLS' and expected text 'GAMBRILLS' are matched 

2024-02-06 16:32:02 - [TEST_STEP][PASSED] - email = getAttribute(findTestObject("Object Repository/RAD_Pages/PaymentEntry_Page/input_emailAddress"), "value"): Attribute 'value' of object 'Object Repository/RAD_Pages/PaymentEntry_Page/input_emailAddress' is: 'iahmed@govolution.com'

2024-02-06 16:32:03 - [MESSAGE][PASSED] - Attribute 'value' of object 'Object Repository/RAD_Pages/PaymentEntry_Page/input_emailAddress' is: 'iahmed@govolution.com'

2024-02-06 16:32:03 - [TEST_STEP][PASSED] - verifyMatch("iahmed@govolution.com", email, false): Actual text 'iahmed@govolution.com' and expected text 'iahmed@govolution.com' are matched 

2024-02-06 16:32:03 - [MESSAGE][PASSED] - Actual text 'iahmed@govolution.com' and expected text 'iahmed@govolution.com' are matched 

2024-02-06 16:32:03 - [TEST_STEP][PASSED] - amount = getAttribute(findTestObject("Object Repository/RAD_Pages/PaymentEntry_Page/input_amount"), "value"): Attribute 'value' of object 'Object Repository/RAD_Pages/PaymentEntry_Page/input_amount' is: '10.00'

2024-02-06 16:32:03 - [MESSAGE][PASSED] - Attribute 'value' of object 'Object Repository/RAD_Pages/PaymentEntry_Page/input_amount' is: '10.00'

2024-02-06 16:32:03 - [TEST_STEP][PASSED] - verifyMatch("10.00", amount, false): Actual text '10.00' and expected text '10.00' are matched 

2024-02-06 16:32:03 - [MESSAGE][PASSED] - Actual text '10.00' and expected text '10.00' are matched 

2024-02-06 16:32:03 - [TEST_STEP][PASSED] - amountReadOnly = getAttribute(findTestObject("Object Repository/RAD_Pages/PaymentEntry_Page/input_amount"), "readonly"): Attribute 'readonly' of object 'Object Repository/RAD_Pages/PaymentEntry_Page/input_amount' is: 'true'

2024-02-06 16:32:03 - [MESSAGE][PASSED] - Attribute 'readonly' of object 'Object Repository/RAD_Pages/PaymentEntry_Page/input_amount' is: 'true'

2024-02-06 16:32:03 - [TEST_STEP][PASSED] - verifyMatch("true", amountReadOnly, false): Actual text 'true' and expected text 'true' are matched 

2024-02-06 16:32:03 - [MESSAGE][PASSED] - Actual text 'true' and expected text 'true' are matched 

2024-02-06 16:32:03 - [TEST_STEP][PASSED] - verifyOptionSelectedByLabel(findTestObject("Object Repository/RAD_Pages/PaymentEntry_Page/select_Country"), "United States", false, 20): All options with label 'United States' are selected in object 'Object Repository/RAD_Pages/PaymentEntry_Page/select_Country' 

2024-02-06 16:32:04 - [MESSAGE][PASSED] - All options with label 'United States' are selected in object 'Object Repository/RAD_Pages/PaymentEntry_Page/select_Country' 

2024-02-06 16:32:04 - [TEST_STEP][PASSED] - verifyOptionSelectedByLabel(findTestObject("Object Repository/RAD_Pages/PaymentEntry_Page/select_State"), "Maryland", false, 20): All options with label 'Maryland' are selected in object 'Object Repository/RAD_Pages/PaymentEntry_Page/select_State' 

2024-02-06 16:32:07 - [MESSAGE][PASSED] - All options with label 'Maryland' are selected in object 'Object Repository/RAD_Pages/PaymentEntry_Page/select_State' 

2024-02-06 16:32:07 - [TEST_STEP][PASSED] - setText(findTestObject(orPath_PaymentEntry + "/input__cardNumber"), "4111111111111111"): Text '4111111111111111' is set on object 'Object Repository/RAD_Pages/PaymentEntry_Page/input__cardNumber'

2024-02-06 16:32:08 - [MESSAGE][PASSED] - Text '4111111111111111' is set on object 'Object Repository/RAD_Pages/PaymentEntry_Page/input__cardNumber'

2024-02-06 16:32:08 - [TEST_STEP][PASSED] - setText(findTestObject(orPath_PaymentEntry + "/input__spc"), "123"): Text '123' is set on object 'Object Repository/RAD_Pages/PaymentEntry_Page/input__spc'

2024-02-06 16:32:08 - [MESSAGE][PASSED] - Text '123' is set on object 'Object Repository/RAD_Pages/PaymentEntry_Page/input__spc'

2024-02-06 16:32:08 - [TEST_STEP][PASSED] - selectOptionByLabel(findTestObject(orPath_PaymentEntry + "/select_MM"), "12", false): All options with label '12' are selected in object 'Object Repository/RAD_Pages/PaymentEntry_Page/select_MM' 

2024-02-06 16:32:09 - [MESSAGE][PASSED] - All options with label '12' are selected in object 'Object Repository/RAD_Pages/PaymentEntry_Page/select_MM' 

2024-02-06 16:32:09 - [TEST_STEP][PASSED] - selectOptionByLabel(findTestObject(orPath_PaymentEntry + "/select_YYYY"), "2028", false): All options with label '2028' are selected in object 'Object Repository/RAD_Pages/PaymentEntry_Page/select_YYYY' 

2024-02-06 16:32:10 - [MESSAGE][PASSED] - All options with label '2028' are selected in object 'Object Repository/RAD_Pages/PaymentEntry_Page/select_YYYY' 

2024-02-06 16:32:10 - [TEST_STEP][PASSED] - click(findTestObject(orPath_PaymentEntry + "/input_Field_ccSubmit")): Object: 'Object Repository/RAD_Pages/PaymentEntry_Page/input_Field_ccSubmit' is clicked on

2024-02-06 16:32:11 - [MESSAGE][PASSED] - Object: 'Object Repository/RAD_Pages/PaymentEntry_Page/input_Field_ccSubmit' is clicked on

2024-02-06 16:32:11 - [TEST_STEP][PASSED] - click(findTestObject(orPath_PaymentConfirmation + "/input_N_confirmNotifyAction")): Object: 'Object Repository/RAD_Pages/PaymentConfirmation_Page/input_N_confirmNotifyAction' is clicked on

2024-02-06 16:32:12 - [MESSAGE][PASSED] - Object: 'Object Repository/RAD_Pages/PaymentConfirmation_Page/input_N_confirmNotifyAction' is clicked on

2024-02-06 16:32:12 - [TEST_STEP][PASSED] - verifyTextPresent("Service Fee Acceptance", true): Text 'Service Fee Acceptance' is present on page  using regular expression

2024-02-06 16:32:12 - [MESSAGE][PASSED] - Text 'Service Fee Acceptance' is present on page  using regular expression

2024-02-06 16:32:12 - [TEST_STEP][PASSED] - verifyTextPresent("This transaction is subject to a Service Fee of ", true): Text 'This transaction is subject to a Service Fee of ' is present on page  using regular expression

2024-02-06 16:32:13 - [MESSAGE][PASSED] - Text 'This transaction is subject to a Service Fee of ' is present on page  using regular expression

2024-02-06 16:32:13 - [TEST_STEP][PASSED] - verifyTextPresent("Payment Amount:", true): Text 'Payment Amount:' is present on page  using regular expression

2024-02-06 16:32:13 - [MESSAGE][PASSED] - Text 'Payment Amount:' is present on page  using regular expression

2024-02-06 16:32:13 - [TEST_STEP][PASSED] - verifyTextPresent("10.00", true): Text '10.00' is present on page  using regular expression

2024-02-06 16:32:13 - [MESSAGE][PASSED] - Text '10.00' is present on page  using regular expression

2024-02-06 16:32:13 - [TEST_STEP][PASSED] - verifyTextPresent("Service Fee:", true): Text 'Service Fee:' is present on page  using regular expression

2024-02-06 16:32:13 - [MESSAGE][PASSED] - Text 'Service Fee:' is present on page  using regular expression

2024-02-06 16:32:13 - [TEST_STEP][PASSED] - verifyTextPresent("1.00", true): Text '1.00' is present on page  using regular expression

2024-02-06 16:32:14 - [MESSAGE][PASSED] - Text '1.00' is present on page  using regular expression

2024-02-06 16:32:14 - [TEST_STEP][PASSED] - verifyTextPresent("Total Amount:", true): Text 'Total Amount:' is present on page  using regular expression

2024-02-06 16:32:14 - [MESSAGE][PASSED] - Text 'Total Amount:' is present on page  using regular expression

2024-02-06 16:32:14 - [TEST_STEP][PASSED] - verifyTextPresent("11.00", true): Text '11.00' is present on page  using regular expression

2024-02-06 16:32:14 - [MESSAGE][PASSED] - Text '11.00' is present on page  using regular expression

2024-02-06 16:32:14 - [TEST_STEP][PASSED] - verifyTextPresent("Two transactions will appear on your bank statement, one in the amount of", true): Text 'Two transactions will appear on your bank statement, one in the amount of' is present on page  using regular expression

2024-02-06 16:32:15 - [MESSAGE][PASSED] - Text 'Two transactions will appear on your bank statement, one in the amount of' is present on page  using regular expression

2024-02-06 16:32:15 - [TEST_STEP][PASSED] - if (verifyElementPresent(findTestObject(orPath_ServiceFeesAccept + "/input_convFeeNotifyAction"), 30)): null

2024-02-06 16:32:15 - [MESSAGE][PASSED] - Object 'Object Repository/RAD_Pages/ServiceFeeAccept_Page/input_convFeeNotifyAction' is present

2024-02-06 16:32:15 - [TEST_STEP][PASSED] - resText = "Pass": null

2024-02-06 16:32:15 - [TEST_STEP][PASSED] - pages.WriteExcel.demoKey(resText, datText, resColumn, datCloumn, fileLoc, nameSheet, row): pages.WriteExcel.demoKey is PASSED

2024-02-06 16:32:15 - [MESSAGE][PASSED] - pages.WriteExcel.demoKey is PASSED

2024-02-06 16:32:15 - [TEST_STEP][PASSED] - if (execProfile == "QAProfile" || execProfile == "QA2Profile"): Text 'Successful Payment Receipt' is present on page  using regular expression

2024-02-06 16:32:15 - [TEST_STEP][PASSED] - click(findTestObject(orPath_ServiceFeesAccept + "/input_convFeeNotifyAction")): Object: 'Object Repository/RAD_Pages/ServiceFeeAccept_Page/input_convFeeNotifyAction' is clicked on

2024-02-06 16:32:16 - [MESSAGE][PASSED] - Object: 'Object Repository/RAD_Pages/ServiceFeeAccept_Page/input_convFeeNotifyAction' is clicked on

2024-02-06 16:32:16 - [TEST_STEP][PASSED] - delay(10): Delayed 10 second(s)

2024-02-06 16:32:26 - [MESSAGE][PASSED] - Delayed 10 second(s)

2024-02-06 16:32:26 - [TEST_STEP][PASSED] - verifyTextPresent("Successful Payment Receipt", true): Text 'Successful Payment Receipt' is present on page  using regular expression

2024-02-06 16:32:26 - [MESSAGE][PASSED] - Text 'Successful Payment Receipt' is present on page  using regular expression

2024-02-06 16:32:26 - [TEST_STEP][PASSED] - ExecuteTC = findTestData(dataFile).getValue("Execute", row): null

2024-02-06 16:32:26 - [TEST_STEP][PASSED] - TaxType = findTestData(dataFile).getValue("TaxType", row): null

2024-02-06 16:32:26 - [TEST_STEP][PASSED] - PaymentType = findTestData(dataFile).getValue("PaymentType", row): null

2024-02-06 16:32:26 - [TEST_STEP][PASSED] - feinSsn = findTestData(dataFile).getValue("FEINSSN", row): null

2024-02-06 16:32:26 - [TEST_STEP][PASSED] - if (ExecuteTC.equalsIgnoreCase("Y")): null

2024-02-06 16:32:26 - [TEST_STEP][PASSED] - out.println("Begin Record Number: " + row): null

2024-02-06 16:32:26 - [TEST_STEP][PASSED] - today = new java.util.Date(): null

2024-02-06 16:32:26 - [TEST_STEP][PASSED] - println(today): null

2024-02-06 16:32:26 - [TEST_STEP][PASSED] - datText = today: null

2024-02-06 16:32:26 - [TEST_STEP][PASSED] - logInfo("Payment Type: Existing Liability w/Notice Number"): Payment Type: Existing Liability w/Notice Number

2024-02-06 16:32:26 - [MESSAGE][INFO] - Payment Type: Existing Liability w/Notice Number

2024-02-06 16:32:26 - [TEST_STEP][PASSED] - logInfo("Tax Type: " + TaxType): Tax Type: Alcohol Tax

2024-02-06 16:32:26 - [MESSAGE][INFO] - Tax Type: Alcohol Tax

2024-02-06 16:32:26 - [TEST_STEP][PASSED] - openBrowser(""): Browser is opened with url: ''

2024-02-06 16:32:26 - [MESSAGE][WARNING] - A browser is already opened. Closing browser and opening a new one

2024-02-06 16:32:27 - [MESSAGE][INFO] - Starting 'Chrome' driver

2024-02-06 16:32:27 - [MESSAGE][INFO] - User set preference: ['acceptInsecureCerts', 'true']

2024-02-06 16:32:27 - [MESSAGE][INFO] - Action delay is set to 0 milliseconds

2024-02-06 16:32:29 - [MESSAGE][PASSED] - Browser is opened with url: ''

2024-02-06 16:32:29 - [TEST_STEP][PASSED] - maximizeWindow(): Current window maximized

2024-02-06 16:32:29 - [MESSAGE][PASSED] - Current window maximized

2024-02-06 16:32:29 - [TEST_STEP][PASSED] - navigateToUrl(RADurl): Navigate to 'https://qa2.velocitypayment.com/client/rad/index.html' successfully

2024-02-06 16:32:31 - [MESSAGE][PASSED] - Navigate to 'https://qa2.velocitypayment.com/client/rad/index.html' successfully

2024-02-06 16:32:31 - [TEST_STEP][PASSED] - selectOptionByLabel(findTestObject(orPath_Landing + "/dd_TaxType"), "Existing Liability w/Notice Number", false): All options with label 'Existing Liability w/Notice Number' are selected in object 'Object Repository/RAD_Pages/Landing_Page/dd_TaxType' 

2024-02-06 16:32:31 - [MESSAGE][PASSED] - All options with label 'Existing Liability w/Notice Number' are selected in object 'Object Repository/RAD_Pages/Landing_Page/dd_TaxType' 

2024-02-06 16:32:31 - [TEST_STEP][PASSED] - selectOptionByLabel(findTestObject(orPath_TaxTypeFilingYear + "/select_TaxType_ExistingLiability"), TaxType, false): All options with label 'Alcohol Tax' are selected in object 'Object Repository/RAD_Pages/TaxTypeFilingYear_Page/select_TaxType_ExistingLiability' 

2024-02-06 16:32:32 - [MESSAGE][PASSED] - All options with label 'Alcohol Tax' are selected in object 'Object Repository/RAD_Pages/TaxTypeFilingYear_Page/select_TaxType_ExistingLiability' 

2024-02-06 16:32:32 - [TEST_STEP][PASSED] - rad.getSetDataRAD.setDataRADBusinessName(): rad.getSetDataRAD.setDataRADBusinessName is PASSED

2024-02-06 16:32:33 - [MESSAGE][PASSED] - Text 'My Company' is set on object 'Object Repository/RAD_Pages/Taxpayer_Page/input_businessName'

2024-02-06 16:32:33 - [MESSAGE][PASSED] - rad.getSetDataRAD.setDataRADBusinessName is PASSED

2024-02-06 16:32:33 - [TEST_STEP][PASSED] - rad.getSetDataRAD.setDataRADBusinessRep(): rad.getSetDataRAD.setDataRADBusinessRep is PASSED

2024-02-06 16:32:34 - [MESSAGE][PASSED] - Text 'BusRepFname' is set on object 'Object Repository/RAD_Pages/Taxpayer_Page/input_BusinessRepfirstName'

2024-02-06 16:32:35 - [MESSAGE][PASSED] - Text '' is set on object 'Object Repository/RAD_Pages/Taxpayer_Page/input_BusinessRepmiddleName'

2024-02-06 16:32:35 - [MESSAGE][PASSED] - Text 'BusRepLname' is set on object 'Object Repository/RAD_Pages/Taxpayer_Page/input_BusinessReplastName'

2024-02-06 16:32:36 - [MESSAGE][PASSED] - Text '' is set on object 'Object Repository/RAD_Pages/Taxpayer_Page/input_BusinessRepsuffix'

2024-02-06 16:32:36 - [MESSAGE][PASSED] - rad.getSetDataRAD.setDataRADBusinessRep is PASSED

2024-02-06 16:32:36 - [TEST_STEP][PASSED] - rad.getSetDataRAD.setDataRADAddress(): rad.getSetDataRAD.setDataRADAddress is PASSED

2024-02-06 16:32:37 - [MESSAGE][PASSED] - All options with label 'United States' are selected in object 'Object Repository/RAD_Pages/AddressAndContactInfo_Page/select_Country' 

2024-02-06 16:32:37 - [MESSAGE][PASSED] - Text '2508 Mandan Terrace' is set on object 'Object Repository/RAD_Pages/AddressAndContactInfo_Page/input_streetAddress1'

2024-02-06 16:32:38 - [MESSAGE][PASSED] - Text '' is set on object 'Object Repository/RAD_Pages/AddressAndContactInfo_Page/input_streetAddress2'

2024-02-06 16:32:39 - [MESSAGE][PASSED] - Text 'Gambrills' is set on object 'Object Repository/RAD_Pages/AddressAndContactInfo_Page/input_city'

2024-02-06 16:32:40 - [MESSAGE][PASSED] - All options with label 'Maryland' are selected in object 'Object Repository/RAD_Pages/AddressAndContactInfo_Page/select_State' 

2024-02-06 16:32:40 - [MESSAGE][PASSED] - Text '21054' is set on object 'Object Repository/RAD_Pages/AddressAndContactInfo_Page/input_zipCode'

2024-02-06 16:32:41 - [MESSAGE][PASSED] - Text '(703) 894-5000' is set on object 'Object Repository/RAD_Pages/AddressAndContactInfo_Page/input_phoneNumber'

2024-02-06 16:32:42 - [MESSAGE][PASSED] - Text 'iahmed@govolution.com' is set on object 'Object Repository/RAD_Pages/AddressAndContactInfo_Page/input_eMailAddress'

2024-02-06 16:32:43 - [MESSAGE][PASSED] - Text 'iahmed@govolution.com' is set on object 'Object Repository/RAD_Pages/AddressAndContactInfo_Page/input_reEnterEMailAddress'

2024-02-06 16:32:43 - [MESSAGE][PASSED] - rad.getSetDataRAD.setDataRADAddress is PASSED

2024-02-06 16:32:43 - [TEST_STEP][PASSED] - if (feinSsn.equalsIgnoreCase("Y")): null

2024-02-06 16:32:43 - [TEST_STEP][PASSED] - else: Text ****** has been set on object 'Object Repository/RAD_Pages/TaxInfo_Page/input_concat(id(, , data, , ))_Data (1)'

2024-02-06 16:32:43 - [TEST_STEP][PASSED] - if (!(TaxType.equalsIgnoreCase("Estate Tax"))): Text ****** has been set on object 'Object Repository/RAD_Pages/TaxInfo_Page/input_concat(id(, , data, , ))_Data (1)'

2024-02-06 16:32:43 - [TEST_STEP][PASSED] - setEncryptedText(findTestObject("Object Repository/RAD_Pages/TaxInfo_Page/input_concat(id(, , data, , ))_Data"), "RigbBhfdqODKcAsiUrg+1Q=="): Text ****** has been set on object 'Object Repository/RAD_Pages/TaxInfo_Page/input_concat(id(, , data, , ))_Data'

2024-02-06 16:32:44 - [MESSAGE][PASSED] - Text ****** has been set on object 'Object Repository/RAD_Pages/TaxInfo_Page/input_concat(id(, , data, , ))_Data'

2024-02-06 16:32:44 - [TEST_STEP][PASSED] - setEncryptedText(findTestObject("Object Repository/RAD_Pages/TaxInfo_Page/input_concat(id(, , data, , ))_Data (1)"), "RigbBhfdqODKcAsiUrg+1Q=="): Text ****** has been set on object 'Object Repository/RAD_Pages/TaxInfo_Page/input_concat(id(, , data, , ))_Data (1)'

2024-02-06 16:32:44 - [MESSAGE][PASSED] - Text ****** has been set on object 'Object Repository/RAD_Pages/TaxInfo_Page/input_concat(id(, , data, , ))_Data (1)'

2024-02-06 16:32:44 - [TEST_STEP][PASSED] - rad.getSetDataRAD.setDataRADNoticeInvoiceThirteen(): rad.getSetDataRAD.setDataRADNoticeInvoiceThirteen is PASSED

2024-02-06 16:32:45 - [MESSAGE][PASSED] - Text '1234567890123' is set on object 'Object Repository/RAD_Pages/TaxInfo_Page/input_NoticeInvoiceNumber'

2024-02-06 16:32:46 - [MESSAGE][PASSED] - Text '1234567890123' is set on object 'Object Repository/RAD_Pages/TaxInfo_Page/input_reTypeNoticeInvoiceNumber'

2024-02-06 16:32:46 - [MESSAGE][PASSED] - rad.getSetDataRAD.setDataRADNoticeInvoiceThirteen is PASSED

2024-02-06 16:32:46 - [TEST_STEP][PASSED] - switch (TaxType): null

2024-02-06 16:32:46 - [TEST_STEP][PASSED] - case "Alcohol Tax":: null

2024-02-06 16:32:46 - [TEST_STEP][PASSED] - rad.getSetDataRAD.setDataExistingRADMDCRN(): rad.getSetDataRAD.setDataExistingRADMDCRN is PASSED

2024-02-06 16:32:47 - [MESSAGE][PASSED] - Text '07640126' is set on object 'Object Repository/RAD_Pages/TaxInfo_Page/input_MDCRegistrationEL'

2024-02-06 16:32:47 - [MESSAGE][PASSED] - rad.getSetDataRAD.setDataExistingRADMDCRN is PASSED

2024-02-06 16:32:47 - [TEST_STEP][PASSED] - break: null

2024-02-06 16:32:47 - [TEST_STEP][PASSED] - if (TaxType.equalsIgnoreCase("Estate Tax")): null

2024-02-06 16:32:47 - [TEST_STEP][PASSED] - setText(findTestObject(orPath_Amount + "/input__paymentAmount"), "10.00"): Text '10.00' is set on object 'Object Repository/RAD_Pages/PaymentAmount_Page/input__paymentAmount'

2024-02-06 16:32:48 - [MESSAGE][PASSED] - Text '10.00' is set on object 'Object Repository/RAD_Pages/PaymentAmount_Page/input__paymentAmount'

2024-02-06 16:32:48 - [TEST_STEP][PASSED] - setText(findTestObject(orPath_AddressContact + "/input_streetAddress2"), ""): Text '' is set on object 'Object Repository/RAD_Pages/AddressAndContactInfo_Page/input_streetAddress2'

2024-02-06 16:32:48 - [MESSAGE][PASSED] - Text '' is set on object 'Object Repository/RAD_Pages/AddressAndContactInfo_Page/input_streetAddress2'

2024-02-06 16:32:48 - [TEST_STEP][PASSED] - scrollToElement(findTestObject(orPath_Landing + "/button_Continue"), 3): Scroll to object 'Object Repository/RAD_Pages/Landing_Page/button_Continue' successfully

2024-02-06 16:32:49 - [MESSAGE][PASSED] - Scroll to object 'Object Repository/RAD_Pages/Landing_Page/button_Continue' successfully

2024-02-06 16:32:49 - [TEST_STEP][PASSED] - waitForElementClickable(findTestObject(orPath_Landing + "/button_Continue"), 5): Object 'Object Repository/RAD_Pages/Landing_Page/button_Continue' is clickable

2024-02-06 16:32:49 - [MESSAGE][PASSED] - Object 'Object Repository/RAD_Pages/Landing_Page/button_Continue' is clickable

2024-02-06 16:32:49 - [TEST_STEP][PASSED] - click(findTestObject(orPath_Landing + "/button_Continue")): Object: 'Object Repository/RAD_Pages/Landing_Page/button_Continue' is clicked on

2024-02-06 16:32:49 - [MESSAGE][PASSED] - Object: 'Object Repository/RAD_Pages/Landing_Page/button_Continue' is clicked on

2024-02-06 16:32:49 - [TEST_STEP][PASSED] - delay(2): Delayed 2 second(s)

2024-02-06 16:32:51 - [MESSAGE][PASSED] - Delayed 2 second(s)

2024-02-06 16:32:51 - [TEST_STEP][PASSED] - click(findTestObject(orPath_Summary + "/button_Proceed to Payment")): Object: 'Object Repository/RAD_Pages/Summary_Page/button_Proceed to Payment' is clicked on

2024-02-06 16:32:54 - [MESSAGE][PASSED] - Object: 'Object Repository/RAD_Pages/Summary_Page/button_Proceed to Payment' is clicked on

2024-02-06 16:32:54 - [TEST_STEP][PASSED] - if (verifyElementPresent(findTestObject("Object Repository/RAD_Pages/PaymentEntry_Page/input__billingName"), 30)): null

2024-02-06 16:32:54 - [MESSAGE][PASSED] - Object 'Object Repository/RAD_Pages/PaymentEntry_Page/input__billingName' is present

2024-02-06 16:32:54 - [TEST_STEP][PASSED] - verifyTextPresent("Payment Information", true): Text 'Payment Information' is present on page  using regular expression

2024-02-06 16:32:54 - [MESSAGE][PASSED] - Text 'Payment Information' is present on page  using regular expression

2024-02-06 16:32:54 - [TEST_STEP][PASSED] - card_Name = getAttribute(findTestObject("Object Repository/RAD_Pages/PaymentEntry_Page/input__billingName"), "value"): Attribute 'value' of object 'Object Repository/RAD_Pages/PaymentEntry_Page/input__billingName' is: 'BusRepFname BusRepLname'

2024-02-06 16:32:55 - [MESSAGE][PASSED] - Attribute 'value' of object 'Object Repository/RAD_Pages/PaymentEntry_Page/input__billingName' is: 'BusRepFname BusRepLname'

2024-02-06 16:32:55 - [TEST_STEP][PASSED] - verifyMatch("BusRepFname BusRepLname", card_Name, false): Actual text 'BusRepFname BusRepLname' and expected text 'BusRepFname BusRepLname' are matched 

2024-02-06 16:32:55 - [MESSAGE][PASSED] - Actual text 'BusRepFname BusRepLname' and expected text 'BusRepFname BusRepLname' are matched 

2024-02-06 16:32:55 - [TEST_STEP][PASSED] - AL1 = getAttribute(findTestObject("Object Repository/RAD_Pages/PaymentEntry_Page/input_billingAddress"), "value"): Attribute 'value' of object 'Object Repository/RAD_Pages/PaymentEntry_Page/input_billingAddress' is: '2508 Mandan Terrace'

2024-02-06 16:32:55 - [MESSAGE][PASSED] - Attribute 'value' of object 'Object Repository/RAD_Pages/PaymentEntry_Page/input_billingAddress' is: '2508 Mandan Terrace'

2024-02-06 16:32:55 - [TEST_STEP][PASSED] - verifyMatch("2508 Mandan Terrace", AL1, false): Actual text '2508 Mandan Terrace' and expected text '2508 Mandan Terrace' are matched 

2024-02-06 16:32:55 - [MESSAGE][PASSED] - Actual text '2508 Mandan Terrace' and expected text '2508 Mandan Terrace' are matched 

2024-02-06 16:32:55 - [TEST_STEP][PASSED] - AL2 = getAttribute(findTestObject("Object Repository/RAD_Pages/PaymentEntry_Page/input_billingAddress2"), "value"): Attribute 'value' of object 'Object Repository/RAD_Pages/PaymentEntry_Page/input_billingAddress2' is: ''

2024-02-06 16:32:56 - [MESSAGE][PASSED] - Attribute 'value' of object 'Object Repository/RAD_Pages/PaymentEntry_Page/input_billingAddress2' is: ''

2024-02-06 16:32:56 - [TEST_STEP][PASSED] - verifyMatch("", AL2, false): Actual text '' and expected text '' are matched 

2024-02-06 16:32:56 - [MESSAGE][PASSED] - Actual text '' and expected text '' are matched 

2024-02-06 16:32:56 - [TEST_STEP][PASSED] - zipCode = getAttribute(findTestObject("Object Repository/RAD_Pages/PaymentEntry_Page/input_billingZip"), "value"): Attribute 'value' of object 'Object Repository/RAD_Pages/PaymentEntry_Page/input_billingZip' is: '21054'

2024-02-06 16:32:56 - [MESSAGE][PASSED] - Attribute 'value' of object 'Object Repository/RAD_Pages/PaymentEntry_Page/input_billingZip' is: '21054'

2024-02-06 16:32:56 - [TEST_STEP][PASSED] - verifyMatch("21054", zipCode, false): Actual text '21054' and expected text '21054' are matched 

2024-02-06 16:32:56 - [MESSAGE][PASSED] - Actual text '21054' and expected text '21054' are matched 

2024-02-06 16:32:56 - [TEST_STEP][PASSED] - city = getAttribute(findTestObject("Object Repository/RAD_Pages/PaymentEntry_Page/input_billingCity"), "value"): Attribute 'value' of object 'Object Repository/RAD_Pages/PaymentEntry_Page/input_billingCity' is: 'GAMBRILLS'

2024-02-06 16:32:56 - [MESSAGE][PASSED] - Attribute 'value' of object 'Object Repository/RAD_Pages/PaymentEntry_Page/input_billingCity' is: 'GAMBRILLS'

2024-02-06 16:32:56 - [TEST_STEP][PASSED] - verifyMatch("GAMBRILLS", city, false): Actual text 'GAMBRILLS' and expected text 'GAMBRILLS' are matched 

2024-02-06 16:32:56 - [MESSAGE][PASSED] - Actual text 'GAMBRILLS' and expected text 'GAMBRILLS' are matched 

2024-02-06 16:32:56 - [TEST_STEP][PASSED] - email = getAttribute(findTestObject("Object Repository/RAD_Pages/PaymentEntry_Page/input_emailAddress"), "value"): Attribute 'value' of object 'Object Repository/RAD_Pages/PaymentEntry_Page/input_emailAddress' is: 'iahmed@govolution.com'

2024-02-06 16:32:57 - [MESSAGE][PASSED] - Attribute 'value' of object 'Object Repository/RAD_Pages/PaymentEntry_Page/input_emailAddress' is: 'iahmed@govolution.com'

2024-02-06 16:32:57 - [TEST_STEP][PASSED] - verifyMatch("iahmed@govolution.com", email, false): Actual text 'iahmed@govolution.com' and expected text 'iahmed@govolution.com' are matched 

2024-02-06 16:32:57 - [MESSAGE][PASSED] - Actual text 'iahmed@govolution.com' and expected text 'iahmed@govolution.com' are matched 

2024-02-06 16:32:57 - [TEST_STEP][PASSED] - amount = getAttribute(findTestObject("Object Repository/RAD_Pages/PaymentEntry_Page/input_amount"), "value"): Attribute 'value' of object 'Object Repository/RAD_Pages/PaymentEntry_Page/input_amount' is: '10.00'

2024-02-06 16:32:57 - [MESSAGE][PASSED] - Attribute 'value' of object 'Object Repository/RAD_Pages/PaymentEntry_Page/input_amount' is: '10.00'

2024-02-06 16:32:57 - [TEST_STEP][PASSED] - verifyMatch("10.00", amount, false): Actual text '10.00' and expected text '10.00' are matched 

2024-02-06 16:32:57 - [MESSAGE][PASSED] - Actual text '10.00' and expected text '10.00' are matched 

2024-02-06 16:32:57 - [TEST_STEP][PASSED] - amountReadOnly = getAttribute(findTestObject("Object Repository/RAD_Pages/PaymentEntry_Page/input_amount"), "readonly"): Attribute 'readonly' of object 'Object Repository/RAD_Pages/PaymentEntry_Page/input_amount' is: 'true'

2024-02-06 16:32:57 - [MESSAGE][PASSED] - Attribute 'readonly' of object 'Object Repository/RAD_Pages/PaymentEntry_Page/input_amount' is: 'true'

2024-02-06 16:32:57 - [TEST_STEP][PASSED] - verifyMatch("true", amountReadOnly, false): Actual text 'true' and expected text 'true' are matched 

2024-02-06 16:32:57 - [MESSAGE][PASSED] - Actual text 'true' and expected text 'true' are matched 

2024-02-06 16:32:57 - [TEST_STEP][PASSED] - verifyOptionSelectedByLabel(findTestObject("Object Repository/RAD_Pages/PaymentEntry_Page/select_Country"), "United States", false, 20): All options with label 'United States' are selected in object 'Object Repository/RAD_Pages/PaymentEntry_Page/select_Country' 

2024-02-06 16:32:58 - [MESSAGE][PASSED] - All options with label 'United States' are selected in object 'Object Repository/RAD_Pages/PaymentEntry_Page/select_Country' 

2024-02-06 16:32:58 - [TEST_STEP][PASSED] - verifyOptionSelectedByLabel(findTestObject("Object Repository/RAD_Pages/PaymentEntry_Page/select_State"), "Maryland", false, 20): All options with label 'Maryland' are selected in object 'Object Repository/RAD_Pages/PaymentEntry_Page/select_State' 

2024-02-06 16:33:01 - [MESSAGE][PASSED] - All options with label 'Maryland' are selected in object 'Object Repository/RAD_Pages/PaymentEntry_Page/select_State' 

2024-02-06 16:33:01 - [TEST_STEP][PASSED] - setText(findTestObject(orPath_PaymentEntry + "/input__cardNumber"), "4111111111111111"): Text '4111111111111111' is set on object 'Object Repository/RAD_Pages/PaymentEntry_Page/input__cardNumber'

2024-02-06 16:33:02 - [MESSAGE][PASSED] - Text '4111111111111111' is set on object 'Object Repository/RAD_Pages/PaymentEntry_Page/input__cardNumber'

2024-02-06 16:33:02 - [TEST_STEP][PASSED] - setText(findTestObject(orPath_PaymentEntry + "/input__spc"), "123"): Text '123' is set on object 'Object Repository/RAD_Pages/PaymentEntry_Page/input__spc'

2024-02-06 16:33:02 - [MESSAGE][PASSED] - Text '123' is set on object 'Object Repository/RAD_Pages/PaymentEntry_Page/input__spc'

2024-02-06 16:33:02 - [TEST_STEP][PASSED] - selectOptionByLabel(findTestObject(orPath_PaymentEntry + "/select_MM"), "12", false): All options with label '12' are selected in object 'Object Repository/RAD_Pages/PaymentEntry_Page/select_MM' 

2024-02-06 16:33:03 - [MESSAGE][PASSED] - All options with label '12' are selected in object 'Object Repository/RAD_Pages/PaymentEntry_Page/select_MM' 

2024-02-06 16:33:03 - [TEST_STEP][PASSED] - selectOptionByLabel(findTestObject(orPath_PaymentEntry + "/select_YYYY"), "2028", false): All options with label '2028' are selected in object 'Object Repository/RAD_Pages/PaymentEntry_Page/select_YYYY' 

2024-02-06 16:33:04 - [MESSAGE][PASSED] - All options with label '2028' are selected in object 'Object Repository/RAD_Pages/PaymentEntry_Page/select_YYYY' 

2024-02-06 16:33:04 - [TEST_STEP][PASSED] - click(findTestObject(orPath_PaymentEntry + "/input_Field_ccSubmit")): Object: 'Object Repository/RAD_Pages/PaymentEntry_Page/input_Field_ccSubmit' is clicked on

2024-02-06 16:33:06 - [MESSAGE][PASSED] - Object: 'Object Repository/RAD_Pages/PaymentEntry_Page/input_Field_ccSubmit' is clicked on

2024-02-06 16:33:06 - [TEST_STEP][PASSED] - click(findTestObject(orPath_PaymentConfirmation + "/input_N_confirmNotifyAction")): Object: 'Object Repository/RAD_Pages/PaymentConfirmation_Page/input_N_confirmNotifyAction' is clicked on

2024-02-06 16:33:08 - [MESSAGE][PASSED] - Object: 'Object Repository/RAD_Pages/PaymentConfirmation_Page/input_N_confirmNotifyAction' is clicked on

2024-02-06 16:33:08 - [TEST_STEP][PASSED] - verifyTextPresent("Service Fee Acceptance", true): Text 'Service Fee Acceptance' is present on page  using regular expression

2024-02-06 16:33:08 - [MESSAGE][PASSED] - Text 'Service Fee Acceptance' is present on page  using regular expression

2024-02-06 16:33:08 - [TEST_STEP][PASSED] - verifyTextPresent("This transaction is subject to a Service Fee of ", true): Text 'This transaction is subject to a Service Fee of ' is present on page  using regular expression

2024-02-06 16:33:09 - [MESSAGE][PASSED] - Text 'This transaction is subject to a Service Fee of ' is present on page  using regular expression

2024-02-06 16:33:09 - [TEST_STEP][PASSED] - verifyTextPresent("Payment Amount:", true): Text 'Payment Amount:' is present on page  using regular expression

2024-02-06 16:33:09 - [MESSAGE][PASSED] - Text 'Payment Amount:' is present on page  using regular expression

2024-02-06 16:33:09 - [TEST_STEP][PASSED] - verifyTextPresent("10.00", true): Text '10.00' is present on page  using regular expression

2024-02-06 16:33:09 - [MESSAGE][PASSED] - Text '10.00' is present on page  using regular expression

2024-02-06 16:33:09 - [TEST_STEP][PASSED] - verifyTextPresent("Service Fee:", true): Text 'Service Fee:' is present on page  using regular expression

2024-02-06 16:33:09 - [MESSAGE][PASSED] - Text 'Service Fee:' is present on page  using regular expression

2024-02-06 16:33:09 - [TEST_STEP][PASSED] - verifyTextPresent("1.00", true): Text '1.00' is present on page  using regular expression

2024-02-06 16:33:10 - [MESSAGE][PASSED] - Text '1.00' is present on page  using regular expression

2024-02-06 16:33:10 - [TEST_STEP][PASSED] - verifyTextPresent("Total Amount:", true): Text 'Total Amount:' is present on page  using regular expression

2024-02-06 16:33:10 - [MESSAGE][PASSED] - Text 'Total Amount:' is present on page  using regular expression

2024-02-06 16:33:10 - [TEST_STEP][PASSED] - verifyTextPresent("11.00", true): Text '11.00' is present on page  using regular expression

2024-02-06 16:33:10 - [MESSAGE][PASSED] - Text '11.00' is present on page  using regular expression

2024-02-06 16:33:10 - [TEST_STEP][PASSED] - verifyTextPresent("Two transactions will appear on your bank statement, one in the amount of", true): Text 'Two transactions will appear on your bank statement, one in the amount of' is present on page  using regular expression

2024-02-06 16:33:10 - [MESSAGE][PASSED] - Text 'Two transactions will appear on your bank statement, one in the amount of' is present on page  using regular expression

2024-02-06 16:33:10 - [TEST_STEP][PASSED] - if (verifyElementPresent(findTestObject(orPath_ServiceFeesAccept + "/input_convFeeNotifyAction"), 30)): null

2024-02-06 16:33:11 - [MESSAGE][PASSED] - Object 'Object Repository/RAD_Pages/ServiceFeeAccept_Page/input_convFeeNotifyAction' is present

2024-02-06 16:33:11 - [TEST_STEP][PASSED] - resText = "Pass": null

2024-02-06 16:33:11 - [TEST_STEP][PASSED] - pages.WriteExcel.demoKey(resText, datText, resColumn, datCloumn, fileLoc, nameSheet, row): pages.WriteExcel.demoKey is PASSED

2024-02-06 16:33:11 - [MESSAGE][PASSED] - pages.WriteExcel.demoKey is PASSED

2024-02-06 16:33:11 - [TEST_STEP][PASSED] - if (execProfile == "QAProfile" || execProfile == "QA2Profile"): Text 'Successful Payment Receipt' is present on page  using regular expression

2024-02-06 16:33:11 - [TEST_STEP][PASSED] - click(findTestObject(orPath_ServiceFeesAccept + "/input_convFeeNotifyAction")): Object: 'Object Repository/RAD_Pages/ServiceFeeAccept_Page/input_convFeeNotifyAction' is clicked on

2024-02-06 16:33:13 - [MESSAGE][PASSED] - Object: 'Object Repository/RAD_Pages/ServiceFeeAccept_Page/input_convFeeNotifyAction' is clicked on

2024-02-06 16:33:13 - [TEST_STEP][PASSED] - delay(10): Delayed 10 second(s)

2024-02-06 16:33:23 - [MESSAGE][PASSED] - Delayed 10 second(s)

2024-02-06 16:33:23 - [TEST_STEP][PASSED] - verifyTextPresent("Successful Payment Receipt", true): Text 'Successful Payment Receipt' is present on page  using regular expression

2024-02-06 16:33:23 - [MESSAGE][PASSED] - Text 'Successful Payment Receipt' is present on page  using regular expression

2024-02-06 16:33:23 - [TEST_STEP][PASSED] - ExecuteTC = findTestData(dataFile).getValue("Execute", row): null

2024-02-06 16:33:23 - [TEST_STEP][PASSED] - TaxType = findTestData(dataFile).getValue("TaxType", row): null

2024-02-06 16:33:23 - [TEST_STEP][PASSED] - PaymentType = findTestData(dataFile).getValue("PaymentType", row): null

2024-02-06 16:33:23 - [TEST_STEP][PASSED] - feinSsn = findTestData(dataFile).getValue("FEINSSN", row): null

2024-02-06 16:33:23 - [TEST_STEP][PASSED] - if (ExecuteTC.equalsIgnoreCase("Y")): null

2024-02-06 16:33:23 - [TEST_STEP][PASSED] - out.println("Begin Record Number: " + row): null

2024-02-06 16:33:23 - [TEST_STEP][PASSED] - today = new java.util.Date(): null

2024-02-06 16:33:23 - [TEST_STEP][PASSED] - println(today): null

2024-02-06 16:33:23 - [TEST_STEP][PASSED] - datText = today: null

2024-02-06 16:33:23 - [TEST_STEP][PASSED] - logInfo("Payment Type: Existing Liability w/Notice Number"): Payment Type: Existing Liability w/Notice Number

2024-02-06 16:33:23 - [MESSAGE][INFO] - Payment Type: Existing Liability w/Notice Number

2024-02-06 16:33:23 - [TEST_STEP][PASSED] - logInfo("Tax Type: " + TaxType): Tax Type: PTE Tax Electing Non-S Corp

2024-02-06 16:33:23 - [MESSAGE][INFO] - Tax Type: PTE Tax Electing Non-S Corp

2024-02-06 16:33:23 - [TEST_STEP][PASSED] - openBrowser(""): Browser is opened with url: ''

2024-02-06 16:33:23 - [MESSAGE][WARNING] - A browser is already opened. Closing browser and opening a new one

2024-02-06 16:33:24 - [MESSAGE][INFO] - Starting 'Chrome' driver

2024-02-06 16:33:24 - [MESSAGE][INFO] - User set preference: ['acceptInsecureCerts', 'true']

2024-02-06 16:33:24 - [MESSAGE][INFO] - Action delay is set to 0 milliseconds

2024-02-06 16:33:26 - [MESSAGE][PASSED] - Browser is opened with url: ''

2024-02-06 16:33:26 - [TEST_STEP][PASSED] - maximizeWindow(): Current window maximized

2024-02-06 16:33:26 - [MESSAGE][PASSED] - Current window maximized

2024-02-06 16:33:26 - [TEST_STEP][PASSED] - navigateToUrl(RADurl): Navigate to 'https://qa2.velocitypayment.com/client/rad/index.html' successfully

2024-02-06 16:33:26 - [MESSAGE][PASSED] - Navigate to 'https://qa2.velocitypayment.com/client/rad/index.html' successfully

2024-02-06 16:33:26 - [TEST_STEP][PASSED] - selectOptionByLabel(findTestObject(orPath_Landing + "/dd_TaxType"), "Existing Liability w/Notice Number", false): All options with label 'Existing Liability w/Notice Number' are selected in object 'Object Repository/RAD_Pages/Landing_Page/dd_TaxType' 

2024-02-06 16:33:30 - [MESSAGE][PASSED] - All options with label 'Existing Liability w/Notice Number' are selected in object 'Object Repository/RAD_Pages/Landing_Page/dd_TaxType' 

2024-02-06 16:33:30 - [TEST_STEP][PASSED] - selectOptionByLabel(findTestObject(orPath_TaxTypeFilingYear + "/select_TaxType_ExistingLiability"), TaxType, false): All options with label 'PTE Tax Electing Non-S Corp' are selected in object 'Object Repository/RAD_Pages/TaxTypeFilingYear_Page/select_TaxType_ExistingLiability' 

2024-02-06 16:33:30 - [MESSAGE][PASSED] - All options with label 'PTE Tax Electing Non-S Corp' are selected in object 'Object Repository/RAD_Pages/TaxTypeFilingYear_Page/select_TaxType_ExistingLiability' 

2024-02-06 16:33:30 - [TEST_STEP][PASSED] - rad.getSetDataRAD.setDataRADBusinessName(): rad.getSetDataRAD.setDataRADBusinessName is PASSED

2024-02-06 16:33:32 - [MESSAGE][PASSED] - Text 'My Company' is set on object 'Object Repository/RAD_Pages/Taxpayer_Page/input_businessName'

2024-02-06 16:33:32 - [MESSAGE][PASSED] - rad.getSetDataRAD.setDataRADBusinessName is PASSED

2024-02-06 16:33:32 - [TEST_STEP][PASSED] - rad.getSetDataRAD.setDataRADBusinessRep(): rad.getSetDataRAD.setDataRADBusinessRep is PASSED

2024-02-06 16:33:32 - [MESSAGE][PASSED] - Text 'BusRepFname' is set on object 'Object Repository/RAD_Pages/Taxpayer_Page/input_BusinessRepfirstName'

2024-02-06 16:33:33 - [MESSAGE][PASSED] - Text '' is set on object 'Object Repository/RAD_Pages/Taxpayer_Page/input_BusinessRepmiddleName'

2024-02-06 16:33:34 - [MESSAGE][PASSED] - Text 'BusRepLname' is set on object 'Object Repository/RAD_Pages/Taxpayer_Page/input_BusinessReplastName'

2024-02-06 16:33:34 - [MESSAGE][PASSED] - Text '' is set on object 'Object Repository/RAD_Pages/Taxpayer_Page/input_BusinessRepsuffix'

2024-02-06 16:33:34 - [MESSAGE][PASSED] - rad.getSetDataRAD.setDataRADBusinessRep is PASSED

2024-02-06 16:33:34 - [TEST_STEP][PASSED] - rad.getSetDataRAD.setDataRADAddress(): rad.getSetDataRAD.setDataRADAddress is PASSED

2024-02-06 16:33:35 - [MESSAGE][PASSED] - All options with label 'United States' are selected in object 'Object Repository/RAD_Pages/AddressAndContactInfo_Page/select_Country' 

2024-02-06 16:33:36 - [MESSAGE][PASSED] - Text '2508 Mandan Terrace' is set on object 'Object Repository/RAD_Pages/AddressAndContactInfo_Page/input_streetAddress1'

2024-02-06 16:33:37 - [MESSAGE][PASSED] - Text '' is set on object 'Object Repository/RAD_Pages/AddressAndContactInfo_Page/input_streetAddress2'

2024-02-06 16:33:37 - [MESSAGE][PASSED] - Text 'Gambrills' is set on object 'Object Repository/RAD_Pages/AddressAndContactInfo_Page/input_city'

2024-02-06 16:33:38 - [MESSAGE][PASSED] - All options with label 'Maryland' are selected in object 'Object Repository/RAD_Pages/AddressAndContactInfo_Page/select_State' 

2024-02-06 16:33:39 - [MESSAGE][PASSED] - Text '21054' is set on object 'Object Repository/RAD_Pages/AddressAndContactInfo_Page/input_zipCode'

2024-02-06 16:33:40 - [MESSAGE][PASSED] - Text '(703) 894-5000' is set on object 'Object Repository/RAD_Pages/AddressAndContactInfo_Page/input_phoneNumber'

2024-02-06 16:33:41 - [MESSAGE][PASSED] - Text 'iahmed@govolution.com' is set on object 'Object Repository/RAD_Pages/AddressAndContactInfo_Page/input_eMailAddress'

2024-02-06 16:33:41 - [MESSAGE][PASSED] - Text 'iahmed@govolution.com' is set on object 'Object Repository/RAD_Pages/AddressAndContactInfo_Page/input_reEnterEMailAddress'

2024-02-06 16:33:41 - [MESSAGE][PASSED] - rad.getSetDataRAD.setDataRADAddress is PASSED

2024-02-06 16:33:41 - [TEST_STEP][PASSED] - if (feinSsn.equalsIgnoreCase("Y")): Text ****** has been set on object 'Object Repository/RAD_Pages/TaxInfo_Page/input_TaxInfo_RetypefeinSsn_Existing_New'

2024-02-06 16:33:41 - [TEST_STEP][PASSED] - setEncryptedText(findTestObject(orPath_TaxInfo + "/input_TaxInfo_feinSsn_Existing_New"), "RigbBhfdqODKcAsiUrg+1Q=="): Text ****** has been set on object 'Object Repository/RAD_Pages/TaxInfo_Page/input_TaxInfo_feinSsn_Existing_New'

2024-02-06 16:33:42 - [MESSAGE][PASSED] - Text ****** has been set on object 'Object Repository/RAD_Pages/TaxInfo_Page/input_TaxInfo_feinSsn_Existing_New'

2024-02-06 16:33:42 - [TEST_STEP][PASSED] - setEncryptedText(findTestObject(orPath_TaxInfo + "/input_TaxInfo_RetypefeinSsn_Existing_New"), "RigbBhfdqODKcAsiUrg+1Q=="): Text ****** has been set on object 'Object Repository/RAD_Pages/TaxInfo_Page/input_TaxInfo_RetypefeinSsn_Existing_New'

2024-02-06 16:33:43 - [MESSAGE][PASSED] - Text ****** has been set on object 'Object Repository/RAD_Pages/TaxInfo_Page/input_TaxInfo_RetypefeinSsn_Existing_New'

2024-02-06 16:33:43 - [TEST_STEP][PASSED] - rad.getSetDataRAD.setDataRADNoticeInvoiceThirteen(): rad.getSetDataRAD.setDataRADNoticeInvoiceThirteen is PASSED

2024-02-06 16:33:43 - [MESSAGE][PASSED] - Text '1234567890123' is set on object 'Object Repository/RAD_Pages/TaxInfo_Page/input_NoticeInvoiceNumber'

2024-02-06 16:33:44 - [MESSAGE][PASSED] - Text '1234567890123' is set on object 'Object Repository/RAD_Pages/TaxInfo_Page/input_reTypeNoticeInvoiceNumber'

2024-02-06 16:33:44 - [MESSAGE][PASSED] - rad.getSetDataRAD.setDataRADNoticeInvoiceThirteen is PASSED

2024-02-06 16:33:44 - [TEST_STEP][PASSED] - switch (TaxType): null

2024-02-06 16:33:44 - [TEST_STEP][PASSED] - if (TaxType.equalsIgnoreCase("Estate Tax")): null

2024-02-06 16:33:44 - [TEST_STEP][PASSED] - setText(findTestObject(orPath_Amount + "/input__paymentAmount"), "10.00"): Text '10.00' is set on object 'Object Repository/RAD_Pages/PaymentAmount_Page/input__paymentAmount'

2024-02-06 16:33:45 - [MESSAGE][PASSED] - Text '10.00' is set on object 'Object Repository/RAD_Pages/PaymentAmount_Page/input__paymentAmount'

2024-02-06 16:33:45 - [TEST_STEP][PASSED] - setText(findTestObject(orPath_AddressContact + "/input_streetAddress2"), ""): Text '' is set on object 'Object Repository/RAD_Pages/AddressAndContactInfo_Page/input_streetAddress2'

2024-02-06 16:33:46 - [MESSAGE][PASSED] - Text '' is set on object 'Object Repository/RAD_Pages/AddressAndContactInfo_Page/input_streetAddress2'

2024-02-06 16:33:46 - [TEST_STEP][PASSED] - scrollToElement(findTestObject(orPath_Landing + "/button_Continue"), 3): Scroll to object 'Object Repository/RAD_Pages/Landing_Page/button_Continue' successfully

2024-02-06 16:33:46 - [MESSAGE][PASSED] - Scroll to object 'Object Repository/RAD_Pages/Landing_Page/button_Continue' successfully

2024-02-06 16:33:46 - [TEST_STEP][PASSED] - waitForElementClickable(findTestObject(orPath_Landing + "/button_Continue"), 5): Object 'Object Repository/RAD_Pages/Landing_Page/button_Continue' is clickable

2024-02-06 16:33:47 - [MESSAGE][PASSED] - Object 'Object Repository/RAD_Pages/Landing_Page/button_Continue' is clickable

2024-02-06 16:33:47 - [TEST_STEP][PASSED] - click(findTestObject(orPath_Landing + "/button_Continue")): Object: 'Object Repository/RAD_Pages/Landing_Page/button_Continue' is clicked on

2024-02-06 16:33:47 - [MESSAGE][PASSED] - Object: 'Object Repository/RAD_Pages/Landing_Page/button_Continue' is clicked on

2024-02-06 16:33:47 - [TEST_STEP][PASSED] - delay(2): Delayed 2 second(s)

2024-02-06 16:33:49 - [MESSAGE][PASSED] - Delayed 2 second(s)

2024-02-06 16:33:49 - [TEST_STEP][PASSED] - click(findTestObject(orPath_Summary + "/button_Proceed to Payment")): Object: 'Object Repository/RAD_Pages/Summary_Page/button_Proceed to Payment' is clicked on

2024-02-06 16:33:52 - [MESSAGE][PASSED] - Object: 'Object Repository/RAD_Pages/Summary_Page/button_Proceed to Payment' is clicked on

2024-02-06 16:33:52 - [TEST_STEP][PASSED] - if (verifyElementPresent(findTestObject("Object Repository/RAD_Pages/PaymentEntry_Page/input__billingName"), 30)): null

2024-02-06 16:33:53 - [MESSAGE][PASSED] - Object 'Object Repository/RAD_Pages/PaymentEntry_Page/input__billingName' is present

2024-02-06 16:33:53 - [TEST_STEP][PASSED] - verifyTextPresent("Payment Information", true): Text 'Payment Information' is present on page  using regular expression

2024-02-06 16:33:53 - [MESSAGE][PASSED] - Text 'Payment Information' is present on page  using regular expression

2024-02-06 16:33:53 - [TEST_STEP][PASSED] - card_Name = getAttribute(findTestObject("Object Repository/RAD_Pages/PaymentEntry_Page/input__billingName"), "value"): Attribute 'value' of object 'Object Repository/RAD_Pages/PaymentEntry_Page/input__billingName' is: 'BusRepFname BusRepLname'

2024-02-06 16:33:53 - [MESSAGE][PASSED] - Attribute 'value' of object 'Object Repository/RAD_Pages/PaymentEntry_Page/input__billingName' is: 'BusRepFname BusRepLname'

2024-02-06 16:33:53 - [TEST_STEP][PASSED] - verifyMatch("BusRepFname BusRepLname", card_Name, false): Actual text 'BusRepFname BusRepLname' and expected text 'BusRepFname BusRepLname' are matched 

2024-02-06 16:33:53 - [MESSAGE][PASSED] - Actual text 'BusRepFname BusRepLname' and expected text 'BusRepFname BusRepLname' are matched 

2024-02-06 16:33:53 - [TEST_STEP][PASSED] - AL1 = getAttribute(findTestObject("Object Repository/RAD_Pages/PaymentEntry_Page/input_billingAddress"), "value"): Attribute 'value' of object 'Object Repository/RAD_Pages/PaymentEntry_Page/input_billingAddress' is: '2508 Mandan Terrace'

2024-02-06 16:33:54 - [MESSAGE][PASSED] - Attribute 'value' of object 'Object Repository/RAD_Pages/PaymentEntry_Page/input_billingAddress' is: '2508 Mandan Terrace'

2024-02-06 16:33:54 - [TEST_STEP][PASSED] - verifyMatch("2508 Mandan Terrace", AL1, false): Actual text '2508 Mandan Terrace' and expected text '2508 Mandan Terrace' are matched 

2024-02-06 16:33:54 - [MESSAGE][PASSED] - Actual text '2508 Mandan Terrace' and expected text '2508 Mandan Terrace' are matched 

2024-02-06 16:33:54 - [TEST_STEP][PASSED] - AL2 = getAttribute(findTestObject("Object Repository/RAD_Pages/PaymentEntry_Page/input_billingAddress2"), "value"): Attribute 'value' of object 'Object Repository/RAD_Pages/PaymentEntry_Page/input_billingAddress2' is: ''

2024-02-06 16:33:54 - [MESSAGE][PASSED] - Attribute 'value' of object 'Object Repository/RAD_Pages/PaymentEntry_Page/input_billingAddress2' is: ''

2024-02-06 16:33:54 - [TEST_STEP][PASSED] - verifyMatch("", AL2, false): Actual text '' and expected text '' are matched 

2024-02-06 16:33:54 - [MESSAGE][PASSED] - Actual text '' and expected text '' are matched 

2024-02-06 16:33:54 - [TEST_STEP][PASSED] - zipCode = getAttribute(findTestObject("Object Repository/RAD_Pages/PaymentEntry_Page/input_billingZip"), "value"): Attribute 'value' of object 'Object Repository/RAD_Pages/PaymentEntry_Page/input_billingZip' is: '21054'

2024-02-06 16:33:54 - [MESSAGE][PASSED] - Attribute 'value' of object 'Object Repository/RAD_Pages/PaymentEntry_Page/input_billingZip' is: '21054'

2024-02-06 16:33:54 - [TEST_STEP][PASSED] - verifyMatch("21054", zipCode, false): Actual text '21054' and expected text '21054' are matched 

2024-02-06 16:33:54 - [MESSAGE][PASSED] - Actual text '21054' and expected text '21054' are matched 

2024-02-06 16:33:54 - [TEST_STEP][PASSED] - city = getAttribute(findTestObject("Object Repository/RAD_Pages/PaymentEntry_Page/input_billingCity"), "value"): Attribute 'value' of object 'Object Repository/RAD_Pages/PaymentEntry_Page/input_billingCity' is: 'GAMBRILLS'

2024-02-06 16:33:55 - [MESSAGE][PASSED] - Attribute 'value' of object 'Object Repository/RAD_Pages/PaymentEntry_Page/input_billingCity' is: 'GAMBRILLS'

2024-02-06 16:33:55 - [TEST_STEP][PASSED] - verifyMatch("GAMBRILLS", city, false): Actual text 'GAMBRILLS' and expected text 'GAMBRILLS' are matched 

2024-02-06 16:33:55 - [MESSAGE][PASSED] - Actual text 'GAMBRILLS' and expected text 'GAMBRILLS' are matched 

2024-02-06 16:33:55 - [TEST_STEP][PASSED] - email = getAttribute(findTestObject("Object Repository/RAD_Pages/PaymentEntry_Page/input_emailAddress"), "value"): Attribute 'value' of object 'Object Repository/RAD_Pages/PaymentEntry_Page/input_emailAddress' is: 'iahmed@govolution.com'

2024-02-06 16:33:55 - [MESSAGE][PASSED] - Attribute 'value' of object 'Object Repository/RAD_Pages/PaymentEntry_Page/input_emailAddress' is: 'iahmed@govolution.com'

2024-02-06 16:33:55 - [TEST_STEP][PASSED] - verifyMatch("iahmed@govolution.com", email, false): Actual text 'iahmed@govolution.com' and expected text 'iahmed@govolution.com' are matched 

2024-02-06 16:33:55 - [MESSAGE][PASSED] - Actual text 'iahmed@govolution.com' and expected text 'iahmed@govolution.com' are matched 

2024-02-06 16:33:55 - [TEST_STEP][PASSED] - amount = getAttribute(findTestObject("Object Repository/RAD_Pages/PaymentEntry_Page/input_amount"), "value"): Attribute 'value' of object 'Object Repository/RAD_Pages/PaymentEntry_Page/input_amount' is: '10.00'

2024-02-06 16:33:55 - [MESSAGE][PASSED] - Attribute 'value' of object 'Object Repository/RAD_Pages/PaymentEntry_Page/input_amount' is: '10.00'

2024-02-06 16:33:55 - [TEST_STEP][PASSED] - verifyMatch("10.00", amount, false): Actual text '10.00' and expected text '10.00' are matched 

2024-02-06 16:33:55 - [MESSAGE][PASSED] - Actual text '10.00' and expected text '10.00' are matched 

2024-02-06 16:33:55 - [TEST_STEP][PASSED] - amountReadOnly = getAttribute(findTestObject("Object Repository/RAD_Pages/PaymentEntry_Page/input_amount"), "readonly"): Attribute 'readonly' of object 'Object Repository/RAD_Pages/PaymentEntry_Page/input_amount' is: 'true'

2024-02-06 16:33:56 - [MESSAGE][PASSED] - Attribute 'readonly' of object 'Object Repository/RAD_Pages/PaymentEntry_Page/input_amount' is: 'true'

2024-02-06 16:33:56 - [TEST_STEP][PASSED] - verifyMatch("true", amountReadOnly, false): Actual text 'true' and expected text 'true' are matched 

2024-02-06 16:33:56 - [MESSAGE][PASSED] - Actual text 'true' and expected text 'true' are matched 

2024-02-06 16:33:56 - [TEST_STEP][PASSED] - verifyOptionSelectedByLabel(findTestObject("Object Repository/RAD_Pages/PaymentEntry_Page/select_Country"), "United States", false, 20): All options with label 'United States' are selected in object 'Object Repository/RAD_Pages/PaymentEntry_Page/select_Country' 

2024-02-06 16:33:57 - [MESSAGE][PASSED] - All options with label 'United States' are selected in object 'Object Repository/RAD_Pages/PaymentEntry_Page/select_Country' 

2024-02-06 16:33:57 - [TEST_STEP][PASSED] - verifyOptionSelectedByLabel(findTestObject("Object Repository/RAD_Pages/PaymentEntry_Page/select_State"), "Maryland", false, 20): All options with label 'Maryland' are selected in object 'Object Repository/RAD_Pages/PaymentEntry_Page/select_State' 

2024-02-06 16:33:59 - [MESSAGE][PASSED] - All options with label 'Maryland' are selected in object 'Object Repository/RAD_Pages/PaymentEntry_Page/select_State' 

2024-02-06 16:33:59 - [TEST_STEP][PASSED] - setText(findTestObject(orPath_PaymentEntry + "/input__cardNumber"), "4111111111111111"): Text '4111111111111111' is set on object 'Object Repository/RAD_Pages/PaymentEntry_Page/input__cardNumber'

2024-02-06 16:34:00 - [MESSAGE][PASSED] - Text '4111111111111111' is set on object 'Object Repository/RAD_Pages/PaymentEntry_Page/input__cardNumber'

2024-02-06 16:34:00 - [TEST_STEP][PASSED] - setText(findTestObject(orPath_PaymentEntry + "/input__spc"), "123"): Text '123' is set on object 'Object Repository/RAD_Pages/PaymentEntry_Page/input__spc'

2024-02-06 16:34:01 - [MESSAGE][PASSED] - Text '123' is set on object 'Object Repository/RAD_Pages/PaymentEntry_Page/input__spc'

2024-02-06 16:34:01 - [TEST_STEP][PASSED] - selectOptionByLabel(findTestObject(orPath_PaymentEntry + "/select_MM"), "12", false): All options with label '12' are selected in object 'Object Repository/RAD_Pages/PaymentEntry_Page/select_MM' 

2024-02-06 16:34:02 - [MESSAGE][PASSED] - All options with label '12' are selected in object 'Object Repository/RAD_Pages/PaymentEntry_Page/select_MM' 

2024-02-06 16:34:02 - [TEST_STEP][PASSED] - selectOptionByLabel(findTestObject(orPath_PaymentEntry + "/select_YYYY"), "2028", false): All options with label '2028' are selected in object 'Object Repository/RAD_Pages/PaymentEntry_Page/select_YYYY' 

2024-02-06 16:34:02 - [MESSAGE][PASSED] - All options with label '2028' are selected in object 'Object Repository/RAD_Pages/PaymentEntry_Page/select_YYYY' 

2024-02-06 16:34:02 - [TEST_STEP][PASSED] - click(findTestObject(orPath_PaymentEntry + "/input_Field_ccSubmit")): Object: 'Object Repository/RAD_Pages/PaymentEntry_Page/input_Field_ccSubmit' is clicked on

2024-02-06 16:34:05 - [MESSAGE][PASSED] - Object: 'Object Repository/RAD_Pages/PaymentEntry_Page/input_Field_ccSubmit' is clicked on

2024-02-06 16:34:05 - [TEST_STEP][PASSED] - click(findTestObject(orPath_PaymentConfirmation + "/input_N_confirmNotifyAction")): Object: 'Object Repository/RAD_Pages/PaymentConfirmation_Page/input_N_confirmNotifyAction' is clicked on

2024-02-06 16:34:06 - [MESSAGE][PASSED] - Object: 'Object Repository/RAD_Pages/PaymentConfirmation_Page/input_N_confirmNotifyAction' is clicked on

2024-02-06 16:34:06 - [TEST_STEP][PASSED] - verifyTextPresent("Service Fee Acceptance", true): Text 'Service Fee Acceptance' is present on page  using regular expression

2024-02-06 16:34:07 - [MESSAGE][PASSED] - Text 'Service Fee Acceptance' is present on page  using regular expression

2024-02-06 16:34:07 - [TEST_STEP][PASSED] - verifyTextPresent("This transaction is subject to a Service Fee of ", true): Text 'This transaction is subject to a Service Fee of ' is present on page  using regular expression

2024-02-06 16:34:07 - [MESSAGE][PASSED] - Text 'This transaction is subject to a Service Fee of ' is present on page  using regular expression

2024-02-06 16:34:07 - [TEST_STEP][PASSED] - verifyTextPresent("Payment Amount:", true): Text 'Payment Amount:' is present on page  using regular expression

2024-02-06 16:34:07 - [MESSAGE][PASSED] - Text 'Payment Amount:' is present on page  using regular expression

2024-02-06 16:34:07 - [TEST_STEP][PASSED] - verifyTextPresent("10.00", true): Text '10.00' is present on page  using regular expression

2024-02-06 16:34:08 - [MESSAGE][PASSED] - Text '10.00' is present on page  using regular expression

2024-02-06 16:34:08 - [TEST_STEP][PASSED] - verifyTextPresent("Service Fee:", true): Text 'Service Fee:' is present on page  using regular expression

2024-02-06 16:34:08 - [MESSAGE][PASSED] - Text 'Service Fee:' is present on page  using regular expression

2024-02-06 16:34:08 - [TEST_STEP][PASSED] - verifyTextPresent("1.00", true): Text '1.00' is present on page  using regular expression

2024-02-06 16:34:08 - [MESSAGE][PASSED] - Text '1.00' is present on page  using regular expression

2024-02-06 16:34:08 - [TEST_STEP][PASSED] - verifyTextPresent("Total Amount:", true): Text 'Total Amount:' is present on page  using regular expression

2024-02-06 16:34:08 - [MESSAGE][PASSED] - Text 'Total Amount:' is present on page  using regular expression

2024-02-06 16:34:08 - [TEST_STEP][PASSED] - verifyTextPresent("11.00", true): Text '11.00' is present on page  using regular expression

2024-02-06 16:34:09 - [MESSAGE][PASSED] - Text '11.00' is present on page  using regular expression

2024-02-06 16:34:09 - [TEST_STEP][PASSED] - verifyTextPresent("Two transactions will appear on your bank statement, one in the amount of", true): Text 'Two transactions will appear on your bank statement, one in the amount of' is present on page  using regular expression

2024-02-06 16:34:09 - [MESSAGE][PASSED] - Text 'Two transactions will appear on your bank statement, one in the amount of' is present on page  using regular expression

2024-02-06 16:34:09 - [TEST_STEP][PASSED] - if (verifyElementPresent(findTestObject(orPath_ServiceFeesAccept + "/input_convFeeNotifyAction"), 30)): null

2024-02-06 16:34:09 - [MESSAGE][PASSED] - Object 'Object Repository/RAD_Pages/ServiceFeeAccept_Page/input_convFeeNotifyAction' is present

2024-02-06 16:34:09 - [TEST_STEP][PASSED] - resText = "Pass": null

2024-02-06 16:34:09 - [TEST_STEP][PASSED] - pages.WriteExcel.demoKey(resText, datText, resColumn, datCloumn, fileLoc, nameSheet, row): pages.WriteExcel.demoKey is PASSED

2024-02-06 16:34:09 - [MESSAGE][PASSED] - pages.WriteExcel.demoKey is PASSED

2024-02-06 16:34:09 - [TEST_STEP][PASSED] - if (execProfile == "QAProfile" || execProfile == "QA2Profile"): Text 'Successful Payment Receipt' is present on page  using regular expression

2024-02-06 16:34:09 - [TEST_STEP][PASSED] - click(findTestObject(orPath_ServiceFeesAccept + "/input_convFeeNotifyAction")): Object: 'Object Repository/RAD_Pages/ServiceFeeAccept_Page/input_convFeeNotifyAction' is clicked on

2024-02-06 16:34:11 - [MESSAGE][PASSED] - Object: 'Object Repository/RAD_Pages/ServiceFeeAccept_Page/input_convFeeNotifyAction' is clicked on

2024-02-06 16:34:11 - [TEST_STEP][PASSED] - delay(10): Delayed 10 second(s)

2024-02-06 16:34:21 - [MESSAGE][PASSED] - Delayed 10 second(s)

2024-02-06 16:34:21 - [TEST_STEP][PASSED] - verifyTextPresent("Successful Payment Receipt", true): Text 'Successful Payment Receipt' is present on page  using regular expression

2024-02-06 16:34:21 - [MESSAGE][PASSED] - Text 'Successful Payment Receipt' is present on page  using regular expression

2024-02-06 16:34:21 - [TEST_STEP][PASSED] - ExecuteTC = findTestData(dataFile).getValue("Execute", row): null

2024-02-06 16:34:21 - [TEST_STEP][PASSED] - TaxType = findTestData(dataFile).getValue("TaxType", row): null

2024-02-06 16:34:22 - [TEST_STEP][PASSED] - PaymentType = findTestData(dataFile).getValue("PaymentType", row): null

2024-02-06 16:34:22 - [TEST_STEP][PASSED] - feinSsn = findTestData(dataFile).getValue("FEINSSN", row): null

2024-02-06 16:34:22 - [TEST_STEP][PASSED] - if (ExecuteTC.equalsIgnoreCase("Y")): null

2024-02-06 16:34:22 - [TEST_STEP][PASSED] - out.println("Begin Record Number: " + row): null

2024-02-06 16:34:22 - [TEST_STEP][PASSED] - today = new java.util.Date(): null

2024-02-06 16:34:22 - [TEST_STEP][PASSED] - println(today): null

2024-02-06 16:34:22 - [TEST_STEP][PASSED] - datText = today: null

2024-02-06 16:34:22 - [TEST_STEP][PASSED] - logInfo("Payment Type: Existing Liability w/Notice Number"): Payment Type: Existing Liability w/Notice Number

2024-02-06 16:34:22 - [MESSAGE][INFO] - Payment Type: Existing Liability w/Notice Number

2024-02-06 16:34:22 - [TEST_STEP][PASSED] - logInfo("Tax Type: " + TaxType): Tax Type: PTE Tax Electing S Corp

2024-02-06 16:34:22 - [MESSAGE][INFO] - Tax Type: PTE Tax Electing S Corp

2024-02-06 16:34:22 - [TEST_STEP][PASSED] - openBrowser(""): Browser is opened with url: ''

2024-02-06 16:34:22 - [MESSAGE][WARNING] - A browser is already opened. Closing browser and opening a new one

2024-02-06 16:34:23 - [MESSAGE][INFO] - Starting 'Chrome' driver

2024-02-06 16:34:23 - [MESSAGE][INFO] - User set preference: ['acceptInsecureCerts', 'true']

2024-02-06 16:34:23 - [MESSAGE][INFO] - Action delay is set to 0 milliseconds

2024-02-06 16:34:24 - [MESSAGE][PASSED] - Browser is opened with url: ''

2024-02-06 16:34:24 - [TEST_STEP][PASSED] - maximizeWindow(): Current window maximized

2024-02-06 16:34:25 - [MESSAGE][PASSED] - Current window maximized

2024-02-06 16:34:25 - [TEST_STEP][PASSED] - navigateToUrl(RADurl): Navigate to 'https://qa2.velocitypayment.com/client/rad/index.html' successfully

2024-02-06 16:34:26 - [MESSAGE][PASSED] - Navigate to 'https://qa2.velocitypayment.com/client/rad/index.html' successfully

2024-02-06 16:34:26 - [TEST_STEP][PASSED] - selectOptionByLabel(findTestObject(orPath_Landing + "/dd_TaxType"), "Existing Liability w/Notice Number", false): All options with label 'Existing Liability w/Notice Number' are selected in object 'Object Repository/RAD_Pages/Landing_Page/dd_TaxType' 

2024-02-06 16:34:27 - [MESSAGE][PASSED] - All options with label 'Existing Liability w/Notice Number' are selected in object 'Object Repository/RAD_Pages/Landing_Page/dd_TaxType' 

2024-02-06 16:34:27 - [TEST_STEP][PASSED] - selectOptionByLabel(findTestObject(orPath_TaxTypeFilingYear + "/select_TaxType_ExistingLiability"), TaxType, false): All options with label 'PTE Tax Electing S Corp' are selected in object 'Object Repository/RAD_Pages/TaxTypeFilingYear_Page/select_TaxType_ExistingLiability' 

2024-02-06 16:34:28 - [MESSAGE][PASSED] - All options with label 'PTE Tax Electing S Corp' are selected in object 'Object Repository/RAD_Pages/TaxTypeFilingYear_Page/select_TaxType_ExistingLiability' 

2024-02-06 16:34:28 - [TEST_STEP][PASSED] - rad.getSetDataRAD.setDataRADBusinessName(): rad.getSetDataRAD.setDataRADBusinessName is PASSED

2024-02-06 16:34:29 - [MESSAGE][PASSED] - Text 'My Company' is set on object 'Object Repository/RAD_Pages/Taxpayer_Page/input_businessName'

2024-02-06 16:34:29 - [MESSAGE][PASSED] - rad.getSetDataRAD.setDataRADBusinessName is PASSED

2024-02-06 16:34:29 - [TEST_STEP][PASSED] - rad.getSetDataRAD.setDataRADBusinessRep(): rad.getSetDataRAD.setDataRADBusinessRep is PASSED

2024-02-06 16:34:29 - [MESSAGE][PASSED] - Text 'BusRepFname' is set on object 'Object Repository/RAD_Pages/Taxpayer_Page/input_BusinessRepfirstName'

2024-02-06 16:34:30 - [MESSAGE][PASSED] - Text '' is set on object 'Object Repository/RAD_Pages/Taxpayer_Page/input_BusinessRepmiddleName'

2024-02-06 16:34:31 - [MESSAGE][PASSED] - Text 'BusRepLname' is set on object 'Object Repository/RAD_Pages/Taxpayer_Page/input_BusinessReplastName'

2024-02-06 16:34:32 - [MESSAGE][PASSED] - Text '' is set on object 'Object Repository/RAD_Pages/Taxpayer_Page/input_BusinessRepsuffix'

2024-02-06 16:34:32 - [MESSAGE][PASSED] - rad.getSetDataRAD.setDataRADBusinessRep is PASSED

2024-02-06 16:34:32 - [TEST_STEP][PASSED] - rad.getSetDataRAD.setDataRADAddress(): rad.getSetDataRAD.setDataRADAddress is PASSED

2024-02-06 16:34:33 - [MESSAGE][PASSED] - All options with label 'United States' are selected in object 'Object Repository/RAD_Pages/AddressAndContactInfo_Page/select_Country' 

2024-02-06 16:34:33 - [MESSAGE][PASSED] - Text '2508 Mandan Terrace' is set on object 'Object Repository/RAD_Pages/AddressAndContactInfo_Page/input_streetAddress1'

2024-02-06 16:34:34 - [MESSAGE][PASSED] - Text '' is set on object 'Object Repository/RAD_Pages/AddressAndContactInfo_Page/input_streetAddress2'

2024-02-06 16:34:35 - [MESSAGE][PASSED] - Text 'Gambrills' is set on object 'Object Repository/RAD_Pages/AddressAndContactInfo_Page/input_city'

2024-02-06 16:34:35 - [MESSAGE][PASSED] - All options with label 'Maryland' are selected in object 'Object Repository/RAD_Pages/AddressAndContactInfo_Page/select_State' 

2024-02-06 16:34:36 - [MESSAGE][PASSED] - Text '21054' is set on object 'Object Repository/RAD_Pages/AddressAndContactInfo_Page/input_zipCode'

2024-02-06 16:34:37 - [MESSAGE][PASSED] - Text '(703) 894-5000' is set on object 'Object Repository/RAD_Pages/AddressAndContactInfo_Page/input_phoneNumber'

2024-02-06 16:34:38 - [MESSAGE][PASSED] - Text 'iahmed@govolution.com' is set on object 'Object Repository/RAD_Pages/AddressAndContactInfo_Page/input_eMailAddress'

2024-02-06 16:34:38 - [MESSAGE][PASSED] - Text 'iahmed@govolution.com' is set on object 'Object Repository/RAD_Pages/AddressAndContactInfo_Page/input_reEnterEMailAddress'

2024-02-06 16:34:38 - [MESSAGE][PASSED] - rad.getSetDataRAD.setDataRADAddress is PASSED

2024-02-06 16:34:38 - [TEST_STEP][PASSED] - if (feinSsn.equalsIgnoreCase("Y")): Text ****** has been set on object 'Object Repository/RAD_Pages/TaxInfo_Page/input_TaxInfo_RetypefeinSsn_Existing_New'

2024-02-06 16:34:38 - [TEST_STEP][PASSED] - setEncryptedText(findTestObject(orPath_TaxInfo + "/input_TaxInfo_feinSsn_Existing_New"), "RigbBhfdqODKcAsiUrg+1Q=="): Text ****** has been set on object 'Object Repository/RAD_Pages/TaxInfo_Page/input_TaxInfo_feinSsn_Existing_New'

2024-02-06 16:34:39 - [MESSAGE][PASSED] - Text ****** has been set on object 'Object Repository/RAD_Pages/TaxInfo_Page/input_TaxInfo_feinSsn_Existing_New'

2024-02-06 16:34:39 - [TEST_STEP][PASSED] - setEncryptedText(findTestObject(orPath_TaxInfo + "/input_TaxInfo_RetypefeinSsn_Existing_New"), "RigbBhfdqODKcAsiUrg+1Q=="): Text ****** has been set on object 'Object Repository/RAD_Pages/TaxInfo_Page/input_TaxInfo_RetypefeinSsn_Existing_New'

2024-02-06 16:34:40 - [MESSAGE][PASSED] - Text ****** has been set on object 'Object Repository/RAD_Pages/TaxInfo_Page/input_TaxInfo_RetypefeinSsn_Existing_New'

2024-02-06 16:34:40 - [TEST_STEP][PASSED] - rad.getSetDataRAD.setDataRADNoticeInvoiceThirteen(): rad.getSetDataRAD.setDataRADNoticeInvoiceThirteen is PASSED

2024-02-06 16:34:41 - [MESSAGE][PASSED] - Text '1234567890123' is set on object 'Object Repository/RAD_Pages/TaxInfo_Page/input_NoticeInvoiceNumber'

2024-02-06 16:34:42 - [MESSAGE][PASSED] - Text '1234567890123' is set on object 'Object Repository/RAD_Pages/TaxInfo_Page/input_reTypeNoticeInvoiceNumber'

2024-02-06 16:34:42 - [MESSAGE][PASSED] - rad.getSetDataRAD.setDataRADNoticeInvoiceThirteen is PASSED

2024-02-06 16:34:42 - [TEST_STEP][PASSED] - switch (TaxType): null

2024-02-06 16:34:42 - [TEST_STEP][PASSED] - if (TaxType.equalsIgnoreCase("Estate Tax")): null

2024-02-06 16:34:42 - [TEST_STEP][PASSED] - setText(findTestObject(orPath_Amount + "/input__paymentAmount"), "10.00"): Text '10.00' is set on object 'Object Repository/RAD_Pages/PaymentAmount_Page/input__paymentAmount'

2024-02-06 16:34:42 - [MESSAGE][PASSED] - Text '10.00' is set on object 'Object Repository/RAD_Pages/PaymentAmount_Page/input__paymentAmount'

2024-02-06 16:34:42 - [TEST_STEP][PASSED] - setText(findTestObject(orPath_AddressContact + "/input_streetAddress2"), ""): Text '' is set on object 'Object Repository/RAD_Pages/AddressAndContactInfo_Page/input_streetAddress2'

2024-02-06 16:34:43 - [MESSAGE][PASSED] - Text '' is set on object 'Object Repository/RAD_Pages/AddressAndContactInfo_Page/input_streetAddress2'

2024-02-06 16:34:43 - [TEST_STEP][PASSED] - scrollToElement(findTestObject(orPath_Landing + "/button_Continue"), 3): Scroll to object 'Object Repository/RAD_Pages/Landing_Page/button_Continue' successfully

2024-02-06 16:34:44 - [MESSAGE][PASSED] - Scroll to object 'Object Repository/RAD_Pages/Landing_Page/button_Continue' successfully

2024-02-06 16:34:44 - [TEST_STEP][PASSED] - waitForElementClickable(findTestObject(orPath_Landing + "/button_Continue"), 5): Object 'Object Repository/RAD_Pages/Landing_Page/button_Continue' is clickable

2024-02-06 16:34:44 - [MESSAGE][PASSED] - Object 'Object Repository/RAD_Pages/Landing_Page/button_Continue' is clickable

2024-02-06 16:34:44 - [TEST_STEP][PASSED] - click(findTestObject(orPath_Landing + "/button_Continue")): Object: 'Object Repository/RAD_Pages/Landing_Page/button_Continue' is clicked on

2024-02-06 16:34:45 - [MESSAGE][PASSED] - Object: 'Object Repository/RAD_Pages/Landing_Page/button_Continue' is clicked on

2024-02-06 16:34:45 - [TEST_STEP][PASSED] - delay(2): Delayed 2 second(s)

2024-02-06 16:34:47 - [MESSAGE][PASSED] - Delayed 2 second(s)

2024-02-06 16:34:47 - [TEST_STEP][PASSED] - click(findTestObject(orPath_Summary + "/button_Proceed to Payment")): Object: 'Object Repository/RAD_Pages/Summary_Page/button_Proceed to Payment' is clicked on

2024-02-06 16:34:49 - [MESSAGE][PASSED] - Object: 'Object Repository/RAD_Pages/Summary_Page/button_Proceed to Payment' is clicked on

2024-02-06 16:34:49 - [TEST_STEP][PASSED] - if (verifyElementPresent(findTestObject("Object Repository/RAD_Pages/PaymentEntry_Page/input__billingName"), 30)): null

2024-02-06 16:34:49 - [MESSAGE][PASSED] - Object 'Object Repository/RAD_Pages/PaymentEntry_Page/input__billingName' is present

2024-02-06 16:34:49 - [TEST_STEP][PASSED] - verifyTextPresent("Payment Information", true): Text 'Payment Information' is present on page  using regular expression

2024-02-06 16:34:49 - [MESSAGE][PASSED] - Text 'Payment Information' is present on page  using regular expression

2024-02-06 16:34:49 - [TEST_STEP][PASSED] - card_Name = getAttribute(findTestObject("Object Repository/RAD_Pages/PaymentEntry_Page/input__billingName"), "value"): Attribute 'value' of object 'Object Repository/RAD_Pages/PaymentEntry_Page/input__billingName' is: 'BusRepFname BusRepLname'

2024-02-06 16:34:50 - [MESSAGE][PASSED] - Attribute 'value' of object 'Object Repository/RAD_Pages/PaymentEntry_Page/input__billingName' is: 'BusRepFname BusRepLname'

2024-02-06 16:34:50 - [TEST_STEP][PASSED] - verifyMatch("BusRepFname BusRepLname", card_Name, false): Actual text 'BusRepFname BusRepLname' and expected text 'BusRepFname BusRepLname' are matched 

2024-02-06 16:34:50 - [MESSAGE][PASSED] - Actual text 'BusRepFname BusRepLname' and expected text 'BusRepFname BusRepLname' are matched 

2024-02-06 16:34:50 - [TEST_STEP][PASSED] - AL1 = getAttribute(findTestObject("Object Repository/RAD_Pages/PaymentEntry_Page/input_billingAddress"), "value"): Attribute 'value' of object 'Object Repository/RAD_Pages/PaymentEntry_Page/input_billingAddress' is: '2508 Mandan Terrace'

2024-02-06 16:34:50 - [MESSAGE][PASSED] - Attribute 'value' of object 'Object Repository/RAD_Pages/PaymentEntry_Page/input_billingAddress' is: '2508 Mandan Terrace'

2024-02-06 16:34:50 - [TEST_STEP][PASSED] - verifyMatch("2508 Mandan Terrace", AL1, false): Actual text '2508 Mandan Terrace' and expected text '2508 Mandan Terrace' are matched 

2024-02-06 16:34:50 - [MESSAGE][PASSED] - Actual text '2508 Mandan Terrace' and expected text '2508 Mandan Terrace' are matched 

2024-02-06 16:34:50 - [TEST_STEP][PASSED] - AL2 = getAttribute(findTestObject("Object Repository/RAD_Pages/PaymentEntry_Page/input_billingAddress2"), "value"): Attribute 'value' of object 'Object Repository/RAD_Pages/PaymentEntry_Page/input_billingAddress2' is: ''

2024-02-06 16:34:50 - [MESSAGE][PASSED] - Attribute 'value' of object 'Object Repository/RAD_Pages/PaymentEntry_Page/input_billingAddress2' is: ''

2024-02-06 16:34:50 - [TEST_STEP][PASSED] - verifyMatch("", AL2, false): Actual text '' and expected text '' are matched 

2024-02-06 16:34:50 - [MESSAGE][PASSED] - Actual text '' and expected text '' are matched 

2024-02-06 16:34:50 - [TEST_STEP][PASSED] - zipCode = getAttribute(findTestObject("Object Repository/RAD_Pages/PaymentEntry_Page/input_billingZip"), "value"): Attribute 'value' of object 'Object Repository/RAD_Pages/PaymentEntry_Page/input_billingZip' is: '21054'

2024-02-06 16:34:51 - [MESSAGE][PASSED] - Attribute 'value' of object 'Object Repository/RAD_Pages/PaymentEntry_Page/input_billingZip' is: '21054'

2024-02-06 16:34:51 - [TEST_STEP][PASSED] - verifyMatch("21054", zipCode, false): Actual text '21054' and expected text '21054' are matched 

2024-02-06 16:34:51 - [MESSAGE][PASSED] - Actual text '21054' and expected text '21054' are matched 

2024-02-06 16:34:51 - [TEST_STEP][PASSED] - city = getAttribute(findTestObject("Object Repository/RAD_Pages/PaymentEntry_Page/input_billingCity"), "value"): Attribute 'value' of object 'Object Repository/RAD_Pages/PaymentEntry_Page/input_billingCity' is: 'GAMBRILLS'

2024-02-06 16:34:51 - [MESSAGE][PASSED] - Attribute 'value' of object 'Object Repository/RAD_Pages/PaymentEntry_Page/input_billingCity' is: 'GAMBRILLS'

2024-02-06 16:34:51 - [TEST_STEP][PASSED] - verifyMatch("GAMBRILLS", city, false): Actual text 'GAMBRILLS' and expected text 'GAMBRILLS' are matched 

2024-02-06 16:34:51 - [MESSAGE][PASSED] - Actual text 'GAMBRILLS' and expected text 'GAMBRILLS' are matched 

2024-02-06 16:34:51 - [TEST_STEP][PASSED] - email = getAttribute(findTestObject("Object Repository/RAD_Pages/PaymentEntry_Page/input_emailAddress"), "value"): Attribute 'value' of object 'Object Repository/RAD_Pages/PaymentEntry_Page/input_emailAddress' is: 'iahmed@govolution.com'

2024-02-06 16:34:51 - [MESSAGE][PASSED] - Attribute 'value' of object 'Object Repository/RAD_Pages/PaymentEntry_Page/input_emailAddress' is: 'iahmed@govolution.com'

2024-02-06 16:34:51 - [TEST_STEP][PASSED] - verifyMatch("iahmed@govolution.com", email, false): Actual text 'iahmed@govolution.com' and expected text 'iahmed@govolution.com' are matched 

2024-02-06 16:34:51 - [MESSAGE][PASSED] - Actual text 'iahmed@govolution.com' and expected text 'iahmed@govolution.com' are matched 

2024-02-06 16:34:51 - [TEST_STEP][PASSED] - amount = getAttribute(findTestObject("Object Repository/RAD_Pages/PaymentEntry_Page/input_amount"), "value"): Attribute 'value' of object 'Object Repository/RAD_Pages/PaymentEntry_Page/input_amount' is: '10.00'

2024-02-06 16:34:52 - [MESSAGE][PASSED] - Attribute 'value' of object 'Object Repository/RAD_Pages/PaymentEntry_Page/input_amount' is: '10.00'

2024-02-06 16:34:52 - [TEST_STEP][PASSED] - verifyMatch("10.00", amount, false): Actual text '10.00' and expected text '10.00' are matched 

2024-02-06 16:34:52 - [MESSAGE][PASSED] - Actual text '10.00' and expected text '10.00' are matched 

2024-02-06 16:34:52 - [TEST_STEP][PASSED] - amountReadOnly = getAttribute(findTestObject("Object Repository/RAD_Pages/PaymentEntry_Page/input_amount"), "readonly"): Attribute 'readonly' of object 'Object Repository/RAD_Pages/PaymentEntry_Page/input_amount' is: 'true'

2024-02-06 16:34:52 - [MESSAGE][PASSED] - Attribute 'readonly' of object 'Object Repository/RAD_Pages/PaymentEntry_Page/input_amount' is: 'true'

2024-02-06 16:34:52 - [TEST_STEP][PASSED] - verifyMatch("true", amountReadOnly, false): Actual text 'true' and expected text 'true' are matched 

2024-02-06 16:34:52 - [MESSAGE][PASSED] - Actual text 'true' and expected text 'true' are matched 

2024-02-06 16:34:52 - [TEST_STEP][PASSED] - verifyOptionSelectedByLabel(findTestObject("Object Repository/RAD_Pages/PaymentEntry_Page/select_Country"), "United States", false, 20): All options with label 'United States' are selected in object 'Object Repository/RAD_Pages/PaymentEntry_Page/select_Country' 

2024-02-06 16:34:53 - [MESSAGE][PASSED] - All options with label 'United States' are selected in object 'Object Repository/RAD_Pages/PaymentEntry_Page/select_Country' 

2024-02-06 16:34:53 - [TEST_STEP][PASSED] - verifyOptionSelectedByLabel(findTestObject("Object Repository/RAD_Pages/PaymentEntry_Page/select_State"), "Maryland", false, 20): All options with label 'Maryland' are selected in object 'Object Repository/RAD_Pages/PaymentEntry_Page/select_State' 

2024-02-06 16:34:56 - [MESSAGE][PASSED] - All options with label 'Maryland' are selected in object 'Object Repository/RAD_Pages/PaymentEntry_Page/select_State' 

2024-02-06 16:34:56 - [TEST_STEP][PASSED] - setText(findTestObject(orPath_PaymentEntry + "/input__cardNumber"), "4111111111111111"): Text '4111111111111111' is set on object 'Object Repository/RAD_Pages/PaymentEntry_Page/input__cardNumber'

2024-02-06 16:34:56 - [MESSAGE][PASSED] - Text '4111111111111111' is set on object 'Object Repository/RAD_Pages/PaymentEntry_Page/input__cardNumber'

2024-02-06 16:34:56 - [TEST_STEP][PASSED] - setText(findTestObject(orPath_PaymentEntry + "/input__spc"), "123"): Text '123' is set on object 'Object Repository/RAD_Pages/PaymentEntry_Page/input__spc'

2024-02-06 16:34:57 - [MESSAGE][PASSED] - Text '123' is set on object 'Object Repository/RAD_Pages/PaymentEntry_Page/input__spc'

2024-02-06 16:34:57 - [TEST_STEP][PASSED] - selectOptionByLabel(findTestObject(orPath_PaymentEntry + "/select_MM"), "12", false): All options with label '12' are selected in object 'Object Repository/RAD_Pages/PaymentEntry_Page/select_MM' 

2024-02-06 16:34:58 - [MESSAGE][PASSED] - All options with label '12' are selected in object 'Object Repository/RAD_Pages/PaymentEntry_Page/select_MM' 

2024-02-06 16:34:58 - [TEST_STEP][PASSED] - selectOptionByLabel(findTestObject(orPath_PaymentEntry + "/select_YYYY"), "2028", false): All options with label '2028' are selected in object 'Object Repository/RAD_Pages/PaymentEntry_Page/select_YYYY' 

2024-02-06 16:34:58 - [MESSAGE][PASSED] - All options with label '2028' are selected in object 'Object Repository/RAD_Pages/PaymentEntry_Page/select_YYYY' 

2024-02-06 16:34:58 - [TEST_STEP][PASSED] - click(findTestObject(orPath_PaymentEntry + "/input_Field_ccSubmit")): Object: 'Object Repository/RAD_Pages/PaymentEntry_Page/input_Field_ccSubmit' is clicked on

2024-02-06 16:34:59 - [MESSAGE][PASSED] - Object: 'Object Repository/RAD_Pages/PaymentEntry_Page/input_Field_ccSubmit' is clicked on

2024-02-06 16:34:59 - [TEST_STEP][PASSED] - click(findTestObject(orPath_PaymentConfirmation + "/input_N_confirmNotifyAction")): Object: 'Object Repository/RAD_Pages/PaymentConfirmation_Page/input_N_confirmNotifyAction' is clicked on

2024-02-06 16:35:01 - [MESSAGE][PASSED] - Object: 'Object Repository/RAD_Pages/PaymentConfirmation_Page/input_N_confirmNotifyAction' is clicked on

2024-02-06 16:35:01 - [TEST_STEP][PASSED] - verifyTextPresent("Service Fee Acceptance", true): Text 'Service Fee Acceptance' is present on page  using regular expression

2024-02-06 16:35:01 - [MESSAGE][PASSED] - Text 'Service Fee Acceptance' is present on page  using regular expression

2024-02-06 16:35:01 - [TEST_STEP][PASSED] - verifyTextPresent("This transaction is subject to a Service Fee of ", true): Text 'This transaction is subject to a Service Fee of ' is present on page  using regular expression

2024-02-06 16:35:01 - [MESSAGE][PASSED] - Text 'This transaction is subject to a Service Fee of ' is present on page  using regular expression

2024-02-06 16:35:01 - [TEST_STEP][PASSED] - verifyTextPresent("Payment Amount:", true): Text 'Payment Amount:' is present on page  using regular expression

2024-02-06 16:35:02 - [MESSAGE][PASSED] - Text 'Payment Amount:' is present on page  using regular expression

2024-02-06 16:35:02 - [TEST_STEP][PASSED] - verifyTextPresent("10.00", true): Text '10.00' is present on page  using regular expression

2024-02-06 16:35:02 - [MESSAGE][PASSED] - Text '10.00' is present on page  using regular expression

2024-02-06 16:35:02 - [TEST_STEP][PASSED] - verifyTextPresent("Service Fee:", true): Text 'Service Fee:' is present on page  using regular expression

2024-02-06 16:35:02 - [MESSAGE][PASSED] - Text 'Service Fee:' is present on page  using regular expression

2024-02-06 16:35:02 - [TEST_STEP][PASSED] - verifyTextPresent("1.00", true): Text '1.00' is present on page  using regular expression

2024-02-06 16:35:02 - [MESSAGE][PASSED] - Text '1.00' is present on page  using regular expression

2024-02-06 16:35:02 - [TEST_STEP][PASSED] - verifyTextPresent("Total Amount:", true): Text 'Total Amount:' is present on page  using regular expression

2024-02-06 16:35:03 - [MESSAGE][PASSED] - Text 'Total Amount:' is present on page  using regular expression

2024-02-06 16:35:03 - [TEST_STEP][PASSED] - verifyTextPresent("11.00", true): Text '11.00' is present on page  using regular expression

2024-02-06 16:35:03 - [MESSAGE][PASSED] - Text '11.00' is present on page  using regular expression

2024-02-06 16:35:03 - [TEST_STEP][PASSED] - verifyTextPresent("Two transactions will appear on your bank statement, one in the amount of", true): Text 'Two transactions will appear on your bank statement, one in the amount of' is present on page  using regular expression

2024-02-06 16:35:03 - [MESSAGE][PASSED] - Text 'Two transactions will appear on your bank statement, one in the amount of' is present on page  using regular expression

2024-02-06 16:35:03 - [TEST_STEP][PASSED] - if (verifyElementPresent(findTestObject(orPath_ServiceFeesAccept + "/input_convFeeNotifyAction"), 30)): null

2024-02-06 16:35:04 - [MESSAGE][PASSED] - Object 'Object Repository/RAD_Pages/ServiceFeeAccept_Page/input_convFeeNotifyAction' is present

2024-02-06 16:35:04 - [TEST_STEP][PASSED] - resText = "Pass": null

2024-02-06 16:35:04 - [TEST_STEP][PASSED] - pages.WriteExcel.demoKey(resText, datText, resColumn, datCloumn, fileLoc, nameSheet, row): pages.WriteExcel.demoKey is PASSED

2024-02-06 16:35:04 - [MESSAGE][PASSED] - pages.WriteExcel.demoKey is PASSED

2024-02-06 16:35:04 - [TEST_STEP][PASSED] - if (execProfile == "QAProfile" || execProfile == "QA2Profile"): Text 'Successful Payment Receipt' is present on page  using regular expression

2024-02-06 16:35:04 - [TEST_STEP][PASSED] - click(findTestObject(orPath_ServiceFeesAccept + "/input_convFeeNotifyAction")): Object: 'Object Repository/RAD_Pages/ServiceFeeAccept_Page/input_convFeeNotifyAction' is clicked on

2024-02-06 16:35:05 - [MESSAGE][PASSED] - Object: 'Object Repository/RAD_Pages/ServiceFeeAccept_Page/input_convFeeNotifyAction' is clicked on

2024-02-06 16:35:05 - [TEST_STEP][PASSED] - delay(10): Delayed 10 second(s)

2024-02-06 16:35:15 - [MESSAGE][PASSED] - Delayed 10 second(s)

2024-02-06 16:35:15 - [TEST_STEP][PASSED] - verifyTextPresent("Successful Payment Receipt", true): Text 'Successful Payment Receipt' is present on page  using regular expression

2024-02-06 16:35:15 - [MESSAGE][PASSED] - Text 'Successful Payment Receipt' is present on page  using regular expression

2024-02-06 16:35:15 - [TEST_STEP][PASSED] - ExecuteTC = findTestData(dataFile).getValue("Execute", row): null

2024-02-06 16:35:15 - [TEST_STEP][PASSED] - TaxType = findTestData(dataFile).getValue("TaxType", row): null

2024-02-06 16:35:15 - [TEST_STEP][PASSED] - PaymentType = findTestData(dataFile).getValue("PaymentType", row): null

2024-02-06 16:35:15 - [TEST_STEP][PASSED] - feinSsn = findTestData(dataFile).getValue("FEINSSN", row): null

2024-02-06 16:35:16 - [TEST_STEP][PASSED] - if (ExecuteTC.equalsIgnoreCase("Y")): null

2024-02-06 16:35:16 - [TEST_STEP][PASSED] - out.println("Begin Record Number: " + row): null

2024-02-06 16:35:16 - [TEST_STEP][PASSED] - today = new java.util.Date(): null

2024-02-06 16:35:16 - [TEST_STEP][PASSED] - println(today): null

2024-02-06 16:35:16 - [TEST_STEP][PASSED] - datText = today: null

2024-02-06 16:35:16 - [TEST_STEP][PASSED] - logInfo("Payment Type: Existing Liability w/Notice Number"): Payment Type: Existing Liability w/Notice Number

2024-02-06 16:35:16 - [MESSAGE][INFO] - Payment Type: Existing Liability w/Notice Number

2024-02-06 16:35:16 - [TEST_STEP][PASSED] - logInfo("Tax Type: " + TaxType): Tax Type: Admissions and Amusement Tax

2024-02-06 16:35:16 - [MESSAGE][INFO] - Tax Type: Admissions and Amusement Tax

2024-02-06 16:35:16 - [TEST_STEP][PASSED] - openBrowser(""): Browser is opened with url: ''

2024-02-06 16:35:16 - [MESSAGE][WARNING] - A browser is already opened. Closing browser and opening a new one

2024-02-06 16:35:17 - [MESSAGE][INFO] - Starting 'Chrome' driver

2024-02-06 16:35:17 - [MESSAGE][INFO] - User set preference: ['acceptInsecureCerts', 'true']

2024-02-06 16:35:17 - [MESSAGE][INFO] - Action delay is set to 0 milliseconds

2024-02-06 16:35:18 - [MESSAGE][PASSED] - Browser is opened with url: ''

2024-02-06 16:35:18 - [TEST_STEP][PASSED] - maximizeWindow(): Current window maximized

2024-02-06 16:35:19 - [MESSAGE][PASSED] - Current window maximized

2024-02-06 16:35:19 - [TEST_STEP][PASSED] - navigateToUrl(RADurl): Navigate to 'https://qa2.velocitypayment.com/client/rad/index.html' successfully

2024-02-06 16:35:20 - [MESSAGE][PASSED] - Navigate to 'https://qa2.velocitypayment.com/client/rad/index.html' successfully

2024-02-06 16:35:20 - [TEST_STEP][PASSED] - selectOptionByLabel(findTestObject(orPath_Landing + "/dd_TaxType"), "Existing Liability w/Notice Number", false): All options with label 'Existing Liability w/Notice Number' are selected in object 'Object Repository/RAD_Pages/Landing_Page/dd_TaxType' 

2024-02-06 16:35:21 - [MESSAGE][PASSED] - All options with label 'Existing Liability w/Notice Number' are selected in object 'Object Repository/RAD_Pages/Landing_Page/dd_TaxType' 

2024-02-06 16:35:21 - [TEST_STEP][PASSED] - selectOptionByLabel(findTestObject(orPath_TaxTypeFilingYear + "/select_TaxType_ExistingLiability"), TaxType, false): All options with label 'Admissions and Amusement Tax' are selected in object 'Object Repository/RAD_Pages/TaxTypeFilingYear_Page/select_TaxType_ExistingLiability' 

2024-02-06 16:35:22 - [MESSAGE][PASSED] - All options with label 'Admissions and Amusement Tax' are selected in object 'Object Repository/RAD_Pages/TaxTypeFilingYear_Page/select_TaxType_ExistingLiability' 

2024-02-06 16:35:22 - [TEST_STEP][PASSED] - rad.getSetDataRAD.setDataRADBusinessName(): rad.getSetDataRAD.setDataRADBusinessName is PASSED

2024-02-06 16:35:23 - [MESSAGE][PASSED] - Text 'My Company' is set on object 'Object Repository/RAD_Pages/Taxpayer_Page/input_businessName'

2024-02-06 16:35:23 - [MESSAGE][PASSED] - rad.getSetDataRAD.setDataRADBusinessName is PASSED

2024-02-06 16:35:23 - [TEST_STEP][PASSED] - rad.getSetDataRAD.setDataRADBusinessRep(): rad.getSetDataRAD.setDataRADBusinessRep is PASSED

2024-02-06 16:35:23 - [MESSAGE][PASSED] - Text 'BusRepFname' is set on object 'Object Repository/RAD_Pages/Taxpayer_Page/input_BusinessRepfirstName'

2024-02-06 16:35:24 - [MESSAGE][PASSED] - Text '' is set on object 'Object Repository/RAD_Pages/Taxpayer_Page/input_BusinessRepmiddleName'

2024-02-06 16:35:25 - [MESSAGE][PASSED] - Text 'BusRepLname' is set on object 'Object Repository/RAD_Pages/Taxpayer_Page/input_BusinessReplastName'

2024-02-06 16:35:26 - [MESSAGE][PASSED] - Text '' is set on object 'Object Repository/RAD_Pages/Taxpayer_Page/input_BusinessRepsuffix'

2024-02-06 16:35:26 - [MESSAGE][PASSED] - rad.getSetDataRAD.setDataRADBusinessRep is PASSED

2024-02-06 16:35:26 - [TEST_STEP][PASSED] - rad.getSetDataRAD.setDataRADAddress(): rad.getSetDataRAD.setDataRADAddress is PASSED

2024-02-06 16:35:26 - [MESSAGE][PASSED] - All options with label 'United States' are selected in object 'Object Repository/RAD_Pages/AddressAndContactInfo_Page/select_Country' 

2024-02-06 16:35:27 - [MESSAGE][PASSED] - Text '2508 Mandan Terrace' is set on object 'Object Repository/RAD_Pages/AddressAndContactInfo_Page/input_streetAddress1'

2024-02-06 16:35:28 - [MESSAGE][PASSED] - Text '' is set on object 'Object Repository/RAD_Pages/AddressAndContactInfo_Page/input_streetAddress2'

2024-02-06 16:35:29 - [MESSAGE][PASSED] - Text 'Gambrills' is set on object 'Object Repository/RAD_Pages/AddressAndContactInfo_Page/input_city'

2024-02-06 16:35:29 - [MESSAGE][PASSED] - All options with label 'Maryland' are selected in object 'Object Repository/RAD_Pages/AddressAndContactInfo_Page/select_State' 

2024-02-06 16:35:30 - [MESSAGE][PASSED] - Text '21054' is set on object 'Object Repository/RAD_Pages/AddressAndContactInfo_Page/input_zipCode'

2024-02-06 16:35:31 - [MESSAGE][PASSED] - Text '(703) 894-5000' is set on object 'Object Repository/RAD_Pages/AddressAndContactInfo_Page/input_phoneNumber'

2024-02-06 16:35:32 - [MESSAGE][PASSED] - Text 'iahmed@govolution.com' is set on object 'Object Repository/RAD_Pages/AddressAndContactInfo_Page/input_eMailAddress'

2024-02-06 16:35:33 - [MESSAGE][PASSED] - Text 'iahmed@govolution.com' is set on object 'Object Repository/RAD_Pages/AddressAndContactInfo_Page/input_reEnterEMailAddress'

2024-02-06 16:35:33 - [MESSAGE][PASSED] - rad.getSetDataRAD.setDataRADAddress is PASSED

2024-02-06 16:35:33 - [TEST_STEP][PASSED] - if (feinSsn.equalsIgnoreCase("Y")): null

2024-02-06 16:35:33 - [TEST_STEP][PASSED] - else: Text ****** has been set on object 'Object Repository/RAD_Pages/TaxInfo_Page/input_concat(id(, , data, , ))_Data (1)'

2024-02-06 16:35:33 - [TEST_STEP][PASSED] - if (!(TaxType.equalsIgnoreCase("Estate Tax"))): Text ****** has been set on object 'Object Repository/RAD_Pages/TaxInfo_Page/input_concat(id(, , data, , ))_Data (1)'

2024-02-06 16:35:33 - [TEST_STEP][PASSED] - setEncryptedText(findTestObject("Object Repository/RAD_Pages/TaxInfo_Page/input_concat(id(, , data, , ))_Data"), "RigbBhfdqODKcAsiUrg+1Q=="): Text ****** has been set on object 'Object Repository/RAD_Pages/TaxInfo_Page/input_concat(id(, , data, , ))_Data'

2024-02-06 16:35:34 - [MESSAGE][PASSED] - Text ****** has been set on object 'Object Repository/RAD_Pages/TaxInfo_Page/input_concat(id(, , data, , ))_Data'

2024-02-06 16:35:34 - [TEST_STEP][PASSED] - setEncryptedText(findTestObject("Object Repository/RAD_Pages/TaxInfo_Page/input_concat(id(, , data, , ))_Data (1)"), "RigbBhfdqODKcAsiUrg+1Q=="): Text ****** has been set on object 'Object Repository/RAD_Pages/TaxInfo_Page/input_concat(id(, , data, , ))_Data (1)'

2024-02-06 16:35:34 - [MESSAGE][PASSED] - Text ****** has been set on object 'Object Repository/RAD_Pages/TaxInfo_Page/input_concat(id(, , data, , ))_Data (1)'

2024-02-06 16:35:34 - [TEST_STEP][PASSED] - rad.getSetDataRAD.setDataRADNoticeInvoiceThirteen(): rad.getSetDataRAD.setDataRADNoticeInvoiceThirteen is PASSED

2024-02-06 16:35:35 - [MESSAGE][PASSED] - Text '1234567890123' is set on object 'Object Repository/RAD_Pages/TaxInfo_Page/input_NoticeInvoiceNumber'

2024-02-06 16:35:37 - [MESSAGE][PASSED] - Text '1234567890123' is set on object 'Object Repository/RAD_Pages/TaxInfo_Page/input_reTypeNoticeInvoiceNumber'

2024-02-06 16:35:37 - [MESSAGE][PASSED] - rad.getSetDataRAD.setDataRADNoticeInvoiceThirteen is PASSED

2024-02-06 16:35:37 - [TEST_STEP][PASSED] - switch (TaxType): null

2024-02-06 16:35:37 - [TEST_STEP][PASSED] - if (TaxType.equalsIgnoreCase("Estate Tax")): null

2024-02-06 16:35:37 - [TEST_STEP][PASSED] - setText(findTestObject(orPath_Amount + "/input__paymentAmount"), "10.00"): Text '10.00' is set on object 'Object Repository/RAD_Pages/PaymentAmount_Page/input__paymentAmount'

2024-02-06 16:35:37 - [MESSAGE][PASSED] - Text '10.00' is set on object 'Object Repository/RAD_Pages/PaymentAmount_Page/input__paymentAmount'

2024-02-06 16:35:37 - [TEST_STEP][PASSED] - setText(findTestObject(orPath_AddressContact + "/input_streetAddress2"), ""): Text '' is set on object 'Object Repository/RAD_Pages/AddressAndContactInfo_Page/input_streetAddress2'

2024-02-06 16:35:38 - [MESSAGE][PASSED] - Text '' is set on object 'Object Repository/RAD_Pages/AddressAndContactInfo_Page/input_streetAddress2'

2024-02-06 16:35:38 - [TEST_STEP][PASSED] - scrollToElement(findTestObject(orPath_Landing + "/button_Continue"), 3): Scroll to object 'Object Repository/RAD_Pages/Landing_Page/button_Continue' successfully

2024-02-06 16:35:39 - [MESSAGE][PASSED] - Scroll to object 'Object Repository/RAD_Pages/Landing_Page/button_Continue' successfully

2024-02-06 16:35:39 - [TEST_STEP][PASSED] - waitForElementClickable(findTestObject(orPath_Landing + "/button_Continue"), 5): Object 'Object Repository/RAD_Pages/Landing_Page/button_Continue' is clickable

2024-02-06 16:35:39 - [MESSAGE][PASSED] - Object 'Object Repository/RAD_Pages/Landing_Page/button_Continue' is clickable

2024-02-06 16:35:39 - [TEST_STEP][PASSED] - click(findTestObject(orPath_Landing + "/button_Continue")): Object: 'Object Repository/RAD_Pages/Landing_Page/button_Continue' is clicked on

2024-02-06 16:35:40 - [MESSAGE][PASSED] - Object: 'Object Repository/RAD_Pages/Landing_Page/button_Continue' is clicked on

2024-02-06 16:35:40 - [TEST_STEP][PASSED] - delay(2): Delayed 2 second(s)

2024-02-06 16:35:42 - [MESSAGE][PASSED] - Delayed 2 second(s)

2024-02-06 16:35:42 - [TEST_STEP][PASSED] - click(findTestObject(orPath_Summary + "/button_Proceed to Payment")): Object: 'Object Repository/RAD_Pages/Summary_Page/button_Proceed to Payment' is clicked on

2024-02-06 16:35:45 - [MESSAGE][PASSED] - Object: 'Object Repository/RAD_Pages/Summary_Page/button_Proceed to Payment' is clicked on

2024-02-06 16:35:45 - [TEST_STEP][PASSED] - if (verifyElementPresent(findTestObject("Object Repository/RAD_Pages/PaymentEntry_Page/input__billingName"), 30)): null

2024-02-06 16:35:45 - [MESSAGE][PASSED] - Object 'Object Repository/RAD_Pages/PaymentEntry_Page/input__billingName' is present

2024-02-06 16:35:45 - [TEST_STEP][PASSED] - verifyTextPresent("Payment Information", true): Text 'Payment Information' is present on page  using regular expression

2024-02-06 16:35:46 - [MESSAGE][PASSED] - Text 'Payment Information' is present on page  using regular expression

2024-02-06 16:35:46 - [TEST_STEP][PASSED] - card_Name = getAttribute(findTestObject("Object Repository/RAD_Pages/PaymentEntry_Page/input__billingName"), "value"): Attribute 'value' of object 'Object Repository/RAD_Pages/PaymentEntry_Page/input__billingName' is: 'BusRepFname BusRepLname'

2024-02-06 16:35:46 - [MESSAGE][PASSED] - Attribute 'value' of object 'Object Repository/RAD_Pages/PaymentEntry_Page/input__billingName' is: 'BusRepFname BusRepLname'

2024-02-06 16:35:46 - [TEST_STEP][PASSED] - verifyMatch("BusRepFname BusRepLname", card_Name, false): Actual text 'BusRepFname BusRepLname' and expected text 'BusRepFname BusRepLname' are matched 

2024-02-06 16:35:46 - [MESSAGE][PASSED] - Actual text 'BusRepFname BusRepLname' and expected text 'BusRepFname BusRepLname' are matched 

2024-02-06 16:35:46 - [TEST_STEP][PASSED] - AL1 = getAttribute(findTestObject("Object Repository/RAD_Pages/PaymentEntry_Page/input_billingAddress"), "value"): Attribute 'value' of object 'Object Repository/RAD_Pages/PaymentEntry_Page/input_billingAddress' is: '2508 Mandan Terrace'

2024-02-06 16:35:46 - [MESSAGE][PASSED] - Attribute 'value' of object 'Object Repository/RAD_Pages/PaymentEntry_Page/input_billingAddress' is: '2508 Mandan Terrace'

2024-02-06 16:35:46 - [TEST_STEP][PASSED] - verifyMatch("2508 Mandan Terrace", AL1, false): Actual text '2508 Mandan Terrace' and expected text '2508 Mandan Terrace' are matched 

2024-02-06 16:35:46 - [MESSAGE][PASSED] - Actual text '2508 Mandan Terrace' and expected text '2508 Mandan Terrace' are matched 

2024-02-06 16:35:46 - [TEST_STEP][PASSED] - AL2 = getAttribute(findTestObject("Object Repository/RAD_Pages/PaymentEntry_Page/input_billingAddress2"), "value"): Attribute 'value' of object 'Object Repository/RAD_Pages/PaymentEntry_Page/input_billingAddress2' is: ''

2024-02-06 16:35:47 - [MESSAGE][PASSED] - Attribute 'value' of object 'Object Repository/RAD_Pages/PaymentEntry_Page/input_billingAddress2' is: ''

2024-02-06 16:35:47 - [TEST_STEP][PASSED] - verifyMatch("", AL2, false): Actual text '' and expected text '' are matched 

2024-02-06 16:35:47 - [MESSAGE][PASSED] - Actual text '' and expected text '' are matched 

2024-02-06 16:35:47 - [TEST_STEP][PASSED] - zipCode = getAttribute(findTestObject("Object Repository/RAD_Pages/PaymentEntry_Page/input_billingZip"), "value"): Attribute 'value' of object 'Object Repository/RAD_Pages/PaymentEntry_Page/input_billingZip' is: '21054'

2024-02-06 16:35:47 - [MESSAGE][PASSED] - Attribute 'value' of object 'Object Repository/RAD_Pages/PaymentEntry_Page/input_billingZip' is: '21054'

2024-02-06 16:35:47 - [TEST_STEP][PASSED] - verifyMatch("21054", zipCode, false): Actual text '21054' and expected text '21054' are matched 

2024-02-06 16:35:47 - [MESSAGE][PASSED] - Actual text '21054' and expected text '21054' are matched 

2024-02-06 16:35:47 - [TEST_STEP][PASSED] - city = getAttribute(findTestObject("Object Repository/RAD_Pages/PaymentEntry_Page/input_billingCity"), "value"): Attribute 'value' of object 'Object Repository/RAD_Pages/PaymentEntry_Page/input_billingCity' is: 'GAMBRILLS'

2024-02-06 16:35:47 - [MESSAGE][PASSED] - Attribute 'value' of object 'Object Repository/RAD_Pages/PaymentEntry_Page/input_billingCity' is: 'GAMBRILLS'

2024-02-06 16:35:47 - [TEST_STEP][PASSED] - verifyMatch("GAMBRILLS", city, false): Actual text 'GAMBRILLS' and expected text 'GAMBRILLS' are matched 

2024-02-06 16:35:47 - [MESSAGE][PASSED] - Actual text 'GAMBRILLS' and expected text 'GAMBRILLS' are matched 

2024-02-06 16:35:47 - [TEST_STEP][PASSED] - email = getAttribute(findTestObject("Object Repository/RAD_Pages/PaymentEntry_Page/input_emailAddress"), "value"): Attribute 'value' of object 'Object Repository/RAD_Pages/PaymentEntry_Page/input_emailAddress' is: 'iahmed@govolution.com'

2024-02-06 16:35:47 - [MESSAGE][PASSED] - Attribute 'value' of object 'Object Repository/RAD_Pages/PaymentEntry_Page/input_emailAddress' is: 'iahmed@govolution.com'

2024-02-06 16:35:47 - [TEST_STEP][PASSED] - verifyMatch("iahmed@govolution.com", email, false): Actual text 'iahmed@govolution.com' and expected text 'iahmed@govolution.com' are matched 

2024-02-06 16:35:47 - [MESSAGE][PASSED] - Actual text 'iahmed@govolution.com' and expected text 'iahmed@govolution.com' are matched 

2024-02-06 16:35:47 - [TEST_STEP][PASSED] - amount = getAttribute(findTestObject("Object Repository/RAD_Pages/PaymentEntry_Page/input_amount"), "value"): Attribute 'value' of object 'Object Repository/RAD_Pages/PaymentEntry_Page/input_amount' is: '10.00'

2024-02-06 16:35:48 - [MESSAGE][PASSED] - Attribute 'value' of object 'Object Repository/RAD_Pages/PaymentEntry_Page/input_amount' is: '10.00'

2024-02-06 16:35:48 - [TEST_STEP][PASSED] - verifyMatch("10.00", amount, false): Actual text '10.00' and expected text '10.00' are matched 

2024-02-06 16:35:48 - [MESSAGE][PASSED] - Actual text '10.00' and expected text '10.00' are matched 

2024-02-06 16:35:48 - [TEST_STEP][PASSED] - amountReadOnly = getAttribute(findTestObject("Object Repository/RAD_Pages/PaymentEntry_Page/input_amount"), "readonly"): Attribute 'readonly' of object 'Object Repository/RAD_Pages/PaymentEntry_Page/input_amount' is: 'true'

2024-02-06 16:35:48 - [MESSAGE][PASSED] - Attribute 'readonly' of object 'Object Repository/RAD_Pages/PaymentEntry_Page/input_amount' is: 'true'

2024-02-06 16:35:48 - [TEST_STEP][PASSED] - verifyMatch("true", amountReadOnly, false): Actual text 'true' and expected text 'true' are matched 

2024-02-06 16:35:48 - [MESSAGE][PASSED] - Actual text 'true' and expected text 'true' are matched 

2024-02-06 16:35:48 - [TEST_STEP][PASSED] - verifyOptionSelectedByLabel(findTestObject("Object Repository/RAD_Pages/PaymentEntry_Page/select_Country"), "United States", false, 20): All options with label 'United States' are selected in object 'Object Repository/RAD_Pages/PaymentEntry_Page/select_Country' 

2024-02-06 16:35:49 - [MESSAGE][PASSED] - All options with label 'United States' are selected in object 'Object Repository/RAD_Pages/PaymentEntry_Page/select_Country' 

2024-02-06 16:35:49 - [TEST_STEP][PASSED] - verifyOptionSelectedByLabel(findTestObject("Object Repository/RAD_Pages/PaymentEntry_Page/select_State"), "Maryland", false, 20): All options with label 'Maryland' are selected in object 'Object Repository/RAD_Pages/PaymentEntry_Page/select_State' 

2024-02-06 16:35:52 - [MESSAGE][PASSED] - All options with label 'Maryland' are selected in object 'Object Repository/RAD_Pages/PaymentEntry_Page/select_State' 

2024-02-06 16:35:52 - [TEST_STEP][PASSED] - setText(findTestObject(orPath_PaymentEntry + "/input__cardNumber"), "4111111111111111"): Text '4111111111111111' is set on object 'Object Repository/RAD_Pages/PaymentEntry_Page/input__cardNumber'

2024-02-06 16:35:52 - [MESSAGE][PASSED] - Text '4111111111111111' is set on object 'Object Repository/RAD_Pages/PaymentEntry_Page/input__cardNumber'

2024-02-06 16:35:52 - [TEST_STEP][PASSED] - setText(findTestObject(orPath_PaymentEntry + "/input__spc"), "123"): Text '123' is set on object 'Object Repository/RAD_Pages/PaymentEntry_Page/input__spc'

2024-02-06 16:35:53 - [MESSAGE][PASSED] - Text '123' is set on object 'Object Repository/RAD_Pages/PaymentEntry_Page/input__spc'

2024-02-06 16:35:53 - [TEST_STEP][PASSED] - selectOptionByLabel(findTestObject(orPath_PaymentEntry + "/select_MM"), "12", false): All options with label '12' are selected in object 'Object Repository/RAD_Pages/PaymentEntry_Page/select_MM' 

2024-02-06 16:35:54 - [MESSAGE][PASSED] - All options with label '12' are selected in object 'Object Repository/RAD_Pages/PaymentEntry_Page/select_MM' 

2024-02-06 16:35:54 - [TEST_STEP][PASSED] - selectOptionByLabel(findTestObject(orPath_PaymentEntry + "/select_YYYY"), "2028", false): All options with label '2028' are selected in object 'Object Repository/RAD_Pages/PaymentEntry_Page/select_YYYY' 

2024-02-06 16:35:55 - [MESSAGE][PASSED] - All options with label '2028' are selected in object 'Object Repository/RAD_Pages/PaymentEntry_Page/select_YYYY' 

2024-02-06 16:35:55 - [TEST_STEP][PASSED] - click(findTestObject(orPath_PaymentEntry + "/input_Field_ccSubmit")): Object: 'Object Repository/RAD_Pages/PaymentEntry_Page/input_Field_ccSubmit' is clicked on

2024-02-06 16:35:56 - [MESSAGE][PASSED] - Object: 'Object Repository/RAD_Pages/PaymentEntry_Page/input_Field_ccSubmit' is clicked on

2024-02-06 16:35:56 - [TEST_STEP][PASSED] - click(findTestObject(orPath_PaymentConfirmation + "/input_N_confirmNotifyAction")): Object: 'Object Repository/RAD_Pages/PaymentConfirmation_Page/input_N_confirmNotifyAction' is clicked on

2024-02-06 16:35:57 - [MESSAGE][PASSED] - Object: 'Object Repository/RAD_Pages/PaymentConfirmation_Page/input_N_confirmNotifyAction' is clicked on

2024-02-06 16:35:57 - [TEST_STEP][PASSED] - verifyTextPresent("Service Fee Acceptance", true): Text 'Service Fee Acceptance' is present on page  using regular expression

2024-02-06 16:35:57 - [MESSAGE][PASSED] - Text 'Service Fee Acceptance' is present on page  using regular expression

2024-02-06 16:35:57 - [TEST_STEP][PASSED] - verifyTextPresent("This transaction is subject to a Service Fee of ", true): Text 'This transaction is subject to a Service Fee of ' is present on page  using regular expression

2024-02-06 16:35:58 - [MESSAGE][PASSED] - Text 'This transaction is subject to a Service Fee of ' is present on page  using regular expression

2024-02-06 16:35:58 - [TEST_STEP][PASSED] - verifyTextPresent("Payment Amount:", true): Text 'Payment Amount:' is present on page  using regular expression

2024-02-06 16:35:58 - [MESSAGE][PASSED] - Text 'Payment Amount:' is present on page  using regular expression

2024-02-06 16:35:58 - [TEST_STEP][PASSED] - verifyTextPresent("10.00", true): Text '10.00' is present on page  using regular expression

2024-02-06 16:35:58 - [MESSAGE][PASSED] - Text '10.00' is present on page  using regular expression

2024-02-06 16:35:58 - [TEST_STEP][PASSED] - verifyTextPresent("Service Fee:", true): Text 'Service Fee:' is present on page  using regular expression

2024-02-06 16:35:58 - [MESSAGE][PASSED] - Text 'Service Fee:' is present on page  using regular expression

2024-02-06 16:35:58 - [TEST_STEP][PASSED] - verifyTextPresent("1.00", true): Text '1.00' is present on page  using regular expression

2024-02-06 16:35:59 - [MESSAGE][PASSED] - Text '1.00' is present on page  using regular expression

2024-02-06 16:35:59 - [TEST_STEP][PASSED] - verifyTextPresent("Total Amount:", true): Text 'Total Amount:' is present on page  using regular expression

2024-02-06 16:35:59 - [MESSAGE][PASSED] - Text 'Total Amount:' is present on page  using regular expression

2024-02-06 16:35:59 - [TEST_STEP][PASSED] - verifyTextPresent("11.00", true): Text '11.00' is present on page  using regular expression

2024-02-06 16:35:59 - [MESSAGE][PASSED] - Text '11.00' is present on page  using regular expression

2024-02-06 16:35:59 - [TEST_STEP][PASSED] - verifyTextPresent("Two transactions will appear on your bank statement, one in the amount of", true): Text 'Two transactions will appear on your bank statement, one in the amount of' is present on page  using regular expression

2024-02-06 16:36:00 - [MESSAGE][PASSED] - Text 'Two transactions will appear on your bank statement, one in the amount of' is present on page  using regular expression

2024-02-06 16:36:00 - [TEST_STEP][PASSED] - if (verifyElementPresent(findTestObject(orPath_ServiceFeesAccept + "/input_convFeeNotifyAction"), 30)): null

2024-02-06 16:36:00 - [MESSAGE][PASSED] - Object 'Object Repository/RAD_Pages/ServiceFeeAccept_Page/input_convFeeNotifyAction' is present

2024-02-06 16:36:00 - [TEST_STEP][PASSED] - resText = "Pass": null

2024-02-06 16:36:00 - [TEST_STEP][PASSED] - pages.WriteExcel.demoKey(resText, datText, resColumn, datCloumn, fileLoc, nameSheet, row): pages.WriteExcel.demoKey is PASSED

2024-02-06 16:36:00 - [MESSAGE][PASSED] - pages.WriteExcel.demoKey is PASSED

2024-02-06 16:36:00 - [TEST_STEP][PASSED] - if (execProfile == "QAProfile" || execProfile == "QA2Profile"): Text 'Successful Payment Receipt' is present on page  using regular expression

2024-02-06 16:36:00 - [TEST_STEP][PASSED] - click(findTestObject(orPath_ServiceFeesAccept + "/input_convFeeNotifyAction")): Object: 'Object Repository/RAD_Pages/ServiceFeeAccept_Page/input_convFeeNotifyAction' is clicked on

2024-02-06 16:36:01 - [MESSAGE][PASSED] - Object: 'Object Repository/RAD_Pages/ServiceFeeAccept_Page/input_convFeeNotifyAction' is clicked on

2024-02-06 16:36:01 - [TEST_STEP][PASSED] - delay(10): Delayed 10 second(s)

2024-02-06 16:36:11 - [MESSAGE][PASSED] - Delayed 10 second(s)

2024-02-06 16:36:11 - [TEST_STEP][PASSED] - verifyTextPresent("Successful Payment Receipt", true): Text 'Successful Payment Receipt' is present on page  using regular expression

2024-02-06 16:36:11 - [MESSAGE][PASSED] - Text 'Successful Payment Receipt' is present on page  using regular expression

2024-02-06 16:36:11 - [TEST_STEP][PASSED] - ExecuteTC = findTestData(dataFile).getValue("Execute", row): null

2024-02-06 16:36:11 - [TEST_STEP][PASSED] - TaxType = findTestData(dataFile).getValue("TaxType", row): null

2024-02-06 16:36:12 - [TEST_STEP][PASSED] - PaymentType = findTestData(dataFile).getValue("PaymentType", row): null

2024-02-06 16:36:12 - [TEST_STEP][PASSED] - feinSsn = findTestData(dataFile).getValue("FEINSSN", row): null

2024-02-06 16:36:12 - [TEST_STEP][PASSED] - if (ExecuteTC.equalsIgnoreCase("Y")): null

2024-02-06 16:36:12 - [TEST_STEP][PASSED] - out.println("Begin Record Number: " + row): null

2024-02-06 16:36:12 - [TEST_STEP][PASSED] - today = new java.util.Date(): null

2024-02-06 16:36:12 - [TEST_STEP][PASSED] - println(today): null

2024-02-06 16:36:12 - [TEST_STEP][PASSED] - datText = today: null

2024-02-06 16:36:12 - [TEST_STEP][PASSED] - logInfo("Payment Type: Existing Liability w/Notice Number"): Payment Type: Existing Liability w/Notice Number

2024-02-06 16:36:12 - [MESSAGE][INFO] - Payment Type: Existing Liability w/Notice Number

2024-02-06 16:36:12 - [TEST_STEP][PASSED] - logInfo("Tax Type: " + TaxType): Tax Type: Motor Fuel Tax

2024-02-06 16:36:12 - [MESSAGE][INFO] - Tax Type: Motor Fuel Tax

2024-02-06 16:36:12 - [TEST_STEP][PASSED] - openBrowser(""): Browser is opened with url: ''

2024-02-06 16:36:12 - [MESSAGE][WARNING] - A browser is already opened. Closing browser and opening a new one

2024-02-06 16:36:13 - [MESSAGE][INFO] - Starting 'Chrome' driver

2024-02-06 16:36:13 - [MESSAGE][INFO] - User set preference: ['acceptInsecureCerts', 'true']

2024-02-06 16:36:13 - [MESSAGE][INFO] - Action delay is set to 0 milliseconds

2024-02-06 16:36:14 - [MESSAGE][PASSED] - Browser is opened with url: ''

2024-02-06 16:36:14 - [TEST_STEP][PASSED] - maximizeWindow(): Current window maximized

2024-02-06 16:36:14 - [MESSAGE][PASSED] - Current window maximized

2024-02-06 16:36:14 - [TEST_STEP][PASSED] - navigateToUrl(RADurl): Navigate to 'https://qa2.velocitypayment.com/client/rad/index.html' successfully

2024-02-06 16:36:15 - [MESSAGE][PASSED] - Navigate to 'https://qa2.velocitypayment.com/client/rad/index.html' successfully

2024-02-06 16:36:15 - [TEST_STEP][PASSED] - selectOptionByLabel(findTestObject(orPath_Landing + "/dd_TaxType"), "Existing Liability w/Notice Number", false): All options with label 'Existing Liability w/Notice Number' are selected in object 'Object Repository/RAD_Pages/Landing_Page/dd_TaxType' 

2024-02-06 16:36:17 - [MESSAGE][PASSED] - All options with label 'Existing Liability w/Notice Number' are selected in object 'Object Repository/RAD_Pages/Landing_Page/dd_TaxType' 

2024-02-06 16:36:17 - [TEST_STEP][PASSED] - selectOptionByLabel(findTestObject(orPath_TaxTypeFilingYear + "/select_TaxType_ExistingLiability"), TaxType, false): All options with label 'Motor Fuel Tax' are selected in object 'Object Repository/RAD_Pages/TaxTypeFilingYear_Page/select_TaxType_ExistingLiability' 

2024-02-06 16:36:18 - [MESSAGE][PASSED] - All options with label 'Motor Fuel Tax' are selected in object 'Object Repository/RAD_Pages/TaxTypeFilingYear_Page/select_TaxType_ExistingLiability' 

2024-02-06 16:36:18 - [TEST_STEP][PASSED] - rad.getSetDataRAD.setDataRADBusinessName(): rad.getSetDataRAD.setDataRADBusinessName is PASSED

2024-02-06 16:36:19 - [MESSAGE][PASSED] - Text 'My Company' is set on object 'Object Repository/RAD_Pages/Taxpayer_Page/input_businessName'

2024-02-06 16:36:19 - [MESSAGE][PASSED] - rad.getSetDataRAD.setDataRADBusinessName is PASSED

2024-02-06 16:36:19 - [TEST_STEP][PASSED] - rad.getSetDataRAD.setDataRADBusinessRep(): rad.getSetDataRAD.setDataRADBusinessRep is PASSED

2024-02-06 16:36:20 - [MESSAGE][PASSED] - Text 'BusRepFname' is set on object 'Object Repository/RAD_Pages/Taxpayer_Page/input_BusinessRepfirstName'

2024-02-06 16:36:20 - [MESSAGE][PASSED] - Text '' is set on object 'Object Repository/RAD_Pages/Taxpayer_Page/input_BusinessRepmiddleName'

2024-02-06 16:36:21 - [MESSAGE][PASSED] - Text 'BusRepLname' is set on object 'Object Repository/RAD_Pages/Taxpayer_Page/input_BusinessReplastName'

2024-02-06 16:36:22 - [MESSAGE][PASSED] - Text '' is set on object 'Object Repository/RAD_Pages/Taxpayer_Page/input_BusinessRepsuffix'

2024-02-06 16:36:22 - [MESSAGE][PASSED] - rad.getSetDataRAD.setDataRADBusinessRep is PASSED

2024-02-06 16:36:22 - [TEST_STEP][PASSED] - rad.getSetDataRAD.setDataRADAddress(): rad.getSetDataRAD.setDataRADAddress is PASSED

2024-02-06 16:36:23 - [MESSAGE][PASSED] - All options with label 'United States' are selected in object 'Object Repository/RAD_Pages/AddressAndContactInfo_Page/select_Country' 

2024-02-06 16:36:23 - [MESSAGE][PASSED] - Text '2508 Mandan Terrace' is set on object 'Object Repository/RAD_Pages/AddressAndContactInfo_Page/input_streetAddress1'

2024-02-06 16:36:24 - [MESSAGE][PASSED] - Text '' is set on object 'Object Repository/RAD_Pages/AddressAndContactInfo_Page/input_streetAddress2'

2024-02-06 16:36:25 - [MESSAGE][PASSED] - Text 'Gambrills' is set on object 'Object Repository/RAD_Pages/AddressAndContactInfo_Page/input_city'

2024-02-06 16:36:25 - [MESSAGE][PASSED] - All options with label 'Maryland' are selected in object 'Object Repository/RAD_Pages/AddressAndContactInfo_Page/select_State' 

2024-02-06 16:36:26 - [MESSAGE][PASSED] - Text '21054' is set on object 'Object Repository/RAD_Pages/AddressAndContactInfo_Page/input_zipCode'

2024-02-06 16:36:27 - [MESSAGE][PASSED] - Text '(703) 894-5000' is set on object 'Object Repository/RAD_Pages/AddressAndContactInfo_Page/input_phoneNumber'

2024-02-06 16:36:28 - [MESSAGE][PASSED] - Text 'iahmed@govolution.com' is set on object 'Object Repository/RAD_Pages/AddressAndContactInfo_Page/input_eMailAddress'

2024-02-06 16:36:29 - [MESSAGE][PASSED] - Text 'iahmed@govolution.com' is set on object 'Object Repository/RAD_Pages/AddressAndContactInfo_Page/input_reEnterEMailAddress'

2024-02-06 16:36:29 - [MESSAGE][PASSED] - rad.getSetDataRAD.setDataRADAddress is PASSED

2024-02-06 16:36:29 - [TEST_STEP][PASSED] - if (feinSsn.equalsIgnoreCase("Y")): null

2024-02-06 16:36:29 - [TEST_STEP][PASSED] - else: Text ****** has been set on object 'Object Repository/RAD_Pages/TaxInfo_Page/input_concat(id(, , data, , ))_Data (1)'

2024-02-06 16:36:29 - [TEST_STEP][PASSED] - if (!(TaxType.equalsIgnoreCase("Estate Tax"))): Text ****** has been set on object 'Object Repository/RAD_Pages/TaxInfo_Page/input_concat(id(, , data, , ))_Data (1)'

2024-02-06 16:36:29 - [TEST_STEP][PASSED] - setEncryptedText(findTestObject("Object Repository/RAD_Pages/TaxInfo_Page/input_concat(id(, , data, , ))_Data"), "RigbBhfdqODKcAsiUrg+1Q=="): Text ****** has been set on object 'Object Repository/RAD_Pages/TaxInfo_Page/input_concat(id(, , data, , ))_Data'

2024-02-06 16:36:29 - [MESSAGE][PASSED] - Text ****** has been set on object 'Object Repository/RAD_Pages/TaxInfo_Page/input_concat(id(, , data, , ))_Data'

2024-02-06 16:36:29 - [TEST_STEP][PASSED] - setEncryptedText(findTestObject("Object Repository/RAD_Pages/TaxInfo_Page/input_concat(id(, , data, , ))_Data (1)"), "RigbBhfdqODKcAsiUrg+1Q=="): Text ****** has been set on object 'Object Repository/RAD_Pages/TaxInfo_Page/input_concat(id(, , data, , ))_Data (1)'

2024-02-06 16:36:30 - [MESSAGE][PASSED] - Text ****** has been set on object 'Object Repository/RAD_Pages/TaxInfo_Page/input_concat(id(, , data, , ))_Data (1)'

2024-02-06 16:36:30 - [TEST_STEP][PASSED] - rad.getSetDataRAD.setDataRADNoticeInvoiceThirteen(): rad.getSetDataRAD.setDataRADNoticeInvoiceThirteen is PASSED

2024-02-06 16:36:31 - [MESSAGE][PASSED] - Text '1234567890123' is set on object 'Object Repository/RAD_Pages/TaxInfo_Page/input_NoticeInvoiceNumber'

2024-02-06 16:36:32 - [MESSAGE][PASSED] - Text '1234567890123' is set on object 'Object Repository/RAD_Pages/TaxInfo_Page/input_reTypeNoticeInvoiceNumber'

2024-02-06 16:36:32 - [MESSAGE][PASSED] - rad.getSetDataRAD.setDataRADNoticeInvoiceThirteen is PASSED

2024-02-06 16:36:32 - [TEST_STEP][PASSED] - switch (TaxType): null

2024-02-06 16:36:32 - [TEST_STEP][PASSED] - if (TaxType.equalsIgnoreCase("Estate Tax")): null

2024-02-06 16:36:32 - [TEST_STEP][PASSED] - setText(findTestObject(orPath_Amount + "/input__paymentAmount"), "10.00"): Text '10.00' is set on object 'Object Repository/RAD_Pages/PaymentAmount_Page/input__paymentAmount'

2024-02-06 16:36:33 - [MESSAGE][PASSED] - Text '10.00' is set on object 'Object Repository/RAD_Pages/PaymentAmount_Page/input__paymentAmount'

2024-02-06 16:36:33 - [TEST_STEP][PASSED] - setText(findTestObject(orPath_AddressContact + "/input_streetAddress2"), ""): Text '' is set on object 'Object Repository/RAD_Pages/AddressAndContactInfo_Page/input_streetAddress2'

2024-02-06 16:36:34 - [MESSAGE][PASSED] - Text '' is set on object 'Object Repository/RAD_Pages/AddressAndContactInfo_Page/input_streetAddress2'

2024-02-06 16:36:34 - [TEST_STEP][PASSED] - scrollToElement(findTestObject(orPath_Landing + "/button_Continue"), 3): Scroll to object 'Object Repository/RAD_Pages/Landing_Page/button_Continue' successfully

2024-02-06 16:36:34 - [MESSAGE][PASSED] - Scroll to object 'Object Repository/RAD_Pages/Landing_Page/button_Continue' successfully

2024-02-06 16:36:34 - [TEST_STEP][PASSED] - waitForElementClickable(findTestObject(orPath_Landing + "/button_Continue"), 5): Object 'Object Repository/RAD_Pages/Landing_Page/button_Continue' is clickable

2024-02-06 16:36:34 - [MESSAGE][PASSED] - Object 'Object Repository/RAD_Pages/Landing_Page/button_Continue' is clickable

2024-02-06 16:36:34 - [TEST_STEP][PASSED] - click(findTestObject(orPath_Landing + "/button_Continue")): Object: 'Object Repository/RAD_Pages/Landing_Page/button_Continue' is clicked on

2024-02-06 16:36:35 - [MESSAGE][PASSED] - Object: 'Object Repository/RAD_Pages/Landing_Page/button_Continue' is clicked on

2024-02-06 16:36:35 - [TEST_STEP][PASSED] - delay(2): Delayed 2 second(s)

2024-02-06 16:36:37 - [MESSAGE][PASSED] - Delayed 2 second(s)

2024-02-06 16:36:37 - [TEST_STEP][PASSED] - click(findTestObject(orPath_Summary + "/button_Proceed to Payment")): Object: 'Object Repository/RAD_Pages/Summary_Page/button_Proceed to Payment' is clicked on

2024-02-06 16:36:39 - [MESSAGE][PASSED] - Object: 'Object Repository/RAD_Pages/Summary_Page/button_Proceed to Payment' is clicked on

2024-02-06 16:36:39 - [TEST_STEP][PASSED] - if (verifyElementPresent(findTestObject("Object Repository/RAD_Pages/PaymentEntry_Page/input__billingName"), 30)): null

2024-02-06 16:36:40 - [MESSAGE][PASSED] - Object 'Object Repository/RAD_Pages/PaymentEntry_Page/input__billingName' is present

2024-02-06 16:36:40 - [TEST_STEP][PASSED] - verifyTextPresent("Payment Information", true): Text 'Payment Information' is present on page  using regular expression

2024-02-06 16:36:40 - [MESSAGE][PASSED] - Text 'Payment Information' is present on page  using regular expression

2024-02-06 16:36:40 - [TEST_STEP][PASSED] - card_Name = getAttribute(findTestObject("Object Repository/RAD_Pages/PaymentEntry_Page/input__billingName"), "value"): Attribute 'value' of object 'Object Repository/RAD_Pages/PaymentEntry_Page/input__billingName' is: 'BusRepFname BusRepLname'

2024-02-06 16:36:40 - [MESSAGE][PASSED] - Attribute 'value' of object 'Object Repository/RAD_Pages/PaymentEntry_Page/input__billingName' is: 'BusRepFname BusRepLname'

2024-02-06 16:36:40 - [TEST_STEP][PASSED] - verifyMatch("BusRepFname BusRepLname", card_Name, false): Actual text 'BusRepFname BusRepLname' and expected text 'BusRepFname BusRepLname' are matched 

2024-02-06 16:36:40 - [MESSAGE][PASSED] - Actual text 'BusRepFname BusRepLname' and expected text 'BusRepFname BusRepLname' are matched 

2024-02-06 16:36:40 - [TEST_STEP][PASSED] - AL1 = getAttribute(findTestObject("Object Repository/RAD_Pages/PaymentEntry_Page/input_billingAddress"), "value"): Attribute 'value' of object 'Object Repository/RAD_Pages/PaymentEntry_Page/input_billingAddress' is: '2508 Mandan Terrace'

2024-02-06 16:36:41 - [MESSAGE][PASSED] - Attribute 'value' of object 'Object Repository/RAD_Pages/PaymentEntry_Page/input_billingAddress' is: '2508 Mandan Terrace'

2024-02-06 16:36:41 - [TEST_STEP][PASSED] - verifyMatch("2508 Mandan Terrace", AL1, false): Actual text '2508 Mandan Terrace' and expected text '2508 Mandan Terrace' are matched 

2024-02-06 16:36:41 - [MESSAGE][PASSED] - Actual text '2508 Mandan Terrace' and expected text '2508 Mandan Terrace' are matched 

2024-02-06 16:36:41 - [TEST_STEP][PASSED] - AL2 = getAttribute(findTestObject("Object Repository/RAD_Pages/PaymentEntry_Page/input_billingAddress2"), "value"): Attribute 'value' of object 'Object Repository/RAD_Pages/PaymentEntry_Page/input_billingAddress2' is: ''

2024-02-06 16:36:41 - [MESSAGE][PASSED] - Attribute 'value' of object 'Object Repository/RAD_Pages/PaymentEntry_Page/input_billingAddress2' is: ''

2024-02-06 16:36:41 - [TEST_STEP][PASSED] - verifyMatch("", AL2, false): Actual text '' and expected text '' are matched 

2024-02-06 16:36:41 - [MESSAGE][PASSED] - Actual text '' and expected text '' are matched 

2024-02-06 16:36:41 - [TEST_STEP][PASSED] - zipCode = getAttribute(findTestObject("Object Repository/RAD_Pages/PaymentEntry_Page/input_billingZip"), "value"): Attribute 'value' of object 'Object Repository/RAD_Pages/PaymentEntry_Page/input_billingZip' is: '21054'

2024-02-06 16:36:41 - [MESSAGE][PASSED] - Attribute 'value' of object 'Object Repository/RAD_Pages/PaymentEntry_Page/input_billingZip' is: '21054'

2024-02-06 16:36:41 - [TEST_STEP][PASSED] - verifyMatch("21054", zipCode, false): Actual text '21054' and expected text '21054' are matched 

2024-02-06 16:36:41 - [MESSAGE][PASSED] - Actual text '21054' and expected text '21054' are matched 

2024-02-06 16:36:41 - [TEST_STEP][PASSED] - city = getAttribute(findTestObject("Object Repository/RAD_Pages/PaymentEntry_Page/input_billingCity"), "value"): Attribute 'value' of object 'Object Repository/RAD_Pages/PaymentEntry_Page/input_billingCity' is: 'GAMBRILLS'

2024-02-06 16:36:42 - [MESSAGE][PASSED] - Attribute 'value' of object 'Object Repository/RAD_Pages/PaymentEntry_Page/input_billingCity' is: 'GAMBRILLS'

2024-02-06 16:36:42 - [TEST_STEP][PASSED] - verifyMatch("GAMBRILLS", city, false): Actual text 'GAMBRILLS' and expected text 'GAMBRILLS' are matched 

2024-02-06 16:36:42 - [MESSAGE][PASSED] - Actual text 'GAMBRILLS' and expected text 'GAMBRILLS' are matched 

2024-02-06 16:36:42 - [TEST_STEP][PASSED] - email = getAttribute(findTestObject("Object Repository/RAD_Pages/PaymentEntry_Page/input_emailAddress"), "value"): Attribute 'value' of object 'Object Repository/RAD_Pages/PaymentEntry_Page/input_emailAddress' is: 'iahmed@govolution.com'

2024-02-06 16:36:42 - [MESSAGE][PASSED] - Attribute 'value' of object 'Object Repository/RAD_Pages/PaymentEntry_Page/input_emailAddress' is: 'iahmed@govolution.com'

2024-02-06 16:36:42 - [TEST_STEP][PASSED] - verifyMatch("iahmed@govolution.com", email, false): Actual text 'iahmed@govolution.com' and expected text 'iahmed@govolution.com' are matched 

2024-02-06 16:36:42 - [MESSAGE][PASSED] - Actual text 'iahmed@govolution.com' and expected text 'iahmed@govolution.com' are matched 

2024-02-06 16:36:42 - [TEST_STEP][PASSED] - amount = getAttribute(findTestObject("Object Repository/RAD_Pages/PaymentEntry_Page/input_amount"), "value"): Attribute 'value' of object 'Object Repository/RAD_Pages/PaymentEntry_Page/input_amount' is: '10.00'

2024-02-06 16:36:42 - [MESSAGE][PASSED] - Attribute 'value' of object 'Object Repository/RAD_Pages/PaymentEntry_Page/input_amount' is: '10.00'

2024-02-06 16:36:42 - [TEST_STEP][PASSED] - verifyMatch("10.00", amount, false): Actual text '10.00' and expected text '10.00' are matched 

2024-02-06 16:36:42 - [MESSAGE][PASSED] - Actual text '10.00' and expected text '10.00' are matched 

2024-02-06 16:36:42 - [TEST_STEP][PASSED] - amountReadOnly = getAttribute(findTestObject("Object Repository/RAD_Pages/PaymentEntry_Page/input_amount"), "readonly"): Attribute 'readonly' of object 'Object Repository/RAD_Pages/PaymentEntry_Page/input_amount' is: 'true'

2024-02-06 16:36:43 - [MESSAGE][PASSED] - Attribute 'readonly' of object 'Object Repository/RAD_Pages/PaymentEntry_Page/input_amount' is: 'true'

2024-02-06 16:36:43 - [TEST_STEP][PASSED] - verifyMatch("true", amountReadOnly, false): Actual text 'true' and expected text 'true' are matched 

2024-02-06 16:36:43 - [MESSAGE][PASSED] - Actual text 'true' and expected text 'true' are matched 

2024-02-06 16:36:43 - [TEST_STEP][PASSED] - verifyOptionSelectedByLabel(findTestObject("Object Repository/RAD_Pages/PaymentEntry_Page/select_Country"), "United States", false, 20): All options with label 'United States' are selected in object 'Object Repository/RAD_Pages/PaymentEntry_Page/select_Country' 

2024-02-06 16:36:44 - [MESSAGE][PASSED] - All options with label 'United States' are selected in object 'Object Repository/RAD_Pages/PaymentEntry_Page/select_Country' 

2024-02-06 16:36:44 - [TEST_STEP][PASSED] - verifyOptionSelectedByLabel(findTestObject("Object Repository/RAD_Pages/PaymentEntry_Page/select_State"), "Maryland", false, 20): All options with label 'Maryland' are selected in object 'Object Repository/RAD_Pages/PaymentEntry_Page/select_State' 

2024-02-06 16:36:47 - [MESSAGE][PASSED] - All options with label 'Maryland' are selected in object 'Object Repository/RAD_Pages/PaymentEntry_Page/select_State' 

2024-02-06 16:36:47 - [TEST_STEP][PASSED] - setText(findTestObject(orPath_PaymentEntry + "/input__cardNumber"), "4111111111111111"): Text '4111111111111111' is set on object 'Object Repository/RAD_Pages/PaymentEntry_Page/input__cardNumber'

2024-02-06 16:36:47 - [MESSAGE][PASSED] - Text '4111111111111111' is set on object 'Object Repository/RAD_Pages/PaymentEntry_Page/input__cardNumber'

2024-02-06 16:36:47 - [TEST_STEP][PASSED] - setText(findTestObject(orPath_PaymentEntry + "/input__spc"), "123"): Text '123' is set on object 'Object Repository/RAD_Pages/PaymentEntry_Page/input__spc'

2024-02-06 16:36:48 - [MESSAGE][PASSED] - Text '123' is set on object 'Object Repository/RAD_Pages/PaymentEntry_Page/input__spc'

2024-02-06 16:36:48 - [TEST_STEP][PASSED] - selectOptionByLabel(findTestObject(orPath_PaymentEntry + "/select_MM"), "12", false): All options with label '12' are selected in object 'Object Repository/RAD_Pages/PaymentEntry_Page/select_MM' 

2024-02-06 16:36:49 - [MESSAGE][PASSED] - All options with label '12' are selected in object 'Object Repository/RAD_Pages/PaymentEntry_Page/select_MM' 

2024-02-06 16:36:49 - [TEST_STEP][PASSED] - selectOptionByLabel(findTestObject(orPath_PaymentEntry + "/select_YYYY"), "2028", false): All options with label '2028' are selected in object 'Object Repository/RAD_Pages/PaymentEntry_Page/select_YYYY' 

2024-02-06 16:36:50 - [MESSAGE][PASSED] - All options with label '2028' are selected in object 'Object Repository/RAD_Pages/PaymentEntry_Page/select_YYYY' 

2024-02-06 16:36:50 - [TEST_STEP][PASSED] - click(findTestObject(orPath_PaymentEntry + "/input_Field_ccSubmit")): Object: 'Object Repository/RAD_Pages/PaymentEntry_Page/input_Field_ccSubmit' is clicked on

2024-02-06 16:36:51 - [MESSAGE][PASSED] - Object: 'Object Repository/RAD_Pages/PaymentEntry_Page/input_Field_ccSubmit' is clicked on

2024-02-06 16:36:51 - [TEST_STEP][PASSED] - click(findTestObject(orPath_PaymentConfirmation + "/input_N_confirmNotifyAction")): Object: 'Object Repository/RAD_Pages/PaymentConfirmation_Page/input_N_confirmNotifyAction' is clicked on

2024-02-06 16:36:52 - [MESSAGE][PASSED] - Object: 'Object Repository/RAD_Pages/PaymentConfirmation_Page/input_N_confirmNotifyAction' is clicked on

2024-02-06 16:36:52 - [TEST_STEP][PASSED] - verifyTextPresent("Service Fee Acceptance", true): Text 'Service Fee Acceptance' is present on page  using regular expression

2024-02-06 16:36:53 - [MESSAGE][PASSED] - Text 'Service Fee Acceptance' is present on page  using regular expression

2024-02-06 16:36:53 - [TEST_STEP][PASSED] - verifyTextPresent("This transaction is subject to a Service Fee of ", true): Text 'This transaction is subject to a Service Fee of ' is present on page  using regular expression

2024-02-06 16:36:53 - [MESSAGE][PASSED] - Text 'This transaction is subject to a Service Fee of ' is present on page  using regular expression

2024-02-06 16:36:53 - [TEST_STEP][PASSED] - verifyTextPresent("Payment Amount:", true): Text 'Payment Amount:' is present on page  using regular expression

2024-02-06 16:36:53 - [MESSAGE][PASSED] - Text 'Payment Amount:' is present on page  using regular expression

2024-02-06 16:36:53 - [TEST_STEP][PASSED] - verifyTextPresent("10.00", true): Text '10.00' is present on page  using regular expression

2024-02-06 16:36:54 - [MESSAGE][PASSED] - Text '10.00' is present on page  using regular expression

2024-02-06 16:36:54 - [TEST_STEP][PASSED] - verifyTextPresent("Service Fee:", true): Text 'Service Fee:' is present on page  using regular expression

2024-02-06 16:36:54 - [MESSAGE][PASSED] - Text 'Service Fee:' is present on page  using regular expression

2024-02-06 16:36:54 - [TEST_STEP][PASSED] - verifyTextPresent("1.00", true): Text '1.00' is present on page  using regular expression

2024-02-06 16:36:54 - [MESSAGE][PASSED] - Text '1.00' is present on page  using regular expression

2024-02-06 16:36:54 - [TEST_STEP][PASSED] - verifyTextPresent("Total Amount:", true): Text 'Total Amount:' is present on page  using regular expression

2024-02-06 16:36:55 - [MESSAGE][PASSED] - Text 'Total Amount:' is present on page  using regular expression

2024-02-06 16:36:55 - [TEST_STEP][PASSED] - verifyTextPresent("11.00", true): Text '11.00' is present on page  using regular expression

2024-02-06 16:36:55 - [MESSAGE][PASSED] - Text '11.00' is present on page  using regular expression

2024-02-06 16:36:55 - [TEST_STEP][PASSED] - verifyTextPresent("Two transactions will appear on your bank statement, one in the amount of", true): Text 'Two transactions will appear on your bank statement, one in the amount of' is present on page  using regular expression

2024-02-06 16:36:55 - [MESSAGE][PASSED] - Text 'Two transactions will appear on your bank statement, one in the amount of' is present on page  using regular expression

2024-02-06 16:36:55 - [TEST_STEP][PASSED] - if (verifyElementPresent(findTestObject(orPath_ServiceFeesAccept + "/input_convFeeNotifyAction"), 30)): null

2024-02-06 16:36:56 - [MESSAGE][PASSED] - Object 'Object Repository/RAD_Pages/ServiceFeeAccept_Page/input_convFeeNotifyAction' is present

2024-02-06 16:36:56 - [TEST_STEP][PASSED] - resText = "Pass": null

2024-02-06 16:36:56 - [TEST_STEP][PASSED] - pages.WriteExcel.demoKey(resText, datText, resColumn, datCloumn, fileLoc, nameSheet, row): pages.WriteExcel.demoKey is PASSED

2024-02-06 16:36:56 - [MESSAGE][PASSED] - pages.WriteExcel.demoKey is PASSED

2024-02-06 16:36:56 - [TEST_STEP][PASSED] - if (execProfile == "QAProfile" || execProfile == "QA2Profile"): Text 'Successful Payment Receipt' is present on page  using regular expression

2024-02-06 16:36:56 - [TEST_STEP][PASSED] - click(findTestObject(orPath_ServiceFeesAccept + "/input_convFeeNotifyAction")): Object: 'Object Repository/RAD_Pages/ServiceFeeAccept_Page/input_convFeeNotifyAction' is clicked on

2024-02-06 16:36:57 - [MESSAGE][PASSED] - Object: 'Object Repository/RAD_Pages/ServiceFeeAccept_Page/input_convFeeNotifyAction' is clicked on

2024-02-06 16:36:57 - [TEST_STEP][PASSED] - delay(10): Delayed 10 second(s)

2024-02-06 16:37:07 - [MESSAGE][PASSED] - Delayed 10 second(s)

2024-02-06 16:37:07 - [TEST_STEP][PASSED] - verifyTextPresent("Successful Payment Receipt", true): Text 'Successful Payment Receipt' is present on page  using regular expression

2024-02-06 16:37:07 - [MESSAGE][PASSED] - Text 'Successful Payment Receipt' is present on page  using regular expression

2024-02-06 16:37:07 - [TEST_STEP][PASSED] - ExecuteTC = findTestData(dataFile).getValue("Execute", row): null

2024-02-06 16:37:07 - [TEST_STEP][PASSED] - TaxType = findTestData(dataFile).getValue("TaxType", row): null

2024-02-06 16:37:07 - [TEST_STEP][PASSED] - PaymentType = findTestData(dataFile).getValue("PaymentType", row): null

2024-02-06 16:37:08 - [TEST_STEP][PASSED] - feinSsn = findTestData(dataFile).getValue("FEINSSN", row): null

2024-02-06 16:37:08 - [TEST_STEP][PASSED] - if (ExecuteTC.equalsIgnoreCase("Y")): null

2024-02-06 16:37:08 - [TEST_STEP][PASSED] - out.println("Begin Record Number: " + row): null

2024-02-06 16:37:08 - [TEST_STEP][PASSED] - today = new java.util.Date(): null

2024-02-06 16:37:08 - [TEST_STEP][PASSED] - println(today): null

2024-02-06 16:37:08 - [TEST_STEP][PASSED] - datText = today: null

2024-02-06 16:37:08 - [TEST_STEP][PASSED] - logInfo("Payment Type: Existing Liability w/Notice Number"): Payment Type: Existing Liability w/Notice Number

2024-02-06 16:37:08 - [MESSAGE][INFO] - Payment Type: Existing Liability w/Notice Number

2024-02-06 16:37:08 - [TEST_STEP][PASSED] - logInfo("Tax Type: " + TaxType): Tax Type: Slots License Fee

2024-02-06 16:37:08 - [MESSAGE][INFO] - Tax Type: Slots License Fee

2024-02-06 16:37:08 - [TEST_STEP][PASSED] - openBrowser(""): Browser is opened with url: ''

2024-02-06 16:37:08 - [MESSAGE][WARNING] - A browser is already opened. Closing browser and opening a new one

2024-02-06 16:37:09 - [MESSAGE][INFO] - Starting 'Chrome' driver

2024-02-06 16:37:09 - [MESSAGE][INFO] - User set preference: ['acceptInsecureCerts', 'true']

2024-02-06 16:37:09 - [MESSAGE][INFO] - Action delay is set to 0 milliseconds

2024-02-06 16:37:10 - [MESSAGE][PASSED] - Browser is opened with url: ''

2024-02-06 16:37:10 - [TEST_STEP][PASSED] - maximizeWindow(): Current window maximized

2024-02-06 16:37:10 - [MESSAGE][PASSED] - Current window maximized

2024-02-06 16:37:10 - [TEST_STEP][PASSED] - navigateToUrl(RADurl): Navigate to 'https://qa2.velocitypayment.com/client/rad/index.html' successfully

2024-02-06 16:37:13 - [MESSAGE][PASSED] - Navigate to 'https://qa2.velocitypayment.com/client/rad/index.html' successfully

2024-02-06 16:37:13 - [TEST_STEP][PASSED] - selectOptionByLabel(findTestObject(orPath_Landing + "/dd_TaxType"), "Existing Liability w/Notice Number", false): All options with label 'Existing Liability w/Notice Number' are selected in object 'Object Repository/RAD_Pages/Landing_Page/dd_TaxType' 

2024-02-06 16:37:14 - [MESSAGE][PASSED] - All options with label 'Existing Liability w/Notice Number' are selected in object 'Object Repository/RAD_Pages/Landing_Page/dd_TaxType' 

2024-02-06 16:37:14 - [TEST_STEP][PASSED] - selectOptionByLabel(findTestObject(orPath_TaxTypeFilingYear + "/select_TaxType_ExistingLiability"), TaxType, false): All options with label 'Slots License Fee' are selected in object 'Object Repository/RAD_Pages/TaxTypeFilingYear_Page/select_TaxType_ExistingLiability' 

2024-02-06 16:37:15 - [MESSAGE][PASSED] - All options with label 'Slots License Fee' are selected in object 'Object Repository/RAD_Pages/TaxTypeFilingYear_Page/select_TaxType_ExistingLiability' 

2024-02-06 16:37:15 - [TEST_STEP][PASSED] - rad.getSetDataRAD.setDataRADBusinessName(): rad.getSetDataRAD.setDataRADBusinessName is PASSED

2024-02-06 16:37:16 - [MESSAGE][PASSED] - Text 'My Company' is set on object 'Object Repository/RAD_Pages/Taxpayer_Page/input_businessName'

2024-02-06 16:37:16 - [MESSAGE][PASSED] - rad.getSetDataRAD.setDataRADBusinessName is PASSED

2024-02-06 16:37:16 - [TEST_STEP][PASSED] - rad.getSetDataRAD.setDataRADBusinessRep(): rad.getSetDataRAD.setDataRADBusinessRep is PASSED

2024-02-06 16:37:17 - [MESSAGE][PASSED] - Text 'BusRepFname' is set on object 'Object Repository/RAD_Pages/Taxpayer_Page/input_BusinessRepfirstName'

2024-02-06 16:37:17 - [MESSAGE][PASSED] - Text '' is set on object 'Object Repository/RAD_Pages/Taxpayer_Page/input_BusinessRepmiddleName'

2024-02-06 16:37:18 - [MESSAGE][PASSED] - Text 'BusRepLname' is set on object 'Object Repository/RAD_Pages/Taxpayer_Page/input_BusinessReplastName'

2024-02-06 16:37:19 - [MESSAGE][PASSED] - Text '' is set on object 'Object Repository/RAD_Pages/Taxpayer_Page/input_BusinessRepsuffix'

2024-02-06 16:37:19 - [MESSAGE][PASSED] - rad.getSetDataRAD.setDataRADBusinessRep is PASSED

2024-02-06 16:37:19 - [TEST_STEP][PASSED] - rad.getSetDataRAD.setDataRADAddress(): rad.getSetDataRAD.setDataRADAddress is PASSED

2024-02-06 16:37:19 - [MESSAGE][PASSED] - All options with label 'United States' are selected in object 'Object Repository/RAD_Pages/AddressAndContactInfo_Page/select_Country' 

2024-02-06 16:37:20 - [MESSAGE][PASSED] - Text '2508 Mandan Terrace' is set on object 'Object Repository/RAD_Pages/AddressAndContactInfo_Page/input_streetAddress1'

2024-02-06 16:37:21 - [MESSAGE][PASSED] - Text '' is set on object 'Object Repository/RAD_Pages/AddressAndContactInfo_Page/input_streetAddress2'

2024-02-06 16:37:22 - [MESSAGE][PASSED] - Text 'Gambrills' is set on object 'Object Repository/RAD_Pages/AddressAndContactInfo_Page/input_city'

2024-02-06 16:37:22 - [MESSAGE][PASSED] - All options with label 'Maryland' are selected in object 'Object Repository/RAD_Pages/AddressAndContactInfo_Page/select_State' 

2024-02-06 16:37:23 - [MESSAGE][PASSED] - Text '21054' is set on object 'Object Repository/RAD_Pages/AddressAndContactInfo_Page/input_zipCode'

2024-02-06 16:37:24 - [MESSAGE][PASSED] - Text '(703) 894-5000' is set on object 'Object Repository/RAD_Pages/AddressAndContactInfo_Page/input_phoneNumber'

2024-02-06 16:37:25 - [MESSAGE][PASSED] - Text 'iahmed@govolution.com' is set on object 'Object Repository/RAD_Pages/AddressAndContactInfo_Page/input_eMailAddress'

2024-02-06 16:37:25 - [MESSAGE][PASSED] - Text 'iahmed@govolution.com' is set on object 'Object Repository/RAD_Pages/AddressAndContactInfo_Page/input_reEnterEMailAddress'

2024-02-06 16:37:25 - [MESSAGE][PASSED] - rad.getSetDataRAD.setDataRADAddress is PASSED

2024-02-06 16:37:25 - [TEST_STEP][PASSED] - if (feinSsn.equalsIgnoreCase("Y")): null

2024-02-06 16:37:25 - [TEST_STEP][PASSED] - else: Text ****** has been set on object 'Object Repository/RAD_Pages/TaxInfo_Page/input_concat(id(, , data, , ))_Data (1)'

2024-02-06 16:37:25 - [TEST_STEP][PASSED] - if (!(TaxType.equalsIgnoreCase("Estate Tax"))): Text ****** has been set on object 'Object Repository/RAD_Pages/TaxInfo_Page/input_concat(id(, , data, , ))_Data (1)'

2024-02-06 16:37:25 - [TEST_STEP][PASSED] - setEncryptedText(findTestObject("Object Repository/RAD_Pages/TaxInfo_Page/input_concat(id(, , data, , ))_Data"), "RigbBhfdqODKcAsiUrg+1Q=="): Text ****** has been set on object 'Object Repository/RAD_Pages/TaxInfo_Page/input_concat(id(, , data, , ))_Data'

2024-02-06 16:37:26 - [MESSAGE][PASSED] - Text ****** has been set on object 'Object Repository/RAD_Pages/TaxInfo_Page/input_concat(id(, , data, , ))_Data'

2024-02-06 16:37:26 - [TEST_STEP][PASSED] - setEncryptedText(findTestObject("Object Repository/RAD_Pages/TaxInfo_Page/input_concat(id(, , data, , ))_Data (1)"), "RigbBhfdqODKcAsiUrg+1Q=="): Text ****** has been set on object 'Object Repository/RAD_Pages/TaxInfo_Page/input_concat(id(, , data, , ))_Data (1)'

2024-02-06 16:37:27 - [MESSAGE][PASSED] - Text ****** has been set on object 'Object Repository/RAD_Pages/TaxInfo_Page/input_concat(id(, , data, , ))_Data (1)'

2024-02-06 16:37:27 - [TEST_STEP][PASSED] - rad.getSetDataRAD.setDataRADNoticeInvoiceThirteen(): rad.getSetDataRAD.setDataRADNoticeInvoiceThirteen is PASSED

2024-02-06 16:37:28 - [MESSAGE][PASSED] - Text '1234567890123' is set on object 'Object Repository/RAD_Pages/TaxInfo_Page/input_NoticeInvoiceNumber'

2024-02-06 16:37:28 - [MESSAGE][PASSED] - Text '1234567890123' is set on object 'Object Repository/RAD_Pages/TaxInfo_Page/input_reTypeNoticeInvoiceNumber'

2024-02-06 16:37:28 - [MESSAGE][PASSED] - rad.getSetDataRAD.setDataRADNoticeInvoiceThirteen is PASSED

2024-02-06 16:37:28 - [TEST_STEP][PASSED] - switch (TaxType): null

2024-02-06 16:37:28 - [TEST_STEP][PASSED] - if (TaxType.equalsIgnoreCase("Estate Tax")): null

2024-02-06 16:37:28 - [TEST_STEP][PASSED] - setText(findTestObject(orPath_Amount + "/input__paymentAmount"), "10.00"): Text '10.00' is set on object 'Object Repository/RAD_Pages/PaymentAmount_Page/input__paymentAmount'

2024-02-06 16:37:29 - [MESSAGE][PASSED] - Text '10.00' is set on object 'Object Repository/RAD_Pages/PaymentAmount_Page/input__paymentAmount'

2024-02-06 16:37:29 - [TEST_STEP][PASSED] - setText(findTestObject(orPath_AddressContact + "/input_streetAddress2"), ""): Text '' is set on object 'Object Repository/RAD_Pages/AddressAndContactInfo_Page/input_streetAddress2'

2024-02-06 16:37:30 - [MESSAGE][PASSED] - Text '' is set on object 'Object Repository/RAD_Pages/AddressAndContactInfo_Page/input_streetAddress2'

2024-02-06 16:37:30 - [TEST_STEP][PASSED] - scrollToElement(findTestObject(orPath_Landing + "/button_Continue"), 3): Scroll to object 'Object Repository/RAD_Pages/Landing_Page/button_Continue' successfully

2024-02-06 16:37:31 - [MESSAGE][PASSED] - Scroll to object 'Object Repository/RAD_Pages/Landing_Page/button_Continue' successfully

2024-02-06 16:37:31 - [TEST_STEP][PASSED] - waitForElementClickable(findTestObject(orPath_Landing + "/button_Continue"), 5): Object 'Object Repository/RAD_Pages/Landing_Page/button_Continue' is clickable

2024-02-06 16:37:31 - [MESSAGE][PASSED] - Object 'Object Repository/RAD_Pages/Landing_Page/button_Continue' is clickable

2024-02-06 16:37:31 - [TEST_STEP][PASSED] - click(findTestObject(orPath_Landing + "/button_Continue")): Object: 'Object Repository/RAD_Pages/Landing_Page/button_Continue' is clicked on

2024-02-06 16:37:31 - [MESSAGE][PASSED] - Object: 'Object Repository/RAD_Pages/Landing_Page/button_Continue' is clicked on

2024-02-06 16:37:31 - [TEST_STEP][PASSED] - delay(2): Delayed 2 second(s)

2024-02-06 16:37:33 - [MESSAGE][PASSED] - Delayed 2 second(s)

2024-02-06 16:37:33 - [TEST_STEP][PASSED] - click(findTestObject(orPath_Summary + "/button_Proceed to Payment")): Object: 'Object Repository/RAD_Pages/Summary_Page/button_Proceed to Payment' is clicked on

2024-02-06 16:37:36 - [MESSAGE][PASSED] - Object: 'Object Repository/RAD_Pages/Summary_Page/button_Proceed to Payment' is clicked on

2024-02-06 16:37:36 - [TEST_STEP][PASSED] - if (verifyElementPresent(findTestObject("Object Repository/RAD_Pages/PaymentEntry_Page/input__billingName"), 30)): null

2024-02-06 16:37:36 - [MESSAGE][PASSED] - Object 'Object Repository/RAD_Pages/PaymentEntry_Page/input__billingName' is present

2024-02-06 16:37:36 - [TEST_STEP][PASSED] - verifyTextPresent("Payment Information", true): Text 'Payment Information' is present on page  using regular expression

2024-02-06 16:37:37 - [MESSAGE][PASSED] - Text 'Payment Information' is present on page  using regular expression

2024-02-06 16:37:37 - [TEST_STEP][PASSED] - card_Name = getAttribute(findTestObject("Object Repository/RAD_Pages/PaymentEntry_Page/input__billingName"), "value"): Attribute 'value' of object 'Object Repository/RAD_Pages/PaymentEntry_Page/input__billingName' is: 'BusRepFname BusRepLname'

2024-02-06 16:37:37 - [MESSAGE][PASSED] - Attribute 'value' of object 'Object Repository/RAD_Pages/PaymentEntry_Page/input__billingName' is: 'BusRepFname BusRepLname'

2024-02-06 16:37:37 - [TEST_STEP][PASSED] - verifyMatch("BusRepFname BusRepLname", card_Name, false): Actual text 'BusRepFname BusRepLname' and expected text 'BusRepFname BusRepLname' are matched 

2024-02-06 16:37:37 - [MESSAGE][PASSED] - Actual text 'BusRepFname BusRepLname' and expected text 'BusRepFname BusRepLname' are matched 

2024-02-06 16:37:37 - [TEST_STEP][PASSED] - AL1 = getAttribute(findTestObject("Object Repository/RAD_Pages/PaymentEntry_Page/input_billingAddress"), "value"): Attribute 'value' of object 'Object Repository/RAD_Pages/PaymentEntry_Page/input_billingAddress' is: '2508 Mandan Terrace'

2024-02-06 16:37:37 - [MESSAGE][PASSED] - Attribute 'value' of object 'Object Repository/RAD_Pages/PaymentEntry_Page/input_billingAddress' is: '2508 Mandan Terrace'

2024-02-06 16:37:37 - [TEST_STEP][PASSED] - verifyMatch("2508 Mandan Terrace", AL1, false): Actual text '2508 Mandan Terrace' and expected text '2508 Mandan Terrace' are matched 

2024-02-06 16:37:37 - [MESSAGE][PASSED] - Actual text '2508 Mandan Terrace' and expected text '2508 Mandan Terrace' are matched 

2024-02-06 16:37:37 - [TEST_STEP][PASSED] - AL2 = getAttribute(findTestObject("Object Repository/RAD_Pages/PaymentEntry_Page/input_billingAddress2"), "value"): Attribute 'value' of object 'Object Repository/RAD_Pages/PaymentEntry_Page/input_billingAddress2' is: ''

2024-02-06 16:37:37 - [MESSAGE][PASSED] - Attribute 'value' of object 'Object Repository/RAD_Pages/PaymentEntry_Page/input_billingAddress2' is: ''

2024-02-06 16:37:37 - [TEST_STEP][PASSED] - verifyMatch("", AL2, false): Actual text '' and expected text '' are matched 

2024-02-06 16:37:37 - [MESSAGE][PASSED] - Actual text '' and expected text '' are matched 

2024-02-06 16:37:37 - [TEST_STEP][PASSED] - zipCode = getAttribute(findTestObject("Object Repository/RAD_Pages/PaymentEntry_Page/input_billingZip"), "value"): Attribute 'value' of object 'Object Repository/RAD_Pages/PaymentEntry_Page/input_billingZip' is: '21054'

2024-02-06 16:37:38 - [MESSAGE][PASSED] - Attribute 'value' of object 'Object Repository/RAD_Pages/PaymentEntry_Page/input_billingZip' is: '21054'

2024-02-06 16:37:38 - [TEST_STEP][PASSED] - verifyMatch("21054", zipCode, false): Actual text '21054' and expected text '21054' are matched 

2024-02-06 16:37:38 - [MESSAGE][PASSED] - Actual text '21054' and expected text '21054' are matched 

2024-02-06 16:37:38 - [TEST_STEP][PASSED] - city = getAttribute(findTestObject("Object Repository/RAD_Pages/PaymentEntry_Page/input_billingCity"), "value"): Attribute 'value' of object 'Object Repository/RAD_Pages/PaymentEntry_Page/input_billingCity' is: 'GAMBRILLS'

2024-02-06 16:37:38 - [MESSAGE][PASSED] - Attribute 'value' of object 'Object Repository/RAD_Pages/PaymentEntry_Page/input_billingCity' is: 'GAMBRILLS'

2024-02-06 16:37:38 - [TEST_STEP][PASSED] - verifyMatch("GAMBRILLS", city, false): Actual text 'GAMBRILLS' and expected text 'GAMBRILLS' are matched 

2024-02-06 16:37:38 - [MESSAGE][PASSED] - Actual text 'GAMBRILLS' and expected text 'GAMBRILLS' are matched 

2024-02-06 16:37:38 - [TEST_STEP][PASSED] - email = getAttribute(findTestObject("Object Repository/RAD_Pages/PaymentEntry_Page/input_emailAddress"), "value"): Attribute 'value' of object 'Object Repository/RAD_Pages/PaymentEntry_Page/input_emailAddress' is: 'iahmed@govolution.com'

2024-02-06 16:37:38 - [MESSAGE][PASSED] - Attribute 'value' of object 'Object Repository/RAD_Pages/PaymentEntry_Page/input_emailAddress' is: 'iahmed@govolution.com'

2024-02-06 16:37:38 - [TEST_STEP][PASSED] - verifyMatch("iahmed@govolution.com", email, false): Actual text 'iahmed@govolution.com' and expected text 'iahmed@govolution.com' are matched 

2024-02-06 16:37:38 - [MESSAGE][PASSED] - Actual text 'iahmed@govolution.com' and expected text 'iahmed@govolution.com' are matched 

2024-02-06 16:37:38 - [TEST_STEP][PASSED] - amount = getAttribute(findTestObject("Object Repository/RAD_Pages/PaymentEntry_Page/input_amount"), "value"): Attribute 'value' of object 'Object Repository/RAD_Pages/PaymentEntry_Page/input_amount' is: '10.00'

2024-02-06 16:37:39 - [MESSAGE][PASSED] - Attribute 'value' of object 'Object Repository/RAD_Pages/PaymentEntry_Page/input_amount' is: '10.00'

2024-02-06 16:37:39 - [TEST_STEP][PASSED] - verifyMatch("10.00", amount, false): Actual text '10.00' and expected text '10.00' are matched 

2024-02-06 16:37:39 - [MESSAGE][PASSED] - Actual text '10.00' and expected text '10.00' are matched 

2024-02-06 16:37:39 - [TEST_STEP][PASSED] - amountReadOnly = getAttribute(findTestObject("Object Repository/RAD_Pages/PaymentEntry_Page/input_amount"), "readonly"): Attribute 'readonly' of object 'Object Repository/RAD_Pages/PaymentEntry_Page/input_amount' is: 'true'

2024-02-06 16:37:39 - [MESSAGE][PASSED] - Attribute 'readonly' of object 'Object Repository/RAD_Pages/PaymentEntry_Page/input_amount' is: 'true'

2024-02-06 16:37:39 - [TEST_STEP][PASSED] - verifyMatch("true", amountReadOnly, false): Actual text 'true' and expected text 'true' are matched 

2024-02-06 16:37:39 - [MESSAGE][PASSED] - Actual text 'true' and expected text 'true' are matched 

2024-02-06 16:37:39 - [TEST_STEP][PASSED] - verifyOptionSelectedByLabel(findTestObject("Object Repository/RAD_Pages/PaymentEntry_Page/select_Country"), "United States", false, 20): All options with label 'United States' are selected in object 'Object Repository/RAD_Pages/PaymentEntry_Page/select_Country' 

2024-02-06 16:37:40 - [MESSAGE][PASSED] - All options with label 'United States' are selected in object 'Object Repository/RAD_Pages/PaymentEntry_Page/select_Country' 

2024-02-06 16:37:40 - [TEST_STEP][PASSED] - verifyOptionSelectedByLabel(findTestObject("Object Repository/RAD_Pages/PaymentEntry_Page/select_State"), "Maryland", false, 20): All options with label 'Maryland' are selected in object 'Object Repository/RAD_Pages/PaymentEntry_Page/select_State' 

2024-02-06 16:37:43 - [MESSAGE][PASSED] - All options with label 'Maryland' are selected in object 'Object Repository/RAD_Pages/PaymentEntry_Page/select_State' 

2024-02-06 16:37:43 - [TEST_STEP][PASSED] - setText(findTestObject(orPath_PaymentEntry + "/input__cardNumber"), "4111111111111111"): Text '4111111111111111' is set on object 'Object Repository/RAD_Pages/PaymentEntry_Page/input__cardNumber'

2024-02-06 16:37:43 - [MESSAGE][PASSED] - Text '4111111111111111' is set on object 'Object Repository/RAD_Pages/PaymentEntry_Page/input__cardNumber'

2024-02-06 16:37:43 - [TEST_STEP][PASSED] - setText(findTestObject(orPath_PaymentEntry + "/input__spc"), "123"): Text '123' is set on object 'Object Repository/RAD_Pages/PaymentEntry_Page/input__spc'

2024-02-06 16:37:44 - [MESSAGE][PASSED] - Text '123' is set on object 'Object Repository/RAD_Pages/PaymentEntry_Page/input__spc'

2024-02-06 16:37:44 - [TEST_STEP][PASSED] - selectOptionByLabel(findTestObject(orPath_PaymentEntry + "/select_MM"), "12", false): All options with label '12' are selected in object 'Object Repository/RAD_Pages/PaymentEntry_Page/select_MM' 

2024-02-06 16:37:45 - [MESSAGE][PASSED] - All options with label '12' are selected in object 'Object Repository/RAD_Pages/PaymentEntry_Page/select_MM' 

2024-02-06 16:37:45 - [TEST_STEP][PASSED] - selectOptionByLabel(findTestObject(orPath_PaymentEntry + "/select_YYYY"), "2028", false): All options with label '2028' are selected in object 'Object Repository/RAD_Pages/PaymentEntry_Page/select_YYYY' 

2024-02-06 16:37:45 - [MESSAGE][PASSED] - All options with label '2028' are selected in object 'Object Repository/RAD_Pages/PaymentEntry_Page/select_YYYY' 

2024-02-06 16:37:45 - [TEST_STEP][PASSED] - click(findTestObject(orPath_PaymentEntry + "/input_Field_ccSubmit")): Object: 'Object Repository/RAD_Pages/PaymentEntry_Page/input_Field_ccSubmit' is clicked on

2024-02-06 16:37:46 - [MESSAGE][PASSED] - Object: 'Object Repository/RAD_Pages/PaymentEntry_Page/input_Field_ccSubmit' is clicked on

2024-02-06 16:37:46 - [TEST_STEP][PASSED] - click(findTestObject(orPath_PaymentConfirmation + "/input_N_confirmNotifyAction")): Object: 'Object Repository/RAD_Pages/PaymentConfirmation_Page/input_N_confirmNotifyAction' is clicked on

2024-02-06 16:37:47 - [MESSAGE][PASSED] - Object: 'Object Repository/RAD_Pages/PaymentConfirmation_Page/input_N_confirmNotifyAction' is clicked on

2024-02-06 16:37:47 - [TEST_STEP][PASSED] - verifyTextPresent("Service Fee Acceptance", true): Text 'Service Fee Acceptance' is present on page  using regular expression

2024-02-06 16:37:48 - [MESSAGE][PASSED] - Text 'Service Fee Acceptance' is present on page  using regular expression

2024-02-06 16:37:48 - [TEST_STEP][PASSED] - verifyTextPresent("This transaction is subject to a Service Fee of ", true): Text 'This transaction is subject to a Service Fee of ' is present on page  using regular expression

2024-02-06 16:37:48 - [MESSAGE][PASSED] - Text 'This transaction is subject to a Service Fee of ' is present on page  using regular expression

2024-02-06 16:37:48 - [TEST_STEP][PASSED] - verifyTextPresent("Payment Amount:", true): Text 'Payment Amount:' is present on page  using regular expression

2024-02-06 16:37:48 - [MESSAGE][PASSED] - Text 'Payment Amount:' is present on page  using regular expression

2024-02-06 16:37:48 - [TEST_STEP][PASSED] - verifyTextPresent("10.00", true): Text '10.00' is present on page  using regular expression

2024-02-06 16:37:49 - [MESSAGE][PASSED] - Text '10.00' is present on page  using regular expression

2024-02-06 16:37:49 - [TEST_STEP][PASSED] - verifyTextPresent("Service Fee:", true): Text 'Service Fee:' is present on page  using regular expression

2024-02-06 16:37:49 - [MESSAGE][PASSED] - Text 'Service Fee:' is present on page  using regular expression

2024-02-06 16:37:49 - [TEST_STEP][PASSED] - verifyTextPresent("1.00", true): Text '1.00' is present on page  using regular expression

2024-02-06 16:37:49 - [MESSAGE][PASSED] - Text '1.00' is present on page  using regular expression

2024-02-06 16:37:49 - [TEST_STEP][PASSED] - verifyTextPresent("Total Amount:", true): Text 'Total Amount:' is present on page  using regular expression

2024-02-06 16:37:50 - [MESSAGE][PASSED] - Text 'Total Amount:' is present on page  using regular expression

2024-02-06 16:37:50 - [TEST_STEP][PASSED] - verifyTextPresent("11.00", true): Text '11.00' is present on page  using regular expression

2024-02-06 16:37:50 - [MESSAGE][PASSED] - Text '11.00' is present on page  using regular expression

2024-02-06 16:37:50 - [TEST_STEP][PASSED] - verifyTextPresent("Two transactions will appear on your bank statement, one in the amount of", true): Text 'Two transactions will appear on your bank statement, one in the amount of' is present on page  using regular expression

2024-02-06 16:37:50 - [MESSAGE][PASSED] - Text 'Two transactions will appear on your bank statement, one in the amount of' is present on page  using regular expression

2024-02-06 16:37:50 - [TEST_STEP][PASSED] - if (verifyElementPresent(findTestObject(orPath_ServiceFeesAccept + "/input_convFeeNotifyAction"), 30)): null

2024-02-06 16:37:50 - [MESSAGE][PASSED] - Object 'Object Repository/RAD_Pages/ServiceFeeAccept_Page/input_convFeeNotifyAction' is present

2024-02-06 16:37:50 - [TEST_STEP][PASSED] - resText = "Pass": null

2024-02-06 16:37:50 - [TEST_STEP][PASSED] - pages.WriteExcel.demoKey(resText, datText, resColumn, datCloumn, fileLoc, nameSheet, row): pages.WriteExcel.demoKey is PASSED

2024-02-06 16:37:50 - [MESSAGE][PASSED] - pages.WriteExcel.demoKey is PASSED

2024-02-06 16:37:50 - [TEST_STEP][PASSED] - if (execProfile == "QAProfile" || execProfile == "QA2Profile"): Text 'Successful Payment Receipt' is present on page  using regular expression

2024-02-06 16:37:50 - [TEST_STEP][PASSED] - click(findTestObject(orPath_ServiceFeesAccept + "/input_convFeeNotifyAction")): Object: 'Object Repository/RAD_Pages/ServiceFeeAccept_Page/input_convFeeNotifyAction' is clicked on

2024-02-06 16:37:51 - [MESSAGE][PASSED] - Object: 'Object Repository/RAD_Pages/ServiceFeeAccept_Page/input_convFeeNotifyAction' is clicked on

2024-02-06 16:37:51 - [TEST_STEP][PASSED] - delay(10): Delayed 10 second(s)

2024-02-06 16:38:01 - [MESSAGE][PASSED] - Delayed 10 second(s)

2024-02-06 16:38:01 - [TEST_STEP][PASSED] - verifyTextPresent("Successful Payment Receipt", true): Text 'Successful Payment Receipt' is present on page  using regular expression

2024-02-06 16:38:01 - [MESSAGE][PASSED] - Text 'Successful Payment Receipt' is present on page  using regular expression

2024-02-06 16:38:01 - [TEST_STEP][PASSED] - ExecuteTC = findTestData(dataFile).getValue("Execute", row): null

2024-02-06 16:38:02 - [TEST_STEP][PASSED] - TaxType = findTestData(dataFile).getValue("TaxType", row): null

2024-02-06 16:38:02 - [TEST_STEP][PASSED] - PaymentType = findTestData(dataFile).getValue("PaymentType", row): null

2024-02-06 16:38:02 - [TEST_STEP][PASSED] - feinSsn = findTestData(dataFile).getValue("FEINSSN", row): null

2024-02-06 16:38:02 - [TEST_STEP][PASSED] - if (ExecuteTC.equalsIgnoreCase("Y")): null

2024-02-06 16:38:02 - [TEST_STEP][PASSED] - out.println("Begin Record Number: " + row): null

2024-02-06 16:38:02 - [TEST_STEP][PASSED] - today = new java.util.Date(): null

2024-02-06 16:38:02 - [TEST_STEP][PASSED] - println(today): null

2024-02-06 16:38:02 - [TEST_STEP][PASSED] - datText = today: null

2024-02-06 16:38:02 - [TEST_STEP][PASSED] - logInfo("Payment Type: Existing Liability w/Notice Number"): Payment Type: Existing Liability w/Notice Number

2024-02-06 16:38:02 - [MESSAGE][INFO] - Payment Type: Existing Liability w/Notice Number

2024-02-06 16:38:02 - [TEST_STEP][PASSED] - logInfo("Tax Type: " + TaxType): Tax Type: Tobacco Tax

2024-02-06 16:38:02 - [MESSAGE][INFO] - Tax Type: Tobacco Tax

2024-02-06 16:38:02 - [TEST_STEP][PASSED] - openBrowser(""): Browser is opened with url: ''

2024-02-06 16:38:02 - [MESSAGE][WARNING] - A browser is already opened. Closing browser and opening a new one

2024-02-06 16:38:03 - [MESSAGE][INFO] - Starting 'Chrome' driver

2024-02-06 16:38:03 - [MESSAGE][INFO] - User set preference: ['acceptInsecureCerts', 'true']

2024-02-06 16:38:03 - [MESSAGE][INFO] - Action delay is set to 0 milliseconds

2024-02-06 16:38:04 - [MESSAGE][PASSED] - Browser is opened with url: ''

2024-02-06 16:38:04 - [TEST_STEP][PASSED] - maximizeWindow(): Current window maximized

2024-02-06 16:38:05 - [MESSAGE][PASSED] - Current window maximized

2024-02-06 16:38:05 - [TEST_STEP][PASSED] - navigateToUrl(RADurl): Navigate to 'https://qa2.velocitypayment.com/client/rad/index.html' successfully

2024-02-06 16:38:06 - [MESSAGE][PASSED] - Navigate to 'https://qa2.velocitypayment.com/client/rad/index.html' successfully

2024-02-06 16:38:06 - [TEST_STEP][PASSED] - selectOptionByLabel(findTestObject(orPath_Landing + "/dd_TaxType"), "Existing Liability w/Notice Number", false): All options with label 'Existing Liability w/Notice Number' are selected in object 'Object Repository/RAD_Pages/Landing_Page/dd_TaxType' 

2024-02-06 16:38:07 - [MESSAGE][PASSED] - All options with label 'Existing Liability w/Notice Number' are selected in object 'Object Repository/RAD_Pages/Landing_Page/dd_TaxType' 

2024-02-06 16:38:07 - [TEST_STEP][PASSED] - selectOptionByLabel(findTestObject(orPath_TaxTypeFilingYear + "/select_TaxType_ExistingLiability"), TaxType, false): All options with label 'Tobacco Tax' are selected in object 'Object Repository/RAD_Pages/TaxTypeFilingYear_Page/select_TaxType_ExistingLiability' 

2024-02-06 16:38:08 - [MESSAGE][PASSED] - All options with label 'Tobacco Tax' are selected in object 'Object Repository/RAD_Pages/TaxTypeFilingYear_Page/select_TaxType_ExistingLiability' 

2024-02-06 16:38:08 - [TEST_STEP][PASSED] - rad.getSetDataRAD.setDataRADBusinessName(): rad.getSetDataRAD.setDataRADBusinessName is PASSED

2024-02-06 16:38:08 - [MESSAGE][PASSED] - Text 'My Company' is set on object 'Object Repository/RAD_Pages/Taxpayer_Page/input_businessName'

2024-02-06 16:38:08 - [MESSAGE][PASSED] - rad.getSetDataRAD.setDataRADBusinessName is PASSED

2024-02-06 16:38:08 - [TEST_STEP][PASSED] - rad.getSetDataRAD.setDataRADBusinessRep(): rad.getSetDataRAD.setDataRADBusinessRep is PASSED

2024-02-06 16:38:09 - [MESSAGE][PASSED] - Text 'BusRepFname' is set on object 'Object Repository/RAD_Pages/Taxpayer_Page/input_BusinessRepfirstName'

2024-02-06 16:38:10 - [MESSAGE][PASSED] - Text '' is set on object 'Object Repository/RAD_Pages/Taxpayer_Page/input_BusinessRepmiddleName'

2024-02-06 16:38:11 - [MESSAGE][PASSED] - Text 'BusRepLname' is set on object 'Object Repository/RAD_Pages/Taxpayer_Page/input_BusinessReplastName'

2024-02-06 16:38:11 - [MESSAGE][PASSED] - Text '' is set on object 'Object Repository/RAD_Pages/Taxpayer_Page/input_BusinessRepsuffix'

2024-02-06 16:38:11 - [MESSAGE][PASSED] - rad.getSetDataRAD.setDataRADBusinessRep is PASSED

2024-02-06 16:38:11 - [TEST_STEP][PASSED] - rad.getSetDataRAD.setDataRADAddress(): rad.getSetDataRAD.setDataRADAddress is PASSED

2024-02-06 16:38:12 - [MESSAGE][PASSED] - All options with label 'United States' are selected in object 'Object Repository/RAD_Pages/AddressAndContactInfo_Page/select_Country' 

2024-02-06 16:38:13 - [MESSAGE][PASSED] - Text '2508 Mandan Terrace' is set on object 'Object Repository/RAD_Pages/AddressAndContactInfo_Page/input_streetAddress1'

2024-02-06 16:38:13 - [MESSAGE][PASSED] - Text '' is set on object 'Object Repository/RAD_Pages/AddressAndContactInfo_Page/input_streetAddress2'

2024-02-06 16:38:14 - [MESSAGE][PASSED] - Text 'Gambrills' is set on object 'Object Repository/RAD_Pages/AddressAndContactInfo_Page/input_city'

2024-02-06 16:38:15 - [MESSAGE][PASSED] - All options with label 'Maryland' are selected in object 'Object Repository/RAD_Pages/AddressAndContactInfo_Page/select_State' 

2024-02-06 16:38:15 - [MESSAGE][PASSED] - Text '21054' is set on object 'Object Repository/RAD_Pages/AddressAndContactInfo_Page/input_zipCode'

2024-02-06 16:38:16 - [MESSAGE][PASSED] - Text '(703) 894-5000' is set on object 'Object Repository/RAD_Pages/AddressAndContactInfo_Page/input_phoneNumber'

2024-02-06 16:38:17 - [MESSAGE][PASSED] - Text 'iahmed@govolution.com' is set on object 'Object Repository/RAD_Pages/AddressAndContactInfo_Page/input_eMailAddress'

2024-02-06 16:38:18 - [MESSAGE][PASSED] - Text 'iahmed@govolution.com' is set on object 'Object Repository/RAD_Pages/AddressAndContactInfo_Page/input_reEnterEMailAddress'

2024-02-06 16:38:18 - [MESSAGE][PASSED] - rad.getSetDataRAD.setDataRADAddress is PASSED

2024-02-06 16:38:18 - [TEST_STEP][PASSED] - if (feinSsn.equalsIgnoreCase("Y")): Text ****** has been set on object 'Object Repository/RAD_Pages/TaxInfo_Page/input_TaxInfo_RetypefeinSsn_Existing_New'

2024-02-06 16:38:18 - [TEST_STEP][PASSED] - setEncryptedText(findTestObject(orPath_TaxInfo + "/input_TaxInfo_feinSsn_Existing_New"), "RigbBhfdqODKcAsiUrg+1Q=="): Text ****** has been set on object 'Object Repository/RAD_Pages/TaxInfo_Page/input_TaxInfo_feinSsn_Existing_New'

2024-02-06 16:38:19 - [MESSAGE][PASSED] - Text ****** has been set on object 'Object Repository/RAD_Pages/TaxInfo_Page/input_TaxInfo_feinSsn_Existing_New'

2024-02-06 16:38:19 - [TEST_STEP][PASSED] - setEncryptedText(findTestObject(orPath_TaxInfo + "/input_TaxInfo_RetypefeinSsn_Existing_New"), "RigbBhfdqODKcAsiUrg+1Q=="): Text ****** has been set on object 'Object Repository/RAD_Pages/TaxInfo_Page/input_TaxInfo_RetypefeinSsn_Existing_New'

2024-02-06 16:38:19 - [MESSAGE][PASSED] - Text ****** has been set on object 'Object Repository/RAD_Pages/TaxInfo_Page/input_TaxInfo_RetypefeinSsn_Existing_New'

2024-02-06 16:38:19 - [TEST_STEP][PASSED] - rad.getSetDataRAD.setDataRADNoticeInvoiceThirteen(): rad.getSetDataRAD.setDataRADNoticeInvoiceThirteen is PASSED

2024-02-06 16:38:20 - [MESSAGE][PASSED] - Text '1234567890123' is set on object 'Object Repository/RAD_Pages/TaxInfo_Page/input_NoticeInvoiceNumber'

2024-02-06 16:38:21 - [MESSAGE][PASSED] - Text '1234567890123' is set on object 'Object Repository/RAD_Pages/TaxInfo_Page/input_reTypeNoticeInvoiceNumber'

2024-02-06 16:38:21 - [MESSAGE][PASSED] - rad.getSetDataRAD.setDataRADNoticeInvoiceThirteen is PASSED

2024-02-06 16:38:21 - [TEST_STEP][PASSED] - switch (TaxType): null

2024-02-06 16:38:21 - [TEST_STEP][PASSED] - if (TaxType.equalsIgnoreCase("Estate Tax")): null

2024-02-06 16:38:21 - [TEST_STEP][PASSED] - setText(findTestObject(orPath_Amount + "/input__paymentAmount"), "10.00"): Text '10.00' is set on object 'Object Repository/RAD_Pages/PaymentAmount_Page/input__paymentAmount'

2024-02-06 16:38:22 - [MESSAGE][PASSED] - Text '10.00' is set on object 'Object Repository/RAD_Pages/PaymentAmount_Page/input__paymentAmount'

2024-02-06 16:38:22 - [TEST_STEP][PASSED] - setText(findTestObject(orPath_AddressContact + "/input_streetAddress2"), ""): Text '' is set on object 'Object Repository/RAD_Pages/AddressAndContactInfo_Page/input_streetAddress2'

2024-02-06 16:38:22 - [MESSAGE][PASSED] - Text '' is set on object 'Object Repository/RAD_Pages/AddressAndContactInfo_Page/input_streetAddress2'

2024-02-06 16:38:22 - [TEST_STEP][PASSED] - scrollToElement(findTestObject(orPath_Landing + "/button_Continue"), 3): Scroll to object 'Object Repository/RAD_Pages/Landing_Page/button_Continue' successfully

2024-02-06 16:38:23 - [MESSAGE][PASSED] - Scroll to object 'Object Repository/RAD_Pages/Landing_Page/button_Continue' successfully

2024-02-06 16:38:23 - [TEST_STEP][PASSED] - waitForElementClickable(findTestObject(orPath_Landing + "/button_Continue"), 5): Object 'Object Repository/RAD_Pages/Landing_Page/button_Continue' is clickable

2024-02-06 16:38:23 - [MESSAGE][PASSED] - Object 'Object Repository/RAD_Pages/Landing_Page/button_Continue' is clickable

2024-02-06 16:38:23 - [TEST_STEP][PASSED] - click(findTestObject(orPath_Landing + "/button_Continue")): Object: 'Object Repository/RAD_Pages/Landing_Page/button_Continue' is clicked on

2024-02-06 16:38:24 - [MESSAGE][PASSED] - Object: 'Object Repository/RAD_Pages/Landing_Page/button_Continue' is clicked on

2024-02-06 16:38:24 - [TEST_STEP][PASSED] - delay(2): Delayed 2 second(s)

2024-02-06 16:38:26 - [MESSAGE][PASSED] - Delayed 2 second(s)

2024-02-06 16:38:26 - [TEST_STEP][PASSED] - click(findTestObject(orPath_Summary + "/button_Proceed to Payment")): Object: 'Object Repository/RAD_Pages/Summary_Page/button_Proceed to Payment' is clicked on

2024-02-06 16:38:29 - [MESSAGE][PASSED] - Object: 'Object Repository/RAD_Pages/Summary_Page/button_Proceed to Payment' is clicked on

2024-02-06 16:38:29 - [TEST_STEP][PASSED] - if (verifyElementPresent(findTestObject("Object Repository/RAD_Pages/PaymentEntry_Page/input__billingName"), 30)): null

2024-02-06 16:38:30 - [MESSAGE][PASSED] - Object 'Object Repository/RAD_Pages/PaymentEntry_Page/input__billingName' is present

2024-02-06 16:38:30 - [TEST_STEP][PASSED] - verifyTextPresent("Payment Information", true): Text 'Payment Information' is present on page  using regular expression

2024-02-06 16:38:30 - [MESSAGE][PASSED] - Text 'Payment Information' is present on page  using regular expression

2024-02-06 16:38:30 - [TEST_STEP][PASSED] - card_Name = getAttribute(findTestObject("Object Repository/RAD_Pages/PaymentEntry_Page/input__billingName"), "value"): Attribute 'value' of object 'Object Repository/RAD_Pages/PaymentEntry_Page/input__billingName' is: 'BusRepFname BusRepLname'

2024-02-06 16:38:30 - [MESSAGE][PASSED] - Attribute 'value' of object 'Object Repository/RAD_Pages/PaymentEntry_Page/input__billingName' is: 'BusRepFname BusRepLname'

2024-02-06 16:38:30 - [TEST_STEP][PASSED] - verifyMatch("BusRepFname BusRepLname", card_Name, false): Actual text 'BusRepFname BusRepLname' and expected text 'BusRepFname BusRepLname' are matched 

2024-02-06 16:38:30 - [MESSAGE][PASSED] - Actual text 'BusRepFname BusRepLname' and expected text 'BusRepFname BusRepLname' are matched 

2024-02-06 16:38:30 - [TEST_STEP][PASSED] - AL1 = getAttribute(findTestObject("Object Repository/RAD_Pages/PaymentEntry_Page/input_billingAddress"), "value"): Attribute 'value' of object 'Object Repository/RAD_Pages/PaymentEntry_Page/input_billingAddress' is: '2508 Mandan Terrace'

2024-02-06 16:38:31 - [MESSAGE][PASSED] - Attribute 'value' of object 'Object Repository/RAD_Pages/PaymentEntry_Page/input_billingAddress' is: '2508 Mandan Terrace'

2024-02-06 16:38:31 - [TEST_STEP][PASSED] - verifyMatch("2508 Mandan Terrace", AL1, false): Actual text '2508 Mandan Terrace' and expected text '2508 Mandan Terrace' are matched 

2024-02-06 16:38:31 - [MESSAGE][PASSED] - Actual text '2508 Mandan Terrace' and expected text '2508 Mandan Terrace' are matched 

2024-02-06 16:38:31 - [TEST_STEP][PASSED] - AL2 = getAttribute(findTestObject("Object Repository/RAD_Pages/PaymentEntry_Page/input_billingAddress2"), "value"): Attribute 'value' of object 'Object Repository/RAD_Pages/PaymentEntry_Page/input_billingAddress2' is: ''

2024-02-06 16:38:31 - [MESSAGE][PASSED] - Attribute 'value' of object 'Object Repository/RAD_Pages/PaymentEntry_Page/input_billingAddress2' is: ''

2024-02-06 16:38:31 - [TEST_STEP][PASSED] - verifyMatch("", AL2, false): Actual text '' and expected text '' are matched 

2024-02-06 16:38:31 - [MESSAGE][PASSED] - Actual text '' and expected text '' are matched 

2024-02-06 16:38:31 - [TEST_STEP][PASSED] - zipCode = getAttribute(findTestObject("Object Repository/RAD_Pages/PaymentEntry_Page/input_billingZip"), "value"): Attribute 'value' of object 'Object Repository/RAD_Pages/PaymentEntry_Page/input_billingZip' is: '21054'

2024-02-06 16:38:31 - [MESSAGE][PASSED] - Attribute 'value' of object 'Object Repository/RAD_Pages/PaymentEntry_Page/input_billingZip' is: '21054'

2024-02-06 16:38:31 - [TEST_STEP][PASSED] - verifyMatch("21054", zipCode, false): Actual text '21054' and expected text '21054' are matched 

2024-02-06 16:38:31 - [MESSAGE][PASSED] - Actual text '21054' and expected text '21054' are matched 

2024-02-06 16:38:31 - [TEST_STEP][PASSED] - city = getAttribute(findTestObject("Object Repository/RAD_Pages/PaymentEntry_Page/input_billingCity"), "value"): Attribute 'value' of object 'Object Repository/RAD_Pages/PaymentEntry_Page/input_billingCity' is: 'GAMBRILLS'

2024-02-06 16:38:32 - [MESSAGE][PASSED] - Attribute 'value' of object 'Object Repository/RAD_Pages/PaymentEntry_Page/input_billingCity' is: 'GAMBRILLS'

2024-02-06 16:38:32 - [TEST_STEP][PASSED] - verifyMatch("GAMBRILLS", city, false): Actual text 'GAMBRILLS' and expected text 'GAMBRILLS' are matched 

2024-02-06 16:38:32 - [MESSAGE][PASSED] - Actual text 'GAMBRILLS' and expected text 'GAMBRILLS' are matched 

2024-02-06 16:38:32 - [TEST_STEP][PASSED] - email = getAttribute(findTestObject("Object Repository/RAD_Pages/PaymentEntry_Page/input_emailAddress"), "value"): Attribute 'value' of object 'Object Repository/RAD_Pages/PaymentEntry_Page/input_emailAddress' is: 'iahmed@govolution.com'

2024-02-06 16:38:32 - [MESSAGE][PASSED] - Attribute 'value' of object 'Object Repository/RAD_Pages/PaymentEntry_Page/input_emailAddress' is: 'iahmed@govolution.com'

2024-02-06 16:38:32 - [TEST_STEP][PASSED] - verifyMatch("iahmed@govolution.com", email, false): Actual text 'iahmed@govolution.com' and expected text 'iahmed@govolution.com' are matched 

2024-02-06 16:38:32 - [MESSAGE][PASSED] - Actual text 'iahmed@govolution.com' and expected text 'iahmed@govolution.com' are matched 

2024-02-06 16:38:32 - [TEST_STEP][PASSED] - amount = getAttribute(findTestObject("Object Repository/RAD_Pages/PaymentEntry_Page/input_amount"), "value"): Attribute 'value' of object 'Object Repository/RAD_Pages/PaymentEntry_Page/input_amount' is: '10.00'

2024-02-06 16:38:32 - [MESSAGE][PASSED] - Attribute 'value' of object 'Object Repository/RAD_Pages/PaymentEntry_Page/input_amount' is: '10.00'

2024-02-06 16:38:32 - [TEST_STEP][PASSED] - verifyMatch("10.00", amount, false): Actual text '10.00' and expected text '10.00' are matched 

2024-02-06 16:38:32 - [MESSAGE][PASSED] - Actual text '10.00' and expected text '10.00' are matched 

2024-02-06 16:38:32 - [TEST_STEP][PASSED] - amountReadOnly = getAttribute(findTestObject("Object Repository/RAD_Pages/PaymentEntry_Page/input_amount"), "readonly"): Attribute 'readonly' of object 'Object Repository/RAD_Pages/PaymentEntry_Page/input_amount' is: 'true'

2024-02-06 16:38:33 - [MESSAGE][PASSED] - Attribute 'readonly' of object 'Object Repository/RAD_Pages/PaymentEntry_Page/input_amount' is: 'true'

2024-02-06 16:38:33 - [TEST_STEP][PASSED] - verifyMatch("true", amountReadOnly, false): Actual text 'true' and expected text 'true' are matched 

2024-02-06 16:38:33 - [MESSAGE][PASSED] - Actual text 'true' and expected text 'true' are matched 

2024-02-06 16:38:33 - [TEST_STEP][PASSED] - verifyOptionSelectedByLabel(findTestObject("Object Repository/RAD_Pages/PaymentEntry_Page/select_Country"), "United States", false, 20): All options with label 'United States' are selected in object 'Object Repository/RAD_Pages/PaymentEntry_Page/select_Country' 

2024-02-06 16:38:34 - [MESSAGE][PASSED] - All options with label 'United States' are selected in object 'Object Repository/RAD_Pages/PaymentEntry_Page/select_Country' 

2024-02-06 16:38:34 - [TEST_STEP][PASSED] - verifyOptionSelectedByLabel(findTestObject("Object Repository/RAD_Pages/PaymentEntry_Page/select_State"), "Maryland", false, 20): All options with label 'Maryland' are selected in object 'Object Repository/RAD_Pages/PaymentEntry_Page/select_State' 

2024-02-06 16:38:36 - [MESSAGE][PASSED] - All options with label 'Maryland' are selected in object 'Object Repository/RAD_Pages/PaymentEntry_Page/select_State' 

2024-02-06 16:38:37 - [TEST_STEP][PASSED] - setText(findTestObject(orPath_PaymentEntry + "/input__cardNumber"), "4111111111111111"): Text '4111111111111111' is set on object 'Object Repository/RAD_Pages/PaymentEntry_Page/input__cardNumber'

2024-02-06 16:38:37 - [MESSAGE][PASSED] - Text '4111111111111111' is set on object 'Object Repository/RAD_Pages/PaymentEntry_Page/input__cardNumber'

2024-02-06 16:38:37 - [TEST_STEP][PASSED] - setText(findTestObject(orPath_PaymentEntry + "/input__spc"), "123"): Text '123' is set on object 'Object Repository/RAD_Pages/PaymentEntry_Page/input__spc'

2024-02-06 16:38:38 - [MESSAGE][PASSED] - Text '123' is set on object 'Object Repository/RAD_Pages/PaymentEntry_Page/input__spc'

2024-02-06 16:38:38 - [TEST_STEP][PASSED] - selectOptionByLabel(findTestObject(orPath_PaymentEntry + "/select_MM"), "12", false): All options with label '12' are selected in object 'Object Repository/RAD_Pages/PaymentEntry_Page/select_MM' 

2024-02-06 16:38:39 - [MESSAGE][PASSED] - All options with label '12' are selected in object 'Object Repository/RAD_Pages/PaymentEntry_Page/select_MM' 

2024-02-06 16:38:39 - [TEST_STEP][PASSED] - selectOptionByLabel(findTestObject(orPath_PaymentEntry + "/select_YYYY"), "2028", false): All options with label '2028' are selected in object 'Object Repository/RAD_Pages/PaymentEntry_Page/select_YYYY' 

2024-02-06 16:38:39 - [MESSAGE][PASSED] - All options with label '2028' are selected in object 'Object Repository/RAD_Pages/PaymentEntry_Page/select_YYYY' 

2024-02-06 16:38:39 - [TEST_STEP][PASSED] - click(findTestObject(orPath_PaymentEntry + "/input_Field_ccSubmit")): Object: 'Object Repository/RAD_Pages/PaymentEntry_Page/input_Field_ccSubmit' is clicked on

2024-02-06 16:38:40 - [MESSAGE][PASSED] - Object: 'Object Repository/RAD_Pages/PaymentEntry_Page/input_Field_ccSubmit' is clicked on

2024-02-06 16:38:40 - [TEST_STEP][PASSED] - click(findTestObject(orPath_PaymentConfirmation + "/input_N_confirmNotifyAction")): Object: 'Object Repository/RAD_Pages/PaymentConfirmation_Page/input_N_confirmNotifyAction' is clicked on

2024-02-06 16:38:41 - [MESSAGE][PASSED] - Object: 'Object Repository/RAD_Pages/PaymentConfirmation_Page/input_N_confirmNotifyAction' is clicked on

2024-02-06 16:38:41 - [TEST_STEP][PASSED] - verifyTextPresent("Service Fee Acceptance", true): Text 'Service Fee Acceptance' is present on page  using regular expression

2024-02-06 16:38:42 - [MESSAGE][PASSED] - Text 'Service Fee Acceptance' is present on page  using regular expression

2024-02-06 16:38:42 - [TEST_STEP][PASSED] - verifyTextPresent("This transaction is subject to a Service Fee of ", true): Text 'This transaction is subject to a Service Fee of ' is present on page  using regular expression

2024-02-06 16:38:42 - [MESSAGE][PASSED] - Text 'This transaction is subject to a Service Fee of ' is present on page  using regular expression

2024-02-06 16:38:42 - [TEST_STEP][PASSED] - verifyTextPresent("Payment Amount:", true): Text 'Payment Amount:' is present on page  using regular expression

2024-02-06 16:38:43 - [MESSAGE][PASSED] - Text 'Payment Amount:' is present on page  using regular expression

2024-02-06 16:38:43 - [TEST_STEP][PASSED] - verifyTextPresent("10.00", true): Text '10.00' is present on page  using regular expression

2024-02-06 16:38:43 - [MESSAGE][PASSED] - Text '10.00' is present on page  using regular expression

2024-02-06 16:38:43 - [TEST_STEP][PASSED] - verifyTextPresent("Service Fee:", true): Text 'Service Fee:' is present on page  using regular expression

2024-02-06 16:38:43 - [MESSAGE][PASSED] - Text 'Service Fee:' is present on page  using regular expression

2024-02-06 16:38:43 - [TEST_STEP][PASSED] - verifyTextPresent("1.00", true): Text '1.00' is present on page  using regular expression

2024-02-06 16:38:43 - [MESSAGE][PASSED] - Text '1.00' is present on page  using regular expression

2024-02-06 16:38:43 - [TEST_STEP][PASSED] - verifyTextPresent("Total Amount:", true): Text 'Total Amount:' is present on page  using regular expression

2024-02-06 16:38:44 - [MESSAGE][PASSED] - Text 'Total Amount:' is present on page  using regular expression

2024-02-06 16:38:44 - [TEST_STEP][PASSED] - verifyTextPresent("11.00", true): Text '11.00' is present on page  using regular expression

2024-02-06 16:38:44 - [MESSAGE][PASSED] - Text '11.00' is present on page  using regular expression

2024-02-06 16:38:44 - [TEST_STEP][PASSED] - verifyTextPresent("Two transactions will appear on your bank statement, one in the amount of", true): Text 'Two transactions will appear on your bank statement, one in the amount of' is present on page  using regular expression

2024-02-06 16:38:44 - [MESSAGE][PASSED] - Text 'Two transactions will appear on your bank statement, one in the amount of' is present on page  using regular expression

2024-02-06 16:38:44 - [TEST_STEP][PASSED] - if (verifyElementPresent(findTestObject(orPath_ServiceFeesAccept + "/input_convFeeNotifyAction"), 30)): null

2024-02-06 16:38:45 - [MESSAGE][PASSED] - Object 'Object Repository/RAD_Pages/ServiceFeeAccept_Page/input_convFeeNotifyAction' is present

2024-02-06 16:38:45 - [TEST_STEP][PASSED] - resText = "Pass": null

2024-02-06 16:38:45 - [TEST_STEP][PASSED] - pages.WriteExcel.demoKey(resText, datText, resColumn, datCloumn, fileLoc, nameSheet, row): pages.WriteExcel.demoKey is PASSED

2024-02-06 16:38:45 - [MESSAGE][PASSED] - pages.WriteExcel.demoKey is PASSED

2024-02-06 16:38:45 - [TEST_STEP][PASSED] - if (execProfile == "QAProfile" || execProfile == "QA2Profile"): Text 'Successful Payment Receipt' is present on page  using regular expression

2024-02-06 16:38:45 - [TEST_STEP][PASSED] - click(findTestObject(orPath_ServiceFeesAccept + "/input_convFeeNotifyAction")): Object: 'Object Repository/RAD_Pages/ServiceFeeAccept_Page/input_convFeeNotifyAction' is clicked on

2024-02-06 16:38:46 - [MESSAGE][PASSED] - Object: 'Object Repository/RAD_Pages/ServiceFeeAccept_Page/input_convFeeNotifyAction' is clicked on

2024-02-06 16:38:46 - [TEST_STEP][PASSED] - delay(10): Delayed 10 second(s)

2024-02-06 16:38:56 - [MESSAGE][PASSED] - Delayed 10 second(s)

2024-02-06 16:38:56 - [TEST_STEP][PASSED] - verifyTextPresent("Successful Payment Receipt", true): Text 'Successful Payment Receipt' is present on page  using regular expression

2024-02-06 16:38:56 - [MESSAGE][PASSED] - Text 'Successful Payment Receipt' is present on page  using regular expression

2024-02-06 16:38:56 - [TEST_STEP][PASSED] - ExecuteTC = findTestData(dataFile).getValue("Execute", row): null

2024-02-06 16:38:56 - [TEST_STEP][PASSED] - TaxType = findTestData(dataFile).getValue("TaxType", row): null

2024-02-06 16:38:56 - [TEST_STEP][PASSED] - PaymentType = findTestData(dataFile).getValue("PaymentType", row): null

2024-02-06 16:38:56 - [TEST_STEP][PASSED] - feinSsn = findTestData(dataFile).getValue("FEINSSN", row): null

2024-02-06 16:38:56 - [TEST_STEP][PASSED] - if (ExecuteTC.equalsIgnoreCase("Y")): null

2024-02-06 16:38:56 - [TEST_STEP][PASSED] - out.println("Begin Record Number: " + row): null

2024-02-06 16:38:56 - [TEST_STEP][PASSED] - today = new java.util.Date(): null

2024-02-06 16:38:56 - [TEST_STEP][PASSED] - println(today): null

2024-02-06 16:38:56 - [TEST_STEP][PASSED] - datText = today: null

2024-02-06 16:38:56 - [TEST_STEP][PASSED] - logInfo("Payment Type: Existing Liability w/Notice Number"): Payment Type: Existing Liability w/Notice Number

2024-02-06 16:38:56 - [MESSAGE][INFO] - Payment Type: Existing Liability w/Notice Number

2024-02-06 16:38:56 - [TEST_STEP][PASSED] - logInfo("Tax Type: " + TaxType): Tax Type: Transportation Network Services

2024-02-06 16:38:56 - [MESSAGE][INFO] - Tax Type: Transportation Network Services

2024-02-06 16:38:56 - [TEST_STEP][PASSED] - openBrowser(""): Browser is opened with url: ''

2024-02-06 16:38:56 - [MESSAGE][WARNING] - A browser is already opened. Closing browser and opening a new one

2024-02-06 16:38:57 - [MESSAGE][INFO] - Starting 'Chrome' driver

2024-02-06 16:38:57 - [MESSAGE][INFO] - User set preference: ['acceptInsecureCerts', 'true']

2024-02-06 16:38:57 - [MESSAGE][INFO] - Action delay is set to 0 milliseconds

2024-02-06 16:38:59 - [MESSAGE][PASSED] - Browser is opened with url: ''

2024-02-06 16:38:59 - [TEST_STEP][PASSED] - maximizeWindow(): Current window maximized

2024-02-06 16:38:59 - [MESSAGE][PASSED] - Current window maximized

2024-02-06 16:38:59 - [TEST_STEP][PASSED] - navigateToUrl(RADurl): Navigate to 'https://qa2.velocitypayment.com/client/rad/index.html' successfully

2024-02-06 16:39:00 - [MESSAGE][PASSED] - Navigate to 'https://qa2.velocitypayment.com/client/rad/index.html' successfully

2024-02-06 16:39:00 - [TEST_STEP][PASSED] - selectOptionByLabel(findTestObject(orPath_Landing + "/dd_TaxType"), "Existing Liability w/Notice Number", false): All options with label 'Existing Liability w/Notice Number' are selected in object 'Object Repository/RAD_Pages/Landing_Page/dd_TaxType' 

2024-02-06 16:39:01 - [MESSAGE][PASSED] - All options with label 'Existing Liability w/Notice Number' are selected in object 'Object Repository/RAD_Pages/Landing_Page/dd_TaxType' 

2024-02-06 16:39:01 - [TEST_STEP][PASSED] - selectOptionByLabel(findTestObject(orPath_TaxTypeFilingYear + "/select_TaxType_ExistingLiability"), TaxType, false): All options with label 'Transportation Network Services' are selected in object 'Object Repository/RAD_Pages/TaxTypeFilingYear_Page/select_TaxType_ExistingLiability' 

2024-02-06 16:39:02 - [MESSAGE][PASSED] - All options with label 'Transportation Network Services' are selected in object 'Object Repository/RAD_Pages/TaxTypeFilingYear_Page/select_TaxType_ExistingLiability' 

2024-02-06 16:39:02 - [TEST_STEP][PASSED] - rad.getSetDataRAD.setDataRADBusinessName(): rad.getSetDataRAD.setDataRADBusinessName is PASSED

2024-02-06 16:39:03 - [MESSAGE][PASSED] - Text 'My Company' is set on object 'Object Repository/RAD_Pages/Taxpayer_Page/input_businessName'

2024-02-06 16:39:03 - [MESSAGE][PASSED] - rad.getSetDataRAD.setDataRADBusinessName is PASSED

2024-02-06 16:39:03 - [TEST_STEP][PASSED] - rad.getSetDataRAD.setDataRADBusinessRep(): rad.getSetDataRAD.setDataRADBusinessRep is PASSED

2024-02-06 16:39:04 - [MESSAGE][PASSED] - Text 'BusRepFname' is set on object 'Object Repository/RAD_Pages/Taxpayer_Page/input_BusinessRepfirstName'

2024-02-06 16:39:04 - [MESSAGE][PASSED] - Text '' is set on object 'Object Repository/RAD_Pages/Taxpayer_Page/input_BusinessRepmiddleName'

2024-02-06 16:39:05 - [MESSAGE][PASSED] - Text 'BusRepLname' is set on object 'Object Repository/RAD_Pages/Taxpayer_Page/input_BusinessReplastName'

2024-02-06 16:39:06 - [MESSAGE][PASSED] - Text '' is set on object 'Object Repository/RAD_Pages/Taxpayer_Page/input_BusinessRepsuffix'

2024-02-06 16:39:06 - [MESSAGE][PASSED] - rad.getSetDataRAD.setDataRADBusinessRep is PASSED

2024-02-06 16:39:06 - [TEST_STEP][PASSED] - rad.getSetDataRAD.setDataRADAddress(): rad.getSetDataRAD.setDataRADAddress is PASSED

2024-02-06 16:39:07 - [MESSAGE][PASSED] - All options with label 'United States' are selected in object 'Object Repository/RAD_Pages/AddressAndContactInfo_Page/select_Country' 

2024-02-06 16:39:07 - [MESSAGE][PASSED] - Text '2508 Mandan Terrace' is set on object 'Object Repository/RAD_Pages/AddressAndContactInfo_Page/input_streetAddress1'

2024-02-06 16:39:08 - [MESSAGE][PASSED] - Text '' is set on object 'Object Repository/RAD_Pages/AddressAndContactInfo_Page/input_streetAddress2'

2024-02-06 16:39:09 - [MESSAGE][PASSED] - Text 'Gambrills' is set on object 'Object Repository/RAD_Pages/AddressAndContactInfo_Page/input_city'

2024-02-06 16:39:09 - [MESSAGE][PASSED] - All options with label 'Maryland' are selected in object 'Object Repository/RAD_Pages/AddressAndContactInfo_Page/select_State' 

2024-02-06 16:39:10 - [MESSAGE][PASSED] - Text '21054' is set on object 'Object Repository/RAD_Pages/AddressAndContactInfo_Page/input_zipCode'

2024-02-06 16:39:11 - [MESSAGE][PASSED] - Text '(703) 894-5000' is set on object 'Object Repository/RAD_Pages/AddressAndContactInfo_Page/input_phoneNumber'

2024-02-06 16:39:12 - [MESSAGE][PASSED] - Text 'iahmed@govolution.com' is set on object 'Object Repository/RAD_Pages/AddressAndContactInfo_Page/input_eMailAddress'

2024-02-06 16:39:13 - [MESSAGE][PASSED] - Text 'iahmed@govolution.com' is set on object 'Object Repository/RAD_Pages/AddressAndContactInfo_Page/input_reEnterEMailAddress'

2024-02-06 16:39:13 - [MESSAGE][PASSED] - rad.getSetDataRAD.setDataRADAddress is PASSED

2024-02-06 16:39:13 - [TEST_STEP][PASSED] - if (feinSsn.equalsIgnoreCase("Y")): null

2024-02-06 16:39:13 - [TEST_STEP][PASSED] - else: Text ****** has been set on object 'Object Repository/RAD_Pages/TaxInfo_Page/input_concat(id(, , data, , ))_Data (1)'

2024-02-06 16:39:13 - [TEST_STEP][PASSED] - if (!(TaxType.equalsIgnoreCase("Estate Tax"))): Text ****** has been set on object 'Object Repository/RAD_Pages/TaxInfo_Page/input_concat(id(, , data, , ))_Data (1)'

2024-02-06 16:39:13 - [TEST_STEP][PASSED] - setEncryptedText(findTestObject("Object Repository/RAD_Pages/TaxInfo_Page/input_concat(id(, , data, , ))_Data"), "RigbBhfdqODKcAsiUrg+1Q=="): Text ****** has been set on object 'Object Repository/RAD_Pages/TaxInfo_Page/input_concat(id(, , data, , ))_Data'

2024-02-06 16:39:13 - [MESSAGE][PASSED] - Text ****** has been set on object 'Object Repository/RAD_Pages/TaxInfo_Page/input_concat(id(, , data, , ))_Data'

2024-02-06 16:39:13 - [TEST_STEP][PASSED] - setEncryptedText(findTestObject("Object Repository/RAD_Pages/TaxInfo_Page/input_concat(id(, , data, , ))_Data (1)"), "RigbBhfdqODKcAsiUrg+1Q=="): Text ****** has been set on object 'Object Repository/RAD_Pages/TaxInfo_Page/input_concat(id(, , data, , ))_Data (1)'

2024-02-06 16:39:14 - [MESSAGE][PASSED] - Text ****** has been set on object 'Object Repository/RAD_Pages/TaxInfo_Page/input_concat(id(, , data, , ))_Data (1)'

2024-02-06 16:39:14 - [TEST_STEP][PASSED] - rad.getSetDataRAD.setDataRADNoticeInvoiceThirteen(): rad.getSetDataRAD.setDataRADNoticeInvoiceThirteen is PASSED

2024-02-06 16:39:15 - [MESSAGE][PASSED] - Text '1234567890123' is set on object 'Object Repository/RAD_Pages/TaxInfo_Page/input_NoticeInvoiceNumber'

2024-02-06 16:39:16 - [MESSAGE][PASSED] - Text '1234567890123' is set on object 'Object Repository/RAD_Pages/TaxInfo_Page/input_reTypeNoticeInvoiceNumber'

2024-02-06 16:39:16 - [MESSAGE][PASSED] - rad.getSetDataRAD.setDataRADNoticeInvoiceThirteen is PASSED

2024-02-06 16:39:16 - [TEST_STEP][PASSED] - switch (TaxType): null

2024-02-06 16:39:16 - [TEST_STEP][PASSED] - if (TaxType.equalsIgnoreCase("Estate Tax")): null

2024-02-06 16:39:16 - [TEST_STEP][PASSED] - setText(findTestObject(orPath_Amount + "/input__paymentAmount"), "10.00"): Text '10.00' is set on object 'Object Repository/RAD_Pages/PaymentAmount_Page/input__paymentAmount'

2024-02-06 16:39:17 - [MESSAGE][PASSED] - Text '10.00' is set on object 'Object Repository/RAD_Pages/PaymentAmount_Page/input__paymentAmount'

2024-02-06 16:39:17 - [TEST_STEP][PASSED] - setText(findTestObject(orPath_AddressContact + "/input_streetAddress2"), ""): Text '' is set on object 'Object Repository/RAD_Pages/AddressAndContactInfo_Page/input_streetAddress2'

2024-02-06 16:39:18 - [MESSAGE][PASSED] - Text '' is set on object 'Object Repository/RAD_Pages/AddressAndContactInfo_Page/input_streetAddress2'

2024-02-06 16:39:18 - [TEST_STEP][PASSED] - scrollToElement(findTestObject(orPath_Landing + "/button_Continue"), 3): Scroll to object 'Object Repository/RAD_Pages/Landing_Page/button_Continue' successfully

2024-02-06 16:39:18 - [MESSAGE][PASSED] - Scroll to object 'Object Repository/RAD_Pages/Landing_Page/button_Continue' successfully

2024-02-06 16:39:18 - [TEST_STEP][PASSED] - waitForElementClickable(findTestObject(orPath_Landing + "/button_Continue"), 5): Object 'Object Repository/RAD_Pages/Landing_Page/button_Continue' is clickable

2024-02-06 16:39:18 - [MESSAGE][PASSED] - Object 'Object Repository/RAD_Pages/Landing_Page/button_Continue' is clickable

2024-02-06 16:39:18 - [TEST_STEP][PASSED] - click(findTestObject(orPath_Landing + "/button_Continue")): Object: 'Object Repository/RAD_Pages/Landing_Page/button_Continue' is clicked on

2024-02-06 16:39:19 - [MESSAGE][PASSED] - Object: 'Object Repository/RAD_Pages/Landing_Page/button_Continue' is clicked on

2024-02-06 16:39:19 - [TEST_STEP][PASSED] - delay(2): Delayed 2 second(s)

2024-02-06 16:39:21 - [MESSAGE][PASSED] - Delayed 2 second(s)

2024-02-06 16:39:21 - [TEST_STEP][PASSED] - click(findTestObject(orPath_Summary + "/button_Proceed to Payment")): Object: 'Object Repository/RAD_Pages/Summary_Page/button_Proceed to Payment' is clicked on

2024-02-06 16:39:22 - [MESSAGE][PASSED] - Object: 'Object Repository/RAD_Pages/Summary_Page/button_Proceed to Payment' is clicked on

2024-02-06 16:39:22 - [TEST_STEP][PASSED] - if (verifyElementPresent(findTestObject("Object Repository/RAD_Pages/PaymentEntry_Page/input__billingName"), 30)): null

2024-02-06 16:39:23 - [MESSAGE][PASSED] - Object 'Object Repository/RAD_Pages/PaymentEntry_Page/input__billingName' is present

2024-02-06 16:39:23 - [TEST_STEP][PASSED] - verifyTextPresent("Payment Information", true): Text 'Payment Information' is present on page  using regular expression

2024-02-06 16:39:23 - [MESSAGE][PASSED] - Text 'Payment Information' is present on page  using regular expression

2024-02-06 16:39:23 - [TEST_STEP][PASSED] - card_Name = getAttribute(findTestObject("Object Repository/RAD_Pages/PaymentEntry_Page/input__billingName"), "value"): Attribute 'value' of object 'Object Repository/RAD_Pages/PaymentEntry_Page/input__billingName' is: 'BusRepFname BusRepLname'

2024-02-06 16:39:23 - [MESSAGE][PASSED] - Attribute 'value' of object 'Object Repository/RAD_Pages/PaymentEntry_Page/input__billingName' is: 'BusRepFname BusRepLname'

2024-02-06 16:39:23 - [TEST_STEP][PASSED] - verifyMatch("BusRepFname BusRepLname", card_Name, false): Actual text 'BusRepFname BusRepLname' and expected text 'BusRepFname BusRepLname' are matched 

2024-02-06 16:39:23 - [MESSAGE][PASSED] - Actual text 'BusRepFname BusRepLname' and expected text 'BusRepFname BusRepLname' are matched 

2024-02-06 16:39:23 - [TEST_STEP][PASSED] - AL1 = getAttribute(findTestObject("Object Repository/RAD_Pages/PaymentEntry_Page/input_billingAddress"), "value"): Attribute 'value' of object 'Object Repository/RAD_Pages/PaymentEntry_Page/input_billingAddress' is: '2508 Mandan Terrace'

2024-02-06 16:39:24 - [MESSAGE][PASSED] - Attribute 'value' of object 'Object Repository/RAD_Pages/PaymentEntry_Page/input_billingAddress' is: '2508 Mandan Terrace'

2024-02-06 16:39:24 - [TEST_STEP][PASSED] - verifyMatch("2508 Mandan Terrace", AL1, false): Actual text '2508 Mandan Terrace' and expected text '2508 Mandan Terrace' are matched 

2024-02-06 16:39:24 - [MESSAGE][PASSED] - Actual text '2508 Mandan Terrace' and expected text '2508 Mandan Terrace' are matched 

2024-02-06 16:39:24 - [TEST_STEP][PASSED] - AL2 = getAttribute(findTestObject("Object Repository/RAD_Pages/PaymentEntry_Page/input_billingAddress2"), "value"): Attribute 'value' of object 'Object Repository/RAD_Pages/PaymentEntry_Page/input_billingAddress2' is: ''

2024-02-06 16:39:24 - [MESSAGE][PASSED] - Attribute 'value' of object 'Object Repository/RAD_Pages/PaymentEntry_Page/input_billingAddress2' is: ''

2024-02-06 16:39:24 - [TEST_STEP][PASSED] - verifyMatch("", AL2, false): Actual text '' and expected text '' are matched 

2024-02-06 16:39:24 - [MESSAGE][PASSED] - Actual text '' and expected text '' are matched 

2024-02-06 16:39:24 - [TEST_STEP][PASSED] - zipCode = getAttribute(findTestObject("Object Repository/RAD_Pages/PaymentEntry_Page/input_billingZip"), "value"): Attribute 'value' of object 'Object Repository/RAD_Pages/PaymentEntry_Page/input_billingZip' is: '21054'

2024-02-06 16:39:24 - [MESSAGE][PASSED] - Attribute 'value' of object 'Object Repository/RAD_Pages/PaymentEntry_Page/input_billingZip' is: '21054'

2024-02-06 16:39:24 - [TEST_STEP][PASSED] - verifyMatch("21054", zipCode, false): Actual text '21054' and expected text '21054' are matched 

2024-02-06 16:39:24 - [MESSAGE][PASSED] - Actual text '21054' and expected text '21054' are matched 

2024-02-06 16:39:24 - [TEST_STEP][PASSED] - city = getAttribute(findTestObject("Object Repository/RAD_Pages/PaymentEntry_Page/input_billingCity"), "value"): Attribute 'value' of object 'Object Repository/RAD_Pages/PaymentEntry_Page/input_billingCity' is: 'GAMBRILLS'

2024-02-06 16:39:25 - [MESSAGE][PASSED] - Attribute 'value' of object 'Object Repository/RAD_Pages/PaymentEntry_Page/input_billingCity' is: 'GAMBRILLS'

2024-02-06 16:39:25 - [TEST_STEP][PASSED] - verifyMatch("GAMBRILLS", city, false): Actual text 'GAMBRILLS' and expected text 'GAMBRILLS' are matched 

2024-02-06 16:39:25 - [MESSAGE][PASSED] - Actual text 'GAMBRILLS' and expected text 'GAMBRILLS' are matched 

2024-02-06 16:39:25 - [TEST_STEP][PASSED] - email = getAttribute(findTestObject("Object Repository/RAD_Pages/PaymentEntry_Page/input_emailAddress"), "value"): Attribute 'value' of object 'Object Repository/RAD_Pages/PaymentEntry_Page/input_emailAddress' is: 'iahmed@govolution.com'

2024-02-06 16:39:25 - [MESSAGE][PASSED] - Attribute 'value' of object 'Object Repository/RAD_Pages/PaymentEntry_Page/input_emailAddress' is: 'iahmed@govolution.com'

2024-02-06 16:39:25 - [TEST_STEP][PASSED] - verifyMatch("iahmed@govolution.com", email, false): Actual text 'iahmed@govolution.com' and expected text 'iahmed@govolution.com' are matched 

2024-02-06 16:39:25 - [MESSAGE][PASSED] - Actual text 'iahmed@govolution.com' and expected text 'iahmed@govolution.com' are matched 

2024-02-06 16:39:25 - [TEST_STEP][PASSED] - amount = getAttribute(findTestObject("Object Repository/RAD_Pages/PaymentEntry_Page/input_amount"), "value"): Attribute 'value' of object 'Object Repository/RAD_Pages/PaymentEntry_Page/input_amount' is: '10.00'

2024-02-06 16:39:25 - [MESSAGE][PASSED] - Attribute 'value' of object 'Object Repository/RAD_Pages/PaymentEntry_Page/input_amount' is: '10.00'

2024-02-06 16:39:25 - [TEST_STEP][PASSED] - verifyMatch("10.00", amount, false): Actual text '10.00' and expected text '10.00' are matched 

2024-02-06 16:39:25 - [MESSAGE][PASSED] - Actual text '10.00' and expected text '10.00' are matched 

2024-02-06 16:39:25 - [TEST_STEP][PASSED] - amountReadOnly = getAttribute(findTestObject("Object Repository/RAD_Pages/PaymentEntry_Page/input_amount"), "readonly"): Attribute 'readonly' of object 'Object Repository/RAD_Pages/PaymentEntry_Page/input_amount' is: 'true'

2024-02-06 16:39:26 - [MESSAGE][PASSED] - Attribute 'readonly' of object 'Object Repository/RAD_Pages/PaymentEntry_Page/input_amount' is: 'true'

2024-02-06 16:39:26 - [TEST_STEP][PASSED] - verifyMatch("true", amountReadOnly, false): Actual text 'true' and expected text 'true' are matched 

2024-02-06 16:39:26 - [MESSAGE][PASSED] - Actual text 'true' and expected text 'true' are matched 

2024-02-06 16:39:26 - [TEST_STEP][PASSED] - verifyOptionSelectedByLabel(findTestObject("Object Repository/RAD_Pages/PaymentEntry_Page/select_Country"), "United States", false, 20): All options with label 'United States' are selected in object 'Object Repository/RAD_Pages/PaymentEntry_Page/select_Country' 

2024-02-06 16:39:27 - [MESSAGE][PASSED] - All options with label 'United States' are selected in object 'Object Repository/RAD_Pages/PaymentEntry_Page/select_Country' 

2024-02-06 16:39:27 - [TEST_STEP][PASSED] - verifyOptionSelectedByLabel(findTestObject("Object Repository/RAD_Pages/PaymentEntry_Page/select_State"), "Maryland", false, 20): All options with label 'Maryland' are selected in object 'Object Repository/RAD_Pages/PaymentEntry_Page/select_State' 

2024-02-06 16:39:29 - [MESSAGE][PASSED] - All options with label 'Maryland' are selected in object 'Object Repository/RAD_Pages/PaymentEntry_Page/select_State' 

2024-02-06 16:39:29 - [TEST_STEP][PASSED] - setText(findTestObject(orPath_PaymentEntry + "/input__cardNumber"), "4111111111111111"): Text '4111111111111111' is set on object 'Object Repository/RAD_Pages/PaymentEntry_Page/input__cardNumber'

2024-02-06 16:39:30 - [MESSAGE][PASSED] - Text '4111111111111111' is set on object 'Object Repository/RAD_Pages/PaymentEntry_Page/input__cardNumber'

2024-02-06 16:39:30 - [TEST_STEP][PASSED] - setText(findTestObject(orPath_PaymentEntry + "/input__spc"), "123"): Text '123' is set on object 'Object Repository/RAD_Pages/PaymentEntry_Page/input__spc'

2024-02-06 16:39:31 - [MESSAGE][PASSED] - Text '123' is set on object 'Object Repository/RAD_Pages/PaymentEntry_Page/input__spc'

2024-02-06 16:39:31 - [TEST_STEP][PASSED] - selectOptionByLabel(findTestObject(orPath_PaymentEntry + "/select_MM"), "12", false): All options with label '12' are selected in object 'Object Repository/RAD_Pages/PaymentEntry_Page/select_MM' 

2024-02-06 16:39:31 - [MESSAGE][PASSED] - All options with label '12' are selected in object 'Object Repository/RAD_Pages/PaymentEntry_Page/select_MM' 

2024-02-06 16:39:31 - [TEST_STEP][PASSED] - selectOptionByLabel(findTestObject(orPath_PaymentEntry + "/select_YYYY"), "2028", false): All options with label '2028' are selected in object 'Object Repository/RAD_Pages/PaymentEntry_Page/select_YYYY' 

2024-02-06 16:39:32 - [MESSAGE][PASSED] - All options with label '2028' are selected in object 'Object Repository/RAD_Pages/PaymentEntry_Page/select_YYYY' 

2024-02-06 16:39:32 - [TEST_STEP][PASSED] - click(findTestObject(orPath_PaymentEntry + "/input_Field_ccSubmit")): Object: 'Object Repository/RAD_Pages/PaymentEntry_Page/input_Field_ccSubmit' is clicked on

2024-02-06 16:39:33 - [MESSAGE][PASSED] - Object: 'Object Repository/RAD_Pages/PaymentEntry_Page/input_Field_ccSubmit' is clicked on

2024-02-06 16:39:33 - [TEST_STEP][PASSED] - click(findTestObject(orPath_PaymentConfirmation + "/input_N_confirmNotifyAction")): Object: 'Object Repository/RAD_Pages/PaymentConfirmation_Page/input_N_confirmNotifyAction' is clicked on

2024-02-06 16:39:34 - [MESSAGE][PASSED] - Object: 'Object Repository/RAD_Pages/PaymentConfirmation_Page/input_N_confirmNotifyAction' is clicked on

2024-02-06 16:39:34 - [TEST_STEP][PASSED] - verifyTextPresent("Service Fee Acceptance", true): Text 'Service Fee Acceptance' is present on page  using regular expression

2024-02-06 16:39:34 - [MESSAGE][PASSED] - Text 'Service Fee Acceptance' is present on page  using regular expression

2024-02-06 16:39:34 - [TEST_STEP][PASSED] - verifyTextPresent("This transaction is subject to a Service Fee of ", true): Text 'This transaction is subject to a Service Fee of ' is present on page  using regular expression

2024-02-06 16:39:35 - [MESSAGE][PASSED] - Text 'This transaction is subject to a Service Fee of ' is present on page  using regular expression

2024-02-06 16:39:35 - [TEST_STEP][PASSED] - verifyTextPresent("Payment Amount:", true): Text 'Payment Amount:' is present on page  using regular expression

2024-02-06 16:39:35 - [MESSAGE][PASSED] - Text 'Payment Amount:' is present on page  using regular expression

2024-02-06 16:39:35 - [TEST_STEP][PASSED] - verifyTextPresent("10.00", true): Text '10.00' is present on page  using regular expression

2024-02-06 16:39:35 - [MESSAGE][PASSED] - Text '10.00' is present on page  using regular expression

2024-02-06 16:39:35 - [TEST_STEP][PASSED] - verifyTextPresent("Service Fee:", true): Text 'Service Fee:' is present on page  using regular expression

2024-02-06 16:39:35 - [MESSAGE][PASSED] - Text 'Service Fee:' is present on page  using regular expression

2024-02-06 16:39:35 - [TEST_STEP][PASSED] - verifyTextPresent("1.00", true): Text '1.00' is present on page  using regular expression

2024-02-06 16:39:36 - [MESSAGE][PASSED] - Text '1.00' is present on page  using regular expression

2024-02-06 16:39:36 - [TEST_STEP][PASSED] - verifyTextPresent("Total Amount:", true): Text 'Total Amount:' is present on page  using regular expression

2024-02-06 16:39:36 - [MESSAGE][PASSED] - Text 'Total Amount:' is present on page  using regular expression

2024-02-06 16:39:36 - [TEST_STEP][PASSED] - verifyTextPresent("11.00", true): Text '11.00' is present on page  using regular expression

2024-02-06 16:39:36 - [MESSAGE][PASSED] - Text '11.00' is present on page  using regular expression

2024-02-06 16:39:36 - [TEST_STEP][PASSED] - verifyTextPresent("Two transactions will appear on your bank statement, one in the amount of", true): Text 'Two transactions will appear on your bank statement, one in the amount of' is present on page  using regular expression

2024-02-06 16:39:36 - [MESSAGE][PASSED] - Text 'Two transactions will appear on your bank statement, one in the amount of' is present on page  using regular expression

2024-02-06 16:39:36 - [TEST_STEP][PASSED] - if (verifyElementPresent(findTestObject(orPath_ServiceFeesAccept + "/input_convFeeNotifyAction"), 30)): null

2024-02-06 16:39:37 - [MESSAGE][PASSED] - Object 'Object Repository/RAD_Pages/ServiceFeeAccept_Page/input_convFeeNotifyAction' is present

2024-02-06 16:39:37 - [TEST_STEP][PASSED] - resText = "Pass": null

2024-02-06 16:39:37 - [TEST_STEP][PASSED] - pages.WriteExcel.demoKey(resText, datText, resColumn, datCloumn, fileLoc, nameSheet, row): pages.WriteExcel.demoKey is PASSED

2024-02-06 16:39:37 - [MESSAGE][PASSED] - pages.WriteExcel.demoKey is PASSED

2024-02-06 16:39:37 - [TEST_STEP][PASSED] - if (execProfile == "QAProfile" || execProfile == "QA2Profile"): Text 'Successful Payment Receipt' is present on page  using regular expression

2024-02-06 16:39:37 - [TEST_STEP][PASSED] - click(findTestObject(orPath_ServiceFeesAccept + "/input_convFeeNotifyAction")): Object: 'Object Repository/RAD_Pages/ServiceFeeAccept_Page/input_convFeeNotifyAction' is clicked on

2024-02-06 16:39:38 - [MESSAGE][PASSED] - Object: 'Object Repository/RAD_Pages/ServiceFeeAccept_Page/input_convFeeNotifyAction' is clicked on

2024-02-06 16:39:38 - [TEST_STEP][PASSED] - delay(10): Delayed 10 second(s)

2024-02-06 16:39:48 - [MESSAGE][PASSED] - Delayed 10 second(s)

2024-02-06 16:39:48 - [TEST_STEP][PASSED] - verifyTextPresent("Successful Payment Receipt", true): Text 'Successful Payment Receipt' is present on page  using regular expression

2024-02-06 16:39:48 - [MESSAGE][PASSED] - Text 'Successful Payment Receipt' is present on page  using regular expression

2024-02-06 16:39:48 - [TEST_STEP][PASSED] - ExecuteTC = findTestData(dataFile).getValue("Execute", row): null

2024-02-06 16:39:48 - [TEST_STEP][PASSED] - TaxType = findTestData(dataFile).getValue("TaxType", row): null

2024-02-06 16:39:48 - [TEST_STEP][PASSED] - PaymentType = findTestData(dataFile).getValue("PaymentType", row): null

2024-02-06 16:39:48 - [TEST_STEP][PASSED] - feinSsn = findTestData(dataFile).getValue("FEINSSN", row): null

2024-02-06 16:39:48 - [TEST_STEP][PASSED] - if (ExecuteTC.equalsIgnoreCase("Y")): null

2024-02-06 16:39:48 - [TEST_STEP][PASSED] - out.println("Begin Record Number: " + row): null

2024-02-06 16:39:48 - [TEST_STEP][PASSED] - today = new java.util.Date(): null

2024-02-06 16:39:48 - [TEST_STEP][PASSED] - println(today): null

2024-02-06 16:39:48 - [TEST_STEP][PASSED] - datText = today: null

2024-02-06 16:39:48 - [TEST_STEP][PASSED] - logInfo("Payment Type: Existing Liability w/Notice Number"): Payment Type: Existing Liability w/Notice Number

2024-02-06 16:39:48 - [MESSAGE][INFO] - Payment Type: Existing Liability w/Notice Number

2024-02-06 16:39:48 - [TEST_STEP][PASSED] - logInfo("Tax Type: " + TaxType): Tax Type: Unclaimed Property

2024-02-06 16:39:48 - [MESSAGE][INFO] - Tax Type: Unclaimed Property

2024-02-06 16:39:48 - [TEST_STEP][PASSED] - openBrowser(""): Browser is opened with url: ''

2024-02-06 16:39:48 - [MESSAGE][WARNING] - A browser is already opened. Closing browser and opening a new one

2024-02-06 16:39:49 - [MESSAGE][INFO] - Starting 'Chrome' driver

2024-02-06 16:39:49 - [MESSAGE][INFO] - User set preference: ['acceptInsecureCerts', 'true']

2024-02-06 16:39:49 - [MESSAGE][INFO] - Action delay is set to 0 milliseconds

2024-02-06 16:39:51 - [MESSAGE][PASSED] - Browser is opened with url: ''

2024-02-06 16:39:51 - [TEST_STEP][PASSED] - maximizeWindow(): Current window maximized

2024-02-06 16:39:51 - [MESSAGE][PASSED] - Current window maximized

2024-02-06 16:39:51 - [TEST_STEP][PASSED] - navigateToUrl(RADurl): Navigate to 'https://qa2.velocitypayment.com/client/rad/index.html' successfully

2024-02-06 16:39:53 - [MESSAGE][PASSED] - Navigate to 'https://qa2.velocitypayment.com/client/rad/index.html' successfully

2024-02-06 16:39:53 - [TEST_STEP][PASSED] - selectOptionByLabel(findTestObject(orPath_Landing + "/dd_TaxType"), "Existing Liability w/Notice Number", false): All options with label 'Existing Liability w/Notice Number' are selected in object 'Object Repository/RAD_Pages/Landing_Page/dd_TaxType' 

2024-02-06 16:39:54 - [MESSAGE][PASSED] - All options with label 'Existing Liability w/Notice Number' are selected in object 'Object Repository/RAD_Pages/Landing_Page/dd_TaxType' 

2024-02-06 16:39:54 - [TEST_STEP][PASSED] - selectOptionByLabel(findTestObject(orPath_TaxTypeFilingYear + "/select_TaxType_ExistingLiability"), TaxType, false): All options with label 'Unclaimed Property' are selected in object 'Object Repository/RAD_Pages/TaxTypeFilingYear_Page/select_TaxType_ExistingLiability' 

2024-02-06 16:39:55 - [MESSAGE][PASSED] - All options with label 'Unclaimed Property' are selected in object 'Object Repository/RAD_Pages/TaxTypeFilingYear_Page/select_TaxType_ExistingLiability' 

2024-02-06 16:39:55 - [TEST_STEP][PASSED] - rad.getSetDataRAD.setDataRADBusinessName(): rad.getSetDataRAD.setDataRADBusinessName is PASSED

2024-02-06 16:39:55 - [MESSAGE][PASSED] - Text 'My Company' is set on object 'Object Repository/RAD_Pages/Taxpayer_Page/input_businessName'

2024-02-06 16:39:55 - [MESSAGE][PASSED] - rad.getSetDataRAD.setDataRADBusinessName is PASSED

2024-02-06 16:39:55 - [TEST_STEP][PASSED] - rad.getSetDataRAD.setDataRADBusinessRep(): rad.getSetDataRAD.setDataRADBusinessRep is PASSED

2024-02-06 16:39:56 - [MESSAGE][PASSED] - Text 'BusRepFname' is set on object 'Object Repository/RAD_Pages/Taxpayer_Page/input_BusinessRepfirstName'

2024-02-06 16:39:57 - [MESSAGE][PASSED] - Text '' is set on object 'Object Repository/RAD_Pages/Taxpayer_Page/input_BusinessRepmiddleName'

2024-02-06 16:39:58 - [MESSAGE][PASSED] - Text 'BusRepLname' is set on object 'Object Repository/RAD_Pages/Taxpayer_Page/input_BusinessReplastName'

2024-02-06 16:39:58 - [MESSAGE][PASSED] - Text '' is set on object 'Object Repository/RAD_Pages/Taxpayer_Page/input_BusinessRepsuffix'

2024-02-06 16:39:58 - [MESSAGE][PASSED] - rad.getSetDataRAD.setDataRADBusinessRep is PASSED

2024-02-06 16:39:58 - [TEST_STEP][PASSED] - rad.getSetDataRAD.setDataRADAddress(): rad.getSetDataRAD.setDataRADAddress is PASSED

2024-02-06 16:39:59 - [MESSAGE][PASSED] - All options with label 'United States' are selected in object 'Object Repository/RAD_Pages/AddressAndContactInfo_Page/select_Country' 

2024-02-06 16:40:00 - [MESSAGE][PASSED] - Text '2508 Mandan Terrace' is set on object 'Object Repository/RAD_Pages/AddressAndContactInfo_Page/input_streetAddress1'

2024-02-06 16:40:00 - [MESSAGE][PASSED] - Text '' is set on object 'Object Repository/RAD_Pages/AddressAndContactInfo_Page/input_streetAddress2'

2024-02-06 16:40:01 - [MESSAGE][PASSED] - Text 'Gambrills' is set on object 'Object Repository/RAD_Pages/AddressAndContactInfo_Page/input_city'

2024-02-06 16:40:02 - [MESSAGE][PASSED] - All options with label 'Maryland' are selected in object 'Object Repository/RAD_Pages/AddressAndContactInfo_Page/select_State' 

2024-02-06 16:40:03 - [MESSAGE][PASSED] - Text '21054' is set on object 'Object Repository/RAD_Pages/AddressAndContactInfo_Page/input_zipCode'

2024-02-06 16:40:04 - [MESSAGE][PASSED] - Text '(703) 894-5000' is set on object 'Object Repository/RAD_Pages/AddressAndContactInfo_Page/input_phoneNumber'

2024-02-06 16:40:04 - [MESSAGE][PASSED] - Text 'iahmed@govolution.com' is set on object 'Object Repository/RAD_Pages/AddressAndContactInfo_Page/input_eMailAddress'

2024-02-06 16:40:05 - [MESSAGE][PASSED] - Text 'iahmed@govolution.com' is set on object 'Object Repository/RAD_Pages/AddressAndContactInfo_Page/input_reEnterEMailAddress'

2024-02-06 16:40:05 - [MESSAGE][PASSED] - rad.getSetDataRAD.setDataRADAddress is PASSED

2024-02-06 16:40:05 - [TEST_STEP][PASSED] - if (feinSsn.equalsIgnoreCase("Y")): null

2024-02-06 16:40:05 - [TEST_STEP][PASSED] - else: Text ****** has been set on object 'Object Repository/RAD_Pages/TaxInfo_Page/input_concat(id(, , data, , ))_Data (1)'

2024-02-06 16:40:05 - [TEST_STEP][PASSED] - if (!(TaxType.equalsIgnoreCase("Estate Tax"))): Text ****** has been set on object 'Object Repository/RAD_Pages/TaxInfo_Page/input_concat(id(, , data, , ))_Data (1)'

2024-02-06 16:40:05 - [TEST_STEP][PASSED] - setEncryptedText(findTestObject("Object Repository/RAD_Pages/TaxInfo_Page/input_concat(id(, , data, , ))_Data"), "RigbBhfdqODKcAsiUrg+1Q=="): Text ****** has been set on object 'Object Repository/RAD_Pages/TaxInfo_Page/input_concat(id(, , data, , ))_Data'

2024-02-06 16:40:06 - [MESSAGE][PASSED] - Text ****** has been set on object 'Object Repository/RAD_Pages/TaxInfo_Page/input_concat(id(, , data, , ))_Data'

2024-02-06 16:40:06 - [TEST_STEP][PASSED] - setEncryptedText(findTestObject("Object Repository/RAD_Pages/TaxInfo_Page/input_concat(id(, , data, , ))_Data (1)"), "RigbBhfdqODKcAsiUrg+1Q=="): Text ****** has been set on object 'Object Repository/RAD_Pages/TaxInfo_Page/input_concat(id(, , data, , ))_Data (1)'

2024-02-06 16:40:06 - [MESSAGE][PASSED] - Text ****** has been set on object 'Object Repository/RAD_Pages/TaxInfo_Page/input_concat(id(, , data, , ))_Data (1)'

2024-02-06 16:40:06 - [TEST_STEP][PASSED] - rad.getSetDataRAD.setDataRADNoticeInvoiceThirteen(): rad.getSetDataRAD.setDataRADNoticeInvoiceThirteen is PASSED

2024-02-06 16:40:07 - [MESSAGE][PASSED] - Text '1234567890123' is set on object 'Object Repository/RAD_Pages/TaxInfo_Page/input_NoticeInvoiceNumber'

2024-02-06 16:40:08 - [MESSAGE][PASSED] - Text '1234567890123' is set on object 'Object Repository/RAD_Pages/TaxInfo_Page/input_reTypeNoticeInvoiceNumber'

2024-02-06 16:40:08 - [MESSAGE][PASSED] - rad.getSetDataRAD.setDataRADNoticeInvoiceThirteen is PASSED

2024-02-06 16:40:08 - [TEST_STEP][PASSED] - switch (TaxType): null

2024-02-06 16:40:08 - [TEST_STEP][PASSED] - if (TaxType.equalsIgnoreCase("Estate Tax")): null

2024-02-06 16:40:08 - [TEST_STEP][PASSED] - setText(findTestObject(orPath_Amount + "/input__paymentAmount"), "10.00"): Text '10.00' is set on object 'Object Repository/RAD_Pages/PaymentAmount_Page/input__paymentAmount'

2024-02-06 16:40:09 - [MESSAGE][PASSED] - Text '10.00' is set on object 'Object Repository/RAD_Pages/PaymentAmount_Page/input__paymentAmount'

2024-02-06 16:40:09 - [TEST_STEP][PASSED] - setText(findTestObject(orPath_AddressContact + "/input_streetAddress2"), ""): Text '' is set on object 'Object Repository/RAD_Pages/AddressAndContactInfo_Page/input_streetAddress2'

2024-02-06 16:40:10 - [MESSAGE][PASSED] - Text '' is set on object 'Object Repository/RAD_Pages/AddressAndContactInfo_Page/input_streetAddress2'

2024-02-06 16:40:10 - [TEST_STEP][PASSED] - scrollToElement(findTestObject(orPath_Landing + "/button_Continue"), 3): Scroll to object 'Object Repository/RAD_Pages/Landing_Page/button_Continue' successfully

2024-02-06 16:40:10 - [MESSAGE][PASSED] - Scroll to object 'Object Repository/RAD_Pages/Landing_Page/button_Continue' successfully

2024-02-06 16:40:10 - [TEST_STEP][PASSED] - waitForElementClickable(findTestObject(orPath_Landing + "/button_Continue"), 5): Object 'Object Repository/RAD_Pages/Landing_Page/button_Continue' is clickable

2024-02-06 16:40:11 - [MESSAGE][PASSED] - Object 'Object Repository/RAD_Pages/Landing_Page/button_Continue' is clickable

2024-02-06 16:40:11 - [TEST_STEP][PASSED] - click(findTestObject(orPath_Landing + "/button_Continue")): Object: 'Object Repository/RAD_Pages/Landing_Page/button_Continue' is clicked on

2024-02-06 16:40:11 - [MESSAGE][PASSED] - Object: 'Object Repository/RAD_Pages/Landing_Page/button_Continue' is clicked on

2024-02-06 16:40:11 - [TEST_STEP][PASSED] - delay(2): Delayed 2 second(s)

2024-02-06 16:40:13 - [MESSAGE][PASSED] - Delayed 2 second(s)

2024-02-06 16:40:13 - [TEST_STEP][PASSED] - click(findTestObject(orPath_Summary + "/button_Proceed to Payment")): Object: 'Object Repository/RAD_Pages/Summary_Page/button_Proceed to Payment' is clicked on

2024-02-06 16:40:14 - [MESSAGE][PASSED] - Object: 'Object Repository/RAD_Pages/Summary_Page/button_Proceed to Payment' is clicked on

2024-02-06 16:40:14 - [TEST_STEP][PASSED] - if (verifyElementPresent(findTestObject("Object Repository/RAD_Pages/PaymentEntry_Page/input__billingName"), 30)): null

2024-02-06 16:40:15 - [MESSAGE][PASSED] - Object 'Object Repository/RAD_Pages/PaymentEntry_Page/input__billingName' is present

2024-02-06 16:40:15 - [TEST_STEP][PASSED] - verifyTextPresent("Payment Information", true): Text 'Payment Information' is present on page  using regular expression

2024-02-06 16:40:16 - [MESSAGE][PASSED] - Text 'Payment Information' is present on page  using regular expression

2024-02-06 16:40:16 - [TEST_STEP][PASSED] - card_Name = getAttribute(findTestObject("Object Repository/RAD_Pages/PaymentEntry_Page/input__billingName"), "value"): Attribute 'value' of object 'Object Repository/RAD_Pages/PaymentEntry_Page/input__billingName' is: 'BusRepFname BusRepLname'

2024-02-06 16:40:16 - [MESSAGE][PASSED] - Attribute 'value' of object 'Object Repository/RAD_Pages/PaymentEntry_Page/input__billingName' is: 'BusRepFname BusRepLname'

2024-02-06 16:40:16 - [TEST_STEP][PASSED] - verifyMatch("BusRepFname BusRepLname", card_Name, false): Actual text 'BusRepFname BusRepLname' and expected text 'BusRepFname BusRepLname' are matched 

2024-02-06 16:40:16 - [MESSAGE][PASSED] - Actual text 'BusRepFname BusRepLname' and expected text 'BusRepFname BusRepLname' are matched 

2024-02-06 16:40:16 - [TEST_STEP][PASSED] - AL1 = getAttribute(findTestObject("Object Repository/RAD_Pages/PaymentEntry_Page/input_billingAddress"), "value"): Attribute 'value' of object 'Object Repository/RAD_Pages/PaymentEntry_Page/input_billingAddress' is: '2508 Mandan Terrace'

2024-02-06 16:40:16 - [MESSAGE][PASSED] - Attribute 'value' of object 'Object Repository/RAD_Pages/PaymentEntry_Page/input_billingAddress' is: '2508 Mandan Terrace'

2024-02-06 16:40:16 - [TEST_STEP][PASSED] - verifyMatch("2508 Mandan Terrace", AL1, false): Actual text '2508 Mandan Terrace' and expected text '2508 Mandan Terrace' are matched 

2024-02-06 16:40:16 - [MESSAGE][PASSED] - Actual text '2508 Mandan Terrace' and expected text '2508 Mandan Terrace' are matched 

2024-02-06 16:40:16 - [TEST_STEP][PASSED] - AL2 = getAttribute(findTestObject("Object Repository/RAD_Pages/PaymentEntry_Page/input_billingAddress2"), "value"): Attribute 'value' of object 'Object Repository/RAD_Pages/PaymentEntry_Page/input_billingAddress2' is: ''

2024-02-06 16:40:17 - [MESSAGE][PASSED] - Attribute 'value' of object 'Object Repository/RAD_Pages/PaymentEntry_Page/input_billingAddress2' is: ''

2024-02-06 16:40:17 - [TEST_STEP][PASSED] - verifyMatch("", AL2, false): Actual text '' and expected text '' are matched 

2024-02-06 16:40:17 - [MESSAGE][PASSED] - Actual text '' and expected text '' are matched 

2024-02-06 16:40:17 - [TEST_STEP][PASSED] - zipCode = getAttribute(findTestObject("Object Repository/RAD_Pages/PaymentEntry_Page/input_billingZip"), "value"): Attribute 'value' of object 'Object Repository/RAD_Pages/PaymentEntry_Page/input_billingZip' is: '21054'

2024-02-06 16:40:17 - [MESSAGE][PASSED] - Attribute 'value' of object 'Object Repository/RAD_Pages/PaymentEntry_Page/input_billingZip' is: '21054'

2024-02-06 16:40:17 - [TEST_STEP][PASSED] - verifyMatch("21054", zipCode, false): Actual text '21054' and expected text '21054' are matched 

2024-02-06 16:40:17 - [MESSAGE][PASSED] - Actual text '21054' and expected text '21054' are matched 

2024-02-06 16:40:17 - [TEST_STEP][PASSED] - city = getAttribute(findTestObject("Object Repository/RAD_Pages/PaymentEntry_Page/input_billingCity"), "value"): Attribute 'value' of object 'Object Repository/RAD_Pages/PaymentEntry_Page/input_billingCity' is: 'GAMBRILLS'

2024-02-06 16:40:17 - [MESSAGE][PASSED] - Attribute 'value' of object 'Object Repository/RAD_Pages/PaymentEntry_Page/input_billingCity' is: 'GAMBRILLS'

2024-02-06 16:40:17 - [TEST_STEP][PASSED] - verifyMatch("GAMBRILLS", city, false): Actual text 'GAMBRILLS' and expected text 'GAMBRILLS' are matched 

2024-02-06 16:40:17 - [MESSAGE][PASSED] - Actual text 'GAMBRILLS' and expected text 'GAMBRILLS' are matched 

2024-02-06 16:40:17 - [TEST_STEP][PASSED] - email = getAttribute(findTestObject("Object Repository/RAD_Pages/PaymentEntry_Page/input_emailAddress"), "value"): Attribute 'value' of object 'Object Repository/RAD_Pages/PaymentEntry_Page/input_emailAddress' is: 'iahmed@govolution.com'

2024-02-06 16:40:18 - [MESSAGE][PASSED] - Attribute 'value' of object 'Object Repository/RAD_Pages/PaymentEntry_Page/input_emailAddress' is: 'iahmed@govolution.com'

2024-02-06 16:40:18 - [TEST_STEP][PASSED] - verifyMatch("iahmed@govolution.com", email, false): Actual text 'iahmed@govolution.com' and expected text 'iahmed@govolution.com' are matched 

2024-02-06 16:40:18 - [MESSAGE][PASSED] - Actual text 'iahmed@govolution.com' and expected text 'iahmed@govolution.com' are matched 

2024-02-06 16:40:18 - [TEST_STEP][PASSED] - amount = getAttribute(findTestObject("Object Repository/RAD_Pages/PaymentEntry_Page/input_amount"), "value"): Attribute 'value' of object 'Object Repository/RAD_Pages/PaymentEntry_Page/input_amount' is: '10.00'

2024-02-06 16:40:18 - [MESSAGE][PASSED] - Attribute 'value' of object 'Object Repository/RAD_Pages/PaymentEntry_Page/input_amount' is: '10.00'

2024-02-06 16:40:18 - [TEST_STEP][PASSED] - verifyMatch("10.00", amount, false): Actual text '10.00' and expected text '10.00' are matched 

2024-02-06 16:40:18 - [MESSAGE][PASSED] - Actual text '10.00' and expected text '10.00' are matched 

2024-02-06 16:40:18 - [TEST_STEP][PASSED] - amountReadOnly = getAttribute(findTestObject("Object Repository/RAD_Pages/PaymentEntry_Page/input_amount"), "readonly"): Attribute 'readonly' of object 'Object Repository/RAD_Pages/PaymentEntry_Page/input_amount' is: 'true'

2024-02-06 16:40:18 - [MESSAGE][PASSED] - Attribute 'readonly' of object 'Object Repository/RAD_Pages/PaymentEntry_Page/input_amount' is: 'true'

2024-02-06 16:40:18 - [TEST_STEP][PASSED] - verifyMatch("true", amountReadOnly, false): Actual text 'true' and expected text 'true' are matched 

2024-02-06 16:40:18 - [MESSAGE][PASSED] - Actual text 'true' and expected text 'true' are matched 

2024-02-06 16:40:18 - [TEST_STEP][PASSED] - verifyOptionSelectedByLabel(findTestObject("Object Repository/RAD_Pages/PaymentEntry_Page/select_Country"), "United States", false, 20): All options with label 'United States' are selected in object 'Object Repository/RAD_Pages/PaymentEntry_Page/select_Country' 

2024-02-06 16:40:19 - [MESSAGE][PASSED] - All options with label 'United States' are selected in object 'Object Repository/RAD_Pages/PaymentEntry_Page/select_Country' 

2024-02-06 16:40:19 - [TEST_STEP][PASSED] - verifyOptionSelectedByLabel(findTestObject("Object Repository/RAD_Pages/PaymentEntry_Page/select_State"), "Maryland", false, 20): All options with label 'Maryland' are selected in object 'Object Repository/RAD_Pages/PaymentEntry_Page/select_State' 

2024-02-06 16:40:22 - [MESSAGE][PASSED] - All options with label 'Maryland' are selected in object 'Object Repository/RAD_Pages/PaymentEntry_Page/select_State' 

2024-02-06 16:40:22 - [TEST_STEP][PASSED] - setText(findTestObject(orPath_PaymentEntry + "/input__cardNumber"), "4111111111111111"): Text '4111111111111111' is set on object 'Object Repository/RAD_Pages/PaymentEntry_Page/input__cardNumber'

2024-02-06 16:40:23 - [MESSAGE][PASSED] - Text '4111111111111111' is set on object 'Object Repository/RAD_Pages/PaymentEntry_Page/input__cardNumber'

2024-02-06 16:40:23 - [TEST_STEP][PASSED] - setText(findTestObject(orPath_PaymentEntry + "/input__spc"), "123"): Text '123' is set on object 'Object Repository/RAD_Pages/PaymentEntry_Page/input__spc'

2024-02-06 16:40:23 - [MESSAGE][PASSED] - Text '123' is set on object 'Object Repository/RAD_Pages/PaymentEntry_Page/input__spc'

2024-02-06 16:40:23 - [TEST_STEP][PASSED] - selectOptionByLabel(findTestObject(orPath_PaymentEntry + "/select_MM"), "12", false): All options with label '12' are selected in object 'Object Repository/RAD_Pages/PaymentEntry_Page/select_MM' 

2024-02-06 16:40:24 - [MESSAGE][PASSED] - All options with label '12' are selected in object 'Object Repository/RAD_Pages/PaymentEntry_Page/select_MM' 

2024-02-06 16:40:24 - [TEST_STEP][PASSED] - selectOptionByLabel(findTestObject(orPath_PaymentEntry + "/select_YYYY"), "2028", false): All options with label '2028' are selected in object 'Object Repository/RAD_Pages/PaymentEntry_Page/select_YYYY' 

2024-02-06 16:40:25 - [MESSAGE][PASSED] - All options with label '2028' are selected in object 'Object Repository/RAD_Pages/PaymentEntry_Page/select_YYYY' 

2024-02-06 16:40:25 - [TEST_STEP][PASSED] - click(findTestObject(orPath_PaymentEntry + "/input_Field_ccSubmit")): Object: 'Object Repository/RAD_Pages/PaymentEntry_Page/input_Field_ccSubmit' is clicked on

2024-02-06 16:40:26 - [MESSAGE][PASSED] - Object: 'Object Repository/RAD_Pages/PaymentEntry_Page/input_Field_ccSubmit' is clicked on

2024-02-06 16:40:26 - [TEST_STEP][PASSED] - click(findTestObject(orPath_PaymentConfirmation + "/input_N_confirmNotifyAction")): Object: 'Object Repository/RAD_Pages/PaymentConfirmation_Page/input_N_confirmNotifyAction' is clicked on

2024-02-06 16:40:26 - [MESSAGE][PASSED] - Object: 'Object Repository/RAD_Pages/PaymentConfirmation_Page/input_N_confirmNotifyAction' is clicked on

2024-02-06 16:40:26 - [TEST_STEP][PASSED] - verifyTextPresent("Service Fee Acceptance", true): Text 'Service Fee Acceptance' is present on page  using regular expression

2024-02-06 16:40:27 - [MESSAGE][PASSED] - Text 'Service Fee Acceptance' is present on page  using regular expression

2024-02-06 16:40:27 - [TEST_STEP][PASSED] - verifyTextPresent("This transaction is subject to a Service Fee of ", true): Text 'This transaction is subject to a Service Fee of ' is present on page  using regular expression

2024-02-06 16:40:27 - [MESSAGE][PASSED] - Text 'This transaction is subject to a Service Fee of ' is present on page  using regular expression

2024-02-06 16:40:27 - [TEST_STEP][PASSED] - verifyTextPresent("Payment Amount:", true): Text 'Payment Amount:' is present on page  using regular expression

2024-02-06 16:40:28 - [MESSAGE][PASSED] - Text 'Payment Amount:' is present on page  using regular expression

2024-02-06 16:40:28 - [TEST_STEP][PASSED] - verifyTextPresent("10.00", true): Text '10.00' is present on page  using regular expression

2024-02-06 16:40:28 - [MESSAGE][PASSED] - Text '10.00' is present on page  using regular expression

2024-02-06 16:40:28 - [TEST_STEP][PASSED] - verifyTextPresent("Service Fee:", true): Text 'Service Fee:' is present on page  using regular expression

2024-02-06 16:40:28 - [MESSAGE][PASSED] - Text 'Service Fee:' is present on page  using regular expression

2024-02-06 16:40:28 - [TEST_STEP][PASSED] - verifyTextPresent("1.00", true): Text '1.00' is present on page  using regular expression

2024-02-06 16:40:29 - [MESSAGE][PASSED] - Text '1.00' is present on page  using regular expression

2024-02-06 16:40:29 - [TEST_STEP][PASSED] - verifyTextPresent("Total Amount:", true): Text 'Total Amount:' is present on page  using regular expression

2024-02-06 16:40:29 - [MESSAGE][PASSED] - Text 'Total Amount:' is present on page  using regular expression

2024-02-06 16:40:29 - [TEST_STEP][PASSED] - verifyTextPresent("11.00", true): Text '11.00' is present on page  using regular expression

2024-02-06 16:40:29 - [MESSAGE][PASSED] - Text '11.00' is present on page  using regular expression

2024-02-06 16:40:29 - [TEST_STEP][PASSED] - verifyTextPresent("Two transactions will appear on your bank statement, one in the amount of", true): Text 'Two transactions will appear on your bank statement, one in the amount of' is present on page  using regular expression

2024-02-06 16:40:29 - [MESSAGE][PASSED] - Text 'Two transactions will appear on your bank statement, one in the amount of' is present on page  using regular expression

2024-02-06 16:40:29 - [TEST_STEP][PASSED] - if (verifyElementPresent(findTestObject(orPath_ServiceFeesAccept + "/input_convFeeNotifyAction"), 30)): null

2024-02-06 16:40:30 - [MESSAGE][PASSED] - Object 'Object Repository/RAD_Pages/ServiceFeeAccept_Page/input_convFeeNotifyAction' is present

2024-02-06 16:40:30 - [TEST_STEP][PASSED] - resText = "Pass": null

2024-02-06 16:40:30 - [TEST_STEP][PASSED] - pages.WriteExcel.demoKey(resText, datText, resColumn, datCloumn, fileLoc, nameSheet, row): pages.WriteExcel.demoKey is PASSED

2024-02-06 16:40:30 - [MESSAGE][PASSED] - pages.WriteExcel.demoKey is PASSED

2024-02-06 16:40:30 - [TEST_STEP][PASSED] - if (execProfile == "QAProfile" || execProfile == "QA2Profile"): Text 'Successful Payment Receipt' is present on page  using regular expression

2024-02-06 16:40:30 - [TEST_STEP][PASSED] - click(findTestObject(orPath_ServiceFeesAccept + "/input_convFeeNotifyAction")): Object: 'Object Repository/RAD_Pages/ServiceFeeAccept_Page/input_convFeeNotifyAction' is clicked on

2024-02-06 16:40:31 - [MESSAGE][PASSED] - Object: 'Object Repository/RAD_Pages/ServiceFeeAccept_Page/input_convFeeNotifyAction' is clicked on

2024-02-06 16:40:31 - [TEST_STEP][PASSED] - delay(10): Delayed 10 second(s)

2024-02-06 16:40:41 - [MESSAGE][PASSED] - Delayed 10 second(s)

2024-02-06 16:40:41 - [TEST_STEP][PASSED] - verifyTextPresent("Successful Payment Receipt", true): Text 'Successful Payment Receipt' is present on page  using regular expression

2024-02-06 16:40:41 - [MESSAGE][PASSED] - Text 'Successful Payment Receipt' is present on page  using regular expression

2024-02-06 16:40:41 - [TEST_STEP][PASSED] - ExecuteTC = findTestData(dataFile).getValue("Execute", row): null

2024-02-06 16:40:41 - [TEST_STEP][PASSED] - TaxType = findTestData(dataFile).getValue("TaxType", row): null

2024-02-06 16:40:41 - [TEST_STEP][PASSED] - PaymentType = findTestData(dataFile).getValue("PaymentType", row): null

2024-02-06 16:40:41 - [TEST_STEP][PASSED] - feinSsn = findTestData(dataFile).getValue("FEINSSN", row): null

2024-02-06 16:40:41 - [TEST_STEP][PASSED] - if (ExecuteTC.equalsIgnoreCase("Y")): null

2024-02-06 16:40:41 - [TEST_STEP][PASSED] - out.println("Begin Record Number: " + row): null

2024-02-06 16:40:41 - [TEST_STEP][PASSED] - today = new java.util.Date(): null

2024-02-06 16:40:41 - [TEST_STEP][PASSED] - println(today): null

2024-02-06 16:40:41 - [TEST_STEP][PASSED] - datText = today: null

2024-02-06 16:40:41 - [TEST_STEP][PASSED] - logInfo("Payment Type: Existing Liability w/Notice Number"): Payment Type: Existing Liability w/Notice Number

2024-02-06 16:40:41 - [MESSAGE][INFO] - Payment Type: Existing Liability w/Notice Number

2024-02-06 16:40:41 - [TEST_STEP][PASSED] - logInfo("Tax Type: " + TaxType): Tax Type: IFTA Tax

2024-02-06 16:40:41 - [MESSAGE][INFO] - Tax Type: IFTA Tax

2024-02-06 16:40:41 - [TEST_STEP][PASSED] - openBrowser(""): Browser is opened with url: ''

2024-02-06 16:40:41 - [MESSAGE][WARNING] - A browser is already opened. Closing browser and opening a new one

2024-02-06 16:40:42 - [MESSAGE][INFO] - Starting 'Chrome' driver

2024-02-06 16:40:42 - [MESSAGE][INFO] - User set preference: ['acceptInsecureCerts', 'true']

2024-02-06 16:40:42 - [MESSAGE][INFO] - Action delay is set to 0 milliseconds

2024-02-06 16:40:44 - [MESSAGE][PASSED] - Browser is opened with url: ''

2024-02-06 16:40:44 - [TEST_STEP][PASSED] - maximizeWindow(): Current window maximized

2024-02-06 16:40:44 - [MESSAGE][PASSED] - Current window maximized

2024-02-06 16:40:44 - [TEST_STEP][PASSED] - navigateToUrl(RADurl): Navigate to 'https://qa2.velocitypayment.com/client/rad/index.html' successfully

2024-02-06 16:40:46 - [MESSAGE][PASSED] - Navigate to 'https://qa2.velocitypayment.com/client/rad/index.html' successfully

2024-02-06 16:40:46 - [TEST_STEP][PASSED] - selectOptionByLabel(findTestObject(orPath_Landing + "/dd_TaxType"), "Existing Liability w/Notice Number", false): All options with label 'Existing Liability w/Notice Number' are selected in object 'Object Repository/RAD_Pages/Landing_Page/dd_TaxType' 

2024-02-06 16:40:46 - [MESSAGE][PASSED] - All options with label 'Existing Liability w/Notice Number' are selected in object 'Object Repository/RAD_Pages/Landing_Page/dd_TaxType' 

2024-02-06 16:40:46 - [TEST_STEP][PASSED] - selectOptionByLabel(findTestObject(orPath_TaxTypeFilingYear + "/select_TaxType_ExistingLiability"), TaxType, false): All options with label 'IFTA Tax' are selected in object 'Object Repository/RAD_Pages/TaxTypeFilingYear_Page/select_TaxType_ExistingLiability' 

2024-02-06 16:40:47 - [MESSAGE][PASSED] - All options with label 'IFTA Tax' are selected in object 'Object Repository/RAD_Pages/TaxTypeFilingYear_Page/select_TaxType_ExistingLiability' 

2024-02-06 16:40:47 - [TEST_STEP][PASSED] - rad.getSetDataRAD.setDataRADBusinessName(): rad.getSetDataRAD.setDataRADBusinessName is PASSED

2024-02-06 16:40:48 - [MESSAGE][PASSED] - Text 'My Company' is set on object 'Object Repository/RAD_Pages/Taxpayer_Page/input_businessName'

2024-02-06 16:40:48 - [MESSAGE][PASSED] - rad.getSetDataRAD.setDataRADBusinessName is PASSED

2024-02-06 16:40:48 - [TEST_STEP][PASSED] - rad.getSetDataRAD.setDataRADBusinessRep(): rad.getSetDataRAD.setDataRADBusinessRep is PASSED

2024-02-06 16:40:49 - [MESSAGE][PASSED] - Text 'BusRepFname' is set on object 'Object Repository/RAD_Pages/Taxpayer_Page/input_BusinessRepfirstName'

2024-02-06 16:40:50 - [MESSAGE][PASSED] - Text '' is set on object 'Object Repository/RAD_Pages/Taxpayer_Page/input_BusinessRepmiddleName'

2024-02-06 16:40:51 - [MESSAGE][PASSED] - Text 'BusRepLname' is set on object 'Object Repository/RAD_Pages/Taxpayer_Page/input_BusinessReplastName'

2024-02-06 16:40:51 - [MESSAGE][PASSED] - Text '' is set on object 'Object Repository/RAD_Pages/Taxpayer_Page/input_BusinessRepsuffix'

2024-02-06 16:40:51 - [MESSAGE][PASSED] - rad.getSetDataRAD.setDataRADBusinessRep is PASSED

2024-02-06 16:40:51 - [TEST_STEP][PASSED] - rad.getSetDataRAD.setDataRADAddress(): rad.getSetDataRAD.setDataRADAddress is PASSED

2024-02-06 16:40:52 - [MESSAGE][PASSED] - All options with label 'United States' are selected in object 'Object Repository/RAD_Pages/AddressAndContactInfo_Page/select_Country' 

2024-02-06 16:40:53 - [MESSAGE][PASSED] - Text '2508 Mandan Terrace' is set on object 'Object Repository/RAD_Pages/AddressAndContactInfo_Page/input_streetAddress1'

2024-02-06 16:40:53 - [MESSAGE][PASSED] - Text '' is set on object 'Object Repository/RAD_Pages/AddressAndContactInfo_Page/input_streetAddress2'

2024-02-06 16:40:54 - [MESSAGE][PASSED] - Text 'Gambrills' is set on object 'Object Repository/RAD_Pages/AddressAndContactInfo_Page/input_city'

2024-02-06 16:40:55 - [MESSAGE][PASSED] - All options with label 'Maryland' are selected in object 'Object Repository/RAD_Pages/AddressAndContactInfo_Page/select_State' 

2024-02-06 16:40:56 - [MESSAGE][PASSED] - Text '21054' is set on object 'Object Repository/RAD_Pages/AddressAndContactInfo_Page/input_zipCode'

2024-02-06 16:40:57 - [MESSAGE][PASSED] - Text '(703) 894-5000' is set on object 'Object Repository/RAD_Pages/AddressAndContactInfo_Page/input_phoneNumber'

2024-02-06 16:40:58 - [MESSAGE][PASSED] - Text 'iahmed@govolution.com' is set on object 'Object Repository/RAD_Pages/AddressAndContactInfo_Page/input_eMailAddress'

2024-02-06 16:40:58 - [MESSAGE][PASSED] - Text 'iahmed@govolution.com' is set on object 'Object Repository/RAD_Pages/AddressAndContactInfo_Page/input_reEnterEMailAddress'

2024-02-06 16:40:58 - [MESSAGE][PASSED] - rad.getSetDataRAD.setDataRADAddress is PASSED

2024-02-06 16:40:58 - [TEST_STEP][PASSED] - if (feinSsn.equalsIgnoreCase("Y")): null

2024-02-06 16:40:58 - [TEST_STEP][PASSED] - else: Text ****** has been set on object 'Object Repository/RAD_Pages/TaxInfo_Page/input_concat(id(, , data, , ))_Data (1)'

2024-02-06 16:40:58 - [TEST_STEP][PASSED] - if (!(TaxType.equalsIgnoreCase("Estate Tax"))): Text ****** has been set on object 'Object Repository/RAD_Pages/TaxInfo_Page/input_concat(id(, , data, , ))_Data (1)'

2024-02-06 16:40:58 - [TEST_STEP][PASSED] - setEncryptedText(findTestObject("Object Repository/RAD_Pages/TaxInfo_Page/input_concat(id(, , data, , ))_Data"), "RigbBhfdqODKcAsiUrg+1Q=="): Text ****** has been set on object 'Object Repository/RAD_Pages/TaxInfo_Page/input_concat(id(, , data, , ))_Data'

2024-02-06 16:40:59 - [MESSAGE][PASSED] - Text ****** has been set on object 'Object Repository/RAD_Pages/TaxInfo_Page/input_concat(id(, , data, , ))_Data'

2024-02-06 16:40:59 - [TEST_STEP][PASSED] - setEncryptedText(findTestObject("Object Repository/RAD_Pages/TaxInfo_Page/input_concat(id(, , data, , ))_Data (1)"), "RigbBhfdqODKcAsiUrg+1Q=="): Text ****** has been set on object 'Object Repository/RAD_Pages/TaxInfo_Page/input_concat(id(, , data, , ))_Data (1)'

2024-02-06 16:41:00 - [MESSAGE][PASSED] - Text ****** has been set on object 'Object Repository/RAD_Pages/TaxInfo_Page/input_concat(id(, , data, , ))_Data (1)'

2024-02-06 16:41:00 - [TEST_STEP][PASSED] - rad.getSetDataRAD.setDataRADNoticeInvoiceThirteen(): rad.getSetDataRAD.setDataRADNoticeInvoiceThirteen is PASSED

2024-02-06 16:41:01 - [MESSAGE][PASSED] - Text '1234567890123' is set on object 'Object Repository/RAD_Pages/TaxInfo_Page/input_NoticeInvoiceNumber'

2024-02-06 16:41:01 - [MESSAGE][PASSED] - Text '1234567890123' is set on object 'Object Repository/RAD_Pages/TaxInfo_Page/input_reTypeNoticeInvoiceNumber'

2024-02-06 16:41:01 - [MESSAGE][PASSED] - rad.getSetDataRAD.setDataRADNoticeInvoiceThirteen is PASSED

2024-02-06 16:41:01 - [TEST_STEP][PASSED] - switch (TaxType): null

2024-02-06 16:41:01 - [TEST_STEP][PASSED] - if (TaxType.equalsIgnoreCase("Estate Tax")): null

2024-02-06 16:41:01 - [TEST_STEP][PASSED] - setText(findTestObject(orPath_Amount + "/input__paymentAmount"), "10.00"): Text '10.00' is set on object 'Object Repository/RAD_Pages/PaymentAmount_Page/input__paymentAmount'

2024-02-06 16:41:02 - [MESSAGE][PASSED] - Text '10.00' is set on object 'Object Repository/RAD_Pages/PaymentAmount_Page/input__paymentAmount'

2024-02-06 16:41:02 - [TEST_STEP][PASSED] - setText(findTestObject(orPath_AddressContact + "/input_streetAddress2"), ""): Text '' is set on object 'Object Repository/RAD_Pages/AddressAndContactInfo_Page/input_streetAddress2'

2024-02-06 16:41:03 - [MESSAGE][PASSED] - Text '' is set on object 'Object Repository/RAD_Pages/AddressAndContactInfo_Page/input_streetAddress2'

2024-02-06 16:41:03 - [TEST_STEP][PASSED] - scrollToElement(findTestObject(orPath_Landing + "/button_Continue"), 3): Scroll to object 'Object Repository/RAD_Pages/Landing_Page/button_Continue' successfully

2024-02-06 16:41:04 - [MESSAGE][PASSED] - Scroll to object 'Object Repository/RAD_Pages/Landing_Page/button_Continue' successfully

2024-02-06 16:41:04 - [TEST_STEP][PASSED] - waitForElementClickable(findTestObject(orPath_Landing + "/button_Continue"), 5): Object 'Object Repository/RAD_Pages/Landing_Page/button_Continue' is clickable

2024-02-06 16:41:04 - [MESSAGE][PASSED] - Object 'Object Repository/RAD_Pages/Landing_Page/button_Continue' is clickable

2024-02-06 16:41:04 - [TEST_STEP][PASSED] - click(findTestObject(orPath_Landing + "/button_Continue")): Object: 'Object Repository/RAD_Pages/Landing_Page/button_Continue' is clicked on

2024-02-06 16:41:04 - [MESSAGE][PASSED] - Object: 'Object Repository/RAD_Pages/Landing_Page/button_Continue' is clicked on

2024-02-06 16:41:04 - [TEST_STEP][PASSED] - delay(2): Delayed 2 second(s)

2024-02-06 16:41:06 - [MESSAGE][PASSED] - Delayed 2 second(s)

2024-02-06 16:41:06 - [TEST_STEP][PASSED] - click(findTestObject(orPath_Summary + "/button_Proceed to Payment")): Object: 'Object Repository/RAD_Pages/Summary_Page/button_Proceed to Payment' is clicked on

2024-02-06 16:41:08 - [MESSAGE][PASSED] - Object: 'Object Repository/RAD_Pages/Summary_Page/button_Proceed to Payment' is clicked on

2024-02-06 16:41:08 - [TEST_STEP][PASSED] - if (verifyElementPresent(findTestObject("Object Repository/RAD_Pages/PaymentEntry_Page/input__billingName"), 30)): null

2024-02-06 16:41:09 - [MESSAGE][PASSED] - Object 'Object Repository/RAD_Pages/PaymentEntry_Page/input__billingName' is present

2024-02-06 16:41:09 - [TEST_STEP][PASSED] - verifyTextPresent("Payment Information", true): Text 'Payment Information' is present on page  using regular expression

2024-02-06 16:41:09 - [MESSAGE][PASSED] - Text 'Payment Information' is present on page  using regular expression

2024-02-06 16:41:09 - [TEST_STEP][PASSED] - card_Name = getAttribute(findTestObject("Object Repository/RAD_Pages/PaymentEntry_Page/input__billingName"), "value"): Attribute 'value' of object 'Object Repository/RAD_Pages/PaymentEntry_Page/input__billingName' is: 'BusRepFname BusRepLname'

2024-02-06 16:41:10 - [MESSAGE][PASSED] - Attribute 'value' of object 'Object Repository/RAD_Pages/PaymentEntry_Page/input__billingName' is: 'BusRepFname BusRepLname'

2024-02-06 16:41:10 - [TEST_STEP][PASSED] - verifyMatch("BusRepFname BusRepLname", card_Name, false): Actual text 'BusRepFname BusRepLname' and expected text 'BusRepFname BusRepLname' are matched 

2024-02-06 16:41:10 - [MESSAGE][PASSED] - Actual text 'BusRepFname BusRepLname' and expected text 'BusRepFname BusRepLname' are matched 

2024-02-06 16:41:10 - [TEST_STEP][PASSED] - AL1 = getAttribute(findTestObject("Object Repository/RAD_Pages/PaymentEntry_Page/input_billingAddress"), "value"): Attribute 'value' of object 'Object Repository/RAD_Pages/PaymentEntry_Page/input_billingAddress' is: '2508 Mandan Terrace'

2024-02-06 16:41:10 - [MESSAGE][PASSED] - Attribute 'value' of object 'Object Repository/RAD_Pages/PaymentEntry_Page/input_billingAddress' is: '2508 Mandan Terrace'

2024-02-06 16:41:10 - [TEST_STEP][PASSED] - verifyMatch("2508 Mandan Terrace", AL1, false): Actual text '2508 Mandan Terrace' and expected text '2508 Mandan Terrace' are matched 

2024-02-06 16:41:10 - [MESSAGE][PASSED] - Actual text '2508 Mandan Terrace' and expected text '2508 Mandan Terrace' are matched 

2024-02-06 16:41:10 - [TEST_STEP][PASSED] - AL2 = getAttribute(findTestObject("Object Repository/RAD_Pages/PaymentEntry_Page/input_billingAddress2"), "value"): Attribute 'value' of object 'Object Repository/RAD_Pages/PaymentEntry_Page/input_billingAddress2' is: ''

2024-02-06 16:41:10 - [MESSAGE][PASSED] - Attribute 'value' of object 'Object Repository/RAD_Pages/PaymentEntry_Page/input_billingAddress2' is: ''

2024-02-06 16:41:10 - [TEST_STEP][PASSED] - verifyMatch("", AL2, false): Actual text '' and expected text '' are matched 

2024-02-06 16:41:10 - [MESSAGE][PASSED] - Actual text '' and expected text '' are matched 

2024-02-06 16:41:10 - [TEST_STEP][PASSED] - zipCode = getAttribute(findTestObject("Object Repository/RAD_Pages/PaymentEntry_Page/input_billingZip"), "value"): Attribute 'value' of object 'Object Repository/RAD_Pages/PaymentEntry_Page/input_billingZip' is: '21054'

2024-02-06 16:41:11 - [MESSAGE][PASSED] - Attribute 'value' of object 'Object Repository/RAD_Pages/PaymentEntry_Page/input_billingZip' is: '21054'

2024-02-06 16:41:11 - [TEST_STEP][PASSED] - verifyMatch("21054", zipCode, false): Actual text '21054' and expected text '21054' are matched 

2024-02-06 16:41:11 - [MESSAGE][PASSED] - Actual text '21054' and expected text '21054' are matched 

2024-02-06 16:41:11 - [TEST_STEP][PASSED] - city = getAttribute(findTestObject("Object Repository/RAD_Pages/PaymentEntry_Page/input_billingCity"), "value"): Attribute 'value' of object 'Object Repository/RAD_Pages/PaymentEntry_Page/input_billingCity' is: 'GAMBRILLS'

2024-02-06 16:41:11 - [MESSAGE][PASSED] - Attribute 'value' of object 'Object Repository/RAD_Pages/PaymentEntry_Page/input_billingCity' is: 'GAMBRILLS'

2024-02-06 16:41:11 - [TEST_STEP][PASSED] - verifyMatch("GAMBRILLS", city, false): Actual text 'GAMBRILLS' and expected text 'GAMBRILLS' are matched 

2024-02-06 16:41:11 - [MESSAGE][PASSED] - Actual text 'GAMBRILLS' and expected text 'GAMBRILLS' are matched 

2024-02-06 16:41:11 - [TEST_STEP][PASSED] - email = getAttribute(findTestObject("Object Repository/RAD_Pages/PaymentEntry_Page/input_emailAddress"), "value"): Attribute 'value' of object 'Object Repository/RAD_Pages/PaymentEntry_Page/input_emailAddress' is: 'iahmed@govolution.com'

2024-02-06 16:41:11 - [MESSAGE][PASSED] - Attribute 'value' of object 'Object Repository/RAD_Pages/PaymentEntry_Page/input_emailAddress' is: 'iahmed@govolution.com'

2024-02-06 16:41:11 - [TEST_STEP][PASSED] - verifyMatch("iahmed@govolution.com", email, false): Actual text 'iahmed@govolution.com' and expected text 'iahmed@govolution.com' are matched 

2024-02-06 16:41:11 - [MESSAGE][PASSED] - Actual text 'iahmed@govolution.com' and expected text 'iahmed@govolution.com' are matched 

2024-02-06 16:41:11 - [TEST_STEP][PASSED] - amount = getAttribute(findTestObject("Object Repository/RAD_Pages/PaymentEntry_Page/input_amount"), "value"): Attribute 'value' of object 'Object Repository/RAD_Pages/PaymentEntry_Page/input_amount' is: '10.00'

2024-02-06 16:41:12 - [MESSAGE][PASSED] - Attribute 'value' of object 'Object Repository/RAD_Pages/PaymentEntry_Page/input_amount' is: '10.00'

2024-02-06 16:41:12 - [TEST_STEP][PASSED] - verifyMatch("10.00", amount, false): Actual text '10.00' and expected text '10.00' are matched 

2024-02-06 16:41:12 - [MESSAGE][PASSED] - Actual text '10.00' and expected text '10.00' are matched 

2024-02-06 16:41:12 - [TEST_STEP][PASSED] - amountReadOnly = getAttribute(findTestObject("Object Repository/RAD_Pages/PaymentEntry_Page/input_amount"), "readonly"): Attribute 'readonly' of object 'Object Repository/RAD_Pages/PaymentEntry_Page/input_amount' is: 'true'

2024-02-06 16:41:12 - [MESSAGE][PASSED] - Attribute 'readonly' of object 'Object Repository/RAD_Pages/PaymentEntry_Page/input_amount' is: 'true'

2024-02-06 16:41:12 - [TEST_STEP][PASSED] - verifyMatch("true", amountReadOnly, false): Actual text 'true' and expected text 'true' are matched 

2024-02-06 16:41:12 - [MESSAGE][PASSED] - Actual text 'true' and expected text 'true' are matched 

2024-02-06 16:41:12 - [TEST_STEP][PASSED] - verifyOptionSelectedByLabel(findTestObject("Object Repository/RAD_Pages/PaymentEntry_Page/select_Country"), "United States", false, 20): All options with label 'United States' are selected in object 'Object Repository/RAD_Pages/PaymentEntry_Page/select_Country' 

2024-02-06 16:41:13 - [MESSAGE][PASSED] - All options with label 'United States' are selected in object 'Object Repository/RAD_Pages/PaymentEntry_Page/select_Country' 

2024-02-06 16:41:13 - [TEST_STEP][PASSED] - verifyOptionSelectedByLabel(findTestObject("Object Repository/RAD_Pages/PaymentEntry_Page/select_State"), "Maryland", false, 20): All options with label 'Maryland' are selected in object 'Object Repository/RAD_Pages/PaymentEntry_Page/select_State' 

2024-02-06 16:41:16 - [MESSAGE][PASSED] - All options with label 'Maryland' are selected in object 'Object Repository/RAD_Pages/PaymentEntry_Page/select_State' 

2024-02-06 16:41:16 - [TEST_STEP][PASSED] - setText(findTestObject(orPath_PaymentEntry + "/input__cardNumber"), "4111111111111111"): Text '4111111111111111' is set on object 'Object Repository/RAD_Pages/PaymentEntry_Page/input__cardNumber'

2024-02-06 16:41:16 - [MESSAGE][PASSED] - Text '4111111111111111' is set on object 'Object Repository/RAD_Pages/PaymentEntry_Page/input__cardNumber'

2024-02-06 16:41:16 - [TEST_STEP][PASSED] - setText(findTestObject(orPath_PaymentEntry + "/input__spc"), "123"): Text '123' is set on object 'Object Repository/RAD_Pages/PaymentEntry_Page/input__spc'

2024-02-06 16:41:17 - [MESSAGE][PASSED] - Text '123' is set on object 'Object Repository/RAD_Pages/PaymentEntry_Page/input__spc'

2024-02-06 16:41:17 - [TEST_STEP][PASSED] - selectOptionByLabel(findTestObject(orPath_PaymentEntry + "/select_MM"), "12", false): All options with label '12' are selected in object 'Object Repository/RAD_Pages/PaymentEntry_Page/select_MM' 

2024-02-06 16:41:18 - [MESSAGE][PASSED] - All options with label '12' are selected in object 'Object Repository/RAD_Pages/PaymentEntry_Page/select_MM' 

2024-02-06 16:41:18 - [TEST_STEP][PASSED] - selectOptionByLabel(findTestObject(orPath_PaymentEntry + "/select_YYYY"), "2028", false): All options with label '2028' are selected in object 'Object Repository/RAD_Pages/PaymentEntry_Page/select_YYYY' 

2024-02-06 16:41:18 - [MESSAGE][PASSED] - All options with label '2028' are selected in object 'Object Repository/RAD_Pages/PaymentEntry_Page/select_YYYY' 

2024-02-06 16:41:18 - [TEST_STEP][PASSED] - click(findTestObject(orPath_PaymentEntry + "/input_Field_ccSubmit")): Object: 'Object Repository/RAD_Pages/PaymentEntry_Page/input_Field_ccSubmit' is clicked on

2024-02-06 16:41:19 - [MESSAGE][PASSED] - Object: 'Object Repository/RAD_Pages/PaymentEntry_Page/input_Field_ccSubmit' is clicked on

2024-02-06 16:41:19 - [TEST_STEP][PASSED] - click(findTestObject(orPath_PaymentConfirmation + "/input_N_confirmNotifyAction")): Object: 'Object Repository/RAD_Pages/PaymentConfirmation_Page/input_N_confirmNotifyAction' is clicked on

2024-02-06 16:41:20 - [MESSAGE][PASSED] - Object: 'Object Repository/RAD_Pages/PaymentConfirmation_Page/input_N_confirmNotifyAction' is clicked on

2024-02-06 16:41:20 - [TEST_STEP][PASSED] - verifyTextPresent("Service Fee Acceptance", true): Text 'Service Fee Acceptance' is present on page  using regular expression

2024-02-06 16:41:21 - [MESSAGE][PASSED] - Text 'Service Fee Acceptance' is present on page  using regular expression

2024-02-06 16:41:21 - [TEST_STEP][PASSED] - verifyTextPresent("This transaction is subject to a Service Fee of ", true): Text 'This transaction is subject to a Service Fee of ' is present on page  using regular expression

2024-02-06 16:41:21 - [MESSAGE][PASSED] - Text 'This transaction is subject to a Service Fee of ' is present on page  using regular expression

2024-02-06 16:41:21 - [TEST_STEP][PASSED] - verifyTextPresent("Payment Amount:", true): Text 'Payment Amount:' is present on page  using regular expression

2024-02-06 16:41:21 - [MESSAGE][PASSED] - Text 'Payment Amount:' is present on page  using regular expression

2024-02-06 16:41:21 - [TEST_STEP][PASSED] - verifyTextPresent("10.00", true): Text '10.00' is present on page  using regular expression

2024-02-06 16:41:22 - [MESSAGE][PASSED] - Text '10.00' is present on page  using regular expression

2024-02-06 16:41:22 - [TEST_STEP][PASSED] - verifyTextPresent("Service Fee:", true): Text 'Service Fee:' is present on page  using regular expression

2024-02-06 16:41:22 - [MESSAGE][PASSED] - Text 'Service Fee:' is present on page  using regular expression

2024-02-06 16:41:22 - [TEST_STEP][PASSED] - verifyTextPresent("1.00", true): Text '1.00' is present on page  using regular expression

2024-02-06 16:41:22 - [MESSAGE][PASSED] - Text '1.00' is present on page  using regular expression

2024-02-06 16:41:22 - [TEST_STEP][PASSED] - verifyTextPresent("Total Amount:", true): Text 'Total Amount:' is present on page  using regular expression

2024-02-06 16:41:23 - [MESSAGE][PASSED] - Text 'Total Amount:' is present on page  using regular expression

2024-02-06 16:41:23 - [TEST_STEP][PASSED] - verifyTextPresent("11.00", true): Text '11.00' is present on page  using regular expression

2024-02-06 16:41:23 - [MESSAGE][PASSED] - Text '11.00' is present on page  using regular expression

2024-02-06 16:41:23 - [TEST_STEP][PASSED] - verifyTextPresent("Two transactions will appear on your bank statement, one in the amount of", true): Text 'Two transactions will appear on your bank statement, one in the amount of' is present on page  using regular expression

2024-02-06 16:41:23 - [MESSAGE][PASSED] - Text 'Two transactions will appear on your bank statement, one in the amount of' is present on page  using regular expression

2024-02-06 16:41:23 - [TEST_STEP][PASSED] - if (verifyElementPresent(findTestObject(orPath_ServiceFeesAccept + "/input_convFeeNotifyAction"), 30)): null

2024-02-06 16:41:23 - [MESSAGE][PASSED] - Object 'Object Repository/RAD_Pages/ServiceFeeAccept_Page/input_convFeeNotifyAction' is present

2024-02-06 16:41:23 - [TEST_STEP][PASSED] - resText = "Pass": null

2024-02-06 16:41:23 - [TEST_STEP][PASSED] - pages.WriteExcel.demoKey(resText, datText, resColumn, datCloumn, fileLoc, nameSheet, row): pages.WriteExcel.demoKey is PASSED

2024-02-06 16:41:23 - [MESSAGE][PASSED] - pages.WriteExcel.demoKey is PASSED

2024-02-06 16:41:23 - [TEST_STEP][PASSED] - if (execProfile == "QAProfile" || execProfile == "QA2Profile"): Text 'Successful Payment Receipt' is present on page  using regular expression

2024-02-06 16:41:23 - [TEST_STEP][PASSED] - click(findTestObject(orPath_ServiceFeesAccept + "/input_convFeeNotifyAction")): Object: 'Object Repository/RAD_Pages/ServiceFeeAccept_Page/input_convFeeNotifyAction' is clicked on

2024-02-06 16:41:25 - [MESSAGE][PASSED] - Object: 'Object Repository/RAD_Pages/ServiceFeeAccept_Page/input_convFeeNotifyAction' is clicked on

2024-02-06 16:41:25 - [TEST_STEP][PASSED] - delay(10): Delayed 10 second(s)

2024-02-06 16:41:35 - [MESSAGE][PASSED] - Delayed 10 second(s)

2024-02-06 16:41:35 - [TEST_STEP][PASSED] - verifyTextPresent("Successful Payment Receipt", true): Text 'Successful Payment Receipt' is present on page  using regular expression

2024-02-06 16:41:35 - [MESSAGE][PASSED] - Text 'Successful Payment Receipt' is present on page  using regular expression]]></system-out>
         <system-err><![CDATA[]]></system-err>
      </testcase>
      <testcase name="Test Cases/RAD_TestCases/BeforePayments_TestCases/NewTaxReturn_BeforePayments_TC" time="2683.638" classname="Test Cases/RAD_TestCases/BeforePayments_TestCases/NewTaxReturn_BeforePayments_TC" status="PASSED">
         <system-out><![CDATA[2024-02-06 16:41:35 - [TEST_CASE][PASSED] - Test Cases/RAD_TestCases/BeforePayments_TestCases/NewTaxReturn_BeforePayments_TC: Test Cases/RAD_TestCases/BeforePayments_TestCases/NewTaxReturn_BeforePayments_TC

2024-02-06 16:41:36 - [TEST_STEP][PASSED] - resText = "Fail": null

2024-02-06 16:41:36 - [TEST_STEP][PASSED] - resColumn = "Result": null

2024-02-06 16:41:36 - [TEST_STEP][PASSED] - datCloumn = "Date": null

2024-02-06 16:41:36 - [TEST_STEP][PASSED] - fileLoc = "KatalonData/RADTestData/BeforePayments.xlsx": null

2024-02-06 16:41:36 - [TEST_STEP][PASSED] - nameSheet = "NewTaxReturn": null

2024-02-06 16:41:36 - [TEST_STEP][PASSED] - dataFile = "RADTestData/BeforePayments_NewTaxReturn": null

2024-02-06 16:41:36 - [TEST_STEP][PASSED] - orPath_Landing = "Object Repository/RAD_Pages/Landing_Page": null

2024-02-06 16:41:36 - [TEST_STEP][PASSED] - orPath_TaxTypeFilingYear = "Object Repository/RAD_Pages/TaxTypeFilingYear_Page": null

2024-02-06 16:41:36 - [TEST_STEP][PASSED] - orPath_Amount = "Object Repository/RAD_Pages/PaymentAmount_Page": null

2024-02-06 16:41:36 - [TEST_STEP][PASSED] - orPath_AddressContact = "Object Repository/RAD_Pages/AddressAndContactInfo_Page": null

2024-02-06 16:41:36 - [TEST_STEP][PASSED] - orPath_Summary = "Object Repository/RAD_Pages/Summary_Page": null

2024-02-06 16:41:36 - [TEST_STEP][PASSED] - orPath_PaymentConfirmation = "Object Repository/RAD_Pages/PaymentConfirmation_Page": null

2024-02-06 16:41:36 - [TEST_STEP][PASSED] - orPath_ServiceFeesAccept = "Object Repository/RAD_Pages/ServiceFeeAccept_Page": null

2024-02-06 16:41:36 - [TEST_STEP][PASSED] - orPath_PaymentEntry = "Object Repository/RAD_Pages/PaymentEntry_Page": null

2024-02-06 16:41:36 - [TEST_STEP][PASSED] - ExecuteTC = <not implemented yet for class: org.codehaus.groovy.ast.expr.EmptyExpression>: null

2024-02-06 16:41:36 - [TEST_STEP][PASSED] - TaxType = <not implemented yet for class: org.codehaus.groovy.ast.expr.EmptyExpression>: null

2024-02-06 16:41:36 - [TEST_STEP][PASSED] - PaymentType = <not implemented yet for class: org.codehaus.groovy.ast.expr.EmptyExpression>: null

2024-02-06 16:41:36 - [TEST_STEP][PASSED] - FilingYear = <not implemented yet for class: org.codehaus.groovy.ast.expr.EmptyExpression>: null

2024-02-06 16:41:36 - [TEST_STEP][PASSED] - PeriodEndingMonth = <not implemented yet for class: org.codehaus.groovy.ast.expr.EmptyExpression>: null

2024-02-06 16:41:36 - [TEST_STEP][PASSED] - feinSSN = <not implemented yet for class: org.codehaus.groovy.ast.expr.EmptyExpression>: null

2024-02-06 16:41:36 - [TEST_STEP][PASSED] - execProfile = getExecutionProfile(): null

2024-02-06 16:41:36 - [TEST_STEP][PASSED] - numOfRows = findTestData(dataFile).getRowNumbers(): null

2024-02-06 16:41:36 - [TEST_STEP][PASSED] - println("Number of Records: " + numOfRows): null

2024-02-06 16:41:36 - [TEST_STEP][PASSED] - for ([row = 1, row <= numOfRows, (row++)]): null

2024-02-06 16:41:36 - [TEST_STEP][PASSED] - ExecuteTC = findTestData(dataFile).getValue("Execute", row): null

2024-02-06 16:41:36 - [TEST_STEP][PASSED] - TaxType = findTestData(dataFile).getValue("TaxType", row): null

2024-02-06 16:41:36 - [TEST_STEP][PASSED] - PaymentType = findTestData(dataFile).getValue("PaymentType", row): null

2024-02-06 16:41:36 - [TEST_STEP][PASSED] - FilingYear = findTestData(dataFile).getValue("Year", row): null

2024-02-06 16:41:36 - [TEST_STEP][PASSED] - feinSSN = findTestData(dataFile).getValue("FeinSsn", row): null

2024-02-06 16:41:36 - [TEST_STEP][PASSED] - if (ExecuteTC.equalsIgnoreCase("Y")): null

2024-02-06 16:41:36 - [TEST_STEP][PASSED] - out.println("Begin Record Number: " + row): null

2024-02-06 16:41:36 - [TEST_STEP][PASSED] - today = new java.util.Date(): null

2024-02-06 16:41:36 - [TEST_STEP][PASSED] - println(today): null

2024-02-06 16:41:36 - [TEST_STEP][PASSED] - datText = today: null

2024-02-06 16:41:36 - [TEST_STEP][PASSED] - logInfo("Payment Type: New Tax Return Amount Due"): Payment Type: New Tax Return Amount Due

2024-02-06 16:41:36 - [MESSAGE][INFO] - Payment Type: New Tax Return Amount Due

2024-02-06 16:41:36 - [TEST_STEP][PASSED] - logInfo("Tax Type: " + TaxType): Tax Type: Fiduciary Tax

2024-02-06 16:41:36 - [MESSAGE][INFO] - Tax Type: Fiduciary Tax

2024-02-06 16:41:36 - [TEST_STEP][PASSED] - openBrowser(""): Browser is opened with url: ''

2024-02-06 16:41:36 - [MESSAGE][WARNING] - A browser is already opened. Closing browser and opening a new one

2024-02-06 16:41:37 - [MESSAGE][INFO] - Starting 'Chrome' driver

2024-02-06 16:41:37 - [MESSAGE][INFO] - User set preference: ['acceptInsecureCerts', 'true']

2024-02-06 16:41:37 - [MESSAGE][INFO] - Action delay is set to 0 milliseconds

2024-02-06 16:41:39 - [MESSAGE][PASSED] - Browser is opened with url: ''

2024-02-06 16:41:39 - [TEST_STEP][PASSED] - maximizeWindow(): Current window maximized

2024-02-06 16:41:39 - [MESSAGE][PASSED] - Current window maximized

2024-02-06 16:41:39 - [TEST_STEP][PASSED] - navigateToUrl(RADurl): Navigate to 'https://qa2.velocitypayment.com/client/rad/index.html' successfully

2024-02-06 16:41:41 - [MESSAGE][PASSED] - Navigate to 'https://qa2.velocitypayment.com/client/rad/index.html' successfully

2024-02-06 16:41:41 - [TEST_STEP][PASSED] - selectOptionByLabel(findTestObject(orPath_Landing + "/dd_TaxType"), "New Tax Return Amount Due", false): All options with label 'New Tax Return Amount Due' are selected in object 'Object Repository/RAD_Pages/Landing_Page/dd_TaxType' 

2024-02-06 16:41:41 - [MESSAGE][PASSED] - All options with label 'New Tax Return Amount Due' are selected in object 'Object Repository/RAD_Pages/Landing_Page/dd_TaxType' 

2024-02-06 16:41:41 - [TEST_STEP][PASSED] - selectOptionByLabel(findTestObject("Object Repository/RAD_Pages/Landing_Page/select_NewTaxReturnAmountDue_TaxType"), TaxType, false): All options with label 'Fiduciary Tax' are selected in object 'Object Repository/RAD_Pages/Landing_Page/select_NewTaxReturnAmountDue_TaxType' 

2024-02-06 16:41:42 - [MESSAGE][PASSED] - All options with label 'Fiduciary Tax' are selected in object 'Object Repository/RAD_Pages/Landing_Page/select_NewTaxReturnAmountDue_TaxType' 

2024-02-06 16:41:42 - [TEST_STEP][PASSED] - selectOptionByLabel(findTestObject(orPath_TaxTypeFilingYear + "/select_FilingYear"), FilingYear, false): All options with label '2023' are selected in object 'Object Repository/RAD_Pages/TaxTypeFilingYear_Page/select_FilingYear' 

2024-02-06 16:41:43 - [MESSAGE][PASSED] - All options with label '2023' are selected in object 'Object Repository/RAD_Pages/TaxTypeFilingYear_Page/select_FilingYear' 

2024-02-06 16:41:43 - [TEST_STEP][PASSED] - rad.getSetDataRAD.setDataRADBusinessName(): rad.getSetDataRAD.setDataRADBusinessName is PASSED

2024-02-06 16:41:44 - [MESSAGE][PASSED] - Text 'My Company' is set on object 'Object Repository/RAD_Pages/Taxpayer_Page/input_businessName'

2024-02-06 16:41:44 - [MESSAGE][PASSED] - rad.getSetDataRAD.setDataRADBusinessName is PASSED

2024-02-06 16:41:44 - [TEST_STEP][PASSED] - rad.getSetDataRAD.setDataRADBusinessRep(): rad.getSetDataRAD.setDataRADBusinessRep is PASSED

2024-02-06 16:41:44 - [MESSAGE][PASSED] - Text 'BusRepFname' is set on object 'Object Repository/RAD_Pages/Taxpayer_Page/input_BusinessRepfirstName'

2024-02-06 16:41:45 - [MESSAGE][PASSED] - Text '' is set on object 'Object Repository/RAD_Pages/Taxpayer_Page/input_BusinessRepmiddleName'

2024-02-06 16:41:46 - [MESSAGE][PASSED] - Text 'BusRepLname' is set on object 'Object Repository/RAD_Pages/Taxpayer_Page/input_BusinessReplastName'

2024-02-06 16:41:46 - [MESSAGE][PASSED] - Text '' is set on object 'Object Repository/RAD_Pages/Taxpayer_Page/input_BusinessRepsuffix'

2024-02-06 16:41:46 - [MESSAGE][PASSED] - rad.getSetDataRAD.setDataRADBusinessRep is PASSED

2024-02-06 16:41:46 - [TEST_STEP][PASSED] - rad.getSetDataRAD.setDataRADAddress(): rad.getSetDataRAD.setDataRADAddress is PASSED

2024-02-06 16:41:47 - [MESSAGE][PASSED] - All options with label 'United States' are selected in object 'Object Repository/RAD_Pages/AddressAndContactInfo_Page/select_Country' 

2024-02-06 16:41:48 - [MESSAGE][PASSED] - Text '2508 Mandan Terrace' is set on object 'Object Repository/RAD_Pages/AddressAndContactInfo_Page/input_streetAddress1'

2024-02-06 16:41:48 - [MESSAGE][PASSED] - Text '' is set on object 'Object Repository/RAD_Pages/AddressAndContactInfo_Page/input_streetAddress2'

2024-02-06 16:41:49 - [MESSAGE][PASSED] - Text 'Gambrills' is set on object 'Object Repository/RAD_Pages/AddressAndContactInfo_Page/input_city'

2024-02-06 16:41:50 - [MESSAGE][PASSED] - All options with label 'Maryland' are selected in object 'Object Repository/RAD_Pages/AddressAndContactInfo_Page/select_State' 

2024-02-06 16:41:51 - [MESSAGE][PASSED] - Text '21054' is set on object 'Object Repository/RAD_Pages/AddressAndContactInfo_Page/input_zipCode'

2024-02-06 16:41:52 - [MESSAGE][PASSED] - Text '(703) 894-5000' is set on object 'Object Repository/RAD_Pages/AddressAndContactInfo_Page/input_phoneNumber'

2024-02-06 16:41:52 - [MESSAGE][PASSED] - Text 'iahmed@govolution.com' is set on object 'Object Repository/RAD_Pages/AddressAndContactInfo_Page/input_eMailAddress'

2024-02-06 16:41:53 - [MESSAGE][PASSED] - Text 'iahmed@govolution.com' is set on object 'Object Repository/RAD_Pages/AddressAndContactInfo_Page/input_reEnterEMailAddress'

2024-02-06 16:41:53 - [MESSAGE][PASSED] - rad.getSetDataRAD.setDataRADAddress is PASSED

2024-02-06 16:41:53 - [TEST_STEP][PASSED] - if (feinSSN.equalsIgnoreCase("Y")): null

2024-02-06 16:41:53 - [TEST_STEP][PASSED] - else: rad.getSetDataRAD.setDataRADFEIN is PASSED

2024-02-06 16:41:53 - [TEST_STEP][PASSED] - if (!(TaxType.equalsIgnoreCase("Estate Tax"))): rad.getSetDataRAD.setDataRADFEIN is PASSED

2024-02-06 16:41:53 - [TEST_STEP][PASSED] - rad.getSetDataRAD.setDataRADFEIN(): rad.getSetDataRAD.setDataRADFEIN is PASSED

2024-02-06 16:41:54 - [MESSAGE][PASSED] - Text ****** has been set on object 'Object Repository/RAD_Pages/TaxInfo_Page/input_FederalEIN'

2024-02-06 16:41:55 - [MESSAGE][PASSED] - Text ****** has been set on object 'Object Repository/RAD_Pages/TaxInfo_Page/input_FederalEIN_ReEnter'

2024-02-06 16:41:55 - [MESSAGE][PASSED] - rad.getSetDataRAD.setDataRADFEIN is PASSED

2024-02-06 16:41:55 - [TEST_STEP][PASSED] - if (TaxType.equalsIgnoreCase("Estate Tax")): null

2024-02-06 16:41:55 - [TEST_STEP][PASSED] - setText(findTestObject(orPath_Amount + "/input__paymentAmount"), "100.00"): Text '100.00' is set on object 'Object Repository/RAD_Pages/PaymentAmount_Page/input__paymentAmount'

2024-02-06 16:41:55 - [MESSAGE][PASSED] - Text '100.00' is set on object 'Object Repository/RAD_Pages/PaymentAmount_Page/input__paymentAmount'

2024-02-06 16:41:55 - [TEST_STEP][PASSED] - setText(findTestObject(orPath_AddressContact + "/input_streetAddress2"), ""): Text '' is set on object 'Object Repository/RAD_Pages/AddressAndContactInfo_Page/input_streetAddress2'

2024-02-06 16:41:56 - [MESSAGE][PASSED] - Text '' is set on object 'Object Repository/RAD_Pages/AddressAndContactInfo_Page/input_streetAddress2'

2024-02-06 16:41:56 - [TEST_STEP][PASSED] - scrollToElement(findTestObject(orPath_Landing + "/button_Continue"), 3): Scroll to object 'Object Repository/RAD_Pages/Landing_Page/button_Continue' successfully

2024-02-06 16:41:57 - [MESSAGE][PASSED] - Scroll to object 'Object Repository/RAD_Pages/Landing_Page/button_Continue' successfully

2024-02-06 16:41:57 - [TEST_STEP][PASSED] - waitForElementClickable(findTestObject(orPath_Landing + "/button_Continue"), 5): Object 'Object Repository/RAD_Pages/Landing_Page/button_Continue' is clickable

2024-02-06 16:41:57 - [MESSAGE][PASSED] - Object 'Object Repository/RAD_Pages/Landing_Page/button_Continue' is clickable

2024-02-06 16:41:57 - [TEST_STEP][PASSED] - click(findTestObject(orPath_Landing + "/button_Continue")): Object: 'Object Repository/RAD_Pages/Landing_Page/button_Continue' is clicked on

2024-02-06 16:41:58 - [MESSAGE][PASSED] - Object: 'Object Repository/RAD_Pages/Landing_Page/button_Continue' is clicked on

2024-02-06 16:41:58 - [TEST_STEP][PASSED] - delay(2): Delayed 2 second(s)

2024-02-06 16:42:00 - [MESSAGE][PASSED] - Delayed 2 second(s)

2024-02-06 16:42:00 - [TEST_STEP][PASSED] - click(findTestObject(orPath_Summary + "/button_Proceed to Payment")): Object: 'Object Repository/RAD_Pages/Summary_Page/button_Proceed to Payment' is clicked on

2024-02-06 16:42:01 - [MESSAGE][PASSED] - Object: 'Object Repository/RAD_Pages/Summary_Page/button_Proceed to Payment' is clicked on

2024-02-06 16:42:01 - [TEST_STEP][PASSED] - if (verifyElementPresent(findTestObject("Object Repository/RAD_Pages/PaymentEntry_Page/input__billingName"), 30)): null

2024-02-06 16:42:01 - [MESSAGE][PASSED] - Object 'Object Repository/RAD_Pages/PaymentEntry_Page/input__billingName' is present

2024-02-06 16:42:01 - [TEST_STEP][PASSED] - verifyTextPresent("Comptroller of Maryland", true): Text 'Comptroller of Maryland' is present on page  using regular expression

2024-02-06 16:42:02 - [MESSAGE][PASSED] - Text 'Comptroller of Maryland' is present on page  using regular expression

2024-02-06 16:42:02 - [TEST_STEP][PASSED] - verifyTextPresent("Revenue Administration Division", true): Text 'Revenue Administration Division' is present on page  using regular expression

2024-02-06 16:42:02 - [MESSAGE][PASSED] - Text 'Revenue Administration Division' is present on page  using regular expression

2024-02-06 16:42:02 - [TEST_STEP][PASSED] - verifyTextPresent("Payment Information", true): Text 'Payment Information' is present on page  using regular expression

2024-02-06 16:42:02 - [MESSAGE][PASSED] - Text 'Payment Information' is present on page  using regular expression

2024-02-06 16:42:02 - [TEST_STEP][PASSED] - card_Name = getAttribute(findTestObject("Object Repository/RAD_Pages/PaymentEntry_Page/input__billingName"), "value"): Attribute 'value' of object 'Object Repository/RAD_Pages/PaymentEntry_Page/input__billingName' is: 'BusRepFname BusRepLname'

2024-02-06 16:42:03 - [MESSAGE][PASSED] - Attribute 'value' of object 'Object Repository/RAD_Pages/PaymentEntry_Page/input__billingName' is: 'BusRepFname BusRepLname'

2024-02-06 16:42:03 - [TEST_STEP][PASSED] - verifyMatch("BusRepFname BusRepLname", card_Name, false): Actual text 'BusRepFname BusRepLname' and expected text 'BusRepFname BusRepLname' are matched 

2024-02-06 16:42:03 - [MESSAGE][PASSED] - Actual text 'BusRepFname BusRepLname' and expected text 'BusRepFname BusRepLname' are matched 

2024-02-06 16:42:03 - [TEST_STEP][PASSED] - AL1 = getAttribute(findTestObject("Object Repository/RAD_Pages/PaymentEntry_Page/input_billingAddress"), "value"): Attribute 'value' of object 'Object Repository/RAD_Pages/PaymentEntry_Page/input_billingAddress' is: '2508 Mandan Terrace'

2024-02-06 16:42:03 - [MESSAGE][PASSED] - Attribute 'value' of object 'Object Repository/RAD_Pages/PaymentEntry_Page/input_billingAddress' is: '2508 Mandan Terrace'

2024-02-06 16:42:03 - [TEST_STEP][PASSED] - verifyMatch("2508 Mandan Terrace", AL1, false): Actual text '2508 Mandan Terrace' and expected text '2508 Mandan Terrace' are matched 

2024-02-06 16:42:03 - [MESSAGE][PASSED] - Actual text '2508 Mandan Terrace' and expected text '2508 Mandan Terrace' are matched 

2024-02-06 16:42:03 - [TEST_STEP][PASSED] - AL2 = getAttribute(findTestObject("Object Repository/RAD_Pages/PaymentEntry_Page/input_billingAddress2"), "value"): Attribute 'value' of object 'Object Repository/RAD_Pages/PaymentEntry_Page/input_billingAddress2' is: ''

2024-02-06 16:42:03 - [MESSAGE][PASSED] - Attribute 'value' of object 'Object Repository/RAD_Pages/PaymentEntry_Page/input_billingAddress2' is: ''

2024-02-06 16:42:03 - [TEST_STEP][PASSED] - verifyMatch("", AL2, false): Actual text '' and expected text '' are matched 

2024-02-06 16:42:03 - [MESSAGE][PASSED] - Actual text '' and expected text '' are matched 

2024-02-06 16:42:03 - [TEST_STEP][PASSED] - zipCode = getAttribute(findTestObject("Object Repository/RAD_Pages/PaymentEntry_Page/input_billingZip"), "value"): Attribute 'value' of object 'Object Repository/RAD_Pages/PaymentEntry_Page/input_billingZip' is: '21054'

2024-02-06 16:42:04 - [MESSAGE][PASSED] - Attribute 'value' of object 'Object Repository/RAD_Pages/PaymentEntry_Page/input_billingZip' is: '21054'

2024-02-06 16:42:04 - [TEST_STEP][PASSED] - verifyMatch("21054", zipCode, false): Actual text '21054' and expected text '21054' are matched 

2024-02-06 16:42:04 - [MESSAGE][PASSED] - Actual text '21054' and expected text '21054' are matched 

2024-02-06 16:42:04 - [TEST_STEP][PASSED] - city = getAttribute(findTestObject("Object Repository/RAD_Pages/PaymentEntry_Page/input_billingCity"), "value"): Attribute 'value' of object 'Object Repository/RAD_Pages/PaymentEntry_Page/input_billingCity' is: 'GAMBRILLS'

2024-02-06 16:42:04 - [MESSAGE][PASSED] - Attribute 'value' of object 'Object Repository/RAD_Pages/PaymentEntry_Page/input_billingCity' is: 'GAMBRILLS'

2024-02-06 16:42:04 - [TEST_STEP][PASSED] - verifyMatch("GAMBRILLS", city, false): Actual text 'GAMBRILLS' and expected text 'GAMBRILLS' are matched 

2024-02-06 16:42:04 - [MESSAGE][PASSED] - Actual text 'GAMBRILLS' and expected text 'GAMBRILLS' are matched 

2024-02-06 16:42:04 - [TEST_STEP][PASSED] - email = getAttribute(findTestObject("Object Repository/RAD_Pages/PaymentEntry_Page/input_emailAddress"), "value"): Attribute 'value' of object 'Object Repository/RAD_Pages/PaymentEntry_Page/input_emailAddress' is: 'iahmed@govolution.com'

2024-02-06 16:42:04 - [MESSAGE][PASSED] - Attribute 'value' of object 'Object Repository/RAD_Pages/PaymentEntry_Page/input_emailAddress' is: 'iahmed@govolution.com'

2024-02-06 16:42:04 - [TEST_STEP][PASSED] - verifyMatch("iahmed@govolution.com", email, false): Actual text 'iahmed@govolution.com' and expected text 'iahmed@govolution.com' are matched 

2024-02-06 16:42:04 - [MESSAGE][PASSED] - Actual text 'iahmed@govolution.com' and expected text 'iahmed@govolution.com' are matched 

2024-02-06 16:42:04 - [TEST_STEP][PASSED] - amount = getAttribute(findTestObject("Object Repository/RAD_Pages/PaymentEntry_Page/input_amount"), "value"): Attribute 'value' of object 'Object Repository/RAD_Pages/PaymentEntry_Page/input_amount' is: '100.00'

2024-02-06 16:42:05 - [MESSAGE][PASSED] - Attribute 'value' of object 'Object Repository/RAD_Pages/PaymentEntry_Page/input_amount' is: '100.00'

2024-02-06 16:42:05 - [TEST_STEP][PASSED] - verifyMatch("100.00", amount, false): Actual text '100.00' and expected text '100.00' are matched 

2024-02-06 16:42:05 - [MESSAGE][PASSED] - Actual text '100.00' and expected text '100.00' are matched 

2024-02-06 16:42:05 - [TEST_STEP][PASSED] - amountReadOnly = getAttribute(findTestObject("Object Repository/RAD_Pages/PaymentEntry_Page/input_amount"), "readonly"): Attribute 'readonly' of object 'Object Repository/RAD_Pages/PaymentEntry_Page/input_amount' is: 'true'

2024-02-06 16:42:05 - [MESSAGE][PASSED] - Attribute 'readonly' of object 'Object Repository/RAD_Pages/PaymentEntry_Page/input_amount' is: 'true'

2024-02-06 16:42:05 - [TEST_STEP][PASSED] - verifyMatch("true", amountReadOnly, false): Actual text 'true' and expected text 'true' are matched 

2024-02-06 16:42:05 - [MESSAGE][PASSED] - Actual text 'true' and expected text 'true' are matched 

2024-02-06 16:42:05 - [TEST_STEP][PASSED] - verifyOptionSelectedByLabel(findTestObject("Object Repository/RAD_Pages/PaymentEntry_Page/select_Country"), "United States", false, 20): All options with label 'United States' are selected in object 'Object Repository/RAD_Pages/PaymentEntry_Page/select_Country' 

2024-02-06 16:42:06 - [MESSAGE][PASSED] - All options with label 'United States' are selected in object 'Object Repository/RAD_Pages/PaymentEntry_Page/select_Country' 

2024-02-06 16:42:06 - [TEST_STEP][PASSED] - verifyOptionSelectedByLabel(findTestObject("Object Repository/RAD_Pages/PaymentEntry_Page/select_State"), "Maryland", false, 20): All options with label 'Maryland' are selected in object 'Object Repository/RAD_Pages/PaymentEntry_Page/select_State' 

2024-02-06 16:42:09 - [MESSAGE][PASSED] - All options with label 'Maryland' are selected in object 'Object Repository/RAD_Pages/PaymentEntry_Page/select_State' 

2024-02-06 16:42:09 - [TEST_STEP][PASSED] - setText(findTestObject(orPath_PaymentEntry + "/input__cardNumber"), "4111111111111111"): Text '4111111111111111' is set on object 'Object Repository/RAD_Pages/PaymentEntry_Page/input__cardNumber'

2024-02-06 16:42:09 - [MESSAGE][PASSED] - Text '4111111111111111' is set on object 'Object Repository/RAD_Pages/PaymentEntry_Page/input__cardNumber'

2024-02-06 16:42:09 - [TEST_STEP][PASSED] - setText(findTestObject(orPath_PaymentEntry + "/input__spc"), "123"): Text '123' is set on object 'Object Repository/RAD_Pages/PaymentEntry_Page/input__spc'

2024-02-06 16:42:10 - [MESSAGE][PASSED] - Text '123' is set on object 'Object Repository/RAD_Pages/PaymentEntry_Page/input__spc'

2024-02-06 16:42:10 - [TEST_STEP][PASSED] - selectOptionByLabel(findTestObject(orPath_PaymentEntry + "/select_MM"), "12", false): All options with label '12' are selected in object 'Object Repository/RAD_Pages/PaymentEntry_Page/select_MM' 

2024-02-06 16:42:11 - [MESSAGE][PASSED] - All options with label '12' are selected in object 'Object Repository/RAD_Pages/PaymentEntry_Page/select_MM' 

2024-02-06 16:42:11 - [TEST_STEP][PASSED] - selectOptionByLabel(findTestObject(orPath_PaymentEntry + "/select_YYYY"), "2028", false): All options with label '2028' are selected in object 'Object Repository/RAD_Pages/PaymentEntry_Page/select_YYYY' 

2024-02-06 16:42:11 - [MESSAGE][PASSED] - All options with label '2028' are selected in object 'Object Repository/RAD_Pages/PaymentEntry_Page/select_YYYY' 

2024-02-06 16:42:11 - [TEST_STEP][PASSED] - click(findTestObject(orPath_PaymentEntry + "/input_Field_ccSubmit")): Object: 'Object Repository/RAD_Pages/PaymentEntry_Page/input_Field_ccSubmit' is clicked on

2024-02-06 16:42:12 - [MESSAGE][PASSED] - Object: 'Object Repository/RAD_Pages/PaymentEntry_Page/input_Field_ccSubmit' is clicked on

2024-02-06 16:42:12 - [TEST_STEP][PASSED] - click(findTestObject(orPath_PaymentConfirmation + "/input_N_confirmNotifyAction")): Object: 'Object Repository/RAD_Pages/PaymentConfirmation_Page/input_N_confirmNotifyAction' is clicked on

2024-02-06 16:42:13 - [MESSAGE][PASSED] - Object: 'Object Repository/RAD_Pages/PaymentConfirmation_Page/input_N_confirmNotifyAction' is clicked on

2024-02-06 16:42:13 - [TEST_STEP][PASSED] - verifyTextPresent("Service Fee Acceptance", true): Text 'Service Fee Acceptance' is present on page  using regular expression

2024-02-06 16:42:14 - [MESSAGE][PASSED] - Text 'Service Fee Acceptance' is present on page  using regular expression

2024-02-06 16:42:14 - [TEST_STEP][PASSED] - verifyTextPresent("This transaction is subject to a Service Fee of ", true): Text 'This transaction is subject to a Service Fee of ' is present on page  using regular expression

2024-02-06 16:42:14 - [MESSAGE][PASSED] - Text 'This transaction is subject to a Service Fee of ' is present on page  using regular expression

2024-02-06 16:42:14 - [TEST_STEP][PASSED] - verifyTextPresent("Payment Amount:", true): Text 'Payment Amount:' is present on page  using regular expression

2024-02-06 16:42:14 - [MESSAGE][PASSED] - Text 'Payment Amount:' is present on page  using regular expression

2024-02-06 16:42:14 - [TEST_STEP][PASSED] - verifyTextPresent("100.00", true): Text '100.00' is present on page  using regular expression

2024-02-06 16:42:15 - [MESSAGE][PASSED] - Text '100.00' is present on page  using regular expression

2024-02-06 16:42:15 - [TEST_STEP][PASSED] - verifyTextPresent("Service Fee:", true): Text 'Service Fee:' is present on page  using regular expression

2024-02-06 16:42:15 - [MESSAGE][PASSED] - Text 'Service Fee:' is present on page  using regular expression

2024-02-06 16:42:15 - [TEST_STEP][PASSED] - verifyTextPresent("2.45", true): Text '2.45' is present on page  using regular expression

2024-02-06 16:42:15 - [MESSAGE][PASSED] - Text '2.45' is present on page  using regular expression

2024-02-06 16:42:15 - [TEST_STEP][PASSED] - verifyTextPresent("Total Amount:", true): Text 'Total Amount:' is present on page  using regular expression

2024-02-06 16:42:16 - [MESSAGE][PASSED] - Text 'Total Amount:' is present on page  using regular expression

2024-02-06 16:42:16 - [TEST_STEP][PASSED] - verifyTextPresent("102.45", true): Text '102.45' is present on page  using regular expression

2024-02-06 16:42:16 - [MESSAGE][PASSED] - Text '102.45' is present on page  using regular expression

2024-02-06 16:42:16 - [TEST_STEP][PASSED] - verifyTextPresent("Two transactions will appear on your bank statement, one in the amount of", true): Text 'Two transactions will appear on your bank statement, one in the amount of' is present on page  using regular expression

2024-02-06 16:42:16 - [MESSAGE][PASSED] - Text 'Two transactions will appear on your bank statement, one in the amount of' is present on page  using regular expression

2024-02-06 16:42:16 - [TEST_STEP][PASSED] - if (verifyElementPresent(findTestObject(orPath_ServiceFeesAccept + "/input_convFeeNotifyAction"), 30)): null

2024-02-06 16:42:16 - [MESSAGE][PASSED] - Object 'Object Repository/RAD_Pages/ServiceFeeAccept_Page/input_convFeeNotifyAction' is present

2024-02-06 16:42:16 - [TEST_STEP][PASSED] - resText = "Pass": null

2024-02-06 16:42:16 - [TEST_STEP][PASSED] - pages.WriteExcel.demoKey(resText, datText, resColumn, datCloumn, fileLoc, nameSheet, row): pages.WriteExcel.demoKey is PASSED

2024-02-06 16:42:16 - [MESSAGE][PASSED] - pages.WriteExcel.demoKey is PASSED

2024-02-06 16:42:16 - [TEST_STEP][PASSED] - if (execProfile == "QAProfile" || execProfile == "QA2Profile"): Text 'Successful Payment Receipt' is present on page  using regular expression

2024-02-06 16:42:16 - [TEST_STEP][PASSED] - click(findTestObject(orPath_ServiceFeesAccept + "/input_convFeeNotifyAction")): Object: 'Object Repository/RAD_Pages/ServiceFeeAccept_Page/input_convFeeNotifyAction' is clicked on

2024-02-06 16:42:17 - [MESSAGE][PASSED] - Object: 'Object Repository/RAD_Pages/ServiceFeeAccept_Page/input_convFeeNotifyAction' is clicked on

2024-02-06 16:42:17 - [TEST_STEP][PASSED] - delay(10): Delayed 10 second(s)

2024-02-06 16:42:27 - [MESSAGE][PASSED] - Delayed 10 second(s)

2024-02-06 16:42:27 - [TEST_STEP][PASSED] - verifyTextPresent("Successful Payment Receipt", true): Text 'Successful Payment Receipt' is present on page  using regular expression

2024-02-06 16:42:28 - [MESSAGE][PASSED] - Text 'Successful Payment Receipt' is present on page  using regular expression

2024-02-06 16:42:28 - [TEST_STEP][PASSED] - ExecuteTC = findTestData(dataFile).getValue("Execute", row): null

2024-02-06 16:42:28 - [TEST_STEP][PASSED] - TaxType = findTestData(dataFile).getValue("TaxType", row): null

2024-02-06 16:42:28 - [TEST_STEP][PASSED] - PaymentType = findTestData(dataFile).getValue("PaymentType", row): null

2024-02-06 16:42:28 - [TEST_STEP][PASSED] - FilingYear = findTestData(dataFile).getValue("Year", row): null

2024-02-06 16:42:28 - [TEST_STEP][PASSED] - feinSSN = findTestData(dataFile).getValue("FeinSsn", row): null

2024-02-06 16:42:28 - [TEST_STEP][PASSED] - if (ExecuteTC.equalsIgnoreCase("Y")): null

2024-02-06 16:42:28 - [TEST_STEP][PASSED] - out.println("Begin Record Number: " + row): null

2024-02-06 16:42:28 - [TEST_STEP][PASSED] - today = new java.util.Date(): null

2024-02-06 16:42:28 - [TEST_STEP][PASSED] - println(today): null

2024-02-06 16:42:28 - [TEST_STEP][PASSED] - datText = today: null

2024-02-06 16:42:28 - [TEST_STEP][PASSED] - logInfo("Payment Type: New Tax Return Amount Due"): Payment Type: New Tax Return Amount Due

2024-02-06 16:42:28 - [MESSAGE][INFO] - Payment Type: New Tax Return Amount Due

2024-02-06 16:42:28 - [TEST_STEP][PASSED] - logInfo("Tax Type: " + TaxType): Tax Type: PTE Non-Electing Non-S Corp

2024-02-06 16:42:28 - [MESSAGE][INFO] - Tax Type: PTE Non-Electing Non-S Corp

2024-02-06 16:42:28 - [TEST_STEP][PASSED] - openBrowser(""): Browser is opened with url: ''

2024-02-06 16:42:28 - [MESSAGE][WARNING] - A browser is already opened. Closing browser and opening a new one

2024-02-06 16:42:29 - [MESSAGE][INFO] - Starting 'Chrome' driver

2024-02-06 16:42:29 - [MESSAGE][INFO] - User set preference: ['acceptInsecureCerts', 'true']

2024-02-06 16:42:29 - [MESSAGE][INFO] - Action delay is set to 0 milliseconds

2024-02-06 16:42:31 - [MESSAGE][PASSED] - Browser is opened with url: ''

2024-02-06 16:42:31 - [TEST_STEP][PASSED] - maximizeWindow(): Current window maximized

2024-02-06 16:42:31 - [MESSAGE][PASSED] - Current window maximized

2024-02-06 16:42:31 - [TEST_STEP][PASSED] - navigateToUrl(RADurl): Navigate to 'https://qa2.velocitypayment.com/client/rad/index.html' successfully

2024-02-06 16:42:32 - [MESSAGE][PASSED] - Navigate to 'https://qa2.velocitypayment.com/client/rad/index.html' successfully

2024-02-06 16:42:32 - [TEST_STEP][PASSED] - selectOptionByLabel(findTestObject(orPath_Landing + "/dd_TaxType"), "New Tax Return Amount Due", false): All options with label 'New Tax Return Amount Due' are selected in object 'Object Repository/RAD_Pages/Landing_Page/dd_TaxType' 

2024-02-06 16:42:33 - [MESSAGE][PASSED] - All options with label 'New Tax Return Amount Due' are selected in object 'Object Repository/RAD_Pages/Landing_Page/dd_TaxType' 

2024-02-06 16:42:33 - [TEST_STEP][PASSED] - selectOptionByLabel(findTestObject("Object Repository/RAD_Pages/Landing_Page/select_NewTaxReturnAmountDue_TaxType"), TaxType, false): All options with label 'PTE Non-Electing Non-S Corp' are selected in object 'Object Repository/RAD_Pages/Landing_Page/select_NewTaxReturnAmountDue_TaxType' 

2024-02-06 16:42:34 - [MESSAGE][PASSED] - All options with label 'PTE Non-Electing Non-S Corp' are selected in object 'Object Repository/RAD_Pages/Landing_Page/select_NewTaxReturnAmountDue_TaxType' 

2024-02-06 16:42:34 - [TEST_STEP][PASSED] - selectOptionByLabel(findTestObject(orPath_TaxTypeFilingYear + "/select_FilingYear"), FilingYear, false): All options with label '2023' are selected in object 'Object Repository/RAD_Pages/TaxTypeFilingYear_Page/select_FilingYear' 

2024-02-06 16:42:35 - [MESSAGE][PASSED] - All options with label '2023' are selected in object 'Object Repository/RAD_Pages/TaxTypeFilingYear_Page/select_FilingYear' 

2024-02-06 16:42:35 - [TEST_STEP][PASSED] - rad.getSetDataRAD.setDataRADBusinessName(): rad.getSetDataRAD.setDataRADBusinessName is PASSED

2024-02-06 16:42:35 - [MESSAGE][PASSED] - Text 'My Company' is set on object 'Object Repository/RAD_Pages/Taxpayer_Page/input_businessName'

2024-02-06 16:42:35 - [MESSAGE][PASSED] - rad.getSetDataRAD.setDataRADBusinessName is PASSED

2024-02-06 16:42:35 - [TEST_STEP][PASSED] - rad.getSetDataRAD.setDataRADBusinessRep(): rad.getSetDataRAD.setDataRADBusinessRep is PASSED

2024-02-06 16:42:36 - [MESSAGE][PASSED] - Text 'BusRepFname' is set on object 'Object Repository/RAD_Pages/Taxpayer_Page/input_BusinessRepfirstName'

2024-02-06 16:42:37 - [MESSAGE][PASSED] - Text '' is set on object 'Object Repository/RAD_Pages/Taxpayer_Page/input_BusinessRepmiddleName'

2024-02-06 16:42:38 - [MESSAGE][PASSED] - Text 'BusRepLname' is set on object 'Object Repository/RAD_Pages/Taxpayer_Page/input_BusinessReplastName'

2024-02-06 16:42:38 - [MESSAGE][PASSED] - Text '' is set on object 'Object Repository/RAD_Pages/Taxpayer_Page/input_BusinessRepsuffix'

2024-02-06 16:42:38 - [MESSAGE][PASSED] - rad.getSetDataRAD.setDataRADBusinessRep is PASSED

2024-02-06 16:42:38 - [TEST_STEP][PASSED] - rad.getSetDataRAD.setDataRADAddress(): rad.getSetDataRAD.setDataRADAddress is PASSED

2024-02-06 16:42:39 - [MESSAGE][PASSED] - All options with label 'United States' are selected in object 'Object Repository/RAD_Pages/AddressAndContactInfo_Page/select_Country' 

2024-02-06 16:42:40 - [MESSAGE][PASSED] - Text '2508 Mandan Terrace' is set on object 'Object Repository/RAD_Pages/AddressAndContactInfo_Page/input_streetAddress1'

2024-02-06 16:42:41 - [MESSAGE][PASSED] - Text '' is set on object 'Object Repository/RAD_Pages/AddressAndContactInfo_Page/input_streetAddress2'

2024-02-06 16:42:41 - [MESSAGE][PASSED] - Text 'Gambrills' is set on object 'Object Repository/RAD_Pages/AddressAndContactInfo_Page/input_city'

2024-02-06 16:42:42 - [MESSAGE][PASSED] - All options with label 'Maryland' are selected in object 'Object Repository/RAD_Pages/AddressAndContactInfo_Page/select_State' 

2024-02-06 16:42:43 - [MESSAGE][PASSED] - Text '21054' is set on object 'Object Repository/RAD_Pages/AddressAndContactInfo_Page/input_zipCode'

2024-02-06 16:42:44 - [MESSAGE][PASSED] - Text '(703) 894-5000' is set on object 'Object Repository/RAD_Pages/AddressAndContactInfo_Page/input_phoneNumber'

2024-02-06 16:42:45 - [MESSAGE][PASSED] - Text 'iahmed@govolution.com' is set on object 'Object Repository/RAD_Pages/AddressAndContactInfo_Page/input_eMailAddress'

2024-02-06 16:42:45 - [MESSAGE][PASSED] - Text 'iahmed@govolution.com' is set on object 'Object Repository/RAD_Pages/AddressAndContactInfo_Page/input_reEnterEMailAddress'

2024-02-06 16:42:45 - [MESSAGE][PASSED] - rad.getSetDataRAD.setDataRADAddress is PASSED

2024-02-06 16:42:45 - [TEST_STEP][PASSED] - if (feinSSN.equalsIgnoreCase("Y")): rad.getSetDataRAD.setDataRADFEINSSN is PASSED

2024-02-06 16:42:45 - [TEST_STEP][PASSED] - rad.getSetDataRAD.setDataRADFEINSSN(): rad.getSetDataRAD.setDataRADFEINSSN is PASSED

2024-02-06 16:42:46 - [MESSAGE][PASSED] - Text ****** has been set on object 'Object Repository/RAD_Pages/TaxInfo_Page/input_TaxInfo_FeinSsn_New_2'

2024-02-06 16:42:47 - [MESSAGE][PASSED] - Text ****** has been set on object 'Object Repository/RAD_Pages/TaxInfo_Page/input_TaxInfo_RetypeFeinSsn_New_2'

2024-02-06 16:42:47 - [MESSAGE][PASSED] - rad.getSetDataRAD.setDataRADFEINSSN is PASSED

2024-02-06 16:42:47 - [TEST_STEP][PASSED] - if (TaxType.equalsIgnoreCase("Estate Tax")): null

2024-02-06 16:42:47 - [TEST_STEP][PASSED] - setText(findTestObject(orPath_Amount + "/input__paymentAmount"), "100.00"): Text '100.00' is set on object 'Object Repository/RAD_Pages/PaymentAmount_Page/input__paymentAmount'

2024-02-06 16:42:47 - [MESSAGE][PASSED] - Text '100.00' is set on object 'Object Repository/RAD_Pages/PaymentAmount_Page/input__paymentAmount'

2024-02-06 16:42:47 - [TEST_STEP][PASSED] - setText(findTestObject(orPath_AddressContact + "/input_streetAddress2"), ""): Text '' is set on object 'Object Repository/RAD_Pages/AddressAndContactInfo_Page/input_streetAddress2'

2024-02-06 16:42:48 - [MESSAGE][PASSED] - Text '' is set on object 'Object Repository/RAD_Pages/AddressAndContactInfo_Page/input_streetAddress2'

2024-02-06 16:42:48 - [TEST_STEP][PASSED] - scrollToElement(findTestObject(orPath_Landing + "/button_Continue"), 3): Scroll to object 'Object Repository/RAD_Pages/Landing_Page/button_Continue' successfully

2024-02-06 16:42:49 - [MESSAGE][PASSED] - Scroll to object 'Object Repository/RAD_Pages/Landing_Page/button_Continue' successfully

2024-02-06 16:42:49 - [TEST_STEP][PASSED] - waitForElementClickable(findTestObject(orPath_Landing + "/button_Continue"), 5): Object 'Object Repository/RAD_Pages/Landing_Page/button_Continue' is clickable

2024-02-06 16:42:49 - [MESSAGE][PASSED] - Object 'Object Repository/RAD_Pages/Landing_Page/button_Continue' is clickable

2024-02-06 16:42:49 - [TEST_STEP][PASSED] - click(findTestObject(orPath_Landing + "/button_Continue")): Object: 'Object Repository/RAD_Pages/Landing_Page/button_Continue' is clicked on

2024-02-06 16:42:50 - [MESSAGE][PASSED] - Object: 'Object Repository/RAD_Pages/Landing_Page/button_Continue' is clicked on

2024-02-06 16:42:50 - [TEST_STEP][PASSED] - delay(2): Delayed 2 second(s)

2024-02-06 16:42:52 - [MESSAGE][PASSED] - Delayed 2 second(s)

2024-02-06 16:42:52 - [TEST_STEP][PASSED] - click(findTestObject(orPath_Summary + "/button_Proceed to Payment")): Object: 'Object Repository/RAD_Pages/Summary_Page/button_Proceed to Payment' is clicked on

2024-02-06 16:42:53 - [MESSAGE][PASSED] - Object: 'Object Repository/RAD_Pages/Summary_Page/button_Proceed to Payment' is clicked on

2024-02-06 16:42:53 - [TEST_STEP][PASSED] - if (verifyElementPresent(findTestObject("Object Repository/RAD_Pages/PaymentEntry_Page/input__billingName"), 30)): null

2024-02-06 16:42:53 - [MESSAGE][PASSED] - Object 'Object Repository/RAD_Pages/PaymentEntry_Page/input__billingName' is present

2024-02-06 16:42:53 - [TEST_STEP][PASSED] - verifyTextPresent("Comptroller of Maryland", true): Text 'Comptroller of Maryland' is present on page  using regular expression

2024-02-06 16:42:54 - [MESSAGE][PASSED] - Text 'Comptroller of Maryland' is present on page  using regular expression

2024-02-06 16:42:54 - [TEST_STEP][PASSED] - verifyTextPresent("Revenue Administration Division", true): Text 'Revenue Administration Division' is present on page  using regular expression

2024-02-06 16:42:54 - [MESSAGE][PASSED] - Text 'Revenue Administration Division' is present on page  using regular expression

2024-02-06 16:42:54 - [TEST_STEP][PASSED] - verifyTextPresent("Payment Information", true): Text 'Payment Information' is present on page  using regular expression

2024-02-06 16:42:54 - [MESSAGE][PASSED] - Text 'Payment Information' is present on page  using regular expression

2024-02-06 16:42:54 - [TEST_STEP][PASSED] - card_Name = getAttribute(findTestObject("Object Repository/RAD_Pages/PaymentEntry_Page/input__billingName"), "value"): Attribute 'value' of object 'Object Repository/RAD_Pages/PaymentEntry_Page/input__billingName' is: 'BusRepFname BusRepLname'

2024-02-06 16:42:55 - [MESSAGE][PASSED] - Attribute 'value' of object 'Object Repository/RAD_Pages/PaymentEntry_Page/input__billingName' is: 'BusRepFname BusRepLname'

2024-02-06 16:42:55 - [TEST_STEP][PASSED] - verifyMatch("BusRepFname BusRepLname", card_Name, false): Actual text 'BusRepFname BusRepLname' and expected text 'BusRepFname BusRepLname' are matched 

2024-02-06 16:42:55 - [MESSAGE][PASSED] - Actual text 'BusRepFname BusRepLname' and expected text 'BusRepFname BusRepLname' are matched 

2024-02-06 16:42:55 - [TEST_STEP][PASSED] - AL1 = getAttribute(findTestObject("Object Repository/RAD_Pages/PaymentEntry_Page/input_billingAddress"), "value"): Attribute 'value' of object 'Object Repository/RAD_Pages/PaymentEntry_Page/input_billingAddress' is: '2508 Mandan Terrace'

2024-02-06 16:42:55 - [MESSAGE][PASSED] - Attribute 'value' of object 'Object Repository/RAD_Pages/PaymentEntry_Page/input_billingAddress' is: '2508 Mandan Terrace'

2024-02-06 16:42:55 - [TEST_STEP][PASSED] - verifyMatch("2508 Mandan Terrace", AL1, false): Actual text '2508 Mandan Terrace' and expected text '2508 Mandan Terrace' are matched 

2024-02-06 16:42:55 - [MESSAGE][PASSED] - Actual text '2508 Mandan Terrace' and expected text '2508 Mandan Terrace' are matched 

2024-02-06 16:42:55 - [TEST_STEP][PASSED] - AL2 = getAttribute(findTestObject("Object Repository/RAD_Pages/PaymentEntry_Page/input_billingAddress2"), "value"): Attribute 'value' of object 'Object Repository/RAD_Pages/PaymentEntry_Page/input_billingAddress2' is: ''

2024-02-06 16:42:55 - [MESSAGE][PASSED] - Attribute 'value' of object 'Object Repository/RAD_Pages/PaymentEntry_Page/input_billingAddress2' is: ''

2024-02-06 16:42:55 - [TEST_STEP][PASSED] - verifyMatch("", AL2, false): Actual text '' and expected text '' are matched 

2024-02-06 16:42:55 - [MESSAGE][PASSED] - Actual text '' and expected text '' are matched 

2024-02-06 16:42:55 - [TEST_STEP][PASSED] - zipCode = getAttribute(findTestObject("Object Repository/RAD_Pages/PaymentEntry_Page/input_billingZip"), "value"): Attribute 'value' of object 'Object Repository/RAD_Pages/PaymentEntry_Page/input_billingZip' is: '21054'

2024-02-06 16:42:56 - [MESSAGE][PASSED] - Attribute 'value' of object 'Object Repository/RAD_Pages/PaymentEntry_Page/input_billingZip' is: '21054'

2024-02-06 16:42:56 - [TEST_STEP][PASSED] - verifyMatch("21054", zipCode, false): Actual text '21054' and expected text '21054' are matched 

2024-02-06 16:42:56 - [MESSAGE][PASSED] - Actual text '21054' and expected text '21054' are matched 

2024-02-06 16:42:56 - [TEST_STEP][PASSED] - city = getAttribute(findTestObject("Object Repository/RAD_Pages/PaymentEntry_Page/input_billingCity"), "value"): Attribute 'value' of object 'Object Repository/RAD_Pages/PaymentEntry_Page/input_billingCity' is: 'GAMBRILLS'

2024-02-06 16:42:56 - [MESSAGE][PASSED] - Attribute 'value' of object 'Object Repository/RAD_Pages/PaymentEntry_Page/input_billingCity' is: 'GAMBRILLS'

2024-02-06 16:42:56 - [TEST_STEP][PASSED] - verifyMatch("GAMBRILLS", city, false): Actual text 'GAMBRILLS' and expected text 'GAMBRILLS' are matched 

2024-02-06 16:42:56 - [MESSAGE][PASSED] - Actual text 'GAMBRILLS' and expected text 'GAMBRILLS' are matched 

2024-02-06 16:42:56 - [TEST_STEP][PASSED] - email = getAttribute(findTestObject("Object Repository/RAD_Pages/PaymentEntry_Page/input_emailAddress"), "value"): Attribute 'value' of object 'Object Repository/RAD_Pages/PaymentEntry_Page/input_emailAddress' is: 'iahmed@govolution.com'

2024-02-06 16:42:56 - [MESSAGE][PASSED] - Attribute 'value' of object 'Object Repository/RAD_Pages/PaymentEntry_Page/input_emailAddress' is: 'iahmed@govolution.com'

2024-02-06 16:42:56 - [TEST_STEP][PASSED] - verifyMatch("iahmed@govolution.com", email, false): Actual text 'iahmed@govolution.com' and expected text 'iahmed@govolution.com' are matched 

2024-02-06 16:42:56 - [MESSAGE][PASSED] - Actual text 'iahmed@govolution.com' and expected text 'iahmed@govolution.com' are matched 

2024-02-06 16:42:56 - [TEST_STEP][PASSED] - amount = getAttribute(findTestObject("Object Repository/RAD_Pages/PaymentEntry_Page/input_amount"), "value"): Attribute 'value' of object 'Object Repository/RAD_Pages/PaymentEntry_Page/input_amount' is: '100.00'

2024-02-06 16:42:57 - [MESSAGE][PASSED] - Attribute 'value' of object 'Object Repository/RAD_Pages/PaymentEntry_Page/input_amount' is: '100.00'

2024-02-06 16:42:57 - [TEST_STEP][PASSED] - verifyMatch("100.00", amount, false): Actual text '100.00' and expected text '100.00' are matched 

2024-02-06 16:42:57 - [MESSAGE][PASSED] - Actual text '100.00' and expected text '100.00' are matched 

2024-02-06 16:42:57 - [TEST_STEP][PASSED] - amountReadOnly = getAttribute(findTestObject("Object Repository/RAD_Pages/PaymentEntry_Page/input_amount"), "readonly"): Attribute 'readonly' of object 'Object Repository/RAD_Pages/PaymentEntry_Page/input_amount' is: 'true'

2024-02-06 16:42:57 - [MESSAGE][PASSED] - Attribute 'readonly' of object 'Object Repository/RAD_Pages/PaymentEntry_Page/input_amount' is: 'true'

2024-02-06 16:42:57 - [TEST_STEP][PASSED] - verifyMatch("true", amountReadOnly, false): Actual text 'true' and expected text 'true' are matched 

2024-02-06 16:42:57 - [MESSAGE][PASSED] - Actual text 'true' and expected text 'true' are matched 

2024-02-06 16:42:57 - [TEST_STEP][PASSED] - verifyOptionSelectedByLabel(findTestObject("Object Repository/RAD_Pages/PaymentEntry_Page/select_Country"), "United States", false, 20): All options with label 'United States' are selected in object 'Object Repository/RAD_Pages/PaymentEntry_Page/select_Country' 

2024-02-06 16:42:58 - [MESSAGE][PASSED] - All options with label 'United States' are selected in object 'Object Repository/RAD_Pages/PaymentEntry_Page/select_Country' 

2024-02-06 16:42:58 - [TEST_STEP][PASSED] - verifyOptionSelectedByLabel(findTestObject("Object Repository/RAD_Pages/PaymentEntry_Page/select_State"), "Maryland", false, 20): All options with label 'Maryland' are selected in object 'Object Repository/RAD_Pages/PaymentEntry_Page/select_State' 

2024-02-06 16:43:01 - [MESSAGE][PASSED] - All options with label 'Maryland' are selected in object 'Object Repository/RAD_Pages/PaymentEntry_Page/select_State' 

2024-02-06 16:43:01 - [TEST_STEP][PASSED] - setText(findTestObject(orPath_PaymentEntry + "/input__cardNumber"), "4111111111111111"): Text '4111111111111111' is set on object 'Object Repository/RAD_Pages/PaymentEntry_Page/input__cardNumber'

2024-02-06 16:43:01 - [MESSAGE][PASSED] - Text '4111111111111111' is set on object 'Object Repository/RAD_Pages/PaymentEntry_Page/input__cardNumber'

2024-02-06 16:43:01 - [TEST_STEP][PASSED] - setText(findTestObject(orPath_PaymentEntry + "/input__spc"), "123"): Text '123' is set on object 'Object Repository/RAD_Pages/PaymentEntry_Page/input__spc'

2024-02-06 16:43:02 - [MESSAGE][PASSED] - Text '123' is set on object 'Object Repository/RAD_Pages/PaymentEntry_Page/input__spc'

2024-02-06 16:43:02 - [TEST_STEP][PASSED] - selectOptionByLabel(findTestObject(orPath_PaymentEntry + "/select_MM"), "12", false): All options with label '12' are selected in object 'Object Repository/RAD_Pages/PaymentEntry_Page/select_MM' 

2024-02-06 16:43:03 - [MESSAGE][PASSED] - All options with label '12' are selected in object 'Object Repository/RAD_Pages/PaymentEntry_Page/select_MM' 

2024-02-06 16:43:03 - [TEST_STEP][PASSED] - selectOptionByLabel(findTestObject(orPath_PaymentEntry + "/select_YYYY"), "2028", false): All options with label '2028' are selected in object 'Object Repository/RAD_Pages/PaymentEntry_Page/select_YYYY' 

2024-02-06 16:43:04 - [MESSAGE][PASSED] - All options with label '2028' are selected in object 'Object Repository/RAD_Pages/PaymentEntry_Page/select_YYYY' 

2024-02-06 16:43:04 - [TEST_STEP][PASSED] - click(findTestObject(orPath_PaymentEntry + "/input_Field_ccSubmit")): Object: 'Object Repository/RAD_Pages/PaymentEntry_Page/input_Field_ccSubmit' is clicked on

2024-02-06 16:43:05 - [MESSAGE][PASSED] - Object: 'Object Repository/RAD_Pages/PaymentEntry_Page/input_Field_ccSubmit' is clicked on

2024-02-06 16:43:05 - [TEST_STEP][PASSED] - click(findTestObject(orPath_PaymentConfirmation + "/input_N_confirmNotifyAction")): Object: 'Object Repository/RAD_Pages/PaymentConfirmation_Page/input_N_confirmNotifyAction' is clicked on

2024-02-06 16:43:06 - [MESSAGE][PASSED] - Object: 'Object Repository/RAD_Pages/PaymentConfirmation_Page/input_N_confirmNotifyAction' is clicked on

2024-02-06 16:43:06 - [TEST_STEP][PASSED] - verifyTextPresent("Service Fee Acceptance", true): Text 'Service Fee Acceptance' is present on page  using regular expression

2024-02-06 16:43:06 - [MESSAGE][PASSED] - Text 'Service Fee Acceptance' is present on page  using regular expression

2024-02-06 16:43:06 - [TEST_STEP][PASSED] - verifyTextPresent("This transaction is subject to a Service Fee of ", true): Text 'This transaction is subject to a Service Fee of ' is present on page  using regular expression

2024-02-06 16:43:07 - [MESSAGE][PASSED] - Text 'This transaction is subject to a Service Fee of ' is present on page  using regular expression

2024-02-06 16:43:07 - [TEST_STEP][PASSED] - verifyTextPresent("Payment Amount:", true): Text 'Payment Amount:' is present on page  using regular expression

2024-02-06 16:43:07 - [MESSAGE][PASSED] - Text 'Payment Amount:' is present on page  using regular expression

2024-02-06 16:43:07 - [TEST_STEP][PASSED] - verifyTextPresent("100.00", true): Text '100.00' is present on page  using regular expression

2024-02-06 16:43:07 - [MESSAGE][PASSED] - Text '100.00' is present on page  using regular expression

2024-02-06 16:43:07 - [TEST_STEP][PASSED] - verifyTextPresent("Service Fee:", true): Text 'Service Fee:' is present on page  using regular expression

2024-02-06 16:43:07 - [MESSAGE][PASSED] - Text 'Service Fee:' is present on page  using regular expression

2024-02-06 16:43:07 - [TEST_STEP][PASSED] - verifyTextPresent("2.45", true): Text '2.45' is present on page  using regular expression

2024-02-06 16:43:08 - [MESSAGE][PASSED] - Text '2.45' is present on page  using regular expression

2024-02-06 16:43:08 - [TEST_STEP][PASSED] - verifyTextPresent("Total Amount:", true): Text 'Total Amount:' is present on page  using regular expression

2024-02-06 16:43:08 - [MESSAGE][PASSED] - Text 'Total Amount:' is present on page  using regular expression

2024-02-06 16:43:08 - [TEST_STEP][PASSED] - verifyTextPresent("102.45", true): Text '102.45' is present on page  using regular expression

2024-02-06 16:43:08 - [MESSAGE][PASSED] - Text '102.45' is present on page  using regular expression

2024-02-06 16:43:08 - [TEST_STEP][PASSED] - verifyTextPresent("Two transactions will appear on your bank statement, one in the amount of", true): Text 'Two transactions will appear on your bank statement, one in the amount of' is present on page  using regular expression

2024-02-06 16:43:09 - [MESSAGE][PASSED] - Text 'Two transactions will appear on your bank statement, one in the amount of' is present on page  using regular expression

2024-02-06 16:43:09 - [TEST_STEP][PASSED] - if (verifyElementPresent(findTestObject(orPath_ServiceFeesAccept + "/input_convFeeNotifyAction"), 30)): null

2024-02-06 16:43:09 - [MESSAGE][PASSED] - Object 'Object Repository/RAD_Pages/ServiceFeeAccept_Page/input_convFeeNotifyAction' is present

2024-02-06 16:43:09 - [TEST_STEP][PASSED] - resText = "Pass": null

2024-02-06 16:43:09 - [TEST_STEP][PASSED] - pages.WriteExcel.demoKey(resText, datText, resColumn, datCloumn, fileLoc, nameSheet, row): pages.WriteExcel.demoKey is PASSED

2024-02-06 16:43:09 - [MESSAGE][PASSED] - pages.WriteExcel.demoKey is PASSED

2024-02-06 16:43:09 - [TEST_STEP][PASSED] - if (execProfile == "QAProfile" || execProfile == "QA2Profile"): Text 'Successful Payment Receipt' is present on page  using regular expression

2024-02-06 16:43:09 - [TEST_STEP][PASSED] - click(findTestObject(orPath_ServiceFeesAccept + "/input_convFeeNotifyAction")): Object: 'Object Repository/RAD_Pages/ServiceFeeAccept_Page/input_convFeeNotifyAction' is clicked on

2024-02-06 16:43:10 - [MESSAGE][PASSED] - Object: 'Object Repository/RAD_Pages/ServiceFeeAccept_Page/input_convFeeNotifyAction' is clicked on

2024-02-06 16:43:10 - [TEST_STEP][PASSED] - delay(10): Delayed 10 second(s)

2024-02-06 16:43:20 - [MESSAGE][PASSED] - Delayed 10 second(s)

2024-02-06 16:43:20 - [TEST_STEP][PASSED] - verifyTextPresent("Successful Payment Receipt", true): Text 'Successful Payment Receipt' is present on page  using regular expression

2024-02-06 16:43:20 - [MESSAGE][PASSED] - Text 'Successful Payment Receipt' is present on page  using regular expression

2024-02-06 16:43:20 - [TEST_STEP][PASSED] - ExecuteTC = findTestData(dataFile).getValue("Execute", row): null

2024-02-06 16:43:20 - [TEST_STEP][PASSED] - TaxType = findTestData(dataFile).getValue("TaxType", row): null

2024-02-06 16:43:20 - [TEST_STEP][PASSED] - PaymentType = findTestData(dataFile).getValue("PaymentType", row): null

2024-02-06 16:43:20 - [TEST_STEP][PASSED] - FilingYear = findTestData(dataFile).getValue("Year", row): null

2024-02-06 16:43:20 - [TEST_STEP][PASSED] - feinSSN = findTestData(dataFile).getValue("FeinSsn", row): null

2024-02-06 16:43:20 - [TEST_STEP][PASSED] - if (ExecuteTC.equalsIgnoreCase("Y")): null

2024-02-06 16:43:20 - [TEST_STEP][PASSED] - out.println("Begin Record Number: " + row): null

2024-02-06 16:43:20 - [TEST_STEP][PASSED] - today = new java.util.Date(): null

2024-02-06 16:43:20 - [TEST_STEP][PASSED] - println(today): null

2024-02-06 16:43:20 - [TEST_STEP][PASSED] - datText = today: null

2024-02-06 16:43:20 - [TEST_STEP][PASSED] - logInfo("Payment Type: New Tax Return Amount Due"): Payment Type: New Tax Return Amount Due

2024-02-06 16:43:20 - [MESSAGE][INFO] - Payment Type: New Tax Return Amount Due

2024-02-06 16:43:20 - [TEST_STEP][PASSED] - logInfo("Tax Type: " + TaxType): Tax Type: PTE Non-Electing S Corp

2024-02-06 16:43:20 - [MESSAGE][INFO] - Tax Type: PTE Non-Electing S Corp

2024-02-06 16:43:20 - [TEST_STEP][PASSED] - openBrowser(""): Browser is opened with url: ''

2024-02-06 16:43:20 - [MESSAGE][WARNING] - A browser is already opened. Closing browser and opening a new one

2024-02-06 16:43:21 - [MESSAGE][INFO] - Starting 'Chrome' driver

2024-02-06 16:43:21 - [MESSAGE][INFO] - User set preference: ['acceptInsecureCerts', 'true']

2024-02-06 16:43:21 - [MESSAGE][INFO] - Action delay is set to 0 milliseconds

2024-02-06 16:43:23 - [MESSAGE][PASSED] - Browser is opened with url: ''

2024-02-06 16:43:23 - [TEST_STEP][PASSED] - maximizeWindow(): Current window maximized

2024-02-06 16:43:23 - [MESSAGE][PASSED] - Current window maximized

2024-02-06 16:43:23 - [TEST_STEP][PASSED] - navigateToUrl(RADurl): Navigate to 'https://qa2.velocitypayment.com/client/rad/index.html' successfully

2024-02-06 16:43:25 - [MESSAGE][PASSED] - Navigate to 'https://qa2.velocitypayment.com/client/rad/index.html' successfully

2024-02-06 16:43:25 - [TEST_STEP][PASSED] - selectOptionByLabel(findTestObject(orPath_Landing + "/dd_TaxType"), "New Tax Return Amount Due", false): All options with label 'New Tax Return Amount Due' are selected in object 'Object Repository/RAD_Pages/Landing_Page/dd_TaxType' 

2024-02-06 16:43:26 - [MESSAGE][PASSED] - All options with label 'New Tax Return Amount Due' are selected in object 'Object Repository/RAD_Pages/Landing_Page/dd_TaxType' 

2024-02-06 16:43:26 - [TEST_STEP][PASSED] - selectOptionByLabel(findTestObject("Object Repository/RAD_Pages/Landing_Page/select_NewTaxReturnAmountDue_TaxType"), TaxType, false): All options with label 'PTE Non-Electing S Corp' are selected in object 'Object Repository/RAD_Pages/Landing_Page/select_NewTaxReturnAmountDue_TaxType' 

2024-02-06 16:43:26 - [MESSAGE][PASSED] - All options with label 'PTE Non-Electing S Corp' are selected in object 'Object Repository/RAD_Pages/Landing_Page/select_NewTaxReturnAmountDue_TaxType' 

2024-02-06 16:43:26 - [TEST_STEP][PASSED] - selectOptionByLabel(findTestObject(orPath_TaxTypeFilingYear + "/select_FilingYear"), FilingYear, false): All options with label '2023' are selected in object 'Object Repository/RAD_Pages/TaxTypeFilingYear_Page/select_FilingYear' 

2024-02-06 16:43:27 - [MESSAGE][PASSED] - All options with label '2023' are selected in object 'Object Repository/RAD_Pages/TaxTypeFilingYear_Page/select_FilingYear' 

2024-02-06 16:43:27 - [TEST_STEP][PASSED] - rad.getSetDataRAD.setDataRADBusinessName(): rad.getSetDataRAD.setDataRADBusinessName is PASSED

2024-02-06 16:43:28 - [MESSAGE][PASSED] - Text 'My Company' is set on object 'Object Repository/RAD_Pages/Taxpayer_Page/input_businessName'

2024-02-06 16:43:28 - [MESSAGE][PASSED] - rad.getSetDataRAD.setDataRADBusinessName is PASSED

2024-02-06 16:43:28 - [TEST_STEP][PASSED] - rad.getSetDataRAD.setDataRADBusinessRep(): rad.getSetDataRAD.setDataRADBusinessRep is PASSED

2024-02-06 16:43:29 - [MESSAGE][PASSED] - Text 'BusRepFname' is set on object 'Object Repository/RAD_Pages/Taxpayer_Page/input_BusinessRepfirstName'

2024-02-06 16:43:29 - [MESSAGE][PASSED] - Text '' is set on object 'Object Repository/RAD_Pages/Taxpayer_Page/input_BusinessRepmiddleName'

2024-02-06 16:43:30 - [MESSAGE][PASSED] - Text 'BusRepLname' is set on object 'Object Repository/RAD_Pages/Taxpayer_Page/input_BusinessReplastName'

2024-02-06 16:43:31 - [MESSAGE][PASSED] - Text '' is set on object 'Object Repository/RAD_Pages/Taxpayer_Page/input_BusinessRepsuffix'

2024-02-06 16:43:31 - [MESSAGE][PASSED] - rad.getSetDataRAD.setDataRADBusinessRep is PASSED

2024-02-06 16:43:31 - [TEST_STEP][PASSED] - rad.getSetDataRAD.setDataRADAddress(): rad.getSetDataRAD.setDataRADAddress is PASSED

2024-02-06 16:43:32 - [MESSAGE][PASSED] - All options with label 'United States' are selected in object 'Object Repository/RAD_Pages/AddressAndContactInfo_Page/select_Country' 

2024-02-06 16:43:32 - [MESSAGE][PASSED] - Text '2508 Mandan Terrace' is set on object 'Object Repository/RAD_Pages/AddressAndContactInfo_Page/input_streetAddress1'

2024-02-06 16:43:33 - [MESSAGE][PASSED] - Text '' is set on object 'Object Repository/RAD_Pages/AddressAndContactInfo_Page/input_streetAddress2'

2024-02-06 16:43:34 - [MESSAGE][PASSED] - Text 'Gambrills' is set on object 'Object Repository/RAD_Pages/AddressAndContactInfo_Page/input_city'

2024-02-06 16:43:34 - [MESSAGE][PASSED] - All options with label 'Maryland' are selected in object 'Object Repository/RAD_Pages/AddressAndContactInfo_Page/select_State' 

2024-02-06 16:43:35 - [MESSAGE][PASSED] - Text '21054' is set on object 'Object Repository/RAD_Pages/AddressAndContactInfo_Page/input_zipCode'

2024-02-06 16:43:36 - [MESSAGE][PASSED] - Text '(703) 894-5000' is set on object 'Object Repository/RAD_Pages/AddressAndContactInfo_Page/input_phoneNumber'

2024-02-06 16:43:37 - [MESSAGE][PASSED] - Text 'iahmed@govolution.com' is set on object 'Object Repository/RAD_Pages/AddressAndContactInfo_Page/input_eMailAddress'

2024-02-06 16:43:38 - [MESSAGE][PASSED] - Text 'iahmed@govolution.com' is set on object 'Object Repository/RAD_Pages/AddressAndContactInfo_Page/input_reEnterEMailAddress'

2024-02-06 16:43:38 - [MESSAGE][PASSED] - rad.getSetDataRAD.setDataRADAddress is PASSED

2024-02-06 16:43:38 - [TEST_STEP][PASSED] - if (feinSSN.equalsIgnoreCase("Y")): rad.getSetDataRAD.setDataRADFEINSSN is PASSED

2024-02-06 16:43:38 - [TEST_STEP][PASSED] - rad.getSetDataRAD.setDataRADFEINSSN(): rad.getSetDataRAD.setDataRADFEINSSN is PASSED

2024-02-06 16:43:39 - [MESSAGE][PASSED] - Text ****** has been set on object 'Object Repository/RAD_Pages/TaxInfo_Page/input_TaxInfo_FeinSsn_New_2'

2024-02-06 16:43:39 - [MESSAGE][PASSED] - Text ****** has been set on object 'Object Repository/RAD_Pages/TaxInfo_Page/input_TaxInfo_RetypeFeinSsn_New_2'

2024-02-06 16:43:39 - [MESSAGE][PASSED] - rad.getSetDataRAD.setDataRADFEINSSN is PASSED

2024-02-06 16:43:39 - [TEST_STEP][PASSED] - if (TaxType.equalsIgnoreCase("Estate Tax")): null

2024-02-06 16:43:39 - [TEST_STEP][PASSED] - setText(findTestObject(orPath_Amount + "/input__paymentAmount"), "100.00"): Text '100.00' is set on object 'Object Repository/RAD_Pages/PaymentAmount_Page/input__paymentAmount'

2024-02-06 16:43:40 - [MESSAGE][PASSED] - Text '100.00' is set on object 'Object Repository/RAD_Pages/PaymentAmount_Page/input__paymentAmount'

2024-02-06 16:43:40 - [TEST_STEP][PASSED] - setText(findTestObject(orPath_AddressContact + "/input_streetAddress2"), ""): Text '' is set on object 'Object Repository/RAD_Pages/AddressAndContactInfo_Page/input_streetAddress2'

2024-02-06 16:43:41 - [MESSAGE][PASSED] - Text '' is set on object 'Object Repository/RAD_Pages/AddressAndContactInfo_Page/input_streetAddress2'

2024-02-06 16:43:41 - [TEST_STEP][PASSED] - scrollToElement(findTestObject(orPath_Landing + "/button_Continue"), 3): Scroll to object 'Object Repository/RAD_Pages/Landing_Page/button_Continue' successfully

2024-02-06 16:43:41 - [MESSAGE][PASSED] - Scroll to object 'Object Repository/RAD_Pages/Landing_Page/button_Continue' successfully

2024-02-06 16:43:41 - [TEST_STEP][PASSED] - waitForElementClickable(findTestObject(orPath_Landing + "/button_Continue"), 5): Object 'Object Repository/RAD_Pages/Landing_Page/button_Continue' is clickable

2024-02-06 16:43:42 - [MESSAGE][PASSED] - Object 'Object Repository/RAD_Pages/Landing_Page/button_Continue' is clickable

2024-02-06 16:43:42 - [TEST_STEP][PASSED] - click(findTestObject(orPath_Landing + "/button_Continue")): Object: 'Object Repository/RAD_Pages/Landing_Page/button_Continue' is clicked on

2024-02-06 16:43:42 - [MESSAGE][PASSED] - Object: 'Object Repository/RAD_Pages/Landing_Page/button_Continue' is clicked on

2024-02-06 16:43:42 - [TEST_STEP][PASSED] - delay(2): Delayed 2 second(s)

2024-02-06 16:43:44 - [MESSAGE][PASSED] - Delayed 2 second(s)

2024-02-06 16:43:44 - [TEST_STEP][PASSED] - click(findTestObject(orPath_Summary + "/button_Proceed to Payment")): Object: 'Object Repository/RAD_Pages/Summary_Page/button_Proceed to Payment' is clicked on

2024-02-06 16:43:46 - [MESSAGE][PASSED] - Object: 'Object Repository/RAD_Pages/Summary_Page/button_Proceed to Payment' is clicked on

2024-02-06 16:43:46 - [TEST_STEP][PASSED] - if (verifyElementPresent(findTestObject("Object Repository/RAD_Pages/PaymentEntry_Page/input__billingName"), 30)): null

2024-02-06 16:43:46 - [MESSAGE][PASSED] - Object 'Object Repository/RAD_Pages/PaymentEntry_Page/input__billingName' is present

2024-02-06 16:43:46 - [TEST_STEP][PASSED] - verifyTextPresent("Comptroller of Maryland", true): Text 'Comptroller of Maryland' is present on page  using regular expression

2024-02-06 16:43:47 - [MESSAGE][PASSED] - Text 'Comptroller of Maryland' is present on page  using regular expression

2024-02-06 16:43:47 - [TEST_STEP][PASSED] - verifyTextPresent("Revenue Administration Division", true): Text 'Revenue Administration Division' is present on page  using regular expression

2024-02-06 16:43:47 - [MESSAGE][PASSED] - Text 'Revenue Administration Division' is present on page  using regular expression

2024-02-06 16:43:47 - [TEST_STEP][PASSED] - verifyTextPresent("Payment Information", true): Text 'Payment Information' is present on page  using regular expression

2024-02-06 16:43:47 - [MESSAGE][PASSED] - Text 'Payment Information' is present on page  using regular expression

2024-02-06 16:43:47 - [TEST_STEP][PASSED] - card_Name = getAttribute(findTestObject("Object Repository/RAD_Pages/PaymentEntry_Page/input__billingName"), "value"): Attribute 'value' of object 'Object Repository/RAD_Pages/PaymentEntry_Page/input__billingName' is: 'BusRepFname BusRepLname'

2024-02-06 16:43:48 - [MESSAGE][PASSED] - Attribute 'value' of object 'Object Repository/RAD_Pages/PaymentEntry_Page/input__billingName' is: 'BusRepFname BusRepLname'

2024-02-06 16:43:48 - [TEST_STEP][PASSED] - verifyMatch("BusRepFname BusRepLname", card_Name, false): Actual text 'BusRepFname BusRepLname' and expected text 'BusRepFname BusRepLname' are matched 

2024-02-06 16:43:48 - [MESSAGE][PASSED] - Actual text 'BusRepFname BusRepLname' and expected text 'BusRepFname BusRepLname' are matched 

2024-02-06 16:43:48 - [TEST_STEP][PASSED] - AL1 = getAttribute(findTestObject("Object Repository/RAD_Pages/PaymentEntry_Page/input_billingAddress"), "value"): Attribute 'value' of object 'Object Repository/RAD_Pages/PaymentEntry_Page/input_billingAddress' is: '2508 Mandan Terrace'

2024-02-06 16:43:48 - [MESSAGE][PASSED] - Attribute 'value' of object 'Object Repository/RAD_Pages/PaymentEntry_Page/input_billingAddress' is: '2508 Mandan Terrace'

2024-02-06 16:43:48 - [TEST_STEP][PASSED] - verifyMatch("2508 Mandan Terrace", AL1, false): Actual text '2508 Mandan Terrace' and expected text '2508 Mandan Terrace' are matched 

2024-02-06 16:43:48 - [MESSAGE][PASSED] - Actual text '2508 Mandan Terrace' and expected text '2508 Mandan Terrace' are matched 

2024-02-06 16:43:48 - [TEST_STEP][PASSED] - AL2 = getAttribute(findTestObject("Object Repository/RAD_Pages/PaymentEntry_Page/input_billingAddress2"), "value"): Attribute 'value' of object 'Object Repository/RAD_Pages/PaymentEntry_Page/input_billingAddress2' is: ''

2024-02-06 16:43:48 - [MESSAGE][PASSED] - Attribute 'value' of object 'Object Repository/RAD_Pages/PaymentEntry_Page/input_billingAddress2' is: ''

2024-02-06 16:43:48 - [TEST_STEP][PASSED] - verifyMatch("", AL2, false): Actual text '' and expected text '' are matched 

2024-02-06 16:43:48 - [MESSAGE][PASSED] - Actual text '' and expected text '' are matched 

2024-02-06 16:43:48 - [TEST_STEP][PASSED] - zipCode = getAttribute(findTestObject("Object Repository/RAD_Pages/PaymentEntry_Page/input_billingZip"), "value"): Attribute 'value' of object 'Object Repository/RAD_Pages/PaymentEntry_Page/input_billingZip' is: '21054'

2024-02-06 16:43:49 - [MESSAGE][PASSED] - Attribute 'value' of object 'Object Repository/RAD_Pages/PaymentEntry_Page/input_billingZip' is: '21054'

2024-02-06 16:43:49 - [TEST_STEP][PASSED] - verifyMatch("21054", zipCode, false): Actual text '21054' and expected text '21054' are matched 

2024-02-06 16:43:49 - [MESSAGE][PASSED] - Actual text '21054' and expected text '21054' are matched 

2024-02-06 16:43:49 - [TEST_STEP][PASSED] - city = getAttribute(findTestObject("Object Repository/RAD_Pages/PaymentEntry_Page/input_billingCity"), "value"): Attribute 'value' of object 'Object Repository/RAD_Pages/PaymentEntry_Page/input_billingCity' is: 'GAMBRILLS'

2024-02-06 16:43:49 - [MESSAGE][PASSED] - Attribute 'value' of object 'Object Repository/RAD_Pages/PaymentEntry_Page/input_billingCity' is: 'GAMBRILLS'

2024-02-06 16:43:49 - [TEST_STEP][PASSED] - verifyMatch("GAMBRILLS", city, false): Actual text 'GAMBRILLS' and expected text 'GAMBRILLS' are matched 

2024-02-06 16:43:49 - [MESSAGE][PASSED] - Actual text 'GAMBRILLS' and expected text 'GAMBRILLS' are matched 

2024-02-06 16:43:49 - [TEST_STEP][PASSED] - email = getAttribute(findTestObject("Object Repository/RAD_Pages/PaymentEntry_Page/input_emailAddress"), "value"): Attribute 'value' of object 'Object Repository/RAD_Pages/PaymentEntry_Page/input_emailAddress' is: 'iahmed@govolution.com'

2024-02-06 16:43:49 - [MESSAGE][PASSED] - Attribute 'value' of object 'Object Repository/RAD_Pages/PaymentEntry_Page/input_emailAddress' is: 'iahmed@govolution.com'

2024-02-06 16:43:49 - [TEST_STEP][PASSED] - verifyMatch("iahmed@govolution.com", email, false): Actual text 'iahmed@govolution.com' and expected text 'iahmed@govolution.com' are matched 

2024-02-06 16:43:49 - [MESSAGE][PASSED] - Actual text 'iahmed@govolution.com' and expected text 'iahmed@govolution.com' are matched 

2024-02-06 16:43:49 - [TEST_STEP][PASSED] - amount = getAttribute(findTestObject("Object Repository/RAD_Pages/PaymentEntry_Page/input_amount"), "value"): Attribute 'value' of object 'Object Repository/RAD_Pages/PaymentEntry_Page/input_amount' is: '100.00'

2024-02-06 16:43:50 - [MESSAGE][PASSED] - Attribute 'value' of object 'Object Repository/RAD_Pages/PaymentEntry_Page/input_amount' is: '100.00'

2024-02-06 16:43:50 - [TEST_STEP][PASSED] - verifyMatch("100.00", amount, false): Actual text '100.00' and expected text '100.00' are matched 

2024-02-06 16:43:50 - [MESSAGE][PASSED] - Actual text '100.00' and expected text '100.00' are matched 

2024-02-06 16:43:50 - [TEST_STEP][PASSED] - amountReadOnly = getAttribute(findTestObject("Object Repository/RAD_Pages/PaymentEntry_Page/input_amount"), "readonly"): Attribute 'readonly' of object 'Object Repository/RAD_Pages/PaymentEntry_Page/input_amount' is: 'true'

2024-02-06 16:43:50 - [MESSAGE][PASSED] - Attribute 'readonly' of object 'Object Repository/RAD_Pages/PaymentEntry_Page/input_amount' is: 'true'

2024-02-06 16:43:50 - [TEST_STEP][PASSED] - verifyMatch("true", amountReadOnly, false): Actual text 'true' and expected text 'true' are matched 

2024-02-06 16:43:50 - [MESSAGE][PASSED] - Actual text 'true' and expected text 'true' are matched 

2024-02-06 16:43:50 - [TEST_STEP][PASSED] - verifyOptionSelectedByLabel(findTestObject("Object Repository/RAD_Pages/PaymentEntry_Page/select_Country"), "United States", false, 20): All options with label 'United States' are selected in object 'Object Repository/RAD_Pages/PaymentEntry_Page/select_Country' 

2024-02-06 16:43:51 - [MESSAGE][PASSED] - All options with label 'United States' are selected in object 'Object Repository/RAD_Pages/PaymentEntry_Page/select_Country' 

2024-02-06 16:43:51 - [TEST_STEP][PASSED] - verifyOptionSelectedByLabel(findTestObject("Object Repository/RAD_Pages/PaymentEntry_Page/select_State"), "Maryland", false, 20): All options with label 'Maryland' are selected in object 'Object Repository/RAD_Pages/PaymentEntry_Page/select_State' 

2024-02-06 16:43:54 - [MESSAGE][PASSED] - All options with label 'Maryland' are selected in object 'Object Repository/RAD_Pages/PaymentEntry_Page/select_State' 

2024-02-06 16:43:54 - [TEST_STEP][PASSED] - setText(findTestObject(orPath_PaymentEntry + "/input__cardNumber"), "4111111111111111"): Text '4111111111111111' is set on object 'Object Repository/RAD_Pages/PaymentEntry_Page/input__cardNumber'

2024-02-06 16:43:55 - [MESSAGE][PASSED] - Text '4111111111111111' is set on object 'Object Repository/RAD_Pages/PaymentEntry_Page/input__cardNumber'

2024-02-06 16:43:55 - [TEST_STEP][PASSED] - setText(findTestObject(orPath_PaymentEntry + "/input__spc"), "123"): Text '123' is set on object 'Object Repository/RAD_Pages/PaymentEntry_Page/input__spc'

2024-02-06 16:43:55 - [MESSAGE][PASSED] - Text '123' is set on object 'Object Repository/RAD_Pages/PaymentEntry_Page/input__spc'

2024-02-06 16:43:55 - [TEST_STEP][PASSED] - selectOptionByLabel(findTestObject(orPath_PaymentEntry + "/select_MM"), "12", false): All options with label '12' are selected in object 'Object Repository/RAD_Pages/PaymentEntry_Page/select_MM' 

2024-02-06 16:43:56 - [MESSAGE][PASSED] - All options with label '12' are selected in object 'Object Repository/RAD_Pages/PaymentEntry_Page/select_MM' 

2024-02-06 16:43:56 - [TEST_STEP][PASSED] - selectOptionByLabel(findTestObject(orPath_PaymentEntry + "/select_YYYY"), "2028", false): All options with label '2028' are selected in object 'Object Repository/RAD_Pages/PaymentEntry_Page/select_YYYY' 

2024-02-06 16:43:57 - [MESSAGE][PASSED] - All options with label '2028' are selected in object 'Object Repository/RAD_Pages/PaymentEntry_Page/select_YYYY' 

2024-02-06 16:43:57 - [TEST_STEP][PASSED] - click(findTestObject(orPath_PaymentEntry + "/input_Field_ccSubmit")): Object: 'Object Repository/RAD_Pages/PaymentEntry_Page/input_Field_ccSubmit' is clicked on

2024-02-06 16:43:58 - [MESSAGE][PASSED] - Object: 'Object Repository/RAD_Pages/PaymentEntry_Page/input_Field_ccSubmit' is clicked on

2024-02-06 16:43:58 - [TEST_STEP][PASSED] - click(findTestObject(orPath_PaymentConfirmation + "/input_N_confirmNotifyAction")): Object: 'Object Repository/RAD_Pages/PaymentConfirmation_Page/input_N_confirmNotifyAction' is clicked on

2024-02-06 16:43:59 - [MESSAGE][PASSED] - Object: 'Object Repository/RAD_Pages/PaymentConfirmation_Page/input_N_confirmNotifyAction' is clicked on

2024-02-06 16:43:59 - [TEST_STEP][PASSED] - verifyTextPresent("Service Fee Acceptance", true): Text 'Service Fee Acceptance' is present on page  using regular expression

2024-02-06 16:43:59 - [MESSAGE][PASSED] - Text 'Service Fee Acceptance' is present on page  using regular expression

2024-02-06 16:43:59 - [TEST_STEP][PASSED] - verifyTextPresent("This transaction is subject to a Service Fee of ", true): Text 'This transaction is subject to a Service Fee of ' is present on page  using regular expression

2024-02-06 16:44:00 - [MESSAGE][PASSED] - Text 'This transaction is subject to a Service Fee of ' is present on page  using regular expression

2024-02-06 16:44:00 - [TEST_STEP][PASSED] - verifyTextPresent("Payment Amount:", true): Text 'Payment Amount:' is present on page  using regular expression

2024-02-06 16:44:00 - [MESSAGE][PASSED] - Text 'Payment Amount:' is present on page  using regular expression

2024-02-06 16:44:00 - [TEST_STEP][PASSED] - verifyTextPresent("100.00", true): Text '100.00' is present on page  using regular expression

2024-02-06 16:44:00 - [MESSAGE][PASSED] - Text '100.00' is present on page  using regular expression

2024-02-06 16:44:00 - [TEST_STEP][PASSED] - verifyTextPresent("Service Fee:", true): Text 'Service Fee:' is present on page  using regular expression

2024-02-06 16:44:00 - [MESSAGE][PASSED] - Text 'Service Fee:' is present on page  using regular expression

2024-02-06 16:44:00 - [TEST_STEP][PASSED] - verifyTextPresent("2.45", true): Text '2.45' is present on page  using regular expression

2024-02-06 16:44:01 - [MESSAGE][PASSED] - Text '2.45' is present on page  using regular expression

2024-02-06 16:44:01 - [TEST_STEP][PASSED] - verifyTextPresent("Total Amount:", true): Text 'Total Amount:' is present on page  using regular expression

2024-02-06 16:44:01 - [MESSAGE][PASSED] - Text 'Total Amount:' is present on page  using regular expression

2024-02-06 16:44:01 - [TEST_STEP][PASSED] - verifyTextPresent("102.45", true): Text '102.45' is present on page  using regular expression

2024-02-06 16:44:01 - [MESSAGE][PASSED] - Text '102.45' is present on page  using regular expression

2024-02-06 16:44:01 - [TEST_STEP][PASSED] - verifyTextPresent("Two transactions will appear on your bank statement, one in the amount of", true): Text 'Two transactions will appear on your bank statement, one in the amount of' is present on page  using regular expression

2024-02-06 16:44:02 - [MESSAGE][PASSED] - Text 'Two transactions will appear on your bank statement, one in the amount of' is present on page  using regular expression

2024-02-06 16:44:02 - [TEST_STEP][PASSED] - if (verifyElementPresent(findTestObject(orPath_ServiceFeesAccept + "/input_convFeeNotifyAction"), 30)): null

2024-02-06 16:44:02 - [MESSAGE][PASSED] - Object 'Object Repository/RAD_Pages/ServiceFeeAccept_Page/input_convFeeNotifyAction' is present

2024-02-06 16:44:02 - [TEST_STEP][PASSED] - resText = "Pass": null

2024-02-06 16:44:02 - [TEST_STEP][PASSED] - pages.WriteExcel.demoKey(resText, datText, resColumn, datCloumn, fileLoc, nameSheet, row): pages.WriteExcel.demoKey is PASSED

2024-02-06 16:44:02 - [MESSAGE][PASSED] - pages.WriteExcel.demoKey is PASSED

2024-02-06 16:44:02 - [TEST_STEP][PASSED] - if (execProfile == "QAProfile" || execProfile == "QA2Profile"): Text 'Successful Payment Receipt' is present on page  using regular expression

2024-02-06 16:44:02 - [TEST_STEP][PASSED] - click(findTestObject(orPath_ServiceFeesAccept + "/input_convFeeNotifyAction")): Object: 'Object Repository/RAD_Pages/ServiceFeeAccept_Page/input_convFeeNotifyAction' is clicked on

2024-02-06 16:44:03 - [MESSAGE][PASSED] - Object: 'Object Repository/RAD_Pages/ServiceFeeAccept_Page/input_convFeeNotifyAction' is clicked on

2024-02-06 16:44:03 - [TEST_STEP][PASSED] - delay(10): Delayed 10 second(s)

2024-02-06 16:44:13 - [MESSAGE][PASSED] - Delayed 10 second(s)

2024-02-06 16:44:13 - [TEST_STEP][PASSED] - verifyTextPresent("Successful Payment Receipt", true): Text 'Successful Payment Receipt' is present on page  using regular expression

2024-02-06 16:44:13 - [MESSAGE][PASSED] - Text 'Successful Payment Receipt' is present on page  using regular expression

2024-02-06 16:44:13 - [TEST_STEP][PASSED] - ExecuteTC = findTestData(dataFile).getValue("Execute", row): null

2024-02-06 16:44:13 - [TEST_STEP][PASSED] - TaxType = findTestData(dataFile).getValue("TaxType", row): null

2024-02-06 16:44:13 - [TEST_STEP][PASSED] - PaymentType = findTestData(dataFile).getValue("PaymentType", row): null

2024-02-06 16:44:13 - [TEST_STEP][PASSED] - FilingYear = findTestData(dataFile).getValue("Year", row): null

2024-02-06 16:44:13 - [TEST_STEP][PASSED] - feinSSN = findTestData(dataFile).getValue("FeinSsn", row): null

2024-02-06 16:44:13 - [TEST_STEP][PASSED] - if (ExecuteTC.equalsIgnoreCase("Y")): null

2024-02-06 16:44:13 - [TEST_STEP][PASSED] - out.println("Begin Record Number: " + row): null

2024-02-06 16:44:13 - [TEST_STEP][PASSED] - today = new java.util.Date(): null

2024-02-06 16:44:13 - [TEST_STEP][PASSED] - println(today): null

2024-02-06 16:44:13 - [TEST_STEP][PASSED] - datText = today: null

2024-02-06 16:44:13 - [TEST_STEP][PASSED] - logInfo("Payment Type: New Tax Return Amount Due"): Payment Type: New Tax Return Amount Due

2024-02-06 16:44:13 - [MESSAGE][INFO] - Payment Type: New Tax Return Amount Due

2024-02-06 16:44:13 - [TEST_STEP][PASSED] - logInfo("Tax Type: " + TaxType): Tax Type: PTE Tax Electing Non-S Corp

2024-02-06 16:44:13 - [MESSAGE][INFO] - Tax Type: PTE Tax Electing Non-S Corp

2024-02-06 16:44:13 - [TEST_STEP][PASSED] - openBrowser(""): Browser is opened with url: ''

2024-02-06 16:44:13 - [MESSAGE][WARNING] - A browser is already opened. Closing browser and opening a new one

2024-02-06 16:44:14 - [MESSAGE][INFO] - Starting 'Chrome' driver

2024-02-06 16:44:14 - [MESSAGE][INFO] - User set preference: ['acceptInsecureCerts', 'true']

2024-02-06 16:44:14 - [MESSAGE][INFO] - Action delay is set to 0 milliseconds

2024-02-06 16:44:16 - [MESSAGE][PASSED] - Browser is opened with url: ''

2024-02-06 16:44:16 - [TEST_STEP][PASSED] - maximizeWindow(): Current window maximized

2024-02-06 16:44:16 - [MESSAGE][PASSED] - Current window maximized

2024-02-06 16:44:16 - [TEST_STEP][PASSED] - navigateToUrl(RADurl): Navigate to 'https://qa2.velocitypayment.com/client/rad/index.html' successfully

2024-02-06 16:44:18 - [MESSAGE][PASSED] - Navigate to 'https://qa2.velocitypayment.com/client/rad/index.html' successfully

2024-02-06 16:44:18 - [TEST_STEP][PASSED] - selectOptionByLabel(findTestObject(orPath_Landing + "/dd_TaxType"), "New Tax Return Amount Due", false): All options with label 'New Tax Return Amount Due' are selected in object 'Object Repository/RAD_Pages/Landing_Page/dd_TaxType' 

2024-02-06 16:44:19 - [MESSAGE][PASSED] - All options with label 'New Tax Return Amount Due' are selected in object 'Object Repository/RAD_Pages/Landing_Page/dd_TaxType' 

2024-02-06 16:44:19 - [TEST_STEP][PASSED] - selectOptionByLabel(findTestObject("Object Repository/RAD_Pages/Landing_Page/select_NewTaxReturnAmountDue_TaxType"), TaxType, false): All options with label 'PTE Tax Electing Non-S Corp' are selected in object 'Object Repository/RAD_Pages/Landing_Page/select_NewTaxReturnAmountDue_TaxType' 

2024-02-06 16:44:20 - [MESSAGE][PASSED] - All options with label 'PTE Tax Electing Non-S Corp' are selected in object 'Object Repository/RAD_Pages/Landing_Page/select_NewTaxReturnAmountDue_TaxType' 

2024-02-06 16:44:20 - [TEST_STEP][PASSED] - selectOptionByLabel(findTestObject(orPath_TaxTypeFilingYear + "/select_FilingYear"), FilingYear, false): All options with label '2023' are selected in object 'Object Repository/RAD_Pages/TaxTypeFilingYear_Page/select_FilingYear' 

2024-02-06 16:44:21 - [MESSAGE][PASSED] - All options with label '2023' are selected in object 'Object Repository/RAD_Pages/TaxTypeFilingYear_Page/select_FilingYear' 

2024-02-06 16:44:21 - [TEST_STEP][PASSED] - rad.getSetDataRAD.setDataRADBusinessName(): rad.getSetDataRAD.setDataRADBusinessName is PASSED

2024-02-06 16:44:21 - [MESSAGE][PASSED] - Text 'My Company' is set on object 'Object Repository/RAD_Pages/Taxpayer_Page/input_businessName'

2024-02-06 16:44:21 - [MESSAGE][PASSED] - rad.getSetDataRAD.setDataRADBusinessName is PASSED

2024-02-06 16:44:21 - [TEST_STEP][PASSED] - rad.getSetDataRAD.setDataRADBusinessRep(): rad.getSetDataRAD.setDataRADBusinessRep is PASSED

2024-02-06 16:44:22 - [MESSAGE][PASSED] - Text 'BusRepFname' is set on object 'Object Repository/RAD_Pages/Taxpayer_Page/input_BusinessRepfirstName'

2024-02-06 16:44:23 - [MESSAGE][PASSED] - Text '' is set on object 'Object Repository/RAD_Pages/Taxpayer_Page/input_BusinessRepmiddleName'

2024-02-06 16:44:24 - [MESSAGE][PASSED] - Text 'BusRepLname' is set on object 'Object Repository/RAD_Pages/Taxpayer_Page/input_BusinessReplastName'

2024-02-06 16:44:25 - [MESSAGE][PASSED] - Text '' is set on object 'Object Repository/RAD_Pages/Taxpayer_Page/input_BusinessRepsuffix'

2024-02-06 16:44:25 - [MESSAGE][PASSED] - rad.getSetDataRAD.setDataRADBusinessRep is PASSED

2024-02-06 16:44:25 - [TEST_STEP][PASSED] - rad.getSetDataRAD.setDataRADAddress(): rad.getSetDataRAD.setDataRADAddress is PASSED

2024-02-06 16:44:25 - [MESSAGE][PASSED] - All options with label 'United States' are selected in object 'Object Repository/RAD_Pages/AddressAndContactInfo_Page/select_Country' 

2024-02-06 16:44:26 - [MESSAGE][PASSED] - Text '2508 Mandan Terrace' is set on object 'Object Repository/RAD_Pages/AddressAndContactInfo_Page/input_streetAddress1'

2024-02-06 16:44:27 - [MESSAGE][PASSED] - Text '' is set on object 'Object Repository/RAD_Pages/AddressAndContactInfo_Page/input_streetAddress2'

2024-02-06 16:44:28 - [MESSAGE][PASSED] - Text 'Gambrills' is set on object 'Object Repository/RAD_Pages/AddressAndContactInfo_Page/input_city'

2024-02-06 16:44:29 - [MESSAGE][PASSED] - All options with label 'Maryland' are selected in object 'Object Repository/RAD_Pages/AddressAndContactInfo_Page/select_State' 

2024-02-06 16:44:30 - [MESSAGE][PASSED] - Text '21054' is set on object 'Object Repository/RAD_Pages/AddressAndContactInfo_Page/input_zipCode'

2024-02-06 16:44:30 - [MESSAGE][PASSED] - Text '(703) 894-5000' is set on object 'Object Repository/RAD_Pages/AddressAndContactInfo_Page/input_phoneNumber'

2024-02-06 16:44:31 - [MESSAGE][PASSED] - Text 'iahmed@govolution.com' is set on object 'Object Repository/RAD_Pages/AddressAndContactInfo_Page/input_eMailAddress'

2024-02-06 16:44:32 - [MESSAGE][PASSED] - Text 'iahmed@govolution.com' is set on object 'Object Repository/RAD_Pages/AddressAndContactInfo_Page/input_reEnterEMailAddress'

2024-02-06 16:44:32 - [MESSAGE][PASSED] - rad.getSetDataRAD.setDataRADAddress is PASSED

2024-02-06 16:44:32 - [TEST_STEP][PASSED] - if (feinSSN.equalsIgnoreCase("Y")): rad.getSetDataRAD.setDataRADFEINSSN is PASSED

2024-02-06 16:44:32 - [TEST_STEP][PASSED] - rad.getSetDataRAD.setDataRADFEINSSN(): rad.getSetDataRAD.setDataRADFEINSSN is PASSED

2024-02-06 16:44:33 - [MESSAGE][PASSED] - Text ****** has been set on object 'Object Repository/RAD_Pages/TaxInfo_Page/input_TaxInfo_FeinSsn_New_2'

2024-02-06 16:44:33 - [MESSAGE][PASSED] - Text ****** has been set on object 'Object Repository/RAD_Pages/TaxInfo_Page/input_TaxInfo_RetypeFeinSsn_New_2'

2024-02-06 16:44:33 - [MESSAGE][PASSED] - rad.getSetDataRAD.setDataRADFEINSSN is PASSED

2024-02-06 16:44:33 - [TEST_STEP][PASSED] - if (TaxType.equalsIgnoreCase("Estate Tax")): null

2024-02-06 16:44:33 - [TEST_STEP][PASSED] - setText(findTestObject(orPath_Amount + "/input__paymentAmount"), "100.00"): Text '100.00' is set on object 'Object Repository/RAD_Pages/PaymentAmount_Page/input__paymentAmount'

2024-02-06 16:44:34 - [MESSAGE][PASSED] - Text '100.00' is set on object 'Object Repository/RAD_Pages/PaymentAmount_Page/input__paymentAmount'

2024-02-06 16:44:34 - [TEST_STEP][PASSED] - setText(findTestObject(orPath_AddressContact + "/input_streetAddress2"), ""): Text '' is set on object 'Object Repository/RAD_Pages/AddressAndContactInfo_Page/input_streetAddress2'

2024-02-06 16:44:35 - [MESSAGE][PASSED] - Text '' is set on object 'Object Repository/RAD_Pages/AddressAndContactInfo_Page/input_streetAddress2'

2024-02-06 16:44:35 - [TEST_STEP][PASSED] - scrollToElement(findTestObject(orPath_Landing + "/button_Continue"), 3): Scroll to object 'Object Repository/RAD_Pages/Landing_Page/button_Continue' successfully

2024-02-06 16:44:36 - [MESSAGE][PASSED] - Scroll to object 'Object Repository/RAD_Pages/Landing_Page/button_Continue' successfully

2024-02-06 16:44:36 - [TEST_STEP][PASSED] - waitForElementClickable(findTestObject(orPath_Landing + "/button_Continue"), 5): Object 'Object Repository/RAD_Pages/Landing_Page/button_Continue' is clickable

2024-02-06 16:44:36 - [MESSAGE][PASSED] - Object 'Object Repository/RAD_Pages/Landing_Page/button_Continue' is clickable

2024-02-06 16:44:36 - [TEST_STEP][PASSED] - click(findTestObject(orPath_Landing + "/button_Continue")): Object: 'Object Repository/RAD_Pages/Landing_Page/button_Continue' is clicked on

2024-02-06 16:44:36 - [MESSAGE][PASSED] - Object: 'Object Repository/RAD_Pages/Landing_Page/button_Continue' is clicked on

2024-02-06 16:44:36 - [TEST_STEP][PASSED] - delay(2): Delayed 2 second(s)

2024-02-06 16:44:38 - [MESSAGE][PASSED] - Delayed 2 second(s)

2024-02-06 16:44:38 - [TEST_STEP][PASSED] - click(findTestObject(orPath_Summary + "/button_Proceed to Payment")): Object: 'Object Repository/RAD_Pages/Summary_Page/button_Proceed to Payment' is clicked on

2024-02-06 16:44:40 - [MESSAGE][PASSED] - Object: 'Object Repository/RAD_Pages/Summary_Page/button_Proceed to Payment' is clicked on

2024-02-06 16:44:40 - [TEST_STEP][PASSED] - if (verifyElementPresent(findTestObject("Object Repository/RAD_Pages/PaymentEntry_Page/input__billingName"), 30)): null

2024-02-06 16:44:41 - [MESSAGE][PASSED] - Object 'Object Repository/RAD_Pages/PaymentEntry_Page/input__billingName' is present

2024-02-06 16:44:41 - [TEST_STEP][PASSED] - verifyTextPresent("Comptroller of Maryland", true): Text 'Comptroller of Maryland' is present on page  using regular expression

2024-02-06 16:44:41 - [MESSAGE][PASSED] - Text 'Comptroller of Maryland' is present on page  using regular expression

2024-02-06 16:44:41 - [TEST_STEP][PASSED] - verifyTextPresent("Revenue Administration Division", true): Text 'Revenue Administration Division' is present on page  using regular expression

2024-02-06 16:44:41 - [MESSAGE][PASSED] - Text 'Revenue Administration Division' is present on page  using regular expression

2024-02-06 16:44:41 - [TEST_STEP][PASSED] - verifyTextPresent("Payment Information", true): Text 'Payment Information' is present on page  using regular expression

2024-02-06 16:44:42 - [MESSAGE][PASSED] - Text 'Payment Information' is present on page  using regular expression

2024-02-06 16:44:42 - [TEST_STEP][PASSED] - card_Name = getAttribute(findTestObject("Object Repository/RAD_Pages/PaymentEntry_Page/input__billingName"), "value"): Attribute 'value' of object 'Object Repository/RAD_Pages/PaymentEntry_Page/input__billingName' is: 'BusRepFname BusRepLname'

2024-02-06 16:44:42 - [MESSAGE][PASSED] - Attribute 'value' of object 'Object Repository/RAD_Pages/PaymentEntry_Page/input__billingName' is: 'BusRepFname BusRepLname'

2024-02-06 16:44:42 - [TEST_STEP][PASSED] - verifyMatch("BusRepFname BusRepLname", card_Name, false): Actual text 'BusRepFname BusRepLname' and expected text 'BusRepFname BusRepLname' are matched 

2024-02-06 16:44:42 - [MESSAGE][PASSED] - Actual text 'BusRepFname BusRepLname' and expected text 'BusRepFname BusRepLname' are matched 

2024-02-06 16:44:42 - [TEST_STEP][PASSED] - AL1 = getAttribute(findTestObject("Object Repository/RAD_Pages/PaymentEntry_Page/input_billingAddress"), "value"): Attribute 'value' of object 'Object Repository/RAD_Pages/PaymentEntry_Page/input_billingAddress' is: '2508 Mandan Terrace'

2024-02-06 16:44:42 - [MESSAGE][PASSED] - Attribute 'value' of object 'Object Repository/RAD_Pages/PaymentEntry_Page/input_billingAddress' is: '2508 Mandan Terrace'

2024-02-06 16:44:42 - [TEST_STEP][PASSED] - verifyMatch("2508 Mandan Terrace", AL1, false): Actual text '2508 Mandan Terrace' and expected text '2508 Mandan Terrace' are matched 

2024-02-06 16:44:42 - [MESSAGE][PASSED] - Actual text '2508 Mandan Terrace' and expected text '2508 Mandan Terrace' are matched 

2024-02-06 16:44:42 - [TEST_STEP][PASSED] - AL2 = getAttribute(findTestObject("Object Repository/RAD_Pages/PaymentEntry_Page/input_billingAddress2"), "value"): Attribute 'value' of object 'Object Repository/RAD_Pages/PaymentEntry_Page/input_billingAddress2' is: ''

2024-02-06 16:44:43 - [MESSAGE][PASSED] - Attribute 'value' of object 'Object Repository/RAD_Pages/PaymentEntry_Page/input_billingAddress2' is: ''

2024-02-06 16:44:43 - [TEST_STEP][PASSED] - verifyMatch("", AL2, false): Actual text '' and expected text '' are matched 

2024-02-06 16:44:43 - [MESSAGE][PASSED] - Actual text '' and expected text '' are matched 

2024-02-06 16:44:43 - [TEST_STEP][PASSED] - zipCode = getAttribute(findTestObject("Object Repository/RAD_Pages/PaymentEntry_Page/input_billingZip"), "value"): Attribute 'value' of object 'Object Repository/RAD_Pages/PaymentEntry_Page/input_billingZip' is: '21054'

2024-02-06 16:44:43 - [MESSAGE][PASSED] - Attribute 'value' of object 'Object Repository/RAD_Pages/PaymentEntry_Page/input_billingZip' is: '21054'

2024-02-06 16:44:43 - [TEST_STEP][PASSED] - verifyMatch("21054", zipCode, false): Actual text '21054' and expected text '21054' are matched 

2024-02-06 16:44:43 - [MESSAGE][PASSED] - Actual text '21054' and expected text '21054' are matched 

2024-02-06 16:44:43 - [TEST_STEP][PASSED] - city = getAttribute(findTestObject("Object Repository/RAD_Pages/PaymentEntry_Page/input_billingCity"), "value"): Attribute 'value' of object 'Object Repository/RAD_Pages/PaymentEntry_Page/input_billingCity' is: 'GAMBRILLS'

2024-02-06 16:44:43 - [MESSAGE][PASSED] - Attribute 'value' of object 'Object Repository/RAD_Pages/PaymentEntry_Page/input_billingCity' is: 'GAMBRILLS'

2024-02-06 16:44:43 - [TEST_STEP][PASSED] - verifyMatch("GAMBRILLS", city, false): Actual text 'GAMBRILLS' and expected text 'GAMBRILLS' are matched 

2024-02-06 16:44:43 - [MESSAGE][PASSED] - Actual text 'GAMBRILLS' and expected text 'GAMBRILLS' are matched 

2024-02-06 16:44:43 - [TEST_STEP][PASSED] - email = getAttribute(findTestObject("Object Repository/RAD_Pages/PaymentEntry_Page/input_emailAddress"), "value"): Attribute 'value' of object 'Object Repository/RAD_Pages/PaymentEntry_Page/input_emailAddress' is: 'iahmed@govolution.com'

2024-02-06 16:44:44 - [MESSAGE][PASSED] - Attribute 'value' of object 'Object Repository/RAD_Pages/PaymentEntry_Page/input_emailAddress' is: 'iahmed@govolution.com'

2024-02-06 16:44:44 - [TEST_STEP][PASSED] - verifyMatch("iahmed@govolution.com", email, false): Actual text 'iahmed@govolution.com' and expected text 'iahmed@govolution.com' are matched 

2024-02-06 16:44:44 - [MESSAGE][PASSED] - Actual text 'iahmed@govolution.com' and expected text 'iahmed@govolution.com' are matched 

2024-02-06 16:44:44 - [TEST_STEP][PASSED] - amount = getAttribute(findTestObject("Object Repository/RAD_Pages/PaymentEntry_Page/input_amount"), "value"): Attribute 'value' of object 'Object Repository/RAD_Pages/PaymentEntry_Page/input_amount' is: '100.00'

2024-02-06 16:44:44 - [MESSAGE][PASSED] - Attribute 'value' of object 'Object Repository/RAD_Pages/PaymentEntry_Page/input_amount' is: '100.00'

2024-02-06 16:44:44 - [TEST_STEP][PASSED] - verifyMatch("100.00", amount, false): Actual text '100.00' and expected text '100.00' are matched 

2024-02-06 16:44:44 - [MESSAGE][PASSED] - Actual text '100.00' and expected text '100.00' are matched 

2024-02-06 16:44:44 - [TEST_STEP][PASSED] - amountReadOnly = getAttribute(findTestObject("Object Repository/RAD_Pages/PaymentEntry_Page/input_amount"), "readonly"): Attribute 'readonly' of object 'Object Repository/RAD_Pages/PaymentEntry_Page/input_amount' is: 'true'

2024-02-06 16:44:44 - [MESSAGE][PASSED] - Attribute 'readonly' of object 'Object Repository/RAD_Pages/PaymentEntry_Page/input_amount' is: 'true'

2024-02-06 16:44:44 - [TEST_STEP][PASSED] - verifyMatch("true", amountReadOnly, false): Actual text 'true' and expected text 'true' are matched 

2024-02-06 16:44:44 - [MESSAGE][PASSED] - Actual text 'true' and expected text 'true' are matched 

2024-02-06 16:44:44 - [TEST_STEP][PASSED] - verifyOptionSelectedByLabel(findTestObject("Object Repository/RAD_Pages/PaymentEntry_Page/select_Country"), "United States", false, 20): All options with label 'United States' are selected in object 'Object Repository/RAD_Pages/PaymentEntry_Page/select_Country' 

2024-02-06 16:44:45 - [MESSAGE][PASSED] - All options with label 'United States' are selected in object 'Object Repository/RAD_Pages/PaymentEntry_Page/select_Country' 

2024-02-06 16:44:45 - [TEST_STEP][PASSED] - verifyOptionSelectedByLabel(findTestObject("Object Repository/RAD_Pages/PaymentEntry_Page/select_State"), "Maryland", false, 20): All options with label 'Maryland' are selected in object 'Object Repository/RAD_Pages/PaymentEntry_Page/select_State' 

2024-02-06 16:44:48 - [MESSAGE][PASSED] - All options with label 'Maryland' are selected in object 'Object Repository/RAD_Pages/PaymentEntry_Page/select_State' 

2024-02-06 16:44:48 - [TEST_STEP][PASSED] - setText(findTestObject(orPath_PaymentEntry + "/input__cardNumber"), "4111111111111111"): Text '4111111111111111' is set on object 'Object Repository/RAD_Pages/PaymentEntry_Page/input__cardNumber'

2024-02-06 16:44:49 - [MESSAGE][PASSED] - Text '4111111111111111' is set on object 'Object Repository/RAD_Pages/PaymentEntry_Page/input__cardNumber'

2024-02-06 16:44:49 - [TEST_STEP][PASSED] - setText(findTestObject(orPath_PaymentEntry + "/input__spc"), "123"): Text '123' is set on object 'Object Repository/RAD_Pages/PaymentEntry_Page/input__spc'

2024-02-06 16:44:50 - [MESSAGE][PASSED] - Text '123' is set on object 'Object Repository/RAD_Pages/PaymentEntry_Page/input__spc'

2024-02-06 16:44:50 - [TEST_STEP][PASSED] - selectOptionByLabel(findTestObject(orPath_PaymentEntry + "/select_MM"), "12", false): All options with label '12' are selected in object 'Object Repository/RAD_Pages/PaymentEntry_Page/select_MM' 

2024-02-06 16:44:50 - [MESSAGE][PASSED] - All options with label '12' are selected in object 'Object Repository/RAD_Pages/PaymentEntry_Page/select_MM' 

2024-02-06 16:44:50 - [TEST_STEP][PASSED] - selectOptionByLabel(findTestObject(orPath_PaymentEntry + "/select_YYYY"), "2028", false): All options with label '2028' are selected in object 'Object Repository/RAD_Pages/PaymentEntry_Page/select_YYYY' 

2024-02-06 16:44:51 - [MESSAGE][PASSED] - All options with label '2028' are selected in object 'Object Repository/RAD_Pages/PaymentEntry_Page/select_YYYY' 

2024-02-06 16:44:51 - [TEST_STEP][PASSED] - click(findTestObject(orPath_PaymentEntry + "/input_Field_ccSubmit")): Object: 'Object Repository/RAD_Pages/PaymentEntry_Page/input_Field_ccSubmit' is clicked on

2024-02-06 16:44:52 - [MESSAGE][PASSED] - Object: 'Object Repository/RAD_Pages/PaymentEntry_Page/input_Field_ccSubmit' is clicked on

2024-02-06 16:44:52 - [TEST_STEP][PASSED] - click(findTestObject(orPath_PaymentConfirmation + "/input_N_confirmNotifyAction")): Object: 'Object Repository/RAD_Pages/PaymentConfirmation_Page/input_N_confirmNotifyAction' is clicked on

2024-02-06 16:44:53 - [MESSAGE][PASSED] - Object: 'Object Repository/RAD_Pages/PaymentConfirmation_Page/input_N_confirmNotifyAction' is clicked on

2024-02-06 16:44:53 - [TEST_STEP][PASSED] - verifyTextPresent("Service Fee Acceptance", true): Text 'Service Fee Acceptance' is present on page  using regular expression

2024-02-06 16:44:54 - [MESSAGE][PASSED] - Text 'Service Fee Acceptance' is present on page  using regular expression

2024-02-06 16:44:54 - [TEST_STEP][PASSED] - verifyTextPresent("This transaction is subject to a Service Fee of ", true): Text 'This transaction is subject to a Service Fee of ' is present on page  using regular expression

2024-02-06 16:44:54 - [MESSAGE][PASSED] - Text 'This transaction is subject to a Service Fee of ' is present on page  using regular expression

2024-02-06 16:44:54 - [TEST_STEP][PASSED] - verifyTextPresent("Payment Amount:", true): Text 'Payment Amount:' is present on page  using regular expression

2024-02-06 16:44:54 - [MESSAGE][PASSED] - Text 'Payment Amount:' is present on page  using regular expression

2024-02-06 16:44:54 - [TEST_STEP][PASSED] - verifyTextPresent("100.00", true): Text '100.00' is present on page  using regular expression

2024-02-06 16:44:55 - [MESSAGE][PASSED] - Text '100.00' is present on page  using regular expression

2024-02-06 16:44:55 - [TEST_STEP][PASSED] - verifyTextPresent("Service Fee:", true): Text 'Service Fee:' is present on page  using regular expression

2024-02-06 16:44:55 - [MESSAGE][PASSED] - Text 'Service Fee:' is present on page  using regular expression

2024-02-06 16:44:55 - [TEST_STEP][PASSED] - verifyTextPresent("2.45", true): Text '2.45' is present on page  using regular expression

2024-02-06 16:44:55 - [MESSAGE][PASSED] - Text '2.45' is present on page  using regular expression

2024-02-06 16:44:55 - [TEST_STEP][PASSED] - verifyTextPresent("Total Amount:", true): Text 'Total Amount:' is present on page  using regular expression

2024-02-06 16:44:56 - [MESSAGE][PASSED] - Text 'Total Amount:' is present on page  using regular expression

2024-02-06 16:44:56 - [TEST_STEP][PASSED] - verifyTextPresent("102.45", true): Text '102.45' is present on page  using regular expression

2024-02-06 16:44:56 - [MESSAGE][PASSED] - Text '102.45' is present on page  using regular expression

2024-02-06 16:44:56 - [TEST_STEP][PASSED] - verifyTextPresent("Two transactions will appear on your bank statement, one in the amount of", true): Text 'Two transactions will appear on your bank statement, one in the amount of' is present on page  using regular expression

2024-02-06 16:44:56 - [MESSAGE][PASSED] - Text 'Two transactions will appear on your bank statement, one in the amount of' is present on page  using regular expression

2024-02-06 16:44:56 - [TEST_STEP][PASSED] - if (verifyElementPresent(findTestObject(orPath_ServiceFeesAccept + "/input_convFeeNotifyAction"), 30)): null

2024-02-06 16:44:57 - [MESSAGE][PASSED] - Object 'Object Repository/RAD_Pages/ServiceFeeAccept_Page/input_convFeeNotifyAction' is present

2024-02-06 16:44:57 - [TEST_STEP][PASSED] - resText = "Pass": null

2024-02-06 16:44:57 - [TEST_STEP][PASSED] - pages.WriteExcel.demoKey(resText, datText, resColumn, datCloumn, fileLoc, nameSheet, row): pages.WriteExcel.demoKey is PASSED

2024-02-06 16:44:57 - [MESSAGE][PASSED] - pages.WriteExcel.demoKey is PASSED

2024-02-06 16:44:57 - [TEST_STEP][PASSED] - if (execProfile == "QAProfile" || execProfile == "QA2Profile"): Text 'Successful Payment Receipt' is present on page  using regular expression

2024-02-06 16:44:57 - [TEST_STEP][PASSED] - click(findTestObject(orPath_ServiceFeesAccept + "/input_convFeeNotifyAction")): Object: 'Object Repository/RAD_Pages/ServiceFeeAccept_Page/input_convFeeNotifyAction' is clicked on

2024-02-06 16:44:57 - [MESSAGE][PASSED] - Object: 'Object Repository/RAD_Pages/ServiceFeeAccept_Page/input_convFeeNotifyAction' is clicked on

2024-02-06 16:44:57 - [TEST_STEP][PASSED] - delay(10): Delayed 10 second(s)

2024-02-06 16:45:07 - [MESSAGE][PASSED] - Delayed 10 second(s)

2024-02-06 16:45:07 - [TEST_STEP][PASSED] - verifyTextPresent("Successful Payment Receipt", true): Text 'Successful Payment Receipt' is present on page  using regular expression

2024-02-06 16:45:08 - [MESSAGE][PASSED] - Text 'Successful Payment Receipt' is present on page  using regular expression

2024-02-06 16:45:08 - [TEST_STEP][PASSED] - ExecuteTC = findTestData(dataFile).getValue("Execute", row): null

2024-02-06 16:45:08 - [TEST_STEP][PASSED] - TaxType = findTestData(dataFile).getValue("TaxType", row): null

2024-02-06 16:45:08 - [TEST_STEP][PASSED] - PaymentType = findTestData(dataFile).getValue("PaymentType", row): null

2024-02-06 16:45:08 - [TEST_STEP][PASSED] - FilingYear = findTestData(dataFile).getValue("Year", row): null

2024-02-06 16:45:08 - [TEST_STEP][PASSED] - feinSSN = findTestData(dataFile).getValue("FeinSsn", row): null

2024-02-06 16:45:08 - [TEST_STEP][PASSED] - if (ExecuteTC.equalsIgnoreCase("Y")): null

2024-02-06 16:45:08 - [TEST_STEP][PASSED] - out.println("Begin Record Number: " + row): null

2024-02-06 16:45:08 - [TEST_STEP][PASSED] - today = new java.util.Date(): null

2024-02-06 16:45:08 - [TEST_STEP][PASSED] - println(today): null

2024-02-06 16:45:08 - [TEST_STEP][PASSED] - datText = today: null

2024-02-06 16:45:08 - [TEST_STEP][PASSED] - logInfo("Payment Type: New Tax Return Amount Due"): Payment Type: New Tax Return Amount Due

2024-02-06 16:45:08 - [MESSAGE][INFO] - Payment Type: New Tax Return Amount Due

2024-02-06 16:45:08 - [TEST_STEP][PASSED] - logInfo("Tax Type: " + TaxType): Tax Type: PTE Tax Electing S Corp

2024-02-06 16:45:08 - [MESSAGE][INFO] - Tax Type: PTE Tax Electing S Corp

2024-02-06 16:45:08 - [TEST_STEP][PASSED] - openBrowser(""): Browser is opened with url: ''

2024-02-06 16:45:08 - [MESSAGE][WARNING] - A browser is already opened. Closing browser and opening a new one

2024-02-06 16:45:09 - [MESSAGE][INFO] - Starting 'Chrome' driver

2024-02-06 16:45:09 - [MESSAGE][INFO] - User set preference: ['acceptInsecureCerts', 'true']

2024-02-06 16:45:09 - [MESSAGE][INFO] - Action delay is set to 0 milliseconds

2024-02-06 16:45:10 - [MESSAGE][PASSED] - Browser is opened with url: ''

2024-02-06 16:45:10 - [TEST_STEP][PASSED] - maximizeWindow(): Current window maximized

2024-02-06 16:45:11 - [MESSAGE][PASSED] - Current window maximized

2024-02-06 16:45:11 - [TEST_STEP][PASSED] - navigateToUrl(RADurl): Navigate to 'https://qa2.velocitypayment.com/client/rad/index.html' successfully

2024-02-06 16:45:12 - [MESSAGE][PASSED] - Navigate to 'https://qa2.velocitypayment.com/client/rad/index.html' successfully

2024-02-06 16:45:12 - [TEST_STEP][PASSED] - selectOptionByLabel(findTestObject(orPath_Landing + "/dd_TaxType"), "New Tax Return Amount Due", false): All options with label 'New Tax Return Amount Due' are selected in object 'Object Repository/RAD_Pages/Landing_Page/dd_TaxType' 

2024-02-06 16:45:13 - [MESSAGE][PASSED] - All options with label 'New Tax Return Amount Due' are selected in object 'Object Repository/RAD_Pages/Landing_Page/dd_TaxType' 

2024-02-06 16:45:13 - [TEST_STEP][PASSED] - selectOptionByLabel(findTestObject("Object Repository/RAD_Pages/Landing_Page/select_NewTaxReturnAmountDue_TaxType"), TaxType, false): All options with label 'PTE Tax Electing S Corp' are selected in object 'Object Repository/RAD_Pages/Landing_Page/select_NewTaxReturnAmountDue_TaxType' 

2024-02-06 16:45:14 - [MESSAGE][PASSED] - All options with label 'PTE Tax Electing S Corp' are selected in object 'Object Repository/RAD_Pages/Landing_Page/select_NewTaxReturnAmountDue_TaxType' 

2024-02-06 16:45:14 - [TEST_STEP][PASSED] - selectOptionByLabel(findTestObject(orPath_TaxTypeFilingYear + "/select_FilingYear"), FilingYear, false): All options with label '2023' are selected in object 'Object Repository/RAD_Pages/TaxTypeFilingYear_Page/select_FilingYear' 

2024-02-06 16:45:15 - [MESSAGE][PASSED] - All options with label '2023' are selected in object 'Object Repository/RAD_Pages/TaxTypeFilingYear_Page/select_FilingYear' 

2024-02-06 16:45:15 - [TEST_STEP][PASSED] - rad.getSetDataRAD.setDataRADBusinessName(): rad.getSetDataRAD.setDataRADBusinessName is PASSED

2024-02-06 16:45:15 - [MESSAGE][PASSED] - Text 'My Company' is set on object 'Object Repository/RAD_Pages/Taxpayer_Page/input_businessName'

2024-02-06 16:45:15 - [MESSAGE][PASSED] - rad.getSetDataRAD.setDataRADBusinessName is PASSED

2024-02-06 16:45:15 - [TEST_STEP][PASSED] - rad.getSetDataRAD.setDataRADBusinessRep(): rad.getSetDataRAD.setDataRADBusinessRep is PASSED

2024-02-06 16:45:16 - [MESSAGE][PASSED] - Text 'BusRepFname' is set on object 'Object Repository/RAD_Pages/Taxpayer_Page/input_BusinessRepfirstName'

2024-02-06 16:45:17 - [MESSAGE][PASSED] - Text '' is set on object 'Object Repository/RAD_Pages/Taxpayer_Page/input_BusinessRepmiddleName'

2024-02-06 16:45:17 - [MESSAGE][PASSED] - Text 'BusRepLname' is set on object 'Object Repository/RAD_Pages/Taxpayer_Page/input_BusinessReplastName'

2024-02-06 16:45:18 - [MESSAGE][PASSED] - Text '' is set on object 'Object Repository/RAD_Pages/Taxpayer_Page/input_BusinessRepsuffix'

2024-02-06 16:45:18 - [MESSAGE][PASSED] - rad.getSetDataRAD.setDataRADBusinessRep is PASSED

2024-02-06 16:45:18 - [TEST_STEP][PASSED] - rad.getSetDataRAD.setDataRADAddress(): rad.getSetDataRAD.setDataRADAddress is PASSED

2024-02-06 16:45:19 - [MESSAGE][PASSED] - All options with label 'United States' are selected in object 'Object Repository/RAD_Pages/AddressAndContactInfo_Page/select_Country' 

2024-02-06 16:45:20 - [MESSAGE][PASSED] - Text '2508 Mandan Terrace' is set on object 'Object Repository/RAD_Pages/AddressAndContactInfo_Page/input_streetAddress1'

2024-02-06 16:45:20 - [MESSAGE][PASSED] - Text '' is set on object 'Object Repository/RAD_Pages/AddressAndContactInfo_Page/input_streetAddress2'

2024-02-06 16:45:21 - [MESSAGE][PASSED] - Text 'Gambrills' is set on object 'Object Repository/RAD_Pages/AddressAndContactInfo_Page/input_city'

2024-02-06 16:45:22 - [MESSAGE][PASSED] - All options with label 'Maryland' are selected in object 'Object Repository/RAD_Pages/AddressAndContactInfo_Page/select_State' 

2024-02-06 16:45:22 - [MESSAGE][PASSED] - Text '21054' is set on object 'Object Repository/RAD_Pages/AddressAndContactInfo_Page/input_zipCode'

2024-02-06 16:45:23 - [MESSAGE][PASSED] - Text '(703) 894-5000' is set on object 'Object Repository/RAD_Pages/AddressAndContactInfo_Page/input_phoneNumber'

2024-02-06 16:45:24 - [MESSAGE][PASSED] - Text 'iahmed@govolution.com' is set on object 'Object Repository/RAD_Pages/AddressAndContactInfo_Page/input_eMailAddress'

2024-02-06 16:45:25 - [MESSAGE][PASSED] - Text 'iahmed@govolution.com' is set on object 'Object Repository/RAD_Pages/AddressAndContactInfo_Page/input_reEnterEMailAddress'

2024-02-06 16:45:25 - [MESSAGE][PASSED] - rad.getSetDataRAD.setDataRADAddress is PASSED

2024-02-06 16:45:25 - [TEST_STEP][PASSED] - if (feinSSN.equalsIgnoreCase("Y")): rad.getSetDataRAD.setDataRADFEINSSN is PASSED

2024-02-06 16:45:25 - [TEST_STEP][PASSED] - rad.getSetDataRAD.setDataRADFEINSSN(): rad.getSetDataRAD.setDataRADFEINSSN is PASSED

2024-02-06 16:45:26 - [MESSAGE][PASSED] - Text ****** has been set on object 'Object Repository/RAD_Pages/TaxInfo_Page/input_TaxInfo_FeinSsn_New_2'

2024-02-06 16:45:26 - [MESSAGE][PASSED] - Text ****** has been set on object 'Object Repository/RAD_Pages/TaxInfo_Page/input_TaxInfo_RetypeFeinSsn_New_2'

2024-02-06 16:45:26 - [MESSAGE][PASSED] - rad.getSetDataRAD.setDataRADFEINSSN is PASSED

2024-02-06 16:45:26 - [TEST_STEP][PASSED] - if (TaxType.equalsIgnoreCase("Estate Tax")): null

2024-02-06 16:45:26 - [TEST_STEP][PASSED] - setText(findTestObject(orPath_Amount + "/input__paymentAmount"), "100.00"): Text '100.00' is set on object 'Object Repository/RAD_Pages/PaymentAmount_Page/input__paymentAmount'

2024-02-06 16:45:27 - [MESSAGE][PASSED] - Text '100.00' is set on object 'Object Repository/RAD_Pages/PaymentAmount_Page/input__paymentAmount'

2024-02-06 16:45:27 - [TEST_STEP][PASSED] - setText(findTestObject(orPath_AddressContact + "/input_streetAddress2"), ""): Text '' is set on object 'Object Repository/RAD_Pages/AddressAndContactInfo_Page/input_streetAddress2'

2024-02-06 16:45:28 - [MESSAGE][PASSED] - Text '' is set on object 'Object Repository/RAD_Pages/AddressAndContactInfo_Page/input_streetAddress2'

2024-02-06 16:45:28 - [TEST_STEP][PASSED] - scrollToElement(findTestObject(orPath_Landing + "/button_Continue"), 3): Scroll to object 'Object Repository/RAD_Pages/Landing_Page/button_Continue' successfully

2024-02-06 16:45:28 - [MESSAGE][PASSED] - Scroll to object 'Object Repository/RAD_Pages/Landing_Page/button_Continue' successfully

2024-02-06 16:45:28 - [TEST_STEP][PASSED] - waitForElementClickable(findTestObject(orPath_Landing + "/button_Continue"), 5): Object 'Object Repository/RAD_Pages/Landing_Page/button_Continue' is clickable

2024-02-06 16:45:28 - [MESSAGE][PASSED] - Object 'Object Repository/RAD_Pages/Landing_Page/button_Continue' is clickable

2024-02-06 16:45:28 - [TEST_STEP][PASSED] - click(findTestObject(orPath_Landing + "/button_Continue")): Object: 'Object Repository/RAD_Pages/Landing_Page/button_Continue' is clicked on

2024-02-06 16:45:29 - [MESSAGE][PASSED] - Object: 'Object Repository/RAD_Pages/Landing_Page/button_Continue' is clicked on

2024-02-06 16:45:29 - [TEST_STEP][PASSED] - delay(2): Delayed 2 second(s)

2024-02-06 16:45:31 - [MESSAGE][PASSED] - Delayed 2 second(s)

2024-02-06 16:45:31 - [TEST_STEP][PASSED] - click(findTestObject(orPath_Summary + "/button_Proceed to Payment")): Object: 'Object Repository/RAD_Pages/Summary_Page/button_Proceed to Payment' is clicked on

2024-02-06 16:45:32 - [MESSAGE][PASSED] - Object: 'Object Repository/RAD_Pages/Summary_Page/button_Proceed to Payment' is clicked on

2024-02-06 16:45:33 - [TEST_STEP][PASSED] - if (verifyElementPresent(findTestObject("Object Repository/RAD_Pages/PaymentEntry_Page/input__billingName"), 30)): null

2024-02-06 16:45:33 - [MESSAGE][PASSED] - Object 'Object Repository/RAD_Pages/PaymentEntry_Page/input__billingName' is present

2024-02-06 16:45:33 - [TEST_STEP][PASSED] - verifyTextPresent("Comptroller of Maryland", true): Text 'Comptroller of Maryland' is present on page  using regular expression

2024-02-06 16:45:33 - [MESSAGE][PASSED] - Text 'Comptroller of Maryland' is present on page  using regular expression

2024-02-06 16:45:33 - [TEST_STEP][PASSED] - verifyTextPresent("Revenue Administration Division", true): Text 'Revenue Administration Division' is present on page  using regular expression

2024-02-06 16:45:34 - [MESSAGE][PASSED] - Text 'Revenue Administration Division' is present on page  using regular expression

2024-02-06 16:45:34 - [TEST_STEP][PASSED] - verifyTextPresent("Payment Information", true): Text 'Payment Information' is present on page  using regular expression

2024-02-06 16:45:34 - [MESSAGE][PASSED] - Text 'Payment Information' is present on page  using regular expression

2024-02-06 16:45:34 - [TEST_STEP][PASSED] - card_Name = getAttribute(findTestObject("Object Repository/RAD_Pages/PaymentEntry_Page/input__billingName"), "value"): Attribute 'value' of object 'Object Repository/RAD_Pages/PaymentEntry_Page/input__billingName' is: 'BusRepFname BusRepLname'

2024-02-06 16:45:34 - [MESSAGE][PASSED] - Attribute 'value' of object 'Object Repository/RAD_Pages/PaymentEntry_Page/input__billingName' is: 'BusRepFname BusRepLname'

2024-02-06 16:45:34 - [TEST_STEP][PASSED] - verifyMatch("BusRepFname BusRepLname", card_Name, false): Actual text 'BusRepFname BusRepLname' and expected text 'BusRepFname BusRepLname' are matched 

2024-02-06 16:45:34 - [MESSAGE][PASSED] - Actual text 'BusRepFname BusRepLname' and expected text 'BusRepFname BusRepLname' are matched 

2024-02-06 16:45:34 - [TEST_STEP][PASSED] - AL1 = getAttribute(findTestObject("Object Repository/RAD_Pages/PaymentEntry_Page/input_billingAddress"), "value"): Attribute 'value' of object 'Object Repository/RAD_Pages/PaymentEntry_Page/input_billingAddress' is: '2508 Mandan Terrace'

2024-02-06 16:45:35 - [MESSAGE][PASSED] - Attribute 'value' of object 'Object Repository/RAD_Pages/PaymentEntry_Page/input_billingAddress' is: '2508 Mandan Terrace'

2024-02-06 16:45:35 - [TEST_STEP][PASSED] - verifyMatch("2508 Mandan Terrace", AL1, false): Actual text '2508 Mandan Terrace' and expected text '2508 Mandan Terrace' are matched 

2024-02-06 16:45:35 - [MESSAGE][PASSED] - Actual text '2508 Mandan Terrace' and expected text '2508 Mandan Terrace' are matched 

2024-02-06 16:45:35 - [TEST_STEP][PASSED] - AL2 = getAttribute(findTestObject("Object Repository/RAD_Pages/PaymentEntry_Page/input_billingAddress2"), "value"): Attribute 'value' of object 'Object Repository/RAD_Pages/PaymentEntry_Page/input_billingAddress2' is: ''

2024-02-06 16:45:35 - [MESSAGE][PASSED] - Attribute 'value' of object 'Object Repository/RAD_Pages/PaymentEntry_Page/input_billingAddress2' is: ''

2024-02-06 16:45:35 - [TEST_STEP][PASSED] - verifyMatch("", AL2, false): Actual text '' and expected text '' are matched 

2024-02-06 16:45:35 - [MESSAGE][PASSED] - Actual text '' and expected text '' are matched 

2024-02-06 16:45:35 - [TEST_STEP][PASSED] - zipCode = getAttribute(findTestObject("Object Repository/RAD_Pages/PaymentEntry_Page/input_billingZip"), "value"): Attribute 'value' of object 'Object Repository/RAD_Pages/PaymentEntry_Page/input_billingZip' is: '21054'

2024-02-06 16:45:35 - [MESSAGE][PASSED] - Attribute 'value' of object 'Object Repository/RAD_Pages/PaymentEntry_Page/input_billingZip' is: '21054'

2024-02-06 16:45:35 - [TEST_STEP][PASSED] - verifyMatch("21054", zipCode, false): Actual text '21054' and expected text '21054' are matched 

2024-02-06 16:45:35 - [MESSAGE][PASSED] - Actual text '21054' and expected text '21054' are matched 

2024-02-06 16:45:35 - [TEST_STEP][PASSED] - city = getAttribute(findTestObject("Object Repository/RAD_Pages/PaymentEntry_Page/input_billingCity"), "value"): Attribute 'value' of object 'Object Repository/RAD_Pages/PaymentEntry_Page/input_billingCity' is: 'GAMBRILLS'

2024-02-06 16:45:36 - [MESSAGE][PASSED] - Attribute 'value' of object 'Object Repository/RAD_Pages/PaymentEntry_Page/input_billingCity' is: 'GAMBRILLS'

2024-02-06 16:45:36 - [TEST_STEP][PASSED] - verifyMatch("GAMBRILLS", city, false): Actual text 'GAMBRILLS' and expected text 'GAMBRILLS' are matched 

2024-02-06 16:45:36 - [MESSAGE][PASSED] - Actual text 'GAMBRILLS' and expected text 'GAMBRILLS' are matched 

2024-02-06 16:45:36 - [TEST_STEP][PASSED] - email = getAttribute(findTestObject("Object Repository/RAD_Pages/PaymentEntry_Page/input_emailAddress"), "value"): Attribute 'value' of object 'Object Repository/RAD_Pages/PaymentEntry_Page/input_emailAddress' is: 'iahmed@govolution.com'

2024-02-06 16:45:36 - [MESSAGE][PASSED] - Attribute 'value' of object 'Object Repository/RAD_Pages/PaymentEntry_Page/input_emailAddress' is: 'iahmed@govolution.com'

2024-02-06 16:45:36 - [TEST_STEP][PASSED] - verifyMatch("iahmed@govolution.com", email, false): Actual text 'iahmed@govolution.com' and expected text 'iahmed@govolution.com' are matched 

2024-02-06 16:45:36 - [MESSAGE][PASSED] - Actual text 'iahmed@govolution.com' and expected text 'iahmed@govolution.com' are matched 

2024-02-06 16:45:36 - [TEST_STEP][PASSED] - amount = getAttribute(findTestObject("Object Repository/RAD_Pages/PaymentEntry_Page/input_amount"), "value"): Attribute 'value' of object 'Object Repository/RAD_Pages/PaymentEntry_Page/input_amount' is: '100.00'

2024-02-06 16:45:36 - [MESSAGE][PASSED] - Attribute 'value' of object 'Object Repository/RAD_Pages/PaymentEntry_Page/input_amount' is: '100.00'

2024-02-06 16:45:36 - [TEST_STEP][PASSED] - verifyMatch("100.00", amount, false): Actual text '100.00' and expected text '100.00' are matched 

2024-02-06 16:45:36 - [MESSAGE][PASSED] - Actual text '100.00' and expected text '100.00' are matched 

2024-02-06 16:45:36 - [TEST_STEP][PASSED] - amountReadOnly = getAttribute(findTestObject("Object Repository/RAD_Pages/PaymentEntry_Page/input_amount"), "readonly"): Attribute 'readonly' of object 'Object Repository/RAD_Pages/PaymentEntry_Page/input_amount' is: 'true'

2024-02-06 16:45:37 - [MESSAGE][PASSED] - Attribute 'readonly' of object 'Object Repository/RAD_Pages/PaymentEntry_Page/input_amount' is: 'true'

2024-02-06 16:45:37 - [TEST_STEP][PASSED] - verifyMatch("true", amountReadOnly, false): Actual text 'true' and expected text 'true' are matched 

2024-02-06 16:45:37 - [MESSAGE][PASSED] - Actual text 'true' and expected text 'true' are matched 

2024-02-06 16:45:37 - [TEST_STEP][PASSED] - verifyOptionSelectedByLabel(findTestObject("Object Repository/RAD_Pages/PaymentEntry_Page/select_Country"), "United States", false, 20): All options with label 'United States' are selected in object 'Object Repository/RAD_Pages/PaymentEntry_Page/select_Country' 

2024-02-06 16:45:38 - [MESSAGE][PASSED] - All options with label 'United States' are selected in object 'Object Repository/RAD_Pages/PaymentEntry_Page/select_Country' 

2024-02-06 16:45:38 - [TEST_STEP][PASSED] - verifyOptionSelectedByLabel(findTestObject("Object Repository/RAD_Pages/PaymentEntry_Page/select_State"), "Maryland", false, 20): All options with label 'Maryland' are selected in object 'Object Repository/RAD_Pages/PaymentEntry_Page/select_State' 

2024-02-06 16:45:40 - [MESSAGE][PASSED] - All options with label 'Maryland' are selected in object 'Object Repository/RAD_Pages/PaymentEntry_Page/select_State' 

2024-02-06 16:45:40 - [TEST_STEP][PASSED] - setText(findTestObject(orPath_PaymentEntry + "/input__cardNumber"), "4111111111111111"): Text '4111111111111111' is set on object 'Object Repository/RAD_Pages/PaymentEntry_Page/input__cardNumber'

2024-02-06 16:45:41 - [MESSAGE][PASSED] - Text '4111111111111111' is set on object 'Object Repository/RAD_Pages/PaymentEntry_Page/input__cardNumber'

2024-02-06 16:45:41 - [TEST_STEP][PASSED] - setText(findTestObject(orPath_PaymentEntry + "/input__spc"), "123"): Text '123' is set on object 'Object Repository/RAD_Pages/PaymentEntry_Page/input__spc'

2024-02-06 16:45:42 - [MESSAGE][PASSED] - Text '123' is set on object 'Object Repository/RAD_Pages/PaymentEntry_Page/input__spc'

2024-02-06 16:45:42 - [TEST_STEP][PASSED] - selectOptionByLabel(findTestObject(orPath_PaymentEntry + "/select_MM"), "12", false): All options with label '12' are selected in object 'Object Repository/RAD_Pages/PaymentEntry_Page/select_MM' 

2024-02-06 16:45:42 - [MESSAGE][PASSED] - All options with label '12' are selected in object 'Object Repository/RAD_Pages/PaymentEntry_Page/select_MM' 

2024-02-06 16:45:42 - [TEST_STEP][PASSED] - selectOptionByLabel(findTestObject(orPath_PaymentEntry + "/select_YYYY"), "2028", false): All options with label '2028' are selected in object 'Object Repository/RAD_Pages/PaymentEntry_Page/select_YYYY' 

2024-02-06 16:45:43 - [MESSAGE][PASSED] - All options with label '2028' are selected in object 'Object Repository/RAD_Pages/PaymentEntry_Page/select_YYYY' 

2024-02-06 16:45:43 - [TEST_STEP][PASSED] - click(findTestObject(orPath_PaymentEntry + "/input_Field_ccSubmit")): Object: 'Object Repository/RAD_Pages/PaymentEntry_Page/input_Field_ccSubmit' is clicked on

2024-02-06 16:45:44 - [MESSAGE][PASSED] - Object: 'Object Repository/RAD_Pages/PaymentEntry_Page/input_Field_ccSubmit' is clicked on

2024-02-06 16:45:44 - [TEST_STEP][PASSED] - click(findTestObject(orPath_PaymentConfirmation + "/input_N_confirmNotifyAction")): Object: 'Object Repository/RAD_Pages/PaymentConfirmation_Page/input_N_confirmNotifyAction' is clicked on

2024-02-06 16:45:45 - [MESSAGE][PASSED] - Object: 'Object Repository/RAD_Pages/PaymentConfirmation_Page/input_N_confirmNotifyAction' is clicked on

2024-02-06 16:45:45 - [TEST_STEP][PASSED] - verifyTextPresent("Service Fee Acceptance", true): Text 'Service Fee Acceptance' is present on page  using regular expression

2024-02-06 16:45:46 - [MESSAGE][PASSED] - Text 'Service Fee Acceptance' is present on page  using regular expression

2024-02-06 16:45:46 - [TEST_STEP][PASSED] - verifyTextPresent("This transaction is subject to a Service Fee of ", true): Text 'This transaction is subject to a Service Fee of ' is present on page  using regular expression

2024-02-06 16:45:46 - [MESSAGE][PASSED] - Text 'This transaction is subject to a Service Fee of ' is present on page  using regular expression

2024-02-06 16:45:46 - [TEST_STEP][PASSED] - verifyTextPresent("Payment Amount:", true): Text 'Payment Amount:' is present on page  using regular expression

2024-02-06 16:45:46 - [MESSAGE][PASSED] - Text 'Payment Amount:' is present on page  using regular expression

2024-02-06 16:45:46 - [TEST_STEP][PASSED] - verifyTextPresent("100.00", true): Text '100.00' is present on page  using regular expression

2024-02-06 16:45:46 - [MESSAGE][PASSED] - Text '100.00' is present on page  using regular expression

2024-02-06 16:45:46 - [TEST_STEP][PASSED] - verifyTextPresent("Service Fee:", true): Text 'Service Fee:' is present on page  using regular expression

2024-02-06 16:45:47 - [MESSAGE][PASSED] - Text 'Service Fee:' is present on page  using regular expression

2024-02-06 16:45:47 - [TEST_STEP][PASSED] - verifyTextPresent("2.45", true): Text '2.45' is present on page  using regular expression

2024-02-06 16:45:47 - [MESSAGE][PASSED] - Text '2.45' is present on page  using regular expression

2024-02-06 16:45:47 - [TEST_STEP][PASSED] - verifyTextPresent("Total Amount:", true): Text 'Total Amount:' is present on page  using regular expression

2024-02-06 16:45:47 - [MESSAGE][PASSED] - Text 'Total Amount:' is present on page  using regular expression

2024-02-06 16:45:47 - [TEST_STEP][PASSED] - verifyTextPresent("102.45", true): Text '102.45' is present on page  using regular expression

2024-02-06 16:45:47 - [MESSAGE][PASSED] - Text '102.45' is present on page  using regular expression

2024-02-06 16:45:47 - [TEST_STEP][PASSED] - verifyTextPresent("Two transactions will appear on your bank statement, one in the amount of", true): Text 'Two transactions will appear on your bank statement, one in the amount of' is present on page  using regular expression

2024-02-06 16:45:48 - [MESSAGE][PASSED] - Text 'Two transactions will appear on your bank statement, one in the amount of' is present on page  using regular expression

2024-02-06 16:45:48 - [TEST_STEP][PASSED] - if (verifyElementPresent(findTestObject(orPath_ServiceFeesAccept + "/input_convFeeNotifyAction"), 30)): null

2024-02-06 16:45:48 - [MESSAGE][PASSED] - Object 'Object Repository/RAD_Pages/ServiceFeeAccept_Page/input_convFeeNotifyAction' is present

2024-02-06 16:45:48 - [TEST_STEP][PASSED] - resText = "Pass": null

2024-02-06 16:45:48 - [TEST_STEP][PASSED] - pages.WriteExcel.demoKey(resText, datText, resColumn, datCloumn, fileLoc, nameSheet, row): pages.WriteExcel.demoKey is PASSED

2024-02-06 16:45:48 - [MESSAGE][PASSED] - pages.WriteExcel.demoKey is PASSED

2024-02-06 16:45:48 - [TEST_STEP][PASSED] - if (execProfile == "QAProfile" || execProfile == "QA2Profile"): Text 'Successful Payment Receipt' is present on page  using regular expression

2024-02-06 16:45:48 - [TEST_STEP][PASSED] - click(findTestObject(orPath_ServiceFeesAccept + "/input_convFeeNotifyAction")): Object: 'Object Repository/RAD_Pages/ServiceFeeAccept_Page/input_convFeeNotifyAction' is clicked on

2024-02-06 16:45:49 - [MESSAGE][PASSED] - Object: 'Object Repository/RAD_Pages/ServiceFeeAccept_Page/input_convFeeNotifyAction' is clicked on

2024-02-06 16:45:49 - [TEST_STEP][PASSED] - delay(10): Delayed 10 second(s)

2024-02-06 16:45:59 - [MESSAGE][PASSED] - Delayed 10 second(s)

2024-02-06 16:45:59 - [TEST_STEP][PASSED] - verifyTextPresent("Successful Payment Receipt", true): Text 'Successful Payment Receipt' is present on page  using regular expression

2024-02-06 16:46:00 - [MESSAGE][PASSED] - Text 'Successful Payment Receipt' is present on page  using regular expression

2024-02-06 16:46:00 - [TEST_STEP][PASSED] - ExecuteTC = findTestData(dataFile).getValue("Execute", row): null

2024-02-06 16:46:00 - [TEST_STEP][PASSED] - TaxType = findTestData(dataFile).getValue("TaxType", row): null

2024-02-06 16:46:00 - [TEST_STEP][PASSED] - PaymentType = findTestData(dataFile).getValue("PaymentType", row): null

2024-02-06 16:46:00 - [TEST_STEP][PASSED] - FilingYear = findTestData(dataFile).getValue("Year", row): null

2024-02-06 16:46:00 - [TEST_STEP][PASSED] - feinSSN = findTestData(dataFile).getValue("FeinSsn", row): null

2024-02-06 16:46:00 - [TEST_STEP][PASSED] - if (ExecuteTC.equalsIgnoreCase("Y")): null

2024-02-06 16:46:00 - [TEST_STEP][PASSED] - out.println("Begin Record Number: " + row): null

2024-02-06 16:46:00 - [TEST_STEP][PASSED] - today = new java.util.Date(): null

2024-02-06 16:46:00 - [TEST_STEP][PASSED] - println(today): null

2024-02-06 16:46:00 - [TEST_STEP][PASSED] - datText = today: null

2024-02-06 16:46:00 - [TEST_STEP][PASSED] - logInfo("Payment Type: New Tax Return Amount Due"): Payment Type: New Tax Return Amount Due

2024-02-06 16:46:00 - [MESSAGE][INFO] - Payment Type: New Tax Return Amount Due

2024-02-06 16:46:00 - [TEST_STEP][PASSED] - logInfo("Tax Type: " + TaxType): Tax Type: Fiduciary Tax

2024-02-06 16:46:00 - [MESSAGE][INFO] - Tax Type: Fiduciary Tax

2024-02-06 16:46:00 - [TEST_STEP][PASSED] - openBrowser(""): Browser is opened with url: ''

2024-02-06 16:46:00 - [MESSAGE][WARNING] - A browser is already opened. Closing browser and opening a new one

2024-02-06 16:46:01 - [MESSAGE][INFO] - Starting 'Chrome' driver

2024-02-06 16:46:01 - [MESSAGE][INFO] - User set preference: ['acceptInsecureCerts', 'true']

2024-02-06 16:46:01 - [MESSAGE][INFO] - Action delay is set to 0 milliseconds

2024-02-06 16:46:03 - [MESSAGE][PASSED] - Browser is opened with url: ''

2024-02-06 16:46:03 - [TEST_STEP][PASSED] - maximizeWindow(): Current window maximized

2024-02-06 16:46:03 - [MESSAGE][PASSED] - Current window maximized

2024-02-06 16:46:03 - [TEST_STEP][PASSED] - navigateToUrl(RADurl): Navigate to 'https://qa2.velocitypayment.com/client/rad/index.html' successfully

2024-02-06 16:46:03 - [MESSAGE][PASSED] - Navigate to 'https://qa2.velocitypayment.com/client/rad/index.html' successfully

2024-02-06 16:46:03 - [TEST_STEP][PASSED] - selectOptionByLabel(findTestObject(orPath_Landing + "/dd_TaxType"), "New Tax Return Amount Due", false): All options with label 'New Tax Return Amount Due' are selected in object 'Object Repository/RAD_Pages/Landing_Page/dd_TaxType' 

2024-02-06 16:46:06 - [MESSAGE][PASSED] - All options with label 'New Tax Return Amount Due' are selected in object 'Object Repository/RAD_Pages/Landing_Page/dd_TaxType' 

2024-02-06 16:46:06 - [TEST_STEP][PASSED] - selectOptionByLabel(findTestObject("Object Repository/RAD_Pages/Landing_Page/select_NewTaxReturnAmountDue_TaxType"), TaxType, false): All options with label 'Fiduciary Tax' are selected in object 'Object Repository/RAD_Pages/Landing_Page/select_NewTaxReturnAmountDue_TaxType' 

2024-02-06 16:46:07 - [MESSAGE][PASSED] - All options with label 'Fiduciary Tax' are selected in object 'Object Repository/RAD_Pages/Landing_Page/select_NewTaxReturnAmountDue_TaxType' 

2024-02-06 16:46:07 - [TEST_STEP][PASSED] - selectOptionByLabel(findTestObject(orPath_TaxTypeFilingYear + "/select_FilingYear"), FilingYear, false): All options with label '2022' are selected in object 'Object Repository/RAD_Pages/TaxTypeFilingYear_Page/select_FilingYear' 

2024-02-06 16:46:07 - [MESSAGE][PASSED] - All options with label '2022' are selected in object 'Object Repository/RAD_Pages/TaxTypeFilingYear_Page/select_FilingYear' 

2024-02-06 16:46:07 - [TEST_STEP][PASSED] - rad.getSetDataRAD.setDataRADBusinessName(): rad.getSetDataRAD.setDataRADBusinessName is PASSED

2024-02-06 16:46:08 - [MESSAGE][PASSED] - Text 'My Company' is set on object 'Object Repository/RAD_Pages/Taxpayer_Page/input_businessName'

2024-02-06 16:46:08 - [MESSAGE][PASSED] - rad.getSetDataRAD.setDataRADBusinessName is PASSED

2024-02-06 16:46:08 - [TEST_STEP][PASSED] - rad.getSetDataRAD.setDataRADBusinessRep(): rad.getSetDataRAD.setDataRADBusinessRep is PASSED

2024-02-06 16:46:09 - [MESSAGE][PASSED] - Text 'BusRepFname' is set on object 'Object Repository/RAD_Pages/Taxpayer_Page/input_BusinessRepfirstName'

2024-02-06 16:46:10 - [MESSAGE][PASSED] - Text '' is set on object 'Object Repository/RAD_Pages/Taxpayer_Page/input_BusinessRepmiddleName'

2024-02-06 16:46:10 - [MESSAGE][PASSED] - Text 'BusRepLname' is set on object 'Object Repository/RAD_Pages/Taxpayer_Page/input_BusinessReplastName'

2024-02-06 16:46:11 - [MESSAGE][PASSED] - Text '' is set on object 'Object Repository/RAD_Pages/Taxpayer_Page/input_BusinessRepsuffix'

2024-02-06 16:46:11 - [MESSAGE][PASSED] - rad.getSetDataRAD.setDataRADBusinessRep is PASSED

2024-02-06 16:46:11 - [TEST_STEP][PASSED] - rad.getSetDataRAD.setDataRADAddress(): rad.getSetDataRAD.setDataRADAddress is PASSED

2024-02-06 16:46:12 - [MESSAGE][PASSED] - All options with label 'United States' are selected in object 'Object Repository/RAD_Pages/AddressAndContactInfo_Page/select_Country' 

2024-02-06 16:46:13 - [MESSAGE][PASSED] - Text '2508 Mandan Terrace' is set on object 'Object Repository/RAD_Pages/AddressAndContactInfo_Page/input_streetAddress1'

2024-02-06 16:46:13 - [MESSAGE][PASSED] - Text '' is set on object 'Object Repository/RAD_Pages/AddressAndContactInfo_Page/input_streetAddress2'

2024-02-06 16:46:14 - [MESSAGE][PASSED] - Text 'Gambrills' is set on object 'Object Repository/RAD_Pages/AddressAndContactInfo_Page/input_city'

2024-02-06 16:46:15 - [MESSAGE][PASSED] - All options with label 'Maryland' are selected in object 'Object Repository/RAD_Pages/AddressAndContactInfo_Page/select_State' 

2024-02-06 16:46:16 - [MESSAGE][PASSED] - Text '21054' is set on object 'Object Repository/RAD_Pages/AddressAndContactInfo_Page/input_zipCode'

2024-02-06 16:46:17 - [MESSAGE][PASSED] - Text '(703) 894-5000' is set on object 'Object Repository/RAD_Pages/AddressAndContactInfo_Page/input_phoneNumber'

2024-02-06 16:46:18 - [MESSAGE][PASSED] - Text 'iahmed@govolution.com' is set on object 'Object Repository/RAD_Pages/AddressAndContactInfo_Page/input_eMailAddress'

2024-02-06 16:46:18 - [MESSAGE][PASSED] - Text 'iahmed@govolution.com' is set on object 'Object Repository/RAD_Pages/AddressAndContactInfo_Page/input_reEnterEMailAddress'

2024-02-06 16:46:18 - [MESSAGE][PASSED] - rad.getSetDataRAD.setDataRADAddress is PASSED

2024-02-06 16:46:18 - [TEST_STEP][PASSED] - if (feinSSN.equalsIgnoreCase("Y")): null

2024-02-06 16:46:18 - [TEST_STEP][PASSED] - else: rad.getSetDataRAD.setDataRADFEIN is PASSED

2024-02-06 16:46:18 - [TEST_STEP][PASSED] - if (!(TaxType.equalsIgnoreCase("Estate Tax"))): rad.getSetDataRAD.setDataRADFEIN is PASSED

2024-02-06 16:46:18 - [TEST_STEP][PASSED] - rad.getSetDataRAD.setDataRADFEIN(): rad.getSetDataRAD.setDataRADFEIN is PASSED

2024-02-06 16:46:19 - [MESSAGE][PASSED] - Text ****** has been set on object 'Object Repository/RAD_Pages/TaxInfo_Page/input_FederalEIN'

2024-02-06 16:46:20 - [MESSAGE][PASSED] - Text ****** has been set on object 'Object Repository/RAD_Pages/TaxInfo_Page/input_FederalEIN_ReEnter'

2024-02-06 16:46:20 - [MESSAGE][PASSED] - rad.getSetDataRAD.setDataRADFEIN is PASSED

2024-02-06 16:46:20 - [TEST_STEP][PASSED] - if (TaxType.equalsIgnoreCase("Estate Tax")): null

2024-02-06 16:46:20 - [TEST_STEP][PASSED] - setText(findTestObject(orPath_Amount + "/input__paymentAmount"), "100.00"): Text '100.00' is set on object 'Object Repository/RAD_Pages/PaymentAmount_Page/input__paymentAmount'

2024-02-06 16:46:20 - [MESSAGE][PASSED] - Text '100.00' is set on object 'Object Repository/RAD_Pages/PaymentAmount_Page/input__paymentAmount'

2024-02-06 16:46:20 - [TEST_STEP][PASSED] - setText(findTestObject(orPath_AddressContact + "/input_streetAddress2"), ""): Text '' is set on object 'Object Repository/RAD_Pages/AddressAndContactInfo_Page/input_streetAddress2'

2024-02-06 16:46:21 - [MESSAGE][PASSED] - Text '' is set on object 'Object Repository/RAD_Pages/AddressAndContactInfo_Page/input_streetAddress2'

2024-02-06 16:46:21 - [TEST_STEP][PASSED] - scrollToElement(findTestObject(orPath_Landing + "/button_Continue"), 3): Scroll to object 'Object Repository/RAD_Pages/Landing_Page/button_Continue' successfully

2024-02-06 16:46:22 - [MESSAGE][PASSED] - Scroll to object 'Object Repository/RAD_Pages/Landing_Page/button_Continue' successfully

2024-02-06 16:46:22 - [TEST_STEP][PASSED] - waitForElementClickable(findTestObject(orPath_Landing + "/button_Continue"), 5): Object 'Object Repository/RAD_Pages/Landing_Page/button_Continue' is clickable

2024-02-06 16:46:22 - [MESSAGE][PASSED] - Object 'Object Repository/RAD_Pages/Landing_Page/button_Continue' is clickable

2024-02-06 16:46:22 - [TEST_STEP][PASSED] - click(findTestObject(orPath_Landing + "/button_Continue")): Object: 'Object Repository/RAD_Pages/Landing_Page/button_Continue' is clicked on

2024-02-06 16:46:23 - [MESSAGE][PASSED] - Object: 'Object Repository/RAD_Pages/Landing_Page/button_Continue' is clicked on

2024-02-06 16:46:23 - [TEST_STEP][PASSED] - delay(2): Delayed 2 second(s)

2024-02-06 16:46:25 - [MESSAGE][PASSED] - Delayed 2 second(s)

2024-02-06 16:46:25 - [TEST_STEP][PASSED] - click(findTestObject(orPath_Summary + "/button_Proceed to Payment")): Object: 'Object Repository/RAD_Pages/Summary_Page/button_Proceed to Payment' is clicked on

2024-02-06 16:46:26 - [MESSAGE][PASSED] - Object: 'Object Repository/RAD_Pages/Summary_Page/button_Proceed to Payment' is clicked on

2024-02-06 16:46:26 - [TEST_STEP][PASSED] - if (verifyElementPresent(findTestObject("Object Repository/RAD_Pages/PaymentEntry_Page/input__billingName"), 30)): null

2024-02-06 16:46:26 - [MESSAGE][PASSED] - Object 'Object Repository/RAD_Pages/PaymentEntry_Page/input__billingName' is present

2024-02-06 16:46:26 - [TEST_STEP][PASSED] - verifyTextPresent("Comptroller of Maryland", true): Text 'Comptroller of Maryland' is present on page  using regular expression

2024-02-06 16:46:27 - [MESSAGE][PASSED] - Text 'Comptroller of Maryland' is present on page  using regular expression

2024-02-06 16:46:27 - [TEST_STEP][PASSED] - verifyTextPresent("Revenue Administration Division", true): Text 'Revenue Administration Division' is present on page  using regular expression

2024-02-06 16:46:27 - [MESSAGE][PASSED] - Text 'Revenue Administration Division' is present on page  using regular expression

2024-02-06 16:46:27 - [TEST_STEP][PASSED] - verifyTextPresent("Payment Information", true): Text 'Payment Information' is present on page  using regular expression

2024-02-06 16:46:28 - [MESSAGE][PASSED] - Text 'Payment Information' is present on page  using regular expression

2024-02-06 16:46:28 - [TEST_STEP][PASSED] - card_Name = getAttribute(findTestObject("Object Repository/RAD_Pages/PaymentEntry_Page/input__billingName"), "value"): Attribute 'value' of object 'Object Repository/RAD_Pages/PaymentEntry_Page/input__billingName' is: 'BusRepFname BusRepLname'

2024-02-06 16:46:28 - [MESSAGE][PASSED] - Attribute 'value' of object 'Object Repository/RAD_Pages/PaymentEntry_Page/input__billingName' is: 'BusRepFname BusRepLname'

2024-02-06 16:46:28 - [TEST_STEP][PASSED] - verifyMatch("BusRepFname BusRepLname", card_Name, false): Actual text 'BusRepFname BusRepLname' and expected text 'BusRepFname BusRepLname' are matched 

2024-02-06 16:46:28 - [MESSAGE][PASSED] - Actual text 'BusRepFname BusRepLname' and expected text 'BusRepFname BusRepLname' are matched 

2024-02-06 16:46:28 - [TEST_STEP][PASSED] - AL1 = getAttribute(findTestObject("Object Repository/RAD_Pages/PaymentEntry_Page/input_billingAddress"), "value"): Attribute 'value' of object 'Object Repository/RAD_Pages/PaymentEntry_Page/input_billingAddress' is: '2508 Mandan Terrace'

2024-02-06 16:46:28 - [MESSAGE][PASSED] - Attribute 'value' of object 'Object Repository/RAD_Pages/PaymentEntry_Page/input_billingAddress' is: '2508 Mandan Terrace'

2024-02-06 16:46:28 - [TEST_STEP][PASSED] - verifyMatch("2508 Mandan Terrace", AL1, false): Actual text '2508 Mandan Terrace' and expected text '2508 Mandan Terrace' are matched 

2024-02-06 16:46:28 - [MESSAGE][PASSED] - Actual text '2508 Mandan Terrace' and expected text '2508 Mandan Terrace' are matched 

2024-02-06 16:46:28 - [TEST_STEP][PASSED] - AL2 = getAttribute(findTestObject("Object Repository/RAD_Pages/PaymentEntry_Page/input_billingAddress2"), "value"): Attribute 'value' of object 'Object Repository/RAD_Pages/PaymentEntry_Page/input_billingAddress2' is: ''

2024-02-06 16:46:29 - [MESSAGE][PASSED] - Attribute 'value' of object 'Object Repository/RAD_Pages/PaymentEntry_Page/input_billingAddress2' is: ''

2024-02-06 16:46:29 - [TEST_STEP][PASSED] - verifyMatch("", AL2, false): Actual text '' and expected text '' are matched 

2024-02-06 16:46:29 - [MESSAGE][PASSED] - Actual text '' and expected text '' are matched 

2024-02-06 16:46:29 - [TEST_STEP][PASSED] - zipCode = getAttribute(findTestObject("Object Repository/RAD_Pages/PaymentEntry_Page/input_billingZip"), "value"): Attribute 'value' of object 'Object Repository/RAD_Pages/PaymentEntry_Page/input_billingZip' is: '21054'

2024-02-06 16:46:29 - [MESSAGE][PASSED] - Attribute 'value' of object 'Object Repository/RAD_Pages/PaymentEntry_Page/input_billingZip' is: '21054'

2024-02-06 16:46:29 - [TEST_STEP][PASSED] - verifyMatch("21054", zipCode, false): Actual text '21054' and expected text '21054' are matched 

2024-02-06 16:46:29 - [MESSAGE][PASSED] - Actual text '21054' and expected text '21054' are matched 

2024-02-06 16:46:29 - [TEST_STEP][PASSED] - city = getAttribute(findTestObject("Object Repository/RAD_Pages/PaymentEntry_Page/input_billingCity"), "value"): Attribute 'value' of object 'Object Repository/RAD_Pages/PaymentEntry_Page/input_billingCity' is: 'GAMBRILLS'

2024-02-06 16:46:29 - [MESSAGE][PASSED] - Attribute 'value' of object 'Object Repository/RAD_Pages/PaymentEntry_Page/input_billingCity' is: 'GAMBRILLS'

2024-02-06 16:46:29 - [TEST_STEP][PASSED] - verifyMatch("GAMBRILLS", city, false): Actual text 'GAMBRILLS' and expected text 'GAMBRILLS' are matched 

2024-02-06 16:46:29 - [MESSAGE][PASSED] - Actual text 'GAMBRILLS' and expected text 'GAMBRILLS' are matched 

2024-02-06 16:46:29 - [TEST_STEP][PASSED] - email = getAttribute(findTestObject("Object Repository/RAD_Pages/PaymentEntry_Page/input_emailAddress"), "value"): Attribute 'value' of object 'Object Repository/RAD_Pages/PaymentEntry_Page/input_emailAddress' is: 'iahmed@govolution.com'

2024-02-06 16:46:29 - [MESSAGE][PASSED] - Attribute 'value' of object 'Object Repository/RAD_Pages/PaymentEntry_Page/input_emailAddress' is: 'iahmed@govolution.com'

2024-02-06 16:46:29 - [TEST_STEP][PASSED] - verifyMatch("iahmed@govolution.com", email, false): Actual text 'iahmed@govolution.com' and expected text 'iahmed@govolution.com' are matched 

2024-02-06 16:46:29 - [MESSAGE][PASSED] - Actual text 'iahmed@govolution.com' and expected text 'iahmed@govolution.com' are matched 

2024-02-06 16:46:29 - [TEST_STEP][PASSED] - amount = getAttribute(findTestObject("Object Repository/RAD_Pages/PaymentEntry_Page/input_amount"), "value"): Attribute 'value' of object 'Object Repository/RAD_Pages/PaymentEntry_Page/input_amount' is: '100.00'

2024-02-06 16:46:30 - [MESSAGE][PASSED] - Attribute 'value' of object 'Object Repository/RAD_Pages/PaymentEntry_Page/input_amount' is: '100.00'

2024-02-06 16:46:30 - [TEST_STEP][PASSED] - verifyMatch("100.00", amount, false): Actual text '100.00' and expected text '100.00' are matched 

2024-02-06 16:46:30 - [MESSAGE][PASSED] - Actual text '100.00' and expected text '100.00' are matched 

2024-02-06 16:46:30 - [TEST_STEP][PASSED] - amountReadOnly = getAttribute(findTestObject("Object Repository/RAD_Pages/PaymentEntry_Page/input_amount"), "readonly"): Attribute 'readonly' of object 'Object Repository/RAD_Pages/PaymentEntry_Page/input_amount' is: 'true'

2024-02-06 16:46:30 - [MESSAGE][PASSED] - Attribute 'readonly' of object 'Object Repository/RAD_Pages/PaymentEntry_Page/input_amount' is: 'true'

2024-02-06 16:46:30 - [TEST_STEP][PASSED] - verifyMatch("true", amountReadOnly, false): Actual text 'true' and expected text 'true' are matched 

2024-02-06 16:46:30 - [MESSAGE][PASSED] - Actual text 'true' and expected text 'true' are matched 

2024-02-06 16:46:30 - [TEST_STEP][PASSED] - verifyOptionSelectedByLabel(findTestObject("Object Repository/RAD_Pages/PaymentEntry_Page/select_Country"), "United States", false, 20): All options with label 'United States' are selected in object 'Object Repository/RAD_Pages/PaymentEntry_Page/select_Country' 

2024-02-06 16:46:31 - [MESSAGE][PASSED] - All options with label 'United States' are selected in object 'Object Repository/RAD_Pages/PaymentEntry_Page/select_Country' 

2024-02-06 16:46:31 - [TEST_STEP][PASSED] - verifyOptionSelectedByLabel(findTestObject("Object Repository/RAD_Pages/PaymentEntry_Page/select_State"), "Maryland", false, 20): All options with label 'Maryland' are selected in object 'Object Repository/RAD_Pages/PaymentEntry_Page/select_State' 

2024-02-06 16:46:34 - [MESSAGE][PASSED] - All options with label 'Maryland' are selected in object 'Object Repository/RAD_Pages/PaymentEntry_Page/select_State' 

2024-02-06 16:46:34 - [TEST_STEP][PASSED] - setText(findTestObject(orPath_PaymentEntry + "/input__cardNumber"), "4111111111111111"): Text '4111111111111111' is set on object 'Object Repository/RAD_Pages/PaymentEntry_Page/input__cardNumber'

2024-02-06 16:46:35 - [MESSAGE][PASSED] - Text '4111111111111111' is set on object 'Object Repository/RAD_Pages/PaymentEntry_Page/input__cardNumber'

2024-02-06 16:46:35 - [TEST_STEP][PASSED] - setText(findTestObject(orPath_PaymentEntry + "/input__spc"), "123"): Text '123' is set on object 'Object Repository/RAD_Pages/PaymentEntry_Page/input__spc'

2024-02-06 16:46:35 - [MESSAGE][PASSED] - Text '123' is set on object 'Object Repository/RAD_Pages/PaymentEntry_Page/input__spc'

2024-02-06 16:46:35 - [TEST_STEP][PASSED] - selectOptionByLabel(findTestObject(orPath_PaymentEntry + "/select_MM"), "12", false): All options with label '12' are selected in object 'Object Repository/RAD_Pages/PaymentEntry_Page/select_MM' 

2024-02-06 16:46:36 - [MESSAGE][PASSED] - All options with label '12' are selected in object 'Object Repository/RAD_Pages/PaymentEntry_Page/select_MM' 

2024-02-06 16:46:36 - [TEST_STEP][PASSED] - selectOptionByLabel(findTestObject(orPath_PaymentEntry + "/select_YYYY"), "2028", false): All options with label '2028' are selected in object 'Object Repository/RAD_Pages/PaymentEntry_Page/select_YYYY' 

2024-02-06 16:46:37 - [MESSAGE][PASSED] - All options with label '2028' are selected in object 'Object Repository/RAD_Pages/PaymentEntry_Page/select_YYYY' 

2024-02-06 16:46:37 - [TEST_STEP][PASSED] - click(findTestObject(orPath_PaymentEntry + "/input_Field_ccSubmit")): Object: 'Object Repository/RAD_Pages/PaymentEntry_Page/input_Field_ccSubmit' is clicked on

2024-02-06 16:46:38 - [MESSAGE][PASSED] - Object: 'Object Repository/RAD_Pages/PaymentEntry_Page/input_Field_ccSubmit' is clicked on

2024-02-06 16:46:38 - [TEST_STEP][PASSED] - click(findTestObject(orPath_PaymentConfirmation + "/input_N_confirmNotifyAction")): Object: 'Object Repository/RAD_Pages/PaymentConfirmation_Page/input_N_confirmNotifyAction' is clicked on

2024-02-06 16:46:39 - [MESSAGE][PASSED] - Object: 'Object Repository/RAD_Pages/PaymentConfirmation_Page/input_N_confirmNotifyAction' is clicked on

2024-02-06 16:46:39 - [TEST_STEP][PASSED] - verifyTextPresent("Service Fee Acceptance", true): Text 'Service Fee Acceptance' is present on page  using regular expression

2024-02-06 16:46:39 - [MESSAGE][PASSED] - Text 'Service Fee Acceptance' is present on page  using regular expression

2024-02-06 16:46:39 - [TEST_STEP][PASSED] - verifyTextPresent("This transaction is subject to a Service Fee of ", true): Text 'This transaction is subject to a Service Fee of ' is present on page  using regular expression

2024-02-06 16:46:40 - [MESSAGE][PASSED] - Text 'This transaction is subject to a Service Fee of ' is present on page  using regular expression

2024-02-06 16:46:40 - [TEST_STEP][PASSED] - verifyTextPresent("Payment Amount:", true): Text 'Payment Amount:' is present on page  using regular expression

2024-02-06 16:46:40 - [MESSAGE][PASSED] - Text 'Payment Amount:' is present on page  using regular expression

2024-02-06 16:46:40 - [TEST_STEP][PASSED] - verifyTextPresent("100.00", true): Text '100.00' is present on page  using regular expression

2024-02-06 16:46:40 - [MESSAGE][PASSED] - Text '100.00' is present on page  using regular expression

2024-02-06 16:46:40 - [TEST_STEP][PASSED] - verifyTextPresent("Service Fee:", true): Text 'Service Fee:' is present on page  using regular expression

2024-02-06 16:46:41 - [MESSAGE][PASSED] - Text 'Service Fee:' is present on page  using regular expression

2024-02-06 16:46:41 - [TEST_STEP][PASSED] - verifyTextPresent("2.45", true): Text '2.45' is present on page  using regular expression

2024-02-06 16:46:41 - [MESSAGE][PASSED] - Text '2.45' is present on page  using regular expression

2024-02-06 16:46:41 - [TEST_STEP][PASSED] - verifyTextPresent("Total Amount:", true): Text 'Total Amount:' is present on page  using regular expression

2024-02-06 16:46:41 - [MESSAGE][PASSED] - Text 'Total Amount:' is present on page  using regular expression

2024-02-06 16:46:41 - [TEST_STEP][PASSED] - verifyTextPresent("102.45", true): Text '102.45' is present on page  using regular expression

2024-02-06 16:46:42 - [MESSAGE][PASSED] - Text '102.45' is present on page  using regular expression

2024-02-06 16:46:42 - [TEST_STEP][PASSED] - verifyTextPresent("Two transactions will appear on your bank statement, one in the amount of", true): Text 'Two transactions will appear on your bank statement, one in the amount of' is present on page  using regular expression

2024-02-06 16:46:42 - [MESSAGE][PASSED] - Text 'Two transactions will appear on your bank statement, one in the amount of' is present on page  using regular expression

2024-02-06 16:46:42 - [TEST_STEP][PASSED] - if (verifyElementPresent(findTestObject(orPath_ServiceFeesAccept + "/input_convFeeNotifyAction"), 30)): null

2024-02-06 16:46:42 - [MESSAGE][PASSED] - Object 'Object Repository/RAD_Pages/ServiceFeeAccept_Page/input_convFeeNotifyAction' is present

2024-02-06 16:46:42 - [TEST_STEP][PASSED] - resText = "Pass": null

2024-02-06 16:46:42 - [TEST_STEP][PASSED] - pages.WriteExcel.demoKey(resText, datText, resColumn, datCloumn, fileLoc, nameSheet, row): pages.WriteExcel.demoKey is PASSED

2024-02-06 16:46:42 - [MESSAGE][PASSED] - pages.WriteExcel.demoKey is PASSED

2024-02-06 16:46:42 - [TEST_STEP][PASSED] - if (execProfile == "QAProfile" || execProfile == "QA2Profile"): Text 'Successful Payment Receipt' is present on page  using regular expression

2024-02-06 16:46:42 - [TEST_STEP][PASSED] - click(findTestObject(orPath_ServiceFeesAccept + "/input_convFeeNotifyAction")): Object: 'Object Repository/RAD_Pages/ServiceFeeAccept_Page/input_convFeeNotifyAction' is clicked on

2024-02-06 16:46:43 - [MESSAGE][PASSED] - Object: 'Object Repository/RAD_Pages/ServiceFeeAccept_Page/input_convFeeNotifyAction' is clicked on

2024-02-06 16:46:43 - [TEST_STEP][PASSED] - delay(10): Delayed 10 second(s)

2024-02-06 16:46:53 - [MESSAGE][PASSED] - Delayed 10 second(s)

2024-02-06 16:46:53 - [TEST_STEP][PASSED] - verifyTextPresent("Successful Payment Receipt", true): Text 'Successful Payment Receipt' is present on page  using regular expression

2024-02-06 16:46:53 - [MESSAGE][PASSED] - Text 'Successful Payment Receipt' is present on page  using regular expression

2024-02-06 16:46:53 - [TEST_STEP][PASSED] - ExecuteTC = findTestData(dataFile).getValue("Execute", row): null

2024-02-06 16:46:54 - [TEST_STEP][PASSED] - TaxType = findTestData(dataFile).getValue("TaxType", row): null

2024-02-06 16:46:54 - [TEST_STEP][PASSED] - PaymentType = findTestData(dataFile).getValue("PaymentType", row): null

2024-02-06 16:46:54 - [TEST_STEP][PASSED] - FilingYear = findTestData(dataFile).getValue("Year", row): null

2024-02-06 16:46:54 - [TEST_STEP][PASSED] - feinSSN = findTestData(dataFile).getValue("FeinSsn", row): null

2024-02-06 16:46:54 - [TEST_STEP][PASSED] - if (ExecuteTC.equalsIgnoreCase("Y")): null

2024-02-06 16:46:54 - [TEST_STEP][PASSED] - out.println("Begin Record Number: " + row): null

2024-02-06 16:46:54 - [TEST_STEP][PASSED] - today = new java.util.Date(): null

2024-02-06 16:46:54 - [TEST_STEP][PASSED] - println(today): null

2024-02-06 16:46:54 - [TEST_STEP][PASSED] - datText = today: null

2024-02-06 16:46:54 - [TEST_STEP][PASSED] - logInfo("Payment Type: New Tax Return Amount Due"): Payment Type: New Tax Return Amount Due

2024-02-06 16:46:54 - [MESSAGE][INFO] - Payment Type: New Tax Return Amount Due

2024-02-06 16:46:54 - [TEST_STEP][PASSED] - logInfo("Tax Type: " + TaxType): Tax Type: PTE Non-Electing Non-S Corp

2024-02-06 16:46:54 - [MESSAGE][INFO] - Tax Type: PTE Non-Electing Non-S Corp

2024-02-06 16:46:54 - [TEST_STEP][PASSED] - openBrowser(""): Browser is opened with url: ''

2024-02-06 16:46:54 - [MESSAGE][WARNING] - A browser is already opened. Closing browser and opening a new one

2024-02-06 16:46:55 - [MESSAGE][INFO] - Starting 'Chrome' driver

2024-02-06 16:46:55 - [MESSAGE][INFO] - User set preference: ['acceptInsecureCerts', 'true']

2024-02-06 16:46:55 - [MESSAGE][INFO] - Action delay is set to 0 milliseconds

2024-02-06 16:46:56 - [MESSAGE][PASSED] - Browser is opened with url: ''

2024-02-06 16:46:56 - [TEST_STEP][PASSED] - maximizeWindow(): Current window maximized

2024-02-06 16:46:57 - [MESSAGE][PASSED] - Current window maximized

2024-02-06 16:46:57 - [TEST_STEP][PASSED] - navigateToUrl(RADurl): Navigate to 'https://qa2.velocitypayment.com/client/rad/index.html' successfully

2024-02-06 16:46:58 - [MESSAGE][PASSED] - Navigate to 'https://qa2.velocitypayment.com/client/rad/index.html' successfully

2024-02-06 16:46:58 - [TEST_STEP][PASSED] - selectOptionByLabel(findTestObject(orPath_Landing + "/dd_TaxType"), "New Tax Return Amount Due", false): All options with label 'New Tax Return Amount Due' are selected in object 'Object Repository/RAD_Pages/Landing_Page/dd_TaxType' 

2024-02-06 16:46:59 - [MESSAGE][PASSED] - All options with label 'New Tax Return Amount Due' are selected in object 'Object Repository/RAD_Pages/Landing_Page/dd_TaxType' 

2024-02-06 16:46:59 - [TEST_STEP][PASSED] - selectOptionByLabel(findTestObject("Object Repository/RAD_Pages/Landing_Page/select_NewTaxReturnAmountDue_TaxType"), TaxType, false): All options with label 'PTE Non-Electing Non-S Corp' are selected in object 'Object Repository/RAD_Pages/Landing_Page/select_NewTaxReturnAmountDue_TaxType' 

2024-02-06 16:47:00 - [MESSAGE][PASSED] - All options with label 'PTE Non-Electing Non-S Corp' are selected in object 'Object Repository/RAD_Pages/Landing_Page/select_NewTaxReturnAmountDue_TaxType' 

2024-02-06 16:47:00 - [TEST_STEP][PASSED] - selectOptionByLabel(findTestObject(orPath_TaxTypeFilingYear + "/select_FilingYear"), FilingYear, false): All options with label '2022' are selected in object 'Object Repository/RAD_Pages/TaxTypeFilingYear_Page/select_FilingYear' 

2024-02-06 16:47:01 - [MESSAGE][PASSED] - All options with label '2022' are selected in object 'Object Repository/RAD_Pages/TaxTypeFilingYear_Page/select_FilingYear' 

2024-02-06 16:47:01 - [TEST_STEP][PASSED] - rad.getSetDataRAD.setDataRADBusinessName(): rad.getSetDataRAD.setDataRADBusinessName is PASSED

2024-02-06 16:47:01 - [MESSAGE][PASSED] - Text 'My Company' is set on object 'Object Repository/RAD_Pages/Taxpayer_Page/input_businessName'

2024-02-06 16:47:01 - [MESSAGE][PASSED] - rad.getSetDataRAD.setDataRADBusinessName is PASSED

2024-02-06 16:47:01 - [TEST_STEP][PASSED] - rad.getSetDataRAD.setDataRADBusinessRep(): rad.getSetDataRAD.setDataRADBusinessRep is PASSED

2024-02-06 16:47:02 - [MESSAGE][PASSED] - Text 'BusRepFname' is set on object 'Object Repository/RAD_Pages/Taxpayer_Page/input_BusinessRepfirstName'

2024-02-06 16:47:03 - [MESSAGE][PASSED] - Text '' is set on object 'Object Repository/RAD_Pages/Taxpayer_Page/input_BusinessRepmiddleName'

2024-02-06 16:47:04 - [MESSAGE][PASSED] - Text 'BusRepLname' is set on object 'Object Repository/RAD_Pages/Taxpayer_Page/input_BusinessReplastName'

2024-02-06 16:47:04 - [MESSAGE][PASSED] - Text '' is set on object 'Object Repository/RAD_Pages/Taxpayer_Page/input_BusinessRepsuffix'

2024-02-06 16:47:04 - [MESSAGE][PASSED] - rad.getSetDataRAD.setDataRADBusinessRep is PASSED

2024-02-06 16:47:04 - [TEST_STEP][PASSED] - rad.getSetDataRAD.setDataRADAddress(): rad.getSetDataRAD.setDataRADAddress is PASSED

2024-02-06 16:47:05 - [MESSAGE][PASSED] - All options with label 'United States' are selected in object 'Object Repository/RAD_Pages/AddressAndContactInfo_Page/select_Country' 

2024-02-06 16:47:06 - [MESSAGE][PASSED] - Text '2508 Mandan Terrace' is set on object 'Object Repository/RAD_Pages/AddressAndContactInfo_Page/input_streetAddress1'

2024-02-06 16:47:06 - [MESSAGE][PASSED] - Text '' is set on object 'Object Repository/RAD_Pages/AddressAndContactInfo_Page/input_streetAddress2'

2024-02-06 16:47:07 - [MESSAGE][PASSED] - Text 'Gambrills' is set on object 'Object Repository/RAD_Pages/AddressAndContactInfo_Page/input_city'

2024-02-06 16:47:08 - [MESSAGE][PASSED] - All options with label 'Maryland' are selected in object 'Object Repository/RAD_Pages/AddressAndContactInfo_Page/select_State' 

2024-02-06 16:47:08 - [MESSAGE][PASSED] - Text '21054' is set on object 'Object Repository/RAD_Pages/AddressAndContactInfo_Page/input_zipCode'

2024-02-06 16:47:09 - [MESSAGE][PASSED] - Text '(703) 894-5000' is set on object 'Object Repository/RAD_Pages/AddressAndContactInfo_Page/input_phoneNumber'

2024-02-06 16:47:10 - [MESSAGE][PASSED] - Text 'iahmed@govolution.com' is set on object 'Object Repository/RAD_Pages/AddressAndContactInfo_Page/input_eMailAddress'

2024-02-06 16:47:11 - [MESSAGE][PASSED] - Text 'iahmed@govolution.com' is set on object 'Object Repository/RAD_Pages/AddressAndContactInfo_Page/input_reEnterEMailAddress'

2024-02-06 16:47:11 - [MESSAGE][PASSED] - rad.getSetDataRAD.setDataRADAddress is PASSED

2024-02-06 16:47:11 - [TEST_STEP][PASSED] - if (feinSSN.equalsIgnoreCase("Y")): rad.getSetDataRAD.setDataRADFEINSSN is PASSED

2024-02-06 16:47:11 - [TEST_STEP][PASSED] - rad.getSetDataRAD.setDataRADFEINSSN(): rad.getSetDataRAD.setDataRADFEINSSN is PASSED

2024-02-06 16:47:12 - [MESSAGE][PASSED] - Text ****** has been set on object 'Object Repository/RAD_Pages/TaxInfo_Page/input_TaxInfo_FeinSsn_New_2'

2024-02-06 16:47:12 - [MESSAGE][PASSED] - Text ****** has been set on object 'Object Repository/RAD_Pages/TaxInfo_Page/input_TaxInfo_RetypeFeinSsn_New_2'

2024-02-06 16:47:12 - [MESSAGE][PASSED] - rad.getSetDataRAD.setDataRADFEINSSN is PASSED

2024-02-06 16:47:12 - [TEST_STEP][PASSED] - if (TaxType.equalsIgnoreCase("Estate Tax")): null

2024-02-06 16:47:12 - [TEST_STEP][PASSED] - setText(findTestObject(orPath_Amount + "/input__paymentAmount"), "100.00"): Text '100.00' is set on object 'Object Repository/RAD_Pages/PaymentAmount_Page/input__paymentAmount'

2024-02-06 16:47:13 - [MESSAGE][PASSED] - Text '100.00' is set on object 'Object Repository/RAD_Pages/PaymentAmount_Page/input__paymentAmount'

2024-02-06 16:47:13 - [TEST_STEP][PASSED] - setText(findTestObject(orPath_AddressContact + "/input_streetAddress2"), ""): Text '' is set on object 'Object Repository/RAD_Pages/AddressAndContactInfo_Page/input_streetAddress2'

2024-02-06 16:47:14 - [MESSAGE][PASSED] - Text '' is set on object 'Object Repository/RAD_Pages/AddressAndContactInfo_Page/input_streetAddress2'

2024-02-06 16:47:14 - [TEST_STEP][PASSED] - scrollToElement(findTestObject(orPath_Landing + "/button_Continue"), 3): Scroll to object 'Object Repository/RAD_Pages/Landing_Page/button_Continue' successfully

2024-02-06 16:47:14 - [MESSAGE][PASSED] - Scroll to object 'Object Repository/RAD_Pages/Landing_Page/button_Continue' successfully

2024-02-06 16:47:14 - [TEST_STEP][PASSED] - waitForElementClickable(findTestObject(orPath_Landing + "/button_Continue"), 5): Object 'Object Repository/RAD_Pages/Landing_Page/button_Continue' is clickable

2024-02-06 16:47:15 - [MESSAGE][PASSED] - Object 'Object Repository/RAD_Pages/Landing_Page/button_Continue' is clickable

2024-02-06 16:47:15 - [TEST_STEP][PASSED] - click(findTestObject(orPath_Landing + "/button_Continue")): Object: 'Object Repository/RAD_Pages/Landing_Page/button_Continue' is clicked on

2024-02-06 16:47:15 - [MESSAGE][PASSED] - Object: 'Object Repository/RAD_Pages/Landing_Page/button_Continue' is clicked on

2024-02-06 16:47:15 - [TEST_STEP][PASSED] - delay(2): Delayed 2 second(s)

2024-02-06 16:47:17 - [MESSAGE][PASSED] - Delayed 2 second(s)

2024-02-06 16:47:17 - [TEST_STEP][PASSED] - click(findTestObject(orPath_Summary + "/button_Proceed to Payment")): Object: 'Object Repository/RAD_Pages/Summary_Page/button_Proceed to Payment' is clicked on

2024-02-06 16:47:18 - [MESSAGE][PASSED] - Object: 'Object Repository/RAD_Pages/Summary_Page/button_Proceed to Payment' is clicked on

2024-02-06 16:47:18 - [TEST_STEP][PASSED] - if (verifyElementPresent(findTestObject("Object Repository/RAD_Pages/PaymentEntry_Page/input__billingName"), 30)): null

2024-02-06 16:47:19 - [MESSAGE][PASSED] - Object 'Object Repository/RAD_Pages/PaymentEntry_Page/input__billingName' is present

2024-02-06 16:47:19 - [TEST_STEP][PASSED] - verifyTextPresent("Comptroller of Maryland", true): Text 'Comptroller of Maryland' is present on page  using regular expression

2024-02-06 16:47:19 - [MESSAGE][PASSED] - Text 'Comptroller of Maryland' is present on page  using regular expression

2024-02-06 16:47:19 - [TEST_STEP][PASSED] - verifyTextPresent("Revenue Administration Division", true): Text 'Revenue Administration Division' is present on page  using regular expression

2024-02-06 16:47:19 - [MESSAGE][PASSED] - Text 'Revenue Administration Division' is present on page  using regular expression

2024-02-06 16:47:19 - [TEST_STEP][PASSED] - verifyTextPresent("Payment Information", true): Text 'Payment Information' is present on page  using regular expression

2024-02-06 16:47:20 - [MESSAGE][PASSED] - Text 'Payment Information' is present on page  using regular expression

2024-02-06 16:47:20 - [TEST_STEP][PASSED] - card_Name = getAttribute(findTestObject("Object Repository/RAD_Pages/PaymentEntry_Page/input__billingName"), "value"): Attribute 'value' of object 'Object Repository/RAD_Pages/PaymentEntry_Page/input__billingName' is: 'BusRepFname BusRepLname'

2024-02-06 16:47:20 - [MESSAGE][PASSED] - Attribute 'value' of object 'Object Repository/RAD_Pages/PaymentEntry_Page/input__billingName' is: 'BusRepFname BusRepLname'

2024-02-06 16:47:20 - [TEST_STEP][PASSED] - verifyMatch("BusRepFname BusRepLname", card_Name, false): Actual text 'BusRepFname BusRepLname' and expected text 'BusRepFname BusRepLname' are matched 

2024-02-06 16:47:20 - [MESSAGE][PASSED] - Actual text 'BusRepFname BusRepLname' and expected text 'BusRepFname BusRepLname' are matched 

2024-02-06 16:47:20 - [TEST_STEP][PASSED] - AL1 = getAttribute(findTestObject("Object Repository/RAD_Pages/PaymentEntry_Page/input_billingAddress"), "value"): Attribute 'value' of object 'Object Repository/RAD_Pages/PaymentEntry_Page/input_billingAddress' is: '2508 Mandan Terrace'

2024-02-06 16:47:20 - [MESSAGE][PASSED] - Attribute 'value' of object 'Object Repository/RAD_Pages/PaymentEntry_Page/input_billingAddress' is: '2508 Mandan Terrace'

2024-02-06 16:47:20 - [TEST_STEP][PASSED] - verifyMatch("2508 Mandan Terrace", AL1, false): Actual text '2508 Mandan Terrace' and expected text '2508 Mandan Terrace' are matched 

2024-02-06 16:47:20 - [MESSAGE][PASSED] - Actual text '2508 Mandan Terrace' and expected text '2508 Mandan Terrace' are matched 

2024-02-06 16:47:20 - [TEST_STEP][PASSED] - AL2 = getAttribute(findTestObject("Object Repository/RAD_Pages/PaymentEntry_Page/input_billingAddress2"), "value"): Attribute 'value' of object 'Object Repository/RAD_Pages/PaymentEntry_Page/input_billingAddress2' is: ''

2024-02-06 16:47:21 - [MESSAGE][PASSED] - Attribute 'value' of object 'Object Repository/RAD_Pages/PaymentEntry_Page/input_billingAddress2' is: ''

2024-02-06 16:47:21 - [TEST_STEP][PASSED] - verifyMatch("", AL2, false): Actual text '' and expected text '' are matched 

2024-02-06 16:47:21 - [MESSAGE][PASSED] - Actual text '' and expected text '' are matched 

2024-02-06 16:47:21 - [TEST_STEP][PASSED] - zipCode = getAttribute(findTestObject("Object Repository/RAD_Pages/PaymentEntry_Page/input_billingZip"), "value"): Attribute 'value' of object 'Object Repository/RAD_Pages/PaymentEntry_Page/input_billingZip' is: '21054'

2024-02-06 16:47:21 - [MESSAGE][PASSED] - Attribute 'value' of object 'Object Repository/RAD_Pages/PaymentEntry_Page/input_billingZip' is: '21054'

2024-02-06 16:47:21 - [TEST_STEP][PASSED] - verifyMatch("21054", zipCode, false): Actual text '21054' and expected text '21054' are matched 

2024-02-06 16:47:21 - [MESSAGE][PASSED] - Actual text '21054' and expected text '21054' are matched 

2024-02-06 16:47:21 - [TEST_STEP][PASSED] - city = getAttribute(findTestObject("Object Repository/RAD_Pages/PaymentEntry_Page/input_billingCity"), "value"): Attribute 'value' of object 'Object Repository/RAD_Pages/PaymentEntry_Page/input_billingCity' is: 'GAMBRILLS'

2024-02-06 16:47:21 - [MESSAGE][PASSED] - Attribute 'value' of object 'Object Repository/RAD_Pages/PaymentEntry_Page/input_billingCity' is: 'GAMBRILLS'

2024-02-06 16:47:21 - [TEST_STEP][PASSED] - verifyMatch("GAMBRILLS", city, false): Actual text 'GAMBRILLS' and expected text 'GAMBRILLS' are matched 

2024-02-06 16:47:21 - [MESSAGE][PASSED] - Actual text 'GAMBRILLS' and expected text 'GAMBRILLS' are matched 

2024-02-06 16:47:21 - [TEST_STEP][PASSED] - email = getAttribute(findTestObject("Object Repository/RAD_Pages/PaymentEntry_Page/input_emailAddress"), "value"): Attribute 'value' of object 'Object Repository/RAD_Pages/PaymentEntry_Page/input_emailAddress' is: 'iahmed@govolution.com'

2024-02-06 16:47:22 - [MESSAGE][PASSED] - Attribute 'value' of object 'Object Repository/RAD_Pages/PaymentEntry_Page/input_emailAddress' is: 'iahmed@govolution.com'

2024-02-06 16:47:22 - [TEST_STEP][PASSED] - verifyMatch("iahmed@govolution.com", email, false): Actual text 'iahmed@govolution.com' and expected text 'iahmed@govolution.com' are matched 

2024-02-06 16:47:22 - [MESSAGE][PASSED] - Actual text 'iahmed@govolution.com' and expected text 'iahmed@govolution.com' are matched 

2024-02-06 16:47:22 - [TEST_STEP][PASSED] - amount = getAttribute(findTestObject("Object Repository/RAD_Pages/PaymentEntry_Page/input_amount"), "value"): Attribute 'value' of object 'Object Repository/RAD_Pages/PaymentEntry_Page/input_amount' is: '100.00'

2024-02-06 16:47:22 - [MESSAGE][PASSED] - Attribute 'value' of object 'Object Repository/RAD_Pages/PaymentEntry_Page/input_amount' is: '100.00'

2024-02-06 16:47:22 - [TEST_STEP][PASSED] - verifyMatch("100.00", amount, false): Actual text '100.00' and expected text '100.00' are matched 

2024-02-06 16:47:22 - [MESSAGE][PASSED] - Actual text '100.00' and expected text '100.00' are matched 

2024-02-06 16:47:22 - [TEST_STEP][PASSED] - amountReadOnly = getAttribute(findTestObject("Object Repository/RAD_Pages/PaymentEntry_Page/input_amount"), "readonly"): Attribute 'readonly' of object 'Object Repository/RAD_Pages/PaymentEntry_Page/input_amount' is: 'true'

2024-02-06 16:47:22 - [MESSAGE][PASSED] - Attribute 'readonly' of object 'Object Repository/RAD_Pages/PaymentEntry_Page/input_amount' is: 'true'

2024-02-06 16:47:22 - [TEST_STEP][PASSED] - verifyMatch("true", amountReadOnly, false): Actual text 'true' and expected text 'true' are matched 

2024-02-06 16:47:22 - [MESSAGE][PASSED] - Actual text 'true' and expected text 'true' are matched 

2024-02-06 16:47:22 - [TEST_STEP][PASSED] - verifyOptionSelectedByLabel(findTestObject("Object Repository/RAD_Pages/PaymentEntry_Page/select_Country"), "United States", false, 20): All options with label 'United States' are selected in object 'Object Repository/RAD_Pages/PaymentEntry_Page/select_Country' 

2024-02-06 16:47:24 - [MESSAGE][PASSED] - All options with label 'United States' are selected in object 'Object Repository/RAD_Pages/PaymentEntry_Page/select_Country' 

2024-02-06 16:47:24 - [TEST_STEP][PASSED] - verifyOptionSelectedByLabel(findTestObject("Object Repository/RAD_Pages/PaymentEntry_Page/select_State"), "Maryland", false, 20): All options with label 'Maryland' are selected in object 'Object Repository/RAD_Pages/PaymentEntry_Page/select_State' 

2024-02-06 16:47:26 - [MESSAGE][PASSED] - All options with label 'Maryland' are selected in object 'Object Repository/RAD_Pages/PaymentEntry_Page/select_State' 

2024-02-06 16:47:26 - [TEST_STEP][PASSED] - setText(findTestObject(orPath_PaymentEntry + "/input__cardNumber"), "4111111111111111"): Text '4111111111111111' is set on object 'Object Repository/RAD_Pages/PaymentEntry_Page/input__cardNumber'

2024-02-06 16:47:27 - [MESSAGE][PASSED] - Text '4111111111111111' is set on object 'Object Repository/RAD_Pages/PaymentEntry_Page/input__cardNumber'

2024-02-06 16:47:27 - [TEST_STEP][PASSED] - setText(findTestObject(orPath_PaymentEntry + "/input__spc"), "123"): Text '123' is set on object 'Object Repository/RAD_Pages/PaymentEntry_Page/input__spc'

2024-02-06 16:47:28 - [MESSAGE][PASSED] - Text '123' is set on object 'Object Repository/RAD_Pages/PaymentEntry_Page/input__spc'

2024-02-06 16:47:28 - [TEST_STEP][PASSED] - selectOptionByLabel(findTestObject(orPath_PaymentEntry + "/select_MM"), "12", false): All options with label '12' are selected in object 'Object Repository/RAD_Pages/PaymentEntry_Page/select_MM' 

2024-02-06 16:47:28 - [MESSAGE][PASSED] - All options with label '12' are selected in object 'Object Repository/RAD_Pages/PaymentEntry_Page/select_MM' 

2024-02-06 16:47:28 - [TEST_STEP][PASSED] - selectOptionByLabel(findTestObject(orPath_PaymentEntry + "/select_YYYY"), "2028", false): All options with label '2028' are selected in object 'Object Repository/RAD_Pages/PaymentEntry_Page/select_YYYY' 

2024-02-06 16:47:29 - [MESSAGE][PASSED] - All options with label '2028' are selected in object 'Object Repository/RAD_Pages/PaymentEntry_Page/select_YYYY' 

2024-02-06 16:47:29 - [TEST_STEP][PASSED] - click(findTestObject(orPath_PaymentEntry + "/input_Field_ccSubmit")): Object: 'Object Repository/RAD_Pages/PaymentEntry_Page/input_Field_ccSubmit' is clicked on

2024-02-06 16:47:30 - [MESSAGE][PASSED] - Object: 'Object Repository/RAD_Pages/PaymentEntry_Page/input_Field_ccSubmit' is clicked on

2024-02-06 16:47:30 - [TEST_STEP][PASSED] - click(findTestObject(orPath_PaymentConfirmation + "/input_N_confirmNotifyAction")): Object: 'Object Repository/RAD_Pages/PaymentConfirmation_Page/input_N_confirmNotifyAction' is clicked on

2024-02-06 16:47:31 - [MESSAGE][PASSED] - Object: 'Object Repository/RAD_Pages/PaymentConfirmation_Page/input_N_confirmNotifyAction' is clicked on

2024-02-06 16:47:31 - [TEST_STEP][PASSED] - verifyTextPresent("Service Fee Acceptance", true): Text 'Service Fee Acceptance' is present on page  using regular expression

2024-02-06 16:47:31 - [MESSAGE][PASSED] - Text 'Service Fee Acceptance' is present on page  using regular expression

2024-02-06 16:47:31 - [TEST_STEP][PASSED] - verifyTextPresent("This transaction is subject to a Service Fee of ", true): Text 'This transaction is subject to a Service Fee of ' is present on page  using regular expression

2024-02-06 16:47:32 - [MESSAGE][PASSED] - Text 'This transaction is subject to a Service Fee of ' is present on page  using regular expression

2024-02-06 16:47:32 - [TEST_STEP][PASSED] - verifyTextPresent("Payment Amount:", true): Text 'Payment Amount:' is present on page  using regular expression

2024-02-06 16:47:32 - [MESSAGE][PASSED] - Text 'Payment Amount:' is present on page  using regular expression

2024-02-06 16:47:32 - [TEST_STEP][PASSED] - verifyTextPresent("100.00", true): Text '100.00' is present on page  using regular expression

2024-02-06 16:47:32 - [MESSAGE][PASSED] - Text '100.00' is present on page  using regular expression

2024-02-06 16:47:32 - [TEST_STEP][PASSED] - verifyTextPresent("Service Fee:", true): Text 'Service Fee:' is present on page  using regular expression

2024-02-06 16:47:33 - [MESSAGE][PASSED] - Text 'Service Fee:' is present on page  using regular expression

2024-02-06 16:47:33 - [TEST_STEP][PASSED] - verifyTextPresent("2.45", true): Text '2.45' is present on page  using regular expression

2024-02-06 16:47:33 - [MESSAGE][PASSED] - Text '2.45' is present on page  using regular expression

2024-02-06 16:47:33 - [TEST_STEP][PASSED] - verifyTextPresent("Total Amount:", true): Text 'Total Amount:' is present on page  using regular expression

2024-02-06 16:47:33 - [MESSAGE][PASSED] - Text 'Total Amount:' is present on page  using regular expression

2024-02-06 16:47:33 - [TEST_STEP][PASSED] - verifyTextPresent("102.45", true): Text '102.45' is present on page  using regular expression

2024-02-06 16:47:33 - [MESSAGE][PASSED] - Text '102.45' is present on page  using regular expression

2024-02-06 16:47:33 - [TEST_STEP][PASSED] - verifyTextPresent("Two transactions will appear on your bank statement, one in the amount of", true): Text 'Two transactions will appear on your bank statement, one in the amount of' is present on page  using regular expression

2024-02-06 16:47:34 - [MESSAGE][PASSED] - Text 'Two transactions will appear on your bank statement, one in the amount of' is present on page  using regular expression

2024-02-06 16:47:34 - [TEST_STEP][PASSED] - if (verifyElementPresent(findTestObject(orPath_ServiceFeesAccept + "/input_convFeeNotifyAction"), 30)): null

2024-02-06 16:47:34 - [MESSAGE][PASSED] - Object 'Object Repository/RAD_Pages/ServiceFeeAccept_Page/input_convFeeNotifyAction' is present

2024-02-06 16:47:34 - [TEST_STEP][PASSED] - resText = "Pass": null

2024-02-06 16:47:34 - [TEST_STEP][PASSED] - pages.WriteExcel.demoKey(resText, datText, resColumn, datCloumn, fileLoc, nameSheet, row): pages.WriteExcel.demoKey is PASSED

2024-02-06 16:47:34 - [MESSAGE][PASSED] - pages.WriteExcel.demoKey is PASSED

2024-02-06 16:47:34 - [TEST_STEP][PASSED] - if (execProfile == "QAProfile" || execProfile == "QA2Profile"): Text 'Successful Payment Receipt' is present on page  using regular expression

2024-02-06 16:47:34 - [TEST_STEP][PASSED] - click(findTestObject(orPath_ServiceFeesAccept + "/input_convFeeNotifyAction")): Object: 'Object Repository/RAD_Pages/ServiceFeeAccept_Page/input_convFeeNotifyAction' is clicked on

2024-02-06 16:47:35 - [MESSAGE][PASSED] - Object: 'Object Repository/RAD_Pages/ServiceFeeAccept_Page/input_convFeeNotifyAction' is clicked on

2024-02-06 16:47:35 - [TEST_STEP][PASSED] - delay(10): Delayed 10 second(s)

2024-02-06 16:47:45 - [MESSAGE][PASSED] - Delayed 10 second(s)

2024-02-06 16:47:45 - [TEST_STEP][PASSED] - verifyTextPresent("Successful Payment Receipt", true): Text 'Successful Payment Receipt' is present on page  using regular expression

2024-02-06 16:47:46 - [MESSAGE][PASSED] - Text 'Successful Payment Receipt' is present on page  using regular expression

2024-02-06 16:47:46 - [TEST_STEP][PASSED] - ExecuteTC = findTestData(dataFile).getValue("Execute", row): null

2024-02-06 16:47:46 - [TEST_STEP][PASSED] - TaxType = findTestData(dataFile).getValue("TaxType", row): null

2024-02-06 16:47:46 - [TEST_STEP][PASSED] - PaymentType = findTestData(dataFile).getValue("PaymentType", row): null

2024-02-06 16:47:46 - [TEST_STEP][PASSED] - FilingYear = findTestData(dataFile).getValue("Year", row): null

2024-02-06 16:47:46 - [TEST_STEP][PASSED] - feinSSN = findTestData(dataFile).getValue("FeinSsn", row): null

2024-02-06 16:47:46 - [TEST_STEP][PASSED] - if (ExecuteTC.equalsIgnoreCase("Y")): null

2024-02-06 16:47:46 - [TEST_STEP][PASSED] - out.println("Begin Record Number: " + row): null

2024-02-06 16:47:46 - [TEST_STEP][PASSED] - today = new java.util.Date(): null

2024-02-06 16:47:46 - [TEST_STEP][PASSED] - println(today): null

2024-02-06 16:47:46 - [TEST_STEP][PASSED] - datText = today: null

2024-02-06 16:47:46 - [TEST_STEP][PASSED] - logInfo("Payment Type: New Tax Return Amount Due"): Payment Type: New Tax Return Amount Due

2024-02-06 16:47:46 - [MESSAGE][INFO] - Payment Type: New Tax Return Amount Due

2024-02-06 16:47:46 - [TEST_STEP][PASSED] - logInfo("Tax Type: " + TaxType): Tax Type: PTE Non-Electing S Corp

2024-02-06 16:47:46 - [MESSAGE][INFO] - Tax Type: PTE Non-Electing S Corp

2024-02-06 16:47:46 - [TEST_STEP][PASSED] - openBrowser(""): Browser is opened with url: ''

2024-02-06 16:47:46 - [MESSAGE][WARNING] - A browser is already opened. Closing browser and opening a new one

2024-02-06 16:47:47 - [MESSAGE][INFO] - Starting 'Chrome' driver

2024-02-06 16:47:47 - [MESSAGE][INFO] - User set preference: ['acceptInsecureCerts', 'true']

2024-02-06 16:47:47 - [MESSAGE][INFO] - Action delay is set to 0 milliseconds

2024-02-06 16:47:49 - [MESSAGE][PASSED] - Browser is opened with url: ''

2024-02-06 16:47:49 - [TEST_STEP][PASSED] - maximizeWindow(): Current window maximized

2024-02-06 16:47:49 - [MESSAGE][PASSED] - Current window maximized

2024-02-06 16:47:49 - [TEST_STEP][PASSED] - navigateToUrl(RADurl): Navigate to 'https://qa2.velocitypayment.com/client/rad/index.html' successfully

2024-02-06 16:47:51 - [MESSAGE][PASSED] - Navigate to 'https://qa2.velocitypayment.com/client/rad/index.html' successfully

2024-02-06 16:47:51 - [TEST_STEP][PASSED] - selectOptionByLabel(findTestObject(orPath_Landing + "/dd_TaxType"), "New Tax Return Amount Due", false): All options with label 'New Tax Return Amount Due' are selected in object 'Object Repository/RAD_Pages/Landing_Page/dd_TaxType' 

2024-02-06 16:47:51 - [MESSAGE][PASSED] - All options with label 'New Tax Return Amount Due' are selected in object 'Object Repository/RAD_Pages/Landing_Page/dd_TaxType' 

2024-02-06 16:47:51 - [TEST_STEP][PASSED] - selectOptionByLabel(findTestObject("Object Repository/RAD_Pages/Landing_Page/select_NewTaxReturnAmountDue_TaxType"), TaxType, false): All options with label 'PTE Non-Electing S Corp' are selected in object 'Object Repository/RAD_Pages/Landing_Page/select_NewTaxReturnAmountDue_TaxType' 

2024-02-06 16:47:52 - [MESSAGE][PASSED] - All options with label 'PTE Non-Electing S Corp' are selected in object 'Object Repository/RAD_Pages/Landing_Page/select_NewTaxReturnAmountDue_TaxType' 

2024-02-06 16:47:52 - [TEST_STEP][PASSED] - selectOptionByLabel(findTestObject(orPath_TaxTypeFilingYear + "/select_FilingYear"), FilingYear, false): All options with label '2022' are selected in object 'Object Repository/RAD_Pages/TaxTypeFilingYear_Page/select_FilingYear' 

2024-02-06 16:47:53 - [MESSAGE][PASSED] - All options with label '2022' are selected in object 'Object Repository/RAD_Pages/TaxTypeFilingYear_Page/select_FilingYear' 

2024-02-06 16:47:53 - [TEST_STEP][PASSED] - rad.getSetDataRAD.setDataRADBusinessName(): rad.getSetDataRAD.setDataRADBusinessName is PASSED

2024-02-06 16:47:54 - [MESSAGE][PASSED] - Text 'My Company' is set on object 'Object Repository/RAD_Pages/Taxpayer_Page/input_businessName'

2024-02-06 16:47:54 - [MESSAGE][PASSED] - rad.getSetDataRAD.setDataRADBusinessName is PASSED

2024-02-06 16:47:54 - [TEST_STEP][PASSED] - rad.getSetDataRAD.setDataRADBusinessRep(): rad.getSetDataRAD.setDataRADBusinessRep is PASSED

2024-02-06 16:47:55 - [MESSAGE][PASSED] - Text 'BusRepFname' is set on object 'Object Repository/RAD_Pages/Taxpayer_Page/input_BusinessRepfirstName'

2024-02-06 16:47:55 - [MESSAGE][PASSED] - Text '' is set on object 'Object Repository/RAD_Pages/Taxpayer_Page/input_BusinessRepmiddleName'

2024-02-06 16:47:56 - [MESSAGE][PASSED] - Text 'BusRepLname' is set on object 'Object Repository/RAD_Pages/Taxpayer_Page/input_BusinessReplastName'

2024-02-06 16:47:57 - [MESSAGE][PASSED] - Text '' is set on object 'Object Repository/RAD_Pages/Taxpayer_Page/input_BusinessRepsuffix'

2024-02-06 16:47:57 - [MESSAGE][PASSED] - rad.getSetDataRAD.setDataRADBusinessRep is PASSED

2024-02-06 16:47:57 - [TEST_STEP][PASSED] - rad.getSetDataRAD.setDataRADAddress(): rad.getSetDataRAD.setDataRADAddress is PASSED

2024-02-06 16:47:57 - [MESSAGE][PASSED] - All options with label 'United States' are selected in object 'Object Repository/RAD_Pages/AddressAndContactInfo_Page/select_Country' 

2024-02-06 16:47:58 - [MESSAGE][PASSED] - Text '2508 Mandan Terrace' is set on object 'Object Repository/RAD_Pages/AddressAndContactInfo_Page/input_streetAddress1'

2024-02-06 16:47:59 - [MESSAGE][PASSED] - Text '' is set on object 'Object Repository/RAD_Pages/AddressAndContactInfo_Page/input_streetAddress2'

2024-02-06 16:48:00 - [MESSAGE][PASSED] - Text 'Gambrills' is set on object 'Object Repository/RAD_Pages/AddressAndContactInfo_Page/input_city'

2024-02-06 16:48:00 - [MESSAGE][PASSED] - All options with label 'Maryland' are selected in object 'Object Repository/RAD_Pages/AddressAndContactInfo_Page/select_State' 

2024-02-06 16:48:01 - [MESSAGE][PASSED] - Text '21054' is set on object 'Object Repository/RAD_Pages/AddressAndContactInfo_Page/input_zipCode'

2024-02-06 16:48:02 - [MESSAGE][PASSED] - Text '(703) 894-5000' is set on object 'Object Repository/RAD_Pages/AddressAndContactInfo_Page/input_phoneNumber'

2024-02-06 16:48:03 - [MESSAGE][PASSED] - Text 'iahmed@govolution.com' is set on object 'Object Repository/RAD_Pages/AddressAndContactInfo_Page/input_eMailAddress'

2024-02-06 16:48:04 - [MESSAGE][PASSED] - Text 'iahmed@govolution.com' is set on object 'Object Repository/RAD_Pages/AddressAndContactInfo_Page/input_reEnterEMailAddress'

2024-02-06 16:48:04 - [MESSAGE][PASSED] - rad.getSetDataRAD.setDataRADAddress is PASSED

2024-02-06 16:48:04 - [TEST_STEP][PASSED] - if (feinSSN.equalsIgnoreCase("Y")): rad.getSetDataRAD.setDataRADFEINSSN is PASSED

2024-02-06 16:48:04 - [TEST_STEP][PASSED] - rad.getSetDataRAD.setDataRADFEINSSN(): rad.getSetDataRAD.setDataRADFEINSSN is PASSED

2024-02-06 16:48:04 - [MESSAGE][PASSED] - Text ****** has been set on object 'Object Repository/RAD_Pages/TaxInfo_Page/input_TaxInfo_FeinSsn_New_2'

2024-02-06 16:48:05 - [MESSAGE][PASSED] - Text ****** has been set on object 'Object Repository/RAD_Pages/TaxInfo_Page/input_TaxInfo_RetypeFeinSsn_New_2'

2024-02-06 16:48:05 - [MESSAGE][PASSED] - rad.getSetDataRAD.setDataRADFEINSSN is PASSED

2024-02-06 16:48:05 - [TEST_STEP][PASSED] - if (TaxType.equalsIgnoreCase("Estate Tax")): null

2024-02-06 16:48:05 - [TEST_STEP][PASSED] - setText(findTestObject(orPath_Amount + "/input__paymentAmount"), "100.00"): Text '100.00' is set on object 'Object Repository/RAD_Pages/PaymentAmount_Page/input__paymentAmount'

2024-02-06 16:48:06 - [MESSAGE][PASSED] - Text '100.00' is set on object 'Object Repository/RAD_Pages/PaymentAmount_Page/input__paymentAmount'

2024-02-06 16:48:06 - [TEST_STEP][PASSED] - setText(findTestObject(orPath_AddressContact + "/input_streetAddress2"), ""): Text '' is set on object 'Object Repository/RAD_Pages/AddressAndContactInfo_Page/input_streetAddress2'

2024-02-06 16:48:06 - [MESSAGE][PASSED] - Text '' is set on object 'Object Repository/RAD_Pages/AddressAndContactInfo_Page/input_streetAddress2'

2024-02-06 16:48:06 - [TEST_STEP][PASSED] - scrollToElement(findTestObject(orPath_Landing + "/button_Continue"), 3): Scroll to object 'Object Repository/RAD_Pages/Landing_Page/button_Continue' successfully

2024-02-06 16:48:07 - [MESSAGE][PASSED] - Scroll to object 'Object Repository/RAD_Pages/Landing_Page/button_Continue' successfully

2024-02-06 16:48:07 - [TEST_STEP][PASSED] - waitForElementClickable(findTestObject(orPath_Landing + "/button_Continue"), 5): Object 'Object Repository/RAD_Pages/Landing_Page/button_Continue' is clickable

2024-02-06 16:48:07 - [MESSAGE][PASSED] - Object 'Object Repository/RAD_Pages/Landing_Page/button_Continue' is clickable

2024-02-06 16:48:07 - [TEST_STEP][PASSED] - click(findTestObject(orPath_Landing + "/button_Continue")): Object: 'Object Repository/RAD_Pages/Landing_Page/button_Continue' is clicked on

2024-02-06 16:48:08 - [MESSAGE][PASSED] - Object: 'Object Repository/RAD_Pages/Landing_Page/button_Continue' is clicked on

2024-02-06 16:48:08 - [TEST_STEP][PASSED] - delay(2): Delayed 2 second(s)

2024-02-06 16:48:10 - [MESSAGE][PASSED] - Delayed 2 second(s)

2024-02-06 16:48:10 - [TEST_STEP][PASSED] - click(findTestObject(orPath_Summary + "/button_Proceed to Payment")): Object: 'Object Repository/RAD_Pages/Summary_Page/button_Proceed to Payment' is clicked on

2024-02-06 16:48:11 - [MESSAGE][PASSED] - Object: 'Object Repository/RAD_Pages/Summary_Page/button_Proceed to Payment' is clicked on

2024-02-06 16:48:11 - [TEST_STEP][PASSED] - if (verifyElementPresent(findTestObject("Object Repository/RAD_Pages/PaymentEntry_Page/input__billingName"), 30)): null

2024-02-06 16:48:12 - [MESSAGE][PASSED] - Object 'Object Repository/RAD_Pages/PaymentEntry_Page/input__billingName' is present

2024-02-06 16:48:12 - [TEST_STEP][PASSED] - verifyTextPresent("Comptroller of Maryland", true): Text 'Comptroller of Maryland' is present on page  using regular expression

2024-02-06 16:48:12 - [MESSAGE][PASSED] - Text 'Comptroller of Maryland' is present on page  using regular expression

2024-02-06 16:48:12 - [TEST_STEP][PASSED] - verifyTextPresent("Revenue Administration Division", true): Text 'Revenue Administration Division' is present on page  using regular expression

2024-02-06 16:48:12 - [MESSAGE][PASSED] - Text 'Revenue Administration Division' is present on page  using regular expression

2024-02-06 16:48:12 - [TEST_STEP][PASSED] - verifyTextPresent("Payment Information", true): Text 'Payment Information' is present on page  using regular expression

2024-02-06 16:48:13 - [MESSAGE][PASSED] - Text 'Payment Information' is present on page  using regular expression

2024-02-06 16:48:13 - [TEST_STEP][PASSED] - card_Name = getAttribute(findTestObject("Object Repository/RAD_Pages/PaymentEntry_Page/input__billingName"), "value"): Attribute 'value' of object 'Object Repository/RAD_Pages/PaymentEntry_Page/input__billingName' is: 'BusRepFname BusRepLname'

2024-02-06 16:48:13 - [MESSAGE][PASSED] - Attribute 'value' of object 'Object Repository/RAD_Pages/PaymentEntry_Page/input__billingName' is: 'BusRepFname BusRepLname'

2024-02-06 16:48:13 - [TEST_STEP][PASSED] - verifyMatch("BusRepFname BusRepLname", card_Name, false): Actual text 'BusRepFname BusRepLname' and expected text 'BusRepFname BusRepLname' are matched 

2024-02-06 16:48:13 - [MESSAGE][PASSED] - Actual text 'BusRepFname BusRepLname' and expected text 'BusRepFname BusRepLname' are matched 

2024-02-06 16:48:13 - [TEST_STEP][PASSED] - AL1 = getAttribute(findTestObject("Object Repository/RAD_Pages/PaymentEntry_Page/input_billingAddress"), "value"): Attribute 'value' of object 'Object Repository/RAD_Pages/PaymentEntry_Page/input_billingAddress' is: '2508 Mandan Terrace'

2024-02-06 16:48:13 - [MESSAGE][PASSED] - Attribute 'value' of object 'Object Repository/RAD_Pages/PaymentEntry_Page/input_billingAddress' is: '2508 Mandan Terrace'

2024-02-06 16:48:13 - [TEST_STEP][PASSED] - verifyMatch("2508 Mandan Terrace", AL1, false): Actual text '2508 Mandan Terrace' and expected text '2508 Mandan Terrace' are matched 

2024-02-06 16:48:13 - [MESSAGE][PASSED] - Actual text '2508 Mandan Terrace' and expected text '2508 Mandan Terrace' are matched 

2024-02-06 16:48:13 - [TEST_STEP][PASSED] - AL2 = getAttribute(findTestObject("Object Repository/RAD_Pages/PaymentEntry_Page/input_billingAddress2"), "value"): Attribute 'value' of object 'Object Repository/RAD_Pages/PaymentEntry_Page/input_billingAddress2' is: ''

2024-02-06 16:48:14 - [MESSAGE][PASSED] - Attribute 'value' of object 'Object Repository/RAD_Pages/PaymentEntry_Page/input_billingAddress2' is: ''

2024-02-06 16:48:14 - [TEST_STEP][PASSED] - verifyMatch("", AL2, false): Actual text '' and expected text '' are matched 

2024-02-06 16:48:14 - [MESSAGE][PASSED] - Actual text '' and expected text '' are matched 

2024-02-06 16:48:14 - [TEST_STEP][PASSED] - zipCode = getAttribute(findTestObject("Object Repository/RAD_Pages/PaymentEntry_Page/input_billingZip"), "value"): Attribute 'value' of object 'Object Repository/RAD_Pages/PaymentEntry_Page/input_billingZip' is: '21054'

2024-02-06 16:48:14 - [MESSAGE][PASSED] - Attribute 'value' of object 'Object Repository/RAD_Pages/PaymentEntry_Page/input_billingZip' is: '21054'

2024-02-06 16:48:14 - [TEST_STEP][PASSED] - verifyMatch("21054", zipCode, false): Actual text '21054' and expected text '21054' are matched 

2024-02-06 16:48:14 - [MESSAGE][PASSED] - Actual text '21054' and expected text '21054' are matched 

2024-02-06 16:48:14 - [TEST_STEP][PASSED] - city = getAttribute(findTestObject("Object Repository/RAD_Pages/PaymentEntry_Page/input_billingCity"), "value"): Attribute 'value' of object 'Object Repository/RAD_Pages/PaymentEntry_Page/input_billingCity' is: 'GAMBRILLS'

2024-02-06 16:48:14 - [MESSAGE][PASSED] - Attribute 'value' of object 'Object Repository/RAD_Pages/PaymentEntry_Page/input_billingCity' is: 'GAMBRILLS'

2024-02-06 16:48:14 - [TEST_STEP][PASSED] - verifyMatch("GAMBRILLS", city, false): Actual text 'GAMBRILLS' and expected text 'GAMBRILLS' are matched 

2024-02-06 16:48:14 - [MESSAGE][PASSED] - Actual text 'GAMBRILLS' and expected text 'GAMBRILLS' are matched 

2024-02-06 16:48:14 - [TEST_STEP][PASSED] - email = getAttribute(findTestObject("Object Repository/RAD_Pages/PaymentEntry_Page/input_emailAddress"), "value"): Attribute 'value' of object 'Object Repository/RAD_Pages/PaymentEntry_Page/input_emailAddress' is: 'iahmed@govolution.com'

2024-02-06 16:48:15 - [MESSAGE][PASSED] - Attribute 'value' of object 'Object Repository/RAD_Pages/PaymentEntry_Page/input_emailAddress' is: 'iahmed@govolution.com'

2024-02-06 16:48:15 - [TEST_STEP][PASSED] - verifyMatch("iahmed@govolution.com", email, false): Actual text 'iahmed@govolution.com' and expected text 'iahmed@govolution.com' are matched 

2024-02-06 16:48:15 - [MESSAGE][PASSED] - Actual text 'iahmed@govolution.com' and expected text 'iahmed@govolution.com' are matched 

2024-02-06 16:48:15 - [TEST_STEP][PASSED] - amount = getAttribute(findTestObject("Object Repository/RAD_Pages/PaymentEntry_Page/input_amount"), "value"): Attribute 'value' of object 'Object Repository/RAD_Pages/PaymentEntry_Page/input_amount' is: '100.00'

2024-02-06 16:48:15 - [MESSAGE][PASSED] - Attribute 'value' of object 'Object Repository/RAD_Pages/PaymentEntry_Page/input_amount' is: '100.00'

2024-02-06 16:48:15 - [TEST_STEP][PASSED] - verifyMatch("100.00", amount, false): Actual text '100.00' and expected text '100.00' are matched 

2024-02-06 16:48:15 - [MESSAGE][PASSED] - Actual text '100.00' and expected text '100.00' are matched 

2024-02-06 16:48:15 - [TEST_STEP][PASSED] - amountReadOnly = getAttribute(findTestObject("Object Repository/RAD_Pages/PaymentEntry_Page/input_amount"), "readonly"): Attribute 'readonly' of object 'Object Repository/RAD_Pages/PaymentEntry_Page/input_amount' is: 'true'

2024-02-06 16:48:15 - [MESSAGE][PASSED] - Attribute 'readonly' of object 'Object Repository/RAD_Pages/PaymentEntry_Page/input_amount' is: 'true'

2024-02-06 16:48:15 - [TEST_STEP][PASSED] - verifyMatch("true", amountReadOnly, false): Actual text 'true' and expected text 'true' are matched 

2024-02-06 16:48:15 - [MESSAGE][PASSED] - Actual text 'true' and expected text 'true' are matched 

2024-02-06 16:48:15 - [TEST_STEP][PASSED] - verifyOptionSelectedByLabel(findTestObject("Object Repository/RAD_Pages/PaymentEntry_Page/select_Country"), "United States", false, 20): All options with label 'United States' are selected in object 'Object Repository/RAD_Pages/PaymentEntry_Page/select_Country' 

2024-02-06 16:48:16 - [MESSAGE][PASSED] - All options with label 'United States' are selected in object 'Object Repository/RAD_Pages/PaymentEntry_Page/select_Country' 

2024-02-06 16:48:16 - [TEST_STEP][PASSED] - verifyOptionSelectedByLabel(findTestObject("Object Repository/RAD_Pages/PaymentEntry_Page/select_State"), "Maryland", false, 20): All options with label 'Maryland' are selected in object 'Object Repository/RAD_Pages/PaymentEntry_Page/select_State' 

2024-02-06 16:48:19 - [MESSAGE][PASSED] - All options with label 'Maryland' are selected in object 'Object Repository/RAD_Pages/PaymentEntry_Page/select_State' 

2024-02-06 16:48:19 - [TEST_STEP][PASSED] - setText(findTestObject(orPath_PaymentEntry + "/input__cardNumber"), "4111111111111111"): Text '4111111111111111' is set on object 'Object Repository/RAD_Pages/PaymentEntry_Page/input__cardNumber'

2024-02-06 16:48:20 - [MESSAGE][PASSED] - Text '4111111111111111' is set on object 'Object Repository/RAD_Pages/PaymentEntry_Page/input__cardNumber'

2024-02-06 16:48:20 - [TEST_STEP][PASSED] - setText(findTestObject(orPath_PaymentEntry + "/input__spc"), "123"): Text '123' is set on object 'Object Repository/RAD_Pages/PaymentEntry_Page/input__spc'

2024-02-06 16:48:20 - [MESSAGE][PASSED] - Text '123' is set on object 'Object Repository/RAD_Pages/PaymentEntry_Page/input__spc'

2024-02-06 16:48:20 - [TEST_STEP][PASSED] - selectOptionByLabel(findTestObject(orPath_PaymentEntry + "/select_MM"), "12", false): All options with label '12' are selected in object 'Object Repository/RAD_Pages/PaymentEntry_Page/select_MM' 

2024-02-06 16:48:21 - [MESSAGE][PASSED] - All options with label '12' are selected in object 'Object Repository/RAD_Pages/PaymentEntry_Page/select_MM' 

2024-02-06 16:48:21 - [TEST_STEP][PASSED] - selectOptionByLabel(findTestObject(orPath_PaymentEntry + "/select_YYYY"), "2028", false): All options with label '2028' are selected in object 'Object Repository/RAD_Pages/PaymentEntry_Page/select_YYYY' 

2024-02-06 16:48:22 - [MESSAGE][PASSED] - All options with label '2028' are selected in object 'Object Repository/RAD_Pages/PaymentEntry_Page/select_YYYY' 

2024-02-06 16:48:22 - [TEST_STEP][PASSED] - click(findTestObject(orPath_PaymentEntry + "/input_Field_ccSubmit")): Object: 'Object Repository/RAD_Pages/PaymentEntry_Page/input_Field_ccSubmit' is clicked on

2024-02-06 16:48:23 - [MESSAGE][PASSED] - Object: 'Object Repository/RAD_Pages/PaymentEntry_Page/input_Field_ccSubmit' is clicked on

2024-02-06 16:48:23 - [TEST_STEP][PASSED] - click(findTestObject(orPath_PaymentConfirmation + "/input_N_confirmNotifyAction")): Object: 'Object Repository/RAD_Pages/PaymentConfirmation_Page/input_N_confirmNotifyAction' is clicked on

2024-02-06 16:48:24 - [MESSAGE][PASSED] - Object: 'Object Repository/RAD_Pages/PaymentConfirmation_Page/input_N_confirmNotifyAction' is clicked on

2024-02-06 16:48:24 - [TEST_STEP][PASSED] - verifyTextPresent("Service Fee Acceptance", true): Text 'Service Fee Acceptance' is present on page  using regular expression

2024-02-06 16:48:24 - [MESSAGE][PASSED] - Text 'Service Fee Acceptance' is present on page  using regular expression

2024-02-06 16:48:24 - [TEST_STEP][PASSED] - verifyTextPresent("This transaction is subject to a Service Fee of ", true): Text 'This transaction is subject to a Service Fee of ' is present on page  using regular expression

2024-02-06 16:48:25 - [MESSAGE][PASSED] - Text 'This transaction is subject to a Service Fee of ' is present on page  using regular expression

2024-02-06 16:48:25 - [TEST_STEP][PASSED] - verifyTextPresent("Payment Amount:", true): Text 'Payment Amount:' is present on page  using regular expression

2024-02-06 16:48:25 - [MESSAGE][PASSED] - Text 'Payment Amount:' is present on page  using regular expression

2024-02-06 16:48:25 - [TEST_STEP][PASSED] - verifyTextPresent("100.00", true): Text '100.00' is present on page  using regular expression

2024-02-06 16:48:25 - [MESSAGE][PASSED] - Text '100.00' is present on page  using regular expression

2024-02-06 16:48:25 - [TEST_STEP][PASSED] - verifyTextPresent("Service Fee:", true): Text 'Service Fee:' is present on page  using regular expression

2024-02-06 16:48:25 - [MESSAGE][PASSED] - Text 'Service Fee:' is present on page  using regular expression

2024-02-06 16:48:25 - [TEST_STEP][PASSED] - verifyTextPresent("2.45", true): Text '2.45' is present on page  using regular expression

2024-02-06 16:48:26 - [MESSAGE][PASSED] - Text '2.45' is present on page  using regular expression

2024-02-06 16:48:26 - [TEST_STEP][PASSED] - verifyTextPresent("Total Amount:", true): Text 'Total Amount:' is present on page  using regular expression

2024-02-06 16:48:26 - [MESSAGE][PASSED] - Text 'Total Amount:' is present on page  using regular expression

2024-02-06 16:48:26 - [TEST_STEP][PASSED] - verifyTextPresent("102.45", true): Text '102.45' is present on page  using regular expression

2024-02-06 16:48:26 - [MESSAGE][PASSED] - Text '102.45' is present on page  using regular expression

2024-02-06 16:48:26 - [TEST_STEP][PASSED] - verifyTextPresent("Two transactions will appear on your bank statement, one in the amount of", true): Text 'Two transactions will appear on your bank statement, one in the amount of' is present on page  using regular expression

2024-02-06 16:48:26 - [MESSAGE][PASSED] - Text 'Two transactions will appear on your bank statement, one in the amount of' is present on page  using regular expression

2024-02-06 16:48:26 - [TEST_STEP][PASSED] - if (verifyElementPresent(findTestObject(orPath_ServiceFeesAccept + "/input_convFeeNotifyAction"), 30)): null

2024-02-06 16:48:27 - [MESSAGE][PASSED] - Object 'Object Repository/RAD_Pages/ServiceFeeAccept_Page/input_convFeeNotifyAction' is present

2024-02-06 16:48:27 - [TEST_STEP][PASSED] - resText = "Pass": null

2024-02-06 16:48:27 - [TEST_STEP][PASSED] - pages.WriteExcel.demoKey(resText, datText, resColumn, datCloumn, fileLoc, nameSheet, row): pages.WriteExcel.demoKey is PASSED

2024-02-06 16:48:27 - [MESSAGE][PASSED] - pages.WriteExcel.demoKey is PASSED

2024-02-06 16:48:27 - [TEST_STEP][PASSED] - if (execProfile == "QAProfile" || execProfile == "QA2Profile"): Text 'Successful Payment Receipt' is present on page  using regular expression

2024-02-06 16:48:27 - [TEST_STEP][PASSED] - click(findTestObject(orPath_ServiceFeesAccept + "/input_convFeeNotifyAction")): Object: 'Object Repository/RAD_Pages/ServiceFeeAccept_Page/input_convFeeNotifyAction' is clicked on

2024-02-06 16:48:28 - [MESSAGE][PASSED] - Object: 'Object Repository/RAD_Pages/ServiceFeeAccept_Page/input_convFeeNotifyAction' is clicked on

2024-02-06 16:48:28 - [TEST_STEP][PASSED] - delay(10): Delayed 10 second(s)

2024-02-06 16:48:38 - [MESSAGE][PASSED] - Delayed 10 second(s)

2024-02-06 16:48:38 - [TEST_STEP][PASSED] - verifyTextPresent("Successful Payment Receipt", true): Text 'Successful Payment Receipt' is present on page  using regular expression

2024-02-06 16:48:38 - [MESSAGE][PASSED] - Text 'Successful Payment Receipt' is present on page  using regular expression

2024-02-06 16:48:38 - [TEST_STEP][PASSED] - ExecuteTC = findTestData(dataFile).getValue("Execute", row): null

2024-02-06 16:48:38 - [TEST_STEP][PASSED] - TaxType = findTestData(dataFile).getValue("TaxType", row): null

2024-02-06 16:48:38 - [TEST_STEP][PASSED] - PaymentType = findTestData(dataFile).getValue("PaymentType", row): null

2024-02-06 16:48:38 - [TEST_STEP][PASSED] - FilingYear = findTestData(dataFile).getValue("Year", row): null

2024-02-06 16:48:38 - [TEST_STEP][PASSED] - feinSSN = findTestData(dataFile).getValue("FeinSsn", row): null

2024-02-06 16:48:38 - [TEST_STEP][PASSED] - if (ExecuteTC.equalsIgnoreCase("Y")): null

2024-02-06 16:48:38 - [TEST_STEP][PASSED] - out.println("Begin Record Number: " + row): null

2024-02-06 16:48:38 - [TEST_STEP][PASSED] - today = new java.util.Date(): null

2024-02-06 16:48:38 - [TEST_STEP][PASSED] - println(today): null

2024-02-06 16:48:38 - [TEST_STEP][PASSED] - datText = today: null

2024-02-06 16:48:38 - [TEST_STEP][PASSED] - logInfo("Payment Type: New Tax Return Amount Due"): Payment Type: New Tax Return Amount Due

2024-02-06 16:48:38 - [MESSAGE][INFO] - Payment Type: New Tax Return Amount Due

2024-02-06 16:48:38 - [TEST_STEP][PASSED] - logInfo("Tax Type: " + TaxType): Tax Type: PTE Tax Electing Non-S Corp

2024-02-06 16:48:38 - [MESSAGE][INFO] - Tax Type: PTE Tax Electing Non-S Corp

2024-02-06 16:48:38 - [TEST_STEP][PASSED] - openBrowser(""): Browser is opened with url: ''

2024-02-06 16:48:38 - [MESSAGE][WARNING] - A browser is already opened. Closing browser and opening a new one

2024-02-06 16:48:39 - [MESSAGE][INFO] - Starting 'Chrome' driver

2024-02-06 16:48:39 - [MESSAGE][INFO] - User set preference: ['acceptInsecureCerts', 'true']

2024-02-06 16:48:39 - [MESSAGE][INFO] - Action delay is set to 0 milliseconds

2024-02-06 16:48:41 - [MESSAGE][PASSED] - Browser is opened with url: ''

2024-02-06 16:48:41 - [TEST_STEP][PASSED] - maximizeWindow(): Current window maximized

2024-02-06 16:48:41 - [MESSAGE][PASSED] - Current window maximized

2024-02-06 16:48:41 - [TEST_STEP][PASSED] - navigateToUrl(RADurl): Navigate to 'https://qa2.velocitypayment.com/client/rad/index.html' successfully

2024-02-06 16:48:41 - [MESSAGE][PASSED] - Navigate to 'https://qa2.velocitypayment.com/client/rad/index.html' successfully

2024-02-06 16:48:41 - [TEST_STEP][PASSED] - selectOptionByLabel(findTestObject(orPath_Landing + "/dd_TaxType"), "New Tax Return Amount Due", false): All options with label 'New Tax Return Amount Due' are selected in object 'Object Repository/RAD_Pages/Landing_Page/dd_TaxType' 

2024-02-06 16:48:43 - [MESSAGE][PASSED] - All options with label 'New Tax Return Amount Due' are selected in object 'Object Repository/RAD_Pages/Landing_Page/dd_TaxType' 

2024-02-06 16:48:43 - [TEST_STEP][PASSED] - selectOptionByLabel(findTestObject("Object Repository/RAD_Pages/Landing_Page/select_NewTaxReturnAmountDue_TaxType"), TaxType, false): All options with label 'PTE Tax Electing Non-S Corp' are selected in object 'Object Repository/RAD_Pages/Landing_Page/select_NewTaxReturnAmountDue_TaxType' 

2024-02-06 16:48:44 - [MESSAGE][PASSED] - All options with label 'PTE Tax Electing Non-S Corp' are selected in object 'Object Repository/RAD_Pages/Landing_Page/select_NewTaxReturnAmountDue_TaxType' 

2024-02-06 16:48:44 - [TEST_STEP][PASSED] - selectOptionByLabel(findTestObject(orPath_TaxTypeFilingYear + "/select_FilingYear"), FilingYear, false): All options with label '2022' are selected in object 'Object Repository/RAD_Pages/TaxTypeFilingYear_Page/select_FilingYear' 

2024-02-06 16:48:45 - [MESSAGE][PASSED] - All options with label '2022' are selected in object 'Object Repository/RAD_Pages/TaxTypeFilingYear_Page/select_FilingYear' 

2024-02-06 16:48:45 - [TEST_STEP][PASSED] - rad.getSetDataRAD.setDataRADBusinessName(): rad.getSetDataRAD.setDataRADBusinessName is PASSED

2024-02-06 16:48:46 - [MESSAGE][PASSED] - Text 'My Company' is set on object 'Object Repository/RAD_Pages/Taxpayer_Page/input_businessName'

2024-02-06 16:48:46 - [MESSAGE][PASSED] - rad.getSetDataRAD.setDataRADBusinessName is PASSED

2024-02-06 16:48:46 - [TEST_STEP][PASSED] - rad.getSetDataRAD.setDataRADBusinessRep(): rad.getSetDataRAD.setDataRADBusinessRep is PASSED

2024-02-06 16:48:47 - [MESSAGE][PASSED] - Text 'BusRepFname' is set on object 'Object Repository/RAD_Pages/Taxpayer_Page/input_BusinessRepfirstName'

2024-02-06 16:48:47 - [MESSAGE][PASSED] - Text '' is set on object 'Object Repository/RAD_Pages/Taxpayer_Page/input_BusinessRepmiddleName'

2024-02-06 16:48:48 - [MESSAGE][PASSED] - Text 'BusRepLname' is set on object 'Object Repository/RAD_Pages/Taxpayer_Page/input_BusinessReplastName'

2024-02-06 16:48:49 - [MESSAGE][PASSED] - Text '' is set on object 'Object Repository/RAD_Pages/Taxpayer_Page/input_BusinessRepsuffix'

2024-02-06 16:48:49 - [MESSAGE][PASSED] - rad.getSetDataRAD.setDataRADBusinessRep is PASSED

2024-02-06 16:48:49 - [TEST_STEP][PASSED] - rad.getSetDataRAD.setDataRADAddress(): rad.getSetDataRAD.setDataRADAddress is PASSED

2024-02-06 16:48:50 - [MESSAGE][PASSED] - All options with label 'United States' are selected in object 'Object Repository/RAD_Pages/AddressAndContactInfo_Page/select_Country' 

2024-02-06 16:48:50 - [MESSAGE][PASSED] - Text '2508 Mandan Terrace' is set on object 'Object Repository/RAD_Pages/AddressAndContactInfo_Page/input_streetAddress1'

2024-02-06 16:48:51 - [MESSAGE][PASSED] - Text '' is set on object 'Object Repository/RAD_Pages/AddressAndContactInfo_Page/input_streetAddress2'

2024-02-06 16:48:52 - [MESSAGE][PASSED] - Text 'Gambrills' is set on object 'Object Repository/RAD_Pages/AddressAndContactInfo_Page/input_city'

2024-02-06 16:48:52 - [MESSAGE][PASSED] - All options with label 'Maryland' are selected in object 'Object Repository/RAD_Pages/AddressAndContactInfo_Page/select_State' 

2024-02-06 16:48:53 - [MESSAGE][PASSED] - Text '21054' is set on object 'Object Repository/RAD_Pages/AddressAndContactInfo_Page/input_zipCode'

2024-02-06 16:48:54 - [MESSAGE][PASSED] - Text '(703) 894-5000' is set on object 'Object Repository/RAD_Pages/AddressAndContactInfo_Page/input_phoneNumber'

2024-02-06 16:48:55 - [MESSAGE][PASSED] - Text 'iahmed@govolution.com' is set on object 'Object Repository/RAD_Pages/AddressAndContactInfo_Page/input_eMailAddress'

2024-02-06 16:48:56 - [MESSAGE][PASSED] - Text 'iahmed@govolution.com' is set on object 'Object Repository/RAD_Pages/AddressAndContactInfo_Page/input_reEnterEMailAddress'

2024-02-06 16:48:56 - [MESSAGE][PASSED] - rad.getSetDataRAD.setDataRADAddress is PASSED

2024-02-06 16:48:56 - [TEST_STEP][PASSED] - if (feinSSN.equalsIgnoreCase("Y")): rad.getSetDataRAD.setDataRADFEINSSN is PASSED

2024-02-06 16:48:56 - [TEST_STEP][PASSED] - rad.getSetDataRAD.setDataRADFEINSSN(): rad.getSetDataRAD.setDataRADFEINSSN is PASSED

2024-02-06 16:48:57 - [MESSAGE][PASSED] - Text ****** has been set on object 'Object Repository/RAD_Pages/TaxInfo_Page/input_TaxInfo_FeinSsn_New_2'

2024-02-06 16:48:57 - [MESSAGE][PASSED] - Text ****** has been set on object 'Object Repository/RAD_Pages/TaxInfo_Page/input_TaxInfo_RetypeFeinSsn_New_2'

2024-02-06 16:48:57 - [MESSAGE][PASSED] - rad.getSetDataRAD.setDataRADFEINSSN is PASSED

2024-02-06 16:48:57 - [TEST_STEP][PASSED] - if (TaxType.equalsIgnoreCase("Estate Tax")): null

2024-02-06 16:48:57 - [TEST_STEP][PASSED] - setText(findTestObject(orPath_Amount + "/input__paymentAmount"), "100.00"): Text '100.00' is set on object 'Object Repository/RAD_Pages/PaymentAmount_Page/input__paymentAmount'

2024-02-06 16:48:58 - [MESSAGE][PASSED] - Text '100.00' is set on object 'Object Repository/RAD_Pages/PaymentAmount_Page/input__paymentAmount'

2024-02-06 16:48:58 - [TEST_STEP][PASSED] - setText(findTestObject(orPath_AddressContact + "/input_streetAddress2"), ""): Text '' is set on object 'Object Repository/RAD_Pages/AddressAndContactInfo_Page/input_streetAddress2'

2024-02-06 16:48:59 - [MESSAGE][PASSED] - Text '' is set on object 'Object Repository/RAD_Pages/AddressAndContactInfo_Page/input_streetAddress2'

2024-02-06 16:48:59 - [TEST_STEP][PASSED] - scrollToElement(findTestObject(orPath_Landing + "/button_Continue"), 3): Scroll to object 'Object Repository/RAD_Pages/Landing_Page/button_Continue' successfully

2024-02-06 16:48:59 - [MESSAGE][PASSED] - Scroll to object 'Object Repository/RAD_Pages/Landing_Page/button_Continue' successfully

2024-02-06 16:48:59 - [TEST_STEP][PASSED] - waitForElementClickable(findTestObject(orPath_Landing + "/button_Continue"), 5): Object 'Object Repository/RAD_Pages/Landing_Page/button_Continue' is clickable

2024-02-06 16:49:00 - [MESSAGE][PASSED] - Object 'Object Repository/RAD_Pages/Landing_Page/button_Continue' is clickable

2024-02-06 16:49:00 - [TEST_STEP][PASSED] - click(findTestObject(orPath_Landing + "/button_Continue")): Object: 'Object Repository/RAD_Pages/Landing_Page/button_Continue' is clicked on

2024-02-06 16:49:00 - [MESSAGE][PASSED] - Object: 'Object Repository/RAD_Pages/Landing_Page/button_Continue' is clicked on

2024-02-06 16:49:00 - [TEST_STEP][PASSED] - delay(2): Delayed 2 second(s)

2024-02-06 16:49:02 - [MESSAGE][PASSED] - Delayed 2 second(s)

2024-02-06 16:49:02 - [TEST_STEP][PASSED] - click(findTestObject(orPath_Summary + "/button_Proceed to Payment")): Object: 'Object Repository/RAD_Pages/Summary_Page/button_Proceed to Payment' is clicked on

2024-02-06 16:49:03 - [MESSAGE][PASSED] - Object: 'Object Repository/RAD_Pages/Summary_Page/button_Proceed to Payment' is clicked on

2024-02-06 16:49:03 - [TEST_STEP][PASSED] - if (verifyElementPresent(findTestObject("Object Repository/RAD_Pages/PaymentEntry_Page/input__billingName"), 30)): null

2024-02-06 16:49:04 - [MESSAGE][PASSED] - Object 'Object Repository/RAD_Pages/PaymentEntry_Page/input__billingName' is present

2024-02-06 16:49:04 - [TEST_STEP][PASSED] - verifyTextPresent("Comptroller of Maryland", true): Text 'Comptroller of Maryland' is present on page  using regular expression

2024-02-06 16:49:04 - [MESSAGE][PASSED] - Text 'Comptroller of Maryland' is present on page  using regular expression

2024-02-06 16:49:04 - [TEST_STEP][PASSED] - verifyTextPresent("Revenue Administration Division", true): Text 'Revenue Administration Division' is present on page  using regular expression

2024-02-06 16:49:05 - [MESSAGE][PASSED] - Text 'Revenue Administration Division' is present on page  using regular expression

2024-02-06 16:49:05 - [TEST_STEP][PASSED] - verifyTextPresent("Payment Information", true): Text 'Payment Information' is present on page  using regular expression

2024-02-06 16:49:05 - [MESSAGE][PASSED] - Text 'Payment Information' is present on page  using regular expression

2024-02-06 16:49:05 - [TEST_STEP][PASSED] - card_Name = getAttribute(findTestObject("Object Repository/RAD_Pages/PaymentEntry_Page/input__billingName"), "value"): Attribute 'value' of object 'Object Repository/RAD_Pages/PaymentEntry_Page/input__billingName' is: 'BusRepFname BusRepLname'

2024-02-06 16:49:05 - [MESSAGE][PASSED] - Attribute 'value' of object 'Object Repository/RAD_Pages/PaymentEntry_Page/input__billingName' is: 'BusRepFname BusRepLname'

2024-02-06 16:49:05 - [TEST_STEP][PASSED] - verifyMatch("BusRepFname BusRepLname", card_Name, false): Actual text 'BusRepFname BusRepLname' and expected text 'BusRepFname BusRepLname' are matched 

2024-02-06 16:49:05 - [MESSAGE][PASSED] - Actual text 'BusRepFname BusRepLname' and expected text 'BusRepFname BusRepLname' are matched 

2024-02-06 16:49:05 - [TEST_STEP][PASSED] - AL1 = getAttribute(findTestObject("Object Repository/RAD_Pages/PaymentEntry_Page/input_billingAddress"), "value"): Attribute 'value' of object 'Object Repository/RAD_Pages/PaymentEntry_Page/input_billingAddress' is: '2508 Mandan Terrace'

2024-02-06 16:49:06 - [MESSAGE][PASSED] - Attribute 'value' of object 'Object Repository/RAD_Pages/PaymentEntry_Page/input_billingAddress' is: '2508 Mandan Terrace'

2024-02-06 16:49:06 - [TEST_STEP][PASSED] - verifyMatch("2508 Mandan Terrace", AL1, false): Actual text '2508 Mandan Terrace' and expected text '2508 Mandan Terrace' are matched 

2024-02-06 16:49:06 - [MESSAGE][PASSED] - Actual text '2508 Mandan Terrace' and expected text '2508 Mandan Terrace' are matched 

2024-02-06 16:49:06 - [TEST_STEP][PASSED] - AL2 = getAttribute(findTestObject("Object Repository/RAD_Pages/PaymentEntry_Page/input_billingAddress2"), "value"): Attribute 'value' of object 'Object Repository/RAD_Pages/PaymentEntry_Page/input_billingAddress2' is: ''

2024-02-06 16:49:06 - [MESSAGE][PASSED] - Attribute 'value' of object 'Object Repository/RAD_Pages/PaymentEntry_Page/input_billingAddress2' is: ''

2024-02-06 16:49:06 - [TEST_STEP][PASSED] - verifyMatch("", AL2, false): Actual text '' and expected text '' are matched 

2024-02-06 16:49:06 - [MESSAGE][PASSED] - Actual text '' and expected text '' are matched 

2024-02-06 16:49:06 - [TEST_STEP][PASSED] - zipCode = getAttribute(findTestObject("Object Repository/RAD_Pages/PaymentEntry_Page/input_billingZip"), "value"): Attribute 'value' of object 'Object Repository/RAD_Pages/PaymentEntry_Page/input_billingZip' is: '21054'

2024-02-06 16:49:06 - [MESSAGE][PASSED] - Attribute 'value' of object 'Object Repository/RAD_Pages/PaymentEntry_Page/input_billingZip' is: '21054'

2024-02-06 16:49:06 - [TEST_STEP][PASSED] - verifyMatch("21054", zipCode, false): Actual text '21054' and expected text '21054' are matched 

2024-02-06 16:49:06 - [MESSAGE][PASSED] - Actual text '21054' and expected text '21054' are matched 

2024-02-06 16:49:06 - [TEST_STEP][PASSED] - city = getAttribute(findTestObject("Object Repository/RAD_Pages/PaymentEntry_Page/input_billingCity"), "value"): Attribute 'value' of object 'Object Repository/RAD_Pages/PaymentEntry_Page/input_billingCity' is: 'GAMBRILLS'

2024-02-06 16:49:07 - [MESSAGE][PASSED] - Attribute 'value' of object 'Object Repository/RAD_Pages/PaymentEntry_Page/input_billingCity' is: 'GAMBRILLS'

2024-02-06 16:49:07 - [TEST_STEP][PASSED] - verifyMatch("GAMBRILLS", city, false): Actual text 'GAMBRILLS' and expected text 'GAMBRILLS' are matched 

2024-02-06 16:49:07 - [MESSAGE][PASSED] - Actual text 'GAMBRILLS' and expected text 'GAMBRILLS' are matched 

2024-02-06 16:49:07 - [TEST_STEP][PASSED] - email = getAttribute(findTestObject("Object Repository/RAD_Pages/PaymentEntry_Page/input_emailAddress"), "value"): Attribute 'value' of object 'Object Repository/RAD_Pages/PaymentEntry_Page/input_emailAddress' is: 'iahmed@govolution.com'

2024-02-06 16:49:07 - [MESSAGE][PASSED] - Attribute 'value' of object 'Object Repository/RAD_Pages/PaymentEntry_Page/input_emailAddress' is: 'iahmed@govolution.com'

2024-02-06 16:49:07 - [TEST_STEP][PASSED] - verifyMatch("iahmed@govolution.com", email, false): Actual text 'iahmed@govolution.com' and expected text 'iahmed@govolution.com' are matched 

2024-02-06 16:49:07 - [MESSAGE][PASSED] - Actual text 'iahmed@govolution.com' and expected text 'iahmed@govolution.com' are matched 

2024-02-06 16:49:07 - [TEST_STEP][PASSED] - amount = getAttribute(findTestObject("Object Repository/RAD_Pages/PaymentEntry_Page/input_amount"), "value"): Attribute 'value' of object 'Object Repository/RAD_Pages/PaymentEntry_Page/input_amount' is: '100.00'

2024-02-06 16:49:07 - [MESSAGE][PASSED] - Attribute 'value' of object 'Object Repository/RAD_Pages/PaymentEntry_Page/input_amount' is: '100.00'

2024-02-06 16:49:07 - [TEST_STEP][PASSED] - verifyMatch("100.00", amount, false): Actual text '100.00' and expected text '100.00' are matched 

2024-02-06 16:49:07 - [MESSAGE][PASSED] - Actual text '100.00' and expected text '100.00' are matched 

2024-02-06 16:49:07 - [TEST_STEP][PASSED] - amountReadOnly = getAttribute(findTestObject("Object Repository/RAD_Pages/PaymentEntry_Page/input_amount"), "readonly"): Attribute 'readonly' of object 'Object Repository/RAD_Pages/PaymentEntry_Page/input_amount' is: 'true'

2024-02-06 16:49:08 - [MESSAGE][PASSED] - Attribute 'readonly' of object 'Object Repository/RAD_Pages/PaymentEntry_Page/input_amount' is: 'true'

2024-02-06 16:49:08 - [TEST_STEP][PASSED] - verifyMatch("true", amountReadOnly, false): Actual text 'true' and expected text 'true' are matched 

2024-02-06 16:49:08 - [MESSAGE][PASSED] - Actual text 'true' and expected text 'true' are matched 

2024-02-06 16:49:08 - [TEST_STEP][PASSED] - verifyOptionSelectedByLabel(findTestObject("Object Repository/RAD_Pages/PaymentEntry_Page/select_Country"), "United States", false, 20): All options with label 'United States' are selected in object 'Object Repository/RAD_Pages/PaymentEntry_Page/select_Country' 

2024-02-06 16:49:09 - [MESSAGE][PASSED] - All options with label 'United States' are selected in object 'Object Repository/RAD_Pages/PaymentEntry_Page/select_Country' 

2024-02-06 16:49:09 - [TEST_STEP][PASSED] - verifyOptionSelectedByLabel(findTestObject("Object Repository/RAD_Pages/PaymentEntry_Page/select_State"), "Maryland", false, 20): All options with label 'Maryland' are selected in object 'Object Repository/RAD_Pages/PaymentEntry_Page/select_State' 

2024-02-06 16:49:11 - [MESSAGE][PASSED] - All options with label 'Maryland' are selected in object 'Object Repository/RAD_Pages/PaymentEntry_Page/select_State' 

2024-02-06 16:49:11 - [TEST_STEP][PASSED] - setText(findTestObject(orPath_PaymentEntry + "/input__cardNumber"), "4111111111111111"): Text '4111111111111111' is set on object 'Object Repository/RAD_Pages/PaymentEntry_Page/input__cardNumber'

2024-02-06 16:49:12 - [MESSAGE][PASSED] - Text '4111111111111111' is set on object 'Object Repository/RAD_Pages/PaymentEntry_Page/input__cardNumber'

2024-02-06 16:49:12 - [TEST_STEP][PASSED] - setText(findTestObject(orPath_PaymentEntry + "/input__spc"), "123"): Text '123' is set on object 'Object Repository/RAD_Pages/PaymentEntry_Page/input__spc'

2024-02-06 16:49:13 - [MESSAGE][PASSED] - Text '123' is set on object 'Object Repository/RAD_Pages/PaymentEntry_Page/input__spc'

2024-02-06 16:49:13 - [TEST_STEP][PASSED] - selectOptionByLabel(findTestObject(orPath_PaymentEntry + "/select_MM"), "12", false): All options with label '12' are selected in object 'Object Repository/RAD_Pages/PaymentEntry_Page/select_MM' 

2024-02-06 16:49:13 - [MESSAGE][PASSED] - All options with label '12' are selected in object 'Object Repository/RAD_Pages/PaymentEntry_Page/select_MM' 

2024-02-06 16:49:13 - [TEST_STEP][PASSED] - selectOptionByLabel(findTestObject(orPath_PaymentEntry + "/select_YYYY"), "2028", false): All options with label '2028' are selected in object 'Object Repository/RAD_Pages/PaymentEntry_Page/select_YYYY' 

2024-02-06 16:49:14 - [MESSAGE][PASSED] - All options with label '2028' are selected in object 'Object Repository/RAD_Pages/PaymentEntry_Page/select_YYYY' 

2024-02-06 16:49:14 - [TEST_STEP][PASSED] - click(findTestObject(orPath_PaymentEntry + "/input_Field_ccSubmit")): Object: 'Object Repository/RAD_Pages/PaymentEntry_Page/input_Field_ccSubmit' is clicked on

2024-02-06 16:49:15 - [MESSAGE][PASSED] - Object: 'Object Repository/RAD_Pages/PaymentEntry_Page/input_Field_ccSubmit' is clicked on

2024-02-06 16:49:15 - [TEST_STEP][PASSED] - click(findTestObject(orPath_PaymentConfirmation + "/input_N_confirmNotifyAction")): Object: 'Object Repository/RAD_Pages/PaymentConfirmation_Page/input_N_confirmNotifyAction' is clicked on

2024-02-06 16:49:16 - [MESSAGE][PASSED] - Object: 'Object Repository/RAD_Pages/PaymentConfirmation_Page/input_N_confirmNotifyAction' is clicked on

2024-02-06 16:49:16 - [TEST_STEP][PASSED] - verifyTextPresent("Service Fee Acceptance", true): Text 'Service Fee Acceptance' is present on page  using regular expression

2024-02-06 16:49:17 - [MESSAGE][PASSED] - Text 'Service Fee Acceptance' is present on page  using regular expression

2024-02-06 16:49:17 - [TEST_STEP][PASSED] - verifyTextPresent("This transaction is subject to a Service Fee of ", true): Text 'This transaction is subject to a Service Fee of ' is present on page  using regular expression

2024-02-06 16:49:17 - [MESSAGE][PASSED] - Text 'This transaction is subject to a Service Fee of ' is present on page  using regular expression

2024-02-06 16:49:17 - [TEST_STEP][PASSED] - verifyTextPresent("Payment Amount:", true): Text 'Payment Amount:' is present on page  using regular expression

2024-02-06 16:49:17 - [MESSAGE][PASSED] - Text 'Payment Amount:' is present on page  using regular expression

2024-02-06 16:49:17 - [TEST_STEP][PASSED] - verifyTextPresent("100.00", true): Text '100.00' is present on page  using regular expression

2024-02-06 16:49:17 - [MESSAGE][PASSED] - Text '100.00' is present on page  using regular expression

2024-02-06 16:49:17 - [TEST_STEP][PASSED] - verifyTextPresent("Service Fee:", true): Text 'Service Fee:' is present on page  using regular expression

2024-02-06 16:49:18 - [MESSAGE][PASSED] - Text 'Service Fee:' is present on page  using regular expression

2024-02-06 16:49:18 - [TEST_STEP][PASSED] - verifyTextPresent("2.45", true): Text '2.45' is present on page  using regular expression

2024-02-06 16:49:18 - [MESSAGE][PASSED] - Text '2.45' is present on page  using regular expression

2024-02-06 16:49:18 - [TEST_STEP][PASSED] - verifyTextPresent("Total Amount:", true): Text 'Total Amount:' is present on page  using regular expression

2024-02-06 16:49:18 - [MESSAGE][PASSED] - Text 'Total Amount:' is present on page  using regular expression

2024-02-06 16:49:18 - [TEST_STEP][PASSED] - verifyTextPresent("102.45", true): Text '102.45' is present on page  using regular expression

2024-02-06 16:49:19 - [MESSAGE][PASSED] - Text '102.45' is present on page  using regular expression

2024-02-06 16:49:19 - [TEST_STEP][PASSED] - verifyTextPresent("Two transactions will appear on your bank statement, one in the amount of", true): Text 'Two transactions will appear on your bank statement, one in the amount of' is present on page  using regular expression

2024-02-06 16:49:19 - [MESSAGE][PASSED] - Text 'Two transactions will appear on your bank statement, one in the amount of' is present on page  using regular expression

2024-02-06 16:49:19 - [TEST_STEP][PASSED] - if (verifyElementPresent(findTestObject(orPath_ServiceFeesAccept + "/input_convFeeNotifyAction"), 30)): null

2024-02-06 16:49:19 - [MESSAGE][PASSED] - Object 'Object Repository/RAD_Pages/ServiceFeeAccept_Page/input_convFeeNotifyAction' is present

2024-02-06 16:49:19 - [TEST_STEP][PASSED] - resText = "Pass": null

2024-02-06 16:49:19 - [TEST_STEP][PASSED] - pages.WriteExcel.demoKey(resText, datText, resColumn, datCloumn, fileLoc, nameSheet, row): pages.WriteExcel.demoKey is PASSED

2024-02-06 16:49:19 - [MESSAGE][PASSED] - pages.WriteExcel.demoKey is PASSED

2024-02-06 16:49:19 - [TEST_STEP][PASSED] - if (execProfile == "QAProfile" || execProfile == "QA2Profile"): Text 'Successful Payment Receipt' is present on page  using regular expression

2024-02-06 16:49:19 - [TEST_STEP][PASSED] - click(findTestObject(orPath_ServiceFeesAccept + "/input_convFeeNotifyAction")): Object: 'Object Repository/RAD_Pages/ServiceFeeAccept_Page/input_convFeeNotifyAction' is clicked on

2024-02-06 16:49:20 - [MESSAGE][PASSED] - Object: 'Object Repository/RAD_Pages/ServiceFeeAccept_Page/input_convFeeNotifyAction' is clicked on

2024-02-06 16:49:20 - [TEST_STEP][PASSED] - delay(10): Delayed 10 second(s)

2024-02-06 16:49:30 - [MESSAGE][PASSED] - Delayed 10 second(s)

2024-02-06 16:49:30 - [TEST_STEP][PASSED] - verifyTextPresent("Successful Payment Receipt", true): Text 'Successful Payment Receipt' is present on page  using regular expression

2024-02-06 16:49:30 - [MESSAGE][PASSED] - Text 'Successful Payment Receipt' is present on page  using regular expression

2024-02-06 16:49:30 - [TEST_STEP][PASSED] - ExecuteTC = findTestData(dataFile).getValue("Execute", row): null

2024-02-06 16:49:31 - [TEST_STEP][PASSED] - TaxType = findTestData(dataFile).getValue("TaxType", row): null

2024-02-06 16:49:31 - [TEST_STEP][PASSED] - PaymentType = findTestData(dataFile).getValue("PaymentType", row): null

2024-02-06 16:49:31 - [TEST_STEP][PASSED] - FilingYear = findTestData(dataFile).getValue("Year", row): null

2024-02-06 16:49:31 - [TEST_STEP][PASSED] - feinSSN = findTestData(dataFile).getValue("FeinSsn", row): null

2024-02-06 16:49:31 - [TEST_STEP][PASSED] - if (ExecuteTC.equalsIgnoreCase("Y")): null

2024-02-06 16:49:31 - [TEST_STEP][PASSED] - out.println("Begin Record Number: " + row): null

2024-02-06 16:49:31 - [TEST_STEP][PASSED] - today = new java.util.Date(): null

2024-02-06 16:49:31 - [TEST_STEP][PASSED] - println(today): null

2024-02-06 16:49:31 - [TEST_STEP][PASSED] - datText = today: null

2024-02-06 16:49:31 - [TEST_STEP][PASSED] - logInfo("Payment Type: New Tax Return Amount Due"): Payment Type: New Tax Return Amount Due

2024-02-06 16:49:31 - [MESSAGE][INFO] - Payment Type: New Tax Return Amount Due

2024-02-06 16:49:31 - [TEST_STEP][PASSED] - logInfo("Tax Type: " + TaxType): Tax Type: PTE Tax Electing S Corp

2024-02-06 16:49:31 - [MESSAGE][INFO] - Tax Type: PTE Tax Electing S Corp

2024-02-06 16:49:31 - [TEST_STEP][PASSED] - openBrowser(""): Browser is opened with url: ''

2024-02-06 16:49:31 - [MESSAGE][WARNING] - A browser is already opened. Closing browser and opening a new one

2024-02-06 16:49:32 - [MESSAGE][INFO] - Starting 'Chrome' driver

2024-02-06 16:49:32 - [MESSAGE][INFO] - User set preference: ['acceptInsecureCerts', 'true']

2024-02-06 16:49:32 - [MESSAGE][INFO] - Action delay is set to 0 milliseconds

2024-02-06 16:49:33 - [MESSAGE][PASSED] - Browser is opened with url: ''

2024-02-06 16:49:33 - [TEST_STEP][PASSED] - maximizeWindow(): Current window maximized

2024-02-06 16:49:34 - [MESSAGE][PASSED] - Current window maximized

2024-02-06 16:49:34 - [TEST_STEP][PASSED] - navigateToUrl(RADurl): Navigate to 'https://qa2.velocitypayment.com/client/rad/index.html' successfully

2024-02-06 16:49:35 - [MESSAGE][PASSED] - Navigate to 'https://qa2.velocitypayment.com/client/rad/index.html' successfully

2024-02-06 16:49:35 - [TEST_STEP][PASSED] - selectOptionByLabel(findTestObject(orPath_Landing + "/dd_TaxType"), "New Tax Return Amount Due", false): All options with label 'New Tax Return Amount Due' are selected in object 'Object Repository/RAD_Pages/Landing_Page/dd_TaxType' 

2024-02-06 16:49:36 - [MESSAGE][PASSED] - All options with label 'New Tax Return Amount Due' are selected in object 'Object Repository/RAD_Pages/Landing_Page/dd_TaxType' 

2024-02-06 16:49:36 - [TEST_STEP][PASSED] - selectOptionByLabel(findTestObject("Object Repository/RAD_Pages/Landing_Page/select_NewTaxReturnAmountDue_TaxType"), TaxType, false): All options with label 'PTE Tax Electing S Corp' are selected in object 'Object Repository/RAD_Pages/Landing_Page/select_NewTaxReturnAmountDue_TaxType' 

2024-02-06 16:49:37 - [MESSAGE][PASSED] - All options with label 'PTE Tax Electing S Corp' are selected in object 'Object Repository/RAD_Pages/Landing_Page/select_NewTaxReturnAmountDue_TaxType' 

2024-02-06 16:49:37 - [TEST_STEP][PASSED] - selectOptionByLabel(findTestObject(orPath_TaxTypeFilingYear + "/select_FilingYear"), FilingYear, false): All options with label '2022' are selected in object 'Object Repository/RAD_Pages/TaxTypeFilingYear_Page/select_FilingYear' 

2024-02-06 16:49:37 - [MESSAGE][PASSED] - All options with label '2022' are selected in object 'Object Repository/RAD_Pages/TaxTypeFilingYear_Page/select_FilingYear' 

2024-02-06 16:49:37 - [TEST_STEP][PASSED] - rad.getSetDataRAD.setDataRADBusinessName(): rad.getSetDataRAD.setDataRADBusinessName is PASSED

2024-02-06 16:49:38 - [MESSAGE][PASSED] - Text 'My Company' is set on object 'Object Repository/RAD_Pages/Taxpayer_Page/input_businessName'

2024-02-06 16:49:38 - [MESSAGE][PASSED] - rad.getSetDataRAD.setDataRADBusinessName is PASSED

2024-02-06 16:49:38 - [TEST_STEP][PASSED] - rad.getSetDataRAD.setDataRADBusinessRep(): rad.getSetDataRAD.setDataRADBusinessRep is PASSED

2024-02-06 16:49:39 - [MESSAGE][PASSED] - Text 'BusRepFname' is set on object 'Object Repository/RAD_Pages/Taxpayer_Page/input_BusinessRepfirstName'

2024-02-06 16:49:40 - [MESSAGE][PASSED] - Text '' is set on object 'Object Repository/RAD_Pages/Taxpayer_Page/input_BusinessRepmiddleName'

2024-02-06 16:49:41 - [MESSAGE][PASSED] - Text 'BusRepLname' is set on object 'Object Repository/RAD_Pages/Taxpayer_Page/input_BusinessReplastName'

2024-02-06 16:49:41 - [MESSAGE][PASSED] - Text '' is set on object 'Object Repository/RAD_Pages/Taxpayer_Page/input_BusinessRepsuffix'

2024-02-06 16:49:41 - [MESSAGE][PASSED] - rad.getSetDataRAD.setDataRADBusinessRep is PASSED

2024-02-06 16:49:41 - [TEST_STEP][PASSED] - rad.getSetDataRAD.setDataRADAddress(): rad.getSetDataRAD.setDataRADAddress is PASSED

2024-02-06 16:49:42 - [MESSAGE][PASSED] - All options with label 'United States' are selected in object 'Object Repository/RAD_Pages/AddressAndContactInfo_Page/select_Country' 

2024-02-06 16:49:43 - [MESSAGE][PASSED] - Text '2508 Mandan Terrace' is set on object 'Object Repository/RAD_Pages/AddressAndContactInfo_Page/input_streetAddress1'

2024-02-06 16:49:43 - [MESSAGE][PASSED] - Text '' is set on object 'Object Repository/RAD_Pages/AddressAndContactInfo_Page/input_streetAddress2'

2024-02-06 16:49:44 - [MESSAGE][PASSED] - Text 'Gambrills' is set on object 'Object Repository/RAD_Pages/AddressAndContactInfo_Page/input_city'

2024-02-06 16:49:45 - [MESSAGE][PASSED] - All options with label 'Maryland' are selected in object 'Object Repository/RAD_Pages/AddressAndContactInfo_Page/select_State' 

2024-02-06 16:49:46 - [MESSAGE][PASSED] - Text '21054' is set on object 'Object Repository/RAD_Pages/AddressAndContactInfo_Page/input_zipCode'

2024-02-06 16:49:46 - [MESSAGE][PASSED] - Text '(703) 894-5000' is set on object 'Object Repository/RAD_Pages/AddressAndContactInfo_Page/input_phoneNumber'

2024-02-06 16:49:47 - [MESSAGE][PASSED] - Text 'iahmed@govolution.com' is set on object 'Object Repository/RAD_Pages/AddressAndContactInfo_Page/input_eMailAddress'

2024-02-06 16:49:48 - [MESSAGE][PASSED] - Text 'iahmed@govolution.com' is set on object 'Object Repository/RAD_Pages/AddressAndContactInfo_Page/input_reEnterEMailAddress'

2024-02-06 16:49:48 - [MESSAGE][PASSED] - rad.getSetDataRAD.setDataRADAddress is PASSED

2024-02-06 16:49:48 - [TEST_STEP][PASSED] - if (feinSSN.equalsIgnoreCase("Y")): rad.getSetDataRAD.setDataRADFEINSSN is PASSED

2024-02-06 16:49:48 - [TEST_STEP][PASSED] - rad.getSetDataRAD.setDataRADFEINSSN(): rad.getSetDataRAD.setDataRADFEINSSN is PASSED

2024-02-06 16:49:49 - [MESSAGE][PASSED] - Text ****** has been set on object 'Object Repository/RAD_Pages/TaxInfo_Page/input_TaxInfo_FeinSsn_New_2'

2024-02-06 16:49:49 - [MESSAGE][PASSED] - Text ****** has been set on object 'Object Repository/RAD_Pages/TaxInfo_Page/input_TaxInfo_RetypeFeinSsn_New_2'

2024-02-06 16:49:49 - [MESSAGE][PASSED] - rad.getSetDataRAD.setDataRADFEINSSN is PASSED

2024-02-06 16:49:49 - [TEST_STEP][PASSED] - if (TaxType.equalsIgnoreCase("Estate Tax")): null

2024-02-06 16:49:49 - [TEST_STEP][PASSED] - setText(findTestObject(orPath_Amount + "/input__paymentAmount"), "100.00"): Text '100.00' is set on object 'Object Repository/RAD_Pages/PaymentAmount_Page/input__paymentAmount'

2024-02-06 16:49:50 - [MESSAGE][PASSED] - Text '100.00' is set on object 'Object Repository/RAD_Pages/PaymentAmount_Page/input__paymentAmount'

2024-02-06 16:49:50 - [TEST_STEP][PASSED] - setText(findTestObject(orPath_AddressContact + "/input_streetAddress2"), ""): Text '' is set on object 'Object Repository/RAD_Pages/AddressAndContactInfo_Page/input_streetAddress2'

2024-02-06 16:49:51 - [MESSAGE][PASSED] - Text '' is set on object 'Object Repository/RAD_Pages/AddressAndContactInfo_Page/input_streetAddress2'

2024-02-06 16:49:51 - [TEST_STEP][PASSED] - scrollToElement(findTestObject(orPath_Landing + "/button_Continue"), 3): Scroll to object 'Object Repository/RAD_Pages/Landing_Page/button_Continue' successfully

2024-02-06 16:49:51 - [MESSAGE][PASSED] - Scroll to object 'Object Repository/RAD_Pages/Landing_Page/button_Continue' successfully

2024-02-06 16:49:51 - [TEST_STEP][PASSED] - waitForElementClickable(findTestObject(orPath_Landing + "/button_Continue"), 5): Object 'Object Repository/RAD_Pages/Landing_Page/button_Continue' is clickable

2024-02-06 16:49:52 - [MESSAGE][PASSED] - Object 'Object Repository/RAD_Pages/Landing_Page/button_Continue' is clickable

2024-02-06 16:49:52 - [TEST_STEP][PASSED] - click(findTestObject(orPath_Landing + "/button_Continue")): Object: 'Object Repository/RAD_Pages/Landing_Page/button_Continue' is clicked on

2024-02-06 16:49:52 - [MESSAGE][PASSED] - Object: 'Object Repository/RAD_Pages/Landing_Page/button_Continue' is clicked on

2024-02-06 16:49:52 - [TEST_STEP][PASSED] - delay(2): Delayed 2 second(s)

2024-02-06 16:49:54 - [MESSAGE][PASSED] - Delayed 2 second(s)

2024-02-06 16:49:54 - [TEST_STEP][PASSED] - click(findTestObject(orPath_Summary + "/button_Proceed to Payment")): Object: 'Object Repository/RAD_Pages/Summary_Page/button_Proceed to Payment' is clicked on

2024-02-06 16:49:56 - [MESSAGE][PASSED] - Object: 'Object Repository/RAD_Pages/Summary_Page/button_Proceed to Payment' is clicked on

2024-02-06 16:49:56 - [TEST_STEP][PASSED] - if (verifyElementPresent(findTestObject("Object Repository/RAD_Pages/PaymentEntry_Page/input__billingName"), 30)): null

2024-02-06 16:49:56 - [MESSAGE][PASSED] - Object 'Object Repository/RAD_Pages/PaymentEntry_Page/input__billingName' is present

2024-02-06 16:49:56 - [TEST_STEP][PASSED] - verifyTextPresent("Comptroller of Maryland", true): Text 'Comptroller of Maryland' is present on page  using regular expression

2024-02-06 16:49:57 - [MESSAGE][PASSED] - Text 'Comptroller of Maryland' is present on page  using regular expression

2024-02-06 16:49:57 - [TEST_STEP][PASSED] - verifyTextPresent("Revenue Administration Division", true): Text 'Revenue Administration Division' is present on page  using regular expression

2024-02-06 16:49:57 - [MESSAGE][PASSED] - Text 'Revenue Administration Division' is present on page  using regular expression

2024-02-06 16:49:57 - [TEST_STEP][PASSED] - verifyTextPresent("Payment Information", true): Text 'Payment Information' is present on page  using regular expression

2024-02-06 16:49:57 - [MESSAGE][PASSED] - Text 'Payment Information' is present on page  using regular expression

2024-02-06 16:49:57 - [TEST_STEP][PASSED] - card_Name = getAttribute(findTestObject("Object Repository/RAD_Pages/PaymentEntry_Page/input__billingName"), "value"): Attribute 'value' of object 'Object Repository/RAD_Pages/PaymentEntry_Page/input__billingName' is: 'BusRepFname BusRepLname'

2024-02-06 16:49:58 - [MESSAGE][PASSED] - Attribute 'value' of object 'Object Repository/RAD_Pages/PaymentEntry_Page/input__billingName' is: 'BusRepFname BusRepLname'

2024-02-06 16:49:58 - [TEST_STEP][PASSED] - verifyMatch("BusRepFname BusRepLname", card_Name, false): Actual text 'BusRepFname BusRepLname' and expected text 'BusRepFname BusRepLname' are matched 

2024-02-06 16:49:58 - [MESSAGE][PASSED] - Actual text 'BusRepFname BusRepLname' and expected text 'BusRepFname BusRepLname' are matched 

2024-02-06 16:49:58 - [TEST_STEP][PASSED] - AL1 = getAttribute(findTestObject("Object Repository/RAD_Pages/PaymentEntry_Page/input_billingAddress"), "value"): Attribute 'value' of object 'Object Repository/RAD_Pages/PaymentEntry_Page/input_billingAddress' is: '2508 Mandan Terrace'

2024-02-06 16:49:58 - [MESSAGE][PASSED] - Attribute 'value' of object 'Object Repository/RAD_Pages/PaymentEntry_Page/input_billingAddress' is: '2508 Mandan Terrace'

2024-02-06 16:49:58 - [TEST_STEP][PASSED] - verifyMatch("2508 Mandan Terrace", AL1, false): Actual text '2508 Mandan Terrace' and expected text '2508 Mandan Terrace' are matched 

2024-02-06 16:49:58 - [MESSAGE][PASSED] - Actual text '2508 Mandan Terrace' and expected text '2508 Mandan Terrace' are matched 

2024-02-06 16:49:58 - [TEST_STEP][PASSED] - AL2 = getAttribute(findTestObject("Object Repository/RAD_Pages/PaymentEntry_Page/input_billingAddress2"), "value"): Attribute 'value' of object 'Object Repository/RAD_Pages/PaymentEntry_Page/input_billingAddress2' is: ''

2024-02-06 16:49:58 - [MESSAGE][PASSED] - Attribute 'value' of object 'Object Repository/RAD_Pages/PaymentEntry_Page/input_billingAddress2' is: ''

2024-02-06 16:49:58 - [TEST_STEP][PASSED] - verifyMatch("", AL2, false): Actual text '' and expected text '' are matched 

2024-02-06 16:49:58 - [MESSAGE][PASSED] - Actual text '' and expected text '' are matched 

2024-02-06 16:49:58 - [TEST_STEP][PASSED] - zipCode = getAttribute(findTestObject("Object Repository/RAD_Pages/PaymentEntry_Page/input_billingZip"), "value"): Attribute 'value' of object 'Object Repository/RAD_Pages/PaymentEntry_Page/input_billingZip' is: '21054'

2024-02-06 16:49:59 - [MESSAGE][PASSED] - Attribute 'value' of object 'Object Repository/RAD_Pages/PaymentEntry_Page/input_billingZip' is: '21054'

2024-02-06 16:49:59 - [TEST_STEP][PASSED] - verifyMatch("21054", zipCode, false): Actual text '21054' and expected text '21054' are matched 

2024-02-06 16:49:59 - [MESSAGE][PASSED] - Actual text '21054' and expected text '21054' are matched 

2024-02-06 16:49:59 - [TEST_STEP][PASSED] - city = getAttribute(findTestObject("Object Repository/RAD_Pages/PaymentEntry_Page/input_billingCity"), "value"): Attribute 'value' of object 'Object Repository/RAD_Pages/PaymentEntry_Page/input_billingCity' is: 'GAMBRILLS'

2024-02-06 16:49:59 - [MESSAGE][PASSED] - Attribute 'value' of object 'Object Repository/RAD_Pages/PaymentEntry_Page/input_billingCity' is: 'GAMBRILLS'

2024-02-06 16:49:59 - [TEST_STEP][PASSED] - verifyMatch("GAMBRILLS", city, false): Actual text 'GAMBRILLS' and expected text 'GAMBRILLS' are matched 

2024-02-06 16:49:59 - [MESSAGE][PASSED] - Actual text 'GAMBRILLS' and expected text 'GAMBRILLS' are matched 

2024-02-06 16:49:59 - [TEST_STEP][PASSED] - email = getAttribute(findTestObject("Object Repository/RAD_Pages/PaymentEntry_Page/input_emailAddress"), "value"): Attribute 'value' of object 'Object Repository/RAD_Pages/PaymentEntry_Page/input_emailAddress' is: 'iahmed@govolution.com'

2024-02-06 16:49:59 - [MESSAGE][PASSED] - Attribute 'value' of object 'Object Repository/RAD_Pages/PaymentEntry_Page/input_emailAddress' is: 'iahmed@govolution.com'

2024-02-06 16:49:59 - [TEST_STEP][PASSED] - verifyMatch("iahmed@govolution.com", email, false): Actual text 'iahmed@govolution.com' and expected text 'iahmed@govolution.com' are matched 

2024-02-06 16:49:59 - [MESSAGE][PASSED] - Actual text 'iahmed@govolution.com' and expected text 'iahmed@govolution.com' are matched 

2024-02-06 16:49:59 - [TEST_STEP][PASSED] - amount = getAttribute(findTestObject("Object Repository/RAD_Pages/PaymentEntry_Page/input_amount"), "value"): Attribute 'value' of object 'Object Repository/RAD_Pages/PaymentEntry_Page/input_amount' is: '100.00'

2024-02-06 16:50:00 - [MESSAGE][PASSED] - Attribute 'value' of object 'Object Repository/RAD_Pages/PaymentEntry_Page/input_amount' is: '100.00'

2024-02-06 16:50:00 - [TEST_STEP][PASSED] - verifyMatch("100.00", amount, false): Actual text '100.00' and expected text '100.00' are matched 

2024-02-06 16:50:00 - [MESSAGE][PASSED] - Actual text '100.00' and expected text '100.00' are matched 

2024-02-06 16:50:00 - [TEST_STEP][PASSED] - amountReadOnly = getAttribute(findTestObject("Object Repository/RAD_Pages/PaymentEntry_Page/input_amount"), "readonly"): Attribute 'readonly' of object 'Object Repository/RAD_Pages/PaymentEntry_Page/input_amount' is: 'true'

2024-02-06 16:50:00 - [MESSAGE][PASSED] - Attribute 'readonly' of object 'Object Repository/RAD_Pages/PaymentEntry_Page/input_amount' is: 'true'

2024-02-06 16:50:00 - [TEST_STEP][PASSED] - verifyMatch("true", amountReadOnly, false): Actual text 'true' and expected text 'true' are matched 

2024-02-06 16:50:00 - [MESSAGE][PASSED] - Actual text 'true' and expected text 'true' are matched 

2024-02-06 16:50:00 - [TEST_STEP][PASSED] - verifyOptionSelectedByLabel(findTestObject("Object Repository/RAD_Pages/PaymentEntry_Page/select_Country"), "United States", false, 20): All options with label 'United States' are selected in object 'Object Repository/RAD_Pages/PaymentEntry_Page/select_Country' 

2024-02-06 16:50:01 - [MESSAGE][PASSED] - All options with label 'United States' are selected in object 'Object Repository/RAD_Pages/PaymentEntry_Page/select_Country' 

2024-02-06 16:50:01 - [TEST_STEP][PASSED] - verifyOptionSelectedByLabel(findTestObject("Object Repository/RAD_Pages/PaymentEntry_Page/select_State"), "Maryland", false, 20): All options with label 'Maryland' are selected in object 'Object Repository/RAD_Pages/PaymentEntry_Page/select_State' 

2024-02-06 16:50:04 - [MESSAGE][PASSED] - All options with label 'Maryland' are selected in object 'Object Repository/RAD_Pages/PaymentEntry_Page/select_State' 

2024-02-06 16:50:04 - [TEST_STEP][PASSED] - setText(findTestObject(orPath_PaymentEntry + "/input__cardNumber"), "4111111111111111"): Text '4111111111111111' is set on object 'Object Repository/RAD_Pages/PaymentEntry_Page/input__cardNumber'

2024-02-06 16:50:04 - [MESSAGE][PASSED] - Text '4111111111111111' is set on object 'Object Repository/RAD_Pages/PaymentEntry_Page/input__cardNumber'

2024-02-06 16:50:04 - [TEST_STEP][PASSED] - setText(findTestObject(orPath_PaymentEntry + "/input__spc"), "123"): Text '123' is set on object 'Object Repository/RAD_Pages/PaymentEntry_Page/input__spc'

2024-02-06 16:50:05 - [MESSAGE][PASSED] - Text '123' is set on object 'Object Repository/RAD_Pages/PaymentEntry_Page/input__spc'

2024-02-06 16:50:05 - [TEST_STEP][PASSED] - selectOptionByLabel(findTestObject(orPath_PaymentEntry + "/select_MM"), "12", false): All options with label '12' are selected in object 'Object Repository/RAD_Pages/PaymentEntry_Page/select_MM' 

2024-02-06 16:50:06 - [MESSAGE][PASSED] - All options with label '12' are selected in object 'Object Repository/RAD_Pages/PaymentEntry_Page/select_MM' 

2024-02-06 16:50:06 - [TEST_STEP][PASSED] - selectOptionByLabel(findTestObject(orPath_PaymentEntry + "/select_YYYY"), "2028", false): All options with label '2028' are selected in object 'Object Repository/RAD_Pages/PaymentEntry_Page/select_YYYY' 

2024-02-06 16:50:07 - [MESSAGE][PASSED] - All options with label '2028' are selected in object 'Object Repository/RAD_Pages/PaymentEntry_Page/select_YYYY' 

2024-02-06 16:50:07 - [TEST_STEP][PASSED] - click(findTestObject(orPath_PaymentEntry + "/input_Field_ccSubmit")): Object: 'Object Repository/RAD_Pages/PaymentEntry_Page/input_Field_ccSubmit' is clicked on

2024-02-06 16:50:08 - [MESSAGE][PASSED] - Object: 'Object Repository/RAD_Pages/PaymentEntry_Page/input_Field_ccSubmit' is clicked on

2024-02-06 16:50:08 - [TEST_STEP][PASSED] - click(findTestObject(orPath_PaymentConfirmation + "/input_N_confirmNotifyAction")): Object: 'Object Repository/RAD_Pages/PaymentConfirmation_Page/input_N_confirmNotifyAction' is clicked on

2024-02-06 16:50:09 - [MESSAGE][PASSED] - Object: 'Object Repository/RAD_Pages/PaymentConfirmation_Page/input_N_confirmNotifyAction' is clicked on

2024-02-06 16:50:09 - [TEST_STEP][PASSED] - verifyTextPresent("Service Fee Acceptance", true): Text 'Service Fee Acceptance' is present on page  using regular expression

2024-02-06 16:50:09 - [MESSAGE][PASSED] - Text 'Service Fee Acceptance' is present on page  using regular expression

2024-02-06 16:50:09 - [TEST_STEP][PASSED] - verifyTextPresent("This transaction is subject to a Service Fee of ", true): Text 'This transaction is subject to a Service Fee of ' is present on page  using regular expression

2024-02-06 16:50:09 - [MESSAGE][PASSED] - Text 'This transaction is subject to a Service Fee of ' is present on page  using regular expression

2024-02-06 16:50:09 - [TEST_STEP][PASSED] - verifyTextPresent("Payment Amount:", true): Text 'Payment Amount:' is present on page  using regular expression

2024-02-06 16:50:10 - [MESSAGE][PASSED] - Text 'Payment Amount:' is present on page  using regular expression

2024-02-06 16:50:10 - [TEST_STEP][PASSED] - verifyTextPresent("100.00", true): Text '100.00' is present on page  using regular expression

2024-02-06 16:50:10 - [MESSAGE][PASSED] - Text '100.00' is present on page  using regular expression

2024-02-06 16:50:10 - [TEST_STEP][PASSED] - verifyTextPresent("Service Fee:", true): Text 'Service Fee:' is present on page  using regular expression

2024-02-06 16:50:10 - [MESSAGE][PASSED] - Text 'Service Fee:' is present on page  using regular expression

2024-02-06 16:50:10 - [TEST_STEP][PASSED] - verifyTextPresent("2.45", true): Text '2.45' is present on page  using regular expression

2024-02-06 16:50:11 - [MESSAGE][PASSED] - Text '2.45' is present on page  using regular expression

2024-02-06 16:50:11 - [TEST_STEP][PASSED] - verifyTextPresent("Total Amount:", true): Text 'Total Amount:' is present on page  using regular expression

2024-02-06 16:50:11 - [MESSAGE][PASSED] - Text 'Total Amount:' is present on page  using regular expression

2024-02-06 16:50:11 - [TEST_STEP][PASSED] - verifyTextPresent("102.45", true): Text '102.45' is present on page  using regular expression

2024-02-06 16:50:11 - [MESSAGE][PASSED] - Text '102.45' is present on page  using regular expression

2024-02-06 16:50:11 - [TEST_STEP][PASSED] - verifyTextPresent("Two transactions will appear on your bank statement, one in the amount of", true): Text 'Two transactions will appear on your bank statement, one in the amount of' is present on page  using regular expression

2024-02-06 16:50:12 - [MESSAGE][PASSED] - Text 'Two transactions will appear on your bank statement, one in the amount of' is present on page  using regular expression

2024-02-06 16:50:12 - [TEST_STEP][PASSED] - if (verifyElementPresent(findTestObject(orPath_ServiceFeesAccept + "/input_convFeeNotifyAction"), 30)): null

2024-02-06 16:50:12 - [MESSAGE][PASSED] - Object 'Object Repository/RAD_Pages/ServiceFeeAccept_Page/input_convFeeNotifyAction' is present

2024-02-06 16:50:12 - [TEST_STEP][PASSED] - resText = "Pass": null

2024-02-06 16:50:12 - [TEST_STEP][PASSED] - pages.WriteExcel.demoKey(resText, datText, resColumn, datCloumn, fileLoc, nameSheet, row): pages.WriteExcel.demoKey is PASSED

2024-02-06 16:50:12 - [MESSAGE][PASSED] - pages.WriteExcel.demoKey is PASSED

2024-02-06 16:50:12 - [TEST_STEP][PASSED] - if (execProfile == "QAProfile" || execProfile == "QA2Profile"): Text 'Successful Payment Receipt' is present on page  using regular expression

2024-02-06 16:50:12 - [TEST_STEP][PASSED] - click(findTestObject(orPath_ServiceFeesAccept + "/input_convFeeNotifyAction")): Object: 'Object Repository/RAD_Pages/ServiceFeeAccept_Page/input_convFeeNotifyAction' is clicked on

2024-02-06 16:50:13 - [MESSAGE][PASSED] - Object: 'Object Repository/RAD_Pages/ServiceFeeAccept_Page/input_convFeeNotifyAction' is clicked on

2024-02-06 16:50:13 - [TEST_STEP][PASSED] - delay(10): Delayed 10 second(s)

2024-02-06 16:50:23 - [MESSAGE][PASSED] - Delayed 10 second(s)

2024-02-06 16:50:23 - [TEST_STEP][PASSED] - verifyTextPresent("Successful Payment Receipt", true): Text 'Successful Payment Receipt' is present on page  using regular expression

2024-02-06 16:50:23 - [MESSAGE][PASSED] - Text 'Successful Payment Receipt' is present on page  using regular expression

2024-02-06 16:50:23 - [TEST_STEP][PASSED] - ExecuteTC = findTestData(dataFile).getValue("Execute", row): null

2024-02-06 16:50:23 - [TEST_STEP][PASSED] - TaxType = findTestData(dataFile).getValue("TaxType", row): null

2024-02-06 16:50:23 - [TEST_STEP][PASSED] - PaymentType = findTestData(dataFile).getValue("PaymentType", row): null

2024-02-06 16:50:23 - [TEST_STEP][PASSED] - FilingYear = findTestData(dataFile).getValue("Year", row): null

2024-02-06 16:50:23 - [TEST_STEP][PASSED] - feinSSN = findTestData(dataFile).getValue("FeinSsn", row): null

2024-02-06 16:50:23 - [TEST_STEP][PASSED] - if (ExecuteTC.equalsIgnoreCase("Y")): null

2024-02-06 16:50:23 - [TEST_STEP][PASSED] - out.println("Begin Record Number: " + row): null

2024-02-06 16:50:23 - [TEST_STEP][PASSED] - today = new java.util.Date(): null

2024-02-06 16:50:23 - [TEST_STEP][PASSED] - println(today): null

2024-02-06 16:50:23 - [TEST_STEP][PASSED] - datText = today: null

2024-02-06 16:50:23 - [TEST_STEP][PASSED] - logInfo("Payment Type: New Tax Return Amount Due"): Payment Type: New Tax Return Amount Due

2024-02-06 16:50:23 - [MESSAGE][INFO] - Payment Type: New Tax Return Amount Due

2024-02-06 16:50:23 - [TEST_STEP][PASSED] - logInfo("Tax Type: " + TaxType): Tax Type: Fiduciary Tax

2024-02-06 16:50:23 - [MESSAGE][INFO] - Tax Type: Fiduciary Tax

2024-02-06 16:50:23 - [TEST_STEP][PASSED] - openBrowser(""): Browser is opened with url: ''

2024-02-06 16:50:23 - [MESSAGE][WARNING] - A browser is already opened. Closing browser and opening a new one

2024-02-06 16:50:24 - [MESSAGE][INFO] - Starting 'Chrome' driver

2024-02-06 16:50:24 - [MESSAGE][INFO] - User set preference: ['acceptInsecureCerts', 'true']

2024-02-06 16:50:24 - [MESSAGE][INFO] - Action delay is set to 0 milliseconds

2024-02-06 16:50:26 - [MESSAGE][PASSED] - Browser is opened with url: ''

2024-02-06 16:50:26 - [TEST_STEP][PASSED] - maximizeWindow(): Current window maximized

2024-02-06 16:50:26 - [MESSAGE][PASSED] - Current window maximized

2024-02-06 16:50:26 - [TEST_STEP][PASSED] - navigateToUrl(RADurl): Navigate to 'https://qa2.velocitypayment.com/client/rad/index.html' successfully

2024-02-06 16:50:26 - [MESSAGE][PASSED] - Navigate to 'https://qa2.velocitypayment.com/client/rad/index.html' successfully

2024-02-06 16:50:26 - [TEST_STEP][PASSED] - selectOptionByLabel(findTestObject(orPath_Landing + "/dd_TaxType"), "New Tax Return Amount Due", false): All options with label 'New Tax Return Amount Due' are selected in object 'Object Repository/RAD_Pages/Landing_Page/dd_TaxType' 

2024-02-06 16:50:28 - [MESSAGE][PASSED] - All options with label 'New Tax Return Amount Due' are selected in object 'Object Repository/RAD_Pages/Landing_Page/dd_TaxType' 

2024-02-06 16:50:28 - [TEST_STEP][PASSED] - selectOptionByLabel(findTestObject("Object Repository/RAD_Pages/Landing_Page/select_NewTaxReturnAmountDue_TaxType"), TaxType, false): All options with label 'Fiduciary Tax' are selected in object 'Object Repository/RAD_Pages/Landing_Page/select_NewTaxReturnAmountDue_TaxType' 

2024-02-06 16:50:29 - [MESSAGE][PASSED] - All options with label 'Fiduciary Tax' are selected in object 'Object Repository/RAD_Pages/Landing_Page/select_NewTaxReturnAmountDue_TaxType' 

2024-02-06 16:50:29 - [TEST_STEP][PASSED] - selectOptionByLabel(findTestObject(orPath_TaxTypeFilingYear + "/select_FilingYear"), FilingYear, false): All options with label '2021' are selected in object 'Object Repository/RAD_Pages/TaxTypeFilingYear_Page/select_FilingYear' 

2024-02-06 16:50:30 - [MESSAGE][PASSED] - All options with label '2021' are selected in object 'Object Repository/RAD_Pages/TaxTypeFilingYear_Page/select_FilingYear' 

2024-02-06 16:50:30 - [TEST_STEP][PASSED] - rad.getSetDataRAD.setDataRADBusinessName(): rad.getSetDataRAD.setDataRADBusinessName is PASSED

2024-02-06 16:50:30 - [MESSAGE][PASSED] - Text 'My Company' is set on object 'Object Repository/RAD_Pages/Taxpayer_Page/input_businessName'

2024-02-06 16:50:30 - [MESSAGE][PASSED] - rad.getSetDataRAD.setDataRADBusinessName is PASSED

2024-02-06 16:50:30 - [TEST_STEP][PASSED] - rad.getSetDataRAD.setDataRADBusinessRep(): rad.getSetDataRAD.setDataRADBusinessRep is PASSED

2024-02-06 16:50:31 - [MESSAGE][PASSED] - Text 'BusRepFname' is set on object 'Object Repository/RAD_Pages/Taxpayer_Page/input_BusinessRepfirstName'

2024-02-06 16:50:32 - [MESSAGE][PASSED] - Text '' is set on object 'Object Repository/RAD_Pages/Taxpayer_Page/input_BusinessRepmiddleName'

2024-02-06 16:50:33 - [MESSAGE][PASSED] - Text 'BusRepLname' is set on object 'Object Repository/RAD_Pages/Taxpayer_Page/input_BusinessReplastName'

2024-02-06 16:50:33 - [MESSAGE][PASSED] - Text '' is set on object 'Object Repository/RAD_Pages/Taxpayer_Page/input_BusinessRepsuffix'

2024-02-06 16:50:33 - [MESSAGE][PASSED] - rad.getSetDataRAD.setDataRADBusinessRep is PASSED

2024-02-06 16:50:33 - [TEST_STEP][PASSED] - rad.getSetDataRAD.setDataRADAddress(): rad.getSetDataRAD.setDataRADAddress is PASSED

2024-02-06 16:50:34 - [MESSAGE][PASSED] - All options with label 'United States' are selected in object 'Object Repository/RAD_Pages/AddressAndContactInfo_Page/select_Country' 

2024-02-06 16:50:35 - [MESSAGE][PASSED] - Text '2508 Mandan Terrace' is set on object 'Object Repository/RAD_Pages/AddressAndContactInfo_Page/input_streetAddress1'

2024-02-06 16:50:35 - [MESSAGE][PASSED] - Text '' is set on object 'Object Repository/RAD_Pages/AddressAndContactInfo_Page/input_streetAddress2'

2024-02-06 16:50:36 - [MESSAGE][PASSED] - Text 'Gambrills' is set on object 'Object Repository/RAD_Pages/AddressAndContactInfo_Page/input_city'

2024-02-06 16:50:37 - [MESSAGE][PASSED] - All options with label 'Maryland' are selected in object 'Object Repository/RAD_Pages/AddressAndContactInfo_Page/select_State' 

2024-02-06 16:50:38 - [MESSAGE][PASSED] - Text '21054' is set on object 'Object Repository/RAD_Pages/AddressAndContactInfo_Page/input_zipCode'

2024-02-06 16:50:39 - [MESSAGE][PASSED] - Text '(703) 894-5000' is set on object 'Object Repository/RAD_Pages/AddressAndContactInfo_Page/input_phoneNumber'

2024-02-06 16:50:40 - [MESSAGE][PASSED] - Text 'iahmed@govolution.com' is set on object 'Object Repository/RAD_Pages/AddressAndContactInfo_Page/input_eMailAddress'

2024-02-06 16:50:41 - [MESSAGE][PASSED] - Text 'iahmed@govolution.com' is set on object 'Object Repository/RAD_Pages/AddressAndContactInfo_Page/input_reEnterEMailAddress'

2024-02-06 16:50:41 - [MESSAGE][PASSED] - rad.getSetDataRAD.setDataRADAddress is PASSED

2024-02-06 16:50:41 - [TEST_STEP][PASSED] - if (feinSSN.equalsIgnoreCase("Y")): null

2024-02-06 16:50:41 - [TEST_STEP][PASSED] - else: rad.getSetDataRAD.setDataRADFEIN is PASSED

2024-02-06 16:50:41 - [TEST_STEP][PASSED] - if (!(TaxType.equalsIgnoreCase("Estate Tax"))): rad.getSetDataRAD.setDataRADFEIN is PASSED

2024-02-06 16:50:41 - [TEST_STEP][PASSED] - rad.getSetDataRAD.setDataRADFEIN(): rad.getSetDataRAD.setDataRADFEIN is PASSED

2024-02-06 16:50:41 - [MESSAGE][PASSED] - Text ****** has been set on object 'Object Repository/RAD_Pages/TaxInfo_Page/input_FederalEIN'

2024-02-06 16:50:42 - [MESSAGE][PASSED] - Text ****** has been set on object 'Object Repository/RAD_Pages/TaxInfo_Page/input_FederalEIN_ReEnter'

2024-02-06 16:50:42 - [MESSAGE][PASSED] - rad.getSetDataRAD.setDataRADFEIN is PASSED

2024-02-06 16:50:42 - [TEST_STEP][PASSED] - if (TaxType.equalsIgnoreCase("Estate Tax")): null

2024-02-06 16:50:42 - [TEST_STEP][PASSED] - setText(findTestObject(orPath_Amount + "/input__paymentAmount"), "100.00"): Text '100.00' is set on object 'Object Repository/RAD_Pages/PaymentAmount_Page/input__paymentAmount'

2024-02-06 16:50:43 - [MESSAGE][PASSED] - Text '100.00' is set on object 'Object Repository/RAD_Pages/PaymentAmount_Page/input__paymentAmount'

2024-02-06 16:50:43 - [TEST_STEP][PASSED] - setText(findTestObject(orPath_AddressContact + "/input_streetAddress2"), ""): Text '' is set on object 'Object Repository/RAD_Pages/AddressAndContactInfo_Page/input_streetAddress2'

2024-02-06 16:50:43 - [MESSAGE][PASSED] - Text '' is set on object 'Object Repository/RAD_Pages/AddressAndContactInfo_Page/input_streetAddress2'

2024-02-06 16:50:43 - [TEST_STEP][PASSED] - scrollToElement(findTestObject(orPath_Landing + "/button_Continue"), 3): Scroll to object 'Object Repository/RAD_Pages/Landing_Page/button_Continue' successfully

2024-02-06 16:50:44 - [MESSAGE][PASSED] - Scroll to object 'Object Repository/RAD_Pages/Landing_Page/button_Continue' successfully

2024-02-06 16:50:44 - [TEST_STEP][PASSED] - waitForElementClickable(findTestObject(orPath_Landing + "/button_Continue"), 5): Object 'Object Repository/RAD_Pages/Landing_Page/button_Continue' is clickable

2024-02-06 16:50:44 - [MESSAGE][PASSED] - Object 'Object Repository/RAD_Pages/Landing_Page/button_Continue' is clickable

2024-02-06 16:50:44 - [TEST_STEP][PASSED] - click(findTestObject(orPath_Landing + "/button_Continue")): Object: 'Object Repository/RAD_Pages/Landing_Page/button_Continue' is clicked on

2024-02-06 16:50:45 - [MESSAGE][PASSED] - Object: 'Object Repository/RAD_Pages/Landing_Page/button_Continue' is clicked on

2024-02-06 16:50:45 - [TEST_STEP][PASSED] - delay(2): Delayed 2 second(s)

2024-02-06 16:50:47 - [MESSAGE][PASSED] - Delayed 2 second(s)

2024-02-06 16:50:47 - [TEST_STEP][PASSED] - click(findTestObject(orPath_Summary + "/button_Proceed to Payment")): Object: 'Object Repository/RAD_Pages/Summary_Page/button_Proceed to Payment' is clicked on

2024-02-06 16:50:48 - [MESSAGE][PASSED] - Object: 'Object Repository/RAD_Pages/Summary_Page/button_Proceed to Payment' is clicked on

2024-02-06 16:50:48 - [TEST_STEP][PASSED] - if (verifyElementPresent(findTestObject("Object Repository/RAD_Pages/PaymentEntry_Page/input__billingName"), 30)): null

2024-02-06 16:50:48 - [MESSAGE][PASSED] - Object 'Object Repository/RAD_Pages/PaymentEntry_Page/input__billingName' is present

2024-02-06 16:50:48 - [TEST_STEP][PASSED] - verifyTextPresent("Comptroller of Maryland", true): Text 'Comptroller of Maryland' is present on page  using regular expression

2024-02-06 16:50:49 - [MESSAGE][PASSED] - Text 'Comptroller of Maryland' is present on page  using regular expression

2024-02-06 16:50:49 - [TEST_STEP][PASSED] - verifyTextPresent("Revenue Administration Division", true): Text 'Revenue Administration Division' is present on page  using regular expression

2024-02-06 16:50:49 - [MESSAGE][PASSED] - Text 'Revenue Administration Division' is present on page  using regular expression

2024-02-06 16:50:49 - [TEST_STEP][PASSED] - verifyTextPresent("Payment Information", true): Text 'Payment Information' is present on page  using regular expression

2024-02-06 16:50:49 - [MESSAGE][PASSED] - Text 'Payment Information' is present on page  using regular expression

2024-02-06 16:50:49 - [TEST_STEP][PASSED] - card_Name = getAttribute(findTestObject("Object Repository/RAD_Pages/PaymentEntry_Page/input__billingName"), "value"): Attribute 'value' of object 'Object Repository/RAD_Pages/PaymentEntry_Page/input__billingName' is: 'BusRepFname BusRepLname'

2024-02-06 16:50:50 - [MESSAGE][PASSED] - Attribute 'value' of object 'Object Repository/RAD_Pages/PaymentEntry_Page/input__billingName' is: 'BusRepFname BusRepLname'

2024-02-06 16:50:50 - [TEST_STEP][PASSED] - verifyMatch("BusRepFname BusRepLname", card_Name, false): Actual text 'BusRepFname BusRepLname' and expected text 'BusRepFname BusRepLname' are matched 

2024-02-06 16:50:50 - [MESSAGE][PASSED] - Actual text 'BusRepFname BusRepLname' and expected text 'BusRepFname BusRepLname' are matched 

2024-02-06 16:50:50 - [TEST_STEP][PASSED] - AL1 = getAttribute(findTestObject("Object Repository/RAD_Pages/PaymentEntry_Page/input_billingAddress"), "value"): Attribute 'value' of object 'Object Repository/RAD_Pages/PaymentEntry_Page/input_billingAddress' is: '2508 Mandan Terrace'

2024-02-06 16:50:50 - [MESSAGE][PASSED] - Attribute 'value' of object 'Object Repository/RAD_Pages/PaymentEntry_Page/input_billingAddress' is: '2508 Mandan Terrace'

2024-02-06 16:50:50 - [TEST_STEP][PASSED] - verifyMatch("2508 Mandan Terrace", AL1, false): Actual text '2508 Mandan Terrace' and expected text '2508 Mandan Terrace' are matched 

2024-02-06 16:50:50 - [MESSAGE][PASSED] - Actual text '2508 Mandan Terrace' and expected text '2508 Mandan Terrace' are matched 

2024-02-06 16:50:50 - [TEST_STEP][PASSED] - AL2 = getAttribute(findTestObject("Object Repository/RAD_Pages/PaymentEntry_Page/input_billingAddress2"), "value"): Attribute 'value' of object 'Object Repository/RAD_Pages/PaymentEntry_Page/input_billingAddress2' is: ''

2024-02-06 16:50:50 - [MESSAGE][PASSED] - Attribute 'value' of object 'Object Repository/RAD_Pages/PaymentEntry_Page/input_billingAddress2' is: ''

2024-02-06 16:50:50 - [TEST_STEP][PASSED] - verifyMatch("", AL2, false): Actual text '' and expected text '' are matched 

2024-02-06 16:50:50 - [MESSAGE][PASSED] - Actual text '' and expected text '' are matched 

2024-02-06 16:50:50 - [TEST_STEP][PASSED] - zipCode = getAttribute(findTestObject("Object Repository/RAD_Pages/PaymentEntry_Page/input_billingZip"), "value"): Attribute 'value' of object 'Object Repository/RAD_Pages/PaymentEntry_Page/input_billingZip' is: '21054'

2024-02-06 16:50:51 - [MESSAGE][PASSED] - Attribute 'value' of object 'Object Repository/RAD_Pages/PaymentEntry_Page/input_billingZip' is: '21054'

2024-02-06 16:50:51 - [TEST_STEP][PASSED] - verifyMatch("21054", zipCode, false): Actual text '21054' and expected text '21054' are matched 

2024-02-06 16:50:51 - [MESSAGE][PASSED] - Actual text '21054' and expected text '21054' are matched 

2024-02-06 16:50:51 - [TEST_STEP][PASSED] - city = getAttribute(findTestObject("Object Repository/RAD_Pages/PaymentEntry_Page/input_billingCity"), "value"): Attribute 'value' of object 'Object Repository/RAD_Pages/PaymentEntry_Page/input_billingCity' is: 'GAMBRILLS'

2024-02-06 16:50:51 - [MESSAGE][PASSED] - Attribute 'value' of object 'Object Repository/RAD_Pages/PaymentEntry_Page/input_billingCity' is: 'GAMBRILLS'

2024-02-06 16:50:51 - [TEST_STEP][PASSED] - verifyMatch("GAMBRILLS", city, false): Actual text 'GAMBRILLS' and expected text 'GAMBRILLS' are matched 

2024-02-06 16:50:51 - [MESSAGE][PASSED] - Actual text 'GAMBRILLS' and expected text 'GAMBRILLS' are matched 

2024-02-06 16:50:51 - [TEST_STEP][PASSED] - email = getAttribute(findTestObject("Object Repository/RAD_Pages/PaymentEntry_Page/input_emailAddress"), "value"): Attribute 'value' of object 'Object Repository/RAD_Pages/PaymentEntry_Page/input_emailAddress' is: 'iahmed@govolution.com'

2024-02-06 16:50:51 - [MESSAGE][PASSED] - Attribute 'value' of object 'Object Repository/RAD_Pages/PaymentEntry_Page/input_emailAddress' is: 'iahmed@govolution.com'

2024-02-06 16:50:51 - [TEST_STEP][PASSED] - verifyMatch("iahmed@govolution.com", email, false): Actual text 'iahmed@govolution.com' and expected text 'iahmed@govolution.com' are matched 

2024-02-06 16:50:51 - [MESSAGE][PASSED] - Actual text 'iahmed@govolution.com' and expected text 'iahmed@govolution.com' are matched 

2024-02-06 16:50:51 - [TEST_STEP][PASSED] - amount = getAttribute(findTestObject("Object Repository/RAD_Pages/PaymentEntry_Page/input_amount"), "value"): Attribute 'value' of object 'Object Repository/RAD_Pages/PaymentEntry_Page/input_amount' is: '100.00'

2024-02-06 16:50:52 - [MESSAGE][PASSED] - Attribute 'value' of object 'Object Repository/RAD_Pages/PaymentEntry_Page/input_amount' is: '100.00'

2024-02-06 16:50:52 - [TEST_STEP][PASSED] - verifyMatch("100.00", amount, false): Actual text '100.00' and expected text '100.00' are matched 

2024-02-06 16:50:52 - [MESSAGE][PASSED] - Actual text '100.00' and expected text '100.00' are matched 

2024-02-06 16:50:52 - [TEST_STEP][PASSED] - amountReadOnly = getAttribute(findTestObject("Object Repository/RAD_Pages/PaymentEntry_Page/input_amount"), "readonly"): Attribute 'readonly' of object 'Object Repository/RAD_Pages/PaymentEntry_Page/input_amount' is: 'true'

2024-02-06 16:50:52 - [MESSAGE][PASSED] - Attribute 'readonly' of object 'Object Repository/RAD_Pages/PaymentEntry_Page/input_amount' is: 'true'

2024-02-06 16:50:52 - [TEST_STEP][PASSED] - verifyMatch("true", amountReadOnly, false): Actual text 'true' and expected text 'true' are matched 

2024-02-06 16:50:52 - [MESSAGE][PASSED] - Actual text 'true' and expected text 'true' are matched 

2024-02-06 16:50:52 - [TEST_STEP][PASSED] - verifyOptionSelectedByLabel(findTestObject("Object Repository/RAD_Pages/PaymentEntry_Page/select_Country"), "United States", false, 20): All options with label 'United States' are selected in object 'Object Repository/RAD_Pages/PaymentEntry_Page/select_Country' 

2024-02-06 16:50:53 - [MESSAGE][PASSED] - All options with label 'United States' are selected in object 'Object Repository/RAD_Pages/PaymentEntry_Page/select_Country' 

2024-02-06 16:50:53 - [TEST_STEP][PASSED] - verifyOptionSelectedByLabel(findTestObject("Object Repository/RAD_Pages/PaymentEntry_Page/select_State"), "Maryland", false, 20): All options with label 'Maryland' are selected in object 'Object Repository/RAD_Pages/PaymentEntry_Page/select_State' 

2024-02-06 16:50:56 - [MESSAGE][PASSED] - All options with label 'Maryland' are selected in object 'Object Repository/RAD_Pages/PaymentEntry_Page/select_State' 

2024-02-06 16:50:56 - [TEST_STEP][PASSED] - setText(findTestObject(orPath_PaymentEntry + "/input__cardNumber"), "4111111111111111"): Text '4111111111111111' is set on object 'Object Repository/RAD_Pages/PaymentEntry_Page/input__cardNumber'

2024-02-06 16:50:56 - [MESSAGE][PASSED] - Text '4111111111111111' is set on object 'Object Repository/RAD_Pages/PaymentEntry_Page/input__cardNumber'

2024-02-06 16:50:56 - [TEST_STEP][PASSED] - setText(findTestObject(orPath_PaymentEntry + "/input__spc"), "123"): Text '123' is set on object 'Object Repository/RAD_Pages/PaymentEntry_Page/input__spc'

2024-02-06 16:50:57 - [MESSAGE][PASSED] - Text '123' is set on object 'Object Repository/RAD_Pages/PaymentEntry_Page/input__spc'

2024-02-06 16:50:57 - [TEST_STEP][PASSED] - selectOptionByLabel(findTestObject(orPath_PaymentEntry + "/select_MM"), "12", false): All options with label '12' are selected in object 'Object Repository/RAD_Pages/PaymentEntry_Page/select_MM' 

2024-02-06 16:50:58 - [MESSAGE][PASSED] - All options with label '12' are selected in object 'Object Repository/RAD_Pages/PaymentEntry_Page/select_MM' 

2024-02-06 16:50:58 - [TEST_STEP][PASSED] - selectOptionByLabel(findTestObject(orPath_PaymentEntry + "/select_YYYY"), "2028", false): All options with label '2028' are selected in object 'Object Repository/RAD_Pages/PaymentEntry_Page/select_YYYY' 

2024-02-06 16:50:58 - [MESSAGE][PASSED] - All options with label '2028' are selected in object 'Object Repository/RAD_Pages/PaymentEntry_Page/select_YYYY' 

2024-02-06 16:50:58 - [TEST_STEP][PASSED] - click(findTestObject(orPath_PaymentEntry + "/input_Field_ccSubmit")): Object: 'Object Repository/RAD_Pages/PaymentEntry_Page/input_Field_ccSubmit' is clicked on

2024-02-06 16:50:59 - [MESSAGE][PASSED] - Object: 'Object Repository/RAD_Pages/PaymentEntry_Page/input_Field_ccSubmit' is clicked on

2024-02-06 16:51:00 - [TEST_STEP][PASSED] - click(findTestObject(orPath_PaymentConfirmation + "/input_N_confirmNotifyAction")): Object: 'Object Repository/RAD_Pages/PaymentConfirmation_Page/input_N_confirmNotifyAction' is clicked on

2024-02-06 16:51:00 - [MESSAGE][PASSED] - Object: 'Object Repository/RAD_Pages/PaymentConfirmation_Page/input_N_confirmNotifyAction' is clicked on

2024-02-06 16:51:00 - [TEST_STEP][PASSED] - verifyTextPresent("Service Fee Acceptance", true): Text 'Service Fee Acceptance' is present on page  using regular expression

2024-02-06 16:51:01 - [MESSAGE][PASSED] - Text 'Service Fee Acceptance' is present on page  using regular expression

2024-02-06 16:51:01 - [TEST_STEP][PASSED] - verifyTextPresent("This transaction is subject to a Service Fee of ", true): Text 'This transaction is subject to a Service Fee of ' is present on page  using regular expression

2024-02-06 16:51:01 - [MESSAGE][PASSED] - Text 'This transaction is subject to a Service Fee of ' is present on page  using regular expression

2024-02-06 16:51:01 - [TEST_STEP][PASSED] - verifyTextPresent("Payment Amount:", true): Text 'Payment Amount:' is present on page  using regular expression

2024-02-06 16:51:02 - [MESSAGE][PASSED] - Text 'Payment Amount:' is present on page  using regular expression

2024-02-06 16:51:02 - [TEST_STEP][PASSED] - verifyTextPresent("100.00", true): Text '100.00' is present on page  using regular expression

2024-02-06 16:51:02 - [MESSAGE][PASSED] - Text '100.00' is present on page  using regular expression

2024-02-06 16:51:02 - [TEST_STEP][PASSED] - verifyTextPresent("Service Fee:", true): Text 'Service Fee:' is present on page  using regular expression

2024-02-06 16:51:02 - [MESSAGE][PASSED] - Text 'Service Fee:' is present on page  using regular expression

2024-02-06 16:51:02 - [TEST_STEP][PASSED] - verifyTextPresent("2.45", true): Text '2.45' is present on page  using regular expression

2024-02-06 16:51:02 - [MESSAGE][PASSED] - Text '2.45' is present on page  using regular expression

2024-02-06 16:51:02 - [TEST_STEP][PASSED] - verifyTextPresent("Total Amount:", true): Text 'Total Amount:' is present on page  using regular expression

2024-02-06 16:51:03 - [MESSAGE][PASSED] - Text 'Total Amount:' is present on page  using regular expression

2024-02-06 16:51:03 - [TEST_STEP][PASSED] - verifyTextPresent("102.45", true): Text '102.45' is present on page  using regular expression

2024-02-06 16:51:03 - [MESSAGE][PASSED] - Text '102.45' is present on page  using regular expression

2024-02-06 16:51:03 - [TEST_STEP][PASSED] - verifyTextPresent("Two transactions will appear on your bank statement, one in the amount of", true): Text 'Two transactions will appear on your bank statement, one in the amount of' is present on page  using regular expression

2024-02-06 16:51:03 - [MESSAGE][PASSED] - Text 'Two transactions will appear on your bank statement, one in the amount of' is present on page  using regular expression

2024-02-06 16:51:03 - [TEST_STEP][PASSED] - if (verifyElementPresent(findTestObject(orPath_ServiceFeesAccept + "/input_convFeeNotifyAction"), 30)): null

2024-02-06 16:51:04 - [MESSAGE][PASSED] - Object 'Object Repository/RAD_Pages/ServiceFeeAccept_Page/input_convFeeNotifyAction' is present

2024-02-06 16:51:04 - [TEST_STEP][PASSED] - resText = "Pass": null

2024-02-06 16:51:04 - [TEST_STEP][PASSED] - pages.WriteExcel.demoKey(resText, datText, resColumn, datCloumn, fileLoc, nameSheet, row): pages.WriteExcel.demoKey is PASSED

2024-02-06 16:51:04 - [MESSAGE][PASSED] - pages.WriteExcel.demoKey is PASSED

2024-02-06 16:51:04 - [TEST_STEP][PASSED] - if (execProfile == "QAProfile" || execProfile == "QA2Profile"): Text 'Successful Payment Receipt' is present on page  using regular expression

2024-02-06 16:51:04 - [TEST_STEP][PASSED] - click(findTestObject(orPath_ServiceFeesAccept + "/input_convFeeNotifyAction")): Object: 'Object Repository/RAD_Pages/ServiceFeeAccept_Page/input_convFeeNotifyAction' is clicked on

2024-02-06 16:51:05 - [MESSAGE][PASSED] - Object: 'Object Repository/RAD_Pages/ServiceFeeAccept_Page/input_convFeeNotifyAction' is clicked on

2024-02-06 16:51:05 - [TEST_STEP][PASSED] - delay(10): Delayed 10 second(s)

2024-02-06 16:51:15 - [MESSAGE][PASSED] - Delayed 10 second(s)

2024-02-06 16:51:15 - [TEST_STEP][PASSED] - verifyTextPresent("Successful Payment Receipt", true): Text 'Successful Payment Receipt' is present on page  using regular expression

2024-02-06 16:51:15 - [MESSAGE][PASSED] - Text 'Successful Payment Receipt' is present on page  using regular expression

2024-02-06 16:51:15 - [TEST_STEP][PASSED] - ExecuteTC = findTestData(dataFile).getValue("Execute", row): null

2024-02-06 16:51:15 - [TEST_STEP][PASSED] - TaxType = findTestData(dataFile).getValue("TaxType", row): null

2024-02-06 16:51:15 - [TEST_STEP][PASSED] - PaymentType = findTestData(dataFile).getValue("PaymentType", row): null

2024-02-06 16:51:15 - [TEST_STEP][PASSED] - FilingYear = findTestData(dataFile).getValue("Year", row): null

2024-02-06 16:51:15 - [TEST_STEP][PASSED] - feinSSN = findTestData(dataFile).getValue("FeinSsn", row): null

2024-02-06 16:51:16 - [TEST_STEP][PASSED] - if (ExecuteTC.equalsIgnoreCase("Y")): null

2024-02-06 16:51:16 - [TEST_STEP][PASSED] - out.println("Begin Record Number: " + row): null

2024-02-06 16:51:16 - [TEST_STEP][PASSED] - today = new java.util.Date(): null

2024-02-06 16:51:16 - [TEST_STEP][PASSED] - println(today): null

2024-02-06 16:51:16 - [TEST_STEP][PASSED] - datText = today: null

2024-02-06 16:51:16 - [TEST_STEP][PASSED] - logInfo("Payment Type: New Tax Return Amount Due"): Payment Type: New Tax Return Amount Due

2024-02-06 16:51:16 - [MESSAGE][INFO] - Payment Type: New Tax Return Amount Due

2024-02-06 16:51:16 - [TEST_STEP][PASSED] - logInfo("Tax Type: " + TaxType): Tax Type: PTE Non-Electing Non-S Corp

2024-02-06 16:51:16 - [MESSAGE][INFO] - Tax Type: PTE Non-Electing Non-S Corp

2024-02-06 16:51:16 - [TEST_STEP][PASSED] - openBrowser(""): Browser is opened with url: ''

2024-02-06 16:51:16 - [MESSAGE][WARNING] - A browser is already opened. Closing browser and opening a new one

2024-02-06 16:51:17 - [MESSAGE][INFO] - Starting 'Chrome' driver

2024-02-06 16:51:17 - [MESSAGE][INFO] - User set preference: ['acceptInsecureCerts', 'true']

2024-02-06 16:51:17 - [MESSAGE][INFO] - Action delay is set to 0 milliseconds

2024-02-06 16:51:18 - [MESSAGE][PASSED] - Browser is opened with url: ''

2024-02-06 16:51:18 - [TEST_STEP][PASSED] - maximizeWindow(): Current window maximized

2024-02-06 16:51:18 - [MESSAGE][PASSED] - Current window maximized

2024-02-06 16:51:18 - [TEST_STEP][PASSED] - navigateToUrl(RADurl): Navigate to 'https://qa2.velocitypayment.com/client/rad/index.html' successfully

2024-02-06 16:51:20 - [MESSAGE][PASSED] - Navigate to 'https://qa2.velocitypayment.com/client/rad/index.html' successfully

2024-02-06 16:51:20 - [TEST_STEP][PASSED] - selectOptionByLabel(findTestObject(orPath_Landing + "/dd_TaxType"), "New Tax Return Amount Due", false): All options with label 'New Tax Return Amount Due' are selected in object 'Object Repository/RAD_Pages/Landing_Page/dd_TaxType' 

2024-02-06 16:51:21 - [MESSAGE][PASSED] - All options with label 'New Tax Return Amount Due' are selected in object 'Object Repository/RAD_Pages/Landing_Page/dd_TaxType' 

2024-02-06 16:51:21 - [TEST_STEP][PASSED] - selectOptionByLabel(findTestObject("Object Repository/RAD_Pages/Landing_Page/select_NewTaxReturnAmountDue_TaxType"), TaxType, false): All options with label 'PTE Non-Electing Non-S Corp' are selected in object 'Object Repository/RAD_Pages/Landing_Page/select_NewTaxReturnAmountDue_TaxType' 

2024-02-06 16:51:22 - [MESSAGE][PASSED] - All options with label 'PTE Non-Electing Non-S Corp' are selected in object 'Object Repository/RAD_Pages/Landing_Page/select_NewTaxReturnAmountDue_TaxType' 

2024-02-06 16:51:22 - [TEST_STEP][PASSED] - selectOptionByLabel(findTestObject(orPath_TaxTypeFilingYear + "/select_FilingYear"), FilingYear, false): All options with label '2021' are selected in object 'Object Repository/RAD_Pages/TaxTypeFilingYear_Page/select_FilingYear' 

2024-02-06 16:51:22 - [MESSAGE][PASSED] - All options with label '2021' are selected in object 'Object Repository/RAD_Pages/TaxTypeFilingYear_Page/select_FilingYear' 

2024-02-06 16:51:22 - [TEST_STEP][PASSED] - rad.getSetDataRAD.setDataRADBusinessName(): rad.getSetDataRAD.setDataRADBusinessName is PASSED

2024-02-06 16:51:23 - [MESSAGE][PASSED] - Text 'My Company' is set on object 'Object Repository/RAD_Pages/Taxpayer_Page/input_businessName'

2024-02-06 16:51:23 - [MESSAGE][PASSED] - rad.getSetDataRAD.setDataRADBusinessName is PASSED

2024-02-06 16:51:23 - [TEST_STEP][PASSED] - rad.getSetDataRAD.setDataRADBusinessRep(): rad.getSetDataRAD.setDataRADBusinessRep is PASSED

2024-02-06 16:51:24 - [MESSAGE][PASSED] - Text 'BusRepFname' is set on object 'Object Repository/RAD_Pages/Taxpayer_Page/input_BusinessRepfirstName'

2024-02-06 16:51:25 - [MESSAGE][PASSED] - Text '' is set on object 'Object Repository/RAD_Pages/Taxpayer_Page/input_BusinessRepmiddleName'

2024-02-06 16:51:25 - [MESSAGE][PASSED] - Text 'BusRepLname' is set on object 'Object Repository/RAD_Pages/Taxpayer_Page/input_BusinessReplastName'

2024-02-06 16:51:26 - [MESSAGE][PASSED] - Text '' is set on object 'Object Repository/RAD_Pages/Taxpayer_Page/input_BusinessRepsuffix'

2024-02-06 16:51:26 - [MESSAGE][PASSED] - rad.getSetDataRAD.setDataRADBusinessRep is PASSED

2024-02-06 16:51:26 - [TEST_STEP][PASSED] - rad.getSetDataRAD.setDataRADAddress(): rad.getSetDataRAD.setDataRADAddress is PASSED

2024-02-06 16:51:27 - [MESSAGE][PASSED] - All options with label 'United States' are selected in object 'Object Repository/RAD_Pages/AddressAndContactInfo_Page/select_Country' 

2024-02-06 16:51:28 - [MESSAGE][PASSED] - Text '2508 Mandan Terrace' is set on object 'Object Repository/RAD_Pages/AddressAndContactInfo_Page/input_streetAddress1'

2024-02-06 16:51:28 - [MESSAGE][PASSED] - Text '' is set on object 'Object Repository/RAD_Pages/AddressAndContactInfo_Page/input_streetAddress2'

2024-02-06 16:51:29 - [MESSAGE][PASSED] - Text 'Gambrills' is set on object 'Object Repository/RAD_Pages/AddressAndContactInfo_Page/input_city'

2024-02-06 16:51:30 - [MESSAGE][PASSED] - All options with label 'Maryland' are selected in object 'Object Repository/RAD_Pages/AddressAndContactInfo_Page/select_State' 

2024-02-06 16:51:30 - [MESSAGE][PASSED] - Text '21054' is set on object 'Object Repository/RAD_Pages/AddressAndContactInfo_Page/input_zipCode'

2024-02-06 16:51:31 - [MESSAGE][PASSED] - Text '(703) 894-5000' is set on object 'Object Repository/RAD_Pages/AddressAndContactInfo_Page/input_phoneNumber'

2024-02-06 16:51:32 - [MESSAGE][PASSED] - Text 'iahmed@govolution.com' is set on object 'Object Repository/RAD_Pages/AddressAndContactInfo_Page/input_eMailAddress'

2024-02-06 16:51:33 - [MESSAGE][PASSED] - Text 'iahmed@govolution.com' is set on object 'Object Repository/RAD_Pages/AddressAndContactInfo_Page/input_reEnterEMailAddress'

2024-02-06 16:51:33 - [MESSAGE][PASSED] - rad.getSetDataRAD.setDataRADAddress is PASSED

2024-02-06 16:51:33 - [TEST_STEP][PASSED] - if (feinSSN.equalsIgnoreCase("Y")): rad.getSetDataRAD.setDataRADFEINSSN is PASSED

2024-02-06 16:51:33 - [TEST_STEP][PASSED] - rad.getSetDataRAD.setDataRADFEINSSN(): rad.getSetDataRAD.setDataRADFEINSSN is PASSED

2024-02-06 16:51:33 - [MESSAGE][PASSED] - Text ****** has been set on object 'Object Repository/RAD_Pages/TaxInfo_Page/input_TaxInfo_FeinSsn_New_2'

2024-02-06 16:51:34 - [MESSAGE][PASSED] - Text ****** has been set on object 'Object Repository/RAD_Pages/TaxInfo_Page/input_TaxInfo_RetypeFeinSsn_New_2'

2024-02-06 16:51:34 - [MESSAGE][PASSED] - rad.getSetDataRAD.setDataRADFEINSSN is PASSED

2024-02-06 16:51:34 - [TEST_STEP][PASSED] - if (TaxType.equalsIgnoreCase("Estate Tax")): null

2024-02-06 16:51:34 - [TEST_STEP][PASSED] - setText(findTestObject(orPath_Amount + "/input__paymentAmount"), "100.00"): Text '100.00' is set on object 'Object Repository/RAD_Pages/PaymentAmount_Page/input__paymentAmount'

2024-02-06 16:51:35 - [MESSAGE][PASSED] - Text '100.00' is set on object 'Object Repository/RAD_Pages/PaymentAmount_Page/input__paymentAmount'

2024-02-06 16:51:35 - [TEST_STEP][PASSED] - setText(findTestObject(orPath_AddressContact + "/input_streetAddress2"), ""): Text '' is set on object 'Object Repository/RAD_Pages/AddressAndContactInfo_Page/input_streetAddress2'

2024-02-06 16:51:36 - [MESSAGE][PASSED] - Text '' is set on object 'Object Repository/RAD_Pages/AddressAndContactInfo_Page/input_streetAddress2'

2024-02-06 16:51:36 - [TEST_STEP][PASSED] - scrollToElement(findTestObject(orPath_Landing + "/button_Continue"), 3): Scroll to object 'Object Repository/RAD_Pages/Landing_Page/button_Continue' successfully

2024-02-06 16:51:36 - [MESSAGE][PASSED] - Scroll to object 'Object Repository/RAD_Pages/Landing_Page/button_Continue' successfully

2024-02-06 16:51:36 - [TEST_STEP][PASSED] - waitForElementClickable(findTestObject(orPath_Landing + "/button_Continue"), 5): Object 'Object Repository/RAD_Pages/Landing_Page/button_Continue' is clickable

2024-02-06 16:51:36 - [MESSAGE][PASSED] - Object 'Object Repository/RAD_Pages/Landing_Page/button_Continue' is clickable

2024-02-06 16:51:36 - [TEST_STEP][PASSED] - click(findTestObject(orPath_Landing + "/button_Continue")): Object: 'Object Repository/RAD_Pages/Landing_Page/button_Continue' is clicked on

2024-02-06 16:51:37 - [MESSAGE][PASSED] - Object: 'Object Repository/RAD_Pages/Landing_Page/button_Continue' is clicked on

2024-02-06 16:51:37 - [TEST_STEP][PASSED] - delay(2): Delayed 2 second(s)

2024-02-06 16:51:39 - [MESSAGE][PASSED] - Delayed 2 second(s)

2024-02-06 16:51:39 - [TEST_STEP][PASSED] - click(findTestObject(orPath_Summary + "/button_Proceed to Payment")): Object: 'Object Repository/RAD_Pages/Summary_Page/button_Proceed to Payment' is clicked on

2024-02-06 16:51:40 - [MESSAGE][PASSED] - Object: 'Object Repository/RAD_Pages/Summary_Page/button_Proceed to Payment' is clicked on

2024-02-06 16:51:40 - [TEST_STEP][PASSED] - if (verifyElementPresent(findTestObject("Object Repository/RAD_Pages/PaymentEntry_Page/input__billingName"), 30)): null

2024-02-06 16:51:41 - [MESSAGE][PASSED] - Object 'Object Repository/RAD_Pages/PaymentEntry_Page/input__billingName' is present

2024-02-06 16:51:41 - [TEST_STEP][PASSED] - verifyTextPresent("Comptroller of Maryland", true): Text 'Comptroller of Maryland' is present on page  using regular expression

2024-02-06 16:51:41 - [MESSAGE][PASSED] - Text 'Comptroller of Maryland' is present on page  using regular expression

2024-02-06 16:51:41 - [TEST_STEP][PASSED] - verifyTextPresent("Revenue Administration Division", true): Text 'Revenue Administration Division' is present on page  using regular expression

2024-02-06 16:51:41 - [MESSAGE][PASSED] - Text 'Revenue Administration Division' is present on page  using regular expression

2024-02-06 16:51:41 - [TEST_STEP][PASSED] - verifyTextPresent("Payment Information", true): Text 'Payment Information' is present on page  using regular expression

2024-02-06 16:51:42 - [MESSAGE][PASSED] - Text 'Payment Information' is present on page  using regular expression

2024-02-06 16:51:42 - [TEST_STEP][PASSED] - card_Name = getAttribute(findTestObject("Object Repository/RAD_Pages/PaymentEntry_Page/input__billingName"), "value"): Attribute 'value' of object 'Object Repository/RAD_Pages/PaymentEntry_Page/input__billingName' is: 'BusRepFname BusRepLname'

2024-02-06 16:51:42 - [MESSAGE][PASSED] - Attribute 'value' of object 'Object Repository/RAD_Pages/PaymentEntry_Page/input__billingName' is: 'BusRepFname BusRepLname'

2024-02-06 16:51:42 - [TEST_STEP][PASSED] - verifyMatch("BusRepFname BusRepLname", card_Name, false): Actual text 'BusRepFname BusRepLname' and expected text 'BusRepFname BusRepLname' are matched 

2024-02-06 16:51:42 - [MESSAGE][PASSED] - Actual text 'BusRepFname BusRepLname' and expected text 'BusRepFname BusRepLname' are matched 

2024-02-06 16:51:42 - [TEST_STEP][PASSED] - AL1 = getAttribute(findTestObject("Object Repository/RAD_Pages/PaymentEntry_Page/input_billingAddress"), "value"): Attribute 'value' of object 'Object Repository/RAD_Pages/PaymentEntry_Page/input_billingAddress' is: '2508 Mandan Terrace'

2024-02-06 16:51:42 - [MESSAGE][PASSED] - Attribute 'value' of object 'Object Repository/RAD_Pages/PaymentEntry_Page/input_billingAddress' is: '2508 Mandan Terrace'

2024-02-06 16:51:42 - [TEST_STEP][PASSED] - verifyMatch("2508 Mandan Terrace", AL1, false): Actual text '2508 Mandan Terrace' and expected text '2508 Mandan Terrace' are matched 

2024-02-06 16:51:42 - [MESSAGE][PASSED] - Actual text '2508 Mandan Terrace' and expected text '2508 Mandan Terrace' are matched 

2024-02-06 16:51:42 - [TEST_STEP][PASSED] - AL2 = getAttribute(findTestObject("Object Repository/RAD_Pages/PaymentEntry_Page/input_billingAddress2"), "value"): Attribute 'value' of object 'Object Repository/RAD_Pages/PaymentEntry_Page/input_billingAddress2' is: ''

2024-02-06 16:51:43 - [MESSAGE][PASSED] - Attribute 'value' of object 'Object Repository/RAD_Pages/PaymentEntry_Page/input_billingAddress2' is: ''

2024-02-06 16:51:43 - [TEST_STEP][PASSED] - verifyMatch("", AL2, false): Actual text '' and expected text '' are matched 

2024-02-06 16:51:43 - [MESSAGE][PASSED] - Actual text '' and expected text '' are matched 

2024-02-06 16:51:43 - [TEST_STEP][PASSED] - zipCode = getAttribute(findTestObject("Object Repository/RAD_Pages/PaymentEntry_Page/input_billingZip"), "value"): Attribute 'value' of object 'Object Repository/RAD_Pages/PaymentEntry_Page/input_billingZip' is: '21054'

2024-02-06 16:51:43 - [MESSAGE][PASSED] - Attribute 'value' of object 'Object Repository/RAD_Pages/PaymentEntry_Page/input_billingZip' is: '21054'

2024-02-06 16:51:43 - [TEST_STEP][PASSED] - verifyMatch("21054", zipCode, false): Actual text '21054' and expected text '21054' are matched 

2024-02-06 16:51:43 - [MESSAGE][PASSED] - Actual text '21054' and expected text '21054' are matched 

2024-02-06 16:51:43 - [TEST_STEP][PASSED] - city = getAttribute(findTestObject("Object Repository/RAD_Pages/PaymentEntry_Page/input_billingCity"), "value"): Attribute 'value' of object 'Object Repository/RAD_Pages/PaymentEntry_Page/input_billingCity' is: 'GAMBRILLS'

2024-02-06 16:51:43 - [MESSAGE][PASSED] - Attribute 'value' of object 'Object Repository/RAD_Pages/PaymentEntry_Page/input_billingCity' is: 'GAMBRILLS'

2024-02-06 16:51:43 - [TEST_STEP][PASSED] - verifyMatch("GAMBRILLS", city, false): Actual text 'GAMBRILLS' and expected text 'GAMBRILLS' are matched 

2024-02-06 16:51:43 - [MESSAGE][PASSED] - Actual text 'GAMBRILLS' and expected text 'GAMBRILLS' are matched 

2024-02-06 16:51:43 - [TEST_STEP][PASSED] - email = getAttribute(findTestObject("Object Repository/RAD_Pages/PaymentEntry_Page/input_emailAddress"), "value"): Attribute 'value' of object 'Object Repository/RAD_Pages/PaymentEntry_Page/input_emailAddress' is: 'iahmed@govolution.com'

2024-02-06 16:51:44 - [MESSAGE][PASSED] - Attribute 'value' of object 'Object Repository/RAD_Pages/PaymentEntry_Page/input_emailAddress' is: 'iahmed@govolution.com'

2024-02-06 16:51:44 - [TEST_STEP][PASSED] - verifyMatch("iahmed@govolution.com", email, false): Actual text 'iahmed@govolution.com' and expected text 'iahmed@govolution.com' are matched 

2024-02-06 16:51:44 - [MESSAGE][PASSED] - Actual text 'iahmed@govolution.com' and expected text 'iahmed@govolution.com' are matched 

2024-02-06 16:51:44 - [TEST_STEP][PASSED] - amount = getAttribute(findTestObject("Object Repository/RAD_Pages/PaymentEntry_Page/input_amount"), "value"): Attribute 'value' of object 'Object Repository/RAD_Pages/PaymentEntry_Page/input_amount' is: '100.00'

2024-02-06 16:51:44 - [MESSAGE][PASSED] - Attribute 'value' of object 'Object Repository/RAD_Pages/PaymentEntry_Page/input_amount' is: '100.00'

2024-02-06 16:51:44 - [TEST_STEP][PASSED] - verifyMatch("100.00", amount, false): Actual text '100.00' and expected text '100.00' are matched 

2024-02-06 16:51:44 - [MESSAGE][PASSED] - Actual text '100.00' and expected text '100.00' are matched 

2024-02-06 16:51:44 - [TEST_STEP][PASSED] - amountReadOnly = getAttribute(findTestObject("Object Repository/RAD_Pages/PaymentEntry_Page/input_amount"), "readonly"): Attribute 'readonly' of object 'Object Repository/RAD_Pages/PaymentEntry_Page/input_amount' is: 'true'

2024-02-06 16:51:44 - [MESSAGE][PASSED] - Attribute 'readonly' of object 'Object Repository/RAD_Pages/PaymentEntry_Page/input_amount' is: 'true'

2024-02-06 16:51:44 - [TEST_STEP][PASSED] - verifyMatch("true", amountReadOnly, false): Actual text 'true' and expected text 'true' are matched 

2024-02-06 16:51:44 - [MESSAGE][PASSED] - Actual text 'true' and expected text 'true' are matched 

2024-02-06 16:51:44 - [TEST_STEP][PASSED] - verifyOptionSelectedByLabel(findTestObject("Object Repository/RAD_Pages/PaymentEntry_Page/select_Country"), "United States", false, 20): All options with label 'United States' are selected in object 'Object Repository/RAD_Pages/PaymentEntry_Page/select_Country' 

2024-02-06 16:51:46 - [MESSAGE][PASSED] - All options with label 'United States' are selected in object 'Object Repository/RAD_Pages/PaymentEntry_Page/select_Country' 

2024-02-06 16:51:46 - [TEST_STEP][PASSED] - verifyOptionSelectedByLabel(findTestObject("Object Repository/RAD_Pages/PaymentEntry_Page/select_State"), "Maryland", false, 20): All options with label 'Maryland' are selected in object 'Object Repository/RAD_Pages/PaymentEntry_Page/select_State' 

2024-02-06 16:51:48 - [MESSAGE][PASSED] - All options with label 'Maryland' are selected in object 'Object Repository/RAD_Pages/PaymentEntry_Page/select_State' 

2024-02-06 16:51:48 - [TEST_STEP][PASSED] - setText(findTestObject(orPath_PaymentEntry + "/input__cardNumber"), "4111111111111111"): Text '4111111111111111' is set on object 'Object Repository/RAD_Pages/PaymentEntry_Page/input__cardNumber'

2024-02-06 16:51:49 - [MESSAGE][PASSED] - Text '4111111111111111' is set on object 'Object Repository/RAD_Pages/PaymentEntry_Page/input__cardNumber'

2024-02-06 16:51:49 - [TEST_STEP][PASSED] - setText(findTestObject(orPath_PaymentEntry + "/input__spc"), "123"): Text '123' is set on object 'Object Repository/RAD_Pages/PaymentEntry_Page/input__spc'

2024-02-06 16:51:50 - [MESSAGE][PASSED] - Text '123' is set on object 'Object Repository/RAD_Pages/PaymentEntry_Page/input__spc'

2024-02-06 16:51:50 - [TEST_STEP][PASSED] - selectOptionByLabel(findTestObject(orPath_PaymentEntry + "/select_MM"), "12", false): All options with label '12' are selected in object 'Object Repository/RAD_Pages/PaymentEntry_Page/select_MM' 

2024-02-06 16:51:51 - [MESSAGE][PASSED] - All options with label '12' are selected in object 'Object Repository/RAD_Pages/PaymentEntry_Page/select_MM' 

2024-02-06 16:51:51 - [TEST_STEP][PASSED] - selectOptionByLabel(findTestObject(orPath_PaymentEntry + "/select_YYYY"), "2028", false): All options with label '2028' are selected in object 'Object Repository/RAD_Pages/PaymentEntry_Page/select_YYYY' 

2024-02-06 16:51:51 - [MESSAGE][PASSED] - All options with label '2028' are selected in object 'Object Repository/RAD_Pages/PaymentEntry_Page/select_YYYY' 

2024-02-06 16:51:51 - [TEST_STEP][PASSED] - click(findTestObject(orPath_PaymentEntry + "/input_Field_ccSubmit")): Object: 'Object Repository/RAD_Pages/PaymentEntry_Page/input_Field_ccSubmit' is clicked on

2024-02-06 16:51:52 - [MESSAGE][PASSED] - Object: 'Object Repository/RAD_Pages/PaymentEntry_Page/input_Field_ccSubmit' is clicked on

2024-02-06 16:51:52 - [TEST_STEP][PASSED] - click(findTestObject(orPath_PaymentConfirmation + "/input_N_confirmNotifyAction")): Object: 'Object Repository/RAD_Pages/PaymentConfirmation_Page/input_N_confirmNotifyAction' is clicked on

2024-02-06 16:51:53 - [MESSAGE][PASSED] - Object: 'Object Repository/RAD_Pages/PaymentConfirmation_Page/input_N_confirmNotifyAction' is clicked on

2024-02-06 16:51:53 - [TEST_STEP][PASSED] - verifyTextPresent("Service Fee Acceptance", true): Text 'Service Fee Acceptance' is present on page  using regular expression

2024-02-06 16:51:54 - [MESSAGE][PASSED] - Text 'Service Fee Acceptance' is present on page  using regular expression

2024-02-06 16:51:54 - [TEST_STEP][PASSED] - verifyTextPresent("This transaction is subject to a Service Fee of ", true): Text 'This transaction is subject to a Service Fee of ' is present on page  using regular expression

2024-02-06 16:51:54 - [MESSAGE][PASSED] - Text 'This transaction is subject to a Service Fee of ' is present on page  using regular expression

2024-02-06 16:51:54 - [TEST_STEP][PASSED] - verifyTextPresent("Payment Amount:", true): Text 'Payment Amount:' is present on page  using regular expression

2024-02-06 16:51:54 - [MESSAGE][PASSED] - Text 'Payment Amount:' is present on page  using regular expression

2024-02-06 16:51:54 - [TEST_STEP][PASSED] - verifyTextPresent("100.00", true): Text '100.00' is present on page  using regular expression

2024-02-06 16:51:55 - [MESSAGE][PASSED] - Text '100.00' is present on page  using regular expression

2024-02-06 16:51:55 - [TEST_STEP][PASSED] - verifyTextPresent("Service Fee:", true): Text 'Service Fee:' is present on page  using regular expression

2024-02-06 16:51:55 - [MESSAGE][PASSED] - Text 'Service Fee:' is present on page  using regular expression

2024-02-06 16:51:55 - [TEST_STEP][PASSED] - verifyTextPresent("2.45", true): Text '2.45' is present on page  using regular expression

2024-02-06 16:51:55 - [MESSAGE][PASSED] - Text '2.45' is present on page  using regular expression

2024-02-06 16:51:55 - [TEST_STEP][PASSED] - verifyTextPresent("Total Amount:", true): Text 'Total Amount:' is present on page  using regular expression

2024-02-06 16:51:56 - [MESSAGE][PASSED] - Text 'Total Amount:' is present on page  using regular expression

2024-02-06 16:51:56 - [TEST_STEP][PASSED] - verifyTextPresent("102.45", true): Text '102.45' is present on page  using regular expression

2024-02-06 16:51:56 - [MESSAGE][PASSED] - Text '102.45' is present on page  using regular expression

2024-02-06 16:51:56 - [TEST_STEP][PASSED] - verifyTextPresent("Two transactions will appear on your bank statement, one in the amount of", true): Text 'Two transactions will appear on your bank statement, one in the amount of' is present on page  using regular expression

2024-02-06 16:51:56 - [MESSAGE][PASSED] - Text 'Two transactions will appear on your bank statement, one in the amount of' is present on page  using regular expression

2024-02-06 16:51:56 - [TEST_STEP][PASSED] - if (verifyElementPresent(findTestObject(orPath_ServiceFeesAccept + "/input_convFeeNotifyAction"), 30)): null

2024-02-06 16:51:57 - [MESSAGE][PASSED] - Object 'Object Repository/RAD_Pages/ServiceFeeAccept_Page/input_convFeeNotifyAction' is present

2024-02-06 16:51:57 - [TEST_STEP][PASSED] - resText = "Pass": null

2024-02-06 16:51:57 - [TEST_STEP][PASSED] - pages.WriteExcel.demoKey(resText, datText, resColumn, datCloumn, fileLoc, nameSheet, row): pages.WriteExcel.demoKey is PASSED

2024-02-06 16:51:57 - [MESSAGE][PASSED] - pages.WriteExcel.demoKey is PASSED

2024-02-06 16:51:57 - [TEST_STEP][PASSED] - if (execProfile == "QAProfile" || execProfile == "QA2Profile"): Text 'Successful Payment Receipt' is present on page  using regular expression

2024-02-06 16:51:57 - [TEST_STEP][PASSED] - click(findTestObject(orPath_ServiceFeesAccept + "/input_convFeeNotifyAction")): Object: 'Object Repository/RAD_Pages/ServiceFeeAccept_Page/input_convFeeNotifyAction' is clicked on

2024-02-06 16:51:58 - [MESSAGE][PASSED] - Object: 'Object Repository/RAD_Pages/ServiceFeeAccept_Page/input_convFeeNotifyAction' is clicked on

2024-02-06 16:51:58 - [TEST_STEP][PASSED] - delay(10): Delayed 10 second(s)

2024-02-06 16:52:08 - [MESSAGE][PASSED] - Delayed 10 second(s)

2024-02-06 16:52:08 - [TEST_STEP][PASSED] - verifyTextPresent("Successful Payment Receipt", true): Text 'Successful Payment Receipt' is present on page  using regular expression

2024-02-06 16:52:08 - [MESSAGE][PASSED] - Text 'Successful Payment Receipt' is present on page  using regular expression

2024-02-06 16:52:08 - [TEST_STEP][PASSED] - ExecuteTC = findTestData(dataFile).getValue("Execute", row): null

2024-02-06 16:52:08 - [TEST_STEP][PASSED] - TaxType = findTestData(dataFile).getValue("TaxType", row): null

2024-02-06 16:52:08 - [TEST_STEP][PASSED] - PaymentType = findTestData(dataFile).getValue("PaymentType", row): null

2024-02-06 16:52:08 - [TEST_STEP][PASSED] - FilingYear = findTestData(dataFile).getValue("Year", row): null

2024-02-06 16:52:08 - [TEST_STEP][PASSED] - feinSSN = findTestData(dataFile).getValue("FeinSsn", row): null

2024-02-06 16:52:08 - [TEST_STEP][PASSED] - if (ExecuteTC.equalsIgnoreCase("Y")): null

2024-02-06 16:52:08 - [TEST_STEP][PASSED] - out.println("Begin Record Number: " + row): null

2024-02-06 16:52:08 - [TEST_STEP][PASSED] - today = new java.util.Date(): null

2024-02-06 16:52:08 - [TEST_STEP][PASSED] - println(today): null

2024-02-06 16:52:08 - [TEST_STEP][PASSED] - datText = today: null

2024-02-06 16:52:08 - [TEST_STEP][PASSED] - logInfo("Payment Type: New Tax Return Amount Due"): Payment Type: New Tax Return Amount Due

2024-02-06 16:52:08 - [MESSAGE][INFO] - Payment Type: New Tax Return Amount Due

2024-02-06 16:52:08 - [TEST_STEP][PASSED] - logInfo("Tax Type: " + TaxType): Tax Type: PTE Non-Electing S Corp

2024-02-06 16:52:08 - [MESSAGE][INFO] - Tax Type: PTE Non-Electing S Corp

2024-02-06 16:52:08 - [TEST_STEP][PASSED] - openBrowser(""): Browser is opened with url: ''

2024-02-06 16:52:08 - [MESSAGE][WARNING] - A browser is already opened. Closing browser and opening a new one

2024-02-06 16:52:09 - [MESSAGE][INFO] - Starting 'Chrome' driver

2024-02-06 16:52:09 - [MESSAGE][INFO] - User set preference: ['acceptInsecureCerts', 'true']

2024-02-06 16:52:09 - [MESSAGE][INFO] - Action delay is set to 0 milliseconds

2024-02-06 16:52:11 - [MESSAGE][PASSED] - Browser is opened with url: ''

2024-02-06 16:52:11 - [TEST_STEP][PASSED] - maximizeWindow(): Current window maximized

2024-02-06 16:52:11 - [MESSAGE][PASSED] - Current window maximized

2024-02-06 16:52:11 - [TEST_STEP][PASSED] - navigateToUrl(RADurl): Navigate to 'https://qa2.velocitypayment.com/client/rad/index.html' successfully

2024-02-06 16:52:13 - [MESSAGE][PASSED] - Navigate to 'https://qa2.velocitypayment.com/client/rad/index.html' successfully

2024-02-06 16:52:13 - [TEST_STEP][PASSED] - selectOptionByLabel(findTestObject(orPath_Landing + "/dd_TaxType"), "New Tax Return Amount Due", false): All options with label 'New Tax Return Amount Due' are selected in object 'Object Repository/RAD_Pages/Landing_Page/dd_TaxType' 

2024-02-06 16:52:13 - [MESSAGE][PASSED] - All options with label 'New Tax Return Amount Due' are selected in object 'Object Repository/RAD_Pages/Landing_Page/dd_TaxType' 

2024-02-06 16:52:13 - [TEST_STEP][PASSED] - selectOptionByLabel(findTestObject("Object Repository/RAD_Pages/Landing_Page/select_NewTaxReturnAmountDue_TaxType"), TaxType, false): All options with label 'PTE Non-Electing S Corp' are selected in object 'Object Repository/RAD_Pages/Landing_Page/select_NewTaxReturnAmountDue_TaxType' 

2024-02-06 16:52:14 - [MESSAGE][PASSED] - All options with label 'PTE Non-Electing S Corp' are selected in object 'Object Repository/RAD_Pages/Landing_Page/select_NewTaxReturnAmountDue_TaxType' 

2024-02-06 16:52:14 - [TEST_STEP][PASSED] - selectOptionByLabel(findTestObject(orPath_TaxTypeFilingYear + "/select_FilingYear"), FilingYear, false): All options with label '2021' are selected in object 'Object Repository/RAD_Pages/TaxTypeFilingYear_Page/select_FilingYear' 

2024-02-06 16:52:15 - [MESSAGE][PASSED] - All options with label '2021' are selected in object 'Object Repository/RAD_Pages/TaxTypeFilingYear_Page/select_FilingYear' 

2024-02-06 16:52:15 - [TEST_STEP][PASSED] - rad.getSetDataRAD.setDataRADBusinessName(): rad.getSetDataRAD.setDataRADBusinessName is PASSED

2024-02-06 16:52:16 - [MESSAGE][PASSED] - Text 'My Company' is set on object 'Object Repository/RAD_Pages/Taxpayer_Page/input_businessName'

2024-02-06 16:52:16 - [MESSAGE][PASSED] - rad.getSetDataRAD.setDataRADBusinessName is PASSED

2024-02-06 16:52:16 - [TEST_STEP][PASSED] - rad.getSetDataRAD.setDataRADBusinessRep(): rad.getSetDataRAD.setDataRADBusinessRep is PASSED

2024-02-06 16:52:17 - [MESSAGE][PASSED] - Text 'BusRepFname' is set on object 'Object Repository/RAD_Pages/Taxpayer_Page/input_BusinessRepfirstName'

2024-02-06 16:52:17 - [MESSAGE][PASSED] - Text '' is set on object 'Object Repository/RAD_Pages/Taxpayer_Page/input_BusinessRepmiddleName'

2024-02-06 16:52:18 - [MESSAGE][PASSED] - Text 'BusRepLname' is set on object 'Object Repository/RAD_Pages/Taxpayer_Page/input_BusinessReplastName'

2024-02-06 16:52:19 - [MESSAGE][PASSED] - Text '' is set on object 'Object Repository/RAD_Pages/Taxpayer_Page/input_BusinessRepsuffix'

2024-02-06 16:52:19 - [MESSAGE][PASSED] - rad.getSetDataRAD.setDataRADBusinessRep is PASSED

2024-02-06 16:52:19 - [TEST_STEP][PASSED] - rad.getSetDataRAD.setDataRADAddress(): rad.getSetDataRAD.setDataRADAddress is PASSED

2024-02-06 16:52:19 - [MESSAGE][PASSED] - All options with label 'United States' are selected in object 'Object Repository/RAD_Pages/AddressAndContactInfo_Page/select_Country' 

2024-02-06 16:52:20 - [MESSAGE][PASSED] - Text '2508 Mandan Terrace' is set on object 'Object Repository/RAD_Pages/AddressAndContactInfo_Page/input_streetAddress1'

2024-02-06 16:52:21 - [MESSAGE][PASSED] - Text '' is set on object 'Object Repository/RAD_Pages/AddressAndContactInfo_Page/input_streetAddress2'

2024-02-06 16:52:22 - [MESSAGE][PASSED] - Text 'Gambrills' is set on object 'Object Repository/RAD_Pages/AddressAndContactInfo_Page/input_city'

2024-02-06 16:52:22 - [MESSAGE][PASSED] - All options with label 'Maryland' are selected in object 'Object Repository/RAD_Pages/AddressAndContactInfo_Page/select_State' 

2024-02-06 16:52:23 - [MESSAGE][PASSED] - Text '21054' is set on object 'Object Repository/RAD_Pages/AddressAndContactInfo_Page/input_zipCode'

2024-02-06 16:52:24 - [MESSAGE][PASSED] - Text '(703) 894-5000' is set on object 'Object Repository/RAD_Pages/AddressAndContactInfo_Page/input_phoneNumber'

2024-02-06 16:52:25 - [MESSAGE][PASSED] - Text 'iahmed@govolution.com' is set on object 'Object Repository/RAD_Pages/AddressAndContactInfo_Page/input_eMailAddress'

2024-02-06 16:52:26 - [MESSAGE][PASSED] - Text 'iahmed@govolution.com' is set on object 'Object Repository/RAD_Pages/AddressAndContactInfo_Page/input_reEnterEMailAddress'

2024-02-06 16:52:26 - [MESSAGE][PASSED] - rad.getSetDataRAD.setDataRADAddress is PASSED

2024-02-06 16:52:26 - [TEST_STEP][PASSED] - if (feinSSN.equalsIgnoreCase("Y")): rad.getSetDataRAD.setDataRADFEINSSN is PASSED

2024-02-06 16:52:26 - [TEST_STEP][PASSED] - rad.getSetDataRAD.setDataRADFEINSSN(): rad.getSetDataRAD.setDataRADFEINSSN is PASSED

2024-02-06 16:52:26 - [MESSAGE][PASSED] - Text ****** has been set on object 'Object Repository/RAD_Pages/TaxInfo_Page/input_TaxInfo_FeinSsn_New_2'

2024-02-06 16:52:27 - [MESSAGE][PASSED] - Text ****** has been set on object 'Object Repository/RAD_Pages/TaxInfo_Page/input_TaxInfo_RetypeFeinSsn_New_2'

2024-02-06 16:52:27 - [MESSAGE][PASSED] - rad.getSetDataRAD.setDataRADFEINSSN is PASSED

2024-02-06 16:52:27 - [TEST_STEP][PASSED] - if (TaxType.equalsIgnoreCase("Estate Tax")): null

2024-02-06 16:52:27 - [TEST_STEP][PASSED] - setText(findTestObject(orPath_Amount + "/input__paymentAmount"), "100.00"): Text '100.00' is set on object 'Object Repository/RAD_Pages/PaymentAmount_Page/input__paymentAmount'

2024-02-06 16:52:28 - [MESSAGE][PASSED] - Text '100.00' is set on object 'Object Repository/RAD_Pages/PaymentAmount_Page/input__paymentAmount'

2024-02-06 16:52:28 - [TEST_STEP][PASSED] - setText(findTestObject(orPath_AddressContact + "/input_streetAddress2"), ""): Text '' is set on object 'Object Repository/RAD_Pages/AddressAndContactInfo_Page/input_streetAddress2'

2024-02-06 16:52:28 - [MESSAGE][PASSED] - Text '' is set on object 'Object Repository/RAD_Pages/AddressAndContactInfo_Page/input_streetAddress2'

2024-02-06 16:52:28 - [TEST_STEP][PASSED] - scrollToElement(findTestObject(orPath_Landing + "/button_Continue"), 3): Scroll to object 'Object Repository/RAD_Pages/Landing_Page/button_Continue' successfully

2024-02-06 16:52:29 - [MESSAGE][PASSED] - Scroll to object 'Object Repository/RAD_Pages/Landing_Page/button_Continue' successfully

2024-02-06 16:52:29 - [TEST_STEP][PASSED] - waitForElementClickable(findTestObject(orPath_Landing + "/button_Continue"), 5): Object 'Object Repository/RAD_Pages/Landing_Page/button_Continue' is clickable

2024-02-06 16:52:29 - [MESSAGE][PASSED] - Object 'Object Repository/RAD_Pages/Landing_Page/button_Continue' is clickable

2024-02-06 16:52:29 - [TEST_STEP][PASSED] - click(findTestObject(orPath_Landing + "/button_Continue")): Object: 'Object Repository/RAD_Pages/Landing_Page/button_Continue' is clicked on

2024-02-06 16:52:30 - [MESSAGE][PASSED] - Object: 'Object Repository/RAD_Pages/Landing_Page/button_Continue' is clicked on

2024-02-06 16:52:30 - [TEST_STEP][PASSED] - delay(2): Delayed 2 second(s)

2024-02-06 16:52:32 - [MESSAGE][PASSED] - Delayed 2 second(s)

2024-02-06 16:52:32 - [TEST_STEP][PASSED] - click(findTestObject(orPath_Summary + "/button_Proceed to Payment")): Object: 'Object Repository/RAD_Pages/Summary_Page/button_Proceed to Payment' is clicked on

2024-02-06 16:52:33 - [MESSAGE][PASSED] - Object: 'Object Repository/RAD_Pages/Summary_Page/button_Proceed to Payment' is clicked on

2024-02-06 16:52:33 - [TEST_STEP][PASSED] - if (verifyElementPresent(findTestObject("Object Repository/RAD_Pages/PaymentEntry_Page/input__billingName"), 30)): null

2024-02-06 16:52:33 - [MESSAGE][PASSED] - Object 'Object Repository/RAD_Pages/PaymentEntry_Page/input__billingName' is present

2024-02-06 16:52:33 - [TEST_STEP][PASSED] - verifyTextPresent("Comptroller of Maryland", true): Text 'Comptroller of Maryland' is present on page  using regular expression

2024-02-06 16:52:34 - [MESSAGE][PASSED] - Text 'Comptroller of Maryland' is present on page  using regular expression

2024-02-06 16:52:34 - [TEST_STEP][PASSED] - verifyTextPresent("Revenue Administration Division", true): Text 'Revenue Administration Division' is present on page  using regular expression

2024-02-06 16:52:34 - [MESSAGE][PASSED] - Text 'Revenue Administration Division' is present on page  using regular expression

2024-02-06 16:52:34 - [TEST_STEP][PASSED] - verifyTextPresent("Payment Information", true): Text 'Payment Information' is present on page  using regular expression

2024-02-06 16:52:34 - [MESSAGE][PASSED] - Text 'Payment Information' is present on page  using regular expression

2024-02-06 16:52:34 - [TEST_STEP][PASSED] - card_Name = getAttribute(findTestObject("Object Repository/RAD_Pages/PaymentEntry_Page/input__billingName"), "value"): Attribute 'value' of object 'Object Repository/RAD_Pages/PaymentEntry_Page/input__billingName' is: 'BusRepFname BusRepLname'

2024-02-06 16:52:35 - [MESSAGE][PASSED] - Attribute 'value' of object 'Object Repository/RAD_Pages/PaymentEntry_Page/input__billingName' is: 'BusRepFname BusRepLname'

2024-02-06 16:52:35 - [TEST_STEP][PASSED] - verifyMatch("BusRepFname BusRepLname", card_Name, false): Actual text 'BusRepFname BusRepLname' and expected text 'BusRepFname BusRepLname' are matched 

2024-02-06 16:52:35 - [MESSAGE][PASSED] - Actual text 'BusRepFname BusRepLname' and expected text 'BusRepFname BusRepLname' are matched 

2024-02-06 16:52:35 - [TEST_STEP][PASSED] - AL1 = getAttribute(findTestObject("Object Repository/RAD_Pages/PaymentEntry_Page/input_billingAddress"), "value"): Attribute 'value' of object 'Object Repository/RAD_Pages/PaymentEntry_Page/input_billingAddress' is: '2508 Mandan Terrace'

2024-02-06 16:52:35 - [MESSAGE][PASSED] - Attribute 'value' of object 'Object Repository/RAD_Pages/PaymentEntry_Page/input_billingAddress' is: '2508 Mandan Terrace'

2024-02-06 16:52:35 - [TEST_STEP][PASSED] - verifyMatch("2508 Mandan Terrace", AL1, false): Actual text '2508 Mandan Terrace' and expected text '2508 Mandan Terrace' are matched 

2024-02-06 16:52:35 - [MESSAGE][PASSED] - Actual text '2508 Mandan Terrace' and expected text '2508 Mandan Terrace' are matched 

2024-02-06 16:52:35 - [TEST_STEP][PASSED] - AL2 = getAttribute(findTestObject("Object Repository/RAD_Pages/PaymentEntry_Page/input_billingAddress2"), "value"): Attribute 'value' of object 'Object Repository/RAD_Pages/PaymentEntry_Page/input_billingAddress2' is: ''

2024-02-06 16:52:35 - [MESSAGE][PASSED] - Attribute 'value' of object 'Object Repository/RAD_Pages/PaymentEntry_Page/input_billingAddress2' is: ''

2024-02-06 16:52:35 - [TEST_STEP][PASSED] - verifyMatch("", AL2, false): Actual text '' and expected text '' are matched 

2024-02-06 16:52:35 - [MESSAGE][PASSED] - Actual text '' and expected text '' are matched 

2024-02-06 16:52:35 - [TEST_STEP][PASSED] - zipCode = getAttribute(findTestObject("Object Repository/RAD_Pages/PaymentEntry_Page/input_billingZip"), "value"): Attribute 'value' of object 'Object Repository/RAD_Pages/PaymentEntry_Page/input_billingZip' is: '21054'

2024-02-06 16:52:36 - [MESSAGE][PASSED] - Attribute 'value' of object 'Object Repository/RAD_Pages/PaymentEntry_Page/input_billingZip' is: '21054'

2024-02-06 16:52:36 - [TEST_STEP][PASSED] - verifyMatch("21054", zipCode, false): Actual text '21054' and expected text '21054' are matched 

2024-02-06 16:52:36 - [MESSAGE][PASSED] - Actual text '21054' and expected text '21054' are matched 

2024-02-06 16:52:36 - [TEST_STEP][PASSED] - city = getAttribute(findTestObject("Object Repository/RAD_Pages/PaymentEntry_Page/input_billingCity"), "value"): Attribute 'value' of object 'Object Repository/RAD_Pages/PaymentEntry_Page/input_billingCity' is: 'GAMBRILLS'

2024-02-06 16:52:36 - [MESSAGE][PASSED] - Attribute 'value' of object 'Object Repository/RAD_Pages/PaymentEntry_Page/input_billingCity' is: 'GAMBRILLS'

2024-02-06 16:52:36 - [TEST_STEP][PASSED] - verifyMatch("GAMBRILLS", city, false): Actual text 'GAMBRILLS' and expected text 'GAMBRILLS' are matched 

2024-02-06 16:52:36 - [MESSAGE][PASSED] - Actual text 'GAMBRILLS' and expected text 'GAMBRILLS' are matched 

2024-02-06 16:52:36 - [TEST_STEP][PASSED] - email = getAttribute(findTestObject("Object Repository/RAD_Pages/PaymentEntry_Page/input_emailAddress"), "value"): Attribute 'value' of object 'Object Repository/RAD_Pages/PaymentEntry_Page/input_emailAddress' is: 'iahmed@govolution.com'

2024-02-06 16:52:36 - [MESSAGE][PASSED] - Attribute 'value' of object 'Object Repository/RAD_Pages/PaymentEntry_Page/input_emailAddress' is: 'iahmed@govolution.com'

2024-02-06 16:52:36 - [TEST_STEP][PASSED] - verifyMatch("iahmed@govolution.com", email, false): Actual text 'iahmed@govolution.com' and expected text 'iahmed@govolution.com' are matched 

2024-02-06 16:52:36 - [MESSAGE][PASSED] - Actual text 'iahmed@govolution.com' and expected text 'iahmed@govolution.com' are matched 

2024-02-06 16:52:36 - [TEST_STEP][PASSED] - amount = getAttribute(findTestObject("Object Repository/RAD_Pages/PaymentEntry_Page/input_amount"), "value"): Attribute 'value' of object 'Object Repository/RAD_Pages/PaymentEntry_Page/input_amount' is: '100.00'

2024-02-06 16:52:37 - [MESSAGE][PASSED] - Attribute 'value' of object 'Object Repository/RAD_Pages/PaymentEntry_Page/input_amount' is: '100.00'

2024-02-06 16:52:37 - [TEST_STEP][PASSED] - verifyMatch("100.00", amount, false): Actual text '100.00' and expected text '100.00' are matched 

2024-02-06 16:52:37 - [MESSAGE][PASSED] - Actual text '100.00' and expected text '100.00' are matched 

2024-02-06 16:52:37 - [TEST_STEP][PASSED] - amountReadOnly = getAttribute(findTestObject("Object Repository/RAD_Pages/PaymentEntry_Page/input_amount"), "readonly"): Attribute 'readonly' of object 'Object Repository/RAD_Pages/PaymentEntry_Page/input_amount' is: 'true'

2024-02-06 16:52:37 - [MESSAGE][PASSED] - Attribute 'readonly' of object 'Object Repository/RAD_Pages/PaymentEntry_Page/input_amount' is: 'true'

2024-02-06 16:52:37 - [TEST_STEP][PASSED] - verifyMatch("true", amountReadOnly, false): Actual text 'true' and expected text 'true' are matched 

2024-02-06 16:52:37 - [MESSAGE][PASSED] - Actual text 'true' and expected text 'true' are matched 

2024-02-06 16:52:37 - [TEST_STEP][PASSED] - verifyOptionSelectedByLabel(findTestObject("Object Repository/RAD_Pages/PaymentEntry_Page/select_Country"), "United States", false, 20): All options with label 'United States' are selected in object 'Object Repository/RAD_Pages/PaymentEntry_Page/select_Country' 

2024-02-06 16:52:38 - [MESSAGE][PASSED] - All options with label 'United States' are selected in object 'Object Repository/RAD_Pages/PaymentEntry_Page/select_Country' 

2024-02-06 16:52:38 - [TEST_STEP][PASSED] - verifyOptionSelectedByLabel(findTestObject("Object Repository/RAD_Pages/PaymentEntry_Page/select_State"), "Maryland", false, 20): All options with label 'Maryland' are selected in object 'Object Repository/RAD_Pages/PaymentEntry_Page/select_State' 

2024-02-06 16:52:41 - [MESSAGE][PASSED] - All options with label 'Maryland' are selected in object 'Object Repository/RAD_Pages/PaymentEntry_Page/select_State' 

2024-02-06 16:52:41 - [TEST_STEP][PASSED] - setText(findTestObject(orPath_PaymentEntry + "/input__cardNumber"), "4111111111111111"): Text '4111111111111111' is set on object 'Object Repository/RAD_Pages/PaymentEntry_Page/input__cardNumber'

2024-02-06 16:52:41 - [MESSAGE][PASSED] - Text '4111111111111111' is set on object 'Object Repository/RAD_Pages/PaymentEntry_Page/input__cardNumber'

2024-02-06 16:52:41 - [TEST_STEP][PASSED] - setText(findTestObject(orPath_PaymentEntry + "/input__spc"), "123"): Text '123' is set on object 'Object Repository/RAD_Pages/PaymentEntry_Page/input__spc'

2024-02-06 16:52:42 - [MESSAGE][PASSED] - Text '123' is set on object 'Object Repository/RAD_Pages/PaymentEntry_Page/input__spc'

2024-02-06 16:52:42 - [TEST_STEP][PASSED] - selectOptionByLabel(findTestObject(orPath_PaymentEntry + "/select_MM"), "12", false): All options with label '12' are selected in object 'Object Repository/RAD_Pages/PaymentEntry_Page/select_MM' 

2024-02-06 16:52:43 - [MESSAGE][PASSED] - All options with label '12' are selected in object 'Object Repository/RAD_Pages/PaymentEntry_Page/select_MM' 

2024-02-06 16:52:43 - [TEST_STEP][PASSED] - selectOptionByLabel(findTestObject(orPath_PaymentEntry + "/select_YYYY"), "2028", false): All options with label '2028' are selected in object 'Object Repository/RAD_Pages/PaymentEntry_Page/select_YYYY' 

2024-02-06 16:52:44 - [MESSAGE][PASSED] - All options with label '2028' are selected in object 'Object Repository/RAD_Pages/PaymentEntry_Page/select_YYYY' 

2024-02-06 16:52:44 - [TEST_STEP][PASSED] - click(findTestObject(orPath_PaymentEntry + "/input_Field_ccSubmit")): Object: 'Object Repository/RAD_Pages/PaymentEntry_Page/input_Field_ccSubmit' is clicked on

2024-02-06 16:52:45 - [MESSAGE][PASSED] - Object: 'Object Repository/RAD_Pages/PaymentEntry_Page/input_Field_ccSubmit' is clicked on

2024-02-06 16:52:45 - [TEST_STEP][PASSED] - click(findTestObject(orPath_PaymentConfirmation + "/input_N_confirmNotifyAction")): Object: 'Object Repository/RAD_Pages/PaymentConfirmation_Page/input_N_confirmNotifyAction' is clicked on

2024-02-06 16:52:46 - [MESSAGE][PASSED] - Object: 'Object Repository/RAD_Pages/PaymentConfirmation_Page/input_N_confirmNotifyAction' is clicked on

2024-02-06 16:52:46 - [TEST_STEP][PASSED] - verifyTextPresent("Service Fee Acceptance", true): Text 'Service Fee Acceptance' is present on page  using regular expression

2024-02-06 16:52:46 - [MESSAGE][PASSED] - Text 'Service Fee Acceptance' is present on page  using regular expression

2024-02-06 16:52:46 - [TEST_STEP][PASSED] - verifyTextPresent("This transaction is subject to a Service Fee of ", true): Text 'This transaction is subject to a Service Fee of ' is present on page  using regular expression

2024-02-06 16:52:47 - [MESSAGE][PASSED] - Text 'This transaction is subject to a Service Fee of ' is present on page  using regular expression

2024-02-06 16:52:47 - [TEST_STEP][PASSED] - verifyTextPresent("Payment Amount:", true): Text 'Payment Amount:' is present on page  using regular expression

2024-02-06 16:52:47 - [MESSAGE][PASSED] - Text 'Payment Amount:' is present on page  using regular expression

2024-02-06 16:52:47 - [TEST_STEP][PASSED] - verifyTextPresent("100.00", true): Text '100.00' is present on page  using regular expression

2024-02-06 16:52:47 - [MESSAGE][PASSED] - Text '100.00' is present on page  using regular expression

2024-02-06 16:52:47 - [TEST_STEP][PASSED] - verifyTextPresent("Service Fee:", true): Text 'Service Fee:' is present on page  using regular expression

2024-02-06 16:52:48 - [MESSAGE][PASSED] - Text 'Service Fee:' is present on page  using regular expression

2024-02-06 16:52:48 - [TEST_STEP][PASSED] - verifyTextPresent("2.45", true): Text '2.45' is present on page  using regular expression

2024-02-06 16:52:48 - [MESSAGE][PASSED] - Text '2.45' is present on page  using regular expression

2024-02-06 16:52:48 - [TEST_STEP][PASSED] - verifyTextPresent("Total Amount:", true): Text 'Total Amount:' is present on page  using regular expression

2024-02-06 16:52:48 - [MESSAGE][PASSED] - Text 'Total Amount:' is present on page  using regular expression

2024-02-06 16:52:48 - [TEST_STEP][PASSED] - verifyTextPresent("102.45", true): Text '102.45' is present on page  using regular expression

2024-02-06 16:52:48 - [MESSAGE][PASSED] - Text '102.45' is present on page  using regular expression

2024-02-06 16:52:48 - [TEST_STEP][PASSED] - verifyTextPresent("Two transactions will appear on your bank statement, one in the amount of", true): Text 'Two transactions will appear on your bank statement, one in the amount of' is present on page  using regular expression

2024-02-06 16:52:49 - [MESSAGE][PASSED] - Text 'Two transactions will appear on your bank statement, one in the amount of' is present on page  using regular expression

2024-02-06 16:52:49 - [TEST_STEP][PASSED] - if (verifyElementPresent(findTestObject(orPath_ServiceFeesAccept + "/input_convFeeNotifyAction"), 30)): null

2024-02-06 16:52:49 - [MESSAGE][PASSED] - Object 'Object Repository/RAD_Pages/ServiceFeeAccept_Page/input_convFeeNotifyAction' is present

2024-02-06 16:52:49 - [TEST_STEP][PASSED] - resText = "Pass": null

2024-02-06 16:52:49 - [TEST_STEP][PASSED] - pages.WriteExcel.demoKey(resText, datText, resColumn, datCloumn, fileLoc, nameSheet, row): pages.WriteExcel.demoKey is PASSED

2024-02-06 16:52:49 - [MESSAGE][PASSED] - pages.WriteExcel.demoKey is PASSED

2024-02-06 16:52:49 - [TEST_STEP][PASSED] - if (execProfile == "QAProfile" || execProfile == "QA2Profile"): Text 'Successful Payment Receipt' is present on page  using regular expression

2024-02-06 16:52:49 - [TEST_STEP][PASSED] - click(findTestObject(orPath_ServiceFeesAccept + "/input_convFeeNotifyAction")): Object: 'Object Repository/RAD_Pages/ServiceFeeAccept_Page/input_convFeeNotifyAction' is clicked on

2024-02-06 16:52:50 - [MESSAGE][PASSED] - Object: 'Object Repository/RAD_Pages/ServiceFeeAccept_Page/input_convFeeNotifyAction' is clicked on

2024-02-06 16:52:50 - [TEST_STEP][PASSED] - delay(10): Delayed 10 second(s)

2024-02-06 16:53:00 - [MESSAGE][PASSED] - Delayed 10 second(s)

2024-02-06 16:53:00 - [TEST_STEP][PASSED] - verifyTextPresent("Successful Payment Receipt", true): Text 'Successful Payment Receipt' is present on page  using regular expression

2024-02-06 16:53:00 - [MESSAGE][PASSED] - Text 'Successful Payment Receipt' is present on page  using regular expression

2024-02-06 16:53:00 - [TEST_STEP][PASSED] - ExecuteTC = findTestData(dataFile).getValue("Execute", row): null

2024-02-06 16:53:00 - [TEST_STEP][PASSED] - TaxType = findTestData(dataFile).getValue("TaxType", row): null

2024-02-06 16:53:00 - [TEST_STEP][PASSED] - PaymentType = findTestData(dataFile).getValue("PaymentType", row): null

2024-02-06 16:53:01 - [TEST_STEP][PASSED] - FilingYear = findTestData(dataFile).getValue("Year", row): null

2024-02-06 16:53:01 - [TEST_STEP][PASSED] - feinSSN = findTestData(dataFile).getValue("FeinSsn", row): null

2024-02-06 16:53:01 - [TEST_STEP][PASSED] - if (ExecuteTC.equalsIgnoreCase("Y")): null

2024-02-06 16:53:01 - [TEST_STEP][PASSED] - out.println("Begin Record Number: " + row): null

2024-02-06 16:53:01 - [TEST_STEP][PASSED] - today = new java.util.Date(): null

2024-02-06 16:53:01 - [TEST_STEP][PASSED] - println(today): null

2024-02-06 16:53:01 - [TEST_STEP][PASSED] - datText = today: null

2024-02-06 16:53:01 - [TEST_STEP][PASSED] - logInfo("Payment Type: New Tax Return Amount Due"): Payment Type: New Tax Return Amount Due

2024-02-06 16:53:01 - [MESSAGE][INFO] - Payment Type: New Tax Return Amount Due

2024-02-06 16:53:01 - [TEST_STEP][PASSED] - logInfo("Tax Type: " + TaxType): Tax Type: PTE Tax Electing Non-S Corp

2024-02-06 16:53:01 - [MESSAGE][INFO] - Tax Type: PTE Tax Electing Non-S Corp

2024-02-06 16:53:01 - [TEST_STEP][PASSED] - openBrowser(""): Browser is opened with url: ''

2024-02-06 16:53:01 - [MESSAGE][WARNING] - A browser is already opened. Closing browser and opening a new one

2024-02-06 16:53:02 - [MESSAGE][INFO] - Starting 'Chrome' driver

2024-02-06 16:53:02 - [MESSAGE][INFO] - User set preference: ['acceptInsecureCerts', 'true']

2024-02-06 16:53:02 - [MESSAGE][INFO] - Action delay is set to 0 milliseconds

2024-02-06 16:53:04 - [MESSAGE][PASSED] - Browser is opened with url: ''

2024-02-06 16:53:04 - [TEST_STEP][PASSED] - maximizeWindow(): Current window maximized

2024-02-06 16:53:04 - [MESSAGE][PASSED] - Current window maximized

2024-02-06 16:53:04 - [TEST_STEP][PASSED] - navigateToUrl(RADurl): Navigate to 'https://qa2.velocitypayment.com/client/rad/index.html' successfully

2024-02-06 16:53:04 - [MESSAGE][PASSED] - Navigate to 'https://qa2.velocitypayment.com/client/rad/index.html' successfully

2024-02-06 16:53:04 - [TEST_STEP][PASSED] - selectOptionByLabel(findTestObject(orPath_Landing + "/dd_TaxType"), "New Tax Return Amount Due", false): All options with label 'New Tax Return Amount Due' are selected in object 'Object Repository/RAD_Pages/Landing_Page/dd_TaxType' 

2024-02-06 16:53:06 - [MESSAGE][PASSED] - All options with label 'New Tax Return Amount Due' are selected in object 'Object Repository/RAD_Pages/Landing_Page/dd_TaxType' 

2024-02-06 16:53:06 - [TEST_STEP][PASSED] - selectOptionByLabel(findTestObject("Object Repository/RAD_Pages/Landing_Page/select_NewTaxReturnAmountDue_TaxType"), TaxType, false): All options with label 'PTE Tax Electing Non-S Corp' are selected in object 'Object Repository/RAD_Pages/Landing_Page/select_NewTaxReturnAmountDue_TaxType' 

2024-02-06 16:53:07 - [MESSAGE][PASSED] - All options with label 'PTE Tax Electing Non-S Corp' are selected in object 'Object Repository/RAD_Pages/Landing_Page/select_NewTaxReturnAmountDue_TaxType' 

2024-02-06 16:53:07 - [TEST_STEP][PASSED] - selectOptionByLabel(findTestObject(orPath_TaxTypeFilingYear + "/select_FilingYear"), FilingYear, false): All options with label '2021' are selected in object 'Object Repository/RAD_Pages/TaxTypeFilingYear_Page/select_FilingYear' 

2024-02-06 16:53:08 - [MESSAGE][PASSED] - All options with label '2021' are selected in object 'Object Repository/RAD_Pages/TaxTypeFilingYear_Page/select_FilingYear' 

2024-02-06 16:53:08 - [TEST_STEP][PASSED] - rad.getSetDataRAD.setDataRADBusinessName(): rad.getSetDataRAD.setDataRADBusinessName is PASSED

2024-02-06 16:53:09 - [MESSAGE][PASSED] - Text 'My Company' is set on object 'Object Repository/RAD_Pages/Taxpayer_Page/input_businessName'

2024-02-06 16:53:09 - [MESSAGE][PASSED] - rad.getSetDataRAD.setDataRADBusinessName is PASSED

2024-02-06 16:53:09 - [TEST_STEP][PASSED] - rad.getSetDataRAD.setDataRADBusinessRep(): rad.getSetDataRAD.setDataRADBusinessRep is PASSED

2024-02-06 16:53:09 - [MESSAGE][PASSED] - Text 'BusRepFname' is set on object 'Object Repository/RAD_Pages/Taxpayer_Page/input_BusinessRepfirstName'

2024-02-06 16:53:10 - [MESSAGE][PASSED] - Text '' is set on object 'Object Repository/RAD_Pages/Taxpayer_Page/input_BusinessRepmiddleName'

2024-02-06 16:53:11 - [MESSAGE][PASSED] - Text 'BusRepLname' is set on object 'Object Repository/RAD_Pages/Taxpayer_Page/input_BusinessReplastName'

2024-02-06 16:53:11 - [MESSAGE][PASSED] - Text '' is set on object 'Object Repository/RAD_Pages/Taxpayer_Page/input_BusinessRepsuffix'

2024-02-06 16:53:11 - [MESSAGE][PASSED] - rad.getSetDataRAD.setDataRADBusinessRep is PASSED

2024-02-06 16:53:11 - [TEST_STEP][PASSED] - rad.getSetDataRAD.setDataRADAddress(): rad.getSetDataRAD.setDataRADAddress is PASSED

2024-02-06 16:53:12 - [MESSAGE][PASSED] - All options with label 'United States' are selected in object 'Object Repository/RAD_Pages/AddressAndContactInfo_Page/select_Country' 

2024-02-06 16:53:13 - [MESSAGE][PASSED] - Text '2508 Mandan Terrace' is set on object 'Object Repository/RAD_Pages/AddressAndContactInfo_Page/input_streetAddress1'

2024-02-06 16:53:14 - [MESSAGE][PASSED] - Text '' is set on object 'Object Repository/RAD_Pages/AddressAndContactInfo_Page/input_streetAddress2'

2024-02-06 16:53:14 - [MESSAGE][PASSED] - Text 'Gambrills' is set on object 'Object Repository/RAD_Pages/AddressAndContactInfo_Page/input_city'

2024-02-06 16:53:15 - [MESSAGE][PASSED] - All options with label 'Maryland' are selected in object 'Object Repository/RAD_Pages/AddressAndContactInfo_Page/select_State' 

2024-02-06 16:53:16 - [MESSAGE][PASSED] - Text '21054' is set on object 'Object Repository/RAD_Pages/AddressAndContactInfo_Page/input_zipCode'

2024-02-06 16:53:16 - [MESSAGE][PASSED] - Text '(703) 894-5000' is set on object 'Object Repository/RAD_Pages/AddressAndContactInfo_Page/input_phoneNumber'

2024-02-06 16:53:17 - [MESSAGE][PASSED] - Text 'iahmed@govolution.com' is set on object 'Object Repository/RAD_Pages/AddressAndContactInfo_Page/input_eMailAddress'

2024-02-06 16:53:18 - [MESSAGE][PASSED] - Text 'iahmed@govolution.com' is set on object 'Object Repository/RAD_Pages/AddressAndContactInfo_Page/input_reEnterEMailAddress'

2024-02-06 16:53:18 - [MESSAGE][PASSED] - rad.getSetDataRAD.setDataRADAddress is PASSED

2024-02-06 16:53:18 - [TEST_STEP][PASSED] - if (feinSSN.equalsIgnoreCase("Y")): rad.getSetDataRAD.setDataRADFEINSSN is PASSED

2024-02-06 16:53:18 - [TEST_STEP][PASSED] - rad.getSetDataRAD.setDataRADFEINSSN(): rad.getSetDataRAD.setDataRADFEINSSN is PASSED

2024-02-06 16:53:19 - [MESSAGE][PASSED] - Text ****** has been set on object 'Object Repository/RAD_Pages/TaxInfo_Page/input_TaxInfo_FeinSsn_New_2'

2024-02-06 16:53:20 - [MESSAGE][PASSED] - Text ****** has been set on object 'Object Repository/RAD_Pages/TaxInfo_Page/input_TaxInfo_RetypeFeinSsn_New_2'

2024-02-06 16:53:20 - [MESSAGE][PASSED] - rad.getSetDataRAD.setDataRADFEINSSN is PASSED

2024-02-06 16:53:20 - [TEST_STEP][PASSED] - if (TaxType.equalsIgnoreCase("Estate Tax")): null

2024-02-06 16:53:20 - [TEST_STEP][PASSED] - setText(findTestObject(orPath_Amount + "/input__paymentAmount"), "100.00"): Text '100.00' is set on object 'Object Repository/RAD_Pages/PaymentAmount_Page/input__paymentAmount'

2024-02-06 16:53:20 - [MESSAGE][PASSED] - Text '100.00' is set on object 'Object Repository/RAD_Pages/PaymentAmount_Page/input__paymentAmount'

2024-02-06 16:53:20 - [TEST_STEP][PASSED] - setText(findTestObject(orPath_AddressContact + "/input_streetAddress2"), ""): Text '' is set on object 'Object Repository/RAD_Pages/AddressAndContactInfo_Page/input_streetAddress2'

2024-02-06 16:53:21 - [MESSAGE][PASSED] - Text '' is set on object 'Object Repository/RAD_Pages/AddressAndContactInfo_Page/input_streetAddress2'

2024-02-06 16:53:21 - [TEST_STEP][PASSED] - scrollToElement(findTestObject(orPath_Landing + "/button_Continue"), 3): Scroll to object 'Object Repository/RAD_Pages/Landing_Page/button_Continue' successfully

2024-02-06 16:53:22 - [MESSAGE][PASSED] - Scroll to object 'Object Repository/RAD_Pages/Landing_Page/button_Continue' successfully

2024-02-06 16:53:22 - [TEST_STEP][PASSED] - waitForElementClickable(findTestObject(orPath_Landing + "/button_Continue"), 5): Object 'Object Repository/RAD_Pages/Landing_Page/button_Continue' is clickable

2024-02-06 16:53:22 - [MESSAGE][PASSED] - Object 'Object Repository/RAD_Pages/Landing_Page/button_Continue' is clickable

2024-02-06 16:53:22 - [TEST_STEP][PASSED] - click(findTestObject(orPath_Landing + "/button_Continue")): Object: 'Object Repository/RAD_Pages/Landing_Page/button_Continue' is clicked on

2024-02-06 16:53:22 - [MESSAGE][PASSED] - Object: 'Object Repository/RAD_Pages/Landing_Page/button_Continue' is clicked on

2024-02-06 16:53:22 - [TEST_STEP][PASSED] - delay(2): Delayed 2 second(s)

2024-02-06 16:53:24 - [MESSAGE][PASSED] - Delayed 2 second(s)

2024-02-06 16:53:24 - [TEST_STEP][PASSED] - click(findTestObject(orPath_Summary + "/button_Proceed to Payment")): Object: 'Object Repository/RAD_Pages/Summary_Page/button_Proceed to Payment' is clicked on

2024-02-06 16:53:26 - [MESSAGE][PASSED] - Object: 'Object Repository/RAD_Pages/Summary_Page/button_Proceed to Payment' is clicked on

2024-02-06 16:53:26 - [TEST_STEP][PASSED] - if (verifyElementPresent(findTestObject("Object Repository/RAD_Pages/PaymentEntry_Page/input__billingName"), 30)): null

2024-02-06 16:53:26 - [MESSAGE][PASSED] - Object 'Object Repository/RAD_Pages/PaymentEntry_Page/input__billingName' is present

2024-02-06 16:53:26 - [TEST_STEP][PASSED] - verifyTextPresent("Comptroller of Maryland", true): Text 'Comptroller of Maryland' is present on page  using regular expression

2024-02-06 16:53:27 - [MESSAGE][PASSED] - Text 'Comptroller of Maryland' is present on page  using regular expression

2024-02-06 16:53:27 - [TEST_STEP][PASSED] - verifyTextPresent("Revenue Administration Division", true): Text 'Revenue Administration Division' is present on page  using regular expression

2024-02-06 16:53:27 - [MESSAGE][PASSED] - Text 'Revenue Administration Division' is present on page  using regular expression

2024-02-06 16:53:27 - [TEST_STEP][PASSED] - verifyTextPresent("Payment Information", true): Text 'Payment Information' is present on page  using regular expression

2024-02-06 16:53:27 - [MESSAGE][PASSED] - Text 'Payment Information' is present on page  using regular expression

2024-02-06 16:53:27 - [TEST_STEP][PASSED] - card_Name = getAttribute(findTestObject("Object Repository/RAD_Pages/PaymentEntry_Page/input__billingName"), "value"): Attribute 'value' of object 'Object Repository/RAD_Pages/PaymentEntry_Page/input__billingName' is: 'BusRepFname BusRepLname'

2024-02-06 16:53:28 - [MESSAGE][PASSED] - Attribute 'value' of object 'Object Repository/RAD_Pages/PaymentEntry_Page/input__billingName' is: 'BusRepFname BusRepLname'

2024-02-06 16:53:28 - [TEST_STEP][PASSED] - verifyMatch("BusRepFname BusRepLname", card_Name, false): Actual text 'BusRepFname BusRepLname' and expected text 'BusRepFname BusRepLname' are matched 

2024-02-06 16:53:28 - [MESSAGE][PASSED] - Actual text 'BusRepFname BusRepLname' and expected text 'BusRepFname BusRepLname' are matched 

2024-02-06 16:53:28 - [TEST_STEP][PASSED] - AL1 = getAttribute(findTestObject("Object Repository/RAD_Pages/PaymentEntry_Page/input_billingAddress"), "value"): Attribute 'value' of object 'Object Repository/RAD_Pages/PaymentEntry_Page/input_billingAddress' is: '2508 Mandan Terrace'

2024-02-06 16:53:28 - [MESSAGE][PASSED] - Attribute 'value' of object 'Object Repository/RAD_Pages/PaymentEntry_Page/input_billingAddress' is: '2508 Mandan Terrace'

2024-02-06 16:53:28 - [TEST_STEP][PASSED] - verifyMatch("2508 Mandan Terrace", AL1, false): Actual text '2508 Mandan Terrace' and expected text '2508 Mandan Terrace' are matched 

2024-02-06 16:53:28 - [MESSAGE][PASSED] - Actual text '2508 Mandan Terrace' and expected text '2508 Mandan Terrace' are matched 

2024-02-06 16:53:28 - [TEST_STEP][PASSED] - AL2 = getAttribute(findTestObject("Object Repository/RAD_Pages/PaymentEntry_Page/input_billingAddress2"), "value"): Attribute 'value' of object 'Object Repository/RAD_Pages/PaymentEntry_Page/input_billingAddress2' is: ''

2024-02-06 16:53:28 - [MESSAGE][PASSED] - Attribute 'value' of object 'Object Repository/RAD_Pages/PaymentEntry_Page/input_billingAddress2' is: ''

2024-02-06 16:53:28 - [TEST_STEP][PASSED] - verifyMatch("", AL2, false): Actual text '' and expected text '' are matched 

2024-02-06 16:53:28 - [MESSAGE][PASSED] - Actual text '' and expected text '' are matched 

2024-02-06 16:53:28 - [TEST_STEP][PASSED] - zipCode = getAttribute(findTestObject("Object Repository/RAD_Pages/PaymentEntry_Page/input_billingZip"), "value"): Attribute 'value' of object 'Object Repository/RAD_Pages/PaymentEntry_Page/input_billingZip' is: '21054'

2024-02-06 16:53:29 - [MESSAGE][PASSED] - Attribute 'value' of object 'Object Repository/RAD_Pages/PaymentEntry_Page/input_billingZip' is: '21054'

2024-02-06 16:53:29 - [TEST_STEP][PASSED] - verifyMatch("21054", zipCode, false): Actual text '21054' and expected text '21054' are matched 

2024-02-06 16:53:29 - [MESSAGE][PASSED] - Actual text '21054' and expected text '21054' are matched 

2024-02-06 16:53:29 - [TEST_STEP][PASSED] - city = getAttribute(findTestObject("Object Repository/RAD_Pages/PaymentEntry_Page/input_billingCity"), "value"): Attribute 'value' of object 'Object Repository/RAD_Pages/PaymentEntry_Page/input_billingCity' is: 'GAMBRILLS'

2024-02-06 16:53:29 - [MESSAGE][PASSED] - Attribute 'value' of object 'Object Repository/RAD_Pages/PaymentEntry_Page/input_billingCity' is: 'GAMBRILLS'

2024-02-06 16:53:29 - [TEST_STEP][PASSED] - verifyMatch("GAMBRILLS", city, false): Actual text 'GAMBRILLS' and expected text 'GAMBRILLS' are matched 

2024-02-06 16:53:29 - [MESSAGE][PASSED] - Actual text 'GAMBRILLS' and expected text 'GAMBRILLS' are matched 

2024-02-06 16:53:29 - [TEST_STEP][PASSED] - email = getAttribute(findTestObject("Object Repository/RAD_Pages/PaymentEntry_Page/input_emailAddress"), "value"): Attribute 'value' of object 'Object Repository/RAD_Pages/PaymentEntry_Page/input_emailAddress' is: 'iahmed@govolution.com'

2024-02-06 16:53:29 - [MESSAGE][PASSED] - Attribute 'value' of object 'Object Repository/RAD_Pages/PaymentEntry_Page/input_emailAddress' is: 'iahmed@govolution.com'

2024-02-06 16:53:29 - [TEST_STEP][PASSED] - verifyMatch("iahmed@govolution.com", email, false): Actual text 'iahmed@govolution.com' and expected text 'iahmed@govolution.com' are matched 

2024-02-06 16:53:29 - [MESSAGE][PASSED] - Actual text 'iahmed@govolution.com' and expected text 'iahmed@govolution.com' are matched 

2024-02-06 16:53:29 - [TEST_STEP][PASSED] - amount = getAttribute(findTestObject("Object Repository/RAD_Pages/PaymentEntry_Page/input_amount"), "value"): Attribute 'value' of object 'Object Repository/RAD_Pages/PaymentEntry_Page/input_amount' is: '100.00'

2024-02-06 16:53:30 - [MESSAGE][PASSED] - Attribute 'value' of object 'Object Repository/RAD_Pages/PaymentEntry_Page/input_amount' is: '100.00'

2024-02-06 16:53:30 - [TEST_STEP][PASSED] - verifyMatch("100.00", amount, false): Actual text '100.00' and expected text '100.00' are matched 

2024-02-06 16:53:30 - [MESSAGE][PASSED] - Actual text '100.00' and expected text '100.00' are matched 

2024-02-06 16:53:30 - [TEST_STEP][PASSED] - amountReadOnly = getAttribute(findTestObject("Object Repository/RAD_Pages/PaymentEntry_Page/input_amount"), "readonly"): Attribute 'readonly' of object 'Object Repository/RAD_Pages/PaymentEntry_Page/input_amount' is: 'true'

2024-02-06 16:53:30 - [MESSAGE][PASSED] - Attribute 'readonly' of object 'Object Repository/RAD_Pages/PaymentEntry_Page/input_amount' is: 'true'

2024-02-06 16:53:30 - [TEST_STEP][PASSED] - verifyMatch("true", amountReadOnly, false): Actual text 'true' and expected text 'true' are matched 

2024-02-06 16:53:30 - [MESSAGE][PASSED] - Actual text 'true' and expected text 'true' are matched 

2024-02-06 16:53:30 - [TEST_STEP][PASSED] - verifyOptionSelectedByLabel(findTestObject("Object Repository/RAD_Pages/PaymentEntry_Page/select_Country"), "United States", false, 20): All options with label 'United States' are selected in object 'Object Repository/RAD_Pages/PaymentEntry_Page/select_Country' 

2024-02-06 16:53:31 - [MESSAGE][PASSED] - All options with label 'United States' are selected in object 'Object Repository/RAD_Pages/PaymentEntry_Page/select_Country' 

2024-02-06 16:53:31 - [TEST_STEP][PASSED] - verifyOptionSelectedByLabel(findTestObject("Object Repository/RAD_Pages/PaymentEntry_Page/select_State"), "Maryland", false, 20): All options with label 'Maryland' are selected in object 'Object Repository/RAD_Pages/PaymentEntry_Page/select_State' 

2024-02-06 16:53:34 - [MESSAGE][PASSED] - All options with label 'Maryland' are selected in object 'Object Repository/RAD_Pages/PaymentEntry_Page/select_State' 

2024-02-06 16:53:34 - [TEST_STEP][PASSED] - setText(findTestObject(orPath_PaymentEntry + "/input__cardNumber"), "4111111111111111"): Text '4111111111111111' is set on object 'Object Repository/RAD_Pages/PaymentEntry_Page/input__cardNumber'

2024-02-06 16:53:35 - [MESSAGE][PASSED] - Text '4111111111111111' is set on object 'Object Repository/RAD_Pages/PaymentEntry_Page/input__cardNumber'

2024-02-06 16:53:35 - [TEST_STEP][PASSED] - setText(findTestObject(orPath_PaymentEntry + "/input__spc"), "123"): Text '123' is set on object 'Object Repository/RAD_Pages/PaymentEntry_Page/input__spc'

2024-02-06 16:53:35 - [MESSAGE][PASSED] - Text '123' is set on object 'Object Repository/RAD_Pages/PaymentEntry_Page/input__spc'

2024-02-06 16:53:35 - [TEST_STEP][PASSED] - selectOptionByLabel(findTestObject(orPath_PaymentEntry + "/select_MM"), "12", false): All options with label '12' are selected in object 'Object Repository/RAD_Pages/PaymentEntry_Page/select_MM' 

2024-02-06 16:53:36 - [MESSAGE][PASSED] - All options with label '12' are selected in object 'Object Repository/RAD_Pages/PaymentEntry_Page/select_MM' 

2024-02-06 16:53:36 - [TEST_STEP][PASSED] - selectOptionByLabel(findTestObject(orPath_PaymentEntry + "/select_YYYY"), "2028", false): All options with label '2028' are selected in object 'Object Repository/RAD_Pages/PaymentEntry_Page/select_YYYY' 

2024-02-06 16:53:37 - [MESSAGE][PASSED] - All options with label '2028' are selected in object 'Object Repository/RAD_Pages/PaymentEntry_Page/select_YYYY' 

2024-02-06 16:53:37 - [TEST_STEP][PASSED] - click(findTestObject(orPath_PaymentEntry + "/input_Field_ccSubmit")): Object: 'Object Repository/RAD_Pages/PaymentEntry_Page/input_Field_ccSubmit' is clicked on

2024-02-06 16:53:38 - [MESSAGE][PASSED] - Object: 'Object Repository/RAD_Pages/PaymentEntry_Page/input_Field_ccSubmit' is clicked on

2024-02-06 16:53:38 - [TEST_STEP][PASSED] - click(findTestObject(orPath_PaymentConfirmation + "/input_N_confirmNotifyAction")): Object: 'Object Repository/RAD_Pages/PaymentConfirmation_Page/input_N_confirmNotifyAction' is clicked on

2024-02-06 16:53:39 - [MESSAGE][PASSED] - Object: 'Object Repository/RAD_Pages/PaymentConfirmation_Page/input_N_confirmNotifyAction' is clicked on

2024-02-06 16:53:39 - [TEST_STEP][PASSED] - verifyTextPresent("Service Fee Acceptance", true): Text 'Service Fee Acceptance' is present on page  using regular expression

2024-02-06 16:53:39 - [MESSAGE][PASSED] - Text 'Service Fee Acceptance' is present on page  using regular expression

2024-02-06 16:53:39 - [TEST_STEP][PASSED] - verifyTextPresent("This transaction is subject to a Service Fee of ", true): Text 'This transaction is subject to a Service Fee of ' is present on page  using regular expression

2024-02-06 16:53:40 - [MESSAGE][PASSED] - Text 'This transaction is subject to a Service Fee of ' is present on page  using regular expression

2024-02-06 16:53:40 - [TEST_STEP][PASSED] - verifyTextPresent("Payment Amount:", true): Text 'Payment Amount:' is present on page  using regular expression

2024-02-06 16:53:40 - [MESSAGE][PASSED] - Text 'Payment Amount:' is present on page  using regular expression

2024-02-06 16:53:40 - [TEST_STEP][PASSED] - verifyTextPresent("100.00", true): Text '100.00' is present on page  using regular expression

2024-02-06 16:53:40 - [MESSAGE][PASSED] - Text '100.00' is present on page  using regular expression

2024-02-06 16:53:40 - [TEST_STEP][PASSED] - verifyTextPresent("Service Fee:", true): Text 'Service Fee:' is present on page  using regular expression

2024-02-06 16:53:40 - [MESSAGE][PASSED] - Text 'Service Fee:' is present on page  using regular expression

2024-02-06 16:53:40 - [TEST_STEP][PASSED] - verifyTextPresent("2.45", true): Text '2.45' is present on page  using regular expression

2024-02-06 16:53:41 - [MESSAGE][PASSED] - Text '2.45' is present on page  using regular expression

2024-02-06 16:53:41 - [TEST_STEP][PASSED] - verifyTextPresent("Total Amount:", true): Text 'Total Amount:' is present on page  using regular expression

2024-02-06 16:53:41 - [MESSAGE][PASSED] - Text 'Total Amount:' is present on page  using regular expression

2024-02-06 16:53:41 - [TEST_STEP][PASSED] - verifyTextPresent("102.45", true): Text '102.45' is present on page  using regular expression

2024-02-06 16:53:41 - [MESSAGE][PASSED] - Text '102.45' is present on page  using regular expression

2024-02-06 16:53:41 - [TEST_STEP][PASSED] - verifyTextPresent("Two transactions will appear on your bank statement, one in the amount of", true): Text 'Two transactions will appear on your bank statement, one in the amount of' is present on page  using regular expression

2024-02-06 16:53:41 - [MESSAGE][PASSED] - Text 'Two transactions will appear on your bank statement, one in the amount of' is present on page  using regular expression

2024-02-06 16:53:41 - [TEST_STEP][PASSED] - if (verifyElementPresent(findTestObject(orPath_ServiceFeesAccept + "/input_convFeeNotifyAction"), 30)): null

2024-02-06 16:53:42 - [MESSAGE][PASSED] - Object 'Object Repository/RAD_Pages/ServiceFeeAccept_Page/input_convFeeNotifyAction' is present

2024-02-06 16:53:42 - [TEST_STEP][PASSED] - resText = "Pass": null

2024-02-06 16:53:42 - [TEST_STEP][PASSED] - pages.WriteExcel.demoKey(resText, datText, resColumn, datCloumn, fileLoc, nameSheet, row): pages.WriteExcel.demoKey is PASSED

2024-02-06 16:53:42 - [MESSAGE][PASSED] - pages.WriteExcel.demoKey is PASSED

2024-02-06 16:53:42 - [TEST_STEP][PASSED] - if (execProfile == "QAProfile" || execProfile == "QA2Profile"): Text 'Successful Payment Receipt' is present on page  using regular expression

2024-02-06 16:53:42 - [TEST_STEP][PASSED] - click(findTestObject(orPath_ServiceFeesAccept + "/input_convFeeNotifyAction")): Object: 'Object Repository/RAD_Pages/ServiceFeeAccept_Page/input_convFeeNotifyAction' is clicked on

2024-02-06 16:53:43 - [MESSAGE][PASSED] - Object: 'Object Repository/RAD_Pages/ServiceFeeAccept_Page/input_convFeeNotifyAction' is clicked on

2024-02-06 16:53:43 - [TEST_STEP][PASSED] - delay(10): Delayed 10 second(s)

2024-02-06 16:53:53 - [MESSAGE][PASSED] - Delayed 10 second(s)

2024-02-06 16:53:53 - [TEST_STEP][PASSED] - verifyTextPresent("Successful Payment Receipt", true): Text 'Successful Payment Receipt' is present on page  using regular expression

2024-02-06 16:53:53 - [MESSAGE][PASSED] - Text 'Successful Payment Receipt' is present on page  using regular expression

2024-02-06 16:53:53 - [TEST_STEP][PASSED] - ExecuteTC = findTestData(dataFile).getValue("Execute", row): null

2024-02-06 16:53:53 - [TEST_STEP][PASSED] - TaxType = findTestData(dataFile).getValue("TaxType", row): null

2024-02-06 16:53:53 - [TEST_STEP][PASSED] - PaymentType = findTestData(dataFile).getValue("PaymentType", row): null

2024-02-06 16:53:53 - [TEST_STEP][PASSED] - FilingYear = findTestData(dataFile).getValue("Year", row): null

2024-02-06 16:53:53 - [TEST_STEP][PASSED] - feinSSN = findTestData(dataFile).getValue("FeinSsn", row): null

2024-02-06 16:53:53 - [TEST_STEP][PASSED] - if (ExecuteTC.equalsIgnoreCase("Y")): null

2024-02-06 16:53:53 - [TEST_STEP][PASSED] - out.println("Begin Record Number: " + row): null

2024-02-06 16:53:53 - [TEST_STEP][PASSED] - today = new java.util.Date(): null

2024-02-06 16:53:53 - [TEST_STEP][PASSED] - println(today): null

2024-02-06 16:53:53 - [TEST_STEP][PASSED] - datText = today: null

2024-02-06 16:53:53 - [TEST_STEP][PASSED] - logInfo("Payment Type: New Tax Return Amount Due"): Payment Type: New Tax Return Amount Due

2024-02-06 16:53:53 - [MESSAGE][INFO] - Payment Type: New Tax Return Amount Due

2024-02-06 16:53:53 - [TEST_STEP][PASSED] - logInfo("Tax Type: " + TaxType): Tax Type: PTE Tax Electing S Corp

2024-02-06 16:53:53 - [MESSAGE][INFO] - Tax Type: PTE Tax Electing S Corp

2024-02-06 16:53:53 - [TEST_STEP][PASSED] - openBrowser(""): Browser is opened with url: ''

2024-02-06 16:53:53 - [MESSAGE][WARNING] - A browser is already opened. Closing browser and opening a new one

2024-02-06 16:53:54 - [MESSAGE][INFO] - Starting 'Chrome' driver

2024-02-06 16:53:54 - [MESSAGE][INFO] - User set preference: ['acceptInsecureCerts', 'true']

2024-02-06 16:53:54 - [MESSAGE][INFO] - Action delay is set to 0 milliseconds

2024-02-06 16:53:56 - [MESSAGE][PASSED] - Browser is opened with url: ''

2024-02-06 16:53:56 - [TEST_STEP][PASSED] - maximizeWindow(): Current window maximized

2024-02-06 16:53:56 - [MESSAGE][PASSED] - Current window maximized

2024-02-06 16:53:56 - [TEST_STEP][PASSED] - navigateToUrl(RADurl): Navigate to 'https://qa2.velocitypayment.com/client/rad/index.html' successfully

2024-02-06 16:53:58 - [MESSAGE][PASSED] - Navigate to 'https://qa2.velocitypayment.com/client/rad/index.html' successfully

2024-02-06 16:53:58 - [TEST_STEP][PASSED] - selectOptionByLabel(findTestObject(orPath_Landing + "/dd_TaxType"), "New Tax Return Amount Due", false): All options with label 'New Tax Return Amount Due' are selected in object 'Object Repository/RAD_Pages/Landing_Page/dd_TaxType' 

2024-02-06 16:53:58 - [MESSAGE][PASSED] - All options with label 'New Tax Return Amount Due' are selected in object 'Object Repository/RAD_Pages/Landing_Page/dd_TaxType' 

2024-02-06 16:53:58 - [TEST_STEP][PASSED] - selectOptionByLabel(findTestObject("Object Repository/RAD_Pages/Landing_Page/select_NewTaxReturnAmountDue_TaxType"), TaxType, false): All options with label 'PTE Tax Electing S Corp' are selected in object 'Object Repository/RAD_Pages/Landing_Page/select_NewTaxReturnAmountDue_TaxType' 

2024-02-06 16:53:59 - [MESSAGE][PASSED] - All options with label 'PTE Tax Electing S Corp' are selected in object 'Object Repository/RAD_Pages/Landing_Page/select_NewTaxReturnAmountDue_TaxType' 

2024-02-06 16:53:59 - [TEST_STEP][PASSED] - selectOptionByLabel(findTestObject(orPath_TaxTypeFilingYear + "/select_FilingYear"), FilingYear, false): All options with label '2021' are selected in object 'Object Repository/RAD_Pages/TaxTypeFilingYear_Page/select_FilingYear' 

2024-02-06 16:54:00 - [MESSAGE][PASSED] - All options with label '2021' are selected in object 'Object Repository/RAD_Pages/TaxTypeFilingYear_Page/select_FilingYear' 

2024-02-06 16:54:00 - [TEST_STEP][PASSED] - rad.getSetDataRAD.setDataRADBusinessName(): rad.getSetDataRAD.setDataRADBusinessName is PASSED

2024-02-06 16:54:01 - [MESSAGE][PASSED] - Text 'My Company' is set on object 'Object Repository/RAD_Pages/Taxpayer_Page/input_businessName'

2024-02-06 16:54:01 - [MESSAGE][PASSED] - rad.getSetDataRAD.setDataRADBusinessName is PASSED

2024-02-06 16:54:01 - [TEST_STEP][PASSED] - rad.getSetDataRAD.setDataRADBusinessRep(): rad.getSetDataRAD.setDataRADBusinessRep is PASSED

2024-02-06 16:54:02 - [MESSAGE][PASSED] - Text 'BusRepFname' is set on object 'Object Repository/RAD_Pages/Taxpayer_Page/input_BusinessRepfirstName'

2024-02-06 16:54:02 - [MESSAGE][PASSED] - Text '' is set on object 'Object Repository/RAD_Pages/Taxpayer_Page/input_BusinessRepmiddleName'

2024-02-06 16:54:03 - [MESSAGE][PASSED] - Text 'BusRepLname' is set on object 'Object Repository/RAD_Pages/Taxpayer_Page/input_BusinessReplastName'

2024-02-06 16:54:04 - [MESSAGE][PASSED] - Text '' is set on object 'Object Repository/RAD_Pages/Taxpayer_Page/input_BusinessRepsuffix'

2024-02-06 16:54:04 - [MESSAGE][PASSED] - rad.getSetDataRAD.setDataRADBusinessRep is PASSED

2024-02-06 16:54:04 - [TEST_STEP][PASSED] - rad.getSetDataRAD.setDataRADAddress(): rad.getSetDataRAD.setDataRADAddress is PASSED

2024-02-06 16:54:04 - [MESSAGE][PASSED] - All options with label 'United States' are selected in object 'Object Repository/RAD_Pages/AddressAndContactInfo_Page/select_Country' 

2024-02-06 16:54:05 - [MESSAGE][PASSED] - Text '2508 Mandan Terrace' is set on object 'Object Repository/RAD_Pages/AddressAndContactInfo_Page/input_streetAddress1'

2024-02-06 16:54:06 - [MESSAGE][PASSED] - Text '' is set on object 'Object Repository/RAD_Pages/AddressAndContactInfo_Page/input_streetAddress2'

2024-02-06 16:54:07 - [MESSAGE][PASSED] - Text 'Gambrills' is set on object 'Object Repository/RAD_Pages/AddressAndContactInfo_Page/input_city'

2024-02-06 16:54:07 - [MESSAGE][PASSED] - All options with label 'Maryland' are selected in object 'Object Repository/RAD_Pages/AddressAndContactInfo_Page/select_State' 

2024-02-06 16:54:08 - [MESSAGE][PASSED] - Text '21054' is set on object 'Object Repository/RAD_Pages/AddressAndContactInfo_Page/input_zipCode'

2024-02-06 16:54:09 - [MESSAGE][PASSED] - Text '(703) 894-5000' is set on object 'Object Repository/RAD_Pages/AddressAndContactInfo_Page/input_phoneNumber'

2024-02-06 16:54:09 - [MESSAGE][PASSED] - Text 'iahmed@govolution.com' is set on object 'Object Repository/RAD_Pages/AddressAndContactInfo_Page/input_eMailAddress'

2024-02-06 16:54:10 - [MESSAGE][PASSED] - Text 'iahmed@govolution.com' is set on object 'Object Repository/RAD_Pages/AddressAndContactInfo_Page/input_reEnterEMailAddress'

2024-02-06 16:54:10 - [MESSAGE][PASSED] - rad.getSetDataRAD.setDataRADAddress is PASSED

2024-02-06 16:54:10 - [TEST_STEP][PASSED] - if (feinSSN.equalsIgnoreCase("Y")): rad.getSetDataRAD.setDataRADFEINSSN is PASSED

2024-02-06 16:54:10 - [TEST_STEP][PASSED] - rad.getSetDataRAD.setDataRADFEINSSN(): rad.getSetDataRAD.setDataRADFEINSSN is PASSED

2024-02-06 16:54:11 - [MESSAGE][PASSED] - Text ****** has been set on object 'Object Repository/RAD_Pages/TaxInfo_Page/input_TaxInfo_FeinSsn_New_2'

2024-02-06 16:54:11 - [MESSAGE][PASSED] - Text ****** has been set on object 'Object Repository/RAD_Pages/TaxInfo_Page/input_TaxInfo_RetypeFeinSsn_New_2'

2024-02-06 16:54:11 - [MESSAGE][PASSED] - rad.getSetDataRAD.setDataRADFEINSSN is PASSED

2024-02-06 16:54:11 - [TEST_STEP][PASSED] - if (TaxType.equalsIgnoreCase("Estate Tax")): null

2024-02-06 16:54:11 - [TEST_STEP][PASSED] - setText(findTestObject(orPath_Amount + "/input__paymentAmount"), "100.00"): Text '100.00' is set on object 'Object Repository/RAD_Pages/PaymentAmount_Page/input__paymentAmount'

2024-02-06 16:54:12 - [MESSAGE][PASSED] - Text '100.00' is set on object 'Object Repository/RAD_Pages/PaymentAmount_Page/input__paymentAmount'

2024-02-06 16:54:12 - [TEST_STEP][PASSED] - setText(findTestObject(orPath_AddressContact + "/input_streetAddress2"), ""): Text '' is set on object 'Object Repository/RAD_Pages/AddressAndContactInfo_Page/input_streetAddress2'

2024-02-06 16:54:13 - [MESSAGE][PASSED] - Text '' is set on object 'Object Repository/RAD_Pages/AddressAndContactInfo_Page/input_streetAddress2'

2024-02-06 16:54:13 - [TEST_STEP][PASSED] - scrollToElement(findTestObject(orPath_Landing + "/button_Continue"), 3): Scroll to object 'Object Repository/RAD_Pages/Landing_Page/button_Continue' successfully

2024-02-06 16:54:14 - [MESSAGE][PASSED] - Scroll to object 'Object Repository/RAD_Pages/Landing_Page/button_Continue' successfully

2024-02-06 16:54:14 - [TEST_STEP][PASSED] - waitForElementClickable(findTestObject(orPath_Landing + "/button_Continue"), 5): Object 'Object Repository/RAD_Pages/Landing_Page/button_Continue' is clickable

2024-02-06 16:54:14 - [MESSAGE][PASSED] - Object 'Object Repository/RAD_Pages/Landing_Page/button_Continue' is clickable

2024-02-06 16:54:14 - [TEST_STEP][PASSED] - click(findTestObject(orPath_Landing + "/button_Continue")): Object: 'Object Repository/RAD_Pages/Landing_Page/button_Continue' is clicked on

2024-02-06 16:54:14 - [MESSAGE][PASSED] - Object: 'Object Repository/RAD_Pages/Landing_Page/button_Continue' is clicked on

2024-02-06 16:54:14 - [TEST_STEP][PASSED] - delay(2): Delayed 2 second(s)

2024-02-06 16:54:16 - [MESSAGE][PASSED] - Delayed 2 second(s)

2024-02-06 16:54:16 - [TEST_STEP][PASSED] - click(findTestObject(orPath_Summary + "/button_Proceed to Payment")): Object: 'Object Repository/RAD_Pages/Summary_Page/button_Proceed to Payment' is clicked on

2024-02-06 16:54:18 - [MESSAGE][PASSED] - Object: 'Object Repository/RAD_Pages/Summary_Page/button_Proceed to Payment' is clicked on

2024-02-06 16:54:18 - [TEST_STEP][PASSED] - if (verifyElementPresent(findTestObject("Object Repository/RAD_Pages/PaymentEntry_Page/input__billingName"), 30)): null

2024-02-06 16:54:18 - [MESSAGE][PASSED] - Object 'Object Repository/RAD_Pages/PaymentEntry_Page/input__billingName' is present

2024-02-06 16:54:18 - [TEST_STEP][PASSED] - verifyTextPresent("Comptroller of Maryland", true): Text 'Comptroller of Maryland' is present on page  using regular expression

2024-02-06 16:54:19 - [MESSAGE][PASSED] - Text 'Comptroller of Maryland' is present on page  using regular expression

2024-02-06 16:54:19 - [TEST_STEP][PASSED] - verifyTextPresent("Revenue Administration Division", true): Text 'Revenue Administration Division' is present on page  using regular expression

2024-02-06 16:54:19 - [MESSAGE][PASSED] - Text 'Revenue Administration Division' is present on page  using regular expression

2024-02-06 16:54:19 - [TEST_STEP][PASSED] - verifyTextPresent("Payment Information", true): Text 'Payment Information' is present on page  using regular expression

2024-02-06 16:54:19 - [MESSAGE][PASSED] - Text 'Payment Information' is present on page  using regular expression

2024-02-06 16:54:19 - [TEST_STEP][PASSED] - card_Name = getAttribute(findTestObject("Object Repository/RAD_Pages/PaymentEntry_Page/input__billingName"), "value"): Attribute 'value' of object 'Object Repository/RAD_Pages/PaymentEntry_Page/input__billingName' is: 'BusRepFname BusRepLname'

2024-02-06 16:54:20 - [MESSAGE][PASSED] - Attribute 'value' of object 'Object Repository/RAD_Pages/PaymentEntry_Page/input__billingName' is: 'BusRepFname BusRepLname'

2024-02-06 16:54:20 - [TEST_STEP][PASSED] - verifyMatch("BusRepFname BusRepLname", card_Name, false): Actual text 'BusRepFname BusRepLname' and expected text 'BusRepFname BusRepLname' are matched 

2024-02-06 16:54:20 - [MESSAGE][PASSED] - Actual text 'BusRepFname BusRepLname' and expected text 'BusRepFname BusRepLname' are matched 

2024-02-06 16:54:20 - [TEST_STEP][PASSED] - AL1 = getAttribute(findTestObject("Object Repository/RAD_Pages/PaymentEntry_Page/input_billingAddress"), "value"): Attribute 'value' of object 'Object Repository/RAD_Pages/PaymentEntry_Page/input_billingAddress' is: '2508 Mandan Terrace'

2024-02-06 16:54:20 - [MESSAGE][PASSED] - Attribute 'value' of object 'Object Repository/RAD_Pages/PaymentEntry_Page/input_billingAddress' is: '2508 Mandan Terrace'

2024-02-06 16:54:20 - [TEST_STEP][PASSED] - verifyMatch("2508 Mandan Terrace", AL1, false): Actual text '2508 Mandan Terrace' and expected text '2508 Mandan Terrace' are matched 

2024-02-06 16:54:20 - [MESSAGE][PASSED] - Actual text '2508 Mandan Terrace' and expected text '2508 Mandan Terrace' are matched 

2024-02-06 16:54:20 - [TEST_STEP][PASSED] - AL2 = getAttribute(findTestObject("Object Repository/RAD_Pages/PaymentEntry_Page/input_billingAddress2"), "value"): Attribute 'value' of object 'Object Repository/RAD_Pages/PaymentEntry_Page/input_billingAddress2' is: ''

2024-02-06 16:54:20 - [MESSAGE][PASSED] - Attribute 'value' of object 'Object Repository/RAD_Pages/PaymentEntry_Page/input_billingAddress2' is: ''

2024-02-06 16:54:20 - [TEST_STEP][PASSED] - verifyMatch("", AL2, false): Actual text '' and expected text '' are matched 

2024-02-06 16:54:20 - [MESSAGE][PASSED] - Actual text '' and expected text '' are matched 

2024-02-06 16:54:20 - [TEST_STEP][PASSED] - zipCode = getAttribute(findTestObject("Object Repository/RAD_Pages/PaymentEntry_Page/input_billingZip"), "value"): Attribute 'value' of object 'Object Repository/RAD_Pages/PaymentEntry_Page/input_billingZip' is: '21054'

2024-02-06 16:54:21 - [MESSAGE][PASSED] - Attribute 'value' of object 'Object Repository/RAD_Pages/PaymentEntry_Page/input_billingZip' is: '21054'

2024-02-06 16:54:21 - [TEST_STEP][PASSED] - verifyMatch("21054", zipCode, false): Actual text '21054' and expected text '21054' are matched 

2024-02-06 16:54:21 - [MESSAGE][PASSED] - Actual text '21054' and expected text '21054' are matched 

2024-02-06 16:54:21 - [TEST_STEP][PASSED] - city = getAttribute(findTestObject("Object Repository/RAD_Pages/PaymentEntry_Page/input_billingCity"), "value"): Attribute 'value' of object 'Object Repository/RAD_Pages/PaymentEntry_Page/input_billingCity' is: 'GAMBRILLS'

2024-02-06 16:54:21 - [MESSAGE][PASSED] - Attribute 'value' of object 'Object Repository/RAD_Pages/PaymentEntry_Page/input_billingCity' is: 'GAMBRILLS'

2024-02-06 16:54:21 - [TEST_STEP][PASSED] - verifyMatch("GAMBRILLS", city, false): Actual text 'GAMBRILLS' and expected text 'GAMBRILLS' are matched 

2024-02-06 16:54:21 - [MESSAGE][PASSED] - Actual text 'GAMBRILLS' and expected text 'GAMBRILLS' are matched 

2024-02-06 16:54:21 - [TEST_STEP][PASSED] - email = getAttribute(findTestObject("Object Repository/RAD_Pages/PaymentEntry_Page/input_emailAddress"), "value"): Attribute 'value' of object 'Object Repository/RAD_Pages/PaymentEntry_Page/input_emailAddress' is: 'iahmed@govolution.com'

2024-02-06 16:54:21 - [MESSAGE][PASSED] - Attribute 'value' of object 'Object Repository/RAD_Pages/PaymentEntry_Page/input_emailAddress' is: 'iahmed@govolution.com'

2024-02-06 16:54:21 - [TEST_STEP][PASSED] - verifyMatch("iahmed@govolution.com", email, false): Actual text 'iahmed@govolution.com' and expected text 'iahmed@govolution.com' are matched 

2024-02-06 16:54:21 - [MESSAGE][PASSED] - Actual text 'iahmed@govolution.com' and expected text 'iahmed@govolution.com' are matched 

2024-02-06 16:54:21 - [TEST_STEP][PASSED] - amount = getAttribute(findTestObject("Object Repository/RAD_Pages/PaymentEntry_Page/input_amount"), "value"): Attribute 'value' of object 'Object Repository/RAD_Pages/PaymentEntry_Page/input_amount' is: '100.00'

2024-02-06 16:54:22 - [MESSAGE][PASSED] - Attribute 'value' of object 'Object Repository/RAD_Pages/PaymentEntry_Page/input_amount' is: '100.00'

2024-02-06 16:54:22 - [TEST_STEP][PASSED] - verifyMatch("100.00", amount, false): Actual text '100.00' and expected text '100.00' are matched 

2024-02-06 16:54:22 - [MESSAGE][PASSED] - Actual text '100.00' and expected text '100.00' are matched 

2024-02-06 16:54:22 - [TEST_STEP][PASSED] - amountReadOnly = getAttribute(findTestObject("Object Repository/RAD_Pages/PaymentEntry_Page/input_amount"), "readonly"): Attribute 'readonly' of object 'Object Repository/RAD_Pages/PaymentEntry_Page/input_amount' is: 'true'

2024-02-06 16:54:22 - [MESSAGE][PASSED] - Attribute 'readonly' of object 'Object Repository/RAD_Pages/PaymentEntry_Page/input_amount' is: 'true'

2024-02-06 16:54:22 - [TEST_STEP][PASSED] - verifyMatch("true", amountReadOnly, false): Actual text 'true' and expected text 'true' are matched 

2024-02-06 16:54:22 - [MESSAGE][PASSED] - Actual text 'true' and expected text 'true' are matched 

2024-02-06 16:54:22 - [TEST_STEP][PASSED] - verifyOptionSelectedByLabel(findTestObject("Object Repository/RAD_Pages/PaymentEntry_Page/select_Country"), "United States", false, 20): All options with label 'United States' are selected in object 'Object Repository/RAD_Pages/PaymentEntry_Page/select_Country' 

2024-02-06 16:54:23 - [MESSAGE][PASSED] - All options with label 'United States' are selected in object 'Object Repository/RAD_Pages/PaymentEntry_Page/select_Country' 

2024-02-06 16:54:23 - [TEST_STEP][PASSED] - verifyOptionSelectedByLabel(findTestObject("Object Repository/RAD_Pages/PaymentEntry_Page/select_State"), "Maryland", false, 20): All options with label 'Maryland' are selected in object 'Object Repository/RAD_Pages/PaymentEntry_Page/select_State' 

2024-02-06 16:54:26 - [MESSAGE][PASSED] - All options with label 'Maryland' are selected in object 'Object Repository/RAD_Pages/PaymentEntry_Page/select_State' 

2024-02-06 16:54:26 - [TEST_STEP][PASSED] - setText(findTestObject(orPath_PaymentEntry + "/input__cardNumber"), "4111111111111111"): Text '4111111111111111' is set on object 'Object Repository/RAD_Pages/PaymentEntry_Page/input__cardNumber'

2024-02-06 16:54:26 - [MESSAGE][PASSED] - Text '4111111111111111' is set on object 'Object Repository/RAD_Pages/PaymentEntry_Page/input__cardNumber'

2024-02-06 16:54:26 - [TEST_STEP][PASSED] - setText(findTestObject(orPath_PaymentEntry + "/input__spc"), "123"): Text '123' is set on object 'Object Repository/RAD_Pages/PaymentEntry_Page/input__spc'

2024-02-06 16:54:27 - [MESSAGE][PASSED] - Text '123' is set on object 'Object Repository/RAD_Pages/PaymentEntry_Page/input__spc'

2024-02-06 16:54:27 - [TEST_STEP][PASSED] - selectOptionByLabel(findTestObject(orPath_PaymentEntry + "/select_MM"), "12", false): All options with label '12' are selected in object 'Object Repository/RAD_Pages/PaymentEntry_Page/select_MM' 

2024-02-06 16:54:28 - [MESSAGE][PASSED] - All options with label '12' are selected in object 'Object Repository/RAD_Pages/PaymentEntry_Page/select_MM' 

2024-02-06 16:54:28 - [TEST_STEP][PASSED] - selectOptionByLabel(findTestObject(orPath_PaymentEntry + "/select_YYYY"), "2028", false): All options with label '2028' are selected in object 'Object Repository/RAD_Pages/PaymentEntry_Page/select_YYYY' 

2024-02-06 16:54:28 - [MESSAGE][PASSED] - All options with label '2028' are selected in object 'Object Repository/RAD_Pages/PaymentEntry_Page/select_YYYY' 

2024-02-06 16:54:28 - [TEST_STEP][PASSED] - click(findTestObject(orPath_PaymentEntry + "/input_Field_ccSubmit")): Object: 'Object Repository/RAD_Pages/PaymentEntry_Page/input_Field_ccSubmit' is clicked on

2024-02-06 16:54:29 - [MESSAGE][PASSED] - Object: 'Object Repository/RAD_Pages/PaymentEntry_Page/input_Field_ccSubmit' is clicked on

2024-02-06 16:54:29 - [TEST_STEP][PASSED] - click(findTestObject(orPath_PaymentConfirmation + "/input_N_confirmNotifyAction")): Object: 'Object Repository/RAD_Pages/PaymentConfirmation_Page/input_N_confirmNotifyAction' is clicked on

2024-02-06 16:54:30 - [MESSAGE][PASSED] - Object: 'Object Repository/RAD_Pages/PaymentConfirmation_Page/input_N_confirmNotifyAction' is clicked on

2024-02-06 16:54:30 - [TEST_STEP][PASSED] - verifyTextPresent("Service Fee Acceptance", true): Text 'Service Fee Acceptance' is present on page  using regular expression

2024-02-06 16:54:31 - [MESSAGE][PASSED] - Text 'Service Fee Acceptance' is present on page  using regular expression

2024-02-06 16:54:31 - [TEST_STEP][PASSED] - verifyTextPresent("This transaction is subject to a Service Fee of ", true): Text 'This transaction is subject to a Service Fee of ' is present on page  using regular expression

2024-02-06 16:54:31 - [MESSAGE][PASSED] - Text 'This transaction is subject to a Service Fee of ' is present on page  using regular expression

2024-02-06 16:54:31 - [TEST_STEP][PASSED] - verifyTextPresent("Payment Amount:", true): Text 'Payment Amount:' is present on page  using regular expression

2024-02-06 16:54:31 - [MESSAGE][PASSED] - Text 'Payment Amount:' is present on page  using regular expression

2024-02-06 16:54:31 - [TEST_STEP][PASSED] - verifyTextPresent("100.00", true): Text '100.00' is present on page  using regular expression

2024-02-06 16:54:32 - [MESSAGE][PASSED] - Text '100.00' is present on page  using regular expression

2024-02-06 16:54:32 - [TEST_STEP][PASSED] - verifyTextPresent("Service Fee:", true): Text 'Service Fee:' is present on page  using regular expression

2024-02-06 16:54:32 - [MESSAGE][PASSED] - Text 'Service Fee:' is present on page  using regular expression

2024-02-06 16:54:32 - [TEST_STEP][PASSED] - verifyTextPresent("2.45", true): Text '2.45' is present on page  using regular expression

2024-02-06 16:54:32 - [MESSAGE][PASSED] - Text '2.45' is present on page  using regular expression

2024-02-06 16:54:32 - [TEST_STEP][PASSED] - verifyTextPresent("Total Amount:", true): Text 'Total Amount:' is present on page  using regular expression

2024-02-06 16:54:33 - [MESSAGE][PASSED] - Text 'Total Amount:' is present on page  using regular expression

2024-02-06 16:54:33 - [TEST_STEP][PASSED] - verifyTextPresent("102.45", true): Text '102.45' is present on page  using regular expression

2024-02-06 16:54:33 - [MESSAGE][PASSED] - Text '102.45' is present on page  using regular expression

2024-02-06 16:54:33 - [TEST_STEP][PASSED] - verifyTextPresent("Two transactions will appear on your bank statement, one in the amount of", true): Text 'Two transactions will appear on your bank statement, one in the amount of' is present on page  using regular expression

2024-02-06 16:54:33 - [MESSAGE][PASSED] - Text 'Two transactions will appear on your bank statement, one in the amount of' is present on page  using regular expression

2024-02-06 16:54:33 - [TEST_STEP][PASSED] - if (verifyElementPresent(findTestObject(orPath_ServiceFeesAccept + "/input_convFeeNotifyAction"), 30)): null

2024-02-06 16:54:33 - [MESSAGE][PASSED] - Object 'Object Repository/RAD_Pages/ServiceFeeAccept_Page/input_convFeeNotifyAction' is present

2024-02-06 16:54:33 - [TEST_STEP][PASSED] - resText = "Pass": null

2024-02-06 16:54:33 - [TEST_STEP][PASSED] - pages.WriteExcel.demoKey(resText, datText, resColumn, datCloumn, fileLoc, nameSheet, row): pages.WriteExcel.demoKey is PASSED

2024-02-06 16:54:34 - [MESSAGE][PASSED] - pages.WriteExcel.demoKey is PASSED

2024-02-06 16:54:34 - [TEST_STEP][PASSED] - if (execProfile == "QAProfile" || execProfile == "QA2Profile"): Text 'Successful Payment Receipt' is present on page  using regular expression

2024-02-06 16:54:34 - [TEST_STEP][PASSED] - click(findTestObject(orPath_ServiceFeesAccept + "/input_convFeeNotifyAction")): Object: 'Object Repository/RAD_Pages/ServiceFeeAccept_Page/input_convFeeNotifyAction' is clicked on

2024-02-06 16:54:35 - [MESSAGE][PASSED] - Object: 'Object Repository/RAD_Pages/ServiceFeeAccept_Page/input_convFeeNotifyAction' is clicked on

2024-02-06 16:54:35 - [TEST_STEP][PASSED] - delay(10): Delayed 10 second(s)

2024-02-06 16:54:45 - [MESSAGE][PASSED] - Delayed 10 second(s)

2024-02-06 16:54:45 - [TEST_STEP][PASSED] - verifyTextPresent("Successful Payment Receipt", true): Text 'Successful Payment Receipt' is present on page  using regular expression

2024-02-06 16:54:45 - [MESSAGE][PASSED] - Text 'Successful Payment Receipt' is present on page  using regular expression

2024-02-06 16:54:45 - [TEST_STEP][PASSED] - ExecuteTC = findTestData(dataFile).getValue("Execute", row): null

2024-02-06 16:54:45 - [TEST_STEP][PASSED] - TaxType = findTestData(dataFile).getValue("TaxType", row): null

2024-02-06 16:54:45 - [TEST_STEP][PASSED] - PaymentType = findTestData(dataFile).getValue("PaymentType", row): null

2024-02-06 16:54:45 - [TEST_STEP][PASSED] - FilingYear = findTestData(dataFile).getValue("Year", row): null

2024-02-06 16:54:45 - [TEST_STEP][PASSED] - feinSSN = findTestData(dataFile).getValue("FeinSsn", row): null

2024-02-06 16:54:45 - [TEST_STEP][PASSED] - if (ExecuteTC.equalsIgnoreCase("Y")): null

2024-02-06 16:54:45 - [TEST_STEP][PASSED] - out.println("Begin Record Number: " + row): null

2024-02-06 16:54:45 - [TEST_STEP][PASSED] - today = new java.util.Date(): null

2024-02-06 16:54:45 - [TEST_STEP][PASSED] - println(today): null

2024-02-06 16:54:45 - [TEST_STEP][PASSED] - datText = today: null

2024-02-06 16:54:45 - [TEST_STEP][PASSED] - logInfo("Payment Type: New Tax Return Amount Due"): Payment Type: New Tax Return Amount Due

2024-02-06 16:54:45 - [MESSAGE][INFO] - Payment Type: New Tax Return Amount Due

2024-02-06 16:54:45 - [TEST_STEP][PASSED] - logInfo("Tax Type: " + TaxType): Tax Type: Admissions and Amusement Tax

2024-02-06 16:54:45 - [MESSAGE][INFO] - Tax Type: Admissions and Amusement Tax

2024-02-06 16:54:45 - [TEST_STEP][PASSED] - openBrowser(""): Browser is opened with url: ''

2024-02-06 16:54:45 - [MESSAGE][WARNING] - A browser is already opened. Closing browser and opening a new one

2024-02-06 16:54:46 - [MESSAGE][INFO] - Starting 'Chrome' driver

2024-02-06 16:54:46 - [MESSAGE][INFO] - User set preference: ['acceptInsecureCerts', 'true']

2024-02-06 16:54:46 - [MESSAGE][INFO] - Action delay is set to 0 milliseconds

2024-02-06 16:54:48 - [MESSAGE][PASSED] - Browser is opened with url: ''

2024-02-06 16:54:48 - [TEST_STEP][PASSED] - maximizeWindow(): Current window maximized

2024-02-06 16:54:48 - [MESSAGE][PASSED] - Current window maximized

2024-02-06 16:54:48 - [TEST_STEP][PASSED] - navigateToUrl(RADurl): Navigate to 'https://qa2.velocitypayment.com/client/rad/index.html' successfully

2024-02-06 16:54:50 - [MESSAGE][PASSED] - Navigate to 'https://qa2.velocitypayment.com/client/rad/index.html' successfully

2024-02-06 16:54:50 - [TEST_STEP][PASSED] - selectOptionByLabel(findTestObject(orPath_Landing + "/dd_TaxType"), "New Tax Return Amount Due", false): All options with label 'New Tax Return Amount Due' are selected in object 'Object Repository/RAD_Pages/Landing_Page/dd_TaxType' 

2024-02-06 16:54:50 - [MESSAGE][PASSED] - All options with label 'New Tax Return Amount Due' are selected in object 'Object Repository/RAD_Pages/Landing_Page/dd_TaxType' 

2024-02-06 16:54:50 - [TEST_STEP][PASSED] - selectOptionByLabel(findTestObject("Object Repository/RAD_Pages/Landing_Page/select_NewTaxReturnAmountDue_TaxType"), TaxType, false): All options with label 'Admissions and Amusement Tax' are selected in object 'Object Repository/RAD_Pages/Landing_Page/select_NewTaxReturnAmountDue_TaxType' 

2024-02-06 16:54:51 - [MESSAGE][PASSED] - All options with label 'Admissions and Amusement Tax' are selected in object 'Object Repository/RAD_Pages/Landing_Page/select_NewTaxReturnAmountDue_TaxType' 

2024-02-06 16:54:51 - [TEST_STEP][PASSED] - selectOptionByLabel(findTestObject(orPath_TaxTypeFilingYear + "/select_FilingYear"), FilingYear, false): All options with label '2023' are selected in object 'Object Repository/RAD_Pages/TaxTypeFilingYear_Page/select_FilingYear' 

2024-02-06 16:54:52 - [MESSAGE][PASSED] - All options with label '2023' are selected in object 'Object Repository/RAD_Pages/TaxTypeFilingYear_Page/select_FilingYear' 

2024-02-06 16:54:52 - [TEST_STEP][PASSED] - rad.getSetDataRAD.setDataRADBusinessName(): rad.getSetDataRAD.setDataRADBusinessName is PASSED

2024-02-06 16:54:53 - [MESSAGE][PASSED] - Text 'My Company' is set on object 'Object Repository/RAD_Pages/Taxpayer_Page/input_businessName'

2024-02-06 16:54:53 - [MESSAGE][PASSED] - rad.getSetDataRAD.setDataRADBusinessName is PASSED

2024-02-06 16:54:53 - [TEST_STEP][PASSED] - rad.getSetDataRAD.setDataRADBusinessRep(): rad.getSetDataRAD.setDataRADBusinessRep is PASSED

2024-02-06 16:54:53 - [MESSAGE][PASSED] - Text 'BusRepFname' is set on object 'Object Repository/RAD_Pages/Taxpayer_Page/input_BusinessRepfirstName'

2024-02-06 16:54:54 - [MESSAGE][PASSED] - Text '' is set on object 'Object Repository/RAD_Pages/Taxpayer_Page/input_BusinessRepmiddleName'

2024-02-06 16:54:55 - [MESSAGE][PASSED] - Text 'BusRepLname' is set on object 'Object Repository/RAD_Pages/Taxpayer_Page/input_BusinessReplastName'

2024-02-06 16:54:56 - [MESSAGE][PASSED] - Text '' is set on object 'Object Repository/RAD_Pages/Taxpayer_Page/input_BusinessRepsuffix'

2024-02-06 16:54:56 - [MESSAGE][PASSED] - rad.getSetDataRAD.setDataRADBusinessRep is PASSED

2024-02-06 16:54:56 - [TEST_STEP][PASSED] - rad.getSetDataRAD.setDataRADAddress(): rad.getSetDataRAD.setDataRADAddress is PASSED

2024-02-06 16:54:57 - [MESSAGE][PASSED] - All options with label 'United States' are selected in object 'Object Repository/RAD_Pages/AddressAndContactInfo_Page/select_Country' 

2024-02-06 16:54:57 - [MESSAGE][PASSED] - Text '2508 Mandan Terrace' is set on object 'Object Repository/RAD_Pages/AddressAndContactInfo_Page/input_streetAddress1'

2024-02-06 16:54:58 - [MESSAGE][PASSED] - Text '' is set on object 'Object Repository/RAD_Pages/AddressAndContactInfo_Page/input_streetAddress2'

2024-02-06 16:54:59 - [MESSAGE][PASSED] - Text 'Gambrills' is set on object 'Object Repository/RAD_Pages/AddressAndContactInfo_Page/input_city'

2024-02-06 16:54:59 - [MESSAGE][PASSED] - All options with label 'Maryland' are selected in object 'Object Repository/RAD_Pages/AddressAndContactInfo_Page/select_State' 

2024-02-06 16:55:00 - [MESSAGE][PASSED] - Text '21054' is set on object 'Object Repository/RAD_Pages/AddressAndContactInfo_Page/input_zipCode'

2024-02-06 16:55:01 - [MESSAGE][PASSED] - Text '(703) 894-5000' is set on object 'Object Repository/RAD_Pages/AddressAndContactInfo_Page/input_phoneNumber'

2024-02-06 16:55:02 - [MESSAGE][PASSED] - Text 'iahmed@govolution.com' is set on object 'Object Repository/RAD_Pages/AddressAndContactInfo_Page/input_eMailAddress'

2024-02-06 16:55:03 - [MESSAGE][PASSED] - Text 'iahmed@govolution.com' is set on object 'Object Repository/RAD_Pages/AddressAndContactInfo_Page/input_reEnterEMailAddress'

2024-02-06 16:55:03 - [MESSAGE][PASSED] - rad.getSetDataRAD.setDataRADAddress is PASSED

2024-02-06 16:55:03 - [TEST_STEP][PASSED] - if (feinSSN.equalsIgnoreCase("Y")): null

2024-02-06 16:55:03 - [TEST_STEP][PASSED] - else: rad.getSetDataRAD.setDataRADFEIN is PASSED

2024-02-06 16:55:03 - [TEST_STEP][PASSED] - if (!(TaxType.equalsIgnoreCase("Estate Tax"))): rad.getSetDataRAD.setDataRADFEIN is PASSED

2024-02-06 16:55:03 - [TEST_STEP][PASSED] - rad.getSetDataRAD.setDataRADFEIN(): rad.getSetDataRAD.setDataRADFEIN is PASSED

2024-02-06 16:55:03 - [MESSAGE][PASSED] - Text ****** has been set on object 'Object Repository/RAD_Pages/TaxInfo_Page/input_FederalEIN'

2024-02-06 16:55:04 - [MESSAGE][PASSED] - Text ****** has been set on object 'Object Repository/RAD_Pages/TaxInfo_Page/input_FederalEIN_ReEnter'

2024-02-06 16:55:04 - [MESSAGE][PASSED] - rad.getSetDataRAD.setDataRADFEIN is PASSED

2024-02-06 16:55:04 - [TEST_STEP][PASSED] - if (TaxType.equalsIgnoreCase("Estate Tax")): null

2024-02-06 16:55:04 - [TEST_STEP][PASSED] - setText(findTestObject(orPath_Amount + "/input__paymentAmount"), "100.00"): Text '100.00' is set on object 'Object Repository/RAD_Pages/PaymentAmount_Page/input__paymentAmount'

2024-02-06 16:55:05 - [MESSAGE][PASSED] - Text '100.00' is set on object 'Object Repository/RAD_Pages/PaymentAmount_Page/input__paymentAmount'

2024-02-06 16:55:05 - [TEST_STEP][PASSED] - setText(findTestObject(orPath_AddressContact + "/input_streetAddress2"), ""): Text '' is set on object 'Object Repository/RAD_Pages/AddressAndContactInfo_Page/input_streetAddress2'

2024-02-06 16:55:05 - [MESSAGE][PASSED] - Text '' is set on object 'Object Repository/RAD_Pages/AddressAndContactInfo_Page/input_streetAddress2'

2024-02-06 16:55:05 - [TEST_STEP][PASSED] - scrollToElement(findTestObject(orPath_Landing + "/button_Continue"), 3): Scroll to object 'Object Repository/RAD_Pages/Landing_Page/button_Continue' successfully

2024-02-06 16:55:06 - [MESSAGE][PASSED] - Scroll to object 'Object Repository/RAD_Pages/Landing_Page/button_Continue' successfully

2024-02-06 16:55:06 - [TEST_STEP][PASSED] - waitForElementClickable(findTestObject(orPath_Landing + "/button_Continue"), 5): Object 'Object Repository/RAD_Pages/Landing_Page/button_Continue' is clickable

2024-02-06 16:55:06 - [MESSAGE][PASSED] - Object 'Object Repository/RAD_Pages/Landing_Page/button_Continue' is clickable

2024-02-06 16:55:06 - [TEST_STEP][PASSED] - click(findTestObject(orPath_Landing + "/button_Continue")): Object: 'Object Repository/RAD_Pages/Landing_Page/button_Continue' is clicked on

2024-02-06 16:55:07 - [MESSAGE][PASSED] - Object: 'Object Repository/RAD_Pages/Landing_Page/button_Continue' is clicked on

2024-02-06 16:55:07 - [TEST_STEP][PASSED] - delay(2): Delayed 2 second(s)

2024-02-06 16:55:09 - [MESSAGE][PASSED] - Delayed 2 second(s)

2024-02-06 16:55:09 - [TEST_STEP][PASSED] - click(findTestObject(orPath_Summary + "/button_Proceed to Payment")): Object: 'Object Repository/RAD_Pages/Summary_Page/button_Proceed to Payment' is clicked on

2024-02-06 16:55:10 - [MESSAGE][PASSED] - Object: 'Object Repository/RAD_Pages/Summary_Page/button_Proceed to Payment' is clicked on

2024-02-06 16:55:10 - [TEST_STEP][PASSED] - if (verifyElementPresent(findTestObject("Object Repository/RAD_Pages/PaymentEntry_Page/input__billingName"), 30)): null

2024-02-06 16:55:11 - [MESSAGE][PASSED] - Object 'Object Repository/RAD_Pages/PaymentEntry_Page/input__billingName' is present

2024-02-06 16:55:11 - [TEST_STEP][PASSED] - verifyTextPresent("Comptroller of Maryland", true): Text 'Comptroller of Maryland' is present on page  using regular expression

2024-02-06 16:55:11 - [MESSAGE][PASSED] - Text 'Comptroller of Maryland' is present on page  using regular expression

2024-02-06 16:55:11 - [TEST_STEP][PASSED] - verifyTextPresent("Revenue Administration Division", true): Text 'Revenue Administration Division' is present on page  using regular expression

2024-02-06 16:55:11 - [MESSAGE][PASSED] - Text 'Revenue Administration Division' is present on page  using regular expression

2024-02-06 16:55:11 - [TEST_STEP][PASSED] - verifyTextPresent("Payment Information", true): Text 'Payment Information' is present on page  using regular expression

2024-02-06 16:55:12 - [MESSAGE][PASSED] - Text 'Payment Information' is present on page  using regular expression

2024-02-06 16:55:12 - [TEST_STEP][PASSED] - card_Name = getAttribute(findTestObject("Object Repository/RAD_Pages/PaymentEntry_Page/input__billingName"), "value"): Attribute 'value' of object 'Object Repository/RAD_Pages/PaymentEntry_Page/input__billingName' is: 'BusRepFname BusRepLname'

2024-02-06 16:55:12 - [MESSAGE][PASSED] - Attribute 'value' of object 'Object Repository/RAD_Pages/PaymentEntry_Page/input__billingName' is: 'BusRepFname BusRepLname'

2024-02-06 16:55:12 - [TEST_STEP][PASSED] - verifyMatch("BusRepFname BusRepLname", card_Name, false): Actual text 'BusRepFname BusRepLname' and expected text 'BusRepFname BusRepLname' are matched 

2024-02-06 16:55:12 - [MESSAGE][PASSED] - Actual text 'BusRepFname BusRepLname' and expected text 'BusRepFname BusRepLname' are matched 

2024-02-06 16:55:12 - [TEST_STEP][PASSED] - AL1 = getAttribute(findTestObject("Object Repository/RAD_Pages/PaymentEntry_Page/input_billingAddress"), "value"): Attribute 'value' of object 'Object Repository/RAD_Pages/PaymentEntry_Page/input_billingAddress' is: '2508 Mandan Terrace'

2024-02-06 16:55:12 - [MESSAGE][PASSED] - Attribute 'value' of object 'Object Repository/RAD_Pages/PaymentEntry_Page/input_billingAddress' is: '2508 Mandan Terrace'

2024-02-06 16:55:12 - [TEST_STEP][PASSED] - verifyMatch("2508 Mandan Terrace", AL1, false): Actual text '2508 Mandan Terrace' and expected text '2508 Mandan Terrace' are matched 

2024-02-06 16:55:12 - [MESSAGE][PASSED] - Actual text '2508 Mandan Terrace' and expected text '2508 Mandan Terrace' are matched 

2024-02-06 16:55:12 - [TEST_STEP][PASSED] - AL2 = getAttribute(findTestObject("Object Repository/RAD_Pages/PaymentEntry_Page/input_billingAddress2"), "value"): Attribute 'value' of object 'Object Repository/RAD_Pages/PaymentEntry_Page/input_billingAddress2' is: ''

2024-02-06 16:55:13 - [MESSAGE][PASSED] - Attribute 'value' of object 'Object Repository/RAD_Pages/PaymentEntry_Page/input_billingAddress2' is: ''

2024-02-06 16:55:13 - [TEST_STEP][PASSED] - verifyMatch("", AL2, false): Actual text '' and expected text '' are matched 

2024-02-06 16:55:13 - [MESSAGE][PASSED] - Actual text '' and expected text '' are matched 

2024-02-06 16:55:13 - [TEST_STEP][PASSED] - zipCode = getAttribute(findTestObject("Object Repository/RAD_Pages/PaymentEntry_Page/input_billingZip"), "value"): Attribute 'value' of object 'Object Repository/RAD_Pages/PaymentEntry_Page/input_billingZip' is: '21054'

2024-02-06 16:55:13 - [MESSAGE][PASSED] - Attribute 'value' of object 'Object Repository/RAD_Pages/PaymentEntry_Page/input_billingZip' is: '21054'

2024-02-06 16:55:13 - [TEST_STEP][PASSED] - verifyMatch("21054", zipCode, false): Actual text '21054' and expected text '21054' are matched 

2024-02-06 16:55:13 - [MESSAGE][PASSED] - Actual text '21054' and expected text '21054' are matched 

2024-02-06 16:55:13 - [TEST_STEP][PASSED] - city = getAttribute(findTestObject("Object Repository/RAD_Pages/PaymentEntry_Page/input_billingCity"), "value"): Attribute 'value' of object 'Object Repository/RAD_Pages/PaymentEntry_Page/input_billingCity' is: 'GAMBRILLS'

2024-02-06 16:55:13 - [MESSAGE][PASSED] - Attribute 'value' of object 'Object Repository/RAD_Pages/PaymentEntry_Page/input_billingCity' is: 'GAMBRILLS'

2024-02-06 16:55:13 - [TEST_STEP][PASSED] - verifyMatch("GAMBRILLS", city, false): Actual text 'GAMBRILLS' and expected text 'GAMBRILLS' are matched 

2024-02-06 16:55:13 - [MESSAGE][PASSED] - Actual text 'GAMBRILLS' and expected text 'GAMBRILLS' are matched 

2024-02-06 16:55:13 - [TEST_STEP][PASSED] - email = getAttribute(findTestObject("Object Repository/RAD_Pages/PaymentEntry_Page/input_emailAddress"), "value"): Attribute 'value' of object 'Object Repository/RAD_Pages/PaymentEntry_Page/input_emailAddress' is: 'iahmed@govolution.com'

2024-02-06 16:55:14 - [MESSAGE][PASSED] - Attribute 'value' of object 'Object Repository/RAD_Pages/PaymentEntry_Page/input_emailAddress' is: 'iahmed@govolution.com'

2024-02-06 16:55:14 - [TEST_STEP][PASSED] - verifyMatch("iahmed@govolution.com", email, false): Actual text 'iahmed@govolution.com' and expected text 'iahmed@govolution.com' are matched 

2024-02-06 16:55:14 - [MESSAGE][PASSED] - Actual text 'iahmed@govolution.com' and expected text 'iahmed@govolution.com' are matched 

2024-02-06 16:55:14 - [TEST_STEP][PASSED] - amount = getAttribute(findTestObject("Object Repository/RAD_Pages/PaymentEntry_Page/input_amount"), "value"): Attribute 'value' of object 'Object Repository/RAD_Pages/PaymentEntry_Page/input_amount' is: '100.00'

2024-02-06 16:55:14 - [MESSAGE][PASSED] - Attribute 'value' of object 'Object Repository/RAD_Pages/PaymentEntry_Page/input_amount' is: '100.00'

2024-02-06 16:55:14 - [TEST_STEP][PASSED] - verifyMatch("100.00", amount, false): Actual text '100.00' and expected text '100.00' are matched 

2024-02-06 16:55:14 - [MESSAGE][PASSED] - Actual text '100.00' and expected text '100.00' are matched 

2024-02-06 16:55:14 - [TEST_STEP][PASSED] - amountReadOnly = getAttribute(findTestObject("Object Repository/RAD_Pages/PaymentEntry_Page/input_amount"), "readonly"): Attribute 'readonly' of object 'Object Repository/RAD_Pages/PaymentEntry_Page/input_amount' is: 'true'

2024-02-06 16:55:14 - [MESSAGE][PASSED] - Attribute 'readonly' of object 'Object Repository/RAD_Pages/PaymentEntry_Page/input_amount' is: 'true'

2024-02-06 16:55:14 - [TEST_STEP][PASSED] - verifyMatch("true", amountReadOnly, false): Actual text 'true' and expected text 'true' are matched 

2024-02-06 16:55:14 - [MESSAGE][PASSED] - Actual text 'true' and expected text 'true' are matched 

2024-02-06 16:55:14 - [TEST_STEP][PASSED] - verifyOptionSelectedByLabel(findTestObject("Object Repository/RAD_Pages/PaymentEntry_Page/select_Country"), "United States", false, 20): All options with label 'United States' are selected in object 'Object Repository/RAD_Pages/PaymentEntry_Page/select_Country' 

2024-02-06 16:55:15 - [MESSAGE][PASSED] - All options with label 'United States' are selected in object 'Object Repository/RAD_Pages/PaymentEntry_Page/select_Country' 

2024-02-06 16:55:15 - [TEST_STEP][PASSED] - verifyOptionSelectedByLabel(findTestObject("Object Repository/RAD_Pages/PaymentEntry_Page/select_State"), "Maryland", false, 20): All options with label 'Maryland' are selected in object 'Object Repository/RAD_Pages/PaymentEntry_Page/select_State' 

2024-02-06 16:55:18 - [MESSAGE][PASSED] - All options with label 'Maryland' are selected in object 'Object Repository/RAD_Pages/PaymentEntry_Page/select_State' 

2024-02-06 16:55:18 - [TEST_STEP][PASSED] - setText(findTestObject(orPath_PaymentEntry + "/input__cardNumber"), "4111111111111111"): Text '4111111111111111' is set on object 'Object Repository/RAD_Pages/PaymentEntry_Page/input__cardNumber'

2024-02-06 16:55:19 - [MESSAGE][PASSED] - Text '4111111111111111' is set on object 'Object Repository/RAD_Pages/PaymentEntry_Page/input__cardNumber'

2024-02-06 16:55:19 - [TEST_STEP][PASSED] - setText(findTestObject(orPath_PaymentEntry + "/input__spc"), "123"): Text '123' is set on object 'Object Repository/RAD_Pages/PaymentEntry_Page/input__spc'

2024-02-06 16:55:19 - [MESSAGE][PASSED] - Text '123' is set on object 'Object Repository/RAD_Pages/PaymentEntry_Page/input__spc'

2024-02-06 16:55:19 - [TEST_STEP][PASSED] - selectOptionByLabel(findTestObject(orPath_PaymentEntry + "/select_MM"), "12", false): All options with label '12' are selected in object 'Object Repository/RAD_Pages/PaymentEntry_Page/select_MM' 

2024-02-06 16:55:20 - [MESSAGE][PASSED] - All options with label '12' are selected in object 'Object Repository/RAD_Pages/PaymentEntry_Page/select_MM' 

2024-02-06 16:55:20 - [TEST_STEP][PASSED] - selectOptionByLabel(findTestObject(orPath_PaymentEntry + "/select_YYYY"), "2028", false): All options with label '2028' are selected in object 'Object Repository/RAD_Pages/PaymentEntry_Page/select_YYYY' 

2024-02-06 16:55:21 - [MESSAGE][PASSED] - All options with label '2028' are selected in object 'Object Repository/RAD_Pages/PaymentEntry_Page/select_YYYY' 

2024-02-06 16:55:21 - [TEST_STEP][PASSED] - click(findTestObject(orPath_PaymentEntry + "/input_Field_ccSubmit")): Object: 'Object Repository/RAD_Pages/PaymentEntry_Page/input_Field_ccSubmit' is clicked on

2024-02-06 16:55:22 - [MESSAGE][PASSED] - Object: 'Object Repository/RAD_Pages/PaymentEntry_Page/input_Field_ccSubmit' is clicked on

2024-02-06 16:55:22 - [TEST_STEP][PASSED] - click(findTestObject(orPath_PaymentConfirmation + "/input_N_confirmNotifyAction")): Object: 'Object Repository/RAD_Pages/PaymentConfirmation_Page/input_N_confirmNotifyAction' is clicked on

2024-02-06 16:55:23 - [MESSAGE][PASSED] - Object: 'Object Repository/RAD_Pages/PaymentConfirmation_Page/input_N_confirmNotifyAction' is clicked on

2024-02-06 16:55:23 - [TEST_STEP][PASSED] - verifyTextPresent("Service Fee Acceptance", true): Text 'Service Fee Acceptance' is present on page  using regular expression

2024-02-06 16:55:24 - [MESSAGE][PASSED] - Text 'Service Fee Acceptance' is present on page  using regular expression

2024-02-06 16:55:24 - [TEST_STEP][PASSED] - verifyTextPresent("This transaction is subject to a Service Fee of ", true): Text 'This transaction is subject to a Service Fee of ' is present on page  using regular expression

2024-02-06 16:55:24 - [MESSAGE][PASSED] - Text 'This transaction is subject to a Service Fee of ' is present on page  using regular expression

2024-02-06 16:55:24 - [TEST_STEP][PASSED] - verifyTextPresent("Payment Amount:", true): Text 'Payment Amount:' is present on page  using regular expression

2024-02-06 16:55:24 - [MESSAGE][PASSED] - Text 'Payment Amount:' is present on page  using regular expression

2024-02-06 16:55:24 - [TEST_STEP][PASSED] - verifyTextPresent("100.00", true): Text '100.00' is present on page  using regular expression

2024-02-06 16:55:25 - [MESSAGE][PASSED] - Text '100.00' is present on page  using regular expression

2024-02-06 16:55:25 - [TEST_STEP][PASSED] - verifyTextPresent("Service Fee:", true): Text 'Service Fee:' is present on page  using regular expression

2024-02-06 16:55:25 - [MESSAGE][PASSED] - Text 'Service Fee:' is present on page  using regular expression

2024-02-06 16:55:25 - [TEST_STEP][PASSED] - verifyTextPresent("2.45", true): Text '2.45' is present on page  using regular expression

2024-02-06 16:55:25 - [MESSAGE][PASSED] - Text '2.45' is present on page  using regular expression

2024-02-06 16:55:25 - [TEST_STEP][PASSED] - verifyTextPresent("Total Amount:", true): Text 'Total Amount:' is present on page  using regular expression

2024-02-06 16:55:26 - [MESSAGE][PASSED] - Text 'Total Amount:' is present on page  using regular expression

2024-02-06 16:55:26 - [TEST_STEP][PASSED] - verifyTextPresent("102.45", true): Text '102.45' is present on page  using regular expression

2024-02-06 16:55:26 - [MESSAGE][PASSED] - Text '102.45' is present on page  using regular expression

2024-02-06 16:55:26 - [TEST_STEP][PASSED] - verifyTextPresent("Two transactions will appear on your bank statement, one in the amount of", true): Text 'Two transactions will appear on your bank statement, one in the amount of' is present on page  using regular expression

2024-02-06 16:55:26 - [MESSAGE][PASSED] - Text 'Two transactions will appear on your bank statement, one in the amount of' is present on page  using regular expression

2024-02-06 16:55:26 - [TEST_STEP][PASSED] - if (verifyElementPresent(findTestObject(orPath_ServiceFeesAccept + "/input_convFeeNotifyAction"), 30)): null

2024-02-06 16:55:26 - [MESSAGE][PASSED] - Object 'Object Repository/RAD_Pages/ServiceFeeAccept_Page/input_convFeeNotifyAction' is present

2024-02-06 16:55:26 - [TEST_STEP][PASSED] - resText = "Pass": null

2024-02-06 16:55:26 - [TEST_STEP][PASSED] - pages.WriteExcel.demoKey(resText, datText, resColumn, datCloumn, fileLoc, nameSheet, row): pages.WriteExcel.demoKey is PASSED

2024-02-06 16:55:26 - [MESSAGE][PASSED] - pages.WriteExcel.demoKey is PASSED

2024-02-06 16:55:26 - [TEST_STEP][PASSED] - if (execProfile == "QAProfile" || execProfile == "QA2Profile"): Text 'Successful Payment Receipt' is present on page  using regular expression

2024-02-06 16:55:26 - [TEST_STEP][PASSED] - click(findTestObject(orPath_ServiceFeesAccept + "/input_convFeeNotifyAction")): Object: 'Object Repository/RAD_Pages/ServiceFeeAccept_Page/input_convFeeNotifyAction' is clicked on

2024-02-06 16:55:27 - [MESSAGE][PASSED] - Object: 'Object Repository/RAD_Pages/ServiceFeeAccept_Page/input_convFeeNotifyAction' is clicked on

2024-02-06 16:55:27 - [TEST_STEP][PASSED] - delay(10): Delayed 10 second(s)

2024-02-06 16:55:37 - [MESSAGE][PASSED] - Delayed 10 second(s)

2024-02-06 16:55:37 - [TEST_STEP][PASSED] - verifyTextPresent("Successful Payment Receipt", true): Text 'Successful Payment Receipt' is present on page  using regular expression

2024-02-06 16:55:38 - [MESSAGE][PASSED] - Text 'Successful Payment Receipt' is present on page  using regular expression

2024-02-06 16:55:38 - [TEST_STEP][PASSED] - ExecuteTC = findTestData(dataFile).getValue("Execute", row): null

2024-02-06 16:55:38 - [TEST_STEP][PASSED] - TaxType = findTestData(dataFile).getValue("TaxType", row): null

2024-02-06 16:55:38 - [TEST_STEP][PASSED] - PaymentType = findTestData(dataFile).getValue("PaymentType", row): null

2024-02-06 16:55:38 - [TEST_STEP][PASSED] - FilingYear = findTestData(dataFile).getValue("Year", row): null

2024-02-06 16:55:38 - [TEST_STEP][PASSED] - feinSSN = findTestData(dataFile).getValue("FeinSsn", row): null

2024-02-06 16:55:38 - [TEST_STEP][PASSED] - if (ExecuteTC.equalsIgnoreCase("Y")): null

2024-02-06 16:55:38 - [TEST_STEP][PASSED] - out.println("Begin Record Number: " + row): null

2024-02-06 16:55:38 - [TEST_STEP][PASSED] - today = new java.util.Date(): null

2024-02-06 16:55:38 - [TEST_STEP][PASSED] - println(today): null

2024-02-06 16:55:38 - [TEST_STEP][PASSED] - datText = today: null

2024-02-06 16:55:38 - [TEST_STEP][PASSED] - logInfo("Payment Type: New Tax Return Amount Due"): Payment Type: New Tax Return Amount Due

2024-02-06 16:55:38 - [MESSAGE][INFO] - Payment Type: New Tax Return Amount Due

2024-02-06 16:55:38 - [TEST_STEP][PASSED] - logInfo("Tax Type: " + TaxType): Tax Type: Alcohol Tax

2024-02-06 16:55:38 - [MESSAGE][INFO] - Tax Type: Alcohol Tax

2024-02-06 16:55:38 - [TEST_STEP][PASSED] - openBrowser(""): Browser is opened with url: ''

2024-02-06 16:55:38 - [MESSAGE][WARNING] - A browser is already opened. Closing browser and opening a new one

2024-02-06 16:55:39 - [MESSAGE][INFO] - Starting 'Chrome' driver

2024-02-06 16:55:39 - [MESSAGE][INFO] - User set preference: ['acceptInsecureCerts', 'true']

2024-02-06 16:55:39 - [MESSAGE][INFO] - Action delay is set to 0 milliseconds

2024-02-06 16:55:41 - [MESSAGE][PASSED] - Browser is opened with url: ''

2024-02-06 16:55:41 - [TEST_STEP][PASSED] - maximizeWindow(): Current window maximized

2024-02-06 16:55:41 - [MESSAGE][PASSED] - Current window maximized

2024-02-06 16:55:41 - [TEST_STEP][PASSED] - navigateToUrl(RADurl): Navigate to 'https://qa2.velocitypayment.com/client/rad/index.html' successfully

2024-02-06 16:55:42 - [MESSAGE][PASSED] - Navigate to 'https://qa2.velocitypayment.com/client/rad/index.html' successfully

2024-02-06 16:55:42 - [TEST_STEP][PASSED] - selectOptionByLabel(findTestObject(orPath_Landing + "/dd_TaxType"), "New Tax Return Amount Due", false): All options with label 'New Tax Return Amount Due' are selected in object 'Object Repository/RAD_Pages/Landing_Page/dd_TaxType' 

2024-02-06 16:55:43 - [MESSAGE][PASSED] - All options with label 'New Tax Return Amount Due' are selected in object 'Object Repository/RAD_Pages/Landing_Page/dd_TaxType' 

2024-02-06 16:55:43 - [TEST_STEP][PASSED] - selectOptionByLabel(findTestObject("Object Repository/RAD_Pages/Landing_Page/select_NewTaxReturnAmountDue_TaxType"), TaxType, false): All options with label 'Alcohol Tax' are selected in object 'Object Repository/RAD_Pages/Landing_Page/select_NewTaxReturnAmountDue_TaxType' 

2024-02-06 16:55:44 - [MESSAGE][PASSED] - All options with label 'Alcohol Tax' are selected in object 'Object Repository/RAD_Pages/Landing_Page/select_NewTaxReturnAmountDue_TaxType' 

2024-02-06 16:55:44 - [TEST_STEP][PASSED] - selectOptionByLabel(findTestObject(orPath_TaxTypeFilingYear + "/select_FilingYear"), FilingYear, false): All options with label '2023' are selected in object 'Object Repository/RAD_Pages/TaxTypeFilingYear_Page/select_FilingYear' 

2024-02-06 16:55:45 - [MESSAGE][PASSED] - All options with label '2023' are selected in object 'Object Repository/RAD_Pages/TaxTypeFilingYear_Page/select_FilingYear' 

2024-02-06 16:55:45 - [TEST_STEP][PASSED] - rad.getSetDataRAD.setDataRADBusinessName(): rad.getSetDataRAD.setDataRADBusinessName is PASSED

2024-02-06 16:55:45 - [MESSAGE][PASSED] - Text 'My Company' is set on object 'Object Repository/RAD_Pages/Taxpayer_Page/input_businessName'

2024-02-06 16:55:45 - [MESSAGE][PASSED] - rad.getSetDataRAD.setDataRADBusinessName is PASSED

2024-02-06 16:55:45 - [TEST_STEP][PASSED] - rad.getSetDataRAD.setDataRADBusinessRep(): rad.getSetDataRAD.setDataRADBusinessRep is PASSED

2024-02-06 16:55:46 - [MESSAGE][PASSED] - Text 'BusRepFname' is set on object 'Object Repository/RAD_Pages/Taxpayer_Page/input_BusinessRepfirstName'

2024-02-06 16:55:47 - [MESSAGE][PASSED] - Text '' is set on object 'Object Repository/RAD_Pages/Taxpayer_Page/input_BusinessRepmiddleName'

2024-02-06 16:55:48 - [MESSAGE][PASSED] - Text 'BusRepLname' is set on object 'Object Repository/RAD_Pages/Taxpayer_Page/input_BusinessReplastName'

2024-02-06 16:55:49 - [MESSAGE][PASSED] - Text '' is set on object 'Object Repository/RAD_Pages/Taxpayer_Page/input_BusinessRepsuffix'

2024-02-06 16:55:49 - [MESSAGE][PASSED] - rad.getSetDataRAD.setDataRADBusinessRep is PASSED

2024-02-06 16:55:49 - [TEST_STEP][PASSED] - rad.getSetDataRAD.setDataRADAddress(): rad.getSetDataRAD.setDataRADAddress is PASSED

2024-02-06 16:55:49 - [MESSAGE][PASSED] - All options with label 'United States' are selected in object 'Object Repository/RAD_Pages/AddressAndContactInfo_Page/select_Country' 

2024-02-06 16:55:50 - [MESSAGE][PASSED] - Text '2508 Mandan Terrace' is set on object 'Object Repository/RAD_Pages/AddressAndContactInfo_Page/input_streetAddress1'

2024-02-06 16:55:51 - [MESSAGE][PASSED] - Text '' is set on object 'Object Repository/RAD_Pages/AddressAndContactInfo_Page/input_streetAddress2'

2024-02-06 16:55:51 - [MESSAGE][PASSED] - Text 'Gambrills' is set on object 'Object Repository/RAD_Pages/AddressAndContactInfo_Page/input_city'

2024-02-06 16:55:52 - [MESSAGE][PASSED] - All options with label 'Maryland' are selected in object 'Object Repository/RAD_Pages/AddressAndContactInfo_Page/select_State' 

2024-02-06 16:55:53 - [MESSAGE][PASSED] - Text '21054' is set on object 'Object Repository/RAD_Pages/AddressAndContactInfo_Page/input_zipCode'

2024-02-06 16:55:54 - [MESSAGE][PASSED] - Text '(703) 894-5000' is set on object 'Object Repository/RAD_Pages/AddressAndContactInfo_Page/input_phoneNumber'

2024-02-06 16:55:55 - [MESSAGE][PASSED] - Text 'iahmed@govolution.com' is set on object 'Object Repository/RAD_Pages/AddressAndContactInfo_Page/input_eMailAddress'

2024-02-06 16:55:55 - [MESSAGE][PASSED] - Text 'iahmed@govolution.com' is set on object 'Object Repository/RAD_Pages/AddressAndContactInfo_Page/input_reEnterEMailAddress'

2024-02-06 16:55:55 - [MESSAGE][PASSED] - rad.getSetDataRAD.setDataRADAddress is PASSED

2024-02-06 16:55:55 - [TEST_STEP][PASSED] - if (feinSSN.equalsIgnoreCase("Y")): null

2024-02-06 16:55:55 - [TEST_STEP][PASSED] - else: rad.getSetDataRAD.setDataRADFEIN is PASSED

2024-02-06 16:55:55 - [TEST_STEP][PASSED] - if (!(TaxType.equalsIgnoreCase("Estate Tax"))): rad.getSetDataRAD.setDataRADFEIN is PASSED

2024-02-06 16:55:55 - [TEST_STEP][PASSED] - rad.getSetDataRAD.setDataRADFEIN(): rad.getSetDataRAD.setDataRADFEIN is PASSED

2024-02-06 16:55:56 - [MESSAGE][PASSED] - Text ****** has been set on object 'Object Repository/RAD_Pages/TaxInfo_Page/input_FederalEIN'

2024-02-06 16:55:57 - [MESSAGE][PASSED] - Text ****** has been set on object 'Object Repository/RAD_Pages/TaxInfo_Page/input_FederalEIN_ReEnter'

2024-02-06 16:55:57 - [MESSAGE][PASSED] - rad.getSetDataRAD.setDataRADFEIN is PASSED

2024-02-06 16:55:57 - [TEST_STEP][PASSED] - if (TaxType.equalsIgnoreCase("Estate Tax")): null

2024-02-06 16:55:57 - [TEST_STEP][PASSED] - setText(findTestObject(orPath_Amount + "/input__paymentAmount"), "100.00"): Text '100.00' is set on object 'Object Repository/RAD_Pages/PaymentAmount_Page/input__paymentAmount'

2024-02-06 16:55:57 - [MESSAGE][PASSED] - Text '100.00' is set on object 'Object Repository/RAD_Pages/PaymentAmount_Page/input__paymentAmount'

2024-02-06 16:55:57 - [TEST_STEP][PASSED] - setText(findTestObject(orPath_AddressContact + "/input_streetAddress2"), ""): Text '' is set on object 'Object Repository/RAD_Pages/AddressAndContactInfo_Page/input_streetAddress2'

2024-02-06 16:55:58 - [MESSAGE][PASSED] - Text '' is set on object 'Object Repository/RAD_Pages/AddressAndContactInfo_Page/input_streetAddress2'

2024-02-06 16:55:58 - [TEST_STEP][PASSED] - scrollToElement(findTestObject(orPath_Landing + "/button_Continue"), 3): Scroll to object 'Object Repository/RAD_Pages/Landing_Page/button_Continue' successfully

2024-02-06 16:55:59 - [MESSAGE][PASSED] - Scroll to object 'Object Repository/RAD_Pages/Landing_Page/button_Continue' successfully

2024-02-06 16:55:59 - [TEST_STEP][PASSED] - waitForElementClickable(findTestObject(orPath_Landing + "/button_Continue"), 5): Object 'Object Repository/RAD_Pages/Landing_Page/button_Continue' is clickable

2024-02-06 16:55:59 - [MESSAGE][PASSED] - Object 'Object Repository/RAD_Pages/Landing_Page/button_Continue' is clickable

2024-02-06 16:55:59 - [TEST_STEP][PASSED] - click(findTestObject(orPath_Landing + "/button_Continue")): Object: 'Object Repository/RAD_Pages/Landing_Page/button_Continue' is clicked on

2024-02-06 16:55:59 - [MESSAGE][PASSED] - Object: 'Object Repository/RAD_Pages/Landing_Page/button_Continue' is clicked on

2024-02-06 16:55:59 - [TEST_STEP][PASSED] - delay(2): Delayed 2 second(s)

2024-02-06 16:56:01 - [MESSAGE][PASSED] - Delayed 2 second(s)

2024-02-06 16:56:01 - [TEST_STEP][PASSED] - click(findTestObject(orPath_Summary + "/button_Proceed to Payment")): Object: 'Object Repository/RAD_Pages/Summary_Page/button_Proceed to Payment' is clicked on

2024-02-06 16:56:04 - [MESSAGE][PASSED] - Object: 'Object Repository/RAD_Pages/Summary_Page/button_Proceed to Payment' is clicked on

2024-02-06 16:56:04 - [TEST_STEP][PASSED] - if (verifyElementPresent(findTestObject("Object Repository/RAD_Pages/PaymentEntry_Page/input__billingName"), 30)): null

2024-02-06 16:56:04 - [MESSAGE][PASSED] - Object 'Object Repository/RAD_Pages/PaymentEntry_Page/input__billingName' is present

2024-02-06 16:56:04 - [TEST_STEP][PASSED] - verifyTextPresent("Comptroller of Maryland", true): Text 'Comptroller of Maryland' is present on page  using regular expression

2024-02-06 16:56:04 - [MESSAGE][PASSED] - Text 'Comptroller of Maryland' is present on page  using regular expression

2024-02-06 16:56:04 - [TEST_STEP][PASSED] - verifyTextPresent("Revenue Administration Division", true): Text 'Revenue Administration Division' is present on page  using regular expression

2024-02-06 16:56:05 - [MESSAGE][PASSED] - Text 'Revenue Administration Division' is present on page  using regular expression

2024-02-06 16:56:05 - [TEST_STEP][PASSED] - verifyTextPresent("Payment Information", true): Text 'Payment Information' is present on page  using regular expression

2024-02-06 16:56:05 - [MESSAGE][PASSED] - Text 'Payment Information' is present on page  using regular expression

2024-02-06 16:56:05 - [TEST_STEP][PASSED] - card_Name = getAttribute(findTestObject("Object Repository/RAD_Pages/PaymentEntry_Page/input__billingName"), "value"): Attribute 'value' of object 'Object Repository/RAD_Pages/PaymentEntry_Page/input__billingName' is: 'BusRepFname BusRepLname'

2024-02-06 16:56:06 - [MESSAGE][PASSED] - Attribute 'value' of object 'Object Repository/RAD_Pages/PaymentEntry_Page/input__billingName' is: 'BusRepFname BusRepLname'

2024-02-06 16:56:06 - [TEST_STEP][PASSED] - verifyMatch("BusRepFname BusRepLname", card_Name, false): Actual text 'BusRepFname BusRepLname' and expected text 'BusRepFname BusRepLname' are matched 

2024-02-06 16:56:06 - [MESSAGE][PASSED] - Actual text 'BusRepFname BusRepLname' and expected text 'BusRepFname BusRepLname' are matched 

2024-02-06 16:56:06 - [TEST_STEP][PASSED] - AL1 = getAttribute(findTestObject("Object Repository/RAD_Pages/PaymentEntry_Page/input_billingAddress"), "value"): Attribute 'value' of object 'Object Repository/RAD_Pages/PaymentEntry_Page/input_billingAddress' is: '2508 Mandan Terrace'

2024-02-06 16:56:06 - [MESSAGE][PASSED] - Attribute 'value' of object 'Object Repository/RAD_Pages/PaymentEntry_Page/input_billingAddress' is: '2508 Mandan Terrace'

2024-02-06 16:56:06 - [TEST_STEP][PASSED] - verifyMatch("2508 Mandan Terrace", AL1, false): Actual text '2508 Mandan Terrace' and expected text '2508 Mandan Terrace' are matched 

2024-02-06 16:56:06 - [MESSAGE][PASSED] - Actual text '2508 Mandan Terrace' and expected text '2508 Mandan Terrace' are matched 

2024-02-06 16:56:06 - [TEST_STEP][PASSED] - AL2 = getAttribute(findTestObject("Object Repository/RAD_Pages/PaymentEntry_Page/input_billingAddress2"), "value"): Attribute 'value' of object 'Object Repository/RAD_Pages/PaymentEntry_Page/input_billingAddress2' is: ''

2024-02-06 16:56:06 - [MESSAGE][PASSED] - Attribute 'value' of object 'Object Repository/RAD_Pages/PaymentEntry_Page/input_billingAddress2' is: ''

2024-02-06 16:56:06 - [TEST_STEP][PASSED] - verifyMatch("", AL2, false): Actual text '' and expected text '' are matched 

2024-02-06 16:56:06 - [MESSAGE][PASSED] - Actual text '' and expected text '' are matched 

2024-02-06 16:56:06 - [TEST_STEP][PASSED] - zipCode = getAttribute(findTestObject("Object Repository/RAD_Pages/PaymentEntry_Page/input_billingZip"), "value"): Attribute 'value' of object 'Object Repository/RAD_Pages/PaymentEntry_Page/input_billingZip' is: '21054'

2024-02-06 16:56:07 - [MESSAGE][PASSED] - Attribute 'value' of object 'Object Repository/RAD_Pages/PaymentEntry_Page/input_billingZip' is: '21054'

2024-02-06 16:56:07 - [TEST_STEP][PASSED] - verifyMatch("21054", zipCode, false): Actual text '21054' and expected text '21054' are matched 

2024-02-06 16:56:07 - [MESSAGE][PASSED] - Actual text '21054' and expected text '21054' are matched 

2024-02-06 16:56:07 - [TEST_STEP][PASSED] - city = getAttribute(findTestObject("Object Repository/RAD_Pages/PaymentEntry_Page/input_billingCity"), "value"): Attribute 'value' of object 'Object Repository/RAD_Pages/PaymentEntry_Page/input_billingCity' is: 'GAMBRILLS'

2024-02-06 16:56:07 - [MESSAGE][PASSED] - Attribute 'value' of object 'Object Repository/RAD_Pages/PaymentEntry_Page/input_billingCity' is: 'GAMBRILLS'

2024-02-06 16:56:07 - [TEST_STEP][PASSED] - verifyMatch("GAMBRILLS", city, false): Actual text 'GAMBRILLS' and expected text 'GAMBRILLS' are matched 

2024-02-06 16:56:07 - [MESSAGE][PASSED] - Actual text 'GAMBRILLS' and expected text 'GAMBRILLS' are matched 

2024-02-06 16:56:07 - [TEST_STEP][PASSED] - email = getAttribute(findTestObject("Object Repository/RAD_Pages/PaymentEntry_Page/input_emailAddress"), "value"): Attribute 'value' of object 'Object Repository/RAD_Pages/PaymentEntry_Page/input_emailAddress' is: 'iahmed@govolution.com'

2024-02-06 16:56:07 - [MESSAGE][PASSED] - Attribute 'value' of object 'Object Repository/RAD_Pages/PaymentEntry_Page/input_emailAddress' is: 'iahmed@govolution.com'

2024-02-06 16:56:07 - [TEST_STEP][PASSED] - verifyMatch("iahmed@govolution.com", email, false): Actual text 'iahmed@govolution.com' and expected text 'iahmed@govolution.com' are matched 

2024-02-06 16:56:07 - [MESSAGE][PASSED] - Actual text 'iahmed@govolution.com' and expected text 'iahmed@govolution.com' are matched 

2024-02-06 16:56:07 - [TEST_STEP][PASSED] - amount = getAttribute(findTestObject("Object Repository/RAD_Pages/PaymentEntry_Page/input_amount"), "value"): Attribute 'value' of object 'Object Repository/RAD_Pages/PaymentEntry_Page/input_amount' is: '100.00'

2024-02-06 16:56:08 - [MESSAGE][PASSED] - Attribute 'value' of object 'Object Repository/RAD_Pages/PaymentEntry_Page/input_amount' is: '100.00'

2024-02-06 16:56:08 - [TEST_STEP][PASSED] - verifyMatch("100.00", amount, false): Actual text '100.00' and expected text '100.00' are matched 

2024-02-06 16:56:08 - [MESSAGE][PASSED] - Actual text '100.00' and expected text '100.00' are matched 

2024-02-06 16:56:08 - [TEST_STEP][PASSED] - amountReadOnly = getAttribute(findTestObject("Object Repository/RAD_Pages/PaymentEntry_Page/input_amount"), "readonly"): Attribute 'readonly' of object 'Object Repository/RAD_Pages/PaymentEntry_Page/input_amount' is: 'true'

2024-02-06 16:56:08 - [MESSAGE][PASSED] - Attribute 'readonly' of object 'Object Repository/RAD_Pages/PaymentEntry_Page/input_amount' is: 'true'

2024-02-06 16:56:08 - [TEST_STEP][PASSED] - verifyMatch("true", amountReadOnly, false): Actual text 'true' and expected text 'true' are matched 

2024-02-06 16:56:08 - [MESSAGE][PASSED] - Actual text 'true' and expected text 'true' are matched 

2024-02-06 16:56:08 - [TEST_STEP][PASSED] - verifyOptionSelectedByLabel(findTestObject("Object Repository/RAD_Pages/PaymentEntry_Page/select_Country"), "United States", false, 20): All options with label 'United States' are selected in object 'Object Repository/RAD_Pages/PaymentEntry_Page/select_Country' 

2024-02-06 16:56:09 - [MESSAGE][PASSED] - All options with label 'United States' are selected in object 'Object Repository/RAD_Pages/PaymentEntry_Page/select_Country' 

2024-02-06 16:56:09 - [TEST_STEP][PASSED] - verifyOptionSelectedByLabel(findTestObject("Object Repository/RAD_Pages/PaymentEntry_Page/select_State"), "Maryland", false, 20): All options with label 'Maryland' are selected in object 'Object Repository/RAD_Pages/PaymentEntry_Page/select_State' 

2024-02-06 16:56:12 - [MESSAGE][PASSED] - All options with label 'Maryland' are selected in object 'Object Repository/RAD_Pages/PaymentEntry_Page/select_State' 

2024-02-06 16:56:12 - [TEST_STEP][PASSED] - setText(findTestObject(orPath_PaymentEntry + "/input__cardNumber"), "4111111111111111"): Text '4111111111111111' is set on object 'Object Repository/RAD_Pages/PaymentEntry_Page/input__cardNumber'

2024-02-06 16:56:12 - [MESSAGE][PASSED] - Text '4111111111111111' is set on object 'Object Repository/RAD_Pages/PaymentEntry_Page/input__cardNumber'

2024-02-06 16:56:12 - [TEST_STEP][PASSED] - setText(findTestObject(orPath_PaymentEntry + "/input__spc"), "123"): Text '123' is set on object 'Object Repository/RAD_Pages/PaymentEntry_Page/input__spc'

2024-02-06 16:56:13 - [MESSAGE][PASSED] - Text '123' is set on object 'Object Repository/RAD_Pages/PaymentEntry_Page/input__spc'

2024-02-06 16:56:13 - [TEST_STEP][PASSED] - selectOptionByLabel(findTestObject(orPath_PaymentEntry + "/select_MM"), "12", false): All options with label '12' are selected in object 'Object Repository/RAD_Pages/PaymentEntry_Page/select_MM' 

2024-02-06 16:56:14 - [MESSAGE][PASSED] - All options with label '12' are selected in object 'Object Repository/RAD_Pages/PaymentEntry_Page/select_MM' 

2024-02-06 16:56:14 - [TEST_STEP][PASSED] - selectOptionByLabel(findTestObject(orPath_PaymentEntry + "/select_YYYY"), "2028", false): All options with label '2028' are selected in object 'Object Repository/RAD_Pages/PaymentEntry_Page/select_YYYY' 

2024-02-06 16:56:14 - [MESSAGE][PASSED] - All options with label '2028' are selected in object 'Object Repository/RAD_Pages/PaymentEntry_Page/select_YYYY' 

2024-02-06 16:56:14 - [TEST_STEP][PASSED] - click(findTestObject(orPath_PaymentEntry + "/input_Field_ccSubmit")): Object: 'Object Repository/RAD_Pages/PaymentEntry_Page/input_Field_ccSubmit' is clicked on

2024-02-06 16:56:15 - [MESSAGE][PASSED] - Object: 'Object Repository/RAD_Pages/PaymentEntry_Page/input_Field_ccSubmit' is clicked on

2024-02-06 16:56:15 - [TEST_STEP][PASSED] - click(findTestObject(orPath_PaymentConfirmation + "/input_N_confirmNotifyAction")): Object: 'Object Repository/RAD_Pages/PaymentConfirmation_Page/input_N_confirmNotifyAction' is clicked on

2024-02-06 16:56:16 - [MESSAGE][PASSED] - Object: 'Object Repository/RAD_Pages/PaymentConfirmation_Page/input_N_confirmNotifyAction' is clicked on

2024-02-06 16:56:16 - [TEST_STEP][PASSED] - verifyTextPresent("Service Fee Acceptance", true): Text 'Service Fee Acceptance' is present on page  using regular expression

2024-02-06 16:56:17 - [MESSAGE][PASSED] - Text 'Service Fee Acceptance' is present on page  using regular expression

2024-02-06 16:56:17 - [TEST_STEP][PASSED] - verifyTextPresent("This transaction is subject to a Service Fee of ", true): Text 'This transaction is subject to a Service Fee of ' is present on page  using regular expression

2024-02-06 16:56:17 - [MESSAGE][PASSED] - Text 'This transaction is subject to a Service Fee of ' is present on page  using regular expression

2024-02-06 16:56:17 - [TEST_STEP][PASSED] - verifyTextPresent("Payment Amount:", true): Text 'Payment Amount:' is present on page  using regular expression

2024-02-06 16:56:17 - [MESSAGE][PASSED] - Text 'Payment Amount:' is present on page  using regular expression

2024-02-06 16:56:17 - [TEST_STEP][PASSED] - verifyTextPresent("100.00", true): Text '100.00' is present on page  using regular expression

2024-02-06 16:56:18 - [MESSAGE][PASSED] - Text '100.00' is present on page  using regular expression

2024-02-06 16:56:18 - [TEST_STEP][PASSED] - verifyTextPresent("Service Fee:", true): Text 'Service Fee:' is present on page  using regular expression

2024-02-06 16:56:18 - [MESSAGE][PASSED] - Text 'Service Fee:' is present on page  using regular expression

2024-02-06 16:56:18 - [TEST_STEP][PASSED] - verifyTextPresent("2.45", true): Text '2.45' is present on page  using regular expression

2024-02-06 16:56:18 - [MESSAGE][PASSED] - Text '2.45' is present on page  using regular expression

2024-02-06 16:56:18 - [TEST_STEP][PASSED] - verifyTextPresent("Total Amount:", true): Text 'Total Amount:' is present on page  using regular expression

2024-02-06 16:56:18 - [MESSAGE][PASSED] - Text 'Total Amount:' is present on page  using regular expression

2024-02-06 16:56:18 - [TEST_STEP][PASSED] - verifyTextPresent("102.45", true): Text '102.45' is present on page  using regular expression

2024-02-06 16:56:19 - [MESSAGE][PASSED] - Text '102.45' is present on page  using regular expression

2024-02-06 16:56:19 - [TEST_STEP][PASSED] - verifyTextPresent("Two transactions will appear on your bank statement, one in the amount of", true): Text 'Two transactions will appear on your bank statement, one in the amount of' is present on page  using regular expression

2024-02-06 16:56:19 - [MESSAGE][PASSED] - Text 'Two transactions will appear on your bank statement, one in the amount of' is present on page  using regular expression

2024-02-06 16:56:19 - [TEST_STEP][PASSED] - if (verifyElementPresent(findTestObject(orPath_ServiceFeesAccept + "/input_convFeeNotifyAction"), 30)): null

2024-02-06 16:56:19 - [MESSAGE][PASSED] - Object 'Object Repository/RAD_Pages/ServiceFeeAccept_Page/input_convFeeNotifyAction' is present

2024-02-06 16:56:19 - [TEST_STEP][PASSED] - resText = "Pass": null

2024-02-06 16:56:19 - [TEST_STEP][PASSED] - pages.WriteExcel.demoKey(resText, datText, resColumn, datCloumn, fileLoc, nameSheet, row): pages.WriteExcel.demoKey is PASSED

2024-02-06 16:56:19 - [MESSAGE][PASSED] - pages.WriteExcel.demoKey is PASSED

2024-02-06 16:56:19 - [TEST_STEP][PASSED] - if (execProfile == "QAProfile" || execProfile == "QA2Profile"): Text 'Successful Payment Receipt' is present on page  using regular expression

2024-02-06 16:56:19 - [TEST_STEP][PASSED] - click(findTestObject(orPath_ServiceFeesAccept + "/input_convFeeNotifyAction")): Object: 'Object Repository/RAD_Pages/ServiceFeeAccept_Page/input_convFeeNotifyAction' is clicked on

2024-02-06 16:56:20 - [MESSAGE][PASSED] - Object: 'Object Repository/RAD_Pages/ServiceFeeAccept_Page/input_convFeeNotifyAction' is clicked on

2024-02-06 16:56:20 - [TEST_STEP][PASSED] - delay(10): Delayed 10 second(s)

2024-02-06 16:56:30 - [MESSAGE][PASSED] - Delayed 10 second(s)

2024-02-06 16:56:30 - [TEST_STEP][PASSED] - verifyTextPresent("Successful Payment Receipt", true): Text 'Successful Payment Receipt' is present on page  using regular expression

2024-02-06 16:56:30 - [MESSAGE][PASSED] - Text 'Successful Payment Receipt' is present on page  using regular expression

2024-02-06 16:56:30 - [TEST_STEP][PASSED] - ExecuteTC = findTestData(dataFile).getValue("Execute", row): null

2024-02-06 16:56:30 - [TEST_STEP][PASSED] - TaxType = findTestData(dataFile).getValue("TaxType", row): null

2024-02-06 16:56:30 - [TEST_STEP][PASSED] - PaymentType = findTestData(dataFile).getValue("PaymentType", row): null

2024-02-06 16:56:31 - [TEST_STEP][PASSED] - FilingYear = findTestData(dataFile).getValue("Year", row): null

2024-02-06 16:56:31 - [TEST_STEP][PASSED] - feinSSN = findTestData(dataFile).getValue("FeinSsn", row): null

2024-02-06 16:56:31 - [TEST_STEP][PASSED] - if (ExecuteTC.equalsIgnoreCase("Y")): null

2024-02-06 16:56:31 - [TEST_STEP][PASSED] - out.println("Begin Record Number: " + row): null

2024-02-06 16:56:31 - [TEST_STEP][PASSED] - today = new java.util.Date(): null

2024-02-06 16:56:31 - [TEST_STEP][PASSED] - println(today): null

2024-02-06 16:56:31 - [TEST_STEP][PASSED] - datText = today: null

2024-02-06 16:56:31 - [TEST_STEP][PASSED] - logInfo("Payment Type: New Tax Return Amount Due"): Payment Type: New Tax Return Amount Due

2024-02-06 16:56:31 - [MESSAGE][INFO] - Payment Type: New Tax Return Amount Due

2024-02-06 16:56:31 - [TEST_STEP][PASSED] - logInfo("Tax Type: " + TaxType): Tax Type: Bay Restoration Fee

2024-02-06 16:56:31 - [MESSAGE][INFO] - Tax Type: Bay Restoration Fee

2024-02-06 16:56:31 - [TEST_STEP][PASSED] - openBrowser(""): Browser is opened with url: ''

2024-02-06 16:56:31 - [MESSAGE][WARNING] - A browser is already opened. Closing browser and opening a new one

2024-02-06 16:56:32 - [MESSAGE][INFO] - Starting 'Chrome' driver

2024-02-06 16:56:32 - [MESSAGE][INFO] - User set preference: ['acceptInsecureCerts', 'true']

2024-02-06 16:56:32 - [MESSAGE][INFO] - Action delay is set to 0 milliseconds

2024-02-06 16:56:33 - [MESSAGE][PASSED] - Browser is opened with url: ''

2024-02-06 16:56:33 - [TEST_STEP][PASSED] - maximizeWindow(): Current window maximized

2024-02-06 16:56:33 - [MESSAGE][PASSED] - Current window maximized

2024-02-06 16:56:33 - [TEST_STEP][PASSED] - navigateToUrl(RADurl): Navigate to 'https://qa2.velocitypayment.com/client/rad/index.html' successfully

2024-02-06 16:56:34 - [MESSAGE][PASSED] - Navigate to 'https://qa2.velocitypayment.com/client/rad/index.html' successfully

2024-02-06 16:56:34 - [TEST_STEP][PASSED] - selectOptionByLabel(findTestObject(orPath_Landing + "/dd_TaxType"), "New Tax Return Amount Due", false): All options with label 'New Tax Return Amount Due' are selected in object 'Object Repository/RAD_Pages/Landing_Page/dd_TaxType' 

2024-02-06 16:56:36 - [MESSAGE][PASSED] - All options with label 'New Tax Return Amount Due' are selected in object 'Object Repository/RAD_Pages/Landing_Page/dd_TaxType' 

2024-02-06 16:56:36 - [TEST_STEP][PASSED] - selectOptionByLabel(findTestObject("Object Repository/RAD_Pages/Landing_Page/select_NewTaxReturnAmountDue_TaxType"), TaxType, false): All options with label 'Bay Restoration Fee' are selected in object 'Object Repository/RAD_Pages/Landing_Page/select_NewTaxReturnAmountDue_TaxType' 

2024-02-06 16:56:36 - [MESSAGE][PASSED] - All options with label 'Bay Restoration Fee' are selected in object 'Object Repository/RAD_Pages/Landing_Page/select_NewTaxReturnAmountDue_TaxType' 

2024-02-06 16:56:36 - [TEST_STEP][PASSED] - selectOptionByLabel(findTestObject(orPath_TaxTypeFilingYear + "/select_FilingYear"), FilingYear, false): All options with label '2023' are selected in object 'Object Repository/RAD_Pages/TaxTypeFilingYear_Page/select_FilingYear' 

2024-02-06 16:56:37 - [MESSAGE][PASSED] - All options with label '2023' are selected in object 'Object Repository/RAD_Pages/TaxTypeFilingYear_Page/select_FilingYear' 

2024-02-06 16:56:37 - [TEST_STEP][PASSED] - rad.getSetDataRAD.setDataRADBusinessName(): rad.getSetDataRAD.setDataRADBusinessName is PASSED

2024-02-06 16:56:38 - [MESSAGE][PASSED] - Text 'My Company' is set on object 'Object Repository/RAD_Pages/Taxpayer_Page/input_businessName'

2024-02-06 16:56:38 - [MESSAGE][PASSED] - rad.getSetDataRAD.setDataRADBusinessName is PASSED

2024-02-06 16:56:38 - [TEST_STEP][PASSED] - rad.getSetDataRAD.setDataRADBusinessRep(): rad.getSetDataRAD.setDataRADBusinessRep is PASSED

2024-02-06 16:56:39 - [MESSAGE][PASSED] - Text 'BusRepFname' is set on object 'Object Repository/RAD_Pages/Taxpayer_Page/input_BusinessRepfirstName'

2024-02-06 16:56:39 - [MESSAGE][PASSED] - Text '' is set on object 'Object Repository/RAD_Pages/Taxpayer_Page/input_BusinessRepmiddleName'

2024-02-06 16:56:40 - [MESSAGE][PASSED] - Text 'BusRepLname' is set on object 'Object Repository/RAD_Pages/Taxpayer_Page/input_BusinessReplastName'

2024-02-06 16:56:41 - [MESSAGE][PASSED] - Text '' is set on object 'Object Repository/RAD_Pages/Taxpayer_Page/input_BusinessRepsuffix'

2024-02-06 16:56:41 - [MESSAGE][PASSED] - rad.getSetDataRAD.setDataRADBusinessRep is PASSED

2024-02-06 16:56:41 - [TEST_STEP][PASSED] - rad.getSetDataRAD.setDataRADAddress(): rad.getSetDataRAD.setDataRADAddress is PASSED

2024-02-06 16:56:42 - [MESSAGE][PASSED] - All options with label 'United States' are selected in object 'Object Repository/RAD_Pages/AddressAndContactInfo_Page/select_Country' 

2024-02-06 16:56:42 - [MESSAGE][PASSED] - Text '2508 Mandan Terrace' is set on object 'Object Repository/RAD_Pages/AddressAndContactInfo_Page/input_streetAddress1'

2024-02-06 16:56:43 - [MESSAGE][PASSED] - Text '' is set on object 'Object Repository/RAD_Pages/AddressAndContactInfo_Page/input_streetAddress2'

2024-02-06 16:56:44 - [MESSAGE][PASSED] - Text 'Gambrills' is set on object 'Object Repository/RAD_Pages/AddressAndContactInfo_Page/input_city'

2024-02-06 16:56:45 - [MESSAGE][PASSED] - All options with label 'Maryland' are selected in object 'Object Repository/RAD_Pages/AddressAndContactInfo_Page/select_State' 

2024-02-06 16:56:45 - [MESSAGE][PASSED] - Text '21054' is set on object 'Object Repository/RAD_Pages/AddressAndContactInfo_Page/input_zipCode'

2024-02-06 16:56:46 - [MESSAGE][PASSED] - Text '(703) 894-5000' is set on object 'Object Repository/RAD_Pages/AddressAndContactInfo_Page/input_phoneNumber'

2024-02-06 16:56:47 - [MESSAGE][PASSED] - Text 'iahmed@govolution.com' is set on object 'Object Repository/RAD_Pages/AddressAndContactInfo_Page/input_eMailAddress'

2024-02-06 16:56:48 - [MESSAGE][PASSED] - Text 'iahmed@govolution.com' is set on object 'Object Repository/RAD_Pages/AddressAndContactInfo_Page/input_reEnterEMailAddress'

2024-02-06 16:56:48 - [MESSAGE][PASSED] - rad.getSetDataRAD.setDataRADAddress is PASSED

2024-02-06 16:56:48 - [TEST_STEP][PASSED] - if (feinSSN.equalsIgnoreCase("Y")): null

2024-02-06 16:56:48 - [TEST_STEP][PASSED] - else: rad.getSetDataRAD.setDataRADFEIN is PASSED

2024-02-06 16:56:48 - [TEST_STEP][PASSED] - if (!(TaxType.equalsIgnoreCase("Estate Tax"))): rad.getSetDataRAD.setDataRADFEIN is PASSED

2024-02-06 16:56:48 - [TEST_STEP][PASSED] - rad.getSetDataRAD.setDataRADFEIN(): rad.getSetDataRAD.setDataRADFEIN is PASSED

2024-02-06 16:56:48 - [MESSAGE][PASSED] - Text ****** has been set on object 'Object Repository/RAD_Pages/TaxInfo_Page/input_FederalEIN'

2024-02-06 16:56:49 - [MESSAGE][PASSED] - Text ****** has been set on object 'Object Repository/RAD_Pages/TaxInfo_Page/input_FederalEIN_ReEnter'

2024-02-06 16:56:49 - [MESSAGE][PASSED] - rad.getSetDataRAD.setDataRADFEIN is PASSED

2024-02-06 16:56:49 - [TEST_STEP][PASSED] - if (TaxType.equalsIgnoreCase("Estate Tax")): null

2024-02-06 16:56:49 - [TEST_STEP][PASSED] - setText(findTestObject(orPath_Amount + "/input__paymentAmount"), "100.00"): Text '100.00' is set on object 'Object Repository/RAD_Pages/PaymentAmount_Page/input__paymentAmount'

2024-02-06 16:56:50 - [MESSAGE][PASSED] - Text '100.00' is set on object 'Object Repository/RAD_Pages/PaymentAmount_Page/input__paymentAmount'

2024-02-06 16:56:50 - [TEST_STEP][PASSED] - setText(findTestObject(orPath_AddressContact + "/input_streetAddress2"), ""): Text '' is set on object 'Object Repository/RAD_Pages/AddressAndContactInfo_Page/input_streetAddress2'

2024-02-06 16:56:51 - [MESSAGE][PASSED] - Text '' is set on object 'Object Repository/RAD_Pages/AddressAndContactInfo_Page/input_streetAddress2'

2024-02-06 16:56:51 - [TEST_STEP][PASSED] - scrollToElement(findTestObject(orPath_Landing + "/button_Continue"), 3): Scroll to object 'Object Repository/RAD_Pages/Landing_Page/button_Continue' successfully

2024-02-06 16:56:51 - [MESSAGE][PASSED] - Scroll to object 'Object Repository/RAD_Pages/Landing_Page/button_Continue' successfully

2024-02-06 16:56:51 - [TEST_STEP][PASSED] - waitForElementClickable(findTestObject(orPath_Landing + "/button_Continue"), 5): Object 'Object Repository/RAD_Pages/Landing_Page/button_Continue' is clickable

2024-02-06 16:56:52 - [MESSAGE][PASSED] - Object 'Object Repository/RAD_Pages/Landing_Page/button_Continue' is clickable

2024-02-06 16:56:52 - [TEST_STEP][PASSED] - click(findTestObject(orPath_Landing + "/button_Continue")): Object: 'Object Repository/RAD_Pages/Landing_Page/button_Continue' is clicked on

2024-02-06 16:56:52 - [MESSAGE][PASSED] - Object: 'Object Repository/RAD_Pages/Landing_Page/button_Continue' is clicked on

2024-02-06 16:56:52 - [TEST_STEP][PASSED] - delay(2): Delayed 2 second(s)

2024-02-06 16:56:54 - [MESSAGE][PASSED] - Delayed 2 second(s)

2024-02-06 16:56:54 - [TEST_STEP][PASSED] - click(findTestObject(orPath_Summary + "/button_Proceed to Payment")): Object: 'Object Repository/RAD_Pages/Summary_Page/button_Proceed to Payment' is clicked on

2024-02-06 16:56:55 - [MESSAGE][PASSED] - Object: 'Object Repository/RAD_Pages/Summary_Page/button_Proceed to Payment' is clicked on

2024-02-06 16:56:55 - [TEST_STEP][PASSED] - if (verifyElementPresent(findTestObject("Object Repository/RAD_Pages/PaymentEntry_Page/input__billingName"), 30)): null

2024-02-06 16:56:56 - [MESSAGE][PASSED] - Object 'Object Repository/RAD_Pages/PaymentEntry_Page/input__billingName' is present

2024-02-06 16:56:56 - [TEST_STEP][PASSED] - verifyTextPresent("Comptroller of Maryland", true): Text 'Comptroller of Maryland' is present on page  using regular expression

2024-02-06 16:56:56 - [MESSAGE][PASSED] - Text 'Comptroller of Maryland' is present on page  using regular expression

2024-02-06 16:56:56 - [TEST_STEP][PASSED] - verifyTextPresent("Revenue Administration Division", true): Text 'Revenue Administration Division' is present on page  using regular expression

2024-02-06 16:56:57 - [MESSAGE][PASSED] - Text 'Revenue Administration Division' is present on page  using regular expression

2024-02-06 16:56:57 - [TEST_STEP][PASSED] - verifyTextPresent("Payment Information", true): Text 'Payment Information' is present on page  using regular expression

2024-02-06 16:56:57 - [MESSAGE][PASSED] - Text 'Payment Information' is present on page  using regular expression

2024-02-06 16:56:57 - [TEST_STEP][PASSED] - card_Name = getAttribute(findTestObject("Object Repository/RAD_Pages/PaymentEntry_Page/input__billingName"), "value"): Attribute 'value' of object 'Object Repository/RAD_Pages/PaymentEntry_Page/input__billingName' is: 'BusRepFname BusRepLname'

2024-02-06 16:56:57 - [MESSAGE][PASSED] - Attribute 'value' of object 'Object Repository/RAD_Pages/PaymentEntry_Page/input__billingName' is: 'BusRepFname BusRepLname'

2024-02-06 16:56:57 - [TEST_STEP][PASSED] - verifyMatch("BusRepFname BusRepLname", card_Name, false): Actual text 'BusRepFname BusRepLname' and expected text 'BusRepFname BusRepLname' are matched 

2024-02-06 16:56:57 - [MESSAGE][PASSED] - Actual text 'BusRepFname BusRepLname' and expected text 'BusRepFname BusRepLname' are matched 

2024-02-06 16:56:57 - [TEST_STEP][PASSED] - AL1 = getAttribute(findTestObject("Object Repository/RAD_Pages/PaymentEntry_Page/input_billingAddress"), "value"): Attribute 'value' of object 'Object Repository/RAD_Pages/PaymentEntry_Page/input_billingAddress' is: '2508 Mandan Terrace'

2024-02-06 16:56:58 - [MESSAGE][PASSED] - Attribute 'value' of object 'Object Repository/RAD_Pages/PaymentEntry_Page/input_billingAddress' is: '2508 Mandan Terrace'

2024-02-06 16:56:58 - [TEST_STEP][PASSED] - verifyMatch("2508 Mandan Terrace", AL1, false): Actual text '2508 Mandan Terrace' and expected text '2508 Mandan Terrace' are matched 

2024-02-06 16:56:58 - [MESSAGE][PASSED] - Actual text '2508 Mandan Terrace' and expected text '2508 Mandan Terrace' are matched 

2024-02-06 16:56:58 - [TEST_STEP][PASSED] - AL2 = getAttribute(findTestObject("Object Repository/RAD_Pages/PaymentEntry_Page/input_billingAddress2"), "value"): Attribute 'value' of object 'Object Repository/RAD_Pages/PaymentEntry_Page/input_billingAddress2' is: ''

2024-02-06 16:56:58 - [MESSAGE][PASSED] - Attribute 'value' of object 'Object Repository/RAD_Pages/PaymentEntry_Page/input_billingAddress2' is: ''

2024-02-06 16:56:58 - [TEST_STEP][PASSED] - verifyMatch("", AL2, false): Actual text '' and expected text '' are matched 

2024-02-06 16:56:58 - [MESSAGE][PASSED] - Actual text '' and expected text '' are matched 

2024-02-06 16:56:58 - [TEST_STEP][PASSED] - zipCode = getAttribute(findTestObject("Object Repository/RAD_Pages/PaymentEntry_Page/input_billingZip"), "value"): Attribute 'value' of object 'Object Repository/RAD_Pages/PaymentEntry_Page/input_billingZip' is: '21054'

2024-02-06 16:56:58 - [MESSAGE][PASSED] - Attribute 'value' of object 'Object Repository/RAD_Pages/PaymentEntry_Page/input_billingZip' is: '21054'

2024-02-06 16:56:58 - [TEST_STEP][PASSED] - verifyMatch("21054", zipCode, false): Actual text '21054' and expected text '21054' are matched 

2024-02-06 16:56:58 - [MESSAGE][PASSED] - Actual text '21054' and expected text '21054' are matched 

2024-02-06 16:56:58 - [TEST_STEP][PASSED] - city = getAttribute(findTestObject("Object Repository/RAD_Pages/PaymentEntry_Page/input_billingCity"), "value"): Attribute 'value' of object 'Object Repository/RAD_Pages/PaymentEntry_Page/input_billingCity' is: 'GAMBRILLS'

2024-02-06 16:56:59 - [MESSAGE][PASSED] - Attribute 'value' of object 'Object Repository/RAD_Pages/PaymentEntry_Page/input_billingCity' is: 'GAMBRILLS'

2024-02-06 16:56:59 - [TEST_STEP][PASSED] - verifyMatch("GAMBRILLS", city, false): Actual text 'GAMBRILLS' and expected text 'GAMBRILLS' are matched 

2024-02-06 16:56:59 - [MESSAGE][PASSED] - Actual text 'GAMBRILLS' and expected text 'GAMBRILLS' are matched 

2024-02-06 16:56:59 - [TEST_STEP][PASSED] - email = getAttribute(findTestObject("Object Repository/RAD_Pages/PaymentEntry_Page/input_emailAddress"), "value"): Attribute 'value' of object 'Object Repository/RAD_Pages/PaymentEntry_Page/input_emailAddress' is: 'iahmed@govolution.com'

2024-02-06 16:56:59 - [MESSAGE][PASSED] - Attribute 'value' of object 'Object Repository/RAD_Pages/PaymentEntry_Page/input_emailAddress' is: 'iahmed@govolution.com'

2024-02-06 16:56:59 - [TEST_STEP][PASSED] - verifyMatch("iahmed@govolution.com", email, false): Actual text 'iahmed@govolution.com' and expected text 'iahmed@govolution.com' are matched 

2024-02-06 16:56:59 - [MESSAGE][PASSED] - Actual text 'iahmed@govolution.com' and expected text 'iahmed@govolution.com' are matched 

2024-02-06 16:56:59 - [TEST_STEP][PASSED] - amount = getAttribute(findTestObject("Object Repository/RAD_Pages/PaymentEntry_Page/input_amount"), "value"): Attribute 'value' of object 'Object Repository/RAD_Pages/PaymentEntry_Page/input_amount' is: '100.00'

2024-02-06 16:56:59 - [MESSAGE][PASSED] - Attribute 'value' of object 'Object Repository/RAD_Pages/PaymentEntry_Page/input_amount' is: '100.00'

2024-02-06 16:56:59 - [TEST_STEP][PASSED] - verifyMatch("100.00", amount, false): Actual text '100.00' and expected text '100.00' are matched 

2024-02-06 16:56:59 - [MESSAGE][PASSED] - Actual text '100.00' and expected text '100.00' are matched 

2024-02-06 16:56:59 - [TEST_STEP][PASSED] - amountReadOnly = getAttribute(findTestObject("Object Repository/RAD_Pages/PaymentEntry_Page/input_amount"), "readonly"): Attribute 'readonly' of object 'Object Repository/RAD_Pages/PaymentEntry_Page/input_amount' is: 'true'

2024-02-06 16:57:00 - [MESSAGE][PASSED] - Attribute 'readonly' of object 'Object Repository/RAD_Pages/PaymentEntry_Page/input_amount' is: 'true'

2024-02-06 16:57:00 - [TEST_STEP][PASSED] - verifyMatch("true", amountReadOnly, false): Actual text 'true' and expected text 'true' are matched 

2024-02-06 16:57:00 - [MESSAGE][PASSED] - Actual text 'true' and expected text 'true' are matched 

2024-02-06 16:57:00 - [TEST_STEP][PASSED] - verifyOptionSelectedByLabel(findTestObject("Object Repository/RAD_Pages/PaymentEntry_Page/select_Country"), "United States", false, 20): All options with label 'United States' are selected in object 'Object Repository/RAD_Pages/PaymentEntry_Page/select_Country' 

2024-02-06 16:57:01 - [MESSAGE][PASSED] - All options with label 'United States' are selected in object 'Object Repository/RAD_Pages/PaymentEntry_Page/select_Country' 

2024-02-06 16:57:01 - [TEST_STEP][PASSED] - verifyOptionSelectedByLabel(findTestObject("Object Repository/RAD_Pages/PaymentEntry_Page/select_State"), "Maryland", false, 20): All options with label 'Maryland' are selected in object 'Object Repository/RAD_Pages/PaymentEntry_Page/select_State' 

2024-02-06 16:57:03 - [MESSAGE][PASSED] - All options with label 'Maryland' are selected in object 'Object Repository/RAD_Pages/PaymentEntry_Page/select_State' 

2024-02-06 16:57:03 - [TEST_STEP][PASSED] - setText(findTestObject(orPath_PaymentEntry + "/input__cardNumber"), "4111111111111111"): Text '4111111111111111' is set on object 'Object Repository/RAD_Pages/PaymentEntry_Page/input__cardNumber'

2024-02-06 16:57:04 - [MESSAGE][PASSED] - Text '4111111111111111' is set on object 'Object Repository/RAD_Pages/PaymentEntry_Page/input__cardNumber'

2024-02-06 16:57:04 - [TEST_STEP][PASSED] - setText(findTestObject(orPath_PaymentEntry + "/input__spc"), "123"): Text '123' is set on object 'Object Repository/RAD_Pages/PaymentEntry_Page/input__spc'

2024-02-06 16:57:05 - [MESSAGE][PASSED] - Text '123' is set on object 'Object Repository/RAD_Pages/PaymentEntry_Page/input__spc'

2024-02-06 16:57:05 - [TEST_STEP][PASSED] - selectOptionByLabel(findTestObject(orPath_PaymentEntry + "/select_MM"), "12", false): All options with label '12' are selected in object 'Object Repository/RAD_Pages/PaymentEntry_Page/select_MM' 

2024-02-06 16:57:06 - [MESSAGE][PASSED] - All options with label '12' are selected in object 'Object Repository/RAD_Pages/PaymentEntry_Page/select_MM' 

2024-02-06 16:57:06 - [TEST_STEP][PASSED] - selectOptionByLabel(findTestObject(orPath_PaymentEntry + "/select_YYYY"), "2028", false): All options with label '2028' are selected in object 'Object Repository/RAD_Pages/PaymentEntry_Page/select_YYYY' 

2024-02-06 16:57:06 - [MESSAGE][PASSED] - All options with label '2028' are selected in object 'Object Repository/RAD_Pages/PaymentEntry_Page/select_YYYY' 

2024-02-06 16:57:06 - [TEST_STEP][PASSED] - click(findTestObject(orPath_PaymentEntry + "/input_Field_ccSubmit")): Object: 'Object Repository/RAD_Pages/PaymentEntry_Page/input_Field_ccSubmit' is clicked on

2024-02-06 16:57:07 - [MESSAGE][PASSED] - Object: 'Object Repository/RAD_Pages/PaymentEntry_Page/input_Field_ccSubmit' is clicked on

2024-02-06 16:57:07 - [TEST_STEP][PASSED] - click(findTestObject(orPath_PaymentConfirmation + "/input_N_confirmNotifyAction")): Object: 'Object Repository/RAD_Pages/PaymentConfirmation_Page/input_N_confirmNotifyAction' is clicked on

2024-02-06 16:57:08 - [MESSAGE][PASSED] - Object: 'Object Repository/RAD_Pages/PaymentConfirmation_Page/input_N_confirmNotifyAction' is clicked on

2024-02-06 16:57:08 - [TEST_STEP][PASSED] - verifyTextPresent("Service Fee Acceptance", true): Text 'Service Fee Acceptance' is present on page  using regular expression

2024-02-06 16:57:09 - [MESSAGE][PASSED] - Text 'Service Fee Acceptance' is present on page  using regular expression

2024-02-06 16:57:09 - [TEST_STEP][PASSED] - verifyTextPresent("This transaction is subject to a Service Fee of ", true): Text 'This transaction is subject to a Service Fee of ' is present on page  using regular expression

2024-02-06 16:57:09 - [MESSAGE][PASSED] - Text 'This transaction is subject to a Service Fee of ' is present on page  using regular expression

2024-02-06 16:57:09 - [TEST_STEP][PASSED] - verifyTextPresent("Payment Amount:", true): Text 'Payment Amount:' is present on page  using regular expression

2024-02-06 16:57:09 - [MESSAGE][PASSED] - Text 'Payment Amount:' is present on page  using regular expression

2024-02-06 16:57:09 - [TEST_STEP][PASSED] - verifyTextPresent("100.00", true): Text '100.00' is present on page  using regular expression

2024-02-06 16:57:10 - [MESSAGE][PASSED] - Text '100.00' is present on page  using regular expression

2024-02-06 16:57:10 - [TEST_STEP][PASSED] - verifyTextPresent("Service Fee:", true): Text 'Service Fee:' is present on page  using regular expression

2024-02-06 16:57:10 - [MESSAGE][PASSED] - Text 'Service Fee:' is present on page  using regular expression

2024-02-06 16:57:10 - [TEST_STEP][PASSED] - verifyTextPresent("2.45", true): Text '2.45' is present on page  using regular expression

2024-02-06 16:57:10 - [MESSAGE][PASSED] - Text '2.45' is present on page  using regular expression

2024-02-06 16:57:10 - [TEST_STEP][PASSED] - verifyTextPresent("Total Amount:", true): Text 'Total Amount:' is present on page  using regular expression

2024-02-06 16:57:10 - [MESSAGE][PASSED] - Text 'Total Amount:' is present on page  using regular expression

2024-02-06 16:57:10 - [TEST_STEP][PASSED] - verifyTextPresent("102.45", true): Text '102.45' is present on page  using regular expression

2024-02-06 16:57:11 - [MESSAGE][PASSED] - Text '102.45' is present on page  using regular expression

2024-02-06 16:57:11 - [TEST_STEP][PASSED] - verifyTextPresent("Two transactions will appear on your bank statement, one in the amount of", true): Text 'Two transactions will appear on your bank statement, one in the amount of' is present on page  using regular expression

2024-02-06 16:57:11 - [MESSAGE][PASSED] - Text 'Two transactions will appear on your bank statement, one in the amount of' is present on page  using regular expression

2024-02-06 16:57:11 - [TEST_STEP][PASSED] - if (verifyElementPresent(findTestObject(orPath_ServiceFeesAccept + "/input_convFeeNotifyAction"), 30)): null

2024-02-06 16:57:11 - [MESSAGE][PASSED] - Object 'Object Repository/RAD_Pages/ServiceFeeAccept_Page/input_convFeeNotifyAction' is present

2024-02-06 16:57:11 - [TEST_STEP][PASSED] - resText = "Pass": null

2024-02-06 16:57:11 - [TEST_STEP][PASSED] - pages.WriteExcel.demoKey(resText, datText, resColumn, datCloumn, fileLoc, nameSheet, row): pages.WriteExcel.demoKey is PASSED

2024-02-06 16:57:11 - [MESSAGE][PASSED] - pages.WriteExcel.demoKey is PASSED

2024-02-06 16:57:11 - [TEST_STEP][PASSED] - if (execProfile == "QAProfile" || execProfile == "QA2Profile"): Text 'Successful Payment Receipt' is present on page  using regular expression

2024-02-06 16:57:11 - [TEST_STEP][PASSED] - click(findTestObject(orPath_ServiceFeesAccept + "/input_convFeeNotifyAction")): Object: 'Object Repository/RAD_Pages/ServiceFeeAccept_Page/input_convFeeNotifyAction' is clicked on

2024-02-06 16:57:12 - [MESSAGE][PASSED] - Object: 'Object Repository/RAD_Pages/ServiceFeeAccept_Page/input_convFeeNotifyAction' is clicked on

2024-02-06 16:57:12 - [TEST_STEP][PASSED] - delay(10): Delayed 10 second(s)

2024-02-06 16:57:22 - [MESSAGE][PASSED] - Delayed 10 second(s)

2024-02-06 16:57:22 - [TEST_STEP][PASSED] - verifyTextPresent("Successful Payment Receipt", true): Text 'Successful Payment Receipt' is present on page  using regular expression

2024-02-06 16:57:22 - [MESSAGE][PASSED] - Text 'Successful Payment Receipt' is present on page  using regular expression

2024-02-06 16:57:22 - [TEST_STEP][PASSED] - ExecuteTC = findTestData(dataFile).getValue("Execute", row): null

2024-02-06 16:57:22 - [TEST_STEP][PASSED] - TaxType = findTestData(dataFile).getValue("TaxType", row): null

2024-02-06 16:57:22 - [TEST_STEP][PASSED] - PaymentType = findTestData(dataFile).getValue("PaymentType", row): null

2024-02-06 16:57:22 - [TEST_STEP][PASSED] - FilingYear = findTestData(dataFile).getValue("Year", row): null

2024-02-06 16:57:23 - [TEST_STEP][PASSED] - feinSSN = findTestData(dataFile).getValue("FeinSsn", row): null

2024-02-06 16:57:23 - [TEST_STEP][PASSED] - if (ExecuteTC.equalsIgnoreCase("Y")): null

2024-02-06 16:57:23 - [TEST_STEP][PASSED] - out.println("Begin Record Number: " + row): null

2024-02-06 16:57:23 - [TEST_STEP][PASSED] - today = new java.util.Date(): null

2024-02-06 16:57:23 - [TEST_STEP][PASSED] - println(today): null

2024-02-06 16:57:23 - [TEST_STEP][PASSED] - datText = today: null

2024-02-06 16:57:23 - [TEST_STEP][PASSED] - logInfo("Payment Type: New Tax Return Amount Due"): Payment Type: New Tax Return Amount Due

2024-02-06 16:57:23 - [MESSAGE][INFO] - Payment Type: New Tax Return Amount Due

2024-02-06 16:57:23 - [TEST_STEP][PASSED] - logInfo("Tax Type: " + TaxType): Tax Type: Corporate Income Tax

2024-02-06 16:57:23 - [MESSAGE][INFO] - Tax Type: Corporate Income Tax

2024-02-06 16:57:23 - [TEST_STEP][PASSED] - openBrowser(""): Browser is opened with url: ''

2024-02-06 16:57:23 - [MESSAGE][WARNING] - A browser is already opened. Closing browser and opening a new one

2024-02-06 16:57:24 - [MESSAGE][INFO] - Starting 'Chrome' driver

2024-02-06 16:57:24 - [MESSAGE][INFO] - User set preference: ['acceptInsecureCerts', 'true']

2024-02-06 16:57:24 - [MESSAGE][INFO] - Action delay is set to 0 milliseconds

2024-02-06 16:57:25 - [MESSAGE][PASSED] - Browser is opened with url: ''

2024-02-06 16:57:25 - [TEST_STEP][PASSED] - maximizeWindow(): Current window maximized

2024-02-06 16:57:25 - [MESSAGE][PASSED] - Current window maximized

2024-02-06 16:57:25 - [TEST_STEP][PASSED] - navigateToUrl(RADurl): Navigate to 'https://qa2.velocitypayment.com/client/rad/index.html' successfully

2024-02-06 16:57:28 - [MESSAGE][PASSED] - Navigate to 'https://qa2.velocitypayment.com/client/rad/index.html' successfully

2024-02-06 16:57:28 - [TEST_STEP][PASSED] - selectOptionByLabel(findTestObject(orPath_Landing + "/dd_TaxType"), "New Tax Return Amount Due", false): All options with label 'New Tax Return Amount Due' are selected in object 'Object Repository/RAD_Pages/Landing_Page/dd_TaxType' 

2024-02-06 16:57:29 - [MESSAGE][PASSED] - All options with label 'New Tax Return Amount Due' are selected in object 'Object Repository/RAD_Pages/Landing_Page/dd_TaxType' 

2024-02-06 16:57:29 - [TEST_STEP][PASSED] - selectOptionByLabel(findTestObject("Object Repository/RAD_Pages/Landing_Page/select_NewTaxReturnAmountDue_TaxType"), TaxType, false): All options with label 'Corporate Income Tax' are selected in object 'Object Repository/RAD_Pages/Landing_Page/select_NewTaxReturnAmountDue_TaxType' 

2024-02-06 16:57:30 - [MESSAGE][PASSED] - All options with label 'Corporate Income Tax' are selected in object 'Object Repository/RAD_Pages/Landing_Page/select_NewTaxReturnAmountDue_TaxType' 

2024-02-06 16:57:30 - [TEST_STEP][PASSED] - selectOptionByLabel(findTestObject(orPath_TaxTypeFilingYear + "/select_FilingYear"), FilingYear, false): All options with label '2023' are selected in object 'Object Repository/RAD_Pages/TaxTypeFilingYear_Page/select_FilingYear' 

2024-02-06 16:57:31 - [MESSAGE][PASSED] - All options with label '2023' are selected in object 'Object Repository/RAD_Pages/TaxTypeFilingYear_Page/select_FilingYear' 

2024-02-06 16:57:31 - [TEST_STEP][PASSED] - rad.getSetDataRAD.setDataRADBusinessName(): rad.getSetDataRAD.setDataRADBusinessName is PASSED

2024-02-06 16:57:32 - [MESSAGE][PASSED] - Text 'My Company' is set on object 'Object Repository/RAD_Pages/Taxpayer_Page/input_businessName'

2024-02-06 16:57:32 - [MESSAGE][PASSED] - rad.getSetDataRAD.setDataRADBusinessName is PASSED

2024-02-06 16:57:32 - [TEST_STEP][PASSED] - rad.getSetDataRAD.setDataRADBusinessRep(): rad.getSetDataRAD.setDataRADBusinessRep is PASSED

2024-02-06 16:57:32 - [MESSAGE][PASSED] - Text 'BusRepFname' is set on object 'Object Repository/RAD_Pages/Taxpayer_Page/input_BusinessRepfirstName'

2024-02-06 16:57:33 - [MESSAGE][PASSED] - Text '' is set on object 'Object Repository/RAD_Pages/Taxpayer_Page/input_BusinessRepmiddleName'

2024-02-06 16:57:34 - [MESSAGE][PASSED] - Text 'BusRepLname' is set on object 'Object Repository/RAD_Pages/Taxpayer_Page/input_BusinessReplastName'

2024-02-06 16:57:35 - [MESSAGE][PASSED] - Text '' is set on object 'Object Repository/RAD_Pages/Taxpayer_Page/input_BusinessRepsuffix'

2024-02-06 16:57:35 - [MESSAGE][PASSED] - rad.getSetDataRAD.setDataRADBusinessRep is PASSED

2024-02-06 16:57:35 - [TEST_STEP][PASSED] - rad.getSetDataRAD.setDataRADAddress(): rad.getSetDataRAD.setDataRADAddress is PASSED

2024-02-06 16:57:35 - [MESSAGE][PASSED] - All options with label 'United States' are selected in object 'Object Repository/RAD_Pages/AddressAndContactInfo_Page/select_Country' 

2024-02-06 16:57:36 - [MESSAGE][PASSED] - Text '2508 Mandan Terrace' is set on object 'Object Repository/RAD_Pages/AddressAndContactInfo_Page/input_streetAddress1'

2024-02-06 16:57:37 - [MESSAGE][PASSED] - Text '' is set on object 'Object Repository/RAD_Pages/AddressAndContactInfo_Page/input_streetAddress2'

2024-02-06 16:57:38 - [MESSAGE][PASSED] - Text 'Gambrills' is set on object 'Object Repository/RAD_Pages/AddressAndContactInfo_Page/input_city'

2024-02-06 16:57:39 - [MESSAGE][PASSED] - All options with label 'Maryland' are selected in object 'Object Repository/RAD_Pages/AddressAndContactInfo_Page/select_State' 

2024-02-06 16:57:39 - [MESSAGE][PASSED] - Text '21054' is set on object 'Object Repository/RAD_Pages/AddressAndContactInfo_Page/input_zipCode'

2024-02-06 16:57:40 - [MESSAGE][PASSED] - Text '(703) 894-5000' is set on object 'Object Repository/RAD_Pages/AddressAndContactInfo_Page/input_phoneNumber'

2024-02-06 16:57:41 - [MESSAGE][PASSED] - Text 'iahmed@govolution.com' is set on object 'Object Repository/RAD_Pages/AddressAndContactInfo_Page/input_eMailAddress'

2024-02-06 16:57:42 - [MESSAGE][PASSED] - Text 'iahmed@govolution.com' is set on object 'Object Repository/RAD_Pages/AddressAndContactInfo_Page/input_reEnterEMailAddress'

2024-02-06 16:57:42 - [MESSAGE][PASSED] - rad.getSetDataRAD.setDataRADAddress is PASSED

2024-02-06 16:57:42 - [TEST_STEP][PASSED] - if (feinSSN.equalsIgnoreCase("Y")): null

2024-02-06 16:57:42 - [TEST_STEP][PASSED] - else: rad.getSetDataRAD.setDataRADFEIN is PASSED

2024-02-06 16:57:42 - [TEST_STEP][PASSED] - if (!(TaxType.equalsIgnoreCase("Estate Tax"))): rad.getSetDataRAD.setDataRADFEIN is PASSED

2024-02-06 16:57:42 - [TEST_STEP][PASSED] - rad.getSetDataRAD.setDataRADFEIN(): rad.getSetDataRAD.setDataRADFEIN is PASSED

2024-02-06 16:57:43 - [MESSAGE][PASSED] - Text ****** has been set on object 'Object Repository/RAD_Pages/TaxInfo_Page/input_FederalEIN'

2024-02-06 16:57:43 - [MESSAGE][PASSED] - Text ****** has been set on object 'Object Repository/RAD_Pages/TaxInfo_Page/input_FederalEIN_ReEnter'

2024-02-06 16:57:43 - [MESSAGE][PASSED] - rad.getSetDataRAD.setDataRADFEIN is PASSED

2024-02-06 16:57:43 - [TEST_STEP][PASSED] - if (TaxType.equalsIgnoreCase("Estate Tax")): null

2024-02-06 16:57:43 - [TEST_STEP][PASSED] - setText(findTestObject(orPath_Amount + "/input__paymentAmount"), "100.00"): Text '100.00' is set on object 'Object Repository/RAD_Pages/PaymentAmount_Page/input__paymentAmount'

2024-02-06 16:57:44 - [MESSAGE][PASSED] - Text '100.00' is set on object 'Object Repository/RAD_Pages/PaymentAmount_Page/input__paymentAmount'

2024-02-06 16:57:44 - [TEST_STEP][PASSED] - setText(findTestObject(orPath_AddressContact + "/input_streetAddress2"), ""): Text '' is set on object 'Object Repository/RAD_Pages/AddressAndContactInfo_Page/input_streetAddress2'

2024-02-06 16:57:45 - [MESSAGE][PASSED] - Text '' is set on object 'Object Repository/RAD_Pages/AddressAndContactInfo_Page/input_streetAddress2'

2024-02-06 16:57:45 - [TEST_STEP][PASSED] - scrollToElement(findTestObject(orPath_Landing + "/button_Continue"), 3): Scroll to object 'Object Repository/RAD_Pages/Landing_Page/button_Continue' successfully

2024-02-06 16:57:45 - [MESSAGE][PASSED] - Scroll to object 'Object Repository/RAD_Pages/Landing_Page/button_Continue' successfully

2024-02-06 16:57:45 - [TEST_STEP][PASSED] - waitForElementClickable(findTestObject(orPath_Landing + "/button_Continue"), 5): Object 'Object Repository/RAD_Pages/Landing_Page/button_Continue' is clickable

2024-02-06 16:57:46 - [MESSAGE][PASSED] - Object 'Object Repository/RAD_Pages/Landing_Page/button_Continue' is clickable

2024-02-06 16:57:46 - [TEST_STEP][PASSED] - click(findTestObject(orPath_Landing + "/button_Continue")): Object: 'Object Repository/RAD_Pages/Landing_Page/button_Continue' is clicked on

2024-02-06 16:57:46 - [MESSAGE][PASSED] - Object: 'Object Repository/RAD_Pages/Landing_Page/button_Continue' is clicked on

2024-02-06 16:57:46 - [TEST_STEP][PASSED] - delay(2): Delayed 2 second(s)

2024-02-06 16:57:48 - [MESSAGE][PASSED] - Delayed 2 second(s)

2024-02-06 16:57:48 - [TEST_STEP][PASSED] - click(findTestObject(orPath_Summary + "/button_Proceed to Payment")): Object: 'Object Repository/RAD_Pages/Summary_Page/button_Proceed to Payment' is clicked on

2024-02-06 16:57:50 - [MESSAGE][PASSED] - Object: 'Object Repository/RAD_Pages/Summary_Page/button_Proceed to Payment' is clicked on

2024-02-06 16:57:50 - [TEST_STEP][PASSED] - if (verifyElementPresent(findTestObject("Object Repository/RAD_Pages/PaymentEntry_Page/input__billingName"), 30)): null

2024-02-06 16:57:51 - [MESSAGE][PASSED] - Object 'Object Repository/RAD_Pages/PaymentEntry_Page/input__billingName' is present

2024-02-06 16:57:51 - [TEST_STEP][PASSED] - verifyTextPresent("Comptroller of Maryland", true): Text 'Comptroller of Maryland' is present on page  using regular expression

2024-02-06 16:57:51 - [MESSAGE][PASSED] - Text 'Comptroller of Maryland' is present on page  using regular expression

2024-02-06 16:57:51 - [TEST_STEP][PASSED] - verifyTextPresent("Revenue Administration Division", true): Text 'Revenue Administration Division' is present on page  using regular expression

2024-02-06 16:57:51 - [MESSAGE][PASSED] - Text 'Revenue Administration Division' is present on page  using regular expression

2024-02-06 16:57:51 - [TEST_STEP][PASSED] - verifyTextPresent("Payment Information", true): Text 'Payment Information' is present on page  using regular expression

2024-02-06 16:57:52 - [MESSAGE][PASSED] - Text 'Payment Information' is present on page  using regular expression

2024-02-06 16:57:52 - [TEST_STEP][PASSED] - card_Name = getAttribute(findTestObject("Object Repository/RAD_Pages/PaymentEntry_Page/input__billingName"), "value"): Attribute 'value' of object 'Object Repository/RAD_Pages/PaymentEntry_Page/input__billingName' is: 'BusRepFname BusRepLname'

2024-02-06 16:57:52 - [MESSAGE][PASSED] - Attribute 'value' of object 'Object Repository/RAD_Pages/PaymentEntry_Page/input__billingName' is: 'BusRepFname BusRepLname'

2024-02-06 16:57:52 - [TEST_STEP][PASSED] - verifyMatch("BusRepFname BusRepLname", card_Name, false): Actual text 'BusRepFname BusRepLname' and expected text 'BusRepFname BusRepLname' are matched 

2024-02-06 16:57:52 - [MESSAGE][PASSED] - Actual text 'BusRepFname BusRepLname' and expected text 'BusRepFname BusRepLname' are matched 

2024-02-06 16:57:52 - [TEST_STEP][PASSED] - AL1 = getAttribute(findTestObject("Object Repository/RAD_Pages/PaymentEntry_Page/input_billingAddress"), "value"): Attribute 'value' of object 'Object Repository/RAD_Pages/PaymentEntry_Page/input_billingAddress' is: '2508 Mandan Terrace'

2024-02-06 16:57:53 - [MESSAGE][PASSED] - Attribute 'value' of object 'Object Repository/RAD_Pages/PaymentEntry_Page/input_billingAddress' is: '2508 Mandan Terrace'

2024-02-06 16:57:53 - [TEST_STEP][PASSED] - verifyMatch("2508 Mandan Terrace", AL1, false): Actual text '2508 Mandan Terrace' and expected text '2508 Mandan Terrace' are matched 

2024-02-06 16:57:53 - [MESSAGE][PASSED] - Actual text '2508 Mandan Terrace' and expected text '2508 Mandan Terrace' are matched 

2024-02-06 16:57:53 - [TEST_STEP][PASSED] - AL2 = getAttribute(findTestObject("Object Repository/RAD_Pages/PaymentEntry_Page/input_billingAddress2"), "value"): Attribute 'value' of object 'Object Repository/RAD_Pages/PaymentEntry_Page/input_billingAddress2' is: ''

2024-02-06 16:57:53 - [MESSAGE][PASSED] - Attribute 'value' of object 'Object Repository/RAD_Pages/PaymentEntry_Page/input_billingAddress2' is: ''

2024-02-06 16:57:53 - [TEST_STEP][PASSED] - verifyMatch("", AL2, false): Actual text '' and expected text '' are matched 

2024-02-06 16:57:53 - [MESSAGE][PASSED] - Actual text '' and expected text '' are matched 

2024-02-06 16:57:53 - [TEST_STEP][PASSED] - zipCode = getAttribute(findTestObject("Object Repository/RAD_Pages/PaymentEntry_Page/input_billingZip"), "value"): Attribute 'value' of object 'Object Repository/RAD_Pages/PaymentEntry_Page/input_billingZip' is: '21054'

2024-02-06 16:57:53 - [MESSAGE][PASSED] - Attribute 'value' of object 'Object Repository/RAD_Pages/PaymentEntry_Page/input_billingZip' is: '21054'

2024-02-06 16:57:53 - [TEST_STEP][PASSED] - verifyMatch("21054", zipCode, false): Actual text '21054' and expected text '21054' are matched 

2024-02-06 16:57:53 - [MESSAGE][PASSED] - Actual text '21054' and expected text '21054' are matched 

2024-02-06 16:57:53 - [TEST_STEP][PASSED] - city = getAttribute(findTestObject("Object Repository/RAD_Pages/PaymentEntry_Page/input_billingCity"), "value"): Attribute 'value' of object 'Object Repository/RAD_Pages/PaymentEntry_Page/input_billingCity' is: 'GAMBRILLS'

2024-02-06 16:57:54 - [MESSAGE][PASSED] - Attribute 'value' of object 'Object Repository/RAD_Pages/PaymentEntry_Page/input_billingCity' is: 'GAMBRILLS'

2024-02-06 16:57:54 - [TEST_STEP][PASSED] - verifyMatch("GAMBRILLS", city, false): Actual text 'GAMBRILLS' and expected text 'GAMBRILLS' are matched 

2024-02-06 16:57:54 - [MESSAGE][PASSED] - Actual text 'GAMBRILLS' and expected text 'GAMBRILLS' are matched 

2024-02-06 16:57:54 - [TEST_STEP][PASSED] - email = getAttribute(findTestObject("Object Repository/RAD_Pages/PaymentEntry_Page/input_emailAddress"), "value"): Attribute 'value' of object 'Object Repository/RAD_Pages/PaymentEntry_Page/input_emailAddress' is: 'iahmed@govolution.com'

2024-02-06 16:57:54 - [MESSAGE][PASSED] - Attribute 'value' of object 'Object Repository/RAD_Pages/PaymentEntry_Page/input_emailAddress' is: 'iahmed@govolution.com'

2024-02-06 16:57:54 - [TEST_STEP][PASSED] - verifyMatch("iahmed@govolution.com", email, false): Actual text 'iahmed@govolution.com' and expected text 'iahmed@govolution.com' are matched 

2024-02-06 16:57:54 - [MESSAGE][PASSED] - Actual text 'iahmed@govolution.com' and expected text 'iahmed@govolution.com' are matched 

2024-02-06 16:57:54 - [TEST_STEP][PASSED] - amount = getAttribute(findTestObject("Object Repository/RAD_Pages/PaymentEntry_Page/input_amount"), "value"): Attribute 'value' of object 'Object Repository/RAD_Pages/PaymentEntry_Page/input_amount' is: '100.00'

2024-02-06 16:57:54 - [MESSAGE][PASSED] - Attribute 'value' of object 'Object Repository/RAD_Pages/PaymentEntry_Page/input_amount' is: '100.00'

2024-02-06 16:57:54 - [TEST_STEP][PASSED] - verifyMatch("100.00", amount, false): Actual text '100.00' and expected text '100.00' are matched 

2024-02-06 16:57:54 - [MESSAGE][PASSED] - Actual text '100.00' and expected text '100.00' are matched 

2024-02-06 16:57:54 - [TEST_STEP][PASSED] - amountReadOnly = getAttribute(findTestObject("Object Repository/RAD_Pages/PaymentEntry_Page/input_amount"), "readonly"): Attribute 'readonly' of object 'Object Repository/RAD_Pages/PaymentEntry_Page/input_amount' is: 'true'

2024-02-06 16:57:54 - [MESSAGE][PASSED] - Attribute 'readonly' of object 'Object Repository/RAD_Pages/PaymentEntry_Page/input_amount' is: 'true'

2024-02-06 16:57:54 - [TEST_STEP][PASSED] - verifyMatch("true", amountReadOnly, false): Actual text 'true' and expected text 'true' are matched 

2024-02-06 16:57:54 - [MESSAGE][PASSED] - Actual text 'true' and expected text 'true' are matched 

2024-02-06 16:57:54 - [TEST_STEP][PASSED] - verifyOptionSelectedByLabel(findTestObject("Object Repository/RAD_Pages/PaymentEntry_Page/select_Country"), "United States", false, 20): All options with label 'United States' are selected in object 'Object Repository/RAD_Pages/PaymentEntry_Page/select_Country' 

2024-02-06 16:57:56 - [MESSAGE][PASSED] - All options with label 'United States' are selected in object 'Object Repository/RAD_Pages/PaymentEntry_Page/select_Country' 

2024-02-06 16:57:56 - [TEST_STEP][PASSED] - verifyOptionSelectedByLabel(findTestObject("Object Repository/RAD_Pages/PaymentEntry_Page/select_State"), "Maryland", false, 20): All options with label 'Maryland' are selected in object 'Object Repository/RAD_Pages/PaymentEntry_Page/select_State' 

2024-02-06 16:57:58 - [MESSAGE][PASSED] - All options with label 'Maryland' are selected in object 'Object Repository/RAD_Pages/PaymentEntry_Page/select_State' 

2024-02-06 16:57:58 - [TEST_STEP][PASSED] - setText(findTestObject(orPath_PaymentEntry + "/input__cardNumber"), "4111111111111111"): Text '4111111111111111' is set on object 'Object Repository/RAD_Pages/PaymentEntry_Page/input__cardNumber'

2024-02-06 16:57:59 - [MESSAGE][PASSED] - Text '4111111111111111' is set on object 'Object Repository/RAD_Pages/PaymentEntry_Page/input__cardNumber'

2024-02-06 16:57:59 - [TEST_STEP][PASSED] - setText(findTestObject(orPath_PaymentEntry + "/input__spc"), "123"): Text '123' is set on object 'Object Repository/RAD_Pages/PaymentEntry_Page/input__spc'

2024-02-06 16:58:00 - [MESSAGE][PASSED] - Text '123' is set on object 'Object Repository/RAD_Pages/PaymentEntry_Page/input__spc'

2024-02-06 16:58:00 - [TEST_STEP][PASSED] - selectOptionByLabel(findTestObject(orPath_PaymentEntry + "/select_MM"), "12", false): All options with label '12' are selected in object 'Object Repository/RAD_Pages/PaymentEntry_Page/select_MM' 

2024-02-06 16:58:00 - [MESSAGE][PASSED] - All options with label '12' are selected in object 'Object Repository/RAD_Pages/PaymentEntry_Page/select_MM' 

2024-02-06 16:58:00 - [TEST_STEP][PASSED] - selectOptionByLabel(findTestObject(orPath_PaymentEntry + "/select_YYYY"), "2028", false): All options with label '2028' are selected in object 'Object Repository/RAD_Pages/PaymentEntry_Page/select_YYYY' 

2024-02-06 16:58:01 - [MESSAGE][PASSED] - All options with label '2028' are selected in object 'Object Repository/RAD_Pages/PaymentEntry_Page/select_YYYY' 

2024-02-06 16:58:01 - [TEST_STEP][PASSED] - click(findTestObject(orPath_PaymentEntry + "/input_Field_ccSubmit")): Object: 'Object Repository/RAD_Pages/PaymentEntry_Page/input_Field_ccSubmit' is clicked on

2024-02-06 16:58:02 - [MESSAGE][PASSED] - Object: 'Object Repository/RAD_Pages/PaymentEntry_Page/input_Field_ccSubmit' is clicked on

2024-02-06 16:58:02 - [TEST_STEP][PASSED] - click(findTestObject(orPath_PaymentConfirmation + "/input_N_confirmNotifyAction")): Object: 'Object Repository/RAD_Pages/PaymentConfirmation_Page/input_N_confirmNotifyAction' is clicked on

2024-02-06 16:58:03 - [MESSAGE][PASSED] - Object: 'Object Repository/RAD_Pages/PaymentConfirmation_Page/input_N_confirmNotifyAction' is clicked on

2024-02-06 16:58:03 - [TEST_STEP][PASSED] - verifyTextPresent("Service Fee Acceptance", true): Text 'Service Fee Acceptance' is present on page  using regular expression

2024-02-06 16:58:03 - [MESSAGE][PASSED] - Text 'Service Fee Acceptance' is present on page  using regular expression

2024-02-06 16:58:03 - [TEST_STEP][PASSED] - verifyTextPresent("This transaction is subject to a Service Fee of ", true): Text 'This transaction is subject to a Service Fee of ' is present on page  using regular expression

2024-02-06 16:58:04 - [MESSAGE][PASSED] - Text 'This transaction is subject to a Service Fee of ' is present on page  using regular expression

2024-02-06 16:58:04 - [TEST_STEP][PASSED] - verifyTextPresent("Payment Amount:", true): Text 'Payment Amount:' is present on page  using regular expression

2024-02-06 16:58:04 - [MESSAGE][PASSED] - Text 'Payment Amount:' is present on page  using regular expression

2024-02-06 16:58:04 - [TEST_STEP][PASSED] - verifyTextPresent("100.00", true): Text '100.00' is present on page  using regular expression

2024-02-06 16:58:04 - [MESSAGE][PASSED] - Text '100.00' is present on page  using regular expression

2024-02-06 16:58:04 - [TEST_STEP][PASSED] - verifyTextPresent("Service Fee:", true): Text 'Service Fee:' is present on page  using regular expression

2024-02-06 16:58:04 - [MESSAGE][PASSED] - Text 'Service Fee:' is present on page  using regular expression

2024-02-06 16:58:04 - [TEST_STEP][PASSED] - verifyTextPresent("2.45", true): Text '2.45' is present on page  using regular expression

2024-02-06 16:58:05 - [MESSAGE][PASSED] - Text '2.45' is present on page  using regular expression

2024-02-06 16:58:05 - [TEST_STEP][PASSED] - verifyTextPresent("Total Amount:", true): Text 'Total Amount:' is present on page  using regular expression

2024-02-06 16:58:05 - [MESSAGE][PASSED] - Text 'Total Amount:' is present on page  using regular expression

2024-02-06 16:58:05 - [TEST_STEP][PASSED] - verifyTextPresent("102.45", true): Text '102.45' is present on page  using regular expression

2024-02-06 16:58:05 - [MESSAGE][PASSED] - Text '102.45' is present on page  using regular expression

2024-02-06 16:58:05 - [TEST_STEP][PASSED] - verifyTextPresent("Two transactions will appear on your bank statement, one in the amount of", true): Text 'Two transactions will appear on your bank statement, one in the amount of' is present on page  using regular expression

2024-02-06 16:58:06 - [MESSAGE][PASSED] - Text 'Two transactions will appear on your bank statement, one in the amount of' is present on page  using regular expression

2024-02-06 16:58:06 - [TEST_STEP][PASSED] - if (verifyElementPresent(findTestObject(orPath_ServiceFeesAccept + "/input_convFeeNotifyAction"), 30)): null

2024-02-06 16:58:06 - [MESSAGE][PASSED] - Object 'Object Repository/RAD_Pages/ServiceFeeAccept_Page/input_convFeeNotifyAction' is present

2024-02-06 16:58:06 - [TEST_STEP][PASSED] - resText = "Pass": null

2024-02-06 16:58:06 - [TEST_STEP][PASSED] - pages.WriteExcel.demoKey(resText, datText, resColumn, datCloumn, fileLoc, nameSheet, row): pages.WriteExcel.demoKey is PASSED

2024-02-06 16:58:06 - [MESSAGE][PASSED] - pages.WriteExcel.demoKey is PASSED

2024-02-06 16:58:06 - [TEST_STEP][PASSED] - if (execProfile == "QAProfile" || execProfile == "QA2Profile"): Text 'Successful Payment Receipt' is present on page  using regular expression

2024-02-06 16:58:06 - [TEST_STEP][PASSED] - click(findTestObject(orPath_ServiceFeesAccept + "/input_convFeeNotifyAction")): Object: 'Object Repository/RAD_Pages/ServiceFeeAccept_Page/input_convFeeNotifyAction' is clicked on

2024-02-06 16:58:07 - [MESSAGE][PASSED] - Object: 'Object Repository/RAD_Pages/ServiceFeeAccept_Page/input_convFeeNotifyAction' is clicked on

2024-02-06 16:58:07 - [TEST_STEP][PASSED] - delay(10): Delayed 10 second(s)

2024-02-06 16:58:17 - [MESSAGE][PASSED] - Delayed 10 second(s)

2024-02-06 16:58:17 - [TEST_STEP][PASSED] - verifyTextPresent("Successful Payment Receipt", true): Text 'Successful Payment Receipt' is present on page  using regular expression

2024-02-06 16:58:17 - [MESSAGE][PASSED] - Text 'Successful Payment Receipt' is present on page  using regular expression

2024-02-06 16:58:17 - [TEST_STEP][PASSED] - ExecuteTC = findTestData(dataFile).getValue("Execute", row): null

2024-02-06 16:58:17 - [TEST_STEP][PASSED] - TaxType = findTestData(dataFile).getValue("TaxType", row): null

2024-02-06 16:58:17 - [TEST_STEP][PASSED] - PaymentType = findTestData(dataFile).getValue("PaymentType", row): null

2024-02-06 16:58:17 - [TEST_STEP][PASSED] - FilingYear = findTestData(dataFile).getValue("Year", row): null

2024-02-06 16:58:17 - [TEST_STEP][PASSED] - feinSSN = findTestData(dataFile).getValue("FeinSsn", row): null

2024-02-06 16:58:18 - [TEST_STEP][PASSED] - if (ExecuteTC.equalsIgnoreCase("Y")): null

2024-02-06 16:58:18 - [TEST_STEP][PASSED] - out.println("Begin Record Number: " + row): null

2024-02-06 16:58:18 - [TEST_STEP][PASSED] - today = new java.util.Date(): null

2024-02-06 16:58:18 - [TEST_STEP][PASSED] - println(today): null

2024-02-06 16:58:18 - [TEST_STEP][PASSED] - datText = today: null

2024-02-06 16:58:18 - [TEST_STEP][PASSED] - logInfo("Payment Type: New Tax Return Amount Due"): Payment Type: New Tax Return Amount Due

2024-02-06 16:58:18 - [MESSAGE][INFO] - Payment Type: New Tax Return Amount Due

2024-02-06 16:58:18 - [TEST_STEP][PASSED] - logInfo("Tax Type: " + TaxType): Tax Type: Motor Fuel Tax

2024-02-06 16:58:18 - [MESSAGE][INFO] - Tax Type: Motor Fuel Tax

2024-02-06 16:58:18 - [TEST_STEP][PASSED] - openBrowser(""): Browser is opened with url: ''

2024-02-06 16:58:18 - [MESSAGE][WARNING] - A browser is already opened. Closing browser and opening a new one

2024-02-06 16:58:19 - [MESSAGE][INFO] - Starting 'Chrome' driver

2024-02-06 16:58:19 - [MESSAGE][INFO] - User set preference: ['acceptInsecureCerts', 'true']

2024-02-06 16:58:19 - [MESSAGE][INFO] - Action delay is set to 0 milliseconds

2024-02-06 16:58:20 - [MESSAGE][PASSED] - Browser is opened with url: ''

2024-02-06 16:58:20 - [TEST_STEP][PASSED] - maximizeWindow(): Current window maximized

2024-02-06 16:58:21 - [MESSAGE][PASSED] - Current window maximized

2024-02-06 16:58:21 - [TEST_STEP][PASSED] - navigateToUrl(RADurl): Navigate to 'https://qa2.velocitypayment.com/client/rad/index.html' successfully

2024-02-06 16:58:22 - [MESSAGE][PASSED] - Navigate to 'https://qa2.velocitypayment.com/client/rad/index.html' successfully

2024-02-06 16:58:22 - [TEST_STEP][PASSED] - selectOptionByLabel(findTestObject(orPath_Landing + "/dd_TaxType"), "New Tax Return Amount Due", false): All options with label 'New Tax Return Amount Due' are selected in object 'Object Repository/RAD_Pages/Landing_Page/dd_TaxType' 

2024-02-06 16:58:23 - [MESSAGE][PASSED] - All options with label 'New Tax Return Amount Due' are selected in object 'Object Repository/RAD_Pages/Landing_Page/dd_TaxType' 

2024-02-06 16:58:23 - [TEST_STEP][PASSED] - selectOptionByLabel(findTestObject("Object Repository/RAD_Pages/Landing_Page/select_NewTaxReturnAmountDue_TaxType"), TaxType, false): All options with label 'Motor Fuel Tax' are selected in object 'Object Repository/RAD_Pages/Landing_Page/select_NewTaxReturnAmountDue_TaxType' 

2024-02-06 16:58:24 - [MESSAGE][PASSED] - All options with label 'Motor Fuel Tax' are selected in object 'Object Repository/RAD_Pages/Landing_Page/select_NewTaxReturnAmountDue_TaxType' 

2024-02-06 16:58:24 - [TEST_STEP][PASSED] - selectOptionByLabel(findTestObject(orPath_TaxTypeFilingYear + "/select_FilingYear"), FilingYear, false): All options with label '2023' are selected in object 'Object Repository/RAD_Pages/TaxTypeFilingYear_Page/select_FilingYear' 

2024-02-06 16:58:25 - [MESSAGE][PASSED] - All options with label '2023' are selected in object 'Object Repository/RAD_Pages/TaxTypeFilingYear_Page/select_FilingYear' 

2024-02-06 16:58:25 - [TEST_STEP][PASSED] - rad.getSetDataRAD.setDataRADBusinessName(): rad.getSetDataRAD.setDataRADBusinessName is PASSED

2024-02-06 16:58:25 - [MESSAGE][PASSED] - Text 'My Company' is set on object 'Object Repository/RAD_Pages/Taxpayer_Page/input_businessName'

2024-02-06 16:58:25 - [MESSAGE][PASSED] - rad.getSetDataRAD.setDataRADBusinessName is PASSED

2024-02-06 16:58:25 - [TEST_STEP][PASSED] - rad.getSetDataRAD.setDataRADBusinessRep(): rad.getSetDataRAD.setDataRADBusinessRep is PASSED

2024-02-06 16:58:26 - [MESSAGE][PASSED] - Text 'BusRepFname' is set on object 'Object Repository/RAD_Pages/Taxpayer_Page/input_BusinessRepfirstName'

2024-02-06 16:58:27 - [MESSAGE][PASSED] - Text '' is set on object 'Object Repository/RAD_Pages/Taxpayer_Page/input_BusinessRepmiddleName'

2024-02-06 16:58:28 - [MESSAGE][PASSED] - Text 'BusRepLname' is set on object 'Object Repository/RAD_Pages/Taxpayer_Page/input_BusinessReplastName'

2024-02-06 16:58:28 - [MESSAGE][PASSED] - Text '' is set on object 'Object Repository/RAD_Pages/Taxpayer_Page/input_BusinessRepsuffix'

2024-02-06 16:58:28 - [MESSAGE][PASSED] - rad.getSetDataRAD.setDataRADBusinessRep is PASSED

2024-02-06 16:58:28 - [TEST_STEP][PASSED] - rad.getSetDataRAD.setDataRADAddress(): rad.getSetDataRAD.setDataRADAddress is PASSED

2024-02-06 16:58:29 - [MESSAGE][PASSED] - All options with label 'United States' are selected in object 'Object Repository/RAD_Pages/AddressAndContactInfo_Page/select_Country' 

2024-02-06 16:58:30 - [MESSAGE][PASSED] - Text '2508 Mandan Terrace' is set on object 'Object Repository/RAD_Pages/AddressAndContactInfo_Page/input_streetAddress1'

2024-02-06 16:58:31 - [MESSAGE][PASSED] - Text '' is set on object 'Object Repository/RAD_Pages/AddressAndContactInfo_Page/input_streetAddress2'

2024-02-06 16:58:31 - [MESSAGE][PASSED] - Text 'Gambrills' is set on object 'Object Repository/RAD_Pages/AddressAndContactInfo_Page/input_city'

2024-02-06 16:58:32 - [MESSAGE][PASSED] - All options with label 'Maryland' are selected in object 'Object Repository/RAD_Pages/AddressAndContactInfo_Page/select_State' 

2024-02-06 16:58:33 - [MESSAGE][PASSED] - Text '21054' is set on object 'Object Repository/RAD_Pages/AddressAndContactInfo_Page/input_zipCode'

2024-02-06 16:58:33 - [MESSAGE][PASSED] - Text '(703) 894-5000' is set on object 'Object Repository/RAD_Pages/AddressAndContactInfo_Page/input_phoneNumber'

2024-02-06 16:58:34 - [MESSAGE][PASSED] - Text 'iahmed@govolution.com' is set on object 'Object Repository/RAD_Pages/AddressAndContactInfo_Page/input_eMailAddress'

2024-02-06 16:58:35 - [MESSAGE][PASSED] - Text 'iahmed@govolution.com' is set on object 'Object Repository/RAD_Pages/AddressAndContactInfo_Page/input_reEnterEMailAddress'

2024-02-06 16:58:35 - [MESSAGE][PASSED] - rad.getSetDataRAD.setDataRADAddress is PASSED

2024-02-06 16:58:35 - [TEST_STEP][PASSED] - if (feinSSN.equalsIgnoreCase("Y")): null

2024-02-06 16:58:35 - [TEST_STEP][PASSED] - else: rad.getSetDataRAD.setDataRADFEIN is PASSED

2024-02-06 16:58:35 - [TEST_STEP][PASSED] - if (!(TaxType.equalsIgnoreCase("Estate Tax"))): rad.getSetDataRAD.setDataRADFEIN is PASSED

2024-02-06 16:58:35 - [TEST_STEP][PASSED] - rad.getSetDataRAD.setDataRADFEIN(): rad.getSetDataRAD.setDataRADFEIN is PASSED

2024-02-06 16:58:36 - [MESSAGE][PASSED] - Text ****** has been set on object 'Object Repository/RAD_Pages/TaxInfo_Page/input_FederalEIN'

2024-02-06 16:58:36 - [MESSAGE][PASSED] - Text ****** has been set on object 'Object Repository/RAD_Pages/TaxInfo_Page/input_FederalEIN_ReEnter'

2024-02-06 16:58:36 - [MESSAGE][PASSED] - rad.getSetDataRAD.setDataRADFEIN is PASSED

2024-02-06 16:58:36 - [TEST_STEP][PASSED] - if (TaxType.equalsIgnoreCase("Estate Tax")): null

2024-02-06 16:58:36 - [TEST_STEP][PASSED] - setText(findTestObject(orPath_Amount + "/input__paymentAmount"), "100.00"): Text '100.00' is set on object 'Object Repository/RAD_Pages/PaymentAmount_Page/input__paymentAmount'

2024-02-06 16:58:37 - [MESSAGE][PASSED] - Text '100.00' is set on object 'Object Repository/RAD_Pages/PaymentAmount_Page/input__paymentAmount'

2024-02-06 16:58:37 - [TEST_STEP][PASSED] - setText(findTestObject(orPath_AddressContact + "/input_streetAddress2"), ""): Text '' is set on object 'Object Repository/RAD_Pages/AddressAndContactInfo_Page/input_streetAddress2'

2024-02-06 16:58:38 - [MESSAGE][PASSED] - Text '' is set on object 'Object Repository/RAD_Pages/AddressAndContactInfo_Page/input_streetAddress2'

2024-02-06 16:58:38 - [TEST_STEP][PASSED] - scrollToElement(findTestObject(orPath_Landing + "/button_Continue"), 3): Scroll to object 'Object Repository/RAD_Pages/Landing_Page/button_Continue' successfully

2024-02-06 16:58:38 - [MESSAGE][PASSED] - Scroll to object 'Object Repository/RAD_Pages/Landing_Page/button_Continue' successfully

2024-02-06 16:58:38 - [TEST_STEP][PASSED] - waitForElementClickable(findTestObject(orPath_Landing + "/button_Continue"), 5): Object 'Object Repository/RAD_Pages/Landing_Page/button_Continue' is clickable

2024-02-06 16:58:39 - [MESSAGE][PASSED] - Object 'Object Repository/RAD_Pages/Landing_Page/button_Continue' is clickable

2024-02-06 16:58:39 - [TEST_STEP][PASSED] - click(findTestObject(orPath_Landing + "/button_Continue")): Object: 'Object Repository/RAD_Pages/Landing_Page/button_Continue' is clicked on

2024-02-06 16:58:39 - [MESSAGE][PASSED] - Object: 'Object Repository/RAD_Pages/Landing_Page/button_Continue' is clicked on

2024-02-06 16:58:39 - [TEST_STEP][PASSED] - delay(2): Delayed 2 second(s)

2024-02-06 16:58:41 - [MESSAGE][PASSED] - Delayed 2 second(s)

2024-02-06 16:58:41 - [TEST_STEP][PASSED] - click(findTestObject(orPath_Summary + "/button_Proceed to Payment")): Object: 'Object Repository/RAD_Pages/Summary_Page/button_Proceed to Payment' is clicked on

2024-02-06 16:58:43 - [MESSAGE][PASSED] - Object: 'Object Repository/RAD_Pages/Summary_Page/button_Proceed to Payment' is clicked on

2024-02-06 16:58:43 - [TEST_STEP][PASSED] - if (verifyElementPresent(findTestObject("Object Repository/RAD_Pages/PaymentEntry_Page/input__billingName"), 30)): null

2024-02-06 16:58:43 - [MESSAGE][PASSED] - Object 'Object Repository/RAD_Pages/PaymentEntry_Page/input__billingName' is present

2024-02-06 16:58:43 - [TEST_STEP][PASSED] - verifyTextPresent("Comptroller of Maryland", true): Text 'Comptroller of Maryland' is present on page  using regular expression

2024-02-06 16:58:44 - [MESSAGE][PASSED] - Text 'Comptroller of Maryland' is present on page  using regular expression

2024-02-06 16:58:44 - [TEST_STEP][PASSED] - verifyTextPresent("Revenue Administration Division", true): Text 'Revenue Administration Division' is present on page  using regular expression

2024-02-06 16:58:44 - [MESSAGE][PASSED] - Text 'Revenue Administration Division' is present on page  using regular expression

2024-02-06 16:58:44 - [TEST_STEP][PASSED] - verifyTextPresent("Payment Information", true): Text 'Payment Information' is present on page  using regular expression

2024-02-06 16:58:44 - [MESSAGE][PASSED] - Text 'Payment Information' is present on page  using regular expression

2024-02-06 16:58:44 - [TEST_STEP][PASSED] - card_Name = getAttribute(findTestObject("Object Repository/RAD_Pages/PaymentEntry_Page/input__billingName"), "value"): Attribute 'value' of object 'Object Repository/RAD_Pages/PaymentEntry_Page/input__billingName' is: 'BusRepFname BusRepLname'

2024-02-06 16:58:45 - [MESSAGE][PASSED] - Attribute 'value' of object 'Object Repository/RAD_Pages/PaymentEntry_Page/input__billingName' is: 'BusRepFname BusRepLname'

2024-02-06 16:58:45 - [TEST_STEP][PASSED] - verifyMatch("BusRepFname BusRepLname", card_Name, false): Actual text 'BusRepFname BusRepLname' and expected text 'BusRepFname BusRepLname' are matched 

2024-02-06 16:58:45 - [MESSAGE][PASSED] - Actual text 'BusRepFname BusRepLname' and expected text 'BusRepFname BusRepLname' are matched 

2024-02-06 16:58:45 - [TEST_STEP][PASSED] - AL1 = getAttribute(findTestObject("Object Repository/RAD_Pages/PaymentEntry_Page/input_billingAddress"), "value"): Attribute 'value' of object 'Object Repository/RAD_Pages/PaymentEntry_Page/input_billingAddress' is: '2508 Mandan Terrace'

2024-02-06 16:58:45 - [MESSAGE][PASSED] - Attribute 'value' of object 'Object Repository/RAD_Pages/PaymentEntry_Page/input_billingAddress' is: '2508 Mandan Terrace'

2024-02-06 16:58:45 - [TEST_STEP][PASSED] - verifyMatch("2508 Mandan Terrace", AL1, false): Actual text '2508 Mandan Terrace' and expected text '2508 Mandan Terrace' are matched 

2024-02-06 16:58:45 - [MESSAGE][PASSED] - Actual text '2508 Mandan Terrace' and expected text '2508 Mandan Terrace' are matched 

2024-02-06 16:58:45 - [TEST_STEP][PASSED] - AL2 = getAttribute(findTestObject("Object Repository/RAD_Pages/PaymentEntry_Page/input_billingAddress2"), "value"): Attribute 'value' of object 'Object Repository/RAD_Pages/PaymentEntry_Page/input_billingAddress2' is: ''

2024-02-06 16:58:45 - [MESSAGE][PASSED] - Attribute 'value' of object 'Object Repository/RAD_Pages/PaymentEntry_Page/input_billingAddress2' is: ''

2024-02-06 16:58:45 - [TEST_STEP][PASSED] - verifyMatch("", AL2, false): Actual text '' and expected text '' are matched 

2024-02-06 16:58:45 - [MESSAGE][PASSED] - Actual text '' and expected text '' are matched 

2024-02-06 16:58:45 - [TEST_STEP][PASSED] - zipCode = getAttribute(findTestObject("Object Repository/RAD_Pages/PaymentEntry_Page/input_billingZip"), "value"): Attribute 'value' of object 'Object Repository/RAD_Pages/PaymentEntry_Page/input_billingZip' is: '21054'

2024-02-06 16:58:46 - [MESSAGE][PASSED] - Attribute 'value' of object 'Object Repository/RAD_Pages/PaymentEntry_Page/input_billingZip' is: '21054'

2024-02-06 16:58:46 - [TEST_STEP][PASSED] - verifyMatch("21054", zipCode, false): Actual text '21054' and expected text '21054' are matched 

2024-02-06 16:58:46 - [MESSAGE][PASSED] - Actual text '21054' and expected text '21054' are matched 

2024-02-06 16:58:46 - [TEST_STEP][PASSED] - city = getAttribute(findTestObject("Object Repository/RAD_Pages/PaymentEntry_Page/input_billingCity"), "value"): Attribute 'value' of object 'Object Repository/RAD_Pages/PaymentEntry_Page/input_billingCity' is: 'GAMBRILLS'

2024-02-06 16:58:46 - [MESSAGE][PASSED] - Attribute 'value' of object 'Object Repository/RAD_Pages/PaymentEntry_Page/input_billingCity' is: 'GAMBRILLS'

2024-02-06 16:58:46 - [TEST_STEP][PASSED] - verifyMatch("GAMBRILLS", city, false): Actual text 'GAMBRILLS' and expected text 'GAMBRILLS' are matched 

2024-02-06 16:58:46 - [MESSAGE][PASSED] - Actual text 'GAMBRILLS' and expected text 'GAMBRILLS' are matched 

2024-02-06 16:58:46 - [TEST_STEP][PASSED] - email = getAttribute(findTestObject("Object Repository/RAD_Pages/PaymentEntry_Page/input_emailAddress"), "value"): Attribute 'value' of object 'Object Repository/RAD_Pages/PaymentEntry_Page/input_emailAddress' is: 'iahmed@govolution.com'

2024-02-06 16:58:46 - [MESSAGE][PASSED] - Attribute 'value' of object 'Object Repository/RAD_Pages/PaymentEntry_Page/input_emailAddress' is: 'iahmed@govolution.com'

2024-02-06 16:58:46 - [TEST_STEP][PASSED] - verifyMatch("iahmed@govolution.com", email, false): Actual text 'iahmed@govolution.com' and expected text 'iahmed@govolution.com' are matched 

2024-02-06 16:58:46 - [MESSAGE][PASSED] - Actual text 'iahmed@govolution.com' and expected text 'iahmed@govolution.com' are matched 

2024-02-06 16:58:46 - [TEST_STEP][PASSED] - amount = getAttribute(findTestObject("Object Repository/RAD_Pages/PaymentEntry_Page/input_amount"), "value"): Attribute 'value' of object 'Object Repository/RAD_Pages/PaymentEntry_Page/input_amount' is: '100.00'

2024-02-06 16:58:47 - [MESSAGE][PASSED] - Attribute 'value' of object 'Object Repository/RAD_Pages/PaymentEntry_Page/input_amount' is: '100.00'

2024-02-06 16:58:47 - [TEST_STEP][PASSED] - verifyMatch("100.00", amount, false): Actual text '100.00' and expected text '100.00' are matched 

2024-02-06 16:58:47 - [MESSAGE][PASSED] - Actual text '100.00' and expected text '100.00' are matched 

2024-02-06 16:58:47 - [TEST_STEP][PASSED] - amountReadOnly = getAttribute(findTestObject("Object Repository/RAD_Pages/PaymentEntry_Page/input_amount"), "readonly"): Attribute 'readonly' of object 'Object Repository/RAD_Pages/PaymentEntry_Page/input_amount' is: 'true'

2024-02-06 16:58:47 - [MESSAGE][PASSED] - Attribute 'readonly' of object 'Object Repository/RAD_Pages/PaymentEntry_Page/input_amount' is: 'true'

2024-02-06 16:58:47 - [TEST_STEP][PASSED] - verifyMatch("true", amountReadOnly, false): Actual text 'true' and expected text 'true' are matched 

2024-02-06 16:58:47 - [MESSAGE][PASSED] - Actual text 'true' and expected text 'true' are matched 

2024-02-06 16:58:47 - [TEST_STEP][PASSED] - verifyOptionSelectedByLabel(findTestObject("Object Repository/RAD_Pages/PaymentEntry_Page/select_Country"), "United States", false, 20): All options with label 'United States' are selected in object 'Object Repository/RAD_Pages/PaymentEntry_Page/select_Country' 

2024-02-06 16:58:48 - [MESSAGE][PASSED] - All options with label 'United States' are selected in object 'Object Repository/RAD_Pages/PaymentEntry_Page/select_Country' 

2024-02-06 16:58:48 - [TEST_STEP][PASSED] - verifyOptionSelectedByLabel(findTestObject("Object Repository/RAD_Pages/PaymentEntry_Page/select_State"), "Maryland", false, 20): All options with label 'Maryland' are selected in object 'Object Repository/RAD_Pages/PaymentEntry_Page/select_State' 

2024-02-06 16:58:51 - [MESSAGE][PASSED] - All options with label 'Maryland' are selected in object 'Object Repository/RAD_Pages/PaymentEntry_Page/select_State' 

2024-02-06 16:58:51 - [TEST_STEP][PASSED] - setText(findTestObject(orPath_PaymentEntry + "/input__cardNumber"), "4111111111111111"): Text '4111111111111111' is set on object 'Object Repository/RAD_Pages/PaymentEntry_Page/input__cardNumber'

2024-02-06 16:58:52 - [MESSAGE][PASSED] - Text '4111111111111111' is set on object 'Object Repository/RAD_Pages/PaymentEntry_Page/input__cardNumber'

2024-02-06 16:58:52 - [TEST_STEP][PASSED] - setText(findTestObject(orPath_PaymentEntry + "/input__spc"), "123"): Text '123' is set on object 'Object Repository/RAD_Pages/PaymentEntry_Page/input__spc'

2024-02-06 16:58:52 - [MESSAGE][PASSED] - Text '123' is set on object 'Object Repository/RAD_Pages/PaymentEntry_Page/input__spc'

2024-02-06 16:58:52 - [TEST_STEP][PASSED] - selectOptionByLabel(findTestObject(orPath_PaymentEntry + "/select_MM"), "12", false): All options with label '12' are selected in object 'Object Repository/RAD_Pages/PaymentEntry_Page/select_MM' 

2024-02-06 16:58:53 - [MESSAGE][PASSED] - All options with label '12' are selected in object 'Object Repository/RAD_Pages/PaymentEntry_Page/select_MM' 

2024-02-06 16:58:53 - [TEST_STEP][PASSED] - selectOptionByLabel(findTestObject(orPath_PaymentEntry + "/select_YYYY"), "2028", false): All options with label '2028' are selected in object 'Object Repository/RAD_Pages/PaymentEntry_Page/select_YYYY' 

2024-02-06 16:58:54 - [MESSAGE][PASSED] - All options with label '2028' are selected in object 'Object Repository/RAD_Pages/PaymentEntry_Page/select_YYYY' 

2024-02-06 16:58:54 - [TEST_STEP][PASSED] - click(findTestObject(orPath_PaymentEntry + "/input_Field_ccSubmit")): Object: 'Object Repository/RAD_Pages/PaymentEntry_Page/input_Field_ccSubmit' is clicked on

2024-02-06 16:58:55 - [MESSAGE][PASSED] - Object: 'Object Repository/RAD_Pages/PaymentEntry_Page/input_Field_ccSubmit' is clicked on

2024-02-06 16:58:55 - [TEST_STEP][PASSED] - click(findTestObject(orPath_PaymentConfirmation + "/input_N_confirmNotifyAction")): Object: 'Object Repository/RAD_Pages/PaymentConfirmation_Page/input_N_confirmNotifyAction' is clicked on

2024-02-06 16:58:56 - [MESSAGE][PASSED] - Object: 'Object Repository/RAD_Pages/PaymentConfirmation_Page/input_N_confirmNotifyAction' is clicked on

2024-02-06 16:58:56 - [TEST_STEP][PASSED] - verifyTextPresent("Service Fee Acceptance", true): Text 'Service Fee Acceptance' is present on page  using regular expression

2024-02-06 16:58:56 - [MESSAGE][PASSED] - Text 'Service Fee Acceptance' is present on page  using regular expression

2024-02-06 16:58:56 - [TEST_STEP][PASSED] - verifyTextPresent("This transaction is subject to a Service Fee of ", true): Text 'This transaction is subject to a Service Fee of ' is present on page  using regular expression

2024-02-06 16:58:57 - [MESSAGE][PASSED] - Text 'This transaction is subject to a Service Fee of ' is present on page  using regular expression

2024-02-06 16:58:57 - [TEST_STEP][PASSED] - verifyTextPresent("Payment Amount:", true): Text 'Payment Amount:' is present on page  using regular expression

2024-02-06 16:58:57 - [MESSAGE][PASSED] - Text 'Payment Amount:' is present on page  using regular expression

2024-02-06 16:58:57 - [TEST_STEP][PASSED] - verifyTextPresent("100.00", true): Text '100.00' is present on page  using regular expression

2024-02-06 16:58:57 - [MESSAGE][PASSED] - Text '100.00' is present on page  using regular expression

2024-02-06 16:58:57 - [TEST_STEP][PASSED] - verifyTextPresent("Service Fee:", true): Text 'Service Fee:' is present on page  using regular expression

2024-02-06 16:58:57 - [MESSAGE][PASSED] - Text 'Service Fee:' is present on page  using regular expression

2024-02-06 16:58:57 - [TEST_STEP][PASSED] - verifyTextPresent("2.45", true): Text '2.45' is present on page  using regular expression

2024-02-06 16:58:58 - [MESSAGE][PASSED] - Text '2.45' is present on page  using regular expression

2024-02-06 16:58:58 - [TEST_STEP][PASSED] - verifyTextPresent("Total Amount:", true): Text 'Total Amount:' is present on page  using regular expression

2024-02-06 16:58:58 - [MESSAGE][PASSED] - Text 'Total Amount:' is present on page  using regular expression

2024-02-06 16:58:58 - [TEST_STEP][PASSED] - verifyTextPresent("102.45", true): Text '102.45' is present on page  using regular expression

2024-02-06 16:58:58 - [MESSAGE][PASSED] - Text '102.45' is present on page  using regular expression

2024-02-06 16:58:58 - [TEST_STEP][PASSED] - verifyTextPresent("Two transactions will appear on your bank statement, one in the amount of", true): Text 'Two transactions will appear on your bank statement, one in the amount of' is present on page  using regular expression

2024-02-06 16:58:58 - [MESSAGE][PASSED] - Text 'Two transactions will appear on your bank statement, one in the amount of' is present on page  using regular expression

2024-02-06 16:58:58 - [TEST_STEP][PASSED] - if (verifyElementPresent(findTestObject(orPath_ServiceFeesAccept + "/input_convFeeNotifyAction"), 30)): null

2024-02-06 16:58:59 - [MESSAGE][PASSED] - Object 'Object Repository/RAD_Pages/ServiceFeeAccept_Page/input_convFeeNotifyAction' is present

2024-02-06 16:58:59 - [TEST_STEP][PASSED] - resText = "Pass": null

2024-02-06 16:58:59 - [TEST_STEP][PASSED] - pages.WriteExcel.demoKey(resText, datText, resColumn, datCloumn, fileLoc, nameSheet, row): pages.WriteExcel.demoKey is PASSED

2024-02-06 16:58:59 - [MESSAGE][PASSED] - pages.WriteExcel.demoKey is PASSED

2024-02-06 16:58:59 - [TEST_STEP][PASSED] - if (execProfile == "QAProfile" || execProfile == "QA2Profile"): Text 'Successful Payment Receipt' is present on page  using regular expression

2024-02-06 16:58:59 - [TEST_STEP][PASSED] - click(findTestObject(orPath_ServiceFeesAccept + "/input_convFeeNotifyAction")): Object: 'Object Repository/RAD_Pages/ServiceFeeAccept_Page/input_convFeeNotifyAction' is clicked on

2024-02-06 16:59:00 - [MESSAGE][PASSED] - Object: 'Object Repository/RAD_Pages/ServiceFeeAccept_Page/input_convFeeNotifyAction' is clicked on

2024-02-06 16:59:00 - [TEST_STEP][PASSED] - delay(10): Delayed 10 second(s)

2024-02-06 16:59:10 - [MESSAGE][PASSED] - Delayed 10 second(s)

2024-02-06 16:59:10 - [TEST_STEP][PASSED] - verifyTextPresent("Successful Payment Receipt", true): Text 'Successful Payment Receipt' is present on page  using regular expression

2024-02-06 16:59:10 - [MESSAGE][PASSED] - Text 'Successful Payment Receipt' is present on page  using regular expression

2024-02-06 16:59:10 - [TEST_STEP][PASSED] - ExecuteTC = findTestData(dataFile).getValue("Execute", row): null

2024-02-06 16:59:10 - [TEST_STEP][PASSED] - TaxType = findTestData(dataFile).getValue("TaxType", row): null

2024-02-06 16:59:10 - [TEST_STEP][PASSED] - PaymentType = findTestData(dataFile).getValue("PaymentType", row): null

2024-02-06 16:59:10 - [TEST_STEP][PASSED] - FilingYear = findTestData(dataFile).getValue("Year", row): null

2024-02-06 16:59:10 - [TEST_STEP][PASSED] - feinSSN = findTestData(dataFile).getValue("FeinSsn", row): null

2024-02-06 16:59:10 - [TEST_STEP][PASSED] - if (ExecuteTC.equalsIgnoreCase("Y")): null

2024-02-06 16:59:10 - [TEST_STEP][PASSED] - out.println("Begin Record Number: " + row): null

2024-02-06 16:59:10 - [TEST_STEP][PASSED] - today = new java.util.Date(): null

2024-02-06 16:59:10 - [TEST_STEP][PASSED] - println(today): null

2024-02-06 16:59:10 - [TEST_STEP][PASSED] - datText = today: null

2024-02-06 16:59:10 - [TEST_STEP][PASSED] - logInfo("Payment Type: New Tax Return Amount Due"): Payment Type: New Tax Return Amount Due

2024-02-06 16:59:10 - [MESSAGE][INFO] - Payment Type: New Tax Return Amount Due

2024-02-06 16:59:10 - [TEST_STEP][PASSED] - logInfo("Tax Type: " + TaxType): Tax Type: Sales and Use Tax

2024-02-06 16:59:10 - [MESSAGE][INFO] - Tax Type: Sales and Use Tax

2024-02-06 16:59:10 - [TEST_STEP][PASSED] - openBrowser(""): Browser is opened with url: ''

2024-02-06 16:59:10 - [MESSAGE][WARNING] - A browser is already opened. Closing browser and opening a new one

2024-02-06 16:59:11 - [MESSAGE][INFO] - Starting 'Chrome' driver

2024-02-06 16:59:11 - [MESSAGE][INFO] - User set preference: ['acceptInsecureCerts', 'true']

2024-02-06 16:59:11 - [MESSAGE][INFO] - Action delay is set to 0 milliseconds

2024-02-06 16:59:13 - [MESSAGE][PASSED] - Browser is opened with url: ''

2024-02-06 16:59:13 - [TEST_STEP][PASSED] - maximizeWindow(): Current window maximized

2024-02-06 16:59:13 - [MESSAGE][PASSED] - Current window maximized

2024-02-06 16:59:13 - [TEST_STEP][PASSED] - navigateToUrl(RADurl): Navigate to 'https://qa2.velocitypayment.com/client/rad/index.html' successfully

2024-02-06 16:59:15 - [MESSAGE][PASSED] - Navigate to 'https://qa2.velocitypayment.com/client/rad/index.html' successfully

2024-02-06 16:59:15 - [TEST_STEP][PASSED] - selectOptionByLabel(findTestObject(orPath_Landing + "/dd_TaxType"), "New Tax Return Amount Due", false): All options with label 'New Tax Return Amount Due' are selected in object 'Object Repository/RAD_Pages/Landing_Page/dd_TaxType' 

2024-02-06 16:59:15 - [MESSAGE][PASSED] - All options with label 'New Tax Return Amount Due' are selected in object 'Object Repository/RAD_Pages/Landing_Page/dd_TaxType' 

2024-02-06 16:59:15 - [TEST_STEP][PASSED] - selectOptionByLabel(findTestObject("Object Repository/RAD_Pages/Landing_Page/select_NewTaxReturnAmountDue_TaxType"), TaxType, false): All options with label 'Sales and Use Tax' are selected in object 'Object Repository/RAD_Pages/Landing_Page/select_NewTaxReturnAmountDue_TaxType' 

2024-02-06 16:59:16 - [MESSAGE][PASSED] - All options with label 'Sales and Use Tax' are selected in object 'Object Repository/RAD_Pages/Landing_Page/select_NewTaxReturnAmountDue_TaxType' 

2024-02-06 16:59:16 - [TEST_STEP][PASSED] - selectOptionByLabel(findTestObject(orPath_TaxTypeFilingYear + "/select_FilingYear"), FilingYear, false): All options with label '2023' are selected in object 'Object Repository/RAD_Pages/TaxTypeFilingYear_Page/select_FilingYear' 

2024-02-06 16:59:17 - [MESSAGE][PASSED] - All options with label '2023' are selected in object 'Object Repository/RAD_Pages/TaxTypeFilingYear_Page/select_FilingYear' 

2024-02-06 16:59:17 - [TEST_STEP][PASSED] - rad.getSetDataRAD.setDataRADBusinessName(): rad.getSetDataRAD.setDataRADBusinessName is PASSED

2024-02-06 16:59:18 - [MESSAGE][PASSED] - Text 'My Company' is set on object 'Object Repository/RAD_Pages/Taxpayer_Page/input_businessName'

2024-02-06 16:59:18 - [MESSAGE][PASSED] - rad.getSetDataRAD.setDataRADBusinessName is PASSED

2024-02-06 16:59:18 - [TEST_STEP][PASSED] - rad.getSetDataRAD.setDataRADBusinessRep(): rad.getSetDataRAD.setDataRADBusinessRep is PASSED

2024-02-06 16:59:18 - [MESSAGE][PASSED] - Text 'BusRepFname' is set on object 'Object Repository/RAD_Pages/Taxpayer_Page/input_BusinessRepfirstName'

2024-02-06 16:59:19 - [MESSAGE][PASSED] - Text '' is set on object 'Object Repository/RAD_Pages/Taxpayer_Page/input_BusinessRepmiddleName'

2024-02-06 16:59:20 - [MESSAGE][PASSED] - Text 'BusRepLname' is set on object 'Object Repository/RAD_Pages/Taxpayer_Page/input_BusinessReplastName'

2024-02-06 16:59:21 - [MESSAGE][PASSED] - Text '' is set on object 'Object Repository/RAD_Pages/Taxpayer_Page/input_BusinessRepsuffix'

2024-02-06 16:59:21 - [MESSAGE][PASSED] - rad.getSetDataRAD.setDataRADBusinessRep is PASSED

2024-02-06 16:59:21 - [TEST_STEP][PASSED] - rad.getSetDataRAD.setDataRADAddress(): rad.getSetDataRAD.setDataRADAddress is PASSED

2024-02-06 16:59:21 - [MESSAGE][PASSED] - All options with label 'United States' are selected in object 'Object Repository/RAD_Pages/AddressAndContactInfo_Page/select_Country' 

2024-02-06 16:59:22 - [MESSAGE][PASSED] - Text '2508 Mandan Terrace' is set on object 'Object Repository/RAD_Pages/AddressAndContactInfo_Page/input_streetAddress1'

2024-02-06 16:59:23 - [MESSAGE][PASSED] - Text '' is set on object 'Object Repository/RAD_Pages/AddressAndContactInfo_Page/input_streetAddress2'

2024-02-06 16:59:23 - [MESSAGE][PASSED] - Text 'Gambrills' is set on object 'Object Repository/RAD_Pages/AddressAndContactInfo_Page/input_city'

2024-02-06 16:59:24 - [MESSAGE][PASSED] - All options with label 'Maryland' are selected in object 'Object Repository/RAD_Pages/AddressAndContactInfo_Page/select_State' 

2024-02-06 16:59:25 - [MESSAGE][PASSED] - Text '21054' is set on object 'Object Repository/RAD_Pages/AddressAndContactInfo_Page/input_zipCode'

2024-02-06 16:59:26 - [MESSAGE][PASSED] - Text '(703) 894-5000' is set on object 'Object Repository/RAD_Pages/AddressAndContactInfo_Page/input_phoneNumber'

2024-02-06 16:59:27 - [MESSAGE][PASSED] - Text 'iahmed@govolution.com' is set on object 'Object Repository/RAD_Pages/AddressAndContactInfo_Page/input_eMailAddress'

2024-02-06 16:59:27 - [MESSAGE][PASSED] - Text 'iahmed@govolution.com' is set on object 'Object Repository/RAD_Pages/AddressAndContactInfo_Page/input_reEnterEMailAddress'

2024-02-06 16:59:27 - [MESSAGE][PASSED] - rad.getSetDataRAD.setDataRADAddress is PASSED

2024-02-06 16:59:27 - [TEST_STEP][PASSED] - if (feinSSN.equalsIgnoreCase("Y")): null

2024-02-06 16:59:27 - [TEST_STEP][PASSED] - else: rad.getSetDataRAD.setDataRADFEIN is PASSED

2024-02-06 16:59:27 - [TEST_STEP][PASSED] - if (!(TaxType.equalsIgnoreCase("Estate Tax"))): rad.getSetDataRAD.setDataRADFEIN is PASSED

2024-02-06 16:59:27 - [TEST_STEP][PASSED] - rad.getSetDataRAD.setDataRADFEIN(): rad.getSetDataRAD.setDataRADFEIN is PASSED

2024-02-06 16:59:28 - [MESSAGE][PASSED] - Text ****** has been set on object 'Object Repository/RAD_Pages/TaxInfo_Page/input_FederalEIN'

2024-02-06 16:59:29 - [MESSAGE][PASSED] - Text ****** has been set on object 'Object Repository/RAD_Pages/TaxInfo_Page/input_FederalEIN_ReEnter'

2024-02-06 16:59:29 - [MESSAGE][PASSED] - rad.getSetDataRAD.setDataRADFEIN is PASSED

2024-02-06 16:59:29 - [TEST_STEP][PASSED] - if (TaxType.equalsIgnoreCase("Estate Tax")): null

2024-02-06 16:59:29 - [TEST_STEP][PASSED] - setText(findTestObject(orPath_Amount + "/input__paymentAmount"), "100.00"): Text '100.00' is set on object 'Object Repository/RAD_Pages/PaymentAmount_Page/input__paymentAmount'

2024-02-06 16:59:29 - [MESSAGE][PASSED] - Text '100.00' is set on object 'Object Repository/RAD_Pages/PaymentAmount_Page/input__paymentAmount'

2024-02-06 16:59:29 - [TEST_STEP][PASSED] - setText(findTestObject(orPath_AddressContact + "/input_streetAddress2"), ""): Text '' is set on object 'Object Repository/RAD_Pages/AddressAndContactInfo_Page/input_streetAddress2'

2024-02-06 16:59:30 - [MESSAGE][PASSED] - Text '' is set on object 'Object Repository/RAD_Pages/AddressAndContactInfo_Page/input_streetAddress2'

2024-02-06 16:59:30 - [TEST_STEP][PASSED] - scrollToElement(findTestObject(orPath_Landing + "/button_Continue"), 3): Scroll to object 'Object Repository/RAD_Pages/Landing_Page/button_Continue' successfully

2024-02-06 16:59:31 - [MESSAGE][PASSED] - Scroll to object 'Object Repository/RAD_Pages/Landing_Page/button_Continue' successfully

2024-02-06 16:59:31 - [TEST_STEP][PASSED] - waitForElementClickable(findTestObject(orPath_Landing + "/button_Continue"), 5): Object 'Object Repository/RAD_Pages/Landing_Page/button_Continue' is clickable

2024-02-06 16:59:31 - [MESSAGE][PASSED] - Object 'Object Repository/RAD_Pages/Landing_Page/button_Continue' is clickable

2024-02-06 16:59:31 - [TEST_STEP][PASSED] - click(findTestObject(orPath_Landing + "/button_Continue")): Object: 'Object Repository/RAD_Pages/Landing_Page/button_Continue' is clicked on

2024-02-06 16:59:31 - [MESSAGE][PASSED] - Object: 'Object Repository/RAD_Pages/Landing_Page/button_Continue' is clicked on

2024-02-06 16:59:31 - [TEST_STEP][PASSED] - delay(2): Delayed 2 second(s)

2024-02-06 16:59:33 - [MESSAGE][PASSED] - Delayed 2 second(s)

2024-02-06 16:59:33 - [TEST_STEP][PASSED] - click(findTestObject(orPath_Summary + "/button_Proceed to Payment")): Object: 'Object Repository/RAD_Pages/Summary_Page/button_Proceed to Payment' is clicked on

2024-02-06 16:59:35 - [MESSAGE][PASSED] - Object: 'Object Repository/RAD_Pages/Summary_Page/button_Proceed to Payment' is clicked on

2024-02-06 16:59:35 - [TEST_STEP][PASSED] - if (verifyElementPresent(findTestObject("Object Repository/RAD_Pages/PaymentEntry_Page/input__billingName"), 30)): null

2024-02-06 16:59:35 - [MESSAGE][PASSED] - Object 'Object Repository/RAD_Pages/PaymentEntry_Page/input__billingName' is present

2024-02-06 16:59:35 - [TEST_STEP][PASSED] - verifyTextPresent("Comptroller of Maryland", true): Text 'Comptroller of Maryland' is present on page  using regular expression

2024-02-06 16:59:35 - [MESSAGE][PASSED] - Text 'Comptroller of Maryland' is present on page  using regular expression

2024-02-06 16:59:35 - [TEST_STEP][PASSED] - verifyTextPresent("Revenue Administration Division", true): Text 'Revenue Administration Division' is present on page  using regular expression

2024-02-06 16:59:36 - [MESSAGE][PASSED] - Text 'Revenue Administration Division' is present on page  using regular expression

2024-02-06 16:59:36 - [TEST_STEP][PASSED] - verifyTextPresent("Payment Information", true): Text 'Payment Information' is present on page  using regular expression

2024-02-06 16:59:36 - [MESSAGE][PASSED] - Text 'Payment Information' is present on page  using regular expression

2024-02-06 16:59:36 - [TEST_STEP][PASSED] - card_Name = getAttribute(findTestObject("Object Repository/RAD_Pages/PaymentEntry_Page/input__billingName"), "value"): Attribute 'value' of object 'Object Repository/RAD_Pages/PaymentEntry_Page/input__billingName' is: 'BusRepFname BusRepLname'

2024-02-06 16:59:36 - [MESSAGE][PASSED] - Attribute 'value' of object 'Object Repository/RAD_Pages/PaymentEntry_Page/input__billingName' is: 'BusRepFname BusRepLname'

2024-02-06 16:59:36 - [TEST_STEP][PASSED] - verifyMatch("BusRepFname BusRepLname", card_Name, false): Actual text 'BusRepFname BusRepLname' and expected text 'BusRepFname BusRepLname' are matched 

2024-02-06 16:59:36 - [MESSAGE][PASSED] - Actual text 'BusRepFname BusRepLname' and expected text 'BusRepFname BusRepLname' are matched 

2024-02-06 16:59:36 - [TEST_STEP][PASSED] - AL1 = getAttribute(findTestObject("Object Repository/RAD_Pages/PaymentEntry_Page/input_billingAddress"), "value"): Attribute 'value' of object 'Object Repository/RAD_Pages/PaymentEntry_Page/input_billingAddress' is: '2508 Mandan Terrace'

2024-02-06 16:59:37 - [MESSAGE][PASSED] - Attribute 'value' of object 'Object Repository/RAD_Pages/PaymentEntry_Page/input_billingAddress' is: '2508 Mandan Terrace'

2024-02-06 16:59:37 - [TEST_STEP][PASSED] - verifyMatch("2508 Mandan Terrace", AL1, false): Actual text '2508 Mandan Terrace' and expected text '2508 Mandan Terrace' are matched 

2024-02-06 16:59:37 - [MESSAGE][PASSED] - Actual text '2508 Mandan Terrace' and expected text '2508 Mandan Terrace' are matched 

2024-02-06 16:59:37 - [TEST_STEP][PASSED] - AL2 = getAttribute(findTestObject("Object Repository/RAD_Pages/PaymentEntry_Page/input_billingAddress2"), "value"): Attribute 'value' of object 'Object Repository/RAD_Pages/PaymentEntry_Page/input_billingAddress2' is: ''

2024-02-06 16:59:37 - [MESSAGE][PASSED] - Attribute 'value' of object 'Object Repository/RAD_Pages/PaymentEntry_Page/input_billingAddress2' is: ''

2024-02-06 16:59:37 - [TEST_STEP][PASSED] - verifyMatch("", AL2, false): Actual text '' and expected text '' are matched 

2024-02-06 16:59:37 - [MESSAGE][PASSED] - Actual text '' and expected text '' are matched 

2024-02-06 16:59:37 - [TEST_STEP][PASSED] - zipCode = getAttribute(findTestObject("Object Repository/RAD_Pages/PaymentEntry_Page/input_billingZip"), "value"): Attribute 'value' of object 'Object Repository/RAD_Pages/PaymentEntry_Page/input_billingZip' is: '21054'

2024-02-06 16:59:37 - [MESSAGE][PASSED] - Attribute 'value' of object 'Object Repository/RAD_Pages/PaymentEntry_Page/input_billingZip' is: '21054'

2024-02-06 16:59:37 - [TEST_STEP][PASSED] - verifyMatch("21054", zipCode, false): Actual text '21054' and expected text '21054' are matched 

2024-02-06 16:59:37 - [MESSAGE][PASSED] - Actual text '21054' and expected text '21054' are matched 

2024-02-06 16:59:37 - [TEST_STEP][PASSED] - city = getAttribute(findTestObject("Object Repository/RAD_Pages/PaymentEntry_Page/input_billingCity"), "value"): Attribute 'value' of object 'Object Repository/RAD_Pages/PaymentEntry_Page/input_billingCity' is: 'GAMBRILLS'

2024-02-06 16:59:38 - [MESSAGE][PASSED] - Attribute 'value' of object 'Object Repository/RAD_Pages/PaymentEntry_Page/input_billingCity' is: 'GAMBRILLS'

2024-02-06 16:59:38 - [TEST_STEP][PASSED] - verifyMatch("GAMBRILLS", city, false): Actual text 'GAMBRILLS' and expected text 'GAMBRILLS' are matched 

2024-02-06 16:59:38 - [MESSAGE][PASSED] - Actual text 'GAMBRILLS' and expected text 'GAMBRILLS' are matched 

2024-02-06 16:59:38 - [TEST_STEP][PASSED] - email = getAttribute(findTestObject("Object Repository/RAD_Pages/PaymentEntry_Page/input_emailAddress"), "value"): Attribute 'value' of object 'Object Repository/RAD_Pages/PaymentEntry_Page/input_emailAddress' is: 'iahmed@govolution.com'

2024-02-06 16:59:38 - [MESSAGE][PASSED] - Attribute 'value' of object 'Object Repository/RAD_Pages/PaymentEntry_Page/input_emailAddress' is: 'iahmed@govolution.com'

2024-02-06 16:59:38 - [TEST_STEP][PASSED] - verifyMatch("iahmed@govolution.com", email, false): Actual text 'iahmed@govolution.com' and expected text 'iahmed@govolution.com' are matched 

2024-02-06 16:59:38 - [MESSAGE][PASSED] - Actual text 'iahmed@govolution.com' and expected text 'iahmed@govolution.com' are matched 

2024-02-06 16:59:38 - [TEST_STEP][PASSED] - amount = getAttribute(findTestObject("Object Repository/RAD_Pages/PaymentEntry_Page/input_amount"), "value"): Attribute 'value' of object 'Object Repository/RAD_Pages/PaymentEntry_Page/input_amount' is: '100.00'

2024-02-06 16:59:39 - [MESSAGE][PASSED] - Attribute 'value' of object 'Object Repository/RAD_Pages/PaymentEntry_Page/input_amount' is: '100.00'

2024-02-06 16:59:39 - [TEST_STEP][PASSED] - verifyMatch("100.00", amount, false): Actual text '100.00' and expected text '100.00' are matched 

2024-02-06 16:59:39 - [MESSAGE][PASSED] - Actual text '100.00' and expected text '100.00' are matched 

2024-02-06 16:59:39 - [TEST_STEP][PASSED] - amountReadOnly = getAttribute(findTestObject("Object Repository/RAD_Pages/PaymentEntry_Page/input_amount"), "readonly"): Attribute 'readonly' of object 'Object Repository/RAD_Pages/PaymentEntry_Page/input_amount' is: 'true'

2024-02-06 16:59:39 - [MESSAGE][PASSED] - Attribute 'readonly' of object 'Object Repository/RAD_Pages/PaymentEntry_Page/input_amount' is: 'true'

2024-02-06 16:59:39 - [TEST_STEP][PASSED] - verifyMatch("true", amountReadOnly, false): Actual text 'true' and expected text 'true' are matched 

2024-02-06 16:59:39 - [MESSAGE][PASSED] - Actual text 'true' and expected text 'true' are matched 

2024-02-06 16:59:39 - [TEST_STEP][PASSED] - verifyOptionSelectedByLabel(findTestObject("Object Repository/RAD_Pages/PaymentEntry_Page/select_Country"), "United States", false, 20): All options with label 'United States' are selected in object 'Object Repository/RAD_Pages/PaymentEntry_Page/select_Country' 

2024-02-06 16:59:40 - [MESSAGE][PASSED] - All options with label 'United States' are selected in object 'Object Repository/RAD_Pages/PaymentEntry_Page/select_Country' 

2024-02-06 16:59:40 - [TEST_STEP][PASSED] - verifyOptionSelectedByLabel(findTestObject("Object Repository/RAD_Pages/PaymentEntry_Page/select_State"), "Maryland", false, 20): All options with label 'Maryland' are selected in object 'Object Repository/RAD_Pages/PaymentEntry_Page/select_State' 

2024-02-06 16:59:43 - [MESSAGE][PASSED] - All options with label 'Maryland' are selected in object 'Object Repository/RAD_Pages/PaymentEntry_Page/select_State' 

2024-02-06 16:59:43 - [TEST_STEP][PASSED] - setText(findTestObject(orPath_PaymentEntry + "/input__cardNumber"), "4111111111111111"): Text '4111111111111111' is set on object 'Object Repository/RAD_Pages/PaymentEntry_Page/input__cardNumber'

2024-02-06 16:59:43 - [MESSAGE][PASSED] - Text '4111111111111111' is set on object 'Object Repository/RAD_Pages/PaymentEntry_Page/input__cardNumber'

2024-02-06 16:59:43 - [TEST_STEP][PASSED] - setText(findTestObject(orPath_PaymentEntry + "/input__spc"), "123"): Text '123' is set on object 'Object Repository/RAD_Pages/PaymentEntry_Page/input__spc'

2024-02-06 16:59:44 - [MESSAGE][PASSED] - Text '123' is set on object 'Object Repository/RAD_Pages/PaymentEntry_Page/input__spc'

2024-02-06 16:59:44 - [TEST_STEP][PASSED] - selectOptionByLabel(findTestObject(orPath_PaymentEntry + "/select_MM"), "12", false): All options with label '12' are selected in object 'Object Repository/RAD_Pages/PaymentEntry_Page/select_MM' 

2024-02-06 16:59:45 - [MESSAGE][PASSED] - All options with label '12' are selected in object 'Object Repository/RAD_Pages/PaymentEntry_Page/select_MM' 

2024-02-06 16:59:45 - [TEST_STEP][PASSED] - selectOptionByLabel(findTestObject(orPath_PaymentEntry + "/select_YYYY"), "2028", false): All options with label '2028' are selected in object 'Object Repository/RAD_Pages/PaymentEntry_Page/select_YYYY' 

2024-02-06 16:59:45 - [MESSAGE][PASSED] - All options with label '2028' are selected in object 'Object Repository/RAD_Pages/PaymentEntry_Page/select_YYYY' 

2024-02-06 16:59:45 - [TEST_STEP][PASSED] - click(findTestObject(orPath_PaymentEntry + "/input_Field_ccSubmit")): Object: 'Object Repository/RAD_Pages/PaymentEntry_Page/input_Field_ccSubmit' is clicked on

2024-02-06 16:59:46 - [MESSAGE][PASSED] - Object: 'Object Repository/RAD_Pages/PaymentEntry_Page/input_Field_ccSubmit' is clicked on

2024-02-06 16:59:46 - [TEST_STEP][PASSED] - click(findTestObject(orPath_PaymentConfirmation + "/input_N_confirmNotifyAction")): Object: 'Object Repository/RAD_Pages/PaymentConfirmation_Page/input_N_confirmNotifyAction' is clicked on

2024-02-06 16:59:47 - [MESSAGE][PASSED] - Object: 'Object Repository/RAD_Pages/PaymentConfirmation_Page/input_N_confirmNotifyAction' is clicked on

2024-02-06 16:59:47 - [TEST_STEP][PASSED] - verifyTextPresent("Service Fee Acceptance", true): Text 'Service Fee Acceptance' is present on page  using regular expression

2024-02-06 16:59:48 - [MESSAGE][PASSED] - Text 'Service Fee Acceptance' is present on page  using regular expression

2024-02-06 16:59:48 - [TEST_STEP][PASSED] - verifyTextPresent("This transaction is subject to a Service Fee of ", true): Text 'This transaction is subject to a Service Fee of ' is present on page  using regular expression

2024-02-06 16:59:48 - [MESSAGE][PASSED] - Text 'This transaction is subject to a Service Fee of ' is present on page  using regular expression

2024-02-06 16:59:48 - [TEST_STEP][PASSED] - verifyTextPresent("Payment Amount:", true): Text 'Payment Amount:' is present on page  using regular expression

2024-02-06 16:59:48 - [MESSAGE][PASSED] - Text 'Payment Amount:' is present on page  using regular expression

2024-02-06 16:59:48 - [TEST_STEP][PASSED] - verifyTextPresent("100.00", true): Text '100.00' is present on page  using regular expression

2024-02-06 16:59:49 - [MESSAGE][PASSED] - Text '100.00' is present on page  using regular expression

2024-02-06 16:59:49 - [TEST_STEP][PASSED] - verifyTextPresent("Service Fee:", true): Text 'Service Fee:' is present on page  using regular expression

2024-02-06 16:59:49 - [MESSAGE][PASSED] - Text 'Service Fee:' is present on page  using regular expression

2024-02-06 16:59:49 - [TEST_STEP][PASSED] - verifyTextPresent("2.45", true): Text '2.45' is present on page  using regular expression

2024-02-06 16:59:49 - [MESSAGE][PASSED] - Text '2.45' is present on page  using regular expression

2024-02-06 16:59:49 - [TEST_STEP][PASSED] - verifyTextPresent("Total Amount:", true): Text 'Total Amount:' is present on page  using regular expression

2024-02-06 16:59:49 - [MESSAGE][PASSED] - Text 'Total Amount:' is present on page  using regular expression

2024-02-06 16:59:49 - [TEST_STEP][PASSED] - verifyTextPresent("102.45", true): Text '102.45' is present on page  using regular expression

2024-02-06 16:59:50 - [MESSAGE][PASSED] - Text '102.45' is present on page  using regular expression

2024-02-06 16:59:50 - [TEST_STEP][PASSED] - verifyTextPresent("Two transactions will appear on your bank statement, one in the amount of", true): Text 'Two transactions will appear on your bank statement, one in the amount of' is present on page  using regular expression

2024-02-06 16:59:50 - [MESSAGE][PASSED] - Text 'Two transactions will appear on your bank statement, one in the amount of' is present on page  using regular expression

2024-02-06 16:59:50 - [TEST_STEP][PASSED] - if (verifyElementPresent(findTestObject(orPath_ServiceFeesAccept + "/input_convFeeNotifyAction"), 30)): null

2024-02-06 16:59:50 - [MESSAGE][PASSED] - Object 'Object Repository/RAD_Pages/ServiceFeeAccept_Page/input_convFeeNotifyAction' is present

2024-02-06 16:59:50 - [TEST_STEP][PASSED] - resText = "Pass": null

2024-02-06 16:59:50 - [TEST_STEP][PASSED] - pages.WriteExcel.demoKey(resText, datText, resColumn, datCloumn, fileLoc, nameSheet, row): pages.WriteExcel.demoKey is PASSED

2024-02-06 16:59:51 - [MESSAGE][PASSED] - pages.WriteExcel.demoKey is PASSED

2024-02-06 16:59:51 - [TEST_STEP][PASSED] - if (execProfile == "QAProfile" || execProfile == "QA2Profile"): Text 'Successful Payment Receipt' is present on page  using regular expression

2024-02-06 16:59:51 - [TEST_STEP][PASSED] - click(findTestObject(orPath_ServiceFeesAccept + "/input_convFeeNotifyAction")): Object: 'Object Repository/RAD_Pages/ServiceFeeAccept_Page/input_convFeeNotifyAction' is clicked on

2024-02-06 16:59:52 - [MESSAGE][PASSED] - Object: 'Object Repository/RAD_Pages/ServiceFeeAccept_Page/input_convFeeNotifyAction' is clicked on

2024-02-06 16:59:52 - [TEST_STEP][PASSED] - delay(10): Delayed 10 second(s)

2024-02-06 17:00:02 - [MESSAGE][PASSED] - Delayed 10 second(s)

2024-02-06 17:00:02 - [TEST_STEP][PASSED] - verifyTextPresent("Successful Payment Receipt", true): Text 'Successful Payment Receipt' is present on page  using regular expression

2024-02-06 17:00:02 - [MESSAGE][PASSED] - Text 'Successful Payment Receipt' is present on page  using regular expression

2024-02-06 17:00:02 - [TEST_STEP][PASSED] - ExecuteTC = findTestData(dataFile).getValue("Execute", row): null

2024-02-06 17:00:02 - [TEST_STEP][PASSED] - TaxType = findTestData(dataFile).getValue("TaxType", row): null

2024-02-06 17:00:02 - [TEST_STEP][PASSED] - PaymentType = findTestData(dataFile).getValue("PaymentType", row): null

2024-02-06 17:00:02 - [TEST_STEP][PASSED] - FilingYear = findTestData(dataFile).getValue("Year", row): null

2024-02-06 17:00:02 - [TEST_STEP][PASSED] - feinSSN = findTestData(dataFile).getValue("FeinSsn", row): null

2024-02-06 17:00:02 - [TEST_STEP][PASSED] - if (ExecuteTC.equalsIgnoreCase("Y")): null

2024-02-06 17:00:02 - [TEST_STEP][PASSED] - out.println("Begin Record Number: " + row): null

2024-02-06 17:00:02 - [TEST_STEP][PASSED] - today = new java.util.Date(): null

2024-02-06 17:00:02 - [TEST_STEP][PASSED] - println(today): null

2024-02-06 17:00:02 - [TEST_STEP][PASSED] - datText = today: null

2024-02-06 17:00:02 - [TEST_STEP][PASSED] - logInfo("Payment Type: New Tax Return Amount Due"): Payment Type: New Tax Return Amount Due

2024-02-06 17:00:02 - [MESSAGE][INFO] - Payment Type: New Tax Return Amount Due

2024-02-06 17:00:02 - [TEST_STEP][PASSED] - logInfo("Tax Type: " + TaxType): Tax Type: Slots License Fee

2024-02-06 17:00:02 - [MESSAGE][INFO] - Tax Type: Slots License Fee

2024-02-06 17:00:02 - [TEST_STEP][PASSED] - openBrowser(""): Browser is opened with url: ''

2024-02-06 17:00:02 - [MESSAGE][WARNING] - A browser is already opened. Closing browser and opening a new one

2024-02-06 17:00:03 - [MESSAGE][INFO] - Starting 'Chrome' driver

2024-02-06 17:00:03 - [MESSAGE][INFO] - User set preference: ['acceptInsecureCerts', 'true']

2024-02-06 17:00:03 - [MESSAGE][INFO] - Action delay is set to 0 milliseconds

2024-02-06 17:00:05 - [MESSAGE][PASSED] - Browser is opened with url: ''

2024-02-06 17:00:05 - [TEST_STEP][PASSED] - maximizeWindow(): Current window maximized

2024-02-06 17:00:05 - [MESSAGE][PASSED] - Current window maximized

2024-02-06 17:00:05 - [TEST_STEP][PASSED] - navigateToUrl(RADurl): Navigate to 'https://qa2.velocitypayment.com/client/rad/index.html' successfully

2024-02-06 17:00:07 - [MESSAGE][PASSED] - Navigate to 'https://qa2.velocitypayment.com/client/rad/index.html' successfully

2024-02-06 17:00:07 - [TEST_STEP][PASSED] - selectOptionByLabel(findTestObject(orPath_Landing + "/dd_TaxType"), "New Tax Return Amount Due", false): All options with label 'New Tax Return Amount Due' are selected in object 'Object Repository/RAD_Pages/Landing_Page/dd_TaxType' 

2024-02-06 17:00:07 - [MESSAGE][PASSED] - All options with label 'New Tax Return Amount Due' are selected in object 'Object Repository/RAD_Pages/Landing_Page/dd_TaxType' 

2024-02-06 17:00:07 - [TEST_STEP][PASSED] - selectOptionByLabel(findTestObject("Object Repository/RAD_Pages/Landing_Page/select_NewTaxReturnAmountDue_TaxType"), TaxType, false): All options with label 'Slots License Fee' are selected in object 'Object Repository/RAD_Pages/Landing_Page/select_NewTaxReturnAmountDue_TaxType' 

2024-02-06 17:00:08 - [MESSAGE][PASSED] - All options with label 'Slots License Fee' are selected in object 'Object Repository/RAD_Pages/Landing_Page/select_NewTaxReturnAmountDue_TaxType' 

2024-02-06 17:00:08 - [TEST_STEP][PASSED] - selectOptionByLabel(findTestObject(orPath_TaxTypeFilingYear + "/select_FilingYear"), FilingYear, false): All options with label '2023' are selected in object 'Object Repository/RAD_Pages/TaxTypeFilingYear_Page/select_FilingYear' 

2024-02-06 17:00:09 - [MESSAGE][PASSED] - All options with label '2023' are selected in object 'Object Repository/RAD_Pages/TaxTypeFilingYear_Page/select_FilingYear' 

2024-02-06 17:00:09 - [TEST_STEP][PASSED] - rad.getSetDataRAD.setDataRADBusinessName(): rad.getSetDataRAD.setDataRADBusinessName is PASSED

2024-02-06 17:00:10 - [MESSAGE][PASSED] - Text 'My Company' is set on object 'Object Repository/RAD_Pages/Taxpayer_Page/input_businessName'

2024-02-06 17:00:10 - [MESSAGE][PASSED] - rad.getSetDataRAD.setDataRADBusinessName is PASSED

2024-02-06 17:00:10 - [TEST_STEP][PASSED] - rad.getSetDataRAD.setDataRADBusinessRep(): rad.getSetDataRAD.setDataRADBusinessRep is PASSED

2024-02-06 17:00:10 - [MESSAGE][PASSED] - Text 'BusRepFname' is set on object 'Object Repository/RAD_Pages/Taxpayer_Page/input_BusinessRepfirstName'

2024-02-06 17:00:11 - [MESSAGE][PASSED] - Text '' is set on object 'Object Repository/RAD_Pages/Taxpayer_Page/input_BusinessRepmiddleName'

2024-02-06 17:00:12 - [MESSAGE][PASSED] - Text 'BusRepLname' is set on object 'Object Repository/RAD_Pages/Taxpayer_Page/input_BusinessReplastName'

2024-02-06 17:00:13 - [MESSAGE][PASSED] - Text '' is set on object 'Object Repository/RAD_Pages/Taxpayer_Page/input_BusinessRepsuffix'

2024-02-06 17:00:13 - [MESSAGE][PASSED] - rad.getSetDataRAD.setDataRADBusinessRep is PASSED

2024-02-06 17:00:13 - [TEST_STEP][PASSED] - rad.getSetDataRAD.setDataRADAddress(): rad.getSetDataRAD.setDataRADAddress is PASSED

2024-02-06 17:00:13 - [MESSAGE][PASSED] - All options with label 'United States' are selected in object 'Object Repository/RAD_Pages/AddressAndContactInfo_Page/select_Country' 

2024-02-06 17:00:14 - [MESSAGE][PASSED] - Text '2508 Mandan Terrace' is set on object 'Object Repository/RAD_Pages/AddressAndContactInfo_Page/input_streetAddress1'

2024-02-06 17:00:15 - [MESSAGE][PASSED] - Text '' is set on object 'Object Repository/RAD_Pages/AddressAndContactInfo_Page/input_streetAddress2'

2024-02-06 17:00:16 - [MESSAGE][PASSED] - Text 'Gambrills' is set on object 'Object Repository/RAD_Pages/AddressAndContactInfo_Page/input_city'

2024-02-06 17:00:16 - [MESSAGE][PASSED] - All options with label 'Maryland' are selected in object 'Object Repository/RAD_Pages/AddressAndContactInfo_Page/select_State' 

2024-02-06 17:00:17 - [MESSAGE][PASSED] - Text '21054' is set on object 'Object Repository/RAD_Pages/AddressAndContactInfo_Page/input_zipCode'

2024-02-06 17:00:18 - [MESSAGE][PASSED] - Text '(703) 894-5000' is set on object 'Object Repository/RAD_Pages/AddressAndContactInfo_Page/input_phoneNumber'

2024-02-06 17:00:19 - [MESSAGE][PASSED] - Text 'iahmed@govolution.com' is set on object 'Object Repository/RAD_Pages/AddressAndContactInfo_Page/input_eMailAddress'

2024-02-06 17:00:20 - [MESSAGE][PASSED] - Text 'iahmed@govolution.com' is set on object 'Object Repository/RAD_Pages/AddressAndContactInfo_Page/input_reEnterEMailAddress'

2024-02-06 17:00:20 - [MESSAGE][PASSED] - rad.getSetDataRAD.setDataRADAddress is PASSED

2024-02-06 17:00:20 - [TEST_STEP][PASSED] - if (feinSSN.equalsIgnoreCase("Y")): null

2024-02-06 17:00:20 - [TEST_STEP][PASSED] - else: rad.getSetDataRAD.setDataRADFEIN is PASSED

2024-02-06 17:00:20 - [TEST_STEP][PASSED] - if (!(TaxType.equalsIgnoreCase("Estate Tax"))): rad.getSetDataRAD.setDataRADFEIN is PASSED

2024-02-06 17:00:20 - [TEST_STEP][PASSED] - rad.getSetDataRAD.setDataRADFEIN(): rad.getSetDataRAD.setDataRADFEIN is PASSED

2024-02-06 17:00:20 - [MESSAGE][PASSED] - Text ****** has been set on object 'Object Repository/RAD_Pages/TaxInfo_Page/input_FederalEIN'

2024-02-06 17:00:21 - [MESSAGE][PASSED] - Text ****** has been set on object 'Object Repository/RAD_Pages/TaxInfo_Page/input_FederalEIN_ReEnter'

2024-02-06 17:00:21 - [MESSAGE][PASSED] - rad.getSetDataRAD.setDataRADFEIN is PASSED

2024-02-06 17:00:21 - [TEST_STEP][PASSED] - if (TaxType.equalsIgnoreCase("Estate Tax")): null

2024-02-06 17:00:21 - [TEST_STEP][PASSED] - setText(findTestObject(orPath_Amount + "/input__paymentAmount"), "100.00"): Text '100.00' is set on object 'Object Repository/RAD_Pages/PaymentAmount_Page/input__paymentAmount'

2024-02-06 17:00:22 - [MESSAGE][PASSED] - Text '100.00' is set on object 'Object Repository/RAD_Pages/PaymentAmount_Page/input__paymentAmount'

2024-02-06 17:00:22 - [TEST_STEP][PASSED] - setText(findTestObject(orPath_AddressContact + "/input_streetAddress2"), ""): Text '' is set on object 'Object Repository/RAD_Pages/AddressAndContactInfo_Page/input_streetAddress2'

2024-02-06 17:00:22 - [MESSAGE][PASSED] - Text '' is set on object 'Object Repository/RAD_Pages/AddressAndContactInfo_Page/input_streetAddress2'

2024-02-06 17:00:22 - [TEST_STEP][PASSED] - scrollToElement(findTestObject(orPath_Landing + "/button_Continue"), 3): Scroll to object 'Object Repository/RAD_Pages/Landing_Page/button_Continue' successfully

2024-02-06 17:00:23 - [MESSAGE][PASSED] - Scroll to object 'Object Repository/RAD_Pages/Landing_Page/button_Continue' successfully

2024-02-06 17:00:23 - [TEST_STEP][PASSED] - waitForElementClickable(findTestObject(orPath_Landing + "/button_Continue"), 5): Object 'Object Repository/RAD_Pages/Landing_Page/button_Continue' is clickable

2024-02-06 17:00:23 - [MESSAGE][PASSED] - Object 'Object Repository/RAD_Pages/Landing_Page/button_Continue' is clickable

2024-02-06 17:00:23 - [TEST_STEP][PASSED] - click(findTestObject(orPath_Landing + "/button_Continue")): Object: 'Object Repository/RAD_Pages/Landing_Page/button_Continue' is clicked on

2024-02-06 17:00:24 - [MESSAGE][PASSED] - Object: 'Object Repository/RAD_Pages/Landing_Page/button_Continue' is clicked on

2024-02-06 17:00:24 - [TEST_STEP][PASSED] - delay(2): Delayed 2 second(s)

2024-02-06 17:00:26 - [MESSAGE][PASSED] - Delayed 2 second(s)

2024-02-06 17:00:26 - [TEST_STEP][PASSED] - click(findTestObject(orPath_Summary + "/button_Proceed to Payment")): Object: 'Object Repository/RAD_Pages/Summary_Page/button_Proceed to Payment' is clicked on

2024-02-06 17:00:27 - [MESSAGE][PASSED] - Object: 'Object Repository/RAD_Pages/Summary_Page/button_Proceed to Payment' is clicked on

2024-02-06 17:00:27 - [TEST_STEP][PASSED] - if (verifyElementPresent(findTestObject("Object Repository/RAD_Pages/PaymentEntry_Page/input__billingName"), 30)): null

2024-02-06 17:00:28 - [MESSAGE][PASSED] - Object 'Object Repository/RAD_Pages/PaymentEntry_Page/input__billingName' is present

2024-02-06 17:00:28 - [TEST_STEP][PASSED] - verifyTextPresent("Comptroller of Maryland", true): Text 'Comptroller of Maryland' is present on page  using regular expression

2024-02-06 17:00:28 - [MESSAGE][PASSED] - Text 'Comptroller of Maryland' is present on page  using regular expression

2024-02-06 17:00:28 - [TEST_STEP][PASSED] - verifyTextPresent("Revenue Administration Division", true): Text 'Revenue Administration Division' is present on page  using regular expression

2024-02-06 17:00:28 - [MESSAGE][PASSED] - Text 'Revenue Administration Division' is present on page  using regular expression

2024-02-06 17:00:28 - [TEST_STEP][PASSED] - verifyTextPresent("Payment Information", true): Text 'Payment Information' is present on page  using regular expression

2024-02-06 17:00:29 - [MESSAGE][PASSED] - Text 'Payment Information' is present on page  using regular expression

2024-02-06 17:00:29 - [TEST_STEP][PASSED] - card_Name = getAttribute(findTestObject("Object Repository/RAD_Pages/PaymentEntry_Page/input__billingName"), "value"): Attribute 'value' of object 'Object Repository/RAD_Pages/PaymentEntry_Page/input__billingName' is: 'BusRepFname BusRepLname'

2024-02-06 17:00:29 - [MESSAGE][PASSED] - Attribute 'value' of object 'Object Repository/RAD_Pages/PaymentEntry_Page/input__billingName' is: 'BusRepFname BusRepLname'

2024-02-06 17:00:29 - [TEST_STEP][PASSED] - verifyMatch("BusRepFname BusRepLname", card_Name, false): Actual text 'BusRepFname BusRepLname' and expected text 'BusRepFname BusRepLname' are matched 

2024-02-06 17:00:29 - [MESSAGE][PASSED] - Actual text 'BusRepFname BusRepLname' and expected text 'BusRepFname BusRepLname' are matched 

2024-02-06 17:00:29 - [TEST_STEP][PASSED] - AL1 = getAttribute(findTestObject("Object Repository/RAD_Pages/PaymentEntry_Page/input_billingAddress"), "value"): Attribute 'value' of object 'Object Repository/RAD_Pages/PaymentEntry_Page/input_billingAddress' is: '2508 Mandan Terrace'

2024-02-06 17:00:29 - [MESSAGE][PASSED] - Attribute 'value' of object 'Object Repository/RAD_Pages/PaymentEntry_Page/input_billingAddress' is: '2508 Mandan Terrace'

2024-02-06 17:00:29 - [TEST_STEP][PASSED] - verifyMatch("2508 Mandan Terrace", AL1, false): Actual text '2508 Mandan Terrace' and expected text '2508 Mandan Terrace' are matched 

2024-02-06 17:00:29 - [MESSAGE][PASSED] - Actual text '2508 Mandan Terrace' and expected text '2508 Mandan Terrace' are matched 

2024-02-06 17:00:29 - [TEST_STEP][PASSED] - AL2 = getAttribute(findTestObject("Object Repository/RAD_Pages/PaymentEntry_Page/input_billingAddress2"), "value"): Attribute 'value' of object 'Object Repository/RAD_Pages/PaymentEntry_Page/input_billingAddress2' is: ''

2024-02-06 17:00:30 - [MESSAGE][PASSED] - Attribute 'value' of object 'Object Repository/RAD_Pages/PaymentEntry_Page/input_billingAddress2' is: ''

2024-02-06 17:00:30 - [TEST_STEP][PASSED] - verifyMatch("", AL2, false): Actual text '' and expected text '' are matched 

2024-02-06 17:00:30 - [MESSAGE][PASSED] - Actual text '' and expected text '' are matched 

2024-02-06 17:00:30 - [TEST_STEP][PASSED] - zipCode = getAttribute(findTestObject("Object Repository/RAD_Pages/PaymentEntry_Page/input_billingZip"), "value"): Attribute 'value' of object 'Object Repository/RAD_Pages/PaymentEntry_Page/input_billingZip' is: '21054'

2024-02-06 17:00:30 - [MESSAGE][PASSED] - Attribute 'value' of object 'Object Repository/RAD_Pages/PaymentEntry_Page/input_billingZip' is: '21054'

2024-02-06 17:00:30 - [TEST_STEP][PASSED] - verifyMatch("21054", zipCode, false): Actual text '21054' and expected text '21054' are matched 

2024-02-06 17:00:30 - [MESSAGE][PASSED] - Actual text '21054' and expected text '21054' are matched 

2024-02-06 17:00:30 - [TEST_STEP][PASSED] - city = getAttribute(findTestObject("Object Repository/RAD_Pages/PaymentEntry_Page/input_billingCity"), "value"): Attribute 'value' of object 'Object Repository/RAD_Pages/PaymentEntry_Page/input_billingCity' is: 'GAMBRILLS'

2024-02-06 17:00:30 - [MESSAGE][PASSED] - Attribute 'value' of object 'Object Repository/RAD_Pages/PaymentEntry_Page/input_billingCity' is: 'GAMBRILLS'

2024-02-06 17:00:30 - [TEST_STEP][PASSED] - verifyMatch("GAMBRILLS", city, false): Actual text 'GAMBRILLS' and expected text 'GAMBRILLS' are matched 

2024-02-06 17:00:30 - [MESSAGE][PASSED] - Actual text 'GAMBRILLS' and expected text 'GAMBRILLS' are matched 

2024-02-06 17:00:30 - [TEST_STEP][PASSED] - email = getAttribute(findTestObject("Object Repository/RAD_Pages/PaymentEntry_Page/input_emailAddress"), "value"): Attribute 'value' of object 'Object Repository/RAD_Pages/PaymentEntry_Page/input_emailAddress' is: 'iahmed@govolution.com'

2024-02-06 17:00:31 - [MESSAGE][PASSED] - Attribute 'value' of object 'Object Repository/RAD_Pages/PaymentEntry_Page/input_emailAddress' is: 'iahmed@govolution.com'

2024-02-06 17:00:31 - [TEST_STEP][PASSED] - verifyMatch("iahmed@govolution.com", email, false): Actual text 'iahmed@govolution.com' and expected text 'iahmed@govolution.com' are matched 

2024-02-06 17:00:31 - [MESSAGE][PASSED] - Actual text 'iahmed@govolution.com' and expected text 'iahmed@govolution.com' are matched 

2024-02-06 17:00:31 - [TEST_STEP][PASSED] - amount = getAttribute(findTestObject("Object Repository/RAD_Pages/PaymentEntry_Page/input_amount"), "value"): Attribute 'value' of object 'Object Repository/RAD_Pages/PaymentEntry_Page/input_amount' is: '100.00'

2024-02-06 17:00:31 - [MESSAGE][PASSED] - Attribute 'value' of object 'Object Repository/RAD_Pages/PaymentEntry_Page/input_amount' is: '100.00'

2024-02-06 17:00:31 - [TEST_STEP][PASSED] - verifyMatch("100.00", amount, false): Actual text '100.00' and expected text '100.00' are matched 

2024-02-06 17:00:31 - [MESSAGE][PASSED] - Actual text '100.00' and expected text '100.00' are matched 

2024-02-06 17:00:31 - [TEST_STEP][PASSED] - amountReadOnly = getAttribute(findTestObject("Object Repository/RAD_Pages/PaymentEntry_Page/input_amount"), "readonly"): Attribute 'readonly' of object 'Object Repository/RAD_Pages/PaymentEntry_Page/input_amount' is: 'true'

2024-02-06 17:00:31 - [MESSAGE][PASSED] - Attribute 'readonly' of object 'Object Repository/RAD_Pages/PaymentEntry_Page/input_amount' is: 'true'

2024-02-06 17:00:31 - [TEST_STEP][PASSED] - verifyMatch("true", amountReadOnly, false): Actual text 'true' and expected text 'true' are matched 

2024-02-06 17:00:31 - [MESSAGE][PASSED] - Actual text 'true' and expected text 'true' are matched 

2024-02-06 17:00:31 - [TEST_STEP][PASSED] - verifyOptionSelectedByLabel(findTestObject("Object Repository/RAD_Pages/PaymentEntry_Page/select_Country"), "United States", false, 20): All options with label 'United States' are selected in object 'Object Repository/RAD_Pages/PaymentEntry_Page/select_Country' 

2024-02-06 17:00:33 - [MESSAGE][PASSED] - All options with label 'United States' are selected in object 'Object Repository/RAD_Pages/PaymentEntry_Page/select_Country' 

2024-02-06 17:00:33 - [TEST_STEP][PASSED] - verifyOptionSelectedByLabel(findTestObject("Object Repository/RAD_Pages/PaymentEntry_Page/select_State"), "Maryland", false, 20): All options with label 'Maryland' are selected in object 'Object Repository/RAD_Pages/PaymentEntry_Page/select_State' 

2024-02-06 17:00:35 - [MESSAGE][PASSED] - All options with label 'Maryland' are selected in object 'Object Repository/RAD_Pages/PaymentEntry_Page/select_State' 

2024-02-06 17:00:35 - [TEST_STEP][PASSED] - setText(findTestObject(orPath_PaymentEntry + "/input__cardNumber"), "4111111111111111"): Text '4111111111111111' is set on object 'Object Repository/RAD_Pages/PaymentEntry_Page/input__cardNumber'

2024-02-06 17:00:36 - [MESSAGE][PASSED] - Text '4111111111111111' is set on object 'Object Repository/RAD_Pages/PaymentEntry_Page/input__cardNumber'

2024-02-06 17:00:36 - [TEST_STEP][PASSED] - setText(findTestObject(orPath_PaymentEntry + "/input__spc"), "123"): Text '123' is set on object 'Object Repository/RAD_Pages/PaymentEntry_Page/input__spc'

2024-02-06 17:00:37 - [MESSAGE][PASSED] - Text '123' is set on object 'Object Repository/RAD_Pages/PaymentEntry_Page/input__spc'

2024-02-06 17:00:37 - [TEST_STEP][PASSED] - selectOptionByLabel(findTestObject(orPath_PaymentEntry + "/select_MM"), "12", false): All options with label '12' are selected in object 'Object Repository/RAD_Pages/PaymentEntry_Page/select_MM' 

2024-02-06 17:00:37 - [MESSAGE][PASSED] - All options with label '12' are selected in object 'Object Repository/RAD_Pages/PaymentEntry_Page/select_MM' 

2024-02-06 17:00:37 - [TEST_STEP][PASSED] - selectOptionByLabel(findTestObject(orPath_PaymentEntry + "/select_YYYY"), "2028", false): All options with label '2028' are selected in object 'Object Repository/RAD_Pages/PaymentEntry_Page/select_YYYY' 

2024-02-06 17:00:38 - [MESSAGE][PASSED] - All options with label '2028' are selected in object 'Object Repository/RAD_Pages/PaymentEntry_Page/select_YYYY' 

2024-02-06 17:00:38 - [TEST_STEP][PASSED] - click(findTestObject(orPath_PaymentEntry + "/input_Field_ccSubmit")): Object: 'Object Repository/RAD_Pages/PaymentEntry_Page/input_Field_ccSubmit' is clicked on

2024-02-06 17:00:39 - [MESSAGE][PASSED] - Object: 'Object Repository/RAD_Pages/PaymentEntry_Page/input_Field_ccSubmit' is clicked on

2024-02-06 17:00:39 - [TEST_STEP][PASSED] - click(findTestObject(orPath_PaymentConfirmation + "/input_N_confirmNotifyAction")): Object: 'Object Repository/RAD_Pages/PaymentConfirmation_Page/input_N_confirmNotifyAction' is clicked on

2024-02-06 17:00:40 - [MESSAGE][PASSED] - Object: 'Object Repository/RAD_Pages/PaymentConfirmation_Page/input_N_confirmNotifyAction' is clicked on

2024-02-06 17:00:40 - [TEST_STEP][PASSED] - verifyTextPresent("Service Fee Acceptance", true): Text 'Service Fee Acceptance' is present on page  using regular expression

2024-02-06 17:00:41 - [MESSAGE][PASSED] - Text 'Service Fee Acceptance' is present on page  using regular expression

2024-02-06 17:00:41 - [TEST_STEP][PASSED] - verifyTextPresent("This transaction is subject to a Service Fee of ", true): Text 'This transaction is subject to a Service Fee of ' is present on page  using regular expression

2024-02-06 17:00:41 - [MESSAGE][PASSED] - Text 'This transaction is subject to a Service Fee of ' is present on page  using regular expression

2024-02-06 17:00:41 - [TEST_STEP][PASSED] - verifyTextPresent("Payment Amount:", true): Text 'Payment Amount:' is present on page  using regular expression

2024-02-06 17:00:41 - [MESSAGE][PASSED] - Text 'Payment Amount:' is present on page  using regular expression

2024-02-06 17:00:41 - [TEST_STEP][PASSED] - verifyTextPresent("100.00", true): Text '100.00' is present on page  using regular expression

2024-02-06 17:00:42 - [MESSAGE][PASSED] - Text '100.00' is present on page  using regular expression

2024-02-06 17:00:42 - [TEST_STEP][PASSED] - verifyTextPresent("Service Fee:", true): Text 'Service Fee:' is present on page  using regular expression

2024-02-06 17:00:42 - [MESSAGE][PASSED] - Text 'Service Fee:' is present on page  using regular expression

2024-02-06 17:00:42 - [TEST_STEP][PASSED] - verifyTextPresent("2.45", true): Text '2.45' is present on page  using regular expression

2024-02-06 17:00:42 - [MESSAGE][PASSED] - Text '2.45' is present on page  using regular expression

2024-02-06 17:00:42 - [TEST_STEP][PASSED] - verifyTextPresent("Total Amount:", true): Text 'Total Amount:' is present on page  using regular expression

2024-02-06 17:00:42 - [MESSAGE][PASSED] - Text 'Total Amount:' is present on page  using regular expression

2024-02-06 17:00:42 - [TEST_STEP][PASSED] - verifyTextPresent("102.45", true): Text '102.45' is present on page  using regular expression

2024-02-06 17:00:43 - [MESSAGE][PASSED] - Text '102.45' is present on page  using regular expression

2024-02-06 17:00:43 - [TEST_STEP][PASSED] - verifyTextPresent("Two transactions will appear on your bank statement, one in the amount of", true): Text 'Two transactions will appear on your bank statement, one in the amount of' is present on page  using regular expression

2024-02-06 17:00:43 - [MESSAGE][PASSED] - Text 'Two transactions will appear on your bank statement, one in the amount of' is present on page  using regular expression

2024-02-06 17:00:43 - [TEST_STEP][PASSED] - if (verifyElementPresent(findTestObject(orPath_ServiceFeesAccept + "/input_convFeeNotifyAction"), 30)): null

2024-02-06 17:00:43 - [MESSAGE][PASSED] - Object 'Object Repository/RAD_Pages/ServiceFeeAccept_Page/input_convFeeNotifyAction' is present

2024-02-06 17:00:43 - [TEST_STEP][PASSED] - resText = "Pass": null

2024-02-06 17:00:43 - [TEST_STEP][PASSED] - pages.WriteExcel.demoKey(resText, datText, resColumn, datCloumn, fileLoc, nameSheet, row): pages.WriteExcel.demoKey is PASSED

2024-02-06 17:00:43 - [MESSAGE][PASSED] - pages.WriteExcel.demoKey is PASSED

2024-02-06 17:00:43 - [TEST_STEP][PASSED] - if (execProfile == "QAProfile" || execProfile == "QA2Profile"): Text 'Successful Payment Receipt' is present on page  using regular expression

2024-02-06 17:00:43 - [TEST_STEP][PASSED] - click(findTestObject(orPath_ServiceFeesAccept + "/input_convFeeNotifyAction")): Object: 'Object Repository/RAD_Pages/ServiceFeeAccept_Page/input_convFeeNotifyAction' is clicked on

2024-02-06 17:00:45 - [MESSAGE][PASSED] - Object: 'Object Repository/RAD_Pages/ServiceFeeAccept_Page/input_convFeeNotifyAction' is clicked on

2024-02-06 17:00:45 - [TEST_STEP][PASSED] - delay(10): Delayed 10 second(s)

2024-02-06 17:00:55 - [MESSAGE][PASSED] - Delayed 10 second(s)

2024-02-06 17:00:55 - [TEST_STEP][PASSED] - verifyTextPresent("Successful Payment Receipt", true): Text 'Successful Payment Receipt' is present on page  using regular expression

2024-02-06 17:00:55 - [MESSAGE][PASSED] - Text 'Successful Payment Receipt' is present on page  using regular expression

2024-02-06 17:00:55 - [TEST_STEP][PASSED] - ExecuteTC = findTestData(dataFile).getValue("Execute", row): null

2024-02-06 17:00:55 - [TEST_STEP][PASSED] - TaxType = findTestData(dataFile).getValue("TaxType", row): null

2024-02-06 17:00:55 - [TEST_STEP][PASSED] - PaymentType = findTestData(dataFile).getValue("PaymentType", row): null

2024-02-06 17:00:55 - [TEST_STEP][PASSED] - FilingYear = findTestData(dataFile).getValue("Year", row): null

2024-02-06 17:00:55 - [TEST_STEP][PASSED] - feinSSN = findTestData(dataFile).getValue("FeinSsn", row): null

2024-02-06 17:00:56 - [TEST_STEP][PASSED] - if (ExecuteTC.equalsIgnoreCase("Y")): null

2024-02-06 17:00:56 - [TEST_STEP][PASSED] - out.println("Begin Record Number: " + row): null

2024-02-06 17:00:56 - [TEST_STEP][PASSED] - today = new java.util.Date(): null

2024-02-06 17:00:56 - [TEST_STEP][PASSED] - println(today): null

2024-02-06 17:00:56 - [TEST_STEP][PASSED] - datText = today: null

2024-02-06 17:00:56 - [TEST_STEP][PASSED] - logInfo("Payment Type: New Tax Return Amount Due"): Payment Type: New Tax Return Amount Due

2024-02-06 17:00:56 - [MESSAGE][INFO] - Payment Type: New Tax Return Amount Due

2024-02-06 17:00:56 - [TEST_STEP][PASSED] - logInfo("Tax Type: " + TaxType): Tax Type: Tire Recycling Fee

2024-02-06 17:00:56 - [MESSAGE][INFO] - Tax Type: Tire Recycling Fee

2024-02-06 17:00:56 - [TEST_STEP][PASSED] - openBrowser(""): Browser is opened with url: ''

2024-02-06 17:00:56 - [MESSAGE][WARNING] - A browser is already opened. Closing browser and opening a new one

2024-02-06 17:00:57 - [MESSAGE][INFO] - Starting 'Chrome' driver

2024-02-06 17:00:57 - [MESSAGE][INFO] - User set preference: ['acceptInsecureCerts', 'true']

2024-02-06 17:00:57 - [MESSAGE][INFO] - Action delay is set to 0 milliseconds

2024-02-06 17:00:58 - [MESSAGE][PASSED] - Browser is opened with url: ''

2024-02-06 17:00:58 - [TEST_STEP][PASSED] - maximizeWindow(): Current window maximized

2024-02-06 17:00:58 - [MESSAGE][PASSED] - Current window maximized

2024-02-06 17:00:58 - [TEST_STEP][PASSED] - navigateToUrl(RADurl): Navigate to 'https://qa2.velocitypayment.com/client/rad/index.html' successfully

2024-02-06 17:01:00 - [MESSAGE][PASSED] - Navigate to 'https://qa2.velocitypayment.com/client/rad/index.html' successfully

2024-02-06 17:01:00 - [TEST_STEP][PASSED] - selectOptionByLabel(findTestObject(orPath_Landing + "/dd_TaxType"), "New Tax Return Amount Due", false): All options with label 'New Tax Return Amount Due' are selected in object 'Object Repository/RAD_Pages/Landing_Page/dd_TaxType' 

2024-02-06 17:01:01 - [MESSAGE][PASSED] - All options with label 'New Tax Return Amount Due' are selected in object 'Object Repository/RAD_Pages/Landing_Page/dd_TaxType' 

2024-02-06 17:01:01 - [TEST_STEP][PASSED] - selectOptionByLabel(findTestObject("Object Repository/RAD_Pages/Landing_Page/select_NewTaxReturnAmountDue_TaxType"), TaxType, false): All options with label 'Tire Recycling Fee' are selected in object 'Object Repository/RAD_Pages/Landing_Page/select_NewTaxReturnAmountDue_TaxType' 

2024-02-06 17:01:02 - [MESSAGE][PASSED] - All options with label 'Tire Recycling Fee' are selected in object 'Object Repository/RAD_Pages/Landing_Page/select_NewTaxReturnAmountDue_TaxType' 

2024-02-06 17:01:02 - [TEST_STEP][PASSED] - selectOptionByLabel(findTestObject(orPath_TaxTypeFilingYear + "/select_FilingYear"), FilingYear, false): All options with label '2023' are selected in object 'Object Repository/RAD_Pages/TaxTypeFilingYear_Page/select_FilingYear' 

2024-02-06 17:01:02 - [MESSAGE][PASSED] - All options with label '2023' are selected in object 'Object Repository/RAD_Pages/TaxTypeFilingYear_Page/select_FilingYear' 

2024-02-06 17:01:02 - [TEST_STEP][PASSED] - rad.getSetDataRAD.setDataRADBusinessName(): rad.getSetDataRAD.setDataRADBusinessName is PASSED

2024-02-06 17:01:03 - [MESSAGE][PASSED] - Text 'My Company' is set on object 'Object Repository/RAD_Pages/Taxpayer_Page/input_businessName'

2024-02-06 17:01:03 - [MESSAGE][PASSED] - rad.getSetDataRAD.setDataRADBusinessName is PASSED

2024-02-06 17:01:03 - [TEST_STEP][PASSED] - rad.getSetDataRAD.setDataRADBusinessRep(): rad.getSetDataRAD.setDataRADBusinessRep is PASSED

2024-02-06 17:01:04 - [MESSAGE][PASSED] - Text 'BusRepFname' is set on object 'Object Repository/RAD_Pages/Taxpayer_Page/input_BusinessRepfirstName'

2024-02-06 17:01:05 - [MESSAGE][PASSED] - Text '' is set on object 'Object Repository/RAD_Pages/Taxpayer_Page/input_BusinessRepmiddleName'

2024-02-06 17:01:06 - [MESSAGE][PASSED] - Text 'BusRepLname' is set on object 'Object Repository/RAD_Pages/Taxpayer_Page/input_BusinessReplastName'

2024-02-06 17:01:06 - [MESSAGE][PASSED] - Text '' is set on object 'Object Repository/RAD_Pages/Taxpayer_Page/input_BusinessRepsuffix'

2024-02-06 17:01:06 - [MESSAGE][PASSED] - rad.getSetDataRAD.setDataRADBusinessRep is PASSED

2024-02-06 17:01:06 - [TEST_STEP][PASSED] - rad.getSetDataRAD.setDataRADAddress(): rad.getSetDataRAD.setDataRADAddress is PASSED

2024-02-06 17:01:07 - [MESSAGE][PASSED] - All options with label 'United States' are selected in object 'Object Repository/RAD_Pages/AddressAndContactInfo_Page/select_Country' 

2024-02-06 17:01:08 - [MESSAGE][PASSED] - Text '2508 Mandan Terrace' is set on object 'Object Repository/RAD_Pages/AddressAndContactInfo_Page/input_streetAddress1'

2024-02-06 17:01:08 - [MESSAGE][PASSED] - Text '' is set on object 'Object Repository/RAD_Pages/AddressAndContactInfo_Page/input_streetAddress2'

2024-02-06 17:01:09 - [MESSAGE][PASSED] - Text 'Gambrills' is set on object 'Object Repository/RAD_Pages/AddressAndContactInfo_Page/input_city'

2024-02-06 17:01:10 - [MESSAGE][PASSED] - All options with label 'Maryland' are selected in object 'Object Repository/RAD_Pages/AddressAndContactInfo_Page/select_State' 

2024-02-06 17:01:10 - [MESSAGE][PASSED] - Text '21054' is set on object 'Object Repository/RAD_Pages/AddressAndContactInfo_Page/input_zipCode'

2024-02-06 17:01:11 - [MESSAGE][PASSED] - Text '(703) 894-5000' is set on object 'Object Repository/RAD_Pages/AddressAndContactInfo_Page/input_phoneNumber'

2024-02-06 17:01:12 - [MESSAGE][PASSED] - Text 'iahmed@govolution.com' is set on object 'Object Repository/RAD_Pages/AddressAndContactInfo_Page/input_eMailAddress'

2024-02-06 17:01:13 - [MESSAGE][PASSED] - Text 'iahmed@govolution.com' is set on object 'Object Repository/RAD_Pages/AddressAndContactInfo_Page/input_reEnterEMailAddress'

2024-02-06 17:01:13 - [MESSAGE][PASSED] - rad.getSetDataRAD.setDataRADAddress is PASSED

2024-02-06 17:01:13 - [TEST_STEP][PASSED] - if (feinSSN.equalsIgnoreCase("Y")): null

2024-02-06 17:01:13 - [TEST_STEP][PASSED] - else: rad.getSetDataRAD.setDataRADFEIN is PASSED

2024-02-06 17:01:13 - [TEST_STEP][PASSED] - if (!(TaxType.equalsIgnoreCase("Estate Tax"))): rad.getSetDataRAD.setDataRADFEIN is PASSED

2024-02-06 17:01:13 - [TEST_STEP][PASSED] - rad.getSetDataRAD.setDataRADFEIN(): rad.getSetDataRAD.setDataRADFEIN is PASSED

2024-02-06 17:01:14 - [MESSAGE][PASSED] - Text ****** has been set on object 'Object Repository/RAD_Pages/TaxInfo_Page/input_FederalEIN'

2024-02-06 17:01:14 - [MESSAGE][PASSED] - Text ****** has been set on object 'Object Repository/RAD_Pages/TaxInfo_Page/input_FederalEIN_ReEnter'

2024-02-06 17:01:14 - [MESSAGE][PASSED] - rad.getSetDataRAD.setDataRADFEIN is PASSED

2024-02-06 17:01:14 - [TEST_STEP][PASSED] - if (TaxType.equalsIgnoreCase("Estate Tax")): null

2024-02-06 17:01:14 - [TEST_STEP][PASSED] - setText(findTestObject(orPath_Amount + "/input__paymentAmount"), "100.00"): Text '100.00' is set on object 'Object Repository/RAD_Pages/PaymentAmount_Page/input__paymentAmount'

2024-02-06 17:01:15 - [MESSAGE][PASSED] - Text '100.00' is set on object 'Object Repository/RAD_Pages/PaymentAmount_Page/input__paymentAmount'

2024-02-06 17:01:15 - [TEST_STEP][PASSED] - setText(findTestObject(orPath_AddressContact + "/input_streetAddress2"), ""): Text '' is set on object 'Object Repository/RAD_Pages/AddressAndContactInfo_Page/input_streetAddress2'

2024-02-06 17:01:16 - [MESSAGE][PASSED] - Text '' is set on object 'Object Repository/RAD_Pages/AddressAndContactInfo_Page/input_streetAddress2'

2024-02-06 17:01:16 - [TEST_STEP][PASSED] - scrollToElement(findTestObject(orPath_Landing + "/button_Continue"), 3): Scroll to object 'Object Repository/RAD_Pages/Landing_Page/button_Continue' successfully

2024-02-06 17:01:17 - [MESSAGE][PASSED] - Scroll to object 'Object Repository/RAD_Pages/Landing_Page/button_Continue' successfully

2024-02-06 17:01:17 - [TEST_STEP][PASSED] - waitForElementClickable(findTestObject(orPath_Landing + "/button_Continue"), 5): Object 'Object Repository/RAD_Pages/Landing_Page/button_Continue' is clickable

2024-02-06 17:01:17 - [MESSAGE][PASSED] - Object 'Object Repository/RAD_Pages/Landing_Page/button_Continue' is clickable

2024-02-06 17:01:17 - [TEST_STEP][PASSED] - click(findTestObject(orPath_Landing + "/button_Continue")): Object: 'Object Repository/RAD_Pages/Landing_Page/button_Continue' is clicked on

2024-02-06 17:01:17 - [MESSAGE][PASSED] - Object: 'Object Repository/RAD_Pages/Landing_Page/button_Continue' is clicked on

2024-02-06 17:01:17 - [TEST_STEP][PASSED] - delay(2): Delayed 2 second(s)

2024-02-06 17:01:19 - [MESSAGE][PASSED] - Delayed 2 second(s)

2024-02-06 17:01:19 - [TEST_STEP][PASSED] - click(findTestObject(orPath_Summary + "/button_Proceed to Payment")): Object: 'Object Repository/RAD_Pages/Summary_Page/button_Proceed to Payment' is clicked on

2024-02-06 17:01:21 - [MESSAGE][PASSED] - Object: 'Object Repository/RAD_Pages/Summary_Page/button_Proceed to Payment' is clicked on

2024-02-06 17:01:21 - [TEST_STEP][PASSED] - if (verifyElementPresent(findTestObject("Object Repository/RAD_Pages/PaymentEntry_Page/input__billingName"), 30)): null

2024-02-06 17:01:21 - [MESSAGE][PASSED] - Object 'Object Repository/RAD_Pages/PaymentEntry_Page/input__billingName' is present

2024-02-06 17:01:21 - [TEST_STEP][PASSED] - verifyTextPresent("Comptroller of Maryland", true): Text 'Comptroller of Maryland' is present on page  using regular expression

2024-02-06 17:01:22 - [MESSAGE][PASSED] - Text 'Comptroller of Maryland' is present on page  using regular expression

2024-02-06 17:01:22 - [TEST_STEP][PASSED] - verifyTextPresent("Revenue Administration Division", true): Text 'Revenue Administration Division' is present on page  using regular expression

2024-02-06 17:01:22 - [MESSAGE][PASSED] - Text 'Revenue Administration Division' is present on page  using regular expression

2024-02-06 17:01:22 - [TEST_STEP][PASSED] - verifyTextPresent("Payment Information", true): Text 'Payment Information' is present on page  using regular expression

2024-02-06 17:01:22 - [MESSAGE][PASSED] - Text 'Payment Information' is present on page  using regular expression

2024-02-06 17:01:22 - [TEST_STEP][PASSED] - card_Name = getAttribute(findTestObject("Object Repository/RAD_Pages/PaymentEntry_Page/input__billingName"), "value"): Attribute 'value' of object 'Object Repository/RAD_Pages/PaymentEntry_Page/input__billingName' is: 'BusRepFname BusRepLname'

2024-02-06 17:01:23 - [MESSAGE][PASSED] - Attribute 'value' of object 'Object Repository/RAD_Pages/PaymentEntry_Page/input__billingName' is: 'BusRepFname BusRepLname'

2024-02-06 17:01:23 - [TEST_STEP][PASSED] - verifyMatch("BusRepFname BusRepLname", card_Name, false): Actual text 'BusRepFname BusRepLname' and expected text 'BusRepFname BusRepLname' are matched 

2024-02-06 17:01:23 - [MESSAGE][PASSED] - Actual text 'BusRepFname BusRepLname' and expected text 'BusRepFname BusRepLname' are matched 

2024-02-06 17:01:23 - [TEST_STEP][PASSED] - AL1 = getAttribute(findTestObject("Object Repository/RAD_Pages/PaymentEntry_Page/input_billingAddress"), "value"): Attribute 'value' of object 'Object Repository/RAD_Pages/PaymentEntry_Page/input_billingAddress' is: '2508 Mandan Terrace'

2024-02-06 17:01:23 - [MESSAGE][PASSED] - Attribute 'value' of object 'Object Repository/RAD_Pages/PaymentEntry_Page/input_billingAddress' is: '2508 Mandan Terrace'

2024-02-06 17:01:23 - [TEST_STEP][PASSED] - verifyMatch("2508 Mandan Terrace", AL1, false): Actual text '2508 Mandan Terrace' and expected text '2508 Mandan Terrace' are matched 

2024-02-06 17:01:23 - [MESSAGE][PASSED] - Actual text '2508 Mandan Terrace' and expected text '2508 Mandan Terrace' are matched 

2024-02-06 17:01:23 - [TEST_STEP][PASSED] - AL2 = getAttribute(findTestObject("Object Repository/RAD_Pages/PaymentEntry_Page/input_billingAddress2"), "value"): Attribute 'value' of object 'Object Repository/RAD_Pages/PaymentEntry_Page/input_billingAddress2' is: ''

2024-02-06 17:01:23 - [MESSAGE][PASSED] - Attribute 'value' of object 'Object Repository/RAD_Pages/PaymentEntry_Page/input_billingAddress2' is: ''

2024-02-06 17:01:23 - [TEST_STEP][PASSED] - verifyMatch("", AL2, false): Actual text '' and expected text '' are matched 

2024-02-06 17:01:23 - [MESSAGE][PASSED] - Actual text '' and expected text '' are matched 

2024-02-06 17:01:23 - [TEST_STEP][PASSED] - zipCode = getAttribute(findTestObject("Object Repository/RAD_Pages/PaymentEntry_Page/input_billingZip"), "value"): Attribute 'value' of object 'Object Repository/RAD_Pages/PaymentEntry_Page/input_billingZip' is: '21054'

2024-02-06 17:01:24 - [MESSAGE][PASSED] - Attribute 'value' of object 'Object Repository/RAD_Pages/PaymentEntry_Page/input_billingZip' is: '21054'

2024-02-06 17:01:24 - [TEST_STEP][PASSED] - verifyMatch("21054", zipCode, false): Actual text '21054' and expected text '21054' are matched 

2024-02-06 17:01:24 - [MESSAGE][PASSED] - Actual text '21054' and expected text '21054' are matched 

2024-02-06 17:01:24 - [TEST_STEP][PASSED] - city = getAttribute(findTestObject("Object Repository/RAD_Pages/PaymentEntry_Page/input_billingCity"), "value"): Attribute 'value' of object 'Object Repository/RAD_Pages/PaymentEntry_Page/input_billingCity' is: 'GAMBRILLS'

2024-02-06 17:01:24 - [MESSAGE][PASSED] - Attribute 'value' of object 'Object Repository/RAD_Pages/PaymentEntry_Page/input_billingCity' is: 'GAMBRILLS'

2024-02-06 17:01:24 - [TEST_STEP][PASSED] - verifyMatch("GAMBRILLS", city, false): Actual text 'GAMBRILLS' and expected text 'GAMBRILLS' are matched 

2024-02-06 17:01:24 - [MESSAGE][PASSED] - Actual text 'GAMBRILLS' and expected text 'GAMBRILLS' are matched 

2024-02-06 17:01:24 - [TEST_STEP][PASSED] - email = getAttribute(findTestObject("Object Repository/RAD_Pages/PaymentEntry_Page/input_emailAddress"), "value"): Attribute 'value' of object 'Object Repository/RAD_Pages/PaymentEntry_Page/input_emailAddress' is: 'iahmed@govolution.com'

2024-02-06 17:01:24 - [MESSAGE][PASSED] - Attribute 'value' of object 'Object Repository/RAD_Pages/PaymentEntry_Page/input_emailAddress' is: 'iahmed@govolution.com'

2024-02-06 17:01:24 - [TEST_STEP][PASSED] - verifyMatch("iahmed@govolution.com", email, false): Actual text 'iahmed@govolution.com' and expected text 'iahmed@govolution.com' are matched 

2024-02-06 17:01:24 - [MESSAGE][PASSED] - Actual text 'iahmed@govolution.com' and expected text 'iahmed@govolution.com' are matched 

2024-02-06 17:01:24 - [TEST_STEP][PASSED] - amount = getAttribute(findTestObject("Object Repository/RAD_Pages/PaymentEntry_Page/input_amount"), "value"): Attribute 'value' of object 'Object Repository/RAD_Pages/PaymentEntry_Page/input_amount' is: '100.00'

2024-02-06 17:01:25 - [MESSAGE][PASSED] - Attribute 'value' of object 'Object Repository/RAD_Pages/PaymentEntry_Page/input_amount' is: '100.00'

2024-02-06 17:01:25 - [TEST_STEP][PASSED] - verifyMatch("100.00", amount, false): Actual text '100.00' and expected text '100.00' are matched 

2024-02-06 17:01:25 - [MESSAGE][PASSED] - Actual text '100.00' and expected text '100.00' are matched 

2024-02-06 17:01:25 - [TEST_STEP][PASSED] - amountReadOnly = getAttribute(findTestObject("Object Repository/RAD_Pages/PaymentEntry_Page/input_amount"), "readonly"): Attribute 'readonly' of object 'Object Repository/RAD_Pages/PaymentEntry_Page/input_amount' is: 'true'

2024-02-06 17:01:25 - [MESSAGE][PASSED] - Attribute 'readonly' of object 'Object Repository/RAD_Pages/PaymentEntry_Page/input_amount' is: 'true'

2024-02-06 17:01:25 - [TEST_STEP][PASSED] - verifyMatch("true", amountReadOnly, false): Actual text 'true' and expected text 'true' are matched 

2024-02-06 17:01:25 - [MESSAGE][PASSED] - Actual text 'true' and expected text 'true' are matched 

2024-02-06 17:01:25 - [TEST_STEP][PASSED] - verifyOptionSelectedByLabel(findTestObject("Object Repository/RAD_Pages/PaymentEntry_Page/select_Country"), "United States", false, 20): All options with label 'United States' are selected in object 'Object Repository/RAD_Pages/PaymentEntry_Page/select_Country' 

2024-02-06 17:01:26 - [MESSAGE][PASSED] - All options with label 'United States' are selected in object 'Object Repository/RAD_Pages/PaymentEntry_Page/select_Country' 

2024-02-06 17:01:26 - [TEST_STEP][PASSED] - verifyOptionSelectedByLabel(findTestObject("Object Repository/RAD_Pages/PaymentEntry_Page/select_State"), "Maryland", false, 20): All options with label 'Maryland' are selected in object 'Object Repository/RAD_Pages/PaymentEntry_Page/select_State' 

2024-02-06 17:01:29 - [MESSAGE][PASSED] - All options with label 'Maryland' are selected in object 'Object Repository/RAD_Pages/PaymentEntry_Page/select_State' 

2024-02-06 17:01:29 - [TEST_STEP][PASSED] - setText(findTestObject(orPath_PaymentEntry + "/input__cardNumber"), "4111111111111111"): Text '4111111111111111' is set on object 'Object Repository/RAD_Pages/PaymentEntry_Page/input__cardNumber'

2024-02-06 17:01:29 - [MESSAGE][PASSED] - Text '4111111111111111' is set on object 'Object Repository/RAD_Pages/PaymentEntry_Page/input__cardNumber'

2024-02-06 17:01:29 - [TEST_STEP][PASSED] - setText(findTestObject(orPath_PaymentEntry + "/input__spc"), "123"): Text '123' is set on object 'Object Repository/RAD_Pages/PaymentEntry_Page/input__spc'

2024-02-06 17:01:30 - [MESSAGE][PASSED] - Text '123' is set on object 'Object Repository/RAD_Pages/PaymentEntry_Page/input__spc'

2024-02-06 17:01:30 - [TEST_STEP][PASSED] - selectOptionByLabel(findTestObject(orPath_PaymentEntry + "/select_MM"), "12", false): All options with label '12' are selected in object 'Object Repository/RAD_Pages/PaymentEntry_Page/select_MM' 

2024-02-06 17:01:31 - [MESSAGE][PASSED] - All options with label '12' are selected in object 'Object Repository/RAD_Pages/PaymentEntry_Page/select_MM' 

2024-02-06 17:01:31 - [TEST_STEP][PASSED] - selectOptionByLabel(findTestObject(orPath_PaymentEntry + "/select_YYYY"), "2028", false): All options with label '2028' are selected in object 'Object Repository/RAD_Pages/PaymentEntry_Page/select_YYYY' 

2024-02-06 17:01:31 - [MESSAGE][PASSED] - All options with label '2028' are selected in object 'Object Repository/RAD_Pages/PaymentEntry_Page/select_YYYY' 

2024-02-06 17:01:31 - [TEST_STEP][PASSED] - click(findTestObject(orPath_PaymentEntry + "/input_Field_ccSubmit")): Object: 'Object Repository/RAD_Pages/PaymentEntry_Page/input_Field_ccSubmit' is clicked on

2024-02-06 17:01:32 - [MESSAGE][PASSED] - Object: 'Object Repository/RAD_Pages/PaymentEntry_Page/input_Field_ccSubmit' is clicked on

2024-02-06 17:01:32 - [TEST_STEP][PASSED] - click(findTestObject(orPath_PaymentConfirmation + "/input_N_confirmNotifyAction")): Object: 'Object Repository/RAD_Pages/PaymentConfirmation_Page/input_N_confirmNotifyAction' is clicked on

2024-02-06 17:01:33 - [MESSAGE][PASSED] - Object: 'Object Repository/RAD_Pages/PaymentConfirmation_Page/input_N_confirmNotifyAction' is clicked on

2024-02-06 17:01:33 - [TEST_STEP][PASSED] - verifyTextPresent("Service Fee Acceptance", true): Text 'Service Fee Acceptance' is present on page  using regular expression

2024-02-06 17:01:34 - [MESSAGE][PASSED] - Text 'Service Fee Acceptance' is present on page  using regular expression

2024-02-06 17:01:34 - [TEST_STEP][PASSED] - verifyTextPresent("This transaction is subject to a Service Fee of ", true): Text 'This transaction is subject to a Service Fee of ' is present on page  using regular expression

2024-02-06 17:01:34 - [MESSAGE][PASSED] - Text 'This transaction is subject to a Service Fee of ' is present on page  using regular expression

2024-02-06 17:01:34 - [TEST_STEP][PASSED] - verifyTextPresent("Payment Amount:", true): Text 'Payment Amount:' is present on page  using regular expression

2024-02-06 17:01:34 - [MESSAGE][PASSED] - Text 'Payment Amount:' is present on page  using regular expression

2024-02-06 17:01:34 - [TEST_STEP][PASSED] - verifyTextPresent("100.00", true): Text '100.00' is present on page  using regular expression

2024-02-06 17:01:35 - [MESSAGE][PASSED] - Text '100.00' is present on page  using regular expression

2024-02-06 17:01:35 - [TEST_STEP][PASSED] - verifyTextPresent("Service Fee:", true): Text 'Service Fee:' is present on page  using regular expression

2024-02-06 17:01:35 - [MESSAGE][PASSED] - Text 'Service Fee:' is present on page  using regular expression

2024-02-06 17:01:35 - [TEST_STEP][PASSED] - verifyTextPresent("2.45", true): Text '2.45' is present on page  using regular expression

2024-02-06 17:01:35 - [MESSAGE][PASSED] - Text '2.45' is present on page  using regular expression

2024-02-06 17:01:35 - [TEST_STEP][PASSED] - verifyTextPresent("Total Amount:", true): Text 'Total Amount:' is present on page  using regular expression

2024-02-06 17:01:35 - [MESSAGE][PASSED] - Text 'Total Amount:' is present on page  using regular expression

2024-02-06 17:01:35 - [TEST_STEP][PASSED] - verifyTextPresent("102.45", true): Text '102.45' is present on page  using regular expression

2024-02-06 17:01:36 - [MESSAGE][PASSED] - Text '102.45' is present on page  using regular expression

2024-02-06 17:01:36 - [TEST_STEP][PASSED] - verifyTextPresent("Two transactions will appear on your bank statement, one in the amount of", true): Text 'Two transactions will appear on your bank statement, one in the amount of' is present on page  using regular expression

2024-02-06 17:01:36 - [MESSAGE][PASSED] - Text 'Two transactions will appear on your bank statement, one in the amount of' is present on page  using regular expression

2024-02-06 17:01:36 - [TEST_STEP][PASSED] - if (verifyElementPresent(findTestObject(orPath_ServiceFeesAccept + "/input_convFeeNotifyAction"), 30)): null

2024-02-06 17:01:36 - [MESSAGE][PASSED] - Object 'Object Repository/RAD_Pages/ServiceFeeAccept_Page/input_convFeeNotifyAction' is present

2024-02-06 17:01:36 - [TEST_STEP][PASSED] - resText = "Pass": null

2024-02-06 17:01:36 - [TEST_STEP][PASSED] - pages.WriteExcel.demoKey(resText, datText, resColumn, datCloumn, fileLoc, nameSheet, row): pages.WriteExcel.demoKey is PASSED

2024-02-06 17:01:36 - [MESSAGE][PASSED] - pages.WriteExcel.demoKey is PASSED

2024-02-06 17:01:36 - [TEST_STEP][PASSED] - if (execProfile == "QAProfile" || execProfile == "QA2Profile"): Text 'Successful Payment Receipt' is present on page  using regular expression

2024-02-06 17:01:36 - [TEST_STEP][PASSED] - click(findTestObject(orPath_ServiceFeesAccept + "/input_convFeeNotifyAction")): Object: 'Object Repository/RAD_Pages/ServiceFeeAccept_Page/input_convFeeNotifyAction' is clicked on

2024-02-06 17:01:37 - [MESSAGE][PASSED] - Object: 'Object Repository/RAD_Pages/ServiceFeeAccept_Page/input_convFeeNotifyAction' is clicked on

2024-02-06 17:01:37 - [TEST_STEP][PASSED] - delay(10): Delayed 10 second(s)

2024-02-06 17:01:47 - [MESSAGE][PASSED] - Delayed 10 second(s)

2024-02-06 17:01:47 - [TEST_STEP][PASSED] - verifyTextPresent("Successful Payment Receipt", true): Text 'Successful Payment Receipt' is present on page  using regular expression

2024-02-06 17:01:47 - [MESSAGE][PASSED] - Text 'Successful Payment Receipt' is present on page  using regular expression

2024-02-06 17:01:47 - [TEST_STEP][PASSED] - ExecuteTC = findTestData(dataFile).getValue("Execute", row): null

2024-02-06 17:01:47 - [TEST_STEP][PASSED] - TaxType = findTestData(dataFile).getValue("TaxType", row): null

2024-02-06 17:01:48 - [TEST_STEP][PASSED] - PaymentType = findTestData(dataFile).getValue("PaymentType", row): null

2024-02-06 17:01:48 - [TEST_STEP][PASSED] - FilingYear = findTestData(dataFile).getValue("Year", row): null

2024-02-06 17:01:48 - [TEST_STEP][PASSED] - feinSSN = findTestData(dataFile).getValue("FeinSsn", row): null

2024-02-06 17:01:48 - [TEST_STEP][PASSED] - if (ExecuteTC.equalsIgnoreCase("Y")): null

2024-02-06 17:01:48 - [TEST_STEP][PASSED] - out.println("Begin Record Number: " + row): null

2024-02-06 17:01:48 - [TEST_STEP][PASSED] - today = new java.util.Date(): null

2024-02-06 17:01:48 - [TEST_STEP][PASSED] - println(today): null

2024-02-06 17:01:48 - [TEST_STEP][PASSED] - datText = today: null

2024-02-06 17:01:48 - [TEST_STEP][PASSED] - logInfo("Payment Type: New Tax Return Amount Due"): Payment Type: New Tax Return Amount Due

2024-02-06 17:01:48 - [MESSAGE][INFO] - Payment Type: New Tax Return Amount Due

2024-02-06 17:01:48 - [TEST_STEP][PASSED] - logInfo("Tax Type: " + TaxType): Tax Type: Tobacco Tax

2024-02-06 17:01:48 - [MESSAGE][INFO] - Tax Type: Tobacco Tax

2024-02-06 17:01:48 - [TEST_STEP][PASSED] - openBrowser(""): Browser is opened with url: ''

2024-02-06 17:01:48 - [MESSAGE][WARNING] - A browser is already opened. Closing browser and opening a new one

2024-02-06 17:01:49 - [MESSAGE][INFO] - Starting 'Chrome' driver

2024-02-06 17:01:49 - [MESSAGE][INFO] - User set preference: ['acceptInsecureCerts', 'true']

2024-02-06 17:01:49 - [MESSAGE][INFO] - Action delay is set to 0 milliseconds

2024-02-06 17:01:51 - [MESSAGE][PASSED] - Browser is opened with url: ''

2024-02-06 17:01:51 - [TEST_STEP][PASSED] - maximizeWindow(): Current window maximized

2024-02-06 17:01:51 - [MESSAGE][PASSED] - Current window maximized

2024-02-06 17:01:51 - [TEST_STEP][PASSED] - navigateToUrl(RADurl): Navigate to 'https://qa2.velocitypayment.com/client/rad/index.html' successfully

2024-02-06 17:01:52 - [MESSAGE][PASSED] - Navigate to 'https://qa2.velocitypayment.com/client/rad/index.html' successfully

2024-02-06 17:01:52 - [TEST_STEP][PASSED] - selectOptionByLabel(findTestObject(orPath_Landing + "/dd_TaxType"), "New Tax Return Amount Due", false): All options with label 'New Tax Return Amount Due' are selected in object 'Object Repository/RAD_Pages/Landing_Page/dd_TaxType' 

2024-02-06 17:01:53 - [MESSAGE][PASSED] - All options with label 'New Tax Return Amount Due' are selected in object 'Object Repository/RAD_Pages/Landing_Page/dd_TaxType' 

2024-02-06 17:01:53 - [TEST_STEP][PASSED] - selectOptionByLabel(findTestObject("Object Repository/RAD_Pages/Landing_Page/select_NewTaxReturnAmountDue_TaxType"), TaxType, false): All options with label 'Tobacco Tax' are selected in object 'Object Repository/RAD_Pages/Landing_Page/select_NewTaxReturnAmountDue_TaxType' 

2024-02-06 17:01:54 - [MESSAGE][PASSED] - All options with label 'Tobacco Tax' are selected in object 'Object Repository/RAD_Pages/Landing_Page/select_NewTaxReturnAmountDue_TaxType' 

2024-02-06 17:01:54 - [TEST_STEP][PASSED] - selectOptionByLabel(findTestObject(orPath_TaxTypeFilingYear + "/select_FilingYear"), FilingYear, false): All options with label '2023' are selected in object 'Object Repository/RAD_Pages/TaxTypeFilingYear_Page/select_FilingYear' 

2024-02-06 17:01:54 - [MESSAGE][PASSED] - All options with label '2023' are selected in object 'Object Repository/RAD_Pages/TaxTypeFilingYear_Page/select_FilingYear' 

2024-02-06 17:01:54 - [TEST_STEP][PASSED] - rad.getSetDataRAD.setDataRADBusinessName(): rad.getSetDataRAD.setDataRADBusinessName is PASSED

2024-02-06 17:01:55 - [MESSAGE][PASSED] - Text 'My Company' is set on object 'Object Repository/RAD_Pages/Taxpayer_Page/input_businessName'

2024-02-06 17:01:55 - [MESSAGE][PASSED] - rad.getSetDataRAD.setDataRADBusinessName is PASSED

2024-02-06 17:01:55 - [TEST_STEP][PASSED] - rad.getSetDataRAD.setDataRADBusinessRep(): rad.getSetDataRAD.setDataRADBusinessRep is PASSED

2024-02-06 17:01:56 - [MESSAGE][PASSED] - Text 'BusRepFname' is set on object 'Object Repository/RAD_Pages/Taxpayer_Page/input_BusinessRepfirstName'

2024-02-06 17:01:57 - [MESSAGE][PASSED] - Text '' is set on object 'Object Repository/RAD_Pages/Taxpayer_Page/input_BusinessRepmiddleName'

2024-02-06 17:01:58 - [MESSAGE][PASSED] - Text 'BusRepLname' is set on object 'Object Repository/RAD_Pages/Taxpayer_Page/input_BusinessReplastName'

2024-02-06 17:01:58 - [MESSAGE][PASSED] - Text '' is set on object 'Object Repository/RAD_Pages/Taxpayer_Page/input_BusinessRepsuffix'

2024-02-06 17:01:58 - [MESSAGE][PASSED] - rad.getSetDataRAD.setDataRADBusinessRep is PASSED

2024-02-06 17:01:58 - [TEST_STEP][PASSED] - rad.getSetDataRAD.setDataRADAddress(): rad.getSetDataRAD.setDataRADAddress is PASSED

2024-02-06 17:01:59 - [MESSAGE][PASSED] - All options with label 'United States' are selected in object 'Object Repository/RAD_Pages/AddressAndContactInfo_Page/select_Country' 

2024-02-06 17:02:00 - [MESSAGE][PASSED] - Text '2508 Mandan Terrace' is set on object 'Object Repository/RAD_Pages/AddressAndContactInfo_Page/input_streetAddress1'

2024-02-06 17:02:00 - [MESSAGE][PASSED] - Text '' is set on object 'Object Repository/RAD_Pages/AddressAndContactInfo_Page/input_streetAddress2'

2024-02-06 17:02:01 - [MESSAGE][PASSED] - Text 'Gambrills' is set on object 'Object Repository/RAD_Pages/AddressAndContactInfo_Page/input_city'

2024-02-06 17:02:02 - [MESSAGE][PASSED] - All options with label 'Maryland' are selected in object 'Object Repository/RAD_Pages/AddressAndContactInfo_Page/select_State' 

2024-02-06 17:02:03 - [MESSAGE][PASSED] - Text '21054' is set on object 'Object Repository/RAD_Pages/AddressAndContactInfo_Page/input_zipCode'

2024-02-06 17:02:03 - [MESSAGE][PASSED] - Text '(703) 894-5000' is set on object 'Object Repository/RAD_Pages/AddressAndContactInfo_Page/input_phoneNumber'

2024-02-06 17:02:04 - [MESSAGE][PASSED] - Text 'iahmed@govolution.com' is set on object 'Object Repository/RAD_Pages/AddressAndContactInfo_Page/input_eMailAddress'

2024-02-06 17:02:05 - [MESSAGE][PASSED] - Text 'iahmed@govolution.com' is set on object 'Object Repository/RAD_Pages/AddressAndContactInfo_Page/input_reEnterEMailAddress'

2024-02-06 17:02:05 - [MESSAGE][PASSED] - rad.getSetDataRAD.setDataRADAddress is PASSED

2024-02-06 17:02:05 - [TEST_STEP][PASSED] - if (feinSSN.equalsIgnoreCase("Y")): rad.getSetDataRAD.setDataRADFEINSSN is PASSED

2024-02-06 17:02:05 - [TEST_STEP][PASSED] - rad.getSetDataRAD.setDataRADFEINSSN(): rad.getSetDataRAD.setDataRADFEINSSN is PASSED

2024-02-06 17:02:06 - [MESSAGE][PASSED] - Text ****** has been set on object 'Object Repository/RAD_Pages/TaxInfo_Page/input_TaxInfo_FeinSsn_New_2'

2024-02-06 17:02:06 - [MESSAGE][PASSED] - Text ****** has been set on object 'Object Repository/RAD_Pages/TaxInfo_Page/input_TaxInfo_RetypeFeinSsn_New_2'

2024-02-06 17:02:06 - [MESSAGE][PASSED] - rad.getSetDataRAD.setDataRADFEINSSN is PASSED

2024-02-06 17:02:06 - [TEST_STEP][PASSED] - if (TaxType.equalsIgnoreCase("Estate Tax")): null

2024-02-06 17:02:06 - [TEST_STEP][PASSED] - setText(findTestObject(orPath_Amount + "/input__paymentAmount"), "100.00"): Text '100.00' is set on object 'Object Repository/RAD_Pages/PaymentAmount_Page/input__paymentAmount'

2024-02-06 17:02:07 - [MESSAGE][PASSED] - Text '100.00' is set on object 'Object Repository/RAD_Pages/PaymentAmount_Page/input__paymentAmount'

2024-02-06 17:02:07 - [TEST_STEP][PASSED] - setText(findTestObject(orPath_AddressContact + "/input_streetAddress2"), ""): Text '' is set on object 'Object Repository/RAD_Pages/AddressAndContactInfo_Page/input_streetAddress2'

2024-02-06 17:02:08 - [MESSAGE][PASSED] - Text '' is set on object 'Object Repository/RAD_Pages/AddressAndContactInfo_Page/input_streetAddress2'

2024-02-06 17:02:08 - [TEST_STEP][PASSED] - scrollToElement(findTestObject(orPath_Landing + "/button_Continue"), 3): Scroll to object 'Object Repository/RAD_Pages/Landing_Page/button_Continue' successfully

2024-02-06 17:02:09 - [MESSAGE][PASSED] - Scroll to object 'Object Repository/RAD_Pages/Landing_Page/button_Continue' successfully

2024-02-06 17:02:09 - [TEST_STEP][PASSED] - waitForElementClickable(findTestObject(orPath_Landing + "/button_Continue"), 5): Object 'Object Repository/RAD_Pages/Landing_Page/button_Continue' is clickable

2024-02-06 17:02:09 - [MESSAGE][PASSED] - Object 'Object Repository/RAD_Pages/Landing_Page/button_Continue' is clickable

2024-02-06 17:02:09 - [TEST_STEP][PASSED] - click(findTestObject(orPath_Landing + "/button_Continue")): Object: 'Object Repository/RAD_Pages/Landing_Page/button_Continue' is clicked on

2024-02-06 17:02:09 - [MESSAGE][PASSED] - Object: 'Object Repository/RAD_Pages/Landing_Page/button_Continue' is clicked on

2024-02-06 17:02:09 - [TEST_STEP][PASSED] - delay(2): Delayed 2 second(s)

2024-02-06 17:02:11 - [MESSAGE][PASSED] - Delayed 2 second(s)

2024-02-06 17:02:11 - [TEST_STEP][PASSED] - click(findTestObject(orPath_Summary + "/button_Proceed to Payment")): Object: 'Object Repository/RAD_Pages/Summary_Page/button_Proceed to Payment' is clicked on

2024-02-06 17:02:12 - [MESSAGE][PASSED] - Object: 'Object Repository/RAD_Pages/Summary_Page/button_Proceed to Payment' is clicked on

2024-02-06 17:02:12 - [TEST_STEP][PASSED] - if (verifyElementPresent(findTestObject("Object Repository/RAD_Pages/PaymentEntry_Page/input__billingName"), 30)): null

2024-02-06 17:02:13 - [MESSAGE][PASSED] - Object 'Object Repository/RAD_Pages/PaymentEntry_Page/input__billingName' is present

2024-02-06 17:02:13 - [TEST_STEP][PASSED] - verifyTextPresent("Comptroller of Maryland", true): Text 'Comptroller of Maryland' is present on page  using regular expression

2024-02-06 17:02:13 - [MESSAGE][PASSED] - Text 'Comptroller of Maryland' is present on page  using regular expression

2024-02-06 17:02:13 - [TEST_STEP][PASSED] - verifyTextPresent("Revenue Administration Division", true): Text 'Revenue Administration Division' is present on page  using regular expression

2024-02-06 17:02:14 - [MESSAGE][PASSED] - Text 'Revenue Administration Division' is present on page  using regular expression

2024-02-06 17:02:14 - [TEST_STEP][PASSED] - verifyTextPresent("Payment Information", true): Text 'Payment Information' is present on page  using regular expression

2024-02-06 17:02:14 - [MESSAGE][PASSED] - Text 'Payment Information' is present on page  using regular expression

2024-02-06 17:02:14 - [TEST_STEP][PASSED] - card_Name = getAttribute(findTestObject("Object Repository/RAD_Pages/PaymentEntry_Page/input__billingName"), "value"): Attribute 'value' of object 'Object Repository/RAD_Pages/PaymentEntry_Page/input__billingName' is: 'BusRepFname BusRepLname'

2024-02-06 17:02:14 - [MESSAGE][PASSED] - Attribute 'value' of object 'Object Repository/RAD_Pages/PaymentEntry_Page/input__billingName' is: 'BusRepFname BusRepLname'

2024-02-06 17:02:14 - [TEST_STEP][PASSED] - verifyMatch("BusRepFname BusRepLname", card_Name, false): Actual text 'BusRepFname BusRepLname' and expected text 'BusRepFname BusRepLname' are matched 

2024-02-06 17:02:14 - [MESSAGE][PASSED] - Actual text 'BusRepFname BusRepLname' and expected text 'BusRepFname BusRepLname' are matched 

2024-02-06 17:02:14 - [TEST_STEP][PASSED] - AL1 = getAttribute(findTestObject("Object Repository/RAD_Pages/PaymentEntry_Page/input_billingAddress"), "value"): Attribute 'value' of object 'Object Repository/RAD_Pages/PaymentEntry_Page/input_billingAddress' is: '2508 Mandan Terrace'

2024-02-06 17:02:15 - [MESSAGE][PASSED] - Attribute 'value' of object 'Object Repository/RAD_Pages/PaymentEntry_Page/input_billingAddress' is: '2508 Mandan Terrace'

2024-02-06 17:02:15 - [TEST_STEP][PASSED] - verifyMatch("2508 Mandan Terrace", AL1, false): Actual text '2508 Mandan Terrace' and expected text '2508 Mandan Terrace' are matched 

2024-02-06 17:02:15 - [MESSAGE][PASSED] - Actual text '2508 Mandan Terrace' and expected text '2508 Mandan Terrace' are matched 

2024-02-06 17:02:15 - [TEST_STEP][PASSED] - AL2 = getAttribute(findTestObject("Object Repository/RAD_Pages/PaymentEntry_Page/input_billingAddress2"), "value"): Attribute 'value' of object 'Object Repository/RAD_Pages/PaymentEntry_Page/input_billingAddress2' is: ''

2024-02-06 17:02:15 - [MESSAGE][PASSED] - Attribute 'value' of object 'Object Repository/RAD_Pages/PaymentEntry_Page/input_billingAddress2' is: ''

2024-02-06 17:02:15 - [TEST_STEP][PASSED] - verifyMatch("", AL2, false): Actual text '' and expected text '' are matched 

2024-02-06 17:02:15 - [MESSAGE][PASSED] - Actual text '' and expected text '' are matched 

2024-02-06 17:02:15 - [TEST_STEP][PASSED] - zipCode = getAttribute(findTestObject("Object Repository/RAD_Pages/PaymentEntry_Page/input_billingZip"), "value"): Attribute 'value' of object 'Object Repository/RAD_Pages/PaymentEntry_Page/input_billingZip' is: '21054'

2024-02-06 17:02:15 - [MESSAGE][PASSED] - Attribute 'value' of object 'Object Repository/RAD_Pages/PaymentEntry_Page/input_billingZip' is: '21054'

2024-02-06 17:02:15 - [TEST_STEP][PASSED] - verifyMatch("21054", zipCode, false): Actual text '21054' and expected text '21054' are matched 

2024-02-06 17:02:15 - [MESSAGE][PASSED] - Actual text '21054' and expected text '21054' are matched 

2024-02-06 17:02:15 - [TEST_STEP][PASSED] - city = getAttribute(findTestObject("Object Repository/RAD_Pages/PaymentEntry_Page/input_billingCity"), "value"): Attribute 'value' of object 'Object Repository/RAD_Pages/PaymentEntry_Page/input_billingCity' is: 'GAMBRILLS'

2024-02-06 17:02:16 - [MESSAGE][PASSED] - Attribute 'value' of object 'Object Repository/RAD_Pages/PaymentEntry_Page/input_billingCity' is: 'GAMBRILLS'

2024-02-06 17:02:16 - [TEST_STEP][PASSED] - verifyMatch("GAMBRILLS", city, false): Actual text 'GAMBRILLS' and expected text 'GAMBRILLS' are matched 

2024-02-06 17:02:16 - [MESSAGE][PASSED] - Actual text 'GAMBRILLS' and expected text 'GAMBRILLS' are matched 

2024-02-06 17:02:16 - [TEST_STEP][PASSED] - email = getAttribute(findTestObject("Object Repository/RAD_Pages/PaymentEntry_Page/input_emailAddress"), "value"): Attribute 'value' of object 'Object Repository/RAD_Pages/PaymentEntry_Page/input_emailAddress' is: 'iahmed@govolution.com'

2024-02-06 17:02:16 - [MESSAGE][PASSED] - Attribute 'value' of object 'Object Repository/RAD_Pages/PaymentEntry_Page/input_emailAddress' is: 'iahmed@govolution.com'

2024-02-06 17:02:16 - [TEST_STEP][PASSED] - verifyMatch("iahmed@govolution.com", email, false): Actual text 'iahmed@govolution.com' and expected text 'iahmed@govolution.com' are matched 

2024-02-06 17:02:16 - [MESSAGE][PASSED] - Actual text 'iahmed@govolution.com' and expected text 'iahmed@govolution.com' are matched 

2024-02-06 17:02:16 - [TEST_STEP][PASSED] - amount = getAttribute(findTestObject("Object Repository/RAD_Pages/PaymentEntry_Page/input_amount"), "value"): Attribute 'value' of object 'Object Repository/RAD_Pages/PaymentEntry_Page/input_amount' is: '100.00'

2024-02-06 17:02:16 - [MESSAGE][PASSED] - Attribute 'value' of object 'Object Repository/RAD_Pages/PaymentEntry_Page/input_amount' is: '100.00'

2024-02-06 17:02:16 - [TEST_STEP][PASSED] - verifyMatch("100.00", amount, false): Actual text '100.00' and expected text '100.00' are matched 

2024-02-06 17:02:16 - [MESSAGE][PASSED] - Actual text '100.00' and expected text '100.00' are matched 

2024-02-06 17:02:16 - [TEST_STEP][PASSED] - amountReadOnly = getAttribute(findTestObject("Object Repository/RAD_Pages/PaymentEntry_Page/input_amount"), "readonly"): Attribute 'readonly' of object 'Object Repository/RAD_Pages/PaymentEntry_Page/input_amount' is: 'true'

2024-02-06 17:02:17 - [MESSAGE][PASSED] - Attribute 'readonly' of object 'Object Repository/RAD_Pages/PaymentEntry_Page/input_amount' is: 'true'

2024-02-06 17:02:17 - [TEST_STEP][PASSED] - verifyMatch("true", amountReadOnly, false): Actual text 'true' and expected text 'true' are matched 

2024-02-06 17:02:17 - [MESSAGE][PASSED] - Actual text 'true' and expected text 'true' are matched 

2024-02-06 17:02:17 - [TEST_STEP][PASSED] - verifyOptionSelectedByLabel(findTestObject("Object Repository/RAD_Pages/PaymentEntry_Page/select_Country"), "United States", false, 20): All options with label 'United States' are selected in object 'Object Repository/RAD_Pages/PaymentEntry_Page/select_Country' 

2024-02-06 17:02:18 - [MESSAGE][PASSED] - All options with label 'United States' are selected in object 'Object Repository/RAD_Pages/PaymentEntry_Page/select_Country' 

2024-02-06 17:02:18 - [TEST_STEP][PASSED] - verifyOptionSelectedByLabel(findTestObject("Object Repository/RAD_Pages/PaymentEntry_Page/select_State"), "Maryland", false, 20): All options with label 'Maryland' are selected in object 'Object Repository/RAD_Pages/PaymentEntry_Page/select_State' 

2024-02-06 17:02:20 - [MESSAGE][PASSED] - All options with label 'Maryland' are selected in object 'Object Repository/RAD_Pages/PaymentEntry_Page/select_State' 

2024-02-06 17:02:20 - [TEST_STEP][PASSED] - setText(findTestObject(orPath_PaymentEntry + "/input__cardNumber"), "4111111111111111"): Text '4111111111111111' is set on object 'Object Repository/RAD_Pages/PaymentEntry_Page/input__cardNumber'

2024-02-06 17:02:21 - [MESSAGE][PASSED] - Text '4111111111111111' is set on object 'Object Repository/RAD_Pages/PaymentEntry_Page/input__cardNumber'

2024-02-06 17:02:21 - [TEST_STEP][PASSED] - setText(findTestObject(orPath_PaymentEntry + "/input__spc"), "123"): Text '123' is set on object 'Object Repository/RAD_Pages/PaymentEntry_Page/input__spc'

2024-02-06 17:02:22 - [MESSAGE][PASSED] - Text '123' is set on object 'Object Repository/RAD_Pages/PaymentEntry_Page/input__spc'

2024-02-06 17:02:22 - [TEST_STEP][PASSED] - selectOptionByLabel(findTestObject(orPath_PaymentEntry + "/select_MM"), "12", false): All options with label '12' are selected in object 'Object Repository/RAD_Pages/PaymentEntry_Page/select_MM' 

2024-02-06 17:02:22 - [MESSAGE][PASSED] - All options with label '12' are selected in object 'Object Repository/RAD_Pages/PaymentEntry_Page/select_MM' 

2024-02-06 17:02:22 - [TEST_STEP][PASSED] - selectOptionByLabel(findTestObject(orPath_PaymentEntry + "/select_YYYY"), "2028", false): All options with label '2028' are selected in object 'Object Repository/RAD_Pages/PaymentEntry_Page/select_YYYY' 

2024-02-06 17:02:23 - [MESSAGE][PASSED] - All options with label '2028' are selected in object 'Object Repository/RAD_Pages/PaymentEntry_Page/select_YYYY' 

2024-02-06 17:02:23 - [TEST_STEP][PASSED] - click(findTestObject(orPath_PaymentEntry + "/input_Field_ccSubmit")): Object: 'Object Repository/RAD_Pages/PaymentEntry_Page/input_Field_ccSubmit' is clicked on

2024-02-06 17:02:24 - [MESSAGE][PASSED] - Object: 'Object Repository/RAD_Pages/PaymentEntry_Page/input_Field_ccSubmit' is clicked on

2024-02-06 17:02:24 - [TEST_STEP][PASSED] - click(findTestObject(orPath_PaymentConfirmation + "/input_N_confirmNotifyAction")): Object: 'Object Repository/RAD_Pages/PaymentConfirmation_Page/input_N_confirmNotifyAction' is clicked on

2024-02-06 17:02:25 - [MESSAGE][PASSED] - Object: 'Object Repository/RAD_Pages/PaymentConfirmation_Page/input_N_confirmNotifyAction' is clicked on

2024-02-06 17:02:25 - [TEST_STEP][PASSED] - verifyTextPresent("Service Fee Acceptance", true): Text 'Service Fee Acceptance' is present on page  using regular expression

2024-02-06 17:02:26 - [MESSAGE][PASSED] - Text 'Service Fee Acceptance' is present on page  using regular expression

2024-02-06 17:02:26 - [TEST_STEP][PASSED] - verifyTextPresent("This transaction is subject to a Service Fee of ", true): Text 'This transaction is subject to a Service Fee of ' is present on page  using regular expression

2024-02-06 17:02:26 - [MESSAGE][PASSED] - Text 'This transaction is subject to a Service Fee of ' is present on page  using regular expression

2024-02-06 17:02:26 - [TEST_STEP][PASSED] - verifyTextPresent("Payment Amount:", true): Text 'Payment Amount:' is present on page  using regular expression

2024-02-06 17:02:26 - [MESSAGE][PASSED] - Text 'Payment Amount:' is present on page  using regular expression

2024-02-06 17:02:26 - [TEST_STEP][PASSED] - verifyTextPresent("100.00", true): Text '100.00' is present on page  using regular expression

2024-02-06 17:02:27 - [MESSAGE][PASSED] - Text '100.00' is present on page  using regular expression

2024-02-06 17:02:27 - [TEST_STEP][PASSED] - verifyTextPresent("Service Fee:", true): Text 'Service Fee:' is present on page  using regular expression

2024-02-06 17:02:27 - [MESSAGE][PASSED] - Text 'Service Fee:' is present on page  using regular expression

2024-02-06 17:02:27 - [TEST_STEP][PASSED] - verifyTextPresent("2.45", true): Text '2.45' is present on page  using regular expression

2024-02-06 17:02:27 - [MESSAGE][PASSED] - Text '2.45' is present on page  using regular expression

2024-02-06 17:02:27 - [TEST_STEP][PASSED] - verifyTextPresent("Total Amount:", true): Text 'Total Amount:' is present on page  using regular expression

2024-02-06 17:02:28 - [MESSAGE][PASSED] - Text 'Total Amount:' is present on page  using regular expression

2024-02-06 17:02:28 - [TEST_STEP][PASSED] - verifyTextPresent("102.45", true): Text '102.45' is present on page  using regular expression

2024-02-06 17:02:28 - [MESSAGE][PASSED] - Text '102.45' is present on page  using regular expression

2024-02-06 17:02:28 - [TEST_STEP][PASSED] - verifyTextPresent("Two transactions will appear on your bank statement, one in the amount of", true): Text 'Two transactions will appear on your bank statement, one in the amount of' is present on page  using regular expression

2024-02-06 17:02:28 - [MESSAGE][PASSED] - Text 'Two transactions will appear on your bank statement, one in the amount of' is present on page  using regular expression

2024-02-06 17:02:28 - [TEST_STEP][PASSED] - if (verifyElementPresent(findTestObject(orPath_ServiceFeesAccept + "/input_convFeeNotifyAction"), 30)): null

2024-02-06 17:02:28 - [MESSAGE][PASSED] - Object 'Object Repository/RAD_Pages/ServiceFeeAccept_Page/input_convFeeNotifyAction' is present

2024-02-06 17:02:28 - [TEST_STEP][PASSED] - resText = "Pass": null

2024-02-06 17:02:28 - [TEST_STEP][PASSED] - pages.WriteExcel.demoKey(resText, datText, resColumn, datCloumn, fileLoc, nameSheet, row): pages.WriteExcel.demoKey is PASSED

2024-02-06 17:02:29 - [MESSAGE][PASSED] - pages.WriteExcel.demoKey is PASSED

2024-02-06 17:02:29 - [TEST_STEP][PASSED] - if (execProfile == "QAProfile" || execProfile == "QA2Profile"): Text 'Successful Payment Receipt' is present on page  using regular expression

2024-02-06 17:02:29 - [TEST_STEP][PASSED] - click(findTestObject(orPath_ServiceFeesAccept + "/input_convFeeNotifyAction")): Object: 'Object Repository/RAD_Pages/ServiceFeeAccept_Page/input_convFeeNotifyAction' is clicked on

2024-02-06 17:02:30 - [MESSAGE][PASSED] - Object: 'Object Repository/RAD_Pages/ServiceFeeAccept_Page/input_convFeeNotifyAction' is clicked on

2024-02-06 17:02:30 - [TEST_STEP][PASSED] - delay(10): Delayed 10 second(s)

2024-02-06 17:02:40 - [MESSAGE][PASSED] - Delayed 10 second(s)

2024-02-06 17:02:40 - [TEST_STEP][PASSED] - verifyTextPresent("Successful Payment Receipt", true): Text 'Successful Payment Receipt' is present on page  using regular expression

2024-02-06 17:02:40 - [MESSAGE][PASSED] - Text 'Successful Payment Receipt' is present on page  using regular expression

2024-02-06 17:02:40 - [TEST_STEP][PASSED] - ExecuteTC = findTestData(dataFile).getValue("Execute", row): null

2024-02-06 17:02:40 - [TEST_STEP][PASSED] - TaxType = findTestData(dataFile).getValue("TaxType", row): null

2024-02-06 17:02:40 - [TEST_STEP][PASSED] - PaymentType = findTestData(dataFile).getValue("PaymentType", row): null

2024-02-06 17:02:40 - [TEST_STEP][PASSED] - FilingYear = findTestData(dataFile).getValue("Year", row): null

2024-02-06 17:02:40 - [TEST_STEP][PASSED] - feinSSN = findTestData(dataFile).getValue("FeinSsn", row): null

2024-02-06 17:02:40 - [TEST_STEP][PASSED] - if (ExecuteTC.equalsIgnoreCase("Y")): null

2024-02-06 17:02:40 - [TEST_STEP][PASSED] - out.println("Begin Record Number: " + row): null

2024-02-06 17:02:40 - [TEST_STEP][PASSED] - today = new java.util.Date(): null

2024-02-06 17:02:40 - [TEST_STEP][PASSED] - println(today): null

2024-02-06 17:02:40 - [TEST_STEP][PASSED] - datText = today: null

2024-02-06 17:02:40 - [TEST_STEP][PASSED] - logInfo("Payment Type: New Tax Return Amount Due"): Payment Type: New Tax Return Amount Due

2024-02-06 17:02:40 - [MESSAGE][INFO] - Payment Type: New Tax Return Amount Due

2024-02-06 17:02:40 - [TEST_STEP][PASSED] - logInfo("Tax Type: " + TaxType): Tax Type: Transportation Network Services

2024-02-06 17:02:40 - [MESSAGE][INFO] - Tax Type: Transportation Network Services

2024-02-06 17:02:40 - [TEST_STEP][PASSED] - openBrowser(""): Browser is opened with url: ''

2024-02-06 17:02:40 - [MESSAGE][WARNING] - A browser is already opened. Closing browser and opening a new one

2024-02-06 17:02:41 - [MESSAGE][INFO] - Starting 'Chrome' driver

2024-02-06 17:02:41 - [MESSAGE][INFO] - User set preference: ['acceptInsecureCerts', 'true']

2024-02-06 17:02:41 - [MESSAGE][INFO] - Action delay is set to 0 milliseconds

2024-02-06 17:02:43 - [MESSAGE][PASSED] - Browser is opened with url: ''

2024-02-06 17:02:43 - [TEST_STEP][PASSED] - maximizeWindow(): Current window maximized

2024-02-06 17:02:43 - [MESSAGE][PASSED] - Current window maximized

2024-02-06 17:02:43 - [TEST_STEP][PASSED] - navigateToUrl(RADurl): Navigate to 'https://qa2.velocitypayment.com/client/rad/index.html' successfully

2024-02-06 17:02:45 - [MESSAGE][PASSED] - Navigate to 'https://qa2.velocitypayment.com/client/rad/index.html' successfully

2024-02-06 17:02:45 - [TEST_STEP][PASSED] - selectOptionByLabel(findTestObject(orPath_Landing + "/dd_TaxType"), "New Tax Return Amount Due", false): All options with label 'New Tax Return Amount Due' are selected in object 'Object Repository/RAD_Pages/Landing_Page/dd_TaxType' 

2024-02-06 17:02:45 - [MESSAGE][PASSED] - All options with label 'New Tax Return Amount Due' are selected in object 'Object Repository/RAD_Pages/Landing_Page/dd_TaxType' 

2024-02-06 17:02:45 - [TEST_STEP][PASSED] - selectOptionByLabel(findTestObject("Object Repository/RAD_Pages/Landing_Page/select_NewTaxReturnAmountDue_TaxType"), TaxType, false): All options with label 'Transportation Network Services' are selected in object 'Object Repository/RAD_Pages/Landing_Page/select_NewTaxReturnAmountDue_TaxType' 

2024-02-06 17:02:46 - [MESSAGE][PASSED] - All options with label 'Transportation Network Services' are selected in object 'Object Repository/RAD_Pages/Landing_Page/select_NewTaxReturnAmountDue_TaxType' 

2024-02-06 17:02:46 - [TEST_STEP][PASSED] - selectOptionByLabel(findTestObject(orPath_TaxTypeFilingYear + "/select_FilingYear"), FilingYear, false): All options with label '2023' are selected in object 'Object Repository/RAD_Pages/TaxTypeFilingYear_Page/select_FilingYear' 

2024-02-06 17:02:47 - [MESSAGE][PASSED] - All options with label '2023' are selected in object 'Object Repository/RAD_Pages/TaxTypeFilingYear_Page/select_FilingYear' 

2024-02-06 17:02:47 - [TEST_STEP][PASSED] - rad.getSetDataRAD.setDataRADBusinessName(): rad.getSetDataRAD.setDataRADBusinessName is PASSED

2024-02-06 17:02:48 - [MESSAGE][PASSED] - Text 'My Company' is set on object 'Object Repository/RAD_Pages/Taxpayer_Page/input_businessName'

2024-02-06 17:02:48 - [MESSAGE][PASSED] - rad.getSetDataRAD.setDataRADBusinessName is PASSED

2024-02-06 17:02:48 - [TEST_STEP][PASSED] - rad.getSetDataRAD.setDataRADBusinessRep(): rad.getSetDataRAD.setDataRADBusinessRep is PASSED

2024-02-06 17:02:48 - [MESSAGE][PASSED] - Text 'BusRepFname' is set on object 'Object Repository/RAD_Pages/Taxpayer_Page/input_BusinessRepfirstName'

2024-02-06 17:02:49 - [MESSAGE][PASSED] - Text '' is set on object 'Object Repository/RAD_Pages/Taxpayer_Page/input_BusinessRepmiddleName'

2024-02-06 17:02:50 - [MESSAGE][PASSED] - Text 'BusRepLname' is set on object 'Object Repository/RAD_Pages/Taxpayer_Page/input_BusinessReplastName'

2024-02-06 17:02:51 - [MESSAGE][PASSED] - Text '' is set on object 'Object Repository/RAD_Pages/Taxpayer_Page/input_BusinessRepsuffix'

2024-02-06 17:02:51 - [MESSAGE][PASSED] - rad.getSetDataRAD.setDataRADBusinessRep is PASSED

2024-02-06 17:02:51 - [TEST_STEP][PASSED] - rad.getSetDataRAD.setDataRADAddress(): rad.getSetDataRAD.setDataRADAddress is PASSED

2024-02-06 17:02:51 - [MESSAGE][PASSED] - All options with label 'United States' are selected in object 'Object Repository/RAD_Pages/AddressAndContactInfo_Page/select_Country' 

2024-02-06 17:02:52 - [MESSAGE][PASSED] - Text '2508 Mandan Terrace' is set on object 'Object Repository/RAD_Pages/AddressAndContactInfo_Page/input_streetAddress1'

2024-02-06 17:02:53 - [MESSAGE][PASSED] - Text '' is set on object 'Object Repository/RAD_Pages/AddressAndContactInfo_Page/input_streetAddress2'

2024-02-06 17:02:54 - [MESSAGE][PASSED] - Text 'Gambrills' is set on object 'Object Repository/RAD_Pages/AddressAndContactInfo_Page/input_city'

2024-02-06 17:02:54 - [MESSAGE][PASSED] - All options with label 'Maryland' are selected in object 'Object Repository/RAD_Pages/AddressAndContactInfo_Page/select_State' 

2024-02-06 17:02:55 - [MESSAGE][PASSED] - Text '21054' is set on object 'Object Repository/RAD_Pages/AddressAndContactInfo_Page/input_zipCode'

2024-02-06 17:02:56 - [MESSAGE][PASSED] - Text '(703) 894-5000' is set on object 'Object Repository/RAD_Pages/AddressAndContactInfo_Page/input_phoneNumber'

2024-02-06 17:02:57 - [MESSAGE][PASSED] - Text 'iahmed@govolution.com' is set on object 'Object Repository/RAD_Pages/AddressAndContactInfo_Page/input_eMailAddress'

2024-02-06 17:02:57 - [MESSAGE][PASSED] - Text 'iahmed@govolution.com' is set on object 'Object Repository/RAD_Pages/AddressAndContactInfo_Page/input_reEnterEMailAddress'

2024-02-06 17:02:57 - [MESSAGE][PASSED] - rad.getSetDataRAD.setDataRADAddress is PASSED

2024-02-06 17:02:57 - [TEST_STEP][PASSED] - if (feinSSN.equalsIgnoreCase("Y")): null

2024-02-06 17:02:57 - [TEST_STEP][PASSED] - else: rad.getSetDataRAD.setDataRADFEIN is PASSED

2024-02-06 17:02:57 - [TEST_STEP][PASSED] - if (!(TaxType.equalsIgnoreCase("Estate Tax"))): rad.getSetDataRAD.setDataRADFEIN is PASSED

2024-02-06 17:02:57 - [TEST_STEP][PASSED] - rad.getSetDataRAD.setDataRADFEIN(): rad.getSetDataRAD.setDataRADFEIN is PASSED

2024-02-06 17:02:58 - [MESSAGE][PASSED] - Text ****** has been set on object 'Object Repository/RAD_Pages/TaxInfo_Page/input_FederalEIN'

2024-02-06 17:02:59 - [MESSAGE][PASSED] - Text ****** has been set on object 'Object Repository/RAD_Pages/TaxInfo_Page/input_FederalEIN_ReEnter'

2024-02-06 17:02:59 - [MESSAGE][PASSED] - rad.getSetDataRAD.setDataRADFEIN is PASSED

2024-02-06 17:02:59 - [TEST_STEP][PASSED] - if (TaxType.equalsIgnoreCase("Estate Tax")): null

2024-02-06 17:02:59 - [TEST_STEP][PASSED] - setText(findTestObject(orPath_Amount + "/input__paymentAmount"), "100.00"): Text '100.00' is set on object 'Object Repository/RAD_Pages/PaymentAmount_Page/input__paymentAmount'

2024-02-06 17:02:59 - [MESSAGE][PASSED] - Text '100.00' is set on object 'Object Repository/RAD_Pages/PaymentAmount_Page/input__paymentAmount'

2024-02-06 17:02:59 - [TEST_STEP][PASSED] - setText(findTestObject(orPath_AddressContact + "/input_streetAddress2"), ""): Text '' is set on object 'Object Repository/RAD_Pages/AddressAndContactInfo_Page/input_streetAddress2'

2024-02-06 17:03:00 - [MESSAGE][PASSED] - Text '' is set on object 'Object Repository/RAD_Pages/AddressAndContactInfo_Page/input_streetAddress2'

2024-02-06 17:03:00 - [TEST_STEP][PASSED] - scrollToElement(findTestObject(orPath_Landing + "/button_Continue"), 3): Scroll to object 'Object Repository/RAD_Pages/Landing_Page/button_Continue' successfully

2024-02-06 17:03:01 - [MESSAGE][PASSED] - Scroll to object 'Object Repository/RAD_Pages/Landing_Page/button_Continue' successfully

2024-02-06 17:03:01 - [TEST_STEP][PASSED] - waitForElementClickable(findTestObject(orPath_Landing + "/button_Continue"), 5): Object 'Object Repository/RAD_Pages/Landing_Page/button_Continue' is clickable

2024-02-06 17:03:01 - [MESSAGE][PASSED] - Object 'Object Repository/RAD_Pages/Landing_Page/button_Continue' is clickable

2024-02-06 17:03:01 - [TEST_STEP][PASSED] - click(findTestObject(orPath_Landing + "/button_Continue")): Object: 'Object Repository/RAD_Pages/Landing_Page/button_Continue' is clicked on

2024-02-06 17:03:02 - [MESSAGE][PASSED] - Object: 'Object Repository/RAD_Pages/Landing_Page/button_Continue' is clicked on

2024-02-06 17:03:02 - [TEST_STEP][PASSED] - delay(2): Delayed 2 second(s)

2024-02-06 17:03:04 - [MESSAGE][PASSED] - Delayed 2 second(s)

2024-02-06 17:03:04 - [TEST_STEP][PASSED] - click(findTestObject(orPath_Summary + "/button_Proceed to Payment")): Object: 'Object Repository/RAD_Pages/Summary_Page/button_Proceed to Payment' is clicked on

2024-02-06 17:03:05 - [MESSAGE][PASSED] - Object: 'Object Repository/RAD_Pages/Summary_Page/button_Proceed to Payment' is clicked on

2024-02-06 17:03:05 - [TEST_STEP][PASSED] - if (verifyElementPresent(findTestObject("Object Repository/RAD_Pages/PaymentEntry_Page/input__billingName"), 30)): null

2024-02-06 17:03:05 - [MESSAGE][PASSED] - Object 'Object Repository/RAD_Pages/PaymentEntry_Page/input__billingName' is present

2024-02-06 17:03:05 - [TEST_STEP][PASSED] - verifyTextPresent("Comptroller of Maryland", true): Text 'Comptroller of Maryland' is present on page  using regular expression

2024-02-06 17:03:06 - [MESSAGE][PASSED] - Text 'Comptroller of Maryland' is present on page  using regular expression

2024-02-06 17:03:06 - [TEST_STEP][PASSED] - verifyTextPresent("Revenue Administration Division", true): Text 'Revenue Administration Division' is present on page  using regular expression

2024-02-06 17:03:06 - [MESSAGE][PASSED] - Text 'Revenue Administration Division' is present on page  using regular expression

2024-02-06 17:03:06 - [TEST_STEP][PASSED] - verifyTextPresent("Payment Information", true): Text 'Payment Information' is present on page  using regular expression

2024-02-06 17:03:06 - [MESSAGE][PASSED] - Text 'Payment Information' is present on page  using regular expression

2024-02-06 17:03:06 - [TEST_STEP][PASSED] - card_Name = getAttribute(findTestObject("Object Repository/RAD_Pages/PaymentEntry_Page/input__billingName"), "value"): Attribute 'value' of object 'Object Repository/RAD_Pages/PaymentEntry_Page/input__billingName' is: 'BusRepFname BusRepLname'

2024-02-06 17:03:07 - [MESSAGE][PASSED] - Attribute 'value' of object 'Object Repository/RAD_Pages/PaymentEntry_Page/input__billingName' is: 'BusRepFname BusRepLname'

2024-02-06 17:03:07 - [TEST_STEP][PASSED] - verifyMatch("BusRepFname BusRepLname", card_Name, false): Actual text 'BusRepFname BusRepLname' and expected text 'BusRepFname BusRepLname' are matched 

2024-02-06 17:03:07 - [MESSAGE][PASSED] - Actual text 'BusRepFname BusRepLname' and expected text 'BusRepFname BusRepLname' are matched 

2024-02-06 17:03:07 - [TEST_STEP][PASSED] - AL1 = getAttribute(findTestObject("Object Repository/RAD_Pages/PaymentEntry_Page/input_billingAddress"), "value"): Attribute 'value' of object 'Object Repository/RAD_Pages/PaymentEntry_Page/input_billingAddress' is: '2508 Mandan Terrace'

2024-02-06 17:03:07 - [MESSAGE][PASSED] - Attribute 'value' of object 'Object Repository/RAD_Pages/PaymentEntry_Page/input_billingAddress' is: '2508 Mandan Terrace'

2024-02-06 17:03:07 - [TEST_STEP][PASSED] - verifyMatch("2508 Mandan Terrace", AL1, false): Actual text '2508 Mandan Terrace' and expected text '2508 Mandan Terrace' are matched 

2024-02-06 17:03:07 - [MESSAGE][PASSED] - Actual text '2508 Mandan Terrace' and expected text '2508 Mandan Terrace' are matched 

2024-02-06 17:03:07 - [TEST_STEP][PASSED] - AL2 = getAttribute(findTestObject("Object Repository/RAD_Pages/PaymentEntry_Page/input_billingAddress2"), "value"): Attribute 'value' of object 'Object Repository/RAD_Pages/PaymentEntry_Page/input_billingAddress2' is: ''

2024-02-06 17:03:07 - [MESSAGE][PASSED] - Attribute 'value' of object 'Object Repository/RAD_Pages/PaymentEntry_Page/input_billingAddress2' is: ''

2024-02-06 17:03:07 - [TEST_STEP][PASSED] - verifyMatch("", AL2, false): Actual text '' and expected text '' are matched 

2024-02-06 17:03:07 - [MESSAGE][PASSED] - Actual text '' and expected text '' are matched 

2024-02-06 17:03:07 - [TEST_STEP][PASSED] - zipCode = getAttribute(findTestObject("Object Repository/RAD_Pages/PaymentEntry_Page/input_billingZip"), "value"): Attribute 'value' of object 'Object Repository/RAD_Pages/PaymentEntry_Page/input_billingZip' is: '21054'

2024-02-06 17:03:08 - [MESSAGE][PASSED] - Attribute 'value' of object 'Object Repository/RAD_Pages/PaymentEntry_Page/input_billingZip' is: '21054'

2024-02-06 17:03:08 - [TEST_STEP][PASSED] - verifyMatch("21054", zipCode, false): Actual text '21054' and expected text '21054' are matched 

2024-02-06 17:03:08 - [MESSAGE][PASSED] - Actual text '21054' and expected text '21054' are matched 

2024-02-06 17:03:08 - [TEST_STEP][PASSED] - city = getAttribute(findTestObject("Object Repository/RAD_Pages/PaymentEntry_Page/input_billingCity"), "value"): Attribute 'value' of object 'Object Repository/RAD_Pages/PaymentEntry_Page/input_billingCity' is: 'GAMBRILLS'

2024-02-06 17:03:08 - [MESSAGE][PASSED] - Attribute 'value' of object 'Object Repository/RAD_Pages/PaymentEntry_Page/input_billingCity' is: 'GAMBRILLS'

2024-02-06 17:03:08 - [TEST_STEP][PASSED] - verifyMatch("GAMBRILLS", city, false): Actual text 'GAMBRILLS' and expected text 'GAMBRILLS' are matched 

2024-02-06 17:03:08 - [MESSAGE][PASSED] - Actual text 'GAMBRILLS' and expected text 'GAMBRILLS' are matched 

2024-02-06 17:03:08 - [TEST_STEP][PASSED] - email = getAttribute(findTestObject("Object Repository/RAD_Pages/PaymentEntry_Page/input_emailAddress"), "value"): Attribute 'value' of object 'Object Repository/RAD_Pages/PaymentEntry_Page/input_emailAddress' is: 'iahmed@govolution.com'

2024-02-06 17:03:08 - [MESSAGE][PASSED] - Attribute 'value' of object 'Object Repository/RAD_Pages/PaymentEntry_Page/input_emailAddress' is: 'iahmed@govolution.com'

2024-02-06 17:03:08 - [TEST_STEP][PASSED] - verifyMatch("iahmed@govolution.com", email, false): Actual text 'iahmed@govolution.com' and expected text 'iahmed@govolution.com' are matched 

2024-02-06 17:03:08 - [MESSAGE][PASSED] - Actual text 'iahmed@govolution.com' and expected text 'iahmed@govolution.com' are matched 

2024-02-06 17:03:08 - [TEST_STEP][PASSED] - amount = getAttribute(findTestObject("Object Repository/RAD_Pages/PaymentEntry_Page/input_amount"), "value"): Attribute 'value' of object 'Object Repository/RAD_Pages/PaymentEntry_Page/input_amount' is: '100.00'

2024-02-06 17:03:09 - [MESSAGE][PASSED] - Attribute 'value' of object 'Object Repository/RAD_Pages/PaymentEntry_Page/input_amount' is: '100.00'

2024-02-06 17:03:09 - [TEST_STEP][PASSED] - verifyMatch("100.00", amount, false): Actual text '100.00' and expected text '100.00' are matched 

2024-02-06 17:03:09 - [MESSAGE][PASSED] - Actual text '100.00' and expected text '100.00' are matched 

2024-02-06 17:03:09 - [TEST_STEP][PASSED] - amountReadOnly = getAttribute(findTestObject("Object Repository/RAD_Pages/PaymentEntry_Page/input_amount"), "readonly"): Attribute 'readonly' of object 'Object Repository/RAD_Pages/PaymentEntry_Page/input_amount' is: 'true'

2024-02-06 17:03:09 - [MESSAGE][PASSED] - Attribute 'readonly' of object 'Object Repository/RAD_Pages/PaymentEntry_Page/input_amount' is: 'true'

2024-02-06 17:03:09 - [TEST_STEP][PASSED] - verifyMatch("true", amountReadOnly, false): Actual text 'true' and expected text 'true' are matched 

2024-02-06 17:03:09 - [MESSAGE][PASSED] - Actual text 'true' and expected text 'true' are matched 

2024-02-06 17:03:09 - [TEST_STEP][PASSED] - verifyOptionSelectedByLabel(findTestObject("Object Repository/RAD_Pages/PaymentEntry_Page/select_Country"), "United States", false, 20): All options with label 'United States' are selected in object 'Object Repository/RAD_Pages/PaymentEntry_Page/select_Country' 

2024-02-06 17:03:10 - [MESSAGE][PASSED] - All options with label 'United States' are selected in object 'Object Repository/RAD_Pages/PaymentEntry_Page/select_Country' 

2024-02-06 17:03:10 - [TEST_STEP][PASSED] - verifyOptionSelectedByLabel(findTestObject("Object Repository/RAD_Pages/PaymentEntry_Page/select_State"), "Maryland", false, 20): All options with label 'Maryland' are selected in object 'Object Repository/RAD_Pages/PaymentEntry_Page/select_State' 

2024-02-06 17:03:13 - [MESSAGE][PASSED] - All options with label 'Maryland' are selected in object 'Object Repository/RAD_Pages/PaymentEntry_Page/select_State' 

2024-02-06 17:03:13 - [TEST_STEP][PASSED] - setText(findTestObject(orPath_PaymentEntry + "/input__cardNumber"), "4111111111111111"): Text '4111111111111111' is set on object 'Object Repository/RAD_Pages/PaymentEntry_Page/input__cardNumber'

2024-02-06 17:03:13 - [MESSAGE][PASSED] - Text '4111111111111111' is set on object 'Object Repository/RAD_Pages/PaymentEntry_Page/input__cardNumber'

2024-02-06 17:03:13 - [TEST_STEP][PASSED] - setText(findTestObject(orPath_PaymentEntry + "/input__spc"), "123"): Text '123' is set on object 'Object Repository/RAD_Pages/PaymentEntry_Page/input__spc'

2024-02-06 17:03:14 - [MESSAGE][PASSED] - Text '123' is set on object 'Object Repository/RAD_Pages/PaymentEntry_Page/input__spc'

2024-02-06 17:03:14 - [TEST_STEP][PASSED] - selectOptionByLabel(findTestObject(orPath_PaymentEntry + "/select_MM"), "12", false): All options with label '12' are selected in object 'Object Repository/RAD_Pages/PaymentEntry_Page/select_MM' 

2024-02-06 17:03:15 - [MESSAGE][PASSED] - All options with label '12' are selected in object 'Object Repository/RAD_Pages/PaymentEntry_Page/select_MM' 

2024-02-06 17:03:15 - [TEST_STEP][PASSED] - selectOptionByLabel(findTestObject(orPath_PaymentEntry + "/select_YYYY"), "2028", false): All options with label '2028' are selected in object 'Object Repository/RAD_Pages/PaymentEntry_Page/select_YYYY' 

2024-02-06 17:03:15 - [MESSAGE][PASSED] - All options with label '2028' are selected in object 'Object Repository/RAD_Pages/PaymentEntry_Page/select_YYYY' 

2024-02-06 17:03:15 - [TEST_STEP][PASSED] - click(findTestObject(orPath_PaymentEntry + "/input_Field_ccSubmit")): Object: 'Object Repository/RAD_Pages/PaymentEntry_Page/input_Field_ccSubmit' is clicked on

2024-02-06 17:03:16 - [MESSAGE][PASSED] - Object: 'Object Repository/RAD_Pages/PaymentEntry_Page/input_Field_ccSubmit' is clicked on

2024-02-06 17:03:16 - [TEST_STEP][PASSED] - click(findTestObject(orPath_PaymentConfirmation + "/input_N_confirmNotifyAction")): Object: 'Object Repository/RAD_Pages/PaymentConfirmation_Page/input_N_confirmNotifyAction' is clicked on

2024-02-06 17:03:17 - [MESSAGE][PASSED] - Object: 'Object Repository/RAD_Pages/PaymentConfirmation_Page/input_N_confirmNotifyAction' is clicked on

2024-02-06 17:03:17 - [TEST_STEP][PASSED] - verifyTextPresent("Service Fee Acceptance", true): Text 'Service Fee Acceptance' is present on page  using regular expression

2024-02-06 17:03:18 - [MESSAGE][PASSED] - Text 'Service Fee Acceptance' is present on page  using regular expression

2024-02-06 17:03:18 - [TEST_STEP][PASSED] - verifyTextPresent("This transaction is subject to a Service Fee of ", true): Text 'This transaction is subject to a Service Fee of ' is present on page  using regular expression

2024-02-06 17:03:18 - [MESSAGE][PASSED] - Text 'This transaction is subject to a Service Fee of ' is present on page  using regular expression

2024-02-06 17:03:18 - [TEST_STEP][PASSED] - verifyTextPresent("Payment Amount:", true): Text 'Payment Amount:' is present on page  using regular expression

2024-02-06 17:03:18 - [MESSAGE][PASSED] - Text 'Payment Amount:' is present on page  using regular expression

2024-02-06 17:03:18 - [TEST_STEP][PASSED] - verifyTextPresent("100.00", true): Text '100.00' is present on page  using regular expression

2024-02-06 17:03:19 - [MESSAGE][PASSED] - Text '100.00' is present on page  using regular expression

2024-02-06 17:03:19 - [TEST_STEP][PASSED] - verifyTextPresent("Service Fee:", true): Text 'Service Fee:' is present on page  using regular expression

2024-02-06 17:03:19 - [MESSAGE][PASSED] - Text 'Service Fee:' is present on page  using regular expression

2024-02-06 17:03:19 - [TEST_STEP][PASSED] - verifyTextPresent("2.45", true): Text '2.45' is present on page  using regular expression

2024-02-06 17:03:19 - [MESSAGE][PASSED] - Text '2.45' is present on page  using regular expression

2024-02-06 17:03:19 - [TEST_STEP][PASSED] - verifyTextPresent("Total Amount:", true): Text 'Total Amount:' is present on page  using regular expression

2024-02-06 17:03:20 - [MESSAGE][PASSED] - Text 'Total Amount:' is present on page  using regular expression

2024-02-06 17:03:20 - [TEST_STEP][PASSED] - verifyTextPresent("102.45", true): Text '102.45' is present on page  using regular expression

2024-02-06 17:03:20 - [MESSAGE][PASSED] - Text '102.45' is present on page  using regular expression

2024-02-06 17:03:20 - [TEST_STEP][PASSED] - verifyTextPresent("Two transactions will appear on your bank statement, one in the amount of", true): Text 'Two transactions will appear on your bank statement, one in the amount of' is present on page  using regular expression

2024-02-06 17:03:20 - [MESSAGE][PASSED] - Text 'Two transactions will appear on your bank statement, one in the amount of' is present on page  using regular expression

2024-02-06 17:03:20 - [TEST_STEP][PASSED] - if (verifyElementPresent(findTestObject(orPath_ServiceFeesAccept + "/input_convFeeNotifyAction"), 30)): null

2024-02-06 17:03:20 - [MESSAGE][PASSED] - Object 'Object Repository/RAD_Pages/ServiceFeeAccept_Page/input_convFeeNotifyAction' is present

2024-02-06 17:03:20 - [TEST_STEP][PASSED] - resText = "Pass": null

2024-02-06 17:03:20 - [TEST_STEP][PASSED] - pages.WriteExcel.demoKey(resText, datText, resColumn, datCloumn, fileLoc, nameSheet, row): pages.WriteExcel.demoKey is PASSED

2024-02-06 17:03:21 - [MESSAGE][PASSED] - pages.WriteExcel.demoKey is PASSED

2024-02-06 17:03:21 - [TEST_STEP][PASSED] - if (execProfile == "QAProfile" || execProfile == "QA2Profile"): Text 'Successful Payment Receipt' is present on page  using regular expression

2024-02-06 17:03:21 - [TEST_STEP][PASSED] - click(findTestObject(orPath_ServiceFeesAccept + "/input_convFeeNotifyAction")): Object: 'Object Repository/RAD_Pages/ServiceFeeAccept_Page/input_convFeeNotifyAction' is clicked on

2024-02-06 17:03:21 - [MESSAGE][PASSED] - Object: 'Object Repository/RAD_Pages/ServiceFeeAccept_Page/input_convFeeNotifyAction' is clicked on

2024-02-06 17:03:21 - [TEST_STEP][PASSED] - delay(10): Delayed 10 second(s)

2024-02-06 17:03:31 - [MESSAGE][PASSED] - Delayed 10 second(s)

2024-02-06 17:03:31 - [TEST_STEP][PASSED] - verifyTextPresent("Successful Payment Receipt", true): Text 'Successful Payment Receipt' is present on page  using regular expression

2024-02-06 17:03:32 - [MESSAGE][PASSED] - Text 'Successful Payment Receipt' is present on page  using regular expression

2024-02-06 17:03:32 - [TEST_STEP][PASSED] - ExecuteTC = findTestData(dataFile).getValue("Execute", row): null

2024-02-06 17:03:32 - [TEST_STEP][PASSED] - TaxType = findTestData(dataFile).getValue("TaxType", row): null

2024-02-06 17:03:32 - [TEST_STEP][PASSED] - PaymentType = findTestData(dataFile).getValue("PaymentType", row): null

2024-02-06 17:03:32 - [TEST_STEP][PASSED] - FilingYear = findTestData(dataFile).getValue("Year", row): null

2024-02-06 17:03:32 - [TEST_STEP][PASSED] - feinSSN = findTestData(dataFile).getValue("FeinSsn", row): null

2024-02-06 17:03:32 - [TEST_STEP][PASSED] - if (ExecuteTC.equalsIgnoreCase("Y")): null

2024-02-06 17:03:32 - [TEST_STEP][PASSED] - out.println("Begin Record Number: " + row): null

2024-02-06 17:03:32 - [TEST_STEP][PASSED] - today = new java.util.Date(): null

2024-02-06 17:03:32 - [TEST_STEP][PASSED] - println(today): null

2024-02-06 17:03:32 - [TEST_STEP][PASSED] - datText = today: null

2024-02-06 17:03:32 - [TEST_STEP][PASSED] - logInfo("Payment Type: New Tax Return Amount Due"): Payment Type: New Tax Return Amount Due

2024-02-06 17:03:32 - [MESSAGE][INFO] - Payment Type: New Tax Return Amount Due

2024-02-06 17:03:32 - [TEST_STEP][PASSED] - logInfo("Tax Type: " + TaxType): Tax Type: Unclaimed Property

2024-02-06 17:03:32 - [MESSAGE][INFO] - Tax Type: Unclaimed Property

2024-02-06 17:03:32 - [TEST_STEP][PASSED] - openBrowser(""): Browser is opened with url: ''

2024-02-06 17:03:32 - [MESSAGE][WARNING] - A browser is already opened. Closing browser and opening a new one

2024-02-06 17:03:33 - [MESSAGE][INFO] - Starting 'Chrome' driver

2024-02-06 17:03:33 - [MESSAGE][INFO] - User set preference: ['acceptInsecureCerts', 'true']

2024-02-06 17:03:33 - [MESSAGE][INFO] - Action delay is set to 0 milliseconds

2024-02-06 17:03:34 - [MESSAGE][PASSED] - Browser is opened with url: ''

2024-02-06 17:03:34 - [TEST_STEP][PASSED] - maximizeWindow(): Current window maximized

2024-02-06 17:03:35 - [MESSAGE][PASSED] - Current window maximized

2024-02-06 17:03:35 - [TEST_STEP][PASSED] - navigateToUrl(RADurl): Navigate to 'https://qa2.velocitypayment.com/client/rad/index.html' successfully

2024-02-06 17:03:36 - [MESSAGE][PASSED] - Navigate to 'https://qa2.velocitypayment.com/client/rad/index.html' successfully

2024-02-06 17:03:36 - [TEST_STEP][PASSED] - selectOptionByLabel(findTestObject(orPath_Landing + "/dd_TaxType"), "New Tax Return Amount Due", false): All options with label 'New Tax Return Amount Due' are selected in object 'Object Repository/RAD_Pages/Landing_Page/dd_TaxType' 

2024-02-06 17:03:37 - [MESSAGE][PASSED] - All options with label 'New Tax Return Amount Due' are selected in object 'Object Repository/RAD_Pages/Landing_Page/dd_TaxType' 

2024-02-06 17:03:37 - [TEST_STEP][PASSED] - selectOptionByLabel(findTestObject("Object Repository/RAD_Pages/Landing_Page/select_NewTaxReturnAmountDue_TaxType"), TaxType, false): All options with label 'Unclaimed Property' are selected in object 'Object Repository/RAD_Pages/Landing_Page/select_NewTaxReturnAmountDue_TaxType' 

2024-02-06 17:03:38 - [MESSAGE][PASSED] - All options with label 'Unclaimed Property' are selected in object 'Object Repository/RAD_Pages/Landing_Page/select_NewTaxReturnAmountDue_TaxType' 

2024-02-06 17:03:38 - [TEST_STEP][PASSED] - selectOptionByLabel(findTestObject(orPath_TaxTypeFilingYear + "/select_FilingYear"), FilingYear, false): All options with label '2023' are selected in object 'Object Repository/RAD_Pages/TaxTypeFilingYear_Page/select_FilingYear' 

2024-02-06 17:03:39 - [MESSAGE][PASSED] - All options with label '2023' are selected in object 'Object Repository/RAD_Pages/TaxTypeFilingYear_Page/select_FilingYear' 

2024-02-06 17:03:39 - [TEST_STEP][PASSED] - rad.getSetDataRAD.setDataRADBusinessName(): rad.getSetDataRAD.setDataRADBusinessName is PASSED

2024-02-06 17:03:39 - [MESSAGE][PASSED] - Text 'My Company' is set on object 'Object Repository/RAD_Pages/Taxpayer_Page/input_businessName'

2024-02-06 17:03:39 - [MESSAGE][PASSED] - rad.getSetDataRAD.setDataRADBusinessName is PASSED

2024-02-06 17:03:39 - [TEST_STEP][PASSED] - rad.getSetDataRAD.setDataRADBusinessRep(): rad.getSetDataRAD.setDataRADBusinessRep is PASSED

2024-02-06 17:03:40 - [MESSAGE][PASSED] - Text 'BusRepFname' is set on object 'Object Repository/RAD_Pages/Taxpayer_Page/input_BusinessRepfirstName'

2024-02-06 17:03:41 - [MESSAGE][PASSED] - Text '' is set on object 'Object Repository/RAD_Pages/Taxpayer_Page/input_BusinessRepmiddleName'

2024-02-06 17:03:42 - [MESSAGE][PASSED] - Text 'BusRepLname' is set on object 'Object Repository/RAD_Pages/Taxpayer_Page/input_BusinessReplastName'

2024-02-06 17:03:42 - [MESSAGE][PASSED] - Text '' is set on object 'Object Repository/RAD_Pages/Taxpayer_Page/input_BusinessRepsuffix'

2024-02-06 17:03:42 - [MESSAGE][PASSED] - rad.getSetDataRAD.setDataRADBusinessRep is PASSED

2024-02-06 17:03:42 - [TEST_STEP][PASSED] - rad.getSetDataRAD.setDataRADAddress(): rad.getSetDataRAD.setDataRADAddress is PASSED

2024-02-06 17:03:43 - [MESSAGE][PASSED] - All options with label 'United States' are selected in object 'Object Repository/RAD_Pages/AddressAndContactInfo_Page/select_Country' 

2024-02-06 17:03:44 - [MESSAGE][PASSED] - Text '2508 Mandan Terrace' is set on object 'Object Repository/RAD_Pages/AddressAndContactInfo_Page/input_streetAddress1'

2024-02-06 17:03:44 - [MESSAGE][PASSED] - Text '' is set on object 'Object Repository/RAD_Pages/AddressAndContactInfo_Page/input_streetAddress2'

2024-02-06 17:03:45 - [MESSAGE][PASSED] - Text 'Gambrills' is set on object 'Object Repository/RAD_Pages/AddressAndContactInfo_Page/input_city'

2024-02-06 17:03:46 - [MESSAGE][PASSED] - All options with label 'Maryland' are selected in object 'Object Repository/RAD_Pages/AddressAndContactInfo_Page/select_State' 

2024-02-06 17:03:46 - [MESSAGE][PASSED] - Text '21054' is set on object 'Object Repository/RAD_Pages/AddressAndContactInfo_Page/input_zipCode'

2024-02-06 17:03:47 - [MESSAGE][PASSED] - Text '(703) 894-5000' is set on object 'Object Repository/RAD_Pages/AddressAndContactInfo_Page/input_phoneNumber'

2024-02-06 17:03:48 - [MESSAGE][PASSED] - Text 'iahmed@govolution.com' is set on object 'Object Repository/RAD_Pages/AddressAndContactInfo_Page/input_eMailAddress'

2024-02-06 17:03:49 - [MESSAGE][PASSED] - Text 'iahmed@govolution.com' is set on object 'Object Repository/RAD_Pages/AddressAndContactInfo_Page/input_reEnterEMailAddress'

2024-02-06 17:03:49 - [MESSAGE][PASSED] - rad.getSetDataRAD.setDataRADAddress is PASSED

2024-02-06 17:03:49 - [TEST_STEP][PASSED] - if (feinSSN.equalsIgnoreCase("Y")): null

2024-02-06 17:03:49 - [TEST_STEP][PASSED] - else: rad.getSetDataRAD.setDataRADFEIN is PASSED

2024-02-06 17:03:49 - [TEST_STEP][PASSED] - if (!(TaxType.equalsIgnoreCase("Estate Tax"))): rad.getSetDataRAD.setDataRADFEIN is PASSED

2024-02-06 17:03:49 - [TEST_STEP][PASSED] - rad.getSetDataRAD.setDataRADFEIN(): rad.getSetDataRAD.setDataRADFEIN is PASSED

2024-02-06 17:03:50 - [MESSAGE][PASSED] - Text ****** has been set on object 'Object Repository/RAD_Pages/TaxInfo_Page/input_FederalEIN'

2024-02-06 17:03:50 - [MESSAGE][PASSED] - Text ****** has been set on object 'Object Repository/RAD_Pages/TaxInfo_Page/input_FederalEIN_ReEnter'

2024-02-06 17:03:50 - [MESSAGE][PASSED] - rad.getSetDataRAD.setDataRADFEIN is PASSED

2024-02-06 17:03:50 - [TEST_STEP][PASSED] - if (TaxType.equalsIgnoreCase("Estate Tax")): null

2024-02-06 17:03:50 - [TEST_STEP][PASSED] - setText(findTestObject(orPath_Amount + "/input__paymentAmount"), "100.00"): Text '100.00' is set on object 'Object Repository/RAD_Pages/PaymentAmount_Page/input__paymentAmount'

2024-02-06 17:03:51 - [MESSAGE][PASSED] - Text '100.00' is set on object 'Object Repository/RAD_Pages/PaymentAmount_Page/input__paymentAmount'

2024-02-06 17:03:51 - [TEST_STEP][PASSED] - setText(findTestObject(orPath_AddressContact + "/input_streetAddress2"), ""): Text '' is set on object 'Object Repository/RAD_Pages/AddressAndContactInfo_Page/input_streetAddress2'

2024-02-06 17:03:52 - [MESSAGE][PASSED] - Text '' is set on object 'Object Repository/RAD_Pages/AddressAndContactInfo_Page/input_streetAddress2'

2024-02-06 17:03:52 - [TEST_STEP][PASSED] - scrollToElement(findTestObject(orPath_Landing + "/button_Continue"), 3): Scroll to object 'Object Repository/RAD_Pages/Landing_Page/button_Continue' successfully

2024-02-06 17:03:52 - [MESSAGE][PASSED] - Scroll to object 'Object Repository/RAD_Pages/Landing_Page/button_Continue' successfully

2024-02-06 17:03:52 - [TEST_STEP][PASSED] - waitForElementClickable(findTestObject(orPath_Landing + "/button_Continue"), 5): Object 'Object Repository/RAD_Pages/Landing_Page/button_Continue' is clickable

2024-02-06 17:03:53 - [MESSAGE][PASSED] - Object 'Object Repository/RAD_Pages/Landing_Page/button_Continue' is clickable

2024-02-06 17:03:53 - [TEST_STEP][PASSED] - click(findTestObject(orPath_Landing + "/button_Continue")): Object: 'Object Repository/RAD_Pages/Landing_Page/button_Continue' is clicked on

2024-02-06 17:03:53 - [MESSAGE][PASSED] - Object: 'Object Repository/RAD_Pages/Landing_Page/button_Continue' is clicked on

2024-02-06 17:03:53 - [TEST_STEP][PASSED] - delay(2): Delayed 2 second(s)

2024-02-06 17:03:55 - [MESSAGE][PASSED] - Delayed 2 second(s)

2024-02-06 17:03:55 - [TEST_STEP][PASSED] - click(findTestObject(orPath_Summary + "/button_Proceed to Payment")): Object: 'Object Repository/RAD_Pages/Summary_Page/button_Proceed to Payment' is clicked on

2024-02-06 17:03:56 - [MESSAGE][PASSED] - Object: 'Object Repository/RAD_Pages/Summary_Page/button_Proceed to Payment' is clicked on

2024-02-06 17:03:56 - [TEST_STEP][PASSED] - if (verifyElementPresent(findTestObject("Object Repository/RAD_Pages/PaymentEntry_Page/input__billingName"), 30)): null

2024-02-06 17:03:57 - [MESSAGE][PASSED] - Object 'Object Repository/RAD_Pages/PaymentEntry_Page/input__billingName' is present

2024-02-06 17:03:57 - [TEST_STEP][PASSED] - verifyTextPresent("Comptroller of Maryland", true): Text 'Comptroller of Maryland' is present on page  using regular expression

2024-02-06 17:03:57 - [MESSAGE][PASSED] - Text 'Comptroller of Maryland' is present on page  using regular expression

2024-02-06 17:03:57 - [TEST_STEP][PASSED] - verifyTextPresent("Revenue Administration Division", true): Text 'Revenue Administration Division' is present on page  using regular expression

2024-02-06 17:03:58 - [MESSAGE][PASSED] - Text 'Revenue Administration Division' is present on page  using regular expression

2024-02-06 17:03:58 - [TEST_STEP][PASSED] - verifyTextPresent("Payment Information", true): Text 'Payment Information' is present on page  using regular expression

2024-02-06 17:03:58 - [MESSAGE][PASSED] - Text 'Payment Information' is present on page  using regular expression

2024-02-06 17:03:58 - [TEST_STEP][PASSED] - card_Name = getAttribute(findTestObject("Object Repository/RAD_Pages/PaymentEntry_Page/input__billingName"), "value"): Attribute 'value' of object 'Object Repository/RAD_Pages/PaymentEntry_Page/input__billingName' is: 'BusRepFname BusRepLname'

2024-02-06 17:03:58 - [MESSAGE][PASSED] - Attribute 'value' of object 'Object Repository/RAD_Pages/PaymentEntry_Page/input__billingName' is: 'BusRepFname BusRepLname'

2024-02-06 17:03:58 - [TEST_STEP][PASSED] - verifyMatch("BusRepFname BusRepLname", card_Name, false): Actual text 'BusRepFname BusRepLname' and expected text 'BusRepFname BusRepLname' are matched 

2024-02-06 17:03:58 - [MESSAGE][PASSED] - Actual text 'BusRepFname BusRepLname' and expected text 'BusRepFname BusRepLname' are matched 

2024-02-06 17:03:58 - [TEST_STEP][PASSED] - AL1 = getAttribute(findTestObject("Object Repository/RAD_Pages/PaymentEntry_Page/input_billingAddress"), "value"): Attribute 'value' of object 'Object Repository/RAD_Pages/PaymentEntry_Page/input_billingAddress' is: '2508 Mandan Terrace'

2024-02-06 17:03:59 - [MESSAGE][PASSED] - Attribute 'value' of object 'Object Repository/RAD_Pages/PaymentEntry_Page/input_billingAddress' is: '2508 Mandan Terrace'

2024-02-06 17:03:59 - [TEST_STEP][PASSED] - verifyMatch("2508 Mandan Terrace", AL1, false): Actual text '2508 Mandan Terrace' and expected text '2508 Mandan Terrace' are matched 

2024-02-06 17:03:59 - [MESSAGE][PASSED] - Actual text '2508 Mandan Terrace' and expected text '2508 Mandan Terrace' are matched 

2024-02-06 17:03:59 - [TEST_STEP][PASSED] - AL2 = getAttribute(findTestObject("Object Repository/RAD_Pages/PaymentEntry_Page/input_billingAddress2"), "value"): Attribute 'value' of object 'Object Repository/RAD_Pages/PaymentEntry_Page/input_billingAddress2' is: ''

2024-02-06 17:03:59 - [MESSAGE][PASSED] - Attribute 'value' of object 'Object Repository/RAD_Pages/PaymentEntry_Page/input_billingAddress2' is: ''

2024-02-06 17:03:59 - [TEST_STEP][PASSED] - verifyMatch("", AL2, false): Actual text '' and expected text '' are matched 

2024-02-06 17:03:59 - [MESSAGE][PASSED] - Actual text '' and expected text '' are matched 

2024-02-06 17:03:59 - [TEST_STEP][PASSED] - zipCode = getAttribute(findTestObject("Object Repository/RAD_Pages/PaymentEntry_Page/input_billingZip"), "value"): Attribute 'value' of object 'Object Repository/RAD_Pages/PaymentEntry_Page/input_billingZip' is: '21054'

2024-02-06 17:03:59 - [MESSAGE][PASSED] - Attribute 'value' of object 'Object Repository/RAD_Pages/PaymentEntry_Page/input_billingZip' is: '21054'

2024-02-06 17:03:59 - [TEST_STEP][PASSED] - verifyMatch("21054", zipCode, false): Actual text '21054' and expected text '21054' are matched 

2024-02-06 17:03:59 - [MESSAGE][PASSED] - Actual text '21054' and expected text '21054' are matched 

2024-02-06 17:03:59 - [TEST_STEP][PASSED] - city = getAttribute(findTestObject("Object Repository/RAD_Pages/PaymentEntry_Page/input_billingCity"), "value"): Attribute 'value' of object 'Object Repository/RAD_Pages/PaymentEntry_Page/input_billingCity' is: 'GAMBRILLS'

2024-02-06 17:04:00 - [MESSAGE][PASSED] - Attribute 'value' of object 'Object Repository/RAD_Pages/PaymentEntry_Page/input_billingCity' is: 'GAMBRILLS'

2024-02-06 17:04:00 - [TEST_STEP][PASSED] - verifyMatch("GAMBRILLS", city, false): Actual text 'GAMBRILLS' and expected text 'GAMBRILLS' are matched 

2024-02-06 17:04:00 - [MESSAGE][PASSED] - Actual text 'GAMBRILLS' and expected text 'GAMBRILLS' are matched 

2024-02-06 17:04:00 - [TEST_STEP][PASSED] - email = getAttribute(findTestObject("Object Repository/RAD_Pages/PaymentEntry_Page/input_emailAddress"), "value"): Attribute 'value' of object 'Object Repository/RAD_Pages/PaymentEntry_Page/input_emailAddress' is: 'iahmed@govolution.com'

2024-02-06 17:04:00 - [MESSAGE][PASSED] - Attribute 'value' of object 'Object Repository/RAD_Pages/PaymentEntry_Page/input_emailAddress' is: 'iahmed@govolution.com'

2024-02-06 17:04:00 - [TEST_STEP][PASSED] - verifyMatch("iahmed@govolution.com", email, false): Actual text 'iahmed@govolution.com' and expected text 'iahmed@govolution.com' are matched 

2024-02-06 17:04:00 - [MESSAGE][PASSED] - Actual text 'iahmed@govolution.com' and expected text 'iahmed@govolution.com' are matched 

2024-02-06 17:04:00 - [TEST_STEP][PASSED] - amount = getAttribute(findTestObject("Object Repository/RAD_Pages/PaymentEntry_Page/input_amount"), "value"): Attribute 'value' of object 'Object Repository/RAD_Pages/PaymentEntry_Page/input_amount' is: '100.00'

2024-02-06 17:04:00 - [MESSAGE][PASSED] - Attribute 'value' of object 'Object Repository/RAD_Pages/PaymentEntry_Page/input_amount' is: '100.00'

2024-02-06 17:04:00 - [TEST_STEP][PASSED] - verifyMatch("100.00", amount, false): Actual text '100.00' and expected text '100.00' are matched 

2024-02-06 17:04:00 - [MESSAGE][PASSED] - Actual text '100.00' and expected text '100.00' are matched 

2024-02-06 17:04:00 - [TEST_STEP][PASSED] - amountReadOnly = getAttribute(findTestObject("Object Repository/RAD_Pages/PaymentEntry_Page/input_amount"), "readonly"): Attribute 'readonly' of object 'Object Repository/RAD_Pages/PaymentEntry_Page/input_amount' is: 'true'

2024-02-06 17:04:01 - [MESSAGE][PASSED] - Attribute 'readonly' of object 'Object Repository/RAD_Pages/PaymentEntry_Page/input_amount' is: 'true'

2024-02-06 17:04:01 - [TEST_STEP][PASSED] - verifyMatch("true", amountReadOnly, false): Actual text 'true' and expected text 'true' are matched 

2024-02-06 17:04:01 - [MESSAGE][PASSED] - Actual text 'true' and expected text 'true' are matched 

2024-02-06 17:04:01 - [TEST_STEP][PASSED] - verifyOptionSelectedByLabel(findTestObject("Object Repository/RAD_Pages/PaymentEntry_Page/select_Country"), "United States", false, 20): All options with label 'United States' are selected in object 'Object Repository/RAD_Pages/PaymentEntry_Page/select_Country' 

2024-02-06 17:04:02 - [MESSAGE][PASSED] - All options with label 'United States' are selected in object 'Object Repository/RAD_Pages/PaymentEntry_Page/select_Country' 

2024-02-06 17:04:02 - [TEST_STEP][PASSED] - verifyOptionSelectedByLabel(findTestObject("Object Repository/RAD_Pages/PaymentEntry_Page/select_State"), "Maryland", false, 20): All options with label 'Maryland' are selected in object 'Object Repository/RAD_Pages/PaymentEntry_Page/select_State' 

2024-02-06 17:04:04 - [MESSAGE][PASSED] - All options with label 'Maryland' are selected in object 'Object Repository/RAD_Pages/PaymentEntry_Page/select_State' 

2024-02-06 17:04:04 - [TEST_STEP][PASSED] - setText(findTestObject(orPath_PaymentEntry + "/input__cardNumber"), "4111111111111111"): Text '4111111111111111' is set on object 'Object Repository/RAD_Pages/PaymentEntry_Page/input__cardNumber'

2024-02-06 17:04:05 - [MESSAGE][PASSED] - Text '4111111111111111' is set on object 'Object Repository/RAD_Pages/PaymentEntry_Page/input__cardNumber'

2024-02-06 17:04:05 - [TEST_STEP][PASSED] - setText(findTestObject(orPath_PaymentEntry + "/input__spc"), "123"): Text '123' is set on object 'Object Repository/RAD_Pages/PaymentEntry_Page/input__spc'

2024-02-06 17:04:06 - [MESSAGE][PASSED] - Text '123' is set on object 'Object Repository/RAD_Pages/PaymentEntry_Page/input__spc'

2024-02-06 17:04:06 - [TEST_STEP][PASSED] - selectOptionByLabel(findTestObject(orPath_PaymentEntry + "/select_MM"), "12", false): All options with label '12' are selected in object 'Object Repository/RAD_Pages/PaymentEntry_Page/select_MM' 

2024-02-06 17:04:06 - [MESSAGE][PASSED] - All options with label '12' are selected in object 'Object Repository/RAD_Pages/PaymentEntry_Page/select_MM' 

2024-02-06 17:04:06 - [TEST_STEP][PASSED] - selectOptionByLabel(findTestObject(orPath_PaymentEntry + "/select_YYYY"), "2028", false): All options with label '2028' are selected in object 'Object Repository/RAD_Pages/PaymentEntry_Page/select_YYYY' 

2024-02-06 17:04:07 - [MESSAGE][PASSED] - All options with label '2028' are selected in object 'Object Repository/RAD_Pages/PaymentEntry_Page/select_YYYY' 

2024-02-06 17:04:07 - [TEST_STEP][PASSED] - click(findTestObject(orPath_PaymentEntry + "/input_Field_ccSubmit")): Object: 'Object Repository/RAD_Pages/PaymentEntry_Page/input_Field_ccSubmit' is clicked on

2024-02-06 17:04:08 - [MESSAGE][PASSED] - Object: 'Object Repository/RAD_Pages/PaymentEntry_Page/input_Field_ccSubmit' is clicked on

2024-02-06 17:04:08 - [TEST_STEP][PASSED] - click(findTestObject(orPath_PaymentConfirmation + "/input_N_confirmNotifyAction")): Object: 'Object Repository/RAD_Pages/PaymentConfirmation_Page/input_N_confirmNotifyAction' is clicked on

2024-02-06 17:04:09 - [MESSAGE][PASSED] - Object: 'Object Repository/RAD_Pages/PaymentConfirmation_Page/input_N_confirmNotifyAction' is clicked on

2024-02-06 17:04:09 - [TEST_STEP][PASSED] - verifyTextPresent("Service Fee Acceptance", true): Text 'Service Fee Acceptance' is present on page  using regular expression

2024-02-06 17:04:09 - [MESSAGE][PASSED] - Text 'Service Fee Acceptance' is present on page  using regular expression

2024-02-06 17:04:09 - [TEST_STEP][PASSED] - verifyTextPresent("This transaction is subject to a Service Fee of ", true): Text 'This transaction is subject to a Service Fee of ' is present on page  using regular expression

2024-02-06 17:04:10 - [MESSAGE][PASSED] - Text 'This transaction is subject to a Service Fee of ' is present on page  using regular expression

2024-02-06 17:04:10 - [TEST_STEP][PASSED] - verifyTextPresent("Payment Amount:", true): Text 'Payment Amount:' is present on page  using regular expression

2024-02-06 17:04:10 - [MESSAGE][PASSED] - Text 'Payment Amount:' is present on page  using regular expression

2024-02-06 17:04:10 - [TEST_STEP][PASSED] - verifyTextPresent("100.00", true): Text '100.00' is present on page  using regular expression

2024-02-06 17:04:10 - [MESSAGE][PASSED] - Text '100.00' is present on page  using regular expression

2024-02-06 17:04:10 - [TEST_STEP][PASSED] - verifyTextPresent("Service Fee:", true): Text 'Service Fee:' is present on page  using regular expression

2024-02-06 17:04:11 - [MESSAGE][PASSED] - Text 'Service Fee:' is present on page  using regular expression

2024-02-06 17:04:11 - [TEST_STEP][PASSED] - verifyTextPresent("2.45", true): Text '2.45' is present on page  using regular expression

2024-02-06 17:04:11 - [MESSAGE][PASSED] - Text '2.45' is present on page  using regular expression

2024-02-06 17:04:11 - [TEST_STEP][PASSED] - verifyTextPresent("Total Amount:", true): Text 'Total Amount:' is present on page  using regular expression

2024-02-06 17:04:11 - [MESSAGE][PASSED] - Text 'Total Amount:' is present on page  using regular expression

2024-02-06 17:04:11 - [TEST_STEP][PASSED] - verifyTextPresent("102.45", true): Text '102.45' is present on page  using regular expression

2024-02-06 17:04:11 - [MESSAGE][PASSED] - Text '102.45' is present on page  using regular expression

2024-02-06 17:04:11 - [TEST_STEP][PASSED] - verifyTextPresent("Two transactions will appear on your bank statement, one in the amount of", true): Text 'Two transactions will appear on your bank statement, one in the amount of' is present on page  using regular expression

2024-02-06 17:04:12 - [MESSAGE][PASSED] - Text 'Two transactions will appear on your bank statement, one in the amount of' is present on page  using regular expression

2024-02-06 17:04:12 - [TEST_STEP][PASSED] - if (verifyElementPresent(findTestObject(orPath_ServiceFeesAccept + "/input_convFeeNotifyAction"), 30)): null

2024-02-06 17:04:12 - [MESSAGE][PASSED] - Object 'Object Repository/RAD_Pages/ServiceFeeAccept_Page/input_convFeeNotifyAction' is present

2024-02-06 17:04:12 - [TEST_STEP][PASSED] - resText = "Pass": null

2024-02-06 17:04:12 - [TEST_STEP][PASSED] - pages.WriteExcel.demoKey(resText, datText, resColumn, datCloumn, fileLoc, nameSheet, row): pages.WriteExcel.demoKey is PASSED

2024-02-06 17:04:12 - [MESSAGE][PASSED] - pages.WriteExcel.demoKey is PASSED

2024-02-06 17:04:12 - [TEST_STEP][PASSED] - if (execProfile == "QAProfile" || execProfile == "QA2Profile"): Text 'Successful Payment Receipt' is present on page  using regular expression

2024-02-06 17:04:12 - [TEST_STEP][PASSED] - click(findTestObject(orPath_ServiceFeesAccept + "/input_convFeeNotifyAction")): Object: 'Object Repository/RAD_Pages/ServiceFeeAccept_Page/input_convFeeNotifyAction' is clicked on

2024-02-06 17:04:13 - [MESSAGE][PASSED] - Object: 'Object Repository/RAD_Pages/ServiceFeeAccept_Page/input_convFeeNotifyAction' is clicked on

2024-02-06 17:04:13 - [TEST_STEP][PASSED] - delay(10): Delayed 10 second(s)

2024-02-06 17:04:23 - [MESSAGE][PASSED] - Delayed 10 second(s)

2024-02-06 17:04:23 - [TEST_STEP][PASSED] - verifyTextPresent("Successful Payment Receipt", true): Text 'Successful Payment Receipt' is present on page  using regular expression

2024-02-06 17:04:23 - [MESSAGE][PASSED] - Text 'Successful Payment Receipt' is present on page  using regular expression

2024-02-06 17:04:23 - [TEST_STEP][PASSED] - ExecuteTC = findTestData(dataFile).getValue("Execute", row): null

2024-02-06 17:04:23 - [TEST_STEP][PASSED] - TaxType = findTestData(dataFile).getValue("TaxType", row): null

2024-02-06 17:04:23 - [TEST_STEP][PASSED] - PaymentType = findTestData(dataFile).getValue("PaymentType", row): null

2024-02-06 17:04:23 - [TEST_STEP][PASSED] - FilingYear = findTestData(dataFile).getValue("Year", row): null

2024-02-06 17:04:23 - [TEST_STEP][PASSED] - feinSSN = findTestData(dataFile).getValue("FeinSsn", row): null

2024-02-06 17:04:24 - [TEST_STEP][PASSED] - if (ExecuteTC.equalsIgnoreCase("Y")): null

2024-02-06 17:04:24 - [TEST_STEP][PASSED] - out.println("Begin Record Number: " + row): null

2024-02-06 17:04:24 - [TEST_STEP][PASSED] - today = new java.util.Date(): null

2024-02-06 17:04:24 - [TEST_STEP][PASSED] - println(today): null

2024-02-06 17:04:24 - [TEST_STEP][PASSED] - datText = today: null

2024-02-06 17:04:24 - [TEST_STEP][PASSED] - logInfo("Payment Type: New Tax Return Amount Due"): Payment Type: New Tax Return Amount Due

2024-02-06 17:04:24 - [MESSAGE][INFO] - Payment Type: New Tax Return Amount Due

2024-02-06 17:04:24 - [TEST_STEP][PASSED] - logInfo("Tax Type: " + TaxType): Tax Type: Withholding Tax

2024-02-06 17:04:24 - [MESSAGE][INFO] - Tax Type: Withholding Tax

2024-02-06 17:04:24 - [TEST_STEP][PASSED] - openBrowser(""): Browser is opened with url: ''

2024-02-06 17:04:24 - [MESSAGE][WARNING] - A browser is already opened. Closing browser and opening a new one

2024-02-06 17:04:25 - [MESSAGE][INFO] - Starting 'Chrome' driver

2024-02-06 17:04:25 - [MESSAGE][INFO] - User set preference: ['acceptInsecureCerts', 'true']

2024-02-06 17:04:25 - [MESSAGE][INFO] - Action delay is set to 0 milliseconds

2024-02-06 17:04:26 - [MESSAGE][PASSED] - Browser is opened with url: ''

2024-02-06 17:04:26 - [TEST_STEP][PASSED] - maximizeWindow(): Current window maximized

2024-02-06 17:04:26 - [MESSAGE][PASSED] - Current window maximized

2024-02-06 17:04:26 - [TEST_STEP][PASSED] - navigateToUrl(RADurl): Navigate to 'https://qa2.velocitypayment.com/client/rad/index.html' successfully

2024-02-06 17:04:28 - [MESSAGE][PASSED] - Navigate to 'https://qa2.velocitypayment.com/client/rad/index.html' successfully

2024-02-06 17:04:28 - [TEST_STEP][PASSED] - selectOptionByLabel(findTestObject(orPath_Landing + "/dd_TaxType"), "New Tax Return Amount Due", false): All options with label 'New Tax Return Amount Due' are selected in object 'Object Repository/RAD_Pages/Landing_Page/dd_TaxType' 

2024-02-06 17:04:29 - [MESSAGE][PASSED] - All options with label 'New Tax Return Amount Due' are selected in object 'Object Repository/RAD_Pages/Landing_Page/dd_TaxType' 

2024-02-06 17:04:29 - [TEST_STEP][PASSED] - selectOptionByLabel(findTestObject("Object Repository/RAD_Pages/Landing_Page/select_NewTaxReturnAmountDue_TaxType"), TaxType, false): All options with label 'Withholding Tax' are selected in object 'Object Repository/RAD_Pages/Landing_Page/select_NewTaxReturnAmountDue_TaxType' 

2024-02-06 17:04:29 - [MESSAGE][PASSED] - All options with label 'Withholding Tax' are selected in object 'Object Repository/RAD_Pages/Landing_Page/select_NewTaxReturnAmountDue_TaxType' 

2024-02-06 17:04:29 - [TEST_STEP][PASSED] - selectOptionByLabel(findTestObject(orPath_TaxTypeFilingYear + "/select_FilingYear"), FilingYear, false): All options with label '2023' are selected in object 'Object Repository/RAD_Pages/TaxTypeFilingYear_Page/select_FilingYear' 

2024-02-06 17:04:30 - [MESSAGE][PASSED] - All options with label '2023' are selected in object 'Object Repository/RAD_Pages/TaxTypeFilingYear_Page/select_FilingYear' 

2024-02-06 17:04:30 - [TEST_STEP][PASSED] - rad.getSetDataRAD.setDataRADBusinessName(): rad.getSetDataRAD.setDataRADBusinessName is PASSED

2024-02-06 17:04:31 - [MESSAGE][PASSED] - Text 'My Company' is set on object 'Object Repository/RAD_Pages/Taxpayer_Page/input_businessName'

2024-02-06 17:04:31 - [MESSAGE][PASSED] - rad.getSetDataRAD.setDataRADBusinessName is PASSED

2024-02-06 17:04:31 - [TEST_STEP][PASSED] - rad.getSetDataRAD.setDataRADBusinessRep(): rad.getSetDataRAD.setDataRADBusinessRep is PASSED

2024-02-06 17:04:32 - [MESSAGE][PASSED] - Text 'BusRepFname' is set on object 'Object Repository/RAD_Pages/Taxpayer_Page/input_BusinessRepfirstName'

2024-02-06 17:04:32 - [MESSAGE][PASSED] - Text '' is set on object 'Object Repository/RAD_Pages/Taxpayer_Page/input_BusinessRepmiddleName'

2024-02-06 17:04:33 - [MESSAGE][PASSED] - Text 'BusRepLname' is set on object 'Object Repository/RAD_Pages/Taxpayer_Page/input_BusinessReplastName'

2024-02-06 17:04:34 - [MESSAGE][PASSED] - Text '' is set on object 'Object Repository/RAD_Pages/Taxpayer_Page/input_BusinessRepsuffix'

2024-02-06 17:04:34 - [MESSAGE][PASSED] - rad.getSetDataRAD.setDataRADBusinessRep is PASSED

2024-02-06 17:04:34 - [TEST_STEP][PASSED] - rad.getSetDataRAD.setDataRADAddress(): rad.getSetDataRAD.setDataRADAddress is PASSED

2024-02-06 17:04:35 - [MESSAGE][PASSED] - All options with label 'United States' are selected in object 'Object Repository/RAD_Pages/AddressAndContactInfo_Page/select_Country' 

2024-02-06 17:04:35 - [MESSAGE][PASSED] - Text '2508 Mandan Terrace' is set on object 'Object Repository/RAD_Pages/AddressAndContactInfo_Page/input_streetAddress1'

2024-02-06 17:04:36 - [MESSAGE][PASSED] - Text '' is set on object 'Object Repository/RAD_Pages/AddressAndContactInfo_Page/input_streetAddress2'

2024-02-06 17:04:37 - [MESSAGE][PASSED] - Text 'Gambrills' is set on object 'Object Repository/RAD_Pages/AddressAndContactInfo_Page/input_city'

2024-02-06 17:04:38 - [MESSAGE][PASSED] - All options with label 'Maryland' are selected in object 'Object Repository/RAD_Pages/AddressAndContactInfo_Page/select_State' 

2024-02-06 17:04:38 - [MESSAGE][PASSED] - Text '21054' is set on object 'Object Repository/RAD_Pages/AddressAndContactInfo_Page/input_zipCode'

2024-02-06 17:04:39 - [MESSAGE][PASSED] - Text '(703) 894-5000' is set on object 'Object Repository/RAD_Pages/AddressAndContactInfo_Page/input_phoneNumber'

2024-02-06 17:04:40 - [MESSAGE][PASSED] - Text 'iahmed@govolution.com' is set on object 'Object Repository/RAD_Pages/AddressAndContactInfo_Page/input_eMailAddress'

2024-02-06 17:04:41 - [MESSAGE][PASSED] - Text 'iahmed@govolution.com' is set on object 'Object Repository/RAD_Pages/AddressAndContactInfo_Page/input_reEnterEMailAddress'

2024-02-06 17:04:41 - [MESSAGE][PASSED] - rad.getSetDataRAD.setDataRADAddress is PASSED

2024-02-06 17:04:41 - [TEST_STEP][PASSED] - if (feinSSN.equalsIgnoreCase("Y")): null

2024-02-06 17:04:41 - [TEST_STEP][PASSED] - else: rad.getSetDataRAD.setDataRADFEIN is PASSED

2024-02-06 17:04:41 - [TEST_STEP][PASSED] - if (!(TaxType.equalsIgnoreCase("Estate Tax"))): rad.getSetDataRAD.setDataRADFEIN is PASSED

2024-02-06 17:04:41 - [TEST_STEP][PASSED] - rad.getSetDataRAD.setDataRADFEIN(): rad.getSetDataRAD.setDataRADFEIN is PASSED

2024-02-06 17:04:42 - [MESSAGE][PASSED] - Text ****** has been set on object 'Object Repository/RAD_Pages/TaxInfo_Page/input_FederalEIN'

2024-02-06 17:04:42 - [MESSAGE][PASSED] - Text ****** has been set on object 'Object Repository/RAD_Pages/TaxInfo_Page/input_FederalEIN_ReEnter'

2024-02-06 17:04:42 - [MESSAGE][PASSED] - rad.getSetDataRAD.setDataRADFEIN is PASSED

2024-02-06 17:04:42 - [TEST_STEP][PASSED] - if (TaxType.equalsIgnoreCase("Estate Tax")): null

2024-02-06 17:04:42 - [TEST_STEP][PASSED] - setText(findTestObject(orPath_Amount + "/input__paymentAmount"), "100.00"): Text '100.00' is set on object 'Object Repository/RAD_Pages/PaymentAmount_Page/input__paymentAmount'

2024-02-06 17:04:43 - [MESSAGE][PASSED] - Text '100.00' is set on object 'Object Repository/RAD_Pages/PaymentAmount_Page/input__paymentAmount'

2024-02-06 17:04:43 - [TEST_STEP][PASSED] - setText(findTestObject(orPath_AddressContact + "/input_streetAddress2"), ""): Text '' is set on object 'Object Repository/RAD_Pages/AddressAndContactInfo_Page/input_streetAddress2'

2024-02-06 17:04:44 - [MESSAGE][PASSED] - Text '' is set on object 'Object Repository/RAD_Pages/AddressAndContactInfo_Page/input_streetAddress2'

2024-02-06 17:04:44 - [TEST_STEP][PASSED] - scrollToElement(findTestObject(orPath_Landing + "/button_Continue"), 3): Scroll to object 'Object Repository/RAD_Pages/Landing_Page/button_Continue' successfully

2024-02-06 17:04:44 - [MESSAGE][PASSED] - Scroll to object 'Object Repository/RAD_Pages/Landing_Page/button_Continue' successfully

2024-02-06 17:04:44 - [TEST_STEP][PASSED] - waitForElementClickable(findTestObject(orPath_Landing + "/button_Continue"), 5): Object 'Object Repository/RAD_Pages/Landing_Page/button_Continue' is clickable

2024-02-06 17:04:45 - [MESSAGE][PASSED] - Object 'Object Repository/RAD_Pages/Landing_Page/button_Continue' is clickable

2024-02-06 17:04:45 - [TEST_STEP][PASSED] - click(findTestObject(orPath_Landing + "/button_Continue")): Object: 'Object Repository/RAD_Pages/Landing_Page/button_Continue' is clicked on

2024-02-06 17:04:45 - [MESSAGE][PASSED] - Object: 'Object Repository/RAD_Pages/Landing_Page/button_Continue' is clicked on

2024-02-06 17:04:45 - [TEST_STEP][PASSED] - delay(2): Delayed 2 second(s)

2024-02-06 17:04:47 - [MESSAGE][PASSED] - Delayed 2 second(s)

2024-02-06 17:04:47 - [TEST_STEP][PASSED] - click(findTestObject(orPath_Summary + "/button_Proceed to Payment")): Object: 'Object Repository/RAD_Pages/Summary_Page/button_Proceed to Payment' is clicked on

2024-02-06 17:04:49 - [MESSAGE][PASSED] - Object: 'Object Repository/RAD_Pages/Summary_Page/button_Proceed to Payment' is clicked on

2024-02-06 17:04:49 - [TEST_STEP][PASSED] - if (verifyElementPresent(findTestObject("Object Repository/RAD_Pages/PaymentEntry_Page/input__billingName"), 30)): null

2024-02-06 17:04:49 - [MESSAGE][PASSED] - Object 'Object Repository/RAD_Pages/PaymentEntry_Page/input__billingName' is present

2024-02-06 17:04:49 - [TEST_STEP][PASSED] - verifyTextPresent("Comptroller of Maryland", true): Text 'Comptroller of Maryland' is present on page  using regular expression

2024-02-06 17:04:49 - [MESSAGE][PASSED] - Text 'Comptroller of Maryland' is present on page  using regular expression

2024-02-06 17:04:49 - [TEST_STEP][PASSED] - verifyTextPresent("Revenue Administration Division", true): Text 'Revenue Administration Division' is present on page  using regular expression

2024-02-06 17:04:50 - [MESSAGE][PASSED] - Text 'Revenue Administration Division' is present on page  using regular expression

2024-02-06 17:04:50 - [TEST_STEP][PASSED] - verifyTextPresent("Payment Information", true): Text 'Payment Information' is present on page  using regular expression

2024-02-06 17:04:50 - [MESSAGE][PASSED] - Text 'Payment Information' is present on page  using regular expression

2024-02-06 17:04:50 - [TEST_STEP][PASSED] - card_Name = getAttribute(findTestObject("Object Repository/RAD_Pages/PaymentEntry_Page/input__billingName"), "value"): Attribute 'value' of object 'Object Repository/RAD_Pages/PaymentEntry_Page/input__billingName' is: 'BusRepFname BusRepLname'

2024-02-06 17:04:51 - [MESSAGE][PASSED] - Attribute 'value' of object 'Object Repository/RAD_Pages/PaymentEntry_Page/input__billingName' is: 'BusRepFname BusRepLname'

2024-02-06 17:04:51 - [TEST_STEP][PASSED] - verifyMatch("BusRepFname BusRepLname", card_Name, false): Actual text 'BusRepFname BusRepLname' and expected text 'BusRepFname BusRepLname' are matched 

2024-02-06 17:04:51 - [MESSAGE][PASSED] - Actual text 'BusRepFname BusRepLname' and expected text 'BusRepFname BusRepLname' are matched 

2024-02-06 17:04:51 - [TEST_STEP][PASSED] - AL1 = getAttribute(findTestObject("Object Repository/RAD_Pages/PaymentEntry_Page/input_billingAddress"), "value"): Attribute 'value' of object 'Object Repository/RAD_Pages/PaymentEntry_Page/input_billingAddress' is: '2508 Mandan Terrace'

2024-02-06 17:04:51 - [MESSAGE][PASSED] - Attribute 'value' of object 'Object Repository/RAD_Pages/PaymentEntry_Page/input_billingAddress' is: '2508 Mandan Terrace'

2024-02-06 17:04:51 - [TEST_STEP][PASSED] - verifyMatch("2508 Mandan Terrace", AL1, false): Actual text '2508 Mandan Terrace' and expected text '2508 Mandan Terrace' are matched 

2024-02-06 17:04:51 - [MESSAGE][PASSED] - Actual text '2508 Mandan Terrace' and expected text '2508 Mandan Terrace' are matched 

2024-02-06 17:04:51 - [TEST_STEP][PASSED] - AL2 = getAttribute(findTestObject("Object Repository/RAD_Pages/PaymentEntry_Page/input_billingAddress2"), "value"): Attribute 'value' of object 'Object Repository/RAD_Pages/PaymentEntry_Page/input_billingAddress2' is: ''

2024-02-06 17:04:51 - [MESSAGE][PASSED] - Attribute 'value' of object 'Object Repository/RAD_Pages/PaymentEntry_Page/input_billingAddress2' is: ''

2024-02-06 17:04:51 - [TEST_STEP][PASSED] - verifyMatch("", AL2, false): Actual text '' and expected text '' are matched 

2024-02-06 17:04:51 - [MESSAGE][PASSED] - Actual text '' and expected text '' are matched 

2024-02-06 17:04:51 - [TEST_STEP][PASSED] - zipCode = getAttribute(findTestObject("Object Repository/RAD_Pages/PaymentEntry_Page/input_billingZip"), "value"): Attribute 'value' of object 'Object Repository/RAD_Pages/PaymentEntry_Page/input_billingZip' is: '21054'

2024-02-06 17:04:52 - [MESSAGE][PASSED] - Attribute 'value' of object 'Object Repository/RAD_Pages/PaymentEntry_Page/input_billingZip' is: '21054'

2024-02-06 17:04:52 - [TEST_STEP][PASSED] - verifyMatch("21054", zipCode, false): Actual text '21054' and expected text '21054' are matched 

2024-02-06 17:04:52 - [MESSAGE][PASSED] - Actual text '21054' and expected text '21054' are matched 

2024-02-06 17:04:52 - [TEST_STEP][PASSED] - city = getAttribute(findTestObject("Object Repository/RAD_Pages/PaymentEntry_Page/input_billingCity"), "value"): Attribute 'value' of object 'Object Repository/RAD_Pages/PaymentEntry_Page/input_billingCity' is: 'GAMBRILLS'

2024-02-06 17:04:52 - [MESSAGE][PASSED] - Attribute 'value' of object 'Object Repository/RAD_Pages/PaymentEntry_Page/input_billingCity' is: 'GAMBRILLS'

2024-02-06 17:04:52 - [TEST_STEP][PASSED] - verifyMatch("GAMBRILLS", city, false): Actual text 'GAMBRILLS' and expected text 'GAMBRILLS' are matched 

2024-02-06 17:04:52 - [MESSAGE][PASSED] - Actual text 'GAMBRILLS' and expected text 'GAMBRILLS' are matched 

2024-02-06 17:04:52 - [TEST_STEP][PASSED] - email = getAttribute(findTestObject("Object Repository/RAD_Pages/PaymentEntry_Page/input_emailAddress"), "value"): Attribute 'value' of object 'Object Repository/RAD_Pages/PaymentEntry_Page/input_emailAddress' is: 'iahmed@govolution.com'

2024-02-06 17:04:52 - [MESSAGE][PASSED] - Attribute 'value' of object 'Object Repository/RAD_Pages/PaymentEntry_Page/input_emailAddress' is: 'iahmed@govolution.com'

2024-02-06 17:04:52 - [TEST_STEP][PASSED] - verifyMatch("iahmed@govolution.com", email, false): Actual text 'iahmed@govolution.com' and expected text 'iahmed@govolution.com' are matched 

2024-02-06 17:04:52 - [MESSAGE][PASSED] - Actual text 'iahmed@govolution.com' and expected text 'iahmed@govolution.com' are matched 

2024-02-06 17:04:52 - [TEST_STEP][PASSED] - amount = getAttribute(findTestObject("Object Repository/RAD_Pages/PaymentEntry_Page/input_amount"), "value"): Attribute 'value' of object 'Object Repository/RAD_Pages/PaymentEntry_Page/input_amount' is: '100.00'

2024-02-06 17:04:53 - [MESSAGE][PASSED] - Attribute 'value' of object 'Object Repository/RAD_Pages/PaymentEntry_Page/input_amount' is: '100.00'

2024-02-06 17:04:53 - [TEST_STEP][PASSED] - verifyMatch("100.00", amount, false): Actual text '100.00' and expected text '100.00' are matched 

2024-02-06 17:04:53 - [MESSAGE][PASSED] - Actual text '100.00' and expected text '100.00' are matched 

2024-02-06 17:04:53 - [TEST_STEP][PASSED] - amountReadOnly = getAttribute(findTestObject("Object Repository/RAD_Pages/PaymentEntry_Page/input_amount"), "readonly"): Attribute 'readonly' of object 'Object Repository/RAD_Pages/PaymentEntry_Page/input_amount' is: 'true'

2024-02-06 17:04:53 - [MESSAGE][PASSED] - Attribute 'readonly' of object 'Object Repository/RAD_Pages/PaymentEntry_Page/input_amount' is: 'true'

2024-02-06 17:04:53 - [TEST_STEP][PASSED] - verifyMatch("true", amountReadOnly, false): Actual text 'true' and expected text 'true' are matched 

2024-02-06 17:04:53 - [MESSAGE][PASSED] - Actual text 'true' and expected text 'true' are matched 

2024-02-06 17:04:53 - [TEST_STEP][PASSED] - verifyOptionSelectedByLabel(findTestObject("Object Repository/RAD_Pages/PaymentEntry_Page/select_Country"), "United States", false, 20): All options with label 'United States' are selected in object 'Object Repository/RAD_Pages/PaymentEntry_Page/select_Country' 

2024-02-06 17:04:54 - [MESSAGE][PASSED] - All options with label 'United States' are selected in object 'Object Repository/RAD_Pages/PaymentEntry_Page/select_Country' 

2024-02-06 17:04:54 - [TEST_STEP][PASSED] - verifyOptionSelectedByLabel(findTestObject("Object Repository/RAD_Pages/PaymentEntry_Page/select_State"), "Maryland", false, 20): All options with label 'Maryland' are selected in object 'Object Repository/RAD_Pages/PaymentEntry_Page/select_State' 

2024-02-06 17:04:57 - [MESSAGE][PASSED] - All options with label 'Maryland' are selected in object 'Object Repository/RAD_Pages/PaymentEntry_Page/select_State' 

2024-02-06 17:04:57 - [TEST_STEP][PASSED] - setText(findTestObject(orPath_PaymentEntry + "/input__cardNumber"), "4111111111111111"): Text '4111111111111111' is set on object 'Object Repository/RAD_Pages/PaymentEntry_Page/input__cardNumber'

2024-02-06 17:04:57 - [MESSAGE][PASSED] - Text '4111111111111111' is set on object 'Object Repository/RAD_Pages/PaymentEntry_Page/input__cardNumber'

2024-02-06 17:04:57 - [TEST_STEP][PASSED] - setText(findTestObject(orPath_PaymentEntry + "/input__spc"), "123"): Text '123' is set on object 'Object Repository/RAD_Pages/PaymentEntry_Page/input__spc'

2024-02-06 17:04:58 - [MESSAGE][PASSED] - Text '123' is set on object 'Object Repository/RAD_Pages/PaymentEntry_Page/input__spc'

2024-02-06 17:04:58 - [TEST_STEP][PASSED] - selectOptionByLabel(findTestObject(orPath_PaymentEntry + "/select_MM"), "12", false): All options with label '12' are selected in object 'Object Repository/RAD_Pages/PaymentEntry_Page/select_MM' 

2024-02-06 17:04:58 - [MESSAGE][PASSED] - All options with label '12' are selected in object 'Object Repository/RAD_Pages/PaymentEntry_Page/select_MM' 

2024-02-06 17:04:58 - [TEST_STEP][PASSED] - selectOptionByLabel(findTestObject(orPath_PaymentEntry + "/select_YYYY"), "2028", false): All options with label '2028' are selected in object 'Object Repository/RAD_Pages/PaymentEntry_Page/select_YYYY' 

2024-02-06 17:04:59 - [MESSAGE][PASSED] - All options with label '2028' are selected in object 'Object Repository/RAD_Pages/PaymentEntry_Page/select_YYYY' 

2024-02-06 17:04:59 - [TEST_STEP][PASSED] - click(findTestObject(orPath_PaymentEntry + "/input_Field_ccSubmit")): Object: 'Object Repository/RAD_Pages/PaymentEntry_Page/input_Field_ccSubmit' is clicked on

2024-02-06 17:05:00 - [MESSAGE][PASSED] - Object: 'Object Repository/RAD_Pages/PaymentEntry_Page/input_Field_ccSubmit' is clicked on

2024-02-06 17:05:00 - [TEST_STEP][PASSED] - click(findTestObject(orPath_PaymentConfirmation + "/input_N_confirmNotifyAction")): Object: 'Object Repository/RAD_Pages/PaymentConfirmation_Page/input_N_confirmNotifyAction' is clicked on

2024-02-06 17:05:01 - [MESSAGE][PASSED] - Object: 'Object Repository/RAD_Pages/PaymentConfirmation_Page/input_N_confirmNotifyAction' is clicked on

2024-02-06 17:05:01 - [TEST_STEP][PASSED] - verifyTextPresent("Service Fee Acceptance", true): Text 'Service Fee Acceptance' is present on page  using regular expression

2024-02-06 17:05:02 - [MESSAGE][PASSED] - Text 'Service Fee Acceptance' is present on page  using regular expression

2024-02-06 17:05:02 - [TEST_STEP][PASSED] - verifyTextPresent("This transaction is subject to a Service Fee of ", true): Text 'This transaction is subject to a Service Fee of ' is present on page  using regular expression

2024-02-06 17:05:02 - [MESSAGE][PASSED] - Text 'This transaction is subject to a Service Fee of ' is present on page  using regular expression

2024-02-06 17:05:02 - [TEST_STEP][PASSED] - verifyTextPresent("Payment Amount:", true): Text 'Payment Amount:' is present on page  using regular expression

2024-02-06 17:05:02 - [MESSAGE][PASSED] - Text 'Payment Amount:' is present on page  using regular expression

2024-02-06 17:05:02 - [TEST_STEP][PASSED] - verifyTextPresent("100.00", true): Text '100.00' is present on page  using regular expression

2024-02-06 17:05:02 - [MESSAGE][PASSED] - Text '100.00' is present on page  using regular expression

2024-02-06 17:05:02 - [TEST_STEP][PASSED] - verifyTextPresent("Service Fee:", true): Text 'Service Fee:' is present on page  using regular expression

2024-02-06 17:05:03 - [MESSAGE][PASSED] - Text 'Service Fee:' is present on page  using regular expression

2024-02-06 17:05:03 - [TEST_STEP][PASSED] - verifyTextPresent("2.45", true): Text '2.45' is present on page  using regular expression

2024-02-06 17:05:03 - [MESSAGE][PASSED] - Text '2.45' is present on page  using regular expression

2024-02-06 17:05:03 - [TEST_STEP][PASSED] - verifyTextPresent("Total Amount:", true): Text 'Total Amount:' is present on page  using regular expression

2024-02-06 17:05:03 - [MESSAGE][PASSED] - Text 'Total Amount:' is present on page  using regular expression

2024-02-06 17:05:03 - [TEST_STEP][PASSED] - verifyTextPresent("102.45", true): Text '102.45' is present on page  using regular expression

2024-02-06 17:05:04 - [MESSAGE][PASSED] - Text '102.45' is present on page  using regular expression

2024-02-06 17:05:04 - [TEST_STEP][PASSED] - verifyTextPresent("Two transactions will appear on your bank statement, one in the amount of", true): Text 'Two transactions will appear on your bank statement, one in the amount of' is present on page  using regular expression

2024-02-06 17:05:04 - [MESSAGE][PASSED] - Text 'Two transactions will appear on your bank statement, one in the amount of' is present on page  using regular expression

2024-02-06 17:05:04 - [TEST_STEP][PASSED] - if (verifyElementPresent(findTestObject(orPath_ServiceFeesAccept + "/input_convFeeNotifyAction"), 30)): null

2024-02-06 17:05:04 - [MESSAGE][PASSED] - Object 'Object Repository/RAD_Pages/ServiceFeeAccept_Page/input_convFeeNotifyAction' is present

2024-02-06 17:05:04 - [TEST_STEP][PASSED] - resText = "Pass": null

2024-02-06 17:05:04 - [TEST_STEP][PASSED] - pages.WriteExcel.demoKey(resText, datText, resColumn, datCloumn, fileLoc, nameSheet, row): pages.WriteExcel.demoKey is PASSED

2024-02-06 17:05:04 - [MESSAGE][PASSED] - pages.WriteExcel.demoKey is PASSED

2024-02-06 17:05:04 - [TEST_STEP][PASSED] - if (execProfile == "QAProfile" || execProfile == "QA2Profile"): Text 'Successful Payment Receipt' is present on page  using regular expression

2024-02-06 17:05:04 - [TEST_STEP][PASSED] - click(findTestObject(orPath_ServiceFeesAccept + "/input_convFeeNotifyAction")): Object: 'Object Repository/RAD_Pages/ServiceFeeAccept_Page/input_convFeeNotifyAction' is clicked on

2024-02-06 17:05:05 - [MESSAGE][PASSED] - Object: 'Object Repository/RAD_Pages/ServiceFeeAccept_Page/input_convFeeNotifyAction' is clicked on

2024-02-06 17:05:05 - [TEST_STEP][PASSED] - delay(10): Delayed 10 second(s)

2024-02-06 17:05:15 - [MESSAGE][PASSED] - Delayed 10 second(s)

2024-02-06 17:05:15 - [TEST_STEP][PASSED] - verifyTextPresent("Successful Payment Receipt", true): Text 'Successful Payment Receipt' is present on page  using regular expression

2024-02-06 17:05:16 - [MESSAGE][PASSED] - Text 'Successful Payment Receipt' is present on page  using regular expression

2024-02-06 17:05:16 - [TEST_STEP][PASSED] - ExecuteTC = findTestData(dataFile).getValue("Execute", row): null

2024-02-06 17:05:16 - [TEST_STEP][PASSED] - TaxType = findTestData(dataFile).getValue("TaxType", row): null

2024-02-06 17:05:16 - [TEST_STEP][PASSED] - PaymentType = findTestData(dataFile).getValue("PaymentType", row): null

2024-02-06 17:05:16 - [TEST_STEP][PASSED] - FilingYear = findTestData(dataFile).getValue("Year", row): null

2024-02-06 17:05:16 - [TEST_STEP][PASSED] - feinSSN = findTestData(dataFile).getValue("FeinSsn", row): null

2024-02-06 17:05:16 - [TEST_STEP][PASSED] - if (ExecuteTC.equalsIgnoreCase("Y")): null

2024-02-06 17:05:16 - [TEST_STEP][PASSED] - out.println("Begin Record Number: " + row): null

2024-02-06 17:05:16 - [TEST_STEP][PASSED] - today = new java.util.Date(): null

2024-02-06 17:05:16 - [TEST_STEP][PASSED] - println(today): null

2024-02-06 17:05:16 - [TEST_STEP][PASSED] - datText = today: null

2024-02-06 17:05:16 - [TEST_STEP][PASSED] - logInfo("Payment Type: New Tax Return Amount Due"): Payment Type: New Tax Return Amount Due

2024-02-06 17:05:16 - [MESSAGE][INFO] - Payment Type: New Tax Return Amount Due

2024-02-06 17:05:16 - [TEST_STEP][PASSED] - logInfo("Tax Type: " + TaxType): Tax Type: Admissions and Amusement Tax

2024-02-06 17:05:16 - [MESSAGE][INFO] - Tax Type: Admissions and Amusement Tax

2024-02-06 17:05:16 - [TEST_STEP][PASSED] - openBrowser(""): Browser is opened with url: ''

2024-02-06 17:05:16 - [MESSAGE][WARNING] - A browser is already opened. Closing browser and opening a new one

2024-02-06 17:05:17 - [MESSAGE][INFO] - Starting 'Chrome' driver

2024-02-06 17:05:17 - [MESSAGE][INFO] - User set preference: ['acceptInsecureCerts', 'true']

2024-02-06 17:05:17 - [MESSAGE][INFO] - Action delay is set to 0 milliseconds

2024-02-06 17:05:18 - [MESSAGE][PASSED] - Browser is opened with url: ''

2024-02-06 17:05:18 - [TEST_STEP][PASSED] - maximizeWindow(): Current window maximized

2024-02-06 17:05:19 - [MESSAGE][PASSED] - Current window maximized

2024-02-06 17:05:19 - [TEST_STEP][PASSED] - navigateToUrl(RADurl): Navigate to 'https://qa2.velocitypayment.com/client/rad/index.html' successfully

2024-02-06 17:05:20 - [MESSAGE][PASSED] - Navigate to 'https://qa2.velocitypayment.com/client/rad/index.html' successfully

2024-02-06 17:05:20 - [TEST_STEP][PASSED] - selectOptionByLabel(findTestObject(orPath_Landing + "/dd_TaxType"), "New Tax Return Amount Due", false): All options with label 'New Tax Return Amount Due' are selected in object 'Object Repository/RAD_Pages/Landing_Page/dd_TaxType' 

2024-02-06 17:05:21 - [MESSAGE][PASSED] - All options with label 'New Tax Return Amount Due' are selected in object 'Object Repository/RAD_Pages/Landing_Page/dd_TaxType' 

2024-02-06 17:05:21 - [TEST_STEP][PASSED] - selectOptionByLabel(findTestObject("Object Repository/RAD_Pages/Landing_Page/select_NewTaxReturnAmountDue_TaxType"), TaxType, false): All options with label 'Admissions and Amusement Tax' are selected in object 'Object Repository/RAD_Pages/Landing_Page/select_NewTaxReturnAmountDue_TaxType' 

2024-02-06 17:05:22 - [MESSAGE][PASSED] - All options with label 'Admissions and Amusement Tax' are selected in object 'Object Repository/RAD_Pages/Landing_Page/select_NewTaxReturnAmountDue_TaxType' 

2024-02-06 17:05:22 - [TEST_STEP][PASSED] - selectOptionByLabel(findTestObject(orPath_TaxTypeFilingYear + "/select_FilingYear"), FilingYear, false): All options with label '2022' are selected in object 'Object Repository/RAD_Pages/TaxTypeFilingYear_Page/select_FilingYear' 

2024-02-06 17:05:23 - [MESSAGE][PASSED] - All options with label '2022' are selected in object 'Object Repository/RAD_Pages/TaxTypeFilingYear_Page/select_FilingYear' 

2024-02-06 17:05:23 - [TEST_STEP][PASSED] - rad.getSetDataRAD.setDataRADBusinessName(): rad.getSetDataRAD.setDataRADBusinessName is PASSED

2024-02-06 17:05:23 - [MESSAGE][PASSED] - Text 'My Company' is set on object 'Object Repository/RAD_Pages/Taxpayer_Page/input_businessName'

2024-02-06 17:05:23 - [MESSAGE][PASSED] - rad.getSetDataRAD.setDataRADBusinessName is PASSED

2024-02-06 17:05:23 - [TEST_STEP][PASSED] - rad.getSetDataRAD.setDataRADBusinessRep(): rad.getSetDataRAD.setDataRADBusinessRep is PASSED

2024-02-06 17:05:24 - [MESSAGE][PASSED] - Text 'BusRepFname' is set on object 'Object Repository/RAD_Pages/Taxpayer_Page/input_BusinessRepfirstName'

2024-02-06 17:05:25 - [MESSAGE][PASSED] - Text '' is set on object 'Object Repository/RAD_Pages/Taxpayer_Page/input_BusinessRepmiddleName'

2024-02-06 17:05:25 - [MESSAGE][PASSED] - Text 'BusRepLname' is set on object 'Object Repository/RAD_Pages/Taxpayer_Page/input_BusinessReplastName'

2024-02-06 17:05:26 - [MESSAGE][PASSED] - Text '' is set on object 'Object Repository/RAD_Pages/Taxpayer_Page/input_BusinessRepsuffix'

2024-02-06 17:05:26 - [MESSAGE][PASSED] - rad.getSetDataRAD.setDataRADBusinessRep is PASSED

2024-02-06 17:05:26 - [TEST_STEP][PASSED] - rad.getSetDataRAD.setDataRADAddress(): rad.getSetDataRAD.setDataRADAddress is PASSED

2024-02-06 17:05:27 - [MESSAGE][PASSED] - All options with label 'United States' are selected in object 'Object Repository/RAD_Pages/AddressAndContactInfo_Page/select_Country' 

2024-02-06 17:05:28 - [MESSAGE][PASSED] - Text '2508 Mandan Terrace' is set on object 'Object Repository/RAD_Pages/AddressAndContactInfo_Page/input_streetAddress1'

2024-02-06 17:05:28 - [MESSAGE][PASSED] - Text '' is set on object 'Object Repository/RAD_Pages/AddressAndContactInfo_Page/input_streetAddress2'

2024-02-06 17:05:29 - [MESSAGE][PASSED] - Text 'Gambrills' is set on object 'Object Repository/RAD_Pages/AddressAndContactInfo_Page/input_city'

2024-02-06 17:05:30 - [MESSAGE][PASSED] - All options with label 'Maryland' are selected in object 'Object Repository/RAD_Pages/AddressAndContactInfo_Page/select_State' 

2024-02-06 17:05:31 - [MESSAGE][PASSED] - Text '21054' is set on object 'Object Repository/RAD_Pages/AddressAndContactInfo_Page/input_zipCode'

2024-02-06 17:05:32 - [MESSAGE][PASSED] - Text '(703) 894-5000' is set on object 'Object Repository/RAD_Pages/AddressAndContactInfo_Page/input_phoneNumber'

2024-02-06 17:05:32 - [MESSAGE][PASSED] - Text 'iahmed@govolution.com' is set on object 'Object Repository/RAD_Pages/AddressAndContactInfo_Page/input_eMailAddress'

2024-02-06 17:05:33 - [MESSAGE][PASSED] - Text 'iahmed@govolution.com' is set on object 'Object Repository/RAD_Pages/AddressAndContactInfo_Page/input_reEnterEMailAddress'

2024-02-06 17:05:33 - [MESSAGE][PASSED] - rad.getSetDataRAD.setDataRADAddress is PASSED

2024-02-06 17:05:33 - [TEST_STEP][PASSED] - if (feinSSN.equalsIgnoreCase("Y")): null

2024-02-06 17:05:33 - [TEST_STEP][PASSED] - else: rad.getSetDataRAD.setDataRADFEIN is PASSED

2024-02-06 17:05:33 - [TEST_STEP][PASSED] - if (!(TaxType.equalsIgnoreCase("Estate Tax"))): rad.getSetDataRAD.setDataRADFEIN is PASSED

2024-02-06 17:05:33 - [TEST_STEP][PASSED] - rad.getSetDataRAD.setDataRADFEIN(): rad.getSetDataRAD.setDataRADFEIN is PASSED

2024-02-06 17:05:34 - [MESSAGE][PASSED] - Text ****** has been set on object 'Object Repository/RAD_Pages/TaxInfo_Page/input_FederalEIN'

2024-02-06 17:05:35 - [MESSAGE][PASSED] - Text ****** has been set on object 'Object Repository/RAD_Pages/TaxInfo_Page/input_FederalEIN_ReEnter'

2024-02-06 17:05:35 - [MESSAGE][PASSED] - rad.getSetDataRAD.setDataRADFEIN is PASSED

2024-02-06 17:05:35 - [TEST_STEP][PASSED] - if (TaxType.equalsIgnoreCase("Estate Tax")): null

2024-02-06 17:05:35 - [TEST_STEP][PASSED] - setText(findTestObject(orPath_Amount + "/input__paymentAmount"), "100.00"): Text '100.00' is set on object 'Object Repository/RAD_Pages/PaymentAmount_Page/input__paymentAmount'

2024-02-06 17:05:35 - [MESSAGE][PASSED] - Text '100.00' is set on object 'Object Repository/RAD_Pages/PaymentAmount_Page/input__paymentAmount'

2024-02-06 17:05:35 - [TEST_STEP][PASSED] - setText(findTestObject(orPath_AddressContact + "/input_streetAddress2"), ""): Text '' is set on object 'Object Repository/RAD_Pages/AddressAndContactInfo_Page/input_streetAddress2'

2024-02-06 17:05:36 - [MESSAGE][PASSED] - Text '' is set on object 'Object Repository/RAD_Pages/AddressAndContactInfo_Page/input_streetAddress2'

2024-02-06 17:05:36 - [TEST_STEP][PASSED] - scrollToElement(findTestObject(orPath_Landing + "/button_Continue"), 3): Scroll to object 'Object Repository/RAD_Pages/Landing_Page/button_Continue' successfully

2024-02-06 17:05:37 - [MESSAGE][PASSED] - Scroll to object 'Object Repository/RAD_Pages/Landing_Page/button_Continue' successfully

2024-02-06 17:05:37 - [TEST_STEP][PASSED] - waitForElementClickable(findTestObject(orPath_Landing + "/button_Continue"), 5): Object 'Object Repository/RAD_Pages/Landing_Page/button_Continue' is clickable

2024-02-06 17:05:37 - [MESSAGE][PASSED] - Object 'Object Repository/RAD_Pages/Landing_Page/button_Continue' is clickable

2024-02-06 17:05:37 - [TEST_STEP][PASSED] - click(findTestObject(orPath_Landing + "/button_Continue")): Object: 'Object Repository/RAD_Pages/Landing_Page/button_Continue' is clicked on

2024-02-06 17:05:37 - [MESSAGE][PASSED] - Object: 'Object Repository/RAD_Pages/Landing_Page/button_Continue' is clicked on

2024-02-06 17:05:37 - [TEST_STEP][PASSED] - delay(2): Delayed 2 second(s)

2024-02-06 17:05:39 - [MESSAGE][PASSED] - Delayed 2 second(s)

2024-02-06 17:05:39 - [TEST_STEP][PASSED] - click(findTestObject(orPath_Summary + "/button_Proceed to Payment")): Object: 'Object Repository/RAD_Pages/Summary_Page/button_Proceed to Payment' is clicked on

2024-02-06 17:05:41 - [MESSAGE][PASSED] - Object: 'Object Repository/RAD_Pages/Summary_Page/button_Proceed to Payment' is clicked on

2024-02-06 17:05:41 - [TEST_STEP][PASSED] - if (verifyElementPresent(findTestObject("Object Repository/RAD_Pages/PaymentEntry_Page/input__billingName"), 30)): null

2024-02-06 17:05:41 - [MESSAGE][PASSED] - Object 'Object Repository/RAD_Pages/PaymentEntry_Page/input__billingName' is present

2024-02-06 17:05:41 - [TEST_STEP][PASSED] - verifyTextPresent("Comptroller of Maryland", true): Text 'Comptroller of Maryland' is present on page  using regular expression

2024-02-06 17:05:42 - [MESSAGE][PASSED] - Text 'Comptroller of Maryland' is present on page  using regular expression

2024-02-06 17:05:42 - [TEST_STEP][PASSED] - verifyTextPresent("Revenue Administration Division", true): Text 'Revenue Administration Division' is present on page  using regular expression

2024-02-06 17:05:42 - [MESSAGE][PASSED] - Text 'Revenue Administration Division' is present on page  using regular expression

2024-02-06 17:05:42 - [TEST_STEP][PASSED] - verifyTextPresent("Payment Information", true): Text 'Payment Information' is present on page  using regular expression

2024-02-06 17:05:42 - [MESSAGE][PASSED] - Text 'Payment Information' is present on page  using regular expression

2024-02-06 17:05:42 - [TEST_STEP][PASSED] - card_Name = getAttribute(findTestObject("Object Repository/RAD_Pages/PaymentEntry_Page/input__billingName"), "value"): Attribute 'value' of object 'Object Repository/RAD_Pages/PaymentEntry_Page/input__billingName' is: 'BusRepFname BusRepLname'

2024-02-06 17:05:42 - [MESSAGE][PASSED] - Attribute 'value' of object 'Object Repository/RAD_Pages/PaymentEntry_Page/input__billingName' is: 'BusRepFname BusRepLname'

2024-02-06 17:05:42 - [TEST_STEP][PASSED] - verifyMatch("BusRepFname BusRepLname", card_Name, false): Actual text 'BusRepFname BusRepLname' and expected text 'BusRepFname BusRepLname' are matched 

2024-02-06 17:05:42 - [MESSAGE][PASSED] - Actual text 'BusRepFname BusRepLname' and expected text 'BusRepFname BusRepLname' are matched 

2024-02-06 17:05:42 - [TEST_STEP][PASSED] - AL1 = getAttribute(findTestObject("Object Repository/RAD_Pages/PaymentEntry_Page/input_billingAddress"), "value"): Attribute 'value' of object 'Object Repository/RAD_Pages/PaymentEntry_Page/input_billingAddress' is: '2508 Mandan Terrace'

2024-02-06 17:05:43 - [MESSAGE][PASSED] - Attribute 'value' of object 'Object Repository/RAD_Pages/PaymentEntry_Page/input_billingAddress' is: '2508 Mandan Terrace'

2024-02-06 17:05:43 - [TEST_STEP][PASSED] - verifyMatch("2508 Mandan Terrace", AL1, false): Actual text '2508 Mandan Terrace' and expected text '2508 Mandan Terrace' are matched 

2024-02-06 17:05:43 - [MESSAGE][PASSED] - Actual text '2508 Mandan Terrace' and expected text '2508 Mandan Terrace' are matched 

2024-02-06 17:05:43 - [TEST_STEP][PASSED] - AL2 = getAttribute(findTestObject("Object Repository/RAD_Pages/PaymentEntry_Page/input_billingAddress2"), "value"): Attribute 'value' of object 'Object Repository/RAD_Pages/PaymentEntry_Page/input_billingAddress2' is: ''

2024-02-06 17:05:43 - [MESSAGE][PASSED] - Attribute 'value' of object 'Object Repository/RAD_Pages/PaymentEntry_Page/input_billingAddress2' is: ''

2024-02-06 17:05:43 - [TEST_STEP][PASSED] - verifyMatch("", AL2, false): Actual text '' and expected text '' are matched 

2024-02-06 17:05:43 - [MESSAGE][PASSED] - Actual text '' and expected text '' are matched 

2024-02-06 17:05:43 - [TEST_STEP][PASSED] - zipCode = getAttribute(findTestObject("Object Repository/RAD_Pages/PaymentEntry_Page/input_billingZip"), "value"): Attribute 'value' of object 'Object Repository/RAD_Pages/PaymentEntry_Page/input_billingZip' is: '21054'

2024-02-06 17:05:43 - [MESSAGE][PASSED] - Attribute 'value' of object 'Object Repository/RAD_Pages/PaymentEntry_Page/input_billingZip' is: '21054'

2024-02-06 17:05:43 - [TEST_STEP][PASSED] - verifyMatch("21054", zipCode, false): Actual text '21054' and expected text '21054' are matched 

2024-02-06 17:05:43 - [MESSAGE][PASSED] - Actual text '21054' and expected text '21054' are matched 

2024-02-06 17:05:43 - [TEST_STEP][PASSED] - city = getAttribute(findTestObject("Object Repository/RAD_Pages/PaymentEntry_Page/input_billingCity"), "value"): Attribute 'value' of object 'Object Repository/RAD_Pages/PaymentEntry_Page/input_billingCity' is: 'GAMBRILLS'

2024-02-06 17:05:44 - [MESSAGE][PASSED] - Attribute 'value' of object 'Object Repository/RAD_Pages/PaymentEntry_Page/input_billingCity' is: 'GAMBRILLS'

2024-02-06 17:05:44 - [TEST_STEP][PASSED] - verifyMatch("GAMBRILLS", city, false): Actual text 'GAMBRILLS' and expected text 'GAMBRILLS' are matched 

2024-02-06 17:05:44 - [MESSAGE][PASSED] - Actual text 'GAMBRILLS' and expected text 'GAMBRILLS' are matched 

2024-02-06 17:05:44 - [TEST_STEP][PASSED] - email = getAttribute(findTestObject("Object Repository/RAD_Pages/PaymentEntry_Page/input_emailAddress"), "value"): Attribute 'value' of object 'Object Repository/RAD_Pages/PaymentEntry_Page/input_emailAddress' is: 'iahmed@govolution.com'

2024-02-06 17:05:44 - [MESSAGE][PASSED] - Attribute 'value' of object 'Object Repository/RAD_Pages/PaymentEntry_Page/input_emailAddress' is: 'iahmed@govolution.com'

2024-02-06 17:05:44 - [TEST_STEP][PASSED] - verifyMatch("iahmed@govolution.com", email, false): Actual text 'iahmed@govolution.com' and expected text 'iahmed@govolution.com' are matched 

2024-02-06 17:05:44 - [MESSAGE][PASSED] - Actual text 'iahmed@govolution.com' and expected text 'iahmed@govolution.com' are matched 

2024-02-06 17:05:44 - [TEST_STEP][PASSED] - amount = getAttribute(findTestObject("Object Repository/RAD_Pages/PaymentEntry_Page/input_amount"), "value"): Attribute 'value' of object 'Object Repository/RAD_Pages/PaymentEntry_Page/input_amount' is: '100.00'

2024-02-06 17:05:44 - [MESSAGE][PASSED] - Attribute 'value' of object 'Object Repository/RAD_Pages/PaymentEntry_Page/input_amount' is: '100.00'

2024-02-06 17:05:44 - [TEST_STEP][PASSED] - verifyMatch("100.00", amount, false): Actual text '100.00' and expected text '100.00' are matched 

2024-02-06 17:05:44 - [MESSAGE][PASSED] - Actual text '100.00' and expected text '100.00' are matched 

2024-02-06 17:05:44 - [TEST_STEP][PASSED] - amountReadOnly = getAttribute(findTestObject("Object Repository/RAD_Pages/PaymentEntry_Page/input_amount"), "readonly"): Attribute 'readonly' of object 'Object Repository/RAD_Pages/PaymentEntry_Page/input_amount' is: 'true'

2024-02-06 17:05:45 - [MESSAGE][PASSED] - Attribute 'readonly' of object 'Object Repository/RAD_Pages/PaymentEntry_Page/input_amount' is: 'true'

2024-02-06 17:05:45 - [TEST_STEP][PASSED] - verifyMatch("true", amountReadOnly, false): Actual text 'true' and expected text 'true' are matched 

2024-02-06 17:05:45 - [MESSAGE][PASSED] - Actual text 'true' and expected text 'true' are matched 

2024-02-06 17:05:45 - [TEST_STEP][PASSED] - verifyOptionSelectedByLabel(findTestObject("Object Repository/RAD_Pages/PaymentEntry_Page/select_Country"), "United States", false, 20): All options with label 'United States' are selected in object 'Object Repository/RAD_Pages/PaymentEntry_Page/select_Country' 

2024-02-06 17:05:46 - [MESSAGE][PASSED] - All options with label 'United States' are selected in object 'Object Repository/RAD_Pages/PaymentEntry_Page/select_Country' 

2024-02-06 17:05:46 - [TEST_STEP][PASSED] - verifyOptionSelectedByLabel(findTestObject("Object Repository/RAD_Pages/PaymentEntry_Page/select_State"), "Maryland", false, 20): All options with label 'Maryland' are selected in object 'Object Repository/RAD_Pages/PaymentEntry_Page/select_State' 

2024-02-06 17:05:48 - [MESSAGE][PASSED] - All options with label 'Maryland' are selected in object 'Object Repository/RAD_Pages/PaymentEntry_Page/select_State' 

2024-02-06 17:05:48 - [TEST_STEP][PASSED] - setText(findTestObject(orPath_PaymentEntry + "/input__cardNumber"), "4111111111111111"): Text '4111111111111111' is set on object 'Object Repository/RAD_Pages/PaymentEntry_Page/input__cardNumber'

2024-02-06 17:05:49 - [MESSAGE][PASSED] - Text '4111111111111111' is set on object 'Object Repository/RAD_Pages/PaymentEntry_Page/input__cardNumber'

2024-02-06 17:05:49 - [TEST_STEP][PASSED] - setText(findTestObject(orPath_PaymentEntry + "/input__spc"), "123"): Text '123' is set on object 'Object Repository/RAD_Pages/PaymentEntry_Page/input__spc'

2024-02-06 17:05:50 - [MESSAGE][PASSED] - Text '123' is set on object 'Object Repository/RAD_Pages/PaymentEntry_Page/input__spc'

2024-02-06 17:05:50 - [TEST_STEP][PASSED] - selectOptionByLabel(findTestObject(orPath_PaymentEntry + "/select_MM"), "12", false): All options with label '12' are selected in object 'Object Repository/RAD_Pages/PaymentEntry_Page/select_MM' 

2024-02-06 17:05:51 - [MESSAGE][PASSED] - All options with label '12' are selected in object 'Object Repository/RAD_Pages/PaymentEntry_Page/select_MM' 

2024-02-06 17:05:51 - [TEST_STEP][PASSED] - selectOptionByLabel(findTestObject(orPath_PaymentEntry + "/select_YYYY"), "2028", false): All options with label '2028' are selected in object 'Object Repository/RAD_Pages/PaymentEntry_Page/select_YYYY' 

2024-02-06 17:05:51 - [MESSAGE][PASSED] - All options with label '2028' are selected in object 'Object Repository/RAD_Pages/PaymentEntry_Page/select_YYYY' 

2024-02-06 17:05:51 - [TEST_STEP][PASSED] - click(findTestObject(orPath_PaymentEntry + "/input_Field_ccSubmit")): Object: 'Object Repository/RAD_Pages/PaymentEntry_Page/input_Field_ccSubmit' is clicked on

2024-02-06 17:05:52 - [MESSAGE][PASSED] - Object: 'Object Repository/RAD_Pages/PaymentEntry_Page/input_Field_ccSubmit' is clicked on

2024-02-06 17:05:52 - [TEST_STEP][PASSED] - click(findTestObject(orPath_PaymentConfirmation + "/input_N_confirmNotifyAction")): Object: 'Object Repository/RAD_Pages/PaymentConfirmation_Page/input_N_confirmNotifyAction' is clicked on

2024-02-06 17:05:53 - [MESSAGE][PASSED] - Object: 'Object Repository/RAD_Pages/PaymentConfirmation_Page/input_N_confirmNotifyAction' is clicked on

2024-02-06 17:05:53 - [TEST_STEP][PASSED] - verifyTextPresent("Service Fee Acceptance", true): Text 'Service Fee Acceptance' is present on page  using regular expression

2024-02-06 17:05:54 - [MESSAGE][PASSED] - Text 'Service Fee Acceptance' is present on page  using regular expression

2024-02-06 17:05:54 - [TEST_STEP][PASSED] - verifyTextPresent("This transaction is subject to a Service Fee of ", true): Text 'This transaction is subject to a Service Fee of ' is present on page  using regular expression

2024-02-06 17:05:54 - [MESSAGE][PASSED] - Text 'This transaction is subject to a Service Fee of ' is present on page  using regular expression

2024-02-06 17:05:54 - [TEST_STEP][PASSED] - verifyTextPresent("Payment Amount:", true): Text 'Payment Amount:' is present on page  using regular expression

2024-02-06 17:05:54 - [MESSAGE][PASSED] - Text 'Payment Amount:' is present on page  using regular expression

2024-02-06 17:05:54 - [TEST_STEP][PASSED] - verifyTextPresent("100.00", true): Text '100.00' is present on page  using regular expression

2024-02-06 17:05:55 - [MESSAGE][PASSED] - Text '100.00' is present on page  using regular expression

2024-02-06 17:05:55 - [TEST_STEP][PASSED] - verifyTextPresent("Service Fee:", true): Text 'Service Fee:' is present on page  using regular expression

2024-02-06 17:05:55 - [MESSAGE][PASSED] - Text 'Service Fee:' is present on page  using regular expression

2024-02-06 17:05:55 - [TEST_STEP][PASSED] - verifyTextPresent("2.45", true): Text '2.45' is present on page  using regular expression

2024-02-06 17:05:55 - [MESSAGE][PASSED] - Text '2.45' is present on page  using regular expression

2024-02-06 17:05:55 - [TEST_STEP][PASSED] - verifyTextPresent("Total Amount:", true): Text 'Total Amount:' is present on page  using regular expression

2024-02-06 17:05:55 - [MESSAGE][PASSED] - Text 'Total Amount:' is present on page  using regular expression

2024-02-06 17:05:55 - [TEST_STEP][PASSED] - verifyTextPresent("102.45", true): Text '102.45' is present on page  using regular expression

2024-02-06 17:05:56 - [MESSAGE][PASSED] - Text '102.45' is present on page  using regular expression

2024-02-06 17:05:56 - [TEST_STEP][PASSED] - verifyTextPresent("Two transactions will appear on your bank statement, one in the amount of", true): Text 'Two transactions will appear on your bank statement, one in the amount of' is present on page  using regular expression

2024-02-06 17:05:56 - [MESSAGE][PASSED] - Text 'Two transactions will appear on your bank statement, one in the amount of' is present on page  using regular expression

2024-02-06 17:05:56 - [TEST_STEP][PASSED] - if (verifyElementPresent(findTestObject(orPath_ServiceFeesAccept + "/input_convFeeNotifyAction"), 30)): null

2024-02-06 17:05:56 - [MESSAGE][PASSED] - Object 'Object Repository/RAD_Pages/ServiceFeeAccept_Page/input_convFeeNotifyAction' is present

2024-02-06 17:05:56 - [TEST_STEP][PASSED] - resText = "Pass": null

2024-02-06 17:05:56 - [TEST_STEP][PASSED] - pages.WriteExcel.demoKey(resText, datText, resColumn, datCloumn, fileLoc, nameSheet, row): pages.WriteExcel.demoKey is PASSED

2024-02-06 17:05:56 - [MESSAGE][PASSED] - pages.WriteExcel.demoKey is PASSED

2024-02-06 17:05:56 - [TEST_STEP][PASSED] - if (execProfile == "QAProfile" || execProfile == "QA2Profile"): Text 'Successful Payment Receipt' is present on page  using regular expression

2024-02-06 17:05:56 - [TEST_STEP][PASSED] - click(findTestObject(orPath_ServiceFeesAccept + "/input_convFeeNotifyAction")): Object: 'Object Repository/RAD_Pages/ServiceFeeAccept_Page/input_convFeeNotifyAction' is clicked on

2024-02-06 17:05:57 - [MESSAGE][PASSED] - Object: 'Object Repository/RAD_Pages/ServiceFeeAccept_Page/input_convFeeNotifyAction' is clicked on

2024-02-06 17:05:57 - [TEST_STEP][PASSED] - delay(10): Delayed 10 second(s)

2024-02-06 17:06:07 - [MESSAGE][PASSED] - Delayed 10 second(s)

2024-02-06 17:06:07 - [TEST_STEP][PASSED] - verifyTextPresent("Successful Payment Receipt", true): Text 'Successful Payment Receipt' is present on page  using regular expression

2024-02-06 17:06:07 - [MESSAGE][PASSED] - Text 'Successful Payment Receipt' is present on page  using regular expression

2024-02-06 17:06:07 - [TEST_STEP][PASSED] - ExecuteTC = findTestData(dataFile).getValue("Execute", row): null

2024-02-06 17:06:07 - [TEST_STEP][PASSED] - TaxType = findTestData(dataFile).getValue("TaxType", row): null

2024-02-06 17:06:08 - [TEST_STEP][PASSED] - PaymentType = findTestData(dataFile).getValue("PaymentType", row): null

2024-02-06 17:06:08 - [TEST_STEP][PASSED] - FilingYear = findTestData(dataFile).getValue("Year", row): null

2024-02-06 17:06:08 - [TEST_STEP][PASSED] - feinSSN = findTestData(dataFile).getValue("FeinSsn", row): null

2024-02-06 17:06:08 - [TEST_STEP][PASSED] - if (ExecuteTC.equalsIgnoreCase("Y")): null

2024-02-06 17:06:08 - [TEST_STEP][PASSED] - out.println("Begin Record Number: " + row): null

2024-02-06 17:06:08 - [TEST_STEP][PASSED] - today = new java.util.Date(): null

2024-02-06 17:06:08 - [TEST_STEP][PASSED] - println(today): null

2024-02-06 17:06:08 - [TEST_STEP][PASSED] - datText = today: null

2024-02-06 17:06:08 - [TEST_STEP][PASSED] - logInfo("Payment Type: New Tax Return Amount Due"): Payment Type: New Tax Return Amount Due

2024-02-06 17:06:08 - [MESSAGE][INFO] - Payment Type: New Tax Return Amount Due

2024-02-06 17:06:08 - [TEST_STEP][PASSED] - logInfo("Tax Type: " + TaxType): Tax Type: Alcohol Tax

2024-02-06 17:06:08 - [MESSAGE][INFO] - Tax Type: Alcohol Tax

2024-02-06 17:06:08 - [TEST_STEP][PASSED] - openBrowser(""): Browser is opened with url: ''

2024-02-06 17:06:08 - [MESSAGE][WARNING] - A browser is already opened. Closing browser and opening a new one

2024-02-06 17:06:09 - [MESSAGE][INFO] - Starting 'Chrome' driver

2024-02-06 17:06:09 - [MESSAGE][INFO] - User set preference: ['acceptInsecureCerts', 'true']

2024-02-06 17:06:09 - [MESSAGE][INFO] - Action delay is set to 0 milliseconds

2024-02-06 17:06:10 - [MESSAGE][PASSED] - Browser is opened with url: ''

2024-02-06 17:06:10 - [TEST_STEP][PASSED] - maximizeWindow(): Current window maximized

2024-02-06 17:06:10 - [MESSAGE][PASSED] - Current window maximized

2024-02-06 17:06:10 - [TEST_STEP][PASSED] - navigateToUrl(RADurl): Navigate to 'https://qa2.velocitypayment.com/client/rad/index.html' successfully

2024-02-06 17:06:12 - [MESSAGE][PASSED] - Navigate to 'https://qa2.velocitypayment.com/client/rad/index.html' successfully

2024-02-06 17:06:12 - [TEST_STEP][PASSED] - selectOptionByLabel(findTestObject(orPath_Landing + "/dd_TaxType"), "New Tax Return Amount Due", false): All options with label 'New Tax Return Amount Due' are selected in object 'Object Repository/RAD_Pages/Landing_Page/dd_TaxType' 

2024-02-06 17:06:13 - [MESSAGE][PASSED] - All options with label 'New Tax Return Amount Due' are selected in object 'Object Repository/RAD_Pages/Landing_Page/dd_TaxType' 

2024-02-06 17:06:13 - [TEST_STEP][PASSED] - selectOptionByLabel(findTestObject("Object Repository/RAD_Pages/Landing_Page/select_NewTaxReturnAmountDue_TaxType"), TaxType, false): All options with label 'Alcohol Tax' are selected in object 'Object Repository/RAD_Pages/Landing_Page/select_NewTaxReturnAmountDue_TaxType' 

2024-02-06 17:06:14 - [MESSAGE][PASSED] - All options with label 'Alcohol Tax' are selected in object 'Object Repository/RAD_Pages/Landing_Page/select_NewTaxReturnAmountDue_TaxType' 

2024-02-06 17:06:14 - [TEST_STEP][PASSED] - selectOptionByLabel(findTestObject(orPath_TaxTypeFilingYear + "/select_FilingYear"), FilingYear, false): All options with label '2022' are selected in object 'Object Repository/RAD_Pages/TaxTypeFilingYear_Page/select_FilingYear' 

2024-02-06 17:06:14 - [MESSAGE][PASSED] - All options with label '2022' are selected in object 'Object Repository/RAD_Pages/TaxTypeFilingYear_Page/select_FilingYear' 

2024-02-06 17:06:14 - [TEST_STEP][PASSED] - rad.getSetDataRAD.setDataRADBusinessName(): rad.getSetDataRAD.setDataRADBusinessName is PASSED

2024-02-06 17:06:15 - [MESSAGE][PASSED] - Text 'My Company' is set on object 'Object Repository/RAD_Pages/Taxpayer_Page/input_businessName'

2024-02-06 17:06:15 - [MESSAGE][PASSED] - rad.getSetDataRAD.setDataRADBusinessName is PASSED

2024-02-06 17:06:15 - [TEST_STEP][PASSED] - rad.getSetDataRAD.setDataRADBusinessRep(): rad.getSetDataRAD.setDataRADBusinessRep is PASSED

2024-02-06 17:06:16 - [MESSAGE][PASSED] - Text 'BusRepFname' is set on object 'Object Repository/RAD_Pages/Taxpayer_Page/input_BusinessRepfirstName'

2024-02-06 17:06:17 - [MESSAGE][PASSED] - Text '' is set on object 'Object Repository/RAD_Pages/Taxpayer_Page/input_BusinessRepmiddleName'

2024-02-06 17:06:17 - [MESSAGE][PASSED] - Text 'BusRepLname' is set on object 'Object Repository/RAD_Pages/Taxpayer_Page/input_BusinessReplastName'

2024-02-06 17:06:18 - [MESSAGE][PASSED] - Text '' is set on object 'Object Repository/RAD_Pages/Taxpayer_Page/input_BusinessRepsuffix'

2024-02-06 17:06:18 - [MESSAGE][PASSED] - rad.getSetDataRAD.setDataRADBusinessRep is PASSED

2024-02-06 17:06:18 - [TEST_STEP][PASSED] - rad.getSetDataRAD.setDataRADAddress(): rad.getSetDataRAD.setDataRADAddress is PASSED

2024-02-06 17:06:19 - [MESSAGE][PASSED] - All options with label 'United States' are selected in object 'Object Repository/RAD_Pages/AddressAndContactInfo_Page/select_Country' 

2024-02-06 17:06:19 - [MESSAGE][PASSED] - Text '2508 Mandan Terrace' is set on object 'Object Repository/RAD_Pages/AddressAndContactInfo_Page/input_streetAddress1'

2024-02-06 17:06:20 - [MESSAGE][PASSED] - Text '' is set on object 'Object Repository/RAD_Pages/AddressAndContactInfo_Page/input_streetAddress2'

2024-02-06 17:06:21 - [MESSAGE][PASSED] - Text 'Gambrills' is set on object 'Object Repository/RAD_Pages/AddressAndContactInfo_Page/input_city'

2024-02-06 17:06:22 - [MESSAGE][PASSED] - All options with label 'Maryland' are selected in object 'Object Repository/RAD_Pages/AddressAndContactInfo_Page/select_State' 

2024-02-06 17:06:23 - [MESSAGE][PASSED] - Text '21054' is set on object 'Object Repository/RAD_Pages/AddressAndContactInfo_Page/input_zipCode'

2024-02-06 17:06:23 - [MESSAGE][PASSED] - Text '(703) 894-5000' is set on object 'Object Repository/RAD_Pages/AddressAndContactInfo_Page/input_phoneNumber'

2024-02-06 17:06:24 - [MESSAGE][PASSED] - Text 'iahmed@govolution.com' is set on object 'Object Repository/RAD_Pages/AddressAndContactInfo_Page/input_eMailAddress'

2024-02-06 17:06:25 - [MESSAGE][PASSED] - Text 'iahmed@govolution.com' is set on object 'Object Repository/RAD_Pages/AddressAndContactInfo_Page/input_reEnterEMailAddress'

2024-02-06 17:06:25 - [MESSAGE][PASSED] - rad.getSetDataRAD.setDataRADAddress is PASSED

2024-02-06 17:06:25 - [TEST_STEP][PASSED] - if (feinSSN.equalsIgnoreCase("Y")): null

2024-02-06 17:06:25 - [TEST_STEP][PASSED] - else: rad.getSetDataRAD.setDataRADFEIN is PASSED

2024-02-06 17:06:25 - [TEST_STEP][PASSED] - if (!(TaxType.equalsIgnoreCase("Estate Tax"))): rad.getSetDataRAD.setDataRADFEIN is PASSED

2024-02-06 17:06:25 - [TEST_STEP][PASSED] - rad.getSetDataRAD.setDataRADFEIN(): rad.getSetDataRAD.setDataRADFEIN is PASSED

2024-02-06 17:06:26 - [MESSAGE][PASSED] - Text ****** has been set on object 'Object Repository/RAD_Pages/TaxInfo_Page/input_FederalEIN'

2024-02-06 17:06:26 - [MESSAGE][PASSED] - Text ****** has been set on object 'Object Repository/RAD_Pages/TaxInfo_Page/input_FederalEIN_ReEnter'

2024-02-06 17:06:26 - [MESSAGE][PASSED] - rad.getSetDataRAD.setDataRADFEIN is PASSED

2024-02-06 17:06:26 - [TEST_STEP][PASSED] - if (TaxType.equalsIgnoreCase("Estate Tax")): null

2024-02-06 17:06:26 - [TEST_STEP][PASSED] - setText(findTestObject(orPath_Amount + "/input__paymentAmount"), "100.00"): Text '100.00' is set on object 'Object Repository/RAD_Pages/PaymentAmount_Page/input__paymentAmount'

2024-02-06 17:06:27 - [MESSAGE][PASSED] - Text '100.00' is set on object 'Object Repository/RAD_Pages/PaymentAmount_Page/input__paymentAmount'

2024-02-06 17:06:27 - [TEST_STEP][PASSED] - setText(findTestObject(orPath_AddressContact + "/input_streetAddress2"), ""): Text '' is set on object 'Object Repository/RAD_Pages/AddressAndContactInfo_Page/input_streetAddress2'

2024-02-06 17:06:28 - [MESSAGE][PASSED] - Text '' is set on object 'Object Repository/RAD_Pages/AddressAndContactInfo_Page/input_streetAddress2'

2024-02-06 17:06:28 - [TEST_STEP][PASSED] - scrollToElement(findTestObject(orPath_Landing + "/button_Continue"), 3): Scroll to object 'Object Repository/RAD_Pages/Landing_Page/button_Continue' successfully

2024-02-06 17:06:29 - [MESSAGE][PASSED] - Scroll to object 'Object Repository/RAD_Pages/Landing_Page/button_Continue' successfully

2024-02-06 17:06:29 - [TEST_STEP][PASSED] - waitForElementClickable(findTestObject(orPath_Landing + "/button_Continue"), 5): Object 'Object Repository/RAD_Pages/Landing_Page/button_Continue' is clickable

2024-02-06 17:06:29 - [MESSAGE][PASSED] - Object 'Object Repository/RAD_Pages/Landing_Page/button_Continue' is clickable

2024-02-06 17:06:29 - [TEST_STEP][PASSED] - click(findTestObject(orPath_Landing + "/button_Continue")): Object: 'Object Repository/RAD_Pages/Landing_Page/button_Continue' is clicked on

2024-02-06 17:06:29 - [MESSAGE][PASSED] - Object: 'Object Repository/RAD_Pages/Landing_Page/button_Continue' is clicked on

2024-02-06 17:06:29 - [TEST_STEP][PASSED] - delay(2): Delayed 2 second(s)

2024-02-06 17:06:31 - [MESSAGE][PASSED] - Delayed 2 second(s)

2024-02-06 17:06:31 - [TEST_STEP][PASSED] - click(findTestObject(orPath_Summary + "/button_Proceed to Payment")): Object: 'Object Repository/RAD_Pages/Summary_Page/button_Proceed to Payment' is clicked on

2024-02-06 17:06:33 - [MESSAGE][PASSED] - Object: 'Object Repository/RAD_Pages/Summary_Page/button_Proceed to Payment' is clicked on

2024-02-06 17:06:33 - [TEST_STEP][PASSED] - if (verifyElementPresent(findTestObject("Object Repository/RAD_Pages/PaymentEntry_Page/input__billingName"), 30)): null

2024-02-06 17:06:34 - [MESSAGE][PASSED] - Object 'Object Repository/RAD_Pages/PaymentEntry_Page/input__billingName' is present

2024-02-06 17:06:34 - [TEST_STEP][PASSED] - verifyTextPresent("Comptroller of Maryland", true): Text 'Comptroller of Maryland' is present on page  using regular expression

2024-02-06 17:06:34 - [MESSAGE][PASSED] - Text 'Comptroller of Maryland' is present on page  using regular expression

2024-02-06 17:06:34 - [TEST_STEP][PASSED] - verifyTextPresent("Revenue Administration Division", true): Text 'Revenue Administration Division' is present on page  using regular expression

2024-02-06 17:06:34 - [MESSAGE][PASSED] - Text 'Revenue Administration Division' is present on page  using regular expression

2024-02-06 17:06:34 - [TEST_STEP][PASSED] - verifyTextPresent("Payment Information", true): Text 'Payment Information' is present on page  using regular expression

2024-02-06 17:06:35 - [MESSAGE][PASSED] - Text 'Payment Information' is present on page  using regular expression

2024-02-06 17:06:35 - [TEST_STEP][PASSED] - card_Name = getAttribute(findTestObject("Object Repository/RAD_Pages/PaymentEntry_Page/input__billingName"), "value"): Attribute 'value' of object 'Object Repository/RAD_Pages/PaymentEntry_Page/input__billingName' is: 'BusRepFname BusRepLname'

2024-02-06 17:06:35 - [MESSAGE][PASSED] - Attribute 'value' of object 'Object Repository/RAD_Pages/PaymentEntry_Page/input__billingName' is: 'BusRepFname BusRepLname'

2024-02-06 17:06:35 - [TEST_STEP][PASSED] - verifyMatch("BusRepFname BusRepLname", card_Name, false): Actual text 'BusRepFname BusRepLname' and expected text 'BusRepFname BusRepLname' are matched 

2024-02-06 17:06:35 - [MESSAGE][PASSED] - Actual text 'BusRepFname BusRepLname' and expected text 'BusRepFname BusRepLname' are matched 

2024-02-06 17:06:35 - [TEST_STEP][PASSED] - AL1 = getAttribute(findTestObject("Object Repository/RAD_Pages/PaymentEntry_Page/input_billingAddress"), "value"): Attribute 'value' of object 'Object Repository/RAD_Pages/PaymentEntry_Page/input_billingAddress' is: '2508 Mandan Terrace'

2024-02-06 17:06:35 - [MESSAGE][PASSED] - Attribute 'value' of object 'Object Repository/RAD_Pages/PaymentEntry_Page/input_billingAddress' is: '2508 Mandan Terrace'

2024-02-06 17:06:35 - [TEST_STEP][PASSED] - verifyMatch("2508 Mandan Terrace", AL1, false): Actual text '2508 Mandan Terrace' and expected text '2508 Mandan Terrace' are matched 

2024-02-06 17:06:35 - [MESSAGE][PASSED] - Actual text '2508 Mandan Terrace' and expected text '2508 Mandan Terrace' are matched 

2024-02-06 17:06:35 - [TEST_STEP][PASSED] - AL2 = getAttribute(findTestObject("Object Repository/RAD_Pages/PaymentEntry_Page/input_billingAddress2"), "value"): Attribute 'value' of object 'Object Repository/RAD_Pages/PaymentEntry_Page/input_billingAddress2' is: ''

2024-02-06 17:06:36 - [MESSAGE][PASSED] - Attribute 'value' of object 'Object Repository/RAD_Pages/PaymentEntry_Page/input_billingAddress2' is: ''

2024-02-06 17:06:36 - [TEST_STEP][PASSED] - verifyMatch("", AL2, false): Actual text '' and expected text '' are matched 

2024-02-06 17:06:36 - [MESSAGE][PASSED] - Actual text '' and expected text '' are matched 

2024-02-06 17:06:36 - [TEST_STEP][PASSED] - zipCode = getAttribute(findTestObject("Object Repository/RAD_Pages/PaymentEntry_Page/input_billingZip"), "value"): Attribute 'value' of object 'Object Repository/RAD_Pages/PaymentEntry_Page/input_billingZip' is: '21054'

2024-02-06 17:06:36 - [MESSAGE][PASSED] - Attribute 'value' of object 'Object Repository/RAD_Pages/PaymentEntry_Page/input_billingZip' is: '21054'

2024-02-06 17:06:36 - [TEST_STEP][PASSED] - verifyMatch("21054", zipCode, false): Actual text '21054' and expected text '21054' are matched 

2024-02-06 17:06:36 - [MESSAGE][PASSED] - Actual text '21054' and expected text '21054' are matched 

2024-02-06 17:06:36 - [TEST_STEP][PASSED] - city = getAttribute(findTestObject("Object Repository/RAD_Pages/PaymentEntry_Page/input_billingCity"), "value"): Attribute 'value' of object 'Object Repository/RAD_Pages/PaymentEntry_Page/input_billingCity' is: 'GAMBRILLS'

2024-02-06 17:06:37 - [MESSAGE][PASSED] - Attribute 'value' of object 'Object Repository/RAD_Pages/PaymentEntry_Page/input_billingCity' is: 'GAMBRILLS'

2024-02-06 17:06:37 - [TEST_STEP][PASSED] - verifyMatch("GAMBRILLS", city, false): Actual text 'GAMBRILLS' and expected text 'GAMBRILLS' are matched 

2024-02-06 17:06:37 - [MESSAGE][PASSED] - Actual text 'GAMBRILLS' and expected text 'GAMBRILLS' are matched 

2024-02-06 17:06:37 - [TEST_STEP][PASSED] - email = getAttribute(findTestObject("Object Repository/RAD_Pages/PaymentEntry_Page/input_emailAddress"), "value"): Attribute 'value' of object 'Object Repository/RAD_Pages/PaymentEntry_Page/input_emailAddress' is: 'iahmed@govolution.com'

2024-02-06 17:06:37 - [MESSAGE][PASSED] - Attribute 'value' of object 'Object Repository/RAD_Pages/PaymentEntry_Page/input_emailAddress' is: 'iahmed@govolution.com'

2024-02-06 17:06:37 - [TEST_STEP][PASSED] - verifyMatch("iahmed@govolution.com", email, false): Actual text 'iahmed@govolution.com' and expected text 'iahmed@govolution.com' are matched 

2024-02-06 17:06:37 - [MESSAGE][PASSED] - Actual text 'iahmed@govolution.com' and expected text 'iahmed@govolution.com' are matched 

2024-02-06 17:06:37 - [TEST_STEP][PASSED] - amount = getAttribute(findTestObject("Object Repository/RAD_Pages/PaymentEntry_Page/input_amount"), "value"): Attribute 'value' of object 'Object Repository/RAD_Pages/PaymentEntry_Page/input_amount' is: '100.00'

2024-02-06 17:06:37 - [MESSAGE][PASSED] - Attribute 'value' of object 'Object Repository/RAD_Pages/PaymentEntry_Page/input_amount' is: '100.00'

2024-02-06 17:06:37 - [TEST_STEP][PASSED] - verifyMatch("100.00", amount, false): Actual text '100.00' and expected text '100.00' are matched 

2024-02-06 17:06:37 - [MESSAGE][PASSED] - Actual text '100.00' and expected text '100.00' are matched 

2024-02-06 17:06:37 - [TEST_STEP][PASSED] - amountReadOnly = getAttribute(findTestObject("Object Repository/RAD_Pages/PaymentEntry_Page/input_amount"), "readonly"): Attribute 'readonly' of object 'Object Repository/RAD_Pages/PaymentEntry_Page/input_amount' is: 'true'

2024-02-06 17:06:38 - [MESSAGE][PASSED] - Attribute 'readonly' of object 'Object Repository/RAD_Pages/PaymentEntry_Page/input_amount' is: 'true'

2024-02-06 17:06:38 - [TEST_STEP][PASSED] - verifyMatch("true", amountReadOnly, false): Actual text 'true' and expected text 'true' are matched 

2024-02-06 17:06:38 - [MESSAGE][PASSED] - Actual text 'true' and expected text 'true' are matched 

2024-02-06 17:06:38 - [TEST_STEP][PASSED] - verifyOptionSelectedByLabel(findTestObject("Object Repository/RAD_Pages/PaymentEntry_Page/select_Country"), "United States", false, 20): All options with label 'United States' are selected in object 'Object Repository/RAD_Pages/PaymentEntry_Page/select_Country' 

2024-02-06 17:06:39 - [MESSAGE][PASSED] - All options with label 'United States' are selected in object 'Object Repository/RAD_Pages/PaymentEntry_Page/select_Country' 

2024-02-06 17:06:39 - [TEST_STEP][PASSED] - verifyOptionSelectedByLabel(findTestObject("Object Repository/RAD_Pages/PaymentEntry_Page/select_State"), "Maryland", false, 20): All options with label 'Maryland' are selected in object 'Object Repository/RAD_Pages/PaymentEntry_Page/select_State' 

2024-02-06 17:06:41 - [MESSAGE][PASSED] - All options with label 'Maryland' are selected in object 'Object Repository/RAD_Pages/PaymentEntry_Page/select_State' 

2024-02-06 17:06:41 - [TEST_STEP][PASSED] - setText(findTestObject(orPath_PaymentEntry + "/input__cardNumber"), "4111111111111111"): Text '4111111111111111' is set on object 'Object Repository/RAD_Pages/PaymentEntry_Page/input__cardNumber'

2024-02-06 17:06:42 - [MESSAGE][PASSED] - Text '4111111111111111' is set on object 'Object Repository/RAD_Pages/PaymentEntry_Page/input__cardNumber'

2024-02-06 17:06:42 - [TEST_STEP][PASSED] - setText(findTestObject(orPath_PaymentEntry + "/input__spc"), "123"): Text '123' is set on object 'Object Repository/RAD_Pages/PaymentEntry_Page/input__spc'

2024-02-06 17:06:43 - [MESSAGE][PASSED] - Text '123' is set on object 'Object Repository/RAD_Pages/PaymentEntry_Page/input__spc'

2024-02-06 17:06:43 - [TEST_STEP][PASSED] - selectOptionByLabel(findTestObject(orPath_PaymentEntry + "/select_MM"), "12", false): All options with label '12' are selected in object 'Object Repository/RAD_Pages/PaymentEntry_Page/select_MM' 

2024-02-06 17:06:43 - [MESSAGE][PASSED] - All options with label '12' are selected in object 'Object Repository/RAD_Pages/PaymentEntry_Page/select_MM' 

2024-02-06 17:06:43 - [TEST_STEP][PASSED] - selectOptionByLabel(findTestObject(orPath_PaymentEntry + "/select_YYYY"), "2028", false): All options with label '2028' are selected in object 'Object Repository/RAD_Pages/PaymentEntry_Page/select_YYYY' 

2024-02-06 17:06:44 - [MESSAGE][PASSED] - All options with label '2028' are selected in object 'Object Repository/RAD_Pages/PaymentEntry_Page/select_YYYY' 

2024-02-06 17:06:44 - [TEST_STEP][PASSED] - click(findTestObject(orPath_PaymentEntry + "/input_Field_ccSubmit")): Object: 'Object Repository/RAD_Pages/PaymentEntry_Page/input_Field_ccSubmit' is clicked on

2024-02-06 17:06:45 - [MESSAGE][PASSED] - Object: 'Object Repository/RAD_Pages/PaymentEntry_Page/input_Field_ccSubmit' is clicked on

2024-02-06 17:06:45 - [TEST_STEP][PASSED] - click(findTestObject(orPath_PaymentConfirmation + "/input_N_confirmNotifyAction")): Object: 'Object Repository/RAD_Pages/PaymentConfirmation_Page/input_N_confirmNotifyAction' is clicked on

2024-02-06 17:06:46 - [MESSAGE][PASSED] - Object: 'Object Repository/RAD_Pages/PaymentConfirmation_Page/input_N_confirmNotifyAction' is clicked on

2024-02-06 17:06:46 - [TEST_STEP][PASSED] - verifyTextPresent("Service Fee Acceptance", true): Text 'Service Fee Acceptance' is present on page  using regular expression

2024-02-06 17:06:47 - [MESSAGE][PASSED] - Text 'Service Fee Acceptance' is present on page  using regular expression

2024-02-06 17:06:47 - [TEST_STEP][PASSED] - verifyTextPresent("This transaction is subject to a Service Fee of ", true): Text 'This transaction is subject to a Service Fee of ' is present on page  using regular expression

2024-02-06 17:06:47 - [MESSAGE][PASSED] - Text 'This transaction is subject to a Service Fee of ' is present on page  using regular expression

2024-02-06 17:06:47 - [TEST_STEP][PASSED] - verifyTextPresent("Payment Amount:", true): Text 'Payment Amount:' is present on page  using regular expression

2024-02-06 17:06:47 - [MESSAGE][PASSED] - Text 'Payment Amount:' is present on page  using regular expression

2024-02-06 17:06:47 - [TEST_STEP][PASSED] - verifyTextPresent("100.00", true): Text '100.00' is present on page  using regular expression

2024-02-06 17:06:48 - [MESSAGE][PASSED] - Text '100.00' is present on page  using regular expression

2024-02-06 17:06:48 - [TEST_STEP][PASSED] - verifyTextPresent("Service Fee:", true): Text 'Service Fee:' is present on page  using regular expression

2024-02-06 17:06:48 - [MESSAGE][PASSED] - Text 'Service Fee:' is present on page  using regular expression

2024-02-06 17:06:48 - [TEST_STEP][PASSED] - verifyTextPresent("2.45", true): Text '2.45' is present on page  using regular expression

2024-02-06 17:06:48 - [MESSAGE][PASSED] - Text '2.45' is present on page  using regular expression

2024-02-06 17:06:48 - [TEST_STEP][PASSED] - verifyTextPresent("Total Amount:", true): Text 'Total Amount:' is present on page  using regular expression

2024-02-06 17:06:49 - [MESSAGE][PASSED] - Text 'Total Amount:' is present on page  using regular expression

2024-02-06 17:06:49 - [TEST_STEP][PASSED] - verifyTextPresent("102.45", true): Text '102.45' is present on page  using regular expression

2024-02-06 17:06:49 - [MESSAGE][PASSED] - Text '102.45' is present on page  using regular expression

2024-02-06 17:06:49 - [TEST_STEP][PASSED] - verifyTextPresent("Two transactions will appear on your bank statement, one in the amount of", true): Text 'Two transactions will appear on your bank statement, one in the amount of' is present on page  using regular expression

2024-02-06 17:06:49 - [MESSAGE][PASSED] - Text 'Two transactions will appear on your bank statement, one in the amount of' is present on page  using regular expression

2024-02-06 17:06:49 - [TEST_STEP][PASSED] - if (verifyElementPresent(findTestObject(orPath_ServiceFeesAccept + "/input_convFeeNotifyAction"), 30)): null

2024-02-06 17:06:50 - [MESSAGE][PASSED] - Object 'Object Repository/RAD_Pages/ServiceFeeAccept_Page/input_convFeeNotifyAction' is present

2024-02-06 17:06:50 - [TEST_STEP][PASSED] - resText = "Pass": null

2024-02-06 17:06:50 - [TEST_STEP][PASSED] - pages.WriteExcel.demoKey(resText, datText, resColumn, datCloumn, fileLoc, nameSheet, row): pages.WriteExcel.demoKey is PASSED

2024-02-06 17:06:50 - [MESSAGE][PASSED] - pages.WriteExcel.demoKey is PASSED

2024-02-06 17:06:50 - [TEST_STEP][PASSED] - if (execProfile == "QAProfile" || execProfile == "QA2Profile"): Text 'Successful Payment Receipt' is present on page  using regular expression

2024-02-06 17:06:50 - [TEST_STEP][PASSED] - click(findTestObject(orPath_ServiceFeesAccept + "/input_convFeeNotifyAction")): Object: 'Object Repository/RAD_Pages/ServiceFeeAccept_Page/input_convFeeNotifyAction' is clicked on

2024-02-06 17:06:51 - [MESSAGE][PASSED] - Object: 'Object Repository/RAD_Pages/ServiceFeeAccept_Page/input_convFeeNotifyAction' is clicked on

2024-02-06 17:06:51 - [TEST_STEP][PASSED] - delay(10): Delayed 10 second(s)

2024-02-06 17:07:01 - [MESSAGE][PASSED] - Delayed 10 second(s)

2024-02-06 17:07:01 - [TEST_STEP][PASSED] - verifyTextPresent("Successful Payment Receipt", true): Text 'Successful Payment Receipt' is present on page  using regular expression

2024-02-06 17:07:01 - [MESSAGE][PASSED] - Text 'Successful Payment Receipt' is present on page  using regular expression

2024-02-06 17:07:01 - [TEST_STEP][PASSED] - ExecuteTC = findTestData(dataFile).getValue("Execute", row): null

2024-02-06 17:07:01 - [TEST_STEP][PASSED] - TaxType = findTestData(dataFile).getValue("TaxType", row): null

2024-02-06 17:07:01 - [TEST_STEP][PASSED] - PaymentType = findTestData(dataFile).getValue("PaymentType", row): null

2024-02-06 17:07:01 - [TEST_STEP][PASSED] - FilingYear = findTestData(dataFile).getValue("Year", row): null

2024-02-06 17:07:01 - [TEST_STEP][PASSED] - feinSSN = findTestData(dataFile).getValue("FeinSsn", row): null

2024-02-06 17:07:01 - [TEST_STEP][PASSED] - if (ExecuteTC.equalsIgnoreCase("Y")): null

2024-02-06 17:07:01 - [TEST_STEP][PASSED] - out.println("Begin Record Number: " + row): null

2024-02-06 17:07:01 - [TEST_STEP][PASSED] - today = new java.util.Date(): null

2024-02-06 17:07:01 - [TEST_STEP][PASSED] - println(today): null

2024-02-06 17:07:01 - [TEST_STEP][PASSED] - datText = today: null

2024-02-06 17:07:01 - [TEST_STEP][PASSED] - logInfo("Payment Type: New Tax Return Amount Due"): Payment Type: New Tax Return Amount Due

2024-02-06 17:07:01 - [MESSAGE][INFO] - Payment Type: New Tax Return Amount Due

2024-02-06 17:07:01 - [TEST_STEP][PASSED] - logInfo("Tax Type: " + TaxType): Tax Type: Bay Restoration Fee

2024-02-06 17:07:01 - [MESSAGE][INFO] - Tax Type: Bay Restoration Fee

2024-02-06 17:07:01 - [TEST_STEP][PASSED] - openBrowser(""): Browser is opened with url: ''

2024-02-06 17:07:01 - [MESSAGE][WARNING] - A browser is already opened. Closing browser and opening a new one

2024-02-06 17:07:02 - [MESSAGE][INFO] - Starting 'Chrome' driver

2024-02-06 17:07:02 - [MESSAGE][INFO] - User set preference: ['acceptInsecureCerts', 'true']

2024-02-06 17:07:02 - [MESSAGE][INFO] - Action delay is set to 0 milliseconds

2024-02-06 17:07:04 - [MESSAGE][PASSED] - Browser is opened with url: ''

2024-02-06 17:07:04 - [TEST_STEP][PASSED] - maximizeWindow(): Current window maximized

2024-02-06 17:07:04 - [MESSAGE][PASSED] - Current window maximized

2024-02-06 17:07:04 - [TEST_STEP][PASSED] - navigateToUrl(RADurl): Navigate to 'https://qa2.velocitypayment.com/client/rad/index.html' successfully

2024-02-06 17:07:04 - [MESSAGE][PASSED] - Navigate to 'https://qa2.velocitypayment.com/client/rad/index.html' successfully

2024-02-06 17:07:04 - [TEST_STEP][PASSED] - selectOptionByLabel(findTestObject(orPath_Landing + "/dd_TaxType"), "New Tax Return Amount Due", false): All options with label 'New Tax Return Amount Due' are selected in object 'Object Repository/RAD_Pages/Landing_Page/dd_TaxType' 

2024-02-06 17:07:06 - [MESSAGE][PASSED] - All options with label 'New Tax Return Amount Due' are selected in object 'Object Repository/RAD_Pages/Landing_Page/dd_TaxType' 

2024-02-06 17:07:06 - [TEST_STEP][PASSED] - selectOptionByLabel(findTestObject("Object Repository/RAD_Pages/Landing_Page/select_NewTaxReturnAmountDue_TaxType"), TaxType, false): All options with label 'Bay Restoration Fee' are selected in object 'Object Repository/RAD_Pages/Landing_Page/select_NewTaxReturnAmountDue_TaxType' 

2024-02-06 17:07:07 - [MESSAGE][PASSED] - All options with label 'Bay Restoration Fee' are selected in object 'Object Repository/RAD_Pages/Landing_Page/select_NewTaxReturnAmountDue_TaxType' 

2024-02-06 17:07:07 - [TEST_STEP][PASSED] - selectOptionByLabel(findTestObject(orPath_TaxTypeFilingYear + "/select_FilingYear"), FilingYear, false): All options with label '2022' are selected in object 'Object Repository/RAD_Pages/TaxTypeFilingYear_Page/select_FilingYear' 

2024-02-06 17:07:08 - [MESSAGE][PASSED] - All options with label '2022' are selected in object 'Object Repository/RAD_Pages/TaxTypeFilingYear_Page/select_FilingYear' 

2024-02-06 17:07:08 - [TEST_STEP][PASSED] - rad.getSetDataRAD.setDataRADBusinessName(): rad.getSetDataRAD.setDataRADBusinessName is PASSED

2024-02-06 17:07:09 - [MESSAGE][PASSED] - Text 'My Company' is set on object 'Object Repository/RAD_Pages/Taxpayer_Page/input_businessName'

2024-02-06 17:07:09 - [MESSAGE][PASSED] - rad.getSetDataRAD.setDataRADBusinessName is PASSED

2024-02-06 17:07:09 - [TEST_STEP][PASSED] - rad.getSetDataRAD.setDataRADBusinessRep(): rad.getSetDataRAD.setDataRADBusinessRep is PASSED

2024-02-06 17:07:10 - [MESSAGE][PASSED] - Text 'BusRepFname' is set on object 'Object Repository/RAD_Pages/Taxpayer_Page/input_BusinessRepfirstName'

2024-02-06 17:07:10 - [MESSAGE][PASSED] - Text '' is set on object 'Object Repository/RAD_Pages/Taxpayer_Page/input_BusinessRepmiddleName'

2024-02-06 17:07:11 - [MESSAGE][PASSED] - Text 'BusRepLname' is set on object 'Object Repository/RAD_Pages/Taxpayer_Page/input_BusinessReplastName'

2024-02-06 17:07:12 - [MESSAGE][PASSED] - Text '' is set on object 'Object Repository/RAD_Pages/Taxpayer_Page/input_BusinessRepsuffix'

2024-02-06 17:07:12 - [MESSAGE][PASSED] - rad.getSetDataRAD.setDataRADBusinessRep is PASSED

2024-02-06 17:07:12 - [TEST_STEP][PASSED] - rad.getSetDataRAD.setDataRADAddress(): rad.getSetDataRAD.setDataRADAddress is PASSED

2024-02-06 17:07:13 - [MESSAGE][PASSED] - All options with label 'United States' are selected in object 'Object Repository/RAD_Pages/AddressAndContactInfo_Page/select_Country' 

2024-02-06 17:07:14 - [MESSAGE][PASSED] - Text '2508 Mandan Terrace' is set on object 'Object Repository/RAD_Pages/AddressAndContactInfo_Page/input_streetAddress1'

2024-02-06 17:07:14 - [MESSAGE][PASSED] - Text '' is set on object 'Object Repository/RAD_Pages/AddressAndContactInfo_Page/input_streetAddress2'

2024-02-06 17:07:15 - [MESSAGE][PASSED] - Text 'Gambrills' is set on object 'Object Repository/RAD_Pages/AddressAndContactInfo_Page/input_city'

2024-02-06 17:07:16 - [MESSAGE][PASSED] - All options with label 'Maryland' are selected in object 'Object Repository/RAD_Pages/AddressAndContactInfo_Page/select_State' 

2024-02-06 17:07:17 - [MESSAGE][PASSED] - Text '21054' is set on object 'Object Repository/RAD_Pages/AddressAndContactInfo_Page/input_zipCode'

2024-02-06 17:07:17 - [MESSAGE][PASSED] - Text '(703) 894-5000' is set on object 'Object Repository/RAD_Pages/AddressAndContactInfo_Page/input_phoneNumber'

2024-02-06 17:07:18 - [MESSAGE][PASSED] - Text 'iahmed@govolution.com' is set on object 'Object Repository/RAD_Pages/AddressAndContactInfo_Page/input_eMailAddress'

2024-02-06 17:07:19 - [MESSAGE][PASSED] - Text 'iahmed@govolution.com' is set on object 'Object Repository/RAD_Pages/AddressAndContactInfo_Page/input_reEnterEMailAddress'

2024-02-06 17:07:19 - [MESSAGE][PASSED] - rad.getSetDataRAD.setDataRADAddress is PASSED

2024-02-06 17:07:19 - [TEST_STEP][PASSED] - if (feinSSN.equalsIgnoreCase("Y")): null

2024-02-06 17:07:19 - [TEST_STEP][PASSED] - else: rad.getSetDataRAD.setDataRADFEIN is PASSED

2024-02-06 17:07:19 - [TEST_STEP][PASSED] - if (!(TaxType.equalsIgnoreCase("Estate Tax"))): rad.getSetDataRAD.setDataRADFEIN is PASSED

2024-02-06 17:07:19 - [TEST_STEP][PASSED] - rad.getSetDataRAD.setDataRADFEIN(): rad.getSetDataRAD.setDataRADFEIN is PASSED

2024-02-06 17:07:20 - [MESSAGE][PASSED] - Text ****** has been set on object 'Object Repository/RAD_Pages/TaxInfo_Page/input_FederalEIN'

2024-02-06 17:07:20 - [MESSAGE][PASSED] - Text ****** has been set on object 'Object Repository/RAD_Pages/TaxInfo_Page/input_FederalEIN_ReEnter'

2024-02-06 17:07:20 - [MESSAGE][PASSED] - rad.getSetDataRAD.setDataRADFEIN is PASSED

2024-02-06 17:07:20 - [TEST_STEP][PASSED] - if (TaxType.equalsIgnoreCase("Estate Tax")): null

2024-02-06 17:07:20 - [TEST_STEP][PASSED] - setText(findTestObject(orPath_Amount + "/input__paymentAmount"), "100.00"): Text '100.00' is set on object 'Object Repository/RAD_Pages/PaymentAmount_Page/input__paymentAmount'

2024-02-06 17:07:21 - [MESSAGE][PASSED] - Text '100.00' is set on object 'Object Repository/RAD_Pages/PaymentAmount_Page/input__paymentAmount'

2024-02-06 17:07:21 - [TEST_STEP][PASSED] - setText(findTestObject(orPath_AddressContact + "/input_streetAddress2"), ""): Text '' is set on object 'Object Repository/RAD_Pages/AddressAndContactInfo_Page/input_streetAddress2'

2024-02-06 17:07:22 - [MESSAGE][PASSED] - Text '' is set on object 'Object Repository/RAD_Pages/AddressAndContactInfo_Page/input_streetAddress2'

2024-02-06 17:07:22 - [TEST_STEP][PASSED] - scrollToElement(findTestObject(orPath_Landing + "/button_Continue"), 3): Scroll to object 'Object Repository/RAD_Pages/Landing_Page/button_Continue' successfully

2024-02-06 17:07:22 - [MESSAGE][PASSED] - Scroll to object 'Object Repository/RAD_Pages/Landing_Page/button_Continue' successfully

2024-02-06 17:07:22 - [TEST_STEP][PASSED] - waitForElementClickable(findTestObject(orPath_Landing + "/button_Continue"), 5): Object 'Object Repository/RAD_Pages/Landing_Page/button_Continue' is clickable

2024-02-06 17:07:23 - [MESSAGE][PASSED] - Object 'Object Repository/RAD_Pages/Landing_Page/button_Continue' is clickable

2024-02-06 17:07:23 - [TEST_STEP][PASSED] - click(findTestObject(orPath_Landing + "/button_Continue")): Object: 'Object Repository/RAD_Pages/Landing_Page/button_Continue' is clicked on

2024-02-06 17:07:23 - [MESSAGE][PASSED] - Object: 'Object Repository/RAD_Pages/Landing_Page/button_Continue' is clicked on

2024-02-06 17:07:23 - [TEST_STEP][PASSED] - delay(2): Delayed 2 second(s)

2024-02-06 17:07:25 - [MESSAGE][PASSED] - Delayed 2 second(s)

2024-02-06 17:07:25 - [TEST_STEP][PASSED] - click(findTestObject(orPath_Summary + "/button_Proceed to Payment")): Object: 'Object Repository/RAD_Pages/Summary_Page/button_Proceed to Payment' is clicked on

2024-02-06 17:07:26 - [MESSAGE][PASSED] - Object: 'Object Repository/RAD_Pages/Summary_Page/button_Proceed to Payment' is clicked on

2024-02-06 17:07:26 - [TEST_STEP][PASSED] - if (verifyElementPresent(findTestObject("Object Repository/RAD_Pages/PaymentEntry_Page/input__billingName"), 30)): null

2024-02-06 17:07:27 - [MESSAGE][PASSED] - Object 'Object Repository/RAD_Pages/PaymentEntry_Page/input__billingName' is present

2024-02-06 17:07:27 - [TEST_STEP][PASSED] - verifyTextPresent("Comptroller of Maryland", true): Text 'Comptroller of Maryland' is present on page  using regular expression

2024-02-06 17:07:27 - [MESSAGE][PASSED] - Text 'Comptroller of Maryland' is present on page  using regular expression

2024-02-06 17:07:27 - [TEST_STEP][PASSED] - verifyTextPresent("Revenue Administration Division", true): Text 'Revenue Administration Division' is present on page  using regular expression

2024-02-06 17:07:27 - [MESSAGE][PASSED] - Text 'Revenue Administration Division' is present on page  using regular expression

2024-02-06 17:07:27 - [TEST_STEP][PASSED] - verifyTextPresent("Payment Information", true): Text 'Payment Information' is present on page  using regular expression

2024-02-06 17:07:28 - [MESSAGE][PASSED] - Text 'Payment Information' is present on page  using regular expression

2024-02-06 17:07:28 - [TEST_STEP][PASSED] - card_Name = getAttribute(findTestObject("Object Repository/RAD_Pages/PaymentEntry_Page/input__billingName"), "value"): Attribute 'value' of object 'Object Repository/RAD_Pages/PaymentEntry_Page/input__billingName' is: 'BusRepFname BusRepLname'

2024-02-06 17:07:28 - [MESSAGE][PASSED] - Attribute 'value' of object 'Object Repository/RAD_Pages/PaymentEntry_Page/input__billingName' is: 'BusRepFname BusRepLname'

2024-02-06 17:07:28 - [TEST_STEP][PASSED] - verifyMatch("BusRepFname BusRepLname", card_Name, false): Actual text 'BusRepFname BusRepLname' and expected text 'BusRepFname BusRepLname' are matched 

2024-02-06 17:07:28 - [MESSAGE][PASSED] - Actual text 'BusRepFname BusRepLname' and expected text 'BusRepFname BusRepLname' are matched 

2024-02-06 17:07:28 - [TEST_STEP][PASSED] - AL1 = getAttribute(findTestObject("Object Repository/RAD_Pages/PaymentEntry_Page/input_billingAddress"), "value"): Attribute 'value' of object 'Object Repository/RAD_Pages/PaymentEntry_Page/input_billingAddress' is: '2508 Mandan Terrace'

2024-02-06 17:07:28 - [MESSAGE][PASSED] - Attribute 'value' of object 'Object Repository/RAD_Pages/PaymentEntry_Page/input_billingAddress' is: '2508 Mandan Terrace'

2024-02-06 17:07:28 - [TEST_STEP][PASSED] - verifyMatch("2508 Mandan Terrace", AL1, false): Actual text '2508 Mandan Terrace' and expected text '2508 Mandan Terrace' are matched 

2024-02-06 17:07:28 - [MESSAGE][PASSED] - Actual text '2508 Mandan Terrace' and expected text '2508 Mandan Terrace' are matched 

2024-02-06 17:07:28 - [TEST_STEP][PASSED] - AL2 = getAttribute(findTestObject("Object Repository/RAD_Pages/PaymentEntry_Page/input_billingAddress2"), "value"): Attribute 'value' of object 'Object Repository/RAD_Pages/PaymentEntry_Page/input_billingAddress2' is: ''

2024-02-06 17:07:29 - [MESSAGE][PASSED] - Attribute 'value' of object 'Object Repository/RAD_Pages/PaymentEntry_Page/input_billingAddress2' is: ''

2024-02-06 17:07:29 - [TEST_STEP][PASSED] - verifyMatch("", AL2, false): Actual text '' and expected text '' are matched 

2024-02-06 17:07:29 - [MESSAGE][PASSED] - Actual text '' and expected text '' are matched 

2024-02-06 17:07:29 - [TEST_STEP][PASSED] - zipCode = getAttribute(findTestObject("Object Repository/RAD_Pages/PaymentEntry_Page/input_billingZip"), "value"): Attribute 'value' of object 'Object Repository/RAD_Pages/PaymentEntry_Page/input_billingZip' is: '21054'

2024-02-06 17:07:29 - [MESSAGE][PASSED] - Attribute 'value' of object 'Object Repository/RAD_Pages/PaymentEntry_Page/input_billingZip' is: '21054'

2024-02-06 17:07:29 - [TEST_STEP][PASSED] - verifyMatch("21054", zipCode, false): Actual text '21054' and expected text '21054' are matched 

2024-02-06 17:07:29 - [MESSAGE][PASSED] - Actual text '21054' and expected text '21054' are matched 

2024-02-06 17:07:29 - [TEST_STEP][PASSED] - city = getAttribute(findTestObject("Object Repository/RAD_Pages/PaymentEntry_Page/input_billingCity"), "value"): Attribute 'value' of object 'Object Repository/RAD_Pages/PaymentEntry_Page/input_billingCity' is: 'GAMBRILLS'

2024-02-06 17:07:29 - [MESSAGE][PASSED] - Attribute 'value' of object 'Object Repository/RAD_Pages/PaymentEntry_Page/input_billingCity' is: 'GAMBRILLS'

2024-02-06 17:07:29 - [TEST_STEP][PASSED] - verifyMatch("GAMBRILLS", city, false): Actual text 'GAMBRILLS' and expected text 'GAMBRILLS' are matched 

2024-02-06 17:07:29 - [MESSAGE][PASSED] - Actual text 'GAMBRILLS' and expected text 'GAMBRILLS' are matched 

2024-02-06 17:07:29 - [TEST_STEP][PASSED] - email = getAttribute(findTestObject("Object Repository/RAD_Pages/PaymentEntry_Page/input_emailAddress"), "value"): Attribute 'value' of object 'Object Repository/RAD_Pages/PaymentEntry_Page/input_emailAddress' is: 'iahmed@govolution.com'

2024-02-06 17:07:30 - [MESSAGE][PASSED] - Attribute 'value' of object 'Object Repository/RAD_Pages/PaymentEntry_Page/input_emailAddress' is: 'iahmed@govolution.com'

2024-02-06 17:07:30 - [TEST_STEP][PASSED] - verifyMatch("iahmed@govolution.com", email, false): Actual text 'iahmed@govolution.com' and expected text 'iahmed@govolution.com' are matched 

2024-02-06 17:07:30 - [MESSAGE][PASSED] - Actual text 'iahmed@govolution.com' and expected text 'iahmed@govolution.com' are matched 

2024-02-06 17:07:30 - [TEST_STEP][PASSED] - amount = getAttribute(findTestObject("Object Repository/RAD_Pages/PaymentEntry_Page/input_amount"), "value"): Attribute 'value' of object 'Object Repository/RAD_Pages/PaymentEntry_Page/input_amount' is: '100.00'

2024-02-06 17:07:30 - [MESSAGE][PASSED] - Attribute 'value' of object 'Object Repository/RAD_Pages/PaymentEntry_Page/input_amount' is: '100.00'

2024-02-06 17:07:30 - [TEST_STEP][PASSED] - verifyMatch("100.00", amount, false): Actual text '100.00' and expected text '100.00' are matched 

2024-02-06 17:07:30 - [MESSAGE][PASSED] - Actual text '100.00' and expected text '100.00' are matched 

2024-02-06 17:07:30 - [TEST_STEP][PASSED] - amountReadOnly = getAttribute(findTestObject("Object Repository/RAD_Pages/PaymentEntry_Page/input_amount"), "readonly"): Attribute 'readonly' of object 'Object Repository/RAD_Pages/PaymentEntry_Page/input_amount' is: 'true'

2024-02-06 17:07:31 - [MESSAGE][PASSED] - Attribute 'readonly' of object 'Object Repository/RAD_Pages/PaymentEntry_Page/input_amount' is: 'true'

2024-02-06 17:07:31 - [TEST_STEP][PASSED] - verifyMatch("true", amountReadOnly, false): Actual text 'true' and expected text 'true' are matched 

2024-02-06 17:07:31 - [MESSAGE][PASSED] - Actual text 'true' and expected text 'true' are matched 

2024-02-06 17:07:31 - [TEST_STEP][PASSED] - verifyOptionSelectedByLabel(findTestObject("Object Repository/RAD_Pages/PaymentEntry_Page/select_Country"), "United States", false, 20): All options with label 'United States' are selected in object 'Object Repository/RAD_Pages/PaymentEntry_Page/select_Country' 

2024-02-06 17:07:32 - [MESSAGE][PASSED] - All options with label 'United States' are selected in object 'Object Repository/RAD_Pages/PaymentEntry_Page/select_Country' 

2024-02-06 17:07:32 - [TEST_STEP][PASSED] - verifyOptionSelectedByLabel(findTestObject("Object Repository/RAD_Pages/PaymentEntry_Page/select_State"), "Maryland", false, 20): All options with label 'Maryland' are selected in object 'Object Repository/RAD_Pages/PaymentEntry_Page/select_State' 

2024-02-06 17:07:34 - [MESSAGE][PASSED] - All options with label 'Maryland' are selected in object 'Object Repository/RAD_Pages/PaymentEntry_Page/select_State' 

2024-02-06 17:07:34 - [TEST_STEP][PASSED] - setText(findTestObject(orPath_PaymentEntry + "/input__cardNumber"), "4111111111111111"): Text '4111111111111111' is set on object 'Object Repository/RAD_Pages/PaymentEntry_Page/input__cardNumber'

2024-02-06 17:07:35 - [MESSAGE][PASSED] - Text '4111111111111111' is set on object 'Object Repository/RAD_Pages/PaymentEntry_Page/input__cardNumber'

2024-02-06 17:07:35 - [TEST_STEP][PASSED] - setText(findTestObject(orPath_PaymentEntry + "/input__spc"), "123"): Text '123' is set on object 'Object Repository/RAD_Pages/PaymentEntry_Page/input__spc'

2024-02-06 17:07:36 - [MESSAGE][PASSED] - Text '123' is set on object 'Object Repository/RAD_Pages/PaymentEntry_Page/input__spc'

2024-02-06 17:07:36 - [TEST_STEP][PASSED] - selectOptionByLabel(findTestObject(orPath_PaymentEntry + "/select_MM"), "12", false): All options with label '12' are selected in object 'Object Repository/RAD_Pages/PaymentEntry_Page/select_MM' 

2024-02-06 17:07:37 - [MESSAGE][PASSED] - All options with label '12' are selected in object 'Object Repository/RAD_Pages/PaymentEntry_Page/select_MM' 

2024-02-06 17:07:37 - [TEST_STEP][PASSED] - selectOptionByLabel(findTestObject(orPath_PaymentEntry + "/select_YYYY"), "2028", false): All options with label '2028' are selected in object 'Object Repository/RAD_Pages/PaymentEntry_Page/select_YYYY' 

2024-02-06 17:07:37 - [MESSAGE][PASSED] - All options with label '2028' are selected in object 'Object Repository/RAD_Pages/PaymentEntry_Page/select_YYYY' 

2024-02-06 17:07:37 - [TEST_STEP][PASSED] - click(findTestObject(orPath_PaymentEntry + "/input_Field_ccSubmit")): Object: 'Object Repository/RAD_Pages/PaymentEntry_Page/input_Field_ccSubmit' is clicked on

2024-02-06 17:07:38 - [MESSAGE][PASSED] - Object: 'Object Repository/RAD_Pages/PaymentEntry_Page/input_Field_ccSubmit' is clicked on

2024-02-06 17:07:38 - [TEST_STEP][PASSED] - click(findTestObject(orPath_PaymentConfirmation + "/input_N_confirmNotifyAction")): Object: 'Object Repository/RAD_Pages/PaymentConfirmation_Page/input_N_confirmNotifyAction' is clicked on

2024-02-06 17:07:39 - [MESSAGE][PASSED] - Object: 'Object Repository/RAD_Pages/PaymentConfirmation_Page/input_N_confirmNotifyAction' is clicked on

2024-02-06 17:07:39 - [TEST_STEP][PASSED] - verifyTextPresent("Service Fee Acceptance", true): Text 'Service Fee Acceptance' is present on page  using regular expression

2024-02-06 17:07:40 - [MESSAGE][PASSED] - Text 'Service Fee Acceptance' is present on page  using regular expression

2024-02-06 17:07:40 - [TEST_STEP][PASSED] - verifyTextPresent("This transaction is subject to a Service Fee of ", true): Text 'This transaction is subject to a Service Fee of ' is present on page  using regular expression

2024-02-06 17:07:40 - [MESSAGE][PASSED] - Text 'This transaction is subject to a Service Fee of ' is present on page  using regular expression

2024-02-06 17:07:40 - [TEST_STEP][PASSED] - verifyTextPresent("Payment Amount:", true): Text 'Payment Amount:' is present on page  using regular expression

2024-02-06 17:07:41 - [MESSAGE][PASSED] - Text 'Payment Amount:' is present on page  using regular expression

2024-02-06 17:07:41 - [TEST_STEP][PASSED] - verifyTextPresent("100.00", true): Text '100.00' is present on page  using regular expression

2024-02-06 17:07:41 - [MESSAGE][PASSED] - Text '100.00' is present on page  using regular expression

2024-02-06 17:07:41 - [TEST_STEP][PASSED] - verifyTextPresent("Service Fee:", true): Text 'Service Fee:' is present on page  using regular expression

2024-02-06 17:07:41 - [MESSAGE][PASSED] - Text 'Service Fee:' is present on page  using regular expression

2024-02-06 17:07:41 - [TEST_STEP][PASSED] - verifyTextPresent("2.45", true): Text '2.45' is present on page  using regular expression

2024-02-06 17:07:41 - [MESSAGE][PASSED] - Text '2.45' is present on page  using regular expression

2024-02-06 17:07:41 - [TEST_STEP][PASSED] - verifyTextPresent("Total Amount:", true): Text 'Total Amount:' is present on page  using regular expression

2024-02-06 17:07:42 - [MESSAGE][PASSED] - Text 'Total Amount:' is present on page  using regular expression

2024-02-06 17:07:42 - [TEST_STEP][PASSED] - verifyTextPresent("102.45", true): Text '102.45' is present on page  using regular expression

2024-02-06 17:07:42 - [MESSAGE][PASSED] - Text '102.45' is present on page  using regular expression

2024-02-06 17:07:42 - [TEST_STEP][PASSED] - verifyTextPresent("Two transactions will appear on your bank statement, one in the amount of", true): Text 'Two transactions will appear on your bank statement, one in the amount of' is present on page  using regular expression

2024-02-06 17:07:42 - [MESSAGE][PASSED] - Text 'Two transactions will appear on your bank statement, one in the amount of' is present on page  using regular expression

2024-02-06 17:07:42 - [TEST_STEP][PASSED] - if (verifyElementPresent(findTestObject(orPath_ServiceFeesAccept + "/input_convFeeNotifyAction"), 30)): null

2024-02-06 17:07:42 - [MESSAGE][PASSED] - Object 'Object Repository/RAD_Pages/ServiceFeeAccept_Page/input_convFeeNotifyAction' is present

2024-02-06 17:07:42 - [TEST_STEP][PASSED] - resText = "Pass": null

2024-02-06 17:07:42 - [TEST_STEP][PASSED] - pages.WriteExcel.demoKey(resText, datText, resColumn, datCloumn, fileLoc, nameSheet, row): pages.WriteExcel.demoKey is PASSED

2024-02-06 17:07:43 - [MESSAGE][PASSED] - pages.WriteExcel.demoKey is PASSED

2024-02-06 17:07:43 - [TEST_STEP][PASSED] - if (execProfile == "QAProfile" || execProfile == "QA2Profile"): Text 'Successful Payment Receipt' is present on page  using regular expression

2024-02-06 17:07:43 - [TEST_STEP][PASSED] - click(findTestObject(orPath_ServiceFeesAccept + "/input_convFeeNotifyAction")): Object: 'Object Repository/RAD_Pages/ServiceFeeAccept_Page/input_convFeeNotifyAction' is clicked on

2024-02-06 17:07:44 - [MESSAGE][PASSED] - Object: 'Object Repository/RAD_Pages/ServiceFeeAccept_Page/input_convFeeNotifyAction' is clicked on

2024-02-06 17:07:44 - [TEST_STEP][PASSED] - delay(10): Delayed 10 second(s)

2024-02-06 17:07:54 - [MESSAGE][PASSED] - Delayed 10 second(s)

2024-02-06 17:07:54 - [TEST_STEP][PASSED] - verifyTextPresent("Successful Payment Receipt", true): Text 'Successful Payment Receipt' is present on page  using regular expression

2024-02-06 17:07:54 - [MESSAGE][PASSED] - Text 'Successful Payment Receipt' is present on page  using regular expression

2024-02-06 17:07:54 - [TEST_STEP][PASSED] - ExecuteTC = findTestData(dataFile).getValue("Execute", row): null

2024-02-06 17:07:54 - [TEST_STEP][PASSED] - TaxType = findTestData(dataFile).getValue("TaxType", row): null

2024-02-06 17:07:54 - [TEST_STEP][PASSED] - PaymentType = findTestData(dataFile).getValue("PaymentType", row): null

2024-02-06 17:07:54 - [TEST_STEP][PASSED] - FilingYear = findTestData(dataFile).getValue("Year", row): null

2024-02-06 17:07:54 - [TEST_STEP][PASSED] - feinSSN = findTestData(dataFile).getValue("FeinSsn", row): null

2024-02-06 17:07:54 - [TEST_STEP][PASSED] - if (ExecuteTC.equalsIgnoreCase("Y")): null

2024-02-06 17:07:54 - [TEST_STEP][PASSED] - out.println("Begin Record Number: " + row): null

2024-02-06 17:07:54 - [TEST_STEP][PASSED] - today = new java.util.Date(): null

2024-02-06 17:07:54 - [TEST_STEP][PASSED] - println(today): null

2024-02-06 17:07:54 - [TEST_STEP][PASSED] - datText = today: null

2024-02-06 17:07:54 - [TEST_STEP][PASSED] - logInfo("Payment Type: New Tax Return Amount Due"): Payment Type: New Tax Return Amount Due

2024-02-06 17:07:54 - [MESSAGE][INFO] - Payment Type: New Tax Return Amount Due

2024-02-06 17:07:54 - [TEST_STEP][PASSED] - logInfo("Tax Type: " + TaxType): Tax Type: Corporate Income Tax

2024-02-06 17:07:54 - [MESSAGE][INFO] - Tax Type: Corporate Income Tax

2024-02-06 17:07:54 - [TEST_STEP][PASSED] - openBrowser(""): Browser is opened with url: ''

2024-02-06 17:07:54 - [MESSAGE][WARNING] - A browser is already opened. Closing browser and opening a new one

2024-02-06 17:07:55 - [MESSAGE][INFO] - Starting 'Chrome' driver

2024-02-06 17:07:55 - [MESSAGE][INFO] - User set preference: ['acceptInsecureCerts', 'true']

2024-02-06 17:07:55 - [MESSAGE][INFO] - Action delay is set to 0 milliseconds

2024-02-06 17:07:57 - [MESSAGE][PASSED] - Browser is opened with url: ''

2024-02-06 17:07:57 - [TEST_STEP][PASSED] - maximizeWindow(): Current window maximized

2024-02-06 17:07:57 - [MESSAGE][PASSED] - Current window maximized

2024-02-06 17:07:57 - [TEST_STEP][PASSED] - navigateToUrl(RADurl): Navigate to 'https://qa2.velocitypayment.com/client/rad/index.html' successfully

2024-02-06 17:07:59 - [MESSAGE][PASSED] - Navigate to 'https://qa2.velocitypayment.com/client/rad/index.html' successfully

2024-02-06 17:07:59 - [TEST_STEP][PASSED] - selectOptionByLabel(findTestObject(orPath_Landing + "/dd_TaxType"), "New Tax Return Amount Due", false): All options with label 'New Tax Return Amount Due' are selected in object 'Object Repository/RAD_Pages/Landing_Page/dd_TaxType' 

2024-02-06 17:08:00 - [MESSAGE][PASSED] - All options with label 'New Tax Return Amount Due' are selected in object 'Object Repository/RAD_Pages/Landing_Page/dd_TaxType' 

2024-02-06 17:08:00 - [TEST_STEP][PASSED] - selectOptionByLabel(findTestObject("Object Repository/RAD_Pages/Landing_Page/select_NewTaxReturnAmountDue_TaxType"), TaxType, false): All options with label 'Corporate Income Tax' are selected in object 'Object Repository/RAD_Pages/Landing_Page/select_NewTaxReturnAmountDue_TaxType' 

2024-02-06 17:08:00 - [MESSAGE][PASSED] - All options with label 'Corporate Income Tax' are selected in object 'Object Repository/RAD_Pages/Landing_Page/select_NewTaxReturnAmountDue_TaxType' 

2024-02-06 17:08:00 - [TEST_STEP][PASSED] - selectOptionByLabel(findTestObject(orPath_TaxTypeFilingYear + "/select_FilingYear"), FilingYear, false): All options with label '2022' are selected in object 'Object Repository/RAD_Pages/TaxTypeFilingYear_Page/select_FilingYear' 

2024-02-06 17:08:01 - [MESSAGE][PASSED] - All options with label '2022' are selected in object 'Object Repository/RAD_Pages/TaxTypeFilingYear_Page/select_FilingYear' 

2024-02-06 17:08:01 - [TEST_STEP][PASSED] - rad.getSetDataRAD.setDataRADBusinessName(): rad.getSetDataRAD.setDataRADBusinessName is PASSED

2024-02-06 17:08:02 - [MESSAGE][PASSED] - Text 'My Company' is set on object 'Object Repository/RAD_Pages/Taxpayer_Page/input_businessName'

2024-02-06 17:08:02 - [MESSAGE][PASSED] - rad.getSetDataRAD.setDataRADBusinessName is PASSED

2024-02-06 17:08:02 - [TEST_STEP][PASSED] - rad.getSetDataRAD.setDataRADBusinessRep(): rad.getSetDataRAD.setDataRADBusinessRep is PASSED

2024-02-06 17:08:03 - [MESSAGE][PASSED] - Text 'BusRepFname' is set on object 'Object Repository/RAD_Pages/Taxpayer_Page/input_BusinessRepfirstName'

2024-02-06 17:08:03 - [MESSAGE][PASSED] - Text '' is set on object 'Object Repository/RAD_Pages/Taxpayer_Page/input_BusinessRepmiddleName'

2024-02-06 17:08:04 - [MESSAGE][PASSED] - Text 'BusRepLname' is set on object 'Object Repository/RAD_Pages/Taxpayer_Page/input_BusinessReplastName'

2024-02-06 17:08:05 - [MESSAGE][PASSED] - Text '' is set on object 'Object Repository/RAD_Pages/Taxpayer_Page/input_BusinessRepsuffix'

2024-02-06 17:08:05 - [MESSAGE][PASSED] - rad.getSetDataRAD.setDataRADBusinessRep is PASSED

2024-02-06 17:08:05 - [TEST_STEP][PASSED] - rad.getSetDataRAD.setDataRADAddress(): rad.getSetDataRAD.setDataRADAddress is PASSED

2024-02-06 17:08:06 - [MESSAGE][PASSED] - All options with label 'United States' are selected in object 'Object Repository/RAD_Pages/AddressAndContactInfo_Page/select_Country' 

2024-02-06 17:08:06 - [MESSAGE][PASSED] - Text '2508 Mandan Terrace' is set on object 'Object Repository/RAD_Pages/AddressAndContactInfo_Page/input_streetAddress1'

2024-02-06 17:08:07 - [MESSAGE][PASSED] - Text '' is set on object 'Object Repository/RAD_Pages/AddressAndContactInfo_Page/input_streetAddress2'

2024-02-06 17:08:08 - [MESSAGE][PASSED] - Text 'Gambrills' is set on object 'Object Repository/RAD_Pages/AddressAndContactInfo_Page/input_city'

2024-02-06 17:08:09 - [MESSAGE][PASSED] - All options with label 'Maryland' are selected in object 'Object Repository/RAD_Pages/AddressAndContactInfo_Page/select_State' 

2024-02-06 17:08:09 - [MESSAGE][PASSED] - Text '21054' is set on object 'Object Repository/RAD_Pages/AddressAndContactInfo_Page/input_zipCode'

2024-02-06 17:08:10 - [MESSAGE][PASSED] - Text '(703) 894-5000' is set on object 'Object Repository/RAD_Pages/AddressAndContactInfo_Page/input_phoneNumber'

2024-02-06 17:08:11 - [MESSAGE][PASSED] - Text 'iahmed@govolution.com' is set on object 'Object Repository/RAD_Pages/AddressAndContactInfo_Page/input_eMailAddress'

2024-02-06 17:08:12 - [MESSAGE][PASSED] - Text 'iahmed@govolution.com' is set on object 'Object Repository/RAD_Pages/AddressAndContactInfo_Page/input_reEnterEMailAddress'

2024-02-06 17:08:12 - [MESSAGE][PASSED] - rad.getSetDataRAD.setDataRADAddress is PASSED

2024-02-06 17:08:12 - [TEST_STEP][PASSED] - if (feinSSN.equalsIgnoreCase("Y")): null

2024-02-06 17:08:12 - [TEST_STEP][PASSED] - else: rad.getSetDataRAD.setDataRADFEIN is PASSED

2024-02-06 17:08:12 - [TEST_STEP][PASSED] - if (!(TaxType.equalsIgnoreCase("Estate Tax"))): rad.getSetDataRAD.setDataRADFEIN is PASSED

2024-02-06 17:08:12 - [TEST_STEP][PASSED] - rad.getSetDataRAD.setDataRADFEIN(): rad.getSetDataRAD.setDataRADFEIN is PASSED

2024-02-06 17:08:13 - [MESSAGE][PASSED] - Text ****** has been set on object 'Object Repository/RAD_Pages/TaxInfo_Page/input_FederalEIN'

2024-02-06 17:08:13 - [MESSAGE][PASSED] - Text ****** has been set on object 'Object Repository/RAD_Pages/TaxInfo_Page/input_FederalEIN_ReEnter'

2024-02-06 17:08:13 - [MESSAGE][PASSED] - rad.getSetDataRAD.setDataRADFEIN is PASSED

2024-02-06 17:08:13 - [TEST_STEP][PASSED] - if (TaxType.equalsIgnoreCase("Estate Tax")): null

2024-02-06 17:08:13 - [TEST_STEP][PASSED] - setText(findTestObject(orPath_Amount + "/input__paymentAmount"), "100.00"): Text '100.00' is set on object 'Object Repository/RAD_Pages/PaymentAmount_Page/input__paymentAmount'

2024-02-06 17:08:14 - [MESSAGE][PASSED] - Text '100.00' is set on object 'Object Repository/RAD_Pages/PaymentAmount_Page/input__paymentAmount'

2024-02-06 17:08:14 - [TEST_STEP][PASSED] - setText(findTestObject(orPath_AddressContact + "/input_streetAddress2"), ""): Text '' is set on object 'Object Repository/RAD_Pages/AddressAndContactInfo_Page/input_streetAddress2'

2024-02-06 17:08:15 - [MESSAGE][PASSED] - Text '' is set on object 'Object Repository/RAD_Pages/AddressAndContactInfo_Page/input_streetAddress2'

2024-02-06 17:08:15 - [TEST_STEP][PASSED] - scrollToElement(findTestObject(orPath_Landing + "/button_Continue"), 3): Scroll to object 'Object Repository/RAD_Pages/Landing_Page/button_Continue' successfully

2024-02-06 17:08:15 - [MESSAGE][PASSED] - Scroll to object 'Object Repository/RAD_Pages/Landing_Page/button_Continue' successfully

2024-02-06 17:08:15 - [TEST_STEP][PASSED] - waitForElementClickable(findTestObject(orPath_Landing + "/button_Continue"), 5): Object 'Object Repository/RAD_Pages/Landing_Page/button_Continue' is clickable

2024-02-06 17:08:16 - [MESSAGE][PASSED] - Object 'Object Repository/RAD_Pages/Landing_Page/button_Continue' is clickable

2024-02-06 17:08:16 - [TEST_STEP][PASSED] - click(findTestObject(orPath_Landing + "/button_Continue")): Object: 'Object Repository/RAD_Pages/Landing_Page/button_Continue' is clicked on

2024-02-06 17:08:16 - [MESSAGE][PASSED] - Object: 'Object Repository/RAD_Pages/Landing_Page/button_Continue' is clicked on

2024-02-06 17:08:16 - [TEST_STEP][PASSED] - delay(2): Delayed 2 second(s)

2024-02-06 17:08:18 - [MESSAGE][PASSED] - Delayed 2 second(s)

2024-02-06 17:08:18 - [TEST_STEP][PASSED] - click(findTestObject(orPath_Summary + "/button_Proceed to Payment")): Object: 'Object Repository/RAD_Pages/Summary_Page/button_Proceed to Payment' is clicked on

2024-02-06 17:08:19 - [MESSAGE][PASSED] - Object: 'Object Repository/RAD_Pages/Summary_Page/button_Proceed to Payment' is clicked on

2024-02-06 17:08:19 - [TEST_STEP][PASSED] - if (verifyElementPresent(findTestObject("Object Repository/RAD_Pages/PaymentEntry_Page/input__billingName"), 30)): null

2024-02-06 17:08:20 - [MESSAGE][PASSED] - Object 'Object Repository/RAD_Pages/PaymentEntry_Page/input__billingName' is present

2024-02-06 17:08:20 - [TEST_STEP][PASSED] - verifyTextPresent("Comptroller of Maryland", true): Text 'Comptroller of Maryland' is present on page  using regular expression

2024-02-06 17:08:20 - [MESSAGE][PASSED] - Text 'Comptroller of Maryland' is present on page  using regular expression

2024-02-06 17:08:20 - [TEST_STEP][PASSED] - verifyTextPresent("Revenue Administration Division", true): Text 'Revenue Administration Division' is present on page  using regular expression

2024-02-06 17:08:21 - [MESSAGE][PASSED] - Text 'Revenue Administration Division' is present on page  using regular expression

2024-02-06 17:08:21 - [TEST_STEP][PASSED] - verifyTextPresent("Payment Information", true): Text 'Payment Information' is present on page  using regular expression

2024-02-06 17:08:21 - [MESSAGE][PASSED] - Text 'Payment Information' is present on page  using regular expression

2024-02-06 17:08:21 - [TEST_STEP][PASSED] - card_Name = getAttribute(findTestObject("Object Repository/RAD_Pages/PaymentEntry_Page/input__billingName"), "value"): Attribute 'value' of object 'Object Repository/RAD_Pages/PaymentEntry_Page/input__billingName' is: 'BusRepFname BusRepLname'

2024-02-06 17:08:21 - [MESSAGE][PASSED] - Attribute 'value' of object 'Object Repository/RAD_Pages/PaymentEntry_Page/input__billingName' is: 'BusRepFname BusRepLname'

2024-02-06 17:08:21 - [TEST_STEP][PASSED] - verifyMatch("BusRepFname BusRepLname", card_Name, false): Actual text 'BusRepFname BusRepLname' and expected text 'BusRepFname BusRepLname' are matched 

2024-02-06 17:08:21 - [MESSAGE][PASSED] - Actual text 'BusRepFname BusRepLname' and expected text 'BusRepFname BusRepLname' are matched 

2024-02-06 17:08:21 - [TEST_STEP][PASSED] - AL1 = getAttribute(findTestObject("Object Repository/RAD_Pages/PaymentEntry_Page/input_billingAddress"), "value"): Attribute 'value' of object 'Object Repository/RAD_Pages/PaymentEntry_Page/input_billingAddress' is: '2508 Mandan Terrace'

2024-02-06 17:08:22 - [MESSAGE][PASSED] - Attribute 'value' of object 'Object Repository/RAD_Pages/PaymentEntry_Page/input_billingAddress' is: '2508 Mandan Terrace'

2024-02-06 17:08:22 - [TEST_STEP][PASSED] - verifyMatch("2508 Mandan Terrace", AL1, false): Actual text '2508 Mandan Terrace' and expected text '2508 Mandan Terrace' are matched 

2024-02-06 17:08:22 - [MESSAGE][PASSED] - Actual text '2508 Mandan Terrace' and expected text '2508 Mandan Terrace' are matched 

2024-02-06 17:08:22 - [TEST_STEP][PASSED] - AL2 = getAttribute(findTestObject("Object Repository/RAD_Pages/PaymentEntry_Page/input_billingAddress2"), "value"): Attribute 'value' of object 'Object Repository/RAD_Pages/PaymentEntry_Page/input_billingAddress2' is: ''

2024-02-06 17:08:22 - [MESSAGE][PASSED] - Attribute 'value' of object 'Object Repository/RAD_Pages/PaymentEntry_Page/input_billingAddress2' is: ''

2024-02-06 17:08:22 - [TEST_STEP][PASSED] - verifyMatch("", AL2, false): Actual text '' and expected text '' are matched 

2024-02-06 17:08:22 - [MESSAGE][PASSED] - Actual text '' and expected text '' are matched 

2024-02-06 17:08:22 - [TEST_STEP][PASSED] - zipCode = getAttribute(findTestObject("Object Repository/RAD_Pages/PaymentEntry_Page/input_billingZip"), "value"): Attribute 'value' of object 'Object Repository/RAD_Pages/PaymentEntry_Page/input_billingZip' is: '21054'

2024-02-06 17:08:22 - [MESSAGE][PASSED] - Attribute 'value' of object 'Object Repository/RAD_Pages/PaymentEntry_Page/input_billingZip' is: '21054'

2024-02-06 17:08:22 - [TEST_STEP][PASSED] - verifyMatch("21054", zipCode, false): Actual text '21054' and expected text '21054' are matched 

2024-02-06 17:08:22 - [MESSAGE][PASSED] - Actual text '21054' and expected text '21054' are matched 

2024-02-06 17:08:22 - [TEST_STEP][PASSED] - city = getAttribute(findTestObject("Object Repository/RAD_Pages/PaymentEntry_Page/input_billingCity"), "value"): Attribute 'value' of object 'Object Repository/RAD_Pages/PaymentEntry_Page/input_billingCity' is: 'GAMBRILLS'

2024-02-06 17:08:23 - [MESSAGE][PASSED] - Attribute 'value' of object 'Object Repository/RAD_Pages/PaymentEntry_Page/input_billingCity' is: 'GAMBRILLS'

2024-02-06 17:08:23 - [TEST_STEP][PASSED] - verifyMatch("GAMBRILLS", city, false): Actual text 'GAMBRILLS' and expected text 'GAMBRILLS' are matched 

2024-02-06 17:08:23 - [MESSAGE][PASSED] - Actual text 'GAMBRILLS' and expected text 'GAMBRILLS' are matched 

2024-02-06 17:08:23 - [TEST_STEP][PASSED] - email = getAttribute(findTestObject("Object Repository/RAD_Pages/PaymentEntry_Page/input_emailAddress"), "value"): Attribute 'value' of object 'Object Repository/RAD_Pages/PaymentEntry_Page/input_emailAddress' is: 'iahmed@govolution.com'

2024-02-06 17:08:23 - [MESSAGE][PASSED] - Attribute 'value' of object 'Object Repository/RAD_Pages/PaymentEntry_Page/input_emailAddress' is: 'iahmed@govolution.com'

2024-02-06 17:08:23 - [TEST_STEP][PASSED] - verifyMatch("iahmed@govolution.com", email, false): Actual text 'iahmed@govolution.com' and expected text 'iahmed@govolution.com' are matched 

2024-02-06 17:08:23 - [MESSAGE][PASSED] - Actual text 'iahmed@govolution.com' and expected text 'iahmed@govolution.com' are matched 

2024-02-06 17:08:23 - [TEST_STEP][PASSED] - amount = getAttribute(findTestObject("Object Repository/RAD_Pages/PaymentEntry_Page/input_amount"), "value"): Attribute 'value' of object 'Object Repository/RAD_Pages/PaymentEntry_Page/input_amount' is: '100.00'

2024-02-06 17:08:23 - [MESSAGE][PASSED] - Attribute 'value' of object 'Object Repository/RAD_Pages/PaymentEntry_Page/input_amount' is: '100.00'

2024-02-06 17:08:23 - [TEST_STEP][PASSED] - verifyMatch("100.00", amount, false): Actual text '100.00' and expected text '100.00' are matched 

2024-02-06 17:08:23 - [MESSAGE][PASSED] - Actual text '100.00' and expected text '100.00' are matched 

2024-02-06 17:08:23 - [TEST_STEP][PASSED] - amountReadOnly = getAttribute(findTestObject("Object Repository/RAD_Pages/PaymentEntry_Page/input_amount"), "readonly"): Attribute 'readonly' of object 'Object Repository/RAD_Pages/PaymentEntry_Page/input_amount' is: 'true'

2024-02-06 17:08:24 - [MESSAGE][PASSED] - Attribute 'readonly' of object 'Object Repository/RAD_Pages/PaymentEntry_Page/input_amount' is: 'true'

2024-02-06 17:08:24 - [TEST_STEP][PASSED] - verifyMatch("true", amountReadOnly, false): Actual text 'true' and expected text 'true' are matched 

2024-02-06 17:08:24 - [MESSAGE][PASSED] - Actual text 'true' and expected text 'true' are matched 

2024-02-06 17:08:24 - [TEST_STEP][PASSED] - verifyOptionSelectedByLabel(findTestObject("Object Repository/RAD_Pages/PaymentEntry_Page/select_Country"), "United States", false, 20): All options with label 'United States' are selected in object 'Object Repository/RAD_Pages/PaymentEntry_Page/select_Country' 

2024-02-06 17:08:25 - [MESSAGE][PASSED] - All options with label 'United States' are selected in object 'Object Repository/RAD_Pages/PaymentEntry_Page/select_Country' 

2024-02-06 17:08:25 - [TEST_STEP][PASSED] - verifyOptionSelectedByLabel(findTestObject("Object Repository/RAD_Pages/PaymentEntry_Page/select_State"), "Maryland", false, 20): All options with label 'Maryland' are selected in object 'Object Repository/RAD_Pages/PaymentEntry_Page/select_State' 

2024-02-06 17:08:27 - [MESSAGE][PASSED] - All options with label 'Maryland' are selected in object 'Object Repository/RAD_Pages/PaymentEntry_Page/select_State' 

2024-02-06 17:08:27 - [TEST_STEP][PASSED] - setText(findTestObject(orPath_PaymentEntry + "/input__cardNumber"), "4111111111111111"): Text '4111111111111111' is set on object 'Object Repository/RAD_Pages/PaymentEntry_Page/input__cardNumber'

2024-02-06 17:08:28 - [MESSAGE][PASSED] - Text '4111111111111111' is set on object 'Object Repository/RAD_Pages/PaymentEntry_Page/input__cardNumber'

2024-02-06 17:08:28 - [TEST_STEP][PASSED] - setText(findTestObject(orPath_PaymentEntry + "/input__spc"), "123"): Text '123' is set on object 'Object Repository/RAD_Pages/PaymentEntry_Page/input__spc'

2024-02-06 17:08:29 - [MESSAGE][PASSED] - Text '123' is set on object 'Object Repository/RAD_Pages/PaymentEntry_Page/input__spc'

2024-02-06 17:08:29 - [TEST_STEP][PASSED] - selectOptionByLabel(findTestObject(orPath_PaymentEntry + "/select_MM"), "12", false): All options with label '12' are selected in object 'Object Repository/RAD_Pages/PaymentEntry_Page/select_MM' 

2024-02-06 17:08:29 - [MESSAGE][PASSED] - All options with label '12' are selected in object 'Object Repository/RAD_Pages/PaymentEntry_Page/select_MM' 

2024-02-06 17:08:29 - [TEST_STEP][PASSED] - selectOptionByLabel(findTestObject(orPath_PaymentEntry + "/select_YYYY"), "2028", false): All options with label '2028' are selected in object 'Object Repository/RAD_Pages/PaymentEntry_Page/select_YYYY' 

2024-02-06 17:08:30 - [MESSAGE][PASSED] - All options with label '2028' are selected in object 'Object Repository/RAD_Pages/PaymentEntry_Page/select_YYYY' 

2024-02-06 17:08:30 - [TEST_STEP][PASSED] - click(findTestObject(orPath_PaymentEntry + "/input_Field_ccSubmit")): Object: 'Object Repository/RAD_Pages/PaymentEntry_Page/input_Field_ccSubmit' is clicked on

2024-02-06 17:08:32 - [MESSAGE][PASSED] - Object: 'Object Repository/RAD_Pages/PaymentEntry_Page/input_Field_ccSubmit' is clicked on

2024-02-06 17:08:32 - [TEST_STEP][PASSED] - click(findTestObject(orPath_PaymentConfirmation + "/input_N_confirmNotifyAction")): Object: 'Object Repository/RAD_Pages/PaymentConfirmation_Page/input_N_confirmNotifyAction' is clicked on

2024-02-06 17:08:33 - [MESSAGE][PASSED] - Object: 'Object Repository/RAD_Pages/PaymentConfirmation_Page/input_N_confirmNotifyAction' is clicked on

2024-02-06 17:08:33 - [TEST_STEP][PASSED] - verifyTextPresent("Service Fee Acceptance", true): Text 'Service Fee Acceptance' is present on page  using regular expression

2024-02-06 17:08:33 - [MESSAGE][PASSED] - Text 'Service Fee Acceptance' is present on page  using regular expression

2024-02-06 17:08:33 - [TEST_STEP][PASSED] - verifyTextPresent("This transaction is subject to a Service Fee of ", true): Text 'This transaction is subject to a Service Fee of ' is present on page  using regular expression

2024-02-06 17:08:33 - [MESSAGE][PASSED] - Text 'This transaction is subject to a Service Fee of ' is present on page  using regular expression

2024-02-06 17:08:33 - [TEST_STEP][PASSED] - verifyTextPresent("Payment Amount:", true): Text 'Payment Amount:' is present on page  using regular expression

2024-02-06 17:08:34 - [MESSAGE][PASSED] - Text 'Payment Amount:' is present on page  using regular expression

2024-02-06 17:08:34 - [TEST_STEP][PASSED] - verifyTextPresent("100.00", true): Text '100.00' is present on page  using regular expression

2024-02-06 17:08:34 - [MESSAGE][PASSED] - Text '100.00' is present on page  using regular expression

2024-02-06 17:08:34 - [TEST_STEP][PASSED] - verifyTextPresent("Service Fee:", true): Text 'Service Fee:' is present on page  using regular expression

2024-02-06 17:08:34 - [MESSAGE][PASSED] - Text 'Service Fee:' is present on page  using regular expression

2024-02-06 17:08:34 - [TEST_STEP][PASSED] - verifyTextPresent("2.45", true): Text '2.45' is present on page  using regular expression

2024-02-06 17:08:35 - [MESSAGE][PASSED] - Text '2.45' is present on page  using regular expression

2024-02-06 17:08:35 - [TEST_STEP][PASSED] - verifyTextPresent("Total Amount:", true): Text 'Total Amount:' is present on page  using regular expression

2024-02-06 17:08:35 - [MESSAGE][PASSED] - Text 'Total Amount:' is present on page  using regular expression

2024-02-06 17:08:35 - [TEST_STEP][PASSED] - verifyTextPresent("102.45", true): Text '102.45' is present on page  using regular expression

2024-02-06 17:08:35 - [MESSAGE][PASSED] - Text '102.45' is present on page  using regular expression

2024-02-06 17:08:35 - [TEST_STEP][PASSED] - verifyTextPresent("Two transactions will appear on your bank statement, one in the amount of", true): Text 'Two transactions will appear on your bank statement, one in the amount of' is present on page  using regular expression

2024-02-06 17:08:36 - [MESSAGE][PASSED] - Text 'Two transactions will appear on your bank statement, one in the amount of' is present on page  using regular expression

2024-02-06 17:08:36 - [TEST_STEP][PASSED] - if (verifyElementPresent(findTestObject(orPath_ServiceFeesAccept + "/input_convFeeNotifyAction"), 30)): null

2024-02-06 17:08:36 - [MESSAGE][PASSED] - Object 'Object Repository/RAD_Pages/ServiceFeeAccept_Page/input_convFeeNotifyAction' is present

2024-02-06 17:08:36 - [TEST_STEP][PASSED] - resText = "Pass": null

2024-02-06 17:08:36 - [TEST_STEP][PASSED] - pages.WriteExcel.demoKey(resText, datText, resColumn, datCloumn, fileLoc, nameSheet, row): pages.WriteExcel.demoKey is PASSED

2024-02-06 17:08:36 - [MESSAGE][PASSED] - pages.WriteExcel.demoKey is PASSED

2024-02-06 17:08:36 - [TEST_STEP][PASSED] - if (execProfile == "QAProfile" || execProfile == "QA2Profile"): Text 'Successful Payment Receipt' is present on page  using regular expression

2024-02-06 17:08:36 - [TEST_STEP][PASSED] - click(findTestObject(orPath_ServiceFeesAccept + "/input_convFeeNotifyAction")): Object: 'Object Repository/RAD_Pages/ServiceFeeAccept_Page/input_convFeeNotifyAction' is clicked on

2024-02-06 17:08:37 - [MESSAGE][PASSED] - Object: 'Object Repository/RAD_Pages/ServiceFeeAccept_Page/input_convFeeNotifyAction' is clicked on

2024-02-06 17:08:37 - [TEST_STEP][PASSED] - delay(10): Delayed 10 second(s)

2024-02-06 17:08:47 - [MESSAGE][PASSED] - Delayed 10 second(s)

2024-02-06 17:08:47 - [TEST_STEP][PASSED] - verifyTextPresent("Successful Payment Receipt", true): Text 'Successful Payment Receipt' is present on page  using regular expression

2024-02-06 17:08:47 - [MESSAGE][PASSED] - Text 'Successful Payment Receipt' is present on page  using regular expression

2024-02-06 17:08:47 - [TEST_STEP][PASSED] - ExecuteTC = findTestData(dataFile).getValue("Execute", row): null

2024-02-06 17:08:47 - [TEST_STEP][PASSED] - TaxType = findTestData(dataFile).getValue("TaxType", row): null

2024-02-06 17:08:47 - [TEST_STEP][PASSED] - PaymentType = findTestData(dataFile).getValue("PaymentType", row): null

2024-02-06 17:08:47 - [TEST_STEP][PASSED] - FilingYear = findTestData(dataFile).getValue("Year", row): null

2024-02-06 17:08:47 - [TEST_STEP][PASSED] - feinSSN = findTestData(dataFile).getValue("FeinSsn", row): null

2024-02-06 17:08:47 - [TEST_STEP][PASSED] - if (ExecuteTC.equalsIgnoreCase("Y")): null

2024-02-06 17:08:47 - [TEST_STEP][PASSED] - out.println("Begin Record Number: " + row): null

2024-02-06 17:08:47 - [TEST_STEP][PASSED] - today = new java.util.Date(): null

2024-02-06 17:08:47 - [TEST_STEP][PASSED] - println(today): null

2024-02-06 17:08:47 - [TEST_STEP][PASSED] - datText = today: null

2024-02-06 17:08:47 - [TEST_STEP][PASSED] - logInfo("Payment Type: New Tax Return Amount Due"): Payment Type: New Tax Return Amount Due

2024-02-06 17:08:47 - [MESSAGE][INFO] - Payment Type: New Tax Return Amount Due

2024-02-06 17:08:47 - [TEST_STEP][PASSED] - logInfo("Tax Type: " + TaxType): Tax Type: Motor Fuel Tax

2024-02-06 17:08:47 - [MESSAGE][INFO] - Tax Type: Motor Fuel Tax

2024-02-06 17:08:47 - [TEST_STEP][PASSED] - openBrowser(""): Browser is opened with url: ''

2024-02-06 17:08:47 - [MESSAGE][WARNING] - A browser is already opened. Closing browser and opening a new one

2024-02-06 17:08:48 - [MESSAGE][INFO] - Starting 'Chrome' driver

2024-02-06 17:08:48 - [MESSAGE][INFO] - User set preference: ['acceptInsecureCerts', 'true']

2024-02-06 17:08:48 - [MESSAGE][INFO] - Action delay is set to 0 milliseconds

2024-02-06 17:08:50 - [MESSAGE][PASSED] - Browser is opened with url: ''

2024-02-06 17:08:50 - [TEST_STEP][PASSED] - maximizeWindow(): Current window maximized

2024-02-06 17:08:50 - [MESSAGE][PASSED] - Current window maximized

2024-02-06 17:08:50 - [TEST_STEP][PASSED] - navigateToUrl(RADurl): Navigate to 'https://qa2.velocitypayment.com/client/rad/index.html' successfully

2024-02-06 17:08:52 - [MESSAGE][PASSED] - Navigate to 'https://qa2.velocitypayment.com/client/rad/index.html' successfully

2024-02-06 17:08:52 - [TEST_STEP][PASSED] - selectOptionByLabel(findTestObject(orPath_Landing + "/dd_TaxType"), "New Tax Return Amount Due", false): All options with label 'New Tax Return Amount Due' are selected in object 'Object Repository/RAD_Pages/Landing_Page/dd_TaxType' 

2024-02-06 17:08:53 - [MESSAGE][PASSED] - All options with label 'New Tax Return Amount Due' are selected in object 'Object Repository/RAD_Pages/Landing_Page/dd_TaxType' 

2024-02-06 17:08:53 - [TEST_STEP][PASSED] - selectOptionByLabel(findTestObject("Object Repository/RAD_Pages/Landing_Page/select_NewTaxReturnAmountDue_TaxType"), TaxType, false): All options with label 'Motor Fuel Tax' are selected in object 'Object Repository/RAD_Pages/Landing_Page/select_NewTaxReturnAmountDue_TaxType' 

2024-02-06 17:08:53 - [MESSAGE][PASSED] - All options with label 'Motor Fuel Tax' are selected in object 'Object Repository/RAD_Pages/Landing_Page/select_NewTaxReturnAmountDue_TaxType' 

2024-02-06 17:08:53 - [TEST_STEP][PASSED] - selectOptionByLabel(findTestObject(orPath_TaxTypeFilingYear + "/select_FilingYear"), FilingYear, false): All options with label '2022' are selected in object 'Object Repository/RAD_Pages/TaxTypeFilingYear_Page/select_FilingYear' 

2024-02-06 17:08:54 - [MESSAGE][PASSED] - All options with label '2022' are selected in object 'Object Repository/RAD_Pages/TaxTypeFilingYear_Page/select_FilingYear' 

2024-02-06 17:08:54 - [TEST_STEP][PASSED] - rad.getSetDataRAD.setDataRADBusinessName(): rad.getSetDataRAD.setDataRADBusinessName is PASSED

2024-02-06 17:08:55 - [MESSAGE][PASSED] - Text 'My Company' is set on object 'Object Repository/RAD_Pages/Taxpayer_Page/input_businessName'

2024-02-06 17:08:55 - [MESSAGE][PASSED] - rad.getSetDataRAD.setDataRADBusinessName is PASSED

2024-02-06 17:08:55 - [TEST_STEP][PASSED] - rad.getSetDataRAD.setDataRADBusinessRep(): rad.getSetDataRAD.setDataRADBusinessRep is PASSED

2024-02-06 17:08:56 - [MESSAGE][PASSED] - Text 'BusRepFname' is set on object 'Object Repository/RAD_Pages/Taxpayer_Page/input_BusinessRepfirstName'

2024-02-06 17:08:57 - [MESSAGE][PASSED] - Text '' is set on object 'Object Repository/RAD_Pages/Taxpayer_Page/input_BusinessRepmiddleName'

2024-02-06 17:08:57 - [MESSAGE][PASSED] - Text 'BusRepLname' is set on object 'Object Repository/RAD_Pages/Taxpayer_Page/input_BusinessReplastName'

2024-02-06 17:08:58 - [MESSAGE][PASSED] - Text '' is set on object 'Object Repository/RAD_Pages/Taxpayer_Page/input_BusinessRepsuffix'

2024-02-06 17:08:58 - [MESSAGE][PASSED] - rad.getSetDataRAD.setDataRADBusinessRep is PASSED

2024-02-06 17:08:58 - [TEST_STEP][PASSED] - rad.getSetDataRAD.setDataRADAddress(): rad.getSetDataRAD.setDataRADAddress is PASSED

2024-02-06 17:08:59 - [MESSAGE][PASSED] - All options with label 'United States' are selected in object 'Object Repository/RAD_Pages/AddressAndContactInfo_Page/select_Country' 

2024-02-06 17:09:00 - [MESSAGE][PASSED] - Text '2508 Mandan Terrace' is set on object 'Object Repository/RAD_Pages/AddressAndContactInfo_Page/input_streetAddress1'

2024-02-06 17:09:00 - [MESSAGE][PASSED] - Text '' is set on object 'Object Repository/RAD_Pages/AddressAndContactInfo_Page/input_streetAddress2'

2024-02-06 17:09:01 - [MESSAGE][PASSED] - Text 'Gambrills' is set on object 'Object Repository/RAD_Pages/AddressAndContactInfo_Page/input_city'

2024-02-06 17:09:02 - [MESSAGE][PASSED] - All options with label 'Maryland' are selected in object 'Object Repository/RAD_Pages/AddressAndContactInfo_Page/select_State' 

2024-02-06 17:09:02 - [MESSAGE][PASSED] - Text '21054' is set on object 'Object Repository/RAD_Pages/AddressAndContactInfo_Page/input_zipCode'

2024-02-06 17:09:03 - [MESSAGE][PASSED] - Text '(703) 894-5000' is set on object 'Object Repository/RAD_Pages/AddressAndContactInfo_Page/input_phoneNumber'

2024-02-06 17:09:04 - [MESSAGE][PASSED] - Text 'iahmed@govolution.com' is set on object 'Object Repository/RAD_Pages/AddressAndContactInfo_Page/input_eMailAddress'

2024-02-06 17:09:05 - [MESSAGE][PASSED] - Text 'iahmed@govolution.com' is set on object 'Object Repository/RAD_Pages/AddressAndContactInfo_Page/input_reEnterEMailAddress'

2024-02-06 17:09:05 - [MESSAGE][PASSED] - rad.getSetDataRAD.setDataRADAddress is PASSED

2024-02-06 17:09:05 - [TEST_STEP][PASSED] - if (feinSSN.equalsIgnoreCase("Y")): null

2024-02-06 17:09:05 - [TEST_STEP][PASSED] - else: rad.getSetDataRAD.setDataRADFEIN is PASSED

2024-02-06 17:09:05 - [TEST_STEP][PASSED] - if (!(TaxType.equalsIgnoreCase("Estate Tax"))): rad.getSetDataRAD.setDataRADFEIN is PASSED

2024-02-06 17:09:05 - [TEST_STEP][PASSED] - rad.getSetDataRAD.setDataRADFEIN(): rad.getSetDataRAD.setDataRADFEIN is PASSED

2024-02-06 17:09:06 - [MESSAGE][PASSED] - Text ****** has been set on object 'Object Repository/RAD_Pages/TaxInfo_Page/input_FederalEIN'

2024-02-06 17:09:06 - [MESSAGE][PASSED] - Text ****** has been set on object 'Object Repository/RAD_Pages/TaxInfo_Page/input_FederalEIN_ReEnter'

2024-02-06 17:09:06 - [MESSAGE][PASSED] - rad.getSetDataRAD.setDataRADFEIN is PASSED

2024-02-06 17:09:06 - [TEST_STEP][PASSED] - if (TaxType.equalsIgnoreCase("Estate Tax")): null

2024-02-06 17:09:06 - [TEST_STEP][PASSED] - setText(findTestObject(orPath_Amount + "/input__paymentAmount"), "100.00"): Text '100.00' is set on object 'Object Repository/RAD_Pages/PaymentAmount_Page/input__paymentAmount'

2024-02-06 17:09:07 - [MESSAGE][PASSED] - Text '100.00' is set on object 'Object Repository/RAD_Pages/PaymentAmount_Page/input__paymentAmount'

2024-02-06 17:09:07 - [TEST_STEP][PASSED] - setText(findTestObject(orPath_AddressContact + "/input_streetAddress2"), ""): Text '' is set on object 'Object Repository/RAD_Pages/AddressAndContactInfo_Page/input_streetAddress2'

2024-02-06 17:09:08 - [MESSAGE][PASSED] - Text '' is set on object 'Object Repository/RAD_Pages/AddressAndContactInfo_Page/input_streetAddress2'

2024-02-06 17:09:08 - [TEST_STEP][PASSED] - scrollToElement(findTestObject(orPath_Landing + "/button_Continue"), 3): Scroll to object 'Object Repository/RAD_Pages/Landing_Page/button_Continue' successfully

2024-02-06 17:09:08 - [MESSAGE][PASSED] - Scroll to object 'Object Repository/RAD_Pages/Landing_Page/button_Continue' successfully

2024-02-06 17:09:08 - [TEST_STEP][PASSED] - waitForElementClickable(findTestObject(orPath_Landing + "/button_Continue"), 5): Object 'Object Repository/RAD_Pages/Landing_Page/button_Continue' is clickable

2024-02-06 17:09:08 - [MESSAGE][PASSED] - Object 'Object Repository/RAD_Pages/Landing_Page/button_Continue' is clickable

2024-02-06 17:09:08 - [TEST_STEP][PASSED] - click(findTestObject(orPath_Landing + "/button_Continue")): Object: 'Object Repository/RAD_Pages/Landing_Page/button_Continue' is clicked on

2024-02-06 17:09:09 - [MESSAGE][PASSED] - Object: 'Object Repository/RAD_Pages/Landing_Page/button_Continue' is clicked on

2024-02-06 17:09:09 - [TEST_STEP][PASSED] - delay(2): Delayed 2 second(s)

2024-02-06 17:09:11 - [MESSAGE][PASSED] - Delayed 2 second(s)

2024-02-06 17:09:11 - [TEST_STEP][PASSED] - click(findTestObject(orPath_Summary + "/button_Proceed to Payment")): Object: 'Object Repository/RAD_Pages/Summary_Page/button_Proceed to Payment' is clicked on

2024-02-06 17:09:12 - [MESSAGE][PASSED] - Object: 'Object Repository/RAD_Pages/Summary_Page/button_Proceed to Payment' is clicked on

2024-02-06 17:09:12 - [TEST_STEP][PASSED] - if (verifyElementPresent(findTestObject("Object Repository/RAD_Pages/PaymentEntry_Page/input__billingName"), 30)): null

2024-02-06 17:09:13 - [MESSAGE][PASSED] - Object 'Object Repository/RAD_Pages/PaymentEntry_Page/input__billingName' is present

2024-02-06 17:09:13 - [TEST_STEP][PASSED] - verifyTextPresent("Comptroller of Maryland", true): Text 'Comptroller of Maryland' is present on page  using regular expression

2024-02-06 17:09:13 - [MESSAGE][PASSED] - Text 'Comptroller of Maryland' is present on page  using regular expression

2024-02-06 17:09:13 - [TEST_STEP][PASSED] - verifyTextPresent("Revenue Administration Division", true): Text 'Revenue Administration Division' is present on page  using regular expression

2024-02-06 17:09:13 - [MESSAGE][PASSED] - Text 'Revenue Administration Division' is present on page  using regular expression

2024-02-06 17:09:13 - [TEST_STEP][PASSED] - verifyTextPresent("Payment Information", true): Text 'Payment Information' is present on page  using regular expression

2024-02-06 17:09:14 - [MESSAGE][PASSED] - Text 'Payment Information' is present on page  using regular expression

2024-02-06 17:09:14 - [TEST_STEP][PASSED] - card_Name = getAttribute(findTestObject("Object Repository/RAD_Pages/PaymentEntry_Page/input__billingName"), "value"): Attribute 'value' of object 'Object Repository/RAD_Pages/PaymentEntry_Page/input__billingName' is: 'BusRepFname BusRepLname'

2024-02-06 17:09:14 - [MESSAGE][PASSED] - Attribute 'value' of object 'Object Repository/RAD_Pages/PaymentEntry_Page/input__billingName' is: 'BusRepFname BusRepLname'

2024-02-06 17:09:14 - [TEST_STEP][PASSED] - verifyMatch("BusRepFname BusRepLname", card_Name, false): Actual text 'BusRepFname BusRepLname' and expected text 'BusRepFname BusRepLname' are matched 

2024-02-06 17:09:14 - [MESSAGE][PASSED] - Actual text 'BusRepFname BusRepLname' and expected text 'BusRepFname BusRepLname' are matched 

2024-02-06 17:09:14 - [TEST_STEP][PASSED] - AL1 = getAttribute(findTestObject("Object Repository/RAD_Pages/PaymentEntry_Page/input_billingAddress"), "value"): Attribute 'value' of object 'Object Repository/RAD_Pages/PaymentEntry_Page/input_billingAddress' is: '2508 Mandan Terrace'

2024-02-06 17:09:14 - [MESSAGE][PASSED] - Attribute 'value' of object 'Object Repository/RAD_Pages/PaymentEntry_Page/input_billingAddress' is: '2508 Mandan Terrace'

2024-02-06 17:09:14 - [TEST_STEP][PASSED] - verifyMatch("2508 Mandan Terrace", AL1, false): Actual text '2508 Mandan Terrace' and expected text '2508 Mandan Terrace' are matched 

2024-02-06 17:09:14 - [MESSAGE][PASSED] - Actual text '2508 Mandan Terrace' and expected text '2508 Mandan Terrace' are matched 

2024-02-06 17:09:14 - [TEST_STEP][PASSED] - AL2 = getAttribute(findTestObject("Object Repository/RAD_Pages/PaymentEntry_Page/input_billingAddress2"), "value"): Attribute 'value' of object 'Object Repository/RAD_Pages/PaymentEntry_Page/input_billingAddress2' is: ''

2024-02-06 17:09:15 - [MESSAGE][PASSED] - Attribute 'value' of object 'Object Repository/RAD_Pages/PaymentEntry_Page/input_billingAddress2' is: ''

2024-02-06 17:09:15 - [TEST_STEP][PASSED] - verifyMatch("", AL2, false): Actual text '' and expected text '' are matched 

2024-02-06 17:09:15 - [MESSAGE][PASSED] - Actual text '' and expected text '' are matched 

2024-02-06 17:09:15 - [TEST_STEP][PASSED] - zipCode = getAttribute(findTestObject("Object Repository/RAD_Pages/PaymentEntry_Page/input_billingZip"), "value"): Attribute 'value' of object 'Object Repository/RAD_Pages/PaymentEntry_Page/input_billingZip' is: '21054'

2024-02-06 17:09:15 - [MESSAGE][PASSED] - Attribute 'value' of object 'Object Repository/RAD_Pages/PaymentEntry_Page/input_billingZip' is: '21054'

2024-02-06 17:09:15 - [TEST_STEP][PASSED] - verifyMatch("21054", zipCode, false): Actual text '21054' and expected text '21054' are matched 

2024-02-06 17:09:15 - [MESSAGE][PASSED] - Actual text '21054' and expected text '21054' are matched 

2024-02-06 17:09:15 - [TEST_STEP][PASSED] - city = getAttribute(findTestObject("Object Repository/RAD_Pages/PaymentEntry_Page/input_billingCity"), "value"): Attribute 'value' of object 'Object Repository/RAD_Pages/PaymentEntry_Page/input_billingCity' is: 'GAMBRILLS'

2024-02-06 17:09:15 - [MESSAGE][PASSED] - Attribute 'value' of object 'Object Repository/RAD_Pages/PaymentEntry_Page/input_billingCity' is: 'GAMBRILLS'

2024-02-06 17:09:15 - [TEST_STEP][PASSED] - verifyMatch("GAMBRILLS", city, false): Actual text 'GAMBRILLS' and expected text 'GAMBRILLS' are matched 

2024-02-06 17:09:15 - [MESSAGE][PASSED] - Actual text 'GAMBRILLS' and expected text 'GAMBRILLS' are matched 

2024-02-06 17:09:15 - [TEST_STEP][PASSED] - email = getAttribute(findTestObject("Object Repository/RAD_Pages/PaymentEntry_Page/input_emailAddress"), "value"): Attribute 'value' of object 'Object Repository/RAD_Pages/PaymentEntry_Page/input_emailAddress' is: 'iahmed@govolution.com'

2024-02-06 17:09:16 - [MESSAGE][PASSED] - Attribute 'value' of object 'Object Repository/RAD_Pages/PaymentEntry_Page/input_emailAddress' is: 'iahmed@govolution.com'

2024-02-06 17:09:16 - [TEST_STEP][PASSED] - verifyMatch("iahmed@govolution.com", email, false): Actual text 'iahmed@govolution.com' and expected text 'iahmed@govolution.com' are matched 

2024-02-06 17:09:16 - [MESSAGE][PASSED] - Actual text 'iahmed@govolution.com' and expected text 'iahmed@govolution.com' are matched 

2024-02-06 17:09:16 - [TEST_STEP][PASSED] - amount = getAttribute(findTestObject("Object Repository/RAD_Pages/PaymentEntry_Page/input_amount"), "value"): Attribute 'value' of object 'Object Repository/RAD_Pages/PaymentEntry_Page/input_amount' is: '100.00'

2024-02-06 17:09:16 - [MESSAGE][PASSED] - Attribute 'value' of object 'Object Repository/RAD_Pages/PaymentEntry_Page/input_amount' is: '100.00'

2024-02-06 17:09:16 - [TEST_STEP][PASSED] - verifyMatch("100.00", amount, false): Actual text '100.00' and expected text '100.00' are matched 

2024-02-06 17:09:16 - [MESSAGE][PASSED] - Actual text '100.00' and expected text '100.00' are matched 

2024-02-06 17:09:16 - [TEST_STEP][PASSED] - amountReadOnly = getAttribute(findTestObject("Object Repository/RAD_Pages/PaymentEntry_Page/input_amount"), "readonly"): Attribute 'readonly' of object 'Object Repository/RAD_Pages/PaymentEntry_Page/input_amount' is: 'true'

2024-02-06 17:09:16 - [MESSAGE][PASSED] - Attribute 'readonly' of object 'Object Repository/RAD_Pages/PaymentEntry_Page/input_amount' is: 'true'

2024-02-06 17:09:16 - [TEST_STEP][PASSED] - verifyMatch("true", amountReadOnly, false): Actual text 'true' and expected text 'true' are matched 

2024-02-06 17:09:16 - [MESSAGE][PASSED] - Actual text 'true' and expected text 'true' are matched 

2024-02-06 17:09:16 - [TEST_STEP][PASSED] - verifyOptionSelectedByLabel(findTestObject("Object Repository/RAD_Pages/PaymentEntry_Page/select_Country"), "United States", false, 20): All options with label 'United States' are selected in object 'Object Repository/RAD_Pages/PaymentEntry_Page/select_Country' 

2024-02-06 17:09:17 - [MESSAGE][PASSED] - All options with label 'United States' are selected in object 'Object Repository/RAD_Pages/PaymentEntry_Page/select_Country' 

2024-02-06 17:09:17 - [TEST_STEP][PASSED] - verifyOptionSelectedByLabel(findTestObject("Object Repository/RAD_Pages/PaymentEntry_Page/select_State"), "Maryland", false, 20): All options with label 'Maryland' are selected in object 'Object Repository/RAD_Pages/PaymentEntry_Page/select_State' 

2024-02-06 17:09:20 - [MESSAGE][PASSED] - All options with label 'Maryland' are selected in object 'Object Repository/RAD_Pages/PaymentEntry_Page/select_State' 

2024-02-06 17:09:20 - [TEST_STEP][PASSED] - setText(findTestObject(orPath_PaymentEntry + "/input__cardNumber"), "4111111111111111"): Text '4111111111111111' is set on object 'Object Repository/RAD_Pages/PaymentEntry_Page/input__cardNumber'

2024-02-06 17:09:21 - [MESSAGE][PASSED] - Text '4111111111111111' is set on object 'Object Repository/RAD_Pages/PaymentEntry_Page/input__cardNumber'

2024-02-06 17:09:21 - [TEST_STEP][PASSED] - setText(findTestObject(orPath_PaymentEntry + "/input__spc"), "123"): Text '123' is set on object 'Object Repository/RAD_Pages/PaymentEntry_Page/input__spc'

2024-02-06 17:09:21 - [MESSAGE][PASSED] - Text '123' is set on object 'Object Repository/RAD_Pages/PaymentEntry_Page/input__spc'

2024-02-06 17:09:21 - [TEST_STEP][PASSED] - selectOptionByLabel(findTestObject(orPath_PaymentEntry + "/select_MM"), "12", false): All options with label '12' are selected in object 'Object Repository/RAD_Pages/PaymentEntry_Page/select_MM' 

2024-02-06 17:09:22 - [MESSAGE][PASSED] - All options with label '12' are selected in object 'Object Repository/RAD_Pages/PaymentEntry_Page/select_MM' 

2024-02-06 17:09:22 - [TEST_STEP][PASSED] - selectOptionByLabel(findTestObject(orPath_PaymentEntry + "/select_YYYY"), "2028", false): All options with label '2028' are selected in object 'Object Repository/RAD_Pages/PaymentEntry_Page/select_YYYY' 

2024-02-06 17:09:23 - [MESSAGE][PASSED] - All options with label '2028' are selected in object 'Object Repository/RAD_Pages/PaymentEntry_Page/select_YYYY' 

2024-02-06 17:09:23 - [TEST_STEP][PASSED] - click(findTestObject(orPath_PaymentEntry + "/input_Field_ccSubmit")): Object: 'Object Repository/RAD_Pages/PaymentEntry_Page/input_Field_ccSubmit' is clicked on

2024-02-06 17:09:24 - [MESSAGE][PASSED] - Object: 'Object Repository/RAD_Pages/PaymentEntry_Page/input_Field_ccSubmit' is clicked on

2024-02-06 17:09:24 - [TEST_STEP][PASSED] - click(findTestObject(orPath_PaymentConfirmation + "/input_N_confirmNotifyAction")): Object: 'Object Repository/RAD_Pages/PaymentConfirmation_Page/input_N_confirmNotifyAction' is clicked on

2024-02-06 17:09:25 - [MESSAGE][PASSED] - Object: 'Object Repository/RAD_Pages/PaymentConfirmation_Page/input_N_confirmNotifyAction' is clicked on

2024-02-06 17:09:25 - [TEST_STEP][PASSED] - verifyTextPresent("Service Fee Acceptance", true): Text 'Service Fee Acceptance' is present on page  using regular expression

2024-02-06 17:09:25 - [MESSAGE][PASSED] - Text 'Service Fee Acceptance' is present on page  using regular expression

2024-02-06 17:09:25 - [TEST_STEP][PASSED] - verifyTextPresent("This transaction is subject to a Service Fee of ", true): Text 'This transaction is subject to a Service Fee of ' is present on page  using regular expression

2024-02-06 17:09:26 - [MESSAGE][PASSED] - Text 'This transaction is subject to a Service Fee of ' is present on page  using regular expression

2024-02-06 17:09:26 - [TEST_STEP][PASSED] - verifyTextPresent("Payment Amount:", true): Text 'Payment Amount:' is present on page  using regular expression

2024-02-06 17:09:26 - [MESSAGE][PASSED] - Text 'Payment Amount:' is present on page  using regular expression

2024-02-06 17:09:26 - [TEST_STEP][PASSED] - verifyTextPresent("100.00", true): Text '100.00' is present on page  using regular expression

2024-02-06 17:09:26 - [MESSAGE][PASSED] - Text '100.00' is present on page  using regular expression

2024-02-06 17:09:26 - [TEST_STEP][PASSED] - verifyTextPresent("Service Fee:", true): Text 'Service Fee:' is present on page  using regular expression

2024-02-06 17:09:26 - [MESSAGE][PASSED] - Text 'Service Fee:' is present on page  using regular expression

2024-02-06 17:09:26 - [TEST_STEP][PASSED] - verifyTextPresent("2.45", true): Text '2.45' is present on page  using regular expression

2024-02-06 17:09:27 - [MESSAGE][PASSED] - Text '2.45' is present on page  using regular expression

2024-02-06 17:09:27 - [TEST_STEP][PASSED] - verifyTextPresent("Total Amount:", true): Text 'Total Amount:' is present on page  using regular expression

2024-02-06 17:09:27 - [MESSAGE][PASSED] - Text 'Total Amount:' is present on page  using regular expression

2024-02-06 17:09:27 - [TEST_STEP][PASSED] - verifyTextPresent("102.45", true): Text '102.45' is present on page  using regular expression

2024-02-06 17:09:27 - [MESSAGE][PASSED] - Text '102.45' is present on page  using regular expression

2024-02-06 17:09:27 - [TEST_STEP][PASSED] - verifyTextPresent("Two transactions will appear on your bank statement, one in the amount of", true): Text 'Two transactions will appear on your bank statement, one in the amount of' is present on page  using regular expression

2024-02-06 17:09:28 - [MESSAGE][PASSED] - Text 'Two transactions will appear on your bank statement, one in the amount of' is present on page  using regular expression

2024-02-06 17:09:28 - [TEST_STEP][PASSED] - if (verifyElementPresent(findTestObject(orPath_ServiceFeesAccept + "/input_convFeeNotifyAction"), 30)): null

2024-02-06 17:09:28 - [MESSAGE][PASSED] - Object 'Object Repository/RAD_Pages/ServiceFeeAccept_Page/input_convFeeNotifyAction' is present

2024-02-06 17:09:28 - [TEST_STEP][PASSED] - resText = "Pass": null

2024-02-06 17:09:28 - [TEST_STEP][PASSED] - pages.WriteExcel.demoKey(resText, datText, resColumn, datCloumn, fileLoc, nameSheet, row): pages.WriteExcel.demoKey is PASSED

2024-02-06 17:09:28 - [MESSAGE][PASSED] - pages.WriteExcel.demoKey is PASSED

2024-02-06 17:09:28 - [TEST_STEP][PASSED] - if (execProfile == "QAProfile" || execProfile == "QA2Profile"): Text 'Successful Payment Receipt' is present on page  using regular expression

2024-02-06 17:09:28 - [TEST_STEP][PASSED] - click(findTestObject(orPath_ServiceFeesAccept + "/input_convFeeNotifyAction")): Object: 'Object Repository/RAD_Pages/ServiceFeeAccept_Page/input_convFeeNotifyAction' is clicked on

2024-02-06 17:09:29 - [MESSAGE][PASSED] - Object: 'Object Repository/RAD_Pages/ServiceFeeAccept_Page/input_convFeeNotifyAction' is clicked on

2024-02-06 17:09:29 - [TEST_STEP][PASSED] - delay(10): Delayed 10 second(s)

2024-02-06 17:09:39 - [MESSAGE][PASSED] - Delayed 10 second(s)

2024-02-06 17:09:39 - [TEST_STEP][PASSED] - verifyTextPresent("Successful Payment Receipt", true): Text 'Successful Payment Receipt' is present on page  using regular expression

2024-02-06 17:09:39 - [MESSAGE][PASSED] - Text 'Successful Payment Receipt' is present on page  using regular expression

2024-02-06 17:09:39 - [TEST_STEP][PASSED] - ExecuteTC = findTestData(dataFile).getValue("Execute", row): null

2024-02-06 17:09:39 - [TEST_STEP][PASSED] - TaxType = findTestData(dataFile).getValue("TaxType", row): null

2024-02-06 17:09:39 - [TEST_STEP][PASSED] - PaymentType = findTestData(dataFile).getValue("PaymentType", row): null

2024-02-06 17:09:39 - [TEST_STEP][PASSED] - FilingYear = findTestData(dataFile).getValue("Year", row): null

2024-02-06 17:09:39 - [TEST_STEP][PASSED] - feinSSN = findTestData(dataFile).getValue("FeinSsn", row): null

2024-02-06 17:09:39 - [TEST_STEP][PASSED] - if (ExecuteTC.equalsIgnoreCase("Y")): null

2024-02-06 17:09:39 - [TEST_STEP][PASSED] - out.println("Begin Record Number: " + row): null

2024-02-06 17:09:39 - [TEST_STEP][PASSED] - today = new java.util.Date(): null

2024-02-06 17:09:39 - [TEST_STEP][PASSED] - println(today): null

2024-02-06 17:09:39 - [TEST_STEP][PASSED] - datText = today: null

2024-02-06 17:09:39 - [TEST_STEP][PASSED] - logInfo("Payment Type: New Tax Return Amount Due"): Payment Type: New Tax Return Amount Due

2024-02-06 17:09:39 - [MESSAGE][INFO] - Payment Type: New Tax Return Amount Due

2024-02-06 17:09:39 - [TEST_STEP][PASSED] - logInfo("Tax Type: " + TaxType): Tax Type: Sales and Use Tax

2024-02-06 17:09:39 - [MESSAGE][INFO] - Tax Type: Sales and Use Tax

2024-02-06 17:09:39 - [TEST_STEP][PASSED] - openBrowser(""): Browser is opened with url: ''

2024-02-06 17:09:39 - [MESSAGE][WARNING] - A browser is already opened. Closing browser and opening a new one

2024-02-06 17:09:40 - [MESSAGE][INFO] - Starting 'Chrome' driver

2024-02-06 17:09:40 - [MESSAGE][INFO] - User set preference: ['acceptInsecureCerts', 'true']

2024-02-06 17:09:40 - [MESSAGE][INFO] - Action delay is set to 0 milliseconds

2024-02-06 17:09:42 - [MESSAGE][PASSED] - Browser is opened with url: ''

2024-02-06 17:09:42 - [TEST_STEP][PASSED] - maximizeWindow(): Current window maximized

2024-02-06 17:09:42 - [MESSAGE][PASSED] - Current window maximized

2024-02-06 17:09:42 - [TEST_STEP][PASSED] - navigateToUrl(RADurl): Navigate to 'https://qa2.velocitypayment.com/client/rad/index.html' successfully

2024-02-06 17:09:44 - [MESSAGE][PASSED] - Navigate to 'https://qa2.velocitypayment.com/client/rad/index.html' successfully

2024-02-06 17:09:44 - [TEST_STEP][PASSED] - selectOptionByLabel(findTestObject(orPath_Landing + "/dd_TaxType"), "New Tax Return Amount Due", false): All options with label 'New Tax Return Amount Due' are selected in object 'Object Repository/RAD_Pages/Landing_Page/dd_TaxType' 

2024-02-06 17:09:44 - [MESSAGE][PASSED] - All options with label 'New Tax Return Amount Due' are selected in object 'Object Repository/RAD_Pages/Landing_Page/dd_TaxType' 

2024-02-06 17:09:44 - [TEST_STEP][PASSED] - selectOptionByLabel(findTestObject("Object Repository/RAD_Pages/Landing_Page/select_NewTaxReturnAmountDue_TaxType"), TaxType, false): All options with label 'Sales and Use Tax' are selected in object 'Object Repository/RAD_Pages/Landing_Page/select_NewTaxReturnAmountDue_TaxType' 

2024-02-06 17:09:45 - [MESSAGE][PASSED] - All options with label 'Sales and Use Tax' are selected in object 'Object Repository/RAD_Pages/Landing_Page/select_NewTaxReturnAmountDue_TaxType' 

2024-02-06 17:09:45 - [TEST_STEP][PASSED] - selectOptionByLabel(findTestObject(orPath_TaxTypeFilingYear + "/select_FilingYear"), FilingYear, false): All options with label '2022' are selected in object 'Object Repository/RAD_Pages/TaxTypeFilingYear_Page/select_FilingYear' 

2024-02-06 17:09:46 - [MESSAGE][PASSED] - All options with label '2022' are selected in object 'Object Repository/RAD_Pages/TaxTypeFilingYear_Page/select_FilingYear' 

2024-02-06 17:09:46 - [TEST_STEP][PASSED] - rad.getSetDataRAD.setDataRADBusinessName(): rad.getSetDataRAD.setDataRADBusinessName is PASSED

2024-02-06 17:09:47 - [MESSAGE][PASSED] - Text 'My Company' is set on object 'Object Repository/RAD_Pages/Taxpayer_Page/input_businessName'

2024-02-06 17:09:47 - [MESSAGE][PASSED] - rad.getSetDataRAD.setDataRADBusinessName is PASSED

2024-02-06 17:09:47 - [TEST_STEP][PASSED] - rad.getSetDataRAD.setDataRADBusinessRep(): rad.getSetDataRAD.setDataRADBusinessRep is PASSED

2024-02-06 17:09:48 - [MESSAGE][PASSED] - Text 'BusRepFname' is set on object 'Object Repository/RAD_Pages/Taxpayer_Page/input_BusinessRepfirstName'

2024-02-06 17:09:48 - [MESSAGE][PASSED] - Text '' is set on object 'Object Repository/RAD_Pages/Taxpayer_Page/input_BusinessRepmiddleName'

2024-02-06 17:09:49 - [MESSAGE][PASSED] - Text 'BusRepLname' is set on object 'Object Repository/RAD_Pages/Taxpayer_Page/input_BusinessReplastName'

2024-02-06 17:09:50 - [MESSAGE][PASSED] - Text '' is set on object 'Object Repository/RAD_Pages/Taxpayer_Page/input_BusinessRepsuffix'

2024-02-06 17:09:50 - [MESSAGE][PASSED] - rad.getSetDataRAD.setDataRADBusinessRep is PASSED

2024-02-06 17:09:50 - [TEST_STEP][PASSED] - rad.getSetDataRAD.setDataRADAddress(): rad.getSetDataRAD.setDataRADAddress is PASSED

2024-02-06 17:09:50 - [MESSAGE][PASSED] - All options with label 'United States' are selected in object 'Object Repository/RAD_Pages/AddressAndContactInfo_Page/select_Country' 

2024-02-06 17:09:51 - [MESSAGE][PASSED] - Text '2508 Mandan Terrace' is set on object 'Object Repository/RAD_Pages/AddressAndContactInfo_Page/input_streetAddress1'

2024-02-06 17:09:52 - [MESSAGE][PASSED] - Text '' is set on object 'Object Repository/RAD_Pages/AddressAndContactInfo_Page/input_streetAddress2'

2024-02-06 17:09:52 - [MESSAGE][PASSED] - Text 'Gambrills' is set on object 'Object Repository/RAD_Pages/AddressAndContactInfo_Page/input_city'

2024-02-06 17:09:53 - [MESSAGE][PASSED] - All options with label 'Maryland' are selected in object 'Object Repository/RAD_Pages/AddressAndContactInfo_Page/select_State' 

2024-02-06 17:09:54 - [MESSAGE][PASSED] - Text '21054' is set on object 'Object Repository/RAD_Pages/AddressAndContactInfo_Page/input_zipCode'

2024-02-06 17:09:55 - [MESSAGE][PASSED] - Text '(703) 894-5000' is set on object 'Object Repository/RAD_Pages/AddressAndContactInfo_Page/input_phoneNumber'

2024-02-06 17:09:55 - [MESSAGE][PASSED] - Text 'iahmed@govolution.com' is set on object 'Object Repository/RAD_Pages/AddressAndContactInfo_Page/input_eMailAddress'

2024-02-06 17:09:56 - [MESSAGE][PASSED] - Text 'iahmed@govolution.com' is set on object 'Object Repository/RAD_Pages/AddressAndContactInfo_Page/input_reEnterEMailAddress'

2024-02-06 17:09:56 - [MESSAGE][PASSED] - rad.getSetDataRAD.setDataRADAddress is PASSED

2024-02-06 17:09:56 - [TEST_STEP][PASSED] - if (feinSSN.equalsIgnoreCase("Y")): null

2024-02-06 17:09:56 - [TEST_STEP][PASSED] - else: rad.getSetDataRAD.setDataRADFEIN is PASSED

2024-02-06 17:09:56 - [TEST_STEP][PASSED] - if (!(TaxType.equalsIgnoreCase("Estate Tax"))): rad.getSetDataRAD.setDataRADFEIN is PASSED

2024-02-06 17:09:56 - [TEST_STEP][PASSED] - rad.getSetDataRAD.setDataRADFEIN(): rad.getSetDataRAD.setDataRADFEIN is PASSED

2024-02-06 17:09:57 - [MESSAGE][PASSED] - Text ****** has been set on object 'Object Repository/RAD_Pages/TaxInfo_Page/input_FederalEIN'

2024-02-06 17:09:58 - [MESSAGE][PASSED] - Text ****** has been set on object 'Object Repository/RAD_Pages/TaxInfo_Page/input_FederalEIN_ReEnter'

2024-02-06 17:09:58 - [MESSAGE][PASSED] - rad.getSetDataRAD.setDataRADFEIN is PASSED

2024-02-06 17:09:58 - [TEST_STEP][PASSED] - if (TaxType.equalsIgnoreCase("Estate Tax")): null

2024-02-06 17:09:58 - [TEST_STEP][PASSED] - setText(findTestObject(orPath_Amount + "/input__paymentAmount"), "100.00"): Text '100.00' is set on object 'Object Repository/RAD_Pages/PaymentAmount_Page/input__paymentAmount'

2024-02-06 17:09:59 - [MESSAGE][PASSED] - Text '100.00' is set on object 'Object Repository/RAD_Pages/PaymentAmount_Page/input__paymentAmount'

2024-02-06 17:09:59 - [TEST_STEP][PASSED] - setText(findTestObject(orPath_AddressContact + "/input_streetAddress2"), ""): Text '' is set on object 'Object Repository/RAD_Pages/AddressAndContactInfo_Page/input_streetAddress2'

2024-02-06 17:10:00 - [MESSAGE][PASSED] - Text '' is set on object 'Object Repository/RAD_Pages/AddressAndContactInfo_Page/input_streetAddress2'

2024-02-06 17:10:00 - [TEST_STEP][PASSED] - scrollToElement(findTestObject(orPath_Landing + "/button_Continue"), 3): Scroll to object 'Object Repository/RAD_Pages/Landing_Page/button_Continue' successfully

2024-02-06 17:10:00 - [MESSAGE][PASSED] - Scroll to object 'Object Repository/RAD_Pages/Landing_Page/button_Continue' successfully

2024-02-06 17:10:00 - [TEST_STEP][PASSED] - waitForElementClickable(findTestObject(orPath_Landing + "/button_Continue"), 5): Object 'Object Repository/RAD_Pages/Landing_Page/button_Continue' is clickable

2024-02-06 17:10:00 - [MESSAGE][PASSED] - Object 'Object Repository/RAD_Pages/Landing_Page/button_Continue' is clickable

2024-02-06 17:10:00 - [TEST_STEP][PASSED] - click(findTestObject(orPath_Landing + "/button_Continue")): Object: 'Object Repository/RAD_Pages/Landing_Page/button_Continue' is clicked on

2024-02-06 17:10:01 - [MESSAGE][PASSED] - Object: 'Object Repository/RAD_Pages/Landing_Page/button_Continue' is clicked on

2024-02-06 17:10:01 - [TEST_STEP][PASSED] - delay(2): Delayed 2 second(s)

2024-02-06 17:10:03 - [MESSAGE][PASSED] - Delayed 2 second(s)

2024-02-06 17:10:03 - [TEST_STEP][PASSED] - click(findTestObject(orPath_Summary + "/button_Proceed to Payment")): Object: 'Object Repository/RAD_Pages/Summary_Page/button_Proceed to Payment' is clicked on

2024-02-06 17:10:05 - [MESSAGE][PASSED] - Object: 'Object Repository/RAD_Pages/Summary_Page/button_Proceed to Payment' is clicked on

2024-02-06 17:10:05 - [TEST_STEP][PASSED] - if (verifyElementPresent(findTestObject("Object Repository/RAD_Pages/PaymentEntry_Page/input__billingName"), 30)): null

2024-02-06 17:10:05 - [MESSAGE][PASSED] - Object 'Object Repository/RAD_Pages/PaymentEntry_Page/input__billingName' is present

2024-02-06 17:10:05 - [TEST_STEP][PASSED] - verifyTextPresent("Comptroller of Maryland", true): Text 'Comptroller of Maryland' is present on page  using regular expression

2024-02-06 17:10:06 - [MESSAGE][PASSED] - Text 'Comptroller of Maryland' is present on page  using regular expression

2024-02-06 17:10:06 - [TEST_STEP][PASSED] - verifyTextPresent("Revenue Administration Division", true): Text 'Revenue Administration Division' is present on page  using regular expression

2024-02-06 17:10:06 - [MESSAGE][PASSED] - Text 'Revenue Administration Division' is present on page  using regular expression

2024-02-06 17:10:06 - [TEST_STEP][PASSED] - verifyTextPresent("Payment Information", true): Text 'Payment Information' is present on page  using regular expression

2024-02-06 17:10:06 - [MESSAGE][PASSED] - Text 'Payment Information' is present on page  using regular expression

2024-02-06 17:10:06 - [TEST_STEP][PASSED] - card_Name = getAttribute(findTestObject("Object Repository/RAD_Pages/PaymentEntry_Page/input__billingName"), "value"): Attribute 'value' of object 'Object Repository/RAD_Pages/PaymentEntry_Page/input__billingName' is: 'BusRepFname BusRepLname'

2024-02-06 17:10:07 - [MESSAGE][PASSED] - Attribute 'value' of object 'Object Repository/RAD_Pages/PaymentEntry_Page/input__billingName' is: 'BusRepFname BusRepLname'

2024-02-06 17:10:07 - [TEST_STEP][PASSED] - verifyMatch("BusRepFname BusRepLname", card_Name, false): Actual text 'BusRepFname BusRepLname' and expected text 'BusRepFname BusRepLname' are matched 

2024-02-06 17:10:07 - [MESSAGE][PASSED] - Actual text 'BusRepFname BusRepLname' and expected text 'BusRepFname BusRepLname' are matched 

2024-02-06 17:10:07 - [TEST_STEP][PASSED] - AL1 = getAttribute(findTestObject("Object Repository/RAD_Pages/PaymentEntry_Page/input_billingAddress"), "value"): Attribute 'value' of object 'Object Repository/RAD_Pages/PaymentEntry_Page/input_billingAddress' is: '2508 Mandan Terrace'

2024-02-06 17:10:07 - [MESSAGE][PASSED] - Attribute 'value' of object 'Object Repository/RAD_Pages/PaymentEntry_Page/input_billingAddress' is: '2508 Mandan Terrace'

2024-02-06 17:10:07 - [TEST_STEP][PASSED] - verifyMatch("2508 Mandan Terrace", AL1, false): Actual text '2508 Mandan Terrace' and expected text '2508 Mandan Terrace' are matched 

2024-02-06 17:10:07 - [MESSAGE][PASSED] - Actual text '2508 Mandan Terrace' and expected text '2508 Mandan Terrace' are matched 

2024-02-06 17:10:07 - [TEST_STEP][PASSED] - AL2 = getAttribute(findTestObject("Object Repository/RAD_Pages/PaymentEntry_Page/input_billingAddress2"), "value"): Attribute 'value' of object 'Object Repository/RAD_Pages/PaymentEntry_Page/input_billingAddress2' is: ''

2024-02-06 17:10:07 - [MESSAGE][PASSED] - Attribute 'value' of object 'Object Repository/RAD_Pages/PaymentEntry_Page/input_billingAddress2' is: ''

2024-02-06 17:10:07 - [TEST_STEP][PASSED] - verifyMatch("", AL2, false): Actual text '' and expected text '' are matched 

2024-02-06 17:10:07 - [MESSAGE][PASSED] - Actual text '' and expected text '' are matched 

2024-02-06 17:10:07 - [TEST_STEP][PASSED] - zipCode = getAttribute(findTestObject("Object Repository/RAD_Pages/PaymentEntry_Page/input_billingZip"), "value"): Attribute 'value' of object 'Object Repository/RAD_Pages/PaymentEntry_Page/input_billingZip' is: '21054'

2024-02-06 17:10:08 - [MESSAGE][PASSED] - Attribute 'value' of object 'Object Repository/RAD_Pages/PaymentEntry_Page/input_billingZip' is: '21054'

2024-02-06 17:10:08 - [TEST_STEP][PASSED] - verifyMatch("21054", zipCode, false): Actual text '21054' and expected text '21054' are matched 

2024-02-06 17:10:08 - [MESSAGE][PASSED] - Actual text '21054' and expected text '21054' are matched 

2024-02-06 17:10:08 - [TEST_STEP][PASSED] - city = getAttribute(findTestObject("Object Repository/RAD_Pages/PaymentEntry_Page/input_billingCity"), "value"): Attribute 'value' of object 'Object Repository/RAD_Pages/PaymentEntry_Page/input_billingCity' is: 'GAMBRILLS'

2024-02-06 17:10:08 - [MESSAGE][PASSED] - Attribute 'value' of object 'Object Repository/RAD_Pages/PaymentEntry_Page/input_billingCity' is: 'GAMBRILLS'

2024-02-06 17:10:08 - [TEST_STEP][PASSED] - verifyMatch("GAMBRILLS", city, false): Actual text 'GAMBRILLS' and expected text 'GAMBRILLS' are matched 

2024-02-06 17:10:08 - [MESSAGE][PASSED] - Actual text 'GAMBRILLS' and expected text 'GAMBRILLS' are matched 

2024-02-06 17:10:08 - [TEST_STEP][PASSED] - email = getAttribute(findTestObject("Object Repository/RAD_Pages/PaymentEntry_Page/input_emailAddress"), "value"): Attribute 'value' of object 'Object Repository/RAD_Pages/PaymentEntry_Page/input_emailAddress' is: 'iahmed@govolution.com'

2024-02-06 17:10:08 - [MESSAGE][PASSED] - Attribute 'value' of object 'Object Repository/RAD_Pages/PaymentEntry_Page/input_emailAddress' is: 'iahmed@govolution.com'

2024-02-06 17:10:08 - [TEST_STEP][PASSED] - verifyMatch("iahmed@govolution.com", email, false): Actual text 'iahmed@govolution.com' and expected text 'iahmed@govolution.com' are matched 

2024-02-06 17:10:08 - [MESSAGE][PASSED] - Actual text 'iahmed@govolution.com' and expected text 'iahmed@govolution.com' are matched 

2024-02-06 17:10:08 - [TEST_STEP][PASSED] - amount = getAttribute(findTestObject("Object Repository/RAD_Pages/PaymentEntry_Page/input_amount"), "value"): Attribute 'value' of object 'Object Repository/RAD_Pages/PaymentEntry_Page/input_amount' is: '100.00'

2024-02-06 17:10:09 - [MESSAGE][PASSED] - Attribute 'value' of object 'Object Repository/RAD_Pages/PaymentEntry_Page/input_amount' is: '100.00'

2024-02-06 17:10:09 - [TEST_STEP][PASSED] - verifyMatch("100.00", amount, false): Actual text '100.00' and expected text '100.00' are matched 

2024-02-06 17:10:09 - [MESSAGE][PASSED] - Actual text '100.00' and expected text '100.00' are matched 

2024-02-06 17:10:09 - [TEST_STEP][PASSED] - amountReadOnly = getAttribute(findTestObject("Object Repository/RAD_Pages/PaymentEntry_Page/input_amount"), "readonly"): Attribute 'readonly' of object 'Object Repository/RAD_Pages/PaymentEntry_Page/input_amount' is: 'true'

2024-02-06 17:10:09 - [MESSAGE][PASSED] - Attribute 'readonly' of object 'Object Repository/RAD_Pages/PaymentEntry_Page/input_amount' is: 'true'

2024-02-06 17:10:09 - [TEST_STEP][PASSED] - verifyMatch("true", amountReadOnly, false): Actual text 'true' and expected text 'true' are matched 

2024-02-06 17:10:09 - [MESSAGE][PASSED] - Actual text 'true' and expected text 'true' are matched 

2024-02-06 17:10:09 - [TEST_STEP][PASSED] - verifyOptionSelectedByLabel(findTestObject("Object Repository/RAD_Pages/PaymentEntry_Page/select_Country"), "United States", false, 20): All options with label 'United States' are selected in object 'Object Repository/RAD_Pages/PaymentEntry_Page/select_Country' 

2024-02-06 17:10:10 - [MESSAGE][PASSED] - All options with label 'United States' are selected in object 'Object Repository/RAD_Pages/PaymentEntry_Page/select_Country' 

2024-02-06 17:10:10 - [TEST_STEP][PASSED] - verifyOptionSelectedByLabel(findTestObject("Object Repository/RAD_Pages/PaymentEntry_Page/select_State"), "Maryland", false, 20): All options with label 'Maryland' are selected in object 'Object Repository/RAD_Pages/PaymentEntry_Page/select_State' 

2024-02-06 17:10:13 - [MESSAGE][PASSED] - All options with label 'Maryland' are selected in object 'Object Repository/RAD_Pages/PaymentEntry_Page/select_State' 

2024-02-06 17:10:13 - [TEST_STEP][PASSED] - setText(findTestObject(orPath_PaymentEntry + "/input__cardNumber"), "4111111111111111"): Text '4111111111111111' is set on object 'Object Repository/RAD_Pages/PaymentEntry_Page/input__cardNumber'

2024-02-06 17:10:13 - [MESSAGE][PASSED] - Text '4111111111111111' is set on object 'Object Repository/RAD_Pages/PaymentEntry_Page/input__cardNumber'

2024-02-06 17:10:13 - [TEST_STEP][PASSED] - setText(findTestObject(orPath_PaymentEntry + "/input__spc"), "123"): Text '123' is set on object 'Object Repository/RAD_Pages/PaymentEntry_Page/input__spc'

2024-02-06 17:10:14 - [MESSAGE][PASSED] - Text '123' is set on object 'Object Repository/RAD_Pages/PaymentEntry_Page/input__spc'

2024-02-06 17:10:14 - [TEST_STEP][PASSED] - selectOptionByLabel(findTestObject(orPath_PaymentEntry + "/select_MM"), "12", false): All options with label '12' are selected in object 'Object Repository/RAD_Pages/PaymentEntry_Page/select_MM' 

2024-02-06 17:10:15 - [MESSAGE][PASSED] - All options with label '12' are selected in object 'Object Repository/RAD_Pages/PaymentEntry_Page/select_MM' 

2024-02-06 17:10:15 - [TEST_STEP][PASSED] - selectOptionByLabel(findTestObject(orPath_PaymentEntry + "/select_YYYY"), "2028", false): All options with label '2028' are selected in object 'Object Repository/RAD_Pages/PaymentEntry_Page/select_YYYY' 

2024-02-06 17:10:15 - [MESSAGE][PASSED] - All options with label '2028' are selected in object 'Object Repository/RAD_Pages/PaymentEntry_Page/select_YYYY' 

2024-02-06 17:10:15 - [TEST_STEP][PASSED] - click(findTestObject(orPath_PaymentEntry + "/input_Field_ccSubmit")): Object: 'Object Repository/RAD_Pages/PaymentEntry_Page/input_Field_ccSubmit' is clicked on

2024-02-06 17:10:16 - [MESSAGE][PASSED] - Object: 'Object Repository/RAD_Pages/PaymentEntry_Page/input_Field_ccSubmit' is clicked on

2024-02-06 17:10:16 - [TEST_STEP][PASSED] - click(findTestObject(orPath_PaymentConfirmation + "/input_N_confirmNotifyAction")): Object: 'Object Repository/RAD_Pages/PaymentConfirmation_Page/input_N_confirmNotifyAction' is clicked on

2024-02-06 17:10:18 - [MESSAGE][PASSED] - Object: 'Object Repository/RAD_Pages/PaymentConfirmation_Page/input_N_confirmNotifyAction' is clicked on

2024-02-06 17:10:18 - [TEST_STEP][PASSED] - verifyTextPresent("Service Fee Acceptance", true): Text 'Service Fee Acceptance' is present on page  using regular expression

2024-02-06 17:10:18 - [MESSAGE][PASSED] - Text 'Service Fee Acceptance' is present on page  using regular expression

2024-02-06 17:10:18 - [TEST_STEP][PASSED] - verifyTextPresent("This transaction is subject to a Service Fee of ", true): Text 'This transaction is subject to a Service Fee of ' is present on page  using regular expression

2024-02-06 17:10:18 - [MESSAGE][PASSED] - Text 'This transaction is subject to a Service Fee of ' is present on page  using regular expression

2024-02-06 17:10:18 - [TEST_STEP][PASSED] - verifyTextPresent("Payment Amount:", true): Text 'Payment Amount:' is present on page  using regular expression

2024-02-06 17:10:19 - [MESSAGE][PASSED] - Text 'Payment Amount:' is present on page  using regular expression

2024-02-06 17:10:19 - [TEST_STEP][PASSED] - verifyTextPresent("100.00", true): Text '100.00' is present on page  using regular expression

2024-02-06 17:10:19 - [MESSAGE][PASSED] - Text '100.00' is present on page  using regular expression

2024-02-06 17:10:19 - [TEST_STEP][PASSED] - verifyTextPresent("Service Fee:", true): Text 'Service Fee:' is present on page  using regular expression

2024-02-06 17:10:19 - [MESSAGE][PASSED] - Text 'Service Fee:' is present on page  using regular expression

2024-02-06 17:10:19 - [TEST_STEP][PASSED] - verifyTextPresent("2.45", true): Text '2.45' is present on page  using regular expression

2024-02-06 17:10:19 - [MESSAGE][PASSED] - Text '2.45' is present on page  using regular expression

2024-02-06 17:10:19 - [TEST_STEP][PASSED] - verifyTextPresent("Total Amount:", true): Text 'Total Amount:' is present on page  using regular expression

2024-02-06 17:10:20 - [MESSAGE][PASSED] - Text 'Total Amount:' is present on page  using regular expression

2024-02-06 17:10:20 - [TEST_STEP][PASSED] - verifyTextPresent("102.45", true): Text '102.45' is present on page  using regular expression

2024-02-06 17:10:20 - [MESSAGE][PASSED] - Text '102.45' is present on page  using regular expression

2024-02-06 17:10:20 - [TEST_STEP][PASSED] - verifyTextPresent("Two transactions will appear on your bank statement, one in the amount of", true): Text 'Two transactions will appear on your bank statement, one in the amount of' is present on page  using regular expression

2024-02-06 17:10:20 - [MESSAGE][PASSED] - Text 'Two transactions will appear on your bank statement, one in the amount of' is present on page  using regular expression

2024-02-06 17:10:20 - [TEST_STEP][PASSED] - if (verifyElementPresent(findTestObject(orPath_ServiceFeesAccept + "/input_convFeeNotifyAction"), 30)): null

2024-02-06 17:10:21 - [MESSAGE][PASSED] - Object 'Object Repository/RAD_Pages/ServiceFeeAccept_Page/input_convFeeNotifyAction' is present

2024-02-06 17:10:21 - [TEST_STEP][PASSED] - resText = "Pass": null

2024-02-06 17:10:21 - [TEST_STEP][PASSED] - pages.WriteExcel.demoKey(resText, datText, resColumn, datCloumn, fileLoc, nameSheet, row): pages.WriteExcel.demoKey is PASSED

2024-02-06 17:10:21 - [MESSAGE][PASSED] - pages.WriteExcel.demoKey is PASSED

2024-02-06 17:10:21 - [TEST_STEP][PASSED] - if (execProfile == "QAProfile" || execProfile == "QA2Profile"): Text 'Successful Payment Receipt' is present on page  using regular expression

2024-02-06 17:10:21 - [TEST_STEP][PASSED] - click(findTestObject(orPath_ServiceFeesAccept + "/input_convFeeNotifyAction")): Object: 'Object Repository/RAD_Pages/ServiceFeeAccept_Page/input_convFeeNotifyAction' is clicked on

2024-02-06 17:10:22 - [MESSAGE][PASSED] - Object: 'Object Repository/RAD_Pages/ServiceFeeAccept_Page/input_convFeeNotifyAction' is clicked on

2024-02-06 17:10:22 - [TEST_STEP][PASSED] - delay(10): Delayed 10 second(s)

2024-02-06 17:10:32 - [MESSAGE][PASSED] - Delayed 10 second(s)

2024-02-06 17:10:32 - [TEST_STEP][PASSED] - verifyTextPresent("Successful Payment Receipt", true): Text 'Successful Payment Receipt' is present on page  using regular expression

2024-02-06 17:10:32 - [MESSAGE][PASSED] - Text 'Successful Payment Receipt' is present on page  using regular expression

2024-02-06 17:10:32 - [TEST_STEP][PASSED] - ExecuteTC = findTestData(dataFile).getValue("Execute", row): null

2024-02-06 17:10:32 - [TEST_STEP][PASSED] - TaxType = findTestData(dataFile).getValue("TaxType", row): null

2024-02-06 17:10:32 - [TEST_STEP][PASSED] - PaymentType = findTestData(dataFile).getValue("PaymentType", row): null

2024-02-06 17:10:32 - [TEST_STEP][PASSED] - FilingYear = findTestData(dataFile).getValue("Year", row): null

2024-02-06 17:10:32 - [TEST_STEP][PASSED] - feinSSN = findTestData(dataFile).getValue("FeinSsn", row): null

2024-02-06 17:10:32 - [TEST_STEP][PASSED] - if (ExecuteTC.equalsIgnoreCase("Y")): null

2024-02-06 17:10:32 - [TEST_STEP][PASSED] - out.println("Begin Record Number: " + row): null

2024-02-06 17:10:32 - [TEST_STEP][PASSED] - today = new java.util.Date(): null

2024-02-06 17:10:32 - [TEST_STEP][PASSED] - println(today): null

2024-02-06 17:10:32 - [TEST_STEP][PASSED] - datText = today: null

2024-02-06 17:10:32 - [TEST_STEP][PASSED] - logInfo("Payment Type: New Tax Return Amount Due"): Payment Type: New Tax Return Amount Due

2024-02-06 17:10:32 - [MESSAGE][INFO] - Payment Type: New Tax Return Amount Due

2024-02-06 17:10:32 - [TEST_STEP][PASSED] - logInfo("Tax Type: " + TaxType): Tax Type: Slots License Fee

2024-02-06 17:10:32 - [MESSAGE][INFO] - Tax Type: Slots License Fee

2024-02-06 17:10:32 - [TEST_STEP][PASSED] - openBrowser(""): Browser is opened with url: ''

2024-02-06 17:10:32 - [MESSAGE][WARNING] - A browser is already opened. Closing browser and opening a new one

2024-02-06 17:10:33 - [MESSAGE][INFO] - Starting 'Chrome' driver

2024-02-06 17:10:33 - [MESSAGE][INFO] - User set preference: ['acceptInsecureCerts', 'true']

2024-02-06 17:10:33 - [MESSAGE][INFO] - Action delay is set to 0 milliseconds

2024-02-06 17:10:35 - [MESSAGE][PASSED] - Browser is opened with url: ''

2024-02-06 17:10:35 - [TEST_STEP][PASSED] - maximizeWindow(): Current window maximized

2024-02-06 17:10:35 - [MESSAGE][PASSED] - Current window maximized

2024-02-06 17:10:35 - [TEST_STEP][PASSED] - navigateToUrl(RADurl): Navigate to 'https://qa2.velocitypayment.com/client/rad/index.html' successfully

2024-02-06 17:10:35 - [MESSAGE][PASSED] - Navigate to 'https://qa2.velocitypayment.com/client/rad/index.html' successfully

2024-02-06 17:10:35 - [TEST_STEP][PASSED] - selectOptionByLabel(findTestObject(orPath_Landing + "/dd_TaxType"), "New Tax Return Amount Due", false): All options with label 'New Tax Return Amount Due' are selected in object 'Object Repository/RAD_Pages/Landing_Page/dd_TaxType' 

2024-02-06 17:10:37 - [MESSAGE][PASSED] - All options with label 'New Tax Return Amount Due' are selected in object 'Object Repository/RAD_Pages/Landing_Page/dd_TaxType' 

2024-02-06 17:10:37 - [TEST_STEP][PASSED] - selectOptionByLabel(findTestObject("Object Repository/RAD_Pages/Landing_Page/select_NewTaxReturnAmountDue_TaxType"), TaxType, false): All options with label 'Slots License Fee' are selected in object 'Object Repository/RAD_Pages/Landing_Page/select_NewTaxReturnAmountDue_TaxType' 

2024-02-06 17:10:38 - [MESSAGE][PASSED] - All options with label 'Slots License Fee' are selected in object 'Object Repository/RAD_Pages/Landing_Page/select_NewTaxReturnAmountDue_TaxType' 

2024-02-06 17:10:38 - [TEST_STEP][PASSED] - selectOptionByLabel(findTestObject(orPath_TaxTypeFilingYear + "/select_FilingYear"), FilingYear, false): All options with label '2022' are selected in object 'Object Repository/RAD_Pages/TaxTypeFilingYear_Page/select_FilingYear' 

2024-02-06 17:10:39 - [MESSAGE][PASSED] - All options with label '2022' are selected in object 'Object Repository/RAD_Pages/TaxTypeFilingYear_Page/select_FilingYear' 

2024-02-06 17:10:39 - [TEST_STEP][PASSED] - rad.getSetDataRAD.setDataRADBusinessName(): rad.getSetDataRAD.setDataRADBusinessName is PASSED

2024-02-06 17:10:40 - [MESSAGE][PASSED] - Text 'My Company' is set on object 'Object Repository/RAD_Pages/Taxpayer_Page/input_businessName'

2024-02-06 17:10:40 - [MESSAGE][PASSED] - rad.getSetDataRAD.setDataRADBusinessName is PASSED

2024-02-06 17:10:40 - [TEST_STEP][PASSED] - rad.getSetDataRAD.setDataRADBusinessRep(): rad.getSetDataRAD.setDataRADBusinessRep is PASSED

2024-02-06 17:10:40 - [MESSAGE][PASSED] - Text 'BusRepFname' is set on object 'Object Repository/RAD_Pages/Taxpayer_Page/input_BusinessRepfirstName'

2024-02-06 17:10:41 - [MESSAGE][PASSED] - Text '' is set on object 'Object Repository/RAD_Pages/Taxpayer_Page/input_BusinessRepmiddleName'

2024-02-06 17:10:42 - [MESSAGE][PASSED] - Text 'BusRepLname' is set on object 'Object Repository/RAD_Pages/Taxpayer_Page/input_BusinessReplastName'

2024-02-06 17:10:43 - [MESSAGE][PASSED] - Text '' is set on object 'Object Repository/RAD_Pages/Taxpayer_Page/input_BusinessRepsuffix'

2024-02-06 17:10:43 - [MESSAGE][PASSED] - rad.getSetDataRAD.setDataRADBusinessRep is PASSED

2024-02-06 17:10:43 - [TEST_STEP][PASSED] - rad.getSetDataRAD.setDataRADAddress(): rad.getSetDataRAD.setDataRADAddress is PASSED

2024-02-06 17:10:43 - [MESSAGE][PASSED] - All options with label 'United States' are selected in object 'Object Repository/RAD_Pages/AddressAndContactInfo_Page/select_Country' 

2024-02-06 17:10:44 - [MESSAGE][PASSED] - Text '2508 Mandan Terrace' is set on object 'Object Repository/RAD_Pages/AddressAndContactInfo_Page/input_streetAddress1'

2024-02-06 17:10:45 - [MESSAGE][PASSED] - Text '' is set on object 'Object Repository/RAD_Pages/AddressAndContactInfo_Page/input_streetAddress2'

2024-02-06 17:10:46 - [MESSAGE][PASSED] - Text 'Gambrills' is set on object 'Object Repository/RAD_Pages/AddressAndContactInfo_Page/input_city'

2024-02-06 17:10:46 - [MESSAGE][PASSED] - All options with label 'Maryland' are selected in object 'Object Repository/RAD_Pages/AddressAndContactInfo_Page/select_State' 

2024-02-06 17:10:47 - [MESSAGE][PASSED] - Text '21054' is set on object 'Object Repository/RAD_Pages/AddressAndContactInfo_Page/input_zipCode'

2024-02-06 17:10:48 - [MESSAGE][PASSED] - Text '(703) 894-5000' is set on object 'Object Repository/RAD_Pages/AddressAndContactInfo_Page/input_phoneNumber'

2024-02-06 17:10:49 - [MESSAGE][PASSED] - Text 'iahmed@govolution.com' is set on object 'Object Repository/RAD_Pages/AddressAndContactInfo_Page/input_eMailAddress'

2024-02-06 17:10:50 - [MESSAGE][PASSED] - Text 'iahmed@govolution.com' is set on object 'Object Repository/RAD_Pages/AddressAndContactInfo_Page/input_reEnterEMailAddress'

2024-02-06 17:10:50 - [MESSAGE][PASSED] - rad.getSetDataRAD.setDataRADAddress is PASSED

2024-02-06 17:10:50 - [TEST_STEP][PASSED] - if (feinSSN.equalsIgnoreCase("Y")): null

2024-02-06 17:10:50 - [TEST_STEP][PASSED] - else: rad.getSetDataRAD.setDataRADFEIN is PASSED

2024-02-06 17:10:50 - [TEST_STEP][PASSED] - if (!(TaxType.equalsIgnoreCase("Estate Tax"))): rad.getSetDataRAD.setDataRADFEIN is PASSED

2024-02-06 17:10:50 - [TEST_STEP][PASSED] - rad.getSetDataRAD.setDataRADFEIN(): rad.getSetDataRAD.setDataRADFEIN is PASSED

2024-02-06 17:10:50 - [MESSAGE][PASSED] - Text ****** has been set on object 'Object Repository/RAD_Pages/TaxInfo_Page/input_FederalEIN'

2024-02-06 17:10:51 - [MESSAGE][PASSED] - Text ****** has been set on object 'Object Repository/RAD_Pages/TaxInfo_Page/input_FederalEIN_ReEnter'

2024-02-06 17:10:51 - [MESSAGE][PASSED] - rad.getSetDataRAD.setDataRADFEIN is PASSED

2024-02-06 17:10:51 - [TEST_STEP][PASSED] - if (TaxType.equalsIgnoreCase("Estate Tax")): null

2024-02-06 17:10:51 - [TEST_STEP][PASSED] - setText(findTestObject(orPath_Amount + "/input__paymentAmount"), "100.00"): Text '100.00' is set on object 'Object Repository/RAD_Pages/PaymentAmount_Page/input__paymentAmount'

2024-02-06 17:10:52 - [MESSAGE][PASSED] - Text '100.00' is set on object 'Object Repository/RAD_Pages/PaymentAmount_Page/input__paymentAmount'

2024-02-06 17:10:52 - [TEST_STEP][PASSED] - setText(findTestObject(orPath_AddressContact + "/input_streetAddress2"), ""): Text '' is set on object 'Object Repository/RAD_Pages/AddressAndContactInfo_Page/input_streetAddress2'

2024-02-06 17:10:52 - [MESSAGE][PASSED] - Text '' is set on object 'Object Repository/RAD_Pages/AddressAndContactInfo_Page/input_streetAddress2'

2024-02-06 17:10:52 - [TEST_STEP][PASSED] - scrollToElement(findTestObject(orPath_Landing + "/button_Continue"), 3): Scroll to object 'Object Repository/RAD_Pages/Landing_Page/button_Continue' successfully

2024-02-06 17:10:53 - [MESSAGE][PASSED] - Scroll to object 'Object Repository/RAD_Pages/Landing_Page/button_Continue' successfully

2024-02-06 17:10:53 - [TEST_STEP][PASSED] - waitForElementClickable(findTestObject(orPath_Landing + "/button_Continue"), 5): Object 'Object Repository/RAD_Pages/Landing_Page/button_Continue' is clickable

2024-02-06 17:10:53 - [MESSAGE][PASSED] - Object 'Object Repository/RAD_Pages/Landing_Page/button_Continue' is clickable

2024-02-06 17:10:53 - [TEST_STEP][PASSED] - click(findTestObject(orPath_Landing + "/button_Continue")): Object: 'Object Repository/RAD_Pages/Landing_Page/button_Continue' is clicked on

2024-02-06 17:10:54 - [MESSAGE][PASSED] - Object: 'Object Repository/RAD_Pages/Landing_Page/button_Continue' is clicked on

2024-02-06 17:10:54 - [TEST_STEP][PASSED] - delay(2): Delayed 2 second(s)

2024-02-06 17:10:56 - [MESSAGE][PASSED] - Delayed 2 second(s)

2024-02-06 17:10:56 - [TEST_STEP][PASSED] - click(findTestObject(orPath_Summary + "/button_Proceed to Payment")): Object: 'Object Repository/RAD_Pages/Summary_Page/button_Proceed to Payment' is clicked on

2024-02-06 17:10:57 - [MESSAGE][PASSED] - Object: 'Object Repository/RAD_Pages/Summary_Page/button_Proceed to Payment' is clicked on

2024-02-06 17:10:57 - [TEST_STEP][PASSED] - if (verifyElementPresent(findTestObject("Object Repository/RAD_Pages/PaymentEntry_Page/input__billingName"), 30)): null

2024-02-06 17:10:58 - [MESSAGE][PASSED] - Object 'Object Repository/RAD_Pages/PaymentEntry_Page/input__billingName' is present

2024-02-06 17:10:58 - [TEST_STEP][PASSED] - verifyTextPresent("Comptroller of Maryland", true): Text 'Comptroller of Maryland' is present on page  using regular expression

2024-02-06 17:10:58 - [MESSAGE][PASSED] - Text 'Comptroller of Maryland' is present on page  using regular expression

2024-02-06 17:10:58 - [TEST_STEP][PASSED] - verifyTextPresent("Revenue Administration Division", true): Text 'Revenue Administration Division' is present on page  using regular expression

2024-02-06 17:10:58 - [MESSAGE][PASSED] - Text 'Revenue Administration Division' is present on page  using regular expression

2024-02-06 17:10:58 - [TEST_STEP][PASSED] - verifyTextPresent("Payment Information", true): Text 'Payment Information' is present on page  using regular expression

2024-02-06 17:10:59 - [MESSAGE][PASSED] - Text 'Payment Information' is present on page  using regular expression

2024-02-06 17:10:59 - [TEST_STEP][PASSED] - card_Name = getAttribute(findTestObject("Object Repository/RAD_Pages/PaymentEntry_Page/input__billingName"), "value"): Attribute 'value' of object 'Object Repository/RAD_Pages/PaymentEntry_Page/input__billingName' is: 'BusRepFname BusRepLname'

2024-02-06 17:10:59 - [MESSAGE][PASSED] - Attribute 'value' of object 'Object Repository/RAD_Pages/PaymentEntry_Page/input__billingName' is: 'BusRepFname BusRepLname'

2024-02-06 17:10:59 - [TEST_STEP][PASSED] - verifyMatch("BusRepFname BusRepLname", card_Name, false): Actual text 'BusRepFname BusRepLname' and expected text 'BusRepFname BusRepLname' are matched 

2024-02-06 17:10:59 - [MESSAGE][PASSED] - Actual text 'BusRepFname BusRepLname' and expected text 'BusRepFname BusRepLname' are matched 

2024-02-06 17:10:59 - [TEST_STEP][PASSED] - AL1 = getAttribute(findTestObject("Object Repository/RAD_Pages/PaymentEntry_Page/input_billingAddress"), "value"): Attribute 'value' of object 'Object Repository/RAD_Pages/PaymentEntry_Page/input_billingAddress' is: '2508 Mandan Terrace'

2024-02-06 17:10:59 - [MESSAGE][PASSED] - Attribute 'value' of object 'Object Repository/RAD_Pages/PaymentEntry_Page/input_billingAddress' is: '2508 Mandan Terrace'

2024-02-06 17:10:59 - [TEST_STEP][PASSED] - verifyMatch("2508 Mandan Terrace", AL1, false): Actual text '2508 Mandan Terrace' and expected text '2508 Mandan Terrace' are matched 

2024-02-06 17:10:59 - [MESSAGE][PASSED] - Actual text '2508 Mandan Terrace' and expected text '2508 Mandan Terrace' are matched 

2024-02-06 17:10:59 - [TEST_STEP][PASSED] - AL2 = getAttribute(findTestObject("Object Repository/RAD_Pages/PaymentEntry_Page/input_billingAddress2"), "value"): Attribute 'value' of object 'Object Repository/RAD_Pages/PaymentEntry_Page/input_billingAddress2' is: ''

2024-02-06 17:11:00 - [MESSAGE][PASSED] - Attribute 'value' of object 'Object Repository/RAD_Pages/PaymentEntry_Page/input_billingAddress2' is: ''

2024-02-06 17:11:00 - [TEST_STEP][PASSED] - verifyMatch("", AL2, false): Actual text '' and expected text '' are matched 

2024-02-06 17:11:00 - [MESSAGE][PASSED] - Actual text '' and expected text '' are matched 

2024-02-06 17:11:00 - [TEST_STEP][PASSED] - zipCode = getAttribute(findTestObject("Object Repository/RAD_Pages/PaymentEntry_Page/input_billingZip"), "value"): Attribute 'value' of object 'Object Repository/RAD_Pages/PaymentEntry_Page/input_billingZip' is: '21054'

2024-02-06 17:11:00 - [MESSAGE][PASSED] - Attribute 'value' of object 'Object Repository/RAD_Pages/PaymentEntry_Page/input_billingZip' is: '21054'

2024-02-06 17:11:00 - [TEST_STEP][PASSED] - verifyMatch("21054", zipCode, false): Actual text '21054' and expected text '21054' are matched 

2024-02-06 17:11:00 - [MESSAGE][PASSED] - Actual text '21054' and expected text '21054' are matched 

2024-02-06 17:11:00 - [TEST_STEP][PASSED] - city = getAttribute(findTestObject("Object Repository/RAD_Pages/PaymentEntry_Page/input_billingCity"), "value"): Attribute 'value' of object 'Object Repository/RAD_Pages/PaymentEntry_Page/input_billingCity' is: 'GAMBRILLS'

2024-02-06 17:11:00 - [MESSAGE][PASSED] - Attribute 'value' of object 'Object Repository/RAD_Pages/PaymentEntry_Page/input_billingCity' is: 'GAMBRILLS'

2024-02-06 17:11:00 - [TEST_STEP][PASSED] - verifyMatch("GAMBRILLS", city, false): Actual text 'GAMBRILLS' and expected text 'GAMBRILLS' are matched 

2024-02-06 17:11:00 - [MESSAGE][PASSED] - Actual text 'GAMBRILLS' and expected text 'GAMBRILLS' are matched 

2024-02-06 17:11:00 - [TEST_STEP][PASSED] - email = getAttribute(findTestObject("Object Repository/RAD_Pages/PaymentEntry_Page/input_emailAddress"), "value"): Attribute 'value' of object 'Object Repository/RAD_Pages/PaymentEntry_Page/input_emailAddress' is: 'iahmed@govolution.com'

2024-02-06 17:11:01 - [MESSAGE][PASSED] - Attribute 'value' of object 'Object Repository/RAD_Pages/PaymentEntry_Page/input_emailAddress' is: 'iahmed@govolution.com'

2024-02-06 17:11:01 - [TEST_STEP][PASSED] - verifyMatch("iahmed@govolution.com", email, false): Actual text 'iahmed@govolution.com' and expected text 'iahmed@govolution.com' are matched 

2024-02-06 17:11:01 - [MESSAGE][PASSED] - Actual text 'iahmed@govolution.com' and expected text 'iahmed@govolution.com' are matched 

2024-02-06 17:11:01 - [TEST_STEP][PASSED] - amount = getAttribute(findTestObject("Object Repository/RAD_Pages/PaymentEntry_Page/input_amount"), "value"): Attribute 'value' of object 'Object Repository/RAD_Pages/PaymentEntry_Page/input_amount' is: '100.00'

2024-02-06 17:11:01 - [MESSAGE][PASSED] - Attribute 'value' of object 'Object Repository/RAD_Pages/PaymentEntry_Page/input_amount' is: '100.00'

2024-02-06 17:11:01 - [TEST_STEP][PASSED] - verifyMatch("100.00", amount, false): Actual text '100.00' and expected text '100.00' are matched 

2024-02-06 17:11:01 - [MESSAGE][PASSED] - Actual text '100.00' and expected text '100.00' are matched 

2024-02-06 17:11:01 - [TEST_STEP][PASSED] - amountReadOnly = getAttribute(findTestObject("Object Repository/RAD_Pages/PaymentEntry_Page/input_amount"), "readonly"): Attribute 'readonly' of object 'Object Repository/RAD_Pages/PaymentEntry_Page/input_amount' is: 'true'

2024-02-06 17:11:01 - [MESSAGE][PASSED] - Attribute 'readonly' of object 'Object Repository/RAD_Pages/PaymentEntry_Page/input_amount' is: 'true'

2024-02-06 17:11:01 - [TEST_STEP][PASSED] - verifyMatch("true", amountReadOnly, false): Actual text 'true' and expected text 'true' are matched 

2024-02-06 17:11:01 - [MESSAGE][PASSED] - Actual text 'true' and expected text 'true' are matched 

2024-02-06 17:11:01 - [TEST_STEP][PASSED] - verifyOptionSelectedByLabel(findTestObject("Object Repository/RAD_Pages/PaymentEntry_Page/select_Country"), "United States", false, 20): All options with label 'United States' are selected in object 'Object Repository/RAD_Pages/PaymentEntry_Page/select_Country' 

2024-02-06 17:11:02 - [MESSAGE][PASSED] - All options with label 'United States' are selected in object 'Object Repository/RAD_Pages/PaymentEntry_Page/select_Country' 

2024-02-06 17:11:02 - [TEST_STEP][PASSED] - verifyOptionSelectedByLabel(findTestObject("Object Repository/RAD_Pages/PaymentEntry_Page/select_State"), "Maryland", false, 20): All options with label 'Maryland' are selected in object 'Object Repository/RAD_Pages/PaymentEntry_Page/select_State' 

2024-02-06 17:11:05 - [MESSAGE][PASSED] - All options with label 'Maryland' are selected in object 'Object Repository/RAD_Pages/PaymentEntry_Page/select_State' 

2024-02-06 17:11:05 - [TEST_STEP][PASSED] - setText(findTestObject(orPath_PaymentEntry + "/input__cardNumber"), "4111111111111111"): Text '4111111111111111' is set on object 'Object Repository/RAD_Pages/PaymentEntry_Page/input__cardNumber'

2024-02-06 17:11:06 - [MESSAGE][PASSED] - Text '4111111111111111' is set on object 'Object Repository/RAD_Pages/PaymentEntry_Page/input__cardNumber'

2024-02-06 17:11:06 - [TEST_STEP][PASSED] - setText(findTestObject(orPath_PaymentEntry + "/input__spc"), "123"): Text '123' is set on object 'Object Repository/RAD_Pages/PaymentEntry_Page/input__spc'

2024-02-06 17:11:06 - [MESSAGE][PASSED] - Text '123' is set on object 'Object Repository/RAD_Pages/PaymentEntry_Page/input__spc'

2024-02-06 17:11:06 - [TEST_STEP][PASSED] - selectOptionByLabel(findTestObject(orPath_PaymentEntry + "/select_MM"), "12", false): All options with label '12' are selected in object 'Object Repository/RAD_Pages/PaymentEntry_Page/select_MM' 

2024-02-06 17:11:07 - [MESSAGE][PASSED] - All options with label '12' are selected in object 'Object Repository/RAD_Pages/PaymentEntry_Page/select_MM' 

2024-02-06 17:11:07 - [TEST_STEP][PASSED] - selectOptionByLabel(findTestObject(orPath_PaymentEntry + "/select_YYYY"), "2028", false): All options with label '2028' are selected in object 'Object Repository/RAD_Pages/PaymentEntry_Page/select_YYYY' 

2024-02-06 17:11:07 - [MESSAGE][PASSED] - All options with label '2028' are selected in object 'Object Repository/RAD_Pages/PaymentEntry_Page/select_YYYY' 

2024-02-06 17:11:07 - [TEST_STEP][PASSED] - click(findTestObject(orPath_PaymentEntry + "/input_Field_ccSubmit")): Object: 'Object Repository/RAD_Pages/PaymentEntry_Page/input_Field_ccSubmit' is clicked on

2024-02-06 17:11:09 - [MESSAGE][PASSED] - Object: 'Object Repository/RAD_Pages/PaymentEntry_Page/input_Field_ccSubmit' is clicked on

2024-02-06 17:11:09 - [TEST_STEP][PASSED] - click(findTestObject(orPath_PaymentConfirmation + "/input_N_confirmNotifyAction")): Object: 'Object Repository/RAD_Pages/PaymentConfirmation_Page/input_N_confirmNotifyAction' is clicked on

2024-02-06 17:11:10 - [MESSAGE][PASSED] - Object: 'Object Repository/RAD_Pages/PaymentConfirmation_Page/input_N_confirmNotifyAction' is clicked on

2024-02-06 17:11:10 - [TEST_STEP][PASSED] - verifyTextPresent("Service Fee Acceptance", true): Text 'Service Fee Acceptance' is present on page  using regular expression

2024-02-06 17:11:10 - [MESSAGE][PASSED] - Text 'Service Fee Acceptance' is present on page  using regular expression

2024-02-06 17:11:10 - [TEST_STEP][PASSED] - verifyTextPresent("This transaction is subject to a Service Fee of ", true): Text 'This transaction is subject to a Service Fee of ' is present on page  using regular expression

2024-02-06 17:11:11 - [MESSAGE][PASSED] - Text 'This transaction is subject to a Service Fee of ' is present on page  using regular expression

2024-02-06 17:11:11 - [TEST_STEP][PASSED] - verifyTextPresent("Payment Amount:", true): Text 'Payment Amount:' is present on page  using regular expression

2024-02-06 17:11:11 - [MESSAGE][PASSED] - Text 'Payment Amount:' is present on page  using regular expression

2024-02-06 17:11:11 - [TEST_STEP][PASSED] - verifyTextPresent("100.00", true): Text '100.00' is present on page  using regular expression

2024-02-06 17:11:11 - [MESSAGE][PASSED] - Text '100.00' is present on page  using regular expression

2024-02-06 17:11:11 - [TEST_STEP][PASSED] - verifyTextPresent("Service Fee:", true): Text 'Service Fee:' is present on page  using regular expression

2024-02-06 17:11:12 - [MESSAGE][PASSED] - Text 'Service Fee:' is present on page  using regular expression

2024-02-06 17:11:12 - [TEST_STEP][PASSED] - verifyTextPresent("2.45", true): Text '2.45' is present on page  using regular expression

2024-02-06 17:11:12 - [MESSAGE][PASSED] - Text '2.45' is present on page  using regular expression

2024-02-06 17:11:12 - [TEST_STEP][PASSED] - verifyTextPresent("Total Amount:", true): Text 'Total Amount:' is present on page  using regular expression

2024-02-06 17:11:12 - [MESSAGE][PASSED] - Text 'Total Amount:' is present on page  using regular expression

2024-02-06 17:11:12 - [TEST_STEP][PASSED] - verifyTextPresent("102.45", true): Text '102.45' is present on page  using regular expression

2024-02-06 17:11:12 - [MESSAGE][PASSED] - Text '102.45' is present on page  using regular expression

2024-02-06 17:11:12 - [TEST_STEP][PASSED] - verifyTextPresent("Two transactions will appear on your bank statement, one in the amount of", true): Text 'Two transactions will appear on your bank statement, one in the amount of' is present on page  using regular expression

2024-02-06 17:11:13 - [MESSAGE][PASSED] - Text 'Two transactions will appear on your bank statement, one in the amount of' is present on page  using regular expression

2024-02-06 17:11:13 - [TEST_STEP][PASSED] - if (verifyElementPresent(findTestObject(orPath_ServiceFeesAccept + "/input_convFeeNotifyAction"), 30)): null

2024-02-06 17:11:13 - [MESSAGE][PASSED] - Object 'Object Repository/RAD_Pages/ServiceFeeAccept_Page/input_convFeeNotifyAction' is present

2024-02-06 17:11:13 - [TEST_STEP][PASSED] - resText = "Pass": null

2024-02-06 17:11:13 - [TEST_STEP][PASSED] - pages.WriteExcel.demoKey(resText, datText, resColumn, datCloumn, fileLoc, nameSheet, row): pages.WriteExcel.demoKey is PASSED

2024-02-06 17:11:13 - [MESSAGE][PASSED] - pages.WriteExcel.demoKey is PASSED

2024-02-06 17:11:13 - [TEST_STEP][PASSED] - if (execProfile == "QAProfile" || execProfile == "QA2Profile"): Text 'Successful Payment Receipt' is present on page  using regular expression

2024-02-06 17:11:13 - [TEST_STEP][PASSED] - click(findTestObject(orPath_ServiceFeesAccept + "/input_convFeeNotifyAction")): Object: 'Object Repository/RAD_Pages/ServiceFeeAccept_Page/input_convFeeNotifyAction' is clicked on

2024-02-06 17:11:15 - [MESSAGE][PASSED] - Object: 'Object Repository/RAD_Pages/ServiceFeeAccept_Page/input_convFeeNotifyAction' is clicked on

2024-02-06 17:11:15 - [TEST_STEP][PASSED] - delay(10): Delayed 10 second(s)

2024-02-06 17:11:25 - [MESSAGE][PASSED] - Delayed 10 second(s)

2024-02-06 17:11:25 - [TEST_STEP][PASSED] - verifyTextPresent("Successful Payment Receipt", true): Text 'Successful Payment Receipt' is present on page  using regular expression

2024-02-06 17:11:26 - [MESSAGE][PASSED] - Text 'Successful Payment Receipt' is present on page  using regular expression

2024-02-06 17:11:26 - [TEST_STEP][PASSED] - ExecuteTC = findTestData(dataFile).getValue("Execute", row): null

2024-02-06 17:11:26 - [TEST_STEP][PASSED] - TaxType = findTestData(dataFile).getValue("TaxType", row): null

2024-02-06 17:11:26 - [TEST_STEP][PASSED] - PaymentType = findTestData(dataFile).getValue("PaymentType", row): null

2024-02-06 17:11:26 - [TEST_STEP][PASSED] - FilingYear = findTestData(dataFile).getValue("Year", row): null

2024-02-06 17:11:26 - [TEST_STEP][PASSED] - feinSSN = findTestData(dataFile).getValue("FeinSsn", row): null

2024-02-06 17:11:26 - [TEST_STEP][PASSED] - if (ExecuteTC.equalsIgnoreCase("Y")): null

2024-02-06 17:11:26 - [TEST_STEP][PASSED] - out.println("Begin Record Number: " + row): null

2024-02-06 17:11:26 - [TEST_STEP][PASSED] - today = new java.util.Date(): null

2024-02-06 17:11:26 - [TEST_STEP][PASSED] - println(today): null

2024-02-06 17:11:26 - [TEST_STEP][PASSED] - datText = today: null

2024-02-06 17:11:26 - [TEST_STEP][PASSED] - logInfo("Payment Type: New Tax Return Amount Due"): Payment Type: New Tax Return Amount Due

2024-02-06 17:11:26 - [MESSAGE][INFO] - Payment Type: New Tax Return Amount Due

2024-02-06 17:11:26 - [TEST_STEP][PASSED] - logInfo("Tax Type: " + TaxType): Tax Type: Tire Recycling Fee

2024-02-06 17:11:26 - [MESSAGE][INFO] - Tax Type: Tire Recycling Fee

2024-02-06 17:11:26 - [TEST_STEP][PASSED] - openBrowser(""): Browser is opened with url: ''

2024-02-06 17:11:26 - [MESSAGE][WARNING] - A browser is already opened. Closing browser and opening a new one

2024-02-06 17:11:27 - [MESSAGE][INFO] - Starting 'Chrome' driver

2024-02-06 17:11:27 - [MESSAGE][INFO] - User set preference: ['acceptInsecureCerts', 'true']

2024-02-06 17:11:27 - [MESSAGE][INFO] - Action delay is set to 0 milliseconds

2024-02-06 17:11:29 - [MESSAGE][PASSED] - Browser is opened with url: ''

2024-02-06 17:11:29 - [TEST_STEP][PASSED] - maximizeWindow(): Current window maximized

2024-02-06 17:11:29 - [MESSAGE][PASSED] - Current window maximized

2024-02-06 17:11:29 - [TEST_STEP][PASSED] - navigateToUrl(RADurl): Navigate to 'https://qa2.velocitypayment.com/client/rad/index.html' successfully

2024-02-06 17:11:31 - [MESSAGE][PASSED] - Navigate to 'https://qa2.velocitypayment.com/client/rad/index.html' successfully

2024-02-06 17:11:31 - [TEST_STEP][PASSED] - selectOptionByLabel(findTestObject(orPath_Landing + "/dd_TaxType"), "New Tax Return Amount Due", false): All options with label 'New Tax Return Amount Due' are selected in object 'Object Repository/RAD_Pages/Landing_Page/dd_TaxType' 

2024-02-06 17:11:31 - [MESSAGE][PASSED] - All options with label 'New Tax Return Amount Due' are selected in object 'Object Repository/RAD_Pages/Landing_Page/dd_TaxType' 

2024-02-06 17:11:31 - [TEST_STEP][PASSED] - selectOptionByLabel(findTestObject("Object Repository/RAD_Pages/Landing_Page/select_NewTaxReturnAmountDue_TaxType"), TaxType, false): All options with label 'Tire Recycling Fee' are selected in object 'Object Repository/RAD_Pages/Landing_Page/select_NewTaxReturnAmountDue_TaxType' 

2024-02-06 17:11:32 - [MESSAGE][PASSED] - All options with label 'Tire Recycling Fee' are selected in object 'Object Repository/RAD_Pages/Landing_Page/select_NewTaxReturnAmountDue_TaxType' 

2024-02-06 17:11:32 - [TEST_STEP][PASSED] - selectOptionByLabel(findTestObject(orPath_TaxTypeFilingYear + "/select_FilingYear"), FilingYear, false): All options with label '2022' are selected in object 'Object Repository/RAD_Pages/TaxTypeFilingYear_Page/select_FilingYear' 

2024-02-06 17:11:33 - [MESSAGE][PASSED] - All options with label '2022' are selected in object 'Object Repository/RAD_Pages/TaxTypeFilingYear_Page/select_FilingYear' 

2024-02-06 17:11:33 - [TEST_STEP][PASSED] - rad.getSetDataRAD.setDataRADBusinessName(): rad.getSetDataRAD.setDataRADBusinessName is PASSED

2024-02-06 17:11:34 - [MESSAGE][PASSED] - Text 'My Company' is set on object 'Object Repository/RAD_Pages/Taxpayer_Page/input_businessName'

2024-02-06 17:11:34 - [MESSAGE][PASSED] - rad.getSetDataRAD.setDataRADBusinessName is PASSED

2024-02-06 17:11:34 - [TEST_STEP][PASSED] - rad.getSetDataRAD.setDataRADBusinessRep(): rad.getSetDataRAD.setDataRADBusinessRep is PASSED

2024-02-06 17:11:35 - [MESSAGE][PASSED] - Text 'BusRepFname' is set on object 'Object Repository/RAD_Pages/Taxpayer_Page/input_BusinessRepfirstName'

2024-02-06 17:11:36 - [MESSAGE][PASSED] - Text '' is set on object 'Object Repository/RAD_Pages/Taxpayer_Page/input_BusinessRepmiddleName'

2024-02-06 17:11:36 - [MESSAGE][PASSED] - Text 'BusRepLname' is set on object 'Object Repository/RAD_Pages/Taxpayer_Page/input_BusinessReplastName'

2024-02-06 17:11:37 - [MESSAGE][PASSED] - Text '' is set on object 'Object Repository/RAD_Pages/Taxpayer_Page/input_BusinessRepsuffix'

2024-02-06 17:11:37 - [MESSAGE][PASSED] - rad.getSetDataRAD.setDataRADBusinessRep is PASSED

2024-02-06 17:11:37 - [TEST_STEP][PASSED] - rad.getSetDataRAD.setDataRADAddress(): rad.getSetDataRAD.setDataRADAddress is PASSED

2024-02-06 17:11:38 - [MESSAGE][PASSED] - All options with label 'United States' are selected in object 'Object Repository/RAD_Pages/AddressAndContactInfo_Page/select_Country' 

2024-02-06 17:11:38 - [MESSAGE][PASSED] - Text '2508 Mandan Terrace' is set on object 'Object Repository/RAD_Pages/AddressAndContactInfo_Page/input_streetAddress1'

2024-02-06 17:11:39 - [MESSAGE][PASSED] - Text '' is set on object 'Object Repository/RAD_Pages/AddressAndContactInfo_Page/input_streetAddress2'

2024-02-06 17:11:40 - [MESSAGE][PASSED] - Text 'Gambrills' is set on object 'Object Repository/RAD_Pages/AddressAndContactInfo_Page/input_city'

2024-02-06 17:11:40 - [MESSAGE][PASSED] - All options with label 'Maryland' are selected in object 'Object Repository/RAD_Pages/AddressAndContactInfo_Page/select_State' 

2024-02-06 17:11:41 - [MESSAGE][PASSED] - Text '21054' is set on object 'Object Repository/RAD_Pages/AddressAndContactInfo_Page/input_zipCode'

2024-02-06 17:11:42 - [MESSAGE][PASSED] - Text '(703) 894-5000' is set on object 'Object Repository/RAD_Pages/AddressAndContactInfo_Page/input_phoneNumber'

2024-02-06 17:11:43 - [MESSAGE][PASSED] - Text 'iahmed@govolution.com' is set on object 'Object Repository/RAD_Pages/AddressAndContactInfo_Page/input_eMailAddress'

2024-02-06 17:11:44 - [MESSAGE][PASSED] - Text 'iahmed@govolution.com' is set on object 'Object Repository/RAD_Pages/AddressAndContactInfo_Page/input_reEnterEMailAddress'

2024-02-06 17:11:44 - [MESSAGE][PASSED] - rad.getSetDataRAD.setDataRADAddress is PASSED

2024-02-06 17:11:44 - [TEST_STEP][PASSED] - if (feinSSN.equalsIgnoreCase("Y")): null

2024-02-06 17:11:44 - [TEST_STEP][PASSED] - else: rad.getSetDataRAD.setDataRADFEIN is PASSED

2024-02-06 17:11:44 - [TEST_STEP][PASSED] - if (!(TaxType.equalsIgnoreCase("Estate Tax"))): rad.getSetDataRAD.setDataRADFEIN is PASSED

2024-02-06 17:11:44 - [TEST_STEP][PASSED] - rad.getSetDataRAD.setDataRADFEIN(): rad.getSetDataRAD.setDataRADFEIN is PASSED

2024-02-06 17:11:44 - [MESSAGE][PASSED] - Text ****** has been set on object 'Object Repository/RAD_Pages/TaxInfo_Page/input_FederalEIN'

2024-02-06 17:11:45 - [MESSAGE][PASSED] - Text ****** has been set on object 'Object Repository/RAD_Pages/TaxInfo_Page/input_FederalEIN_ReEnter'

2024-02-06 17:11:45 - [MESSAGE][PASSED] - rad.getSetDataRAD.setDataRADFEIN is PASSED

2024-02-06 17:11:45 - [TEST_STEP][PASSED] - if (TaxType.equalsIgnoreCase("Estate Tax")): null

2024-02-06 17:11:45 - [TEST_STEP][PASSED] - setText(findTestObject(orPath_Amount + "/input__paymentAmount"), "100.00"): Text '100.00' is set on object 'Object Repository/RAD_Pages/PaymentAmount_Page/input__paymentAmount'

2024-02-06 17:11:46 - [MESSAGE][PASSED] - Text '100.00' is set on object 'Object Repository/RAD_Pages/PaymentAmount_Page/input__paymentAmount'

2024-02-06 17:11:46 - [TEST_STEP][PASSED] - setText(findTestObject(orPath_AddressContact + "/input_streetAddress2"), ""): Text '' is set on object 'Object Repository/RAD_Pages/AddressAndContactInfo_Page/input_streetAddress2'

2024-02-06 17:11:47 - [MESSAGE][PASSED] - Text '' is set on object 'Object Repository/RAD_Pages/AddressAndContactInfo_Page/input_streetAddress2'

2024-02-06 17:11:47 - [TEST_STEP][PASSED] - scrollToElement(findTestObject(orPath_Landing + "/button_Continue"), 3): Scroll to object 'Object Repository/RAD_Pages/Landing_Page/button_Continue' successfully

2024-02-06 17:11:47 - [MESSAGE][PASSED] - Scroll to object 'Object Repository/RAD_Pages/Landing_Page/button_Continue' successfully

2024-02-06 17:11:47 - [TEST_STEP][PASSED] - waitForElementClickable(findTestObject(orPath_Landing + "/button_Continue"), 5): Object 'Object Repository/RAD_Pages/Landing_Page/button_Continue' is clickable

2024-02-06 17:11:47 - [MESSAGE][PASSED] - Object 'Object Repository/RAD_Pages/Landing_Page/button_Continue' is clickable

2024-02-06 17:11:47 - [TEST_STEP][PASSED] - click(findTestObject(orPath_Landing + "/button_Continue")): Object: 'Object Repository/RAD_Pages/Landing_Page/button_Continue' is clicked on

2024-02-06 17:11:48 - [MESSAGE][PASSED] - Object: 'Object Repository/RAD_Pages/Landing_Page/button_Continue' is clicked on

2024-02-06 17:11:48 - [TEST_STEP][PASSED] - delay(2): Delayed 2 second(s)

2024-02-06 17:11:50 - [MESSAGE][PASSED] - Delayed 2 second(s)

2024-02-06 17:11:50 - [TEST_STEP][PASSED] - click(findTestObject(orPath_Summary + "/button_Proceed to Payment")): Object: 'Object Repository/RAD_Pages/Summary_Page/button_Proceed to Payment' is clicked on

2024-02-06 17:11:51 - [MESSAGE][PASSED] - Object: 'Object Repository/RAD_Pages/Summary_Page/button_Proceed to Payment' is clicked on

2024-02-06 17:11:51 - [TEST_STEP][PASSED] - if (verifyElementPresent(findTestObject("Object Repository/RAD_Pages/PaymentEntry_Page/input__billingName"), 30)): null

2024-02-06 17:11:52 - [MESSAGE][PASSED] - Object 'Object Repository/RAD_Pages/PaymentEntry_Page/input__billingName' is present

2024-02-06 17:11:52 - [TEST_STEP][PASSED] - verifyTextPresent("Comptroller of Maryland", true): Text 'Comptroller of Maryland' is present on page  using regular expression

2024-02-06 17:11:52 - [MESSAGE][PASSED] - Text 'Comptroller of Maryland' is present on page  using regular expression

2024-02-06 17:11:52 - [TEST_STEP][PASSED] - verifyTextPresent("Revenue Administration Division", true): Text 'Revenue Administration Division' is present on page  using regular expression

2024-02-06 17:11:52 - [MESSAGE][PASSED] - Text 'Revenue Administration Division' is present on page  using regular expression

2024-02-06 17:11:52 - [TEST_STEP][PASSED] - verifyTextPresent("Payment Information", true): Text 'Payment Information' is present on page  using regular expression

2024-02-06 17:11:53 - [MESSAGE][PASSED] - Text 'Payment Information' is present on page  using regular expression

2024-02-06 17:11:53 - [TEST_STEP][PASSED] - card_Name = getAttribute(findTestObject("Object Repository/RAD_Pages/PaymentEntry_Page/input__billingName"), "value"): Attribute 'value' of object 'Object Repository/RAD_Pages/PaymentEntry_Page/input__billingName' is: 'BusRepFname BusRepLname'

2024-02-06 17:11:53 - [MESSAGE][PASSED] - Attribute 'value' of object 'Object Repository/RAD_Pages/PaymentEntry_Page/input__billingName' is: 'BusRepFname BusRepLname'

2024-02-06 17:11:53 - [TEST_STEP][PASSED] - verifyMatch("BusRepFname BusRepLname", card_Name, false): Actual text 'BusRepFname BusRepLname' and expected text 'BusRepFname BusRepLname' are matched 

2024-02-06 17:11:53 - [MESSAGE][PASSED] - Actual text 'BusRepFname BusRepLname' and expected text 'BusRepFname BusRepLname' are matched 

2024-02-06 17:11:53 - [TEST_STEP][PASSED] - AL1 = getAttribute(findTestObject("Object Repository/RAD_Pages/PaymentEntry_Page/input_billingAddress"), "value"): Attribute 'value' of object 'Object Repository/RAD_Pages/PaymentEntry_Page/input_billingAddress' is: '2508 Mandan Terrace'

2024-02-06 17:11:53 - [MESSAGE][PASSED] - Attribute 'value' of object 'Object Repository/RAD_Pages/PaymentEntry_Page/input_billingAddress' is: '2508 Mandan Terrace'

2024-02-06 17:11:53 - [TEST_STEP][PASSED] - verifyMatch("2508 Mandan Terrace", AL1, false): Actual text '2508 Mandan Terrace' and expected text '2508 Mandan Terrace' are matched 

2024-02-06 17:11:53 - [MESSAGE][PASSED] - Actual text '2508 Mandan Terrace' and expected text '2508 Mandan Terrace' are matched 

2024-02-06 17:11:53 - [TEST_STEP][PASSED] - AL2 = getAttribute(findTestObject("Object Repository/RAD_Pages/PaymentEntry_Page/input_billingAddress2"), "value"): Attribute 'value' of object 'Object Repository/RAD_Pages/PaymentEntry_Page/input_billingAddress2' is: ''

2024-02-06 17:11:54 - [MESSAGE][PASSED] - Attribute 'value' of object 'Object Repository/RAD_Pages/PaymentEntry_Page/input_billingAddress2' is: ''

2024-02-06 17:11:54 - [TEST_STEP][PASSED] - verifyMatch("", AL2, false): Actual text '' and expected text '' are matched 

2024-02-06 17:11:54 - [MESSAGE][PASSED] - Actual text '' and expected text '' are matched 

2024-02-06 17:11:54 - [TEST_STEP][PASSED] - zipCode = getAttribute(findTestObject("Object Repository/RAD_Pages/PaymentEntry_Page/input_billingZip"), "value"): Attribute 'value' of object 'Object Repository/RAD_Pages/PaymentEntry_Page/input_billingZip' is: '21054'

2024-02-06 17:11:54 - [MESSAGE][PASSED] - Attribute 'value' of object 'Object Repository/RAD_Pages/PaymentEntry_Page/input_billingZip' is: '21054'

2024-02-06 17:11:54 - [TEST_STEP][PASSED] - verifyMatch("21054", zipCode, false): Actual text '21054' and expected text '21054' are matched 

2024-02-06 17:11:54 - [MESSAGE][PASSED] - Actual text '21054' and expected text '21054' are matched 

2024-02-06 17:11:54 - [TEST_STEP][PASSED] - city = getAttribute(findTestObject("Object Repository/RAD_Pages/PaymentEntry_Page/input_billingCity"), "value"): Attribute 'value' of object 'Object Repository/RAD_Pages/PaymentEntry_Page/input_billingCity' is: 'GAMBRILLS'

2024-02-06 17:11:54 - [MESSAGE][PASSED] - Attribute 'value' of object 'Object Repository/RAD_Pages/PaymentEntry_Page/input_billingCity' is: 'GAMBRILLS'

2024-02-06 17:11:54 - [TEST_STEP][PASSED] - verifyMatch("GAMBRILLS", city, false): Actual text 'GAMBRILLS' and expected text 'GAMBRILLS' are matched 

2024-02-06 17:11:54 - [MESSAGE][PASSED] - Actual text 'GAMBRILLS' and expected text 'GAMBRILLS' are matched 

2024-02-06 17:11:54 - [TEST_STEP][PASSED] - email = getAttribute(findTestObject("Object Repository/RAD_Pages/PaymentEntry_Page/input_emailAddress"), "value"): Attribute 'value' of object 'Object Repository/RAD_Pages/PaymentEntry_Page/input_emailAddress' is: 'iahmed@govolution.com'

2024-02-06 17:11:55 - [MESSAGE][PASSED] - Attribute 'value' of object 'Object Repository/RAD_Pages/PaymentEntry_Page/input_emailAddress' is: 'iahmed@govolution.com'

2024-02-06 17:11:55 - [TEST_STEP][PASSED] - verifyMatch("iahmed@govolution.com", email, false): Actual text 'iahmed@govolution.com' and expected text 'iahmed@govolution.com' are matched 

2024-02-06 17:11:55 - [MESSAGE][PASSED] - Actual text 'iahmed@govolution.com' and expected text 'iahmed@govolution.com' are matched 

2024-02-06 17:11:55 - [TEST_STEP][PASSED] - amount = getAttribute(findTestObject("Object Repository/RAD_Pages/PaymentEntry_Page/input_amount"), "value"): Attribute 'value' of object 'Object Repository/RAD_Pages/PaymentEntry_Page/input_amount' is: '100.00'

2024-02-06 17:11:55 - [MESSAGE][PASSED] - Attribute 'value' of object 'Object Repository/RAD_Pages/PaymentEntry_Page/input_amount' is: '100.00'

2024-02-06 17:11:55 - [TEST_STEP][PASSED] - verifyMatch("100.00", amount, false): Actual text '100.00' and expected text '100.00' are matched 

2024-02-06 17:11:55 - [MESSAGE][PASSED] - Actual text '100.00' and expected text '100.00' are matched 

2024-02-06 17:11:55 - [TEST_STEP][PASSED] - amountReadOnly = getAttribute(findTestObject("Object Repository/RAD_Pages/PaymentEntry_Page/input_amount"), "readonly"): Attribute 'readonly' of object 'Object Repository/RAD_Pages/PaymentEntry_Page/input_amount' is: 'true'

2024-02-06 17:11:55 - [MESSAGE][PASSED] - Attribute 'readonly' of object 'Object Repository/RAD_Pages/PaymentEntry_Page/input_amount' is: 'true'

2024-02-06 17:11:55 - [TEST_STEP][PASSED] - verifyMatch("true", amountReadOnly, false): Actual text 'true' and expected text 'true' are matched 

2024-02-06 17:11:55 - [MESSAGE][PASSED] - Actual text 'true' and expected text 'true' are matched 

2024-02-06 17:11:55 - [TEST_STEP][PASSED] - verifyOptionSelectedByLabel(findTestObject("Object Repository/RAD_Pages/PaymentEntry_Page/select_Country"), "United States", false, 20): All options with label 'United States' are selected in object 'Object Repository/RAD_Pages/PaymentEntry_Page/select_Country' 

2024-02-06 17:11:56 - [MESSAGE][PASSED] - All options with label 'United States' are selected in object 'Object Repository/RAD_Pages/PaymentEntry_Page/select_Country' 

2024-02-06 17:11:56 - [TEST_STEP][PASSED] - verifyOptionSelectedByLabel(findTestObject("Object Repository/RAD_Pages/PaymentEntry_Page/select_State"), "Maryland", false, 20): All options with label 'Maryland' are selected in object 'Object Repository/RAD_Pages/PaymentEntry_Page/select_State' 

2024-02-06 17:11:59 - [MESSAGE][PASSED] - All options with label 'Maryland' are selected in object 'Object Repository/RAD_Pages/PaymentEntry_Page/select_State' 

2024-02-06 17:11:59 - [TEST_STEP][PASSED] - setText(findTestObject(orPath_PaymentEntry + "/input__cardNumber"), "4111111111111111"): Text '4111111111111111' is set on object 'Object Repository/RAD_Pages/PaymentEntry_Page/input__cardNumber'

2024-02-06 17:12:00 - [MESSAGE][PASSED] - Text '4111111111111111' is set on object 'Object Repository/RAD_Pages/PaymentEntry_Page/input__cardNumber'

2024-02-06 17:12:00 - [TEST_STEP][PASSED] - setText(findTestObject(orPath_PaymentEntry + "/input__spc"), "123"): Text '123' is set on object 'Object Repository/RAD_Pages/PaymentEntry_Page/input__spc'

2024-02-06 17:12:01 - [MESSAGE][PASSED] - Text '123' is set on object 'Object Repository/RAD_Pages/PaymentEntry_Page/input__spc'

2024-02-06 17:12:01 - [TEST_STEP][PASSED] - selectOptionByLabel(findTestObject(orPath_PaymentEntry + "/select_MM"), "12", false): All options with label '12' are selected in object 'Object Repository/RAD_Pages/PaymentEntry_Page/select_MM' 

2024-02-06 17:12:01 - [MESSAGE][PASSED] - All options with label '12' are selected in object 'Object Repository/RAD_Pages/PaymentEntry_Page/select_MM' 

2024-02-06 17:12:01 - [TEST_STEP][PASSED] - selectOptionByLabel(findTestObject(orPath_PaymentEntry + "/select_YYYY"), "2028", false): All options with label '2028' are selected in object 'Object Repository/RAD_Pages/PaymentEntry_Page/select_YYYY' 

2024-02-06 17:12:02 - [MESSAGE][PASSED] - All options with label '2028' are selected in object 'Object Repository/RAD_Pages/PaymentEntry_Page/select_YYYY' 

2024-02-06 17:12:02 - [TEST_STEP][PASSED] - click(findTestObject(orPath_PaymentEntry + "/input_Field_ccSubmit")): Object: 'Object Repository/RAD_Pages/PaymentEntry_Page/input_Field_ccSubmit' is clicked on

2024-02-06 17:12:03 - [MESSAGE][PASSED] - Object: 'Object Repository/RAD_Pages/PaymentEntry_Page/input_Field_ccSubmit' is clicked on

2024-02-06 17:12:03 - [TEST_STEP][PASSED] - click(findTestObject(orPath_PaymentConfirmation + "/input_N_confirmNotifyAction")): Object: 'Object Repository/RAD_Pages/PaymentConfirmation_Page/input_N_confirmNotifyAction' is clicked on

2024-02-06 17:12:04 - [MESSAGE][PASSED] - Object: 'Object Repository/RAD_Pages/PaymentConfirmation_Page/input_N_confirmNotifyAction' is clicked on

2024-02-06 17:12:04 - [TEST_STEP][PASSED] - verifyTextPresent("Service Fee Acceptance", true): Text 'Service Fee Acceptance' is present on page  using regular expression

2024-02-06 17:12:05 - [MESSAGE][PASSED] - Text 'Service Fee Acceptance' is present on page  using regular expression

2024-02-06 17:12:05 - [TEST_STEP][PASSED] - verifyTextPresent("This transaction is subject to a Service Fee of ", true): Text 'This transaction is subject to a Service Fee of ' is present on page  using regular expression

2024-02-06 17:12:05 - [MESSAGE][PASSED] - Text 'This transaction is subject to a Service Fee of ' is present on page  using regular expression

2024-02-06 17:12:05 - [TEST_STEP][PASSED] - verifyTextPresent("Payment Amount:", true): Text 'Payment Amount:' is present on page  using regular expression

2024-02-06 17:12:05 - [MESSAGE][PASSED] - Text 'Payment Amount:' is present on page  using regular expression

2024-02-06 17:12:05 - [TEST_STEP][PASSED] - verifyTextPresent("100.00", true): Text '100.00' is present on page  using regular expression

2024-02-06 17:12:05 - [MESSAGE][PASSED] - Text '100.00' is present on page  using regular expression

2024-02-06 17:12:05 - [TEST_STEP][PASSED] - verifyTextPresent("Service Fee:", true): Text 'Service Fee:' is present on page  using regular expression

2024-02-06 17:12:06 - [MESSAGE][PASSED] - Text 'Service Fee:' is present on page  using regular expression

2024-02-06 17:12:06 - [TEST_STEP][PASSED] - verifyTextPresent("2.45", true): Text '2.45' is present on page  using regular expression

2024-02-06 17:12:06 - [MESSAGE][PASSED] - Text '2.45' is present on page  using regular expression

2024-02-06 17:12:06 - [TEST_STEP][PASSED] - verifyTextPresent("Total Amount:", true): Text 'Total Amount:' is present on page  using regular expression

2024-02-06 17:12:06 - [MESSAGE][PASSED] - Text 'Total Amount:' is present on page  using regular expression

2024-02-06 17:12:06 - [TEST_STEP][PASSED] - verifyTextPresent("102.45", true): Text '102.45' is present on page  using regular expression

2024-02-06 17:12:06 - [MESSAGE][PASSED] - Text '102.45' is present on page  using regular expression

2024-02-06 17:12:06 - [TEST_STEP][PASSED] - verifyTextPresent("Two transactions will appear on your bank statement, one in the amount of", true): Text 'Two transactions will appear on your bank statement, one in the amount of' is present on page  using regular expression

2024-02-06 17:12:07 - [MESSAGE][PASSED] - Text 'Two transactions will appear on your bank statement, one in the amount of' is present on page  using regular expression

2024-02-06 17:12:07 - [TEST_STEP][PASSED] - if (verifyElementPresent(findTestObject(orPath_ServiceFeesAccept + "/input_convFeeNotifyAction"), 30)): null

2024-02-06 17:12:07 - [MESSAGE][PASSED] - Object 'Object Repository/RAD_Pages/ServiceFeeAccept_Page/input_convFeeNotifyAction' is present

2024-02-06 17:12:07 - [TEST_STEP][PASSED] - resText = "Pass": null

2024-02-06 17:12:07 - [TEST_STEP][PASSED] - pages.WriteExcel.demoKey(resText, datText, resColumn, datCloumn, fileLoc, nameSheet, row): pages.WriteExcel.demoKey is PASSED

2024-02-06 17:12:07 - [MESSAGE][PASSED] - pages.WriteExcel.demoKey is PASSED

2024-02-06 17:12:07 - [TEST_STEP][PASSED] - if (execProfile == "QAProfile" || execProfile == "QA2Profile"): Text 'Successful Payment Receipt' is present on page  using regular expression

2024-02-06 17:12:07 - [TEST_STEP][PASSED] - click(findTestObject(orPath_ServiceFeesAccept + "/input_convFeeNotifyAction")): Object: 'Object Repository/RAD_Pages/ServiceFeeAccept_Page/input_convFeeNotifyAction' is clicked on

2024-02-06 17:12:08 - [MESSAGE][PASSED] - Object: 'Object Repository/RAD_Pages/ServiceFeeAccept_Page/input_convFeeNotifyAction' is clicked on

2024-02-06 17:12:08 - [TEST_STEP][PASSED] - delay(10): Delayed 10 second(s)

2024-02-06 17:12:18 - [MESSAGE][PASSED] - Delayed 10 second(s)

2024-02-06 17:12:18 - [TEST_STEP][PASSED] - verifyTextPresent("Successful Payment Receipt", true): Text 'Successful Payment Receipt' is present on page  using regular expression

2024-02-06 17:12:18 - [MESSAGE][PASSED] - Text 'Successful Payment Receipt' is present on page  using regular expression

2024-02-06 17:12:18 - [TEST_STEP][PASSED] - ExecuteTC = findTestData(dataFile).getValue("Execute", row): null

2024-02-06 17:12:18 - [TEST_STEP][PASSED] - TaxType = findTestData(dataFile).getValue("TaxType", row): null

2024-02-06 17:12:18 - [TEST_STEP][PASSED] - PaymentType = findTestData(dataFile).getValue("PaymentType", row): null

2024-02-06 17:12:18 - [TEST_STEP][PASSED] - FilingYear = findTestData(dataFile).getValue("Year", row): null

2024-02-06 17:12:18 - [TEST_STEP][PASSED] - feinSSN = findTestData(dataFile).getValue("FeinSsn", row): null

2024-02-06 17:12:18 - [TEST_STEP][PASSED] - if (ExecuteTC.equalsIgnoreCase("Y")): null

2024-02-06 17:12:18 - [TEST_STEP][PASSED] - out.println("Begin Record Number: " + row): null

2024-02-06 17:12:18 - [TEST_STEP][PASSED] - today = new java.util.Date(): null

2024-02-06 17:12:18 - [TEST_STEP][PASSED] - println(today): null

2024-02-06 17:12:18 - [TEST_STEP][PASSED] - datText = today: null

2024-02-06 17:12:18 - [TEST_STEP][PASSED] - logInfo("Payment Type: New Tax Return Amount Due"): Payment Type: New Tax Return Amount Due

2024-02-06 17:12:18 - [MESSAGE][INFO] - Payment Type: New Tax Return Amount Due

2024-02-06 17:12:18 - [TEST_STEP][PASSED] - logInfo("Tax Type: " + TaxType): Tax Type: Tobacco Tax

2024-02-06 17:12:18 - [MESSAGE][INFO] - Tax Type: Tobacco Tax

2024-02-06 17:12:18 - [TEST_STEP][PASSED] - openBrowser(""): Browser is opened with url: ''

2024-02-06 17:12:18 - [MESSAGE][WARNING] - A browser is already opened. Closing browser and opening a new one

2024-02-06 17:12:19 - [MESSAGE][INFO] - Starting 'Chrome' driver

2024-02-06 17:12:19 - [MESSAGE][INFO] - User set preference: ['acceptInsecureCerts', 'true']

2024-02-06 17:12:19 - [MESSAGE][INFO] - Action delay is set to 0 milliseconds

2024-02-06 17:12:21 - [MESSAGE][PASSED] - Browser is opened with url: ''

2024-02-06 17:12:21 - [TEST_STEP][PASSED] - maximizeWindow(): Current window maximized

2024-02-06 17:12:21 - [MESSAGE][PASSED] - Current window maximized

2024-02-06 17:12:21 - [TEST_STEP][PASSED] - navigateToUrl(RADurl): Navigate to 'https://qa2.velocitypayment.com/client/rad/index.html' successfully

2024-02-06 17:12:23 - [MESSAGE][PASSED] - Navigate to 'https://qa2.velocitypayment.com/client/rad/index.html' successfully

2024-02-06 17:12:23 - [TEST_STEP][PASSED] - selectOptionByLabel(findTestObject(orPath_Landing + "/dd_TaxType"), "New Tax Return Amount Due", false): All options with label 'New Tax Return Amount Due' are selected in object 'Object Repository/RAD_Pages/Landing_Page/dd_TaxType' 

2024-02-06 17:12:24 - [MESSAGE][PASSED] - All options with label 'New Tax Return Amount Due' are selected in object 'Object Repository/RAD_Pages/Landing_Page/dd_TaxType' 

2024-02-06 17:12:24 - [TEST_STEP][PASSED] - selectOptionByLabel(findTestObject("Object Repository/RAD_Pages/Landing_Page/select_NewTaxReturnAmountDue_TaxType"), TaxType, false): All options with label 'Tobacco Tax' are selected in object 'Object Repository/RAD_Pages/Landing_Page/select_NewTaxReturnAmountDue_TaxType' 

2024-02-06 17:12:25 - [MESSAGE][PASSED] - All options with label 'Tobacco Tax' are selected in object 'Object Repository/RAD_Pages/Landing_Page/select_NewTaxReturnAmountDue_TaxType' 

2024-02-06 17:12:25 - [TEST_STEP][PASSED] - selectOptionByLabel(findTestObject(orPath_TaxTypeFilingYear + "/select_FilingYear"), FilingYear, false): All options with label '2022' are selected in object 'Object Repository/RAD_Pages/TaxTypeFilingYear_Page/select_FilingYear' 

2024-02-06 17:12:25 - [MESSAGE][PASSED] - All options with label '2022' are selected in object 'Object Repository/RAD_Pages/TaxTypeFilingYear_Page/select_FilingYear' 

2024-02-06 17:12:25 - [TEST_STEP][PASSED] - rad.getSetDataRAD.setDataRADBusinessName(): rad.getSetDataRAD.setDataRADBusinessName is PASSED

2024-02-06 17:12:26 - [MESSAGE][PASSED] - Text 'My Company' is set on object 'Object Repository/RAD_Pages/Taxpayer_Page/input_businessName'

2024-02-06 17:12:26 - [MESSAGE][PASSED] - rad.getSetDataRAD.setDataRADBusinessName is PASSED

2024-02-06 17:12:26 - [TEST_STEP][PASSED] - rad.getSetDataRAD.setDataRADBusinessRep(): rad.getSetDataRAD.setDataRADBusinessRep is PASSED

2024-02-06 17:12:27 - [MESSAGE][PASSED] - Text 'BusRepFname' is set on object 'Object Repository/RAD_Pages/Taxpayer_Page/input_BusinessRepfirstName'

2024-02-06 17:12:28 - [MESSAGE][PASSED] - Text '' is set on object 'Object Repository/RAD_Pages/Taxpayer_Page/input_BusinessRepmiddleName'

2024-02-06 17:12:29 - [MESSAGE][PASSED] - Text 'BusRepLname' is set on object 'Object Repository/RAD_Pages/Taxpayer_Page/input_BusinessReplastName'

2024-02-06 17:12:29 - [MESSAGE][PASSED] - Text '' is set on object 'Object Repository/RAD_Pages/Taxpayer_Page/input_BusinessRepsuffix'

2024-02-06 17:12:29 - [MESSAGE][PASSED] - rad.getSetDataRAD.setDataRADBusinessRep is PASSED

2024-02-06 17:12:29 - [TEST_STEP][PASSED] - rad.getSetDataRAD.setDataRADAddress(): rad.getSetDataRAD.setDataRADAddress is PASSED

2024-02-06 17:12:30 - [MESSAGE][PASSED] - All options with label 'United States' are selected in object 'Object Repository/RAD_Pages/AddressAndContactInfo_Page/select_Country' 

2024-02-06 17:12:31 - [MESSAGE][PASSED] - Text '2508 Mandan Terrace' is set on object 'Object Repository/RAD_Pages/AddressAndContactInfo_Page/input_streetAddress1'

2024-02-06 17:12:32 - [MESSAGE][PASSED] - Text '' is set on object 'Object Repository/RAD_Pages/AddressAndContactInfo_Page/input_streetAddress2'

2024-02-06 17:12:32 - [MESSAGE][PASSED] - Text 'Gambrills' is set on object 'Object Repository/RAD_Pages/AddressAndContactInfo_Page/input_city'

2024-02-06 17:12:33 - [MESSAGE][PASSED] - All options with label 'Maryland' are selected in object 'Object Repository/RAD_Pages/AddressAndContactInfo_Page/select_State' 

2024-02-06 17:12:34 - [MESSAGE][PASSED] - Text '21054' is set on object 'Object Repository/RAD_Pages/AddressAndContactInfo_Page/input_zipCode'

2024-02-06 17:12:35 - [MESSAGE][PASSED] - Text '(703) 894-5000' is set on object 'Object Repository/RAD_Pages/AddressAndContactInfo_Page/input_phoneNumber'

2024-02-06 17:12:36 - [MESSAGE][PASSED] - Text 'iahmed@govolution.com' is set on object 'Object Repository/RAD_Pages/AddressAndContactInfo_Page/input_eMailAddress'

2024-02-06 17:12:36 - [MESSAGE][PASSED] - Text 'iahmed@govolution.com' is set on object 'Object Repository/RAD_Pages/AddressAndContactInfo_Page/input_reEnterEMailAddress'

2024-02-06 17:12:36 - [MESSAGE][PASSED] - rad.getSetDataRAD.setDataRADAddress is PASSED

2024-02-06 17:12:36 - [TEST_STEP][PASSED] - if (feinSSN.equalsIgnoreCase("Y")): rad.getSetDataRAD.setDataRADFEINSSN is PASSED

2024-02-06 17:12:36 - [TEST_STEP][PASSED] - rad.getSetDataRAD.setDataRADFEINSSN(): rad.getSetDataRAD.setDataRADFEINSSN is PASSED

2024-02-06 17:12:37 - [MESSAGE][PASSED] - Text ****** has been set on object 'Object Repository/RAD_Pages/TaxInfo_Page/input_TaxInfo_FeinSsn_New_2'

2024-02-06 17:12:38 - [MESSAGE][PASSED] - Text ****** has been set on object 'Object Repository/RAD_Pages/TaxInfo_Page/input_TaxInfo_RetypeFeinSsn_New_2'

2024-02-06 17:12:38 - [MESSAGE][PASSED] - rad.getSetDataRAD.setDataRADFEINSSN is PASSED

2024-02-06 17:12:38 - [TEST_STEP][PASSED] - if (TaxType.equalsIgnoreCase("Estate Tax")): null

2024-02-06 17:12:38 - [TEST_STEP][PASSED] - setText(findTestObject(orPath_Amount + "/input__paymentAmount"), "100.00"): Text '100.00' is set on object 'Object Repository/RAD_Pages/PaymentAmount_Page/input__paymentAmount'

2024-02-06 17:12:39 - [MESSAGE][PASSED] - Text '100.00' is set on object 'Object Repository/RAD_Pages/PaymentAmount_Page/input__paymentAmount'

2024-02-06 17:12:39 - [TEST_STEP][PASSED] - setText(findTestObject(orPath_AddressContact + "/input_streetAddress2"), ""): Text '' is set on object 'Object Repository/RAD_Pages/AddressAndContactInfo_Page/input_streetAddress2'

2024-02-06 17:12:39 - [MESSAGE][PASSED] - Text '' is set on object 'Object Repository/RAD_Pages/AddressAndContactInfo_Page/input_streetAddress2'

2024-02-06 17:12:39 - [TEST_STEP][PASSED] - scrollToElement(findTestObject(orPath_Landing + "/button_Continue"), 3): Scroll to object 'Object Repository/RAD_Pages/Landing_Page/button_Continue' successfully

2024-02-06 17:12:40 - [MESSAGE][PASSED] - Scroll to object 'Object Repository/RAD_Pages/Landing_Page/button_Continue' successfully

2024-02-06 17:12:40 - [TEST_STEP][PASSED] - waitForElementClickable(findTestObject(orPath_Landing + "/button_Continue"), 5): Object 'Object Repository/RAD_Pages/Landing_Page/button_Continue' is clickable

2024-02-06 17:12:40 - [MESSAGE][PASSED] - Object 'Object Repository/RAD_Pages/Landing_Page/button_Continue' is clickable

2024-02-06 17:12:40 - [TEST_STEP][PASSED] - click(findTestObject(orPath_Landing + "/button_Continue")): Object: 'Object Repository/RAD_Pages/Landing_Page/button_Continue' is clicked on

2024-02-06 17:12:41 - [MESSAGE][PASSED] - Object: 'Object Repository/RAD_Pages/Landing_Page/button_Continue' is clicked on

2024-02-06 17:12:41 - [TEST_STEP][PASSED] - delay(2): Delayed 2 second(s)

2024-02-06 17:12:43 - [MESSAGE][PASSED] - Delayed 2 second(s)

2024-02-06 17:12:43 - [TEST_STEP][PASSED] - click(findTestObject(orPath_Summary + "/button_Proceed to Payment")): Object: 'Object Repository/RAD_Pages/Summary_Page/button_Proceed to Payment' is clicked on

2024-02-06 17:12:44 - [MESSAGE][PASSED] - Object: 'Object Repository/RAD_Pages/Summary_Page/button_Proceed to Payment' is clicked on

2024-02-06 17:12:44 - [TEST_STEP][PASSED] - if (verifyElementPresent(findTestObject("Object Repository/RAD_Pages/PaymentEntry_Page/input__billingName"), 30)): null

2024-02-06 17:12:44 - [MESSAGE][PASSED] - Object 'Object Repository/RAD_Pages/PaymentEntry_Page/input__billingName' is present

2024-02-06 17:12:44 - [TEST_STEP][PASSED] - verifyTextPresent("Comptroller of Maryland", true): Text 'Comptroller of Maryland' is present on page  using regular expression

2024-02-06 17:12:45 - [MESSAGE][PASSED] - Text 'Comptroller of Maryland' is present on page  using regular expression

2024-02-06 17:12:45 - [TEST_STEP][PASSED] - verifyTextPresent("Revenue Administration Division", true): Text 'Revenue Administration Division' is present on page  using regular expression

2024-02-06 17:12:45 - [MESSAGE][PASSED] - Text 'Revenue Administration Division' is present on page  using regular expression

2024-02-06 17:12:45 - [TEST_STEP][PASSED] - verifyTextPresent("Payment Information", true): Text 'Payment Information' is present on page  using regular expression

2024-02-06 17:12:45 - [MESSAGE][PASSED] - Text 'Payment Information' is present on page  using regular expression

2024-02-06 17:12:45 - [TEST_STEP][PASSED] - card_Name = getAttribute(findTestObject("Object Repository/RAD_Pages/PaymentEntry_Page/input__billingName"), "value"): Attribute 'value' of object 'Object Repository/RAD_Pages/PaymentEntry_Page/input__billingName' is: 'BusRepFname BusRepLname'

2024-02-06 17:12:46 - [MESSAGE][PASSED] - Attribute 'value' of object 'Object Repository/RAD_Pages/PaymentEntry_Page/input__billingName' is: 'BusRepFname BusRepLname'

2024-02-06 17:12:46 - [TEST_STEP][PASSED] - verifyMatch("BusRepFname BusRepLname", card_Name, false): Actual text 'BusRepFname BusRepLname' and expected text 'BusRepFname BusRepLname' are matched 

2024-02-06 17:12:46 - [MESSAGE][PASSED] - Actual text 'BusRepFname BusRepLname' and expected text 'BusRepFname BusRepLname' are matched 

2024-02-06 17:12:46 - [TEST_STEP][PASSED] - AL1 = getAttribute(findTestObject("Object Repository/RAD_Pages/PaymentEntry_Page/input_billingAddress"), "value"): Attribute 'value' of object 'Object Repository/RAD_Pages/PaymentEntry_Page/input_billingAddress' is: '2508 Mandan Terrace'

2024-02-06 17:12:46 - [MESSAGE][PASSED] - Attribute 'value' of object 'Object Repository/RAD_Pages/PaymentEntry_Page/input_billingAddress' is: '2508 Mandan Terrace'

2024-02-06 17:12:46 - [TEST_STEP][PASSED] - verifyMatch("2508 Mandan Terrace", AL1, false): Actual text '2508 Mandan Terrace' and expected text '2508 Mandan Terrace' are matched 

2024-02-06 17:12:46 - [MESSAGE][PASSED] - Actual text '2508 Mandan Terrace' and expected text '2508 Mandan Terrace' are matched 

2024-02-06 17:12:46 - [TEST_STEP][PASSED] - AL2 = getAttribute(findTestObject("Object Repository/RAD_Pages/PaymentEntry_Page/input_billingAddress2"), "value"): Attribute 'value' of object 'Object Repository/RAD_Pages/PaymentEntry_Page/input_billingAddress2' is: ''

2024-02-06 17:12:46 - [MESSAGE][PASSED] - Attribute 'value' of object 'Object Repository/RAD_Pages/PaymentEntry_Page/input_billingAddress2' is: ''

2024-02-06 17:12:46 - [TEST_STEP][PASSED] - verifyMatch("", AL2, false): Actual text '' and expected text '' are matched 

2024-02-06 17:12:46 - [MESSAGE][PASSED] - Actual text '' and expected text '' are matched 

2024-02-06 17:12:46 - [TEST_STEP][PASSED] - zipCode = getAttribute(findTestObject("Object Repository/RAD_Pages/PaymentEntry_Page/input_billingZip"), "value"): Attribute 'value' of object 'Object Repository/RAD_Pages/PaymentEntry_Page/input_billingZip' is: '21054'

2024-02-06 17:12:47 - [MESSAGE][PASSED] - Attribute 'value' of object 'Object Repository/RAD_Pages/PaymentEntry_Page/input_billingZip' is: '21054'

2024-02-06 17:12:47 - [TEST_STEP][PASSED] - verifyMatch("21054", zipCode, false): Actual text '21054' and expected text '21054' are matched 

2024-02-06 17:12:47 - [MESSAGE][PASSED] - Actual text '21054' and expected text '21054' are matched 

2024-02-06 17:12:47 - [TEST_STEP][PASSED] - city = getAttribute(findTestObject("Object Repository/RAD_Pages/PaymentEntry_Page/input_billingCity"), "value"): Attribute 'value' of object 'Object Repository/RAD_Pages/PaymentEntry_Page/input_billingCity' is: 'GAMBRILLS'

2024-02-06 17:12:47 - [MESSAGE][PASSED] - Attribute 'value' of object 'Object Repository/RAD_Pages/PaymentEntry_Page/input_billingCity' is: 'GAMBRILLS'

2024-02-06 17:12:47 - [TEST_STEP][PASSED] - verifyMatch("GAMBRILLS", city, false): Actual text 'GAMBRILLS' and expected text 'GAMBRILLS' are matched 

2024-02-06 17:12:47 - [MESSAGE][PASSED] - Actual text 'GAMBRILLS' and expected text 'GAMBRILLS' are matched 

2024-02-06 17:12:47 - [TEST_STEP][PASSED] - email = getAttribute(findTestObject("Object Repository/RAD_Pages/PaymentEntry_Page/input_emailAddress"), "value"): Attribute 'value' of object 'Object Repository/RAD_Pages/PaymentEntry_Page/input_emailAddress' is: 'iahmed@govolution.com'

2024-02-06 17:12:48 - [MESSAGE][PASSED] - Attribute 'value' of object 'Object Repository/RAD_Pages/PaymentEntry_Page/input_emailAddress' is: 'iahmed@govolution.com'

2024-02-06 17:12:48 - [TEST_STEP][PASSED] - verifyMatch("iahmed@govolution.com", email, false): Actual text 'iahmed@govolution.com' and expected text 'iahmed@govolution.com' are matched 

2024-02-06 17:12:48 - [MESSAGE][PASSED] - Actual text 'iahmed@govolution.com' and expected text 'iahmed@govolution.com' are matched 

2024-02-06 17:12:48 - [TEST_STEP][PASSED] - amount = getAttribute(findTestObject("Object Repository/RAD_Pages/PaymentEntry_Page/input_amount"), "value"): Attribute 'value' of object 'Object Repository/RAD_Pages/PaymentEntry_Page/input_amount' is: '100.00'

2024-02-06 17:12:48 - [MESSAGE][PASSED] - Attribute 'value' of object 'Object Repository/RAD_Pages/PaymentEntry_Page/input_amount' is: '100.00'

2024-02-06 17:12:48 - [TEST_STEP][PASSED] - verifyMatch("100.00", amount, false): Actual text '100.00' and expected text '100.00' are matched 

2024-02-06 17:12:48 - [MESSAGE][PASSED] - Actual text '100.00' and expected text '100.00' are matched 

2024-02-06 17:12:48 - [TEST_STEP][PASSED] - amountReadOnly = getAttribute(findTestObject("Object Repository/RAD_Pages/PaymentEntry_Page/input_amount"), "readonly"): Attribute 'readonly' of object 'Object Repository/RAD_Pages/PaymentEntry_Page/input_amount' is: 'true'

2024-02-06 17:12:48 - [MESSAGE][PASSED] - Attribute 'readonly' of object 'Object Repository/RAD_Pages/PaymentEntry_Page/input_amount' is: 'true'

2024-02-06 17:12:48 - [TEST_STEP][PASSED] - verifyMatch("true", amountReadOnly, false): Actual text 'true' and expected text 'true' are matched 

2024-02-06 17:12:48 - [MESSAGE][PASSED] - Actual text 'true' and expected text 'true' are matched 

2024-02-06 17:12:48 - [TEST_STEP][PASSED] - verifyOptionSelectedByLabel(findTestObject("Object Repository/RAD_Pages/PaymentEntry_Page/select_Country"), "United States", false, 20): All options with label 'United States' are selected in object 'Object Repository/RAD_Pages/PaymentEntry_Page/select_Country' 

2024-02-06 17:12:49 - [MESSAGE][PASSED] - All options with label 'United States' are selected in object 'Object Repository/RAD_Pages/PaymentEntry_Page/select_Country' 

2024-02-06 17:12:49 - [TEST_STEP][PASSED] - verifyOptionSelectedByLabel(findTestObject("Object Repository/RAD_Pages/PaymentEntry_Page/select_State"), "Maryland", false, 20): All options with label 'Maryland' are selected in object 'Object Repository/RAD_Pages/PaymentEntry_Page/select_State' 

2024-02-06 17:12:52 - [MESSAGE][PASSED] - All options with label 'Maryland' are selected in object 'Object Repository/RAD_Pages/PaymentEntry_Page/select_State' 

2024-02-06 17:12:52 - [TEST_STEP][PASSED] - setText(findTestObject(orPath_PaymentEntry + "/input__cardNumber"), "4111111111111111"): Text '4111111111111111' is set on object 'Object Repository/RAD_Pages/PaymentEntry_Page/input__cardNumber'

2024-02-06 17:12:53 - [MESSAGE][PASSED] - Text '4111111111111111' is set on object 'Object Repository/RAD_Pages/PaymentEntry_Page/input__cardNumber'

2024-02-06 17:12:53 - [TEST_STEP][PASSED] - setText(findTestObject(orPath_PaymentEntry + "/input__spc"), "123"): Text '123' is set on object 'Object Repository/RAD_Pages/PaymentEntry_Page/input__spc'

2024-02-06 17:12:53 - [MESSAGE][PASSED] - Text '123' is set on object 'Object Repository/RAD_Pages/PaymentEntry_Page/input__spc'

2024-02-06 17:12:53 - [TEST_STEP][PASSED] - selectOptionByLabel(findTestObject(orPath_PaymentEntry + "/select_MM"), "12", false): All options with label '12' are selected in object 'Object Repository/RAD_Pages/PaymentEntry_Page/select_MM' 

2024-02-06 17:12:54 - [MESSAGE][PASSED] - All options with label '12' are selected in object 'Object Repository/RAD_Pages/PaymentEntry_Page/select_MM' 

2024-02-06 17:12:54 - [TEST_STEP][PASSED] - selectOptionByLabel(findTestObject(orPath_PaymentEntry + "/select_YYYY"), "2028", false): All options with label '2028' are selected in object 'Object Repository/RAD_Pages/PaymentEntry_Page/select_YYYY' 

2024-02-06 17:12:55 - [MESSAGE][PASSED] - All options with label '2028' are selected in object 'Object Repository/RAD_Pages/PaymentEntry_Page/select_YYYY' 

2024-02-06 17:12:55 - [TEST_STEP][PASSED] - click(findTestObject(orPath_PaymentEntry + "/input_Field_ccSubmit")): Object: 'Object Repository/RAD_Pages/PaymentEntry_Page/input_Field_ccSubmit' is clicked on

2024-02-06 17:12:56 - [MESSAGE][PASSED] - Object: 'Object Repository/RAD_Pages/PaymentEntry_Page/input_Field_ccSubmit' is clicked on

2024-02-06 17:12:56 - [TEST_STEP][PASSED] - click(findTestObject(orPath_PaymentConfirmation + "/input_N_confirmNotifyAction")): Object: 'Object Repository/RAD_Pages/PaymentConfirmation_Page/input_N_confirmNotifyAction' is clicked on

2024-02-06 17:12:56 - [MESSAGE][PASSED] - Object: 'Object Repository/RAD_Pages/PaymentConfirmation_Page/input_N_confirmNotifyAction' is clicked on

2024-02-06 17:12:56 - [TEST_STEP][PASSED] - verifyTextPresent("Service Fee Acceptance", true): Text 'Service Fee Acceptance' is present on page  using regular expression

2024-02-06 17:12:57 - [MESSAGE][PASSED] - Text 'Service Fee Acceptance' is present on page  using regular expression

2024-02-06 17:12:57 - [TEST_STEP][PASSED] - verifyTextPresent("This transaction is subject to a Service Fee of ", true): Text 'This transaction is subject to a Service Fee of ' is present on page  using regular expression

2024-02-06 17:12:57 - [MESSAGE][PASSED] - Text 'This transaction is subject to a Service Fee of ' is present on page  using regular expression

2024-02-06 17:12:57 - [TEST_STEP][PASSED] - verifyTextPresent("Payment Amount:", true): Text 'Payment Amount:' is present on page  using regular expression

2024-02-06 17:12:58 - [MESSAGE][PASSED] - Text 'Payment Amount:' is present on page  using regular expression

2024-02-06 17:12:58 - [TEST_STEP][PASSED] - verifyTextPresent("100.00", true): Text '100.00' is present on page  using regular expression

2024-02-06 17:12:58 - [MESSAGE][PASSED] - Text '100.00' is present on page  using regular expression

2024-02-06 17:12:58 - [TEST_STEP][PASSED] - verifyTextPresent("Service Fee:", true): Text 'Service Fee:' is present on page  using regular expression

2024-02-06 17:12:58 - [MESSAGE][PASSED] - Text 'Service Fee:' is present on page  using regular expression

2024-02-06 17:12:58 - [TEST_STEP][PASSED] - verifyTextPresent("2.45", true): Text '2.45' is present on page  using regular expression

2024-02-06 17:12:59 - [MESSAGE][PASSED] - Text '2.45' is present on page  using regular expression

2024-02-06 17:12:59 - [TEST_STEP][PASSED] - verifyTextPresent("Total Amount:", true): Text 'Total Amount:' is present on page  using regular expression

2024-02-06 17:12:59 - [MESSAGE][PASSED] - Text 'Total Amount:' is present on page  using regular expression

2024-02-06 17:12:59 - [TEST_STEP][PASSED] - verifyTextPresent("102.45", true): Text '102.45' is present on page  using regular expression

2024-02-06 17:12:59 - [MESSAGE][PASSED] - Text '102.45' is present on page  using regular expression

2024-02-06 17:12:59 - [TEST_STEP][PASSED] - verifyTextPresent("Two transactions will appear on your bank statement, one in the amount of", true): Text 'Two transactions will appear on your bank statement, one in the amount of' is present on page  using regular expression

2024-02-06 17:12:59 - [MESSAGE][PASSED] - Text 'Two transactions will appear on your bank statement, one in the amount of' is present on page  using regular expression

2024-02-06 17:12:59 - [TEST_STEP][PASSED] - if (verifyElementPresent(findTestObject(orPath_ServiceFeesAccept + "/input_convFeeNotifyAction"), 30)): null

2024-02-06 17:13:00 - [MESSAGE][PASSED] - Object 'Object Repository/RAD_Pages/ServiceFeeAccept_Page/input_convFeeNotifyAction' is present

2024-02-06 17:13:00 - [TEST_STEP][PASSED] - resText = "Pass": null

2024-02-06 17:13:00 - [TEST_STEP][PASSED] - pages.WriteExcel.demoKey(resText, datText, resColumn, datCloumn, fileLoc, nameSheet, row): pages.WriteExcel.demoKey is PASSED

2024-02-06 17:13:00 - [MESSAGE][PASSED] - pages.WriteExcel.demoKey is PASSED

2024-02-06 17:13:00 - [TEST_STEP][PASSED] - if (execProfile == "QAProfile" || execProfile == "QA2Profile"): Text 'Successful Payment Receipt' is present on page  using regular expression

2024-02-06 17:13:00 - [TEST_STEP][PASSED] - click(findTestObject(orPath_ServiceFeesAccept + "/input_convFeeNotifyAction")): Object: 'Object Repository/RAD_Pages/ServiceFeeAccept_Page/input_convFeeNotifyAction' is clicked on

2024-02-06 17:13:01 - [MESSAGE][PASSED] - Object: 'Object Repository/RAD_Pages/ServiceFeeAccept_Page/input_convFeeNotifyAction' is clicked on

2024-02-06 17:13:01 - [TEST_STEP][PASSED] - delay(10): Delayed 10 second(s)

2024-02-06 17:13:11 - [MESSAGE][PASSED] - Delayed 10 second(s)

2024-02-06 17:13:11 - [TEST_STEP][PASSED] - verifyTextPresent("Successful Payment Receipt", true): Text 'Successful Payment Receipt' is present on page  using regular expression

2024-02-06 17:13:11 - [MESSAGE][PASSED] - Text 'Successful Payment Receipt' is present on page  using regular expression

2024-02-06 17:13:11 - [TEST_STEP][PASSED] - ExecuteTC = findTestData(dataFile).getValue("Execute", row): null

2024-02-06 17:13:11 - [TEST_STEP][PASSED] - TaxType = findTestData(dataFile).getValue("TaxType", row): null

2024-02-06 17:13:11 - [TEST_STEP][PASSED] - PaymentType = findTestData(dataFile).getValue("PaymentType", row): null

2024-02-06 17:13:11 - [TEST_STEP][PASSED] - FilingYear = findTestData(dataFile).getValue("Year", row): null

2024-02-06 17:13:11 - [TEST_STEP][PASSED] - feinSSN = findTestData(dataFile).getValue("FeinSsn", row): null

2024-02-06 17:13:11 - [TEST_STEP][PASSED] - if (ExecuteTC.equalsIgnoreCase("Y")): null

2024-02-06 17:13:11 - [TEST_STEP][PASSED] - out.println("Begin Record Number: " + row): null

2024-02-06 17:13:11 - [TEST_STEP][PASSED] - today = new java.util.Date(): null

2024-02-06 17:13:11 - [TEST_STEP][PASSED] - println(today): null

2024-02-06 17:13:11 - [TEST_STEP][PASSED] - datText = today: null

2024-02-06 17:13:11 - [TEST_STEP][PASSED] - logInfo("Payment Type: New Tax Return Amount Due"): Payment Type: New Tax Return Amount Due

2024-02-06 17:13:11 - [MESSAGE][INFO] - Payment Type: New Tax Return Amount Due

2024-02-06 17:13:11 - [TEST_STEP][PASSED] - logInfo("Tax Type: " + TaxType): Tax Type: Transportation Network Services

2024-02-06 17:13:11 - [MESSAGE][INFO] - Tax Type: Transportation Network Services

2024-02-06 17:13:11 - [TEST_STEP][PASSED] - openBrowser(""): Browser is opened with url: ''

2024-02-06 17:13:11 - [MESSAGE][WARNING] - A browser is already opened. Closing browser and opening a new one

2024-02-06 17:13:12 - [MESSAGE][INFO] - Starting 'Chrome' driver

2024-02-06 17:13:12 - [MESSAGE][INFO] - User set preference: ['acceptInsecureCerts', 'true']

2024-02-06 17:13:12 - [MESSAGE][INFO] - Action delay is set to 0 milliseconds

2024-02-06 17:13:14 - [MESSAGE][PASSED] - Browser is opened with url: ''

2024-02-06 17:13:14 - [TEST_STEP][PASSED] - maximizeWindow(): Current window maximized

2024-02-06 17:13:14 - [MESSAGE][PASSED] - Current window maximized

2024-02-06 17:13:14 - [TEST_STEP][PASSED] - navigateToUrl(RADurl): Navigate to 'https://qa2.velocitypayment.com/client/rad/index.html' successfully

2024-02-06 17:13:16 - [MESSAGE][PASSED] - Navigate to 'https://qa2.velocitypayment.com/client/rad/index.html' successfully

2024-02-06 17:13:16 - [TEST_STEP][PASSED] - selectOptionByLabel(findTestObject(orPath_Landing + "/dd_TaxType"), "New Tax Return Amount Due", false): All options with label 'New Tax Return Amount Due' are selected in object 'Object Repository/RAD_Pages/Landing_Page/dd_TaxType' 

2024-02-06 17:13:17 - [MESSAGE][PASSED] - All options with label 'New Tax Return Amount Due' are selected in object 'Object Repository/RAD_Pages/Landing_Page/dd_TaxType' 

2024-02-06 17:13:17 - [TEST_STEP][PASSED] - selectOptionByLabel(findTestObject("Object Repository/RAD_Pages/Landing_Page/select_NewTaxReturnAmountDue_TaxType"), TaxType, false): All options with label 'Transportation Network Services' are selected in object 'Object Repository/RAD_Pages/Landing_Page/select_NewTaxReturnAmountDue_TaxType' 

2024-02-06 17:13:17 - [MESSAGE][PASSED] - All options with label 'Transportation Network Services' are selected in object 'Object Repository/RAD_Pages/Landing_Page/select_NewTaxReturnAmountDue_TaxType' 

2024-02-06 17:13:17 - [TEST_STEP][PASSED] - selectOptionByLabel(findTestObject(orPath_TaxTypeFilingYear + "/select_FilingYear"), FilingYear, false): All options with label '2022' are selected in object 'Object Repository/RAD_Pages/TaxTypeFilingYear_Page/select_FilingYear' 

2024-02-06 17:13:18 - [MESSAGE][PASSED] - All options with label '2022' are selected in object 'Object Repository/RAD_Pages/TaxTypeFilingYear_Page/select_FilingYear' 

2024-02-06 17:13:18 - [TEST_STEP][PASSED] - rad.getSetDataRAD.setDataRADBusinessName(): rad.getSetDataRAD.setDataRADBusinessName is PASSED

2024-02-06 17:13:19 - [MESSAGE][PASSED] - Text 'My Company' is set on object 'Object Repository/RAD_Pages/Taxpayer_Page/input_businessName'

2024-02-06 17:13:19 - [MESSAGE][PASSED] - rad.getSetDataRAD.setDataRADBusinessName is PASSED

2024-02-06 17:13:19 - [TEST_STEP][PASSED] - rad.getSetDataRAD.setDataRADBusinessRep(): rad.getSetDataRAD.setDataRADBusinessRep is PASSED

2024-02-06 17:13:20 - [MESSAGE][PASSED] - Text 'BusRepFname' is set on object 'Object Repository/RAD_Pages/Taxpayer_Page/input_BusinessRepfirstName'

2024-02-06 17:13:20 - [MESSAGE][PASSED] - Text '' is set on object 'Object Repository/RAD_Pages/Taxpayer_Page/input_BusinessRepmiddleName'

2024-02-06 17:13:21 - [MESSAGE][PASSED] - Text 'BusRepLname' is set on object 'Object Repository/RAD_Pages/Taxpayer_Page/input_BusinessReplastName'

2024-02-06 17:13:22 - [MESSAGE][PASSED] - Text '' is set on object 'Object Repository/RAD_Pages/Taxpayer_Page/input_BusinessRepsuffix'

2024-02-06 17:13:22 - [MESSAGE][PASSED] - rad.getSetDataRAD.setDataRADBusinessRep is PASSED

2024-02-06 17:13:22 - [TEST_STEP][PASSED] - rad.getSetDataRAD.setDataRADAddress(): rad.getSetDataRAD.setDataRADAddress is PASSED

2024-02-06 17:13:22 - [MESSAGE][PASSED] - All options with label 'United States' are selected in object 'Object Repository/RAD_Pages/AddressAndContactInfo_Page/select_Country' 

2024-02-06 17:13:23 - [MESSAGE][PASSED] - Text '2508 Mandan Terrace' is set on object 'Object Repository/RAD_Pages/AddressAndContactInfo_Page/input_streetAddress1'

2024-02-06 17:13:24 - [MESSAGE][PASSED] - Text '' is set on object 'Object Repository/RAD_Pages/AddressAndContactInfo_Page/input_streetAddress2'

2024-02-06 17:13:25 - [MESSAGE][PASSED] - Text 'Gambrills' is set on object 'Object Repository/RAD_Pages/AddressAndContactInfo_Page/input_city'

2024-02-06 17:13:25 - [MESSAGE][PASSED] - All options with label 'Maryland' are selected in object 'Object Repository/RAD_Pages/AddressAndContactInfo_Page/select_State' 

2024-02-06 17:13:26 - [MESSAGE][PASSED] - Text '21054' is set on object 'Object Repository/RAD_Pages/AddressAndContactInfo_Page/input_zipCode'

2024-02-06 17:13:27 - [MESSAGE][PASSED] - Text '(703) 894-5000' is set on object 'Object Repository/RAD_Pages/AddressAndContactInfo_Page/input_phoneNumber'

2024-02-06 17:13:28 - [MESSAGE][PASSED] - Text 'iahmed@govolution.com' is set on object 'Object Repository/RAD_Pages/AddressAndContactInfo_Page/input_eMailAddress'

2024-02-06 17:13:29 - [MESSAGE][PASSED] - Text 'iahmed@govolution.com' is set on object 'Object Repository/RAD_Pages/AddressAndContactInfo_Page/input_reEnterEMailAddress'

2024-02-06 17:13:29 - [MESSAGE][PASSED] - rad.getSetDataRAD.setDataRADAddress is PASSED

2024-02-06 17:13:29 - [TEST_STEP][PASSED] - if (feinSSN.equalsIgnoreCase("Y")): null

2024-02-06 17:13:29 - [TEST_STEP][PASSED] - else: rad.getSetDataRAD.setDataRADFEIN is PASSED

2024-02-06 17:13:29 - [TEST_STEP][PASSED] - if (!(TaxType.equalsIgnoreCase("Estate Tax"))): rad.getSetDataRAD.setDataRADFEIN is PASSED

2024-02-06 17:13:29 - [TEST_STEP][PASSED] - rad.getSetDataRAD.setDataRADFEIN(): rad.getSetDataRAD.setDataRADFEIN is PASSED

2024-02-06 17:13:29 - [MESSAGE][PASSED] - Text ****** has been set on object 'Object Repository/RAD_Pages/TaxInfo_Page/input_FederalEIN'

2024-02-06 17:13:30 - [MESSAGE][PASSED] - Text ****** has been set on object 'Object Repository/RAD_Pages/TaxInfo_Page/input_FederalEIN_ReEnter'

2024-02-06 17:13:30 - [MESSAGE][PASSED] - rad.getSetDataRAD.setDataRADFEIN is PASSED

2024-02-06 17:13:30 - [TEST_STEP][PASSED] - if (TaxType.equalsIgnoreCase("Estate Tax")): null

2024-02-06 17:13:30 - [TEST_STEP][PASSED] - setText(findTestObject(orPath_Amount + "/input__paymentAmount"), "100.00"): Text '100.00' is set on object 'Object Repository/RAD_Pages/PaymentAmount_Page/input__paymentAmount'

2024-02-06 17:13:31 - [MESSAGE][PASSED] - Text '100.00' is set on object 'Object Repository/RAD_Pages/PaymentAmount_Page/input__paymentAmount'

2024-02-06 17:13:31 - [TEST_STEP][PASSED] - setText(findTestObject(orPath_AddressContact + "/input_streetAddress2"), ""): Text '' is set on object 'Object Repository/RAD_Pages/AddressAndContactInfo_Page/input_streetAddress2'

2024-02-06 17:13:31 - [MESSAGE][PASSED] - Text '' is set on object 'Object Repository/RAD_Pages/AddressAndContactInfo_Page/input_streetAddress2'

2024-02-06 17:13:31 - [TEST_STEP][PASSED] - scrollToElement(findTestObject(orPath_Landing + "/button_Continue"), 3): Scroll to object 'Object Repository/RAD_Pages/Landing_Page/button_Continue' successfully

2024-02-06 17:13:32 - [MESSAGE][PASSED] - Scroll to object 'Object Repository/RAD_Pages/Landing_Page/button_Continue' successfully

2024-02-06 17:13:32 - [TEST_STEP][PASSED] - waitForElementClickable(findTestObject(orPath_Landing + "/button_Continue"), 5): Object 'Object Repository/RAD_Pages/Landing_Page/button_Continue' is clickable

2024-02-06 17:13:32 - [MESSAGE][PASSED] - Object 'Object Repository/RAD_Pages/Landing_Page/button_Continue' is clickable

2024-02-06 17:13:32 - [TEST_STEP][PASSED] - click(findTestObject(orPath_Landing + "/button_Continue")): Object: 'Object Repository/RAD_Pages/Landing_Page/button_Continue' is clicked on

2024-02-06 17:13:32 - [MESSAGE][PASSED] - Object: 'Object Repository/RAD_Pages/Landing_Page/button_Continue' is clicked on

2024-02-06 17:13:32 - [TEST_STEP][PASSED] - delay(2): Delayed 2 second(s)

2024-02-06 17:13:34 - [MESSAGE][PASSED] - Delayed 2 second(s)

2024-02-06 17:13:34 - [TEST_STEP][PASSED] - click(findTestObject(orPath_Summary + "/button_Proceed to Payment")): Object: 'Object Repository/RAD_Pages/Summary_Page/button_Proceed to Payment' is clicked on

2024-02-06 17:13:36 - [MESSAGE][PASSED] - Object: 'Object Repository/RAD_Pages/Summary_Page/button_Proceed to Payment' is clicked on

2024-02-06 17:13:36 - [TEST_STEP][PASSED] - if (verifyElementPresent(findTestObject("Object Repository/RAD_Pages/PaymentEntry_Page/input__billingName"), 30)): null

2024-02-06 17:13:36 - [MESSAGE][PASSED] - Object 'Object Repository/RAD_Pages/PaymentEntry_Page/input__billingName' is present

2024-02-06 17:13:36 - [TEST_STEP][PASSED] - verifyTextPresent("Comptroller of Maryland", true): Text 'Comptroller of Maryland' is present on page  using regular expression

2024-02-06 17:13:37 - [MESSAGE][PASSED] - Text 'Comptroller of Maryland' is present on page  using regular expression

2024-02-06 17:13:37 - [TEST_STEP][PASSED] - verifyTextPresent("Revenue Administration Division", true): Text 'Revenue Administration Division' is present on page  using regular expression

2024-02-06 17:13:37 - [MESSAGE][PASSED] - Text 'Revenue Administration Division' is present on page  using regular expression

2024-02-06 17:13:37 - [TEST_STEP][PASSED] - verifyTextPresent("Payment Information", true): Text 'Payment Information' is present on page  using regular expression

2024-02-06 17:13:37 - [MESSAGE][PASSED] - Text 'Payment Information' is present on page  using regular expression

2024-02-06 17:13:37 - [TEST_STEP][PASSED] - card_Name = getAttribute(findTestObject("Object Repository/RAD_Pages/PaymentEntry_Page/input__billingName"), "value"): Attribute 'value' of object 'Object Repository/RAD_Pages/PaymentEntry_Page/input__billingName' is: 'BusRepFname BusRepLname'

2024-02-06 17:13:38 - [MESSAGE][PASSED] - Attribute 'value' of object 'Object Repository/RAD_Pages/PaymentEntry_Page/input__billingName' is: 'BusRepFname BusRepLname'

2024-02-06 17:13:38 - [TEST_STEP][PASSED] - verifyMatch("BusRepFname BusRepLname", card_Name, false): Actual text 'BusRepFname BusRepLname' and expected text 'BusRepFname BusRepLname' are matched 

2024-02-06 17:13:38 - [MESSAGE][PASSED] - Actual text 'BusRepFname BusRepLname' and expected text 'BusRepFname BusRepLname' are matched 

2024-02-06 17:13:38 - [TEST_STEP][PASSED] - AL1 = getAttribute(findTestObject("Object Repository/RAD_Pages/PaymentEntry_Page/input_billingAddress"), "value"): Attribute 'value' of object 'Object Repository/RAD_Pages/PaymentEntry_Page/input_billingAddress' is: '2508 Mandan Terrace'

2024-02-06 17:13:38 - [MESSAGE][PASSED] - Attribute 'value' of object 'Object Repository/RAD_Pages/PaymentEntry_Page/input_billingAddress' is: '2508 Mandan Terrace'

2024-02-06 17:13:38 - [TEST_STEP][PASSED] - verifyMatch("2508 Mandan Terrace", AL1, false): Actual text '2508 Mandan Terrace' and expected text '2508 Mandan Terrace' are matched 

2024-02-06 17:13:38 - [MESSAGE][PASSED] - Actual text '2508 Mandan Terrace' and expected text '2508 Mandan Terrace' are matched 

2024-02-06 17:13:38 - [TEST_STEP][PASSED] - AL2 = getAttribute(findTestObject("Object Repository/RAD_Pages/PaymentEntry_Page/input_billingAddress2"), "value"): Attribute 'value' of object 'Object Repository/RAD_Pages/PaymentEntry_Page/input_billingAddress2' is: ''

2024-02-06 17:13:38 - [MESSAGE][PASSED] - Attribute 'value' of object 'Object Repository/RAD_Pages/PaymentEntry_Page/input_billingAddress2' is: ''

2024-02-06 17:13:38 - [TEST_STEP][PASSED] - verifyMatch("", AL2, false): Actual text '' and expected text '' are matched 

2024-02-06 17:13:38 - [MESSAGE][PASSED] - Actual text '' and expected text '' are matched 

2024-02-06 17:13:38 - [TEST_STEP][PASSED] - zipCode = getAttribute(findTestObject("Object Repository/RAD_Pages/PaymentEntry_Page/input_billingZip"), "value"): Attribute 'value' of object 'Object Repository/RAD_Pages/PaymentEntry_Page/input_billingZip' is: '21054'

2024-02-06 17:13:39 - [MESSAGE][PASSED] - Attribute 'value' of object 'Object Repository/RAD_Pages/PaymentEntry_Page/input_billingZip' is: '21054'

2024-02-06 17:13:39 - [TEST_STEP][PASSED] - verifyMatch("21054", zipCode, false): Actual text '21054' and expected text '21054' are matched 

2024-02-06 17:13:39 - [MESSAGE][PASSED] - Actual text '21054' and expected text '21054' are matched 

2024-02-06 17:13:39 - [TEST_STEP][PASSED] - city = getAttribute(findTestObject("Object Repository/RAD_Pages/PaymentEntry_Page/input_billingCity"), "value"): Attribute 'value' of object 'Object Repository/RAD_Pages/PaymentEntry_Page/input_billingCity' is: 'GAMBRILLS'

2024-02-06 17:13:39 - [MESSAGE][PASSED] - Attribute 'value' of object 'Object Repository/RAD_Pages/PaymentEntry_Page/input_billingCity' is: 'GAMBRILLS'

2024-02-06 17:13:39 - [TEST_STEP][PASSED] - verifyMatch("GAMBRILLS", city, false): Actual text 'GAMBRILLS' and expected text 'GAMBRILLS' are matched 

2024-02-06 17:13:39 - [MESSAGE][PASSED] - Actual text 'GAMBRILLS' and expected text 'GAMBRILLS' are matched 

2024-02-06 17:13:39 - [TEST_STEP][PASSED] - email = getAttribute(findTestObject("Object Repository/RAD_Pages/PaymentEntry_Page/input_emailAddress"), "value"): Attribute 'value' of object 'Object Repository/RAD_Pages/PaymentEntry_Page/input_emailAddress' is: 'iahmed@govolution.com'

2024-02-06 17:13:39 - [MESSAGE][PASSED] - Attribute 'value' of object 'Object Repository/RAD_Pages/PaymentEntry_Page/input_emailAddress' is: 'iahmed@govolution.com'

2024-02-06 17:13:39 - [TEST_STEP][PASSED] - verifyMatch("iahmed@govolution.com", email, false): Actual text 'iahmed@govolution.com' and expected text 'iahmed@govolution.com' are matched 

2024-02-06 17:13:39 - [MESSAGE][PASSED] - Actual text 'iahmed@govolution.com' and expected text 'iahmed@govolution.com' are matched 

2024-02-06 17:13:39 - [TEST_STEP][PASSED] - amount = getAttribute(findTestObject("Object Repository/RAD_Pages/PaymentEntry_Page/input_amount"), "value"): Attribute 'value' of object 'Object Repository/RAD_Pages/PaymentEntry_Page/input_amount' is: '100.00'

2024-02-06 17:13:40 - [MESSAGE][PASSED] - Attribute 'value' of object 'Object Repository/RAD_Pages/PaymentEntry_Page/input_amount' is: '100.00'

2024-02-06 17:13:40 - [TEST_STEP][PASSED] - verifyMatch("100.00", amount, false): Actual text '100.00' and expected text '100.00' are matched 

2024-02-06 17:13:40 - [MESSAGE][PASSED] - Actual text '100.00' and expected text '100.00' are matched 

2024-02-06 17:13:40 - [TEST_STEP][PASSED] - amountReadOnly = getAttribute(findTestObject("Object Repository/RAD_Pages/PaymentEntry_Page/input_amount"), "readonly"): Attribute 'readonly' of object 'Object Repository/RAD_Pages/PaymentEntry_Page/input_amount' is: 'true'

2024-02-06 17:13:40 - [MESSAGE][PASSED] - Attribute 'readonly' of object 'Object Repository/RAD_Pages/PaymentEntry_Page/input_amount' is: 'true'

2024-02-06 17:13:40 - [TEST_STEP][PASSED] - verifyMatch("true", amountReadOnly, false): Actual text 'true' and expected text 'true' are matched 

2024-02-06 17:13:40 - [MESSAGE][PASSED] - Actual text 'true' and expected text 'true' are matched 

2024-02-06 17:13:40 - [TEST_STEP][PASSED] - verifyOptionSelectedByLabel(findTestObject("Object Repository/RAD_Pages/PaymentEntry_Page/select_Country"), "United States", false, 20): All options with label 'United States' are selected in object 'Object Repository/RAD_Pages/PaymentEntry_Page/select_Country' 

2024-02-06 17:13:41 - [MESSAGE][PASSED] - All options with label 'United States' are selected in object 'Object Repository/RAD_Pages/PaymentEntry_Page/select_Country' 

2024-02-06 17:13:41 - [TEST_STEP][PASSED] - verifyOptionSelectedByLabel(findTestObject("Object Repository/RAD_Pages/PaymentEntry_Page/select_State"), "Maryland", false, 20): All options with label 'Maryland' are selected in object 'Object Repository/RAD_Pages/PaymentEntry_Page/select_State' 

2024-02-06 17:13:44 - [MESSAGE][PASSED] - All options with label 'Maryland' are selected in object 'Object Repository/RAD_Pages/PaymentEntry_Page/select_State' 

2024-02-06 17:13:44 - [TEST_STEP][PASSED] - setText(findTestObject(orPath_PaymentEntry + "/input__cardNumber"), "4111111111111111"): Text '4111111111111111' is set on object 'Object Repository/RAD_Pages/PaymentEntry_Page/input__cardNumber'

2024-02-06 17:13:44 - [MESSAGE][PASSED] - Text '4111111111111111' is set on object 'Object Repository/RAD_Pages/PaymentEntry_Page/input__cardNumber'

2024-02-06 17:13:44 - [TEST_STEP][PASSED] - setText(findTestObject(orPath_PaymentEntry + "/input__spc"), "123"): Text '123' is set on object 'Object Repository/RAD_Pages/PaymentEntry_Page/input__spc'

2024-02-06 17:13:45 - [MESSAGE][PASSED] - Text '123' is set on object 'Object Repository/RAD_Pages/PaymentEntry_Page/input__spc'

2024-02-06 17:13:45 - [TEST_STEP][PASSED] - selectOptionByLabel(findTestObject(orPath_PaymentEntry + "/select_MM"), "12", false): All options with label '12' are selected in object 'Object Repository/RAD_Pages/PaymentEntry_Page/select_MM' 

2024-02-06 17:13:46 - [MESSAGE][PASSED] - All options with label '12' are selected in object 'Object Repository/RAD_Pages/PaymentEntry_Page/select_MM' 

2024-02-06 17:13:46 - [TEST_STEP][PASSED] - selectOptionByLabel(findTestObject(orPath_PaymentEntry + "/select_YYYY"), "2028", false): All options with label '2028' are selected in object 'Object Repository/RAD_Pages/PaymentEntry_Page/select_YYYY' 

2024-02-06 17:13:46 - [MESSAGE][PASSED] - All options with label '2028' are selected in object 'Object Repository/RAD_Pages/PaymentEntry_Page/select_YYYY' 

2024-02-06 17:13:46 - [TEST_STEP][PASSED] - click(findTestObject(orPath_PaymentEntry + "/input_Field_ccSubmit")): Object: 'Object Repository/RAD_Pages/PaymentEntry_Page/input_Field_ccSubmit' is clicked on

2024-02-06 17:13:47 - [MESSAGE][PASSED] - Object: 'Object Repository/RAD_Pages/PaymentEntry_Page/input_Field_ccSubmit' is clicked on

2024-02-06 17:13:47 - [TEST_STEP][PASSED] - click(findTestObject(orPath_PaymentConfirmation + "/input_N_confirmNotifyAction")): Object: 'Object Repository/RAD_Pages/PaymentConfirmation_Page/input_N_confirmNotifyAction' is clicked on

2024-02-06 17:13:48 - [MESSAGE][PASSED] - Object: 'Object Repository/RAD_Pages/PaymentConfirmation_Page/input_N_confirmNotifyAction' is clicked on

2024-02-06 17:13:48 - [TEST_STEP][PASSED] - verifyTextPresent("Service Fee Acceptance", true): Text 'Service Fee Acceptance' is present on page  using regular expression

2024-02-06 17:13:49 - [MESSAGE][PASSED] - Text 'Service Fee Acceptance' is present on page  using regular expression

2024-02-06 17:13:49 - [TEST_STEP][PASSED] - verifyTextPresent("This transaction is subject to a Service Fee of ", true): Text 'This transaction is subject to a Service Fee of ' is present on page  using regular expression

2024-02-06 17:13:49 - [MESSAGE][PASSED] - Text 'This transaction is subject to a Service Fee of ' is present on page  using regular expression

2024-02-06 17:13:49 - [TEST_STEP][PASSED] - verifyTextPresent("Payment Amount:", true): Text 'Payment Amount:' is present on page  using regular expression

2024-02-06 17:13:50 - [MESSAGE][PASSED] - Text 'Payment Amount:' is present on page  using regular expression

2024-02-06 17:13:50 - [TEST_STEP][PASSED] - verifyTextPresent("100.00", true): Text '100.00' is present on page  using regular expression

2024-02-06 17:13:50 - [MESSAGE][PASSED] - Text '100.00' is present on page  using regular expression

2024-02-06 17:13:50 - [TEST_STEP][PASSED] - verifyTextPresent("Service Fee:", true): Text 'Service Fee:' is present on page  using regular expression

2024-02-06 17:13:50 - [MESSAGE][PASSED] - Text 'Service Fee:' is present on page  using regular expression

2024-02-06 17:13:50 - [TEST_STEP][PASSED] - verifyTextPresent("2.45", true): Text '2.45' is present on page  using regular expression

2024-02-06 17:13:50 - [MESSAGE][PASSED] - Text '2.45' is present on page  using regular expression

2024-02-06 17:13:50 - [TEST_STEP][PASSED] - verifyTextPresent("Total Amount:", true): Text 'Total Amount:' is present on page  using regular expression

2024-02-06 17:13:51 - [MESSAGE][PASSED] - Text 'Total Amount:' is present on page  using regular expression

2024-02-06 17:13:51 - [TEST_STEP][PASSED] - verifyTextPresent("102.45", true): Text '102.45' is present on page  using regular expression

2024-02-06 17:13:51 - [MESSAGE][PASSED] - Text '102.45' is present on page  using regular expression

2024-02-06 17:13:51 - [TEST_STEP][PASSED] - verifyTextPresent("Two transactions will appear on your bank statement, one in the amount of", true): Text 'Two transactions will appear on your bank statement, one in the amount of' is present on page  using regular expression

2024-02-06 17:13:51 - [MESSAGE][PASSED] - Text 'Two transactions will appear on your bank statement, one in the amount of' is present on page  using regular expression

2024-02-06 17:13:51 - [TEST_STEP][PASSED] - if (verifyElementPresent(findTestObject(orPath_ServiceFeesAccept + "/input_convFeeNotifyAction"), 30)): null

2024-02-06 17:13:52 - [MESSAGE][PASSED] - Object 'Object Repository/RAD_Pages/ServiceFeeAccept_Page/input_convFeeNotifyAction' is present

2024-02-06 17:13:52 - [TEST_STEP][PASSED] - resText = "Pass": null

2024-02-06 17:13:52 - [TEST_STEP][PASSED] - pages.WriteExcel.demoKey(resText, datText, resColumn, datCloumn, fileLoc, nameSheet, row): pages.WriteExcel.demoKey is PASSED

2024-02-06 17:13:52 - [MESSAGE][PASSED] - pages.WriteExcel.demoKey is PASSED

2024-02-06 17:13:52 - [TEST_STEP][PASSED] - if (execProfile == "QAProfile" || execProfile == "QA2Profile"): Text 'Successful Payment Receipt' is present on page  using regular expression

2024-02-06 17:13:52 - [TEST_STEP][PASSED] - click(findTestObject(orPath_ServiceFeesAccept + "/input_convFeeNotifyAction")): Object: 'Object Repository/RAD_Pages/ServiceFeeAccept_Page/input_convFeeNotifyAction' is clicked on

2024-02-06 17:13:53 - [MESSAGE][PASSED] - Object: 'Object Repository/RAD_Pages/ServiceFeeAccept_Page/input_convFeeNotifyAction' is clicked on

2024-02-06 17:13:53 - [TEST_STEP][PASSED] - delay(10): Delayed 10 second(s)

2024-02-06 17:14:03 - [MESSAGE][PASSED] - Delayed 10 second(s)

2024-02-06 17:14:03 - [TEST_STEP][PASSED] - verifyTextPresent("Successful Payment Receipt", true): Text 'Successful Payment Receipt' is present on page  using regular expression

2024-02-06 17:14:03 - [MESSAGE][PASSED] - Text 'Successful Payment Receipt' is present on page  using regular expression

2024-02-06 17:14:03 - [TEST_STEP][PASSED] - ExecuteTC = findTestData(dataFile).getValue("Execute", row): null

2024-02-06 17:14:03 - [TEST_STEP][PASSED] - TaxType = findTestData(dataFile).getValue("TaxType", row): null

2024-02-06 17:14:03 - [TEST_STEP][PASSED] - PaymentType = findTestData(dataFile).getValue("PaymentType", row): null

2024-02-06 17:14:03 - [TEST_STEP][PASSED] - FilingYear = findTestData(dataFile).getValue("Year", row): null

2024-02-06 17:14:03 - [TEST_STEP][PASSED] - feinSSN = findTestData(dataFile).getValue("FeinSsn", row): null

2024-02-06 17:14:03 - [TEST_STEP][PASSED] - if (ExecuteTC.equalsIgnoreCase("Y")): null

2024-02-06 17:14:03 - [TEST_STEP][PASSED] - out.println("Begin Record Number: " + row): null

2024-02-06 17:14:03 - [TEST_STEP][PASSED] - today = new java.util.Date(): null

2024-02-06 17:14:03 - [TEST_STEP][PASSED] - println(today): null

2024-02-06 17:14:03 - [TEST_STEP][PASSED] - datText = today: null

2024-02-06 17:14:03 - [TEST_STEP][PASSED] - logInfo("Payment Type: New Tax Return Amount Due"): Payment Type: New Tax Return Amount Due

2024-02-06 17:14:03 - [MESSAGE][INFO] - Payment Type: New Tax Return Amount Due

2024-02-06 17:14:03 - [TEST_STEP][PASSED] - logInfo("Tax Type: " + TaxType): Tax Type: Unclaimed Property

2024-02-06 17:14:03 - [MESSAGE][INFO] - Tax Type: Unclaimed Property

2024-02-06 17:14:03 - [TEST_STEP][PASSED] - openBrowser(""): Browser is opened with url: ''

2024-02-06 17:14:03 - [MESSAGE][WARNING] - A browser is already opened. Closing browser and opening a new one

2024-02-06 17:14:04 - [MESSAGE][INFO] - Starting 'Chrome' driver

2024-02-06 17:14:04 - [MESSAGE][INFO] - User set preference: ['acceptInsecureCerts', 'true']

2024-02-06 17:14:04 - [MESSAGE][INFO] - Action delay is set to 0 milliseconds

2024-02-06 17:14:06 - [MESSAGE][PASSED] - Browser is opened with url: ''

2024-02-06 17:14:06 - [TEST_STEP][PASSED] - maximizeWindow(): Current window maximized

2024-02-06 17:14:06 - [MESSAGE][PASSED] - Current window maximized

2024-02-06 17:14:06 - [TEST_STEP][PASSED] - navigateToUrl(RADurl): Navigate to 'https://qa2.velocitypayment.com/client/rad/index.html' successfully

2024-02-06 17:14:08 - [MESSAGE][PASSED] - Navigate to 'https://qa2.velocitypayment.com/client/rad/index.html' successfully

2024-02-06 17:14:08 - [TEST_STEP][PASSED] - selectOptionByLabel(findTestObject(orPath_Landing + "/dd_TaxType"), "New Tax Return Amount Due", false): All options with label 'New Tax Return Amount Due' are selected in object 'Object Repository/RAD_Pages/Landing_Page/dd_TaxType' 

2024-02-06 17:14:08 - [MESSAGE][PASSED] - All options with label 'New Tax Return Amount Due' are selected in object 'Object Repository/RAD_Pages/Landing_Page/dd_TaxType' 

2024-02-06 17:14:08 - [TEST_STEP][PASSED] - selectOptionByLabel(findTestObject("Object Repository/RAD_Pages/Landing_Page/select_NewTaxReturnAmountDue_TaxType"), TaxType, false): All options with label 'Unclaimed Property' are selected in object 'Object Repository/RAD_Pages/Landing_Page/select_NewTaxReturnAmountDue_TaxType' 

2024-02-06 17:14:09 - [MESSAGE][PASSED] - All options with label 'Unclaimed Property' are selected in object 'Object Repository/RAD_Pages/Landing_Page/select_NewTaxReturnAmountDue_TaxType' 

2024-02-06 17:14:09 - [TEST_STEP][PASSED] - selectOptionByLabel(findTestObject(orPath_TaxTypeFilingYear + "/select_FilingYear"), FilingYear, false): All options with label '2022' are selected in object 'Object Repository/RAD_Pages/TaxTypeFilingYear_Page/select_FilingYear' 

2024-02-06 17:14:10 - [MESSAGE][PASSED] - All options with label '2022' are selected in object 'Object Repository/RAD_Pages/TaxTypeFilingYear_Page/select_FilingYear' 

2024-02-06 17:14:10 - [TEST_STEP][PASSED] - rad.getSetDataRAD.setDataRADBusinessName(): rad.getSetDataRAD.setDataRADBusinessName is PASSED

2024-02-06 17:14:11 - [MESSAGE][PASSED] - Text 'My Company' is set on object 'Object Repository/RAD_Pages/Taxpayer_Page/input_businessName'

2024-02-06 17:14:11 - [MESSAGE][PASSED] - rad.getSetDataRAD.setDataRADBusinessName is PASSED

2024-02-06 17:14:11 - [TEST_STEP][PASSED] - rad.getSetDataRAD.setDataRADBusinessRep(): rad.getSetDataRAD.setDataRADBusinessRep is PASSED

2024-02-06 17:14:12 - [MESSAGE][PASSED] - Text 'BusRepFname' is set on object 'Object Repository/RAD_Pages/Taxpayer_Page/input_BusinessRepfirstName'

2024-02-06 17:14:12 - [MESSAGE][PASSED] - Text '' is set on object 'Object Repository/RAD_Pages/Taxpayer_Page/input_BusinessRepmiddleName'

2024-02-06 17:14:13 - [MESSAGE][PASSED] - Text 'BusRepLname' is set on object 'Object Repository/RAD_Pages/Taxpayer_Page/input_BusinessReplastName'

2024-02-06 17:14:14 - [MESSAGE][PASSED] - Text '' is set on object 'Object Repository/RAD_Pages/Taxpayer_Page/input_BusinessRepsuffix'

2024-02-06 17:14:14 - [MESSAGE][PASSED] - rad.getSetDataRAD.setDataRADBusinessRep is PASSED

2024-02-06 17:14:14 - [TEST_STEP][PASSED] - rad.getSetDataRAD.setDataRADAddress(): rad.getSetDataRAD.setDataRADAddress is PASSED

2024-02-06 17:14:15 - [MESSAGE][PASSED] - All options with label 'United States' are selected in object 'Object Repository/RAD_Pages/AddressAndContactInfo_Page/select_Country' 

2024-02-06 17:14:15 - [MESSAGE][PASSED] - Text '2508 Mandan Terrace' is set on object 'Object Repository/RAD_Pages/AddressAndContactInfo_Page/input_streetAddress1'

2024-02-06 17:14:16 - [MESSAGE][PASSED] - Text '' is set on object 'Object Repository/RAD_Pages/AddressAndContactInfo_Page/input_streetAddress2'

2024-02-06 17:14:17 - [MESSAGE][PASSED] - Text 'Gambrills' is set on object 'Object Repository/RAD_Pages/AddressAndContactInfo_Page/input_city'

2024-02-06 17:14:18 - [MESSAGE][PASSED] - All options with label 'Maryland' are selected in object 'Object Repository/RAD_Pages/AddressAndContactInfo_Page/select_State' 

2024-02-06 17:14:18 - [MESSAGE][PASSED] - Text '21054' is set on object 'Object Repository/RAD_Pages/AddressAndContactInfo_Page/input_zipCode'

2024-02-06 17:14:19 - [MESSAGE][PASSED] - Text '(703) 894-5000' is set on object 'Object Repository/RAD_Pages/AddressAndContactInfo_Page/input_phoneNumber'

2024-02-06 17:14:20 - [MESSAGE][PASSED] - Text 'iahmed@govolution.com' is set on object 'Object Repository/RAD_Pages/AddressAndContactInfo_Page/input_eMailAddress'

2024-02-06 17:14:21 - [MESSAGE][PASSED] - Text 'iahmed@govolution.com' is set on object 'Object Repository/RAD_Pages/AddressAndContactInfo_Page/input_reEnterEMailAddress'

2024-02-06 17:14:21 - [MESSAGE][PASSED] - rad.getSetDataRAD.setDataRADAddress is PASSED

2024-02-06 17:14:21 - [TEST_STEP][PASSED] - if (feinSSN.equalsIgnoreCase("Y")): null

2024-02-06 17:14:21 - [TEST_STEP][PASSED] - else: rad.getSetDataRAD.setDataRADFEIN is PASSED

2024-02-06 17:14:21 - [TEST_STEP][PASSED] - if (!(TaxType.equalsIgnoreCase("Estate Tax"))): rad.getSetDataRAD.setDataRADFEIN is PASSED

2024-02-06 17:14:21 - [TEST_STEP][PASSED] - rad.getSetDataRAD.setDataRADFEIN(): rad.getSetDataRAD.setDataRADFEIN is PASSED

2024-02-06 17:14:22 - [MESSAGE][PASSED] - Text ****** has been set on object 'Object Repository/RAD_Pages/TaxInfo_Page/input_FederalEIN'

2024-02-06 17:14:22 - [MESSAGE][PASSED] - Text ****** has been set on object 'Object Repository/RAD_Pages/TaxInfo_Page/input_FederalEIN_ReEnter'

2024-02-06 17:14:22 - [MESSAGE][PASSED] - rad.getSetDataRAD.setDataRADFEIN is PASSED

2024-02-06 17:14:22 - [TEST_STEP][PASSED] - if (TaxType.equalsIgnoreCase("Estate Tax")): null

2024-02-06 17:14:22 - [TEST_STEP][PASSED] - setText(findTestObject(orPath_Amount + "/input__paymentAmount"), "100.00"): Text '100.00' is set on object 'Object Repository/RAD_Pages/PaymentAmount_Page/input__paymentAmount'

2024-02-06 17:14:23 - [MESSAGE][PASSED] - Text '100.00' is set on object 'Object Repository/RAD_Pages/PaymentAmount_Page/input__paymentAmount'

2024-02-06 17:14:23 - [TEST_STEP][PASSED] - setText(findTestObject(orPath_AddressContact + "/input_streetAddress2"), ""): Text '' is set on object 'Object Repository/RAD_Pages/AddressAndContactInfo_Page/input_streetAddress2'

2024-02-06 17:14:24 - [MESSAGE][PASSED] - Text '' is set on object 'Object Repository/RAD_Pages/AddressAndContactInfo_Page/input_streetAddress2'

2024-02-06 17:14:24 - [TEST_STEP][PASSED] - scrollToElement(findTestObject(orPath_Landing + "/button_Continue"), 3): Scroll to object 'Object Repository/RAD_Pages/Landing_Page/button_Continue' successfully

2024-02-06 17:14:24 - [MESSAGE][PASSED] - Scroll to object 'Object Repository/RAD_Pages/Landing_Page/button_Continue' successfully

2024-02-06 17:14:24 - [TEST_STEP][PASSED] - waitForElementClickable(findTestObject(orPath_Landing + "/button_Continue"), 5): Object 'Object Repository/RAD_Pages/Landing_Page/button_Continue' is clickable

2024-02-06 17:14:25 - [MESSAGE][PASSED] - Object 'Object Repository/RAD_Pages/Landing_Page/button_Continue' is clickable

2024-02-06 17:14:25 - [TEST_STEP][PASSED] - click(findTestObject(orPath_Landing + "/button_Continue")): Object: 'Object Repository/RAD_Pages/Landing_Page/button_Continue' is clicked on

2024-02-06 17:14:25 - [MESSAGE][PASSED] - Object: 'Object Repository/RAD_Pages/Landing_Page/button_Continue' is clicked on

2024-02-06 17:14:25 - [TEST_STEP][PASSED] - delay(2): Delayed 2 second(s)

2024-02-06 17:14:27 - [MESSAGE][PASSED] - Delayed 2 second(s)

2024-02-06 17:14:27 - [TEST_STEP][PASSED] - click(findTestObject(orPath_Summary + "/button_Proceed to Payment")): Object: 'Object Repository/RAD_Pages/Summary_Page/button_Proceed to Payment' is clicked on

2024-02-06 17:14:28 - [MESSAGE][PASSED] - Object: 'Object Repository/RAD_Pages/Summary_Page/button_Proceed to Payment' is clicked on

2024-02-06 17:14:28 - [TEST_STEP][PASSED] - if (verifyElementPresent(findTestObject("Object Repository/RAD_Pages/PaymentEntry_Page/input__billingName"), 30)): null

2024-02-06 17:14:29 - [MESSAGE][PASSED] - Object 'Object Repository/RAD_Pages/PaymentEntry_Page/input__billingName' is present

2024-02-06 17:14:29 - [TEST_STEP][PASSED] - verifyTextPresent("Comptroller of Maryland", true): Text 'Comptroller of Maryland' is present on page  using regular expression

2024-02-06 17:14:29 - [MESSAGE][PASSED] - Text 'Comptroller of Maryland' is present on page  using regular expression

2024-02-06 17:14:29 - [TEST_STEP][PASSED] - verifyTextPresent("Revenue Administration Division", true): Text 'Revenue Administration Division' is present on page  using regular expression

2024-02-06 17:14:30 - [MESSAGE][PASSED] - Text 'Revenue Administration Division' is present on page  using regular expression

2024-02-06 17:14:30 - [TEST_STEP][PASSED] - verifyTextPresent("Payment Information", true): Text 'Payment Information' is present on page  using regular expression

2024-02-06 17:14:30 - [MESSAGE][PASSED] - Text 'Payment Information' is present on page  using regular expression

2024-02-06 17:14:30 - [TEST_STEP][PASSED] - card_Name = getAttribute(findTestObject("Object Repository/RAD_Pages/PaymentEntry_Page/input__billingName"), "value"): Attribute 'value' of object 'Object Repository/RAD_Pages/PaymentEntry_Page/input__billingName' is: 'BusRepFname BusRepLname'

2024-02-06 17:14:30 - [MESSAGE][PASSED] - Attribute 'value' of object 'Object Repository/RAD_Pages/PaymentEntry_Page/input__billingName' is: 'BusRepFname BusRepLname'

2024-02-06 17:14:30 - [TEST_STEP][PASSED] - verifyMatch("BusRepFname BusRepLname", card_Name, false): Actual text 'BusRepFname BusRepLname' and expected text 'BusRepFname BusRepLname' are matched 

2024-02-06 17:14:30 - [MESSAGE][PASSED] - Actual text 'BusRepFname BusRepLname' and expected text 'BusRepFname BusRepLname' are matched 

2024-02-06 17:14:30 - [TEST_STEP][PASSED] - AL1 = getAttribute(findTestObject("Object Repository/RAD_Pages/PaymentEntry_Page/input_billingAddress"), "value"): Attribute 'value' of object 'Object Repository/RAD_Pages/PaymentEntry_Page/input_billingAddress' is: '2508 Mandan Terrace'

2024-02-06 17:14:31 - [MESSAGE][PASSED] - Attribute 'value' of object 'Object Repository/RAD_Pages/PaymentEntry_Page/input_billingAddress' is: '2508 Mandan Terrace'

2024-02-06 17:14:31 - [TEST_STEP][PASSED] - verifyMatch("2508 Mandan Terrace", AL1, false): Actual text '2508 Mandan Terrace' and expected text '2508 Mandan Terrace' are matched 

2024-02-06 17:14:31 - [MESSAGE][PASSED] - Actual text '2508 Mandan Terrace' and expected text '2508 Mandan Terrace' are matched 

2024-02-06 17:14:31 - [TEST_STEP][PASSED] - AL2 = getAttribute(findTestObject("Object Repository/RAD_Pages/PaymentEntry_Page/input_billingAddress2"), "value"): Attribute 'value' of object 'Object Repository/RAD_Pages/PaymentEntry_Page/input_billingAddress2' is: ''

2024-02-06 17:14:31 - [MESSAGE][PASSED] - Attribute 'value' of object 'Object Repository/RAD_Pages/PaymentEntry_Page/input_billingAddress2' is: ''

2024-02-06 17:14:31 - [TEST_STEP][PASSED] - verifyMatch("", AL2, false): Actual text '' and expected text '' are matched 

2024-02-06 17:14:31 - [MESSAGE][PASSED] - Actual text '' and expected text '' are matched 

2024-02-06 17:14:31 - [TEST_STEP][PASSED] - zipCode = getAttribute(findTestObject("Object Repository/RAD_Pages/PaymentEntry_Page/input_billingZip"), "value"): Attribute 'value' of object 'Object Repository/RAD_Pages/PaymentEntry_Page/input_billingZip' is: '21054'

2024-02-06 17:14:31 - [MESSAGE][PASSED] - Attribute 'value' of object 'Object Repository/RAD_Pages/PaymentEntry_Page/input_billingZip' is: '21054'

2024-02-06 17:14:31 - [TEST_STEP][PASSED] - verifyMatch("21054", zipCode, false): Actual text '21054' and expected text '21054' are matched 

2024-02-06 17:14:31 - [MESSAGE][PASSED] - Actual text '21054' and expected text '21054' are matched 

2024-02-06 17:14:31 - [TEST_STEP][PASSED] - city = getAttribute(findTestObject("Object Repository/RAD_Pages/PaymentEntry_Page/input_billingCity"), "value"): Attribute 'value' of object 'Object Repository/RAD_Pages/PaymentEntry_Page/input_billingCity' is: 'GAMBRILLS'

2024-02-06 17:14:32 - [MESSAGE][PASSED] - Attribute 'value' of object 'Object Repository/RAD_Pages/PaymentEntry_Page/input_billingCity' is: 'GAMBRILLS'

2024-02-06 17:14:32 - [TEST_STEP][PASSED] - verifyMatch("GAMBRILLS", city, false): Actual text 'GAMBRILLS' and expected text 'GAMBRILLS' are matched 

2024-02-06 17:14:32 - [MESSAGE][PASSED] - Actual text 'GAMBRILLS' and expected text 'GAMBRILLS' are matched 

2024-02-06 17:14:32 - [TEST_STEP][PASSED] - email = getAttribute(findTestObject("Object Repository/RAD_Pages/PaymentEntry_Page/input_emailAddress"), "value"): Attribute 'value' of object 'Object Repository/RAD_Pages/PaymentEntry_Page/input_emailAddress' is: 'iahmed@govolution.com'

2024-02-06 17:14:32 - [MESSAGE][PASSED] - Attribute 'value' of object 'Object Repository/RAD_Pages/PaymentEntry_Page/input_emailAddress' is: 'iahmed@govolution.com'

2024-02-06 17:14:32 - [TEST_STEP][PASSED] - verifyMatch("iahmed@govolution.com", email, false): Actual text 'iahmed@govolution.com' and expected text 'iahmed@govolution.com' are matched 

2024-02-06 17:14:32 - [MESSAGE][PASSED] - Actual text 'iahmed@govolution.com' and expected text 'iahmed@govolution.com' are matched 

2024-02-06 17:14:32 - [TEST_STEP][PASSED] - amount = getAttribute(findTestObject("Object Repository/RAD_Pages/PaymentEntry_Page/input_amount"), "value"): Attribute 'value' of object 'Object Repository/RAD_Pages/PaymentEntry_Page/input_amount' is: '100.00'

2024-02-06 17:14:32 - [MESSAGE][PASSED] - Attribute 'value' of object 'Object Repository/RAD_Pages/PaymentEntry_Page/input_amount' is: '100.00'

2024-02-06 17:14:32 - [TEST_STEP][PASSED] - verifyMatch("100.00", amount, false): Actual text '100.00' and expected text '100.00' are matched 

2024-02-06 17:14:32 - [MESSAGE][PASSED] - Actual text '100.00' and expected text '100.00' are matched 

2024-02-06 17:14:32 - [TEST_STEP][PASSED] - amountReadOnly = getAttribute(findTestObject("Object Repository/RAD_Pages/PaymentEntry_Page/input_amount"), "readonly"): Attribute 'readonly' of object 'Object Repository/RAD_Pages/PaymentEntry_Page/input_amount' is: 'true'

2024-02-06 17:14:33 - [MESSAGE][PASSED] - Attribute 'readonly' of object 'Object Repository/RAD_Pages/PaymentEntry_Page/input_amount' is: 'true'

2024-02-06 17:14:33 - [TEST_STEP][PASSED] - verifyMatch("true", amountReadOnly, false): Actual text 'true' and expected text 'true' are matched 

2024-02-06 17:14:33 - [MESSAGE][PASSED] - Actual text 'true' and expected text 'true' are matched 

2024-02-06 17:14:33 - [TEST_STEP][PASSED] - verifyOptionSelectedByLabel(findTestObject("Object Repository/RAD_Pages/PaymentEntry_Page/select_Country"), "United States", false, 20): All options with label 'United States' are selected in object 'Object Repository/RAD_Pages/PaymentEntry_Page/select_Country' 

2024-02-06 17:14:34 - [MESSAGE][PASSED] - All options with label 'United States' are selected in object 'Object Repository/RAD_Pages/PaymentEntry_Page/select_Country' 

2024-02-06 17:14:34 - [TEST_STEP][PASSED] - verifyOptionSelectedByLabel(findTestObject("Object Repository/RAD_Pages/PaymentEntry_Page/select_State"), "Maryland", false, 20): All options with label 'Maryland' are selected in object 'Object Repository/RAD_Pages/PaymentEntry_Page/select_State' 

2024-02-06 17:14:37 - [MESSAGE][PASSED] - All options with label 'Maryland' are selected in object 'Object Repository/RAD_Pages/PaymentEntry_Page/select_State' 

2024-02-06 17:14:37 - [TEST_STEP][PASSED] - setText(findTestObject(orPath_PaymentEntry + "/input__cardNumber"), "4111111111111111"): Text '4111111111111111' is set on object 'Object Repository/RAD_Pages/PaymentEntry_Page/input__cardNumber'

2024-02-06 17:14:37 - [MESSAGE][PASSED] - Text '4111111111111111' is set on object 'Object Repository/RAD_Pages/PaymentEntry_Page/input__cardNumber'

2024-02-06 17:14:37 - [TEST_STEP][PASSED] - setText(findTestObject(orPath_PaymentEntry + "/input__spc"), "123"): Text '123' is set on object 'Object Repository/RAD_Pages/PaymentEntry_Page/input__spc'

2024-02-06 17:14:38 - [MESSAGE][PASSED] - Text '123' is set on object 'Object Repository/RAD_Pages/PaymentEntry_Page/input__spc'

2024-02-06 17:14:38 - [TEST_STEP][PASSED] - selectOptionByLabel(findTestObject(orPath_PaymentEntry + "/select_MM"), "12", false): All options with label '12' are selected in object 'Object Repository/RAD_Pages/PaymentEntry_Page/select_MM' 

2024-02-06 17:14:39 - [MESSAGE][PASSED] - All options with label '12' are selected in object 'Object Repository/RAD_Pages/PaymentEntry_Page/select_MM' 

2024-02-06 17:14:39 - [TEST_STEP][PASSED] - selectOptionByLabel(findTestObject(orPath_PaymentEntry + "/select_YYYY"), "2028", false): All options with label '2028' are selected in object 'Object Repository/RAD_Pages/PaymentEntry_Page/select_YYYY' 

2024-02-06 17:14:39 - [MESSAGE][PASSED] - All options with label '2028' are selected in object 'Object Repository/RAD_Pages/PaymentEntry_Page/select_YYYY' 

2024-02-06 17:14:39 - [TEST_STEP][PASSED] - click(findTestObject(orPath_PaymentEntry + "/input_Field_ccSubmit")): Object: 'Object Repository/RAD_Pages/PaymentEntry_Page/input_Field_ccSubmit' is clicked on

2024-02-06 17:14:40 - [MESSAGE][PASSED] - Object: 'Object Repository/RAD_Pages/PaymentEntry_Page/input_Field_ccSubmit' is clicked on

2024-02-06 17:14:40 - [TEST_STEP][PASSED] - click(findTestObject(orPath_PaymentConfirmation + "/input_N_confirmNotifyAction")): Object: 'Object Repository/RAD_Pages/PaymentConfirmation_Page/input_N_confirmNotifyAction' is clicked on

2024-02-06 17:14:41 - [MESSAGE][PASSED] - Object: 'Object Repository/RAD_Pages/PaymentConfirmation_Page/input_N_confirmNotifyAction' is clicked on

2024-02-06 17:14:41 - [TEST_STEP][PASSED] - verifyTextPresent("Service Fee Acceptance", true): Text 'Service Fee Acceptance' is present on page  using regular expression

2024-02-06 17:14:42 - [MESSAGE][PASSED] - Text 'Service Fee Acceptance' is present on page  using regular expression

2024-02-06 17:14:42 - [TEST_STEP][PASSED] - verifyTextPresent("This transaction is subject to a Service Fee of ", true): Text 'This transaction is subject to a Service Fee of ' is present on page  using regular expression

2024-02-06 17:14:42 - [MESSAGE][PASSED] - Text 'This transaction is subject to a Service Fee of ' is present on page  using regular expression

2024-02-06 17:14:42 - [TEST_STEP][PASSED] - verifyTextPresent("Payment Amount:", true): Text 'Payment Amount:' is present on page  using regular expression

2024-02-06 17:14:42 - [MESSAGE][PASSED] - Text 'Payment Amount:' is present on page  using regular expression

2024-02-06 17:14:42 - [TEST_STEP][PASSED] - verifyTextPresent("100.00", true): Text '100.00' is present on page  using regular expression

2024-02-06 17:14:42 - [MESSAGE][PASSED] - Text '100.00' is present on page  using regular expression

2024-02-06 17:14:42 - [TEST_STEP][PASSED] - verifyTextPresent("Service Fee:", true): Text 'Service Fee:' is present on page  using regular expression

2024-02-06 17:14:43 - [MESSAGE][PASSED] - Text 'Service Fee:' is present on page  using regular expression

2024-02-06 17:14:43 - [TEST_STEP][PASSED] - verifyTextPresent("2.45", true): Text '2.45' is present on page  using regular expression

2024-02-06 17:14:43 - [MESSAGE][PASSED] - Text '2.45' is present on page  using regular expression

2024-02-06 17:14:43 - [TEST_STEP][PASSED] - verifyTextPresent("Total Amount:", true): Text 'Total Amount:' is present on page  using regular expression

2024-02-06 17:14:43 - [MESSAGE][PASSED] - Text 'Total Amount:' is present on page  using regular expression

2024-02-06 17:14:43 - [TEST_STEP][PASSED] - verifyTextPresent("102.45", true): Text '102.45' is present on page  using regular expression

2024-02-06 17:14:44 - [MESSAGE][PASSED] - Text '102.45' is present on page  using regular expression

2024-02-06 17:14:44 - [TEST_STEP][PASSED] - verifyTextPresent("Two transactions will appear on your bank statement, one in the amount of", true): Text 'Two transactions will appear on your bank statement, one in the amount of' is present on page  using regular expression

2024-02-06 17:14:44 - [MESSAGE][PASSED] - Text 'Two transactions will appear on your bank statement, one in the amount of' is present on page  using regular expression

2024-02-06 17:14:44 - [TEST_STEP][PASSED] - if (verifyElementPresent(findTestObject(orPath_ServiceFeesAccept + "/input_convFeeNotifyAction"), 30)): null

2024-02-06 17:14:44 - [MESSAGE][PASSED] - Object 'Object Repository/RAD_Pages/ServiceFeeAccept_Page/input_convFeeNotifyAction' is present

2024-02-06 17:14:44 - [TEST_STEP][PASSED] - resText = "Pass": null

2024-02-06 17:14:44 - [TEST_STEP][PASSED] - pages.WriteExcel.demoKey(resText, datText, resColumn, datCloumn, fileLoc, nameSheet, row): pages.WriteExcel.demoKey is PASSED

2024-02-06 17:14:44 - [MESSAGE][PASSED] - pages.WriteExcel.demoKey is PASSED

2024-02-06 17:14:44 - [TEST_STEP][PASSED] - if (execProfile == "QAProfile" || execProfile == "QA2Profile"): Text 'Successful Payment Receipt' is present on page  using regular expression

2024-02-06 17:14:44 - [TEST_STEP][PASSED] - click(findTestObject(orPath_ServiceFeesAccept + "/input_convFeeNotifyAction")): Object: 'Object Repository/RAD_Pages/ServiceFeeAccept_Page/input_convFeeNotifyAction' is clicked on

2024-02-06 17:14:45 - [MESSAGE][PASSED] - Object: 'Object Repository/RAD_Pages/ServiceFeeAccept_Page/input_convFeeNotifyAction' is clicked on

2024-02-06 17:14:45 - [TEST_STEP][PASSED] - delay(10): Delayed 10 second(s)

2024-02-06 17:14:55 - [MESSAGE][PASSED] - Delayed 10 second(s)

2024-02-06 17:14:55 - [TEST_STEP][PASSED] - verifyTextPresent("Successful Payment Receipt", true): Text 'Successful Payment Receipt' is present on page  using regular expression

2024-02-06 17:14:56 - [MESSAGE][PASSED] - Text 'Successful Payment Receipt' is present on page  using regular expression

2024-02-06 17:14:56 - [TEST_STEP][PASSED] - ExecuteTC = findTestData(dataFile).getValue("Execute", row): null

2024-02-06 17:14:56 - [TEST_STEP][PASSED] - TaxType = findTestData(dataFile).getValue("TaxType", row): null

2024-02-06 17:14:56 - [TEST_STEP][PASSED] - PaymentType = findTestData(dataFile).getValue("PaymentType", row): null

2024-02-06 17:14:56 - [TEST_STEP][PASSED] - FilingYear = findTestData(dataFile).getValue("Year", row): null

2024-02-06 17:14:56 - [TEST_STEP][PASSED] - feinSSN = findTestData(dataFile).getValue("FeinSsn", row): null

2024-02-06 17:14:56 - [TEST_STEP][PASSED] - if (ExecuteTC.equalsIgnoreCase("Y")): null

2024-02-06 17:14:56 - [TEST_STEP][PASSED] - out.println("Begin Record Number: " + row): null

2024-02-06 17:14:56 - [TEST_STEP][PASSED] - today = new java.util.Date(): null

2024-02-06 17:14:56 - [TEST_STEP][PASSED] - println(today): null

2024-02-06 17:14:56 - [TEST_STEP][PASSED] - datText = today: null

2024-02-06 17:14:56 - [TEST_STEP][PASSED] - logInfo("Payment Type: New Tax Return Amount Due"): Payment Type: New Tax Return Amount Due

2024-02-06 17:14:56 - [MESSAGE][INFO] - Payment Type: New Tax Return Amount Due

2024-02-06 17:14:56 - [TEST_STEP][PASSED] - logInfo("Tax Type: " + TaxType): Tax Type: Withholding Tax

2024-02-06 17:14:56 - [MESSAGE][INFO] - Tax Type: Withholding Tax

2024-02-06 17:14:56 - [TEST_STEP][PASSED] - openBrowser(""): Browser is opened with url: ''

2024-02-06 17:14:56 - [MESSAGE][WARNING] - A browser is already opened. Closing browser and opening a new one

2024-02-06 17:14:57 - [MESSAGE][INFO] - Starting 'Chrome' driver

2024-02-06 17:14:57 - [MESSAGE][INFO] - User set preference: ['acceptInsecureCerts', 'true']

2024-02-06 17:14:57 - [MESSAGE][INFO] - Action delay is set to 0 milliseconds

2024-02-06 17:14:59 - [MESSAGE][PASSED] - Browser is opened with url: ''

2024-02-06 17:14:59 - [TEST_STEP][PASSED] - maximizeWindow(): Current window maximized

2024-02-06 17:14:59 - [MESSAGE][PASSED] - Current window maximized

2024-02-06 17:14:59 - [TEST_STEP][PASSED] - navigateToUrl(RADurl): Navigate to 'https://qa2.velocitypayment.com/client/rad/index.html' successfully

2024-02-06 17:14:59 - [MESSAGE][PASSED] - Navigate to 'https://qa2.velocitypayment.com/client/rad/index.html' successfully

2024-02-06 17:14:59 - [TEST_STEP][PASSED] - selectOptionByLabel(findTestObject(orPath_Landing + "/dd_TaxType"), "New Tax Return Amount Due", false): All options with label 'New Tax Return Amount Due' are selected in object 'Object Repository/RAD_Pages/Landing_Page/dd_TaxType' 

2024-02-06 17:15:01 - [MESSAGE][PASSED] - All options with label 'New Tax Return Amount Due' are selected in object 'Object Repository/RAD_Pages/Landing_Page/dd_TaxType' 

2024-02-06 17:15:01 - [TEST_STEP][PASSED] - selectOptionByLabel(findTestObject("Object Repository/RAD_Pages/Landing_Page/select_NewTaxReturnAmountDue_TaxType"), TaxType, false): All options with label 'Withholding Tax' are selected in object 'Object Repository/RAD_Pages/Landing_Page/select_NewTaxReturnAmountDue_TaxType' 

2024-02-06 17:15:02 - [MESSAGE][PASSED] - All options with label 'Withholding Tax' are selected in object 'Object Repository/RAD_Pages/Landing_Page/select_NewTaxReturnAmountDue_TaxType' 

2024-02-06 17:15:02 - [TEST_STEP][PASSED] - selectOptionByLabel(findTestObject(orPath_TaxTypeFilingYear + "/select_FilingYear"), FilingYear, false): All options with label '2022' are selected in object 'Object Repository/RAD_Pages/TaxTypeFilingYear_Page/select_FilingYear' 

2024-02-06 17:15:03 - [MESSAGE][PASSED] - All options with label '2022' are selected in object 'Object Repository/RAD_Pages/TaxTypeFilingYear_Page/select_FilingYear' 

2024-02-06 17:15:03 - [TEST_STEP][PASSED] - rad.getSetDataRAD.setDataRADBusinessName(): rad.getSetDataRAD.setDataRADBusinessName is PASSED

2024-02-06 17:15:04 - [MESSAGE][PASSED] - Text 'My Company' is set on object 'Object Repository/RAD_Pages/Taxpayer_Page/input_businessName'

2024-02-06 17:15:04 - [MESSAGE][PASSED] - rad.getSetDataRAD.setDataRADBusinessName is PASSED

2024-02-06 17:15:04 - [TEST_STEP][PASSED] - rad.getSetDataRAD.setDataRADBusinessRep(): rad.getSetDataRAD.setDataRADBusinessRep is PASSED

2024-02-06 17:15:04 - [MESSAGE][PASSED] - Text 'BusRepFname' is set on object 'Object Repository/RAD_Pages/Taxpayer_Page/input_BusinessRepfirstName'

2024-02-06 17:15:05 - [MESSAGE][PASSED] - Text '' is set on object 'Object Repository/RAD_Pages/Taxpayer_Page/input_BusinessRepmiddleName'

2024-02-06 17:15:06 - [MESSAGE][PASSED] - Text 'BusRepLname' is set on object 'Object Repository/RAD_Pages/Taxpayer_Page/input_BusinessReplastName'

2024-02-06 17:15:06 - [MESSAGE][PASSED] - Text '' is set on object 'Object Repository/RAD_Pages/Taxpayer_Page/input_BusinessRepsuffix'

2024-02-06 17:15:06 - [MESSAGE][PASSED] - rad.getSetDataRAD.setDataRADBusinessRep is PASSED

2024-02-06 17:15:06 - [TEST_STEP][PASSED] - rad.getSetDataRAD.setDataRADAddress(): rad.getSetDataRAD.setDataRADAddress is PASSED

2024-02-06 17:15:07 - [MESSAGE][PASSED] - All options with label 'United States' are selected in object 'Object Repository/RAD_Pages/AddressAndContactInfo_Page/select_Country' 

2024-02-06 17:15:08 - [MESSAGE][PASSED] - Text '2508 Mandan Terrace' is set on object 'Object Repository/RAD_Pages/AddressAndContactInfo_Page/input_streetAddress1'

2024-02-06 17:15:08 - [MESSAGE][PASSED] - Text '' is set on object 'Object Repository/RAD_Pages/AddressAndContactInfo_Page/input_streetAddress2'

2024-02-06 17:15:09 - [MESSAGE][PASSED] - Text 'Gambrills' is set on object 'Object Repository/RAD_Pages/AddressAndContactInfo_Page/input_city'

2024-02-06 17:15:10 - [MESSAGE][PASSED] - All options with label 'Maryland' are selected in object 'Object Repository/RAD_Pages/AddressAndContactInfo_Page/select_State' 

2024-02-06 17:15:11 - [MESSAGE][PASSED] - Text '21054' is set on object 'Object Repository/RAD_Pages/AddressAndContactInfo_Page/input_zipCode'

2024-02-06 17:15:12 - [MESSAGE][PASSED] - Text '(703) 894-5000' is set on object 'Object Repository/RAD_Pages/AddressAndContactInfo_Page/input_phoneNumber'

2024-02-06 17:15:12 - [MESSAGE][PASSED] - Text 'iahmed@govolution.com' is set on object 'Object Repository/RAD_Pages/AddressAndContactInfo_Page/input_eMailAddress'

2024-02-06 17:15:13 - [MESSAGE][PASSED] - Text 'iahmed@govolution.com' is set on object 'Object Repository/RAD_Pages/AddressAndContactInfo_Page/input_reEnterEMailAddress'

2024-02-06 17:15:13 - [MESSAGE][PASSED] - rad.getSetDataRAD.setDataRADAddress is PASSED

2024-02-06 17:15:13 - [TEST_STEP][PASSED] - if (feinSSN.equalsIgnoreCase("Y")): null

2024-02-06 17:15:13 - [TEST_STEP][PASSED] - else: rad.getSetDataRAD.setDataRADFEIN is PASSED

2024-02-06 17:15:13 - [TEST_STEP][PASSED] - if (!(TaxType.equalsIgnoreCase("Estate Tax"))): rad.getSetDataRAD.setDataRADFEIN is PASSED

2024-02-06 17:15:13 - [TEST_STEP][PASSED] - rad.getSetDataRAD.setDataRADFEIN(): rad.getSetDataRAD.setDataRADFEIN is PASSED

2024-02-06 17:15:14 - [MESSAGE][PASSED] - Text ****** has been set on object 'Object Repository/RAD_Pages/TaxInfo_Page/input_FederalEIN'

2024-02-06 17:15:15 - [MESSAGE][PASSED] - Text ****** has been set on object 'Object Repository/RAD_Pages/TaxInfo_Page/input_FederalEIN_ReEnter'

2024-02-06 17:15:15 - [MESSAGE][PASSED] - rad.getSetDataRAD.setDataRADFEIN is PASSED

2024-02-06 17:15:15 - [TEST_STEP][PASSED] - if (TaxType.equalsIgnoreCase("Estate Tax")): null

2024-02-06 17:15:15 - [TEST_STEP][PASSED] - setText(findTestObject(orPath_Amount + "/input__paymentAmount"), "100.00"): Text '100.00' is set on object 'Object Repository/RAD_Pages/PaymentAmount_Page/input__paymentAmount'

2024-02-06 17:15:15 - [MESSAGE][PASSED] - Text '100.00' is set on object 'Object Repository/RAD_Pages/PaymentAmount_Page/input__paymentAmount'

2024-02-06 17:15:15 - [TEST_STEP][PASSED] - setText(findTestObject(orPath_AddressContact + "/input_streetAddress2"), ""): Text '' is set on object 'Object Repository/RAD_Pages/AddressAndContactInfo_Page/input_streetAddress2'

2024-02-06 17:15:16 - [MESSAGE][PASSED] - Text '' is set on object 'Object Repository/RAD_Pages/AddressAndContactInfo_Page/input_streetAddress2'

2024-02-06 17:15:16 - [TEST_STEP][PASSED] - scrollToElement(findTestObject(orPath_Landing + "/button_Continue"), 3): Scroll to object 'Object Repository/RAD_Pages/Landing_Page/button_Continue' successfully

2024-02-06 17:15:17 - [MESSAGE][PASSED] - Scroll to object 'Object Repository/RAD_Pages/Landing_Page/button_Continue' successfully

2024-02-06 17:15:17 - [TEST_STEP][PASSED] - waitForElementClickable(findTestObject(orPath_Landing + "/button_Continue"), 5): Object 'Object Repository/RAD_Pages/Landing_Page/button_Continue' is clickable

2024-02-06 17:15:17 - [MESSAGE][PASSED] - Object 'Object Repository/RAD_Pages/Landing_Page/button_Continue' is clickable

2024-02-06 17:15:17 - [TEST_STEP][PASSED] - click(findTestObject(orPath_Landing + "/button_Continue")): Object: 'Object Repository/RAD_Pages/Landing_Page/button_Continue' is clicked on

2024-02-06 17:15:18 - [MESSAGE][PASSED] - Object: 'Object Repository/RAD_Pages/Landing_Page/button_Continue' is clicked on

2024-02-06 17:15:18 - [TEST_STEP][PASSED] - delay(2): Delayed 2 second(s)

2024-02-06 17:15:20 - [MESSAGE][PASSED] - Delayed 2 second(s)

2024-02-06 17:15:20 - [TEST_STEP][PASSED] - click(findTestObject(orPath_Summary + "/button_Proceed to Payment")): Object: 'Object Repository/RAD_Pages/Summary_Page/button_Proceed to Payment' is clicked on

2024-02-06 17:15:21 - [MESSAGE][PASSED] - Object: 'Object Repository/RAD_Pages/Summary_Page/button_Proceed to Payment' is clicked on

2024-02-06 17:15:21 - [TEST_STEP][PASSED] - if (verifyElementPresent(findTestObject("Object Repository/RAD_Pages/PaymentEntry_Page/input__billingName"), 30)): null

2024-02-06 17:15:22 - [MESSAGE][PASSED] - Object 'Object Repository/RAD_Pages/PaymentEntry_Page/input__billingName' is present

2024-02-06 17:15:22 - [TEST_STEP][PASSED] - verifyTextPresent("Comptroller of Maryland", true): Text 'Comptroller of Maryland' is present on page  using regular expression

2024-02-06 17:15:22 - [MESSAGE][PASSED] - Text 'Comptroller of Maryland' is present on page  using regular expression

2024-02-06 17:15:22 - [TEST_STEP][PASSED] - verifyTextPresent("Revenue Administration Division", true): Text 'Revenue Administration Division' is present on page  using regular expression

2024-02-06 17:15:22 - [MESSAGE][PASSED] - Text 'Revenue Administration Division' is present on page  using regular expression

2024-02-06 17:15:22 - [TEST_STEP][PASSED] - verifyTextPresent("Payment Information", true): Text 'Payment Information' is present on page  using regular expression

2024-02-06 17:15:23 - [MESSAGE][PASSED] - Text 'Payment Information' is present on page  using regular expression

2024-02-06 17:15:23 - [TEST_STEP][PASSED] - card_Name = getAttribute(findTestObject("Object Repository/RAD_Pages/PaymentEntry_Page/input__billingName"), "value"): Attribute 'value' of object 'Object Repository/RAD_Pages/PaymentEntry_Page/input__billingName' is: 'BusRepFname BusRepLname'

2024-02-06 17:15:23 - [MESSAGE][PASSED] - Attribute 'value' of object 'Object Repository/RAD_Pages/PaymentEntry_Page/input__billingName' is: 'BusRepFname BusRepLname'

2024-02-06 17:15:23 - [TEST_STEP][PASSED] - verifyMatch("BusRepFname BusRepLname", card_Name, false): Actual text 'BusRepFname BusRepLname' and expected text 'BusRepFname BusRepLname' are matched 

2024-02-06 17:15:23 - [MESSAGE][PASSED] - Actual text 'BusRepFname BusRepLname' and expected text 'BusRepFname BusRepLname' are matched 

2024-02-06 17:15:23 - [TEST_STEP][PASSED] - AL1 = getAttribute(findTestObject("Object Repository/RAD_Pages/PaymentEntry_Page/input_billingAddress"), "value"): Attribute 'value' of object 'Object Repository/RAD_Pages/PaymentEntry_Page/input_billingAddress' is: '2508 Mandan Terrace'

2024-02-06 17:15:23 - [MESSAGE][PASSED] - Attribute 'value' of object 'Object Repository/RAD_Pages/PaymentEntry_Page/input_billingAddress' is: '2508 Mandan Terrace'

2024-02-06 17:15:23 - [TEST_STEP][PASSED] - verifyMatch("2508 Mandan Terrace", AL1, false): Actual text '2508 Mandan Terrace' and expected text '2508 Mandan Terrace' are matched 

2024-02-06 17:15:23 - [MESSAGE][PASSED] - Actual text '2508 Mandan Terrace' and expected text '2508 Mandan Terrace' are matched 

2024-02-06 17:15:23 - [TEST_STEP][PASSED] - AL2 = getAttribute(findTestObject("Object Repository/RAD_Pages/PaymentEntry_Page/input_billingAddress2"), "value"): Attribute 'value' of object 'Object Repository/RAD_Pages/PaymentEntry_Page/input_billingAddress2' is: ''

2024-02-06 17:15:24 - [MESSAGE][PASSED] - Attribute 'value' of object 'Object Repository/RAD_Pages/PaymentEntry_Page/input_billingAddress2' is: ''

2024-02-06 17:15:24 - [TEST_STEP][PASSED] - verifyMatch("", AL2, false): Actual text '' and expected text '' are matched 

2024-02-06 17:15:24 - [MESSAGE][PASSED] - Actual text '' and expected text '' are matched 

2024-02-06 17:15:24 - [TEST_STEP][PASSED] - zipCode = getAttribute(findTestObject("Object Repository/RAD_Pages/PaymentEntry_Page/input_billingZip"), "value"): Attribute 'value' of object 'Object Repository/RAD_Pages/PaymentEntry_Page/input_billingZip' is: '21054'

2024-02-06 17:15:24 - [MESSAGE][PASSED] - Attribute 'value' of object 'Object Repository/RAD_Pages/PaymentEntry_Page/input_billingZip' is: '21054'

2024-02-06 17:15:24 - [TEST_STEP][PASSED] - verifyMatch("21054", zipCode, false): Actual text '21054' and expected text '21054' are matched 

2024-02-06 17:15:24 - [MESSAGE][PASSED] - Actual text '21054' and expected text '21054' are matched 

2024-02-06 17:15:24 - [TEST_STEP][PASSED] - city = getAttribute(findTestObject("Object Repository/RAD_Pages/PaymentEntry_Page/input_billingCity"), "value"): Attribute 'value' of object 'Object Repository/RAD_Pages/PaymentEntry_Page/input_billingCity' is: 'GAMBRILLS'

2024-02-06 17:15:24 - [MESSAGE][PASSED] - Attribute 'value' of object 'Object Repository/RAD_Pages/PaymentEntry_Page/input_billingCity' is: 'GAMBRILLS'

2024-02-06 17:15:24 - [TEST_STEP][PASSED] - verifyMatch("GAMBRILLS", city, false): Actual text 'GAMBRILLS' and expected text 'GAMBRILLS' are matched 

2024-02-06 17:15:24 - [MESSAGE][PASSED] - Actual text 'GAMBRILLS' and expected text 'GAMBRILLS' are matched 

2024-02-06 17:15:24 - [TEST_STEP][PASSED] - email = getAttribute(findTestObject("Object Repository/RAD_Pages/PaymentEntry_Page/input_emailAddress"), "value"): Attribute 'value' of object 'Object Repository/RAD_Pages/PaymentEntry_Page/input_emailAddress' is: 'iahmed@govolution.com'

2024-02-06 17:15:25 - [MESSAGE][PASSED] - Attribute 'value' of object 'Object Repository/RAD_Pages/PaymentEntry_Page/input_emailAddress' is: 'iahmed@govolution.com'

2024-02-06 17:15:25 - [TEST_STEP][PASSED] - verifyMatch("iahmed@govolution.com", email, false): Actual text 'iahmed@govolution.com' and expected text 'iahmed@govolution.com' are matched 

2024-02-06 17:15:25 - [MESSAGE][PASSED] - Actual text 'iahmed@govolution.com' and expected text 'iahmed@govolution.com' are matched 

2024-02-06 17:15:25 - [TEST_STEP][PASSED] - amount = getAttribute(findTestObject("Object Repository/RAD_Pages/PaymentEntry_Page/input_amount"), "value"): Attribute 'value' of object 'Object Repository/RAD_Pages/PaymentEntry_Page/input_amount' is: '100.00'

2024-02-06 17:15:25 - [MESSAGE][PASSED] - Attribute 'value' of object 'Object Repository/RAD_Pages/PaymentEntry_Page/input_amount' is: '100.00'

2024-02-06 17:15:25 - [TEST_STEP][PASSED] - verifyMatch("100.00", amount, false): Actual text '100.00' and expected text '100.00' are matched 

2024-02-06 17:15:25 - [MESSAGE][PASSED] - Actual text '100.00' and expected text '100.00' are matched 

2024-02-06 17:15:25 - [TEST_STEP][PASSED] - amountReadOnly = getAttribute(findTestObject("Object Repository/RAD_Pages/PaymentEntry_Page/input_amount"), "readonly"): Attribute 'readonly' of object 'Object Repository/RAD_Pages/PaymentEntry_Page/input_amount' is: 'true'

2024-02-06 17:15:25 - [MESSAGE][PASSED] - Attribute 'readonly' of object 'Object Repository/RAD_Pages/PaymentEntry_Page/input_amount' is: 'true'

2024-02-06 17:15:25 - [TEST_STEP][PASSED] - verifyMatch("true", amountReadOnly, false): Actual text 'true' and expected text 'true' are matched 

2024-02-06 17:15:25 - [MESSAGE][PASSED] - Actual text 'true' and expected text 'true' are matched 

2024-02-06 17:15:25 - [TEST_STEP][PASSED] - verifyOptionSelectedByLabel(findTestObject("Object Repository/RAD_Pages/PaymentEntry_Page/select_Country"), "United States", false, 20): All options with label 'United States' are selected in object 'Object Repository/RAD_Pages/PaymentEntry_Page/select_Country' 

2024-02-06 17:15:27 - [MESSAGE][PASSED] - All options with label 'United States' are selected in object 'Object Repository/RAD_Pages/PaymentEntry_Page/select_Country' 

2024-02-06 17:15:27 - [TEST_STEP][PASSED] - verifyOptionSelectedByLabel(findTestObject("Object Repository/RAD_Pages/PaymentEntry_Page/select_State"), "Maryland", false, 20): All options with label 'Maryland' are selected in object 'Object Repository/RAD_Pages/PaymentEntry_Page/select_State' 

2024-02-06 17:15:29 - [MESSAGE][PASSED] - All options with label 'Maryland' are selected in object 'Object Repository/RAD_Pages/PaymentEntry_Page/select_State' 

2024-02-06 17:15:29 - [TEST_STEP][PASSED] - setText(findTestObject(orPath_PaymentEntry + "/input__cardNumber"), "4111111111111111"): Text '4111111111111111' is set on object 'Object Repository/RAD_Pages/PaymentEntry_Page/input__cardNumber'

2024-02-06 17:15:30 - [MESSAGE][PASSED] - Text '4111111111111111' is set on object 'Object Repository/RAD_Pages/PaymentEntry_Page/input__cardNumber'

2024-02-06 17:15:30 - [TEST_STEP][PASSED] - setText(findTestObject(orPath_PaymentEntry + "/input__spc"), "123"): Text '123' is set on object 'Object Repository/RAD_Pages/PaymentEntry_Page/input__spc'

2024-02-06 17:15:30 - [MESSAGE][PASSED] - Text '123' is set on object 'Object Repository/RAD_Pages/PaymentEntry_Page/input__spc'

2024-02-06 17:15:30 - [TEST_STEP][PASSED] - selectOptionByLabel(findTestObject(orPath_PaymentEntry + "/select_MM"), "12", false): All options with label '12' are selected in object 'Object Repository/RAD_Pages/PaymentEntry_Page/select_MM' 

2024-02-06 17:15:31 - [MESSAGE][PASSED] - All options with label '12' are selected in object 'Object Repository/RAD_Pages/PaymentEntry_Page/select_MM' 

2024-02-06 17:15:31 - [TEST_STEP][PASSED] - selectOptionByLabel(findTestObject(orPath_PaymentEntry + "/select_YYYY"), "2028", false): All options with label '2028' are selected in object 'Object Repository/RAD_Pages/PaymentEntry_Page/select_YYYY' 

2024-02-06 17:15:32 - [MESSAGE][PASSED] - All options with label '2028' are selected in object 'Object Repository/RAD_Pages/PaymentEntry_Page/select_YYYY' 

2024-02-06 17:15:32 - [TEST_STEP][PASSED] - click(findTestObject(orPath_PaymentEntry + "/input_Field_ccSubmit")): Object: 'Object Repository/RAD_Pages/PaymentEntry_Page/input_Field_ccSubmit' is clicked on

2024-02-06 17:15:33 - [MESSAGE][PASSED] - Object: 'Object Repository/RAD_Pages/PaymentEntry_Page/input_Field_ccSubmit' is clicked on

2024-02-06 17:15:33 - [TEST_STEP][PASSED] - click(findTestObject(orPath_PaymentConfirmation + "/input_N_confirmNotifyAction")): Object: 'Object Repository/RAD_Pages/PaymentConfirmation_Page/input_N_confirmNotifyAction' is clicked on

2024-02-06 17:15:34 - [MESSAGE][PASSED] - Object: 'Object Repository/RAD_Pages/PaymentConfirmation_Page/input_N_confirmNotifyAction' is clicked on

2024-02-06 17:15:34 - [TEST_STEP][PASSED] - verifyTextPresent("Service Fee Acceptance", true): Text 'Service Fee Acceptance' is present on page  using regular expression

2024-02-06 17:15:34 - [MESSAGE][PASSED] - Text 'Service Fee Acceptance' is present on page  using regular expression

2024-02-06 17:15:34 - [TEST_STEP][PASSED] - verifyTextPresent("This transaction is subject to a Service Fee of ", true): Text 'This transaction is subject to a Service Fee of ' is present on page  using regular expression

2024-02-06 17:15:34 - [MESSAGE][PASSED] - Text 'This transaction is subject to a Service Fee of ' is present on page  using regular expression

2024-02-06 17:15:34 - [TEST_STEP][PASSED] - verifyTextPresent("Payment Amount:", true): Text 'Payment Amount:' is present on page  using regular expression

2024-02-06 17:15:35 - [MESSAGE][PASSED] - Text 'Payment Amount:' is present on page  using regular expression

2024-02-06 17:15:35 - [TEST_STEP][PASSED] - verifyTextPresent("100.00", true): Text '100.00' is present on page  using regular expression

2024-02-06 17:15:35 - [MESSAGE][PASSED] - Text '100.00' is present on page  using regular expression

2024-02-06 17:15:35 - [TEST_STEP][PASSED] - verifyTextPresent("Service Fee:", true): Text 'Service Fee:' is present on page  using regular expression

2024-02-06 17:15:35 - [MESSAGE][PASSED] - Text 'Service Fee:' is present on page  using regular expression

2024-02-06 17:15:35 - [TEST_STEP][PASSED] - verifyTextPresent("2.45", true): Text '2.45' is present on page  using regular expression

2024-02-06 17:15:36 - [MESSAGE][PASSED] - Text '2.45' is present on page  using regular expression

2024-02-06 17:15:36 - [TEST_STEP][PASSED] - verifyTextPresent("Total Amount:", true): Text 'Total Amount:' is present on page  using regular expression

2024-02-06 17:15:36 - [MESSAGE][PASSED] - Text 'Total Amount:' is present on page  using regular expression

2024-02-06 17:15:36 - [TEST_STEP][PASSED] - verifyTextPresent("102.45", true): Text '102.45' is present on page  using regular expression

2024-02-06 17:15:36 - [MESSAGE][PASSED] - Text '102.45' is present on page  using regular expression

2024-02-06 17:15:36 - [TEST_STEP][PASSED] - verifyTextPresent("Two transactions will appear on your bank statement, one in the amount of", true): Text 'Two transactions will appear on your bank statement, one in the amount of' is present on page  using regular expression

2024-02-06 17:15:36 - [MESSAGE][PASSED] - Text 'Two transactions will appear on your bank statement, one in the amount of' is present on page  using regular expression

2024-02-06 17:15:36 - [TEST_STEP][PASSED] - if (verifyElementPresent(findTestObject(orPath_ServiceFeesAccept + "/input_convFeeNotifyAction"), 30)): null

2024-02-06 17:15:37 - [MESSAGE][PASSED] - Object 'Object Repository/RAD_Pages/ServiceFeeAccept_Page/input_convFeeNotifyAction' is present

2024-02-06 17:15:37 - [TEST_STEP][PASSED] - resText = "Pass": null

2024-02-06 17:15:37 - [TEST_STEP][PASSED] - pages.WriteExcel.demoKey(resText, datText, resColumn, datCloumn, fileLoc, nameSheet, row): pages.WriteExcel.demoKey is PASSED

2024-02-06 17:15:37 - [MESSAGE][PASSED] - pages.WriteExcel.demoKey is PASSED

2024-02-06 17:15:37 - [TEST_STEP][PASSED] - if (execProfile == "QAProfile" || execProfile == "QA2Profile"): Text 'Successful Payment Receipt' is present on page  using regular expression

2024-02-06 17:15:37 - [TEST_STEP][PASSED] - click(findTestObject(orPath_ServiceFeesAccept + "/input_convFeeNotifyAction")): Object: 'Object Repository/RAD_Pages/ServiceFeeAccept_Page/input_convFeeNotifyAction' is clicked on

2024-02-06 17:15:38 - [MESSAGE][PASSED] - Object: 'Object Repository/RAD_Pages/ServiceFeeAccept_Page/input_convFeeNotifyAction' is clicked on

2024-02-06 17:15:38 - [TEST_STEP][PASSED] - delay(10): Delayed 10 second(s)

2024-02-06 17:15:48 - [MESSAGE][PASSED] - Delayed 10 second(s)

2024-02-06 17:15:48 - [TEST_STEP][PASSED] - verifyTextPresent("Successful Payment Receipt", true): Text 'Successful Payment Receipt' is present on page  using regular expression

2024-02-06 17:15:48 - [MESSAGE][PASSED] - Text 'Successful Payment Receipt' is present on page  using regular expression

2024-02-06 17:15:48 - [TEST_STEP][PASSED] - ExecuteTC = findTestData(dataFile).getValue("Execute", row): null

2024-02-06 17:15:48 - [TEST_STEP][PASSED] - TaxType = findTestData(dataFile).getValue("TaxType", row): null

2024-02-06 17:15:48 - [TEST_STEP][PASSED] - PaymentType = findTestData(dataFile).getValue("PaymentType", row): null

2024-02-06 17:15:48 - [TEST_STEP][PASSED] - FilingYear = findTestData(dataFile).getValue("Year", row): null

2024-02-06 17:15:48 - [TEST_STEP][PASSED] - feinSSN = findTestData(dataFile).getValue("FeinSsn", row): null

2024-02-06 17:15:48 - [TEST_STEP][PASSED] - if (ExecuteTC.equalsIgnoreCase("Y")): null

2024-02-06 17:15:48 - [TEST_STEP][PASSED] - out.println("Begin Record Number: " + row): null

2024-02-06 17:15:48 - [TEST_STEP][PASSED] - today = new java.util.Date(): null

2024-02-06 17:15:48 - [TEST_STEP][PASSED] - println(today): null

2024-02-06 17:15:48 - [TEST_STEP][PASSED] - datText = today: null

2024-02-06 17:15:48 - [TEST_STEP][PASSED] - logInfo("Payment Type: New Tax Return Amount Due"): Payment Type: New Tax Return Amount Due

2024-02-06 17:15:48 - [MESSAGE][INFO] - Payment Type: New Tax Return Amount Due

2024-02-06 17:15:48 - [TEST_STEP][PASSED] - logInfo("Tax Type: " + TaxType): Tax Type: Admissions and Amusement Tax

2024-02-06 17:15:48 - [MESSAGE][INFO] - Tax Type: Admissions and Amusement Tax

2024-02-06 17:15:48 - [TEST_STEP][PASSED] - openBrowser(""): Browser is opened with url: ''

2024-02-06 17:15:48 - [MESSAGE][WARNING] - A browser is already opened. Closing browser and opening a new one

2024-02-06 17:15:49 - [MESSAGE][INFO] - Starting 'Chrome' driver

2024-02-06 17:15:49 - [MESSAGE][INFO] - User set preference: ['acceptInsecureCerts', 'true']

2024-02-06 17:15:50 - [MESSAGE][INFO] - Action delay is set to 0 milliseconds

2024-02-06 17:15:51 - [MESSAGE][PASSED] - Browser is opened with url: ''

2024-02-06 17:15:51 - [TEST_STEP][PASSED] - maximizeWindow(): Current window maximized

2024-02-06 17:15:51 - [MESSAGE][PASSED] - Current window maximized

2024-02-06 17:15:51 - [TEST_STEP][PASSED] - navigateToUrl(RADurl): Navigate to 'https://qa2.velocitypayment.com/client/rad/index.html' successfully

2024-02-06 17:15:53 - [MESSAGE][PASSED] - Navigate to 'https://qa2.velocitypayment.com/client/rad/index.html' successfully

2024-02-06 17:15:53 - [TEST_STEP][PASSED] - selectOptionByLabel(findTestObject(orPath_Landing + "/dd_TaxType"), "New Tax Return Amount Due", false): All options with label 'New Tax Return Amount Due' are selected in object 'Object Repository/RAD_Pages/Landing_Page/dd_TaxType' 

2024-02-06 17:15:54 - [MESSAGE][PASSED] - All options with label 'New Tax Return Amount Due' are selected in object 'Object Repository/RAD_Pages/Landing_Page/dd_TaxType' 

2024-02-06 17:15:54 - [TEST_STEP][PASSED] - selectOptionByLabel(findTestObject("Object Repository/RAD_Pages/Landing_Page/select_NewTaxReturnAmountDue_TaxType"), TaxType, false): All options with label 'Admissions and Amusement Tax' are selected in object 'Object Repository/RAD_Pages/Landing_Page/select_NewTaxReturnAmountDue_TaxType' 

2024-02-06 17:15:54 - [MESSAGE][PASSED] - All options with label 'Admissions and Amusement Tax' are selected in object 'Object Repository/RAD_Pages/Landing_Page/select_NewTaxReturnAmountDue_TaxType' 

2024-02-06 17:15:54 - [TEST_STEP][PASSED] - selectOptionByLabel(findTestObject(orPath_TaxTypeFilingYear + "/select_FilingYear"), FilingYear, false): All options with label '2021' are selected in object 'Object Repository/RAD_Pages/TaxTypeFilingYear_Page/select_FilingYear' 

2024-02-06 17:15:55 - [MESSAGE][PASSED] - All options with label '2021' are selected in object 'Object Repository/RAD_Pages/TaxTypeFilingYear_Page/select_FilingYear' 

2024-02-06 17:15:55 - [TEST_STEP][PASSED] - rad.getSetDataRAD.setDataRADBusinessName(): rad.getSetDataRAD.setDataRADBusinessName is PASSED

2024-02-06 17:15:56 - [MESSAGE][PASSED] - Text 'My Company' is set on object 'Object Repository/RAD_Pages/Taxpayer_Page/input_businessName'

2024-02-06 17:15:56 - [MESSAGE][PASSED] - rad.getSetDataRAD.setDataRADBusinessName is PASSED

2024-02-06 17:15:56 - [TEST_STEP][PASSED] - rad.getSetDataRAD.setDataRADBusinessRep(): rad.getSetDataRAD.setDataRADBusinessRep is PASSED

2024-02-06 17:15:57 - [MESSAGE][PASSED] - Text 'BusRepFname' is set on object 'Object Repository/RAD_Pages/Taxpayer_Page/input_BusinessRepfirstName'

2024-02-06 17:15:57 - [MESSAGE][PASSED] - Text '' is set on object 'Object Repository/RAD_Pages/Taxpayer_Page/input_BusinessRepmiddleName'

2024-02-06 17:15:58 - [MESSAGE][PASSED] - Text 'BusRepLname' is set on object 'Object Repository/RAD_Pages/Taxpayer_Page/input_BusinessReplastName'

2024-02-06 17:15:59 - [MESSAGE][PASSED] - Text '' is set on object 'Object Repository/RAD_Pages/Taxpayer_Page/input_BusinessRepsuffix'

2024-02-06 17:15:59 - [MESSAGE][PASSED] - rad.getSetDataRAD.setDataRADBusinessRep is PASSED

2024-02-06 17:15:59 - [TEST_STEP][PASSED] - rad.getSetDataRAD.setDataRADAddress(): rad.getSetDataRAD.setDataRADAddress is PASSED

2024-02-06 17:15:59 - [MESSAGE][PASSED] - All options with label 'United States' are selected in object 'Object Repository/RAD_Pages/AddressAndContactInfo_Page/select_Country' 

2024-02-06 17:16:00 - [MESSAGE][PASSED] - Text '2508 Mandan Terrace' is set on object 'Object Repository/RAD_Pages/AddressAndContactInfo_Page/input_streetAddress1'

2024-02-06 17:16:01 - [MESSAGE][PASSED] - Text '' is set on object 'Object Repository/RAD_Pages/AddressAndContactInfo_Page/input_streetAddress2'

2024-02-06 17:16:02 - [MESSAGE][PASSED] - Text 'Gambrills' is set on object 'Object Repository/RAD_Pages/AddressAndContactInfo_Page/input_city'

2024-02-06 17:16:02 - [MESSAGE][PASSED] - All options with label 'Maryland' are selected in object 'Object Repository/RAD_Pages/AddressAndContactInfo_Page/select_State' 

2024-02-06 17:16:03 - [MESSAGE][PASSED] - Text '21054' is set on object 'Object Repository/RAD_Pages/AddressAndContactInfo_Page/input_zipCode'

2024-02-06 17:16:04 - [MESSAGE][PASSED] - Text '(703) 894-5000' is set on object 'Object Repository/RAD_Pages/AddressAndContactInfo_Page/input_phoneNumber'

2024-02-06 17:16:05 - [MESSAGE][PASSED] - Text 'iahmed@govolution.com' is set on object 'Object Repository/RAD_Pages/AddressAndContactInfo_Page/input_eMailAddress'

2024-02-06 17:16:05 - [MESSAGE][PASSED] - Text 'iahmed@govolution.com' is set on object 'Object Repository/RAD_Pages/AddressAndContactInfo_Page/input_reEnterEMailAddress'

2024-02-06 17:16:05 - [MESSAGE][PASSED] - rad.getSetDataRAD.setDataRADAddress is PASSED

2024-02-06 17:16:05 - [TEST_STEP][PASSED] - if (feinSSN.equalsIgnoreCase("Y")): null

2024-02-06 17:16:05 - [TEST_STEP][PASSED] - else: rad.getSetDataRAD.setDataRADFEIN is PASSED

2024-02-06 17:16:05 - [TEST_STEP][PASSED] - if (!(TaxType.equalsIgnoreCase("Estate Tax"))): rad.getSetDataRAD.setDataRADFEIN is PASSED

2024-02-06 17:16:05 - [TEST_STEP][PASSED] - rad.getSetDataRAD.setDataRADFEIN(): rad.getSetDataRAD.setDataRADFEIN is PASSED

2024-02-06 17:16:06 - [MESSAGE][PASSED] - Text ****** has been set on object 'Object Repository/RAD_Pages/TaxInfo_Page/input_FederalEIN'

2024-02-06 17:16:07 - [MESSAGE][PASSED] - Text ****** has been set on object 'Object Repository/RAD_Pages/TaxInfo_Page/input_FederalEIN_ReEnter'

2024-02-06 17:16:07 - [MESSAGE][PASSED] - rad.getSetDataRAD.setDataRADFEIN is PASSED

2024-02-06 17:16:07 - [TEST_STEP][PASSED] - if (TaxType.equalsIgnoreCase("Estate Tax")): null

2024-02-06 17:16:07 - [TEST_STEP][PASSED] - setText(findTestObject(orPath_Amount + "/input__paymentAmount"), "100.00"): Text '100.00' is set on object 'Object Repository/RAD_Pages/PaymentAmount_Page/input__paymentAmount'

2024-02-06 17:16:08 - [MESSAGE][PASSED] - Text '100.00' is set on object 'Object Repository/RAD_Pages/PaymentAmount_Page/input__paymentAmount'

2024-02-06 17:16:08 - [TEST_STEP][PASSED] - setText(findTestObject(orPath_AddressContact + "/input_streetAddress2"), ""): Text '' is set on object 'Object Repository/RAD_Pages/AddressAndContactInfo_Page/input_streetAddress2'

2024-02-06 17:16:08 - [MESSAGE][PASSED] - Text '' is set on object 'Object Repository/RAD_Pages/AddressAndContactInfo_Page/input_streetAddress2'

2024-02-06 17:16:08 - [TEST_STEP][PASSED] - scrollToElement(findTestObject(orPath_Landing + "/button_Continue"), 3): Scroll to object 'Object Repository/RAD_Pages/Landing_Page/button_Continue' successfully

2024-02-06 17:16:09 - [MESSAGE][PASSED] - Scroll to object 'Object Repository/RAD_Pages/Landing_Page/button_Continue' successfully

2024-02-06 17:16:09 - [TEST_STEP][PASSED] - waitForElementClickable(findTestObject(orPath_Landing + "/button_Continue"), 5): Object 'Object Repository/RAD_Pages/Landing_Page/button_Continue' is clickable

2024-02-06 17:16:09 - [MESSAGE][PASSED] - Object 'Object Repository/RAD_Pages/Landing_Page/button_Continue' is clickable

2024-02-06 17:16:09 - [TEST_STEP][PASSED] - click(findTestObject(orPath_Landing + "/button_Continue")): Object: 'Object Repository/RAD_Pages/Landing_Page/button_Continue' is clicked on

2024-02-06 17:16:10 - [MESSAGE][PASSED] - Object: 'Object Repository/RAD_Pages/Landing_Page/button_Continue' is clicked on

2024-02-06 17:16:10 - [TEST_STEP][PASSED] - delay(2): Delayed 2 second(s)

2024-02-06 17:16:12 - [MESSAGE][PASSED] - Delayed 2 second(s)

2024-02-06 17:16:12 - [TEST_STEP][PASSED] - click(findTestObject(orPath_Summary + "/button_Proceed to Payment")): Object: 'Object Repository/RAD_Pages/Summary_Page/button_Proceed to Payment' is clicked on

2024-02-06 17:16:13 - [MESSAGE][PASSED] - Object: 'Object Repository/RAD_Pages/Summary_Page/button_Proceed to Payment' is clicked on

2024-02-06 17:16:13 - [TEST_STEP][PASSED] - if (verifyElementPresent(findTestObject("Object Repository/RAD_Pages/PaymentEntry_Page/input__billingName"), 30)): null

2024-02-06 17:16:14 - [MESSAGE][PASSED] - Object 'Object Repository/RAD_Pages/PaymentEntry_Page/input__billingName' is present

2024-02-06 17:16:14 - [TEST_STEP][PASSED] - verifyTextPresent("Comptroller of Maryland", true): Text 'Comptroller of Maryland' is present on page  using regular expression

2024-02-06 17:16:14 - [MESSAGE][PASSED] - Text 'Comptroller of Maryland' is present on page  using regular expression

2024-02-06 17:16:14 - [TEST_STEP][PASSED] - verifyTextPresent("Revenue Administration Division", true): Text 'Revenue Administration Division' is present on page  using regular expression

2024-02-06 17:16:14 - [MESSAGE][PASSED] - Text 'Revenue Administration Division' is present on page  using regular expression

2024-02-06 17:16:14 - [TEST_STEP][PASSED] - verifyTextPresent("Payment Information", true): Text 'Payment Information' is present on page  using regular expression

2024-02-06 17:16:15 - [MESSAGE][PASSED] - Text 'Payment Information' is present on page  using regular expression

2024-02-06 17:16:15 - [TEST_STEP][PASSED] - card_Name = getAttribute(findTestObject("Object Repository/RAD_Pages/PaymentEntry_Page/input__billingName"), "value"): Attribute 'value' of object 'Object Repository/RAD_Pages/PaymentEntry_Page/input__billingName' is: 'BusRepFname BusRepLname'

2024-02-06 17:16:15 - [MESSAGE][PASSED] - Attribute 'value' of object 'Object Repository/RAD_Pages/PaymentEntry_Page/input__billingName' is: 'BusRepFname BusRepLname'

2024-02-06 17:16:15 - [TEST_STEP][PASSED] - verifyMatch("BusRepFname BusRepLname", card_Name, false): Actual text 'BusRepFname BusRepLname' and expected text 'BusRepFname BusRepLname' are matched 

2024-02-06 17:16:15 - [MESSAGE][PASSED] - Actual text 'BusRepFname BusRepLname' and expected text 'BusRepFname BusRepLname' are matched 

2024-02-06 17:16:15 - [TEST_STEP][PASSED] - AL1 = getAttribute(findTestObject("Object Repository/RAD_Pages/PaymentEntry_Page/input_billingAddress"), "value"): Attribute 'value' of object 'Object Repository/RAD_Pages/PaymentEntry_Page/input_billingAddress' is: '2508 Mandan Terrace'

2024-02-06 17:16:15 - [MESSAGE][PASSED] - Attribute 'value' of object 'Object Repository/RAD_Pages/PaymentEntry_Page/input_billingAddress' is: '2508 Mandan Terrace'

2024-02-06 17:16:15 - [TEST_STEP][PASSED] - verifyMatch("2508 Mandan Terrace", AL1, false): Actual text '2508 Mandan Terrace' and expected text '2508 Mandan Terrace' are matched 

2024-02-06 17:16:15 - [MESSAGE][PASSED] - Actual text '2508 Mandan Terrace' and expected text '2508 Mandan Terrace' are matched 

2024-02-06 17:16:15 - [TEST_STEP][PASSED] - AL2 = getAttribute(findTestObject("Object Repository/RAD_Pages/PaymentEntry_Page/input_billingAddress2"), "value"): Attribute 'value' of object 'Object Repository/RAD_Pages/PaymentEntry_Page/input_billingAddress2' is: ''

2024-02-06 17:16:16 - [MESSAGE][PASSED] - Attribute 'value' of object 'Object Repository/RAD_Pages/PaymentEntry_Page/input_billingAddress2' is: ''

2024-02-06 17:16:16 - [TEST_STEP][PASSED] - verifyMatch("", AL2, false): Actual text '' and expected text '' are matched 

2024-02-06 17:16:16 - [MESSAGE][PASSED] - Actual text '' and expected text '' are matched 

2024-02-06 17:16:16 - [TEST_STEP][PASSED] - zipCode = getAttribute(findTestObject("Object Repository/RAD_Pages/PaymentEntry_Page/input_billingZip"), "value"): Attribute 'value' of object 'Object Repository/RAD_Pages/PaymentEntry_Page/input_billingZip' is: '21054'

2024-02-06 17:16:16 - [MESSAGE][PASSED] - Attribute 'value' of object 'Object Repository/RAD_Pages/PaymentEntry_Page/input_billingZip' is: '21054'

2024-02-06 17:16:16 - [TEST_STEP][PASSED] - verifyMatch("21054", zipCode, false): Actual text '21054' and expected text '21054' are matched 

2024-02-06 17:16:16 - [MESSAGE][PASSED] - Actual text '21054' and expected text '21054' are matched 

2024-02-06 17:16:16 - [TEST_STEP][PASSED] - city = getAttribute(findTestObject("Object Repository/RAD_Pages/PaymentEntry_Page/input_billingCity"), "value"): Attribute 'value' of object 'Object Repository/RAD_Pages/PaymentEntry_Page/input_billingCity' is: 'GAMBRILLS'

2024-02-06 17:16:16 - [MESSAGE][PASSED] - Attribute 'value' of object 'Object Repository/RAD_Pages/PaymentEntry_Page/input_billingCity' is: 'GAMBRILLS'

2024-02-06 17:16:16 - [TEST_STEP][PASSED] - verifyMatch("GAMBRILLS", city, false): Actual text 'GAMBRILLS' and expected text 'GAMBRILLS' are matched 

2024-02-06 17:16:16 - [MESSAGE][PASSED] - Actual text 'GAMBRILLS' and expected text 'GAMBRILLS' are matched 

2024-02-06 17:16:16 - [TEST_STEP][PASSED] - email = getAttribute(findTestObject("Object Repository/RAD_Pages/PaymentEntry_Page/input_emailAddress"), "value"): Attribute 'value' of object 'Object Repository/RAD_Pages/PaymentEntry_Page/input_emailAddress' is: 'iahmed@govolution.com'

2024-02-06 17:16:17 - [MESSAGE][PASSED] - Attribute 'value' of object 'Object Repository/RAD_Pages/PaymentEntry_Page/input_emailAddress' is: 'iahmed@govolution.com'

2024-02-06 17:16:17 - [TEST_STEP][PASSED] - verifyMatch("iahmed@govolution.com", email, false): Actual text 'iahmed@govolution.com' and expected text 'iahmed@govolution.com' are matched 

2024-02-06 17:16:17 - [MESSAGE][PASSED] - Actual text 'iahmed@govolution.com' and expected text 'iahmed@govolution.com' are matched 

2024-02-06 17:16:17 - [TEST_STEP][PASSED] - amount = getAttribute(findTestObject("Object Repository/RAD_Pages/PaymentEntry_Page/input_amount"), "value"): Attribute 'value' of object 'Object Repository/RAD_Pages/PaymentEntry_Page/input_amount' is: '100.00'

2024-02-06 17:16:17 - [MESSAGE][PASSED] - Attribute 'value' of object 'Object Repository/RAD_Pages/PaymentEntry_Page/input_amount' is: '100.00'

2024-02-06 17:16:17 - [TEST_STEP][PASSED] - verifyMatch("100.00", amount, false): Actual text '100.00' and expected text '100.00' are matched 

2024-02-06 17:16:17 - [MESSAGE][PASSED] - Actual text '100.00' and expected text '100.00' are matched 

2024-02-06 17:16:17 - [TEST_STEP][PASSED] - amountReadOnly = getAttribute(findTestObject("Object Repository/RAD_Pages/PaymentEntry_Page/input_amount"), "readonly"): Attribute 'readonly' of object 'Object Repository/RAD_Pages/PaymentEntry_Page/input_amount' is: 'true'

2024-02-06 17:16:17 - [MESSAGE][PASSED] - Attribute 'readonly' of object 'Object Repository/RAD_Pages/PaymentEntry_Page/input_amount' is: 'true'

2024-02-06 17:16:17 - [TEST_STEP][PASSED] - verifyMatch("true", amountReadOnly, false): Actual text 'true' and expected text 'true' are matched 

2024-02-06 17:16:17 - [MESSAGE][PASSED] - Actual text 'true' and expected text 'true' are matched 

2024-02-06 17:16:17 - [TEST_STEP][PASSED] - verifyOptionSelectedByLabel(findTestObject("Object Repository/RAD_Pages/PaymentEntry_Page/select_Country"), "United States", false, 20): All options with label 'United States' are selected in object 'Object Repository/RAD_Pages/PaymentEntry_Page/select_Country' 

2024-02-06 17:16:19 - [MESSAGE][PASSED] - All options with label 'United States' are selected in object 'Object Repository/RAD_Pages/PaymentEntry_Page/select_Country' 

2024-02-06 17:16:19 - [TEST_STEP][PASSED] - verifyOptionSelectedByLabel(findTestObject("Object Repository/RAD_Pages/PaymentEntry_Page/select_State"), "Maryland", false, 20): All options with label 'Maryland' are selected in object 'Object Repository/RAD_Pages/PaymentEntry_Page/select_State' 

2024-02-06 17:16:21 - [MESSAGE][PASSED] - All options with label 'Maryland' are selected in object 'Object Repository/RAD_Pages/PaymentEntry_Page/select_State' 

2024-02-06 17:16:21 - [TEST_STEP][PASSED] - setText(findTestObject(orPath_PaymentEntry + "/input__cardNumber"), "4111111111111111"): Text '4111111111111111' is set on object 'Object Repository/RAD_Pages/PaymentEntry_Page/input__cardNumber'

2024-02-06 17:16:22 - [MESSAGE][PASSED] - Text '4111111111111111' is set on object 'Object Repository/RAD_Pages/PaymentEntry_Page/input__cardNumber'

2024-02-06 17:16:22 - [TEST_STEP][PASSED] - setText(findTestObject(orPath_PaymentEntry + "/input__spc"), "123"): Text '123' is set on object 'Object Repository/RAD_Pages/PaymentEntry_Page/input__spc'

2024-02-06 17:16:23 - [MESSAGE][PASSED] - Text '123' is set on object 'Object Repository/RAD_Pages/PaymentEntry_Page/input__spc'

2024-02-06 17:16:23 - [TEST_STEP][PASSED] - selectOptionByLabel(findTestObject(orPath_PaymentEntry + "/select_MM"), "12", false): All options with label '12' are selected in object 'Object Repository/RAD_Pages/PaymentEntry_Page/select_MM' 

2024-02-06 17:16:23 - [MESSAGE][PASSED] - All options with label '12' are selected in object 'Object Repository/RAD_Pages/PaymentEntry_Page/select_MM' 

2024-02-06 17:16:23 - [TEST_STEP][PASSED] - selectOptionByLabel(findTestObject(orPath_PaymentEntry + "/select_YYYY"), "2028", false): All options with label '2028' are selected in object 'Object Repository/RAD_Pages/PaymentEntry_Page/select_YYYY' 

2024-02-06 17:16:24 - [MESSAGE][PASSED] - All options with label '2028' are selected in object 'Object Repository/RAD_Pages/PaymentEntry_Page/select_YYYY' 

2024-02-06 17:16:24 - [TEST_STEP][PASSED] - click(findTestObject(orPath_PaymentEntry + "/input_Field_ccSubmit")): Object: 'Object Repository/RAD_Pages/PaymentEntry_Page/input_Field_ccSubmit' is clicked on

2024-02-06 17:16:25 - [MESSAGE][PASSED] - Object: 'Object Repository/RAD_Pages/PaymentEntry_Page/input_Field_ccSubmit' is clicked on

2024-02-06 17:16:25 - [TEST_STEP][PASSED] - click(findTestObject(orPath_PaymentConfirmation + "/input_N_confirmNotifyAction")): Object: 'Object Repository/RAD_Pages/PaymentConfirmation_Page/input_N_confirmNotifyAction' is clicked on

2024-02-06 17:16:26 - [MESSAGE][PASSED] - Object: 'Object Repository/RAD_Pages/PaymentConfirmation_Page/input_N_confirmNotifyAction' is clicked on

2024-02-06 17:16:26 - [TEST_STEP][PASSED] - verifyTextPresent("Service Fee Acceptance", true): Text 'Service Fee Acceptance' is present on page  using regular expression

2024-02-06 17:16:27 - [MESSAGE][PASSED] - Text 'Service Fee Acceptance' is present on page  using regular expression

2024-02-06 17:16:27 - [TEST_STEP][PASSED] - verifyTextPresent("This transaction is subject to a Service Fee of ", true): Text 'This transaction is subject to a Service Fee of ' is present on page  using regular expression

2024-02-06 17:16:27 - [MESSAGE][PASSED] - Text 'This transaction is subject to a Service Fee of ' is present on page  using regular expression

2024-02-06 17:16:27 - [TEST_STEP][PASSED] - verifyTextPresent("Payment Amount:", true): Text 'Payment Amount:' is present on page  using regular expression

2024-02-06 17:16:27 - [MESSAGE][PASSED] - Text 'Payment Amount:' is present on page  using regular expression

2024-02-06 17:16:27 - [TEST_STEP][PASSED] - verifyTextPresent("100.00", true): Text '100.00' is present on page  using regular expression

2024-02-06 17:16:27 - [MESSAGE][PASSED] - Text '100.00' is present on page  using regular expression

2024-02-06 17:16:27 - [TEST_STEP][PASSED] - verifyTextPresent("Service Fee:", true): Text 'Service Fee:' is present on page  using regular expression

2024-02-06 17:16:28 - [MESSAGE][PASSED] - Text 'Service Fee:' is present on page  using regular expression

2024-02-06 17:16:28 - [TEST_STEP][PASSED] - verifyTextPresent("2.45", true): Text '2.45' is present on page  using regular expression

2024-02-06 17:16:28 - [MESSAGE][PASSED] - Text '2.45' is present on page  using regular expression

2024-02-06 17:16:28 - [TEST_STEP][PASSED] - verifyTextPresent("Total Amount:", true): Text 'Total Amount:' is present on page  using regular expression

2024-02-06 17:16:28 - [MESSAGE][PASSED] - Text 'Total Amount:' is present on page  using regular expression

2024-02-06 17:16:28 - [TEST_STEP][PASSED] - verifyTextPresent("102.45", true): Text '102.45' is present on page  using regular expression

2024-02-06 17:16:28 - [MESSAGE][PASSED] - Text '102.45' is present on page  using regular expression

2024-02-06 17:16:28 - [TEST_STEP][PASSED] - verifyTextPresent("Two transactions will appear on your bank statement, one in the amount of", true): Text 'Two transactions will appear on your bank statement, one in the amount of' is present on page  using regular expression

2024-02-06 17:16:29 - [MESSAGE][PASSED] - Text 'Two transactions will appear on your bank statement, one in the amount of' is present on page  using regular expression

2024-02-06 17:16:29 - [TEST_STEP][PASSED] - if (verifyElementPresent(findTestObject(orPath_ServiceFeesAccept + "/input_convFeeNotifyAction"), 30)): null

2024-02-06 17:16:29 - [MESSAGE][PASSED] - Object 'Object Repository/RAD_Pages/ServiceFeeAccept_Page/input_convFeeNotifyAction' is present

2024-02-06 17:16:29 - [TEST_STEP][PASSED] - resText = "Pass": null

2024-02-06 17:16:29 - [TEST_STEP][PASSED] - pages.WriteExcel.demoKey(resText, datText, resColumn, datCloumn, fileLoc, nameSheet, row): pages.WriteExcel.demoKey is PASSED

2024-02-06 17:16:29 - [MESSAGE][PASSED] - pages.WriteExcel.demoKey is PASSED

2024-02-06 17:16:29 - [TEST_STEP][PASSED] - if (execProfile == "QAProfile" || execProfile == "QA2Profile"): Text 'Successful Payment Receipt' is present on page  using regular expression

2024-02-06 17:16:29 - [TEST_STEP][PASSED] - click(findTestObject(orPath_ServiceFeesAccept + "/input_convFeeNotifyAction")): Object: 'Object Repository/RAD_Pages/ServiceFeeAccept_Page/input_convFeeNotifyAction' is clicked on

2024-02-06 17:16:30 - [MESSAGE][PASSED] - Object: 'Object Repository/RAD_Pages/ServiceFeeAccept_Page/input_convFeeNotifyAction' is clicked on

2024-02-06 17:16:30 - [TEST_STEP][PASSED] - delay(10): Delayed 10 second(s)

2024-02-06 17:16:40 - [MESSAGE][PASSED] - Delayed 10 second(s)

2024-02-06 17:16:40 - [TEST_STEP][PASSED] - verifyTextPresent("Successful Payment Receipt", true): Text 'Successful Payment Receipt' is present on page  using regular expression

2024-02-06 17:16:40 - [MESSAGE][PASSED] - Text 'Successful Payment Receipt' is present on page  using regular expression

2024-02-06 17:16:40 - [TEST_STEP][PASSED] - ExecuteTC = findTestData(dataFile).getValue("Execute", row): null

2024-02-06 17:16:40 - [TEST_STEP][PASSED] - TaxType = findTestData(dataFile).getValue("TaxType", row): null

2024-02-06 17:16:40 - [TEST_STEP][PASSED] - PaymentType = findTestData(dataFile).getValue("PaymentType", row): null

2024-02-06 17:16:40 - [TEST_STEP][PASSED] - FilingYear = findTestData(dataFile).getValue("Year", row): null

2024-02-06 17:16:40 - [TEST_STEP][PASSED] - feinSSN = findTestData(dataFile).getValue("FeinSsn", row): null

2024-02-06 17:16:40 - [TEST_STEP][PASSED] - if (ExecuteTC.equalsIgnoreCase("Y")): null

2024-02-06 17:16:40 - [TEST_STEP][PASSED] - out.println("Begin Record Number: " + row): null

2024-02-06 17:16:40 - [TEST_STEP][PASSED] - today = new java.util.Date(): null

2024-02-06 17:16:40 - [TEST_STEP][PASSED] - println(today): null

2024-02-06 17:16:40 - [TEST_STEP][PASSED] - datText = today: null

2024-02-06 17:16:40 - [TEST_STEP][PASSED] - logInfo("Payment Type: New Tax Return Amount Due"): Payment Type: New Tax Return Amount Due

2024-02-06 17:16:40 - [MESSAGE][INFO] - Payment Type: New Tax Return Amount Due

2024-02-06 17:16:40 - [TEST_STEP][PASSED] - logInfo("Tax Type: " + TaxType): Tax Type: Alcohol Tax

2024-02-06 17:16:40 - [MESSAGE][INFO] - Tax Type: Alcohol Tax

2024-02-06 17:16:40 - [TEST_STEP][PASSED] - openBrowser(""): Browser is opened with url: ''

2024-02-06 17:16:40 - [MESSAGE][WARNING] - A browser is already opened. Closing browser and opening a new one

2024-02-06 17:16:41 - [MESSAGE][INFO] - Starting 'Chrome' driver

2024-02-06 17:16:41 - [MESSAGE][INFO] - User set preference: ['acceptInsecureCerts', 'true']

2024-02-06 17:16:41 - [MESSAGE][INFO] - Action delay is set to 0 milliseconds

2024-02-06 17:16:43 - [MESSAGE][PASSED] - Browser is opened with url: ''

2024-02-06 17:16:43 - [TEST_STEP][PASSED] - maximizeWindow(): Current window maximized

2024-02-06 17:16:43 - [MESSAGE][PASSED] - Current window maximized

2024-02-06 17:16:43 - [TEST_STEP][PASSED] - navigateToUrl(RADurl): Navigate to 'https://qa2.velocitypayment.com/client/rad/index.html' successfully

2024-02-06 17:16:45 - [MESSAGE][PASSED] - Navigate to 'https://qa2.velocitypayment.com/client/rad/index.html' successfully

2024-02-06 17:16:45 - [TEST_STEP][PASSED] - selectOptionByLabel(findTestObject(orPath_Landing + "/dd_TaxType"), "New Tax Return Amount Due", false): All options with label 'New Tax Return Amount Due' are selected in object 'Object Repository/RAD_Pages/Landing_Page/dd_TaxType' 

2024-02-06 17:16:46 - [MESSAGE][PASSED] - All options with label 'New Tax Return Amount Due' are selected in object 'Object Repository/RAD_Pages/Landing_Page/dd_TaxType' 

2024-02-06 17:16:46 - [TEST_STEP][PASSED] - selectOptionByLabel(findTestObject("Object Repository/RAD_Pages/Landing_Page/select_NewTaxReturnAmountDue_TaxType"), TaxType, false): All options with label 'Alcohol Tax' are selected in object 'Object Repository/RAD_Pages/Landing_Page/select_NewTaxReturnAmountDue_TaxType' 

2024-02-06 17:16:47 - [MESSAGE][PASSED] - All options with label 'Alcohol Tax' are selected in object 'Object Repository/RAD_Pages/Landing_Page/select_NewTaxReturnAmountDue_TaxType' 

2024-02-06 17:16:47 - [TEST_STEP][PASSED] - selectOptionByLabel(findTestObject(orPath_TaxTypeFilingYear + "/select_FilingYear"), FilingYear, false): All options with label '2021' are selected in object 'Object Repository/RAD_Pages/TaxTypeFilingYear_Page/select_FilingYear' 

2024-02-06 17:16:47 - [MESSAGE][PASSED] - All options with label '2021' are selected in object 'Object Repository/RAD_Pages/TaxTypeFilingYear_Page/select_FilingYear' 

2024-02-06 17:16:47 - [TEST_STEP][PASSED] - rad.getSetDataRAD.setDataRADBusinessName(): rad.getSetDataRAD.setDataRADBusinessName is PASSED

2024-02-06 17:16:48 - [MESSAGE][PASSED] - Text 'My Company' is set on object 'Object Repository/RAD_Pages/Taxpayer_Page/input_businessName'

2024-02-06 17:16:48 - [MESSAGE][PASSED] - rad.getSetDataRAD.setDataRADBusinessName is PASSED

2024-02-06 17:16:48 - [TEST_STEP][PASSED] - rad.getSetDataRAD.setDataRADBusinessRep(): rad.getSetDataRAD.setDataRADBusinessRep is PASSED

2024-02-06 17:16:49 - [MESSAGE][PASSED] - Text 'BusRepFname' is set on object 'Object Repository/RAD_Pages/Taxpayer_Page/input_BusinessRepfirstName'

2024-02-06 17:16:50 - [MESSAGE][PASSED] - Text '' is set on object 'Object Repository/RAD_Pages/Taxpayer_Page/input_BusinessRepmiddleName'

2024-02-06 17:16:51 - [MESSAGE][PASSED] - Text 'BusRepLname' is set on object 'Object Repository/RAD_Pages/Taxpayer_Page/input_BusinessReplastName'

2024-02-06 17:16:51 - [MESSAGE][PASSED] - Text '' is set on object 'Object Repository/RAD_Pages/Taxpayer_Page/input_BusinessRepsuffix'

2024-02-06 17:16:51 - [MESSAGE][PASSED] - rad.getSetDataRAD.setDataRADBusinessRep is PASSED

2024-02-06 17:16:51 - [TEST_STEP][PASSED] - rad.getSetDataRAD.setDataRADAddress(): rad.getSetDataRAD.setDataRADAddress is PASSED

2024-02-06 17:16:52 - [MESSAGE][PASSED] - All options with label 'United States' are selected in object 'Object Repository/RAD_Pages/AddressAndContactInfo_Page/select_Country' 

2024-02-06 17:16:53 - [MESSAGE][PASSED] - Text '2508 Mandan Terrace' is set on object 'Object Repository/RAD_Pages/AddressAndContactInfo_Page/input_streetAddress1'

2024-02-06 17:16:53 - [MESSAGE][PASSED] - Text '' is set on object 'Object Repository/RAD_Pages/AddressAndContactInfo_Page/input_streetAddress2'

2024-02-06 17:16:54 - [MESSAGE][PASSED] - Text 'Gambrills' is set on object 'Object Repository/RAD_Pages/AddressAndContactInfo_Page/input_city'

2024-02-06 17:16:55 - [MESSAGE][PASSED] - All options with label 'Maryland' are selected in object 'Object Repository/RAD_Pages/AddressAndContactInfo_Page/select_State' 

2024-02-06 17:16:56 - [MESSAGE][PASSED] - Text '21054' is set on object 'Object Repository/RAD_Pages/AddressAndContactInfo_Page/input_zipCode'

2024-02-06 17:16:56 - [MESSAGE][PASSED] - Text '(703) 894-5000' is set on object 'Object Repository/RAD_Pages/AddressAndContactInfo_Page/input_phoneNumber'

2024-02-06 17:16:58 - [MESSAGE][PASSED] - Text 'iahmed@govolution.com' is set on object 'Object Repository/RAD_Pages/AddressAndContactInfo_Page/input_eMailAddress'

2024-02-06 17:16:58 - [MESSAGE][PASSED] - Text 'iahmed@govolution.com' is set on object 'Object Repository/RAD_Pages/AddressAndContactInfo_Page/input_reEnterEMailAddress'

2024-02-06 17:16:58 - [MESSAGE][PASSED] - rad.getSetDataRAD.setDataRADAddress is PASSED

2024-02-06 17:16:58 - [TEST_STEP][PASSED] - if (feinSSN.equalsIgnoreCase("Y")): null

2024-02-06 17:16:58 - [TEST_STEP][PASSED] - else: rad.getSetDataRAD.setDataRADFEIN is PASSED

2024-02-06 17:16:58 - [TEST_STEP][PASSED] - if (!(TaxType.equalsIgnoreCase("Estate Tax"))): rad.getSetDataRAD.setDataRADFEIN is PASSED

2024-02-06 17:16:58 - [TEST_STEP][PASSED] - rad.getSetDataRAD.setDataRADFEIN(): rad.getSetDataRAD.setDataRADFEIN is PASSED

2024-02-06 17:16:59 - [MESSAGE][PASSED] - Text ****** has been set on object 'Object Repository/RAD_Pages/TaxInfo_Page/input_FederalEIN'

2024-02-06 17:17:00 - [MESSAGE][PASSED] - Text ****** has been set on object 'Object Repository/RAD_Pages/TaxInfo_Page/input_FederalEIN_ReEnter'

2024-02-06 17:17:00 - [MESSAGE][PASSED] - rad.getSetDataRAD.setDataRADFEIN is PASSED

2024-02-06 17:17:00 - [TEST_STEP][PASSED] - if (TaxType.equalsIgnoreCase("Estate Tax")): null

2024-02-06 17:17:00 - [TEST_STEP][PASSED] - setText(findTestObject(orPath_Amount + "/input__paymentAmount"), "100.00"): Text '100.00' is set on object 'Object Repository/RAD_Pages/PaymentAmount_Page/input__paymentAmount'

2024-02-06 17:17:00 - [MESSAGE][PASSED] - Text '100.00' is set on object 'Object Repository/RAD_Pages/PaymentAmount_Page/input__paymentAmount'

2024-02-06 17:17:00 - [TEST_STEP][PASSED] - setText(findTestObject(orPath_AddressContact + "/input_streetAddress2"), ""): Text '' is set on object 'Object Repository/RAD_Pages/AddressAndContactInfo_Page/input_streetAddress2'

2024-02-06 17:17:01 - [MESSAGE][PASSED] - Text '' is set on object 'Object Repository/RAD_Pages/AddressAndContactInfo_Page/input_streetAddress2'

2024-02-06 17:17:01 - [TEST_STEP][PASSED] - scrollToElement(findTestObject(orPath_Landing + "/button_Continue"), 3): Scroll to object 'Object Repository/RAD_Pages/Landing_Page/button_Continue' successfully

2024-02-06 17:17:02 - [MESSAGE][PASSED] - Scroll to object 'Object Repository/RAD_Pages/Landing_Page/button_Continue' successfully

2024-02-06 17:17:02 - [TEST_STEP][PASSED] - waitForElementClickable(findTestObject(orPath_Landing + "/button_Continue"), 5): Object 'Object Repository/RAD_Pages/Landing_Page/button_Continue' is clickable

2024-02-06 17:17:02 - [MESSAGE][PASSED] - Object 'Object Repository/RAD_Pages/Landing_Page/button_Continue' is clickable

2024-02-06 17:17:02 - [TEST_STEP][PASSED] - click(findTestObject(orPath_Landing + "/button_Continue")): Object: 'Object Repository/RAD_Pages/Landing_Page/button_Continue' is clicked on

2024-02-06 17:17:03 - [MESSAGE][PASSED] - Object: 'Object Repository/RAD_Pages/Landing_Page/button_Continue' is clicked on

2024-02-06 17:17:03 - [TEST_STEP][PASSED] - delay(2): Delayed 2 second(s)

2024-02-06 17:17:05 - [MESSAGE][PASSED] - Delayed 2 second(s)

2024-02-06 17:17:05 - [TEST_STEP][PASSED] - click(findTestObject(orPath_Summary + "/button_Proceed to Payment")): Object: 'Object Repository/RAD_Pages/Summary_Page/button_Proceed to Payment' is clicked on

2024-02-06 17:17:06 - [MESSAGE][PASSED] - Object: 'Object Repository/RAD_Pages/Summary_Page/button_Proceed to Payment' is clicked on

2024-02-06 17:17:06 - [TEST_STEP][PASSED] - if (verifyElementPresent(findTestObject("Object Repository/RAD_Pages/PaymentEntry_Page/input__billingName"), 30)): null

2024-02-06 17:17:07 - [MESSAGE][PASSED] - Object 'Object Repository/RAD_Pages/PaymentEntry_Page/input__billingName' is present

2024-02-06 17:17:07 - [TEST_STEP][PASSED] - verifyTextPresent("Comptroller of Maryland", true): Text 'Comptroller of Maryland' is present on page  using regular expression

2024-02-06 17:17:07 - [MESSAGE][PASSED] - Text 'Comptroller of Maryland' is present on page  using regular expression

2024-02-06 17:17:07 - [TEST_STEP][PASSED] - verifyTextPresent("Revenue Administration Division", true): Text 'Revenue Administration Division' is present on page  using regular expression

2024-02-06 17:17:07 - [MESSAGE][PASSED] - Text 'Revenue Administration Division' is present on page  using regular expression

2024-02-06 17:17:07 - [TEST_STEP][PASSED] - verifyTextPresent("Payment Information", true): Text 'Payment Information' is present on page  using regular expression

2024-02-06 17:17:08 - [MESSAGE][PASSED] - Text 'Payment Information' is present on page  using regular expression

2024-02-06 17:17:08 - [TEST_STEP][PASSED] - card_Name = getAttribute(findTestObject("Object Repository/RAD_Pages/PaymentEntry_Page/input__billingName"), "value"): Attribute 'value' of object 'Object Repository/RAD_Pages/PaymentEntry_Page/input__billingName' is: 'BusRepFname BusRepLname'

2024-02-06 17:17:08 - [MESSAGE][PASSED] - Attribute 'value' of object 'Object Repository/RAD_Pages/PaymentEntry_Page/input__billingName' is: 'BusRepFname BusRepLname'

2024-02-06 17:17:08 - [TEST_STEP][PASSED] - verifyMatch("BusRepFname BusRepLname", card_Name, false): Actual text 'BusRepFname BusRepLname' and expected text 'BusRepFname BusRepLname' are matched 

2024-02-06 17:17:08 - [MESSAGE][PASSED] - Actual text 'BusRepFname BusRepLname' and expected text 'BusRepFname BusRepLname' are matched 

2024-02-06 17:17:08 - [TEST_STEP][PASSED] - AL1 = getAttribute(findTestObject("Object Repository/RAD_Pages/PaymentEntry_Page/input_billingAddress"), "value"): Attribute 'value' of object 'Object Repository/RAD_Pages/PaymentEntry_Page/input_billingAddress' is: '2508 Mandan Terrace'

2024-02-06 17:17:09 - [MESSAGE][PASSED] - Attribute 'value' of object 'Object Repository/RAD_Pages/PaymentEntry_Page/input_billingAddress' is: '2508 Mandan Terrace'

2024-02-06 17:17:09 - [TEST_STEP][PASSED] - verifyMatch("2508 Mandan Terrace", AL1, false): Actual text '2508 Mandan Terrace' and expected text '2508 Mandan Terrace' are matched 

2024-02-06 17:17:09 - [MESSAGE][PASSED] - Actual text '2508 Mandan Terrace' and expected text '2508 Mandan Terrace' are matched 

2024-02-06 17:17:09 - [TEST_STEP][PASSED] - AL2 = getAttribute(findTestObject("Object Repository/RAD_Pages/PaymentEntry_Page/input_billingAddress2"), "value"): Attribute 'value' of object 'Object Repository/RAD_Pages/PaymentEntry_Page/input_billingAddress2' is: ''

2024-02-06 17:17:09 - [MESSAGE][PASSED] - Attribute 'value' of object 'Object Repository/RAD_Pages/PaymentEntry_Page/input_billingAddress2' is: ''

2024-02-06 17:17:09 - [TEST_STEP][PASSED] - verifyMatch("", AL2, false): Actual text '' and expected text '' are matched 

2024-02-06 17:17:09 - [MESSAGE][PASSED] - Actual text '' and expected text '' are matched 

2024-02-06 17:17:09 - [TEST_STEP][PASSED] - zipCode = getAttribute(findTestObject("Object Repository/RAD_Pages/PaymentEntry_Page/input_billingZip"), "value"): Attribute 'value' of object 'Object Repository/RAD_Pages/PaymentEntry_Page/input_billingZip' is: '21054'

2024-02-06 17:17:09 - [MESSAGE][PASSED] - Attribute 'value' of object 'Object Repository/RAD_Pages/PaymentEntry_Page/input_billingZip' is: '21054'

2024-02-06 17:17:09 - [TEST_STEP][PASSED] - verifyMatch("21054", zipCode, false): Actual text '21054' and expected text '21054' are matched 

2024-02-06 17:17:09 - [MESSAGE][PASSED] - Actual text '21054' and expected text '21054' are matched 

2024-02-06 17:17:09 - [TEST_STEP][PASSED] - city = getAttribute(findTestObject("Object Repository/RAD_Pages/PaymentEntry_Page/input_billingCity"), "value"): Attribute 'value' of object 'Object Repository/RAD_Pages/PaymentEntry_Page/input_billingCity' is: 'GAMBRILLS'

2024-02-06 17:17:10 - [MESSAGE][PASSED] - Attribute 'value' of object 'Object Repository/RAD_Pages/PaymentEntry_Page/input_billingCity' is: 'GAMBRILLS'

2024-02-06 17:17:10 - [TEST_STEP][PASSED] - verifyMatch("GAMBRILLS", city, false): Actual text 'GAMBRILLS' and expected text 'GAMBRILLS' are matched 

2024-02-06 17:17:10 - [MESSAGE][PASSED] - Actual text 'GAMBRILLS' and expected text 'GAMBRILLS' are matched 

2024-02-06 17:17:10 - [TEST_STEP][PASSED] - email = getAttribute(findTestObject("Object Repository/RAD_Pages/PaymentEntry_Page/input_emailAddress"), "value"): Attribute 'value' of object 'Object Repository/RAD_Pages/PaymentEntry_Page/input_emailAddress' is: 'iahmed@govolution.com'

2024-02-06 17:17:10 - [MESSAGE][PASSED] - Attribute 'value' of object 'Object Repository/RAD_Pages/PaymentEntry_Page/input_emailAddress' is: 'iahmed@govolution.com'

2024-02-06 17:17:10 - [TEST_STEP][PASSED] - verifyMatch("iahmed@govolution.com", email, false): Actual text 'iahmed@govolution.com' and expected text 'iahmed@govolution.com' are matched 

2024-02-06 17:17:10 - [MESSAGE][PASSED] - Actual text 'iahmed@govolution.com' and expected text 'iahmed@govolution.com' are matched 

2024-02-06 17:17:10 - [TEST_STEP][PASSED] - amount = getAttribute(findTestObject("Object Repository/RAD_Pages/PaymentEntry_Page/input_amount"), "value"): Attribute 'value' of object 'Object Repository/RAD_Pages/PaymentEntry_Page/input_amount' is: '100.00'

2024-02-06 17:17:10 - [MESSAGE][PASSED] - Attribute 'value' of object 'Object Repository/RAD_Pages/PaymentEntry_Page/input_amount' is: '100.00'

2024-02-06 17:17:10 - [TEST_STEP][PASSED] - verifyMatch("100.00", amount, false): Actual text '100.00' and expected text '100.00' are matched 

2024-02-06 17:17:10 - [MESSAGE][PASSED] - Actual text '100.00' and expected text '100.00' are matched 

2024-02-06 17:17:10 - [TEST_STEP][PASSED] - amountReadOnly = getAttribute(findTestObject("Object Repository/RAD_Pages/PaymentEntry_Page/input_amount"), "readonly"): Attribute 'readonly' of object 'Object Repository/RAD_Pages/PaymentEntry_Page/input_amount' is: 'true'

2024-02-06 17:17:11 - [MESSAGE][PASSED] - Attribute 'readonly' of object 'Object Repository/RAD_Pages/PaymentEntry_Page/input_amount' is: 'true'

2024-02-06 17:17:11 - [TEST_STEP][PASSED] - verifyMatch("true", amountReadOnly, false): Actual text 'true' and expected text 'true' are matched 

2024-02-06 17:17:11 - [MESSAGE][PASSED] - Actual text 'true' and expected text 'true' are matched 

2024-02-06 17:17:11 - [TEST_STEP][PASSED] - verifyOptionSelectedByLabel(findTestObject("Object Repository/RAD_Pages/PaymentEntry_Page/select_Country"), "United States", false, 20): All options with label 'United States' are selected in object 'Object Repository/RAD_Pages/PaymentEntry_Page/select_Country' 

2024-02-06 17:17:12 - [MESSAGE][PASSED] - All options with label 'United States' are selected in object 'Object Repository/RAD_Pages/PaymentEntry_Page/select_Country' 

2024-02-06 17:17:12 - [TEST_STEP][PASSED] - verifyOptionSelectedByLabel(findTestObject("Object Repository/RAD_Pages/PaymentEntry_Page/select_State"), "Maryland", false, 20): All options with label 'Maryland' are selected in object 'Object Repository/RAD_Pages/PaymentEntry_Page/select_State' 

2024-02-06 17:17:14 - [MESSAGE][PASSED] - All options with label 'Maryland' are selected in object 'Object Repository/RAD_Pages/PaymentEntry_Page/select_State' 

2024-02-06 17:17:14 - [TEST_STEP][PASSED] - setText(findTestObject(orPath_PaymentEntry + "/input__cardNumber"), "4111111111111111"): Text '4111111111111111' is set on object 'Object Repository/RAD_Pages/PaymentEntry_Page/input__cardNumber'

2024-02-06 17:17:15 - [MESSAGE][PASSED] - Text '4111111111111111' is set on object 'Object Repository/RAD_Pages/PaymentEntry_Page/input__cardNumber'

2024-02-06 17:17:15 - [TEST_STEP][PASSED] - setText(findTestObject(orPath_PaymentEntry + "/input__spc"), "123"): Text '123' is set on object 'Object Repository/RAD_Pages/PaymentEntry_Page/input__spc'

2024-02-06 17:17:16 - [MESSAGE][PASSED] - Text '123' is set on object 'Object Repository/RAD_Pages/PaymentEntry_Page/input__spc'

2024-02-06 17:17:16 - [TEST_STEP][PASSED] - selectOptionByLabel(findTestObject(orPath_PaymentEntry + "/select_MM"), "12", false): All options with label '12' are selected in object 'Object Repository/RAD_Pages/PaymentEntry_Page/select_MM' 

2024-02-06 17:17:17 - [MESSAGE][PASSED] - All options with label '12' are selected in object 'Object Repository/RAD_Pages/PaymentEntry_Page/select_MM' 

2024-02-06 17:17:17 - [TEST_STEP][PASSED] - selectOptionByLabel(findTestObject(orPath_PaymentEntry + "/select_YYYY"), "2028", false): All options with label '2028' are selected in object 'Object Repository/RAD_Pages/PaymentEntry_Page/select_YYYY' 

2024-02-06 17:17:17 - [MESSAGE][PASSED] - All options with label '2028' are selected in object 'Object Repository/RAD_Pages/PaymentEntry_Page/select_YYYY' 

2024-02-06 17:17:17 - [TEST_STEP][PASSED] - click(findTestObject(orPath_PaymentEntry + "/input_Field_ccSubmit")): Object: 'Object Repository/RAD_Pages/PaymentEntry_Page/input_Field_ccSubmit' is clicked on

2024-02-06 17:17:18 - [MESSAGE][PASSED] - Object: 'Object Repository/RAD_Pages/PaymentEntry_Page/input_Field_ccSubmit' is clicked on

2024-02-06 17:17:18 - [TEST_STEP][PASSED] - click(findTestObject(orPath_PaymentConfirmation + "/input_N_confirmNotifyAction")): Object: 'Object Repository/RAD_Pages/PaymentConfirmation_Page/input_N_confirmNotifyAction' is clicked on

2024-02-06 17:17:19 - [MESSAGE][PASSED] - Object: 'Object Repository/RAD_Pages/PaymentConfirmation_Page/input_N_confirmNotifyAction' is clicked on

2024-02-06 17:17:19 - [TEST_STEP][PASSED] - verifyTextPresent("Service Fee Acceptance", true): Text 'Service Fee Acceptance' is present on page  using regular expression

2024-02-06 17:17:20 - [MESSAGE][PASSED] - Text 'Service Fee Acceptance' is present on page  using regular expression

2024-02-06 17:17:20 - [TEST_STEP][PASSED] - verifyTextPresent("This transaction is subject to a Service Fee of ", true): Text 'This transaction is subject to a Service Fee of ' is present on page  using regular expression

2024-02-06 17:17:20 - [MESSAGE][PASSED] - Text 'This transaction is subject to a Service Fee of ' is present on page  using regular expression

2024-02-06 17:17:20 - [TEST_STEP][PASSED] - verifyTextPresent("Payment Amount:", true): Text 'Payment Amount:' is present on page  using regular expression

2024-02-06 17:17:21 - [MESSAGE][PASSED] - Text 'Payment Amount:' is present on page  using regular expression

2024-02-06 17:17:21 - [TEST_STEP][PASSED] - verifyTextPresent("100.00", true): Text '100.00' is present on page  using regular expression

2024-02-06 17:17:21 - [MESSAGE][PASSED] - Text '100.00' is present on page  using regular expression

2024-02-06 17:17:21 - [TEST_STEP][PASSED] - verifyTextPresent("Service Fee:", true): Text 'Service Fee:' is present on page  using regular expression

2024-02-06 17:17:21 - [MESSAGE][PASSED] - Text 'Service Fee:' is present on page  using regular expression

2024-02-06 17:17:21 - [TEST_STEP][PASSED] - verifyTextPresent("2.45", true): Text '2.45' is present on page  using regular expression

2024-02-06 17:17:22 - [MESSAGE][PASSED] - Text '2.45' is present on page  using regular expression

2024-02-06 17:17:22 - [TEST_STEP][PASSED] - verifyTextPresent("Total Amount:", true): Text 'Total Amount:' is present on page  using regular expression

2024-02-06 17:17:22 - [MESSAGE][PASSED] - Text 'Total Amount:' is present on page  using regular expression

2024-02-06 17:17:22 - [TEST_STEP][PASSED] - verifyTextPresent("102.45", true): Text '102.45' is present on page  using regular expression

2024-02-06 17:17:22 - [MESSAGE][PASSED] - Text '102.45' is present on page  using regular expression

2024-02-06 17:17:22 - [TEST_STEP][PASSED] - verifyTextPresent("Two transactions will appear on your bank statement, one in the amount of", true): Text 'Two transactions will appear on your bank statement, one in the amount of' is present on page  using regular expression

2024-02-06 17:17:22 - [MESSAGE][PASSED] - Text 'Two transactions will appear on your bank statement, one in the amount of' is present on page  using regular expression

2024-02-06 17:17:22 - [TEST_STEP][PASSED] - if (verifyElementPresent(findTestObject(orPath_ServiceFeesAccept + "/input_convFeeNotifyAction"), 30)): null

2024-02-06 17:17:23 - [MESSAGE][PASSED] - Object 'Object Repository/RAD_Pages/ServiceFeeAccept_Page/input_convFeeNotifyAction' is present

2024-02-06 17:17:23 - [TEST_STEP][PASSED] - resText = "Pass": null

2024-02-06 17:17:23 - [TEST_STEP][PASSED] - pages.WriteExcel.demoKey(resText, datText, resColumn, datCloumn, fileLoc, nameSheet, row): pages.WriteExcel.demoKey is PASSED

2024-02-06 17:17:23 - [MESSAGE][PASSED] - pages.WriteExcel.demoKey is PASSED

2024-02-06 17:17:23 - [TEST_STEP][PASSED] - if (execProfile == "QAProfile" || execProfile == "QA2Profile"): Text 'Successful Payment Receipt' is present on page  using regular expression

2024-02-06 17:17:23 - [TEST_STEP][PASSED] - click(findTestObject(orPath_ServiceFeesAccept + "/input_convFeeNotifyAction")): Object: 'Object Repository/RAD_Pages/ServiceFeeAccept_Page/input_convFeeNotifyAction' is clicked on

2024-02-06 17:17:24 - [MESSAGE][PASSED] - Object: 'Object Repository/RAD_Pages/ServiceFeeAccept_Page/input_convFeeNotifyAction' is clicked on

2024-02-06 17:17:24 - [TEST_STEP][PASSED] - delay(10): Delayed 10 second(s)

2024-02-06 17:17:34 - [MESSAGE][PASSED] - Delayed 10 second(s)

2024-02-06 17:17:34 - [TEST_STEP][PASSED] - verifyTextPresent("Successful Payment Receipt", true): Text 'Successful Payment Receipt' is present on page  using regular expression

2024-02-06 17:17:34 - [MESSAGE][PASSED] - Text 'Successful Payment Receipt' is present on page  using regular expression

2024-02-06 17:17:34 - [TEST_STEP][PASSED] - ExecuteTC = findTestData(dataFile).getValue("Execute", row): null

2024-02-06 17:17:34 - [TEST_STEP][PASSED] - TaxType = findTestData(dataFile).getValue("TaxType", row): null

2024-02-06 17:17:34 - [TEST_STEP][PASSED] - PaymentType = findTestData(dataFile).getValue("PaymentType", row): null

2024-02-06 17:17:34 - [TEST_STEP][PASSED] - FilingYear = findTestData(dataFile).getValue("Year", row): null

2024-02-06 17:17:34 - [TEST_STEP][PASSED] - feinSSN = findTestData(dataFile).getValue("FeinSsn", row): null

2024-02-06 17:17:34 - [TEST_STEP][PASSED] - if (ExecuteTC.equalsIgnoreCase("Y")): null

2024-02-06 17:17:34 - [TEST_STEP][PASSED] - out.println("Begin Record Number: " + row): null

2024-02-06 17:17:34 - [TEST_STEP][PASSED] - today = new java.util.Date(): null

2024-02-06 17:17:34 - [TEST_STEP][PASSED] - println(today): null

2024-02-06 17:17:34 - [TEST_STEP][PASSED] - datText = today: null

2024-02-06 17:17:34 - [TEST_STEP][PASSED] - logInfo("Payment Type: New Tax Return Amount Due"): Payment Type: New Tax Return Amount Due

2024-02-06 17:17:34 - [MESSAGE][INFO] - Payment Type: New Tax Return Amount Due

2024-02-06 17:17:34 - [TEST_STEP][PASSED] - logInfo("Tax Type: " + TaxType): Tax Type: Bay Restoration Fee

2024-02-06 17:17:34 - [MESSAGE][INFO] - Tax Type: Bay Restoration Fee

2024-02-06 17:17:34 - [TEST_STEP][PASSED] - openBrowser(""): Browser is opened with url: ''

2024-02-06 17:17:34 - [MESSAGE][WARNING] - A browser is already opened. Closing browser and opening a new one

2024-02-06 17:17:35 - [MESSAGE][INFO] - Starting 'Chrome' driver

2024-02-06 17:17:35 - [MESSAGE][INFO] - User set preference: ['acceptInsecureCerts', 'true']

2024-02-06 17:17:35 - [MESSAGE][INFO] - Action delay is set to 0 milliseconds

2024-02-06 17:17:37 - [MESSAGE][PASSED] - Browser is opened with url: ''

2024-02-06 17:17:37 - [TEST_STEP][PASSED] - maximizeWindow(): Current window maximized

2024-02-06 17:17:37 - [MESSAGE][PASSED] - Current window maximized

2024-02-06 17:17:37 - [TEST_STEP][PASSED] - navigateToUrl(RADurl): Navigate to 'https://qa2.velocitypayment.com/client/rad/index.html' successfully

2024-02-06 17:17:39 - [MESSAGE][PASSED] - Navigate to 'https://qa2.velocitypayment.com/client/rad/index.html' successfully

2024-02-06 17:17:39 - [TEST_STEP][PASSED] - selectOptionByLabel(findTestObject(orPath_Landing + "/dd_TaxType"), "New Tax Return Amount Due", false): All options with label 'New Tax Return Amount Due' are selected in object 'Object Repository/RAD_Pages/Landing_Page/dd_TaxType' 

2024-02-06 17:17:39 - [MESSAGE][PASSED] - All options with label 'New Tax Return Amount Due' are selected in object 'Object Repository/RAD_Pages/Landing_Page/dd_TaxType' 

2024-02-06 17:17:39 - [TEST_STEP][PASSED] - selectOptionByLabel(findTestObject("Object Repository/RAD_Pages/Landing_Page/select_NewTaxReturnAmountDue_TaxType"), TaxType, false): All options with label 'Bay Restoration Fee' are selected in object 'Object Repository/RAD_Pages/Landing_Page/select_NewTaxReturnAmountDue_TaxType' 

2024-02-06 17:17:40 - [MESSAGE][PASSED] - All options with label 'Bay Restoration Fee' are selected in object 'Object Repository/RAD_Pages/Landing_Page/select_NewTaxReturnAmountDue_TaxType' 

2024-02-06 17:17:40 - [TEST_STEP][PASSED] - selectOptionByLabel(findTestObject(orPath_TaxTypeFilingYear + "/select_FilingYear"), FilingYear, false): All options with label '2021' are selected in object 'Object Repository/RAD_Pages/TaxTypeFilingYear_Page/select_FilingYear' 

2024-02-06 17:17:41 - [MESSAGE][PASSED] - All options with label '2021' are selected in object 'Object Repository/RAD_Pages/TaxTypeFilingYear_Page/select_FilingYear' 

2024-02-06 17:17:41 - [TEST_STEP][PASSED] - rad.getSetDataRAD.setDataRADBusinessName(): rad.getSetDataRAD.setDataRADBusinessName is PASSED

2024-02-06 17:17:42 - [MESSAGE][PASSED] - Text 'My Company' is set on object 'Object Repository/RAD_Pages/Taxpayer_Page/input_businessName'

2024-02-06 17:17:42 - [MESSAGE][PASSED] - rad.getSetDataRAD.setDataRADBusinessName is PASSED

2024-02-06 17:17:42 - [TEST_STEP][PASSED] - rad.getSetDataRAD.setDataRADBusinessRep(): rad.getSetDataRAD.setDataRADBusinessRep is PASSED

2024-02-06 17:17:43 - [MESSAGE][PASSED] - Text 'BusRepFname' is set on object 'Object Repository/RAD_Pages/Taxpayer_Page/input_BusinessRepfirstName'

2024-02-06 17:17:43 - [MESSAGE][PASSED] - Text '' is set on object 'Object Repository/RAD_Pages/Taxpayer_Page/input_BusinessRepmiddleName'

2024-02-06 17:17:44 - [MESSAGE][PASSED] - Text 'BusRepLname' is set on object 'Object Repository/RAD_Pages/Taxpayer_Page/input_BusinessReplastName'

2024-02-06 17:17:45 - [MESSAGE][PASSED] - Text '' is set on object 'Object Repository/RAD_Pages/Taxpayer_Page/input_BusinessRepsuffix'

2024-02-06 17:17:45 - [MESSAGE][PASSED] - rad.getSetDataRAD.setDataRADBusinessRep is PASSED

2024-02-06 17:17:45 - [TEST_STEP][PASSED] - rad.getSetDataRAD.setDataRADAddress(): rad.getSetDataRAD.setDataRADAddress is PASSED

2024-02-06 17:17:45 - [MESSAGE][PASSED] - All options with label 'United States' are selected in object 'Object Repository/RAD_Pages/AddressAndContactInfo_Page/select_Country' 

2024-02-06 17:17:46 - [MESSAGE][PASSED] - Text '2508 Mandan Terrace' is set on object 'Object Repository/RAD_Pages/AddressAndContactInfo_Page/input_streetAddress1'

2024-02-06 17:17:47 - [MESSAGE][PASSED] - Text '' is set on object 'Object Repository/RAD_Pages/AddressAndContactInfo_Page/input_streetAddress2'

2024-02-06 17:17:48 - [MESSAGE][PASSED] - Text 'Gambrills' is set on object 'Object Repository/RAD_Pages/AddressAndContactInfo_Page/input_city'

2024-02-06 17:17:48 - [MESSAGE][PASSED] - All options with label 'Maryland' are selected in object 'Object Repository/RAD_Pages/AddressAndContactInfo_Page/select_State' 

2024-02-06 17:17:49 - [MESSAGE][PASSED] - Text '21054' is set on object 'Object Repository/RAD_Pages/AddressAndContactInfo_Page/input_zipCode'

2024-02-06 17:17:50 - [MESSAGE][PASSED] - Text '(703) 894-5000' is set on object 'Object Repository/RAD_Pages/AddressAndContactInfo_Page/input_phoneNumber'

2024-02-06 17:17:51 - [MESSAGE][PASSED] - Text 'iahmed@govolution.com' is set on object 'Object Repository/RAD_Pages/AddressAndContactInfo_Page/input_eMailAddress'

2024-02-06 17:17:51 - [MESSAGE][PASSED] - Text 'iahmed@govolution.com' is set on object 'Object Repository/RAD_Pages/AddressAndContactInfo_Page/input_reEnterEMailAddress'

2024-02-06 17:17:51 - [MESSAGE][PASSED] - rad.getSetDataRAD.setDataRADAddress is PASSED

2024-02-06 17:17:51 - [TEST_STEP][PASSED] - if (feinSSN.equalsIgnoreCase("Y")): null

2024-02-06 17:17:51 - [TEST_STEP][PASSED] - else: rad.getSetDataRAD.setDataRADFEIN is PASSED

2024-02-06 17:17:51 - [TEST_STEP][PASSED] - if (!(TaxType.equalsIgnoreCase("Estate Tax"))): rad.getSetDataRAD.setDataRADFEIN is PASSED

2024-02-06 17:17:51 - [TEST_STEP][PASSED] - rad.getSetDataRAD.setDataRADFEIN(): rad.getSetDataRAD.setDataRADFEIN is PASSED

2024-02-06 17:17:52 - [MESSAGE][PASSED] - Text ****** has been set on object 'Object Repository/RAD_Pages/TaxInfo_Page/input_FederalEIN'

2024-02-06 17:17:53 - [MESSAGE][PASSED] - Text ****** has been set on object 'Object Repository/RAD_Pages/TaxInfo_Page/input_FederalEIN_ReEnter'

2024-02-06 17:17:53 - [MESSAGE][PASSED] - rad.getSetDataRAD.setDataRADFEIN is PASSED

2024-02-06 17:17:53 - [TEST_STEP][PASSED] - if (TaxType.equalsIgnoreCase("Estate Tax")): null

2024-02-06 17:17:53 - [TEST_STEP][PASSED] - setText(findTestObject(orPath_Amount + "/input__paymentAmount"), "100.00"): Text '100.00' is set on object 'Object Repository/RAD_Pages/PaymentAmount_Page/input__paymentAmount'

2024-02-06 17:17:54 - [MESSAGE][PASSED] - Text '100.00' is set on object 'Object Repository/RAD_Pages/PaymentAmount_Page/input__paymentAmount'

2024-02-06 17:17:54 - [TEST_STEP][PASSED] - setText(findTestObject(orPath_AddressContact + "/input_streetAddress2"), ""): Text '' is set on object 'Object Repository/RAD_Pages/AddressAndContactInfo_Page/input_streetAddress2'

2024-02-06 17:17:54 - [MESSAGE][PASSED] - Text '' is set on object 'Object Repository/RAD_Pages/AddressAndContactInfo_Page/input_streetAddress2'

2024-02-06 17:17:54 - [TEST_STEP][PASSED] - scrollToElement(findTestObject(orPath_Landing + "/button_Continue"), 3): Scroll to object 'Object Repository/RAD_Pages/Landing_Page/button_Continue' successfully

2024-02-06 17:17:55 - [MESSAGE][PASSED] - Scroll to object 'Object Repository/RAD_Pages/Landing_Page/button_Continue' successfully

2024-02-06 17:17:55 - [TEST_STEP][PASSED] - waitForElementClickable(findTestObject(orPath_Landing + "/button_Continue"), 5): Object 'Object Repository/RAD_Pages/Landing_Page/button_Continue' is clickable

2024-02-06 17:17:55 - [MESSAGE][PASSED] - Object 'Object Repository/RAD_Pages/Landing_Page/button_Continue' is clickable

2024-02-06 17:17:55 - [TEST_STEP][PASSED] - click(findTestObject(orPath_Landing + "/button_Continue")): Object: 'Object Repository/RAD_Pages/Landing_Page/button_Continue' is clicked on

2024-02-06 17:17:56 - [MESSAGE][PASSED] - Object: 'Object Repository/RAD_Pages/Landing_Page/button_Continue' is clicked on

2024-02-06 17:17:56 - [TEST_STEP][PASSED] - delay(2): Delayed 2 second(s)

2024-02-06 17:17:58 - [MESSAGE][PASSED] - Delayed 2 second(s)

2024-02-06 17:17:58 - [TEST_STEP][PASSED] - click(findTestObject(orPath_Summary + "/button_Proceed to Payment")): Object: 'Object Repository/RAD_Pages/Summary_Page/button_Proceed to Payment' is clicked on

2024-02-06 17:17:59 - [MESSAGE][PASSED] - Object: 'Object Repository/RAD_Pages/Summary_Page/button_Proceed to Payment' is clicked on

2024-02-06 17:17:59 - [TEST_STEP][PASSED] - if (verifyElementPresent(findTestObject("Object Repository/RAD_Pages/PaymentEntry_Page/input__billingName"), 30)): null

2024-02-06 17:17:59 - [MESSAGE][PASSED] - Object 'Object Repository/RAD_Pages/PaymentEntry_Page/input__billingName' is present

2024-02-06 17:17:59 - [TEST_STEP][PASSED] - verifyTextPresent("Comptroller of Maryland", true): Text 'Comptroller of Maryland' is present on page  using regular expression

2024-02-06 17:18:00 - [MESSAGE][PASSED] - Text 'Comptroller of Maryland' is present on page  using regular expression

2024-02-06 17:18:00 - [TEST_STEP][PASSED] - verifyTextPresent("Revenue Administration Division", true): Text 'Revenue Administration Division' is present on page  using regular expression

2024-02-06 17:18:00 - [MESSAGE][PASSED] - Text 'Revenue Administration Division' is present on page  using regular expression

2024-02-06 17:18:00 - [TEST_STEP][PASSED] - verifyTextPresent("Payment Information", true): Text 'Payment Information' is present on page  using regular expression

2024-02-06 17:18:00 - [MESSAGE][PASSED] - Text 'Payment Information' is present on page  using regular expression

2024-02-06 17:18:00 - [TEST_STEP][PASSED] - card_Name = getAttribute(findTestObject("Object Repository/RAD_Pages/PaymentEntry_Page/input__billingName"), "value"): Attribute 'value' of object 'Object Repository/RAD_Pages/PaymentEntry_Page/input__billingName' is: 'BusRepFname BusRepLname'

2024-02-06 17:18:01 - [MESSAGE][PASSED] - Attribute 'value' of object 'Object Repository/RAD_Pages/PaymentEntry_Page/input__billingName' is: 'BusRepFname BusRepLname'

2024-02-06 17:18:01 - [TEST_STEP][PASSED] - verifyMatch("BusRepFname BusRepLname", card_Name, false): Actual text 'BusRepFname BusRepLname' and expected text 'BusRepFname BusRepLname' are matched 

2024-02-06 17:18:01 - [MESSAGE][PASSED] - Actual text 'BusRepFname BusRepLname' and expected text 'BusRepFname BusRepLname' are matched 

2024-02-06 17:18:01 - [TEST_STEP][PASSED] - AL1 = getAttribute(findTestObject("Object Repository/RAD_Pages/PaymentEntry_Page/input_billingAddress"), "value"): Attribute 'value' of object 'Object Repository/RAD_Pages/PaymentEntry_Page/input_billingAddress' is: '2508 Mandan Terrace'

2024-02-06 17:18:01 - [MESSAGE][PASSED] - Attribute 'value' of object 'Object Repository/RAD_Pages/PaymentEntry_Page/input_billingAddress' is: '2508 Mandan Terrace'

2024-02-06 17:18:01 - [TEST_STEP][PASSED] - verifyMatch("2508 Mandan Terrace", AL1, false): Actual text '2508 Mandan Terrace' and expected text '2508 Mandan Terrace' are matched 

2024-02-06 17:18:01 - [MESSAGE][PASSED] - Actual text '2508 Mandan Terrace' and expected text '2508 Mandan Terrace' are matched 

2024-02-06 17:18:01 - [TEST_STEP][PASSED] - AL2 = getAttribute(findTestObject("Object Repository/RAD_Pages/PaymentEntry_Page/input_billingAddress2"), "value"): Attribute 'value' of object 'Object Repository/RAD_Pages/PaymentEntry_Page/input_billingAddress2' is: ''

2024-02-06 17:18:01 - [MESSAGE][PASSED] - Attribute 'value' of object 'Object Repository/RAD_Pages/PaymentEntry_Page/input_billingAddress2' is: ''

2024-02-06 17:18:01 - [TEST_STEP][PASSED] - verifyMatch("", AL2, false): Actual text '' and expected text '' are matched 

2024-02-06 17:18:01 - [MESSAGE][PASSED] - Actual text '' and expected text '' are matched 

2024-02-06 17:18:01 - [TEST_STEP][PASSED] - zipCode = getAttribute(findTestObject("Object Repository/RAD_Pages/PaymentEntry_Page/input_billingZip"), "value"): Attribute 'value' of object 'Object Repository/RAD_Pages/PaymentEntry_Page/input_billingZip' is: '21054'

2024-02-06 17:18:02 - [MESSAGE][PASSED] - Attribute 'value' of object 'Object Repository/RAD_Pages/PaymentEntry_Page/input_billingZip' is: '21054'

2024-02-06 17:18:02 - [TEST_STEP][PASSED] - verifyMatch("21054", zipCode, false): Actual text '21054' and expected text '21054' are matched 

2024-02-06 17:18:02 - [MESSAGE][PASSED] - Actual text '21054' and expected text '21054' are matched 

2024-02-06 17:18:02 - [TEST_STEP][PASSED] - city = getAttribute(findTestObject("Object Repository/RAD_Pages/PaymentEntry_Page/input_billingCity"), "value"): Attribute 'value' of object 'Object Repository/RAD_Pages/PaymentEntry_Page/input_billingCity' is: 'GAMBRILLS'

2024-02-06 17:18:02 - [MESSAGE][PASSED] - Attribute 'value' of object 'Object Repository/RAD_Pages/PaymentEntry_Page/input_billingCity' is: 'GAMBRILLS'

2024-02-06 17:18:02 - [TEST_STEP][PASSED] - verifyMatch("GAMBRILLS", city, false): Actual text 'GAMBRILLS' and expected text 'GAMBRILLS' are matched 

2024-02-06 17:18:02 - [MESSAGE][PASSED] - Actual text 'GAMBRILLS' and expected text 'GAMBRILLS' are matched 

2024-02-06 17:18:02 - [TEST_STEP][PASSED] - email = getAttribute(findTestObject("Object Repository/RAD_Pages/PaymentEntry_Page/input_emailAddress"), "value"): Attribute 'value' of object 'Object Repository/RAD_Pages/PaymentEntry_Page/input_emailAddress' is: 'iahmed@govolution.com'

2024-02-06 17:18:02 - [MESSAGE][PASSED] - Attribute 'value' of object 'Object Repository/RAD_Pages/PaymentEntry_Page/input_emailAddress' is: 'iahmed@govolution.com'

2024-02-06 17:18:02 - [TEST_STEP][PASSED] - verifyMatch("iahmed@govolution.com", email, false): Actual text 'iahmed@govolution.com' and expected text 'iahmed@govolution.com' are matched 

2024-02-06 17:18:02 - [MESSAGE][PASSED] - Actual text 'iahmed@govolution.com' and expected text 'iahmed@govolution.com' are matched 

2024-02-06 17:18:02 - [TEST_STEP][PASSED] - amount = getAttribute(findTestObject("Object Repository/RAD_Pages/PaymentEntry_Page/input_amount"), "value"): Attribute 'value' of object 'Object Repository/RAD_Pages/PaymentEntry_Page/input_amount' is: '100.00'

2024-02-06 17:18:03 - [MESSAGE][PASSED] - Attribute 'value' of object 'Object Repository/RAD_Pages/PaymentEntry_Page/input_amount' is: '100.00'

2024-02-06 17:18:03 - [TEST_STEP][PASSED] - verifyMatch("100.00", amount, false): Actual text '100.00' and expected text '100.00' are matched 

2024-02-06 17:18:03 - [MESSAGE][PASSED] - Actual text '100.00' and expected text '100.00' are matched 

2024-02-06 17:18:03 - [TEST_STEP][PASSED] - amountReadOnly = getAttribute(findTestObject("Object Repository/RAD_Pages/PaymentEntry_Page/input_amount"), "readonly"): Attribute 'readonly' of object 'Object Repository/RAD_Pages/PaymentEntry_Page/input_amount' is: 'true'

2024-02-06 17:18:03 - [MESSAGE][PASSED] - Attribute 'readonly' of object 'Object Repository/RAD_Pages/PaymentEntry_Page/input_amount' is: 'true'

2024-02-06 17:18:03 - [TEST_STEP][PASSED] - verifyMatch("true", amountReadOnly, false): Actual text 'true' and expected text 'true' are matched 

2024-02-06 17:18:03 - [MESSAGE][PASSED] - Actual text 'true' and expected text 'true' are matched 

2024-02-06 17:18:03 - [TEST_STEP][PASSED] - verifyOptionSelectedByLabel(findTestObject("Object Repository/RAD_Pages/PaymentEntry_Page/select_Country"), "United States", false, 20): All options with label 'United States' are selected in object 'Object Repository/RAD_Pages/PaymentEntry_Page/select_Country' 

2024-02-06 17:18:04 - [MESSAGE][PASSED] - All options with label 'United States' are selected in object 'Object Repository/RAD_Pages/PaymentEntry_Page/select_Country' 

2024-02-06 17:18:04 - [TEST_STEP][PASSED] - verifyOptionSelectedByLabel(findTestObject("Object Repository/RAD_Pages/PaymentEntry_Page/select_State"), "Maryland", false, 20): All options with label 'Maryland' are selected in object 'Object Repository/RAD_Pages/PaymentEntry_Page/select_State' 

2024-02-06 17:18:07 - [MESSAGE][PASSED] - All options with label 'Maryland' are selected in object 'Object Repository/RAD_Pages/PaymentEntry_Page/select_State' 

2024-02-06 17:18:07 - [TEST_STEP][PASSED] - setText(findTestObject(orPath_PaymentEntry + "/input__cardNumber"), "4111111111111111"): Text '4111111111111111' is set on object 'Object Repository/RAD_Pages/PaymentEntry_Page/input__cardNumber'

2024-02-06 17:18:07 - [MESSAGE][PASSED] - Text '4111111111111111' is set on object 'Object Repository/RAD_Pages/PaymentEntry_Page/input__cardNumber'

2024-02-06 17:18:07 - [TEST_STEP][PASSED] - setText(findTestObject(orPath_PaymentEntry + "/input__spc"), "123"): Text '123' is set on object 'Object Repository/RAD_Pages/PaymentEntry_Page/input__spc'

2024-02-06 17:18:08 - [MESSAGE][PASSED] - Text '123' is set on object 'Object Repository/RAD_Pages/PaymentEntry_Page/input__spc'

2024-02-06 17:18:08 - [TEST_STEP][PASSED] - selectOptionByLabel(findTestObject(orPath_PaymentEntry + "/select_MM"), "12", false): All options with label '12' are selected in object 'Object Repository/RAD_Pages/PaymentEntry_Page/select_MM' 

2024-02-06 17:18:09 - [MESSAGE][PASSED] - All options with label '12' are selected in object 'Object Repository/RAD_Pages/PaymentEntry_Page/select_MM' 

2024-02-06 17:18:09 - [TEST_STEP][PASSED] - selectOptionByLabel(findTestObject(orPath_PaymentEntry + "/select_YYYY"), "2028", false): All options with label '2028' are selected in object 'Object Repository/RAD_Pages/PaymentEntry_Page/select_YYYY' 

2024-02-06 17:18:10 - [MESSAGE][PASSED] - All options with label '2028' are selected in object 'Object Repository/RAD_Pages/PaymentEntry_Page/select_YYYY' 

2024-02-06 17:18:10 - [TEST_STEP][PASSED] - click(findTestObject(orPath_PaymentEntry + "/input_Field_ccSubmit")): Object: 'Object Repository/RAD_Pages/PaymentEntry_Page/input_Field_ccSubmit' is clicked on

2024-02-06 17:18:11 - [MESSAGE][PASSED] - Object: 'Object Repository/RAD_Pages/PaymentEntry_Page/input_Field_ccSubmit' is clicked on

2024-02-06 17:18:11 - [TEST_STEP][PASSED] - click(findTestObject(orPath_PaymentConfirmation + "/input_N_confirmNotifyAction")): Object: 'Object Repository/RAD_Pages/PaymentConfirmation_Page/input_N_confirmNotifyAction' is clicked on

2024-02-06 17:18:12 - [MESSAGE][PASSED] - Object: 'Object Repository/RAD_Pages/PaymentConfirmation_Page/input_N_confirmNotifyAction' is clicked on

2024-02-06 17:18:12 - [TEST_STEP][PASSED] - verifyTextPresent("Service Fee Acceptance", true): Text 'Service Fee Acceptance' is present on page  using regular expression

2024-02-06 17:18:12 - [MESSAGE][PASSED] - Text 'Service Fee Acceptance' is present on page  using regular expression

2024-02-06 17:18:12 - [TEST_STEP][PASSED] - verifyTextPresent("This transaction is subject to a Service Fee of ", true): Text 'This transaction is subject to a Service Fee of ' is present on page  using regular expression

2024-02-06 17:18:12 - [MESSAGE][PASSED] - Text 'This transaction is subject to a Service Fee of ' is present on page  using regular expression

2024-02-06 17:18:12 - [TEST_STEP][PASSED] - verifyTextPresent("Payment Amount:", true): Text 'Payment Amount:' is present on page  using regular expression

2024-02-06 17:18:13 - [MESSAGE][PASSED] - Text 'Payment Amount:' is present on page  using regular expression

2024-02-06 17:18:13 - [TEST_STEP][PASSED] - verifyTextPresent("100.00", true): Text '100.00' is present on page  using regular expression

2024-02-06 17:18:13 - [MESSAGE][PASSED] - Text '100.00' is present on page  using regular expression

2024-02-06 17:18:13 - [TEST_STEP][PASSED] - verifyTextPresent("Service Fee:", true): Text 'Service Fee:' is present on page  using regular expression

2024-02-06 17:18:13 - [MESSAGE][PASSED] - Text 'Service Fee:' is present on page  using regular expression

2024-02-06 17:18:13 - [TEST_STEP][PASSED] - verifyTextPresent("2.45", true): Text '2.45' is present on page  using regular expression

2024-02-06 17:18:14 - [MESSAGE][PASSED] - Text '2.45' is present on page  using regular expression

2024-02-06 17:18:14 - [TEST_STEP][PASSED] - verifyTextPresent("Total Amount:", true): Text 'Total Amount:' is present on page  using regular expression

2024-02-06 17:18:14 - [MESSAGE][PASSED] - Text 'Total Amount:' is present on page  using regular expression

2024-02-06 17:18:14 - [TEST_STEP][PASSED] - verifyTextPresent("102.45", true): Text '102.45' is present on page  using regular expression

2024-02-06 17:18:14 - [MESSAGE][PASSED] - Text '102.45' is present on page  using regular expression

2024-02-06 17:18:14 - [TEST_STEP][PASSED] - verifyTextPresent("Two transactions will appear on your bank statement, one in the amount of", true): Text 'Two transactions will appear on your bank statement, one in the amount of' is present on page  using regular expression

2024-02-06 17:18:14 - [MESSAGE][PASSED] - Text 'Two transactions will appear on your bank statement, one in the amount of' is present on page  using regular expression

2024-02-06 17:18:14 - [TEST_STEP][PASSED] - if (verifyElementPresent(findTestObject(orPath_ServiceFeesAccept + "/input_convFeeNotifyAction"), 30)): null

2024-02-06 17:18:15 - [MESSAGE][PASSED] - Object 'Object Repository/RAD_Pages/ServiceFeeAccept_Page/input_convFeeNotifyAction' is present

2024-02-06 17:18:15 - [TEST_STEP][PASSED] - resText = "Pass": null

2024-02-06 17:18:15 - [TEST_STEP][PASSED] - pages.WriteExcel.demoKey(resText, datText, resColumn, datCloumn, fileLoc, nameSheet, row): pages.WriteExcel.demoKey is PASSED

2024-02-06 17:18:15 - [MESSAGE][PASSED] - pages.WriteExcel.demoKey is PASSED

2024-02-06 17:18:15 - [TEST_STEP][PASSED] - if (execProfile == "QAProfile" || execProfile == "QA2Profile"): Text 'Successful Payment Receipt' is present on page  using regular expression

2024-02-06 17:18:15 - [TEST_STEP][PASSED] - click(findTestObject(orPath_ServiceFeesAccept + "/input_convFeeNotifyAction")): Object: 'Object Repository/RAD_Pages/ServiceFeeAccept_Page/input_convFeeNotifyAction' is clicked on

2024-02-06 17:18:16 - [MESSAGE][PASSED] - Object: 'Object Repository/RAD_Pages/ServiceFeeAccept_Page/input_convFeeNotifyAction' is clicked on

2024-02-06 17:18:16 - [TEST_STEP][PASSED] - delay(10): Delayed 10 second(s)

2024-02-06 17:18:26 - [MESSAGE][PASSED] - Delayed 10 second(s)

2024-02-06 17:18:26 - [TEST_STEP][PASSED] - verifyTextPresent("Successful Payment Receipt", true): Text 'Successful Payment Receipt' is present on page  using regular expression

2024-02-06 17:18:26 - [MESSAGE][PASSED] - Text 'Successful Payment Receipt' is present on page  using regular expression

2024-02-06 17:18:26 - [TEST_STEP][PASSED] - ExecuteTC = findTestData(dataFile).getValue("Execute", row): null

2024-02-06 17:18:27 - [TEST_STEP][PASSED] - TaxType = findTestData(dataFile).getValue("TaxType", row): null

2024-02-06 17:18:27 - [TEST_STEP][PASSED] - PaymentType = findTestData(dataFile).getValue("PaymentType", row): null

2024-02-06 17:18:27 - [TEST_STEP][PASSED] - FilingYear = findTestData(dataFile).getValue("Year", row): null

2024-02-06 17:18:27 - [TEST_STEP][PASSED] - feinSSN = findTestData(dataFile).getValue("FeinSsn", row): null

2024-02-06 17:18:27 - [TEST_STEP][PASSED] - if (ExecuteTC.equalsIgnoreCase("Y")): null

2024-02-06 17:18:27 - [TEST_STEP][PASSED] - out.println("Begin Record Number: " + row): null

2024-02-06 17:18:27 - [TEST_STEP][PASSED] - today = new java.util.Date(): null

2024-02-06 17:18:27 - [TEST_STEP][PASSED] - println(today): null

2024-02-06 17:18:27 - [TEST_STEP][PASSED] - datText = today: null

2024-02-06 17:18:27 - [TEST_STEP][PASSED] - logInfo("Payment Type: New Tax Return Amount Due"): Payment Type: New Tax Return Amount Due

2024-02-06 17:18:27 - [MESSAGE][INFO] - Payment Type: New Tax Return Amount Due

2024-02-06 17:18:27 - [TEST_STEP][PASSED] - logInfo("Tax Type: " + TaxType): Tax Type: Corporate Income Tax

2024-02-06 17:18:27 - [MESSAGE][INFO] - Tax Type: Corporate Income Tax

2024-02-06 17:18:27 - [TEST_STEP][PASSED] - openBrowser(""): Browser is opened with url: ''

2024-02-06 17:18:27 - [MESSAGE][WARNING] - A browser is already opened. Closing browser and opening a new one

2024-02-06 17:18:28 - [MESSAGE][INFO] - Starting 'Chrome' driver

2024-02-06 17:18:28 - [MESSAGE][INFO] - User set preference: ['acceptInsecureCerts', 'true']

2024-02-06 17:18:28 - [MESSAGE][INFO] - Action delay is set to 0 milliseconds

2024-02-06 17:18:29 - [MESSAGE][PASSED] - Browser is opened with url: ''

2024-02-06 17:18:29 - [TEST_STEP][PASSED] - maximizeWindow(): Current window maximized

2024-02-06 17:18:30 - [MESSAGE][PASSED] - Current window maximized

2024-02-06 17:18:30 - [TEST_STEP][PASSED] - navigateToUrl(RADurl): Navigate to 'https://qa2.velocitypayment.com/client/rad/index.html' successfully

2024-02-06 17:18:31 - [MESSAGE][PASSED] - Navigate to 'https://qa2.velocitypayment.com/client/rad/index.html' successfully

2024-02-06 17:18:31 - [TEST_STEP][PASSED] - selectOptionByLabel(findTestObject(orPath_Landing + "/dd_TaxType"), "New Tax Return Amount Due", false): All options with label 'New Tax Return Amount Due' are selected in object 'Object Repository/RAD_Pages/Landing_Page/dd_TaxType' 

2024-02-06 17:18:32 - [MESSAGE][PASSED] - All options with label 'New Tax Return Amount Due' are selected in object 'Object Repository/RAD_Pages/Landing_Page/dd_TaxType' 

2024-02-06 17:18:32 - [TEST_STEP][PASSED] - selectOptionByLabel(findTestObject("Object Repository/RAD_Pages/Landing_Page/select_NewTaxReturnAmountDue_TaxType"), TaxType, false): All options with label 'Corporate Income Tax' are selected in object 'Object Repository/RAD_Pages/Landing_Page/select_NewTaxReturnAmountDue_TaxType' 

2024-02-06 17:18:33 - [MESSAGE][PASSED] - All options with label 'Corporate Income Tax' are selected in object 'Object Repository/RAD_Pages/Landing_Page/select_NewTaxReturnAmountDue_TaxType' 

2024-02-06 17:18:33 - [TEST_STEP][PASSED] - selectOptionByLabel(findTestObject(orPath_TaxTypeFilingYear + "/select_FilingYear"), FilingYear, false): All options with label '2021' are selected in object 'Object Repository/RAD_Pages/TaxTypeFilingYear_Page/select_FilingYear' 

2024-02-06 17:18:34 - [MESSAGE][PASSED] - All options with label '2021' are selected in object 'Object Repository/RAD_Pages/TaxTypeFilingYear_Page/select_FilingYear' 

2024-02-06 17:18:34 - [TEST_STEP][PASSED] - rad.getSetDataRAD.setDataRADBusinessName(): rad.getSetDataRAD.setDataRADBusinessName is PASSED

2024-02-06 17:18:34 - [MESSAGE][PASSED] - Text 'My Company' is set on object 'Object Repository/RAD_Pages/Taxpayer_Page/input_businessName'

2024-02-06 17:18:34 - [MESSAGE][PASSED] - rad.getSetDataRAD.setDataRADBusinessName is PASSED

2024-02-06 17:18:34 - [TEST_STEP][PASSED] - rad.getSetDataRAD.setDataRADBusinessRep(): rad.getSetDataRAD.setDataRADBusinessRep is PASSED

2024-02-06 17:18:35 - [MESSAGE][PASSED] - Text 'BusRepFname' is set on object 'Object Repository/RAD_Pages/Taxpayer_Page/input_BusinessRepfirstName'

2024-02-06 17:18:36 - [MESSAGE][PASSED] - Text '' is set on object 'Object Repository/RAD_Pages/Taxpayer_Page/input_BusinessRepmiddleName'

2024-02-06 17:18:37 - [MESSAGE][PASSED] - Text 'BusRepLname' is set on object 'Object Repository/RAD_Pages/Taxpayer_Page/input_BusinessReplastName'

2024-02-06 17:18:37 - [MESSAGE][PASSED] - Text '' is set on object 'Object Repository/RAD_Pages/Taxpayer_Page/input_BusinessRepsuffix'

2024-02-06 17:18:37 - [MESSAGE][PASSED] - rad.getSetDataRAD.setDataRADBusinessRep is PASSED

2024-02-06 17:18:37 - [TEST_STEP][PASSED] - rad.getSetDataRAD.setDataRADAddress(): rad.getSetDataRAD.setDataRADAddress is PASSED

2024-02-06 17:18:38 - [MESSAGE][PASSED] - All options with label 'United States' are selected in object 'Object Repository/RAD_Pages/AddressAndContactInfo_Page/select_Country' 

2024-02-06 17:18:39 - [MESSAGE][PASSED] - Text '2508 Mandan Terrace' is set on object 'Object Repository/RAD_Pages/AddressAndContactInfo_Page/input_streetAddress1'

2024-02-06 17:18:39 - [MESSAGE][PASSED] - Text '' is set on object 'Object Repository/RAD_Pages/AddressAndContactInfo_Page/input_streetAddress2'

2024-02-06 17:18:40 - [MESSAGE][PASSED] - Text 'Gambrills' is set on object 'Object Repository/RAD_Pages/AddressAndContactInfo_Page/input_city'

2024-02-06 17:18:41 - [MESSAGE][PASSED] - All options with label 'Maryland' are selected in object 'Object Repository/RAD_Pages/AddressAndContactInfo_Page/select_State' 

2024-02-06 17:18:42 - [MESSAGE][PASSED] - Text '21054' is set on object 'Object Repository/RAD_Pages/AddressAndContactInfo_Page/input_zipCode'

2024-02-06 17:18:43 - [MESSAGE][PASSED] - Text '(703) 894-5000' is set on object 'Object Repository/RAD_Pages/AddressAndContactInfo_Page/input_phoneNumber'

2024-02-06 17:18:44 - [MESSAGE][PASSED] - Text 'iahmed@govolution.com' is set on object 'Object Repository/RAD_Pages/AddressAndContactInfo_Page/input_eMailAddress'

2024-02-06 17:18:45 - [MESSAGE][PASSED] - Text 'iahmed@govolution.com' is set on object 'Object Repository/RAD_Pages/AddressAndContactInfo_Page/input_reEnterEMailAddress'

2024-02-06 17:18:45 - [MESSAGE][PASSED] - rad.getSetDataRAD.setDataRADAddress is PASSED

2024-02-06 17:18:45 - [TEST_STEP][PASSED] - if (feinSSN.equalsIgnoreCase("Y")): null

2024-02-06 17:18:45 - [TEST_STEP][PASSED] - else: rad.getSetDataRAD.setDataRADFEIN is PASSED

2024-02-06 17:18:45 - [TEST_STEP][PASSED] - if (!(TaxType.equalsIgnoreCase("Estate Tax"))): rad.getSetDataRAD.setDataRADFEIN is PASSED

2024-02-06 17:18:45 - [TEST_STEP][PASSED] - rad.getSetDataRAD.setDataRADFEIN(): rad.getSetDataRAD.setDataRADFEIN is PASSED

2024-02-06 17:18:45 - [MESSAGE][PASSED] - Text ****** has been set on object 'Object Repository/RAD_Pages/TaxInfo_Page/input_FederalEIN'

2024-02-06 17:18:46 - [MESSAGE][PASSED] - Text ****** has been set on object 'Object Repository/RAD_Pages/TaxInfo_Page/input_FederalEIN_ReEnter'

2024-02-06 17:18:46 - [MESSAGE][PASSED] - rad.getSetDataRAD.setDataRADFEIN is PASSED

2024-02-06 17:18:46 - [TEST_STEP][PASSED] - if (TaxType.equalsIgnoreCase("Estate Tax")): null

2024-02-06 17:18:46 - [TEST_STEP][PASSED] - setText(findTestObject(orPath_Amount + "/input__paymentAmount"), "100.00"): Text '100.00' is set on object 'Object Repository/RAD_Pages/PaymentAmount_Page/input__paymentAmount'

2024-02-06 17:18:47 - [MESSAGE][PASSED] - Text '100.00' is set on object 'Object Repository/RAD_Pages/PaymentAmount_Page/input__paymentAmount'

2024-02-06 17:18:47 - [TEST_STEP][PASSED] - setText(findTestObject(orPath_AddressContact + "/input_streetAddress2"), ""): Text '' is set on object 'Object Repository/RAD_Pages/AddressAndContactInfo_Page/input_streetAddress2'

2024-02-06 17:18:47 - [MESSAGE][PASSED] - Text '' is set on object 'Object Repository/RAD_Pages/AddressAndContactInfo_Page/input_streetAddress2'

2024-02-06 17:18:47 - [TEST_STEP][PASSED] - scrollToElement(findTestObject(orPath_Landing + "/button_Continue"), 3): Scroll to object 'Object Repository/RAD_Pages/Landing_Page/button_Continue' successfully

2024-02-06 17:18:48 - [MESSAGE][PASSED] - Scroll to object 'Object Repository/RAD_Pages/Landing_Page/button_Continue' successfully

2024-02-06 17:18:48 - [TEST_STEP][PASSED] - waitForElementClickable(findTestObject(orPath_Landing + "/button_Continue"), 5): Object 'Object Repository/RAD_Pages/Landing_Page/button_Continue' is clickable

2024-02-06 17:18:48 - [MESSAGE][PASSED] - Object 'Object Repository/RAD_Pages/Landing_Page/button_Continue' is clickable

2024-02-06 17:18:48 - [TEST_STEP][PASSED] - click(findTestObject(orPath_Landing + "/button_Continue")): Object: 'Object Repository/RAD_Pages/Landing_Page/button_Continue' is clicked on

2024-02-06 17:18:48 - [MESSAGE][PASSED] - Object: 'Object Repository/RAD_Pages/Landing_Page/button_Continue' is clicked on

2024-02-06 17:18:48 - [TEST_STEP][PASSED] - delay(2): Delayed 2 second(s)

2024-02-06 17:18:50 - [MESSAGE][PASSED] - Delayed 2 second(s)

2024-02-06 17:18:50 - [TEST_STEP][PASSED] - click(findTestObject(orPath_Summary + "/button_Proceed to Payment")): Object: 'Object Repository/RAD_Pages/Summary_Page/button_Proceed to Payment' is clicked on

2024-02-06 17:18:52 - [MESSAGE][PASSED] - Object: 'Object Repository/RAD_Pages/Summary_Page/button_Proceed to Payment' is clicked on

2024-02-06 17:18:52 - [TEST_STEP][PASSED] - if (verifyElementPresent(findTestObject("Object Repository/RAD_Pages/PaymentEntry_Page/input__billingName"), 30)): null

2024-02-06 17:18:52 - [MESSAGE][PASSED] - Object 'Object Repository/RAD_Pages/PaymentEntry_Page/input__billingName' is present

2024-02-06 17:18:52 - [TEST_STEP][PASSED] - verifyTextPresent("Comptroller of Maryland", true): Text 'Comptroller of Maryland' is present on page  using regular expression

2024-02-06 17:18:53 - [MESSAGE][PASSED] - Text 'Comptroller of Maryland' is present on page  using regular expression

2024-02-06 17:18:53 - [TEST_STEP][PASSED] - verifyTextPresent("Revenue Administration Division", true): Text 'Revenue Administration Division' is present on page  using regular expression

2024-02-06 17:18:53 - [MESSAGE][PASSED] - Text 'Revenue Administration Division' is present on page  using regular expression

2024-02-06 17:18:53 - [TEST_STEP][PASSED] - verifyTextPresent("Payment Information", true): Text 'Payment Information' is present on page  using regular expression

2024-02-06 17:18:53 - [MESSAGE][PASSED] - Text 'Payment Information' is present on page  using regular expression

2024-02-06 17:18:53 - [TEST_STEP][PASSED] - card_Name = getAttribute(findTestObject("Object Repository/RAD_Pages/PaymentEntry_Page/input__billingName"), "value"): Attribute 'value' of object 'Object Repository/RAD_Pages/PaymentEntry_Page/input__billingName' is: 'BusRepFname BusRepLname'

2024-02-06 17:18:54 - [MESSAGE][PASSED] - Attribute 'value' of object 'Object Repository/RAD_Pages/PaymentEntry_Page/input__billingName' is: 'BusRepFname BusRepLname'

2024-02-06 17:18:54 - [TEST_STEP][PASSED] - verifyMatch("BusRepFname BusRepLname", card_Name, false): Actual text 'BusRepFname BusRepLname' and expected text 'BusRepFname BusRepLname' are matched 

2024-02-06 17:18:54 - [MESSAGE][PASSED] - Actual text 'BusRepFname BusRepLname' and expected text 'BusRepFname BusRepLname' are matched 

2024-02-06 17:18:54 - [TEST_STEP][PASSED] - AL1 = getAttribute(findTestObject("Object Repository/RAD_Pages/PaymentEntry_Page/input_billingAddress"), "value"): Attribute 'value' of object 'Object Repository/RAD_Pages/PaymentEntry_Page/input_billingAddress' is: '2508 Mandan Terrace'

2024-02-06 17:18:54 - [MESSAGE][PASSED] - Attribute 'value' of object 'Object Repository/RAD_Pages/PaymentEntry_Page/input_billingAddress' is: '2508 Mandan Terrace'

2024-02-06 17:18:54 - [TEST_STEP][PASSED] - verifyMatch("2508 Mandan Terrace", AL1, false): Actual text '2508 Mandan Terrace' and expected text '2508 Mandan Terrace' are matched 

2024-02-06 17:18:54 - [MESSAGE][PASSED] - Actual text '2508 Mandan Terrace' and expected text '2508 Mandan Terrace' are matched 

2024-02-06 17:18:54 - [TEST_STEP][PASSED] - AL2 = getAttribute(findTestObject("Object Repository/RAD_Pages/PaymentEntry_Page/input_billingAddress2"), "value"): Attribute 'value' of object 'Object Repository/RAD_Pages/PaymentEntry_Page/input_billingAddress2' is: ''

2024-02-06 17:18:54 - [MESSAGE][PASSED] - Attribute 'value' of object 'Object Repository/RAD_Pages/PaymentEntry_Page/input_billingAddress2' is: ''

2024-02-06 17:18:54 - [TEST_STEP][PASSED] - verifyMatch("", AL2, false): Actual text '' and expected text '' are matched 

2024-02-06 17:18:54 - [MESSAGE][PASSED] - Actual text '' and expected text '' are matched 

2024-02-06 17:18:54 - [TEST_STEP][PASSED] - zipCode = getAttribute(findTestObject("Object Repository/RAD_Pages/PaymentEntry_Page/input_billingZip"), "value"): Attribute 'value' of object 'Object Repository/RAD_Pages/PaymentEntry_Page/input_billingZip' is: '21054'

2024-02-06 17:18:55 - [MESSAGE][PASSED] - Attribute 'value' of object 'Object Repository/RAD_Pages/PaymentEntry_Page/input_billingZip' is: '21054'

2024-02-06 17:18:55 - [TEST_STEP][PASSED] - verifyMatch("21054", zipCode, false): Actual text '21054' and expected text '21054' are matched 

2024-02-06 17:18:55 - [MESSAGE][PASSED] - Actual text '21054' and expected text '21054' are matched 

2024-02-06 17:18:55 - [TEST_STEP][PASSED] - city = getAttribute(findTestObject("Object Repository/RAD_Pages/PaymentEntry_Page/input_billingCity"), "value"): Attribute 'value' of object 'Object Repository/RAD_Pages/PaymentEntry_Page/input_billingCity' is: 'GAMBRILLS'

2024-02-06 17:18:55 - [MESSAGE][PASSED] - Attribute 'value' of object 'Object Repository/RAD_Pages/PaymentEntry_Page/input_billingCity' is: 'GAMBRILLS'

2024-02-06 17:18:55 - [TEST_STEP][PASSED] - verifyMatch("GAMBRILLS", city, false): Actual text 'GAMBRILLS' and expected text 'GAMBRILLS' are matched 

2024-02-06 17:18:55 - [MESSAGE][PASSED] - Actual text 'GAMBRILLS' and expected text 'GAMBRILLS' are matched 

2024-02-06 17:18:55 - [TEST_STEP][PASSED] - email = getAttribute(findTestObject("Object Repository/RAD_Pages/PaymentEntry_Page/input_emailAddress"), "value"): Attribute 'value' of object 'Object Repository/RAD_Pages/PaymentEntry_Page/input_emailAddress' is: 'iahmed@govolution.com'

2024-02-06 17:18:55 - [MESSAGE][PASSED] - Attribute 'value' of object 'Object Repository/RAD_Pages/PaymentEntry_Page/input_emailAddress' is: 'iahmed@govolution.com'

2024-02-06 17:18:55 - [TEST_STEP][PASSED] - verifyMatch("iahmed@govolution.com", email, false): Actual text 'iahmed@govolution.com' and expected text 'iahmed@govolution.com' are matched 

2024-02-06 17:18:55 - [MESSAGE][PASSED] - Actual text 'iahmed@govolution.com' and expected text 'iahmed@govolution.com' are matched 

2024-02-06 17:18:55 - [TEST_STEP][PASSED] - amount = getAttribute(findTestObject("Object Repository/RAD_Pages/PaymentEntry_Page/input_amount"), "value"): Attribute 'value' of object 'Object Repository/RAD_Pages/PaymentEntry_Page/input_amount' is: '100.00'

2024-02-06 17:18:56 - [MESSAGE][PASSED] - Attribute 'value' of object 'Object Repository/RAD_Pages/PaymentEntry_Page/input_amount' is: '100.00'

2024-02-06 17:18:56 - [TEST_STEP][PASSED] - verifyMatch("100.00", amount, false): Actual text '100.00' and expected text '100.00' are matched 

2024-02-06 17:18:56 - [MESSAGE][PASSED] - Actual text '100.00' and expected text '100.00' are matched 

2024-02-06 17:18:56 - [TEST_STEP][PASSED] - amountReadOnly = getAttribute(findTestObject("Object Repository/RAD_Pages/PaymentEntry_Page/input_amount"), "readonly"): Attribute 'readonly' of object 'Object Repository/RAD_Pages/PaymentEntry_Page/input_amount' is: 'true'

2024-02-06 17:18:56 - [MESSAGE][PASSED] - Attribute 'readonly' of object 'Object Repository/RAD_Pages/PaymentEntry_Page/input_amount' is: 'true'

2024-02-06 17:18:56 - [TEST_STEP][PASSED] - verifyMatch("true", amountReadOnly, false): Actual text 'true' and expected text 'true' are matched 

2024-02-06 17:18:56 - [MESSAGE][PASSED] - Actual text 'true' and expected text 'true' are matched 

2024-02-06 17:18:56 - [TEST_STEP][PASSED] - verifyOptionSelectedByLabel(findTestObject("Object Repository/RAD_Pages/PaymentEntry_Page/select_Country"), "United States", false, 20): All options with label 'United States' are selected in object 'Object Repository/RAD_Pages/PaymentEntry_Page/select_Country' 

2024-02-06 17:18:57 - [MESSAGE][PASSED] - All options with label 'United States' are selected in object 'Object Repository/RAD_Pages/PaymentEntry_Page/select_Country' 

2024-02-06 17:18:57 - [TEST_STEP][PASSED] - verifyOptionSelectedByLabel(findTestObject("Object Repository/RAD_Pages/PaymentEntry_Page/select_State"), "Maryland", false, 20): All options with label 'Maryland' are selected in object 'Object Repository/RAD_Pages/PaymentEntry_Page/select_State' 

2024-02-06 17:19:00 - [MESSAGE][PASSED] - All options with label 'Maryland' are selected in object 'Object Repository/RAD_Pages/PaymentEntry_Page/select_State' 

2024-02-06 17:19:00 - [TEST_STEP][PASSED] - setText(findTestObject(orPath_PaymentEntry + "/input__cardNumber"), "4111111111111111"): Text '4111111111111111' is set on object 'Object Repository/RAD_Pages/PaymentEntry_Page/input__cardNumber'

2024-02-06 17:19:00 - [MESSAGE][PASSED] - Text '4111111111111111' is set on object 'Object Repository/RAD_Pages/PaymentEntry_Page/input__cardNumber'

2024-02-06 17:19:00 - [TEST_STEP][PASSED] - setText(findTestObject(orPath_PaymentEntry + "/input__spc"), "123"): Text '123' is set on object 'Object Repository/RAD_Pages/PaymentEntry_Page/input__spc'

2024-02-06 17:19:01 - [MESSAGE][PASSED] - Text '123' is set on object 'Object Repository/RAD_Pages/PaymentEntry_Page/input__spc'

2024-02-06 17:19:01 - [TEST_STEP][PASSED] - selectOptionByLabel(findTestObject(orPath_PaymentEntry + "/select_MM"), "12", false): All options with label '12' are selected in object 'Object Repository/RAD_Pages/PaymentEntry_Page/select_MM' 

2024-02-06 17:19:02 - [MESSAGE][PASSED] - All options with label '12' are selected in object 'Object Repository/RAD_Pages/PaymentEntry_Page/select_MM' 

2024-02-06 17:19:02 - [TEST_STEP][PASSED] - selectOptionByLabel(findTestObject(orPath_PaymentEntry + "/select_YYYY"), "2028", false): All options with label '2028' are selected in object 'Object Repository/RAD_Pages/PaymentEntry_Page/select_YYYY' 

2024-02-06 17:19:03 - [MESSAGE][PASSED] - All options with label '2028' are selected in object 'Object Repository/RAD_Pages/PaymentEntry_Page/select_YYYY' 

2024-02-06 17:19:03 - [TEST_STEP][PASSED] - click(findTestObject(orPath_PaymentEntry + "/input_Field_ccSubmit")): Object: 'Object Repository/RAD_Pages/PaymentEntry_Page/input_Field_ccSubmit' is clicked on

2024-02-06 17:19:04 - [MESSAGE][PASSED] - Object: 'Object Repository/RAD_Pages/PaymentEntry_Page/input_Field_ccSubmit' is clicked on

2024-02-06 17:19:04 - [TEST_STEP][PASSED] - click(findTestObject(orPath_PaymentConfirmation + "/input_N_confirmNotifyAction")): Object: 'Object Repository/RAD_Pages/PaymentConfirmation_Page/input_N_confirmNotifyAction' is clicked on

2024-02-06 17:19:04 - [MESSAGE][PASSED] - Object: 'Object Repository/RAD_Pages/PaymentConfirmation_Page/input_N_confirmNotifyAction' is clicked on

2024-02-06 17:19:04 - [TEST_STEP][PASSED] - verifyTextPresent("Service Fee Acceptance", true): Text 'Service Fee Acceptance' is present on page  using regular expression

2024-02-06 17:19:05 - [MESSAGE][PASSED] - Text 'Service Fee Acceptance' is present on page  using regular expression

2024-02-06 17:19:05 - [TEST_STEP][PASSED] - verifyTextPresent("This transaction is subject to a Service Fee of ", true): Text 'This transaction is subject to a Service Fee of ' is present on page  using regular expression

2024-02-06 17:19:05 - [MESSAGE][PASSED] - Text 'This transaction is subject to a Service Fee of ' is present on page  using regular expression

2024-02-06 17:19:05 - [TEST_STEP][PASSED] - verifyTextPresent("Payment Amount:", true): Text 'Payment Amount:' is present on page  using regular expression

2024-02-06 17:19:06 - [MESSAGE][PASSED] - Text 'Payment Amount:' is present on page  using regular expression

2024-02-06 17:19:06 - [TEST_STEP][PASSED] - verifyTextPresent("100.00", true): Text '100.00' is present on page  using regular expression

2024-02-06 17:19:06 - [MESSAGE][PASSED] - Text '100.00' is present on page  using regular expression

2024-02-06 17:19:06 - [TEST_STEP][PASSED] - verifyTextPresent("Service Fee:", true): Text 'Service Fee:' is present on page  using regular expression

2024-02-06 17:19:06 - [MESSAGE][PASSED] - Text 'Service Fee:' is present on page  using regular expression

2024-02-06 17:19:06 - [TEST_STEP][PASSED] - verifyTextPresent("2.45", true): Text '2.45' is present on page  using regular expression

2024-02-06 17:19:06 - [MESSAGE][PASSED] - Text '2.45' is present on page  using regular expression

2024-02-06 17:19:06 - [TEST_STEP][PASSED] - verifyTextPresent("Total Amount:", true): Text 'Total Amount:' is present on page  using regular expression

2024-02-06 17:19:07 - [MESSAGE][PASSED] - Text 'Total Amount:' is present on page  using regular expression

2024-02-06 17:19:07 - [TEST_STEP][PASSED] - verifyTextPresent("102.45", true): Text '102.45' is present on page  using regular expression

2024-02-06 17:19:07 - [MESSAGE][PASSED] - Text '102.45' is present on page  using regular expression

2024-02-06 17:19:07 - [TEST_STEP][PASSED] - verifyTextPresent("Two transactions will appear on your bank statement, one in the amount of", true): Text 'Two transactions will appear on your bank statement, one in the amount of' is present on page  using regular expression

2024-02-06 17:19:07 - [MESSAGE][PASSED] - Text 'Two transactions will appear on your bank statement, one in the amount of' is present on page  using regular expression

2024-02-06 17:19:07 - [TEST_STEP][PASSED] - if (verifyElementPresent(findTestObject(orPath_ServiceFeesAccept + "/input_convFeeNotifyAction"), 30)): null

2024-02-06 17:19:07 - [MESSAGE][PASSED] - Object 'Object Repository/RAD_Pages/ServiceFeeAccept_Page/input_convFeeNotifyAction' is present

2024-02-06 17:19:07 - [TEST_STEP][PASSED] - resText = "Pass": null

2024-02-06 17:19:07 - [TEST_STEP][PASSED] - pages.WriteExcel.demoKey(resText, datText, resColumn, datCloumn, fileLoc, nameSheet, row): pages.WriteExcel.demoKey is PASSED

2024-02-06 17:19:08 - [MESSAGE][PASSED] - pages.WriteExcel.demoKey is PASSED

2024-02-06 17:19:08 - [TEST_STEP][PASSED] - if (execProfile == "QAProfile" || execProfile == "QA2Profile"): Text 'Successful Payment Receipt' is present on page  using regular expression

2024-02-06 17:19:08 - [TEST_STEP][PASSED] - click(findTestObject(orPath_ServiceFeesAccept + "/input_convFeeNotifyAction")): Object: 'Object Repository/RAD_Pages/ServiceFeeAccept_Page/input_convFeeNotifyAction' is clicked on

2024-02-06 17:19:09 - [MESSAGE][PASSED] - Object: 'Object Repository/RAD_Pages/ServiceFeeAccept_Page/input_convFeeNotifyAction' is clicked on

2024-02-06 17:19:09 - [TEST_STEP][PASSED] - delay(10): Delayed 10 second(s)

2024-02-06 17:19:19 - [MESSAGE][PASSED] - Delayed 10 second(s)

2024-02-06 17:19:19 - [TEST_STEP][PASSED] - verifyTextPresent("Successful Payment Receipt", true): Text 'Successful Payment Receipt' is present on page  using regular expression

2024-02-06 17:19:19 - [MESSAGE][PASSED] - Text 'Successful Payment Receipt' is present on page  using regular expression

2024-02-06 17:19:19 - [TEST_STEP][PASSED] - ExecuteTC = findTestData(dataFile).getValue("Execute", row): null

2024-02-06 17:19:19 - [TEST_STEP][PASSED] - TaxType = findTestData(dataFile).getValue("TaxType", row): null

2024-02-06 17:19:19 - [TEST_STEP][PASSED] - PaymentType = findTestData(dataFile).getValue("PaymentType", row): null

2024-02-06 17:19:19 - [TEST_STEP][PASSED] - FilingYear = findTestData(dataFile).getValue("Year", row): null

2024-02-06 17:19:19 - [TEST_STEP][PASSED] - feinSSN = findTestData(dataFile).getValue("FeinSsn", row): null

2024-02-06 17:19:19 - [TEST_STEP][PASSED] - if (ExecuteTC.equalsIgnoreCase("Y")): null

2024-02-06 17:19:19 - [TEST_STEP][PASSED] - out.println("Begin Record Number: " + row): null

2024-02-06 17:19:19 - [TEST_STEP][PASSED] - today = new java.util.Date(): null

2024-02-06 17:19:19 - [TEST_STEP][PASSED] - println(today): null

2024-02-06 17:19:19 - [TEST_STEP][PASSED] - datText = today: null

2024-02-06 17:19:19 - [TEST_STEP][PASSED] - logInfo("Payment Type: New Tax Return Amount Due"): Payment Type: New Tax Return Amount Due

2024-02-06 17:19:19 - [MESSAGE][INFO] - Payment Type: New Tax Return Amount Due

2024-02-06 17:19:19 - [TEST_STEP][PASSED] - logInfo("Tax Type: " + TaxType): Tax Type: Motor Fuel Tax

2024-02-06 17:19:19 - [MESSAGE][INFO] - Tax Type: Motor Fuel Tax

2024-02-06 17:19:19 - [TEST_STEP][PASSED] - openBrowser(""): Browser is opened with url: ''

2024-02-06 17:19:19 - [MESSAGE][WARNING] - A browser is already opened. Closing browser and opening a new one

2024-02-06 17:19:21 - [MESSAGE][INFO] - Starting 'Chrome' driver

2024-02-06 17:19:21 - [MESSAGE][INFO] - User set preference: ['acceptInsecureCerts', 'true']

2024-02-06 17:19:21 - [MESSAGE][INFO] - Action delay is set to 0 milliseconds

2024-02-06 17:19:22 - [MESSAGE][PASSED] - Browser is opened with url: ''

2024-02-06 17:19:22 - [TEST_STEP][PASSED] - maximizeWindow(): Current window maximized

2024-02-06 17:19:22 - [MESSAGE][PASSED] - Current window maximized

2024-02-06 17:19:22 - [TEST_STEP][PASSED] - navigateToUrl(RADurl): Navigate to 'https://qa2.velocitypayment.com/client/rad/index.html' successfully

2024-02-06 17:19:23 - [MESSAGE][PASSED] - Navigate to 'https://qa2.velocitypayment.com/client/rad/index.html' successfully

2024-02-06 17:19:23 - [TEST_STEP][PASSED] - selectOptionByLabel(findTestObject(orPath_Landing + "/dd_TaxType"), "New Tax Return Amount Due", false): All options with label 'New Tax Return Amount Due' are selected in object 'Object Repository/RAD_Pages/Landing_Page/dd_TaxType' 

2024-02-06 17:19:25 - [MESSAGE][PASSED] - All options with label 'New Tax Return Amount Due' are selected in object 'Object Repository/RAD_Pages/Landing_Page/dd_TaxType' 

2024-02-06 17:19:25 - [TEST_STEP][PASSED] - selectOptionByLabel(findTestObject("Object Repository/RAD_Pages/Landing_Page/select_NewTaxReturnAmountDue_TaxType"), TaxType, false): All options with label 'Motor Fuel Tax' are selected in object 'Object Repository/RAD_Pages/Landing_Page/select_NewTaxReturnAmountDue_TaxType' 

2024-02-06 17:19:26 - [MESSAGE][PASSED] - All options with label 'Motor Fuel Tax' are selected in object 'Object Repository/RAD_Pages/Landing_Page/select_NewTaxReturnAmountDue_TaxType' 

2024-02-06 17:19:26 - [TEST_STEP][PASSED] - selectOptionByLabel(findTestObject(orPath_TaxTypeFilingYear + "/select_FilingYear"), FilingYear, false): All options with label '2021' are selected in object 'Object Repository/RAD_Pages/TaxTypeFilingYear_Page/select_FilingYear' 

2024-02-06 17:19:26 - [MESSAGE][PASSED] - All options with label '2021' are selected in object 'Object Repository/RAD_Pages/TaxTypeFilingYear_Page/select_FilingYear' 

2024-02-06 17:19:26 - [TEST_STEP][PASSED] - rad.getSetDataRAD.setDataRADBusinessName(): rad.getSetDataRAD.setDataRADBusinessName is PASSED

2024-02-06 17:19:27 - [MESSAGE][PASSED] - Text 'My Company' is set on object 'Object Repository/RAD_Pages/Taxpayer_Page/input_businessName'

2024-02-06 17:19:27 - [MESSAGE][PASSED] - rad.getSetDataRAD.setDataRADBusinessName is PASSED

2024-02-06 17:19:27 - [TEST_STEP][PASSED] - rad.getSetDataRAD.setDataRADBusinessRep(): rad.getSetDataRAD.setDataRADBusinessRep is PASSED

2024-02-06 17:19:28 - [MESSAGE][PASSED] - Text 'BusRepFname' is set on object 'Object Repository/RAD_Pages/Taxpayer_Page/input_BusinessRepfirstName'

2024-02-06 17:19:29 - [MESSAGE][PASSED] - Text '' is set on object 'Object Repository/RAD_Pages/Taxpayer_Page/input_BusinessRepmiddleName'

2024-02-06 17:19:29 - [MESSAGE][PASSED] - Text 'BusRepLname' is set on object 'Object Repository/RAD_Pages/Taxpayer_Page/input_BusinessReplastName'

2024-02-06 17:19:30 - [MESSAGE][PASSED] - Text '' is set on object 'Object Repository/RAD_Pages/Taxpayer_Page/input_BusinessRepsuffix'

2024-02-06 17:19:30 - [MESSAGE][PASSED] - rad.getSetDataRAD.setDataRADBusinessRep is PASSED

2024-02-06 17:19:30 - [TEST_STEP][PASSED] - rad.getSetDataRAD.setDataRADAddress(): rad.getSetDataRAD.setDataRADAddress is PASSED

2024-02-06 17:19:31 - [MESSAGE][PASSED] - All options with label 'United States' are selected in object 'Object Repository/RAD_Pages/AddressAndContactInfo_Page/select_Country' 

2024-02-06 17:19:32 - [MESSAGE][PASSED] - Text '2508 Mandan Terrace' is set on object 'Object Repository/RAD_Pages/AddressAndContactInfo_Page/input_streetAddress1'

2024-02-06 17:19:32 - [MESSAGE][PASSED] - Text '' is set on object 'Object Repository/RAD_Pages/AddressAndContactInfo_Page/input_streetAddress2'

2024-02-06 17:19:33 - [MESSAGE][PASSED] - Text 'Gambrills' is set on object 'Object Repository/RAD_Pages/AddressAndContactInfo_Page/input_city'

2024-02-06 17:19:34 - [MESSAGE][PASSED] - All options with label 'Maryland' are selected in object 'Object Repository/RAD_Pages/AddressAndContactInfo_Page/select_State' 

2024-02-06 17:19:35 - [MESSAGE][PASSED] - Text '21054' is set on object 'Object Repository/RAD_Pages/AddressAndContactInfo_Page/input_zipCode'

2024-02-06 17:19:36 - [MESSAGE][PASSED] - Text '(703) 894-5000' is set on object 'Object Repository/RAD_Pages/AddressAndContactInfo_Page/input_phoneNumber'

2024-02-06 17:19:36 - [MESSAGE][PASSED] - Text 'iahmed@govolution.com' is set on object 'Object Repository/RAD_Pages/AddressAndContactInfo_Page/input_eMailAddress'

2024-02-06 17:19:37 - [MESSAGE][PASSED] - Text 'iahmed@govolution.com' is set on object 'Object Repository/RAD_Pages/AddressAndContactInfo_Page/input_reEnterEMailAddress'

2024-02-06 17:19:37 - [MESSAGE][PASSED] - rad.getSetDataRAD.setDataRADAddress is PASSED

2024-02-06 17:19:37 - [TEST_STEP][PASSED] - if (feinSSN.equalsIgnoreCase("Y")): null

2024-02-06 17:19:37 - [TEST_STEP][PASSED] - else: rad.getSetDataRAD.setDataRADFEIN is PASSED

2024-02-06 17:19:37 - [TEST_STEP][PASSED] - if (!(TaxType.equalsIgnoreCase("Estate Tax"))): rad.getSetDataRAD.setDataRADFEIN is PASSED

2024-02-06 17:19:37 - [TEST_STEP][PASSED] - rad.getSetDataRAD.setDataRADFEIN(): rad.getSetDataRAD.setDataRADFEIN is PASSED

2024-02-06 17:19:38 - [MESSAGE][PASSED] - Text ****** has been set on object 'Object Repository/RAD_Pages/TaxInfo_Page/input_FederalEIN'

2024-02-06 17:19:39 - [MESSAGE][PASSED] - Text ****** has been set on object 'Object Repository/RAD_Pages/TaxInfo_Page/input_FederalEIN_ReEnter'

2024-02-06 17:19:39 - [MESSAGE][PASSED] - rad.getSetDataRAD.setDataRADFEIN is PASSED

2024-02-06 17:19:39 - [TEST_STEP][PASSED] - if (TaxType.equalsIgnoreCase("Estate Tax")): null

2024-02-06 17:19:39 - [TEST_STEP][PASSED] - setText(findTestObject(orPath_Amount + "/input__paymentAmount"), "100.00"): Text '100.00' is set on object 'Object Repository/RAD_Pages/PaymentAmount_Page/input__paymentAmount'

2024-02-06 17:19:39 - [MESSAGE][PASSED] - Text '100.00' is set on object 'Object Repository/RAD_Pages/PaymentAmount_Page/input__paymentAmount'

2024-02-06 17:19:39 - [TEST_STEP][PASSED] - setText(findTestObject(orPath_AddressContact + "/input_streetAddress2"), ""): Text '' is set on object 'Object Repository/RAD_Pages/AddressAndContactInfo_Page/input_streetAddress2'

2024-02-06 17:19:40 - [MESSAGE][PASSED] - Text '' is set on object 'Object Repository/RAD_Pages/AddressAndContactInfo_Page/input_streetAddress2'

2024-02-06 17:19:40 - [TEST_STEP][PASSED] - scrollToElement(findTestObject(orPath_Landing + "/button_Continue"), 3): Scroll to object 'Object Repository/RAD_Pages/Landing_Page/button_Continue' successfully

2024-02-06 17:19:41 - [MESSAGE][PASSED] - Scroll to object 'Object Repository/RAD_Pages/Landing_Page/button_Continue' successfully

2024-02-06 17:19:41 - [TEST_STEP][PASSED] - waitForElementClickable(findTestObject(orPath_Landing + "/button_Continue"), 5): Object 'Object Repository/RAD_Pages/Landing_Page/button_Continue' is clickable

2024-02-06 17:19:41 - [MESSAGE][PASSED] - Object 'Object Repository/RAD_Pages/Landing_Page/button_Continue' is clickable

2024-02-06 17:19:41 - [TEST_STEP][PASSED] - click(findTestObject(orPath_Landing + "/button_Continue")): Object: 'Object Repository/RAD_Pages/Landing_Page/button_Continue' is clicked on

2024-02-06 17:19:41 - [MESSAGE][PASSED] - Object: 'Object Repository/RAD_Pages/Landing_Page/button_Continue' is clicked on

2024-02-06 17:19:41 - [TEST_STEP][PASSED] - delay(2): Delayed 2 second(s)

2024-02-06 17:19:43 - [MESSAGE][PASSED] - Delayed 2 second(s)

2024-02-06 17:19:43 - [TEST_STEP][PASSED] - click(findTestObject(orPath_Summary + "/button_Proceed to Payment")): Object: 'Object Repository/RAD_Pages/Summary_Page/button_Proceed to Payment' is clicked on

2024-02-06 17:19:45 - [MESSAGE][PASSED] - Object: 'Object Repository/RAD_Pages/Summary_Page/button_Proceed to Payment' is clicked on

2024-02-06 17:19:45 - [TEST_STEP][PASSED] - if (verifyElementPresent(findTestObject("Object Repository/RAD_Pages/PaymentEntry_Page/input__billingName"), 30)): null

2024-02-06 17:19:45 - [MESSAGE][PASSED] - Object 'Object Repository/RAD_Pages/PaymentEntry_Page/input__billingName' is present

2024-02-06 17:19:45 - [TEST_STEP][PASSED] - verifyTextPresent("Comptroller of Maryland", true): Text 'Comptroller of Maryland' is present on page  using regular expression

2024-02-06 17:19:46 - [MESSAGE][PASSED] - Text 'Comptroller of Maryland' is present on page  using regular expression

2024-02-06 17:19:46 - [TEST_STEP][PASSED] - verifyTextPresent("Revenue Administration Division", true): Text 'Revenue Administration Division' is present on page  using regular expression

2024-02-06 17:19:46 - [MESSAGE][PASSED] - Text 'Revenue Administration Division' is present on page  using regular expression

2024-02-06 17:19:46 - [TEST_STEP][PASSED] - verifyTextPresent("Payment Information", true): Text 'Payment Information' is present on page  using regular expression

2024-02-06 17:19:46 - [MESSAGE][PASSED] - Text 'Payment Information' is present on page  using regular expression

2024-02-06 17:19:46 - [TEST_STEP][PASSED] - card_Name = getAttribute(findTestObject("Object Repository/RAD_Pages/PaymentEntry_Page/input__billingName"), "value"): Attribute 'value' of object 'Object Repository/RAD_Pages/PaymentEntry_Page/input__billingName' is: 'BusRepFname BusRepLname'

2024-02-06 17:19:47 - [MESSAGE][PASSED] - Attribute 'value' of object 'Object Repository/RAD_Pages/PaymentEntry_Page/input__billingName' is: 'BusRepFname BusRepLname'

2024-02-06 17:19:47 - [TEST_STEP][PASSED] - verifyMatch("BusRepFname BusRepLname", card_Name, false): Actual text 'BusRepFname BusRepLname' and expected text 'BusRepFname BusRepLname' are matched 

2024-02-06 17:19:47 - [MESSAGE][PASSED] - Actual text 'BusRepFname BusRepLname' and expected text 'BusRepFname BusRepLname' are matched 

2024-02-06 17:19:47 - [TEST_STEP][PASSED] - AL1 = getAttribute(findTestObject("Object Repository/RAD_Pages/PaymentEntry_Page/input_billingAddress"), "value"): Attribute 'value' of object 'Object Repository/RAD_Pages/PaymentEntry_Page/input_billingAddress' is: '2508 Mandan Terrace'

2024-02-06 17:19:47 - [MESSAGE][PASSED] - Attribute 'value' of object 'Object Repository/RAD_Pages/PaymentEntry_Page/input_billingAddress' is: '2508 Mandan Terrace'

2024-02-06 17:19:47 - [TEST_STEP][PASSED] - verifyMatch("2508 Mandan Terrace", AL1, false): Actual text '2508 Mandan Terrace' and expected text '2508 Mandan Terrace' are matched 

2024-02-06 17:19:47 - [MESSAGE][PASSED] - Actual text '2508 Mandan Terrace' and expected text '2508 Mandan Terrace' are matched 

2024-02-06 17:19:47 - [TEST_STEP][PASSED] - AL2 = getAttribute(findTestObject("Object Repository/RAD_Pages/PaymentEntry_Page/input_billingAddress2"), "value"): Attribute 'value' of object 'Object Repository/RAD_Pages/PaymentEntry_Page/input_billingAddress2' is: ''

2024-02-06 17:19:47 - [MESSAGE][PASSED] - Attribute 'value' of object 'Object Repository/RAD_Pages/PaymentEntry_Page/input_billingAddress2' is: ''

2024-02-06 17:19:47 - [TEST_STEP][PASSED] - verifyMatch("", AL2, false): Actual text '' and expected text '' are matched 

2024-02-06 17:19:47 - [MESSAGE][PASSED] - Actual text '' and expected text '' are matched 

2024-02-06 17:19:47 - [TEST_STEP][PASSED] - zipCode = getAttribute(findTestObject("Object Repository/RAD_Pages/PaymentEntry_Page/input_billingZip"), "value"): Attribute 'value' of object 'Object Repository/RAD_Pages/PaymentEntry_Page/input_billingZip' is: '21054'

2024-02-06 17:19:48 - [MESSAGE][PASSED] - Attribute 'value' of object 'Object Repository/RAD_Pages/PaymentEntry_Page/input_billingZip' is: '21054'

2024-02-06 17:19:48 - [TEST_STEP][PASSED] - verifyMatch("21054", zipCode, false): Actual text '21054' and expected text '21054' are matched 

2024-02-06 17:19:48 - [MESSAGE][PASSED] - Actual text '21054' and expected text '21054' are matched 

2024-02-06 17:19:48 - [TEST_STEP][PASSED] - city = getAttribute(findTestObject("Object Repository/RAD_Pages/PaymentEntry_Page/input_billingCity"), "value"): Attribute 'value' of object 'Object Repository/RAD_Pages/PaymentEntry_Page/input_billingCity' is: 'GAMBRILLS'

2024-02-06 17:19:48 - [MESSAGE][PASSED] - Attribute 'value' of object 'Object Repository/RAD_Pages/PaymentEntry_Page/input_billingCity' is: 'GAMBRILLS'

2024-02-06 17:19:48 - [TEST_STEP][PASSED] - verifyMatch("GAMBRILLS", city, false): Actual text 'GAMBRILLS' and expected text 'GAMBRILLS' are matched 

2024-02-06 17:19:48 - [MESSAGE][PASSED] - Actual text 'GAMBRILLS' and expected text 'GAMBRILLS' are matched 

2024-02-06 17:19:48 - [TEST_STEP][PASSED] - email = getAttribute(findTestObject("Object Repository/RAD_Pages/PaymentEntry_Page/input_emailAddress"), "value"): Attribute 'value' of object 'Object Repository/RAD_Pages/PaymentEntry_Page/input_emailAddress' is: 'iahmed@govolution.com'

2024-02-06 17:19:48 - [MESSAGE][PASSED] - Attribute 'value' of object 'Object Repository/RAD_Pages/PaymentEntry_Page/input_emailAddress' is: 'iahmed@govolution.com'

2024-02-06 17:19:48 - [TEST_STEP][PASSED] - verifyMatch("iahmed@govolution.com", email, false): Actual text 'iahmed@govolution.com' and expected text 'iahmed@govolution.com' are matched 

2024-02-06 17:19:48 - [MESSAGE][PASSED] - Actual text 'iahmed@govolution.com' and expected text 'iahmed@govolution.com' are matched 

2024-02-06 17:19:48 - [TEST_STEP][PASSED] - amount = getAttribute(findTestObject("Object Repository/RAD_Pages/PaymentEntry_Page/input_amount"), "value"): Attribute 'value' of object 'Object Repository/RAD_Pages/PaymentEntry_Page/input_amount' is: '100.00'

2024-02-06 17:19:49 - [MESSAGE][PASSED] - Attribute 'value' of object 'Object Repository/RAD_Pages/PaymentEntry_Page/input_amount' is: '100.00'

2024-02-06 17:19:49 - [TEST_STEP][PASSED] - verifyMatch("100.00", amount, false): Actual text '100.00' and expected text '100.00' are matched 

2024-02-06 17:19:49 - [MESSAGE][PASSED] - Actual text '100.00' and expected text '100.00' are matched 

2024-02-06 17:19:49 - [TEST_STEP][PASSED] - amountReadOnly = getAttribute(findTestObject("Object Repository/RAD_Pages/PaymentEntry_Page/input_amount"), "readonly"): Attribute 'readonly' of object 'Object Repository/RAD_Pages/PaymentEntry_Page/input_amount' is: 'true'

2024-02-06 17:19:49 - [MESSAGE][PASSED] - Attribute 'readonly' of object 'Object Repository/RAD_Pages/PaymentEntry_Page/input_amount' is: 'true'

2024-02-06 17:19:49 - [TEST_STEP][PASSED] - verifyMatch("true", amountReadOnly, false): Actual text 'true' and expected text 'true' are matched 

2024-02-06 17:19:49 - [MESSAGE][PASSED] - Actual text 'true' and expected text 'true' are matched 

2024-02-06 17:19:49 - [TEST_STEP][PASSED] - verifyOptionSelectedByLabel(findTestObject("Object Repository/RAD_Pages/PaymentEntry_Page/select_Country"), "United States", false, 20): All options with label 'United States' are selected in object 'Object Repository/RAD_Pages/PaymentEntry_Page/select_Country' 

2024-02-06 17:19:50 - [MESSAGE][PASSED] - All options with label 'United States' are selected in object 'Object Repository/RAD_Pages/PaymentEntry_Page/select_Country' 

2024-02-06 17:19:50 - [TEST_STEP][PASSED] - verifyOptionSelectedByLabel(findTestObject("Object Repository/RAD_Pages/PaymentEntry_Page/select_State"), "Maryland", false, 20): All options with label 'Maryland' are selected in object 'Object Repository/RAD_Pages/PaymentEntry_Page/select_State' 

2024-02-06 17:19:53 - [MESSAGE][PASSED] - All options with label 'Maryland' are selected in object 'Object Repository/RAD_Pages/PaymentEntry_Page/select_State' 

2024-02-06 17:19:53 - [TEST_STEP][PASSED] - setText(findTestObject(orPath_PaymentEntry + "/input__cardNumber"), "4111111111111111"): Text '4111111111111111' is set on object 'Object Repository/RAD_Pages/PaymentEntry_Page/input__cardNumber'

2024-02-06 17:19:53 - [MESSAGE][PASSED] - Text '4111111111111111' is set on object 'Object Repository/RAD_Pages/PaymentEntry_Page/input__cardNumber'

2024-02-06 17:19:53 - [TEST_STEP][PASSED] - setText(findTestObject(orPath_PaymentEntry + "/input__spc"), "123"): Text '123' is set on object 'Object Repository/RAD_Pages/PaymentEntry_Page/input__spc'

2024-02-06 17:19:54 - [MESSAGE][PASSED] - Text '123' is set on object 'Object Repository/RAD_Pages/PaymentEntry_Page/input__spc'

2024-02-06 17:19:54 - [TEST_STEP][PASSED] - selectOptionByLabel(findTestObject(orPath_PaymentEntry + "/select_MM"), "12", false): All options with label '12' are selected in object 'Object Repository/RAD_Pages/PaymentEntry_Page/select_MM' 

2024-02-06 17:19:55 - [MESSAGE][PASSED] - All options with label '12' are selected in object 'Object Repository/RAD_Pages/PaymentEntry_Page/select_MM' 

2024-02-06 17:19:55 - [TEST_STEP][PASSED] - selectOptionByLabel(findTestObject(orPath_PaymentEntry + "/select_YYYY"), "2028", false): All options with label '2028' are selected in object 'Object Repository/RAD_Pages/PaymentEntry_Page/select_YYYY' 

2024-02-06 17:19:56 - [MESSAGE][PASSED] - All options with label '2028' are selected in object 'Object Repository/RAD_Pages/PaymentEntry_Page/select_YYYY' 

2024-02-06 17:19:56 - [TEST_STEP][PASSED] - click(findTestObject(orPath_PaymentEntry + "/input_Field_ccSubmit")): Object: 'Object Repository/RAD_Pages/PaymentEntry_Page/input_Field_ccSubmit' is clicked on

2024-02-06 17:19:57 - [MESSAGE][PASSED] - Object: 'Object Repository/RAD_Pages/PaymentEntry_Page/input_Field_ccSubmit' is clicked on

2024-02-06 17:19:57 - [TEST_STEP][PASSED] - click(findTestObject(orPath_PaymentConfirmation + "/input_N_confirmNotifyAction")): Object: 'Object Repository/RAD_Pages/PaymentConfirmation_Page/input_N_confirmNotifyAction' is clicked on

2024-02-06 17:19:57 - [MESSAGE][PASSED] - Object: 'Object Repository/RAD_Pages/PaymentConfirmation_Page/input_N_confirmNotifyAction' is clicked on

2024-02-06 17:19:57 - [TEST_STEP][PASSED] - verifyTextPresent("Service Fee Acceptance", true): Text 'Service Fee Acceptance' is present on page  using regular expression

2024-02-06 17:19:58 - [MESSAGE][PASSED] - Text 'Service Fee Acceptance' is present on page  using regular expression

2024-02-06 17:19:58 - [TEST_STEP][PASSED] - verifyTextPresent("This transaction is subject to a Service Fee of ", true): Text 'This transaction is subject to a Service Fee of ' is present on page  using regular expression

2024-02-06 17:19:58 - [MESSAGE][PASSED] - Text 'This transaction is subject to a Service Fee of ' is present on page  using regular expression

2024-02-06 17:19:58 - [TEST_STEP][PASSED] - verifyTextPresent("Payment Amount:", true): Text 'Payment Amount:' is present on page  using regular expression

2024-02-06 17:19:59 - [MESSAGE][PASSED] - Text 'Payment Amount:' is present on page  using regular expression

2024-02-06 17:19:59 - [TEST_STEP][PASSED] - verifyTextPresent("100.00", true): Text '100.00' is present on page  using regular expression

2024-02-06 17:19:59 - [MESSAGE][PASSED] - Text '100.00' is present on page  using regular expression

2024-02-06 17:19:59 - [TEST_STEP][PASSED] - verifyTextPresent("Service Fee:", true): Text 'Service Fee:' is present on page  using regular expression

2024-02-06 17:19:59 - [MESSAGE][PASSED] - Text 'Service Fee:' is present on page  using regular expression

2024-02-06 17:19:59 - [TEST_STEP][PASSED] - verifyTextPresent("2.45", true): Text '2.45' is present on page  using regular expression

2024-02-06 17:19:59 - [MESSAGE][PASSED] - Text '2.45' is present on page  using regular expression

2024-02-06 17:19:59 - [TEST_STEP][PASSED] - verifyTextPresent("Total Amount:", true): Text 'Total Amount:' is present on page  using regular expression

2024-02-06 17:20:00 - [MESSAGE][PASSED] - Text 'Total Amount:' is present on page  using regular expression

2024-02-06 17:20:00 - [TEST_STEP][PASSED] - verifyTextPresent("102.45", true): Text '102.45' is present on page  using regular expression

2024-02-06 17:20:00 - [MESSAGE][PASSED] - Text '102.45' is present on page  using regular expression

2024-02-06 17:20:00 - [TEST_STEP][PASSED] - verifyTextPresent("Two transactions will appear on your bank statement, one in the amount of", true): Text 'Two transactions will appear on your bank statement, one in the amount of' is present on page  using regular expression

2024-02-06 17:20:00 - [MESSAGE][PASSED] - Text 'Two transactions will appear on your bank statement, one in the amount of' is present on page  using regular expression

2024-02-06 17:20:00 - [TEST_STEP][PASSED] - if (verifyElementPresent(findTestObject(orPath_ServiceFeesAccept + "/input_convFeeNotifyAction"), 30)): null

2024-02-06 17:20:01 - [MESSAGE][PASSED] - Object 'Object Repository/RAD_Pages/ServiceFeeAccept_Page/input_convFeeNotifyAction' is present

2024-02-06 17:20:01 - [TEST_STEP][PASSED] - resText = "Pass": null

2024-02-06 17:20:01 - [TEST_STEP][PASSED] - pages.WriteExcel.demoKey(resText, datText, resColumn, datCloumn, fileLoc, nameSheet, row): pages.WriteExcel.demoKey is PASSED

2024-02-06 17:20:01 - [MESSAGE][PASSED] - pages.WriteExcel.demoKey is PASSED

2024-02-06 17:20:01 - [TEST_STEP][PASSED] - if (execProfile == "QAProfile" || execProfile == "QA2Profile"): Text 'Successful Payment Receipt' is present on page  using regular expression

2024-02-06 17:20:01 - [TEST_STEP][PASSED] - click(findTestObject(orPath_ServiceFeesAccept + "/input_convFeeNotifyAction")): Object: 'Object Repository/RAD_Pages/ServiceFeeAccept_Page/input_convFeeNotifyAction' is clicked on

2024-02-06 17:20:02 - [MESSAGE][PASSED] - Object: 'Object Repository/RAD_Pages/ServiceFeeAccept_Page/input_convFeeNotifyAction' is clicked on

2024-02-06 17:20:02 - [TEST_STEP][PASSED] - delay(10): Delayed 10 second(s)

2024-02-06 17:20:12 - [MESSAGE][PASSED] - Delayed 10 second(s)

2024-02-06 17:20:12 - [TEST_STEP][PASSED] - verifyTextPresent("Successful Payment Receipt", true): Text 'Successful Payment Receipt' is present on page  using regular expression

2024-02-06 17:20:12 - [MESSAGE][PASSED] - Text 'Successful Payment Receipt' is present on page  using regular expression

2024-02-06 17:20:12 - [TEST_STEP][PASSED] - ExecuteTC = findTestData(dataFile).getValue("Execute", row): null

2024-02-06 17:20:12 - [TEST_STEP][PASSED] - TaxType = findTestData(dataFile).getValue("TaxType", row): null

2024-02-06 17:20:12 - [TEST_STEP][PASSED] - PaymentType = findTestData(dataFile).getValue("PaymentType", row): null

2024-02-06 17:20:12 - [TEST_STEP][PASSED] - FilingYear = findTestData(dataFile).getValue("Year", row): null

2024-02-06 17:20:12 - [TEST_STEP][PASSED] - feinSSN = findTestData(dataFile).getValue("FeinSsn", row): null

2024-02-06 17:20:12 - [TEST_STEP][PASSED] - if (ExecuteTC.equalsIgnoreCase("Y")): null

2024-02-06 17:20:12 - [TEST_STEP][PASSED] - out.println("Begin Record Number: " + row): null

2024-02-06 17:20:12 - [TEST_STEP][PASSED] - today = new java.util.Date(): null

2024-02-06 17:20:12 - [TEST_STEP][PASSED] - println(today): null

2024-02-06 17:20:12 - [TEST_STEP][PASSED] - datText = today: null

2024-02-06 17:20:12 - [TEST_STEP][PASSED] - logInfo("Payment Type: New Tax Return Amount Due"): Payment Type: New Tax Return Amount Due

2024-02-06 17:20:12 - [MESSAGE][INFO] - Payment Type: New Tax Return Amount Due

2024-02-06 17:20:12 - [TEST_STEP][PASSED] - logInfo("Tax Type: " + TaxType): Tax Type: Sales and Use Tax

2024-02-06 17:20:12 - [MESSAGE][INFO] - Tax Type: Sales and Use Tax

2024-02-06 17:20:12 - [TEST_STEP][PASSED] - openBrowser(""): Browser is opened with url: ''

2024-02-06 17:20:12 - [MESSAGE][WARNING] - A browser is already opened. Closing browser and opening a new one

2024-02-06 17:20:13 - [MESSAGE][INFO] - Starting 'Chrome' driver

2024-02-06 17:20:13 - [MESSAGE][INFO] - User set preference: ['acceptInsecureCerts', 'true']

2024-02-06 17:20:13 - [MESSAGE][INFO] - Action delay is set to 0 milliseconds

2024-02-06 17:20:15 - [MESSAGE][PASSED] - Browser is opened with url: ''

2024-02-06 17:20:15 - [TEST_STEP][PASSED] - maximizeWindow(): Current window maximized

2024-02-06 17:20:15 - [MESSAGE][PASSED] - Current window maximized

2024-02-06 17:20:15 - [TEST_STEP][PASSED] - navigateToUrl(RADurl): Navigate to 'https://qa2.velocitypayment.com/client/rad/index.html' successfully

2024-02-06 17:20:17 - [MESSAGE][PASSED] - Navigate to 'https://qa2.velocitypayment.com/client/rad/index.html' successfully

2024-02-06 17:20:17 - [TEST_STEP][PASSED] - selectOptionByLabel(findTestObject(orPath_Landing + "/dd_TaxType"), "New Tax Return Amount Due", false): All options with label 'New Tax Return Amount Due' are selected in object 'Object Repository/RAD_Pages/Landing_Page/dd_TaxType' 

2024-02-06 17:20:17 - [MESSAGE][PASSED] - All options with label 'New Tax Return Amount Due' are selected in object 'Object Repository/RAD_Pages/Landing_Page/dd_TaxType' 

2024-02-06 17:20:17 - [TEST_STEP][PASSED] - selectOptionByLabel(findTestObject("Object Repository/RAD_Pages/Landing_Page/select_NewTaxReturnAmountDue_TaxType"), TaxType, false): All options with label 'Sales and Use Tax' are selected in object 'Object Repository/RAD_Pages/Landing_Page/select_NewTaxReturnAmountDue_TaxType' 

2024-02-06 17:20:18 - [MESSAGE][PASSED] - All options with label 'Sales and Use Tax' are selected in object 'Object Repository/RAD_Pages/Landing_Page/select_NewTaxReturnAmountDue_TaxType' 

2024-02-06 17:20:18 - [TEST_STEP][PASSED] - selectOptionByLabel(findTestObject(orPath_TaxTypeFilingYear + "/select_FilingYear"), FilingYear, false): All options with label '2021' are selected in object 'Object Repository/RAD_Pages/TaxTypeFilingYear_Page/select_FilingYear' 

2024-02-06 17:20:19 - [MESSAGE][PASSED] - All options with label '2021' are selected in object 'Object Repository/RAD_Pages/TaxTypeFilingYear_Page/select_FilingYear' 

2024-02-06 17:20:19 - [TEST_STEP][PASSED] - rad.getSetDataRAD.setDataRADBusinessName(): rad.getSetDataRAD.setDataRADBusinessName is PASSED

2024-02-06 17:20:20 - [MESSAGE][PASSED] - Text 'My Company' is set on object 'Object Repository/RAD_Pages/Taxpayer_Page/input_businessName'

2024-02-06 17:20:20 - [MESSAGE][PASSED] - rad.getSetDataRAD.setDataRADBusinessName is PASSED

2024-02-06 17:20:20 - [TEST_STEP][PASSED] - rad.getSetDataRAD.setDataRADBusinessRep(): rad.getSetDataRAD.setDataRADBusinessRep is PASSED

2024-02-06 17:20:21 - [MESSAGE][PASSED] - Text 'BusRepFname' is set on object 'Object Repository/RAD_Pages/Taxpayer_Page/input_BusinessRepfirstName'

2024-02-06 17:20:21 - [MESSAGE][PASSED] - Text '' is set on object 'Object Repository/RAD_Pages/Taxpayer_Page/input_BusinessRepmiddleName'

2024-02-06 17:20:22 - [MESSAGE][PASSED] - Text 'BusRepLname' is set on object 'Object Repository/RAD_Pages/Taxpayer_Page/input_BusinessReplastName'

2024-02-06 17:20:23 - [MESSAGE][PASSED] - Text '' is set on object 'Object Repository/RAD_Pages/Taxpayer_Page/input_BusinessRepsuffix'

2024-02-06 17:20:23 - [MESSAGE][PASSED] - rad.getSetDataRAD.setDataRADBusinessRep is PASSED

2024-02-06 17:20:23 - [TEST_STEP][PASSED] - rad.getSetDataRAD.setDataRADAddress(): rad.getSetDataRAD.setDataRADAddress is PASSED

2024-02-06 17:20:24 - [MESSAGE][PASSED] - All options with label 'United States' are selected in object 'Object Repository/RAD_Pages/AddressAndContactInfo_Page/select_Country' 

2024-02-06 17:20:24 - [MESSAGE][PASSED] - Text '2508 Mandan Terrace' is set on object 'Object Repository/RAD_Pages/AddressAndContactInfo_Page/input_streetAddress1'

2024-02-06 17:20:25 - [MESSAGE][PASSED] - Text '' is set on object 'Object Repository/RAD_Pages/AddressAndContactInfo_Page/input_streetAddress2'

2024-02-06 17:20:26 - [MESSAGE][PASSED] - Text 'Gambrills' is set on object 'Object Repository/RAD_Pages/AddressAndContactInfo_Page/input_city'

2024-02-06 17:20:27 - [MESSAGE][PASSED] - All options with label 'Maryland' are selected in object 'Object Repository/RAD_Pages/AddressAndContactInfo_Page/select_State' 

2024-02-06 17:20:27 - [MESSAGE][PASSED] - Text '21054' is set on object 'Object Repository/RAD_Pages/AddressAndContactInfo_Page/input_zipCode'

2024-02-06 17:20:28 - [MESSAGE][PASSED] - Text '(703) 894-5000' is set on object 'Object Repository/RAD_Pages/AddressAndContactInfo_Page/input_phoneNumber'

2024-02-06 17:20:29 - [MESSAGE][PASSED] - Text 'iahmed@govolution.com' is set on object 'Object Repository/RAD_Pages/AddressAndContactInfo_Page/input_eMailAddress'

2024-02-06 17:20:30 - [MESSAGE][PASSED] - Text 'iahmed@govolution.com' is set on object 'Object Repository/RAD_Pages/AddressAndContactInfo_Page/input_reEnterEMailAddress'

2024-02-06 17:20:30 - [MESSAGE][PASSED] - rad.getSetDataRAD.setDataRADAddress is PASSED

2024-02-06 17:20:30 - [TEST_STEP][PASSED] - if (feinSSN.equalsIgnoreCase("Y")): null

2024-02-06 17:20:30 - [TEST_STEP][PASSED] - else: rad.getSetDataRAD.setDataRADFEIN is PASSED

2024-02-06 17:20:30 - [TEST_STEP][PASSED] - if (!(TaxType.equalsIgnoreCase("Estate Tax"))): rad.getSetDataRAD.setDataRADFEIN is PASSED

2024-02-06 17:20:30 - [TEST_STEP][PASSED] - rad.getSetDataRAD.setDataRADFEIN(): rad.getSetDataRAD.setDataRADFEIN is PASSED

2024-02-06 17:20:30 - [MESSAGE][PASSED] - Text ****** has been set on object 'Object Repository/RAD_Pages/TaxInfo_Page/input_FederalEIN'

2024-02-06 17:20:31 - [MESSAGE][PASSED] - Text ****** has been set on object 'Object Repository/RAD_Pages/TaxInfo_Page/input_FederalEIN_ReEnter'

2024-02-06 17:20:31 - [MESSAGE][PASSED] - rad.getSetDataRAD.setDataRADFEIN is PASSED

2024-02-06 17:20:31 - [TEST_STEP][PASSED] - if (TaxType.equalsIgnoreCase("Estate Tax")): null

2024-02-06 17:20:31 - [TEST_STEP][PASSED] - setText(findTestObject(orPath_Amount + "/input__paymentAmount"), "100.00"): Text '100.00' is set on object 'Object Repository/RAD_Pages/PaymentAmount_Page/input__paymentAmount'

2024-02-06 17:20:32 - [MESSAGE][PASSED] - Text '100.00' is set on object 'Object Repository/RAD_Pages/PaymentAmount_Page/input__paymentAmount'

2024-02-06 17:20:32 - [TEST_STEP][PASSED] - setText(findTestObject(orPath_AddressContact + "/input_streetAddress2"), ""): Text '' is set on object 'Object Repository/RAD_Pages/AddressAndContactInfo_Page/input_streetAddress2'

2024-02-06 17:20:33 - [MESSAGE][PASSED] - Text '' is set on object 'Object Repository/RAD_Pages/AddressAndContactInfo_Page/input_streetAddress2'

2024-02-06 17:20:33 - [TEST_STEP][PASSED] - scrollToElement(findTestObject(orPath_Landing + "/button_Continue"), 3): Scroll to object 'Object Repository/RAD_Pages/Landing_Page/button_Continue' successfully

2024-02-06 17:20:33 - [MESSAGE][PASSED] - Scroll to object 'Object Repository/RAD_Pages/Landing_Page/button_Continue' successfully

2024-02-06 17:20:33 - [TEST_STEP][PASSED] - waitForElementClickable(findTestObject(orPath_Landing + "/button_Continue"), 5): Object 'Object Repository/RAD_Pages/Landing_Page/button_Continue' is clickable

2024-02-06 17:20:34 - [MESSAGE][PASSED] - Object 'Object Repository/RAD_Pages/Landing_Page/button_Continue' is clickable

2024-02-06 17:20:34 - [TEST_STEP][PASSED] - click(findTestObject(orPath_Landing + "/button_Continue")): Object: 'Object Repository/RAD_Pages/Landing_Page/button_Continue' is clicked on

2024-02-06 17:20:34 - [MESSAGE][PASSED] - Object: 'Object Repository/RAD_Pages/Landing_Page/button_Continue' is clicked on

2024-02-06 17:20:34 - [TEST_STEP][PASSED] - delay(2): Delayed 2 second(s)

2024-02-06 17:20:36 - [MESSAGE][PASSED] - Delayed 2 second(s)

2024-02-06 17:20:36 - [TEST_STEP][PASSED] - click(findTestObject(orPath_Summary + "/button_Proceed to Payment")): Object: 'Object Repository/RAD_Pages/Summary_Page/button_Proceed to Payment' is clicked on

2024-02-06 17:20:37 - [MESSAGE][PASSED] - Object: 'Object Repository/RAD_Pages/Summary_Page/button_Proceed to Payment' is clicked on

2024-02-06 17:20:37 - [TEST_STEP][PASSED] - if (verifyElementPresent(findTestObject("Object Repository/RAD_Pages/PaymentEntry_Page/input__billingName"), 30)): null

2024-02-06 17:20:38 - [MESSAGE][PASSED] - Object 'Object Repository/RAD_Pages/PaymentEntry_Page/input__billingName' is present

2024-02-06 17:20:38 - [TEST_STEP][PASSED] - verifyTextPresent("Comptroller of Maryland", true): Text 'Comptroller of Maryland' is present on page  using regular expression

2024-02-06 17:20:38 - [MESSAGE][PASSED] - Text 'Comptroller of Maryland' is present on page  using regular expression

2024-02-06 17:20:38 - [TEST_STEP][PASSED] - verifyTextPresent("Revenue Administration Division", true): Text 'Revenue Administration Division' is present on page  using regular expression

2024-02-06 17:20:39 - [MESSAGE][PASSED] - Text 'Revenue Administration Division' is present on page  using regular expression

2024-02-06 17:20:39 - [TEST_STEP][PASSED] - verifyTextPresent("Payment Information", true): Text 'Payment Information' is present on page  using regular expression

2024-02-06 17:20:39 - [MESSAGE][PASSED] - Text 'Payment Information' is present on page  using regular expression

2024-02-06 17:20:39 - [TEST_STEP][PASSED] - card_Name = getAttribute(findTestObject("Object Repository/RAD_Pages/PaymentEntry_Page/input__billingName"), "value"): Attribute 'value' of object 'Object Repository/RAD_Pages/PaymentEntry_Page/input__billingName' is: 'BusRepFname BusRepLname'

2024-02-06 17:20:39 - [MESSAGE][PASSED] - Attribute 'value' of object 'Object Repository/RAD_Pages/PaymentEntry_Page/input__billingName' is: 'BusRepFname BusRepLname'

2024-02-06 17:20:39 - [TEST_STEP][PASSED] - verifyMatch("BusRepFname BusRepLname", card_Name, false): Actual text 'BusRepFname BusRepLname' and expected text 'BusRepFname BusRepLname' are matched 

2024-02-06 17:20:39 - [MESSAGE][PASSED] - Actual text 'BusRepFname BusRepLname' and expected text 'BusRepFname BusRepLname' are matched 

2024-02-06 17:20:39 - [TEST_STEP][PASSED] - AL1 = getAttribute(findTestObject("Object Repository/RAD_Pages/PaymentEntry_Page/input_billingAddress"), "value"): Attribute 'value' of object 'Object Repository/RAD_Pages/PaymentEntry_Page/input_billingAddress' is: '2508 Mandan Terrace'

2024-02-06 17:20:39 - [MESSAGE][PASSED] - Attribute 'value' of object 'Object Repository/RAD_Pages/PaymentEntry_Page/input_billingAddress' is: '2508 Mandan Terrace'

2024-02-06 17:20:39 - [TEST_STEP][PASSED] - verifyMatch("2508 Mandan Terrace", AL1, false): Actual text '2508 Mandan Terrace' and expected text '2508 Mandan Terrace' are matched 

2024-02-06 17:20:39 - [MESSAGE][PASSED] - Actual text '2508 Mandan Terrace' and expected text '2508 Mandan Terrace' are matched 

2024-02-06 17:20:39 - [TEST_STEP][PASSED] - AL2 = getAttribute(findTestObject("Object Repository/RAD_Pages/PaymentEntry_Page/input_billingAddress2"), "value"): Attribute 'value' of object 'Object Repository/RAD_Pages/PaymentEntry_Page/input_billingAddress2' is: ''

2024-02-06 17:20:40 - [MESSAGE][PASSED] - Attribute 'value' of object 'Object Repository/RAD_Pages/PaymentEntry_Page/input_billingAddress2' is: ''

2024-02-06 17:20:40 - [TEST_STEP][PASSED] - verifyMatch("", AL2, false): Actual text '' and expected text '' are matched 

2024-02-06 17:20:40 - [MESSAGE][PASSED] - Actual text '' and expected text '' are matched 

2024-02-06 17:20:40 - [TEST_STEP][PASSED] - zipCode = getAttribute(findTestObject("Object Repository/RAD_Pages/PaymentEntry_Page/input_billingZip"), "value"): Attribute 'value' of object 'Object Repository/RAD_Pages/PaymentEntry_Page/input_billingZip' is: '21054'

2024-02-06 17:20:40 - [MESSAGE][PASSED] - Attribute 'value' of object 'Object Repository/RAD_Pages/PaymentEntry_Page/input_billingZip' is: '21054'

2024-02-06 17:20:40 - [TEST_STEP][PASSED] - verifyMatch("21054", zipCode, false): Actual text '21054' and expected text '21054' are matched 

2024-02-06 17:20:40 - [MESSAGE][PASSED] - Actual text '21054' and expected text '21054' are matched 

2024-02-06 17:20:40 - [TEST_STEP][PASSED] - city = getAttribute(findTestObject("Object Repository/RAD_Pages/PaymentEntry_Page/input_billingCity"), "value"): Attribute 'value' of object 'Object Repository/RAD_Pages/PaymentEntry_Page/input_billingCity' is: 'GAMBRILLS'

2024-02-06 17:20:41 - [MESSAGE][PASSED] - Attribute 'value' of object 'Object Repository/RAD_Pages/PaymentEntry_Page/input_billingCity' is: 'GAMBRILLS'

2024-02-06 17:20:41 - [TEST_STEP][PASSED] - verifyMatch("GAMBRILLS", city, false): Actual text 'GAMBRILLS' and expected text 'GAMBRILLS' are matched 

2024-02-06 17:20:41 - [MESSAGE][PASSED] - Actual text 'GAMBRILLS' and expected text 'GAMBRILLS' are matched 

2024-02-06 17:20:41 - [TEST_STEP][PASSED] - email = getAttribute(findTestObject("Object Repository/RAD_Pages/PaymentEntry_Page/input_emailAddress"), "value"): Attribute 'value' of object 'Object Repository/RAD_Pages/PaymentEntry_Page/input_emailAddress' is: 'iahmed@govolution.com'

2024-02-06 17:20:41 - [MESSAGE][PASSED] - Attribute 'value' of object 'Object Repository/RAD_Pages/PaymentEntry_Page/input_emailAddress' is: 'iahmed@govolution.com'

2024-02-06 17:20:41 - [TEST_STEP][PASSED] - verifyMatch("iahmed@govolution.com", email, false): Actual text 'iahmed@govolution.com' and expected text 'iahmed@govolution.com' are matched 

2024-02-06 17:20:41 - [MESSAGE][PASSED] - Actual text 'iahmed@govolution.com' and expected text 'iahmed@govolution.com' are matched 

2024-02-06 17:20:41 - [TEST_STEP][PASSED] - amount = getAttribute(findTestObject("Object Repository/RAD_Pages/PaymentEntry_Page/input_amount"), "value"): Attribute 'value' of object 'Object Repository/RAD_Pages/PaymentEntry_Page/input_amount' is: '100.00'

2024-02-06 17:20:41 - [MESSAGE][PASSED] - Attribute 'value' of object 'Object Repository/RAD_Pages/PaymentEntry_Page/input_amount' is: '100.00'

2024-02-06 17:20:41 - [TEST_STEP][PASSED] - verifyMatch("100.00", amount, false): Actual text '100.00' and expected text '100.00' are matched 

2024-02-06 17:20:41 - [MESSAGE][PASSED] - Actual text '100.00' and expected text '100.00' are matched 

2024-02-06 17:20:41 - [TEST_STEP][PASSED] - amountReadOnly = getAttribute(findTestObject("Object Repository/RAD_Pages/PaymentEntry_Page/input_amount"), "readonly"): Attribute 'readonly' of object 'Object Repository/RAD_Pages/PaymentEntry_Page/input_amount' is: 'true'

2024-02-06 17:20:42 - [MESSAGE][PASSED] - Attribute 'readonly' of object 'Object Repository/RAD_Pages/PaymentEntry_Page/input_amount' is: 'true'

2024-02-06 17:20:42 - [TEST_STEP][PASSED] - verifyMatch("true", amountReadOnly, false): Actual text 'true' and expected text 'true' are matched 

2024-02-06 17:20:42 - [MESSAGE][PASSED] - Actual text 'true' and expected text 'true' are matched 

2024-02-06 17:20:42 - [TEST_STEP][PASSED] - verifyOptionSelectedByLabel(findTestObject("Object Repository/RAD_Pages/PaymentEntry_Page/select_Country"), "United States", false, 20): All options with label 'United States' are selected in object 'Object Repository/RAD_Pages/PaymentEntry_Page/select_Country' 

2024-02-06 17:20:43 - [MESSAGE][PASSED] - All options with label 'United States' are selected in object 'Object Repository/RAD_Pages/PaymentEntry_Page/select_Country' 

2024-02-06 17:20:43 - [TEST_STEP][PASSED] - verifyOptionSelectedByLabel(findTestObject("Object Repository/RAD_Pages/PaymentEntry_Page/select_State"), "Maryland", false, 20): All options with label 'Maryland' are selected in object 'Object Repository/RAD_Pages/PaymentEntry_Page/select_State' 

2024-02-06 17:20:45 - [MESSAGE][PASSED] - All options with label 'Maryland' are selected in object 'Object Repository/RAD_Pages/PaymentEntry_Page/select_State' 

2024-02-06 17:20:45 - [TEST_STEP][PASSED] - setText(findTestObject(orPath_PaymentEntry + "/input__cardNumber"), "4111111111111111"): Text '4111111111111111' is set on object 'Object Repository/RAD_Pages/PaymentEntry_Page/input__cardNumber'

2024-02-06 17:20:46 - [MESSAGE][PASSED] - Text '4111111111111111' is set on object 'Object Repository/RAD_Pages/PaymentEntry_Page/input__cardNumber'

2024-02-06 17:20:46 - [TEST_STEP][PASSED] - setText(findTestObject(orPath_PaymentEntry + "/input__spc"), "123"): Text '123' is set on object 'Object Repository/RAD_Pages/PaymentEntry_Page/input__spc'

2024-02-06 17:20:47 - [MESSAGE][PASSED] - Text '123' is set on object 'Object Repository/RAD_Pages/PaymentEntry_Page/input__spc'

2024-02-06 17:20:47 - [TEST_STEP][PASSED] - selectOptionByLabel(findTestObject(orPath_PaymentEntry + "/select_MM"), "12", false): All options with label '12' are selected in object 'Object Repository/RAD_Pages/PaymentEntry_Page/select_MM' 

2024-02-06 17:20:47 - [MESSAGE][PASSED] - All options with label '12' are selected in object 'Object Repository/RAD_Pages/PaymentEntry_Page/select_MM' 

2024-02-06 17:20:47 - [TEST_STEP][PASSED] - selectOptionByLabel(findTestObject(orPath_PaymentEntry + "/select_YYYY"), "2028", false): All options with label '2028' are selected in object 'Object Repository/RAD_Pages/PaymentEntry_Page/select_YYYY' 

2024-02-06 17:20:48 - [MESSAGE][PASSED] - All options with label '2028' are selected in object 'Object Repository/RAD_Pages/PaymentEntry_Page/select_YYYY' 

2024-02-06 17:20:48 - [TEST_STEP][PASSED] - click(findTestObject(orPath_PaymentEntry + "/input_Field_ccSubmit")): Object: 'Object Repository/RAD_Pages/PaymentEntry_Page/input_Field_ccSubmit' is clicked on

2024-02-06 17:20:49 - [MESSAGE][PASSED] - Object: 'Object Repository/RAD_Pages/PaymentEntry_Page/input_Field_ccSubmit' is clicked on

2024-02-06 17:20:49 - [TEST_STEP][PASSED] - click(findTestObject(orPath_PaymentConfirmation + "/input_N_confirmNotifyAction")): Object: 'Object Repository/RAD_Pages/PaymentConfirmation_Page/input_N_confirmNotifyAction' is clicked on

2024-02-06 17:20:50 - [MESSAGE][PASSED] - Object: 'Object Repository/RAD_Pages/PaymentConfirmation_Page/input_N_confirmNotifyAction' is clicked on

2024-02-06 17:20:50 - [TEST_STEP][PASSED] - verifyTextPresent("Service Fee Acceptance", true): Text 'Service Fee Acceptance' is present on page  using regular expression

2024-02-06 17:20:51 - [MESSAGE][PASSED] - Text 'Service Fee Acceptance' is present on page  using regular expression

2024-02-06 17:20:51 - [TEST_STEP][PASSED] - verifyTextPresent("This transaction is subject to a Service Fee of ", true): Text 'This transaction is subject to a Service Fee of ' is present on page  using regular expression

2024-02-06 17:20:51 - [MESSAGE][PASSED] - Text 'This transaction is subject to a Service Fee of ' is present on page  using regular expression

2024-02-06 17:20:51 - [TEST_STEP][PASSED] - verifyTextPresent("Payment Amount:", true): Text 'Payment Amount:' is present on page  using regular expression

2024-02-06 17:20:51 - [MESSAGE][PASSED] - Text 'Payment Amount:' is present on page  using regular expression

2024-02-06 17:20:51 - [TEST_STEP][PASSED] - verifyTextPresent("100.00", true): Text '100.00' is present on page  using regular expression

2024-02-06 17:20:51 - [MESSAGE][PASSED] - Text '100.00' is present on page  using regular expression

2024-02-06 17:20:51 - [TEST_STEP][PASSED] - verifyTextPresent("Service Fee:", true): Text 'Service Fee:' is present on page  using regular expression

2024-02-06 17:20:52 - [MESSAGE][PASSED] - Text 'Service Fee:' is present on page  using regular expression

2024-02-06 17:20:52 - [TEST_STEP][PASSED] - verifyTextPresent("2.45", true): Text '2.45' is present on page  using regular expression

2024-02-06 17:20:52 - [MESSAGE][PASSED] - Text '2.45' is present on page  using regular expression

2024-02-06 17:20:52 - [TEST_STEP][PASSED] - verifyTextPresent("Total Amount:", true): Text 'Total Amount:' is present on page  using regular expression

2024-02-06 17:20:52 - [MESSAGE][PASSED] - Text 'Total Amount:' is present on page  using regular expression

2024-02-06 17:20:52 - [TEST_STEP][PASSED] - verifyTextPresent("102.45", true): Text '102.45' is present on page  using regular expression

2024-02-06 17:20:52 - [MESSAGE][PASSED] - Text '102.45' is present on page  using regular expression

2024-02-06 17:20:52 - [TEST_STEP][PASSED] - verifyTextPresent("Two transactions will appear on your bank statement, one in the amount of", true): Text 'Two transactions will appear on your bank statement, one in the amount of' is present on page  using regular expression

2024-02-06 17:20:53 - [MESSAGE][PASSED] - Text 'Two transactions will appear on your bank statement, one in the amount of' is present on page  using regular expression

2024-02-06 17:20:53 - [TEST_STEP][PASSED] - if (verifyElementPresent(findTestObject(orPath_ServiceFeesAccept + "/input_convFeeNotifyAction"), 30)): null

2024-02-06 17:20:53 - [MESSAGE][PASSED] - Object 'Object Repository/RAD_Pages/ServiceFeeAccept_Page/input_convFeeNotifyAction' is present

2024-02-06 17:20:53 - [TEST_STEP][PASSED] - resText = "Pass": null

2024-02-06 17:20:53 - [TEST_STEP][PASSED] - pages.WriteExcel.demoKey(resText, datText, resColumn, datCloumn, fileLoc, nameSheet, row): pages.WriteExcel.demoKey is PASSED

2024-02-06 17:20:53 - [MESSAGE][PASSED] - pages.WriteExcel.demoKey is PASSED

2024-02-06 17:20:53 - [TEST_STEP][PASSED] - if (execProfile == "QAProfile" || execProfile == "QA2Profile"): Text 'Successful Payment Receipt' is present on page  using regular expression

2024-02-06 17:20:53 - [TEST_STEP][PASSED] - click(findTestObject(orPath_ServiceFeesAccept + "/input_convFeeNotifyAction")): Object: 'Object Repository/RAD_Pages/ServiceFeeAccept_Page/input_convFeeNotifyAction' is clicked on

2024-02-06 17:20:54 - [MESSAGE][PASSED] - Object: 'Object Repository/RAD_Pages/ServiceFeeAccept_Page/input_convFeeNotifyAction' is clicked on

2024-02-06 17:20:54 - [TEST_STEP][PASSED] - delay(10): Delayed 10 second(s)

2024-02-06 17:21:04 - [MESSAGE][PASSED] - Delayed 10 second(s)

2024-02-06 17:21:04 - [TEST_STEP][PASSED] - verifyTextPresent("Successful Payment Receipt", true): Text 'Successful Payment Receipt' is present on page  using regular expression

2024-02-06 17:21:04 - [MESSAGE][PASSED] - Text 'Successful Payment Receipt' is present on page  using regular expression

2024-02-06 17:21:04 - [TEST_STEP][PASSED] - ExecuteTC = findTestData(dataFile).getValue("Execute", row): null

2024-02-06 17:21:04 - [TEST_STEP][PASSED] - TaxType = findTestData(dataFile).getValue("TaxType", row): null

2024-02-06 17:21:04 - [TEST_STEP][PASSED] - PaymentType = findTestData(dataFile).getValue("PaymentType", row): null

2024-02-06 17:21:04 - [TEST_STEP][PASSED] - FilingYear = findTestData(dataFile).getValue("Year", row): null

2024-02-06 17:21:04 - [TEST_STEP][PASSED] - feinSSN = findTestData(dataFile).getValue("FeinSsn", row): null

2024-02-06 17:21:04 - [TEST_STEP][PASSED] - if (ExecuteTC.equalsIgnoreCase("Y")): null

2024-02-06 17:21:04 - [TEST_STEP][PASSED] - out.println("Begin Record Number: " + row): null

2024-02-06 17:21:04 - [TEST_STEP][PASSED] - today = new java.util.Date(): null

2024-02-06 17:21:04 - [TEST_STEP][PASSED] - println(today): null

2024-02-06 17:21:04 - [TEST_STEP][PASSED] - datText = today: null

2024-02-06 17:21:04 - [TEST_STEP][PASSED] - logInfo("Payment Type: New Tax Return Amount Due"): Payment Type: New Tax Return Amount Due

2024-02-06 17:21:04 - [MESSAGE][INFO] - Payment Type: New Tax Return Amount Due

2024-02-06 17:21:04 - [TEST_STEP][PASSED] - logInfo("Tax Type: " + TaxType): Tax Type: Slots License Fee

2024-02-06 17:21:04 - [MESSAGE][INFO] - Tax Type: Slots License Fee

2024-02-06 17:21:04 - [TEST_STEP][PASSED] - openBrowser(""): Browser is opened with url: ''

2024-02-06 17:21:04 - [MESSAGE][WARNING] - A browser is already opened. Closing browser and opening a new one

2024-02-06 17:21:05 - [MESSAGE][INFO] - Starting 'Chrome' driver

2024-02-06 17:21:05 - [MESSAGE][INFO] - User set preference: ['acceptInsecureCerts', 'true']

2024-02-06 17:21:05 - [MESSAGE][INFO] - Action delay is set to 0 milliseconds

2024-02-06 17:21:07 - [MESSAGE][PASSED] - Browser is opened with url: ''

2024-02-06 17:21:07 - [TEST_STEP][PASSED] - maximizeWindow(): Current window maximized

2024-02-06 17:21:07 - [MESSAGE][PASSED] - Current window maximized

2024-02-06 17:21:07 - [TEST_STEP][PASSED] - navigateToUrl(RADurl): Navigate to 'https://qa2.velocitypayment.com/client/rad/index.html' successfully

2024-02-06 17:21:09 - [MESSAGE][PASSED] - Navigate to 'https://qa2.velocitypayment.com/client/rad/index.html' successfully

2024-02-06 17:21:09 - [TEST_STEP][PASSED] - selectOptionByLabel(findTestObject(orPath_Landing + "/dd_TaxType"), "New Tax Return Amount Due", false): All options with label 'New Tax Return Amount Due' are selected in object 'Object Repository/RAD_Pages/Landing_Page/dd_TaxType' 

2024-02-06 17:21:10 - [MESSAGE][PASSED] - All options with label 'New Tax Return Amount Due' are selected in object 'Object Repository/RAD_Pages/Landing_Page/dd_TaxType' 

2024-02-06 17:21:10 - [TEST_STEP][PASSED] - selectOptionByLabel(findTestObject("Object Repository/RAD_Pages/Landing_Page/select_NewTaxReturnAmountDue_TaxType"), TaxType, false): All options with label 'Slots License Fee' are selected in object 'Object Repository/RAD_Pages/Landing_Page/select_NewTaxReturnAmountDue_TaxType' 

2024-02-06 17:21:11 - [MESSAGE][PASSED] - All options with label 'Slots License Fee' are selected in object 'Object Repository/RAD_Pages/Landing_Page/select_NewTaxReturnAmountDue_TaxType' 

2024-02-06 17:21:11 - [TEST_STEP][PASSED] - selectOptionByLabel(findTestObject(orPath_TaxTypeFilingYear + "/select_FilingYear"), FilingYear, false): All options with label '2021' are selected in object 'Object Repository/RAD_Pages/TaxTypeFilingYear_Page/select_FilingYear' 

2024-02-06 17:21:11 - [MESSAGE][PASSED] - All options with label '2021' are selected in object 'Object Repository/RAD_Pages/TaxTypeFilingYear_Page/select_FilingYear' 

2024-02-06 17:21:11 - [TEST_STEP][PASSED] - rad.getSetDataRAD.setDataRADBusinessName(): rad.getSetDataRAD.setDataRADBusinessName is PASSED

2024-02-06 17:21:12 - [MESSAGE][PASSED] - Text 'My Company' is set on object 'Object Repository/RAD_Pages/Taxpayer_Page/input_businessName'

2024-02-06 17:21:12 - [MESSAGE][PASSED] - rad.getSetDataRAD.setDataRADBusinessName is PASSED

2024-02-06 17:21:12 - [TEST_STEP][PASSED] - rad.getSetDataRAD.setDataRADBusinessRep(): rad.getSetDataRAD.setDataRADBusinessRep is PASSED

2024-02-06 17:21:13 - [MESSAGE][PASSED] - Text 'BusRepFname' is set on object 'Object Repository/RAD_Pages/Taxpayer_Page/input_BusinessRepfirstName'

2024-02-06 17:21:14 - [MESSAGE][PASSED] - Text '' is set on object 'Object Repository/RAD_Pages/Taxpayer_Page/input_BusinessRepmiddleName'

2024-02-06 17:21:14 - [MESSAGE][PASSED] - Text 'BusRepLname' is set on object 'Object Repository/RAD_Pages/Taxpayer_Page/input_BusinessReplastName'

2024-02-06 17:21:15 - [MESSAGE][PASSED] - Text '' is set on object 'Object Repository/RAD_Pages/Taxpayer_Page/input_BusinessRepsuffix'

2024-02-06 17:21:15 - [MESSAGE][PASSED] - rad.getSetDataRAD.setDataRADBusinessRep is PASSED

2024-02-06 17:21:15 - [TEST_STEP][PASSED] - rad.getSetDataRAD.setDataRADAddress(): rad.getSetDataRAD.setDataRADAddress is PASSED

2024-02-06 17:21:16 - [MESSAGE][PASSED] - All options with label 'United States' are selected in object 'Object Repository/RAD_Pages/AddressAndContactInfo_Page/select_Country' 

2024-02-06 17:21:16 - [MESSAGE][PASSED] - Text '2508 Mandan Terrace' is set on object 'Object Repository/RAD_Pages/AddressAndContactInfo_Page/input_streetAddress1'

2024-02-06 17:21:17 - [MESSAGE][PASSED] - Text '' is set on object 'Object Repository/RAD_Pages/AddressAndContactInfo_Page/input_streetAddress2'

2024-02-06 17:21:18 - [MESSAGE][PASSED] - Text 'Gambrills' is set on object 'Object Repository/RAD_Pages/AddressAndContactInfo_Page/input_city'

2024-02-06 17:21:19 - [MESSAGE][PASSED] - All options with label 'Maryland' are selected in object 'Object Repository/RAD_Pages/AddressAndContactInfo_Page/select_State' 

2024-02-06 17:21:19 - [MESSAGE][PASSED] - Text '21054' is set on object 'Object Repository/RAD_Pages/AddressAndContactInfo_Page/input_zipCode'

2024-02-06 17:21:20 - [MESSAGE][PASSED] - Text '(703) 894-5000' is set on object 'Object Repository/RAD_Pages/AddressAndContactInfo_Page/input_phoneNumber'

2024-02-06 17:21:21 - [MESSAGE][PASSED] - Text 'iahmed@govolution.com' is set on object 'Object Repository/RAD_Pages/AddressAndContactInfo_Page/input_eMailAddress'

2024-02-06 17:21:22 - [MESSAGE][PASSED] - Text 'iahmed@govolution.com' is set on object 'Object Repository/RAD_Pages/AddressAndContactInfo_Page/input_reEnterEMailAddress'

2024-02-06 17:21:22 - [MESSAGE][PASSED] - rad.getSetDataRAD.setDataRADAddress is PASSED

2024-02-06 17:21:22 - [TEST_STEP][PASSED] - if (feinSSN.equalsIgnoreCase("Y")): null

2024-02-06 17:21:22 - [TEST_STEP][PASSED] - else: rad.getSetDataRAD.setDataRADFEIN is PASSED

2024-02-06 17:21:22 - [TEST_STEP][PASSED] - if (!(TaxType.equalsIgnoreCase("Estate Tax"))): rad.getSetDataRAD.setDataRADFEIN is PASSED

2024-02-06 17:21:22 - [TEST_STEP][PASSED] - rad.getSetDataRAD.setDataRADFEIN(): rad.getSetDataRAD.setDataRADFEIN is PASSED

2024-02-06 17:21:23 - [MESSAGE][PASSED] - Text ****** has been set on object 'Object Repository/RAD_Pages/TaxInfo_Page/input_FederalEIN'

2024-02-06 17:21:23 - [MESSAGE][PASSED] - Text ****** has been set on object 'Object Repository/RAD_Pages/TaxInfo_Page/input_FederalEIN_ReEnter'

2024-02-06 17:21:23 - [MESSAGE][PASSED] - rad.getSetDataRAD.setDataRADFEIN is PASSED

2024-02-06 17:21:23 - [TEST_STEP][PASSED] - if (TaxType.equalsIgnoreCase("Estate Tax")): null

2024-02-06 17:21:23 - [TEST_STEP][PASSED] - setText(findTestObject(orPath_Amount + "/input__paymentAmount"), "100.00"): Text '100.00' is set on object 'Object Repository/RAD_Pages/PaymentAmount_Page/input__paymentAmount'

2024-02-06 17:21:24 - [MESSAGE][PASSED] - Text '100.00' is set on object 'Object Repository/RAD_Pages/PaymentAmount_Page/input__paymentAmount'

2024-02-06 17:21:24 - [TEST_STEP][PASSED] - setText(findTestObject(orPath_AddressContact + "/input_streetAddress2"), ""): Text '' is set on object 'Object Repository/RAD_Pages/AddressAndContactInfo_Page/input_streetAddress2'

2024-02-06 17:21:25 - [MESSAGE][PASSED] - Text '' is set on object 'Object Repository/RAD_Pages/AddressAndContactInfo_Page/input_streetAddress2'

2024-02-06 17:21:25 - [TEST_STEP][PASSED] - scrollToElement(findTestObject(orPath_Landing + "/button_Continue"), 3): Scroll to object 'Object Repository/RAD_Pages/Landing_Page/button_Continue' successfully

2024-02-06 17:21:26 - [MESSAGE][PASSED] - Scroll to object 'Object Repository/RAD_Pages/Landing_Page/button_Continue' successfully

2024-02-06 17:21:26 - [TEST_STEP][PASSED] - waitForElementClickable(findTestObject(orPath_Landing + "/button_Continue"), 5): Object 'Object Repository/RAD_Pages/Landing_Page/button_Continue' is clickable

2024-02-06 17:21:26 - [MESSAGE][PASSED] - Object 'Object Repository/RAD_Pages/Landing_Page/button_Continue' is clickable

2024-02-06 17:21:26 - [TEST_STEP][PASSED] - click(findTestObject(orPath_Landing + "/button_Continue")): Object: 'Object Repository/RAD_Pages/Landing_Page/button_Continue' is clicked on

2024-02-06 17:21:26 - [MESSAGE][PASSED] - Object: 'Object Repository/RAD_Pages/Landing_Page/button_Continue' is clicked on

2024-02-06 17:21:26 - [TEST_STEP][PASSED] - delay(2): Delayed 2 second(s)

2024-02-06 17:21:28 - [MESSAGE][PASSED] - Delayed 2 second(s)

2024-02-06 17:21:28 - [TEST_STEP][PASSED] - click(findTestObject(orPath_Summary + "/button_Proceed to Payment")): Object: 'Object Repository/RAD_Pages/Summary_Page/button_Proceed to Payment' is clicked on

2024-02-06 17:21:30 - [MESSAGE][PASSED] - Object: 'Object Repository/RAD_Pages/Summary_Page/button_Proceed to Payment' is clicked on

2024-02-06 17:21:30 - [TEST_STEP][PASSED] - if (verifyElementPresent(findTestObject("Object Repository/RAD_Pages/PaymentEntry_Page/input__billingName"), 30)): null

2024-02-06 17:21:30 - [MESSAGE][PASSED] - Object 'Object Repository/RAD_Pages/PaymentEntry_Page/input__billingName' is present

2024-02-06 17:21:30 - [TEST_STEP][PASSED] - verifyTextPresent("Comptroller of Maryland", true): Text 'Comptroller of Maryland' is present on page  using regular expression

2024-02-06 17:21:31 - [MESSAGE][PASSED] - Text 'Comptroller of Maryland' is present on page  using regular expression

2024-02-06 17:21:31 - [TEST_STEP][PASSED] - verifyTextPresent("Revenue Administration Division", true): Text 'Revenue Administration Division' is present on page  using regular expression

2024-02-06 17:21:31 - [MESSAGE][PASSED] - Text 'Revenue Administration Division' is present on page  using regular expression

2024-02-06 17:21:31 - [TEST_STEP][PASSED] - verifyTextPresent("Payment Information", true): Text 'Payment Information' is present on page  using regular expression

2024-02-06 17:21:31 - [MESSAGE][PASSED] - Text 'Payment Information' is present on page  using regular expression

2024-02-06 17:21:31 - [TEST_STEP][PASSED] - card_Name = getAttribute(findTestObject("Object Repository/RAD_Pages/PaymentEntry_Page/input__billingName"), "value"): Attribute 'value' of object 'Object Repository/RAD_Pages/PaymentEntry_Page/input__billingName' is: 'BusRepFname BusRepLname'

2024-02-06 17:21:32 - [MESSAGE][PASSED] - Attribute 'value' of object 'Object Repository/RAD_Pages/PaymentEntry_Page/input__billingName' is: 'BusRepFname BusRepLname'

2024-02-06 17:21:32 - [TEST_STEP][PASSED] - verifyMatch("BusRepFname BusRepLname", card_Name, false): Actual text 'BusRepFname BusRepLname' and expected text 'BusRepFname BusRepLname' are matched 

2024-02-06 17:21:32 - [MESSAGE][PASSED] - Actual text 'BusRepFname BusRepLname' and expected text 'BusRepFname BusRepLname' are matched 

2024-02-06 17:21:32 - [TEST_STEP][PASSED] - AL1 = getAttribute(findTestObject("Object Repository/RAD_Pages/PaymentEntry_Page/input_billingAddress"), "value"): Attribute 'value' of object 'Object Repository/RAD_Pages/PaymentEntry_Page/input_billingAddress' is: '2508 Mandan Terrace'

2024-02-06 17:21:32 - [MESSAGE][PASSED] - Attribute 'value' of object 'Object Repository/RAD_Pages/PaymentEntry_Page/input_billingAddress' is: '2508 Mandan Terrace'

2024-02-06 17:21:32 - [TEST_STEP][PASSED] - verifyMatch("2508 Mandan Terrace", AL1, false): Actual text '2508 Mandan Terrace' and expected text '2508 Mandan Terrace' are matched 

2024-02-06 17:21:32 - [MESSAGE][PASSED] - Actual text '2508 Mandan Terrace' and expected text '2508 Mandan Terrace' are matched 

2024-02-06 17:21:32 - [TEST_STEP][PASSED] - AL2 = getAttribute(findTestObject("Object Repository/RAD_Pages/PaymentEntry_Page/input_billingAddress2"), "value"): Attribute 'value' of object 'Object Repository/RAD_Pages/PaymentEntry_Page/input_billingAddress2' is: ''

2024-02-06 17:21:32 - [MESSAGE][PASSED] - Attribute 'value' of object 'Object Repository/RAD_Pages/PaymentEntry_Page/input_billingAddress2' is: ''

2024-02-06 17:21:32 - [TEST_STEP][PASSED] - verifyMatch("", AL2, false): Actual text '' and expected text '' are matched 

2024-02-06 17:21:32 - [MESSAGE][PASSED] - Actual text '' and expected text '' are matched 

2024-02-06 17:21:32 - [TEST_STEP][PASSED] - zipCode = getAttribute(findTestObject("Object Repository/RAD_Pages/PaymentEntry_Page/input_billingZip"), "value"): Attribute 'value' of object 'Object Repository/RAD_Pages/PaymentEntry_Page/input_billingZip' is: '21054'

2024-02-06 17:21:33 - [MESSAGE][PASSED] - Attribute 'value' of object 'Object Repository/RAD_Pages/PaymentEntry_Page/input_billingZip' is: '21054'

2024-02-06 17:21:33 - [TEST_STEP][PASSED] - verifyMatch("21054", zipCode, false): Actual text '21054' and expected text '21054' are matched 

2024-02-06 17:21:33 - [MESSAGE][PASSED] - Actual text '21054' and expected text '21054' are matched 

2024-02-06 17:21:33 - [TEST_STEP][PASSED] - city = getAttribute(findTestObject("Object Repository/RAD_Pages/PaymentEntry_Page/input_billingCity"), "value"): Attribute 'value' of object 'Object Repository/RAD_Pages/PaymentEntry_Page/input_billingCity' is: 'GAMBRILLS'

2024-02-06 17:21:33 - [MESSAGE][PASSED] - Attribute 'value' of object 'Object Repository/RAD_Pages/PaymentEntry_Page/input_billingCity' is: 'GAMBRILLS'

2024-02-06 17:21:33 - [TEST_STEP][PASSED] - verifyMatch("GAMBRILLS", city, false): Actual text 'GAMBRILLS' and expected text 'GAMBRILLS' are matched 

2024-02-06 17:21:33 - [MESSAGE][PASSED] - Actual text 'GAMBRILLS' and expected text 'GAMBRILLS' are matched 

2024-02-06 17:21:33 - [TEST_STEP][PASSED] - email = getAttribute(findTestObject("Object Repository/RAD_Pages/PaymentEntry_Page/input_emailAddress"), "value"): Attribute 'value' of object 'Object Repository/RAD_Pages/PaymentEntry_Page/input_emailAddress' is: 'iahmed@govolution.com'

2024-02-06 17:21:33 - [MESSAGE][PASSED] - Attribute 'value' of object 'Object Repository/RAD_Pages/PaymentEntry_Page/input_emailAddress' is: 'iahmed@govolution.com'

2024-02-06 17:21:33 - [TEST_STEP][PASSED] - verifyMatch("iahmed@govolution.com", email, false): Actual text 'iahmed@govolution.com' and expected text 'iahmed@govolution.com' are matched 

2024-02-06 17:21:33 - [MESSAGE][PASSED] - Actual text 'iahmed@govolution.com' and expected text 'iahmed@govolution.com' are matched 

2024-02-06 17:21:33 - [TEST_STEP][PASSED] - amount = getAttribute(findTestObject("Object Repository/RAD_Pages/PaymentEntry_Page/input_amount"), "value"): Attribute 'value' of object 'Object Repository/RAD_Pages/PaymentEntry_Page/input_amount' is: '100.00'

2024-02-06 17:21:34 - [MESSAGE][PASSED] - Attribute 'value' of object 'Object Repository/RAD_Pages/PaymentEntry_Page/input_amount' is: '100.00'

2024-02-06 17:21:34 - [TEST_STEP][PASSED] - verifyMatch("100.00", amount, false): Actual text '100.00' and expected text '100.00' are matched 

2024-02-06 17:21:34 - [MESSAGE][PASSED] - Actual text '100.00' and expected text '100.00' are matched 

2024-02-06 17:21:34 - [TEST_STEP][PASSED] - amountReadOnly = getAttribute(findTestObject("Object Repository/RAD_Pages/PaymentEntry_Page/input_amount"), "readonly"): Attribute 'readonly' of object 'Object Repository/RAD_Pages/PaymentEntry_Page/input_amount' is: 'true'

2024-02-06 17:21:34 - [MESSAGE][PASSED] - Attribute 'readonly' of object 'Object Repository/RAD_Pages/PaymentEntry_Page/input_amount' is: 'true'

2024-02-06 17:21:34 - [TEST_STEP][PASSED] - verifyMatch("true", amountReadOnly, false): Actual text 'true' and expected text 'true' are matched 

2024-02-06 17:21:34 - [MESSAGE][PASSED] - Actual text 'true' and expected text 'true' are matched 

2024-02-06 17:21:34 - [TEST_STEP][PASSED] - verifyOptionSelectedByLabel(findTestObject("Object Repository/RAD_Pages/PaymentEntry_Page/select_Country"), "United States", false, 20): All options with label 'United States' are selected in object 'Object Repository/RAD_Pages/PaymentEntry_Page/select_Country' 

2024-02-06 17:21:35 - [MESSAGE][PASSED] - All options with label 'United States' are selected in object 'Object Repository/RAD_Pages/PaymentEntry_Page/select_Country' 

2024-02-06 17:21:35 - [TEST_STEP][PASSED] - verifyOptionSelectedByLabel(findTestObject("Object Repository/RAD_Pages/PaymentEntry_Page/select_State"), "Maryland", false, 20): All options with label 'Maryland' are selected in object 'Object Repository/RAD_Pages/PaymentEntry_Page/select_State' 

2024-02-06 17:21:38 - [MESSAGE][PASSED] - All options with label 'Maryland' are selected in object 'Object Repository/RAD_Pages/PaymentEntry_Page/select_State' 

2024-02-06 17:21:38 - [TEST_STEP][PASSED] - setText(findTestObject(orPath_PaymentEntry + "/input__cardNumber"), "4111111111111111"): Text '4111111111111111' is set on object 'Object Repository/RAD_Pages/PaymentEntry_Page/input__cardNumber'

2024-02-06 17:21:38 - [MESSAGE][PASSED] - Text '4111111111111111' is set on object 'Object Repository/RAD_Pages/PaymentEntry_Page/input__cardNumber'

2024-02-06 17:21:38 - [TEST_STEP][PASSED] - setText(findTestObject(orPath_PaymentEntry + "/input__spc"), "123"): Text '123' is set on object 'Object Repository/RAD_Pages/PaymentEntry_Page/input__spc'

2024-02-06 17:21:39 - [MESSAGE][PASSED] - Text '123' is set on object 'Object Repository/RAD_Pages/PaymentEntry_Page/input__spc'

2024-02-06 17:21:39 - [TEST_STEP][PASSED] - selectOptionByLabel(findTestObject(orPath_PaymentEntry + "/select_MM"), "12", false): All options with label '12' are selected in object 'Object Repository/RAD_Pages/PaymentEntry_Page/select_MM' 

2024-02-06 17:21:40 - [MESSAGE][PASSED] - All options with label '12' are selected in object 'Object Repository/RAD_Pages/PaymentEntry_Page/select_MM' 

2024-02-06 17:21:40 - [TEST_STEP][PASSED] - selectOptionByLabel(findTestObject(orPath_PaymentEntry + "/select_YYYY"), "2028", false): All options with label '2028' are selected in object 'Object Repository/RAD_Pages/PaymentEntry_Page/select_YYYY' 

2024-02-06 17:21:40 - [MESSAGE][PASSED] - All options with label '2028' are selected in object 'Object Repository/RAD_Pages/PaymentEntry_Page/select_YYYY' 

2024-02-06 17:21:40 - [TEST_STEP][PASSED] - click(findTestObject(orPath_PaymentEntry + "/input_Field_ccSubmit")): Object: 'Object Repository/RAD_Pages/PaymentEntry_Page/input_Field_ccSubmit' is clicked on

2024-02-06 17:21:41 - [MESSAGE][PASSED] - Object: 'Object Repository/RAD_Pages/PaymentEntry_Page/input_Field_ccSubmit' is clicked on

2024-02-06 17:21:41 - [TEST_STEP][PASSED] - click(findTestObject(orPath_PaymentConfirmation + "/input_N_confirmNotifyAction")): Object: 'Object Repository/RAD_Pages/PaymentConfirmation_Page/input_N_confirmNotifyAction' is clicked on

2024-02-06 17:21:42 - [MESSAGE][PASSED] - Object: 'Object Repository/RAD_Pages/PaymentConfirmation_Page/input_N_confirmNotifyAction' is clicked on

2024-02-06 17:21:42 - [TEST_STEP][PASSED] - verifyTextPresent("Service Fee Acceptance", true): Text 'Service Fee Acceptance' is present on page  using regular expression

2024-02-06 17:21:43 - [MESSAGE][PASSED] - Text 'Service Fee Acceptance' is present on page  using regular expression

2024-02-06 17:21:43 - [TEST_STEP][PASSED] - verifyTextPresent("This transaction is subject to a Service Fee of ", true): Text 'This transaction is subject to a Service Fee of ' is present on page  using regular expression

2024-02-06 17:21:43 - [MESSAGE][PASSED] - Text 'This transaction is subject to a Service Fee of ' is present on page  using regular expression

2024-02-06 17:21:43 - [TEST_STEP][PASSED] - verifyTextPresent("Payment Amount:", true): Text 'Payment Amount:' is present on page  using regular expression

2024-02-06 17:21:43 - [MESSAGE][PASSED] - Text 'Payment Amount:' is present on page  using regular expression

2024-02-06 17:21:43 - [TEST_STEP][PASSED] - verifyTextPresent("100.00", true): Text '100.00' is present on page  using regular expression

2024-02-06 17:21:44 - [MESSAGE][PASSED] - Text '100.00' is present on page  using regular expression

2024-02-06 17:21:44 - [TEST_STEP][PASSED] - verifyTextPresent("Service Fee:", true): Text 'Service Fee:' is present on page  using regular expression

2024-02-06 17:21:44 - [MESSAGE][PASSED] - Text 'Service Fee:' is present on page  using regular expression

2024-02-06 17:21:44 - [TEST_STEP][PASSED] - verifyTextPresent("2.45", true): Text '2.45' is present on page  using regular expression

2024-02-06 17:21:44 - [MESSAGE][PASSED] - Text '2.45' is present on page  using regular expression

2024-02-06 17:21:44 - [TEST_STEP][PASSED] - verifyTextPresent("Total Amount:", true): Text 'Total Amount:' is present on page  using regular expression

2024-02-06 17:21:45 - [MESSAGE][PASSED] - Text 'Total Amount:' is present on page  using regular expression

2024-02-06 17:21:45 - [TEST_STEP][PASSED] - verifyTextPresent("102.45", true): Text '102.45' is present on page  using regular expression

2024-02-06 17:21:45 - [MESSAGE][PASSED] - Text '102.45' is present on page  using regular expression

2024-02-06 17:21:45 - [TEST_STEP][PASSED] - verifyTextPresent("Two transactions will appear on your bank statement, one in the amount of", true): Text 'Two transactions will appear on your bank statement, one in the amount of' is present on page  using regular expression

2024-02-06 17:21:45 - [MESSAGE][PASSED] - Text 'Two transactions will appear on your bank statement, one in the amount of' is present on page  using regular expression

2024-02-06 17:21:45 - [TEST_STEP][PASSED] - if (verifyElementPresent(findTestObject(orPath_ServiceFeesAccept + "/input_convFeeNotifyAction"), 30)): null

2024-02-06 17:21:45 - [MESSAGE][PASSED] - Object 'Object Repository/RAD_Pages/ServiceFeeAccept_Page/input_convFeeNotifyAction' is present

2024-02-06 17:21:45 - [TEST_STEP][PASSED] - resText = "Pass": null

2024-02-06 17:21:45 - [TEST_STEP][PASSED] - pages.WriteExcel.demoKey(resText, datText, resColumn, datCloumn, fileLoc, nameSheet, row): pages.WriteExcel.demoKey is PASSED

2024-02-06 17:21:46 - [MESSAGE][PASSED] - pages.WriteExcel.demoKey is PASSED

2024-02-06 17:21:46 - [TEST_STEP][PASSED] - if (execProfile == "QAProfile" || execProfile == "QA2Profile"): Text 'Successful Payment Receipt' is present on page  using regular expression

2024-02-06 17:21:46 - [TEST_STEP][PASSED] - click(findTestObject(orPath_ServiceFeesAccept + "/input_convFeeNotifyAction")): Object: 'Object Repository/RAD_Pages/ServiceFeeAccept_Page/input_convFeeNotifyAction' is clicked on

2024-02-06 17:21:46 - [MESSAGE][PASSED] - Object: 'Object Repository/RAD_Pages/ServiceFeeAccept_Page/input_convFeeNotifyAction' is clicked on

2024-02-06 17:21:46 - [TEST_STEP][PASSED] - delay(10): Delayed 10 second(s)

2024-02-06 17:21:56 - [MESSAGE][PASSED] - Delayed 10 second(s)

2024-02-06 17:21:56 - [TEST_STEP][PASSED] - verifyTextPresent("Successful Payment Receipt", true): Text 'Successful Payment Receipt' is present on page  using regular expression

2024-02-06 17:21:57 - [MESSAGE][PASSED] - Text 'Successful Payment Receipt' is present on page  using regular expression

2024-02-06 17:21:57 - [TEST_STEP][PASSED] - ExecuteTC = findTestData(dataFile).getValue("Execute", row): null

2024-02-06 17:21:57 - [TEST_STEP][PASSED] - TaxType = findTestData(dataFile).getValue("TaxType", row): null

2024-02-06 17:21:57 - [TEST_STEP][PASSED] - PaymentType = findTestData(dataFile).getValue("PaymentType", row): null

2024-02-06 17:21:57 - [TEST_STEP][PASSED] - FilingYear = findTestData(dataFile).getValue("Year", row): null

2024-02-06 17:21:57 - [TEST_STEP][PASSED] - feinSSN = findTestData(dataFile).getValue("FeinSsn", row): null

2024-02-06 17:21:57 - [TEST_STEP][PASSED] - if (ExecuteTC.equalsIgnoreCase("Y")): null

2024-02-06 17:21:57 - [TEST_STEP][PASSED] - out.println("Begin Record Number: " + row): null

2024-02-06 17:21:57 - [TEST_STEP][PASSED] - today = new java.util.Date(): null

2024-02-06 17:21:57 - [TEST_STEP][PASSED] - println(today): null

2024-02-06 17:21:57 - [TEST_STEP][PASSED] - datText = today: null

2024-02-06 17:21:57 - [TEST_STEP][PASSED] - logInfo("Payment Type: New Tax Return Amount Due"): Payment Type: New Tax Return Amount Due

2024-02-06 17:21:57 - [MESSAGE][INFO] - Payment Type: New Tax Return Amount Due

2024-02-06 17:21:57 - [TEST_STEP][PASSED] - logInfo("Tax Type: " + TaxType): Tax Type: Tire Recycling Fee

2024-02-06 17:21:57 - [MESSAGE][INFO] - Tax Type: Tire Recycling Fee

2024-02-06 17:21:57 - [TEST_STEP][PASSED] - openBrowser(""): Browser is opened with url: ''

2024-02-06 17:21:57 - [MESSAGE][WARNING] - A browser is already opened. Closing browser and opening a new one

2024-02-06 17:21:58 - [MESSAGE][INFO] - Starting 'Chrome' driver

2024-02-06 17:21:58 - [MESSAGE][INFO] - User set preference: ['acceptInsecureCerts', 'true']

2024-02-06 17:21:58 - [MESSAGE][INFO] - Action delay is set to 0 milliseconds

2024-02-06 17:22:00 - [MESSAGE][PASSED] - Browser is opened with url: ''

2024-02-06 17:22:00 - [TEST_STEP][PASSED] - maximizeWindow(): Current window maximized

2024-02-06 17:22:00 - [MESSAGE][PASSED] - Current window maximized

2024-02-06 17:22:00 - [TEST_STEP][PASSED] - navigateToUrl(RADurl): Navigate to 'https://qa2.velocitypayment.com/client/rad/index.html' successfully

2024-02-06 17:22:01 - [MESSAGE][PASSED] - Navigate to 'https://qa2.velocitypayment.com/client/rad/index.html' successfully

2024-02-06 17:22:01 - [TEST_STEP][PASSED] - selectOptionByLabel(findTestObject(orPath_Landing + "/dd_TaxType"), "New Tax Return Amount Due", false): All options with label 'New Tax Return Amount Due' are selected in object 'Object Repository/RAD_Pages/Landing_Page/dd_TaxType' 

2024-02-06 17:22:02 - [MESSAGE][PASSED] - All options with label 'New Tax Return Amount Due' are selected in object 'Object Repository/RAD_Pages/Landing_Page/dd_TaxType' 

2024-02-06 17:22:02 - [TEST_STEP][PASSED] - selectOptionByLabel(findTestObject("Object Repository/RAD_Pages/Landing_Page/select_NewTaxReturnAmountDue_TaxType"), TaxType, false): All options with label 'Tire Recycling Fee' are selected in object 'Object Repository/RAD_Pages/Landing_Page/select_NewTaxReturnAmountDue_TaxType' 

2024-02-06 17:22:03 - [MESSAGE][PASSED] - All options with label 'Tire Recycling Fee' are selected in object 'Object Repository/RAD_Pages/Landing_Page/select_NewTaxReturnAmountDue_TaxType' 

2024-02-06 17:22:03 - [TEST_STEP][PASSED] - selectOptionByLabel(findTestObject(orPath_TaxTypeFilingYear + "/select_FilingYear"), FilingYear, false): All options with label '2021' are selected in object 'Object Repository/RAD_Pages/TaxTypeFilingYear_Page/select_FilingYear' 

2024-02-06 17:22:04 - [MESSAGE][PASSED] - All options with label '2021' are selected in object 'Object Repository/RAD_Pages/TaxTypeFilingYear_Page/select_FilingYear' 

2024-02-06 17:22:04 - [TEST_STEP][PASSED] - rad.getSetDataRAD.setDataRADBusinessName(): rad.getSetDataRAD.setDataRADBusinessName is PASSED

2024-02-06 17:22:04 - [MESSAGE][PASSED] - Text 'My Company' is set on object 'Object Repository/RAD_Pages/Taxpayer_Page/input_businessName'

2024-02-06 17:22:04 - [MESSAGE][PASSED] - rad.getSetDataRAD.setDataRADBusinessName is PASSED

2024-02-06 17:22:04 - [TEST_STEP][PASSED] - rad.getSetDataRAD.setDataRADBusinessRep(): rad.getSetDataRAD.setDataRADBusinessRep is PASSED

2024-02-06 17:22:05 - [MESSAGE][PASSED] - Text 'BusRepFname' is set on object 'Object Repository/RAD_Pages/Taxpayer_Page/input_BusinessRepfirstName'

2024-02-06 17:22:06 - [MESSAGE][PASSED] - Text '' is set on object 'Object Repository/RAD_Pages/Taxpayer_Page/input_BusinessRepmiddleName'

2024-02-06 17:22:07 - [MESSAGE][PASSED] - Text 'BusRepLname' is set on object 'Object Repository/RAD_Pages/Taxpayer_Page/input_BusinessReplastName'

2024-02-06 17:22:08 - [MESSAGE][PASSED] - Text '' is set on object 'Object Repository/RAD_Pages/Taxpayer_Page/input_BusinessRepsuffix'

2024-02-06 17:22:08 - [MESSAGE][PASSED] - rad.getSetDataRAD.setDataRADBusinessRep is PASSED

2024-02-06 17:22:08 - [TEST_STEP][PASSED] - rad.getSetDataRAD.setDataRADAddress(): rad.getSetDataRAD.setDataRADAddress is PASSED

2024-02-06 17:22:08 - [MESSAGE][PASSED] - All options with label 'United States' are selected in object 'Object Repository/RAD_Pages/AddressAndContactInfo_Page/select_Country' 

2024-02-06 17:22:09 - [MESSAGE][PASSED] - Text '2508 Mandan Terrace' is set on object 'Object Repository/RAD_Pages/AddressAndContactInfo_Page/input_streetAddress1'

2024-02-06 17:22:10 - [MESSAGE][PASSED] - Text '' is set on object 'Object Repository/RAD_Pages/AddressAndContactInfo_Page/input_streetAddress2'

2024-02-06 17:22:11 - [MESSAGE][PASSED] - Text 'Gambrills' is set on object 'Object Repository/RAD_Pages/AddressAndContactInfo_Page/input_city'

2024-02-06 17:22:11 - [MESSAGE][PASSED] - All options with label 'Maryland' are selected in object 'Object Repository/RAD_Pages/AddressAndContactInfo_Page/select_State' 

2024-02-06 17:22:12 - [MESSAGE][PASSED] - Text '21054' is set on object 'Object Repository/RAD_Pages/AddressAndContactInfo_Page/input_zipCode'

2024-02-06 17:22:13 - [MESSAGE][PASSED] - Text '(703) 894-5000' is set on object 'Object Repository/RAD_Pages/AddressAndContactInfo_Page/input_phoneNumber'

2024-02-06 17:22:14 - [MESSAGE][PASSED] - Text 'iahmed@govolution.com' is set on object 'Object Repository/RAD_Pages/AddressAndContactInfo_Page/input_eMailAddress'

2024-02-06 17:22:15 - [MESSAGE][PASSED] - Text 'iahmed@govolution.com' is set on object 'Object Repository/RAD_Pages/AddressAndContactInfo_Page/input_reEnterEMailAddress'

2024-02-06 17:22:15 - [MESSAGE][PASSED] - rad.getSetDataRAD.setDataRADAddress is PASSED

2024-02-06 17:22:15 - [TEST_STEP][PASSED] - if (feinSSN.equalsIgnoreCase("Y")): null

2024-02-06 17:22:15 - [TEST_STEP][PASSED] - else: rad.getSetDataRAD.setDataRADFEIN is PASSED

2024-02-06 17:22:15 - [TEST_STEP][PASSED] - if (!(TaxType.equalsIgnoreCase("Estate Tax"))): rad.getSetDataRAD.setDataRADFEIN is PASSED

2024-02-06 17:22:15 - [TEST_STEP][PASSED] - rad.getSetDataRAD.setDataRADFEIN(): rad.getSetDataRAD.setDataRADFEIN is PASSED

2024-02-06 17:22:15 - [MESSAGE][PASSED] - Text ****** has been set on object 'Object Repository/RAD_Pages/TaxInfo_Page/input_FederalEIN'

2024-02-06 17:22:16 - [MESSAGE][PASSED] - Text ****** has been set on object 'Object Repository/RAD_Pages/TaxInfo_Page/input_FederalEIN_ReEnter'

2024-02-06 17:22:16 - [MESSAGE][PASSED] - rad.getSetDataRAD.setDataRADFEIN is PASSED

2024-02-06 17:22:16 - [TEST_STEP][PASSED] - if (TaxType.equalsIgnoreCase("Estate Tax")): null

2024-02-06 17:22:16 - [TEST_STEP][PASSED] - setText(findTestObject(orPath_Amount + "/input__paymentAmount"), "100.00"): Text '100.00' is set on object 'Object Repository/RAD_Pages/PaymentAmount_Page/input__paymentAmount'

2024-02-06 17:22:17 - [MESSAGE][PASSED] - Text '100.00' is set on object 'Object Repository/RAD_Pages/PaymentAmount_Page/input__paymentAmount'

2024-02-06 17:22:17 - [TEST_STEP][PASSED] - setText(findTestObject(orPath_AddressContact + "/input_streetAddress2"), ""): Text '' is set on object 'Object Repository/RAD_Pages/AddressAndContactInfo_Page/input_streetAddress2'

2024-02-06 17:22:17 - [MESSAGE][PASSED] - Text '' is set on object 'Object Repository/RAD_Pages/AddressAndContactInfo_Page/input_streetAddress2'

2024-02-06 17:22:17 - [TEST_STEP][PASSED] - scrollToElement(findTestObject(orPath_Landing + "/button_Continue"), 3): Scroll to object 'Object Repository/RAD_Pages/Landing_Page/button_Continue' successfully

2024-02-06 17:22:18 - [MESSAGE][PASSED] - Scroll to object 'Object Repository/RAD_Pages/Landing_Page/button_Continue' successfully

2024-02-06 17:22:18 - [TEST_STEP][PASSED] - waitForElementClickable(findTestObject(orPath_Landing + "/button_Continue"), 5): Object 'Object Repository/RAD_Pages/Landing_Page/button_Continue' is clickable

2024-02-06 17:22:18 - [MESSAGE][PASSED] - Object 'Object Repository/RAD_Pages/Landing_Page/button_Continue' is clickable

2024-02-06 17:22:18 - [TEST_STEP][PASSED] - click(findTestObject(orPath_Landing + "/button_Continue")): Object: 'Object Repository/RAD_Pages/Landing_Page/button_Continue' is clicked on

2024-02-06 17:22:19 - [MESSAGE][PASSED] - Object: 'Object Repository/RAD_Pages/Landing_Page/button_Continue' is clicked on

2024-02-06 17:22:19 - [TEST_STEP][PASSED] - delay(2): Delayed 2 second(s)

2024-02-06 17:22:21 - [MESSAGE][PASSED] - Delayed 2 second(s)

2024-02-06 17:22:21 - [TEST_STEP][PASSED] - click(findTestObject(orPath_Summary + "/button_Proceed to Payment")): Object: 'Object Repository/RAD_Pages/Summary_Page/button_Proceed to Payment' is clicked on

2024-02-06 17:22:22 - [MESSAGE][PASSED] - Object: 'Object Repository/RAD_Pages/Summary_Page/button_Proceed to Payment' is clicked on

2024-02-06 17:22:22 - [TEST_STEP][PASSED] - if (verifyElementPresent(findTestObject("Object Repository/RAD_Pages/PaymentEntry_Page/input__billingName"), 30)): null

2024-02-06 17:22:23 - [MESSAGE][PASSED] - Object 'Object Repository/RAD_Pages/PaymentEntry_Page/input__billingName' is present

2024-02-06 17:22:23 - [TEST_STEP][PASSED] - verifyTextPresent("Comptroller of Maryland", true): Text 'Comptroller of Maryland' is present on page  using regular expression

2024-02-06 17:22:23 - [MESSAGE][PASSED] - Text 'Comptroller of Maryland' is present on page  using regular expression

2024-02-06 17:22:23 - [TEST_STEP][PASSED] - verifyTextPresent("Revenue Administration Division", true): Text 'Revenue Administration Division' is present on page  using regular expression

2024-02-06 17:22:24 - [MESSAGE][PASSED] - Text 'Revenue Administration Division' is present on page  using regular expression

2024-02-06 17:22:24 - [TEST_STEP][PASSED] - verifyTextPresent("Payment Information", true): Text 'Payment Information' is present on page  using regular expression

2024-02-06 17:22:24 - [MESSAGE][PASSED] - Text 'Payment Information' is present on page  using regular expression

2024-02-06 17:22:24 - [TEST_STEP][PASSED] - card_Name = getAttribute(findTestObject("Object Repository/RAD_Pages/PaymentEntry_Page/input__billingName"), "value"): Attribute 'value' of object 'Object Repository/RAD_Pages/PaymentEntry_Page/input__billingName' is: 'BusRepFname BusRepLname'

2024-02-06 17:22:24 - [MESSAGE][PASSED] - Attribute 'value' of object 'Object Repository/RAD_Pages/PaymentEntry_Page/input__billingName' is: 'BusRepFname BusRepLname'

2024-02-06 17:22:24 - [TEST_STEP][PASSED] - verifyMatch("BusRepFname BusRepLname", card_Name, false): Actual text 'BusRepFname BusRepLname' and expected text 'BusRepFname BusRepLname' are matched 

2024-02-06 17:22:24 - [MESSAGE][PASSED] - Actual text 'BusRepFname BusRepLname' and expected text 'BusRepFname BusRepLname' are matched 

2024-02-06 17:22:24 - [TEST_STEP][PASSED] - AL1 = getAttribute(findTestObject("Object Repository/RAD_Pages/PaymentEntry_Page/input_billingAddress"), "value"): Attribute 'value' of object 'Object Repository/RAD_Pages/PaymentEntry_Page/input_billingAddress' is: '2508 Mandan Terrace'

2024-02-06 17:22:25 - [MESSAGE][PASSED] - Attribute 'value' of object 'Object Repository/RAD_Pages/PaymentEntry_Page/input_billingAddress' is: '2508 Mandan Terrace'

2024-02-06 17:22:25 - [TEST_STEP][PASSED] - verifyMatch("2508 Mandan Terrace", AL1, false): Actual text '2508 Mandan Terrace' and expected text '2508 Mandan Terrace' are matched 

2024-02-06 17:22:25 - [MESSAGE][PASSED] - Actual text '2508 Mandan Terrace' and expected text '2508 Mandan Terrace' are matched 

2024-02-06 17:22:25 - [TEST_STEP][PASSED] - AL2 = getAttribute(findTestObject("Object Repository/RAD_Pages/PaymentEntry_Page/input_billingAddress2"), "value"): Attribute 'value' of object 'Object Repository/RAD_Pages/PaymentEntry_Page/input_billingAddress2' is: ''

2024-02-06 17:22:25 - [MESSAGE][PASSED] - Attribute 'value' of object 'Object Repository/RAD_Pages/PaymentEntry_Page/input_billingAddress2' is: ''

2024-02-06 17:22:25 - [TEST_STEP][PASSED] - verifyMatch("", AL2, false): Actual text '' and expected text '' are matched 

2024-02-06 17:22:25 - [MESSAGE][PASSED] - Actual text '' and expected text '' are matched 

2024-02-06 17:22:25 - [TEST_STEP][PASSED] - zipCode = getAttribute(findTestObject("Object Repository/RAD_Pages/PaymentEntry_Page/input_billingZip"), "value"): Attribute 'value' of object 'Object Repository/RAD_Pages/PaymentEntry_Page/input_billingZip' is: '21054'

2024-02-06 17:22:25 - [MESSAGE][PASSED] - Attribute 'value' of object 'Object Repository/RAD_Pages/PaymentEntry_Page/input_billingZip' is: '21054'

2024-02-06 17:22:25 - [TEST_STEP][PASSED] - verifyMatch("21054", zipCode, false): Actual text '21054' and expected text '21054' are matched 

2024-02-06 17:22:25 - [MESSAGE][PASSED] - Actual text '21054' and expected text '21054' are matched 

2024-02-06 17:22:25 - [TEST_STEP][PASSED] - city = getAttribute(findTestObject("Object Repository/RAD_Pages/PaymentEntry_Page/input_billingCity"), "value"): Attribute 'value' of object 'Object Repository/RAD_Pages/PaymentEntry_Page/input_billingCity' is: 'GAMBRILLS'

2024-02-06 17:22:26 - [MESSAGE][PASSED] - Attribute 'value' of object 'Object Repository/RAD_Pages/PaymentEntry_Page/input_billingCity' is: 'GAMBRILLS'

2024-02-06 17:22:26 - [TEST_STEP][PASSED] - verifyMatch("GAMBRILLS", city, false): Actual text 'GAMBRILLS' and expected text 'GAMBRILLS' are matched 

2024-02-06 17:22:26 - [MESSAGE][PASSED] - Actual text 'GAMBRILLS' and expected text 'GAMBRILLS' are matched 

2024-02-06 17:22:26 - [TEST_STEP][PASSED] - email = getAttribute(findTestObject("Object Repository/RAD_Pages/PaymentEntry_Page/input_emailAddress"), "value"): Attribute 'value' of object 'Object Repository/RAD_Pages/PaymentEntry_Page/input_emailAddress' is: 'iahmed@govolution.com'

2024-02-06 17:22:26 - [MESSAGE][PASSED] - Attribute 'value' of object 'Object Repository/RAD_Pages/PaymentEntry_Page/input_emailAddress' is: 'iahmed@govolution.com'

2024-02-06 17:22:26 - [TEST_STEP][PASSED] - verifyMatch("iahmed@govolution.com", email, false): Actual text 'iahmed@govolution.com' and expected text 'iahmed@govolution.com' are matched 

2024-02-06 17:22:26 - [MESSAGE][PASSED] - Actual text 'iahmed@govolution.com' and expected text 'iahmed@govolution.com' are matched 

2024-02-06 17:22:26 - [TEST_STEP][PASSED] - amount = getAttribute(findTestObject("Object Repository/RAD_Pages/PaymentEntry_Page/input_amount"), "value"): Attribute 'value' of object 'Object Repository/RAD_Pages/PaymentEntry_Page/input_amount' is: '100.00'

2024-02-06 17:22:26 - [MESSAGE][PASSED] - Attribute 'value' of object 'Object Repository/RAD_Pages/PaymentEntry_Page/input_amount' is: '100.00'

2024-02-06 17:22:26 - [TEST_STEP][PASSED] - verifyMatch("100.00", amount, false): Actual text '100.00' and expected text '100.00' are matched 

2024-02-06 17:22:26 - [MESSAGE][PASSED] - Actual text '100.00' and expected text '100.00' are matched 

2024-02-06 17:22:26 - [TEST_STEP][PASSED] - amountReadOnly = getAttribute(findTestObject("Object Repository/RAD_Pages/PaymentEntry_Page/input_amount"), "readonly"): Attribute 'readonly' of object 'Object Repository/RAD_Pages/PaymentEntry_Page/input_amount' is: 'true'

2024-02-06 17:22:27 - [MESSAGE][PASSED] - Attribute 'readonly' of object 'Object Repository/RAD_Pages/PaymentEntry_Page/input_amount' is: 'true'

2024-02-06 17:22:27 - [TEST_STEP][PASSED] - verifyMatch("true", amountReadOnly, false): Actual text 'true' and expected text 'true' are matched 

2024-02-06 17:22:27 - [MESSAGE][PASSED] - Actual text 'true' and expected text 'true' are matched 

2024-02-06 17:22:27 - [TEST_STEP][PASSED] - verifyOptionSelectedByLabel(findTestObject("Object Repository/RAD_Pages/PaymentEntry_Page/select_Country"), "United States", false, 20): All options with label 'United States' are selected in object 'Object Repository/RAD_Pages/PaymentEntry_Page/select_Country' 

2024-02-06 17:22:28 - [MESSAGE][PASSED] - All options with label 'United States' are selected in object 'Object Repository/RAD_Pages/PaymentEntry_Page/select_Country' 

2024-02-06 17:22:28 - [TEST_STEP][PASSED] - verifyOptionSelectedByLabel(findTestObject("Object Repository/RAD_Pages/PaymentEntry_Page/select_State"), "Maryland", false, 20): All options with label 'Maryland' are selected in object 'Object Repository/RAD_Pages/PaymentEntry_Page/select_State' 

2024-02-06 17:22:30 - [MESSAGE][PASSED] - All options with label 'Maryland' are selected in object 'Object Repository/RAD_Pages/PaymentEntry_Page/select_State' 

2024-02-06 17:22:30 - [TEST_STEP][PASSED] - setText(findTestObject(orPath_PaymentEntry + "/input__cardNumber"), "4111111111111111"): Text '4111111111111111' is set on object 'Object Repository/RAD_Pages/PaymentEntry_Page/input__cardNumber'

2024-02-06 17:22:31 - [MESSAGE][PASSED] - Text '4111111111111111' is set on object 'Object Repository/RAD_Pages/PaymentEntry_Page/input__cardNumber'

2024-02-06 17:22:31 - [TEST_STEP][PASSED] - setText(findTestObject(orPath_PaymentEntry + "/input__spc"), "123"): Text '123' is set on object 'Object Repository/RAD_Pages/PaymentEntry_Page/input__spc'

2024-02-06 17:22:32 - [MESSAGE][PASSED] - Text '123' is set on object 'Object Repository/RAD_Pages/PaymentEntry_Page/input__spc'

2024-02-06 17:22:32 - [TEST_STEP][PASSED] - selectOptionByLabel(findTestObject(orPath_PaymentEntry + "/select_MM"), "12", false): All options with label '12' are selected in object 'Object Repository/RAD_Pages/PaymentEntry_Page/select_MM' 

2024-02-06 17:22:32 - [MESSAGE][PASSED] - All options with label '12' are selected in object 'Object Repository/RAD_Pages/PaymentEntry_Page/select_MM' 

2024-02-06 17:22:32 - [TEST_STEP][PASSED] - selectOptionByLabel(findTestObject(orPath_PaymentEntry + "/select_YYYY"), "2028", false): All options with label '2028' are selected in object 'Object Repository/RAD_Pages/PaymentEntry_Page/select_YYYY' 

2024-02-06 17:22:33 - [MESSAGE][PASSED] - All options with label '2028' are selected in object 'Object Repository/RAD_Pages/PaymentEntry_Page/select_YYYY' 

2024-02-06 17:22:33 - [TEST_STEP][PASSED] - click(findTestObject(orPath_PaymentEntry + "/input_Field_ccSubmit")): Object: 'Object Repository/RAD_Pages/PaymentEntry_Page/input_Field_ccSubmit' is clicked on

2024-02-06 17:22:34 - [MESSAGE][PASSED] - Object: 'Object Repository/RAD_Pages/PaymentEntry_Page/input_Field_ccSubmit' is clicked on

2024-02-06 17:22:34 - [TEST_STEP][PASSED] - click(findTestObject(orPath_PaymentConfirmation + "/input_N_confirmNotifyAction")): Object: 'Object Repository/RAD_Pages/PaymentConfirmation_Page/input_N_confirmNotifyAction' is clicked on

2024-02-06 17:22:35 - [MESSAGE][PASSED] - Object: 'Object Repository/RAD_Pages/PaymentConfirmation_Page/input_N_confirmNotifyAction' is clicked on

2024-02-06 17:22:35 - [TEST_STEP][PASSED] - verifyTextPresent("Service Fee Acceptance", true): Text 'Service Fee Acceptance' is present on page  using regular expression

2024-02-06 17:22:36 - [MESSAGE][PASSED] - Text 'Service Fee Acceptance' is present on page  using regular expression

2024-02-06 17:22:36 - [TEST_STEP][PASSED] - verifyTextPresent("This transaction is subject to a Service Fee of ", true): Text 'This transaction is subject to a Service Fee of ' is present on page  using regular expression

2024-02-06 17:22:36 - [MESSAGE][PASSED] - Text 'This transaction is subject to a Service Fee of ' is present on page  using regular expression

2024-02-06 17:22:36 - [TEST_STEP][PASSED] - verifyTextPresent("Payment Amount:", true): Text 'Payment Amount:' is present on page  using regular expression

2024-02-06 17:22:36 - [MESSAGE][PASSED] - Text 'Payment Amount:' is present on page  using regular expression

2024-02-06 17:22:36 - [TEST_STEP][PASSED] - verifyTextPresent("100.00", true): Text '100.00' is present on page  using regular expression

2024-02-06 17:22:36 - [MESSAGE][PASSED] - Text '100.00' is present on page  using regular expression

2024-02-06 17:22:36 - [TEST_STEP][PASSED] - verifyTextPresent("Service Fee:", true): Text 'Service Fee:' is present on page  using regular expression

2024-02-06 17:22:37 - [MESSAGE][PASSED] - Text 'Service Fee:' is present on page  using regular expression

2024-02-06 17:22:37 - [TEST_STEP][PASSED] - verifyTextPresent("2.45", true): Text '2.45' is present on page  using regular expression

2024-02-06 17:22:37 - [MESSAGE][PASSED] - Text '2.45' is present on page  using regular expression

2024-02-06 17:22:37 - [TEST_STEP][PASSED] - verifyTextPresent("Total Amount:", true): Text 'Total Amount:' is present on page  using regular expression

2024-02-06 17:22:37 - [MESSAGE][PASSED] - Text 'Total Amount:' is present on page  using regular expression

2024-02-06 17:22:37 - [TEST_STEP][PASSED] - verifyTextPresent("102.45", true): Text '102.45' is present on page  using regular expression

2024-02-06 17:22:37 - [MESSAGE][PASSED] - Text '102.45' is present on page  using regular expression

2024-02-06 17:22:37 - [TEST_STEP][PASSED] - verifyTextPresent("Two transactions will appear on your bank statement, one in the amount of", true): Text 'Two transactions will appear on your bank statement, one in the amount of' is present on page  using regular expression

2024-02-06 17:22:38 - [MESSAGE][PASSED] - Text 'Two transactions will appear on your bank statement, one in the amount of' is present on page  using regular expression

2024-02-06 17:22:38 - [TEST_STEP][PASSED] - if (verifyElementPresent(findTestObject(orPath_ServiceFeesAccept + "/input_convFeeNotifyAction"), 30)): null

2024-02-06 17:22:38 - [MESSAGE][PASSED] - Object 'Object Repository/RAD_Pages/ServiceFeeAccept_Page/input_convFeeNotifyAction' is present

2024-02-06 17:22:38 - [TEST_STEP][PASSED] - resText = "Pass": null

2024-02-06 17:22:38 - [TEST_STEP][PASSED] - pages.WriteExcel.demoKey(resText, datText, resColumn, datCloumn, fileLoc, nameSheet, row): pages.WriteExcel.demoKey is PASSED

2024-02-06 17:22:38 - [MESSAGE][PASSED] - pages.WriteExcel.demoKey is PASSED

2024-02-06 17:22:38 - [TEST_STEP][PASSED] - if (execProfile == "QAProfile" || execProfile == "QA2Profile"): Text 'Successful Payment Receipt' is present on page  using regular expression

2024-02-06 17:22:38 - [TEST_STEP][PASSED] - click(findTestObject(orPath_ServiceFeesAccept + "/input_convFeeNotifyAction")): Object: 'Object Repository/RAD_Pages/ServiceFeeAccept_Page/input_convFeeNotifyAction' is clicked on

2024-02-06 17:22:39 - [MESSAGE][PASSED] - Object: 'Object Repository/RAD_Pages/ServiceFeeAccept_Page/input_convFeeNotifyAction' is clicked on

2024-02-06 17:22:39 - [TEST_STEP][PASSED] - delay(10): Delayed 10 second(s)

2024-02-06 17:22:49 - [MESSAGE][PASSED] - Delayed 10 second(s)

2024-02-06 17:22:49 - [TEST_STEP][PASSED] - verifyTextPresent("Successful Payment Receipt", true): Text 'Successful Payment Receipt' is present on page  using regular expression

2024-02-06 17:22:49 - [MESSAGE][PASSED] - Text 'Successful Payment Receipt' is present on page  using regular expression

2024-02-06 17:22:49 - [TEST_STEP][PASSED] - ExecuteTC = findTestData(dataFile).getValue("Execute", row): null

2024-02-06 17:22:50 - [TEST_STEP][PASSED] - TaxType = findTestData(dataFile).getValue("TaxType", row): null

2024-02-06 17:22:50 - [TEST_STEP][PASSED] - PaymentType = findTestData(dataFile).getValue("PaymentType", row): null

2024-02-06 17:22:50 - [TEST_STEP][PASSED] - FilingYear = findTestData(dataFile).getValue("Year", row): null

2024-02-06 17:22:50 - [TEST_STEP][PASSED] - feinSSN = findTestData(dataFile).getValue("FeinSsn", row): null

2024-02-06 17:22:50 - [TEST_STEP][PASSED] - if (ExecuteTC.equalsIgnoreCase("Y")): null

2024-02-06 17:22:50 - [TEST_STEP][PASSED] - out.println("Begin Record Number: " + row): null

2024-02-06 17:22:50 - [TEST_STEP][PASSED] - today = new java.util.Date(): null

2024-02-06 17:22:50 - [TEST_STEP][PASSED] - println(today): null

2024-02-06 17:22:50 - [TEST_STEP][PASSED] - datText = today: null

2024-02-06 17:22:50 - [TEST_STEP][PASSED] - logInfo("Payment Type: New Tax Return Amount Due"): Payment Type: New Tax Return Amount Due

2024-02-06 17:22:50 - [MESSAGE][INFO] - Payment Type: New Tax Return Amount Due

2024-02-06 17:22:50 - [TEST_STEP][PASSED] - logInfo("Tax Type: " + TaxType): Tax Type: Tobacco Tax

2024-02-06 17:22:50 - [MESSAGE][INFO] - Tax Type: Tobacco Tax

2024-02-06 17:22:50 - [TEST_STEP][PASSED] - openBrowser(""): Browser is opened with url: ''

2024-02-06 17:22:50 - [MESSAGE][WARNING] - A browser is already opened. Closing browser and opening a new one

2024-02-06 17:22:51 - [MESSAGE][INFO] - Starting 'Chrome' driver

2024-02-06 17:22:51 - [MESSAGE][INFO] - User set preference: ['acceptInsecureCerts', 'true']

2024-02-06 17:22:51 - [MESSAGE][INFO] - Action delay is set to 0 milliseconds

2024-02-06 17:22:52 - [MESSAGE][PASSED] - Browser is opened with url: ''

2024-02-06 17:22:52 - [TEST_STEP][PASSED] - maximizeWindow(): Current window maximized

2024-02-06 17:22:53 - [MESSAGE][PASSED] - Current window maximized

2024-02-06 17:22:53 - [TEST_STEP][PASSED] - navigateToUrl(RADurl): Navigate to 'https://qa2.velocitypayment.com/client/rad/index.html' successfully

2024-02-06 17:22:54 - [MESSAGE][PASSED] - Navigate to 'https://qa2.velocitypayment.com/client/rad/index.html' successfully

2024-02-06 17:22:54 - [TEST_STEP][PASSED] - selectOptionByLabel(findTestObject(orPath_Landing + "/dd_TaxType"), "New Tax Return Amount Due", false): All options with label 'New Tax Return Amount Due' are selected in object 'Object Repository/RAD_Pages/Landing_Page/dd_TaxType' 

2024-02-06 17:22:55 - [MESSAGE][PASSED] - All options with label 'New Tax Return Amount Due' are selected in object 'Object Repository/RAD_Pages/Landing_Page/dd_TaxType' 

2024-02-06 17:22:55 - [TEST_STEP][PASSED] - selectOptionByLabel(findTestObject("Object Repository/RAD_Pages/Landing_Page/select_NewTaxReturnAmountDue_TaxType"), TaxType, false): All options with label 'Tobacco Tax' are selected in object 'Object Repository/RAD_Pages/Landing_Page/select_NewTaxReturnAmountDue_TaxType' 

2024-02-06 17:22:56 - [MESSAGE][PASSED] - All options with label 'Tobacco Tax' are selected in object 'Object Repository/RAD_Pages/Landing_Page/select_NewTaxReturnAmountDue_TaxType' 

2024-02-06 17:22:56 - [TEST_STEP][PASSED] - selectOptionByLabel(findTestObject(orPath_TaxTypeFilingYear + "/select_FilingYear"), FilingYear, false): All options with label '2021' are selected in object 'Object Repository/RAD_Pages/TaxTypeFilingYear_Page/select_FilingYear' 

2024-02-06 17:22:57 - [MESSAGE][PASSED] - All options with label '2021' are selected in object 'Object Repository/RAD_Pages/TaxTypeFilingYear_Page/select_FilingYear' 

2024-02-06 17:22:57 - [TEST_STEP][PASSED] - rad.getSetDataRAD.setDataRADBusinessName(): rad.getSetDataRAD.setDataRADBusinessName is PASSED

2024-02-06 17:22:57 - [MESSAGE][PASSED] - Text 'My Company' is set on object 'Object Repository/RAD_Pages/Taxpayer_Page/input_businessName'

2024-02-06 17:22:57 - [MESSAGE][PASSED] - rad.getSetDataRAD.setDataRADBusinessName is PASSED

2024-02-06 17:22:57 - [TEST_STEP][PASSED] - rad.getSetDataRAD.setDataRADBusinessRep(): rad.getSetDataRAD.setDataRADBusinessRep is PASSED

2024-02-06 17:22:58 - [MESSAGE][PASSED] - Text 'BusRepFname' is set on object 'Object Repository/RAD_Pages/Taxpayer_Page/input_BusinessRepfirstName'

2024-02-06 17:22:59 - [MESSAGE][PASSED] - Text '' is set on object 'Object Repository/RAD_Pages/Taxpayer_Page/input_BusinessRepmiddleName'

2024-02-06 17:23:00 - [MESSAGE][PASSED] - Text 'BusRepLname' is set on object 'Object Repository/RAD_Pages/Taxpayer_Page/input_BusinessReplastName'

2024-02-06 17:23:00 - [MESSAGE][PASSED] - Text '' is set on object 'Object Repository/RAD_Pages/Taxpayer_Page/input_BusinessRepsuffix'

2024-02-06 17:23:00 - [MESSAGE][PASSED] - rad.getSetDataRAD.setDataRADBusinessRep is PASSED

2024-02-06 17:23:00 - [TEST_STEP][PASSED] - rad.getSetDataRAD.setDataRADAddress(): rad.getSetDataRAD.setDataRADAddress is PASSED

2024-02-06 17:23:01 - [MESSAGE][PASSED] - All options with label 'United States' are selected in object 'Object Repository/RAD_Pages/AddressAndContactInfo_Page/select_Country' 

2024-02-06 17:23:02 - [MESSAGE][PASSED] - Text '2508 Mandan Terrace' is set on object 'Object Repository/RAD_Pages/AddressAndContactInfo_Page/input_streetAddress1'

2024-02-06 17:23:03 - [MESSAGE][PASSED] - Text '' is set on object 'Object Repository/RAD_Pages/AddressAndContactInfo_Page/input_streetAddress2'

2024-02-06 17:23:03 - [MESSAGE][PASSED] - Text 'Gambrills' is set on object 'Object Repository/RAD_Pages/AddressAndContactInfo_Page/input_city'

2024-02-06 17:23:04 - [MESSAGE][PASSED] - All options with label 'Maryland' are selected in object 'Object Repository/RAD_Pages/AddressAndContactInfo_Page/select_State' 

2024-02-06 17:23:05 - [MESSAGE][PASSED] - Text '21054' is set on object 'Object Repository/RAD_Pages/AddressAndContactInfo_Page/input_zipCode'

2024-02-06 17:23:06 - [MESSAGE][PASSED] - Text '(703) 894-5000' is set on object 'Object Repository/RAD_Pages/AddressAndContactInfo_Page/input_phoneNumber'

2024-02-06 17:23:06 - [MESSAGE][PASSED] - Text 'iahmed@govolution.com' is set on object 'Object Repository/RAD_Pages/AddressAndContactInfo_Page/input_eMailAddress'

2024-02-06 17:23:07 - [MESSAGE][PASSED] - Text 'iahmed@govolution.com' is set on object 'Object Repository/RAD_Pages/AddressAndContactInfo_Page/input_reEnterEMailAddress'

2024-02-06 17:23:07 - [MESSAGE][PASSED] - rad.getSetDataRAD.setDataRADAddress is PASSED

2024-02-06 17:23:07 - [TEST_STEP][PASSED] - if (feinSSN.equalsIgnoreCase("Y")): rad.getSetDataRAD.setDataRADFEINSSN is PASSED

2024-02-06 17:23:07 - [TEST_STEP][PASSED] - rad.getSetDataRAD.setDataRADFEINSSN(): rad.getSetDataRAD.setDataRADFEINSSN is PASSED

2024-02-06 17:23:08 - [MESSAGE][PASSED] - Text ****** has been set on object 'Object Repository/RAD_Pages/TaxInfo_Page/input_TaxInfo_FeinSsn_New_2'

2024-02-06 17:23:09 - [MESSAGE][PASSED] - Text ****** has been set on object 'Object Repository/RAD_Pages/TaxInfo_Page/input_TaxInfo_RetypeFeinSsn_New_2'

2024-02-06 17:23:09 - [MESSAGE][PASSED] - rad.getSetDataRAD.setDataRADFEINSSN is PASSED

2024-02-06 17:23:09 - [TEST_STEP][PASSED] - if (TaxType.equalsIgnoreCase("Estate Tax")): null

2024-02-06 17:23:09 - [TEST_STEP][PASSED] - setText(findTestObject(orPath_Amount + "/input__paymentAmount"), "100.00"): Text '100.00' is set on object 'Object Repository/RAD_Pages/PaymentAmount_Page/input__paymentAmount'

2024-02-06 17:23:09 - [MESSAGE][PASSED] - Text '100.00' is set on object 'Object Repository/RAD_Pages/PaymentAmount_Page/input__paymentAmount'

2024-02-06 17:23:09 - [TEST_STEP][PASSED] - setText(findTestObject(orPath_AddressContact + "/input_streetAddress2"), ""): Text '' is set on object 'Object Repository/RAD_Pages/AddressAndContactInfo_Page/input_streetAddress2'

2024-02-06 17:23:10 - [MESSAGE][PASSED] - Text '' is set on object 'Object Repository/RAD_Pages/AddressAndContactInfo_Page/input_streetAddress2'

2024-02-06 17:23:10 - [TEST_STEP][PASSED] - scrollToElement(findTestObject(orPath_Landing + "/button_Continue"), 3): Scroll to object 'Object Repository/RAD_Pages/Landing_Page/button_Continue' successfully

2024-02-06 17:23:11 - [MESSAGE][PASSED] - Scroll to object 'Object Repository/RAD_Pages/Landing_Page/button_Continue' successfully

2024-02-06 17:23:11 - [TEST_STEP][PASSED] - waitForElementClickable(findTestObject(orPath_Landing + "/button_Continue"), 5): Object 'Object Repository/RAD_Pages/Landing_Page/button_Continue' is clickable

2024-02-06 17:23:11 - [MESSAGE][PASSED] - Object 'Object Repository/RAD_Pages/Landing_Page/button_Continue' is clickable

2024-02-06 17:23:11 - [TEST_STEP][PASSED] - click(findTestObject(orPath_Landing + "/button_Continue")): Object: 'Object Repository/RAD_Pages/Landing_Page/button_Continue' is clicked on

2024-02-06 17:23:12 - [MESSAGE][PASSED] - Object: 'Object Repository/RAD_Pages/Landing_Page/button_Continue' is clicked on

2024-02-06 17:23:12 - [TEST_STEP][PASSED] - delay(2): Delayed 2 second(s)

2024-02-06 17:23:14 - [MESSAGE][PASSED] - Delayed 2 second(s)

2024-02-06 17:23:14 - [TEST_STEP][PASSED] - click(findTestObject(orPath_Summary + "/button_Proceed to Payment")): Object: 'Object Repository/RAD_Pages/Summary_Page/button_Proceed to Payment' is clicked on

2024-02-06 17:23:15 - [MESSAGE][PASSED] - Object: 'Object Repository/RAD_Pages/Summary_Page/button_Proceed to Payment' is clicked on

2024-02-06 17:23:15 - [TEST_STEP][PASSED] - if (verifyElementPresent(findTestObject("Object Repository/RAD_Pages/PaymentEntry_Page/input__billingName"), 30)): null

2024-02-06 17:23:15 - [MESSAGE][PASSED] - Object 'Object Repository/RAD_Pages/PaymentEntry_Page/input__billingName' is present

2024-02-06 17:23:15 - [TEST_STEP][PASSED] - verifyTextPresent("Comptroller of Maryland", true): Text 'Comptroller of Maryland' is present on page  using regular expression

2024-02-06 17:23:16 - [MESSAGE][PASSED] - Text 'Comptroller of Maryland' is present on page  using regular expression

2024-02-06 17:23:16 - [TEST_STEP][PASSED] - verifyTextPresent("Revenue Administration Division", true): Text 'Revenue Administration Division' is present on page  using regular expression

2024-02-06 17:23:16 - [MESSAGE][PASSED] - Text 'Revenue Administration Division' is present on page  using regular expression

2024-02-06 17:23:16 - [TEST_STEP][PASSED] - verifyTextPresent("Payment Information", true): Text 'Payment Information' is present on page  using regular expression

2024-02-06 17:23:16 - [MESSAGE][PASSED] - Text 'Payment Information' is present on page  using regular expression

2024-02-06 17:23:16 - [TEST_STEP][PASSED] - card_Name = getAttribute(findTestObject("Object Repository/RAD_Pages/PaymentEntry_Page/input__billingName"), "value"): Attribute 'value' of object 'Object Repository/RAD_Pages/PaymentEntry_Page/input__billingName' is: 'BusRepFname BusRepLname'

2024-02-06 17:23:17 - [MESSAGE][PASSED] - Attribute 'value' of object 'Object Repository/RAD_Pages/PaymentEntry_Page/input__billingName' is: 'BusRepFname BusRepLname'

2024-02-06 17:23:17 - [TEST_STEP][PASSED] - verifyMatch("BusRepFname BusRepLname", card_Name, false): Actual text 'BusRepFname BusRepLname' and expected text 'BusRepFname BusRepLname' are matched 

2024-02-06 17:23:17 - [MESSAGE][PASSED] - Actual text 'BusRepFname BusRepLname' and expected text 'BusRepFname BusRepLname' are matched 

2024-02-06 17:23:17 - [TEST_STEP][PASSED] - AL1 = getAttribute(findTestObject("Object Repository/RAD_Pages/PaymentEntry_Page/input_billingAddress"), "value"): Attribute 'value' of object 'Object Repository/RAD_Pages/PaymentEntry_Page/input_billingAddress' is: '2508 Mandan Terrace'

2024-02-06 17:23:17 - [MESSAGE][PASSED] - Attribute 'value' of object 'Object Repository/RAD_Pages/PaymentEntry_Page/input_billingAddress' is: '2508 Mandan Terrace'

2024-02-06 17:23:17 - [TEST_STEP][PASSED] - verifyMatch("2508 Mandan Terrace", AL1, false): Actual text '2508 Mandan Terrace' and expected text '2508 Mandan Terrace' are matched 

2024-02-06 17:23:17 - [MESSAGE][PASSED] - Actual text '2508 Mandan Terrace' and expected text '2508 Mandan Terrace' are matched 

2024-02-06 17:23:17 - [TEST_STEP][PASSED] - AL2 = getAttribute(findTestObject("Object Repository/RAD_Pages/PaymentEntry_Page/input_billingAddress2"), "value"): Attribute 'value' of object 'Object Repository/RAD_Pages/PaymentEntry_Page/input_billingAddress2' is: ''

2024-02-06 17:23:17 - [MESSAGE][PASSED] - Attribute 'value' of object 'Object Repository/RAD_Pages/PaymentEntry_Page/input_billingAddress2' is: ''

2024-02-06 17:23:17 - [TEST_STEP][PASSED] - verifyMatch("", AL2, false): Actual text '' and expected text '' are matched 

2024-02-06 17:23:17 - [MESSAGE][PASSED] - Actual text '' and expected text '' are matched 

2024-02-06 17:23:17 - [TEST_STEP][PASSED] - zipCode = getAttribute(findTestObject("Object Repository/RAD_Pages/PaymentEntry_Page/input_billingZip"), "value"): Attribute 'value' of object 'Object Repository/RAD_Pages/PaymentEntry_Page/input_billingZip' is: '21054'

2024-02-06 17:23:18 - [MESSAGE][PASSED] - Attribute 'value' of object 'Object Repository/RAD_Pages/PaymentEntry_Page/input_billingZip' is: '21054'

2024-02-06 17:23:18 - [TEST_STEP][PASSED] - verifyMatch("21054", zipCode, false): Actual text '21054' and expected text '21054' are matched 

2024-02-06 17:23:18 - [MESSAGE][PASSED] - Actual text '21054' and expected text '21054' are matched 

2024-02-06 17:23:18 - [TEST_STEP][PASSED] - city = getAttribute(findTestObject("Object Repository/RAD_Pages/PaymentEntry_Page/input_billingCity"), "value"): Attribute 'value' of object 'Object Repository/RAD_Pages/PaymentEntry_Page/input_billingCity' is: 'GAMBRILLS'

2024-02-06 17:23:18 - [MESSAGE][PASSED] - Attribute 'value' of object 'Object Repository/RAD_Pages/PaymentEntry_Page/input_billingCity' is: 'GAMBRILLS'

2024-02-06 17:23:18 - [TEST_STEP][PASSED] - verifyMatch("GAMBRILLS", city, false): Actual text 'GAMBRILLS' and expected text 'GAMBRILLS' are matched 

2024-02-06 17:23:18 - [MESSAGE][PASSED] - Actual text 'GAMBRILLS' and expected text 'GAMBRILLS' are matched 

2024-02-06 17:23:18 - [TEST_STEP][PASSED] - email = getAttribute(findTestObject("Object Repository/RAD_Pages/PaymentEntry_Page/input_emailAddress"), "value"): Attribute 'value' of object 'Object Repository/RAD_Pages/PaymentEntry_Page/input_emailAddress' is: 'iahmed@govolution.com'

2024-02-06 17:23:18 - [MESSAGE][PASSED] - Attribute 'value' of object 'Object Repository/RAD_Pages/PaymentEntry_Page/input_emailAddress' is: 'iahmed@govolution.com'

2024-02-06 17:23:18 - [TEST_STEP][PASSED] - verifyMatch("iahmed@govolution.com", email, false): Actual text 'iahmed@govolution.com' and expected text 'iahmed@govolution.com' are matched 

2024-02-06 17:23:18 - [MESSAGE][PASSED] - Actual text 'iahmed@govolution.com' and expected text 'iahmed@govolution.com' are matched 

2024-02-06 17:23:18 - [TEST_STEP][PASSED] - amount = getAttribute(findTestObject("Object Repository/RAD_Pages/PaymentEntry_Page/input_amount"), "value"): Attribute 'value' of object 'Object Repository/RAD_Pages/PaymentEntry_Page/input_amount' is: '100.00'

2024-02-06 17:23:19 - [MESSAGE][PASSED] - Attribute 'value' of object 'Object Repository/RAD_Pages/PaymentEntry_Page/input_amount' is: '100.00'

2024-02-06 17:23:19 - [TEST_STEP][PASSED] - verifyMatch("100.00", amount, false): Actual text '100.00' and expected text '100.00' are matched 

2024-02-06 17:23:19 - [MESSAGE][PASSED] - Actual text '100.00' and expected text '100.00' are matched 

2024-02-06 17:23:19 - [TEST_STEP][PASSED] - amountReadOnly = getAttribute(findTestObject("Object Repository/RAD_Pages/PaymentEntry_Page/input_amount"), "readonly"): Attribute 'readonly' of object 'Object Repository/RAD_Pages/PaymentEntry_Page/input_amount' is: 'true'

2024-02-06 17:23:19 - [MESSAGE][PASSED] - Attribute 'readonly' of object 'Object Repository/RAD_Pages/PaymentEntry_Page/input_amount' is: 'true'

2024-02-06 17:23:19 - [TEST_STEP][PASSED] - verifyMatch("true", amountReadOnly, false): Actual text 'true' and expected text 'true' are matched 

2024-02-06 17:23:19 - [MESSAGE][PASSED] - Actual text 'true' and expected text 'true' are matched 

2024-02-06 17:23:19 - [TEST_STEP][PASSED] - verifyOptionSelectedByLabel(findTestObject("Object Repository/RAD_Pages/PaymentEntry_Page/select_Country"), "United States", false, 20): All options with label 'United States' are selected in object 'Object Repository/RAD_Pages/PaymentEntry_Page/select_Country' 

2024-02-06 17:23:20 - [MESSAGE][PASSED] - All options with label 'United States' are selected in object 'Object Repository/RAD_Pages/PaymentEntry_Page/select_Country' 

2024-02-06 17:23:20 - [TEST_STEP][PASSED] - verifyOptionSelectedByLabel(findTestObject("Object Repository/RAD_Pages/PaymentEntry_Page/select_State"), "Maryland", false, 20): All options with label 'Maryland' are selected in object 'Object Repository/RAD_Pages/PaymentEntry_Page/select_State' 

2024-02-06 17:23:23 - [MESSAGE][PASSED] - All options with label 'Maryland' are selected in object 'Object Repository/RAD_Pages/PaymentEntry_Page/select_State' 

2024-02-06 17:23:23 - [TEST_STEP][PASSED] - setText(findTestObject(orPath_PaymentEntry + "/input__cardNumber"), "4111111111111111"): Text '4111111111111111' is set on object 'Object Repository/RAD_Pages/PaymentEntry_Page/input__cardNumber'

2024-02-06 17:23:23 - [MESSAGE][PASSED] - Text '4111111111111111' is set on object 'Object Repository/RAD_Pages/PaymentEntry_Page/input__cardNumber'

2024-02-06 17:23:23 - [TEST_STEP][PASSED] - setText(findTestObject(orPath_PaymentEntry + "/input__spc"), "123"): Text '123' is set on object 'Object Repository/RAD_Pages/PaymentEntry_Page/input__spc'

2024-02-06 17:23:24 - [MESSAGE][PASSED] - Text '123' is set on object 'Object Repository/RAD_Pages/PaymentEntry_Page/input__spc'

2024-02-06 17:23:24 - [TEST_STEP][PASSED] - selectOptionByLabel(findTestObject(orPath_PaymentEntry + "/select_MM"), "12", false): All options with label '12' are selected in object 'Object Repository/RAD_Pages/PaymentEntry_Page/select_MM' 

2024-02-06 17:23:25 - [MESSAGE][PASSED] - All options with label '12' are selected in object 'Object Repository/RAD_Pages/PaymentEntry_Page/select_MM' 

2024-02-06 17:23:25 - [TEST_STEP][PASSED] - selectOptionByLabel(findTestObject(orPath_PaymentEntry + "/select_YYYY"), "2028", false): All options with label '2028' are selected in object 'Object Repository/RAD_Pages/PaymentEntry_Page/select_YYYY' 

2024-02-06 17:23:25 - [MESSAGE][PASSED] - All options with label '2028' are selected in object 'Object Repository/RAD_Pages/PaymentEntry_Page/select_YYYY' 

2024-02-06 17:23:25 - [TEST_STEP][PASSED] - click(findTestObject(orPath_PaymentEntry + "/input_Field_ccSubmit")): Object: 'Object Repository/RAD_Pages/PaymentEntry_Page/input_Field_ccSubmit' is clicked on

2024-02-06 17:23:26 - [MESSAGE][PASSED] - Object: 'Object Repository/RAD_Pages/PaymentEntry_Page/input_Field_ccSubmit' is clicked on

2024-02-06 17:23:26 - [TEST_STEP][PASSED] - click(findTestObject(orPath_PaymentConfirmation + "/input_N_confirmNotifyAction")): Object: 'Object Repository/RAD_Pages/PaymentConfirmation_Page/input_N_confirmNotifyAction' is clicked on

2024-02-06 17:23:27 - [MESSAGE][PASSED] - Object: 'Object Repository/RAD_Pages/PaymentConfirmation_Page/input_N_confirmNotifyAction' is clicked on

2024-02-06 17:23:27 - [TEST_STEP][PASSED] - verifyTextPresent("Service Fee Acceptance", true): Text 'Service Fee Acceptance' is present on page  using regular expression

2024-02-06 17:23:28 - [MESSAGE][PASSED] - Text 'Service Fee Acceptance' is present on page  using regular expression

2024-02-06 17:23:28 - [TEST_STEP][PASSED] - verifyTextPresent("This transaction is subject to a Service Fee of ", true): Text 'This transaction is subject to a Service Fee of ' is present on page  using regular expression

2024-02-06 17:23:28 - [MESSAGE][PASSED] - Text 'This transaction is subject to a Service Fee of ' is present on page  using regular expression

2024-02-06 17:23:28 - [TEST_STEP][PASSED] - verifyTextPresent("Payment Amount:", true): Text 'Payment Amount:' is present on page  using regular expression

2024-02-06 17:23:29 - [MESSAGE][PASSED] - Text 'Payment Amount:' is present on page  using regular expression

2024-02-06 17:23:29 - [TEST_STEP][PASSED] - verifyTextPresent("100.00", true): Text '100.00' is present on page  using regular expression

2024-02-06 17:23:29 - [MESSAGE][PASSED] - Text '100.00' is present on page  using regular expression

2024-02-06 17:23:29 - [TEST_STEP][PASSED] - verifyTextPresent("Service Fee:", true): Text 'Service Fee:' is present on page  using regular expression

2024-02-06 17:23:29 - [MESSAGE][PASSED] - Text 'Service Fee:' is present on page  using regular expression

2024-02-06 17:23:29 - [TEST_STEP][PASSED] - verifyTextPresent("2.45", true): Text '2.45' is present on page  using regular expression

2024-02-06 17:23:29 - [MESSAGE][PASSED] - Text '2.45' is present on page  using regular expression

2024-02-06 17:23:29 - [TEST_STEP][PASSED] - verifyTextPresent("Total Amount:", true): Text 'Total Amount:' is present on page  using regular expression

2024-02-06 17:23:30 - [MESSAGE][PASSED] - Text 'Total Amount:' is present on page  using regular expression

2024-02-06 17:23:30 - [TEST_STEP][PASSED] - verifyTextPresent("102.45", true): Text '102.45' is present on page  using regular expression

2024-02-06 17:23:30 - [MESSAGE][PASSED] - Text '102.45' is present on page  using regular expression

2024-02-06 17:23:30 - [TEST_STEP][PASSED] - verifyTextPresent("Two transactions will appear on your bank statement, one in the amount of", true): Text 'Two transactions will appear on your bank statement, one in the amount of' is present on page  using regular expression

2024-02-06 17:23:30 - [MESSAGE][PASSED] - Text 'Two transactions will appear on your bank statement, one in the amount of' is present on page  using regular expression

2024-02-06 17:23:30 - [TEST_STEP][PASSED] - if (verifyElementPresent(findTestObject(orPath_ServiceFeesAccept + "/input_convFeeNotifyAction"), 30)): null

2024-02-06 17:23:31 - [MESSAGE][PASSED] - Object 'Object Repository/RAD_Pages/ServiceFeeAccept_Page/input_convFeeNotifyAction' is present

2024-02-06 17:23:31 - [TEST_STEP][PASSED] - resText = "Pass": null

2024-02-06 17:23:31 - [TEST_STEP][PASSED] - pages.WriteExcel.demoKey(resText, datText, resColumn, datCloumn, fileLoc, nameSheet, row): pages.WriteExcel.demoKey is PASSED

2024-02-06 17:23:31 - [MESSAGE][PASSED] - pages.WriteExcel.demoKey is PASSED

2024-02-06 17:23:31 - [TEST_STEP][PASSED] - if (execProfile == "QAProfile" || execProfile == "QA2Profile"): Text 'Successful Payment Receipt' is present on page  using regular expression

2024-02-06 17:23:31 - [TEST_STEP][PASSED] - click(findTestObject(orPath_ServiceFeesAccept + "/input_convFeeNotifyAction")): Object: 'Object Repository/RAD_Pages/ServiceFeeAccept_Page/input_convFeeNotifyAction' is clicked on

2024-02-06 17:23:31 - [MESSAGE][PASSED] - Object: 'Object Repository/RAD_Pages/ServiceFeeAccept_Page/input_convFeeNotifyAction' is clicked on

2024-02-06 17:23:31 - [TEST_STEP][PASSED] - delay(10): Delayed 10 second(s)

2024-02-06 17:23:41 - [MESSAGE][PASSED] - Delayed 10 second(s)

2024-02-06 17:23:41 - [TEST_STEP][PASSED] - verifyTextPresent("Successful Payment Receipt", true): Text 'Successful Payment Receipt' is present on page  using regular expression

2024-02-06 17:23:42 - [MESSAGE][PASSED] - Text 'Successful Payment Receipt' is present on page  using regular expression

2024-02-06 17:23:42 - [TEST_STEP][PASSED] - ExecuteTC = findTestData(dataFile).getValue("Execute", row): null

2024-02-06 17:23:42 - [TEST_STEP][PASSED] - TaxType = findTestData(dataFile).getValue("TaxType", row): null

2024-02-06 17:23:42 - [TEST_STEP][PASSED] - PaymentType = findTestData(dataFile).getValue("PaymentType", row): null

2024-02-06 17:23:42 - [TEST_STEP][PASSED] - FilingYear = findTestData(dataFile).getValue("Year", row): null

2024-02-06 17:23:42 - [TEST_STEP][PASSED] - feinSSN = findTestData(dataFile).getValue("FeinSsn", row): null

2024-02-06 17:23:42 - [TEST_STEP][PASSED] - if (ExecuteTC.equalsIgnoreCase("Y")): null

2024-02-06 17:23:42 - [TEST_STEP][PASSED] - out.println("Begin Record Number: " + row): null

2024-02-06 17:23:42 - [TEST_STEP][PASSED] - today = new java.util.Date(): null

2024-02-06 17:23:42 - [TEST_STEP][PASSED] - println(today): null

2024-02-06 17:23:42 - [TEST_STEP][PASSED] - datText = today: null

2024-02-06 17:23:42 - [TEST_STEP][PASSED] - logInfo("Payment Type: New Tax Return Amount Due"): Payment Type: New Tax Return Amount Due

2024-02-06 17:23:42 - [MESSAGE][INFO] - Payment Type: New Tax Return Amount Due

2024-02-06 17:23:42 - [TEST_STEP][PASSED] - logInfo("Tax Type: " + TaxType): Tax Type: Transportation Network Services

2024-02-06 17:23:42 - [MESSAGE][INFO] - Tax Type: Transportation Network Services

2024-02-06 17:23:42 - [TEST_STEP][PASSED] - openBrowser(""): Browser is opened with url: ''

2024-02-06 17:23:42 - [MESSAGE][WARNING] - A browser is already opened. Closing browser and opening a new one

2024-02-06 17:23:43 - [MESSAGE][INFO] - Starting 'Chrome' driver

2024-02-06 17:23:43 - [MESSAGE][INFO] - User set preference: ['acceptInsecureCerts', 'true']

2024-02-06 17:23:43 - [MESSAGE][INFO] - Action delay is set to 0 milliseconds

2024-02-06 17:23:45 - [MESSAGE][PASSED] - Browser is opened with url: ''

2024-02-06 17:23:45 - [TEST_STEP][PASSED] - maximizeWindow(): Current window maximized

2024-02-06 17:23:45 - [MESSAGE][PASSED] - Current window maximized

2024-02-06 17:23:45 - [TEST_STEP][PASSED] - navigateToUrl(RADurl): Navigate to 'https://qa2.velocitypayment.com/client/rad/index.html' successfully

2024-02-06 17:23:46 - [MESSAGE][PASSED] - Navigate to 'https://qa2.velocitypayment.com/client/rad/index.html' successfully

2024-02-06 17:23:46 - [TEST_STEP][PASSED] - selectOptionByLabel(findTestObject(orPath_Landing + "/dd_TaxType"), "New Tax Return Amount Due", false): All options with label 'New Tax Return Amount Due' are selected in object 'Object Repository/RAD_Pages/Landing_Page/dd_TaxType' 

2024-02-06 17:23:48 - [MESSAGE][PASSED] - All options with label 'New Tax Return Amount Due' are selected in object 'Object Repository/RAD_Pages/Landing_Page/dd_TaxType' 

2024-02-06 17:23:48 - [TEST_STEP][PASSED] - selectOptionByLabel(findTestObject("Object Repository/RAD_Pages/Landing_Page/select_NewTaxReturnAmountDue_TaxType"), TaxType, false): All options with label 'Transportation Network Services' are selected in object 'Object Repository/RAD_Pages/Landing_Page/select_NewTaxReturnAmountDue_TaxType' 

2024-02-06 17:23:49 - [MESSAGE][PASSED] - All options with label 'Transportation Network Services' are selected in object 'Object Repository/RAD_Pages/Landing_Page/select_NewTaxReturnAmountDue_TaxType' 

2024-02-06 17:23:49 - [TEST_STEP][PASSED] - selectOptionByLabel(findTestObject(orPath_TaxTypeFilingYear + "/select_FilingYear"), FilingYear, false): All options with label '2021' are selected in object 'Object Repository/RAD_Pages/TaxTypeFilingYear_Page/select_FilingYear' 

2024-02-06 17:23:50 - [MESSAGE][PASSED] - All options with label '2021' are selected in object 'Object Repository/RAD_Pages/TaxTypeFilingYear_Page/select_FilingYear' 

2024-02-06 17:23:50 - [TEST_STEP][PASSED] - rad.getSetDataRAD.setDataRADBusinessName(): rad.getSetDataRAD.setDataRADBusinessName is PASSED

2024-02-06 17:23:51 - [MESSAGE][PASSED] - Text 'My Company' is set on object 'Object Repository/RAD_Pages/Taxpayer_Page/input_businessName'

2024-02-06 17:23:51 - [MESSAGE][PASSED] - rad.getSetDataRAD.setDataRADBusinessName is PASSED

2024-02-06 17:23:51 - [TEST_STEP][PASSED] - rad.getSetDataRAD.setDataRADBusinessRep(): rad.getSetDataRAD.setDataRADBusinessRep is PASSED

2024-02-06 17:23:51 - [MESSAGE][PASSED] - Text 'BusRepFname' is set on object 'Object Repository/RAD_Pages/Taxpayer_Page/input_BusinessRepfirstName'

2024-02-06 17:23:52 - [MESSAGE][PASSED] - Text '' is set on object 'Object Repository/RAD_Pages/Taxpayer_Page/input_BusinessRepmiddleName'

2024-02-06 17:23:53 - [MESSAGE][PASSED] - Text 'BusRepLname' is set on object 'Object Repository/RAD_Pages/Taxpayer_Page/input_BusinessReplastName'

2024-02-06 17:23:54 - [MESSAGE][PASSED] - Text '' is set on object 'Object Repository/RAD_Pages/Taxpayer_Page/input_BusinessRepsuffix'

2024-02-06 17:23:54 - [MESSAGE][PASSED] - rad.getSetDataRAD.setDataRADBusinessRep is PASSED

2024-02-06 17:23:54 - [TEST_STEP][PASSED] - rad.getSetDataRAD.setDataRADAddress(): rad.getSetDataRAD.setDataRADAddress is PASSED

2024-02-06 17:23:54 - [MESSAGE][PASSED] - All options with label 'United States' are selected in object 'Object Repository/RAD_Pages/AddressAndContactInfo_Page/select_Country' 

2024-02-06 17:23:55 - [MESSAGE][PASSED] - Text '2508 Mandan Terrace' is set on object 'Object Repository/RAD_Pages/AddressAndContactInfo_Page/input_streetAddress1'

2024-02-06 17:23:56 - [MESSAGE][PASSED] - Text '' is set on object 'Object Repository/RAD_Pages/AddressAndContactInfo_Page/input_streetAddress2'

2024-02-06 17:23:57 - [MESSAGE][PASSED] - Text 'Gambrills' is set on object 'Object Repository/RAD_Pages/AddressAndContactInfo_Page/input_city'

2024-02-06 17:23:57 - [MESSAGE][PASSED] - All options with label 'Maryland' are selected in object 'Object Repository/RAD_Pages/AddressAndContactInfo_Page/select_State' 

2024-02-06 17:23:58 - [MESSAGE][PASSED] - Text '21054' is set on object 'Object Repository/RAD_Pages/AddressAndContactInfo_Page/input_zipCode'

2024-02-06 17:23:59 - [MESSAGE][PASSED] - Text '(703) 894-5000' is set on object 'Object Repository/RAD_Pages/AddressAndContactInfo_Page/input_phoneNumber'

2024-02-06 17:24:00 - [MESSAGE][PASSED] - Text 'iahmed@govolution.com' is set on object 'Object Repository/RAD_Pages/AddressAndContactInfo_Page/input_eMailAddress'

2024-02-06 17:24:01 - [MESSAGE][PASSED] - Text 'iahmed@govolution.com' is set on object 'Object Repository/RAD_Pages/AddressAndContactInfo_Page/input_reEnterEMailAddress'

2024-02-06 17:24:01 - [MESSAGE][PASSED] - rad.getSetDataRAD.setDataRADAddress is PASSED

2024-02-06 17:24:01 - [TEST_STEP][PASSED] - if (feinSSN.equalsIgnoreCase("Y")): null

2024-02-06 17:24:01 - [TEST_STEP][PASSED] - else: rad.getSetDataRAD.setDataRADFEIN is PASSED

2024-02-06 17:24:01 - [TEST_STEP][PASSED] - if (!(TaxType.equalsIgnoreCase("Estate Tax"))): rad.getSetDataRAD.setDataRADFEIN is PASSED

2024-02-06 17:24:01 - [TEST_STEP][PASSED] - rad.getSetDataRAD.setDataRADFEIN(): rad.getSetDataRAD.setDataRADFEIN is PASSED

2024-02-06 17:24:01 - [MESSAGE][PASSED] - Text ****** has been set on object 'Object Repository/RAD_Pages/TaxInfo_Page/input_FederalEIN'

2024-02-06 17:24:02 - [MESSAGE][PASSED] - Text ****** has been set on object 'Object Repository/RAD_Pages/TaxInfo_Page/input_FederalEIN_ReEnter'

2024-02-06 17:24:02 - [MESSAGE][PASSED] - rad.getSetDataRAD.setDataRADFEIN is PASSED

2024-02-06 17:24:02 - [TEST_STEP][PASSED] - if (TaxType.equalsIgnoreCase("Estate Tax")): null

2024-02-06 17:24:02 - [TEST_STEP][PASSED] - setText(findTestObject(orPath_Amount + "/input__paymentAmount"), "100.00"): Text '100.00' is set on object 'Object Repository/RAD_Pages/PaymentAmount_Page/input__paymentAmount'

2024-02-06 17:24:03 - [MESSAGE][PASSED] - Text '100.00' is set on object 'Object Repository/RAD_Pages/PaymentAmount_Page/input__paymentAmount'

2024-02-06 17:24:03 - [TEST_STEP][PASSED] - setText(findTestObject(orPath_AddressContact + "/input_streetAddress2"), ""): Text '' is set on object 'Object Repository/RAD_Pages/AddressAndContactInfo_Page/input_streetAddress2'

2024-02-06 17:24:03 - [MESSAGE][PASSED] - Text '' is set on object 'Object Repository/RAD_Pages/AddressAndContactInfo_Page/input_streetAddress2'

2024-02-06 17:24:03 - [TEST_STEP][PASSED] - scrollToElement(findTestObject(orPath_Landing + "/button_Continue"), 3): Scroll to object 'Object Repository/RAD_Pages/Landing_Page/button_Continue' successfully

2024-02-06 17:24:04 - [MESSAGE][PASSED] - Scroll to object 'Object Repository/RAD_Pages/Landing_Page/button_Continue' successfully

2024-02-06 17:24:04 - [TEST_STEP][PASSED] - waitForElementClickable(findTestObject(orPath_Landing + "/button_Continue"), 5): Object 'Object Repository/RAD_Pages/Landing_Page/button_Continue' is clickable

2024-02-06 17:24:04 - [MESSAGE][PASSED] - Object 'Object Repository/RAD_Pages/Landing_Page/button_Continue' is clickable

2024-02-06 17:24:04 - [TEST_STEP][PASSED] - click(findTestObject(orPath_Landing + "/button_Continue")): Object: 'Object Repository/RAD_Pages/Landing_Page/button_Continue' is clicked on

2024-02-06 17:24:05 - [MESSAGE][PASSED] - Object: 'Object Repository/RAD_Pages/Landing_Page/button_Continue' is clicked on

2024-02-06 17:24:05 - [TEST_STEP][PASSED] - delay(2): Delayed 2 second(s)

2024-02-06 17:24:07 - [MESSAGE][PASSED] - Delayed 2 second(s)

2024-02-06 17:24:07 - [TEST_STEP][PASSED] - click(findTestObject(orPath_Summary + "/button_Proceed to Payment")): Object: 'Object Repository/RAD_Pages/Summary_Page/button_Proceed to Payment' is clicked on

2024-02-06 17:24:08 - [MESSAGE][PASSED] - Object: 'Object Repository/RAD_Pages/Summary_Page/button_Proceed to Payment' is clicked on

2024-02-06 17:24:08 - [TEST_STEP][PASSED] - if (verifyElementPresent(findTestObject("Object Repository/RAD_Pages/PaymentEntry_Page/input__billingName"), 30)): null

2024-02-06 17:24:08 - [MESSAGE][PASSED] - Object 'Object Repository/RAD_Pages/PaymentEntry_Page/input__billingName' is present

2024-02-06 17:24:08 - [TEST_STEP][PASSED] - verifyTextPresent("Comptroller of Maryland", true): Text 'Comptroller of Maryland' is present on page  using regular expression

2024-02-06 17:24:09 - [MESSAGE][PASSED] - Text 'Comptroller of Maryland' is present on page  using regular expression

2024-02-06 17:24:09 - [TEST_STEP][PASSED] - verifyTextPresent("Revenue Administration Division", true): Text 'Revenue Administration Division' is present on page  using regular expression

2024-02-06 17:24:09 - [MESSAGE][PASSED] - Text 'Revenue Administration Division' is present on page  using regular expression

2024-02-06 17:24:09 - [TEST_STEP][PASSED] - verifyTextPresent("Payment Information", true): Text 'Payment Information' is present on page  using regular expression

2024-02-06 17:24:09 - [MESSAGE][PASSED] - Text 'Payment Information' is present on page  using regular expression

2024-02-06 17:24:09 - [TEST_STEP][PASSED] - card_Name = getAttribute(findTestObject("Object Repository/RAD_Pages/PaymentEntry_Page/input__billingName"), "value"): Attribute 'value' of object 'Object Repository/RAD_Pages/PaymentEntry_Page/input__billingName' is: 'BusRepFname BusRepLname'

2024-02-06 17:24:10 - [MESSAGE][PASSED] - Attribute 'value' of object 'Object Repository/RAD_Pages/PaymentEntry_Page/input__billingName' is: 'BusRepFname BusRepLname'

2024-02-06 17:24:10 - [TEST_STEP][PASSED] - verifyMatch("BusRepFname BusRepLname", card_Name, false): Actual text 'BusRepFname BusRepLname' and expected text 'BusRepFname BusRepLname' are matched 

2024-02-06 17:24:10 - [MESSAGE][PASSED] - Actual text 'BusRepFname BusRepLname' and expected text 'BusRepFname BusRepLname' are matched 

2024-02-06 17:24:10 - [TEST_STEP][PASSED] - AL1 = getAttribute(findTestObject("Object Repository/RAD_Pages/PaymentEntry_Page/input_billingAddress"), "value"): Attribute 'value' of object 'Object Repository/RAD_Pages/PaymentEntry_Page/input_billingAddress' is: '2508 Mandan Terrace'

2024-02-06 17:24:10 - [MESSAGE][PASSED] - Attribute 'value' of object 'Object Repository/RAD_Pages/PaymentEntry_Page/input_billingAddress' is: '2508 Mandan Terrace'

2024-02-06 17:24:10 - [TEST_STEP][PASSED] - verifyMatch("2508 Mandan Terrace", AL1, false): Actual text '2508 Mandan Terrace' and expected text '2508 Mandan Terrace' are matched 

2024-02-06 17:24:10 - [MESSAGE][PASSED] - Actual text '2508 Mandan Terrace' and expected text '2508 Mandan Terrace' are matched 

2024-02-06 17:24:10 - [TEST_STEP][PASSED] - AL2 = getAttribute(findTestObject("Object Repository/RAD_Pages/PaymentEntry_Page/input_billingAddress2"), "value"): Attribute 'value' of object 'Object Repository/RAD_Pages/PaymentEntry_Page/input_billingAddress2' is: ''

2024-02-06 17:24:10 - [MESSAGE][PASSED] - Attribute 'value' of object 'Object Repository/RAD_Pages/PaymentEntry_Page/input_billingAddress2' is: ''

2024-02-06 17:24:10 - [TEST_STEP][PASSED] - verifyMatch("", AL2, false): Actual text '' and expected text '' are matched 

2024-02-06 17:24:10 - [MESSAGE][PASSED] - Actual text '' and expected text '' are matched 

2024-02-06 17:24:10 - [TEST_STEP][PASSED] - zipCode = getAttribute(findTestObject("Object Repository/RAD_Pages/PaymentEntry_Page/input_billingZip"), "value"): Attribute 'value' of object 'Object Repository/RAD_Pages/PaymentEntry_Page/input_billingZip' is: '21054'

2024-02-06 17:24:11 - [MESSAGE][PASSED] - Attribute 'value' of object 'Object Repository/RAD_Pages/PaymentEntry_Page/input_billingZip' is: '21054'

2024-02-06 17:24:11 - [TEST_STEP][PASSED] - verifyMatch("21054", zipCode, false): Actual text '21054' and expected text '21054' are matched 

2024-02-06 17:24:11 - [MESSAGE][PASSED] - Actual text '21054' and expected text '21054' are matched 

2024-02-06 17:24:11 - [TEST_STEP][PASSED] - city = getAttribute(findTestObject("Object Repository/RAD_Pages/PaymentEntry_Page/input_billingCity"), "value"): Attribute 'value' of object 'Object Repository/RAD_Pages/PaymentEntry_Page/input_billingCity' is: 'GAMBRILLS'

2024-02-06 17:24:11 - [MESSAGE][PASSED] - Attribute 'value' of object 'Object Repository/RAD_Pages/PaymentEntry_Page/input_billingCity' is: 'GAMBRILLS'

2024-02-06 17:24:11 - [TEST_STEP][PASSED] - verifyMatch("GAMBRILLS", city, false): Actual text 'GAMBRILLS' and expected text 'GAMBRILLS' are matched 

2024-02-06 17:24:11 - [MESSAGE][PASSED] - Actual text 'GAMBRILLS' and expected text 'GAMBRILLS' are matched 

2024-02-06 17:24:11 - [TEST_STEP][PASSED] - email = getAttribute(findTestObject("Object Repository/RAD_Pages/PaymentEntry_Page/input_emailAddress"), "value"): Attribute 'value' of object 'Object Repository/RAD_Pages/PaymentEntry_Page/input_emailAddress' is: 'iahmed@govolution.com'

2024-02-06 17:24:11 - [MESSAGE][PASSED] - Attribute 'value' of object 'Object Repository/RAD_Pages/PaymentEntry_Page/input_emailAddress' is: 'iahmed@govolution.com'

2024-02-06 17:24:11 - [TEST_STEP][PASSED] - verifyMatch("iahmed@govolution.com", email, false): Actual text 'iahmed@govolution.com' and expected text 'iahmed@govolution.com' are matched 

2024-02-06 17:24:11 - [MESSAGE][PASSED] - Actual text 'iahmed@govolution.com' and expected text 'iahmed@govolution.com' are matched 

2024-02-06 17:24:11 - [TEST_STEP][PASSED] - amount = getAttribute(findTestObject("Object Repository/RAD_Pages/PaymentEntry_Page/input_amount"), "value"): Attribute 'value' of object 'Object Repository/RAD_Pages/PaymentEntry_Page/input_amount' is: '100.00'

2024-02-06 17:24:12 - [MESSAGE][PASSED] - Attribute 'value' of object 'Object Repository/RAD_Pages/PaymentEntry_Page/input_amount' is: '100.00'

2024-02-06 17:24:12 - [TEST_STEP][PASSED] - verifyMatch("100.00", amount, false): Actual text '100.00' and expected text '100.00' are matched 

2024-02-06 17:24:12 - [MESSAGE][PASSED] - Actual text '100.00' and expected text '100.00' are matched 

2024-02-06 17:24:12 - [TEST_STEP][PASSED] - amountReadOnly = getAttribute(findTestObject("Object Repository/RAD_Pages/PaymentEntry_Page/input_amount"), "readonly"): Attribute 'readonly' of object 'Object Repository/RAD_Pages/PaymentEntry_Page/input_amount' is: 'true'

2024-02-06 17:24:12 - [MESSAGE][PASSED] - Attribute 'readonly' of object 'Object Repository/RAD_Pages/PaymentEntry_Page/input_amount' is: 'true'

2024-02-06 17:24:12 - [TEST_STEP][PASSED] - verifyMatch("true", amountReadOnly, false): Actual text 'true' and expected text 'true' are matched 

2024-02-06 17:24:12 - [MESSAGE][PASSED] - Actual text 'true' and expected text 'true' are matched 

2024-02-06 17:24:12 - [TEST_STEP][PASSED] - verifyOptionSelectedByLabel(findTestObject("Object Repository/RAD_Pages/PaymentEntry_Page/select_Country"), "United States", false, 20): All options with label 'United States' are selected in object 'Object Repository/RAD_Pages/PaymentEntry_Page/select_Country' 

2024-02-06 17:24:13 - [MESSAGE][PASSED] - All options with label 'United States' are selected in object 'Object Repository/RAD_Pages/PaymentEntry_Page/select_Country' 

2024-02-06 17:24:13 - [TEST_STEP][PASSED] - verifyOptionSelectedByLabel(findTestObject("Object Repository/RAD_Pages/PaymentEntry_Page/select_State"), "Maryland", false, 20): All options with label 'Maryland' are selected in object 'Object Repository/RAD_Pages/PaymentEntry_Page/select_State' 

2024-02-06 17:24:16 - [MESSAGE][PASSED] - All options with label 'Maryland' are selected in object 'Object Repository/RAD_Pages/PaymentEntry_Page/select_State' 

2024-02-06 17:24:16 - [TEST_STEP][PASSED] - setText(findTestObject(orPath_PaymentEntry + "/input__cardNumber"), "4111111111111111"): Text '4111111111111111' is set on object 'Object Repository/RAD_Pages/PaymentEntry_Page/input__cardNumber'

2024-02-06 17:24:16 - [MESSAGE][PASSED] - Text '4111111111111111' is set on object 'Object Repository/RAD_Pages/PaymentEntry_Page/input__cardNumber'

2024-02-06 17:24:16 - [TEST_STEP][PASSED] - setText(findTestObject(orPath_PaymentEntry + "/input__spc"), "123"): Text '123' is set on object 'Object Repository/RAD_Pages/PaymentEntry_Page/input__spc'

2024-02-06 17:24:17 - [MESSAGE][PASSED] - Text '123' is set on object 'Object Repository/RAD_Pages/PaymentEntry_Page/input__spc'

2024-02-06 17:24:17 - [TEST_STEP][PASSED] - selectOptionByLabel(findTestObject(orPath_PaymentEntry + "/select_MM"), "12", false): All options with label '12' are selected in object 'Object Repository/RAD_Pages/PaymentEntry_Page/select_MM' 

2024-02-06 17:24:18 - [MESSAGE][PASSED] - All options with label '12' are selected in object 'Object Repository/RAD_Pages/PaymentEntry_Page/select_MM' 

2024-02-06 17:24:18 - [TEST_STEP][PASSED] - selectOptionByLabel(findTestObject(orPath_PaymentEntry + "/select_YYYY"), "2028", false): All options with label '2028' are selected in object 'Object Repository/RAD_Pages/PaymentEntry_Page/select_YYYY' 

2024-02-06 17:24:19 - [MESSAGE][PASSED] - All options with label '2028' are selected in object 'Object Repository/RAD_Pages/PaymentEntry_Page/select_YYYY' 

2024-02-06 17:24:19 - [TEST_STEP][PASSED] - click(findTestObject(orPath_PaymentEntry + "/input_Field_ccSubmit")): Object: 'Object Repository/RAD_Pages/PaymentEntry_Page/input_Field_ccSubmit' is clicked on

2024-02-06 17:24:20 - [MESSAGE][PASSED] - Object: 'Object Repository/RAD_Pages/PaymentEntry_Page/input_Field_ccSubmit' is clicked on

2024-02-06 17:24:20 - [TEST_STEP][PASSED] - click(findTestObject(orPath_PaymentConfirmation + "/input_N_confirmNotifyAction")): Object: 'Object Repository/RAD_Pages/PaymentConfirmation_Page/input_N_confirmNotifyAction' is clicked on

2024-02-06 17:24:21 - [MESSAGE][PASSED] - Object: 'Object Repository/RAD_Pages/PaymentConfirmation_Page/input_N_confirmNotifyAction' is clicked on

2024-02-06 17:24:21 - [TEST_STEP][PASSED] - verifyTextPresent("Service Fee Acceptance", true): Text 'Service Fee Acceptance' is present on page  using regular expression

2024-02-06 17:24:21 - [MESSAGE][PASSED] - Text 'Service Fee Acceptance' is present on page  using regular expression

2024-02-06 17:24:21 - [TEST_STEP][PASSED] - verifyTextPresent("This transaction is subject to a Service Fee of ", true): Text 'This transaction is subject to a Service Fee of ' is present on page  using regular expression

2024-02-06 17:24:22 - [MESSAGE][PASSED] - Text 'This transaction is subject to a Service Fee of ' is present on page  using regular expression

2024-02-06 17:24:22 - [TEST_STEP][PASSED] - verifyTextPresent("Payment Amount:", true): Text 'Payment Amount:' is present on page  using regular expression

2024-02-06 17:24:22 - [MESSAGE][PASSED] - Text 'Payment Amount:' is present on page  using regular expression

2024-02-06 17:24:22 - [TEST_STEP][PASSED] - verifyTextPresent("100.00", true): Text '100.00' is present on page  using regular expression

2024-02-06 17:24:22 - [MESSAGE][PASSED] - Text '100.00' is present on page  using regular expression

2024-02-06 17:24:22 - [TEST_STEP][PASSED] - verifyTextPresent("Service Fee:", true): Text 'Service Fee:' is present on page  using regular expression

2024-02-06 17:24:22 - [MESSAGE][PASSED] - Text 'Service Fee:' is present on page  using regular expression

2024-02-06 17:24:22 - [TEST_STEP][PASSED] - verifyTextPresent("2.45", true): Text '2.45' is present on page  using regular expression

2024-02-06 17:24:23 - [MESSAGE][PASSED] - Text '2.45' is present on page  using regular expression

2024-02-06 17:24:23 - [TEST_STEP][PASSED] - verifyTextPresent("Total Amount:", true): Text 'Total Amount:' is present on page  using regular expression

2024-02-06 17:24:23 - [MESSAGE][PASSED] - Text 'Total Amount:' is present on page  using regular expression

2024-02-06 17:24:23 - [TEST_STEP][PASSED] - verifyTextPresent("102.45", true): Text '102.45' is present on page  using regular expression

2024-02-06 17:24:23 - [MESSAGE][PASSED] - Text '102.45' is present on page  using regular expression

2024-02-06 17:24:23 - [TEST_STEP][PASSED] - verifyTextPresent("Two transactions will appear on your bank statement, one in the amount of", true): Text 'Two transactions will appear on your bank statement, one in the amount of' is present on page  using regular expression

2024-02-06 17:24:24 - [MESSAGE][PASSED] - Text 'Two transactions will appear on your bank statement, one in the amount of' is present on page  using regular expression

2024-02-06 17:24:24 - [TEST_STEP][PASSED] - if (verifyElementPresent(findTestObject(orPath_ServiceFeesAccept + "/input_convFeeNotifyAction"), 30)): null

2024-02-06 17:24:24 - [MESSAGE][PASSED] - Object 'Object Repository/RAD_Pages/ServiceFeeAccept_Page/input_convFeeNotifyAction' is present

2024-02-06 17:24:24 - [TEST_STEP][PASSED] - resText = "Pass": null

2024-02-06 17:24:24 - [TEST_STEP][PASSED] - pages.WriteExcel.demoKey(resText, datText, resColumn, datCloumn, fileLoc, nameSheet, row): pages.WriteExcel.demoKey is PASSED

2024-02-06 17:24:24 - [MESSAGE][PASSED] - pages.WriteExcel.demoKey is PASSED

2024-02-06 17:24:24 - [TEST_STEP][PASSED] - if (execProfile == "QAProfile" || execProfile == "QA2Profile"): Text 'Successful Payment Receipt' is present on page  using regular expression

2024-02-06 17:24:24 - [TEST_STEP][PASSED] - click(findTestObject(orPath_ServiceFeesAccept + "/input_convFeeNotifyAction")): Object: 'Object Repository/RAD_Pages/ServiceFeeAccept_Page/input_convFeeNotifyAction' is clicked on

2024-02-06 17:24:25 - [MESSAGE][PASSED] - Object: 'Object Repository/RAD_Pages/ServiceFeeAccept_Page/input_convFeeNotifyAction' is clicked on

2024-02-06 17:24:25 - [TEST_STEP][PASSED] - delay(10): Delayed 10 second(s)

2024-02-06 17:24:35 - [MESSAGE][PASSED] - Delayed 10 second(s)

2024-02-06 17:24:35 - [TEST_STEP][PASSED] - verifyTextPresent("Successful Payment Receipt", true): Text 'Successful Payment Receipt' is present on page  using regular expression

2024-02-06 17:24:35 - [MESSAGE][PASSED] - Text 'Successful Payment Receipt' is present on page  using regular expression

2024-02-06 17:24:35 - [TEST_STEP][PASSED] - ExecuteTC = findTestData(dataFile).getValue("Execute", row): null

2024-02-06 17:24:35 - [TEST_STEP][PASSED] - TaxType = findTestData(dataFile).getValue("TaxType", row): null

2024-02-06 17:24:35 - [TEST_STEP][PASSED] - PaymentType = findTestData(dataFile).getValue("PaymentType", row): null

2024-02-06 17:24:35 - [TEST_STEP][PASSED] - FilingYear = findTestData(dataFile).getValue("Year", row): null

2024-02-06 17:24:35 - [TEST_STEP][PASSED] - feinSSN = findTestData(dataFile).getValue("FeinSsn", row): null

2024-02-06 17:24:35 - [TEST_STEP][PASSED] - if (ExecuteTC.equalsIgnoreCase("Y")): null

2024-02-06 17:24:35 - [TEST_STEP][PASSED] - out.println("Begin Record Number: " + row): null

2024-02-06 17:24:35 - [TEST_STEP][PASSED] - today = new java.util.Date(): null

2024-02-06 17:24:35 - [TEST_STEP][PASSED] - println(today): null

2024-02-06 17:24:35 - [TEST_STEP][PASSED] - datText = today: null

2024-02-06 17:24:35 - [TEST_STEP][PASSED] - logInfo("Payment Type: New Tax Return Amount Due"): Payment Type: New Tax Return Amount Due

2024-02-06 17:24:35 - [MESSAGE][INFO] - Payment Type: New Tax Return Amount Due

2024-02-06 17:24:35 - [TEST_STEP][PASSED] - logInfo("Tax Type: " + TaxType): Tax Type: Unclaimed Property

2024-02-06 17:24:35 - [MESSAGE][INFO] - Tax Type: Unclaimed Property

2024-02-06 17:24:35 - [TEST_STEP][PASSED] - openBrowser(""): Browser is opened with url: ''

2024-02-06 17:24:35 - [MESSAGE][WARNING] - A browser is already opened. Closing browser and opening a new one

2024-02-06 17:24:36 - [MESSAGE][INFO] - Starting 'Chrome' driver

2024-02-06 17:24:36 - [MESSAGE][INFO] - User set preference: ['acceptInsecureCerts', 'true']

2024-02-06 17:24:36 - [MESSAGE][INFO] - Action delay is set to 0 milliseconds

2024-02-06 17:24:38 - [MESSAGE][PASSED] - Browser is opened with url: ''

2024-02-06 17:24:38 - [TEST_STEP][PASSED] - maximizeWindow(): Current window maximized

2024-02-06 17:24:38 - [MESSAGE][PASSED] - Current window maximized

2024-02-06 17:24:38 - [TEST_STEP][PASSED] - navigateToUrl(RADurl): Navigate to 'https://qa2.velocitypayment.com/client/rad/index.html' successfully

2024-02-06 17:24:40 - [MESSAGE][PASSED] - Navigate to 'https://qa2.velocitypayment.com/client/rad/index.html' successfully

2024-02-06 17:24:40 - [TEST_STEP][PASSED] - selectOptionByLabel(findTestObject(orPath_Landing + "/dd_TaxType"), "New Tax Return Amount Due", false): All options with label 'New Tax Return Amount Due' are selected in object 'Object Repository/RAD_Pages/Landing_Page/dd_TaxType' 

2024-02-06 17:24:40 - [MESSAGE][PASSED] - All options with label 'New Tax Return Amount Due' are selected in object 'Object Repository/RAD_Pages/Landing_Page/dd_TaxType' 

2024-02-06 17:24:40 - [TEST_STEP][PASSED] - selectOptionByLabel(findTestObject("Object Repository/RAD_Pages/Landing_Page/select_NewTaxReturnAmountDue_TaxType"), TaxType, false): All options with label 'Unclaimed Property' are selected in object 'Object Repository/RAD_Pages/Landing_Page/select_NewTaxReturnAmountDue_TaxType' 

2024-02-06 17:24:41 - [MESSAGE][PASSED] - All options with label 'Unclaimed Property' are selected in object 'Object Repository/RAD_Pages/Landing_Page/select_NewTaxReturnAmountDue_TaxType' 

2024-02-06 17:24:41 - [TEST_STEP][PASSED] - selectOptionByLabel(findTestObject(orPath_TaxTypeFilingYear + "/select_FilingYear"), FilingYear, false): All options with label '2021' are selected in object 'Object Repository/RAD_Pages/TaxTypeFilingYear_Page/select_FilingYear' 

2024-02-06 17:24:42 - [MESSAGE][PASSED] - All options with label '2021' are selected in object 'Object Repository/RAD_Pages/TaxTypeFilingYear_Page/select_FilingYear' 

2024-02-06 17:24:42 - [TEST_STEP][PASSED] - rad.getSetDataRAD.setDataRADBusinessName(): rad.getSetDataRAD.setDataRADBusinessName is PASSED

2024-02-06 17:24:43 - [MESSAGE][PASSED] - Text 'My Company' is set on object 'Object Repository/RAD_Pages/Taxpayer_Page/input_businessName'

2024-02-06 17:24:43 - [MESSAGE][PASSED] - rad.getSetDataRAD.setDataRADBusinessName is PASSED

2024-02-06 17:24:43 - [TEST_STEP][PASSED] - rad.getSetDataRAD.setDataRADBusinessRep(): rad.getSetDataRAD.setDataRADBusinessRep is PASSED

2024-02-06 17:24:43 - [MESSAGE][PASSED] - Text 'BusRepFname' is set on object 'Object Repository/RAD_Pages/Taxpayer_Page/input_BusinessRepfirstName'

2024-02-06 17:24:44 - [MESSAGE][PASSED] - Text '' is set on object 'Object Repository/RAD_Pages/Taxpayer_Page/input_BusinessRepmiddleName'

2024-02-06 17:24:45 - [MESSAGE][PASSED] - Text 'BusRepLname' is set on object 'Object Repository/RAD_Pages/Taxpayer_Page/input_BusinessReplastName'

2024-02-06 17:24:46 - [MESSAGE][PASSED] - Text '' is set on object 'Object Repository/RAD_Pages/Taxpayer_Page/input_BusinessRepsuffix'

2024-02-06 17:24:46 - [MESSAGE][PASSED] - rad.getSetDataRAD.setDataRADBusinessRep is PASSED

2024-02-06 17:24:46 - [TEST_STEP][PASSED] - rad.getSetDataRAD.setDataRADAddress(): rad.getSetDataRAD.setDataRADAddress is PASSED

2024-02-06 17:24:46 - [MESSAGE][PASSED] - All options with label 'United States' are selected in object 'Object Repository/RAD_Pages/AddressAndContactInfo_Page/select_Country' 

2024-02-06 17:24:47 - [MESSAGE][PASSED] - Text '2508 Mandan Terrace' is set on object 'Object Repository/RAD_Pages/AddressAndContactInfo_Page/input_streetAddress1'

2024-02-06 17:24:48 - [MESSAGE][PASSED] - Text '' is set on object 'Object Repository/RAD_Pages/AddressAndContactInfo_Page/input_streetAddress2'

2024-02-06 17:24:49 - [MESSAGE][PASSED] - Text 'Gambrills' is set on object 'Object Repository/RAD_Pages/AddressAndContactInfo_Page/input_city'

2024-02-06 17:24:49 - [MESSAGE][PASSED] - All options with label 'Maryland' are selected in object 'Object Repository/RAD_Pages/AddressAndContactInfo_Page/select_State' 

2024-02-06 17:24:50 - [MESSAGE][PASSED] - Text '21054' is set on object 'Object Repository/RAD_Pages/AddressAndContactInfo_Page/input_zipCode'

2024-02-06 17:24:51 - [MESSAGE][PASSED] - Text '(703) 894-5000' is set on object 'Object Repository/RAD_Pages/AddressAndContactInfo_Page/input_phoneNumber'

2024-02-06 17:24:52 - [MESSAGE][PASSED] - Text 'iahmed@govolution.com' is set on object 'Object Repository/RAD_Pages/AddressAndContactInfo_Page/input_eMailAddress'

2024-02-06 17:24:52 - [MESSAGE][PASSED] - Text 'iahmed@govolution.com' is set on object 'Object Repository/RAD_Pages/AddressAndContactInfo_Page/input_reEnterEMailAddress'

2024-02-06 17:24:52 - [MESSAGE][PASSED] - rad.getSetDataRAD.setDataRADAddress is PASSED

2024-02-06 17:24:52 - [TEST_STEP][PASSED] - if (feinSSN.equalsIgnoreCase("Y")): null

2024-02-06 17:24:52 - [TEST_STEP][PASSED] - else: rad.getSetDataRAD.setDataRADFEIN is PASSED

2024-02-06 17:24:52 - [TEST_STEP][PASSED] - if (!(TaxType.equalsIgnoreCase("Estate Tax"))): rad.getSetDataRAD.setDataRADFEIN is PASSED

2024-02-06 17:24:52 - [TEST_STEP][PASSED] - rad.getSetDataRAD.setDataRADFEIN(): rad.getSetDataRAD.setDataRADFEIN is PASSED

2024-02-06 17:24:53 - [MESSAGE][PASSED] - Text ****** has been set on object 'Object Repository/RAD_Pages/TaxInfo_Page/input_FederalEIN'

2024-02-06 17:24:54 - [MESSAGE][PASSED] - Text ****** has been set on object 'Object Repository/RAD_Pages/TaxInfo_Page/input_FederalEIN_ReEnter'

2024-02-06 17:24:54 - [MESSAGE][PASSED] - rad.getSetDataRAD.setDataRADFEIN is PASSED

2024-02-06 17:24:54 - [TEST_STEP][PASSED] - if (TaxType.equalsIgnoreCase("Estate Tax")): null

2024-02-06 17:24:54 - [TEST_STEP][PASSED] - setText(findTestObject(orPath_Amount + "/input__paymentAmount"), "100.00"): Text '100.00' is set on object 'Object Repository/RAD_Pages/PaymentAmount_Page/input__paymentAmount'

2024-02-06 17:24:54 - [MESSAGE][PASSED] - Text '100.00' is set on object 'Object Repository/RAD_Pages/PaymentAmount_Page/input__paymentAmount'

2024-02-06 17:24:54 - [TEST_STEP][PASSED] - setText(findTestObject(orPath_AddressContact + "/input_streetAddress2"), ""): Text '' is set on object 'Object Repository/RAD_Pages/AddressAndContactInfo_Page/input_streetAddress2'

2024-02-06 17:24:55 - [MESSAGE][PASSED] - Text '' is set on object 'Object Repository/RAD_Pages/AddressAndContactInfo_Page/input_streetAddress2'

2024-02-06 17:24:55 - [TEST_STEP][PASSED] - scrollToElement(findTestObject(orPath_Landing + "/button_Continue"), 3): Scroll to object 'Object Repository/RAD_Pages/Landing_Page/button_Continue' successfully

2024-02-06 17:24:56 - [MESSAGE][PASSED] - Scroll to object 'Object Repository/RAD_Pages/Landing_Page/button_Continue' successfully

2024-02-06 17:24:56 - [TEST_STEP][PASSED] - waitForElementClickable(findTestObject(orPath_Landing + "/button_Continue"), 5): Object 'Object Repository/RAD_Pages/Landing_Page/button_Continue' is clickable

2024-02-06 17:24:56 - [MESSAGE][PASSED] - Object 'Object Repository/RAD_Pages/Landing_Page/button_Continue' is clickable

2024-02-06 17:24:56 - [TEST_STEP][PASSED] - click(findTestObject(orPath_Landing + "/button_Continue")): Object: 'Object Repository/RAD_Pages/Landing_Page/button_Continue' is clicked on

2024-02-06 17:24:57 - [MESSAGE][PASSED] - Object: 'Object Repository/RAD_Pages/Landing_Page/button_Continue' is clicked on

2024-02-06 17:24:57 - [TEST_STEP][PASSED] - delay(2): Delayed 2 second(s)

2024-02-06 17:24:59 - [MESSAGE][PASSED] - Delayed 2 second(s)

2024-02-06 17:24:59 - [TEST_STEP][PASSED] - click(findTestObject(orPath_Summary + "/button_Proceed to Payment")): Object: 'Object Repository/RAD_Pages/Summary_Page/button_Proceed to Payment' is clicked on

2024-02-06 17:25:00 - [MESSAGE][PASSED] - Object: 'Object Repository/RAD_Pages/Summary_Page/button_Proceed to Payment' is clicked on

2024-02-06 17:25:00 - [TEST_STEP][PASSED] - if (verifyElementPresent(findTestObject("Object Repository/RAD_Pages/PaymentEntry_Page/input__billingName"), 30)): null

2024-02-06 17:25:00 - [MESSAGE][PASSED] - Object 'Object Repository/RAD_Pages/PaymentEntry_Page/input__billingName' is present

2024-02-06 17:25:00 - [TEST_STEP][PASSED] - verifyTextPresent("Comptroller of Maryland", true): Text 'Comptroller of Maryland' is present on page  using regular expression

2024-02-06 17:25:01 - [MESSAGE][PASSED] - Text 'Comptroller of Maryland' is present on page  using regular expression

2024-02-06 17:25:01 - [TEST_STEP][PASSED] - verifyTextPresent("Revenue Administration Division", true): Text 'Revenue Administration Division' is present on page  using regular expression

2024-02-06 17:25:01 - [MESSAGE][PASSED] - Text 'Revenue Administration Division' is present on page  using regular expression

2024-02-06 17:25:01 - [TEST_STEP][PASSED] - verifyTextPresent("Payment Information", true): Text 'Payment Information' is present on page  using regular expression

2024-02-06 17:25:01 - [MESSAGE][PASSED] - Text 'Payment Information' is present on page  using regular expression

2024-02-06 17:25:01 - [TEST_STEP][PASSED] - card_Name = getAttribute(findTestObject("Object Repository/RAD_Pages/PaymentEntry_Page/input__billingName"), "value"): Attribute 'value' of object 'Object Repository/RAD_Pages/PaymentEntry_Page/input__billingName' is: 'BusRepFname BusRepLname'

2024-02-06 17:25:02 - [MESSAGE][PASSED] - Attribute 'value' of object 'Object Repository/RAD_Pages/PaymentEntry_Page/input__billingName' is: 'BusRepFname BusRepLname'

2024-02-06 17:25:02 - [TEST_STEP][PASSED] - verifyMatch("BusRepFname BusRepLname", card_Name, false): Actual text 'BusRepFname BusRepLname' and expected text 'BusRepFname BusRepLname' are matched 

2024-02-06 17:25:02 - [MESSAGE][PASSED] - Actual text 'BusRepFname BusRepLname' and expected text 'BusRepFname BusRepLname' are matched 

2024-02-06 17:25:02 - [TEST_STEP][PASSED] - AL1 = getAttribute(findTestObject("Object Repository/RAD_Pages/PaymentEntry_Page/input_billingAddress"), "value"): Attribute 'value' of object 'Object Repository/RAD_Pages/PaymentEntry_Page/input_billingAddress' is: '2508 Mandan Terrace'

2024-02-06 17:25:02 - [MESSAGE][PASSED] - Attribute 'value' of object 'Object Repository/RAD_Pages/PaymentEntry_Page/input_billingAddress' is: '2508 Mandan Terrace'

2024-02-06 17:25:02 - [TEST_STEP][PASSED] - verifyMatch("2508 Mandan Terrace", AL1, false): Actual text '2508 Mandan Terrace' and expected text '2508 Mandan Terrace' are matched 

2024-02-06 17:25:02 - [MESSAGE][PASSED] - Actual text '2508 Mandan Terrace' and expected text '2508 Mandan Terrace' are matched 

2024-02-06 17:25:02 - [TEST_STEP][PASSED] - AL2 = getAttribute(findTestObject("Object Repository/RAD_Pages/PaymentEntry_Page/input_billingAddress2"), "value"): Attribute 'value' of object 'Object Repository/RAD_Pages/PaymentEntry_Page/input_billingAddress2' is: ''

2024-02-06 17:25:02 - [MESSAGE][PASSED] - Attribute 'value' of object 'Object Repository/RAD_Pages/PaymentEntry_Page/input_billingAddress2' is: ''

2024-02-06 17:25:02 - [TEST_STEP][PASSED] - verifyMatch("", AL2, false): Actual text '' and expected text '' are matched 

2024-02-06 17:25:02 - [MESSAGE][PASSED] - Actual text '' and expected text '' are matched 

2024-02-06 17:25:02 - [TEST_STEP][PASSED] - zipCode = getAttribute(findTestObject("Object Repository/RAD_Pages/PaymentEntry_Page/input_billingZip"), "value"): Attribute 'value' of object 'Object Repository/RAD_Pages/PaymentEntry_Page/input_billingZip' is: '21054'

2024-02-06 17:25:03 - [MESSAGE][PASSED] - Attribute 'value' of object 'Object Repository/RAD_Pages/PaymentEntry_Page/input_billingZip' is: '21054'

2024-02-06 17:25:03 - [TEST_STEP][PASSED] - verifyMatch("21054", zipCode, false): Actual text '21054' and expected text '21054' are matched 

2024-02-06 17:25:03 - [MESSAGE][PASSED] - Actual text '21054' and expected text '21054' are matched 

2024-02-06 17:25:03 - [TEST_STEP][PASSED] - city = getAttribute(findTestObject("Object Repository/RAD_Pages/PaymentEntry_Page/input_billingCity"), "value"): Attribute 'value' of object 'Object Repository/RAD_Pages/PaymentEntry_Page/input_billingCity' is: 'GAMBRILLS'

2024-02-06 17:25:03 - [MESSAGE][PASSED] - Attribute 'value' of object 'Object Repository/RAD_Pages/PaymentEntry_Page/input_billingCity' is: 'GAMBRILLS'

2024-02-06 17:25:03 - [TEST_STEP][PASSED] - verifyMatch("GAMBRILLS", city, false): Actual text 'GAMBRILLS' and expected text 'GAMBRILLS' are matched 

2024-02-06 17:25:03 - [MESSAGE][PASSED] - Actual text 'GAMBRILLS' and expected text 'GAMBRILLS' are matched 

2024-02-06 17:25:03 - [TEST_STEP][PASSED] - email = getAttribute(findTestObject("Object Repository/RAD_Pages/PaymentEntry_Page/input_emailAddress"), "value"): Attribute 'value' of object 'Object Repository/RAD_Pages/PaymentEntry_Page/input_emailAddress' is: 'iahmed@govolution.com'

2024-02-06 17:25:03 - [MESSAGE][PASSED] - Attribute 'value' of object 'Object Repository/RAD_Pages/PaymentEntry_Page/input_emailAddress' is: 'iahmed@govolution.com'

2024-02-06 17:25:03 - [TEST_STEP][PASSED] - verifyMatch("iahmed@govolution.com", email, false): Actual text 'iahmed@govolution.com' and expected text 'iahmed@govolution.com' are matched 

2024-02-06 17:25:03 - [MESSAGE][PASSED] - Actual text 'iahmed@govolution.com' and expected text 'iahmed@govolution.com' are matched 

2024-02-06 17:25:03 - [TEST_STEP][PASSED] - amount = getAttribute(findTestObject("Object Repository/RAD_Pages/PaymentEntry_Page/input_amount"), "value"): Attribute 'value' of object 'Object Repository/RAD_Pages/PaymentEntry_Page/input_amount' is: '100.00'

2024-02-06 17:25:04 - [MESSAGE][PASSED] - Attribute 'value' of object 'Object Repository/RAD_Pages/PaymentEntry_Page/input_amount' is: '100.00'

2024-02-06 17:25:04 - [TEST_STEP][PASSED] - verifyMatch("100.00", amount, false): Actual text '100.00' and expected text '100.00' are matched 

2024-02-06 17:25:04 - [MESSAGE][PASSED] - Actual text '100.00' and expected text '100.00' are matched 

2024-02-06 17:25:04 - [TEST_STEP][PASSED] - amountReadOnly = getAttribute(findTestObject("Object Repository/RAD_Pages/PaymentEntry_Page/input_amount"), "readonly"): Attribute 'readonly' of object 'Object Repository/RAD_Pages/PaymentEntry_Page/input_amount' is: 'true'

2024-02-06 17:25:04 - [MESSAGE][PASSED] - Attribute 'readonly' of object 'Object Repository/RAD_Pages/PaymentEntry_Page/input_amount' is: 'true'

2024-02-06 17:25:04 - [TEST_STEP][PASSED] - verifyMatch("true", amountReadOnly, false): Actual text 'true' and expected text 'true' are matched 

2024-02-06 17:25:04 - [MESSAGE][PASSED] - Actual text 'true' and expected text 'true' are matched 

2024-02-06 17:25:04 - [TEST_STEP][PASSED] - verifyOptionSelectedByLabel(findTestObject("Object Repository/RAD_Pages/PaymentEntry_Page/select_Country"), "United States", false, 20): All options with label 'United States' are selected in object 'Object Repository/RAD_Pages/PaymentEntry_Page/select_Country' 

2024-02-06 17:25:05 - [MESSAGE][PASSED] - All options with label 'United States' are selected in object 'Object Repository/RAD_Pages/PaymentEntry_Page/select_Country' 

2024-02-06 17:25:05 - [TEST_STEP][PASSED] - verifyOptionSelectedByLabel(findTestObject("Object Repository/RAD_Pages/PaymentEntry_Page/select_State"), "Maryland", false, 20): All options with label 'Maryland' are selected in object 'Object Repository/RAD_Pages/PaymentEntry_Page/select_State' 

2024-02-06 17:25:08 - [MESSAGE][PASSED] - All options with label 'Maryland' are selected in object 'Object Repository/RAD_Pages/PaymentEntry_Page/select_State' 

2024-02-06 17:25:08 - [TEST_STEP][PASSED] - setText(findTestObject(orPath_PaymentEntry + "/input__cardNumber"), "4111111111111111"): Text '4111111111111111' is set on object 'Object Repository/RAD_Pages/PaymentEntry_Page/input__cardNumber'

2024-02-06 17:25:08 - [MESSAGE][PASSED] - Text '4111111111111111' is set on object 'Object Repository/RAD_Pages/PaymentEntry_Page/input__cardNumber'

2024-02-06 17:25:08 - [TEST_STEP][PASSED] - setText(findTestObject(orPath_PaymentEntry + "/input__spc"), "123"): Text '123' is set on object 'Object Repository/RAD_Pages/PaymentEntry_Page/input__spc'

2024-02-06 17:25:09 - [MESSAGE][PASSED] - Text '123' is set on object 'Object Repository/RAD_Pages/PaymentEntry_Page/input__spc'

2024-02-06 17:25:09 - [TEST_STEP][PASSED] - selectOptionByLabel(findTestObject(orPath_PaymentEntry + "/select_MM"), "12", false): All options with label '12' are selected in object 'Object Repository/RAD_Pages/PaymentEntry_Page/select_MM' 

2024-02-06 17:25:10 - [MESSAGE][PASSED] - All options with label '12' are selected in object 'Object Repository/RAD_Pages/PaymentEntry_Page/select_MM' 

2024-02-06 17:25:10 - [TEST_STEP][PASSED] - selectOptionByLabel(findTestObject(orPath_PaymentEntry + "/select_YYYY"), "2028", false): All options with label '2028' are selected in object 'Object Repository/RAD_Pages/PaymentEntry_Page/select_YYYY' 

2024-02-06 17:25:11 - [MESSAGE][PASSED] - All options with label '2028' are selected in object 'Object Repository/RAD_Pages/PaymentEntry_Page/select_YYYY' 

2024-02-06 17:25:11 - [TEST_STEP][PASSED] - click(findTestObject(orPath_PaymentEntry + "/input_Field_ccSubmit")): Object: 'Object Repository/RAD_Pages/PaymentEntry_Page/input_Field_ccSubmit' is clicked on

2024-02-06 17:25:12 - [MESSAGE][PASSED] - Object: 'Object Repository/RAD_Pages/PaymentEntry_Page/input_Field_ccSubmit' is clicked on

2024-02-06 17:25:12 - [TEST_STEP][PASSED] - click(findTestObject(orPath_PaymentConfirmation + "/input_N_confirmNotifyAction")): Object: 'Object Repository/RAD_Pages/PaymentConfirmation_Page/input_N_confirmNotifyAction' is clicked on

2024-02-06 17:25:12 - [MESSAGE][PASSED] - Object: 'Object Repository/RAD_Pages/PaymentConfirmation_Page/input_N_confirmNotifyAction' is clicked on

2024-02-06 17:25:12 - [TEST_STEP][PASSED] - verifyTextPresent("Service Fee Acceptance", true): Text 'Service Fee Acceptance' is present on page  using regular expression

2024-02-06 17:25:13 - [MESSAGE][PASSED] - Text 'Service Fee Acceptance' is present on page  using regular expression

2024-02-06 17:25:13 - [TEST_STEP][PASSED] - verifyTextPresent("This transaction is subject to a Service Fee of ", true): Text 'This transaction is subject to a Service Fee of ' is present on page  using regular expression

2024-02-06 17:25:13 - [MESSAGE][PASSED] - Text 'This transaction is subject to a Service Fee of ' is present on page  using regular expression

2024-02-06 17:25:13 - [TEST_STEP][PASSED] - verifyTextPresent("Payment Amount:", true): Text 'Payment Amount:' is present on page  using regular expression

2024-02-06 17:25:14 - [MESSAGE][PASSED] - Text 'Payment Amount:' is present on page  using regular expression

2024-02-06 17:25:14 - [TEST_STEP][PASSED] - verifyTextPresent("100.00", true): Text '100.00' is present on page  using regular expression

2024-02-06 17:25:14 - [MESSAGE][PASSED] - Text '100.00' is present on page  using regular expression

2024-02-06 17:25:14 - [TEST_STEP][PASSED] - verifyTextPresent("Service Fee:", true): Text 'Service Fee:' is present on page  using regular expression

2024-02-06 17:25:14 - [MESSAGE][PASSED] - Text 'Service Fee:' is present on page  using regular expression

2024-02-06 17:25:14 - [TEST_STEP][PASSED] - verifyTextPresent("2.45", true): Text '2.45' is present on page  using regular expression

2024-02-06 17:25:14 - [MESSAGE][PASSED] - Text '2.45' is present on page  using regular expression

2024-02-06 17:25:14 - [TEST_STEP][PASSED] - verifyTextPresent("Total Amount:", true): Text 'Total Amount:' is present on page  using regular expression

2024-02-06 17:25:15 - [MESSAGE][PASSED] - Text 'Total Amount:' is present on page  using regular expression

2024-02-06 17:25:15 - [TEST_STEP][PASSED] - verifyTextPresent("102.45", true): Text '102.45' is present on page  using regular expression

2024-02-06 17:25:15 - [MESSAGE][PASSED] - Text '102.45' is present on page  using regular expression

2024-02-06 17:25:15 - [TEST_STEP][PASSED] - verifyTextPresent("Two transactions will appear on your bank statement, one in the amount of", true): Text 'Two transactions will appear on your bank statement, one in the amount of' is present on page  using regular expression

2024-02-06 17:25:15 - [MESSAGE][PASSED] - Text 'Two transactions will appear on your bank statement, one in the amount of' is present on page  using regular expression

2024-02-06 17:25:15 - [TEST_STEP][PASSED] - if (verifyElementPresent(findTestObject(orPath_ServiceFeesAccept + "/input_convFeeNotifyAction"), 30)): null

2024-02-06 17:25:16 - [MESSAGE][PASSED] - Object 'Object Repository/RAD_Pages/ServiceFeeAccept_Page/input_convFeeNotifyAction' is present

2024-02-06 17:25:16 - [TEST_STEP][PASSED] - resText = "Pass": null

2024-02-06 17:25:16 - [TEST_STEP][PASSED] - pages.WriteExcel.demoKey(resText, datText, resColumn, datCloumn, fileLoc, nameSheet, row): pages.WriteExcel.demoKey is PASSED

2024-02-06 17:25:16 - [MESSAGE][PASSED] - pages.WriteExcel.demoKey is PASSED

2024-02-06 17:25:16 - [TEST_STEP][PASSED] - if (execProfile == "QAProfile" || execProfile == "QA2Profile"): Text 'Successful Payment Receipt' is present on page  using regular expression

2024-02-06 17:25:16 - [TEST_STEP][PASSED] - click(findTestObject(orPath_ServiceFeesAccept + "/input_convFeeNotifyAction")): Object: 'Object Repository/RAD_Pages/ServiceFeeAccept_Page/input_convFeeNotifyAction' is clicked on

2024-02-06 17:25:17 - [MESSAGE][PASSED] - Object: 'Object Repository/RAD_Pages/ServiceFeeAccept_Page/input_convFeeNotifyAction' is clicked on

2024-02-06 17:25:17 - [TEST_STEP][PASSED] - delay(10): Delayed 10 second(s)

2024-02-06 17:25:27 - [MESSAGE][PASSED] - Delayed 10 second(s)

2024-02-06 17:25:27 - [TEST_STEP][PASSED] - verifyTextPresent("Successful Payment Receipt", true): Text 'Successful Payment Receipt' is present on page  using regular expression

2024-02-06 17:25:27 - [MESSAGE][PASSED] - Text 'Successful Payment Receipt' is present on page  using regular expression

2024-02-06 17:25:27 - [TEST_STEP][PASSED] - ExecuteTC = findTestData(dataFile).getValue("Execute", row): null

2024-02-06 17:25:27 - [TEST_STEP][PASSED] - TaxType = findTestData(dataFile).getValue("TaxType", row): null

2024-02-06 17:25:27 - [TEST_STEP][PASSED] - PaymentType = findTestData(dataFile).getValue("PaymentType", row): null

2024-02-06 17:25:27 - [TEST_STEP][PASSED] - FilingYear = findTestData(dataFile).getValue("Year", row): null

2024-02-06 17:25:27 - [TEST_STEP][PASSED] - feinSSN = findTestData(dataFile).getValue("FeinSsn", row): null

2024-02-06 17:25:27 - [TEST_STEP][PASSED] - if (ExecuteTC.equalsIgnoreCase("Y")): null

2024-02-06 17:25:27 - [TEST_STEP][PASSED] - out.println("Begin Record Number: " + row): null

2024-02-06 17:25:27 - [TEST_STEP][PASSED] - today = new java.util.Date(): null

2024-02-06 17:25:27 - [TEST_STEP][PASSED] - println(today): null

2024-02-06 17:25:27 - [TEST_STEP][PASSED] - datText = today: null

2024-02-06 17:25:27 - [TEST_STEP][PASSED] - logInfo("Payment Type: New Tax Return Amount Due"): Payment Type: New Tax Return Amount Due

2024-02-06 17:25:27 - [MESSAGE][INFO] - Payment Type: New Tax Return Amount Due

2024-02-06 17:25:27 - [TEST_STEP][PASSED] - logInfo("Tax Type: " + TaxType): Tax Type: Withholding Tax

2024-02-06 17:25:27 - [MESSAGE][INFO] - Tax Type: Withholding Tax

2024-02-06 17:25:27 - [TEST_STEP][PASSED] - openBrowser(""): Browser is opened with url: ''

2024-02-06 17:25:27 - [MESSAGE][WARNING] - A browser is already opened. Closing browser and opening a new one

2024-02-06 17:25:28 - [MESSAGE][INFO] - Starting 'Chrome' driver

2024-02-06 17:25:28 - [MESSAGE][INFO] - User set preference: ['acceptInsecureCerts', 'true']

2024-02-06 17:25:28 - [MESSAGE][INFO] - Action delay is set to 0 milliseconds

2024-02-06 17:25:30 - [MESSAGE][PASSED] - Browser is opened with url: ''

2024-02-06 17:25:30 - [TEST_STEP][PASSED] - maximizeWindow(): Current window maximized

2024-02-06 17:25:30 - [MESSAGE][PASSED] - Current window maximized

2024-02-06 17:25:30 - [TEST_STEP][PASSED] - navigateToUrl(RADurl): Navigate to 'https://qa2.velocitypayment.com/client/rad/index.html' successfully

2024-02-06 17:25:32 - [MESSAGE][PASSED] - Navigate to 'https://qa2.velocitypayment.com/client/rad/index.html' successfully

2024-02-06 17:25:32 - [TEST_STEP][PASSED] - selectOptionByLabel(findTestObject(orPath_Landing + "/dd_TaxType"), "New Tax Return Amount Due", false): All options with label 'New Tax Return Amount Due' are selected in object 'Object Repository/RAD_Pages/Landing_Page/dd_TaxType' 

2024-02-06 17:25:33 - [MESSAGE][PASSED] - All options with label 'New Tax Return Amount Due' are selected in object 'Object Repository/RAD_Pages/Landing_Page/dd_TaxType' 

2024-02-06 17:25:33 - [TEST_STEP][PASSED] - selectOptionByLabel(findTestObject("Object Repository/RAD_Pages/Landing_Page/select_NewTaxReturnAmountDue_TaxType"), TaxType, false): All options with label 'Withholding Tax' are selected in object 'Object Repository/RAD_Pages/Landing_Page/select_NewTaxReturnAmountDue_TaxType' 

2024-02-06 17:25:33 - [MESSAGE][PASSED] - All options with label 'Withholding Tax' are selected in object 'Object Repository/RAD_Pages/Landing_Page/select_NewTaxReturnAmountDue_TaxType' 

2024-02-06 17:25:33 - [TEST_STEP][PASSED] - selectOptionByLabel(findTestObject(orPath_TaxTypeFilingYear + "/select_FilingYear"), FilingYear, false): All options with label '2021' are selected in object 'Object Repository/RAD_Pages/TaxTypeFilingYear_Page/select_FilingYear' 

2024-02-06 17:25:34 - [MESSAGE][PASSED] - All options with label '2021' are selected in object 'Object Repository/RAD_Pages/TaxTypeFilingYear_Page/select_FilingYear' 

2024-02-06 17:25:34 - [TEST_STEP][PASSED] - rad.getSetDataRAD.setDataRADBusinessName(): rad.getSetDataRAD.setDataRADBusinessName is PASSED

2024-02-06 17:25:35 - [MESSAGE][PASSED] - Text 'My Company' is set on object 'Object Repository/RAD_Pages/Taxpayer_Page/input_businessName'

2024-02-06 17:25:35 - [MESSAGE][PASSED] - rad.getSetDataRAD.setDataRADBusinessName is PASSED

2024-02-06 17:25:35 - [TEST_STEP][PASSED] - rad.getSetDataRAD.setDataRADBusinessRep(): rad.getSetDataRAD.setDataRADBusinessRep is PASSED

2024-02-06 17:25:36 - [MESSAGE][PASSED] - Text 'BusRepFname' is set on object 'Object Repository/RAD_Pages/Taxpayer_Page/input_BusinessRepfirstName'

2024-02-06 17:25:36 - [MESSAGE][PASSED] - Text '' is set on object 'Object Repository/RAD_Pages/Taxpayer_Page/input_BusinessRepmiddleName'

2024-02-06 17:25:37 - [MESSAGE][PASSED] - Text 'BusRepLname' is set on object 'Object Repository/RAD_Pages/Taxpayer_Page/input_BusinessReplastName'

2024-02-06 17:25:38 - [MESSAGE][PASSED] - Text '' is set on object 'Object Repository/RAD_Pages/Taxpayer_Page/input_BusinessRepsuffix'

2024-02-06 17:25:38 - [MESSAGE][PASSED] - rad.getSetDataRAD.setDataRADBusinessRep is PASSED

2024-02-06 17:25:38 - [TEST_STEP][PASSED] - rad.getSetDataRAD.setDataRADAddress(): rad.getSetDataRAD.setDataRADAddress is PASSED

2024-02-06 17:25:38 - [MESSAGE][PASSED] - All options with label 'United States' are selected in object 'Object Repository/RAD_Pages/AddressAndContactInfo_Page/select_Country' 

2024-02-06 17:25:39 - [MESSAGE][PASSED] - Text '2508 Mandan Terrace' is set on object 'Object Repository/RAD_Pages/AddressAndContactInfo_Page/input_streetAddress1'

2024-02-06 17:25:40 - [MESSAGE][PASSED] - Text '' is set on object 'Object Repository/RAD_Pages/AddressAndContactInfo_Page/input_streetAddress2'

2024-02-06 17:25:41 - [MESSAGE][PASSED] - Text 'Gambrills' is set on object 'Object Repository/RAD_Pages/AddressAndContactInfo_Page/input_city'

2024-02-06 17:25:41 - [MESSAGE][PASSED] - All options with label 'Maryland' are selected in object 'Object Repository/RAD_Pages/AddressAndContactInfo_Page/select_State' 

2024-02-06 17:25:42 - [MESSAGE][PASSED] - Text '21054' is set on object 'Object Repository/RAD_Pages/AddressAndContactInfo_Page/input_zipCode'

2024-02-06 17:25:43 - [MESSAGE][PASSED] - Text '(703) 894-5000' is set on object 'Object Repository/RAD_Pages/AddressAndContactInfo_Page/input_phoneNumber'

2024-02-06 17:25:44 - [MESSAGE][PASSED] - Text 'iahmed@govolution.com' is set on object 'Object Repository/RAD_Pages/AddressAndContactInfo_Page/input_eMailAddress'

2024-02-06 17:25:44 - [MESSAGE][PASSED] - Text 'iahmed@govolution.com' is set on object 'Object Repository/RAD_Pages/AddressAndContactInfo_Page/input_reEnterEMailAddress'

2024-02-06 17:25:44 - [MESSAGE][PASSED] - rad.getSetDataRAD.setDataRADAddress is PASSED

2024-02-06 17:25:44 - [TEST_STEP][PASSED] - if (feinSSN.equalsIgnoreCase("Y")): null

2024-02-06 17:25:44 - [TEST_STEP][PASSED] - else: rad.getSetDataRAD.setDataRADFEIN is PASSED

2024-02-06 17:25:44 - [TEST_STEP][PASSED] - if (!(TaxType.equalsIgnoreCase("Estate Tax"))): rad.getSetDataRAD.setDataRADFEIN is PASSED

2024-02-06 17:25:44 - [TEST_STEP][PASSED] - rad.getSetDataRAD.setDataRADFEIN(): rad.getSetDataRAD.setDataRADFEIN is PASSED

2024-02-06 17:25:45 - [MESSAGE][PASSED] - Text ****** has been set on object 'Object Repository/RAD_Pages/TaxInfo_Page/input_FederalEIN'

2024-02-06 17:25:46 - [MESSAGE][PASSED] - Text ****** has been set on object 'Object Repository/RAD_Pages/TaxInfo_Page/input_FederalEIN_ReEnter'

2024-02-06 17:25:46 - [MESSAGE][PASSED] - rad.getSetDataRAD.setDataRADFEIN is PASSED

2024-02-06 17:25:46 - [TEST_STEP][PASSED] - if (TaxType.equalsIgnoreCase("Estate Tax")): null

2024-02-06 17:25:46 - [TEST_STEP][PASSED] - setText(findTestObject(orPath_Amount + "/input__paymentAmount"), "100.00"): Text '100.00' is set on object 'Object Repository/RAD_Pages/PaymentAmount_Page/input__paymentAmount'

2024-02-06 17:25:46 - [MESSAGE][PASSED] - Text '100.00' is set on object 'Object Repository/RAD_Pages/PaymentAmount_Page/input__paymentAmount'

2024-02-06 17:25:46 - [TEST_STEP][PASSED] - setText(findTestObject(orPath_AddressContact + "/input_streetAddress2"), ""): Text '' is set on object 'Object Repository/RAD_Pages/AddressAndContactInfo_Page/input_streetAddress2'

2024-02-06 17:25:47 - [MESSAGE][PASSED] - Text '' is set on object 'Object Repository/RAD_Pages/AddressAndContactInfo_Page/input_streetAddress2'

2024-02-06 17:25:47 - [TEST_STEP][PASSED] - scrollToElement(findTestObject(orPath_Landing + "/button_Continue"), 3): Scroll to object 'Object Repository/RAD_Pages/Landing_Page/button_Continue' successfully

2024-02-06 17:25:48 - [MESSAGE][PASSED] - Scroll to object 'Object Repository/RAD_Pages/Landing_Page/button_Continue' successfully

2024-02-06 17:25:48 - [TEST_STEP][PASSED] - waitForElementClickable(findTestObject(orPath_Landing + "/button_Continue"), 5): Object 'Object Repository/RAD_Pages/Landing_Page/button_Continue' is clickable

2024-02-06 17:25:48 - [MESSAGE][PASSED] - Object 'Object Repository/RAD_Pages/Landing_Page/button_Continue' is clickable

2024-02-06 17:25:48 - [TEST_STEP][PASSED] - click(findTestObject(orPath_Landing + "/button_Continue")): Object: 'Object Repository/RAD_Pages/Landing_Page/button_Continue' is clicked on

2024-02-06 17:25:48 - [MESSAGE][PASSED] - Object: 'Object Repository/RAD_Pages/Landing_Page/button_Continue' is clicked on

2024-02-06 17:25:48 - [TEST_STEP][PASSED] - delay(2): Delayed 2 second(s)

2024-02-06 17:25:50 - [MESSAGE][PASSED] - Delayed 2 second(s)

2024-02-06 17:25:50 - [TEST_STEP][PASSED] - click(findTestObject(orPath_Summary + "/button_Proceed to Payment")): Object: 'Object Repository/RAD_Pages/Summary_Page/button_Proceed to Payment' is clicked on

2024-02-06 17:25:52 - [MESSAGE][PASSED] - Object: 'Object Repository/RAD_Pages/Summary_Page/button_Proceed to Payment' is clicked on

2024-02-06 17:25:52 - [TEST_STEP][PASSED] - if (verifyElementPresent(findTestObject("Object Repository/RAD_Pages/PaymentEntry_Page/input__billingName"), 30)): null

2024-02-06 17:25:52 - [MESSAGE][PASSED] - Object 'Object Repository/RAD_Pages/PaymentEntry_Page/input__billingName' is present

2024-02-06 17:25:52 - [TEST_STEP][PASSED] - verifyTextPresent("Comptroller of Maryland", true): Text 'Comptroller of Maryland' is present on page  using regular expression

2024-02-06 17:25:52 - [MESSAGE][PASSED] - Text 'Comptroller of Maryland' is present on page  using regular expression

2024-02-06 17:25:52 - [TEST_STEP][PASSED] - verifyTextPresent("Revenue Administration Division", true): Text 'Revenue Administration Division' is present on page  using regular expression

2024-02-06 17:25:53 - [MESSAGE][PASSED] - Text 'Revenue Administration Division' is present on page  using regular expression

2024-02-06 17:25:53 - [TEST_STEP][PASSED] - verifyTextPresent("Payment Information", true): Text 'Payment Information' is present on page  using regular expression

2024-02-06 17:25:53 - [MESSAGE][PASSED] - Text 'Payment Information' is present on page  using regular expression

2024-02-06 17:25:53 - [TEST_STEP][PASSED] - card_Name = getAttribute(findTestObject("Object Repository/RAD_Pages/PaymentEntry_Page/input__billingName"), "value"): Attribute 'value' of object 'Object Repository/RAD_Pages/PaymentEntry_Page/input__billingName' is: 'BusRepFname BusRepLname'

2024-02-06 17:25:53 - [MESSAGE][PASSED] - Attribute 'value' of object 'Object Repository/RAD_Pages/PaymentEntry_Page/input__billingName' is: 'BusRepFname BusRepLname'

2024-02-06 17:25:53 - [TEST_STEP][PASSED] - verifyMatch("BusRepFname BusRepLname", card_Name, false): Actual text 'BusRepFname BusRepLname' and expected text 'BusRepFname BusRepLname' are matched 

2024-02-06 17:25:53 - [MESSAGE][PASSED] - Actual text 'BusRepFname BusRepLname' and expected text 'BusRepFname BusRepLname' are matched 

2024-02-06 17:25:53 - [TEST_STEP][PASSED] - AL1 = getAttribute(findTestObject("Object Repository/RAD_Pages/PaymentEntry_Page/input_billingAddress"), "value"): Attribute 'value' of object 'Object Repository/RAD_Pages/PaymentEntry_Page/input_billingAddress' is: '2508 Mandan Terrace'

2024-02-06 17:25:54 - [MESSAGE][PASSED] - Attribute 'value' of object 'Object Repository/RAD_Pages/PaymentEntry_Page/input_billingAddress' is: '2508 Mandan Terrace'

2024-02-06 17:25:54 - [TEST_STEP][PASSED] - verifyMatch("2508 Mandan Terrace", AL1, false): Actual text '2508 Mandan Terrace' and expected text '2508 Mandan Terrace' are matched 

2024-02-06 17:25:54 - [MESSAGE][PASSED] - Actual text '2508 Mandan Terrace' and expected text '2508 Mandan Terrace' are matched 

2024-02-06 17:25:54 - [TEST_STEP][PASSED] - AL2 = getAttribute(findTestObject("Object Repository/RAD_Pages/PaymentEntry_Page/input_billingAddress2"), "value"): Attribute 'value' of object 'Object Repository/RAD_Pages/PaymentEntry_Page/input_billingAddress2' is: ''

2024-02-06 17:25:54 - [MESSAGE][PASSED] - Attribute 'value' of object 'Object Repository/RAD_Pages/PaymentEntry_Page/input_billingAddress2' is: ''

2024-02-06 17:25:54 - [TEST_STEP][PASSED] - verifyMatch("", AL2, false): Actual text '' and expected text '' are matched 

2024-02-06 17:25:54 - [MESSAGE][PASSED] - Actual text '' and expected text '' are matched 

2024-02-06 17:25:54 - [TEST_STEP][PASSED] - zipCode = getAttribute(findTestObject("Object Repository/RAD_Pages/PaymentEntry_Page/input_billingZip"), "value"): Attribute 'value' of object 'Object Repository/RAD_Pages/PaymentEntry_Page/input_billingZip' is: '21054'

2024-02-06 17:25:55 - [MESSAGE][PASSED] - Attribute 'value' of object 'Object Repository/RAD_Pages/PaymentEntry_Page/input_billingZip' is: '21054'

2024-02-06 17:25:55 - [TEST_STEP][PASSED] - verifyMatch("21054", zipCode, false): Actual text '21054' and expected text '21054' are matched 

2024-02-06 17:25:55 - [MESSAGE][PASSED] - Actual text '21054' and expected text '21054' are matched 

2024-02-06 17:25:55 - [TEST_STEP][PASSED] - city = getAttribute(findTestObject("Object Repository/RAD_Pages/PaymentEntry_Page/input_billingCity"), "value"): Attribute 'value' of object 'Object Repository/RAD_Pages/PaymentEntry_Page/input_billingCity' is: 'GAMBRILLS'

2024-02-06 17:25:55 - [MESSAGE][PASSED] - Attribute 'value' of object 'Object Repository/RAD_Pages/PaymentEntry_Page/input_billingCity' is: 'GAMBRILLS'

2024-02-06 17:25:55 - [TEST_STEP][PASSED] - verifyMatch("GAMBRILLS", city, false): Actual text 'GAMBRILLS' and expected text 'GAMBRILLS' are matched 

2024-02-06 17:25:55 - [MESSAGE][PASSED] - Actual text 'GAMBRILLS' and expected text 'GAMBRILLS' are matched 

2024-02-06 17:25:55 - [TEST_STEP][PASSED] - email = getAttribute(findTestObject("Object Repository/RAD_Pages/PaymentEntry_Page/input_emailAddress"), "value"): Attribute 'value' of object 'Object Repository/RAD_Pages/PaymentEntry_Page/input_emailAddress' is: 'iahmed@govolution.com'

2024-02-06 17:25:55 - [MESSAGE][PASSED] - Attribute 'value' of object 'Object Repository/RAD_Pages/PaymentEntry_Page/input_emailAddress' is: 'iahmed@govolution.com'

2024-02-06 17:25:55 - [TEST_STEP][PASSED] - verifyMatch("iahmed@govolution.com", email, false): Actual text 'iahmed@govolution.com' and expected text 'iahmed@govolution.com' are matched 

2024-02-06 17:25:55 - [MESSAGE][PASSED] - Actual text 'iahmed@govolution.com' and expected text 'iahmed@govolution.com' are matched 

2024-02-06 17:25:55 - [TEST_STEP][PASSED] - amount = getAttribute(findTestObject("Object Repository/RAD_Pages/PaymentEntry_Page/input_amount"), "value"): Attribute 'value' of object 'Object Repository/RAD_Pages/PaymentEntry_Page/input_amount' is: '100.00'

2024-02-06 17:25:56 - [MESSAGE][PASSED] - Attribute 'value' of object 'Object Repository/RAD_Pages/PaymentEntry_Page/input_amount' is: '100.00'

2024-02-06 17:25:56 - [TEST_STEP][PASSED] - verifyMatch("100.00", amount, false): Actual text '100.00' and expected text '100.00' are matched 

2024-02-06 17:25:56 - [MESSAGE][PASSED] - Actual text '100.00' and expected text '100.00' are matched 

2024-02-06 17:25:56 - [TEST_STEP][PASSED] - amountReadOnly = getAttribute(findTestObject("Object Repository/RAD_Pages/PaymentEntry_Page/input_amount"), "readonly"): Attribute 'readonly' of object 'Object Repository/RAD_Pages/PaymentEntry_Page/input_amount' is: 'true'

2024-02-06 17:25:56 - [MESSAGE][PASSED] - Attribute 'readonly' of object 'Object Repository/RAD_Pages/PaymentEntry_Page/input_amount' is: 'true'

2024-02-06 17:25:56 - [TEST_STEP][PASSED] - verifyMatch("true", amountReadOnly, false): Actual text 'true' and expected text 'true' are matched 

2024-02-06 17:25:56 - [MESSAGE][PASSED] - Actual text 'true' and expected text 'true' are matched 

2024-02-06 17:25:56 - [TEST_STEP][PASSED] - verifyOptionSelectedByLabel(findTestObject("Object Repository/RAD_Pages/PaymentEntry_Page/select_Country"), "United States", false, 20): All options with label 'United States' are selected in object 'Object Repository/RAD_Pages/PaymentEntry_Page/select_Country' 

2024-02-06 17:25:57 - [MESSAGE][PASSED] - All options with label 'United States' are selected in object 'Object Repository/RAD_Pages/PaymentEntry_Page/select_Country' 

2024-02-06 17:25:57 - [TEST_STEP][PASSED] - verifyOptionSelectedByLabel(findTestObject("Object Repository/RAD_Pages/PaymentEntry_Page/select_State"), "Maryland", false, 20): All options with label 'Maryland' are selected in object 'Object Repository/RAD_Pages/PaymentEntry_Page/select_State' 

2024-02-06 17:26:00 - [MESSAGE][PASSED] - All options with label 'Maryland' are selected in object 'Object Repository/RAD_Pages/PaymentEntry_Page/select_State' 

2024-02-06 17:26:00 - [TEST_STEP][PASSED] - setText(findTestObject(orPath_PaymentEntry + "/input__cardNumber"), "4111111111111111"): Text '4111111111111111' is set on object 'Object Repository/RAD_Pages/PaymentEntry_Page/input__cardNumber'

2024-02-06 17:26:00 - [MESSAGE][PASSED] - Text '4111111111111111' is set on object 'Object Repository/RAD_Pages/PaymentEntry_Page/input__cardNumber'

2024-02-06 17:26:00 - [TEST_STEP][PASSED] - setText(findTestObject(orPath_PaymentEntry + "/input__spc"), "123"): Text '123' is set on object 'Object Repository/RAD_Pages/PaymentEntry_Page/input__spc'

2024-02-06 17:26:01 - [MESSAGE][PASSED] - Text '123' is set on object 'Object Repository/RAD_Pages/PaymentEntry_Page/input__spc'

2024-02-06 17:26:01 - [TEST_STEP][PASSED] - selectOptionByLabel(findTestObject(orPath_PaymentEntry + "/select_MM"), "12", false): All options with label '12' are selected in object 'Object Repository/RAD_Pages/PaymentEntry_Page/select_MM' 

2024-02-06 17:26:02 - [MESSAGE][PASSED] - All options with label '12' are selected in object 'Object Repository/RAD_Pages/PaymentEntry_Page/select_MM' 

2024-02-06 17:26:02 - [TEST_STEP][PASSED] - selectOptionByLabel(findTestObject(orPath_PaymentEntry + "/select_YYYY"), "2028", false): All options with label '2028' are selected in object 'Object Repository/RAD_Pages/PaymentEntry_Page/select_YYYY' 

2024-02-06 17:26:02 - [MESSAGE][PASSED] - All options with label '2028' are selected in object 'Object Repository/RAD_Pages/PaymentEntry_Page/select_YYYY' 

2024-02-06 17:26:02 - [TEST_STEP][PASSED] - click(findTestObject(orPath_PaymentEntry + "/input_Field_ccSubmit")): Object: 'Object Repository/RAD_Pages/PaymentEntry_Page/input_Field_ccSubmit' is clicked on

2024-02-06 17:26:03 - [MESSAGE][PASSED] - Object: 'Object Repository/RAD_Pages/PaymentEntry_Page/input_Field_ccSubmit' is clicked on

2024-02-06 17:26:03 - [TEST_STEP][PASSED] - click(findTestObject(orPath_PaymentConfirmation + "/input_N_confirmNotifyAction")): Object: 'Object Repository/RAD_Pages/PaymentConfirmation_Page/input_N_confirmNotifyAction' is clicked on

2024-02-06 17:26:04 - [MESSAGE][PASSED] - Object: 'Object Repository/RAD_Pages/PaymentConfirmation_Page/input_N_confirmNotifyAction' is clicked on

2024-02-06 17:26:04 - [TEST_STEP][PASSED] - verifyTextPresent("Service Fee Acceptance", true): Text 'Service Fee Acceptance' is present on page  using regular expression

2024-02-06 17:26:05 - [MESSAGE][PASSED] - Text 'Service Fee Acceptance' is present on page  using regular expression

2024-02-06 17:26:05 - [TEST_STEP][PASSED] - verifyTextPresent("This transaction is subject to a Service Fee of ", true): Text 'This transaction is subject to a Service Fee of ' is present on page  using regular expression

2024-02-06 17:26:05 - [MESSAGE][PASSED] - Text 'This transaction is subject to a Service Fee of ' is present on page  using regular expression

2024-02-06 17:26:05 - [TEST_STEP][PASSED] - verifyTextPresent("Payment Amount:", true): Text 'Payment Amount:' is present on page  using regular expression

2024-02-06 17:26:06 - [MESSAGE][PASSED] - Text 'Payment Amount:' is present on page  using regular expression

2024-02-06 17:26:06 - [TEST_STEP][PASSED] - verifyTextPresent("100.00", true): Text '100.00' is present on page  using regular expression

2024-02-06 17:26:06 - [MESSAGE][PASSED] - Text '100.00' is present on page  using regular expression

2024-02-06 17:26:06 - [TEST_STEP][PASSED] - verifyTextPresent("Service Fee:", true): Text 'Service Fee:' is present on page  using regular expression

2024-02-06 17:26:06 - [MESSAGE][PASSED] - Text 'Service Fee:' is present on page  using regular expression

2024-02-06 17:26:06 - [TEST_STEP][PASSED] - verifyTextPresent("2.45", true): Text '2.45' is present on page  using regular expression

2024-02-06 17:26:07 - [MESSAGE][PASSED] - Text '2.45' is present on page  using regular expression

2024-02-06 17:26:07 - [TEST_STEP][PASSED] - verifyTextPresent("Total Amount:", true): Text 'Total Amount:' is present on page  using regular expression

2024-02-06 17:26:07 - [MESSAGE][PASSED] - Text 'Total Amount:' is present on page  using regular expression

2024-02-06 17:26:07 - [TEST_STEP][PASSED] - verifyTextPresent("102.45", true): Text '102.45' is present on page  using regular expression

2024-02-06 17:26:07 - [MESSAGE][PASSED] - Text '102.45' is present on page  using regular expression

2024-02-06 17:26:07 - [TEST_STEP][PASSED] - verifyTextPresent("Two transactions will appear on your bank statement, one in the amount of", true): Text 'Two transactions will appear on your bank statement, one in the amount of' is present on page  using regular expression

2024-02-06 17:26:07 - [MESSAGE][PASSED] - Text 'Two transactions will appear on your bank statement, one in the amount of' is present on page  using regular expression

2024-02-06 17:26:07 - [TEST_STEP][PASSED] - if (verifyElementPresent(findTestObject(orPath_ServiceFeesAccept + "/input_convFeeNotifyAction"), 30)): null

2024-02-06 17:26:08 - [MESSAGE][PASSED] - Object 'Object Repository/RAD_Pages/ServiceFeeAccept_Page/input_convFeeNotifyAction' is present

2024-02-06 17:26:08 - [TEST_STEP][PASSED] - resText = "Pass": null

2024-02-06 17:26:08 - [TEST_STEP][PASSED] - pages.WriteExcel.demoKey(resText, datText, resColumn, datCloumn, fileLoc, nameSheet, row): pages.WriteExcel.demoKey is PASSED

2024-02-06 17:26:08 - [MESSAGE][PASSED] - pages.WriteExcel.demoKey is PASSED

2024-02-06 17:26:08 - [TEST_STEP][PASSED] - if (execProfile == "QAProfile" || execProfile == "QA2Profile"): Text 'Successful Payment Receipt' is present on page  using regular expression

2024-02-06 17:26:08 - [TEST_STEP][PASSED] - click(findTestObject(orPath_ServiceFeesAccept + "/input_convFeeNotifyAction")): Object: 'Object Repository/RAD_Pages/ServiceFeeAccept_Page/input_convFeeNotifyAction' is clicked on

2024-02-06 17:26:09 - [MESSAGE][PASSED] - Object: 'Object Repository/RAD_Pages/ServiceFeeAccept_Page/input_convFeeNotifyAction' is clicked on

2024-02-06 17:26:09 - [TEST_STEP][PASSED] - delay(10): Delayed 10 second(s)

2024-02-06 17:26:19 - [MESSAGE][PASSED] - Delayed 10 second(s)

2024-02-06 17:26:19 - [TEST_STEP][PASSED] - verifyTextPresent("Successful Payment Receipt", true): Text 'Successful Payment Receipt' is present on page  using regular expression

2024-02-06 17:26:19 - [MESSAGE][PASSED] - Text 'Successful Payment Receipt' is present on page  using regular expression]]></system-out>
         <system-err><![CDATA[]]></system-err>
      </testcase>
      <testcase name="Test Cases/RAD_TestCases/BeforePayments_TestCases/Personal_EL_BeforePayments_TC" time="103.418" classname="Test Cases/RAD_TestCases/BeforePayments_TestCases/Personal_EL_BeforePayments_TC" status="PASSED">
         <system-out><![CDATA[2024-02-06 17:26:19 - [TEST_CASE][PASSED] - Test Cases/RAD_TestCases/BeforePayments_TestCases/Personal_EL_BeforePayments_TC: Test Cases/RAD_TestCases/BeforePayments_TestCases/Personal_EL_BeforePayments_TC

2024-02-06 17:26:20 - [TEST_STEP][PASSED] - resText = "Fail": null

2024-02-06 17:26:20 - [TEST_STEP][PASSED] - resColumn = "Result": null

2024-02-06 17:26:20 - [TEST_STEP][PASSED] - datCloumn = "Date": null

2024-02-06 17:26:20 - [TEST_STEP][PASSED] - fileLoc = "KatalonData/RADTestData/BeforePayments.xlsx": null

2024-02-06 17:26:20 - [TEST_STEP][PASSED] - nameSheet = "Personal_EL": null

2024-02-06 17:26:20 - [TEST_STEP][PASSED] - dataFile = "RADTestData/BeforePayments_Personal_EL": null

2024-02-06 17:26:20 - [TEST_STEP][PASSED] - orPath_Landing = "Object Repository/RAD_Pages/Landing_Page": null

2024-02-06 17:26:20 - [TEST_STEP][PASSED] - orPath_TaxTypeFilingYear = "Object Repository/RAD_Pages/TaxTypeFilingYear_Page": null

2024-02-06 17:26:20 - [TEST_STEP][PASSED] - orPath_Amount = "Object Repository/RAD_Pages/PaymentAmount_Page": null

2024-02-06 17:26:20 - [TEST_STEP][PASSED] - orPath_AddressContact = "Object Repository/RAD_Pages/AddressAndContactInfo_Page": null

2024-02-06 17:26:20 - [TEST_STEP][PASSED] - orPath_Summary = "Object Repository/RAD_Pages/Summary_Page": null

2024-02-06 17:26:20 - [TEST_STEP][PASSED] - orPath_PaymentConfirmation = "Object Repository/RAD_Pages/PaymentConfirmation_Page": null

2024-02-06 17:26:20 - [TEST_STEP][PASSED] - orPath_ServiceFeesAccept = "Object Repository/RAD_Pages/ServiceFeeAccept_Page": null

2024-02-06 17:26:20 - [TEST_STEP][PASSED] - orPath_PaymentEntry = "Object Repository/RAD_Pages/PaymentEntry_Page": null

2024-02-06 17:26:20 - [TEST_STEP][PASSED] - ExecuteTC = <not implemented yet for class: org.codehaus.groovy.ast.expr.EmptyExpression>: null

2024-02-06 17:26:20 - [TEST_STEP][PASSED] - TaxType = <not implemented yet for class: org.codehaus.groovy.ast.expr.EmptyExpression>: null

2024-02-06 17:26:20 - [TEST_STEP][PASSED] - PaymentType = <not implemented yet for class: org.codehaus.groovy.ast.expr.EmptyExpression>: null

2024-02-06 17:26:20 - [TEST_STEP][PASSED] - FilingYear = <not implemented yet for class: org.codehaus.groovy.ast.expr.EmptyExpression>: null

2024-02-06 17:26:20 - [TEST_STEP][PASSED] - PeriodEndingMonth = <not implemented yet for class: org.codehaus.groovy.ast.expr.EmptyExpression>: null

2024-02-06 17:26:20 - [TEST_STEP][PASSED] - executionProfile = getExecutionProfile(): null

2024-02-06 17:26:20 - [TEST_STEP][PASSED] - execProfile = getExecutionProfile(): null

2024-02-06 17:26:20 - [TEST_STEP][PASSED] - numOfRows = findTestData(dataFile).getRowNumbers(): null

2024-02-06 17:26:20 - [TEST_STEP][PASSED] - println("Number of Records: " + numOfRows): null

2024-02-06 17:26:20 - [TEST_STEP][PASSED] - for ([row = 1, row <= numOfRows, (row++)]): null

2024-02-06 17:26:20 - [TEST_STEP][PASSED] - ExecuteTC = findTestData(dataFile).getValue("Execute", row): null

2024-02-06 17:26:20 - [TEST_STEP][PASSED] - TaxType = findTestData(dataFile).getValue("TaxType", row): null

2024-02-06 17:26:20 - [TEST_STEP][PASSED] - PaymentType = findTestData(dataFile).getValue("PaymentType", row): null

2024-02-06 17:26:20 - [TEST_STEP][PASSED] - if (ExecuteTC.equalsIgnoreCase("Y")): null

2024-02-06 17:26:20 - [TEST_STEP][PASSED] - out.println("Begin Record Number: " + row): null

2024-02-06 17:26:20 - [TEST_STEP][PASSED] - today = new java.util.Date(): null

2024-02-06 17:26:20 - [TEST_STEP][PASSED] - println(today): null

2024-02-06 17:26:20 - [TEST_STEP][PASSED] - datText = today: null

2024-02-06 17:26:20 - [TEST_STEP][PASSED] - logInfo("Payment Type: " + PaymentType): Payment Type: Existing Liability w/Notice Number

2024-02-06 17:26:20 - [MESSAGE][INFO] - Payment Type: Existing Liability w/Notice Number

2024-02-06 17:26:20 - [TEST_STEP][PASSED] - logInfo("Tax Type: " + TaxType): Tax Type: Personal Income Tax

2024-02-06 17:26:20 - [MESSAGE][INFO] - Tax Type: Personal Income Tax

2024-02-06 17:26:20 - [TEST_STEP][PASSED] - openBrowser(""): Browser is opened with url: ''

2024-02-06 17:26:20 - [MESSAGE][WARNING] - A browser is already opened. Closing browser and opening a new one

2024-02-06 17:26:21 - [MESSAGE][INFO] - Starting 'Chrome' driver

2024-02-06 17:26:21 - [MESSAGE][INFO] - User set preference: ['acceptInsecureCerts', 'true']

2024-02-06 17:26:21 - [MESSAGE][INFO] - Action delay is set to 0 milliseconds

2024-02-06 17:26:23 - [MESSAGE][PASSED] - Browser is opened with url: ''

2024-02-06 17:26:23 - [TEST_STEP][PASSED] - maximizeWindow(): Current window maximized

2024-02-06 17:26:23 - [MESSAGE][PASSED] - Current window maximized

2024-02-06 17:26:23 - [TEST_STEP][PASSED] - navigateToUrl(RADurl): Navigate to 'https://qa2.velocitypayment.com/client/rad/index.html' successfully

2024-02-06 17:26:24 - [MESSAGE][PASSED] - Navigate to 'https://qa2.velocitypayment.com/client/rad/index.html' successfully

2024-02-06 17:26:24 - [TEST_STEP][PASSED] - selectOptionByLabel(findTestObject(orPath_Landing + "/dd_TaxType"), PaymentType, false): All options with label 'Existing Liability w/Notice Number' are selected in object 'Object Repository/RAD_Pages/Landing_Page/dd_TaxType' 

2024-02-06 17:26:25 - [MESSAGE][PASSED] - All options with label 'Existing Liability w/Notice Number' are selected in object 'Object Repository/RAD_Pages/Landing_Page/dd_TaxType' 

2024-02-06 17:26:25 - [TEST_STEP][PASSED] - selectOptionByLabel(findTestObject(orPath_TaxTypeFilingYear + "/select_TaxType_ExistingLiability"), TaxType, false): All options with label 'Personal Income Tax' are selected in object 'Object Repository/RAD_Pages/TaxTypeFilingYear_Page/select_TaxType_ExistingLiability' 

2024-02-06 17:26:26 - [MESSAGE][PASSED] - All options with label 'Personal Income Tax' are selected in object 'Object Repository/RAD_Pages/TaxTypeFilingYear_Page/select_TaxType_ExistingLiability' 

2024-02-06 17:26:26 - [TEST_STEP][PASSED] - rad.getSetDataRAD.setDataRADNameOnly(): rad.getSetDataRAD.setDataRADNameOnly is PASSED

2024-02-06 17:26:27 - [MESSAGE][PASSED] - Text 'Jimmy' is set on object 'Object Repository/RAD_Pages/Taxpayer_Page/input_firstName'

2024-02-06 17:26:28 - [MESSAGE][PASSED] - Text 'Anderson' is set on object 'Object Repository/RAD_Pages/Taxpayer_Page/input_lastName'

2024-02-06 17:26:28 - [MESSAGE][PASSED] - rad.getSetDataRAD.setDataRADNameOnly is PASSED

2024-02-06 17:26:28 - [TEST_STEP][PASSED] - rad.getSetDataRAD.setDataRADAddress(): rad.getSetDataRAD.setDataRADAddress is PASSED

2024-02-06 17:26:29 - [MESSAGE][PASSED] - All options with label 'United States' are selected in object 'Object Repository/RAD_Pages/AddressAndContactInfo_Page/select_Country' 

2024-02-06 17:26:29 - [MESSAGE][PASSED] - Text '2508 Mandan Terrace' is set on object 'Object Repository/RAD_Pages/AddressAndContactInfo_Page/input_streetAddress1'

2024-02-06 17:26:30 - [MESSAGE][PASSED] - Text '' is set on object 'Object Repository/RAD_Pages/AddressAndContactInfo_Page/input_streetAddress2'

2024-02-06 17:26:31 - [MESSAGE][PASSED] - Text 'Gambrills' is set on object 'Object Repository/RAD_Pages/AddressAndContactInfo_Page/input_city'

2024-02-06 17:26:31 - [MESSAGE][PASSED] - All options with label 'Maryland' are selected in object 'Object Repository/RAD_Pages/AddressAndContactInfo_Page/select_State' 

2024-02-06 17:26:32 - [MESSAGE][PASSED] - Text '21054' is set on object 'Object Repository/RAD_Pages/AddressAndContactInfo_Page/input_zipCode'

2024-02-06 17:26:33 - [MESSAGE][PASSED] - Text '(703) 894-5000' is set on object 'Object Repository/RAD_Pages/AddressAndContactInfo_Page/input_phoneNumber'

2024-02-06 17:26:34 - [MESSAGE][PASSED] - Text 'iahmed@govolution.com' is set on object 'Object Repository/RAD_Pages/AddressAndContactInfo_Page/input_eMailAddress'

2024-02-06 17:26:35 - [MESSAGE][PASSED] - Text 'iahmed@govolution.com' is set on object 'Object Repository/RAD_Pages/AddressAndContactInfo_Page/input_reEnterEMailAddress'

2024-02-06 17:26:35 - [MESSAGE][PASSED] - rad.getSetDataRAD.setDataRADAddress is PASSED

2024-02-06 17:26:35 - [TEST_STEP][PASSED] - if (TaxType.equalsIgnoreCase("Estate Tax")): null

2024-02-06 17:26:35 - [TEST_STEP][PASSED] - else: rad.getSetDataRAD.setDataRADELSSN is PASSED

2024-02-06 17:26:35 - [TEST_STEP][PASSED] - rad.getSetDataRAD.setDataRADELSSN(): rad.getSetDataRAD.setDataRADELSSN is PASSED

2024-02-06 17:26:35 - [MESSAGE][PASSED] - Text '123451234' is set on object 'Object Repository/RAD_Pages/TaxInfo_Page/input_TaxInfo_ExisitingSSN'

2024-02-06 17:26:36 - [MESSAGE][PASSED] - Text '123451234' is set on object 'Object Repository/RAD_Pages/TaxInfo_Page/input_TaxInfo_reTaxTypeExisitingSSN'

2024-02-06 17:26:36 - [MESSAGE][PASSED] - rad.getSetDataRAD.setDataRADELSSN is PASSED

2024-02-06 17:26:36 - [TEST_STEP][PASSED] - rad.getSetDataRAD.setDataRADNoticeInvoiceThirteen(): rad.getSetDataRAD.setDataRADNoticeInvoiceThirteen is PASSED

2024-02-06 17:26:37 - [MESSAGE][PASSED] - Text '1234567890123' is set on object 'Object Repository/RAD_Pages/TaxInfo_Page/input_NoticeInvoiceNumber'

2024-02-06 17:26:38 - [MESSAGE][PASSED] - Text '1234567890123' is set on object 'Object Repository/RAD_Pages/TaxInfo_Page/input_reTypeNoticeInvoiceNumber'

2024-02-06 17:26:38 - [MESSAGE][PASSED] - rad.getSetDataRAD.setDataRADNoticeInvoiceThirteen is PASSED

2024-02-06 17:26:38 - [TEST_STEP][PASSED] - setText(findTestObject(orPath_Amount + "/input__paymentAmount"), "10.00"): Text '10.00' is set on object 'Object Repository/RAD_Pages/PaymentAmount_Page/input__paymentAmount'

2024-02-06 17:26:39 - [MESSAGE][PASSED] - Text '10.00' is set on object 'Object Repository/RAD_Pages/PaymentAmount_Page/input__paymentAmount'

2024-02-06 17:26:39 - [TEST_STEP][PASSED] - setText(findTestObject(orPath_AddressContact + "/input_streetAddress2"), ""): Text '' is set on object 'Object Repository/RAD_Pages/AddressAndContactInfo_Page/input_streetAddress2'

2024-02-06 17:26:40 - [MESSAGE][PASSED] - Text '' is set on object 'Object Repository/RAD_Pages/AddressAndContactInfo_Page/input_streetAddress2'

2024-02-06 17:26:40 - [TEST_STEP][PASSED] - scrollToElement(findTestObject(orPath_Landing + "/button_Continue"), 3): Scroll to object 'Object Repository/RAD_Pages/Landing_Page/button_Continue' successfully

2024-02-06 17:26:40 - [MESSAGE][PASSED] - Scroll to object 'Object Repository/RAD_Pages/Landing_Page/button_Continue' successfully

2024-02-06 17:26:40 - [TEST_STEP][PASSED] - waitForElementClickable(findTestObject(orPath_Landing + "/button_Continue"), 5): Object 'Object Repository/RAD_Pages/Landing_Page/button_Continue' is clickable

2024-02-06 17:26:40 - [MESSAGE][PASSED] - Object 'Object Repository/RAD_Pages/Landing_Page/button_Continue' is clickable

2024-02-06 17:26:40 - [TEST_STEP][PASSED] - click(findTestObject(orPath_Landing + "/button_Continue")): Object: 'Object Repository/RAD_Pages/Landing_Page/button_Continue' is clicked on

2024-02-06 17:26:41 - [MESSAGE][PASSED] - Object: 'Object Repository/RAD_Pages/Landing_Page/button_Continue' is clicked on

2024-02-06 17:26:41 - [TEST_STEP][PASSED] - delay(2): Delayed 2 second(s)

2024-02-06 17:26:43 - [MESSAGE][PASSED] - Delayed 2 second(s)

2024-02-06 17:26:43 - [TEST_STEP][PASSED] - click(findTestObject(orPath_Summary + "/button_Proceed to Payment")): Object: 'Object Repository/RAD_Pages/Summary_Page/button_Proceed to Payment' is clicked on

2024-02-06 17:26:44 - [MESSAGE][PASSED] - Object: 'Object Repository/RAD_Pages/Summary_Page/button_Proceed to Payment' is clicked on

2024-02-06 17:26:44 - [TEST_STEP][PASSED] - if (verifyElementPresent(findTestObject("Object Repository/RAD_Pages/PaymentEntry_Page/input__billingName"), 30)): null

2024-02-06 17:26:45 - [MESSAGE][PASSED] - Object 'Object Repository/RAD_Pages/PaymentEntry_Page/input__billingName' is present

2024-02-06 17:26:45 - [TEST_STEP][PASSED] - verifyTextPresent("Comptroller of Maryland", true): Text 'Comptroller of Maryland' is present on page  using regular expression

2024-02-06 17:26:45 - [MESSAGE][PASSED] - Text 'Comptroller of Maryland' is present on page  using regular expression

2024-02-06 17:26:45 - [TEST_STEP][PASSED] - verifyTextPresent("Payment Information", true): Text 'Payment Information' is present on page  using regular expression

2024-02-06 17:26:45 - [MESSAGE][PASSED] - Text 'Payment Information' is present on page  using regular expression

2024-02-06 17:26:45 - [TEST_STEP][PASSED] - card_Name = getAttribute(findTestObject("Object Repository/RAD_Pages/PaymentEntry_Page/input__billingName"), "value"): Attribute 'value' of object 'Object Repository/RAD_Pages/PaymentEntry_Page/input__billingName' is: 'Jimmy Anderson'

2024-02-06 17:26:46 - [MESSAGE][PASSED] - Attribute 'value' of object 'Object Repository/RAD_Pages/PaymentEntry_Page/input__billingName' is: 'Jimmy Anderson'

2024-02-06 17:26:46 - [TEST_STEP][PASSED] - switch (executionProfile): null

2024-02-06 17:26:46 - [TEST_STEP][PASSED] - case "QA2Profile":: null

2024-02-06 17:26:46 - [TEST_STEP][PASSED] - verifyMatch("Jimmy Anderson", card_Name, false): Actual text 'Jimmy Anderson' and expected text 'Jimmy Anderson' are matched 

2024-02-06 17:26:46 - [MESSAGE][PASSED] - Actual text 'Jimmy Anderson' and expected text 'Jimmy Anderson' are matched 

2024-02-06 17:26:46 - [TEST_STEP][PASSED] - break: null

2024-02-06 17:26:46 - [TEST_STEP][PASSED] - AL1 = getAttribute(findTestObject("Object Repository/RAD_Pages/PaymentEntry_Page/input_billingAddress"), "value"): Attribute 'value' of object 'Object Repository/RAD_Pages/PaymentEntry_Page/input_billingAddress' is: '2508 Mandan Terrace'

2024-02-06 17:26:46 - [MESSAGE][PASSED] - Attribute 'value' of object 'Object Repository/RAD_Pages/PaymentEntry_Page/input_billingAddress' is: '2508 Mandan Terrace'

2024-02-06 17:26:46 - [TEST_STEP][PASSED] - verifyMatch("2508 Mandan Terrace", AL1, false): Actual text '2508 Mandan Terrace' and expected text '2508 Mandan Terrace' are matched 

2024-02-06 17:26:46 - [MESSAGE][PASSED] - Actual text '2508 Mandan Terrace' and expected text '2508 Mandan Terrace' are matched 

2024-02-06 17:26:46 - [TEST_STEP][PASSED] - AL2 = getAttribute(findTestObject("Object Repository/RAD_Pages/PaymentEntry_Page/input_billingAddress2"), "value"): Attribute 'value' of object 'Object Repository/RAD_Pages/PaymentEntry_Page/input_billingAddress2' is: ''

2024-02-06 17:26:47 - [MESSAGE][PASSED] - Attribute 'value' of object 'Object Repository/RAD_Pages/PaymentEntry_Page/input_billingAddress2' is: ''

2024-02-06 17:26:47 - [TEST_STEP][PASSED] - verifyMatch("", AL2, false): Actual text '' and expected text '' are matched 

2024-02-06 17:26:47 - [MESSAGE][PASSED] - Actual text '' and expected text '' are matched 

2024-02-06 17:26:47 - [TEST_STEP][PASSED] - zipCode = getAttribute(findTestObject("Object Repository/RAD_Pages/PaymentEntry_Page/input_billingZip"), "value"): Attribute 'value' of object 'Object Repository/RAD_Pages/PaymentEntry_Page/input_billingZip' is: '21054'

2024-02-06 17:26:47 - [MESSAGE][PASSED] - Attribute 'value' of object 'Object Repository/RAD_Pages/PaymentEntry_Page/input_billingZip' is: '21054'

2024-02-06 17:26:47 - [TEST_STEP][PASSED] - verifyMatch("21054", zipCode, false): Actual text '21054' and expected text '21054' are matched 

2024-02-06 17:26:47 - [MESSAGE][PASSED] - Actual text '21054' and expected text '21054' are matched 

2024-02-06 17:26:47 - [TEST_STEP][PASSED] - city = getAttribute(findTestObject("Object Repository/RAD_Pages/PaymentEntry_Page/input_billingCity"), "value"): Attribute 'value' of object 'Object Repository/RAD_Pages/PaymentEntry_Page/input_billingCity' is: 'GAMBRILLS'

2024-02-06 17:26:47 - [MESSAGE][PASSED] - Attribute 'value' of object 'Object Repository/RAD_Pages/PaymentEntry_Page/input_billingCity' is: 'GAMBRILLS'

2024-02-06 17:26:47 - [TEST_STEP][PASSED] - verifyMatch("GAMBRILLS", city, false): Actual text 'GAMBRILLS' and expected text 'GAMBRILLS' are matched 

2024-02-06 17:26:47 - [MESSAGE][PASSED] - Actual text 'GAMBRILLS' and expected text 'GAMBRILLS' are matched 

2024-02-06 17:26:47 - [TEST_STEP][PASSED] - email = getAttribute(findTestObject("Object Repository/RAD_Pages/PaymentEntry_Page/input_emailAddress"), "value"): Attribute 'value' of object 'Object Repository/RAD_Pages/PaymentEntry_Page/input_emailAddress' is: 'iahmed@govolution.com'

2024-02-06 17:26:48 - [MESSAGE][PASSED] - Attribute 'value' of object 'Object Repository/RAD_Pages/PaymentEntry_Page/input_emailAddress' is: 'iahmed@govolution.com'

2024-02-06 17:26:48 - [TEST_STEP][PASSED] - verifyMatch("iahmed@govolution.com", email, false): Actual text 'iahmed@govolution.com' and expected text 'iahmed@govolution.com' are matched 

2024-02-06 17:26:48 - [MESSAGE][PASSED] - Actual text 'iahmed@govolution.com' and expected text 'iahmed@govolution.com' are matched 

2024-02-06 17:26:48 - [TEST_STEP][PASSED] - amount = getAttribute(findTestObject("Object Repository/RAD_Pages/PaymentEntry_Page/input_amount"), "value"): Attribute 'value' of object 'Object Repository/RAD_Pages/PaymentEntry_Page/input_amount' is: '10.00'

2024-02-06 17:26:48 - [MESSAGE][PASSED] - Attribute 'value' of object 'Object Repository/RAD_Pages/PaymentEntry_Page/input_amount' is: '10.00'

2024-02-06 17:26:48 - [TEST_STEP][PASSED] - verifyMatch("10.00", amount, false): Actual text '10.00' and expected text '10.00' are matched 

2024-02-06 17:26:48 - [MESSAGE][PASSED] - Actual text '10.00' and expected text '10.00' are matched 

2024-02-06 17:26:48 - [TEST_STEP][PASSED] - amountReadOnly = getAttribute(findTestObject("Object Repository/RAD_Pages/PaymentEntry_Page/input_amount"), "readonly"): Attribute 'readonly' of object 'Object Repository/RAD_Pages/PaymentEntry_Page/input_amount' is: 'true'

2024-02-06 17:26:48 - [MESSAGE][PASSED] - Attribute 'readonly' of object 'Object Repository/RAD_Pages/PaymentEntry_Page/input_amount' is: 'true'

2024-02-06 17:26:48 - [TEST_STEP][PASSED] - verifyMatch("true", amountReadOnly, false): Actual text 'true' and expected text 'true' are matched 

2024-02-06 17:26:48 - [MESSAGE][PASSED] - Actual text 'true' and expected text 'true' are matched 

2024-02-06 17:26:48 - [TEST_STEP][PASSED] - verifyOptionSelectedByLabel(findTestObject("Object Repository/RAD_Pages/PaymentEntry_Page/select_Country"), "United States", false, 20): All options with label 'United States' are selected in object 'Object Repository/RAD_Pages/PaymentEntry_Page/select_Country' 

2024-02-06 17:26:49 - [MESSAGE][PASSED] - All options with label 'United States' are selected in object 'Object Repository/RAD_Pages/PaymentEntry_Page/select_Country' 

2024-02-06 17:26:49 - [TEST_STEP][PASSED] - verifyOptionSelectedByLabel(findTestObject("Object Repository/RAD_Pages/PaymentEntry_Page/select_State"), "Maryland", false, 20): All options with label 'Maryland' are selected in object 'Object Repository/RAD_Pages/PaymentEntry_Page/select_State' 

2024-02-06 17:26:52 - [MESSAGE][PASSED] - All options with label 'Maryland' are selected in object 'Object Repository/RAD_Pages/PaymentEntry_Page/select_State' 

2024-02-06 17:26:52 - [TEST_STEP][PASSED] - setText(findTestObject(orPath_PaymentEntry + "/input__cardNumber"), "4111111111111111"): Text '4111111111111111' is set on object 'Object Repository/RAD_Pages/PaymentEntry_Page/input__cardNumber'

2024-02-06 17:26:53 - [MESSAGE][PASSED] - Text '4111111111111111' is set on object 'Object Repository/RAD_Pages/PaymentEntry_Page/input__cardNumber'

2024-02-06 17:26:53 - [TEST_STEP][PASSED] - setText(findTestObject(orPath_PaymentEntry + "/input__spc"), "123"): Text '123' is set on object 'Object Repository/RAD_Pages/PaymentEntry_Page/input__spc'

2024-02-06 17:26:54 - [MESSAGE][PASSED] - Text '123' is set on object 'Object Repository/RAD_Pages/PaymentEntry_Page/input__spc'

2024-02-06 17:26:54 - [TEST_STEP][PASSED] - selectOptionByLabel(findTestObject(orPath_PaymentEntry + "/select_MM"), "12", false): All options with label '12' are selected in object 'Object Repository/RAD_Pages/PaymentEntry_Page/select_MM' 

2024-02-06 17:26:54 - [MESSAGE][PASSED] - All options with label '12' are selected in object 'Object Repository/RAD_Pages/PaymentEntry_Page/select_MM' 

2024-02-06 17:26:54 - [TEST_STEP][PASSED] - selectOptionByLabel(findTestObject(orPath_PaymentEntry + "/select_YYYY"), "2028", false): All options with label '2028' are selected in object 'Object Repository/RAD_Pages/PaymentEntry_Page/select_YYYY' 

2024-02-06 17:26:55 - [MESSAGE][PASSED] - All options with label '2028' are selected in object 'Object Repository/RAD_Pages/PaymentEntry_Page/select_YYYY' 

2024-02-06 17:26:55 - [TEST_STEP][PASSED] - click(findTestObject(orPath_PaymentEntry + "/input_Field_ccSubmit")): Object: 'Object Repository/RAD_Pages/PaymentEntry_Page/input_Field_ccSubmit' is clicked on

2024-02-06 17:26:56 - [MESSAGE][PASSED] - Object: 'Object Repository/RAD_Pages/PaymentEntry_Page/input_Field_ccSubmit' is clicked on

2024-02-06 17:26:56 - [TEST_STEP][PASSED] - click(findTestObject(orPath_PaymentConfirmation + "/input_N_confirmNotifyAction")): Object: 'Object Repository/RAD_Pages/PaymentConfirmation_Page/input_N_confirmNotifyAction' is clicked on

2024-02-06 17:26:57 - [MESSAGE][PASSED] - Object: 'Object Repository/RAD_Pages/PaymentConfirmation_Page/input_N_confirmNotifyAction' is clicked on

2024-02-06 17:26:57 - [TEST_STEP][PASSED] - verifyTextPresent("Service Fee Acceptance", true): Text 'Service Fee Acceptance' is present on page  using regular expression

2024-02-06 17:26:57 - [MESSAGE][PASSED] - Text 'Service Fee Acceptance' is present on page  using regular expression

2024-02-06 17:26:57 - [TEST_STEP][PASSED] - verifyTextPresent("This transaction is subject to a Service Fee of ", true): Text 'This transaction is subject to a Service Fee of ' is present on page  using regular expression

2024-02-06 17:26:58 - [MESSAGE][PASSED] - Text 'This transaction is subject to a Service Fee of ' is present on page  using regular expression

2024-02-06 17:26:58 - [TEST_STEP][PASSED] - verifyTextPresent("Payment Amount:", true): Text 'Payment Amount:' is present on page  using regular expression

2024-02-06 17:26:58 - [MESSAGE][PASSED] - Text 'Payment Amount:' is present on page  using regular expression

2024-02-06 17:26:58 - [TEST_STEP][PASSED] - verifyTextPresent("10.00", true): Text '10.00' is present on page  using regular expression

2024-02-06 17:26:58 - [MESSAGE][PASSED] - Text '10.00' is present on page  using regular expression

2024-02-06 17:26:58 - [TEST_STEP][PASSED] - verifyTextPresent("Service Fee:", true): Text 'Service Fee:' is present on page  using regular expression

2024-02-06 17:26:59 - [MESSAGE][PASSED] - Text 'Service Fee:' is present on page  using regular expression

2024-02-06 17:26:59 - [TEST_STEP][PASSED] - verifyTextPresent("1.00", true): Text '1.00' is present on page  using regular expression

2024-02-06 17:26:59 - [MESSAGE][PASSED] - Text '1.00' is present on page  using regular expression

2024-02-06 17:26:59 - [TEST_STEP][PASSED] - verifyTextPresent("Total Amount:", true): Text 'Total Amount:' is present on page  using regular expression

2024-02-06 17:26:59 - [MESSAGE][PASSED] - Text 'Total Amount:' is present on page  using regular expression

2024-02-06 17:26:59 - [TEST_STEP][PASSED] - verifyTextPresent("11.00", true): Text '11.00' is present on page  using regular expression

2024-02-06 17:26:59 - [MESSAGE][PASSED] - Text '11.00' is present on page  using regular expression

2024-02-06 17:26:59 - [TEST_STEP][PASSED] - verifyTextPresent("Two transactions will appear on your bank statement, one in the amount of", true): Text 'Two transactions will appear on your bank statement, one in the amount of' is present on page  using regular expression

2024-02-06 17:27:00 - [MESSAGE][PASSED] - Text 'Two transactions will appear on your bank statement, one in the amount of' is present on page  using regular expression

2024-02-06 17:27:00 - [TEST_STEP][PASSED] - if (verifyElementPresent(findTestObject(orPath_ServiceFeesAccept + "/input_convFeeNotifyAction"), 30)): null

2024-02-06 17:27:00 - [MESSAGE][PASSED] - Object 'Object Repository/RAD_Pages/ServiceFeeAccept_Page/input_convFeeNotifyAction' is present

2024-02-06 17:27:00 - [TEST_STEP][PASSED] - resText = "Pass": null

2024-02-06 17:27:00 - [TEST_STEP][PASSED] - pages.WriteExcel.demoKey(resText, datText, resColumn, datCloumn, fileLoc, nameSheet, row): pages.WriteExcel.demoKey is PASSED

2024-02-06 17:27:00 - [MESSAGE][PASSED] - pages.WriteExcel.demoKey is PASSED

2024-02-06 17:27:00 - [TEST_STEP][PASSED] - if (execProfile == "QAProfile" || execProfile == "QA2Profile"): Text 'Successful Payment Receipt' is present on page  using regular expression

2024-02-06 17:27:00 - [TEST_STEP][PASSED] - click(findTestObject(orPath_ServiceFeesAccept + "/input_convFeeNotifyAction")): Object: 'Object Repository/RAD_Pages/ServiceFeeAccept_Page/input_convFeeNotifyAction' is clicked on

2024-02-06 17:27:01 - [MESSAGE][PASSED] - Object: 'Object Repository/RAD_Pages/ServiceFeeAccept_Page/input_convFeeNotifyAction' is clicked on

2024-02-06 17:27:01 - [TEST_STEP][PASSED] - delay(10): Delayed 10 second(s)

2024-02-06 17:27:11 - [MESSAGE][PASSED] - Delayed 10 second(s)

2024-02-06 17:27:11 - [TEST_STEP][PASSED] - verifyTextPresent("Successful Payment Receipt", true): Text 'Successful Payment Receipt' is present on page  using regular expression

2024-02-06 17:27:11 - [MESSAGE][PASSED] - Text 'Successful Payment Receipt' is present on page  using regular expression

2024-02-06 17:27:11 - [TEST_STEP][PASSED] - ExecuteTC = findTestData(dataFile).getValue("Execute", row): null

2024-02-06 17:27:11 - [TEST_STEP][PASSED] - TaxType = findTestData(dataFile).getValue("TaxType", row): null

2024-02-06 17:27:11 - [TEST_STEP][PASSED] - PaymentType = findTestData(dataFile).getValue("PaymentType", row): null

2024-02-06 17:27:11 - [TEST_STEP][PASSED] - if (ExecuteTC.equalsIgnoreCase("Y")): null

2024-02-06 17:27:11 - [TEST_STEP][PASSED] - out.println("Begin Record Number: " + row): null

2024-02-06 17:27:11 - [TEST_STEP][PASSED] - today = new java.util.Date(): null

2024-02-06 17:27:11 - [TEST_STEP][PASSED] - println(today): null

2024-02-06 17:27:11 - [TEST_STEP][PASSED] - datText = today: null

2024-02-06 17:27:11 - [TEST_STEP][PASSED] - logInfo("Payment Type: " + PaymentType): Payment Type: Existing Liability w/Notice Number

2024-02-06 17:27:11 - [MESSAGE][INFO] - Payment Type: Existing Liability w/Notice Number

2024-02-06 17:27:11 - [TEST_STEP][PASSED] - logInfo("Tax Type: " + TaxType): Tax Type: Estate Tax

2024-02-06 17:27:11 - [MESSAGE][INFO] - Tax Type: Estate Tax

2024-02-06 17:27:11 - [TEST_STEP][PASSED] - openBrowser(""): Browser is opened with url: ''

2024-02-06 17:27:11 - [MESSAGE][WARNING] - A browser is already opened. Closing browser and opening a new one

2024-02-06 17:27:13 - [MESSAGE][INFO] - Starting 'Chrome' driver

2024-02-06 17:27:13 - [MESSAGE][INFO] - User set preference: ['acceptInsecureCerts', 'true']

2024-02-06 17:27:13 - [MESSAGE][INFO] - Action delay is set to 0 milliseconds

2024-02-06 17:27:14 - [MESSAGE][PASSED] - Browser is opened with url: ''

2024-02-06 17:27:14 - [TEST_STEP][PASSED] - maximizeWindow(): Current window maximized

2024-02-06 17:27:14 - [MESSAGE][PASSED] - Current window maximized

2024-02-06 17:27:14 - [TEST_STEP][PASSED] - navigateToUrl(RADurl): Navigate to 'https://qa2.velocitypayment.com/client/rad/index.html' successfully

2024-02-06 17:27:15 - [MESSAGE][PASSED] - Navigate to 'https://qa2.velocitypayment.com/client/rad/index.html' successfully

2024-02-06 17:27:15 - [TEST_STEP][PASSED] - selectOptionByLabel(findTestObject(orPath_Landing + "/dd_TaxType"), PaymentType, false): All options with label 'Existing Liability w/Notice Number' are selected in object 'Object Repository/RAD_Pages/Landing_Page/dd_TaxType' 

2024-02-06 17:27:17 - [MESSAGE][PASSED] - All options with label 'Existing Liability w/Notice Number' are selected in object 'Object Repository/RAD_Pages/Landing_Page/dd_TaxType' 

2024-02-06 17:27:17 - [TEST_STEP][PASSED] - selectOptionByLabel(findTestObject(orPath_TaxTypeFilingYear + "/select_TaxType_ExistingLiability"), TaxType, false): All options with label 'Estate Tax' are selected in object 'Object Repository/RAD_Pages/TaxTypeFilingYear_Page/select_TaxType_ExistingLiability' 

2024-02-06 17:27:17 - [MESSAGE][PASSED] - All options with label 'Estate Tax' are selected in object 'Object Repository/RAD_Pages/TaxTypeFilingYear_Page/select_TaxType_ExistingLiability' 

2024-02-06 17:27:17 - [TEST_STEP][PASSED] - rad.getSetDataRAD.setDataRADNameOnly(): rad.getSetDataRAD.setDataRADNameOnly is PASSED

2024-02-06 17:27:18 - [MESSAGE][PASSED] - Text 'Jimmy' is set on object 'Object Repository/RAD_Pages/Taxpayer_Page/input_firstName'

2024-02-06 17:27:19 - [MESSAGE][PASSED] - Text 'Anderson' is set on object 'Object Repository/RAD_Pages/Taxpayer_Page/input_lastName'

2024-02-06 17:27:19 - [MESSAGE][PASSED] - rad.getSetDataRAD.setDataRADNameOnly is PASSED

2024-02-06 17:27:19 - [TEST_STEP][PASSED] - rad.getSetDataRAD.setDataRADAddress(): rad.getSetDataRAD.setDataRADAddress is PASSED

2024-02-06 17:27:20 - [MESSAGE][PASSED] - All options with label 'United States' are selected in object 'Object Repository/RAD_Pages/AddressAndContactInfo_Page/select_Country' 

2024-02-06 17:27:21 - [MESSAGE][PASSED] - Text '2508 Mandan Terrace' is set on object 'Object Repository/RAD_Pages/AddressAndContactInfo_Page/input_streetAddress1'

2024-02-06 17:27:21 - [MESSAGE][PASSED] - Text '' is set on object 'Object Repository/RAD_Pages/AddressAndContactInfo_Page/input_streetAddress2'

2024-02-06 17:27:22 - [MESSAGE][PASSED] - Text 'Gambrills' is set on object 'Object Repository/RAD_Pages/AddressAndContactInfo_Page/input_city'

2024-02-06 17:27:23 - [MESSAGE][PASSED] - All options with label 'Maryland' are selected in object 'Object Repository/RAD_Pages/AddressAndContactInfo_Page/select_State' 

2024-02-06 17:27:23 - [MESSAGE][PASSED] - Text '21054' is set on object 'Object Repository/RAD_Pages/AddressAndContactInfo_Page/input_zipCode'

2024-02-06 17:27:24 - [MESSAGE][PASSED] - Text '(703) 894-5000' is set on object 'Object Repository/RAD_Pages/AddressAndContactInfo_Page/input_phoneNumber'

2024-02-06 17:27:25 - [MESSAGE][PASSED] - Text 'iahmed@govolution.com' is set on object 'Object Repository/RAD_Pages/AddressAndContactInfo_Page/input_eMailAddress'

2024-02-06 17:27:26 - [MESSAGE][PASSED] - Text 'iahmed@govolution.com' is set on object 'Object Repository/RAD_Pages/AddressAndContactInfo_Page/input_reEnterEMailAddress'

2024-02-06 17:27:26 - [MESSAGE][PASSED] - rad.getSetDataRAD.setDataRADAddress is PASSED

2024-02-06 17:27:26 - [TEST_STEP][PASSED] - if (TaxType.equalsIgnoreCase("Estate Tax")): rad.getSetDataRAD.setDataRADDecedentSSN is PASSED

2024-02-06 17:27:26 - [TEST_STEP][PASSED] - rad.getSetDataRAD.setDataRADDecedentSSN(): rad.getSetDataRAD.setDataRADDecedentSSN is PASSED

2024-02-06 17:27:27 - [MESSAGE][PASSED] - Text '123451234' is set on object 'Object Repository/RAD_Pages/TaxInfo_Page/input_DecedentSSN'

2024-02-06 17:27:27 - [MESSAGE][PASSED] - Text '123451234' is set on object 'Object Repository/RAD_Pages/TaxInfo_Page/input_ReTypeDecedentSSN'

2024-02-06 17:27:27 - [MESSAGE][PASSED] - rad.getSetDataRAD.setDataRADDecedentSSN is PASSED

2024-02-06 17:27:27 - [TEST_STEP][PASSED] - rad.getSetDataRAD.setDataRADNoticeInvoiceThirteen(): rad.getSetDataRAD.setDataRADNoticeInvoiceThirteen is PASSED

2024-02-06 17:27:28 - [MESSAGE][PASSED] - Text '1234567890123' is set on object 'Object Repository/RAD_Pages/TaxInfo_Page/input_NoticeInvoiceNumber'

2024-02-06 17:27:29 - [MESSAGE][PASSED] - Text '1234567890123' is set on object 'Object Repository/RAD_Pages/TaxInfo_Page/input_reTypeNoticeInvoiceNumber'

2024-02-06 17:27:29 - [MESSAGE][PASSED] - rad.getSetDataRAD.setDataRADNoticeInvoiceThirteen is PASSED

2024-02-06 17:27:29 - [TEST_STEP][PASSED] - setText(findTestObject(orPath_Amount + "/input__paymentAmount"), "10.00"): Text '10.00' is set on object 'Object Repository/RAD_Pages/PaymentAmount_Page/input__paymentAmount'

2024-02-06 17:27:30 - [MESSAGE][PASSED] - Text '10.00' is set on object 'Object Repository/RAD_Pages/PaymentAmount_Page/input__paymentAmount'

2024-02-06 17:27:30 - [TEST_STEP][PASSED] - setText(findTestObject(orPath_AddressContact + "/input_streetAddress2"), ""): Text '' is set on object 'Object Repository/RAD_Pages/AddressAndContactInfo_Page/input_streetAddress2'

2024-02-06 17:27:31 - [MESSAGE][PASSED] - Text '' is set on object 'Object Repository/RAD_Pages/AddressAndContactInfo_Page/input_streetAddress2'

2024-02-06 17:27:31 - [TEST_STEP][PASSED] - scrollToElement(findTestObject(orPath_Landing + "/button_Continue"), 3): Scroll to object 'Object Repository/RAD_Pages/Landing_Page/button_Continue' successfully

2024-02-06 17:27:32 - [MESSAGE][PASSED] - Scroll to object 'Object Repository/RAD_Pages/Landing_Page/button_Continue' successfully

2024-02-06 17:27:32 - [TEST_STEP][PASSED] - waitForElementClickable(findTestObject(orPath_Landing + "/button_Continue"), 5): Object 'Object Repository/RAD_Pages/Landing_Page/button_Continue' is clickable

2024-02-06 17:27:32 - [MESSAGE][PASSED] - Object 'Object Repository/RAD_Pages/Landing_Page/button_Continue' is clickable

2024-02-06 17:27:32 - [TEST_STEP][PASSED] - click(findTestObject(orPath_Landing + "/button_Continue")): Object: 'Object Repository/RAD_Pages/Landing_Page/button_Continue' is clicked on

2024-02-06 17:27:32 - [MESSAGE][PASSED] - Object: 'Object Repository/RAD_Pages/Landing_Page/button_Continue' is clicked on

2024-02-06 17:27:32 - [TEST_STEP][PASSED] - delay(2): Delayed 2 second(s)

2024-02-06 17:27:34 - [MESSAGE][PASSED] - Delayed 2 second(s)

2024-02-06 17:27:34 - [TEST_STEP][PASSED] - click(findTestObject(orPath_Summary + "/button_Proceed to Payment")): Object: 'Object Repository/RAD_Pages/Summary_Page/button_Proceed to Payment' is clicked on

2024-02-06 17:27:36 - [MESSAGE][PASSED] - Object: 'Object Repository/RAD_Pages/Summary_Page/button_Proceed to Payment' is clicked on

2024-02-06 17:27:36 - [TEST_STEP][PASSED] - if (verifyElementPresent(findTestObject("Object Repository/RAD_Pages/PaymentEntry_Page/input__billingName"), 30)): null

2024-02-06 17:27:36 - [MESSAGE][PASSED] - Object 'Object Repository/RAD_Pages/PaymentEntry_Page/input__billingName' is present

2024-02-06 17:27:36 - [TEST_STEP][PASSED] - verifyTextPresent("Comptroller of Maryland", true): Text 'Comptroller of Maryland' is present on page  using regular expression

2024-02-06 17:27:37 - [MESSAGE][PASSED] - Text 'Comptroller of Maryland' is present on page  using regular expression

2024-02-06 17:27:37 - [TEST_STEP][PASSED] - verifyTextPresent("Payment Information", true): Text 'Payment Information' is present on page  using regular expression

2024-02-06 17:27:37 - [MESSAGE][PASSED] - Text 'Payment Information' is present on page  using regular expression

2024-02-06 17:27:37 - [TEST_STEP][PASSED] - card_Name = getAttribute(findTestObject("Object Repository/RAD_Pages/PaymentEntry_Page/input__billingName"), "value"): Attribute 'value' of object 'Object Repository/RAD_Pages/PaymentEntry_Page/input__billingName' is: 'Jimmy Anderson'

2024-02-06 17:27:37 - [MESSAGE][PASSED] - Attribute 'value' of object 'Object Repository/RAD_Pages/PaymentEntry_Page/input__billingName' is: 'Jimmy Anderson'

2024-02-06 17:27:37 - [TEST_STEP][PASSED] - switch (executionProfile): null

2024-02-06 17:27:37 - [TEST_STEP][PASSED] - case "QA2Profile":: null

2024-02-06 17:27:37 - [TEST_STEP][PASSED] - verifyMatch("Jimmy Anderson", card_Name, false): Actual text 'Jimmy Anderson' and expected text 'Jimmy Anderson' are matched 

2024-02-06 17:27:37 - [MESSAGE][PASSED] - Actual text 'Jimmy Anderson' and expected text 'Jimmy Anderson' are matched 

2024-02-06 17:27:37 - [TEST_STEP][PASSED] - break: null

2024-02-06 17:27:37 - [TEST_STEP][PASSED] - AL1 = getAttribute(findTestObject("Object Repository/RAD_Pages/PaymentEntry_Page/input_billingAddress"), "value"): Attribute 'value' of object 'Object Repository/RAD_Pages/PaymentEntry_Page/input_billingAddress' is: '2508 Mandan Terrace'

2024-02-06 17:27:38 - [MESSAGE][PASSED] - Attribute 'value' of object 'Object Repository/RAD_Pages/PaymentEntry_Page/input_billingAddress' is: '2508 Mandan Terrace'

2024-02-06 17:27:38 - [TEST_STEP][PASSED] - verifyMatch("2508 Mandan Terrace", AL1, false): Actual text '2508 Mandan Terrace' and expected text '2508 Mandan Terrace' are matched 

2024-02-06 17:27:38 - [MESSAGE][PASSED] - Actual text '2508 Mandan Terrace' and expected text '2508 Mandan Terrace' are matched 

2024-02-06 17:27:38 - [TEST_STEP][PASSED] - AL2 = getAttribute(findTestObject("Object Repository/RAD_Pages/PaymentEntry_Page/input_billingAddress2"), "value"): Attribute 'value' of object 'Object Repository/RAD_Pages/PaymentEntry_Page/input_billingAddress2' is: ''

2024-02-06 17:27:38 - [MESSAGE][PASSED] - Attribute 'value' of object 'Object Repository/RAD_Pages/PaymentEntry_Page/input_billingAddress2' is: ''

2024-02-06 17:27:38 - [TEST_STEP][PASSED] - verifyMatch("", AL2, false): Actual text '' and expected text '' are matched 

2024-02-06 17:27:38 - [MESSAGE][PASSED] - Actual text '' and expected text '' are matched 

2024-02-06 17:27:38 - [TEST_STEP][PASSED] - zipCode = getAttribute(findTestObject("Object Repository/RAD_Pages/PaymentEntry_Page/input_billingZip"), "value"): Attribute 'value' of object 'Object Repository/RAD_Pages/PaymentEntry_Page/input_billingZip' is: '21054'

2024-02-06 17:27:38 - [MESSAGE][PASSED] - Attribute 'value' of object 'Object Repository/RAD_Pages/PaymentEntry_Page/input_billingZip' is: '21054'

2024-02-06 17:27:38 - [TEST_STEP][PASSED] - verifyMatch("21054", zipCode, false): Actual text '21054' and expected text '21054' are matched 

2024-02-06 17:27:38 - [MESSAGE][PASSED] - Actual text '21054' and expected text '21054' are matched 

2024-02-06 17:27:38 - [TEST_STEP][PASSED] - city = getAttribute(findTestObject("Object Repository/RAD_Pages/PaymentEntry_Page/input_billingCity"), "value"): Attribute 'value' of object 'Object Repository/RAD_Pages/PaymentEntry_Page/input_billingCity' is: 'GAMBRILLS'

2024-02-06 17:27:39 - [MESSAGE][PASSED] - Attribute 'value' of object 'Object Repository/RAD_Pages/PaymentEntry_Page/input_billingCity' is: 'GAMBRILLS'

2024-02-06 17:27:39 - [TEST_STEP][PASSED] - verifyMatch("GAMBRILLS", city, false): Actual text 'GAMBRILLS' and expected text 'GAMBRILLS' are matched 

2024-02-06 17:27:39 - [MESSAGE][PASSED] - Actual text 'GAMBRILLS' and expected text 'GAMBRILLS' are matched 

2024-02-06 17:27:39 - [TEST_STEP][PASSED] - email = getAttribute(findTestObject("Object Repository/RAD_Pages/PaymentEntry_Page/input_emailAddress"), "value"): Attribute 'value' of object 'Object Repository/RAD_Pages/PaymentEntry_Page/input_emailAddress' is: 'iahmed@govolution.com'

2024-02-06 17:27:39 - [MESSAGE][PASSED] - Attribute 'value' of object 'Object Repository/RAD_Pages/PaymentEntry_Page/input_emailAddress' is: 'iahmed@govolution.com'

2024-02-06 17:27:39 - [TEST_STEP][PASSED] - verifyMatch("iahmed@govolution.com", email, false): Actual text 'iahmed@govolution.com' and expected text 'iahmed@govolution.com' are matched 

2024-02-06 17:27:39 - [MESSAGE][PASSED] - Actual text 'iahmed@govolution.com' and expected text 'iahmed@govolution.com' are matched 

2024-02-06 17:27:39 - [TEST_STEP][PASSED] - amount = getAttribute(findTestObject("Object Repository/RAD_Pages/PaymentEntry_Page/input_amount"), "value"): Attribute 'value' of object 'Object Repository/RAD_Pages/PaymentEntry_Page/input_amount' is: '10.00'

2024-02-06 17:27:39 - [MESSAGE][PASSED] - Attribute 'value' of object 'Object Repository/RAD_Pages/PaymentEntry_Page/input_amount' is: '10.00'

2024-02-06 17:27:39 - [TEST_STEP][PASSED] - verifyMatch("10.00", amount, false): Actual text '10.00' and expected text '10.00' are matched 

2024-02-06 17:27:39 - [MESSAGE][PASSED] - Actual text '10.00' and expected text '10.00' are matched 

2024-02-06 17:27:39 - [TEST_STEP][PASSED] - amountReadOnly = getAttribute(findTestObject("Object Repository/RAD_Pages/PaymentEntry_Page/input_amount"), "readonly"): Attribute 'readonly' of object 'Object Repository/RAD_Pages/PaymentEntry_Page/input_amount' is: 'true'

2024-02-06 17:27:40 - [MESSAGE][PASSED] - Attribute 'readonly' of object 'Object Repository/RAD_Pages/PaymentEntry_Page/input_amount' is: 'true'

2024-02-06 17:27:40 - [TEST_STEP][PASSED] - verifyMatch("true", amountReadOnly, false): Actual text 'true' and expected text 'true' are matched 

2024-02-06 17:27:40 - [MESSAGE][PASSED] - Actual text 'true' and expected text 'true' are matched 

2024-02-06 17:27:40 - [TEST_STEP][PASSED] - verifyOptionSelectedByLabel(findTestObject("Object Repository/RAD_Pages/PaymentEntry_Page/select_Country"), "United States", false, 20): All options with label 'United States' are selected in object 'Object Repository/RAD_Pages/PaymentEntry_Page/select_Country' 

2024-02-06 17:27:41 - [MESSAGE][PASSED] - All options with label 'United States' are selected in object 'Object Repository/RAD_Pages/PaymentEntry_Page/select_Country' 

2024-02-06 17:27:41 - [TEST_STEP][PASSED] - verifyOptionSelectedByLabel(findTestObject("Object Repository/RAD_Pages/PaymentEntry_Page/select_State"), "Maryland", false, 20): All options with label 'Maryland' are selected in object 'Object Repository/RAD_Pages/PaymentEntry_Page/select_State' 

2024-02-06 17:27:44 - [MESSAGE][PASSED] - All options with label 'Maryland' are selected in object 'Object Repository/RAD_Pages/PaymentEntry_Page/select_State' 

2024-02-06 17:27:44 - [TEST_STEP][PASSED] - setText(findTestObject(orPath_PaymentEntry + "/input__cardNumber"), "4111111111111111"): Text '4111111111111111' is set on object 'Object Repository/RAD_Pages/PaymentEntry_Page/input__cardNumber'

2024-02-06 17:27:44 - [MESSAGE][PASSED] - Text '4111111111111111' is set on object 'Object Repository/RAD_Pages/PaymentEntry_Page/input__cardNumber'

2024-02-06 17:27:44 - [TEST_STEP][PASSED] - setText(findTestObject(orPath_PaymentEntry + "/input__spc"), "123"): Text '123' is set on object 'Object Repository/RAD_Pages/PaymentEntry_Page/input__spc'

2024-02-06 17:27:45 - [MESSAGE][PASSED] - Text '123' is set on object 'Object Repository/RAD_Pages/PaymentEntry_Page/input__spc'

2024-02-06 17:27:45 - [TEST_STEP][PASSED] - selectOptionByLabel(findTestObject(orPath_PaymentEntry + "/select_MM"), "12", false): All options with label '12' are selected in object 'Object Repository/RAD_Pages/PaymentEntry_Page/select_MM' 

2024-02-06 17:27:46 - [MESSAGE][PASSED] - All options with label '12' are selected in object 'Object Repository/RAD_Pages/PaymentEntry_Page/select_MM' 

2024-02-06 17:27:46 - [TEST_STEP][PASSED] - selectOptionByLabel(findTestObject(orPath_PaymentEntry + "/select_YYYY"), "2028", false): All options with label '2028' are selected in object 'Object Repository/RAD_Pages/PaymentEntry_Page/select_YYYY' 

2024-02-06 17:27:46 - [MESSAGE][PASSED] - All options with label '2028' are selected in object 'Object Repository/RAD_Pages/PaymentEntry_Page/select_YYYY' 

2024-02-06 17:27:46 - [TEST_STEP][PASSED] - click(findTestObject(orPath_PaymentEntry + "/input_Field_ccSubmit")): Object: 'Object Repository/RAD_Pages/PaymentEntry_Page/input_Field_ccSubmit' is clicked on

2024-02-06 17:27:47 - [MESSAGE][PASSED] - Object: 'Object Repository/RAD_Pages/PaymentEntry_Page/input_Field_ccSubmit' is clicked on

2024-02-06 17:27:47 - [TEST_STEP][PASSED] - click(findTestObject(orPath_PaymentConfirmation + "/input_N_confirmNotifyAction")): Object: 'Object Repository/RAD_Pages/PaymentConfirmation_Page/input_N_confirmNotifyAction' is clicked on

2024-02-06 17:27:48 - [MESSAGE][PASSED] - Object: 'Object Repository/RAD_Pages/PaymentConfirmation_Page/input_N_confirmNotifyAction' is clicked on

2024-02-06 17:27:48 - [TEST_STEP][PASSED] - verifyTextPresent("Service Fee Acceptance", true): Text 'Service Fee Acceptance' is present on page  using regular expression

2024-02-06 17:27:49 - [MESSAGE][PASSED] - Text 'Service Fee Acceptance' is present on page  using regular expression

2024-02-06 17:27:49 - [TEST_STEP][PASSED] - verifyTextPresent("This transaction is subject to a Service Fee of ", true): Text 'This transaction is subject to a Service Fee of ' is present on page  using regular expression

2024-02-06 17:27:49 - [MESSAGE][PASSED] - Text 'This transaction is subject to a Service Fee of ' is present on page  using regular expression

2024-02-06 17:27:49 - [TEST_STEP][PASSED] - verifyTextPresent("Payment Amount:", true): Text 'Payment Amount:' is present on page  using regular expression

2024-02-06 17:27:49 - [MESSAGE][PASSED] - Text 'Payment Amount:' is present on page  using regular expression

2024-02-06 17:27:49 - [TEST_STEP][PASSED] - verifyTextPresent("10.00", true): Text '10.00' is present on page  using regular expression

2024-02-06 17:27:50 - [MESSAGE][PASSED] - Text '10.00' is present on page  using regular expression

2024-02-06 17:27:50 - [TEST_STEP][PASSED] - verifyTextPresent("Service Fee:", true): Text 'Service Fee:' is present on page  using regular expression

2024-02-06 17:27:50 - [MESSAGE][PASSED] - Text 'Service Fee:' is present on page  using regular expression

2024-02-06 17:27:50 - [TEST_STEP][PASSED] - verifyTextPresent("1.00", true): Text '1.00' is present on page  using regular expression

2024-02-06 17:27:50 - [MESSAGE][PASSED] - Text '1.00' is present on page  using regular expression

2024-02-06 17:27:50 - [TEST_STEP][PASSED] - verifyTextPresent("Total Amount:", true): Text 'Total Amount:' is present on page  using regular expression

2024-02-06 17:27:50 - [MESSAGE][PASSED] - Text 'Total Amount:' is present on page  using regular expression

2024-02-06 17:27:50 - [TEST_STEP][PASSED] - verifyTextPresent("11.00", true): Text '11.00' is present on page  using regular expression

2024-02-06 17:27:51 - [MESSAGE][PASSED] - Text '11.00' is present on page  using regular expression

2024-02-06 17:27:51 - [TEST_STEP][PASSED] - verifyTextPresent("Two transactions will appear on your bank statement, one in the amount of", true): Text 'Two transactions will appear on your bank statement, one in the amount of' is present on page  using regular expression

2024-02-06 17:27:51 - [MESSAGE][PASSED] - Text 'Two transactions will appear on your bank statement, one in the amount of' is present on page  using regular expression

2024-02-06 17:27:51 - [TEST_STEP][PASSED] - if (verifyElementPresent(findTestObject(orPath_ServiceFeesAccept + "/input_convFeeNotifyAction"), 30)): null

2024-02-06 17:27:51 - [MESSAGE][PASSED] - Object 'Object Repository/RAD_Pages/ServiceFeeAccept_Page/input_convFeeNotifyAction' is present

2024-02-06 17:27:51 - [TEST_STEP][PASSED] - resText = "Pass": null

2024-02-06 17:27:51 - [TEST_STEP][PASSED] - pages.WriteExcel.demoKey(resText, datText, resColumn, datCloumn, fileLoc, nameSheet, row): pages.WriteExcel.demoKey is PASSED

2024-02-06 17:27:51 - [MESSAGE][PASSED] - pages.WriteExcel.demoKey is PASSED

2024-02-06 17:27:51 - [TEST_STEP][PASSED] - if (execProfile == "QAProfile" || execProfile == "QA2Profile"): Text 'Successful Payment Receipt' is present on page  using regular expression

2024-02-06 17:27:51 - [TEST_STEP][PASSED] - click(findTestObject(orPath_ServiceFeesAccept + "/input_convFeeNotifyAction")): Object: 'Object Repository/RAD_Pages/ServiceFeeAccept_Page/input_convFeeNotifyAction' is clicked on

2024-02-06 17:27:52 - [MESSAGE][PASSED] - Object: 'Object Repository/RAD_Pages/ServiceFeeAccept_Page/input_convFeeNotifyAction' is clicked on

2024-02-06 17:27:52 - [TEST_STEP][PASSED] - delay(10): Delayed 10 second(s)

2024-02-06 17:28:02 - [MESSAGE][PASSED] - Delayed 10 second(s)

2024-02-06 17:28:02 - [TEST_STEP][PASSED] - verifyTextPresent("Successful Payment Receipt", true): Text 'Successful Payment Receipt' is present on page  using regular expression

2024-02-06 17:28:02 - [MESSAGE][PASSED] - Text 'Successful Payment Receipt' is present on page  using regular expression]]></system-out>
         <system-err><![CDATA[]]></system-err>
      </testcase>
      <testcase name="Test Cases/RAD_TestCases/BeforePayments_TestCases/Personal_Individual_BeforePayments_TC" time="361.824" classname="Test Cases/RAD_TestCases/BeforePayments_TestCases/Personal_Individual_BeforePayments_TC" status="PASSED">
         <system-out><![CDATA[2024-02-06 17:28:02 - [TEST_CASE][PASSED] - Test Cases/RAD_TestCases/BeforePayments_TestCases/Personal_Individual_BeforePayments_TC: Test Cases/RAD_TestCases/BeforePayments_TestCases/Personal_Individual_BeforePayments_TC

2024-02-06 17:28:03 - [TEST_STEP][PASSED] - resText = "Fail": null

2024-02-06 17:28:03 - [TEST_STEP][PASSED] - resColumn = "Result": null

2024-02-06 17:28:03 - [TEST_STEP][PASSED] - datCloumn = "Date": null

2024-02-06 17:28:03 - [TEST_STEP][PASSED] - fileLoc = "KatalonData/RADTestData/BeforePayments.xlsx": null

2024-02-06 17:28:03 - [TEST_STEP][PASSED] - nameSheet = "Personal_IND": null

2024-02-06 17:28:03 - [TEST_STEP][PASSED] - dataFile = "RADTestData/BeforePayments_Personal_IND": null

2024-02-06 17:28:03 - [TEST_STEP][PASSED] - orPath_Landing = "Object Repository/RAD_Pages/Landing_Page": null

2024-02-06 17:28:03 - [TEST_STEP][PASSED] - orPath_TaxTypeFilingYear = "Object Repository/RAD_Pages/TaxTypeFilingYear_Page": null

2024-02-06 17:28:03 - [TEST_STEP][PASSED] - orPath_Amount = "Object Repository/RAD_Pages/PaymentAmount_Page": null

2024-02-06 17:28:03 - [TEST_STEP][PASSED] - orPath_AddressContact = "Object Repository/RAD_Pages/AddressAndContactInfo_Page": null

2024-02-06 17:28:03 - [TEST_STEP][PASSED] - orPath_Summary = "Object Repository/RAD_Pages/Summary_Page": null

2024-02-06 17:28:03 - [TEST_STEP][PASSED] - orPath_PaymentConfirmation = "Object Repository/RAD_Pages/PaymentConfirmation_Page": null

2024-02-06 17:28:03 - [TEST_STEP][PASSED] - orPath_ServiceFeesAccept = "Object Repository/RAD_Pages/ServiceFeeAccept_Page": null

2024-02-06 17:28:03 - [TEST_STEP][PASSED] - orPath_PaymentEntry = "Object Repository/RAD_Pages/PaymentEntry_Page": null

2024-02-06 17:28:03 - [TEST_STEP][PASSED] - ExecuteTC = <not implemented yet for class: org.codehaus.groovy.ast.expr.EmptyExpression>: null

2024-02-06 17:28:03 - [TEST_STEP][PASSED] - TaxType = <not implemented yet for class: org.codehaus.groovy.ast.expr.EmptyExpression>: null

2024-02-06 17:28:03 - [TEST_STEP][PASSED] - PaymentType = <not implemented yet for class: org.codehaus.groovy.ast.expr.EmptyExpression>: null

2024-02-06 17:28:03 - [TEST_STEP][PASSED] - FilingYear = <not implemented yet for class: org.codehaus.groovy.ast.expr.EmptyExpression>: null

2024-02-06 17:28:03 - [TEST_STEP][PASSED] - PeriodEndingMonth = <not implemented yet for class: org.codehaus.groovy.ast.expr.EmptyExpression>: null

2024-02-06 17:28:03 - [TEST_STEP][PASSED] - executionProfile = getExecutionProfile(): null

2024-02-06 17:28:03 - [TEST_STEP][PASSED] - execProfile = getExecutionProfile(): null

2024-02-06 17:28:03 - [TEST_STEP][PASSED] - numOfRows = findTestData(dataFile).getRowNumbers(): null

2024-02-06 17:28:03 - [TEST_STEP][PASSED] - println("Number of Records: " + numOfRows): null

2024-02-06 17:28:03 - [TEST_STEP][PASSED] - for ([row = 1, row <= numOfRows, (row++)]): null

2024-02-06 17:28:03 - [TEST_STEP][PASSED] - ExecuteTC = findTestData(dataFile).getValue("Execute", row): null

2024-02-06 17:28:03 - [TEST_STEP][PASSED] - TaxType = findTestData(dataFile).getValue("TaxType", row): null

2024-02-06 17:28:03 - [TEST_STEP][PASSED] - PaymentType = findTestData(dataFile).getValue("PaymentType", row): null

2024-02-06 17:28:03 - [TEST_STEP][PASSED] - FilingYear = findTestData(dataFile).getValue("Year", row): null

2024-02-06 17:28:03 - [TEST_STEP][PASSED] - if (ExecuteTC.equalsIgnoreCase("Y")): null

2024-02-06 17:28:03 - [TEST_STEP][PASSED] - out.println("Begin Record Number: " + row): null

2024-02-06 17:28:03 - [TEST_STEP][PASSED] - today = new java.util.Date(): null

2024-02-06 17:28:03 - [TEST_STEP][PASSED] - println(today): null

2024-02-06 17:28:03 - [TEST_STEP][PASSED] - datText = today: null

2024-02-06 17:28:03 - [TEST_STEP][PASSED] - logInfo("Payment Type: " + PaymentType): Payment Type: Quarterly Estimated Tax

2024-02-06 17:28:03 - [MESSAGE][INFO] - Payment Type: Quarterly Estimated Tax

2024-02-06 17:28:03 - [TEST_STEP][PASSED] - logInfo("Tax Type: " + TaxType): Tax Type: Personal Income Tax

2024-02-06 17:28:03 - [MESSAGE][INFO] - Tax Type: Personal Income Tax

2024-02-06 17:28:03 - [TEST_STEP][PASSED] - openBrowser(""): Browser is opened with url: ''

2024-02-06 17:28:03 - [MESSAGE][WARNING] - A browser is already opened. Closing browser and opening a new one

2024-02-06 17:28:04 - [MESSAGE][INFO] - Starting 'Chrome' driver

2024-02-06 17:28:04 - [MESSAGE][INFO] - User set preference: ['acceptInsecureCerts', 'true']

2024-02-06 17:28:04 - [MESSAGE][INFO] - Action delay is set to 0 milliseconds

2024-02-06 17:28:06 - [MESSAGE][PASSED] - Browser is opened with url: ''

2024-02-06 17:28:06 - [TEST_STEP][PASSED] - maximizeWindow(): Current window maximized

2024-02-06 17:28:06 - [MESSAGE][PASSED] - Current window maximized

2024-02-06 17:28:06 - [TEST_STEP][PASSED] - navigateToUrl(RADurl): Navigate to 'https://qa2.velocitypayment.com/client/rad/index.html' successfully

2024-02-06 17:28:08 - [MESSAGE][PASSED] - Navigate to 'https://qa2.velocitypayment.com/client/rad/index.html' successfully

2024-02-06 17:28:08 - [TEST_STEP][PASSED] - selectOptionByLabel(findTestObject(orPath_Landing + "/dd_TaxType"), PaymentType, false): All options with label 'Quarterly Estimated Tax' are selected in object 'Object Repository/RAD_Pages/Landing_Page/dd_TaxType' 

2024-02-06 17:28:08 - [MESSAGE][PASSED] - All options with label 'Quarterly Estimated Tax' are selected in object 'Object Repository/RAD_Pages/Landing_Page/dd_TaxType' 

2024-02-06 17:28:08 - [TEST_STEP][PASSED] - switch (PaymentType): null

2024-02-06 17:28:08 - [TEST_STEP][PASSED] - case "Quarterly Estimated Tax":: null

2024-02-06 17:28:08 - [TEST_STEP][PASSED] - selectOptionByLabel(findTestObject(orPath_TaxTypeFilingYear + "/select_PaymentType"), TaxType, false): All options with label 'Personal Income Tax' are selected in object 'Object Repository/RAD_Pages/TaxTypeFilingYear_Page/select_PaymentType' 

2024-02-06 17:28:09 - [MESSAGE][PASSED] - All options with label 'Personal Income Tax' are selected in object 'Object Repository/RAD_Pages/TaxTypeFilingYear_Page/select_PaymentType' 

2024-02-06 17:28:09 - [TEST_STEP][PASSED] - break: null

2024-02-06 17:28:09 - [TEST_STEP][PASSED] - if (!(FilingYear.isEmpty())): All options with label '2024' are selected in object 'Object Repository/RAD_Pages/TaxTypeFilingYear_Page/select_FilingYear' 

2024-02-06 17:28:09 - [TEST_STEP][PASSED] - selectOptionByLabel(findTestObject(orPath_TaxTypeFilingYear + "/select_FilingYear"), FilingYear, false): All options with label '2024' are selected in object 'Object Repository/RAD_Pages/TaxTypeFilingYear_Page/select_FilingYear' 

2024-02-06 17:28:10 - [MESSAGE][PASSED] - All options with label '2024' are selected in object 'Object Repository/RAD_Pages/TaxTypeFilingYear_Page/select_FilingYear' 

2024-02-06 17:28:10 - [TEST_STEP][PASSED] - if (TaxType.equalsIgnoreCase("Estate Tax")): null

2024-02-06 17:28:10 - [TEST_STEP][PASSED] - else: rad.getSetDataRAD.setDataRADssnAndName is PASSED

2024-02-06 17:28:10 - [TEST_STEP][PASSED] - rad.getSetDataRAD.setDataRADssnAndName(): rad.getSetDataRAD.setDataRADssnAndName is PASSED

2024-02-06 17:28:11 - [MESSAGE][PASSED] - Text 'Jimmy' is set on object 'Object Repository/RAD_Pages/Taxpayer_Page/input_firstName'

2024-02-06 17:28:11 - [MESSAGE][PASSED] - Text 'Anderson' is set on object 'Object Repository/RAD_Pages/Taxpayer_Page/input_lastName'

2024-02-06 17:28:12 - [MESSAGE][PASSED] - Text '123451234' is set on object 'Object Repository/RAD_RecordAndPlay/input_concatSSN'

2024-02-06 17:28:13 - [MESSAGE][PASSED] - Text '123451234' is set on object 'Object Repository/RAD_RecordAndPlay/input_concatReSSN'

2024-02-06 17:28:13 - [MESSAGE][PASSED] - rad.getSetDataRAD.setDataRADssnAndName is PASSED

2024-02-06 17:28:13 - [TEST_STEP][PASSED] - rad.getSetDataRAD.setDataRADAddress(): rad.getSetDataRAD.setDataRADAddress is PASSED

2024-02-06 17:28:13 - [MESSAGE][PASSED] - All options with label 'United States' are selected in object 'Object Repository/RAD_Pages/AddressAndContactInfo_Page/select_Country' 

2024-02-06 17:28:14 - [MESSAGE][PASSED] - Text '2508 Mandan Terrace' is set on object 'Object Repository/RAD_Pages/AddressAndContactInfo_Page/input_streetAddress1'

2024-02-06 17:28:15 - [MESSAGE][PASSED] - Text '' is set on object 'Object Repository/RAD_Pages/AddressAndContactInfo_Page/input_streetAddress2'

2024-02-06 17:28:16 - [MESSAGE][PASSED] - Text 'Gambrills' is set on object 'Object Repository/RAD_Pages/AddressAndContactInfo_Page/input_city'

2024-02-06 17:28:17 - [MESSAGE][PASSED] - All options with label 'Maryland' are selected in object 'Object Repository/RAD_Pages/AddressAndContactInfo_Page/select_State' 

2024-02-06 17:28:17 - [MESSAGE][PASSED] - Text '21054' is set on object 'Object Repository/RAD_Pages/AddressAndContactInfo_Page/input_zipCode'

2024-02-06 17:28:18 - [MESSAGE][PASSED] - Text '(703) 894-5000' is set on object 'Object Repository/RAD_Pages/AddressAndContactInfo_Page/input_phoneNumber'

2024-02-06 17:28:19 - [MESSAGE][PASSED] - Text 'iahmed@govolution.com' is set on object 'Object Repository/RAD_Pages/AddressAndContactInfo_Page/input_eMailAddress'

2024-02-06 17:28:20 - [MESSAGE][PASSED] - Text 'iahmed@govolution.com' is set on object 'Object Repository/RAD_Pages/AddressAndContactInfo_Page/input_reEnterEMailAddress'

2024-02-06 17:28:20 - [MESSAGE][PASSED] - rad.getSetDataRAD.setDataRADAddress is PASSED

2024-02-06 17:28:20 - [TEST_STEP][PASSED] - setText(findTestObject(orPath_Amount + "/input__paymentAmount"), "10.00"): Text '10.00' is set on object 'Object Repository/RAD_Pages/PaymentAmount_Page/input__paymentAmount'

2024-02-06 17:28:21 - [MESSAGE][PASSED] - Text '10.00' is set on object 'Object Repository/RAD_Pages/PaymentAmount_Page/input__paymentAmount'

2024-02-06 17:28:21 - [TEST_STEP][PASSED] - setText(findTestObject(orPath_AddressContact + "/input_streetAddress2"), ""): Text '' is set on object 'Object Repository/RAD_Pages/AddressAndContactInfo_Page/input_streetAddress2'

2024-02-06 17:28:21 - [MESSAGE][PASSED] - Text '' is set on object 'Object Repository/RAD_Pages/AddressAndContactInfo_Page/input_streetAddress2'

2024-02-06 17:28:21 - [TEST_STEP][PASSED] - scrollToElement(findTestObject(orPath_Landing + "/button_Continue"), 3): Scroll to object 'Object Repository/RAD_Pages/Landing_Page/button_Continue' successfully

2024-02-06 17:28:22 - [MESSAGE][PASSED] - Scroll to object 'Object Repository/RAD_Pages/Landing_Page/button_Continue' successfully

2024-02-06 17:28:22 - [TEST_STEP][PASSED] - waitForElementClickable(findTestObject(orPath_Landing + "/button_Continue"), 5): Object 'Object Repository/RAD_Pages/Landing_Page/button_Continue' is clickable

2024-02-06 17:28:22 - [MESSAGE][PASSED] - Object 'Object Repository/RAD_Pages/Landing_Page/button_Continue' is clickable

2024-02-06 17:28:22 - [TEST_STEP][PASSED] - click(findTestObject(orPath_Landing + "/button_Continue")): Object: 'Object Repository/RAD_Pages/Landing_Page/button_Continue' is clicked on

2024-02-06 17:28:23 - [MESSAGE][PASSED] - Object: 'Object Repository/RAD_Pages/Landing_Page/button_Continue' is clicked on

2024-02-06 17:28:23 - [TEST_STEP][PASSED] - delay(2): Delayed 2 second(s)

2024-02-06 17:28:25 - [MESSAGE][PASSED] - Delayed 2 second(s)

2024-02-06 17:28:25 - [TEST_STEP][PASSED] - click(findTestObject(orPath_Summary + "/button_Proceed to Payment")): Object: 'Object Repository/RAD_Pages/Summary_Page/button_Proceed to Payment' is clicked on

2024-02-06 17:28:26 - [MESSAGE][PASSED] - Object: 'Object Repository/RAD_Pages/Summary_Page/button_Proceed to Payment' is clicked on

2024-02-06 17:28:26 - [TEST_STEP][PASSED] - if (verifyElementPresent(findTestObject("Object Repository/RAD_Pages/PaymentEntry_Page/input__billingName"), 30)): null

2024-02-06 17:28:27 - [MESSAGE][PASSED] - Object 'Object Repository/RAD_Pages/PaymentEntry_Page/input__billingName' is present

2024-02-06 17:28:27 - [TEST_STEP][PASSED] - verifyTextPresent("Comptroller of Maryland", true): Text 'Comptroller of Maryland' is present on page  using regular expression

2024-02-06 17:28:27 - [MESSAGE][PASSED] - Text 'Comptroller of Maryland' is present on page  using regular expression

2024-02-06 17:28:27 - [TEST_STEP][PASSED] - verifyTextPresent("Payment Information", true): Text 'Payment Information' is present on page  using regular expression

2024-02-06 17:28:27 - [MESSAGE][PASSED] - Text 'Payment Information' is present on page  using regular expression

2024-02-06 17:28:27 - [TEST_STEP][PASSED] - card_Name = getAttribute(findTestObject("Object Repository/RAD_Pages/PaymentEntry_Page/input__billingName"), "value"): Attribute 'value' of object 'Object Repository/RAD_Pages/PaymentEntry_Page/input__billingName' is: 'Jimmy Anderson'

2024-02-06 17:28:28 - [MESSAGE][PASSED] - Attribute 'value' of object 'Object Repository/RAD_Pages/PaymentEntry_Page/input__billingName' is: 'Jimmy Anderson'

2024-02-06 17:28:28 - [TEST_STEP][PASSED] - switch (executionProfile): null

2024-02-06 17:28:28 - [TEST_STEP][PASSED] - case "QA2Profile":: null

2024-02-06 17:28:28 - [TEST_STEP][PASSED] - verifyMatch("Jimmy Anderson", card_Name, false): Actual text 'Jimmy Anderson' and expected text 'Jimmy Anderson' are matched 

2024-02-06 17:28:28 - [MESSAGE][PASSED] - Actual text 'Jimmy Anderson' and expected text 'Jimmy Anderson' are matched 

2024-02-06 17:28:28 - [TEST_STEP][PASSED] - break: null

2024-02-06 17:28:28 - [TEST_STEP][PASSED] - AL1 = getAttribute(findTestObject("Object Repository/RAD_Pages/PaymentEntry_Page/input_billingAddress"), "value"): Attribute 'value' of object 'Object Repository/RAD_Pages/PaymentEntry_Page/input_billingAddress' is: '2508 Mandan Terrace'

2024-02-06 17:28:28 - [MESSAGE][PASSED] - Attribute 'value' of object 'Object Repository/RAD_Pages/PaymentEntry_Page/input_billingAddress' is: '2508 Mandan Terrace'

2024-02-06 17:28:28 - [TEST_STEP][PASSED] - verifyMatch("2508 Mandan Terrace", AL1, false): Actual text '2508 Mandan Terrace' and expected text '2508 Mandan Terrace' are matched 

2024-02-06 17:28:28 - [MESSAGE][PASSED] - Actual text '2508 Mandan Terrace' and expected text '2508 Mandan Terrace' are matched 

2024-02-06 17:28:28 - [TEST_STEP][PASSED] - AL2 = getAttribute(findTestObject("Object Repository/RAD_Pages/PaymentEntry_Page/input_billingAddress2"), "value"): Attribute 'value' of object 'Object Repository/RAD_Pages/PaymentEntry_Page/input_billingAddress2' is: ''

2024-02-06 17:28:28 - [MESSAGE][PASSED] - Attribute 'value' of object 'Object Repository/RAD_Pages/PaymentEntry_Page/input_billingAddress2' is: ''

2024-02-06 17:28:28 - [TEST_STEP][PASSED] - verifyMatch("", AL2, false): Actual text '' and expected text '' are matched 

2024-02-06 17:28:28 - [MESSAGE][PASSED] - Actual text '' and expected text '' are matched 

2024-02-06 17:28:28 - [TEST_STEP][PASSED] - zipCode = getAttribute(findTestObject("Object Repository/RAD_Pages/PaymentEntry_Page/input_billingZip"), "value"): Attribute 'value' of object 'Object Repository/RAD_Pages/PaymentEntry_Page/input_billingZip' is: '21054'

2024-02-06 17:28:29 - [MESSAGE][PASSED] - Attribute 'value' of object 'Object Repository/RAD_Pages/PaymentEntry_Page/input_billingZip' is: '21054'

2024-02-06 17:28:29 - [TEST_STEP][PASSED] - verifyMatch("21054", zipCode, false): Actual text '21054' and expected text '21054' are matched 

2024-02-06 17:28:29 - [MESSAGE][PASSED] - Actual text '21054' and expected text '21054' are matched 

2024-02-06 17:28:29 - [TEST_STEP][PASSED] - city = getAttribute(findTestObject("Object Repository/RAD_Pages/PaymentEntry_Page/input_billingCity"), "value"): Attribute 'value' of object 'Object Repository/RAD_Pages/PaymentEntry_Page/input_billingCity' is: 'GAMBRILLS'

2024-02-06 17:28:29 - [MESSAGE][PASSED] - Attribute 'value' of object 'Object Repository/RAD_Pages/PaymentEntry_Page/input_billingCity' is: 'GAMBRILLS'

2024-02-06 17:28:29 - [TEST_STEP][PASSED] - verifyMatch("GAMBRILLS", city, false): Actual text 'GAMBRILLS' and expected text 'GAMBRILLS' are matched 

2024-02-06 17:28:29 - [MESSAGE][PASSED] - Actual text 'GAMBRILLS' and expected text 'GAMBRILLS' are matched 

2024-02-06 17:28:29 - [TEST_STEP][PASSED] - email = getAttribute(findTestObject("Object Repository/RAD_Pages/PaymentEntry_Page/input_emailAddress"), "value"): Attribute 'value' of object 'Object Repository/RAD_Pages/PaymentEntry_Page/input_emailAddress' is: 'iahmed@govolution.com'

2024-02-06 17:28:29 - [MESSAGE][PASSED] - Attribute 'value' of object 'Object Repository/RAD_Pages/PaymentEntry_Page/input_emailAddress' is: 'iahmed@govolution.com'

2024-02-06 17:28:29 - [TEST_STEP][PASSED] - verifyMatch("iahmed@govolution.com", email, false): Actual text 'iahmed@govolution.com' and expected text 'iahmed@govolution.com' are matched 

2024-02-06 17:28:29 - [MESSAGE][PASSED] - Actual text 'iahmed@govolution.com' and expected text 'iahmed@govolution.com' are matched 

2024-02-06 17:28:29 - [TEST_STEP][PASSED] - amount = getAttribute(findTestObject("Object Repository/RAD_Pages/PaymentEntry_Page/input_amount"), "value"): Attribute 'value' of object 'Object Repository/RAD_Pages/PaymentEntry_Page/input_amount' is: '10.00'

2024-02-06 17:28:30 - [MESSAGE][PASSED] - Attribute 'value' of object 'Object Repository/RAD_Pages/PaymentEntry_Page/input_amount' is: '10.00'

2024-02-06 17:28:30 - [TEST_STEP][PASSED] - verifyMatch("10.00", amount, false): Actual text '10.00' and expected text '10.00' are matched 

2024-02-06 17:28:30 - [MESSAGE][PASSED] - Actual text '10.00' and expected text '10.00' are matched 

2024-02-06 17:28:30 - [TEST_STEP][PASSED] - amountReadOnly = getAttribute(findTestObject("Object Repository/RAD_Pages/PaymentEntry_Page/input_amount"), "readonly"): Attribute 'readonly' of object 'Object Repository/RAD_Pages/PaymentEntry_Page/input_amount' is: 'true'

2024-02-06 17:28:30 - [MESSAGE][PASSED] - Attribute 'readonly' of object 'Object Repository/RAD_Pages/PaymentEntry_Page/input_amount' is: 'true'

2024-02-06 17:28:30 - [TEST_STEP][PASSED] - verifyMatch("true", amountReadOnly, false): Actual text 'true' and expected text 'true' are matched 

2024-02-06 17:28:30 - [MESSAGE][PASSED] - Actual text 'true' and expected text 'true' are matched 

2024-02-06 17:28:30 - [TEST_STEP][PASSED] - verifyOptionSelectedByLabel(findTestObject("Object Repository/RAD_Pages/PaymentEntry_Page/select_Country"), "United States", false, 20): All options with label 'United States' are selected in object 'Object Repository/RAD_Pages/PaymentEntry_Page/select_Country' 

2024-02-06 17:28:31 - [MESSAGE][PASSED] - All options with label 'United States' are selected in object 'Object Repository/RAD_Pages/PaymentEntry_Page/select_Country' 

2024-02-06 17:28:31 - [TEST_STEP][PASSED] - verifyOptionSelectedByLabel(findTestObject("Object Repository/RAD_Pages/PaymentEntry_Page/select_State"), "Maryland", false, 20): All options with label 'Maryland' are selected in object 'Object Repository/RAD_Pages/PaymentEntry_Page/select_State' 

2024-02-06 17:28:34 - [MESSAGE][PASSED] - All options with label 'Maryland' are selected in object 'Object Repository/RAD_Pages/PaymentEntry_Page/select_State' 

2024-02-06 17:28:34 - [TEST_STEP][PASSED] - setText(findTestObject(orPath_PaymentEntry + "/input__cardNumber"), "4111111111111111"): Text '4111111111111111' is set on object 'Object Repository/RAD_Pages/PaymentEntry_Page/input__cardNumber'

2024-02-06 17:28:34 - [MESSAGE][PASSED] - Text '4111111111111111' is set on object 'Object Repository/RAD_Pages/PaymentEntry_Page/input__cardNumber'

2024-02-06 17:28:34 - [TEST_STEP][PASSED] - setText(findTestObject(orPath_PaymentEntry + "/input__spc"), "123"): Text '123' is set on object 'Object Repository/RAD_Pages/PaymentEntry_Page/input__spc'

2024-02-06 17:28:35 - [MESSAGE][PASSED] - Text '123' is set on object 'Object Repository/RAD_Pages/PaymentEntry_Page/input__spc'

2024-02-06 17:28:35 - [TEST_STEP][PASSED] - selectOptionByLabel(findTestObject(orPath_PaymentEntry + "/select_MM"), "12", false): All options with label '12' are selected in object 'Object Repository/RAD_Pages/PaymentEntry_Page/select_MM' 

2024-02-06 17:28:36 - [MESSAGE][PASSED] - All options with label '12' are selected in object 'Object Repository/RAD_Pages/PaymentEntry_Page/select_MM' 

2024-02-06 17:28:36 - [TEST_STEP][PASSED] - selectOptionByLabel(findTestObject(orPath_PaymentEntry + "/select_YYYY"), "2028", false): All options with label '2028' are selected in object 'Object Repository/RAD_Pages/PaymentEntry_Page/select_YYYY' 

2024-02-06 17:28:36 - [MESSAGE][PASSED] - All options with label '2028' are selected in object 'Object Repository/RAD_Pages/PaymentEntry_Page/select_YYYY' 

2024-02-06 17:28:36 - [TEST_STEP][PASSED] - click(findTestObject(orPath_PaymentEntry + "/input_Field_ccSubmit")): Object: 'Object Repository/RAD_Pages/PaymentEntry_Page/input_Field_ccSubmit' is clicked on

2024-02-06 17:28:37 - [MESSAGE][PASSED] - Object: 'Object Repository/RAD_Pages/PaymentEntry_Page/input_Field_ccSubmit' is clicked on

2024-02-06 17:28:37 - [TEST_STEP][PASSED] - click(findTestObject(orPath_PaymentConfirmation + "/input_N_confirmNotifyAction")): Object: 'Object Repository/RAD_Pages/PaymentConfirmation_Page/input_N_confirmNotifyAction' is clicked on

2024-02-06 17:28:38 - [MESSAGE][PASSED] - Object: 'Object Repository/RAD_Pages/PaymentConfirmation_Page/input_N_confirmNotifyAction' is clicked on

2024-02-06 17:28:38 - [TEST_STEP][PASSED] - verifyTextPresent("Service Fee Acceptance", true): Text 'Service Fee Acceptance' is present on page  using regular expression

2024-02-06 17:28:39 - [MESSAGE][PASSED] - Text 'Service Fee Acceptance' is present on page  using regular expression

2024-02-06 17:28:39 - [TEST_STEP][PASSED] - verifyTextPresent("This transaction is subject to a Service Fee of ", true): Text 'This transaction is subject to a Service Fee of ' is present on page  using regular expression

2024-02-06 17:28:39 - [MESSAGE][PASSED] - Text 'This transaction is subject to a Service Fee of ' is present on page  using regular expression

2024-02-06 17:28:39 - [TEST_STEP][PASSED] - verifyTextPresent("Payment Amount:", true): Text 'Payment Amount:' is present on page  using regular expression

2024-02-06 17:28:40 - [MESSAGE][PASSED] - Text 'Payment Amount:' is present on page  using regular expression

2024-02-06 17:28:40 - [TEST_STEP][PASSED] - verifyTextPresent("10.00", true): Text '10.00' is present on page  using regular expression

2024-02-06 17:28:40 - [MESSAGE][PASSED] - Text '10.00' is present on page  using regular expression

2024-02-06 17:28:40 - [TEST_STEP][PASSED] - verifyTextPresent("Service Fee:", true): Text 'Service Fee:' is present on page  using regular expression

2024-02-06 17:28:40 - [MESSAGE][PASSED] - Text 'Service Fee:' is present on page  using regular expression

2024-02-06 17:28:40 - [TEST_STEP][PASSED] - verifyTextPresent("1.00", true): Text '1.00' is present on page  using regular expression

2024-02-06 17:28:40 - [MESSAGE][PASSED] - Text '1.00' is present on page  using regular expression

2024-02-06 17:28:40 - [TEST_STEP][PASSED] - verifyTextPresent("Total Amount:", true): Text 'Total Amount:' is present on page  using regular expression

2024-02-06 17:28:41 - [MESSAGE][PASSED] - Text 'Total Amount:' is present on page  using regular expression

2024-02-06 17:28:41 - [TEST_STEP][PASSED] - verifyTextPresent("11.00", true): Text '11.00' is present on page  using regular expression

2024-02-06 17:28:41 - [MESSAGE][PASSED] - Text '11.00' is present on page  using regular expression

2024-02-06 17:28:41 - [TEST_STEP][PASSED] - verifyTextPresent("Two transactions will appear on your bank statement, one in the amount of", true): Text 'Two transactions will appear on your bank statement, one in the amount of' is present on page  using regular expression

2024-02-06 17:28:41 - [MESSAGE][PASSED] - Text 'Two transactions will appear on your bank statement, one in the amount of' is present on page  using regular expression

2024-02-06 17:28:41 - [TEST_STEP][PASSED] - if (verifyElementPresent(findTestObject(orPath_ServiceFeesAccept + "/input_convFeeNotifyAction"), 30)): null

2024-02-06 17:28:42 - [MESSAGE][PASSED] - Object 'Object Repository/RAD_Pages/ServiceFeeAccept_Page/input_convFeeNotifyAction' is present

2024-02-06 17:28:42 - [TEST_STEP][PASSED] - resText = "Pass": null

2024-02-06 17:28:42 - [TEST_STEP][PASSED] - pages.WriteExcel.demoKey(resText, datText, resColumn, datCloumn, fileLoc, nameSheet, row): pages.WriteExcel.demoKey is PASSED

2024-02-06 17:28:42 - [MESSAGE][PASSED] - pages.WriteExcel.demoKey is PASSED

2024-02-06 17:28:42 - [TEST_STEP][PASSED] - if (execProfile == "QAProfile" || execProfile == "QA2Profile"): Text 'Successful Payment Receipt' is present on page  using regular expression

2024-02-06 17:28:42 - [TEST_STEP][PASSED] - click(findTestObject(orPath_ServiceFeesAccept + "/input_convFeeNotifyAction")): Object: 'Object Repository/RAD_Pages/ServiceFeeAccept_Page/input_convFeeNotifyAction' is clicked on

2024-02-06 17:28:42 - [MESSAGE][PASSED] - Object: 'Object Repository/RAD_Pages/ServiceFeeAccept_Page/input_convFeeNotifyAction' is clicked on

2024-02-06 17:28:42 - [TEST_STEP][PASSED] - delay(10): Delayed 10 second(s)

2024-02-06 17:28:53 - [MESSAGE][PASSED] - Delayed 10 second(s)

2024-02-06 17:28:53 - [TEST_STEP][PASSED] - verifyTextPresent("Successful Payment Receipt", true): Text 'Successful Payment Receipt' is present on page  using regular expression

2024-02-06 17:28:53 - [MESSAGE][PASSED] - Text 'Successful Payment Receipt' is present on page  using regular expression

2024-02-06 17:28:53 - [TEST_STEP][PASSED] - ExecuteTC = findTestData(dataFile).getValue("Execute", row): null

2024-02-06 17:28:53 - [TEST_STEP][PASSED] - TaxType = findTestData(dataFile).getValue("TaxType", row): null

2024-02-06 17:28:53 - [TEST_STEP][PASSED] - PaymentType = findTestData(dataFile).getValue("PaymentType", row): null

2024-02-06 17:28:53 - [TEST_STEP][PASSED] - FilingYear = findTestData(dataFile).getValue("Year", row): null

2024-02-06 17:28:53 - [TEST_STEP][PASSED] - if (ExecuteTC.equalsIgnoreCase("Y")): null

2024-02-06 17:28:53 - [TEST_STEP][PASSED] - ExecuteTC = findTestData(dataFile).getValue("Execute", row): null

2024-02-06 17:28:53 - [TEST_STEP][PASSED] - TaxType = findTestData(dataFile).getValue("TaxType", row): null

2024-02-06 17:28:53 - [TEST_STEP][PASSED] - PaymentType = findTestData(dataFile).getValue("PaymentType", row): null

2024-02-06 17:28:53 - [TEST_STEP][PASSED] - FilingYear = findTestData(dataFile).getValue("Year", row): null

2024-02-06 17:28:53 - [TEST_STEP][PASSED] - if (ExecuteTC.equalsIgnoreCase("Y")): null

2024-02-06 17:28:53 - [TEST_STEP][PASSED] - out.println("Begin Record Number: " + row): null

2024-02-06 17:28:53 - [TEST_STEP][PASSED] - today = new java.util.Date(): null

2024-02-06 17:28:53 - [TEST_STEP][PASSED] - println(today): null

2024-02-06 17:28:53 - [TEST_STEP][PASSED] - datText = today: null

2024-02-06 17:28:53 - [TEST_STEP][PASSED] - logInfo("Payment Type: " + PaymentType): Payment Type: New Tax Return Amount Due

2024-02-06 17:28:53 - [MESSAGE][INFO] - Payment Type: New Tax Return Amount Due

2024-02-06 17:28:53 - [TEST_STEP][PASSED] - logInfo("Tax Type: " + TaxType): Tax Type: Personal Income Tax

2024-02-06 17:28:53 - [MESSAGE][INFO] - Tax Type: Personal Income Tax

2024-02-06 17:28:53 - [TEST_STEP][PASSED] - openBrowser(""): Browser is opened with url: ''

2024-02-06 17:28:53 - [MESSAGE][WARNING] - A browser is already opened. Closing browser and opening a new one

2024-02-06 17:28:54 - [MESSAGE][INFO] - Starting 'Chrome' driver

2024-02-06 17:28:54 - [MESSAGE][INFO] - User set preference: ['acceptInsecureCerts', 'true']

2024-02-06 17:28:54 - [MESSAGE][INFO] - Action delay is set to 0 milliseconds

2024-02-06 17:28:56 - [MESSAGE][PASSED] - Browser is opened with url: ''

2024-02-06 17:28:56 - [TEST_STEP][PASSED] - maximizeWindow(): Current window maximized

2024-02-06 17:28:56 - [MESSAGE][PASSED] - Current window maximized

2024-02-06 17:28:56 - [TEST_STEP][PASSED] - navigateToUrl(RADurl): Navigate to 'https://qa2.velocitypayment.com/client/rad/index.html' successfully

2024-02-06 17:28:58 - [MESSAGE][PASSED] - Navigate to 'https://qa2.velocitypayment.com/client/rad/index.html' successfully

2024-02-06 17:28:58 - [TEST_STEP][PASSED] - selectOptionByLabel(findTestObject(orPath_Landing + "/dd_TaxType"), PaymentType, false): All options with label 'New Tax Return Amount Due' are selected in object 'Object Repository/RAD_Pages/Landing_Page/dd_TaxType' 

2024-02-06 17:28:59 - [MESSAGE][PASSED] - All options with label 'New Tax Return Amount Due' are selected in object 'Object Repository/RAD_Pages/Landing_Page/dd_TaxType' 

2024-02-06 17:28:59 - [TEST_STEP][PASSED] - switch (PaymentType): null

2024-02-06 17:28:59 - [TEST_STEP][PASSED] - case "New Tax Return Amount Due":: null

2024-02-06 17:28:59 - [TEST_STEP][PASSED] - selectOptionByLabel(findTestObject("Object Repository/RAD_Pages/Landing_Page/select_NewTaxReturnAmountDue_TaxType"), TaxType, false): All options with label 'Personal Income Tax' are selected in object 'Object Repository/RAD_Pages/Landing_Page/select_NewTaxReturnAmountDue_TaxType' 

2024-02-06 17:28:59 - [MESSAGE][PASSED] - All options with label 'Personal Income Tax' are selected in object 'Object Repository/RAD_Pages/Landing_Page/select_NewTaxReturnAmountDue_TaxType' 

2024-02-06 17:28:59 - [TEST_STEP][PASSED] - break: null

2024-02-06 17:28:59 - [TEST_STEP][PASSED] - if (!(FilingYear.isEmpty())): All options with label '2023' are selected in object 'Object Repository/RAD_Pages/TaxTypeFilingYear_Page/select_FilingYear' 

2024-02-06 17:28:59 - [TEST_STEP][PASSED] - selectOptionByLabel(findTestObject(orPath_TaxTypeFilingYear + "/select_FilingYear"), FilingYear, false): All options with label '2023' are selected in object 'Object Repository/RAD_Pages/TaxTypeFilingYear_Page/select_FilingYear' 

2024-02-06 17:29:00 - [MESSAGE][PASSED] - All options with label '2023' are selected in object 'Object Repository/RAD_Pages/TaxTypeFilingYear_Page/select_FilingYear' 

2024-02-06 17:29:00 - [TEST_STEP][PASSED] - if (TaxType.equalsIgnoreCase("Estate Tax")): null

2024-02-06 17:29:00 - [TEST_STEP][PASSED] - else: rad.getSetDataRAD.setDataRADssnAndName is PASSED

2024-02-06 17:29:00 - [TEST_STEP][PASSED] - rad.getSetDataRAD.setDataRADssnAndName(): rad.getSetDataRAD.setDataRADssnAndName is PASSED

2024-02-06 17:29:01 - [MESSAGE][PASSED] - Text 'Jimmy' is set on object 'Object Repository/RAD_Pages/Taxpayer_Page/input_firstName'

2024-02-06 17:29:02 - [MESSAGE][PASSED] - Text 'Anderson' is set on object 'Object Repository/RAD_Pages/Taxpayer_Page/input_lastName'

2024-02-06 17:29:02 - [MESSAGE][PASSED] - Text '123451234' is set on object 'Object Repository/RAD_RecordAndPlay/input_concatSSN'

2024-02-06 17:29:03 - [MESSAGE][PASSED] - Text '123451234' is set on object 'Object Repository/RAD_RecordAndPlay/input_concatReSSN'

2024-02-06 17:29:03 - [MESSAGE][PASSED] - rad.getSetDataRAD.setDataRADssnAndName is PASSED

2024-02-06 17:29:03 - [TEST_STEP][PASSED] - rad.getSetDataRAD.setDataRADAddress(): rad.getSetDataRAD.setDataRADAddress is PASSED

2024-02-06 17:29:04 - [MESSAGE][PASSED] - All options with label 'United States' are selected in object 'Object Repository/RAD_Pages/AddressAndContactInfo_Page/select_Country' 

2024-02-06 17:29:04 - [MESSAGE][PASSED] - Text '2508 Mandan Terrace' is set on object 'Object Repository/RAD_Pages/AddressAndContactInfo_Page/input_streetAddress1'

2024-02-06 17:29:05 - [MESSAGE][PASSED] - Text '' is set on object 'Object Repository/RAD_Pages/AddressAndContactInfo_Page/input_streetAddress2'

2024-02-06 17:29:06 - [MESSAGE][PASSED] - Text 'Gambrills' is set on object 'Object Repository/RAD_Pages/AddressAndContactInfo_Page/input_city'

2024-02-06 17:29:07 - [MESSAGE][PASSED] - All options with label 'Maryland' are selected in object 'Object Repository/RAD_Pages/AddressAndContactInfo_Page/select_State' 

2024-02-06 17:29:08 - [MESSAGE][PASSED] - Text '21054' is set on object 'Object Repository/RAD_Pages/AddressAndContactInfo_Page/input_zipCode'

2024-02-06 17:29:08 - [MESSAGE][PASSED] - Text '(703) 894-5000' is set on object 'Object Repository/RAD_Pages/AddressAndContactInfo_Page/input_phoneNumber'

2024-02-06 17:29:09 - [MESSAGE][PASSED] - Text 'iahmed@govolution.com' is set on object 'Object Repository/RAD_Pages/AddressAndContactInfo_Page/input_eMailAddress'

2024-02-06 17:29:10 - [MESSAGE][PASSED] - Text 'iahmed@govolution.com' is set on object 'Object Repository/RAD_Pages/AddressAndContactInfo_Page/input_reEnterEMailAddress'

2024-02-06 17:29:10 - [MESSAGE][PASSED] - rad.getSetDataRAD.setDataRADAddress is PASSED

2024-02-06 17:29:10 - [TEST_STEP][PASSED] - setText(findTestObject(orPath_Amount + "/input__paymentAmount"), "10.00"): Text '10.00' is set on object 'Object Repository/RAD_Pages/PaymentAmount_Page/input__paymentAmount'

2024-02-06 17:29:11 - [MESSAGE][PASSED] - Text '10.00' is set on object 'Object Repository/RAD_Pages/PaymentAmount_Page/input__paymentAmount'

2024-02-06 17:29:11 - [TEST_STEP][PASSED] - setText(findTestObject(orPath_AddressContact + "/input_streetAddress2"), ""): Text '' is set on object 'Object Repository/RAD_Pages/AddressAndContactInfo_Page/input_streetAddress2'

2024-02-06 17:29:12 - [MESSAGE][PASSED] - Text '' is set on object 'Object Repository/RAD_Pages/AddressAndContactInfo_Page/input_streetAddress2'

2024-02-06 17:29:12 - [TEST_STEP][PASSED] - scrollToElement(findTestObject(orPath_Landing + "/button_Continue"), 3): Scroll to object 'Object Repository/RAD_Pages/Landing_Page/button_Continue' successfully

2024-02-06 17:29:12 - [MESSAGE][PASSED] - Scroll to object 'Object Repository/RAD_Pages/Landing_Page/button_Continue' successfully

2024-02-06 17:29:12 - [TEST_STEP][PASSED] - waitForElementClickable(findTestObject(orPath_Landing + "/button_Continue"), 5): Object 'Object Repository/RAD_Pages/Landing_Page/button_Continue' is clickable

2024-02-06 17:29:12 - [MESSAGE][PASSED] - Object 'Object Repository/RAD_Pages/Landing_Page/button_Continue' is clickable

2024-02-06 17:29:12 - [TEST_STEP][PASSED] - click(findTestObject(orPath_Landing + "/button_Continue")): Object: 'Object Repository/RAD_Pages/Landing_Page/button_Continue' is clicked on

2024-02-06 17:29:13 - [MESSAGE][PASSED] - Object: 'Object Repository/RAD_Pages/Landing_Page/button_Continue' is clicked on

2024-02-06 17:29:13 - [TEST_STEP][PASSED] - delay(2): Delayed 2 second(s)

2024-02-06 17:29:15 - [MESSAGE][PASSED] - Delayed 2 second(s)

2024-02-06 17:29:15 - [TEST_STEP][PASSED] - click(findTestObject(orPath_Summary + "/button_Proceed to Payment")): Object: 'Object Repository/RAD_Pages/Summary_Page/button_Proceed to Payment' is clicked on

2024-02-06 17:29:16 - [MESSAGE][PASSED] - Object: 'Object Repository/RAD_Pages/Summary_Page/button_Proceed to Payment' is clicked on

2024-02-06 17:29:16 - [TEST_STEP][PASSED] - if (verifyElementPresent(findTestObject("Object Repository/RAD_Pages/PaymentEntry_Page/input__billingName"), 30)): null

2024-02-06 17:29:17 - [MESSAGE][PASSED] - Object 'Object Repository/RAD_Pages/PaymentEntry_Page/input__billingName' is present

2024-02-06 17:29:17 - [TEST_STEP][PASSED] - verifyTextPresent("Comptroller of Maryland", true): Text 'Comptroller of Maryland' is present on page  using regular expression

2024-02-06 17:29:17 - [MESSAGE][PASSED] - Text 'Comptroller of Maryland' is present on page  using regular expression

2024-02-06 17:29:17 - [TEST_STEP][PASSED] - verifyTextPresent("Payment Information", true): Text 'Payment Information' is present on page  using regular expression

2024-02-06 17:29:18 - [MESSAGE][PASSED] - Text 'Payment Information' is present on page  using regular expression

2024-02-06 17:29:18 - [TEST_STEP][PASSED] - card_Name = getAttribute(findTestObject("Object Repository/RAD_Pages/PaymentEntry_Page/input__billingName"), "value"): Attribute 'value' of object 'Object Repository/RAD_Pages/PaymentEntry_Page/input__billingName' is: 'Jimmy Anderson'

2024-02-06 17:29:18 - [MESSAGE][PASSED] - Attribute 'value' of object 'Object Repository/RAD_Pages/PaymentEntry_Page/input__billingName' is: 'Jimmy Anderson'

2024-02-06 17:29:18 - [TEST_STEP][PASSED] - switch (executionProfile): null

2024-02-06 17:29:18 - [TEST_STEP][PASSED] - case "QA2Profile":: null

2024-02-06 17:29:18 - [TEST_STEP][PASSED] - verifyMatch("Jimmy Anderson", card_Name, false): Actual text 'Jimmy Anderson' and expected text 'Jimmy Anderson' are matched 

2024-02-06 17:29:18 - [MESSAGE][PASSED] - Actual text 'Jimmy Anderson' and expected text 'Jimmy Anderson' are matched 

2024-02-06 17:29:18 - [TEST_STEP][PASSED] - break: null

2024-02-06 17:29:18 - [TEST_STEP][PASSED] - AL1 = getAttribute(findTestObject("Object Repository/RAD_Pages/PaymentEntry_Page/input_billingAddress"), "value"): Attribute 'value' of object 'Object Repository/RAD_Pages/PaymentEntry_Page/input_billingAddress' is: '2508 Mandan Terrace'

2024-02-06 17:29:18 - [MESSAGE][PASSED] - Attribute 'value' of object 'Object Repository/RAD_Pages/PaymentEntry_Page/input_billingAddress' is: '2508 Mandan Terrace'

2024-02-06 17:29:18 - [TEST_STEP][PASSED] - verifyMatch("2508 Mandan Terrace", AL1, false): Actual text '2508 Mandan Terrace' and expected text '2508 Mandan Terrace' are matched 

2024-02-06 17:29:18 - [MESSAGE][PASSED] - Actual text '2508 Mandan Terrace' and expected text '2508 Mandan Terrace' are matched 

2024-02-06 17:29:18 - [TEST_STEP][PASSED] - AL2 = getAttribute(findTestObject("Object Repository/RAD_Pages/PaymentEntry_Page/input_billingAddress2"), "value"): Attribute 'value' of object 'Object Repository/RAD_Pages/PaymentEntry_Page/input_billingAddress2' is: ''

2024-02-06 17:29:19 - [MESSAGE][PASSED] - Attribute 'value' of object 'Object Repository/RAD_Pages/PaymentEntry_Page/input_billingAddress2' is: ''

2024-02-06 17:29:19 - [TEST_STEP][PASSED] - verifyMatch("", AL2, false): Actual text '' and expected text '' are matched 

2024-02-06 17:29:19 - [MESSAGE][PASSED] - Actual text '' and expected text '' are matched 

2024-02-06 17:29:19 - [TEST_STEP][PASSED] - zipCode = getAttribute(findTestObject("Object Repository/RAD_Pages/PaymentEntry_Page/input_billingZip"), "value"): Attribute 'value' of object 'Object Repository/RAD_Pages/PaymentEntry_Page/input_billingZip' is: '21054'

2024-02-06 17:29:19 - [MESSAGE][PASSED] - Attribute 'value' of object 'Object Repository/RAD_Pages/PaymentEntry_Page/input_billingZip' is: '21054'

2024-02-06 17:29:19 - [TEST_STEP][PASSED] - verifyMatch("21054", zipCode, false): Actual text '21054' and expected text '21054' are matched 

2024-02-06 17:29:19 - [MESSAGE][PASSED] - Actual text '21054' and expected text '21054' are matched 

2024-02-06 17:29:19 - [TEST_STEP][PASSED] - city = getAttribute(findTestObject("Object Repository/RAD_Pages/PaymentEntry_Page/input_billingCity"), "value"): Attribute 'value' of object 'Object Repository/RAD_Pages/PaymentEntry_Page/input_billingCity' is: 'GAMBRILLS'

2024-02-06 17:29:19 - [MESSAGE][PASSED] - Attribute 'value' of object 'Object Repository/RAD_Pages/PaymentEntry_Page/input_billingCity' is: 'GAMBRILLS'

2024-02-06 17:29:19 - [TEST_STEP][PASSED] - verifyMatch("GAMBRILLS", city, false): Actual text 'GAMBRILLS' and expected text 'GAMBRILLS' are matched 

2024-02-06 17:29:19 - [MESSAGE][PASSED] - Actual text 'GAMBRILLS' and expected text 'GAMBRILLS' are matched 

2024-02-06 17:29:19 - [TEST_STEP][PASSED] - email = getAttribute(findTestObject("Object Repository/RAD_Pages/PaymentEntry_Page/input_emailAddress"), "value"): Attribute 'value' of object 'Object Repository/RAD_Pages/PaymentEntry_Page/input_emailAddress' is: 'iahmed@govolution.com'

2024-02-06 17:29:20 - [MESSAGE][PASSED] - Attribute 'value' of object 'Object Repository/RAD_Pages/PaymentEntry_Page/input_emailAddress' is: 'iahmed@govolution.com'

2024-02-06 17:29:20 - [TEST_STEP][PASSED] - verifyMatch("iahmed@govolution.com", email, false): Actual text 'iahmed@govolution.com' and expected text 'iahmed@govolution.com' are matched 

2024-02-06 17:29:20 - [MESSAGE][PASSED] - Actual text 'iahmed@govolution.com' and expected text 'iahmed@govolution.com' are matched 

2024-02-06 17:29:20 - [TEST_STEP][PASSED] - amount = getAttribute(findTestObject("Object Repository/RAD_Pages/PaymentEntry_Page/input_amount"), "value"): Attribute 'value' of object 'Object Repository/RAD_Pages/PaymentEntry_Page/input_amount' is: '10.00'

2024-02-06 17:29:20 - [MESSAGE][PASSED] - Attribute 'value' of object 'Object Repository/RAD_Pages/PaymentEntry_Page/input_amount' is: '10.00'

2024-02-06 17:29:20 - [TEST_STEP][PASSED] - verifyMatch("10.00", amount, false): Actual text '10.00' and expected text '10.00' are matched 

2024-02-06 17:29:20 - [MESSAGE][PASSED] - Actual text '10.00' and expected text '10.00' are matched 

2024-02-06 17:29:20 - [TEST_STEP][PASSED] - amountReadOnly = getAttribute(findTestObject("Object Repository/RAD_Pages/PaymentEntry_Page/input_amount"), "readonly"): Attribute 'readonly' of object 'Object Repository/RAD_Pages/PaymentEntry_Page/input_amount' is: 'true'

2024-02-06 17:29:20 - [MESSAGE][PASSED] - Attribute 'readonly' of object 'Object Repository/RAD_Pages/PaymentEntry_Page/input_amount' is: 'true'

2024-02-06 17:29:20 - [TEST_STEP][PASSED] - verifyMatch("true", amountReadOnly, false): Actual text 'true' and expected text 'true' are matched 

2024-02-06 17:29:20 - [MESSAGE][PASSED] - Actual text 'true' and expected text 'true' are matched 

2024-02-06 17:29:20 - [TEST_STEP][PASSED] - verifyOptionSelectedByLabel(findTestObject("Object Repository/RAD_Pages/PaymentEntry_Page/select_Country"), "United States", false, 20): All options with label 'United States' are selected in object 'Object Repository/RAD_Pages/PaymentEntry_Page/select_Country' 

2024-02-06 17:29:21 - [MESSAGE][PASSED] - All options with label 'United States' are selected in object 'Object Repository/RAD_Pages/PaymentEntry_Page/select_Country' 

2024-02-06 17:29:21 - [TEST_STEP][PASSED] - verifyOptionSelectedByLabel(findTestObject("Object Repository/RAD_Pages/PaymentEntry_Page/select_State"), "Maryland", false, 20): All options with label 'Maryland' are selected in object 'Object Repository/RAD_Pages/PaymentEntry_Page/select_State' 

2024-02-06 17:29:24 - [MESSAGE][PASSED] - All options with label 'Maryland' are selected in object 'Object Repository/RAD_Pages/PaymentEntry_Page/select_State' 

2024-02-06 17:29:24 - [TEST_STEP][PASSED] - setText(findTestObject(orPath_PaymentEntry + "/input__cardNumber"), "4111111111111111"): Text '4111111111111111' is set on object 'Object Repository/RAD_Pages/PaymentEntry_Page/input__cardNumber'

2024-02-06 17:29:25 - [MESSAGE][PASSED] - Text '4111111111111111' is set on object 'Object Repository/RAD_Pages/PaymentEntry_Page/input__cardNumber'

2024-02-06 17:29:25 - [TEST_STEP][PASSED] - setText(findTestObject(orPath_PaymentEntry + "/input__spc"), "123"): Text '123' is set on object 'Object Repository/RAD_Pages/PaymentEntry_Page/input__spc'

2024-02-06 17:29:25 - [MESSAGE][PASSED] - Text '123' is set on object 'Object Repository/RAD_Pages/PaymentEntry_Page/input__spc'

2024-02-06 17:29:25 - [TEST_STEP][PASSED] - selectOptionByLabel(findTestObject(orPath_PaymentEntry + "/select_MM"), "12", false): All options with label '12' are selected in object 'Object Repository/RAD_Pages/PaymentEntry_Page/select_MM' 

2024-02-06 17:29:26 - [MESSAGE][PASSED] - All options with label '12' are selected in object 'Object Repository/RAD_Pages/PaymentEntry_Page/select_MM' 

2024-02-06 17:29:26 - [TEST_STEP][PASSED] - selectOptionByLabel(findTestObject(orPath_PaymentEntry + "/select_YYYY"), "2028", false): All options with label '2028' are selected in object 'Object Repository/RAD_Pages/PaymentEntry_Page/select_YYYY' 

2024-02-06 17:29:27 - [MESSAGE][PASSED] - All options with label '2028' are selected in object 'Object Repository/RAD_Pages/PaymentEntry_Page/select_YYYY' 

2024-02-06 17:29:27 - [TEST_STEP][PASSED] - click(findTestObject(orPath_PaymentEntry + "/input_Field_ccSubmit")): Object: 'Object Repository/RAD_Pages/PaymentEntry_Page/input_Field_ccSubmit' is clicked on

2024-02-06 17:29:28 - [MESSAGE][PASSED] - Object: 'Object Repository/RAD_Pages/PaymentEntry_Page/input_Field_ccSubmit' is clicked on

2024-02-06 17:29:28 - [TEST_STEP][PASSED] - click(findTestObject(orPath_PaymentConfirmation + "/input_N_confirmNotifyAction")): Object: 'Object Repository/RAD_Pages/PaymentConfirmation_Page/input_N_confirmNotifyAction' is clicked on

2024-02-06 17:29:29 - [MESSAGE][PASSED] - Object: 'Object Repository/RAD_Pages/PaymentConfirmation_Page/input_N_confirmNotifyAction' is clicked on

2024-02-06 17:29:29 - [TEST_STEP][PASSED] - verifyTextPresent("Service Fee Acceptance", true): Text 'Service Fee Acceptance' is present on page  using regular expression

2024-02-06 17:29:29 - [MESSAGE][PASSED] - Text 'Service Fee Acceptance' is present on page  using regular expression

2024-02-06 17:29:29 - [TEST_STEP][PASSED] - verifyTextPresent("This transaction is subject to a Service Fee of ", true): Text 'This transaction is subject to a Service Fee of ' is present on page  using regular expression

2024-02-06 17:29:29 - [MESSAGE][PASSED] - Text 'This transaction is subject to a Service Fee of ' is present on page  using regular expression

2024-02-06 17:29:29 - [TEST_STEP][PASSED] - verifyTextPresent("Payment Amount:", true): Text 'Payment Amount:' is present on page  using regular expression

2024-02-06 17:29:30 - [MESSAGE][PASSED] - Text 'Payment Amount:' is present on page  using regular expression

2024-02-06 17:29:30 - [TEST_STEP][PASSED] - verifyTextPresent("10.00", true): Text '10.00' is present on page  using regular expression

2024-02-06 17:29:30 - [MESSAGE][PASSED] - Text '10.00' is present on page  using regular expression

2024-02-06 17:29:30 - [TEST_STEP][PASSED] - verifyTextPresent("Service Fee:", true): Text 'Service Fee:' is present on page  using regular expression

2024-02-06 17:29:30 - [MESSAGE][PASSED] - Text 'Service Fee:' is present on page  using regular expression

2024-02-06 17:29:30 - [TEST_STEP][PASSED] - verifyTextPresent("1.00", true): Text '1.00' is present on page  using regular expression

2024-02-06 17:29:31 - [MESSAGE][PASSED] - Text '1.00' is present on page  using regular expression

2024-02-06 17:29:31 - [TEST_STEP][PASSED] - verifyTextPresent("Total Amount:", true): Text 'Total Amount:' is present on page  using regular expression

2024-02-06 17:29:31 - [MESSAGE][PASSED] - Text 'Total Amount:' is present on page  using regular expression

2024-02-06 17:29:31 - [TEST_STEP][PASSED] - verifyTextPresent("11.00", true): Text '11.00' is present on page  using regular expression

2024-02-06 17:29:31 - [MESSAGE][PASSED] - Text '11.00' is present on page  using regular expression

2024-02-06 17:29:31 - [TEST_STEP][PASSED] - verifyTextPresent("Two transactions will appear on your bank statement, one in the amount of", true): Text 'Two transactions will appear on your bank statement, one in the amount of' is present on page  using regular expression

2024-02-06 17:29:31 - [MESSAGE][PASSED] - Text 'Two transactions will appear on your bank statement, one in the amount of' is present on page  using regular expression

2024-02-06 17:29:31 - [TEST_STEP][PASSED] - if (verifyElementPresent(findTestObject(orPath_ServiceFeesAccept + "/input_convFeeNotifyAction"), 30)): null

2024-02-06 17:29:32 - [MESSAGE][PASSED] - Object 'Object Repository/RAD_Pages/ServiceFeeAccept_Page/input_convFeeNotifyAction' is present

2024-02-06 17:29:32 - [TEST_STEP][PASSED] - resText = "Pass": null

2024-02-06 17:29:32 - [TEST_STEP][PASSED] - pages.WriteExcel.demoKey(resText, datText, resColumn, datCloumn, fileLoc, nameSheet, row): pages.WriteExcel.demoKey is PASSED

2024-02-06 17:29:32 - [MESSAGE][PASSED] - pages.WriteExcel.demoKey is PASSED

2024-02-06 17:29:32 - [TEST_STEP][PASSED] - if (execProfile == "QAProfile" || execProfile == "QA2Profile"): Text 'Successful Payment Receipt' is present on page  using regular expression

2024-02-06 17:29:32 - [TEST_STEP][PASSED] - click(findTestObject(orPath_ServiceFeesAccept + "/input_convFeeNotifyAction")): Object: 'Object Repository/RAD_Pages/ServiceFeeAccept_Page/input_convFeeNotifyAction' is clicked on

2024-02-06 17:29:33 - [MESSAGE][PASSED] - Object: 'Object Repository/RAD_Pages/ServiceFeeAccept_Page/input_convFeeNotifyAction' is clicked on

2024-02-06 17:29:33 - [TEST_STEP][PASSED] - delay(10): Delayed 10 second(s)

2024-02-06 17:29:43 - [MESSAGE][PASSED] - Delayed 10 second(s)

2024-02-06 17:29:43 - [TEST_STEP][PASSED] - verifyTextPresent("Successful Payment Receipt", true): Text 'Successful Payment Receipt' is present on page  using regular expression

2024-02-06 17:29:43 - [MESSAGE][PASSED] - Text 'Successful Payment Receipt' is present on page  using regular expression

2024-02-06 17:29:43 - [TEST_STEP][PASSED] - ExecuteTC = findTestData(dataFile).getValue("Execute", row): null

2024-02-06 17:29:43 - [TEST_STEP][PASSED] - TaxType = findTestData(dataFile).getValue("TaxType", row): null

2024-02-06 17:29:43 - [TEST_STEP][PASSED] - PaymentType = findTestData(dataFile).getValue("PaymentType", row): null

2024-02-06 17:29:43 - [TEST_STEP][PASSED] - FilingYear = findTestData(dataFile).getValue("Year", row): null

2024-02-06 17:29:43 - [TEST_STEP][PASSED] - if (ExecuteTC.equalsIgnoreCase("Y")): null

2024-02-06 17:29:43 - [TEST_STEP][PASSED] - out.println("Begin Record Number: " + row): null

2024-02-06 17:29:43 - [TEST_STEP][PASSED] - today = new java.util.Date(): null

2024-02-06 17:29:43 - [TEST_STEP][PASSED] - println(today): null

2024-02-06 17:29:43 - [TEST_STEP][PASSED] - datText = today: null

2024-02-06 17:29:43 - [TEST_STEP][PASSED] - logInfo("Payment Type: " + PaymentType): Payment Type: New Tax Return Amount Due

2024-02-06 17:29:43 - [MESSAGE][INFO] - Payment Type: New Tax Return Amount Due

2024-02-06 17:29:43 - [TEST_STEP][PASSED] - logInfo("Tax Type: " + TaxType): Tax Type: Personal Income Tax

2024-02-06 17:29:43 - [MESSAGE][INFO] - Tax Type: Personal Income Tax

2024-02-06 17:29:43 - [TEST_STEP][PASSED] - openBrowser(""): Browser is opened with url: ''

2024-02-06 17:29:43 - [MESSAGE][WARNING] - A browser is already opened. Closing browser and opening a new one

2024-02-06 17:29:44 - [MESSAGE][INFO] - Starting 'Chrome' driver

2024-02-06 17:29:44 - [MESSAGE][INFO] - User set preference: ['acceptInsecureCerts', 'true']

2024-02-06 17:29:44 - [MESSAGE][INFO] - Action delay is set to 0 milliseconds

2024-02-06 17:29:46 - [MESSAGE][PASSED] - Browser is opened with url: ''

2024-02-06 17:29:46 - [TEST_STEP][PASSED] - maximizeWindow(): Current window maximized

2024-02-06 17:29:46 - [MESSAGE][PASSED] - Current window maximized

2024-02-06 17:29:46 - [TEST_STEP][PASSED] - navigateToUrl(RADurl): Navigate to 'https://qa2.velocitypayment.com/client/rad/index.html' successfully

2024-02-06 17:29:46 - [MESSAGE][PASSED] - Navigate to 'https://qa2.velocitypayment.com/client/rad/index.html' successfully

2024-02-06 17:29:46 - [TEST_STEP][PASSED] - selectOptionByLabel(findTestObject(orPath_Landing + "/dd_TaxType"), PaymentType, false): All options with label 'New Tax Return Amount Due' are selected in object 'Object Repository/RAD_Pages/Landing_Page/dd_TaxType' 

2024-02-06 17:29:48 - [MESSAGE][PASSED] - All options with label 'New Tax Return Amount Due' are selected in object 'Object Repository/RAD_Pages/Landing_Page/dd_TaxType' 

2024-02-06 17:29:48 - [TEST_STEP][PASSED] - switch (PaymentType): null

2024-02-06 17:29:48 - [TEST_STEP][PASSED] - case "New Tax Return Amount Due":: null

2024-02-06 17:29:48 - [TEST_STEP][PASSED] - selectOptionByLabel(findTestObject("Object Repository/RAD_Pages/Landing_Page/select_NewTaxReturnAmountDue_TaxType"), TaxType, false): All options with label 'Personal Income Tax' are selected in object 'Object Repository/RAD_Pages/Landing_Page/select_NewTaxReturnAmountDue_TaxType' 

2024-02-06 17:29:49 - [MESSAGE][PASSED] - All options with label 'Personal Income Tax' are selected in object 'Object Repository/RAD_Pages/Landing_Page/select_NewTaxReturnAmountDue_TaxType' 

2024-02-06 17:29:49 - [TEST_STEP][PASSED] - break: null

2024-02-06 17:29:49 - [TEST_STEP][PASSED] - if (!(FilingYear.isEmpty())): All options with label '2022' are selected in object 'Object Repository/RAD_Pages/TaxTypeFilingYear_Page/select_FilingYear' 

2024-02-06 17:29:49 - [TEST_STEP][PASSED] - selectOptionByLabel(findTestObject(orPath_TaxTypeFilingYear + "/select_FilingYear"), FilingYear, false): All options with label '2022' are selected in object 'Object Repository/RAD_Pages/TaxTypeFilingYear_Page/select_FilingYear' 

2024-02-06 17:29:50 - [MESSAGE][PASSED] - All options with label '2022' are selected in object 'Object Repository/RAD_Pages/TaxTypeFilingYear_Page/select_FilingYear' 

2024-02-06 17:29:50 - [TEST_STEP][PASSED] - if (TaxType.equalsIgnoreCase("Estate Tax")): null

2024-02-06 17:29:50 - [TEST_STEP][PASSED] - else: rad.getSetDataRAD.setDataRADssnAndName is PASSED

2024-02-06 17:29:50 - [TEST_STEP][PASSED] - rad.getSetDataRAD.setDataRADssnAndName(): rad.getSetDataRAD.setDataRADssnAndName is PASSED

2024-02-06 17:29:51 - [MESSAGE][PASSED] - Text 'Jimmy' is set on object 'Object Repository/RAD_Pages/Taxpayer_Page/input_firstName'

2024-02-06 17:29:51 - [MESSAGE][PASSED] - Text 'Anderson' is set on object 'Object Repository/RAD_Pages/Taxpayer_Page/input_lastName'

2024-02-06 17:29:52 - [MESSAGE][PASSED] - Text '123451234' is set on object 'Object Repository/RAD_RecordAndPlay/input_concatSSN'

2024-02-06 17:29:53 - [MESSAGE][PASSED] - Text '123451234' is set on object 'Object Repository/RAD_RecordAndPlay/input_concatReSSN'

2024-02-06 17:29:53 - [MESSAGE][PASSED] - rad.getSetDataRAD.setDataRADssnAndName is PASSED

2024-02-06 17:29:53 - [TEST_STEP][PASSED] - rad.getSetDataRAD.setDataRADAddress(): rad.getSetDataRAD.setDataRADAddress is PASSED

2024-02-06 17:29:54 - [MESSAGE][PASSED] - All options with label 'United States' are selected in object 'Object Repository/RAD_Pages/AddressAndContactInfo_Page/select_Country' 

2024-02-06 17:29:55 - [MESSAGE][PASSED] - Text '2508 Mandan Terrace' is set on object 'Object Repository/RAD_Pages/AddressAndContactInfo_Page/input_streetAddress1'

2024-02-06 17:29:55 - [MESSAGE][PASSED] - Text '' is set on object 'Object Repository/RAD_Pages/AddressAndContactInfo_Page/input_streetAddress2'

2024-02-06 17:29:56 - [MESSAGE][PASSED] - Text 'Gambrills' is set on object 'Object Repository/RAD_Pages/AddressAndContactInfo_Page/input_city'

2024-02-06 17:29:57 - [MESSAGE][PASSED] - All options with label 'Maryland' are selected in object 'Object Repository/RAD_Pages/AddressAndContactInfo_Page/select_State' 

2024-02-06 17:29:58 - [MESSAGE][PASSED] - Text '21054' is set on object 'Object Repository/RAD_Pages/AddressAndContactInfo_Page/input_zipCode'

2024-02-06 17:29:59 - [MESSAGE][PASSED] - Text '(703) 894-5000' is set on object 'Object Repository/RAD_Pages/AddressAndContactInfo_Page/input_phoneNumber'

2024-02-06 17:30:00 - [MESSAGE][PASSED] - Text 'iahmed@govolution.com' is set on object 'Object Repository/RAD_Pages/AddressAndContactInfo_Page/input_eMailAddress'

2024-02-06 17:30:00 - [MESSAGE][PASSED] - Text 'iahmed@govolution.com' is set on object 'Object Repository/RAD_Pages/AddressAndContactInfo_Page/input_reEnterEMailAddress'

2024-02-06 17:30:00 - [MESSAGE][PASSED] - rad.getSetDataRAD.setDataRADAddress is PASSED

2024-02-06 17:30:00 - [TEST_STEP][PASSED] - setText(findTestObject(orPath_Amount + "/input__paymentAmount"), "10.00"): Text '10.00' is set on object 'Object Repository/RAD_Pages/PaymentAmount_Page/input__paymentAmount'

2024-02-06 17:30:01 - [MESSAGE][PASSED] - Text '10.00' is set on object 'Object Repository/RAD_Pages/PaymentAmount_Page/input__paymentAmount'

2024-02-06 17:30:01 - [TEST_STEP][PASSED] - setText(findTestObject(orPath_AddressContact + "/input_streetAddress2"), ""): Text '' is set on object 'Object Repository/RAD_Pages/AddressAndContactInfo_Page/input_streetAddress2'

2024-02-06 17:30:02 - [MESSAGE][PASSED] - Text '' is set on object 'Object Repository/RAD_Pages/AddressAndContactInfo_Page/input_streetAddress2'

2024-02-06 17:30:02 - [TEST_STEP][PASSED] - scrollToElement(findTestObject(orPath_Landing + "/button_Continue"), 3): Scroll to object 'Object Repository/RAD_Pages/Landing_Page/button_Continue' successfully

2024-02-06 17:30:03 - [MESSAGE][PASSED] - Scroll to object 'Object Repository/RAD_Pages/Landing_Page/button_Continue' successfully

2024-02-06 17:30:03 - [TEST_STEP][PASSED] - waitForElementClickable(findTestObject(orPath_Landing + "/button_Continue"), 5): Object 'Object Repository/RAD_Pages/Landing_Page/button_Continue' is clickable

2024-02-06 17:30:03 - [MESSAGE][PASSED] - Object 'Object Repository/RAD_Pages/Landing_Page/button_Continue' is clickable

2024-02-06 17:30:03 - [TEST_STEP][PASSED] - click(findTestObject(orPath_Landing + "/button_Continue")): Object: 'Object Repository/RAD_Pages/Landing_Page/button_Continue' is clicked on

2024-02-06 17:30:04 - [MESSAGE][PASSED] - Object: 'Object Repository/RAD_Pages/Landing_Page/button_Continue' is clicked on

2024-02-06 17:30:04 - [TEST_STEP][PASSED] - delay(2): Delayed 2 second(s)

2024-02-06 17:30:06 - [MESSAGE][PASSED] - Delayed 2 second(s)

2024-02-06 17:30:06 - [TEST_STEP][PASSED] - click(findTestObject(orPath_Summary + "/button_Proceed to Payment")): Object: 'Object Repository/RAD_Pages/Summary_Page/button_Proceed to Payment' is clicked on

2024-02-06 17:30:08 - [MESSAGE][PASSED] - Object: 'Object Repository/RAD_Pages/Summary_Page/button_Proceed to Payment' is clicked on

2024-02-06 17:30:08 - [TEST_STEP][PASSED] - if (verifyElementPresent(findTestObject("Object Repository/RAD_Pages/PaymentEntry_Page/input__billingName"), 30)): null

2024-02-06 17:30:08 - [MESSAGE][PASSED] - Object 'Object Repository/RAD_Pages/PaymentEntry_Page/input__billingName' is present

2024-02-06 17:30:08 - [TEST_STEP][PASSED] - verifyTextPresent("Comptroller of Maryland", true): Text 'Comptroller of Maryland' is present on page  using regular expression

2024-02-06 17:30:09 - [MESSAGE][PASSED] - Text 'Comptroller of Maryland' is present on page  using regular expression

2024-02-06 17:30:09 - [TEST_STEP][PASSED] - verifyTextPresent("Payment Information", true): Text 'Payment Information' is present on page  using regular expression

2024-02-06 17:30:09 - [MESSAGE][PASSED] - Text 'Payment Information' is present on page  using regular expression

2024-02-06 17:30:09 - [TEST_STEP][PASSED] - card_Name = getAttribute(findTestObject("Object Repository/RAD_Pages/PaymentEntry_Page/input__billingName"), "value"): Attribute 'value' of object 'Object Repository/RAD_Pages/PaymentEntry_Page/input__billingName' is: 'Jimmy Anderson'

2024-02-06 17:30:09 - [MESSAGE][PASSED] - Attribute 'value' of object 'Object Repository/RAD_Pages/PaymentEntry_Page/input__billingName' is: 'Jimmy Anderson'

2024-02-06 17:30:09 - [TEST_STEP][PASSED] - switch (executionProfile): null

2024-02-06 17:30:09 - [TEST_STEP][PASSED] - case "QA2Profile":: null

2024-02-06 17:30:09 - [TEST_STEP][PASSED] - verifyMatch("Jimmy Anderson", card_Name, false): Actual text 'Jimmy Anderson' and expected text 'Jimmy Anderson' are matched 

2024-02-06 17:30:09 - [MESSAGE][PASSED] - Actual text 'Jimmy Anderson' and expected text 'Jimmy Anderson' are matched 

2024-02-06 17:30:09 - [TEST_STEP][PASSED] - break: null

2024-02-06 17:30:09 - [TEST_STEP][PASSED] - AL1 = getAttribute(findTestObject("Object Repository/RAD_Pages/PaymentEntry_Page/input_billingAddress"), "value"): Attribute 'value' of object 'Object Repository/RAD_Pages/PaymentEntry_Page/input_billingAddress' is: '2508 Mandan Terrace'

2024-02-06 17:30:10 - [MESSAGE][PASSED] - Attribute 'value' of object 'Object Repository/RAD_Pages/PaymentEntry_Page/input_billingAddress' is: '2508 Mandan Terrace'

2024-02-06 17:30:10 - [TEST_STEP][PASSED] - verifyMatch("2508 Mandan Terrace", AL1, false): Actual text '2508 Mandan Terrace' and expected text '2508 Mandan Terrace' are matched 

2024-02-06 17:30:10 - [MESSAGE][PASSED] - Actual text '2508 Mandan Terrace' and expected text '2508 Mandan Terrace' are matched 

2024-02-06 17:30:10 - [TEST_STEP][PASSED] - AL2 = getAttribute(findTestObject("Object Repository/RAD_Pages/PaymentEntry_Page/input_billingAddress2"), "value"): Attribute 'value' of object 'Object Repository/RAD_Pages/PaymentEntry_Page/input_billingAddress2' is: ''

2024-02-06 17:30:10 - [MESSAGE][PASSED] - Attribute 'value' of object 'Object Repository/RAD_Pages/PaymentEntry_Page/input_billingAddress2' is: ''

2024-02-06 17:30:10 - [TEST_STEP][PASSED] - verifyMatch("", AL2, false): Actual text '' and expected text '' are matched 

2024-02-06 17:30:10 - [MESSAGE][PASSED] - Actual text '' and expected text '' are matched 

2024-02-06 17:30:10 - [TEST_STEP][PASSED] - zipCode = getAttribute(findTestObject("Object Repository/RAD_Pages/PaymentEntry_Page/input_billingZip"), "value"): Attribute 'value' of object 'Object Repository/RAD_Pages/PaymentEntry_Page/input_billingZip' is: '21054'

2024-02-06 17:30:10 - [MESSAGE][PASSED] - Attribute 'value' of object 'Object Repository/RAD_Pages/PaymentEntry_Page/input_billingZip' is: '21054'

2024-02-06 17:30:10 - [TEST_STEP][PASSED] - verifyMatch("21054", zipCode, false): Actual text '21054' and expected text '21054' are matched 

2024-02-06 17:30:10 - [MESSAGE][PASSED] - Actual text '21054' and expected text '21054' are matched 

2024-02-06 17:30:10 - [TEST_STEP][PASSED] - city = getAttribute(findTestObject("Object Repository/RAD_Pages/PaymentEntry_Page/input_billingCity"), "value"): Attribute 'value' of object 'Object Repository/RAD_Pages/PaymentEntry_Page/input_billingCity' is: 'GAMBRILLS'

2024-02-06 17:30:10 - [MESSAGE][PASSED] - Attribute 'value' of object 'Object Repository/RAD_Pages/PaymentEntry_Page/input_billingCity' is: 'GAMBRILLS'

2024-02-06 17:30:10 - [TEST_STEP][PASSED] - verifyMatch("GAMBRILLS", city, false): Actual text 'GAMBRILLS' and expected text 'GAMBRILLS' are matched 

2024-02-06 17:30:11 - [MESSAGE][PASSED] - Actual text 'GAMBRILLS' and expected text 'GAMBRILLS' are matched 

2024-02-06 17:30:11 - [TEST_STEP][PASSED] - email = getAttribute(findTestObject("Object Repository/RAD_Pages/PaymentEntry_Page/input_emailAddress"), "value"): Attribute 'value' of object 'Object Repository/RAD_Pages/PaymentEntry_Page/input_emailAddress' is: 'iahmed@govolution.com'

2024-02-06 17:30:11 - [MESSAGE][PASSED] - Attribute 'value' of object 'Object Repository/RAD_Pages/PaymentEntry_Page/input_emailAddress' is: 'iahmed@govolution.com'

2024-02-06 17:30:11 - [TEST_STEP][PASSED] - verifyMatch("iahmed@govolution.com", email, false): Actual text 'iahmed@govolution.com' and expected text 'iahmed@govolution.com' are matched 

2024-02-06 17:30:11 - [MESSAGE][PASSED] - Actual text 'iahmed@govolution.com' and expected text 'iahmed@govolution.com' are matched 

2024-02-06 17:30:11 - [TEST_STEP][PASSED] - amount = getAttribute(findTestObject("Object Repository/RAD_Pages/PaymentEntry_Page/input_amount"), "value"): Attribute 'value' of object 'Object Repository/RAD_Pages/PaymentEntry_Page/input_amount' is: '10.00'

2024-02-06 17:30:11 - [MESSAGE][PASSED] - Attribute 'value' of object 'Object Repository/RAD_Pages/PaymentEntry_Page/input_amount' is: '10.00'

2024-02-06 17:30:11 - [TEST_STEP][PASSED] - verifyMatch("10.00", amount, false): Actual text '10.00' and expected text '10.00' are matched 

2024-02-06 17:30:11 - [MESSAGE][PASSED] - Actual text '10.00' and expected text '10.00' are matched 

2024-02-06 17:30:11 - [TEST_STEP][PASSED] - amountReadOnly = getAttribute(findTestObject("Object Repository/RAD_Pages/PaymentEntry_Page/input_amount"), "readonly"): Attribute 'readonly' of object 'Object Repository/RAD_Pages/PaymentEntry_Page/input_amount' is: 'true'

2024-02-06 17:30:12 - [MESSAGE][PASSED] - Attribute 'readonly' of object 'Object Repository/RAD_Pages/PaymentEntry_Page/input_amount' is: 'true'

2024-02-06 17:30:12 - [TEST_STEP][PASSED] - verifyMatch("true", amountReadOnly, false): Actual text 'true' and expected text 'true' are matched 

2024-02-06 17:30:12 - [MESSAGE][PASSED] - Actual text 'true' and expected text 'true' are matched 

2024-02-06 17:30:12 - [TEST_STEP][PASSED] - verifyOptionSelectedByLabel(findTestObject("Object Repository/RAD_Pages/PaymentEntry_Page/select_Country"), "United States", false, 20): All options with label 'United States' are selected in object 'Object Repository/RAD_Pages/PaymentEntry_Page/select_Country' 

2024-02-06 17:30:13 - [MESSAGE][PASSED] - All options with label 'United States' are selected in object 'Object Repository/RAD_Pages/PaymentEntry_Page/select_Country' 

2024-02-06 17:30:13 - [TEST_STEP][PASSED] - verifyOptionSelectedByLabel(findTestObject("Object Repository/RAD_Pages/PaymentEntry_Page/select_State"), "Maryland", false, 20): All options with label 'Maryland' are selected in object 'Object Repository/RAD_Pages/PaymentEntry_Page/select_State' 

2024-02-06 17:30:15 - [MESSAGE][PASSED] - All options with label 'Maryland' are selected in object 'Object Repository/RAD_Pages/PaymentEntry_Page/select_State' 

2024-02-06 17:30:15 - [TEST_STEP][PASSED] - setText(findTestObject(orPath_PaymentEntry + "/input__cardNumber"), "4111111111111111"): Text '4111111111111111' is set on object 'Object Repository/RAD_Pages/PaymentEntry_Page/input__cardNumber'

2024-02-06 17:30:16 - [MESSAGE][PASSED] - Text '4111111111111111' is set on object 'Object Repository/RAD_Pages/PaymentEntry_Page/input__cardNumber'

2024-02-06 17:30:16 - [TEST_STEP][PASSED] - setText(findTestObject(orPath_PaymentEntry + "/input__spc"), "123"): Text '123' is set on object 'Object Repository/RAD_Pages/PaymentEntry_Page/input__spc'

2024-02-06 17:30:17 - [MESSAGE][PASSED] - Text '123' is set on object 'Object Repository/RAD_Pages/PaymentEntry_Page/input__spc'

2024-02-06 17:30:17 - [TEST_STEP][PASSED] - selectOptionByLabel(findTestObject(orPath_PaymentEntry + "/select_MM"), "12", false): All options with label '12' are selected in object 'Object Repository/RAD_Pages/PaymentEntry_Page/select_MM' 

2024-02-06 17:30:17 - [MESSAGE][PASSED] - All options with label '12' are selected in object 'Object Repository/RAD_Pages/PaymentEntry_Page/select_MM' 

2024-02-06 17:30:17 - [TEST_STEP][PASSED] - selectOptionByLabel(findTestObject(orPath_PaymentEntry + "/select_YYYY"), "2028", false): All options with label '2028' are selected in object 'Object Repository/RAD_Pages/PaymentEntry_Page/select_YYYY' 

2024-02-06 17:30:18 - [MESSAGE][PASSED] - All options with label '2028' are selected in object 'Object Repository/RAD_Pages/PaymentEntry_Page/select_YYYY' 

2024-02-06 17:30:18 - [TEST_STEP][PASSED] - click(findTestObject(orPath_PaymentEntry + "/input_Field_ccSubmit")): Object: 'Object Repository/RAD_Pages/PaymentEntry_Page/input_Field_ccSubmit' is clicked on

2024-02-06 17:30:19 - [MESSAGE][PASSED] - Object: 'Object Repository/RAD_Pages/PaymentEntry_Page/input_Field_ccSubmit' is clicked on

2024-02-06 17:30:19 - [TEST_STEP][PASSED] - click(findTestObject(orPath_PaymentConfirmation + "/input_N_confirmNotifyAction")): Object: 'Object Repository/RAD_Pages/PaymentConfirmation_Page/input_N_confirmNotifyAction' is clicked on

2024-02-06 17:30:20 - [MESSAGE][PASSED] - Object: 'Object Repository/RAD_Pages/PaymentConfirmation_Page/input_N_confirmNotifyAction' is clicked on

2024-02-06 17:30:20 - [TEST_STEP][PASSED] - verifyTextPresent("Service Fee Acceptance", true): Text 'Service Fee Acceptance' is present on page  using regular expression

2024-02-06 17:30:20 - [MESSAGE][PASSED] - Text 'Service Fee Acceptance' is present on page  using regular expression

2024-02-06 17:30:20 - [TEST_STEP][PASSED] - verifyTextPresent("This transaction is subject to a Service Fee of ", true): Text 'This transaction is subject to a Service Fee of ' is present on page  using regular expression

2024-02-06 17:30:21 - [MESSAGE][PASSED] - Text 'This transaction is subject to a Service Fee of ' is present on page  using regular expression

2024-02-06 17:30:21 - [TEST_STEP][PASSED] - verifyTextPresent("Payment Amount:", true): Text 'Payment Amount:' is present on page  using regular expression

2024-02-06 17:30:21 - [MESSAGE][PASSED] - Text 'Payment Amount:' is present on page  using regular expression

2024-02-06 17:30:21 - [TEST_STEP][PASSED] - verifyTextPresent("10.00", true): Text '10.00' is present on page  using regular expression

2024-02-06 17:30:21 - [MESSAGE][PASSED] - Text '10.00' is present on page  using regular expression

2024-02-06 17:30:21 - [TEST_STEP][PASSED] - verifyTextPresent("Service Fee:", true): Text 'Service Fee:' is present on page  using regular expression

2024-02-06 17:30:22 - [MESSAGE][PASSED] - Text 'Service Fee:' is present on page  using regular expression

2024-02-06 17:30:22 - [TEST_STEP][PASSED] - verifyTextPresent("1.00", true): Text '1.00' is present on page  using regular expression

2024-02-06 17:30:22 - [MESSAGE][PASSED] - Text '1.00' is present on page  using regular expression

2024-02-06 17:30:22 - [TEST_STEP][PASSED] - verifyTextPresent("Total Amount:", true): Text 'Total Amount:' is present on page  using regular expression

2024-02-06 17:30:22 - [MESSAGE][PASSED] - Text 'Total Amount:' is present on page  using regular expression

2024-02-06 17:30:22 - [TEST_STEP][PASSED] - verifyTextPresent("11.00", true): Text '11.00' is present on page  using regular expression

2024-02-06 17:30:22 - [MESSAGE][PASSED] - Text '11.00' is present on page  using regular expression

2024-02-06 17:30:22 - [TEST_STEP][PASSED] - verifyTextPresent("Two transactions will appear on your bank statement, one in the amount of", true): Text 'Two transactions will appear on your bank statement, one in the amount of' is present on page  using regular expression

2024-02-06 17:30:23 - [MESSAGE][PASSED] - Text 'Two transactions will appear on your bank statement, one in the amount of' is present on page  using regular expression

2024-02-06 17:30:23 - [TEST_STEP][PASSED] - if (verifyElementPresent(findTestObject(orPath_ServiceFeesAccept + "/input_convFeeNotifyAction"), 30)): null

2024-02-06 17:30:23 - [MESSAGE][PASSED] - Object 'Object Repository/RAD_Pages/ServiceFeeAccept_Page/input_convFeeNotifyAction' is present

2024-02-06 17:30:23 - [TEST_STEP][PASSED] - resText = "Pass": null

2024-02-06 17:30:23 - [TEST_STEP][PASSED] - pages.WriteExcel.demoKey(resText, datText, resColumn, datCloumn, fileLoc, nameSheet, row): pages.WriteExcel.demoKey is PASSED

2024-02-06 17:30:23 - [MESSAGE][PASSED] - pages.WriteExcel.demoKey is PASSED

2024-02-06 17:30:23 - [TEST_STEP][PASSED] - if (execProfile == "QAProfile" || execProfile == "QA2Profile"): Text 'Successful Payment Receipt' is present on page  using regular expression

2024-02-06 17:30:23 - [TEST_STEP][PASSED] - click(findTestObject(orPath_ServiceFeesAccept + "/input_convFeeNotifyAction")): Object: 'Object Repository/RAD_Pages/ServiceFeeAccept_Page/input_convFeeNotifyAction' is clicked on

2024-02-06 17:30:24 - [MESSAGE][PASSED] - Object: 'Object Repository/RAD_Pages/ServiceFeeAccept_Page/input_convFeeNotifyAction' is clicked on

2024-02-06 17:30:24 - [TEST_STEP][PASSED] - delay(10): Delayed 10 second(s)

2024-02-06 17:30:34 - [MESSAGE][PASSED] - Delayed 10 second(s)

2024-02-06 17:30:34 - [TEST_STEP][PASSED] - verifyTextPresent("Successful Payment Receipt", true): Text 'Successful Payment Receipt' is present on page  using regular expression

2024-02-06 17:30:35 - [MESSAGE][PASSED] - Text 'Successful Payment Receipt' is present on page  using regular expression

2024-02-06 17:30:35 - [TEST_STEP][PASSED] - ExecuteTC = findTestData(dataFile).getValue("Execute", row): null

2024-02-06 17:30:35 - [TEST_STEP][PASSED] - TaxType = findTestData(dataFile).getValue("TaxType", row): null

2024-02-06 17:30:35 - [TEST_STEP][PASSED] - PaymentType = findTestData(dataFile).getValue("PaymentType", row): null

2024-02-06 17:30:35 - [TEST_STEP][PASSED] - FilingYear = findTestData(dataFile).getValue("Year", row): null

2024-02-06 17:30:35 - [TEST_STEP][PASSED] - if (ExecuteTC.equalsIgnoreCase("Y")): null

2024-02-06 17:30:35 - [TEST_STEP][PASSED] - out.println("Begin Record Number: " + row): null

2024-02-06 17:30:35 - [TEST_STEP][PASSED] - today = new java.util.Date(): null

2024-02-06 17:30:35 - [TEST_STEP][PASSED] - println(today): null

2024-02-06 17:30:35 - [TEST_STEP][PASSED] - datText = today: null

2024-02-06 17:30:35 - [TEST_STEP][PASSED] - logInfo("Payment Type: " + PaymentType): Payment Type: New Tax Return Amount Due

2024-02-06 17:30:35 - [MESSAGE][INFO] - Payment Type: New Tax Return Amount Due

2024-02-06 17:30:35 - [TEST_STEP][PASSED] - logInfo("Tax Type: " + TaxType): Tax Type: Personal Income Tax

2024-02-06 17:30:35 - [MESSAGE][INFO] - Tax Type: Personal Income Tax

2024-02-06 17:30:35 - [TEST_STEP][PASSED] - openBrowser(""): Browser is opened with url: ''

2024-02-06 17:30:35 - [MESSAGE][WARNING] - A browser is already opened. Closing browser and opening a new one

2024-02-06 17:30:36 - [MESSAGE][INFO] - Starting 'Chrome' driver

2024-02-06 17:30:36 - [MESSAGE][INFO] - User set preference: ['acceptInsecureCerts', 'true']

2024-02-06 17:30:36 - [MESSAGE][INFO] - Action delay is set to 0 milliseconds

2024-02-06 17:30:37 - [MESSAGE][PASSED] - Browser is opened with url: ''

2024-02-06 17:30:37 - [TEST_STEP][PASSED] - maximizeWindow(): Current window maximized

2024-02-06 17:30:38 - [MESSAGE][PASSED] - Current window maximized

2024-02-06 17:30:38 - [TEST_STEP][PASSED] - navigateToUrl(RADurl): Navigate to 'https://qa2.velocitypayment.com/client/rad/index.html' successfully

2024-02-06 17:30:39 - [MESSAGE][PASSED] - Navigate to 'https://qa2.velocitypayment.com/client/rad/index.html' successfully

2024-02-06 17:30:39 - [TEST_STEP][PASSED] - selectOptionByLabel(findTestObject(orPath_Landing + "/dd_TaxType"), PaymentType, false): All options with label 'New Tax Return Amount Due' are selected in object 'Object Repository/RAD_Pages/Landing_Page/dd_TaxType' 

2024-02-06 17:30:40 - [MESSAGE][PASSED] - All options with label 'New Tax Return Amount Due' are selected in object 'Object Repository/RAD_Pages/Landing_Page/dd_TaxType' 

2024-02-06 17:30:40 - [TEST_STEP][PASSED] - switch (PaymentType): null

2024-02-06 17:30:40 - [TEST_STEP][PASSED] - case "New Tax Return Amount Due":: null

2024-02-06 17:30:40 - [TEST_STEP][PASSED] - selectOptionByLabel(findTestObject("Object Repository/RAD_Pages/Landing_Page/select_NewTaxReturnAmountDue_TaxType"), TaxType, false): All options with label 'Personal Income Tax' are selected in object 'Object Repository/RAD_Pages/Landing_Page/select_NewTaxReturnAmountDue_TaxType' 

2024-02-06 17:30:41 - [MESSAGE][PASSED] - All options with label 'Personal Income Tax' are selected in object 'Object Repository/RAD_Pages/Landing_Page/select_NewTaxReturnAmountDue_TaxType' 

2024-02-06 17:30:41 - [TEST_STEP][PASSED] - break: null

2024-02-06 17:30:41 - [TEST_STEP][PASSED] - if (!(FilingYear.isEmpty())): All options with label '2021' are selected in object 'Object Repository/RAD_Pages/TaxTypeFilingYear_Page/select_FilingYear' 

2024-02-06 17:30:41 - [TEST_STEP][PASSED] - selectOptionByLabel(findTestObject(orPath_TaxTypeFilingYear + "/select_FilingYear"), FilingYear, false): All options with label '2021' are selected in object 'Object Repository/RAD_Pages/TaxTypeFilingYear_Page/select_FilingYear' 

2024-02-06 17:30:42 - [MESSAGE][PASSED] - All options with label '2021' are selected in object 'Object Repository/RAD_Pages/TaxTypeFilingYear_Page/select_FilingYear' 

2024-02-06 17:30:42 - [TEST_STEP][PASSED] - if (TaxType.equalsIgnoreCase("Estate Tax")): null

2024-02-06 17:30:42 - [TEST_STEP][PASSED] - else: rad.getSetDataRAD.setDataRADssnAndName is PASSED

2024-02-06 17:30:42 - [TEST_STEP][PASSED] - rad.getSetDataRAD.setDataRADssnAndName(): rad.getSetDataRAD.setDataRADssnAndName is PASSED

2024-02-06 17:30:43 - [MESSAGE][PASSED] - Text 'Jimmy' is set on object 'Object Repository/RAD_Pages/Taxpayer_Page/input_firstName'

2024-02-06 17:30:43 - [MESSAGE][PASSED] - Text 'Anderson' is set on object 'Object Repository/RAD_Pages/Taxpayer_Page/input_lastName'

2024-02-06 17:30:44 - [MESSAGE][PASSED] - Text '123451234' is set on object 'Object Repository/RAD_RecordAndPlay/input_concatSSN'

2024-02-06 17:30:44 - [MESSAGE][PASSED] - Text '123451234' is set on object 'Object Repository/RAD_RecordAndPlay/input_concatReSSN'

2024-02-06 17:30:44 - [MESSAGE][PASSED] - rad.getSetDataRAD.setDataRADssnAndName is PASSED

2024-02-06 17:30:44 - [TEST_STEP][PASSED] - rad.getSetDataRAD.setDataRADAddress(): rad.getSetDataRAD.setDataRADAddress is PASSED

2024-02-06 17:30:45 - [MESSAGE][PASSED] - All options with label 'United States' are selected in object 'Object Repository/RAD_Pages/AddressAndContactInfo_Page/select_Country' 

2024-02-06 17:30:46 - [MESSAGE][PASSED] - Text '2508 Mandan Terrace' is set on object 'Object Repository/RAD_Pages/AddressAndContactInfo_Page/input_streetAddress1'

2024-02-06 17:30:47 - [MESSAGE][PASSED] - Text '' is set on object 'Object Repository/RAD_Pages/AddressAndContactInfo_Page/input_streetAddress2'

2024-02-06 17:30:48 - [MESSAGE][PASSED] - Text 'Gambrills' is set on object 'Object Repository/RAD_Pages/AddressAndContactInfo_Page/input_city'

2024-02-06 17:30:48 - [MESSAGE][PASSED] - All options with label 'Maryland' are selected in object 'Object Repository/RAD_Pages/AddressAndContactInfo_Page/select_State' 

2024-02-06 17:30:49 - [MESSAGE][PASSED] - Text '21054' is set on object 'Object Repository/RAD_Pages/AddressAndContactInfo_Page/input_zipCode'

2024-02-06 17:30:50 - [MESSAGE][PASSED] - Text '(703) 894-5000' is set on object 'Object Repository/RAD_Pages/AddressAndContactInfo_Page/input_phoneNumber'

2024-02-06 17:30:51 - [MESSAGE][PASSED] - Text 'iahmed@govolution.com' is set on object 'Object Repository/RAD_Pages/AddressAndContactInfo_Page/input_eMailAddress'

2024-02-06 17:30:52 - [MESSAGE][PASSED] - Text 'iahmed@govolution.com' is set on object 'Object Repository/RAD_Pages/AddressAndContactInfo_Page/input_reEnterEMailAddress'

2024-02-06 17:30:52 - [MESSAGE][PASSED] - rad.getSetDataRAD.setDataRADAddress is PASSED

2024-02-06 17:30:52 - [TEST_STEP][PASSED] - setText(findTestObject(orPath_Amount + "/input__paymentAmount"), "10.00"): Text '10.00' is set on object 'Object Repository/RAD_Pages/PaymentAmount_Page/input__paymentAmount'

2024-02-06 17:30:53 - [MESSAGE][PASSED] - Text '10.00' is set on object 'Object Repository/RAD_Pages/PaymentAmount_Page/input__paymentAmount'

2024-02-06 17:30:53 - [TEST_STEP][PASSED] - setText(findTestObject(orPath_AddressContact + "/input_streetAddress2"), ""): Text '' is set on object 'Object Repository/RAD_Pages/AddressAndContactInfo_Page/input_streetAddress2'

2024-02-06 17:30:53 - [MESSAGE][PASSED] - Text '' is set on object 'Object Repository/RAD_Pages/AddressAndContactInfo_Page/input_streetAddress2'

2024-02-06 17:30:53 - [TEST_STEP][PASSED] - scrollToElement(findTestObject(orPath_Landing + "/button_Continue"), 3): Scroll to object 'Object Repository/RAD_Pages/Landing_Page/button_Continue' successfully

2024-02-06 17:30:54 - [MESSAGE][PASSED] - Scroll to object 'Object Repository/RAD_Pages/Landing_Page/button_Continue' successfully

2024-02-06 17:30:54 - [TEST_STEP][PASSED] - waitForElementClickable(findTestObject(orPath_Landing + "/button_Continue"), 5): Object 'Object Repository/RAD_Pages/Landing_Page/button_Continue' is clickable

2024-02-06 17:30:54 - [MESSAGE][PASSED] - Object 'Object Repository/RAD_Pages/Landing_Page/button_Continue' is clickable

2024-02-06 17:30:54 - [TEST_STEP][PASSED] - click(findTestObject(orPath_Landing + "/button_Continue")): Object: 'Object Repository/RAD_Pages/Landing_Page/button_Continue' is clicked on

2024-02-06 17:30:55 - [MESSAGE][PASSED] - Object: 'Object Repository/RAD_Pages/Landing_Page/button_Continue' is clicked on

2024-02-06 17:30:55 - [TEST_STEP][PASSED] - delay(2): Delayed 2 second(s)

2024-02-06 17:30:57 - [MESSAGE][PASSED] - Delayed 2 second(s)

2024-02-06 17:30:57 - [TEST_STEP][PASSED] - click(findTestObject(orPath_Summary + "/button_Proceed to Payment")): Object: 'Object Repository/RAD_Pages/Summary_Page/button_Proceed to Payment' is clicked on

2024-02-06 17:31:01 - [MESSAGE][PASSED] - Object: 'Object Repository/RAD_Pages/Summary_Page/button_Proceed to Payment' is clicked on

2024-02-06 17:31:01 - [TEST_STEP][PASSED] - if (verifyElementPresent(findTestObject("Object Repository/RAD_Pages/PaymentEntry_Page/input__billingName"), 30)): null

2024-02-06 17:31:02 - [MESSAGE][PASSED] - Object 'Object Repository/RAD_Pages/PaymentEntry_Page/input__billingName' is present

2024-02-06 17:31:02 - [TEST_STEP][PASSED] - verifyTextPresent("Comptroller of Maryland", true): Text 'Comptroller of Maryland' is present on page  using regular expression

2024-02-06 17:31:02 - [MESSAGE][PASSED] - Text 'Comptroller of Maryland' is present on page  using regular expression

2024-02-06 17:31:02 - [TEST_STEP][PASSED] - verifyTextPresent("Payment Information", true): Text 'Payment Information' is present on page  using regular expression

2024-02-06 17:31:03 - [MESSAGE][PASSED] - Text 'Payment Information' is present on page  using regular expression

2024-02-06 17:31:03 - [TEST_STEP][PASSED] - card_Name = getAttribute(findTestObject("Object Repository/RAD_Pages/PaymentEntry_Page/input__billingName"), "value"): Attribute 'value' of object 'Object Repository/RAD_Pages/PaymentEntry_Page/input__billingName' is: 'Jimmy Anderson'

2024-02-06 17:31:03 - [MESSAGE][PASSED] - Attribute 'value' of object 'Object Repository/RAD_Pages/PaymentEntry_Page/input__billingName' is: 'Jimmy Anderson'

2024-02-06 17:31:03 - [TEST_STEP][PASSED] - switch (executionProfile): null

2024-02-06 17:31:03 - [TEST_STEP][PASSED] - case "QA2Profile":: null

2024-02-06 17:31:03 - [TEST_STEP][PASSED] - verifyMatch("Jimmy Anderson", card_Name, false): Actual text 'Jimmy Anderson' and expected text 'Jimmy Anderson' are matched 

2024-02-06 17:31:03 - [MESSAGE][PASSED] - Actual text 'Jimmy Anderson' and expected text 'Jimmy Anderson' are matched 

2024-02-06 17:31:03 - [TEST_STEP][PASSED] - break: null

2024-02-06 17:31:03 - [TEST_STEP][PASSED] - AL1 = getAttribute(findTestObject("Object Repository/RAD_Pages/PaymentEntry_Page/input_billingAddress"), "value"): Attribute 'value' of object 'Object Repository/RAD_Pages/PaymentEntry_Page/input_billingAddress' is: '2508 Mandan Terrace'

2024-02-06 17:31:03 - [MESSAGE][PASSED] - Attribute 'value' of object 'Object Repository/RAD_Pages/PaymentEntry_Page/input_billingAddress' is: '2508 Mandan Terrace'

2024-02-06 17:31:03 - [TEST_STEP][PASSED] - verifyMatch("2508 Mandan Terrace", AL1, false): Actual text '2508 Mandan Terrace' and expected text '2508 Mandan Terrace' are matched 

2024-02-06 17:31:03 - [MESSAGE][PASSED] - Actual text '2508 Mandan Terrace' and expected text '2508 Mandan Terrace' are matched 

2024-02-06 17:31:03 - [TEST_STEP][PASSED] - AL2 = getAttribute(findTestObject("Object Repository/RAD_Pages/PaymentEntry_Page/input_billingAddress2"), "value"): Attribute 'value' of object 'Object Repository/RAD_Pages/PaymentEntry_Page/input_billingAddress2' is: ''

2024-02-06 17:31:04 - [MESSAGE][PASSED] - Attribute 'value' of object 'Object Repository/RAD_Pages/PaymentEntry_Page/input_billingAddress2' is: ''

2024-02-06 17:31:04 - [TEST_STEP][PASSED] - verifyMatch("", AL2, false): Actual text '' and expected text '' are matched 

2024-02-06 17:31:04 - [MESSAGE][PASSED] - Actual text '' and expected text '' are matched 

2024-02-06 17:31:04 - [TEST_STEP][PASSED] - zipCode = getAttribute(findTestObject("Object Repository/RAD_Pages/PaymentEntry_Page/input_billingZip"), "value"): Attribute 'value' of object 'Object Repository/RAD_Pages/PaymentEntry_Page/input_billingZip' is: '21054'

2024-02-06 17:31:04 - [MESSAGE][PASSED] - Attribute 'value' of object 'Object Repository/RAD_Pages/PaymentEntry_Page/input_billingZip' is: '21054'

2024-02-06 17:31:04 - [TEST_STEP][PASSED] - verifyMatch("21054", zipCode, false): Actual text '21054' and expected text '21054' are matched 

2024-02-06 17:31:04 - [MESSAGE][PASSED] - Actual text '21054' and expected text '21054' are matched 

2024-02-06 17:31:04 - [TEST_STEP][PASSED] - city = getAttribute(findTestObject("Object Repository/RAD_Pages/PaymentEntry_Page/input_billingCity"), "value"): Attribute 'value' of object 'Object Repository/RAD_Pages/PaymentEntry_Page/input_billingCity' is: 'GAMBRILLS'

2024-02-06 17:31:04 - [MESSAGE][PASSED] - Attribute 'value' of object 'Object Repository/RAD_Pages/PaymentEntry_Page/input_billingCity' is: 'GAMBRILLS'

2024-02-06 17:31:04 - [TEST_STEP][PASSED] - verifyMatch("GAMBRILLS", city, false): Actual text 'GAMBRILLS' and expected text 'GAMBRILLS' are matched 

2024-02-06 17:31:04 - [MESSAGE][PASSED] - Actual text 'GAMBRILLS' and expected text 'GAMBRILLS' are matched 

2024-02-06 17:31:04 - [TEST_STEP][PASSED] - email = getAttribute(findTestObject("Object Repository/RAD_Pages/PaymentEntry_Page/input_emailAddress"), "value"): Attribute 'value' of object 'Object Repository/RAD_Pages/PaymentEntry_Page/input_emailAddress' is: 'iahmed@govolution.com'

2024-02-06 17:31:05 - [MESSAGE][PASSED] - Attribute 'value' of object 'Object Repository/RAD_Pages/PaymentEntry_Page/input_emailAddress' is: 'iahmed@govolution.com'

2024-02-06 17:31:05 - [TEST_STEP][PASSED] - verifyMatch("iahmed@govolution.com", email, false): Actual text 'iahmed@govolution.com' and expected text 'iahmed@govolution.com' are matched 

2024-02-06 17:31:05 - [MESSAGE][PASSED] - Actual text 'iahmed@govolution.com' and expected text 'iahmed@govolution.com' are matched 

2024-02-06 17:31:05 - [TEST_STEP][PASSED] - amount = getAttribute(findTestObject("Object Repository/RAD_Pages/PaymentEntry_Page/input_amount"), "value"): Attribute 'value' of object 'Object Repository/RAD_Pages/PaymentEntry_Page/input_amount' is: '10.00'

2024-02-06 17:31:05 - [MESSAGE][PASSED] - Attribute 'value' of object 'Object Repository/RAD_Pages/PaymentEntry_Page/input_amount' is: '10.00'

2024-02-06 17:31:05 - [TEST_STEP][PASSED] - verifyMatch("10.00", amount, false): Actual text '10.00' and expected text '10.00' are matched 

2024-02-06 17:31:05 - [MESSAGE][PASSED] - Actual text '10.00' and expected text '10.00' are matched 

2024-02-06 17:31:05 - [TEST_STEP][PASSED] - amountReadOnly = getAttribute(findTestObject("Object Repository/RAD_Pages/PaymentEntry_Page/input_amount"), "readonly"): Attribute 'readonly' of object 'Object Repository/RAD_Pages/PaymentEntry_Page/input_amount' is: 'true'

2024-02-06 17:31:05 - [MESSAGE][PASSED] - Attribute 'readonly' of object 'Object Repository/RAD_Pages/PaymentEntry_Page/input_amount' is: 'true'

2024-02-06 17:31:05 - [TEST_STEP][PASSED] - verifyMatch("true", amountReadOnly, false): Actual text 'true' and expected text 'true' are matched 

2024-02-06 17:31:05 - [MESSAGE][PASSED] - Actual text 'true' and expected text 'true' are matched 

2024-02-06 17:31:05 - [TEST_STEP][PASSED] - verifyOptionSelectedByLabel(findTestObject("Object Repository/RAD_Pages/PaymentEntry_Page/select_Country"), "United States", false, 20): All options with label 'United States' are selected in object 'Object Repository/RAD_Pages/PaymentEntry_Page/select_Country' 

2024-02-06 17:31:07 - [MESSAGE][PASSED] - All options with label 'United States' are selected in object 'Object Repository/RAD_Pages/PaymentEntry_Page/select_Country' 

2024-02-06 17:31:07 - [TEST_STEP][PASSED] - verifyOptionSelectedByLabel(findTestObject("Object Repository/RAD_Pages/PaymentEntry_Page/select_State"), "Maryland", false, 20): All options with label 'Maryland' are selected in object 'Object Repository/RAD_Pages/PaymentEntry_Page/select_State' 

2024-02-06 17:31:09 - [MESSAGE][PASSED] - All options with label 'Maryland' are selected in object 'Object Repository/RAD_Pages/PaymentEntry_Page/select_State' 

2024-02-06 17:31:09 - [TEST_STEP][PASSED] - setText(findTestObject(orPath_PaymentEntry + "/input__cardNumber"), "4111111111111111"): Text '4111111111111111' is set on object 'Object Repository/RAD_Pages/PaymentEntry_Page/input__cardNumber'

2024-02-06 17:31:10 - [MESSAGE][PASSED] - Text '4111111111111111' is set on object 'Object Repository/RAD_Pages/PaymentEntry_Page/input__cardNumber'

2024-02-06 17:31:10 - [TEST_STEP][PASSED] - setText(findTestObject(orPath_PaymentEntry + "/input__spc"), "123"): Text '123' is set on object 'Object Repository/RAD_Pages/PaymentEntry_Page/input__spc'

2024-02-06 17:31:11 - [MESSAGE][PASSED] - Text '123' is set on object 'Object Repository/RAD_Pages/PaymentEntry_Page/input__spc'

2024-02-06 17:31:11 - [TEST_STEP][PASSED] - selectOptionByLabel(findTestObject(orPath_PaymentEntry + "/select_MM"), "12", false): All options with label '12' are selected in object 'Object Repository/RAD_Pages/PaymentEntry_Page/select_MM' 

2024-02-06 17:31:12 - [MESSAGE][PASSED] - All options with label '12' are selected in object 'Object Repository/RAD_Pages/PaymentEntry_Page/select_MM' 

2024-02-06 17:31:12 - [TEST_STEP][PASSED] - selectOptionByLabel(findTestObject(orPath_PaymentEntry + "/select_YYYY"), "2028", false): All options with label '2028' are selected in object 'Object Repository/RAD_Pages/PaymentEntry_Page/select_YYYY' 

2024-02-06 17:31:12 - [MESSAGE][PASSED] - All options with label '2028' are selected in object 'Object Repository/RAD_Pages/PaymentEntry_Page/select_YYYY' 

2024-02-06 17:31:12 - [TEST_STEP][PASSED] - click(findTestObject(orPath_PaymentEntry + "/input_Field_ccSubmit")): Object: 'Object Repository/RAD_Pages/PaymentEntry_Page/input_Field_ccSubmit' is clicked on

2024-02-06 17:31:15 - [MESSAGE][PASSED] - Object: 'Object Repository/RAD_Pages/PaymentEntry_Page/input_Field_ccSubmit' is clicked on

2024-02-06 17:31:15 - [TEST_STEP][PASSED] - click(findTestObject(orPath_PaymentConfirmation + "/input_N_confirmNotifyAction")): Object: 'Object Repository/RAD_Pages/PaymentConfirmation_Page/input_N_confirmNotifyAction' is clicked on

2024-02-06 17:31:16 - [MESSAGE][PASSED] - Object: 'Object Repository/RAD_Pages/PaymentConfirmation_Page/input_N_confirmNotifyAction' is clicked on

2024-02-06 17:31:16 - [TEST_STEP][PASSED] - verifyTextPresent("Service Fee Acceptance", true): Text 'Service Fee Acceptance' is present on page  using regular expression

2024-02-06 17:31:17 - [MESSAGE][PASSED] - Text 'Service Fee Acceptance' is present on page  using regular expression

2024-02-06 17:31:17 - [TEST_STEP][PASSED] - verifyTextPresent("This transaction is subject to a Service Fee of ", true): Text 'This transaction is subject to a Service Fee of ' is present on page  using regular expression

2024-02-06 17:31:17 - [MESSAGE][PASSED] - Text 'This transaction is subject to a Service Fee of ' is present on page  using regular expression

2024-02-06 17:31:17 - [TEST_STEP][PASSED] - verifyTextPresent("Payment Amount:", true): Text 'Payment Amount:' is present on page  using regular expression

2024-02-06 17:31:17 - [MESSAGE][PASSED] - Text 'Payment Amount:' is present on page  using regular expression

2024-02-06 17:31:17 - [TEST_STEP][PASSED] - verifyTextPresent("10.00", true): Text '10.00' is present on page  using regular expression

2024-02-06 17:31:18 - [MESSAGE][PASSED] - Text '10.00' is present on page  using regular expression

2024-02-06 17:31:18 - [TEST_STEP][PASSED] - verifyTextPresent("Service Fee:", true): Text 'Service Fee:' is present on page  using regular expression

2024-02-06 17:31:18 - [MESSAGE][PASSED] - Text 'Service Fee:' is present on page  using regular expression

2024-02-06 17:31:18 - [TEST_STEP][PASSED] - verifyTextPresent("1.00", true): Text '1.00' is present on page  using regular expression

2024-02-06 17:31:18 - [MESSAGE][PASSED] - Text '1.00' is present on page  using regular expression

2024-02-06 17:31:18 - [TEST_STEP][PASSED] - verifyTextPresent("Total Amount:", true): Text 'Total Amount:' is present on page  using regular expression

2024-02-06 17:31:19 - [MESSAGE][PASSED] - Text 'Total Amount:' is present on page  using regular expression

2024-02-06 17:31:19 - [TEST_STEP][PASSED] - verifyTextPresent("11.00", true): Text '11.00' is present on page  using regular expression

2024-02-06 17:31:19 - [MESSAGE][PASSED] - Text '11.00' is present on page  using regular expression

2024-02-06 17:31:19 - [TEST_STEP][PASSED] - verifyTextPresent("Two transactions will appear on your bank statement, one in the amount of", true): Text 'Two transactions will appear on your bank statement, one in the amount of' is present on page  using regular expression

2024-02-06 17:31:19 - [MESSAGE][PASSED] - Text 'Two transactions will appear on your bank statement, one in the amount of' is present on page  using regular expression

2024-02-06 17:31:19 - [TEST_STEP][PASSED] - if (verifyElementPresent(findTestObject(orPath_ServiceFeesAccept + "/input_convFeeNotifyAction"), 30)): null

2024-02-06 17:31:19 - [MESSAGE][PASSED] - Object 'Object Repository/RAD_Pages/ServiceFeeAccept_Page/input_convFeeNotifyAction' is present

2024-02-06 17:31:19 - [TEST_STEP][PASSED] - resText = "Pass": null

2024-02-06 17:31:19 - [TEST_STEP][PASSED] - pages.WriteExcel.demoKey(resText, datText, resColumn, datCloumn, fileLoc, nameSheet, row): pages.WriteExcel.demoKey is PASSED

2024-02-06 17:31:20 - [MESSAGE][PASSED] - pages.WriteExcel.demoKey is PASSED

2024-02-06 17:31:20 - [TEST_STEP][PASSED] - if (execProfile == "QAProfile" || execProfile == "QA2Profile"): Text 'Successful Payment Receipt' is present on page  using regular expression

2024-02-06 17:31:20 - [TEST_STEP][PASSED] - click(findTestObject(orPath_ServiceFeesAccept + "/input_convFeeNotifyAction")): Object: 'Object Repository/RAD_Pages/ServiceFeeAccept_Page/input_convFeeNotifyAction' is clicked on

2024-02-06 17:31:21 - [MESSAGE][PASSED] - Object: 'Object Repository/RAD_Pages/ServiceFeeAccept_Page/input_convFeeNotifyAction' is clicked on

2024-02-06 17:31:21 - [TEST_STEP][PASSED] - delay(10): Delayed 10 second(s)

2024-02-06 17:31:31 - [MESSAGE][PASSED] - Delayed 10 second(s)

2024-02-06 17:31:31 - [TEST_STEP][PASSED] - verifyTextPresent("Successful Payment Receipt", true): Text 'Successful Payment Receipt' is present on page  using regular expression

2024-02-06 17:31:31 - [MESSAGE][PASSED] - Text 'Successful Payment Receipt' is present on page  using regular expression

2024-02-06 17:31:31 - [TEST_STEP][PASSED] - ExecuteTC = findTestData(dataFile).getValue("Execute", row): null

2024-02-06 17:31:31 - [TEST_STEP][PASSED] - TaxType = findTestData(dataFile).getValue("TaxType", row): null

2024-02-06 17:31:31 - [TEST_STEP][PASSED] - PaymentType = findTestData(dataFile).getValue("PaymentType", row): null

2024-02-06 17:31:31 - [TEST_STEP][PASSED] - FilingYear = findTestData(dataFile).getValue("Year", row): null

2024-02-06 17:31:32 - [TEST_STEP][PASSED] - if (ExecuteTC.equalsIgnoreCase("Y")): null

2024-02-06 17:31:32 - [TEST_STEP][PASSED] - out.println("Begin Record Number: " + row): null

2024-02-06 17:31:32 - [TEST_STEP][PASSED] - today = new java.util.Date(): null

2024-02-06 17:31:32 - [TEST_STEP][PASSED] - println(today): null

2024-02-06 17:31:32 - [TEST_STEP][PASSED] - datText = today: null

2024-02-06 17:31:32 - [TEST_STEP][PASSED] - logInfo("Payment Type: " + PaymentType): Payment Type: New Tax Return Amount Due

2024-02-06 17:31:32 - [MESSAGE][INFO] - Payment Type: New Tax Return Amount Due

2024-02-06 17:31:32 - [TEST_STEP][PASSED] - logInfo("Tax Type: " + TaxType): Tax Type: Estate Tax

2024-02-06 17:31:32 - [MESSAGE][INFO] - Tax Type: Estate Tax

2024-02-06 17:31:32 - [TEST_STEP][PASSED] - openBrowser(""): Browser is opened with url: ''

2024-02-06 17:31:32 - [MESSAGE][WARNING] - A browser is already opened. Closing browser and opening a new one

2024-02-06 17:31:33 - [MESSAGE][INFO] - Starting 'Chrome' driver

2024-02-06 17:31:33 - [MESSAGE][INFO] - User set preference: ['acceptInsecureCerts', 'true']

2024-02-06 17:31:33 - [MESSAGE][INFO] - Action delay is set to 0 milliseconds

2024-02-06 17:31:35 - [MESSAGE][PASSED] - Browser is opened with url: ''

2024-02-06 17:31:35 - [TEST_STEP][PASSED] - maximizeWindow(): Current window maximized

2024-02-06 17:31:35 - [MESSAGE][PASSED] - Current window maximized

2024-02-06 17:31:35 - [TEST_STEP][PASSED] - navigateToUrl(RADurl): Navigate to 'https://qa2.velocitypayment.com/client/rad/index.html' successfully

2024-02-06 17:31:36 - [MESSAGE][PASSED] - Navigate to 'https://qa2.velocitypayment.com/client/rad/index.html' successfully

2024-02-06 17:31:36 - [TEST_STEP][PASSED] - selectOptionByLabel(findTestObject(orPath_Landing + "/dd_TaxType"), PaymentType, false): All options with label 'New Tax Return Amount Due' are selected in object 'Object Repository/RAD_Pages/Landing_Page/dd_TaxType' 

2024-02-06 17:31:37 - [MESSAGE][PASSED] - All options with label 'New Tax Return Amount Due' are selected in object 'Object Repository/RAD_Pages/Landing_Page/dd_TaxType' 

2024-02-06 17:31:37 - [TEST_STEP][PASSED] - switch (PaymentType): null

2024-02-06 17:31:37 - [TEST_STEP][PASSED] - case "New Tax Return Amount Due":: null

2024-02-06 17:31:37 - [TEST_STEP][PASSED] - selectOptionByLabel(findTestObject("Object Repository/RAD_Pages/Landing_Page/select_NewTaxReturnAmountDue_TaxType"), TaxType, false): All options with label 'Estate Tax' are selected in object 'Object Repository/RAD_Pages/Landing_Page/select_NewTaxReturnAmountDue_TaxType' 

2024-02-06 17:31:38 - [MESSAGE][PASSED] - All options with label 'Estate Tax' are selected in object 'Object Repository/RAD_Pages/Landing_Page/select_NewTaxReturnAmountDue_TaxType' 

2024-02-06 17:31:38 - [TEST_STEP][PASSED] - break: null

2024-02-06 17:31:38 - [TEST_STEP][PASSED] - if (!(FilingYear.isEmpty())): All options with label '2023' are selected in object 'Object Repository/RAD_Pages/TaxTypeFilingYear_Page/select_FilingYear' 

2024-02-06 17:31:38 - [TEST_STEP][PASSED] - selectOptionByLabel(findTestObject(orPath_TaxTypeFilingYear + "/select_FilingYear"), FilingYear, false): All options with label '2023' are selected in object 'Object Repository/RAD_Pages/TaxTypeFilingYear_Page/select_FilingYear' 

2024-02-06 17:31:39 - [MESSAGE][PASSED] - All options with label '2023' are selected in object 'Object Repository/RAD_Pages/TaxTypeFilingYear_Page/select_FilingYear' 

2024-02-06 17:31:39 - [TEST_STEP][PASSED] - if (TaxType.equalsIgnoreCase("Estate Tax")): rad.getSetDataRAD.setDataRADNewTaxDecedentSSNandName is PASSED

2024-02-06 17:31:39 - [TEST_STEP][PASSED] - rad.getSetDataRAD.setDataRADNewTaxDecedentSSNandName(): rad.getSetDataRAD.setDataRADNewTaxDecedentSSNandName is PASSED

2024-02-06 17:31:39 - [MESSAGE][PASSED] - Text 'Jimmy' is set on object 'Object Repository/RAD_Pages/Taxpayer_Page/input_firstName'

2024-02-06 17:31:40 - [MESSAGE][PASSED] - Text 'Anderson' is set on object 'Object Repository/RAD_Pages/Taxpayer_Page/input_lastName'

2024-02-06 17:31:41 - [MESSAGE][PASSED] - Text '123451234' is set on object 'Object Repository/RAD_Pages/Taxpayer_Page/input_NewTax_DecedentSSN'

2024-02-06 17:31:41 - [MESSAGE][PASSED] - Text '123451234' is set on object 'Object Repository/RAD_Pages/Taxpayer_Page/input_NewTax_ReTypeDecedentSSN'

2024-02-06 17:31:41 - [MESSAGE][PASSED] - rad.getSetDataRAD.setDataRADNewTaxDecedentSSNandName is PASSED

2024-02-06 17:31:41 - [TEST_STEP][PASSED] - rad.getSetDataRAD.setDataRADAddress(): rad.getSetDataRAD.setDataRADAddress is PASSED

2024-02-06 17:31:42 - [MESSAGE][PASSED] - All options with label 'United States' are selected in object 'Object Repository/RAD_Pages/AddressAndContactInfo_Page/select_Country' 

2024-02-06 17:31:43 - [MESSAGE][PASSED] - Text '2508 Mandan Terrace' is set on object 'Object Repository/RAD_Pages/AddressAndContactInfo_Page/input_streetAddress1'

2024-02-06 17:31:44 - [MESSAGE][PASSED] - Text '' is set on object 'Object Repository/RAD_Pages/AddressAndContactInfo_Page/input_streetAddress2'

2024-02-06 17:31:45 - [MESSAGE][PASSED] - Text 'Gambrills' is set on object 'Object Repository/RAD_Pages/AddressAndContactInfo_Page/input_city'

2024-02-06 17:31:46 - [MESSAGE][PASSED] - All options with label 'Maryland' are selected in object 'Object Repository/RAD_Pages/AddressAndContactInfo_Page/select_State' 

2024-02-06 17:31:47 - [MESSAGE][PASSED] - Text '21054' is set on object 'Object Repository/RAD_Pages/AddressAndContactInfo_Page/input_zipCode'

2024-02-06 17:31:47 - [MESSAGE][PASSED] - Text '(703) 894-5000' is set on object 'Object Repository/RAD_Pages/AddressAndContactInfo_Page/input_phoneNumber'

2024-02-06 17:31:48 - [MESSAGE][PASSED] - Text 'iahmed@govolution.com' is set on object 'Object Repository/RAD_Pages/AddressAndContactInfo_Page/input_eMailAddress'

2024-02-06 17:31:49 - [MESSAGE][PASSED] - Text 'iahmed@govolution.com' is set on object 'Object Repository/RAD_Pages/AddressAndContactInfo_Page/input_reEnterEMailAddress'

2024-02-06 17:31:49 - [MESSAGE][PASSED] - rad.getSetDataRAD.setDataRADAddress is PASSED

2024-02-06 17:31:49 - [TEST_STEP][PASSED] - setText(findTestObject(orPath_Amount + "/input__paymentAmount"), "10.00"): Text '10.00' is set on object 'Object Repository/RAD_Pages/PaymentAmount_Page/input__paymentAmount'

2024-02-06 17:31:50 - [MESSAGE][PASSED] - Text '10.00' is set on object 'Object Repository/RAD_Pages/PaymentAmount_Page/input__paymentAmount'

2024-02-06 17:31:50 - [TEST_STEP][PASSED] - setText(findTestObject(orPath_AddressContact + "/input_streetAddress2"), ""): Text '' is set on object 'Object Repository/RAD_Pages/AddressAndContactInfo_Page/input_streetAddress2'

2024-02-06 17:31:51 - [MESSAGE][PASSED] - Text '' is set on object 'Object Repository/RAD_Pages/AddressAndContactInfo_Page/input_streetAddress2'

2024-02-06 17:31:51 - [TEST_STEP][PASSED] - scrollToElement(findTestObject(orPath_Landing + "/button_Continue"), 3): Scroll to object 'Object Repository/RAD_Pages/Landing_Page/button_Continue' successfully

2024-02-06 17:31:51 - [MESSAGE][PASSED] - Scroll to object 'Object Repository/RAD_Pages/Landing_Page/button_Continue' successfully

2024-02-06 17:31:51 - [TEST_STEP][PASSED] - waitForElementClickable(findTestObject(orPath_Landing + "/button_Continue"), 5): Object 'Object Repository/RAD_Pages/Landing_Page/button_Continue' is clickable

2024-02-06 17:31:52 - [MESSAGE][PASSED] - Object 'Object Repository/RAD_Pages/Landing_Page/button_Continue' is clickable

2024-02-06 17:31:52 - [TEST_STEP][PASSED] - click(findTestObject(orPath_Landing + "/button_Continue")): Object: 'Object Repository/RAD_Pages/Landing_Page/button_Continue' is clicked on

2024-02-06 17:31:52 - [MESSAGE][PASSED] - Object: 'Object Repository/RAD_Pages/Landing_Page/button_Continue' is clicked on

2024-02-06 17:31:52 - [TEST_STEP][PASSED] - delay(2): Delayed 2 second(s)

2024-02-06 17:31:54 - [MESSAGE][PASSED] - Delayed 2 second(s)

2024-02-06 17:31:54 - [TEST_STEP][PASSED] - click(findTestObject(orPath_Summary + "/button_Proceed to Payment")): Object: 'Object Repository/RAD_Pages/Summary_Page/button_Proceed to Payment' is clicked on

2024-02-06 17:31:56 - [MESSAGE][PASSED] - Object: 'Object Repository/RAD_Pages/Summary_Page/button_Proceed to Payment' is clicked on

2024-02-06 17:31:56 - [TEST_STEP][PASSED] - if (verifyElementPresent(findTestObject("Object Repository/RAD_Pages/PaymentEntry_Page/input__billingName"), 30)): null

2024-02-06 17:31:57 - [MESSAGE][PASSED] - Object 'Object Repository/RAD_Pages/PaymentEntry_Page/input__billingName' is present

2024-02-06 17:31:57 - [TEST_STEP][PASSED] - verifyTextPresent("Comptroller of Maryland", true): Text 'Comptroller of Maryland' is present on page  using regular expression

2024-02-06 17:31:57 - [MESSAGE][PASSED] - Text 'Comptroller of Maryland' is present on page  using regular expression

2024-02-06 17:31:57 - [TEST_STEP][PASSED] - verifyTextPresent("Payment Information", true): Text 'Payment Information' is present on page  using regular expression

2024-02-06 17:31:57 - [MESSAGE][PASSED] - Text 'Payment Information' is present on page  using regular expression

2024-02-06 17:31:57 - [TEST_STEP][PASSED] - card_Name = getAttribute(findTestObject("Object Repository/RAD_Pages/PaymentEntry_Page/input__billingName"), "value"): Attribute 'value' of object 'Object Repository/RAD_Pages/PaymentEntry_Page/input__billingName' is: 'Jimmy Anderson'

2024-02-06 17:31:58 - [MESSAGE][PASSED] - Attribute 'value' of object 'Object Repository/RAD_Pages/PaymentEntry_Page/input__billingName' is: 'Jimmy Anderson'

2024-02-06 17:31:58 - [TEST_STEP][PASSED] - switch (executionProfile): null

2024-02-06 17:31:58 - [TEST_STEP][PASSED] - case "QA2Profile":: null

2024-02-06 17:31:58 - [TEST_STEP][PASSED] - verifyMatch("Jimmy Anderson", card_Name, false): Actual text 'Jimmy Anderson' and expected text 'Jimmy Anderson' are matched 

2024-02-06 17:31:58 - [MESSAGE][PASSED] - Actual text 'Jimmy Anderson' and expected text 'Jimmy Anderson' are matched 

2024-02-06 17:31:58 - [TEST_STEP][PASSED] - break: null

2024-02-06 17:31:58 - [TEST_STEP][PASSED] - AL1 = getAttribute(findTestObject("Object Repository/RAD_Pages/PaymentEntry_Page/input_billingAddress"), "value"): Attribute 'value' of object 'Object Repository/RAD_Pages/PaymentEntry_Page/input_billingAddress' is: '2508 Mandan Terrace'

2024-02-06 17:31:58 - [MESSAGE][PASSED] - Attribute 'value' of object 'Object Repository/RAD_Pages/PaymentEntry_Page/input_billingAddress' is: '2508 Mandan Terrace'

2024-02-06 17:31:58 - [TEST_STEP][PASSED] - verifyMatch("2508 Mandan Terrace", AL1, false): Actual text '2508 Mandan Terrace' and expected text '2508 Mandan Terrace' are matched 

2024-02-06 17:31:58 - [MESSAGE][PASSED] - Actual text '2508 Mandan Terrace' and expected text '2508 Mandan Terrace' are matched 

2024-02-06 17:31:58 - [TEST_STEP][PASSED] - AL2 = getAttribute(findTestObject("Object Repository/RAD_Pages/PaymentEntry_Page/input_billingAddress2"), "value"): Attribute 'value' of object 'Object Repository/RAD_Pages/PaymentEntry_Page/input_billingAddress2' is: ''

2024-02-06 17:31:58 - [MESSAGE][PASSED] - Attribute 'value' of object 'Object Repository/RAD_Pages/PaymentEntry_Page/input_billingAddress2' is: ''

2024-02-06 17:31:58 - [TEST_STEP][PASSED] - verifyMatch("", AL2, false): Actual text '' and expected text '' are matched 

2024-02-06 17:31:58 - [MESSAGE][PASSED] - Actual text '' and expected text '' are matched 

2024-02-06 17:31:58 - [TEST_STEP][PASSED] - zipCode = getAttribute(findTestObject("Object Repository/RAD_Pages/PaymentEntry_Page/input_billingZip"), "value"): Attribute 'value' of object 'Object Repository/RAD_Pages/PaymentEntry_Page/input_billingZip' is: '21054'

2024-02-06 17:31:59 - [MESSAGE][PASSED] - Attribute 'value' of object 'Object Repository/RAD_Pages/PaymentEntry_Page/input_billingZip' is: '21054'

2024-02-06 17:31:59 - [TEST_STEP][PASSED] - verifyMatch("21054", zipCode, false): Actual text '21054' and expected text '21054' are matched 

2024-02-06 17:31:59 - [MESSAGE][PASSED] - Actual text '21054' and expected text '21054' are matched 

2024-02-06 17:31:59 - [TEST_STEP][PASSED] - city = getAttribute(findTestObject("Object Repository/RAD_Pages/PaymentEntry_Page/input_billingCity"), "value"): Attribute 'value' of object 'Object Repository/RAD_Pages/PaymentEntry_Page/input_billingCity' is: 'GAMBRILLS'

2024-02-06 17:31:59 - [MESSAGE][PASSED] - Attribute 'value' of object 'Object Repository/RAD_Pages/PaymentEntry_Page/input_billingCity' is: 'GAMBRILLS'

2024-02-06 17:31:59 - [TEST_STEP][PASSED] - verifyMatch("GAMBRILLS", city, false): Actual text 'GAMBRILLS' and expected text 'GAMBRILLS' are matched 

2024-02-06 17:31:59 - [MESSAGE][PASSED] - Actual text 'GAMBRILLS' and expected text 'GAMBRILLS' are matched 

2024-02-06 17:31:59 - [TEST_STEP][PASSED] - email = getAttribute(findTestObject("Object Repository/RAD_Pages/PaymentEntry_Page/input_emailAddress"), "value"): Attribute 'value' of object 'Object Repository/RAD_Pages/PaymentEntry_Page/input_emailAddress' is: 'iahmed@govolution.com'

2024-02-06 17:32:00 - [MESSAGE][PASSED] - Attribute 'value' of object 'Object Repository/RAD_Pages/PaymentEntry_Page/input_emailAddress' is: 'iahmed@govolution.com'

2024-02-06 17:32:00 - [TEST_STEP][PASSED] - verifyMatch("iahmed@govolution.com", email, false): Actual text 'iahmed@govolution.com' and expected text 'iahmed@govolution.com' are matched 

2024-02-06 17:32:00 - [MESSAGE][PASSED] - Actual text 'iahmed@govolution.com' and expected text 'iahmed@govolution.com' are matched 

2024-02-06 17:32:00 - [TEST_STEP][PASSED] - amount = getAttribute(findTestObject("Object Repository/RAD_Pages/PaymentEntry_Page/input_amount"), "value"): Attribute 'value' of object 'Object Repository/RAD_Pages/PaymentEntry_Page/input_amount' is: '10.00'

2024-02-06 17:32:00 - [MESSAGE][PASSED] - Attribute 'value' of object 'Object Repository/RAD_Pages/PaymentEntry_Page/input_amount' is: '10.00'

2024-02-06 17:32:00 - [TEST_STEP][PASSED] - verifyMatch("10.00", amount, false): Actual text '10.00' and expected text '10.00' are matched 

2024-02-06 17:32:00 - [MESSAGE][PASSED] - Actual text '10.00' and expected text '10.00' are matched 

2024-02-06 17:32:00 - [TEST_STEP][PASSED] - amountReadOnly = getAttribute(findTestObject("Object Repository/RAD_Pages/PaymentEntry_Page/input_amount"), "readonly"): Attribute 'readonly' of object 'Object Repository/RAD_Pages/PaymentEntry_Page/input_amount' is: 'true'

2024-02-06 17:32:00 - [MESSAGE][PASSED] - Attribute 'readonly' of object 'Object Repository/RAD_Pages/PaymentEntry_Page/input_amount' is: 'true'

2024-02-06 17:32:00 - [TEST_STEP][PASSED] - verifyMatch("true", amountReadOnly, false): Actual text 'true' and expected text 'true' are matched 

2024-02-06 17:32:00 - [MESSAGE][PASSED] - Actual text 'true' and expected text 'true' are matched 

2024-02-06 17:32:00 - [TEST_STEP][PASSED] - verifyOptionSelectedByLabel(findTestObject("Object Repository/RAD_Pages/PaymentEntry_Page/select_Country"), "United States", false, 20): All options with label 'United States' are selected in object 'Object Repository/RAD_Pages/PaymentEntry_Page/select_Country' 

2024-02-06 17:32:01 - [MESSAGE][PASSED] - All options with label 'United States' are selected in object 'Object Repository/RAD_Pages/PaymentEntry_Page/select_Country' 

2024-02-06 17:32:01 - [TEST_STEP][PASSED] - verifyOptionSelectedByLabel(findTestObject("Object Repository/RAD_Pages/PaymentEntry_Page/select_State"), "Maryland", false, 20): All options with label 'Maryland' are selected in object 'Object Repository/RAD_Pages/PaymentEntry_Page/select_State' 

2024-02-06 17:32:04 - [MESSAGE][PASSED] - All options with label 'Maryland' are selected in object 'Object Repository/RAD_Pages/PaymentEntry_Page/select_State' 

2024-02-06 17:32:04 - [TEST_STEP][PASSED] - setText(findTestObject(orPath_PaymentEntry + "/input__cardNumber"), "4111111111111111"): Text '4111111111111111' is set on object 'Object Repository/RAD_Pages/PaymentEntry_Page/input__cardNumber'

2024-02-06 17:32:05 - [MESSAGE][PASSED] - Text '4111111111111111' is set on object 'Object Repository/RAD_Pages/PaymentEntry_Page/input__cardNumber'

2024-02-06 17:32:05 - [TEST_STEP][PASSED] - setText(findTestObject(orPath_PaymentEntry + "/input__spc"), "123"): Text '123' is set on object 'Object Repository/RAD_Pages/PaymentEntry_Page/input__spc'

2024-02-06 17:32:05 - [MESSAGE][PASSED] - Text '123' is set on object 'Object Repository/RAD_Pages/PaymentEntry_Page/input__spc'

2024-02-06 17:32:05 - [TEST_STEP][PASSED] - selectOptionByLabel(findTestObject(orPath_PaymentEntry + "/select_MM"), "12", false): All options with label '12' are selected in object 'Object Repository/RAD_Pages/PaymentEntry_Page/select_MM' 

2024-02-06 17:32:06 - [MESSAGE][PASSED] - All options with label '12' are selected in object 'Object Repository/RAD_Pages/PaymentEntry_Page/select_MM' 

2024-02-06 17:32:06 - [TEST_STEP][PASSED] - selectOptionByLabel(findTestObject(orPath_PaymentEntry + "/select_YYYY"), "2028", false): All options with label '2028' are selected in object 'Object Repository/RAD_Pages/PaymentEntry_Page/select_YYYY' 

2024-02-06 17:32:07 - [MESSAGE][PASSED] - All options with label '2028' are selected in object 'Object Repository/RAD_Pages/PaymentEntry_Page/select_YYYY' 

2024-02-06 17:32:07 - [TEST_STEP][PASSED] - click(findTestObject(orPath_PaymentEntry + "/input_Field_ccSubmit")): Object: 'Object Repository/RAD_Pages/PaymentEntry_Page/input_Field_ccSubmit' is clicked on

2024-02-06 17:32:08 - [MESSAGE][PASSED] - Object: 'Object Repository/RAD_Pages/PaymentEntry_Page/input_Field_ccSubmit' is clicked on

2024-02-06 17:32:08 - [TEST_STEP][PASSED] - click(findTestObject(orPath_PaymentConfirmation + "/input_N_confirmNotifyAction")): Object: 'Object Repository/RAD_Pages/PaymentConfirmation_Page/input_N_confirmNotifyAction' is clicked on

2024-02-06 17:32:09 - [MESSAGE][PASSED] - Object: 'Object Repository/RAD_Pages/PaymentConfirmation_Page/input_N_confirmNotifyAction' is clicked on

2024-02-06 17:32:09 - [TEST_STEP][PASSED] - verifyTextPresent("Service Fee Acceptance", true): Text 'Service Fee Acceptance' is present on page  using regular expression

2024-02-06 17:32:09 - [MESSAGE][PASSED] - Text 'Service Fee Acceptance' is present on page  using regular expression

2024-02-06 17:32:09 - [TEST_STEP][PASSED] - verifyTextPresent("This transaction is subject to a Service Fee of ", true): Text 'This transaction is subject to a Service Fee of ' is present on page  using regular expression

2024-02-06 17:32:10 - [MESSAGE][PASSED] - Text 'This transaction is subject to a Service Fee of ' is present on page  using regular expression

2024-02-06 17:32:10 - [TEST_STEP][PASSED] - verifyTextPresent("Payment Amount:", true): Text 'Payment Amount:' is present on page  using regular expression

2024-02-06 17:32:10 - [MESSAGE][PASSED] - Text 'Payment Amount:' is present on page  using regular expression

2024-02-06 17:32:10 - [TEST_STEP][PASSED] - verifyTextPresent("10.00", true): Text '10.00' is present on page  using regular expression

2024-02-06 17:32:10 - [MESSAGE][PASSED] - Text '10.00' is present on page  using regular expression

2024-02-06 17:32:10 - [TEST_STEP][PASSED] - verifyTextPresent("Service Fee:", true): Text 'Service Fee:' is present on page  using regular expression

2024-02-06 17:32:11 - [MESSAGE][PASSED] - Text 'Service Fee:' is present on page  using regular expression

2024-02-06 17:32:11 - [TEST_STEP][PASSED] - verifyTextPresent("1.00", true): Text '1.00' is present on page  using regular expression

2024-02-06 17:32:11 - [MESSAGE][PASSED] - Text '1.00' is present on page  using regular expression

2024-02-06 17:32:11 - [TEST_STEP][PASSED] - verifyTextPresent("Total Amount:", true): Text 'Total Amount:' is present on page  using regular expression

2024-02-06 17:32:11 - [MESSAGE][PASSED] - Text 'Total Amount:' is present on page  using regular expression

2024-02-06 17:32:11 - [TEST_STEP][PASSED] - verifyTextPresent("11.00", true): Text '11.00' is present on page  using regular expression

2024-02-06 17:32:11 - [MESSAGE][PASSED] - Text '11.00' is present on page  using regular expression

2024-02-06 17:32:11 - [TEST_STEP][PASSED] - verifyTextPresent("Two transactions will appear on your bank statement, one in the amount of", true): Text 'Two transactions will appear on your bank statement, one in the amount of' is present on page  using regular expression

2024-02-06 17:32:12 - [MESSAGE][PASSED] - Text 'Two transactions will appear on your bank statement, one in the amount of' is present on page  using regular expression

2024-02-06 17:32:12 - [TEST_STEP][PASSED] - if (verifyElementPresent(findTestObject(orPath_ServiceFeesAccept + "/input_convFeeNotifyAction"), 30)): null

2024-02-06 17:32:12 - [MESSAGE][PASSED] - Object 'Object Repository/RAD_Pages/ServiceFeeAccept_Page/input_convFeeNotifyAction' is present

2024-02-06 17:32:12 - [TEST_STEP][PASSED] - resText = "Pass": null

2024-02-06 17:32:12 - [TEST_STEP][PASSED] - pages.WriteExcel.demoKey(resText, datText, resColumn, datCloumn, fileLoc, nameSheet, row): pages.WriteExcel.demoKey is PASSED

2024-02-06 17:32:12 - [MESSAGE][PASSED] - pages.WriteExcel.demoKey is PASSED

2024-02-06 17:32:12 - [TEST_STEP][PASSED] - if (execProfile == "QAProfile" || execProfile == "QA2Profile"): Text 'Successful Payment Receipt' is present on page  using regular expression

2024-02-06 17:32:12 - [TEST_STEP][PASSED] - click(findTestObject(orPath_ServiceFeesAccept + "/input_convFeeNotifyAction")): Object: 'Object Repository/RAD_Pages/ServiceFeeAccept_Page/input_convFeeNotifyAction' is clicked on

2024-02-06 17:32:13 - [MESSAGE][PASSED] - Object: 'Object Repository/RAD_Pages/ServiceFeeAccept_Page/input_convFeeNotifyAction' is clicked on

2024-02-06 17:32:13 - [TEST_STEP][PASSED] - delay(10): Delayed 10 second(s)

2024-02-06 17:32:23 - [MESSAGE][PASSED] - Delayed 10 second(s)

2024-02-06 17:32:23 - [TEST_STEP][PASSED] - verifyTextPresent("Successful Payment Receipt", true): Text 'Successful Payment Receipt' is present on page  using regular expression

2024-02-06 17:32:24 - [MESSAGE][PASSED] - Text 'Successful Payment Receipt' is present on page  using regular expression

2024-02-06 17:32:24 - [TEST_STEP][PASSED] - ExecuteTC = findTestData(dataFile).getValue("Execute", row): null

2024-02-06 17:32:24 - [TEST_STEP][PASSED] - TaxType = findTestData(dataFile).getValue("TaxType", row): null

2024-02-06 17:32:24 - [TEST_STEP][PASSED] - PaymentType = findTestData(dataFile).getValue("PaymentType", row): null

2024-02-06 17:32:24 - [TEST_STEP][PASSED] - FilingYear = findTestData(dataFile).getValue("Year", row): null

2024-02-06 17:32:24 - [TEST_STEP][PASSED] - if (ExecuteTC.equalsIgnoreCase("Y")): null

2024-02-06 17:32:24 - [TEST_STEP][PASSED] - out.println("Begin Record Number: " + row): null

2024-02-06 17:32:24 - [TEST_STEP][PASSED] - today = new java.util.Date(): null

2024-02-06 17:32:24 - [TEST_STEP][PASSED] - println(today): null

2024-02-06 17:32:24 - [TEST_STEP][PASSED] - datText = today: null

2024-02-06 17:32:24 - [TEST_STEP][PASSED] - logInfo("Payment Type: " + PaymentType): Payment Type: New Tax Return Amount Due

2024-02-06 17:32:24 - [MESSAGE][INFO] - Payment Type: New Tax Return Amount Due

2024-02-06 17:32:24 - [TEST_STEP][PASSED] - logInfo("Tax Type: " + TaxType): Tax Type: Estate Tax

2024-02-06 17:32:24 - [MESSAGE][INFO] - Tax Type: Estate Tax

2024-02-06 17:32:24 - [TEST_STEP][PASSED] - openBrowser(""): Browser is opened with url: ''

2024-02-06 17:32:24 - [MESSAGE][WARNING] - A browser is already opened. Closing browser and opening a new one

2024-02-06 17:32:25 - [MESSAGE][INFO] - Starting 'Chrome' driver

2024-02-06 17:32:25 - [MESSAGE][INFO] - User set preference: ['acceptInsecureCerts', 'true']

2024-02-06 17:32:25 - [MESSAGE][INFO] - Action delay is set to 0 milliseconds

2024-02-06 17:32:26 - [MESSAGE][PASSED] - Browser is opened with url: ''

2024-02-06 17:32:26 - [TEST_STEP][PASSED] - maximizeWindow(): Current window maximized

2024-02-06 17:32:27 - [MESSAGE][PASSED] - Current window maximized

2024-02-06 17:32:27 - [TEST_STEP][PASSED] - navigateToUrl(RADurl): Navigate to 'https://qa2.velocitypayment.com/client/rad/index.html' successfully

2024-02-06 17:32:27 - [MESSAGE][PASSED] - Navigate to 'https://qa2.velocitypayment.com/client/rad/index.html' successfully

2024-02-06 17:32:27 - [TEST_STEP][PASSED] - selectOptionByLabel(findTestObject(orPath_Landing + "/dd_TaxType"), PaymentType, false): All options with label 'New Tax Return Amount Due' are selected in object 'Object Repository/RAD_Pages/Landing_Page/dd_TaxType' 

2024-02-06 17:32:29 - [MESSAGE][PASSED] - All options with label 'New Tax Return Amount Due' are selected in object 'Object Repository/RAD_Pages/Landing_Page/dd_TaxType' 

2024-02-06 17:32:29 - [TEST_STEP][PASSED] - switch (PaymentType): null

2024-02-06 17:32:29 - [TEST_STEP][PASSED] - case "New Tax Return Amount Due":: null

2024-02-06 17:32:29 - [TEST_STEP][PASSED] - selectOptionByLabel(findTestObject("Object Repository/RAD_Pages/Landing_Page/select_NewTaxReturnAmountDue_TaxType"), TaxType, false): All options with label 'Estate Tax' are selected in object 'Object Repository/RAD_Pages/Landing_Page/select_NewTaxReturnAmountDue_TaxType' 

2024-02-06 17:32:30 - [MESSAGE][PASSED] - All options with label 'Estate Tax' are selected in object 'Object Repository/RAD_Pages/Landing_Page/select_NewTaxReturnAmountDue_TaxType' 

2024-02-06 17:32:30 - [TEST_STEP][PASSED] - break: null

2024-02-06 17:32:30 - [TEST_STEP][PASSED] - if (!(FilingYear.isEmpty())): All options with label '2022' are selected in object 'Object Repository/RAD_Pages/TaxTypeFilingYear_Page/select_FilingYear' 

2024-02-06 17:32:30 - [TEST_STEP][PASSED] - selectOptionByLabel(findTestObject(orPath_TaxTypeFilingYear + "/select_FilingYear"), FilingYear, false): All options with label '2022' are selected in object 'Object Repository/RAD_Pages/TaxTypeFilingYear_Page/select_FilingYear' 

2024-02-06 17:32:30 - [MESSAGE][PASSED] - All options with label '2022' are selected in object 'Object Repository/RAD_Pages/TaxTypeFilingYear_Page/select_FilingYear' 

2024-02-06 17:32:30 - [TEST_STEP][PASSED] - if (TaxType.equalsIgnoreCase("Estate Tax")): rad.getSetDataRAD.setDataRADNewTaxDecedentSSNandName is PASSED

2024-02-06 17:32:30 - [TEST_STEP][PASSED] - rad.getSetDataRAD.setDataRADNewTaxDecedentSSNandName(): rad.getSetDataRAD.setDataRADNewTaxDecedentSSNandName is PASSED

2024-02-06 17:32:31 - [MESSAGE][PASSED] - Text 'Jimmy' is set on object 'Object Repository/RAD_Pages/Taxpayer_Page/input_firstName'

2024-02-06 17:32:32 - [MESSAGE][PASSED] - Text 'Anderson' is set on object 'Object Repository/RAD_Pages/Taxpayer_Page/input_lastName'

2024-02-06 17:32:33 - [MESSAGE][PASSED] - Text '123451234' is set on object 'Object Repository/RAD_Pages/Taxpayer_Page/input_NewTax_DecedentSSN'

2024-02-06 17:32:33 - [MESSAGE][PASSED] - Text '123451234' is set on object 'Object Repository/RAD_Pages/Taxpayer_Page/input_NewTax_ReTypeDecedentSSN'

2024-02-06 17:32:33 - [MESSAGE][PASSED] - rad.getSetDataRAD.setDataRADNewTaxDecedentSSNandName is PASSED

2024-02-06 17:32:33 - [TEST_STEP][PASSED] - rad.getSetDataRAD.setDataRADAddress(): rad.getSetDataRAD.setDataRADAddress is PASSED

2024-02-06 17:32:34 - [MESSAGE][PASSED] - All options with label 'United States' are selected in object 'Object Repository/RAD_Pages/AddressAndContactInfo_Page/select_Country' 

2024-02-06 17:32:35 - [MESSAGE][PASSED] - Text '2508 Mandan Terrace' is set on object 'Object Repository/RAD_Pages/AddressAndContactInfo_Page/input_streetAddress1'

2024-02-06 17:32:36 - [MESSAGE][PASSED] - Text '' is set on object 'Object Repository/RAD_Pages/AddressAndContactInfo_Page/input_streetAddress2'

2024-02-06 17:32:37 - [MESSAGE][PASSED] - Text 'Gambrills' is set on object 'Object Repository/RAD_Pages/AddressAndContactInfo_Page/input_city'

2024-02-06 17:32:37 - [MESSAGE][PASSED] - All options with label 'Maryland' are selected in object 'Object Repository/RAD_Pages/AddressAndContactInfo_Page/select_State' 

2024-02-06 17:32:38 - [MESSAGE][PASSED] - Text '21054' is set on object 'Object Repository/RAD_Pages/AddressAndContactInfo_Page/input_zipCode'

2024-02-06 17:32:39 - [MESSAGE][PASSED] - Text '(703) 894-5000' is set on object 'Object Repository/RAD_Pages/AddressAndContactInfo_Page/input_phoneNumber'

2024-02-06 17:32:40 - [MESSAGE][PASSED] - Text 'iahmed@govolution.com' is set on object 'Object Repository/RAD_Pages/AddressAndContactInfo_Page/input_eMailAddress'

2024-02-06 17:32:41 - [MESSAGE][PASSED] - Text 'iahmed@govolution.com' is set on object 'Object Repository/RAD_Pages/AddressAndContactInfo_Page/input_reEnterEMailAddress'

2024-02-06 17:32:41 - [MESSAGE][PASSED] - rad.getSetDataRAD.setDataRADAddress is PASSED

2024-02-06 17:32:41 - [TEST_STEP][PASSED] - setText(findTestObject(orPath_Amount + "/input__paymentAmount"), "10.00"): Text '10.00' is set on object 'Object Repository/RAD_Pages/PaymentAmount_Page/input__paymentAmount'

2024-02-06 17:32:42 - [MESSAGE][PASSED] - Text '10.00' is set on object 'Object Repository/RAD_Pages/PaymentAmount_Page/input__paymentAmount'

2024-02-06 17:32:42 - [TEST_STEP][PASSED] - setText(findTestObject(orPath_AddressContact + "/input_streetAddress2"), ""): Text '' is set on object 'Object Repository/RAD_Pages/AddressAndContactInfo_Page/input_streetAddress2'

2024-02-06 17:32:42 - [MESSAGE][PASSED] - Text '' is set on object 'Object Repository/RAD_Pages/AddressAndContactInfo_Page/input_streetAddress2'

2024-02-06 17:32:42 - [TEST_STEP][PASSED] - scrollToElement(findTestObject(orPath_Landing + "/button_Continue"), 3): Scroll to object 'Object Repository/RAD_Pages/Landing_Page/button_Continue' successfully

2024-02-06 17:32:43 - [MESSAGE][PASSED] - Scroll to object 'Object Repository/RAD_Pages/Landing_Page/button_Continue' successfully

2024-02-06 17:32:43 - [TEST_STEP][PASSED] - waitForElementClickable(findTestObject(orPath_Landing + "/button_Continue"), 5): Object 'Object Repository/RAD_Pages/Landing_Page/button_Continue' is clickable

2024-02-06 17:32:43 - [MESSAGE][PASSED] - Object 'Object Repository/RAD_Pages/Landing_Page/button_Continue' is clickable

2024-02-06 17:32:43 - [TEST_STEP][PASSED] - click(findTestObject(orPath_Landing + "/button_Continue")): Object: 'Object Repository/RAD_Pages/Landing_Page/button_Continue' is clicked on

2024-02-06 17:32:44 - [MESSAGE][PASSED] - Object: 'Object Repository/RAD_Pages/Landing_Page/button_Continue' is clicked on

2024-02-06 17:32:44 - [TEST_STEP][PASSED] - delay(2): Delayed 2 second(s)

2024-02-06 17:32:46 - [MESSAGE][PASSED] - Delayed 2 second(s)

2024-02-06 17:32:46 - [TEST_STEP][PASSED] - click(findTestObject(orPath_Summary + "/button_Proceed to Payment")): Object: 'Object Repository/RAD_Pages/Summary_Page/button_Proceed to Payment' is clicked on

2024-02-06 17:32:47 - [MESSAGE][PASSED] - Object: 'Object Repository/RAD_Pages/Summary_Page/button_Proceed to Payment' is clicked on

2024-02-06 17:32:47 - [TEST_STEP][PASSED] - if (verifyElementPresent(findTestObject("Object Repository/RAD_Pages/PaymentEntry_Page/input__billingName"), 30)): null

2024-02-06 17:32:48 - [MESSAGE][PASSED] - Object 'Object Repository/RAD_Pages/PaymentEntry_Page/input__billingName' is present

2024-02-06 17:32:48 - [TEST_STEP][PASSED] - verifyTextPresent("Comptroller of Maryland", true): Text 'Comptroller of Maryland' is present on page  using regular expression

2024-02-06 17:32:48 - [MESSAGE][PASSED] - Text 'Comptroller of Maryland' is present on page  using regular expression

2024-02-06 17:32:48 - [TEST_STEP][PASSED] - verifyTextPresent("Payment Information", true): Text 'Payment Information' is present on page  using regular expression

2024-02-06 17:32:48 - [MESSAGE][PASSED] - Text 'Payment Information' is present on page  using regular expression

2024-02-06 17:32:48 - [TEST_STEP][PASSED] - card_Name = getAttribute(findTestObject("Object Repository/RAD_Pages/PaymentEntry_Page/input__billingName"), "value"): Attribute 'value' of object 'Object Repository/RAD_Pages/PaymentEntry_Page/input__billingName' is: 'Jimmy Anderson'

2024-02-06 17:32:49 - [MESSAGE][PASSED] - Attribute 'value' of object 'Object Repository/RAD_Pages/PaymentEntry_Page/input__billingName' is: 'Jimmy Anderson'

2024-02-06 17:32:49 - [TEST_STEP][PASSED] - switch (executionProfile): null

2024-02-06 17:32:49 - [TEST_STEP][PASSED] - case "QA2Profile":: null

2024-02-06 17:32:49 - [TEST_STEP][PASSED] - verifyMatch("Jimmy Anderson", card_Name, false): Actual text 'Jimmy Anderson' and expected text 'Jimmy Anderson' are matched 

2024-02-06 17:32:49 - [MESSAGE][PASSED] - Actual text 'Jimmy Anderson' and expected text 'Jimmy Anderson' are matched 

2024-02-06 17:32:49 - [TEST_STEP][PASSED] - break: null

2024-02-06 17:32:49 - [TEST_STEP][PASSED] - AL1 = getAttribute(findTestObject("Object Repository/RAD_Pages/PaymentEntry_Page/input_billingAddress"), "value"): Attribute 'value' of object 'Object Repository/RAD_Pages/PaymentEntry_Page/input_billingAddress' is: '2508 Mandan Terrace'

2024-02-06 17:32:49 - [MESSAGE][PASSED] - Attribute 'value' of object 'Object Repository/RAD_Pages/PaymentEntry_Page/input_billingAddress' is: '2508 Mandan Terrace'

2024-02-06 17:32:49 - [TEST_STEP][PASSED] - verifyMatch("2508 Mandan Terrace", AL1, false): Actual text '2508 Mandan Terrace' and expected text '2508 Mandan Terrace' are matched 

2024-02-06 17:32:49 - [MESSAGE][PASSED] - Actual text '2508 Mandan Terrace' and expected text '2508 Mandan Terrace' are matched 

2024-02-06 17:32:49 - [TEST_STEP][PASSED] - AL2 = getAttribute(findTestObject("Object Repository/RAD_Pages/PaymentEntry_Page/input_billingAddress2"), "value"): Attribute 'value' of object 'Object Repository/RAD_Pages/PaymentEntry_Page/input_billingAddress2' is: ''

2024-02-06 17:32:49 - [MESSAGE][PASSED] - Attribute 'value' of object 'Object Repository/RAD_Pages/PaymentEntry_Page/input_billingAddress2' is: ''

2024-02-06 17:32:49 - [TEST_STEP][PASSED] - verifyMatch("", AL2, false): Actual text '' and expected text '' are matched 

2024-02-06 17:32:49 - [MESSAGE][PASSED] - Actual text '' and expected text '' are matched 

2024-02-06 17:32:49 - [TEST_STEP][PASSED] - zipCode = getAttribute(findTestObject("Object Repository/RAD_Pages/PaymentEntry_Page/input_billingZip"), "value"): Attribute 'value' of object 'Object Repository/RAD_Pages/PaymentEntry_Page/input_billingZip' is: '21054'

2024-02-06 17:32:50 - [MESSAGE][PASSED] - Attribute 'value' of object 'Object Repository/RAD_Pages/PaymentEntry_Page/input_billingZip' is: '21054'

2024-02-06 17:32:50 - [TEST_STEP][PASSED] - verifyMatch("21054", zipCode, false): Actual text '21054' and expected text '21054' are matched 

2024-02-06 17:32:50 - [MESSAGE][PASSED] - Actual text '21054' and expected text '21054' are matched 

2024-02-06 17:32:50 - [TEST_STEP][PASSED] - city = getAttribute(findTestObject("Object Repository/RAD_Pages/PaymentEntry_Page/input_billingCity"), "value"): Attribute 'value' of object 'Object Repository/RAD_Pages/PaymentEntry_Page/input_billingCity' is: 'GAMBRILLS'

2024-02-06 17:32:50 - [MESSAGE][PASSED] - Attribute 'value' of object 'Object Repository/RAD_Pages/PaymentEntry_Page/input_billingCity' is: 'GAMBRILLS'

2024-02-06 17:32:50 - [TEST_STEP][PASSED] - verifyMatch("GAMBRILLS", city, false): Actual text 'GAMBRILLS' and expected text 'GAMBRILLS' are matched 

2024-02-06 17:32:50 - [MESSAGE][PASSED] - Actual text 'GAMBRILLS' and expected text 'GAMBRILLS' are matched 

2024-02-06 17:32:50 - [TEST_STEP][PASSED] - email = getAttribute(findTestObject("Object Repository/RAD_Pages/PaymentEntry_Page/input_emailAddress"), "value"): Attribute 'value' of object 'Object Repository/RAD_Pages/PaymentEntry_Page/input_emailAddress' is: 'iahmed@govolution.com'

2024-02-06 17:32:50 - [MESSAGE][PASSED] - Attribute 'value' of object 'Object Repository/RAD_Pages/PaymentEntry_Page/input_emailAddress' is: 'iahmed@govolution.com'

2024-02-06 17:32:50 - [TEST_STEP][PASSED] - verifyMatch("iahmed@govolution.com", email, false): Actual text 'iahmed@govolution.com' and expected text 'iahmed@govolution.com' are matched 

2024-02-06 17:32:50 - [MESSAGE][PASSED] - Actual text 'iahmed@govolution.com' and expected text 'iahmed@govolution.com' are matched 

2024-02-06 17:32:50 - [TEST_STEP][PASSED] - amount = getAttribute(findTestObject("Object Repository/RAD_Pages/PaymentEntry_Page/input_amount"), "value"): Attribute 'value' of object 'Object Repository/RAD_Pages/PaymentEntry_Page/input_amount' is: '10.00'

2024-02-06 17:32:51 - [MESSAGE][PASSED] - Attribute 'value' of object 'Object Repository/RAD_Pages/PaymentEntry_Page/input_amount' is: '10.00'

2024-02-06 17:32:51 - [TEST_STEP][PASSED] - verifyMatch("10.00", amount, false): Actual text '10.00' and expected text '10.00' are matched 

2024-02-06 17:32:51 - [MESSAGE][PASSED] - Actual text '10.00' and expected text '10.00' are matched 

2024-02-06 17:32:51 - [TEST_STEP][PASSED] - amountReadOnly = getAttribute(findTestObject("Object Repository/RAD_Pages/PaymentEntry_Page/input_amount"), "readonly"): Attribute 'readonly' of object 'Object Repository/RAD_Pages/PaymentEntry_Page/input_amount' is: 'true'

2024-02-06 17:32:51 - [MESSAGE][PASSED] - Attribute 'readonly' of object 'Object Repository/RAD_Pages/PaymentEntry_Page/input_amount' is: 'true'

2024-02-06 17:32:51 - [TEST_STEP][PASSED] - verifyMatch("true", amountReadOnly, false): Actual text 'true' and expected text 'true' are matched 

2024-02-06 17:32:51 - [MESSAGE][PASSED] - Actual text 'true' and expected text 'true' are matched 

2024-02-06 17:32:51 - [TEST_STEP][PASSED] - verifyOptionSelectedByLabel(findTestObject("Object Repository/RAD_Pages/PaymentEntry_Page/select_Country"), "United States", false, 20): All options with label 'United States' are selected in object 'Object Repository/RAD_Pages/PaymentEntry_Page/select_Country' 

2024-02-06 17:32:52 - [MESSAGE][PASSED] - All options with label 'United States' are selected in object 'Object Repository/RAD_Pages/PaymentEntry_Page/select_Country' 

2024-02-06 17:32:52 - [TEST_STEP][PASSED] - verifyOptionSelectedByLabel(findTestObject("Object Repository/RAD_Pages/PaymentEntry_Page/select_State"), "Maryland", false, 20): All options with label 'Maryland' are selected in object 'Object Repository/RAD_Pages/PaymentEntry_Page/select_State' 

2024-02-06 17:32:55 - [MESSAGE][PASSED] - All options with label 'Maryland' are selected in object 'Object Repository/RAD_Pages/PaymentEntry_Page/select_State' 

2024-02-06 17:32:55 - [TEST_STEP][PASSED] - setText(findTestObject(orPath_PaymentEntry + "/input__cardNumber"), "4111111111111111"): Text '4111111111111111' is set on object 'Object Repository/RAD_Pages/PaymentEntry_Page/input__cardNumber'

2024-02-06 17:32:55 - [MESSAGE][PASSED] - Text '4111111111111111' is set on object 'Object Repository/RAD_Pages/PaymentEntry_Page/input__cardNumber'

2024-02-06 17:32:55 - [TEST_STEP][PASSED] - setText(findTestObject(orPath_PaymentEntry + "/input__spc"), "123"): Text '123' is set on object 'Object Repository/RAD_Pages/PaymentEntry_Page/input__spc'

2024-02-06 17:32:56 - [MESSAGE][PASSED] - Text '123' is set on object 'Object Repository/RAD_Pages/PaymentEntry_Page/input__spc'

2024-02-06 17:32:56 - [TEST_STEP][PASSED] - selectOptionByLabel(findTestObject(orPath_PaymentEntry + "/select_MM"), "12", false): All options with label '12' are selected in object 'Object Repository/RAD_Pages/PaymentEntry_Page/select_MM' 

2024-02-06 17:32:57 - [MESSAGE][PASSED] - All options with label '12' are selected in object 'Object Repository/RAD_Pages/PaymentEntry_Page/select_MM' 

2024-02-06 17:32:57 - [TEST_STEP][PASSED] - selectOptionByLabel(findTestObject(orPath_PaymentEntry + "/select_YYYY"), "2028", false): All options with label '2028' are selected in object 'Object Repository/RAD_Pages/PaymentEntry_Page/select_YYYY' 

2024-02-06 17:32:57 - [MESSAGE][PASSED] - All options with label '2028' are selected in object 'Object Repository/RAD_Pages/PaymentEntry_Page/select_YYYY' 

2024-02-06 17:32:57 - [TEST_STEP][PASSED] - click(findTestObject(orPath_PaymentEntry + "/input_Field_ccSubmit")): Object: 'Object Repository/RAD_Pages/PaymentEntry_Page/input_Field_ccSubmit' is clicked on

2024-02-06 17:32:58 - [MESSAGE][PASSED] - Object: 'Object Repository/RAD_Pages/PaymentEntry_Page/input_Field_ccSubmit' is clicked on

2024-02-06 17:32:58 - [TEST_STEP][PASSED] - click(findTestObject(orPath_PaymentConfirmation + "/input_N_confirmNotifyAction")): Object: 'Object Repository/RAD_Pages/PaymentConfirmation_Page/input_N_confirmNotifyAction' is clicked on

2024-02-06 17:32:59 - [MESSAGE][PASSED] - Object: 'Object Repository/RAD_Pages/PaymentConfirmation_Page/input_N_confirmNotifyAction' is clicked on

2024-02-06 17:32:59 - [TEST_STEP][PASSED] - verifyTextPresent("Service Fee Acceptance", true): Text 'Service Fee Acceptance' is present on page  using regular expression

2024-02-06 17:33:00 - [MESSAGE][PASSED] - Text 'Service Fee Acceptance' is present on page  using regular expression

2024-02-06 17:33:00 - [TEST_STEP][PASSED] - verifyTextPresent("This transaction is subject to a Service Fee of ", true): Text 'This transaction is subject to a Service Fee of ' is present on page  using regular expression

2024-02-06 17:33:00 - [MESSAGE][PASSED] - Text 'This transaction is subject to a Service Fee of ' is present on page  using regular expression

2024-02-06 17:33:00 - [TEST_STEP][PASSED] - verifyTextPresent("Payment Amount:", true): Text 'Payment Amount:' is present on page  using regular expression

2024-02-06 17:33:00 - [MESSAGE][PASSED] - Text 'Payment Amount:' is present on page  using regular expression

2024-02-06 17:33:00 - [TEST_STEP][PASSED] - verifyTextPresent("10.00", true): Text '10.00' is present on page  using regular expression

2024-02-06 17:33:01 - [MESSAGE][PASSED] - Text '10.00' is present on page  using regular expression

2024-02-06 17:33:01 - [TEST_STEP][PASSED] - verifyTextPresent("Service Fee:", true): Text 'Service Fee:' is present on page  using regular expression

2024-02-06 17:33:01 - [MESSAGE][PASSED] - Text 'Service Fee:' is present on page  using regular expression

2024-02-06 17:33:01 - [TEST_STEP][PASSED] - verifyTextPresent("1.00", true): Text '1.00' is present on page  using regular expression

2024-02-06 17:33:01 - [MESSAGE][PASSED] - Text '1.00' is present on page  using regular expression

2024-02-06 17:33:01 - [TEST_STEP][PASSED] - verifyTextPresent("Total Amount:", true): Text 'Total Amount:' is present on page  using regular expression

2024-02-06 17:33:01 - [MESSAGE][PASSED] - Text 'Total Amount:' is present on page  using regular expression

2024-02-06 17:33:01 - [TEST_STEP][PASSED] - verifyTextPresent("11.00", true): Text '11.00' is present on page  using regular expression

2024-02-06 17:33:02 - [MESSAGE][PASSED] - Text '11.00' is present on page  using regular expression

2024-02-06 17:33:02 - [TEST_STEP][PASSED] - verifyTextPresent("Two transactions will appear on your bank statement, one in the amount of", true): Text 'Two transactions will appear on your bank statement, one in the amount of' is present on page  using regular expression

2024-02-06 17:33:02 - [MESSAGE][PASSED] - Text 'Two transactions will appear on your bank statement, one in the amount of' is present on page  using regular expression

2024-02-06 17:33:02 - [TEST_STEP][PASSED] - if (verifyElementPresent(findTestObject(orPath_ServiceFeesAccept + "/input_convFeeNotifyAction"), 30)): null

2024-02-06 17:33:02 - [MESSAGE][PASSED] - Object 'Object Repository/RAD_Pages/ServiceFeeAccept_Page/input_convFeeNotifyAction' is present

2024-02-06 17:33:02 - [TEST_STEP][PASSED] - resText = "Pass": null

2024-02-06 17:33:02 - [TEST_STEP][PASSED] - pages.WriteExcel.demoKey(resText, datText, resColumn, datCloumn, fileLoc, nameSheet, row): pages.WriteExcel.demoKey is PASSED

2024-02-06 17:33:02 - [MESSAGE][PASSED] - pages.WriteExcel.demoKey is PASSED

2024-02-06 17:33:02 - [TEST_STEP][PASSED] - if (execProfile == "QAProfile" || execProfile == "QA2Profile"): Text 'Successful Payment Receipt' is present on page  using regular expression

2024-02-06 17:33:02 - [TEST_STEP][PASSED] - click(findTestObject(orPath_ServiceFeesAccept + "/input_convFeeNotifyAction")): Object: 'Object Repository/RAD_Pages/ServiceFeeAccept_Page/input_convFeeNotifyAction' is clicked on

2024-02-06 17:33:04 - [MESSAGE][PASSED] - Object: 'Object Repository/RAD_Pages/ServiceFeeAccept_Page/input_convFeeNotifyAction' is clicked on

2024-02-06 17:33:04 - [TEST_STEP][PASSED] - delay(10): Delayed 10 second(s)

2024-02-06 17:33:14 - [MESSAGE][PASSED] - Delayed 10 second(s)

2024-02-06 17:33:14 - [TEST_STEP][PASSED] - verifyTextPresent("Successful Payment Receipt", true): Text 'Successful Payment Receipt' is present on page  using regular expression

2024-02-06 17:33:14 - [MESSAGE][PASSED] - Text 'Successful Payment Receipt' is present on page  using regular expression

2024-02-06 17:33:14 - [TEST_STEP][PASSED] - ExecuteTC = findTestData(dataFile).getValue("Execute", row): null

2024-02-06 17:33:14 - [TEST_STEP][PASSED] - TaxType = findTestData(dataFile).getValue("TaxType", row): null

2024-02-06 17:33:14 - [TEST_STEP][PASSED] - PaymentType = findTestData(dataFile).getValue("PaymentType", row): null

2024-02-06 17:33:14 - [TEST_STEP][PASSED] - FilingYear = findTestData(dataFile).getValue("Year", row): null

2024-02-06 17:33:14 - [TEST_STEP][PASSED] - if (ExecuteTC.equalsIgnoreCase("Y")): null

2024-02-06 17:33:14 - [TEST_STEP][PASSED] - out.println("Begin Record Number: " + row): null

2024-02-06 17:33:14 - [TEST_STEP][PASSED] - today = new java.util.Date(): null

2024-02-06 17:33:14 - [TEST_STEP][PASSED] - println(today): null

2024-02-06 17:33:14 - [TEST_STEP][PASSED] - datText = today: null

2024-02-06 17:33:14 - [TEST_STEP][PASSED] - logInfo("Payment Type: " + PaymentType): Payment Type: New Tax Return Amount Due

2024-02-06 17:33:14 - [MESSAGE][INFO] - Payment Type: New Tax Return Amount Due

2024-02-06 17:33:14 - [TEST_STEP][PASSED] - logInfo("Tax Type: " + TaxType): Tax Type: Estate Tax

2024-02-06 17:33:14 - [MESSAGE][INFO] - Tax Type: Estate Tax

2024-02-06 17:33:14 - [TEST_STEP][PASSED] - openBrowser(""): Browser is opened with url: ''

2024-02-06 17:33:14 - [MESSAGE][WARNING] - A browser is already opened. Closing browser and opening a new one

2024-02-06 17:33:15 - [MESSAGE][INFO] - Starting 'Chrome' driver

2024-02-06 17:33:15 - [MESSAGE][INFO] - User set preference: ['acceptInsecureCerts', 'true']

2024-02-06 17:33:15 - [MESSAGE][INFO] - Action delay is set to 0 milliseconds

2024-02-06 17:33:17 - [MESSAGE][PASSED] - Browser is opened with url: ''

2024-02-06 17:33:17 - [TEST_STEP][PASSED] - maximizeWindow(): Current window maximized

2024-02-06 17:33:17 - [MESSAGE][PASSED] - Current window maximized

2024-02-06 17:33:17 - [TEST_STEP][PASSED] - navigateToUrl(RADurl): Navigate to 'https://qa2.velocitypayment.com/client/rad/index.html' successfully

2024-02-06 17:33:17 - [MESSAGE][PASSED] - Navigate to 'https://qa2.velocitypayment.com/client/rad/index.html' successfully

2024-02-06 17:33:17 - [TEST_STEP][PASSED] - selectOptionByLabel(findTestObject(orPath_Landing + "/dd_TaxType"), PaymentType, false): All options with label 'New Tax Return Amount Due' are selected in object 'Object Repository/RAD_Pages/Landing_Page/dd_TaxType' 

2024-02-06 17:33:19 - [MESSAGE][PASSED] - All options with label 'New Tax Return Amount Due' are selected in object 'Object Repository/RAD_Pages/Landing_Page/dd_TaxType' 

2024-02-06 17:33:19 - [TEST_STEP][PASSED] - switch (PaymentType): null

2024-02-06 17:33:19 - [TEST_STEP][PASSED] - case "New Tax Return Amount Due":: null

2024-02-06 17:33:19 - [TEST_STEP][PASSED] - selectOptionByLabel(findTestObject("Object Repository/RAD_Pages/Landing_Page/select_NewTaxReturnAmountDue_TaxType"), TaxType, false): All options with label 'Estate Tax' are selected in object 'Object Repository/RAD_Pages/Landing_Page/select_NewTaxReturnAmountDue_TaxType' 

2024-02-06 17:33:20 - [MESSAGE][PASSED] - All options with label 'Estate Tax' are selected in object 'Object Repository/RAD_Pages/Landing_Page/select_NewTaxReturnAmountDue_TaxType' 

2024-02-06 17:33:20 - [TEST_STEP][PASSED] - break: null

2024-02-06 17:33:20 - [TEST_STEP][PASSED] - if (!(FilingYear.isEmpty())): All options with label '2021' are selected in object 'Object Repository/RAD_Pages/TaxTypeFilingYear_Page/select_FilingYear' 

2024-02-06 17:33:20 - [TEST_STEP][PASSED] - selectOptionByLabel(findTestObject(orPath_TaxTypeFilingYear + "/select_FilingYear"), FilingYear, false): All options with label '2021' are selected in object 'Object Repository/RAD_Pages/TaxTypeFilingYear_Page/select_FilingYear' 

2024-02-06 17:33:21 - [MESSAGE][PASSED] - All options with label '2021' are selected in object 'Object Repository/RAD_Pages/TaxTypeFilingYear_Page/select_FilingYear' 

2024-02-06 17:33:21 - [TEST_STEP][PASSED] - if (TaxType.equalsIgnoreCase("Estate Tax")): rad.getSetDataRAD.setDataRADNewTaxDecedentSSNandName is PASSED

2024-02-06 17:33:21 - [TEST_STEP][PASSED] - rad.getSetDataRAD.setDataRADNewTaxDecedentSSNandName(): rad.getSetDataRAD.setDataRADNewTaxDecedentSSNandName is PASSED

2024-02-06 17:33:22 - [MESSAGE][PASSED] - Text 'Jimmy' is set on object 'Object Repository/RAD_Pages/Taxpayer_Page/input_firstName'

2024-02-06 17:33:22 - [MESSAGE][PASSED] - Text 'Anderson' is set on object 'Object Repository/RAD_Pages/Taxpayer_Page/input_lastName'

2024-02-06 17:33:23 - [MESSAGE][PASSED] - Text '123451234' is set on object 'Object Repository/RAD_Pages/Taxpayer_Page/input_NewTax_DecedentSSN'

2024-02-06 17:33:24 - [MESSAGE][PASSED] - Text '123451234' is set on object 'Object Repository/RAD_Pages/Taxpayer_Page/input_NewTax_ReTypeDecedentSSN'

2024-02-06 17:33:24 - [MESSAGE][PASSED] - rad.getSetDataRAD.setDataRADNewTaxDecedentSSNandName is PASSED

2024-02-06 17:33:24 - [TEST_STEP][PASSED] - rad.getSetDataRAD.setDataRADAddress(): rad.getSetDataRAD.setDataRADAddress is PASSED

2024-02-06 17:33:24 - [MESSAGE][PASSED] - All options with label 'United States' are selected in object 'Object Repository/RAD_Pages/AddressAndContactInfo_Page/select_Country' 

2024-02-06 17:33:25 - [MESSAGE][PASSED] - Text '2508 Mandan Terrace' is set on object 'Object Repository/RAD_Pages/AddressAndContactInfo_Page/input_streetAddress1'

2024-02-06 17:33:26 - [MESSAGE][PASSED] - Text '' is set on object 'Object Repository/RAD_Pages/AddressAndContactInfo_Page/input_streetAddress2'

2024-02-06 17:33:27 - [MESSAGE][PASSED] - Text 'Gambrills' is set on object 'Object Repository/RAD_Pages/AddressAndContactInfo_Page/input_city'

2024-02-06 17:33:28 - [MESSAGE][PASSED] - All options with label 'Maryland' are selected in object 'Object Repository/RAD_Pages/AddressAndContactInfo_Page/select_State' 

2024-02-06 17:33:28 - [MESSAGE][PASSED] - Text '21054' is set on object 'Object Repository/RAD_Pages/AddressAndContactInfo_Page/input_zipCode'

2024-02-06 17:33:29 - [MESSAGE][PASSED] - Text '(703) 894-5000' is set on object 'Object Repository/RAD_Pages/AddressAndContactInfo_Page/input_phoneNumber'

2024-02-06 17:33:30 - [MESSAGE][PASSED] - Text 'iahmed@govolution.com' is set on object 'Object Repository/RAD_Pages/AddressAndContactInfo_Page/input_eMailAddress'

2024-02-06 17:33:31 - [MESSAGE][PASSED] - Text 'iahmed@govolution.com' is set on object 'Object Repository/RAD_Pages/AddressAndContactInfo_Page/input_reEnterEMailAddress'

2024-02-06 17:33:31 - [MESSAGE][PASSED] - rad.getSetDataRAD.setDataRADAddress is PASSED

2024-02-06 17:33:31 - [TEST_STEP][PASSED] - setText(findTestObject(orPath_Amount + "/input__paymentAmount"), "10.00"): Text '10.00' is set on object 'Object Repository/RAD_Pages/PaymentAmount_Page/input__paymentAmount'

2024-02-06 17:33:32 - [MESSAGE][PASSED] - Text '10.00' is set on object 'Object Repository/RAD_Pages/PaymentAmount_Page/input__paymentAmount'

2024-02-06 17:33:32 - [TEST_STEP][PASSED] - setText(findTestObject(orPath_AddressContact + "/input_streetAddress2"), ""): Text '' is set on object 'Object Repository/RAD_Pages/AddressAndContactInfo_Page/input_streetAddress2'

2024-02-06 17:33:33 - [MESSAGE][PASSED] - Text '' is set on object 'Object Repository/RAD_Pages/AddressAndContactInfo_Page/input_streetAddress2'

2024-02-06 17:33:33 - [TEST_STEP][PASSED] - scrollToElement(findTestObject(orPath_Landing + "/button_Continue"), 3): Scroll to object 'Object Repository/RAD_Pages/Landing_Page/button_Continue' successfully

2024-02-06 17:33:33 - [MESSAGE][PASSED] - Scroll to object 'Object Repository/RAD_Pages/Landing_Page/button_Continue' successfully

2024-02-06 17:33:33 - [TEST_STEP][PASSED] - waitForElementClickable(findTestObject(orPath_Landing + "/button_Continue"), 5): Object 'Object Repository/RAD_Pages/Landing_Page/button_Continue' is clickable

2024-02-06 17:33:33 - [MESSAGE][PASSED] - Object 'Object Repository/RAD_Pages/Landing_Page/button_Continue' is clickable

2024-02-06 17:33:33 - [TEST_STEP][PASSED] - click(findTestObject(orPath_Landing + "/button_Continue")): Object: 'Object Repository/RAD_Pages/Landing_Page/button_Continue' is clicked on

2024-02-06 17:33:34 - [MESSAGE][PASSED] - Object: 'Object Repository/RAD_Pages/Landing_Page/button_Continue' is clicked on

2024-02-06 17:33:34 - [TEST_STEP][PASSED] - delay(2): Delayed 2 second(s)

2024-02-06 17:33:36 - [MESSAGE][PASSED] - Delayed 2 second(s)

2024-02-06 17:33:36 - [TEST_STEP][PASSED] - click(findTestObject(orPath_Summary + "/button_Proceed to Payment")): Object: 'Object Repository/RAD_Pages/Summary_Page/button_Proceed to Payment' is clicked on

2024-02-06 17:33:37 - [MESSAGE][PASSED] - Object: 'Object Repository/RAD_Pages/Summary_Page/button_Proceed to Payment' is clicked on

2024-02-06 17:33:37 - [TEST_STEP][PASSED] - if (verifyElementPresent(findTestObject("Object Repository/RAD_Pages/PaymentEntry_Page/input__billingName"), 30)): null

2024-02-06 17:33:38 - [MESSAGE][PASSED] - Object 'Object Repository/RAD_Pages/PaymentEntry_Page/input__billingName' is present

2024-02-06 17:33:38 - [TEST_STEP][PASSED] - verifyTextPresent("Comptroller of Maryland", true): Text 'Comptroller of Maryland' is present on page  using regular expression

2024-02-06 17:33:38 - [MESSAGE][PASSED] - Text 'Comptroller of Maryland' is present on page  using regular expression

2024-02-06 17:33:38 - [TEST_STEP][PASSED] - verifyTextPresent("Payment Information", true): Text 'Payment Information' is present on page  using regular expression

2024-02-06 17:33:38 - [MESSAGE][PASSED] - Text 'Payment Information' is present on page  using regular expression

2024-02-06 17:33:38 - [TEST_STEP][PASSED] - card_Name = getAttribute(findTestObject("Object Repository/RAD_Pages/PaymentEntry_Page/input__billingName"), "value"): Attribute 'value' of object 'Object Repository/RAD_Pages/PaymentEntry_Page/input__billingName' is: 'Jimmy Anderson'

2024-02-06 17:33:39 - [MESSAGE][PASSED] - Attribute 'value' of object 'Object Repository/RAD_Pages/PaymentEntry_Page/input__billingName' is: 'Jimmy Anderson'

2024-02-06 17:33:39 - [TEST_STEP][PASSED] - switch (executionProfile): null

2024-02-06 17:33:39 - [TEST_STEP][PASSED] - case "QA2Profile":: null

2024-02-06 17:33:39 - [TEST_STEP][PASSED] - verifyMatch("Jimmy Anderson", card_Name, false): Actual text 'Jimmy Anderson' and expected text 'Jimmy Anderson' are matched 

2024-02-06 17:33:39 - [MESSAGE][PASSED] - Actual text 'Jimmy Anderson' and expected text 'Jimmy Anderson' are matched 

2024-02-06 17:33:39 - [TEST_STEP][PASSED] - break: null

2024-02-06 17:33:39 - [TEST_STEP][PASSED] - AL1 = getAttribute(findTestObject("Object Repository/RAD_Pages/PaymentEntry_Page/input_billingAddress"), "value"): Attribute 'value' of object 'Object Repository/RAD_Pages/PaymentEntry_Page/input_billingAddress' is: '2508 Mandan Terrace'

2024-02-06 17:33:39 - [MESSAGE][PASSED] - Attribute 'value' of object 'Object Repository/RAD_Pages/PaymentEntry_Page/input_billingAddress' is: '2508 Mandan Terrace'

2024-02-06 17:33:39 - [TEST_STEP][PASSED] - verifyMatch("2508 Mandan Terrace", AL1, false): Actual text '2508 Mandan Terrace' and expected text '2508 Mandan Terrace' are matched 

2024-02-06 17:33:39 - [MESSAGE][PASSED] - Actual text '2508 Mandan Terrace' and expected text '2508 Mandan Terrace' are matched 

2024-02-06 17:33:39 - [TEST_STEP][PASSED] - AL2 = getAttribute(findTestObject("Object Repository/RAD_Pages/PaymentEntry_Page/input_billingAddress2"), "value"): Attribute 'value' of object 'Object Repository/RAD_Pages/PaymentEntry_Page/input_billingAddress2' is: ''

2024-02-06 17:33:39 - [MESSAGE][PASSED] - Attribute 'value' of object 'Object Repository/RAD_Pages/PaymentEntry_Page/input_billingAddress2' is: ''

2024-02-06 17:33:39 - [TEST_STEP][PASSED] - verifyMatch("", AL2, false): Actual text '' and expected text '' are matched 

2024-02-06 17:33:39 - [MESSAGE][PASSED] - Actual text '' and expected text '' are matched 

2024-02-06 17:33:39 - [TEST_STEP][PASSED] - zipCode = getAttribute(findTestObject("Object Repository/RAD_Pages/PaymentEntry_Page/input_billingZip"), "value"): Attribute 'value' of object 'Object Repository/RAD_Pages/PaymentEntry_Page/input_billingZip' is: '21054'

2024-02-06 17:33:40 - [MESSAGE][PASSED] - Attribute 'value' of object 'Object Repository/RAD_Pages/PaymentEntry_Page/input_billingZip' is: '21054'

2024-02-06 17:33:40 - [TEST_STEP][PASSED] - verifyMatch("21054", zipCode, false): Actual text '21054' and expected text '21054' are matched 

2024-02-06 17:33:40 - [MESSAGE][PASSED] - Actual text '21054' and expected text '21054' are matched 

2024-02-06 17:33:40 - [TEST_STEP][PASSED] - city = getAttribute(findTestObject("Object Repository/RAD_Pages/PaymentEntry_Page/input_billingCity"), "value"): Attribute 'value' of object 'Object Repository/RAD_Pages/PaymentEntry_Page/input_billingCity' is: 'GAMBRILLS'

2024-02-06 17:33:40 - [MESSAGE][PASSED] - Attribute 'value' of object 'Object Repository/RAD_Pages/PaymentEntry_Page/input_billingCity' is: 'GAMBRILLS'

2024-02-06 17:33:40 - [TEST_STEP][PASSED] - verifyMatch("GAMBRILLS", city, false): Actual text 'GAMBRILLS' and expected text 'GAMBRILLS' are matched 

2024-02-06 17:33:40 - [MESSAGE][PASSED] - Actual text 'GAMBRILLS' and expected text 'GAMBRILLS' are matched 

2024-02-06 17:33:40 - [TEST_STEP][PASSED] - email = getAttribute(findTestObject("Object Repository/RAD_Pages/PaymentEntry_Page/input_emailAddress"), "value"): Attribute 'value' of object 'Object Repository/RAD_Pages/PaymentEntry_Page/input_emailAddress' is: 'iahmed@govolution.com'

2024-02-06 17:33:40 - [MESSAGE][PASSED] - Attribute 'value' of object 'Object Repository/RAD_Pages/PaymentEntry_Page/input_emailAddress' is: 'iahmed@govolution.com'

2024-02-06 17:33:40 - [TEST_STEP][PASSED] - verifyMatch("iahmed@govolution.com", email, false): Actual text 'iahmed@govolution.com' and expected text 'iahmed@govolution.com' are matched 

2024-02-06 17:33:40 - [MESSAGE][PASSED] - Actual text 'iahmed@govolution.com' and expected text 'iahmed@govolution.com' are matched 

2024-02-06 17:33:40 - [TEST_STEP][PASSED] - amount = getAttribute(findTestObject("Object Repository/RAD_Pages/PaymentEntry_Page/input_amount"), "value"): Attribute 'value' of object 'Object Repository/RAD_Pages/PaymentEntry_Page/input_amount' is: '10.00'

2024-02-06 17:33:41 - [MESSAGE][PASSED] - Attribute 'value' of object 'Object Repository/RAD_Pages/PaymentEntry_Page/input_amount' is: '10.00'

2024-02-06 17:33:41 - [TEST_STEP][PASSED] - verifyMatch("10.00", amount, false): Actual text '10.00' and expected text '10.00' are matched 

2024-02-06 17:33:41 - [MESSAGE][PASSED] - Actual text '10.00' and expected text '10.00' are matched 

2024-02-06 17:33:41 - [TEST_STEP][PASSED] - amountReadOnly = getAttribute(findTestObject("Object Repository/RAD_Pages/PaymentEntry_Page/input_amount"), "readonly"): Attribute 'readonly' of object 'Object Repository/RAD_Pages/PaymentEntry_Page/input_amount' is: 'true'

2024-02-06 17:33:41 - [MESSAGE][PASSED] - Attribute 'readonly' of object 'Object Repository/RAD_Pages/PaymentEntry_Page/input_amount' is: 'true'

2024-02-06 17:33:41 - [TEST_STEP][PASSED] - verifyMatch("true", amountReadOnly, false): Actual text 'true' and expected text 'true' are matched 

2024-02-06 17:33:41 - [MESSAGE][PASSED] - Actual text 'true' and expected text 'true' are matched 

2024-02-06 17:33:41 - [TEST_STEP][PASSED] - verifyOptionSelectedByLabel(findTestObject("Object Repository/RAD_Pages/PaymentEntry_Page/select_Country"), "United States", false, 20): All options with label 'United States' are selected in object 'Object Repository/RAD_Pages/PaymentEntry_Page/select_Country' 

2024-02-06 17:33:42 - [MESSAGE][PASSED] - All options with label 'United States' are selected in object 'Object Repository/RAD_Pages/PaymentEntry_Page/select_Country' 

2024-02-06 17:33:42 - [TEST_STEP][PASSED] - verifyOptionSelectedByLabel(findTestObject("Object Repository/RAD_Pages/PaymentEntry_Page/select_State"), "Maryland", false, 20): All options with label 'Maryland' are selected in object 'Object Repository/RAD_Pages/PaymentEntry_Page/select_State' 

2024-02-06 17:33:45 - [MESSAGE][PASSED] - All options with label 'Maryland' are selected in object 'Object Repository/RAD_Pages/PaymentEntry_Page/select_State' 

2024-02-06 17:33:45 - [TEST_STEP][PASSED] - setText(findTestObject(orPath_PaymentEntry + "/input__cardNumber"), "4111111111111111"): Text '4111111111111111' is set on object 'Object Repository/RAD_Pages/PaymentEntry_Page/input__cardNumber'

2024-02-06 17:33:46 - [MESSAGE][PASSED] - Text '4111111111111111' is set on object 'Object Repository/RAD_Pages/PaymentEntry_Page/input__cardNumber'

2024-02-06 17:33:46 - [TEST_STEP][PASSED] - setText(findTestObject(orPath_PaymentEntry + "/input__spc"), "123"): Text '123' is set on object 'Object Repository/RAD_Pages/PaymentEntry_Page/input__spc'

2024-02-06 17:33:46 - [MESSAGE][PASSED] - Text '123' is set on object 'Object Repository/RAD_Pages/PaymentEntry_Page/input__spc'

2024-02-06 17:33:46 - [TEST_STEP][PASSED] - selectOptionByLabel(findTestObject(orPath_PaymentEntry + "/select_MM"), "12", false): All options with label '12' are selected in object 'Object Repository/RAD_Pages/PaymentEntry_Page/select_MM' 

2024-02-06 17:33:47 - [MESSAGE][PASSED] - All options with label '12' are selected in object 'Object Repository/RAD_Pages/PaymentEntry_Page/select_MM' 

2024-02-06 17:33:47 - [TEST_STEP][PASSED] - selectOptionByLabel(findTestObject(orPath_PaymentEntry + "/select_YYYY"), "2028", false): All options with label '2028' are selected in object 'Object Repository/RAD_Pages/PaymentEntry_Page/select_YYYY' 

2024-02-06 17:33:48 - [MESSAGE][PASSED] - All options with label '2028' are selected in object 'Object Repository/RAD_Pages/PaymentEntry_Page/select_YYYY' 

2024-02-06 17:33:48 - [TEST_STEP][PASSED] - click(findTestObject(orPath_PaymentEntry + "/input_Field_ccSubmit")): Object: 'Object Repository/RAD_Pages/PaymentEntry_Page/input_Field_ccSubmit' is clicked on

2024-02-06 17:33:49 - [MESSAGE][PASSED] - Object: 'Object Repository/RAD_Pages/PaymentEntry_Page/input_Field_ccSubmit' is clicked on

2024-02-06 17:33:49 - [TEST_STEP][PASSED] - click(findTestObject(orPath_PaymentConfirmation + "/input_N_confirmNotifyAction")): Object: 'Object Repository/RAD_Pages/PaymentConfirmation_Page/input_N_confirmNotifyAction' is clicked on

2024-02-06 17:33:50 - [MESSAGE][PASSED] - Object: 'Object Repository/RAD_Pages/PaymentConfirmation_Page/input_N_confirmNotifyAction' is clicked on

2024-02-06 17:33:50 - [TEST_STEP][PASSED] - verifyTextPresent("Service Fee Acceptance", true): Text 'Service Fee Acceptance' is present on page  using regular expression

2024-02-06 17:33:50 - [MESSAGE][PASSED] - Text 'Service Fee Acceptance' is present on page  using regular expression

2024-02-06 17:33:50 - [TEST_STEP][PASSED] - verifyTextPresent("This transaction is subject to a Service Fee of ", true): Text 'This transaction is subject to a Service Fee of ' is present on page  using regular expression

2024-02-06 17:33:51 - [MESSAGE][PASSED] - Text 'This transaction is subject to a Service Fee of ' is present on page  using regular expression

2024-02-06 17:33:51 - [TEST_STEP][PASSED] - verifyTextPresent("Payment Amount:", true): Text 'Payment Amount:' is present on page  using regular expression

2024-02-06 17:33:51 - [MESSAGE][PASSED] - Text 'Payment Amount:' is present on page  using regular expression

2024-02-06 17:33:51 - [TEST_STEP][PASSED] - verifyTextPresent("10.00", true): Text '10.00' is present on page  using regular expression

2024-02-06 17:33:51 - [MESSAGE][PASSED] - Text '10.00' is present on page  using regular expression

2024-02-06 17:33:51 - [TEST_STEP][PASSED] - verifyTextPresent("Service Fee:", true): Text 'Service Fee:' is present on page  using regular expression

2024-02-06 17:33:51 - [MESSAGE][PASSED] - Text 'Service Fee:' is present on page  using regular expression

2024-02-06 17:33:51 - [TEST_STEP][PASSED] - verifyTextPresent("1.00", true): Text '1.00' is present on page  using regular expression

2024-02-06 17:33:52 - [MESSAGE][PASSED] - Text '1.00' is present on page  using regular expression

2024-02-06 17:33:52 - [TEST_STEP][PASSED] - verifyTextPresent("Total Amount:", true): Text 'Total Amount:' is present on page  using regular expression

2024-02-06 17:33:52 - [MESSAGE][PASSED] - Text 'Total Amount:' is present on page  using regular expression

2024-02-06 17:33:52 - [TEST_STEP][PASSED] - verifyTextPresent("11.00", true): Text '11.00' is present on page  using regular expression

2024-02-06 17:33:52 - [MESSAGE][PASSED] - Text '11.00' is present on page  using regular expression

2024-02-06 17:33:52 - [TEST_STEP][PASSED] - verifyTextPresent("Two transactions will appear on your bank statement, one in the amount of", true): Text 'Two transactions will appear on your bank statement, one in the amount of' is present on page  using regular expression

2024-02-06 17:33:52 - [MESSAGE][PASSED] - Text 'Two transactions will appear on your bank statement, one in the amount of' is present on page  using regular expression

2024-02-06 17:33:52 - [TEST_STEP][PASSED] - if (verifyElementPresent(findTestObject(orPath_ServiceFeesAccept + "/input_convFeeNotifyAction"), 30)): null

2024-02-06 17:33:53 - [MESSAGE][PASSED] - Object 'Object Repository/RAD_Pages/ServiceFeeAccept_Page/input_convFeeNotifyAction' is present

2024-02-06 17:33:53 - [TEST_STEP][PASSED] - resText = "Pass": null

2024-02-06 17:33:53 - [TEST_STEP][PASSED] - pages.WriteExcel.demoKey(resText, datText, resColumn, datCloumn, fileLoc, nameSheet, row): pages.WriteExcel.demoKey is PASSED

2024-02-06 17:33:53 - [MESSAGE][PASSED] - pages.WriteExcel.demoKey is PASSED

2024-02-06 17:33:53 - [TEST_STEP][PASSED] - if (execProfile == "QAProfile" || execProfile == "QA2Profile"): Text 'Successful Payment Receipt' is present on page  using regular expression

2024-02-06 17:33:53 - [TEST_STEP][PASSED] - click(findTestObject(orPath_ServiceFeesAccept + "/input_convFeeNotifyAction")): Object: 'Object Repository/RAD_Pages/ServiceFeeAccept_Page/input_convFeeNotifyAction' is clicked on

2024-02-06 17:33:54 - [MESSAGE][PASSED] - Object: 'Object Repository/RAD_Pages/ServiceFeeAccept_Page/input_convFeeNotifyAction' is clicked on

2024-02-06 17:33:54 - [TEST_STEP][PASSED] - delay(10): Delayed 10 second(s)

2024-02-06 17:34:04 - [MESSAGE][PASSED] - Delayed 10 second(s)

2024-02-06 17:34:04 - [TEST_STEP][PASSED] - verifyTextPresent("Successful Payment Receipt", true): Text 'Successful Payment Receipt' is present on page  using regular expression

2024-02-06 17:34:04 - [MESSAGE][PASSED] - Text 'Successful Payment Receipt' is present on page  using regular expression]]></system-out>
         <system-err><![CDATA[]]></system-err>
      </testcase>
      <testcase name="Test Cases/RAD_TestCases/BeforePayments_TestCases/Personal_Joint_BeforePayments_TC" time="226.671" classname="Test Cases/RAD_TestCases/BeforePayments_TestCases/Personal_Joint_BeforePayments_TC" status="PASSED">
         <system-out><![CDATA[2024-02-06 17:34:04 - [TEST_CASE][PASSED] - Test Cases/RAD_TestCases/BeforePayments_TestCases/Personal_Joint_BeforePayments_TC: Test Cases/RAD_TestCases/BeforePayments_TestCases/Personal_Joint_BeforePayments_TC

2024-02-06 17:34:05 - [TEST_STEP][PASSED] - resText = "Fail": null

2024-02-06 17:34:05 - [TEST_STEP][PASSED] - resColumn = "Result": null

2024-02-06 17:34:05 - [TEST_STEP][PASSED] - datCloumn = "Date": null

2024-02-06 17:34:05 - [TEST_STEP][PASSED] - fileLoc = "KatalonData/RADTestData/BeforePayments.xlsx": null

2024-02-06 17:34:05 - [TEST_STEP][PASSED] - nameSheet = "Personal_JNT": null

2024-02-06 17:34:05 - [TEST_STEP][PASSED] - dataFile = "RADTestData/BeforePayments_Personal_JNT": null

2024-02-06 17:34:05 - [TEST_STEP][PASSED] - orPath_Landing = "Object Repository/RAD_Pages/Landing_Page": null

2024-02-06 17:34:05 - [TEST_STEP][PASSED] - orPath_TaxTypeFilingYear = "Object Repository/RAD_Pages/TaxTypeFilingYear_Page": null

2024-02-06 17:34:05 - [TEST_STEP][PASSED] - orPath_Amount = "Object Repository/RAD_Pages/PaymentAmount_Page": null

2024-02-06 17:34:05 - [TEST_STEP][PASSED] - orPath_AddressContact = "Object Repository/RAD_Pages/AddressAndContactInfo_Page": null

2024-02-06 17:34:05 - [TEST_STEP][PASSED] - orPath_Summary = "Object Repository/RAD_Pages/Summary_Page": null

2024-02-06 17:34:05 - [TEST_STEP][PASSED] - orPath_PaymentConfirmation = "Object Repository/RAD_Pages/PaymentConfirmation_Page": null

2024-02-06 17:34:05 - [TEST_STEP][PASSED] - orPath_ServiceFeesAccept = "Object Repository/RAD_Pages/ServiceFeeAccept_Page": null

2024-02-06 17:34:05 - [TEST_STEP][PASSED] - orPath_PaymentEntry = "Object Repository/RAD_Pages/PaymentEntry_Page": null

2024-02-06 17:34:05 - [TEST_STEP][PASSED] - orPath_FilingStatus = "Object Repository/RAD_Pages/FilingStatus_Page": null

2024-02-06 17:34:05 - [TEST_STEP][PASSED] - ExecuteTC = <not implemented yet for class: org.codehaus.groovy.ast.expr.EmptyExpression>: null

2024-02-06 17:34:05 - [TEST_STEP][PASSED] - TaxType = <not implemented yet for class: org.codehaus.groovy.ast.expr.EmptyExpression>: null

2024-02-06 17:34:05 - [TEST_STEP][PASSED] - PaymentType = <not implemented yet for class: org.codehaus.groovy.ast.expr.EmptyExpression>: null

2024-02-06 17:34:05 - [TEST_STEP][PASSED] - FilingYear = <not implemented yet for class: org.codehaus.groovy.ast.expr.EmptyExpression>: null

2024-02-06 17:34:05 - [TEST_STEP][PASSED] - PeriodEndingMonth = <not implemented yet for class: org.codehaus.groovy.ast.expr.EmptyExpression>: null

2024-02-06 17:34:05 - [TEST_STEP][PASSED] - executionProfile = getExecutionProfile(): null

2024-02-06 17:34:05 - [TEST_STEP][PASSED] - execProfile = getExecutionProfile(): null

2024-02-06 17:34:05 - [TEST_STEP][PASSED] - numOfRows = findTestData(dataFile).getRowNumbers(): null

2024-02-06 17:34:05 - [TEST_STEP][PASSED] - println("Number of Records: " + numOfRows): null

2024-02-06 17:34:05 - [TEST_STEP][PASSED] - for ([row = 1, row <= numOfRows, (row++)]): null

2024-02-06 17:34:05 - [TEST_STEP][PASSED] - ExecuteTC = findTestData(dataFile).getValue("Execute", row): null

2024-02-06 17:34:05 - [TEST_STEP][PASSED] - TaxType = findTestData(dataFile).getValue("TaxType", row): null

2024-02-06 17:34:05 - [TEST_STEP][PASSED] - PaymentType = findTestData(dataFile).getValue("PaymentType", row): null

2024-02-06 17:34:05 - [TEST_STEP][PASSED] - FilingYear = findTestData(dataFile).getValue("Year", row): null

2024-02-06 17:34:05 - [TEST_STEP][PASSED] - if (ExecuteTC.equalsIgnoreCase("Y")): null

2024-02-06 17:34:05 - [TEST_STEP][PASSED] - out.println("Begin Record Number: " + row): null

2024-02-06 17:34:05 - [TEST_STEP][PASSED] - today = new java.util.Date(): null

2024-02-06 17:34:05 - [TEST_STEP][PASSED] - println(today): null

2024-02-06 17:34:05 - [TEST_STEP][PASSED] - datText = today: null

2024-02-06 17:34:05 - [TEST_STEP][PASSED] - logInfo("Payment Type: " + PaymentType): Payment Type: Quarterly Estimated Tax

2024-02-06 17:34:05 - [MESSAGE][INFO] - Payment Type: Quarterly Estimated Tax

2024-02-06 17:34:05 - [TEST_STEP][PASSED] - logInfo("Tax Type: " + TaxType): Tax Type: Personal Income Tax

2024-02-06 17:34:05 - [MESSAGE][INFO] - Tax Type: Personal Income Tax

2024-02-06 17:34:05 - [TEST_STEP][PASSED] - openBrowser(""): Browser is opened with url: ''

2024-02-06 17:34:05 - [MESSAGE][WARNING] - A browser is already opened. Closing browser and opening a new one

2024-02-06 17:34:06 - [MESSAGE][INFO] - Starting 'Chrome' driver

2024-02-06 17:34:06 - [MESSAGE][INFO] - User set preference: ['acceptInsecureCerts', 'true']

2024-02-06 17:34:06 - [MESSAGE][INFO] - Action delay is set to 0 milliseconds

2024-02-06 17:34:08 - [MESSAGE][PASSED] - Browser is opened with url: ''

2024-02-06 17:34:08 - [TEST_STEP][PASSED] - maximizeWindow(): Current window maximized

2024-02-06 17:34:08 - [MESSAGE][PASSED] - Current window maximized

2024-02-06 17:34:08 - [TEST_STEP][PASSED] - navigateToUrl(RADurl): Navigate to 'https://qa2.velocitypayment.com/client/rad/index.html' successfully

2024-02-06 17:34:10 - [MESSAGE][PASSED] - Navigate to 'https://qa2.velocitypayment.com/client/rad/index.html' successfully

2024-02-06 17:34:10 - [TEST_STEP][PASSED] - selectOptionByLabel(findTestObject(orPath_Landing + "/dd_TaxType"), PaymentType, false): All options with label 'Quarterly Estimated Tax' are selected in object 'Object Repository/RAD_Pages/Landing_Page/dd_TaxType' 

2024-02-06 17:34:10 - [MESSAGE][PASSED] - All options with label 'Quarterly Estimated Tax' are selected in object 'Object Repository/RAD_Pages/Landing_Page/dd_TaxType' 

2024-02-06 17:34:10 - [TEST_STEP][PASSED] - switch (PaymentType): null

2024-02-06 17:34:10 - [TEST_STEP][PASSED] - case "Quarterly Estimated Tax":: null

2024-02-06 17:34:10 - [TEST_STEP][PASSED] - selectOptionByLabel(findTestObject(orPath_TaxTypeFilingYear + "/select_PaymentType"), TaxType, false): All options with label 'Personal Income Tax' are selected in object 'Object Repository/RAD_Pages/TaxTypeFilingYear_Page/select_PaymentType' 

2024-02-06 17:34:11 - [MESSAGE][PASSED] - All options with label 'Personal Income Tax' are selected in object 'Object Repository/RAD_Pages/TaxTypeFilingYear_Page/select_PaymentType' 

2024-02-06 17:34:11 - [TEST_STEP][PASSED] - break: null

2024-02-06 17:34:11 - [TEST_STEP][PASSED] - if (!(FilingYear.isEmpty())): All options with label '2024' are selected in object 'Object Repository/RAD_Pages/TaxTypeFilingYear_Page/select_FilingYear' 

2024-02-06 17:34:11 - [TEST_STEP][PASSED] - selectOptionByLabel(findTestObject(orPath_TaxTypeFilingYear + "/select_FilingYear"), FilingYear, false): All options with label '2024' are selected in object 'Object Repository/RAD_Pages/TaxTypeFilingYear_Page/select_FilingYear' 

2024-02-06 17:34:12 - [MESSAGE][PASSED] - All options with label '2024' are selected in object 'Object Repository/RAD_Pages/TaxTypeFilingYear_Page/select_FilingYear' 

2024-02-06 17:34:12 - [TEST_STEP][PASSED] - rad.getSetDataRAD.setDataRADssnAndName(): rad.getSetDataRAD.setDataRADssnAndName is PASSED

2024-02-06 17:34:12 - [MESSAGE][PASSED] - Text 'Jimmy' is set on object 'Object Repository/RAD_Pages/Taxpayer_Page/input_firstName'

2024-02-06 17:34:13 - [MESSAGE][PASSED] - Text 'Anderson' is set on object 'Object Repository/RAD_Pages/Taxpayer_Page/input_lastName'

2024-02-06 17:34:14 - [MESSAGE][PASSED] - Text '123451234' is set on object 'Object Repository/RAD_RecordAndPlay/input_concatSSN'

2024-02-06 17:34:14 - [MESSAGE][PASSED] - Text '123451234' is set on object 'Object Repository/RAD_RecordAndPlay/input_concatReSSN'

2024-02-06 17:34:14 - [MESSAGE][PASSED] - rad.getSetDataRAD.setDataRADssnAndName is PASSED

2024-02-06 17:34:14 - [TEST_STEP][PASSED] - rad.getSetDataRAD.setDataRADAddress(): rad.getSetDataRAD.setDataRADAddress is PASSED

2024-02-06 17:34:15 - [MESSAGE][PASSED] - All options with label 'United States' are selected in object 'Object Repository/RAD_Pages/AddressAndContactInfo_Page/select_Country' 

2024-02-06 17:34:16 - [MESSAGE][PASSED] - Text '2508 Mandan Terrace' is set on object 'Object Repository/RAD_Pages/AddressAndContactInfo_Page/input_streetAddress1'

2024-02-06 17:34:17 - [MESSAGE][PASSED] - Text '' is set on object 'Object Repository/RAD_Pages/AddressAndContactInfo_Page/input_streetAddress2'

2024-02-06 17:34:18 - [MESSAGE][PASSED] - Text 'Gambrills' is set on object 'Object Repository/RAD_Pages/AddressAndContactInfo_Page/input_city'

2024-02-06 17:34:18 - [MESSAGE][PASSED] - All options with label 'Maryland' are selected in object 'Object Repository/RAD_Pages/AddressAndContactInfo_Page/select_State' 

2024-02-06 17:34:19 - [MESSAGE][PASSED] - Text '21054' is set on object 'Object Repository/RAD_Pages/AddressAndContactInfo_Page/input_zipCode'

2024-02-06 17:34:20 - [MESSAGE][PASSED] - Text '(703) 894-5000' is set on object 'Object Repository/RAD_Pages/AddressAndContactInfo_Page/input_phoneNumber'

2024-02-06 17:34:21 - [MESSAGE][PASSED] - Text 'iahmed@govolution.com' is set on object 'Object Repository/RAD_Pages/AddressAndContactInfo_Page/input_eMailAddress'

2024-02-06 17:34:22 - [MESSAGE][PASSED] - Text 'iahmed@govolution.com' is set on object 'Object Repository/RAD_Pages/AddressAndContactInfo_Page/input_reEnterEMailAddress'

2024-02-06 17:34:22 - [MESSAGE][PASSED] - rad.getSetDataRAD.setDataRADAddress is PASSED

2024-02-06 17:34:22 - [TEST_STEP][PASSED] - scrollToElement(findTestObject(orPath_Landing + "/button_Continue"), 3): Scroll to object 'Object Repository/RAD_Pages/Landing_Page/button_Continue' successfully

2024-02-06 17:34:22 - [MESSAGE][PASSED] - Scroll to object 'Object Repository/RAD_Pages/Landing_Page/button_Continue' successfully

2024-02-06 17:34:22 - [TEST_STEP][PASSED] - waitForElementClickable(findTestObject(orPath_FilingStatus + "/input_JointFiling_userType_New"), 5): Object 'Object Repository/RAD_Pages/FilingStatus_Page/input_JointFiling_userType_New' is clickable

2024-02-06 17:34:22 - [MESSAGE][PASSED] - Object 'Object Repository/RAD_Pages/FilingStatus_Page/input_JointFiling_userType_New' is clickable

2024-02-06 17:34:22 - [TEST_STEP][PASSED] - check(findTestObject(orPath_FilingStatus + "/input_JointFiling_userType_New")): Object 'Object Repository/RAD_Pages/FilingStatus_Page/input_JointFiling_userType_New' is checked

2024-02-06 17:34:23 - [MESSAGE][PASSED] - Object 'Object Repository/RAD_Pages/FilingStatus_Page/input_JointFiling_userType_New' is checked

2024-02-06 17:34:23 - [TEST_STEP][PASSED] - delay(2): Delayed 2 second(s)

2024-02-06 17:34:25 - [MESSAGE][PASSED] - Delayed 2 second(s)

2024-02-06 17:34:25 - [TEST_STEP][PASSED] - rad.getSetDataRAD.setDataRADssnAndNameJointFiler(): rad.getSetDataRAD.setDataRADssnAndNameJointFiler is PASSED

2024-02-06 17:34:26 - [MESSAGE][PASSED] - Text 'Larsons' is set on object 'Object Repository/RAD_Pages/FilingStatus_Page/input_jointFirstName'

2024-02-06 17:34:26 - [MESSAGE][PASSED] - Text 'Bell' is set on object 'Object Repository/RAD_Pages/FilingStatus_Page/input_jointLastName'

2024-02-06 17:34:27 - [MESSAGE][PASSED] - Text '123459630' is set on object 'Object Repository/RAD_RecordAndPlay/input_JointFilerSSN'

2024-02-06 17:34:27 - [MESSAGE][PASSED] - Text '123459630' is set on object 'Object Repository/RAD_RecordAndPlay/input_reTypeJointFilerSSN'

2024-02-06 17:34:27 - [MESSAGE][PASSED] - rad.getSetDataRAD.setDataRADssnAndNameJointFiler is PASSED

2024-02-06 17:34:27 - [TEST_STEP][PASSED] - setText(findTestObject(orPath_Amount + "/input__paymentAmount"), "10.00"): Text '10.00' is set on object 'Object Repository/RAD_Pages/PaymentAmount_Page/input__paymentAmount'

2024-02-06 17:34:28 - [MESSAGE][PASSED] - Text '10.00' is set on object 'Object Repository/RAD_Pages/PaymentAmount_Page/input__paymentAmount'

2024-02-06 17:34:28 - [TEST_STEP][PASSED] - setText(findTestObject(orPath_AddressContact + "/input_streetAddress2"), ""): Text '' is set on object 'Object Repository/RAD_Pages/AddressAndContactInfo_Page/input_streetAddress2'

2024-02-06 17:34:29 - [MESSAGE][PASSED] - Text '' is set on object 'Object Repository/RAD_Pages/AddressAndContactInfo_Page/input_streetAddress2'

2024-02-06 17:34:29 - [TEST_STEP][PASSED] - scrollToElement(findTestObject(orPath_Landing + "/button_Continue"), 3): Scroll to object 'Object Repository/RAD_Pages/Landing_Page/button_Continue' successfully

2024-02-06 17:34:29 - [MESSAGE][PASSED] - Scroll to object 'Object Repository/RAD_Pages/Landing_Page/button_Continue' successfully

2024-02-06 17:34:29 - [TEST_STEP][PASSED] - waitForElementClickable(findTestObject(orPath_Landing + "/button_Continue"), 5): Object 'Object Repository/RAD_Pages/Landing_Page/button_Continue' is clickable

2024-02-06 17:34:30 - [MESSAGE][PASSED] - Object 'Object Repository/RAD_Pages/Landing_Page/button_Continue' is clickable

2024-02-06 17:34:30 - [TEST_STEP][PASSED] - click(findTestObject(orPath_Landing + "/button_Continue")): Object: 'Object Repository/RAD_Pages/Landing_Page/button_Continue' is clicked on

2024-02-06 17:34:30 - [MESSAGE][PASSED] - Object: 'Object Repository/RAD_Pages/Landing_Page/button_Continue' is clicked on

2024-02-06 17:34:30 - [TEST_STEP][PASSED] - delay(2): Delayed 2 second(s)

2024-02-06 17:34:32 - [MESSAGE][PASSED] - Delayed 2 second(s)

2024-02-06 17:34:32 - [TEST_STEP][PASSED] - click(findTestObject(orPath_Summary + "/button_Proceed to Payment")): Object: 'Object Repository/RAD_Pages/Summary_Page/button_Proceed to Payment' is clicked on

2024-02-06 17:34:34 - [MESSAGE][PASSED] - Object: 'Object Repository/RAD_Pages/Summary_Page/button_Proceed to Payment' is clicked on

2024-02-06 17:34:34 - [TEST_STEP][PASSED] - if (verifyElementPresent(findTestObject("Object Repository/RAD_Pages/PaymentEntry_Page/input__billingName"), 30)): null

2024-02-06 17:34:34 - [MESSAGE][PASSED] - Object 'Object Repository/RAD_Pages/PaymentEntry_Page/input__billingName' is present

2024-02-06 17:34:34 - [TEST_STEP][PASSED] - verifyTextPresent("Comptroller of Maryland", true): Text 'Comptroller of Maryland' is present on page  using regular expression

2024-02-06 17:34:34 - [MESSAGE][PASSED] - Text 'Comptroller of Maryland' is present on page  using regular expression

2024-02-06 17:34:34 - [TEST_STEP][PASSED] - verifyTextPresent("Payment Information", true): Text 'Payment Information' is present on page  using regular expression

2024-02-06 17:34:35 - [MESSAGE][PASSED] - Text 'Payment Information' is present on page  using regular expression

2024-02-06 17:34:35 - [TEST_STEP][PASSED] - card_Name = getAttribute(findTestObject("Object Repository/RAD_Pages/PaymentEntry_Page/input__billingName"), "value"): Attribute 'value' of object 'Object Repository/RAD_Pages/PaymentEntry_Page/input__billingName' is: 'Jimmy Anderson'

2024-02-06 17:34:35 - [MESSAGE][PASSED] - Attribute 'value' of object 'Object Repository/RAD_Pages/PaymentEntry_Page/input__billingName' is: 'Jimmy Anderson'

2024-02-06 17:34:35 - [TEST_STEP][PASSED] - switch (executionProfile): null

2024-02-06 17:34:35 - [TEST_STEP][PASSED] - case "QA2Profile":: null

2024-02-06 17:34:35 - [TEST_STEP][PASSED] - verifyMatch("Jimmy Anderson", card_Name, false): Actual text 'Jimmy Anderson' and expected text 'Jimmy Anderson' are matched 

2024-02-06 17:34:35 - [MESSAGE][PASSED] - Actual text 'Jimmy Anderson' and expected text 'Jimmy Anderson' are matched 

2024-02-06 17:34:35 - [TEST_STEP][PASSED] - break: null

2024-02-06 17:34:35 - [TEST_STEP][PASSED] - AL1 = getAttribute(findTestObject("Object Repository/RAD_Pages/PaymentEntry_Page/input_billingAddress"), "value"): Attribute 'value' of object 'Object Repository/RAD_Pages/PaymentEntry_Page/input_billingAddress' is: '2508 Mandan Terrace'

2024-02-06 17:34:35 - [MESSAGE][PASSED] - Attribute 'value' of object 'Object Repository/RAD_Pages/PaymentEntry_Page/input_billingAddress' is: '2508 Mandan Terrace'

2024-02-06 17:34:35 - [TEST_STEP][PASSED] - verifyMatch("2508 Mandan Terrace", AL1, false): Actual text '2508 Mandan Terrace' and expected text '2508 Mandan Terrace' are matched 

2024-02-06 17:34:35 - [MESSAGE][PASSED] - Actual text '2508 Mandan Terrace' and expected text '2508 Mandan Terrace' are matched 

2024-02-06 17:34:35 - [TEST_STEP][PASSED] - AL2 = getAttribute(findTestObject("Object Repository/RAD_Pages/PaymentEntry_Page/input_billingAddress2"), "value"): Attribute 'value' of object 'Object Repository/RAD_Pages/PaymentEntry_Page/input_billingAddress2' is: ''

2024-02-06 17:34:36 - [MESSAGE][PASSED] - Attribute 'value' of object 'Object Repository/RAD_Pages/PaymentEntry_Page/input_billingAddress2' is: ''

2024-02-06 17:34:36 - [TEST_STEP][PASSED] - verifyMatch("", AL2, false): Actual text '' and expected text '' are matched 

2024-02-06 17:34:36 - [MESSAGE][PASSED] - Actual text '' and expected text '' are matched 

2024-02-06 17:34:36 - [TEST_STEP][PASSED] - zipCode = getAttribute(findTestObject("Object Repository/RAD_Pages/PaymentEntry_Page/input_billingZip"), "value"): Attribute 'value' of object 'Object Repository/RAD_Pages/PaymentEntry_Page/input_billingZip' is: '21054'

2024-02-06 17:34:36 - [MESSAGE][PASSED] - Attribute 'value' of object 'Object Repository/RAD_Pages/PaymentEntry_Page/input_billingZip' is: '21054'

2024-02-06 17:34:36 - [TEST_STEP][PASSED] - verifyMatch("21054", zipCode, false): Actual text '21054' and expected text '21054' are matched 

2024-02-06 17:34:36 - [MESSAGE][PASSED] - Actual text '21054' and expected text '21054' are matched 

2024-02-06 17:34:36 - [TEST_STEP][PASSED] - city = getAttribute(findTestObject("Object Repository/RAD_Pages/PaymentEntry_Page/input_billingCity"), "value"): Attribute 'value' of object 'Object Repository/RAD_Pages/PaymentEntry_Page/input_billingCity' is: 'GAMBRILLS'

2024-02-06 17:34:36 - [MESSAGE][PASSED] - Attribute 'value' of object 'Object Repository/RAD_Pages/PaymentEntry_Page/input_billingCity' is: 'GAMBRILLS'

2024-02-06 17:34:36 - [TEST_STEP][PASSED] - verifyMatch("GAMBRILLS", city, false): Actual text 'GAMBRILLS' and expected text 'GAMBRILLS' are matched 

2024-02-06 17:34:36 - [MESSAGE][PASSED] - Actual text 'GAMBRILLS' and expected text 'GAMBRILLS' are matched 

2024-02-06 17:34:36 - [TEST_STEP][PASSED] - email = getAttribute(findTestObject("Object Repository/RAD_Pages/PaymentEntry_Page/input_emailAddress"), "value"): Attribute 'value' of object 'Object Repository/RAD_Pages/PaymentEntry_Page/input_emailAddress' is: 'iahmed@govolution.com'

2024-02-06 17:34:37 - [MESSAGE][PASSED] - Attribute 'value' of object 'Object Repository/RAD_Pages/PaymentEntry_Page/input_emailAddress' is: 'iahmed@govolution.com'

2024-02-06 17:34:37 - [TEST_STEP][PASSED] - verifyMatch("iahmed@govolution.com", email, false): Actual text 'iahmed@govolution.com' and expected text 'iahmed@govolution.com' are matched 

2024-02-06 17:34:37 - [MESSAGE][PASSED] - Actual text 'iahmed@govolution.com' and expected text 'iahmed@govolution.com' are matched 

2024-02-06 17:34:37 - [TEST_STEP][PASSED] - amount = getAttribute(findTestObject("Object Repository/RAD_Pages/PaymentEntry_Page/input_amount"), "value"): Attribute 'value' of object 'Object Repository/RAD_Pages/PaymentEntry_Page/input_amount' is: '10.00'

2024-02-06 17:34:37 - [MESSAGE][PASSED] - Attribute 'value' of object 'Object Repository/RAD_Pages/PaymentEntry_Page/input_amount' is: '10.00'

2024-02-06 17:34:37 - [TEST_STEP][PASSED] - verifyMatch("10.00", amount, false): Actual text '10.00' and expected text '10.00' are matched 

2024-02-06 17:34:37 - [MESSAGE][PASSED] - Actual text '10.00' and expected text '10.00' are matched 

2024-02-06 17:34:37 - [TEST_STEP][PASSED] - amountReadOnly = getAttribute(findTestObject("Object Repository/RAD_Pages/PaymentEntry_Page/input_amount"), "readonly"): Attribute 'readonly' of object 'Object Repository/RAD_Pages/PaymentEntry_Page/input_amount' is: 'true'

2024-02-06 17:34:37 - [MESSAGE][PASSED] - Attribute 'readonly' of object 'Object Repository/RAD_Pages/PaymentEntry_Page/input_amount' is: 'true'

2024-02-06 17:34:37 - [TEST_STEP][PASSED] - verifyMatch("true", amountReadOnly, false): Actual text 'true' and expected text 'true' are matched 

2024-02-06 17:34:37 - [MESSAGE][PASSED] - Actual text 'true' and expected text 'true' are matched 

2024-02-06 17:34:37 - [TEST_STEP][PASSED] - verifyOptionSelectedByLabel(findTestObject("Object Repository/RAD_Pages/PaymentEntry_Page/select_Country"), "United States", false, 20): All options with label 'United States' are selected in object 'Object Repository/RAD_Pages/PaymentEntry_Page/select_Country' 

2024-02-06 17:34:39 - [MESSAGE][PASSED] - All options with label 'United States' are selected in object 'Object Repository/RAD_Pages/PaymentEntry_Page/select_Country' 

2024-02-06 17:34:39 - [TEST_STEP][PASSED] - verifyOptionSelectedByLabel(findTestObject("Object Repository/RAD_Pages/PaymentEntry_Page/select_State"), "Maryland", false, 20): All options with label 'Maryland' are selected in object 'Object Repository/RAD_Pages/PaymentEntry_Page/select_State' 

2024-02-06 17:34:41 - [MESSAGE][PASSED] - All options with label 'Maryland' are selected in object 'Object Repository/RAD_Pages/PaymentEntry_Page/select_State' 

2024-02-06 17:34:41 - [TEST_STEP][PASSED] - setText(findTestObject(orPath_PaymentEntry + "/input__cardNumber"), "4111111111111111"): Text '4111111111111111' is set on object 'Object Repository/RAD_Pages/PaymentEntry_Page/input__cardNumber'

2024-02-06 17:34:42 - [MESSAGE][PASSED] - Text '4111111111111111' is set on object 'Object Repository/RAD_Pages/PaymentEntry_Page/input__cardNumber'

2024-02-06 17:34:42 - [TEST_STEP][PASSED] - setText(findTestObject(orPath_PaymentEntry + "/input__spc"), "123"): Text '123' is set on object 'Object Repository/RAD_Pages/PaymentEntry_Page/input__spc'

2024-02-06 17:34:43 - [MESSAGE][PASSED] - Text '123' is set on object 'Object Repository/RAD_Pages/PaymentEntry_Page/input__spc'

2024-02-06 17:34:43 - [TEST_STEP][PASSED] - selectOptionByLabel(findTestObject(orPath_PaymentEntry + "/select_MM"), "12", false): All options with label '12' are selected in object 'Object Repository/RAD_Pages/PaymentEntry_Page/select_MM' 

2024-02-06 17:34:43 - [MESSAGE][PASSED] - All options with label '12' are selected in object 'Object Repository/RAD_Pages/PaymentEntry_Page/select_MM' 

2024-02-06 17:34:43 - [TEST_STEP][PASSED] - selectOptionByLabel(findTestObject(orPath_PaymentEntry + "/select_YYYY"), "2028", false): All options with label '2028' are selected in object 'Object Repository/RAD_Pages/PaymentEntry_Page/select_YYYY' 

2024-02-06 17:34:44 - [MESSAGE][PASSED] - All options with label '2028' are selected in object 'Object Repository/RAD_Pages/PaymentEntry_Page/select_YYYY' 

2024-02-06 17:34:44 - [TEST_STEP][PASSED] - click(findTestObject(orPath_PaymentEntry + "/input_Field_ccSubmit")): Object: 'Object Repository/RAD_Pages/PaymentEntry_Page/input_Field_ccSubmit' is clicked on

2024-02-06 17:34:45 - [MESSAGE][PASSED] - Object: 'Object Repository/RAD_Pages/PaymentEntry_Page/input_Field_ccSubmit' is clicked on

2024-02-06 17:34:45 - [TEST_STEP][PASSED] - click(findTestObject(orPath_PaymentConfirmation + "/input_N_confirmNotifyAction")): Object: 'Object Repository/RAD_Pages/PaymentConfirmation_Page/input_N_confirmNotifyAction' is clicked on

2024-02-06 17:34:46 - [MESSAGE][PASSED] - Object: 'Object Repository/RAD_Pages/PaymentConfirmation_Page/input_N_confirmNotifyAction' is clicked on

2024-02-06 17:34:46 - [TEST_STEP][PASSED] - verifyTextPresent("Service Fee Acceptance", true): Text 'Service Fee Acceptance' is present on page  using regular expression

2024-02-06 17:34:46 - [MESSAGE][PASSED] - Text 'Service Fee Acceptance' is present on page  using regular expression

2024-02-06 17:34:46 - [TEST_STEP][PASSED] - verifyTextPresent("This transaction is subject to a Service Fee of ", true): Text 'This transaction is subject to a Service Fee of ' is present on page  using regular expression

2024-02-06 17:34:47 - [MESSAGE][PASSED] - Text 'This transaction is subject to a Service Fee of ' is present on page  using regular expression

2024-02-06 17:34:47 - [TEST_STEP][PASSED] - verifyTextPresent("Payment Amount:", true): Text 'Payment Amount:' is present on page  using regular expression

2024-02-06 17:34:47 - [MESSAGE][PASSED] - Text 'Payment Amount:' is present on page  using regular expression

2024-02-06 17:34:47 - [TEST_STEP][PASSED] - verifyTextPresent("10.00", true): Text '10.00' is present on page  using regular expression

2024-02-06 17:34:47 - [MESSAGE][PASSED] - Text '10.00' is present on page  using regular expression

2024-02-06 17:34:47 - [TEST_STEP][PASSED] - verifyTextPresent("Service Fee:", true): Text 'Service Fee:' is present on page  using regular expression

2024-02-06 17:34:48 - [MESSAGE][PASSED] - Text 'Service Fee:' is present on page  using regular expression

2024-02-06 17:34:48 - [TEST_STEP][PASSED] - verifyTextPresent("1.00", true): Text '1.00' is present on page  using regular expression

2024-02-06 17:34:48 - [MESSAGE][PASSED] - Text '1.00' is present on page  using regular expression

2024-02-06 17:34:48 - [TEST_STEP][PASSED] - verifyTextPresent("Total Amount:", true): Text 'Total Amount:' is present on page  using regular expression

2024-02-06 17:34:48 - [MESSAGE][PASSED] - Text 'Total Amount:' is present on page  using regular expression

2024-02-06 17:34:48 - [TEST_STEP][PASSED] - verifyTextPresent("11.00", true): Text '11.00' is present on page  using regular expression

2024-02-06 17:34:48 - [MESSAGE][PASSED] - Text '11.00' is present on page  using regular expression

2024-02-06 17:34:48 - [TEST_STEP][PASSED] - verifyTextPresent("Two transactions will appear on your bank statement, one in the amount of", true): Text 'Two transactions will appear on your bank statement, one in the amount of' is present on page  using regular expression

2024-02-06 17:34:49 - [MESSAGE][PASSED] - Text 'Two transactions will appear on your bank statement, one in the amount of' is present on page  using regular expression

2024-02-06 17:34:49 - [TEST_STEP][PASSED] - if (verifyElementPresent(findTestObject(orPath_ServiceFeesAccept + "/input_convFeeNotifyAction"), 30)): null

2024-02-06 17:34:49 - [MESSAGE][PASSED] - Object 'Object Repository/RAD_Pages/ServiceFeeAccept_Page/input_convFeeNotifyAction' is present

2024-02-06 17:34:49 - [TEST_STEP][PASSED] - resText = "Pass": null

2024-02-06 17:34:49 - [TEST_STEP][PASSED] - pages.WriteExcel.demoKey(resText, datText, resColumn, datCloumn, fileLoc, nameSheet, row): pages.WriteExcel.demoKey is PASSED

2024-02-06 17:34:49 - [MESSAGE][PASSED] - pages.WriteExcel.demoKey is PASSED

2024-02-06 17:34:49 - [TEST_STEP][PASSED] - if (execProfile == "QAProfile" || execProfile == "QA2Profile"): Text 'Successful Payment Receipt' is present on page  using regular expression

2024-02-06 17:34:49 - [TEST_STEP][PASSED] - click(findTestObject(orPath_ServiceFeesAccept + "/input_convFeeNotifyAction")): Object: 'Object Repository/RAD_Pages/ServiceFeeAccept_Page/input_convFeeNotifyAction' is clicked on

2024-02-06 17:34:50 - [MESSAGE][PASSED] - Object: 'Object Repository/RAD_Pages/ServiceFeeAccept_Page/input_convFeeNotifyAction' is clicked on

2024-02-06 17:34:50 - [TEST_STEP][PASSED] - delay(10): Delayed 10 second(s)

2024-02-06 17:35:00 - [MESSAGE][PASSED] - Delayed 10 second(s)

2024-02-06 17:35:00 - [TEST_STEP][PASSED] - verifyTextPresent("Successful Payment Receipt", true): Text 'Successful Payment Receipt' is present on page  using regular expression

2024-02-06 17:35:00 - [MESSAGE][PASSED] - Text 'Successful Payment Receipt' is present on page  using regular expression

2024-02-06 17:35:00 - [TEST_STEP][PASSED] - ExecuteTC = findTestData(dataFile).getValue("Execute", row): null

2024-02-06 17:35:00 - [TEST_STEP][PASSED] - TaxType = findTestData(dataFile).getValue("TaxType", row): null

2024-02-06 17:35:00 - [TEST_STEP][PASSED] - PaymentType = findTestData(dataFile).getValue("PaymentType", row): null

2024-02-06 17:35:00 - [TEST_STEP][PASSED] - FilingYear = findTestData(dataFile).getValue("Year", row): null

2024-02-06 17:35:00 - [TEST_STEP][PASSED] - if (ExecuteTC.equalsIgnoreCase("Y")): null

2024-02-06 17:35:00 - [TEST_STEP][PASSED] - ExecuteTC = findTestData(dataFile).getValue("Execute", row): null

2024-02-06 17:35:00 - [TEST_STEP][PASSED] - TaxType = findTestData(dataFile).getValue("TaxType", row): null

2024-02-06 17:35:00 - [TEST_STEP][PASSED] - PaymentType = findTestData(dataFile).getValue("PaymentType", row): null

2024-02-06 17:35:00 - [TEST_STEP][PASSED] - FilingYear = findTestData(dataFile).getValue("Year", row): null

2024-02-06 17:35:00 - [TEST_STEP][PASSED] - if (ExecuteTC.equalsIgnoreCase("Y")): null

2024-02-06 17:35:00 - [TEST_STEP][PASSED] - out.println("Begin Record Number: " + row): null

2024-02-06 17:35:00 - [TEST_STEP][PASSED] - today = new java.util.Date(): null

2024-02-06 17:35:00 - [TEST_STEP][PASSED] - println(today): null

2024-02-06 17:35:00 - [TEST_STEP][PASSED] - datText = today: null

2024-02-06 17:35:00 - [TEST_STEP][PASSED] - logInfo("Payment Type: " + PaymentType): Payment Type: New Tax Return Amount Due

2024-02-06 17:35:00 - [MESSAGE][INFO] - Payment Type: New Tax Return Amount Due

2024-02-06 17:35:00 - [TEST_STEP][PASSED] - logInfo("Tax Type: " + TaxType): Tax Type: Personal Income Tax

2024-02-06 17:35:00 - [MESSAGE][INFO] - Tax Type: Personal Income Tax

2024-02-06 17:35:00 - [TEST_STEP][PASSED] - openBrowser(""): Browser is opened with url: ''

2024-02-06 17:35:00 - [MESSAGE][WARNING] - A browser is already opened. Closing browser and opening a new one

2024-02-06 17:35:02 - [MESSAGE][INFO] - Starting 'Chrome' driver

2024-02-06 17:35:02 - [MESSAGE][INFO] - User set preference: ['acceptInsecureCerts', 'true']

2024-02-06 17:35:02 - [MESSAGE][INFO] - Action delay is set to 0 milliseconds

2024-02-06 17:35:03 - [MESSAGE][PASSED] - Browser is opened with url: ''

2024-02-06 17:35:03 - [TEST_STEP][PASSED] - maximizeWindow(): Current window maximized

2024-02-06 17:35:03 - [MESSAGE][PASSED] - Current window maximized

2024-02-06 17:35:03 - [TEST_STEP][PASSED] - navigateToUrl(RADurl): Navigate to 'https://qa2.velocitypayment.com/client/rad/index.html' successfully

2024-02-06 17:35:03 - [MESSAGE][PASSED] - Navigate to 'https://qa2.velocitypayment.com/client/rad/index.html' successfully

2024-02-06 17:35:03 - [TEST_STEP][PASSED] - selectOptionByLabel(findTestObject(orPath_Landing + "/dd_TaxType"), PaymentType, false): All options with label 'New Tax Return Amount Due' are selected in object 'Object Repository/RAD_Pages/Landing_Page/dd_TaxType' 

2024-02-06 17:35:06 - [MESSAGE][PASSED] - All options with label 'New Tax Return Amount Due' are selected in object 'Object Repository/RAD_Pages/Landing_Page/dd_TaxType' 

2024-02-06 17:35:06 - [TEST_STEP][PASSED] - switch (PaymentType): null

2024-02-06 17:35:06 - [TEST_STEP][PASSED] - case "New Tax Return Amount Due":: null

2024-02-06 17:35:06 - [TEST_STEP][PASSED] - selectOptionByLabel(findTestObject("Object Repository/RAD_Pages/Landing_Page/select_NewTaxReturnAmountDue_TaxType"), TaxType, false): All options with label 'Personal Income Tax' are selected in object 'Object Repository/RAD_Pages/Landing_Page/select_NewTaxReturnAmountDue_TaxType' 

2024-02-06 17:35:06 - [MESSAGE][PASSED] - All options with label 'Personal Income Tax' are selected in object 'Object Repository/RAD_Pages/Landing_Page/select_NewTaxReturnAmountDue_TaxType' 

2024-02-06 17:35:06 - [TEST_STEP][PASSED] - break: null

2024-02-06 17:35:06 - [TEST_STEP][PASSED] - if (!(FilingYear.isEmpty())): All options with label '2023' are selected in object 'Object Repository/RAD_Pages/TaxTypeFilingYear_Page/select_FilingYear' 

2024-02-06 17:35:06 - [TEST_STEP][PASSED] - selectOptionByLabel(findTestObject(orPath_TaxTypeFilingYear + "/select_FilingYear"), FilingYear, false): All options with label '2023' are selected in object 'Object Repository/RAD_Pages/TaxTypeFilingYear_Page/select_FilingYear' 

2024-02-06 17:35:07 - [MESSAGE][PASSED] - All options with label '2023' are selected in object 'Object Repository/RAD_Pages/TaxTypeFilingYear_Page/select_FilingYear' 

2024-02-06 17:35:07 - [TEST_STEP][PASSED] - rad.getSetDataRAD.setDataRADssnAndName(): rad.getSetDataRAD.setDataRADssnAndName is PASSED

2024-02-06 17:35:08 - [MESSAGE][PASSED] - Text 'Jimmy' is set on object 'Object Repository/RAD_Pages/Taxpayer_Page/input_firstName'

2024-02-06 17:35:09 - [MESSAGE][PASSED] - Text 'Anderson' is set on object 'Object Repository/RAD_Pages/Taxpayer_Page/input_lastName'

2024-02-06 17:35:09 - [MESSAGE][PASSED] - Text '123451234' is set on object 'Object Repository/RAD_RecordAndPlay/input_concatSSN'

2024-02-06 17:35:10 - [MESSAGE][PASSED] - Text '123451234' is set on object 'Object Repository/RAD_RecordAndPlay/input_concatReSSN'

2024-02-06 17:35:10 - [MESSAGE][PASSED] - rad.getSetDataRAD.setDataRADssnAndName is PASSED

2024-02-06 17:35:10 - [TEST_STEP][PASSED] - rad.getSetDataRAD.setDataRADAddress(): rad.getSetDataRAD.setDataRADAddress is PASSED

2024-02-06 17:35:11 - [MESSAGE][PASSED] - All options with label 'United States' are selected in object 'Object Repository/RAD_Pages/AddressAndContactInfo_Page/select_Country' 

2024-02-06 17:35:11 - [MESSAGE][PASSED] - Text '2508 Mandan Terrace' is set on object 'Object Repository/RAD_Pages/AddressAndContactInfo_Page/input_streetAddress1'

2024-02-06 17:35:12 - [MESSAGE][PASSED] - Text '' is set on object 'Object Repository/RAD_Pages/AddressAndContactInfo_Page/input_streetAddress2'

2024-02-06 17:35:13 - [MESSAGE][PASSED] - Text 'Gambrills' is set on object 'Object Repository/RAD_Pages/AddressAndContactInfo_Page/input_city'

2024-02-06 17:35:14 - [MESSAGE][PASSED] - All options with label 'Maryland' are selected in object 'Object Repository/RAD_Pages/AddressAndContactInfo_Page/select_State' 

2024-02-06 17:35:15 - [MESSAGE][PASSED] - Text '21054' is set on object 'Object Repository/RAD_Pages/AddressAndContactInfo_Page/input_zipCode'

2024-02-06 17:35:15 - [MESSAGE][PASSED] - Text '(703) 894-5000' is set on object 'Object Repository/RAD_Pages/AddressAndContactInfo_Page/input_phoneNumber'

2024-02-06 17:35:16 - [MESSAGE][PASSED] - Text 'iahmed@govolution.com' is set on object 'Object Repository/RAD_Pages/AddressAndContactInfo_Page/input_eMailAddress'

2024-02-06 17:35:17 - [MESSAGE][PASSED] - Text 'iahmed@govolution.com' is set on object 'Object Repository/RAD_Pages/AddressAndContactInfo_Page/input_reEnterEMailAddress'

2024-02-06 17:35:17 - [MESSAGE][PASSED] - rad.getSetDataRAD.setDataRADAddress is PASSED

2024-02-06 17:35:17 - [TEST_STEP][PASSED] - scrollToElement(findTestObject(orPath_Landing + "/button_Continue"), 3): Scroll to object 'Object Repository/RAD_Pages/Landing_Page/button_Continue' successfully

2024-02-06 17:35:18 - [MESSAGE][PASSED] - Scroll to object 'Object Repository/RAD_Pages/Landing_Page/button_Continue' successfully

2024-02-06 17:35:18 - [TEST_STEP][PASSED] - waitForElementClickable(findTestObject(orPath_FilingStatus + "/input_JointFiling_userType_New"), 5): Object 'Object Repository/RAD_Pages/FilingStatus_Page/input_JointFiling_userType_New' is clickable

2024-02-06 17:35:18 - [MESSAGE][PASSED] - Object 'Object Repository/RAD_Pages/FilingStatus_Page/input_JointFiling_userType_New' is clickable

2024-02-06 17:35:18 - [TEST_STEP][PASSED] - check(findTestObject(orPath_FilingStatus + "/input_JointFiling_userType_New")): Object 'Object Repository/RAD_Pages/FilingStatus_Page/input_JointFiling_userType_New' is checked

2024-02-06 17:35:19 - [MESSAGE][PASSED] - Object 'Object Repository/RAD_Pages/FilingStatus_Page/input_JointFiling_userType_New' is checked

2024-02-06 17:35:19 - [TEST_STEP][PASSED] - delay(2): Delayed 2 second(s)

2024-02-06 17:35:21 - [MESSAGE][PASSED] - Delayed 2 second(s)

2024-02-06 17:35:21 - [TEST_STEP][PASSED] - rad.getSetDataRAD.setDataRADssnAndNameJointFiler(): rad.getSetDataRAD.setDataRADssnAndNameJointFiler is PASSED

2024-02-06 17:35:21 - [MESSAGE][PASSED] - Text 'Larsons' is set on object 'Object Repository/RAD_Pages/FilingStatus_Page/input_jointFirstName'

2024-02-06 17:35:22 - [MESSAGE][PASSED] - Text 'Bell' is set on object 'Object Repository/RAD_Pages/FilingStatus_Page/input_jointLastName'

2024-02-06 17:35:23 - [MESSAGE][PASSED] - Text '123459630' is set on object 'Object Repository/RAD_RecordAndPlay/input_JointFilerSSN'

2024-02-06 17:35:23 - [MESSAGE][PASSED] - Text '123459630' is set on object 'Object Repository/RAD_RecordAndPlay/input_reTypeJointFilerSSN'

2024-02-06 17:35:23 - [MESSAGE][PASSED] - rad.getSetDataRAD.setDataRADssnAndNameJointFiler is PASSED

2024-02-06 17:35:23 - [TEST_STEP][PASSED] - setText(findTestObject(orPath_Amount + "/input__paymentAmount"), "10.00"): Text '10.00' is set on object 'Object Repository/RAD_Pages/PaymentAmount_Page/input__paymentAmount'

2024-02-06 17:35:24 - [MESSAGE][PASSED] - Text '10.00' is set on object 'Object Repository/RAD_Pages/PaymentAmount_Page/input__paymentAmount'

2024-02-06 17:35:24 - [TEST_STEP][PASSED] - setText(findTestObject(orPath_AddressContact + "/input_streetAddress2"), ""): Text '' is set on object 'Object Repository/RAD_Pages/AddressAndContactInfo_Page/input_streetAddress2'

2024-02-06 17:35:25 - [MESSAGE][PASSED] - Text '' is set on object 'Object Repository/RAD_Pages/AddressAndContactInfo_Page/input_streetAddress2'

2024-02-06 17:35:25 - [TEST_STEP][PASSED] - scrollToElement(findTestObject(orPath_Landing + "/button_Continue"), 3): Scroll to object 'Object Repository/RAD_Pages/Landing_Page/button_Continue' successfully

2024-02-06 17:35:25 - [MESSAGE][PASSED] - Scroll to object 'Object Repository/RAD_Pages/Landing_Page/button_Continue' successfully

2024-02-06 17:35:25 - [TEST_STEP][PASSED] - waitForElementClickable(findTestObject(orPath_Landing + "/button_Continue"), 5): Object 'Object Repository/RAD_Pages/Landing_Page/button_Continue' is clickable

2024-02-06 17:35:26 - [MESSAGE][PASSED] - Object 'Object Repository/RAD_Pages/Landing_Page/button_Continue' is clickable

2024-02-06 17:35:26 - [TEST_STEP][PASSED] - click(findTestObject(orPath_Landing + "/button_Continue")): Object: 'Object Repository/RAD_Pages/Landing_Page/button_Continue' is clicked on

2024-02-06 17:35:26 - [MESSAGE][PASSED] - Object: 'Object Repository/RAD_Pages/Landing_Page/button_Continue' is clicked on

2024-02-06 17:35:26 - [TEST_STEP][PASSED] - delay(2): Delayed 2 second(s)

2024-02-06 17:35:28 - [MESSAGE][PASSED] - Delayed 2 second(s)

2024-02-06 17:35:28 - [TEST_STEP][PASSED] - click(findTestObject(orPath_Summary + "/button_Proceed to Payment")): Object: 'Object Repository/RAD_Pages/Summary_Page/button_Proceed to Payment' is clicked on

2024-02-06 17:35:30 - [MESSAGE][PASSED] - Object: 'Object Repository/RAD_Pages/Summary_Page/button_Proceed to Payment' is clicked on

2024-02-06 17:35:30 - [TEST_STEP][PASSED] - if (verifyElementPresent(findTestObject("Object Repository/RAD_Pages/PaymentEntry_Page/input__billingName"), 30)): null

2024-02-06 17:35:30 - [MESSAGE][PASSED] - Object 'Object Repository/RAD_Pages/PaymentEntry_Page/input__billingName' is present

2024-02-06 17:35:30 - [TEST_STEP][PASSED] - verifyTextPresent("Comptroller of Maryland", true): Text 'Comptroller of Maryland' is present on page  using regular expression

2024-02-06 17:35:31 - [MESSAGE][PASSED] - Text 'Comptroller of Maryland' is present on page  using regular expression

2024-02-06 17:35:31 - [TEST_STEP][PASSED] - verifyTextPresent("Payment Information", true): Text 'Payment Information' is present on page  using regular expression

2024-02-06 17:35:31 - [MESSAGE][PASSED] - Text 'Payment Information' is present on page  using regular expression

2024-02-06 17:35:31 - [TEST_STEP][PASSED] - card_Name = getAttribute(findTestObject("Object Repository/RAD_Pages/PaymentEntry_Page/input__billingName"), "value"): Attribute 'value' of object 'Object Repository/RAD_Pages/PaymentEntry_Page/input__billingName' is: 'Jimmy Anderson'

2024-02-06 17:35:31 - [MESSAGE][PASSED] - Attribute 'value' of object 'Object Repository/RAD_Pages/PaymentEntry_Page/input__billingName' is: 'Jimmy Anderson'

2024-02-06 17:35:31 - [TEST_STEP][PASSED] - switch (executionProfile): null

2024-02-06 17:35:31 - [TEST_STEP][PASSED] - case "QA2Profile":: null

2024-02-06 17:35:31 - [TEST_STEP][PASSED] - verifyMatch("Jimmy Anderson", card_Name, false): Actual text 'Jimmy Anderson' and expected text 'Jimmy Anderson' are matched 

2024-02-06 17:35:31 - [MESSAGE][PASSED] - Actual text 'Jimmy Anderson' and expected text 'Jimmy Anderson' are matched 

2024-02-06 17:35:31 - [TEST_STEP][PASSED] - break: null

2024-02-06 17:35:31 - [TEST_STEP][PASSED] - AL1 = getAttribute(findTestObject("Object Repository/RAD_Pages/PaymentEntry_Page/input_billingAddress"), "value"): Attribute 'value' of object 'Object Repository/RAD_Pages/PaymentEntry_Page/input_billingAddress' is: '2508 Mandan Terrace'

2024-02-06 17:35:32 - [MESSAGE][PASSED] - Attribute 'value' of object 'Object Repository/RAD_Pages/PaymentEntry_Page/input_billingAddress' is: '2508 Mandan Terrace'

2024-02-06 17:35:32 - [TEST_STEP][PASSED] - verifyMatch("2508 Mandan Terrace", AL1, false): Actual text '2508 Mandan Terrace' and expected text '2508 Mandan Terrace' are matched 

2024-02-06 17:35:32 - [MESSAGE][PASSED] - Actual text '2508 Mandan Terrace' and expected text '2508 Mandan Terrace' are matched 

2024-02-06 17:35:32 - [TEST_STEP][PASSED] - AL2 = getAttribute(findTestObject("Object Repository/RAD_Pages/PaymentEntry_Page/input_billingAddress2"), "value"): Attribute 'value' of object 'Object Repository/RAD_Pages/PaymentEntry_Page/input_billingAddress2' is: ''

2024-02-06 17:35:32 - [MESSAGE][PASSED] - Attribute 'value' of object 'Object Repository/RAD_Pages/PaymentEntry_Page/input_billingAddress2' is: ''

2024-02-06 17:35:32 - [TEST_STEP][PASSED] - verifyMatch("", AL2, false): Actual text '' and expected text '' are matched 

2024-02-06 17:35:32 - [MESSAGE][PASSED] - Actual text '' and expected text '' are matched 

2024-02-06 17:35:32 - [TEST_STEP][PASSED] - zipCode = getAttribute(findTestObject("Object Repository/RAD_Pages/PaymentEntry_Page/input_billingZip"), "value"): Attribute 'value' of object 'Object Repository/RAD_Pages/PaymentEntry_Page/input_billingZip' is: '21054'

2024-02-06 17:35:32 - [MESSAGE][PASSED] - Attribute 'value' of object 'Object Repository/RAD_Pages/PaymentEntry_Page/input_billingZip' is: '21054'

2024-02-06 17:35:32 - [TEST_STEP][PASSED] - verifyMatch("21054", zipCode, false): Actual text '21054' and expected text '21054' are matched 

2024-02-06 17:35:32 - [MESSAGE][PASSED] - Actual text '21054' and expected text '21054' are matched 

2024-02-06 17:35:32 - [TEST_STEP][PASSED] - city = getAttribute(findTestObject("Object Repository/RAD_Pages/PaymentEntry_Page/input_billingCity"), "value"): Attribute 'value' of object 'Object Repository/RAD_Pages/PaymentEntry_Page/input_billingCity' is: 'GAMBRILLS'

2024-02-06 17:35:33 - [MESSAGE][PASSED] - Attribute 'value' of object 'Object Repository/RAD_Pages/PaymentEntry_Page/input_billingCity' is: 'GAMBRILLS'

2024-02-06 17:35:33 - [TEST_STEP][PASSED] - verifyMatch("GAMBRILLS", city, false): Actual text 'GAMBRILLS' and expected text 'GAMBRILLS' are matched 

2024-02-06 17:35:33 - [MESSAGE][PASSED] - Actual text 'GAMBRILLS' and expected text 'GAMBRILLS' are matched 

2024-02-06 17:35:33 - [TEST_STEP][PASSED] - email = getAttribute(findTestObject("Object Repository/RAD_Pages/PaymentEntry_Page/input_emailAddress"), "value"): Attribute 'value' of object 'Object Repository/RAD_Pages/PaymentEntry_Page/input_emailAddress' is: 'iahmed@govolution.com'

2024-02-06 17:35:33 - [MESSAGE][PASSED] - Attribute 'value' of object 'Object Repository/RAD_Pages/PaymentEntry_Page/input_emailAddress' is: 'iahmed@govolution.com'

2024-02-06 17:35:33 - [TEST_STEP][PASSED] - verifyMatch("iahmed@govolution.com", email, false): Actual text 'iahmed@govolution.com' and expected text 'iahmed@govolution.com' are matched 

2024-02-06 17:35:33 - [MESSAGE][PASSED] - Actual text 'iahmed@govolution.com' and expected text 'iahmed@govolution.com' are matched 

2024-02-06 17:35:33 - [TEST_STEP][PASSED] - amount = getAttribute(findTestObject("Object Repository/RAD_Pages/PaymentEntry_Page/input_amount"), "value"): Attribute 'value' of object 'Object Repository/RAD_Pages/PaymentEntry_Page/input_amount' is: '10.00'

2024-02-06 17:35:33 - [MESSAGE][PASSED] - Attribute 'value' of object 'Object Repository/RAD_Pages/PaymentEntry_Page/input_amount' is: '10.00'

2024-02-06 17:35:33 - [TEST_STEP][PASSED] - verifyMatch("10.00", amount, false): Actual text '10.00' and expected text '10.00' are matched 

2024-02-06 17:35:33 - [MESSAGE][PASSED] - Actual text '10.00' and expected text '10.00' are matched 

2024-02-06 17:35:33 - [TEST_STEP][PASSED] - amountReadOnly = getAttribute(findTestObject("Object Repository/RAD_Pages/PaymentEntry_Page/input_amount"), "readonly"): Attribute 'readonly' of object 'Object Repository/RAD_Pages/PaymentEntry_Page/input_amount' is: 'true'

2024-02-06 17:35:34 - [MESSAGE][PASSED] - Attribute 'readonly' of object 'Object Repository/RAD_Pages/PaymentEntry_Page/input_amount' is: 'true'

2024-02-06 17:35:34 - [TEST_STEP][PASSED] - verifyMatch("true", amountReadOnly, false): Actual text 'true' and expected text 'true' are matched 

2024-02-06 17:35:34 - [MESSAGE][PASSED] - Actual text 'true' and expected text 'true' are matched 

2024-02-06 17:35:34 - [TEST_STEP][PASSED] - verifyOptionSelectedByLabel(findTestObject("Object Repository/RAD_Pages/PaymentEntry_Page/select_Country"), "United States", false, 20): All options with label 'United States' are selected in object 'Object Repository/RAD_Pages/PaymentEntry_Page/select_Country' 

2024-02-06 17:35:35 - [MESSAGE][PASSED] - All options with label 'United States' are selected in object 'Object Repository/RAD_Pages/PaymentEntry_Page/select_Country' 

2024-02-06 17:35:35 - [TEST_STEP][PASSED] - verifyOptionSelectedByLabel(findTestObject("Object Repository/RAD_Pages/PaymentEntry_Page/select_State"), "Maryland", false, 20): All options with label 'Maryland' are selected in object 'Object Repository/RAD_Pages/PaymentEntry_Page/select_State' 

2024-02-06 17:35:37 - [MESSAGE][PASSED] - All options with label 'Maryland' are selected in object 'Object Repository/RAD_Pages/PaymentEntry_Page/select_State' 

2024-02-06 17:35:37 - [TEST_STEP][PASSED] - setText(findTestObject(orPath_PaymentEntry + "/input__cardNumber"), "4111111111111111"): Text '4111111111111111' is set on object 'Object Repository/RAD_Pages/PaymentEntry_Page/input__cardNumber'

2024-02-06 17:35:38 - [MESSAGE][PASSED] - Text '4111111111111111' is set on object 'Object Repository/RAD_Pages/PaymentEntry_Page/input__cardNumber'

2024-02-06 17:35:38 - [TEST_STEP][PASSED] - setText(findTestObject(orPath_PaymentEntry + "/input__spc"), "123"): Text '123' is set on object 'Object Repository/RAD_Pages/PaymentEntry_Page/input__spc'

2024-02-06 17:35:39 - [MESSAGE][PASSED] - Text '123' is set on object 'Object Repository/RAD_Pages/PaymentEntry_Page/input__spc'

2024-02-06 17:35:39 - [TEST_STEP][PASSED] - selectOptionByLabel(findTestObject(orPath_PaymentEntry + "/select_MM"), "12", false): All options with label '12' are selected in object 'Object Repository/RAD_Pages/PaymentEntry_Page/select_MM' 

2024-02-06 17:35:39 - [MESSAGE][PASSED] - All options with label '12' are selected in object 'Object Repository/RAD_Pages/PaymentEntry_Page/select_MM' 

2024-02-06 17:35:39 - [TEST_STEP][PASSED] - selectOptionByLabel(findTestObject(orPath_PaymentEntry + "/select_YYYY"), "2028", false): All options with label '2028' are selected in object 'Object Repository/RAD_Pages/PaymentEntry_Page/select_YYYY' 

2024-02-06 17:35:40 - [MESSAGE][PASSED] - All options with label '2028' are selected in object 'Object Repository/RAD_Pages/PaymentEntry_Page/select_YYYY' 

2024-02-06 17:35:40 - [TEST_STEP][PASSED] - click(findTestObject(orPath_PaymentEntry + "/input_Field_ccSubmit")): Object: 'Object Repository/RAD_Pages/PaymentEntry_Page/input_Field_ccSubmit' is clicked on

2024-02-06 17:35:41 - [MESSAGE][PASSED] - Object: 'Object Repository/RAD_Pages/PaymentEntry_Page/input_Field_ccSubmit' is clicked on

2024-02-06 17:35:41 - [TEST_STEP][PASSED] - click(findTestObject(orPath_PaymentConfirmation + "/input_N_confirmNotifyAction")): Object: 'Object Repository/RAD_Pages/PaymentConfirmation_Page/input_N_confirmNotifyAction' is clicked on

2024-02-06 17:35:42 - [MESSAGE][PASSED] - Object: 'Object Repository/RAD_Pages/PaymentConfirmation_Page/input_N_confirmNotifyAction' is clicked on

2024-02-06 17:35:42 - [TEST_STEP][PASSED] - verifyTextPresent("Service Fee Acceptance", true): Text 'Service Fee Acceptance' is present on page  using regular expression

2024-02-06 17:35:43 - [MESSAGE][PASSED] - Text 'Service Fee Acceptance' is present on page  using regular expression

2024-02-06 17:35:43 - [TEST_STEP][PASSED] - verifyTextPresent("This transaction is subject to a Service Fee of ", true): Text 'This transaction is subject to a Service Fee of ' is present on page  using regular expression

2024-02-06 17:35:43 - [MESSAGE][PASSED] - Text 'This transaction is subject to a Service Fee of ' is present on page  using regular expression

2024-02-06 17:35:43 - [TEST_STEP][PASSED] - verifyTextPresent("Payment Amount:", true): Text 'Payment Amount:' is present on page  using regular expression

2024-02-06 17:35:43 - [MESSAGE][PASSED] - Text 'Payment Amount:' is present on page  using regular expression

2024-02-06 17:35:43 - [TEST_STEP][PASSED] - verifyTextPresent("10.00", true): Text '10.00' is present on page  using regular expression

2024-02-06 17:35:43 - [MESSAGE][PASSED] - Text '10.00' is present on page  using regular expression

2024-02-06 17:35:43 - [TEST_STEP][PASSED] - verifyTextPresent("Service Fee:", true): Text 'Service Fee:' is present on page  using regular expression

2024-02-06 17:35:44 - [MESSAGE][PASSED] - Text 'Service Fee:' is present on page  using regular expression

2024-02-06 17:35:44 - [TEST_STEP][PASSED] - verifyTextPresent("1.00", true): Text '1.00' is present on page  using regular expression

2024-02-06 17:35:44 - [MESSAGE][PASSED] - Text '1.00' is present on page  using regular expression

2024-02-06 17:35:44 - [TEST_STEP][PASSED] - verifyTextPresent("Total Amount:", true): Text 'Total Amount:' is present on page  using regular expression

2024-02-06 17:35:44 - [MESSAGE][PASSED] - Text 'Total Amount:' is present on page  using regular expression

2024-02-06 17:35:44 - [TEST_STEP][PASSED] - verifyTextPresent("11.00", true): Text '11.00' is present on page  using regular expression

2024-02-06 17:35:45 - [MESSAGE][PASSED] - Text '11.00' is present on page  using regular expression

2024-02-06 17:35:45 - [TEST_STEP][PASSED] - verifyTextPresent("Two transactions will appear on your bank statement, one in the amount of", true): Text 'Two transactions will appear on your bank statement, one in the amount of' is present on page  using regular expression

2024-02-06 17:35:45 - [MESSAGE][PASSED] - Text 'Two transactions will appear on your bank statement, one in the amount of' is present on page  using regular expression

2024-02-06 17:35:45 - [TEST_STEP][PASSED] - if (verifyElementPresent(findTestObject(orPath_ServiceFeesAccept + "/input_convFeeNotifyAction"), 30)): null

2024-02-06 17:35:45 - [MESSAGE][PASSED] - Object 'Object Repository/RAD_Pages/ServiceFeeAccept_Page/input_convFeeNotifyAction' is present

2024-02-06 17:35:45 - [TEST_STEP][PASSED] - resText = "Pass": null

2024-02-06 17:35:45 - [TEST_STEP][PASSED] - pages.WriteExcel.demoKey(resText, datText, resColumn, datCloumn, fileLoc, nameSheet, row): pages.WriteExcel.demoKey is PASSED

2024-02-06 17:35:45 - [MESSAGE][PASSED] - pages.WriteExcel.demoKey is PASSED

2024-02-06 17:35:45 - [TEST_STEP][PASSED] - if (execProfile == "QAProfile" || execProfile == "QA2Profile"): Text 'Successful Payment Receipt' is present on page  using regular expression

2024-02-06 17:35:45 - [TEST_STEP][PASSED] - click(findTestObject(orPath_ServiceFeesAccept + "/input_convFeeNotifyAction")): Object: 'Object Repository/RAD_Pages/ServiceFeeAccept_Page/input_convFeeNotifyAction' is clicked on

2024-02-06 17:35:46 - [MESSAGE][PASSED] - Object: 'Object Repository/RAD_Pages/ServiceFeeAccept_Page/input_convFeeNotifyAction' is clicked on

2024-02-06 17:35:46 - [TEST_STEP][PASSED] - delay(10): Delayed 10 second(s)

2024-02-06 17:35:56 - [MESSAGE][PASSED] - Delayed 10 second(s)

2024-02-06 17:35:56 - [TEST_STEP][PASSED] - verifyTextPresent("Successful Payment Receipt", true): Text 'Successful Payment Receipt' is present on page  using regular expression

2024-02-06 17:35:56 - [MESSAGE][PASSED] - Text 'Successful Payment Receipt' is present on page  using regular expression

2024-02-06 17:35:56 - [TEST_STEP][PASSED] - ExecuteTC = findTestData(dataFile).getValue("Execute", row): null

2024-02-06 17:35:56 - [TEST_STEP][PASSED] - TaxType = findTestData(dataFile).getValue("TaxType", row): null

2024-02-06 17:35:56 - [TEST_STEP][PASSED] - PaymentType = findTestData(dataFile).getValue("PaymentType", row): null

2024-02-06 17:35:56 - [TEST_STEP][PASSED] - FilingYear = findTestData(dataFile).getValue("Year", row): null

2024-02-06 17:35:56 - [TEST_STEP][PASSED] - if (ExecuteTC.equalsIgnoreCase("Y")): null

2024-02-06 17:35:56 - [TEST_STEP][PASSED] - out.println("Begin Record Number: " + row): null

2024-02-06 17:35:56 - [TEST_STEP][PASSED] - today = new java.util.Date(): null

2024-02-06 17:35:56 - [TEST_STEP][PASSED] - println(today): null

2024-02-06 17:35:56 - [TEST_STEP][PASSED] - datText = today: null

2024-02-06 17:35:56 - [TEST_STEP][PASSED] - logInfo("Payment Type: " + PaymentType): Payment Type: New Tax Return Amount Due

2024-02-06 17:35:56 - [MESSAGE][INFO] - Payment Type: New Tax Return Amount Due

2024-02-06 17:35:56 - [TEST_STEP][PASSED] - logInfo("Tax Type: " + TaxType): Tax Type: Personal Income Tax

2024-02-06 17:35:56 - [MESSAGE][INFO] - Tax Type: Personal Income Tax

2024-02-06 17:35:56 - [TEST_STEP][PASSED] - openBrowser(""): Browser is opened with url: ''

2024-02-06 17:35:56 - [MESSAGE][WARNING] - A browser is already opened. Closing browser and opening a new one

2024-02-06 17:35:58 - [MESSAGE][INFO] - Starting 'Chrome' driver

2024-02-06 17:35:58 - [MESSAGE][INFO] - User set preference: ['acceptInsecureCerts', 'true']

2024-02-06 17:35:58 - [MESSAGE][INFO] - Action delay is set to 0 milliseconds

2024-02-06 17:36:00 - [MESSAGE][PASSED] - Browser is opened with url: ''

2024-02-06 17:36:00 - [TEST_STEP][PASSED] - maximizeWindow(): Current window maximized

2024-02-06 17:36:00 - [MESSAGE][PASSED] - Current window maximized

2024-02-06 17:36:00 - [TEST_STEP][PASSED] - navigateToUrl(RADurl): Navigate to 'https://qa2.velocitypayment.com/client/rad/index.html' successfully

2024-02-06 17:36:01 - [MESSAGE][PASSED] - Navigate to 'https://qa2.velocitypayment.com/client/rad/index.html' successfully

2024-02-06 17:36:01 - [TEST_STEP][PASSED] - selectOptionByLabel(findTestObject(orPath_Landing + "/dd_TaxType"), PaymentType, false): All options with label 'New Tax Return Amount Due' are selected in object 'Object Repository/RAD_Pages/Landing_Page/dd_TaxType' 

2024-02-06 17:36:02 - [MESSAGE][PASSED] - All options with label 'New Tax Return Amount Due' are selected in object 'Object Repository/RAD_Pages/Landing_Page/dd_TaxType' 

2024-02-06 17:36:02 - [TEST_STEP][PASSED] - switch (PaymentType): null

2024-02-06 17:36:02 - [TEST_STEP][PASSED] - case "New Tax Return Amount Due":: null

2024-02-06 17:36:02 - [TEST_STEP][PASSED] - selectOptionByLabel(findTestObject("Object Repository/RAD_Pages/Landing_Page/select_NewTaxReturnAmountDue_TaxType"), TaxType, false): All options with label 'Personal Income Tax' are selected in object 'Object Repository/RAD_Pages/Landing_Page/select_NewTaxReturnAmountDue_TaxType' 

2024-02-06 17:36:03 - [MESSAGE][PASSED] - All options with label 'Personal Income Tax' are selected in object 'Object Repository/RAD_Pages/Landing_Page/select_NewTaxReturnAmountDue_TaxType' 

2024-02-06 17:36:03 - [TEST_STEP][PASSED] - break: null

2024-02-06 17:36:03 - [TEST_STEP][PASSED] - if (!(FilingYear.isEmpty())): All options with label '2022' are selected in object 'Object Repository/RAD_Pages/TaxTypeFilingYear_Page/select_FilingYear' 

2024-02-06 17:36:03 - [TEST_STEP][PASSED] - selectOptionByLabel(findTestObject(orPath_TaxTypeFilingYear + "/select_FilingYear"), FilingYear, false): All options with label '2022' are selected in object 'Object Repository/RAD_Pages/TaxTypeFilingYear_Page/select_FilingYear' 

2024-02-06 17:36:04 - [MESSAGE][PASSED] - All options with label '2022' are selected in object 'Object Repository/RAD_Pages/TaxTypeFilingYear_Page/select_FilingYear' 

2024-02-06 17:36:04 - [TEST_STEP][PASSED] - rad.getSetDataRAD.setDataRADssnAndName(): rad.getSetDataRAD.setDataRADssnAndName is PASSED

2024-02-06 17:36:04 - [MESSAGE][PASSED] - Text 'Jimmy' is set on object 'Object Repository/RAD_Pages/Taxpayer_Page/input_firstName'

2024-02-06 17:36:05 - [MESSAGE][PASSED] - Text 'Anderson' is set on object 'Object Repository/RAD_Pages/Taxpayer_Page/input_lastName'

2024-02-06 17:36:06 - [MESSAGE][PASSED] - Text '123451234' is set on object 'Object Repository/RAD_RecordAndPlay/input_concatSSN'

2024-02-06 17:36:06 - [MESSAGE][PASSED] - Text '123451234' is set on object 'Object Repository/RAD_RecordAndPlay/input_concatReSSN'

2024-02-06 17:36:06 - [MESSAGE][PASSED] - rad.getSetDataRAD.setDataRADssnAndName is PASSED

2024-02-06 17:36:06 - [TEST_STEP][PASSED] - rad.getSetDataRAD.setDataRADAddress(): rad.getSetDataRAD.setDataRADAddress is PASSED

2024-02-06 17:36:07 - [MESSAGE][PASSED] - All options with label 'United States' are selected in object 'Object Repository/RAD_Pages/AddressAndContactInfo_Page/select_Country' 

2024-02-06 17:36:08 - [MESSAGE][PASSED] - Text '2508 Mandan Terrace' is set on object 'Object Repository/RAD_Pages/AddressAndContactInfo_Page/input_streetAddress1'

2024-02-06 17:36:09 - [MESSAGE][PASSED] - Text '' is set on object 'Object Repository/RAD_Pages/AddressAndContactInfo_Page/input_streetAddress2'

2024-02-06 17:36:10 - [MESSAGE][PASSED] - Text 'Gambrills' is set on object 'Object Repository/RAD_Pages/AddressAndContactInfo_Page/input_city'

2024-02-06 17:36:10 - [MESSAGE][PASSED] - All options with label 'Maryland' are selected in object 'Object Repository/RAD_Pages/AddressAndContactInfo_Page/select_State' 

2024-02-06 17:36:11 - [MESSAGE][PASSED] - Text '21054' is set on object 'Object Repository/RAD_Pages/AddressAndContactInfo_Page/input_zipCode'

2024-02-06 17:36:12 - [MESSAGE][PASSED] - Text '(703) 894-5000' is set on object 'Object Repository/RAD_Pages/AddressAndContactInfo_Page/input_phoneNumber'

2024-02-06 17:36:13 - [MESSAGE][PASSED] - Text 'iahmed@govolution.com' is set on object 'Object Repository/RAD_Pages/AddressAndContactInfo_Page/input_eMailAddress'

2024-02-06 17:36:14 - [MESSAGE][PASSED] - Text 'iahmed@govolution.com' is set on object 'Object Repository/RAD_Pages/AddressAndContactInfo_Page/input_reEnterEMailAddress'

2024-02-06 17:36:14 - [MESSAGE][PASSED] - rad.getSetDataRAD.setDataRADAddress is PASSED

2024-02-06 17:36:14 - [TEST_STEP][PASSED] - scrollToElement(findTestObject(orPath_Landing + "/button_Continue"), 3): Scroll to object 'Object Repository/RAD_Pages/Landing_Page/button_Continue' successfully

2024-02-06 17:36:14 - [MESSAGE][PASSED] - Scroll to object 'Object Repository/RAD_Pages/Landing_Page/button_Continue' successfully

2024-02-06 17:36:14 - [TEST_STEP][PASSED] - waitForElementClickable(findTestObject(orPath_FilingStatus + "/input_JointFiling_userType_New"), 5): Object 'Object Repository/RAD_Pages/FilingStatus_Page/input_JointFiling_userType_New' is clickable

2024-02-06 17:36:15 - [MESSAGE][PASSED] - Object 'Object Repository/RAD_Pages/FilingStatus_Page/input_JointFiling_userType_New' is clickable

2024-02-06 17:36:15 - [TEST_STEP][PASSED] - check(findTestObject(orPath_FilingStatus + "/input_JointFiling_userType_New")): Object 'Object Repository/RAD_Pages/FilingStatus_Page/input_JointFiling_userType_New' is checked

2024-02-06 17:36:15 - [MESSAGE][PASSED] - Object 'Object Repository/RAD_Pages/FilingStatus_Page/input_JointFiling_userType_New' is checked

2024-02-06 17:36:15 - [TEST_STEP][PASSED] - delay(2): Delayed 2 second(s)

2024-02-06 17:36:17 - [MESSAGE][PASSED] - Delayed 2 second(s)

2024-02-06 17:36:17 - [TEST_STEP][PASSED] - rad.getSetDataRAD.setDataRADssnAndNameJointFiler(): rad.getSetDataRAD.setDataRADssnAndNameJointFiler is PASSED

2024-02-06 17:36:18 - [MESSAGE][PASSED] - Text 'Larsons' is set on object 'Object Repository/RAD_Pages/FilingStatus_Page/input_jointFirstName'

2024-02-06 17:36:19 - [MESSAGE][PASSED] - Text 'Bell' is set on object 'Object Repository/RAD_Pages/FilingStatus_Page/input_jointLastName'

2024-02-06 17:36:19 - [MESSAGE][PASSED] - Text '123459630' is set on object 'Object Repository/RAD_RecordAndPlay/input_JointFilerSSN'

2024-02-06 17:36:20 - [MESSAGE][PASSED] - Text '123459630' is set on object 'Object Repository/RAD_RecordAndPlay/input_reTypeJointFilerSSN'

2024-02-06 17:36:20 - [MESSAGE][PASSED] - rad.getSetDataRAD.setDataRADssnAndNameJointFiler is PASSED

2024-02-06 17:36:20 - [TEST_STEP][PASSED] - setText(findTestObject(orPath_Amount + "/input__paymentAmount"), "10.00"): Text '10.00' is set on object 'Object Repository/RAD_Pages/PaymentAmount_Page/input__paymentAmount'

2024-02-06 17:36:21 - [MESSAGE][PASSED] - Text '10.00' is set on object 'Object Repository/RAD_Pages/PaymentAmount_Page/input__paymentAmount'

2024-02-06 17:36:21 - [TEST_STEP][PASSED] - setText(findTestObject(orPath_AddressContact + "/input_streetAddress2"), ""): Text '' is set on object 'Object Repository/RAD_Pages/AddressAndContactInfo_Page/input_streetAddress2'

2024-02-06 17:36:22 - [MESSAGE][PASSED] - Text '' is set on object 'Object Repository/RAD_Pages/AddressAndContactInfo_Page/input_streetAddress2'

2024-02-06 17:36:22 - [TEST_STEP][PASSED] - scrollToElement(findTestObject(orPath_Landing + "/button_Continue"), 3): Scroll to object 'Object Repository/RAD_Pages/Landing_Page/button_Continue' successfully

2024-02-06 17:36:22 - [MESSAGE][PASSED] - Scroll to object 'Object Repository/RAD_Pages/Landing_Page/button_Continue' successfully

2024-02-06 17:36:22 - [TEST_STEP][PASSED] - waitForElementClickable(findTestObject(orPath_Landing + "/button_Continue"), 5): Object 'Object Repository/RAD_Pages/Landing_Page/button_Continue' is clickable

2024-02-06 17:36:23 - [MESSAGE][PASSED] - Object 'Object Repository/RAD_Pages/Landing_Page/button_Continue' is clickable

2024-02-06 17:36:23 - [TEST_STEP][PASSED] - click(findTestObject(orPath_Landing + "/button_Continue")): Object: 'Object Repository/RAD_Pages/Landing_Page/button_Continue' is clicked on

2024-02-06 17:36:23 - [MESSAGE][PASSED] - Object: 'Object Repository/RAD_Pages/Landing_Page/button_Continue' is clicked on

2024-02-06 17:36:23 - [TEST_STEP][PASSED] - delay(2): Delayed 2 second(s)

2024-02-06 17:36:25 - [MESSAGE][PASSED] - Delayed 2 second(s)

2024-02-06 17:36:25 - [TEST_STEP][PASSED] - click(findTestObject(orPath_Summary + "/button_Proceed to Payment")): Object: 'Object Repository/RAD_Pages/Summary_Page/button_Proceed to Payment' is clicked on

2024-02-06 17:36:26 - [MESSAGE][PASSED] - Object: 'Object Repository/RAD_Pages/Summary_Page/button_Proceed to Payment' is clicked on

2024-02-06 17:36:26 - [TEST_STEP][PASSED] - if (verifyElementPresent(findTestObject("Object Repository/RAD_Pages/PaymentEntry_Page/input__billingName"), 30)): null

2024-02-06 17:36:27 - [MESSAGE][PASSED] - Object 'Object Repository/RAD_Pages/PaymentEntry_Page/input__billingName' is present

2024-02-06 17:36:27 - [TEST_STEP][PASSED] - verifyTextPresent("Comptroller of Maryland", true): Text 'Comptroller of Maryland' is present on page  using regular expression

2024-02-06 17:36:27 - [MESSAGE][PASSED] - Text 'Comptroller of Maryland' is present on page  using regular expression

2024-02-06 17:36:27 - [TEST_STEP][PASSED] - verifyTextPresent("Payment Information", true): Text 'Payment Information' is present on page  using regular expression

2024-02-06 17:36:28 - [MESSAGE][PASSED] - Text 'Payment Information' is present on page  using regular expression

2024-02-06 17:36:28 - [TEST_STEP][PASSED] - card_Name = getAttribute(findTestObject("Object Repository/RAD_Pages/PaymentEntry_Page/input__billingName"), "value"): Attribute 'value' of object 'Object Repository/RAD_Pages/PaymentEntry_Page/input__billingName' is: 'Jimmy Anderson'

2024-02-06 17:36:28 - [MESSAGE][PASSED] - Attribute 'value' of object 'Object Repository/RAD_Pages/PaymentEntry_Page/input__billingName' is: 'Jimmy Anderson'

2024-02-06 17:36:28 - [TEST_STEP][PASSED] - switch (executionProfile): null

2024-02-06 17:36:28 - [TEST_STEP][PASSED] - case "QA2Profile":: null

2024-02-06 17:36:28 - [TEST_STEP][PASSED] - verifyMatch("Jimmy Anderson", card_Name, false): Actual text 'Jimmy Anderson' and expected text 'Jimmy Anderson' are matched 

2024-02-06 17:36:28 - [MESSAGE][PASSED] - Actual text 'Jimmy Anderson' and expected text 'Jimmy Anderson' are matched 

2024-02-06 17:36:28 - [TEST_STEP][PASSED] - break: null

2024-02-06 17:36:28 - [TEST_STEP][PASSED] - AL1 = getAttribute(findTestObject("Object Repository/RAD_Pages/PaymentEntry_Page/input_billingAddress"), "value"): Attribute 'value' of object 'Object Repository/RAD_Pages/PaymentEntry_Page/input_billingAddress' is: '2508 Mandan Terrace'

2024-02-06 17:36:28 - [MESSAGE][PASSED] - Attribute 'value' of object 'Object Repository/RAD_Pages/PaymentEntry_Page/input_billingAddress' is: '2508 Mandan Terrace'

2024-02-06 17:36:28 - [TEST_STEP][PASSED] - verifyMatch("2508 Mandan Terrace", AL1, false): Actual text '2508 Mandan Terrace' and expected text '2508 Mandan Terrace' are matched 

2024-02-06 17:36:28 - [MESSAGE][PASSED] - Actual text '2508 Mandan Terrace' and expected text '2508 Mandan Terrace' are matched 

2024-02-06 17:36:28 - [TEST_STEP][PASSED] - AL2 = getAttribute(findTestObject("Object Repository/RAD_Pages/PaymentEntry_Page/input_billingAddress2"), "value"): Attribute 'value' of object 'Object Repository/RAD_Pages/PaymentEntry_Page/input_billingAddress2' is: ''

2024-02-06 17:36:29 - [MESSAGE][PASSED] - Attribute 'value' of object 'Object Repository/RAD_Pages/PaymentEntry_Page/input_billingAddress2' is: ''

2024-02-06 17:36:29 - [TEST_STEP][PASSED] - verifyMatch("", AL2, false): Actual text '' and expected text '' are matched 

2024-02-06 17:36:29 - [MESSAGE][PASSED] - Actual text '' and expected text '' are matched 

2024-02-06 17:36:29 - [TEST_STEP][PASSED] - zipCode = getAttribute(findTestObject("Object Repository/RAD_Pages/PaymentEntry_Page/input_billingZip"), "value"): Attribute 'value' of object 'Object Repository/RAD_Pages/PaymentEntry_Page/input_billingZip' is: '21054'

2024-02-06 17:36:29 - [MESSAGE][PASSED] - Attribute 'value' of object 'Object Repository/RAD_Pages/PaymentEntry_Page/input_billingZip' is: '21054'

2024-02-06 17:36:29 - [TEST_STEP][PASSED] - verifyMatch("21054", zipCode, false): Actual text '21054' and expected text '21054' are matched 

2024-02-06 17:36:29 - [MESSAGE][PASSED] - Actual text '21054' and expected text '21054' are matched 

2024-02-06 17:36:29 - [TEST_STEP][PASSED] - city = getAttribute(findTestObject("Object Repository/RAD_Pages/PaymentEntry_Page/input_billingCity"), "value"): Attribute 'value' of object 'Object Repository/RAD_Pages/PaymentEntry_Page/input_billingCity' is: 'GAMBRILLS'

2024-02-06 17:36:30 - [MESSAGE][PASSED] - Attribute 'value' of object 'Object Repository/RAD_Pages/PaymentEntry_Page/input_billingCity' is: 'GAMBRILLS'

2024-02-06 17:36:30 - [TEST_STEP][PASSED] - verifyMatch("GAMBRILLS", city, false): Actual text 'GAMBRILLS' and expected text 'GAMBRILLS' are matched 

2024-02-06 17:36:30 - [MESSAGE][PASSED] - Actual text 'GAMBRILLS' and expected text 'GAMBRILLS' are matched 

2024-02-06 17:36:30 - [TEST_STEP][PASSED] - email = getAttribute(findTestObject("Object Repository/RAD_Pages/PaymentEntry_Page/input_emailAddress"), "value"): Attribute 'value' of object 'Object Repository/RAD_Pages/PaymentEntry_Page/input_emailAddress' is: 'iahmed@govolution.com'

2024-02-06 17:36:30 - [MESSAGE][PASSED] - Attribute 'value' of object 'Object Repository/RAD_Pages/PaymentEntry_Page/input_emailAddress' is: 'iahmed@govolution.com'

2024-02-06 17:36:30 - [TEST_STEP][PASSED] - verifyMatch("iahmed@govolution.com", email, false): Actual text 'iahmed@govolution.com' and expected text 'iahmed@govolution.com' are matched 

2024-02-06 17:36:30 - [MESSAGE][PASSED] - Actual text 'iahmed@govolution.com' and expected text 'iahmed@govolution.com' are matched 

2024-02-06 17:36:30 - [TEST_STEP][PASSED] - amount = getAttribute(findTestObject("Object Repository/RAD_Pages/PaymentEntry_Page/input_amount"), "value"): Attribute 'value' of object 'Object Repository/RAD_Pages/PaymentEntry_Page/input_amount' is: '10.00'

2024-02-06 17:36:30 - [MESSAGE][PASSED] - Attribute 'value' of object 'Object Repository/RAD_Pages/PaymentEntry_Page/input_amount' is: '10.00'

2024-02-06 17:36:30 - [TEST_STEP][PASSED] - verifyMatch("10.00", amount, false): Actual text '10.00' and expected text '10.00' are matched 

2024-02-06 17:36:30 - [MESSAGE][PASSED] - Actual text '10.00' and expected text '10.00' are matched 

2024-02-06 17:36:30 - [TEST_STEP][PASSED] - amountReadOnly = getAttribute(findTestObject("Object Repository/RAD_Pages/PaymentEntry_Page/input_amount"), "readonly"): Attribute 'readonly' of object 'Object Repository/RAD_Pages/PaymentEntry_Page/input_amount' is: 'true'

2024-02-06 17:36:31 - [MESSAGE][PASSED] - Attribute 'readonly' of object 'Object Repository/RAD_Pages/PaymentEntry_Page/input_amount' is: 'true'

2024-02-06 17:36:31 - [TEST_STEP][PASSED] - verifyMatch("true", amountReadOnly, false): Actual text 'true' and expected text 'true' are matched 

2024-02-06 17:36:31 - [MESSAGE][PASSED] - Actual text 'true' and expected text 'true' are matched 

2024-02-06 17:36:31 - [TEST_STEP][PASSED] - verifyOptionSelectedByLabel(findTestObject("Object Repository/RAD_Pages/PaymentEntry_Page/select_Country"), "United States", false, 20): All options with label 'United States' are selected in object 'Object Repository/RAD_Pages/PaymentEntry_Page/select_Country' 

2024-02-06 17:36:32 - [MESSAGE][PASSED] - All options with label 'United States' are selected in object 'Object Repository/RAD_Pages/PaymentEntry_Page/select_Country' 

2024-02-06 17:36:32 - [TEST_STEP][PASSED] - verifyOptionSelectedByLabel(findTestObject("Object Repository/RAD_Pages/PaymentEntry_Page/select_State"), "Maryland", false, 20): All options with label 'Maryland' are selected in object 'Object Repository/RAD_Pages/PaymentEntry_Page/select_State' 

2024-02-06 17:36:34 - [MESSAGE][PASSED] - All options with label 'Maryland' are selected in object 'Object Repository/RAD_Pages/PaymentEntry_Page/select_State' 

2024-02-06 17:36:34 - [TEST_STEP][PASSED] - setText(findTestObject(orPath_PaymentEntry + "/input__cardNumber"), "4111111111111111"): Text '4111111111111111' is set on object 'Object Repository/RAD_Pages/PaymentEntry_Page/input__cardNumber'

2024-02-06 17:36:35 - [MESSAGE][PASSED] - Text '4111111111111111' is set on object 'Object Repository/RAD_Pages/PaymentEntry_Page/input__cardNumber'

2024-02-06 17:36:35 - [TEST_STEP][PASSED] - setText(findTestObject(orPath_PaymentEntry + "/input__spc"), "123"): Text '123' is set on object 'Object Repository/RAD_Pages/PaymentEntry_Page/input__spc'

2024-02-06 17:36:36 - [MESSAGE][PASSED] - Text '123' is set on object 'Object Repository/RAD_Pages/PaymentEntry_Page/input__spc'

2024-02-06 17:36:36 - [TEST_STEP][PASSED] - selectOptionByLabel(findTestObject(orPath_PaymentEntry + "/select_MM"), "12", false): All options with label '12' are selected in object 'Object Repository/RAD_Pages/PaymentEntry_Page/select_MM' 

2024-02-06 17:36:36 - [MESSAGE][PASSED] - All options with label '12' are selected in object 'Object Repository/RAD_Pages/PaymentEntry_Page/select_MM' 

2024-02-06 17:36:36 - [TEST_STEP][PASSED] - selectOptionByLabel(findTestObject(orPath_PaymentEntry + "/select_YYYY"), "2028", false): All options with label '2028' are selected in object 'Object Repository/RAD_Pages/PaymentEntry_Page/select_YYYY' 

2024-02-06 17:36:37 - [MESSAGE][PASSED] - All options with label '2028' are selected in object 'Object Repository/RAD_Pages/PaymentEntry_Page/select_YYYY' 

2024-02-06 17:36:37 - [TEST_STEP][PASSED] - click(findTestObject(orPath_PaymentEntry + "/input_Field_ccSubmit")): Object: 'Object Repository/RAD_Pages/PaymentEntry_Page/input_Field_ccSubmit' is clicked on

2024-02-06 17:36:38 - [MESSAGE][PASSED] - Object: 'Object Repository/RAD_Pages/PaymentEntry_Page/input_Field_ccSubmit' is clicked on

2024-02-06 17:36:38 - [TEST_STEP][PASSED] - click(findTestObject(orPath_PaymentConfirmation + "/input_N_confirmNotifyAction")): Object: 'Object Repository/RAD_Pages/PaymentConfirmation_Page/input_N_confirmNotifyAction' is clicked on

2024-02-06 17:36:39 - [MESSAGE][PASSED] - Object: 'Object Repository/RAD_Pages/PaymentConfirmation_Page/input_N_confirmNotifyAction' is clicked on

2024-02-06 17:36:39 - [TEST_STEP][PASSED] - verifyTextPresent("Service Fee Acceptance", true): Text 'Service Fee Acceptance' is present on page  using regular expression

2024-02-06 17:36:39 - [MESSAGE][PASSED] - Text 'Service Fee Acceptance' is present on page  using regular expression

2024-02-06 17:36:39 - [TEST_STEP][PASSED] - verifyTextPresent("This transaction is subject to a Service Fee of ", true): Text 'This transaction is subject to a Service Fee of ' is present on page  using regular expression

2024-02-06 17:36:40 - [MESSAGE][PASSED] - Text 'This transaction is subject to a Service Fee of ' is present on page  using regular expression

2024-02-06 17:36:40 - [TEST_STEP][PASSED] - verifyTextPresent("Payment Amount:", true): Text 'Payment Amount:' is present on page  using regular expression

2024-02-06 17:36:40 - [MESSAGE][PASSED] - Text 'Payment Amount:' is present on page  using regular expression

2024-02-06 17:36:40 - [TEST_STEP][PASSED] - verifyTextPresent("10.00", true): Text '10.00' is present on page  using regular expression

2024-02-06 17:36:40 - [MESSAGE][PASSED] - Text '10.00' is present on page  using regular expression

2024-02-06 17:36:40 - [TEST_STEP][PASSED] - verifyTextPresent("Service Fee:", true): Text 'Service Fee:' is present on page  using regular expression

2024-02-06 17:36:41 - [MESSAGE][PASSED] - Text 'Service Fee:' is present on page  using regular expression

2024-02-06 17:36:41 - [TEST_STEP][PASSED] - verifyTextPresent("1.00", true): Text '1.00' is present on page  using regular expression

2024-02-06 17:36:41 - [MESSAGE][PASSED] - Text '1.00' is present on page  using regular expression

2024-02-06 17:36:41 - [TEST_STEP][PASSED] - verifyTextPresent("Total Amount:", true): Text 'Total Amount:' is present on page  using regular expression

2024-02-06 17:36:42 - [MESSAGE][PASSED] - Text 'Total Amount:' is present on page  using regular expression

2024-02-06 17:36:42 - [TEST_STEP][PASSED] - verifyTextPresent("11.00", true): Text '11.00' is present on page  using regular expression

2024-02-06 17:36:42 - [MESSAGE][PASSED] - Text '11.00' is present on page  using regular expression

2024-02-06 17:36:42 - [TEST_STEP][PASSED] - verifyTextPresent("Two transactions will appear on your bank statement, one in the amount of", true): Text 'Two transactions will appear on your bank statement, one in the amount of' is present on page  using regular expression

2024-02-06 17:36:42 - [MESSAGE][PASSED] - Text 'Two transactions will appear on your bank statement, one in the amount of' is present on page  using regular expression

2024-02-06 17:36:42 - [TEST_STEP][PASSED] - if (verifyElementPresent(findTestObject(orPath_ServiceFeesAccept + "/input_convFeeNotifyAction"), 30)): null

2024-02-06 17:36:42 - [MESSAGE][PASSED] - Object 'Object Repository/RAD_Pages/ServiceFeeAccept_Page/input_convFeeNotifyAction' is present

2024-02-06 17:36:42 - [TEST_STEP][PASSED] - resText = "Pass": null

2024-02-06 17:36:42 - [TEST_STEP][PASSED] - pages.WriteExcel.demoKey(resText, datText, resColumn, datCloumn, fileLoc, nameSheet, row): pages.WriteExcel.demoKey is PASSED

2024-02-06 17:36:43 - [MESSAGE][PASSED] - pages.WriteExcel.demoKey is PASSED

2024-02-06 17:36:43 - [TEST_STEP][PASSED] - if (execProfile == "QAProfile" || execProfile == "QA2Profile"): Text 'Successful Payment Receipt' is present on page  using regular expression

2024-02-06 17:36:43 - [TEST_STEP][PASSED] - click(findTestObject(orPath_ServiceFeesAccept + "/input_convFeeNotifyAction")): Object: 'Object Repository/RAD_Pages/ServiceFeeAccept_Page/input_convFeeNotifyAction' is clicked on

2024-02-06 17:36:43 - [MESSAGE][PASSED] - Object: 'Object Repository/RAD_Pages/ServiceFeeAccept_Page/input_convFeeNotifyAction' is clicked on

2024-02-06 17:36:43 - [TEST_STEP][PASSED] - delay(10): Delayed 10 second(s)

2024-02-06 17:36:53 - [MESSAGE][PASSED] - Delayed 10 second(s)

2024-02-06 17:36:53 - [TEST_STEP][PASSED] - verifyTextPresent("Successful Payment Receipt", true): Text 'Successful Payment Receipt' is present on page  using regular expression

2024-02-06 17:36:54 - [MESSAGE][PASSED] - Text 'Successful Payment Receipt' is present on page  using regular expression

2024-02-06 17:36:54 - [TEST_STEP][PASSED] - ExecuteTC = findTestData(dataFile).getValue("Execute", row): null

2024-02-06 17:36:54 - [TEST_STEP][PASSED] - TaxType = findTestData(dataFile).getValue("TaxType", row): null

2024-02-06 17:36:54 - [TEST_STEP][PASSED] - PaymentType = findTestData(dataFile).getValue("PaymentType", row): null

2024-02-06 17:36:54 - [TEST_STEP][PASSED] - FilingYear = findTestData(dataFile).getValue("Year", row): null

2024-02-06 17:36:54 - [TEST_STEP][PASSED] - if (ExecuteTC.equalsIgnoreCase("Y")): null

2024-02-06 17:36:54 - [TEST_STEP][PASSED] - out.println("Begin Record Number: " + row): null

2024-02-06 17:36:54 - [TEST_STEP][PASSED] - today = new java.util.Date(): null

2024-02-06 17:36:54 - [TEST_STEP][PASSED] - println(today): null

2024-02-06 17:36:54 - [TEST_STEP][PASSED] - datText = today: null

2024-02-06 17:36:54 - [TEST_STEP][PASSED] - logInfo("Payment Type: " + PaymentType): Payment Type: New Tax Return Amount Due

2024-02-06 17:36:54 - [MESSAGE][INFO] - Payment Type: New Tax Return Amount Due

2024-02-06 17:36:54 - [TEST_STEP][PASSED] - logInfo("Tax Type: " + TaxType): Tax Type: Personal Income Tax

2024-02-06 17:36:54 - [MESSAGE][INFO] - Tax Type: Personal Income Tax

2024-02-06 17:36:54 - [TEST_STEP][PASSED] - openBrowser(""): Browser is opened with url: ''

2024-02-06 17:36:54 - [MESSAGE][WARNING] - A browser is already opened. Closing browser and opening a new one

2024-02-06 17:36:55 - [MESSAGE][INFO] - Starting 'Chrome' driver

2024-02-06 17:36:55 - [MESSAGE][INFO] - User set preference: ['acceptInsecureCerts', 'true']

2024-02-06 17:36:55 - [MESSAGE][INFO] - Action delay is set to 0 milliseconds

2024-02-06 17:36:56 - [MESSAGE][PASSED] - Browser is opened with url: ''

2024-02-06 17:36:56 - [TEST_STEP][PASSED] - maximizeWindow(): Current window maximized

2024-02-06 17:36:57 - [MESSAGE][PASSED] - Current window maximized

2024-02-06 17:36:57 - [TEST_STEP][PASSED] - navigateToUrl(RADurl): Navigate to 'https://qa2.velocitypayment.com/client/rad/index.html' successfully

2024-02-06 17:36:59 - [MESSAGE][PASSED] - Navigate to 'https://qa2.velocitypayment.com/client/rad/index.html' successfully

2024-02-06 17:36:59 - [TEST_STEP][PASSED] - selectOptionByLabel(findTestObject(orPath_Landing + "/dd_TaxType"), PaymentType, false): All options with label 'New Tax Return Amount Due' are selected in object 'Object Repository/RAD_Pages/Landing_Page/dd_TaxType' 

2024-02-06 17:36:59 - [MESSAGE][PASSED] - All options with label 'New Tax Return Amount Due' are selected in object 'Object Repository/RAD_Pages/Landing_Page/dd_TaxType' 

2024-02-06 17:36:59 - [TEST_STEP][PASSED] - switch (PaymentType): null

2024-02-06 17:36:59 - [TEST_STEP][PASSED] - case "New Tax Return Amount Due":: null

2024-02-06 17:36:59 - [TEST_STEP][PASSED] - selectOptionByLabel(findTestObject("Object Repository/RAD_Pages/Landing_Page/select_NewTaxReturnAmountDue_TaxType"), TaxType, false): All options with label 'Personal Income Tax' are selected in object 'Object Repository/RAD_Pages/Landing_Page/select_NewTaxReturnAmountDue_TaxType' 

2024-02-06 17:37:00 - [MESSAGE][PASSED] - All options with label 'Personal Income Tax' are selected in object 'Object Repository/RAD_Pages/Landing_Page/select_NewTaxReturnAmountDue_TaxType' 

2024-02-06 17:37:00 - [TEST_STEP][PASSED] - break: null

2024-02-06 17:37:00 - [TEST_STEP][PASSED] - if (!(FilingYear.isEmpty())): All options with label '2021' are selected in object 'Object Repository/RAD_Pages/TaxTypeFilingYear_Page/select_FilingYear' 

2024-02-06 17:37:00 - [TEST_STEP][PASSED] - selectOptionByLabel(findTestObject(orPath_TaxTypeFilingYear + "/select_FilingYear"), FilingYear, false): All options with label '2021' are selected in object 'Object Repository/RAD_Pages/TaxTypeFilingYear_Page/select_FilingYear' 

2024-02-06 17:37:01 - [MESSAGE][PASSED] - All options with label '2021' are selected in object 'Object Repository/RAD_Pages/TaxTypeFilingYear_Page/select_FilingYear' 

2024-02-06 17:37:01 - [TEST_STEP][PASSED] - rad.getSetDataRAD.setDataRADssnAndName(): rad.getSetDataRAD.setDataRADssnAndName is PASSED

2024-02-06 17:37:02 - [MESSAGE][PASSED] - Text 'Jimmy' is set on object 'Object Repository/RAD_Pages/Taxpayer_Page/input_firstName'

2024-02-06 17:37:03 - [MESSAGE][PASSED] - Text 'Anderson' is set on object 'Object Repository/RAD_Pages/Taxpayer_Page/input_lastName'

2024-02-06 17:37:03 - [MESSAGE][PASSED] - Text '123451234' is set on object 'Object Repository/RAD_RecordAndPlay/input_concatSSN'

2024-02-06 17:37:04 - [MESSAGE][PASSED] - Text '123451234' is set on object 'Object Repository/RAD_RecordAndPlay/input_concatReSSN'

2024-02-06 17:37:04 - [MESSAGE][PASSED] - rad.getSetDataRAD.setDataRADssnAndName is PASSED

2024-02-06 17:37:04 - [TEST_STEP][PASSED] - rad.getSetDataRAD.setDataRADAddress(): rad.getSetDataRAD.setDataRADAddress is PASSED

2024-02-06 17:37:05 - [MESSAGE][PASSED] - All options with label 'United States' are selected in object 'Object Repository/RAD_Pages/AddressAndContactInfo_Page/select_Country' 

2024-02-06 17:37:06 - [MESSAGE][PASSED] - Text '2508 Mandan Terrace' is set on object 'Object Repository/RAD_Pages/AddressAndContactInfo_Page/input_streetAddress1'

2024-02-06 17:37:06 - [MESSAGE][PASSED] - Text '' is set on object 'Object Repository/RAD_Pages/AddressAndContactInfo_Page/input_streetAddress2'

2024-02-06 17:37:07 - [MESSAGE][PASSED] - Text 'Gambrills' is set on object 'Object Repository/RAD_Pages/AddressAndContactInfo_Page/input_city'

2024-02-06 17:37:08 - [MESSAGE][PASSED] - All options with label 'Maryland' are selected in object 'Object Repository/RAD_Pages/AddressAndContactInfo_Page/select_State' 

2024-02-06 17:37:09 - [MESSAGE][PASSED] - Text '21054' is set on object 'Object Repository/RAD_Pages/AddressAndContactInfo_Page/input_zipCode'

2024-02-06 17:37:10 - [MESSAGE][PASSED] - Text '(703) 894-5000' is set on object 'Object Repository/RAD_Pages/AddressAndContactInfo_Page/input_phoneNumber'

2024-02-06 17:37:11 - [MESSAGE][PASSED] - Text 'iahmed@govolution.com' is set on object 'Object Repository/RAD_Pages/AddressAndContactInfo_Page/input_eMailAddress'

2024-02-06 17:37:11 - [MESSAGE][PASSED] - Text 'iahmed@govolution.com' is set on object 'Object Repository/RAD_Pages/AddressAndContactInfo_Page/input_reEnterEMailAddress'

2024-02-06 17:37:11 - [MESSAGE][PASSED] - rad.getSetDataRAD.setDataRADAddress is PASSED

2024-02-06 17:37:11 - [TEST_STEP][PASSED] - scrollToElement(findTestObject(orPath_Landing + "/button_Continue"), 3): Scroll to object 'Object Repository/RAD_Pages/Landing_Page/button_Continue' successfully

2024-02-06 17:37:12 - [MESSAGE][PASSED] - Scroll to object 'Object Repository/RAD_Pages/Landing_Page/button_Continue' successfully

2024-02-06 17:37:12 - [TEST_STEP][PASSED] - waitForElementClickable(findTestObject(orPath_FilingStatus + "/input_JointFiling_userType_New"), 5): Object 'Object Repository/RAD_Pages/FilingStatus_Page/input_JointFiling_userType_New' is clickable

2024-02-06 17:37:12 - [MESSAGE][PASSED] - Object 'Object Repository/RAD_Pages/FilingStatus_Page/input_JointFiling_userType_New' is clickable

2024-02-06 17:37:12 - [TEST_STEP][PASSED] - check(findTestObject(orPath_FilingStatus + "/input_JointFiling_userType_New")): Object 'Object Repository/RAD_Pages/FilingStatus_Page/input_JointFiling_userType_New' is checked

2024-02-06 17:37:13 - [MESSAGE][PASSED] - Object 'Object Repository/RAD_Pages/FilingStatus_Page/input_JointFiling_userType_New' is checked

2024-02-06 17:37:13 - [TEST_STEP][PASSED] - delay(2): Delayed 2 second(s)

2024-02-06 17:37:15 - [MESSAGE][PASSED] - Delayed 2 second(s)

2024-02-06 17:37:15 - [TEST_STEP][PASSED] - rad.getSetDataRAD.setDataRADssnAndNameJointFiler(): rad.getSetDataRAD.setDataRADssnAndNameJointFiler is PASSED

2024-02-06 17:37:16 - [MESSAGE][PASSED] - Text 'Larsons' is set on object 'Object Repository/RAD_Pages/FilingStatus_Page/input_jointFirstName'

2024-02-06 17:37:16 - [MESSAGE][PASSED] - Text 'Bell' is set on object 'Object Repository/RAD_Pages/FilingStatus_Page/input_jointLastName'

2024-02-06 17:37:17 - [MESSAGE][PASSED] - Text '123459630' is set on object 'Object Repository/RAD_RecordAndPlay/input_JointFilerSSN'

2024-02-06 17:37:18 - [MESSAGE][PASSED] - Text '123459630' is set on object 'Object Repository/RAD_RecordAndPlay/input_reTypeJointFilerSSN'

2024-02-06 17:37:18 - [MESSAGE][PASSED] - rad.getSetDataRAD.setDataRADssnAndNameJointFiler is PASSED

2024-02-06 17:37:18 - [TEST_STEP][PASSED] - setText(findTestObject(orPath_Amount + "/input__paymentAmount"), "10.00"): Text '10.00' is set on object 'Object Repository/RAD_Pages/PaymentAmount_Page/input__paymentAmount'

2024-02-06 17:37:19 - [MESSAGE][PASSED] - Text '10.00' is set on object 'Object Repository/RAD_Pages/PaymentAmount_Page/input__paymentAmount'

2024-02-06 17:37:19 - [TEST_STEP][PASSED] - setText(findTestObject(orPath_AddressContact + "/input_streetAddress2"), ""): Text '' is set on object 'Object Repository/RAD_Pages/AddressAndContactInfo_Page/input_streetAddress2'

2024-02-06 17:37:19 - [MESSAGE][PASSED] - Text '' is set on object 'Object Repository/RAD_Pages/AddressAndContactInfo_Page/input_streetAddress2'

2024-02-06 17:37:19 - [TEST_STEP][PASSED] - scrollToElement(findTestObject(orPath_Landing + "/button_Continue"), 3): Scroll to object 'Object Repository/RAD_Pages/Landing_Page/button_Continue' successfully

2024-02-06 17:37:20 - [MESSAGE][PASSED] - Scroll to object 'Object Repository/RAD_Pages/Landing_Page/button_Continue' successfully

2024-02-06 17:37:20 - [TEST_STEP][PASSED] - waitForElementClickable(findTestObject(orPath_Landing + "/button_Continue"), 5): Object 'Object Repository/RAD_Pages/Landing_Page/button_Continue' is clickable

2024-02-06 17:37:20 - [MESSAGE][PASSED] - Object 'Object Repository/RAD_Pages/Landing_Page/button_Continue' is clickable

2024-02-06 17:37:20 - [TEST_STEP][PASSED] - click(findTestObject(orPath_Landing + "/button_Continue")): Object: 'Object Repository/RAD_Pages/Landing_Page/button_Continue' is clicked on

2024-02-06 17:37:21 - [MESSAGE][PASSED] - Object: 'Object Repository/RAD_Pages/Landing_Page/button_Continue' is clicked on

2024-02-06 17:37:21 - [TEST_STEP][PASSED] - delay(2): Delayed 2 second(s)

2024-02-06 17:37:23 - [MESSAGE][PASSED] - Delayed 2 second(s)

2024-02-06 17:37:23 - [TEST_STEP][PASSED] - click(findTestObject(orPath_Summary + "/button_Proceed to Payment")): Object: 'Object Repository/RAD_Pages/Summary_Page/button_Proceed to Payment' is clicked on

2024-02-06 17:37:24 - [MESSAGE][PASSED] - Object: 'Object Repository/RAD_Pages/Summary_Page/button_Proceed to Payment' is clicked on

2024-02-06 17:37:24 - [TEST_STEP][PASSED] - if (verifyElementPresent(findTestObject("Object Repository/RAD_Pages/PaymentEntry_Page/input__billingName"), 30)): null

2024-02-06 17:37:25 - [MESSAGE][PASSED] - Object 'Object Repository/RAD_Pages/PaymentEntry_Page/input__billingName' is present

2024-02-06 17:37:25 - [TEST_STEP][PASSED] - verifyTextPresent("Comptroller of Maryland", true): Text 'Comptroller of Maryland' is present on page  using regular expression

2024-02-06 17:37:25 - [MESSAGE][PASSED] - Text 'Comptroller of Maryland' is present on page  using regular expression

2024-02-06 17:37:25 - [TEST_STEP][PASSED] - verifyTextPresent("Payment Information", true): Text 'Payment Information' is present on page  using regular expression

2024-02-06 17:37:25 - [MESSAGE][PASSED] - Text 'Payment Information' is present on page  using regular expression

2024-02-06 17:37:25 - [TEST_STEP][PASSED] - card_Name = getAttribute(findTestObject("Object Repository/RAD_Pages/PaymentEntry_Page/input__billingName"), "value"): Attribute 'value' of object 'Object Repository/RAD_Pages/PaymentEntry_Page/input__billingName' is: 'Jimmy Anderson'

2024-02-06 17:37:26 - [MESSAGE][PASSED] - Attribute 'value' of object 'Object Repository/RAD_Pages/PaymentEntry_Page/input__billingName' is: 'Jimmy Anderson'

2024-02-06 17:37:26 - [TEST_STEP][PASSED] - switch (executionProfile): null

2024-02-06 17:37:26 - [TEST_STEP][PASSED] - case "QA2Profile":: null

2024-02-06 17:37:26 - [TEST_STEP][PASSED] - verifyMatch("Jimmy Anderson", card_Name, false): Actual text 'Jimmy Anderson' and expected text 'Jimmy Anderson' are matched 

2024-02-06 17:37:26 - [MESSAGE][PASSED] - Actual text 'Jimmy Anderson' and expected text 'Jimmy Anderson' are matched 

2024-02-06 17:37:26 - [TEST_STEP][PASSED] - break: null

2024-02-06 17:37:26 - [TEST_STEP][PASSED] - AL1 = getAttribute(findTestObject("Object Repository/RAD_Pages/PaymentEntry_Page/input_billingAddress"), "value"): Attribute 'value' of object 'Object Repository/RAD_Pages/PaymentEntry_Page/input_billingAddress' is: '2508 Mandan Terrace'

2024-02-06 17:37:26 - [MESSAGE][PASSED] - Attribute 'value' of object 'Object Repository/RAD_Pages/PaymentEntry_Page/input_billingAddress' is: '2508 Mandan Terrace'

2024-02-06 17:37:26 - [TEST_STEP][PASSED] - verifyMatch("2508 Mandan Terrace", AL1, false): Actual text '2508 Mandan Terrace' and expected text '2508 Mandan Terrace' are matched 

2024-02-06 17:37:26 - [MESSAGE][PASSED] - Actual text '2508 Mandan Terrace' and expected text '2508 Mandan Terrace' are matched 

2024-02-06 17:37:26 - [TEST_STEP][PASSED] - AL2 = getAttribute(findTestObject("Object Repository/RAD_Pages/PaymentEntry_Page/input_billingAddress2"), "value"): Attribute 'value' of object 'Object Repository/RAD_Pages/PaymentEntry_Page/input_billingAddress2' is: ''

2024-02-06 17:37:26 - [MESSAGE][PASSED] - Attribute 'value' of object 'Object Repository/RAD_Pages/PaymentEntry_Page/input_billingAddress2' is: ''

2024-02-06 17:37:26 - [TEST_STEP][PASSED] - verifyMatch("", AL2, false): Actual text '' and expected text '' are matched 

2024-02-06 17:37:26 - [MESSAGE][PASSED] - Actual text '' and expected text '' are matched 

2024-02-06 17:37:26 - [TEST_STEP][PASSED] - zipCode = getAttribute(findTestObject("Object Repository/RAD_Pages/PaymentEntry_Page/input_billingZip"), "value"): Attribute 'value' of object 'Object Repository/RAD_Pages/PaymentEntry_Page/input_billingZip' is: '21054'

2024-02-06 17:37:27 - [MESSAGE][PASSED] - Attribute 'value' of object 'Object Repository/RAD_Pages/PaymentEntry_Page/input_billingZip' is: '21054'

2024-02-06 17:37:27 - [TEST_STEP][PASSED] - verifyMatch("21054", zipCode, false): Actual text '21054' and expected text '21054' are matched 

2024-02-06 17:37:27 - [MESSAGE][PASSED] - Actual text '21054' and expected text '21054' are matched 

2024-02-06 17:37:27 - [TEST_STEP][PASSED] - city = getAttribute(findTestObject("Object Repository/RAD_Pages/PaymentEntry_Page/input_billingCity"), "value"): Attribute 'value' of object 'Object Repository/RAD_Pages/PaymentEntry_Page/input_billingCity' is: 'GAMBRILLS'

2024-02-06 17:37:27 - [MESSAGE][PASSED] - Attribute 'value' of object 'Object Repository/RAD_Pages/PaymentEntry_Page/input_billingCity' is: 'GAMBRILLS'

2024-02-06 17:37:27 - [TEST_STEP][PASSED] - verifyMatch("GAMBRILLS", city, false): Actual text 'GAMBRILLS' and expected text 'GAMBRILLS' are matched 

2024-02-06 17:37:27 - [MESSAGE][PASSED] - Actual text 'GAMBRILLS' and expected text 'GAMBRILLS' are matched 

2024-02-06 17:37:27 - [TEST_STEP][PASSED] - email = getAttribute(findTestObject("Object Repository/RAD_Pages/PaymentEntry_Page/input_emailAddress"), "value"): Attribute 'value' of object 'Object Repository/RAD_Pages/PaymentEntry_Page/input_emailAddress' is: 'iahmed@govolution.com'

2024-02-06 17:37:27 - [MESSAGE][PASSED] - Attribute 'value' of object 'Object Repository/RAD_Pages/PaymentEntry_Page/input_emailAddress' is: 'iahmed@govolution.com'

2024-02-06 17:37:27 - [TEST_STEP][PASSED] - verifyMatch("iahmed@govolution.com", email, false): Actual text 'iahmed@govolution.com' and expected text 'iahmed@govolution.com' are matched 

2024-02-06 17:37:27 - [MESSAGE][PASSED] - Actual text 'iahmed@govolution.com' and expected text 'iahmed@govolution.com' are matched 

2024-02-06 17:37:27 - [TEST_STEP][PASSED] - amount = getAttribute(findTestObject("Object Repository/RAD_Pages/PaymentEntry_Page/input_amount"), "value"): Attribute 'value' of object 'Object Repository/RAD_Pages/PaymentEntry_Page/input_amount' is: '10.00'

2024-02-06 17:37:28 - [MESSAGE][PASSED] - Attribute 'value' of object 'Object Repository/RAD_Pages/PaymentEntry_Page/input_amount' is: '10.00'

2024-02-06 17:37:28 - [TEST_STEP][PASSED] - verifyMatch("10.00", amount, false): Actual text '10.00' and expected text '10.00' are matched 

2024-02-06 17:37:28 - [MESSAGE][PASSED] - Actual text '10.00' and expected text '10.00' are matched 

2024-02-06 17:37:28 - [TEST_STEP][PASSED] - amountReadOnly = getAttribute(findTestObject("Object Repository/RAD_Pages/PaymentEntry_Page/input_amount"), "readonly"): Attribute 'readonly' of object 'Object Repository/RAD_Pages/PaymentEntry_Page/input_amount' is: 'true'

2024-02-06 17:37:28 - [MESSAGE][PASSED] - Attribute 'readonly' of object 'Object Repository/RAD_Pages/PaymentEntry_Page/input_amount' is: 'true'

2024-02-06 17:37:28 - [TEST_STEP][PASSED] - verifyMatch("true", amountReadOnly, false): Actual text 'true' and expected text 'true' are matched 

2024-02-06 17:37:28 - [MESSAGE][PASSED] - Actual text 'true' and expected text 'true' are matched 

2024-02-06 17:37:28 - [TEST_STEP][PASSED] - verifyOptionSelectedByLabel(findTestObject("Object Repository/RAD_Pages/PaymentEntry_Page/select_Country"), "United States", false, 20): All options with label 'United States' are selected in object 'Object Repository/RAD_Pages/PaymentEntry_Page/select_Country' 

2024-02-06 17:37:29 - [MESSAGE][PASSED] - All options with label 'United States' are selected in object 'Object Repository/RAD_Pages/PaymentEntry_Page/select_Country' 

2024-02-06 17:37:29 - [TEST_STEP][PASSED] - verifyOptionSelectedByLabel(findTestObject("Object Repository/RAD_Pages/PaymentEntry_Page/select_State"), "Maryland", false, 20): All options with label 'Maryland' are selected in object 'Object Repository/RAD_Pages/PaymentEntry_Page/select_State' 

2024-02-06 17:37:32 - [MESSAGE][PASSED] - All options with label 'Maryland' are selected in object 'Object Repository/RAD_Pages/PaymentEntry_Page/select_State' 

2024-02-06 17:37:32 - [TEST_STEP][PASSED] - setText(findTestObject(orPath_PaymentEntry + "/input__cardNumber"), "4111111111111111"): Text '4111111111111111' is set on object 'Object Repository/RAD_Pages/PaymentEntry_Page/input__cardNumber'

2024-02-06 17:37:33 - [MESSAGE][PASSED] - Text '4111111111111111' is set on object 'Object Repository/RAD_Pages/PaymentEntry_Page/input__cardNumber'

2024-02-06 17:37:33 - [TEST_STEP][PASSED] - setText(findTestObject(orPath_PaymentEntry + "/input__spc"), "123"): Text '123' is set on object 'Object Repository/RAD_Pages/PaymentEntry_Page/input__spc'

2024-02-06 17:37:33 - [MESSAGE][PASSED] - Text '123' is set on object 'Object Repository/RAD_Pages/PaymentEntry_Page/input__spc'

2024-02-06 17:37:33 - [TEST_STEP][PASSED] - selectOptionByLabel(findTestObject(orPath_PaymentEntry + "/select_MM"), "12", false): All options with label '12' are selected in object 'Object Repository/RAD_Pages/PaymentEntry_Page/select_MM' 

2024-02-06 17:37:34 - [MESSAGE][PASSED] - All options with label '12' are selected in object 'Object Repository/RAD_Pages/PaymentEntry_Page/select_MM' 

2024-02-06 17:37:34 - [TEST_STEP][PASSED] - selectOptionByLabel(findTestObject(orPath_PaymentEntry + "/select_YYYY"), "2028", false): All options with label '2028' are selected in object 'Object Repository/RAD_Pages/PaymentEntry_Page/select_YYYY' 

2024-02-06 17:37:35 - [MESSAGE][PASSED] - All options with label '2028' are selected in object 'Object Repository/RAD_Pages/PaymentEntry_Page/select_YYYY' 

2024-02-06 17:37:35 - [TEST_STEP][PASSED] - click(findTestObject(orPath_PaymentEntry + "/input_Field_ccSubmit")): Object: 'Object Repository/RAD_Pages/PaymentEntry_Page/input_Field_ccSubmit' is clicked on

2024-02-06 17:37:36 - [MESSAGE][PASSED] - Object: 'Object Repository/RAD_Pages/PaymentEntry_Page/input_Field_ccSubmit' is clicked on

2024-02-06 17:37:36 - [TEST_STEP][PASSED] - click(findTestObject(orPath_PaymentConfirmation + "/input_N_confirmNotifyAction")): Object: 'Object Repository/RAD_Pages/PaymentConfirmation_Page/input_N_confirmNotifyAction' is clicked on

2024-02-06 17:37:37 - [MESSAGE][PASSED] - Object: 'Object Repository/RAD_Pages/PaymentConfirmation_Page/input_N_confirmNotifyAction' is clicked on

2024-02-06 17:37:37 - [TEST_STEP][PASSED] - verifyTextPresent("Service Fee Acceptance", true): Text 'Service Fee Acceptance' is present on page  using regular expression

2024-02-06 17:37:37 - [MESSAGE][PASSED] - Text 'Service Fee Acceptance' is present on page  using regular expression

2024-02-06 17:37:37 - [TEST_STEP][PASSED] - verifyTextPresent("This transaction is subject to a Service Fee of ", true): Text 'This transaction is subject to a Service Fee of ' is present on page  using regular expression

2024-02-06 17:37:38 - [MESSAGE][PASSED] - Text 'This transaction is subject to a Service Fee of ' is present on page  using regular expression

2024-02-06 17:37:38 - [TEST_STEP][PASSED] - verifyTextPresent("Payment Amount:", true): Text 'Payment Amount:' is present on page  using regular expression

2024-02-06 17:37:38 - [MESSAGE][PASSED] - Text 'Payment Amount:' is present on page  using regular expression

2024-02-06 17:37:38 - [TEST_STEP][PASSED] - verifyTextPresent("10.00", true): Text '10.00' is present on page  using regular expression

2024-02-06 17:37:38 - [MESSAGE][PASSED] - Text '10.00' is present on page  using regular expression

2024-02-06 17:37:38 - [TEST_STEP][PASSED] - verifyTextPresent("Service Fee:", true): Text 'Service Fee:' is present on page  using regular expression

2024-02-06 17:37:38 - [MESSAGE][PASSED] - Text 'Service Fee:' is present on page  using regular expression

2024-02-06 17:37:38 - [TEST_STEP][PASSED] - verifyTextPresent("1.00", true): Text '1.00' is present on page  using regular expression

2024-02-06 17:37:39 - [MESSAGE][PASSED] - Text '1.00' is present on page  using regular expression

2024-02-06 17:37:39 - [TEST_STEP][PASSED] - verifyTextPresent("Total Amount:", true): Text 'Total Amount:' is present on page  using regular expression

2024-02-06 17:37:39 - [MESSAGE][PASSED] - Text 'Total Amount:' is present on page  using regular expression

2024-02-06 17:37:39 - [TEST_STEP][PASSED] - verifyTextPresent("11.00", true): Text '11.00' is present on page  using regular expression

2024-02-06 17:37:39 - [MESSAGE][PASSED] - Text '11.00' is present on page  using regular expression

2024-02-06 17:37:39 - [TEST_STEP][PASSED] - verifyTextPresent("Two transactions will appear on your bank statement, one in the amount of", true): Text 'Two transactions will appear on your bank statement, one in the amount of' is present on page  using regular expression

2024-02-06 17:37:40 - [MESSAGE][PASSED] - Text 'Two transactions will appear on your bank statement, one in the amount of' is present on page  using regular expression

2024-02-06 17:37:40 - [TEST_STEP][PASSED] - if (verifyElementPresent(findTestObject(orPath_ServiceFeesAccept + "/input_convFeeNotifyAction"), 30)): null

2024-02-06 17:37:40 - [MESSAGE][PASSED] - Object 'Object Repository/RAD_Pages/ServiceFeeAccept_Page/input_convFeeNotifyAction' is present

2024-02-06 17:37:40 - [TEST_STEP][PASSED] - resText = "Pass": null

2024-02-06 17:37:40 - [TEST_STEP][PASSED] - pages.WriteExcel.demoKey(resText, datText, resColumn, datCloumn, fileLoc, nameSheet, row): pages.WriteExcel.demoKey is PASSED

2024-02-06 17:37:40 - [MESSAGE][PASSED] - pages.WriteExcel.demoKey is PASSED

2024-02-06 17:37:40 - [TEST_STEP][PASSED] - if (execProfile == "QAProfile" || execProfile == "QA2Profile"): Text 'Successful Payment Receipt' is present on page  using regular expression

2024-02-06 17:37:40 - [TEST_STEP][PASSED] - click(findTestObject(orPath_ServiceFeesAccept + "/input_convFeeNotifyAction")): Object: 'Object Repository/RAD_Pages/ServiceFeeAccept_Page/input_convFeeNotifyAction' is clicked on

2024-02-06 17:37:41 - [MESSAGE][PASSED] - Object: 'Object Repository/RAD_Pages/ServiceFeeAccept_Page/input_convFeeNotifyAction' is clicked on

2024-02-06 17:37:41 - [TEST_STEP][PASSED] - delay(10): Delayed 10 second(s)

2024-02-06 17:37:51 - [MESSAGE][PASSED] - Delayed 10 second(s)

2024-02-06 17:37:51 - [TEST_STEP][PASSED] - verifyTextPresent("Successful Payment Receipt", true): Text 'Successful Payment Receipt' is present on page  using regular expression

2024-02-06 17:37:51 - [MESSAGE][PASSED] - Text 'Successful Payment Receipt' is present on page  using regular expression]]></system-out>
         <system-err><![CDATA[]]></system-err>
      </testcase>
      <system-out><![CDATA[2024-02-06 16:19:44 - [TEST_SUITE][PASSED] - RAD_UI_TestSuite: Test Cases/RAD_TestCases/BeforePayments_TestCases/Personal_Joint_BeforePayments_TC]]></system-out>
      <system-err><![CDATA[]]></system-err>
   </testsuite>
</testsuites>
